LUA_PATH=/home/mdcallag/git/mytools/bench/sysbench.lua/lua/?.lua /home/mdcallag/git/mytools/bench/sysbench.lua/lua/sysbench --db-driver=pgsql --range-size=100 --table-size=10000000 --tables=8 --threads=40 --events=0 --warmup-time=5 --time=630 --pgsql_conn_id=true /home/mdcallag/git/mytools/bench/sysbench.lua/lua/oltp_range_covered.lua run --pgsql-user=root --pgsql-password=pw --pgsql-host=127.0.0.1 --pgsql-db=ib --rand-type=uniform --random-points=100 --skip-trx --covered=false
48 CPUs
sysbench 1.1.0-9072687 (using bundled LuaJIT 2.1.0-beta3)

Running the test with following options:
Number of threads: 40
Warmup time: 5s
Initializing random number generator from current time


Initializing worker threads...

explain: for range-notcovered :: explain SELECT id, c FROM sbtest%d WHERE id BETWEEN 7394054 AND 7394154
explain: for range-notcovered :: explain SELECT id, c FROM sbtest%d WHERE id BETWEEN 6777236 AND 6777336
explain: for range-notcovered :: explain SELECT id, c FROM sbtest%d WHERE id BETWEEN 6878534 AND 6878634
for range-notcovered
table 1 : explain SELECT id, c FROM sbtest1 WHERE id BETWEEN 7394054 AND 7394154
	Index Scan using sbtest1_pkey on sbtest1  (cost=0.43..357.27 rows=90 width=125)
	  Index Cond: ((id >= 7394054) AND (id <= 7394154))

table 2 : explain SELECT id, c FROM sbtest2 WHERE id BETWEEN 7394054 AND 7394154
	Index Scan using sbtest2_pkey on sbtest2  (cost=0.43..388.75 rows=98 width=125)
	  Index Cond: ((id >= 7394054) AND (id <= 7394154))

table 3 : explain SELECT id, c FROM sbtest3 WHERE id BETWEEN 7394054 AND 7394154
	Index Scan using sbtest3_pkey on sbtest3  (cost=0.43..367.84 rows=93 width=125)
	  Index Cond: ((id >= 7394054) AND (id <= 7394154))

table 4 : explain SELECT id, c FROM sbtest4 WHERE id BETWEEN 7394054 AND 7394154
	Index Scan using sbtest4_pkey on sbtest4  (cost=0.43..389.28 rows=99 width=125)
	  Index Cond: ((id >= 7394054) AND (id <= 7394154))

table 5 : explain SELECT id, c FROM sbtest5 WHERE id BETWEEN 7394054 AND 7394154
	Index Scan using sbtest5_pkey on sbtest5  (cost=0.43..430.94 rows=109 width=125)
	  Index Cond: ((id >= 7394054) AND (id <= 7394154))

table 6 : explain SELECT id, c FROM sbtest6 WHERE id BETWEEN 7394054 AND 7394154
	Index Scan using sbtest6_pkey on sbtest6  (cost=0.43..391.47 rows=99 width=125)
	  Index Cond: ((id >= 7394054) AND (id <= 7394154))

table 7 : explain SELECT id, c FROM sbtest7 WHERE id BETWEEN 7394054 AND 7394154
	Index Scan using sbtest7_pkey on sbtest7  (cost=0.43..394.43 rows=100 width=125)
	  Index Cond: ((id >= 7394054) AND (id <= 7394154))

table 8 : explain SELECT id, c FROM sbtest8 WHERE id BETWEEN 7394054 AND 7394154
	Index Scan using sbtest8_pkey on sbtest8  (cost=0.43..390.99 rows=99 width=125)
	  Index Cond: ((id >= 7394054) AND (id <= 7394154))

explain: for range-notcovered :: explain SELECT id, c FROM sbtest%d WHERE id BETWEEN 7394054 AND 7394154
explain: for range-notcovered :: explain SELECT id, c FROM sbtest%d WHERE id BETWEEN 2729408 AND 2729508
for range-notcovered
table 1 : explain SELECT id, c FROM sbtest1 WHERE id BETWEEN 7394054 AND 7394154
	Index Scan using sbtest1_pkey on sbtest1  (cost=0.43..357.27 rows=90 width=125)
	  Index Cond: ((id >= 7394054) AND (id <= 7394154))

table 2 : explain SELECT id, c FROM sbtest2 WHERE id BETWEEN 7394054 AND 7394154
	Index Scan using sbtest2_pkey on sbtest2  (cost=0.43..388.75 rows=98 width=125)
	  Index Cond: ((id >= 7394054) AND (id <= 7394154))

table 3 : explain SELECT id, c FROM sbtest3 WHERE id BETWEEN 7394054 AND 7394154
	Index Scan using sbtest3_pkey on sbtest3  (cost=0.43..367.84 rows=93 width=125)
	  Index Cond: ((id >= 7394054) AND (id <= 7394154))

table 4 : explain SELECT id, c FROM sbtest4 WHERE id BETWEEN 7394054 AND 7394154
	Index Scan using sbtest4_pkey on sbtest4  (cost=0.43..389.28 rows=99 width=125)
	  Index Cond: ((id >= 7394054) AND (id <= 7394154))

table 5 : explain SELECT id, c FROM sbtest5 WHERE id BETWEEN 7394054 AND 7394154
	Index Scan using sbtest5_pkey on sbtest5  (cost=0.43..430.94 rows=109 width=125)
	  Index Cond: ((id >= 7394054) AND (id <= 7394154))

table 6 : explain SELECT id, c FROM sbtest6 WHERE id BETWEEN 7394054 AND 7394154
	Index Scan using sbtest6_pkey on sbtest6  (cost=0.43..391.47 rows=99 width=125)
	  Index Cond: ((id >= 7394054) AND (id <= 7394154))

table 7 : explain SELECT id, c FROM sbtest7 WHERE id BETWEEN 7394054 AND 7394154
	Index Scan using sbtest7_pkey on sbtest7  (cost=0.43..394.43 rows=100 width=125)
	  Index Cond: ((id >= 7394054) AND (id <= 7394154))

table 8 : explain SELECT id, c FROM sbtest8 WHERE id BETWEEN 7394054 AND 7394154
	Index Scan using sbtest8_pkey on sbtest8  (cost=0.43..390.99 rows=99 width=125)
	  Index Cond: ((id >= 7394054) AND (id <= 7394154))

explain: for range-notcovered :: explain SELECT id, c FROM sbtest%d WHERE id BETWEEN 7394054 AND 7394154
for range-notcovered
table 1 : explain SELECT id, c FROM sbtest1 WHERE id BETWEEN 6777236 AND 6777336
	Index Scan using sbtest1_pkey on sbtest1  (cost=0.43..392.56 rows=99 width=125)
	  Index Cond: ((id >= 6777236) AND (id <= 6777336))

table 2 : explain SELECT id, c FROM sbtest2 WHERE id BETWEEN 6777236 AND 6777336
	Index Scan using sbtest2_pkey on sbtest2  (cost=0.43..376.99 rows=95 width=125)
	  Index Cond: ((id >= 6777236) AND (id <= 6777336))

table 3 : explain SELECT id, c FROM sbtest3 WHERE id BETWEEN 6777236 AND 6777336
	Index Scan using sbtest3_pkey on sbtest3  (cost=0.43..379.58 rows=96 width=125)
	  Index Cond: ((id >= 6777236) AND (id <= 6777336))

table 4 : explain SELECT id, c FROM sbtest4 WHERE id BETWEEN 6777236 AND 6777336
	Index Scan using sbtest4_pkey on sbtest4  (cost=0.43..404.82 rows=103 width=125)
	  Index Cond: ((id >= 6777236) AND (id <= 6777336))

table 5 : explain SELECT id, c FROM sbtest5 WHERE id BETWEEN 6777236 AND 6777336
	Index Scan using sbtest5_pkey on sbtest5  (cost=0.43..380.10 rows=96 width=125)
	  Index Cond: ((id >= 6777236) AND (id <= 6777336))

table 6 : explain SELECT id, c FROM sbtest6 WHERE id BETWEEN 6777236 AND 6777336
	Index Scan using sbtest6_pkey on sbtest6  (cost=0.43..418.82 rows=106 width=125)
	  Index Cond: ((id >= 6777236) AND (id <= 6777336))

table 7 : explain SELECT id, c FROM sbtest7 WHERE id BETWEEN 6777236 AND 6777336
	Index Scan using sbtest7_pkey on sbtest7  (cost=0.43..378.84 rows=96 width=125)
	  Index Cond: ((id >= 6777236) AND (id <= 6777336))

table 8 : explain SELECT id, c FROM sbtest8 WHERE id BETWEEN 6777236 AND 6777336
	Index Scan using sbtest8_pkey on sbtest8  (cost=0.43..398.80 rows=101 width=125)
	  Index Cond: ((id >= 6777236) AND (id <= 6777336))

for range-notcovered
table 1 : explain SELECT id, c FROM sbtest1 WHERE id BETWEEN 7394054 AND 7394154
	Index Scan using sbtest1_pkey on sbtest1  (cost=0.43..357.27 rows=90 width=125)
	  Index Cond: ((id >= 7394054) AND (id <= 7394154))

table 2 : explain SELECT id, c FROM sbtest2 WHERE id BETWEEN 7394054 AND 7394154
	Index Scan using sbtest2_pkey on sbtest2  (cost=0.43..388.75 rows=98 width=125)
	  Index Cond: ((id >= 7394054) AND (id <= 7394154))

table 3 : explain SELECT id, c FROM sbtest3 WHERE id BETWEEN 7394054 AND 7394154
	Index Scan using sbtest3_pkey on sbtest3  (cost=0.43..367.84 rows=93 width=125)
	  Index Cond: ((id >= 7394054) AND (id <= 7394154))

table 4 : explain SELECT id, c FROM sbtest4 WHERE id BETWEEN 7394054 AND 7394154
	Index Scan using sbtest4_pkey on sbtest4  (cost=0.43..389.28 rows=99 width=125)
	  Index Cond: ((id >= 7394054) AND (id <= 7394154))

table 5 : explain SELECT id, c FROM sbtest5 WHERE id BETWEEN 7394054 AND 7394154
	Index Scan using sbtest5_pkey on sbtest5  (cost=0.43..430.94 rows=109 width=125)
	  Index Cond: ((id >= 7394054) AND (id <= 7394154))

table 6 : explain SELECT id, c FROM sbtest6 WHERE id BETWEEN 7394054 AND 7394154
	Index Scan using sbtest6_pkey on sbtest6  (cost=0.43..391.47 rows=99 width=125)
	  Index Cond: ((id >= 7394054) AND (id <= 7394154))

table 7 : explain SELECT id, c FROM sbtest7 WHERE id BETWEEN 7394054 AND 7394154
	Index Scan using sbtest7_pkey on sbtest7  (cost=0.43..394.43 rows=100 width=125)
	  Index Cond: ((id >= 7394054) AND (id <= 7394154))

table 8 : explain SELECT id, c FROM sbtest8 WHERE id BETWEEN 7394054 AND 7394154
	Index Scan using sbtest8_pkey on sbtest8  (cost=0.43..390.99 rows=99 width=125)
	  Index Cond: ((id >= 7394054) AND (id <= 7394154))

explain: for range-notcovered :: explain SELECT id, c FROM sbtest%d WHERE id BETWEEN 6777236 AND 6777336
explain: for range-notcovered :: explain SELECT id, c FROM sbtest%d WHERE id BETWEEN 7394054 AND 7394154
for range-notcovered
table 1 : explain SELECT id, c FROM sbtest1 WHERE id BETWEEN 7394054 AND 7394154
	Index Scan using sbtest1_pkey on sbtest1  (cost=0.43..357.27 rows=90 width=125)
	  Index Cond: ((id >= 7394054) AND (id <= 7394154))

table 2 : explain SELECT id, c FROM sbtest2 WHERE id BETWEEN 7394054 AND 7394154
	Index Scan using sbtest2_pkey on sbtest2  (cost=0.43..388.75 rows=98 width=125)
	  Index Cond: ((id >= 7394054) AND (id <= 7394154))

table 3 : explain SELECT id, c FROM sbtest3 WHERE id BETWEEN 7394054 AND 7394154
	Index Scan using sbtest3_pkey on sbtest3  (cost=0.43..367.84 rows=93 width=125)
	  Index Cond: ((id >= 7394054) AND (id <= 7394154))

table 4 : explain SELECT id, c FROM sbtest4 WHERE id BETWEEN 7394054 AND 7394154
	Index Scan using sbtest4_pkey on sbtest4  (cost=0.43..389.28 rows=99 width=125)
	  Index Cond: ((id >= 7394054) AND (id <= 7394154))

table 5 : explain SELECT id, c FROM sbtest5 WHERE id BETWEEN 7394054 AND 7394154
	Index Scan using sbtest5_pkey on sbtest5  (cost=0.43..430.94 rows=109 width=125)
	  Index Cond: ((id >= 7394054) AND (id <= 7394154))

table 6 : explain SELECT id, c FROM sbtest6 WHERE id BETWEEN 7394054 AND 7394154
	Index Scan using sbtest6_pkey on sbtest6  (cost=0.43..391.47 rows=99 width=125)
	  Index Cond: ((id >= 7394054) AND (id <= 7394154))

table 7 : explain SELECT id, c FROM sbtest7 WHERE id BETWEEN 7394054 AND 7394154
	Index Scan using sbtest7_pkey on sbtest7  (cost=0.43..394.43 rows=100 width=125)
	  Index Cond: ((id >= 7394054) AND (id <= 7394154))

table 8 : explain SELECT id, c FROM sbtest8 WHERE id BETWEEN 7394054 AND 7394154
	Index Scan using sbtest8_pkey on sbtest8  (cost=0.43..390.99 rows=99 width=125)
	  Index Cond: ((id >= 7394054) AND (id <= 7394154))

for range-notcovered
table 1 : explain SELECT id, c FROM sbtest1 WHERE id BETWEEN 6777236 AND 6777336
	Index Scan using sbtest1_pkey on sbtest1  (cost=0.43..392.56 rows=99 width=125)
	  Index Cond: ((id >= 6777236) AND (id <= 6777336))

table 2 : explain SELECT id, c FROM sbtest2 WHERE id BETWEEN 6777236 AND 6777336
	Index Scan using sbtest2_pkey on sbtest2  (cost=0.43..376.99 rows=95 width=125)
	  Index Cond: ((id >= 6777236) AND (id <= 6777336))

table 3 : explain SELECT id, c FROM sbtest3 WHERE id BETWEEN 6777236 AND 6777336
	Index Scan using sbtest3_pkey on sbtest3  (cost=0.43..379.58 rows=96 width=125)
	  Index Cond: ((id >= 6777236) AND (id <= 6777336))

table 4 : explain SELECT id, c FROM sbtest4 WHERE id BETWEEN 6777236 AND 6777336
	Index Scan using sbtest4_pkey on sbtest4  (cost=0.43..404.82 rows=103 width=125)
	  Index Cond: ((id >= 6777236) AND (id <= 6777336))

table 5 : explain SELECT id, c FROM sbtest5 WHERE id BETWEEN 6777236 AND 6777336
	Index Scan using sbtest5_pkey on sbtest5  (cost=0.43..380.10 rows=96 width=125)
	  Index Cond: ((id >= 6777236) AND (id <= 6777336))

table 6 : explain SELECT id, c FROM sbtest6 WHERE id BETWEEN 6777236 AND 6777336
	Index Scan using sbtest6_pkey on sbtest6  (cost=0.43..418.82 rows=106 width=125)
	  Index Cond: ((id >= 6777236) AND (id <= 6777336))

table 7 : explain SELECT id, c FROM sbtest7 WHERE id BETWEEN 6777236 AND 6777336
	Index Scan using sbtest7_pkey on sbtest7  (cost=0.43..378.84 rows=96 width=125)
	  Index Cond: ((id >= 6777236) AND (id <= 6777336))

table 8 : explain SELECT id, c FROM sbtest8 WHERE id BETWEEN 6777236 AND 6777336
	Index Scan using sbtest8_pkey on sbtest8  (cost=0.43..398.80 rows=101 width=125)
	  Index Cond: ((id >= 6777236) AND (id <= 6777336))

explain: for range-notcovered :: explain SELECT id, c FROM sbtest%d WHERE id BETWEEN 7394054 AND 7394154
explain: for range-notcovered :: explain SELECT id, c FROM sbtest%d WHERE id BETWEEN 6777236 AND 6777336
for range-notcovered
table 1 : explain SELECT id, c FROM sbtest1 WHERE id BETWEEN 6777236 AND 6777336
	Index Scan using sbtest1_pkey on sbtest1  (cost=0.43..392.56 rows=99 width=125)
	  Index Cond: ((id >= 6777236) AND (id <= 6777336))

table 2 : explain SELECT id, c FROM sbtest2 WHERE id BETWEEN 6777236 AND 6777336
	Index Scan using sbtest2_pkey on sbtest2  (cost=0.43..376.99 rows=95 width=125)
	  Index Cond: ((id >= 6777236) AND (id <= 6777336))

table 3 : explain SELECT id, c FROM sbtest3 WHERE id BETWEEN 6777236 AND 6777336
	Index Scan using sbtest3_pkey on sbtest3  (cost=0.43..379.58 rows=96 width=125)
	  Index Cond: ((id >= 6777236) AND (id <= 6777336))

table 4 : explain SELECT id, c FROM sbtest4 WHERE id BETWEEN 6777236 AND 6777336
	Index Scan using sbtest4_pkey on sbtest4  (cost=0.43..404.82 rows=103 width=125)
	  Index Cond: ((id >= 6777236) AND (id <= 6777336))

table 5 : explain SELECT id, c FROM sbtest5 WHERE id BETWEEN 6777236 AND 6777336
	Index Scan using sbtest5_pkey on sbtest5  (cost=0.43..380.10 rows=96 width=125)
	  Index Cond: ((id >= 6777236) AND (id <= 6777336))

table 6 : explain SELECT id, c FROM sbtest6 WHERE id BETWEEN 6777236 AND 6777336
	Index Scan using sbtest6_pkey on sbtest6  (cost=0.43..418.82 rows=106 width=125)
	  Index Cond: ((id >= 6777236) AND (id <= 6777336))

table 7 : explain SELECT id, c FROM sbtest7 WHERE id BETWEEN 6777236 AND 6777336
	Index Scan using sbtest7_pkey on sbtest7  (cost=0.43..378.84 rows=96 width=125)
	  Index Cond: ((id >= 6777236) AND (id <= 6777336))

table 8 : explain SELECT id, c FROM sbtest8 WHERE id BETWEEN 6777236 AND 6777336
	Index Scan using sbtest8_pkey on sbtest8  (cost=0.43..398.80 rows=101 width=125)
	  Index Cond: ((id >= 6777236) AND (id <= 6777336))

explain: for range-notcovered :: explain SELECT id, c FROM sbtest%d WHERE id BETWEEN 6777236 AND 6777336
for range-notcovered
table 1 : explain SELECT id, c FROM sbtest1 WHERE id BETWEEN 6777236 AND 6777336
	Index Scan using sbtest1_pkey on sbtest1  (cost=0.43..392.56 rows=99 width=125)
	  Index Cond: ((id >= 6777236) AND (id <= 6777336))

table 2 : explain SELECT id, c FROM sbtest2 WHERE id BETWEEN 6777236 AND 6777336
	Index Scan using sbtest2_pkey on sbtest2  (cost=0.43..376.99 rows=95 width=125)
	  Index Cond: ((id >= 6777236) AND (id <= 6777336))

table 3 : explain SELECT id, c FROM sbtest3 WHERE id BETWEEN 6777236 AND 6777336
	Index Scan using sbtest3_pkey on sbtest3  (cost=0.43..379.58 rows=96 width=125)
	  Index Cond: ((id >= 6777236) AND (id <= 6777336))

table 4 : explain SELECT id, c FROM sbtest4 WHERE id BETWEEN 6777236 AND 6777336
	Index Scan using sbtest4_pkey on sbtest4  (cost=0.43..404.82 rows=103 width=125)
	  Index Cond: ((id >= 6777236) AND (id <= 6777336))

table 5 : explain SELECT id, c FROM sbtest5 WHERE id BETWEEN 6777236 AND 6777336
	Index Scan using sbtest5_pkey on sbtest5  (cost=0.43..380.10 rows=96 width=125)
	  Index Cond: ((id >= 6777236) AND (id <= 6777336))

table 6 : explain SELECT id, c FROM sbtest6 WHERE id BETWEEN 6777236 AND 6777336
	Index Scan using sbtest6_pkey on sbtest6  (cost=0.43..418.82 rows=106 width=125)
	  Index Cond: ((id >= 6777236) AND (id <= 6777336))

table 7 : explain SELECT id, c FROM sbtest7 WHERE id BETWEEN 6777236 AND 6777336
	Index Scan using sbtest7_pkey on sbtest7  (cost=0.43..378.84 rows=96 width=125)
	  Index Cond: ((id >= 6777236) AND (id <= 6777336))

table 8 : explain SELECT id, c FROM sbtest8 WHERE id BETWEEN 6777236 AND 6777336
	Index Scan using sbtest8_pkey on sbtest8  (cost=0.43..398.80 rows=101 width=125)
	  Index Cond: ((id >= 6777236) AND (id <= 6777336))

explain: for range-notcovered :: explain SELECT id, c FROM sbtest%d WHERE id BETWEEN 6777236 AND 6777336
explain: for range-notcovered :: explain SELECT id, c FROM sbtest%d WHERE id BETWEEN 4927673 AND 4927773
explain: for range-notcovered :: explain SELECT id, c FROM sbtest%d WHERE id BETWEEN 3531078 AND 3531178
explain: for range-notcovered :: explain SELECT id, c FROM sbtest%d WHERE id BETWEEN 2455099 AND 2455199
for range-notcovered
table 1 : explain SELECT id, c FROM sbtest1 WHERE id BETWEEN 6878534 AND 6878634
	Index Scan using sbtest1_pkey on sbtest1  (cost=0.43..388.64 rows=98 width=125)
	  Index Cond: ((id >= 6878534) AND (id <= 6878634))

table 2 : explain SELECT id, c FROM sbtest2 WHERE id BETWEEN 6878534 AND 6878634
	Index Scan using sbtest2_pkey on sbtest2  (cost=0.43..392.67 rows=99 width=125)
	  Index Cond: ((id >= 6878534) AND (id <= 6878634))

table 3 : explain SELECT id, c FROM sbtest3 WHERE id BETWEEN 6878534 AND 6878634
	Index Scan using sbtest3_pkey on sbtest3  (cost=0.43..371.77 rows=94 width=125)
	  Index Cond: ((id >= 6878534) AND (id <= 6878634))

table 4 : explain SELECT id, c FROM sbtest4 WHERE id BETWEEN 6878534 AND 6878634
	Index Scan using sbtest4_pkey on sbtest4  (cost=0.43..404.82 rows=103 width=125)
	  Index Cond: ((id >= 6878534) AND (id <= 6878634))

table 5 : explain SELECT id, c FROM sbtest5 WHERE id BETWEEN 6878534 AND 6878634
	Index Scan using sbtest5_pkey on sbtest5  (cost=0.43..419.21 rows=106 width=125)
	  Index Cond: ((id >= 6878534) AND (id <= 6878634))

table 6 : explain SELECT id, c FROM sbtest6 WHERE id BETWEEN 6878534 AND 6878634
	Index Scan using sbtest6_pkey on sbtest6  (cost=0.43..368.02 rows=93 width=125)
	  Index Cond: ((id >= 6878534) AND (id <= 6878634))

table 7 : explain SELECT id, c FROM sbtest7 WHERE id BETWEEN 6878534 AND 6878634
	Index Scan using sbtest7_pkey on sbtest7  (cost=0.43..402.22 rows=102 width=125)
	  Index Cond: ((id >= 6878534) AND (id <= 6878634))

table 8 : explain SELECT id, c FROM sbtest8 WHERE id BETWEEN 6878534 AND 6878634
	Index Scan using sbtest8_pkey on sbtest8  (cost=0.43..363.67 rows=92 width=125)
	  Index Cond: ((id >= 6878534) AND (id <= 6878634))

explain: for range-notcovered :: explain SELECT id, c FROM sbtest%d WHERE id BETWEEN 6878534 AND 6878634
for range-notcovered
table 1 : explain SELECT id, c FROM sbtest1 WHERE id BETWEEN 7394054 AND 7394154
	Index Scan using sbtest1_pkey on sbtest1  (cost=0.43..357.27 rows=90 width=125)
	  Index Cond: ((id >= 7394054) AND (id <= 7394154))

table 2 : explain SELECT id, c FROM sbtest2 WHERE id BETWEEN 7394054 AND 7394154
	Index Scan using sbtest2_pkey on sbtest2  (cost=0.43..388.75 rows=98 width=125)
	  Index Cond: ((id >= 7394054) AND (id <= 7394154))

table 3 : explain SELECT id, c FROM sbtest3 WHERE id BETWEEN 7394054 AND 7394154
	Index Scan using sbtest3_pkey on sbtest3  (cost=0.43..367.84 rows=93 width=125)
	  Index Cond: ((id >= 7394054) AND (id <= 7394154))

table 4 : explain SELECT id, c FROM sbtest4 WHERE id BETWEEN 7394054 AND 7394154
	Index Scan using sbtest4_pkey on sbtest4  (cost=0.43..389.28 rows=99 width=125)
	  Index Cond: ((id >= 7394054) AND (id <= 7394154))

table 5 : explain SELECT id, c FROM sbtest5 WHERE id BETWEEN 7394054 AND 7394154
	Index Scan using sbtest5_pkey on sbtest5  (cost=0.43..430.94 rows=109 width=125)
	  Index Cond: ((id >= 7394054) AND (id <= 7394154))

table 6 : explain SELECT id, c FROM sbtest6 WHERE id BETWEEN 7394054 AND 7394154
	Index Scan using sbtest6_pkey on sbtest6  (cost=0.43..391.47 rows=99 width=125)
	  Index Cond: ((id >= 7394054) AND (id <= 7394154))

table 7 : explain SELECT id, c FROM sbtest7 WHERE id BETWEEN 7394054 AND 7394154
	Index Scan using sbtest7_pkey on sbtest7  (cost=0.43..394.43 rows=100 width=125)
	  Index Cond: ((id >= 7394054) AND (id <= 7394154))

table 8 : explain SELECT id, c FROM sbtest8 WHERE id BETWEEN 7394054 AND 7394154
	Index Scan using sbtest8_pkey on sbtest8  (cost=0.43..390.99 rows=99 width=125)
	  Index Cond: ((id >= 7394054) AND (id <= 7394154))

explain: for range-notcovered :: explain SELECT id, c FROM sbtest%d WHERE id BETWEEN 7394054 AND 7394154
for range-notcovered
table 1 : explain SELECT id, c FROM sbtest1 WHERE id BETWEEN 6878534 AND 6878634
	Index Scan using sbtest1_pkey on sbtest1  (cost=0.43..388.64 rows=98 width=125)
	  Index Cond: ((id >= 6878534) AND (id <= 6878634))

table 2 : explain SELECT id, c FROM sbtest2 WHERE id BETWEEN 6878534 AND 6878634
	Index Scan using sbtest2_pkey on sbtest2  (cost=0.43..392.67 rows=99 width=125)
	  Index Cond: ((id >= 6878534) AND (id <= 6878634))

table 3 : explain SELECT id, c FROM sbtest3 WHERE id BETWEEN 6878534 AND 6878634
	Index Scan using sbtest3_pkey on sbtest3  (cost=0.43..371.77 rows=94 width=125)
	  Index Cond: ((id >= 6878534) AND (id <= 6878634))

table 4 : explain SELECT id, c FROM sbtest4 WHERE id BETWEEN 6878534 AND 6878634
	Index Scan using sbtest4_pkey on sbtest4  (cost=0.43..404.82 rows=103 width=125)
	  Index Cond: ((id >= 6878534) AND (id <= 6878634))

table 5 : explain SELECT id, c FROM sbtest5 WHERE id BETWEEN 6878534 AND 6878634
	Index Scan using sbtest5_pkey on sbtest5  (cost=0.43..419.21 rows=106 width=125)
	  Index Cond: ((id >= 6878534) AND (id <= 6878634))

table 6 : explain SELECT id, c FROM sbtest6 WHERE id BETWEEN 6878534 AND 6878634
	Index Scan using sbtest6_pkey on sbtest6  (cost=0.43..368.02 rows=93 width=125)
	  Index Cond: ((id >= 6878534) AND (id <= 6878634))

table 7 : explain SELECT id, c FROM sbtest7 WHERE id BETWEEN 6878534 AND 6878634
	Index Scan using sbtest7_pkey on sbtest7  (cost=0.43..402.22 rows=102 width=125)
	  Index Cond: ((id >= 6878534) AND (id <= 6878634))

table 8 : explain SELECT id, c FROM sbtest8 WHERE id BETWEEN 6878534 AND 6878634
	Index Scan using sbtest8_pkey on sbtest8  (cost=0.43..363.67 rows=92 width=125)
	  Index Cond: ((id >= 6878534) AND (id <= 6878634))

for range-notcovered
table 1 : explain SELECT id, c FROM sbtest1 WHERE id BETWEEN 7394054 AND 7394154
	Index Scan using sbtest1_pkey on sbtest1  (cost=0.43..357.27 rows=90 width=125)
	  Index Cond: ((id >= 7394054) AND (id <= 7394154))

table 2 : explain SELECT id, c FROM sbtest2 WHERE id BETWEEN 7394054 AND 7394154
	Index Scan using sbtest2_pkey on sbtest2  (cost=0.43..388.75 rows=98 width=125)
	  Index Cond: ((id >= 7394054) AND (id <= 7394154))

table 3 : explain SELECT id, c FROM sbtest3 WHERE id BETWEEN 7394054 AND 7394154
	Index Scan using sbtest3_pkey on sbtest3  (cost=0.43..367.84 rows=93 width=125)
	  Index Cond: ((id >= 7394054) AND (id <= 7394154))

table 4 : explain SELECT id, c FROM sbtest4 WHERE id BETWEEN 7394054 AND 7394154
	Index Scan using sbtest4_pkey on sbtest4  (cost=0.43..389.28 rows=99 width=125)
	  Index Cond: ((id >= 7394054) AND (id <= 7394154))

table 5 : explain SELECT id, c FROM sbtest5 WHERE id BETWEEN 7394054 AND 7394154
	Index Scan using sbtest5_pkey on sbtest5  (cost=0.43..430.94 rows=109 width=125)
	  Index Cond: ((id >= 7394054) AND (id <= 7394154))

table 6 : explain SELECT id, c FROM sbtest6 WHERE id BETWEEN 7394054 AND 7394154
	Index Scan using sbtest6_pkey on sbtest6  (cost=0.43..391.47 rows=99 width=125)
	  Index Cond: ((id >= 7394054) AND (id <= 7394154))

table 7 : explain SELECT id, c FROM sbtest7 WHERE id BETWEEN 7394054 AND 7394154
	Index Scan using sbtest7_pkey on sbtest7  (cost=0.43..394.43 rows=100 width=125)
	  Index Cond: ((id >= 7394054) AND (id <= 7394154))

table 8 : explain SELECT id, c FROM sbtest8 WHERE id BETWEEN 7394054 AND 7394154
	Index Scan using sbtest8_pkey on sbtest8  (cost=0.43..390.99 rows=99 width=125)
	  Index Cond: ((id >= 7394054) AND (id <= 7394154))

explain: for range-notcovered :: explain SELECT id, c FROM sbtest%d WHERE id BETWEEN 6878534 AND 6878634
explain: for range-notcovered :: explain SELECT id, c FROM sbtest%d WHERE id BETWEEN 7394054 AND 7394154
for range-notcovered
table 1 : explain SELECT id, c FROM sbtest1 WHERE id BETWEEN 6777236 AND 6777336
	Index Scan using sbtest1_pkey on sbtest1  (cost=0.43..392.56 rows=99 width=125)
	  Index Cond: ((id >= 6777236) AND (id <= 6777336))

table 2 : explain SELECT id, c FROM sbtest2 WHERE id BETWEEN 6777236 AND 6777336
	Index Scan using sbtest2_pkey on sbtest2  (cost=0.43..376.99 rows=95 width=125)
	  Index Cond: ((id >= 6777236) AND (id <= 6777336))

table 3 : explain SELECT id, c FROM sbtest3 WHERE id BETWEEN 6777236 AND 6777336
	Index Scan using sbtest3_pkey on sbtest3  (cost=0.43..379.58 rows=96 width=125)
	  Index Cond: ((id >= 6777236) AND (id <= 6777336))

table 4 : explain SELECT id, c FROM sbtest4 WHERE id BETWEEN 6777236 AND 6777336
	Index Scan using sbtest4_pkey on sbtest4  (cost=0.43..404.82 rows=103 width=125)
	  Index Cond: ((id >= 6777236) AND (id <= 6777336))

table 5 : explain SELECT id, c FROM sbtest5 WHERE id BETWEEN 6777236 AND 6777336
	Index Scan using sbtest5_pkey on sbtest5  (cost=0.43..380.10 rows=96 width=125)
	  Index Cond: ((id >= 6777236) AND (id <= 6777336))

table 6 : explain SELECT id, c FROM sbtest6 WHERE id BETWEEN 6777236 AND 6777336
	Index Scan using sbtest6_pkey on sbtest6  (cost=0.43..418.82 rows=106 width=125)
	  Index Cond: ((id >= 6777236) AND (id <= 6777336))

table 7 : explain SELECT id, c FROM sbtest7 WHERE id BETWEEN 6777236 AND 6777336
	Index Scan using sbtest7_pkey on sbtest7  (cost=0.43..378.84 rows=96 width=125)
	  Index Cond: ((id >= 6777236) AND (id <= 6777336))

table 8 : explain SELECT id, c FROM sbtest8 WHERE id BETWEEN 6777236 AND 6777336
	Index Scan using sbtest8_pkey on sbtest8  (cost=0.43..398.80 rows=101 width=125)
	  Index Cond: ((id >= 6777236) AND (id <= 6777336))

for range-notcovered
table 1 : explain SELECT id, c FROM sbtest1 WHERE id BETWEEN 2729408 AND 2729508
	Index Scan using sbtest1_pkey on sbtest1  (cost=0.43..380.78 rows=96 width=125)
	  Index Cond: ((id >= 2729408) AND (id <= 2729508))

table 2 : explain SELECT id, c FROM sbtest2 WHERE id BETWEEN 2729408 AND 2729508
	Index Scan using sbtest2_pkey on sbtest2  (cost=0.43..431.86 rows=109 width=125)
	  Index Cond: ((id >= 2729408) AND (id <= 2729508))

table 3 : explain SELECT id, c FROM sbtest3 WHERE id BETWEEN 2729408 AND 2729508
	Index Scan using sbtest3_pkey on sbtest3  (cost=0.43..434.26 rows=110 width=125)
	  Index Cond: ((id >= 2729408) AND (id <= 2729508))

table 4 : explain SELECT id, c FROM sbtest4 WHERE id BETWEEN 2729408 AND 2729508
	Index Scan using sbtest4_pkey on sbtest4  (cost=0.43..338.74 rows=86 width=125)
	  Index Cond: ((id >= 2729408) AND (id <= 2729508))

table 5 : explain SELECT id, c FROM sbtest5 WHERE id BETWEEN 2729408 AND 2729508
	Index Scan using sbtest5_pkey on sbtest5  (cost=0.43..352.69 rows=89 width=125)
	  Index Cond: ((id >= 2729408) AND (id <= 2729508))

table 6 : explain SELECT id, c FROM sbtest6 WHERE id BETWEEN 2729408 AND 2729508
	Index Scan using sbtest6_pkey on sbtest6  (cost=0.43..407.10 rows=103 width=125)
	  Index Cond: ((id >= 2729408) AND (id <= 2729508))

table 7 : explain SELECT id, c FROM sbtest7 WHERE id BETWEEN 2729408 AND 2729508
	Index Scan using sbtest7_pkey on sbtest7  (cost=0.43..386.63 rows=98 width=125)
	  Index Cond: ((id >= 2729408) AND (id <= 2729508))

table 8 : explain SELECT id, c FROM sbtest8 WHERE id BETWEEN 2729408 AND 2729508
	Index Scan using sbtest8_pkey on sbtest8  (cost=0.43..461.24 rows=117 width=125)
	  Index Cond: ((id >= 2729408) AND (id <= 2729508))
explain: for range-notcovered :: explain SELECT id, c FROM sbtest%d WHERE id BETWEEN 6777236 AND 6777336

explain: for range-notcovered :: explain SELECT id, c FROM sbtest%d WHERE id BETWEEN 2729408 AND 2729508
for range-notcovered
table 1 : explain SELECT id, c FROM sbtest1 WHERE id BETWEEN 6878534 AND 6878634
	Index Scan using sbtest1_pkey on sbtest1  (cost=0.43..388.64 rows=98 width=125)
	  Index Cond: ((id >= 6878534) AND (id <= 6878634))

table 2 : explain SELECT id, c FROM sbtest2 WHERE id BETWEEN 6878534 AND 6878634
	Index Scan using sbtest2_pkey on sbtest2  (cost=0.43..392.67 rows=99 width=125)
	  Index Cond: ((id >= 6878534) AND (id <= 6878634))

table 3 : explain SELECT id, c FROM sbtest3 WHERE id BETWEEN 6878534 AND 6878634
	Index Scan using sbtest3_pkey on sbtest3  (cost=0.43..371.77 rows=94 width=125)
	  Index Cond: ((id >= 6878534) AND (id <= 6878634))

table 4 : explain SELECT id, c FROM sbtest4 WHERE id BETWEEN 6878534 AND 6878634
	Index Scan using sbtest4_pkey on sbtest4  (cost=0.43..404.82 rows=103 width=125)
	  Index Cond: ((id >= 6878534) AND (id <= 6878634))

table 5 : explain SELECT id, c FROM sbtest5 WHERE id BETWEEN 6878534 AND 6878634
	Index Scan using sbtest5_pkey on sbtest5  (cost=0.43..419.21 rows=106 width=125)
	  Index Cond: ((id >= 6878534) AND (id <= 6878634))

table 6 : explain SELECT id, c FROM sbtest6 WHERE id BETWEEN 6878534 AND 6878634
	Index Scan using sbtest6_pkey on sbtest6  (cost=0.43..368.02 rows=93 width=125)
	  Index Cond: ((id >= 6878534) AND (id <= 6878634))

table 7 : explain SELECT id, c FROM sbtest7 WHERE id BETWEEN 6878534 AND 6878634
	Index Scan using sbtest7_pkey on sbtest7  (cost=0.43..402.22 rows=102 width=125)
	  Index Cond: ((id >= 6878534) AND (id <= 6878634))

table 8 : explain SELECT id, c FROM sbtest8 WHERE id BETWEEN 6878534 AND 6878634
	Index Scan using sbtest8_pkey on sbtest8  (cost=0.43..363.67 rows=92 width=125)
	  Index Cond: ((id >= 6878534) AND (id <= 6878634))

for range-notcovered
table 1 : explain SELECT id, c FROM sbtest1 WHERE id BETWEEN 7394054 AND 7394154
	Index Scan using sbtest1_pkey on sbtest1  (cost=0.43..357.27 rows=90 width=125)
	  Index Cond: ((id >= 7394054) AND (id <= 7394154))

table 2 : explain SELECT id, c FROM sbtest2 WHERE id BETWEEN 7394054 AND 7394154
	Index Scan using sbtest2_pkey on sbtest2  (cost=0.43..388.75 rows=98 width=125)
	  Index Cond: ((id >= 7394054) AND (id <= 7394154))

table 3 : explain SELECT id, c FROM sbtest3 WHERE id BETWEEN 7394054 AND 7394154
	Index Scan using sbtest3_pkey on sbtest3  (cost=0.43..367.84 rows=93 width=125)
	  Index Cond: ((id >= 7394054) AND (id <= 7394154))

table 4 : explain SELECT id, c FROM sbtest4 WHERE id BETWEEN 7394054 AND 7394154
	Index Scan using sbtest4_pkey on sbtest4  (cost=0.43..389.28 rows=99 width=125)
	  Index Cond: ((id >= 7394054) AND (id <= 7394154))

table 5 : explain SELECT id, c FROM sbtest5 WHERE id BETWEEN 7394054 AND 7394154
	Index Scan using sbtest5_pkey on sbtest5  (cost=0.43..430.94 rows=109 width=125)
	  Index Cond: ((id >= 7394054) AND (id <= 7394154))

table 6 : explain SELECT id, c FROM sbtest6 WHERE id BETWEEN 7394054 AND 7394154
	Index Scan using sbtest6_pkey on sbtest6  (cost=0.43..391.47 rows=99 width=125)
	  Index Cond: ((id >= 7394054) AND (id <= 7394154))

table 7 : explain SELECT id, c FROM sbtest7 WHERE id BETWEEN 7394054 AND 7394154
	Index Scan using sbtest7_pkey on sbtest7  (cost=0.43..394.43 rows=100 width=125)
	  Index Cond: ((id >= 7394054) AND (id <= 7394154))

table 8 : explain SELECT id, c FROM sbtest8 WHERE id BETWEEN 7394054 AND 7394154
	Index Scan using sbtest8_pkey on sbtest8  (cost=0.43..390.99 rows=99 width=125)
	  Index Cond: ((id >= 7394054) AND (id <= 7394154))

explain: for range-notcovered :: explain SELECT id, c FROM sbtest%d WHERE id BETWEEN 6878534 AND 6878634
explain: for range-notcovered :: explain SELECT id, c FROM sbtest%d WHERE id BETWEEN 7394054 AND 7394154
for range-notcovered
table 1 : explain SELECT id, c FROM sbtest1 WHERE id BETWEEN 6777236 AND 6777336
	Index Scan using sbtest1_pkey on sbtest1  (cost=0.43..392.56 rows=99 width=125)
	  Index Cond: ((id >= 6777236) AND (id <= 6777336))

table 2 : explain SELECT id, c FROM sbtest2 WHERE id BETWEEN 6777236 AND 6777336
	Index Scan using sbtest2_pkey on sbtest2  (cost=0.43..376.99 rows=95 width=125)
	  Index Cond: ((id >= 6777236) AND (id <= 6777336))

table 3 : explain SELECT id, c FROM sbtest3 WHERE id BETWEEN 6777236 AND 6777336
	Index Scan using sbtest3_pkey on sbtest3  (cost=0.43..379.58 rows=96 width=125)
	  Index Cond: ((id >= 6777236) AND (id <= 6777336))

table 4 : explain SELECT id, c FROM sbtest4 WHERE id BETWEEN 6777236 AND 6777336
	Index Scan using sbtest4_pkey on sbtest4  (cost=0.43..404.82 rows=103 width=125)
	  Index Cond: ((id >= 6777236) AND (id <= 6777336))

table 5 : explain SELECT id, c FROM sbtest5 WHERE id BETWEEN 6777236 AND 6777336
	Index Scan using sbtest5_pkey on sbtest5  (cost=0.43..380.10 rows=96 width=125)
	  Index Cond: ((id >= 6777236) AND (id <= 6777336))

table 6 : explain SELECT id, c FROM sbtest6 WHERE id BETWEEN 6777236 AND 6777336
	Index Scan using sbtest6_pkey on sbtest6  (cost=0.43..418.82 rows=106 width=125)
	  Index Cond: ((id >= 6777236) AND (id <= 6777336))

table 7 : explain SELECT id, c FROM sbtest7 WHERE id BETWEEN 6777236 AND 6777336
	Index Scan using sbtest7_pkey on sbtest7  (cost=0.43..378.84 rows=96 width=125)
	  Index Cond: ((id >= 6777236) AND (id <= 6777336))

table 8 : explain SELECT id, c FROM sbtest8 WHERE id BETWEEN 6777236 AND 6777336
	Index Scan using sbtest8_pkey on sbtest8  (cost=0.43..398.80 rows=101 width=125)
	  Index Cond: ((id >= 6777236) AND (id <= 6777336))

for range-notcovered
table 1 : explain SELECT id, c FROM sbtest1 WHERE id BETWEEN 2729408 AND 2729508
	Index Scan using sbtest1_pkey on sbtest1  (cost=0.43..380.78 rows=96 width=125)
	  Index Cond: ((id >= 2729408) AND (id <= 2729508))

table 2 : explain SELECT id, c FROM sbtest2 WHERE id BETWEEN 2729408 AND 2729508
	Index Scan using sbtest2_pkey on sbtest2  (cost=0.43..431.86 rows=109 width=125)
	  Index Cond: ((id >= 2729408) AND (id <= 2729508))

table 3 : explain SELECT id, c FROM sbtest3 WHERE id BETWEEN 2729408 AND 2729508
	Index Scan using sbtest3_pkey on sbtest3  (cost=0.43..434.26 rows=110 width=125)
	  Index Cond: ((id >= 2729408) AND (id <= 2729508))

table 4 : explain SELECT id, c FROM sbtest4 WHERE id BETWEEN 2729408 AND 2729508
	Index Scan using sbtest4_pkey on sbtest4  (cost=0.43..338.74 rows=86 width=125)
	  Index Cond: ((id >= 2729408) AND (id <= 2729508))

table 5 : explain SELECT id, c FROM sbtest5 WHERE id BETWEEN 2729408 AND 2729508
	Index Scan using sbtest5_pkey on sbtest5  (cost=0.43..352.69 rows=89 width=125)
	  Index Cond: ((id >= 2729408) AND (id <= 2729508))

table 6 : explain SELECT id, c FROM sbtest6 WHERE id BETWEEN 2729408 AND 2729508
	Index Scan using sbtest6_pkey on sbtest6  (cost=0.43..407.10 rows=103 width=125)
	  Index Cond: ((id >= 2729408) AND (id <= 2729508))

table 7 : explain SELECT id, c FROM sbtest7 WHERE id BETWEEN 2729408 AND 2729508
	Index Scan using sbtest7_pkey on sbtest7  (cost=0.43..386.63 rows=98 width=125)
	  Index Cond: ((id >= 2729408) AND (id <= 2729508))

table 8 : explain SELECT id, c FROM sbtest8 WHERE id BETWEEN 2729408 AND 2729508
	Index Scan using sbtest8_pkey on sbtest8  (cost=0.43..461.24 rows=117 width=125)
	  Index Cond: ((id >= 2729408) AND (id <= 2729508))

explain: for range-notcovered :: explain SELECT id, c FROM sbtest%d WHERE id BETWEEN 6777236 AND 6777336
explain: for range-notcovered :: explain SELECT id, c FROM sbtest%d WHERE id BETWEEN 2729408 AND 2729508
for range-notcovered
table 1 : explain SELECT id, c FROM sbtest1 WHERE id BETWEEN 6878534 AND 6878634
	Index Scan using sbtest1_pkey on sbtest1  (cost=0.43..388.64 rows=98 width=125)
	  Index Cond: ((id >= 6878534) AND (id <= 6878634))

table 2 : explain SELECT id, c FROM sbtest2 WHERE id BETWEEN 6878534 AND 6878634
	Index Scan using sbtest2_pkey on sbtest2  (cost=0.43..392.67 rows=99 width=125)
	  Index Cond: ((id >= 6878534) AND (id <= 6878634))

table 3 : explain SELECT id, c FROM sbtest3 WHERE id BETWEEN 6878534 AND 6878634
	Index Scan using sbtest3_pkey on sbtest3  (cost=0.43..371.77 rows=94 width=125)
	  Index Cond: ((id >= 6878534) AND (id <= 6878634))

table 4 : explain SELECT id, c FROM sbtest4 WHERE id BETWEEN 6878534 AND 6878634
	Index Scan using sbtest4_pkey on sbtest4  (cost=0.43..404.82 rows=103 width=125)
	  Index Cond: ((id >= 6878534) AND (id <= 6878634))

table 5 : explain SELECT id, c FROM sbtest5 WHERE id BETWEEN 6878534 AND 6878634
	Index Scan using sbtest5_pkey on sbtest5  (cost=0.43..419.21 rows=106 width=125)
	  Index Cond: ((id >= 6878534) AND (id <= 6878634))

table 6 : explain SELECT id, c FROM sbtest6 WHERE id BETWEEN 6878534 AND 6878634
	Index Scan using sbtest6_pkey on sbtest6  (cost=0.43..368.02 rows=93 width=125)
	  Index Cond: ((id >= 6878534) AND (id <= 6878634))

table 7 : explain SELECT id, c FROM sbtest7 WHERE id BETWEEN 6878534 AND 6878634
	Index Scan using sbtest7_pkey on sbtest7  (cost=0.43..402.22 rows=102 width=125)
	  Index Cond: ((id >= 6878534) AND (id <= 6878634))

table 8 : explain SELECT id, c FROM sbtest8 WHERE id BETWEEN 6878534 AND 6878634
	Index Scan using sbtest8_pkey on sbtest8  (cost=0.43..363.67 rows=92 width=125)
	  Index Cond: ((id >= 6878534) AND (id <= 6878634))

explain: for range-notcovered :: explain SELECT id, c FROM sbtest%d WHERE id BETWEEN 6878534 AND 6878634
for range-notcovered
table 1 : explain SELECT id, c FROM sbtest1 WHERE id BETWEEN 2729408 AND 2729508
	Index Scan using sbtest1_pkey on sbtest1  (cost=0.43..380.78 rows=96 width=125)
	  Index Cond: ((id >= 2729408) AND (id <= 2729508))

table 2 : explain SELECT id, c FROM sbtest2 WHERE id BETWEEN 2729408 AND 2729508
	Index Scan using sbtest2_pkey on sbtest2  (cost=0.43..431.86 rows=109 width=125)
	  Index Cond: ((id >= 2729408) AND (id <= 2729508))

table 3 : explain SELECT id, c FROM sbtest3 WHERE id BETWEEN 2729408 AND 2729508
	Index Scan using sbtest3_pkey on sbtest3  (cost=0.43..434.26 rows=110 width=125)
	  Index Cond: ((id >= 2729408) AND (id <= 2729508))

table 4 : explain SELECT id, c FROM sbtest4 WHERE id BETWEEN 2729408 AND 2729508
	Index Scan using sbtest4_pkey on sbtest4  (cost=0.43..338.74 rows=86 width=125)
	  Index Cond: ((id >= 2729408) AND (id <= 2729508))

table 5 : explain SELECT id, c FROM sbtest5 WHERE id BETWEEN 2729408 AND 2729508
	Index Scan using sbtest5_pkey on sbtest5  (cost=0.43..352.69 rows=89 width=125)
	  Index Cond: ((id >= 2729408) AND (id <= 2729508))

table 6 : explain SELECT id, c FROM sbtest6 WHERE id BETWEEN 2729408 AND 2729508
	Index Scan using sbtest6_pkey on sbtest6  (cost=0.43..407.10 rows=103 width=125)
	  Index Cond: ((id >= 2729408) AND (id <= 2729508))

table 7 : explain SELECT id, c FROM sbtest7 WHERE id BETWEEN 2729408 AND 2729508
	Index Scan using sbtest7_pkey on sbtest7  (cost=0.43..386.63 rows=98 width=125)
	  Index Cond: ((id >= 2729408) AND (id <= 2729508))

table 8 : explain SELECT id, c FROM sbtest8 WHERE id BETWEEN 2729408 AND 2729508
	Index Scan using sbtest8_pkey on sbtest8  (cost=0.43..461.24 rows=117 width=125)
	  Index Cond: ((id >= 2729408) AND (id <= 2729508))

for range-notcovered
table 1 : explain SELECT id, c FROM sbtest1 WHERE id BETWEEN 6777236 AND 6777336
	Index Scan using sbtest1_pkey on sbtest1  (cost=0.43..392.56 rows=99 width=125)
	  Index Cond: ((id >= 6777236) AND (id <= 6777336))

table 2 : explain SELECT id, c FROM sbtest2 WHERE id BETWEEN 6777236 AND 6777336
	Index Scan using sbtest2_pkey on sbtest2  (cost=0.43..376.99 rows=95 width=125)
	  Index Cond: ((id >= 6777236) AND (id <= 6777336))

table 3 : explain SELECT id, c FROM sbtest3 WHERE id BETWEEN 6777236 AND 6777336
	Index Scan using sbtest3_pkey on sbtest3  (cost=0.43..379.58 rows=96 width=125)
	  Index Cond: ((id >= 6777236) AND (id <= 6777336))

table 4 : explain SELECT id, c FROM sbtest4 WHERE id BETWEEN 6777236 AND 6777336
	Index Scan using sbtest4_pkey on sbtest4  (cost=0.43..404.82 rows=103 width=125)
	  Index Cond: ((id >= 6777236) AND (id <= 6777336))

table 5 : explain SELECT id, c FROM sbtest5 WHERE id BETWEEN 6777236 AND 6777336
	Index Scan using sbtest5_pkey on sbtest5  (cost=0.43..380.10 rows=96 width=125)
	  Index Cond: ((id >= 6777236) AND (id <= 6777336))

table 6 : explain SELECT id, c FROM sbtest6 WHERE id BETWEEN 6777236 AND 6777336
	Index Scan using sbtest6_pkey on sbtest6  (cost=0.43..418.82 rows=106 width=125)
	  Index Cond: ((id >= 6777236) AND (id <= 6777336))

table 7 : explain SELECT id, c FROM sbtest7 WHERE id BETWEEN 6777236 AND 6777336
	Index Scan using sbtest7_pkey on sbtest7  (cost=0.43..378.84 rows=96 width=125)
	  Index Cond: ((id >= 6777236) AND (id <= 6777336))

table 8 : explain SELECT id, c FROM sbtest8 WHERE id BETWEEN 6777236 AND 6777336
	Index Scan using sbtest8_pkey on sbtest8  (cost=0.43..398.80 rows=101 width=125)
	  Index Cond: ((id >= 6777236) AND (id <= 6777336))

explain: for range-notcovered :: explain SELECT id, c FROM sbtest%d WHERE id BETWEEN 2729408 AND 2729508
explain: for range-notcovered :: explain SELECT id, c FROM sbtest%d WHERE id BETWEEN 6777236 AND 6777336
for range-notcovered
table 1 : explain SELECT id, c FROM sbtest1 WHERE id BETWEEN 6878534 AND 6878634
	Index Scan using sbtest1_pkey on sbtest1  (cost=0.43..388.64 rows=98 width=125)
	  Index Cond: ((id >= 6878534) AND (id <= 6878634))

table 2 : explain SELECT id, c FROM sbtest2 WHERE id BETWEEN 6878534 AND 6878634
	Index Scan using sbtest2_pkey on sbtest2  (cost=0.43..392.67 rows=99 width=125)
	  Index Cond: ((id >= 6878534) AND (id <= 6878634))

table 3 : explain SELECT id, c FROM sbtest3 WHERE id BETWEEN 6878534 AND 6878634
	Index Scan using sbtest3_pkey on sbtest3  (cost=0.43..371.77 rows=94 width=125)
	  Index Cond: ((id >= 6878534) AND (id <= 6878634))

table 4 : explain SELECT id, c FROM sbtest4 WHERE id BETWEEN 6878534 AND 6878634
	Index Scan using sbtest4_pkey on sbtest4  (cost=0.43..404.82 rows=103 width=125)
	  Index Cond: ((id >= 6878534) AND (id <= 6878634))

table 5 : explain SELECT id, c FROM sbtest5 WHERE id BETWEEN 6878534 AND 6878634
	Index Scan using sbtest5_pkey on sbtest5  (cost=0.43..419.21 rows=106 width=125)
	  Index Cond: ((id >= 6878534) AND (id <= 6878634))

table 6 : explain SELECT id, c FROM sbtest6 WHERE id BETWEEN 6878534 AND 6878634
	Index Scan using sbtest6_pkey on sbtest6  (cost=0.43..368.02 rows=93 width=125)
	  Index Cond: ((id >= 6878534) AND (id <= 6878634))

table 7 : explain SELECT id, c FROM sbtest7 WHERE id BETWEEN 6878534 AND 6878634
	Index Scan using sbtest7_pkey on sbtest7  (cost=0.43..402.22 rows=102 width=125)
	  Index Cond: ((id >= 6878534) AND (id <= 6878634))

table 8 : explain SELECT id, c FROM sbtest8 WHERE id BETWEEN 6878534 AND 6878634
	Index Scan using sbtest8_pkey on sbtest8  (cost=0.43..363.67 rows=92 width=125)
	  Index Cond: ((id >= 6878534) AND (id <= 6878634))

explain: for range-notcovered :: explain SELECT id, c FROM sbtest%d WHERE id BETWEEN 6878534 AND 6878634
for range-notcovered
table 1 : explain SELECT id, c FROM sbtest1 WHERE id BETWEEN 3531078 AND 3531178
	Index Scan using sbtest1_pkey on sbtest1  (cost=0.43..408.23 rows=103 width=125)
	  Index Cond: ((id >= 3531078) AND (id <= 3531178))

table 2 : explain SELECT id, c FROM sbtest2 WHERE id BETWEEN 3531078 AND 3531178
	Index Scan using sbtest2_pkey on sbtest2  (cost=0.43..400.50 rows=101 width=125)
	  Index Cond: ((id >= 3531078) AND (id <= 3531178))

table 3 : explain SELECT id, c FROM sbtest3 WHERE id BETWEEN 3531078 AND 3531178
	Index Scan using sbtest3_pkey on sbtest3  (cost=0.43..403.02 rows=102 width=125)
	  Index Cond: ((id >= 3531078) AND (id <= 3531178))

table 4 : explain SELECT id, c FROM sbtest4 WHERE id BETWEEN 3531078 AND 3531178
	Index Scan using sbtest4_pkey on sbtest4  (cost=0.43..381.51 rows=97 width=125)
	  Index Cond: ((id >= 3531078) AND (id <= 3531178))

table 5 : explain SELECT id, c FROM sbtest5 WHERE id BETWEEN 3531078 AND 3531178
	Index Scan using sbtest5_pkey on sbtest5  (cost=0.43..356.63 rows=90 width=125)
	  Index Cond: ((id >= 3531078) AND (id <= 3531178))

table 6 : explain SELECT id, c FROM sbtest6 WHERE id BETWEEN 3531078 AND 3531178
	Index Scan using sbtest6_pkey on sbtest6  (cost=0.43..360.21 rows=91 width=125)
	  Index Cond: ((id >= 3531078) AND (id <= 3531178))

table 7 : explain SELECT id, c FROM sbtest7 WHERE id BETWEEN 3531078 AND 3531178
	Index Scan using sbtest7_pkey on sbtest7  (cost=0.43..410.02 rows=104 width=125)
	  Index Cond: ((id >= 3531078) AND (id <= 3531178))

table 8 : explain SELECT id, c FROM sbtest8 WHERE id BETWEEN 3531078 AND 3531178
	Index Scan using sbtest8_pkey on sbtest8  (cost=0.43..449.53 rows=114 width=125)
	  Index Cond: ((id >= 3531078) AND (id <= 3531178))

for range-notcovered
table 1 : explain SELECT id, c FROM sbtest1 WHERE id BETWEEN 2455099 AND 2455199
	Index Scan using sbtest1_pkey on sbtest1  (cost=0.43..412.15 rows=104 width=125)
	  Index Cond: ((id >= 2455099) AND (id <= 2455199))

table 2 : explain SELECT id, c FROM sbtest2 WHERE id BETWEEN 2455099 AND 2455199
	Index Scan using sbtest2_pkey on sbtest2  (cost=0.43..412.26 rows=104 width=125)
	  Index Cond: ((id >= 2455099) AND (id <= 2455199))

table 3 : explain SELECT id, c FROM sbtest3 WHERE id BETWEEN 2455099 AND 2455199
	Index Scan using sbtest3_pkey on sbtest3  (cost=0.43..403.02 rows=102 width=125)
	  Index Cond: ((id >= 2455099) AND (id <= 2455199))

table 4 : explain SELECT id, c FROM sbtest4 WHERE id BETWEEN 2455099 AND 2455199
	Index Scan using sbtest4_pkey on sbtest4  (cost=0.43..377.62 rows=96 width=125)
	  Index Cond: ((id >= 2455099) AND (id <= 2455199))

table 5 : explain SELECT id, c FROM sbtest5 WHERE id BETWEEN 2455099 AND 2455199
	Index Scan using sbtest5_pkey on sbtest5  (cost=0.43..403.57 rows=102 width=125)
	  Index Cond: ((id >= 2455099) AND (id <= 2455199))

table 6 : explain SELECT id, c FROM sbtest6 WHERE id BETWEEN 2455099 AND 2455199
	Index Scan using sbtest6_pkey on sbtest6  (cost=0.43..371.93 rows=94 width=125)
	  Index Cond: ((id >= 2455099) AND (id <= 2455199))

table 7 : explain SELECT id, c FROM sbtest7 WHERE id BETWEEN 2455099 AND 2455199
	Index Scan using sbtest7_pkey on sbtest7  (cost=0.43..402.22 rows=102 width=125)
	  Index Cond: ((id >= 2455099) AND (id <= 2455199))

table 8 : explain SELECT id, c FROM sbtest8 WHERE id BETWEEN 2455099 AND 2455199
	Index Scan using sbtest8_pkey on sbtest8  (cost=0.43..371.48 rows=94 width=125)
	  Index Cond: ((id >= 2455099) AND (id <= 2455199))

explain: for range-notcovered :: explain SELECT id, c FROM sbtest%d WHERE id BETWEEN 2455099 AND 2455199
for range-notcovered
table 1 : explain SELECT id, c FROM sbtest1 WHERE id BETWEEN 6878534 AND 6878634
	Index Scan using sbtest1_pkey on sbtest1  (cost=0.43..388.64 rows=98 width=125)
	  Index Cond: ((id >= 6878534) AND (id <= 6878634))

table 2 : explain SELECT id, c FROM sbtest2 WHERE id BETWEEN 6878534 AND 6878634
	Index Scan using sbtest2_pkey on sbtest2  (cost=0.43..392.67 rows=99 width=125)
	  Index Cond: ((id >= 6878534) AND (id <= 6878634))

table 3 : explain SELECT id, c FROM sbtest3 WHERE id BETWEEN 6878534 AND 6878634
	Index Scan using sbtest3_pkey on sbtest3  (cost=0.43..371.77 rows=94 width=125)
	  Index Cond: ((id >= 6878534) AND (id <= 6878634))

table 4 : explain SELECT id, c FROM sbtest4 WHERE id BETWEEN 6878534 AND 6878634
	Index Scan using sbtest4_pkey on sbtest4  (cost=0.43..404.82 rows=103 width=125)
	  Index Cond: ((id >= 6878534) AND (id <= 6878634))

table 5 : explain SELECT id, c FROM sbtest5 WHERE id BETWEEN 6878534 AND 6878634
	Index Scan using sbtest5_pkey on sbtest5  (cost=0.43..419.21 rows=106 width=125)
	  Index Cond: ((id >= 6878534) AND (id <= 6878634))

table 6 : explain SELECT id, c FROM sbtest6 WHERE id BETWEEN 6878534 AND 6878634
	Index Scan using sbtest6_pkey on sbtest6  (cost=0.43..368.02 rows=93 width=125)
	  Index Cond: ((id >= 6878534) AND (id <= 6878634))

table 7 : explain SELECT id, c FROM sbtest7 WHERE id BETWEEN 6878534 AND 6878634
	Index Scan using sbtest7_pkey on sbtest7  (cost=0.43..402.22 rows=102 width=125)
	  Index Cond: ((id >= 6878534) AND (id <= 6878634))

table 8 : explain SELECT id, c FROM sbtest8 WHERE id BETWEEN 6878534 AND 6878634
	Index Scan using sbtest8_pkey on sbtest8  (cost=0.43..363.67 rows=92 width=125)
	  Index Cond: ((id >= 6878534) AND (id <= 6878634))

for range-notcovered
table 1 : explain SELECT id, c FROM sbtest1 WHERE id BETWEEN 2729408 AND 2729508
	Index Scan using sbtest1_pkey on sbtest1  (cost=0.43..380.78 rows=96 width=125)
	  Index Cond: ((id >= 2729408) AND (id <= 2729508))

table 2 : explain SELECT id, c FROM sbtest2 WHERE id BETWEEN 2729408 AND 2729508
	Index Scan using sbtest2_pkey on sbtest2  (cost=0.43..431.86 rows=109 width=125)
	  Index Cond: ((id >= 2729408) AND (id <= 2729508))

table 3 : explain SELECT id, c FROM sbtest3 WHERE id BETWEEN 2729408 AND 2729508
	Index Scan using sbtest3_pkey on sbtest3  (cost=0.43..434.26 rows=110 width=125)
	  Index Cond: ((id >= 2729408) AND (id <= 2729508))

table 4 : explain SELECT id, c FROM sbtest4 WHERE id BETWEEN 2729408 AND 2729508
	Index Scan using sbtest4_pkey on sbtest4  (cost=0.43..338.74 rows=86 width=125)
	  Index Cond: ((id >= 2729408) AND (id <= 2729508))

table 5 : explain SELECT id, c FROM sbtest5 WHERE id BETWEEN 2729408 AND 2729508
	Index Scan using sbtest5_pkey on sbtest5  (cost=0.43..352.69 rows=89 width=125)
	  Index Cond: ((id >= 2729408) AND (id <= 2729508))

table 6 : explain SELECT id, c FROM sbtest6 WHERE id BETWEEN 2729408 AND 2729508
	Index Scan using sbtest6_pkey on sbtest6  (cost=0.43..407.10 rows=103 width=125)
	  Index Cond: ((id >= 2729408) AND (id <= 2729508))

table 7 : explain SELECT id, c FROM sbtest7 WHERE id BETWEEN 2729408 AND 2729508
	Index Scan using sbtest7_pkey on sbtest7  (cost=0.43..386.63 rows=98 width=125)
	  Index Cond: ((id >= 2729408) AND (id <= 2729508))

table 8 : explain SELECT id, c FROM sbtest8 WHERE id BETWEEN 2729408 AND 2729508
	Index Scan using sbtest8_pkey on sbtest8  (cost=0.43..461.24 rows=117 width=125)
	  Index Cond: ((id >= 2729408) AND (id <= 2729508))

explain: for range-notcovered :: explain SELECT id, c FROM sbtest%d WHERE id BETWEEN 3531078 AND 3531178
explain: for range-notcovered :: explain SELECT id, c FROM sbtest%d WHERE id BETWEEN 6878534 AND 6878634
explain: for range-notcovered :: explain SELECT id, c FROM sbtest%d WHERE id BETWEEN 2729408 AND 2729508
for range-notcovered
table 1 : explain SELECT id, c FROM sbtest1 WHERE id BETWEEN 4927673 AND 4927773
	Index Scan using sbtest1_pkey on sbtest1  (cost=0.43..400.40 rows=101 width=125)
	  Index Cond: ((id >= 4927673) AND (id <= 4927773))

table 2 : explain SELECT id, c FROM sbtest2 WHERE id BETWEEN 4927673 AND 4927773
	Index Scan using sbtest2_pkey on sbtest2  (cost=0.43..427.94 rows=108 width=125)
	  Index Cond: ((id >= 4927673) AND (id <= 4927773))

table 3 : explain SELECT id, c FROM sbtest3 WHERE id BETWEEN 4927673 AND 4927773
	Index Scan using sbtest3_pkey on sbtest3  (cost=0.43..418.64 rows=106 width=125)
	  Index Cond: ((id >= 4927673) AND (id <= 4927773))

table 4 : explain SELECT id, c FROM sbtest4 WHERE id BETWEEN 4927673 AND 4927773
	Index Scan using sbtest4_pkey on sbtest4  (cost=0.43..400.93 rows=102 width=125)
	  Index Cond: ((id >= 4927673) AND (id <= 4927773))

table 5 : explain SELECT id, c FROM sbtest5 WHERE id BETWEEN 4927673 AND 4927773
	Index Scan using sbtest5_pkey on sbtest5  (cost=0.43..372.28 rows=94 width=125)
	  Index Cond: ((id >= 4927673) AND (id <= 4927773))

table 6 : explain SELECT id, c FROM sbtest6 WHERE id BETWEEN 4927673 AND 4927773
	Index Scan using sbtest6_pkey on sbtest6  (cost=0.43..414.91 rows=105 width=125)
	  Index Cond: ((id >= 4927673) AND (id <= 4927773))

table 7 : explain SELECT id, c FROM sbtest7 WHERE id BETWEEN 4927673 AND 4927773
	Index Scan using sbtest7_pkey on sbtest7  (cost=0.43..413.92 rows=105 width=125)
	  Index Cond: ((id >= 4927673) AND (id <= 4927773))

table 8 : explain SELECT id, c FROM sbtest8 WHERE id BETWEEN 4927673 AND 4927773
	Index Scan using sbtest8_pkey on sbtest8  (cost=0.43..433.92 rows=110 width=125)
	  Index Cond: ((id >= 4927673) AND (id <= 4927773))

explain: for range-notcovered :: explain SELECT id, c FROM sbtest%d WHERE id BETWEEN 4927673 AND 4927773
for range-notcovered
table 1 : explain SELECT id, c FROM sbtest1 WHERE id BETWEEN 2455099 AND 2455199
	Index Scan using sbtest1_pkey on sbtest1  (cost=0.43..412.15 rows=104 width=125)
	  Index Cond: ((id >= 2455099) AND (id <= 2455199))

table 2 : explain SELECT id, c FROM sbtest2 WHERE id BETWEEN 2455099 AND 2455199
	Index Scan using sbtest2_pkey on sbtest2  (cost=0.43..412.26 rows=104 width=125)
	  Index Cond: ((id >= 2455099) AND (id <= 2455199))

table 3 : explain SELECT id, c FROM sbtest3 WHERE id BETWEEN 2455099 AND 2455199
	Index Scan using sbtest3_pkey on sbtest3  (cost=0.43..403.02 rows=102 width=125)
	  Index Cond: ((id >= 2455099) AND (id <= 2455199))

table 4 : explain SELECT id, c FROM sbtest4 WHERE id BETWEEN 2455099 AND 2455199
	Index Scan using sbtest4_pkey on sbtest4  (cost=0.43..377.62 rows=96 width=125)
	  Index Cond: ((id >= 2455099) AND (id <= 2455199))

table 5 : explain SELECT id, c FROM sbtest5 WHERE id BETWEEN 2455099 AND 2455199
	Index Scan using sbtest5_pkey on sbtest5  (cost=0.43..403.57 rows=102 width=125)
	  Index Cond: ((id >= 2455099) AND (id <= 2455199))

table 6 : explain SELECT id, c FROM sbtest6 WHERE id BETWEEN 2455099 AND 2455199
	Index Scan using sbtest6_pkey on sbtest6  (cost=0.43..371.93 rows=94 width=125)
	  Index Cond: ((id >= 2455099) AND (id <= 2455199))

table 7 : explain SELECT id, c FROM sbtest7 WHERE id BETWEEN 2455099 AND 2455199
	Index Scan using sbtest7_pkey on sbtest7  (cost=0.43..402.22 rows=102 width=125)
	  Index Cond: ((id >= 2455099) AND (id <= 2455199))

table 8 : explain SELECT id, c FROM sbtest8 WHERE id BETWEEN 2455099 AND 2455199
	Index Scan using sbtest8_pkey on sbtest8  (cost=0.43..371.48 rows=94 width=125)
	  Index Cond: ((id >= 2455099) AND (id <= 2455199))

for range-notcovered
table 1 : explain SELECT id, c FROM sbtest1 WHERE id BETWEEN 6878534 AND 6878634
	Index Scan using sbtest1_pkey on sbtest1  (cost=0.43..388.64 rows=98 width=125)
	  Index Cond: ((id >= 6878534) AND (id <= 6878634))

table 2 : explain SELECT id, c FROM sbtest2 WHERE id BETWEEN 6878534 AND 6878634
	Index Scan using sbtest2_pkey on sbtest2  (cost=0.43..392.67 rows=99 width=125)
	  Index Cond: ((id >= 6878534) AND (id <= 6878634))

table 3 : explain SELECT id, c FROM sbtest3 WHERE id BETWEEN 6878534 AND 6878634
	Index Scan using sbtest3_pkey on sbtest3  (cost=0.43..371.77 rows=94 width=125)
	  Index Cond: ((id >= 6878534) AND (id <= 6878634))

table 4 : explain SELECT id, c FROM sbtest4 WHERE id BETWEEN 6878534 AND 6878634
	Index Scan using sbtest4_pkey on sbtest4  (cost=0.43..404.82 rows=103 width=125)
	  Index Cond: ((id >= 6878534) AND (id <= 6878634))

table 5 : explain SELECT id, c FROM sbtest5 WHERE id BETWEEN 6878534 AND 6878634
	Index Scan using sbtest5_pkey on sbtest5  (cost=0.43..419.21 rows=106 width=125)
	  Index Cond: ((id >= 6878534) AND (id <= 6878634))

table 6 : explain SELECT id, c FROM sbtest6 WHERE id BETWEEN 6878534 AND 6878634
	Index Scan using sbtest6_pkey on sbtest6  (cost=0.43..368.02 rows=93 width=125)
	  Index Cond: ((id >= 6878534) AND (id <= 6878634))

table 7 : explain SELECT id, c FROM sbtest7 WHERE id BETWEEN 6878534 AND 6878634
	Index Scan using sbtest7_pkey on sbtest7  (cost=0.43..402.22 rows=102 width=125)
	  Index Cond: ((id >= 6878534) AND (id <= 6878634))

table 8 : explain SELECT id, c FROM sbtest8 WHERE id BETWEEN 6878534 AND 6878634
	Index Scan using sbtest8_pkey on sbtest8  (cost=0.43..363.67 rows=92 width=125)
	  Index Cond: ((id >= 6878534) AND (id <= 6878634))

for range-notcovered
table 1 : explain SELECT id, c FROM sbtest1 WHERE id BETWEEN 3531078 AND 3531178
	Index Scan using sbtest1_pkey on sbtest1  (cost=0.43..408.23 rows=103 width=125)
	  Index Cond: ((id >= 3531078) AND (id <= 3531178))

table 2 : explain SELECT id, c FROM sbtest2 WHERE id BETWEEN 3531078 AND 3531178
	Index Scan using sbtest2_pkey on sbtest2  (cost=0.43..400.50 rows=101 width=125)
	  Index Cond: ((id >= 3531078) AND (id <= 3531178))

table 3 : explain SELECT id, c FROM sbtest3 WHERE id BETWEEN 3531078 AND 3531178
	Index Scan using sbtest3_pkey on sbtest3  (cost=0.43..403.02 rows=102 width=125)
	  Index Cond: ((id >= 3531078) AND (id <= 3531178))

table 4 : explain SELECT id, c FROM sbtest4 WHERE id BETWEEN 3531078 AND 3531178
	Index Scan using sbtest4_pkey on sbtest4  (cost=0.43..381.51 rows=97 width=125)
	  Index Cond: ((id >= 3531078) AND (id <= 3531178))

table 5 : explain SELECT id, c FROM sbtest5 WHERE id BETWEEN 3531078 AND 3531178
	Index Scan using sbtest5_pkey on sbtest5  (cost=0.43..356.63 rows=90 width=125)
	  Index Cond: ((id >= 3531078) AND (id <= 3531178))

table 6 : explain SELECT id, c FROM sbtest6 WHERE id BETWEEN 3531078 AND 3531178
	Index Scan using sbtest6_pkey on sbtest6  (cost=0.43..360.21 rows=91 width=125)
	  Index Cond: ((id >= 3531078) AND (id <= 3531178))

table 7 : explain SELECT id, c FROM sbtest7 WHERE id BETWEEN 3531078 AND 3531178
	Index Scan using sbtest7_pkey on sbtest7  (cost=0.43..410.02 rows=104 width=125)
	  Index Cond: ((id >= 3531078) AND (id <= 3531178))

table 8 : explain SELECT id, c FROM sbtest8 WHERE id BETWEEN 3531078 AND 3531178
	Index Scan using sbtest8_pkey on sbtest8  (cost=0.43..449.53 rows=114 width=125)
	  Index Cond: ((id >= 3531078) AND (id <= 3531178))

explain: for range-notcovered :: explain SELECT id, c FROM sbtest%d WHERE id BETWEEN 2455099 AND 2455199explain: for range-notcovered :: explain SELECT id, c FROM sbtest%d WHERE id BETWEEN 6878534 AND 6878634

explain: for range-notcovered :: explain SELECT id, c FROM sbtest%d WHERE id BETWEEN 3531078 AND 3531178
for range-notcovered
table 1 : explain SELECT id, c FROM sbtest1 WHERE id BETWEEN 7394054 AND 7394154
	Index Scan using sbtest1_pkey on sbtest1  (cost=0.43..357.27 rows=90 width=125)
	  Index Cond: ((id >= 7394054) AND (id <= 7394154))

table 2 : explain SELECT id, c FROM sbtest2 WHERE id BETWEEN 7394054 AND 7394154
	Index Scan using sbtest2_pkey on sbtest2  (cost=0.43..388.75 rows=98 width=125)
	  Index Cond: ((id >= 7394054) AND (id <= 7394154))

table 3 : explain SELECT id, c FROM sbtest3 WHERE id BETWEEN 7394054 AND 7394154
	Index Scan using sbtest3_pkey on sbtest3  (cost=0.43..367.84 rows=93 width=125)
	  Index Cond: ((id >= 7394054) AND (id <= 7394154))

table 4 : explain SELECT id, c FROM sbtest4 WHERE id BETWEEN 7394054 AND 7394154
	Index Scan using sbtest4_pkey on sbtest4  (cost=0.43..389.28 rows=99 width=125)
	  Index Cond: ((id >= 7394054) AND (id <= 7394154))

table 5 : explain SELECT id, c FROM sbtest5 WHERE id BETWEEN 7394054 AND 7394154
	Index Scan using sbtest5_pkey on sbtest5  (cost=0.43..430.94 rows=109 width=125)
	  Index Cond: ((id >= 7394054) AND (id <= 7394154))

table 6 : explain SELECT id, c FROM sbtest6 WHERE id BETWEEN 7394054 AND 7394154
	Index Scan using sbtest6_pkey on sbtest6  (cost=0.43..391.47 rows=99 width=125)
	  Index Cond: ((id >= 7394054) AND (id <= 7394154))

table 7 : explain SELECT id, c FROM sbtest7 WHERE id BETWEEN 7394054 AND 7394154
	Index Scan using sbtest7_pkey on sbtest7  (cost=0.43..394.43 rows=100 width=125)
	  Index Cond: ((id >= 7394054) AND (id <= 7394154))

table 8 : explain SELECT id, c FROM sbtest8 WHERE id BETWEEN 7394054 AND 7394154
	Index Scan using sbtest8_pkey on sbtest8  (cost=0.43..390.99 rows=99 width=125)
	  Index Cond: ((id >= 7394054) AND (id <= 7394154))

for range-notcovered
table 1 : explain SELECT id, c FROM sbtest1 WHERE id BETWEEN 4927673 AND 4927773
	Index Scan using sbtest1_pkey on sbtest1  (cost=0.43..400.40 rows=101 width=125)
	  Index Cond: ((id >= 4927673) AND (id <= 4927773))

table 2 : explain SELECT id, c FROM sbtest2 WHERE id BETWEEN 4927673 AND 4927773
	Index Scan using sbtest2_pkey on sbtest2  (cost=0.43..427.94 rows=108 width=125)
	  Index Cond: ((id >= 4927673) AND (id <= 4927773))

table 3 : explain SELECT id, c FROM sbtest3 WHERE id BETWEEN 4927673 AND 4927773
	Index Scan using sbtest3_pkey on sbtest3  (cost=0.43..418.64 rows=106 width=125)
	  Index Cond: ((id >= 4927673) AND (id <= 4927773))

table 4 : explain SELECT id, c FROM sbtest4 WHERE id BETWEEN 4927673 AND 4927773
	Index Scan using sbtest4_pkey on sbtest4  (cost=0.43..400.93 rows=102 width=125)
	  Index Cond: ((id >= 4927673) AND (id <= 4927773))

table 5 : explain SELECT id, c FROM sbtest5 WHERE id BETWEEN 4927673 AND 4927773
	Index Scan using sbtest5_pkey on sbtest5  (cost=0.43..372.28 rows=94 width=125)
	  Index Cond: ((id >= 4927673) AND (id <= 4927773))

table 6 : explain SELECT id, c FROM sbtest6 WHERE id BETWEEN 4927673 AND 4927773
	Index Scan using sbtest6_pkey on sbtest6  (cost=0.43..414.91 rows=105 width=125)
	  Index Cond: ((id >= 4927673) AND (id <= 4927773))

table 7 : explain SELECT id, c FROM sbtest7 WHERE id BETWEEN 4927673 AND 4927773
	Index Scan using sbtest7_pkey on sbtest7  (cost=0.43..413.92 rows=105 width=125)
	  Index Cond: ((id >= 4927673) AND (id <= 4927773))

table 8 : explain SELECT id, c FROM sbtest8 WHERE id BETWEEN 4927673 AND 4927773
	Index Scan using sbtest8_pkey on sbtest8  (cost=0.43..433.92 rows=110 width=125)
	  Index Cond: ((id >= 4927673) AND (id <= 4927773))

explain: for range-notcovered :: explain SELECT id, c FROM sbtest%d WHERE id BETWEEN 4927673 AND 4927773
for range-notcovered
table 1 : explain SELECT id, c FROM sbtest1 WHERE id BETWEEN 3531078 AND 3531178
	Index Scan using sbtest1_pkey on sbtest1  (cost=0.43..408.23 rows=103 width=125)
	  Index Cond: ((id >= 3531078) AND (id <= 3531178))

table 2 : explain SELECT id, c FROM sbtest2 WHERE id BETWEEN 3531078 AND 3531178
	Index Scan using sbtest2_pkey on sbtest2  (cost=0.43..400.50 rows=101 width=125)
	  Index Cond: ((id >= 3531078) AND (id <= 3531178))

table 3 : explain SELECT id, c FROM sbtest3 WHERE id BETWEEN 3531078 AND 3531178
	Index Scan using sbtest3_pkey on sbtest3  (cost=0.43..403.02 rows=102 width=125)
	  Index Cond: ((id >= 3531078) AND (id <= 3531178))

table 4 : explain SELECT id, c FROM sbtest4 WHERE id BETWEEN 3531078 AND 3531178
	Index Scan using sbtest4_pkey on sbtest4  (cost=0.43..381.51 rows=97 width=125)
	  Index Cond: ((id >= 3531078) AND (id <= 3531178))

table 5 : explain SELECT id, c FROM sbtest5 WHERE id BETWEEN 3531078 AND 3531178
	Index Scan using sbtest5_pkey on sbtest5  (cost=0.43..356.63 rows=90 width=125)
	  Index Cond: ((id >= 3531078) AND (id <= 3531178))

table 6 : explain SELECT id, c FROM sbtest6 WHERE id BETWEEN 3531078 AND 3531178
	Index Scan using sbtest6_pkey on sbtest6  (cost=0.43..360.21 rows=91 width=125)
	  Index Cond: ((id >= 3531078) AND (id <= 3531178))

table 7 : explain SELECT id, c FROM sbtest7 WHERE id BETWEEN 3531078 AND 3531178
	Index Scan using sbtest7_pkey on sbtest7  (cost=0.43..410.02 rows=104 width=125)
	  Index Cond: ((id >= 3531078) AND (id <= 3531178))

table 8 : explain SELECT id, c FROM sbtest8 WHERE id BETWEEN 3531078 AND 3531178
	Index Scan using sbtest8_pkey on sbtest8  (cost=0.43..449.53 rows=114 width=125)
	  Index Cond: ((id >= 3531078) AND (id <= 3531178))

for range-notcovered
table 1 : explain SELECT id, c FROM sbtest1 WHERE id BETWEEN 2455099 AND 2455199
	Index Scan using sbtest1_pkey on sbtest1  (cost=0.43..412.15 rows=104 width=125)
	  Index Cond: ((id >= 2455099) AND (id <= 2455199))

table 2 : explain SELECT id, c FROM sbtest2 WHERE id BETWEEN 2455099 AND 2455199
	Index Scan using sbtest2_pkey on sbtest2  (cost=0.43..412.26 rows=104 width=125)
	  Index Cond: ((id >= 2455099) AND (id <= 2455199))

table 3 : explain SELECT id, c FROM sbtest3 WHERE id BETWEEN 2455099 AND 2455199
	Index Scan using sbtest3_pkey on sbtest3  (cost=0.43..403.02 rows=102 width=125)
	  Index Cond: ((id >= 2455099) AND (id <= 2455199))

table 4 : explain SELECT id, c FROM sbtest4 WHERE id BETWEEN 2455099 AND 2455199
	Index Scan using sbtest4_pkey on sbtest4  (cost=0.43..377.62 rows=96 width=125)
	  Index Cond: ((id >= 2455099) AND (id <= 2455199))

table 5 : explain SELECT id, c FROM sbtest5 WHERE id BETWEEN 2455099 AND 2455199
	Index Scan using sbtest5_pkey on sbtest5  (cost=0.43..403.57 rows=102 width=125)
	  Index Cond: ((id >= 2455099) AND (id <= 2455199))

table 6 : explain SELECT id, c FROM sbtest6 WHERE id BETWEEN 2455099 AND 2455199
	Index Scan using sbtest6_pkey on sbtest6  (cost=0.43..371.93 rows=94 width=125)
	  Index Cond: ((id >= 2455099) AND (id <= 2455199))

table 7 : explain SELECT id, c FROM sbtest7 WHERE id BETWEEN 2455099 AND 2455199
	Index Scan using sbtest7_pkey on sbtest7  (cost=0.43..402.22 rows=102 width=125)
	  Index Cond: ((id >= 2455099) AND (id <= 2455199))

table 8 : explain SELECT id, c FROM sbtest8 WHERE id BETWEEN 2455099 AND 2455199
	Index Scan using sbtest8_pkey on sbtest8  (cost=0.43..371.48 rows=94 width=125)
	  Index Cond: ((id >= 2455099) AND (id <= 2455199))

explain: for range-notcovered :: explain SELECT id, c FROM sbtest%d WHERE id BETWEEN 3531078 AND 3531178
for range-notcovered
table 1 : explain SELECT id, c FROM sbtest1 WHERE id BETWEEN 4927673 AND 4927773
	Index Scan using sbtest1_pkey on sbtest1  (cost=0.43..400.40 rows=101 width=125)
	  Index Cond: ((id >= 4927673) AND (id <= 4927773))

table 2 : explain SELECT id, c FROM sbtest2 WHERE id BETWEEN 4927673 AND 4927773
	Index Scan using sbtest2_pkey on sbtest2  (cost=0.43..427.94 rows=108 width=125)
	  Index Cond: ((id >= 4927673) AND (id <= 4927773))

table 3 : explain SELECT id, c FROM sbtest3 WHERE id BETWEEN 4927673 AND 4927773
	Index Scan using sbtest3_pkey on sbtest3  (cost=0.43..418.64 rows=106 width=125)
	  Index Cond: ((id >= 4927673) AND (id <= 4927773))

table 4 : explain SELECT id, c FROM sbtest4 WHERE id BETWEEN 4927673 AND 4927773
	Index Scan using sbtest4_pkey on sbtest4  (cost=0.43..400.93 rows=102 width=125)
	  Index Cond: ((id >= 4927673) AND (id <= 4927773))

table 5 : explain SELECT id, c FROM sbtest5 WHERE id BETWEEN 4927673 AND 4927773
	Index Scan using sbtest5_pkey on sbtest5  (cost=0.43..372.28 rows=94 width=125)
	  Index Cond: ((id >= 4927673) AND (id <= 4927773))

table 6 : explain SELECT id, c FROM sbtest6 WHERE id BETWEEN 4927673 AND 4927773
	Index Scan using sbtest6_pkey on sbtest6  (cost=0.43..414.91 rows=105 width=125)
	  Index Cond: ((id >= 4927673) AND (id <= 4927773))

table 7 : explain SELECT id, c FROM sbtest7 WHERE id BETWEEN 4927673 AND 4927773
	Index Scan using sbtest7_pkey on sbtest7  (cost=0.43..413.92 rows=105 width=125)
	  Index Cond: ((id >= 4927673) AND (id <= 4927773))

table 8 : explain SELECT id, c FROM sbtest8 WHERE id BETWEEN 4927673 AND 4927773
	Index Scan using sbtest8_pkey on sbtest8  (cost=0.43..433.92 rows=110 width=125)
	  Index Cond: ((id >= 4927673) AND (id <= 4927773))

explain: for range-notcovered :: explain SELECT id, c FROM sbtest%d WHERE id BETWEEN 2455099 AND 2455199
for range-notcovered
table 1 : explain SELECT id, c FROM sbtest1 WHERE id BETWEEN 6777236 AND 6777336
	Index Scan using sbtest1_pkey on sbtest1  (cost=0.43..392.56 rows=99 width=125)
	  Index Cond: ((id >= 6777236) AND (id <= 6777336))

table 2 : explain SELECT id, c FROM sbtest2 WHERE id BETWEEN 6777236 AND 6777336
	Index Scan using sbtest2_pkey on sbtest2  (cost=0.43..376.99 rows=95 width=125)
	  Index Cond: ((id >= 6777236) AND (id <= 6777336))

table 3 : explain SELECT id, c FROM sbtest3 WHERE id BETWEEN 6777236 AND 6777336
	Index Scan using sbtest3_pkey on sbtest3  (cost=0.43..379.58 rows=96 width=125)
	  Index Cond: ((id >= 6777236) AND (id <= 6777336))

table 4 : explain SELECT id, c FROM sbtest4 WHERE id BETWEEN 6777236 AND 6777336
	Index Scan using sbtest4_pkey on sbtest4  (cost=0.43..404.82 rows=103 width=125)
	  Index Cond: ((id >= 6777236) AND (id <= 6777336))

table 5 : explain SELECT id, c FROM sbtest5 WHERE id BETWEEN 6777236 AND 6777336
	Index Scan using sbtest5_pkey on sbtest5  (cost=0.43..380.10 rows=96 width=125)
	  Index Cond: ((id >= 6777236) AND (id <= 6777336))

table 6 : explain SELECT id, c FROM sbtest6 WHERE id BETWEEN 6777236 AND 6777336
	Index Scan using sbtest6_pkey on sbtest6  (cost=0.43..418.82 rows=106 width=125)
	  Index Cond: ((id >= 6777236) AND (id <= 6777336))

table 7 : explain SELECT id, c FROM sbtest7 WHERE id BETWEEN 6777236 AND 6777336
	Index Scan using sbtest7_pkey on sbtest7  (cost=0.43..378.84 rows=96 width=125)
	  Index Cond: ((id >= 6777236) AND (id <= 6777336))

table 8 : explain SELECT id, c FROM sbtest8 WHERE id BETWEEN 6777236 AND 6777336
	Index Scan using sbtest8_pkey on sbtest8  (cost=0.43..398.80 rows=101 width=125)
	  Index Cond: ((id >= 6777236) AND (id <= 6777336))

explain: for range-notcovered :: explain SELECT id, c FROM sbtest%d WHERE id BETWEEN 4927673 AND 4927773
for range-notcovered
table 1 : explain SELECT id, c FROM sbtest1 WHERE id BETWEEN 3531078 AND 3531178
	Index Scan using sbtest1_pkey on sbtest1  (cost=0.43..408.23 rows=103 width=125)
	  Index Cond: ((id >= 3531078) AND (id <= 3531178))

table 2 : explain SELECT id, c FROM sbtest2 WHERE id BETWEEN 3531078 AND 3531178
	Index Scan using sbtest2_pkey on sbtest2  (cost=0.43..400.50 rows=101 width=125)
	  Index Cond: ((id >= 3531078) AND (id <= 3531178))

table 3 : explain SELECT id, c FROM sbtest3 WHERE id BETWEEN 3531078 AND 3531178
	Index Scan using sbtest3_pkey on sbtest3  (cost=0.43..403.02 rows=102 width=125)
	  Index Cond: ((id >= 3531078) AND (id <= 3531178))

table 4 : explain SELECT id, c FROM sbtest4 WHERE id BETWEEN 3531078 AND 3531178
	Index Scan using sbtest4_pkey on sbtest4  (cost=0.43..381.51 rows=97 width=125)
	  Index Cond: ((id >= 3531078) AND (id <= 3531178))

table 5 : explain SELECT id, c FROM sbtest5 WHERE id BETWEEN 3531078 AND 3531178
	Index Scan using sbtest5_pkey on sbtest5  (cost=0.43..356.63 rows=90 width=125)
	  Index Cond: ((id >= 3531078) AND (id <= 3531178))

table 6 : explain SELECT id, c FROM sbtest6 WHERE id BETWEEN 3531078 AND 3531178
	Index Scan using sbtest6_pkey on sbtest6  (cost=0.43..360.21 rows=91 width=125)
	  Index Cond: ((id >= 3531078) AND (id <= 3531178))

table 7 : explain SELECT id, c FROM sbtest7 WHERE id BETWEEN 3531078 AND 3531178
	Index Scan using sbtest7_pkey on sbtest7  (cost=0.43..410.02 rows=104 width=125)
	  Index Cond: ((id >= 3531078) AND (id <= 3531178))

table 8 : explain SELECT id, c FROM sbtest8 WHERE id BETWEEN 3531078 AND 3531178
	Index Scan using sbtest8_pkey on sbtest8  (cost=0.43..449.53 rows=114 width=125)
	  Index Cond: ((id >= 3531078) AND (id <= 3531178))

explain: for range-notcovered :: explain SELECT id, c FROM sbtest%d WHERE id BETWEEN 3531078 AND 3531178
for range-notcovered
table 1 : explain SELECT id, c FROM sbtest1 WHERE id BETWEEN 4927673 AND 4927773
	Index Scan using sbtest1_pkey on sbtest1  (cost=0.43..400.40 rows=101 width=125)
	  Index Cond: ((id >= 4927673) AND (id <= 4927773))

table 2 : explain SELECT id, c FROM sbtest2 WHERE id BETWEEN 4927673 AND 4927773
	Index Scan using sbtest2_pkey on sbtest2  (cost=0.43..427.94 rows=108 width=125)
	  Index Cond: ((id >= 4927673) AND (id <= 4927773))

table 3 : explain SELECT id, c FROM sbtest3 WHERE id BETWEEN 4927673 AND 4927773
	Index Scan using sbtest3_pkey on sbtest3  (cost=0.43..418.64 rows=106 width=125)
	  Index Cond: ((id >= 4927673) AND (id <= 4927773))

table 4 : explain SELECT id, c FROM sbtest4 WHERE id BETWEEN 4927673 AND 4927773
	Index Scan using sbtest4_pkey on sbtest4  (cost=0.43..400.93 rows=102 width=125)
	  Index Cond: ((id >= 4927673) AND (id <= 4927773))

table 5 : explain SELECT id, c FROM sbtest5 WHERE id BETWEEN 4927673 AND 4927773
	Index Scan using sbtest5_pkey on sbtest5  (cost=0.43..372.28 rows=94 width=125)
	  Index Cond: ((id >= 4927673) AND (id <= 4927773))

table 6 : explain SELECT id, c FROM sbtest6 WHERE id BETWEEN 4927673 AND 4927773
	Index Scan using sbtest6_pkey on sbtest6  (cost=0.43..414.91 rows=105 width=125)
	  Index Cond: ((id >= 4927673) AND (id <= 4927773))

table 7 : explain SELECT id, c FROM sbtest7 WHERE id BETWEEN 4927673 AND 4927773
	Index Scan using sbtest7_pkey on sbtest7  (cost=0.43..413.92 rows=105 width=125)
	  Index Cond: ((id >= 4927673) AND (id <= 4927773))

table 8 : explain SELECT id, c FROM sbtest8 WHERE id BETWEEN 4927673 AND 4927773
	Index Scan using sbtest8_pkey on sbtest8  (cost=0.43..433.92 rows=110 width=125)
	  Index Cond: ((id >= 4927673) AND (id <= 4927773))

explain: for range-notcovered :: explain SELECT id, c FROM sbtest%d WHERE id BETWEEN 4927673 AND 4927773
for range-notcovered
table 1 : explain SELECT id, c FROM sbtest1 WHERE id BETWEEN 2455099 AND 2455199
	Index Scan using sbtest1_pkey on sbtest1  (cost=0.43..412.15 rows=104 width=125)
	  Index Cond: ((id >= 2455099) AND (id <= 2455199))

table 2 : explain SELECT id, c FROM sbtest2 WHERE id BETWEEN 2455099 AND 2455199
	Index Scan using sbtest2_pkey on sbtest2  (cost=0.43..412.26 rows=104 width=125)
	  Index Cond: ((id >= 2455099) AND (id <= 2455199))

table 3 : explain SELECT id, c FROM sbtest3 WHERE id BETWEEN 2455099 AND 2455199
	Index Scan using sbtest3_pkey on sbtest3  (cost=0.43..403.02 rows=102 width=125)
	  Index Cond: ((id >= 2455099) AND (id <= 2455199))

table 4 : explain SELECT id, c FROM sbtest4 WHERE id BETWEEN 2455099 AND 2455199
	Index Scan using sbtest4_pkey on sbtest4  (cost=0.43..377.62 rows=96 width=125)
	  Index Cond: ((id >= 2455099) AND (id <= 2455199))

table 5 : explain SELECT id, c FROM sbtest5 WHERE id BETWEEN 2455099 AND 2455199
	Index Scan using sbtest5_pkey on sbtest5  (cost=0.43..403.57 rows=102 width=125)
	  Index Cond: ((id >= 2455099) AND (id <= 2455199))

table 6 : explain SELECT id, c FROM sbtest6 WHERE id BETWEEN 2455099 AND 2455199
	Index Scan using sbtest6_pkey on sbtest6  (cost=0.43..371.93 rows=94 width=125)
	  Index Cond: ((id >= 2455099) AND (id <= 2455199))

table 7 : explain SELECT id, c FROM sbtest7 WHERE id BETWEEN 2455099 AND 2455199
	Index Scan using sbtest7_pkey on sbtest7  (cost=0.43..402.22 rows=102 width=125)
	  Index Cond: ((id >= 2455099) AND (id <= 2455199))

table 8 : explain SELECT id, c FROM sbtest8 WHERE id BETWEEN 2455099 AND 2455199
	Index Scan using sbtest8_pkey on sbtest8  (cost=0.43..371.48 rows=94 width=125)
	  Index Cond: ((id >= 2455099) AND (id <= 2455199))

explain: for range-notcovered :: explain SELECT id, c FROM sbtest%d WHERE id BETWEEN 2455099 AND 2455199
for range-notcovered
table 1 : explain SELECT id, c FROM sbtest1 WHERE id BETWEEN 3531078 AND 3531178
	Index Scan using sbtest1_pkey on sbtest1  (cost=0.43..408.23 rows=103 width=125)
	  Index Cond: ((id >= 3531078) AND (id <= 3531178))

table 2 : explain SELECT id, c FROM sbtest2 WHERE id BETWEEN 3531078 AND 3531178
	Index Scan using sbtest2_pkey on sbtest2  (cost=0.43..400.50 rows=101 width=125)
	  Index Cond: ((id >= 3531078) AND (id <= 3531178))

table 3 : explain SELECT id, c FROM sbtest3 WHERE id BETWEEN 3531078 AND 3531178
	Index Scan using sbtest3_pkey on sbtest3  (cost=0.43..403.02 rows=102 width=125)
	  Index Cond: ((id >= 3531078) AND (id <= 3531178))

table 4 : explain SELECT id, c FROM sbtest4 WHERE id BETWEEN 3531078 AND 3531178
	Index Scan using sbtest4_pkey on sbtest4  (cost=0.43..381.51 rows=97 width=125)
	  Index Cond: ((id >= 3531078) AND (id <= 3531178))

table 5 : explain SELECT id, c FROM sbtest5 WHERE id BETWEEN 3531078 AND 3531178
	Index Scan using sbtest5_pkey on sbtest5  (cost=0.43..356.63 rows=90 width=125)
	  Index Cond: ((id >= 3531078) AND (id <= 3531178))

table 6 : explain SELECT id, c FROM sbtest6 WHERE id BETWEEN 3531078 AND 3531178
	Index Scan using sbtest6_pkey on sbtest6  (cost=0.43..360.21 rows=91 width=125)
	  Index Cond: ((id >= 3531078) AND (id <= 3531178))

table 7 : explain SELECT id, c FROM sbtest7 WHERE id BETWEEN 3531078 AND 3531178
	Index Scan using sbtest7_pkey on sbtest7  (cost=0.43..410.02 rows=104 width=125)
	  Index Cond: ((id >= 3531078) AND (id <= 3531178))

table 8 : explain SELECT id, c FROM sbtest8 WHERE id BETWEEN 3531078 AND 3531178
	Index Scan using sbtest8_pkey on sbtest8  (cost=0.43..449.53 rows=114 width=125)
	  Index Cond: ((id >= 3531078) AND (id <= 3531178))

explain: for range-notcovered :: explain SELECT id, c FROM sbtest%d WHERE id BETWEEN 3531078 AND 3531178
for range-notcovered
table 1 : explain SELECT id, c FROM sbtest1 WHERE id BETWEEN 4927673 AND 4927773
	Index Scan using sbtest1_pkey on sbtest1  (cost=0.43..400.40 rows=101 width=125)
	  Index Cond: ((id >= 4927673) AND (id <= 4927773))

table 2 : explain SELECT id, c FROM sbtest2 WHERE id BETWEEN 4927673 AND 4927773
	Index Scan using sbtest2_pkey on sbtest2  (cost=0.43..427.94 rows=108 width=125)
	  Index Cond: ((id >= 4927673) AND (id <= 4927773))

table 3 : explain SELECT id, c FROM sbtest3 WHERE id BETWEEN 4927673 AND 4927773
	Index Scan using sbtest3_pkey on sbtest3  (cost=0.43..418.64 rows=106 width=125)
	  Index Cond: ((id >= 4927673) AND (id <= 4927773))

table 4 : explain SELECT id, c FROM sbtest4 WHERE id BETWEEN 4927673 AND 4927773
	Index Scan using sbtest4_pkey on sbtest4  (cost=0.43..400.93 rows=102 width=125)
	  Index Cond: ((id >= 4927673) AND (id <= 4927773))

table 5 : explain SELECT id, c FROM sbtest5 WHERE id BETWEEN 4927673 AND 4927773
	Index Scan using sbtest5_pkey on sbtest5  (cost=0.43..372.28 rows=94 width=125)
	  Index Cond: ((id >= 4927673) AND (id <= 4927773))

table 6 : explain SELECT id, c FROM sbtest6 WHERE id BETWEEN 4927673 AND 4927773
	Index Scan using sbtest6_pkey on sbtest6  (cost=0.43..414.91 rows=105 width=125)
	  Index Cond: ((id >= 4927673) AND (id <= 4927773))

table 7 : explain SELECT id, c FROM sbtest7 WHERE id BETWEEN 4927673 AND 4927773
	Index Scan using sbtest7_pkey on sbtest7  (cost=0.43..413.92 rows=105 width=125)
	  Index Cond: ((id >= 4927673) AND (id <= 4927773))

table 8 : explain SELECT id, c FROM sbtest8 WHERE id BETWEEN 4927673 AND 4927773
	Index Scan using sbtest8_pkey on sbtest8  (cost=0.43..433.92 rows=110 width=125)
	  Index Cond: ((id >= 4927673) AND (id <= 4927773))

explain: for range-notcovered :: explain SELECT id, c FROM sbtest%d WHERE id BETWEEN 4927673 AND 4927773
for range-notcovered
table 1 : explain SELECT id, c FROM sbtest1 WHERE id BETWEEN 2455099 AND 2455199
	Index Scan using sbtest1_pkey on sbtest1  (cost=0.43..412.15 rows=104 width=125)
	  Index Cond: ((id >= 2455099) AND (id <= 2455199))

table 2 : explain SELECT id, c FROM sbtest2 WHERE id BETWEEN 2455099 AND 2455199
	Index Scan using sbtest2_pkey on sbtest2  (cost=0.43..412.26 rows=104 width=125)
	  Index Cond: ((id >= 2455099) AND (id <= 2455199))

table 3 : explain SELECT id, c FROM sbtest3 WHERE id BETWEEN 2455099 AND 2455199
	Index Scan using sbtest3_pkey on sbtest3  (cost=0.43..403.02 rows=102 width=125)
	  Index Cond: ((id >= 2455099) AND (id <= 2455199))

table 4 : explain SELECT id, c FROM sbtest4 WHERE id BETWEEN 2455099 AND 2455199
	Index Scan using sbtest4_pkey on sbtest4  (cost=0.43..377.62 rows=96 width=125)
	  Index Cond: ((id >= 2455099) AND (id <= 2455199))

table 5 : explain SELECT id, c FROM sbtest5 WHERE id BETWEEN 2455099 AND 2455199
	Index Scan using sbtest5_pkey on sbtest5  (cost=0.43..403.57 rows=102 width=125)
	  Index Cond: ((id >= 2455099) AND (id <= 2455199))

table 6 : explain SELECT id, c FROM sbtest6 WHERE id BETWEEN 2455099 AND 2455199
	Index Scan using sbtest6_pkey on sbtest6  (cost=0.43..371.93 rows=94 width=125)
	  Index Cond: ((id >= 2455099) AND (id <= 2455199))

table 7 : explain SELECT id, c FROM sbtest7 WHERE id BETWEEN 2455099 AND 2455199
	Index Scan using sbtest7_pkey on sbtest7  (cost=0.43..402.22 rows=102 width=125)
	  Index Cond: ((id >= 2455099) AND (id <= 2455199))

table 8 : explain SELECT id, c FROM sbtest8 WHERE id BETWEEN 2455099 AND 2455199
	Index Scan using sbtest8_pkey on sbtest8  (cost=0.43..371.48 rows=94 width=125)
	  Index Cond: ((id >= 2455099) AND (id <= 2455199))

explain: for range-notcovered :: explain SELECT id, c FROM sbtest%d WHERE id BETWEEN 5413945 AND 5414045
for range-notcovered
table 1 : explain SELECT id, c FROM sbtest1 WHERE id BETWEEN 4927673 AND 4927773
	Index Scan using sbtest1_pkey on sbtest1  (cost=0.43..400.40 rows=101 width=125)
	  Index Cond: ((id >= 4927673) AND (id <= 4927773))

table 2 : explain SELECT id, c FROM sbtest2 WHERE id BETWEEN 4927673 AND 4927773
	Index Scan using sbtest2_pkey on sbtest2  (cost=0.43..427.94 rows=108 width=125)
	  Index Cond: ((id >= 4927673) AND (id <= 4927773))

table 3 : explain SELECT id, c FROM sbtest3 WHERE id BETWEEN 4927673 AND 4927773
	Index Scan using sbtest3_pkey on sbtest3  (cost=0.43..418.64 rows=106 width=125)
	  Index Cond: ((id >= 4927673) AND (id <= 4927773))

table 4 : explain SELECT id, c FROM sbtest4 WHERE id BETWEEN 4927673 AND 4927773
	Index Scan using sbtest4_pkey on sbtest4  (cost=0.43..400.93 rows=102 width=125)
	  Index Cond: ((id >= 4927673) AND (id <= 4927773))

table 5 : explain SELECT id, c FROM sbtest5 WHERE id BETWEEN 4927673 AND 4927773
	Index Scan using sbtest5_pkey on sbtest5  (cost=0.43..372.28 rows=94 width=125)
	  Index Cond: ((id >= 4927673) AND (id <= 4927773))

table 6 : explain SELECT id, c FROM sbtest6 WHERE id BETWEEN 4927673 AND 4927773
	Index Scan using sbtest6_pkey on sbtest6  (cost=0.43..414.91 rows=105 width=125)
	  Index Cond: ((id >= 4927673) AND (id <= 4927773))

table 7 : explain SELECT id, c FROM sbtest7 WHERE id BETWEEN 4927673 AND 4927773
	Index Scan using sbtest7_pkey on sbtest7  (cost=0.43..413.92 rows=105 width=125)
	  Index Cond: ((id >= 4927673) AND (id <= 4927773))

table 8 : explain SELECT id, c FROM sbtest8 WHERE id BETWEEN 4927673 AND 4927773
	Index Scan using sbtest8_pkey on sbtest8  (cost=0.43..433.92 rows=110 width=125)
	  Index Cond: ((id >= 4927673) AND (id <= 4927773))

explain: for range-notcovered :: explain SELECT id, c FROM sbtest%d WHERE id BETWEEN 4927673 AND 4927773
explain: for range-notcovered :: explain SELECT id, c FROM sbtest%d WHERE id BETWEEN 2455099 AND 2455199
explain: for range-notcovered :: explain SELECT id, c FROM sbtest%d WHERE id BETWEEN 3311264 AND 3311364
for range-notcovered
table 1 : explain SELECT id, c FROM sbtest1 WHERE id BETWEEN 3531078 AND 3531178
	Index Scan using sbtest1_pkey on sbtest1  (cost=0.43..408.23 rows=103 width=125)
	  Index Cond: ((id >= 3531078) AND (id <= 3531178))

table 2 : explain SELECT id, c FROM sbtest2 WHERE id BETWEEN 3531078 AND 3531178
	Index Scan using sbtest2_pkey on sbtest2  (cost=0.43..400.50 rows=101 width=125)
	  Index Cond: ((id >= 3531078) AND (id <= 3531178))

table 3 : explain SELECT id, c FROM sbtest3 WHERE id BETWEEN 3531078 AND 3531178
	Index Scan using sbtest3_pkey on sbtest3  (cost=0.43..403.02 rows=102 width=125)
	  Index Cond: ((id >= 3531078) AND (id <= 3531178))

table 4 : explain SELECT id, c FROM sbtest4 WHERE id BETWEEN 3531078 AND 3531178
	Index Scan using sbtest4_pkey on sbtest4  (cost=0.43..381.51 rows=97 width=125)
	  Index Cond: ((id >= 3531078) AND (id <= 3531178))

table 5 : explain SELECT id, c FROM sbtest5 WHERE id BETWEEN 3531078 AND 3531178
	Index Scan using sbtest5_pkey on sbtest5  (cost=0.43..356.63 rows=90 width=125)
	  Index Cond: ((id >= 3531078) AND (id <= 3531178))

table 6 : explain SELECT id, c FROM sbtest6 WHERE id BETWEEN 3531078 AND 3531178
	Index Scan using sbtest6_pkey on sbtest6  (cost=0.43..360.21 rows=91 width=125)
	  Index Cond: ((id >= 3531078) AND (id <= 3531178))

table 7 : explain SELECT id, c FROM sbtest7 WHERE id BETWEEN 3531078 AND 3531178
	Index Scan using sbtest7_pkey on sbtest7  (cost=0.43..410.02 rows=104 width=125)
	  Index Cond: ((id >= 3531078) AND (id <= 3531178))

table 8 : explain SELECT id, c FROM sbtest8 WHERE id BETWEEN 3531078 AND 3531178
	Index Scan using sbtest8_pkey on sbtest8  (cost=0.43..449.53 rows=114 width=125)
	  Index Cond: ((id >= 3531078) AND (id <= 3531178))

explain: for range-notcovered :: explain SELECT id, c FROM sbtest%d WHERE id BETWEEN 3531078 AND 3531178
for range-notcovered
table 1 : explain SELECT id, c FROM sbtest1 WHERE id BETWEEN 4927673 AND 4927773
	Index Scan using sbtest1_pkey on sbtest1  (cost=0.43..400.40 rows=101 width=125)
	  Index Cond: ((id >= 4927673) AND (id <= 4927773))

table 2 : explain SELECT id, c FROM sbtest2 WHERE id BETWEEN 4927673 AND 4927773
	Index Scan using sbtest2_pkey on sbtest2  (cost=0.43..427.94 rows=108 width=125)
	  Index Cond: ((id >= 4927673) AND (id <= 4927773))

table 3 : explain SELECT id, c FROM sbtest3 WHERE id BETWEEN 4927673 AND 4927773
	Index Scan using sbtest3_pkey on sbtest3  (cost=0.43..418.64 rows=106 width=125)
	  Index Cond: ((id >= 4927673) AND (id <= 4927773))

table 4 : explain SELECT id, c FROM sbtest4 WHERE id BETWEEN 4927673 AND 4927773
	Index Scan using sbtest4_pkey on sbtest4  (cost=0.43..400.93 rows=102 width=125)
	  Index Cond: ((id >= 4927673) AND (id <= 4927773))

table 5 : explain SELECT id, c FROM sbtest5 WHERE id BETWEEN 4927673 AND 4927773
	Index Scan using sbtest5_pkey on sbtest5  (cost=0.43..372.28 rows=94 width=125)
	  Index Cond: ((id >= 4927673) AND (id <= 4927773))

table 6 : explain SELECT id, c FROM sbtest6 WHERE id BETWEEN 4927673 AND 4927773
	Index Scan using sbtest6_pkey on sbtest6  (cost=0.43..414.91 rows=105 width=125)
	  Index Cond: ((id >= 4927673) AND (id <= 4927773))

table 7 : explain SELECT id, c FROM sbtest7 WHERE id BETWEEN 4927673 AND 4927773
	Index Scan using sbtest7_pkey on sbtest7  (cost=0.43..413.92 rows=105 width=125)
	  Index Cond: ((id >= 4927673) AND (id <= 4927773))

table 8 : explain SELECT id, c FROM sbtest8 WHERE id BETWEEN 4927673 AND 4927773
	Index Scan using sbtest8_pkey on sbtest8  (cost=0.43..433.92 rows=110 width=125)
	  Index Cond: ((id >= 4927673) AND (id <= 4927773))

explain: for range-notcovered :: explain SELECT id, c FROM sbtest%d WHERE id BETWEEN 4927673 AND 4927773
for range-notcovered
table 1 : explain SELECT id, c FROM sbtest1 WHERE id BETWEEN 2729408 AND 2729508
	Index Scan using sbtest1_pkey on sbtest1  (cost=0.43..380.78 rows=96 width=125)
	  Index Cond: ((id >= 2729408) AND (id <= 2729508))

table 2 : explain SELECT id, c FROM sbtest2 WHERE id BETWEEN 2729408 AND 2729508
	Index Scan using sbtest2_pkey on sbtest2  (cost=0.43..431.86 rows=109 width=125)
	  Index Cond: ((id >= 2729408) AND (id <= 2729508))

table 3 : explain SELECT id, c FROM sbtest3 WHERE id BETWEEN 2729408 AND 2729508
	Index Scan using sbtest3_pkey on sbtest3  (cost=0.43..434.26 rows=110 width=125)
	  Index Cond: ((id >= 2729408) AND (id <= 2729508))

table 4 : explain SELECT id, c FROM sbtest4 WHERE id BETWEEN 2729408 AND 2729508
	Index Scan using sbtest4_pkey on sbtest4  (cost=0.43..338.74 rows=86 width=125)
	  Index Cond: ((id >= 2729408) AND (id <= 2729508))

table 5 : explain SELECT id, c FROM sbtest5 WHERE id BETWEEN 2729408 AND 2729508
	Index Scan using sbtest5_pkey on sbtest5  (cost=0.43..352.69 rows=89 width=125)
	  Index Cond: ((id >= 2729408) AND (id <= 2729508))

table 6 : explain SELECT id, c FROM sbtest6 WHERE id BETWEEN 2729408 AND 2729508
	Index Scan using sbtest6_pkey on sbtest6  (cost=0.43..407.10 rows=103 width=125)
	  Index Cond: ((id >= 2729408) AND (id <= 2729508))

table 7 : explain SELECT id, c FROM sbtest7 WHERE id BETWEEN 2729408 AND 2729508
	Index Scan using sbtest7_pkey on sbtest7  (cost=0.43..386.63 rows=98 width=125)
	  Index Cond: ((id >= 2729408) AND (id <= 2729508))

table 8 : explain SELECT id, c FROM sbtest8 WHERE id BETWEEN 2729408 AND 2729508
	Index Scan using sbtest8_pkey on sbtest8  (cost=0.43..461.24 rows=117 width=125)
	  Index Cond: ((id >= 2729408) AND (id <= 2729508))

explain: for range-notcovered :: explain SELECT id, c FROM sbtest%d WHERE id BETWEEN 2729408 AND 2729508
for range-notcovered
table 1 : explain SELECT id, c FROM sbtest1 WHERE id BETWEEN 2455099 AND 2455199
	Index Scan using sbtest1_pkey on sbtest1  (cost=0.43..412.15 rows=104 width=125)
	  Index Cond: ((id >= 2455099) AND (id <= 2455199))

table 2 : explain SELECT id, c FROM sbtest2 WHERE id BETWEEN 2455099 AND 2455199
	Index Scan using sbtest2_pkey on sbtest2  (cost=0.43..412.26 rows=104 width=125)
	  Index Cond: ((id >= 2455099) AND (id <= 2455199))

table 3 : explain SELECT id, c FROM sbtest3 WHERE id BETWEEN 2455099 AND 2455199
	Index Scan using sbtest3_pkey on sbtest3  (cost=0.43..403.02 rows=102 width=125)
	  Index Cond: ((id >= 2455099) AND (id <= 2455199))

table 4 : explain SELECT id, c FROM sbtest4 WHERE id BETWEEN 2455099 AND 2455199
	Index Scan using sbtest4_pkey on sbtest4  (cost=0.43..377.62 rows=96 width=125)
	  Index Cond: ((id >= 2455099) AND (id <= 2455199))

table 5 : explain SELECT id, c FROM sbtest5 WHERE id BETWEEN 2455099 AND 2455199
	Index Scan using sbtest5_pkey on sbtest5  (cost=0.43..403.57 rows=102 width=125)
	  Index Cond: ((id >= 2455099) AND (id <= 2455199))

table 6 : explain SELECT id, c FROM sbtest6 WHERE id BETWEEN 2455099 AND 2455199
	Index Scan using sbtest6_pkey on sbtest6  (cost=0.43..371.93 rows=94 width=125)
	  Index Cond: ((id >= 2455099) AND (id <= 2455199))

table 7 : explain SELECT id, c FROM sbtest7 WHERE id BETWEEN 2455099 AND 2455199
	Index Scan using sbtest7_pkey on sbtest7  (cost=0.43..402.22 rows=102 width=125)
	  Index Cond: ((id >= 2455099) AND (id <= 2455199))

table 8 : explain SELECT id, c FROM sbtest8 WHERE id BETWEEN 2455099 AND 2455199
	Index Scan using sbtest8_pkey on sbtest8  (cost=0.43..371.48 rows=94 width=125)
	  Index Cond: ((id >= 2455099) AND (id <= 2455199))

explain: for range-notcovered :: explain SELECT id, c FROM sbtest%d WHERE id BETWEEN 2455099 AND 2455199
for range-notcovered
table 1 : explain SELECT id, c FROM sbtest1 WHERE id BETWEEN 2729408 AND 2729508
	Index Scan using sbtest1_pkey on sbtest1  (cost=0.43..380.78 rows=96 width=125)
	  Index Cond: ((id >= 2729408) AND (id <= 2729508))

table 2 : explain SELECT id, c FROM sbtest2 WHERE id BETWEEN 2729408 AND 2729508
	Index Scan using sbtest2_pkey on sbtest2  (cost=0.43..431.86 rows=109 width=125)
	  Index Cond: ((id >= 2729408) AND (id <= 2729508))

table 3 : explain SELECT id, c FROM sbtest3 WHERE id BETWEEN 2729408 AND 2729508
	Index Scan using sbtest3_pkey on sbtest3  (cost=0.43..434.26 rows=110 width=125)
	  Index Cond: ((id >= 2729408) AND (id <= 2729508))

table 4 : explain SELECT id, c FROM sbtest4 WHERE id BETWEEN 2729408 AND 2729508
	Index Scan using sbtest4_pkey on sbtest4  (cost=0.43..338.74 rows=86 width=125)
	  Index Cond: ((id >= 2729408) AND (id <= 2729508))

table 5 : explain SELECT id, c FROM sbtest5 WHERE id BETWEEN 2729408 AND 2729508
	Index Scan using sbtest5_pkey on sbtest5  (cost=0.43..352.69 rows=89 width=125)
	  Index Cond: ((id >= 2729408) AND (id <= 2729508))

table 6 : explain SELECT id, c FROM sbtest6 WHERE id BETWEEN 2729408 AND 2729508
	Index Scan using sbtest6_pkey on sbtest6  (cost=0.43..407.10 rows=103 width=125)
	  Index Cond: ((id >= 2729408) AND (id <= 2729508))

table 7 : explain SELECT id, c FROM sbtest7 WHERE id BETWEEN 2729408 AND 2729508
	Index Scan using sbtest7_pkey on sbtest7  (cost=0.43..386.63 rows=98 width=125)
	  Index Cond: ((id >= 2729408) AND (id <= 2729508))

table 8 : explain SELECT id, c FROM sbtest8 WHERE id BETWEEN 2729408 AND 2729508
	Index Scan using sbtest8_pkey on sbtest8  (cost=0.43..461.24 rows=117 width=125)
	  Index Cond: ((id >= 2729408) AND (id <= 2729508))

explain: for range-notcovered :: explain SELECT id, c FROM sbtest%d WHERE id BETWEEN 2729408 AND 2729508
for range-notcovered
table 1 : explain SELECT id, c FROM sbtest1 WHERE id BETWEEN 3531078 AND 3531178
	Index Scan using sbtest1_pkey on sbtest1  (cost=0.43..408.23 rows=103 width=125)
	  Index Cond: ((id >= 3531078) AND (id <= 3531178))

table 2 : explain SELECT id, c FROM sbtest2 WHERE id BETWEEN 3531078 AND 3531178
	Index Scan using sbtest2_pkey on sbtest2  (cost=0.43..400.50 rows=101 width=125)
	  Index Cond: ((id >= 3531078) AND (id <= 3531178))

table 3 : explain SELECT id, c FROM sbtest3 WHERE id BETWEEN 3531078 AND 3531178
	Index Scan using sbtest3_pkey on sbtest3  (cost=0.43..403.02 rows=102 width=125)
	  Index Cond: ((id >= 3531078) AND (id <= 3531178))

table 4 : explain SELECT id, c FROM sbtest4 WHERE id BETWEEN 3531078 AND 3531178
	Index Scan using sbtest4_pkey on sbtest4  (cost=0.43..381.51 rows=97 width=125)
	  Index Cond: ((id >= 3531078) AND (id <= 3531178))

table 5 : explain SELECT id, c FROM sbtest5 WHERE id BETWEEN 3531078 AND 3531178
	Index Scan using sbtest5_pkey on sbtest5  (cost=0.43..356.63 rows=90 width=125)
	  Index Cond: ((id >= 3531078) AND (id <= 3531178))

table 6 : explain SELECT id, c FROM sbtest6 WHERE id BETWEEN 3531078 AND 3531178
	Index Scan using sbtest6_pkey on sbtest6  (cost=0.43..360.21 rows=91 width=125)
	  Index Cond: ((id >= 3531078) AND (id <= 3531178))

table 7 : explain SELECT id, c FROM sbtest7 WHERE id BETWEEN 3531078 AND 3531178
	Index Scan using sbtest7_pkey on sbtest7  (cost=0.43..410.02 rows=104 width=125)
	  Index Cond: ((id >= 3531078) AND (id <= 3531178))

table 8 : explain SELECT id, c FROM sbtest8 WHERE id BETWEEN 3531078 AND 3531178
	Index Scan using sbtest8_pkey on sbtest8  (cost=0.43..449.53 rows=114 width=125)
	  Index Cond: ((id >= 3531078) AND (id <= 3531178))

explain: for range-notcovered :: explain SELECT id, c FROM sbtest%d WHERE id BETWEEN 6198722 AND 6198822
explain: for range-notcovered :: explain SELECT id, c FROM sbtest%d WHERE id BETWEEN 3531078 AND 3531178
for range-notcovered
table 1 : explain SELECT id, c FROM sbtest1 WHERE id BETWEEN 6878534 AND 6878634
	Index Scan using sbtest1_pkey on sbtest1  (cost=0.43..388.64 rows=98 width=125)
	  Index Cond: ((id >= 6878534) AND (id <= 6878634))

table 2 : explain SELECT id, c FROM sbtest2 WHERE id BETWEEN 6878534 AND 6878634
	Index Scan using sbtest2_pkey on sbtest2  (cost=0.43..392.67 rows=99 width=125)
	  Index Cond: ((id >= 6878534) AND (id <= 6878634))

table 3 : explain SELECT id, c FROM sbtest3 WHERE id BETWEEN 6878534 AND 6878634
	Index Scan using sbtest3_pkey on sbtest3  (cost=0.43..371.77 rows=94 width=125)
	  Index Cond: ((id >= 6878534) AND (id <= 6878634))

table 4 : explain SELECT id, c FROM sbtest4 WHERE id BETWEEN 6878534 AND 6878634
	Index Scan using sbtest4_pkey on sbtest4  (cost=0.43..404.82 rows=103 width=125)
	  Index Cond: ((id >= 6878534) AND (id <= 6878634))

table 5 : explain SELECT id, c FROM sbtest5 WHERE id BETWEEN 6878534 AND 6878634
	Index Scan using sbtest5_pkey on sbtest5  (cost=0.43..419.21 rows=106 width=125)
	  Index Cond: ((id >= 6878534) AND (id <= 6878634))

table 6 : explain SELECT id, c FROM sbtest6 WHERE id BETWEEN 6878534 AND 6878634
	Index Scan using sbtest6_pkey on sbtest6  (cost=0.43..368.02 rows=93 width=125)
	  Index Cond: ((id >= 6878534) AND (id <= 6878634))

table 7 : explain SELECT id, c FROM sbtest7 WHERE id BETWEEN 6878534 AND 6878634
	Index Scan using sbtest7_pkey on sbtest7  (cost=0.43..402.22 rows=102 width=125)
	  Index Cond: ((id >= 6878534) AND (id <= 6878634))

table 8 : explain SELECT id, c FROM sbtest8 WHERE id BETWEEN 6878534 AND 6878634
	Index Scan using sbtest8_pkey on sbtest8  (cost=0.43..363.67 rows=92 width=125)
	  Index Cond: ((id >= 6878534) AND (id <= 6878634))

explain: for range-notcovered :: explain SELECT id, c FROM sbtest%d WHERE id BETWEEN 8041353 AND 8041453
for range-notcovered
table 1 : explain SELECT id, c FROM sbtest1 WHERE id BETWEEN 2455099 AND 2455199
	Index Scan using sbtest1_pkey on sbtest1  (cost=0.43..412.15 rows=104 width=125)
	  Index Cond: ((id >= 2455099) AND (id <= 2455199))

table 2 : explain SELECT id, c FROM sbtest2 WHERE id BETWEEN 2455099 AND 2455199
	Index Scan using sbtest2_pkey on sbtest2  (cost=0.43..412.26 rows=104 width=125)
	  Index Cond: ((id >= 2455099) AND (id <= 2455199))

table 3 : explain SELECT id, c FROM sbtest3 WHERE id BETWEEN 2455099 AND 2455199
	Index Scan using sbtest3_pkey on sbtest3  (cost=0.43..403.02 rows=102 width=125)
	  Index Cond: ((id >= 2455099) AND (id <= 2455199))

table 4 : explain SELECT id, c FROM sbtest4 WHERE id BETWEEN 2455099 AND 2455199
	Index Scan using sbtest4_pkey on sbtest4  (cost=0.43..377.62 rows=96 width=125)
	  Index Cond: ((id >= 2455099) AND (id <= 2455199))

table 5 : explain SELECT id, c FROM sbtest5 WHERE id BETWEEN 2455099 AND 2455199
	Index Scan using sbtest5_pkey on sbtest5  (cost=0.43..403.57 rows=102 width=125)
	  Index Cond: ((id >= 2455099) AND (id <= 2455199))

table 6 : explain SELECT id, c FROM sbtest6 WHERE id BETWEEN 2455099 AND 2455199
	Index Scan using sbtest6_pkey on sbtest6  (cost=0.43..371.93 rows=94 width=125)
	  Index Cond: ((id >= 2455099) AND (id <= 2455199))

table 7 : explain SELECT id, c FROM sbtest7 WHERE id BETWEEN 2455099 AND 2455199
	Index Scan using sbtest7_pkey on sbtest7  (cost=0.43..402.22 rows=102 width=125)
	  Index Cond: ((id >= 2455099) AND (id <= 2455199))

table 8 : explain SELECT id, c FROM sbtest8 WHERE id BETWEEN 2455099 AND 2455199
	Index Scan using sbtest8_pkey on sbtest8  (cost=0.43..371.48 rows=94 width=125)
	  Index Cond: ((id >= 2455099) AND (id <= 2455199))

explain: for range-notcovered :: explain SELECT id, c FROM sbtest%d WHERE id BETWEEN 2455099 AND 2455199
for range-notcovered
table 1 : explain SELECT id, c FROM sbtest1 WHERE id BETWEEN 3531078 AND 3531178
	Index Scan using sbtest1_pkey on sbtest1  (cost=0.43..408.23 rows=103 width=125)
	  Index Cond: ((id >= 3531078) AND (id <= 3531178))

table 2 : explain SELECT id, c FROM sbtest2 WHERE id BETWEEN 3531078 AND 3531178
	Index Scan using sbtest2_pkey on sbtest2  (cost=0.43..400.50 rows=101 width=125)
	  Index Cond: ((id >= 3531078) AND (id <= 3531178))

table 3 : explain SELECT id, c FROM sbtest3 WHERE id BETWEEN 3531078 AND 3531178
	Index Scan using sbtest3_pkey on sbtest3  (cost=0.43..403.02 rows=102 width=125)
	  Index Cond: ((id >= 3531078) AND (id <= 3531178))

table 4 : explain SELECT id, c FROM sbtest4 WHERE id BETWEEN 3531078 AND 3531178
	Index Scan using sbtest4_pkey on sbtest4  (cost=0.43..381.51 rows=97 width=125)
	  Index Cond: ((id >= 3531078) AND (id <= 3531178))

table 5 : explain SELECT id, c FROM sbtest5 WHERE id BETWEEN 3531078 AND 3531178
	Index Scan using sbtest5_pkey on sbtest5  (cost=0.43..356.63 rows=90 width=125)
	  Index Cond: ((id >= 3531078) AND (id <= 3531178))

table 6 : explain SELECT id, c FROM sbtest6 WHERE id BETWEEN 3531078 AND 3531178
	Index Scan using sbtest6_pkey on sbtest6  (cost=0.43..360.21 rows=91 width=125)
	  Index Cond: ((id >= 3531078) AND (id <= 3531178))

table 7 : explain SELECT id, c FROM sbtest7 WHERE id BETWEEN 3531078 AND 3531178
	Index Scan using sbtest7_pkey on sbtest7  (cost=0.43..410.02 rows=104 width=125)
	  Index Cond: ((id >= 3531078) AND (id <= 3531178))

table 8 : explain SELECT id, c FROM sbtest8 WHERE id BETWEEN 3531078 AND 3531178
	Index Scan using sbtest8_pkey on sbtest8  (cost=0.43..449.53 rows=114 width=125)
	  Index Cond: ((id >= 3531078) AND (id <= 3531178))

for range-notcovered
table 1 : explain SELECT id, c FROM sbtest1 WHERE id BETWEEN 2729408 AND 2729508
	Index Scan using sbtest1_pkey on sbtest1  (cost=0.43..380.78 rows=96 width=125)
	  Index Cond: ((id >= 2729408) AND (id <= 2729508))

table 2 : explain SELECT id, c FROM sbtest2 WHERE id BETWEEN 2729408 AND 2729508
	Index Scan using sbtest2_pkey on sbtest2  (cost=0.43..431.86 rows=109 width=125)
	  Index Cond: ((id >= 2729408) AND (id <= 2729508))

table 3 : explain SELECT id, c FROM sbtest3 WHERE id BETWEEN 2729408 AND 2729508
	Index Scan using sbtest3_pkey on sbtest3  (cost=0.43..434.26 rows=110 width=125)
	  Index Cond: ((id >= 2729408) AND (id <= 2729508))

table 4 : explain SELECT id, c FROM sbtest4 WHERE id BETWEEN 2729408 AND 2729508
	Index Scan using sbtest4_pkey on sbtest4  (cost=0.43..338.74 rows=86 width=125)
	  Index Cond: ((id >= 2729408) AND (id <= 2729508))

table 5 : explain SELECT id, c FROM sbtest5 WHERE id BETWEEN 2729408 AND 2729508
	Index Scan using sbtest5_pkey on sbtest5  (cost=0.43..352.69 rows=89 width=125)
	  Index Cond: ((id >= 2729408) AND (id <= 2729508))

table 6 : explain SELECT id, c FROM sbtest6 WHERE id BETWEEN 2729408 AND 2729508
	Index Scan using sbtest6_pkey on sbtest6  (cost=0.43..407.10 rows=103 width=125)
	  Index Cond: ((id >= 2729408) AND (id <= 2729508))

table 7 : explain SELECT id, c FROM sbtest7 WHERE id BETWEEN 2729408 AND 2729508
	Index Scan using sbtest7_pkey on sbtest7  (cost=0.43..386.63 rows=98 width=125)
	  Index Cond: ((id >= 2729408) AND (id <= 2729508))

table 8 : explain SELECT id, c FROM sbtest8 WHERE id BETWEEN 2729408 AND 2729508
	Index Scan using sbtest8_pkey on sbtest8  (cost=0.43..461.24 rows=117 width=125)
	  Index Cond: ((id >= 2729408) AND (id <= 2729508))

explain: for range-notcovered :: explain SELECT id, c FROM sbtest%d WHERE id BETWEEN 2729408 AND 2729508
for range-notcovered
table 1 : explain SELECT id, c FROM sbtest1 WHERE id BETWEEN 4927673 AND 4927773
	Index Scan using sbtest1_pkey on sbtest1  (cost=0.43..400.40 rows=101 width=125)
	  Index Cond: ((id >= 4927673) AND (id <= 4927773))

table 2 : explain SELECT id, c FROM sbtest2 WHERE id BETWEEN 4927673 AND 4927773
	Index Scan using sbtest2_pkey on sbtest2  (cost=0.43..427.94 rows=108 width=125)
	  Index Cond: ((id >= 4927673) AND (id <= 4927773))

table 3 : explain SELECT id, c FROM sbtest3 WHERE id BETWEEN 4927673 AND 4927773
	Index Scan using sbtest3_pkey on sbtest3  (cost=0.43..418.64 rows=106 width=125)
	  Index Cond: ((id >= 4927673) AND (id <= 4927773))

table 4 : explain SELECT id, c FROM sbtest4 WHERE id BETWEEN 4927673 AND 4927773
	Index Scan using sbtest4_pkey on sbtest4  (cost=0.43..400.93 rows=102 width=125)
	  Index Cond: ((id >= 4927673) AND (id <= 4927773))

table 5 : explain SELECT id, c FROM sbtest5 WHERE id BETWEEN 4927673 AND 4927773
	Index Scan using sbtest5_pkey on sbtest5  (cost=0.43..372.28 rows=94 width=125)
	  Index Cond: ((id >= 4927673) AND (id <= 4927773))

table 6 : explain SELECT id, c FROM sbtest6 WHERE id BETWEEN 4927673 AND 4927773
	Index Scan using sbtest6_pkey on sbtest6  (cost=0.43..414.91 rows=105 width=125)
	  Index Cond: ((id >= 4927673) AND (id <= 4927773))

table 7 : explain SELECT id, c FROM sbtest7 WHERE id BETWEEN 4927673 AND 4927773
	Index Scan using sbtest7_pkey on sbtest7  (cost=0.43..413.92 rows=105 width=125)
	  Index Cond: ((id >= 4927673) AND (id <= 4927773))

table 8 : explain SELECT id, c FROM sbtest8 WHERE id BETWEEN 4927673 AND 4927773
	Index Scan using sbtest8_pkey on sbtest8  (cost=0.43..433.92 rows=110 width=125)
	  Index Cond: ((id >= 4927673) AND (id <= 4927773))

for range-notcovered
table 1 : explain SELECT id, c FROM sbtest1 WHERE id BETWEEN 3311264 AND 3311364
	Index Scan using sbtest1_pkey on sbtest1  (cost=0.43..431.75 rows=109 width=125)
	  Index Cond: ((id >= 3311264) AND (id <= 3311364))

table 2 : explain SELECT id, c FROM sbtest2 WHERE id BETWEEN 3311264 AND 3311364
	Index Scan using sbtest2_pkey on sbtest2  (cost=0.43..424.02 rows=107 width=125)
	  Index Cond: ((id >= 3311264) AND (id <= 3311364))

table 3 : explain SELECT id, c FROM sbtest3 WHERE id BETWEEN 3311264 AND 3311364
	Index Scan using sbtest3_pkey on sbtest3  (cost=0.43..399.11 rows=101 width=125)
	  Index Cond: ((id >= 3311264) AND (id <= 3311364))

table 4 : explain SELECT id, c FROM sbtest4 WHERE id BETWEEN 3311264 AND 3311364
	Index Scan using sbtest4_pkey on sbtest4  (cost=0.43..377.62 rows=96 width=125)
	  Index Cond: ((id >= 3311264) AND (id <= 3311364))

table 5 : explain SELECT id, c FROM sbtest5 WHERE id BETWEEN 3311264 AND 3311364
	Index Scan using sbtest5_pkey on sbtest5  (cost=0.43..407.48 rows=103 width=125)
	  Index Cond: ((id >= 3311264) AND (id <= 3311364))

table 6 : explain SELECT id, c FROM sbtest6 WHERE id BETWEEN 3311264 AND 3311364
	Index Scan using sbtest6_pkey on sbtest6  (cost=0.43..387.56 rows=98 width=125)
	  Index Cond: ((id >= 3311264) AND (id <= 3311364))

table 7 : explain SELECT id, c FROM sbtest7 WHERE id BETWEEN 3311264 AND 3311364
	Index Scan using sbtest7_pkey on sbtest7  (cost=0.43..425.61 rows=108 width=125)
	  Index Cond: ((id >= 3311264) AND (id <= 3311364))

table 8 : explain SELECT id, c FROM sbtest8 WHERE id BETWEEN 3311264 AND 3311364
	Index Scan using sbtest8_pkey on sbtest8  (cost=0.43..433.92 rows=110 width=125)
	  Index Cond: ((id >= 3311264) AND (id <= 3311364))

explain: for range-notcovered :: explain SELECT id, c FROM sbtest%d WHERE id BETWEEN 3311264 AND 3311364
for range-notcovered
table 1 : explain SELECT id, c FROM sbtest1 WHERE id BETWEEN 2455099 AND 2455199
	Index Scan using sbtest1_pkey on sbtest1  (cost=0.43..412.15 rows=104 width=125)
	  Index Cond: ((id >= 2455099) AND (id <= 2455199))

table 2 : explain SELECT id, c FROM sbtest2 WHERE id BETWEEN 2455099 AND 2455199
	Index Scan using sbtest2_pkey on sbtest2  (cost=0.43..412.26 rows=104 width=125)
	  Index Cond: ((id >= 2455099) AND (id <= 2455199))

table 3 : explain SELECT id, c FROM sbtest3 WHERE id BETWEEN 2455099 AND 2455199
	Index Scan using sbtest3_pkey on sbtest3  (cost=0.43..403.02 rows=102 width=125)
	  Index Cond: ((id >= 2455099) AND (id <= 2455199))

table 4 : explain SELECT id, c FROM sbtest4 WHERE id BETWEEN 2455099 AND 2455199
	Index Scan using sbtest4_pkey on sbtest4  (cost=0.43..377.62 rows=96 width=125)
	  Index Cond: ((id >= 2455099) AND (id <= 2455199))

table 5 : explain SELECT id, c FROM sbtest5 WHERE id BETWEEN 2455099 AND 2455199
	Index Scan using sbtest5_pkey on sbtest5  (cost=0.43..403.57 rows=102 width=125)
	  Index Cond: ((id >= 2455099) AND (id <= 2455199))

table 6 : explain SELECT id, c FROM sbtest6 WHERE id BETWEEN 2455099 AND 2455199
	Index Scan using sbtest6_pkey on sbtest6  (cost=0.43..371.93 rows=94 width=125)
	  Index Cond: ((id >= 2455099) AND (id <= 2455199))

table 7 : explain SELECT id, c FROM sbtest7 WHERE id BETWEEN 2455099 AND 2455199
	Index Scan using sbtest7_pkey on sbtest7  (cost=0.43..402.22 rows=102 width=125)
	  Index Cond: ((id >= 2455099) AND (id <= 2455199))

table 8 : explain SELECT id, c FROM sbtest8 WHERE id BETWEEN 2455099 AND 2455199
	Index Scan using sbtest8_pkey on sbtest8  (cost=0.43..371.48 rows=94 width=125)
	  Index Cond: ((id >= 2455099) AND (id <= 2455199))

for range-notcovered
table 1 : explain SELECT id, c FROM sbtest1 WHERE id BETWEEN 3311264 AND 3311364
	Index Scan using sbtest1_pkey on sbtest1  (cost=0.43..431.75 rows=109 width=125)
	  Index Cond: ((id >= 3311264) AND (id <= 3311364))

table 2 : explain SELECT id, c FROM sbtest2 WHERE id BETWEEN 3311264 AND 3311364
	Index Scan using sbtest2_pkey on sbtest2  (cost=0.43..424.02 rows=107 width=125)
	  Index Cond: ((id >= 3311264) AND (id <= 3311364))

table 3 : explain SELECT id, c FROM sbtest3 WHERE id BETWEEN 3311264 AND 3311364
	Index Scan using sbtest3_pkey on sbtest3  (cost=0.43..399.11 rows=101 width=125)
	  Index Cond: ((id >= 3311264) AND (id <= 3311364))

table 4 : explain SELECT id, c FROM sbtest4 WHERE id BETWEEN 3311264 AND 3311364
	Index Scan using sbtest4_pkey on sbtest4  (cost=0.43..377.62 rows=96 width=125)
	  Index Cond: ((id >= 3311264) AND (id <= 3311364))

table 5 : explain SELECT id, c FROM sbtest5 WHERE id BETWEEN 3311264 AND 3311364
	Index Scan using sbtest5_pkey on sbtest5  (cost=0.43..407.48 rows=103 width=125)
	  Index Cond: ((id >= 3311264) AND (id <= 3311364))

table 6 : explain SELECT id, c FROM sbtest6 WHERE id BETWEEN 3311264 AND 3311364
	Index Scan using sbtest6_pkey on sbtest6  (cost=0.43..387.56 rows=98 width=125)
	  Index Cond: ((id >= 3311264) AND (id <= 3311364))

table 7 : explain SELECT id, c FROM sbtest7 WHERE id BETWEEN 3311264 AND 3311364
	Index Scan using sbtest7_pkey on sbtest7  (cost=0.43..425.61 rows=108 width=125)
	  Index Cond: ((id >= 3311264) AND (id <= 3311364))

table 8 : explain SELECT id, c FROM sbtest8 WHERE id BETWEEN 3311264 AND 3311364
	Index Scan using sbtest8_pkey on sbtest8  (cost=0.43..433.92 rows=110 width=125)
	  Index Cond: ((id >= 3311264) AND (id <= 3311364))

explain: for range-notcovered :: explain SELECT id, c FROM sbtest%d WHERE id BETWEEN 6666312 AND 6666412
explain: for range-notcovered :: explain SELECT id, c FROM sbtest%d WHERE id BETWEEN 3311264 AND 3311364
for range-notcovered
table 1 : explain SELECT id, c FROM sbtest1 WHERE id BETWEEN 6198722 AND 6198822
	Index Scan using sbtest1_pkey on sbtest1  (cost=0.43..435.66 rows=110 width=125)
	  Index Cond: ((id >= 6198722) AND (id <= 6198822))

table 2 : explain SELECT id, c FROM sbtest2 WHERE id BETWEEN 6198722 AND 6198822
	Index Scan using sbtest2_pkey on sbtest2  (cost=0.43..388.75 rows=98 width=125)
	  Index Cond: ((id >= 6198722) AND (id <= 6198822))

table 3 : explain SELECT id, c FROM sbtest3 WHERE id BETWEEN 6198722 AND 6198822
	Index Scan using sbtest3_pkey on sbtest3  (cost=0.43..395.21 rows=100 width=125)
	  Index Cond: ((id >= 6198722) AND (id <= 6198822))

table 4 : explain SELECT id, c FROM sbtest4 WHERE id BETWEEN 6198722 AND 6198822
	Index Scan using sbtest4_pkey on sbtest4  (cost=0.43..385.39 rows=98 width=125)
	  Index Cond: ((id >= 6198722) AND (id <= 6198822))

table 5 : explain SELECT id, c FROM sbtest5 WHERE id BETWEEN 6198722 AND 6198822
	Index Scan using sbtest5_pkey on sbtest5  (cost=0.43..442.68 rows=112 width=125)
	  Index Cond: ((id >= 6198722) AND (id <= 6198822))

table 6 : explain SELECT id, c FROM sbtest6 WHERE id BETWEEN 6198722 AND 6198822
	Index Scan using sbtest6_pkey on sbtest6  (cost=0.43..387.56 rows=98 width=125)
	  Index Cond: ((id >= 6198722) AND (id <= 6198822))

table 7 : explain SELECT id, c FROM sbtest7 WHERE id BETWEEN 6198722 AND 6198822
	Index Scan using sbtest7_pkey on sbtest7  (cost=0.43..406.12 rows=103 width=125)
	  Index Cond: ((id >= 6198722) AND (id <= 6198822))

table 8 : explain SELECT id, c FROM sbtest8 WHERE id BETWEEN 6198722 AND 6198822
	Index Scan using sbtest8_pkey on sbtest8  (cost=0.43..387.09 rows=98 width=125)
	  Index Cond: ((id >= 6198722) AND (id <= 6198822))

explain: for range-notcovered :: explain SELECT id, c FROM sbtest%d WHERE id BETWEEN 6198722 AND 6198822
explain: for range-notcovered :: explain SELECT id, c FROM sbtest%d WHERE id BETWEEN 3542018 AND 3542118
for range-notcovered
table 1 : explain SELECT id, c FROM sbtest1 WHERE id BETWEEN 5413945 AND 5414045
	Index Scan using sbtest1_pkey on sbtest1  (cost=0.43..423.91 rows=107 width=125)
	  Index Cond: ((id >= 5413945) AND (id <= 5414045))

table 2 : explain SELECT id, c FROM sbtest2 WHERE id BETWEEN 5413945 AND 5414045
	Index Scan using sbtest2_pkey on sbtest2  (cost=0.43..435.78 rows=110 width=125)
	  Index Cond: ((id >= 5413945) AND (id <= 5414045))

table 3 : explain SELECT id, c FROM sbtest3 WHERE id BETWEEN 5413945 AND 5414045
	Index Scan using sbtest3_pkey on sbtest3  (cost=0.43..383.49 rows=97 width=125)
	  Index Cond: ((id >= 5413945) AND (id <= 5414045))

table 4 : explain SELECT id, c FROM sbtest4 WHERE id BETWEEN 5413945 AND 5414045
	Index Scan using sbtest4_pkey on sbtest4  (cost=0.43..412.59 rows=105 width=125)
	  Index Cond: ((id >= 5413945) AND (id <= 5414045))

table 5 : explain SELECT id, c FROM sbtest5 WHERE id BETWEEN 5413945 AND 5414045
	Index Scan using sbtest5_pkey on sbtest5  (cost=0.43..380.10 rows=96 width=125)
	  Index Cond: ((id >= 5413945) AND (id <= 5414045))

table 6 : explain SELECT id, c FROM sbtest6 WHERE id BETWEEN 5413945 AND 5414045
	Index Scan using sbtest6_pkey on sbtest6  (cost=0.43..387.56 rows=98 width=125)
	  Index Cond: ((id >= 5413945) AND (id <= 5414045))

table 7 : explain SELECT id, c FROM sbtest7 WHERE id BETWEEN 5413945 AND 5414045
	Index Scan using sbtest7_pkey on sbtest7  (cost=0.43..421.71 rows=107 width=125)
	  Index Cond: ((id >= 5413945) AND (id <= 5414045))

table 8 : explain SELECT id, c FROM sbtest8 WHERE id BETWEEN 5413945 AND 5414045
	Index Scan using sbtest8_pkey on sbtest8  (cost=0.43..449.53 rows=114 width=125)
	  Index Cond: ((id >= 5413945) AND (id <= 5414045))

for range-notcovered
table 1 : explain SELECT id, c FROM sbtest1 WHERE id BETWEEN 3311264 AND 3311364
	Index Scan using sbtest1_pkey on sbtest1  (cost=0.43..431.75 rows=109 width=125)
	  Index Cond: ((id >= 3311264) AND (id <= 3311364))

table 2 : explain SELECT id, c FROM sbtest2 WHERE id BETWEEN 3311264 AND 3311364
	Index Scan using sbtest2_pkey on sbtest2  (cost=0.43..424.02 rows=107 width=125)
	  Index Cond: ((id >= 3311264) AND (id <= 3311364))

table 3 : explain SELECT id, c FROM sbtest3 WHERE id BETWEEN 3311264 AND 3311364
	Index Scan using sbtest3_pkey on sbtest3  (cost=0.43..399.11 rows=101 width=125)
	  Index Cond: ((id >= 3311264) AND (id <= 3311364))

table 4 : explain SELECT id, c FROM sbtest4 WHERE id BETWEEN 3311264 AND 3311364
	Index Scan using sbtest4_pkey on sbtest4  (cost=0.43..377.62 rows=96 width=125)
	  Index Cond: ((id >= 3311264) AND (id <= 3311364))

table 5 : explain SELECT id, c FROM sbtest5 WHERE id BETWEEN 3311264 AND 3311364
	Index Scan using sbtest5_pkey on sbtest5  (cost=0.43..407.48 rows=103 width=125)
	  Index Cond: ((id >= 3311264) AND (id <= 3311364))

table 6 : explain SELECT id, c FROM sbtest6 WHERE id BETWEEN 3311264 AND 3311364
	Index Scan using sbtest6_pkey on sbtest6  (cost=0.43..387.56 rows=98 width=125)
	  Index Cond: ((id >= 3311264) AND (id <= 3311364))

table 7 : explain SELECT id, c FROM sbtest7 WHERE id BETWEEN 3311264 AND 3311364
	Index Scan using sbtest7_pkey on sbtest7  (cost=0.43..425.61 rows=108 width=125)
	  Index Cond: ((id >= 3311264) AND (id <= 3311364))

table 8 : explain SELECT id, c FROM sbtest8 WHERE id BETWEEN 3311264 AND 3311364
	Index Scan using sbtest8_pkey on sbtest8  (cost=0.43..433.92 rows=110 width=125)
	  Index Cond: ((id >= 3311264) AND (id <= 3311364))

explain: for range-notcovered :: explain SELECT id, c FROM sbtest%d WHERE id BETWEEN 5413945 AND 5414045
for range-notcovered
table 1 : explain SELECT id, c FROM sbtest1 WHERE id BETWEEN 8041353 AND 8041453
	Index Scan using sbtest1_pkey on sbtest1  (cost=0.43..392.56 rows=99 width=125)
	  Index Cond: ((id >= 8041353) AND (id <= 8041453))

table 2 : explain SELECT id, c FROM sbtest2 WHERE id BETWEEN 8041353 AND 8041453
	Index Scan using sbtest2_pkey on sbtest2  (cost=0.43..404.42 rows=102 width=125)
	  Index Cond: ((id >= 8041353) AND (id <= 8041453))

table 3 : explain SELECT id, c FROM sbtest3 WHERE id BETWEEN 8041353 AND 8041453
	Index Scan using sbtest3_pkey on sbtest3  (cost=0.43..371.77 rows=94 width=125)
	  Index Cond: ((id >= 8041353) AND (id <= 8041453))

table 4 : explain SELECT id, c FROM sbtest4 WHERE id BETWEEN 8041353 AND 8041453
	Index Scan using sbtest4_pkey on sbtest4  (cost=0.43..455.32 rows=116 width=125)
	  Index Cond: ((id >= 8041353) AND (id <= 8041453))

table 5 : explain SELECT id, c FROM sbtest5 WHERE id BETWEEN 8041353 AND 8041453
	Index Scan using sbtest5_pkey on sbtest5  (cost=0.43..384.01 rows=97 width=125)
	  Index Cond: ((id >= 8041353) AND (id <= 8041453))

table 6 : explain SELECT id, c FROM sbtest6 WHERE id BETWEEN 8041353 AND 8041453
	Index Scan using sbtest6_pkey on sbtest6  (cost=0.43..403.19 rows=102 width=125)
	  Index Cond: ((id >= 8041353) AND (id <= 8041453))

table 7 : explain SELECT id, c FROM sbtest7 WHERE id BETWEEN 8041353 AND 8041453
	Index Scan using sbtest7_pkey on sbtest7  (cost=0.43..425.61 rows=108 width=125)
	  Index Cond: ((id >= 8041353) AND (id <= 8041453))

table 8 : explain SELECT id, c FROM sbtest8 WHERE id BETWEEN 8041353 AND 8041453
	Index Scan using sbtest8_pkey on sbtest8  (cost=0.43..394.89 rows=100 width=125)
	  Index Cond: ((id >= 8041353) AND (id <= 8041453))

explain: for range-notcovered :: explain SELECT id, c FROM sbtest%d WHERE id BETWEEN 3311264 AND 3311364
explain: for range-notcovered :: explain SELECT id, c FROM sbtest%d WHERE id BETWEEN 8041353 AND 8041453
for range-notcovered
table 1 : explain SELECT id, c FROM sbtest1 WHERE id BETWEEN 3311264 AND 3311364
	Index Scan using sbtest1_pkey on sbtest1  (cost=0.43..431.75 rows=109 width=125)
	  Index Cond: ((id >= 3311264) AND (id <= 3311364))

table 2 : explain SELECT id, c FROM sbtest2 WHERE id BETWEEN 3311264 AND 3311364
	Index Scan using sbtest2_pkey on sbtest2  (cost=0.43..424.02 rows=107 width=125)
	  Index Cond: ((id >= 3311264) AND (id <= 3311364))

table 3 : explain SELECT id, c FROM sbtest3 WHERE id BETWEEN 3311264 AND 3311364
	Index Scan using sbtest3_pkey on sbtest3  (cost=0.43..399.11 rows=101 width=125)
	  Index Cond: ((id >= 3311264) AND (id <= 3311364))

table 4 : explain SELECT id, c FROM sbtest4 WHERE id BETWEEN 3311264 AND 3311364
	Index Scan using sbtest4_pkey on sbtest4  (cost=0.43..377.62 rows=96 width=125)
	  Index Cond: ((id >= 3311264) AND (id <= 3311364))

table 5 : explain SELECT id, c FROM sbtest5 WHERE id BETWEEN 3311264 AND 3311364
	Index Scan using sbtest5_pkey on sbtest5  (cost=0.43..407.48 rows=103 width=125)
	  Index Cond: ((id >= 3311264) AND (id <= 3311364))

table 6 : explain SELECT id, c FROM sbtest6 WHERE id BETWEEN 3311264 AND 3311364
	Index Scan using sbtest6_pkey on sbtest6  (cost=0.43..387.56 rows=98 width=125)
	  Index Cond: ((id >= 3311264) AND (id <= 3311364))

table 7 : explain SELECT id, c FROM sbtest7 WHERE id BETWEEN 3311264 AND 3311364
	Index Scan using sbtest7_pkey on sbtest7  (cost=0.43..425.61 rows=108 width=125)
	  Index Cond: ((id >= 3311264) AND (id <= 3311364))

table 8 : explain SELECT id, c FROM sbtest8 WHERE id BETWEEN 3311264 AND 3311364
	Index Scan using sbtest8_pkey on sbtest8  (cost=0.43..433.92 rows=110 width=125)
	  Index Cond: ((id >= 3311264) AND (id <= 3311364))

explain: for range-notcovered :: explain SELECT id, c FROM sbtest%d WHERE id BETWEEN 3311264 AND 3311364
for range-notcovered
table 1 : explain SELECT id, c FROM sbtest1 WHERE id BETWEEN 6198722 AND 6198822
	Index Scan using sbtest1_pkey on sbtest1  (cost=0.43..435.66 rows=110 width=125)
	  Index Cond: ((id >= 6198722) AND (id <= 6198822))

table 2 : explain SELECT id, c FROM sbtest2 WHERE id BETWEEN 6198722 AND 6198822
	Index Scan using sbtest2_pkey on sbtest2  (cost=0.43..388.75 rows=98 width=125)
	  Index Cond: ((id >= 6198722) AND (id <= 6198822))

table 3 : explain SELECT id, c FROM sbtest3 WHERE id BETWEEN 6198722 AND 6198822
	Index Scan using sbtest3_pkey on sbtest3  (cost=0.43..395.21 rows=100 width=125)
	  Index Cond: ((id >= 6198722) AND (id <= 6198822))

table 4 : explain SELECT id, c FROM sbtest4 WHERE id BETWEEN 6198722 AND 6198822
	Index Scan using sbtest4_pkey on sbtest4  (cost=0.43..385.39 rows=98 width=125)
	  Index Cond: ((id >= 6198722) AND (id <= 6198822))

table 5 : explain SELECT id, c FROM sbtest5 WHERE id BETWEEN 6198722 AND 6198822
	Index Scan using sbtest5_pkey on sbtest5  (cost=0.43..442.68 rows=112 width=125)
	  Index Cond: ((id >= 6198722) AND (id <= 6198822))

table 6 : explain SELECT id, c FROM sbtest6 WHERE id BETWEEN 6198722 AND 6198822
	Index Scan using sbtest6_pkey on sbtest6  (cost=0.43..387.56 rows=98 width=125)
	  Index Cond: ((id >= 6198722) AND (id <= 6198822))

table 7 : explain SELECT id, c FROM sbtest7 WHERE id BETWEEN 6198722 AND 6198822
	Index Scan using sbtest7_pkey on sbtest7  (cost=0.43..406.12 rows=103 width=125)
	  Index Cond: ((id >= 6198722) AND (id <= 6198822))

table 8 : explain SELECT id, c FROM sbtest8 WHERE id BETWEEN 6198722 AND 6198822
	Index Scan using sbtest8_pkey on sbtest8  (cost=0.43..387.09 rows=98 width=125)
	  Index Cond: ((id >= 6198722) AND (id <= 6198822))

explain: for range-notcovered :: explain SELECT id, c FROM sbtest%d WHERE id BETWEEN 6198722 AND 6198822
for range-notcovered
table 1 : explain SELECT id, c FROM sbtest1 WHERE id BETWEEN 8041353 AND 8041453
	Index Scan using sbtest1_pkey on sbtest1  (cost=0.43..392.56 rows=99 width=125)
	  Index Cond: ((id >= 8041353) AND (id <= 8041453))

table 2 : explain SELECT id, c FROM sbtest2 WHERE id BETWEEN 8041353 AND 8041453
	Index Scan using sbtest2_pkey on sbtest2  (cost=0.43..404.42 rows=102 width=125)
	  Index Cond: ((id >= 8041353) AND (id <= 8041453))

table 3 : explain SELECT id, c FROM sbtest3 WHERE id BETWEEN 8041353 AND 8041453
	Index Scan using sbtest3_pkey on sbtest3  (cost=0.43..371.77 rows=94 width=125)
	  Index Cond: ((id >= 8041353) AND (id <= 8041453))

table 4 : explain SELECT id, c FROM sbtest4 WHERE id BETWEEN 8041353 AND 8041453
	Index Scan using sbtest4_pkey on sbtest4  (cost=0.43..455.32 rows=116 width=125)
	  Index Cond: ((id >= 8041353) AND (id <= 8041453))

table 5 : explain SELECT id, c FROM sbtest5 WHERE id BETWEEN 8041353 AND 8041453
	Index Scan using sbtest5_pkey on sbtest5  (cost=0.43..384.01 rows=97 width=125)
	  Index Cond: ((id >= 8041353) AND (id <= 8041453))

table 6 : explain SELECT id, c FROM sbtest6 WHERE id BETWEEN 8041353 AND 8041453
	Index Scan using sbtest6_pkey on sbtest6  (cost=0.43..403.19 rows=102 width=125)
	  Index Cond: ((id >= 8041353) AND (id <= 8041453))

table 7 : explain SELECT id, c FROM sbtest7 WHERE id BETWEEN 8041353 AND 8041453
	Index Scan using sbtest7_pkey on sbtest7  (cost=0.43..425.61 rows=108 width=125)
	  Index Cond: ((id >= 8041353) AND (id <= 8041453))

table 8 : explain SELECT id, c FROM sbtest8 WHERE id BETWEEN 8041353 AND 8041453
	Index Scan using sbtest8_pkey on sbtest8  (cost=0.43..394.89 rows=100 width=125)
	  Index Cond: ((id >= 8041353) AND (id <= 8041453))

explain: for range-notcovered :: explain SELECT id, c FROM sbtest%d WHERE id BETWEEN 3352934 AND 3353034
for range-notcovered
table 1 : explain SELECT id, c FROM sbtest1 WHERE id BETWEEN 3311264 AND 3311364
	Index Scan using sbtest1_pkey on sbtest1  (cost=0.43..431.75 rows=109 width=125)
	  Index Cond: ((id >= 3311264) AND (id <= 3311364))

table 2 : explain SELECT id, c FROM sbtest2 WHERE id BETWEEN 3311264 AND 3311364
	Index Scan using sbtest2_pkey on sbtest2  (cost=0.43..424.02 rows=107 width=125)
	  Index Cond: ((id >= 3311264) AND (id <= 3311364))

table 3 : explain SELECT id, c FROM sbtest3 WHERE id BETWEEN 3311264 AND 3311364
	Index Scan using sbtest3_pkey on sbtest3  (cost=0.43..399.11 rows=101 width=125)
	  Index Cond: ((id >= 3311264) AND (id <= 3311364))

table 4 : explain SELECT id, c FROM sbtest4 WHERE id BETWEEN 3311264 AND 3311364
	Index Scan using sbtest4_pkey on sbtest4  (cost=0.43..377.62 rows=96 width=125)
	  Index Cond: ((id >= 3311264) AND (id <= 3311364))

table 5 : explain SELECT id, c FROM sbtest5 WHERE id BETWEEN 3311264 AND 3311364
	Index Scan using sbtest5_pkey on sbtest5  (cost=0.43..407.48 rows=103 width=125)
	  Index Cond: ((id >= 3311264) AND (id <= 3311364))

table 6 : explain SELECT id, c FROM sbtest6 WHERE id BETWEEN 3311264 AND 3311364
	Index Scan using sbtest6_pkey on sbtest6  (cost=0.43..387.56 rows=98 width=125)
	  Index Cond: ((id >= 3311264) AND (id <= 3311364))

table 7 : explain SELECT id, c FROM sbtest7 WHERE id BETWEEN 3311264 AND 3311364
	Index Scan using sbtest7_pkey on sbtest7  (cost=0.43..425.61 rows=108 width=125)
	  Index Cond: ((id >= 3311264) AND (id <= 3311364))

table 8 : explain SELECT id, c FROM sbtest8 WHERE id BETWEEN 3311264 AND 3311364
	Index Scan using sbtest8_pkey on sbtest8  (cost=0.43..433.92 rows=110 width=125)
	  Index Cond: ((id >= 3311264) AND (id <= 3311364))

for range-notcovered
table 1 : explain SELECT id, c FROM sbtest1 WHERE id BETWEEN 5413945 AND 5414045
	Index Scan using sbtest1_pkey on sbtest1  (cost=0.43..423.91 rows=107 width=125)
	  Index Cond: ((id >= 5413945) AND (id <= 5414045))

table 2 : explain SELECT id, c FROM sbtest2 WHERE id BETWEEN 5413945 AND 5414045
	Index Scan using sbtest2_pkey on sbtest2  (cost=0.43..435.78 rows=110 width=125)
	  Index Cond: ((id >= 5413945) AND (id <= 5414045))

table 3 : explain SELECT id, c FROM sbtest3 WHERE id BETWEEN 5413945 AND 5414045
	Index Scan using sbtest3_pkey on sbtest3  (cost=0.43..383.49 rows=97 width=125)
	  Index Cond: ((id >= 5413945) AND (id <= 5414045))

table 4 : explain SELECT id, c FROM sbtest4 WHERE id BETWEEN 5413945 AND 5414045
	Index Scan using sbtest4_pkey on sbtest4  (cost=0.43..412.59 rows=105 width=125)
	  Index Cond: ((id >= 5413945) AND (id <= 5414045))

table 5 : explain SELECT id, c FROM sbtest5 WHERE id BETWEEN 5413945 AND 5414045
	Index Scan using sbtest5_pkey on sbtest5  (cost=0.43..380.10 rows=96 width=125)
	  Index Cond: ((id >= 5413945) AND (id <= 5414045))

table 6 : explain SELECT id, c FROM sbtest6 WHERE id BETWEEN 5413945 AND 5414045
	Index Scan using sbtest6_pkey on sbtest6  (cost=0.43..387.56 rows=98 width=125)
	  Index Cond: ((id >= 5413945) AND (id <= 5414045))

table 7 : explain SELECT id, c FROM sbtest7 WHERE id BETWEEN 5413945 AND 5414045
	Index Scan using sbtest7_pkey on sbtest7  (cost=0.43..421.71 rows=107 width=125)
	  Index Cond: ((id >= 5413945) AND (id <= 5414045))

table 8 : explain SELECT id, c FROM sbtest8 WHERE id BETWEEN 5413945 AND 5414045
	Index Scan using sbtest8_pkey on sbtest8  (cost=0.43..449.53 rows=114 width=125)
	  Index Cond: ((id >= 5413945) AND (id <= 5414045))

explain: for range-notcovered :: explain SELECT id, c FROM sbtest%d WHERE id BETWEEN 3311264 AND 3311364
explain: for range-notcovered :: explain SELECT id, c FROM sbtest%d WHERE id BETWEEN 5413945 AND 5414045
for range-notcovered
table 1 : explain SELECT id, c FROM sbtest1 WHERE id BETWEEN 2729408 AND 2729508
	Index Scan using sbtest1_pkey on sbtest1  (cost=0.43..380.78 rows=96 width=125)
	  Index Cond: ((id >= 2729408) AND (id <= 2729508))

table 2 : explain SELECT id, c FROM sbtest2 WHERE id BETWEEN 2729408 AND 2729508
	Index Scan using sbtest2_pkey on sbtest2  (cost=0.43..431.86 rows=109 width=125)
	  Index Cond: ((id >= 2729408) AND (id <= 2729508))

table 3 : explain SELECT id, c FROM sbtest3 WHERE id BETWEEN 2729408 AND 2729508
	Index Scan using sbtest3_pkey on sbtest3  (cost=0.43..434.26 rows=110 width=125)
	  Index Cond: ((id >= 2729408) AND (id <= 2729508))

table 4 : explain SELECT id, c FROM sbtest4 WHERE id BETWEEN 2729408 AND 2729508
	Index Scan using sbtest4_pkey on sbtest4  (cost=0.43..338.74 rows=86 width=125)
	  Index Cond: ((id >= 2729408) AND (id <= 2729508))

table 5 : explain SELECT id, c FROM sbtest5 WHERE id BETWEEN 2729408 AND 2729508
	Index Scan using sbtest5_pkey on sbtest5  (cost=0.43..352.69 rows=89 width=125)
	  Index Cond: ((id >= 2729408) AND (id <= 2729508))

table 6 : explain SELECT id, c FROM sbtest6 WHERE id BETWEEN 2729408 AND 2729508
	Index Scan using sbtest6_pkey on sbtest6  (cost=0.43..407.10 rows=103 width=125)
	  Index Cond: ((id >= 2729408) AND (id <= 2729508))

table 7 : explain SELECT id, c FROM sbtest7 WHERE id BETWEEN 2729408 AND 2729508
	Index Scan using sbtest7_pkey on sbtest7  (cost=0.43..386.63 rows=98 width=125)
	  Index Cond: ((id >= 2729408) AND (id <= 2729508))

table 8 : explain SELECT id, c FROM sbtest8 WHERE id BETWEEN 2729408 AND 2729508
	Index Scan using sbtest8_pkey on sbtest8  (cost=0.43..461.24 rows=117 width=125)
	  Index Cond: ((id >= 2729408) AND (id <= 2729508))

for range-notcovered
table 1 : explain SELECT id, c FROM sbtest1 WHERE id BETWEEN 6198722 AND 6198822
	Index Scan using sbtest1_pkey on sbtest1  (cost=0.43..435.66 rows=110 width=125)
	  Index Cond: ((id >= 6198722) AND (id <= 6198822))

table 2 : explain SELECT id, c FROM sbtest2 WHERE id BETWEEN 6198722 AND 6198822
	Index Scan using sbtest2_pkey on sbtest2  (cost=0.43..388.75 rows=98 width=125)
	  Index Cond: ((id >= 6198722) AND (id <= 6198822))

table 3 : explain SELECT id, c FROM sbtest3 WHERE id BETWEEN 6198722 AND 6198822
	Index Scan using sbtest3_pkey on sbtest3  (cost=0.43..395.21 rows=100 width=125)
	  Index Cond: ((id >= 6198722) AND (id <= 6198822))

table 4 : explain SELECT id, c FROM sbtest4 WHERE id BETWEEN 6198722 AND 6198822
	Index Scan using sbtest4_pkey on sbtest4  (cost=0.43..385.39 rows=98 width=125)
	  Index Cond: ((id >= 6198722) AND (id <= 6198822))

table 5 : explain SELECT id, c FROM sbtest5 WHERE id BETWEEN 6198722 AND 6198822
	Index Scan using sbtest5_pkey on sbtest5  (cost=0.43..442.68 rows=112 width=125)
	  Index Cond: ((id >= 6198722) AND (id <= 6198822))

table 6 : explain SELECT id, c FROM sbtest6 WHERE id BETWEEN 6198722 AND 6198822
	Index Scan using sbtest6_pkey on sbtest6  (cost=0.43..387.56 rows=98 width=125)
	  Index Cond: ((id >= 6198722) AND (id <= 6198822))

table 7 : explain SELECT id, c FROM sbtest7 WHERE id BETWEEN 6198722 AND 6198822
	Index Scan using sbtest7_pkey on sbtest7  (cost=0.43..406.12 rows=103 width=125)
	  Index Cond: ((id >= 6198722) AND (id <= 6198822))

table 8 : explain SELECT id, c FROM sbtest8 WHERE id BETWEEN 6198722 AND 6198822
	Index Scan using sbtest8_pkey on sbtest8  (cost=0.43..387.09 rows=98 width=125)
	  Index Cond: ((id >= 6198722) AND (id <= 6198822))

explain: for range-notcovered :: explain SELECT id, c FROM sbtest%d WHERE id BETWEEN 6198722 AND 6198822
explain: for range-notcovered :: explain SELECT id, c FROM sbtest%d WHERE id BETWEEN 8041353 AND 8041453
for range-notcovered
table 1 : explain SELECT id, c FROM sbtest1 WHERE id BETWEEN 3311264 AND 3311364
	Index Scan using sbtest1_pkey on sbtest1  (cost=0.43..431.75 rows=109 width=125)
	  Index Cond: ((id >= 3311264) AND (id <= 3311364))

table 2 : explain SELECT id, c FROM sbtest2 WHERE id BETWEEN 3311264 AND 3311364
	Index Scan using sbtest2_pkey on sbtest2  (cost=0.43..424.02 rows=107 width=125)
	  Index Cond: ((id >= 3311264) AND (id <= 3311364))

table 3 : explain SELECT id, c FROM sbtest3 WHERE id BETWEEN 3311264 AND 3311364
	Index Scan using sbtest3_pkey on sbtest3  (cost=0.43..399.11 rows=101 width=125)
	  Index Cond: ((id >= 3311264) AND (id <= 3311364))

table 4 : explain SELECT id, c FROM sbtest4 WHERE id BETWEEN 3311264 AND 3311364
	Index Scan using sbtest4_pkey on sbtest4  (cost=0.43..377.62 rows=96 width=125)
	  Index Cond: ((id >= 3311264) AND (id <= 3311364))

table 5 : explain SELECT id, c FROM sbtest5 WHERE id BETWEEN 3311264 AND 3311364
	Index Scan using sbtest5_pkey on sbtest5  (cost=0.43..407.48 rows=103 width=125)
	  Index Cond: ((id >= 3311264) AND (id <= 3311364))

table 6 : explain SELECT id, c FROM sbtest6 WHERE id BETWEEN 3311264 AND 3311364
	Index Scan using sbtest6_pkey on sbtest6  (cost=0.43..387.56 rows=98 width=125)
	  Index Cond: ((id >= 3311264) AND (id <= 3311364))

table 7 : explain SELECT id, c FROM sbtest7 WHERE id BETWEEN 3311264 AND 3311364
	Index Scan using sbtest7_pkey on sbtest7  (cost=0.43..425.61 rows=108 width=125)
	  Index Cond: ((id >= 3311264) AND (id <= 3311364))

table 8 : explain SELECT id, c FROM sbtest8 WHERE id BETWEEN 3311264 AND 3311364
	Index Scan using sbtest8_pkey on sbtest8  (cost=0.43..433.92 rows=110 width=125)
	  Index Cond: ((id >= 3311264) AND (id <= 3311364))

for range-notcovered
table 1 : explain SELECT id, c FROM sbtest1 WHERE id BETWEEN 5413945 AND 5414045
	Index Scan using sbtest1_pkey on sbtest1  (cost=0.43..423.91 rows=107 width=125)
	  Index Cond: ((id >= 5413945) AND (id <= 5414045))

table 2 : explain SELECT id, c FROM sbtest2 WHERE id BETWEEN 5413945 AND 5414045
	Index Scan using sbtest2_pkey on sbtest2  (cost=0.43..435.78 rows=110 width=125)
	  Index Cond: ((id >= 5413945) AND (id <= 5414045))

table 3 : explain SELECT id, c FROM sbtest3 WHERE id BETWEEN 5413945 AND 5414045
	Index Scan using sbtest3_pkey on sbtest3  (cost=0.43..383.49 rows=97 width=125)
	  Index Cond: ((id >= 5413945) AND (id <= 5414045))

table 4 : explain SELECT id, c FROM sbtest4 WHERE id BETWEEN 5413945 AND 5414045
	Index Scan using sbtest4_pkey on sbtest4  (cost=0.43..412.59 rows=105 width=125)
	  Index Cond: ((id >= 5413945) AND (id <= 5414045))

table 5 : explain SELECT id, c FROM sbtest5 WHERE id BETWEEN 5413945 AND 5414045
	Index Scan using sbtest5_pkey on sbtest5  (cost=0.43..380.10 rows=96 width=125)
	  Index Cond: ((id >= 5413945) AND (id <= 5414045))

table 6 : explain SELECT id, c FROM sbtest6 WHERE id BETWEEN 5413945 AND 5414045
	Index Scan using sbtest6_pkey on sbtest6  (cost=0.43..387.56 rows=98 width=125)
	  Index Cond: ((id >= 5413945) AND (id <= 5414045))

table 7 : explain SELECT id, c FROM sbtest7 WHERE id BETWEEN 5413945 AND 5414045
	Index Scan using sbtest7_pkey on sbtest7  (cost=0.43..421.71 rows=107 width=125)
	  Index Cond: ((id >= 5413945) AND (id <= 5414045))

table 8 : explain SELECT id, c FROM sbtest8 WHERE id BETWEEN 5413945 AND 5414045
	Index Scan using sbtest8_pkey on sbtest8  (cost=0.43..449.53 rows=114 width=125)
	  Index Cond: ((id >= 5413945) AND (id <= 5414045))

explain: for range-notcovered :: explain SELECT id, c FROM sbtest%d WHERE id BETWEEN 3311264 AND 3311364
explain: for range-notcovered :: explain SELECT id, c FROM sbtest%d WHERE id BETWEEN 5413945 AND 5414045
for range-notcovered
table 1 : explain SELECT id, c FROM sbtest1 WHERE id BETWEEN 6198722 AND 6198822
	Index Scan using sbtest1_pkey on sbtest1  (cost=0.43..435.66 rows=110 width=125)
	  Index Cond: ((id >= 6198722) AND (id <= 6198822))

table 2 : explain SELECT id, c FROM sbtest2 WHERE id BETWEEN 6198722 AND 6198822
	Index Scan using sbtest2_pkey on sbtest2  (cost=0.43..388.75 rows=98 width=125)
	  Index Cond: ((id >= 6198722) AND (id <= 6198822))

table 3 : explain SELECT id, c FROM sbtest3 WHERE id BETWEEN 6198722 AND 6198822
	Index Scan using sbtest3_pkey on sbtest3  (cost=0.43..395.21 rows=100 width=125)
	  Index Cond: ((id >= 6198722) AND (id <= 6198822))

table 4 : explain SELECT id, c FROM sbtest4 WHERE id BETWEEN 6198722 AND 6198822
	Index Scan using sbtest4_pkey on sbtest4  (cost=0.43..385.39 rows=98 width=125)
	  Index Cond: ((id >= 6198722) AND (id <= 6198822))

table 5 : explain SELECT id, c FROM sbtest5 WHERE id BETWEEN 6198722 AND 6198822
	Index Scan using sbtest5_pkey on sbtest5  (cost=0.43..442.68 rows=112 width=125)
	  Index Cond: ((id >= 6198722) AND (id <= 6198822))

table 6 : explain SELECT id, c FROM sbtest6 WHERE id BETWEEN 6198722 AND 6198822
	Index Scan using sbtest6_pkey on sbtest6  (cost=0.43..387.56 rows=98 width=125)
	  Index Cond: ((id >= 6198722) AND (id <= 6198822))

table 7 : explain SELECT id, c FROM sbtest7 WHERE id BETWEEN 6198722 AND 6198822
	Index Scan using sbtest7_pkey on sbtest7  (cost=0.43..406.12 rows=103 width=125)
	  Index Cond: ((id >= 6198722) AND (id <= 6198822))

table 8 : explain SELECT id, c FROM sbtest8 WHERE id BETWEEN 6198722 AND 6198822
	Index Scan using sbtest8_pkey on sbtest8  (cost=0.43..387.09 rows=98 width=125)
	  Index Cond: ((id >= 6198722) AND (id <= 6198822))

explain: for range-notcovered :: explain SELECT id, c FROM sbtest%d WHERE id BETWEEN 6198722 AND 6198822
for range-notcovered
table 1 : explain SELECT id, c FROM sbtest1 WHERE id BETWEEN 8041353 AND 8041453
	Index Scan using sbtest1_pkey on sbtest1  (cost=0.43..392.56 rows=99 width=125)
	  Index Cond: ((id >= 8041353) AND (id <= 8041453))

table 2 : explain SELECT id, c FROM sbtest2 WHERE id BETWEEN 8041353 AND 8041453
	Index Scan using sbtest2_pkey on sbtest2  (cost=0.43..404.42 rows=102 width=125)
	  Index Cond: ((id >= 8041353) AND (id <= 8041453))

table 3 : explain SELECT id, c FROM sbtest3 WHERE id BETWEEN 8041353 AND 8041453
	Index Scan using sbtest3_pkey on sbtest3  (cost=0.43..371.77 rows=94 width=125)
	  Index Cond: ((id >= 8041353) AND (id <= 8041453))

table 4 : explain SELECT id, c FROM sbtest4 WHERE id BETWEEN 8041353 AND 8041453
	Index Scan using sbtest4_pkey on sbtest4  (cost=0.43..455.32 rows=116 width=125)
	  Index Cond: ((id >= 8041353) AND (id <= 8041453))

table 5 : explain SELECT id, c FROM sbtest5 WHERE id BETWEEN 8041353 AND 8041453
	Index Scan using sbtest5_pkey on sbtest5  (cost=0.43..384.01 rows=97 width=125)
	  Index Cond: ((id >= 8041353) AND (id <= 8041453))

table 6 : explain SELECT id, c FROM sbtest6 WHERE id BETWEEN 8041353 AND 8041453
	Index Scan using sbtest6_pkey on sbtest6  (cost=0.43..403.19 rows=102 width=125)
	  Index Cond: ((id >= 8041353) AND (id <= 8041453))

table 7 : explain SELECT id, c FROM sbtest7 WHERE id BETWEEN 8041353 AND 8041453
	Index Scan using sbtest7_pkey on sbtest7  (cost=0.43..425.61 rows=108 width=125)
	  Index Cond: ((id >= 8041353) AND (id <= 8041453))

table 8 : explain SELECT id, c FROM sbtest8 WHERE id BETWEEN 8041353 AND 8041453
	Index Scan using sbtest8_pkey on sbtest8  (cost=0.43..394.89 rows=100 width=125)
	  Index Cond: ((id >= 8041353) AND (id <= 8041453))

explain: for range-notcovered :: explain SELECT id, c FROM sbtest%d WHERE id BETWEEN 8041353 AND 8041453
for range-notcovered
table 1 : explain SELECT id, c FROM sbtest1 WHERE id BETWEEN 3311264 AND 3311364
	Index Scan using sbtest1_pkey on sbtest1  (cost=0.43..431.75 rows=109 width=125)
	  Index Cond: ((id >= 3311264) AND (id <= 3311364))

table 2 : explain SELECT id, c FROM sbtest2 WHERE id BETWEEN 3311264 AND 3311364
	Index Scan using sbtest2_pkey on sbtest2  (cost=0.43..424.02 rows=107 width=125)
	  Index Cond: ((id >= 3311264) AND (id <= 3311364))

table 3 : explain SELECT id, c FROM sbtest3 WHERE id BETWEEN 3311264 AND 3311364
	Index Scan using sbtest3_pkey on sbtest3  (cost=0.43..399.11 rows=101 width=125)
	  Index Cond: ((id >= 3311264) AND (id <= 3311364))

table 4 : explain SELECT id, c FROM sbtest4 WHERE id BETWEEN 3311264 AND 3311364
	Index Scan using sbtest4_pkey on sbtest4  (cost=0.43..377.62 rows=96 width=125)
	  Index Cond: ((id >= 3311264) AND (id <= 3311364))

table 5 : explain SELECT id, c FROM sbtest5 WHERE id BETWEEN 3311264 AND 3311364
	Index Scan using sbtest5_pkey on sbtest5  (cost=0.43..407.48 rows=103 width=125)
	  Index Cond: ((id >= 3311264) AND (id <= 3311364))

table 6 : explain SELECT id, c FROM sbtest6 WHERE id BETWEEN 3311264 AND 3311364
	Index Scan using sbtest6_pkey on sbtest6  (cost=0.43..387.56 rows=98 width=125)
	  Index Cond: ((id >= 3311264) AND (id <= 3311364))

table 7 : explain SELECT id, c FROM sbtest7 WHERE id BETWEEN 3311264 AND 3311364
	Index Scan using sbtest7_pkey on sbtest7  (cost=0.43..425.61 rows=108 width=125)
	  Index Cond: ((id >= 3311264) AND (id <= 3311364))

table 8 : explain SELECT id, c FROM sbtest8 WHERE id BETWEEN 3311264 AND 3311364
	Index Scan using sbtest8_pkey on sbtest8  (cost=0.43..433.92 rows=110 width=125)
	  Index Cond: ((id >= 3311264) AND (id <= 3311364))

for range-notcovered
table 1 : explain SELECT id, c FROM sbtest1 WHERE id BETWEEN 5413945 AND 5414045
	Index Scan using sbtest1_pkey on sbtest1  (cost=0.43..423.91 rows=107 width=125)
	  Index Cond: ((id >= 5413945) AND (id <= 5414045))

table 2 : explain SELECT id, c FROM sbtest2 WHERE id BETWEEN 5413945 AND 5414045
	Index Scan using sbtest2_pkey on sbtest2  (cost=0.43..435.78 rows=110 width=125)
	  Index Cond: ((id >= 5413945) AND (id <= 5414045))

table 3 : explain SELECT id, c FROM sbtest3 WHERE id BETWEEN 5413945 AND 5414045
	Index Scan using sbtest3_pkey on sbtest3  (cost=0.43..383.49 rows=97 width=125)
	  Index Cond: ((id >= 5413945) AND (id <= 5414045))

table 4 : explain SELECT id, c FROM sbtest4 WHERE id BETWEEN 5413945 AND 5414045
	Index Scan using sbtest4_pkey on sbtest4  (cost=0.43..412.59 rows=105 width=125)
	  Index Cond: ((id >= 5413945) AND (id <= 5414045))

table 5 : explain SELECT id, c FROM sbtest5 WHERE id BETWEEN 5413945 AND 5414045
	Index Scan using sbtest5_pkey on sbtest5  (cost=0.43..380.10 rows=96 width=125)
	  Index Cond: ((id >= 5413945) AND (id <= 5414045))

table 6 : explain SELECT id, c FROM sbtest6 WHERE id BETWEEN 5413945 AND 5414045
	Index Scan using sbtest6_pkey on sbtest6  (cost=0.43..387.56 rows=98 width=125)
	  Index Cond: ((id >= 5413945) AND (id <= 5414045))

table 7 : explain SELECT id, c FROM sbtest7 WHERE id BETWEEN 5413945 AND 5414045
	Index Scan using sbtest7_pkey on sbtest7  (cost=0.43..421.71 rows=107 width=125)
	  Index Cond: ((id >= 5413945) AND (id <= 5414045))

table 8 : explain SELECT id, c FROM sbtest8 WHERE id BETWEEN 5413945 AND 5414045
	Index Scan using sbtest8_pkey on sbtest8  (cost=0.43..449.53 rows=114 width=125)
	  Index Cond: ((id >= 5413945) AND (id <= 5414045))

explain: for range-notcovered :: explain SELECT id, c FROM sbtest%d WHERE id BETWEEN 3311264 AND 3311364
explain: for range-notcovered :: explain SELECT id, c FROM sbtest%d WHERE id BETWEEN 5413945 AND 5414045
for range-notcovered
table 1 : explain SELECT id, c FROM sbtest1 WHERE id BETWEEN 6198722 AND 6198822
	Index Scan using sbtest1_pkey on sbtest1  (cost=0.43..435.66 rows=110 width=125)
	  Index Cond: ((id >= 6198722) AND (id <= 6198822))

table 2 : explain SELECT id, c FROM sbtest2 WHERE id BETWEEN 6198722 AND 6198822
	Index Scan using sbtest2_pkey on sbtest2  (cost=0.43..388.75 rows=98 width=125)
	  Index Cond: ((id >= 6198722) AND (id <= 6198822))

table 3 : explain SELECT id, c FROM sbtest3 WHERE id BETWEEN 6198722 AND 6198822
	Index Scan using sbtest3_pkey on sbtest3  (cost=0.43..395.21 rows=100 width=125)
	  Index Cond: ((id >= 6198722) AND (id <= 6198822))

table 4 : explain SELECT id, c FROM sbtest4 WHERE id BETWEEN 6198722 AND 6198822
	Index Scan using sbtest4_pkey on sbtest4  (cost=0.43..385.39 rows=98 width=125)
	  Index Cond: ((id >= 6198722) AND (id <= 6198822))

table 5 : explain SELECT id, c FROM sbtest5 WHERE id BETWEEN 6198722 AND 6198822
	Index Scan using sbtest5_pkey on sbtest5  (cost=0.43..442.68 rows=112 width=125)
	  Index Cond: ((id >= 6198722) AND (id <= 6198822))

table 6 : explain SELECT id, c FROM sbtest6 WHERE id BETWEEN 6198722 AND 6198822
	Index Scan using sbtest6_pkey on sbtest6  (cost=0.43..387.56 rows=98 width=125)
	  Index Cond: ((id >= 6198722) AND (id <= 6198822))

table 7 : explain SELECT id, c FROM sbtest7 WHERE id BETWEEN 6198722 AND 6198822
	Index Scan using sbtest7_pkey on sbtest7  (cost=0.43..406.12 rows=103 width=125)
	  Index Cond: ((id >= 6198722) AND (id <= 6198822))

table 8 : explain SELECT id, c FROM sbtest8 WHERE id BETWEEN 6198722 AND 6198822
	Index Scan using sbtest8_pkey on sbtest8  (cost=0.43..387.09 rows=98 width=125)
	  Index Cond: ((id >= 6198722) AND (id <= 6198822))

explain: for range-notcovered :: explain SELECT id, c FROM sbtest%d WHERE id BETWEEN 6198722 AND 6198822
for range-notcovered
table 1 : explain SELECT id, c FROM sbtest1 WHERE id BETWEEN 8041353 AND 8041453
	Index Scan using sbtest1_pkey on sbtest1  (cost=0.43..392.56 rows=99 width=125)
	  Index Cond: ((id >= 8041353) AND (id <= 8041453))

table 2 : explain SELECT id, c FROM sbtest2 WHERE id BETWEEN 8041353 AND 8041453
	Index Scan using sbtest2_pkey on sbtest2  (cost=0.43..404.42 rows=102 width=125)
	  Index Cond: ((id >= 8041353) AND (id <= 8041453))

table 3 : explain SELECT id, c FROM sbtest3 WHERE id BETWEEN 8041353 AND 8041453
	Index Scan using sbtest3_pkey on sbtest3  (cost=0.43..371.77 rows=94 width=125)
	  Index Cond: ((id >= 8041353) AND (id <= 8041453))

table 4 : explain SELECT id, c FROM sbtest4 WHERE id BETWEEN 8041353 AND 8041453
	Index Scan using sbtest4_pkey on sbtest4  (cost=0.43..455.32 rows=116 width=125)
	  Index Cond: ((id >= 8041353) AND (id <= 8041453))

table 5 : explain SELECT id, c FROM sbtest5 WHERE id BETWEEN 8041353 AND 8041453
	Index Scan using sbtest5_pkey on sbtest5  (cost=0.43..384.01 rows=97 width=125)
	  Index Cond: ((id >= 8041353) AND (id <= 8041453))

table 6 : explain SELECT id, c FROM sbtest6 WHERE id BETWEEN 8041353 AND 8041453
	Index Scan using sbtest6_pkey on sbtest6  (cost=0.43..403.19 rows=102 width=125)
	  Index Cond: ((id >= 8041353) AND (id <= 8041453))

table 7 : explain SELECT id, c FROM sbtest7 WHERE id BETWEEN 8041353 AND 8041453
	Index Scan using sbtest7_pkey on sbtest7  (cost=0.43..425.61 rows=108 width=125)
	  Index Cond: ((id >= 8041353) AND (id <= 8041453))

table 8 : explain SELECT id, c FROM sbtest8 WHERE id BETWEEN 8041353 AND 8041453
	Index Scan using sbtest8_pkey on sbtest8  (cost=0.43..394.89 rows=100 width=125)
	  Index Cond: ((id >= 8041353) AND (id <= 8041453))

explain: for range-notcovered :: explain SELECT id, c FROM sbtest%d WHERE id BETWEEN 8041353 AND 8041453
for range-notcovered
table 1 : explain SELECT id, c FROM sbtest1 WHERE id BETWEEN 5413945 AND 5414045
	Index Scan using sbtest1_pkey on sbtest1  (cost=0.43..423.91 rows=107 width=125)
	  Index Cond: ((id >= 5413945) AND (id <= 5414045))

table 2 : explain SELECT id, c FROM sbtest2 WHERE id BETWEEN 5413945 AND 5414045
	Index Scan using sbtest2_pkey on sbtest2  (cost=0.43..435.78 rows=110 width=125)
	  Index Cond: ((id >= 5413945) AND (id <= 5414045))

table 3 : explain SELECT id, c FROM sbtest3 WHERE id BETWEEN 5413945 AND 5414045
	Index Scan using sbtest3_pkey on sbtest3  (cost=0.43..383.49 rows=97 width=125)
	  Index Cond: ((id >= 5413945) AND (id <= 5414045))

table 4 : explain SELECT id, c FROM sbtest4 WHERE id BETWEEN 5413945 AND 5414045
	Index Scan using sbtest4_pkey on sbtest4  (cost=0.43..412.59 rows=105 width=125)
	  Index Cond: ((id >= 5413945) AND (id <= 5414045))

table 5 : explain SELECT id, c FROM sbtest5 WHERE id BETWEEN 5413945 AND 5414045
	Index Scan using sbtest5_pkey on sbtest5  (cost=0.43..380.10 rows=96 width=125)
	  Index Cond: ((id >= 5413945) AND (id <= 5414045))

table 6 : explain SELECT id, c FROM sbtest6 WHERE id BETWEEN 5413945 AND 5414045
	Index Scan using sbtest6_pkey on sbtest6  (cost=0.43..387.56 rows=98 width=125)
	  Index Cond: ((id >= 5413945) AND (id <= 5414045))

table 7 : explain SELECT id, c FROM sbtest7 WHERE id BETWEEN 5413945 AND 5414045
	Index Scan using sbtest7_pkey on sbtest7  (cost=0.43..421.71 rows=107 width=125)
	  Index Cond: ((id >= 5413945) AND (id <= 5414045))

table 8 : explain SELECT id, c FROM sbtest8 WHERE id BETWEEN 5413945 AND 5414045
	Index Scan using sbtest8_pkey on sbtest8  (cost=0.43..449.53 rows=114 width=125)
	  Index Cond: ((id >= 5413945) AND (id <= 5414045))

for range-notcovered
table 1 : explain SELECT id, c FROM sbtest1 WHERE id BETWEEN 6198722 AND 6198822
	Index Scan using sbtest1_pkey on sbtest1  (cost=0.43..435.66 rows=110 width=125)
	  Index Cond: ((id >= 6198722) AND (id <= 6198822))

table 2 : explain SELECT id, c FROM sbtest2 WHERE id BETWEEN 6198722 AND 6198822
	Index Scan using sbtest2_pkey on sbtest2  (cost=0.43..388.75 rows=98 width=125)
	  Index Cond: ((id >= 6198722) AND (id <= 6198822))

table 3 : explain SELECT id, c FROM sbtest3 WHERE id BETWEEN 6198722 AND 6198822
	Index Scan using sbtest3_pkey on sbtest3  (cost=0.43..395.21 rows=100 width=125)
	  Index Cond: ((id >= 6198722) AND (id <= 6198822))

table 4 : explain SELECT id, c FROM sbtest4 WHERE id BETWEEN 6198722 AND 6198822
	Index Scan using sbtest4_pkey on sbtest4  (cost=0.43..385.39 rows=98 width=125)
	  Index Cond: ((id >= 6198722) AND (id <= 6198822))

table 5 : explain SELECT id, c FROM sbtest5 WHERE id BETWEEN 6198722 AND 6198822
	Index Scan using sbtest5_pkey on sbtest5  (cost=0.43..442.68 rows=112 width=125)
	  Index Cond: ((id >= 6198722) AND (id <= 6198822))

table 6 : explain SELECT id, c FROM sbtest6 WHERE id BETWEEN 6198722 AND 6198822
	Index Scan using sbtest6_pkey on sbtest6  (cost=0.43..387.56 rows=98 width=125)
	  Index Cond: ((id >= 6198722) AND (id <= 6198822))

table 7 : explain SELECT id, c FROM sbtest7 WHERE id BETWEEN 6198722 AND 6198822
	Index Scan using sbtest7_pkey on sbtest7  (cost=0.43..406.12 rows=103 width=125)
	  Index Cond: ((id >= 6198722) AND (id <= 6198822))

table 8 : explain SELECT id, c FROM sbtest8 WHERE id BETWEEN 6198722 AND 6198822
	Index Scan using sbtest8_pkey on sbtest8  (cost=0.43..387.09 rows=98 width=125)
	  Index Cond: ((id >= 6198722) AND (id <= 6198822))

explain: for range-notcovered :: explain SELECT id, c FROM sbtest%d WHERE id BETWEEN 6198722 AND 6198822
for range-notcovered
table 1 : explain SELECT id, c FROM sbtest1 WHERE id BETWEEN 8041353 AND 8041453
	Index Scan using sbtest1_pkey on sbtest1  (cost=0.43..392.56 rows=99 width=125)
	  Index Cond: ((id >= 8041353) AND (id <= 8041453))

table 2 : explain SELECT id, c FROM sbtest2 WHERE id BETWEEN 8041353 AND 8041453
	Index Scan using sbtest2_pkey on sbtest2  (cost=0.43..404.42 rows=102 width=125)
	  Index Cond: ((id >= 8041353) AND (id <= 8041453))

table 3 : explain SELECT id, c FROM sbtest3 WHERE id BETWEEN 8041353 AND 8041453
	Index Scan using sbtest3_pkey on sbtest3  (cost=0.43..371.77 rows=94 width=125)
	  Index Cond: ((id >= 8041353) AND (id <= 8041453))

table 4 : explain SELECT id, c FROM sbtest4 WHERE id BETWEEN 8041353 AND 8041453
	Index Scan using sbtest4_pkey on sbtest4  (cost=0.43..455.32 rows=116 width=125)
	  Index Cond: ((id >= 8041353) AND (id <= 8041453))

table 5 : explain SELECT id, c FROM sbtest5 WHERE id BETWEEN 8041353 AND 8041453
	Index Scan using sbtest5_pkey on sbtest5  (cost=0.43..384.01 rows=97 width=125)
	  Index Cond: ((id >= 8041353) AND (id <= 8041453))

table 6 : explain SELECT id, c FROM sbtest6 WHERE id BETWEEN 8041353 AND 8041453
	Index Scan using sbtest6_pkey on sbtest6  (cost=0.43..403.19 rows=102 width=125)
	  Index Cond: ((id >= 8041353) AND (id <= 8041453))

table 7 : explain SELECT id, c FROM sbtest7 WHERE id BETWEEN 8041353 AND 8041453
	Index Scan using sbtest7_pkey on sbtest7  (cost=0.43..425.61 rows=108 width=125)
	  Index Cond: ((id >= 8041353) AND (id <= 8041453))

table 8 : explain SELECT id, c FROM sbtest8 WHERE id BETWEEN 8041353 AND 8041453
	Index Scan using sbtest8_pkey on sbtest8  (cost=0.43..394.89 rows=100 width=125)
	  Index Cond: ((id >= 8041353) AND (id <= 8041453))

explain: for range-notcovered :: explain SELECT id, c FROM sbtest%d WHERE id BETWEEN 8041353 AND 8041453
for range-notcovered
table 1 : explain SELECT id, c FROM sbtest1 WHERE id BETWEEN 6198722 AND 6198822
	Index Scan using sbtest1_pkey on sbtest1  (cost=0.43..435.66 rows=110 width=125)
	  Index Cond: ((id >= 6198722) AND (id <= 6198822))

table 2 : explain SELECT id, c FROM sbtest2 WHERE id BETWEEN 6198722 AND 6198822
	Index Scan using sbtest2_pkey on sbtest2  (cost=0.43..388.75 rows=98 width=125)
	  Index Cond: ((id >= 6198722) AND (id <= 6198822))

table 3 : explain SELECT id, c FROM sbtest3 WHERE id BETWEEN 6198722 AND 6198822
	Index Scan using sbtest3_pkey on sbtest3  (cost=0.43..395.21 rows=100 width=125)
	  Index Cond: ((id >= 6198722) AND (id <= 6198822))

table 4 : explain SELECT id, c FROM sbtest4 WHERE id BETWEEN 6198722 AND 6198822
	Index Scan using sbtest4_pkey on sbtest4  (cost=0.43..385.39 rows=98 width=125)
	  Index Cond: ((id >= 6198722) AND (id <= 6198822))

table 5 : explain SELECT id, c FROM sbtest5 WHERE id BETWEEN 6198722 AND 6198822
	Index Scan using sbtest5_pkey on sbtest5  (cost=0.43..442.68 rows=112 width=125)
	  Index Cond: ((id >= 6198722) AND (id <= 6198822))

table 6 : explain SELECT id, c FROM sbtest6 WHERE id BETWEEN 6198722 AND 6198822
	Index Scan using sbtest6_pkey on sbtest6  (cost=0.43..387.56 rows=98 width=125)
	  Index Cond: ((id >= 6198722) AND (id <= 6198822))

table 7 : explain SELECT id, c FROM sbtest7 WHERE id BETWEEN 6198722 AND 6198822
	Index Scan using sbtest7_pkey on sbtest7  (cost=0.43..406.12 rows=103 width=125)
	  Index Cond: ((id >= 6198722) AND (id <= 6198822))

table 8 : explain SELECT id, c FROM sbtest8 WHERE id BETWEEN 6198722 AND 6198822
	Index Scan using sbtest8_pkey on sbtest8  (cost=0.43..387.09 rows=98 width=125)
	  Index Cond: ((id >= 6198722) AND (id <= 6198822))

explain: for range-notcovered :: explain SELECT id, c FROM sbtest%d WHERE id BETWEEN 6198722 AND 6198822
for range-notcovered
table 1 : explain SELECT id, c FROM sbtest1 WHERE id BETWEEN 8041353 AND 8041453
	Index Scan using sbtest1_pkey on sbtest1  (cost=0.43..392.56 rows=99 width=125)
	  Index Cond: ((id >= 8041353) AND (id <= 8041453))

table 2 : explain SELECT id, c FROM sbtest2 WHERE id BETWEEN 8041353 AND 8041453
	Index Scan using sbtest2_pkey on sbtest2  (cost=0.43..404.42 rows=102 width=125)
	  Index Cond: ((id >= 8041353) AND (id <= 8041453))

table 3 : explain SELECT id, c FROM sbtest3 WHERE id BETWEEN 8041353 AND 8041453
	Index Scan using sbtest3_pkey on sbtest3  (cost=0.43..371.77 rows=94 width=125)
	  Index Cond: ((id >= 8041353) AND (id <= 8041453))

table 4 : explain SELECT id, c FROM sbtest4 WHERE id BETWEEN 8041353 AND 8041453
	Index Scan using sbtest4_pkey on sbtest4  (cost=0.43..455.32 rows=116 width=125)
	  Index Cond: ((id >= 8041353) AND (id <= 8041453))

table 5 : explain SELECT id, c FROM sbtest5 WHERE id BETWEEN 8041353 AND 8041453
	Index Scan using sbtest5_pkey on sbtest5  (cost=0.43..384.01 rows=97 width=125)
	  Index Cond: ((id >= 8041353) AND (id <= 8041453))

table 6 : explain SELECT id, c FROM sbtest6 WHERE id BETWEEN 8041353 AND 8041453
	Index Scan using sbtest6_pkey on sbtest6  (cost=0.43..403.19 rows=102 width=125)
	  Index Cond: ((id >= 8041353) AND (id <= 8041453))

table 7 : explain SELECT id, c FROM sbtest7 WHERE id BETWEEN 8041353 AND 8041453
	Index Scan using sbtest7_pkey on sbtest7  (cost=0.43..425.61 rows=108 width=125)
	  Index Cond: ((id >= 8041353) AND (id <= 8041453))

table 8 : explain SELECT id, c FROM sbtest8 WHERE id BETWEEN 8041353 AND 8041453
	Index Scan using sbtest8_pkey on sbtest8  (cost=0.43..394.89 rows=100 width=125)
	  Index Cond: ((id >= 8041353) AND (id <= 8041453))

explain: for range-notcovered :: explain SELECT id, c FROM sbtest%d WHERE id BETWEEN 8041353 AND 8041453
for range-notcovered
table 1 : explain SELECT id, c FROM sbtest1 WHERE id BETWEEN 6666312 AND 6666412
	Index Scan using sbtest1_pkey on sbtest1  (cost=0.43..384.70 rows=97 width=125)
	  Index Cond: ((id >= 6666312) AND (id <= 6666412))

table 2 : explain SELECT id, c FROM sbtest2 WHERE id BETWEEN 6666312 AND 6666412
	Index Scan using sbtest2_pkey on sbtest2  (cost=0.43..384.83 rows=97 width=125)
	  Index Cond: ((id >= 6666312) AND (id <= 6666412))

table 3 : explain SELECT id, c FROM sbtest3 WHERE id BETWEEN 6666312 AND 6666412
	Index Scan using sbtest3_pkey on sbtest3  (cost=0.43..434.26 rows=110 width=125)
	  Index Cond: ((id >= 6666312) AND (id <= 6666412))

table 4 : explain SELECT id, c FROM sbtest4 WHERE id BETWEEN 6666312 AND 6666412
	Index Scan using sbtest4_pkey on sbtest4  (cost=0.43..385.39 rows=98 width=125)
	  Index Cond: ((id >= 6666312) AND (id <= 6666412))

table 5 : explain SELECT id, c FROM sbtest5 WHERE id BETWEEN 6666312 AND 6666412
	Index Scan using sbtest5_pkey on sbtest5  (cost=0.43..372.28 rows=94 width=125)
	  Index Cond: ((id >= 6666312) AND (id <= 6666412))

table 6 : explain SELECT id, c FROM sbtest6 WHERE id BETWEEN 6666312 AND 6666412
	Index Scan using sbtest6_pkey on sbtest6  (cost=0.43..379.74 rows=96 width=125)
	  Index Cond: ((id >= 6666312) AND (id <= 6666412))

table 7 : explain SELECT id, c FROM sbtest7 WHERE id BETWEEN 6666312 AND 6666412
	Index Scan using sbtest7_pkey on sbtest7  (cost=0.43..382.73 rows=97 width=125)
	  Index Cond: ((id >= 6666312) AND (id <= 6666412))

table 8 : explain SELECT id, c FROM sbtest8 WHERE id BETWEEN 6666312 AND 6666412
	Index Scan using sbtest8_pkey on sbtest8  (cost=0.43..398.80 rows=101 width=125)
	  Index Cond: ((id >= 6666312) AND (id <= 6666412))

for range-notcovered
table 1 : explain SELECT id, c FROM sbtest1 WHERE id BETWEEN 3542018 AND 3542118
	Index Scan using sbtest1_pkey on sbtest1  (cost=0.43..408.23 rows=103 width=125)
	  Index Cond: ((id >= 3542018) AND (id <= 3542118))

table 2 : explain SELECT id, c FROM sbtest2 WHERE id BETWEEN 3542018 AND 3542118
	Index Scan using sbtest2_pkey on sbtest2  (cost=0.43..400.50 rows=101 width=125)
	  Index Cond: ((id >= 3542018) AND (id <= 3542118))

table 3 : explain SELECT id, c FROM sbtest3 WHERE id BETWEEN 3542018 AND 3542118
	Index Scan using sbtest3_pkey on sbtest3  (cost=0.43..403.02 rows=102 width=125)
	  Index Cond: ((id >= 3542018) AND (id <= 3542118))

table 4 : explain SELECT id, c FROM sbtest4 WHERE id BETWEEN 3542018 AND 3542118
	Index Scan using sbtest4_pkey on sbtest4  (cost=0.43..381.51 rows=97 width=125)
	  Index Cond: ((id >= 3542018) AND (id <= 3542118))

table 5 : explain SELECT id, c FROM sbtest5 WHERE id BETWEEN 3542018 AND 3542118
	Index Scan using sbtest5_pkey on sbtest5  (cost=0.43..356.63 rows=90 width=125)
	  Index Cond: ((id >= 3542018) AND (id <= 3542118))

table 6 : explain SELECT id, c FROM sbtest6 WHERE id BETWEEN 3542018 AND 3542118
	Index Scan using sbtest6_pkey on sbtest6  (cost=0.43..360.21 rows=91 width=125)
	  Index Cond: ((id >= 3542018) AND (id <= 3542118))

table 7 : explain SELECT id, c FROM sbtest7 WHERE id BETWEEN 3542018 AND 3542118
	Index Scan using sbtest7_pkey on sbtest7  (cost=0.43..410.02 rows=104 width=125)
	  Index Cond: ((id >= 3542018) AND (id <= 3542118))

table 8 : explain SELECT id, c FROM sbtest8 WHERE id BETWEEN 3542018 AND 3542118
	Index Scan using sbtest8_pkey on sbtest8  (cost=0.43..449.53 rows=114 width=125)
	  Index Cond: ((id >= 3542018) AND (id <= 3542118))

explain: for range-notcovered :: explain SELECT id, c FROM sbtest%d WHERE id BETWEEN 3542018 AND 3542118
explain: for range-notcovered :: explain SELECT id, c FROM sbtest%d WHERE id BETWEEN 6666312 AND 6666412
explain: for range-notcovered :: explain SELECT id, c FROM sbtest%d WHERE id BETWEEN 8512659 AND 8512759
for range-notcovered
table 1 : explain SELECT id, c FROM sbtest1 WHERE id BETWEEN 8041353 AND 8041453
	Index Scan using sbtest1_pkey on sbtest1  (cost=0.43..392.56 rows=99 width=125)
	  Index Cond: ((id >= 8041353) AND (id <= 8041453))

table 2 : explain SELECT id, c FROM sbtest2 WHERE id BETWEEN 8041353 AND 8041453
	Index Scan using sbtest2_pkey on sbtest2  (cost=0.43..404.42 rows=102 width=125)
	  Index Cond: ((id >= 8041353) AND (id <= 8041453))

table 3 : explain SELECT id, c FROM sbtest3 WHERE id BETWEEN 8041353 AND 8041453
	Index Scan using sbtest3_pkey on sbtest3  (cost=0.43..371.77 rows=94 width=125)
	  Index Cond: ((id >= 8041353) AND (id <= 8041453))

table 4 : explain SELECT id, c FROM sbtest4 WHERE id BETWEEN 8041353 AND 8041453
	Index Scan using sbtest4_pkey on sbtest4  (cost=0.43..455.32 rows=116 width=125)
	  Index Cond: ((id >= 8041353) AND (id <= 8041453))

table 5 : explain SELECT id, c FROM sbtest5 WHERE id BETWEEN 8041353 AND 8041453
	Index Scan using sbtest5_pkey on sbtest5  (cost=0.43..384.01 rows=97 width=125)
	  Index Cond: ((id >= 8041353) AND (id <= 8041453))

table 6 : explain SELECT id, c FROM sbtest6 WHERE id BETWEEN 8041353 AND 8041453
	Index Scan using sbtest6_pkey on sbtest6  (cost=0.43..403.19 rows=102 width=125)
	  Index Cond: ((id >= 8041353) AND (id <= 8041453))

table 7 : explain SELECT id, c FROM sbtest7 WHERE id BETWEEN 8041353 AND 8041453
	Index Scan using sbtest7_pkey on sbtest7  (cost=0.43..425.61 rows=108 width=125)
	  Index Cond: ((id >= 8041353) AND (id <= 8041453))

table 8 : explain SELECT id, c FROM sbtest8 WHERE id BETWEEN 8041353 AND 8041453
	Index Scan using sbtest8_pkey on sbtest8  (cost=0.43..394.89 rows=100 width=125)
	  Index Cond: ((id >= 8041353) AND (id <= 8041453))

explain: for range-notcovered :: explain SELECT id, c FROM sbtest%d WHERE id BETWEEN 8041353 AND 8041453
for range-notcovered
table 1 : explain SELECT id, c FROM sbtest1 WHERE id BETWEEN 3542018 AND 3542118
	Index Scan using sbtest1_pkey on sbtest1  (cost=0.43..408.23 rows=103 width=125)
	  Index Cond: ((id >= 3542018) AND (id <= 3542118))

table 2 : explain SELECT id, c FROM sbtest2 WHERE id BETWEEN 3542018 AND 3542118
	Index Scan using sbtest2_pkey on sbtest2  (cost=0.43..400.50 rows=101 width=125)
	  Index Cond: ((id >= 3542018) AND (id <= 3542118))

table 3 : explain SELECT id, c FROM sbtest3 WHERE id BETWEEN 3542018 AND 3542118
	Index Scan using sbtest3_pkey on sbtest3  (cost=0.43..403.02 rows=102 width=125)
	  Index Cond: ((id >= 3542018) AND (id <= 3542118))

table 4 : explain SELECT id, c FROM sbtest4 WHERE id BETWEEN 3542018 AND 3542118
	Index Scan using sbtest4_pkey on sbtest4  (cost=0.43..381.51 rows=97 width=125)
	  Index Cond: ((id >= 3542018) AND (id <= 3542118))

table 5 : explain SELECT id, c FROM sbtest5 WHERE id BETWEEN 3542018 AND 3542118
	Index Scan using sbtest5_pkey on sbtest5  (cost=0.43..356.63 rows=90 width=125)
	  Index Cond: ((id >= 3542018) AND (id <= 3542118))

table 6 : explain SELECT id, c FROM sbtest6 WHERE id BETWEEN 3542018 AND 3542118
	Index Scan using sbtest6_pkey on sbtest6  (cost=0.43..360.21 rows=91 width=125)
	  Index Cond: ((id >= 3542018) AND (id <= 3542118))

table 7 : explain SELECT id, c FROM sbtest7 WHERE id BETWEEN 3542018 AND 3542118
	Index Scan using sbtest7_pkey on sbtest7  (cost=0.43..410.02 rows=104 width=125)
	  Index Cond: ((id >= 3542018) AND (id <= 3542118))

table 8 : explain SELECT id, c FROM sbtest8 WHERE id BETWEEN 3542018 AND 3542118
	Index Scan using sbtest8_pkey on sbtest8  (cost=0.43..449.53 rows=114 width=125)
	  Index Cond: ((id >= 3542018) AND (id <= 3542118))

explain: for range-notcovered :: explain SELECT id, c FROM sbtest%d WHERE id BETWEEN 3542018 AND 3542118
for range-notcovered
table 1 : explain SELECT id, c FROM sbtest1 WHERE id BETWEEN 6666312 AND 6666412
	Index Scan using sbtest1_pkey on sbtest1  (cost=0.43..384.70 rows=97 width=125)
	  Index Cond: ((id >= 6666312) AND (id <= 6666412))

table 2 : explain SELECT id, c FROM sbtest2 WHERE id BETWEEN 6666312 AND 6666412
	Index Scan using sbtest2_pkey on sbtest2  (cost=0.43..384.83 rows=97 width=125)
	  Index Cond: ((id >= 6666312) AND (id <= 6666412))

table 3 : explain SELECT id, c FROM sbtest3 WHERE id BETWEEN 6666312 AND 6666412
	Index Scan using sbtest3_pkey on sbtest3  (cost=0.43..434.26 rows=110 width=125)
	  Index Cond: ((id >= 6666312) AND (id <= 6666412))

table 4 : explain SELECT id, c FROM sbtest4 WHERE id BETWEEN 6666312 AND 6666412
	Index Scan using sbtest4_pkey on sbtest4  (cost=0.43..385.39 rows=98 width=125)
	  Index Cond: ((id >= 6666312) AND (id <= 6666412))

table 5 : explain SELECT id, c FROM sbtest5 WHERE id BETWEEN 6666312 AND 6666412
	Index Scan using sbtest5_pkey on sbtest5  (cost=0.43..372.28 rows=94 width=125)
	  Index Cond: ((id >= 6666312) AND (id <= 6666412))

table 6 : explain SELECT id, c FROM sbtest6 WHERE id BETWEEN 6666312 AND 6666412
	Index Scan using sbtest6_pkey on sbtest6  (cost=0.43..379.74 rows=96 width=125)
	  Index Cond: ((id >= 6666312) AND (id <= 6666412))

table 7 : explain SELECT id, c FROM sbtest7 WHERE id BETWEEN 6666312 AND 6666412
	Index Scan using sbtest7_pkey on sbtest7  (cost=0.43..382.73 rows=97 width=125)
	  Index Cond: ((id >= 6666312) AND (id <= 6666412))

table 8 : explain SELECT id, c FROM sbtest8 WHERE id BETWEEN 6666312 AND 6666412
	Index Scan using sbtest8_pkey on sbtest8  (cost=0.43..398.80 rows=101 width=125)
	  Index Cond: ((id >= 6666312) AND (id <= 6666412))

explain: for range-notcovered :: explain SELECT id, c FROM sbtest%d WHERE id BETWEEN 6666312 AND 6666412
for range-notcovered
table 1 : explain SELECT id, c FROM sbtest1 WHERE id BETWEEN 3542018 AND 3542118
	Index Scan using sbtest1_pkey on sbtest1  (cost=0.43..408.23 rows=103 width=125)
	  Index Cond: ((id >= 3542018) AND (id <= 3542118))

table 2 : explain SELECT id, c FROM sbtest2 WHERE id BETWEEN 3542018 AND 3542118
	Index Scan using sbtest2_pkey on sbtest2  (cost=0.43..400.50 rows=101 width=125)
	  Index Cond: ((id >= 3542018) AND (id <= 3542118))

table 3 : explain SELECT id, c FROM sbtest3 WHERE id BETWEEN 3542018 AND 3542118
	Index Scan using sbtest3_pkey on sbtest3  (cost=0.43..403.02 rows=102 width=125)
	  Index Cond: ((id >= 3542018) AND (id <= 3542118))

table 4 : explain SELECT id, c FROM sbtest4 WHERE id BETWEEN 3542018 AND 3542118
	Index Scan using sbtest4_pkey on sbtest4  (cost=0.43..381.51 rows=97 width=125)
	  Index Cond: ((id >= 3542018) AND (id <= 3542118))

table 5 : explain SELECT id, c FROM sbtest5 WHERE id BETWEEN 3542018 AND 3542118
	Index Scan using sbtest5_pkey on sbtest5  (cost=0.43..356.63 rows=90 width=125)
	  Index Cond: ((id >= 3542018) AND (id <= 3542118))

table 6 : explain SELECT id, c FROM sbtest6 WHERE id BETWEEN 3542018 AND 3542118
	Index Scan using sbtest6_pkey on sbtest6  (cost=0.43..360.21 rows=91 width=125)
	  Index Cond: ((id >= 3542018) AND (id <= 3542118))

table 7 : explain SELECT id, c FROM sbtest7 WHERE id BETWEEN 3542018 AND 3542118
	Index Scan using sbtest7_pkey on sbtest7  (cost=0.43..410.02 rows=104 width=125)
	  Index Cond: ((id >= 3542018) AND (id <= 3542118))

table 8 : explain SELECT id, c FROM sbtest8 WHERE id BETWEEN 3542018 AND 3542118
	Index Scan using sbtest8_pkey on sbtest8  (cost=0.43..449.53 rows=114 width=125)
	  Index Cond: ((id >= 3542018) AND (id <= 3542118))

explain: for range-notcovered :: explain SELECT id, c FROM sbtest%d WHERE id BETWEEN 3542018 AND 3542118
for range-notcovered
table 1 : explain SELECT id, c FROM sbtest1 WHERE id BETWEEN 6666312 AND 6666412
	Index Scan using sbtest1_pkey on sbtest1  (cost=0.43..384.70 rows=97 width=125)
	  Index Cond: ((id >= 6666312) AND (id <= 6666412))

table 2 : explain SELECT id, c FROM sbtest2 WHERE id BETWEEN 6666312 AND 6666412
	Index Scan using sbtest2_pkey on sbtest2  (cost=0.43..384.83 rows=97 width=125)
	  Index Cond: ((id >= 6666312) AND (id <= 6666412))

table 3 : explain SELECT id, c FROM sbtest3 WHERE id BETWEEN 6666312 AND 6666412
	Index Scan using sbtest3_pkey on sbtest3  (cost=0.43..434.26 rows=110 width=125)
	  Index Cond: ((id >= 6666312) AND (id <= 6666412))

table 4 : explain SELECT id, c FROM sbtest4 WHERE id BETWEEN 6666312 AND 6666412
	Index Scan using sbtest4_pkey on sbtest4  (cost=0.43..385.39 rows=98 width=125)
	  Index Cond: ((id >= 6666312) AND (id <= 6666412))

table 5 : explain SELECT id, c FROM sbtest5 WHERE id BETWEEN 6666312 AND 6666412
	Index Scan using sbtest5_pkey on sbtest5  (cost=0.43..372.28 rows=94 width=125)
	  Index Cond: ((id >= 6666312) AND (id <= 6666412))

table 6 : explain SELECT id, c FROM sbtest6 WHERE id BETWEEN 6666312 AND 6666412
	Index Scan using sbtest6_pkey on sbtest6  (cost=0.43..379.74 rows=96 width=125)
	  Index Cond: ((id >= 6666312) AND (id <= 6666412))

table 7 : explain SELECT id, c FROM sbtest7 WHERE id BETWEEN 6666312 AND 6666412
	Index Scan using sbtest7_pkey on sbtest7  (cost=0.43..382.73 rows=97 width=125)
	  Index Cond: ((id >= 6666312) AND (id <= 6666412))

table 8 : explain SELECT id, c FROM sbtest8 WHERE id BETWEEN 6666312 AND 6666412
	Index Scan using sbtest8_pkey on sbtest8  (cost=0.43..398.80 rows=101 width=125)
	  Index Cond: ((id >= 6666312) AND (id <= 6666412))

explain: for range-notcovered :: explain SELECT id, c FROM sbtest%d WHERE id BETWEEN 6666312 AND 6666412
for range-notcovered
table 1 : explain SELECT id, c FROM sbtest1 WHERE id BETWEEN 3542018 AND 3542118
	Index Scan using sbtest1_pkey on sbtest1  (cost=0.43..408.23 rows=103 width=125)
	  Index Cond: ((id >= 3542018) AND (id <= 3542118))

table 2 : explain SELECT id, c FROM sbtest2 WHERE id BETWEEN 3542018 AND 3542118
	Index Scan using sbtest2_pkey on sbtest2  (cost=0.43..400.50 rows=101 width=125)
	  Index Cond: ((id >= 3542018) AND (id <= 3542118))

table 3 : explain SELECT id, c FROM sbtest3 WHERE id BETWEEN 3542018 AND 3542118
	Index Scan using sbtest3_pkey on sbtest3  (cost=0.43..403.02 rows=102 width=125)
	  Index Cond: ((id >= 3542018) AND (id <= 3542118))

table 4 : explain SELECT id, c FROM sbtest4 WHERE id BETWEEN 3542018 AND 3542118
	Index Scan using sbtest4_pkey on sbtest4  (cost=0.43..381.51 rows=97 width=125)
	  Index Cond: ((id >= 3542018) AND (id <= 3542118))

table 5 : explain SELECT id, c FROM sbtest5 WHERE id BETWEEN 3542018 AND 3542118
	Index Scan using sbtest5_pkey on sbtest5  (cost=0.43..356.63 rows=90 width=125)
	  Index Cond: ((id >= 3542018) AND (id <= 3542118))

table 6 : explain SELECT id, c FROM sbtest6 WHERE id BETWEEN 3542018 AND 3542118
	Index Scan using sbtest6_pkey on sbtest6  (cost=0.43..360.21 rows=91 width=125)
	  Index Cond: ((id >= 3542018) AND (id <= 3542118))

table 7 : explain SELECT id, c FROM sbtest7 WHERE id BETWEEN 3542018 AND 3542118
	Index Scan using sbtest7_pkey on sbtest7  (cost=0.43..410.02 rows=104 width=125)
	  Index Cond: ((id >= 3542018) AND (id <= 3542118))

table 8 : explain SELECT id, c FROM sbtest8 WHERE id BETWEEN 3542018 AND 3542118
	Index Scan using sbtest8_pkey on sbtest8  (cost=0.43..449.53 rows=114 width=125)
	  Index Cond: ((id >= 3542018) AND (id <= 3542118))

explain: for range-notcovered :: explain SELECT id, c FROM sbtest%d WHERE id BETWEEN 2228892 AND 2228992
explain: for range-notcovered :: explain SELECT id, c FROM sbtest%d WHERE id BETWEEN 3542018 AND 3542118
for range-notcovered
table 1 : explain SELECT id, c FROM sbtest1 WHERE id BETWEEN 6666312 AND 6666412
	Index Scan using sbtest1_pkey on sbtest1  (cost=0.43..384.70 rows=97 width=125)
	  Index Cond: ((id >= 6666312) AND (id <= 6666412))

table 2 : explain SELECT id, c FROM sbtest2 WHERE id BETWEEN 6666312 AND 6666412
	Index Scan using sbtest2_pkey on sbtest2  (cost=0.43..384.83 rows=97 width=125)
	  Index Cond: ((id >= 6666312) AND (id <= 6666412))

table 3 : explain SELECT id, c FROM sbtest3 WHERE id BETWEEN 6666312 AND 6666412
	Index Scan using sbtest3_pkey on sbtest3  (cost=0.43..434.26 rows=110 width=125)
	  Index Cond: ((id >= 6666312) AND (id <= 6666412))

table 4 : explain SELECT id, c FROM sbtest4 WHERE id BETWEEN 6666312 AND 6666412
	Index Scan using sbtest4_pkey on sbtest4  (cost=0.43..385.39 rows=98 width=125)
	  Index Cond: ((id >= 6666312) AND (id <= 6666412))

table 5 : explain SELECT id, c FROM sbtest5 WHERE id BETWEEN 6666312 AND 6666412
	Index Scan using sbtest5_pkey on sbtest5  (cost=0.43..372.28 rows=94 width=125)
	  Index Cond: ((id >= 6666312) AND (id <= 6666412))

table 6 : explain SELECT id, c FROM sbtest6 WHERE id BETWEEN 6666312 AND 6666412
	Index Scan using sbtest6_pkey on sbtest6  (cost=0.43..379.74 rows=96 width=125)
	  Index Cond: ((id >= 6666312) AND (id <= 6666412))

table 7 : explain SELECT id, c FROM sbtest7 WHERE id BETWEEN 6666312 AND 6666412
	Index Scan using sbtest7_pkey on sbtest7  (cost=0.43..382.73 rows=97 width=125)
	  Index Cond: ((id >= 6666312) AND (id <= 6666412))

table 8 : explain SELECT id, c FROM sbtest8 WHERE id BETWEEN 6666312 AND 6666412
	Index Scan using sbtest8_pkey on sbtest8  (cost=0.43..398.80 rows=101 width=125)
	  Index Cond: ((id >= 6666312) AND (id <= 6666412))

explain: for range-notcovered :: explain SELECT id, c FROM sbtest%d WHERE id BETWEEN 6666312 AND 6666412
for range-notcovered
table 1 : explain SELECT id, c FROM sbtest1 WHERE id BETWEEN 3542018 AND 3542118
	Index Scan using sbtest1_pkey on sbtest1  (cost=0.43..408.23 rows=103 width=125)
	  Index Cond: ((id >= 3542018) AND (id <= 3542118))

table 2 : explain SELECT id, c FROM sbtest2 WHERE id BETWEEN 3542018 AND 3542118
	Index Scan using sbtest2_pkey on sbtest2  (cost=0.43..400.50 rows=101 width=125)
	  Index Cond: ((id >= 3542018) AND (id <= 3542118))

table 3 : explain SELECT id, c FROM sbtest3 WHERE id BETWEEN 3542018 AND 3542118
	Index Scan using sbtest3_pkey on sbtest3  (cost=0.43..403.02 rows=102 width=125)
	  Index Cond: ((id >= 3542018) AND (id <= 3542118))

table 4 : explain SELECT id, c FROM sbtest4 WHERE id BETWEEN 3542018 AND 3542118
	Index Scan using sbtest4_pkey on sbtest4  (cost=0.43..381.51 rows=97 width=125)
	  Index Cond: ((id >= 3542018) AND (id <= 3542118))

table 5 : explain SELECT id, c FROM sbtest5 WHERE id BETWEEN 3542018 AND 3542118
	Index Scan using sbtest5_pkey on sbtest5  (cost=0.43..356.63 rows=90 width=125)
	  Index Cond: ((id >= 3542018) AND (id <= 3542118))

table 6 : explain SELECT id, c FROM sbtest6 WHERE id BETWEEN 3542018 AND 3542118
	Index Scan using sbtest6_pkey on sbtest6  (cost=0.43..360.21 rows=91 width=125)
	  Index Cond: ((id >= 3542018) AND (id <= 3542118))

table 7 : explain SELECT id, c FROM sbtest7 WHERE id BETWEEN 3542018 AND 3542118
	Index Scan using sbtest7_pkey on sbtest7  (cost=0.43..410.02 rows=104 width=125)
	  Index Cond: ((id >= 3542018) AND (id <= 3542118))

table 8 : explain SELECT id, c FROM sbtest8 WHERE id BETWEEN 3542018 AND 3542118
	Index Scan using sbtest8_pkey on sbtest8  (cost=0.43..449.53 rows=114 width=125)
	  Index Cond: ((id >= 3542018) AND (id <= 3542118))

explain: for range-notcovered :: explain SELECT id, c FROM sbtest%d WHERE id BETWEEN 3542018 AND 3542118
explain: for range-notcovered :: explain SELECT id, c FROM sbtest%d WHERE id BETWEEN 5413945 AND 5414045
for range-notcovered
table 1 : explain SELECT id, c FROM sbtest1 WHERE id BETWEEN 6666312 AND 6666412
	Index Scan using sbtest1_pkey on sbtest1  (cost=0.43..384.70 rows=97 width=125)
	  Index Cond: ((id >= 6666312) AND (id <= 6666412))

table 2 : explain SELECT id, c FROM sbtest2 WHERE id BETWEEN 6666312 AND 6666412
	Index Scan using sbtest2_pkey on sbtest2  (cost=0.43..384.83 rows=97 width=125)
	  Index Cond: ((id >= 6666312) AND (id <= 6666412))

table 3 : explain SELECT id, c FROM sbtest3 WHERE id BETWEEN 6666312 AND 6666412
	Index Scan using sbtest3_pkey on sbtest3  (cost=0.43..434.26 rows=110 width=125)
	  Index Cond: ((id >= 6666312) AND (id <= 6666412))

table 4 : explain SELECT id, c FROM sbtest4 WHERE id BETWEEN 6666312 AND 6666412
	Index Scan using sbtest4_pkey on sbtest4  (cost=0.43..385.39 rows=98 width=125)
	  Index Cond: ((id >= 6666312) AND (id <= 6666412))

table 5 : explain SELECT id, c FROM sbtest5 WHERE id BETWEEN 6666312 AND 6666412
	Index Scan using sbtest5_pkey on sbtest5  (cost=0.43..372.28 rows=94 width=125)
	  Index Cond: ((id >= 6666312) AND (id <= 6666412))

table 6 : explain SELECT id, c FROM sbtest6 WHERE id BETWEEN 6666312 AND 6666412
	Index Scan using sbtest6_pkey on sbtest6  (cost=0.43..379.74 rows=96 width=125)
	  Index Cond: ((id >= 6666312) AND (id <= 6666412))

table 7 : explain SELECT id, c FROM sbtest7 WHERE id BETWEEN 6666312 AND 6666412
	Index Scan using sbtest7_pkey on sbtest7  (cost=0.43..382.73 rows=97 width=125)
	  Index Cond: ((id >= 6666312) AND (id <= 6666412))

table 8 : explain SELECT id, c FROM sbtest8 WHERE id BETWEEN 6666312 AND 6666412
	Index Scan using sbtest8_pkey on sbtest8  (cost=0.43..398.80 rows=101 width=125)
	  Index Cond: ((id >= 6666312) AND (id <= 6666412))

explain: for range-notcovered :: explain SELECT id, c FROM sbtest%d WHERE id BETWEEN 6666312 AND 6666412
for range-notcovered
table 1 : explain SELECT id, c FROM sbtest1 WHERE id BETWEEN 3542018 AND 3542118
	Index Scan using sbtest1_pkey on sbtest1  (cost=0.43..408.23 rows=103 width=125)
	  Index Cond: ((id >= 3542018) AND (id <= 3542118))

table 2 : explain SELECT id, c FROM sbtest2 WHERE id BETWEEN 3542018 AND 3542118
	Index Scan using sbtest2_pkey on sbtest2  (cost=0.43..400.50 rows=101 width=125)
	  Index Cond: ((id >= 3542018) AND (id <= 3542118))

table 3 : explain SELECT id, c FROM sbtest3 WHERE id BETWEEN 3542018 AND 3542118
	Index Scan using sbtest3_pkey on sbtest3  (cost=0.43..403.02 rows=102 width=125)
	  Index Cond: ((id >= 3542018) AND (id <= 3542118))

table 4 : explain SELECT id, c FROM sbtest4 WHERE id BETWEEN 3542018 AND 3542118
	Index Scan using sbtest4_pkey on sbtest4  (cost=0.43..381.51 rows=97 width=125)
	  Index Cond: ((id >= 3542018) AND (id <= 3542118))

table 5 : explain SELECT id, c FROM sbtest5 WHERE id BETWEEN 3542018 AND 3542118
	Index Scan using sbtest5_pkey on sbtest5  (cost=0.43..356.63 rows=90 width=125)
	  Index Cond: ((id >= 3542018) AND (id <= 3542118))

table 6 : explain SELECT id, c FROM sbtest6 WHERE id BETWEEN 3542018 AND 3542118
	Index Scan using sbtest6_pkey on sbtest6  (cost=0.43..360.21 rows=91 width=125)
	  Index Cond: ((id >= 3542018) AND (id <= 3542118))

table 7 : explain SELECT id, c FROM sbtest7 WHERE id BETWEEN 3542018 AND 3542118
	Index Scan using sbtest7_pkey on sbtest7  (cost=0.43..410.02 rows=104 width=125)
	  Index Cond: ((id >= 3542018) AND (id <= 3542118))

table 8 : explain SELECT id, c FROM sbtest8 WHERE id BETWEEN 3542018 AND 3542118
	Index Scan using sbtest8_pkey on sbtest8  (cost=0.43..449.53 rows=114 width=125)
	  Index Cond: ((id >= 3542018) AND (id <= 3542118))

explain: for range-notcovered :: explain SELECT id, c FROM sbtest%d WHERE id BETWEEN 3542018 AND 3542118
for range-notcovered
table 1 : explain SELECT id, c FROM sbtest1 WHERE id BETWEEN 5413945 AND 5414045
	Index Scan using sbtest1_pkey on sbtest1  (cost=0.43..423.91 rows=107 width=125)
	  Index Cond: ((id >= 5413945) AND (id <= 5414045))

table 2 : explain SELECT id, c FROM sbtest2 WHERE id BETWEEN 5413945 AND 5414045
	Index Scan using sbtest2_pkey on sbtest2  (cost=0.43..435.78 rows=110 width=125)
	  Index Cond: ((id >= 5413945) AND (id <= 5414045))

table 3 : explain SELECT id, c FROM sbtest3 WHERE id BETWEEN 5413945 AND 5414045
	Index Scan using sbtest3_pkey on sbtest3  (cost=0.43..383.49 rows=97 width=125)
	  Index Cond: ((id >= 5413945) AND (id <= 5414045))

table 4 : explain SELECT id, c FROM sbtest4 WHERE id BETWEEN 5413945 AND 5414045
	Index Scan using sbtest4_pkey on sbtest4  (cost=0.43..412.59 rows=105 width=125)
	  Index Cond: ((id >= 5413945) AND (id <= 5414045))

table 5 : explain SELECT id, c FROM sbtest5 WHERE id BETWEEN 5413945 AND 5414045
	Index Scan using sbtest5_pkey on sbtest5  (cost=0.43..380.10 rows=96 width=125)
	  Index Cond: ((id >= 5413945) AND (id <= 5414045))

table 6 : explain SELECT id, c FROM sbtest6 WHERE id BETWEEN 5413945 AND 5414045
	Index Scan using sbtest6_pkey on sbtest6  (cost=0.43..387.56 rows=98 width=125)
	  Index Cond: ((id >= 5413945) AND (id <= 5414045))

table 7 : explain SELECT id, c FROM sbtest7 WHERE id BETWEEN 5413945 AND 5414045
	Index Scan using sbtest7_pkey on sbtest7  (cost=0.43..421.71 rows=107 width=125)
	  Index Cond: ((id >= 5413945) AND (id <= 5414045))

table 8 : explain SELECT id, c FROM sbtest8 WHERE id BETWEEN 5413945 AND 5414045
	Index Scan using sbtest8_pkey on sbtest8  (cost=0.43..449.53 rows=114 width=125)
	  Index Cond: ((id >= 5413945) AND (id <= 5414045))

explain: for range-notcovered :: explain SELECT id, c FROM sbtest%d WHERE id BETWEEN 5413945 AND 5414045
for range-notcovered
table 1 : explain SELECT id, c FROM sbtest1 WHERE id BETWEEN 6666312 AND 6666412
	Index Scan using sbtest1_pkey on sbtest1  (cost=0.43..384.70 rows=97 width=125)
	  Index Cond: ((id >= 6666312) AND (id <= 6666412))

table 2 : explain SELECT id, c FROM sbtest2 WHERE id BETWEEN 6666312 AND 6666412
	Index Scan using sbtest2_pkey on sbtest2  (cost=0.43..384.83 rows=97 width=125)
	  Index Cond: ((id >= 6666312) AND (id <= 6666412))

table 3 : explain SELECT id, c FROM sbtest3 WHERE id BETWEEN 6666312 AND 6666412
	Index Scan using sbtest3_pkey on sbtest3  (cost=0.43..434.26 rows=110 width=125)
	  Index Cond: ((id >= 6666312) AND (id <= 6666412))

table 4 : explain SELECT id, c FROM sbtest4 WHERE id BETWEEN 6666312 AND 6666412
	Index Scan using sbtest4_pkey on sbtest4  (cost=0.43..385.39 rows=98 width=125)
	  Index Cond: ((id >= 6666312) AND (id <= 6666412))

table 5 : explain SELECT id, c FROM sbtest5 WHERE id BETWEEN 6666312 AND 6666412
	Index Scan using sbtest5_pkey on sbtest5  (cost=0.43..372.28 rows=94 width=125)
	  Index Cond: ((id >= 6666312) AND (id <= 6666412))

table 6 : explain SELECT id, c FROM sbtest6 WHERE id BETWEEN 6666312 AND 6666412
	Index Scan using sbtest6_pkey on sbtest6  (cost=0.43..379.74 rows=96 width=125)
	  Index Cond: ((id >= 6666312) AND (id <= 6666412))

table 7 : explain SELECT id, c FROM sbtest7 WHERE id BETWEEN 6666312 AND 6666412
	Index Scan using sbtest7_pkey on sbtest7  (cost=0.43..382.73 rows=97 width=125)
	  Index Cond: ((id >= 6666312) AND (id <= 6666412))

table 8 : explain SELECT id, c FROM sbtest8 WHERE id BETWEEN 6666312 AND 6666412
	Index Scan using sbtest8_pkey on sbtest8  (cost=0.43..398.80 rows=101 width=125)
	  Index Cond: ((id >= 6666312) AND (id <= 6666412))

explain: for range-notcovered :: explain SELECT id, c FROM sbtest%d WHERE id BETWEEN 6666312 AND 6666412
for range-notcovered
table 1 : explain SELECT id, c FROM sbtest1 WHERE id BETWEEN 3542018 AND 3542118
	Index Scan using sbtest1_pkey on sbtest1  (cost=0.43..408.23 rows=103 width=125)
	  Index Cond: ((id >= 3542018) AND (id <= 3542118))

table 2 : explain SELECT id, c FROM sbtest2 WHERE id BETWEEN 3542018 AND 3542118
	Index Scan using sbtest2_pkey on sbtest2  (cost=0.43..400.50 rows=101 width=125)
	  Index Cond: ((id >= 3542018) AND (id <= 3542118))

table 3 : explain SELECT id, c FROM sbtest3 WHERE id BETWEEN 3542018 AND 3542118
	Index Scan using sbtest3_pkey on sbtest3  (cost=0.43..403.02 rows=102 width=125)
	  Index Cond: ((id >= 3542018) AND (id <= 3542118))

table 4 : explain SELECT id, c FROM sbtest4 WHERE id BETWEEN 3542018 AND 3542118
	Index Scan using sbtest4_pkey on sbtest4  (cost=0.43..381.51 rows=97 width=125)
	  Index Cond: ((id >= 3542018) AND (id <= 3542118))

table 5 : explain SELECT id, c FROM sbtest5 WHERE id BETWEEN 3542018 AND 3542118
	Index Scan using sbtest5_pkey on sbtest5  (cost=0.43..356.63 rows=90 width=125)
	  Index Cond: ((id >= 3542018) AND (id <= 3542118))

table 6 : explain SELECT id, c FROM sbtest6 WHERE id BETWEEN 3542018 AND 3542118
	Index Scan using sbtest6_pkey on sbtest6  (cost=0.43..360.21 rows=91 width=125)
	  Index Cond: ((id >= 3542018) AND (id <= 3542118))

table 7 : explain SELECT id, c FROM sbtest7 WHERE id BETWEEN 3542018 AND 3542118
	Index Scan using sbtest7_pkey on sbtest7  (cost=0.43..410.02 rows=104 width=125)
	  Index Cond: ((id >= 3542018) AND (id <= 3542118))

table 8 : explain SELECT id, c FROM sbtest8 WHERE id BETWEEN 3542018 AND 3542118
	Index Scan using sbtest8_pkey on sbtest8  (cost=0.43..449.53 rows=114 width=125)
	  Index Cond: ((id >= 3542018) AND (id <= 3542118))

explain: for range-notcovered :: explain SELECT id, c FROM sbtest%d WHERE id BETWEEN 3542018 AND 3542118
for range-notcovered
table 1 : explain SELECT id, c FROM sbtest1 WHERE id BETWEEN 3352934 AND 3353034
	Index Scan using sbtest1_pkey on sbtest1  (cost=0.43..431.75 rows=109 width=125)
	  Index Cond: ((id >= 3352934) AND (id <= 3353034))

table 2 : explain SELECT id, c FROM sbtest2 WHERE id BETWEEN 3352934 AND 3353034
	Index Scan using sbtest2_pkey on sbtest2  (cost=0.43..424.02 rows=107 width=125)
	  Index Cond: ((id >= 3352934) AND (id <= 3353034))

table 3 : explain SELECT id, c FROM sbtest3 WHERE id BETWEEN 3352934 AND 3353034
	Index Scan using sbtest3_pkey on sbtest3  (cost=0.43..399.11 rows=101 width=125)
	  Index Cond: ((id >= 3352934) AND (id <= 3353034))

table 4 : explain SELECT id, c FROM sbtest4 WHERE id BETWEEN 3352934 AND 3353034
	Index Scan using sbtest4_pkey on sbtest4  (cost=0.43..408.70 rows=104 width=125)
	  Index Cond: ((id >= 3352934) AND (id <= 3353034))

table 5 : explain SELECT id, c FROM sbtest5 WHERE id BETWEEN 3352934 AND 3353034
	Index Scan using sbtest5_pkey on sbtest5  (cost=0.43..407.48 rows=103 width=125)
	  Index Cond: ((id >= 3352934) AND (id <= 3353034))

table 6 : explain SELECT id, c FROM sbtest6 WHERE id BETWEEN 3352934 AND 3353034
	Index Scan using sbtest6_pkey on sbtest6  (cost=0.43..387.56 rows=98 width=125)
	  Index Cond: ((id >= 3352934) AND (id <= 3353034))

table 7 : explain SELECT id, c FROM sbtest7 WHERE id BETWEEN 3352934 AND 3353034
	Index Scan using sbtest7_pkey on sbtest7  (cost=0.43..425.61 rows=108 width=125)
	  Index Cond: ((id >= 3352934) AND (id <= 3353034))

table 8 : explain SELECT id, c FROM sbtest8 WHERE id BETWEEN 3352934 AND 3353034
	Index Scan using sbtest8_pkey on sbtest8  (cost=0.43..433.92 rows=110 width=125)
	  Index Cond: ((id >= 3352934) AND (id <= 3353034))

explain: for range-notcovered :: explain SELECT id, c FROM sbtest%d WHERE id BETWEEN 3352934 AND 3353034
for range-notcovered
table 1 : explain SELECT id, c FROM sbtest1 WHERE id BETWEEN 5413945 AND 5414045
	Index Scan using sbtest1_pkey on sbtest1  (cost=0.43..423.91 rows=107 width=125)
	  Index Cond: ((id >= 5413945) AND (id <= 5414045))

table 2 : explain SELECT id, c FROM sbtest2 WHERE id BETWEEN 5413945 AND 5414045
	Index Scan using sbtest2_pkey on sbtest2  (cost=0.43..435.78 rows=110 width=125)
	  Index Cond: ((id >= 5413945) AND (id <= 5414045))

table 3 : explain SELECT id, c FROM sbtest3 WHERE id BETWEEN 5413945 AND 5414045
	Index Scan using sbtest3_pkey on sbtest3  (cost=0.43..383.49 rows=97 width=125)
	  Index Cond: ((id >= 5413945) AND (id <= 5414045))

table 4 : explain SELECT id, c FROM sbtest4 WHERE id BETWEEN 5413945 AND 5414045
	Index Scan using sbtest4_pkey on sbtest4  (cost=0.43..412.59 rows=105 width=125)
	  Index Cond: ((id >= 5413945) AND (id <= 5414045))

table 5 : explain SELECT id, c FROM sbtest5 WHERE id BETWEEN 5413945 AND 5414045
	Index Scan using sbtest5_pkey on sbtest5  (cost=0.43..380.10 rows=96 width=125)
	  Index Cond: ((id >= 5413945) AND (id <= 5414045))

table 6 : explain SELECT id, c FROM sbtest6 WHERE id BETWEEN 5413945 AND 5414045
	Index Scan using sbtest6_pkey on sbtest6  (cost=0.43..387.56 rows=98 width=125)
	  Index Cond: ((id >= 5413945) AND (id <= 5414045))

table 7 : explain SELECT id, c FROM sbtest7 WHERE id BETWEEN 5413945 AND 5414045
	Index Scan using sbtest7_pkey on sbtest7  (cost=0.43..421.71 rows=107 width=125)
	  Index Cond: ((id >= 5413945) AND (id <= 5414045))

table 8 : explain SELECT id, c FROM sbtest8 WHERE id BETWEEN 5413945 AND 5414045
	Index Scan using sbtest8_pkey on sbtest8  (cost=0.43..449.53 rows=114 width=125)
	  Index Cond: ((id >= 5413945) AND (id <= 5414045))

explain: for range-notcovered :: explain SELECT id, c FROM sbtest%d WHERE id BETWEEN 5413945 AND 5414045
for range-notcovered
table 1 : explain SELECT id, c FROM sbtest1 WHERE id BETWEEN 3311264 AND 3311364
	Index Scan using sbtest1_pkey on sbtest1  (cost=0.43..431.75 rows=109 width=125)
	  Index Cond: ((id >= 3311264) AND (id <= 3311364))

table 2 : explain SELECT id, c FROM sbtest2 WHERE id BETWEEN 3311264 AND 3311364
	Index Scan using sbtest2_pkey on sbtest2  (cost=0.43..424.02 rows=107 width=125)
	  Index Cond: ((id >= 3311264) AND (id <= 3311364))

table 3 : explain SELECT id, c FROM sbtest3 WHERE id BETWEEN 3311264 AND 3311364
	Index Scan using sbtest3_pkey on sbtest3  (cost=0.43..399.11 rows=101 width=125)
	  Index Cond: ((id >= 3311264) AND (id <= 3311364))

table 4 : explain SELECT id, c FROM sbtest4 WHERE id BETWEEN 3311264 AND 3311364
	Index Scan using sbtest4_pkey on sbtest4  (cost=0.43..377.62 rows=96 width=125)
	  Index Cond: ((id >= 3311264) AND (id <= 3311364))

table 5 : explain SELECT id, c FROM sbtest5 WHERE id BETWEEN 3311264 AND 3311364
	Index Scan using sbtest5_pkey on sbtest5  (cost=0.43..407.48 rows=103 width=125)
	  Index Cond: ((id >= 3311264) AND (id <= 3311364))

table 6 : explain SELECT id, c FROM sbtest6 WHERE id BETWEEN 3311264 AND 3311364
	Index Scan using sbtest6_pkey on sbtest6  (cost=0.43..387.56 rows=98 width=125)
	  Index Cond: ((id >= 3311264) AND (id <= 3311364))

table 7 : explain SELECT id, c FROM sbtest7 WHERE id BETWEEN 3311264 AND 3311364
	Index Scan using sbtest7_pkey on sbtest7  (cost=0.43..425.61 rows=108 width=125)
	  Index Cond: ((id >= 3311264) AND (id <= 3311364))

table 8 : explain SELECT id, c FROM sbtest8 WHERE id BETWEEN 3311264 AND 3311364
	Index Scan using sbtest8_pkey on sbtest8  (cost=0.43..433.92 rows=110 width=125)
	  Index Cond: ((id >= 3311264) AND (id <= 3311364))

for range-notcovered
table 1 : explain SELECT id, c FROM sbtest1 WHERE id BETWEEN 8041353 AND 8041453
	Index Scan using sbtest1_pkey on sbtest1  (cost=0.43..392.56 rows=99 width=125)
	  Index Cond: ((id >= 8041353) AND (id <= 8041453))

table 2 : explain SELECT id, c FROM sbtest2 WHERE id BETWEEN 8041353 AND 8041453
	Index Scan using sbtest2_pkey on sbtest2  (cost=0.43..404.42 rows=102 width=125)
	  Index Cond: ((id >= 8041353) AND (id <= 8041453))

table 3 : explain SELECT id, c FROM sbtest3 WHERE id BETWEEN 8041353 AND 8041453
	Index Scan using sbtest3_pkey on sbtest3  (cost=0.43..371.77 rows=94 width=125)
	  Index Cond: ((id >= 8041353) AND (id <= 8041453))

table 4 : explain SELECT id, c FROM sbtest4 WHERE id BETWEEN 8041353 AND 8041453
	Index Scan using sbtest4_pkey on sbtest4  (cost=0.43..455.32 rows=116 width=125)
	  Index Cond: ((id >= 8041353) AND (id <= 8041453))

table 5 : explain SELECT id, c FROM sbtest5 WHERE id BETWEEN 8041353 AND 8041453
	Index Scan using sbtest5_pkey on sbtest5  (cost=0.43..384.01 rows=97 width=125)
	  Index Cond: ((id >= 8041353) AND (id <= 8041453))

table 6 : explain SELECT id, c FROM sbtest6 WHERE id BETWEEN 8041353 AND 8041453
	Index Scan using sbtest6_pkey on sbtest6  (cost=0.43..403.19 rows=102 width=125)
	  Index Cond: ((id >= 8041353) AND (id <= 8041453))

table 7 : explain SELECT id, c FROM sbtest7 WHERE id BETWEEN 8041353 AND 8041453
	Index Scan using sbtest7_pkey on sbtest7  (cost=0.43..425.61 rows=108 width=125)
	  Index Cond: ((id >= 8041353) AND (id <= 8041453))

table 8 : explain SELECT id, c FROM sbtest8 WHERE id BETWEEN 8041353 AND 8041453
	Index Scan using sbtest8_pkey on sbtest8  (cost=0.43..394.89 rows=100 width=125)
	  Index Cond: ((id >= 8041353) AND (id <= 8041453))

for range-notcovered
table 1 : explain SELECT id, c FROM sbtest1 WHERE id BETWEEN 3352934 AND 3353034
	Index Scan using sbtest1_pkey on sbtest1  (cost=0.43..431.75 rows=109 width=125)
	  Index Cond: ((id >= 3352934) AND (id <= 3353034))

table 2 : explain SELECT id, c FROM sbtest2 WHERE id BETWEEN 3352934 AND 3353034
	Index Scan using sbtest2_pkey on sbtest2  (cost=0.43..424.02 rows=107 width=125)
	  Index Cond: ((id >= 3352934) AND (id <= 3353034))

table 3 : explain SELECT id, c FROM sbtest3 WHERE id BETWEEN 3352934 AND 3353034
	Index Scan using sbtest3_pkey on sbtest3  (cost=0.43..399.11 rows=101 width=125)
	  Index Cond: ((id >= 3352934) AND (id <= 3353034))

table 4 : explain SELECT id, c FROM sbtest4 WHERE id BETWEEN 3352934 AND 3353034
	Index Scan using sbtest4_pkey on sbtest4  (cost=0.43..408.70 rows=104 width=125)
	  Index Cond: ((id >= 3352934) AND (id <= 3353034))

table 5 : explain SELECT id, c FROM sbtest5 WHERE id BETWEEN 3352934 AND 3353034
	Index Scan using sbtest5_pkey on sbtest5  (cost=0.43..407.48 rows=103 width=125)
	  Index Cond: ((id >= 3352934) AND (id <= 3353034))

table 6 : explain SELECT id, c FROM sbtest6 WHERE id BETWEEN 3352934 AND 3353034
	Index Scan using sbtest6_pkey on sbtest6  (cost=0.43..387.56 rows=98 width=125)
	  Index Cond: ((id >= 3352934) AND (id <= 3353034))

table 7 : explain SELECT id, c FROM sbtest7 WHERE id BETWEEN 3352934 AND 3353034
	Index Scan using sbtest7_pkey on sbtest7  (cost=0.43..425.61 rows=108 width=125)
	  Index Cond: ((id >= 3352934) AND (id <= 3353034))

table 8 : explain SELECT id, c FROM sbtest8 WHERE id BETWEEN 3352934 AND 3353034
	Index Scan using sbtest8_pkey on sbtest8  (cost=0.43..433.92 rows=110 width=125)
	  Index Cond: ((id >= 3352934) AND (id <= 3353034))

explain: for range-notcovered :: explain SELECT id, c FROM sbtest%d WHERE id BETWEEN 3352934 AND 3353034
for range-notcovered
table 1 : explain SELECT id, c FROM sbtest1 WHERE id BETWEEN 3352934 AND 3353034
	Index Scan using sbtest1_pkey on sbtest1  (cost=0.43..431.75 rows=109 width=125)
	  Index Cond: ((id >= 3352934) AND (id <= 3353034))

table 2 : explain SELECT id, c FROM sbtest2 WHERE id BETWEEN 3352934 AND 3353034
	Index Scan using sbtest2_pkey on sbtest2  (cost=0.43..424.02 rows=107 width=125)
	  Index Cond: ((id >= 3352934) AND (id <= 3353034))

table 3 : explain SELECT id, c FROM sbtest3 WHERE id BETWEEN 3352934 AND 3353034
	Index Scan using sbtest3_pkey on sbtest3  (cost=0.43..399.11 rows=101 width=125)
	  Index Cond: ((id >= 3352934) AND (id <= 3353034))

table 4 : explain SELECT id, c FROM sbtest4 WHERE id BETWEEN 3352934 AND 3353034
	Index Scan using sbtest4_pkey on sbtest4  (cost=0.43..408.70 rows=104 width=125)
	  Index Cond: ((id >= 3352934) AND (id <= 3353034))

table 5 : explain SELECT id, c FROM sbtest5 WHERE id BETWEEN 3352934 AND 3353034
	Index Scan using sbtest5_pkey on sbtest5  (cost=0.43..407.48 rows=103 width=125)
	  Index Cond: ((id >= 3352934) AND (id <= 3353034))

table 6 : explain SELECT id, c FROM sbtest6 WHERE id BETWEEN 3352934 AND 3353034
	Index Scan using sbtest6_pkey on sbtest6  (cost=0.43..387.56 rows=98 width=125)
	  Index Cond: ((id >= 3352934) AND (id <= 3353034))

table 7 : explain SELECT id, c FROM sbtest7 WHERE id BETWEEN 3352934 AND 3353034
	Index Scan using sbtest7_pkey on sbtest7  (cost=0.43..425.61 rows=108 width=125)
	  Index Cond: ((id >= 3352934) AND (id <= 3353034))

table 8 : explain SELECT id, c FROM sbtest8 WHERE id BETWEEN 3352934 AND 3353034
	Index Scan using sbtest8_pkey on sbtest8  (cost=0.43..433.92 rows=110 width=125)
	  Index Cond: ((id >= 3352934) AND (id <= 3353034))

for range-notcovered
table 1 : explain SELECT id, c FROM sbtest1 WHERE id BETWEEN 6666312 AND 6666412
	Index Scan using sbtest1_pkey on sbtest1  (cost=0.43..384.70 rows=97 width=125)
	  Index Cond: ((id >= 6666312) AND (id <= 6666412))

table 2 : explain SELECT id, c FROM sbtest2 WHERE id BETWEEN 6666312 AND 6666412
	Index Scan using sbtest2_pkey on sbtest2  (cost=0.43..384.83 rows=97 width=125)
	  Index Cond: ((id >= 6666312) AND (id <= 6666412))

table 3 : explain SELECT id, c FROM sbtest3 WHERE id BETWEEN 6666312 AND 6666412
	Index Scan using sbtest3_pkey on sbtest3  (cost=0.43..434.26 rows=110 width=125)
	  Index Cond: ((id >= 6666312) AND (id <= 6666412))

table 4 : explain SELECT id, c FROM sbtest4 WHERE id BETWEEN 6666312 AND 6666412
	Index Scan using sbtest4_pkey on sbtest4  (cost=0.43..385.39 rows=98 width=125)
	  Index Cond: ((id >= 6666312) AND (id <= 6666412))

table 5 : explain SELECT id, c FROM sbtest5 WHERE id BETWEEN 6666312 AND 6666412
	Index Scan using sbtest5_pkey on sbtest5  (cost=0.43..372.28 rows=94 width=125)
	  Index Cond: ((id >= 6666312) AND (id <= 6666412))

table 6 : explain SELECT id, c FROM sbtest6 WHERE id BETWEEN 6666312 AND 6666412
	Index Scan using sbtest6_pkey on sbtest6  (cost=0.43..379.74 rows=96 width=125)
	  Index Cond: ((id >= 6666312) AND (id <= 6666412))

table 7 : explain SELECT id, c FROM sbtest7 WHERE id BETWEEN 6666312 AND 6666412
	Index Scan using sbtest7_pkey on sbtest7  (cost=0.43..382.73 rows=97 width=125)
	  Index Cond: ((id >= 6666312) AND (id <= 6666412))

table 8 : explain SELECT id, c FROM sbtest8 WHERE id BETWEEN 6666312 AND 6666412
	Index Scan using sbtest8_pkey on sbtest8  (cost=0.43..398.80 rows=101 width=125)
	  Index Cond: ((id >= 6666312) AND (id <= 6666412))

explain: for range-notcovered :: explain SELECT id, c FROM sbtest%d WHERE id BETWEEN 3352934 AND 3353034
explain: for range-notcovered :: explain SELECT id, c FROM sbtest%d WHERE id BETWEEN 1682830 AND 1682930
for range-notcovered
table 1 : explain SELECT id, c FROM sbtest1 WHERE id BETWEEN 3352934 AND 3353034
	Index Scan using sbtest1_pkey on sbtest1  (cost=0.43..431.75 rows=109 width=125)
	  Index Cond: ((id >= 3352934) AND (id <= 3353034))

table 2 : explain SELECT id, c FROM sbtest2 WHERE id BETWEEN 3352934 AND 3353034
	Index Scan using sbtest2_pkey on sbtest2  (cost=0.43..424.02 rows=107 width=125)
	  Index Cond: ((id >= 3352934) AND (id <= 3353034))

table 3 : explain SELECT id, c FROM sbtest3 WHERE id BETWEEN 3352934 AND 3353034
	Index Scan using sbtest3_pkey on sbtest3  (cost=0.43..399.11 rows=101 width=125)
	  Index Cond: ((id >= 3352934) AND (id <= 3353034))

table 4 : explain SELECT id, c FROM sbtest4 WHERE id BETWEEN 3352934 AND 3353034
	Index Scan using sbtest4_pkey on sbtest4  (cost=0.43..408.70 rows=104 width=125)
	  Index Cond: ((id >= 3352934) AND (id <= 3353034))

table 5 : explain SELECT id, c FROM sbtest5 WHERE id BETWEEN 3352934 AND 3353034
	Index Scan using sbtest5_pkey on sbtest5  (cost=0.43..407.48 rows=103 width=125)
	  Index Cond: ((id >= 3352934) AND (id <= 3353034))

table 6 : explain SELECT id, c FROM sbtest6 WHERE id BETWEEN 3352934 AND 3353034
	Index Scan using sbtest6_pkey on sbtest6  (cost=0.43..387.56 rows=98 width=125)
	  Index Cond: ((id >= 3352934) AND (id <= 3353034))

table 7 : explain SELECT id, c FROM sbtest7 WHERE id BETWEEN 3352934 AND 3353034
	Index Scan using sbtest7_pkey on sbtest7  (cost=0.43..425.61 rows=108 width=125)
	  Index Cond: ((id >= 3352934) AND (id <= 3353034))

table 8 : explain SELECT id, c FROM sbtest8 WHERE id BETWEEN 3352934 AND 3353034
	Index Scan using sbtest8_pkey on sbtest8  (cost=0.43..433.92 rows=110 width=125)
	  Index Cond: ((id >= 3352934) AND (id <= 3353034))

explain: for range-notcovered :: explain SELECT id, c FROM sbtest%d WHERE id BETWEEN 3352934 AND 3353034
for range-notcovered
table 1 : explain SELECT id, c FROM sbtest1 WHERE id BETWEEN 6198722 AND 6198822
	Index Scan using sbtest1_pkey on sbtest1  (cost=0.43..435.66 rows=110 width=125)
	  Index Cond: ((id >= 6198722) AND (id <= 6198822))

table 2 : explain SELECT id, c FROM sbtest2 WHERE id BETWEEN 6198722 AND 6198822
	Index Scan using sbtest2_pkey on sbtest2  (cost=0.43..388.75 rows=98 width=125)
	  Index Cond: ((id >= 6198722) AND (id <= 6198822))

table 3 : explain SELECT id, c FROM sbtest3 WHERE id BETWEEN 6198722 AND 6198822
	Index Scan using sbtest3_pkey on sbtest3  (cost=0.43..395.21 rows=100 width=125)
	  Index Cond: ((id >= 6198722) AND (id <= 6198822))

table 4 : explain SELECT id, c FROM sbtest4 WHERE id BETWEEN 6198722 AND 6198822
	Index Scan using sbtest4_pkey on sbtest4  (cost=0.43..385.39 rows=98 width=125)
	  Index Cond: ((id >= 6198722) AND (id <= 6198822))

table 5 : explain SELECT id, c FROM sbtest5 WHERE id BETWEEN 6198722 AND 6198822
	Index Scan using sbtest5_pkey on sbtest5  (cost=0.43..442.68 rows=112 width=125)
	  Index Cond: ((id >= 6198722) AND (id <= 6198822))

table 6 : explain SELECT id, c FROM sbtest6 WHERE id BETWEEN 6198722 AND 6198822
	Index Scan using sbtest6_pkey on sbtest6  (cost=0.43..387.56 rows=98 width=125)
	  Index Cond: ((id >= 6198722) AND (id <= 6198822))

table 7 : explain SELECT id, c FROM sbtest7 WHERE id BETWEEN 6198722 AND 6198822
	Index Scan using sbtest7_pkey on sbtest7  (cost=0.43..406.12 rows=103 width=125)
	  Index Cond: ((id >= 6198722) AND (id <= 6198822))

table 8 : explain SELECT id, c FROM sbtest8 WHERE id BETWEEN 6198722 AND 6198822
	Index Scan using sbtest8_pkey on sbtest8  (cost=0.43..387.09 rows=98 width=125)
	  Index Cond: ((id >= 6198722) AND (id <= 6198822))

explain: for range-notcovered :: explain SELECT id, c FROM sbtest%d WHERE id BETWEEN 6429549 AND 6429649
for range-notcovered
table 1 : explain SELECT id, c FROM sbtest1 WHERE id BETWEEN 3352934 AND 3353034
	Index Scan using sbtest1_pkey on sbtest1  (cost=0.43..431.75 rows=109 width=125)
	  Index Cond: ((id >= 3352934) AND (id <= 3353034))

table 2 : explain SELECT id, c FROM sbtest2 WHERE id BETWEEN 3352934 AND 3353034
	Index Scan using sbtest2_pkey on sbtest2  (cost=0.43..424.02 rows=107 width=125)
	  Index Cond: ((id >= 3352934) AND (id <= 3353034))

table 3 : explain SELECT id, c FROM sbtest3 WHERE id BETWEEN 3352934 AND 3353034
	Index Scan using sbtest3_pkey on sbtest3  (cost=0.43..399.11 rows=101 width=125)
	  Index Cond: ((id >= 3352934) AND (id <= 3353034))

table 4 : explain SELECT id, c FROM sbtest4 WHERE id BETWEEN 3352934 AND 3353034
	Index Scan using sbtest4_pkey on sbtest4  (cost=0.43..408.70 rows=104 width=125)
	  Index Cond: ((id >= 3352934) AND (id <= 3353034))

table 5 : explain SELECT id, c FROM sbtest5 WHERE id BETWEEN 3352934 AND 3353034
	Index Scan using sbtest5_pkey on sbtest5  (cost=0.43..407.48 rows=103 width=125)
	  Index Cond: ((id >= 3352934) AND (id <= 3353034))

table 6 : explain SELECT id, c FROM sbtest6 WHERE id BETWEEN 3352934 AND 3353034
	Index Scan using sbtest6_pkey on sbtest6  (cost=0.43..387.56 rows=98 width=125)
	  Index Cond: ((id >= 3352934) AND (id <= 3353034))

table 7 : explain SELECT id, c FROM sbtest7 WHERE id BETWEEN 3352934 AND 3353034
	Index Scan using sbtest7_pkey on sbtest7  (cost=0.43..425.61 rows=108 width=125)
	  Index Cond: ((id >= 3352934) AND (id <= 3353034))

table 8 : explain SELECT id, c FROM sbtest8 WHERE id BETWEEN 3352934 AND 3353034
	Index Scan using sbtest8_pkey on sbtest8  (cost=0.43..433.92 rows=110 width=125)
	  Index Cond: ((id >= 3352934) AND (id <= 3353034))

explain: for range-notcovered :: explain SELECT id, c FROM sbtest%d WHERE id BETWEEN 3352934 AND 3353034
explain: for range-notcovered :: explain SELECT id, c FROM sbtest%d WHERE id BETWEEN 3804969 AND 3805069
for range-notcovered
table 1 : explain SELECT id, c FROM sbtest1 WHERE id BETWEEN 3542018 AND 3542118
	Index Scan using sbtest1_pkey on sbtest1  (cost=0.43..408.23 rows=103 width=125)
	  Index Cond: ((id >= 3542018) AND (id <= 3542118))

table 2 : explain SELECT id, c FROM sbtest2 WHERE id BETWEEN 3542018 AND 3542118
	Index Scan using sbtest2_pkey on sbtest2  (cost=0.43..400.50 rows=101 width=125)
	  Index Cond: ((id >= 3542018) AND (id <= 3542118))

table 3 : explain SELECT id, c FROM sbtest3 WHERE id BETWEEN 3542018 AND 3542118
	Index Scan using sbtest3_pkey on sbtest3  (cost=0.43..403.02 rows=102 width=125)
	  Index Cond: ((id >= 3542018) AND (id <= 3542118))

table 4 : explain SELECT id, c FROM sbtest4 WHERE id BETWEEN 3542018 AND 3542118
	Index Scan using sbtest4_pkey on sbtest4  (cost=0.43..381.51 rows=97 width=125)
	  Index Cond: ((id >= 3542018) AND (id <= 3542118))

table 5 : explain SELECT id, c FROM sbtest5 WHERE id BETWEEN 3542018 AND 3542118
	Index Scan using sbtest5_pkey on sbtest5  (cost=0.43..356.63 rows=90 width=125)
	  Index Cond: ((id >= 3542018) AND (id <= 3542118))

table 6 : explain SELECT id, c FROM sbtest6 WHERE id BETWEEN 3542018 AND 3542118
	Index Scan using sbtest6_pkey on sbtest6  (cost=0.43..360.21 rows=91 width=125)
	  Index Cond: ((id >= 3542018) AND (id <= 3542118))

table 7 : explain SELECT id, c FROM sbtest7 WHERE id BETWEEN 3542018 AND 3542118
	Index Scan using sbtest7_pkey on sbtest7  (cost=0.43..410.02 rows=104 width=125)
	  Index Cond: ((id >= 3542018) AND (id <= 3542118))

table 8 : explain SELECT id, c FROM sbtest8 WHERE id BETWEEN 3542018 AND 3542118
	Index Scan using sbtest8_pkey on sbtest8  (cost=0.43..449.53 rows=114 width=125)
	  Index Cond: ((id >= 3542018) AND (id <= 3542118))

for range-notcovered
table 1 : explain SELECT id, c FROM sbtest1 WHERE id BETWEEN 3352934 AND 3353034
	Index Scan using sbtest1_pkey on sbtest1  (cost=0.43..431.75 rows=109 width=125)
	  Index Cond: ((id >= 3352934) AND (id <= 3353034))

table 2 : explain SELECT id, c FROM sbtest2 WHERE id BETWEEN 3352934 AND 3353034
	Index Scan using sbtest2_pkey on sbtest2  (cost=0.43..424.02 rows=107 width=125)
	  Index Cond: ((id >= 3352934) AND (id <= 3353034))

table 3 : explain SELECT id, c FROM sbtest3 WHERE id BETWEEN 3352934 AND 3353034
	Index Scan using sbtest3_pkey on sbtest3  (cost=0.43..399.11 rows=101 width=125)
	  Index Cond: ((id >= 3352934) AND (id <= 3353034))

table 4 : explain SELECT id, c FROM sbtest4 WHERE id BETWEEN 3352934 AND 3353034
	Index Scan using sbtest4_pkey on sbtest4  (cost=0.43..408.70 rows=104 width=125)
	  Index Cond: ((id >= 3352934) AND (id <= 3353034))

table 5 : explain SELECT id, c FROM sbtest5 WHERE id BETWEEN 3352934 AND 3353034
	Index Scan using sbtest5_pkey on sbtest5  (cost=0.43..407.48 rows=103 width=125)
	  Index Cond: ((id >= 3352934) AND (id <= 3353034))

table 6 : explain SELECT id, c FROM sbtest6 WHERE id BETWEEN 3352934 AND 3353034
	Index Scan using sbtest6_pkey on sbtest6  (cost=0.43..387.56 rows=98 width=125)
	  Index Cond: ((id >= 3352934) AND (id <= 3353034))

table 7 : explain SELECT id, c FROM sbtest7 WHERE id BETWEEN 3352934 AND 3353034
	Index Scan using sbtest7_pkey on sbtest7  (cost=0.43..425.61 rows=108 width=125)
	  Index Cond: ((id >= 3352934) AND (id <= 3353034))

table 8 : explain SELECT id, c FROM sbtest8 WHERE id BETWEEN 3352934 AND 3353034
	Index Scan using sbtest8_pkey on sbtest8  (cost=0.43..433.92 rows=110 width=125)
	  Index Cond: ((id >= 3352934) AND (id <= 3353034))

explain: for range-notcovered :: explain SELECT id, c FROM sbtest%d WHERE id BETWEEN 6666312 AND 6666412
explain: for range-notcovered :: explain SELECT id, c FROM sbtest%d WHERE id BETWEEN 8298540 AND 8298640
explain: for range-notcovered :: explain SELECT id, c FROM sbtest%d WHERE id BETWEEN 940691 AND 940791
explain: for range-notcovered :: explain SELECT id, c FROM sbtest%d WHERE id BETWEEN 3352934 AND 3353034
for range-notcovered
table 1 : explain SELECT id, c FROM sbtest1 WHERE id BETWEEN 2228892 AND 2228992
	Index Scan using sbtest1_pkey on sbtest1  (cost=0.43..419.99 rows=106 width=125)
	  Index Cond: ((id >= 2228892) AND (id <= 2228992))

table 2 : explain SELECT id, c FROM sbtest2 WHERE id BETWEEN 2228892 AND 2228992
	Index Scan using sbtest2_pkey on sbtest2  (cost=0.43..431.86 rows=109 width=125)
	  Index Cond: ((id >= 2228892) AND (id <= 2228992))

table 3 : explain SELECT id, c FROM sbtest3 WHERE id BETWEEN 2228892 AND 2228992
	Index Scan using sbtest3_pkey on sbtest3  (cost=0.43..426.45 rows=108 width=125)
	  Index Cond: ((id >= 2228892) AND (id <= 2228992))

table 4 : explain SELECT id, c FROM sbtest4 WHERE id BETWEEN 2228892 AND 2228992
	Index Scan using sbtest4_pkey on sbtest4  (cost=0.43..420.36 rows=107 width=125)
	  Index Cond: ((id >= 2228892) AND (id <= 2228992))

table 5 : explain SELECT id, c FROM sbtest5 WHERE id BETWEEN 2228892 AND 2228992
	Index Scan using sbtest5_pkey on sbtest5  (cost=0.43..411.39 rows=104 width=125)
	  Index Cond: ((id >= 2228892) AND (id <= 2228992))

table 6 : explain SELECT id, c FROM sbtest6 WHERE id BETWEEN 2228892 AND 2228992
	Index Scan using sbtest6_pkey on sbtest6  (cost=0.43..383.65 rows=97 width=125)
	  Index Cond: ((id >= 2228892) AND (id <= 2228992))

table 7 : explain SELECT id, c FROM sbtest7 WHERE id BETWEEN 2228892 AND 2228992
	Index Scan using sbtest7_pkey on sbtest7  (cost=0.43..441.20 rows=112 width=125)
	  Index Cond: ((id >= 2228892) AND (id <= 2228992))

table 8 : explain SELECT id, c FROM sbtest8 WHERE id BETWEEN 2228892 AND 2228992
	Index Scan using sbtest8_pkey on sbtest8  (cost=0.43..414.41 rows=105 width=125)
	  Index Cond: ((id >= 2228892) AND (id <= 2228992))

explain: for range-notcovered :: explain SELECT id, c FROM sbtest%d WHERE id BETWEEN 2228892 AND 2228992
for range-notcovered
table 1 : explain SELECT id, c FROM sbtest1 WHERE id BETWEEN 5413945 AND 5414045
	Index Scan using sbtest1_pkey on sbtest1  (cost=0.43..423.91 rows=107 width=125)
	  Index Cond: ((id >= 5413945) AND (id <= 5414045))

table 2 : explain SELECT id, c FROM sbtest2 WHERE id BETWEEN 5413945 AND 5414045
	Index Scan using sbtest2_pkey on sbtest2  (cost=0.43..435.78 rows=110 width=125)
	  Index Cond: ((id >= 5413945) AND (id <= 5414045))

table 3 : explain SELECT id, c FROM sbtest3 WHERE id BETWEEN 5413945 AND 5414045
	Index Scan using sbtest3_pkey on sbtest3  (cost=0.43..383.49 rows=97 width=125)
	  Index Cond: ((id >= 5413945) AND (id <= 5414045))

table 4 : explain SELECT id, c FROM sbtest4 WHERE id BETWEEN 5413945 AND 5414045
	Index Scan using sbtest4_pkey on sbtest4  (cost=0.43..412.59 rows=105 width=125)
	  Index Cond: ((id >= 5413945) AND (id <= 5414045))

table 5 : explain SELECT id, c FROM sbtest5 WHERE id BETWEEN 5413945 AND 5414045
	Index Scan using sbtest5_pkey on sbtest5  (cost=0.43..380.10 rows=96 width=125)
	  Index Cond: ((id >= 5413945) AND (id <= 5414045))

table 6 : explain SELECT id, c FROM sbtest6 WHERE id BETWEEN 5413945 AND 5414045
	Index Scan using sbtest6_pkey on sbtest6  (cost=0.43..387.56 rows=98 width=125)
	  Index Cond: ((id >= 5413945) AND (id <= 5414045))

table 7 : explain SELECT id, c FROM sbtest7 WHERE id BETWEEN 5413945 AND 5414045
	Index Scan using sbtest7_pkey on sbtest7  (cost=0.43..421.71 rows=107 width=125)
	  Index Cond: ((id >= 5413945) AND (id <= 5414045))

table 8 : explain SELECT id, c FROM sbtest8 WHERE id BETWEEN 5413945 AND 5414045
	Index Scan using sbtest8_pkey on sbtest8  (cost=0.43..449.53 rows=114 width=125)
	  Index Cond: ((id >= 5413945) AND (id <= 5414045))

for range-notcovered
table 1 : explain SELECT id, c FROM sbtest1 WHERE id BETWEEN 3352934 AND 3353034
	Index Scan using sbtest1_pkey on sbtest1  (cost=0.43..431.75 rows=109 width=125)
	  Index Cond: ((id >= 3352934) AND (id <= 3353034))

table 2 : explain SELECT id, c FROM sbtest2 WHERE id BETWEEN 3352934 AND 3353034
	Index Scan using sbtest2_pkey on sbtest2  (cost=0.43..424.02 rows=107 width=125)
	  Index Cond: ((id >= 3352934) AND (id <= 3353034))

table 3 : explain SELECT id, c FROM sbtest3 WHERE id BETWEEN 3352934 AND 3353034
	Index Scan using sbtest3_pkey on sbtest3  (cost=0.43..399.11 rows=101 width=125)
	  Index Cond: ((id >= 3352934) AND (id <= 3353034))

table 4 : explain SELECT id, c FROM sbtest4 WHERE id BETWEEN 3352934 AND 3353034
	Index Scan using sbtest4_pkey on sbtest4  (cost=0.43..408.70 rows=104 width=125)
	  Index Cond: ((id >= 3352934) AND (id <= 3353034))

table 5 : explain SELECT id, c FROM sbtest5 WHERE id BETWEEN 3352934 AND 3353034
	Index Scan using sbtest5_pkey on sbtest5  (cost=0.43..407.48 rows=103 width=125)
	  Index Cond: ((id >= 3352934) AND (id <= 3353034))

table 6 : explain SELECT id, c FROM sbtest6 WHERE id BETWEEN 3352934 AND 3353034
	Index Scan using sbtest6_pkey on sbtest6  (cost=0.43..387.56 rows=98 width=125)
	  Index Cond: ((id >= 3352934) AND (id <= 3353034))

table 7 : explain SELECT id, c FROM sbtest7 WHERE id BETWEEN 3352934 AND 3353034
	Index Scan using sbtest7_pkey on sbtest7  (cost=0.43..425.61 rows=108 width=125)
	  Index Cond: ((id >= 3352934) AND (id <= 3353034))

table 8 : explain SELECT id, c FROM sbtest8 WHERE id BETWEEN 3352934 AND 3353034
	Index Scan using sbtest8_pkey on sbtest8  (cost=0.43..433.92 rows=110 width=125)
	  Index Cond: ((id >= 3352934) AND (id <= 3353034))

explain: for range-notcovered :: explain SELECT id, c FROM sbtest%d WHERE id BETWEEN 3352934 AND 3353034
explain: for range-notcovered :: explain SELECT id, c FROM sbtest%d WHERE id BETWEEN 323633 AND 323733
for range-notcovered
table 1 : explain SELECT id, c FROM sbtest1 WHERE id BETWEEN 3352934 AND 3353034
	Index Scan using sbtest1_pkey on sbtest1  (cost=0.43..431.75 rows=109 width=125)
	  Index Cond: ((id >= 3352934) AND (id <= 3353034))

table 2 : explain SELECT id, c FROM sbtest2 WHERE id BETWEEN 3352934 AND 3353034
	Index Scan using sbtest2_pkey on sbtest2  (cost=0.43..424.02 rows=107 width=125)
	  Index Cond: ((id >= 3352934) AND (id <= 3353034))

table 3 : explain SELECT id, c FROM sbtest3 WHERE id BETWEEN 3352934 AND 3353034
	Index Scan using sbtest3_pkey on sbtest3  (cost=0.43..399.11 rows=101 width=125)
	  Index Cond: ((id >= 3352934) AND (id <= 3353034))

table 4 : explain SELECT id, c FROM sbtest4 WHERE id BETWEEN 3352934 AND 3353034
	Index Scan using sbtest4_pkey on sbtest4  (cost=0.43..408.70 rows=104 width=125)
	  Index Cond: ((id >= 3352934) AND (id <= 3353034))

table 5 : explain SELECT id, c FROM sbtest5 WHERE id BETWEEN 3352934 AND 3353034
	Index Scan using sbtest5_pkey on sbtest5  (cost=0.43..407.48 rows=103 width=125)
	  Index Cond: ((id >= 3352934) AND (id <= 3353034))

table 6 : explain SELECT id, c FROM sbtest6 WHERE id BETWEEN 3352934 AND 3353034
	Index Scan using sbtest6_pkey on sbtest6  (cost=0.43..387.56 rows=98 width=125)
	  Index Cond: ((id >= 3352934) AND (id <= 3353034))

table 7 : explain SELECT id, c FROM sbtest7 WHERE id BETWEEN 3352934 AND 3353034
	Index Scan using sbtest7_pkey on sbtest7  (cost=0.43..425.61 rows=108 width=125)
	  Index Cond: ((id >= 3352934) AND (id <= 3353034))

table 8 : explain SELECT id, c FROM sbtest8 WHERE id BETWEEN 3352934 AND 3353034
	Index Scan using sbtest8_pkey on sbtest8  (cost=0.43..433.92 rows=110 width=125)
	  Index Cond: ((id >= 3352934) AND (id <= 3353034))

for range-notcovered
table 1 : explain SELECT id, c FROM sbtest1 WHERE id BETWEEN 2228892 AND 2228992
	Index Scan using sbtest1_pkey on sbtest1  (cost=0.43..419.99 rows=106 width=125)
	  Index Cond: ((id >= 2228892) AND (id <= 2228992))

table 2 : explain SELECT id, c FROM sbtest2 WHERE id BETWEEN 2228892 AND 2228992
	Index Scan using sbtest2_pkey on sbtest2  (cost=0.43..431.86 rows=109 width=125)
	  Index Cond: ((id >= 2228892) AND (id <= 2228992))

table 3 : explain SELECT id, c FROM sbtest3 WHERE id BETWEEN 2228892 AND 2228992
	Index Scan using sbtest3_pkey on sbtest3  (cost=0.43..426.45 rows=108 width=125)
	  Index Cond: ((id >= 2228892) AND (id <= 2228992))

table 4 : explain SELECT id, c FROM sbtest4 WHERE id BETWEEN 2228892 AND 2228992
	Index Scan using sbtest4_pkey on sbtest4  (cost=0.43..420.36 rows=107 width=125)
	  Index Cond: ((id >= 2228892) AND (id <= 2228992))

table 5 : explain SELECT id, c FROM sbtest5 WHERE id BETWEEN 2228892 AND 2228992
	Index Scan using sbtest5_pkey on sbtest5  (cost=0.43..411.39 rows=104 width=125)
	  Index Cond: ((id >= 2228892) AND (id <= 2228992))

table 6 : explain SELECT id, c FROM sbtest6 WHERE id BETWEEN 2228892 AND 2228992
	Index Scan using sbtest6_pkey on sbtest6  (cost=0.43..383.65 rows=97 width=125)
	  Index Cond: ((id >= 2228892) AND (id <= 2228992))

table 7 : explain SELECT id, c FROM sbtest7 WHERE id BETWEEN 2228892 AND 2228992
	Index Scan using sbtest7_pkey on sbtest7  (cost=0.43..441.20 rows=112 width=125)
	  Index Cond: ((id >= 2228892) AND (id <= 2228992))

table 8 : explain SELECT id, c FROM sbtest8 WHERE id BETWEEN 2228892 AND 2228992
	Index Scan using sbtest8_pkey on sbtest8  (cost=0.43..414.41 rows=105 width=125)
	  Index Cond: ((id >= 2228892) AND (id <= 2228992))

explain: for range-notcovered :: explain SELECT id, c FROM sbtest%d WHERE id BETWEEN 2228892 AND 2228992
for range-notcovered
table 1 : explain SELECT id, c FROM sbtest1 WHERE id BETWEEN 2228892 AND 2228992
	Index Scan using sbtest1_pkey on sbtest1  (cost=0.43..419.99 rows=106 width=125)
	  Index Cond: ((id >= 2228892) AND (id <= 2228992))

table 2 : explain SELECT id, c FROM sbtest2 WHERE id BETWEEN 2228892 AND 2228992
	Index Scan using sbtest2_pkey on sbtest2  (cost=0.43..431.86 rows=109 width=125)
	  Index Cond: ((id >= 2228892) AND (id <= 2228992))

table 3 : explain SELECT id, c FROM sbtest3 WHERE id BETWEEN 2228892 AND 2228992
	Index Scan using sbtest3_pkey on sbtest3  (cost=0.43..426.45 rows=108 width=125)
	  Index Cond: ((id >= 2228892) AND (id <= 2228992))

table 4 : explain SELECT id, c FROM sbtest4 WHERE id BETWEEN 2228892 AND 2228992
	Index Scan using sbtest4_pkey on sbtest4  (cost=0.43..420.36 rows=107 width=125)
	  Index Cond: ((id >= 2228892) AND (id <= 2228992))

table 5 : explain SELECT id, c FROM sbtest5 WHERE id BETWEEN 2228892 AND 2228992
	Index Scan using sbtest5_pkey on sbtest5  (cost=0.43..411.39 rows=104 width=125)
	  Index Cond: ((id >= 2228892) AND (id <= 2228992))

table 6 : explain SELECT id, c FROM sbtest6 WHERE id BETWEEN 2228892 AND 2228992
	Index Scan using sbtest6_pkey on sbtest6  (cost=0.43..383.65 rows=97 width=125)
	  Index Cond: ((id >= 2228892) AND (id <= 2228992))

table 7 : explain SELECT id, c FROM sbtest7 WHERE id BETWEEN 2228892 AND 2228992
	Index Scan using sbtest7_pkey on sbtest7  (cost=0.43..441.20 rows=112 width=125)
	  Index Cond: ((id >= 2228892) AND (id <= 2228992))

table 8 : explain SELECT id, c FROM sbtest8 WHERE id BETWEEN 2228892 AND 2228992
	Index Scan using sbtest8_pkey on sbtest8  (cost=0.43..414.41 rows=105 width=125)
	  Index Cond: ((id >= 2228892) AND (id <= 2228992))

explain: for range-notcovered :: explain SELECT id, c FROM sbtest%d WHERE id BETWEEN 2228892 AND 2228992
for range-notcovered
table 1 : explain SELECT id, c FROM sbtest1 WHERE id BETWEEN 6666312 AND 6666412
	Index Scan using sbtest1_pkey on sbtest1  (cost=0.43..384.70 rows=97 width=125)
	  Index Cond: ((id >= 6666312) AND (id <= 6666412))

table 2 : explain SELECT id, c FROM sbtest2 WHERE id BETWEEN 6666312 AND 6666412
	Index Scan using sbtest2_pkey on sbtest2  (cost=0.43..384.83 rows=97 width=125)
	  Index Cond: ((id >= 6666312) AND (id <= 6666412))

table 3 : explain SELECT id, c FROM sbtest3 WHERE id BETWEEN 6666312 AND 6666412
	Index Scan using sbtest3_pkey on sbtest3  (cost=0.43..434.26 rows=110 width=125)
	  Index Cond: ((id >= 6666312) AND (id <= 6666412))

table 4 : explain SELECT id, c FROM sbtest4 WHERE id BETWEEN 6666312 AND 6666412
	Index Scan using sbtest4_pkey on sbtest4  (cost=0.43..385.39 rows=98 width=125)
	  Index Cond: ((id >= 6666312) AND (id <= 6666412))

table 5 : explain SELECT id, c FROM sbtest5 WHERE id BETWEEN 6666312 AND 6666412
	Index Scan using sbtest5_pkey on sbtest5  (cost=0.43..372.28 rows=94 width=125)
	  Index Cond: ((id >= 6666312) AND (id <= 6666412))

table 6 : explain SELECT id, c FROM sbtest6 WHERE id BETWEEN 6666312 AND 6666412
	Index Scan using sbtest6_pkey on sbtest6  (cost=0.43..379.74 rows=96 width=125)
	  Index Cond: ((id >= 6666312) AND (id <= 6666412))

table 7 : explain SELECT id, c FROM sbtest7 WHERE id BETWEEN 6666312 AND 6666412
	Index Scan using sbtest7_pkey on sbtest7  (cost=0.43..382.73 rows=97 width=125)
	  Index Cond: ((id >= 6666312) AND (id <= 6666412))

table 8 : explain SELECT id, c FROM sbtest8 WHERE id BETWEEN 6666312 AND 6666412
	Index Scan using sbtest8_pkey on sbtest8  (cost=0.43..398.80 rows=101 width=125)
	  Index Cond: ((id >= 6666312) AND (id <= 6666412))

explain: for range-notcovered :: explain SELECT id, c FROM sbtest%d WHERE id BETWEEN 7669155 AND 7669255
for range-notcovered
table 1 : explain SELECT id, c FROM sbtest1 WHERE id BETWEEN 2228892 AND 2228992
	Index Scan using sbtest1_pkey on sbtest1  (cost=0.43..419.99 rows=106 width=125)
	  Index Cond: ((id >= 2228892) AND (id <= 2228992))

table 2 : explain SELECT id, c FROM sbtest2 WHERE id BETWEEN 2228892 AND 2228992
	Index Scan using sbtest2_pkey on sbtest2  (cost=0.43..431.86 rows=109 width=125)
	  Index Cond: ((id >= 2228892) AND (id <= 2228992))

table 3 : explain SELECT id, c FROM sbtest3 WHERE id BETWEEN 2228892 AND 2228992
	Index Scan using sbtest3_pkey on sbtest3  (cost=0.43..426.45 rows=108 width=125)
	  Index Cond: ((id >= 2228892) AND (id <= 2228992))

table 4 : explain SELECT id, c FROM sbtest4 WHERE id BETWEEN 2228892 AND 2228992
	Index Scan using sbtest4_pkey on sbtest4  (cost=0.43..420.36 rows=107 width=125)
	  Index Cond: ((id >= 2228892) AND (id <= 2228992))

table 5 : explain SELECT id, c FROM sbtest5 WHERE id BETWEEN 2228892 AND 2228992
	Index Scan using sbtest5_pkey on sbtest5  (cost=0.43..411.39 rows=104 width=125)
	  Index Cond: ((id >= 2228892) AND (id <= 2228992))

table 6 : explain SELECT id, c FROM sbtest6 WHERE id BETWEEN 2228892 AND 2228992
	Index Scan using sbtest6_pkey on sbtest6  (cost=0.43..383.65 rows=97 width=125)
	  Index Cond: ((id >= 2228892) AND (id <= 2228992))

table 7 : explain SELECT id, c FROM sbtest7 WHERE id BETWEEN 2228892 AND 2228992
	Index Scan using sbtest7_pkey on sbtest7  (cost=0.43..441.20 rows=112 width=125)
	  Index Cond: ((id >= 2228892) AND (id <= 2228992))

table 8 : explain SELECT id, c FROM sbtest8 WHERE id BETWEEN 2228892 AND 2228992
	Index Scan using sbtest8_pkey on sbtest8  (cost=0.43..414.41 rows=105 width=125)
	  Index Cond: ((id >= 2228892) AND (id <= 2228992))

explain: for range-notcovered :: explain SELECT id, c FROM sbtest%d WHERE id BETWEEN 2228892 AND 2228992
explain: for range-notcovered :: explain SELECT id, c FROM sbtest%d WHERE id BETWEEN 4896239 AND 4896339
explain: for range-notcovered :: explain SELECT id, c FROM sbtest%d WHERE id BETWEEN 3405142 AND 3405242
for range-notcovered
table 1 : explain SELECT id, c FROM sbtest1 WHERE id BETWEEN 2228892 AND 2228992
	Index Scan using sbtest1_pkey on sbtest1  (cost=0.43..419.99 rows=106 width=125)
	  Index Cond: ((id >= 2228892) AND (id <= 2228992))

table 2 : explain SELECT id, c FROM sbtest2 WHERE id BETWEEN 2228892 AND 2228992
	Index Scan using sbtest2_pkey on sbtest2  (cost=0.43..431.86 rows=109 width=125)
	  Index Cond: ((id >= 2228892) AND (id <= 2228992))

table 3 : explain SELECT id, c FROM sbtest3 WHERE id BETWEEN 2228892 AND 2228992
	Index Scan using sbtest3_pkey on sbtest3  (cost=0.43..426.45 rows=108 width=125)
	  Index Cond: ((id >= 2228892) AND (id <= 2228992))

table 4 : explain SELECT id, c FROM sbtest4 WHERE id BETWEEN 2228892 AND 2228992
	Index Scan using sbtest4_pkey on sbtest4  (cost=0.43..420.36 rows=107 width=125)
	  Index Cond: ((id >= 2228892) AND (id <= 2228992))

table 5 : explain SELECT id, c FROM sbtest5 WHERE id BETWEEN 2228892 AND 2228992
	Index Scan using sbtest5_pkey on sbtest5  (cost=0.43..411.39 rows=104 width=125)
	  Index Cond: ((id >= 2228892) AND (id <= 2228992))

table 6 : explain SELECT id, c FROM sbtest6 WHERE id BETWEEN 2228892 AND 2228992
	Index Scan using sbtest6_pkey on sbtest6  (cost=0.43..383.65 rows=97 width=125)
	  Index Cond: ((id >= 2228892) AND (id <= 2228992))

table 7 : explain SELECT id, c FROM sbtest7 WHERE id BETWEEN 2228892 AND 2228992
	Index Scan using sbtest7_pkey on sbtest7  (cost=0.43..441.20 rows=112 width=125)
	  Index Cond: ((id >= 2228892) AND (id <= 2228992))

table 8 : explain SELECT id, c FROM sbtest8 WHERE id BETWEEN 2228892 AND 2228992
	Index Scan using sbtest8_pkey on sbtest8  (cost=0.43..414.41 rows=105 width=125)
	  Index Cond: ((id >= 2228892) AND (id <= 2228992))

explain: for range-notcovered :: explain SELECT id, c FROM sbtest%d WHERE id BETWEEN 2228892 AND 2228992
explain: for range-notcovered :: explain SELECT id, c FROM sbtest%d WHERE id BETWEEN 3832138 AND 3832238
for range-notcovered
table 1 : explain SELECT id, c FROM sbtest1 WHERE id BETWEEN 8512659 AND 8512759
	Index Scan using sbtest1_pkey on sbtest1  (cost=0.43..392.56 rows=99 width=125)
	  Index Cond: ((id >= 8512659) AND (id <= 8512759))

table 2 : explain SELECT id, c FROM sbtest2 WHERE id BETWEEN 8512659 AND 8512759
	Index Scan using sbtest2_pkey on sbtest2  (cost=0.43..376.99 rows=95 width=125)
	  Index Cond: ((id >= 8512659) AND (id <= 8512759))

table 3 : explain SELECT id, c FROM sbtest3 WHERE id BETWEEN 8512659 AND 8512759
	Index Scan using sbtest3_pkey on sbtest3  (cost=0.43..410.83 rows=104 width=125)
	  Index Cond: ((id >= 8512659) AND (id <= 8512759))

table 4 : explain SELECT id, c FROM sbtest4 WHERE id BETWEEN 8512659 AND 8512759
	Index Scan using sbtest4_pkey on sbtest4  (cost=0.43..424.24 rows=108 width=125)
	  Index Cond: ((id >= 8512659) AND (id <= 8512759))

table 5 : explain SELECT id, c FROM sbtest5 WHERE id BETWEEN 8512659 AND 8512759
	Index Scan using sbtest5_pkey on sbtest5  (cost=0.43..399.65 rows=101 width=125)
	  Index Cond: ((id >= 8512659) AND (id <= 8512759))

table 6 : explain SELECT id, c FROM sbtest6 WHERE id BETWEEN 8512659 AND 8512759
	Index Scan using sbtest6_pkey on sbtest6  (cost=0.43..395.37 rows=100 width=125)
	  Index Cond: ((id >= 8512659) AND (id <= 8512759))

table 7 : explain SELECT id, c FROM sbtest7 WHERE id BETWEEN 8512659 AND 8512759
	Index Scan using sbtest7_pkey on sbtest7  (cost=0.43..374.94 rows=95 width=125)
	  Index Cond: ((id >= 8512659) AND (id <= 8512759))

table 8 : explain SELECT id, c FROM sbtest8 WHERE id BETWEEN 8512659 AND 8512759
	Index Scan using sbtest8_pkey on sbtest8  (cost=0.43..394.89 rows=100 width=125)
	  Index Cond: ((id >= 8512659) AND (id <= 8512759))

for range-notcovered
table 1 : explain SELECT id, c FROM sbtest1 WHERE id BETWEEN 2228892 AND 2228992
	Index Scan using sbtest1_pkey on sbtest1  (cost=0.43..419.99 rows=106 width=125)
	  Index Cond: ((id >= 2228892) AND (id <= 2228992))

table 2 : explain SELECT id, c FROM sbtest2 WHERE id BETWEEN 2228892 AND 2228992
	Index Scan using sbtest2_pkey on sbtest2  (cost=0.43..431.86 rows=109 width=125)
	  Index Cond: ((id >= 2228892) AND (id <= 2228992))

table 3 : explain SELECT id, c FROM sbtest3 WHERE id BETWEEN 2228892 AND 2228992
	Index Scan using sbtest3_pkey on sbtest3  (cost=0.43..426.45 rows=108 width=125)
	  Index Cond: ((id >= 2228892) AND (id <= 2228992))

table 4 : explain SELECT id, c FROM sbtest4 WHERE id BETWEEN 2228892 AND 2228992
	Index Scan using sbtest4_pkey on sbtest4  (cost=0.43..420.36 rows=107 width=125)
	  Index Cond: ((id >= 2228892) AND (id <= 2228992))

table 5 : explain SELECT id, c FROM sbtest5 WHERE id BETWEEN 2228892 AND 2228992
	Index Scan using sbtest5_pkey on sbtest5  (cost=0.43..411.39 rows=104 width=125)
	  Index Cond: ((id >= 2228892) AND (id <= 2228992))

table 6 : explain SELECT id, c FROM sbtest6 WHERE id BETWEEN 2228892 AND 2228992
	Index Scan using sbtest6_pkey on sbtest6  (cost=0.43..383.65 rows=97 width=125)
	  Index Cond: ((id >= 2228892) AND (id <= 2228992))

table 7 : explain SELECT id, c FROM sbtest7 WHERE id BETWEEN 2228892 AND 2228992
	Index Scan using sbtest7_pkey on sbtest7  (cost=0.43..441.20 rows=112 width=125)
	  Index Cond: ((id >= 2228892) AND (id <= 2228992))

table 8 : explain SELECT id, c FROM sbtest8 WHERE id BETWEEN 2228892 AND 2228992
	Index Scan using sbtest8_pkey on sbtest8  (cost=0.43..414.41 rows=105 width=125)
	  Index Cond: ((id >= 2228892) AND (id <= 2228992))

explain: for range-notcovered :: explain SELECT id, c FROM sbtest%d WHERE id BETWEEN 2228892 AND 2228992
explain: for range-notcovered :: explain SELECT id, c FROM sbtest%d WHERE id BETWEEN 8512659 AND 8512759
for range-notcovered
table 1 : explain SELECT id, c FROM sbtest1 WHERE id BETWEEN 6429549 AND 6429649
	Index Scan using sbtest1_pkey on sbtest1  (cost=0.43..388.64 rows=98 width=125)
	  Index Cond: ((id >= 6429549) AND (id <= 6429649))

table 2 : explain SELECT id, c FROM sbtest2 WHERE id BETWEEN 6429549 AND 6429649
	Index Scan using sbtest2_pkey on sbtest2  (cost=0.43..388.75 rows=98 width=125)
	  Index Cond: ((id >= 6429549) AND (id <= 6429649))

table 3 : explain SELECT id, c FROM sbtest3 WHERE id BETWEEN 6429549 AND 6429649
	Index Scan using sbtest3_pkey on sbtest3  (cost=0.43..403.02 rows=102 width=125)
	  Index Cond: ((id >= 6429549) AND (id <= 6429649))

table 4 : explain SELECT id, c FROM sbtest4 WHERE id BETWEEN 6429549 AND 6429649
	Index Scan using sbtest4_pkey on sbtest4  (cost=0.43..381.51 rows=97 width=125)
	  Index Cond: ((id >= 6429549) AND (id <= 6429649))

table 5 : explain SELECT id, c FROM sbtest5 WHERE id BETWEEN 6429549 AND 6429649
	Index Scan using sbtest5_pkey on sbtest5  (cost=0.43..430.94 rows=109 width=125)
	  Index Cond: ((id >= 6429549) AND (id <= 6429649))

table 6 : explain SELECT id, c FROM sbtest6 WHERE id BETWEEN 6429549 AND 6429649
	Index Scan using sbtest6_pkey on sbtest6  (cost=0.43..422.73 rows=107 width=125)
	  Index Cond: ((id >= 6429549) AND (id <= 6429649))

table 7 : explain SELECT id, c FROM sbtest7 WHERE id BETWEEN 6429549 AND 6429649
	Index Scan using sbtest7_pkey on sbtest7  (cost=0.43..382.73 rows=97 width=125)
	  Index Cond: ((id >= 6429549) AND (id <= 6429649))

table 8 : explain SELECT id, c FROM sbtest8 WHERE id BETWEEN 6429549 AND 6429649
	Index Scan using sbtest8_pkey on sbtest8  (cost=0.43..383.19 rows=97 width=125)
	  Index Cond: ((id >= 6429549) AND (id <= 6429649))

for range-notcovered
table 1 : explain SELECT id, c FROM sbtest1 WHERE id BETWEEN 2228892 AND 2228992
	Index Scan using sbtest1_pkey on sbtest1  (cost=0.43..419.99 rows=106 width=125)
	  Index Cond: ((id >= 2228892) AND (id <= 2228992))

table 2 : explain SELECT id, c FROM sbtest2 WHERE id BETWEEN 2228892 AND 2228992
	Index Scan using sbtest2_pkey on sbtest2  (cost=0.43..431.86 rows=109 width=125)
	  Index Cond: ((id >= 2228892) AND (id <= 2228992))

table 3 : explain SELECT id, c FROM sbtest3 WHERE id BETWEEN 2228892 AND 2228992
	Index Scan using sbtest3_pkey on sbtest3  (cost=0.43..426.45 rows=108 width=125)
	  Index Cond: ((id >= 2228892) AND (id <= 2228992))

table 4 : explain SELECT id, c FROM sbtest4 WHERE id BETWEEN 2228892 AND 2228992
	Index Scan using sbtest4_pkey on sbtest4  (cost=0.43..420.36 rows=107 width=125)
	  Index Cond: ((id >= 2228892) AND (id <= 2228992))

table 5 : explain SELECT id, c FROM sbtest5 WHERE id BETWEEN 2228892 AND 2228992
	Index Scan using sbtest5_pkey on sbtest5  (cost=0.43..411.39 rows=104 width=125)
	  Index Cond: ((id >= 2228892) AND (id <= 2228992))

table 6 : explain SELECT id, c FROM sbtest6 WHERE id BETWEEN 2228892 AND 2228992
	Index Scan using sbtest6_pkey on sbtest6  (cost=0.43..383.65 rows=97 width=125)
	  Index Cond: ((id >= 2228892) AND (id <= 2228992))

table 7 : explain SELECT id, c FROM sbtest7 WHERE id BETWEEN 2228892 AND 2228992
	Index Scan using sbtest7_pkey on sbtest7  (cost=0.43..441.20 rows=112 width=125)
	  Index Cond: ((id >= 2228892) AND (id <= 2228992))

table 8 : explain SELECT id, c FROM sbtest8 WHERE id BETWEEN 2228892 AND 2228992
	Index Scan using sbtest8_pkey on sbtest8  (cost=0.43..414.41 rows=105 width=125)
	  Index Cond: ((id >= 2228892) AND (id <= 2228992))

explain: for range-notcovered :: explain SELECT id, c FROM sbtest%d WHERE id BETWEEN 6429549 AND 6429649
explain: for range-notcovered :: explain SELECT id, c FROM sbtest%d WHERE id BETWEEN 2228892 AND 2228992
for range-notcovered
table 1 : explain SELECT id, c FROM sbtest1 WHERE id BETWEEN 1682830 AND 1682930
	Index Scan using sbtest1_pkey on sbtest1  (cost=0.43..423.91 rows=107 width=125)
	  Index Cond: ((id >= 1682830) AND (id <= 1682930))

table 2 : explain SELECT id, c FROM sbtest2 WHERE id BETWEEN 1682830 AND 1682930
	Index Scan using sbtest2_pkey on sbtest2  (cost=0.43..380.91 rows=96 width=125)
	  Index Cond: ((id >= 1682830) AND (id <= 1682930))

table 3 : explain SELECT id, c FROM sbtest3 WHERE id BETWEEN 1682830 AND 1682930
	Index Scan using sbtest3_pkey on sbtest3  (cost=0.43..391.30 rows=99 width=125)
	  Index Cond: ((id >= 1682830) AND (id <= 1682930))

table 4 : explain SELECT id, c FROM sbtest4 WHERE id BETWEEN 1682830 AND 1682930
	Index Scan using sbtest4_pkey on sbtest4  (cost=0.43..420.36 rows=107 width=125)
	  Index Cond: ((id >= 1682830) AND (id <= 1682930))

table 5 : explain SELECT id, c FROM sbtest5 WHERE id BETWEEN 1682830 AND 1682930
	Index Scan using sbtest5_pkey on sbtest5  (cost=0.43..403.57 rows=102 width=125)
	  Index Cond: ((id >= 1682830) AND (id <= 1682930))

table 6 : explain SELECT id, c FROM sbtest6 WHERE id BETWEEN 1682830 AND 1682930
	Index Scan using sbtest6_pkey on sbtest6  (cost=0.43..379.74 rows=96 width=125)
	  Index Cond: ((id >= 1682830) AND (id <= 1682930))

table 7 : explain SELECT id, c FROM sbtest7 WHERE id BETWEEN 1682830 AND 1682930
	Index Scan using sbtest7_pkey on sbtest7  (cost=0.43..386.63 rows=98 width=125)
	  Index Cond: ((id >= 1682830) AND (id <= 1682930))

table 8 : explain SELECT id, c FROM sbtest8 WHERE id BETWEEN 1682830 AND 1682930
	Index Scan using sbtest8_pkey on sbtest8  (cost=0.43..363.67 rows=92 width=125)
	  Index Cond: ((id >= 1682830) AND (id <= 1682930))

explain: for range-notcovered :: explain SELECT id, c FROM sbtest%d WHERE id BETWEEN 1682830 AND 1682930
for range-notcovered
table 1 : explain SELECT id, c FROM sbtest1 WHERE id BETWEEN 8512659 AND 8512759
	Index Scan using sbtest1_pkey on sbtest1  (cost=0.43..392.56 rows=99 width=125)
	  Index Cond: ((id >= 8512659) AND (id <= 8512759))

table 2 : explain SELECT id, c FROM sbtest2 WHERE id BETWEEN 8512659 AND 8512759
	Index Scan using sbtest2_pkey on sbtest2  (cost=0.43..376.99 rows=95 width=125)
	  Index Cond: ((id >= 8512659) AND (id <= 8512759))

table 3 : explain SELECT id, c FROM sbtest3 WHERE id BETWEEN 8512659 AND 8512759
	Index Scan using sbtest3_pkey on sbtest3  (cost=0.43..410.83 rows=104 width=125)
	  Index Cond: ((id >= 8512659) AND (id <= 8512759))

table 4 : explain SELECT id, c FROM sbtest4 WHERE id BETWEEN 8512659 AND 8512759
	Index Scan using sbtest4_pkey on sbtest4  (cost=0.43..424.24 rows=108 width=125)
	  Index Cond: ((id >= 8512659) AND (id <= 8512759))

table 5 : explain SELECT id, c FROM sbtest5 WHERE id BETWEEN 8512659 AND 8512759
	Index Scan using sbtest5_pkey on sbtest5  (cost=0.43..399.65 rows=101 width=125)
	  Index Cond: ((id >= 8512659) AND (id <= 8512759))

table 6 : explain SELECT id, c FROM sbtest6 WHERE id BETWEEN 8512659 AND 8512759
	Index Scan using sbtest6_pkey on sbtest6  (cost=0.43..395.37 rows=100 width=125)
	  Index Cond: ((id >= 8512659) AND (id <= 8512759))

table 7 : explain SELECT id, c FROM sbtest7 WHERE id BETWEEN 8512659 AND 8512759
	Index Scan using sbtest7_pkey on sbtest7  (cost=0.43..374.94 rows=95 width=125)
	  Index Cond: ((id >= 8512659) AND (id <= 8512759))

table 8 : explain SELECT id, c FROM sbtest8 WHERE id BETWEEN 8512659 AND 8512759
	Index Scan using sbtest8_pkey on sbtest8  (cost=0.43..394.89 rows=100 width=125)
	  Index Cond: ((id >= 8512659) AND (id <= 8512759))

explain: for range-notcovered :: explain SELECT id, c FROM sbtest%d WHERE id BETWEEN 8512659 AND 8512759
for range-notcovered
table 1 : explain SELECT id, c FROM sbtest1 WHERE id BETWEEN 6429549 AND 6429649
	Index Scan using sbtest1_pkey on sbtest1  (cost=0.43..388.64 rows=98 width=125)
	  Index Cond: ((id >= 6429549) AND (id <= 6429649))

table 2 : explain SELECT id, c FROM sbtest2 WHERE id BETWEEN 6429549 AND 6429649
	Index Scan using sbtest2_pkey on sbtest2  (cost=0.43..388.75 rows=98 width=125)
	  Index Cond: ((id >= 6429549) AND (id <= 6429649))

table 3 : explain SELECT id, c FROM sbtest3 WHERE id BETWEEN 6429549 AND 6429649
	Index Scan using sbtest3_pkey on sbtest3  (cost=0.43..403.02 rows=102 width=125)
	  Index Cond: ((id >= 6429549) AND (id <= 6429649))

table 4 : explain SELECT id, c FROM sbtest4 WHERE id BETWEEN 6429549 AND 6429649
	Index Scan using sbtest4_pkey on sbtest4  (cost=0.43..381.51 rows=97 width=125)
	  Index Cond: ((id >= 6429549) AND (id <= 6429649))

table 5 : explain SELECT id, c FROM sbtest5 WHERE id BETWEEN 6429549 AND 6429649
	Index Scan using sbtest5_pkey on sbtest5  (cost=0.43..430.94 rows=109 width=125)
	  Index Cond: ((id >= 6429549) AND (id <= 6429649))

table 6 : explain SELECT id, c FROM sbtest6 WHERE id BETWEEN 6429549 AND 6429649
	Index Scan using sbtest6_pkey on sbtest6  (cost=0.43..422.73 rows=107 width=125)
	  Index Cond: ((id >= 6429549) AND (id <= 6429649))

table 7 : explain SELECT id, c FROM sbtest7 WHERE id BETWEEN 6429549 AND 6429649
	Index Scan using sbtest7_pkey on sbtest7  (cost=0.43..382.73 rows=97 width=125)
	  Index Cond: ((id >= 6429549) AND (id <= 6429649))

table 8 : explain SELECT id, c FROM sbtest8 WHERE id BETWEEN 6429549 AND 6429649
	Index Scan using sbtest8_pkey on sbtest8  (cost=0.43..383.19 rows=97 width=125)
	  Index Cond: ((id >= 6429549) AND (id <= 6429649))

for range-notcovered
table 1 : explain SELECT id, c FROM sbtest1 WHERE id BETWEEN 1682830 AND 1682930
	Index Scan using sbtest1_pkey on sbtest1  (cost=0.43..423.91 rows=107 width=125)
	  Index Cond: ((id >= 1682830) AND (id <= 1682930))

table 2 : explain SELECT id, c FROM sbtest2 WHERE id BETWEEN 1682830 AND 1682930
	Index Scan using sbtest2_pkey on sbtest2  (cost=0.43..380.91 rows=96 width=125)
	  Index Cond: ((id >= 1682830) AND (id <= 1682930))

table 3 : explain SELECT id, c FROM sbtest3 WHERE id BETWEEN 1682830 AND 1682930
	Index Scan using sbtest3_pkey on sbtest3  (cost=0.43..391.30 rows=99 width=125)
	  Index Cond: ((id >= 1682830) AND (id <= 1682930))

table 4 : explain SELECT id, c FROM sbtest4 WHERE id BETWEEN 1682830 AND 1682930
	Index Scan using sbtest4_pkey on sbtest4  (cost=0.43..420.36 rows=107 width=125)
	  Index Cond: ((id >= 1682830) AND (id <= 1682930))

table 5 : explain SELECT id, c FROM sbtest5 WHERE id BETWEEN 1682830 AND 1682930
	Index Scan using sbtest5_pkey on sbtest5  (cost=0.43..403.57 rows=102 width=125)
	  Index Cond: ((id >= 1682830) AND (id <= 1682930))

table 6 : explain SELECT id, c FROM sbtest6 WHERE id BETWEEN 1682830 AND 1682930
	Index Scan using sbtest6_pkey on sbtest6  (cost=0.43..379.74 rows=96 width=125)
	  Index Cond: ((id >= 1682830) AND (id <= 1682930))

table 7 : explain SELECT id, c FROM sbtest7 WHERE id BETWEEN 1682830 AND 1682930
	Index Scan using sbtest7_pkey on sbtest7  (cost=0.43..386.63 rows=98 width=125)
	  Index Cond: ((id >= 1682830) AND (id <= 1682930))

table 8 : explain SELECT id, c FROM sbtest8 WHERE id BETWEEN 1682830 AND 1682930
	Index Scan using sbtest8_pkey on sbtest8  (cost=0.43..363.67 rows=92 width=125)
	  Index Cond: ((id >= 1682830) AND (id <= 1682930))

explain: for range-notcovered :: explain SELECT id, c FROM sbtest%d WHERE id BETWEEN 6429549 AND 6429649
for range-notcovered
table 1 : explain SELECT id, c FROM sbtest1 WHERE id BETWEEN 940691 AND 940791
	Index Scan using sbtest1_pkey on sbtest1  (cost=0.43..388.64 rows=98 width=125)
	  Index Cond: ((id >= 940691) AND (id <= 940791))

table 2 : explain SELECT id, c FROM sbtest2 WHERE id BETWEEN 940691 AND 940791
	Index Scan using sbtest2_pkey on sbtest2  (cost=0.43..443.62 rows=112 width=125)
	  Index Cond: ((id >= 940691) AND (id <= 940791))

table 3 : explain SELECT id, c FROM sbtest3 WHERE id BETWEEN 940691 AND 940791
	Index Scan using sbtest3_pkey on sbtest3  (cost=0.43..422.55 rows=107 width=125)
	  Index Cond: ((id >= 940691) AND (id <= 940791))

table 4 : explain SELECT id, c FROM sbtest4 WHERE id BETWEEN 940691 AND 940791
	Index Scan using sbtest4_pkey on sbtest4  (cost=0.43..404.82 rows=103 width=125)
	  Index Cond: ((id >= 940691) AND (id <= 940791))

table 5 : explain SELECT id, c FROM sbtest5 WHERE id BETWEEN 940691 AND 940791
	Index Scan using sbtest5_pkey on sbtest5  (cost=0.43..384.01 rows=97 width=125)
	  Index Cond: ((id >= 940691) AND (id <= 940791))

table 6 : explain SELECT id, c FROM sbtest6 WHERE id BETWEEN 940691 AND 940791
	Index Scan using sbtest6_pkey on sbtest6  (cost=0.43..379.74 rows=96 width=125)
	  Index Cond: ((id >= 940691) AND (id <= 940791))

table 7 : explain SELECT id, c FROM sbtest7 WHERE id BETWEEN 940691 AND 940791
	Index Scan using sbtest7_pkey on sbtest7  (cost=0.43..421.71 rows=107 width=125)
	  Index Cond: ((id >= 940691) AND (id <= 940791))

table 8 : explain SELECT id, c FROM sbtest8 WHERE id BETWEEN 940691 AND 940791
	Index Scan using sbtest8_pkey on sbtest8  (cost=0.43..402.70 rows=102 width=125)
	  Index Cond: ((id >= 940691) AND (id <= 940791))

explain: for range-notcovered :: explain SELECT id, c FROM sbtest%d WHERE id BETWEEN 940691 AND 940791
for range-notcovered
table 1 : explain SELECT id, c FROM sbtest1 WHERE id BETWEEN 8512659 AND 8512759
	Index Scan using sbtest1_pkey on sbtest1  (cost=0.43..392.56 rows=99 width=125)
	  Index Cond: ((id >= 8512659) AND (id <= 8512759))

table 2 : explain SELECT id, c FROM sbtest2 WHERE id BETWEEN 8512659 AND 8512759
	Index Scan using sbtest2_pkey on sbtest2  (cost=0.43..376.99 rows=95 width=125)
	  Index Cond: ((id >= 8512659) AND (id <= 8512759))

table 3 : explain SELECT id, c FROM sbtest3 WHERE id BETWEEN 8512659 AND 8512759
	Index Scan using sbtest3_pkey on sbtest3  (cost=0.43..410.83 rows=104 width=125)
	  Index Cond: ((id >= 8512659) AND (id <= 8512759))

table 4 : explain SELECT id, c FROM sbtest4 WHERE id BETWEEN 8512659 AND 8512759
	Index Scan using sbtest4_pkey on sbtest4  (cost=0.43..424.24 rows=108 width=125)
	  Index Cond: ((id >= 8512659) AND (id <= 8512759))

table 5 : explain SELECT id, c FROM sbtest5 WHERE id BETWEEN 8512659 AND 8512759
	Index Scan using sbtest5_pkey on sbtest5  (cost=0.43..399.65 rows=101 width=125)
	  Index Cond: ((id >= 8512659) AND (id <= 8512759))

table 6 : explain SELECT id, c FROM sbtest6 WHERE id BETWEEN 8512659 AND 8512759
	Index Scan using sbtest6_pkey on sbtest6  (cost=0.43..395.37 rows=100 width=125)
	  Index Cond: ((id >= 8512659) AND (id <= 8512759))

table 7 : explain SELECT id, c FROM sbtest7 WHERE id BETWEEN 8512659 AND 8512759
	Index Scan using sbtest7_pkey on sbtest7  (cost=0.43..374.94 rows=95 width=125)
	  Index Cond: ((id >= 8512659) AND (id <= 8512759))

table 8 : explain SELECT id, c FROM sbtest8 WHERE id BETWEEN 8512659 AND 8512759
	Index Scan using sbtest8_pkey on sbtest8  (cost=0.43..394.89 rows=100 width=125)
	  Index Cond: ((id >= 8512659) AND (id <= 8512759))

for range-notcovered
table 1 : explain SELECT id, c FROM sbtest1 WHERE id BETWEEN 6429549 AND 6429649
	Index Scan using sbtest1_pkey on sbtest1  (cost=0.43..388.64 rows=98 width=125)
	  Index Cond: ((id >= 6429549) AND (id <= 6429649))

table 2 : explain SELECT id, c FROM sbtest2 WHERE id BETWEEN 6429549 AND 6429649
	Index Scan using sbtest2_pkey on sbtest2  (cost=0.43..388.75 rows=98 width=125)
	  Index Cond: ((id >= 6429549) AND (id <= 6429649))

table 3 : explain SELECT id, c FROM sbtest3 WHERE id BETWEEN 6429549 AND 6429649
	Index Scan using sbtest3_pkey on sbtest3  (cost=0.43..403.02 rows=102 width=125)
	  Index Cond: ((id >= 6429549) AND (id <= 6429649))

table 4 : explain SELECT id, c FROM sbtest4 WHERE id BETWEEN 6429549 AND 6429649
	Index Scan using sbtest4_pkey on sbtest4  (cost=0.43..381.51 rows=97 width=125)
	  Index Cond: ((id >= 6429549) AND (id <= 6429649))

table 5 : explain SELECT id, c FROM sbtest5 WHERE id BETWEEN 6429549 AND 6429649
	Index Scan using sbtest5_pkey on sbtest5  (cost=0.43..430.94 rows=109 width=125)
	  Index Cond: ((id >= 6429549) AND (id <= 6429649))

table 6 : explain SELECT id, c FROM sbtest6 WHERE id BETWEEN 6429549 AND 6429649
	Index Scan using sbtest6_pkey on sbtest6  (cost=0.43..422.73 rows=107 width=125)
	  Index Cond: ((id >= 6429549) AND (id <= 6429649))

table 7 : explain SELECT id, c FROM sbtest7 WHERE id BETWEEN 6429549 AND 6429649
	Index Scan using sbtest7_pkey on sbtest7  (cost=0.43..382.73 rows=97 width=125)
	  Index Cond: ((id >= 6429549) AND (id <= 6429649))

table 8 : explain SELECT id, c FROM sbtest8 WHERE id BETWEEN 6429549 AND 6429649
	Index Scan using sbtest8_pkey on sbtest8  (cost=0.43..383.19 rows=97 width=125)
	  Index Cond: ((id >= 6429549) AND (id <= 6429649))

explain: for range-notcovered :: explain SELECT id, c FROM sbtest%d WHERE id BETWEEN 6429549 AND 6429649
explain: for range-notcovered :: explain SELECT id, c FROM sbtest%d WHERE id BETWEEN 8512659 AND 8512759
for range-notcovered
table 1 : explain SELECT id, c FROM sbtest1 WHERE id BETWEEN 6429549 AND 6429649
	Index Scan using sbtest1_pkey on sbtest1  (cost=0.43..388.64 rows=98 width=125)
	  Index Cond: ((id >= 6429549) AND (id <= 6429649))

table 2 : explain SELECT id, c FROM sbtest2 WHERE id BETWEEN 6429549 AND 6429649
	Index Scan using sbtest2_pkey on sbtest2  (cost=0.43..388.75 rows=98 width=125)
	  Index Cond: ((id >= 6429549) AND (id <= 6429649))

table 3 : explain SELECT id, c FROM sbtest3 WHERE id BETWEEN 6429549 AND 6429649
	Index Scan using sbtest3_pkey on sbtest3  (cost=0.43..403.02 rows=102 width=125)
	  Index Cond: ((id >= 6429549) AND (id <= 6429649))

table 4 : explain SELECT id, c FROM sbtest4 WHERE id BETWEEN 6429549 AND 6429649
	Index Scan using sbtest4_pkey on sbtest4  (cost=0.43..381.51 rows=97 width=125)
	  Index Cond: ((id >= 6429549) AND (id <= 6429649))

table 5 : explain SELECT id, c FROM sbtest5 WHERE id BETWEEN 6429549 AND 6429649
	Index Scan using sbtest5_pkey on sbtest5  (cost=0.43..430.94 rows=109 width=125)
	  Index Cond: ((id >= 6429549) AND (id <= 6429649))

table 6 : explain SELECT id, c FROM sbtest6 WHERE id BETWEEN 6429549 AND 6429649
	Index Scan using sbtest6_pkey on sbtest6  (cost=0.43..422.73 rows=107 width=125)
	  Index Cond: ((id >= 6429549) AND (id <= 6429649))

table 7 : explain SELECT id, c FROM sbtest7 WHERE id BETWEEN 6429549 AND 6429649
	Index Scan using sbtest7_pkey on sbtest7  (cost=0.43..382.73 rows=97 width=125)
	  Index Cond: ((id >= 6429549) AND (id <= 6429649))

table 8 : explain SELECT id, c FROM sbtest8 WHERE id BETWEEN 6429549 AND 6429649
	Index Scan using sbtest8_pkey on sbtest8  (cost=0.43..383.19 rows=97 width=125)
	  Index Cond: ((id >= 6429549) AND (id <= 6429649))

explain: for range-notcovered :: explain SELECT id, c FROM sbtest%d WHERE id BETWEEN 6429549 AND 6429649
for range-notcovered
table 1 : explain SELECT id, c FROM sbtest1 WHERE id BETWEEN 8512659 AND 8512759
	Index Scan using sbtest1_pkey on sbtest1  (cost=0.43..392.56 rows=99 width=125)
	  Index Cond: ((id >= 8512659) AND (id <= 8512759))

table 2 : explain SELECT id, c FROM sbtest2 WHERE id BETWEEN 8512659 AND 8512759
	Index Scan using sbtest2_pkey on sbtest2  (cost=0.43..376.99 rows=95 width=125)
	  Index Cond: ((id >= 8512659) AND (id <= 8512759))

table 3 : explain SELECT id, c FROM sbtest3 WHERE id BETWEEN 8512659 AND 8512759
	Index Scan using sbtest3_pkey on sbtest3  (cost=0.43..410.83 rows=104 width=125)
	  Index Cond: ((id >= 8512659) AND (id <= 8512759))

table 4 : explain SELECT id, c FROM sbtest4 WHERE id BETWEEN 8512659 AND 8512759
	Index Scan using sbtest4_pkey on sbtest4  (cost=0.43..424.24 rows=108 width=125)
	  Index Cond: ((id >= 8512659) AND (id <= 8512759))

table 5 : explain SELECT id, c FROM sbtest5 WHERE id BETWEEN 8512659 AND 8512759
	Index Scan using sbtest5_pkey on sbtest5  (cost=0.43..399.65 rows=101 width=125)
	  Index Cond: ((id >= 8512659) AND (id <= 8512759))

table 6 : explain SELECT id, c FROM sbtest6 WHERE id BETWEEN 8512659 AND 8512759
	Index Scan using sbtest6_pkey on sbtest6  (cost=0.43..395.37 rows=100 width=125)
	  Index Cond: ((id >= 8512659) AND (id <= 8512759))

table 7 : explain SELECT id, c FROM sbtest7 WHERE id BETWEEN 8512659 AND 8512759
	Index Scan using sbtest7_pkey on sbtest7  (cost=0.43..374.94 rows=95 width=125)
	  Index Cond: ((id >= 8512659) AND (id <= 8512759))

table 8 : explain SELECT id, c FROM sbtest8 WHERE id BETWEEN 8512659 AND 8512759
	Index Scan using sbtest8_pkey on sbtest8  (cost=0.43..394.89 rows=100 width=125)
	  Index Cond: ((id >= 8512659) AND (id <= 8512759))

explain: for range-notcovered :: explain SELECT id, c FROM sbtest%d WHERE id BETWEEN 8512659 AND 8512759
for range-notcovered
table 1 : explain SELECT id, c FROM sbtest1 WHERE id BETWEEN 3804969 AND 3805069
	Index Scan using sbtest1_pkey on sbtest1  (cost=0.43..451.34 rows=114 width=125)
	  Index Cond: ((id >= 3804969) AND (id <= 3805069))

table 2 : explain SELECT id, c FROM sbtest2 WHERE id BETWEEN 3804969 AND 3805069
	Index Scan using sbtest2_pkey on sbtest2  (cost=0.43..400.50 rows=101 width=125)
	  Index Cond: ((id >= 3804969) AND (id <= 3805069))

table 3 : explain SELECT id, c FROM sbtest3 WHERE id BETWEEN 3804969 AND 3805069
	Index Scan using sbtest3_pkey on sbtest3  (cost=0.43..457.70 rows=116 width=125)
	  Index Cond: ((id >= 3804969) AND (id <= 3805069))

table 4 : explain SELECT id, c FROM sbtest4 WHERE id BETWEEN 3804969 AND 3805069
	Index Scan using sbtest4_pkey on sbtest4  (cost=0.43..420.36 rows=107 width=125)
	  Index Cond: ((id >= 3804969) AND (id <= 3805069))

table 5 : explain SELECT id, c FROM sbtest5 WHERE id BETWEEN 3804969 AND 3805069
	Index Scan using sbtest5_pkey on sbtest5  (cost=0.43..430.94 rows=109 width=125)
	  Index Cond: ((id >= 3804969) AND (id <= 3805069))

table 6 : explain SELECT id, c FROM sbtest6 WHERE id BETWEEN 3804969 AND 3805069
	Index Scan using sbtest6_pkey on sbtest6  (cost=0.43..403.19 rows=102 width=125)
	  Index Cond: ((id >= 3804969) AND (id <= 3805069))

table 7 : explain SELECT id, c FROM sbtest7 WHERE id BETWEEN 3804969 AND 3805069
	Index Scan using sbtest7_pkey on sbtest7  (cost=0.43..402.22 rows=102 width=125)
	  Index Cond: ((id >= 3804969) AND (id <= 3805069))

table 8 : explain SELECT id, c FROM sbtest8 WHERE id BETWEEN 3804969 AND 3805069
	Index Scan using sbtest8_pkey on sbtest8  (cost=0.43..355.87 rows=90 width=125)
	  Index Cond: ((id >= 3804969) AND (id <= 3805069))

explain: for range-notcovered :: explain SELECT id, c FROM sbtest%d WHERE id BETWEEN 3804969 AND 3805069
for range-notcovered
table 1 : explain SELECT id, c FROM sbtest1 WHERE id BETWEEN 6429549 AND 6429649
	Index Scan using sbtest1_pkey on sbtest1  (cost=0.43..388.64 rows=98 width=125)
	  Index Cond: ((id >= 6429549) AND (id <= 6429649))

table 2 : explain SELECT id, c FROM sbtest2 WHERE id BETWEEN 6429549 AND 6429649
	Index Scan using sbtest2_pkey on sbtest2  (cost=0.43..388.75 rows=98 width=125)
	  Index Cond: ((id >= 6429549) AND (id <= 6429649))

table 3 : explain SELECT id, c FROM sbtest3 WHERE id BETWEEN 6429549 AND 6429649
	Index Scan using sbtest3_pkey on sbtest3  (cost=0.43..403.02 rows=102 width=125)
	  Index Cond: ((id >= 6429549) AND (id <= 6429649))

table 4 : explain SELECT id, c FROM sbtest4 WHERE id BETWEEN 6429549 AND 6429649
	Index Scan using sbtest4_pkey on sbtest4  (cost=0.43..381.51 rows=97 width=125)
	  Index Cond: ((id >= 6429549) AND (id <= 6429649))

table 5 : explain SELECT id, c FROM sbtest5 WHERE id BETWEEN 6429549 AND 6429649
	Index Scan using sbtest5_pkey on sbtest5  (cost=0.43..430.94 rows=109 width=125)
	  Index Cond: ((id >= 6429549) AND (id <= 6429649))

table 6 : explain SELECT id, c FROM sbtest6 WHERE id BETWEEN 6429549 AND 6429649
	Index Scan using sbtest6_pkey on sbtest6  (cost=0.43..422.73 rows=107 width=125)
	  Index Cond: ((id >= 6429549) AND (id <= 6429649))

table 7 : explain SELECT id, c FROM sbtest7 WHERE id BETWEEN 6429549 AND 6429649
	Index Scan using sbtest7_pkey on sbtest7  (cost=0.43..382.73 rows=97 width=125)
	  Index Cond: ((id >= 6429549) AND (id <= 6429649))

table 8 : explain SELECT id, c FROM sbtest8 WHERE id BETWEEN 6429549 AND 6429649
	Index Scan using sbtest8_pkey on sbtest8  (cost=0.43..383.19 rows=97 width=125)
	  Index Cond: ((id >= 6429549) AND (id <= 6429649))

explain: for range-notcovered :: explain SELECT id, c FROM sbtest%d WHERE id BETWEEN 3964259 AND 3964359
explain: for range-notcovered :: explain SELECT id, c FROM sbtest%d WHERE id BETWEEN 1682830 AND 1682930
explain: for range-notcovered :: explain SELECT id, c FROM sbtest%d WHERE id BETWEEN 6429549 AND 6429649
for range-notcovered
table 1 : explain SELECT id, c FROM sbtest1 WHERE id BETWEEN 1682830 AND 1682930
	Index Scan using sbtest1_pkey on sbtest1  (cost=0.43..423.91 rows=107 width=125)
	  Index Cond: ((id >= 1682830) AND (id <= 1682930))

table 2 : explain SELECT id, c FROM sbtest2 WHERE id BETWEEN 1682830 AND 1682930
	Index Scan using sbtest2_pkey on sbtest2  (cost=0.43..380.91 rows=96 width=125)
	  Index Cond: ((id >= 1682830) AND (id <= 1682930))

table 3 : explain SELECT id, c FROM sbtest3 WHERE id BETWEEN 1682830 AND 1682930
	Index Scan using sbtest3_pkey on sbtest3  (cost=0.43..391.30 rows=99 width=125)
	  Index Cond: ((id >= 1682830) AND (id <= 1682930))

table 4 : explain SELECT id, c FROM sbtest4 WHERE id BETWEEN 1682830 AND 1682930
	Index Scan using sbtest4_pkey on sbtest4  (cost=0.43..420.36 rows=107 width=125)
	  Index Cond: ((id >= 1682830) AND (id <= 1682930))

table 5 : explain SELECT id, c FROM sbtest5 WHERE id BETWEEN 1682830 AND 1682930
	Index Scan using sbtest5_pkey on sbtest5  (cost=0.43..403.57 rows=102 width=125)
	  Index Cond: ((id >= 1682830) AND (id <= 1682930))

table 6 : explain SELECT id, c FROM sbtest6 WHERE id BETWEEN 1682830 AND 1682930
	Index Scan using sbtest6_pkey on sbtest6  (cost=0.43..379.74 rows=96 width=125)
	  Index Cond: ((id >= 1682830) AND (id <= 1682930))

table 7 : explain SELECT id, c FROM sbtest7 WHERE id BETWEEN 1682830 AND 1682930
	Index Scan using sbtest7_pkey on sbtest7  (cost=0.43..386.63 rows=98 width=125)
	  Index Cond: ((id >= 1682830) AND (id <= 1682930))

table 8 : explain SELECT id, c FROM sbtest8 WHERE id BETWEEN 1682830 AND 1682930
	Index Scan using sbtest8_pkey on sbtest8  (cost=0.43..363.67 rows=92 width=125)
	  Index Cond: ((id >= 1682830) AND (id <= 1682930))

for range-notcovered
table 1 : explain SELECT id, c FROM sbtest1 WHERE id BETWEEN 3804969 AND 3805069
	Index Scan using sbtest1_pkey on sbtest1  (cost=0.43..451.34 rows=114 width=125)
	  Index Cond: ((id >= 3804969) AND (id <= 3805069))

table 2 : explain SELECT id, c FROM sbtest2 WHERE id BETWEEN 3804969 AND 3805069
	Index Scan using sbtest2_pkey on sbtest2  (cost=0.43..400.50 rows=101 width=125)
	  Index Cond: ((id >= 3804969) AND (id <= 3805069))

table 3 : explain SELECT id, c FROM sbtest3 WHERE id BETWEEN 3804969 AND 3805069
	Index Scan using sbtest3_pkey on sbtest3  (cost=0.43..457.70 rows=116 width=125)
	  Index Cond: ((id >= 3804969) AND (id <= 3805069))

table 4 : explain SELECT id, c FROM sbtest4 WHERE id BETWEEN 3804969 AND 3805069
	Index Scan using sbtest4_pkey on sbtest4  (cost=0.43..420.36 rows=107 width=125)
	  Index Cond: ((id >= 3804969) AND (id <= 3805069))

table 5 : explain SELECT id, c FROM sbtest5 WHERE id BETWEEN 3804969 AND 3805069
	Index Scan using sbtest5_pkey on sbtest5  (cost=0.43..430.94 rows=109 width=125)
	  Index Cond: ((id >= 3804969) AND (id <= 3805069))

table 6 : explain SELECT id, c FROM sbtest6 WHERE id BETWEEN 3804969 AND 3805069
	Index Scan using sbtest6_pkey on sbtest6  (cost=0.43..403.19 rows=102 width=125)
	  Index Cond: ((id >= 3804969) AND (id <= 3805069))

table 7 : explain SELECT id, c FROM sbtest7 WHERE id BETWEEN 3804969 AND 3805069
	Index Scan using sbtest7_pkey on sbtest7  (cost=0.43..402.22 rows=102 width=125)
	  Index Cond: ((id >= 3804969) AND (id <= 3805069))

table 8 : explain SELECT id, c FROM sbtest8 WHERE id BETWEEN 3804969 AND 3805069
	Index Scan using sbtest8_pkey on sbtest8  (cost=0.43..355.87 rows=90 width=125)
	  Index Cond: ((id >= 3804969) AND (id <= 3805069))

explain: for range-notcovered :: explain SELECT id, c FROM sbtest%d WHERE id BETWEEN 6368854 AND 6368954
explain: for range-notcovered :: explain SELECT id, c FROM sbtest%d WHERE id BETWEEN 1682830 AND 1682930
explain: for range-notcovered :: explain SELECT id, c FROM sbtest%d WHERE id BETWEEN 3804969 AND 3805069
for range-notcovered
table 1 : explain SELECT id, c FROM sbtest1 WHERE id BETWEEN 940691 AND 940791
	Index Scan using sbtest1_pkey on sbtest1  (cost=0.43..388.64 rows=98 width=125)
	  Index Cond: ((id >= 940691) AND (id <= 940791))

table 2 : explain SELECT id, c FROM sbtest2 WHERE id BETWEEN 940691 AND 940791
	Index Scan using sbtest2_pkey on sbtest2  (cost=0.43..443.62 rows=112 width=125)
	  Index Cond: ((id >= 940691) AND (id <= 940791))

table 3 : explain SELECT id, c FROM sbtest3 WHERE id BETWEEN 940691 AND 940791
	Index Scan using sbtest3_pkey on sbtest3  (cost=0.43..422.55 rows=107 width=125)
	  Index Cond: ((id >= 940691) AND (id <= 940791))

table 4 : explain SELECT id, c FROM sbtest4 WHERE id BETWEEN 940691 AND 940791
	Index Scan using sbtest4_pkey on sbtest4  (cost=0.43..404.82 rows=103 width=125)
	  Index Cond: ((id >= 940691) AND (id <= 940791))

table 5 : explain SELECT id, c FROM sbtest5 WHERE id BETWEEN 940691 AND 940791
	Index Scan using sbtest5_pkey on sbtest5  (cost=0.43..384.01 rows=97 width=125)
	  Index Cond: ((id >= 940691) AND (id <= 940791))

table 6 : explain SELECT id, c FROM sbtest6 WHERE id BETWEEN 940691 AND 940791
	Index Scan using sbtest6_pkey on sbtest6  (cost=0.43..379.74 rows=96 width=125)
	  Index Cond: ((id >= 940691) AND (id <= 940791))

table 7 : explain SELECT id, c FROM sbtest7 WHERE id BETWEEN 940691 AND 940791
	Index Scan using sbtest7_pkey on sbtest7  (cost=0.43..421.71 rows=107 width=125)
	  Index Cond: ((id >= 940691) AND (id <= 940791))

table 8 : explain SELECT id, c FROM sbtest8 WHERE id BETWEEN 940691 AND 940791
	Index Scan using sbtest8_pkey on sbtest8  (cost=0.43..402.70 rows=102 width=125)
	  Index Cond: ((id >= 940691) AND (id <= 940791))

explain: for range-notcovered :: explain SELECT id, c FROM sbtest%d WHERE id BETWEEN 940691 AND 940791
explain: for range-notcovered :: explain SELECT id, c FROM sbtest%d WHERE id BETWEEN 3987397 AND 3987497
explain: for range-notcovered :: explain SELECT id, c FROM sbtest%d WHERE id BETWEEN 6111416 AND 6111516
for range-notcovered
table 1 : explain SELECT id, c FROM sbtest1 WHERE id BETWEEN 1682830 AND 1682930
	Index Scan using sbtest1_pkey on sbtest1  (cost=0.43..423.91 rows=107 width=125)
	  Index Cond: ((id >= 1682830) AND (id <= 1682930))

table 2 : explain SELECT id, c FROM sbtest2 WHERE id BETWEEN 1682830 AND 1682930
	Index Scan using sbtest2_pkey on sbtest2  (cost=0.43..380.91 rows=96 width=125)
	  Index Cond: ((id >= 1682830) AND (id <= 1682930))

table 3 : explain SELECT id, c FROM sbtest3 WHERE id BETWEEN 1682830 AND 1682930
	Index Scan using sbtest3_pkey on sbtest3  (cost=0.43..391.30 rows=99 width=125)
	  Index Cond: ((id >= 1682830) AND (id <= 1682930))

table 4 : explain SELECT id, c FROM sbtest4 WHERE id BETWEEN 1682830 AND 1682930
	Index Scan using sbtest4_pkey on sbtest4  (cost=0.43..420.36 rows=107 width=125)
	  Index Cond: ((id >= 1682830) AND (id <= 1682930))

table 5 : explain SELECT id, c FROM sbtest5 WHERE id BETWEEN 1682830 AND 1682930
	Index Scan using sbtest5_pkey on sbtest5  (cost=0.43..403.57 rows=102 width=125)
	  Index Cond: ((id >= 1682830) AND (id <= 1682930))

table 6 : explain SELECT id, c FROM sbtest6 WHERE id BETWEEN 1682830 AND 1682930
	Index Scan using sbtest6_pkey on sbtest6  (cost=0.43..379.74 rows=96 width=125)
	  Index Cond: ((id >= 1682830) AND (id <= 1682930))

table 7 : explain SELECT id, c FROM sbtest7 WHERE id BETWEEN 1682830 AND 1682930
	Index Scan using sbtest7_pkey on sbtest7  (cost=0.43..386.63 rows=98 width=125)
	  Index Cond: ((id >= 1682830) AND (id <= 1682930))

table 8 : explain SELECT id, c FROM sbtest8 WHERE id BETWEEN 1682830 AND 1682930
	Index Scan using sbtest8_pkey on sbtest8  (cost=0.43..363.67 rows=92 width=125)
	  Index Cond: ((id >= 1682830) AND (id <= 1682930))

explain: for range-notcovered :: explain SELECT id, c FROM sbtest%d WHERE id BETWEEN 1682830 AND 1682930
for range-notcovered
table 1 : explain SELECT id, c FROM sbtest1 WHERE id BETWEEN 3804969 AND 3805069
	Index Scan using sbtest1_pkey on sbtest1  (cost=0.43..451.34 rows=114 width=125)
	  Index Cond: ((id >= 3804969) AND (id <= 3805069))

table 2 : explain SELECT id, c FROM sbtest2 WHERE id BETWEEN 3804969 AND 3805069
	Index Scan using sbtest2_pkey on sbtest2  (cost=0.43..400.50 rows=101 width=125)
	  Index Cond: ((id >= 3804969) AND (id <= 3805069))

table 3 : explain SELECT id, c FROM sbtest3 WHERE id BETWEEN 3804969 AND 3805069
	Index Scan using sbtest3_pkey on sbtest3  (cost=0.43..457.70 rows=116 width=125)
	  Index Cond: ((id >= 3804969) AND (id <= 3805069))

table 4 : explain SELECT id, c FROM sbtest4 WHERE id BETWEEN 3804969 AND 3805069
	Index Scan using sbtest4_pkey on sbtest4  (cost=0.43..420.36 rows=107 width=125)
	  Index Cond: ((id >= 3804969) AND (id <= 3805069))

table 5 : explain SELECT id, c FROM sbtest5 WHERE id BETWEEN 3804969 AND 3805069
	Index Scan using sbtest5_pkey on sbtest5  (cost=0.43..430.94 rows=109 width=125)
	  Index Cond: ((id >= 3804969) AND (id <= 3805069))

table 6 : explain SELECT id, c FROM sbtest6 WHERE id BETWEEN 3804969 AND 3805069
	Index Scan using sbtest6_pkey on sbtest6  (cost=0.43..403.19 rows=102 width=125)
	  Index Cond: ((id >= 3804969) AND (id <= 3805069))

table 7 : explain SELECT id, c FROM sbtest7 WHERE id BETWEEN 3804969 AND 3805069
	Index Scan using sbtest7_pkey on sbtest7  (cost=0.43..402.22 rows=102 width=125)
	  Index Cond: ((id >= 3804969) AND (id <= 3805069))

table 8 : explain SELECT id, c FROM sbtest8 WHERE id BETWEEN 3804969 AND 3805069
	Index Scan using sbtest8_pkey on sbtest8  (cost=0.43..355.87 rows=90 width=125)
	  Index Cond: ((id >= 3804969) AND (id <= 3805069))

explain: for range-notcovered :: explain SELECT id, c FROM sbtest%d WHERE id BETWEEN 3804969 AND 3805069
for range-notcovered
table 1 : explain SELECT id, c FROM sbtest1 WHERE id BETWEEN 940691 AND 940791
	Index Scan using sbtest1_pkey on sbtest1  (cost=0.43..388.64 rows=98 width=125)
	  Index Cond: ((id >= 940691) AND (id <= 940791))

table 2 : explain SELECT id, c FROM sbtest2 WHERE id BETWEEN 940691 AND 940791
	Index Scan using sbtest2_pkey on sbtest2  (cost=0.43..443.62 rows=112 width=125)
	  Index Cond: ((id >= 940691) AND (id <= 940791))

table 3 : explain SELECT id, c FROM sbtest3 WHERE id BETWEEN 940691 AND 940791
	Index Scan using sbtest3_pkey on sbtest3  (cost=0.43..422.55 rows=107 width=125)
	  Index Cond: ((id >= 940691) AND (id <= 940791))

table 4 : explain SELECT id, c FROM sbtest4 WHERE id BETWEEN 940691 AND 940791
	Index Scan using sbtest4_pkey on sbtest4  (cost=0.43..404.82 rows=103 width=125)
	  Index Cond: ((id >= 940691) AND (id <= 940791))

table 5 : explain SELECT id, c FROM sbtest5 WHERE id BETWEEN 940691 AND 940791
	Index Scan using sbtest5_pkey on sbtest5  (cost=0.43..384.01 rows=97 width=125)
	  Index Cond: ((id >= 940691) AND (id <= 940791))

table 6 : explain SELECT id, c FROM sbtest6 WHERE id BETWEEN 940691 AND 940791
	Index Scan using sbtest6_pkey on sbtest6  (cost=0.43..379.74 rows=96 width=125)
	  Index Cond: ((id >= 940691) AND (id <= 940791))

table 7 : explain SELECT id, c FROM sbtest7 WHERE id BETWEEN 940691 AND 940791
	Index Scan using sbtest7_pkey on sbtest7  (cost=0.43..421.71 rows=107 width=125)
	  Index Cond: ((id >= 940691) AND (id <= 940791))

table 8 : explain SELECT id, c FROM sbtest8 WHERE id BETWEEN 940691 AND 940791
	Index Scan using sbtest8_pkey on sbtest8  (cost=0.43..402.70 rows=102 width=125)
	  Index Cond: ((id >= 940691) AND (id <= 940791))

explain: for range-notcovered :: explain SELECT id, c FROM sbtest%d WHERE id BETWEEN 940691 AND 940791
for range-notcovered
table 1 : explain SELECT id, c FROM sbtest1 WHERE id BETWEEN 8512659 AND 8512759
	Index Scan using sbtest1_pkey on sbtest1  (cost=0.43..392.56 rows=99 width=125)
	  Index Cond: ((id >= 8512659) AND (id <= 8512759))

table 2 : explain SELECT id, c FROM sbtest2 WHERE id BETWEEN 8512659 AND 8512759
	Index Scan using sbtest2_pkey on sbtest2  (cost=0.43..376.99 rows=95 width=125)
	  Index Cond: ((id >= 8512659) AND (id <= 8512759))

table 3 : explain SELECT id, c FROM sbtest3 WHERE id BETWEEN 8512659 AND 8512759
	Index Scan using sbtest3_pkey on sbtest3  (cost=0.43..410.83 rows=104 width=125)
	  Index Cond: ((id >= 8512659) AND (id <= 8512759))

table 4 : explain SELECT id, c FROM sbtest4 WHERE id BETWEEN 8512659 AND 8512759
	Index Scan using sbtest4_pkey on sbtest4  (cost=0.43..424.24 rows=108 width=125)
	  Index Cond: ((id >= 8512659) AND (id <= 8512759))

table 5 : explain SELECT id, c FROM sbtest5 WHERE id BETWEEN 8512659 AND 8512759
	Index Scan using sbtest5_pkey on sbtest5  (cost=0.43..399.65 rows=101 width=125)
	  Index Cond: ((id >= 8512659) AND (id <= 8512759))

table 6 : explain SELECT id, c FROM sbtest6 WHERE id BETWEEN 8512659 AND 8512759
	Index Scan using sbtest6_pkey on sbtest6  (cost=0.43..395.37 rows=100 width=125)
	  Index Cond: ((id >= 8512659) AND (id <= 8512759))

table 7 : explain SELECT id, c FROM sbtest7 WHERE id BETWEEN 8512659 AND 8512759
	Index Scan using sbtest7_pkey on sbtest7  (cost=0.43..374.94 rows=95 width=125)
	  Index Cond: ((id >= 8512659) AND (id <= 8512759))

table 8 : explain SELECT id, c FROM sbtest8 WHERE id BETWEEN 8512659 AND 8512759
	Index Scan using sbtest8_pkey on sbtest8  (cost=0.43..394.89 rows=100 width=125)
	  Index Cond: ((id >= 8512659) AND (id <= 8512759))

explain: for range-notcovered :: explain SELECT id, c FROM sbtest%d WHERE id BETWEEN 8512659 AND 8512759
for range-notcovered
table 1 : explain SELECT id, c FROM sbtest1 WHERE id BETWEEN 1682830 AND 1682930
	Index Scan using sbtest1_pkey on sbtest1  (cost=0.43..423.91 rows=107 width=125)
	  Index Cond: ((id >= 1682830) AND (id <= 1682930))

table 2 : explain SELECT id, c FROM sbtest2 WHERE id BETWEEN 1682830 AND 1682930
	Index Scan using sbtest2_pkey on sbtest2  (cost=0.43..380.91 rows=96 width=125)
	  Index Cond: ((id >= 1682830) AND (id <= 1682930))

table 3 : explain SELECT id, c FROM sbtest3 WHERE id BETWEEN 1682830 AND 1682930
	Index Scan using sbtest3_pkey on sbtest3  (cost=0.43..391.30 rows=99 width=125)
	  Index Cond: ((id >= 1682830) AND (id <= 1682930))

table 4 : explain SELECT id, c FROM sbtest4 WHERE id BETWEEN 1682830 AND 1682930
	Index Scan using sbtest4_pkey on sbtest4  (cost=0.43..420.36 rows=107 width=125)
	  Index Cond: ((id >= 1682830) AND (id <= 1682930))

table 5 : explain SELECT id, c FROM sbtest5 WHERE id BETWEEN 1682830 AND 1682930
	Index Scan using sbtest5_pkey on sbtest5  (cost=0.43..403.57 rows=102 width=125)
	  Index Cond: ((id >= 1682830) AND (id <= 1682930))

table 6 : explain SELECT id, c FROM sbtest6 WHERE id BETWEEN 1682830 AND 1682930
	Index Scan using sbtest6_pkey on sbtest6  (cost=0.43..379.74 rows=96 width=125)
	  Index Cond: ((id >= 1682830) AND (id <= 1682930))

table 7 : explain SELECT id, c FROM sbtest7 WHERE id BETWEEN 1682830 AND 1682930
	Index Scan using sbtest7_pkey on sbtest7  (cost=0.43..386.63 rows=98 width=125)
	  Index Cond: ((id >= 1682830) AND (id <= 1682930))

table 8 : explain SELECT id, c FROM sbtest8 WHERE id BETWEEN 1682830 AND 1682930
	Index Scan using sbtest8_pkey on sbtest8  (cost=0.43..363.67 rows=92 width=125)
	  Index Cond: ((id >= 1682830) AND (id <= 1682930))

explain: for range-notcovered :: explain SELECT id, c FROM sbtest%d WHERE id BETWEEN 1682830 AND 1682930
for range-notcovered
table 1 : explain SELECT id, c FROM sbtest1 WHERE id BETWEEN 2228892 AND 2228992
	Index Scan using sbtest1_pkey on sbtest1  (cost=0.43..419.99 rows=106 width=125)
	  Index Cond: ((id >= 2228892) AND (id <= 2228992))

table 2 : explain SELECT id, c FROM sbtest2 WHERE id BETWEEN 2228892 AND 2228992
	Index Scan using sbtest2_pkey on sbtest2  (cost=0.43..431.86 rows=109 width=125)
	  Index Cond: ((id >= 2228892) AND (id <= 2228992))

table 3 : explain SELECT id, c FROM sbtest3 WHERE id BETWEEN 2228892 AND 2228992
	Index Scan using sbtest3_pkey on sbtest3  (cost=0.43..426.45 rows=108 width=125)
	  Index Cond: ((id >= 2228892) AND (id <= 2228992))

table 4 : explain SELECT id, c FROM sbtest4 WHERE id BETWEEN 2228892 AND 2228992
	Index Scan using sbtest4_pkey on sbtest4  (cost=0.43..420.36 rows=107 width=125)
	  Index Cond: ((id >= 2228892) AND (id <= 2228992))

table 5 : explain SELECT id, c FROM sbtest5 WHERE id BETWEEN 2228892 AND 2228992
	Index Scan using sbtest5_pkey on sbtest5  (cost=0.43..411.39 rows=104 width=125)
	  Index Cond: ((id >= 2228892) AND (id <= 2228992))

table 6 : explain SELECT id, c FROM sbtest6 WHERE id BETWEEN 2228892 AND 2228992
	Index Scan using sbtest6_pkey on sbtest6  (cost=0.43..383.65 rows=97 width=125)
	  Index Cond: ((id >= 2228892) AND (id <= 2228992))

table 7 : explain SELECT id, c FROM sbtest7 WHERE id BETWEEN 2228892 AND 2228992
	Index Scan using sbtest7_pkey on sbtest7  (cost=0.43..441.20 rows=112 width=125)
	  Index Cond: ((id >= 2228892) AND (id <= 2228992))

table 8 : explain SELECT id, c FROM sbtest8 WHERE id BETWEEN 2228892 AND 2228992
	Index Scan using sbtest8_pkey on sbtest8  (cost=0.43..414.41 rows=105 width=125)
	  Index Cond: ((id >= 2228892) AND (id <= 2228992))

for range-notcovered
table 1 : explain SELECT id, c FROM sbtest1 WHERE id BETWEEN 3804969 AND 3805069
	Index Scan using sbtest1_pkey on sbtest1  (cost=0.43..451.34 rows=114 width=125)
	  Index Cond: ((id >= 3804969) AND (id <= 3805069))

table 2 : explain SELECT id, c FROM sbtest2 WHERE id BETWEEN 3804969 AND 3805069
	Index Scan using sbtest2_pkey on sbtest2  (cost=0.43..400.50 rows=101 width=125)
	  Index Cond: ((id >= 3804969) AND (id <= 3805069))

table 3 : explain SELECT id, c FROM sbtest3 WHERE id BETWEEN 3804969 AND 3805069
	Index Scan using sbtest3_pkey on sbtest3  (cost=0.43..457.70 rows=116 width=125)
	  Index Cond: ((id >= 3804969) AND (id <= 3805069))

table 4 : explain SELECT id, c FROM sbtest4 WHERE id BETWEEN 3804969 AND 3805069
	Index Scan using sbtest4_pkey on sbtest4  (cost=0.43..420.36 rows=107 width=125)
	  Index Cond: ((id >= 3804969) AND (id <= 3805069))

table 5 : explain SELECT id, c FROM sbtest5 WHERE id BETWEEN 3804969 AND 3805069
	Index Scan using sbtest5_pkey on sbtest5  (cost=0.43..430.94 rows=109 width=125)
	  Index Cond: ((id >= 3804969) AND (id <= 3805069))

table 6 : explain SELECT id, c FROM sbtest6 WHERE id BETWEEN 3804969 AND 3805069
	Index Scan using sbtest6_pkey on sbtest6  (cost=0.43..403.19 rows=102 width=125)
	  Index Cond: ((id >= 3804969) AND (id <= 3805069))

table 7 : explain SELECT id, c FROM sbtest7 WHERE id BETWEEN 3804969 AND 3805069
	Index Scan using sbtest7_pkey on sbtest7  (cost=0.43..402.22 rows=102 width=125)
	  Index Cond: ((id >= 3804969) AND (id <= 3805069))

table 8 : explain SELECT id, c FROM sbtest8 WHERE id BETWEEN 3804969 AND 3805069
	Index Scan using sbtest8_pkey on sbtest8  (cost=0.43..355.87 rows=90 width=125)
	  Index Cond: ((id >= 3804969) AND (id <= 3805069))

for range-notcovered
table 1 : explain SELECT id, c FROM sbtest1 WHERE id BETWEEN 940691 AND 940791
	Index Scan using sbtest1_pkey on sbtest1  (cost=0.43..388.64 rows=98 width=125)
	  Index Cond: ((id >= 940691) AND (id <= 940791))

table 2 : explain SELECT id, c FROM sbtest2 WHERE id BETWEEN 940691 AND 940791
	Index Scan using sbtest2_pkey on sbtest2  (cost=0.43..443.62 rows=112 width=125)
	  Index Cond: ((id >= 940691) AND (id <= 940791))

table 3 : explain SELECT id, c FROM sbtest3 WHERE id BETWEEN 940691 AND 940791
	Index Scan using sbtest3_pkey on sbtest3  (cost=0.43..422.55 rows=107 width=125)
	  Index Cond: ((id >= 940691) AND (id <= 940791))

table 4 : explain SELECT id, c FROM sbtest4 WHERE id BETWEEN 940691 AND 940791
	Index Scan using sbtest4_pkey on sbtest4  (cost=0.43..404.82 rows=103 width=125)
	  Index Cond: ((id >= 940691) AND (id <= 940791))

table 5 : explain SELECT id, c FROM sbtest5 WHERE id BETWEEN 940691 AND 940791
	Index Scan using sbtest5_pkey on sbtest5  (cost=0.43..384.01 rows=97 width=125)
	  Index Cond: ((id >= 940691) AND (id <= 940791))

table 6 : explain SELECT id, c FROM sbtest6 WHERE id BETWEEN 940691 AND 940791
	Index Scan using sbtest6_pkey on sbtest6  (cost=0.43..379.74 rows=96 width=125)
	  Index Cond: ((id >= 940691) AND (id <= 940791))

table 7 : explain SELECT id, c FROM sbtest7 WHERE id BETWEEN 940691 AND 940791
	Index Scan using sbtest7_pkey on sbtest7  (cost=0.43..421.71 rows=107 width=125)
	  Index Cond: ((id >= 940691) AND (id <= 940791))

table 8 : explain SELECT id, c FROM sbtest8 WHERE id BETWEEN 940691 AND 940791
	Index Scan using sbtest8_pkey on sbtest8  (cost=0.43..402.70 rows=102 width=125)
	  Index Cond: ((id >= 940691) AND (id <= 940791))

explain: for range-notcovered :: explain SELECT id, c FROM sbtest%d WHERE id BETWEEN 940691 AND 940791
for range-notcovered
table 1 : explain SELECT id, c FROM sbtest1 WHERE id BETWEEN 3405142 AND 3405242
	Index Scan using sbtest1_pkey on sbtest1  (cost=0.43..392.56 rows=99 width=125)
	  Index Cond: ((id >= 3405142) AND (id <= 3405242))

table 2 : explain SELECT id, c FROM sbtest2 WHERE id BETWEEN 3405142 AND 3405242
	Index Scan using sbtest2_pkey on sbtest2  (cost=0.43..384.83 rows=97 width=125)
	  Index Cond: ((id >= 3405142) AND (id <= 3405242))

table 3 : explain SELECT id, c FROM sbtest3 WHERE id BETWEEN 3405142 AND 3405242
	Index Scan using sbtest3_pkey on sbtest3  (cost=0.43..399.11 rows=101 width=125)
	  Index Cond: ((id >= 3405142) AND (id <= 3405242))

table 4 : explain SELECT id, c FROM sbtest4 WHERE id BETWEEN 3405142 AND 3405242
	Index Scan using sbtest4_pkey on sbtest4  (cost=0.43..408.70 rows=104 width=125)
	  Index Cond: ((id >= 3405142) AND (id <= 3405242))

table 5 : explain SELECT id, c FROM sbtest5 WHERE id BETWEEN 3405142 AND 3405242
	Index Scan using sbtest5_pkey on sbtest5  (cost=0.43..399.65 rows=101 width=125)
	  Index Cond: ((id >= 3405142) AND (id <= 3405242))

table 6 : explain SELECT id, c FROM sbtest6 WHERE id BETWEEN 3405142 AND 3405242
	Index Scan using sbtest6_pkey on sbtest6  (cost=0.43..403.19 rows=102 width=125)
	  Index Cond: ((id >= 3405142) AND (id <= 3405242))

table 7 : explain SELECT id, c FROM sbtest7 WHERE id BETWEEN 3405142 AND 3405242
	Index Scan using sbtest7_pkey on sbtest7  (cost=0.43..413.92 rows=105 width=125)
	  Index Cond: ((id >= 3405142) AND (id <= 3405242))

table 8 : explain SELECT id, c FROM sbtest8 WHERE id BETWEEN 3405142 AND 3405242
	Index Scan using sbtest8_pkey on sbtest8  (cost=0.43..402.70 rows=102 width=125)
	  Index Cond: ((id >= 3405142) AND (id <= 3405242))

explain: for range-notcovered :: explain SELECT id, c FROM sbtest%d WHERE id BETWEEN 3804969 AND 3805069
explain: for range-notcovered :: explain SELECT id, c FROM sbtest%d WHERE id BETWEEN 3405142 AND 3405242
for range-notcovered
table 1 : explain SELECT id, c FROM sbtest1 WHERE id BETWEEN 1682830 AND 1682930
	Index Scan using sbtest1_pkey on sbtest1  (cost=0.43..423.91 rows=107 width=125)
	  Index Cond: ((id >= 1682830) AND (id <= 1682930))

table 2 : explain SELECT id, c FROM sbtest2 WHERE id BETWEEN 1682830 AND 1682930
	Index Scan using sbtest2_pkey on sbtest2  (cost=0.43..380.91 rows=96 width=125)
	  Index Cond: ((id >= 1682830) AND (id <= 1682930))

table 3 : explain SELECT id, c FROM sbtest3 WHERE id BETWEEN 1682830 AND 1682930
	Index Scan using sbtest3_pkey on sbtest3  (cost=0.43..391.30 rows=99 width=125)
	  Index Cond: ((id >= 1682830) AND (id <= 1682930))

table 4 : explain SELECT id, c FROM sbtest4 WHERE id BETWEEN 1682830 AND 1682930
	Index Scan using sbtest4_pkey on sbtest4  (cost=0.43..420.36 rows=107 width=125)
	  Index Cond: ((id >= 1682830) AND (id <= 1682930))

table 5 : explain SELECT id, c FROM sbtest5 WHERE id BETWEEN 1682830 AND 1682930
	Index Scan using sbtest5_pkey on sbtest5  (cost=0.43..403.57 rows=102 width=125)
	  Index Cond: ((id >= 1682830) AND (id <= 1682930))

table 6 : explain SELECT id, c FROM sbtest6 WHERE id BETWEEN 1682830 AND 1682930
	Index Scan using sbtest6_pkey on sbtest6  (cost=0.43..379.74 rows=96 width=125)
	  Index Cond: ((id >= 1682830) AND (id <= 1682930))

table 7 : explain SELECT id, c FROM sbtest7 WHERE id BETWEEN 1682830 AND 1682930
	Index Scan using sbtest7_pkey on sbtest7  (cost=0.43..386.63 rows=98 width=125)
	  Index Cond: ((id >= 1682830) AND (id <= 1682930))

table 8 : explain SELECT id, c FROM sbtest8 WHERE id BETWEEN 1682830 AND 1682930
	Index Scan using sbtest8_pkey on sbtest8  (cost=0.43..363.67 rows=92 width=125)
	  Index Cond: ((id >= 1682830) AND (id <= 1682930))

explain: for range-notcovered :: explain SELECT id, c FROM sbtest%d WHERE id BETWEEN 1682830 AND 1682930
for range-notcovered
table 1 : explain SELECT id, c FROM sbtest1 WHERE id BETWEEN 3804969 AND 3805069
	Index Scan using sbtest1_pkey on sbtest1  (cost=0.43..451.34 rows=114 width=125)
	  Index Cond: ((id >= 3804969) AND (id <= 3805069))

table 2 : explain SELECT id, c FROM sbtest2 WHERE id BETWEEN 3804969 AND 3805069
	Index Scan using sbtest2_pkey on sbtest2  (cost=0.43..400.50 rows=101 width=125)
	  Index Cond: ((id >= 3804969) AND (id <= 3805069))

table 3 : explain SELECT id, c FROM sbtest3 WHERE id BETWEEN 3804969 AND 3805069
	Index Scan using sbtest3_pkey on sbtest3  (cost=0.43..457.70 rows=116 width=125)
	  Index Cond: ((id >= 3804969) AND (id <= 3805069))

table 4 : explain SELECT id, c FROM sbtest4 WHERE id BETWEEN 3804969 AND 3805069
	Index Scan using sbtest4_pkey on sbtest4  (cost=0.43..420.36 rows=107 width=125)
	  Index Cond: ((id >= 3804969) AND (id <= 3805069))

table 5 : explain SELECT id, c FROM sbtest5 WHERE id BETWEEN 3804969 AND 3805069
	Index Scan using sbtest5_pkey on sbtest5  (cost=0.43..430.94 rows=109 width=125)
	  Index Cond: ((id >= 3804969) AND (id <= 3805069))

table 6 : explain SELECT id, c FROM sbtest6 WHERE id BETWEEN 3804969 AND 3805069
	Index Scan using sbtest6_pkey on sbtest6  (cost=0.43..403.19 rows=102 width=125)
	  Index Cond: ((id >= 3804969) AND (id <= 3805069))

table 7 : explain SELECT id, c FROM sbtest7 WHERE id BETWEEN 3804969 AND 3805069
	Index Scan using sbtest7_pkey on sbtest7  (cost=0.43..402.22 rows=102 width=125)
	  Index Cond: ((id >= 3804969) AND (id <= 3805069))

table 8 : explain SELECT id, c FROM sbtest8 WHERE id BETWEEN 3804969 AND 3805069
	Index Scan using sbtest8_pkey on sbtest8  (cost=0.43..355.87 rows=90 width=125)
	  Index Cond: ((id >= 3804969) AND (id <= 3805069))

explain: for range-notcovered :: explain SELECT id, c FROM sbtest%d WHERE id BETWEEN 3804969 AND 3805069
for range-notcovered
table 1 : explain SELECT id, c FROM sbtest1 WHERE id BETWEEN 8512659 AND 8512759
	Index Scan using sbtest1_pkey on sbtest1  (cost=0.43..392.56 rows=99 width=125)
	  Index Cond: ((id >= 8512659) AND (id <= 8512759))

table 2 : explain SELECT id, c FROM sbtest2 WHERE id BETWEEN 8512659 AND 8512759
	Index Scan using sbtest2_pkey on sbtest2  (cost=0.43..376.99 rows=95 width=125)
	  Index Cond: ((id >= 8512659) AND (id <= 8512759))

table 3 : explain SELECT id, c FROM sbtest3 WHERE id BETWEEN 8512659 AND 8512759
	Index Scan using sbtest3_pkey on sbtest3  (cost=0.43..410.83 rows=104 width=125)
	  Index Cond: ((id >= 8512659) AND (id <= 8512759))

table 4 : explain SELECT id, c FROM sbtest4 WHERE id BETWEEN 8512659 AND 8512759
	Index Scan using sbtest4_pkey on sbtest4  (cost=0.43..424.24 rows=108 width=125)
	  Index Cond: ((id >= 8512659) AND (id <= 8512759))

table 5 : explain SELECT id, c FROM sbtest5 WHERE id BETWEEN 8512659 AND 8512759
	Index Scan using sbtest5_pkey on sbtest5  (cost=0.43..399.65 rows=101 width=125)
	  Index Cond: ((id >= 8512659) AND (id <= 8512759))

table 6 : explain SELECT id, c FROM sbtest6 WHERE id BETWEEN 8512659 AND 8512759
	Index Scan using sbtest6_pkey on sbtest6  (cost=0.43..395.37 rows=100 width=125)
	  Index Cond: ((id >= 8512659) AND (id <= 8512759))

table 7 : explain SELECT id, c FROM sbtest7 WHERE id BETWEEN 8512659 AND 8512759
	Index Scan using sbtest7_pkey on sbtest7  (cost=0.43..374.94 rows=95 width=125)
	  Index Cond: ((id >= 8512659) AND (id <= 8512759))

table 8 : explain SELECT id, c FROM sbtest8 WHERE id BETWEEN 8512659 AND 8512759
	Index Scan using sbtest8_pkey on sbtest8  (cost=0.43..394.89 rows=100 width=125)
	  Index Cond: ((id >= 8512659) AND (id <= 8512759))

explain: for range-notcovered :: explain SELECT id, c FROM sbtest%d WHERE id BETWEEN 8512659 AND 8512759
for range-notcovered
table 1 : explain SELECT id, c FROM sbtest1 WHERE id BETWEEN 6429549 AND 6429649
	Index Scan using sbtest1_pkey on sbtest1  (cost=0.43..388.64 rows=98 width=125)
	  Index Cond: ((id >= 6429549) AND (id <= 6429649))

table 2 : explain SELECT id, c FROM sbtest2 WHERE id BETWEEN 6429549 AND 6429649
	Index Scan using sbtest2_pkey on sbtest2  (cost=0.43..388.75 rows=98 width=125)
	  Index Cond: ((id >= 6429549) AND (id <= 6429649))

table 3 : explain SELECT id, c FROM sbtest3 WHERE id BETWEEN 6429549 AND 6429649
	Index Scan using sbtest3_pkey on sbtest3  (cost=0.43..403.02 rows=102 width=125)
	  Index Cond: ((id >= 6429549) AND (id <= 6429649))

table 4 : explain SELECT id, c FROM sbtest4 WHERE id BETWEEN 6429549 AND 6429649
	Index Scan using sbtest4_pkey on sbtest4  (cost=0.43..381.51 rows=97 width=125)
	  Index Cond: ((id >= 6429549) AND (id <= 6429649))

table 5 : explain SELECT id, c FROM sbtest5 WHERE id BETWEEN 6429549 AND 6429649
	Index Scan using sbtest5_pkey on sbtest5  (cost=0.43..430.94 rows=109 width=125)
	  Index Cond: ((id >= 6429549) AND (id <= 6429649))

table 6 : explain SELECT id, c FROM sbtest6 WHERE id BETWEEN 6429549 AND 6429649
	Index Scan using sbtest6_pkey on sbtest6  (cost=0.43..422.73 rows=107 width=125)
	  Index Cond: ((id >= 6429549) AND (id <= 6429649))

table 7 : explain SELECT id, c FROM sbtest7 WHERE id BETWEEN 6429549 AND 6429649
	Index Scan using sbtest7_pkey on sbtest7  (cost=0.43..382.73 rows=97 width=125)
	  Index Cond: ((id >= 6429549) AND (id <= 6429649))

table 8 : explain SELECT id, c FROM sbtest8 WHERE id BETWEEN 6429549 AND 6429649
	Index Scan using sbtest8_pkey on sbtest8  (cost=0.43..383.19 rows=97 width=125)
	  Index Cond: ((id >= 6429549) AND (id <= 6429649))

for range-notcovered
table 1 : explain SELECT id, c FROM sbtest1 WHERE id BETWEEN 1682830 AND 1682930
	Index Scan using sbtest1_pkey on sbtest1  (cost=0.43..423.91 rows=107 width=125)
	  Index Cond: ((id >= 1682830) AND (id <= 1682930))

table 2 : explain SELECT id, c FROM sbtest2 WHERE id BETWEEN 1682830 AND 1682930
	Index Scan using sbtest2_pkey on sbtest2  (cost=0.43..380.91 rows=96 width=125)
	  Index Cond: ((id >= 1682830) AND (id <= 1682930))

table 3 : explain SELECT id, c FROM sbtest3 WHERE id BETWEEN 1682830 AND 1682930
	Index Scan using sbtest3_pkey on sbtest3  (cost=0.43..391.30 rows=99 width=125)
	  Index Cond: ((id >= 1682830) AND (id <= 1682930))

table 4 : explain SELECT id, c FROM sbtest4 WHERE id BETWEEN 1682830 AND 1682930
	Index Scan using sbtest4_pkey on sbtest4  (cost=0.43..420.36 rows=107 width=125)
	  Index Cond: ((id >= 1682830) AND (id <= 1682930))

table 5 : explain SELECT id, c FROM sbtest5 WHERE id BETWEEN 1682830 AND 1682930
	Index Scan using sbtest5_pkey on sbtest5  (cost=0.43..403.57 rows=102 width=125)
	  Index Cond: ((id >= 1682830) AND (id <= 1682930))

table 6 : explain SELECT id, c FROM sbtest6 WHERE id BETWEEN 1682830 AND 1682930
	Index Scan using sbtest6_pkey on sbtest6  (cost=0.43..379.74 rows=96 width=125)
	  Index Cond: ((id >= 1682830) AND (id <= 1682930))

table 7 : explain SELECT id, c FROM sbtest7 WHERE id BETWEEN 1682830 AND 1682930
	Index Scan using sbtest7_pkey on sbtest7  (cost=0.43..386.63 rows=98 width=125)
	  Index Cond: ((id >= 1682830) AND (id <= 1682930))

table 8 : explain SELECT id, c FROM sbtest8 WHERE id BETWEEN 1682830 AND 1682930
	Index Scan using sbtest8_pkey on sbtest8  (cost=0.43..363.67 rows=92 width=125)
	  Index Cond: ((id >= 1682830) AND (id <= 1682930))

explain: for range-notcovered :: explain SELECT id, c FROM sbtest%d WHERE id BETWEEN 6429549 AND 6429649
explain: for range-notcovered :: explain SELECT id, c FROM sbtest%d WHERE id BETWEEN 1682830 AND 1682930
for range-notcovered
table 1 : explain SELECT id, c FROM sbtest1 WHERE id BETWEEN 940691 AND 940791
	Index Scan using sbtest1_pkey on sbtest1  (cost=0.43..388.64 rows=98 width=125)
	  Index Cond: ((id >= 940691) AND (id <= 940791))

table 2 : explain SELECT id, c FROM sbtest2 WHERE id BETWEEN 940691 AND 940791
	Index Scan using sbtest2_pkey on sbtest2  (cost=0.43..443.62 rows=112 width=125)
	  Index Cond: ((id >= 940691) AND (id <= 940791))

table 3 : explain SELECT id, c FROM sbtest3 WHERE id BETWEEN 940691 AND 940791
	Index Scan using sbtest3_pkey on sbtest3  (cost=0.43..422.55 rows=107 width=125)
	  Index Cond: ((id >= 940691) AND (id <= 940791))

table 4 : explain SELECT id, c FROM sbtest4 WHERE id BETWEEN 940691 AND 940791
	Index Scan using sbtest4_pkey on sbtest4  (cost=0.43..404.82 rows=103 width=125)
	  Index Cond: ((id >= 940691) AND (id <= 940791))

table 5 : explain SELECT id, c FROM sbtest5 WHERE id BETWEEN 940691 AND 940791
	Index Scan using sbtest5_pkey on sbtest5  (cost=0.43..384.01 rows=97 width=125)
	  Index Cond: ((id >= 940691) AND (id <= 940791))

table 6 : explain SELECT id, c FROM sbtest6 WHERE id BETWEEN 940691 AND 940791
	Index Scan using sbtest6_pkey on sbtest6  (cost=0.43..379.74 rows=96 width=125)
	  Index Cond: ((id >= 940691) AND (id <= 940791))

table 7 : explain SELECT id, c FROM sbtest7 WHERE id BETWEEN 940691 AND 940791
	Index Scan using sbtest7_pkey on sbtest7  (cost=0.43..421.71 rows=107 width=125)
	  Index Cond: ((id >= 940691) AND (id <= 940791))

table 8 : explain SELECT id, c FROM sbtest8 WHERE id BETWEEN 940691 AND 940791
	Index Scan using sbtest8_pkey on sbtest8  (cost=0.43..402.70 rows=102 width=125)
	  Index Cond: ((id >= 940691) AND (id <= 940791))

for range-notcovered
table 1 : explain SELECT id, c FROM sbtest1 WHERE id BETWEEN 3987397 AND 3987497
	Index Scan using sbtest1_pkey on sbtest1  (cost=0.43..439.58 rows=111 width=125)
	  Index Cond: ((id >= 3987397) AND (id <= 3987497))

table 2 : explain SELECT id, c FROM sbtest2 WHERE id BETWEEN 3987397 AND 3987497
	Index Scan using sbtest2_pkey on sbtest2  (cost=0.43..404.42 rows=102 width=125)
	  Index Cond: ((id >= 3987397) AND (id <= 3987497))

table 3 : explain SELECT id, c FROM sbtest3 WHERE id BETWEEN 3987397 AND 3987497
	Index Scan using sbtest3_pkey on sbtest3  (cost=0.43..383.49 rows=97 width=125)
	  Index Cond: ((id >= 3987397) AND (id <= 3987497))

table 4 : explain SELECT id, c FROM sbtest4 WHERE id BETWEEN 3987397 AND 3987497
	Index Scan using sbtest4_pkey on sbtest4  (cost=0.43..389.28 rows=99 width=125)
	  Index Cond: ((id >= 3987397) AND (id <= 3987497))

table 5 : explain SELECT id, c FROM sbtest5 WHERE id BETWEEN 3987397 AND 3987497
	Index Scan using sbtest5_pkey on sbtest5  (cost=0.43..399.65 rows=101 width=125)
	  Index Cond: ((id >= 3987397) AND (id <= 3987497))

table 6 : explain SELECT id, c FROM sbtest6 WHERE id BETWEEN 3987397 AND 3987497
	Index Scan using sbtest6_pkey on sbtest6  (cost=0.43..418.82 rows=106 width=125)
	  Index Cond: ((id >= 3987397) AND (id <= 3987497))

table 7 : explain SELECT id, c FROM sbtest7 WHERE id BETWEEN 3987397 AND 3987497
	Index Scan using sbtest7_pkey on sbtest7  (cost=0.43..410.02 rows=104 width=125)
	  Index Cond: ((id >= 3987397) AND (id <= 3987497))

table 8 : explain SELECT id, c FROM sbtest8 WHERE id BETWEEN 3987397 AND 3987497
	Index Scan using sbtest8_pkey on sbtest8  (cost=0.43..422.21 rows=107 width=125)
	  Index Cond: ((id >= 3987397) AND (id <= 3987497))

explain: for range-notcovered :: explain SELECT id, c FROM sbtest%d WHERE id BETWEEN 940691 AND 940791
for range-notcovered
table 1 : explain SELECT id, c FROM sbtest1 WHERE id BETWEEN 3804969 AND 3805069
	Index Scan using sbtest1_pkey on sbtest1  (cost=0.43..451.34 rows=114 width=125)
	  Index Cond: ((id >= 3804969) AND (id <= 3805069))

table 2 : explain SELECT id, c FROM sbtest2 WHERE id BETWEEN 3804969 AND 3805069
	Index Scan using sbtest2_pkey on sbtest2  (cost=0.43..400.50 rows=101 width=125)
	  Index Cond: ((id >= 3804969) AND (id <= 3805069))

table 3 : explain SELECT id, c FROM sbtest3 WHERE id BETWEEN 3804969 AND 3805069
	Index Scan using sbtest3_pkey on sbtest3  (cost=0.43..457.70 rows=116 width=125)
	  Index Cond: ((id >= 3804969) AND (id <= 3805069))

table 4 : explain SELECT id, c FROM sbtest4 WHERE id BETWEEN 3804969 AND 3805069
	Index Scan using sbtest4_pkey on sbtest4  (cost=0.43..420.36 rows=107 width=125)
	  Index Cond: ((id >= 3804969) AND (id <= 3805069))

table 5 : explain SELECT id, c FROM sbtest5 WHERE id BETWEEN 3804969 AND 3805069
	Index Scan using sbtest5_pkey on sbtest5  (cost=0.43..430.94 rows=109 width=125)
	  Index Cond: ((id >= 3804969) AND (id <= 3805069))

table 6 : explain SELECT id, c FROM sbtest6 WHERE id BETWEEN 3804969 AND 3805069
	Index Scan using sbtest6_pkey on sbtest6  (cost=0.43..403.19 rows=102 width=125)
	  Index Cond: ((id >= 3804969) AND (id <= 3805069))

table 7 : explain SELECT id, c FROM sbtest7 WHERE id BETWEEN 3804969 AND 3805069
	Index Scan using sbtest7_pkey on sbtest7  (cost=0.43..402.22 rows=102 width=125)
	  Index Cond: ((id >= 3804969) AND (id <= 3805069))

table 8 : explain SELECT id, c FROM sbtest8 WHERE id BETWEEN 3804969 AND 3805069
	Index Scan using sbtest8_pkey on sbtest8  (cost=0.43..355.87 rows=90 width=125)
	  Index Cond: ((id >= 3804969) AND (id <= 3805069))

explain: for range-notcovered :: explain SELECT id, c FROM sbtest%d WHERE id BETWEEN 3804969 AND 3805069
explain: for range-notcovered :: explain SELECT id, c FROM sbtest%d WHERE id BETWEEN 8027229 AND 8027329
for range-notcovered
table 1 : explain SELECT id, c FROM sbtest1 WHERE id BETWEEN 3405142 AND 3405242
	Index Scan using sbtest1_pkey on sbtest1  (cost=0.43..392.56 rows=99 width=125)
	  Index Cond: ((id >= 3405142) AND (id <= 3405242))

table 2 : explain SELECT id, c FROM sbtest2 WHERE id BETWEEN 3405142 AND 3405242
	Index Scan using sbtest2_pkey on sbtest2  (cost=0.43..384.83 rows=97 width=125)
	  Index Cond: ((id >= 3405142) AND (id <= 3405242))

table 3 : explain SELECT id, c FROM sbtest3 WHERE id BETWEEN 3405142 AND 3405242
	Index Scan using sbtest3_pkey on sbtest3  (cost=0.43..399.11 rows=101 width=125)
	  Index Cond: ((id >= 3405142) AND (id <= 3405242))

table 4 : explain SELECT id, c FROM sbtest4 WHERE id BETWEEN 3405142 AND 3405242
	Index Scan using sbtest4_pkey on sbtest4  (cost=0.43..408.70 rows=104 width=125)
	  Index Cond: ((id >= 3405142) AND (id <= 3405242))

table 5 : explain SELECT id, c FROM sbtest5 WHERE id BETWEEN 3405142 AND 3405242
	Index Scan using sbtest5_pkey on sbtest5  (cost=0.43..399.65 rows=101 width=125)
	  Index Cond: ((id >= 3405142) AND (id <= 3405242))

table 6 : explain SELECT id, c FROM sbtest6 WHERE id BETWEEN 3405142 AND 3405242
	Index Scan using sbtest6_pkey on sbtest6  (cost=0.43..403.19 rows=102 width=125)
	  Index Cond: ((id >= 3405142) AND (id <= 3405242))

table 7 : explain SELECT id, c FROM sbtest7 WHERE id BETWEEN 3405142 AND 3405242
	Index Scan using sbtest7_pkey on sbtest7  (cost=0.43..413.92 rows=105 width=125)
	  Index Cond: ((id >= 3405142) AND (id <= 3405242))

table 8 : explain SELECT id, c FROM sbtest8 WHERE id BETWEEN 3405142 AND 3405242
	Index Scan using sbtest8_pkey on sbtest8  (cost=0.43..402.70 rows=102 width=125)
	  Index Cond: ((id >= 3405142) AND (id <= 3405242))

for range-notcovered
table 1 : explain SELECT id, c FROM sbtest1 WHERE id BETWEEN 1682830 AND 1682930
	Index Scan using sbtest1_pkey on sbtest1  (cost=0.43..423.91 rows=107 width=125)
	  Index Cond: ((id >= 1682830) AND (id <= 1682930))

table 2 : explain SELECT id, c FROM sbtest2 WHERE id BETWEEN 1682830 AND 1682930
	Index Scan using sbtest2_pkey on sbtest2  (cost=0.43..380.91 rows=96 width=125)
	  Index Cond: ((id >= 1682830) AND (id <= 1682930))

table 3 : explain SELECT id, c FROM sbtest3 WHERE id BETWEEN 1682830 AND 1682930
	Index Scan using sbtest3_pkey on sbtest3  (cost=0.43..391.30 rows=99 width=125)
	  Index Cond: ((id >= 1682830) AND (id <= 1682930))

table 4 : explain SELECT id, c FROM sbtest4 WHERE id BETWEEN 1682830 AND 1682930
	Index Scan using sbtest4_pkey on sbtest4  (cost=0.43..420.36 rows=107 width=125)
	  Index Cond: ((id >= 1682830) AND (id <= 1682930))

table 5 : explain SELECT id, c FROM sbtest5 WHERE id BETWEEN 1682830 AND 1682930
	Index Scan using sbtest5_pkey on sbtest5  (cost=0.43..403.57 rows=102 width=125)
	  Index Cond: ((id >= 1682830) AND (id <= 1682930))

table 6 : explain SELECT id, c FROM sbtest6 WHERE id BETWEEN 1682830 AND 1682930
	Index Scan using sbtest6_pkey on sbtest6  (cost=0.43..379.74 rows=96 width=125)
	  Index Cond: ((id >= 1682830) AND (id <= 1682930))

table 7 : explain SELECT id, c FROM sbtest7 WHERE id BETWEEN 1682830 AND 1682930
	Index Scan using sbtest7_pkey on sbtest7  (cost=0.43..386.63 rows=98 width=125)
	  Index Cond: ((id >= 1682830) AND (id <= 1682930))

table 8 : explain SELECT id, c FROM sbtest8 WHERE id BETWEEN 1682830 AND 1682930
	Index Scan using sbtest8_pkey on sbtest8  (cost=0.43..363.67 rows=92 width=125)
	  Index Cond: ((id >= 1682830) AND (id <= 1682930))

explain: for range-notcovered :: explain SELECT id, c FROM sbtest%d WHERE id BETWEEN 3405142 AND 3405242
for range-notcovered
table 1 : explain SELECT id, c FROM sbtest1 WHERE id BETWEEN 3804969 AND 3805069
	Index Scan using sbtest1_pkey on sbtest1  (cost=0.43..451.34 rows=114 width=125)
	  Index Cond: ((id >= 3804969) AND (id <= 3805069))

table 2 : explain SELECT id, c FROM sbtest2 WHERE id BETWEEN 3804969 AND 3805069
	Index Scan using sbtest2_pkey on sbtest2  (cost=0.43..400.50 rows=101 width=125)
	  Index Cond: ((id >= 3804969) AND (id <= 3805069))

table 3 : explain SELECT id, c FROM sbtest3 WHERE id BETWEEN 3804969 AND 3805069
	Index Scan using sbtest3_pkey on sbtest3  (cost=0.43..457.70 rows=116 width=125)
	  Index Cond: ((id >= 3804969) AND (id <= 3805069))

table 4 : explain SELECT id, c FROM sbtest4 WHERE id BETWEEN 3804969 AND 3805069
	Index Scan using sbtest4_pkey on sbtest4  (cost=0.43..420.36 rows=107 width=125)
	  Index Cond: ((id >= 3804969) AND (id <= 3805069))

table 5 : explain SELECT id, c FROM sbtest5 WHERE id BETWEEN 3804969 AND 3805069
	Index Scan using sbtest5_pkey on sbtest5  (cost=0.43..430.94 rows=109 width=125)
	  Index Cond: ((id >= 3804969) AND (id <= 3805069))

table 6 : explain SELECT id, c FROM sbtest6 WHERE id BETWEEN 3804969 AND 3805069
	Index Scan using sbtest6_pkey on sbtest6  (cost=0.43..403.19 rows=102 width=125)
	  Index Cond: ((id >= 3804969) AND (id <= 3805069))

table 7 : explain SELECT id, c FROM sbtest7 WHERE id BETWEEN 3804969 AND 3805069
	Index Scan using sbtest7_pkey on sbtest7  (cost=0.43..402.22 rows=102 width=125)
	  Index Cond: ((id >= 3804969) AND (id <= 3805069))

table 8 : explain SELECT id, c FROM sbtest8 WHERE id BETWEEN 3804969 AND 3805069
	Index Scan using sbtest8_pkey on sbtest8  (cost=0.43..355.87 rows=90 width=125)
	  Index Cond: ((id >= 3804969) AND (id <= 3805069))

explain: for range-notcovered :: explain SELECT id, c FROM sbtest%d WHERE id BETWEEN 3804969 AND 3805069
for range-notcovered
table 1 : explain SELECT id, c FROM sbtest1 WHERE id BETWEEN 8512659 AND 8512759
	Index Scan using sbtest1_pkey on sbtest1  (cost=0.43..392.56 rows=99 width=125)
	  Index Cond: ((id >= 8512659) AND (id <= 8512759))

table 2 : explain SELECT id, c FROM sbtest2 WHERE id BETWEEN 8512659 AND 8512759
	Index Scan using sbtest2_pkey on sbtest2  (cost=0.43..376.99 rows=95 width=125)
	  Index Cond: ((id >= 8512659) AND (id <= 8512759))

table 3 : explain SELECT id, c FROM sbtest3 WHERE id BETWEEN 8512659 AND 8512759
	Index Scan using sbtest3_pkey on sbtest3  (cost=0.43..410.83 rows=104 width=125)
	  Index Cond: ((id >= 8512659) AND (id <= 8512759))

table 4 : explain SELECT id, c FROM sbtest4 WHERE id BETWEEN 8512659 AND 8512759
	Index Scan using sbtest4_pkey on sbtest4  (cost=0.43..424.24 rows=108 width=125)
	  Index Cond: ((id >= 8512659) AND (id <= 8512759))

table 5 : explain SELECT id, c FROM sbtest5 WHERE id BETWEEN 8512659 AND 8512759
	Index Scan using sbtest5_pkey on sbtest5  (cost=0.43..399.65 rows=101 width=125)
	  Index Cond: ((id >= 8512659) AND (id <= 8512759))

table 6 : explain SELECT id, c FROM sbtest6 WHERE id BETWEEN 8512659 AND 8512759
	Index Scan using sbtest6_pkey on sbtest6  (cost=0.43..395.37 rows=100 width=125)
	  Index Cond: ((id >= 8512659) AND (id <= 8512759))

table 7 : explain SELECT id, c FROM sbtest7 WHERE id BETWEEN 8512659 AND 8512759
	Index Scan using sbtest7_pkey on sbtest7  (cost=0.43..374.94 rows=95 width=125)
	  Index Cond: ((id >= 8512659) AND (id <= 8512759))

table 8 : explain SELECT id, c FROM sbtest8 WHERE id BETWEEN 8512659 AND 8512759
	Index Scan using sbtest8_pkey on sbtest8  (cost=0.43..394.89 rows=100 width=125)
	  Index Cond: ((id >= 8512659) AND (id <= 8512759))

explain: for range-notcovered :: explain SELECT id, c FROM sbtest%d WHERE id BETWEEN 3987397 AND 3987497
explain: for range-notcovered :: explain SELECT id, c FROM sbtest%d WHERE id BETWEEN 8512659 AND 8512759
for range-notcovered
table 1 : explain SELECT id, c FROM sbtest1 WHERE id BETWEEN 940691 AND 940791
	Index Scan using sbtest1_pkey on sbtest1  (cost=0.43..388.64 rows=98 width=125)
	  Index Cond: ((id >= 940691) AND (id <= 940791))

table 2 : explain SELECT id, c FROM sbtest2 WHERE id BETWEEN 940691 AND 940791
	Index Scan using sbtest2_pkey on sbtest2  (cost=0.43..443.62 rows=112 width=125)
	  Index Cond: ((id >= 940691) AND (id <= 940791))

table 3 : explain SELECT id, c FROM sbtest3 WHERE id BETWEEN 940691 AND 940791
	Index Scan using sbtest3_pkey on sbtest3  (cost=0.43..422.55 rows=107 width=125)
	  Index Cond: ((id >= 940691) AND (id <= 940791))

table 4 : explain SELECT id, c FROM sbtest4 WHERE id BETWEEN 940691 AND 940791
	Index Scan using sbtest4_pkey on sbtest4  (cost=0.43..404.82 rows=103 width=125)
	  Index Cond: ((id >= 940691) AND (id <= 940791))

table 5 : explain SELECT id, c FROM sbtest5 WHERE id BETWEEN 940691 AND 940791
	Index Scan using sbtest5_pkey on sbtest5  (cost=0.43..384.01 rows=97 width=125)
	  Index Cond: ((id >= 940691) AND (id <= 940791))

table 6 : explain SELECT id, c FROM sbtest6 WHERE id BETWEEN 940691 AND 940791
	Index Scan using sbtest6_pkey on sbtest6  (cost=0.43..379.74 rows=96 width=125)
	  Index Cond: ((id >= 940691) AND (id <= 940791))

table 7 : explain SELECT id, c FROM sbtest7 WHERE id BETWEEN 940691 AND 940791
	Index Scan using sbtest7_pkey on sbtest7  (cost=0.43..421.71 rows=107 width=125)
	  Index Cond: ((id >= 940691) AND (id <= 940791))

table 8 : explain SELECT id, c FROM sbtest8 WHERE id BETWEEN 940691 AND 940791
	Index Scan using sbtest8_pkey on sbtest8  (cost=0.43..402.70 rows=102 width=125)
	  Index Cond: ((id >= 940691) AND (id <= 940791))

explain: for range-notcovered :: explain SELECT id, c FROM sbtest%d WHERE id BETWEEN 940691 AND 940791
for range-notcovered
table 1 : explain SELECT id, c FROM sbtest1 WHERE id BETWEEN 3804969 AND 3805069
	Index Scan using sbtest1_pkey on sbtest1  (cost=0.43..451.34 rows=114 width=125)
	  Index Cond: ((id >= 3804969) AND (id <= 3805069))

table 2 : explain SELECT id, c FROM sbtest2 WHERE id BETWEEN 3804969 AND 3805069
	Index Scan using sbtest2_pkey on sbtest2  (cost=0.43..400.50 rows=101 width=125)
	  Index Cond: ((id >= 3804969) AND (id <= 3805069))

table 3 : explain SELECT id, c FROM sbtest3 WHERE id BETWEEN 3804969 AND 3805069
	Index Scan using sbtest3_pkey on sbtest3  (cost=0.43..457.70 rows=116 width=125)
	  Index Cond: ((id >= 3804969) AND (id <= 3805069))

table 4 : explain SELECT id, c FROM sbtest4 WHERE id BETWEEN 3804969 AND 3805069
	Index Scan using sbtest4_pkey on sbtest4  (cost=0.43..420.36 rows=107 width=125)
	  Index Cond: ((id >= 3804969) AND (id <= 3805069))

table 5 : explain SELECT id, c FROM sbtest5 WHERE id BETWEEN 3804969 AND 3805069
	Index Scan using sbtest5_pkey on sbtest5  (cost=0.43..430.94 rows=109 width=125)
	  Index Cond: ((id >= 3804969) AND (id <= 3805069))

table 6 : explain SELECT id, c FROM sbtest6 WHERE id BETWEEN 3804969 AND 3805069
	Index Scan using sbtest6_pkey on sbtest6  (cost=0.43..403.19 rows=102 width=125)
	  Index Cond: ((id >= 3804969) AND (id <= 3805069))

table 7 : explain SELECT id, c FROM sbtest7 WHERE id BETWEEN 3804969 AND 3805069
	Index Scan using sbtest7_pkey on sbtest7  (cost=0.43..402.22 rows=102 width=125)
	  Index Cond: ((id >= 3804969) AND (id <= 3805069))

table 8 : explain SELECT id, c FROM sbtest8 WHERE id BETWEEN 3804969 AND 3805069
	Index Scan using sbtest8_pkey on sbtest8  (cost=0.43..355.87 rows=90 width=125)
	  Index Cond: ((id >= 3804969) AND (id <= 3805069))

for range-notcovered
table 1 : explain SELECT id, c FROM sbtest1 WHERE id BETWEEN 6429549 AND 6429649
	Index Scan using sbtest1_pkey on sbtest1  (cost=0.43..388.64 rows=98 width=125)
	  Index Cond: ((id >= 6429549) AND (id <= 6429649))

table 2 : explain SELECT id, c FROM sbtest2 WHERE id BETWEEN 6429549 AND 6429649
	Index Scan using sbtest2_pkey on sbtest2  (cost=0.43..388.75 rows=98 width=125)
	  Index Cond: ((id >= 6429549) AND (id <= 6429649))

table 3 : explain SELECT id, c FROM sbtest3 WHERE id BETWEEN 6429549 AND 6429649
	Index Scan using sbtest3_pkey on sbtest3  (cost=0.43..403.02 rows=102 width=125)
	  Index Cond: ((id >= 6429549) AND (id <= 6429649))

table 4 : explain SELECT id, c FROM sbtest4 WHERE id BETWEEN 6429549 AND 6429649
	Index Scan using sbtest4_pkey on sbtest4  (cost=0.43..381.51 rows=97 width=125)
	  Index Cond: ((id >= 6429549) AND (id <= 6429649))

table 5 : explain SELECT id, c FROM sbtest5 WHERE id BETWEEN 6429549 AND 6429649
	Index Scan using sbtest5_pkey on sbtest5  (cost=0.43..430.94 rows=109 width=125)
	  Index Cond: ((id >= 6429549) AND (id <= 6429649))

table 6 : explain SELECT id, c FROM sbtest6 WHERE id BETWEEN 6429549 AND 6429649
	Index Scan using sbtest6_pkey on sbtest6  (cost=0.43..422.73 rows=107 width=125)
	  Index Cond: ((id >= 6429549) AND (id <= 6429649))

table 7 : explain SELECT id, c FROM sbtest7 WHERE id BETWEEN 6429549 AND 6429649
	Index Scan using sbtest7_pkey on sbtest7  (cost=0.43..382.73 rows=97 width=125)
	  Index Cond: ((id >= 6429549) AND (id <= 6429649))

table 8 : explain SELECT id, c FROM sbtest8 WHERE id BETWEEN 6429549 AND 6429649
	Index Scan using sbtest8_pkey on sbtest8  (cost=0.43..383.19 rows=97 width=125)
	  Index Cond: ((id >= 6429549) AND (id <= 6429649))

for range-notcovered
table 1 : explain SELECT id, c FROM sbtest1 WHERE id BETWEEN 3987397 AND 3987497
	Index Scan using sbtest1_pkey on sbtest1  (cost=0.43..439.58 rows=111 width=125)
	  Index Cond: ((id >= 3987397) AND (id <= 3987497))

table 2 : explain SELECT id, c FROM sbtest2 WHERE id BETWEEN 3987397 AND 3987497
	Index Scan using sbtest2_pkey on sbtest2  (cost=0.43..404.42 rows=102 width=125)
	  Index Cond: ((id >= 3987397) AND (id <= 3987497))

table 3 : explain SELECT id, c FROM sbtest3 WHERE id BETWEEN 3987397 AND 3987497
	Index Scan using sbtest3_pkey on sbtest3  (cost=0.43..383.49 rows=97 width=125)
	  Index Cond: ((id >= 3987397) AND (id <= 3987497))

table 4 : explain SELECT id, c FROM sbtest4 WHERE id BETWEEN 3987397 AND 3987497
	Index Scan using sbtest4_pkey on sbtest4  (cost=0.43..389.28 rows=99 width=125)
	  Index Cond: ((id >= 3987397) AND (id <= 3987497))

table 5 : explain SELECT id, c FROM sbtest5 WHERE id BETWEEN 3987397 AND 3987497
	Index Scan using sbtest5_pkey on sbtest5  (cost=0.43..399.65 rows=101 width=125)
	  Index Cond: ((id >= 3987397) AND (id <= 3987497))

table 6 : explain SELECT id, c FROM sbtest6 WHERE id BETWEEN 3987397 AND 3987497
	Index Scan using sbtest6_pkey on sbtest6  (cost=0.43..418.82 rows=106 width=125)
	  Index Cond: ((id >= 3987397) AND (id <= 3987497))

table 7 : explain SELECT id, c FROM sbtest7 WHERE id BETWEEN 3987397 AND 3987497
	Index Scan using sbtest7_pkey on sbtest7  (cost=0.43..410.02 rows=104 width=125)
	  Index Cond: ((id >= 3987397) AND (id <= 3987497))

table 8 : explain SELECT id, c FROM sbtest8 WHERE id BETWEEN 3987397 AND 3987497
	Index Scan using sbtest8_pkey on sbtest8  (cost=0.43..422.21 rows=107 width=125)
	  Index Cond: ((id >= 3987397) AND (id <= 3987497))

explain: for range-notcovered :: explain SELECT id, c FROM sbtest%d WHERE id BETWEEN 3987397 AND 3987497
for range-notcovered
table 1 : explain SELECT id, c FROM sbtest1 WHERE id BETWEEN 3405142 AND 3405242
	Index Scan using sbtest1_pkey on sbtest1  (cost=0.43..392.56 rows=99 width=125)
	  Index Cond: ((id >= 3405142) AND (id <= 3405242))

table 2 : explain SELECT id, c FROM sbtest2 WHERE id BETWEEN 3405142 AND 3405242
	Index Scan using sbtest2_pkey on sbtest2  (cost=0.43..384.83 rows=97 width=125)
	  Index Cond: ((id >= 3405142) AND (id <= 3405242))

table 3 : explain SELECT id, c FROM sbtest3 WHERE id BETWEEN 3405142 AND 3405242
	Index Scan using sbtest3_pkey on sbtest3  (cost=0.43..399.11 rows=101 width=125)
	  Index Cond: ((id >= 3405142) AND (id <= 3405242))

table 4 : explain SELECT id, c FROM sbtest4 WHERE id BETWEEN 3405142 AND 3405242
	Index Scan using sbtest4_pkey on sbtest4  (cost=0.43..408.70 rows=104 width=125)
	  Index Cond: ((id >= 3405142) AND (id <= 3405242))

table 5 : explain SELECT id, c FROM sbtest5 WHERE id BETWEEN 3405142 AND 3405242
	Index Scan using sbtest5_pkey on sbtest5  (cost=0.43..399.65 rows=101 width=125)
	  Index Cond: ((id >= 3405142) AND (id <= 3405242))

table 6 : explain SELECT id, c FROM sbtest6 WHERE id BETWEEN 3405142 AND 3405242
	Index Scan using sbtest6_pkey on sbtest6  (cost=0.43..403.19 rows=102 width=125)
	  Index Cond: ((id >= 3405142) AND (id <= 3405242))

table 7 : explain SELECT id, c FROM sbtest7 WHERE id BETWEEN 3405142 AND 3405242
	Index Scan using sbtest7_pkey on sbtest7  (cost=0.43..413.92 rows=105 width=125)
	  Index Cond: ((id >= 3405142) AND (id <= 3405242))

table 8 : explain SELECT id, c FROM sbtest8 WHERE id BETWEEN 3405142 AND 3405242
	Index Scan using sbtest8_pkey on sbtest8  (cost=0.43..402.70 rows=102 width=125)
	  Index Cond: ((id >= 3405142) AND (id <= 3405242))

explain: for range-notcovered :: explain SELECT id, c FROM sbtest%d WHERE id BETWEEN 6429549 AND 6429649
explain: for range-notcovered :: explain SELECT id, c FROM sbtest%d WHERE id BETWEEN 3405142 AND 3405242
for range-notcovered
table 1 : explain SELECT id, c FROM sbtest1 WHERE id BETWEEN 8298540 AND 8298640
	Index Scan using sbtest1_pkey on sbtest1  (cost=0.43..345.51 rows=87 width=125)
	  Index Cond: ((id >= 8298540) AND (id <= 8298640))

table 2 : explain SELECT id, c FROM sbtest2 WHERE id BETWEEN 8298540 AND 8298640
	Index Scan using sbtest2_pkey on sbtest2  (cost=0.43..384.83 rows=97 width=125)
	  Index Cond: ((id >= 8298540) AND (id <= 8298640))

table 3 : explain SELECT id, c FROM sbtest3 WHERE id BETWEEN 8298540 AND 8298640
	Index Scan using sbtest3_pkey on sbtest3  (cost=0.43..379.58 rows=96 width=125)
	  Index Cond: ((id >= 8298540) AND (id <= 8298640))

table 4 : explain SELECT id, c FROM sbtest4 WHERE id BETWEEN 8298540 AND 8298640
	Index Scan using sbtest4_pkey on sbtest4  (cost=0.43..350.40 rows=89 width=125)
	  Index Cond: ((id >= 8298540) AND (id <= 8298640))

table 5 : explain SELECT id, c FROM sbtest5 WHERE id BETWEEN 8298540 AND 8298640
	Index Scan using sbtest5_pkey on sbtest5  (cost=0.43..391.83 rows=99 width=125)
	  Index Cond: ((id >= 8298540) AND (id <= 8298640))

table 6 : explain SELECT id, c FROM sbtest6 WHERE id BETWEEN 8298540 AND 8298640
	Index Scan using sbtest6_pkey on sbtest6  (cost=0.43..426.63 rows=108 width=125)
	  Index Cond: ((id >= 8298540) AND (id <= 8298640))

table 7 : explain SELECT id, c FROM sbtest7 WHERE id BETWEEN 8298540 AND 8298640
	Index Scan using sbtest7_pkey on sbtest7  (cost=0.43..363.25 rows=92 width=125)
	  Index Cond: ((id >= 8298540) AND (id <= 8298640))

table 8 : explain SELECT id, c FROM sbtest8 WHERE id BETWEEN 8298540 AND 8298640
	Index Scan using sbtest8_pkey on sbtest8  (cost=0.43..375.38 rows=95 width=125)
	  Index Cond: ((id >= 8298540) AND (id <= 8298640))

for range-notcovered
table 1 : explain SELECT id, c FROM sbtest1 WHERE id BETWEEN 940691 AND 940791
	Index Scan using sbtest1_pkey on sbtest1  (cost=0.43..388.64 rows=98 width=125)
	  Index Cond: ((id >= 940691) AND (id <= 940791))

table 2 : explain SELECT id, c FROM sbtest2 WHERE id BETWEEN 940691 AND 940791
	Index Scan using sbtest2_pkey on sbtest2  (cost=0.43..443.62 rows=112 width=125)
	  Index Cond: ((id >= 940691) AND (id <= 940791))

table 3 : explain SELECT id, c FROM sbtest3 WHERE id BETWEEN 940691 AND 940791
	Index Scan using sbtest3_pkey on sbtest3  (cost=0.43..422.55 rows=107 width=125)
	  Index Cond: ((id >= 940691) AND (id <= 940791))

table 4 : explain SELECT id, c FROM sbtest4 WHERE id BETWEEN 940691 AND 940791
	Index Scan using sbtest4_pkey on sbtest4  (cost=0.43..404.82 rows=103 width=125)
	  Index Cond: ((id >= 940691) AND (id <= 940791))

table 5 : explain SELECT id, c FROM sbtest5 WHERE id BETWEEN 940691 AND 940791
	Index Scan using sbtest5_pkey on sbtest5  (cost=0.43..384.01 rows=97 width=125)
	  Index Cond: ((id >= 940691) AND (id <= 940791))

table 6 : explain SELECT id, c FROM sbtest6 WHERE id BETWEEN 940691 AND 940791
	Index Scan using sbtest6_pkey on sbtest6  (cost=0.43..379.74 rows=96 width=125)
	  Index Cond: ((id >= 940691) AND (id <= 940791))

table 7 : explain SELECT id, c FROM sbtest7 WHERE id BETWEEN 940691 AND 940791
	Index Scan using sbtest7_pkey on sbtest7  (cost=0.43..421.71 rows=107 width=125)
	  Index Cond: ((id >= 940691) AND (id <= 940791))

table 8 : explain SELECT id, c FROM sbtest8 WHERE id BETWEEN 940691 AND 940791
	Index Scan using sbtest8_pkey on sbtest8  (cost=0.43..402.70 rows=102 width=125)
	  Index Cond: ((id >= 940691) AND (id <= 940791))

explain: for range-notcovered :: explain SELECT id, c FROM sbtest%d WHERE id BETWEEN 940691 AND 940791
for range-notcovered
table 1 : explain SELECT id, c FROM sbtest1 WHERE id BETWEEN 8512659 AND 8512759
	Index Scan using sbtest1_pkey on sbtest1  (cost=0.43..392.56 rows=99 width=125)
	  Index Cond: ((id >= 8512659) AND (id <= 8512759))

table 2 : explain SELECT id, c FROM sbtest2 WHERE id BETWEEN 8512659 AND 8512759
	Index Scan using sbtest2_pkey on sbtest2  (cost=0.43..376.99 rows=95 width=125)
	  Index Cond: ((id >= 8512659) AND (id <= 8512759))

table 3 : explain SELECT id, c FROM sbtest3 WHERE id BETWEEN 8512659 AND 8512759
	Index Scan using sbtest3_pkey on sbtest3  (cost=0.43..410.83 rows=104 width=125)
	  Index Cond: ((id >= 8512659) AND (id <= 8512759))

table 4 : explain SELECT id, c FROM sbtest4 WHERE id BETWEEN 8512659 AND 8512759
	Index Scan using sbtest4_pkey on sbtest4  (cost=0.43..424.24 rows=108 width=125)
	  Index Cond: ((id >= 8512659) AND (id <= 8512759))

table 5 : explain SELECT id, c FROM sbtest5 WHERE id BETWEEN 8512659 AND 8512759
	Index Scan using sbtest5_pkey on sbtest5  (cost=0.43..399.65 rows=101 width=125)
	  Index Cond: ((id >= 8512659) AND (id <= 8512759))

table 6 : explain SELECT id, c FROM sbtest6 WHERE id BETWEEN 8512659 AND 8512759
	Index Scan using sbtest6_pkey on sbtest6  (cost=0.43..395.37 rows=100 width=125)
	  Index Cond: ((id >= 8512659) AND (id <= 8512759))

table 7 : explain SELECT id, c FROM sbtest7 WHERE id BETWEEN 8512659 AND 8512759
	Index Scan using sbtest7_pkey on sbtest7  (cost=0.43..374.94 rows=95 width=125)
	  Index Cond: ((id >= 8512659) AND (id <= 8512759))

table 8 : explain SELECT id, c FROM sbtest8 WHERE id BETWEEN 8512659 AND 8512759
	Index Scan using sbtest8_pkey on sbtest8  (cost=0.43..394.89 rows=100 width=125)
	  Index Cond: ((id >= 8512659) AND (id <= 8512759))

for range-notcovered
table 1 : explain SELECT id, c FROM sbtest1 WHERE id BETWEEN 3987397 AND 3987497
	Index Scan using sbtest1_pkey on sbtest1  (cost=0.43..439.58 rows=111 width=125)
	  Index Cond: ((id >= 3987397) AND (id <= 3987497))

table 2 : explain SELECT id, c FROM sbtest2 WHERE id BETWEEN 3987397 AND 3987497
	Index Scan using sbtest2_pkey on sbtest2  (cost=0.43..404.42 rows=102 width=125)
	  Index Cond: ((id >= 3987397) AND (id <= 3987497))

table 3 : explain SELECT id, c FROM sbtest3 WHERE id BETWEEN 3987397 AND 3987497
	Index Scan using sbtest3_pkey on sbtest3  (cost=0.43..383.49 rows=97 width=125)
	  Index Cond: ((id >= 3987397) AND (id <= 3987497))

table 4 : explain SELECT id, c FROM sbtest4 WHERE id BETWEEN 3987397 AND 3987497
	Index Scan using sbtest4_pkey on sbtest4  (cost=0.43..389.28 rows=99 width=125)
	  Index Cond: ((id >= 3987397) AND (id <= 3987497))

table 5 : explain SELECT id, c FROM sbtest5 WHERE id BETWEEN 3987397 AND 3987497
	Index Scan using sbtest5_pkey on sbtest5  (cost=0.43..399.65 rows=101 width=125)
	  Index Cond: ((id >= 3987397) AND (id <= 3987497))

table 6 : explain SELECT id, c FROM sbtest6 WHERE id BETWEEN 3987397 AND 3987497
	Index Scan using sbtest6_pkey on sbtest6  (cost=0.43..418.82 rows=106 width=125)
	  Index Cond: ((id >= 3987397) AND (id <= 3987497))

table 7 : explain SELECT id, c FROM sbtest7 WHERE id BETWEEN 3987397 AND 3987497
	Index Scan using sbtest7_pkey on sbtest7  (cost=0.43..410.02 rows=104 width=125)
	  Index Cond: ((id >= 3987397) AND (id <= 3987497))

table 8 : explain SELECT id, c FROM sbtest8 WHERE id BETWEEN 3987397 AND 3987497
	Index Scan using sbtest8_pkey on sbtest8  (cost=0.43..422.21 rows=107 width=125)
	  Index Cond: ((id >= 3987397) AND (id <= 3987497))

explain: for range-notcovered :: explain SELECT id, c FROM sbtest%d WHERE id BETWEEN 7501254 AND 7501354
for range-notcovered
table 1 : explain SELECT id, c FROM sbtest1 WHERE id BETWEEN 323633 AND 323733
	Index Scan using sbtest1_pkey on sbtest1  (cost=0.43..423.91 rows=107 width=125)
	  Index Cond: ((id >= 323633) AND (id <= 323733))

table 2 : explain SELECT id, c FROM sbtest2 WHERE id BETWEEN 323633 AND 323733
	Index Scan using sbtest2_pkey on sbtest2  (cost=0.43..420.10 rows=106 width=125)
	  Index Cond: ((id >= 323633) AND (id <= 323733))

table 3 : explain SELECT id, c FROM sbtest3 WHERE id BETWEEN 323633 AND 323733
	Index Scan using sbtest3_pkey on sbtest3  (cost=0.43..403.02 rows=102 width=125)
	  Index Cond: ((id >= 323633) AND (id <= 323733))

table 4 : explain SELECT id, c FROM sbtest4 WHERE id BETWEEN 323633 AND 323733
	Index Scan using sbtest4_pkey on sbtest4  (cost=0.43..385.39 rows=98 width=125)
	  Index Cond: ((id >= 323633) AND (id <= 323733))

table 5 : explain SELECT id, c FROM sbtest5 WHERE id BETWEEN 323633 AND 323733
	Index Scan using sbtest5_pkey on sbtest5  (cost=0.43..403.57 rows=102 width=125)
	  Index Cond: ((id >= 323633) AND (id <= 323733))

table 6 : explain SELECT id, c FROM sbtest6 WHERE id BETWEEN 323633 AND 323733
	Index Scan using sbtest6_pkey on sbtest6  (cost=0.43..383.65 rows=97 width=125)
	  Index Cond: ((id >= 323633) AND (id <= 323733))

table 7 : explain SELECT id, c FROM sbtest7 WHERE id BETWEEN 323633 AND 323733
	Index Scan using sbtest7_pkey on sbtest7  (cost=0.43..378.84 rows=96 width=125)
	  Index Cond: ((id >= 323633) AND (id <= 323733))

table 8 : explain SELECT id, c FROM sbtest8 WHERE id BETWEEN 323633 AND 323733
	Index Scan using sbtest8_pkey on sbtest8  (cost=0.43..398.80 rows=101 width=125)
	  Index Cond: ((id >= 323633) AND (id <= 323733))

explain: for range-notcovered :: explain SELECT id, c FROM sbtest%d WHERE id BETWEEN 323633 AND 323733
explain: for range-notcovered :: explain SELECT id, c FROM sbtest%d WHERE id BETWEEN 8298540 AND 8298640
for range-notcovered
table 1 : explain SELECT id, c FROM sbtest1 WHERE id BETWEEN 6111416 AND 6111516
	Index Scan using sbtest1_pkey on sbtest1  (cost=0.43..400.40 rows=101 width=125)
	  Index Cond: ((id >= 6111416) AND (id <= 6111516))

table 2 : explain SELECT id, c FROM sbtest2 WHERE id BETWEEN 6111416 AND 6111516
	Index Scan using sbtest2_pkey on sbtest2  (cost=0.43..424.02 rows=107 width=125)
	  Index Cond: ((id >= 6111416) AND (id <= 6111516))

table 3 : explain SELECT id, c FROM sbtest3 WHERE id BETWEEN 6111416 AND 6111516
	Index Scan using sbtest3_pkey on sbtest3  (cost=0.43..438.17 rows=111 width=125)
	  Index Cond: ((id >= 6111416) AND (id <= 6111516))

table 4 : explain SELECT id, c FROM sbtest4 WHERE id BETWEEN 6111416 AND 6111516
	Index Scan using sbtest4_pkey on sbtest4  (cost=0.43..393.16 rows=100 width=125)
	  Index Cond: ((id >= 6111416) AND (id <= 6111516))

table 5 : explain SELECT id, c FROM sbtest5 WHERE id BETWEEN 6111416 AND 6111516
	Index Scan using sbtest5_pkey on sbtest5  (cost=0.43..434.86 rows=110 width=125)
	  Index Cond: ((id >= 6111416) AND (id <= 6111516))

table 6 : explain SELECT id, c FROM sbtest6 WHERE id BETWEEN 6111416 AND 6111516
	Index Scan using sbtest6_pkey on sbtest6  (cost=0.43..360.21 rows=91 width=125)
	  Index Cond: ((id >= 6111416) AND (id <= 6111516))

table 7 : explain SELECT id, c FROM sbtest7 WHERE id BETWEEN 6111416 AND 6111516
	Index Scan using sbtest7_pkey on sbtest7  (cost=0.43..386.63 rows=98 width=125)
	  Index Cond: ((id >= 6111416) AND (id <= 6111516))

table 8 : explain SELECT id, c FROM sbtest8 WHERE id BETWEEN 6111416 AND 6111516
	Index Scan using sbtest8_pkey on sbtest8  (cost=0.43..387.09 rows=98 width=125)
	  Index Cond: ((id >= 6111416) AND (id <= 6111516))

for range-notcovered
table 1 : explain SELECT id, c FROM sbtest1 WHERE id BETWEEN 3964259 AND 3964359
	Index Scan using sbtest1_pkey on sbtest1  (cost=0.43..416.07 rows=105 width=125)
	  Index Cond: ((id >= 3964259) AND (id <= 3964359))

table 2 : explain SELECT id, c FROM sbtest2 WHERE id BETWEEN 3964259 AND 3964359
	Index Scan using sbtest2_pkey on sbtest2  (cost=0.43..404.42 rows=102 width=125)
	  Index Cond: ((id >= 3964259) AND (id <= 3964359))

table 3 : explain SELECT id, c FROM sbtest3 WHERE id BETWEEN 3964259 AND 3964359
	Index Scan using sbtest3_pkey on sbtest3  (cost=0.43..383.49 rows=97 width=125)
	  Index Cond: ((id >= 3964259) AND (id <= 3964359))

table 4 : explain SELECT id, c FROM sbtest4 WHERE id BETWEEN 3964259 AND 3964359
	Index Scan using sbtest4_pkey on sbtest4  (cost=0.43..389.28 rows=99 width=125)
	  Index Cond: ((id >= 3964259) AND (id <= 3964359))

table 5 : explain SELECT id, c FROM sbtest5 WHERE id BETWEEN 3964259 AND 3964359
	Index Scan using sbtest5_pkey on sbtest5  (cost=0.43..399.65 rows=101 width=125)
	  Index Cond: ((id >= 3964259) AND (id <= 3964359))

table 6 : explain SELECT id, c FROM sbtest6 WHERE id BETWEEN 3964259 AND 3964359
	Index Scan using sbtest6_pkey on sbtest6  (cost=0.43..418.82 rows=106 width=125)
	  Index Cond: ((id >= 3964259) AND (id <= 3964359))

table 7 : explain SELECT id, c FROM sbtest7 WHERE id BETWEEN 3964259 AND 3964359
	Index Scan using sbtest7_pkey on sbtest7  (cost=0.43..417.82 rows=106 width=125)
	  Index Cond: ((id >= 3964259) AND (id <= 3964359))

table 8 : explain SELECT id, c FROM sbtest8 WHERE id BETWEEN 3964259 AND 3964359
	Index Scan using sbtest8_pkey on sbtest8  (cost=0.43..422.21 rows=107 width=125)
	  Index Cond: ((id >= 3964259) AND (id <= 3964359))

for range-notcovered
table 1 : explain SELECT id, c FROM sbtest1 WHERE id BETWEEN 6368854 AND 6368954
	Index Scan using sbtest1_pkey on sbtest1  (cost=0.43..388.64 rows=98 width=125)
	  Index Cond: ((id >= 6368854) AND (id <= 6368954))

table 2 : explain SELECT id, c FROM sbtest2 WHERE id BETWEEN 6368854 AND 6368954
	Index Scan using sbtest2_pkey on sbtest2  (cost=0.43..388.75 rows=98 width=125)
	  Index Cond: ((id >= 6368854) AND (id <= 6368954))

table 3 : explain SELECT id, c FROM sbtest3 WHERE id BETWEEN 6368854 AND 6368954
	Index Scan using sbtest3_pkey on sbtest3  (cost=0.43..399.11 rows=101 width=125)
	  Index Cond: ((id >= 6368854) AND (id <= 6368954))

table 4 : explain SELECT id, c FROM sbtest4 WHERE id BETWEEN 6368854 AND 6368954
	Index Scan using sbtest4_pkey on sbtest4  (cost=0.43..381.51 rows=97 width=125)
	  Index Cond: ((id >= 6368854) AND (id <= 6368954))

table 5 : explain SELECT id, c FROM sbtest5 WHERE id BETWEEN 6368854 AND 6368954
	Index Scan using sbtest5_pkey on sbtest5  (cost=0.43..419.21 rows=106 width=125)
	  Index Cond: ((id >= 6368854) AND (id <= 6368954))

table 6 : explain SELECT id, c FROM sbtest6 WHERE id BETWEEN 6368854 AND 6368954
	Index Scan using sbtest6_pkey on sbtest6  (cost=0.43..422.73 rows=107 width=125)
	  Index Cond: ((id >= 6368854) AND (id <= 6368954))

table 7 : explain SELECT id, c FROM sbtest7 WHERE id BETWEEN 6368854 AND 6368954
	Index Scan using sbtest7_pkey on sbtest7  (cost=0.43..378.84 rows=96 width=125)
	  Index Cond: ((id >= 6368854) AND (id <= 6368954))

table 8 : explain SELECT id, c FROM sbtest8 WHERE id BETWEEN 6368854 AND 6368954
	Index Scan using sbtest8_pkey on sbtest8  (cost=0.43..414.41 rows=105 width=125)
	  Index Cond: ((id >= 6368854) AND (id <= 6368954))

explain: for range-notcovered :: explain SELECT id, c FROM sbtest%d WHERE id BETWEEN 4102559 AND 4102659
explain: for range-notcovered :: explain SELECT id, c FROM sbtest%d WHERE id BETWEEN 6111416 AND 6111516
explain: for range-notcovered :: explain SELECT id, c FROM sbtest%d WHERE id BETWEEN 3987397 AND 3987497
for range-notcovered
table 1 : explain SELECT id, c FROM sbtest1 WHERE id BETWEEN 3405142 AND 3405242
	Index Scan using sbtest1_pkey on sbtest1  (cost=0.43..392.56 rows=99 width=125)
	  Index Cond: ((id >= 3405142) AND (id <= 3405242))

table 2 : explain SELECT id, c FROM sbtest2 WHERE id BETWEEN 3405142 AND 3405242
	Index Scan using sbtest2_pkey on sbtest2  (cost=0.43..384.83 rows=97 width=125)
	  Index Cond: ((id >= 3405142) AND (id <= 3405242))

table 3 : explain SELECT id, c FROM sbtest3 WHERE id BETWEEN 3405142 AND 3405242
	Index Scan using sbtest3_pkey on sbtest3  (cost=0.43..399.11 rows=101 width=125)
	  Index Cond: ((id >= 3405142) AND (id <= 3405242))

table 4 : explain SELECT id, c FROM sbtest4 WHERE id BETWEEN 3405142 AND 3405242
	Index Scan using sbtest4_pkey on sbtest4  (cost=0.43..408.70 rows=104 width=125)
	  Index Cond: ((id >= 3405142) AND (id <= 3405242))

table 5 : explain SELECT id, c FROM sbtest5 WHERE id BETWEEN 3405142 AND 3405242
	Index Scan using sbtest5_pkey on sbtest5  (cost=0.43..399.65 rows=101 width=125)
	  Index Cond: ((id >= 3405142) AND (id <= 3405242))

table 6 : explain SELECT id, c FROM sbtest6 WHERE id BETWEEN 3405142 AND 3405242
	Index Scan using sbtest6_pkey on sbtest6  (cost=0.43..403.19 rows=102 width=125)
	  Index Cond: ((id >= 3405142) AND (id <= 3405242))

table 7 : explain SELECT id, c FROM sbtest7 WHERE id BETWEEN 3405142 AND 3405242
	Index Scan using sbtest7_pkey on sbtest7  (cost=0.43..413.92 rows=105 width=125)
	  Index Cond: ((id >= 3405142) AND (id <= 3405242))

table 8 : explain SELECT id, c FROM sbtest8 WHERE id BETWEEN 3405142 AND 3405242
	Index Scan using sbtest8_pkey on sbtest8  (cost=0.43..402.70 rows=102 width=125)
	  Index Cond: ((id >= 3405142) AND (id <= 3405242))

explain: for range-notcovered :: explain SELECT id, c FROM sbtest%d WHERE id BETWEEN 6368854 AND 6368954
for range-notcovered
table 1 : explain SELECT id, c FROM sbtest1 WHERE id BETWEEN 3832138 AND 3832238
	Index Scan using sbtest1_pkey on sbtest1  (cost=0.43..451.34 rows=114 width=125)
	  Index Cond: ((id >= 3832138) AND (id <= 3832238))

table 2 : explain SELECT id, c FROM sbtest2 WHERE id BETWEEN 3832138 AND 3832238
	Index Scan using sbtest2_pkey on sbtest2  (cost=0.43..400.50 rows=101 width=125)
	  Index Cond: ((id >= 3832138) AND (id <= 3832238))

table 3 : explain SELECT id, c FROM sbtest3 WHERE id BETWEEN 3832138 AND 3832238
	Index Scan using sbtest3_pkey on sbtest3  (cost=0.43..457.70 rows=116 width=125)
	  Index Cond: ((id >= 3832138) AND (id <= 3832238))

table 4 : explain SELECT id, c FROM sbtest4 WHERE id BETWEEN 3832138 AND 3832238
	Index Scan using sbtest4_pkey on sbtest4  (cost=0.43..393.16 rows=100 width=125)
	  Index Cond: ((id >= 3832138) AND (id <= 3832238))

table 5 : explain SELECT id, c FROM sbtest5 WHERE id BETWEEN 3832138 AND 3832238
	Index Scan using sbtest5_pkey on sbtest5  (cost=0.43..403.57 rows=102 width=125)
	  Index Cond: ((id >= 3832138) AND (id <= 3832238))

table 6 : explain SELECT id, c FROM sbtest6 WHERE id BETWEEN 3832138 AND 3832238
	Index Scan using sbtest6_pkey on sbtest6  (cost=0.43..371.93 rows=94 width=125)
	  Index Cond: ((id >= 3832138) AND (id <= 3832238))

table 7 : explain SELECT id, c FROM sbtest7 WHERE id BETWEEN 3832138 AND 3832238
	Index Scan using sbtest7_pkey on sbtest7  (cost=0.43..402.22 rows=102 width=125)
	  Index Cond: ((id >= 3832138) AND (id <= 3832238))

table 8 : explain SELECT id, c FROM sbtest8 WHERE id BETWEEN 3832138 AND 3832238
	Index Scan using sbtest8_pkey on sbtest8  (cost=0.43..445.63 rows=113 width=125)
	  Index Cond: ((id >= 3832138) AND (id <= 3832238))
for range-notcovered
table 1 : explain SELECT id, c FROM sbtest1 WHERE id BETWEEN 323633 AND 323733
	Index Scan using sbtest1_pkey on sbtest1  (cost=0.43..423.91 rows=107 width=125)
	  Index Cond: ((id >= 323633) AND (id <= 323733))

table 2 : explain SELECT id, c FROM sbtest2 WHERE id BETWEEN 323633 AND 323733
	Index Scan using sbtest2_pkey on sbtest2  (cost=0.43..420.10 rows=106 width=125)
	  Index Cond: ((id >= 323633) AND (id <= 323733))

table 3 : explain SELECT id, c FROM sbtest3 WHERE id BETWEEN 323633 AND 323733
	Index Scan using sbtest3_pkey on sbtest3  (cost=0.43..403.02 rows=102 width=125)
	  Index Cond: ((id >= 323633) AND (id <= 323733))

table 4 : explain SELECT id, c FROM sbtest4 WHERE id BETWEEN 323633 AND 323733
	Index Scan using sbtest4_pkey on sbtest4  (cost=0.43..385.39 rows=98 width=125)
	  Index Cond: ((id >= 323633) AND (id <= 323733))

table 5 : explain SELECT id, c FROM sbtest5 WHERE id BETWEEN 323633 AND 323733
	Index Scan using sbtest5_pkey on sbtest5  (cost=0.43..403.57 rows=102 width=125)
	  Index Cond: ((id >= 323633) AND (id <= 323733))

table 6 : explain SELECT id, c FROM sbtest6 WHERE id BETWEEN 323633 AND 323733
	Index Scan using sbtest6_pkey on sbtest6  (cost=0.43..383.65 rows=97 width=125)
	  Index Cond: ((id >= 323633) AND (id <= 323733))

table 7 : explain SELECT id, c FROM sbtest7 WHERE id BETWEEN 323633 AND 323733
	Index Scan using sbtest7_pkey on sbtest7  (cost=0.43..378.84 rows=96 width=125)
	  Index Cond: ((id >= 323633) AND (id <= 323733))

table 8 : explain SELECT id, c FROM sbtest8 WHERE id BETWEEN 323633 AND 323733
	Index Scan using sbtest8_pkey on sbtest8  (cost=0.43..398.80 rows=101 width=125)
	  Index Cond: ((id >= 323633) AND (id <= 323733))


explain: for range-notcovered :: explain SELECT id, c FROM sbtest%d WHERE id BETWEEN 3405142 AND 3405242
explain: for range-notcovered :: explain SELECT id, c FROM sbtest%d WHERE id BETWEEN 323633 AND 323733
for range-notcovered
table 1 : explain SELECT id, c FROM sbtest1 WHERE id BETWEEN 7669155 AND 7669255
	Index Scan using sbtest1_pkey on sbtest1  (cost=0.43..380.78 rows=96 width=125)
	  Index Cond: ((id >= 7669155) AND (id <= 7669255))

table 2 : explain SELECT id, c FROM sbtest2 WHERE id BETWEEN 7669155 AND 7669255
	Index Scan using sbtest2_pkey on sbtest2  (cost=0.43..404.42 rows=102 width=125)
	  Index Cond: ((id >= 7669155) AND (id <= 7669255))

table 3 : explain SELECT id, c FROM sbtest3 WHERE id BETWEEN 7669155 AND 7669255
	Index Scan using sbtest3_pkey on sbtest3  (cost=0.43..395.21 rows=100 width=125)
	  Index Cond: ((id >= 7669155) AND (id <= 7669255))

table 4 : explain SELECT id, c FROM sbtest4 WHERE id BETWEEN 7669155 AND 7669255
	Index Scan using sbtest4_pkey on sbtest4  (cost=0.43..420.36 rows=107 width=125)
	  Index Cond: ((id >= 7669155) AND (id <= 7669255))

table 5 : explain SELECT id, c FROM sbtest5 WHERE id BETWEEN 7669155 AND 7669255
	Index Scan using sbtest5_pkey on sbtest5  (cost=0.43..434.86 rows=110 width=125)
	  Index Cond: ((id >= 7669155) AND (id <= 7669255))

table 6 : explain SELECT id, c FROM sbtest6 WHERE id BETWEEN 7669155 AND 7669255
	Index Scan using sbtest6_pkey on sbtest6  (cost=0.43..403.19 rows=102 width=125)
	  Index Cond: ((id >= 7669155) AND (id <= 7669255))

table 7 : explain SELECT id, c FROM sbtest7 WHERE id BETWEEN 7669155 AND 7669255
	Index Scan using sbtest7_pkey on sbtest7  (cost=0.43..374.94 rows=95 width=125)
	  Index Cond: ((id >= 7669155) AND (id <= 7669255))

table 8 : explain SELECT id, c FROM sbtest8 WHERE id BETWEEN 7669155 AND 7669255
	Index Scan using sbtest8_pkey on sbtest8  (cost=0.43..383.19 rows=97 width=125)
	  Index Cond: ((id >= 7669155) AND (id <= 7669255))

explain: for range-notcovered :: explain SELECT id, c FROM sbtest%d WHERE id BETWEEN 3964259 AND 3964359
for range-notcovered
table 1 : explain SELECT id, c FROM sbtest1 WHERE id BETWEEN 940691 AND 940791
	Index Scan using sbtest1_pkey on sbtest1  (cost=0.43..388.64 rows=98 width=125)
	  Index Cond: ((id >= 940691) AND (id <= 940791))

table 2 : explain SELECT id, c FROM sbtest2 WHERE id BETWEEN 940691 AND 940791
	Index Scan using sbtest2_pkey on sbtest2  (cost=0.43..443.62 rows=112 width=125)
	  Index Cond: ((id >= 940691) AND (id <= 940791))

table 3 : explain SELECT id, c FROM sbtest3 WHERE id BETWEEN 940691 AND 940791
	Index Scan using sbtest3_pkey on sbtest3  (cost=0.43..422.55 rows=107 width=125)
	  Index Cond: ((id >= 940691) AND (id <= 940791))

table 4 : explain SELECT id, c FROM sbtest4 WHERE id BETWEEN 940691 AND 940791
	Index Scan using sbtest4_pkey on sbtest4  (cost=0.43..404.82 rows=103 width=125)
	  Index Cond: ((id >= 940691) AND (id <= 940791))

table 5 : explain SELECT id, c FROM sbtest5 WHERE id BETWEEN 940691 AND 940791
	Index Scan using sbtest5_pkey on sbtest5  (cost=0.43..384.01 rows=97 width=125)
	  Index Cond: ((id >= 940691) AND (id <= 940791))

table 6 : explain SELECT id, c FROM sbtest6 WHERE id BETWEEN 940691 AND 940791
	Index Scan using sbtest6_pkey on sbtest6  (cost=0.43..379.74 rows=96 width=125)
	  Index Cond: ((id >= 940691) AND (id <= 940791))

table 7 : explain SELECT id, c FROM sbtest7 WHERE id BETWEEN 940691 AND 940791
	Index Scan using sbtest7_pkey on sbtest7  (cost=0.43..421.71 rows=107 width=125)
	  Index Cond: ((id >= 940691) AND (id <= 940791))

table 8 : explain SELECT id, c FROM sbtest8 WHERE id BETWEEN 940691 AND 940791
	Index Scan using sbtest8_pkey on sbtest8  (cost=0.43..402.70 rows=102 width=125)
	  Index Cond: ((id >= 940691) AND (id <= 940791))

for range-notcovered
table 1 : explain SELECT id, c FROM sbtest1 WHERE id BETWEEN 6429549 AND 6429649
	Index Scan using sbtest1_pkey on sbtest1  (cost=0.43..388.64 rows=98 width=125)
	  Index Cond: ((id >= 6429549) AND (id <= 6429649))

table 2 : explain SELECT id, c FROM sbtest2 WHERE id BETWEEN 6429549 AND 6429649
	Index Scan using sbtest2_pkey on sbtest2  (cost=0.43..388.75 rows=98 width=125)
	  Index Cond: ((id >= 6429549) AND (id <= 6429649))

table 3 : explain SELECT id, c FROM sbtest3 WHERE id BETWEEN 6429549 AND 6429649
	Index Scan using sbtest3_pkey on sbtest3  (cost=0.43..403.02 rows=102 width=125)
	  Index Cond: ((id >= 6429549) AND (id <= 6429649))

table 4 : explain SELECT id, c FROM sbtest4 WHERE id BETWEEN 6429549 AND 6429649
	Index Scan using sbtest4_pkey on sbtest4  (cost=0.43..381.51 rows=97 width=125)
	  Index Cond: ((id >= 6429549) AND (id <= 6429649))

table 5 : explain SELECT id, c FROM sbtest5 WHERE id BETWEEN 6429549 AND 6429649
	Index Scan using sbtest5_pkey on sbtest5  (cost=0.43..430.94 rows=109 width=125)
	  Index Cond: ((id >= 6429549) AND (id <= 6429649))

table 6 : explain SELECT id, c FROM sbtest6 WHERE id BETWEEN 6429549 AND 6429649
	Index Scan using sbtest6_pkey on sbtest6  (cost=0.43..422.73 rows=107 width=125)
	  Index Cond: ((id >= 6429549) AND (id <= 6429649))

table 7 : explain SELECT id, c FROM sbtest7 WHERE id BETWEEN 6429549 AND 6429649
	Index Scan using sbtest7_pkey on sbtest7  (cost=0.43..382.73 rows=97 width=125)
	  Index Cond: ((id >= 6429549) AND (id <= 6429649))

table 8 : explain SELECT id, c FROM sbtest8 WHERE id BETWEEN 6429549 AND 6429649
	Index Scan using sbtest8_pkey on sbtest8  (cost=0.43..383.19 rows=97 width=125)
	  Index Cond: ((id >= 6429549) AND (id <= 6429649))

for range-notcovered
table 1 : explain SELECT id, c FROM sbtest1 WHERE id BETWEEN 3987397 AND 3987497
	Index Scan using sbtest1_pkey on sbtest1  (cost=0.43..439.58 rows=111 width=125)
	  Index Cond: ((id >= 3987397) AND (id <= 3987497))

table 2 : explain SELECT id, c FROM sbtest2 WHERE id BETWEEN 3987397 AND 3987497
	Index Scan using sbtest2_pkey on sbtest2  (cost=0.43..404.42 rows=102 width=125)
	  Index Cond: ((id >= 3987397) AND (id <= 3987497))

table 3 : explain SELECT id, c FROM sbtest3 WHERE id BETWEEN 3987397 AND 3987497
	Index Scan using sbtest3_pkey on sbtest3  (cost=0.43..383.49 rows=97 width=125)
	  Index Cond: ((id >= 3987397) AND (id <= 3987497))

table 4 : explain SELECT id, c FROM sbtest4 WHERE id BETWEEN 3987397 AND 3987497
	Index Scan using sbtest4_pkey on sbtest4  (cost=0.43..389.28 rows=99 width=125)
	  Index Cond: ((id >= 3987397) AND (id <= 3987497))

table 5 : explain SELECT id, c FROM sbtest5 WHERE id BETWEEN 3987397 AND 3987497
	Index Scan using sbtest5_pkey on sbtest5  (cost=0.43..399.65 rows=101 width=125)
	  Index Cond: ((id >= 3987397) AND (id <= 3987497))

table 6 : explain SELECT id, c FROM sbtest6 WHERE id BETWEEN 3987397 AND 3987497
	Index Scan using sbtest6_pkey on sbtest6  (cost=0.43..418.82 rows=106 width=125)
	  Index Cond: ((id >= 3987397) AND (id <= 3987497))

table 7 : explain SELECT id, c FROM sbtest7 WHERE id BETWEEN 3987397 AND 3987497
	Index Scan using sbtest7_pkey on sbtest7  (cost=0.43..410.02 rows=104 width=125)
	  Index Cond: ((id >= 3987397) AND (id <= 3987497))

table 8 : explain SELECT id, c FROM sbtest8 WHERE id BETWEEN 3987397 AND 3987497
	Index Scan using sbtest8_pkey on sbtest8  (cost=0.43..422.21 rows=107 width=125)
	  Index Cond: ((id >= 3987397) AND (id <= 3987497))

explain: for range-notcovered :: explain SELECT id, c FROM sbtest%d WHERE id BETWEEN 3832138 AND 3832238
explain: for range-notcovered :: explain SELECT id, c FROM sbtest%d WHERE id BETWEEN 3987397 AND 3987497
for range-notcovered
table 1 : explain SELECT id, c FROM sbtest1 WHERE id BETWEEN 8298540 AND 8298640
	Index Scan using sbtest1_pkey on sbtest1  (cost=0.43..345.51 rows=87 width=125)
	  Index Cond: ((id >= 8298540) AND (id <= 8298640))

table 2 : explain SELECT id, c FROM sbtest2 WHERE id BETWEEN 8298540 AND 8298640
	Index Scan using sbtest2_pkey on sbtest2  (cost=0.43..384.83 rows=97 width=125)
	  Index Cond: ((id >= 8298540) AND (id <= 8298640))

table 3 : explain SELECT id, c FROM sbtest3 WHERE id BETWEEN 8298540 AND 8298640
	Index Scan using sbtest3_pkey on sbtest3  (cost=0.43..379.58 rows=96 width=125)
	  Index Cond: ((id >= 8298540) AND (id <= 8298640))

table 4 : explain SELECT id, c FROM sbtest4 WHERE id BETWEEN 8298540 AND 8298640
	Index Scan using sbtest4_pkey on sbtest4  (cost=0.43..350.40 rows=89 width=125)
	  Index Cond: ((id >= 8298540) AND (id <= 8298640))

table 5 : explain SELECT id, c FROM sbtest5 WHERE id BETWEEN 8298540 AND 8298640
	Index Scan using sbtest5_pkey on sbtest5  (cost=0.43..391.83 rows=99 width=125)
	  Index Cond: ((id >= 8298540) AND (id <= 8298640))

table 6 : explain SELECT id, c FROM sbtest6 WHERE id BETWEEN 8298540 AND 8298640
	Index Scan using sbtest6_pkey on sbtest6  (cost=0.43..426.63 rows=108 width=125)
	  Index Cond: ((id >= 8298540) AND (id <= 8298640))

table 7 : explain SELECT id, c FROM sbtest7 WHERE id BETWEEN 8298540 AND 8298640
	Index Scan using sbtest7_pkey on sbtest7  (cost=0.43..363.25 rows=92 width=125)
	  Index Cond: ((id >= 8298540) AND (id <= 8298640))

table 8 : explain SELECT id, c FROM sbtest8 WHERE id BETWEEN 8298540 AND 8298640
	Index Scan using sbtest8_pkey on sbtest8  (cost=0.43..375.38 rows=95 width=125)
	  Index Cond: ((id >= 8298540) AND (id <= 8298640))

for range-notcovered
table 1 : explain SELECT id, c FROM sbtest1 WHERE id BETWEEN 323633 AND 323733
	Index Scan using sbtest1_pkey on sbtest1  (cost=0.43..423.91 rows=107 width=125)
	  Index Cond: ((id >= 323633) AND (id <= 323733))

table 2 : explain SELECT id, c FROM sbtest2 WHERE id BETWEEN 323633 AND 323733
	Index Scan using sbtest2_pkey on sbtest2  (cost=0.43..420.10 rows=106 width=125)
	  Index Cond: ((id >= 323633) AND (id <= 323733))

table 3 : explain SELECT id, c FROM sbtest3 WHERE id BETWEEN 323633 AND 323733
	Index Scan using sbtest3_pkey on sbtest3  (cost=0.43..403.02 rows=102 width=125)
	  Index Cond: ((id >= 323633) AND (id <= 323733))

table 4 : explain SELECT id, c FROM sbtest4 WHERE id BETWEEN 323633 AND 323733
	Index Scan using sbtest4_pkey on sbtest4  (cost=0.43..385.39 rows=98 width=125)
	  Index Cond: ((id >= 323633) AND (id <= 323733))

table 5 : explain SELECT id, c FROM sbtest5 WHERE id BETWEEN 323633 AND 323733
	Index Scan using sbtest5_pkey on sbtest5  (cost=0.43..403.57 rows=102 width=125)
	  Index Cond: ((id >= 323633) AND (id <= 323733))

table 6 : explain SELECT id, c FROM sbtest6 WHERE id BETWEEN 323633 AND 323733
	Index Scan using sbtest6_pkey on sbtest6  (cost=0.43..383.65 rows=97 width=125)
	  Index Cond: ((id >= 323633) AND (id <= 323733))

table 7 : explain SELECT id, c FROM sbtest7 WHERE id BETWEEN 323633 AND 323733
	Index Scan using sbtest7_pkey on sbtest7  (cost=0.43..378.84 rows=96 width=125)
	  Index Cond: ((id >= 323633) AND (id <= 323733))

table 8 : explain SELECT id, c FROM sbtest8 WHERE id BETWEEN 323633 AND 323733
	Index Scan using sbtest8_pkey on sbtest8  (cost=0.43..398.80 rows=101 width=125)
	  Index Cond: ((id >= 323633) AND (id <= 323733))

explain: for range-notcovered :: explain SELECT id, c FROM sbtest%d WHERE id BETWEEN 7669155 AND 7669255
explain: for range-notcovered :: explain SELECT id, c FROM sbtest%d WHERE id BETWEEN 8298540 AND 8298640
explain: for range-notcovered :: explain SELECT id, c FROM sbtest%d WHERE id BETWEEN 323633 AND 323733
for range-notcovered
table 1 : explain SELECT id, c FROM sbtest1 WHERE id BETWEEN 6111416 AND 6111516
	Index Scan using sbtest1_pkey on sbtest1  (cost=0.43..400.40 rows=101 width=125)
	  Index Cond: ((id >= 6111416) AND (id <= 6111516))

table 2 : explain SELECT id, c FROM sbtest2 WHERE id BETWEEN 6111416 AND 6111516
	Index Scan using sbtest2_pkey on sbtest2  (cost=0.43..424.02 rows=107 width=125)
	  Index Cond: ((id >= 6111416) AND (id <= 6111516))

table 3 : explain SELECT id, c FROM sbtest3 WHERE id BETWEEN 6111416 AND 6111516
	Index Scan using sbtest3_pkey on sbtest3  (cost=0.43..438.17 rows=111 width=125)
	  Index Cond: ((id >= 6111416) AND (id <= 6111516))

table 4 : explain SELECT id, c FROM sbtest4 WHERE id BETWEEN 6111416 AND 6111516
	Index Scan using sbtest4_pkey on sbtest4  (cost=0.43..393.16 rows=100 width=125)
	  Index Cond: ((id >= 6111416) AND (id <= 6111516))

table 5 : explain SELECT id, c FROM sbtest5 WHERE id BETWEEN 6111416 AND 6111516
	Index Scan using sbtest5_pkey on sbtest5  (cost=0.43..434.86 rows=110 width=125)
	  Index Cond: ((id >= 6111416) AND (id <= 6111516))

table 6 : explain SELECT id, c FROM sbtest6 WHERE id BETWEEN 6111416 AND 6111516
	Index Scan using sbtest6_pkey on sbtest6  (cost=0.43..360.21 rows=91 width=125)
	  Index Cond: ((id >= 6111416) AND (id <= 6111516))

table 7 : explain SELECT id, c FROM sbtest7 WHERE id BETWEEN 6111416 AND 6111516
	Index Scan using sbtest7_pkey on sbtest7  (cost=0.43..386.63 rows=98 width=125)
	  Index Cond: ((id >= 6111416) AND (id <= 6111516))

table 8 : explain SELECT id, c FROM sbtest8 WHERE id BETWEEN 6111416 AND 6111516
	Index Scan using sbtest8_pkey on sbtest8  (cost=0.43..387.09 rows=98 width=125)
	  Index Cond: ((id >= 6111416) AND (id <= 6111516))

for range-notcovered
table 1 : explain SELECT id, c FROM sbtest1 WHERE id BETWEEN 6368854 AND 6368954
	Index Scan using sbtest1_pkey on sbtest1  (cost=0.43..388.64 rows=98 width=125)
	  Index Cond: ((id >= 6368854) AND (id <= 6368954))

table 2 : explain SELECT id, c FROM sbtest2 WHERE id BETWEEN 6368854 AND 6368954
	Index Scan using sbtest2_pkey on sbtest2  (cost=0.43..388.75 rows=98 width=125)
	  Index Cond: ((id >= 6368854) AND (id <= 6368954))

table 3 : explain SELECT id, c FROM sbtest3 WHERE id BETWEEN 6368854 AND 6368954
	Index Scan using sbtest3_pkey on sbtest3  (cost=0.43..399.11 rows=101 width=125)
	  Index Cond: ((id >= 6368854) AND (id <= 6368954))

table 4 : explain SELECT id, c FROM sbtest4 WHERE id BETWEEN 6368854 AND 6368954
	Index Scan using sbtest4_pkey on sbtest4  (cost=0.43..381.51 rows=97 width=125)
	  Index Cond: ((id >= 6368854) AND (id <= 6368954))

table 5 : explain SELECT id, c FROM sbtest5 WHERE id BETWEEN 6368854 AND 6368954
	Index Scan using sbtest5_pkey on sbtest5  (cost=0.43..419.21 rows=106 width=125)
	  Index Cond: ((id >= 6368854) AND (id <= 6368954))

table 6 : explain SELECT id, c FROM sbtest6 WHERE id BETWEEN 6368854 AND 6368954
	Index Scan using sbtest6_pkey on sbtest6  (cost=0.43..422.73 rows=107 width=125)
	  Index Cond: ((id >= 6368854) AND (id <= 6368954))

table 7 : explain SELECT id, c FROM sbtest7 WHERE id BETWEEN 6368854 AND 6368954
	Index Scan using sbtest7_pkey on sbtest7  (cost=0.43..378.84 rows=96 width=125)
	  Index Cond: ((id >= 6368854) AND (id <= 6368954))

table 8 : explain SELECT id, c FROM sbtest8 WHERE id BETWEEN 6368854 AND 6368954
	Index Scan using sbtest8_pkey on sbtest8  (cost=0.43..414.41 rows=105 width=125)
	  Index Cond: ((id >= 6368854) AND (id <= 6368954))

explain: for range-notcovered :: explain SELECT id, c FROM sbtest%d WHERE id BETWEEN 6111416 AND 6111516
explain: for range-notcovered :: explain SELECT id, c FROM sbtest%d WHERE id BETWEEN 6368854 AND 6368954
for range-notcovered
table 1 : explain SELECT id, c FROM sbtest1 WHERE id BETWEEN 3987397 AND 3987497
	Index Scan using sbtest1_pkey on sbtest1  (cost=0.43..439.58 rows=111 width=125)
	  Index Cond: ((id >= 3987397) AND (id <= 3987497))

table 2 : explain SELECT id, c FROM sbtest2 WHERE id BETWEEN 3987397 AND 3987497
	Index Scan using sbtest2_pkey on sbtest2  (cost=0.43..404.42 rows=102 width=125)
	  Index Cond: ((id >= 3987397) AND (id <= 3987497))

table 3 : explain SELECT id, c FROM sbtest3 WHERE id BETWEEN 3987397 AND 3987497
	Index Scan using sbtest3_pkey on sbtest3  (cost=0.43..383.49 rows=97 width=125)
	  Index Cond: ((id >= 3987397) AND (id <= 3987497))

table 4 : explain SELECT id, c FROM sbtest4 WHERE id BETWEEN 3987397 AND 3987497
	Index Scan using sbtest4_pkey on sbtest4  (cost=0.43..389.28 rows=99 width=125)
	  Index Cond: ((id >= 3987397) AND (id <= 3987497))

table 5 : explain SELECT id, c FROM sbtest5 WHERE id BETWEEN 3987397 AND 3987497
	Index Scan using sbtest5_pkey on sbtest5  (cost=0.43..399.65 rows=101 width=125)
	  Index Cond: ((id >= 3987397) AND (id <= 3987497))

table 6 : explain SELECT id, c FROM sbtest6 WHERE id BETWEEN 3987397 AND 3987497
	Index Scan using sbtest6_pkey on sbtest6  (cost=0.43..418.82 rows=106 width=125)
	  Index Cond: ((id >= 3987397) AND (id <= 3987497))

table 7 : explain SELECT id, c FROM sbtest7 WHERE id BETWEEN 3987397 AND 3987497
	Index Scan using sbtest7_pkey on sbtest7  (cost=0.43..410.02 rows=104 width=125)
	  Index Cond: ((id >= 3987397) AND (id <= 3987497))

table 8 : explain SELECT id, c FROM sbtest8 WHERE id BETWEEN 3987397 AND 3987497
	Index Scan using sbtest8_pkey on sbtest8  (cost=0.43..422.21 rows=107 width=125)
	  Index Cond: ((id >= 3987397) AND (id <= 3987497))

for range-notcovered
table 1 : explain SELECT id, c FROM sbtest1 WHERE id BETWEEN 7501254 AND 7501354
	Index Scan using sbtest1_pkey on sbtest1  (cost=0.43..412.15 rows=104 width=125)
	  Index Cond: ((id >= 7501254) AND (id <= 7501354))

table 2 : explain SELECT id, c FROM sbtest2 WHERE id BETWEEN 7501254 AND 7501354
	Index Scan using sbtest2_pkey on sbtest2  (cost=0.43..420.10 rows=106 width=125)
	  Index Cond: ((id >= 7501254) AND (id <= 7501354))

table 3 : explain SELECT id, c FROM sbtest3 WHERE id BETWEEN 7501254 AND 7501354
	Index Scan using sbtest3_pkey on sbtest3  (cost=0.43..410.83 rows=104 width=125)
	  Index Cond: ((id >= 7501254) AND (id <= 7501354))

table 4 : explain SELECT id, c FROM sbtest4 WHERE id BETWEEN 7501254 AND 7501354
	Index Scan using sbtest4_pkey on sbtest4  (cost=0.43..385.39 rows=98 width=125)
	  Index Cond: ((id >= 7501254) AND (id <= 7501354))

table 5 : explain SELECT id, c FROM sbtest5 WHERE id BETWEEN 7501254 AND 7501354
	Index Scan using sbtest5_pkey on sbtest5  (cost=0.43..364.45 rows=92 width=125)
	  Index Cond: ((id >= 7501254) AND (id <= 7501354))

table 6 : explain SELECT id, c FROM sbtest6 WHERE id BETWEEN 7501254 AND 7501354
	Index Scan using sbtest6_pkey on sbtest6  (cost=0.43..438.36 rows=111 width=125)
	  Index Cond: ((id >= 7501254) AND (id <= 7501354))

table 7 : explain SELECT id, c FROM sbtest7 WHERE id BETWEEN 7501254 AND 7501354
	Index Scan using sbtest7_pkey on sbtest7  (cost=0.43..394.43 rows=100 width=125)
	  Index Cond: ((id >= 7501254) AND (id <= 7501354))

table 8 : explain SELECT id, c FROM sbtest8 WHERE id BETWEEN 7501254 AND 7501354
	Index Scan using sbtest8_pkey on sbtest8  (cost=0.43..422.21 rows=107 width=125)
	  Index Cond: ((id >= 7501254) AND (id <= 7501354))

for range-notcovered
table 1 : explain SELECT id, c FROM sbtest1 WHERE id BETWEEN 7669155 AND 7669255
	Index Scan using sbtest1_pkey on sbtest1  (cost=0.43..380.78 rows=96 width=125)
	  Index Cond: ((id >= 7669155) AND (id <= 7669255))

table 2 : explain SELECT id, c FROM sbtest2 WHERE id BETWEEN 7669155 AND 7669255
	Index Scan using sbtest2_pkey on sbtest2  (cost=0.43..404.42 rows=102 width=125)
	  Index Cond: ((id >= 7669155) AND (id <= 7669255))

table 3 : explain SELECT id, c FROM sbtest3 WHERE id BETWEEN 7669155 AND 7669255
	Index Scan using sbtest3_pkey on sbtest3  (cost=0.43..395.21 rows=100 width=125)
	  Index Cond: ((id >= 7669155) AND (id <= 7669255))

table 4 : explain SELECT id, c FROM sbtest4 WHERE id BETWEEN 7669155 AND 7669255
	Index Scan using sbtest4_pkey on sbtest4  (cost=0.43..420.36 rows=107 width=125)
	  Index Cond: ((id >= 7669155) AND (id <= 7669255))

table 5 : explain SELECT id, c FROM sbtest5 WHERE id BETWEEN 7669155 AND 7669255
	Index Scan using sbtest5_pkey on sbtest5  (cost=0.43..434.86 rows=110 width=125)
	  Index Cond: ((id >= 7669155) AND (id <= 7669255))

table 6 : explain SELECT id, c FROM sbtest6 WHERE id BETWEEN 7669155 AND 7669255
	Index Scan using sbtest6_pkey on sbtest6  (cost=0.43..403.19 rows=102 width=125)
	  Index Cond: ((id >= 7669155) AND (id <= 7669255))

table 7 : explain SELECT id, c FROM sbtest7 WHERE id BETWEEN 7669155 AND 7669255
	Index Scan using sbtest7_pkey on sbtest7  (cost=0.43..374.94 rows=95 width=125)
	  Index Cond: ((id >= 7669155) AND (id <= 7669255))

table 8 : explain SELECT id, c FROM sbtest8 WHERE id BETWEEN 7669155 AND 7669255
	Index Scan using sbtest8_pkey on sbtest8  (cost=0.43..383.19 rows=97 width=125)
	  Index Cond: ((id >= 7669155) AND (id <= 7669255))

explain: for range-notcovered :: explain SELECT id, c FROM sbtest%d WHERE id BETWEEN 3987397 AND 3987497
explain: for range-notcovered :: explain SELECT id, c FROM sbtest%d WHERE id BETWEEN 7501254 AND 7501354
for range-notcovered
table 1 : explain SELECT id, c FROM sbtest1 WHERE id BETWEEN 3832138 AND 3832238
	Index Scan using sbtest1_pkey on sbtest1  (cost=0.43..451.34 rows=114 width=125)
	  Index Cond: ((id >= 3832138) AND (id <= 3832238))

table 2 : explain SELECT id, c FROM sbtest2 WHERE id BETWEEN 3832138 AND 3832238
	Index Scan using sbtest2_pkey on sbtest2  (cost=0.43..400.50 rows=101 width=125)
	  Index Cond: ((id >= 3832138) AND (id <= 3832238))

table 3 : explain SELECT id, c FROM sbtest3 WHERE id BETWEEN 3832138 AND 3832238
	Index Scan using sbtest3_pkey on sbtest3  (cost=0.43..457.70 rows=116 width=125)
	  Index Cond: ((id >= 3832138) AND (id <= 3832238))

table 4 : explain SELECT id, c FROM sbtest4 WHERE id BETWEEN 3832138 AND 3832238
	Index Scan using sbtest4_pkey on sbtest4  (cost=0.43..393.16 rows=100 width=125)
	  Index Cond: ((id >= 3832138) AND (id <= 3832238))

table 5 : explain SELECT id, c FROM sbtest5 WHERE id BETWEEN 3832138 AND 3832238
	Index Scan using sbtest5_pkey on sbtest5  (cost=0.43..403.57 rows=102 width=125)
	  Index Cond: ((id >= 3832138) AND (id <= 3832238))

table 6 : explain SELECT id, c FROM sbtest6 WHERE id BETWEEN 3832138 AND 3832238
	Index Scan using sbtest6_pkey on sbtest6  (cost=0.43..371.93 rows=94 width=125)
	  Index Cond: ((id >= 3832138) AND (id <= 3832238))

table 7 : explain SELECT id, c FROM sbtest7 WHERE id BETWEEN 3832138 AND 3832238
	Index Scan using sbtest7_pkey on sbtest7  (cost=0.43..402.22 rows=102 width=125)
	  Index Cond: ((id >= 3832138) AND (id <= 3832238))

table 8 : explain SELECT id, c FROM sbtest8 WHERE id BETWEEN 3832138 AND 3832238
	Index Scan using sbtest8_pkey on sbtest8  (cost=0.43..445.63 rows=113 width=125)
	  Index Cond: ((id >= 3832138) AND (id <= 3832238))

for range-notcovered
table 1 : explain SELECT id, c FROM sbtest1 WHERE id BETWEEN 8298540 AND 8298640
	Index Scan using sbtest1_pkey on sbtest1  (cost=0.43..345.51 rows=87 width=125)
	  Index Cond: ((id >= 8298540) AND (id <= 8298640))

table 2 : explain SELECT id, c FROM sbtest2 WHERE id BETWEEN 8298540 AND 8298640
	Index Scan using sbtest2_pkey on sbtest2  (cost=0.43..384.83 rows=97 width=125)
	  Index Cond: ((id >= 8298540) AND (id <= 8298640))

table 3 : explain SELECT id, c FROM sbtest3 WHERE id BETWEEN 8298540 AND 8298640
	Index Scan using sbtest3_pkey on sbtest3  (cost=0.43..379.58 rows=96 width=125)
	  Index Cond: ((id >= 8298540) AND (id <= 8298640))

table 4 : explain SELECT id, c FROM sbtest4 WHERE id BETWEEN 8298540 AND 8298640
	Index Scan using sbtest4_pkey on sbtest4  (cost=0.43..350.40 rows=89 width=125)
	  Index Cond: ((id >= 8298540) AND (id <= 8298640))

table 5 : explain SELECT id, c FROM sbtest5 WHERE id BETWEEN 8298540 AND 8298640
	Index Scan using sbtest5_pkey on sbtest5  (cost=0.43..391.83 rows=99 width=125)
	  Index Cond: ((id >= 8298540) AND (id <= 8298640))

table 6 : explain SELECT id, c FROM sbtest6 WHERE id BETWEEN 8298540 AND 8298640
	Index Scan using sbtest6_pkey on sbtest6  (cost=0.43..426.63 rows=108 width=125)
	  Index Cond: ((id >= 8298540) AND (id <= 8298640))

table 7 : explain SELECT id, c FROM sbtest7 WHERE id BETWEEN 8298540 AND 8298640
	Index Scan using sbtest7_pkey on sbtest7  (cost=0.43..363.25 rows=92 width=125)
	  Index Cond: ((id >= 8298540) AND (id <= 8298640))

table 8 : explain SELECT id, c FROM sbtest8 WHERE id BETWEEN 8298540 AND 8298640
	Index Scan using sbtest8_pkey on sbtest8  (cost=0.43..375.38 rows=95 width=125)
	  Index Cond: ((id >= 8298540) AND (id <= 8298640))

for range-notcovered
table 1 : explain SELECT id, c FROM sbtest1 WHERE id BETWEEN 8027229 AND 8027329
	Index Scan using sbtest1_pkey on sbtest1  (cost=0.43..392.56 rows=99 width=125)
	  Index Cond: ((id >= 8027229) AND (id <= 8027329))

table 2 : explain SELECT id, c FROM sbtest2 WHERE id BETWEEN 8027229 AND 8027329
	Index Scan using sbtest2_pkey on sbtest2  (cost=0.43..404.42 rows=102 width=125)
	  Index Cond: ((id >= 8027229) AND (id <= 8027329))

table 3 : explain SELECT id, c FROM sbtest3 WHERE id BETWEEN 8027229 AND 8027329
	Index Scan using sbtest3_pkey on sbtest3  (cost=0.43..371.77 rows=94 width=125)
	  Index Cond: ((id >= 8027229) AND (id <= 8027329))

table 4 : explain SELECT id, c FROM sbtest4 WHERE id BETWEEN 8027229 AND 8027329
	Index Scan using sbtest4_pkey on sbtest4  (cost=0.43..435.90 rows=111 width=125)
	  Index Cond: ((id >= 8027229) AND (id <= 8027329))

table 5 : explain SELECT id, c FROM sbtest5 WHERE id BETWEEN 8027229 AND 8027329
	Index Scan using sbtest5_pkey on sbtest5  (cost=0.43..384.01 rows=97 width=125)
	  Index Cond: ((id >= 8027229) AND (id <= 8027329))

table 6 : explain SELECT id, c FROM sbtest6 WHERE id BETWEEN 8027229 AND 8027329
	Index Scan using sbtest6_pkey on sbtest6  (cost=0.43..414.91 rows=105 width=125)
	  Index Cond: ((id >= 8027229) AND (id <= 8027329))

table 7 : explain SELECT id, c FROM sbtest7 WHERE id BETWEEN 8027229 AND 8027329
	Index Scan using sbtest7_pkey on sbtest7  (cost=0.43..425.61 rows=108 width=125)
	  Index Cond: ((id >= 8027229) AND (id <= 8027329))

table 8 : explain SELECT id, c FROM sbtest8 WHERE id BETWEEN 8027229 AND 8027329
	Index Scan using sbtest8_pkey on sbtest8  (cost=0.43..394.89 rows=100 width=125)
	  Index Cond: ((id >= 8027229) AND (id <= 8027329))

explain: for range-notcovered :: explain SELECT id, c FROM sbtest%d WHERE id BETWEEN 7669155 AND 7669255
for range-notcovered
table 1 : explain SELECT id, c FROM sbtest1 WHERE id BETWEEN 3964259 AND 3964359
	Index Scan using sbtest1_pkey on sbtest1  (cost=0.43..416.07 rows=105 width=125)
	  Index Cond: ((id >= 3964259) AND (id <= 3964359))

table 2 : explain SELECT id, c FROM sbtest2 WHERE id BETWEEN 3964259 AND 3964359
	Index Scan using sbtest2_pkey on sbtest2  (cost=0.43..404.42 rows=102 width=125)
	  Index Cond: ((id >= 3964259) AND (id <= 3964359))

table 3 : explain SELECT id, c FROM sbtest3 WHERE id BETWEEN 3964259 AND 3964359
	Index Scan using sbtest3_pkey on sbtest3  (cost=0.43..383.49 rows=97 width=125)
	  Index Cond: ((id >= 3964259) AND (id <= 3964359))

table 4 : explain SELECT id, c FROM sbtest4 WHERE id BETWEEN 3964259 AND 3964359
	Index Scan using sbtest4_pkey on sbtest4  (cost=0.43..389.28 rows=99 width=125)
	  Index Cond: ((id >= 3964259) AND (id <= 3964359))

table 5 : explain SELECT id, c FROM sbtest5 WHERE id BETWEEN 3964259 AND 3964359
	Index Scan using sbtest5_pkey on sbtest5  (cost=0.43..399.65 rows=101 width=125)
	  Index Cond: ((id >= 3964259) AND (id <= 3964359))

table 6 : explain SELECT id, c FROM sbtest6 WHERE id BETWEEN 3964259 AND 3964359
	Index Scan using sbtest6_pkey on sbtest6  (cost=0.43..418.82 rows=106 width=125)
	  Index Cond: ((id >= 3964259) AND (id <= 3964359))

table 7 : explain SELECT id, c FROM sbtest7 WHERE id BETWEEN 3964259 AND 3964359
	Index Scan using sbtest7_pkey on sbtest7  (cost=0.43..417.82 rows=106 width=125)
	  Index Cond: ((id >= 3964259) AND (id <= 3964359))

table 8 : explain SELECT id, c FROM sbtest8 WHERE id BETWEEN 3964259 AND 3964359
	Index Scan using sbtest8_pkey on sbtest8  (cost=0.43..422.21 rows=107 width=125)
	  Index Cond: ((id >= 3964259) AND (id <= 3964359))

explain: for range-notcovered :: explain SELECT id, c FROM sbtest%d WHERE id BETWEEN 8027229 AND 8027329
explain: for range-notcovered :: explain SELECT id, c FROM sbtest%d WHERE id BETWEEN 8298540 AND 8298640
explain: for range-notcovered :: explain SELECT id, c FROM sbtest%d WHERE id BETWEEN 3832138 AND 3832238
explain: for range-notcovered :: explain SELECT id, c FROM sbtest%d WHERE id BETWEEN 3964259 AND 3964359
for range-notcovered
table 1 : explain SELECT id, c FROM sbtest1 WHERE id BETWEEN 3405142 AND 3405242
	Index Scan using sbtest1_pkey on sbtest1  (cost=0.43..392.56 rows=99 width=125)
	  Index Cond: ((id >= 3405142) AND (id <= 3405242))

table 2 : explain SELECT id, c FROM sbtest2 WHERE id BETWEEN 3405142 AND 3405242
	Index Scan using sbtest2_pkey on sbtest2  (cost=0.43..384.83 rows=97 width=125)
	  Index Cond: ((id >= 3405142) AND (id <= 3405242))

table 3 : explain SELECT id, c FROM sbtest3 WHERE id BETWEEN 3405142 AND 3405242
	Index Scan using sbtest3_pkey on sbtest3  (cost=0.43..399.11 rows=101 width=125)
	  Index Cond: ((id >= 3405142) AND (id <= 3405242))

table 4 : explain SELECT id, c FROM sbtest4 WHERE id BETWEEN 3405142 AND 3405242
	Index Scan using sbtest4_pkey on sbtest4  (cost=0.43..408.70 rows=104 width=125)
	  Index Cond: ((id >= 3405142) AND (id <= 3405242))

table 5 : explain SELECT id, c FROM sbtest5 WHERE id BETWEEN 3405142 AND 3405242
	Index Scan using sbtest5_pkey on sbtest5  (cost=0.43..399.65 rows=101 width=125)
	  Index Cond: ((id >= 3405142) AND (id <= 3405242))

table 6 : explain SELECT id, c FROM sbtest6 WHERE id BETWEEN 3405142 AND 3405242
	Index Scan using sbtest6_pkey on sbtest6  (cost=0.43..403.19 rows=102 width=125)
	  Index Cond: ((id >= 3405142) AND (id <= 3405242))

table 7 : explain SELECT id, c FROM sbtest7 WHERE id BETWEEN 3405142 AND 3405242
	Index Scan using sbtest7_pkey on sbtest7  (cost=0.43..413.92 rows=105 width=125)
	  Index Cond: ((id >= 3405142) AND (id <= 3405242))

table 8 : explain SELECT id, c FROM sbtest8 WHERE id BETWEEN 3405142 AND 3405242
	Index Scan using sbtest8_pkey on sbtest8  (cost=0.43..402.70 rows=102 width=125)
	  Index Cond: ((id >= 3405142) AND (id <= 3405242))

for range-notcovered
table 1 : explain SELECT id, c FROM sbtest1 WHERE id BETWEEN 7501254 AND 7501354
	Index Scan using sbtest1_pkey on sbtest1  (cost=0.43..412.15 rows=104 width=125)
	  Index Cond: ((id >= 7501254) AND (id <= 7501354))

table 2 : explain SELECT id, c FROM sbtest2 WHERE id BETWEEN 7501254 AND 7501354
	Index Scan using sbtest2_pkey on sbtest2  (cost=0.43..420.10 rows=106 width=125)
	  Index Cond: ((id >= 7501254) AND (id <= 7501354))

table 3 : explain SELECT id, c FROM sbtest3 WHERE id BETWEEN 7501254 AND 7501354
	Index Scan using sbtest3_pkey on sbtest3  (cost=0.43..410.83 rows=104 width=125)
	  Index Cond: ((id >= 7501254) AND (id <= 7501354))

table 4 : explain SELECT id, c FROM sbtest4 WHERE id BETWEEN 7501254 AND 7501354
	Index Scan using sbtest4_pkey on sbtest4  (cost=0.43..385.39 rows=98 width=125)
	  Index Cond: ((id >= 7501254) AND (id <= 7501354))

table 5 : explain SELECT id, c FROM sbtest5 WHERE id BETWEEN 7501254 AND 7501354
	Index Scan using sbtest5_pkey on sbtest5  (cost=0.43..364.45 rows=92 width=125)
	  Index Cond: ((id >= 7501254) AND (id <= 7501354))

table 6 : explain SELECT id, c FROM sbtest6 WHERE id BETWEEN 7501254 AND 7501354
	Index Scan using sbtest6_pkey on sbtest6  (cost=0.43..438.36 rows=111 width=125)
	  Index Cond: ((id >= 7501254) AND (id <= 7501354))

table 7 : explain SELECT id, c FROM sbtest7 WHERE id BETWEEN 7501254 AND 7501354
	Index Scan using sbtest7_pkey on sbtest7  (cost=0.43..394.43 rows=100 width=125)
	  Index Cond: ((id >= 7501254) AND (id <= 7501354))

table 8 : explain SELECT id, c FROM sbtest8 WHERE id BETWEEN 7501254 AND 7501354
	Index Scan using sbtest8_pkey on sbtest8  (cost=0.43..422.21 rows=107 width=125)
	  Index Cond: ((id >= 7501254) AND (id <= 7501354))

explain: for range-notcovered :: explain SELECT id, c FROM sbtest%d WHERE id BETWEEN 3405142 AND 3405242
explain: for range-notcovered :: explain SELECT id, c FROM sbtest%d WHERE id BETWEEN 7501254 AND 7501354
for range-notcovered
table 1 : explain SELECT id, c FROM sbtest1 WHERE id BETWEEN 8027229 AND 8027329
	Index Scan using sbtest1_pkey on sbtest1  (cost=0.43..392.56 rows=99 width=125)
	  Index Cond: ((id >= 8027229) AND (id <= 8027329))

table 2 : explain SELECT id, c FROM sbtest2 WHERE id BETWEEN 8027229 AND 8027329
	Index Scan using sbtest2_pkey on sbtest2  (cost=0.43..404.42 rows=102 width=125)
	  Index Cond: ((id >= 8027229) AND (id <= 8027329))

table 3 : explain SELECT id, c FROM sbtest3 WHERE id BETWEEN 8027229 AND 8027329
	Index Scan using sbtest3_pkey on sbtest3  (cost=0.43..371.77 rows=94 width=125)
	  Index Cond: ((id >= 8027229) AND (id <= 8027329))

table 4 : explain SELECT id, c FROM sbtest4 WHERE id BETWEEN 8027229 AND 8027329
	Index Scan using sbtest4_pkey on sbtest4  (cost=0.43..435.90 rows=111 width=125)
	  Index Cond: ((id >= 8027229) AND (id <= 8027329))

table 5 : explain SELECT id, c FROM sbtest5 WHERE id BETWEEN 8027229 AND 8027329
	Index Scan using sbtest5_pkey on sbtest5  (cost=0.43..384.01 rows=97 width=125)
	  Index Cond: ((id >= 8027229) AND (id <= 8027329))

table 6 : explain SELECT id, c FROM sbtest6 WHERE id BETWEEN 8027229 AND 8027329
	Index Scan using sbtest6_pkey on sbtest6  (cost=0.43..414.91 rows=105 width=125)
	  Index Cond: ((id >= 8027229) AND (id <= 8027329))

table 7 : explain SELECT id, c FROM sbtest7 WHERE id BETWEEN 8027229 AND 8027329
	Index Scan using sbtest7_pkey on sbtest7  (cost=0.43..425.61 rows=108 width=125)
	  Index Cond: ((id >= 8027229) AND (id <= 8027329))

table 8 : explain SELECT id, c FROM sbtest8 WHERE id BETWEEN 8027229 AND 8027329
	Index Scan using sbtest8_pkey on sbtest8  (cost=0.43..394.89 rows=100 width=125)
	  Index Cond: ((id >= 8027229) AND (id <= 8027329))

for range-notcovered
table 1 : explain SELECT id, c FROM sbtest1 WHERE id BETWEEN 323633 AND 323733
	Index Scan using sbtest1_pkey on sbtest1  (cost=0.43..423.91 rows=107 width=125)
	  Index Cond: ((id >= 323633) AND (id <= 323733))

table 2 : explain SELECT id, c FROM sbtest2 WHERE id BETWEEN 323633 AND 323733
	Index Scan using sbtest2_pkey on sbtest2  (cost=0.43..420.10 rows=106 width=125)
	  Index Cond: ((id >= 323633) AND (id <= 323733))

table 3 : explain SELECT id, c FROM sbtest3 WHERE id BETWEEN 323633 AND 323733
	Index Scan using sbtest3_pkey on sbtest3  (cost=0.43..403.02 rows=102 width=125)
	  Index Cond: ((id >= 323633) AND (id <= 323733))

table 4 : explain SELECT id, c FROM sbtest4 WHERE id BETWEEN 323633 AND 323733
	Index Scan using sbtest4_pkey on sbtest4  (cost=0.43..385.39 rows=98 width=125)
	  Index Cond: ((id >= 323633) AND (id <= 323733))

table 5 : explain SELECT id, c FROM sbtest5 WHERE id BETWEEN 323633 AND 323733
	Index Scan using sbtest5_pkey on sbtest5  (cost=0.43..403.57 rows=102 width=125)
	  Index Cond: ((id >= 323633) AND (id <= 323733))

table 6 : explain SELECT id, c FROM sbtest6 WHERE id BETWEEN 323633 AND 323733
	Index Scan using sbtest6_pkey on sbtest6  (cost=0.43..383.65 rows=97 width=125)
	  Index Cond: ((id >= 323633) AND (id <= 323733))

table 7 : explain SELECT id, c FROM sbtest7 WHERE id BETWEEN 323633 AND 323733
	Index Scan using sbtest7_pkey on sbtest7  (cost=0.43..378.84 rows=96 width=125)
	  Index Cond: ((id >= 323633) AND (id <= 323733))

table 8 : explain SELECT id, c FROM sbtest8 WHERE id BETWEEN 323633 AND 323733
	Index Scan using sbtest8_pkey on sbtest8  (cost=0.43..398.80 rows=101 width=125)
	  Index Cond: ((id >= 323633) AND (id <= 323733))

explain: for range-notcovered :: explain SELECT id, c FROM sbtest%d WHERE id BETWEEN 8027229 AND 8027329
for range-notcovered
table 1 : explain SELECT id, c FROM sbtest1 WHERE id BETWEEN 6111416 AND 6111516
	Index Scan using sbtest1_pkey on sbtest1  (cost=0.43..400.40 rows=101 width=125)
	  Index Cond: ((id >= 6111416) AND (id <= 6111516))

table 2 : explain SELECT id, c FROM sbtest2 WHERE id BETWEEN 6111416 AND 6111516
	Index Scan using sbtest2_pkey on sbtest2  (cost=0.43..424.02 rows=107 width=125)
	  Index Cond: ((id >= 6111416) AND (id <= 6111516))

table 3 : explain SELECT id, c FROM sbtest3 WHERE id BETWEEN 6111416 AND 6111516
	Index Scan using sbtest3_pkey on sbtest3  (cost=0.43..438.17 rows=111 width=125)
	  Index Cond: ((id >= 6111416) AND (id <= 6111516))

table 4 : explain SELECT id, c FROM sbtest4 WHERE id BETWEEN 6111416 AND 6111516
	Index Scan using sbtest4_pkey on sbtest4  (cost=0.43..393.16 rows=100 width=125)
	  Index Cond: ((id >= 6111416) AND (id <= 6111516))

table 5 : explain SELECT id, c FROM sbtest5 WHERE id BETWEEN 6111416 AND 6111516
	Index Scan using sbtest5_pkey on sbtest5  (cost=0.43..434.86 rows=110 width=125)
	  Index Cond: ((id >= 6111416) AND (id <= 6111516))

table 6 : explain SELECT id, c FROM sbtest6 WHERE id BETWEEN 6111416 AND 6111516
	Index Scan using sbtest6_pkey on sbtest6  (cost=0.43..360.21 rows=91 width=125)
	  Index Cond: ((id >= 6111416) AND (id <= 6111516))

table 7 : explain SELECT id, c FROM sbtest7 WHERE id BETWEEN 6111416 AND 6111516
	Index Scan using sbtest7_pkey on sbtest7  (cost=0.43..386.63 rows=98 width=125)
	  Index Cond: ((id >= 6111416) AND (id <= 6111516))

table 8 : explain SELECT id, c FROM sbtest8 WHERE id BETWEEN 6111416 AND 6111516
	Index Scan using sbtest8_pkey on sbtest8  (cost=0.43..387.09 rows=98 width=125)
	  Index Cond: ((id >= 6111416) AND (id <= 6111516))

explain: for range-notcovered :: explain SELECT id, c FROM sbtest%d WHERE id BETWEEN 323633 AND 323733
for range-notcovered
table 1 : explain SELECT id, c FROM sbtest1 WHERE id BETWEEN 3987397 AND 3987497
	Index Scan using sbtest1_pkey on sbtest1  (cost=0.43..439.58 rows=111 width=125)
	  Index Cond: ((id >= 3987397) AND (id <= 3987497))

table 2 : explain SELECT id, c FROM sbtest2 WHERE id BETWEEN 3987397 AND 3987497
	Index Scan using sbtest2_pkey on sbtest2  (cost=0.43..404.42 rows=102 width=125)
	  Index Cond: ((id >= 3987397) AND (id <= 3987497))

table 3 : explain SELECT id, c FROM sbtest3 WHERE id BETWEEN 3987397 AND 3987497
	Index Scan using sbtest3_pkey on sbtest3  (cost=0.43..383.49 rows=97 width=125)
	  Index Cond: ((id >= 3987397) AND (id <= 3987497))

table 4 : explain SELECT id, c FROM sbtest4 WHERE id BETWEEN 3987397 AND 3987497
	Index Scan using sbtest4_pkey on sbtest4  (cost=0.43..389.28 rows=99 width=125)
	  Index Cond: ((id >= 3987397) AND (id <= 3987497))

table 5 : explain SELECT id, c FROM sbtest5 WHERE id BETWEEN 3987397 AND 3987497
	Index Scan using sbtest5_pkey on sbtest5  (cost=0.43..399.65 rows=101 width=125)
	  Index Cond: ((id >= 3987397) AND (id <= 3987497))

table 6 : explain SELECT id, c FROM sbtest6 WHERE id BETWEEN 3987397 AND 3987497
	Index Scan using sbtest6_pkey on sbtest6  (cost=0.43..418.82 rows=106 width=125)
	  Index Cond: ((id >= 3987397) AND (id <= 3987497))

table 7 : explain SELECT id, c FROM sbtest7 WHERE id BETWEEN 3987397 AND 3987497
	Index Scan using sbtest7_pkey on sbtest7  (cost=0.43..410.02 rows=104 width=125)
	  Index Cond: ((id >= 3987397) AND (id <= 3987497))

table 8 : explain SELECT id, c FROM sbtest8 WHERE id BETWEEN 3987397 AND 3987497
	Index Scan using sbtest8_pkey on sbtest8  (cost=0.43..422.21 rows=107 width=125)
	  Index Cond: ((id >= 3987397) AND (id <= 3987497))

explain: for range-notcovered :: explain SELECT id, c FROM sbtest%d WHERE id BETWEEN 3987397 AND 3987497
for range-notcovered
table 1 : explain SELECT id, c FROM sbtest1 WHERE id BETWEEN 6368854 AND 6368954
	Index Scan using sbtest1_pkey on sbtest1  (cost=0.43..388.64 rows=98 width=125)
	  Index Cond: ((id >= 6368854) AND (id <= 6368954))

table 2 : explain SELECT id, c FROM sbtest2 WHERE id BETWEEN 6368854 AND 6368954
	Index Scan using sbtest2_pkey on sbtest2  (cost=0.43..388.75 rows=98 width=125)
	  Index Cond: ((id >= 6368854) AND (id <= 6368954))

table 3 : explain SELECT id, c FROM sbtest3 WHERE id BETWEEN 6368854 AND 6368954
	Index Scan using sbtest3_pkey on sbtest3  (cost=0.43..399.11 rows=101 width=125)
	  Index Cond: ((id >= 6368854) AND (id <= 6368954))

table 4 : explain SELECT id, c FROM sbtest4 WHERE id BETWEEN 6368854 AND 6368954
	Index Scan using sbtest4_pkey on sbtest4  (cost=0.43..381.51 rows=97 width=125)
	  Index Cond: ((id >= 6368854) AND (id <= 6368954))

table 5 : explain SELECT id, c FROM sbtest5 WHERE id BETWEEN 6368854 AND 6368954
	Index Scan using sbtest5_pkey on sbtest5  (cost=0.43..419.21 rows=106 width=125)
	  Index Cond: ((id >= 6368854) AND (id <= 6368954))

table 6 : explain SELECT id, c FROM sbtest6 WHERE id BETWEEN 6368854 AND 6368954
	Index Scan using sbtest6_pkey on sbtest6  (cost=0.43..422.73 rows=107 width=125)
	  Index Cond: ((id >= 6368854) AND (id <= 6368954))

table 7 : explain SELECT id, c FROM sbtest7 WHERE id BETWEEN 6368854 AND 6368954
	Index Scan using sbtest7_pkey on sbtest7  (cost=0.43..378.84 rows=96 width=125)
	  Index Cond: ((id >= 6368854) AND (id <= 6368954))

table 8 : explain SELECT id, c FROM sbtest8 WHERE id BETWEEN 6368854 AND 6368954
	Index Scan using sbtest8_pkey on sbtest8  (cost=0.43..414.41 rows=105 width=125)
	  Index Cond: ((id >= 6368854) AND (id <= 6368954))

explain: for range-notcovered :: explain SELECT id, c FROM sbtest%d WHERE id BETWEEN 6111416 AND 6111516
explain: for range-notcovered :: explain SELECT id, c FROM sbtest%d WHERE id BETWEEN 6368854 AND 6368954
explain: for range-notcovered :: explain SELECT id, c FROM sbtest%d WHERE id BETWEEN 4278161 AND 4278261
for range-notcovered
table 1 : explain SELECT id, c FROM sbtest1 WHERE id BETWEEN 7669155 AND 7669255
	Index Scan using sbtest1_pkey on sbtest1  (cost=0.43..380.78 rows=96 width=125)
	  Index Cond: ((id >= 7669155) AND (id <= 7669255))

table 2 : explain SELECT id, c FROM sbtest2 WHERE id BETWEEN 7669155 AND 7669255
	Index Scan using sbtest2_pkey on sbtest2  (cost=0.43..404.42 rows=102 width=125)
	  Index Cond: ((id >= 7669155) AND (id <= 7669255))

table 3 : explain SELECT id, c FROM sbtest3 WHERE id BETWEEN 7669155 AND 7669255
	Index Scan using sbtest3_pkey on sbtest3  (cost=0.43..395.21 rows=100 width=125)
	  Index Cond: ((id >= 7669155) AND (id <= 7669255))

table 4 : explain SELECT id, c FROM sbtest4 WHERE id BETWEEN 7669155 AND 7669255
	Index Scan using sbtest4_pkey on sbtest4  (cost=0.43..420.36 rows=107 width=125)
	  Index Cond: ((id >= 7669155) AND (id <= 7669255))

table 5 : explain SELECT id, c FROM sbtest5 WHERE id BETWEEN 7669155 AND 7669255
	Index Scan using sbtest5_pkey on sbtest5  (cost=0.43..434.86 rows=110 width=125)
	  Index Cond: ((id >= 7669155) AND (id <= 7669255))

table 6 : explain SELECT id, c FROM sbtest6 WHERE id BETWEEN 7669155 AND 7669255
	Index Scan using sbtest6_pkey on sbtest6  (cost=0.43..403.19 rows=102 width=125)
	  Index Cond: ((id >= 7669155) AND (id <= 7669255))

table 7 : explain SELECT id, c FROM sbtest7 WHERE id BETWEEN 7669155 AND 7669255
	Index Scan using sbtest7_pkey on sbtest7  (cost=0.43..374.94 rows=95 width=125)
	  Index Cond: ((id >= 7669155) AND (id <= 7669255))

table 8 : explain SELECT id, c FROM sbtest8 WHERE id BETWEEN 7669155 AND 7669255
	Index Scan using sbtest8_pkey on sbtest8  (cost=0.43..383.19 rows=97 width=125)
	  Index Cond: ((id >= 7669155) AND (id <= 7669255))

for range-notcovered
table 1 : explain SELECT id, c FROM sbtest1 WHERE id BETWEEN 7501254 AND 7501354
	Index Scan using sbtest1_pkey on sbtest1  (cost=0.43..412.15 rows=104 width=125)
	  Index Cond: ((id >= 7501254) AND (id <= 7501354))

table 2 : explain SELECT id, c FROM sbtest2 WHERE id BETWEEN 7501254 AND 7501354
	Index Scan using sbtest2_pkey on sbtest2  (cost=0.43..420.10 rows=106 width=125)
	  Index Cond: ((id >= 7501254) AND (id <= 7501354))

table 3 : explain SELECT id, c FROM sbtest3 WHERE id BETWEEN 7501254 AND 7501354
	Index Scan using sbtest3_pkey on sbtest3  (cost=0.43..410.83 rows=104 width=125)
	  Index Cond: ((id >= 7501254) AND (id <= 7501354))

table 4 : explain SELECT id, c FROM sbtest4 WHERE id BETWEEN 7501254 AND 7501354
	Index Scan using sbtest4_pkey on sbtest4  (cost=0.43..385.39 rows=98 width=125)
	  Index Cond: ((id >= 7501254) AND (id <= 7501354))

table 5 : explain SELECT id, c FROM sbtest5 WHERE id BETWEEN 7501254 AND 7501354
	Index Scan using sbtest5_pkey on sbtest5  (cost=0.43..364.45 rows=92 width=125)
	  Index Cond: ((id >= 7501254) AND (id <= 7501354))

table 6 : explain SELECT id, c FROM sbtest6 WHERE id BETWEEN 7501254 AND 7501354
	Index Scan using sbtest6_pkey on sbtest6  (cost=0.43..438.36 rows=111 width=125)
	  Index Cond: ((id >= 7501254) AND (id <= 7501354))

table 7 : explain SELECT id, c FROM sbtest7 WHERE id BETWEEN 7501254 AND 7501354
	Index Scan using sbtest7_pkey on sbtest7  (cost=0.43..394.43 rows=100 width=125)
	  Index Cond: ((id >= 7501254) AND (id <= 7501354))

table 8 : explain SELECT id, c FROM sbtest8 WHERE id BETWEEN 7501254 AND 7501354
	Index Scan using sbtest8_pkey on sbtest8  (cost=0.43..422.21 rows=107 width=125)
	  Index Cond: ((id >= 7501254) AND (id <= 7501354))

for range-notcovered
table 1 : explain SELECT id, c FROM sbtest1 WHERE id BETWEEN 3832138 AND 3832238
	Index Scan using sbtest1_pkey on sbtest1  (cost=0.43..451.34 rows=114 width=125)
	  Index Cond: ((id >= 3832138) AND (id <= 3832238))

table 2 : explain SELECT id, c FROM sbtest2 WHERE id BETWEEN 3832138 AND 3832238
	Index Scan using sbtest2_pkey on sbtest2  (cost=0.43..400.50 rows=101 width=125)
	  Index Cond: ((id >= 3832138) AND (id <= 3832238))

table 3 : explain SELECT id, c FROM sbtest3 WHERE id BETWEEN 3832138 AND 3832238
	Index Scan using sbtest3_pkey on sbtest3  (cost=0.43..457.70 rows=116 width=125)
	  Index Cond: ((id >= 3832138) AND (id <= 3832238))

table 4 : explain SELECT id, c FROM sbtest4 WHERE id BETWEEN 3832138 AND 3832238
	Index Scan using sbtest4_pkey on sbtest4  (cost=0.43..393.16 rows=100 width=125)
	  Index Cond: ((id >= 3832138) AND (id <= 3832238))

table 5 : explain SELECT id, c FROM sbtest5 WHERE id BETWEEN 3832138 AND 3832238
	Index Scan using sbtest5_pkey on sbtest5  (cost=0.43..403.57 rows=102 width=125)
	  Index Cond: ((id >= 3832138) AND (id <= 3832238))

table 6 : explain SELECT id, c FROM sbtest6 WHERE id BETWEEN 3832138 AND 3832238
	Index Scan using sbtest6_pkey on sbtest6  (cost=0.43..371.93 rows=94 width=125)
	  Index Cond: ((id >= 3832138) AND (id <= 3832238))

table 7 : explain SELECT id, c FROM sbtest7 WHERE id BETWEEN 3832138 AND 3832238
	Index Scan using sbtest7_pkey on sbtest7  (cost=0.43..402.22 rows=102 width=125)
	  Index Cond: ((id >= 3832138) AND (id <= 3832238))

table 8 : explain SELECT id, c FROM sbtest8 WHERE id BETWEEN 3832138 AND 3832238
	Index Scan using sbtest8_pkey on sbtest8  (cost=0.43..445.63 rows=113 width=125)
	  Index Cond: ((id >= 3832138) AND (id <= 3832238))

for range-notcovered
table 1 : explain SELECT id, c FROM sbtest1 WHERE id BETWEEN 8298540 AND 8298640
	Index Scan using sbtest1_pkey on sbtest1  (cost=0.43..345.51 rows=87 width=125)
	  Index Cond: ((id >= 8298540) AND (id <= 8298640))

table 2 : explain SELECT id, c FROM sbtest2 WHERE id BETWEEN 8298540 AND 8298640
	Index Scan using sbtest2_pkey on sbtest2  (cost=0.43..384.83 rows=97 width=125)
	  Index Cond: ((id >= 8298540) AND (id <= 8298640))

table 3 : explain SELECT id, c FROM sbtest3 WHERE id BETWEEN 8298540 AND 8298640
	Index Scan using sbtest3_pkey on sbtest3  (cost=0.43..379.58 rows=96 width=125)
	  Index Cond: ((id >= 8298540) AND (id <= 8298640))

table 4 : explain SELECT id, c FROM sbtest4 WHERE id BETWEEN 8298540 AND 8298640
	Index Scan using sbtest4_pkey on sbtest4  (cost=0.43..350.40 rows=89 width=125)
	  Index Cond: ((id >= 8298540) AND (id <= 8298640))

table 5 : explain SELECT id, c FROM sbtest5 WHERE id BETWEEN 8298540 AND 8298640
	Index Scan using sbtest5_pkey on sbtest5  (cost=0.43..391.83 rows=99 width=125)
	  Index Cond: ((id >= 8298540) AND (id <= 8298640))

table 6 : explain SELECT id, c FROM sbtest6 WHERE id BETWEEN 8298540 AND 8298640
	Index Scan using sbtest6_pkey on sbtest6  (cost=0.43..426.63 rows=108 width=125)
	  Index Cond: ((id >= 8298540) AND (id <= 8298640))

table 7 : explain SELECT id, c FROM sbtest7 WHERE id BETWEEN 8298540 AND 8298640
	Index Scan using sbtest7_pkey on sbtest7  (cost=0.43..363.25 rows=92 width=125)
	  Index Cond: ((id >= 8298540) AND (id <= 8298640))

table 8 : explain SELECT id, c FROM sbtest8 WHERE id BETWEEN 8298540 AND 8298640
	Index Scan using sbtest8_pkey on sbtest8  (cost=0.43..375.38 rows=95 width=125)
	  Index Cond: ((id >= 8298540) AND (id <= 8298640))

explain: for range-notcovered :: explain SELECT id, c FROM sbtest%d WHERE id BETWEEN 7501254 AND 7501354
for range-notcovered
table 1 : explain SELECT id, c FROM sbtest1 WHERE id BETWEEN 3964259 AND 3964359
	Index Scan using sbtest1_pkey on sbtest1  (cost=0.43..416.07 rows=105 width=125)
	  Index Cond: ((id >= 3964259) AND (id <= 3964359))

table 2 : explain SELECT id, c FROM sbtest2 WHERE id BETWEEN 3964259 AND 3964359
	Index Scan using sbtest2_pkey on sbtest2  (cost=0.43..404.42 rows=102 width=125)
	  Index Cond: ((id >= 3964259) AND (id <= 3964359))

table 3 : explain SELECT id, c FROM sbtest3 WHERE id BETWEEN 3964259 AND 3964359
	Index Scan using sbtest3_pkey on sbtest3  (cost=0.43..383.49 rows=97 width=125)
	  Index Cond: ((id >= 3964259) AND (id <= 3964359))

table 4 : explain SELECT id, c FROM sbtest4 WHERE id BETWEEN 3964259 AND 3964359
	Index Scan using sbtest4_pkey on sbtest4  (cost=0.43..389.28 rows=99 width=125)
	  Index Cond: ((id >= 3964259) AND (id <= 3964359))

table 5 : explain SELECT id, c FROM sbtest5 WHERE id BETWEEN 3964259 AND 3964359
	Index Scan using sbtest5_pkey on sbtest5  (cost=0.43..399.65 rows=101 width=125)
	  Index Cond: ((id >= 3964259) AND (id <= 3964359))

table 6 : explain SELECT id, c FROM sbtest6 WHERE id BETWEEN 3964259 AND 3964359
	Index Scan using sbtest6_pkey on sbtest6  (cost=0.43..418.82 rows=106 width=125)
	  Index Cond: ((id >= 3964259) AND (id <= 3964359))

table 7 : explain SELECT id, c FROM sbtest7 WHERE id BETWEEN 3964259 AND 3964359
	Index Scan using sbtest7_pkey on sbtest7  (cost=0.43..417.82 rows=106 width=125)
	  Index Cond: ((id >= 3964259) AND (id <= 3964359))

table 8 : explain SELECT id, c FROM sbtest8 WHERE id BETWEEN 3964259 AND 3964359
	Index Scan using sbtest8_pkey on sbtest8  (cost=0.43..422.21 rows=107 width=125)
	  Index Cond: ((id >= 3964259) AND (id <= 3964359))

for range-notcovered
table 1 : explain SELECT id, c FROM sbtest1 WHERE id BETWEEN 8027229 AND 8027329
	Index Scan using sbtest1_pkey on sbtest1  (cost=0.43..392.56 rows=99 width=125)
	  Index Cond: ((id >= 8027229) AND (id <= 8027329))

table 2 : explain SELECT id, c FROM sbtest2 WHERE id BETWEEN 8027229 AND 8027329
	Index Scan using sbtest2_pkey on sbtest2  (cost=0.43..404.42 rows=102 width=125)
	  Index Cond: ((id >= 8027229) AND (id <= 8027329))

table 3 : explain SELECT id, c FROM sbtest3 WHERE id BETWEEN 8027229 AND 8027329
	Index Scan using sbtest3_pkey on sbtest3  (cost=0.43..371.77 rows=94 width=125)
	  Index Cond: ((id >= 8027229) AND (id <= 8027329))

table 4 : explain SELECT id, c FROM sbtest4 WHERE id BETWEEN 8027229 AND 8027329
	Index Scan using sbtest4_pkey on sbtest4  (cost=0.43..435.90 rows=111 width=125)
	  Index Cond: ((id >= 8027229) AND (id <= 8027329))

table 5 : explain SELECT id, c FROM sbtest5 WHERE id BETWEEN 8027229 AND 8027329
	Index Scan using sbtest5_pkey on sbtest5  (cost=0.43..384.01 rows=97 width=125)
	  Index Cond: ((id >= 8027229) AND (id <= 8027329))

table 6 : explain SELECT id, c FROM sbtest6 WHERE id BETWEEN 8027229 AND 8027329
	Index Scan using sbtest6_pkey on sbtest6  (cost=0.43..414.91 rows=105 width=125)
	  Index Cond: ((id >= 8027229) AND (id <= 8027329))

table 7 : explain SELECT id, c FROM sbtest7 WHERE id BETWEEN 8027229 AND 8027329
	Index Scan using sbtest7_pkey on sbtest7  (cost=0.43..425.61 rows=108 width=125)
	  Index Cond: ((id >= 8027229) AND (id <= 8027329))

table 8 : explain SELECT id, c FROM sbtest8 WHERE id BETWEEN 8027229 AND 8027329
	Index Scan using sbtest8_pkey on sbtest8  (cost=0.43..394.89 rows=100 width=125)
	  Index Cond: ((id >= 8027229) AND (id <= 8027329))

explain: for range-notcovered :: explain SELECT id, c FROM sbtest%d WHERE id BETWEEN 8298540 AND 8298640
explain: for range-notcovered :: explain SELECT id, c FROM sbtest%d WHERE id BETWEEN 7669155 AND 7669255
explain: for range-notcovered :: explain SELECT id, c FROM sbtest%d WHERE id BETWEEN 3832138 AND 3832238
for range-notcovered
table 1 : explain SELECT id, c FROM sbtest1 WHERE id BETWEEN 323633 AND 323733
	Index Scan using sbtest1_pkey on sbtest1  (cost=0.43..423.91 rows=107 width=125)
	  Index Cond: ((id >= 323633) AND (id <= 323733))

table 2 : explain SELECT id, c FROM sbtest2 WHERE id BETWEEN 323633 AND 323733
	Index Scan using sbtest2_pkey on sbtest2  (cost=0.43..420.10 rows=106 width=125)
	  Index Cond: ((id >= 323633) AND (id <= 323733))

table 3 : explain SELECT id, c FROM sbtest3 WHERE id BETWEEN 323633 AND 323733
	Index Scan using sbtest3_pkey on sbtest3  (cost=0.43..403.02 rows=102 width=125)
	  Index Cond: ((id >= 323633) AND (id <= 323733))

table 4 : explain SELECT id, c FROM sbtest4 WHERE id BETWEEN 323633 AND 323733
	Index Scan using sbtest4_pkey on sbtest4  (cost=0.43..385.39 rows=98 width=125)
	  Index Cond: ((id >= 323633) AND (id <= 323733))

table 5 : explain SELECT id, c FROM sbtest5 WHERE id BETWEEN 323633 AND 323733
	Index Scan using sbtest5_pkey on sbtest5  (cost=0.43..403.57 rows=102 width=125)
	  Index Cond: ((id >= 323633) AND (id <= 323733))

table 6 : explain SELECT id, c FROM sbtest6 WHERE id BETWEEN 323633 AND 323733
	Index Scan using sbtest6_pkey on sbtest6  (cost=0.43..383.65 rows=97 width=125)
	  Index Cond: ((id >= 323633) AND (id <= 323733))

table 7 : explain SELECT id, c FROM sbtest7 WHERE id BETWEEN 323633 AND 323733
	Index Scan using sbtest7_pkey on sbtest7  (cost=0.43..378.84 rows=96 width=125)
	  Index Cond: ((id >= 323633) AND (id <= 323733))

table 8 : explain SELECT id, c FROM sbtest8 WHERE id BETWEEN 323633 AND 323733
	Index Scan using sbtest8_pkey on sbtest8  (cost=0.43..398.80 rows=101 width=125)
	  Index Cond: ((id >= 323633) AND (id <= 323733))

explain: for range-notcovered :: explain SELECT id, c FROM sbtest%d WHERE id BETWEEN 8027229 AND 8027329
explain: for range-notcovered :: explain SELECT id, c FROM sbtest%d WHERE id BETWEEN 3964259 AND 3964359
explain: for range-notcovered :: explain SELECT id, c FROM sbtest%d WHERE id BETWEEN 323633 AND 323733
for range-notcovered
table 1 : explain SELECT id, c FROM sbtest1 WHERE id BETWEEN 3405142 AND 3405242
	Index Scan using sbtest1_pkey on sbtest1  (cost=0.43..392.56 rows=99 width=125)
	  Index Cond: ((id >= 3405142) AND (id <= 3405242))

table 2 : explain SELECT id, c FROM sbtest2 WHERE id BETWEEN 3405142 AND 3405242
	Index Scan using sbtest2_pkey on sbtest2  (cost=0.43..384.83 rows=97 width=125)
	  Index Cond: ((id >= 3405142) AND (id <= 3405242))

table 3 : explain SELECT id, c FROM sbtest3 WHERE id BETWEEN 3405142 AND 3405242
	Index Scan using sbtest3_pkey on sbtest3  (cost=0.43..399.11 rows=101 width=125)
	  Index Cond: ((id >= 3405142) AND (id <= 3405242))

table 4 : explain SELECT id, c FROM sbtest4 WHERE id BETWEEN 3405142 AND 3405242
	Index Scan using sbtest4_pkey on sbtest4  (cost=0.43..408.70 rows=104 width=125)
	  Index Cond: ((id >= 3405142) AND (id <= 3405242))

table 5 : explain SELECT id, c FROM sbtest5 WHERE id BETWEEN 3405142 AND 3405242
	Index Scan using sbtest5_pkey on sbtest5  (cost=0.43..399.65 rows=101 width=125)
	  Index Cond: ((id >= 3405142) AND (id <= 3405242))

table 6 : explain SELECT id, c FROM sbtest6 WHERE id BETWEEN 3405142 AND 3405242
	Index Scan using sbtest6_pkey on sbtest6  (cost=0.43..403.19 rows=102 width=125)
	  Index Cond: ((id >= 3405142) AND (id <= 3405242))

table 7 : explain SELECT id, c FROM sbtest7 WHERE id BETWEEN 3405142 AND 3405242
	Index Scan using sbtest7_pkey on sbtest7  (cost=0.43..413.92 rows=105 width=125)
	  Index Cond: ((id >= 3405142) AND (id <= 3405242))

table 8 : explain SELECT id, c FROM sbtest8 WHERE id BETWEEN 3405142 AND 3405242
	Index Scan using sbtest8_pkey on sbtest8  (cost=0.43..402.70 rows=102 width=125)
	  Index Cond: ((id >= 3405142) AND (id <= 3405242))

explain: for range-notcovered :: explain SELECT id, c FROM sbtest%d WHERE id BETWEEN 3405142 AND 3405242
for range-notcovered
table 1 : explain SELECT id, c FROM sbtest1 WHERE id BETWEEN 7501254 AND 7501354
	Index Scan using sbtest1_pkey on sbtest1  (cost=0.43..412.15 rows=104 width=125)
	  Index Cond: ((id >= 7501254) AND (id <= 7501354))

table 2 : explain SELECT id, c FROM sbtest2 WHERE id BETWEEN 7501254 AND 7501354
	Index Scan using sbtest2_pkey on sbtest2  (cost=0.43..420.10 rows=106 width=125)
	  Index Cond: ((id >= 7501254) AND (id <= 7501354))

table 3 : explain SELECT id, c FROM sbtest3 WHERE id BETWEEN 7501254 AND 7501354
	Index Scan using sbtest3_pkey on sbtest3  (cost=0.43..410.83 rows=104 width=125)
	  Index Cond: ((id >= 7501254) AND (id <= 7501354))

table 4 : explain SELECT id, c FROM sbtest4 WHERE id BETWEEN 7501254 AND 7501354
	Index Scan using sbtest4_pkey on sbtest4  (cost=0.43..385.39 rows=98 width=125)
	  Index Cond: ((id >= 7501254) AND (id <= 7501354))

table 5 : explain SELECT id, c FROM sbtest5 WHERE id BETWEEN 7501254 AND 7501354
	Index Scan using sbtest5_pkey on sbtest5  (cost=0.43..364.45 rows=92 width=125)
	  Index Cond: ((id >= 7501254) AND (id <= 7501354))

table 6 : explain SELECT id, c FROM sbtest6 WHERE id BETWEEN 7501254 AND 7501354
	Index Scan using sbtest6_pkey on sbtest6  (cost=0.43..438.36 rows=111 width=125)
	  Index Cond: ((id >= 7501254) AND (id <= 7501354))

table 7 : explain SELECT id, c FROM sbtest7 WHERE id BETWEEN 7501254 AND 7501354
	Index Scan using sbtest7_pkey on sbtest7  (cost=0.43..394.43 rows=100 width=125)
	  Index Cond: ((id >= 7501254) AND (id <= 7501354))

table 8 : explain SELECT id, c FROM sbtest8 WHERE id BETWEEN 7501254 AND 7501354
	Index Scan using sbtest8_pkey on sbtest8  (cost=0.43..422.21 rows=107 width=125)
	  Index Cond: ((id >= 7501254) AND (id <= 7501354))

explain: for range-notcovered :: explain SELECT id, c FROM sbtest%d WHERE id BETWEEN 7501254 AND 7501354
for range-notcovered
table 1 : explain SELECT id, c FROM sbtest1 WHERE id BETWEEN 8027229 AND 8027329
	Index Scan using sbtest1_pkey on sbtest1  (cost=0.43..392.56 rows=99 width=125)
	  Index Cond: ((id >= 8027229) AND (id <= 8027329))

table 2 : explain SELECT id, c FROM sbtest2 WHERE id BETWEEN 8027229 AND 8027329
	Index Scan using sbtest2_pkey on sbtest2  (cost=0.43..404.42 rows=102 width=125)
	  Index Cond: ((id >= 8027229) AND (id <= 8027329))

table 3 : explain SELECT id, c FROM sbtest3 WHERE id BETWEEN 8027229 AND 8027329
	Index Scan using sbtest3_pkey on sbtest3  (cost=0.43..371.77 rows=94 width=125)
	  Index Cond: ((id >= 8027229) AND (id <= 8027329))

table 4 : explain SELECT id, c FROM sbtest4 WHERE id BETWEEN 8027229 AND 8027329
	Index Scan using sbtest4_pkey on sbtest4  (cost=0.43..435.90 rows=111 width=125)
	  Index Cond: ((id >= 8027229) AND (id <= 8027329))

table 5 : explain SELECT id, c FROM sbtest5 WHERE id BETWEEN 8027229 AND 8027329
	Index Scan using sbtest5_pkey on sbtest5  (cost=0.43..384.01 rows=97 width=125)
	  Index Cond: ((id >= 8027229) AND (id <= 8027329))

table 6 : explain SELECT id, c FROM sbtest6 WHERE id BETWEEN 8027229 AND 8027329
	Index Scan using sbtest6_pkey on sbtest6  (cost=0.43..414.91 rows=105 width=125)
	  Index Cond: ((id >= 8027229) AND (id <= 8027329))

table 7 : explain SELECT id, c FROM sbtest7 WHERE id BETWEEN 8027229 AND 8027329
	Index Scan using sbtest7_pkey on sbtest7  (cost=0.43..425.61 rows=108 width=125)
	  Index Cond: ((id >= 8027229) AND (id <= 8027329))

table 8 : explain SELECT id, c FROM sbtest8 WHERE id BETWEEN 8027229 AND 8027329
	Index Scan using sbtest8_pkey on sbtest8  (cost=0.43..394.89 rows=100 width=125)
	  Index Cond: ((id >= 8027229) AND (id <= 8027329))

for range-notcovered
table 1 : explain SELECT id, c FROM sbtest1 WHERE id BETWEEN 3987397 AND 3987497
	Index Scan using sbtest1_pkey on sbtest1  (cost=0.43..439.58 rows=111 width=125)
	  Index Cond: ((id >= 3987397) AND (id <= 3987497))

table 2 : explain SELECT id, c FROM sbtest2 WHERE id BETWEEN 3987397 AND 3987497
	Index Scan using sbtest2_pkey on sbtest2  (cost=0.43..404.42 rows=102 width=125)
	  Index Cond: ((id >= 3987397) AND (id <= 3987497))

table 3 : explain SELECT id, c FROM sbtest3 WHERE id BETWEEN 3987397 AND 3987497
	Index Scan using sbtest3_pkey on sbtest3  (cost=0.43..383.49 rows=97 width=125)
	  Index Cond: ((id >= 3987397) AND (id <= 3987497))

table 4 : explain SELECT id, c FROM sbtest4 WHERE id BETWEEN 3987397 AND 3987497
	Index Scan using sbtest4_pkey on sbtest4  (cost=0.43..389.28 rows=99 width=125)
	  Index Cond: ((id >= 3987397) AND (id <= 3987497))

table 5 : explain SELECT id, c FROM sbtest5 WHERE id BETWEEN 3987397 AND 3987497
	Index Scan using sbtest5_pkey on sbtest5  (cost=0.43..399.65 rows=101 width=125)
	  Index Cond: ((id >= 3987397) AND (id <= 3987497))

table 6 : explain SELECT id, c FROM sbtest6 WHERE id BETWEEN 3987397 AND 3987497
	Index Scan using sbtest6_pkey on sbtest6  (cost=0.43..418.82 rows=106 width=125)
	  Index Cond: ((id >= 3987397) AND (id <= 3987497))

table 7 : explain SELECT id, c FROM sbtest7 WHERE id BETWEEN 3987397 AND 3987497
	Index Scan using sbtest7_pkey on sbtest7  (cost=0.43..410.02 rows=104 width=125)
	  Index Cond: ((id >= 3987397) AND (id <= 3987497))

table 8 : explain SELECT id, c FROM sbtest8 WHERE id BETWEEN 3987397 AND 3987497
	Index Scan using sbtest8_pkey on sbtest8  (cost=0.43..422.21 rows=107 width=125)
	  Index Cond: ((id >= 3987397) AND (id <= 3987497))

explain: for range-notcovered :: explain SELECT id, c FROM sbtest%d WHERE id BETWEEN 8027229 AND 8027329
for range-notcovered
table 1 : explain SELECT id, c FROM sbtest1 WHERE id BETWEEN 323633 AND 323733
	Index Scan using sbtest1_pkey on sbtest1  (cost=0.43..423.91 rows=107 width=125)
	  Index Cond: ((id >= 323633) AND (id <= 323733))

table 2 : explain SELECT id, c FROM sbtest2 WHERE id BETWEEN 323633 AND 323733
	Index Scan using sbtest2_pkey on sbtest2  (cost=0.43..420.10 rows=106 width=125)
	  Index Cond: ((id >= 323633) AND (id <= 323733))

table 3 : explain SELECT id, c FROM sbtest3 WHERE id BETWEEN 323633 AND 323733
	Index Scan using sbtest3_pkey on sbtest3  (cost=0.43..403.02 rows=102 width=125)
	  Index Cond: ((id >= 323633) AND (id <= 323733))

table 4 : explain SELECT id, c FROM sbtest4 WHERE id BETWEEN 323633 AND 323733
	Index Scan using sbtest4_pkey on sbtest4  (cost=0.43..385.39 rows=98 width=125)
	  Index Cond: ((id >= 323633) AND (id <= 323733))

table 5 : explain SELECT id, c FROM sbtest5 WHERE id BETWEEN 323633 AND 323733
	Index Scan using sbtest5_pkey on sbtest5  (cost=0.43..403.57 rows=102 width=125)
	  Index Cond: ((id >= 323633) AND (id <= 323733))

table 6 : explain SELECT id, c FROM sbtest6 WHERE id BETWEEN 323633 AND 323733
	Index Scan using sbtest6_pkey on sbtest6  (cost=0.43..383.65 rows=97 width=125)
	  Index Cond: ((id >= 323633) AND (id <= 323733))

table 7 : explain SELECT id, c FROM sbtest7 WHERE id BETWEEN 323633 AND 323733
	Index Scan using sbtest7_pkey on sbtest7  (cost=0.43..378.84 rows=96 width=125)
	  Index Cond: ((id >= 323633) AND (id <= 323733))

table 8 : explain SELECT id, c FROM sbtest8 WHERE id BETWEEN 323633 AND 323733
	Index Scan using sbtest8_pkey on sbtest8  (cost=0.43..398.80 rows=101 width=125)
	  Index Cond: ((id >= 323633) AND (id <= 323733))

explain: for range-notcovered :: explain SELECT id, c FROM sbtest%d WHERE id BETWEEN 3987397 AND 3987497
explain: for range-notcovered :: explain SELECT id, c FROM sbtest%d WHERE id BETWEEN 323633 AND 323733
for range-notcovered
table 1 : explain SELECT id, c FROM sbtest1 WHERE id BETWEEN 3405142 AND 3405242
	Index Scan using sbtest1_pkey on sbtest1  (cost=0.43..392.56 rows=99 width=125)
	  Index Cond: ((id >= 3405142) AND (id <= 3405242))

table 2 : explain SELECT id, c FROM sbtest2 WHERE id BETWEEN 3405142 AND 3405242
	Index Scan using sbtest2_pkey on sbtest2  (cost=0.43..384.83 rows=97 width=125)
	  Index Cond: ((id >= 3405142) AND (id <= 3405242))

table 3 : explain SELECT id, c FROM sbtest3 WHERE id BETWEEN 3405142 AND 3405242
	Index Scan using sbtest3_pkey on sbtest3  (cost=0.43..399.11 rows=101 width=125)
	  Index Cond: ((id >= 3405142) AND (id <= 3405242))

table 4 : explain SELECT id, c FROM sbtest4 WHERE id BETWEEN 3405142 AND 3405242
	Index Scan using sbtest4_pkey on sbtest4  (cost=0.43..408.70 rows=104 width=125)
	  Index Cond: ((id >= 3405142) AND (id <= 3405242))

table 5 : explain SELECT id, c FROM sbtest5 WHERE id BETWEEN 3405142 AND 3405242
	Index Scan using sbtest5_pkey on sbtest5  (cost=0.43..399.65 rows=101 width=125)
	  Index Cond: ((id >= 3405142) AND (id <= 3405242))

table 6 : explain SELECT id, c FROM sbtest6 WHERE id BETWEEN 3405142 AND 3405242
	Index Scan using sbtest6_pkey on sbtest6  (cost=0.43..403.19 rows=102 width=125)
	  Index Cond: ((id >= 3405142) AND (id <= 3405242))

table 7 : explain SELECT id, c FROM sbtest7 WHERE id BETWEEN 3405142 AND 3405242
	Index Scan using sbtest7_pkey on sbtest7  (cost=0.43..413.92 rows=105 width=125)
	  Index Cond: ((id >= 3405142) AND (id <= 3405242))

table 8 : explain SELECT id, c FROM sbtest8 WHERE id BETWEEN 3405142 AND 3405242
	Index Scan using sbtest8_pkey on sbtest8  (cost=0.43..402.70 rows=102 width=125)
	  Index Cond: ((id >= 3405142) AND (id <= 3405242))

for range-notcovered
table 1 : explain SELECT id, c FROM sbtest1 WHERE id BETWEEN 7669155 AND 7669255
	Index Scan using sbtest1_pkey on sbtest1  (cost=0.43..380.78 rows=96 width=125)
	  Index Cond: ((id >= 7669155) AND (id <= 7669255))

table 2 : explain SELECT id, c FROM sbtest2 WHERE id BETWEEN 7669155 AND 7669255
	Index Scan using sbtest2_pkey on sbtest2  (cost=0.43..404.42 rows=102 width=125)
	  Index Cond: ((id >= 7669155) AND (id <= 7669255))

table 3 : explain SELECT id, c FROM sbtest3 WHERE id BETWEEN 7669155 AND 7669255
	Index Scan using sbtest3_pkey on sbtest3  (cost=0.43..395.21 rows=100 width=125)
	  Index Cond: ((id >= 7669155) AND (id <= 7669255))

table 4 : explain SELECT id, c FROM sbtest4 WHERE id BETWEEN 7669155 AND 7669255
	Index Scan using sbtest4_pkey on sbtest4  (cost=0.43..420.36 rows=107 width=125)
	  Index Cond: ((id >= 7669155) AND (id <= 7669255))

table 5 : explain SELECT id, c FROM sbtest5 WHERE id BETWEEN 7669155 AND 7669255
	Index Scan using sbtest5_pkey on sbtest5  (cost=0.43..434.86 rows=110 width=125)
	  Index Cond: ((id >= 7669155) AND (id <= 7669255))

table 6 : explain SELECT id, c FROM sbtest6 WHERE id BETWEEN 7669155 AND 7669255
	Index Scan using sbtest6_pkey on sbtest6  (cost=0.43..403.19 rows=102 width=125)
	  Index Cond: ((id >= 7669155) AND (id <= 7669255))

table 7 : explain SELECT id, c FROM sbtest7 WHERE id BETWEEN 7669155 AND 7669255
	Index Scan using sbtest7_pkey on sbtest7  (cost=0.43..374.94 rows=95 width=125)
	  Index Cond: ((id >= 7669155) AND (id <= 7669255))

table 8 : explain SELECT id, c FROM sbtest8 WHERE id BETWEEN 7669155 AND 7669255
	Index Scan using sbtest8_pkey on sbtest8  (cost=0.43..383.19 rows=97 width=125)
	  Index Cond: ((id >= 7669155) AND (id <= 7669255))

explain: for range-notcovered :: explain SELECT id, c FROM sbtest%d WHERE id BETWEEN 3405142 AND 3405242
for range-notcovered
table 1 : explain SELECT id, c FROM sbtest1 WHERE id BETWEEN 7501254 AND 7501354
	Index Scan using sbtest1_pkey on sbtest1  (cost=0.43..412.15 rows=104 width=125)
	  Index Cond: ((id >= 7501254) AND (id <= 7501354))

table 2 : explain SELECT id, c FROM sbtest2 WHERE id BETWEEN 7501254 AND 7501354
	Index Scan using sbtest2_pkey on sbtest2  (cost=0.43..420.10 rows=106 width=125)
	  Index Cond: ((id >= 7501254) AND (id <= 7501354))

table 3 : explain SELECT id, c FROM sbtest3 WHERE id BETWEEN 7501254 AND 7501354
	Index Scan using sbtest3_pkey on sbtest3  (cost=0.43..410.83 rows=104 width=125)
	  Index Cond: ((id >= 7501254) AND (id <= 7501354))

table 4 : explain SELECT id, c FROM sbtest4 WHERE id BETWEEN 7501254 AND 7501354
	Index Scan using sbtest4_pkey on sbtest4  (cost=0.43..385.39 rows=98 width=125)
	  Index Cond: ((id >= 7501254) AND (id <= 7501354))

table 5 : explain SELECT id, c FROM sbtest5 WHERE id BETWEEN 7501254 AND 7501354
	Index Scan using sbtest5_pkey on sbtest5  (cost=0.43..364.45 rows=92 width=125)
	  Index Cond: ((id >= 7501254) AND (id <= 7501354))

table 6 : explain SELECT id, c FROM sbtest6 WHERE id BETWEEN 7501254 AND 7501354
	Index Scan using sbtest6_pkey on sbtest6  (cost=0.43..438.36 rows=111 width=125)
	  Index Cond: ((id >= 7501254) AND (id <= 7501354))

table 7 : explain SELECT id, c FROM sbtest7 WHERE id BETWEEN 7501254 AND 7501354
	Index Scan using sbtest7_pkey on sbtest7  (cost=0.43..394.43 rows=100 width=125)
	  Index Cond: ((id >= 7501254) AND (id <= 7501354))

table 8 : explain SELECT id, c FROM sbtest8 WHERE id BETWEEN 7501254 AND 7501354
	Index Scan using sbtest8_pkey on sbtest8  (cost=0.43..422.21 rows=107 width=125)
	  Index Cond: ((id >= 7501254) AND (id <= 7501354))

for range-notcovered
table 1 : explain SELECT id, c FROM sbtest1 WHERE id BETWEEN 3964259 AND 3964359
	Index Scan using sbtest1_pkey on sbtest1  (cost=0.43..416.07 rows=105 width=125)
	  Index Cond: ((id >= 3964259) AND (id <= 3964359))

table 2 : explain SELECT id, c FROM sbtest2 WHERE id BETWEEN 3964259 AND 3964359
	Index Scan using sbtest2_pkey on sbtest2  (cost=0.43..404.42 rows=102 width=125)
	  Index Cond: ((id >= 3964259) AND (id <= 3964359))

table 3 : explain SELECT id, c FROM sbtest3 WHERE id BETWEEN 3964259 AND 3964359
	Index Scan using sbtest3_pkey on sbtest3  (cost=0.43..383.49 rows=97 width=125)
	  Index Cond: ((id >= 3964259) AND (id <= 3964359))

table 4 : explain SELECT id, c FROM sbtest4 WHERE id BETWEEN 3964259 AND 3964359
	Index Scan using sbtest4_pkey on sbtest4  (cost=0.43..389.28 rows=99 width=125)
	  Index Cond: ((id >= 3964259) AND (id <= 3964359))

table 5 : explain SELECT id, c FROM sbtest5 WHERE id BETWEEN 3964259 AND 3964359
	Index Scan using sbtest5_pkey on sbtest5  (cost=0.43..399.65 rows=101 width=125)
	  Index Cond: ((id >= 3964259) AND (id <= 3964359))

table 6 : explain SELECT id, c FROM sbtest6 WHERE id BETWEEN 3964259 AND 3964359
	Index Scan using sbtest6_pkey on sbtest6  (cost=0.43..418.82 rows=106 width=125)
	  Index Cond: ((id >= 3964259) AND (id <= 3964359))

table 7 : explain SELECT id, c FROM sbtest7 WHERE id BETWEEN 3964259 AND 3964359
	Index Scan using sbtest7_pkey on sbtest7  (cost=0.43..417.82 rows=106 width=125)
	  Index Cond: ((id >= 3964259) AND (id <= 3964359))

table 8 : explain SELECT id, c FROM sbtest8 WHERE id BETWEEN 3964259 AND 3964359
	Index Scan using sbtest8_pkey on sbtest8  (cost=0.43..422.21 rows=107 width=125)
	  Index Cond: ((id >= 3964259) AND (id <= 3964359))

explain: for range-notcovered :: explain SELECT id, c FROM sbtest%d WHERE id BETWEEN 7501254 AND 7501354
for range-notcovered
table 1 : explain SELECT id, c FROM sbtest1 WHERE id BETWEEN 8298540 AND 8298640
	Index Scan using sbtest1_pkey on sbtest1  (cost=0.43..345.51 rows=87 width=125)
	  Index Cond: ((id >= 8298540) AND (id <= 8298640))

table 2 : explain SELECT id, c FROM sbtest2 WHERE id BETWEEN 8298540 AND 8298640
	Index Scan using sbtest2_pkey on sbtest2  (cost=0.43..384.83 rows=97 width=125)
	  Index Cond: ((id >= 8298540) AND (id <= 8298640))

table 3 : explain SELECT id, c FROM sbtest3 WHERE id BETWEEN 8298540 AND 8298640
	Index Scan using sbtest3_pkey on sbtest3  (cost=0.43..379.58 rows=96 width=125)
	  Index Cond: ((id >= 8298540) AND (id <= 8298640))

table 4 : explain SELECT id, c FROM sbtest4 WHERE id BETWEEN 8298540 AND 8298640
	Index Scan using sbtest4_pkey on sbtest4  (cost=0.43..350.40 rows=89 width=125)
	  Index Cond: ((id >= 8298540) AND (id <= 8298640))

table 5 : explain SELECT id, c FROM sbtest5 WHERE id BETWEEN 8298540 AND 8298640
	Index Scan using sbtest5_pkey on sbtest5  (cost=0.43..391.83 rows=99 width=125)
	  Index Cond: ((id >= 8298540) AND (id <= 8298640))

table 6 : explain SELECT id, c FROM sbtest6 WHERE id BETWEEN 8298540 AND 8298640
	Index Scan using sbtest6_pkey on sbtest6  (cost=0.43..426.63 rows=108 width=125)
	  Index Cond: ((id >= 8298540) AND (id <= 8298640))

table 7 : explain SELECT id, c FROM sbtest7 WHERE id BETWEEN 8298540 AND 8298640
	Index Scan using sbtest7_pkey on sbtest7  (cost=0.43..363.25 rows=92 width=125)
	  Index Cond: ((id >= 8298540) AND (id <= 8298640))

table 8 : explain SELECT id, c FROM sbtest8 WHERE id BETWEEN 8298540 AND 8298640
	Index Scan using sbtest8_pkey on sbtest8  (cost=0.43..375.38 rows=95 width=125)
	  Index Cond: ((id >= 8298540) AND (id <= 8298640))

explain: for range-notcovered :: explain SELECT id, c FROM sbtest%d WHERE id BETWEEN 7669155 AND 7669255
for range-notcovered
table 1 : explain SELECT id, c FROM sbtest1 WHERE id BETWEEN 3832138 AND 3832238
	Index Scan using sbtest1_pkey on sbtest1  (cost=0.43..451.34 rows=114 width=125)
	  Index Cond: ((id >= 3832138) AND (id <= 3832238))

table 2 : explain SELECT id, c FROM sbtest2 WHERE id BETWEEN 3832138 AND 3832238
	Index Scan using sbtest2_pkey on sbtest2  (cost=0.43..400.50 rows=101 width=125)
	  Index Cond: ((id >= 3832138) AND (id <= 3832238))

table 3 : explain SELECT id, c FROM sbtest3 WHERE id BETWEEN 3832138 AND 3832238
	Index Scan using sbtest3_pkey on sbtest3  (cost=0.43..457.70 rows=116 width=125)
	  Index Cond: ((id >= 3832138) AND (id <= 3832238))

table 4 : explain SELECT id, c FROM sbtest4 WHERE id BETWEEN 3832138 AND 3832238
	Index Scan using sbtest4_pkey on sbtest4  (cost=0.43..393.16 rows=100 width=125)
	  Index Cond: ((id >= 3832138) AND (id <= 3832238))

table 5 : explain SELECT id, c FROM sbtest5 WHERE id BETWEEN 3832138 AND 3832238
	Index Scan using sbtest5_pkey on sbtest5  (cost=0.43..403.57 rows=102 width=125)
	  Index Cond: ((id >= 3832138) AND (id <= 3832238))

table 6 : explain SELECT id, c FROM sbtest6 WHERE id BETWEEN 3832138 AND 3832238
	Index Scan using sbtest6_pkey on sbtest6  (cost=0.43..371.93 rows=94 width=125)
	  Index Cond: ((id >= 3832138) AND (id <= 3832238))

table 7 : explain SELECT id, c FROM sbtest7 WHERE id BETWEEN 3832138 AND 3832238
	Index Scan using sbtest7_pkey on sbtest7  (cost=0.43..402.22 rows=102 width=125)
	  Index Cond: ((id >= 3832138) AND (id <= 3832238))

table 8 : explain SELECT id, c FROM sbtest8 WHERE id BETWEEN 3832138 AND 3832238
	Index Scan using sbtest8_pkey on sbtest8  (cost=0.43..445.63 rows=113 width=125)
	  Index Cond: ((id >= 3832138) AND (id <= 3832238))

for range-notcovered
table 1 : explain SELECT id, c FROM sbtest1 WHERE id BETWEEN 6368854 AND 6368954
	Index Scan using sbtest1_pkey on sbtest1  (cost=0.43..388.64 rows=98 width=125)
	  Index Cond: ((id >= 6368854) AND (id <= 6368954))

table 2 : explain SELECT id, c FROM sbtest2 WHERE id BETWEEN 6368854 AND 6368954
	Index Scan using sbtest2_pkey on sbtest2  (cost=0.43..388.75 rows=98 width=125)
	  Index Cond: ((id >= 6368854) AND (id <= 6368954))

table 3 : explain SELECT id, c FROM sbtest3 WHERE id BETWEEN 6368854 AND 6368954
	Index Scan using sbtest3_pkey on sbtest3  (cost=0.43..399.11 rows=101 width=125)
	  Index Cond: ((id >= 6368854) AND (id <= 6368954))

table 4 : explain SELECT id, c FROM sbtest4 WHERE id BETWEEN 6368854 AND 6368954
	Index Scan using sbtest4_pkey on sbtest4  (cost=0.43..381.51 rows=97 width=125)
	  Index Cond: ((id >= 6368854) AND (id <= 6368954))

table 5 : explain SELECT id, c FROM sbtest5 WHERE id BETWEEN 6368854 AND 6368954
	Index Scan using sbtest5_pkey on sbtest5  (cost=0.43..419.21 rows=106 width=125)
	  Index Cond: ((id >= 6368854) AND (id <= 6368954))

table 6 : explain SELECT id, c FROM sbtest6 WHERE id BETWEEN 6368854 AND 6368954
	Index Scan using sbtest6_pkey on sbtest6  (cost=0.43..422.73 rows=107 width=125)
	  Index Cond: ((id >= 6368854) AND (id <= 6368954))

table 7 : explain SELECT id, c FROM sbtest7 WHERE id BETWEEN 6368854 AND 6368954
	Index Scan using sbtest7_pkey on sbtest7  (cost=0.43..378.84 rows=96 width=125)
	  Index Cond: ((id >= 6368854) AND (id <= 6368954))

table 8 : explain SELECT id, c FROM sbtest8 WHERE id BETWEEN 6368854 AND 6368954
	Index Scan using sbtest8_pkey on sbtest8  (cost=0.43..414.41 rows=105 width=125)
	  Index Cond: ((id >= 6368854) AND (id <= 6368954))

explain: for range-notcovered :: explain SELECT id, c FROM sbtest%d WHERE id BETWEEN 3964259 AND 3964359
explain: for range-notcovered :: explain SELECT id, c FROM sbtest%d WHERE id BETWEEN 8298540 AND 8298640
explain: for range-notcovered :: explain SELECT id, c FROM sbtest%d WHERE id BETWEEN 3832138 AND 3832238
for range-notcovered
table 1 : explain SELECT id, c FROM sbtest1 WHERE id BETWEEN 323633 AND 323733
	Index Scan using sbtest1_pkey on sbtest1  (cost=0.43..423.91 rows=107 width=125)
	  Index Cond: ((id >= 323633) AND (id <= 323733))

table 2 : explain SELECT id, c FROM sbtest2 WHERE id BETWEEN 323633 AND 323733
	Index Scan using sbtest2_pkey on sbtest2  (cost=0.43..420.10 rows=106 width=125)
	  Index Cond: ((id >= 323633) AND (id <= 323733))

table 3 : explain SELECT id, c FROM sbtest3 WHERE id BETWEEN 323633 AND 323733
	Index Scan using sbtest3_pkey on sbtest3  (cost=0.43..403.02 rows=102 width=125)
	  Index Cond: ((id >= 323633) AND (id <= 323733))

table 4 : explain SELECT id, c FROM sbtest4 WHERE id BETWEEN 323633 AND 323733
	Index Scan using sbtest4_pkey on sbtest4  (cost=0.43..385.39 rows=98 width=125)
	  Index Cond: ((id >= 323633) AND (id <= 323733))

table 5 : explain SELECT id, c FROM sbtest5 WHERE id BETWEEN 323633 AND 323733
	Index Scan using sbtest5_pkey on sbtest5  (cost=0.43..403.57 rows=102 width=125)
	  Index Cond: ((id >= 323633) AND (id <= 323733))

table 6 : explain SELECT id, c FROM sbtest6 WHERE id BETWEEN 323633 AND 323733
	Index Scan using sbtest6_pkey on sbtest6  (cost=0.43..383.65 rows=97 width=125)
	  Index Cond: ((id >= 323633) AND (id <= 323733))

table 7 : explain SELECT id, c FROM sbtest7 WHERE id BETWEEN 323633 AND 323733
	Index Scan using sbtest7_pkey on sbtest7  (cost=0.43..378.84 rows=96 width=125)
	  Index Cond: ((id >= 323633) AND (id <= 323733))

table 8 : explain SELECT id, c FROM sbtest8 WHERE id BETWEEN 323633 AND 323733
	Index Scan using sbtest8_pkey on sbtest8  (cost=0.43..398.80 rows=101 width=125)
	  Index Cond: ((id >= 323633) AND (id <= 323733))

for range-notcovered
table 1 : explain SELECT id, c FROM sbtest1 WHERE id BETWEEN 6111416 AND 6111516
	Index Scan using sbtest1_pkey on sbtest1  (cost=0.43..400.40 rows=101 width=125)
	  Index Cond: ((id >= 6111416) AND (id <= 6111516))

table 2 : explain SELECT id, c FROM sbtest2 WHERE id BETWEEN 6111416 AND 6111516
	Index Scan using sbtest2_pkey on sbtest2  (cost=0.43..424.02 rows=107 width=125)
	  Index Cond: ((id >= 6111416) AND (id <= 6111516))

table 3 : explain SELECT id, c FROM sbtest3 WHERE id BETWEEN 6111416 AND 6111516
	Index Scan using sbtest3_pkey on sbtest3  (cost=0.43..438.17 rows=111 width=125)
	  Index Cond: ((id >= 6111416) AND (id <= 6111516))

table 4 : explain SELECT id, c FROM sbtest4 WHERE id BETWEEN 6111416 AND 6111516
	Index Scan using sbtest4_pkey on sbtest4  (cost=0.43..393.16 rows=100 width=125)
	  Index Cond: ((id >= 6111416) AND (id <= 6111516))

table 5 : explain SELECT id, c FROM sbtest5 WHERE id BETWEEN 6111416 AND 6111516
	Index Scan using sbtest5_pkey on sbtest5  (cost=0.43..434.86 rows=110 width=125)
	  Index Cond: ((id >= 6111416) AND (id <= 6111516))

table 6 : explain SELECT id, c FROM sbtest6 WHERE id BETWEEN 6111416 AND 6111516
	Index Scan using sbtest6_pkey on sbtest6  (cost=0.43..360.21 rows=91 width=125)
	  Index Cond: ((id >= 6111416) AND (id <= 6111516))

table 7 : explain SELECT id, c FROM sbtest7 WHERE id BETWEEN 6111416 AND 6111516
	Index Scan using sbtest7_pkey on sbtest7  (cost=0.43..386.63 rows=98 width=125)
	  Index Cond: ((id >= 6111416) AND (id <= 6111516))

table 8 : explain SELECT id, c FROM sbtest8 WHERE id BETWEEN 6111416 AND 6111516
	Index Scan using sbtest8_pkey on sbtest8  (cost=0.43..387.09 rows=98 width=125)
	  Index Cond: ((id >= 6111416) AND (id <= 6111516))

explain: for range-notcovered :: explain SELECT id, c FROM sbtest%d WHERE id BETWEEN 323633 AND 323733
explain: for range-notcovered :: explain SELECT id, c FROM sbtest%d WHERE id BETWEEN 6368854 AND 6368954
explain: for range-notcovered :: explain SELECT id, c FROM sbtest%d WHERE id BETWEEN 6111416 AND 6111516
for range-notcovered
table 1 : explain SELECT id, c FROM sbtest1 WHERE id BETWEEN 7501254 AND 7501354
	Index Scan using sbtest1_pkey on sbtest1  (cost=0.43..412.15 rows=104 width=125)
	  Index Cond: ((id >= 7501254) AND (id <= 7501354))

table 2 : explain SELECT id, c FROM sbtest2 WHERE id BETWEEN 7501254 AND 7501354
	Index Scan using sbtest2_pkey on sbtest2  (cost=0.43..420.10 rows=106 width=125)
	  Index Cond: ((id >= 7501254) AND (id <= 7501354))

table 3 : explain SELECT id, c FROM sbtest3 WHERE id BETWEEN 7501254 AND 7501354
	Index Scan using sbtest3_pkey on sbtest3  (cost=0.43..410.83 rows=104 width=125)
	  Index Cond: ((id >= 7501254) AND (id <= 7501354))

table 4 : explain SELECT id, c FROM sbtest4 WHERE id BETWEEN 7501254 AND 7501354
	Index Scan using sbtest4_pkey on sbtest4  (cost=0.43..385.39 rows=98 width=125)
	  Index Cond: ((id >= 7501254) AND (id <= 7501354))

table 5 : explain SELECT id, c FROM sbtest5 WHERE id BETWEEN 7501254 AND 7501354
	Index Scan using sbtest5_pkey on sbtest5  (cost=0.43..364.45 rows=92 width=125)
	  Index Cond: ((id >= 7501254) AND (id <= 7501354))

table 6 : explain SELECT id, c FROM sbtest6 WHERE id BETWEEN 7501254 AND 7501354
	Index Scan using sbtest6_pkey on sbtest6  (cost=0.43..438.36 rows=111 width=125)
	  Index Cond: ((id >= 7501254) AND (id <= 7501354))

table 7 : explain SELECT id, c FROM sbtest7 WHERE id BETWEEN 7501254 AND 7501354
	Index Scan using sbtest7_pkey on sbtest7  (cost=0.43..394.43 rows=100 width=125)
	  Index Cond: ((id >= 7501254) AND (id <= 7501354))

table 8 : explain SELECT id, c FROM sbtest8 WHERE id BETWEEN 7501254 AND 7501354
	Index Scan using sbtest8_pkey on sbtest8  (cost=0.43..422.21 rows=107 width=125)
	  Index Cond: ((id >= 7501254) AND (id <= 7501354))

explain: for range-notcovered :: explain SELECT id, c FROM sbtest%d WHERE id BETWEEN 7501254 AND 7501354
for range-notcovered
table 1 : explain SELECT id, c FROM sbtest1 WHERE id BETWEEN 3987397 AND 3987497
	Index Scan using sbtest1_pkey on sbtest1  (cost=0.43..439.58 rows=111 width=125)
	  Index Cond: ((id >= 3987397) AND (id <= 3987497))

table 2 : explain SELECT id, c FROM sbtest2 WHERE id BETWEEN 3987397 AND 3987497
	Index Scan using sbtest2_pkey on sbtest2  (cost=0.43..404.42 rows=102 width=125)
	  Index Cond: ((id >= 3987397) AND (id <= 3987497))

table 3 : explain SELECT id, c FROM sbtest3 WHERE id BETWEEN 3987397 AND 3987497
	Index Scan using sbtest3_pkey on sbtest3  (cost=0.43..383.49 rows=97 width=125)
	  Index Cond: ((id >= 3987397) AND (id <= 3987497))

table 4 : explain SELECT id, c FROM sbtest4 WHERE id BETWEEN 3987397 AND 3987497
	Index Scan using sbtest4_pkey on sbtest4  (cost=0.43..389.28 rows=99 width=125)
	  Index Cond: ((id >= 3987397) AND (id <= 3987497))

table 5 : explain SELECT id, c FROM sbtest5 WHERE id BETWEEN 3987397 AND 3987497
	Index Scan using sbtest5_pkey on sbtest5  (cost=0.43..399.65 rows=101 width=125)
	  Index Cond: ((id >= 3987397) AND (id <= 3987497))

table 6 : explain SELECT id, c FROM sbtest6 WHERE id BETWEEN 3987397 AND 3987497
	Index Scan using sbtest6_pkey on sbtest6  (cost=0.43..418.82 rows=106 width=125)
	  Index Cond: ((id >= 3987397) AND (id <= 3987497))

table 7 : explain SELECT id, c FROM sbtest7 WHERE id BETWEEN 3987397 AND 3987497
	Index Scan using sbtest7_pkey on sbtest7  (cost=0.43..410.02 rows=104 width=125)
	  Index Cond: ((id >= 3987397) AND (id <= 3987497))

table 8 : explain SELECT id, c FROM sbtest8 WHERE id BETWEEN 3987397 AND 3987497
	Index Scan using sbtest8_pkey on sbtest8  (cost=0.43..422.21 rows=107 width=125)
	  Index Cond: ((id >= 3987397) AND (id <= 3987497))

for range-notcovered
table 1 : explain SELECT id, c FROM sbtest1 WHERE id BETWEEN 323633 AND 323733
	Index Scan using sbtest1_pkey on sbtest1  (cost=0.43..423.91 rows=107 width=125)
	  Index Cond: ((id >= 323633) AND (id <= 323733))

table 2 : explain SELECT id, c FROM sbtest2 WHERE id BETWEEN 323633 AND 323733
	Index Scan using sbtest2_pkey on sbtest2  (cost=0.43..420.10 rows=106 width=125)
	  Index Cond: ((id >= 323633) AND (id <= 323733))

table 3 : explain SELECT id, c FROM sbtest3 WHERE id BETWEEN 323633 AND 323733
	Index Scan using sbtest3_pkey on sbtest3  (cost=0.43..403.02 rows=102 width=125)
	  Index Cond: ((id >= 323633) AND (id <= 323733))

table 4 : explain SELECT id, c FROM sbtest4 WHERE id BETWEEN 323633 AND 323733
	Index Scan using sbtest4_pkey on sbtest4  (cost=0.43..385.39 rows=98 width=125)
	  Index Cond: ((id >= 323633) AND (id <= 323733))

table 5 : explain SELECT id, c FROM sbtest5 WHERE id BETWEEN 323633 AND 323733
	Index Scan using sbtest5_pkey on sbtest5  (cost=0.43..403.57 rows=102 width=125)
	  Index Cond: ((id >= 323633) AND (id <= 323733))

table 6 : explain SELECT id, c FROM sbtest6 WHERE id BETWEEN 323633 AND 323733
	Index Scan using sbtest6_pkey on sbtest6  (cost=0.43..383.65 rows=97 width=125)
	  Index Cond: ((id >= 323633) AND (id <= 323733))

table 7 : explain SELECT id, c FROM sbtest7 WHERE id BETWEEN 323633 AND 323733
	Index Scan using sbtest7_pkey on sbtest7  (cost=0.43..378.84 rows=96 width=125)
	  Index Cond: ((id >= 323633) AND (id <= 323733))

table 8 : explain SELECT id, c FROM sbtest8 WHERE id BETWEEN 323633 AND 323733
	Index Scan using sbtest8_pkey on sbtest8  (cost=0.43..398.80 rows=101 width=125)
	  Index Cond: ((id >= 323633) AND (id <= 323733))

for range-notcovered
table 1 : explain SELECT id, c FROM sbtest1 WHERE id BETWEEN 4896239 AND 4896339
	Index Scan using sbtest1_pkey on sbtest1  (cost=0.43..400.40 rows=101 width=125)
	  Index Cond: ((id >= 4896239) AND (id <= 4896339))

table 2 : explain SELECT id, c FROM sbtest2 WHERE id BETWEEN 4896239 AND 4896339
	Index Scan using sbtest2_pkey on sbtest2  (cost=0.43..416.18 rows=105 width=125)
	  Index Cond: ((id >= 4896239) AND (id <= 4896339))

table 3 : explain SELECT id, c FROM sbtest3 WHERE id BETWEEN 4896239 AND 4896339
	Index Scan using sbtest3_pkey on sbtest3  (cost=0.43..418.64 rows=106 width=125)
	  Index Cond: ((id >= 4896239) AND (id <= 4896339))

table 4 : explain SELECT id, c FROM sbtest4 WHERE id BETWEEN 4896239 AND 4896339
	Index Scan using sbtest4_pkey on sbtest4  (cost=0.43..400.93 rows=102 width=125)
	  Index Cond: ((id >= 4896239) AND (id <= 4896339))

table 5 : explain SELECT id, c FROM sbtest5 WHERE id BETWEEN 4896239 AND 4896339
	Index Scan using sbtest5_pkey on sbtest5  (cost=0.43..372.28 rows=94 width=125)
	  Index Cond: ((id >= 4896239) AND (id <= 4896339))

table 6 : explain SELECT id, c FROM sbtest6 WHERE id BETWEEN 4896239 AND 4896339
	Index Scan using sbtest6_pkey on sbtest6  (cost=0.43..391.47 rows=99 width=125)
	  Index Cond: ((id >= 4896239) AND (id <= 4896339))

table 7 : explain SELECT id, c FROM sbtest7 WHERE id BETWEEN 4896239 AND 4896339
	Index Scan using sbtest7_pkey on sbtest7  (cost=0.43..413.92 rows=105 width=125)
	  Index Cond: ((id >= 4896239) AND (id <= 4896339))

table 8 : explain SELECT id, c FROM sbtest8 WHERE id BETWEEN 4896239 AND 4896339
	Index Scan using sbtest8_pkey on sbtest8  (cost=0.43..402.70 rows=102 width=125)
	  Index Cond: ((id >= 4896239) AND (id <= 4896339))

for range-notcovered
table 1 : explain SELECT id, c FROM sbtest1 WHERE id BETWEEN 3405142 AND 3405242
	Index Scan using sbtest1_pkey on sbtest1  (cost=0.43..392.56 rows=99 width=125)
	  Index Cond: ((id >= 3405142) AND (id <= 3405242))

table 2 : explain SELECT id, c FROM sbtest2 WHERE id BETWEEN 3405142 AND 3405242
	Index Scan using sbtest2_pkey on sbtest2  (cost=0.43..384.83 rows=97 width=125)
	  Index Cond: ((id >= 3405142) AND (id <= 3405242))

table 3 : explain SELECT id, c FROM sbtest3 WHERE id BETWEEN 3405142 AND 3405242
	Index Scan using sbtest3_pkey on sbtest3  (cost=0.43..399.11 rows=101 width=125)
	  Index Cond: ((id >= 3405142) AND (id <= 3405242))

table 4 : explain SELECT id, c FROM sbtest4 WHERE id BETWEEN 3405142 AND 3405242
	Index Scan using sbtest4_pkey on sbtest4  (cost=0.43..408.70 rows=104 width=125)
	  Index Cond: ((id >= 3405142) AND (id <= 3405242))

table 5 : explain SELECT id, c FROM sbtest5 WHERE id BETWEEN 3405142 AND 3405242
	Index Scan using sbtest5_pkey on sbtest5  (cost=0.43..399.65 rows=101 width=125)
	  Index Cond: ((id >= 3405142) AND (id <= 3405242))

table 6 : explain SELECT id, c FROM sbtest6 WHERE id BETWEEN 3405142 AND 3405242
	Index Scan using sbtest6_pkey on sbtest6  (cost=0.43..403.19 rows=102 width=125)
	  Index Cond: ((id >= 3405142) AND (id <= 3405242))

table 7 : explain SELECT id, c FROM sbtest7 WHERE id BETWEEN 3405142 AND 3405242
	Index Scan using sbtest7_pkey on sbtest7  (cost=0.43..413.92 rows=105 width=125)
	  Index Cond: ((id >= 3405142) AND (id <= 3405242))

table 8 : explain SELECT id, c FROM sbtest8 WHERE id BETWEEN 3405142 AND 3405242
	Index Scan using sbtest8_pkey on sbtest8  (cost=0.43..402.70 rows=102 width=125)
	  Index Cond: ((id >= 3405142) AND (id <= 3405242))

for range-notcovered
table 1 : explain SELECT id, c FROM sbtest1 WHERE id BETWEEN 7669155 AND 7669255
	Index Scan using sbtest1_pkey on sbtest1  (cost=0.43..380.78 rows=96 width=125)
	  Index Cond: ((id >= 7669155) AND (id <= 7669255))

table 2 : explain SELECT id, c FROM sbtest2 WHERE id BETWEEN 7669155 AND 7669255
	Index Scan using sbtest2_pkey on sbtest2  (cost=0.43..404.42 rows=102 width=125)
	  Index Cond: ((id >= 7669155) AND (id <= 7669255))

table 3 : explain SELECT id, c FROM sbtest3 WHERE id BETWEEN 7669155 AND 7669255
	Index Scan using sbtest3_pkey on sbtest3  (cost=0.43..395.21 rows=100 width=125)
	  Index Cond: ((id >= 7669155) AND (id <= 7669255))

table 4 : explain SELECT id, c FROM sbtest4 WHERE id BETWEEN 7669155 AND 7669255
	Index Scan using sbtest4_pkey on sbtest4  (cost=0.43..420.36 rows=107 width=125)
	  Index Cond: ((id >= 7669155) AND (id <= 7669255))

table 5 : explain SELECT id, c FROM sbtest5 WHERE id BETWEEN 7669155 AND 7669255
	Index Scan using sbtest5_pkey on sbtest5  (cost=0.43..434.86 rows=110 width=125)
	  Index Cond: ((id >= 7669155) AND (id <= 7669255))

table 6 : explain SELECT id, c FROM sbtest6 WHERE id BETWEEN 7669155 AND 7669255
	Index Scan using sbtest6_pkey on sbtest6  (cost=0.43..403.19 rows=102 width=125)
	  Index Cond: ((id >= 7669155) AND (id <= 7669255))

table 7 : explain SELECT id, c FROM sbtest7 WHERE id BETWEEN 7669155 AND 7669255
	Index Scan using sbtest7_pkey on sbtest7  (cost=0.43..374.94 rows=95 width=125)
	  Index Cond: ((id >= 7669155) AND (id <= 7669255))

table 8 : explain SELECT id, c FROM sbtest8 WHERE id BETWEEN 7669155 AND 7669255
	Index Scan using sbtest8_pkey on sbtest8  (cost=0.43..383.19 rows=97 width=125)
	  Index Cond: ((id >= 7669155) AND (id <= 7669255))

for range-notcovered
table 1 : explain SELECT id, c FROM sbtest1 WHERE id BETWEEN 7501254 AND 7501354
	Index Scan using sbtest1_pkey on sbtest1  (cost=0.43..412.15 rows=104 width=125)
	  Index Cond: ((id >= 7501254) AND (id <= 7501354))

table 2 : explain SELECT id, c FROM sbtest2 WHERE id BETWEEN 7501254 AND 7501354
	Index Scan using sbtest2_pkey on sbtest2  (cost=0.43..420.10 rows=106 width=125)
	  Index Cond: ((id >= 7501254) AND (id <= 7501354))

table 3 : explain SELECT id, c FROM sbtest3 WHERE id BETWEEN 7501254 AND 7501354
	Index Scan using sbtest3_pkey on sbtest3  (cost=0.43..410.83 rows=104 width=125)
	  Index Cond: ((id >= 7501254) AND (id <= 7501354))

table 4 : explain SELECT id, c FROM sbtest4 WHERE id BETWEEN 7501254 AND 7501354
	Index Scan using sbtest4_pkey on sbtest4  (cost=0.43..385.39 rows=98 width=125)
	  Index Cond: ((id >= 7501254) AND (id <= 7501354))

table 5 : explain SELECT id, c FROM sbtest5 WHERE id BETWEEN 7501254 AND 7501354
	Index Scan using sbtest5_pkey on sbtest5  (cost=0.43..364.45 rows=92 width=125)
	  Index Cond: ((id >= 7501254) AND (id <= 7501354))

table 6 : explain SELECT id, c FROM sbtest6 WHERE id BETWEEN 7501254 AND 7501354
	Index Scan using sbtest6_pkey on sbtest6  (cost=0.43..438.36 rows=111 width=125)
	  Index Cond: ((id >= 7501254) AND (id <= 7501354))

table 7 : explain SELECT id, c FROM sbtest7 WHERE id BETWEEN 7501254 AND 7501354
	Index Scan using sbtest7_pkey on sbtest7  (cost=0.43..394.43 rows=100 width=125)
	  Index Cond: ((id >= 7501254) AND (id <= 7501354))

table 8 : explain SELECT id, c FROM sbtest8 WHERE id BETWEEN 7501254 AND 7501354
	Index Scan using sbtest8_pkey on sbtest8  (cost=0.43..422.21 rows=107 width=125)
	  Index Cond: ((id >= 7501254) AND (id <= 7501354))

for range-notcovered
table 1 : explain SELECT id, c FROM sbtest1 WHERE id BETWEEN 3964259 AND 3964359
	Index Scan using sbtest1_pkey on sbtest1  (cost=0.43..416.07 rows=105 width=125)
	  Index Cond: ((id >= 3964259) AND (id <= 3964359))

table 2 : explain SELECT id, c FROM sbtest2 WHERE id BETWEEN 3964259 AND 3964359
	Index Scan using sbtest2_pkey on sbtest2  (cost=0.43..404.42 rows=102 width=125)
	  Index Cond: ((id >= 3964259) AND (id <= 3964359))

table 3 : explain SELECT id, c FROM sbtest3 WHERE id BETWEEN 3964259 AND 3964359
	Index Scan using sbtest3_pkey on sbtest3  (cost=0.43..383.49 rows=97 width=125)
	  Index Cond: ((id >= 3964259) AND (id <= 3964359))

table 4 : explain SELECT id, c FROM sbtest4 WHERE id BETWEEN 3964259 AND 3964359
	Index Scan using sbtest4_pkey on sbtest4  (cost=0.43..389.28 rows=99 width=125)
	  Index Cond: ((id >= 3964259) AND (id <= 3964359))

table 5 : explain SELECT id, c FROM sbtest5 WHERE id BETWEEN 3964259 AND 3964359
	Index Scan using sbtest5_pkey on sbtest5  (cost=0.43..399.65 rows=101 width=125)
	  Index Cond: ((id >= 3964259) AND (id <= 3964359))

table 6 : explain SELECT id, c FROM sbtest6 WHERE id BETWEEN 3964259 AND 3964359
	Index Scan using sbtest6_pkey on sbtest6  (cost=0.43..418.82 rows=106 width=125)
	  Index Cond: ((id >= 3964259) AND (id <= 3964359))

table 7 : explain SELECT id, c FROM sbtest7 WHERE id BETWEEN 3964259 AND 3964359
	Index Scan using sbtest7_pkey on sbtest7  (cost=0.43..417.82 rows=106 width=125)
	  Index Cond: ((id >= 3964259) AND (id <= 3964359))

table 8 : explain SELECT id, c FROM sbtest8 WHERE id BETWEEN 3964259 AND 3964359
	Index Scan using sbtest8_pkey on sbtest8  (cost=0.43..422.21 rows=107 width=125)
	  Index Cond: ((id >= 3964259) AND (id <= 3964359))

for range-notcovered
table 1 : explain SELECT id, c FROM sbtest1 WHERE id BETWEEN 8298540 AND 8298640
	Index Scan using sbtest1_pkey on sbtest1  (cost=0.43..345.51 rows=87 width=125)
	  Index Cond: ((id >= 8298540) AND (id <= 8298640))

table 2 : explain SELECT id, c FROM sbtest2 WHERE id BETWEEN 8298540 AND 8298640
	Index Scan using sbtest2_pkey on sbtest2  (cost=0.43..384.83 rows=97 width=125)
	  Index Cond: ((id >= 8298540) AND (id <= 8298640))

table 3 : explain SELECT id, c FROM sbtest3 WHERE id BETWEEN 8298540 AND 8298640
	Index Scan using sbtest3_pkey on sbtest3  (cost=0.43..379.58 rows=96 width=125)
	  Index Cond: ((id >= 8298540) AND (id <= 8298640))

table 4 : explain SELECT id, c FROM sbtest4 WHERE id BETWEEN 8298540 AND 8298640
	Index Scan using sbtest4_pkey on sbtest4  (cost=0.43..350.40 rows=89 width=125)
	  Index Cond: ((id >= 8298540) AND (id <= 8298640))

table 5 : explain SELECT id, c FROM sbtest5 WHERE id BETWEEN 8298540 AND 8298640
	Index Scan using sbtest5_pkey on sbtest5  (cost=0.43..391.83 rows=99 width=125)
	  Index Cond: ((id >= 8298540) AND (id <= 8298640))

table 6 : explain SELECT id, c FROM sbtest6 WHERE id BETWEEN 8298540 AND 8298640
	Index Scan using sbtest6_pkey on sbtest6  (cost=0.43..426.63 rows=108 width=125)
	  Index Cond: ((id >= 8298540) AND (id <= 8298640))

table 7 : explain SELECT id, c FROM sbtest7 WHERE id BETWEEN 8298540 AND 8298640
	Index Scan using sbtest7_pkey on sbtest7  (cost=0.43..363.25 rows=92 width=125)
	  Index Cond: ((id >= 8298540) AND (id <= 8298640))

table 8 : explain SELECT id, c FROM sbtest8 WHERE id BETWEEN 8298540 AND 8298640
	Index Scan using sbtest8_pkey on sbtest8  (cost=0.43..375.38 rows=95 width=125)
	  Index Cond: ((id >= 8298540) AND (id <= 8298640))

explain: for range-notcovered :: explain SELECT id, c FROM sbtest%d WHERE id BETWEEN 7501254 AND 7501354
explain: for range-notcovered :: explain SELECT id, c FROM sbtest%d WHERE id BETWEEN 7669155 AND 7669255
for range-notcovered
table 1 : explain SELECT id, c FROM sbtest1 WHERE id BETWEEN 3832138 AND 3832238
	Index Scan using sbtest1_pkey on sbtest1  (cost=0.43..451.34 rows=114 width=125)
	  Index Cond: ((id >= 3832138) AND (id <= 3832238))

table 2 : explain SELECT id, c FROM sbtest2 WHERE id BETWEEN 3832138 AND 3832238
	Index Scan using sbtest2_pkey on sbtest2  (cost=0.43..400.50 rows=101 width=125)
	  Index Cond: ((id >= 3832138) AND (id <= 3832238))

table 3 : explain SELECT id, c FROM sbtest3 WHERE id BETWEEN 3832138 AND 3832238
	Index Scan using sbtest3_pkey on sbtest3  (cost=0.43..457.70 rows=116 width=125)
	  Index Cond: ((id >= 3832138) AND (id <= 3832238))

table 4 : explain SELECT id, c FROM sbtest4 WHERE id BETWEEN 3832138 AND 3832238
	Index Scan using sbtest4_pkey on sbtest4  (cost=0.43..393.16 rows=100 width=125)
	  Index Cond: ((id >= 3832138) AND (id <= 3832238))

table 5 : explain SELECT id, c FROM sbtest5 WHERE id BETWEEN 3832138 AND 3832238
	Index Scan using sbtest5_pkey on sbtest5  (cost=0.43..403.57 rows=102 width=125)
	  Index Cond: ((id >= 3832138) AND (id <= 3832238))

table 6 : explain SELECT id, c FROM sbtest6 WHERE id BETWEEN 3832138 AND 3832238
	Index Scan using sbtest6_pkey on sbtest6  (cost=0.43..371.93 rows=94 width=125)
	  Index Cond: ((id >= 3832138) AND (id <= 3832238))

table 7 : explain SELECT id, c FROM sbtest7 WHERE id BETWEEN 3832138 AND 3832238
	Index Scan using sbtest7_pkey on sbtest7  (cost=0.43..402.22 rows=102 width=125)
	  Index Cond: ((id >= 3832138) AND (id <= 3832238))

table 8 : explain SELECT id, c FROM sbtest8 WHERE id BETWEEN 3832138 AND 3832238
	Index Scan using sbtest8_pkey on sbtest8  (cost=0.43..445.63 rows=113 width=125)
	  Index Cond: ((id >= 3832138) AND (id <= 3832238))

explain: for range-notcovered :: explain SELECT id, c FROM sbtest%d WHERE id BETWEEN 3964259 AND 3964359
explain: for range-notcovered :: explain SELECT id, c FROM sbtest%d WHERE id BETWEEN 3832138 AND 3832238
explain: for range-notcovered :: explain SELECT id, c FROM sbtest%d WHERE id BETWEEN 8298540 AND 8298640
for range-notcovered
table 1 : explain SELECT id, c FROM sbtest1 WHERE id BETWEEN 4102559 AND 4102659
	Index Scan using sbtest1_pkey on sbtest1  (cost=0.43..376.86 rows=95 width=125)
	  Index Cond: ((id >= 4102559) AND (id <= 4102659))

table 2 : explain SELECT id, c FROM sbtest2 WHERE id BETWEEN 4102559 AND 4102659
	Index Scan using sbtest2_pkey on sbtest2  (cost=0.43..396.58 rows=100 width=125)
	  Index Cond: ((id >= 4102559) AND (id <= 4102659))

table 3 : explain SELECT id, c FROM sbtest3 WHERE id BETWEEN 4102559 AND 4102659
	Index Scan using sbtest3_pkey on sbtest3  (cost=0.43..406.92 rows=103 width=125)
	  Index Cond: ((id >= 4102559) AND (id <= 4102659))

table 4 : explain SELECT id, c FROM sbtest4 WHERE id BETWEEN 4102559 AND 4102659
	Index Scan using sbtest4_pkey on sbtest4  (cost=0.43..404.82 rows=103 width=125)
	  Index Cond: ((id >= 4102559) AND (id <= 4102659))

table 5 : explain SELECT id, c FROM sbtest5 WHERE id BETWEEN 4102559 AND 4102659
	Index Scan using sbtest5_pkey on sbtest5  (cost=0.43..403.57 rows=102 width=125)
	  Index Cond: ((id >= 4102559) AND (id <= 4102659))

table 6 : explain SELECT id, c FROM sbtest6 WHERE id BETWEEN 4102559 AND 4102659
	Index Scan using sbtest6_pkey on sbtest6  (cost=0.43..403.19 rows=102 width=125)
	  Index Cond: ((id >= 4102559) AND (id <= 4102659))

table 7 : explain SELECT id, c FROM sbtest7 WHERE id BETWEEN 4102559 AND 4102659
	Index Scan using sbtest7_pkey on sbtest7  (cost=0.43..394.43 rows=100 width=125)
	  Index Cond: ((id >= 4102559) AND (id <= 4102659))

table 8 : explain SELECT id, c FROM sbtest8 WHERE id BETWEEN 4102559 AND 4102659
	Index Scan using sbtest8_pkey on sbtest8  (cost=0.43..379.28 rows=96 width=125)
	  Index Cond: ((id >= 4102559) AND (id <= 4102659))

explain: for range-notcovered :: explain SELECT id, c FROM sbtest%d WHERE id BETWEEN 5672245 AND 5672345explain: for range-notcovered :: explain SELECT id, c FROM sbtest%d WHERE id BETWEEN 4102559 AND 4102659explain: for range-notcovered :: explain SELECT id, c FROM sbtest%d WHERE id BETWEEN 4896239 AND 4896339


for range-notcovered
table 1 : explain SELECT id, c FROM sbtest1 WHERE id BETWEEN 8027229 AND 8027329
	Index Scan using sbtest1_pkey on sbtest1  (cost=0.43..392.56 rows=99 width=125)
	  Index Cond: ((id >= 8027229) AND (id <= 8027329))

table 2 : explain SELECT id, c FROM sbtest2 WHERE id BETWEEN 8027229 AND 8027329
	Index Scan using sbtest2_pkey on sbtest2  (cost=0.43..404.42 rows=102 width=125)
	  Index Cond: ((id >= 8027229) AND (id <= 8027329))

table 3 : explain SELECT id, c FROM sbtest3 WHERE id BETWEEN 8027229 AND 8027329
	Index Scan using sbtest3_pkey on sbtest3  (cost=0.43..371.77 rows=94 width=125)
	  Index Cond: ((id >= 8027229) AND (id <= 8027329))

table 4 : explain SELECT id, c FROM sbtest4 WHERE id BETWEEN 8027229 AND 8027329
	Index Scan using sbtest4_pkey on sbtest4  (cost=0.43..435.90 rows=111 width=125)
	  Index Cond: ((id >= 8027229) AND (id <= 8027329))

table 5 : explain SELECT id, c FROM sbtest5 WHERE id BETWEEN 8027229 AND 8027329
	Index Scan using sbtest5_pkey on sbtest5  (cost=0.43..384.01 rows=97 width=125)
	  Index Cond: ((id >= 8027229) AND (id <= 8027329))

table 6 : explain SELECT id, c FROM sbtest6 WHERE id BETWEEN 8027229 AND 8027329
	Index Scan using sbtest6_pkey on sbtest6  (cost=0.43..414.91 rows=105 width=125)
	  Index Cond: ((id >= 8027229) AND (id <= 8027329))

table 7 : explain SELECT id, c FROM sbtest7 WHERE id BETWEEN 8027229 AND 8027329
	Index Scan using sbtest7_pkey on sbtest7  (cost=0.43..425.61 rows=108 width=125)
	  Index Cond: ((id >= 8027229) AND (id <= 8027329))

table 8 : explain SELECT id, c FROM sbtest8 WHERE id BETWEEN 8027229 AND 8027329
	Index Scan using sbtest8_pkey on sbtest8  (cost=0.43..394.89 rows=100 width=125)
	  Index Cond: ((id >= 8027229) AND (id <= 8027329))

explain: for range-notcovered :: explain SELECT id, c FROM sbtest%d WHERE id BETWEEN 8027229 AND 8027329
for range-notcovered
table 1 : explain SELECT id, c FROM sbtest1 WHERE id BETWEEN 6111416 AND 6111516
	Index Scan using sbtest1_pkey on sbtest1  (cost=0.43..400.40 rows=101 width=125)
	  Index Cond: ((id >= 6111416) AND (id <= 6111516))

table 2 : explain SELECT id, c FROM sbtest2 WHERE id BETWEEN 6111416 AND 6111516
	Index Scan using sbtest2_pkey on sbtest2  (cost=0.43..424.02 rows=107 width=125)
	  Index Cond: ((id >= 6111416) AND (id <= 6111516))

table 3 : explain SELECT id, c FROM sbtest3 WHERE id BETWEEN 6111416 AND 6111516
	Index Scan using sbtest3_pkey on sbtest3  (cost=0.43..438.17 rows=111 width=125)
	  Index Cond: ((id >= 6111416) AND (id <= 6111516))

table 4 : explain SELECT id, c FROM sbtest4 WHERE id BETWEEN 6111416 AND 6111516
	Index Scan using sbtest4_pkey on sbtest4  (cost=0.43..393.16 rows=100 width=125)
	  Index Cond: ((id >= 6111416) AND (id <= 6111516))

table 5 : explain SELECT id, c FROM sbtest5 WHERE id BETWEEN 6111416 AND 6111516
	Index Scan using sbtest5_pkey on sbtest5  (cost=0.43..434.86 rows=110 width=125)
	  Index Cond: ((id >= 6111416) AND (id <= 6111516))

table 6 : explain SELECT id, c FROM sbtest6 WHERE id BETWEEN 6111416 AND 6111516
	Index Scan using sbtest6_pkey on sbtest6  (cost=0.43..360.21 rows=91 width=125)
	  Index Cond: ((id >= 6111416) AND (id <= 6111516))

table 7 : explain SELECT id, c FROM sbtest7 WHERE id BETWEEN 6111416 AND 6111516
	Index Scan using sbtest7_pkey on sbtest7  (cost=0.43..386.63 rows=98 width=125)
	  Index Cond: ((id >= 6111416) AND (id <= 6111516))

table 8 : explain SELECT id, c FROM sbtest8 WHERE id BETWEEN 6111416 AND 6111516
	Index Scan using sbtest8_pkey on sbtest8  (cost=0.43..387.09 rows=98 width=125)
	  Index Cond: ((id >= 6111416) AND (id <= 6111516))

for range-notcovered
table 1 : explain SELECT id, c FROM sbtest1 WHERE id BETWEEN 7501254 AND 7501354
	Index Scan using sbtest1_pkey on sbtest1  (cost=0.43..412.15 rows=104 width=125)
	  Index Cond: ((id >= 7501254) AND (id <= 7501354))

table 2 : explain SELECT id, c FROM sbtest2 WHERE id BETWEEN 7501254 AND 7501354
	Index Scan using sbtest2_pkey on sbtest2  (cost=0.43..420.10 rows=106 width=125)
	  Index Cond: ((id >= 7501254) AND (id <= 7501354))

table 3 : explain SELECT id, c FROM sbtest3 WHERE id BETWEEN 7501254 AND 7501354
	Index Scan using sbtest3_pkey on sbtest3  (cost=0.43..410.83 rows=104 width=125)
	  Index Cond: ((id >= 7501254) AND (id <= 7501354))

table 4 : explain SELECT id, c FROM sbtest4 WHERE id BETWEEN 7501254 AND 7501354
	Index Scan using sbtest4_pkey on sbtest4  (cost=0.43..385.39 rows=98 width=125)
	  Index Cond: ((id >= 7501254) AND (id <= 7501354))

table 5 : explain SELECT id, c FROM sbtest5 WHERE id BETWEEN 7501254 AND 7501354
	Index Scan using sbtest5_pkey on sbtest5  (cost=0.43..364.45 rows=92 width=125)
	  Index Cond: ((id >= 7501254) AND (id <= 7501354))

table 6 : explain SELECT id, c FROM sbtest6 WHERE id BETWEEN 7501254 AND 7501354
	Index Scan using sbtest6_pkey on sbtest6  (cost=0.43..438.36 rows=111 width=125)
	  Index Cond: ((id >= 7501254) AND (id <= 7501354))

table 7 : explain SELECT id, c FROM sbtest7 WHERE id BETWEEN 7501254 AND 7501354
	Index Scan using sbtest7_pkey on sbtest7  (cost=0.43..394.43 rows=100 width=125)
	  Index Cond: ((id >= 7501254) AND (id <= 7501354))

table 8 : explain SELECT id, c FROM sbtest8 WHERE id BETWEEN 7501254 AND 7501354
	Index Scan using sbtest8_pkey on sbtest8  (cost=0.43..422.21 rows=107 width=125)
	  Index Cond: ((id >= 7501254) AND (id <= 7501354))

for range-notcovered
table 1 : explain SELECT id, c FROM sbtest1 WHERE id BETWEEN 6368854 AND 6368954
	Index Scan using sbtest1_pkey on sbtest1  (cost=0.43..388.64 rows=98 width=125)
	  Index Cond: ((id >= 6368854) AND (id <= 6368954))

table 2 : explain SELECT id, c FROM sbtest2 WHERE id BETWEEN 6368854 AND 6368954
	Index Scan using sbtest2_pkey on sbtest2  (cost=0.43..388.75 rows=98 width=125)
	  Index Cond: ((id >= 6368854) AND (id <= 6368954))

table 3 : explain SELECT id, c FROM sbtest3 WHERE id BETWEEN 6368854 AND 6368954
	Index Scan using sbtest3_pkey on sbtest3  (cost=0.43..399.11 rows=101 width=125)
	  Index Cond: ((id >= 6368854) AND (id <= 6368954))

table 4 : explain SELECT id, c FROM sbtest4 WHERE id BETWEEN 6368854 AND 6368954
	Index Scan using sbtest4_pkey on sbtest4  (cost=0.43..381.51 rows=97 width=125)
	  Index Cond: ((id >= 6368854) AND (id <= 6368954))

table 5 : explain SELECT id, c FROM sbtest5 WHERE id BETWEEN 6368854 AND 6368954
	Index Scan using sbtest5_pkey on sbtest5  (cost=0.43..419.21 rows=106 width=125)
	  Index Cond: ((id >= 6368854) AND (id <= 6368954))

table 6 : explain SELECT id, c FROM sbtest6 WHERE id BETWEEN 6368854 AND 6368954
	Index Scan using sbtest6_pkey on sbtest6  (cost=0.43..422.73 rows=107 width=125)
	  Index Cond: ((id >= 6368854) AND (id <= 6368954))

table 7 : explain SELECT id, c FROM sbtest7 WHERE id BETWEEN 6368854 AND 6368954
	Index Scan using sbtest7_pkey on sbtest7  (cost=0.43..378.84 rows=96 width=125)
	  Index Cond: ((id >= 6368854) AND (id <= 6368954))

table 8 : explain SELECT id, c FROM sbtest8 WHERE id BETWEEN 6368854 AND 6368954
	Index Scan using sbtest8_pkey on sbtest8  (cost=0.43..414.41 rows=105 width=125)
	  Index Cond: ((id >= 6368854) AND (id <= 6368954))

explain: for range-notcovered :: explain SELECT id, c FROM sbtest%d WHERE id BETWEEN 6111416 AND 6111516
explain: for range-notcovered :: explain SELECT id, c FROM sbtest%d WHERE id BETWEEN 6368854 AND 6368954
for range-notcovered
table 1 : explain SELECT id, c FROM sbtest1 WHERE id BETWEEN 4102559 AND 4102659
	Index Scan using sbtest1_pkey on sbtest1  (cost=0.43..376.86 rows=95 width=125)
	  Index Cond: ((id >= 4102559) AND (id <= 4102659))

table 2 : explain SELECT id, c FROM sbtest2 WHERE id BETWEEN 4102559 AND 4102659
	Index Scan using sbtest2_pkey on sbtest2  (cost=0.43..396.58 rows=100 width=125)
	  Index Cond: ((id >= 4102559) AND (id <= 4102659))

table 3 : explain SELECT id, c FROM sbtest3 WHERE id BETWEEN 4102559 AND 4102659
	Index Scan using sbtest3_pkey on sbtest3  (cost=0.43..406.92 rows=103 width=125)
	  Index Cond: ((id >= 4102559) AND (id <= 4102659))

table 4 : explain SELECT id, c FROM sbtest4 WHERE id BETWEEN 4102559 AND 4102659
	Index Scan using sbtest4_pkey on sbtest4  (cost=0.43..404.82 rows=103 width=125)
	  Index Cond: ((id >= 4102559) AND (id <= 4102659))

table 5 : explain SELECT id, c FROM sbtest5 WHERE id BETWEEN 4102559 AND 4102659
	Index Scan using sbtest5_pkey on sbtest5  (cost=0.43..403.57 rows=102 width=125)
	  Index Cond: ((id >= 4102559) AND (id <= 4102659))

table 6 : explain SELECT id, c FROM sbtest6 WHERE id BETWEEN 4102559 AND 4102659
	Index Scan using sbtest6_pkey on sbtest6  (cost=0.43..403.19 rows=102 width=125)
	  Index Cond: ((id >= 4102559) AND (id <= 4102659))

table 7 : explain SELECT id, c FROM sbtest7 WHERE id BETWEEN 4102559 AND 4102659
	Index Scan using sbtest7_pkey on sbtest7  (cost=0.43..394.43 rows=100 width=125)
	  Index Cond: ((id >= 4102559) AND (id <= 4102659))

table 8 : explain SELECT id, c FROM sbtest8 WHERE id BETWEEN 4102559 AND 4102659
	Index Scan using sbtest8_pkey on sbtest8  (cost=0.43..379.28 rows=96 width=125)
	  Index Cond: ((id >= 4102559) AND (id <= 4102659))

explain: for range-notcovered :: explain SELECT id, c FROM sbtest%d WHERE id BETWEEN 4102559 AND 4102659
for range-notcovered
table 1 : explain SELECT id, c FROM sbtest1 WHERE id BETWEEN 8027229 AND 8027329
	Index Scan using sbtest1_pkey on sbtest1  (cost=0.43..392.56 rows=99 width=125)
	  Index Cond: ((id >= 8027229) AND (id <= 8027329))

table 2 : explain SELECT id, c FROM sbtest2 WHERE id BETWEEN 8027229 AND 8027329
	Index Scan using sbtest2_pkey on sbtest2  (cost=0.43..404.42 rows=102 width=125)
	  Index Cond: ((id >= 8027229) AND (id <= 8027329))

table 3 : explain SELECT id, c FROM sbtest3 WHERE id BETWEEN 8027229 AND 8027329
	Index Scan using sbtest3_pkey on sbtest3  (cost=0.43..371.77 rows=94 width=125)
	  Index Cond: ((id >= 8027229) AND (id <= 8027329))

table 4 : explain SELECT id, c FROM sbtest4 WHERE id BETWEEN 8027229 AND 8027329
	Index Scan using sbtest4_pkey on sbtest4  (cost=0.43..435.90 rows=111 width=125)
	  Index Cond: ((id >= 8027229) AND (id <= 8027329))

table 5 : explain SELECT id, c FROM sbtest5 WHERE id BETWEEN 8027229 AND 8027329
	Index Scan using sbtest5_pkey on sbtest5  (cost=0.43..384.01 rows=97 width=125)
	  Index Cond: ((id >= 8027229) AND (id <= 8027329))

table 6 : explain SELECT id, c FROM sbtest6 WHERE id BETWEEN 8027229 AND 8027329
	Index Scan using sbtest6_pkey on sbtest6  (cost=0.43..414.91 rows=105 width=125)
	  Index Cond: ((id >= 8027229) AND (id <= 8027329))

table 7 : explain SELECT id, c FROM sbtest7 WHERE id BETWEEN 8027229 AND 8027329
	Index Scan using sbtest7_pkey on sbtest7  (cost=0.43..425.61 rows=108 width=125)
	  Index Cond: ((id >= 8027229) AND (id <= 8027329))

table 8 : explain SELECT id, c FROM sbtest8 WHERE id BETWEEN 8027229 AND 8027329
	Index Scan using sbtest8_pkey on sbtest8  (cost=0.43..394.89 rows=100 width=125)
	  Index Cond: ((id >= 8027229) AND (id <= 8027329))

explain: for range-notcovered :: explain SELECT id, c FROM sbtest%d WHERE id BETWEEN 8027229 AND 8027329
for range-notcovered
table 1 : explain SELECT id, c FROM sbtest1 WHERE id BETWEEN 7669155 AND 7669255
	Index Scan using sbtest1_pkey on sbtest1  (cost=0.43..380.78 rows=96 width=125)
	  Index Cond: ((id >= 7669155) AND (id <= 7669255))

table 2 : explain SELECT id, c FROM sbtest2 WHERE id BETWEEN 7669155 AND 7669255
	Index Scan using sbtest2_pkey on sbtest2  (cost=0.43..404.42 rows=102 width=125)
	  Index Cond: ((id >= 7669155) AND (id <= 7669255))

table 3 : explain SELECT id, c FROM sbtest3 WHERE id BETWEEN 7669155 AND 7669255
	Index Scan using sbtest3_pkey on sbtest3  (cost=0.43..395.21 rows=100 width=125)
	  Index Cond: ((id >= 7669155) AND (id <= 7669255))

table 4 : explain SELECT id, c FROM sbtest4 WHERE id BETWEEN 7669155 AND 7669255
	Index Scan using sbtest4_pkey on sbtest4  (cost=0.43..420.36 rows=107 width=125)
	  Index Cond: ((id >= 7669155) AND (id <= 7669255))

table 5 : explain SELECT id, c FROM sbtest5 WHERE id BETWEEN 7669155 AND 7669255
	Index Scan using sbtest5_pkey on sbtest5  (cost=0.43..434.86 rows=110 width=125)
	  Index Cond: ((id >= 7669155) AND (id <= 7669255))

table 6 : explain SELECT id, c FROM sbtest6 WHERE id BETWEEN 7669155 AND 7669255
	Index Scan using sbtest6_pkey on sbtest6  (cost=0.43..403.19 rows=102 width=125)
	  Index Cond: ((id >= 7669155) AND (id <= 7669255))

table 7 : explain SELECT id, c FROM sbtest7 WHERE id BETWEEN 7669155 AND 7669255
	Index Scan using sbtest7_pkey on sbtest7  (cost=0.43..374.94 rows=95 width=125)
	  Index Cond: ((id >= 7669155) AND (id <= 7669255))

table 8 : explain SELECT id, c FROM sbtest8 WHERE id BETWEEN 7669155 AND 7669255
	Index Scan using sbtest8_pkey on sbtest8  (cost=0.43..383.19 rows=97 width=125)
	  Index Cond: ((id >= 7669155) AND (id <= 7669255))

for range-notcovered
table 1 : explain SELECT id, c FROM sbtest1 WHERE id BETWEEN 3964259 AND 3964359
	Index Scan using sbtest1_pkey on sbtest1  (cost=0.43..416.07 rows=105 width=125)
	  Index Cond: ((id >= 3964259) AND (id <= 3964359))

table 2 : explain SELECT id, c FROM sbtest2 WHERE id BETWEEN 3964259 AND 3964359
	Index Scan using sbtest2_pkey on sbtest2  (cost=0.43..404.42 rows=102 width=125)
	  Index Cond: ((id >= 3964259) AND (id <= 3964359))

table 3 : explain SELECT id, c FROM sbtest3 WHERE id BETWEEN 3964259 AND 3964359
	Index Scan using sbtest3_pkey on sbtest3  (cost=0.43..383.49 rows=97 width=125)
	  Index Cond: ((id >= 3964259) AND (id <= 3964359))

table 4 : explain SELECT id, c FROM sbtest4 WHERE id BETWEEN 3964259 AND 3964359
	Index Scan using sbtest4_pkey on sbtest4  (cost=0.43..389.28 rows=99 width=125)
	  Index Cond: ((id >= 3964259) AND (id <= 3964359))

table 5 : explain SELECT id, c FROM sbtest5 WHERE id BETWEEN 3964259 AND 3964359
	Index Scan using sbtest5_pkey on sbtest5  (cost=0.43..399.65 rows=101 width=125)
	  Index Cond: ((id >= 3964259) AND (id <= 3964359))

table 6 : explain SELECT id, c FROM sbtest6 WHERE id BETWEEN 3964259 AND 3964359
	Index Scan using sbtest6_pkey on sbtest6  (cost=0.43..418.82 rows=106 width=125)
	  Index Cond: ((id >= 3964259) AND (id <= 3964359))

table 7 : explain SELECT id, c FROM sbtest7 WHERE id BETWEEN 3964259 AND 3964359
	Index Scan using sbtest7_pkey on sbtest7  (cost=0.43..417.82 rows=106 width=125)
	  Index Cond: ((id >= 3964259) AND (id <= 3964359))

table 8 : explain SELECT id, c FROM sbtest8 WHERE id BETWEEN 3964259 AND 3964359
	Index Scan using sbtest8_pkey on sbtest8  (cost=0.43..422.21 rows=107 width=125)
	  Index Cond: ((id >= 3964259) AND (id <= 3964359))

for range-notcovered
table 1 : explain SELECT id, c FROM sbtest1 WHERE id BETWEEN 8298540 AND 8298640
	Index Scan using sbtest1_pkey on sbtest1  (cost=0.43..345.51 rows=87 width=125)
	  Index Cond: ((id >= 8298540) AND (id <= 8298640))

table 2 : explain SELECT id, c FROM sbtest2 WHERE id BETWEEN 8298540 AND 8298640
	Index Scan using sbtest2_pkey on sbtest2  (cost=0.43..384.83 rows=97 width=125)
	  Index Cond: ((id >= 8298540) AND (id <= 8298640))

table 3 : explain SELECT id, c FROM sbtest3 WHERE id BETWEEN 8298540 AND 8298640
	Index Scan using sbtest3_pkey on sbtest3  (cost=0.43..379.58 rows=96 width=125)
	  Index Cond: ((id >= 8298540) AND (id <= 8298640))

table 4 : explain SELECT id, c FROM sbtest4 WHERE id BETWEEN 8298540 AND 8298640
	Index Scan using sbtest4_pkey on sbtest4  (cost=0.43..350.40 rows=89 width=125)
	  Index Cond: ((id >= 8298540) AND (id <= 8298640))

table 5 : explain SELECT id, c FROM sbtest5 WHERE id BETWEEN 8298540 AND 8298640
	Index Scan using sbtest5_pkey on sbtest5  (cost=0.43..391.83 rows=99 width=125)
	  Index Cond: ((id >= 8298540) AND (id <= 8298640))

table 6 : explain SELECT id, c FROM sbtest6 WHERE id BETWEEN 8298540 AND 8298640
	Index Scan using sbtest6_pkey on sbtest6  (cost=0.43..426.63 rows=108 width=125)
	  Index Cond: ((id >= 8298540) AND (id <= 8298640))

table 7 : explain SELECT id, c FROM sbtest7 WHERE id BETWEEN 8298540 AND 8298640
	Index Scan using sbtest7_pkey on sbtest7  (cost=0.43..363.25 rows=92 width=125)
	  Index Cond: ((id >= 8298540) AND (id <= 8298640))

table 8 : explain SELECT id, c FROM sbtest8 WHERE id BETWEEN 8298540 AND 8298640
	Index Scan using sbtest8_pkey on sbtest8  (cost=0.43..375.38 rows=95 width=125)
	  Index Cond: ((id >= 8298540) AND (id <= 8298640))

explain: for range-notcovered :: explain SELECT id, c FROM sbtest%d WHERE id BETWEEN 7669155 AND 7669255
for range-notcovered
table 1 : explain SELECT id, c FROM sbtest1 WHERE id BETWEEN 3832138 AND 3832238
	Index Scan using sbtest1_pkey on sbtest1  (cost=0.43..451.34 rows=114 width=125)
	  Index Cond: ((id >= 3832138) AND (id <= 3832238))

table 2 : explain SELECT id, c FROM sbtest2 WHERE id BETWEEN 3832138 AND 3832238
	Index Scan using sbtest2_pkey on sbtest2  (cost=0.43..400.50 rows=101 width=125)
	  Index Cond: ((id >= 3832138) AND (id <= 3832238))

table 3 : explain SELECT id, c FROM sbtest3 WHERE id BETWEEN 3832138 AND 3832238
	Index Scan using sbtest3_pkey on sbtest3  (cost=0.43..457.70 rows=116 width=125)
	  Index Cond: ((id >= 3832138) AND (id <= 3832238))

table 4 : explain SELECT id, c FROM sbtest4 WHERE id BETWEEN 3832138 AND 3832238
	Index Scan using sbtest4_pkey on sbtest4  (cost=0.43..393.16 rows=100 width=125)
	  Index Cond: ((id >= 3832138) AND (id <= 3832238))

table 5 : explain SELECT id, c FROM sbtest5 WHERE id BETWEEN 3832138 AND 3832238
	Index Scan using sbtest5_pkey on sbtest5  (cost=0.43..403.57 rows=102 width=125)
	  Index Cond: ((id >= 3832138) AND (id <= 3832238))

table 6 : explain SELECT id, c FROM sbtest6 WHERE id BETWEEN 3832138 AND 3832238
	Index Scan using sbtest6_pkey on sbtest6  (cost=0.43..371.93 rows=94 width=125)
	  Index Cond: ((id >= 3832138) AND (id <= 3832238))

table 7 : explain SELECT id, c FROM sbtest7 WHERE id BETWEEN 3832138 AND 3832238
	Index Scan using sbtest7_pkey on sbtest7  (cost=0.43..402.22 rows=102 width=125)
	  Index Cond: ((id >= 3832138) AND (id <= 3832238))

table 8 : explain SELECT id, c FROM sbtest8 WHERE id BETWEEN 3832138 AND 3832238
	Index Scan using sbtest8_pkey on sbtest8  (cost=0.43..445.63 rows=113 width=125)
	  Index Cond: ((id >= 3832138) AND (id <= 3832238))

explain: for range-notcovered :: explain SELECT id, c FROM sbtest%d WHERE id BETWEEN 3964259 AND 3964359
explain: for range-notcovered :: explain SELECT id, c FROM sbtest%d WHERE id BETWEEN 3832138 AND 3832238
explain: for range-notcovered :: explain SELECT id, c FROM sbtest%d WHERE id BETWEEN 8298540 AND 8298640
for range-notcovered
table 1 : explain SELECT id, c FROM sbtest1 WHERE id BETWEEN 4102559 AND 4102659
	Index Scan using sbtest1_pkey on sbtest1  (cost=0.43..376.86 rows=95 width=125)
	  Index Cond: ((id >= 4102559) AND (id <= 4102659))

table 2 : explain SELECT id, c FROM sbtest2 WHERE id BETWEEN 4102559 AND 4102659
	Index Scan using sbtest2_pkey on sbtest2  (cost=0.43..396.58 rows=100 width=125)
	  Index Cond: ((id >= 4102559) AND (id <= 4102659))

table 3 : explain SELECT id, c FROM sbtest3 WHERE id BETWEEN 4102559 AND 4102659
	Index Scan using sbtest3_pkey on sbtest3  (cost=0.43..406.92 rows=103 width=125)
	  Index Cond: ((id >= 4102559) AND (id <= 4102659))

table 4 : explain SELECT id, c FROM sbtest4 WHERE id BETWEEN 4102559 AND 4102659
	Index Scan using sbtest4_pkey on sbtest4  (cost=0.43..404.82 rows=103 width=125)
	  Index Cond: ((id >= 4102559) AND (id <= 4102659))

table 5 : explain SELECT id, c FROM sbtest5 WHERE id BETWEEN 4102559 AND 4102659
	Index Scan using sbtest5_pkey on sbtest5  (cost=0.43..403.57 rows=102 width=125)
	  Index Cond: ((id >= 4102559) AND (id <= 4102659))

table 6 : explain SELECT id, c FROM sbtest6 WHERE id BETWEEN 4102559 AND 4102659
	Index Scan using sbtest6_pkey on sbtest6  (cost=0.43..403.19 rows=102 width=125)
	  Index Cond: ((id >= 4102559) AND (id <= 4102659))

table 7 : explain SELECT id, c FROM sbtest7 WHERE id BETWEEN 4102559 AND 4102659
	Index Scan using sbtest7_pkey on sbtest7  (cost=0.43..394.43 rows=100 width=125)
	  Index Cond: ((id >= 4102559) AND (id <= 4102659))

table 8 : explain SELECT id, c FROM sbtest8 WHERE id BETWEEN 4102559 AND 4102659
	Index Scan using sbtest8_pkey on sbtest8  (cost=0.43..379.28 rows=96 width=125)
	  Index Cond: ((id >= 4102559) AND (id <= 4102659))

explain: for range-notcovered :: explain SELECT id, c FROM sbtest%d WHERE id BETWEEN 4102559 AND 4102659
for range-notcovered
table 1 : explain SELECT id, c FROM sbtest1 WHERE id BETWEEN 8027229 AND 8027329
	Index Scan using sbtest1_pkey on sbtest1  (cost=0.43..392.56 rows=99 width=125)
	  Index Cond: ((id >= 8027229) AND (id <= 8027329))

table 2 : explain SELECT id, c FROM sbtest2 WHERE id BETWEEN 8027229 AND 8027329
	Index Scan using sbtest2_pkey on sbtest2  (cost=0.43..404.42 rows=102 width=125)
	  Index Cond: ((id >= 8027229) AND (id <= 8027329))

table 3 : explain SELECT id, c FROM sbtest3 WHERE id BETWEEN 8027229 AND 8027329
	Index Scan using sbtest3_pkey on sbtest3  (cost=0.43..371.77 rows=94 width=125)
	  Index Cond: ((id >= 8027229) AND (id <= 8027329))

table 4 : explain SELECT id, c FROM sbtest4 WHERE id BETWEEN 8027229 AND 8027329
	Index Scan using sbtest4_pkey on sbtest4  (cost=0.43..435.90 rows=111 width=125)
	  Index Cond: ((id >= 8027229) AND (id <= 8027329))

table 5 : explain SELECT id, c FROM sbtest5 WHERE id BETWEEN 8027229 AND 8027329
	Index Scan using sbtest5_pkey on sbtest5  (cost=0.43..384.01 rows=97 width=125)
	  Index Cond: ((id >= 8027229) AND (id <= 8027329))

table 6 : explain SELECT id, c FROM sbtest6 WHERE id BETWEEN 8027229 AND 8027329
	Index Scan using sbtest6_pkey on sbtest6  (cost=0.43..414.91 rows=105 width=125)
	  Index Cond: ((id >= 8027229) AND (id <= 8027329))

table 7 : explain SELECT id, c FROM sbtest7 WHERE id BETWEEN 8027229 AND 8027329
	Index Scan using sbtest7_pkey on sbtest7  (cost=0.43..425.61 rows=108 width=125)
	  Index Cond: ((id >= 8027229) AND (id <= 8027329))

table 8 : explain SELECT id, c FROM sbtest8 WHERE id BETWEEN 8027229 AND 8027329
	Index Scan using sbtest8_pkey on sbtest8  (cost=0.43..394.89 rows=100 width=125)
	  Index Cond: ((id >= 8027229) AND (id <= 8027329))

explain: for range-notcovered :: explain SELECT id, c FROM sbtest%d WHERE id BETWEEN 8027229 AND 8027329
for range-notcovered
table 1 : explain SELECT id, c FROM sbtest1 WHERE id BETWEEN 4278161 AND 4278261
	Index Scan using sbtest1_pkey on sbtest1  (cost=0.43..396.48 rows=100 width=125)
	  Index Cond: ((id >= 4278161) AND (id <= 4278261))

table 2 : explain SELECT id, c FROM sbtest2 WHERE id BETWEEN 4278161 AND 4278261
	Index Scan using sbtest2_pkey on sbtest2  (cost=0.43..388.75 rows=98 width=125)
	  Index Cond: ((id >= 4278161) AND (id <= 4278261))

table 3 : explain SELECT id, c FROM sbtest3 WHERE id BETWEEN 4278161 AND 4278261
	Index Scan using sbtest3_pkey on sbtest3  (cost=0.43..426.45 rows=108 width=125)
	  Index Cond: ((id >= 4278161) AND (id <= 4278261))

table 4 : explain SELECT id, c FROM sbtest4 WHERE id BETWEEN 4278161 AND 4278261
	Index Scan using sbtest4_pkey on sbtest4  (cost=0.43..408.70 rows=104 width=125)
	  Index Cond: ((id >= 4278161) AND (id <= 4278261))

table 5 : explain SELECT id, c FROM sbtest5 WHERE id BETWEEN 4278161 AND 4278261
	Index Scan using sbtest5_pkey on sbtest5  (cost=0.43..434.86 rows=110 width=125)
	  Index Cond: ((id >= 4278161) AND (id <= 4278261))

table 6 : explain SELECT id, c FROM sbtest6 WHERE id BETWEEN 4278161 AND 4278261
	Index Scan using sbtest6_pkey on sbtest6  (cost=0.43..473.55 rows=120 width=125)
	  Index Cond: ((id >= 4278161) AND (id <= 4278261))

table 7 : explain SELECT id, c FROM sbtest7 WHERE id BETWEEN 4278161 AND 4278261
	Index Scan using sbtest7_pkey on sbtest7  (cost=0.43..374.94 rows=95 width=125)
	  Index Cond: ((id >= 4278161) AND (id <= 4278261))

table 8 : explain SELECT id, c FROM sbtest8 WHERE id BETWEEN 4278161 AND 4278261
	Index Scan using sbtest8_pkey on sbtest8  (cost=0.43..367.58 rows=93 width=125)
	  Index Cond: ((id >= 4278161) AND (id <= 4278261))

explain: for range-notcovered :: explain SELECT id, c FROM sbtest%d WHERE id BETWEEN 4278161 AND 4278261
for range-notcovered
table 1 : explain SELECT id, c FROM sbtest1 WHERE id BETWEEN 4896239 AND 4896339
	Index Scan using sbtest1_pkey on sbtest1  (cost=0.43..400.40 rows=101 width=125)
	  Index Cond: ((id >= 4896239) AND (id <= 4896339))

table 2 : explain SELECT id, c FROM sbtest2 WHERE id BETWEEN 4896239 AND 4896339
	Index Scan using sbtest2_pkey on sbtest2  (cost=0.43..416.18 rows=105 width=125)
	  Index Cond: ((id >= 4896239) AND (id <= 4896339))

table 3 : explain SELECT id, c FROM sbtest3 WHERE id BETWEEN 4896239 AND 4896339
	Index Scan using sbtest3_pkey on sbtest3  (cost=0.43..418.64 rows=106 width=125)
	  Index Cond: ((id >= 4896239) AND (id <= 4896339))

table 4 : explain SELECT id, c FROM sbtest4 WHERE id BETWEEN 4896239 AND 4896339
	Index Scan using sbtest4_pkey on sbtest4  (cost=0.43..400.93 rows=102 width=125)
	  Index Cond: ((id >= 4896239) AND (id <= 4896339))

table 5 : explain SELECT id, c FROM sbtest5 WHERE id BETWEEN 4896239 AND 4896339
	Index Scan using sbtest5_pkey on sbtest5  (cost=0.43..372.28 rows=94 width=125)
	  Index Cond: ((id >= 4896239) AND (id <= 4896339))

table 6 : explain SELECT id, c FROM sbtest6 WHERE id BETWEEN 4896239 AND 4896339
	Index Scan using sbtest6_pkey on sbtest6  (cost=0.43..391.47 rows=99 width=125)
	  Index Cond: ((id >= 4896239) AND (id <= 4896339))

table 7 : explain SELECT id, c FROM sbtest7 WHERE id BETWEEN 4896239 AND 4896339
	Index Scan using sbtest7_pkey on sbtest7  (cost=0.43..413.92 rows=105 width=125)
	  Index Cond: ((id >= 4896239) AND (id <= 4896339))

table 8 : explain SELECT id, c FROM sbtest8 WHERE id BETWEEN 4896239 AND 4896339
	Index Scan using sbtest8_pkey on sbtest8  (cost=0.43..402.70 rows=102 width=125)
	  Index Cond: ((id >= 4896239) AND (id <= 4896339))

for range-notcovered
table 1 : explain SELECT id, c FROM sbtest1 WHERE id BETWEEN 4102559 AND 4102659
	Index Scan using sbtest1_pkey on sbtest1  (cost=0.43..376.86 rows=95 width=125)
	  Index Cond: ((id >= 4102559) AND (id <= 4102659))

table 2 : explain SELECT id, c FROM sbtest2 WHERE id BETWEEN 4102559 AND 4102659
	Index Scan using sbtest2_pkey on sbtest2  (cost=0.43..396.58 rows=100 width=125)
	  Index Cond: ((id >= 4102559) AND (id <= 4102659))

table 3 : explain SELECT id, c FROM sbtest3 WHERE id BETWEEN 4102559 AND 4102659
	Index Scan using sbtest3_pkey on sbtest3  (cost=0.43..406.92 rows=103 width=125)
	  Index Cond: ((id >= 4102559) AND (id <= 4102659))

table 4 : explain SELECT id, c FROM sbtest4 WHERE id BETWEEN 4102559 AND 4102659
	Index Scan using sbtest4_pkey on sbtest4  (cost=0.43..404.82 rows=103 width=125)
	  Index Cond: ((id >= 4102559) AND (id <= 4102659))

table 5 : explain SELECT id, c FROM sbtest5 WHERE id BETWEEN 4102559 AND 4102659
	Index Scan using sbtest5_pkey on sbtest5  (cost=0.43..403.57 rows=102 width=125)
	  Index Cond: ((id >= 4102559) AND (id <= 4102659))

table 6 : explain SELECT id, c FROM sbtest6 WHERE id BETWEEN 4102559 AND 4102659
	Index Scan using sbtest6_pkey on sbtest6  (cost=0.43..403.19 rows=102 width=125)
	  Index Cond: ((id >= 4102559) AND (id <= 4102659))

table 7 : explain SELECT id, c FROM sbtest7 WHERE id BETWEEN 4102559 AND 4102659
	Index Scan using sbtest7_pkey on sbtest7  (cost=0.43..394.43 rows=100 width=125)
	  Index Cond: ((id >= 4102559) AND (id <= 4102659))

table 8 : explain SELECT id, c FROM sbtest8 WHERE id BETWEEN 4102559 AND 4102659
	Index Scan using sbtest8_pkey on sbtest8  (cost=0.43..379.28 rows=96 width=125)
	  Index Cond: ((id >= 4102559) AND (id <= 4102659))

explain: for range-notcovered :: explain SELECT id, c FROM sbtest%d WHERE id BETWEEN 4102559 AND 4102659
explain: for range-notcovered :: explain SELECT id, c FROM sbtest%d WHERE id BETWEEN 4896239 AND 4896339
for range-notcovered
table 1 : explain SELECT id, c FROM sbtest1 WHERE id BETWEEN 7669155 AND 7669255
	Index Scan using sbtest1_pkey on sbtest1  (cost=0.43..380.78 rows=96 width=125)
	  Index Cond: ((id >= 7669155) AND (id <= 7669255))

table 2 : explain SELECT id, c FROM sbtest2 WHERE id BETWEEN 7669155 AND 7669255
	Index Scan using sbtest2_pkey on sbtest2  (cost=0.43..404.42 rows=102 width=125)
	  Index Cond: ((id >= 7669155) AND (id <= 7669255))

table 3 : explain SELECT id, c FROM sbtest3 WHERE id BETWEEN 7669155 AND 7669255
	Index Scan using sbtest3_pkey on sbtest3  (cost=0.43..395.21 rows=100 width=125)
	  Index Cond: ((id >= 7669155) AND (id <= 7669255))

table 4 : explain SELECT id, c FROM sbtest4 WHERE id BETWEEN 7669155 AND 7669255
	Index Scan using sbtest4_pkey on sbtest4  (cost=0.43..420.36 rows=107 width=125)
	  Index Cond: ((id >= 7669155) AND (id <= 7669255))

table 5 : explain SELECT id, c FROM sbtest5 WHERE id BETWEEN 7669155 AND 7669255
	Index Scan using sbtest5_pkey on sbtest5  (cost=0.43..434.86 rows=110 width=125)
	  Index Cond: ((id >= 7669155) AND (id <= 7669255))

table 6 : explain SELECT id, c FROM sbtest6 WHERE id BETWEEN 7669155 AND 7669255
	Index Scan using sbtest6_pkey on sbtest6  (cost=0.43..403.19 rows=102 width=125)
	  Index Cond: ((id >= 7669155) AND (id <= 7669255))

table 7 : explain SELECT id, c FROM sbtest7 WHERE id BETWEEN 7669155 AND 7669255
	Index Scan using sbtest7_pkey on sbtest7  (cost=0.43..374.94 rows=95 width=125)
	  Index Cond: ((id >= 7669155) AND (id <= 7669255))

table 8 : explain SELECT id, c FROM sbtest8 WHERE id BETWEEN 7669155 AND 7669255
	Index Scan using sbtest8_pkey on sbtest8  (cost=0.43..383.19 rows=97 width=125)
	  Index Cond: ((id >= 7669155) AND (id <= 7669255))

for range-notcovered
table 1 : explain SELECT id, c FROM sbtest1 WHERE id BETWEEN 3964259 AND 3964359
	Index Scan using sbtest1_pkey on sbtest1  (cost=0.43..416.07 rows=105 width=125)
	  Index Cond: ((id >= 3964259) AND (id <= 3964359))

table 2 : explain SELECT id, c FROM sbtest2 WHERE id BETWEEN 3964259 AND 3964359
	Index Scan using sbtest2_pkey on sbtest2  (cost=0.43..404.42 rows=102 width=125)
	  Index Cond: ((id >= 3964259) AND (id <= 3964359))

table 3 : explain SELECT id, c FROM sbtest3 WHERE id BETWEEN 3964259 AND 3964359
	Index Scan using sbtest3_pkey on sbtest3  (cost=0.43..383.49 rows=97 width=125)
	  Index Cond: ((id >= 3964259) AND (id <= 3964359))

table 4 : explain SELECT id, c FROM sbtest4 WHERE id BETWEEN 3964259 AND 3964359
	Index Scan using sbtest4_pkey on sbtest4  (cost=0.43..389.28 rows=99 width=125)
	  Index Cond: ((id >= 3964259) AND (id <= 3964359))

table 5 : explain SELECT id, c FROM sbtest5 WHERE id BETWEEN 3964259 AND 3964359
	Index Scan using sbtest5_pkey on sbtest5  (cost=0.43..399.65 rows=101 width=125)
	  Index Cond: ((id >= 3964259) AND (id <= 3964359))

table 6 : explain SELECT id, c FROM sbtest6 WHERE id BETWEEN 3964259 AND 3964359
	Index Scan using sbtest6_pkey on sbtest6  (cost=0.43..418.82 rows=106 width=125)
	  Index Cond: ((id >= 3964259) AND (id <= 3964359))

table 7 : explain SELECT id, c FROM sbtest7 WHERE id BETWEEN 3964259 AND 3964359
	Index Scan using sbtest7_pkey on sbtest7  (cost=0.43..417.82 rows=106 width=125)
	  Index Cond: ((id >= 3964259) AND (id <= 3964359))

table 8 : explain SELECT id, c FROM sbtest8 WHERE id BETWEEN 3964259 AND 3964359
	Index Scan using sbtest8_pkey on sbtest8  (cost=0.43..422.21 rows=107 width=125)
	  Index Cond: ((id >= 3964259) AND (id <= 3964359))

for range-notcovered
table 1 : explain SELECT id, c FROM sbtest1 WHERE id BETWEEN 8298540 AND 8298640
	Index Scan using sbtest1_pkey on sbtest1  (cost=0.43..345.51 rows=87 width=125)
	  Index Cond: ((id >= 8298540) AND (id <= 8298640))

table 2 : explain SELECT id, c FROM sbtest2 WHERE id BETWEEN 8298540 AND 8298640
	Index Scan using sbtest2_pkey on sbtest2  (cost=0.43..384.83 rows=97 width=125)
	  Index Cond: ((id >= 8298540) AND (id <= 8298640))

table 3 : explain SELECT id, c FROM sbtest3 WHERE id BETWEEN 8298540 AND 8298640
	Index Scan using sbtest3_pkey on sbtest3  (cost=0.43..379.58 rows=96 width=125)
	  Index Cond: ((id >= 8298540) AND (id <= 8298640))

table 4 : explain SELECT id, c FROM sbtest4 WHERE id BETWEEN 8298540 AND 8298640
	Index Scan using sbtest4_pkey on sbtest4  (cost=0.43..350.40 rows=89 width=125)
	  Index Cond: ((id >= 8298540) AND (id <= 8298640))

table 5 : explain SELECT id, c FROM sbtest5 WHERE id BETWEEN 8298540 AND 8298640
	Index Scan using sbtest5_pkey on sbtest5  (cost=0.43..391.83 rows=99 width=125)
	  Index Cond: ((id >= 8298540) AND (id <= 8298640))

table 6 : explain SELECT id, c FROM sbtest6 WHERE id BETWEEN 8298540 AND 8298640
	Index Scan using sbtest6_pkey on sbtest6  (cost=0.43..426.63 rows=108 width=125)
	  Index Cond: ((id >= 8298540) AND (id <= 8298640))

table 7 : explain SELECT id, c FROM sbtest7 WHERE id BETWEEN 8298540 AND 8298640
	Index Scan using sbtest7_pkey on sbtest7  (cost=0.43..363.25 rows=92 width=125)
	  Index Cond: ((id >= 8298540) AND (id <= 8298640))

table 8 : explain SELECT id, c FROM sbtest8 WHERE id BETWEEN 8298540 AND 8298640
	Index Scan using sbtest8_pkey on sbtest8  (cost=0.43..375.38 rows=95 width=125)
	  Index Cond: ((id >= 8298540) AND (id <= 8298640))

for range-notcovered
table 1 : explain SELECT id, c FROM sbtest1 WHERE id BETWEEN 3832138 AND 3832238
	Index Scan using sbtest1_pkey on sbtest1  (cost=0.43..451.34 rows=114 width=125)
	  Index Cond: ((id >= 3832138) AND (id <= 3832238))

table 2 : explain SELECT id, c FROM sbtest2 WHERE id BETWEEN 3832138 AND 3832238
	Index Scan using sbtest2_pkey on sbtest2  (cost=0.43..400.50 rows=101 width=125)
	  Index Cond: ((id >= 3832138) AND (id <= 3832238))

table 3 : explain SELECT id, c FROM sbtest3 WHERE id BETWEEN 3832138 AND 3832238
	Index Scan using sbtest3_pkey on sbtest3  (cost=0.43..457.70 rows=116 width=125)
	  Index Cond: ((id >= 3832138) AND (id <= 3832238))

table 4 : explain SELECT id, c FROM sbtest4 WHERE id BETWEEN 3832138 AND 3832238
	Index Scan using sbtest4_pkey on sbtest4  (cost=0.43..393.16 rows=100 width=125)
	  Index Cond: ((id >= 3832138) AND (id <= 3832238))

table 5 : explain SELECT id, c FROM sbtest5 WHERE id BETWEEN 3832138 AND 3832238
	Index Scan using sbtest5_pkey on sbtest5  (cost=0.43..403.57 rows=102 width=125)
	  Index Cond: ((id >= 3832138) AND (id <= 3832238))

table 6 : explain SELECT id, c FROM sbtest6 WHERE id BETWEEN 3832138 AND 3832238
	Index Scan using sbtest6_pkey on sbtest6  (cost=0.43..371.93 rows=94 width=125)
	  Index Cond: ((id >= 3832138) AND (id <= 3832238))

table 7 : explain SELECT id, c FROM sbtest7 WHERE id BETWEEN 3832138 AND 3832238
	Index Scan using sbtest7_pkey on sbtest7  (cost=0.43..402.22 rows=102 width=125)
	  Index Cond: ((id >= 3832138) AND (id <= 3832238))

table 8 : explain SELECT id, c FROM sbtest8 WHERE id BETWEEN 3832138 AND 3832238
	Index Scan using sbtest8_pkey on sbtest8  (cost=0.43..445.63 rows=113 width=125)
	  Index Cond: ((id >= 3832138) AND (id <= 3832238))

for range-notcovered
table 1 : explain SELECT id, c FROM sbtest1 WHERE id BETWEEN 4278161 AND 4278261
	Index Scan using sbtest1_pkey on sbtest1  (cost=0.43..396.48 rows=100 width=125)
	  Index Cond: ((id >= 4278161) AND (id <= 4278261))

table 2 : explain SELECT id, c FROM sbtest2 WHERE id BETWEEN 4278161 AND 4278261
	Index Scan using sbtest2_pkey on sbtest2  (cost=0.43..388.75 rows=98 width=125)
	  Index Cond: ((id >= 4278161) AND (id <= 4278261))

table 3 : explain SELECT id, c FROM sbtest3 WHERE id BETWEEN 4278161 AND 4278261
	Index Scan using sbtest3_pkey on sbtest3  (cost=0.43..426.45 rows=108 width=125)
	  Index Cond: ((id >= 4278161) AND (id <= 4278261))

table 4 : explain SELECT id, c FROM sbtest4 WHERE id BETWEEN 4278161 AND 4278261
	Index Scan using sbtest4_pkey on sbtest4  (cost=0.43..408.70 rows=104 width=125)
	  Index Cond: ((id >= 4278161) AND (id <= 4278261))

table 5 : explain SELECT id, c FROM sbtest5 WHERE id BETWEEN 4278161 AND 4278261
	Index Scan using sbtest5_pkey on sbtest5  (cost=0.43..434.86 rows=110 width=125)
	  Index Cond: ((id >= 4278161) AND (id <= 4278261))

table 6 : explain SELECT id, c FROM sbtest6 WHERE id BETWEEN 4278161 AND 4278261
	Index Scan using sbtest6_pkey on sbtest6  (cost=0.43..473.55 rows=120 width=125)
	  Index Cond: ((id >= 4278161) AND (id <= 4278261))

table 7 : explain SELECT id, c FROM sbtest7 WHERE id BETWEEN 4278161 AND 4278261
	Index Scan using sbtest7_pkey on sbtest7  (cost=0.43..374.94 rows=95 width=125)
	  Index Cond: ((id >= 4278161) AND (id <= 4278261))

table 8 : explain SELECT id, c FROM sbtest8 WHERE id BETWEEN 4278161 AND 4278261
	Index Scan using sbtest8_pkey on sbtest8  (cost=0.43..367.58 rows=93 width=125)
	  Index Cond: ((id >= 4278161) AND (id <= 4278261))

for range-notcovered
table 1 : explain SELECT id, c FROM sbtest1 WHERE id BETWEEN 6111416 AND 6111516
	Index Scan using sbtest1_pkey on sbtest1  (cost=0.43..400.40 rows=101 width=125)
	  Index Cond: ((id >= 6111416) AND (id <= 6111516))

table 2 : explain SELECT id, c FROM sbtest2 WHERE id BETWEEN 6111416 AND 6111516
	Index Scan using sbtest2_pkey on sbtest2  (cost=0.43..424.02 rows=107 width=125)
	  Index Cond: ((id >= 6111416) AND (id <= 6111516))

table 3 : explain SELECT id, c FROM sbtest3 WHERE id BETWEEN 6111416 AND 6111516
	Index Scan using sbtest3_pkey on sbtest3  (cost=0.43..438.17 rows=111 width=125)
	  Index Cond: ((id >= 6111416) AND (id <= 6111516))

table 4 : explain SELECT id, c FROM sbtest4 WHERE id BETWEEN 6111416 AND 6111516
	Index Scan using sbtest4_pkey on sbtest4  (cost=0.43..393.16 rows=100 width=125)
	  Index Cond: ((id >= 6111416) AND (id <= 6111516))

table 5 : explain SELECT id, c FROM sbtest5 WHERE id BETWEEN 6111416 AND 6111516
	Index Scan using sbtest5_pkey on sbtest5  (cost=0.43..434.86 rows=110 width=125)
	  Index Cond: ((id >= 6111416) AND (id <= 6111516))

table 6 : explain SELECT id, c FROM sbtest6 WHERE id BETWEEN 6111416 AND 6111516
	Index Scan using sbtest6_pkey on sbtest6  (cost=0.43..360.21 rows=91 width=125)
	  Index Cond: ((id >= 6111416) AND (id <= 6111516))

table 7 : explain SELECT id, c FROM sbtest7 WHERE id BETWEEN 6111416 AND 6111516
	Index Scan using sbtest7_pkey on sbtest7  (cost=0.43..386.63 rows=98 width=125)
	  Index Cond: ((id >= 6111416) AND (id <= 6111516))

table 8 : explain SELECT id, c FROM sbtest8 WHERE id BETWEEN 6111416 AND 6111516
	Index Scan using sbtest8_pkey on sbtest8  (cost=0.43..387.09 rows=98 width=125)
	  Index Cond: ((id >= 6111416) AND (id <= 6111516))

explain: for range-notcovered :: explain SELECT id, c FROM sbtest%d WHERE id BETWEEN 7669155 AND 7669255
explain: for range-notcovered :: explain SELECT id, c FROM sbtest%d WHERE id BETWEEN 3964259 AND 3964359
explain: for range-notcovered :: explain SELECT id, c FROM sbtest%d WHERE id BETWEEN 4278161 AND 4278261
explain: for range-notcovered :: explain SELECT id, c FROM sbtest%d WHERE id BETWEEN 6111416 AND 6111516
explain: for range-notcovered :: explain SELECT id, c FROM sbtest%d WHERE id BETWEEN 3832138 AND 3832238
explain: for range-notcovered :: explain SELECT id, c FROM sbtest%d WHERE id BETWEEN 9123638 AND 9123738
for range-notcovered
table 1 : explain SELECT id, c FROM sbtest1 WHERE id BETWEEN 6368854 AND 6368954
	Index Scan using sbtest1_pkey on sbtest1  (cost=0.43..388.64 rows=98 width=125)
	  Index Cond: ((id >= 6368854) AND (id <= 6368954))

table 2 : explain SELECT id, c FROM sbtest2 WHERE id BETWEEN 6368854 AND 6368954
	Index Scan using sbtest2_pkey on sbtest2  (cost=0.43..388.75 rows=98 width=125)
	  Index Cond: ((id >= 6368854) AND (id <= 6368954))

table 3 : explain SELECT id, c FROM sbtest3 WHERE id BETWEEN 6368854 AND 6368954
	Index Scan using sbtest3_pkey on sbtest3  (cost=0.43..399.11 rows=101 width=125)
	  Index Cond: ((id >= 6368854) AND (id <= 6368954))

table 4 : explain SELECT id, c FROM sbtest4 WHERE id BETWEEN 6368854 AND 6368954
	Index Scan using sbtest4_pkey on sbtest4  (cost=0.43..381.51 rows=97 width=125)
	  Index Cond: ((id >= 6368854) AND (id <= 6368954))

table 5 : explain SELECT id, c FROM sbtest5 WHERE id BETWEEN 6368854 AND 6368954
	Index Scan using sbtest5_pkey on sbtest5  (cost=0.43..419.21 rows=106 width=125)
	  Index Cond: ((id >= 6368854) AND (id <= 6368954))

table 6 : explain SELECT id, c FROM sbtest6 WHERE id BETWEEN 6368854 AND 6368954
	Index Scan using sbtest6_pkey on sbtest6  (cost=0.43..422.73 rows=107 width=125)
	  Index Cond: ((id >= 6368854) AND (id <= 6368954))

table 7 : explain SELECT id, c FROM sbtest7 WHERE id BETWEEN 6368854 AND 6368954
	Index Scan using sbtest7_pkey on sbtest7  (cost=0.43..378.84 rows=96 width=125)
	  Index Cond: ((id >= 6368854) AND (id <= 6368954))

table 8 : explain SELECT id, c FROM sbtest8 WHERE id BETWEEN 6368854 AND 6368954
	Index Scan using sbtest8_pkey on sbtest8  (cost=0.43..414.41 rows=105 width=125)
	  Index Cond: ((id >= 6368854) AND (id <= 6368954))

for range-notcovered
table 1 : explain SELECT id, c FROM sbtest1 WHERE id BETWEEN 4102559 AND 4102659
	Index Scan using sbtest1_pkey on sbtest1  (cost=0.43..376.86 rows=95 width=125)
	  Index Cond: ((id >= 4102559) AND (id <= 4102659))

table 2 : explain SELECT id, c FROM sbtest2 WHERE id BETWEEN 4102559 AND 4102659
	Index Scan using sbtest2_pkey on sbtest2  (cost=0.43..396.58 rows=100 width=125)
	  Index Cond: ((id >= 4102559) AND (id <= 4102659))

table 3 : explain SELECT id, c FROM sbtest3 WHERE id BETWEEN 4102559 AND 4102659
	Index Scan using sbtest3_pkey on sbtest3  (cost=0.43..406.92 rows=103 width=125)
	  Index Cond: ((id >= 4102559) AND (id <= 4102659))

table 4 : explain SELECT id, c FROM sbtest4 WHERE id BETWEEN 4102559 AND 4102659
	Index Scan using sbtest4_pkey on sbtest4  (cost=0.43..404.82 rows=103 width=125)
	  Index Cond: ((id >= 4102559) AND (id <= 4102659))

table 5 : explain SELECT id, c FROM sbtest5 WHERE id BETWEEN 4102559 AND 4102659
	Index Scan using sbtest5_pkey on sbtest5  (cost=0.43..403.57 rows=102 width=125)
	  Index Cond: ((id >= 4102559) AND (id <= 4102659))

table 6 : explain SELECT id, c FROM sbtest6 WHERE id BETWEEN 4102559 AND 4102659
	Index Scan using sbtest6_pkey on sbtest6  (cost=0.43..403.19 rows=102 width=125)
	  Index Cond: ((id >= 4102559) AND (id <= 4102659))

table 7 : explain SELECT id, c FROM sbtest7 WHERE id BETWEEN 4102559 AND 4102659
	Index Scan using sbtest7_pkey on sbtest7  (cost=0.43..394.43 rows=100 width=125)
	  Index Cond: ((id >= 4102559) AND (id <= 4102659))

table 8 : explain SELECT id, c FROM sbtest8 WHERE id BETWEEN 4102559 AND 4102659
	Index Scan using sbtest8_pkey on sbtest8  (cost=0.43..379.28 rows=96 width=125)
	  Index Cond: ((id >= 4102559) AND (id <= 4102659))

explain: for range-notcovered :: explain SELECT id, c FROM sbtest%d WHERE id BETWEEN 4102559 AND 4102659
for range-notcovered
table 1 : explain SELECT id, c FROM sbtest1 WHERE id BETWEEN 8027229 AND 8027329
	Index Scan using sbtest1_pkey on sbtest1  (cost=0.43..392.56 rows=99 width=125)
	  Index Cond: ((id >= 8027229) AND (id <= 8027329))

table 2 : explain SELECT id, c FROM sbtest2 WHERE id BETWEEN 8027229 AND 8027329
	Index Scan using sbtest2_pkey on sbtest2  (cost=0.43..404.42 rows=102 width=125)
	  Index Cond: ((id >= 8027229) AND (id <= 8027329))

table 3 : explain SELECT id, c FROM sbtest3 WHERE id BETWEEN 8027229 AND 8027329
	Index Scan using sbtest3_pkey on sbtest3  (cost=0.43..371.77 rows=94 width=125)
	  Index Cond: ((id >= 8027229) AND (id <= 8027329))

table 4 : explain SELECT id, c FROM sbtest4 WHERE id BETWEEN 8027229 AND 8027329
	Index Scan using sbtest4_pkey on sbtest4  (cost=0.43..435.90 rows=111 width=125)
	  Index Cond: ((id >= 8027229) AND (id <= 8027329))

table 5 : explain SELECT id, c FROM sbtest5 WHERE id BETWEEN 8027229 AND 8027329
	Index Scan using sbtest5_pkey on sbtest5  (cost=0.43..384.01 rows=97 width=125)
	  Index Cond: ((id >= 8027229) AND (id <= 8027329))

table 6 : explain SELECT id, c FROM sbtest6 WHERE id BETWEEN 8027229 AND 8027329
	Index Scan using sbtest6_pkey on sbtest6  (cost=0.43..414.91 rows=105 width=125)
	  Index Cond: ((id >= 8027229) AND (id <= 8027329))

table 7 : explain SELECT id, c FROM sbtest7 WHERE id BETWEEN 8027229 AND 8027329
	Index Scan using sbtest7_pkey on sbtest7  (cost=0.43..425.61 rows=108 width=125)
	  Index Cond: ((id >= 8027229) AND (id <= 8027329))

table 8 : explain SELECT id, c FROM sbtest8 WHERE id BETWEEN 8027229 AND 8027329
	Index Scan using sbtest8_pkey on sbtest8  (cost=0.43..394.89 rows=100 width=125)
	  Index Cond: ((id >= 8027229) AND (id <= 8027329))

explain: for range-notcovered :: explain SELECT id, c FROM sbtest%d WHERE id BETWEEN 6368854 AND 6368954
for range-notcovered
table 1 : explain SELECT id, c FROM sbtest1 WHERE id BETWEEN 5672245 AND 5672345
	Index Scan using sbtest1_pkey on sbtest1  (cost=0.43..404.32 rows=102 width=125)
	  Index Cond: ((id >= 5672245) AND (id <= 5672345))

table 2 : explain SELECT id, c FROM sbtest2 WHERE id BETWEEN 5672245 AND 5672345
	Index Scan using sbtest2_pkey on sbtest2  (cost=0.43..408.34 rows=103 width=125)
	  Index Cond: ((id >= 5672245) AND (id <= 5672345))

table 3 : explain SELECT id, c FROM sbtest3 WHERE id BETWEEN 5672245 AND 5672345
	Index Scan using sbtest3_pkey on sbtest3  (cost=0.43..383.49 rows=97 width=125)
	  Index Cond: ((id >= 5672245) AND (id <= 5672345))

table 4 : explain SELECT id, c FROM sbtest4 WHERE id BETWEEN 5672245 AND 5672345
	Index Scan using sbtest4_pkey on sbtest4  (cost=0.43..408.70 rows=104 width=125)
	  Index Cond: ((id >= 5672245) AND (id <= 5672345))

table 5 : explain SELECT id, c FROM sbtest5 WHERE id BETWEEN 5672245 AND 5672345
	Index Scan using sbtest5_pkey on sbtest5  (cost=0.43..387.92 rows=98 width=125)
	  Index Cond: ((id >= 5672245) AND (id <= 5672345))

table 6 : explain SELECT id, c FROM sbtest6 WHERE id BETWEEN 5672245 AND 5672345
	Index Scan using sbtest6_pkey on sbtest6  (cost=0.43..414.91 rows=105 width=125)
	  Index Cond: ((id >= 5672245) AND (id <= 5672345))

table 7 : explain SELECT id, c FROM sbtest7 WHERE id BETWEEN 5672245 AND 5672345
	Index Scan using sbtest7_pkey on sbtest7  (cost=0.43..382.73 rows=97 width=125)
	  Index Cond: ((id >= 5672245) AND (id <= 5672345))

table 8 : explain SELECT id, c FROM sbtest8 WHERE id BETWEEN 5672245 AND 5672345
	Index Scan using sbtest8_pkey on sbtest8  (cost=0.43..437.82 rows=111 width=125)
	  Index Cond: ((id >= 5672245) AND (id <= 5672345))

for range-notcovered
table 1 : explain SELECT id, c FROM sbtest1 WHERE id BETWEEN 4278161 AND 4278261
	Index Scan using sbtest1_pkey on sbtest1  (cost=0.43..396.48 rows=100 width=125)
	  Index Cond: ((id >= 4278161) AND (id <= 4278261))

table 2 : explain SELECT id, c FROM sbtest2 WHERE id BETWEEN 4278161 AND 4278261
	Index Scan using sbtest2_pkey on sbtest2  (cost=0.43..388.75 rows=98 width=125)
	  Index Cond: ((id >= 4278161) AND (id <= 4278261))

table 3 : explain SELECT id, c FROM sbtest3 WHERE id BETWEEN 4278161 AND 4278261
	Index Scan using sbtest3_pkey on sbtest3  (cost=0.43..426.45 rows=108 width=125)
	  Index Cond: ((id >= 4278161) AND (id <= 4278261))

table 4 : explain SELECT id, c FROM sbtest4 WHERE id BETWEEN 4278161 AND 4278261
	Index Scan using sbtest4_pkey on sbtest4  (cost=0.43..408.70 rows=104 width=125)
	  Index Cond: ((id >= 4278161) AND (id <= 4278261))

table 5 : explain SELECT id, c FROM sbtest5 WHERE id BETWEEN 4278161 AND 4278261
	Index Scan using sbtest5_pkey on sbtest5  (cost=0.43..434.86 rows=110 width=125)
	  Index Cond: ((id >= 4278161) AND (id <= 4278261))

table 6 : explain SELECT id, c FROM sbtest6 WHERE id BETWEEN 4278161 AND 4278261
	Index Scan using sbtest6_pkey on sbtest6  (cost=0.43..473.55 rows=120 width=125)
	  Index Cond: ((id >= 4278161) AND (id <= 4278261))

table 7 : explain SELECT id, c FROM sbtest7 WHERE id BETWEEN 4278161 AND 4278261
	Index Scan using sbtest7_pkey on sbtest7  (cost=0.43..374.94 rows=95 width=125)
	  Index Cond: ((id >= 4278161) AND (id <= 4278261))

table 8 : explain SELECT id, c FROM sbtest8 WHERE id BETWEEN 4278161 AND 4278261
	Index Scan using sbtest8_pkey on sbtest8  (cost=0.43..367.58 rows=93 width=125)
	  Index Cond: ((id >= 4278161) AND (id <= 4278261))

explain: for range-notcovered :: explain SELECT id, c FROM sbtest%d WHERE id BETWEEN 5672245 AND 5672345
explain: for range-notcovered :: explain SELECT id, c FROM sbtest%d WHERE id BETWEEN 4278161 AND 4278261
for range-notcovered
table 1 : explain SELECT id, c FROM sbtest1 WHERE id BETWEEN 4102559 AND 4102659
	Index Scan using sbtest1_pkey on sbtest1  (cost=0.43..376.86 rows=95 width=125)
	  Index Cond: ((id >= 4102559) AND (id <= 4102659))

table 2 : explain SELECT id, c FROM sbtest2 WHERE id BETWEEN 4102559 AND 4102659
	Index Scan using sbtest2_pkey on sbtest2  (cost=0.43..396.58 rows=100 width=125)
	  Index Cond: ((id >= 4102559) AND (id <= 4102659))

table 3 : explain SELECT id, c FROM sbtest3 WHERE id BETWEEN 4102559 AND 4102659
	Index Scan using sbtest3_pkey on sbtest3  (cost=0.43..406.92 rows=103 width=125)
	  Index Cond: ((id >= 4102559) AND (id <= 4102659))

table 4 : explain SELECT id, c FROM sbtest4 WHERE id BETWEEN 4102559 AND 4102659
	Index Scan using sbtest4_pkey on sbtest4  (cost=0.43..404.82 rows=103 width=125)
	  Index Cond: ((id >= 4102559) AND (id <= 4102659))

table 5 : explain SELECT id, c FROM sbtest5 WHERE id BETWEEN 4102559 AND 4102659
	Index Scan using sbtest5_pkey on sbtest5  (cost=0.43..403.57 rows=102 width=125)
	  Index Cond: ((id >= 4102559) AND (id <= 4102659))

table 6 : explain SELECT id, c FROM sbtest6 WHERE id BETWEEN 4102559 AND 4102659
	Index Scan using sbtest6_pkey on sbtest6  (cost=0.43..403.19 rows=102 width=125)
	  Index Cond: ((id >= 4102559) AND (id <= 4102659))

table 7 : explain SELECT id, c FROM sbtest7 WHERE id BETWEEN 4102559 AND 4102659
	Index Scan using sbtest7_pkey on sbtest7  (cost=0.43..394.43 rows=100 width=125)
	  Index Cond: ((id >= 4102559) AND (id <= 4102659))

table 8 : explain SELECT id, c FROM sbtest8 WHERE id BETWEEN 4102559 AND 4102659
	Index Scan using sbtest8_pkey on sbtest8  (cost=0.43..379.28 rows=96 width=125)
	  Index Cond: ((id >= 4102559) AND (id <= 4102659))

explain: for range-notcovered :: explain SELECT id, c FROM sbtest%d WHERE id BETWEEN 4102559 AND 4102659
for range-notcovered
table 1 : explain SELECT id, c FROM sbtest1 WHERE id BETWEEN 7669155 AND 7669255
	Index Scan using sbtest1_pkey on sbtest1  (cost=0.43..380.78 rows=96 width=125)
	  Index Cond: ((id >= 7669155) AND (id <= 7669255))

table 2 : explain SELECT id, c FROM sbtest2 WHERE id BETWEEN 7669155 AND 7669255
	Index Scan using sbtest2_pkey on sbtest2  (cost=0.43..404.42 rows=102 width=125)
	  Index Cond: ((id >= 7669155) AND (id <= 7669255))

table 3 : explain SELECT id, c FROM sbtest3 WHERE id BETWEEN 7669155 AND 7669255
	Index Scan using sbtest3_pkey on sbtest3  (cost=0.43..395.21 rows=100 width=125)
	  Index Cond: ((id >= 7669155) AND (id <= 7669255))

table 4 : explain SELECT id, c FROM sbtest4 WHERE id BETWEEN 7669155 AND 7669255
	Index Scan using sbtest4_pkey on sbtest4  (cost=0.43..420.36 rows=107 width=125)
	  Index Cond: ((id >= 7669155) AND (id <= 7669255))

table 5 : explain SELECT id, c FROM sbtest5 WHERE id BETWEEN 7669155 AND 7669255
	Index Scan using sbtest5_pkey on sbtest5  (cost=0.43..434.86 rows=110 width=125)
	  Index Cond: ((id >= 7669155) AND (id <= 7669255))

table 6 : explain SELECT id, c FROM sbtest6 WHERE id BETWEEN 7669155 AND 7669255
	Index Scan using sbtest6_pkey on sbtest6  (cost=0.43..403.19 rows=102 width=125)
	  Index Cond: ((id >= 7669155) AND (id <= 7669255))

table 7 : explain SELECT id, c FROM sbtest7 WHERE id BETWEEN 7669155 AND 7669255
	Index Scan using sbtest7_pkey on sbtest7  (cost=0.43..374.94 rows=95 width=125)
	  Index Cond: ((id >= 7669155) AND (id <= 7669255))

table 8 : explain SELECT id, c FROM sbtest8 WHERE id BETWEEN 7669155 AND 7669255
	Index Scan using sbtest8_pkey on sbtest8  (cost=0.43..383.19 rows=97 width=125)
	  Index Cond: ((id >= 7669155) AND (id <= 7669255))

for range-notcovered
table 1 : explain SELECT id, c FROM sbtest1 WHERE id BETWEEN 3964259 AND 3964359
	Index Scan using sbtest1_pkey on sbtest1  (cost=0.43..416.07 rows=105 width=125)
	  Index Cond: ((id >= 3964259) AND (id <= 3964359))

table 2 : explain SELECT id, c FROM sbtest2 WHERE id BETWEEN 3964259 AND 3964359
	Index Scan using sbtest2_pkey on sbtest2  (cost=0.43..404.42 rows=102 width=125)
	  Index Cond: ((id >= 3964259) AND (id <= 3964359))

table 3 : explain SELECT id, c FROM sbtest3 WHERE id BETWEEN 3964259 AND 3964359
	Index Scan using sbtest3_pkey on sbtest3  (cost=0.43..383.49 rows=97 width=125)
	  Index Cond: ((id >= 3964259) AND (id <= 3964359))

table 4 : explain SELECT id, c FROM sbtest4 WHERE id BETWEEN 3964259 AND 3964359
	Index Scan using sbtest4_pkey on sbtest4  (cost=0.43..389.28 rows=99 width=125)
	  Index Cond: ((id >= 3964259) AND (id <= 3964359))

table 5 : explain SELECT id, c FROM sbtest5 WHERE id BETWEEN 3964259 AND 3964359
	Index Scan using sbtest5_pkey on sbtest5  (cost=0.43..399.65 rows=101 width=125)
	  Index Cond: ((id >= 3964259) AND (id <= 3964359))

table 6 : explain SELECT id, c FROM sbtest6 WHERE id BETWEEN 3964259 AND 3964359
	Index Scan using sbtest6_pkey on sbtest6  (cost=0.43..418.82 rows=106 width=125)
	  Index Cond: ((id >= 3964259) AND (id <= 3964359))

table 7 : explain SELECT id, c FROM sbtest7 WHERE id BETWEEN 3964259 AND 3964359
	Index Scan using sbtest7_pkey on sbtest7  (cost=0.43..417.82 rows=106 width=125)
	  Index Cond: ((id >= 3964259) AND (id <= 3964359))

table 8 : explain SELECT id, c FROM sbtest8 WHERE id BETWEEN 3964259 AND 3964359
	Index Scan using sbtest8_pkey on sbtest8  (cost=0.43..422.21 rows=107 width=125)
	  Index Cond: ((id >= 3964259) AND (id <= 3964359))

for range-notcovered
table 1 : explain SELECT id, c FROM sbtest1 WHERE id BETWEEN 4278161 AND 4278261
	Index Scan using sbtest1_pkey on sbtest1  (cost=0.43..396.48 rows=100 width=125)
	  Index Cond: ((id >= 4278161) AND (id <= 4278261))

table 2 : explain SELECT id, c FROM sbtest2 WHERE id BETWEEN 4278161 AND 4278261
	Index Scan using sbtest2_pkey on sbtest2  (cost=0.43..388.75 rows=98 width=125)
	  Index Cond: ((id >= 4278161) AND (id <= 4278261))

table 3 : explain SELECT id, c FROM sbtest3 WHERE id BETWEEN 4278161 AND 4278261
	Index Scan using sbtest3_pkey on sbtest3  (cost=0.43..426.45 rows=108 width=125)
	  Index Cond: ((id >= 4278161) AND (id <= 4278261))

table 4 : explain SELECT id, c FROM sbtest4 WHERE id BETWEEN 4278161 AND 4278261
	Index Scan using sbtest4_pkey on sbtest4  (cost=0.43..408.70 rows=104 width=125)
	  Index Cond: ((id >= 4278161) AND (id <= 4278261))

table 5 : explain SELECT id, c FROM sbtest5 WHERE id BETWEEN 4278161 AND 4278261
	Index Scan using sbtest5_pkey on sbtest5  (cost=0.43..434.86 rows=110 width=125)
	  Index Cond: ((id >= 4278161) AND (id <= 4278261))

table 6 : explain SELECT id, c FROM sbtest6 WHERE id BETWEEN 4278161 AND 4278261
	Index Scan using sbtest6_pkey on sbtest6  (cost=0.43..473.55 rows=120 width=125)
	  Index Cond: ((id >= 4278161) AND (id <= 4278261))

table 7 : explain SELECT id, c FROM sbtest7 WHERE id BETWEEN 4278161 AND 4278261
	Index Scan using sbtest7_pkey on sbtest7  (cost=0.43..374.94 rows=95 width=125)
	  Index Cond: ((id >= 4278161) AND (id <= 4278261))

table 8 : explain SELECT id, c FROM sbtest8 WHERE id BETWEEN 4278161 AND 4278261
	Index Scan using sbtest8_pkey on sbtest8  (cost=0.43..367.58 rows=93 width=125)
	  Index Cond: ((id >= 4278161) AND (id <= 4278261))

for range-notcovered
table 1 : explain SELECT id, c FROM sbtest1 WHERE id BETWEEN 5672245 AND 5672345
	Index Scan using sbtest1_pkey on sbtest1  (cost=0.43..404.32 rows=102 width=125)
	  Index Cond: ((id >= 5672245) AND (id <= 5672345))

table 2 : explain SELECT id, c FROM sbtest2 WHERE id BETWEEN 5672245 AND 5672345
	Index Scan using sbtest2_pkey on sbtest2  (cost=0.43..408.34 rows=103 width=125)
	  Index Cond: ((id >= 5672245) AND (id <= 5672345))

table 3 : explain SELECT id, c FROM sbtest3 WHERE id BETWEEN 5672245 AND 5672345
	Index Scan using sbtest3_pkey on sbtest3  (cost=0.43..383.49 rows=97 width=125)
	  Index Cond: ((id >= 5672245) AND (id <= 5672345))

table 4 : explain SELECT id, c FROM sbtest4 WHERE id BETWEEN 5672245 AND 5672345
	Index Scan using sbtest4_pkey on sbtest4  (cost=0.43..408.70 rows=104 width=125)
	  Index Cond: ((id >= 5672245) AND (id <= 5672345))

table 5 : explain SELECT id, c FROM sbtest5 WHERE id BETWEEN 5672245 AND 5672345
	Index Scan using sbtest5_pkey on sbtest5  (cost=0.43..387.92 rows=98 width=125)
	  Index Cond: ((id >= 5672245) AND (id <= 5672345))

table 6 : explain SELECT id, c FROM sbtest6 WHERE id BETWEEN 5672245 AND 5672345
	Index Scan using sbtest6_pkey on sbtest6  (cost=0.43..414.91 rows=105 width=125)
	  Index Cond: ((id >= 5672245) AND (id <= 5672345))

table 7 : explain SELECT id, c FROM sbtest7 WHERE id BETWEEN 5672245 AND 5672345
	Index Scan using sbtest7_pkey on sbtest7  (cost=0.43..382.73 rows=97 width=125)
	  Index Cond: ((id >= 5672245) AND (id <= 5672345))

table 8 : explain SELECT id, c FROM sbtest8 WHERE id BETWEEN 5672245 AND 5672345
	Index Scan using sbtest8_pkey on sbtest8  (cost=0.43..437.82 rows=111 width=125)
	  Index Cond: ((id >= 5672245) AND (id <= 5672345))

for range-notcovered
table 1 : explain SELECT id, c FROM sbtest1 WHERE id BETWEEN 3832138 AND 3832238
	Index Scan using sbtest1_pkey on sbtest1  (cost=0.43..451.34 rows=114 width=125)
	  Index Cond: ((id >= 3832138) AND (id <= 3832238))

table 2 : explain SELECT id, c FROM sbtest2 WHERE id BETWEEN 3832138 AND 3832238
	Index Scan using sbtest2_pkey on sbtest2  (cost=0.43..400.50 rows=101 width=125)
	  Index Cond: ((id >= 3832138) AND (id <= 3832238))

table 3 : explain SELECT id, c FROM sbtest3 WHERE id BETWEEN 3832138 AND 3832238
	Index Scan using sbtest3_pkey on sbtest3  (cost=0.43..457.70 rows=116 width=125)
	  Index Cond: ((id >= 3832138) AND (id <= 3832238))

table 4 : explain SELECT id, c FROM sbtest4 WHERE id BETWEEN 3832138 AND 3832238
	Index Scan using sbtest4_pkey on sbtest4  (cost=0.43..393.16 rows=100 width=125)
	  Index Cond: ((id >= 3832138) AND (id <= 3832238))

table 5 : explain SELECT id, c FROM sbtest5 WHERE id BETWEEN 3832138 AND 3832238
	Index Scan using sbtest5_pkey on sbtest5  (cost=0.43..403.57 rows=102 width=125)
	  Index Cond: ((id >= 3832138) AND (id <= 3832238))

table 6 : explain SELECT id, c FROM sbtest6 WHERE id BETWEEN 3832138 AND 3832238
	Index Scan using sbtest6_pkey on sbtest6  (cost=0.43..371.93 rows=94 width=125)
	  Index Cond: ((id >= 3832138) AND (id <= 3832238))

table 7 : explain SELECT id, c FROM sbtest7 WHERE id BETWEEN 3832138 AND 3832238
	Index Scan using sbtest7_pkey on sbtest7  (cost=0.43..402.22 rows=102 width=125)
	  Index Cond: ((id >= 3832138) AND (id <= 3832238))

table 8 : explain SELECT id, c FROM sbtest8 WHERE id BETWEEN 3832138 AND 3832238
	Index Scan using sbtest8_pkey on sbtest8  (cost=0.43..445.63 rows=113 width=125)
	  Index Cond: ((id >= 3832138) AND (id <= 3832238))

explain: for range-notcovered :: explain SELECT id, c FROM sbtest%d WHERE id BETWEEN 4278161 AND 4278261
explain: for range-notcovered :: explain SELECT id, c FROM sbtest%d WHERE id BETWEEN 5672245 AND 5672345
for range-notcovered
table 1 : explain SELECT id, c FROM sbtest1 WHERE id BETWEEN 4102559 AND 4102659
	Index Scan using sbtest1_pkey on sbtest1  (cost=0.43..376.86 rows=95 width=125)
	  Index Cond: ((id >= 4102559) AND (id <= 4102659))

table 2 : explain SELECT id, c FROM sbtest2 WHERE id BETWEEN 4102559 AND 4102659
	Index Scan using sbtest2_pkey on sbtest2  (cost=0.43..396.58 rows=100 width=125)
	  Index Cond: ((id >= 4102559) AND (id <= 4102659))

table 3 : explain SELECT id, c FROM sbtest3 WHERE id BETWEEN 4102559 AND 4102659
	Index Scan using sbtest3_pkey on sbtest3  (cost=0.43..406.92 rows=103 width=125)
	  Index Cond: ((id >= 4102559) AND (id <= 4102659))

table 4 : explain SELECT id, c FROM sbtest4 WHERE id BETWEEN 4102559 AND 4102659
	Index Scan using sbtest4_pkey on sbtest4  (cost=0.43..404.82 rows=103 width=125)
	  Index Cond: ((id >= 4102559) AND (id <= 4102659))

table 5 : explain SELECT id, c FROM sbtest5 WHERE id BETWEEN 4102559 AND 4102659
	Index Scan using sbtest5_pkey on sbtest5  (cost=0.43..403.57 rows=102 width=125)
	  Index Cond: ((id >= 4102559) AND (id <= 4102659))

table 6 : explain SELECT id, c FROM sbtest6 WHERE id BETWEEN 4102559 AND 4102659
	Index Scan using sbtest6_pkey on sbtest6  (cost=0.43..403.19 rows=102 width=125)
	  Index Cond: ((id >= 4102559) AND (id <= 4102659))

table 7 : explain SELECT id, c FROM sbtest7 WHERE id BETWEEN 4102559 AND 4102659
	Index Scan using sbtest7_pkey on sbtest7  (cost=0.43..394.43 rows=100 width=125)
	  Index Cond: ((id >= 4102559) AND (id <= 4102659))

table 8 : explain SELECT id, c FROM sbtest8 WHERE id BETWEEN 4102559 AND 4102659
	Index Scan using sbtest8_pkey on sbtest8  (cost=0.43..379.28 rows=96 width=125)
	  Index Cond: ((id >= 4102559) AND (id <= 4102659))

for range-notcovered
table 1 : explain SELECT id, c FROM sbtest1 WHERE id BETWEEN 4896239 AND 4896339
	Index Scan using sbtest1_pkey on sbtest1  (cost=0.43..400.40 rows=101 width=125)
	  Index Cond: ((id >= 4896239) AND (id <= 4896339))

table 2 : explain SELECT id, c FROM sbtest2 WHERE id BETWEEN 4896239 AND 4896339
	Index Scan using sbtest2_pkey on sbtest2  (cost=0.43..416.18 rows=105 width=125)
	  Index Cond: ((id >= 4896239) AND (id <= 4896339))

table 3 : explain SELECT id, c FROM sbtest3 WHERE id BETWEEN 4896239 AND 4896339
	Index Scan using sbtest3_pkey on sbtest3  (cost=0.43..418.64 rows=106 width=125)
	  Index Cond: ((id >= 4896239) AND (id <= 4896339))

table 4 : explain SELECT id, c FROM sbtest4 WHERE id BETWEEN 4896239 AND 4896339
	Index Scan using sbtest4_pkey on sbtest4  (cost=0.43..400.93 rows=102 width=125)
	  Index Cond: ((id >= 4896239) AND (id <= 4896339))

table 5 : explain SELECT id, c FROM sbtest5 WHERE id BETWEEN 4896239 AND 4896339
	Index Scan using sbtest5_pkey on sbtest5  (cost=0.43..372.28 rows=94 width=125)
	  Index Cond: ((id >= 4896239) AND (id <= 4896339))

table 6 : explain SELECT id, c FROM sbtest6 WHERE id BETWEEN 4896239 AND 4896339
	Index Scan using sbtest6_pkey on sbtest6  (cost=0.43..391.47 rows=99 width=125)
	  Index Cond: ((id >= 4896239) AND (id <= 4896339))

table 7 : explain SELECT id, c FROM sbtest7 WHERE id BETWEEN 4896239 AND 4896339
	Index Scan using sbtest7_pkey on sbtest7  (cost=0.43..413.92 rows=105 width=125)
	  Index Cond: ((id >= 4896239) AND (id <= 4896339))

table 8 : explain SELECT id, c FROM sbtest8 WHERE id BETWEEN 4896239 AND 4896339
	Index Scan using sbtest8_pkey on sbtest8  (cost=0.43..402.70 rows=102 width=125)
	  Index Cond: ((id >= 4896239) AND (id <= 4896339))

explain: for range-notcovered :: explain SELECT id, c FROM sbtest%d WHERE id BETWEEN 4102559 AND 4102659
explain: for range-notcovered :: explain SELECT id, c FROM sbtest%d WHERE id BETWEEN 4896239 AND 4896339
for range-notcovered
table 1 : explain SELECT id, c FROM sbtest1 WHERE id BETWEEN 4278161 AND 4278261
	Index Scan using sbtest1_pkey on sbtest1  (cost=0.43..396.48 rows=100 width=125)
	  Index Cond: ((id >= 4278161) AND (id <= 4278261))

table 2 : explain SELECT id, c FROM sbtest2 WHERE id BETWEEN 4278161 AND 4278261
	Index Scan using sbtest2_pkey on sbtest2  (cost=0.43..388.75 rows=98 width=125)
	  Index Cond: ((id >= 4278161) AND (id <= 4278261))

table 3 : explain SELECT id, c FROM sbtest3 WHERE id BETWEEN 4278161 AND 4278261
	Index Scan using sbtest3_pkey on sbtest3  (cost=0.43..426.45 rows=108 width=125)
	  Index Cond: ((id >= 4278161) AND (id <= 4278261))

table 4 : explain SELECT id, c FROM sbtest4 WHERE id BETWEEN 4278161 AND 4278261
	Index Scan using sbtest4_pkey on sbtest4  (cost=0.43..408.70 rows=104 width=125)
	  Index Cond: ((id >= 4278161) AND (id <= 4278261))

table 5 : explain SELECT id, c FROM sbtest5 WHERE id BETWEEN 4278161 AND 4278261
	Index Scan using sbtest5_pkey on sbtest5  (cost=0.43..434.86 rows=110 width=125)
	  Index Cond: ((id >= 4278161) AND (id <= 4278261))

table 6 : explain SELECT id, c FROM sbtest6 WHERE id BETWEEN 4278161 AND 4278261
	Index Scan using sbtest6_pkey on sbtest6  (cost=0.43..473.55 rows=120 width=125)
	  Index Cond: ((id >= 4278161) AND (id <= 4278261))

table 7 : explain SELECT id, c FROM sbtest7 WHERE id BETWEEN 4278161 AND 4278261
	Index Scan using sbtest7_pkey on sbtest7  (cost=0.43..374.94 rows=95 width=125)
	  Index Cond: ((id >= 4278161) AND (id <= 4278261))

table 8 : explain SELECT id, c FROM sbtest8 WHERE id BETWEEN 4278161 AND 4278261
	Index Scan using sbtest8_pkey on sbtest8  (cost=0.43..367.58 rows=93 width=125)
	  Index Cond: ((id >= 4278161) AND (id <= 4278261))

explain: for range-notcovered :: explain SELECT id, c FROM sbtest%d WHERE id BETWEEN 4278161 AND 4278261
for range-notcovered
table 1 : explain SELECT id, c FROM sbtest1 WHERE id BETWEEN 6111416 AND 6111516
	Index Scan using sbtest1_pkey on sbtest1  (cost=0.43..400.40 rows=101 width=125)
	  Index Cond: ((id >= 6111416) AND (id <= 6111516))

table 2 : explain SELECT id, c FROM sbtest2 WHERE id BETWEEN 6111416 AND 6111516
	Index Scan using sbtest2_pkey on sbtest2  (cost=0.43..424.02 rows=107 width=125)
	  Index Cond: ((id >= 6111416) AND (id <= 6111516))

table 3 : explain SELECT id, c FROM sbtest3 WHERE id BETWEEN 6111416 AND 6111516
	Index Scan using sbtest3_pkey on sbtest3  (cost=0.43..438.17 rows=111 width=125)
	  Index Cond: ((id >= 6111416) AND (id <= 6111516))

table 4 : explain SELECT id, c FROM sbtest4 WHERE id BETWEEN 6111416 AND 6111516
	Index Scan using sbtest4_pkey on sbtest4  (cost=0.43..393.16 rows=100 width=125)
	  Index Cond: ((id >= 6111416) AND (id <= 6111516))

table 5 : explain SELECT id, c FROM sbtest5 WHERE id BETWEEN 6111416 AND 6111516
	Index Scan using sbtest5_pkey on sbtest5  (cost=0.43..434.86 rows=110 width=125)
	  Index Cond: ((id >= 6111416) AND (id <= 6111516))

table 6 : explain SELECT id, c FROM sbtest6 WHERE id BETWEEN 6111416 AND 6111516
	Index Scan using sbtest6_pkey on sbtest6  (cost=0.43..360.21 rows=91 width=125)
	  Index Cond: ((id >= 6111416) AND (id <= 6111516))

table 7 : explain SELECT id, c FROM sbtest7 WHERE id BETWEEN 6111416 AND 6111516
	Index Scan using sbtest7_pkey on sbtest7  (cost=0.43..386.63 rows=98 width=125)
	  Index Cond: ((id >= 6111416) AND (id <= 6111516))

table 8 : explain SELECT id, c FROM sbtest8 WHERE id BETWEEN 6111416 AND 6111516
	Index Scan using sbtest8_pkey on sbtest8  (cost=0.43..387.09 rows=98 width=125)
	  Index Cond: ((id >= 6111416) AND (id <= 6111516))

for range-notcovered
table 1 : explain SELECT id, c FROM sbtest1 WHERE id BETWEEN 4102559 AND 4102659
	Index Scan using sbtest1_pkey on sbtest1  (cost=0.43..376.86 rows=95 width=125)
	  Index Cond: ((id >= 4102559) AND (id <= 4102659))

table 2 : explain SELECT id, c FROM sbtest2 WHERE id BETWEEN 4102559 AND 4102659
	Index Scan using sbtest2_pkey on sbtest2  (cost=0.43..396.58 rows=100 width=125)
	  Index Cond: ((id >= 4102559) AND (id <= 4102659))

table 3 : explain SELECT id, c FROM sbtest3 WHERE id BETWEEN 4102559 AND 4102659
	Index Scan using sbtest3_pkey on sbtest3  (cost=0.43..406.92 rows=103 width=125)
	  Index Cond: ((id >= 4102559) AND (id <= 4102659))

table 4 : explain SELECT id, c FROM sbtest4 WHERE id BETWEEN 4102559 AND 4102659
	Index Scan using sbtest4_pkey on sbtest4  (cost=0.43..404.82 rows=103 width=125)
	  Index Cond: ((id >= 4102559) AND (id <= 4102659))

table 5 : explain SELECT id, c FROM sbtest5 WHERE id BETWEEN 4102559 AND 4102659
	Index Scan using sbtest5_pkey on sbtest5  (cost=0.43..403.57 rows=102 width=125)
	  Index Cond: ((id >= 4102559) AND (id <= 4102659))

table 6 : explain SELECT id, c FROM sbtest6 WHERE id BETWEEN 4102559 AND 4102659
	Index Scan using sbtest6_pkey on sbtest6  (cost=0.43..403.19 rows=102 width=125)
	  Index Cond: ((id >= 4102559) AND (id <= 4102659))

table 7 : explain SELECT id, c FROM sbtest7 WHERE id BETWEEN 4102559 AND 4102659
	Index Scan using sbtest7_pkey on sbtest7  (cost=0.43..394.43 rows=100 width=125)
	  Index Cond: ((id >= 4102559) AND (id <= 4102659))

table 8 : explain SELECT id, c FROM sbtest8 WHERE id BETWEEN 4102559 AND 4102659
	Index Scan using sbtest8_pkey on sbtest8  (cost=0.43..379.28 rows=96 width=125)
	  Index Cond: ((id >= 4102559) AND (id <= 4102659))

for range-notcovered
table 1 : explain SELECT id, c FROM sbtest1 WHERE id BETWEEN 6368854 AND 6368954
	Index Scan using sbtest1_pkey on sbtest1  (cost=0.43..388.64 rows=98 width=125)
	  Index Cond: ((id >= 6368854) AND (id <= 6368954))

table 2 : explain SELECT id, c FROM sbtest2 WHERE id BETWEEN 6368854 AND 6368954
	Index Scan using sbtest2_pkey on sbtest2  (cost=0.43..388.75 rows=98 width=125)
	  Index Cond: ((id >= 6368854) AND (id <= 6368954))

table 3 : explain SELECT id, c FROM sbtest3 WHERE id BETWEEN 6368854 AND 6368954
	Index Scan using sbtest3_pkey on sbtest3  (cost=0.43..399.11 rows=101 width=125)
	  Index Cond: ((id >= 6368854) AND (id <= 6368954))

table 4 : explain SELECT id, c FROM sbtest4 WHERE id BETWEEN 6368854 AND 6368954
	Index Scan using sbtest4_pkey on sbtest4  (cost=0.43..381.51 rows=97 width=125)
	  Index Cond: ((id >= 6368854) AND (id <= 6368954))

table 5 : explain SELECT id, c FROM sbtest5 WHERE id BETWEEN 6368854 AND 6368954
	Index Scan using sbtest5_pkey on sbtest5  (cost=0.43..419.21 rows=106 width=125)
	  Index Cond: ((id >= 6368854) AND (id <= 6368954))

table 6 : explain SELECT id, c FROM sbtest6 WHERE id BETWEEN 6368854 AND 6368954
	Index Scan using sbtest6_pkey on sbtest6  (cost=0.43..422.73 rows=107 width=125)
	  Index Cond: ((id >= 6368854) AND (id <= 6368954))

table 7 : explain SELECT id, c FROM sbtest7 WHERE id BETWEEN 6368854 AND 6368954
	Index Scan using sbtest7_pkey on sbtest7  (cost=0.43..378.84 rows=96 width=125)
	  Index Cond: ((id >= 6368854) AND (id <= 6368954))

table 8 : explain SELECT id, c FROM sbtest8 WHERE id BETWEEN 6368854 AND 6368954
	Index Scan using sbtest8_pkey on sbtest8  (cost=0.43..414.41 rows=105 width=125)
	  Index Cond: ((id >= 6368854) AND (id <= 6368954))

explain: for range-notcovered :: explain SELECT id, c FROM sbtest%d WHERE id BETWEEN 6111416 AND 6111516
explain: for range-notcovered :: explain SELECT id, c FROM sbtest%d WHERE id BETWEEN 6368854 AND 6368954
for range-notcovered
table 1 : explain SELECT id, c FROM sbtest1 WHERE id BETWEEN 4278161 AND 4278261
	Index Scan using sbtest1_pkey on sbtest1  (cost=0.43..396.48 rows=100 width=125)
	  Index Cond: ((id >= 4278161) AND (id <= 4278261))

table 2 : explain SELECT id, c FROM sbtest2 WHERE id BETWEEN 4278161 AND 4278261
	Index Scan using sbtest2_pkey on sbtest2  (cost=0.43..388.75 rows=98 width=125)
	  Index Cond: ((id >= 4278161) AND (id <= 4278261))

table 3 : explain SELECT id, c FROM sbtest3 WHERE id BETWEEN 4278161 AND 4278261
	Index Scan using sbtest3_pkey on sbtest3  (cost=0.43..426.45 rows=108 width=125)
	  Index Cond: ((id >= 4278161) AND (id <= 4278261))

table 4 : explain SELECT id, c FROM sbtest4 WHERE id BETWEEN 4278161 AND 4278261
	Index Scan using sbtest4_pkey on sbtest4  (cost=0.43..408.70 rows=104 width=125)
	  Index Cond: ((id >= 4278161) AND (id <= 4278261))

table 5 : explain SELECT id, c FROM sbtest5 WHERE id BETWEEN 4278161 AND 4278261
	Index Scan using sbtest5_pkey on sbtest5  (cost=0.43..434.86 rows=110 width=125)
	  Index Cond: ((id >= 4278161) AND (id <= 4278261))

table 6 : explain SELECT id, c FROM sbtest6 WHERE id BETWEEN 4278161 AND 4278261
	Index Scan using sbtest6_pkey on sbtest6  (cost=0.43..473.55 rows=120 width=125)
	  Index Cond: ((id >= 4278161) AND (id <= 4278261))

table 7 : explain SELECT id, c FROM sbtest7 WHERE id BETWEEN 4278161 AND 4278261
	Index Scan using sbtest7_pkey on sbtest7  (cost=0.43..374.94 rows=95 width=125)
	  Index Cond: ((id >= 4278161) AND (id <= 4278261))

table 8 : explain SELECT id, c FROM sbtest8 WHERE id BETWEEN 4278161 AND 4278261
	Index Scan using sbtest8_pkey on sbtest8  (cost=0.43..367.58 rows=93 width=125)
	  Index Cond: ((id >= 4278161) AND (id <= 4278261))

explain: for range-notcovered :: explain SELECT id, c FROM sbtest%d WHERE id BETWEEN 4278161 AND 4278261
explain: for range-notcovered :: explain SELECT id, c FROM sbtest%d WHERE id BETWEEN 5883692 AND 5883792
for range-notcovered
table 1 : explain SELECT id, c FROM sbtest1 WHERE id BETWEEN 9123638 AND 9123738
	Index Scan using sbtest1_pkey on sbtest1  (cost=0.43..404.32 rows=102 width=125)
	  Index Cond: ((id >= 9123638) AND (id <= 9123738))

table 2 : explain SELECT id, c FROM sbtest2 WHERE id BETWEEN 9123638 AND 9123738
	Index Scan using sbtest2_pkey on sbtest2  (cost=0.43..400.50 rows=101 width=125)
	  Index Cond: ((id >= 9123638) AND (id <= 9123738))

table 3 : explain SELECT id, c FROM sbtest3 WHERE id BETWEEN 9123638 AND 9123738
	Index Scan using sbtest3_pkey on sbtest3  (cost=0.43..442.07 rows=112 width=125)
	  Index Cond: ((id >= 9123638) AND (id <= 9123738))

table 4 : explain SELECT id, c FROM sbtest4 WHERE id BETWEEN 9123638 AND 9123738
	Index Scan using sbtest4_pkey on sbtest4  (cost=0.43..451.44 rows=115 width=125)
	  Index Cond: ((id >= 9123638) AND (id <= 9123738))

table 5 : explain SELECT id, c FROM sbtest5 WHERE id BETWEEN 9123638 AND 9123738
	Index Scan using sbtest5_pkey on sbtest5  (cost=0.43..387.92 rows=98 width=125)
	  Index Cond: ((id >= 9123638) AND (id <= 9123738))

table 6 : explain SELECT id, c FROM sbtest6 WHERE id BETWEEN 9123638 AND 9123738
	Index Scan using sbtest6_pkey on sbtest6  (cost=0.43..430.54 rows=109 width=125)
	  Index Cond: ((id >= 9123638) AND (id <= 9123738))

table 7 : explain SELECT id, c FROM sbtest7 WHERE id BETWEEN 9123638 AND 9123738
	Index Scan using sbtest7_pkey on sbtest7  (cost=0.43..417.82 rows=106 width=125)
	  Index Cond: ((id >= 9123638) AND (id <= 9123738))

table 8 : explain SELECT id, c FROM sbtest8 WHERE id BETWEEN 9123638 AND 9123738
	Index Scan using sbtest8_pkey on sbtest8  (cost=0.43..410.50 rows=104 width=125)
	  Index Cond: ((id >= 9123638) AND (id <= 9123738))

for range-notcovered
table 1 : explain SELECT id, c FROM sbtest1 WHERE id BETWEEN 4278161 AND 4278261
	Index Scan using sbtest1_pkey on sbtest1  (cost=0.43..396.48 rows=100 width=125)
	  Index Cond: ((id >= 4278161) AND (id <= 4278261))

table 2 : explain SELECT id, c FROM sbtest2 WHERE id BETWEEN 4278161 AND 4278261
	Index Scan using sbtest2_pkey on sbtest2  (cost=0.43..388.75 rows=98 width=125)
	  Index Cond: ((id >= 4278161) AND (id <= 4278261))

table 3 : explain SELECT id, c FROM sbtest3 WHERE id BETWEEN 4278161 AND 4278261
	Index Scan using sbtest3_pkey on sbtest3  (cost=0.43..426.45 rows=108 width=125)
	  Index Cond: ((id >= 4278161) AND (id <= 4278261))

table 4 : explain SELECT id, c FROM sbtest4 WHERE id BETWEEN 4278161 AND 4278261
	Index Scan using sbtest4_pkey on sbtest4  (cost=0.43..408.70 rows=104 width=125)
	  Index Cond: ((id >= 4278161) AND (id <= 4278261))

table 5 : explain SELECT id, c FROM sbtest5 WHERE id BETWEEN 4278161 AND 4278261
	Index Scan using sbtest5_pkey on sbtest5  (cost=0.43..434.86 rows=110 width=125)
	  Index Cond: ((id >= 4278161) AND (id <= 4278261))

table 6 : explain SELECT id, c FROM sbtest6 WHERE id BETWEEN 4278161 AND 4278261
	Index Scan using sbtest6_pkey on sbtest6  (cost=0.43..473.55 rows=120 width=125)
	  Index Cond: ((id >= 4278161) AND (id <= 4278261))

table 7 : explain SELECT id, c FROM sbtest7 WHERE id BETWEEN 4278161 AND 4278261
	Index Scan using sbtest7_pkey on sbtest7  (cost=0.43..374.94 rows=95 width=125)
	  Index Cond: ((id >= 4278161) AND (id <= 4278261))

table 8 : explain SELECT id, c FROM sbtest8 WHERE id BETWEEN 4278161 AND 4278261
	Index Scan using sbtest8_pkey on sbtest8  (cost=0.43..367.58 rows=93 width=125)
	  Index Cond: ((id >= 4278161) AND (id <= 4278261))

explain: for range-notcovered :: explain SELECT id, c FROM sbtest%d WHERE id BETWEEN 4278161 AND 4278261
explain: for range-notcovered :: explain SELECT id, c FROM sbtest%d WHERE id BETWEEN 9123638 AND 9123738
for range-notcovered
table 1 : explain SELECT id, c FROM sbtest1 WHERE id BETWEEN 5672245 AND 5672345
	Index Scan using sbtest1_pkey on sbtest1  (cost=0.43..404.32 rows=102 width=125)
	  Index Cond: ((id >= 5672245) AND (id <= 5672345))

table 2 : explain SELECT id, c FROM sbtest2 WHERE id BETWEEN 5672245 AND 5672345
	Index Scan using sbtest2_pkey on sbtest2  (cost=0.43..408.34 rows=103 width=125)
	  Index Cond: ((id >= 5672245) AND (id <= 5672345))

table 3 : explain SELECT id, c FROM sbtest3 WHERE id BETWEEN 5672245 AND 5672345
	Index Scan using sbtest3_pkey on sbtest3  (cost=0.43..383.49 rows=97 width=125)
	  Index Cond: ((id >= 5672245) AND (id <= 5672345))

table 4 : explain SELECT id, c FROM sbtest4 WHERE id BETWEEN 5672245 AND 5672345
	Index Scan using sbtest4_pkey on sbtest4  (cost=0.43..408.70 rows=104 width=125)
	  Index Cond: ((id >= 5672245) AND (id <= 5672345))

table 5 : explain SELECT id, c FROM sbtest5 WHERE id BETWEEN 5672245 AND 5672345
	Index Scan using sbtest5_pkey on sbtest5  (cost=0.43..387.92 rows=98 width=125)
	  Index Cond: ((id >= 5672245) AND (id <= 5672345))

table 6 : explain SELECT id, c FROM sbtest6 WHERE id BETWEEN 5672245 AND 5672345
	Index Scan using sbtest6_pkey on sbtest6  (cost=0.43..414.91 rows=105 width=125)
	  Index Cond: ((id >= 5672245) AND (id <= 5672345))

table 7 : explain SELECT id, c FROM sbtest7 WHERE id BETWEEN 5672245 AND 5672345
	Index Scan using sbtest7_pkey on sbtest7  (cost=0.43..382.73 rows=97 width=125)
	  Index Cond: ((id >= 5672245) AND (id <= 5672345))

table 8 : explain SELECT id, c FROM sbtest8 WHERE id BETWEEN 5672245 AND 5672345
	Index Scan using sbtest8_pkey on sbtest8  (cost=0.43..437.82 rows=111 width=125)
	  Index Cond: ((id >= 5672245) AND (id <= 5672345))

explain: for range-notcovered :: explain SELECT id, c FROM sbtest%d WHERE id BETWEEN 5672245 AND 5672345
explain: for range-notcovered :: explain SELECT id, c FROM sbtest%d WHERE id BETWEEN 4892818 AND 4892918
for range-notcovered
table 1 : explain SELECT id, c FROM sbtest1 WHERE id BETWEEN 4896239 AND 4896339
	Index Scan using sbtest1_pkey on sbtest1  (cost=0.43..400.40 rows=101 width=125)
	  Index Cond: ((id >= 4896239) AND (id <= 4896339))

table 2 : explain SELECT id, c FROM sbtest2 WHERE id BETWEEN 4896239 AND 4896339
	Index Scan using sbtest2_pkey on sbtest2  (cost=0.43..416.18 rows=105 width=125)
	  Index Cond: ((id >= 4896239) AND (id <= 4896339))

table 3 : explain SELECT id, c FROM sbtest3 WHERE id BETWEEN 4896239 AND 4896339
	Index Scan using sbtest3_pkey on sbtest3  (cost=0.43..418.64 rows=106 width=125)
	  Index Cond: ((id >= 4896239) AND (id <= 4896339))

table 4 : explain SELECT id, c FROM sbtest4 WHERE id BETWEEN 4896239 AND 4896339
	Index Scan using sbtest4_pkey on sbtest4  (cost=0.43..400.93 rows=102 width=125)
	  Index Cond: ((id >= 4896239) AND (id <= 4896339))

table 5 : explain SELECT id, c FROM sbtest5 WHERE id BETWEEN 4896239 AND 4896339
	Index Scan using sbtest5_pkey on sbtest5  (cost=0.43..372.28 rows=94 width=125)
	  Index Cond: ((id >= 4896239) AND (id <= 4896339))

table 6 : explain SELECT id, c FROM sbtest6 WHERE id BETWEEN 4896239 AND 4896339
	Index Scan using sbtest6_pkey on sbtest6  (cost=0.43..391.47 rows=99 width=125)
	  Index Cond: ((id >= 4896239) AND (id <= 4896339))

table 7 : explain SELECT id, c FROM sbtest7 WHERE id BETWEEN 4896239 AND 4896339
	Index Scan using sbtest7_pkey on sbtest7  (cost=0.43..413.92 rows=105 width=125)
	  Index Cond: ((id >= 4896239) AND (id <= 4896339))

table 8 : explain SELECT id, c FROM sbtest8 WHERE id BETWEEN 4896239 AND 4896339
	Index Scan using sbtest8_pkey on sbtest8  (cost=0.43..402.70 rows=102 width=125)
	  Index Cond: ((id >= 4896239) AND (id <= 4896339))

explain: for range-notcovered :: explain SELECT id, c FROM sbtest%d WHERE id BETWEEN 4896239 AND 4896339
for range-notcovered
table 1 : explain SELECT id, c FROM sbtest1 WHERE id BETWEEN 4278161 AND 4278261
	Index Scan using sbtest1_pkey on sbtest1  (cost=0.43..396.48 rows=100 width=125)
	  Index Cond: ((id >= 4278161) AND (id <= 4278261))

table 2 : explain SELECT id, c FROM sbtest2 WHERE id BETWEEN 4278161 AND 4278261
	Index Scan using sbtest2_pkey on sbtest2  (cost=0.43..388.75 rows=98 width=125)
	  Index Cond: ((id >= 4278161) AND (id <= 4278261))

table 3 : explain SELECT id, c FROM sbtest3 WHERE id BETWEEN 4278161 AND 4278261
	Index Scan using sbtest3_pkey on sbtest3  (cost=0.43..426.45 rows=108 width=125)
	  Index Cond: ((id >= 4278161) AND (id <= 4278261))

table 4 : explain SELECT id, c FROM sbtest4 WHERE id BETWEEN 4278161 AND 4278261
	Index Scan using sbtest4_pkey on sbtest4  (cost=0.43..408.70 rows=104 width=125)
	  Index Cond: ((id >= 4278161) AND (id <= 4278261))

table 5 : explain SELECT id, c FROM sbtest5 WHERE id BETWEEN 4278161 AND 4278261
	Index Scan using sbtest5_pkey on sbtest5  (cost=0.43..434.86 rows=110 width=125)
	  Index Cond: ((id >= 4278161) AND (id <= 4278261))

table 6 : explain SELECT id, c FROM sbtest6 WHERE id BETWEEN 4278161 AND 4278261
	Index Scan using sbtest6_pkey on sbtest6  (cost=0.43..473.55 rows=120 width=125)
	  Index Cond: ((id >= 4278161) AND (id <= 4278261))

table 7 : explain SELECT id, c FROM sbtest7 WHERE id BETWEEN 4278161 AND 4278261
	Index Scan using sbtest7_pkey on sbtest7  (cost=0.43..374.94 rows=95 width=125)
	  Index Cond: ((id >= 4278161) AND (id <= 4278261))

table 8 : explain SELECT id, c FROM sbtest8 WHERE id BETWEEN 4278161 AND 4278261
	Index Scan using sbtest8_pkey on sbtest8  (cost=0.43..367.58 rows=93 width=125)
	  Index Cond: ((id >= 4278161) AND (id <= 4278261))

for range-notcovered
table 1 : explain SELECT id, c FROM sbtest1 WHERE id BETWEEN 9123638 AND 9123738
	Index Scan using sbtest1_pkey on sbtest1  (cost=0.43..404.32 rows=102 width=125)
	  Index Cond: ((id >= 9123638) AND (id <= 9123738))

table 2 : explain SELECT id, c FROM sbtest2 WHERE id BETWEEN 9123638 AND 9123738
	Index Scan using sbtest2_pkey on sbtest2  (cost=0.43..400.50 rows=101 width=125)
	  Index Cond: ((id >= 9123638) AND (id <= 9123738))

table 3 : explain SELECT id, c FROM sbtest3 WHERE id BETWEEN 9123638 AND 9123738
	Index Scan using sbtest3_pkey on sbtest3  (cost=0.43..442.07 rows=112 width=125)
	  Index Cond: ((id >= 9123638) AND (id <= 9123738))

table 4 : explain SELECT id, c FROM sbtest4 WHERE id BETWEEN 9123638 AND 9123738
	Index Scan using sbtest4_pkey on sbtest4  (cost=0.43..451.44 rows=115 width=125)
	  Index Cond: ((id >= 9123638) AND (id <= 9123738))

table 5 : explain SELECT id, c FROM sbtest5 WHERE id BETWEEN 9123638 AND 9123738
	Index Scan using sbtest5_pkey on sbtest5  (cost=0.43..387.92 rows=98 width=125)
	  Index Cond: ((id >= 9123638) AND (id <= 9123738))

table 6 : explain SELECT id, c FROM sbtest6 WHERE id BETWEEN 9123638 AND 9123738
	Index Scan using sbtest6_pkey on sbtest6  (cost=0.43..430.54 rows=109 width=125)
	  Index Cond: ((id >= 9123638) AND (id <= 9123738))

table 7 : explain SELECT id, c FROM sbtest7 WHERE id BETWEEN 9123638 AND 9123738
	Index Scan using sbtest7_pkey on sbtest7  (cost=0.43..417.82 rows=106 width=125)
	  Index Cond: ((id >= 9123638) AND (id <= 9123738))

table 8 : explain SELECT id, c FROM sbtest8 WHERE id BETWEEN 9123638 AND 9123738
	Index Scan using sbtest8_pkey on sbtest8  (cost=0.43..410.50 rows=104 width=125)
	  Index Cond: ((id >= 9123638) AND (id <= 9123738))

for range-notcovered
table 1 : explain SELECT id, c FROM sbtest1 WHERE id BETWEEN 5672245 AND 5672345
	Index Scan using sbtest1_pkey on sbtest1  (cost=0.43..404.32 rows=102 width=125)
	  Index Cond: ((id >= 5672245) AND (id <= 5672345))

table 2 : explain SELECT id, c FROM sbtest2 WHERE id BETWEEN 5672245 AND 5672345
	Index Scan using sbtest2_pkey on sbtest2  (cost=0.43..408.34 rows=103 width=125)
	  Index Cond: ((id >= 5672245) AND (id <= 5672345))

table 3 : explain SELECT id, c FROM sbtest3 WHERE id BETWEEN 5672245 AND 5672345
	Index Scan using sbtest3_pkey on sbtest3  (cost=0.43..383.49 rows=97 width=125)
	  Index Cond: ((id >= 5672245) AND (id <= 5672345))

table 4 : explain SELECT id, c FROM sbtest4 WHERE id BETWEEN 5672245 AND 5672345
	Index Scan using sbtest4_pkey on sbtest4  (cost=0.43..408.70 rows=104 width=125)
	  Index Cond: ((id >= 5672245) AND (id <= 5672345))

table 5 : explain SELECT id, c FROM sbtest5 WHERE id BETWEEN 5672245 AND 5672345
	Index Scan using sbtest5_pkey on sbtest5  (cost=0.43..387.92 rows=98 width=125)
	  Index Cond: ((id >= 5672245) AND (id <= 5672345))

table 6 : explain SELECT id, c FROM sbtest6 WHERE id BETWEEN 5672245 AND 5672345
	Index Scan using sbtest6_pkey on sbtest6  (cost=0.43..414.91 rows=105 width=125)
	  Index Cond: ((id >= 5672245) AND (id <= 5672345))

table 7 : explain SELECT id, c FROM sbtest7 WHERE id BETWEEN 5672245 AND 5672345
	Index Scan using sbtest7_pkey on sbtest7  (cost=0.43..382.73 rows=97 width=125)
	  Index Cond: ((id >= 5672245) AND (id <= 5672345))

table 8 : explain SELECT id, c FROM sbtest8 WHERE id BETWEEN 5672245 AND 5672345
	Index Scan using sbtest8_pkey on sbtest8  (cost=0.43..437.82 rows=111 width=125)
	  Index Cond: ((id >= 5672245) AND (id <= 5672345))

explain: for range-notcovered :: explain SELECT id, c FROM sbtest%d WHERE id BETWEEN 9123638 AND 9123738
explain: for range-notcovered :: explain SELECT id, c FROM sbtest%d WHERE id BETWEEN 5672245 AND 5672345
for range-notcovered
table 1 : explain SELECT id, c FROM sbtest1 WHERE id BETWEEN 6111416 AND 6111516
	Index Scan using sbtest1_pkey on sbtest1  (cost=0.43..400.40 rows=101 width=125)
	  Index Cond: ((id >= 6111416) AND (id <= 6111516))

table 2 : explain SELECT id, c FROM sbtest2 WHERE id BETWEEN 6111416 AND 6111516
	Index Scan using sbtest2_pkey on sbtest2  (cost=0.43..424.02 rows=107 width=125)
	  Index Cond: ((id >= 6111416) AND (id <= 6111516))

table 3 : explain SELECT id, c FROM sbtest3 WHERE id BETWEEN 6111416 AND 6111516
	Index Scan using sbtest3_pkey on sbtest3  (cost=0.43..438.17 rows=111 width=125)
	  Index Cond: ((id >= 6111416) AND (id <= 6111516))

table 4 : explain SELECT id, c FROM sbtest4 WHERE id BETWEEN 6111416 AND 6111516
	Index Scan using sbtest4_pkey on sbtest4  (cost=0.43..393.16 rows=100 width=125)
	  Index Cond: ((id >= 6111416) AND (id <= 6111516))

table 5 : explain SELECT id, c FROM sbtest5 WHERE id BETWEEN 6111416 AND 6111516
	Index Scan using sbtest5_pkey on sbtest5  (cost=0.43..434.86 rows=110 width=125)
	  Index Cond: ((id >= 6111416) AND (id <= 6111516))

table 6 : explain SELECT id, c FROM sbtest6 WHERE id BETWEEN 6111416 AND 6111516
	Index Scan using sbtest6_pkey on sbtest6  (cost=0.43..360.21 rows=91 width=125)
	  Index Cond: ((id >= 6111416) AND (id <= 6111516))

table 7 : explain SELECT id, c FROM sbtest7 WHERE id BETWEEN 6111416 AND 6111516
	Index Scan using sbtest7_pkey on sbtest7  (cost=0.43..386.63 rows=98 width=125)
	  Index Cond: ((id >= 6111416) AND (id <= 6111516))

table 8 : explain SELECT id, c FROM sbtest8 WHERE id BETWEEN 6111416 AND 6111516
	Index Scan using sbtest8_pkey on sbtest8  (cost=0.43..387.09 rows=98 width=125)
	  Index Cond: ((id >= 6111416) AND (id <= 6111516))

for range-notcovered
table 1 : explain SELECT id, c FROM sbtest1 WHERE id BETWEEN 6368854 AND 6368954
	Index Scan using sbtest1_pkey on sbtest1  (cost=0.43..388.64 rows=98 width=125)
	  Index Cond: ((id >= 6368854) AND (id <= 6368954))

table 2 : explain SELECT id, c FROM sbtest2 WHERE id BETWEEN 6368854 AND 6368954
	Index Scan using sbtest2_pkey on sbtest2  (cost=0.43..388.75 rows=98 width=125)
	  Index Cond: ((id >= 6368854) AND (id <= 6368954))

table 3 : explain SELECT id, c FROM sbtest3 WHERE id BETWEEN 6368854 AND 6368954
	Index Scan using sbtest3_pkey on sbtest3  (cost=0.43..399.11 rows=101 width=125)
	  Index Cond: ((id >= 6368854) AND (id <= 6368954))

table 4 : explain SELECT id, c FROM sbtest4 WHERE id BETWEEN 6368854 AND 6368954
	Index Scan using sbtest4_pkey on sbtest4  (cost=0.43..381.51 rows=97 width=125)
	  Index Cond: ((id >= 6368854) AND (id <= 6368954))

table 5 : explain SELECT id, c FROM sbtest5 WHERE id BETWEEN 6368854 AND 6368954
	Index Scan using sbtest5_pkey on sbtest5  (cost=0.43..419.21 rows=106 width=125)
	  Index Cond: ((id >= 6368854) AND (id <= 6368954))

table 6 : explain SELECT id, c FROM sbtest6 WHERE id BETWEEN 6368854 AND 6368954
	Index Scan using sbtest6_pkey on sbtest6  (cost=0.43..422.73 rows=107 width=125)
	  Index Cond: ((id >= 6368854) AND (id <= 6368954))

table 7 : explain SELECT id, c FROM sbtest7 WHERE id BETWEEN 6368854 AND 6368954
	Index Scan using sbtest7_pkey on sbtest7  (cost=0.43..378.84 rows=96 width=125)
	  Index Cond: ((id >= 6368854) AND (id <= 6368954))

table 8 : explain SELECT id, c FROM sbtest8 WHERE id BETWEEN 6368854 AND 6368954
	Index Scan using sbtest8_pkey on sbtest8  (cost=0.43..414.41 rows=105 width=125)
	  Index Cond: ((id >= 6368854) AND (id <= 6368954))

for range-notcovered
table 1 : explain SELECT id, c FROM sbtest1 WHERE id BETWEEN 9123638 AND 9123738
	Index Scan using sbtest1_pkey on sbtest1  (cost=0.43..404.32 rows=102 width=125)
	  Index Cond: ((id >= 9123638) AND (id <= 9123738))

table 2 : explain SELECT id, c FROM sbtest2 WHERE id BETWEEN 9123638 AND 9123738
	Index Scan using sbtest2_pkey on sbtest2  (cost=0.43..400.50 rows=101 width=125)
	  Index Cond: ((id >= 9123638) AND (id <= 9123738))

table 3 : explain SELECT id, c FROM sbtest3 WHERE id BETWEEN 9123638 AND 9123738
	Index Scan using sbtest3_pkey on sbtest3  (cost=0.43..442.07 rows=112 width=125)
	  Index Cond: ((id >= 9123638) AND (id <= 9123738))

table 4 : explain SELECT id, c FROM sbtest4 WHERE id BETWEEN 9123638 AND 9123738
	Index Scan using sbtest4_pkey on sbtest4  (cost=0.43..451.44 rows=115 width=125)
	  Index Cond: ((id >= 9123638) AND (id <= 9123738))

table 5 : explain SELECT id, c FROM sbtest5 WHERE id BETWEEN 9123638 AND 9123738
	Index Scan using sbtest5_pkey on sbtest5  (cost=0.43..387.92 rows=98 width=125)
	  Index Cond: ((id >= 9123638) AND (id <= 9123738))

table 6 : explain SELECT id, c FROM sbtest6 WHERE id BETWEEN 9123638 AND 9123738
	Index Scan using sbtest6_pkey on sbtest6  (cost=0.43..430.54 rows=109 width=125)
	  Index Cond: ((id >= 9123638) AND (id <= 9123738))

table 7 : explain SELECT id, c FROM sbtest7 WHERE id BETWEEN 9123638 AND 9123738
	Index Scan using sbtest7_pkey on sbtest7  (cost=0.43..417.82 rows=106 width=125)
	  Index Cond: ((id >= 9123638) AND (id <= 9123738))

table 8 : explain SELECT id, c FROM sbtest8 WHERE id BETWEEN 9123638 AND 9123738
	Index Scan using sbtest8_pkey on sbtest8  (cost=0.43..410.50 rows=104 width=125)
	  Index Cond: ((id >= 9123638) AND (id <= 9123738))

for range-notcovered
table 1 : explain SELECT id, c FROM sbtest1 WHERE id BETWEEN 5672245 AND 5672345
	Index Scan using sbtest1_pkey on sbtest1  (cost=0.43..404.32 rows=102 width=125)
	  Index Cond: ((id >= 5672245) AND (id <= 5672345))

table 2 : explain SELECT id, c FROM sbtest2 WHERE id BETWEEN 5672245 AND 5672345
	Index Scan using sbtest2_pkey on sbtest2  (cost=0.43..408.34 rows=103 width=125)
	  Index Cond: ((id >= 5672245) AND (id <= 5672345))

table 3 : explain SELECT id, c FROM sbtest3 WHERE id BETWEEN 5672245 AND 5672345
	Index Scan using sbtest3_pkey on sbtest3  (cost=0.43..383.49 rows=97 width=125)
	  Index Cond: ((id >= 5672245) AND (id <= 5672345))

table 4 : explain SELECT id, c FROM sbtest4 WHERE id BETWEEN 5672245 AND 5672345
	Index Scan using sbtest4_pkey on sbtest4  (cost=0.43..408.70 rows=104 width=125)
	  Index Cond: ((id >= 5672245) AND (id <= 5672345))

table 5 : explain SELECT id, c FROM sbtest5 WHERE id BETWEEN 5672245 AND 5672345
	Index Scan using sbtest5_pkey on sbtest5  (cost=0.43..387.92 rows=98 width=125)
	  Index Cond: ((id >= 5672245) AND (id <= 5672345))

table 6 : explain SELECT id, c FROM sbtest6 WHERE id BETWEEN 5672245 AND 5672345
	Index Scan using sbtest6_pkey on sbtest6  (cost=0.43..414.91 rows=105 width=125)
	  Index Cond: ((id >= 5672245) AND (id <= 5672345))

table 7 : explain SELECT id, c FROM sbtest7 WHERE id BETWEEN 5672245 AND 5672345
	Index Scan using sbtest7_pkey on sbtest7  (cost=0.43..382.73 rows=97 width=125)
	  Index Cond: ((id >= 5672245) AND (id <= 5672345))

table 8 : explain SELECT id, c FROM sbtest8 WHERE id BETWEEN 5672245 AND 5672345
	Index Scan using sbtest8_pkey on sbtest8  (cost=0.43..437.82 rows=111 width=125)
	  Index Cond: ((id >= 5672245) AND (id <= 5672345))

explain: for range-notcovered :: explain SELECT id, c FROM sbtest%d WHERE id BETWEEN 9123638 AND 9123738
explain: for range-notcovered :: explain SELECT id, c FROM sbtest%d WHERE id BETWEEN 5672245 AND 5672345
for range-notcovered
table 1 : explain SELECT id, c FROM sbtest1 WHERE id BETWEEN 4896239 AND 4896339
	Index Scan using sbtest1_pkey on sbtest1  (cost=0.43..400.40 rows=101 width=125)
	  Index Cond: ((id >= 4896239) AND (id <= 4896339))

table 2 : explain SELECT id, c FROM sbtest2 WHERE id BETWEEN 4896239 AND 4896339
	Index Scan using sbtest2_pkey on sbtest2  (cost=0.43..416.18 rows=105 width=125)
	  Index Cond: ((id >= 4896239) AND (id <= 4896339))

table 3 : explain SELECT id, c FROM sbtest3 WHERE id BETWEEN 4896239 AND 4896339
	Index Scan using sbtest3_pkey on sbtest3  (cost=0.43..418.64 rows=106 width=125)
	  Index Cond: ((id >= 4896239) AND (id <= 4896339))

table 4 : explain SELECT id, c FROM sbtest4 WHERE id BETWEEN 4896239 AND 4896339
	Index Scan using sbtest4_pkey on sbtest4  (cost=0.43..400.93 rows=102 width=125)
	  Index Cond: ((id >= 4896239) AND (id <= 4896339))

table 5 : explain SELECT id, c FROM sbtest5 WHERE id BETWEEN 4896239 AND 4896339
	Index Scan using sbtest5_pkey on sbtest5  (cost=0.43..372.28 rows=94 width=125)
	  Index Cond: ((id >= 4896239) AND (id <= 4896339))

table 6 : explain SELECT id, c FROM sbtest6 WHERE id BETWEEN 4896239 AND 4896339
	Index Scan using sbtest6_pkey on sbtest6  (cost=0.43..391.47 rows=99 width=125)
	  Index Cond: ((id >= 4896239) AND (id <= 4896339))

table 7 : explain SELECT id, c FROM sbtest7 WHERE id BETWEEN 4896239 AND 4896339
	Index Scan using sbtest7_pkey on sbtest7  (cost=0.43..413.92 rows=105 width=125)
	  Index Cond: ((id >= 4896239) AND (id <= 4896339))

table 8 : explain SELECT id, c FROM sbtest8 WHERE id BETWEEN 4896239 AND 4896339
	Index Scan using sbtest8_pkey on sbtest8  (cost=0.43..402.70 rows=102 width=125)
	  Index Cond: ((id >= 4896239) AND (id <= 4896339))

explain: for range-notcovered :: explain SELECT id, c FROM sbtest%d WHERE id BETWEEN 4896239 AND 4896339
for range-notcovered
table 1 : explain SELECT id, c FROM sbtest1 WHERE id BETWEEN 9123638 AND 9123738
	Index Scan using sbtest1_pkey on sbtest1  (cost=0.43..404.32 rows=102 width=125)
	  Index Cond: ((id >= 9123638) AND (id <= 9123738))

table 2 : explain SELECT id, c FROM sbtest2 WHERE id BETWEEN 9123638 AND 9123738
	Index Scan using sbtest2_pkey on sbtest2  (cost=0.43..400.50 rows=101 width=125)
	  Index Cond: ((id >= 9123638) AND (id <= 9123738))

table 3 : explain SELECT id, c FROM sbtest3 WHERE id BETWEEN 9123638 AND 9123738
	Index Scan using sbtest3_pkey on sbtest3  (cost=0.43..442.07 rows=112 width=125)
	  Index Cond: ((id >= 9123638) AND (id <= 9123738))

table 4 : explain SELECT id, c FROM sbtest4 WHERE id BETWEEN 9123638 AND 9123738
	Index Scan using sbtest4_pkey on sbtest4  (cost=0.43..451.44 rows=115 width=125)
	  Index Cond: ((id >= 9123638) AND (id <= 9123738))

table 5 : explain SELECT id, c FROM sbtest5 WHERE id BETWEEN 9123638 AND 9123738
	Index Scan using sbtest5_pkey on sbtest5  (cost=0.43..387.92 rows=98 width=125)
	  Index Cond: ((id >= 9123638) AND (id <= 9123738))

table 6 : explain SELECT id, c FROM sbtest6 WHERE id BETWEEN 9123638 AND 9123738
	Index Scan using sbtest6_pkey on sbtest6  (cost=0.43..430.54 rows=109 width=125)
	  Index Cond: ((id >= 9123638) AND (id <= 9123738))

table 7 : explain SELECT id, c FROM sbtest7 WHERE id BETWEEN 9123638 AND 9123738
	Index Scan using sbtest7_pkey on sbtest7  (cost=0.43..417.82 rows=106 width=125)
	  Index Cond: ((id >= 9123638) AND (id <= 9123738))

table 8 : explain SELECT id, c FROM sbtest8 WHERE id BETWEEN 9123638 AND 9123738
	Index Scan using sbtest8_pkey on sbtest8  (cost=0.43..410.50 rows=104 width=125)
	  Index Cond: ((id >= 9123638) AND (id <= 9123738))

explain: for range-notcovered :: explain SELECT id, c FROM sbtest%d WHERE id BETWEEN 9123638 AND 9123738
for range-notcovered
table 1 : explain SELECT id, c FROM sbtest1 WHERE id BETWEEN 5883692 AND 5883792
	Index Scan using sbtest1_pkey on sbtest1  (cost=0.43..380.78 rows=96 width=125)
	  Index Cond: ((id >= 5883692) AND (id <= 5883792))

table 2 : explain SELECT id, c FROM sbtest2 WHERE id BETWEEN 5883692 AND 5883792
	Index Scan using sbtest2_pkey on sbtest2  (cost=0.43..408.34 rows=103 width=125)
	  Index Cond: ((id >= 5883692) AND (id <= 5883792))

table 3 : explain SELECT id, c FROM sbtest3 WHERE id BETWEEN 5883692 AND 5883792
	Index Scan using sbtest3_pkey on sbtest3  (cost=0.43..406.92 rows=103 width=125)
	  Index Cond: ((id >= 5883692) AND (id <= 5883792))

table 4 : explain SELECT id, c FROM sbtest4 WHERE id BETWEEN 5883692 AND 5883792
	Index Scan using sbtest4_pkey on sbtest4  (cost=0.43..400.93 rows=102 width=125)
	  Index Cond: ((id >= 5883692) AND (id <= 5883792))

table 5 : explain SELECT id, c FROM sbtest5 WHERE id BETWEEN 5883692 AND 5883792
	Index Scan using sbtest5_pkey on sbtest5  (cost=0.43..434.86 rows=110 width=125)
	  Index Cond: ((id >= 5883692) AND (id <= 5883792))

table 6 : explain SELECT id, c FROM sbtest6 WHERE id BETWEEN 5883692 AND 5883792
	Index Scan using sbtest6_pkey on sbtest6  (cost=0.43..348.46 rows=88 width=125)
	  Index Cond: ((id >= 5883692) AND (id <= 5883792))

table 7 : explain SELECT id, c FROM sbtest7 WHERE id BETWEEN 5883692 AND 5883792
	Index Scan using sbtest7_pkey on sbtest7  (cost=0.43..406.12 rows=103 width=125)
	  Index Cond: ((id >= 5883692) AND (id <= 5883792))

table 8 : explain SELECT id, c FROM sbtest8 WHERE id BETWEEN 5883692 AND 5883792
	Index Scan using sbtest8_pkey on sbtest8  (cost=0.43..394.89 rows=100 width=125)
	  Index Cond: ((id >= 5883692) AND (id <= 5883792))

explain: for range-notcovered :: explain SELECT id, c FROM sbtest%d WHERE id BETWEEN 5883692 AND 5883792
explain: for range-notcovered :: explain SELECT id, c FROM sbtest%d WHERE id BETWEEN 4692302 AND 4692402
for range-notcovered
table 1 : explain SELECT id, c FROM sbtest1 WHERE id BETWEEN 4896239 AND 4896339
	Index Scan using sbtest1_pkey on sbtest1  (cost=0.43..400.40 rows=101 width=125)
	  Index Cond: ((id >= 4896239) AND (id <= 4896339))

table 2 : explain SELECT id, c FROM sbtest2 WHERE id BETWEEN 4896239 AND 4896339
	Index Scan using sbtest2_pkey on sbtest2  (cost=0.43..416.18 rows=105 width=125)
	  Index Cond: ((id >= 4896239) AND (id <= 4896339))

table 3 : explain SELECT id, c FROM sbtest3 WHERE id BETWEEN 4896239 AND 4896339
	Index Scan using sbtest3_pkey on sbtest3  (cost=0.43..418.64 rows=106 width=125)
	  Index Cond: ((id >= 4896239) AND (id <= 4896339))

table 4 : explain SELECT id, c FROM sbtest4 WHERE id BETWEEN 4896239 AND 4896339
	Index Scan using sbtest4_pkey on sbtest4  (cost=0.43..400.93 rows=102 width=125)
	  Index Cond: ((id >= 4896239) AND (id <= 4896339))

table 5 : explain SELECT id, c FROM sbtest5 WHERE id BETWEEN 4896239 AND 4896339
	Index Scan using sbtest5_pkey on sbtest5  (cost=0.43..372.28 rows=94 width=125)
	  Index Cond: ((id >= 4896239) AND (id <= 4896339))

table 6 : explain SELECT id, c FROM sbtest6 WHERE id BETWEEN 4896239 AND 4896339
	Index Scan using sbtest6_pkey on sbtest6  (cost=0.43..391.47 rows=99 width=125)
	  Index Cond: ((id >= 4896239) AND (id <= 4896339))

table 7 : explain SELECT id, c FROM sbtest7 WHERE id BETWEEN 4896239 AND 4896339
	Index Scan using sbtest7_pkey on sbtest7  (cost=0.43..413.92 rows=105 width=125)
	  Index Cond: ((id >= 4896239) AND (id <= 4896339))

table 8 : explain SELECT id, c FROM sbtest8 WHERE id BETWEEN 4896239 AND 4896339
	Index Scan using sbtest8_pkey on sbtest8  (cost=0.43..402.70 rows=102 width=125)
	  Index Cond: ((id >= 4896239) AND (id <= 4896339))

explain: for range-notcovered :: explain SELECT id, c FROM sbtest%d WHERE id BETWEEN 2731072 AND 2731172
for range-notcovered
table 1 : explain SELECT id, c FROM sbtest1 WHERE id BETWEEN 9123638 AND 9123738
	Index Scan using sbtest1_pkey on sbtest1  (cost=0.43..404.32 rows=102 width=125)
	  Index Cond: ((id >= 9123638) AND (id <= 9123738))

table 2 : explain SELECT id, c FROM sbtest2 WHERE id BETWEEN 9123638 AND 9123738
	Index Scan using sbtest2_pkey on sbtest2  (cost=0.43..400.50 rows=101 width=125)
	  Index Cond: ((id >= 9123638) AND (id <= 9123738))

table 3 : explain SELECT id, c FROM sbtest3 WHERE id BETWEEN 9123638 AND 9123738
	Index Scan using sbtest3_pkey on sbtest3  (cost=0.43..442.07 rows=112 width=125)
	  Index Cond: ((id >= 9123638) AND (id <= 9123738))

table 4 : explain SELECT id, c FROM sbtest4 WHERE id BETWEEN 9123638 AND 9123738
	Index Scan using sbtest4_pkey on sbtest4  (cost=0.43..451.44 rows=115 width=125)
	  Index Cond: ((id >= 9123638) AND (id <= 9123738))

table 5 : explain SELECT id, c FROM sbtest5 WHERE id BETWEEN 9123638 AND 9123738
	Index Scan using sbtest5_pkey on sbtest5  (cost=0.43..387.92 rows=98 width=125)
	  Index Cond: ((id >= 9123638) AND (id <= 9123738))

table 6 : explain SELECT id, c FROM sbtest6 WHERE id BETWEEN 9123638 AND 9123738
	Index Scan using sbtest6_pkey on sbtest6  (cost=0.43..430.54 rows=109 width=125)
	  Index Cond: ((id >= 9123638) AND (id <= 9123738))

table 7 : explain SELECT id, c FROM sbtest7 WHERE id BETWEEN 9123638 AND 9123738
	Index Scan using sbtest7_pkey on sbtest7  (cost=0.43..417.82 rows=106 width=125)
	  Index Cond: ((id >= 9123638) AND (id <= 9123738))

table 8 : explain SELECT id, c FROM sbtest8 WHERE id BETWEEN 9123638 AND 9123738
	Index Scan using sbtest8_pkey on sbtest8  (cost=0.43..410.50 rows=104 width=125)
	  Index Cond: ((id >= 9123638) AND (id <= 9123738))
explain: for range-notcovered :: explain SELECT id, c FROM sbtest%d WHERE id BETWEEN 4896239 AND 4896339

explain: for range-notcovered :: explain SELECT id, c FROM sbtest%d WHERE id BETWEEN 9123638 AND 9123738
for range-notcovered
table 1 : explain SELECT id, c FROM sbtest1 WHERE id BETWEEN 5672245 AND 5672345
	Index Scan using sbtest1_pkey on sbtest1  (cost=0.43..404.32 rows=102 width=125)
	  Index Cond: ((id >= 5672245) AND (id <= 5672345))

table 2 : explain SELECT id, c FROM sbtest2 WHERE id BETWEEN 5672245 AND 5672345
	Index Scan using sbtest2_pkey on sbtest2  (cost=0.43..408.34 rows=103 width=125)
	  Index Cond: ((id >= 5672245) AND (id <= 5672345))

table 3 : explain SELECT id, c FROM sbtest3 WHERE id BETWEEN 5672245 AND 5672345
	Index Scan using sbtest3_pkey on sbtest3  (cost=0.43..383.49 rows=97 width=125)
	  Index Cond: ((id >= 5672245) AND (id <= 5672345))

table 4 : explain SELECT id, c FROM sbtest4 WHERE id BETWEEN 5672245 AND 5672345
	Index Scan using sbtest4_pkey on sbtest4  (cost=0.43..408.70 rows=104 width=125)
	  Index Cond: ((id >= 5672245) AND (id <= 5672345))

table 5 : explain SELECT id, c FROM sbtest5 WHERE id BETWEEN 5672245 AND 5672345
	Index Scan using sbtest5_pkey on sbtest5  (cost=0.43..387.92 rows=98 width=125)
	  Index Cond: ((id >= 5672245) AND (id <= 5672345))

table 6 : explain SELECT id, c FROM sbtest6 WHERE id BETWEEN 5672245 AND 5672345
	Index Scan using sbtest6_pkey on sbtest6  (cost=0.43..414.91 rows=105 width=125)
	  Index Cond: ((id >= 5672245) AND (id <= 5672345))

table 7 : explain SELECT id, c FROM sbtest7 WHERE id BETWEEN 5672245 AND 5672345
	Index Scan using sbtest7_pkey on sbtest7  (cost=0.43..382.73 rows=97 width=125)
	  Index Cond: ((id >= 5672245) AND (id <= 5672345))

table 8 : explain SELECT id, c FROM sbtest8 WHERE id BETWEEN 5672245 AND 5672345
	Index Scan using sbtest8_pkey on sbtest8  (cost=0.43..437.82 rows=111 width=125)
	  Index Cond: ((id >= 5672245) AND (id <= 5672345))

explain: for range-notcovered :: explain SELECT id, c FROM sbtest%d WHERE id BETWEEN 5672245 AND 5672345
for range-notcovered
table 1 : explain SELECT id, c FROM sbtest1 WHERE id BETWEEN 4892818 AND 4892918
	Index Scan using sbtest1_pkey on sbtest1  (cost=0.43..400.40 rows=101 width=125)
	  Index Cond: ((id >= 4892818) AND (id <= 4892918))

table 2 : explain SELECT id, c FROM sbtest2 WHERE id BETWEEN 4892818 AND 4892918
	Index Scan using sbtest2_pkey on sbtest2  (cost=0.43..416.18 rows=105 width=125)
	  Index Cond: ((id >= 4892818) AND (id <= 4892918))

table 3 : explain SELECT id, c FROM sbtest3 WHERE id BETWEEN 4892818 AND 4892918
	Index Scan using sbtest3_pkey on sbtest3  (cost=0.43..418.64 rows=106 width=125)
	  Index Cond: ((id >= 4892818) AND (id <= 4892918))

table 4 : explain SELECT id, c FROM sbtest4 WHERE id BETWEEN 4892818 AND 4892918
	Index Scan using sbtest4_pkey on sbtest4  (cost=0.43..400.93 rows=102 width=125)
	  Index Cond: ((id >= 4892818) AND (id <= 4892918))

table 5 : explain SELECT id, c FROM sbtest5 WHERE id BETWEEN 4892818 AND 4892918
	Index Scan using sbtest5_pkey on sbtest5  (cost=0.43..372.28 rows=94 width=125)
	  Index Cond: ((id >= 4892818) AND (id <= 4892918))

table 6 : explain SELECT id, c FROM sbtest6 WHERE id BETWEEN 4892818 AND 4892918
	Index Scan using sbtest6_pkey on sbtest6  (cost=0.43..391.47 rows=99 width=125)
	  Index Cond: ((id >= 4892818) AND (id <= 4892918))

table 7 : explain SELECT id, c FROM sbtest7 WHERE id BETWEEN 4892818 AND 4892918
	Index Scan using sbtest7_pkey on sbtest7  (cost=0.43..413.92 rows=105 width=125)
	  Index Cond: ((id >= 4892818) AND (id <= 4892918))

table 8 : explain SELECT id, c FROM sbtest8 WHERE id BETWEEN 4892818 AND 4892918
	Index Scan using sbtest8_pkey on sbtest8  (cost=0.43..402.70 rows=102 width=125)
	  Index Cond: ((id >= 4892818) AND (id <= 4892918))

explain: for range-notcovered :: explain SELECT id, c FROM sbtest%d WHERE id BETWEEN 4892818 AND 4892918
for range-notcovered
table 1 : explain SELECT id, c FROM sbtest1 WHERE id BETWEEN 5883692 AND 5883792
	Index Scan using sbtest1_pkey on sbtest1  (cost=0.43..380.78 rows=96 width=125)
	  Index Cond: ((id >= 5883692) AND (id <= 5883792))

table 2 : explain SELECT id, c FROM sbtest2 WHERE id BETWEEN 5883692 AND 5883792
	Index Scan using sbtest2_pkey on sbtest2  (cost=0.43..408.34 rows=103 width=125)
	  Index Cond: ((id >= 5883692) AND (id <= 5883792))

table 3 : explain SELECT id, c FROM sbtest3 WHERE id BETWEEN 5883692 AND 5883792
	Index Scan using sbtest3_pkey on sbtest3  (cost=0.43..406.92 rows=103 width=125)
	  Index Cond: ((id >= 5883692) AND (id <= 5883792))

table 4 : explain SELECT id, c FROM sbtest4 WHERE id BETWEEN 5883692 AND 5883792
	Index Scan using sbtest4_pkey on sbtest4  (cost=0.43..400.93 rows=102 width=125)
	  Index Cond: ((id >= 5883692) AND (id <= 5883792))

table 5 : explain SELECT id, c FROM sbtest5 WHERE id BETWEEN 5883692 AND 5883792
	Index Scan using sbtest5_pkey on sbtest5  (cost=0.43..434.86 rows=110 width=125)
	  Index Cond: ((id >= 5883692) AND (id <= 5883792))

table 6 : explain SELECT id, c FROM sbtest6 WHERE id BETWEEN 5883692 AND 5883792
	Index Scan using sbtest6_pkey on sbtest6  (cost=0.43..348.46 rows=88 width=125)
	  Index Cond: ((id >= 5883692) AND (id <= 5883792))

table 7 : explain SELECT id, c FROM sbtest7 WHERE id BETWEEN 5883692 AND 5883792
	Index Scan using sbtest7_pkey on sbtest7  (cost=0.43..406.12 rows=103 width=125)
	  Index Cond: ((id >= 5883692) AND (id <= 5883792))

table 8 : explain SELECT id, c FROM sbtest8 WHERE id BETWEEN 5883692 AND 5883792
	Index Scan using sbtest8_pkey on sbtest8  (cost=0.43..394.89 rows=100 width=125)
	  Index Cond: ((id >= 5883692) AND (id <= 5883792))

explain: for range-notcovered :: explain SELECT id, c FROM sbtest%d WHERE id BETWEEN 5883692 AND 5883792
for range-notcovered
table 1 : explain SELECT id, c FROM sbtest1 WHERE id BETWEEN 4896239 AND 4896339
	Index Scan using sbtest1_pkey on sbtest1  (cost=0.43..400.40 rows=101 width=125)
	  Index Cond: ((id >= 4896239) AND (id <= 4896339))

table 2 : explain SELECT id, c FROM sbtest2 WHERE id BETWEEN 4896239 AND 4896339
	Index Scan using sbtest2_pkey on sbtest2  (cost=0.43..416.18 rows=105 width=125)
	  Index Cond: ((id >= 4896239) AND (id <= 4896339))

table 3 : explain SELECT id, c FROM sbtest3 WHERE id BETWEEN 4896239 AND 4896339
	Index Scan using sbtest3_pkey on sbtest3  (cost=0.43..418.64 rows=106 width=125)
	  Index Cond: ((id >= 4896239) AND (id <= 4896339))

table 4 : explain SELECT id, c FROM sbtest4 WHERE id BETWEEN 4896239 AND 4896339
	Index Scan using sbtest4_pkey on sbtest4  (cost=0.43..400.93 rows=102 width=125)
	  Index Cond: ((id >= 4896239) AND (id <= 4896339))

table 5 : explain SELECT id, c FROM sbtest5 WHERE id BETWEEN 4896239 AND 4896339
	Index Scan using sbtest5_pkey on sbtest5  (cost=0.43..372.28 rows=94 width=125)
	  Index Cond: ((id >= 4896239) AND (id <= 4896339))

table 6 : explain SELECT id, c FROM sbtest6 WHERE id BETWEEN 4896239 AND 4896339
	Index Scan using sbtest6_pkey on sbtest6  (cost=0.43..391.47 rows=99 width=125)
	  Index Cond: ((id >= 4896239) AND (id <= 4896339))

table 7 : explain SELECT id, c FROM sbtest7 WHERE id BETWEEN 4896239 AND 4896339
	Index Scan using sbtest7_pkey on sbtest7  (cost=0.43..413.92 rows=105 width=125)
	  Index Cond: ((id >= 4896239) AND (id <= 4896339))

table 8 : explain SELECT id, c FROM sbtest8 WHERE id BETWEEN 4896239 AND 4896339
	Index Scan using sbtest8_pkey on sbtest8  (cost=0.43..402.70 rows=102 width=125)
	  Index Cond: ((id >= 4896239) AND (id <= 4896339))

explain: for range-notcovered :: explain SELECT id, c FROM sbtest%d WHERE id BETWEEN 4896239 AND 4896339
for range-notcovered
table 1 : explain SELECT id, c FROM sbtest1 WHERE id BETWEEN 9123638 AND 9123738
	Index Scan using sbtest1_pkey on sbtest1  (cost=0.43..404.32 rows=102 width=125)
	  Index Cond: ((id >= 9123638) AND (id <= 9123738))

table 2 : explain SELECT id, c FROM sbtest2 WHERE id BETWEEN 9123638 AND 9123738
	Index Scan using sbtest2_pkey on sbtest2  (cost=0.43..400.50 rows=101 width=125)
	  Index Cond: ((id >= 9123638) AND (id <= 9123738))

table 3 : explain SELECT id, c FROM sbtest3 WHERE id BETWEEN 9123638 AND 9123738
	Index Scan using sbtest3_pkey on sbtest3  (cost=0.43..442.07 rows=112 width=125)
	  Index Cond: ((id >= 9123638) AND (id <= 9123738))

table 4 : explain SELECT id, c FROM sbtest4 WHERE id BETWEEN 9123638 AND 9123738
	Index Scan using sbtest4_pkey on sbtest4  (cost=0.43..451.44 rows=115 width=125)
	  Index Cond: ((id >= 9123638) AND (id <= 9123738))

table 5 : explain SELECT id, c FROM sbtest5 WHERE id BETWEEN 9123638 AND 9123738
	Index Scan using sbtest5_pkey on sbtest5  (cost=0.43..387.92 rows=98 width=125)
	  Index Cond: ((id >= 9123638) AND (id <= 9123738))

table 6 : explain SELECT id, c FROM sbtest6 WHERE id BETWEEN 9123638 AND 9123738
	Index Scan using sbtest6_pkey on sbtest6  (cost=0.43..430.54 rows=109 width=125)
	  Index Cond: ((id >= 9123638) AND (id <= 9123738))

table 7 : explain SELECT id, c FROM sbtest7 WHERE id BETWEEN 9123638 AND 9123738
	Index Scan using sbtest7_pkey on sbtest7  (cost=0.43..417.82 rows=106 width=125)
	  Index Cond: ((id >= 9123638) AND (id <= 9123738))

table 8 : explain SELECT id, c FROM sbtest8 WHERE id BETWEEN 9123638 AND 9123738
	Index Scan using sbtest8_pkey on sbtest8  (cost=0.43..410.50 rows=104 width=125)
	  Index Cond: ((id >= 9123638) AND (id <= 9123738))

explain: for range-notcovered :: explain SELECT id, c FROM sbtest%d WHERE id BETWEEN 9123638 AND 9123738
for range-notcovered
table 1 : explain SELECT id, c FROM sbtest1 WHERE id BETWEEN 4892818 AND 4892918
	Index Scan using sbtest1_pkey on sbtest1  (cost=0.43..400.40 rows=101 width=125)
	  Index Cond: ((id >= 4892818) AND (id <= 4892918))

table 2 : explain SELECT id, c FROM sbtest2 WHERE id BETWEEN 4892818 AND 4892918
	Index Scan using sbtest2_pkey on sbtest2  (cost=0.43..416.18 rows=105 width=125)
	  Index Cond: ((id >= 4892818) AND (id <= 4892918))

table 3 : explain SELECT id, c FROM sbtest3 WHERE id BETWEEN 4892818 AND 4892918
	Index Scan using sbtest3_pkey on sbtest3  (cost=0.43..418.64 rows=106 width=125)
	  Index Cond: ((id >= 4892818) AND (id <= 4892918))

table 4 : explain SELECT id, c FROM sbtest4 WHERE id BETWEEN 4892818 AND 4892918
	Index Scan using sbtest4_pkey on sbtest4  (cost=0.43..400.93 rows=102 width=125)
	  Index Cond: ((id >= 4892818) AND (id <= 4892918))

table 5 : explain SELECT id, c FROM sbtest5 WHERE id BETWEEN 4892818 AND 4892918
	Index Scan using sbtest5_pkey on sbtest5  (cost=0.43..372.28 rows=94 width=125)
	  Index Cond: ((id >= 4892818) AND (id <= 4892918))

table 6 : explain SELECT id, c FROM sbtest6 WHERE id BETWEEN 4892818 AND 4892918
	Index Scan using sbtest6_pkey on sbtest6  (cost=0.43..391.47 rows=99 width=125)
	  Index Cond: ((id >= 4892818) AND (id <= 4892918))

table 7 : explain SELECT id, c FROM sbtest7 WHERE id BETWEEN 4892818 AND 4892918
	Index Scan using sbtest7_pkey on sbtest7  (cost=0.43..413.92 rows=105 width=125)
	  Index Cond: ((id >= 4892818) AND (id <= 4892918))

table 8 : explain SELECT id, c FROM sbtest8 WHERE id BETWEEN 4892818 AND 4892918
	Index Scan using sbtest8_pkey on sbtest8  (cost=0.43..402.70 rows=102 width=125)
	  Index Cond: ((id >= 4892818) AND (id <= 4892918))

for range-notcovered
table 1 : explain SELECT id, c FROM sbtest1 WHERE id BETWEEN 5883692 AND 5883792
	Index Scan using sbtest1_pkey on sbtest1  (cost=0.43..380.78 rows=96 width=125)
	  Index Cond: ((id >= 5883692) AND (id <= 5883792))

table 2 : explain SELECT id, c FROM sbtest2 WHERE id BETWEEN 5883692 AND 5883792
	Index Scan using sbtest2_pkey on sbtest2  (cost=0.43..408.34 rows=103 width=125)
	  Index Cond: ((id >= 5883692) AND (id <= 5883792))

table 3 : explain SELECT id, c FROM sbtest3 WHERE id BETWEEN 5883692 AND 5883792
	Index Scan using sbtest3_pkey on sbtest3  (cost=0.43..406.92 rows=103 width=125)
	  Index Cond: ((id >= 5883692) AND (id <= 5883792))

table 4 : explain SELECT id, c FROM sbtest4 WHERE id BETWEEN 5883692 AND 5883792
	Index Scan using sbtest4_pkey on sbtest4  (cost=0.43..400.93 rows=102 width=125)
	  Index Cond: ((id >= 5883692) AND (id <= 5883792))

table 5 : explain SELECT id, c FROM sbtest5 WHERE id BETWEEN 5883692 AND 5883792
	Index Scan using sbtest5_pkey on sbtest5  (cost=0.43..434.86 rows=110 width=125)
	  Index Cond: ((id >= 5883692) AND (id <= 5883792))

table 6 : explain SELECT id, c FROM sbtest6 WHERE id BETWEEN 5883692 AND 5883792
	Index Scan using sbtest6_pkey on sbtest6  (cost=0.43..348.46 rows=88 width=125)
	  Index Cond: ((id >= 5883692) AND (id <= 5883792))

table 7 : explain SELECT id, c FROM sbtest7 WHERE id BETWEEN 5883692 AND 5883792
	Index Scan using sbtest7_pkey on sbtest7  (cost=0.43..406.12 rows=103 width=125)
	  Index Cond: ((id >= 5883692) AND (id <= 5883792))

table 8 : explain SELECT id, c FROM sbtest8 WHERE id BETWEEN 5883692 AND 5883792
	Index Scan using sbtest8_pkey on sbtest8  (cost=0.43..394.89 rows=100 width=125)
	  Index Cond: ((id >= 5883692) AND (id <= 5883792))

explain: for range-notcovered :: explain SELECT id, c FROM sbtest%d WHERE id BETWEEN 4892818 AND 4892918
explain: for range-notcovered :: explain SELECT id, c FROM sbtest%d WHERE id BETWEEN 5883692 AND 5883792
for range-notcovered
table 1 : explain SELECT id, c FROM sbtest1 WHERE id BETWEEN 4896239 AND 4896339
	Index Scan using sbtest1_pkey on sbtest1  (cost=0.43..400.40 rows=101 width=125)
	  Index Cond: ((id >= 4896239) AND (id <= 4896339))

table 2 : explain SELECT id, c FROM sbtest2 WHERE id BETWEEN 4896239 AND 4896339
	Index Scan using sbtest2_pkey on sbtest2  (cost=0.43..416.18 rows=105 width=125)
	  Index Cond: ((id >= 4896239) AND (id <= 4896339))

table 3 : explain SELECT id, c FROM sbtest3 WHERE id BETWEEN 4896239 AND 4896339
	Index Scan using sbtest3_pkey on sbtest3  (cost=0.43..418.64 rows=106 width=125)
	  Index Cond: ((id >= 4896239) AND (id <= 4896339))

table 4 : explain SELECT id, c FROM sbtest4 WHERE id BETWEEN 4896239 AND 4896339
	Index Scan using sbtest4_pkey on sbtest4  (cost=0.43..400.93 rows=102 width=125)
	  Index Cond: ((id >= 4896239) AND (id <= 4896339))

table 5 : explain SELECT id, c FROM sbtest5 WHERE id BETWEEN 4896239 AND 4896339
	Index Scan using sbtest5_pkey on sbtest5  (cost=0.43..372.28 rows=94 width=125)
	  Index Cond: ((id >= 4896239) AND (id <= 4896339))

table 6 : explain SELECT id, c FROM sbtest6 WHERE id BETWEEN 4896239 AND 4896339
	Index Scan using sbtest6_pkey on sbtest6  (cost=0.43..391.47 rows=99 width=125)
	  Index Cond: ((id >= 4896239) AND (id <= 4896339))

table 7 : explain SELECT id, c FROM sbtest7 WHERE id BETWEEN 4896239 AND 4896339
	Index Scan using sbtest7_pkey on sbtest7  (cost=0.43..413.92 rows=105 width=125)
	  Index Cond: ((id >= 4896239) AND (id <= 4896339))

table 8 : explain SELECT id, c FROM sbtest8 WHERE id BETWEEN 4896239 AND 4896339
	Index Scan using sbtest8_pkey on sbtest8  (cost=0.43..402.70 rows=102 width=125)
	  Index Cond: ((id >= 4896239) AND (id <= 4896339))

for range-notcovered
table 1 : explain SELECT id, c FROM sbtest1 WHERE id BETWEEN 9123638 AND 9123738
	Index Scan using sbtest1_pkey on sbtest1  (cost=0.43..404.32 rows=102 width=125)
	  Index Cond: ((id >= 9123638) AND (id <= 9123738))

table 2 : explain SELECT id, c FROM sbtest2 WHERE id BETWEEN 9123638 AND 9123738
	Index Scan using sbtest2_pkey on sbtest2  (cost=0.43..400.50 rows=101 width=125)
	  Index Cond: ((id >= 9123638) AND (id <= 9123738))

table 3 : explain SELECT id, c FROM sbtest3 WHERE id BETWEEN 9123638 AND 9123738
	Index Scan using sbtest3_pkey on sbtest3  (cost=0.43..442.07 rows=112 width=125)
	  Index Cond: ((id >= 9123638) AND (id <= 9123738))

table 4 : explain SELECT id, c FROM sbtest4 WHERE id BETWEEN 9123638 AND 9123738
	Index Scan using sbtest4_pkey on sbtest4  (cost=0.43..451.44 rows=115 width=125)
	  Index Cond: ((id >= 9123638) AND (id <= 9123738))

table 5 : explain SELECT id, c FROM sbtest5 WHERE id BETWEEN 9123638 AND 9123738
	Index Scan using sbtest5_pkey on sbtest5  (cost=0.43..387.92 rows=98 width=125)
	  Index Cond: ((id >= 9123638) AND (id <= 9123738))

table 6 : explain SELECT id, c FROM sbtest6 WHERE id BETWEEN 9123638 AND 9123738
	Index Scan using sbtest6_pkey on sbtest6  (cost=0.43..430.54 rows=109 width=125)
	  Index Cond: ((id >= 9123638) AND (id <= 9123738))

table 7 : explain SELECT id, c FROM sbtest7 WHERE id BETWEEN 9123638 AND 9123738
	Index Scan using sbtest7_pkey on sbtest7  (cost=0.43..417.82 rows=106 width=125)
	  Index Cond: ((id >= 9123638) AND (id <= 9123738))

table 8 : explain SELECT id, c FROM sbtest8 WHERE id BETWEEN 9123638 AND 9123738
	Index Scan using sbtest8_pkey on sbtest8  (cost=0.43..410.50 rows=104 width=125)
	  Index Cond: ((id >= 9123638) AND (id <= 9123738))

explain: for range-notcovered :: explain SELECT id, c FROM sbtest%d WHERE id BETWEEN 9123638 AND 9123738
for range-notcovered
table 1 : explain SELECT id, c FROM sbtest1 WHERE id BETWEEN 5672245 AND 5672345
	Index Scan using sbtest1_pkey on sbtest1  (cost=0.43..404.32 rows=102 width=125)
	  Index Cond: ((id >= 5672245) AND (id <= 5672345))

table 2 : explain SELECT id, c FROM sbtest2 WHERE id BETWEEN 5672245 AND 5672345
	Index Scan using sbtest2_pkey on sbtest2  (cost=0.43..408.34 rows=103 width=125)
	  Index Cond: ((id >= 5672245) AND (id <= 5672345))

table 3 : explain SELECT id, c FROM sbtest3 WHERE id BETWEEN 5672245 AND 5672345
	Index Scan using sbtest3_pkey on sbtest3  (cost=0.43..383.49 rows=97 width=125)
	  Index Cond: ((id >= 5672245) AND (id <= 5672345))

table 4 : explain SELECT id, c FROM sbtest4 WHERE id BETWEEN 5672245 AND 5672345
	Index Scan using sbtest4_pkey on sbtest4  (cost=0.43..408.70 rows=104 width=125)
	  Index Cond: ((id >= 5672245) AND (id <= 5672345))

table 5 : explain SELECT id, c FROM sbtest5 WHERE id BETWEEN 5672245 AND 5672345
	Index Scan using sbtest5_pkey on sbtest5  (cost=0.43..387.92 rows=98 width=125)
	  Index Cond: ((id >= 5672245) AND (id <= 5672345))

table 6 : explain SELECT id, c FROM sbtest6 WHERE id BETWEEN 5672245 AND 5672345
	Index Scan using sbtest6_pkey on sbtest6  (cost=0.43..414.91 rows=105 width=125)
	  Index Cond: ((id >= 5672245) AND (id <= 5672345))

table 7 : explain SELECT id, c FROM sbtest7 WHERE id BETWEEN 5672245 AND 5672345
	Index Scan using sbtest7_pkey on sbtest7  (cost=0.43..382.73 rows=97 width=125)
	  Index Cond: ((id >= 5672245) AND (id <= 5672345))

table 8 : explain SELECT id, c FROM sbtest8 WHERE id BETWEEN 5672245 AND 5672345
	Index Scan using sbtest8_pkey on sbtest8  (cost=0.43..437.82 rows=111 width=125)
	  Index Cond: ((id >= 5672245) AND (id <= 5672345))

explain: for range-notcovered :: explain SELECT id, c FROM sbtest%d WHERE id BETWEEN 5672245 AND 5672345
for range-notcovered
table 1 : explain SELECT id, c FROM sbtest1 WHERE id BETWEEN 4892818 AND 4892918
	Index Scan using sbtest1_pkey on sbtest1  (cost=0.43..400.40 rows=101 width=125)
	  Index Cond: ((id >= 4892818) AND (id <= 4892918))

table 2 : explain SELECT id, c FROM sbtest2 WHERE id BETWEEN 4892818 AND 4892918
	Index Scan using sbtest2_pkey on sbtest2  (cost=0.43..416.18 rows=105 width=125)
	  Index Cond: ((id >= 4892818) AND (id <= 4892918))

table 3 : explain SELECT id, c FROM sbtest3 WHERE id BETWEEN 4892818 AND 4892918
	Index Scan using sbtest3_pkey on sbtest3  (cost=0.43..418.64 rows=106 width=125)
	  Index Cond: ((id >= 4892818) AND (id <= 4892918))

table 4 : explain SELECT id, c FROM sbtest4 WHERE id BETWEEN 4892818 AND 4892918
	Index Scan using sbtest4_pkey on sbtest4  (cost=0.43..400.93 rows=102 width=125)
	  Index Cond: ((id >= 4892818) AND (id <= 4892918))

table 5 : explain SELECT id, c FROM sbtest5 WHERE id BETWEEN 4892818 AND 4892918
	Index Scan using sbtest5_pkey on sbtest5  (cost=0.43..372.28 rows=94 width=125)
	  Index Cond: ((id >= 4892818) AND (id <= 4892918))

table 6 : explain SELECT id, c FROM sbtest6 WHERE id BETWEEN 4892818 AND 4892918
	Index Scan using sbtest6_pkey on sbtest6  (cost=0.43..391.47 rows=99 width=125)
	  Index Cond: ((id >= 4892818) AND (id <= 4892918))

table 7 : explain SELECT id, c FROM sbtest7 WHERE id BETWEEN 4892818 AND 4892918
	Index Scan using sbtest7_pkey on sbtest7  (cost=0.43..413.92 rows=105 width=125)
	  Index Cond: ((id >= 4892818) AND (id <= 4892918))

table 8 : explain SELECT id, c FROM sbtest8 WHERE id BETWEEN 4892818 AND 4892918
	Index Scan using sbtest8_pkey on sbtest8  (cost=0.43..402.70 rows=102 width=125)
	  Index Cond: ((id >= 4892818) AND (id <= 4892918))

for range-notcovered
table 1 : explain SELECT id, c FROM sbtest1 WHERE id BETWEEN 5883692 AND 5883792
	Index Scan using sbtest1_pkey on sbtest1  (cost=0.43..380.78 rows=96 width=125)
	  Index Cond: ((id >= 5883692) AND (id <= 5883792))

table 2 : explain SELECT id, c FROM sbtest2 WHERE id BETWEEN 5883692 AND 5883792
	Index Scan using sbtest2_pkey on sbtest2  (cost=0.43..408.34 rows=103 width=125)
	  Index Cond: ((id >= 5883692) AND (id <= 5883792))

table 3 : explain SELECT id, c FROM sbtest3 WHERE id BETWEEN 5883692 AND 5883792
	Index Scan using sbtest3_pkey on sbtest3  (cost=0.43..406.92 rows=103 width=125)
	  Index Cond: ((id >= 5883692) AND (id <= 5883792))

table 4 : explain SELECT id, c FROM sbtest4 WHERE id BETWEEN 5883692 AND 5883792
	Index Scan using sbtest4_pkey on sbtest4  (cost=0.43..400.93 rows=102 width=125)
	  Index Cond: ((id >= 5883692) AND (id <= 5883792))

table 5 : explain SELECT id, c FROM sbtest5 WHERE id BETWEEN 5883692 AND 5883792
	Index Scan using sbtest5_pkey on sbtest5  (cost=0.43..434.86 rows=110 width=125)
	  Index Cond: ((id >= 5883692) AND (id <= 5883792))

table 6 : explain SELECT id, c FROM sbtest6 WHERE id BETWEEN 5883692 AND 5883792
	Index Scan using sbtest6_pkey on sbtest6  (cost=0.43..348.46 rows=88 width=125)
	  Index Cond: ((id >= 5883692) AND (id <= 5883792))

table 7 : explain SELECT id, c FROM sbtest7 WHERE id BETWEEN 5883692 AND 5883792
	Index Scan using sbtest7_pkey on sbtest7  (cost=0.43..406.12 rows=103 width=125)
	  Index Cond: ((id >= 5883692) AND (id <= 5883792))

table 8 : explain SELECT id, c FROM sbtest8 WHERE id BETWEEN 5883692 AND 5883792
	Index Scan using sbtest8_pkey on sbtest8  (cost=0.43..394.89 rows=100 width=125)
	  Index Cond: ((id >= 5883692) AND (id <= 5883792))

explain: for range-notcovered :: explain SELECT id, c FROM sbtest%d WHERE id BETWEEN 4892818 AND 4892918
explain: for range-notcovered :: explain SELECT id, c FROM sbtest%d WHERE id BETWEEN 5883692 AND 5883792
for range-notcovered
table 1 : explain SELECT id, c FROM sbtest1 WHERE id BETWEEN 9123638 AND 9123738
	Index Scan using sbtest1_pkey on sbtest1  (cost=0.43..404.32 rows=102 width=125)
	  Index Cond: ((id >= 9123638) AND (id <= 9123738))

table 2 : explain SELECT id, c FROM sbtest2 WHERE id BETWEEN 9123638 AND 9123738
	Index Scan using sbtest2_pkey on sbtest2  (cost=0.43..400.50 rows=101 width=125)
	  Index Cond: ((id >= 9123638) AND (id <= 9123738))

table 3 : explain SELECT id, c FROM sbtest3 WHERE id BETWEEN 9123638 AND 9123738
	Index Scan using sbtest3_pkey on sbtest3  (cost=0.43..442.07 rows=112 width=125)
	  Index Cond: ((id >= 9123638) AND (id <= 9123738))

table 4 : explain SELECT id, c FROM sbtest4 WHERE id BETWEEN 9123638 AND 9123738
	Index Scan using sbtest4_pkey on sbtest4  (cost=0.43..451.44 rows=115 width=125)
	  Index Cond: ((id >= 9123638) AND (id <= 9123738))

table 5 : explain SELECT id, c FROM sbtest5 WHERE id BETWEEN 9123638 AND 9123738
	Index Scan using sbtest5_pkey on sbtest5  (cost=0.43..387.92 rows=98 width=125)
	  Index Cond: ((id >= 9123638) AND (id <= 9123738))

table 6 : explain SELECT id, c FROM sbtest6 WHERE id BETWEEN 9123638 AND 9123738
	Index Scan using sbtest6_pkey on sbtest6  (cost=0.43..430.54 rows=109 width=125)
	  Index Cond: ((id >= 9123638) AND (id <= 9123738))

table 7 : explain SELECT id, c FROM sbtest7 WHERE id BETWEEN 9123638 AND 9123738
	Index Scan using sbtest7_pkey on sbtest7  (cost=0.43..417.82 rows=106 width=125)
	  Index Cond: ((id >= 9123638) AND (id <= 9123738))

table 8 : explain SELECT id, c FROM sbtest8 WHERE id BETWEEN 9123638 AND 9123738
	Index Scan using sbtest8_pkey on sbtest8  (cost=0.43..410.50 rows=104 width=125)
	  Index Cond: ((id >= 9123638) AND (id <= 9123738))

for range-notcovered
table 1 : explain SELECT id, c FROM sbtest1 WHERE id BETWEEN 5672245 AND 5672345
	Index Scan using sbtest1_pkey on sbtest1  (cost=0.43..404.32 rows=102 width=125)
	  Index Cond: ((id >= 5672245) AND (id <= 5672345))

table 2 : explain SELECT id, c FROM sbtest2 WHERE id BETWEEN 5672245 AND 5672345
	Index Scan using sbtest2_pkey on sbtest2  (cost=0.43..408.34 rows=103 width=125)
	  Index Cond: ((id >= 5672245) AND (id <= 5672345))

table 3 : explain SELECT id, c FROM sbtest3 WHERE id BETWEEN 5672245 AND 5672345
	Index Scan using sbtest3_pkey on sbtest3  (cost=0.43..383.49 rows=97 width=125)
	  Index Cond: ((id >= 5672245) AND (id <= 5672345))

table 4 : explain SELECT id, c FROM sbtest4 WHERE id BETWEEN 5672245 AND 5672345
	Index Scan using sbtest4_pkey on sbtest4  (cost=0.43..408.70 rows=104 width=125)
	  Index Cond: ((id >= 5672245) AND (id <= 5672345))

table 5 : explain SELECT id, c FROM sbtest5 WHERE id BETWEEN 5672245 AND 5672345
	Index Scan using sbtest5_pkey on sbtest5  (cost=0.43..387.92 rows=98 width=125)
	  Index Cond: ((id >= 5672245) AND (id <= 5672345))

table 6 : explain SELECT id, c FROM sbtest6 WHERE id BETWEEN 5672245 AND 5672345
	Index Scan using sbtest6_pkey on sbtest6  (cost=0.43..414.91 rows=105 width=125)
	  Index Cond: ((id >= 5672245) AND (id <= 5672345))

table 7 : explain SELECT id, c FROM sbtest7 WHERE id BETWEEN 5672245 AND 5672345
	Index Scan using sbtest7_pkey on sbtest7  (cost=0.43..382.73 rows=97 width=125)
	  Index Cond: ((id >= 5672245) AND (id <= 5672345))

table 8 : explain SELECT id, c FROM sbtest8 WHERE id BETWEEN 5672245 AND 5672345
	Index Scan using sbtest8_pkey on sbtest8  (cost=0.43..437.82 rows=111 width=125)
	  Index Cond: ((id >= 5672245) AND (id <= 5672345))

for range-notcovered
table 1 : explain SELECT id, c FROM sbtest1 WHERE id BETWEEN 4892818 AND 4892918
	Index Scan using sbtest1_pkey on sbtest1  (cost=0.43..400.40 rows=101 width=125)
	  Index Cond: ((id >= 4892818) AND (id <= 4892918))

table 2 : explain SELECT id, c FROM sbtest2 WHERE id BETWEEN 4892818 AND 4892918
	Index Scan using sbtest2_pkey on sbtest2  (cost=0.43..416.18 rows=105 width=125)
	  Index Cond: ((id >= 4892818) AND (id <= 4892918))

table 3 : explain SELECT id, c FROM sbtest3 WHERE id BETWEEN 4892818 AND 4892918
	Index Scan using sbtest3_pkey on sbtest3  (cost=0.43..418.64 rows=106 width=125)
	  Index Cond: ((id >= 4892818) AND (id <= 4892918))

table 4 : explain SELECT id, c FROM sbtest4 WHERE id BETWEEN 4892818 AND 4892918
	Index Scan using sbtest4_pkey on sbtest4  (cost=0.43..400.93 rows=102 width=125)
	  Index Cond: ((id >= 4892818) AND (id <= 4892918))

table 5 : explain SELECT id, c FROM sbtest5 WHERE id BETWEEN 4892818 AND 4892918
	Index Scan using sbtest5_pkey on sbtest5  (cost=0.43..372.28 rows=94 width=125)
	  Index Cond: ((id >= 4892818) AND (id <= 4892918))

table 6 : explain SELECT id, c FROM sbtest6 WHERE id BETWEEN 4892818 AND 4892918
	Index Scan using sbtest6_pkey on sbtest6  (cost=0.43..391.47 rows=99 width=125)
	  Index Cond: ((id >= 4892818) AND (id <= 4892918))

table 7 : explain SELECT id, c FROM sbtest7 WHERE id BETWEEN 4892818 AND 4892918
	Index Scan using sbtest7_pkey on sbtest7  (cost=0.43..413.92 rows=105 width=125)
	  Index Cond: ((id >= 4892818) AND (id <= 4892918))

table 8 : explain SELECT id, c FROM sbtest8 WHERE id BETWEEN 4892818 AND 4892918
	Index Scan using sbtest8_pkey on sbtest8  (cost=0.43..402.70 rows=102 width=125)
	  Index Cond: ((id >= 4892818) AND (id <= 4892918))

for range-notcovered
table 1 : explain SELECT id, c FROM sbtest1 WHERE id BETWEEN 5883692 AND 5883792
	Index Scan using sbtest1_pkey on sbtest1  (cost=0.43..380.78 rows=96 width=125)
	  Index Cond: ((id >= 5883692) AND (id <= 5883792))

table 2 : explain SELECT id, c FROM sbtest2 WHERE id BETWEEN 5883692 AND 5883792
	Index Scan using sbtest2_pkey on sbtest2  (cost=0.43..408.34 rows=103 width=125)
	  Index Cond: ((id >= 5883692) AND (id <= 5883792))

table 3 : explain SELECT id, c FROM sbtest3 WHERE id BETWEEN 5883692 AND 5883792
	Index Scan using sbtest3_pkey on sbtest3  (cost=0.43..406.92 rows=103 width=125)
	  Index Cond: ((id >= 5883692) AND (id <= 5883792))

table 4 : explain SELECT id, c FROM sbtest4 WHERE id BETWEEN 5883692 AND 5883792
	Index Scan using sbtest4_pkey on sbtest4  (cost=0.43..400.93 rows=102 width=125)
	  Index Cond: ((id >= 5883692) AND (id <= 5883792))

table 5 : explain SELECT id, c FROM sbtest5 WHERE id BETWEEN 5883692 AND 5883792
	Index Scan using sbtest5_pkey on sbtest5  (cost=0.43..434.86 rows=110 width=125)
	  Index Cond: ((id >= 5883692) AND (id <= 5883792))

table 6 : explain SELECT id, c FROM sbtest6 WHERE id BETWEEN 5883692 AND 5883792
	Index Scan using sbtest6_pkey on sbtest6  (cost=0.43..348.46 rows=88 width=125)
	  Index Cond: ((id >= 5883692) AND (id <= 5883792))

table 7 : explain SELECT id, c FROM sbtest7 WHERE id BETWEEN 5883692 AND 5883792
	Index Scan using sbtest7_pkey on sbtest7  (cost=0.43..406.12 rows=103 width=125)
	  Index Cond: ((id >= 5883692) AND (id <= 5883792))

table 8 : explain SELECT id, c FROM sbtest8 WHERE id BETWEEN 5883692 AND 5883792
	Index Scan using sbtest8_pkey on sbtest8  (cost=0.43..394.89 rows=100 width=125)
	  Index Cond: ((id >= 5883692) AND (id <= 5883792))

explain: for range-notcovered :: explain SELECT id, c FROM sbtest%d WHERE id BETWEEN 4892818 AND 4892918
explain: for range-notcovered :: explain SELECT id, c FROM sbtest%d WHERE id BETWEEN 5883692 AND 5883792
for range-notcovered
table 1 : explain SELECT id, c FROM sbtest1 WHERE id BETWEEN 2731072 AND 2731172
	Index Scan using sbtest1_pkey on sbtest1  (cost=0.43..380.78 rows=96 width=125)
	  Index Cond: ((id >= 2731072) AND (id <= 2731172))

table 2 : explain SELECT id, c FROM sbtest2 WHERE id BETWEEN 2731072 AND 2731172
	Index Scan using sbtest2_pkey on sbtest2  (cost=0.43..431.86 rows=109 width=125)
	  Index Cond: ((id >= 2731072) AND (id <= 2731172))

table 3 : explain SELECT id, c FROM sbtest3 WHERE id BETWEEN 2731072 AND 2731172
	Index Scan using sbtest3_pkey on sbtest3  (cost=0.43..434.26 rows=110 width=125)
	  Index Cond: ((id >= 2731072) AND (id <= 2731172))

table 4 : explain SELECT id, c FROM sbtest4 WHERE id BETWEEN 2731072 AND 2731172
	Index Scan using sbtest4_pkey on sbtest4  (cost=0.43..338.74 rows=86 width=125)
	  Index Cond: ((id >= 2731072) AND (id <= 2731172))

table 5 : explain SELECT id, c FROM sbtest5 WHERE id BETWEEN 2731072 AND 2731172
	Index Scan using sbtest5_pkey on sbtest5  (cost=0.43..352.69 rows=89 width=125)
	  Index Cond: ((id >= 2731072) AND (id <= 2731172))

table 6 : explain SELECT id, c FROM sbtest6 WHERE id BETWEEN 2731072 AND 2731172
	Index Scan using sbtest6_pkey on sbtest6  (cost=0.43..407.10 rows=103 width=125)
	  Index Cond: ((id >= 2731072) AND (id <= 2731172))

table 7 : explain SELECT id, c FROM sbtest7 WHERE id BETWEEN 2731072 AND 2731172
	Index Scan using sbtest7_pkey on sbtest7  (cost=0.43..386.63 rows=98 width=125)
	  Index Cond: ((id >= 2731072) AND (id <= 2731172))

table 8 : explain SELECT id, c FROM sbtest8 WHERE id BETWEEN 2731072 AND 2731172
	Index Scan using sbtest8_pkey on sbtest8  (cost=0.43..461.24 rows=117 width=125)
	  Index Cond: ((id >= 2731072) AND (id <= 2731172))

explain: for range-notcovered :: explain SELECT id, c FROM sbtest%d WHERE id BETWEEN 2731072 AND 2731172
for range-notcovered
table 1 : explain SELECT id, c FROM sbtest1 WHERE id BETWEEN 4892818 AND 4892918
	Index Scan using sbtest1_pkey on sbtest1  (cost=0.43..400.40 rows=101 width=125)
	  Index Cond: ((id >= 4892818) AND (id <= 4892918))

table 2 : explain SELECT id, c FROM sbtest2 WHERE id BETWEEN 4892818 AND 4892918
	Index Scan using sbtest2_pkey on sbtest2  (cost=0.43..416.18 rows=105 width=125)
	  Index Cond: ((id >= 4892818) AND (id <= 4892918))

table 3 : explain SELECT id, c FROM sbtest3 WHERE id BETWEEN 4892818 AND 4892918
	Index Scan using sbtest3_pkey on sbtest3  (cost=0.43..418.64 rows=106 width=125)
	  Index Cond: ((id >= 4892818) AND (id <= 4892918))

table 4 : explain SELECT id, c FROM sbtest4 WHERE id BETWEEN 4892818 AND 4892918
	Index Scan using sbtest4_pkey on sbtest4  (cost=0.43..400.93 rows=102 width=125)
	  Index Cond: ((id >= 4892818) AND (id <= 4892918))

table 5 : explain SELECT id, c FROM sbtest5 WHERE id BETWEEN 4892818 AND 4892918
	Index Scan using sbtest5_pkey on sbtest5  (cost=0.43..372.28 rows=94 width=125)
	  Index Cond: ((id >= 4892818) AND (id <= 4892918))

table 6 : explain SELECT id, c FROM sbtest6 WHERE id BETWEEN 4892818 AND 4892918
	Index Scan using sbtest6_pkey on sbtest6  (cost=0.43..391.47 rows=99 width=125)
	  Index Cond: ((id >= 4892818) AND (id <= 4892918))

table 7 : explain SELECT id, c FROM sbtest7 WHERE id BETWEEN 4892818 AND 4892918
	Index Scan using sbtest7_pkey on sbtest7  (cost=0.43..413.92 rows=105 width=125)
	  Index Cond: ((id >= 4892818) AND (id <= 4892918))

table 8 : explain SELECT id, c FROM sbtest8 WHERE id BETWEEN 4892818 AND 4892918
	Index Scan using sbtest8_pkey on sbtest8  (cost=0.43..402.70 rows=102 width=125)
	  Index Cond: ((id >= 4892818) AND (id <= 4892918))

for range-notcovered
table 1 : explain SELECT id, c FROM sbtest1 WHERE id BETWEEN 5883692 AND 5883792
	Index Scan using sbtest1_pkey on sbtest1  (cost=0.43..380.78 rows=96 width=125)
	  Index Cond: ((id >= 5883692) AND (id <= 5883792))

table 2 : explain SELECT id, c FROM sbtest2 WHERE id BETWEEN 5883692 AND 5883792
	Index Scan using sbtest2_pkey on sbtest2  (cost=0.43..408.34 rows=103 width=125)
	  Index Cond: ((id >= 5883692) AND (id <= 5883792))

table 3 : explain SELECT id, c FROM sbtest3 WHERE id BETWEEN 5883692 AND 5883792
	Index Scan using sbtest3_pkey on sbtest3  (cost=0.43..406.92 rows=103 width=125)
	  Index Cond: ((id >= 5883692) AND (id <= 5883792))

table 4 : explain SELECT id, c FROM sbtest4 WHERE id BETWEEN 5883692 AND 5883792
	Index Scan using sbtest4_pkey on sbtest4  (cost=0.43..400.93 rows=102 width=125)
	  Index Cond: ((id >= 5883692) AND (id <= 5883792))

table 5 : explain SELECT id, c FROM sbtest5 WHERE id BETWEEN 5883692 AND 5883792
	Index Scan using sbtest5_pkey on sbtest5  (cost=0.43..434.86 rows=110 width=125)
	  Index Cond: ((id >= 5883692) AND (id <= 5883792))

table 6 : explain SELECT id, c FROM sbtest6 WHERE id BETWEEN 5883692 AND 5883792
	Index Scan using sbtest6_pkey on sbtest6  (cost=0.43..348.46 rows=88 width=125)
	  Index Cond: ((id >= 5883692) AND (id <= 5883792))

table 7 : explain SELECT id, c FROM sbtest7 WHERE id BETWEEN 5883692 AND 5883792
	Index Scan using sbtest7_pkey on sbtest7  (cost=0.43..406.12 rows=103 width=125)
	  Index Cond: ((id >= 5883692) AND (id <= 5883792))

table 8 : explain SELECT id, c FROM sbtest8 WHERE id BETWEEN 5883692 AND 5883792
	Index Scan using sbtest8_pkey on sbtest8  (cost=0.43..394.89 rows=100 width=125)
	  Index Cond: ((id >= 5883692) AND (id <= 5883792))

explain: for range-notcovered :: explain SELECT id, c FROM sbtest%d WHERE id BETWEEN 4892818 AND 4892918
explain: for range-notcovered :: explain SELECT id, c FROM sbtest%d WHERE id BETWEEN 5883692 AND 5883792
for range-notcovered
table 1 : explain SELECT id, c FROM sbtest1 WHERE id BETWEEN 2731072 AND 2731172
	Index Scan using sbtest1_pkey on sbtest1  (cost=0.43..380.78 rows=96 width=125)
	  Index Cond: ((id >= 2731072) AND (id <= 2731172))

table 2 : explain SELECT id, c FROM sbtest2 WHERE id BETWEEN 2731072 AND 2731172
	Index Scan using sbtest2_pkey on sbtest2  (cost=0.43..431.86 rows=109 width=125)
	  Index Cond: ((id >= 2731072) AND (id <= 2731172))

table 3 : explain SELECT id, c FROM sbtest3 WHERE id BETWEEN 2731072 AND 2731172
	Index Scan using sbtest3_pkey on sbtest3  (cost=0.43..434.26 rows=110 width=125)
	  Index Cond: ((id >= 2731072) AND (id <= 2731172))

table 4 : explain SELECT id, c FROM sbtest4 WHERE id BETWEEN 2731072 AND 2731172
	Index Scan using sbtest4_pkey on sbtest4  (cost=0.43..338.74 rows=86 width=125)
	  Index Cond: ((id >= 2731072) AND (id <= 2731172))

table 5 : explain SELECT id, c FROM sbtest5 WHERE id BETWEEN 2731072 AND 2731172
	Index Scan using sbtest5_pkey on sbtest5  (cost=0.43..352.69 rows=89 width=125)
	  Index Cond: ((id >= 2731072) AND (id <= 2731172))

table 6 : explain SELECT id, c FROM sbtest6 WHERE id BETWEEN 2731072 AND 2731172
	Index Scan using sbtest6_pkey on sbtest6  (cost=0.43..407.10 rows=103 width=125)
	  Index Cond: ((id >= 2731072) AND (id <= 2731172))

table 7 : explain SELECT id, c FROM sbtest7 WHERE id BETWEEN 2731072 AND 2731172
	Index Scan using sbtest7_pkey on sbtest7  (cost=0.43..386.63 rows=98 width=125)
	  Index Cond: ((id >= 2731072) AND (id <= 2731172))

table 8 : explain SELECT id, c FROM sbtest8 WHERE id BETWEEN 2731072 AND 2731172
	Index Scan using sbtest8_pkey on sbtest8  (cost=0.43..461.24 rows=117 width=125)
	  Index Cond: ((id >= 2731072) AND (id <= 2731172))

explain: for range-notcovered :: explain SELECT id, c FROM sbtest%d WHERE id BETWEEN 2731072 AND 2731172
for range-notcovered
table 1 : explain SELECT id, c FROM sbtest1 WHERE id BETWEEN 5883692 AND 5883792
	Index Scan using sbtest1_pkey on sbtest1  (cost=0.43..380.78 rows=96 width=125)
	  Index Cond: ((id >= 5883692) AND (id <= 5883792))

table 2 : explain SELECT id, c FROM sbtest2 WHERE id BETWEEN 5883692 AND 5883792
	Index Scan using sbtest2_pkey on sbtest2  (cost=0.43..408.34 rows=103 width=125)
	  Index Cond: ((id >= 5883692) AND (id <= 5883792))

table 3 : explain SELECT id, c FROM sbtest3 WHERE id BETWEEN 5883692 AND 5883792
	Index Scan using sbtest3_pkey on sbtest3  (cost=0.43..406.92 rows=103 width=125)
	  Index Cond: ((id >= 5883692) AND (id <= 5883792))

table 4 : explain SELECT id, c FROM sbtest4 WHERE id BETWEEN 5883692 AND 5883792
	Index Scan using sbtest4_pkey on sbtest4  (cost=0.43..400.93 rows=102 width=125)
	  Index Cond: ((id >= 5883692) AND (id <= 5883792))

table 5 : explain SELECT id, c FROM sbtest5 WHERE id BETWEEN 5883692 AND 5883792
	Index Scan using sbtest5_pkey on sbtest5  (cost=0.43..434.86 rows=110 width=125)
	  Index Cond: ((id >= 5883692) AND (id <= 5883792))

table 6 : explain SELECT id, c FROM sbtest6 WHERE id BETWEEN 5883692 AND 5883792
	Index Scan using sbtest6_pkey on sbtest6  (cost=0.43..348.46 rows=88 width=125)
	  Index Cond: ((id >= 5883692) AND (id <= 5883792))

table 7 : explain SELECT id, c FROM sbtest7 WHERE id BETWEEN 5883692 AND 5883792
	Index Scan using sbtest7_pkey on sbtest7  (cost=0.43..406.12 rows=103 width=125)
	  Index Cond: ((id >= 5883692) AND (id <= 5883792))

table 8 : explain SELECT id, c FROM sbtest8 WHERE id BETWEEN 5883692 AND 5883792
	Index Scan using sbtest8_pkey on sbtest8  (cost=0.43..394.89 rows=100 width=125)
	  Index Cond: ((id >= 5883692) AND (id <= 5883792))

for range-notcovered
table 1 : explain SELECT id, c FROM sbtest1 WHERE id BETWEEN 4892818 AND 4892918
	Index Scan using sbtest1_pkey on sbtest1  (cost=0.43..400.40 rows=101 width=125)
	  Index Cond: ((id >= 4892818) AND (id <= 4892918))

table 2 : explain SELECT id, c FROM sbtest2 WHERE id BETWEEN 4892818 AND 4892918
	Index Scan using sbtest2_pkey on sbtest2  (cost=0.43..416.18 rows=105 width=125)
	  Index Cond: ((id >= 4892818) AND (id <= 4892918))

table 3 : explain SELECT id, c FROM sbtest3 WHERE id BETWEEN 4892818 AND 4892918
	Index Scan using sbtest3_pkey on sbtest3  (cost=0.43..418.64 rows=106 width=125)
	  Index Cond: ((id >= 4892818) AND (id <= 4892918))

table 4 : explain SELECT id, c FROM sbtest4 WHERE id BETWEEN 4892818 AND 4892918
	Index Scan using sbtest4_pkey on sbtest4  (cost=0.43..400.93 rows=102 width=125)
	  Index Cond: ((id >= 4892818) AND (id <= 4892918))

table 5 : explain SELECT id, c FROM sbtest5 WHERE id BETWEEN 4892818 AND 4892918
	Index Scan using sbtest5_pkey on sbtest5  (cost=0.43..372.28 rows=94 width=125)
	  Index Cond: ((id >= 4892818) AND (id <= 4892918))

table 6 : explain SELECT id, c FROM sbtest6 WHERE id BETWEEN 4892818 AND 4892918
	Index Scan using sbtest6_pkey on sbtest6  (cost=0.43..391.47 rows=99 width=125)
	  Index Cond: ((id >= 4892818) AND (id <= 4892918))

table 7 : explain SELECT id, c FROM sbtest7 WHERE id BETWEEN 4892818 AND 4892918
	Index Scan using sbtest7_pkey on sbtest7  (cost=0.43..413.92 rows=105 width=125)
	  Index Cond: ((id >= 4892818) AND (id <= 4892918))

table 8 : explain SELECT id, c FROM sbtest8 WHERE id BETWEEN 4892818 AND 4892918
	Index Scan using sbtest8_pkey on sbtest8  (cost=0.43..402.70 rows=102 width=125)
	  Index Cond: ((id >= 4892818) AND (id <= 4892918))

explain: for range-notcovered :: explain SELECT id, c FROM sbtest%d WHERE id BETWEEN 5883692 AND 5883792
explain: for range-notcovered :: explain SELECT id, c FROM sbtest%d WHERE id BETWEEN 4892818 AND 4892918
for range-notcovered
table 1 : explain SELECT id, c FROM sbtest1 WHERE id BETWEEN 2731072 AND 2731172
	Index Scan using sbtest1_pkey on sbtest1  (cost=0.43..380.78 rows=96 width=125)
	  Index Cond: ((id >= 2731072) AND (id <= 2731172))

table 2 : explain SELECT id, c FROM sbtest2 WHERE id BETWEEN 2731072 AND 2731172
	Index Scan using sbtest2_pkey on sbtest2  (cost=0.43..431.86 rows=109 width=125)
	  Index Cond: ((id >= 2731072) AND (id <= 2731172))

table 3 : explain SELECT id, c FROM sbtest3 WHERE id BETWEEN 2731072 AND 2731172
	Index Scan using sbtest3_pkey on sbtest3  (cost=0.43..434.26 rows=110 width=125)
	  Index Cond: ((id >= 2731072) AND (id <= 2731172))

table 4 : explain SELECT id, c FROM sbtest4 WHERE id BETWEEN 2731072 AND 2731172
	Index Scan using sbtest4_pkey on sbtest4  (cost=0.43..338.74 rows=86 width=125)
	  Index Cond: ((id >= 2731072) AND (id <= 2731172))

table 5 : explain SELECT id, c FROM sbtest5 WHERE id BETWEEN 2731072 AND 2731172
	Index Scan using sbtest5_pkey on sbtest5  (cost=0.43..352.69 rows=89 width=125)
	  Index Cond: ((id >= 2731072) AND (id <= 2731172))

table 6 : explain SELECT id, c FROM sbtest6 WHERE id BETWEEN 2731072 AND 2731172
	Index Scan using sbtest6_pkey on sbtest6  (cost=0.43..407.10 rows=103 width=125)
	  Index Cond: ((id >= 2731072) AND (id <= 2731172))

table 7 : explain SELECT id, c FROM sbtest7 WHERE id BETWEEN 2731072 AND 2731172
	Index Scan using sbtest7_pkey on sbtest7  (cost=0.43..386.63 rows=98 width=125)
	  Index Cond: ((id >= 2731072) AND (id <= 2731172))

table 8 : explain SELECT id, c FROM sbtest8 WHERE id BETWEEN 2731072 AND 2731172
	Index Scan using sbtest8_pkey on sbtest8  (cost=0.43..461.24 rows=117 width=125)
	  Index Cond: ((id >= 2731072) AND (id <= 2731172))

explain: for range-notcovered :: explain SELECT id, c FROM sbtest%d WHERE id BETWEEN 2731072 AND 2731172
for range-notcovered
table 1 : explain SELECT id, c FROM sbtest1 WHERE id BETWEEN 4892818 AND 4892918
	Index Scan using sbtest1_pkey on sbtest1  (cost=0.43..400.40 rows=101 width=125)
	  Index Cond: ((id >= 4892818) AND (id <= 4892918))

table 2 : explain SELECT id, c FROM sbtest2 WHERE id BETWEEN 4892818 AND 4892918
	Index Scan using sbtest2_pkey on sbtest2  (cost=0.43..416.18 rows=105 width=125)
	  Index Cond: ((id >= 4892818) AND (id <= 4892918))

table 3 : explain SELECT id, c FROM sbtest3 WHERE id BETWEEN 4892818 AND 4892918
	Index Scan using sbtest3_pkey on sbtest3  (cost=0.43..418.64 rows=106 width=125)
	  Index Cond: ((id >= 4892818) AND (id <= 4892918))

table 4 : explain SELECT id, c FROM sbtest4 WHERE id BETWEEN 4892818 AND 4892918
	Index Scan using sbtest4_pkey on sbtest4  (cost=0.43..400.93 rows=102 width=125)
	  Index Cond: ((id >= 4892818) AND (id <= 4892918))

table 5 : explain SELECT id, c FROM sbtest5 WHERE id BETWEEN 4892818 AND 4892918
	Index Scan using sbtest5_pkey on sbtest5  (cost=0.43..372.28 rows=94 width=125)
	  Index Cond: ((id >= 4892818) AND (id <= 4892918))

table 6 : explain SELECT id, c FROM sbtest6 WHERE id BETWEEN 4892818 AND 4892918
	Index Scan using sbtest6_pkey on sbtest6  (cost=0.43..391.47 rows=99 width=125)
	  Index Cond: ((id >= 4892818) AND (id <= 4892918))

table 7 : explain SELECT id, c FROM sbtest7 WHERE id BETWEEN 4892818 AND 4892918
	Index Scan using sbtest7_pkey on sbtest7  (cost=0.43..413.92 rows=105 width=125)
	  Index Cond: ((id >= 4892818) AND (id <= 4892918))

table 8 : explain SELECT id, c FROM sbtest8 WHERE id BETWEEN 4892818 AND 4892918
	Index Scan using sbtest8_pkey on sbtest8  (cost=0.43..402.70 rows=102 width=125)
	  Index Cond: ((id >= 4892818) AND (id <= 4892918))

for range-notcovered
table 1 : explain SELECT id, c FROM sbtest1 WHERE id BETWEEN 5883692 AND 5883792
	Index Scan using sbtest1_pkey on sbtest1  (cost=0.43..380.78 rows=96 width=125)
	  Index Cond: ((id >= 5883692) AND (id <= 5883792))

table 2 : explain SELECT id, c FROM sbtest2 WHERE id BETWEEN 5883692 AND 5883792
	Index Scan using sbtest2_pkey on sbtest2  (cost=0.43..408.34 rows=103 width=125)
	  Index Cond: ((id >= 5883692) AND (id <= 5883792))

table 3 : explain SELECT id, c FROM sbtest3 WHERE id BETWEEN 5883692 AND 5883792
	Index Scan using sbtest3_pkey on sbtest3  (cost=0.43..406.92 rows=103 width=125)
	  Index Cond: ((id >= 5883692) AND (id <= 5883792))

table 4 : explain SELECT id, c FROM sbtest4 WHERE id BETWEEN 5883692 AND 5883792
	Index Scan using sbtest4_pkey on sbtest4  (cost=0.43..400.93 rows=102 width=125)
	  Index Cond: ((id >= 5883692) AND (id <= 5883792))

table 5 : explain SELECT id, c FROM sbtest5 WHERE id BETWEEN 5883692 AND 5883792
	Index Scan using sbtest5_pkey on sbtest5  (cost=0.43..434.86 rows=110 width=125)
	  Index Cond: ((id >= 5883692) AND (id <= 5883792))

table 6 : explain SELECT id, c FROM sbtest6 WHERE id BETWEEN 5883692 AND 5883792
	Index Scan using sbtest6_pkey on sbtest6  (cost=0.43..348.46 rows=88 width=125)
	  Index Cond: ((id >= 5883692) AND (id <= 5883792))

table 7 : explain SELECT id, c FROM sbtest7 WHERE id BETWEEN 5883692 AND 5883792
	Index Scan using sbtest7_pkey on sbtest7  (cost=0.43..406.12 rows=103 width=125)
	  Index Cond: ((id >= 5883692) AND (id <= 5883792))

table 8 : explain SELECT id, c FROM sbtest8 WHERE id BETWEEN 5883692 AND 5883792
	Index Scan using sbtest8_pkey on sbtest8  (cost=0.43..394.89 rows=100 width=125)
	  Index Cond: ((id >= 5883692) AND (id <= 5883792))

explain: for range-notcovered :: explain SELECT id, c FROM sbtest%d WHERE id BETWEEN 4892818 AND 4892918
for range-notcovered
table 1 : explain SELECT id, c FROM sbtest1 WHERE id BETWEEN 4692302 AND 4692402
	Index Scan using sbtest1_pkey on sbtest1  (cost=0.43..372.94 rows=94 width=125)
	  Index Cond: ((id >= 4692302) AND (id <= 4692402))

table 2 : explain SELECT id, c FROM sbtest2 WHERE id BETWEEN 4692302 AND 4692402
	Index Scan using sbtest2_pkey on sbtest2  (cost=0.43..412.26 rows=104 width=125)
	  Index Cond: ((id >= 4692302) AND (id <= 4692402))

table 3 : explain SELECT id, c FROM sbtest3 WHERE id BETWEEN 4692302 AND 4692402
	Index Scan using sbtest3_pkey on sbtest3  (cost=0.43..414.73 rows=105 width=125)
	  Index Cond: ((id >= 4692302) AND (id <= 4692402))

table 4 : explain SELECT id, c FROM sbtest4 WHERE id BETWEEN 4692302 AND 4692402
	Index Scan using sbtest4_pkey on sbtest4  (cost=0.43..400.93 rows=102 width=125)
	  Index Cond: ((id >= 4692302) AND (id <= 4692402))

table 5 : explain SELECT id, c FROM sbtest5 WHERE id BETWEEN 4692302 AND 4692402
	Index Scan using sbtest5_pkey on sbtest5  (cost=0.43..380.10 rows=96 width=125)
	  Index Cond: ((id >= 4692302) AND (id <= 4692402))

table 6 : explain SELECT id, c FROM sbtest6 WHERE id BETWEEN 4692302 AND 4692402
	Index Scan using sbtest6_pkey on sbtest6  (cost=0.43..375.84 rows=95 width=125)
	  Index Cond: ((id >= 4692302) AND (id <= 4692402))

table 7 : explain SELECT id, c FROM sbtest7 WHERE id BETWEEN 4692302 AND 4692402
	Index Scan using sbtest7_pkey on sbtest7  (cost=0.43..410.02 rows=104 width=125)
	  Index Cond: ((id >= 4692302) AND (id <= 4692402))

table 8 : explain SELECT id, c FROM sbtest8 WHERE id BETWEEN 4692302 AND 4692402
	Index Scan using sbtest8_pkey on sbtest8  (cost=0.43..430.02 rows=109 width=125)
	  Index Cond: ((id >= 4692302) AND (id <= 4692402))

explain: for range-notcovered :: explain SELECT id, c FROM sbtest%d WHERE id BETWEEN 4692302 AND 4692402
for range-notcovered
table 1 : explain SELECT id, c FROM sbtest1 WHERE id BETWEEN 2731072 AND 2731172
	Index Scan using sbtest1_pkey on sbtest1  (cost=0.43..380.78 rows=96 width=125)
	  Index Cond: ((id >= 2731072) AND (id <= 2731172))

table 2 : explain SELECT id, c FROM sbtest2 WHERE id BETWEEN 2731072 AND 2731172
	Index Scan using sbtest2_pkey on sbtest2  (cost=0.43..431.86 rows=109 width=125)
	  Index Cond: ((id >= 2731072) AND (id <= 2731172))

table 3 : explain SELECT id, c FROM sbtest3 WHERE id BETWEEN 2731072 AND 2731172
	Index Scan using sbtest3_pkey on sbtest3  (cost=0.43..434.26 rows=110 width=125)
	  Index Cond: ((id >= 2731072) AND (id <= 2731172))

table 4 : explain SELECT id, c FROM sbtest4 WHERE id BETWEEN 2731072 AND 2731172
	Index Scan using sbtest4_pkey on sbtest4  (cost=0.43..338.74 rows=86 width=125)
	  Index Cond: ((id >= 2731072) AND (id <= 2731172))

table 5 : explain SELECT id, c FROM sbtest5 WHERE id BETWEEN 2731072 AND 2731172
	Index Scan using sbtest5_pkey on sbtest5  (cost=0.43..352.69 rows=89 width=125)
	  Index Cond: ((id >= 2731072) AND (id <= 2731172))

table 6 : explain SELECT id, c FROM sbtest6 WHERE id BETWEEN 2731072 AND 2731172
	Index Scan using sbtest6_pkey on sbtest6  (cost=0.43..407.10 rows=103 width=125)
	  Index Cond: ((id >= 2731072) AND (id <= 2731172))

table 7 : explain SELECT id, c FROM sbtest7 WHERE id BETWEEN 2731072 AND 2731172
	Index Scan using sbtest7_pkey on sbtest7  (cost=0.43..386.63 rows=98 width=125)
	  Index Cond: ((id >= 2731072) AND (id <= 2731172))

table 8 : explain SELECT id, c FROM sbtest8 WHERE id BETWEEN 2731072 AND 2731172
	Index Scan using sbtest8_pkey on sbtest8  (cost=0.43..461.24 rows=117 width=125)
	  Index Cond: ((id >= 2731072) AND (id <= 2731172))

explain: for range-notcovered :: explain SELECT id, c FROM sbtest%d WHERE id BETWEEN 2731072 AND 2731172
for range-notcovered
table 1 : explain SELECT id, c FROM sbtest1 WHERE id BETWEEN 4892818 AND 4892918
	Index Scan using sbtest1_pkey on sbtest1  (cost=0.43..400.40 rows=101 width=125)
	  Index Cond: ((id >= 4892818) AND (id <= 4892918))

table 2 : explain SELECT id, c FROM sbtest2 WHERE id BETWEEN 4892818 AND 4892918
	Index Scan using sbtest2_pkey on sbtest2  (cost=0.43..416.18 rows=105 width=125)
	  Index Cond: ((id >= 4892818) AND (id <= 4892918))

table 3 : explain SELECT id, c FROM sbtest3 WHERE id BETWEEN 4892818 AND 4892918
	Index Scan using sbtest3_pkey on sbtest3  (cost=0.43..418.64 rows=106 width=125)
	  Index Cond: ((id >= 4892818) AND (id <= 4892918))

table 4 : explain SELECT id, c FROM sbtest4 WHERE id BETWEEN 4892818 AND 4892918
	Index Scan using sbtest4_pkey on sbtest4  (cost=0.43..400.93 rows=102 width=125)
	  Index Cond: ((id >= 4892818) AND (id <= 4892918))

table 5 : explain SELECT id, c FROM sbtest5 WHERE id BETWEEN 4892818 AND 4892918
	Index Scan using sbtest5_pkey on sbtest5  (cost=0.43..372.28 rows=94 width=125)
	  Index Cond: ((id >= 4892818) AND (id <= 4892918))

table 6 : explain SELECT id, c FROM sbtest6 WHERE id BETWEEN 4892818 AND 4892918
	Index Scan using sbtest6_pkey on sbtest6  (cost=0.43..391.47 rows=99 width=125)
	  Index Cond: ((id >= 4892818) AND (id <= 4892918))

table 7 : explain SELECT id, c FROM sbtest7 WHERE id BETWEEN 4892818 AND 4892918
	Index Scan using sbtest7_pkey on sbtest7  (cost=0.43..413.92 rows=105 width=125)
	  Index Cond: ((id >= 4892818) AND (id <= 4892918))

table 8 : explain SELECT id, c FROM sbtest8 WHERE id BETWEEN 4892818 AND 4892918
	Index Scan using sbtest8_pkey on sbtest8  (cost=0.43..402.70 rows=102 width=125)
	  Index Cond: ((id >= 4892818) AND (id <= 4892918))

for range-notcovered
table 1 : explain SELECT id, c FROM sbtest1 WHERE id BETWEEN 4692302 AND 4692402
	Index Scan using sbtest1_pkey on sbtest1  (cost=0.43..372.94 rows=94 width=125)
	  Index Cond: ((id >= 4692302) AND (id <= 4692402))

table 2 : explain SELECT id, c FROM sbtest2 WHERE id BETWEEN 4692302 AND 4692402
	Index Scan using sbtest2_pkey on sbtest2  (cost=0.43..412.26 rows=104 width=125)
	  Index Cond: ((id >= 4692302) AND (id <= 4692402))

table 3 : explain SELECT id, c FROM sbtest3 WHERE id BETWEEN 4692302 AND 4692402
	Index Scan using sbtest3_pkey on sbtest3  (cost=0.43..414.73 rows=105 width=125)
	  Index Cond: ((id >= 4692302) AND (id <= 4692402))

table 4 : explain SELECT id, c FROM sbtest4 WHERE id BETWEEN 4692302 AND 4692402
	Index Scan using sbtest4_pkey on sbtest4  (cost=0.43..400.93 rows=102 width=125)
	  Index Cond: ((id >= 4692302) AND (id <= 4692402))

table 5 : explain SELECT id, c FROM sbtest5 WHERE id BETWEEN 4692302 AND 4692402
	Index Scan using sbtest5_pkey on sbtest5  (cost=0.43..380.10 rows=96 width=125)
	  Index Cond: ((id >= 4692302) AND (id <= 4692402))

table 6 : explain SELECT id, c FROM sbtest6 WHERE id BETWEEN 4692302 AND 4692402
	Index Scan using sbtest6_pkey on sbtest6  (cost=0.43..375.84 rows=95 width=125)
	  Index Cond: ((id >= 4692302) AND (id <= 4692402))

table 7 : explain SELECT id, c FROM sbtest7 WHERE id BETWEEN 4692302 AND 4692402
	Index Scan using sbtest7_pkey on sbtest7  (cost=0.43..410.02 rows=104 width=125)
	  Index Cond: ((id >= 4692302) AND (id <= 4692402))

table 8 : explain SELECT id, c FROM sbtest8 WHERE id BETWEEN 4692302 AND 4692402
	Index Scan using sbtest8_pkey on sbtest8  (cost=0.43..430.02 rows=109 width=125)
	  Index Cond: ((id >= 4692302) AND (id <= 4692402))

explain: for range-notcovered :: explain SELECT id, c FROM sbtest%d WHERE id BETWEEN 4692302 AND 4692402
for range-notcovered
table 1 : explain SELECT id, c FROM sbtest1 WHERE id BETWEEN 2731072 AND 2731172
	Index Scan using sbtest1_pkey on sbtest1  (cost=0.43..380.78 rows=96 width=125)
	  Index Cond: ((id >= 2731072) AND (id <= 2731172))

table 2 : explain SELECT id, c FROM sbtest2 WHERE id BETWEEN 2731072 AND 2731172
	Index Scan using sbtest2_pkey on sbtest2  (cost=0.43..431.86 rows=109 width=125)
	  Index Cond: ((id >= 2731072) AND (id <= 2731172))

table 3 : explain SELECT id, c FROM sbtest3 WHERE id BETWEEN 2731072 AND 2731172
	Index Scan using sbtest3_pkey on sbtest3  (cost=0.43..434.26 rows=110 width=125)
	  Index Cond: ((id >= 2731072) AND (id <= 2731172))

table 4 : explain SELECT id, c FROM sbtest4 WHERE id BETWEEN 2731072 AND 2731172
	Index Scan using sbtest4_pkey on sbtest4  (cost=0.43..338.74 rows=86 width=125)
	  Index Cond: ((id >= 2731072) AND (id <= 2731172))

table 5 : explain SELECT id, c FROM sbtest5 WHERE id BETWEEN 2731072 AND 2731172
	Index Scan using sbtest5_pkey on sbtest5  (cost=0.43..352.69 rows=89 width=125)
	  Index Cond: ((id >= 2731072) AND (id <= 2731172))

table 6 : explain SELECT id, c FROM sbtest6 WHERE id BETWEEN 2731072 AND 2731172
	Index Scan using sbtest6_pkey on sbtest6  (cost=0.43..407.10 rows=103 width=125)
	  Index Cond: ((id >= 2731072) AND (id <= 2731172))

table 7 : explain SELECT id, c FROM sbtest7 WHERE id BETWEEN 2731072 AND 2731172
	Index Scan using sbtest7_pkey on sbtest7  (cost=0.43..386.63 rows=98 width=125)
	  Index Cond: ((id >= 2731072) AND (id <= 2731172))

table 8 : explain SELECT id, c FROM sbtest8 WHERE id BETWEEN 2731072 AND 2731172
	Index Scan using sbtest8_pkey on sbtest8  (cost=0.43..461.24 rows=117 width=125)
	  Index Cond: ((id >= 2731072) AND (id <= 2731172))

explain: for range-notcovered :: explain SELECT id, c FROM sbtest%d WHERE id BETWEEN 2731072 AND 2731172
for range-notcovered
table 1 : explain SELECT id, c FROM sbtest1 WHERE id BETWEEN 4692302 AND 4692402
	Index Scan using sbtest1_pkey on sbtest1  (cost=0.43..372.94 rows=94 width=125)
	  Index Cond: ((id >= 4692302) AND (id <= 4692402))

table 2 : explain SELECT id, c FROM sbtest2 WHERE id BETWEEN 4692302 AND 4692402
	Index Scan using sbtest2_pkey on sbtest2  (cost=0.43..412.26 rows=104 width=125)
	  Index Cond: ((id >= 4692302) AND (id <= 4692402))

table 3 : explain SELECT id, c FROM sbtest3 WHERE id BETWEEN 4692302 AND 4692402
	Index Scan using sbtest3_pkey on sbtest3  (cost=0.43..414.73 rows=105 width=125)
	  Index Cond: ((id >= 4692302) AND (id <= 4692402))

table 4 : explain SELECT id, c FROM sbtest4 WHERE id BETWEEN 4692302 AND 4692402
	Index Scan using sbtest4_pkey on sbtest4  (cost=0.43..400.93 rows=102 width=125)
	  Index Cond: ((id >= 4692302) AND (id <= 4692402))

table 5 : explain SELECT id, c FROM sbtest5 WHERE id BETWEEN 4692302 AND 4692402
	Index Scan using sbtest5_pkey on sbtest5  (cost=0.43..380.10 rows=96 width=125)
	  Index Cond: ((id >= 4692302) AND (id <= 4692402))

table 6 : explain SELECT id, c FROM sbtest6 WHERE id BETWEEN 4692302 AND 4692402
	Index Scan using sbtest6_pkey on sbtest6  (cost=0.43..375.84 rows=95 width=125)
	  Index Cond: ((id >= 4692302) AND (id <= 4692402))

table 7 : explain SELECT id, c FROM sbtest7 WHERE id BETWEEN 4692302 AND 4692402
	Index Scan using sbtest7_pkey on sbtest7  (cost=0.43..410.02 rows=104 width=125)
	  Index Cond: ((id >= 4692302) AND (id <= 4692402))

table 8 : explain SELECT id, c FROM sbtest8 WHERE id BETWEEN 4692302 AND 4692402
	Index Scan using sbtest8_pkey on sbtest8  (cost=0.43..430.02 rows=109 width=125)
	  Index Cond: ((id >= 4692302) AND (id <= 4692402))

explain: for range-notcovered :: explain SELECT id, c FROM sbtest%d WHERE id BETWEEN 4692302 AND 4692402
for range-notcovered
table 1 : explain SELECT id, c FROM sbtest1 WHERE id BETWEEN 2731072 AND 2731172
	Index Scan using sbtest1_pkey on sbtest1  (cost=0.43..380.78 rows=96 width=125)
	  Index Cond: ((id >= 2731072) AND (id <= 2731172))

table 2 : explain SELECT id, c FROM sbtest2 WHERE id BETWEEN 2731072 AND 2731172
	Index Scan using sbtest2_pkey on sbtest2  (cost=0.43..431.86 rows=109 width=125)
	  Index Cond: ((id >= 2731072) AND (id <= 2731172))

table 3 : explain SELECT id, c FROM sbtest3 WHERE id BETWEEN 2731072 AND 2731172
	Index Scan using sbtest3_pkey on sbtest3  (cost=0.43..434.26 rows=110 width=125)
	  Index Cond: ((id >= 2731072) AND (id <= 2731172))

table 4 : explain SELECT id, c FROM sbtest4 WHERE id BETWEEN 2731072 AND 2731172
	Index Scan using sbtest4_pkey on sbtest4  (cost=0.43..338.74 rows=86 width=125)
	  Index Cond: ((id >= 2731072) AND (id <= 2731172))

table 5 : explain SELECT id, c FROM sbtest5 WHERE id BETWEEN 2731072 AND 2731172
	Index Scan using sbtest5_pkey on sbtest5  (cost=0.43..352.69 rows=89 width=125)
	  Index Cond: ((id >= 2731072) AND (id <= 2731172))

table 6 : explain SELECT id, c FROM sbtest6 WHERE id BETWEEN 2731072 AND 2731172
	Index Scan using sbtest6_pkey on sbtest6  (cost=0.43..407.10 rows=103 width=125)
	  Index Cond: ((id >= 2731072) AND (id <= 2731172))

table 7 : explain SELECT id, c FROM sbtest7 WHERE id BETWEEN 2731072 AND 2731172
	Index Scan using sbtest7_pkey on sbtest7  (cost=0.43..386.63 rows=98 width=125)
	  Index Cond: ((id >= 2731072) AND (id <= 2731172))

table 8 : explain SELECT id, c FROM sbtest8 WHERE id BETWEEN 2731072 AND 2731172
	Index Scan using sbtest8_pkey on sbtest8  (cost=0.43..461.24 rows=117 width=125)
	  Index Cond: ((id >= 2731072) AND (id <= 2731172))

explain: for range-notcovered :: explain SELECT id, c FROM sbtest%d WHERE id BETWEEN 2731072 AND 2731172
for range-notcovered
table 1 : explain SELECT id, c FROM sbtest1 WHERE id BETWEEN 4692302 AND 4692402
	Index Scan using sbtest1_pkey on sbtest1  (cost=0.43..372.94 rows=94 width=125)
	  Index Cond: ((id >= 4692302) AND (id <= 4692402))

table 2 : explain SELECT id, c FROM sbtest2 WHERE id BETWEEN 4692302 AND 4692402
	Index Scan using sbtest2_pkey on sbtest2  (cost=0.43..412.26 rows=104 width=125)
	  Index Cond: ((id >= 4692302) AND (id <= 4692402))

table 3 : explain SELECT id, c FROM sbtest3 WHERE id BETWEEN 4692302 AND 4692402
	Index Scan using sbtest3_pkey on sbtest3  (cost=0.43..414.73 rows=105 width=125)
	  Index Cond: ((id >= 4692302) AND (id <= 4692402))

table 4 : explain SELECT id, c FROM sbtest4 WHERE id BETWEEN 4692302 AND 4692402
	Index Scan using sbtest4_pkey on sbtest4  (cost=0.43..400.93 rows=102 width=125)
	  Index Cond: ((id >= 4692302) AND (id <= 4692402))

table 5 : explain SELECT id, c FROM sbtest5 WHERE id BETWEEN 4692302 AND 4692402
	Index Scan using sbtest5_pkey on sbtest5  (cost=0.43..380.10 rows=96 width=125)
	  Index Cond: ((id >= 4692302) AND (id <= 4692402))

table 6 : explain SELECT id, c FROM sbtest6 WHERE id BETWEEN 4692302 AND 4692402
	Index Scan using sbtest6_pkey on sbtest6  (cost=0.43..375.84 rows=95 width=125)
	  Index Cond: ((id >= 4692302) AND (id <= 4692402))

table 7 : explain SELECT id, c FROM sbtest7 WHERE id BETWEEN 4692302 AND 4692402
	Index Scan using sbtest7_pkey on sbtest7  (cost=0.43..410.02 rows=104 width=125)
	  Index Cond: ((id >= 4692302) AND (id <= 4692402))

table 8 : explain SELECT id, c FROM sbtest8 WHERE id BETWEEN 4692302 AND 4692402
	Index Scan using sbtest8_pkey on sbtest8  (cost=0.43..430.02 rows=109 width=125)
	  Index Cond: ((id >= 4692302) AND (id <= 4692402))

explain: for range-notcovered :: explain SELECT id, c FROM sbtest%d WHERE id BETWEEN 4692302 AND 4692402
for range-notcovered
table 1 : explain SELECT id, c FROM sbtest1 WHERE id BETWEEN 2731072 AND 2731172
	Index Scan using sbtest1_pkey on sbtest1  (cost=0.43..380.78 rows=96 width=125)
	  Index Cond: ((id >= 2731072) AND (id <= 2731172))

table 2 : explain SELECT id, c FROM sbtest2 WHERE id BETWEEN 2731072 AND 2731172
	Index Scan using sbtest2_pkey on sbtest2  (cost=0.43..431.86 rows=109 width=125)
	  Index Cond: ((id >= 2731072) AND (id <= 2731172))

table 3 : explain SELECT id, c FROM sbtest3 WHERE id BETWEEN 2731072 AND 2731172
	Index Scan using sbtest3_pkey on sbtest3  (cost=0.43..434.26 rows=110 width=125)
	  Index Cond: ((id >= 2731072) AND (id <= 2731172))

table 4 : explain SELECT id, c FROM sbtest4 WHERE id BETWEEN 2731072 AND 2731172
	Index Scan using sbtest4_pkey on sbtest4  (cost=0.43..338.74 rows=86 width=125)
	  Index Cond: ((id >= 2731072) AND (id <= 2731172))

table 5 : explain SELECT id, c FROM sbtest5 WHERE id BETWEEN 2731072 AND 2731172
	Index Scan using sbtest5_pkey on sbtest5  (cost=0.43..352.69 rows=89 width=125)
	  Index Cond: ((id >= 2731072) AND (id <= 2731172))

table 6 : explain SELECT id, c FROM sbtest6 WHERE id BETWEEN 2731072 AND 2731172
	Index Scan using sbtest6_pkey on sbtest6  (cost=0.43..407.10 rows=103 width=125)
	  Index Cond: ((id >= 2731072) AND (id <= 2731172))

table 7 : explain SELECT id, c FROM sbtest7 WHERE id BETWEEN 2731072 AND 2731172
	Index Scan using sbtest7_pkey on sbtest7  (cost=0.43..386.63 rows=98 width=125)
	  Index Cond: ((id >= 2731072) AND (id <= 2731172))

table 8 : explain SELECT id, c FROM sbtest8 WHERE id BETWEEN 2731072 AND 2731172
	Index Scan using sbtest8_pkey on sbtest8  (cost=0.43..461.24 rows=117 width=125)
	  Index Cond: ((id >= 2731072) AND (id <= 2731172))

explain: for range-notcovered :: explain SELECT id, c FROM sbtest%d WHERE id BETWEEN 2731072 AND 2731172
for range-notcovered
table 1 : explain SELECT id, c FROM sbtest1 WHERE id BETWEEN 4692302 AND 4692402
	Index Scan using sbtest1_pkey on sbtest1  (cost=0.43..372.94 rows=94 width=125)
	  Index Cond: ((id >= 4692302) AND (id <= 4692402))

table 2 : explain SELECT id, c FROM sbtest2 WHERE id BETWEEN 4692302 AND 4692402
	Index Scan using sbtest2_pkey on sbtest2  (cost=0.43..412.26 rows=104 width=125)
	  Index Cond: ((id >= 4692302) AND (id <= 4692402))

table 3 : explain SELECT id, c FROM sbtest3 WHERE id BETWEEN 4692302 AND 4692402
	Index Scan using sbtest3_pkey on sbtest3  (cost=0.43..414.73 rows=105 width=125)
	  Index Cond: ((id >= 4692302) AND (id <= 4692402))

table 4 : explain SELECT id, c FROM sbtest4 WHERE id BETWEEN 4692302 AND 4692402
	Index Scan using sbtest4_pkey on sbtest4  (cost=0.43..400.93 rows=102 width=125)
	  Index Cond: ((id >= 4692302) AND (id <= 4692402))

table 5 : explain SELECT id, c FROM sbtest5 WHERE id BETWEEN 4692302 AND 4692402
	Index Scan using sbtest5_pkey on sbtest5  (cost=0.43..380.10 rows=96 width=125)
	  Index Cond: ((id >= 4692302) AND (id <= 4692402))

table 6 : explain SELECT id, c FROM sbtest6 WHERE id BETWEEN 4692302 AND 4692402
	Index Scan using sbtest6_pkey on sbtest6  (cost=0.43..375.84 rows=95 width=125)
	  Index Cond: ((id >= 4692302) AND (id <= 4692402))

table 7 : explain SELECT id, c FROM sbtest7 WHERE id BETWEEN 4692302 AND 4692402
	Index Scan using sbtest7_pkey on sbtest7  (cost=0.43..410.02 rows=104 width=125)
	  Index Cond: ((id >= 4692302) AND (id <= 4692402))

table 8 : explain SELECT id, c FROM sbtest8 WHERE id BETWEEN 4692302 AND 4692402
	Index Scan using sbtest8_pkey on sbtest8  (cost=0.43..430.02 rows=109 width=125)
	  Index Cond: ((id >= 4692302) AND (id <= 4692402))

explain: for range-notcovered :: explain SELECT id, c FROM sbtest%d WHERE id BETWEEN 4692302 AND 4692402
for range-notcovered
table 1 : explain SELECT id, c FROM sbtest1 WHERE id BETWEEN 2731072 AND 2731172
	Index Scan using sbtest1_pkey on sbtest1  (cost=0.43..380.78 rows=96 width=125)
	  Index Cond: ((id >= 2731072) AND (id <= 2731172))

table 2 : explain SELECT id, c FROM sbtest2 WHERE id BETWEEN 2731072 AND 2731172
	Index Scan using sbtest2_pkey on sbtest2  (cost=0.43..431.86 rows=109 width=125)
	  Index Cond: ((id >= 2731072) AND (id <= 2731172))

table 3 : explain SELECT id, c FROM sbtest3 WHERE id BETWEEN 2731072 AND 2731172
	Index Scan using sbtest3_pkey on sbtest3  (cost=0.43..434.26 rows=110 width=125)
	  Index Cond: ((id >= 2731072) AND (id <= 2731172))

table 4 : explain SELECT id, c FROM sbtest4 WHERE id BETWEEN 2731072 AND 2731172
	Index Scan using sbtest4_pkey on sbtest4  (cost=0.43..338.74 rows=86 width=125)
	  Index Cond: ((id >= 2731072) AND (id <= 2731172))

table 5 : explain SELECT id, c FROM sbtest5 WHERE id BETWEEN 2731072 AND 2731172
	Index Scan using sbtest5_pkey on sbtest5  (cost=0.43..352.69 rows=89 width=125)
	  Index Cond: ((id >= 2731072) AND (id <= 2731172))

table 6 : explain SELECT id, c FROM sbtest6 WHERE id BETWEEN 2731072 AND 2731172
	Index Scan using sbtest6_pkey on sbtest6  (cost=0.43..407.10 rows=103 width=125)
	  Index Cond: ((id >= 2731072) AND (id <= 2731172))

table 7 : explain SELECT id, c FROM sbtest7 WHERE id BETWEEN 2731072 AND 2731172
	Index Scan using sbtest7_pkey on sbtest7  (cost=0.43..386.63 rows=98 width=125)
	  Index Cond: ((id >= 2731072) AND (id <= 2731172))

table 8 : explain SELECT id, c FROM sbtest8 WHERE id BETWEEN 2731072 AND 2731172
	Index Scan using sbtest8_pkey on sbtest8  (cost=0.43..461.24 rows=117 width=125)
	  Index Cond: ((id >= 2731072) AND (id <= 2731172))

for range-notcovered
table 1 : explain SELECT id, c FROM sbtest1 WHERE id BETWEEN 4692302 AND 4692402
	Index Scan using sbtest1_pkey on sbtest1  (cost=0.43..372.94 rows=94 width=125)
	  Index Cond: ((id >= 4692302) AND (id <= 4692402))

table 2 : explain SELECT id, c FROM sbtest2 WHERE id BETWEEN 4692302 AND 4692402
	Index Scan using sbtest2_pkey on sbtest2  (cost=0.43..412.26 rows=104 width=125)
	  Index Cond: ((id >= 4692302) AND (id <= 4692402))

table 3 : explain SELECT id, c FROM sbtest3 WHERE id BETWEEN 4692302 AND 4692402
	Index Scan using sbtest3_pkey on sbtest3  (cost=0.43..414.73 rows=105 width=125)
	  Index Cond: ((id >= 4692302) AND (id <= 4692402))

table 4 : explain SELECT id, c FROM sbtest4 WHERE id BETWEEN 4692302 AND 4692402
	Index Scan using sbtest4_pkey on sbtest4  (cost=0.43..400.93 rows=102 width=125)
	  Index Cond: ((id >= 4692302) AND (id <= 4692402))

table 5 : explain SELECT id, c FROM sbtest5 WHERE id BETWEEN 4692302 AND 4692402
	Index Scan using sbtest5_pkey on sbtest5  (cost=0.43..380.10 rows=96 width=125)
	  Index Cond: ((id >= 4692302) AND (id <= 4692402))

table 6 : explain SELECT id, c FROM sbtest6 WHERE id BETWEEN 4692302 AND 4692402
	Index Scan using sbtest6_pkey on sbtest6  (cost=0.43..375.84 rows=95 width=125)
	  Index Cond: ((id >= 4692302) AND (id <= 4692402))

table 7 : explain SELECT id, c FROM sbtest7 WHERE id BETWEEN 4692302 AND 4692402
	Index Scan using sbtest7_pkey on sbtest7  (cost=0.43..410.02 rows=104 width=125)
	  Index Cond: ((id >= 4692302) AND (id <= 4692402))

table 8 : explain SELECT id, c FROM sbtest8 WHERE id BETWEEN 4692302 AND 4692402
	Index Scan using sbtest8_pkey on sbtest8  (cost=0.43..430.02 rows=109 width=125)
	  Index Cond: ((id >= 4692302) AND (id <= 4692402))

explain: for range-notcovered :: explain SELECT id, c FROM sbtest%d WHERE id BETWEEN 4692302 AND 4692402
for range-notcovered
table 1 : explain SELECT id, c FROM sbtest1 WHERE id BETWEEN 4692302 AND 4692402
	Index Scan using sbtest1_pkey on sbtest1  (cost=0.43..372.94 rows=94 width=125)
	  Index Cond: ((id >= 4692302) AND (id <= 4692402))

table 2 : explain SELECT id, c FROM sbtest2 WHERE id BETWEEN 4692302 AND 4692402
	Index Scan using sbtest2_pkey on sbtest2  (cost=0.43..412.26 rows=104 width=125)
	  Index Cond: ((id >= 4692302) AND (id <= 4692402))

table 3 : explain SELECT id, c FROM sbtest3 WHERE id BETWEEN 4692302 AND 4692402
	Index Scan using sbtest3_pkey on sbtest3  (cost=0.43..414.73 rows=105 width=125)
	  Index Cond: ((id >= 4692302) AND (id <= 4692402))

table 4 : explain SELECT id, c FROM sbtest4 WHERE id BETWEEN 4692302 AND 4692402
	Index Scan using sbtest4_pkey on sbtest4  (cost=0.43..400.93 rows=102 width=125)
	  Index Cond: ((id >= 4692302) AND (id <= 4692402))

table 5 : explain SELECT id, c FROM sbtest5 WHERE id BETWEEN 4692302 AND 4692402
	Index Scan using sbtest5_pkey on sbtest5  (cost=0.43..380.10 rows=96 width=125)
	  Index Cond: ((id >= 4692302) AND (id <= 4692402))

table 6 : explain SELECT id, c FROM sbtest6 WHERE id BETWEEN 4692302 AND 4692402
	Index Scan using sbtest6_pkey on sbtest6  (cost=0.43..375.84 rows=95 width=125)
	  Index Cond: ((id >= 4692302) AND (id <= 4692402))

table 7 : explain SELECT id, c FROM sbtest7 WHERE id BETWEEN 4692302 AND 4692402
	Index Scan using sbtest7_pkey on sbtest7  (cost=0.43..410.02 rows=104 width=125)
	  Index Cond: ((id >= 4692302) AND (id <= 4692402))

table 8 : explain SELECT id, c FROM sbtest8 WHERE id BETWEEN 4692302 AND 4692402
	Index Scan using sbtest8_pkey on sbtest8  (cost=0.43..430.02 rows=109 width=125)
	  Index Cond: ((id >= 4692302) AND (id <= 4692402))

explain: for range-notcovered :: explain SELECT id, c FROM sbtest%d WHERE id BETWEEN 4692302 AND 4692402
for range-notcovered
table 1 : explain SELECT id, c FROM sbtest1 WHERE id BETWEEN 4692302 AND 4692402
	Index Scan using sbtest1_pkey on sbtest1  (cost=0.43..372.94 rows=94 width=125)
	  Index Cond: ((id >= 4692302) AND (id <= 4692402))

table 2 : explain SELECT id, c FROM sbtest2 WHERE id BETWEEN 4692302 AND 4692402
	Index Scan using sbtest2_pkey on sbtest2  (cost=0.43..412.26 rows=104 width=125)
	  Index Cond: ((id >= 4692302) AND (id <= 4692402))

table 3 : explain SELECT id, c FROM sbtest3 WHERE id BETWEEN 4692302 AND 4692402
	Index Scan using sbtest3_pkey on sbtest3  (cost=0.43..414.73 rows=105 width=125)
	  Index Cond: ((id >= 4692302) AND (id <= 4692402))

table 4 : explain SELECT id, c FROM sbtest4 WHERE id BETWEEN 4692302 AND 4692402
	Index Scan using sbtest4_pkey on sbtest4  (cost=0.43..400.93 rows=102 width=125)
	  Index Cond: ((id >= 4692302) AND (id <= 4692402))

table 5 : explain SELECT id, c FROM sbtest5 WHERE id BETWEEN 4692302 AND 4692402
	Index Scan using sbtest5_pkey on sbtest5  (cost=0.43..380.10 rows=96 width=125)
	  Index Cond: ((id >= 4692302) AND (id <= 4692402))

table 6 : explain SELECT id, c FROM sbtest6 WHERE id BETWEEN 4692302 AND 4692402
	Index Scan using sbtest6_pkey on sbtest6  (cost=0.43..375.84 rows=95 width=125)
	  Index Cond: ((id >= 4692302) AND (id <= 4692402))

table 7 : explain SELECT id, c FROM sbtest7 WHERE id BETWEEN 4692302 AND 4692402
	Index Scan using sbtest7_pkey on sbtest7  (cost=0.43..410.02 rows=104 width=125)
	  Index Cond: ((id >= 4692302) AND (id <= 4692402))

table 8 : explain SELECT id, c FROM sbtest8 WHERE id BETWEEN 4692302 AND 4692402
	Index Scan using sbtest8_pkey on sbtest8  (cost=0.43..430.02 rows=109 width=125)
	  Index Cond: ((id >= 4692302) AND (id <= 4692402))

Threads started!

Warming up for 5 seconds...

SQL statistics:
    queries performed:
        read:                            117684256
        write:                           0
        other:                           0
        total:                           117684256
    transactions:                        117684256 (186798.39 per sec.)
    queries:                             117684256 (186798.39 per sec.)
    ignored errors:                      0      (0.00 per sec.)
    reconnects:                          0      (0.00 per sec.)

Throughput:
    events/s (eps):                      186798.3861
    time elapsed:                        630.0069s
    total number of events:              117684256

Latency (ms):
         min:                                    0.07
         avg:                                    0.21
         max:                                   24.21
         95th percentile:                        0.23
         sum:                             25155040.72

Threads fairness:
    events (avg/stddev):           2942103.0750/13807.94
    execution time (avg/stddev):   628.8760/0.04

