LUA_PATH=/home/mdcallag/git/mytools/bench/sysbench.lua/lua/?.lua /home/mdcallag/git/mytools/bench/sysbench.lua/lua/sysbench --db-driver=pgsql --range-size=100 --table-size=10000000 --tables=8 --threads=40 --events=0 --warmup-time=5 --time=630 --pgsql_conn_id=true /home/mdcallag/git/mytools/bench/sysbench.lua/lua/oltp_point_select.lua run --pgsql-user=root --pgsql-password=pw --pgsql-host=127.0.0.1 --pgsql-db=ib --rand-type=uniform --skip-trx
48 CPUs
sysbench 1.1.0-9072687 (using bundled LuaJIT 2.1.0-beta3)

Running the test with following options:
Number of threads: 40
Warmup time: 5s
Initializing random number generator from current time


Initializing worker threads...

explain: for point_selects :: explain SELECT c FROM sbtest%u WHERE id=%u
explain: for point_selects :: explain SELECT c FROM sbtest%u WHERE id=%u
explain: for point_selects :: explain SELECT c FROM sbtest%u WHERE id=%u
explain: for point_selects :: explain SELECT c FROM sbtest%u WHERE id=%u
explain: for point_selects :: explain SELECT c FROM sbtest%u WHERE id=%u
explain: for point_selects :: explain SELECT c FROM sbtest%u WHERE id=%u
explain: for point_selects :: explain SELECT c FROM sbtest%u WHERE id=%u
explain: for point_selects :: explain SELECT c FROM sbtest%u WHERE id=%u
explain: for point_selects :: explain SELECT c FROM sbtest%u WHERE id=%u
explain: for point_selects :: explain SELECT c FROM sbtest%u WHERE id=%u
explain: for point_selects :: explain SELECT c FROM sbtest%u WHERE id=%u
explain: for point_selects :: explain SELECT c FROM sbtest%u WHERE id=%u
explain: for point_selects :: explain SELECT c FROM sbtest%u WHERE id=%u
explain: for point_selects :: explain SELECT c FROM sbtest%u WHERE id=%u
explain: for point_selects :: explain SELECT c FROM sbtest%u WHERE id=%u
explain: for point_selects :: explain SELECT c FROM sbtest%u WHERE id=%u
explain: for point_selects :: explain SELECT c FROM sbtest%u WHERE id=%u
explain: for point_selects :: explain SELECT c FROM sbtest%u WHERE id=%u
explain: for point_selects :: explain SELECT c FROM sbtest%u WHERE id=%u
explain: for point_selects :: explain SELECT c FROM sbtest%u WHERE id=%u
explain: for point_selects :: explain SELECT c FROM sbtest%u WHERE id=%u
explain: for point_selects :: explain SELECT c FROM sbtest%u WHERE id=%u
explain: for point_selects :: explain SELECT c FROM sbtest%u WHERE id=%u
explain: for point_selects :: explain SELECT c FROM sbtest%u WHERE id=%u
explain: for point_selects :: explain SELECT c FROM sbtest%u WHERE id=%u
explain: for point_selects :: explain SELECT c FROM sbtest%u WHERE id=%u
explain: for point_selects :: explain SELECT c FROM sbtest%u WHERE id=%u
explain: for point_selects :: explain SELECT c FROM sbtest%u WHERE id=%u
explain: for point_selects :: explain SELECT c FROM sbtest%u WHERE id=%u
explain: for point_selects :: explain SELECT c FROM sbtest%u WHERE id=%u
explain: for point_selects :: explain SELECT c FROM sbtest%u WHERE id=%u
explain: for point_selects :: explain SELECT c FROM sbtest%u WHERE id=%u
for point_selects
table 1 : explain SELECT c FROM sbtest1 WHERE id=3371669
	Index Scan using sbtest1_pkey on sbtest1  (cost=0.43..8.45 rows=1 width=121)
	  Index Cond: (id = 3371669)

table 2 : explain SELECT c FROM sbtest2 WHERE id=849590
	Index Scan using sbtest2_pkey on sbtest2  (cost=0.43..8.45 rows=1 width=121)
	  Index Cond: (id = 849590)

table 3 : explain SELECT c FROM sbtest3 WHERE id=3902153
	Index Scan using sbtest3_pkey on sbtest3  (cost=0.43..8.45 rows=1 width=121)
	  Index Cond: (id = 3902153)

table 4 : explain SELECT c FROM sbtest4 WHERE id=5896658
	Index Scan using sbtest4_pkey on sbtest4  (cost=0.43..8.45 rows=1 width=121)
	  Index Cond: (id = 5896658)

table 5 : explain SELECT c FROM sbtest5 WHERE id=9168387
	Index Scan using sbtest5_pkey on sbtest5  (cost=0.43..8.45 rows=1 width=121)
	  Index Cond: (id = 9168387)

table 6 : explain SELECT c FROM sbtest6 WHERE id=7420612
	Index Scan using sbtest6_pkey on sbtest6  (cost=0.43..8.45 rows=1 width=121)
	  Index Cond: (id = 7420612)

table 7 : explain SELECT c FROM sbtest7 WHERE id=4690607
	Index Scan using sbtest7_pkey on sbtest7  (cost=0.43..8.45 rows=1 width=121)
	  Index Cond: (id = 4690607)

table 8 : explain SELECT c FROM sbtest8 WHERE id=4246350
	Index Scan using sbtest8_pkey on sbtest8  (cost=0.43..8.45 rows=1 width=121)
	  Index Cond: (id = 4246350)

for point_selects
table 1 : explain SELECT c FROM sbtest1 WHERE id=6442836
	Index Scan using sbtest1_pkey on sbtest1  (cost=0.43..8.45 rows=1 width=121)
	  Index Cond: (id = 6442836)

table 2 : explain SELECT c FROM sbtest2 WHERE id=357072
	Index Scan using sbtest2_pkey on sbtest2  (cost=0.43..8.45 rows=1 width=121)
	  Index Cond: (id = 357072)

table 3 : explain SELECT c FROM sbtest3 WHERE id=215934
	Index Scan using sbtest3_pkey on sbtest3  (cost=0.43..8.45 rows=1 width=121)
	  Index Cond: (id = 215934)

table 4 : explain SELECT c FROM sbtest4 WHERE id=8083957
	Index Scan using sbtest4_pkey on sbtest4  (cost=0.43..8.45 rows=1 width=121)
	  Index Cond: (id = 8083957)

table 5 : explain SELECT c FROM sbtest5 WHERE id=1322762
	Index Scan using sbtest5_pkey on sbtest5  (cost=0.43..8.45 rows=1 width=121)
	  Index Cond: (id = 1322762)

table 6 : explain SELECT c FROM sbtest6 WHERE id=8522145
	Index Scan using sbtest6_pkey on sbtest6  (cost=0.43..8.45 rows=1 width=121)
	  Index Cond: (id = 8522145)

table 7 : explain SELECT c FROM sbtest7 WHERE id=2718850
	Index Scan using sbtest7_pkey on sbtest7  (cost=0.43..8.45 rows=1 width=121)
	  Index Cond: (id = 2718850)

table 8 : explain SELECT c FROM sbtest8 WHERE id=607006
	Index Scan using sbtest8_pkey on sbtest8  (cost=0.43..8.45 rows=1 width=121)
	  Index Cond: (id = 607006)

explain: for point_selects :: explain SELECT c FROM sbtest%u WHERE id=%u
explain: for point_selects :: explain SELECT c FROM sbtest%u WHERE id=%u
explain: for point_selects :: explain SELECT c FROM sbtest%u WHERE id=%u
explain: for point_selects :: explain SELECT c FROM sbtest%u WHERE id=%u
explain: for point_selects :: explain SELECT c FROM sbtest%u WHERE id=%u
explain: for point_selects :: explain SELECT c FROM sbtest%u WHERE id=%u
for point_selects
table 1 : explain SELECT c FROM sbtest1 WHERE id=1584502
	Index Scan using sbtest1_pkey on sbtest1  (cost=0.43..8.45 rows=1 width=121)
	  Index Cond: (id = 1584502)

table 2 : explain SELECT c FROM sbtest2 WHERE id=4703733
	Index Scan using sbtest2_pkey on sbtest2  (cost=0.43..8.45 rows=1 width=121)
	  Index Cond: (id = 4703733)

table 3 : explain SELECT c FROM sbtest3 WHERE id=7379777
	Index Scan using sbtest3_pkey on sbtest3  (cost=0.43..8.45 rows=1 width=121)
	  Index Cond: (id = 7379777)

table 4 : explain SELECT c FROM sbtest4 WHERE id=4893786
	Index Scan using sbtest4_pkey on sbtest4  (cost=0.43..8.45 rows=1 width=121)
	  Index Cond: (id = 4893786)

table 5 : explain SELECT c FROM sbtest5 WHERE id=2687136
	Index Scan using sbtest5_pkey on sbtest5  (cost=0.43..8.45 rows=1 width=121)
	  Index Cond: (id = 2687136)

table 6 : explain SELECT c FROM sbtest6 WHERE id=1649100
	Index Scan using sbtest6_pkey on sbtest6  (cost=0.43..8.45 rows=1 width=121)
	  Index Cond: (id = 1649100)

table 7 : explain SELECT c FROM sbtest7 WHERE id=133756
	Index Scan using sbtest7_pkey on sbtest7  (cost=0.43..8.45 rows=1 width=121)
	  Index Cond: (id = 133756)

table 8 : explain SELECT c FROM sbtest8 WHERE id=9681421
	Index Scan using sbtest8_pkey on sbtest8  (cost=0.43..8.45 rows=1 width=121)
	  Index Cond: (id = 9681421)
for point_selects
table 1 : explain SELECT c FROM sbtest1 WHERE id=1535489
	Index Scan using sbtest1_pkey on sbtest1  (cost=0.43..8.45 rows=1 width=121)
	  Index Cond: (id = 1535489)

table 2 : explain SELECT c FROM sbtest2 WHERE id=9863215
	Index Scan using sbtest2_pkey on sbtest2  (cost=0.43..8.45 rows=1 width=121)
	  Index Cond: (id = 9863215)

table 3 : explain SELECT c FROM sbtest3 WHERE id=4111566
	Index Scan using sbtest3_pkey on sbtest3  (cost=0.43..8.45 rows=1 width=121)
	  Index Cond: (id = 4111566)

table 4 : explain SELECT c FROM sbtest4 WHERE id=3409781
	Index Scan using sbtest4_pkey on sbtest4  (cost=0.43..8.45 rows=1 width=121)
	  Index Cond: (id = 3409781)

table 5 : explain SELECT c FROM sbtest5 WHERE id=5333141
	Index Scan using sbtest5_pkey on sbtest5  (cost=0.43..8.45 rows=1 width=121)
	  Index Cond: (id = 5333141)

table 6 : explain SELECT c FROM sbtest6 WHERE id=6127987
	Index Scan using sbtest6_pkey on sbtest6  (cost=0.43..8.45 rows=1 width=121)
	  Index Cond: (id = 6127987)

table 7 : explain SELECT c FROM sbtest7 WHERE id=2675445
	Index Scan using sbtest7_pkey on sbtest7  (cost=0.43..8.45 rows=1 width=121)
	  Index Cond: (id = 2675445)

table 8 : explain SELECT c FROM sbtest8 WHERE id=4422077
	Index Scan using sbtest8_pkey on sbtest8  (cost=0.43..8.45 rows=1 width=121)
	  Index Cond: (id = 4422077)


for point_selects
table 1 : explain SELECT c FROM sbtest1 WHERE id=1397275
	Index Scan using sbtest1_pkey on sbtest1  (cost=0.43..8.45 rows=1 width=121)
	  Index Cond: (id = 1397275)

table 2 : explain SELECT c FROM sbtest2 WHERE id=8374151
	Index Scan using sbtest2_pkey on sbtest2  (cost=0.43..8.45 rows=1 width=121)
	  Index Cond: (id = 8374151)

table 3 : explain SELECT c FROM sbtest3 WHERE id=593559
	Index Scan using sbtest3_pkey on sbtest3  (cost=0.43..8.45 rows=1 width=121)
	  Index Cond: (id = 593559)

table 4 : explain SELECT c FROM sbtest4 WHERE id=8445017
	Index Scan using sbtest4_pkey on sbtest4  (cost=0.43..8.45 rows=1 width=121)
	  Index Cond: (id = 8445017)

table 5 : explain SELECT c FROM sbtest5 WHERE id=637126
	Index Scan using sbtest5_pkey on sbtest5  (cost=0.43..8.45 rows=1 width=121)
	  Index Cond: (id = 637126)

table 6 : explain SELECT c FROM sbtest6 WHERE id=9158105
	Index Scan using sbtest6_pkey on sbtest6  (cost=0.43..8.45 rows=1 width=121)
	  Index Cond: (id = 9158105)

table 7 : explain SELECT c FROM sbtest7 WHERE id=4237913
	Index Scan using sbtest7_pkey on sbtest7  (cost=0.43..8.45 rows=1 width=121)
	  Index Cond: (id = 4237913)

table 8 : explain SELECT c FROM sbtest8 WHERE id=6831354
	Index Scan using sbtest8_pkey on sbtest8  (cost=0.43..8.45 rows=1 width=121)
	  Index Cond: (id = 6831354)
explain: for point_selects :: explain SELECT c FROM sbtest%u WHERE id=%u
for point_selects
table 1 : explain SELECT c FROM sbtest1 WHERE id=4161404
	Index Scan using sbtest1_pkey on sbtest1  (cost=0.43..8.45 rows=1 width=121)
	  Index Cond: (id = 4161404)

table 2 : explain SELECT c FROM sbtest2 WHERE id=2135363
	Index Scan using sbtest2_pkey on sbtest2  (cost=0.43..8.45 rows=1 width=121)
	  Index Cond: (id = 2135363)

table 3 : explain SELECT c FROM sbtest3 WHERE id=9519732
	Index Scan using sbtest3_pkey on sbtest3  (cost=0.43..8.45 rows=1 width=121)
	  Index Cond: (id = 9519732)

table 4 : explain SELECT c FROM sbtest4 WHERE id=7391365
	Index Scan using sbtest4_pkey on sbtest4  (cost=0.43..8.45 rows=1 width=121)
	  Index Cond: (id = 7391365)

table 5 : explain SELECT c FROM sbtest5 WHERE id=3439949
	Index Scan using sbtest5_pkey on sbtest5  (cost=0.43..8.45 rows=1 width=121)
	  Index Cond: (id = 3439949)

table 6 : explain SELECT c FROM sbtest6 WHERE id=7324212
	Index Scan using sbtest6_pkey on sbtest6  (cost=0.43..8.45 rows=1 width=121)
	  Index Cond: (id = 7324212)

table 7 : explain SELECT c FROM sbtest7 WHERE id=9412553
	Index Scan using sbtest7_pkey on sbtest7  (cost=0.43..8.45 rows=1 width=121)
	  Index Cond: (id = 9412553)

table 8 : explain SELECT c FROM sbtest8 WHERE id=3943735
	Index Scan using sbtest8_pkey on sbtest8  (cost=0.43..8.45 rows=1 width=121)
	  Index Cond: (id = 3943735)

for point_selects
table 1 : explain SELECT c FROM sbtest1 WHERE id=5605426
	Index Scan using sbtest1_pkey on sbtest1  (cost=0.43..8.45 rows=1 width=121)
	  Index Cond: (id = 5605426)

table 2 : explain SELECT c FROM sbtest2 WHERE id=6581281
	Index Scan using sbtest2_pkey on sbtest2  (cost=0.43..8.45 rows=1 width=121)
	  Index Cond: (id = 6581281)

table 3 : explain SELECT c FROM sbtest3 WHERE id=7402762
	Index Scan using sbtest3_pkey on sbtest3  (cost=0.43..8.45 rows=1 width=121)
	  Index Cond: (id = 7402762)

table 4 : explain SELECT c FROM sbtest4 WHERE id=1538479
	Index Scan using sbtest4_pkey on sbtest4  (cost=0.43..8.45 rows=1 width=121)
	  Index Cond: (id = 1538479)

table 5 : explain SELECT c FROM sbtest5 WHERE id=5217514
	Index Scan using sbtest5_pkey on sbtest5  (cost=0.43..8.45 rows=1 width=121)
	  Index Cond: (id = 5217514)

table 6 : explain SELECT c FROM sbtest6 WHERE id=6862733
	Index Scan using sbtest6_pkey on sbtest6  (cost=0.43..8.45 rows=1 width=121)
	  Index Cond: (id = 6862733)

table 7 : explain SELECT c FROM sbtest7 WHERE id=3004265
	Index Scan using sbtest7_pkey on sbtest7  (cost=0.43..8.45 rows=1 width=121)
	  Index Cond: (id = 3004265)

table 8 : explain SELECT c FROM sbtest8 WHERE id=4733726
	Index Scan using sbtest8_pkey on sbtest8  (cost=0.43..8.45 rows=1 width=121)
	  Index Cond: (id = 4733726)

for point_selects
table 1 : explain SELECT c FROM sbtest1 WHERE id=8155331
	Index Scan using sbtest1_pkey on sbtest1  (cost=0.43..8.45 rows=1 width=121)
	  Index Cond: (id = 8155331)

table 2 : explain SELECT c FROM sbtest2 WHERE id=6881194
	Index Scan using sbtest2_pkey on sbtest2  (cost=0.43..8.45 rows=1 width=121)
	  Index Cond: (id = 6881194)

table 3 : explain SELECT c FROM sbtest3 WHERE id=2026407
	Index Scan using sbtest3_pkey on sbtest3  (cost=0.43..8.45 rows=1 width=121)
	  Index Cond: (id = 2026407)

table 4 : explain SELECT c FROM sbtest4 WHERE id=3831860
	Index Scan using sbtest4_pkey on sbtest4  (cost=0.43..8.45 rows=1 width=121)
	  Index Cond: (id = 3831860)

table 5 : explain SELECT c FROM sbtest5 WHERE id=6890730
	Index Scan using sbtest5_pkey on sbtest5  (cost=0.43..8.45 rows=1 width=121)
	  Index Cond: (id = 6890730)

table 6 : explain SELECT c FROM sbtest6 WHERE id=6855345
	Index Scan using sbtest6_pkey on sbtest6  (cost=0.43..8.45 rows=1 width=121)
	  Index Cond: (id = 6855345)

table 7 : explain SELECT c FROM sbtest7 WHERE id=6243244
	Index Scan using sbtest7_pkey on sbtest7  (cost=0.43..8.45 rows=1 width=121)
	  Index Cond: (id = 6243244)

table 8 : explain SELECT c FROM sbtest8 WHERE id=5823735
	Index Scan using sbtest8_pkey on sbtest8  (cost=0.43..8.45 rows=1 width=121)
	  Index Cond: (id = 5823735)

for point_selects
table 1 : explain SELECT c FROM sbtest1 WHERE id=2265920
	Index Scan using sbtest1_pkey on sbtest1  (cost=0.43..8.45 rows=1 width=121)
	  Index Cond: (id = 2265920)

table 2 : explain SELECT c FROM sbtest2 WHERE id=51638
	Index Scan using sbtest2_pkey on sbtest2  (cost=0.43..8.45 rows=1 width=121)
	  Index Cond: (id = 51638)

table 3 : explain SELECT c FROM sbtest3 WHERE id=8217737
	Index Scan using sbtest3_pkey on sbtest3  (cost=0.43..8.45 rows=1 width=121)
	  Index Cond: (id = 8217737)

table 4 : explain SELECT c FROM sbtest4 WHERE id=5019776
	Index Scan using sbtest4_pkey on sbtest4  (cost=0.43..8.45 rows=1 width=121)
	  Index Cond: (id = 5019776)

table 5 : explain SELECT c FROM sbtest5 WHERE id=7085611
	Index Scan using sbtest5_pkey on sbtest5  (cost=0.43..8.45 rows=1 width=121)
	  Index Cond: (id = 7085611)

table 6 : explain SELECT c FROM sbtest6 WHERE id=6530984
	Index Scan using sbtest6_pkey on sbtest6  (cost=0.43..8.45 rows=1 width=121)
	  Index Cond: (id = 6530984)

table 7 : explain SELECT c FROM sbtest7 WHERE id=126791
	Index Scan using sbtest7_pkey on sbtest7  (cost=0.43..8.45 rows=1 width=121)
	  Index Cond: (id = 126791)

table 8 : explain SELECT c FROM sbtest8 WHERE id=5914121
	Index Scan using sbtest8_pkey on sbtest8  (cost=0.43..8.45 rows=1 width=121)
	  Index Cond: (id = 5914121)

for point_selects
table 1 : explain SELECT c FROM sbtest1 WHERE id=7598952
	Index Scan using sbtest1_pkey on sbtest1  (cost=0.43..8.45 rows=1 width=121)
	  Index Cond: (id = 7598952)

table 2 : explain SELECT c FROM sbtest2 WHERE id=2495748
	Index Scan using sbtest2_pkey on sbtest2  (cost=0.43..8.45 rows=1 width=121)
	  Index Cond: (id = 2495748)

table 3 : explain SELECT c FROM sbtest3 WHERE id=8933661
	Index Scan using sbtest3_pkey on sbtest3  (cost=0.43..8.45 rows=1 width=121)
	  Index Cond: (id = 8933661)

table 4 : explain SELECT c FROM sbtest4 WHERE id=288915
	Index Scan using sbtest4_pkey on sbtest4  (cost=0.43..8.45 rows=1 width=121)
	  Index Cond: (id = 288915)

table 5 : explain SELECT c FROM sbtest5 WHERE id=3523991
	Index Scan using sbtest5_pkey on sbtest5  (cost=0.43..8.45 rows=1 width=121)
	  Index Cond: (id = 3523991)

table 6 : explain SELECT c FROM sbtest6 WHERE id=605155
	Index Scan using sbtest6_pkey on sbtest6  (cost=0.43..8.45 rows=1 width=121)
	  Index Cond: (id = 605155)

table 7 : explain SELECT c FROM sbtest7 WHERE id=2969913
	Index Scan using sbtest7_pkey on sbtest7  (cost=0.43..8.45 rows=1 width=121)
	  Index Cond: (id = 2969913)

table 8 : explain SELECT c FROM sbtest8 WHERE id=7204544
	Index Scan using sbtest8_pkey on sbtest8  (cost=0.43..8.45 rows=1 width=121)
	  Index Cond: (id = 7204544)

for point_selects
table 1 : explain SELECT c FROM sbtest1 WHERE id=5235977
	Index Scan using sbtest1_pkey on sbtest1  (cost=0.43..8.45 rows=1 width=121)
	  Index Cond: (id = 5235977)

table 2 : explain SELECT c FROM sbtest2 WHERE id=5333515
	Index Scan using sbtest2_pkey on sbtest2  (cost=0.43..8.45 rows=1 width=121)
	  Index Cond: (id = 5333515)

table 3 : explain SELECT c FROM sbtest3 WHERE id=4973638
	Index Scan using sbtest3_pkey on sbtest3  (cost=0.43..8.45 rows=1 width=121)
	  Index Cond: (id = 4973638)

table 4 : explain SELECT c FROM sbtest4 WHERE id=7534232
	Index Scan using sbtest4_pkey on sbtest4  (cost=0.43..8.45 rows=1 width=121)
	  Index Cond: (id = 7534232)

table 5 : explain SELECT c FROM sbtest5 WHERE id=6764594
	Index Scan using sbtest5_pkey on sbtest5  (cost=0.43..8.45 rows=1 width=121)
	  Index Cond: (id = 6764594)

table 6 : explain SELECT c FROM sbtest6 WHERE id=280168
	Index Scan using sbtest6_pkey on sbtest6  (cost=0.43..8.45 rows=1 width=121)
	  Index Cond: (id = 280168)

table 7 : explain SELECT c FROM sbtest7 WHERE id=79650
	Index Scan using sbtest7_pkey on sbtest7  (cost=0.43..8.45 rows=1 width=121)
	  Index Cond: (id = 79650)

table 8 : explain SELECT c FROM sbtest8 WHERE id=4476948
	Index Scan using sbtest8_pkey on sbtest8  (cost=0.43..8.45 rows=1 width=121)
	  Index Cond: (id = 4476948)

for point_selects
table 1 : explain SELECT c FROM sbtest1 WHERE id=7674185
	Index Scan using sbtest1_pkey on sbtest1  (cost=0.43..8.45 rows=1 width=121)
	  Index Cond: (id = 7674185)

table 2 : explain SELECT c FROM sbtest2 WHERE id=5614409
	Index Scan using sbtest2_pkey on sbtest2  (cost=0.43..8.45 rows=1 width=121)
	  Index Cond: (id = 5614409)

table 3 : explain SELECT c FROM sbtest3 WHERE id=3132749
	Index Scan using sbtest3_pkey on sbtest3  (cost=0.43..8.45 rows=1 width=121)
	  Index Cond: (id = 3132749)

table 4 : explain SELECT c FROM sbtest4 WHERE id=299976
	Index Scan using sbtest4_pkey on sbtest4  (cost=0.43..8.45 rows=1 width=121)
	  Index Cond: (id = 299976)

table 5 : explain SELECT c FROM sbtest5 WHERE id=6026370
	Index Scan using sbtest5_pkey on sbtest5  (cost=0.43..8.45 rows=1 width=121)
	  Index Cond: (id = 6026370)

table 6 : explain SELECT c FROM sbtest6 WHERE id=3460911
	Index Scan using sbtest6_pkey on sbtest6  (cost=0.43..8.45 rows=1 width=121)
	  Index Cond: (id = 3460911)

table 7 : explain SELECT c FROM sbtest7 WHERE id=8874671
	Index Scan using sbtest7_pkey on sbtest7  (cost=0.43..8.45 rows=1 width=121)
	  Index Cond: (id = 8874671)

table 8 : explain SELECT c FROM sbtest8 WHERE id=1598375
	Index Scan using sbtest8_pkey on sbtest8  (cost=0.43..8.45 rows=1 width=121)
	  Index Cond: (id = 1598375)

for point_selects
table 1 : explain SELECT c FROM sbtest1 WHERE id=1290358
	Index Scan using sbtest1_pkey on sbtest1  (cost=0.43..8.45 rows=1 width=121)
	  Index Cond: (id = 1290358)

table 2 : explain SELECT c FROM sbtest2 WHERE id=9966705
	Index Scan using sbtest2_pkey on sbtest2  (cost=0.43..8.45 rows=1 width=121)
	  Index Cond: (id = 9966705)

table 3 : explain SELECT c FROM sbtest3 WHERE id=8408696
	Index Scan using sbtest3_pkey on sbtest3  (cost=0.43..8.45 rows=1 width=121)
	  Index Cond: (id = 8408696)

table 4 : explain SELECT c FROM sbtest4 WHERE id=1608662
	Index Scan using sbtest4_pkey on sbtest4  (cost=0.43..8.45 rows=1 width=121)
	  Index Cond: (id = 1608662)

table 5 : explain SELECT c FROM sbtest5 WHERE id=4906810
	Index Scan using sbtest5_pkey on sbtest5  (cost=0.43..8.45 rows=1 width=121)
	  Index Cond: (id = 4906810)

table 6 : explain SELECT c FROM sbtest6 WHERE id=8179793
	Index Scan using sbtest6_pkey on sbtest6  (cost=0.43..8.45 rows=1 width=121)
	  Index Cond: (id = 8179793)

table 7 : explain SELECT c FROM sbtest7 WHERE id=7461919
	Index Scan using sbtest7_pkey on sbtest7  (cost=0.43..8.45 rows=1 width=121)
	  Index Cond: (id = 7461919)

table 8 : explain SELECT c FROM sbtest8 WHERE id=9002952
	Index Scan using sbtest8_pkey on sbtest8  (cost=0.43..8.45 rows=1 width=121)
	  Index Cond: (id = 9002952)


for point_selects
table 1 : explain SELECT c FROM sbtest1 WHERE id=3190593
	Index Scan using sbtest1_pkey on sbtest1  (cost=0.43..8.45 rows=1 width=121)
	  Index Cond: (id = 3190593)

table 2 : explain SELECT c FROM sbtest2 WHERE id=9620846
	Index Scan using sbtest2_pkey on sbtest2  (cost=0.43..8.45 rows=1 width=121)
	  Index Cond: (id = 9620846)

table 3 : explain SELECT c FROM sbtest3 WHERE id=5384026
	Index Scan using sbtest3_pkey on sbtest3  (cost=0.43..8.45 rows=1 width=121)
	  Index Cond: (id = 5384026)

table 4 : explain SELECT c FROM sbtest4 WHERE id=6500047
	Index Scan using sbtest4_pkey on sbtest4  (cost=0.43..8.45 rows=1 width=121)
	  Index Cond: (id = 6500047)

table 5 : explain SELECT c FROM sbtest5 WHERE id=341167
	Index Scan using sbtest5_pkey on sbtest5  (cost=0.43..8.45 rows=1 width=121)
	  Index Cond: (id = 341167)

table 6 : explain SELECT c FROM sbtest6 WHERE id=6682759
	Index Scan using sbtest6_pkey on sbtest6  (cost=0.43..8.45 rows=1 width=121)
	  Index Cond: (id = 6682759)

table 7 : explain SELECT c FROM sbtest7 WHERE id=7657496
	Index Scan using sbtest7_pkey on sbtest7  (cost=0.43..8.45 rows=1 width=121)
	  Index Cond: (id = 7657496)

table 8 : explain SELECT c FROM sbtest8 WHERE id=8694422
	Index Scan using sbtest8_pkey on sbtest8  (cost=0.43..8.45 rows=1 width=121)
	  Index Cond: (id = 8694422)

for point_selects
table 1 : explain SELECT c FROM sbtest1 WHERE id=7311687
	Index Scan using sbtest1_pkey on sbtest1  (cost=0.43..8.45 rows=1 width=121)
	  Index Cond: (id = 7311687)

table 2 : explain SELECT c FROM sbtest2 WHERE id=6509329
	Index Scan using sbtest2_pkey on sbtest2  (cost=0.43..8.45 rows=1 width=121)
	  Index Cond: (id = 6509329)

table 3 : explain SELECT c FROM sbtest3 WHERE id=6087411
	Index Scan using sbtest3_pkey on sbtest3  (cost=0.43..8.45 rows=1 width=121)
	  Index Cond: (id = 6087411)

table 4 : explain SELECT c FROM sbtest4 WHERE id=8464468
	Index Scan using sbtest4_pkey on sbtest4  (cost=0.43..8.45 rows=1 width=121)
	  Index Cond: (id = 8464468)

table 5 : explain SELECT c FROM sbtest5 WHERE id=4472278
	Index Scan using sbtest5_pkey on sbtest5  (cost=0.43..8.45 rows=1 width=121)
	  Index Cond: (id = 4472278)

table 6 : explain SELECT c FROM sbtest6 WHERE id=4146592
	Index Scan using sbtest6_pkey on sbtest6  (cost=0.43..8.45 rows=1 width=121)
	  Index Cond: (id = 4146592)

table 7 : explain SELECT c FROM sbtest7 WHERE id=5876943
	Index Scan using sbtest7_pkey on sbtest7  (cost=0.43..8.45 rows=1 width=121)
	  Index Cond: (id = 5876943)

table 8 : explain SELECT c FROM sbtest8 WHERE id=9169914
	Index Scan using sbtest8_pkey on sbtest8  (cost=0.43..8.45 rows=1 width=121)
	  Index Cond: (id = 9169914)

for point_selects
table 1 : explain SELECT c FROM sbtest1 WHERE id=8491062
	Index Scan using sbtest1_pkey on sbtest1  (cost=0.43..8.45 rows=1 width=121)
	  Index Cond: (id = 8491062)

table 2 : explain SELECT c FROM sbtest2 WHERE id=5972500
	Index Scan using sbtest2_pkey on sbtest2  (cost=0.43..8.45 rows=1 width=121)
	  Index Cond: (id = 5972500)

table 3 : explain SELECT c FROM sbtest3 WHERE id=6863266
	Index Scan using sbtest3_pkey on sbtest3  (cost=0.43..8.45 rows=1 width=121)
	  Index Cond: (id = 6863266)

table 4 : explain SELECT c FROM sbtest4 WHERE id=804214
	Index Scan using sbtest4_pkey on sbtest4  (cost=0.43..8.45 rows=1 width=121)
	  Index Cond: (id = 804214)

table 5 : explain SELECT c FROM sbtest5 WHERE id=6288375
	Index Scan using sbtest5_pkey on sbtest5  (cost=0.43..8.45 rows=1 width=121)
	  Index Cond: (id = 6288375)

table 6 : explain SELECT c FROM sbtest6 WHERE id=501159
	Index Scan using sbtest6_pkey on sbtest6  (cost=0.43..8.45 rows=1 width=121)
	  Index Cond: (id = 501159)

table 7 : explain SELECT c FROM sbtest7 WHERE id=6062653
	Index Scan using sbtest7_pkey on sbtest7  (cost=0.43..8.45 rows=1 width=121)
	  Index Cond: (id = 6062653)

table 8 : explain SELECT c FROM sbtest8 WHERE id=6931651
	Index Scan using sbtest8_pkey on sbtest8  (cost=0.43..8.45 rows=1 width=121)
	  Index Cond: (id = 6931651)

for point_selects
table 1 : explain SELECT c FROM sbtest1 WHERE id=2994531
	Index Scan using sbtest1_pkey on sbtest1  (cost=0.43..8.45 rows=1 width=121)
	  Index Cond: (id = 2994531)

table 2 : explain SELECT c FROM sbtest2 WHERE id=8060647
	Index Scan using sbtest2_pkey on sbtest2  (cost=0.43..8.45 rows=1 width=121)
	  Index Cond: (id = 8060647)

table 3 : explain SELECT c FROM sbtest3 WHERE id=4318563
	Index Scan using sbtest3_pkey on sbtest3  (cost=0.43..8.45 rows=1 width=121)
	  Index Cond: (id = 4318563)

table 4 : explain SELECT c FROM sbtest4 WHERE id=7336076
	Index Scan using sbtest4_pkey on sbtest4  (cost=0.43..8.45 rows=1 width=121)
	  Index Cond: (id = 7336076)

table 5 : explain SELECT c FROM sbtest5 WHERE id=1151573
	Index Scan using sbtest5_pkey on sbtest5  (cost=0.43..8.45 rows=1 width=121)
	  Index Cond: (id = 1151573)

table 6 : explain SELECT c FROM sbtest6 WHERE id=6929838
	Index Scan using sbtest6_pkey on sbtest6  (cost=0.43..8.45 rows=1 width=121)
	  Index Cond: (id = 6929838)

table 7 : explain SELECT c FROM sbtest7 WHERE id=2834494
	Index Scan using sbtest7_pkey on sbtest7  (cost=0.43..8.45 rows=1 width=121)
	  Index Cond: (id = 2834494)

table 8 : explain SELECT c FROM sbtest8 WHERE id=5669199
	Index Scan using sbtest8_pkey on sbtest8  (cost=0.43..8.45 rows=1 width=121)
	  Index Cond: (id = 5669199)

for point_selects
table 1 : explain SELECT c FROM sbtest1 WHERE id=7658608
	Index Scan using sbtest1_pkey on sbtest1  (cost=0.43..8.45 rows=1 width=121)
	  Index Cond: (id = 7658608)

table 2 : explain SELECT c FROM sbtest2 WHERE id=5843064
	Index Scan using sbtest2_pkey on sbtest2  (cost=0.43..8.45 rows=1 width=121)
	  Index Cond: (id = 5843064)

table 3 : explain SELECT c FROM sbtest3 WHERE id=8112354
	Index Scan using sbtest3_pkey on sbtest3  (cost=0.43..8.45 rows=1 width=121)
	  Index Cond: (id = 8112354)

table 4 : explain SELECT c FROM sbtest4 WHERE id=7732489
	Index Scan using sbtest4_pkey on sbtest4  (cost=0.43..8.45 rows=1 width=121)
	  Index Cond: (id = 7732489)

table 5 : explain SELECT c FROM sbtest5 WHERE id=2415545
	Index Scan using sbtest5_pkey on sbtest5  (cost=0.43..8.45 rows=1 width=121)
	  Index Cond: (id = 2415545)

table 6 : explain SELECT c FROM sbtest6 WHERE id=3043556
	Index Scan using sbtest6_pkey on sbtest6  (cost=0.43..8.45 rows=1 width=121)
	  Index Cond: (id = 3043556)

table 7 : explain SELECT c FROM sbtest7 WHERE id=3789897
	Index Scan using sbtest7_pkey on sbtest7  (cost=0.43..8.45 rows=1 width=121)
	  Index Cond: (id = 3789897)

table 8 : explain SELECT c FROM sbtest8 WHERE id=169554
	Index Scan using sbtest8_pkey on sbtest8  (cost=0.43..8.45 rows=1 width=121)
	  Index Cond: (id = 169554)

explain: for point_selects :: explain SELECT c FROM sbtest%u WHERE id=%u
for point_selects
table 1 : explain SELECT c FROM sbtest1 WHERE id=6557028
	Index Scan using sbtest1_pkey on sbtest1  (cost=0.43..8.45 rows=1 width=121)
	  Index Cond: (id = 6557028)

table 2 : explain SELECT c FROM sbtest2 WHERE id=7853021
	Index Scan using sbtest2_pkey on sbtest2  (cost=0.43..8.45 rows=1 width=121)
	  Index Cond: (id = 7853021)

table 3 : explain SELECT c FROM sbtest3 WHERE id=5126023
	Index Scan using sbtest3_pkey on sbtest3  (cost=0.43..8.45 rows=1 width=121)
	  Index Cond: (id = 5126023)

table 4 : explain SELECT c FROM sbtest4 WHERE id=9162636
	Index Scan using sbtest4_pkey on sbtest4  (cost=0.43..8.45 rows=1 width=121)
	  Index Cond: (id = 9162636)

table 5 : explain SELECT c FROM sbtest5 WHERE id=2987108
	Index Scan using sbtest5_pkey on sbtest5  (cost=0.43..8.45 rows=1 width=121)
	  Index Cond: (id = 2987108)

table 6 : explain SELECT c FROM sbtest6 WHERE id=5599053
	Index Scan using sbtest6_pkey on sbtest6  (cost=0.43..8.45 rows=1 width=121)
	  Index Cond: (id = 5599053)

table 7 : explain SELECT c FROM sbtest7 WHERE id=7031312
	Index Scan using sbtest7_pkey on sbtest7  (cost=0.43..8.45 rows=1 width=121)
	  Index Cond: (id = 7031312)

table 8 : explain SELECT c FROM sbtest8 WHERE id=7526574
	Index Scan using sbtest8_pkey on sbtest8  (cost=0.43..8.45 rows=1 width=121)
	  Index Cond: (id = 7526574)

for point_selects
table 1 : explain SELECT c FROM sbtest1 WHERE id=2593176
	Index Scan using sbtest1_pkey on sbtest1  (cost=0.43..8.45 rows=1 width=121)
	  Index Cond: (id = 2593176)

table 2 : explain SELECT c FROM sbtest2 WHERE id=1453813
	Index Scan using sbtest2_pkey on sbtest2  (cost=0.43..8.45 rows=1 width=121)
	  Index Cond: (id = 1453813)

table 3 : explain SELECT c FROM sbtest3 WHERE id=8472140
	Index Scan using sbtest3_pkey on sbtest3  (cost=0.43..8.45 rows=1 width=121)
	  Index Cond: (id = 8472140)

table 4 : explain SELECT c FROM sbtest4 WHERE id=4392772
	Index Scan using sbtest4_pkey on sbtest4  (cost=0.43..8.45 rows=1 width=121)
	  Index Cond: (id = 4392772)

table 5 : explain SELECT c FROM sbtest5 WHERE id=3491266
	Index Scan using sbtest5_pkey on sbtest5  (cost=0.43..8.45 rows=1 width=121)
	  Index Cond: (id = 3491266)

table 6 : explain SELECT c FROM sbtest6 WHERE id=5360837
	Index Scan using sbtest6_pkey on sbtest6  (cost=0.43..8.45 rows=1 width=121)
	  Index Cond: (id = 5360837)

table 7 : explain SELECT c FROM sbtest7 WHERE id=9183901
	Index Scan using sbtest7_pkey on sbtest7  (cost=0.43..8.45 rows=1 width=121)
	  Index Cond: (id = 9183901)

table 8 : explain SELECT c FROM sbtest8 WHERE id=377318
	Index Scan using sbtest8_pkey on sbtest8  (cost=0.43..8.45 rows=1 width=121)
	  Index Cond: (id = 377318)

for point_selects
table 1 : explain SELECT c FROM sbtest1 WHERE id=6323317
	Index Scan using sbtest1_pkey on sbtest1  (cost=0.43..8.45 rows=1 width=121)
	  Index Cond: (id = 6323317)

table 2 : explain SELECT c FROM sbtest2 WHERE id=3154066
	Index Scan using sbtest2_pkey on sbtest2  (cost=0.43..8.45 rows=1 width=121)
	  Index Cond: (id = 3154066)

table 3 : explain SELECT c FROM sbtest3 WHERE id=1612302
	Index Scan using sbtest3_pkey on sbtest3  (cost=0.43..8.45 rows=1 width=121)
	  Index Cond: (id = 1612302)

table 4 : explain SELECT c FROM sbtest4 WHERE id=6835790
	Index Scan using sbtest4_pkey on sbtest4  (cost=0.43..8.45 rows=1 width=121)
	  Index Cond: (id = 6835790)

table 5 : explain SELECT c FROM sbtest5 WHERE id=9879824
	Index Scan using sbtest5_pkey on sbtest5  (cost=0.43..8.45 rows=1 width=121)
	  Index Cond: (id = 9879824)

table 6 : explain SELECT c FROM sbtest6 WHERE id=4504721
	Index Scan using sbtest6_pkey on sbtest6  (cost=0.43..8.45 rows=1 width=121)
	  Index Cond: (id = 4504721)

table 7 : explain SELECT c FROM sbtest7 WHERE id=415768
	Index Scan using sbtest7_pkey on sbtest7  (cost=0.43..8.45 rows=1 width=121)
	  Index Cond: (id = 415768)

table 8 : explain SELECT c FROM sbtest8 WHERE id=4679564
	Index Scan using sbtest8_pkey on sbtest8  (cost=0.43..8.45 rows=1 width=121)
	  Index Cond: (id = 4679564)

for point_selects
table 1 : explain SELECT c FROM sbtest1 WHERE id=7671081
	Index Scan using sbtest1_pkey on sbtest1  (cost=0.43..8.45 rows=1 width=121)
	  Index Cond: (id = 7671081)

table 2 : explain SELECT c FROM sbtest2 WHERE id=2155775
	Index Scan using sbtest2_pkey on sbtest2  (cost=0.43..8.45 rows=1 width=121)
	  Index Cond: (id = 2155775)

table 3 : explain SELECT c FROM sbtest3 WHERE id=414610
	Index Scan using sbtest3_pkey on sbtest3  (cost=0.43..8.45 rows=1 width=121)
	  Index Cond: (id = 414610)

table 4 : explain SELECT c FROM sbtest4 WHERE id=6175063
	Index Scan using sbtest4_pkey on sbtest4  (cost=0.43..8.45 rows=1 width=121)
	  Index Cond: (id = 6175063)

table 5 : explain SELECT c FROM sbtest5 WHERE id=7654188
	Index Scan using sbtest5_pkey on sbtest5  (cost=0.43..8.45 rows=1 width=121)
	  Index Cond: (id = 7654188)

table 6 : explain SELECT c FROM sbtest6 WHERE id=7823930
	Index Scan using sbtest6_pkey on sbtest6  (cost=0.43..8.45 rows=1 width=121)
	  Index Cond: (id = 7823930)

table 7 : explain SELECT c FROM sbtest7 WHERE id=5574114
	Index Scan using sbtest7_pkey on sbtest7  (cost=0.43..8.45 rows=1 width=121)
	  Index Cond: (id = 5574114)

table 8 : explain SELECT c FROM sbtest8 WHERE id=3875430
	Index Scan using sbtest8_pkey on sbtest8  (cost=0.43..8.45 rows=1 width=121)
	  Index Cond: (id = 3875430)

for point_selects
table 1 : explain SELECT c FROM sbtest1 WHERE id=6046415
	Index Scan using sbtest1_pkey on sbtest1  (cost=0.43..8.45 rows=1 width=121)
	  Index Cond: (id = 6046415)

table 2 : explain SELECT c FROM sbtest2 WHERE id=2584383
	Index Scan using sbtest2_pkey on sbtest2  (cost=0.43..8.45 rows=1 width=121)
	  Index Cond: (id = 2584383)

table 3 : explain SELECT c FROM sbtest3 WHERE id=8713870
	Index Scan using sbtest3_pkey on sbtest3  (cost=0.43..8.45 rows=1 width=121)
	  Index Cond: (id = 8713870)

table 4 : explain SELECT c FROM sbtest4 WHERE id=7694494
	Index Scan using sbtest4_pkey on sbtest4  (cost=0.43..8.45 rows=1 width=121)
	  Index Cond: (id = 7694494)

table 5 : explain SELECT c FROM sbtest5 WHERE id=5668595
	Index Scan using sbtest5_pkey on sbtest5  (cost=0.43..8.45 rows=1 width=121)
	  Index Cond: (id = 5668595)

table 6 : explain SELECT c FROM sbtest6 WHERE id=157052
	Index Scan using sbtest6_pkey on sbtest6  (cost=0.43..8.45 rows=1 width=121)
	  Index Cond: (id = 157052)

table 7 : explain SELECT c FROM sbtest7 WHERE id=5502762
	Index Scan using sbtest7_pkey on sbtest7  (cost=0.43..8.45 rows=1 width=121)
	  Index Cond: (id = 5502762)

table 8 : explain SELECT c FROM sbtest8 WHERE id=6834000
	Index Scan using sbtest8_pkey on sbtest8  (cost=0.43..8.45 rows=1 width=121)
	  Index Cond: (id = 6834000)

for point_selects
table 1 : explain SELECT c FROM sbtest1 WHERE id=6713235
	Index Scan using sbtest1_pkey on sbtest1  (cost=0.43..8.45 rows=1 width=121)
	  Index Cond: (id = 6713235)

table 2 : explain SELECT c FROM sbtest2 WHERE id=1588138
	Index Scan using sbtest2_pkey on sbtest2  (cost=0.43..8.45 rows=1 width=121)
	  Index Cond: (id = 1588138)

table 3 : explain SELECT c FROM sbtest3 WHERE id=4550634
	Index Scan using sbtest3_pkey on sbtest3  (cost=0.43..8.45 rows=1 width=121)
	  Index Cond: (id = 4550634)

table 4 : explain SELECT c FROM sbtest4 WHERE id=2935591
	Index Scan using sbtest4_pkey on sbtest4  (cost=0.43..8.45 rows=1 width=121)
	  Index Cond: (id = 2935591)

table 5 : explain SELECT c FROM sbtest5 WHERE id=1953683
	Index Scan using sbtest5_pkey on sbtest5  (cost=0.43..8.45 rows=1 width=121)
	  Index Cond: (id = 1953683)

table 6 : explain SELECT c FROM sbtest6 WHERE id=1510646
	Index Scan using sbtest6_pkey on sbtest6  (cost=0.43..8.45 rows=1 width=121)
	  Index Cond: (id = 1510646)

table 7 : explain SELECT c FROM sbtest7 WHERE id=7412797
	Index Scan using sbtest7_pkey on sbtest7  (cost=0.43..8.45 rows=1 width=121)
	  Index Cond: (id = 7412797)

table 8 : explain SELECT c FROM sbtest8 WHERE id=6591059
	Index Scan using sbtest8_pkey on sbtest8  (cost=0.43..8.45 rows=1 width=121)
	  Index Cond: (id = 6591059)

for point_selects
table 1 : explain SELECT c FROM sbtest1 WHERE id=713144
	Index Scan using sbtest1_pkey on sbtest1  (cost=0.43..8.45 rows=1 width=121)
	  Index Cond: (id = 713144)

table 2 : explain SELECT c FROM sbtest2 WHERE id=5513299
	Index Scan using sbtest2_pkey on sbtest2  (cost=0.43..8.45 rows=1 width=121)
	  Index Cond: (id = 5513299)

table 3 : explain SELECT c FROM sbtest3 WHERE id=6510438
	Index Scan using sbtest3_pkey on sbtest3  (cost=0.43..8.45 rows=1 width=121)
	  Index Cond: (id = 6510438)

table 4 : explain SELECT c FROM sbtest4 WHERE id=1053083
	Index Scan using sbtest4_pkey on sbtest4  (cost=0.43..8.45 rows=1 width=121)
	  Index Cond: (id = 1053083)

table 5 : explain SELECT c FROM sbtest5 WHERE id=9157491
	Index Scan using sbtest5_pkey on sbtest5  (cost=0.43..8.45 rows=1 width=121)
	  Index Cond: (id = 9157491)

table 6 : explain SELECT c FROM sbtest6 WHERE id=6871558
	Index Scan using sbtest6_pkey on sbtest6  (cost=0.43..8.45 rows=1 width=121)
	  Index Cond: (id = 6871558)

table 7 : explain SELECT c FROM sbtest7 WHERE id=5192847
	Index Scan using sbtest7_pkey on sbtest7  (cost=0.43..8.45 rows=1 width=121)
	  Index Cond: (id = 5192847)

table 8 : explain SELECT c FROM sbtest8 WHERE id=3866522
	Index Scan using sbtest8_pkey on sbtest8  (cost=0.43..8.45 rows=1 width=121)
	  Index Cond: (id = 3866522)

for point_selects
table 1 : explain SELECT c FROM sbtest1 WHERE id=5637323
	Index Scan using sbtest1_pkey on sbtest1  (cost=0.43..8.45 rows=1 width=121)
	  Index Cond: (id = 5637323)

table 2 : explain SELECT c FROM sbtest2 WHERE id=2968455
	Index Scan using sbtest2_pkey on sbtest2  (cost=0.43..8.45 rows=1 width=121)
	  Index Cond: (id = 2968455)

table 3 : explain SELECT c FROM sbtest3 WHERE id=7174518
	Index Scan using sbtest3_pkey on sbtest3  (cost=0.43..8.45 rows=1 width=121)
	  Index Cond: (id = 7174518)

table 4 : explain SELECT c FROM sbtest4 WHERE id=3776687
	Index Scan using sbtest4_pkey on sbtest4  (cost=0.43..8.45 rows=1 width=121)
	  Index Cond: (id = 3776687)

table 5 : explain SELECT c FROM sbtest5 WHERE id=1854538
	Index Scan using sbtest5_pkey on sbtest5  (cost=0.43..8.45 rows=1 width=121)
	  Index Cond: (id = 1854538)

table 6 : explain SELECT c FROM sbtest6 WHERE id=6164738
	Index Scan using sbtest6_pkey on sbtest6  (cost=0.43..8.45 rows=1 width=121)
	  Index Cond: (id = 6164738)

table 7 : explain SELECT c FROM sbtest7 WHERE id=8388496
	Index Scan using sbtest7_pkey on sbtest7  (cost=0.43..8.45 rows=1 width=121)
	  Index Cond: (id = 8388496)

table 8 : explain SELECT c FROM sbtest8 WHERE id=5470804
	Index Scan using sbtest8_pkey on sbtest8  (cost=0.43..8.45 rows=1 width=121)
	  Index Cond: (id = 5470804)

for point_selects
table 1 : explain SELECT c FROM sbtest1 WHERE id=4047465
	Index Scan using sbtest1_pkey on sbtest1  (cost=0.43..8.45 rows=1 width=121)
	  Index Cond: (id = 4047465)

table 2 : explain SELECT c FROM sbtest2 WHERE id=8532628
	Index Scan using sbtest2_pkey on sbtest2  (cost=0.43..8.45 rows=1 width=121)
	  Index Cond: (id = 8532628)

table 3 : explain SELECT c FROM sbtest3 WHERE id=4300941
	Index Scan using sbtest3_pkey on sbtest3  (cost=0.43..8.45 rows=1 width=121)
	  Index Cond: (id = 4300941)

table 4 : explain SELECT c FROM sbtest4 WHERE id=5082105
	Index Scan using sbtest4_pkey on sbtest4  (cost=0.43..8.45 rows=1 width=121)
	  Index Cond: (id = 5082105)

table 5 : explain SELECT c FROM sbtest5 WHERE id=4794387
	Index Scan using sbtest5_pkey on sbtest5  (cost=0.43..8.45 rows=1 width=121)
	  Index Cond: (id = 4794387)

table 6 : explain SELECT c FROM sbtest6 WHERE id=5854000
	Index Scan using sbtest6_pkey on sbtest6  (cost=0.43..8.45 rows=1 width=121)
	  Index Cond: (id = 5854000)

table 7 : explain SELECT c FROM sbtest7 WHERE id=2077875
	Index Scan using sbtest7_pkey on sbtest7  (cost=0.43..8.45 rows=1 width=121)
	  Index Cond: (id = 2077875)

table 8 : explain SELECT c FROM sbtest8 WHERE id=1169042
	Index Scan using sbtest8_pkey on sbtest8  (cost=0.43..8.45 rows=1 width=121)
	  Index Cond: (id = 1169042)

for point_selects
table 1 : explain SELECT c FROM sbtest1 WHERE id=5865380
	Index Scan using sbtest1_pkey on sbtest1  (cost=0.43..8.45 rows=1 width=121)
	  Index Cond: (id = 5865380)

table 2 : explain SELECT c FROM sbtest2 WHERE id=3876651
	Index Scan using sbtest2_pkey on sbtest2  (cost=0.43..8.45 rows=1 width=121)
	  Index Cond: (id = 3876651)

table 3 : explain SELECT c FROM sbtest3 WHERE id=2936758
	Index Scan using sbtest3_pkey on sbtest3  (cost=0.43..8.45 rows=1 width=121)
	  Index Cond: (id = 2936758)

table 4 : explain SELECT c FROM sbtest4 WHERE id=3061955
	Index Scan using sbtest4_pkey on sbtest4  (cost=0.43..8.45 rows=1 width=121)
	  Index Cond: (id = 3061955)

table 5 : explain SELECT c FROM sbtest5 WHERE id=9023448
	Index Scan using sbtest5_pkey on sbtest5  (cost=0.43..8.45 rows=1 width=121)
	  Index Cond: (id = 9023448)

table 6 : explain SELECT c FROM sbtest6 WHERE id=6224142
	Index Scan using sbtest6_pkey on sbtest6  (cost=0.43..8.45 rows=1 width=121)
	  Index Cond: (id = 6224142)

table 7 : explain SELECT c FROM sbtest7 WHERE id=8587754
	Index Scan using sbtest7_pkey on sbtest7  (cost=0.43..8.45 rows=1 width=121)
	  Index Cond: (id = 8587754)

table 8 : explain SELECT c FROM sbtest8 WHERE id=1492509
	Index Scan using sbtest8_pkey on sbtest8  (cost=0.43..8.45 rows=1 width=121)
	  Index Cond: (id = 1492509)

for point_selects
table 1 : explain SELECT c FROM sbtest1 WHERE id=5478027
	Index Scan using sbtest1_pkey on sbtest1  (cost=0.43..8.45 rows=1 width=121)
	  Index Cond: (id = 5478027)

table 2 : explain SELECT c FROM sbtest2 WHERE id=7231159
	Index Scan using sbtest2_pkey on sbtest2  (cost=0.43..8.45 rows=1 width=121)
	  Index Cond: (id = 7231159)

table 3 : explain SELECT c FROM sbtest3 WHERE id=9150191
	Index Scan using sbtest3_pkey on sbtest3  (cost=0.43..8.45 rows=1 width=121)
	  Index Cond: (id = 9150191)

table 4 : explain SELECT c FROM sbtest4 WHERE id=2850669
	Index Scan using sbtest4_pkey on sbtest4  (cost=0.43..8.45 rows=1 width=121)
	  Index Cond: (id = 2850669)

table 5 : explain SELECT c FROM sbtest5 WHERE id=9084528
	Index Scan using sbtest5_pkey on sbtest5  (cost=0.43..8.45 rows=1 width=121)
	  Index Cond: (id = 9084528)

table 6 : explain SELECT c FROM sbtest6 WHERE id=8525252
	Index Scan using sbtest6_pkey on sbtest6  (cost=0.43..8.45 rows=1 width=121)
	  Index Cond: (id = 8525252)

table 7 : explain SELECT c FROM sbtest7 WHERE id=8522134
	Index Scan using sbtest7_pkey on sbtest7  (cost=0.43..8.45 rows=1 width=121)
	  Index Cond: (id = 8522134)

table 8 : explain SELECT c FROM sbtest8 WHERE id=3813100
	Index Scan using sbtest8_pkey on sbtest8  (cost=0.43..8.45 rows=1 width=121)
	  Index Cond: (id = 3813100)

for point_selects
table 1 : explain SELECT c FROM sbtest1 WHERE id=4718617
	Index Scan using sbtest1_pkey on sbtest1  (cost=0.43..8.45 rows=1 width=121)
	  Index Cond: (id = 4718617)

table 2 : explain SELECT c FROM sbtest2 WHERE id=2032570
	Index Scan using sbtest2_pkey on sbtest2  (cost=0.43..8.45 rows=1 width=121)
	  Index Cond: (id = 2032570)

table 3 : explain SELECT c FROM sbtest3 WHERE id=5283807
	Index Scan using sbtest3_pkey on sbtest3  (cost=0.43..8.45 rows=1 width=121)
	  Index Cond: (id = 5283807)

table 4 : explain SELECT c FROM sbtest4 WHERE id=1130808
	Index Scan using sbtest4_pkey on sbtest4  (cost=0.43..8.45 rows=1 width=121)
	  Index Cond: (id = 1130808)

table 5 : explain SELECT c FROM sbtest5 WHERE id=1290497
	Index Scan using sbtest5_pkey on sbtest5  (cost=0.43..8.45 rows=1 width=121)
	  Index Cond: (id = 1290497)

table 6 : explain SELECT c FROM sbtest6 WHERE id=2426371
	Index Scan using sbtest6_pkey on sbtest6  (cost=0.43..8.45 rows=1 width=121)
	  Index Cond: (id = 2426371)

table 7 : explain SELECT c FROM sbtest7 WHERE id=7540734
	Index Scan using sbtest7_pkey on sbtest7  (cost=0.43..8.45 rows=1 width=121)
	  Index Cond: (id = 7540734)

table 8 : explain SELECT c FROM sbtest8 WHERE id=7011785
	Index Scan using sbtest8_pkey on sbtest8  (cost=0.43..8.45 rows=1 width=121)
	  Index Cond: (id = 7011785)

for point_selects
table 1 : explain SELECT c FROM sbtest1 WHERE id=8302533
	Index Scan using sbtest1_pkey on sbtest1  (cost=0.43..8.45 rows=1 width=121)
	  Index Cond: (id = 8302533)

table 2 : explain SELECT c FROM sbtest2 WHERE id=9661375
	Index Scan using sbtest2_pkey on sbtest2  (cost=0.43..8.45 rows=1 width=121)
	  Index Cond: (id = 9661375)

table 3 : explain SELECT c FROM sbtest3 WHERE id=71135
	Index Scan using sbtest3_pkey on sbtest3  (cost=0.43..8.45 rows=1 width=121)
	  Index Cond: (id = 71135)

table 4 : explain SELECT c FROM sbtest4 WHERE id=4689840
	Index Scan using sbtest4_pkey on sbtest4  (cost=0.43..8.45 rows=1 width=121)
	  Index Cond: (id = 4689840)

table 5 : explain SELECT c FROM sbtest5 WHERE id=8081013
	Index Scan using sbtest5_pkey on sbtest5  (cost=0.43..8.45 rows=1 width=121)
	  Index Cond: (id = 8081013)

table 6 : explain SELECT c FROM sbtest6 WHERE id=3522868
	Index Scan using sbtest6_pkey on sbtest6  (cost=0.43..8.45 rows=1 width=121)
	  Index Cond: (id = 3522868)

table 7 : explain SELECT c FROM sbtest7 WHERE id=7181651
	Index Scan using sbtest7_pkey on sbtest7  (cost=0.43..8.45 rows=1 width=121)
	  Index Cond: (id = 7181651)

table 8 : explain SELECT c FROM sbtest8 WHERE id=9437022
	Index Scan using sbtest8_pkey on sbtest8  (cost=0.43..8.45 rows=1 width=121)
	  Index Cond: (id = 9437022)

for point_selects
table 1 : explain SELECT c FROM sbtest1 WHERE id=9838634
	Index Scan using sbtest1_pkey on sbtest1  (cost=0.43..8.45 rows=1 width=121)
	  Index Cond: (id = 9838634)

table 2 : explain SELECT c FROM sbtest2 WHERE id=5224792
	Index Scan using sbtest2_pkey on sbtest2  (cost=0.43..8.45 rows=1 width=121)
	  Index Cond: (id = 5224792)

table 3 : explain SELECT c FROM sbtest3 WHERE id=5435294
	Index Scan using sbtest3_pkey on sbtest3  (cost=0.43..8.45 rows=1 width=121)
	  Index Cond: (id = 5435294)

table 4 : explain SELECT c FROM sbtest4 WHERE id=7459526
	Index Scan using sbtest4_pkey on sbtest4  (cost=0.43..8.45 rows=1 width=121)
	  Index Cond: (id = 7459526)

table 5 : explain SELECT c FROM sbtest5 WHERE id=5234406
	Index Scan using sbtest5_pkey on sbtest5  (cost=0.43..8.45 rows=1 width=121)
	  Index Cond: (id = 5234406)

table 6 : explain SELECT c FROM sbtest6 WHERE id=1840393
	Index Scan using sbtest6_pkey on sbtest6  (cost=0.43..8.45 rows=1 width=121)
	  Index Cond: (id = 1840393)

table 7 : explain SELECT c FROM sbtest7 WHERE id=5431333
	Index Scan using sbtest7_pkey on sbtest7  (cost=0.43..8.45 rows=1 width=121)
	  Index Cond: (id = 5431333)

table 8 : explain SELECT c FROM sbtest8 WHERE id=9934902
	Index Scan using sbtest8_pkey on sbtest8  (cost=0.43..8.45 rows=1 width=121)
	  Index Cond: (id = 9934902)

for point_selects
table 1 : explain SELECT c FROM sbtest1 WHERE id=7486179
	Index Scan using sbtest1_pkey on sbtest1  (cost=0.43..8.45 rows=1 width=121)
	  Index Cond: (id = 7486179)

table 2 : explain SELECT c FROM sbtest2 WHERE id=4083543
	Index Scan using sbtest2_pkey on sbtest2  (cost=0.43..8.45 rows=1 width=121)
	  Index Cond: (id = 4083543)

table 3 : explain SELECT c FROM sbtest3 WHERE id=5681821
	Index Scan using sbtest3_pkey on sbtest3  (cost=0.43..8.45 rows=1 width=121)
	  Index Cond: (id = 5681821)

table 4 : explain SELECT c FROM sbtest4 WHERE id=6795564
	Index Scan using sbtest4_pkey on sbtest4  (cost=0.43..8.45 rows=1 width=121)
	  Index Cond: (id = 6795564)

table 5 : explain SELECT c FROM sbtest5 WHERE id=6290256
	Index Scan using sbtest5_pkey on sbtest5  (cost=0.43..8.45 rows=1 width=121)
	  Index Cond: (id = 6290256)

table 6 : explain SELECT c FROM sbtest6 WHERE id=7434701
	Index Scan using sbtest6_pkey on sbtest6  (cost=0.43..8.45 rows=1 width=121)
	  Index Cond: (id = 7434701)

table 7 : explain SELECT c FROM sbtest7 WHERE id=2806282
	Index Scan using sbtest7_pkey on sbtest7  (cost=0.43..8.45 rows=1 width=121)
	  Index Cond: (id = 2806282)

table 8 : explain SELECT c FROM sbtest8 WHERE id=6083691
	Index Scan using sbtest8_pkey on sbtest8  (cost=0.43..8.45 rows=1 width=121)
	  Index Cond: (id = 6083691)

for point_selects
table 1 : explain SELECT c FROM sbtest1 WHERE id=393542
	Index Scan using sbtest1_pkey on sbtest1  (cost=0.43..8.45 rows=1 width=121)
	  Index Cond: (id = 393542)

table 2 : explain SELECT c FROM sbtest2 WHERE id=1071347
	Index Scan using sbtest2_pkey on sbtest2  (cost=0.43..8.45 rows=1 width=121)
	  Index Cond: (id = 1071347)

table 3 : explain SELECT c FROM sbtest3 WHERE id=9468508
	Index Scan using sbtest3_pkey on sbtest3  (cost=0.43..8.45 rows=1 width=121)
	  Index Cond: (id = 9468508)

table 4 : explain SELECT c FROM sbtest4 WHERE id=1703199
	Index Scan using sbtest4_pkey on sbtest4  (cost=0.43..8.45 rows=1 width=121)
	  Index Cond: (id = 1703199)

table 5 : explain SELECT c FROM sbtest5 WHERE id=1010873
	Index Scan using sbtest5_pkey on sbtest5  (cost=0.43..8.45 rows=1 width=121)
	  Index Cond: (id = 1010873)

table 6 : explain SELECT c FROM sbtest6 WHERE id=8670434
	Index Scan using sbtest6_pkey on sbtest6  (cost=0.43..8.45 rows=1 width=121)
	  Index Cond: (id = 8670434)

table 7 : explain SELECT c FROM sbtest7 WHERE id=3898584
	Index Scan using sbtest7_pkey on sbtest7  (cost=0.43..8.45 rows=1 width=121)
	  Index Cond: (id = 3898584)

table 8 : explain SELECT c FROM sbtest8 WHERE id=9548016
	Index Scan using sbtest8_pkey on sbtest8  (cost=0.43..8.45 rows=1 width=121)
	  Index Cond: (id = 9548016)

for point_selects
table 1 : explain SELECT c FROM sbtest1 WHERE id=2716606
	Index Scan using sbtest1_pkey on sbtest1  (cost=0.43..8.45 rows=1 width=121)
	  Index Cond: (id = 2716606)

table 2 : explain SELECT c FROM sbtest2 WHERE id=2592510
	Index Scan using sbtest2_pkey on sbtest2  (cost=0.43..8.45 rows=1 width=121)
	  Index Cond: (id = 2592510)

table 3 : explain SELECT c FROM sbtest3 WHERE id=599190
	Index Scan using sbtest3_pkey on sbtest3  (cost=0.43..8.45 rows=1 width=121)
	  Index Cond: (id = 599190)

table 4 : explain SELECT c FROM sbtest4 WHERE id=9195779
	Index Scan using sbtest4_pkey on sbtest4  (cost=0.43..8.45 rows=1 width=121)
	  Index Cond: (id = 9195779)

table 5 : explain SELECT c FROM sbtest5 WHERE id=4855683
	Index Scan using sbtest5_pkey on sbtest5  (cost=0.43..8.45 rows=1 width=121)
	  Index Cond: (id = 4855683)

table 6 : explain SELECT c FROM sbtest6 WHERE id=9556049
	Index Scan using sbtest6_pkey on sbtest6  (cost=0.43..8.45 rows=1 width=121)
	  Index Cond: (id = 9556049)

table 7 : explain SELECT c FROM sbtest7 WHERE id=1480228
	Index Scan using sbtest7_pkey on sbtest7  (cost=0.43..8.45 rows=1 width=121)
	  Index Cond: (id = 1480228)

table 8 : explain SELECT c FROM sbtest8 WHERE id=3013812
	Index Scan using sbtest8_pkey on sbtest8  (cost=0.43..8.45 rows=1 width=121)
	  Index Cond: (id = 3013812)

for point_selects
table 1 : explain SELECT c FROM sbtest1 WHERE id=9669238
	Index Scan using sbtest1_pkey on sbtest1  (cost=0.43..8.45 rows=1 width=121)
	  Index Cond: (id = 9669238)

table 2 : explain SELECT c FROM sbtest2 WHERE id=1169551
	Index Scan using sbtest2_pkey on sbtest2  (cost=0.43..8.45 rows=1 width=121)
	  Index Cond: (id = 1169551)

table 3 : explain SELECT c FROM sbtest3 WHERE id=6649619
	Index Scan using sbtest3_pkey on sbtest3  (cost=0.43..8.45 rows=1 width=121)
	  Index Cond: (id = 6649619)

table 4 : explain SELECT c FROM sbtest4 WHERE id=6490783
	Index Scan using sbtest4_pkey on sbtest4  (cost=0.43..8.45 rows=1 width=121)
	  Index Cond: (id = 6490783)

table 5 : explain SELECT c FROM sbtest5 WHERE id=4764366
	Index Scan using sbtest5_pkey on sbtest5  (cost=0.43..8.45 rows=1 width=121)
	  Index Cond: (id = 4764366)

table 6 : explain SELECT c FROM sbtest6 WHERE id=1933237
	Index Scan using sbtest6_pkey on sbtest6  (cost=0.43..8.45 rows=1 width=121)
	  Index Cond: (id = 1933237)

table 7 : explain SELECT c FROM sbtest7 WHERE id=6341413
	Index Scan using sbtest7_pkey on sbtest7  (cost=0.43..8.45 rows=1 width=121)
	  Index Cond: (id = 6341413)

table 8 : explain SELECT c FROM sbtest8 WHERE id=1943734
	Index Scan using sbtest8_pkey on sbtest8  (cost=0.43..8.45 rows=1 width=121)
	  Index Cond: (id = 1943734)

for point_selects
table 1 : explain SELECT c FROM sbtest1 WHERE id=3080605
	Index Scan using sbtest1_pkey on sbtest1  (cost=0.43..8.45 rows=1 width=121)
	  Index Cond: (id = 3080605)

table 2 : explain SELECT c FROM sbtest2 WHERE id=1761164
	Index Scan using sbtest2_pkey on sbtest2  (cost=0.43..8.45 rows=1 width=121)
	  Index Cond: (id = 1761164)

table 3 : explain SELECT c FROM sbtest3 WHERE id=5826418
	Index Scan using sbtest3_pkey on sbtest3  (cost=0.43..8.45 rows=1 width=121)
	  Index Cond: (id = 5826418)

table 4 : explain SELECT c FROM sbtest4 WHERE id=7663281
	Index Scan using sbtest4_pkey on sbtest4  (cost=0.43..8.45 rows=1 width=121)
	  Index Cond: (id = 7663281)

table 5 : explain SELECT c FROM sbtest5 WHERE id=4833607
	Index Scan using sbtest5_pkey on sbtest5  (cost=0.43..8.45 rows=1 width=121)
	  Index Cond: (id = 4833607)

table 6 : explain SELECT c FROM sbtest6 WHERE id=1527117
	Index Scan using sbtest6_pkey on sbtest6  (cost=0.43..8.45 rows=1 width=121)
	  Index Cond: (id = 1527117)

table 7 : explain SELECT c FROM sbtest7 WHERE id=405489
	Index Scan using sbtest7_pkey on sbtest7  (cost=0.43..8.45 rows=1 width=121)
	  Index Cond: (id = 405489)

table 8 : explain SELECT c FROM sbtest8 WHERE id=6010018
	Index Scan using sbtest8_pkey on sbtest8  (cost=0.43..8.45 rows=1 width=121)
	  Index Cond: (id = 6010018)

for point_selects
table 1 : explain SELECT c FROM sbtest1 WHERE id=2456622
	Index Scan using sbtest1_pkey on sbtest1  (cost=0.43..8.45 rows=1 width=121)
	  Index Cond: (id = 2456622)

table 2 : explain SELECT c FROM sbtest2 WHERE id=4438711
	Index Scan using sbtest2_pkey on sbtest2  (cost=0.43..8.45 rows=1 width=121)
	  Index Cond: (id = 4438711)

table 3 : explain SELECT c FROM sbtest3 WHERE id=9434152
	Index Scan using sbtest3_pkey on sbtest3  (cost=0.43..8.45 rows=1 width=121)
	  Index Cond: (id = 9434152)

table 4 : explain SELECT c FROM sbtest4 WHERE id=165203
	Index Scan using sbtest4_pkey on sbtest4  (cost=0.43..8.45 rows=1 width=121)
	  Index Cond: (id = 165203)

table 5 : explain SELECT c FROM sbtest5 WHERE id=191091
	Index Scan using sbtest5_pkey on sbtest5  (cost=0.43..8.45 rows=1 width=121)
	  Index Cond: (id = 191091)

table 6 : explain SELECT c FROM sbtest6 WHERE id=3194135
	Index Scan using sbtest6_pkey on sbtest6  (cost=0.43..8.45 rows=1 width=121)
	  Index Cond: (id = 3194135)

table 7 : explain SELECT c FROM sbtest7 WHERE id=5370893
	Index Scan using sbtest7_pkey on sbtest7  (cost=0.43..8.45 rows=1 width=121)
	  Index Cond: (id = 5370893)

table 8 : explain SELECT c FROM sbtest8 WHERE id=7979879
	Index Scan using sbtest8_pkey on sbtest8  (cost=0.43..8.45 rows=1 width=121)
	  Index Cond: (id = 7979879)

for point_selects
table 1 : explain SELECT c FROM sbtest1 WHERE id=1960124
	Index Scan using sbtest1_pkey on sbtest1  (cost=0.43..8.45 rows=1 width=121)
	  Index Cond: (id = 1960124)

table 2 : explain SELECT c FROM sbtest2 WHERE id=4106045
	Index Scan using sbtest2_pkey on sbtest2  (cost=0.43..8.45 rows=1 width=121)
	  Index Cond: (id = 4106045)

table 3 : explain SELECT c FROM sbtest3 WHERE id=1517392
	Index Scan using sbtest3_pkey on sbtest3  (cost=0.43..8.45 rows=1 width=121)
	  Index Cond: (id = 1517392)

table 4 : explain SELECT c FROM sbtest4 WHERE id=6654242
	Index Scan using sbtest4_pkey on sbtest4  (cost=0.43..8.45 rows=1 width=121)
	  Index Cond: (id = 6654242)

table 5 : explain SELECT c FROM sbtest5 WHERE id=4971504
	Index Scan using sbtest5_pkey on sbtest5  (cost=0.43..8.45 rows=1 width=121)
	  Index Cond: (id = 4971504)

table 6 : explain SELECT c FROM sbtest6 WHERE id=5033803
	Index Scan using sbtest6_pkey on sbtest6  (cost=0.43..8.45 rows=1 width=121)
	  Index Cond: (id = 5033803)

table 7 : explain SELECT c FROM sbtest7 WHERE id=4853856
	Index Scan using sbtest7_pkey on sbtest7  (cost=0.43..8.45 rows=1 width=121)
	  Index Cond: (id = 4853856)

table 8 : explain SELECT c FROM sbtest8 WHERE id=3784334
	Index Scan using sbtest8_pkey on sbtest8  (cost=0.43..8.45 rows=1 width=121)
	  Index Cond: (id = 3784334)

for point_selects
table 1 : explain SELECT c FROM sbtest1 WHERE id=2959752
	Index Scan using sbtest1_pkey on sbtest1  (cost=0.43..8.45 rows=1 width=121)
	  Index Cond: (id = 2959752)

table 2 : explain SELECT c FROM sbtest2 WHERE id=2328553
	Index Scan using sbtest2_pkey on sbtest2  (cost=0.43..8.45 rows=1 width=121)
	  Index Cond: (id = 2328553)

table 3 : explain SELECT c FROM sbtest3 WHERE id=8160868
	Index Scan using sbtest3_pkey on sbtest3  (cost=0.43..8.45 rows=1 width=121)
	  Index Cond: (id = 8160868)

table 4 : explain SELECT c FROM sbtest4 WHERE id=1789380
	Index Scan using sbtest4_pkey on sbtest4  (cost=0.43..8.45 rows=1 width=121)
	  Index Cond: (id = 1789380)

table 5 : explain SELECT c FROM sbtest5 WHERE id=8364816
	Index Scan using sbtest5_pkey on sbtest5  (cost=0.43..8.45 rows=1 width=121)
	  Index Cond: (id = 8364816)

table 6 : explain SELECT c FROM sbtest6 WHERE id=6879862
	Index Scan using sbtest6_pkey on sbtest6  (cost=0.43..8.45 rows=1 width=121)
	  Index Cond: (id = 6879862)

table 7 : explain SELECT c FROM sbtest7 WHERE id=117526
	Index Scan using sbtest7_pkey on sbtest7  (cost=0.43..8.45 rows=1 width=121)
	  Index Cond: (id = 117526)

table 8 : explain SELECT c FROM sbtest8 WHERE id=8405299
	Index Scan using sbtest8_pkey on sbtest8  (cost=0.43..8.45 rows=1 width=121)
	  Index Cond: (id = 8405299)

Threads started!

Warming up for 5 seconds...

SQL statistics:
    queries performed:
        read:                            635731762
        write:                           0
        other:                           0
        total:                           635731762
    transactions:                        635731762 (1009070.66 per sec.)
    queries:                             635731762 (1009070.66 per sec.)
    ignored errors:                      0      (0.00 per sec.)
    reconnects:                          0      (0.00 per sec.)

Throughput:
    events/s (eps):                      1009070.6628
    time elapsed:                        630.0172s
    total number of events:              635731762

Latency (ms):
         min:                                    0.03
         avg:                                    0.04
         max:                                   16.08
         95th percentile:                        0.04
         sum:                             25031831.55

Threads fairness:
    events (avg/stddev):           15893275.4250/194902.28
    execution time (avg/stddev):   625.7958/0.07

