LUA_PATH=/home/mdcallag/git/mytools/bench/sysbench.lua/lua/?.lua /home/mdcallag/git/mytools/bench/sysbench.lua/lua/sysbench --db-driver=pgsql --range-size=10 --table-size=10000000 --tables=8 --threads=40 --events=0 --warmup-time=5 --time=630 --pgsql_conn_id=true /home/mdcallag/git/mytools/bench/sysbench.lua/lua/oltp_read_only.lua run --pgsql-user=root --pgsql-password=pw --pgsql-host=127.0.0.1 --pgsql-db=ib --rand-type=uniform
48 CPUs
sysbench 1.1.0-9072687 (using bundled LuaJIT 2.1.0-beta3)

Running the test with following options:
Number of threads: 40
Warmup time: 5s
Initializing random number generator from current time


Initializing worker threads...

explain: for point_selects :: explain SELECT c FROM sbtest%u WHERE id=%u
explain: for point_selects :: explain SELECT c FROM sbtest%u WHERE id=%u
explain: for point_selects :: explain SELECT c FROM sbtest%u WHERE id=%u
explain: for point_selects :: explain SELECT c FROM sbtest%u WHERE id=%u
explain: for point_selects :: explain SELECT c FROM sbtest%u WHERE id=%u
explain: for point_selects :: explain SELECT c FROM sbtest%u WHERE id=%u
explain: for point_selects :: explain SELECT c FROM sbtest%u WHERE id=%u
explain: for point_selects :: explain SELECT c FROM sbtest%u WHERE id=%u
explain: for point_selects :: explain SELECT c FROM sbtest%u WHERE id=%u
explain: for point_selects :: explain SELECT c FROM sbtest%u WHERE id=%u
explain: for point_selects :: explain SELECT c FROM sbtest%u WHERE id=%u
explain: for point_selects :: explain SELECT c FROM sbtest%u WHERE id=%u
explain: for point_selects :: explain SELECT c FROM sbtest%u WHERE id=%u
explain: for point_selects :: explain SELECT c FROM sbtest%u WHERE id=%u
explain: for point_selects :: explain SELECT c FROM sbtest%u WHERE id=%u
explain: for point_selects :: explain SELECT c FROM sbtest%u WHERE id=%u
explain: for point_selects :: explain SELECT c FROM sbtest%u WHERE id=%u
explain: for point_selects :: explain SELECT c FROM sbtest%u WHERE id=%u
explain: for point_selects :: explain SELECT c FROM sbtest%u WHERE id=%u
explain: for point_selects :: explain SELECT c FROM sbtest%u WHERE id=%u
explain: for point_selects :: explain SELECT c FROM sbtest%u WHERE id=%u
explain: for point_selects :: explain SELECT c FROM sbtest%u WHERE id=%u
explain: for point_selects :: explain SELECT c FROM sbtest%u WHERE id=%u
explain: for point_selects :: explain SELECT c FROM sbtest%u WHERE id=%u
explain: for point_selects :: explain SELECT c FROM sbtest%u WHERE id=%u
explain: for point_selects :: explain SELECT c FROM sbtest%u WHERE id=%u
explain: for point_selects :: explain SELECT c FROM sbtest%u WHERE id=%u
explain: for point_selects :: explain SELECT c FROM sbtest%u WHERE id=%u
for point_selects
table 1 : explain SELECT c FROM sbtest1 WHERE id=2902436
	Index Scan using sbtest1_pkey on sbtest1  (cost=0.43..8.45 rows=1 width=121)
	  Index Cond: (id = 2902436)

table 2 : explain SELECT c FROM sbtest2 WHERE id=1724492
	Index Scan using sbtest2_pkey on sbtest2  (cost=0.43..8.45 rows=1 width=121)
	  Index Cond: (id = 1724492)

table 3 : explain SELECT c FROM sbtest3 WHERE id=7649179
	Index Scan using sbtest3_pkey on sbtest3  (cost=0.43..8.45 rows=1 width=121)
	  Index Cond: (id = 7649179)

table 4 : explain SELECT c FROM sbtest4 WHERE id=8431356
	Index Scan using sbtest4_pkey on sbtest4  (cost=0.43..8.45 rows=1 width=121)
	  Index Cond: (id = 8431356)

table 5 : explain SELECT c FROM sbtest5 WHERE id=1704761
	Index Scan using sbtest5_pkey on sbtest5  (cost=0.43..8.45 rows=1 width=121)
	  Index Cond: (id = 1704761)

table 6 : explain SELECT c FROM sbtest6 WHERE id=3132872
	Index Scan using sbtest6_pkey on sbtest6  (cost=0.43..8.45 rows=1 width=121)
	  Index Cond: (id = 3132872)

table 7 : explain SELECT c FROM sbtest7 WHERE id=6360780
	Index Scan using sbtest7_pkey on sbtest7  (cost=0.43..8.45 rows=1 width=121)
	  Index Cond: (id = 6360780)

table 8 : explain SELECT c FROM sbtest8 WHERE id=8432092
	Index Scan using sbtest8_pkey on sbtest8  (cost=0.43..8.45 rows=1 width=121)
	  Index Cond: (id = 8432092)

explain: for point_selects :: explain SELECT c FROM sbtest%u WHERE id=%u
explain: for point_selects :: explain SELECT c FROM sbtest%u WHERE id=%u
explain: for point_selects :: explain SELECT c FROM sbtest%u WHERE id=%u
explain: for point_selects :: explain SELECT c FROM sbtest%u WHERE id=%u
explain: for point_selects :: explain SELECT c FROM sbtest%u WHERE id=%u
explain: for point_selects :: explain SELECT c FROM sbtest%u WHERE id=%u
explain: for point_selects :: explain SELECT c FROM sbtest%u WHERE id=%u
for point_selects
table 1 : explain SELECT c FROM sbtest1 WHERE id=3062938
	Index Scan using sbtest1_pkey on sbtest1  (cost=0.43..8.45 rows=1 width=121)
	  Index Cond: (id = 3062938)

table 2 : explain SELECT c FROM sbtest2 WHERE id=5622571
	Index Scan using sbtest2_pkey on sbtest2  (cost=0.43..8.45 rows=1 width=121)
	  Index Cond: (id = 5622571)

table 3 : explain SELECT c FROM sbtest3 WHERE id=2387019
	Index Scan using sbtest3_pkey on sbtest3  (cost=0.43..8.45 rows=1 width=121)
	  Index Cond: (id = 2387019)

table 4 : explain SELECT c FROM sbtest4 WHERE id=1378308
	Index Scan using sbtest4_pkey on sbtest4  (cost=0.43..8.45 rows=1 width=121)
	  Index Cond: (id = 1378308)

table 5 : explain SELECT c FROM sbtest5 WHERE id=8872565
	Index Scan using sbtest5_pkey on sbtest5  (cost=0.43..8.45 rows=1 width=121)
	  Index Cond: (id = 8872565)

table 6 : explain SELECT c FROM sbtest6 WHERE id=9950905
	Index Scan using sbtest6_pkey on sbtest6  (cost=0.43..8.45 rows=1 width=121)
	  Index Cond: (id = 9950905)

table 7 : explain SELECT c FROM sbtest7 WHERE id=2867457
	Index Scan using sbtest7_pkey on sbtest7  (cost=0.43..8.45 rows=1 width=121)
	  Index Cond: (id = 2867457)

table 8 : explain SELECT c FROM sbtest8 WHERE id=4591453
	Index Scan using sbtest8_pkey on sbtest8  (cost=0.43..8.45 rows=1 width=121)
	  Index Cond: (id = 4591453)

explain: for point_selects :: explain SELECT c FROM sbtest%u WHERE id=%u
for point_selects
table 1 : explain SELECT c FROM sbtest1 WHERE id=7045205
	Index Scan using sbtest1_pkey on sbtest1  (cost=0.43..8.45 rows=1 width=121)
	  Index Cond: (id = 7045205)

table 2 : explain SELECT c FROM sbtest2 WHERE id=3735434
	Index Scan using sbtest2_pkey on sbtest2  (cost=0.43..8.45 rows=1 width=121)
	  Index Cond: (id = 3735434)

table 3 : explain SELECT c FROM sbtest3 WHERE id=6448996
	Index Scan using sbtest3_pkey on sbtest3  (cost=0.43..8.45 rows=1 width=121)
	  Index Cond: (id = 6448996)

table 4 : explain SELECT c FROM sbtest4 WHERE id=9113325
	Index Scan using sbtest4_pkey on sbtest4  (cost=0.43..8.45 rows=1 width=121)
	  Index Cond: (id = 9113325)

table 5 : explain SELECT c FROM sbtest5 WHERE id=146860
	Index Scan using sbtest5_pkey on sbtest5  (cost=0.43..8.45 rows=1 width=121)
	  Index Cond: (id = 146860)

table 6 : explain SELECT c FROM sbtest6 WHERE id=5075492
	Index Scan using sbtest6_pkey on sbtest6  (cost=0.43..8.45 rows=1 width=121)
	  Index Cond: (id = 5075492)

table 7 : explain SELECT c FROM sbtest7 WHERE id=5821889
	Index Scan using sbtest7_pkey on sbtest7  (cost=0.43..8.45 rows=1 width=121)
	  Index Cond: (id = 5821889)

table 8 : explain SELECT c FROM sbtest8 WHERE id=430281
	Index Scan using sbtest8_pkey on sbtest8  (cost=0.43..8.45 rows=1 width=121)
	  Index Cond: (id = 430281)

for point_selects
table 1 : explain SELECT c FROM sbtest1 WHERE id=5047130
	Index Scan using sbtest1_pkey on sbtest1  (cost=0.43..8.45 rows=1 width=121)
	  Index Cond: (id = 5047130)

table 2 : explain SELECT c FROM sbtest2 WHERE id=806015
	Index Scan using sbtest2_pkey on sbtest2  (cost=0.43..8.45 rows=1 width=121)
	  Index Cond: (id = 806015)

table 3 : explain SELECT c FROM sbtest3 WHERE id=6822099
	Index Scan using sbtest3_pkey on sbtest3  (cost=0.43..8.45 rows=1 width=121)
	  Index Cond: (id = 6822099)

table 4 : explain SELECT c FROM sbtest4 WHERE id=9185359
	Index Scan using sbtest4_pkey on sbtest4  (cost=0.43..8.45 rows=1 width=121)
	  Index Cond: (id = 9185359)

table 5 : explain SELECT c FROM sbtest5 WHERE id=4873970
	Index Scan using sbtest5_pkey on sbtest5  (cost=0.43..8.45 rows=1 width=121)
	  Index Cond: (id = 4873970)

table 6 : explain SELECT c FROM sbtest6 WHERE id=6189140
	Index Scan using sbtest6_pkey on sbtest6  (cost=0.43..8.45 rows=1 width=121)
	  Index Cond: (id = 6189140)

table 7 : explain SELECT c FROM sbtest7 WHERE id=5032766
	Index Scan using sbtest7_pkey on sbtest7  (cost=0.43..8.45 rows=1 width=121)
	  Index Cond: (id = 5032766)

table 8 : explain SELECT c FROM sbtest8 WHERE id=6228719
	Index Scan using sbtest8_pkey on sbtest8  (cost=0.43..8.45 rows=1 width=121)
	  Index Cond: (id = 6228719)
for point_selects
table 1 : explain SELECT c FROM sbtest1 WHERE id=5678666
	Index Scan using sbtest1_pkey on sbtest1  (cost=0.43..8.45 rows=1 width=121)
	  Index Cond: (id = 5678666)

table 2 : explain SELECT c FROM sbtest2 WHERE id=2085914
	Index Scan using sbtest2_pkey on sbtest2  (cost=0.43..8.45 rows=1 width=121)
	  Index Cond: (id = 2085914)

table 3 : explain SELECT c FROM sbtest3 WHERE id=8410636
	Index Scan using sbtest3_pkey on sbtest3  (cost=0.43..8.45 rows=1 width=121)
	  Index Cond: (id = 8410636)

table 4 : explain SELECT c FROM sbtest4 WHERE id=8474737
	Index Scan using sbtest4_pkey on sbtest4  (cost=0.43..8.45 rows=1 width=121)
	  Index Cond: (id = 8474737)

table 5 : explain SELECT c FROM sbtest5 WHERE id=2097285
	Index Scan using sbtest5_pkey on sbtest5  (cost=0.43..8.45 rows=1 width=121)
	  Index Cond: (id = 2097285)

table 6 : explain SELECT c FROM sbtest6 WHERE id=1871502
	Index Scan using sbtest6_pkey on sbtest6  (cost=0.43..8.45 rows=1 width=121)
	  Index Cond: (id = 1871502)

table 7 : explain SELECT c FROM sbtest7 WHERE id=8064755
	Index Scan using sbtest7_pkey on sbtest7  (cost=0.43..8.45 rows=1 width=121)
	  Index Cond: (id = 8064755)

table 8 : explain SELECT c FROM sbtest8 WHERE id=3109982
	Index Scan using sbtest8_pkey on sbtest8  (cost=0.43..8.45 rows=1 width=121)
	  Index Cond: (id = 3109982)


for point_selects
table 1 : explain SELECT c FROM sbtest1 WHERE id=1367797
	Index Scan using sbtest1_pkey on sbtest1  (cost=0.43..8.45 rows=1 width=121)
	  Index Cond: (id = 1367797)

table 2 : explain SELECT c FROM sbtest2 WHERE id=5354250
	Index Scan using sbtest2_pkey on sbtest2  (cost=0.43..8.45 rows=1 width=121)
	  Index Cond: (id = 5354250)

table 3 : explain SELECT c FROM sbtest3 WHERE id=9895165
	Index Scan using sbtest3_pkey on sbtest3  (cost=0.43..8.45 rows=1 width=121)
	  Index Cond: (id = 9895165)

table 4 : explain SELECT c FROM sbtest4 WHERE id=2800857
	Index Scan using sbtest4_pkey on sbtest4  (cost=0.43..8.45 rows=1 width=121)
	  Index Cond: (id = 2800857)

table 5 : explain SELECT c FROM sbtest5 WHERE id=7557581
	Index Scan using sbtest5_pkey on sbtest5  (cost=0.43..8.45 rows=1 width=121)
	  Index Cond: (id = 7557581)

table 6 : explain SELECT c FROM sbtest6 WHERE id=2386
	Index Scan using sbtest6_pkey on sbtest6  (cost=0.43..8.45 rows=1 width=121)
	  Index Cond: (id = 2386)

table 7 : explain SELECT c FROM sbtest7 WHERE id=2904760
	Index Scan using sbtest7_pkey on sbtest7  (cost=0.43..8.45 rows=1 width=121)
	  Index Cond: (id = 2904760)

table 8 : explain SELECT c FROM sbtest8 WHERE id=4505661
	Index Scan using sbtest8_pkey on sbtest8  (cost=0.43..8.45 rows=1 width=121)
	  Index Cond: (id = 4505661)

for point_selects
table 1 : explain SELECT c FROM sbtest1 WHERE id=5308457
	Index Scan using sbtest1_pkey on sbtest1  (cost=0.43..8.45 rows=1 width=121)
	  Index Cond: (id = 5308457)

table 2 : explain SELECT c FROM sbtest2 WHERE id=7073987
	Index Scan using sbtest2_pkey on sbtest2  (cost=0.43..8.45 rows=1 width=121)
	  Index Cond: (id = 7073987)

table 3 : explain SELECT c FROM sbtest3 WHERE id=2805965
	Index Scan using sbtest3_pkey on sbtest3  (cost=0.43..8.45 rows=1 width=121)
	  Index Cond: (id = 2805965)

table 4 : explain SELECT c FROM sbtest4 WHERE id=4925714
	Index Scan using sbtest4_pkey on sbtest4  (cost=0.43..8.45 rows=1 width=121)
	  Index Cond: (id = 4925714)

table 5 : explain SELECT c FROM sbtest5 WHERE id=3392086
	Index Scan using sbtest5_pkey on sbtest5  (cost=0.43..8.45 rows=1 width=121)
	  Index Cond: (id = 3392086)

table 6 : explain SELECT c FROM sbtest6 WHERE id=8462899
	Index Scan using sbtest6_pkey on sbtest6  (cost=0.43..8.45 rows=1 width=121)
	  Index Cond: (id = 8462899)

table 7 : explain SELECT c FROM sbtest7 WHERE id=2916121
	Index Scan using sbtest7_pkey on sbtest7  (cost=0.43..8.45 rows=1 width=121)
	  Index Cond: (id = 2916121)

table 8 : explain SELECT c FROM sbtest8 WHERE id=5425156
	Index Scan using sbtest8_pkey on sbtest8  (cost=0.43..8.45 rows=1 width=121)
	  Index Cond: (id = 5425156)

for point_selects
table 1 : explain SELECT c FROM sbtest1 WHERE id=41161
	Index Scan using sbtest1_pkey on sbtest1  (cost=0.43..8.45 rows=1 width=121)
	  Index Cond: (id = 41161)

table 2 : explain SELECT c FROM sbtest2 WHERE id=6528246
	Index Scan using sbtest2_pkey on sbtest2  (cost=0.43..8.45 rows=1 width=121)
	  Index Cond: (id = 6528246)

table 3 : explain SELECT c FROM sbtest3 WHERE id=5171756
	Index Scan using sbtest3_pkey on sbtest3  (cost=0.43..8.45 rows=1 width=121)
	  Index Cond: (id = 5171756)

table 4 : explain SELECT c FROM sbtest4 WHERE id=9682312
	Index Scan using sbtest4_pkey on sbtest4  (cost=0.43..8.45 rows=1 width=121)
	  Index Cond: (id = 9682312)

table 5 : explain SELECT c FROM sbtest5 WHERE id=6310519
	Index Scan using sbtest5_pkey on sbtest5  (cost=0.43..8.45 rows=1 width=121)
	  Index Cond: (id = 6310519)

table 6 : explain SELECT c FROM sbtest6 WHERE id=1315764
	Index Scan using sbtest6_pkey on sbtest6  (cost=0.43..8.45 rows=1 width=121)
	  Index Cond: (id = 1315764)

table 7 : explain SELECT c FROM sbtest7 WHERE id=3879770
	Index Scan using sbtest7_pkey on sbtest7  (cost=0.43..8.45 rows=1 width=121)
	  Index Cond: (id = 3879770)

table 8 : explain SELECT c FROM sbtest8 WHERE id=548133
	Index Scan using sbtest8_pkey on sbtest8  (cost=0.43..8.45 rows=1 width=121)
	  Index Cond: (id = 548133)

explain: for point_selects :: explain SELECT c FROM sbtest%u WHERE id=%u
for point_selects
table 1 : explain SELECT c FROM sbtest1 WHERE id=9053312
	Index Scan using sbtest1_pkey on sbtest1  (cost=0.43..8.45 rows=1 width=121)
	  Index Cond: (id = 9053312)

table 2 : explain SELECT c FROM sbtest2 WHERE id=2002304
	Index Scan using sbtest2_pkey on sbtest2  (cost=0.43..8.45 rows=1 width=121)
	  Index Cond: (id = 2002304)

table 3 : explain SELECT c FROM sbtest3 WHERE id=8538564
	Index Scan using sbtest3_pkey on sbtest3  (cost=0.43..8.45 rows=1 width=121)
	  Index Cond: (id = 8538564)

table 4 : explain SELECT c FROM sbtest4 WHERE id=4384516
	Index Scan using sbtest4_pkey on sbtest4  (cost=0.43..8.45 rows=1 width=121)
	  Index Cond: (id = 4384516)

table 5 : explain SELECT c FROM sbtest5 WHERE id=7514975
	Index Scan using sbtest5_pkey on sbtest5  (cost=0.43..8.45 rows=1 width=121)
	  Index Cond: (id = 7514975)

table 6 : explain SELECT c FROM sbtest6 WHERE id=5848159
	Index Scan using sbtest6_pkey on sbtest6  (cost=0.43..8.45 rows=1 width=121)
	  Index Cond: (id = 5848159)

table 7 : explain SELECT c FROM sbtest7 WHERE id=3284411
	Index Scan using sbtest7_pkey on sbtest7  (cost=0.43..8.45 rows=1 width=121)
	  Index Cond: (id = 3284411)

table 8 : explain SELECT c FROM sbtest8 WHERE id=5744920
	Index Scan using sbtest8_pkey on sbtest8  (cost=0.43..8.45 rows=1 width=121)
	  Index Cond: (id = 5744920)

for point_selects
table 1 : explain SELECT c FROM sbtest1 WHERE id=7028420
	Index Scan using sbtest1_pkey on sbtest1  (cost=0.43..8.45 rows=1 width=121)
	  Index Cond: (id = 7028420)

table 2 : explain SELECT c FROM sbtest2 WHERE id=7983561
	Index Scan using sbtest2_pkey on sbtest2  (cost=0.43..8.45 rows=1 width=121)
	  Index Cond: (id = 7983561)

table 3 : explain SELECT c FROM sbtest3 WHERE id=223537
	Index Scan using sbtest3_pkey on sbtest3  (cost=0.43..8.45 rows=1 width=121)
	  Index Cond: (id = 223537)

table 4 : explain SELECT c FROM sbtest4 WHERE id=9163468
	Index Scan using sbtest4_pkey on sbtest4  (cost=0.43..8.45 rows=1 width=121)
	  Index Cond: (id = 9163468)

table 5 : explain SELECT c FROM sbtest5 WHERE id=3194594
	Index Scan using sbtest5_pkey on sbtest5  (cost=0.43..8.45 rows=1 width=121)
	  Index Cond: (id = 3194594)

table 6 : explain SELECT c FROM sbtest6 WHERE id=2736993
	Index Scan using sbtest6_pkey on sbtest6  (cost=0.43..8.45 rows=1 width=121)
	  Index Cond: (id = 2736993)

table 7 : explain SELECT c FROM sbtest7 WHERE id=461302
	Index Scan using sbtest7_pkey on sbtest7  (cost=0.43..8.45 rows=1 width=121)
	  Index Cond: (id = 461302)

table 8 : explain SELECT c FROM sbtest8 WHERE id=8490622
	Index Scan using sbtest8_pkey on sbtest8  (cost=0.43..8.45 rows=1 width=121)
	  Index Cond: (id = 8490622)

for point_selects
table 1 : explain SELECT c FROM sbtest1 WHERE id=4466649
	Index Scan using sbtest1_pkey on sbtest1  (cost=0.43..8.45 rows=1 width=121)
	  Index Cond: (id = 4466649)

table 2 : explain SELECT c FROM sbtest2 WHERE id=3234902
	Index Scan using sbtest2_pkey on sbtest2  (cost=0.43..8.45 rows=1 width=121)
	  Index Cond: (id = 3234902)

table 3 : explain SELECT c FROM sbtest3 WHERE id=3329944
	Index Scan using sbtest3_pkey on sbtest3  (cost=0.43..8.45 rows=1 width=121)
	  Index Cond: (id = 3329944)

table 4 : explain SELECT c FROM sbtest4 WHERE id=9395455
	Index Scan using sbtest4_pkey on sbtest4  (cost=0.43..8.45 rows=1 width=121)
	  Index Cond: (id = 9395455)

table 5 : explain SELECT c FROM sbtest5 WHERE id=2067330
	Index Scan using sbtest5_pkey on sbtest5  (cost=0.43..8.45 rows=1 width=121)
	  Index Cond: (id = 2067330)

table 6 : explain SELECT c FROM sbtest6 WHERE id=7091735
	Index Scan using sbtest6_pkey on sbtest6  (cost=0.43..8.45 rows=1 width=121)
	  Index Cond: (id = 7091735)

table 7 : explain SELECT c FROM sbtest7 WHERE id=3824967
	Index Scan using sbtest7_pkey on sbtest7  (cost=0.43..8.45 rows=1 width=121)
	  Index Cond: (id = 3824967)

table 8 : explain SELECT c FROM sbtest8 WHERE id=84195
	Index Scan using sbtest8_pkey on sbtest8  (cost=0.43..8.45 rows=1 width=121)
	  Index Cond: (id = 84195)
for point_selects
table 1 : explain SELECT c FROM sbtest1 WHERE id=9859012
	Index Scan using sbtest1_pkey on sbtest1  (cost=0.43..8.45 rows=1 width=121)
	  Index Cond: (id = 9859012)

table 2 : explain SELECT c FROM sbtest2 WHERE id=6062515
	Index Scan using sbtest2_pkey on sbtest2  (cost=0.43..8.45 rows=1 width=121)
	  Index Cond: (id = 6062515)

table 3 : explain SELECT c FROM sbtest3 WHERE id=4624899
	Index Scan using sbtest3_pkey on sbtest3  (cost=0.43..8.45 rows=1 width=121)
	  Index Cond: (id = 4624899)

table 4 : explain SELECT c FROM sbtest4 WHERE id=1852079
	Index Scan using sbtest4_pkey on sbtest4  (cost=0.43..8.45 rows=1 width=121)
	  Index Cond: (id = 1852079)

table 5 : explain SELECT c FROM sbtest5 WHERE id=744913
	Index Scan using sbtest5_pkey on sbtest5  (cost=0.43..8.45 rows=1 width=121)
	  Index Cond: (id = 744913)

table 6 : explain SELECT c FROM sbtest6 WHERE id=6644675
	Index Scan using sbtest6_pkey on sbtest6  (cost=0.43..8.45 rows=1 width=121)
	  Index Cond: (id = 6644675)

table 7 : explain SELECT c FROM sbtest7 WHERE id=3019417
	Index Scan using sbtest7_pkey on sbtest7  (cost=0.43..8.45 rows=1 width=121)
	  Index Cond: (id = 3019417)

table 8 : explain SELECT c FROM sbtest8 WHERE id=4280325
	Index Scan using sbtest8_pkey on sbtest8  (cost=0.43..8.45 rows=1 width=121)
	  Index Cond: (id = 4280325)

for point_selects
table 1 : explain SELECT c FROM sbtest1 WHERE id=8358732
	Index Scan using sbtest1_pkey on sbtest1  (cost=0.43..8.45 rows=1 width=121)
	  Index Cond: (id = 8358732)

table 2 : explain SELECT c FROM sbtest2 WHERE id=3239535
	Index Scan using sbtest2_pkey on sbtest2  (cost=0.43..8.45 rows=1 width=121)
	  Index Cond: (id = 3239535)

table 3 : explain SELECT c FROM sbtest3 WHERE id=5706826
	Index Scan using sbtest3_pkey on sbtest3  (cost=0.43..8.45 rows=1 width=121)
	  Index Cond: (id = 5706826)

table 4 : explain SELECT c FROM sbtest4 WHERE id=2949674
	Index Scan using sbtest4_pkey on sbtest4  (cost=0.43..8.45 rows=1 width=121)
	  Index Cond: (id = 2949674)

table 5 : explain SELECT c FROM sbtest5 WHERE id=8982541
	Index Scan using sbtest5_pkey on sbtest5  (cost=0.43..8.45 rows=1 width=121)
	  Index Cond: (id = 8982541)

table 6 : explain SELECT c FROM sbtest6 WHERE id=8141213
	Index Scan using sbtest6_pkey on sbtest6  (cost=0.43..8.45 rows=1 width=121)
	  Index Cond: (id = 8141213)

table 7 : explain SELECT c FROM sbtest7 WHERE id=8214283
	Index Scan using sbtest7_pkey on sbtest7  (cost=0.43..8.45 rows=1 width=121)
	  Index Cond: (id = 8214283)

table 8 : explain SELECT c FROM sbtest8 WHERE id=4121615
	Index Scan using sbtest8_pkey on sbtest8  (cost=0.43..8.45 rows=1 width=121)
	  Index Cond: (id = 4121615)

explain: for point_selects :: explain SELECT c FROM sbtest%u WHERE id=%u
explain: for point_selects :: explain SELECT c FROM sbtest%u WHERE id=%u
for point_selects
table 1 : explain SELECT c FROM sbtest1 WHERE id=6884427
	Index Scan using sbtest1_pkey on sbtest1  (cost=0.43..8.45 rows=1 width=121)
	  Index Cond: (id = 6884427)

table 2 : explain SELECT c FROM sbtest2 WHERE id=5360333
	Index Scan using sbtest2_pkey on sbtest2  (cost=0.43..8.45 rows=1 width=121)
	  Index Cond: (id = 5360333)

table 3 : explain SELECT c FROM sbtest3 WHERE id=7929768
	Index Scan using sbtest3_pkey on sbtest3  (cost=0.43..8.45 rows=1 width=121)
	  Index Cond: (id = 7929768)

table 4 : explain SELECT c FROM sbtest4 WHERE id=5934730
	Index Scan using sbtest4_pkey on sbtest4  (cost=0.43..8.45 rows=1 width=121)
	  Index Cond: (id = 5934730)

table 5 : explain SELECT c FROM sbtest5 WHERE id=3785191
	Index Scan using sbtest5_pkey on sbtest5  (cost=0.43..8.45 rows=1 width=121)
	  Index Cond: (id = 3785191)

table 6 : explain SELECT c FROM sbtest6 WHERE id=1322385
	Index Scan using sbtest6_pkey on sbtest6  (cost=0.43..8.45 rows=1 width=121)
	  Index Cond: (id = 1322385)

table 7 : explain SELECT c FROM sbtest7 WHERE id=1583131
	Index Scan using sbtest7_pkey on sbtest7  (cost=0.43..8.45 rows=1 width=121)
	  Index Cond: (id = 1583131)

table 8 : explain SELECT c FROM sbtest8 WHERE id=6021444
	Index Scan using sbtest8_pkey on sbtest8  (cost=0.43..8.45 rows=1 width=121)
	  Index Cond: (id = 6021444)


explain: for point_selects :: explain SELECT c FROM sbtest%u WHERE id=%u
for point_selects
table 1 : explain SELECT c FROM sbtest1 WHERE id=9054864
	Index Scan using sbtest1_pkey on sbtest1  (cost=0.43..8.45 rows=1 width=121)
	  Index Cond: (id = 9054864)

table 2 : explain SELECT c FROM sbtest2 WHERE id=7699871
	Index Scan using sbtest2_pkey on sbtest2  (cost=0.43..8.45 rows=1 width=121)
	  Index Cond: (id = 7699871)

table 3 : explain SELECT c FROM sbtest3 WHERE id=3210648
	Index Scan using sbtest3_pkey on sbtest3  (cost=0.43..8.45 rows=1 width=121)
	  Index Cond: (id = 3210648)

table 4 : explain SELECT c FROM sbtest4 WHERE id=347219
	Index Scan using sbtest4_pkey on sbtest4  (cost=0.43..8.45 rows=1 width=121)
	  Index Cond: (id = 347219)

table 5 : explain SELECT c FROM sbtest5 WHERE id=4150174
	Index Scan using sbtest5_pkey on sbtest5  (cost=0.43..8.45 rows=1 width=121)
	  Index Cond: (id = 4150174)

table 6 : explain SELECT c FROM sbtest6 WHERE id=1773679
	Index Scan using sbtest6_pkey on sbtest6  (cost=0.43..8.45 rows=1 width=121)
	  Index Cond: (id = 1773679)

table 7 : explain SELECT c FROM sbtest7 WHERE id=8649759
	Index Scan using sbtest7_pkey on sbtest7  (cost=0.43..8.45 rows=1 width=121)
	  Index Cond: (id = 8649759)

table 8 : explain SELECT c FROM sbtest8 WHERE id=3128569
	Index Scan using sbtest8_pkey on sbtest8  (cost=0.43..8.45 rows=1 width=121)
	  Index Cond: (id = 3128569)

for: simple_ranges
table 1 : explain SELECT c FROM sbtest1 WHERE id BETWEEN 5325068 AND 5325077
	Index Scan using sbtest1_pkey on sbtest1  (cost=0.43..43.72 rows=10 width=121)
	  Index Cond: ((id >= 5325068) AND (id <= 5325077))

table 2 : explain SELECT c FROM sbtest2 WHERE id BETWEEN 990959 AND 990968
	Index Scan using sbtest2_pkey on sbtest2  (cost=0.43..47.65 rows=11 width=121)
	  Index Cond: ((id >= 990959) AND (id <= 990968))

table 3 : explain SELECT c FROM sbtest3 WHERE id BETWEEN 7736307 AND 7736316
	Index Scan using sbtest3_pkey on sbtest3  (cost=0.43..39.70 rows=9 width=121)
	  Index Cond: ((id >= 7736307) AND (id <= 7736316))

table 4 : explain SELECT c FROM sbtest4 WHERE id BETWEEN 2165804 AND 2165813
	Index Scan using sbtest4_pkey on sbtest4  (cost=0.43..39.53 rows=9 width=121)
	  Index Cond: ((id >= 2165804) AND (id <= 2165813))

table 5 : explain SELECT c FROM sbtest5 WHERE id BETWEEN 6368688 AND 6368697
	Index Scan using sbtest5_pkey on sbtest5  (cost=0.43..43.66 rows=10 width=121)
	  Index Cond: ((id >= 6368688) AND (id <= 6368697))

table 6 : explain SELECT c FROM sbtest6 WHERE id BETWEEN 8024137 AND 8024146
	Index Scan using sbtest6_pkey on sbtest6  (cost=0.43..43.62 rows=10 width=121)
	  Index Cond: ((id >= 8024137) AND (id <= 8024146))

table 7 : explain SELECT c FROM sbtest7 WHERE id BETWEEN 882154 AND 882163
	Index Scan using sbtest7_pkey on sbtest7  (cost=0.43..43.54 rows=10 width=121)
	  Index Cond: ((id >= 882154) AND (id <= 882163))

table 8 : explain SELECT c FROM sbtest8 WHERE id BETWEEN 2464462 AND 2464471
	Index Scan using sbtest8_pkey on sbtest8  (cost=0.43..39.68 rows=9 width=121)
	  Index Cond: ((id >= 2464462) AND (id <= 2464471))

for point_selects
table 1 : explain SELECT c FROM sbtest1 WHERE id=7048442
	Index Scan using sbtest1_pkey on sbtest1  (cost=0.43..8.45 rows=1 width=121)
	  Index Cond: (id = 7048442)

table 2 : explain SELECT c FROM sbtest2 WHERE id=7473378
	Index Scan using sbtest2_pkey on sbtest2  (cost=0.43..8.45 rows=1 width=121)
	  Index Cond: (id = 7473378)

table 3 : explain SELECT c FROM sbtest3 WHERE id=6597212
	Index Scan using sbtest3_pkey on sbtest3  (cost=0.43..8.45 rows=1 width=121)
	  Index Cond: (id = 6597212)

table 4 : explain SELECT c FROM sbtest4 WHERE id=4153235
	Index Scan using sbtest4_pkey on sbtest4  (cost=0.43..8.45 rows=1 width=121)
	  Index Cond: (id = 4153235)

table 5 : explain SELECT c FROM sbtest5 WHERE id=4382956
	Index Scan using sbtest5_pkey on sbtest5  (cost=0.43..8.45 rows=1 width=121)
	  Index Cond: (id = 4382956)

table 6 : explain SELECT c FROM sbtest6 WHERE id=3686888
	Index Scan using sbtest6_pkey on sbtest6  (cost=0.43..8.45 rows=1 width=121)
	  Index Cond: (id = 3686888)

table 7 : explain SELECT c FROM sbtest7 WHERE id=8682865
	Index Scan using sbtest7_pkey on sbtest7  (cost=0.43..8.45 rows=1 width=121)
	  Index Cond: (id = 8682865)

table 8 : explain SELECT c FROM sbtest8 WHERE id=7453852
	Index Scan using sbtest8_pkey on sbtest8  (cost=0.43..8.45 rows=1 width=121)
	  Index Cond: (id = 7453852)

for point_selects
table 1 : explain SELECT c FROM sbtest1 WHERE id=6309416
	Index Scan using sbtest1_pkey on sbtest1  (cost=0.43..8.45 rows=1 width=121)
	  Index Cond: (id = 6309416)

table 2 : explain SELECT c FROM sbtest2 WHERE id=8129094
	Index Scan using sbtest2_pkey on sbtest2  (cost=0.43..8.45 rows=1 width=121)
	  Index Cond: (id = 8129094)

table 3 : explain SELECT c FROM sbtest3 WHERE id=3703687
	Index Scan using sbtest3_pkey on sbtest3  (cost=0.43..8.45 rows=1 width=121)
	  Index Cond: (id = 3703687)

table 4 : explain SELECT c FROM sbtest4 WHERE id=4114010
	Index Scan using sbtest4_pkey on sbtest4  (cost=0.43..8.45 rows=1 width=121)
	  Index Cond: (id = 4114010)

table 5 : explain SELECT c FROM sbtest5 WHERE id=5417498
	Index Scan using sbtest5_pkey on sbtest5  (cost=0.43..8.45 rows=1 width=121)
	  Index Cond: (id = 5417498)

table 6 : explain SELECT c FROM sbtest6 WHERE id=8533763
	Index Scan using sbtest6_pkey on sbtest6  (cost=0.43..8.45 rows=1 width=121)
	  Index Cond: (id = 8533763)

table 7 : explain SELECT c FROM sbtest7 WHERE id=8915095
	Index Scan using sbtest7_pkey on sbtest7  (cost=0.43..8.45 rows=1 width=121)
	  Index Cond: (id = 8915095)

table 8 : explain SELECT c FROM sbtest8 WHERE id=1700735
	Index Scan using sbtest8_pkey on sbtest8  (cost=0.43..8.45 rows=1 width=121)
	  Index Cond: (id = 1700735)

for point_selects
table 1 : explain SELECT c FROM sbtest1 WHERE id=9401304
	Index Scan using sbtest1_pkey on sbtest1  (cost=0.43..8.45 rows=1 width=121)
	  Index Cond: (id = 9401304)

table 2 : explain SELECT c FROM sbtest2 WHERE id=2398929
	Index Scan using sbtest2_pkey on sbtest2  (cost=0.43..8.45 rows=1 width=121)
	  Index Cond: (id = 2398929)

table 3 : explain SELECT c FROM sbtest3 WHERE id=6440009
	Index Scan using sbtest3_pkey on sbtest3  (cost=0.43..8.45 rows=1 width=121)
	  Index Cond: (id = 6440009)

table 4 : explain SELECT c FROM sbtest4 WHERE id=1485226
	Index Scan using sbtest4_pkey on sbtest4  (cost=0.43..8.45 rows=1 width=121)
	  Index Cond: (id = 1485226)

table 5 : explain SELECT c FROM sbtest5 WHERE id=458328
	Index Scan using sbtest5_pkey on sbtest5  (cost=0.43..8.45 rows=1 width=121)
	  Index Cond: (id = 458328)

table 6 : explain SELECT c FROM sbtest6 WHERE id=1900407
	Index Scan using sbtest6_pkey on sbtest6  (cost=0.43..8.45 rows=1 width=121)
	  Index Cond: (id = 1900407)

table 7 : explain SELECT c FROM sbtest7 WHERE id=1501249
	Index Scan using sbtest7_pkey on sbtest7  (cost=0.43..8.45 rows=1 width=121)
	  Index Cond: (id = 1501249)

table 8 : explain SELECT c FROM sbtest8 WHERE id=5896593
	Index Scan using sbtest8_pkey on sbtest8  (cost=0.43..8.45 rows=1 width=121)
	  Index Cond: (id = 5896593)

for point_selects
table 1 : explain SELECT c FROM sbtest1 WHERE id=5650850
	Index Scan using sbtest1_pkey on sbtest1  (cost=0.43..8.45 rows=1 width=121)
	  Index Cond: (id = 5650850)

table 2 : explain SELECT c FROM sbtest2 WHERE id=6734384
	Index Scan using sbtest2_pkey on sbtest2  (cost=0.43..8.45 rows=1 width=121)
	  Index Cond: (id = 6734384)

table 3 : explain SELECT c FROM sbtest3 WHERE id=8410046
	Index Scan using sbtest3_pkey on sbtest3  (cost=0.43..8.45 rows=1 width=121)
	  Index Cond: (id = 8410046)

table 4 : explain SELECT c FROM sbtest4 WHERE id=5048116
	Index Scan using sbtest4_pkey on sbtest4  (cost=0.43..8.45 rows=1 width=121)
	  Index Cond: (id = 5048116)

table 5 : explain SELECT c FROM sbtest5 WHERE id=9458710
	Index Scan using sbtest5_pkey on sbtest5  (cost=0.43..8.45 rows=1 width=121)
	  Index Cond: (id = 9458710)

table 6 : explain SELECT c FROM sbtest6 WHERE id=2033794
	Index Scan using sbtest6_pkey on sbtest6  (cost=0.43..8.45 rows=1 width=121)
	  Index Cond: (id = 2033794)

table 7 : explain SELECT c FROM sbtest7 WHERE id=7361950
	Index Scan using sbtest7_pkey on sbtest7  (cost=0.43..8.45 rows=1 width=121)
	  Index Cond: (id = 7361950)

table 8 : explain SELECT c FROM sbtest8 WHERE id=6570305
	Index Scan using sbtest8_pkey on sbtest8  (cost=0.43..8.45 rows=1 width=121)
	  Index Cond: (id = 6570305)

for point_selects
table 1 : explain SELECT c FROM sbtest1 WHERE id=416321
	Index Scan using sbtest1_pkey on sbtest1  (cost=0.43..8.45 rows=1 width=121)
	  Index Cond: (id = 416321)

table 2 : explain SELECT c FROM sbtest2 WHERE id=9210543
	Index Scan using sbtest2_pkey on sbtest2  (cost=0.43..8.45 rows=1 width=121)
	  Index Cond: (id = 9210543)

table 3 : explain SELECT c FROM sbtest3 WHERE id=6705346
	Index Scan using sbtest3_pkey on sbtest3  (cost=0.43..8.45 rows=1 width=121)
	  Index Cond: (id = 6705346)

table 4 : explain SELECT c FROM sbtest4 WHERE id=8238899
	Index Scan using sbtest4_pkey on sbtest4  (cost=0.43..8.45 rows=1 width=121)
	  Index Cond: (id = 8238899)

table 5 : explain SELECT c FROM sbtest5 WHERE id=4187489
	Index Scan using sbtest5_pkey on sbtest5  (cost=0.43..8.45 rows=1 width=121)
	  Index Cond: (id = 4187489)

table 6 : explain SELECT c FROM sbtest6 WHERE id=1855490
	Index Scan using sbtest6_pkey on sbtest6  (cost=0.43..8.45 rows=1 width=121)
	  Index Cond: (id = 1855490)

table 7 : explain SELECT c FROM sbtest7 WHERE id=7949263
	Index Scan using sbtest7_pkey on sbtest7  (cost=0.43..8.45 rows=1 width=121)
	  Index Cond: (id = 7949263)

table 8 : explain SELECT c FROM sbtest8 WHERE id=8509602
	Index Scan using sbtest8_pkey on sbtest8  (cost=0.43..8.45 rows=1 width=121)
	  Index Cond: (id = 8509602)

for point_selects
table 1 : explain SELECT c FROM sbtest1 WHERE id=5329148
	Index Scan using sbtest1_pkey on sbtest1  (cost=0.43..8.45 rows=1 width=121)
	  Index Cond: (id = 5329148)

table 2 : explain SELECT c FROM sbtest2 WHERE id=5606808
	Index Scan using sbtest2_pkey on sbtest2  (cost=0.43..8.45 rows=1 width=121)
	  Index Cond: (id = 5606808)

table 3 : explain SELECT c FROM sbtest3 WHERE id=6687346
	Index Scan using sbtest3_pkey on sbtest3  (cost=0.43..8.45 rows=1 width=121)
	  Index Cond: (id = 6687346)

table 4 : explain SELECT c FROM sbtest4 WHERE id=8855358
	Index Scan using sbtest4_pkey on sbtest4  (cost=0.43..8.45 rows=1 width=121)
	  Index Cond: (id = 8855358)

table 5 : explain SELECT c FROM sbtest5 WHERE id=5524889
	Index Scan using sbtest5_pkey on sbtest5  (cost=0.43..8.45 rows=1 width=121)
	  Index Cond: (id = 5524889)

table 6 : explain SELECT c FROM sbtest6 WHERE id=1864517
	Index Scan using sbtest6_pkey on sbtest6  (cost=0.43..8.45 rows=1 width=121)
	  Index Cond: (id = 1864517)

table 7 : explain SELECT c FROM sbtest7 WHERE id=5752432
	Index Scan using sbtest7_pkey on sbtest7  (cost=0.43..8.45 rows=1 width=121)
	  Index Cond: (id = 5752432)

table 8 : explain SELECT c FROM sbtest8 WHERE id=618934
	Index Scan using sbtest8_pkey on sbtest8  (cost=0.43..8.45 rows=1 width=121)
	  Index Cond: (id = 618934)

for point_selects
table 1 : explain SELECT c FROM sbtest1 WHERE id=3222377
	Index Scan using sbtest1_pkey on sbtest1  (cost=0.43..8.45 rows=1 width=121)
	  Index Cond: (id = 3222377)

table 2 : explain SELECT c FROM sbtest2 WHERE id=3259633
	Index Scan using sbtest2_pkey on sbtest2  (cost=0.43..8.45 rows=1 width=121)
	  Index Cond: (id = 3259633)

table 3 : explain SELECT c FROM sbtest3 WHERE id=2756009
	Index Scan using sbtest3_pkey on sbtest3  (cost=0.43..8.45 rows=1 width=121)
	  Index Cond: (id = 2756009)

table 4 : explain SELECT c FROM sbtest4 WHERE id=8469014
	Index Scan using sbtest4_pkey on sbtest4  (cost=0.43..8.45 rows=1 width=121)
	  Index Cond: (id = 8469014)

table 5 : explain SELECT c FROM sbtest5 WHERE id=8707648
	Index Scan using sbtest5_pkey on sbtest5  (cost=0.43..8.45 rows=1 width=121)
	  Index Cond: (id = 8707648)

table 6 : explain SELECT c FROM sbtest6 WHERE id=2082491
	Index Scan using sbtest6_pkey on sbtest6  (cost=0.43..8.45 rows=1 width=121)
	  Index Cond: (id = 2082491)

table 7 : explain SELECT c FROM sbtest7 WHERE id=5341094
	Index Scan using sbtest7_pkey on sbtest7  (cost=0.43..8.45 rows=1 width=121)
	  Index Cond: (id = 5341094)

table 8 : explain SELECT c FROM sbtest8 WHERE id=2816093
	Index Scan using sbtest8_pkey on sbtest8  (cost=0.43..8.45 rows=1 width=121)
	  Index Cond: (id = 2816093)

for point_selects
table 1 : explain SELECT c FROM sbtest1 WHERE id=2793953
	Index Scan using sbtest1_pkey on sbtest1  (cost=0.43..8.45 rows=1 width=121)
	  Index Cond: (id = 2793953)

table 2 : explain SELECT c FROM sbtest2 WHERE id=2863448
	Index Scan using sbtest2_pkey on sbtest2  (cost=0.43..8.45 rows=1 width=121)
	  Index Cond: (id = 2863448)

table 3 : explain SELECT c FROM sbtest3 WHERE id=5237000
	Index Scan using sbtest3_pkey on sbtest3  (cost=0.43..8.45 rows=1 width=121)
	  Index Cond: (id = 5237000)

table 4 : explain SELECT c FROM sbtest4 WHERE id=7120523
	Index Scan using sbtest4_pkey on sbtest4  (cost=0.43..8.45 rows=1 width=121)
	  Index Cond: (id = 7120523)

table 5 : explain SELECT c FROM sbtest5 WHERE id=3156493
	Index Scan using sbtest5_pkey on sbtest5  (cost=0.43..8.45 rows=1 width=121)
	  Index Cond: (id = 3156493)

table 6 : explain SELECT c FROM sbtest6 WHERE id=3597801
	Index Scan using sbtest6_pkey on sbtest6  (cost=0.43..8.45 rows=1 width=121)
	  Index Cond: (id = 3597801)

table 7 : explain SELECT c FROM sbtest7 WHERE id=610807
	Index Scan using sbtest7_pkey on sbtest7  (cost=0.43..8.45 rows=1 width=121)
	  Index Cond: (id = 610807)

table 8 : explain SELECT c FROM sbtest8 WHERE id=8575195
	Index Scan using sbtest8_pkey on sbtest8  (cost=0.43..8.45 rows=1 width=121)
	  Index Cond: (id = 8575195)

for point_selects
table 1 : explain SELECT c FROM sbtest1 WHERE id=502692
	Index Scan using sbtest1_pkey on sbtest1  (cost=0.43..8.45 rows=1 width=121)
	  Index Cond: (id = 502692)

table 2 : explain SELECT c FROM sbtest2 WHERE id=6320082
	Index Scan using sbtest2_pkey on sbtest2  (cost=0.43..8.45 rows=1 width=121)
	  Index Cond: (id = 6320082)

table 3 : explain SELECT c FROM sbtest3 WHERE id=5104067
	Index Scan using sbtest3_pkey on sbtest3  (cost=0.43..8.45 rows=1 width=121)
	  Index Cond: (id = 5104067)

table 4 : explain SELECT c FROM sbtest4 WHERE id=8564995
	Index Scan using sbtest4_pkey on sbtest4  (cost=0.43..8.45 rows=1 width=121)
	  Index Cond: (id = 8564995)

table 5 : explain SELECT c FROM sbtest5 WHERE id=7142530
	Index Scan using sbtest5_pkey on sbtest5  (cost=0.43..8.45 rows=1 width=121)
	  Index Cond: (id = 7142530)

table 6 : explain SELECT c FROM sbtest6 WHERE id=5884807
	Index Scan using sbtest6_pkey on sbtest6  (cost=0.43..8.45 rows=1 width=121)
	  Index Cond: (id = 5884807)

table 7 : explain SELECT c FROM sbtest7 WHERE id=4771813
	Index Scan using sbtest7_pkey on sbtest7  (cost=0.43..8.45 rows=1 width=121)
	  Index Cond: (id = 4771813)

table 8 : explain SELECT c FROM sbtest8 WHERE id=2009135
	Index Scan using sbtest8_pkey on sbtest8  (cost=0.43..8.45 rows=1 width=121)
	  Index Cond: (id = 2009135)

for point_selects
table 1 : explain SELECT c FROM sbtest1 WHERE id=6396603
	Index Scan using sbtest1_pkey on sbtest1  (cost=0.43..8.45 rows=1 width=121)
	  Index Cond: (id = 6396603)

table 2 : explain SELECT c FROM sbtest2 WHERE id=3518610
	Index Scan using sbtest2_pkey on sbtest2  (cost=0.43..8.45 rows=1 width=121)
	  Index Cond: (id = 3518610)

table 3 : explain SELECT c FROM sbtest3 WHERE id=3906374
	Index Scan using sbtest3_pkey on sbtest3  (cost=0.43..8.45 rows=1 width=121)
	  Index Cond: (id = 3906374)

table 4 : explain SELECT c FROM sbtest4 WHERE id=7147035
	Index Scan using sbtest4_pkey on sbtest4  (cost=0.43..8.45 rows=1 width=121)
	  Index Cond: (id = 7147035)

table 5 : explain SELECT c FROM sbtest5 WHERE id=3903833
	Index Scan using sbtest5_pkey on sbtest5  (cost=0.43..8.45 rows=1 width=121)
	  Index Cond: (id = 3903833)

table 6 : explain SELECT c FROM sbtest6 WHERE id=7314054
	Index Scan using sbtest6_pkey on sbtest6  (cost=0.43..8.45 rows=1 width=121)
	  Index Cond: (id = 7314054)

table 7 : explain SELECT c FROM sbtest7 WHERE id=2475991
	Index Scan using sbtest7_pkey on sbtest7  (cost=0.43..8.45 rows=1 width=121)
	  Index Cond: (id = 2475991)

table 8 : explain SELECT c FROM sbtest8 WHERE id=7158611
	Index Scan using sbtest8_pkey on sbtest8  (cost=0.43..8.45 rows=1 width=121)
	  Index Cond: (id = 7158611)

for point_selects
table 1 : explain SELECT c FROM sbtest1 WHERE id=5668554
	Index Scan using sbtest1_pkey on sbtest1  (cost=0.43..8.45 rows=1 width=121)
	  Index Cond: (id = 5668554)

table 2 : explain SELECT c FROM sbtest2 WHERE id=9229865
	Index Scan using sbtest2_pkey on sbtest2  (cost=0.43..8.45 rows=1 width=121)
	  Index Cond: (id = 9229865)

table 3 : explain SELECT c FROM sbtest3 WHERE id=6286526
	Index Scan using sbtest3_pkey on sbtest3  (cost=0.43..8.45 rows=1 width=121)
	  Index Cond: (id = 6286526)

table 4 : explain SELECT c FROM sbtest4 WHERE id=4823191
	Index Scan using sbtest4_pkey on sbtest4  (cost=0.43..8.45 rows=1 width=121)
	  Index Cond: (id = 4823191)

table 5 : explain SELECT c FROM sbtest5 WHERE id=216904
	Index Scan using sbtest5_pkey on sbtest5  (cost=0.43..8.45 rows=1 width=121)
	  Index Cond: (id = 216904)

table 6 : explain SELECT c FROM sbtest6 WHERE id=9785553
	Index Scan using sbtest6_pkey on sbtest6  (cost=0.43..8.45 rows=1 width=121)
	  Index Cond: (id = 9785553)

table 7 : explain SELECT c FROM sbtest7 WHERE id=5397615
	Index Scan using sbtest7_pkey on sbtest7  (cost=0.43..8.45 rows=1 width=121)
	  Index Cond: (id = 5397615)

table 8 : explain SELECT c FROM sbtest8 WHERE id=807024
	Index Scan using sbtest8_pkey on sbtest8  (cost=0.43..8.45 rows=1 width=121)
	  Index Cond: (id = 807024)

for: simple_ranges
table 1 : explain SELECT c FROM sbtest1 WHERE id BETWEEN 7269190 AND 7269199
	Index Scan using sbtest1_pkey on sbtest1  (cost=0.43..43.72 rows=10 width=121)
	  Index Cond: ((id >= 7269190) AND (id <= 7269199))

table 2 : explain SELECT c FROM sbtest2 WHERE id BETWEEN 8348126 AND 8348135
	Index Scan using sbtest2_pkey on sbtest2  (cost=0.43..43.73 rows=10 width=121)
	  Index Cond: ((id >= 8348126) AND (id <= 8348135))

table 3 : explain SELECT c FROM sbtest3 WHERE id BETWEEN 8592133 AND 8592142
	Index Scan using sbtest3_pkey on sbtest3  (cost=0.43..43.61 rows=10 width=121)
	  Index Cond: ((id >= 8592133) AND (id <= 8592142))

table 4 : explain SELECT c FROM sbtest4 WHERE id BETWEEN 221921 AND 221930
	Index Scan using sbtest4_pkey on sbtest4  (cost=0.43..43.42 rows=10 width=121)
	  Index Cond: ((id >= 221921) AND (id <= 221930))

table 5 : explain SELECT c FROM sbtest5 WHERE id BETWEEN 3622452 AND 3622461
	Index Scan using sbtest5_pkey on sbtest5  (cost=0.43..39.74 rows=9 width=121)
	  Index Cond: ((id >= 3622452) AND (id <= 3622461))

table 6 : explain SELECT c FROM sbtest6 WHERE id BETWEEN 4712599 AND 4712608
	Index Scan using sbtest6_pkey on sbtest6  (cost=0.43..47.53 rows=11 width=121)
	  Index Cond: ((id >= 4712599) AND (id <= 4712608))

table 7 : explain SELECT c FROM sbtest7 WHERE id BETWEEN 1018338 AND 1018347
	Index Scan using sbtest7_pkey on sbtest7  (cost=0.43..39.64 rows=9 width=121)
	  Index Cond: ((id >= 1018338) AND (id <= 1018347))

table 8 : explain SELECT c FROM sbtest8 WHERE id BETWEEN 7880103 AND 7880112
	Index Scan using sbtest8_pkey on sbtest8  (cost=0.43..43.58 rows=10 width=121)
	  Index Cond: ((id >= 7880103) AND (id <= 7880112))

for: simple_ranges
table 1 : explain SELECT c FROM sbtest1 WHERE id BETWEEN 7452870 AND 7452879
	Index Scan using sbtest1_pkey on sbtest1  (cost=0.43..39.80 rows=9 width=121)
	  Index Cond: ((id >= 7452870) AND (id <= 7452879))

table 2 : explain SELECT c FROM sbtest2 WHERE id BETWEEN 5583878 AND 5583887
	Index Scan using sbtest2_pkey on sbtest2  (cost=0.43..43.73 rows=10 width=121)
	  Index Cond: ((id >= 5583878) AND (id <= 5583887))

table 3 : explain SELECT c FROM sbtest3 WHERE id BETWEEN 9270633 AND 9270642
	Index Scan using sbtest3_pkey on sbtest3  (cost=0.43..43.61 rows=10 width=121)
	  Index Cond: ((id >= 9270633) AND (id <= 9270642))

table 4 : explain SELECT c FROM sbtest4 WHERE id BETWEEN 4877105 AND 4877114
	Index Scan using sbtest4_pkey on sbtest4  (cost=0.43..43.42 rows=10 width=121)
	  Index Cond: ((id >= 4877105) AND (id <= 4877114))

table 5 : explain SELECT c FROM sbtest5 WHERE id BETWEEN 3961285 AND 3961294
	Index Scan using sbtest5_pkey on sbtest5  (cost=0.43..43.66 rows=10 width=121)
	  Index Cond: ((id >= 3961285) AND (id <= 3961294))

table 6 : explain SELECT c FROM sbtest6 WHERE id BETWEEN 6287757 AND 6287766
	Index Scan using sbtest6_pkey on sbtest6  (cost=0.43..47.53 rows=11 width=121)
	  Index Cond: ((id >= 6287757) AND (id <= 6287766))

table 7 : explain SELECT c FROM sbtest7 WHERE id BETWEEN 5889881 AND 5889890
	Index Scan using sbtest7_pkey on sbtest7  (cost=0.43..43.54 rows=10 width=121)
	  Index Cond: ((id >= 5889881) AND (id <= 5889890))

table 8 : explain SELECT c FROM sbtest8 WHERE id BETWEEN 8903333 AND 8903342
	Index Scan using sbtest8_pkey on sbtest8  (cost=0.43..47.48 rows=11 width=121)
	  Index Cond: ((id >= 8903333) AND (id <= 8903342))

for: simple_ranges
table 1 : explain SELECT c FROM sbtest1 WHERE id BETWEEN 9907413 AND 9907422
	Index Scan using sbtest1_pkey on sbtest1  (cost=0.43..43.72 rows=10 width=121)
	  Index Cond: ((id >= 9907413) AND (id <= 9907422))

table 2 : explain SELECT c FROM sbtest2 WHERE id BETWEEN 1642523 AND 1642532
	Index Scan using sbtest2_pkey on sbtest2  (cost=0.43..43.73 rows=10 width=121)
	  Index Cond: ((id >= 1642523) AND (id <= 1642532))

table 3 : explain SELECT c FROM sbtest3 WHERE id BETWEEN 2765950 AND 2765959
	Index Scan using sbtest3_pkey on sbtest3  (cost=0.43..47.51 rows=11 width=121)
	  Index Cond: ((id >= 2765950) AND (id <= 2765959))

table 4 : explain SELECT c FROM sbtest4 WHERE id BETWEEN 6723679 AND 6723688
	Index Scan using sbtest4_pkey on sbtest4  (cost=0.43..43.42 rows=10 width=121)
	  Index Cond: ((id >= 6723679) AND (id <= 6723688))

table 5 : explain SELECT c FROM sbtest5 WHERE id BETWEEN 1270087 AND 1270096
	Index Scan using sbtest5_pkey on sbtest5  (cost=0.43..39.74 rows=9 width=121)
	  Index Cond: ((id >= 1270087) AND (id <= 1270096))

table 6 : explain SELECT c FROM sbtest6 WHERE id BETWEEN 1492394 AND 1492403
	Index Scan using sbtest6_pkey on sbtest6  (cost=0.43..43.62 rows=10 width=121)
	  Index Cond: ((id >= 1492394) AND (id <= 1492403))

table 7 : explain SELECT c FROM sbtest7 WHERE id BETWEEN 8154433 AND 8154442
	Index Scan using sbtest7_pkey on sbtest7  (cost=0.43..43.54 rows=10 width=121)
	  Index Cond: ((id >= 8154433) AND (id <= 8154442))

table 8 : explain SELECT c FROM sbtest8 WHERE id BETWEEN 1603912 AND 1603921
	Index Scan using sbtest8_pkey on sbtest8  (cost=0.43..39.68 rows=9 width=121)
	  Index Cond: ((id >= 1603912) AND (id <= 1603921))
for: simple_ranges
table 1 : explain SELECT c FROM sbtest1 WHERE id BETWEEN 3142248 AND 3142257
	Index Scan using sbtest1_pkey on sbtest1  (cost=0.43..43.72 rows=10 width=121)
	  Index Cond: ((id >= 3142248) AND (id <= 3142257))

table 2 : explain SELECT c FROM sbtest2 WHERE id BETWEEN 2009513 AND 2009522
	Index Scan using sbtest2_pkey on sbtest2  (cost=0.43..43.73 rows=10 width=121)
	  Index Cond: ((id >= 2009513) AND (id <= 2009522))

table 3 : explain SELECT c FROM sbtest3 WHERE id BETWEEN 7909709 AND 7909718
	Index Scan using sbtest3_pkey on sbtest3  (cost=0.43..43.61 rows=10 width=121)
	  Index Cond: ((id >= 7909709) AND (id <= 7909718))

table 4 : explain SELECT c FROM sbtest4 WHERE id BETWEEN 5911980 AND 5911989
	Index Scan using sbtest4_pkey on sbtest4  (cost=0.43..43.42 rows=10 width=121)
	  Index Cond: ((id >= 5911980) AND (id <= 5911989))

table 5 : explain SELECT c FROM sbtest5 WHERE id BETWEEN 5945947 AND 5945956
	Index Scan using sbtest5_pkey on sbtest5  (cost=0.43..43.66 rows=10 width=121)
	  Index Cond: ((id >= 5945947) AND (id <= 5945956))

table 6 : explain SELECT c FROM sbtest6 WHERE id BETWEEN 2060835 AND 2060844
	Index Scan using sbtest6_pkey on sbtest6  (cost=0.43..47.53 rows=11 width=121)
	  Index Cond: ((id >= 2060835) AND (id <= 2060844))

table 7 : explain SELECT c FROM sbtest7 WHERE id BETWEEN 8603686 AND 8603695
	Index Scan using sbtest7_pkey on sbtest7  (cost=0.43..39.64 rows=9 width=121)
	  Index Cond: ((id >= 8603686) AND (id <= 8603695))

table 8 : explain SELECT c FROM sbtest8 WHERE id BETWEEN 2368846 AND 2368855
	Index Scan using sbtest8_pkey on sbtest8  (cost=0.43..43.58 rows=10 width=121)
	  Index Cond: ((id >= 2368846) AND (id <= 2368855))

for point_selects
table 1 : explain SELECT c FROM sbtest1 WHERE id=7578577
	Index Scan using sbtest1_pkey on sbtest1  (cost=0.43..8.45 rows=1 width=121)
	  Index Cond: (id = 7578577)

table 2 : explain SELECT c FROM sbtest2 WHERE id=2679022
	Index Scan using sbtest2_pkey on sbtest2  (cost=0.43..8.45 rows=1 width=121)
	  Index Cond: (id = 2679022)

table 3 : explain SELECT c FROM sbtest3 WHERE id=1284144
	Index Scan using sbtest3_pkey on sbtest3  (cost=0.43..8.45 rows=1 width=121)
	  Index Cond: (id = 1284144)

table 4 : explain SELECT c FROM sbtest4 WHERE id=4836826
	Index Scan using sbtest4_pkey on sbtest4  (cost=0.43..8.45 rows=1 width=121)
	  Index Cond: (id = 4836826)

table 5 : explain SELECT c FROM sbtest5 WHERE id=8542484
	Index Scan using sbtest5_pkey on sbtest5  (cost=0.43..8.45 rows=1 width=121)
	  Index Cond: (id = 8542484)

table 6 : explain SELECT c FROM sbtest6 WHERE id=976572
	Index Scan using sbtest6_pkey on sbtest6  (cost=0.43..8.45 rows=1 width=121)
	  Index Cond: (id = 976572)

table 7 : explain SELECT c FROM sbtest7 WHERE id=7521379
	Index Scan using sbtest7_pkey on sbtest7  (cost=0.43..8.45 rows=1 width=121)
	  Index Cond: (id = 7521379)

table 8 : explain SELECT c FROM sbtest8 WHERE id=4783474
	Index Scan using sbtest8_pkey on sbtest8  (cost=0.43..8.45 rows=1 width=121)
	  Index Cond: (id = 4783474)

for: simple_ranges
table 1 : explain SELECT c FROM sbtest1 WHERE id BETWEEN 8892633 AND 8892642
	Index Scan using sbtest1_pkey on sbtest1  (cost=0.43..43.72 rows=10 width=121)
	  Index Cond: ((id >= 8892633) AND (id <= 8892642))

table 2 : explain SELECT c FROM sbtest2 WHERE id BETWEEN 3358060 AND 3358069
	Index Scan using sbtest2_pkey on sbtest2  (cost=0.43..47.65 rows=11 width=121)
	  Index Cond: ((id >= 3358060) AND (id <= 3358069))

table 3 : explain SELECT c FROM sbtest3 WHERE id BETWEEN 4698738 AND 4698747
	Index Scan using sbtest3_pkey on sbtest3  (cost=0.43..43.61 rows=10 width=121)
	  Index Cond: ((id >= 4698738) AND (id <= 4698747))

table 4 : explain SELECT c FROM sbtest4 WHERE id BETWEEN 6233203 AND 6233212
	Index Scan using sbtest4_pkey on sbtest4  (cost=0.43..43.42 rows=10 width=121)
	  Index Cond: ((id >= 6233203) AND (id <= 6233212))

table 5 : explain SELECT c FROM sbtest5 WHERE id BETWEEN 8034192 AND 8034201
	Index Scan using sbtest5_pkey on sbtest5  (cost=0.43..43.66 rows=10 width=121)
	  Index Cond: ((id >= 8034192) AND (id <= 8034201))

table 6 : explain SELECT c FROM sbtest6 WHERE id BETWEEN 5269035 AND 5269044
	Index Scan using sbtest6_pkey on sbtest6  (cost=0.43..47.53 rows=11 width=121)
	  Index Cond: ((id >= 5269035) AND (id <= 5269044))

table 7 : explain SELECT c FROM sbtest7 WHERE id BETWEEN 2977375 AND 2977384
	Index Scan using sbtest7_pkey on sbtest7  (cost=0.43..39.64 rows=9 width=121)
	  Index Cond: ((id >= 2977375) AND (id <= 2977384))

table 8 : explain SELECT c FROM sbtest8 WHERE id BETWEEN 4744562 AND 4744571
	Index Scan using sbtest8_pkey on sbtest8  (cost=0.43..47.48 rows=11 width=121)
	  Index Cond: ((id >= 4744562) AND (id <= 4744571))

for: simple_ranges
table 1 : explain SELECT c FROM sbtest1 WHERE id BETWEEN 3877897 AND 3877906
	Index Scan using sbtest1_pkey on sbtest1  (cost=0.43..47.64 rows=11 width=121)
	  Index Cond: ((id >= 3877897) AND (id <= 3877906))

table 2 : explain SELECT c FROM sbtest2 WHERE id BETWEEN 3296618 AND 3296627
	Index Scan using sbtest2_pkey on sbtest2  (cost=0.43..39.81 rows=9 width=121)
	  Index Cond: ((id >= 3296618) AND (id <= 3296627))

table 3 : explain SELECT c FROM sbtest3 WHERE id BETWEEN 774099 AND 774108
	Index Scan using sbtest3_pkey on sbtest3  (cost=0.43..39.70 rows=9 width=121)
	  Index Cond: ((id >= 774099) AND (id <= 774108))

table 4 : explain SELECT c FROM sbtest4 WHERE id BETWEEN 8284065 AND 8284074
	Index Scan using sbtest4_pkey on sbtest4  (cost=0.43..39.53 rows=9 width=121)
	  Index Cond: ((id >= 8284065) AND (id <= 8284074))

table 5 : explain SELECT c FROM sbtest5 WHERE id BETWEEN 2285874 AND 2285883
	Index Scan using sbtest5_pkey on sbtest5  (cost=0.43..43.66 rows=10 width=121)
	  Index Cond: ((id >= 2285874) AND (id <= 2285883))

table 6 : explain SELECT c FROM sbtest6 WHERE id BETWEEN 8635379 AND 8635388
	Index Scan using sbtest6_pkey on sbtest6  (cost=0.43..43.62 rows=10 width=121)
	  Index Cond: ((id >= 8635379) AND (id <= 8635388))

table 7 : explain SELECT c FROM sbtest7 WHERE id BETWEEN 9916318 AND 9916327
	Index Scan using sbtest7_pkey on sbtest7  (cost=0.43..43.54 rows=10 width=121)
	  Index Cond: ((id >= 9916318) AND (id <= 9916327))

table 8 : explain SELECT c FROM sbtest8 WHERE id BETWEEN 1867198 AND 1867207
	Index Scan using sbtest8_pkey on sbtest8  (cost=0.43..43.58 rows=10 width=121)
	  Index Cond: ((id >= 1867198) AND (id <= 1867207))


for point_selects
table 1 : explain SELECT c FROM sbtest1 WHERE id=329505
	Index Scan using sbtest1_pkey on sbtest1  (cost=0.43..8.45 rows=1 width=121)
	  Index Cond: (id = 329505)

table 2 : explain SELECT c FROM sbtest2 WHERE id=6438564
	Index Scan using sbtest2_pkey on sbtest2  (cost=0.43..8.45 rows=1 width=121)
	  Index Cond: (id = 6438564)

table 3 : explain SELECT c FROM sbtest3 WHERE id=7172540
	Index Scan using sbtest3_pkey on sbtest3  (cost=0.43..8.45 rows=1 width=121)
	  Index Cond: (id = 7172540)

table 4 : explain SELECT c FROM sbtest4 WHERE id=946911
	Index Scan using sbtest4_pkey on sbtest4  (cost=0.43..8.45 rows=1 width=121)
	  Index Cond: (id = 946911)

table 5 : explain SELECT c FROM sbtest5 WHERE id=6317758
	Index Scan using sbtest5_pkey on sbtest5  (cost=0.43..8.45 rows=1 width=121)
	  Index Cond: (id = 6317758)

table 6 : explain SELECT c FROM sbtest6 WHERE id=8749879
	Index Scan using sbtest6_pkey on sbtest6  (cost=0.43..8.45 rows=1 width=121)
	  Index Cond: (id = 8749879)

table 7 : explain SELECT c FROM sbtest7 WHERE id=7339169
	Index Scan using sbtest7_pkey on sbtest7  (cost=0.43..8.45 rows=1 width=121)
	  Index Cond: (id = 7339169)

table 8 : explain SELECT c FROM sbtest8 WHERE id=5438349
	Index Scan using sbtest8_pkey on sbtest8  (cost=0.43..8.45 rows=1 width=121)
	  Index Cond: (id = 5438349)

for: simple_ranges
table 1 : explain SELECT c FROM sbtest1 WHERE id BETWEEN 5882179 AND 5882188
	Index Scan using sbtest1_pkey on sbtest1  (cost=0.43..43.72 rows=10 width=121)
	  Index Cond: ((id >= 5882179) AND (id <= 5882188))

table 2 : explain SELECT c FROM sbtest2 WHERE id BETWEEN 731119 AND 731128
	Index Scan using sbtest2_pkey on sbtest2  (cost=0.43..43.73 rows=10 width=121)
	  Index Cond: ((id >= 731119) AND (id <= 731128))

table 3 : explain SELECT c FROM sbtest3 WHERE id BETWEEN 1838003 AND 1838012
	Index Scan using sbtest3_pkey on sbtest3  (cost=0.43..47.51 rows=11 width=121)
	  Index Cond: ((id >= 1838003) AND (id <= 1838012))

table 4 : explain SELECT c FROM sbtest4 WHERE id BETWEEN 5969574 AND 5969583
	Index Scan using sbtest4_pkey on sbtest4  (cost=0.43..43.42 rows=10 width=121)
	  Index Cond: ((id >= 5969574) AND (id <= 5969583))

table 5 : explain SELECT c FROM sbtest5 WHERE id BETWEEN 5950283 AND 5950292
	Index Scan using sbtest5_pkey on sbtest5  (cost=0.43..43.66 rows=10 width=121)
	  Index Cond: ((id >= 5950283) AND (id <= 5950292))

table 6 : explain SELECT c FROM sbtest6 WHERE id BETWEEN 1476518 AND 1476527
	Index Scan using sbtest6_pkey on sbtest6  (cost=0.43..43.62 rows=10 width=121)
	  Index Cond: ((id >= 1476518) AND (id <= 1476527))

table 7 : explain SELECT c FROM sbtest7 WHERE id BETWEEN 3941458 AND 3941467
	Index Scan using sbtest7_pkey on sbtest7  (cost=0.43..43.54 rows=10 width=121)
	  Index Cond: ((id >= 3941458) AND (id <= 3941467))

table 8 : explain SELECT c FROM sbtest8 WHERE id BETWEEN 1806192 AND 1806201
	Index Scan using sbtest8_pkey on sbtest8  (cost=0.43..43.58 rows=10 width=121)
	  Index Cond: ((id >= 1806192) AND (id <= 1806201))
for: simple_ranges
table 1 : explain SELECT c FROM sbtest1 WHERE id BETWEEN 7720230 AND 7720239
	Index Scan using sbtest1_pkey on sbtest1  (cost=0.43..47.64 rows=11 width=121)
	  Index Cond: ((id >= 7720230) AND (id <= 7720239))

table 2 : explain SELECT c FROM sbtest2 WHERE id BETWEEN 4430717 AND 4430726
	Index Scan using sbtest2_pkey on sbtest2  (cost=0.43..43.73 rows=10 width=121)
	  Index Cond: ((id >= 4430717) AND (id <= 4430726))

table 3 : explain SELECT c FROM sbtest3 WHERE id BETWEEN 3545831 AND 3545840
	Index Scan using sbtest3_pkey on sbtest3  (cost=0.43..43.61 rows=10 width=121)
	  Index Cond: ((id >= 3545831) AND (id <= 3545840))

table 4 : explain SELECT c FROM sbtest4 WHERE id BETWEEN 2759425 AND 2759434
	Index Scan using sbtest4_pkey on sbtest4  (cost=0.43..39.53 rows=9 width=121)
	  Index Cond: ((id >= 2759425) AND (id <= 2759434))

table 5 : explain SELECT c FROM sbtest5 WHERE id BETWEEN 7258027 AND 7258036
	Index Scan using sbtest5_pkey on sbtest5  (cost=0.43..43.66 rows=10 width=121)
	  Index Cond: ((id >= 7258027) AND (id <= 7258036))

table 6 : explain SELECT c FROM sbtest6 WHERE id BETWEEN 5966387 AND 5966396
	Index Scan using sbtest6_pkey on sbtest6  (cost=0.43..39.71 rows=9 width=121)
	  Index Cond: ((id >= 5966387) AND (id <= 5966396))

table 7 : explain SELECT c FROM sbtest7 WHERE id BETWEEN 302077 AND 302086
	Index Scan using sbtest7_pkey on sbtest7  (cost=0.43..43.54 rows=10 width=121)
	  Index Cond: ((id >= 302077) AND (id <= 302086))

table 8 : explain SELECT c FROM sbtest8 WHERE id BETWEEN 1961353 AND 1961362
	Index Scan using sbtest8_pkey on sbtest8  (cost=0.43..47.48 rows=11 width=121)
	  Index Cond: ((id >= 1961353) AND (id <= 1961362))

for: simple_ranges
table 1 : explain SELECT c FROM sbtest1 WHERE id BETWEEN 6998705 AND 6998714
	Index Scan using sbtest1_pkey on sbtest1  (cost=0.43..47.64 rows=11 width=121)
	  Index Cond: ((id >= 6998705) AND (id <= 6998714))

table 2 : explain SELECT c FROM sbtest2 WHERE id BETWEEN 7162316 AND 7162325
	Index Scan using sbtest2_pkey on sbtest2  (cost=0.43..39.81 rows=9 width=121)
	  Index Cond: ((id >= 7162316) AND (id <= 7162325))

table 3 : explain SELECT c FROM sbtest3 WHERE id BETWEEN 9505154 AND 9505163
	Index Scan using sbtest3_pkey on sbtest3  (cost=0.43..43.61 rows=10 width=121)
	  Index Cond: ((id >= 9505154) AND (id <= 9505163))

table 4 : explain SELECT c FROM sbtest4 WHERE id BETWEEN 1307705 AND 1307714
	Index Scan using sbtest4_pkey on sbtest4  (cost=0.43..43.42 rows=10 width=121)
	  Index Cond: ((id >= 1307705) AND (id <= 1307714))

table 5 : explain SELECT c FROM sbtest5 WHERE id BETWEEN 431668 AND 431677
	Index Scan using sbtest5_pkey on sbtest5  (cost=0.43..43.66 rows=10 width=121)
	  Index Cond: ((id >= 431668) AND (id <= 431677))

table 6 : explain SELECT c FROM sbtest6 WHERE id BETWEEN 5429166 AND 5429175
	Index Scan using sbtest6_pkey on sbtest6  (cost=0.43..43.62 rows=10 width=121)
	  Index Cond: ((id >= 5429166) AND (id <= 5429175))

table 7 : explain SELECT c FROM sbtest7 WHERE id BETWEEN 8311680 AND 8311689
	Index Scan using sbtest7_pkey on sbtest7  (cost=0.43..39.64 rows=9 width=121)
	  Index Cond: ((id >= 8311680) AND (id <= 8311689))

table 8 : explain SELECT c FROM sbtest8 WHERE id BETWEEN 9138116 AND 9138125
	Index Scan using sbtest8_pkey on sbtest8  (cost=0.43..43.58 rows=10 width=121)
	  Index Cond: ((id >= 9138116) AND (id <= 9138125))


for point_selects
table 1 : explain SELECT c FROM sbtest1 WHERE id=4291431
	Index Scan using sbtest1_pkey on sbtest1  (cost=0.43..8.45 rows=1 width=121)
	  Index Cond: (id = 4291431)

table 2 : explain SELECT c FROM sbtest2 WHERE id=1037391
	Index Scan using sbtest2_pkey on sbtest2  (cost=0.43..8.45 rows=1 width=121)
	  Index Cond: (id = 1037391)

table 3 : explain SELECT c FROM sbtest3 WHERE id=1421512
	Index Scan using sbtest3_pkey on sbtest3  (cost=0.43..8.45 rows=1 width=121)
	  Index Cond: (id = 1421512)

table 4 : explain SELECT c FROM sbtest4 WHERE id=2394531
	Index Scan using sbtest4_pkey on sbtest4  (cost=0.43..8.45 rows=1 width=121)
	  Index Cond: (id = 2394531)

table 5 : explain SELECT c FROM sbtest5 WHERE id=5197574
	Index Scan using sbtest5_pkey on sbtest5  (cost=0.43..8.45 rows=1 width=121)
	  Index Cond: (id = 5197574)

table 6 : explain SELECT c FROM sbtest6 WHERE id=6555999
	Index Scan using sbtest6_pkey on sbtest6  (cost=0.43..8.45 rows=1 width=121)
	  Index Cond: (id = 6555999)

table 7 : explain SELECT c FROM sbtest7 WHERE id=5882062
	Index Scan using sbtest7_pkey on sbtest7  (cost=0.43..8.45 rows=1 width=121)
	  Index Cond: (id = 5882062)

table 8 : explain SELECT c FROM sbtest8 WHERE id=917057
	Index Scan using sbtest8_pkey on sbtest8  (cost=0.43..8.45 rows=1 width=121)
	  Index Cond: (id = 917057)

for point_selects
table 1 : explain SELECT c FROM sbtest1 WHERE id=8820689
	Index Scan using sbtest1_pkey on sbtest1  (cost=0.43..8.45 rows=1 width=121)
	  Index Cond: (id = 8820689)

table 2 : explain SELECT c FROM sbtest2 WHERE id=8947137
	Index Scan using sbtest2_pkey on sbtest2  (cost=0.43..8.45 rows=1 width=121)
	  Index Cond: (id = 8947137)

table 3 : explain SELECT c FROM sbtest3 WHERE id=1242966
	Index Scan using sbtest3_pkey on sbtest3  (cost=0.43..8.45 rows=1 width=121)
	  Index Cond: (id = 1242966)

table 4 : explain SELECT c FROM sbtest4 WHERE id=4947500
	Index Scan using sbtest4_pkey on sbtest4  (cost=0.43..8.45 rows=1 width=121)
	  Index Cond: (id = 4947500)

table 5 : explain SELECT c FROM sbtest5 WHERE id=859723
	Index Scan using sbtest5_pkey on sbtest5  (cost=0.43..8.45 rows=1 width=121)
	  Index Cond: (id = 859723)

table 6 : explain SELECT c FROM sbtest6 WHERE id=7377830
	Index Scan using sbtest6_pkey on sbtest6  (cost=0.43..8.45 rows=1 width=121)
	  Index Cond: (id = 7377830)

table 7 : explain SELECT c FROM sbtest7 WHERE id=9405636
	Index Scan using sbtest7_pkey on sbtest7  (cost=0.43..8.45 rows=1 width=121)
	  Index Cond: (id = 9405636)

table 8 : explain SELECT c FROM sbtest8 WHERE id=1161167
	Index Scan using sbtest8_pkey on sbtest8  (cost=0.43..8.45 rows=1 width=121)
	  Index Cond: (id = 1161167)

for: simple_ranges
table 1 : explain SELECT c FROM sbtest1 WHERE id BETWEEN 7341060 AND 7341069
	Index Scan using sbtest1_pkey on sbtest1  (cost=0.43..43.72 rows=10 width=121)
	  Index Cond: ((id >= 7341060) AND (id <= 7341069))

table 2 : explain SELECT c FROM sbtest2 WHERE id BETWEEN 1972627 AND 1972636
	Index Scan using sbtest2_pkey on sbtest2  (cost=0.43..43.73 rows=10 width=121)
	  Index Cond: ((id >= 1972627) AND (id <= 1972636))

table 3 : explain SELECT c FROM sbtest3 WHERE id BETWEEN 7596071 AND 7596080
	Index Scan using sbtest3_pkey on sbtest3  (cost=0.43..43.61 rows=10 width=121)
	  Index Cond: ((id >= 7596071) AND (id <= 7596080))

table 4 : explain SELECT c FROM sbtest4 WHERE id BETWEEN 90423 AND 90432
	Index Scan using sbtest4_pkey on sbtest4  (cost=0.43..43.42 rows=10 width=121)
	  Index Cond: ((id >= 90423) AND (id <= 90432))

table 5 : explain SELECT c FROM sbtest5 WHERE id BETWEEN 7267215 AND 7267224
	Index Scan using sbtest5_pkey on sbtest5  (cost=0.43..43.66 rows=10 width=121)
	  Index Cond: ((id >= 7267215) AND (id <= 7267224))

table 6 : explain SELECT c FROM sbtest6 WHERE id BETWEEN 6793576 AND 6793585
	Index Scan using sbtest6_pkey on sbtest6  (cost=0.43..43.62 rows=10 width=121)
	  Index Cond: ((id >= 6793576) AND (id <= 6793585))

table 7 : explain SELECT c FROM sbtest7 WHERE id BETWEEN 3973836 AND 3973845
	Index Scan using sbtest7_pkey on sbtest7  (cost=0.43..43.54 rows=10 width=121)
	  Index Cond: ((id >= 3973836) AND (id <= 3973845))

table 8 : explain SELECT c FROM sbtest8 WHERE id BETWEEN 8912900 AND 8912909
	Index Scan using sbtest8_pkey on sbtest8  (cost=0.43..47.48 rows=11 width=121)
	  Index Cond: ((id >= 8912900) AND (id <= 8912909))

for: simple_ranges
table 1 : explain SELECT c FROM sbtest1 WHERE id BETWEEN 7371527 AND 7371536
	Index Scan using sbtest1_pkey on sbtest1  (cost=0.43..39.80 rows=9 width=121)
	  Index Cond: ((id >= 7371527) AND (id <= 7371536))

table 2 : explain SELECT c FROM sbtest2 WHERE id BETWEEN 9402944 AND 9402953
	Index Scan using sbtest2_pkey on sbtest2  (cost=0.43..39.81 rows=9 width=121)
	  Index Cond: ((id >= 9402944) AND (id <= 9402953))

table 3 : explain SELECT c FROM sbtest3 WHERE id BETWEEN 3059567 AND 3059576
	Index Scan using sbtest3_pkey on sbtest3  (cost=0.43..43.61 rows=10 width=121)
	  Index Cond: ((id >= 3059567) AND (id <= 3059576))

table 4 : explain SELECT c FROM sbtest4 WHERE id BETWEEN 7325592 AND 7325601
	Index Scan using sbtest4_pkey on sbtest4  (cost=0.43..43.42 rows=10 width=121)
	  Index Cond: ((id >= 7325592) AND (id <= 7325601))

table 5 : explain SELECT c FROM sbtest5 WHERE id BETWEEN 8346141 AND 8346150
	Index Scan using sbtest5_pkey on sbtest5  (cost=0.43..43.66 rows=10 width=121)
	  Index Cond: ((id >= 8346141) AND (id <= 8346150))

table 6 : explain SELECT c FROM sbtest6 WHERE id BETWEEN 5840579 AND 5840588
	Index Scan using sbtest6_pkey on sbtest6  (cost=0.43..39.71 rows=9 width=121)
	  Index Cond: ((id >= 5840579) AND (id <= 5840588))

table 7 : explain SELECT c FROM sbtest7 WHERE id BETWEEN 1261598 AND 1261607
	Index Scan using sbtest7_pkey on sbtest7  (cost=0.43..43.54 rows=10 width=121)
	  Index Cond: ((id >= 1261598) AND (id <= 1261607))

table 8 : explain SELECT c FROM sbtest8 WHERE id BETWEEN 9669719 AND 9669728
	Index Scan using sbtest8_pkey on sbtest8  (cost=0.43..43.58 rows=10 width=121)
	  Index Cond: ((id >= 9669719) AND (id <= 9669728))

for: simple_ranges
table 1 : explain SELECT c FROM sbtest1 WHERE id BETWEEN 1295035 AND 1295044
	Index Scan using sbtest1_pkey on sbtest1  (cost=0.43..43.72 rows=10 width=121)
	  Index Cond: ((id >= 1295035) AND (id <= 1295044))

table 2 : explain SELECT c FROM sbtest2 WHERE id BETWEEN 172849 AND 172858
	Index Scan using sbtest2_pkey on sbtest2  (cost=0.43..39.81 rows=9 width=121)
	  Index Cond: ((id >= 172849) AND (id <= 172858))

table 3 : explain SELECT c FROM sbtest3 WHERE id BETWEEN 7346211 AND 7346220
	Index Scan using sbtest3_pkey on sbtest3  (cost=0.43..39.70 rows=9 width=121)
	  Index Cond: ((id >= 7346211) AND (id <= 7346220))

table 4 : explain SELECT c FROM sbtest4 WHERE id BETWEEN 4690484 AND 4690493
	Index Scan using sbtest4_pkey on sbtest4  (cost=0.43..43.42 rows=10 width=121)
	  Index Cond: ((id >= 4690484) AND (id <= 4690493))

table 5 : explain SELECT c FROM sbtest5 WHERE id BETWEEN 8390677 AND 8390686
	Index Scan using sbtest5_pkey on sbtest5  (cost=0.43..43.66 rows=10 width=121)
	  Index Cond: ((id >= 8390677) AND (id <= 8390686))

table 6 : explain SELECT c FROM sbtest6 WHERE id BETWEEN 127678 AND 127687
	Index Scan using sbtest6_pkey on sbtest6  (cost=0.43..43.62 rows=10 width=121)
	  Index Cond: ((id >= 127678) AND (id <= 127687))

table 7 : explain SELECT c FROM sbtest7 WHERE id BETWEEN 4375991 AND 4376000
	Index Scan using sbtest7_pkey on sbtest7  (cost=0.43..43.54 rows=10 width=121)
	  Index Cond: ((id >= 4375991) AND (id <= 4376000))

table 8 : explain SELECT c FROM sbtest8 WHERE id BETWEEN 341568 AND 341577
	Index Scan using sbtest8_pkey on sbtest8  (cost=0.43..43.58 rows=10 width=121)
	  Index Cond: ((id >= 341568) AND (id <= 341577))

for: simple_ranges
table 1 : explain SELECT c FROM sbtest1 WHERE id BETWEEN 9267338 AND 9267347
	Index Scan using sbtest1_pkey on sbtest1  (cost=0.43..47.64 rows=11 width=121)
	  Index Cond: ((id >= 9267338) AND (id <= 9267347))

table 2 : explain SELECT c FROM sbtest2 WHERE id BETWEEN 3505195 AND 3505204
	Index Scan using sbtest2_pkey on sbtest2  (cost=0.43..43.73 rows=10 width=121)
	  Index Cond: ((id >= 3505195) AND (id <= 3505204))

table 3 : explain SELECT c FROM sbtest3 WHERE id BETWEEN 8391954 AND 8391963
	Index Scan using sbtest3_pkey on sbtest3  (cost=0.43..43.61 rows=10 width=121)
	  Index Cond: ((id >= 8391954) AND (id <= 8391963))

table 4 : explain SELECT c FROM sbtest4 WHERE id BETWEEN 26711 AND 26720
	Index Scan using sbtest4_pkey on sbtest4  (cost=0.43..43.42 rows=10 width=121)
	  Index Cond: ((id >= 26711) AND (id <= 26720))

table 5 : explain SELECT c FROM sbtest5 WHERE id BETWEEN 1575195 AND 1575204
	Index Scan using sbtest5_pkey on sbtest5  (cost=0.43..43.66 rows=10 width=121)
	  Index Cond: ((id >= 1575195) AND (id <= 1575204))

table 6 : explain SELECT c FROM sbtest6 WHERE id BETWEEN 7612578 AND 7612587
	Index Scan using sbtest6_pkey on sbtest6  (cost=0.43..39.71 rows=9 width=121)
	  Index Cond: ((id >= 7612578) AND (id <= 7612587))

table 7 : explain SELECT c FROM sbtest7 WHERE id BETWEEN 1030222 AND 1030231
	Index Scan using sbtest7_pkey on sbtest7  (cost=0.43..39.64 rows=9 width=121)
	  Index Cond: ((id >= 1030222) AND (id <= 1030231))

table 8 : explain SELECT c FROM sbtest8 WHERE id BETWEEN 6324236 AND 6324245
	Index Scan using sbtest8_pkey on sbtest8  (cost=0.43..43.58 rows=10 width=121)
	  Index Cond: ((id >= 6324236) AND (id <= 6324245))

for: simple_ranges
table 1 : explain SELECT c FROM sbtest1 WHERE id BETWEEN 6844091 AND 6844100
	Index Scan using sbtest1_pkey on sbtest1  (cost=0.43..47.64 rows=11 width=121)
	  Index Cond: ((id >= 6844091) AND (id <= 6844100))

table 2 : explain SELECT c FROM sbtest2 WHERE id BETWEEN 1058972 AND 1058981
	Index Scan using sbtest2_pkey on sbtest2  (cost=0.43..43.73 rows=10 width=121)
	  Index Cond: ((id >= 1058972) AND (id <= 1058981))

table 3 : explain SELECT c FROM sbtest3 WHERE id BETWEEN 4007103 AND 4007112
	Index Scan using sbtest3_pkey on sbtest3  (cost=0.43..43.61 rows=10 width=121)
	  Index Cond: ((id >= 4007103) AND (id <= 4007112))

table 4 : explain SELECT c FROM sbtest4 WHERE id BETWEEN 4486861 AND 4486870
	Index Scan using sbtest4_pkey on sbtest4  (cost=0.43..39.53 rows=9 width=121)
	  Index Cond: ((id >= 4486861) AND (id <= 4486870))

table 5 : explain SELECT c FROM sbtest5 WHERE id BETWEEN 788393 AND 788402
	Index Scan using sbtest5_pkey on sbtest5  (cost=0.43..47.57 rows=11 width=121)
	  Index Cond: ((id >= 788393) AND (id <= 788402))

table 6 : explain SELECT c FROM sbtest6 WHERE id BETWEEN 5496780 AND 5496789
	Index Scan using sbtest6_pkey on sbtest6  (cost=0.43..43.62 rows=10 width=121)
	  Index Cond: ((id >= 5496780) AND (id <= 5496789))

table 7 : explain SELECT c FROM sbtest7 WHERE id BETWEEN 9313570 AND 9313579
	Index Scan using sbtest7_pkey on sbtest7  (cost=0.43..43.54 rows=10 width=121)
	  Index Cond: ((id >= 9313570) AND (id <= 9313579))

table 8 : explain SELECT c FROM sbtest8 WHERE id BETWEEN 8468124 AND 8468133
	Index Scan using sbtest8_pkey on sbtest8  (cost=0.43..43.58 rows=10 width=121)
	  Index Cond: ((id >= 8468124) AND (id <= 8468133))

for: simple_ranges
table 1 : explain SELECT c FROM sbtest1 WHERE id BETWEEN 1664066 AND 1664075
	Index Scan using sbtest1_pkey on sbtest1  (cost=0.43..47.64 rows=11 width=121)
	  Index Cond: ((id >= 1664066) AND (id <= 1664075))

table 2 : explain SELECT c FROM sbtest2 WHERE id BETWEEN 8859853 AND 8859862
	Index Scan using sbtest2_pkey on sbtest2  (cost=0.43..47.65 rows=11 width=121)
	  Index Cond: ((id >= 8859853) AND (id <= 8859862))

table 3 : explain SELECT c FROM sbtest3 WHERE id BETWEEN 1556611 AND 1556620
	Index Scan using sbtest3_pkey on sbtest3  (cost=0.43..39.70 rows=9 width=121)
	  Index Cond: ((id >= 1556611) AND (id <= 1556620))

table 4 : explain SELECT c FROM sbtest4 WHERE id BETWEEN 1118144 AND 1118153
	Index Scan using sbtest4_pkey on sbtest4  (cost=0.43..43.42 rows=10 width=121)
	  Index Cond: ((id >= 1118144) AND (id <= 1118153))

table 5 : explain SELECT c FROM sbtest5 WHERE id BETWEEN 8336912 AND 8336921
	Index Scan using sbtest5_pkey on sbtest5  (cost=0.43..43.66 rows=10 width=121)
	  Index Cond: ((id >= 8336912) AND (id <= 8336921))

table 6 : explain SELECT c FROM sbtest6 WHERE id BETWEEN 7746534 AND 7746543
	Index Scan using sbtest6_pkey on sbtest6  (cost=0.43..43.62 rows=10 width=121)
	  Index Cond: ((id >= 7746534) AND (id <= 7746543))

table 7 : explain SELECT c FROM sbtest7 WHERE id BETWEEN 5415543 AND 5415552
	Index Scan using sbtest7_pkey on sbtest7  (cost=0.43..47.43 rows=11 width=121)
	  Index Cond: ((id >= 5415543) AND (id <= 5415552))

table 8 : explain SELECT c FROM sbtest8 WHERE id BETWEEN 8098864 AND 8098873
	Index Scan using sbtest8_pkey on sbtest8  (cost=0.43..43.58 rows=10 width=121)
	  Index Cond: ((id >= 8098864) AND (id <= 8098873))

for: simple_ranges
table 1 : explain SELECT c FROM sbtest1 WHERE id BETWEEN 2366199 AND 2366208
	Index Scan using sbtest1_pkey on sbtest1  (cost=0.43..39.80 rows=9 width=121)
	  Index Cond: ((id >= 2366199) AND (id <= 2366208))

table 2 : explain SELECT c FROM sbtest2 WHERE id BETWEEN 7680843 AND 7680852
	Index Scan using sbtest2_pkey on sbtest2  (cost=0.43..43.73 rows=10 width=121)
	  Index Cond: ((id >= 7680843) AND (id <= 7680852))

table 3 : explain SELECT c FROM sbtest3 WHERE id BETWEEN 9822570 AND 9822579
	Index Scan using sbtest3_pkey on sbtest3  (cost=0.43..43.61 rows=10 width=121)
	  Index Cond: ((id >= 9822570) AND (id <= 9822579))

table 4 : explain SELECT c FROM sbtest4 WHERE id BETWEEN 6810229 AND 6810238
	Index Scan using sbtest4_pkey on sbtest4  (cost=0.43..43.42 rows=10 width=121)
	  Index Cond: ((id >= 6810229) AND (id <= 6810238))

table 5 : explain SELECT c FROM sbtest5 WHERE id BETWEEN 7668445 AND 7668454
	Index Scan using sbtest5_pkey on sbtest5  (cost=0.43..47.57 rows=11 width=121)
	  Index Cond: ((id >= 7668445) AND (id <= 7668454))

table 6 : explain SELECT c FROM sbtest6 WHERE id BETWEEN 2436740 AND 2436749
	Index Scan using sbtest6_pkey on sbtest6  (cost=0.43..39.71 rows=9 width=121)
	  Index Cond: ((id >= 2436740) AND (id <= 2436749))

table 7 : explain SELECT c FROM sbtest7 WHERE id BETWEEN 1499458 AND 1499467
	Index Scan using sbtest7_pkey on sbtest7  (cost=0.43..43.54 rows=10 width=121)
	  Index Cond: ((id >= 1499458) AND (id <= 1499467))

table 8 : explain SELECT c FROM sbtest8 WHERE id BETWEEN 5011086 AND 5011095
	Index Scan using sbtest8_pkey on sbtest8  (cost=0.43..43.58 rows=10 width=121)
	  Index Cond: ((id >= 5011086) AND (id <= 5011095))

for: simple_ranges
table 1 : explain SELECT c FROM sbtest1 WHERE id BETWEEN 8566521 AND 8566530
	Index Scan using sbtest1_pkey on sbtest1  (cost=0.43..43.72 rows=10 width=121)
	  Index Cond: ((id >= 8566521) AND (id <= 8566530))

table 2 : explain SELECT c FROM sbtest2 WHERE id BETWEEN 3581567 AND 3581576
	Index Scan using sbtest2_pkey on sbtest2  (cost=0.43..43.73 rows=10 width=121)
	  Index Cond: ((id >= 3581567) AND (id <= 3581576))

table 3 : explain SELECT c FROM sbtest3 WHERE id BETWEEN 3248064 AND 3248073
	Index Scan using sbtest3_pkey on sbtest3  (cost=0.43..43.61 rows=10 width=121)
	  Index Cond: ((id >= 3248064) AND (id <= 3248073))

table 4 : explain SELECT c FROM sbtest4 WHERE id BETWEEN 6394817 AND 6394826
	Index Scan using sbtest4_pkey on sbtest4  (cost=0.43..43.42 rows=10 width=121)
	  Index Cond: ((id >= 6394817) AND (id <= 6394826))

table 5 : explain SELECT c FROM sbtest5 WHERE id BETWEEN 8338029 AND 8338038
	Index Scan using sbtest5_pkey on sbtest5  (cost=0.43..43.66 rows=10 width=121)
	  Index Cond: ((id >= 8338029) AND (id <= 8338038))

table 6 : explain SELECT c FROM sbtest6 WHERE id BETWEEN 5164821 AND 5164830
	Index Scan using sbtest6_pkey on sbtest6  (cost=0.43..39.71 rows=9 width=121)
	  Index Cond: ((id >= 5164821) AND (id <= 5164830))

table 7 : explain SELECT c FROM sbtest7 WHERE id BETWEEN 7152342 AND 7152351
	Index Scan using sbtest7_pkey on sbtest7  (cost=0.43..43.54 rows=10 width=121)
	  Index Cond: ((id >= 7152342) AND (id <= 7152351))

table 8 : explain SELECT c FROM sbtest8 WHERE id BETWEEN 8287504 AND 8287513
	Index Scan using sbtest8_pkey on sbtest8  (cost=0.43..39.68 rows=9 width=121)
	  Index Cond: ((id >= 8287504) AND (id <= 8287513))

for point_selects
table 1 : explain SELECT c FROM sbtest1 WHERE id=4760321
	Index Scan using sbtest1_pkey on sbtest1  (cost=0.43..8.45 rows=1 width=121)
	  Index Cond: (id = 4760321)

table 2 : explain SELECT c FROM sbtest2 WHERE id=5970964
	Index Scan using sbtest2_pkey on sbtest2  (cost=0.43..8.45 rows=1 width=121)
	  Index Cond: (id = 5970964)

table 3 : explain SELECT c FROM sbtest3 WHERE id=8703829
	Index Scan using sbtest3_pkey on sbtest3  (cost=0.43..8.45 rows=1 width=121)
	  Index Cond: (id = 8703829)

table 4 : explain SELECT c FROM sbtest4 WHERE id=4667929
	Index Scan using sbtest4_pkey on sbtest4  (cost=0.43..8.45 rows=1 width=121)
	  Index Cond: (id = 4667929)

table 5 : explain SELECT c FROM sbtest5 WHERE id=5836615
	Index Scan using sbtest5_pkey on sbtest5  (cost=0.43..8.45 rows=1 width=121)
	  Index Cond: (id = 5836615)

table 6 : explain SELECT c FROM sbtest6 WHERE id=3048240
	Index Scan using sbtest6_pkey on sbtest6  (cost=0.43..8.45 rows=1 width=121)
	  Index Cond: (id = 3048240)

table 7 : explain SELECT c FROM sbtest7 WHERE id=5551679
	Index Scan using sbtest7_pkey on sbtest7  (cost=0.43..8.45 rows=1 width=121)
	  Index Cond: (id = 5551679)

table 8 : explain SELECT c FROM sbtest8 WHERE id=6959999
	Index Scan using sbtest8_pkey on sbtest8  (cost=0.43..8.45 rows=1 width=121)
	  Index Cond: (id = 6959999)

for point_selects
table 1 : explain SELECT c FROM sbtest1 WHERE id=5617445
	Index Scan using sbtest1_pkey on sbtest1  (cost=0.43..8.45 rows=1 width=121)
	  Index Cond: (id = 5617445)

table 2 : explain SELECT c FROM sbtest2 WHERE id=554538
	Index Scan using sbtest2_pkey on sbtest2  (cost=0.43..8.45 rows=1 width=121)
	  Index Cond: (id = 554538)

table 3 : explain SELECT c FROM sbtest3 WHERE id=914210
	Index Scan using sbtest3_pkey on sbtest3  (cost=0.43..8.45 rows=1 width=121)
	  Index Cond: (id = 914210)

table 4 : explain SELECT c FROM sbtest4 WHERE id=9175379
	Index Scan using sbtest4_pkey on sbtest4  (cost=0.43..8.45 rows=1 width=121)
	  Index Cond: (id = 9175379)

table 5 : explain SELECT c FROM sbtest5 WHERE id=1761412
	Index Scan using sbtest5_pkey on sbtest5  (cost=0.43..8.45 rows=1 width=121)
	  Index Cond: (id = 1761412)

table 6 : explain SELECT c FROM sbtest6 WHERE id=6043822
	Index Scan using sbtest6_pkey on sbtest6  (cost=0.43..8.45 rows=1 width=121)
	  Index Cond: (id = 6043822)

table 7 : explain SELECT c FROM sbtest7 WHERE id=5554427
	Index Scan using sbtest7_pkey on sbtest7  (cost=0.43..8.45 rows=1 width=121)
	  Index Cond: (id = 5554427)

table 8 : explain SELECT c FROM sbtest8 WHERE id=4384574
	Index Scan using sbtest8_pkey on sbtest8  (cost=0.43..8.45 rows=1 width=121)
	  Index Cond: (id = 4384574)

for: simple_ranges
table 1 : explain SELECT c FROM sbtest1 WHERE id BETWEEN 8998844 AND 8998853
	Index Scan using sbtest1_pkey on sbtest1  (cost=0.43..43.72 rows=10 width=121)
	  Index Cond: ((id >= 8998844) AND (id <= 8998853))

table 2 : explain SELECT c FROM sbtest2 WHERE id BETWEEN 8771232 AND 8771241
	Index Scan using sbtest2_pkey on sbtest2  (cost=0.43..47.65 rows=11 width=121)
	  Index Cond: ((id >= 8771232) AND (id <= 8771241))

table 3 : explain SELECT c FROM sbtest3 WHERE id BETWEEN 3684474 AND 3684483
	Index Scan using sbtest3_pkey on sbtest3  (cost=0.43..43.61 rows=10 width=121)
	  Index Cond: ((id >= 3684474) AND (id <= 3684483))

table 4 : explain SELECT c FROM sbtest4 WHERE id BETWEEN 4718731 AND 4718740
	Index Scan using sbtest4_pkey on sbtest4  (cost=0.43..43.42 rows=10 width=121)
	  Index Cond: ((id >= 4718731) AND (id <= 4718740))

table 5 : explain SELECT c FROM sbtest5 WHERE id BETWEEN 9038827 AND 9038836
	Index Scan using sbtest5_pkey on sbtest5  (cost=0.43..43.66 rows=10 width=121)
	  Index Cond: ((id >= 9038827) AND (id <= 9038836))

table 6 : explain SELECT c FROM sbtest6 WHERE id BETWEEN 2971304 AND 2971313
	Index Scan using sbtest6_pkey on sbtest6  (cost=0.43..47.53 rows=11 width=121)
	  Index Cond: ((id >= 2971304) AND (id <= 2971313))

table 7 : explain SELECT c FROM sbtest7 WHERE id BETWEEN 6819832 AND 6819841
	Index Scan using sbtest7_pkey on sbtest7  (cost=0.43..43.54 rows=10 width=121)
	  Index Cond: ((id >= 6819832) AND (id <= 6819841))

table 8 : explain SELECT c FROM sbtest8 WHERE id BETWEEN 76658 AND 76667
	Index Scan using sbtest8_pkey on sbtest8  (cost=0.43..47.48 rows=11 width=121)
	  Index Cond: ((id >= 76658) AND (id <= 76667))

for: simple_ranges
table 1 : explain SELECT c FROM sbtest1 WHERE id BETWEEN 9948835 AND 9948844
	Index Scan using sbtest1_pkey on sbtest1  (cost=0.43..43.72 rows=10 width=121)
	  Index Cond: ((id >= 9948835) AND (id <= 9948844))

table 2 : explain SELECT c FROM sbtest2 WHERE id BETWEEN 1568001 AND 1568010
	Index Scan using sbtest2_pkey on sbtest2  (cost=0.43..43.73 rows=10 width=121)
	  Index Cond: ((id >= 1568001) AND (id <= 1568010))

table 3 : explain SELECT c FROM sbtest3 WHERE id BETWEEN 9833204 AND 9833213
	Index Scan using sbtest3_pkey on sbtest3  (cost=0.43..43.61 rows=10 width=121)
	  Index Cond: ((id >= 9833204) AND (id <= 9833213))

table 4 : explain SELECT c FROM sbtest4 WHERE id BETWEEN 6641429 AND 6641438
	Index Scan using sbtest4_pkey on sbtest4  (cost=0.43..43.42 rows=10 width=121)
	  Index Cond: ((id >= 6641429) AND (id <= 6641438))

table 5 : explain SELECT c FROM sbtest5 WHERE id BETWEEN 2243600 AND 2243609
	Index Scan using sbtest5_pkey on sbtest5  (cost=0.43..43.66 rows=10 width=121)
	  Index Cond: ((id >= 2243600) AND (id <= 2243609))

table 6 : explain SELECT c FROM sbtest6 WHERE id BETWEEN 8773021 AND 8773030
	Index Scan using sbtest6_pkey on sbtest6  (cost=0.43..43.62 rows=10 width=121)
	  Index Cond: ((id >= 8773021) AND (id <= 8773030))

table 7 : explain SELECT c FROM sbtest7 WHERE id BETWEEN 6020966 AND 6020975
	Index Scan using sbtest7_pkey on sbtest7  (cost=0.43..43.54 rows=10 width=121)
	  Index Cond: ((id >= 6020966) AND (id <= 6020975))

table 8 : explain SELECT c FROM sbtest8 WHERE id BETWEEN 5904441 AND 5904450
	Index Scan using sbtest8_pkey on sbtest8  (cost=0.43..43.58 rows=10 width=121)
	  Index Cond: ((id >= 5904441) AND (id <= 5904450))

for point_selects
table 1 : explain SELECT c FROM sbtest1 WHERE id=9030141
	Index Scan using sbtest1_pkey on sbtest1  (cost=0.43..8.45 rows=1 width=121)
	  Index Cond: (id = 9030141)

table 2 : explain SELECT c FROM sbtest2 WHERE id=5955333
	Index Scan using sbtest2_pkey on sbtest2  (cost=0.43..8.45 rows=1 width=121)
	  Index Cond: (id = 5955333)

table 3 : explain SELECT c FROM sbtest3 WHERE id=7411088
	Index Scan using sbtest3_pkey on sbtest3  (cost=0.43..8.45 rows=1 width=121)
	  Index Cond: (id = 7411088)

table 4 : explain SELECT c FROM sbtest4 WHERE id=2403743
	Index Scan using sbtest4_pkey on sbtest4  (cost=0.43..8.45 rows=1 width=121)
	  Index Cond: (id = 2403743)

table 5 : explain SELECT c FROM sbtest5 WHERE id=8959006
	Index Scan using sbtest5_pkey on sbtest5  (cost=0.43..8.45 rows=1 width=121)
	  Index Cond: (id = 8959006)

table 6 : explain SELECT c FROM sbtest6 WHERE id=8195058
	Index Scan using sbtest6_pkey on sbtest6  (cost=0.43..8.45 rows=1 width=121)
	  Index Cond: (id = 8195058)

table 7 : explain SELECT c FROM sbtest7 WHERE id=108067
	Index Scan using sbtest7_pkey on sbtest7  (cost=0.43..8.45 rows=1 width=121)
	  Index Cond: (id = 108067)

table 8 : explain SELECT c FROM sbtest8 WHERE id=5187411
	Index Scan using sbtest8_pkey on sbtest8  (cost=0.43..8.45 rows=1 width=121)
	  Index Cond: (id = 5187411)

for point_selects
table 1 : explain SELECT c FROM sbtest1 WHERE id=1122664
	Index Scan using sbtest1_pkey on sbtest1  (cost=0.43..8.45 rows=1 width=121)
	  Index Cond: (id = 1122664)

table 2 : explain SELECT c FROM sbtest2 WHERE id=5676170
	Index Scan using sbtest2_pkey on sbtest2  (cost=0.43..8.45 rows=1 width=121)
	  Index Cond: (id = 5676170)

table 3 : explain SELECT c FROM sbtest3 WHERE id=1187935
	Index Scan using sbtest3_pkey on sbtest3  (cost=0.43..8.45 rows=1 width=121)
	  Index Cond: (id = 1187935)

table 4 : explain SELECT c FROM sbtest4 WHERE id=2828200
	Index Scan using sbtest4_pkey on sbtest4  (cost=0.43..8.45 rows=1 width=121)
	  Index Cond: (id = 2828200)

table 5 : explain SELECT c FROM sbtest5 WHERE id=1415139
	Index Scan using sbtest5_pkey on sbtest5  (cost=0.43..8.45 rows=1 width=121)
	  Index Cond: (id = 1415139)

table 6 : explain SELECT c FROM sbtest6 WHERE id=3952733
	Index Scan using sbtest6_pkey on sbtest6  (cost=0.43..8.45 rows=1 width=121)
	  Index Cond: (id = 3952733)

table 7 : explain SELECT c FROM sbtest7 WHERE id=8507507
	Index Scan using sbtest7_pkey on sbtest7  (cost=0.43..8.45 rows=1 width=121)
	  Index Cond: (id = 8507507)

table 8 : explain SELECT c FROM sbtest8 WHERE id=9162992
	Index Scan using sbtest8_pkey on sbtest8  (cost=0.43..8.45 rows=1 width=121)
	  Index Cond: (id = 9162992)

for: simple_ranges
table 1 : explain SELECT c FROM sbtest1 WHERE id BETWEEN 4381087 AND 4381096
	Index Scan using sbtest1_pkey on sbtest1  (cost=0.43..43.72 rows=10 width=121)
	  Index Cond: ((id >= 4381087) AND (id <= 4381096))

table 2 : explain SELECT c FROM sbtest2 WHERE id BETWEEN 3735109 AND 3735118
	Index Scan using sbtest2_pkey on sbtest2  (cost=0.43..43.73 rows=10 width=121)
	  Index Cond: ((id >= 3735109) AND (id <= 3735118))

table 3 : explain SELECT c FROM sbtest3 WHERE id BETWEEN 6269001 AND 6269010
	Index Scan using sbtest3_pkey on sbtest3  (cost=0.43..43.61 rows=10 width=121)
	  Index Cond: ((id >= 6269001) AND (id <= 6269010))

table 4 : explain SELECT c FROM sbtest4 WHERE id BETWEEN 334496 AND 334505
	Index Scan using sbtest4_pkey on sbtest4  (cost=0.43..43.42 rows=10 width=121)
	  Index Cond: ((id >= 334496) AND (id <= 334505))

table 5 : explain SELECT c FROM sbtest5 WHERE id BETWEEN 6777681 AND 6777690
	Index Scan using sbtest5_pkey on sbtest5  (cost=0.43..43.66 rows=10 width=121)
	  Index Cond: ((id >= 6777681) AND (id <= 6777690))

table 6 : explain SELECT c FROM sbtest6 WHERE id BETWEEN 5187341 AND 5187350
	Index Scan using sbtest6_pkey on sbtest6  (cost=0.43..39.71 rows=9 width=121)
	  Index Cond: ((id >= 5187341) AND (id <= 5187350))

table 7 : explain SELECT c FROM sbtest7 WHERE id BETWEEN 393723 AND 393732
	Index Scan using sbtest7_pkey on sbtest7  (cost=0.43..43.54 rows=10 width=121)
	  Index Cond: ((id >= 393723) AND (id <= 393732))

table 8 : explain SELECT c FROM sbtest8 WHERE id BETWEEN 3770692 AND 3770701
	Index Scan using sbtest8_pkey on sbtest8  (cost=0.43..39.68 rows=9 width=121)
	  Index Cond: ((id >= 3770692) AND (id <= 3770701))

for: simple_ranges
table 1 : explain SELECT c FROM sbtest1 WHERE id BETWEEN 51931 AND 51940
	Index Scan using sbtest1_pkey on sbtest1  (cost=0.43..43.72 rows=10 width=121)
	  Index Cond: ((id >= 51931) AND (id <= 51940))

table 2 : explain SELECT c FROM sbtest2 WHERE id BETWEEN 2233124 AND 2233133
	Index Scan using sbtest2_pkey on sbtest2  (cost=0.43..47.65 rows=11 width=121)
	  Index Cond: ((id >= 2233124) AND (id <= 2233133))

table 3 : explain SELECT c FROM sbtest3 WHERE id BETWEEN 8911372 AND 8911381
	Index Scan using sbtest3_pkey on sbtest3  (cost=0.43..43.61 rows=10 width=121)
	  Index Cond: ((id >= 8911372) AND (id <= 8911381))

table 4 : explain SELECT c FROM sbtest4 WHERE id BETWEEN 3126355 AND 3126364
	Index Scan using sbtest4_pkey on sbtest4  (cost=0.43..43.42 rows=10 width=121)
	  Index Cond: ((id >= 3126355) AND (id <= 3126364))

table 5 : explain SELECT c FROM sbtest5 WHERE id BETWEEN 9737669 AND 9737678
	Index Scan using sbtest5_pkey on sbtest5  (cost=0.43..43.66 rows=10 width=121)
	  Index Cond: ((id >= 9737669) AND (id <= 9737678))

table 6 : explain SELECT c FROM sbtest6 WHERE id BETWEEN 3096470 AND 3096479
	Index Scan using sbtest6_pkey on sbtest6  (cost=0.43..39.71 rows=9 width=121)
	  Index Cond: ((id >= 3096470) AND (id <= 3096479))

table 7 : explain SELECT c FROM sbtest7 WHERE id BETWEEN 9041014 AND 9041023
	Index Scan using sbtest7_pkey on sbtest7  (cost=0.43..43.54 rows=10 width=121)
	  Index Cond: ((id >= 9041014) AND (id <= 9041023))

table 8 : explain SELECT c FROM sbtest8 WHERE id BETWEEN 6183099 AND 6183108
	Index Scan using sbtest8_pkey on sbtest8  (cost=0.43..43.58 rows=10 width=121)
	  Index Cond: ((id >= 6183099) AND (id <= 6183108))

for point_selects
table 1 : explain SELECT c FROM sbtest1 WHERE id=275678
	Index Scan using sbtest1_pkey on sbtest1  (cost=0.43..8.45 rows=1 width=121)
	  Index Cond: (id = 275678)

table 2 : explain SELECT c FROM sbtest2 WHERE id=8162817
	Index Scan using sbtest2_pkey on sbtest2  (cost=0.43..8.45 rows=1 width=121)
	  Index Cond: (id = 8162817)

table 3 : explain SELECT c FROM sbtest3 WHERE id=4563730
	Index Scan using sbtest3_pkey on sbtest3  (cost=0.43..8.45 rows=1 width=121)
	  Index Cond: (id = 4563730)

table 4 : explain SELECT c FROM sbtest4 WHERE id=834804
	Index Scan using sbtest4_pkey on sbtest4  (cost=0.43..8.45 rows=1 width=121)
	  Index Cond: (id = 834804)

table 5 : explain SELECT c FROM sbtest5 WHERE id=9535835
	Index Scan using sbtest5_pkey on sbtest5  (cost=0.43..8.45 rows=1 width=121)
	  Index Cond: (id = 9535835)

table 6 : explain SELECT c FROM sbtest6 WHERE id=6295184
	Index Scan using sbtest6_pkey on sbtest6  (cost=0.43..8.45 rows=1 width=121)
	  Index Cond: (id = 6295184)

table 7 : explain SELECT c FROM sbtest7 WHERE id=4372305
	Index Scan using sbtest7_pkey on sbtest7  (cost=0.43..8.45 rows=1 width=121)
	  Index Cond: (id = 4372305)

table 8 : explain SELECT c FROM sbtest8 WHERE id=1374978
	Index Scan using sbtest8_pkey on sbtest8  (cost=0.43..8.45 rows=1 width=121)
	  Index Cond: (id = 1374978)

for: sum_ranges
table 1 : explain SELECT SUM(k) FROM sbtest1 WHERE id BETWEEN 5192888 AND 5192897
	Aggregate  (cost=47.67..47.68 rows=1 width=8)
	  ->  Index Scan using sbtest1_pkey on sbtest1  (cost=0.43..47.64 rows=11 width=4)
	        Index Cond: ((id >= 5192888) AND (id <= 5192897))

table 2 : explain SELECT SUM(k) FROM sbtest2 WHERE id BETWEEN 1043318 AND 1043327
	Aggregate  (cost=43.76..43.77 rows=1 width=8)
	  ->  Index Scan using sbtest2_pkey on sbtest2  (cost=0.43..43.73 rows=10 width=4)
	        Index Cond: ((id >= 1043318) AND (id <= 1043327))

table 3 : explain SELECT SUM(k) FROM sbtest3 WHERE id BETWEEN 8910078 AND 8910087
	Aggregate  (cost=43.63..43.64 rows=1 width=8)
	  ->  Index Scan using sbtest3_pkey on sbtest3  (cost=0.43..43.61 rows=10 width=4)
	        Index Cond: ((id >= 8910078) AND (id <= 8910087))

table 4 : explain SELECT SUM(k) FROM sbtest4 WHERE id BETWEEN 1913156 AND 1913165
	Aggregate  (cost=43.44..43.45 rows=1 width=8)
	  ->  Index Scan using sbtest4_pkey on sbtest4  (cost=0.43..43.42 rows=10 width=4)
	        Index Cond: ((id >= 1913156) AND (id <= 1913165))

table 5 : explain SELECT SUM(k) FROM sbtest5 WHERE id BETWEEN 9926343 AND 9926352
	Aggregate  (cost=43.68..43.69 rows=1 width=8)
	  ->  Index Scan using sbtest5_pkey on sbtest5  (cost=0.43..43.66 rows=10 width=4)
	        Index Cond: ((id >= 9926343) AND (id <= 9926352))

table 6 : explain SELECT SUM(k) FROM sbtest6 WHERE id BETWEEN 132289 AND 132298
	Aggregate  (cost=43.65..43.66 rows=1 width=8)
	  ->  Index Scan using sbtest6_pkey on sbtest6  (cost=0.43..43.62 rows=10 width=4)
	        Index Cond: ((id >= 132289) AND (id <= 132298))

table 7 : explain SELECT SUM(k) FROM sbtest7 WHERE id BETWEEN 1211818 AND 1211827
	Aggregate  (cost=43.56..43.57 rows=1 width=8)
	  ->  Index Scan using sbtest7_pkey on sbtest7  (cost=0.43..43.54 rows=10 width=4)
	        Index Cond: ((id >= 1211818) AND (id <= 1211827))

table 8 : explain SELECT SUM(k) FROM sbtest8 WHERE id BETWEEN 5082025 AND 5082034
	Aggregate  (cost=43.60..43.61 rows=1 width=8)
	  ->  Index Scan using sbtest8_pkey on sbtest8  (cost=0.43..43.58 rows=10 width=4)
	        Index Cond: ((id >= 5082025) AND (id <= 5082034))

for point_selects
table 1 : explain SELECT c FROM sbtest1 WHERE id=8536396
	Index Scan using sbtest1_pkey on sbtest1  (cost=0.43..8.45 rows=1 width=121)
	  Index Cond: (id = 8536396)

table 2 : explain SELECT c FROM sbtest2 WHERE id=6708722
	Index Scan using sbtest2_pkey on sbtest2  (cost=0.43..8.45 rows=1 width=121)
	  Index Cond: (id = 6708722)

table 3 : explain SELECT c FROM sbtest3 WHERE id=6967935
	Index Scan using sbtest3_pkey on sbtest3  (cost=0.43..8.45 rows=1 width=121)
	  Index Cond: (id = 6967935)

table 4 : explain SELECT c FROM sbtest4 WHERE id=7244589
	Index Scan using sbtest4_pkey on sbtest4  (cost=0.43..8.45 rows=1 width=121)
	  Index Cond: (id = 7244589)

table 5 : explain SELECT c FROM sbtest5 WHERE id=2656684
	Index Scan using sbtest5_pkey on sbtest5  (cost=0.43..8.45 rows=1 width=121)
	  Index Cond: (id = 2656684)

table 6 : explain SELECT c FROM sbtest6 WHERE id=5745646
	Index Scan using sbtest6_pkey on sbtest6  (cost=0.43..8.45 rows=1 width=121)
	  Index Cond: (id = 5745646)

table 7 : explain SELECT c FROM sbtest7 WHERE id=2387945
	Index Scan using sbtest7_pkey on sbtest7  (cost=0.43..8.45 rows=1 width=121)
	  Index Cond: (id = 2387945)

table 8 : explain SELECT c FROM sbtest8 WHERE id=363057
	Index Scan using sbtest8_pkey on sbtest8  (cost=0.43..8.45 rows=1 width=121)
	  Index Cond: (id = 363057)

for: simple_ranges
table 1 : explain SELECT c FROM sbtest1 WHERE id BETWEEN 323860 AND 323869
	Index Scan using sbtest1_pkey on sbtest1  (cost=0.43..47.64 rows=11 width=121)
	  Index Cond: ((id >= 323860) AND (id <= 323869))

table 2 : explain SELECT c FROM sbtest2 WHERE id BETWEEN 169527 AND 169536
	Index Scan using sbtest2_pkey on sbtest2  (cost=0.43..39.81 rows=9 width=121)
	  Index Cond: ((id >= 169527) AND (id <= 169536))

table 3 : explain SELECT c FROM sbtest3 WHERE id BETWEEN 7374662 AND 7374671
	Index Scan using sbtest3_pkey on sbtest3  (cost=0.43..39.70 rows=9 width=121)
	  Index Cond: ((id >= 7374662) AND (id <= 7374671))

table 4 : explain SELECT c FROM sbtest4 WHERE id BETWEEN 1939681 AND 1939690
	Index Scan using sbtest4_pkey on sbtest4  (cost=0.43..43.42 rows=10 width=121)
	  Index Cond: ((id >= 1939681) AND (id <= 1939690))

table 5 : explain SELECT c FROM sbtest5 WHERE id BETWEEN 9814154 AND 9814163
	Index Scan using sbtest5_pkey on sbtest5  (cost=0.43..43.66 rows=10 width=121)
	  Index Cond: ((id >= 9814154) AND (id <= 9814163))

table 6 : explain SELECT c FROM sbtest6 WHERE id BETWEEN 674691 AND 674700
	Index Scan using sbtest6_pkey on sbtest6  (cost=0.43..43.62 rows=10 width=121)
	  Index Cond: ((id >= 674691) AND (id <= 674700))

table 7 : explain SELECT c FROM sbtest7 WHERE id BETWEEN 4123245 AND 4123254
	Index Scan using sbtest7_pkey on sbtest7  (cost=0.43..43.54 rows=10 width=121)
	  Index Cond: ((id >= 4123245) AND (id <= 4123254))

table 8 : explain SELECT c FROM sbtest8 WHERE id BETWEEN 3049694 AND 3049703
	Index Scan using sbtest8_pkey on sbtest8  (cost=0.43..39.68 rows=9 width=121)
	  Index Cond: ((id >= 3049694) AND (id <= 3049703))

for: simple_ranges
table 1 : explain SELECT c FROM sbtest1 WHERE id BETWEEN 8741403 AND 8741412
	Index Scan using sbtest1_pkey on sbtest1  (cost=0.43..39.80 rows=9 width=121)
	  Index Cond: ((id >= 8741403) AND (id <= 8741412))

table 2 : explain SELECT c FROM sbtest2 WHERE id BETWEEN 184126 AND 184135
	Index Scan using sbtest2_pkey on sbtest2  (cost=0.43..39.81 rows=9 width=121)
	  Index Cond: ((id >= 184126) AND (id <= 184135))

table 3 : explain SELECT c FROM sbtest3 WHERE id BETWEEN 4044086 AND 4044095
	Index Scan using sbtest3_pkey on sbtest3  (cost=0.43..43.61 rows=10 width=121)
	  Index Cond: ((id >= 4044086) AND (id <= 4044095))

table 4 : explain SELECT c FROM sbtest4 WHERE id BETWEEN 6455785 AND 6455794
	Index Scan using sbtest4_pkey on sbtest4  (cost=0.43..47.30 rows=11 width=121)
	  Index Cond: ((id >= 6455785) AND (id <= 6455794))

table 5 : explain SELECT c FROM sbtest5 WHERE id BETWEEN 5998406 AND 5998415
	Index Scan using sbtest5_pkey on sbtest5  (cost=0.43..43.66 rows=10 width=121)
	  Index Cond: ((id >= 5998406) AND (id <= 5998415))

table 6 : explain SELECT c FROM sbtest6 WHERE id BETWEEN 732682 AND 732691
	Index Scan using sbtest6_pkey on sbtest6  (cost=0.43..39.71 rows=9 width=121)
	  Index Cond: ((id >= 732682) AND (id <= 732691))

table 7 : explain SELECT c FROM sbtest7 WHERE id BETWEEN 7182974 AND 7182983
	Index Scan using sbtest7_pkey on sbtest7  (cost=0.43..43.54 rows=10 width=121)
	  Index Cond: ((id >= 7182974) AND (id <= 7182983))

table 8 : explain SELECT c FROM sbtest8 WHERE id BETWEEN 7270275 AND 7270284
	Index Scan using sbtest8_pkey on sbtest8  (cost=0.43..47.48 rows=11 width=121)
	  Index Cond: ((id >= 7270275) AND (id <= 7270284))

for point_selects
table 1 : explain SELECT c FROM sbtest1 WHERE id=2898355
	Index Scan using sbtest1_pkey on sbtest1  (cost=0.43..8.45 rows=1 width=121)
	  Index Cond: (id = 2898355)

table 2 : explain SELECT c FROM sbtest2 WHERE id=5714877
	Index Scan using sbtest2_pkey on sbtest2  (cost=0.43..8.45 rows=1 width=121)
	  Index Cond: (id = 5714877)

table 3 : explain SELECT c FROM sbtest3 WHERE id=7595316
	Index Scan using sbtest3_pkey on sbtest3  (cost=0.43..8.45 rows=1 width=121)
	  Index Cond: (id = 7595316)

table 4 : explain SELECT c FROM sbtest4 WHERE id=8002236
	Index Scan using sbtest4_pkey on sbtest4  (cost=0.43..8.45 rows=1 width=121)
	  Index Cond: (id = 8002236)

table 5 : explain SELECT c FROM sbtest5 WHERE id=283457
	Index Scan using sbtest5_pkey on sbtest5  (cost=0.43..8.45 rows=1 width=121)
	  Index Cond: (id = 283457)

table 6 : explain SELECT c FROM sbtest6 WHERE id=6109060
	Index Scan using sbtest6_pkey on sbtest6  (cost=0.43..8.45 rows=1 width=121)
	  Index Cond: (id = 6109060)

table 7 : explain SELECT c FROM sbtest7 WHERE id=1504562
	Index Scan using sbtest7_pkey on sbtest7  (cost=0.43..8.45 rows=1 width=121)
	  Index Cond: (id = 1504562)

table 8 : explain SELECT c FROM sbtest8 WHERE id=3404640
	Index Scan using sbtest8_pkey on sbtest8  (cost=0.43..8.45 rows=1 width=121)
	  Index Cond: (id = 3404640)

for: simple_ranges
table 1 : explain SELECT c FROM sbtest1 WHERE id BETWEEN 4197037 AND 4197046
	Index Scan using sbtest1_pkey on sbtest1  (cost=0.43..43.72 rows=10 width=121)
	  Index Cond: ((id >= 4197037) AND (id <= 4197046))

table 2 : explain SELECT c FROM sbtest2 WHERE id BETWEEN 3637732 AND 3637741
	Index Scan using sbtest2_pkey on sbtest2  (cost=0.43..43.73 rows=10 width=121)
	  Index Cond: ((id >= 3637732) AND (id <= 3637741))

table 3 : explain SELECT c FROM sbtest3 WHERE id BETWEEN 1806378 AND 1806387
	Index Scan using sbtest3_pkey on sbtest3  (cost=0.43..47.51 rows=11 width=121)
	  Index Cond: ((id >= 1806378) AND (id <= 1806387))

table 4 : explain SELECT c FROM sbtest4 WHERE id BETWEEN 5568482 AND 5568491
	Index Scan using sbtest4_pkey on sbtest4  (cost=0.43..43.42 rows=10 width=121)
	  Index Cond: ((id >= 5568482) AND (id <= 5568491))

table 5 : explain SELECT c FROM sbtest5 WHERE id BETWEEN 4301787 AND 4301796
	Index Scan using sbtest5_pkey on sbtest5  (cost=0.43..43.66 rows=10 width=121)
	  Index Cond: ((id >= 4301787) AND (id <= 4301796))

table 6 : explain SELECT c FROM sbtest6 WHERE id BETWEEN 2115995 AND 2116004
	Index Scan using sbtest6_pkey on sbtest6  (cost=0.43..43.62 rows=10 width=121)
	  Index Cond: ((id >= 2115995) AND (id <= 2116004))

table 7 : explain SELECT c FROM sbtest7 WHERE id BETWEEN 6008502 AND 6008511
	Index Scan using sbtest7_pkey on sbtest7  (cost=0.43..43.54 rows=10 width=121)
	  Index Cond: ((id >= 6008502) AND (id <= 6008511))

table 8 : explain SELECT c FROM sbtest8 WHERE id BETWEEN 8988593 AND 8988602
	Index Scan using sbtest8_pkey on sbtest8  (cost=0.43..43.58 rows=10 width=121)
	  Index Cond: ((id >= 8988593) AND (id <= 8988602))

for point_selects
table 1 : explain SELECT c FROM sbtest1 WHERE id=6756693
	Index Scan using sbtest1_pkey on sbtest1  (cost=0.43..8.45 rows=1 width=121)
	  Index Cond: (id = 6756693)

table 2 : explain SELECT c FROM sbtest2 WHERE id=5159858
	Index Scan using sbtest2_pkey on sbtest2  (cost=0.43..8.45 rows=1 width=121)
	  Index Cond: (id = 5159858)

table 3 : explain SELECT c FROM sbtest3 WHERE id=4400033
	Index Scan using sbtest3_pkey on sbtest3  (cost=0.43..8.45 rows=1 width=121)
	  Index Cond: (id = 4400033)

table 4 : explain SELECT c FROM sbtest4 WHERE id=5378331
	Index Scan using sbtest4_pkey on sbtest4  (cost=0.43..8.45 rows=1 width=121)
	  Index Cond: (id = 5378331)

table 5 : explain SELECT c FROM sbtest5 WHERE id=7327832
	Index Scan using sbtest5_pkey on sbtest5  (cost=0.43..8.45 rows=1 width=121)
	  Index Cond: (id = 7327832)

table 6 : explain SELECT c FROM sbtest6 WHERE id=8461316
	Index Scan using sbtest6_pkey on sbtest6  (cost=0.43..8.45 rows=1 width=121)
	  Index Cond: (id = 8461316)

table 7 : explain SELECT c FROM sbtest7 WHERE id=7695995
	Index Scan using sbtest7_pkey on sbtest7  (cost=0.43..8.45 rows=1 width=121)
	  Index Cond: (id = 7695995)

table 8 : explain SELECT c FROM sbtest8 WHERE id=2813257
	Index Scan using sbtest8_pkey on sbtest8  (cost=0.43..8.45 rows=1 width=121)
	  Index Cond: (id = 2813257)

for point_selects
table 1 : explain SELECT c FROM sbtest1 WHERE id=9193822
	Index Scan using sbtest1_pkey on sbtest1  (cost=0.43..8.45 rows=1 width=121)
	  Index Cond: (id = 9193822)

table 2 : explain SELECT c FROM sbtest2 WHERE id=8415006
	Index Scan using sbtest2_pkey on sbtest2  (cost=0.43..8.45 rows=1 width=121)
	  Index Cond: (id = 8415006)

table 3 : explain SELECT c FROM sbtest3 WHERE id=789123
	Index Scan using sbtest3_pkey on sbtest3  (cost=0.43..8.45 rows=1 width=121)
	  Index Cond: (id = 789123)

table 4 : explain SELECT c FROM sbtest4 WHERE id=6185589
	Index Scan using sbtest4_pkey on sbtest4  (cost=0.43..8.45 rows=1 width=121)
	  Index Cond: (id = 6185589)

table 5 : explain SELECT c FROM sbtest5 WHERE id=7634685
	Index Scan using sbtest5_pkey on sbtest5  (cost=0.43..8.45 rows=1 width=121)
	  Index Cond: (id = 7634685)

table 6 : explain SELECT c FROM sbtest6 WHERE id=7950814
	Index Scan using sbtest6_pkey on sbtest6  (cost=0.43..8.45 rows=1 width=121)
	  Index Cond: (id = 7950814)

table 7 : explain SELECT c FROM sbtest7 WHERE id=5108784
	Index Scan using sbtest7_pkey on sbtest7  (cost=0.43..8.45 rows=1 width=121)
	  Index Cond: (id = 5108784)

table 8 : explain SELECT c FROM sbtest8 WHERE id=2026725
	Index Scan using sbtest8_pkey on sbtest8  (cost=0.43..8.45 rows=1 width=121)
	  Index Cond: (id = 2026725)

for point_selects
table 1 : explain SELECT c FROM sbtest1 WHERE id=9250115
	Index Scan using sbtest1_pkey on sbtest1  (cost=0.43..8.45 rows=1 width=121)
	  Index Cond: (id = 9250115)

table 2 : explain SELECT c FROM sbtest2 WHERE id=6671392
	Index Scan using sbtest2_pkey on sbtest2  (cost=0.43..8.45 rows=1 width=121)
	  Index Cond: (id = 6671392)

table 3 : explain SELECT c FROM sbtest3 WHERE id=6656600
	Index Scan using sbtest3_pkey on sbtest3  (cost=0.43..8.45 rows=1 width=121)
	  Index Cond: (id = 6656600)

table 4 : explain SELECT c FROM sbtest4 WHERE id=7549357
	Index Scan using sbtest4_pkey on sbtest4  (cost=0.43..8.45 rows=1 width=121)
	  Index Cond: (id = 7549357)

table 5 : explain SELECT c FROM sbtest5 WHERE id=9154616
	Index Scan using sbtest5_pkey on sbtest5  (cost=0.43..8.45 rows=1 width=121)
	  Index Cond: (id = 9154616)

table 6 : explain SELECT c FROM sbtest6 WHERE id=8619844
	Index Scan using sbtest6_pkey on sbtest6  (cost=0.43..8.45 rows=1 width=121)
	  Index Cond: (id = 8619844)

table 7 : explain SELECT c FROM sbtest7 WHERE id=7505711
	Index Scan using sbtest7_pkey on sbtest7  (cost=0.43..8.45 rows=1 width=121)
	  Index Cond: (id = 7505711)

table 8 : explain SELECT c FROM sbtest8 WHERE id=8631122
	Index Scan using sbtest8_pkey on sbtest8  (cost=0.43..8.45 rows=1 width=121)
	  Index Cond: (id = 8631122)

for: simple_ranges
table 1 : explain SELECT c FROM sbtest1 WHERE id BETWEEN 3589236 AND 3589245
	Index Scan using sbtest1_pkey on sbtest1  (cost=0.43..43.72 rows=10 width=121)
	  Index Cond: ((id >= 3589236) AND (id <= 3589245))

table 2 : explain SELECT c FROM sbtest2 WHERE id BETWEEN 1957178 AND 1957187
	Index Scan using sbtest2_pkey on sbtest2  (cost=0.43..43.73 rows=10 width=121)
	  Index Cond: ((id >= 1957178) AND (id <= 1957187))

table 3 : explain SELECT c FROM sbtest3 WHERE id BETWEEN 8569181 AND 8569190
	Index Scan using sbtest3_pkey on sbtest3  (cost=0.43..43.61 rows=10 width=121)
	  Index Cond: ((id >= 8569181) AND (id <= 8569190))

table 4 : explain SELECT c FROM sbtest4 WHERE id BETWEEN 6370303 AND 6370312
	Index Scan using sbtest4_pkey on sbtest4  (cost=0.43..43.42 rows=10 width=121)
	  Index Cond: ((id >= 6370303) AND (id <= 6370312))

table 5 : explain SELECT c FROM sbtest5 WHERE id BETWEEN 5566666 AND 5566675
	Index Scan using sbtest5_pkey on sbtest5  (cost=0.43..39.74 rows=9 width=121)
	  Index Cond: ((id >= 5566666) AND (id <= 5566675))

table 6 : explain SELECT c FROM sbtest6 WHERE id BETWEEN 6901595 AND 6901604
	Index Scan using sbtest6_pkey on sbtest6  (cost=0.43..39.71 rows=9 width=121)
	  Index Cond: ((id >= 6901595) AND (id <= 6901604))

table 7 : explain SELECT c FROM sbtest7 WHERE id BETWEEN 1136265 AND 1136274
	Index Scan using sbtest7_pkey on sbtest7  (cost=0.43..43.54 rows=10 width=121)
	  Index Cond: ((id >= 1136265) AND (id <= 1136274))

table 8 : explain SELECT c FROM sbtest8 WHERE id BETWEEN 5543958 AND 5543967
	Index Scan using sbtest8_pkey on sbtest8  (cost=0.43..39.68 rows=9 width=121)
	  Index Cond: ((id >= 5543958) AND (id <= 5543967))

for: simple_ranges
table 1 : explain SELECT c FROM sbtest1 WHERE id BETWEEN 8578983 AND 8578992
	Index Scan using sbtest1_pkey on sbtest1  (cost=0.43..43.72 rows=10 width=121)
	  Index Cond: ((id >= 8578983) AND (id <= 8578992))

table 2 : explain SELECT c FROM sbtest2 WHERE id BETWEEN 5051736 AND 5051745
	Index Scan using sbtest2_pkey on sbtest2  (cost=0.43..43.73 rows=10 width=121)
	  Index Cond: ((id >= 5051736) AND (id <= 5051745))

table 3 : explain SELECT c FROM sbtest3 WHERE id BETWEEN 7035848 AND 7035857
	Index Scan using sbtest3_pkey on sbtest3  (cost=0.43..43.61 rows=10 width=121)
	  Index Cond: ((id >= 7035848) AND (id <= 7035857))

table 4 : explain SELECT c FROM sbtest4 WHERE id BETWEEN 777819 AND 777828
	Index Scan using sbtest4_pkey on sbtest4  (cost=0.43..39.53 rows=9 width=121)
	  Index Cond: ((id >= 777819) AND (id <= 777828))

table 5 : explain SELECT c FROM sbtest5 WHERE id BETWEEN 8133287 AND 8133296
	Index Scan using sbtest5_pkey on sbtest5  (cost=0.43..43.66 rows=10 width=121)
	  Index Cond: ((id >= 8133287) AND (id <= 8133296))

table 6 : explain SELECT c FROM sbtest6 WHERE id BETWEEN 8054716 AND 8054725
	Index Scan using sbtest6_pkey on sbtest6  (cost=0.43..43.62 rows=10 width=121)
	  Index Cond: ((id >= 8054716) AND (id <= 8054725))

table 7 : explain SELECT c FROM sbtest7 WHERE id BETWEEN 7331886 AND 7331895
	Index Scan using sbtest7_pkey on sbtest7  (cost=0.43..43.54 rows=10 width=121)
	  Index Cond: ((id >= 7331886) AND (id <= 7331895))

table 8 : explain SELECT c FROM sbtest8 WHERE id BETWEEN 907592 AND 907601
	Index Scan using sbtest8_pkey on sbtest8  (cost=0.43..43.58 rows=10 width=121)
	  Index Cond: ((id >= 907592) AND (id <= 907601))

for: simple_ranges
table 1 : explain SELECT c FROM sbtest1 WHERE id BETWEEN 893927 AND 893936
	Index Scan using sbtest1_pkey on sbtest1  (cost=0.43..43.72 rows=10 width=121)
	  Index Cond: ((id >= 893927) AND (id <= 893936))

table 2 : explain SELECT c FROM sbtest2 WHERE id BETWEEN 4877854 AND 4877863
	Index Scan using sbtest2_pkey on sbtest2  (cost=0.43..43.73 rows=10 width=121)
	  Index Cond: ((id >= 4877854) AND (id <= 4877863))

table 3 : explain SELECT c FROM sbtest3 WHERE id BETWEEN 5290757 AND 5290766
	Index Scan using sbtest3_pkey on sbtest3  (cost=0.43..39.70 rows=9 width=121)
	  Index Cond: ((id >= 5290757) AND (id <= 5290766))

table 4 : explain SELECT c FROM sbtest4 WHERE id BETWEEN 9270352 AND 9270361
	Index Scan using sbtest4_pkey on sbtest4  (cost=0.43..43.42 rows=10 width=121)
	  Index Cond: ((id >= 9270352) AND (id <= 9270361))

table 5 : explain SELECT c FROM sbtest5 WHERE id BETWEEN 4365907 AND 4365916
	Index Scan using sbtest5_pkey on sbtest5  (cost=0.43..43.66 rows=10 width=121)
	  Index Cond: ((id >= 4365907) AND (id <= 4365916))

table 6 : explain SELECT c FROM sbtest6 WHERE id BETWEEN 5351150 AND 5351159
	Index Scan using sbtest6_pkey on sbtest6  (cost=0.43..43.62 rows=10 width=121)
	  Index Cond: ((id >= 5351150) AND (id <= 5351159))

table 7 : explain SELECT c FROM sbtest7 WHERE id BETWEEN 7317782 AND 7317791
	Index Scan using sbtest7_pkey on sbtest7  (cost=0.43..43.54 rows=10 width=121)
	  Index Cond: ((id >= 7317782) AND (id <= 7317791))

table 8 : explain SELECT c FROM sbtest8 WHERE id BETWEEN 7776687 AND 7776696
	Index Scan using sbtest8_pkey on sbtest8  (cost=0.43..43.58 rows=10 width=121)
	  Index Cond: ((id >= 7776687) AND (id <= 7776696))

for: sum_ranges
table 1 : explain SELECT SUM(k) FROM sbtest1 WHERE id BETWEEN 6879842 AND 6879851
	Aggregate  (cost=43.75..43.76 rows=1 width=8)
	  ->  Index Scan using sbtest1_pkey on sbtest1  (cost=0.43..43.72 rows=10 width=4)
	        Index Cond: ((id >= 6879842) AND (id <= 6879851))

table 2 : explain SELECT SUM(k) FROM sbtest2 WHERE id BETWEEN 2821663 AND 2821672
	Aggregate  (cost=43.76..43.77 rows=1 width=8)
	  ->  Index Scan using sbtest2_pkey on sbtest2  (cost=0.43..43.73 rows=10 width=4)
	        Index Cond: ((id >= 2821663) AND (id <= 2821672))

table 3 : explain SELECT SUM(k) FROM sbtest3 WHERE id BETWEEN 2713304 AND 2713313
	Aggregate  (cost=47.54..47.55 rows=1 width=8)
	  ->  Index Scan using sbtest3_pkey on sbtest3  (cost=0.43..47.51 rows=11 width=4)
	        Index Cond: ((id >= 2713304) AND (id <= 2713313))

table 4 : explain SELECT SUM(k) FROM sbtest4 WHERE id BETWEEN 6289401 AND 6289410
	Aggregate  (cost=43.44..43.45 rows=1 width=8)
	  ->  Index Scan using sbtest4_pkey on sbtest4  (cost=0.43..43.42 rows=10 width=4)
	        Index Cond: ((id >= 6289401) AND (id <= 6289410))

table 5 : explain SELECT SUM(k) FROM sbtest5 WHERE id BETWEEN 7611606 AND 7611615
	Aggregate  (cost=47.59..47.60 rows=1 width=8)
	  ->  Index Scan using sbtest5_pkey on sbtest5  (cost=0.43..47.57 rows=11 width=4)
	        Index Cond: ((id >= 7611606) AND (id <= 7611615))

table 6 : explain SELECT SUM(k) FROM sbtest6 WHERE id BETWEEN 9793657 AND 9793666
	Aggregate  (cost=43.65..43.66 rows=1 width=8)
	  ->  Index Scan using sbtest6_pkey on sbtest6  (cost=0.43..43.62 rows=10 width=4)
	        Index Cond: ((id >= 9793657) AND (id <= 9793666))

table 7 : explain SELECT SUM(k) FROM sbtest7 WHERE id BETWEEN 4982670 AND 4982679
	Aggregate  (cost=39.66..39.67 rows=1 width=8)
	  ->  Index Scan using sbtest7_pkey on sbtest7  (cost=0.43..39.64 rows=9 width=4)
	        Index Cond: ((id >= 4982670) AND (id <= 4982679))

table 8 : explain SELECT SUM(k) FROM sbtest8 WHERE id BETWEEN 1527585 AND 1527594
	Aggregate  (cost=47.51..47.52 rows=1 width=8)
	  ->  Index Scan using sbtest8_pkey on sbtest8  (cost=0.43..47.48 rows=11 width=4)
	        Index Cond: ((id >= 1527585) AND (id <= 1527594))

for: simple_ranges
table 1 : explain SELECT c FROM sbtest1 WHERE id BETWEEN 3097224 AND 3097233
	Index Scan using sbtest1_pkey on sbtest1  (cost=0.43..43.72 rows=10 width=121)
	  Index Cond: ((id >= 3097224) AND (id <= 3097233))

table 2 : explain SELECT c FROM sbtest2 WHERE id BETWEEN 3514625 AND 3514634
	Index Scan using sbtest2_pkey on sbtest2  (cost=0.43..43.73 rows=10 width=121)
	  Index Cond: ((id >= 3514625) AND (id <= 3514634))

table 3 : explain SELECT c FROM sbtest3 WHERE id BETWEEN 1397364 AND 1397373
	Index Scan using sbtest3_pkey on sbtest3  (cost=0.43..39.70 rows=9 width=121)
	  Index Cond: ((id >= 1397364) AND (id <= 1397373))

table 4 : explain SELECT c FROM sbtest4 WHERE id BETWEEN 7978128 AND 7978137
	Index Scan using sbtest4_pkey on sbtest4  (cost=0.43..47.30 rows=11 width=121)
	  Index Cond: ((id >= 7978128) AND (id <= 7978137))

table 5 : explain SELECT c FROM sbtest5 WHERE id BETWEEN 6360182 AND 6360191
	Index Scan using sbtest5_pkey on sbtest5  (cost=0.43..43.66 rows=10 width=121)
	  Index Cond: ((id >= 6360182) AND (id <= 6360191))

table 6 : explain SELECT c FROM sbtest6 WHERE id BETWEEN 6407866 AND 6407875
	Index Scan using sbtest6_pkey on sbtest6  (cost=0.43..47.53 rows=11 width=121)
	  Index Cond: ((id >= 6407866) AND (id <= 6407875))

table 7 : explain SELECT c FROM sbtest7 WHERE id BETWEEN 5247309 AND 5247318
	Index Scan using sbtest7_pkey on sbtest7  (cost=0.43..43.54 rows=10 width=121)
	  Index Cond: ((id >= 5247309) AND (id <= 5247318))

table 8 : explain SELECT c FROM sbtest8 WHERE id BETWEEN 2713187 AND 2713196
	Index Scan using sbtest8_pkey on sbtest8  (cost=0.43..47.48 rows=11 width=121)
	  Index Cond: ((id >= 2713187) AND (id <= 2713196))

for: sum_ranges
table 1 : explain SELECT SUM(k) FROM sbtest1 WHERE id BETWEEN 3497255 AND 3497264
	Aggregate  (cost=43.75..43.76 rows=1 width=8)
	  ->  Index Scan using sbtest1_pkey on sbtest1  (cost=0.43..43.72 rows=10 width=4)
	        Index Cond: ((id >= 3497255) AND (id <= 3497264))

table 2 : explain SELECT SUM(k) FROM sbtest2 WHERE id BETWEEN 4028730 AND 4028739
	Aggregate  (cost=43.76..43.77 rows=1 width=8)
	  ->  Index Scan using sbtest2_pkey on sbtest2  (cost=0.43..43.73 rows=10 width=4)
	        Index Cond: ((id >= 4028730) AND (id <= 4028739))

table 3 : explain SELECT SUM(k) FROM sbtest3 WHERE id BETWEEN 9663004 AND 9663013
	Aggregate  (cost=43.63..43.64 rows=1 width=8)
	  ->  Index Scan using sbtest3_pkey on sbtest3  (cost=0.43..43.61 rows=10 width=4)
	        Index Cond: ((id >= 9663004) AND (id <= 9663013))

table 4 : explain SELECT SUM(k) FROM sbtest4 WHERE id BETWEEN 6532271 AND 6532280
	Aggregate  (cost=47.33..47.34 rows=1 width=8)
	  ->  Index Scan using sbtest4_pkey on sbtest4  (cost=0.43..47.30 rows=11 width=4)
	        Index Cond: ((id >= 6532271) AND (id <= 6532280))

table 5 : explain SELECT SUM(k) FROM sbtest5 WHERE id BETWEEN 8246746 AND 8246755
	Aggregate  (cost=47.59..47.60 rows=1 width=8)
	  ->  Index Scan using sbtest5_pkey on sbtest5  (cost=0.43..47.57 rows=11 width=4)
	        Index Cond: ((id >= 8246746) AND (id <= 8246755))

table 6 : explain SELECT SUM(k) FROM sbtest6 WHERE id BETWEEN 6817351 AND 6817360
	Aggregate  (cost=43.65..43.66 rows=1 width=8)
	  ->  Index Scan using sbtest6_pkey on sbtest6  (cost=0.43..43.62 rows=10 width=4)
	        Index Cond: ((id >= 6817351) AND (id <= 6817360))

table 7 : explain SELECT SUM(k) FROM sbtest7 WHERE id BETWEEN 8481636 AND 8481645
	Aggregate  (cost=39.66..39.67 rows=1 width=8)
	  ->  Index Scan using sbtest7_pkey on sbtest7  (cost=0.43..39.64 rows=9 width=4)
	        Index Cond: ((id >= 8481636) AND (id <= 8481645))

table 8 : explain SELECT SUM(k) FROM sbtest8 WHERE id BETWEEN 7166353 AND 7166362
	Aggregate  (cost=43.60..43.61 rows=1 width=8)
	  ->  Index Scan using sbtest8_pkey on sbtest8  (cost=0.43..43.58 rows=10 width=4)
	        Index Cond: ((id >= 7166353) AND (id <= 7166362))

for: sum_ranges
table 1 : explain SELECT SUM(k) FROM sbtest1 WHERE id BETWEEN 1101789 AND 1101798
	Aggregate  (cost=39.83..39.84 rows=1 width=8)
	  ->  Index Scan using sbtest1_pkey on sbtest1  (cost=0.43..39.80 rows=9 width=4)
	        Index Cond: ((id >= 1101789) AND (id <= 1101798))

table 2 : explain SELECT SUM(k) FROM sbtest2 WHERE id BETWEEN 3184712 AND 3184721
	Aggregate  (cost=47.68..47.69 rows=1 width=8)
	  ->  Index Scan using sbtest2_pkey on sbtest2  (cost=0.43..47.65 rows=11 width=4)
	        Index Cond: ((id >= 3184712) AND (id <= 3184721))

table 3 : explain SELECT SUM(k) FROM sbtest3 WHERE id BETWEEN 2994473 AND 2994482
	Aggregate  (cost=43.63..43.64 rows=1 width=8)
	  ->  Index Scan using sbtest3_pkey on sbtest3  (cost=0.43..43.61 rows=10 width=4)
	        Index Cond: ((id >= 2994473) AND (id <= 2994482))

table 4 : explain SELECT SUM(k) FROM sbtest4 WHERE id BETWEEN 7422240 AND 7422249
	Aggregate  (cost=43.44..43.45 rows=1 width=8)
	  ->  Index Scan using sbtest4_pkey on sbtest4  (cost=0.43..43.42 rows=10 width=4)
	        Index Cond: ((id >= 7422240) AND (id <= 7422249))

table 5 : explain SELECT SUM(k) FROM sbtest5 WHERE id BETWEEN 2281164 AND 2281173
	Aggregate  (cost=43.68..43.69 rows=1 width=8)
	  ->  Index Scan using sbtest5_pkey on sbtest5  (cost=0.43..43.66 rows=10 width=4)
	        Index Cond: ((id >= 2281164) AND (id <= 2281173))

table 6 : explain SELECT SUM(k) FROM sbtest6 WHERE id BETWEEN 5885714 AND 5885723
	Aggregate  (cost=39.74..39.75 rows=1 width=8)
	  ->  Index Scan using sbtest6_pkey on sbtest6  (cost=0.43..39.71 rows=9 width=4)
	        Index Cond: ((id >= 5885714) AND (id <= 5885723))

table 7 : explain SELECT SUM(k) FROM sbtest7 WHERE id BETWEEN 6469165 AND 6469174
	Aggregate  (cost=43.56..43.57 rows=1 width=8)
	  ->  Index Scan using sbtest7_pkey on sbtest7  (cost=0.43..43.54 rows=10 width=4)
	        Index Cond: ((id >= 6469165) AND (id <= 6469174))

table 8 : explain SELECT SUM(k) FROM sbtest8 WHERE id BETWEEN 9025352 AND 9025361
	Aggregate  (cost=43.60..43.61 rows=1 width=8)
	  ->  Index Scan using sbtest8_pkey on sbtest8  (cost=0.43..43.58 rows=10 width=4)
	        Index Cond: ((id >= 9025352) AND (id <= 9025361))

for: sum_ranges
table 1 : explain SELECT SUM(k) FROM sbtest1 WHERE id BETWEEN 2883271 AND 2883280
	Aggregate  (cost=43.75..43.76 rows=1 width=8)
	  ->  Index Scan using sbtest1_pkey on sbtest1  (cost=0.43..43.72 rows=10 width=4)
	        Index Cond: ((id >= 2883271) AND (id <= 2883280))

table 2 : explain SELECT SUM(k) FROM sbtest2 WHERE id BETWEEN 5522385 AND 5522394
	Aggregate  (cost=43.76..43.77 rows=1 width=8)
	  ->  Index Scan using sbtest2_pkey on sbtest2  (cost=0.43..43.73 rows=10 width=4)
	        Index Cond: ((id >= 5522385) AND (id <= 5522394))

table 3 : explain SELECT SUM(k) FROM sbtest3 WHERE id BETWEEN 9460490 AND 9460499
	Aggregate  (cost=43.63..43.64 rows=1 width=8)
	  ->  Index Scan using sbtest3_pkey on sbtest3  (cost=0.43..43.61 rows=10 width=4)
	        Index Cond: ((id >= 9460490) AND (id <= 9460499))

table 4 : explain SELECT SUM(k) FROM sbtest4 WHERE id BETWEEN 5720974 AND 5720983
	Aggregate  (cost=43.44..43.45 rows=1 width=8)
	  ->  Index Scan using sbtest4_pkey on sbtest4  (cost=0.43..43.42 rows=10 width=4)
	        Index Cond: ((id >= 5720974) AND (id <= 5720983))

table 5 : explain SELECT SUM(k) FROM sbtest5 WHERE id BETWEEN 8547654 AND 8547663
	Aggregate  (cost=43.68..43.69 rows=1 width=8)
	  ->  Index Scan using sbtest5_pkey on sbtest5  (cost=0.43..43.66 rows=10 width=4)
	        Index Cond: ((id >= 8547654) AND (id <= 8547663))

table 6 : explain SELECT SUM(k) FROM sbtest6 WHERE id BETWEEN 5363361 AND 5363370
	Aggregate  (cost=43.65..43.66 rows=1 width=8)
	  ->  Index Scan using sbtest6_pkey on sbtest6  (cost=0.43..43.62 rows=10 width=4)
	        Index Cond: ((id >= 5363361) AND (id <= 5363370))

table 7 : explain SELECT SUM(k) FROM sbtest7 WHERE id BETWEEN 1454951 AND 1454960
	Aggregate  (cost=47.46..47.47 rows=1 width=8)
	  ->  Index Scan using sbtest7_pkey on sbtest7  (cost=0.43..47.43 rows=11 width=4)
	        Index Cond: ((id >= 1454951) AND (id <= 1454960))

table 8 : explain SELECT SUM(k) FROM sbtest8 WHERE id BETWEEN 531771 AND 531780
	Aggregate  (cost=43.60..43.61 rows=1 width=8)
	  ->  Index Scan using sbtest8_pkey on sbtest8  (cost=0.43..43.58 rows=10 width=4)
	        Index Cond: ((id >= 531771) AND (id <= 531780))

for: simple_ranges
table 1 : explain SELECT c FROM sbtest1 WHERE id BETWEEN 7345711 AND 7345720
	Index Scan using sbtest1_pkey on sbtest1  (cost=0.43..43.72 rows=10 width=121)
	  Index Cond: ((id >= 7345711) AND (id <= 7345720))

table 2 : explain SELECT c FROM sbtest2 WHERE id BETWEEN 6270911 AND 6270920
	Index Scan using sbtest2_pkey on sbtest2  (cost=0.43..43.73 rows=10 width=121)
	  Index Cond: ((id >= 6270911) AND (id <= 6270920))

table 3 : explain SELECT c FROM sbtest3 WHERE id BETWEEN 8957639 AND 8957648
	Index Scan using sbtest3_pkey on sbtest3  (cost=0.43..43.61 rows=10 width=121)
	  Index Cond: ((id >= 8957639) AND (id <= 8957648))

table 4 : explain SELECT c FROM sbtest4 WHERE id BETWEEN 5032040 AND 5032049
	Index Scan using sbtest4_pkey on sbtest4  (cost=0.43..47.30 rows=11 width=121)
	  Index Cond: ((id >= 5032040) AND (id <= 5032049))

table 5 : explain SELECT c FROM sbtest5 WHERE id BETWEEN 4051141 AND 4051150
	Index Scan using sbtest5_pkey on sbtest5  (cost=0.43..47.57 rows=11 width=121)
	  Index Cond: ((id >= 4051141) AND (id <= 4051150))

table 6 : explain SELECT c FROM sbtest6 WHERE id BETWEEN 3505677 AND 3505686
	Index Scan using sbtest6_pkey on sbtest6  (cost=0.43..39.71 rows=9 width=121)
	  Index Cond: ((id >= 3505677) AND (id <= 3505686))

table 7 : explain SELECT c FROM sbtest7 WHERE id BETWEEN 6193969 AND 6193978
	Index Scan using sbtest7_pkey on sbtest7  (cost=0.43..43.54 rows=10 width=121)
	  Index Cond: ((id >= 6193969) AND (id <= 6193978))

table 8 : explain SELECT c FROM sbtest8 WHERE id BETWEEN 5633152 AND 5633161
	Index Scan using sbtest8_pkey on sbtest8  (cost=0.43..47.48 rows=11 width=121)
	  Index Cond: ((id >= 5633152) AND (id <= 5633161))

for: sum_ranges
table 1 : explain SELECT SUM(k) FROM sbtest1 WHERE id BETWEEN 4589372 AND 4589381
	Aggregate  (cost=43.75..43.76 rows=1 width=8)
	  ->  Index Scan using sbtest1_pkey on sbtest1  (cost=0.43..43.72 rows=10 width=4)
	        Index Cond: ((id >= 4589372) AND (id <= 4589381))

table 2 : explain SELECT SUM(k) FROM sbtest2 WHERE id BETWEEN 3523077 AND 3523086
	Aggregate  (cost=43.76..43.77 rows=1 width=8)
	  ->  Index Scan using sbtest2_pkey on sbtest2  (cost=0.43..43.73 rows=10 width=4)
	        Index Cond: ((id >= 3523077) AND (id <= 3523086))

table 3 : explain SELECT SUM(k) FROM sbtest3 WHERE id BETWEEN 6186289 AND 6186298
	Aggregate  (cost=43.63..43.64 rows=1 width=8)
	  ->  Index Scan using sbtest3_pkey on sbtest3  (cost=0.43..43.61 rows=10 width=4)
	        Index Cond: ((id >= 6186289) AND (id <= 6186298))

table 4 : explain SELECT SUM(k) FROM sbtest4 WHERE id BETWEEN 8619549 AND 8619558
	Aggregate  (cost=43.44..43.45 rows=1 width=8)
	  ->  Index Scan using sbtest4_pkey on sbtest4  (cost=0.43..43.42 rows=10 width=4)
	        Index Cond: ((id >= 8619549) AND (id <= 8619558))

table 5 : explain SELECT SUM(k) FROM sbtest5 WHERE id BETWEEN 8409414 AND 8409423
	Aggregate  (cost=43.68..43.69 rows=1 width=8)
	  ->  Index Scan using sbtest5_pkey on sbtest5  (cost=0.43..43.66 rows=10 width=4)
	        Index Cond: ((id >= 8409414) AND (id <= 8409423))

table 6 : explain SELECT SUM(k) FROM sbtest6 WHERE id BETWEEN 8169338 AND 8169347
	Aggregate  (cost=43.65..43.66 rows=1 width=8)
	  ->  Index Scan using sbtest6_pkey on sbtest6  (cost=0.43..43.62 rows=10 width=4)
	        Index Cond: ((id >= 8169338) AND (id <= 8169347))

table 7 : explain SELECT SUM(k) FROM sbtest7 WHERE id BETWEEN 6146992 AND 6147001
	Aggregate  (cost=43.56..43.57 rows=1 width=8)
	  ->  Index Scan using sbtest7_pkey on sbtest7  (cost=0.43..43.54 rows=10 width=4)
	        Index Cond: ((id >= 6146992) AND (id <= 6147001))

table 8 : explain SELECT SUM(k) FROM sbtest8 WHERE id BETWEEN 9333664 AND 9333673
	Aggregate  (cost=43.60..43.61 rows=1 width=8)
	  ->  Index Scan using sbtest8_pkey on sbtest8  (cost=0.43..43.58 rows=10 width=4)
	        Index Cond: ((id >= 9333664) AND (id <= 9333673))

for: simple_ranges
table 1 : explain SELECT c FROM sbtest1 WHERE id BETWEEN 3321573 AND 3321582
	Index Scan using sbtest1_pkey on sbtest1  (cost=0.43..47.64 rows=11 width=121)
	  Index Cond: ((id >= 3321573) AND (id <= 3321582))

table 2 : explain SELECT c FROM sbtest2 WHERE id BETWEEN 3855800 AND 3855809
	Index Scan using sbtest2_pkey on sbtest2  (cost=0.43..43.73 rows=10 width=121)
	  Index Cond: ((id >= 3855800) AND (id <= 3855809))

table 3 : explain SELECT c FROM sbtest3 WHERE id BETWEEN 3827936 AND 3827945
	Index Scan using sbtest3_pkey on sbtest3  (cost=0.43..47.51 rows=11 width=121)
	  Index Cond: ((id >= 3827936) AND (id <= 3827945))

table 4 : explain SELECT c FROM sbtest4 WHERE id BETWEEN 1913290 AND 1913299
	Index Scan using sbtest4_pkey on sbtest4  (cost=0.43..43.42 rows=10 width=121)
	  Index Cond: ((id >= 1913290) AND (id <= 1913299))

table 5 : explain SELECT c FROM sbtest5 WHERE id BETWEEN 7785544 AND 7785553
	Index Scan using sbtest5_pkey on sbtest5  (cost=0.43..43.66 rows=10 width=121)
	  Index Cond: ((id >= 7785544) AND (id <= 7785553))

table 6 : explain SELECT c FROM sbtest6 WHERE id BETWEEN 557076 AND 557085
	Index Scan using sbtest6_pkey on sbtest6  (cost=0.43..47.53 rows=11 width=121)
	  Index Cond: ((id >= 557076) AND (id <= 557085))

table 7 : explain SELECT c FROM sbtest7 WHERE id BETWEEN 8824992 AND 8825001
	Index Scan using sbtest7_pkey on sbtest7  (cost=0.43..43.54 rows=10 width=121)
	  Index Cond: ((id >= 8824992) AND (id <= 8825001))

table 8 : explain SELECT c FROM sbtest8 WHERE id BETWEEN 4167107 AND 4167116
	Index Scan using sbtest8_pkey on sbtest8  (cost=0.43..43.58 rows=10 width=121)
	  Index Cond: ((id >= 4167107) AND (id <= 4167116))

for: sum_ranges
table 1 : explain SELECT SUM(k) FROM sbtest1 WHERE id BETWEEN 3281475 AND 3281484
	Aggregate  (cost=39.83..39.84 rows=1 width=8)
	  ->  Index Scan using sbtest1_pkey on sbtest1  (cost=0.43..39.80 rows=9 width=4)
	        Index Cond: ((id >= 3281475) AND (id <= 3281484))

table 2 : explain SELECT SUM(k) FROM sbtest2 WHERE id BETWEEN 5777770 AND 5777779
	Aggregate  (cost=47.68..47.69 rows=1 width=8)
	  ->  Index Scan using sbtest2_pkey on sbtest2  (cost=0.43..47.65 rows=11 width=4)
	        Index Cond: ((id >= 5777770) AND (id <= 5777779))

table 3 : explain SELECT SUM(k) FROM sbtest3 WHERE id BETWEEN 796930 AND 796939
	Aggregate  (cost=39.72..39.73 rows=1 width=8)
	  ->  Index Scan using sbtest3_pkey on sbtest3  (cost=0.43..39.70 rows=9 width=4)
	        Index Cond: ((id >= 796930) AND (id <= 796939))

table 4 : explain SELECT SUM(k) FROM sbtest4 WHERE id BETWEEN 6611340 AND 6611349
	Aggregate  (cost=47.33..47.34 rows=1 width=8)
	  ->  Index Scan using sbtest4_pkey on sbtest4  (cost=0.43..47.30 rows=11 width=4)
	        Index Cond: ((id >= 6611340) AND (id <= 6611349))

table 5 : explain SELECT SUM(k) FROM sbtest5 WHERE id BETWEEN 3473369 AND 3473378
	Aggregate  (cost=43.68..43.69 rows=1 width=8)
	  ->  Index Scan using sbtest5_pkey on sbtest5  (cost=0.43..43.66 rows=10 width=4)
	        Index Cond: ((id >= 3473369) AND (id <= 3473378))

table 6 : explain SELECT SUM(k) FROM sbtest6 WHERE id BETWEEN 8897016 AND 8897025
	Aggregate  (cost=43.65..43.66 rows=1 width=8)
	  ->  Index Scan using sbtest6_pkey on sbtest6  (cost=0.43..43.62 rows=10 width=4)
	        Index Cond: ((id >= 8897016) AND (id <= 8897025))

table 7 : explain SELECT SUM(k) FROM sbtest7 WHERE id BETWEEN 2567085 AND 2567094
	Aggregate  (cost=43.56..43.57 rows=1 width=8)
	  ->  Index Scan using sbtest7_pkey on sbtest7  (cost=0.43..43.54 rows=10 width=4)
	        Index Cond: ((id >= 2567085) AND (id <= 2567094))

table 8 : explain SELECT SUM(k) FROM sbtest8 WHERE id BETWEEN 2663477 AND 2663486
	Aggregate  (cost=43.60..43.61 rows=1 width=8)
	  ->  Index Scan using sbtest8_pkey on sbtest8  (cost=0.43..43.58 rows=10 width=4)
	        Index Cond: ((id >= 2663477) AND (id <= 2663486))

for: sum_ranges
table 1 : explain SELECT SUM(k) FROM sbtest1 WHERE id BETWEEN 1969677 AND 1969686
	Aggregate  (cost=43.75..43.76 rows=1 width=8)
	  ->  Index Scan using sbtest1_pkey on sbtest1  (cost=0.43..43.72 rows=10 width=4)
	        Index Cond: ((id >= 1969677) AND (id <= 1969686))

table 2 : explain SELECT SUM(k) FROM sbtest2 WHERE id BETWEEN 3694614 AND 3694623
	Aggregate  (cost=43.76..43.77 rows=1 width=8)
	  ->  Index Scan using sbtest2_pkey on sbtest2  (cost=0.43..43.73 rows=10 width=4)
	        Index Cond: ((id >= 3694614) AND (id <= 3694623))

table 3 : explain SELECT SUM(k) FROM sbtest3 WHERE id BETWEEN 1189596 AND 1189605
	Aggregate  (cost=43.63..43.64 rows=1 width=8)
	  ->  Index Scan using sbtest3_pkey on sbtest3  (cost=0.43..43.61 rows=10 width=4)
	        Index Cond: ((id >= 1189596) AND (id <= 1189605))

table 4 : explain SELECT SUM(k) FROM sbtest4 WHERE id BETWEEN 8494995 AND 8495004
	Aggregate  (cost=47.33..47.34 rows=1 width=8)
	  ->  Index Scan using sbtest4_pkey on sbtest4  (cost=0.43..47.30 rows=11 width=4)
	        Index Cond: ((id >= 8494995) AND (id <= 8495004))

table 5 : explain SELECT SUM(k) FROM sbtest5 WHERE id BETWEEN 194694 AND 194703
	Aggregate  (cost=47.59..47.60 rows=1 width=8)
	  ->  Index Scan using sbtest5_pkey on sbtest5  (cost=0.43..47.57 rows=11 width=4)
	        Index Cond: ((id >= 194694) AND (id <= 194703))

table 6 : explain SELECT SUM(k) FROM sbtest6 WHERE id BETWEEN 1023716 AND 1023725
	Aggregate  (cost=43.65..43.66 rows=1 width=8)
	  ->  Index Scan using sbtest6_pkey on sbtest6  (cost=0.43..43.62 rows=10 width=4)
	        Index Cond: ((id >= 1023716) AND (id <= 1023725))

table 7 : explain SELECT SUM(k) FROM sbtest7 WHERE id BETWEEN 4257343 AND 4257352
	Aggregate  (cost=43.56..43.57 rows=1 width=8)
	  ->  Index Scan using sbtest7_pkey on sbtest7  (cost=0.43..43.54 rows=10 width=4)
	        Index Cond: ((id >= 4257343) AND (id <= 4257352))

table 8 : explain SELECT SUM(k) FROM sbtest8 WHERE id BETWEEN 4020778 AND 4020787
	Aggregate  (cost=43.60..43.61 rows=1 width=8)
	  ->  Index Scan using sbtest8_pkey on sbtest8  (cost=0.43..43.58 rows=10 width=4)
	        Index Cond: ((id >= 4020778) AND (id <= 4020787))

for: sum_ranges
table 1 : explain SELECT SUM(k) FROM sbtest1 WHERE id BETWEEN 4853 AND 4862
	Aggregate  (cost=43.75..43.76 rows=1 width=8)
	  ->  Index Scan using sbtest1_pkey on sbtest1  (cost=0.43..43.72 rows=10 width=4)
	        Index Cond: ((id >= 4853) AND (id <= 4862))

table 2 : explain SELECT SUM(k) FROM sbtest2 WHERE id BETWEEN 1846649 AND 1846658
	Aggregate  (cost=47.68..47.69 rows=1 width=8)
	  ->  Index Scan using sbtest2_pkey on sbtest2  (cost=0.43..47.65 rows=11 width=4)
	        Index Cond: ((id >= 1846649) AND (id <= 1846658))

table 3 : explain SELECT SUM(k) FROM sbtest3 WHERE id BETWEEN 3534568 AND 3534577
	Aggregate  (cost=43.63..43.64 rows=1 width=8)
	  ->  Index Scan using sbtest3_pkey on sbtest3  (cost=0.43..43.61 rows=10 width=4)
	        Index Cond: ((id >= 3534568) AND (id <= 3534577))

table 4 : explain SELECT SUM(k) FROM sbtest4 WHERE id BETWEEN 4868579 AND 4868588
	Aggregate  (cost=43.44..43.45 rows=1 width=8)
	  ->  Index Scan using sbtest4_pkey on sbtest4  (cost=0.43..43.42 rows=10 width=4)
	        Index Cond: ((id >= 4868579) AND (id <= 4868588))

table 5 : explain SELECT SUM(k) FROM sbtest5 WHERE id BETWEEN 9863641 AND 9863650
	Aggregate  (cost=43.68..43.69 rows=1 width=8)
	  ->  Index Scan using sbtest5_pkey on sbtest5  (cost=0.43..43.66 rows=10 width=4)
	        Index Cond: ((id >= 9863641) AND (id <= 9863650))

table 6 : explain SELECT SUM(k) FROM sbtest6 WHERE id BETWEEN 4179250 AND 4179259
	Aggregate  (cost=43.65..43.66 rows=1 width=8)
	  ->  Index Scan using sbtest6_pkey on sbtest6  (cost=0.43..43.62 rows=10 width=4)
	        Index Cond: ((id >= 4179250) AND (id <= 4179259))

table 7 : explain SELECT SUM(k) FROM sbtest7 WHERE id BETWEEN 8609729 AND 8609738
	Aggregate  (cost=39.66..39.67 rows=1 width=8)
	  ->  Index Scan using sbtest7_pkey on sbtest7  (cost=0.43..39.64 rows=9 width=4)
	        Index Cond: ((id >= 8609729) AND (id <= 8609738))

table 8 : explain SELECT SUM(k) FROM sbtest8 WHERE id BETWEEN 5299003 AND 5299012
	Aggregate  (cost=39.70..39.71 rows=1 width=8)
	  ->  Index Scan using sbtest8_pkey on sbtest8  (cost=0.43..39.68 rows=9 width=4)
	        Index Cond: ((id >= 5299003) AND (id <= 5299012))

for: sum_ranges
table 1 : explain SELECT SUM(k) FROM sbtest1 WHERE id BETWEEN 7519773 AND 7519782
	Aggregate  (cost=43.75..43.76 rows=1 width=8)
	  ->  Index Scan using sbtest1_pkey on sbtest1  (cost=0.43..43.72 rows=10 width=4)
	        Index Cond: ((id >= 7519773) AND (id <= 7519782))

table 2 : explain SELECT SUM(k) FROM sbtest2 WHERE id BETWEEN 9031552 AND 9031561
	Aggregate  (cost=43.76..43.77 rows=1 width=8)
	  ->  Index Scan using sbtest2_pkey on sbtest2  (cost=0.43..43.73 rows=10 width=4)
	        Index Cond: ((id >= 9031552) AND (id <= 9031561))

table 3 : explain SELECT SUM(k) FROM sbtest3 WHERE id BETWEEN 5892663 AND 5892672
	Aggregate  (cost=43.63..43.64 rows=1 width=8)
	  ->  Index Scan using sbtest3_pkey on sbtest3  (cost=0.43..43.61 rows=10 width=4)
	        Index Cond: ((id >= 5892663) AND (id <= 5892672))

table 4 : explain SELECT SUM(k) FROM sbtest4 WHERE id BETWEEN 3420368 AND 3420377
	Aggregate  (cost=43.44..43.45 rows=1 width=8)
	  ->  Index Scan using sbtest4_pkey on sbtest4  (cost=0.43..43.42 rows=10 width=4)
	        Index Cond: ((id >= 3420368) AND (id <= 3420377))

table 5 : explain SELECT SUM(k) FROM sbtest5 WHERE id BETWEEN 114452 AND 114461
	Aggregate  (cost=47.59..47.60 rows=1 width=8)
	  ->  Index Scan using sbtest5_pkey on sbtest5  (cost=0.43..47.57 rows=11 width=4)
	        Index Cond: ((id >= 114452) AND (id <= 114461))

table 6 : explain SELECT SUM(k) FROM sbtest6 WHERE id BETWEEN 2570269 AND 2570278
	Aggregate  (cost=43.65..43.66 rows=1 width=8)
	  ->  Index Scan using sbtest6_pkey on sbtest6  (cost=0.43..43.62 rows=10 width=4)
	        Index Cond: ((id >= 2570269) AND (id <= 2570278))

table 7 : explain SELECT SUM(k) FROM sbtest7 WHERE id BETWEEN 6108172 AND 6108181
	Aggregate  (cost=43.56..43.57 rows=1 width=8)
	  ->  Index Scan using sbtest7_pkey on sbtest7  (cost=0.43..43.54 rows=10 width=4)
	        Index Cond: ((id >= 6108172) AND (id <= 6108181))

table 8 : explain SELECT SUM(k) FROM sbtest8 WHERE id BETWEEN 7633367 AND 7633376
	Aggregate  (cost=43.60..43.61 rows=1 width=8)
	  ->  Index Scan using sbtest8_pkey on sbtest8  (cost=0.43..43.58 rows=10 width=4)
	        Index Cond: ((id >= 7633367) AND (id <= 7633376))

for: simple_ranges
table 1 : explain SELECT c FROM sbtest1 WHERE id BETWEEN 4352688 AND 4352697
	Index Scan using sbtest1_pkey on sbtest1  (cost=0.43..43.72 rows=10 width=121)
	  Index Cond: ((id >= 4352688) AND (id <= 4352697))

table 2 : explain SELECT c FROM sbtest2 WHERE id BETWEEN 6757567 AND 6757576
	Index Scan using sbtest2_pkey on sbtest2  (cost=0.43..43.73 rows=10 width=121)
	  Index Cond: ((id >= 6757567) AND (id <= 6757576))

table 3 : explain SELECT c FROM sbtest3 WHERE id BETWEEN 5265778 AND 5265787
	Index Scan using sbtest3_pkey on sbtest3  (cost=0.43..39.70 rows=9 width=121)
	  Index Cond: ((id >= 5265778) AND (id <= 5265787))

table 4 : explain SELECT c FROM sbtest4 WHERE id BETWEEN 7536278 AND 7536287
	Index Scan using sbtest4_pkey on sbtest4  (cost=0.43..43.42 rows=10 width=121)
	  Index Cond: ((id >= 7536278) AND (id <= 7536287))

table 5 : explain SELECT c FROM sbtest5 WHERE id BETWEEN 9026716 AND 9026725
	Index Scan using sbtest5_pkey on sbtest5  (cost=0.43..43.66 rows=10 width=121)
	  Index Cond: ((id >= 9026716) AND (id <= 9026725))

table 6 : explain SELECT c FROM sbtest6 WHERE id BETWEEN 1193501 AND 1193510
	Index Scan using sbtest6_pkey on sbtest6  (cost=0.43..43.62 rows=10 width=121)
	  Index Cond: ((id >= 1193501) AND (id <= 1193510))

table 7 : explain SELECT c FROM sbtest7 WHERE id BETWEEN 4300839 AND 4300848
	Index Scan using sbtest7_pkey on sbtest7  (cost=0.43..39.64 rows=9 width=121)
	  Index Cond: ((id >= 4300839) AND (id <= 4300848))

table 8 : explain SELECT c FROM sbtest8 WHERE id BETWEEN 1549211 AND 1549220
	Index Scan using sbtest8_pkey on sbtest8  (cost=0.43..47.48 rows=11 width=121)
	  Index Cond: ((id >= 1549211) AND (id <= 1549220))

for: sum_ranges
table 1 : explain SELECT SUM(k) FROM sbtest1 WHERE id BETWEEN 241369 AND 241378
	Aggregate  (cost=43.75..43.76 rows=1 width=8)
	  ->  Index Scan using sbtest1_pkey on sbtest1  (cost=0.43..43.72 rows=10 width=4)
	        Index Cond: ((id >= 241369) AND (id <= 241378))

table 2 : explain SELECT SUM(k) FROM sbtest2 WHERE id BETWEEN 238085 AND 238094
	Aggregate  (cost=43.76..43.77 rows=1 width=8)
	  ->  Index Scan using sbtest2_pkey on sbtest2  (cost=0.43..43.73 rows=10 width=4)
	        Index Cond: ((id >= 238085) AND (id <= 238094))

table 3 : explain SELECT SUM(k) FROM sbtest3 WHERE id BETWEEN 6929832 AND 6929841
	Aggregate  (cost=39.72..39.73 rows=1 width=8)
	  ->  Index Scan using sbtest3_pkey on sbtest3  (cost=0.43..39.70 rows=9 width=4)
	        Index Cond: ((id >= 6929832) AND (id <= 6929841))

table 4 : explain SELECT SUM(k) FROM sbtest4 WHERE id BETWEEN 2449302 AND 2449311
	Aggregate  (cost=43.44..43.45 rows=1 width=8)
	  ->  Index Scan using sbtest4_pkey on sbtest4  (cost=0.43..43.42 rows=10 width=4)
	        Index Cond: ((id >= 2449302) AND (id <= 2449311))

table 5 : explain SELECT SUM(k) FROM sbtest5 WHERE id BETWEEN 3513575 AND 3513584
	Aggregate  (cost=39.77..39.78 rows=1 width=8)
	  ->  Index Scan using sbtest5_pkey on sbtest5  (cost=0.43..39.74 rows=9 width=4)
	        Index Cond: ((id >= 3513575) AND (id <= 3513584))

table 6 : explain SELECT SUM(k) FROM sbtest6 WHERE id BETWEEN 351511 AND 351520
	Aggregate  (cost=43.65..43.66 rows=1 width=8)
	  ->  Index Scan using sbtest6_pkey on sbtest6  (cost=0.43..43.62 rows=10 width=4)
	        Index Cond: ((id >= 351511) AND (id <= 351520))

table 7 : explain SELECT SUM(k) FROM sbtest7 WHERE id BETWEEN 510195 AND 510204
	Aggregate  (cost=43.56..43.57 rows=1 width=8)
	  ->  Index Scan using sbtest7_pkey on sbtest7  (cost=0.43..43.54 rows=10 width=4)
	        Index Cond: ((id >= 510195) AND (id <= 510204))

table 8 : explain SELECT SUM(k) FROM sbtest8 WHERE id BETWEEN 5295805 AND 5295814
	Aggregate  (cost=39.70..39.71 rows=1 width=8)
	  ->  Index Scan using sbtest8_pkey on sbtest8  (cost=0.43..39.68 rows=9 width=4)
	        Index Cond: ((id >= 5295805) AND (id <= 5295814))

for: simple_ranges
table 1 : explain SELECT c FROM sbtest1 WHERE id BETWEEN 1362666 AND 1362675
	Index Scan using sbtest1_pkey on sbtest1  (cost=0.43..43.72 rows=10 width=121)
	  Index Cond: ((id >= 1362666) AND (id <= 1362675))

table 2 : explain SELECT c FROM sbtest2 WHERE id BETWEEN 4886938 AND 4886947
	Index Scan using sbtest2_pkey on sbtest2  (cost=0.43..43.73 rows=10 width=121)
	  Index Cond: ((id >= 4886938) AND (id <= 4886947))

table 3 : explain SELECT c FROM sbtest3 WHERE id BETWEEN 4285245 AND 4285254
	Index Scan using sbtest3_pkey on sbtest3  (cost=0.43..47.51 rows=11 width=121)
	  Index Cond: ((id >= 4285245) AND (id <= 4285254))

table 4 : explain SELECT c FROM sbtest4 WHERE id BETWEEN 1509880 AND 1509889
	Index Scan using sbtest4_pkey on sbtest4  (cost=0.43..39.53 rows=9 width=121)
	  Index Cond: ((id >= 1509880) AND (id <= 1509889))

table 5 : explain SELECT c FROM sbtest5 WHERE id BETWEEN 5208214 AND 5208223
	Index Scan using sbtest5_pkey on sbtest5  (cost=0.43..43.66 rows=10 width=121)
	  Index Cond: ((id >= 5208214) AND (id <= 5208223))

table 6 : explain SELECT c FROM sbtest6 WHERE id BETWEEN 4331868 AND 4331877
	Index Scan using sbtest6_pkey on sbtest6  (cost=0.43..43.62 rows=10 width=121)
	  Index Cond: ((id >= 4331868) AND (id <= 4331877))

table 7 : explain SELECT c FROM sbtest7 WHERE id BETWEEN 5789726 AND 5789735
	Index Scan using sbtest7_pkey on sbtest7  (cost=0.43..43.54 rows=10 width=121)
	  Index Cond: ((id >= 5789726) AND (id <= 5789735))

table 8 : explain SELECT c FROM sbtest8 WHERE id BETWEEN 420373 AND 420382
	Index Scan using sbtest8_pkey on sbtest8  (cost=0.43..39.68 rows=9 width=121)
	  Index Cond: ((id >= 420373) AND (id <= 420382))

for: simple_ranges
table 1 : explain SELECT c FROM sbtest1 WHERE id BETWEEN 5616526 AND 5616535
	Index Scan using sbtest1_pkey on sbtest1  (cost=0.43..43.72 rows=10 width=121)
	  Index Cond: ((id >= 5616526) AND (id <= 5616535))

table 2 : explain SELECT c FROM sbtest2 WHERE id BETWEEN 7855085 AND 7855094
	Index Scan using sbtest2_pkey on sbtest2  (cost=0.43..43.73 rows=10 width=121)
	  Index Cond: ((id >= 7855085) AND (id <= 7855094))

table 3 : explain SELECT c FROM sbtest3 WHERE id BETWEEN 5238926 AND 5238935
	Index Scan using sbtest3_pkey on sbtest3  (cost=0.43..43.61 rows=10 width=121)
	  Index Cond: ((id >= 5238926) AND (id <= 5238935))

table 4 : explain SELECT c FROM sbtest4 WHERE id BETWEEN 8690077 AND 8690086
	Index Scan using sbtest4_pkey on sbtest4  (cost=0.43..43.42 rows=10 width=121)
	  Index Cond: ((id >= 8690077) AND (id <= 8690086))

table 5 : explain SELECT c FROM sbtest5 WHERE id BETWEEN 7047981 AND 7047990
	Index Scan using sbtest5_pkey on sbtest5  (cost=0.43..39.74 rows=9 width=121)
	  Index Cond: ((id >= 7047981) AND (id <= 7047990))

table 6 : explain SELECT c FROM sbtest6 WHERE id BETWEEN 297029 AND 297038
	Index Scan using sbtest6_pkey on sbtest6  (cost=0.43..43.62 rows=10 width=121)
	  Index Cond: ((id >= 297029) AND (id <= 297038))

table 7 : explain SELECT c FROM sbtest7 WHERE id BETWEEN 5624580 AND 5624589
	Index Scan using sbtest7_pkey on sbtest7  (cost=0.43..43.54 rows=10 width=121)
	  Index Cond: ((id >= 5624580) AND (id <= 5624589))

table 8 : explain SELECT c FROM sbtest8 WHERE id BETWEEN 5908305 AND 5908314
	Index Scan using sbtest8_pkey on sbtest8  (cost=0.43..43.58 rows=10 width=121)
	  Index Cond: ((id >= 5908305) AND (id <= 5908314))

for: sum_ranges
table 1 : explain SELECT SUM(k) FROM sbtest1 WHERE id BETWEEN 3006907 AND 3006916
	Aggregate  (cost=43.75..43.76 rows=1 width=8)
	  ->  Index Scan using sbtest1_pkey on sbtest1  (cost=0.43..43.72 rows=10 width=4)
	        Index Cond: ((id >= 3006907) AND (id <= 3006916))

table 2 : explain SELECT SUM(k) FROM sbtest2 WHERE id BETWEEN 9215142 AND 9215151
	Aggregate  (cost=39.84..39.85 rows=1 width=8)
	  ->  Index Scan using sbtest2_pkey on sbtest2  (cost=0.43..39.81 rows=9 width=4)
	        Index Cond: ((id >= 9215142) AND (id <= 9215151))

table 3 : explain SELECT SUM(k) FROM sbtest3 WHERE id BETWEEN 597111 AND 597120
	Aggregate  (cost=39.72..39.73 rows=1 width=8)
	  ->  Index Scan using sbtest3_pkey on sbtest3  (cost=0.43..39.70 rows=9 width=4)
	        Index Cond: ((id >= 597111) AND (id <= 597120))

table 4 : explain SELECT SUM(k) FROM sbtest4 WHERE id BETWEEN 2226465 AND 2226474
	Aggregate  (cost=47.33..47.34 rows=1 width=8)
	  ->  Index Scan using sbtest4_pkey on sbtest4  (cost=0.43..47.30 rows=11 width=4)
	        Index Cond: ((id >= 2226465) AND (id <= 2226474))

table 5 : explain SELECT SUM(k) FROM sbtest5 WHERE id BETWEEN 4269502 AND 4269511
	Aggregate  (cost=47.59..47.60 rows=1 width=8)
	  ->  Index Scan using sbtest5_pkey on sbtest5  (cost=0.43..47.57 rows=11 width=4)
	        Index Cond: ((id >= 4269502) AND (id <= 4269511))

table 6 : explain SELECT SUM(k) FROM sbtest6 WHERE id BETWEEN 7181997 AND 7182006
	Aggregate  (cost=43.65..43.66 rows=1 width=8)
	  ->  Index Scan using sbtest6_pkey on sbtest6  (cost=0.43..43.62 rows=10 width=4)
	        Index Cond: ((id >= 7181997) AND (id <= 7182006))

table 7 : explain SELECT SUM(k) FROM sbtest7 WHERE id BETWEEN 1110999 AND 1111008
	Aggregate  (cost=43.56..43.57 rows=1 width=8)
	  ->  Index Scan using sbtest7_pkey on sbtest7  (cost=0.43..43.54 rows=10 width=4)
	        Index Cond: ((id >= 1110999) AND (id <= 1111008))

table 8 : explain SELECT SUM(k) FROM sbtest8 WHERE id BETWEEN 5366636 AND 5366645
	Aggregate  (cost=43.60..43.61 rows=1 width=8)
	  ->  Index Scan using sbtest8_pkey on sbtest8  (cost=0.43..43.58 rows=10 width=4)
	        Index Cond: ((id >= 5366636) AND (id <= 5366645))
for: sum_ranges
table 1 : explain SELECT SUM(k) FROM sbtest1 WHERE id BETWEEN 7082909 AND 7082918
	Aggregate  (cost=43.75..43.76 rows=1 width=8)
	  ->  Index Scan using sbtest1_pkey on sbtest1  (cost=0.43..43.72 rows=10 width=4)
	        Index Cond: ((id >= 7082909) AND (id <= 7082918))

table 2 : explain SELECT SUM(k) FROM sbtest2 WHERE id BETWEEN 2213301 AND 2213310
	Aggregate  (cost=47.68..47.69 rows=1 width=8)
	  ->  Index Scan using sbtest2_pkey on sbtest2  (cost=0.43..47.65 rows=11 width=4)
	        Index Cond: ((id >= 2213301) AND (id <= 2213310))

table 3 : explain SELECT SUM(k) FROM sbtest3 WHERE id BETWEEN 3731898 AND 3731907
	Aggregate  (cost=43.63..43.64 rows=1 width=8)
	  ->  Index Scan using sbtest3_pkey on sbtest3  (cost=0.43..43.61 rows=10 width=4)
	        Index Cond: ((id >= 3731898) AND (id <= 3731907))

table 4 : explain SELECT SUM(k) FROM sbtest4 WHERE id BETWEEN 4681675 AND 4681684
	Aggregate  (cost=43.44..43.45 rows=1 width=8)
	  ->  Index Scan using sbtest4_pkey on sbtest4  (cost=0.43..43.42 rows=10 width=4)
	        Index Cond: ((id >= 4681675) AND (id <= 4681684))

table 5 : explain SELECT SUM(k) FROM sbtest5 WHERE id BETWEEN 6037367 AND 6037376
	Aggregate  (cost=43.68..43.69 rows=1 width=8)
	  ->  Index Scan using sbtest5_pkey on sbtest5  (cost=0.43..43.66 rows=10 width=4)
	        Index Cond: ((id >= 6037367) AND (id <= 6037376))

table 6 : explain SELECT SUM(k) FROM sbtest6 WHERE id BETWEEN 3903866 AND 3903875
	Aggregate  (cost=39.74..39.75 rows=1 width=8)
	  ->  Index Scan using sbtest6_pkey on sbtest6  (cost=0.43..39.71 rows=9 width=4)
	        Index Cond: ((id >= 3903866) AND (id <= 3903875))

table 7 : explain SELECT SUM(k) FROM sbtest7 WHERE id BETWEEN 2286387 AND 2286396
	Aggregate  (cost=47.46..47.47 rows=1 width=8)
	  ->  Index Scan using sbtest7_pkey on sbtest7  (cost=0.43..47.43 rows=11 width=4)
	        Index Cond: ((id >= 2286387) AND (id <= 2286396))

table 8 : explain SELECT SUM(k) FROM sbtest8 WHERE id BETWEEN 4773647 AND 4773656
	Aggregate  (cost=47.51..47.52 rows=1 width=8)
	  ->  Index Scan using sbtest8_pkey on sbtest8  (cost=0.43..47.48 rows=11 width=4)
	        Index Cond: ((id >= 4773647) AND (id <= 4773656))


for: sum_ranges
table 1 : explain SELECT SUM(k) FROM sbtest1 WHERE id BETWEEN 2122728 AND 2122737
	Aggregate  (cost=47.67..47.68 rows=1 width=8)
	  ->  Index Scan using sbtest1_pkey on sbtest1  (cost=0.43..47.64 rows=11 width=4)
	        Index Cond: ((id >= 2122728) AND (id <= 2122737))

table 2 : explain SELECT SUM(k) FROM sbtest2 WHERE id BETWEEN 9693317 AND 9693326
	Aggregate  (cost=43.76..43.77 rows=1 width=8)
	  ->  Index Scan using sbtest2_pkey on sbtest2  (cost=0.43..43.73 rows=10 width=4)
	        Index Cond: ((id >= 9693317) AND (id <= 9693326))

table 3 : explain SELECT SUM(k) FROM sbtest3 WHERE id BETWEEN 145026 AND 145035
	Aggregate  (cost=43.63..43.64 rows=1 width=8)
	  ->  Index Scan using sbtest3_pkey on sbtest3  (cost=0.43..43.61 rows=10 width=4)
	        Index Cond: ((id >= 145026) AND (id <= 145035))

table 4 : explain SELECT SUM(k) FROM sbtest4 WHERE id BETWEEN 4184089 AND 4184098
	Aggregate  (cost=47.33..47.34 rows=1 width=8)
	  ->  Index Scan using sbtest4_pkey on sbtest4  (cost=0.43..47.30 rows=11 width=4)
	        Index Cond: ((id >= 4184089) AND (id <= 4184098))

table 5 : explain SELECT SUM(k) FROM sbtest5 WHERE id BETWEEN 6679322 AND 6679331
	Aggregate  (cost=39.77..39.78 rows=1 width=8)
	  ->  Index Scan using sbtest5_pkey on sbtest5  (cost=0.43..39.74 rows=9 width=4)
	        Index Cond: ((id >= 6679322) AND (id <= 6679331))

table 6 : explain SELECT SUM(k) FROM sbtest6 WHERE id BETWEEN 3553086 AND 3553095
	Aggregate  (cost=39.74..39.75 rows=1 width=8)
	  ->  Index Scan using sbtest6_pkey on sbtest6  (cost=0.43..39.71 rows=9 width=4)
	        Index Cond: ((id >= 3553086) AND (id <= 3553095))

table 7 : explain SELECT SUM(k) FROM sbtest7 WHERE id BETWEEN 6985660 AND 6985669
	Aggregate  (cost=43.56..43.57 rows=1 width=8)
	  ->  Index Scan using sbtest7_pkey on sbtest7  (cost=0.43..43.54 rows=10 width=4)
	        Index Cond: ((id >= 6985660) AND (id <= 6985669))

table 8 : explain SELECT SUM(k) FROM sbtest8 WHERE id BETWEEN 8080267 AND 8080276
	Aggregate  (cost=43.60..43.61 rows=1 width=8)
	  ->  Index Scan using sbtest8_pkey on sbtest8  (cost=0.43..43.58 rows=10 width=4)
	        Index Cond: ((id >= 8080267) AND (id <= 8080276))

for: simple_ranges
table 1 : explain SELECT c FROM sbtest1 WHERE id BETWEEN 6094960 AND 6094969
	Index Scan using sbtest1_pkey on sbtest1  (cost=0.43..43.72 rows=10 width=121)
	  Index Cond: ((id >= 6094960) AND (id <= 6094969))

table 2 : explain SELECT c FROM sbtest2 WHERE id BETWEEN 6435261 AND 6435270
	Index Scan using sbtest2_pkey on sbtest2  (cost=0.43..43.73 rows=10 width=121)
	  Index Cond: ((id >= 6435261) AND (id <= 6435270))

table 3 : explain SELECT c FROM sbtest3 WHERE id BETWEEN 2848279 AND 2848288
	Index Scan using sbtest3_pkey on sbtest3  (cost=0.43..47.51 rows=11 width=121)
	  Index Cond: ((id >= 2848279) AND (id <= 2848288))

table 4 : explain SELECT c FROM sbtest4 WHERE id BETWEEN 1589692 AND 1589701
	Index Scan using sbtest4_pkey on sbtest4  (cost=0.43..39.53 rows=9 width=121)
	  Index Cond: ((id >= 1589692) AND (id <= 1589701))

table 5 : explain SELECT c FROM sbtest5 WHERE id BETWEEN 8789529 AND 8789538
	Index Scan using sbtest5_pkey on sbtest5  (cost=0.43..43.66 rows=10 width=121)
	  Index Cond: ((id >= 8789529) AND (id <= 8789538))

table 6 : explain SELECT c FROM sbtest6 WHERE id BETWEEN 7276452 AND 7276461
	Index Scan using sbtest6_pkey on sbtest6  (cost=0.43..43.62 rows=10 width=121)
	  Index Cond: ((id >= 7276452) AND (id <= 7276461))

table 7 : explain SELECT c FROM sbtest7 WHERE id BETWEEN 5041065 AND 5041074
	Index Scan using sbtest7_pkey on sbtest7  (cost=0.43..39.64 rows=9 width=121)
	  Index Cond: ((id >= 5041065) AND (id <= 5041074))

table 8 : explain SELECT c FROM sbtest8 WHERE id BETWEEN 8016520 AND 8016529
	Index Scan using sbtest8_pkey on sbtest8  (cost=0.43..39.68 rows=9 width=121)
	  Index Cond: ((id >= 8016520) AND (id <= 8016529))

for: sum_ranges
table 1 : explain SELECT SUM(k) FROM sbtest1 WHERE id BETWEEN 4470218 AND 4470227
	Aggregate  (cost=43.75..43.76 rows=1 width=8)
	  ->  Index Scan using sbtest1_pkey on sbtest1  (cost=0.43..43.72 rows=10 width=4)
	        Index Cond: ((id >= 4470218) AND (id <= 4470227))

table 2 : explain SELECT SUM(k) FROM sbtest2 WHERE id BETWEEN 4401454 AND 4401463
	Aggregate  (cost=43.76..43.77 rows=1 width=8)
	  ->  Index Scan using sbtest2_pkey on sbtest2  (cost=0.43..43.73 rows=10 width=4)
	        Index Cond: ((id >= 4401454) AND (id <= 4401463))

table 3 : explain SELECT SUM(k) FROM sbtest3 WHERE id BETWEEN 1719782 AND 1719791
	Aggregate  (cost=47.54..47.55 rows=1 width=8)
	  ->  Index Scan using sbtest3_pkey on sbtest3  (cost=0.43..47.51 rows=11 width=4)
	        Index Cond: ((id >= 1719782) AND (id <= 1719791))

table 4 : explain SELECT SUM(k) FROM sbtest4 WHERE id BETWEEN 3896794 AND 3896803
	Aggregate  (cost=43.44..43.45 rows=1 width=8)
	  ->  Index Scan using sbtest4_pkey on sbtest4  (cost=0.43..43.42 rows=10 width=4)
	        Index Cond: ((id >= 3896794) AND (id <= 3896803))

table 5 : explain SELECT SUM(k) FROM sbtest5 WHERE id BETWEEN 5304874 AND 5304883
	Aggregate  (cost=43.68..43.69 rows=1 width=8)
	  ->  Index Scan using sbtest5_pkey on sbtest5  (cost=0.43..43.66 rows=10 width=4)
	        Index Cond: ((id >= 5304874) AND (id <= 5304883))

table 6 : explain SELECT SUM(k) FROM sbtest6 WHERE id BETWEEN 5208463 AND 5208472
	Aggregate  (cost=47.56..47.57 rows=1 width=8)
	  ->  Index Scan using sbtest6_pkey on sbtest6  (cost=0.43..47.53 rows=11 width=4)
	        Index Cond: ((id >= 5208463) AND (id <= 5208472))

table 7 : explain SELECT SUM(k) FROM sbtest7 WHERE id BETWEEN 8704634 AND 8704643
	Aggregate  (cost=39.66..39.67 rows=1 width=8)
	  ->  Index Scan using sbtest7_pkey on sbtest7  (cost=0.43..39.64 rows=9 width=4)
	        Index Cond: ((id >= 8704634) AND (id <= 8704643))

table 8 : explain SELECT SUM(k) FROM sbtest8 WHERE id BETWEEN 5973517 AND 5973526
	Aggregate  (cost=43.60..43.61 rows=1 width=8)
	  ->  Index Scan using sbtest8_pkey on sbtest8  (cost=0.43..43.58 rows=10 width=4)
	        Index Cond: ((id >= 5973517) AND (id <= 5973526))

for: sum_ranges
table 1 : explain SELECT SUM(k) FROM sbtest1 WHERE id BETWEEN 5878824 AND 5878833
	Aggregate  (cost=43.75..43.76 rows=1 width=8)
	  ->  Index Scan using sbtest1_pkey on sbtest1  (cost=0.43..43.72 rows=10 width=4)
	        Index Cond: ((id >= 5878824) AND (id <= 5878833))

table 2 : explain SELECT SUM(k) FROM sbtest2 WHERE id BETWEEN 5034598 AND 5034607
	Aggregate  (cost=43.76..43.77 rows=1 width=8)
	  ->  Index Scan using sbtest2_pkey on sbtest2  (cost=0.43..43.73 rows=10 width=4)
	        Index Cond: ((id >= 5034598) AND (id <= 5034607))

table 3 : explain SELECT SUM(k) FROM sbtest3 WHERE id BETWEEN 840936 AND 840945
	Aggregate  (cost=47.54..47.55 rows=1 width=8)
	  ->  Index Scan using sbtest3_pkey on sbtest3  (cost=0.43..47.51 rows=11 width=4)
	        Index Cond: ((id >= 840936) AND (id <= 840945))

table 4 : explain SELECT SUM(k) FROM sbtest4 WHERE id BETWEEN 331693 AND 331702
	Aggregate  (cost=43.44..43.45 rows=1 width=8)
	  ->  Index Scan using sbtest4_pkey on sbtest4  (cost=0.43..43.42 rows=10 width=4)
	        Index Cond: ((id >= 331693) AND (id <= 331702))

table 5 : explain SELECT SUM(k) FROM sbtest5 WHERE id BETWEEN 3045689 AND 3045698
	Aggregate  (cost=43.68..43.69 rows=1 width=8)
	  ->  Index Scan using sbtest5_pkey on sbtest5  (cost=0.43..43.66 rows=10 width=4)
	        Index Cond: ((id >= 3045689) AND (id <= 3045698))

table 6 : explain SELECT SUM(k) FROM sbtest6 WHERE id BETWEEN 1481834 AND 1481843
	Aggregate  (cost=43.65..43.66 rows=1 width=8)
	  ->  Index Scan using sbtest6_pkey on sbtest6  (cost=0.43..43.62 rows=10 width=4)
	        Index Cond: ((id >= 1481834) AND (id <= 1481843))

table 7 : explain SELECT SUM(k) FROM sbtest7 WHERE id BETWEEN 3104680 AND 3104689
	Aggregate  (cost=43.56..43.57 rows=1 width=8)
	  ->  Index Scan using sbtest7_pkey on sbtest7  (cost=0.43..43.54 rows=10 width=4)
	        Index Cond: ((id >= 3104680) AND (id <= 3104689))

table 8 : explain SELECT SUM(k) FROM sbtest8 WHERE id BETWEEN 8207167 AND 8207176
	Aggregate  (cost=43.60..43.61 rows=1 width=8)
	  ->  Index Scan using sbtest8_pkey on sbtest8  (cost=0.43..43.58 rows=10 width=4)
	        Index Cond: ((id >= 8207167) AND (id <= 8207176))

for: simple_ranges
table 1 : explain SELECT c FROM sbtest1 WHERE id BETWEEN 7877053 AND 7877062
	Index Scan using sbtest1_pkey on sbtest1  (cost=0.43..39.80 rows=9 width=121)
	  Index Cond: ((id >= 7877053) AND (id <= 7877062))

table 2 : explain SELECT c FROM sbtest2 WHERE id BETWEEN 860640 AND 860649
	Index Scan using sbtest2_pkey on sbtest2  (cost=0.43..39.81 rows=9 width=121)
	  Index Cond: ((id >= 860640) AND (id <= 860649))

table 3 : explain SELECT c FROM sbtest3 WHERE id BETWEEN 650274 AND 650283
	Index Scan using sbtest3_pkey on sbtest3  (cost=0.43..43.61 rows=10 width=121)
	  Index Cond: ((id >= 650274) AND (id <= 650283))

table 4 : explain SELECT c FROM sbtest4 WHERE id BETWEEN 3795719 AND 3795728
	Index Scan using sbtest4_pkey on sbtest4  (cost=0.43..47.30 rows=11 width=121)
	  Index Cond: ((id >= 3795719) AND (id <= 3795728))

table 5 : explain SELECT c FROM sbtest5 WHERE id BETWEEN 2526202 AND 2526211
	Index Scan using sbtest5_pkey on sbtest5  (cost=0.43..43.66 rows=10 width=121)
	  Index Cond: ((id >= 2526202) AND (id <= 2526211))

table 6 : explain SELECT c FROM sbtest6 WHERE id BETWEEN 6721467 AND 6721476
	Index Scan using sbtest6_pkey on sbtest6  (cost=0.43..43.62 rows=10 width=121)
	  Index Cond: ((id >= 6721467) AND (id <= 6721476))

table 7 : explain SELECT c FROM sbtest7 WHERE id BETWEEN 4795328 AND 4795337
	Index Scan using sbtest7_pkey on sbtest7  (cost=0.43..43.54 rows=10 width=121)
	  Index Cond: ((id >= 4795328) AND (id <= 4795337))

table 8 : explain SELECT c FROM sbtest8 WHERE id BETWEEN 1463428 AND 1463437
	Index Scan using sbtest8_pkey on sbtest8  (cost=0.43..43.58 rows=10 width=121)
	  Index Cond: ((id >= 1463428) AND (id <= 1463437))

for: simple_ranges
table 1 : explain SELECT c FROM sbtest1 WHERE id BETWEEN 5787335 AND 5787344
	Index Scan using sbtest1_pkey on sbtest1  (cost=0.43..43.72 rows=10 width=121)
	  Index Cond: ((id >= 5787335) AND (id <= 5787344))

table 2 : explain SELECT c FROM sbtest2 WHERE id BETWEEN 4927319 AND 4927328
	Index Scan using sbtest2_pkey on sbtest2  (cost=0.43..47.65 rows=11 width=121)
	  Index Cond: ((id >= 4927319) AND (id <= 4927328))

table 3 : explain SELECT c FROM sbtest3 WHERE id BETWEEN 9181480 AND 9181489
	Index Scan using sbtest3_pkey on sbtest3  (cost=0.43..47.51 rows=11 width=121)
	  Index Cond: ((id >= 9181480) AND (id <= 9181489))

table 4 : explain SELECT c FROM sbtest4 WHERE id BETWEEN 6730320 AND 6730329
	Index Scan using sbtest4_pkey on sbtest4  (cost=0.43..43.42 rows=10 width=121)
	  Index Cond: ((id >= 6730320) AND (id <= 6730329))

table 5 : explain SELECT c FROM sbtest5 WHERE id BETWEEN 3543868 AND 3543877
	Index Scan using sbtest5_pkey on sbtest5  (cost=0.43..39.74 rows=9 width=121)
	  Index Cond: ((id >= 3543868) AND (id <= 3543877))

table 6 : explain SELECT c FROM sbtest6 WHERE id BETWEEN 2769268 AND 2769277
	Index Scan using sbtest6_pkey on sbtest6  (cost=0.43..43.62 rows=10 width=121)
	  Index Cond: ((id >= 2769268) AND (id <= 2769277))

table 7 : explain SELECT c FROM sbtest7 WHERE id BETWEEN 2799362 AND 2799371
	Index Scan using sbtest7_pkey on sbtest7  (cost=0.43..43.54 rows=10 width=121)
	  Index Cond: ((id >= 2799362) AND (id <= 2799371))

table 8 : explain SELECT c FROM sbtest8 WHERE id BETWEEN 3830310 AND 3830319
	Index Scan using sbtest8_pkey on sbtest8  (cost=0.43..47.48 rows=11 width=121)
	  Index Cond: ((id >= 3830310) AND (id <= 3830319))

for: sum_ranges
table 1 : explain SELECT SUM(k) FROM sbtest1 WHERE id BETWEEN 8241967 AND 8241976
	Aggregate  (cost=43.75..43.76 rows=1 width=8)
	  ->  Index Scan using sbtest1_pkey on sbtest1  (cost=0.43..43.72 rows=10 width=4)
	        Index Cond: ((id >= 8241967) AND (id <= 8241976))

table 2 : explain SELECT SUM(k) FROM sbtest2 WHERE id BETWEEN 8300964 AND 8300973
	Aggregate  (cost=43.76..43.77 rows=1 width=8)
	  ->  Index Scan using sbtest2_pkey on sbtest2  (cost=0.43..43.73 rows=10 width=4)
	        Index Cond: ((id >= 8300964) AND (id <= 8300973))

table 3 : explain SELECT SUM(k) FROM sbtest3 WHERE id BETWEEN 8632496 AND 8632505
	Aggregate  (cost=39.72..39.73 rows=1 width=8)
	  ->  Index Scan using sbtest3_pkey on sbtest3  (cost=0.43..39.70 rows=9 width=4)
	        Index Cond: ((id >= 8632496) AND (id <= 8632505))

table 4 : explain SELECT SUM(k) FROM sbtest4 WHERE id BETWEEN 3195680 AND 3195689
	Aggregate  (cost=43.44..43.45 rows=1 width=8)
	  ->  Index Scan using sbtest4_pkey on sbtest4  (cost=0.43..43.42 rows=10 width=4)
	        Index Cond: ((id >= 3195680) AND (id <= 3195689))

table 5 : explain SELECT SUM(k) FROM sbtest5 WHERE id BETWEEN 8145562 AND 8145571
	Aggregate  (cost=43.68..43.69 rows=1 width=8)
	  ->  Index Scan using sbtest5_pkey on sbtest5  (cost=0.43..43.66 rows=10 width=4)
	        Index Cond: ((id >= 8145562) AND (id <= 8145571))

table 6 : explain SELECT SUM(k) FROM sbtest6 WHERE id BETWEEN 6265860 AND 6265869
	Aggregate  (cost=47.56..47.57 rows=1 width=8)
	  ->  Index Scan using sbtest6_pkey on sbtest6  (cost=0.43..47.53 rows=11 width=4)
	        Index Cond: ((id >= 6265860) AND (id <= 6265869))

table 7 : explain SELECT SUM(k) FROM sbtest7 WHERE id BETWEEN 5676625 AND 5676634
	Aggregate  (cost=43.56..43.57 rows=1 width=8)
	  ->  Index Scan using sbtest7_pkey on sbtest7  (cost=0.43..43.54 rows=10 width=4)
	        Index Cond: ((id >= 5676625) AND (id <= 5676634))

table 8 : explain SELECT SUM(k) FROM sbtest8 WHERE id BETWEEN 7835402 AND 7835411
	Aggregate  (cost=43.60..43.61 rows=1 width=8)
	  ->  Index Scan using sbtest8_pkey on sbtest8  (cost=0.43..43.58 rows=10 width=4)
	        Index Cond: ((id >= 7835402) AND (id <= 7835411))
for: sum_ranges
table 1 : explain SELECT SUM(k) FROM sbtest1 WHERE id BETWEEN 3043474 AND 3043483
	Aggregate  (cost=43.75..43.76 rows=1 width=8)
	  ->  Index Scan using sbtest1_pkey on sbtest1  (cost=0.43..43.72 rows=10 width=4)
	        Index Cond: ((id >= 3043474) AND (id <= 3043483))

table 2 : explain SELECT SUM(k) FROM sbtest2 WHERE id BETWEEN 5441688 AND 5441697
	Aggregate  (cost=47.68..47.69 rows=1 width=8)
	  ->  Index Scan using sbtest2_pkey on sbtest2  (cost=0.43..47.65 rows=11 width=4)
	        Index Cond: ((id >= 5441688) AND (id <= 5441697))

table 3 : explain SELECT SUM(k) FROM sbtest3 WHERE id BETWEEN 4211994 AND 4212003
	Aggregate  (cost=43.63..43.64 rows=1 width=8)
	  ->  Index Scan using sbtest3_pkey on sbtest3  (cost=0.43..43.61 rows=10 width=4)
	        Index Cond: ((id >= 4211994) AND (id <= 4212003))

table 4 : explain SELECT SUM(k) FROM sbtest4 WHERE id BETWEEN 9811206 AND 9811215
	Aggregate  (cost=43.44..43.45 rows=1 width=8)
	  ->  Index Scan using sbtest4_pkey on sbtest4  (cost=0.43..43.42 rows=10 width=4)
	        Index Cond: ((id >= 9811206) AND (id <= 9811215))

table 5 : explain SELECT SUM(k) FROM sbtest5 WHERE id BETWEEN 5026493 AND 5026502
	Aggregate  (cost=43.68..43.69 rows=1 width=8)
	  ->  Index Scan using sbtest5_pkey on sbtest5  (cost=0.43..43.66 rows=10 width=4)
	        Index Cond: ((id >= 5026493) AND (id <= 5026502))

table 6 : explain SELECT SUM(k) FROM sbtest6 WHERE id BETWEEN 3931780 AND 3931789
	Aggregate  (cost=43.65..43.66 rows=1 width=8)
	  ->  Index Scan using sbtest6_pkey on sbtest6  (cost=0.43..43.62 rows=10 width=4)
	        Index Cond: ((id >= 3931780) AND (id <= 3931789))

table 7 : explain SELECT SUM(k) FROM sbtest7 WHERE id BETWEEN 3577105 AND 3577114
	Aggregate  (cost=43.56..43.57 rows=1 width=8)
	  ->  Index Scan using sbtest7_pkey on sbtest7  (cost=0.43..43.54 rows=10 width=4)
	        Index Cond: ((id >= 3577105) AND (id <= 3577114))

table 8 : explain SELECT SUM(k) FROM sbtest8 WHERE id BETWEEN 3858464 AND 3858473
	Aggregate  (cost=47.51..47.52 rows=1 width=8)
	  ->  Index Scan using sbtest8_pkey on sbtest8  (cost=0.43..47.48 rows=11 width=4)
	        Index Cond: ((id >= 3858464) AND (id <= 3858473))

for: sum_ranges
table 1 : explain SELECT SUM(k) FROM sbtest1 WHERE id BETWEEN 8272411 AND 8272420
	Aggregate  (cost=43.75..43.76 rows=1 width=8)
	  ->  Index Scan using sbtest1_pkey on sbtest1  (cost=0.43..43.72 rows=10 width=4)
	        Index Cond: ((id >= 8272411) AND (id <= 8272420))

table 2 : explain SELECT SUM(k) FROM sbtest2 WHERE id BETWEEN 4414652 AND 4414661
	Aggregate  (cost=43.76..43.77 rows=1 width=8)
	  ->  Index Scan using sbtest2_pkey on sbtest2  (cost=0.43..43.73 rows=10 width=4)
	        Index Cond: ((id >= 4414652) AND (id <= 4414661))

table 3 : explain SELECT SUM(k) FROM sbtest3 WHERE id BETWEEN 6692817 AND 6692826
	Aggregate  (cost=43.63..43.64 rows=1 width=8)
	  ->  Index Scan using sbtest3_pkey on sbtest3  (cost=0.43..43.61 rows=10 width=4)
	        Index Cond: ((id >= 6692817) AND (id <= 6692826))

table 4 : explain SELECT SUM(k) FROM sbtest4 WHERE id BETWEEN 1528871 AND 1528880
	Aggregate  (cost=39.56..39.57 rows=1 width=8)
	  ->  Index Scan using sbtest4_pkey on sbtest4  (cost=0.43..39.53 rows=9 width=4)
	        Index Cond: ((id >= 1528871) AND (id <= 1528880))

table 5 : explain SELECT SUM(k) FROM sbtest5 WHERE id BETWEEN 1215752 AND 1215761
	Aggregate  (cost=39.77..39.78 rows=1 width=8)
	  ->  Index Scan using sbtest5_pkey on sbtest5  (cost=0.43..39.74 rows=9 width=4)
	        Index Cond: ((id >= 1215752) AND (id <= 1215761))

table 6 : explain SELECT SUM(k) FROM sbtest6 WHERE id BETWEEN 2670047 AND 2670056
	Aggregate  (cost=47.56..47.57 rows=1 width=8)
	  ->  Index Scan using sbtest6_pkey on sbtest6  (cost=0.43..47.53 rows=11 width=4)
	        Index Cond: ((id >= 2670047) AND (id <= 2670056))

table 7 : explain SELECT SUM(k) FROM sbtest7 WHERE id BETWEEN 9081607 AND 9081616
	Aggregate  (cost=43.56..43.57 rows=1 width=8)
	  ->  Index Scan using sbtest7_pkey on sbtest7  (cost=0.43..43.54 rows=10 width=4)
	        Index Cond: ((id >= 9081607) AND (id <= 9081616))

table 8 : explain SELECT SUM(k) FROM sbtest8 WHERE id BETWEEN 6079117 AND 6079126
	Aggregate  (cost=43.60..43.61 rows=1 width=8)
	  ->  Index Scan using sbtest8_pkey on sbtest8  (cost=0.43..43.58 rows=10 width=4)
	        Index Cond: ((id >= 6079117) AND (id <= 6079126))


for: simple_ranges
table 1 : explain SELECT c FROM sbtest1 WHERE id BETWEEN 8961566 AND 8961575
	Index Scan using sbtest1_pkey on sbtest1  (cost=0.43..43.72 rows=10 width=121)
	  Index Cond: ((id >= 8961566) AND (id <= 8961575))

table 2 : explain SELECT c FROM sbtest2 WHERE id BETWEEN 7970212 AND 7970221
	Index Scan using sbtest2_pkey on sbtest2  (cost=0.43..43.73 rows=10 width=121)
	  Index Cond: ((id >= 7970212) AND (id <= 7970221))

table 3 : explain SELECT c FROM sbtest3 WHERE id BETWEEN 5480521 AND 5480530
	Index Scan using sbtest3_pkey on sbtest3  (cost=0.43..43.61 rows=10 width=121)
	  Index Cond: ((id >= 5480521) AND (id <= 5480530))

table 4 : explain SELECT c FROM sbtest4 WHERE id BETWEEN 8936713 AND 8936722
	Index Scan using sbtest4_pkey on sbtest4  (cost=0.43..43.42 rows=10 width=121)
	  Index Cond: ((id >= 8936713) AND (id <= 8936722))

table 5 : explain SELECT c FROM sbtest5 WHERE id BETWEEN 8433478 AND 8433487
	Index Scan using sbtest5_pkey on sbtest5  (cost=0.43..43.66 rows=10 width=121)
	  Index Cond: ((id >= 8433478) AND (id <= 8433487))

table 6 : explain SELECT c FROM sbtest6 WHERE id BETWEEN 9057493 AND 9057502
	Index Scan using sbtest6_pkey on sbtest6  (cost=0.43..47.53 rows=11 width=121)
	  Index Cond: ((id >= 9057493) AND (id <= 9057502))

table 7 : explain SELECT c FROM sbtest7 WHERE id BETWEEN 1408219 AND 1408228
	Index Scan using sbtest7_pkey on sbtest7  (cost=0.43..47.43 rows=11 width=121)
	  Index Cond: ((id >= 1408219) AND (id <= 1408228))

table 8 : explain SELECT c FROM sbtest8 WHERE id BETWEEN 9993935 AND 9993944
	Index Scan using sbtest8_pkey on sbtest8  (cost=0.43..43.58 rows=10 width=121)
	  Index Cond: ((id >= 9993935) AND (id <= 9993944))

for: order_ranges
table 1 : explain SELECT c FROM sbtest1 WHERE id BETWEEN 4663442 AND 4663451 ORDER BY c
	Sort  (cost=43.89..43.91 rows=10 width=121)
	  Sort Key: c
	  ->  Index Scan using sbtest1_pkey on sbtest1  (cost=0.43..43.72 rows=10 width=121)
	        Index Cond: ((id >= 4663442) AND (id <= 4663451))

table 2 : explain SELECT c FROM sbtest2 WHERE id BETWEEN 8661332 AND 8661341 ORDER BY c
	Sort  (cost=39.96..39.98 rows=9 width=121)
	  Sort Key: c
	  ->  Index Scan using sbtest2_pkey on sbtest2  (cost=0.43..39.81 rows=9 width=121)
	        Index Cond: ((id >= 8661332) AND (id <= 8661341))

table 3 : explain SELECT c FROM sbtest3 WHERE id BETWEEN 6562679 AND 6562688 ORDER BY c
	Sort  (cost=43.77..43.80 rows=10 width=121)
	  Sort Key: c
	  ->  Index Scan using sbtest3_pkey on sbtest3  (cost=0.43..43.61 rows=10 width=121)
	        Index Cond: ((id >= 6562679) AND (id <= 6562688))

table 4 : explain SELECT c FROM sbtest4 WHERE id BETWEEN 4861936 AND 4861945 ORDER BY c
	Sort  (cost=43.59..43.61 rows=10 width=121)
	  Sort Key: c
	  ->  Index Scan using sbtest4_pkey on sbtest4  (cost=0.43..43.42 rows=10 width=121)
	        Index Cond: ((id >= 4861936) AND (id <= 4861945))

table 5 : explain SELECT c FROM sbtest5 WHERE id BETWEEN 6269470 AND 6269479 ORDER BY c
	Sort  (cost=47.76..47.78 rows=11 width=121)
	  Sort Key: c
	  ->  Index Scan using sbtest5_pkey on sbtest5  (cost=0.43..47.57 rows=11 width=121)
	        Index Cond: ((id >= 6269470) AND (id <= 6269479))

table 6 : explain SELECT c FROM sbtest6 WHERE id BETWEEN 5341166 AND 5341175 ORDER BY c
	Sort  (cost=43.79..43.81 rows=10 width=121)
	  Sort Key: c
	  ->  Index Scan using sbtest6_pkey on sbtest6  (cost=0.43..43.62 rows=10 width=121)
	        Index Cond: ((id >= 5341166) AND (id <= 5341175))

table 7 : explain SELECT c FROM sbtest7 WHERE id BETWEEN 7383092 AND 7383101 ORDER BY c
	Sort  (cost=43.70..43.73 rows=10 width=121)
	  Sort Key: c
	  ->  Index Scan using sbtest7_pkey on sbtest7  (cost=0.43..43.54 rows=10 width=121)
	        Index Cond: ((id >= 7383092) AND (id <= 7383101))

table 8 : explain SELECT c FROM sbtest8 WHERE id BETWEEN 9221825 AND 9221834 ORDER BY c
	Sort  (cost=43.74..43.77 rows=10 width=121)
	  Sort Key: c
	  ->  Index Scan using sbtest8_pkey on sbtest8  (cost=0.43..43.58 rows=10 width=121)
	        Index Cond: ((id >= 9221825) AND (id <= 9221834))

for: simple_ranges
table 1 : explain SELECT c FROM sbtest1 WHERE id BETWEEN 2886991 AND 2887000
	Index Scan using sbtest1_pkey on sbtest1  (cost=0.43..43.72 rows=10 width=121)
	  Index Cond: ((id >= 2886991) AND (id <= 2887000))

table 2 : explain SELECT c FROM sbtest2 WHERE id BETWEEN 305879 AND 305888
	Index Scan using sbtest2_pkey on sbtest2  (cost=0.43..43.73 rows=10 width=121)
	  Index Cond: ((id >= 305879) AND (id <= 305888))

table 3 : explain SELECT c FROM sbtest3 WHERE id BETWEEN 8199252 AND 8199261
	Index Scan using sbtest3_pkey on sbtest3  (cost=0.43..43.61 rows=10 width=121)
	  Index Cond: ((id >= 8199252) AND (id <= 8199261))

table 4 : explain SELECT c FROM sbtest4 WHERE id BETWEEN 6750303 AND 6750312
	Index Scan using sbtest4_pkey on sbtest4  (cost=0.43..43.42 rows=10 width=121)
	  Index Cond: ((id >= 6750303) AND (id <= 6750312))

table 5 : explain SELECT c FROM sbtest5 WHERE id BETWEEN 9532097 AND 9532106
	Index Scan using sbtest5_pkey on sbtest5  (cost=0.43..47.57 rows=11 width=121)
	  Index Cond: ((id >= 9532097) AND (id <= 9532106))

table 6 : explain SELECT c FROM sbtest6 WHERE id BETWEEN 2124415 AND 2124424
	Index Scan using sbtest6_pkey on sbtest6  (cost=0.43..43.62 rows=10 width=121)
	  Index Cond: ((id >= 2124415) AND (id <= 2124424))

table 7 : explain SELECT c FROM sbtest7 WHERE id BETWEEN 1528418 AND 1528427
	Index Scan using sbtest7_pkey on sbtest7  (cost=0.43..43.54 rows=10 width=121)
	  Index Cond: ((id >= 1528418) AND (id <= 1528427))

table 8 : explain SELECT c FROM sbtest8 WHERE id BETWEEN 5813646 AND 5813655
	Index Scan using sbtest8_pkey on sbtest8  (cost=0.43..43.58 rows=10 width=121)
	  Index Cond: ((id >= 5813646) AND (id <= 5813655))

for: sum_ranges
table 1 : explain SELECT SUM(k) FROM sbtest1 WHERE id BETWEEN 3028907 AND 3028916
	Aggregate  (cost=43.75..43.76 rows=1 width=8)
	  ->  Index Scan using sbtest1_pkey on sbtest1  (cost=0.43..43.72 rows=10 width=4)
	        Index Cond: ((id >= 3028907) AND (id <= 3028916))

table 2 : explain SELECT SUM(k) FROM sbtest2 WHERE id BETWEEN 6382030 AND 6382039
	Aggregate  (cost=43.76..43.77 rows=1 width=8)
	  ->  Index Scan using sbtest2_pkey on sbtest2  (cost=0.43..43.73 rows=10 width=4)
	        Index Cond: ((id >= 6382030) AND (id <= 6382039))

table 3 : explain SELECT SUM(k) FROM sbtest3 WHERE id BETWEEN 6226031 AND 6226040
	Aggregate  (cost=43.63..43.64 rows=1 width=8)
	  ->  Index Scan using sbtest3_pkey on sbtest3  (cost=0.43..43.61 rows=10 width=4)
	        Index Cond: ((id >= 6226031) AND (id <= 6226040))

table 4 : explain SELECT SUM(k) FROM sbtest4 WHERE id BETWEEN 9542884 AND 9542893
	Aggregate  (cost=39.56..39.57 rows=1 width=8)
	  ->  Index Scan using sbtest4_pkey on sbtest4  (cost=0.43..39.53 rows=9 width=4)
	        Index Cond: ((id >= 9542884) AND (id <= 9542893))

table 5 : explain SELECT SUM(k) FROM sbtest5 WHERE id BETWEEN 629879 AND 629888
	Aggregate  (cost=43.68..43.69 rows=1 width=8)
	  ->  Index Scan using sbtest5_pkey on sbtest5  (cost=0.43..43.66 rows=10 width=4)
	        Index Cond: ((id >= 629879) AND (id <= 629888))

table 6 : explain SELECT SUM(k) FROM sbtest6 WHERE id BETWEEN 6998761 AND 6998770
	Aggregate  (cost=43.65..43.66 rows=1 width=8)
	  ->  Index Scan using sbtest6_pkey on sbtest6  (cost=0.43..43.62 rows=10 width=4)
	        Index Cond: ((id >= 6998761) AND (id <= 6998770))

table 7 : explain SELECT SUM(k) FROM sbtest7 WHERE id BETWEEN 9269964 AND 9269973
	Aggregate  (cost=43.56..43.57 rows=1 width=8)
	  ->  Index Scan using sbtest7_pkey on sbtest7  (cost=0.43..43.54 rows=10 width=4)
	        Index Cond: ((id >= 9269964) AND (id <= 9269973))

table 8 : explain SELECT SUM(k) FROM sbtest8 WHERE id BETWEEN 3544739 AND 3544748
	Aggregate  (cost=47.51..47.52 rows=1 width=8)
	  ->  Index Scan using sbtest8_pkey on sbtest8  (cost=0.43..47.48 rows=11 width=4)
	        Index Cond: ((id >= 3544739) AND (id <= 3544748))

for: sum_ranges
table 1 : explain SELECT SUM(k) FROM sbtest1 WHERE id BETWEEN 7094391 AND 7094400
	Aggregate  (cost=43.75..43.76 rows=1 width=8)
	  ->  Index Scan using sbtest1_pkey on sbtest1  (cost=0.43..43.72 rows=10 width=4)
	        Index Cond: ((id >= 7094391) AND (id <= 7094400))

table 2 : explain SELECT SUM(k) FROM sbtest2 WHERE id BETWEEN 363834 AND 363843
	Aggregate  (cost=43.76..43.77 rows=1 width=8)
	  ->  Index Scan using sbtest2_pkey on sbtest2  (cost=0.43..43.73 rows=10 width=4)
	        Index Cond: ((id >= 363834) AND (id <= 363843))

table 3 : explain SELECT SUM(k) FROM sbtest3 WHERE id BETWEEN 5096337 AND 5096346
	Aggregate  (cost=39.72..39.73 rows=1 width=8)
	  ->  Index Scan using sbtest3_pkey on sbtest3  (cost=0.43..39.70 rows=9 width=4)
	        Index Cond: ((id >= 5096337) AND (id <= 5096346))

table 4 : explain SELECT SUM(k) FROM sbtest4 WHERE id BETWEEN 9358936 AND 9358945
	Aggregate  (cost=43.44..43.45 rows=1 width=8)
	  ->  Index Scan using sbtest4_pkey on sbtest4  (cost=0.43..43.42 rows=10 width=4)
	        Index Cond: ((id >= 9358936) AND (id <= 9358945))

table 5 : explain SELECT SUM(k) FROM sbtest5 WHERE id BETWEEN 7650508 AND 7650517
	Aggregate  (cost=47.59..47.60 rows=1 width=8)
	  ->  Index Scan using sbtest5_pkey on sbtest5  (cost=0.43..47.57 rows=11 width=4)
	        Index Cond: ((id >= 7650508) AND (id <= 7650517))

table 6 : explain SELECT SUM(k) FROM sbtest6 WHERE id BETWEEN 9590894 AND 9590903
	Aggregate  (cost=43.65..43.66 rows=1 width=8)
	  ->  Index Scan using sbtest6_pkey on sbtest6  (cost=0.43..43.62 rows=10 width=4)
	        Index Cond: ((id >= 9590894) AND (id <= 9590903))

table 7 : explain SELECT SUM(k) FROM sbtest7 WHERE id BETWEEN 3540092 AND 3540101
	Aggregate  (cost=43.56..43.57 rows=1 width=8)
	  ->  Index Scan using sbtest7_pkey on sbtest7  (cost=0.43..43.54 rows=10 width=4)
	        Index Cond: ((id >= 3540092) AND (id <= 3540101))

table 8 : explain SELECT SUM(k) FROM sbtest8 WHERE id BETWEEN 9819135 AND 9819144
	Aggregate  (cost=47.51..47.52 rows=1 width=8)
	  ->  Index Scan using sbtest8_pkey on sbtest8  (cost=0.43..47.48 rows=11 width=4)
	        Index Cond: ((id >= 9819135) AND (id <= 9819144))

for: sum_ranges
table 1 : explain SELECT SUM(k) FROM sbtest1 WHERE id BETWEEN 1709872 AND 1709881
	Aggregate  (cost=47.67..47.68 rows=1 width=8)
	  ->  Index Scan using sbtest1_pkey on sbtest1  (cost=0.43..47.64 rows=11 width=4)
	        Index Cond: ((id >= 1709872) AND (id <= 1709881))

table 2 : explain SELECT SUM(k) FROM sbtest2 WHERE id BETWEEN 5108097 AND 5108106
	Aggregate  (cost=43.76..43.77 rows=1 width=8)
	  ->  Index Scan using sbtest2_pkey on sbtest2  (cost=0.43..43.73 rows=10 width=4)
	        Index Cond: ((id >= 5108097) AND (id <= 5108106))

table 3 : explain SELECT SUM(k) FROM sbtest3 WHERE id BETWEEN 7687118 AND 7687127
	Aggregate  (cost=43.63..43.64 rows=1 width=8)
	  ->  Index Scan using sbtest3_pkey on sbtest3  (cost=0.43..43.61 rows=10 width=4)
	        Index Cond: ((id >= 7687118) AND (id <= 7687127))

table 4 : explain SELECT SUM(k) FROM sbtest4 WHERE id BETWEEN 6573450 AND 6573459
	Aggregate  (cost=47.33..47.34 rows=1 width=8)
	  ->  Index Scan using sbtest4_pkey on sbtest4  (cost=0.43..47.30 rows=11 width=4)
	        Index Cond: ((id >= 6573450) AND (id <= 6573459))

table 5 : explain SELECT SUM(k) FROM sbtest5 WHERE id BETWEEN 9462092 AND 9462101
	Aggregate  (cost=39.77..39.78 rows=1 width=8)
	  ->  Index Scan using sbtest5_pkey on sbtest5  (cost=0.43..39.74 rows=9 width=4)
	        Index Cond: ((id >= 9462092) AND (id <= 9462101))

table 6 : explain SELECT SUM(k) FROM sbtest6 WHERE id BETWEEN 6759532 AND 6759541
	Aggregate  (cost=43.65..43.66 rows=1 width=8)
	  ->  Index Scan using sbtest6_pkey on sbtest6  (cost=0.43..43.62 rows=10 width=4)
	        Index Cond: ((id >= 6759532) AND (id <= 6759541))

table 7 : explain SELECT SUM(k) FROM sbtest7 WHERE id BETWEEN 1393360 AND 1393369
	Aggregate  (cost=43.56..43.57 rows=1 width=8)
	  ->  Index Scan using sbtest7_pkey on sbtest7  (cost=0.43..43.54 rows=10 width=4)
	        Index Cond: ((id >= 1393360) AND (id <= 1393369))

table 8 : explain SELECT SUM(k) FROM sbtest8 WHERE id BETWEEN 7852331 AND 7852340
	Aggregate  (cost=43.60..43.61 rows=1 width=8)
	  ->  Index Scan using sbtest8_pkey on sbtest8  (cost=0.43..43.58 rows=10 width=4)
	        Index Cond: ((id >= 7852331) AND (id <= 7852340))

for: sum_ranges
table 1 : explain SELECT SUM(k) FROM sbtest1 WHERE id BETWEEN 931671 AND 931680
	Aggregate  (cost=43.75..43.76 rows=1 width=8)
	  ->  Index Scan using sbtest1_pkey on sbtest1  (cost=0.43..43.72 rows=10 width=4)
	        Index Cond: ((id >= 931671) AND (id <= 931680))

table 2 : explain SELECT SUM(k) FROM sbtest2 WHERE id BETWEEN 9474790 AND 9474799
	Aggregate  (cost=39.84..39.85 rows=1 width=8)
	  ->  Index Scan using sbtest2_pkey on sbtest2  (cost=0.43..39.81 rows=9 width=4)
	        Index Cond: ((id >= 9474790) AND (id <= 9474799))

table 3 : explain SELECT SUM(k) FROM sbtest3 WHERE id BETWEEN 2851422 AND 2851431
	Aggregate  (cost=47.54..47.55 rows=1 width=8)
	  ->  Index Scan using sbtest3_pkey on sbtest3  (cost=0.43..47.51 rows=11 width=4)
	        Index Cond: ((id >= 2851422) AND (id <= 2851431))

table 4 : explain SELECT SUM(k) FROM sbtest4 WHERE id BETWEEN 6512557 AND 6512566
	Aggregate  (cost=47.33..47.34 rows=1 width=8)
	  ->  Index Scan using sbtest4_pkey on sbtest4  (cost=0.43..47.30 rows=11 width=4)
	        Index Cond: ((id >= 6512557) AND (id <= 6512566))

table 5 : explain SELECT SUM(k) FROM sbtest5 WHERE id BETWEEN 4942493 AND 4942502
	Aggregate  (cost=39.77..39.78 rows=1 width=8)
	  ->  Index Scan using sbtest5_pkey on sbtest5  (cost=0.43..39.74 rows=9 width=4)
	        Index Cond: ((id >= 4942493) AND (id <= 4942502))

table 6 : explain SELECT SUM(k) FROM sbtest6 WHERE id BETWEEN 8154825 AND 8154834
	Aggregate  (cost=43.65..43.66 rows=1 width=8)
	  ->  Index Scan using sbtest6_pkey on sbtest6  (cost=0.43..43.62 rows=10 width=4)
	        Index Cond: ((id >= 8154825) AND (id <= 8154834))

table 7 : explain SELECT SUM(k) FROM sbtest7 WHERE id BETWEEN 6060827 AND 6060836
	Aggregate  (cost=43.56..43.57 rows=1 width=8)
	  ->  Index Scan using sbtest7_pkey on sbtest7  (cost=0.43..43.54 rows=10 width=4)
	        Index Cond: ((id >= 6060827) AND (id <= 6060836))

table 8 : explain SELECT SUM(k) FROM sbtest8 WHERE id BETWEEN 2828720 AND 2828729
	Aggregate  (cost=39.70..39.71 rows=1 width=8)
	  ->  Index Scan using sbtest8_pkey on sbtest8  (cost=0.43..39.68 rows=9 width=4)
	        Index Cond: ((id >= 2828720) AND (id <= 2828729))

for: sum_ranges
table 1 : explain SELECT SUM(k) FROM sbtest1 WHERE id BETWEEN 7329186 AND 7329195
	Aggregate  (cost=43.75..43.76 rows=1 width=8)
	  ->  Index Scan using sbtest1_pkey on sbtest1  (cost=0.43..43.72 rows=10 width=4)
	        Index Cond: ((id >= 7329186) AND (id <= 7329195))

table 2 : explain SELECT SUM(k) FROM sbtest2 WHERE id BETWEEN 7122590 AND 7122599
	Aggregate  (cost=39.84..39.85 rows=1 width=8)
	  ->  Index Scan using sbtest2_pkey on sbtest2  (cost=0.43..39.81 rows=9 width=4)
	        Index Cond: ((id >= 7122590) AND (id <= 7122599))

table 3 : explain SELECT SUM(k) FROM sbtest3 WHERE id BETWEEN 1321014 AND 1321023
	Aggregate  (cost=47.54..47.55 rows=1 width=8)
	  ->  Index Scan using sbtest3_pkey on sbtest3  (cost=0.43..47.51 rows=11 width=4)
	        Index Cond: ((id >= 1321014) AND (id <= 1321023))

table 4 : explain SELECT SUM(k) FROM sbtest4 WHERE id BETWEEN 3586574 AND 3586583
	Aggregate  (cost=43.44..43.45 rows=1 width=8)
	  ->  Index Scan using sbtest4_pkey on sbtest4  (cost=0.43..43.42 rows=10 width=4)
	        Index Cond: ((id >= 3586574) AND (id <= 3586583))

table 5 : explain SELECT SUM(k) FROM sbtest5 WHERE id BETWEEN 9351110 AND 9351119
	Aggregate  (cost=43.68..43.69 rows=1 width=8)
	  ->  Index Scan using sbtest5_pkey on sbtest5  (cost=0.43..43.66 rows=10 width=4)
	        Index Cond: ((id >= 9351110) AND (id <= 9351119))

table 6 : explain SELECT SUM(k) FROM sbtest6 WHERE id BETWEEN 1520322 AND 1520331
	Aggregate  (cost=43.65..43.66 rows=1 width=8)
	  ->  Index Scan using sbtest6_pkey on sbtest6  (cost=0.43..43.62 rows=10 width=4)
	        Index Cond: ((id >= 1520322) AND (id <= 1520331))

table 7 : explain SELECT SUM(k) FROM sbtest7 WHERE id BETWEEN 7998414 AND 7998423
	Aggregate  (cost=47.46..47.47 rows=1 width=8)
	  ->  Index Scan using sbtest7_pkey on sbtest7  (cost=0.43..47.43 rows=11 width=4)
	        Index Cond: ((id >= 7998414) AND (id <= 7998423))

table 8 : explain SELECT SUM(k) FROM sbtest8 WHERE id BETWEEN 2162252 AND 2162261
	Aggregate  (cost=43.60..43.61 rows=1 width=8)
	  ->  Index Scan using sbtest8_pkey on sbtest8  (cost=0.43..43.58 rows=10 width=4)
	        Index Cond: ((id >= 2162252) AND (id <= 2162261))

for: sum_ranges
table 1 : explain SELECT SUM(k) FROM sbtest1 WHERE id BETWEEN 6487407 AND 6487416
	Aggregate  (cost=39.83..39.84 rows=1 width=8)
	  ->  Index Scan using sbtest1_pkey on sbtest1  (cost=0.43..39.80 rows=9 width=4)
	        Index Cond: ((id >= 6487407) AND (id <= 6487416))

table 2 : explain SELECT SUM(k) FROM sbtest2 WHERE id BETWEEN 8792279 AND 8792288
	Aggregate  (cost=47.68..47.69 rows=1 width=8)
	  ->  Index Scan using sbtest2_pkey on sbtest2  (cost=0.43..47.65 rows=11 width=4)
	        Index Cond: ((id >= 8792279) AND (id <= 8792288))

table 3 : explain SELECT SUM(k) FROM sbtest3 WHERE id BETWEEN 879746 AND 879755
	Aggregate  (cost=47.54..47.55 rows=1 width=8)
	  ->  Index Scan using sbtest3_pkey on sbtest3  (cost=0.43..47.51 rows=11 width=4)
	        Index Cond: ((id >= 879746) AND (id <= 879755))

table 4 : explain SELECT SUM(k) FROM sbtest4 WHERE id BETWEEN 2178962 AND 2178971
	Aggregate  (cost=39.56..39.57 rows=1 width=8)
	  ->  Index Scan using sbtest4_pkey on sbtest4  (cost=0.43..39.53 rows=9 width=4)
	        Index Cond: ((id >= 2178962) AND (id <= 2178971))

table 5 : explain SELECT SUM(k) FROM sbtest5 WHERE id BETWEEN 5362347 AND 5362356
	Aggregate  (cost=43.68..43.69 rows=1 width=8)
	  ->  Index Scan using sbtest5_pkey on sbtest5  (cost=0.43..43.66 rows=10 width=4)
	        Index Cond: ((id >= 5362347) AND (id <= 5362356))

table 6 : explain SELECT SUM(k) FROM sbtest6 WHERE id BETWEEN 2143629 AND 2143638
	Aggregate  (cost=43.65..43.66 rows=1 width=8)
	  ->  Index Scan using sbtest6_pkey on sbtest6  (cost=0.43..43.62 rows=10 width=4)
	        Index Cond: ((id >= 2143629) AND (id <= 2143638))

table 7 : explain SELECT SUM(k) FROM sbtest7 WHERE id BETWEEN 2285692 AND 2285701
	Aggregate  (cost=47.46..47.47 rows=1 width=8)
	  ->  Index Scan using sbtest7_pkey on sbtest7  (cost=0.43..47.43 rows=11 width=4)
	        Index Cond: ((id >= 2285692) AND (id <= 2285701))

table 8 : explain SELECT SUM(k) FROM sbtest8 WHERE id BETWEEN 7464991 AND 7465000
	Aggregate  (cost=47.51..47.52 rows=1 width=8)
	  ->  Index Scan using sbtest8_pkey on sbtest8  (cost=0.43..47.48 rows=11 width=4)
	        Index Cond: ((id >= 7464991) AND (id <= 7465000))

for: simple_ranges
table 1 : explain SELECT c FROM sbtest1 WHERE id BETWEEN 3059929 AND 3059938
	Index Scan using sbtest1_pkey on sbtest1  (cost=0.43..43.72 rows=10 width=121)
	  Index Cond: ((id >= 3059929) AND (id <= 3059938))

table 2 : explain SELECT c FROM sbtest2 WHERE id BETWEEN 9847547 AND 9847556
	Index Scan using sbtest2_pkey on sbtest2  (cost=0.43..43.73 rows=10 width=121)
	  Index Cond: ((id >= 9847547) AND (id <= 9847556))

table 3 : explain SELECT c FROM sbtest3 WHERE id BETWEEN 1116586 AND 1116595
	Index Scan using sbtest3_pkey on sbtest3  (cost=0.43..43.61 rows=10 width=121)
	  Index Cond: ((id >= 1116586) AND (id <= 1116595))

table 4 : explain SELECT c FROM sbtest4 WHERE id BETWEEN 1945066 AND 1945075
	Index Scan using sbtest4_pkey on sbtest4  (cost=0.43..43.42 rows=10 width=121)
	  Index Cond: ((id >= 1945066) AND (id <= 1945075))

table 5 : explain SELECT c FROM sbtest5 WHERE id BETWEEN 5661462 AND 5661471
	Index Scan using sbtest5_pkey on sbtest5  (cost=0.43..43.66 rows=10 width=121)
	  Index Cond: ((id >= 5661462) AND (id <= 5661471))

table 6 : explain SELECT c FROM sbtest6 WHERE id BETWEEN 8039947 AND 8039956
	Index Scan using sbtest6_pkey on sbtest6  (cost=0.43..43.62 rows=10 width=121)
	  Index Cond: ((id >= 8039947) AND (id <= 8039956))

table 7 : explain SELECT c FROM sbtest7 WHERE id BETWEEN 1284582 AND 1284591
	Index Scan using sbtest7_pkey on sbtest7  (cost=0.43..43.54 rows=10 width=121)
	  Index Cond: ((id >= 1284582) AND (id <= 1284591))

table 8 : explain SELECT c FROM sbtest8 WHERE id BETWEEN 7371625 AND 7371634
	Index Scan using sbtest8_pkey on sbtest8  (cost=0.43..43.58 rows=10 width=121)
	  Index Cond: ((id >= 7371625) AND (id <= 7371634))

for: sum_ranges
table 1 : explain SELECT SUM(k) FROM sbtest1 WHERE id BETWEEN 8382449 AND 8382458
	Aggregate  (cost=39.83..39.84 rows=1 width=8)
	  ->  Index Scan using sbtest1_pkey on sbtest1  (cost=0.43..39.80 rows=9 width=4)
	        Index Cond: ((id >= 8382449) AND (id <= 8382458))

table 2 : explain SELECT SUM(k) FROM sbtest2 WHERE id BETWEEN 3432400 AND 3432409
	Aggregate  (cost=43.76..43.77 rows=1 width=8)
	  ->  Index Scan using sbtest2_pkey on sbtest2  (cost=0.43..43.73 rows=10 width=4)
	        Index Cond: ((id >= 3432400) AND (id <= 3432409))

table 3 : explain SELECT SUM(k) FROM sbtest3 WHERE id BETWEEN 3791382 AND 3791391
	Aggregate  (cost=47.54..47.55 rows=1 width=8)
	  ->  Index Scan using sbtest3_pkey on sbtest3  (cost=0.43..47.51 rows=11 width=4)
	        Index Cond: ((id >= 3791382) AND (id <= 3791391))

table 4 : explain SELECT SUM(k) FROM sbtest4 WHERE id BETWEEN 6283014 AND 6283023
	Aggregate  (cost=43.44..43.45 rows=1 width=8)
	  ->  Index Scan using sbtest4_pkey on sbtest4  (cost=0.43..43.42 rows=10 width=4)
	        Index Cond: ((id >= 6283014) AND (id <= 6283023))

table 5 : explain SELECT SUM(k) FROM sbtest5 WHERE id BETWEEN 123343 AND 123352
	Aggregate  (cost=47.59..47.60 rows=1 width=8)
	  ->  Index Scan using sbtest5_pkey on sbtest5  (cost=0.43..47.57 rows=11 width=4)
	        Index Cond: ((id >= 123343) AND (id <= 123352))

table 6 : explain SELECT SUM(k) FROM sbtest6 WHERE id BETWEEN 5350630 AND 5350639
	Aggregate  (cost=43.65..43.66 rows=1 width=8)
	  ->  Index Scan using sbtest6_pkey on sbtest6  (cost=0.43..43.62 rows=10 width=4)
	        Index Cond: ((id >= 5350630) AND (id <= 5350639))

table 7 : explain SELECT SUM(k) FROM sbtest7 WHERE id BETWEEN 2145561 AND 2145570
	Aggregate  (cost=43.56..43.57 rows=1 width=8)
	  ->  Index Scan using sbtest7_pkey on sbtest7  (cost=0.43..43.54 rows=10 width=4)
	        Index Cond: ((id >= 2145561) AND (id <= 2145570))

table 8 : explain SELECT SUM(k) FROM sbtest8 WHERE id BETWEEN 713309 AND 713318
	Aggregate  (cost=43.60..43.61 rows=1 width=8)
	  ->  Index Scan using sbtest8_pkey on sbtest8  (cost=0.43..43.58 rows=10 width=4)
	        Index Cond: ((id >= 713309) AND (id <= 713318))

for: order_ranges
table 1 : explain SELECT c FROM sbtest1 WHERE id BETWEEN 3438677 AND 3438686 ORDER BY c
	Sort  (cost=43.89..43.91 rows=10 width=121)
	  Sort Key: c
	  ->  Index Scan using sbtest1_pkey on sbtest1  (cost=0.43..43.72 rows=10 width=121)
	        Index Cond: ((id >= 3438677) AND (id <= 3438686))

table 2 : explain SELECT c FROM sbtest2 WHERE id BETWEEN 7159578 AND 7159587 ORDER BY c
	Sort  (cost=39.96..39.98 rows=9 width=121)
	  Sort Key: c
	  ->  Index Scan using sbtest2_pkey on sbtest2  (cost=0.43..39.81 rows=9 width=121)
	        Index Cond: ((id >= 7159578) AND (id <= 7159587))

table 3 : explain SELECT c FROM sbtest3 WHERE id BETWEEN 2685439 AND 2685448 ORDER BY c
	Sort  (cost=43.77..43.80 rows=10 width=121)
	  Sort Key: c
	  ->  Index Scan using sbtest3_pkey on sbtest3  (cost=0.43..43.61 rows=10 width=121)
	        Index Cond: ((id >= 2685439) AND (id <= 2685448))

table 4 : explain SELECT c FROM sbtest4 WHERE id BETWEEN 5442137 AND 5442146 ORDER BY c
	Sort  (cost=39.68..39.70 rows=9 width=121)
	  Sort Key: c
	  ->  Index Scan using sbtest4_pkey on sbtest4  (cost=0.43..39.53 rows=9 width=121)
	        Index Cond: ((id >= 5442137) AND (id <= 5442146))

table 5 : explain SELECT c FROM sbtest5 WHERE id BETWEEN 4648487 AND 4648496 ORDER BY c
	Sort  (cost=43.82..43.85 rows=10 width=121)
	  Sort Key: c
	  ->  Index Scan using sbtest5_pkey on sbtest5  (cost=0.43..43.66 rows=10 width=121)
	        Index Cond: ((id >= 4648487) AND (id <= 4648496))

table 6 : explain SELECT c FROM sbtest6 WHERE id BETWEEN 8493736 AND 8493745 ORDER BY c
	Sort  (cost=43.79..43.81 rows=10 width=121)
	  Sort Key: c
	  ->  Index Scan using sbtest6_pkey on sbtest6  (cost=0.43..43.62 rows=10 width=121)
	        Index Cond: ((id >= 8493736) AND (id <= 8493745))

table 7 : explain SELECT c FROM sbtest7 WHERE id BETWEEN 5536602 AND 5536611 ORDER BY c
	Sort  (cost=43.70..43.73 rows=10 width=121)
	  Sort Key: c
	  ->  Index Scan using sbtest7_pkey on sbtest7  (cost=0.43..43.54 rows=10 width=121)
	        Index Cond: ((id >= 5536602) AND (id <= 5536611))

table 8 : explain SELECT c FROM sbtest8 WHERE id BETWEEN 7614668 AND 7614677 ORDER BY c
	Sort  (cost=43.74..43.77 rows=10 width=121)
	  Sort Key: c
	  ->  Index Scan using sbtest8_pkey on sbtest8  (cost=0.43..43.58 rows=10 width=121)
	        Index Cond: ((id >= 7614668) AND (id <= 7614677))

for: order_ranges
table 1 : explain SELECT c FROM sbtest1 WHERE id BETWEEN 4359657 AND 4359666 ORDER BY c
	Sort  (cost=43.89..43.91 rows=10 width=121)
	  Sort Key: c
	  ->  Index Scan using sbtest1_pkey on sbtest1  (cost=0.43..43.72 rows=10 width=121)
	        Index Cond: ((id >= 4359657) AND (id <= 4359666))

table 2 : explain SELECT c FROM sbtest2 WHERE id BETWEEN 4271693 AND 4271702 ORDER BY c
	Sort  (cost=43.90..43.92 rows=10 width=121)
	  Sort Key: c
	  ->  Index Scan using sbtest2_pkey on sbtest2  (cost=0.43..43.73 rows=10 width=121)
	        Index Cond: ((id >= 4271693) AND (id <= 4271702))

table 3 : explain SELECT c FROM sbtest3 WHERE id BETWEEN 9623819 AND 9623828 ORDER BY c
	Sort  (cost=43.77..43.80 rows=10 width=121)
	  Sort Key: c
	  ->  Index Scan using sbtest3_pkey on sbtest3  (cost=0.43..43.61 rows=10 width=121)
	        Index Cond: ((id >= 9623819) AND (id <= 9623828))

table 4 : explain SELECT c FROM sbtest4 WHERE id BETWEEN 8672454 AND 8672463 ORDER BY c
	Sort  (cost=43.59..43.61 rows=10 width=121)
	  Sort Key: c
	  ->  Index Scan using sbtest4_pkey on sbtest4  (cost=0.43..43.42 rows=10 width=121)
	        Index Cond: ((id >= 8672454) AND (id <= 8672463))

table 5 : explain SELECT c FROM sbtest5 WHERE id BETWEEN 531377 AND 531386 ORDER BY c
	Sort  (cost=39.89..39.91 rows=9 width=121)
	  Sort Key: c
	  ->  Index Scan using sbtest5_pkey on sbtest5  (cost=0.43..39.74 rows=9 width=121)
	        Index Cond: ((id >= 531377) AND (id <= 531386))

table 6 : explain SELECT c FROM sbtest6 WHERE id BETWEEN 9663945 AND 9663954 ORDER BY c
	Sort  (cost=43.79..43.81 rows=10 width=121)
	  Sort Key: c
	  ->  Index Scan using sbtest6_pkey on sbtest6  (cost=0.43..43.62 rows=10 width=121)
	        Index Cond: ((id >= 9663945) AND (id <= 9663954))

table 7 : explain SELECT c FROM sbtest7 WHERE id BETWEEN 2094340 AND 2094349 ORDER BY c
	Sort  (cost=43.70..43.73 rows=10 width=121)
	  Sort Key: c
	  ->  Index Scan using sbtest7_pkey on sbtest7  (cost=0.43..43.54 rows=10 width=121)
	        Index Cond: ((id >= 2094340) AND (id <= 2094349))

table 8 : explain SELECT c FROM sbtest8 WHERE id BETWEEN 7620350 AND 7620359 ORDER BY c
	Sort  (cost=43.74..43.77 rows=10 width=121)
	  Sort Key: c
	  ->  Index Scan using sbtest8_pkey on sbtest8  (cost=0.43..43.58 rows=10 width=121)
	        Index Cond: ((id >= 7620350) AND (id <= 7620359))

for: order_ranges
table 1 : explain SELECT c FROM sbtest1 WHERE id BETWEEN 9395846 AND 9395855 ORDER BY c
	Sort  (cost=43.89..43.91 rows=10 width=121)
	  Sort Key: c
	  ->  Index Scan using sbtest1_pkey on sbtest1  (cost=0.43..43.72 rows=10 width=121)
	        Index Cond: ((id >= 9395846) AND (id <= 9395855))

table 2 : explain SELECT c FROM sbtest2 WHERE id BETWEEN 7536163 AND 7536172 ORDER BY c
	Sort  (cost=43.90..43.92 rows=10 width=121)
	  Sort Key: c
	  ->  Index Scan using sbtest2_pkey on sbtest2  (cost=0.43..43.73 rows=10 width=121)
	        Index Cond: ((id >= 7536163) AND (id <= 7536172))

table 3 : explain SELECT c FROM sbtest3 WHERE id BETWEEN 6628510 AND 6628519 ORDER BY c
	Sort  (cost=47.70..47.73 rows=11 width=121)
	  Sort Key: c
	  ->  Index Scan using sbtest3_pkey on sbtest3  (cost=0.43..47.51 rows=11 width=121)
	        Index Cond: ((id >= 6628510) AND (id <= 6628519))

table 4 : explain SELECT c FROM sbtest4 WHERE id BETWEEN 5308891 AND 5308900 ORDER BY c
	Sort  (cost=43.59..43.61 rows=10 width=121)
	  Sort Key: c
	  ->  Index Scan using sbtest4_pkey on sbtest4  (cost=0.43..43.42 rows=10 width=121)
	        Index Cond: ((id >= 5308891) AND (id <= 5308900))

table 5 : explain SELECT c FROM sbtest5 WHERE id BETWEEN 2764320 AND 2764329 ORDER BY c
	Sort  (cost=39.89..39.91 rows=9 width=121)
	  Sort Key: c
	  ->  Index Scan using sbtest5_pkey on sbtest5  (cost=0.43..39.74 rows=9 width=121)
	        Index Cond: ((id >= 2764320) AND (id <= 2764329))

table 6 : explain SELECT c FROM sbtest6 WHERE id BETWEEN 4468685 AND 4468694 ORDER BY c
	Sort  (cost=43.79..43.81 rows=10 width=121)
	  Sort Key: c
	  ->  Index Scan using sbtest6_pkey on sbtest6  (cost=0.43..43.62 rows=10 width=121)
	        Index Cond: ((id >= 4468685) AND (id <= 4468694))

table 7 : explain SELECT c FROM sbtest7 WHERE id BETWEEN 3955033 AND 3955042 ORDER BY c
	Sort  (cost=43.70..43.73 rows=10 width=121)
	  Sort Key: c
	  ->  Index Scan using sbtest7_pkey on sbtest7  (cost=0.43..43.54 rows=10 width=121)
	        Index Cond: ((id >= 3955033) AND (id <= 3955042))

table 8 : explain SELECT c FROM sbtest8 WHERE id BETWEEN 8549218 AND 8549227 ORDER BY c
	Sort  (cost=39.82..39.84 rows=9 width=121)
	  Sort Key: c
	  ->  Index Scan using sbtest8_pkey on sbtest8  (cost=0.43..39.68 rows=9 width=121)
	        Index Cond: ((id >= 8549218) AND (id <= 8549227))

for: sum_ranges
table 1 : explain SELECT SUM(k) FROM sbtest1 WHERE id BETWEEN 1474121 AND 1474130
	Aggregate  (cost=43.75..43.76 rows=1 width=8)
	  ->  Index Scan using sbtest1_pkey on sbtest1  (cost=0.43..43.72 rows=10 width=4)
	        Index Cond: ((id >= 1474121) AND (id <= 1474130))

table 2 : explain SELECT SUM(k) FROM sbtest2 WHERE id BETWEEN 282886 AND 282895
	Aggregate  (cost=43.76..43.77 rows=1 width=8)
	  ->  Index Scan using sbtest2_pkey on sbtest2  (cost=0.43..43.73 rows=10 width=4)
	        Index Cond: ((id >= 282886) AND (id <= 282895))

table 3 : explain SELECT SUM(k) FROM sbtest3 WHERE id BETWEEN 4834584 AND 4834593
	Aggregate  (cost=39.72..39.73 rows=1 width=8)
	  ->  Index Scan using sbtest3_pkey on sbtest3  (cost=0.43..39.70 rows=9 width=4)
	        Index Cond: ((id >= 4834584) AND (id <= 4834593))

table 4 : explain SELECT SUM(k) FROM sbtest4 WHERE id BETWEEN 4636322 AND 4636331
	Aggregate  (cost=43.44..43.45 rows=1 width=8)
	  ->  Index Scan using sbtest4_pkey on sbtest4  (cost=0.43..43.42 rows=10 width=4)
	        Index Cond: ((id >= 4636322) AND (id <= 4636331))

table 5 : explain SELECT SUM(k) FROM sbtest5 WHERE id BETWEEN 6452830 AND 6452839
	Aggregate  (cost=47.59..47.60 rows=1 width=8)
	  ->  Index Scan using sbtest5_pkey on sbtest5  (cost=0.43..47.57 rows=11 width=4)
	        Index Cond: ((id >= 6452830) AND (id <= 6452839))

table 6 : explain SELECT SUM(k) FROM sbtest6 WHERE id BETWEEN 5503209 AND 5503218
	Aggregate  (cost=43.65..43.66 rows=1 width=8)
	  ->  Index Scan using sbtest6_pkey on sbtest6  (cost=0.43..43.62 rows=10 width=4)
	        Index Cond: ((id >= 5503209) AND (id <= 5503218))

table 7 : explain SELECT SUM(k) FROM sbtest7 WHERE id BETWEEN 4681330 AND 4681339
	Aggregate  (cost=43.56..43.57 rows=1 width=8)
	  ->  Index Scan using sbtest7_pkey on sbtest7  (cost=0.43..43.54 rows=10 width=4)
	        Index Cond: ((id >= 4681330) AND (id <= 4681339))

table 8 : explain SELECT SUM(k) FROM sbtest8 WHERE id BETWEEN 2239136 AND 2239145
	Aggregate  (cost=43.60..43.61 rows=1 width=8)
	  ->  Index Scan using sbtest8_pkey on sbtest8  (cost=0.43..43.58 rows=10 width=4)
	        Index Cond: ((id >= 2239136) AND (id <= 2239145))

for: sum_ranges
table 1 : explain SELECT SUM(k) FROM sbtest1 WHERE id BETWEEN 8182576 AND 8182585
	Aggregate  (cost=43.75..43.76 rows=1 width=8)
	  ->  Index Scan using sbtest1_pkey on sbtest1  (cost=0.43..43.72 rows=10 width=4)
	        Index Cond: ((id >= 8182576) AND (id <= 8182585))

table 2 : explain SELECT SUM(k) FROM sbtest2 WHERE id BETWEEN 71018 AND 71027
	Aggregate  (cost=43.76..43.77 rows=1 width=8)
	  ->  Index Scan using sbtest2_pkey on sbtest2  (cost=0.43..43.73 rows=10 width=4)
	        Index Cond: ((id >= 71018) AND (id <= 71027))

table 3 : explain SELECT SUM(k) FROM sbtest3 WHERE id BETWEEN 3160280 AND 3160289
	Aggregate  (cost=47.54..47.55 rows=1 width=8)
	  ->  Index Scan using sbtest3_pkey on sbtest3  (cost=0.43..47.51 rows=11 width=4)
	        Index Cond: ((id >= 3160280) AND (id <= 3160289))

table 4 : explain SELECT SUM(k) FROM sbtest4 WHERE id BETWEEN 9215783 AND 9215792
	Aggregate  (cost=43.44..43.45 rows=1 width=8)
	  ->  Index Scan using sbtest4_pkey on sbtest4  (cost=0.43..43.42 rows=10 width=4)
	        Index Cond: ((id >= 9215783) AND (id <= 9215792))

table 5 : explain SELECT SUM(k) FROM sbtest5 WHERE id BETWEEN 7640344 AND 7640353
	Aggregate  (cost=47.59..47.60 rows=1 width=8)
	  ->  Index Scan using sbtest5_pkey on sbtest5  (cost=0.43..47.57 rows=11 width=4)
	        Index Cond: ((id >= 7640344) AND (id <= 7640353))

table 6 : explain SELECT SUM(k) FROM sbtest6 WHERE id BETWEEN 6680712 AND 6680721
	Aggregate  (cost=43.65..43.66 rows=1 width=8)
	  ->  Index Scan using sbtest6_pkey on sbtest6  (cost=0.43..43.62 rows=10 width=4)
	        Index Cond: ((id >= 6680712) AND (id <= 6680721))

table 7 : explain SELECT SUM(k) FROM sbtest7 WHERE id BETWEEN 3419204 AND 3419213
	Aggregate  (cost=43.56..43.57 rows=1 width=8)
	  ->  Index Scan using sbtest7_pkey on sbtest7  (cost=0.43..43.54 rows=10 width=4)
	        Index Cond: ((id >= 3419204) AND (id <= 3419213))

table 8 : explain SELECT SUM(k) FROM sbtest8 WHERE id BETWEEN 6030624 AND 6030633
	Aggregate  (cost=43.60..43.61 rows=1 width=8)
	  ->  Index Scan using sbtest8_pkey on sbtest8  (cost=0.43..43.58 rows=10 width=4)
	        Index Cond: ((id >= 6030624) AND (id <= 6030633))

for: order_ranges
table 1 : explain SELECT c FROM sbtest1 WHERE id BETWEEN 6484195 AND 6484204 ORDER BY c
	Sort  (cost=39.95..39.97 rows=9 width=121)
	  Sort Key: c
	  ->  Index Scan using sbtest1_pkey on sbtest1  (cost=0.43..39.80 rows=9 width=121)
	        Index Cond: ((id >= 6484195) AND (id <= 6484204))

table 2 : explain SELECT c FROM sbtest2 WHERE id BETWEEN 845858 AND 845867 ORDER BY c
	Sort  (cost=39.96..39.98 rows=9 width=121)
	  Sort Key: c
	  ->  Index Scan using sbtest2_pkey on sbtest2  (cost=0.43..39.81 rows=9 width=121)
	        Index Cond: ((id >= 845858) AND (id <= 845867))

table 3 : explain SELECT c FROM sbtest3 WHERE id BETWEEN 1062482 AND 1062491 ORDER BY c
	Sort  (cost=47.70..47.73 rows=11 width=121)
	  Sort Key: c
	  ->  Index Scan using sbtest3_pkey on sbtest3  (cost=0.43..47.51 rows=11 width=121)
	        Index Cond: ((id >= 1062482) AND (id <= 1062491))

table 4 : explain SELECT c FROM sbtest4 WHERE id BETWEEN 1509555 AND 1509564 ORDER BY c
	Sort  (cost=39.68..39.70 rows=9 width=121)
	  Sort Key: c
	  ->  Index Scan using sbtest4_pkey on sbtest4  (cost=0.43..39.53 rows=9 width=121)
	        Index Cond: ((id >= 1509555) AND (id <= 1509564))

table 5 : explain SELECT c FROM sbtest5 WHERE id BETWEEN 2346035 AND 2346044 ORDER BY c
	Sort  (cost=43.82..43.85 rows=10 width=121)
	  Sort Key: c
	  ->  Index Scan using sbtest5_pkey on sbtest5  (cost=0.43..43.66 rows=10 width=121)
	        Index Cond: ((id >= 2346035) AND (id <= 2346044))

table 6 : explain SELECT c FROM sbtest6 WHERE id BETWEEN 1544869 AND 1544878 ORDER BY c
	Sort  (cost=43.79..43.81 rows=10 width=121)
	  Sort Key: c
	  ->  Index Scan using sbtest6_pkey on sbtest6  (cost=0.43..43.62 rows=10 width=121)
	        Index Cond: ((id >= 1544869) AND (id <= 1544878))

table 7 : explain SELECT c FROM sbtest7 WHERE id BETWEEN 2552817 AND 2552826 ORDER BY c
	Sort  (cost=43.70..43.73 rows=10 width=121)
	  Sort Key: c
	  ->  Index Scan using sbtest7_pkey on sbtest7  (cost=0.43..43.54 rows=10 width=121)
	        Index Cond: ((id >= 2552817) AND (id <= 2552826))

table 8 : explain SELECT c FROM sbtest8 WHERE id BETWEEN 5506840 AND 5506849 ORDER BY c
	Sort  (cost=39.82..39.84 rows=9 width=121)
	  Sort Key: c
	  ->  Index Scan using sbtest8_pkey on sbtest8  (cost=0.43..39.68 rows=9 width=121)
	        Index Cond: ((id >= 5506840) AND (id <= 5506849))

for: order_ranges
table 1 : explain SELECT c FROM sbtest1 WHERE id BETWEEN 1150802 AND 1150811 ORDER BY c
	Sort  (cost=43.89..43.91 rows=10 width=121)
	  Sort Key: c
	  ->  Index Scan using sbtest1_pkey on sbtest1  (cost=0.43..43.72 rows=10 width=121)
	        Index Cond: ((id >= 1150802) AND (id <= 1150811))

table 2 : explain SELECT c FROM sbtest2 WHERE id BETWEEN 6686533 AND 6686542 ORDER BY c
	Sort  (cost=43.90..43.92 rows=10 width=121)
	  Sort Key: c
	  ->  Index Scan using sbtest2_pkey on sbtest2  (cost=0.43..43.73 rows=10 width=121)
	        Index Cond: ((id >= 6686533) AND (id <= 6686542))

table 3 : explain SELECT c FROM sbtest3 WHERE id BETWEEN 2404717 AND 2404726 ORDER BY c
	Sort  (cost=43.77..43.80 rows=10 width=121)
	  Sort Key: c
	  ->  Index Scan using sbtest3_pkey on sbtest3  (cost=0.43..43.61 rows=10 width=121)
	        Index Cond: ((id >= 2404717) AND (id <= 2404726))

table 4 : explain SELECT c FROM sbtest4 WHERE id BETWEEN 6305920 AND 6305929 ORDER BY c
	Sort  (cost=43.59..43.61 rows=10 width=121)
	  Sort Key: c
	  ->  Index Scan using sbtest4_pkey on sbtest4  (cost=0.43..43.42 rows=10 width=121)
	        Index Cond: ((id >= 6305920) AND (id <= 6305929))

table 5 : explain SELECT c FROM sbtest5 WHERE id BETWEEN 2044359 AND 2044368 ORDER BY c
	Sort  (cost=43.82..43.85 rows=10 width=121)
	  Sort Key: c
	  ->  Index Scan using sbtest5_pkey on sbtest5  (cost=0.43..43.66 rows=10 width=121)
	        Index Cond: ((id >= 2044359) AND (id <= 2044368))

table 6 : explain SELECT c FROM sbtest6 WHERE id BETWEEN 5642208 AND 5642217 ORDER BY c
	Sort  (cost=43.79..43.81 rows=10 width=121)
	  Sort Key: c
	  ->  Index Scan using sbtest6_pkey on sbtest6  (cost=0.43..43.62 rows=10 width=121)
	        Index Cond: ((id >= 5642208) AND (id <= 5642217))

table 7 : explain SELECT c FROM sbtest7 WHERE id BETWEEN 7107393 AND 7107402 ORDER BY c
	Sort  (cost=43.70..43.73 rows=10 width=121)
	  Sort Key: c
	  ->  Index Scan using sbtest7_pkey on sbtest7  (cost=0.43..43.54 rows=10 width=121)
	        Index Cond: ((id >= 7107393) AND (id <= 7107402))

table 8 : explain SELECT c FROM sbtest8 WHERE id BETWEEN 1439075 AND 1439084 ORDER BY c
	Sort  (cost=43.74..43.77 rows=10 width=121)
	  Sort Key: c
	  ->  Index Scan using sbtest8_pkey on sbtest8  (cost=0.43..43.58 rows=10 width=121)
	        Index Cond: ((id >= 1439075) AND (id <= 1439084))

for: sum_ranges
table 1 : explain SELECT SUM(k) FROM sbtest1 WHERE id BETWEEN 401197 AND 401206
	Aggregate  (cost=47.67..47.68 rows=1 width=8)
	  ->  Index Scan using sbtest1_pkey on sbtest1  (cost=0.43..47.64 rows=11 width=4)
	        Index Cond: ((id >= 401197) AND (id <= 401206))

table 2 : explain SELECT SUM(k) FROM sbtest2 WHERE id BETWEEN 2647946 AND 2647955
	Aggregate  (cost=43.76..43.77 rows=1 width=8)
	  ->  Index Scan using sbtest2_pkey on sbtest2  (cost=0.43..43.73 rows=10 width=4)
	        Index Cond: ((id >= 2647946) AND (id <= 2647955))

table 3 : explain SELECT SUM(k) FROM sbtest3 WHERE id BETWEEN 2611338 AND 2611347
	Aggregate  (cost=43.63..43.64 rows=1 width=8)
	  ->  Index Scan using sbtest3_pkey on sbtest3  (cost=0.43..43.61 rows=10 width=4)
	        Index Cond: ((id >= 2611338) AND (id <= 2611347))

table 4 : explain SELECT SUM(k) FROM sbtest4 WHERE id BETWEEN 4055669 AND 4055678
	Aggregate  (cost=43.44..43.45 rows=1 width=8)
	  ->  Index Scan using sbtest4_pkey on sbtest4  (cost=0.43..43.42 rows=10 width=4)
	        Index Cond: ((id >= 4055669) AND (id <= 4055678))

table 5 : explain SELECT SUM(k) FROM sbtest5 WHERE id BETWEEN 2691333 AND 2691342
	Aggregate  (cost=43.68..43.69 rows=1 width=8)
	  ->  Index Scan using sbtest5_pkey on sbtest5  (cost=0.43..43.66 rows=10 width=4)
	        Index Cond: ((id >= 2691333) AND (id <= 2691342))

table 6 : explain SELECT SUM(k) FROM sbtest6 WHERE id BETWEEN 7488415 AND 7488424
	Aggregate  (cost=47.56..47.57 rows=1 width=8)
	  ->  Index Scan using sbtest6_pkey on sbtest6  (cost=0.43..47.53 rows=11 width=4)
	        Index Cond: ((id >= 7488415) AND (id <= 7488424))

table 7 : explain SELECT SUM(k) FROM sbtest7 WHERE id BETWEEN 4554812 AND 4554821
	Aggregate  (cost=43.56..43.57 rows=1 width=8)
	  ->  Index Scan using sbtest7_pkey on sbtest7  (cost=0.43..43.54 rows=10 width=4)
	        Index Cond: ((id >= 4554812) AND (id <= 4554821))

table 8 : explain SELECT SUM(k) FROM sbtest8 WHERE id BETWEEN 2587256 AND 2587265
	Aggregate  (cost=43.60..43.61 rows=1 width=8)
	  ->  Index Scan using sbtest8_pkey on sbtest8  (cost=0.43..43.58 rows=10 width=4)
	        Index Cond: ((id >= 2587256) AND (id <= 2587265))

for: sum_ranges
table 1 : explain SELECT SUM(k) FROM sbtest1 WHERE id BETWEEN 4486982 AND 4486991
	Aggregate  (cost=43.75..43.76 rows=1 width=8)
	  ->  Index Scan using sbtest1_pkey on sbtest1  (cost=0.43..43.72 rows=10 width=4)
	        Index Cond: ((id >= 4486982) AND (id <= 4486991))

table 2 : explain SELECT SUM(k) FROM sbtest2 WHERE id BETWEEN 9224392 AND 9224401
	Aggregate  (cost=39.84..39.85 rows=1 width=8)
	  ->  Index Scan using sbtest2_pkey on sbtest2  (cost=0.43..39.81 rows=9 width=4)
	        Index Cond: ((id >= 9224392) AND (id <= 9224401))

table 3 : explain SELECT SUM(k) FROM sbtest3 WHERE id BETWEEN 1739397 AND 1739406
	Aggregate  (cost=47.54..47.55 rows=1 width=8)
	  ->  Index Scan using sbtest3_pkey on sbtest3  (cost=0.43..47.51 rows=11 width=4)
	        Index Cond: ((id >= 1739397) AND (id <= 1739406))

table 4 : explain SELECT SUM(k) FROM sbtest4 WHERE id BETWEEN 301438 AND 301447
	Aggregate  (cost=43.44..43.45 rows=1 width=8)
	  ->  Index Scan using sbtest4_pkey on sbtest4  (cost=0.43..43.42 rows=10 width=4)
	        Index Cond: ((id >= 301438) AND (id <= 301447))

table 5 : explain SELECT SUM(k) FROM sbtest5 WHERE id BETWEEN 5716242 AND 5716251
	Aggregate  (cost=47.59..47.60 rows=1 width=8)
	  ->  Index Scan using sbtest5_pkey on sbtest5  (cost=0.43..47.57 rows=11 width=4)
	        Index Cond: ((id >= 5716242) AND (id <= 5716251))

table 6 : explain SELECT SUM(k) FROM sbtest6 WHERE id BETWEEN 7643942 AND 7643951
	Aggregate  (cost=43.65..43.66 rows=1 width=8)
	  ->  Index Scan using sbtest6_pkey on sbtest6  (cost=0.43..43.62 rows=10 width=4)
	        Index Cond: ((id >= 7643942) AND (id <= 7643951))

table 7 : explain SELECT SUM(k) FROM sbtest7 WHERE id BETWEEN 6879472 AND 6879481
	Aggregate  (cost=43.56..43.57 rows=1 width=8)
	  ->  Index Scan using sbtest7_pkey on sbtest7  (cost=0.43..43.54 rows=10 width=4)
	        Index Cond: ((id >= 6879472) AND (id <= 6879481))

table 8 : explain SELECT SUM(k) FROM sbtest8 WHERE id BETWEEN 2657381 AND 2657390
	Aggregate  (cost=43.60..43.61 rows=1 width=8)
	  ->  Index Scan using sbtest8_pkey on sbtest8  (cost=0.43..43.58 rows=10 width=4)
	        Index Cond: ((id >= 2657381) AND (id <= 2657390))

for: order_ranges
table 1 : explain SELECT c FROM sbtest1 WHERE id BETWEEN 505891 AND 505900 ORDER BY c
	Sort  (cost=43.89..43.91 rows=10 width=121)
	  Sort Key: c
	  ->  Index Scan using sbtest1_pkey on sbtest1  (cost=0.43..43.72 rows=10 width=121)
	        Index Cond: ((id >= 505891) AND (id <= 505900))

table 2 : explain SELECT c FROM sbtest2 WHERE id BETWEEN 6566726 AND 6566735 ORDER BY c
	Sort  (cost=43.90..43.92 rows=10 width=121)
	  Sort Key: c
	  ->  Index Scan using sbtest2_pkey on sbtest2  (cost=0.43..43.73 rows=10 width=121)
	        Index Cond: ((id >= 6566726) AND (id <= 6566735))

table 3 : explain SELECT c FROM sbtest3 WHERE id BETWEEN 3304103 AND 3304112 ORDER BY c
	Sort  (cost=43.77..43.80 rows=10 width=121)
	  Sort Key: c
	  ->  Index Scan using sbtest3_pkey on sbtest3  (cost=0.43..43.61 rows=10 width=121)
	        Index Cond: ((id >= 3304103) AND (id <= 3304112))

table 4 : explain SELECT c FROM sbtest4 WHERE id BETWEEN 2172639 AND 2172648 ORDER BY c
	Sort  (cost=39.68..39.70 rows=9 width=121)
	  Sort Key: c
	  ->  Index Scan using sbtest4_pkey on sbtest4  (cost=0.43..39.53 rows=9 width=121)
	        Index Cond: ((id >= 2172639) AND (id <= 2172648))

table 5 : explain SELECT c FROM sbtest5 WHERE id BETWEEN 1661789 AND 1661798 ORDER BY c
	Sort  (cost=43.82..43.85 rows=10 width=121)
	  Sort Key: c
	  ->  Index Scan using sbtest5_pkey on sbtest5  (cost=0.43..43.66 rows=10 width=121)
	        Index Cond: ((id >= 1661789) AND (id <= 1661798))

table 6 : explain SELECT c FROM sbtest6 WHERE id BETWEEN 3466640 AND 3466649 ORDER BY c
	Sort  (cost=43.79..43.81 rows=10 width=121)
	  Sort Key: c
	  ->  Index Scan using sbtest6_pkey on sbtest6  (cost=0.43..43.62 rows=10 width=121)
	        Index Cond: ((id >= 3466640) AND (id <= 3466649))

table 7 : explain SELECT c FROM sbtest7 WHERE id BETWEEN 4902965 AND 4902974 ORDER BY c
	Sort  (cost=43.70..43.73 rows=10 width=121)
	  Sort Key: c
	  ->  Index Scan using sbtest7_pkey on sbtest7  (cost=0.43..43.54 rows=10 width=121)
	        Index Cond: ((id >= 4902965) AND (id <= 4902974))

table 8 : explain SELECT c FROM sbtest8 WHERE id BETWEEN 3707553 AND 3707562 ORDER BY c
	Sort  (cost=39.82..39.84 rows=9 width=121)
	  Sort Key: c
	  ->  Index Scan using sbtest8_pkey on sbtest8  (cost=0.43..39.68 rows=9 width=121)
	        Index Cond: ((id >= 3707553) AND (id <= 3707562))

for: sum_ranges
table 1 : explain SELECT SUM(k) FROM sbtest1 WHERE id BETWEEN 6453290 AND 6453299
	Aggregate  (cost=43.75..43.76 rows=1 width=8)
	  ->  Index Scan using sbtest1_pkey on sbtest1  (cost=0.43..43.72 rows=10 width=4)
	        Index Cond: ((id >= 6453290) AND (id <= 6453299))

table 2 : explain SELECT SUM(k) FROM sbtest2 WHERE id BETWEEN 4173376 AND 4173385
	Aggregate  (cost=43.76..43.77 rows=1 width=8)
	  ->  Index Scan using sbtest2_pkey on sbtest2  (cost=0.43..43.73 rows=10 width=4)
	        Index Cond: ((id >= 4173376) AND (id <= 4173385))

table 3 : explain SELECT SUM(k) FROM sbtest3 WHERE id BETWEEN 6074130 AND 6074139
	Aggregate  (cost=43.63..43.64 rows=1 width=8)
	  ->  Index Scan using sbtest3_pkey on sbtest3  (cost=0.43..43.61 rows=10 width=4)
	        Index Cond: ((id >= 6074130) AND (id <= 6074139))

table 4 : explain SELECT SUM(k) FROM sbtest4 WHERE id BETWEEN 3406673 AND 3406682
	Aggregate  (cost=43.44..43.45 rows=1 width=8)
	  ->  Index Scan using sbtest4_pkey on sbtest4  (cost=0.43..43.42 rows=10 width=4)
	        Index Cond: ((id >= 3406673) AND (id <= 3406682))

table 5 : explain SELECT SUM(k) FROM sbtest5 WHERE id BETWEEN 557501 AND 557510
	Aggregate  (cost=39.77..39.78 rows=1 width=8)
	  ->  Index Scan using sbtest5_pkey on sbtest5  (cost=0.43..39.74 rows=9 width=4)
	        Index Cond: ((id >= 557501) AND (id <= 557510))

table 6 : explain SELECT SUM(k) FROM sbtest6 WHERE id BETWEEN 4092467 AND 4092476
	Aggregate  (cost=43.65..43.66 rows=1 width=8)
	  ->  Index Scan using sbtest6_pkey on sbtest6  (cost=0.43..43.62 rows=10 width=4)
	        Index Cond: ((id >= 4092467) AND (id <= 4092476))

table 7 : explain SELECT SUM(k) FROM sbtest7 WHERE id BETWEEN 774239 AND 774248
	Aggregate  (cost=43.56..43.57 rows=1 width=8)
	  ->  Index Scan using sbtest7_pkey on sbtest7  (cost=0.43..43.54 rows=10 width=4)
	        Index Cond: ((id >= 774239) AND (id <= 774248))

table 8 : explain SELECT SUM(k) FROM sbtest8 WHERE id BETWEEN 2666444 AND 2666453
	Aggregate  (cost=43.60..43.61 rows=1 width=8)
	  ->  Index Scan using sbtest8_pkey on sbtest8  (cost=0.43..43.58 rows=10 width=4)
	        Index Cond: ((id >= 2666444) AND (id <= 2666453))
for: order_ranges
table 1 : explain SELECT c FROM sbtest1 WHERE id BETWEEN 2442617 AND 2442626 ORDER BY c
	Sort  (cost=43.89..43.91 rows=10 width=121)
	  Sort Key: c
	  ->  Index Scan using sbtest1_pkey on sbtest1  (cost=0.43..43.72 rows=10 width=121)
	        Index Cond: ((id >= 2442617) AND (id <= 2442626))

table 2 : explain SELECT c FROM sbtest2 WHERE id BETWEEN 4554095 AND 4554104 ORDER BY c
	Sort  (cost=43.90..43.92 rows=10 width=121)
	  Sort Key: c
	  ->  Index Scan using sbtest2_pkey on sbtest2  (cost=0.43..43.73 rows=10 width=121)
	        Index Cond: ((id >= 4554095) AND (id <= 4554104))

table 3 : explain SELECT c FROM sbtest3 WHERE id BETWEEN 1394746 AND 1394755 ORDER BY c
	Sort  (cost=39.84..39.87 rows=9 width=121)
	  Sort Key: c
	  ->  Index Scan using sbtest3_pkey on sbtest3  (cost=0.43..39.70 rows=9 width=121)
	        Index Cond: ((id >= 1394746) AND (id <= 1394755))

table 4 : explain SELECT c FROM sbtest4 WHERE id BETWEEN 8306147 AND 8306156 ORDER BY c
	Sort  (cost=39.68..39.70 rows=9 width=121)
	  Sort Key: c
	  ->  Index Scan using sbtest4_pkey on sbtest4  (cost=0.43..39.53 rows=9 width=121)
	        Index Cond: ((id >= 8306147) AND (id <= 8306156))

table 5 : explain SELECT c FROM sbtest5 WHERE id BETWEEN 4086449 AND 4086458 ORDER BY c
	Sort  (cost=47.76..47.78 rows=11 width=121)
	  Sort Key: c
	  ->  Index Scan using sbtest5_pkey on sbtest5  (cost=0.43..47.57 rows=11 width=121)
	        Index Cond: ((id >= 4086449) AND (id <= 4086458))

table 6 : explain SELECT c FROM sbtest6 WHERE id BETWEEN 1108179 AND 1108188 ORDER BY c
	Sort  (cost=39.86..39.88 rows=9 width=121)
	  Sort Key: c
	  ->  Index Scan using sbtest6_pkey on sbtest6  (cost=0.43..39.71 rows=9 width=121)
	        Index Cond: ((id >= 1108179) AND (id <= 1108188))

table 7 : explain SELECT c FROM sbtest7 WHERE id BETWEEN 762946 AND 762955 ORDER BY c
	Sort  (cost=43.70..43.73 rows=10 width=121)
	  Sort Key: c
	  ->  Index Scan using sbtest7_pkey on sbtest7  (cost=0.43..43.54 rows=10 width=121)
	        Index Cond: ((id >= 762946) AND (id <= 762955))

table 8 : explain SELECT c FROM sbtest8 WHERE id BETWEEN 1876705 AND 1876714 ORDER BY c
	Sort  (cost=43.74..43.77 rows=10 width=121)
	  Sort Key: c
	  ->  Index Scan using sbtest8_pkey on sbtest8  (cost=0.43..43.58 rows=10 width=121)
	        Index Cond: ((id >= 1876705) AND (id <= 1876714))


for: sum_ranges
table 1 : explain SELECT SUM(k) FROM sbtest1 WHERE id BETWEEN 5418160 AND 5418169
	Aggregate  (cost=47.67..47.68 rows=1 width=8)
	  ->  Index Scan using sbtest1_pkey on sbtest1  (cost=0.43..47.64 rows=11 width=4)
	        Index Cond: ((id >= 5418160) AND (id <= 5418169))

table 2 : explain SELECT SUM(k) FROM sbtest2 WHERE id BETWEEN 3767366 AND 3767375
	Aggregate  (cost=43.76..43.77 rows=1 width=8)
	  ->  Index Scan using sbtest2_pkey on sbtest2  (cost=0.43..43.73 rows=10 width=4)
	        Index Cond: ((id >= 3767366) AND (id <= 3767375))

table 3 : explain SELECT SUM(k) FROM sbtest3 WHERE id BETWEEN 4791037 AND 4791046
	Aggregate  (cost=39.72..39.73 rows=1 width=8)
	  ->  Index Scan using sbtest3_pkey on sbtest3  (cost=0.43..39.70 rows=9 width=4)
	        Index Cond: ((id >= 4791037) AND (id <= 4791046))

table 4 : explain SELECT SUM(k) FROM sbtest4 WHERE id BETWEEN 1539113 AND 1539122
	Aggregate  (cost=39.56..39.57 rows=1 width=8)
	  ->  Index Scan using sbtest4_pkey on sbtest4  (cost=0.43..39.53 rows=9 width=4)
	        Index Cond: ((id >= 1539113) AND (id <= 1539122))

table 5 : explain SELECT SUM(k) FROM sbtest5 WHERE id BETWEEN 6046856 AND 6046865
	Aggregate  (cost=43.68..43.69 rows=1 width=8)
	  ->  Index Scan using sbtest5_pkey on sbtest5  (cost=0.43..43.66 rows=10 width=4)
	        Index Cond: ((id >= 6046856) AND (id <= 6046865))

table 6 : explain SELECT SUM(k) FROM sbtest6 WHERE id BETWEEN 5247309 AND 5247318
	Aggregate  (cost=47.56..47.57 rows=1 width=8)
	  ->  Index Scan using sbtest6_pkey on sbtest6  (cost=0.43..47.53 rows=11 width=4)
	        Index Cond: ((id >= 5247309) AND (id <= 5247318))

table 7 : explain SELECT SUM(k) FROM sbtest7 WHERE id BETWEEN 4755422 AND 4755431
	Aggregate  (cost=43.56..43.57 rows=1 width=8)
	  ->  Index Scan using sbtest7_pkey on sbtest7  (cost=0.43..43.54 rows=10 width=4)
	        Index Cond: ((id >= 4755422) AND (id <= 4755431))

table 8 : explain SELECT SUM(k) FROM sbtest8 WHERE id BETWEEN 1627024 AND 1627033
	Aggregate  (cost=39.70..39.71 rows=1 width=8)
	  ->  Index Scan using sbtest8_pkey on sbtest8  (cost=0.43..39.68 rows=9 width=4)
	        Index Cond: ((id >= 1627024) AND (id <= 1627033))

for: order_ranges
table 1 : explain SELECT c FROM sbtest1 WHERE id BETWEEN 5971786 AND 5971795 ORDER BY c
	Sort  (cost=43.89..43.91 rows=10 width=121)
	  Sort Key: c
	  ->  Index Scan using sbtest1_pkey on sbtest1  (cost=0.43..43.72 rows=10 width=121)
	        Index Cond: ((id >= 5971786) AND (id <= 5971795))

table 2 : explain SELECT c FROM sbtest2 WHERE id BETWEEN 4652918 AND 4652927 ORDER BY c
	Sort  (cost=43.90..43.92 rows=10 width=121)
	  Sort Key: c
	  ->  Index Scan using sbtest2_pkey on sbtest2  (cost=0.43..43.73 rows=10 width=121)
	        Index Cond: ((id >= 4652918) AND (id <= 4652927))

table 3 : explain SELECT c FROM sbtest3 WHERE id BETWEEN 5903268 AND 5903277 ORDER BY c
	Sort  (cost=43.77..43.80 rows=10 width=121)
	  Sort Key: c
	  ->  Index Scan using sbtest3_pkey on sbtest3  (cost=0.43..43.61 rows=10 width=121)
	        Index Cond: ((id >= 5903268) AND (id <= 5903277))

table 4 : explain SELECT c FROM sbtest4 WHERE id BETWEEN 7293416 AND 7293425 ORDER BY c
	Sort  (cost=47.49..47.52 rows=11 width=121)
	  Sort Key: c
	  ->  Index Scan using sbtest4_pkey on sbtest4  (cost=0.43..47.30 rows=11 width=121)
	        Index Cond: ((id >= 7293416) AND (id <= 7293425))

table 5 : explain SELECT c FROM sbtest5 WHERE id BETWEEN 242302 AND 242311 ORDER BY c
	Sort  (cost=47.76..47.78 rows=11 width=121)
	  Sort Key: c
	  ->  Index Scan using sbtest5_pkey on sbtest5  (cost=0.43..47.57 rows=11 width=121)
	        Index Cond: ((id >= 242302) AND (id <= 242311))

table 6 : explain SELECT c FROM sbtest6 WHERE id BETWEEN 6731428 AND 6731437 ORDER BY c
	Sort  (cost=43.79..43.81 rows=10 width=121)
	  Sort Key: c
	  ->  Index Scan using sbtest6_pkey on sbtest6  (cost=0.43..43.62 rows=10 width=121)
	        Index Cond: ((id >= 6731428) AND (id <= 6731437))

table 7 : explain SELECT c FROM sbtest7 WHERE id BETWEEN 6395616 AND 6395625 ORDER BY c
	Sort  (cost=43.70..43.73 rows=10 width=121)
	  Sort Key: c
	  ->  Index Scan using sbtest7_pkey on sbtest7  (cost=0.43..43.54 rows=10 width=121)
	        Index Cond: ((id >= 6395616) AND (id <= 6395625))

table 8 : explain SELECT c FROM sbtest8 WHERE id BETWEEN 8862643 AND 8862652 ORDER BY c
	Sort  (cost=47.67..47.70 rows=11 width=121)
	  Sort Key: c
	  ->  Index Scan using sbtest8_pkey on sbtest8  (cost=0.43..47.48 rows=11 width=121)
	        Index Cond: ((id >= 8862643) AND (id <= 8862652))
for: sum_ranges
table 1 : explain SELECT SUM(k) FROM sbtest1 WHERE id BETWEEN 8660853 AND 8660862
	Aggregate  (cost=43.75..43.76 rows=1 width=8)
	  ->  Index Scan using sbtest1_pkey on sbtest1  (cost=0.43..43.72 rows=10 width=4)
	        Index Cond: ((id >= 8660853) AND (id <= 8660862))

table 2 : explain SELECT SUM(k) FROM sbtest2 WHERE id BETWEEN 4024186 AND 4024195
	Aggregate  (cost=43.76..43.77 rows=1 width=8)
	  ->  Index Scan using sbtest2_pkey on sbtest2  (cost=0.43..43.73 rows=10 width=4)
	        Index Cond: ((id >= 4024186) AND (id <= 4024195))

table 3 : explain SELECT SUM(k) FROM sbtest3 WHERE id BETWEEN 9536268 AND 9536277
	Aggregate  (cost=43.63..43.64 rows=1 width=8)
	  ->  Index Scan using sbtest3_pkey on sbtest3  (cost=0.43..43.61 rows=10 width=4)
	        Index Cond: ((id >= 9536268) AND (id <= 9536277))

table 4 : explain SELECT SUM(k) FROM sbtest4 WHERE id BETWEEN 5587985 AND 5587994
	Aggregate  (cost=43.44..43.45 rows=1 width=8)
	  ->  Index Scan using sbtest4_pkey on sbtest4  (cost=0.43..43.42 rows=10 width=4)
	        Index Cond: ((id >= 5587985) AND (id <= 5587994))

table 5 : explain SELECT SUM(k) FROM sbtest5 WHERE id BETWEEN 6481997 AND 6482006
	Aggregate  (cost=43.68..43.69 rows=1 width=8)
	  ->  Index Scan using sbtest5_pkey on sbtest5  (cost=0.43..43.66 rows=10 width=4)
	        Index Cond: ((id >= 6481997) AND (id <= 6482006))

table 6 : explain SELECT SUM(k) FROM sbtest6 WHERE id BETWEEN 4620531 AND 4620540
	Aggregate  (cost=39.74..39.75 rows=1 width=8)
	  ->  Index Scan using sbtest6_pkey on sbtest6  (cost=0.43..39.71 rows=9 width=4)
	        Index Cond: ((id >= 4620531) AND (id <= 4620540))

table 7 : explain SELECT SUM(k) FROM sbtest7 WHERE id BETWEEN 4263552 AND 4263561
	Aggregate  (cost=43.56..43.57 rows=1 width=8)
	  ->  Index Scan using sbtest7_pkey on sbtest7  (cost=0.43..43.54 rows=10 width=4)
	        Index Cond: ((id >= 4263552) AND (id <= 4263561))

table 8 : explain SELECT SUM(k) FROM sbtest8 WHERE id BETWEEN 5693869 AND 5693878
	Aggregate  (cost=39.70..39.71 rows=1 width=8)
	  ->  Index Scan using sbtest8_pkey on sbtest8  (cost=0.43..39.68 rows=9 width=4)
	        Index Cond: ((id >= 5693869) AND (id <= 5693878))


for: order_ranges
table 1 : explain SELECT c FROM sbtest1 WHERE id BETWEEN 2452523 AND 2452532 ORDER BY c
	Sort  (cost=43.89..43.91 rows=10 width=121)
	  Sort Key: c
	  ->  Index Scan using sbtest1_pkey on sbtest1  (cost=0.43..43.72 rows=10 width=121)
	        Index Cond: ((id >= 2452523) AND (id <= 2452532))

table 2 : explain SELECT c FROM sbtest2 WHERE id BETWEEN 8480301 AND 8480310 ORDER BY c
	Sort  (cost=39.96..39.98 rows=9 width=121)
	  Sort Key: c
	  ->  Index Scan using sbtest2_pkey on sbtest2  (cost=0.43..39.81 rows=9 width=121)
	        Index Cond: ((id >= 8480301) AND (id <= 8480310))

table 3 : explain SELECT c FROM sbtest3 WHERE id BETWEEN 8337974 AND 8337983 ORDER BY c
	Sort  (cost=43.77..43.80 rows=10 width=121)
	  Sort Key: c
	  ->  Index Scan using sbtest3_pkey on sbtest3  (cost=0.43..43.61 rows=10 width=121)
	        Index Cond: ((id >= 8337974) AND (id <= 8337983))

table 4 : explain SELECT c FROM sbtest4 WHERE id BETWEEN 6037404 AND 6037413 ORDER BY c
	Sort  (cost=43.59..43.61 rows=10 width=121)
	  Sort Key: c
	  ->  Index Scan using sbtest4_pkey on sbtest4  (cost=0.43..43.42 rows=10 width=121)
	        Index Cond: ((id >= 6037404) AND (id <= 6037413))

table 5 : explain SELECT c FROM sbtest5 WHERE id BETWEEN 6233562 AND 6233571 ORDER BY c
	Sort  (cost=47.76..47.78 rows=11 width=121)
	  Sort Key: c
	  ->  Index Scan using sbtest5_pkey on sbtest5  (cost=0.43..47.57 rows=11 width=121)
	        Index Cond: ((id >= 6233562) AND (id <= 6233571))

table 6 : explain SELECT c FROM sbtest6 WHERE id BETWEEN 7422842 AND 7422851 ORDER BY c
	Sort  (cost=43.79..43.81 rows=10 width=121)
	  Sort Key: c
	  ->  Index Scan using sbtest6_pkey on sbtest6  (cost=0.43..43.62 rows=10 width=121)
	        Index Cond: ((id >= 7422842) AND (id <= 7422851))

table 7 : explain SELECT c FROM sbtest7 WHERE id BETWEEN 9158069 AND 9158078 ORDER BY c
	Sort  (cost=43.70..43.73 rows=10 width=121)
	  Sort Key: c
	  ->  Index Scan using sbtest7_pkey on sbtest7  (cost=0.43..43.54 rows=10 width=121)
	        Index Cond: ((id >= 9158069) AND (id <= 9158078))

table 8 : explain SELECT c FROM sbtest8 WHERE id BETWEEN 2478310 AND 2478319 ORDER BY c
	Sort  (cost=39.82..39.84 rows=9 width=121)
	  Sort Key: c
	  ->  Index Scan using sbtest8_pkey on sbtest8  (cost=0.43..39.68 rows=9 width=121)
	        Index Cond: ((id >= 2478310) AND (id <= 2478319))

for: order_ranges
table 1 : explain SELECT c FROM sbtest1 WHERE id BETWEEN 5016401 AND 5016410 ORDER BY c
	Sort  (cost=43.89..43.91 rows=10 width=121)
	  Sort Key: c
	  ->  Index Scan using sbtest1_pkey on sbtest1  (cost=0.43..43.72 rows=10 width=121)
	        Index Cond: ((id >= 5016401) AND (id <= 5016410))

table 2 : explain SELECT c FROM sbtest2 WHERE id BETWEEN 6192964 AND 6192973 ORDER BY c
	Sort  (cost=43.90..43.92 rows=10 width=121)
	  Sort Key: c
	  ->  Index Scan using sbtest2_pkey on sbtest2  (cost=0.43..43.73 rows=10 width=121)
	        Index Cond: ((id >= 6192964) AND (id <= 6192973))

table 3 : explain SELECT c FROM sbtest3 WHERE id BETWEEN 222596 AND 222605 ORDER BY c
	Sort  (cost=43.77..43.80 rows=10 width=121)
	  Sort Key: c
	  ->  Index Scan using sbtest3_pkey on sbtest3  (cost=0.43..43.61 rows=10 width=121)
	        Index Cond: ((id >= 222596) AND (id <= 222605))

table 4 : explain SELECT c FROM sbtest4 WHERE id BETWEEN 417376 AND 417385 ORDER BY c
	Sort  (cost=43.59..43.61 rows=10 width=121)
	  Sort Key: c
	  ->  Index Scan using sbtest4_pkey on sbtest4  (cost=0.43..43.42 rows=10 width=121)
	        Index Cond: ((id >= 417376) AND (id <= 417385))

table 5 : explain SELECT c FROM sbtest5 WHERE id BETWEEN 7357643 AND 7357652 ORDER BY c
	Sort  (cost=47.76..47.78 rows=11 width=121)
	  Sort Key: c
	  ->  Index Scan using sbtest5_pkey on sbtest5  (cost=0.43..47.57 rows=11 width=121)
	        Index Cond: ((id >= 7357643) AND (id <= 7357652))

table 6 : explain SELECT c FROM sbtest6 WHERE id BETWEEN 2195387 AND 2195396 ORDER BY c
	Sort  (cost=43.79..43.81 rows=10 width=121)
	  Sort Key: c
	  ->  Index Scan using sbtest6_pkey on sbtest6  (cost=0.43..43.62 rows=10 width=121)
	        Index Cond: ((id >= 2195387) AND (id <= 2195396))

table 7 : explain SELECT c FROM sbtest7 WHERE id BETWEEN 7662485 AND 7662494 ORDER BY c
	Sort  (cost=39.78..39.80 rows=9 width=121)
	  Sort Key: c
	  ->  Index Scan using sbtest7_pkey on sbtest7  (cost=0.43..39.64 rows=9 width=121)
	        Index Cond: ((id >= 7662485) AND (id <= 7662494))

table 8 : explain SELECT c FROM sbtest8 WHERE id BETWEEN 6884419 AND 6884428 ORDER BY c
	Sort  (cost=39.82..39.84 rows=9 width=121)
	  Sort Key: c
	  ->  Index Scan using sbtest8_pkey on sbtest8  (cost=0.43..39.68 rows=9 width=121)
	        Index Cond: ((id >= 6884419) AND (id <= 6884428))

for: order_ranges
table 1 : explain SELECT c FROM sbtest1 WHERE id BETWEEN 3692787 AND 3692796 ORDER BY c
	Sort  (cost=43.89..43.91 rows=10 width=121)
	  Sort Key: c
	  ->  Index Scan using sbtest1_pkey on sbtest1  (cost=0.43..43.72 rows=10 width=121)
	        Index Cond: ((id >= 3692787) AND (id <= 3692796))

table 2 : explain SELECT c FROM sbtest2 WHERE id BETWEEN 7586995 AND 7587004 ORDER BY c
	Sort  (cost=47.84..47.87 rows=11 width=121)
	  Sort Key: c
	  ->  Index Scan using sbtest2_pkey on sbtest2  (cost=0.43..47.65 rows=11 width=121)
	        Index Cond: ((id >= 7586995) AND (id <= 7587004))

table 3 : explain SELECT c FROM sbtest3 WHERE id BETWEEN 8753244 AND 8753253 ORDER BY c
	Sort  (cost=39.84..39.87 rows=9 width=121)
	  Sort Key: c
	  ->  Index Scan using sbtest3_pkey on sbtest3  (cost=0.43..39.70 rows=9 width=121)
	        Index Cond: ((id >= 8753244) AND (id <= 8753253))

table 4 : explain SELECT c FROM sbtest4 WHERE id BETWEEN 8435639 AND 8435648 ORDER BY c
	Sort  (cost=47.49..47.52 rows=11 width=121)
	  Sort Key: c
	  ->  Index Scan using sbtest4_pkey on sbtest4  (cost=0.43..47.30 rows=11 width=121)
	        Index Cond: ((id >= 8435639) AND (id <= 8435648))

table 5 : explain SELECT c FROM sbtest5 WHERE id BETWEEN 38746 AND 38755 ORDER BY c
	Sort  (cost=39.89..39.91 rows=9 width=121)
	  Sort Key: c
	  ->  Index Scan using sbtest5_pkey on sbtest5  (cost=0.43..39.74 rows=9 width=121)
	        Index Cond: ((id >= 38746) AND (id <= 38755))

table 6 : explain SELECT c FROM sbtest6 WHERE id BETWEEN 2434524 AND 2434533 ORDER BY c
	Sort  (cost=39.86..39.88 rows=9 width=121)
	  Sort Key: c
	  ->  Index Scan using sbtest6_pkey on sbtest6  (cost=0.43..39.71 rows=9 width=121)
	        Index Cond: ((id >= 2434524) AND (id <= 2434533))

table 7 : explain SELECT c FROM sbtest7 WHERE id BETWEEN 845288 AND 845297 ORDER BY c
	Sort  (cost=43.70..43.73 rows=10 width=121)
	  Sort Key: c
	  ->  Index Scan using sbtest7_pkey on sbtest7  (cost=0.43..43.54 rows=10 width=121)
	        Index Cond: ((id >= 845288) AND (id <= 845297))

table 8 : explain SELECT c FROM sbtest8 WHERE id BETWEEN 2868240 AND 2868249 ORDER BY c
	Sort  (cost=39.82..39.84 rows=9 width=121)
	  Sort Key: c
	  ->  Index Scan using sbtest8_pkey on sbtest8  (cost=0.43..39.68 rows=9 width=121)
	        Index Cond: ((id >= 2868240) AND (id <= 2868249))

for: order_ranges
table 1 : explain SELECT c FROM sbtest1 WHERE id BETWEEN 1376744 AND 1376753 ORDER BY c
	Sort  (cost=43.89..43.91 rows=10 width=121)
	  Sort Key: c
	  ->  Index Scan using sbtest1_pkey on sbtest1  (cost=0.43..43.72 rows=10 width=121)
	        Index Cond: ((id >= 1376744) AND (id <= 1376753))

table 2 : explain SELECT c FROM sbtest2 WHERE id BETWEEN 7324940 AND 7324949 ORDER BY c
	Sort  (cost=47.84..47.87 rows=11 width=121)
	  Sort Key: c
	  ->  Index Scan using sbtest2_pkey on sbtest2  (cost=0.43..47.65 rows=11 width=121)
	        Index Cond: ((id >= 7324940) AND (id <= 7324949))

table 3 : explain SELECT c FROM sbtest3 WHERE id BETWEEN 7875578 AND 7875587 ORDER BY c
	Sort  (cost=43.77..43.80 rows=10 width=121)
	  Sort Key: c
	  ->  Index Scan using sbtest3_pkey on sbtest3  (cost=0.43..43.61 rows=10 width=121)
	        Index Cond: ((id >= 7875578) AND (id <= 7875587))

table 4 : explain SELECT c FROM sbtest4 WHERE id BETWEEN 5339817 AND 5339826 ORDER BY c
	Sort  (cost=43.59..43.61 rows=10 width=121)
	  Sort Key: c
	  ->  Index Scan using sbtest4_pkey on sbtest4  (cost=0.43..43.42 rows=10 width=121)
	        Index Cond: ((id >= 5339817) AND (id <= 5339826))

table 5 : explain SELECT c FROM sbtest5 WHERE id BETWEEN 663251 AND 663260 ORDER BY c
	Sort  (cost=43.82..43.85 rows=10 width=121)
	  Sort Key: c
	  ->  Index Scan using sbtest5_pkey on sbtest5  (cost=0.43..43.66 rows=10 width=121)
	        Index Cond: ((id >= 663251) AND (id <= 663260))

table 6 : explain SELECT c FROM sbtest6 WHERE id BETWEEN 3638130 AND 3638139 ORDER BY c
	Sort  (cost=43.79..43.81 rows=10 width=121)
	  Sort Key: c
	  ->  Index Scan using sbtest6_pkey on sbtest6  (cost=0.43..43.62 rows=10 width=121)
	        Index Cond: ((id >= 3638130) AND (id <= 3638139))

table 7 : explain SELECT c FROM sbtest7 WHERE id BETWEEN 9744564 AND 9744573 ORDER BY c
	Sort  (cost=43.70..43.73 rows=10 width=121)
	  Sort Key: c
	  ->  Index Scan using sbtest7_pkey on sbtest7  (cost=0.43..43.54 rows=10 width=121)
	        Index Cond: ((id >= 9744564) AND (id <= 9744573))

table 8 : explain SELECT c FROM sbtest8 WHERE id BETWEEN 6277587 AND 6277596 ORDER BY c
	Sort  (cost=43.74..43.77 rows=10 width=121)
	  Sort Key: c
	  ->  Index Scan using sbtest8_pkey on sbtest8  (cost=0.43..43.58 rows=10 width=121)
	        Index Cond: ((id >= 6277587) AND (id <= 6277596))

for: sum_ranges
table 1 : explain SELECT SUM(k) FROM sbtest1 WHERE id BETWEEN 2746369 AND 2746378
	Aggregate  (cost=43.75..43.76 rows=1 width=8)
	  ->  Index Scan using sbtest1_pkey on sbtest1  (cost=0.43..43.72 rows=10 width=4)
	        Index Cond: ((id >= 2746369) AND (id <= 2746378))

table 2 : explain SELECT SUM(k) FROM sbtest2 WHERE id BETWEEN 8829052 AND 8829061
	Aggregate  (cost=47.68..47.69 rows=1 width=8)
	  ->  Index Scan using sbtest2_pkey on sbtest2  (cost=0.43..47.65 rows=11 width=4)
	        Index Cond: ((id >= 8829052) AND (id <= 8829061))

table 3 : explain SELECT SUM(k) FROM sbtest3 WHERE id BETWEEN 5294905 AND 5294914
	Aggregate  (cost=39.72..39.73 rows=1 width=8)
	  ->  Index Scan using sbtest3_pkey on sbtest3  (cost=0.43..39.70 rows=9 width=4)
	        Index Cond: ((id >= 5294905) AND (id <= 5294914))

table 4 : explain SELECT SUM(k) FROM sbtest4 WHERE id BETWEEN 7506613 AND 7506622
	Aggregate  (cost=43.44..43.45 rows=1 width=8)
	  ->  Index Scan using sbtest4_pkey on sbtest4  (cost=0.43..43.42 rows=10 width=4)
	        Index Cond: ((id >= 7506613) AND (id <= 7506622))

table 5 : explain SELECT SUM(k) FROM sbtest5 WHERE id BETWEEN 1678954 AND 1678963
	Aggregate  (cost=43.68..43.69 rows=1 width=8)
	  ->  Index Scan using sbtest5_pkey on sbtest5  (cost=0.43..43.66 rows=10 width=4)
	        Index Cond: ((id >= 1678954) AND (id <= 1678963))

table 6 : explain SELECT SUM(k) FROM sbtest6 WHERE id BETWEEN 7812126 AND 7812135
	Aggregate  (cost=43.65..43.66 rows=1 width=8)
	  ->  Index Scan using sbtest6_pkey on sbtest6  (cost=0.43..43.62 rows=10 width=4)
	        Index Cond: ((id >= 7812126) AND (id <= 7812135))

table 7 : explain SELECT SUM(k) FROM sbtest7 WHERE id BETWEEN 885886 AND 885895
	Aggregate  (cost=43.56..43.57 rows=1 width=8)
	  ->  Index Scan using sbtest7_pkey on sbtest7  (cost=0.43..43.54 rows=10 width=4)
	        Index Cond: ((id >= 885886) AND (id <= 885895))

table 8 : explain SELECT SUM(k) FROM sbtest8 WHERE id BETWEEN 7582676 AND 7582685
	Aggregate  (cost=43.60..43.61 rows=1 width=8)
	  ->  Index Scan using sbtest8_pkey on sbtest8  (cost=0.43..43.58 rows=10 width=4)
	        Index Cond: ((id >= 7582676) AND (id <= 7582685))

for: order_ranges
table 1 : explain SELECT c FROM sbtest1 WHERE id BETWEEN 8106146 AND 8106155 ORDER BY c
	Sort  (cost=43.89..43.91 rows=10 width=121)
	  Sort Key: c
	  ->  Index Scan using sbtest1_pkey on sbtest1  (cost=0.43..43.72 rows=10 width=121)
	        Index Cond: ((id >= 8106146) AND (id <= 8106155))

table 2 : explain SELECT c FROM sbtest2 WHERE id BETWEEN 4935167 AND 4935176 ORDER BY c
	Sort  (cost=47.84..47.87 rows=11 width=121)
	  Sort Key: c
	  ->  Index Scan using sbtest2_pkey on sbtest2  (cost=0.43..47.65 rows=11 width=121)
	        Index Cond: ((id >= 4935167) AND (id <= 4935176))

table 3 : explain SELECT c FROM sbtest3 WHERE id BETWEEN 45160 AND 45169 ORDER BY c
	Sort  (cost=43.77..43.80 rows=10 width=121)
	  Sort Key: c
	  ->  Index Scan using sbtest3_pkey on sbtest3  (cost=0.43..43.61 rows=10 width=121)
	        Index Cond: ((id >= 45160) AND (id <= 45169))

table 4 : explain SELECT c FROM sbtest4 WHERE id BETWEEN 2098352 AND 2098361 ORDER BY c
	Sort  (cost=39.68..39.70 rows=9 width=121)
	  Sort Key: c
	  ->  Index Scan using sbtest4_pkey on sbtest4  (cost=0.43..39.53 rows=9 width=121)
	        Index Cond: ((id >= 2098352) AND (id <= 2098361))

table 5 : explain SELECT c FROM sbtest5 WHERE id BETWEEN 9822450 AND 9822459 ORDER BY c
	Sort  (cost=43.82..43.85 rows=10 width=121)
	  Sort Key: c
	  ->  Index Scan using sbtest5_pkey on sbtest5  (cost=0.43..43.66 rows=10 width=121)
	        Index Cond: ((id >= 9822450) AND (id <= 9822459))

table 6 : explain SELECT c FROM sbtest6 WHERE id BETWEEN 7260876 AND 7260885 ORDER BY c
	Sort  (cost=43.79..43.81 rows=10 width=121)
	  Sort Key: c
	  ->  Index Scan using sbtest6_pkey on sbtest6  (cost=0.43..43.62 rows=10 width=121)
	        Index Cond: ((id >= 7260876) AND (id <= 7260885))

table 7 : explain SELECT c FROM sbtest7 WHERE id BETWEEN 9059457 AND 9059466 ORDER BY c
	Sort  (cost=43.70..43.73 rows=10 width=121)
	  Sort Key: c
	  ->  Index Scan using sbtest7_pkey on sbtest7  (cost=0.43..43.54 rows=10 width=121)
	        Index Cond: ((id >= 9059457) AND (id <= 9059466))

table 8 : explain SELECT c FROM sbtest8 WHERE id BETWEEN 4825848 AND 4825857 ORDER BY c
	Sort  (cost=43.74..43.77 rows=10 width=121)
	  Sort Key: c
	  ->  Index Scan using sbtest8_pkey on sbtest8  (cost=0.43..43.58 rows=10 width=121)
	        Index Cond: ((id >= 4825848) AND (id <= 4825857))
for: order_ranges
table 1 : explain SELECT c FROM sbtest1 WHERE id BETWEEN 3999551 AND 3999560 ORDER BY c
	Sort  (cost=47.83..47.86 rows=11 width=121)
	  Sort Key: c
	  ->  Index Scan using sbtest1_pkey on sbtest1  (cost=0.43..47.64 rows=11 width=121)
	        Index Cond: ((id >= 3999551) AND (id <= 3999560))

table 2 : explain SELECT c FROM sbtest2 WHERE id BETWEEN 5768623 AND 5768632 ORDER BY c
	Sort  (cost=43.90..43.92 rows=10 width=121)
	  Sort Key: c
	  ->  Index Scan using sbtest2_pkey on sbtest2  (cost=0.43..43.73 rows=10 width=121)
	        Index Cond: ((id >= 5768623) AND (id <= 5768632))

table 3 : explain SELECT c FROM sbtest3 WHERE id BETWEEN 7828655 AND 7828664 ORDER BY c
	Sort  (cost=43.77..43.80 rows=10 width=121)
	  Sort Key: c
	  ->  Index Scan using sbtest3_pkey on sbtest3  (cost=0.43..43.61 rows=10 width=121)
	        Index Cond: ((id >= 7828655) AND (id <= 7828664))

table 4 : explain SELECT c FROM sbtest4 WHERE id BETWEEN 6057777 AND 6057786 ORDER BY c
	Sort  (cost=43.59..43.61 rows=10 width=121)
	  Sort Key: c
	  ->  Index Scan using sbtest4_pkey on sbtest4  (cost=0.43..43.42 rows=10 width=121)
	        Index Cond: ((id >= 6057777) AND (id <= 6057786))

table 5 : explain SELECT c FROM sbtest5 WHERE id BETWEEN 6968880 AND 6968889 ORDER BY c
	Sort  (cost=43.82..43.85 rows=10 width=121)
	  Sort Key: c
	  ->  Index Scan using sbtest5_pkey on sbtest5  (cost=0.43..43.66 rows=10 width=121)
	        Index Cond: ((id >= 6968880) AND (id <= 6968889))

table 6 : explain SELECT c FROM sbtest6 WHERE id BETWEEN 4567933 AND 4567942 ORDER BY c
	Sort  (cost=43.79..43.81 rows=10 width=121)
	  Sort Key: c
	  ->  Index Scan using sbtest6_pkey on sbtest6  (cost=0.43..43.62 rows=10 width=121)
	        Index Cond: ((id >= 4567933) AND (id <= 4567942))

table 7 : explain SELECT c FROM sbtest7 WHERE id BETWEEN 9089239 AND 9089248 ORDER BY c
	Sort  (cost=43.70..43.73 rows=10 width=121)
	  Sort Key: c
	  ->  Index Scan using sbtest7_pkey on sbtest7  (cost=0.43..43.54 rows=10 width=121)
	        Index Cond: ((id >= 9089239) AND (id <= 9089248))

table 8 : explain SELECT c FROM sbtest8 WHERE id BETWEEN 6679610 AND 6679619 ORDER BY c
	Sort  (cost=43.74..43.77 rows=10 width=121)
	  Sort Key: c
	  ->  Index Scan using sbtest8_pkey on sbtest8  (cost=0.43..43.58 rows=10 width=121)
	        Index Cond: ((id >= 6679610) AND (id <= 6679619))


for: order_ranges
table 1 : explain SELECT c FROM sbtest1 WHERE id BETWEEN 7848230 AND 7848239 ORDER BY c
	Sort  (cost=39.95..39.97 rows=9 width=121)
	  Sort Key: c
	  ->  Index Scan using sbtest1_pkey on sbtest1  (cost=0.43..39.80 rows=9 width=121)
	        Index Cond: ((id >= 7848230) AND (id <= 7848239))

table 2 : explain SELECT c FROM sbtest2 WHERE id BETWEEN 4824341 AND 4824350 ORDER BY c
	Sort  (cost=43.90..43.92 rows=10 width=121)
	  Sort Key: c
	  ->  Index Scan using sbtest2_pkey on sbtest2  (cost=0.43..43.73 rows=10 width=121)
	        Index Cond: ((id >= 4824341) AND (id <= 4824350))

table 3 : explain SELECT c FROM sbtest3 WHERE id BETWEEN 4229083 AND 4229092 ORDER BY c
	Sort  (cost=43.77..43.80 rows=10 width=121)
	  Sort Key: c
	  ->  Index Scan using sbtest3_pkey on sbtest3  (cost=0.43..43.61 rows=10 width=121)
	        Index Cond: ((id >= 4229083) AND (id <= 4229092))

table 4 : explain SELECT c FROM sbtest4 WHERE id BETWEEN 8591253 AND 8591262 ORDER BY c
	Sort  (cost=43.59..43.61 rows=10 width=121)
	  Sort Key: c
	  ->  Index Scan using sbtest4_pkey on sbtest4  (cost=0.43..43.42 rows=10 width=121)
	        Index Cond: ((id >= 8591253) AND (id <= 8591262))

table 5 : explain SELECT c FROM sbtest5 WHERE id BETWEEN 3319649 AND 3319658 ORDER BY c
	Sort  (cost=43.82..43.85 rows=10 width=121)
	  Sort Key: c
	  ->  Index Scan using sbtest5_pkey on sbtest5  (cost=0.43..43.66 rows=10 width=121)
	        Index Cond: ((id >= 3319649) AND (id <= 3319658))

table 6 : explain SELECT c FROM sbtest6 WHERE id BETWEEN 5815297 AND 5815306 ORDER BY c
	Sort  (cost=39.86..39.88 rows=9 width=121)
	  Sort Key: c
	  ->  Index Scan using sbtest6_pkey on sbtest6  (cost=0.43..39.71 rows=9 width=121)
	        Index Cond: ((id >= 5815297) AND (id <= 5815306))

table 7 : explain SELECT c FROM sbtest7 WHERE id BETWEEN 662887 AND 662896 ORDER BY c
	Sort  (cost=43.70..43.73 rows=10 width=121)
	  Sort Key: c
	  ->  Index Scan using sbtest7_pkey on sbtest7  (cost=0.43..43.54 rows=10 width=121)
	        Index Cond: ((id >= 662887) AND (id <= 662896))

table 8 : explain SELECT c FROM sbtest8 WHERE id BETWEEN 8996458 AND 8996467 ORDER BY c
	Sort  (cost=43.74..43.77 rows=10 width=121)
	  Sort Key: c
	  ->  Index Scan using sbtest8_pkey on sbtest8  (cost=0.43..43.58 rows=10 width=121)
	        Index Cond: ((id >= 8996458) AND (id <= 8996467))

for: sum_ranges
table 1 : explain SELECT SUM(k) FROM sbtest1 WHERE id BETWEEN 7002550 AND 7002559
	Aggregate  (cost=47.67..47.68 rows=1 width=8)
	  ->  Index Scan using sbtest1_pkey on sbtest1  (cost=0.43..47.64 rows=11 width=4)
	        Index Cond: ((id >= 7002550) AND (id <= 7002559))

table 2 : explain SELECT SUM(k) FROM sbtest2 WHERE id BETWEEN 276527 AND 276536
	Aggregate  (cost=43.76..43.77 rows=1 width=8)
	  ->  Index Scan using sbtest2_pkey on sbtest2  (cost=0.43..43.73 rows=10 width=4)
	        Index Cond: ((id >= 276527) AND (id <= 276536))

table 3 : explain SELECT SUM(k) FROM sbtest3 WHERE id BETWEEN 3775909 AND 3775918
	Aggregate  (cost=43.63..43.64 rows=1 width=8)
	  ->  Index Scan using sbtest3_pkey on sbtest3  (cost=0.43..43.61 rows=10 width=4)
	        Index Cond: ((id >= 3775909) AND (id <= 3775918))

table 4 : explain SELECT SUM(k) FROM sbtest4 WHERE id BETWEEN 7151193 AND 7151202
	Aggregate  (cost=43.44..43.45 rows=1 width=8)
	  ->  Index Scan using sbtest4_pkey on sbtest4  (cost=0.43..43.42 rows=10 width=4)
	        Index Cond: ((id >= 7151193) AND (id <= 7151202))

table 5 : explain SELECT SUM(k) FROM sbtest5 WHERE id BETWEEN 9490833 AND 9490842
	Aggregate  (cost=39.77..39.78 rows=1 width=8)
	  ->  Index Scan using sbtest5_pkey on sbtest5  (cost=0.43..39.74 rows=9 width=4)
	        Index Cond: ((id >= 9490833) AND (id <= 9490842))

table 6 : explain SELECT SUM(k) FROM sbtest6 WHERE id BETWEEN 2820763 AND 2820772
	Aggregate  (cost=43.65..43.66 rows=1 width=8)
	  ->  Index Scan using sbtest6_pkey on sbtest6  (cost=0.43..43.62 rows=10 width=4)
	        Index Cond: ((id >= 2820763) AND (id <= 2820772))

table 7 : explain SELECT SUM(k) FROM sbtest7 WHERE id BETWEEN 4490941 AND 4490950
	Aggregate  (cost=43.56..43.57 rows=1 width=8)
	  ->  Index Scan using sbtest7_pkey on sbtest7  (cost=0.43..43.54 rows=10 width=4)
	        Index Cond: ((id >= 4490941) AND (id <= 4490950))

table 8 : explain SELECT SUM(k) FROM sbtest8 WHERE id BETWEEN 9953413 AND 9953422
	Aggregate  (cost=43.60..43.61 rows=1 width=8)
	  ->  Index Scan using sbtest8_pkey on sbtest8  (cost=0.43..43.58 rows=10 width=4)
	        Index Cond: ((id >= 9953413) AND (id <= 9953422))

for: order_ranges
table 1 : explain SELECT c FROM sbtest1 WHERE id BETWEEN 5792403 AND 5792412 ORDER BY c
	Sort  (cost=43.89..43.91 rows=10 width=121)
	  Sort Key: c
	  ->  Index Scan using sbtest1_pkey on sbtest1  (cost=0.43..43.72 rows=10 width=121)
	        Index Cond: ((id >= 5792403) AND (id <= 5792412))

table 2 : explain SELECT c FROM sbtest2 WHERE id BETWEEN 5123570 AND 5123579 ORDER BY c
	Sort  (cost=43.90..43.92 rows=10 width=121)
	  Sort Key: c
	  ->  Index Scan using sbtest2_pkey on sbtest2  (cost=0.43..43.73 rows=10 width=121)
	        Index Cond: ((id >= 5123570) AND (id <= 5123579))

table 3 : explain SELECT c FROM sbtest3 WHERE id BETWEEN 9375144 AND 9375153 ORDER BY c
	Sort  (cost=43.77..43.80 rows=10 width=121)
	  Sort Key: c
	  ->  Index Scan using sbtest3_pkey on sbtest3  (cost=0.43..43.61 rows=10 width=121)
	        Index Cond: ((id >= 9375144) AND (id <= 9375153))

table 4 : explain SELECT c FROM sbtest4 WHERE id BETWEEN 2108005 AND 2108014 ORDER BY c
	Sort  (cost=39.68..39.70 rows=9 width=121)
	  Sort Key: c
	  ->  Index Scan using sbtest4_pkey on sbtest4  (cost=0.43..39.53 rows=9 width=121)
	        Index Cond: ((id >= 2108005) AND (id <= 2108014))

table 5 : explain SELECT c FROM sbtest5 WHERE id BETWEEN 592074 AND 592083 ORDER BY c
	Sort  (cost=39.89..39.91 rows=9 width=121)
	  Sort Key: c
	  ->  Index Scan using sbtest5_pkey on sbtest5  (cost=0.43..39.74 rows=9 width=121)
	        Index Cond: ((id >= 592074) AND (id <= 592083))

table 6 : explain SELECT c FROM sbtest6 WHERE id BETWEEN 4506943 AND 4506952 ORDER BY c
	Sort  (cost=43.79..43.81 rows=10 width=121)
	  Sort Key: c
	  ->  Index Scan using sbtest6_pkey on sbtest6  (cost=0.43..43.62 rows=10 width=121)
	        Index Cond: ((id >= 4506943) AND (id <= 4506952))

table 7 : explain SELECT c FROM sbtest7 WHERE id BETWEEN 1300173 AND 1300182 ORDER BY c
	Sort  (cost=43.70..43.73 rows=10 width=121)
	  Sort Key: c
	  ->  Index Scan using sbtest7_pkey on sbtest7  (cost=0.43..43.54 rows=10 width=121)
	        Index Cond: ((id >= 1300173) AND (id <= 1300182))

table 8 : explain SELECT c FROM sbtest8 WHERE id BETWEEN 3592333 AND 3592342 ORDER BY c
	Sort  (cost=39.82..39.84 rows=9 width=121)
	  Sort Key: c
	  ->  Index Scan using sbtest8_pkey on sbtest8  (cost=0.43..39.68 rows=9 width=121)
	        Index Cond: ((id >= 3592333) AND (id <= 3592342))

for: order_ranges
table 1 : explain SELECT c FROM sbtest1 WHERE id BETWEEN 2605413 AND 2605422 ORDER BY c
	Sort  (cost=47.83..47.86 rows=11 width=121)
	  Sort Key: c
	  ->  Index Scan using sbtest1_pkey on sbtest1  (cost=0.43..47.64 rows=11 width=121)
	        Index Cond: ((id >= 2605413) AND (id <= 2605422))

table 2 : explain SELECT c FROM sbtest2 WHERE id BETWEEN 6687660 AND 6687669 ORDER BY c
	Sort  (cost=43.90..43.92 rows=10 width=121)
	  Sort Key: c
	  ->  Index Scan using sbtest2_pkey on sbtest2  (cost=0.43..43.73 rows=10 width=121)
	        Index Cond: ((id >= 6687660) AND (id <= 6687669))

table 3 : explain SELECT c FROM sbtest3 WHERE id BETWEEN 1799518 AND 1799527 ORDER BY c
	Sort  (cost=47.70..47.73 rows=11 width=121)
	  Sort Key: c
	  ->  Index Scan using sbtest3_pkey on sbtest3  (cost=0.43..47.51 rows=11 width=121)
	        Index Cond: ((id >= 1799518) AND (id <= 1799527))

table 4 : explain SELECT c FROM sbtest4 WHERE id BETWEEN 1499363 AND 1499372 ORDER BY c
	Sort  (cost=43.59..43.61 rows=10 width=121)
	  Sort Key: c
	  ->  Index Scan using sbtest4_pkey on sbtest4  (cost=0.43..43.42 rows=10 width=121)
	        Index Cond: ((id >= 1499363) AND (id <= 1499372))

table 5 : explain SELECT c FROM sbtest5 WHERE id BETWEEN 7588277 AND 7588286 ORDER BY c
	Sort  (cost=39.89..39.91 rows=9 width=121)
	  Sort Key: c
	  ->  Index Scan using sbtest5_pkey on sbtest5  (cost=0.43..39.74 rows=9 width=121)
	        Index Cond: ((id >= 7588277) AND (id <= 7588286))

table 6 : explain SELECT c FROM sbtest6 WHERE id BETWEEN 8458362 AND 8458371 ORDER BY c
	Sort  (cost=43.79..43.81 rows=10 width=121)
	  Sort Key: c
	  ->  Index Scan using sbtest6_pkey on sbtest6  (cost=0.43..43.62 rows=10 width=121)
	        Index Cond: ((id >= 8458362) AND (id <= 8458371))

table 7 : explain SELECT c FROM sbtest7 WHERE id BETWEEN 1893926 AND 1893935 ORDER BY c
	Sort  (cost=43.70..43.73 rows=10 width=121)
	  Sort Key: c
	  ->  Index Scan using sbtest7_pkey on sbtest7  (cost=0.43..43.54 rows=10 width=121)
	        Index Cond: ((id >= 1893926) AND (id <= 1893935))

table 8 : explain SELECT c FROM sbtest8 WHERE id BETWEEN 5784322 AND 5784331 ORDER BY c
	Sort  (cost=39.82..39.84 rows=9 width=121)
	  Sort Key: c
	  ->  Index Scan using sbtest8_pkey on sbtest8  (cost=0.43..39.68 rows=9 width=121)
	        Index Cond: ((id >= 5784322) AND (id <= 5784331))

for: sum_ranges
table 1 : explain SELECT SUM(k) FROM sbtest1 WHERE id BETWEEN 2745449 AND 2745458
	Aggregate  (cost=43.75..43.76 rows=1 width=8)
	  ->  Index Scan using sbtest1_pkey on sbtest1  (cost=0.43..43.72 rows=10 width=4)
	        Index Cond: ((id >= 2745449) AND (id <= 2745458))

table 2 : explain SELECT SUM(k) FROM sbtest2 WHERE id BETWEEN 5937832 AND 5937841
	Aggregate  (cost=43.76..43.77 rows=1 width=8)
	  ->  Index Scan using sbtest2_pkey on sbtest2  (cost=0.43..43.73 rows=10 width=4)
	        Index Cond: ((id >= 5937832) AND (id <= 5937841))

table 3 : explain SELECT SUM(k) FROM sbtest3 WHERE id BETWEEN 7313178 AND 7313187
	Aggregate  (cost=39.72..39.73 rows=1 width=8)
	  ->  Index Scan using sbtest3_pkey on sbtest3  (cost=0.43..39.70 rows=9 width=4)
	        Index Cond: ((id >= 7313178) AND (id <= 7313187))

table 4 : explain SELECT SUM(k) FROM sbtest4 WHERE id BETWEEN 4845582 AND 4845591
	Aggregate  (cost=43.44..43.45 rows=1 width=8)
	  ->  Index Scan using sbtest4_pkey on sbtest4  (cost=0.43..43.42 rows=10 width=4)
	        Index Cond: ((id >= 4845582) AND (id <= 4845591))

table 5 : explain SELECT SUM(k) FROM sbtest5 WHERE id BETWEEN 2089326 AND 2089335
	Aggregate  (cost=43.68..43.69 rows=1 width=8)
	  ->  Index Scan using sbtest5_pkey on sbtest5  (cost=0.43..43.66 rows=10 width=4)
	        Index Cond: ((id >= 2089326) AND (id <= 2089335))

table 6 : explain SELECT SUM(k) FROM sbtest6 WHERE id BETWEEN 8730197 AND 8730206
	Aggregate  (cost=43.65..43.66 rows=1 width=8)
	  ->  Index Scan using sbtest6_pkey on sbtest6  (cost=0.43..43.62 rows=10 width=4)
	        Index Cond: ((id >= 8730197) AND (id <= 8730206))

table 7 : explain SELECT SUM(k) FROM sbtest7 WHERE id BETWEEN 5005103 AND 5005112
	Aggregate  (cost=39.66..39.67 rows=1 width=8)
	  ->  Index Scan using sbtest7_pkey on sbtest7  (cost=0.43..39.64 rows=9 width=4)
	        Index Cond: ((id >= 5005103) AND (id <= 5005112))

table 8 : explain SELECT SUM(k) FROM sbtest8 WHERE id BETWEEN 94044 AND 94053
	Aggregate  (cost=39.70..39.71 rows=1 width=8)
	  ->  Index Scan using sbtest8_pkey on sbtest8  (cost=0.43..39.68 rows=9 width=4)
	        Index Cond: ((id >= 94044) AND (id <= 94053))

for: order_ranges
table 1 : explain SELECT c FROM sbtest1 WHERE id BETWEEN 5942600 AND 5942609 ORDER BY c
	Sort  (cost=43.89..43.91 rows=10 width=121)
	  Sort Key: c
	  ->  Index Scan using sbtest1_pkey on sbtest1  (cost=0.43..43.72 rows=10 width=121)
	        Index Cond: ((id >= 5942600) AND (id <= 5942609))

table 2 : explain SELECT c FROM sbtest2 WHERE id BETWEEN 7592406 AND 7592415 ORDER BY c
	Sort  (cost=47.84..47.87 rows=11 width=121)
	  Sort Key: c
	  ->  Index Scan using sbtest2_pkey on sbtest2  (cost=0.43..47.65 rows=11 width=121)
	        Index Cond: ((id >= 7592406) AND (id <= 7592415))

table 3 : explain SELECT c FROM sbtest3 WHERE id BETWEEN 668806 AND 668815 ORDER BY c
	Sort  (cost=43.77..43.80 rows=10 width=121)
	  Sort Key: c
	  ->  Index Scan using sbtest3_pkey on sbtest3  (cost=0.43..43.61 rows=10 width=121)
	        Index Cond: ((id >= 668806) AND (id <= 668815))

table 4 : explain SELECT c FROM sbtest4 WHERE id BETWEEN 6477843 AND 6477852 ORDER BY c
	Sort  (cost=47.49..47.52 rows=11 width=121)
	  Sort Key: c
	  ->  Index Scan using sbtest4_pkey on sbtest4  (cost=0.43..47.30 rows=11 width=121)
	        Index Cond: ((id >= 6477843) AND (id <= 6477852))

table 5 : explain SELECT c FROM sbtest5 WHERE id BETWEEN 4092476 AND 4092485 ORDER BY c
	Sort  (cost=47.76..47.78 rows=11 width=121)
	  Sort Key: c
	  ->  Index Scan using sbtest5_pkey on sbtest5  (cost=0.43..47.57 rows=11 width=121)
	        Index Cond: ((id >= 4092476) AND (id <= 4092485))

table 6 : explain SELECT c FROM sbtest6 WHERE id BETWEEN 5008708 AND 5008717 ORDER BY c
	Sort  (cost=43.79..43.81 rows=10 width=121)
	  Sort Key: c
	  ->  Index Scan using sbtest6_pkey on sbtest6  (cost=0.43..43.62 rows=10 width=121)
	        Index Cond: ((id >= 5008708) AND (id <= 5008717))

table 7 : explain SELECT c FROM sbtest7 WHERE id BETWEEN 98415 AND 98424 ORDER BY c
	Sort  (cost=43.70..43.73 rows=10 width=121)
	  Sort Key: c
	  ->  Index Scan using sbtest7_pkey on sbtest7  (cost=0.43..43.54 rows=10 width=121)
	        Index Cond: ((id >= 98415) AND (id <= 98424))

table 8 : explain SELECT c FROM sbtest8 WHERE id BETWEEN 9695320 AND 9695329 ORDER BY c
	Sort  (cost=43.74..43.77 rows=10 width=121)
	  Sort Key: c
	  ->  Index Scan using sbtest8_pkey on sbtest8  (cost=0.43..43.58 rows=10 width=121)
	        Index Cond: ((id >= 9695320) AND (id <= 9695329))

for: order_ranges
table 1 : explain SELECT c FROM sbtest1 WHERE id BETWEEN 2985954 AND 2985963 ORDER BY c
	Sort  (cost=47.83..47.86 rows=11 width=121)
	  Sort Key: c
	  ->  Index Scan using sbtest1_pkey on sbtest1  (cost=0.43..47.64 rows=11 width=121)
	        Index Cond: ((id >= 2985954) AND (id <= 2985963))

table 2 : explain SELECT c FROM sbtest2 WHERE id BETWEEN 2214870 AND 2214879 ORDER BY c
	Sort  (cost=47.84..47.87 rows=11 width=121)
	  Sort Key: c
	  ->  Index Scan using sbtest2_pkey on sbtest2  (cost=0.43..47.65 rows=11 width=121)
	        Index Cond: ((id >= 2214870) AND (id <= 2214879))

table 3 : explain SELECT c FROM sbtest3 WHERE id BETWEEN 5217771 AND 5217780 ORDER BY c
	Sort  (cost=43.77..43.80 rows=10 width=121)
	  Sort Key: c
	  ->  Index Scan using sbtest3_pkey on sbtest3  (cost=0.43..43.61 rows=10 width=121)
	        Index Cond: ((id >= 5217771) AND (id <= 5217780))

table 4 : explain SELECT c FROM sbtest4 WHERE id BETWEEN 3377962 AND 3377971 ORDER BY c
	Sort  (cost=43.59..43.61 rows=10 width=121)
	  Sort Key: c
	  ->  Index Scan using sbtest4_pkey on sbtest4  (cost=0.43..43.42 rows=10 width=121)
	        Index Cond: ((id >= 3377962) AND (id <= 3377971))

table 5 : explain SELECT c FROM sbtest5 WHERE id BETWEEN 4162580 AND 4162589 ORDER BY c
	Sort  (cost=43.82..43.85 rows=10 width=121)
	  Sort Key: c
	  ->  Index Scan using sbtest5_pkey on sbtest5  (cost=0.43..43.66 rows=10 width=121)
	        Index Cond: ((id >= 4162580) AND (id <= 4162589))

table 6 : explain SELECT c FROM sbtest6 WHERE id BETWEEN 1281709 AND 1281718 ORDER BY c
	Sort  (cost=43.79..43.81 rows=10 width=121)
	  Sort Key: c
	  ->  Index Scan using sbtest6_pkey on sbtest6  (cost=0.43..43.62 rows=10 width=121)
	        Index Cond: ((id >= 1281709) AND (id <= 1281718))

table 7 : explain SELECT c FROM sbtest7 WHERE id BETWEEN 9195703 AND 9195712 ORDER BY c
	Sort  (cost=43.70..43.73 rows=10 width=121)
	  Sort Key: c
	  ->  Index Scan using sbtest7_pkey on sbtest7  (cost=0.43..43.54 rows=10 width=121)
	        Index Cond: ((id >= 9195703) AND (id <= 9195712))

table 8 : explain SELECT c FROM sbtest8 WHERE id BETWEEN 9218611 AND 9218620 ORDER BY c
	Sort  (cost=43.74..43.77 rows=10 width=121)
	  Sort Key: c
	  ->  Index Scan using sbtest8_pkey on sbtest8  (cost=0.43..43.58 rows=10 width=121)
	        Index Cond: ((id >= 9218611) AND (id <= 9218620))

for: sum_ranges
table 1 : explain SELECT SUM(k) FROM sbtest1 WHERE id BETWEEN 6212048 AND 6212057
	Aggregate  (cost=47.67..47.68 rows=1 width=8)
	  ->  Index Scan using sbtest1_pkey on sbtest1  (cost=0.43..47.64 rows=11 width=4)
	        Index Cond: ((id >= 6212048) AND (id <= 6212057))

table 2 : explain SELECT SUM(k) FROM sbtest2 WHERE id BETWEEN 7928472 AND 7928481
	Aggregate  (cost=43.76..43.77 rows=1 width=8)
	  ->  Index Scan using sbtest2_pkey on sbtest2  (cost=0.43..43.73 rows=10 width=4)
	        Index Cond: ((id >= 7928472) AND (id <= 7928481))

table 3 : explain SELECT SUM(k) FROM sbtest3 WHERE id BETWEEN 1424081 AND 1424090
	Aggregate  (cost=39.72..39.73 rows=1 width=8)
	  ->  Index Scan using sbtest3_pkey on sbtest3  (cost=0.43..39.70 rows=9 width=4)
	        Index Cond: ((id >= 1424081) AND (id <= 1424090))

table 4 : explain SELECT SUM(k) FROM sbtest4 WHERE id BETWEEN 6236453 AND 6236462
	Aggregate  (cost=43.44..43.45 rows=1 width=8)
	  ->  Index Scan using sbtest4_pkey on sbtest4  (cost=0.43..43.42 rows=10 width=4)
	        Index Cond: ((id >= 6236453) AND (id <= 6236462))

table 5 : explain SELECT SUM(k) FROM sbtest5 WHERE id BETWEEN 8641649 AND 8641658
	Aggregate  (cost=43.68..43.69 rows=1 width=8)
	  ->  Index Scan using sbtest5_pkey on sbtest5  (cost=0.43..43.66 rows=10 width=4)
	        Index Cond: ((id >= 8641649) AND (id <= 8641658))

table 6 : explain SELECT SUM(k) FROM sbtest6 WHERE id BETWEEN 5975246 AND 5975255
	Aggregate  (cost=39.74..39.75 rows=1 width=8)
	  ->  Index Scan using sbtest6_pkey on sbtest6  (cost=0.43..39.71 rows=9 width=4)
	        Index Cond: ((id >= 5975246) AND (id <= 5975255))

table 7 : explain SELECT SUM(k) FROM sbtest7 WHERE id BETWEEN 9955175 AND 9955184
	Aggregate  (cost=43.56..43.57 rows=1 width=8)
	  ->  Index Scan using sbtest7_pkey on sbtest7  (cost=0.43..43.54 rows=10 width=4)
	        Index Cond: ((id >= 9955175) AND (id <= 9955184))

table 8 : explain SELECT SUM(k) FROM sbtest8 WHERE id BETWEEN 7201025 AND 7201034
	Aggregate  (cost=43.60..43.61 rows=1 width=8)
	  ->  Index Scan using sbtest8_pkey on sbtest8  (cost=0.43..43.58 rows=10 width=4)
	        Index Cond: ((id >= 7201025) AND (id <= 7201034))

for: sum_ranges
table 1 : explain SELECT SUM(k) FROM sbtest1 WHERE id BETWEEN 5061384 AND 5061393
	Aggregate  (cost=43.75..43.76 rows=1 width=8)
	  ->  Index Scan using sbtest1_pkey on sbtest1  (cost=0.43..43.72 rows=10 width=4)
	        Index Cond: ((id >= 5061384) AND (id <= 5061393))

table 2 : explain SELECT SUM(k) FROM sbtest2 WHERE id BETWEEN 6995986 AND 6995995
	Aggregate  (cost=47.68..47.69 rows=1 width=8)
	  ->  Index Scan using sbtest2_pkey on sbtest2  (cost=0.43..47.65 rows=11 width=4)
	        Index Cond: ((id >= 6995986) AND (id <= 6995995))

table 3 : explain SELECT SUM(k) FROM sbtest3 WHERE id BETWEEN 8771308 AND 8771317
	Aggregate  (cost=39.72..39.73 rows=1 width=8)
	  ->  Index Scan using sbtest3_pkey on sbtest3  (cost=0.43..39.70 rows=9 width=4)
	        Index Cond: ((id >= 8771308) AND (id <= 8771317))

table 4 : explain SELECT SUM(k) FROM sbtest4 WHERE id BETWEEN 7229635 AND 7229644
	Aggregate  (cost=47.33..47.34 rows=1 width=8)
	  ->  Index Scan using sbtest4_pkey on sbtest4  (cost=0.43..47.30 rows=11 width=4)
	        Index Cond: ((id >= 7229635) AND (id <= 7229644))

table 5 : explain SELECT SUM(k) FROM sbtest5 WHERE id BETWEEN 9980670 AND 9980679
	Aggregate  (cost=43.68..43.69 rows=1 width=8)
	  ->  Index Scan using sbtest5_pkey on sbtest5  (cost=0.43..43.66 rows=10 width=4)
	        Index Cond: ((id >= 9980670) AND (id <= 9980679))

table 6 : explain SELECT SUM(k) FROM sbtest6 WHERE id BETWEEN 5839427 AND 5839436
	Aggregate  (cost=39.74..39.75 rows=1 width=8)
	  ->  Index Scan using sbtest6_pkey on sbtest6  (cost=0.43..39.71 rows=9 width=4)
	        Index Cond: ((id >= 5839427) AND (id <= 5839436))

table 7 : explain SELECT SUM(k) FROM sbtest7 WHERE id BETWEEN 1199262 AND 1199271
	Aggregate  (cost=43.56..43.57 rows=1 width=8)
	  ->  Index Scan using sbtest7_pkey on sbtest7  (cost=0.43..43.54 rows=10 width=4)
	        Index Cond: ((id >= 1199262) AND (id <= 1199271))

table 8 : explain SELECT SUM(k) FROM sbtest8 WHERE id BETWEEN 6049113 AND 6049122
	Aggregate  (cost=43.60..43.61 rows=1 width=8)
	  ->  Index Scan using sbtest8_pkey on sbtest8  (cost=0.43..43.58 rows=10 width=4)
	        Index Cond: ((id >= 6049113) AND (id <= 6049122))

for: sum_ranges
table 1 : explain SELECT SUM(k) FROM sbtest1 WHERE id BETWEEN 7431485 AND 7431494
	Aggregate  (cost=39.83..39.84 rows=1 width=8)
	  ->  Index Scan using sbtest1_pkey on sbtest1  (cost=0.43..39.80 rows=9 width=4)
	        Index Cond: ((id >= 7431485) AND (id <= 7431494))

table 2 : explain SELECT SUM(k) FROM sbtest2 WHERE id BETWEEN 2721817 AND 2721826
	Aggregate  (cost=47.68..47.69 rows=1 width=8)
	  ->  Index Scan using sbtest2_pkey on sbtest2  (cost=0.43..47.65 rows=11 width=4)
	        Index Cond: ((id >= 2721817) AND (id <= 2721826))

table 3 : explain SELECT SUM(k) FROM sbtest3 WHERE id BETWEEN 2973833 AND 2973842
	Aggregate  (cost=43.63..43.64 rows=1 width=8)
	  ->  Index Scan using sbtest3_pkey on sbtest3  (cost=0.43..43.61 rows=10 width=4)
	        Index Cond: ((id >= 2973833) AND (id <= 2973842))

table 4 : explain SELECT SUM(k) FROM sbtest4 WHERE id BETWEEN 7700152 AND 7700161
	Aggregate  (cost=47.33..47.34 rows=1 width=8)
	  ->  Index Scan using sbtest4_pkey on sbtest4  (cost=0.43..47.30 rows=11 width=4)
	        Index Cond: ((id >= 7700152) AND (id <= 7700161))

table 5 : explain SELECT SUM(k) FROM sbtest5 WHERE id BETWEEN 6691279 AND 6691288
	Aggregate  (cost=43.68..43.69 rows=1 width=8)
	  ->  Index Scan using sbtest5_pkey on sbtest5  (cost=0.43..43.66 rows=10 width=4)
	        Index Cond: ((id >= 6691279) AND (id <= 6691288))

table 6 : explain SELECT SUM(k) FROM sbtest6 WHERE id BETWEEN 5549488 AND 5549497
	Aggregate  (cost=43.65..43.66 rows=1 width=8)
	  ->  Index Scan using sbtest6_pkey on sbtest6  (cost=0.43..43.62 rows=10 width=4)
	        Index Cond: ((id >= 5549488) AND (id <= 5549497))

table 7 : explain SELECT SUM(k) FROM sbtest7 WHERE id BETWEEN 8949973 AND 8949982
	Aggregate  (cost=43.56..43.57 rows=1 width=8)
	  ->  Index Scan using sbtest7_pkey on sbtest7  (cost=0.43..43.54 rows=10 width=4)
	        Index Cond: ((id >= 8949973) AND (id <= 8949982))

table 8 : explain SELECT SUM(k) FROM sbtest8 WHERE id BETWEEN 5652016 AND 5652025
	Aggregate  (cost=47.51..47.52 rows=1 width=8)
	  ->  Index Scan using sbtest8_pkey on sbtest8  (cost=0.43..47.48 rows=11 width=4)
	        Index Cond: ((id >= 5652016) AND (id <= 5652025))

for: order_ranges
table 1 : explain SELECT c FROM sbtest1 WHERE id BETWEEN 1641218 AND 1641227 ORDER BY c
	Sort  (cost=47.83..47.86 rows=11 width=121)
	  Sort Key: c
	  ->  Index Scan using sbtest1_pkey on sbtest1  (cost=0.43..47.64 rows=11 width=121)
	        Index Cond: ((id >= 1641218) AND (id <= 1641227))

table 2 : explain SELECT c FROM sbtest2 WHERE id BETWEEN 3138605 AND 3138614 ORDER BY c
	Sort  (cost=47.84..47.87 rows=11 width=121)
	  Sort Key: c
	  ->  Index Scan using sbtest2_pkey on sbtest2  (cost=0.43..47.65 rows=11 width=121)
	        Index Cond: ((id >= 3138605) AND (id <= 3138614))

table 3 : explain SELECT c FROM sbtest3 WHERE id BETWEEN 1465876 AND 1465885 ORDER BY c
	Sort  (cost=39.84..39.87 rows=9 width=121)
	  Sort Key: c
	  ->  Index Scan using sbtest3_pkey on sbtest3  (cost=0.43..39.70 rows=9 width=121)
	        Index Cond: ((id >= 1465876) AND (id <= 1465885))

table 4 : explain SELECT c FROM sbtest4 WHERE id BETWEEN 2322954 AND 2322963 ORDER BY c
	Sort  (cost=43.59..43.61 rows=10 width=121)
	  Sort Key: c
	  ->  Index Scan using sbtest4_pkey on sbtest4  (cost=0.43..43.42 rows=10 width=121)
	        Index Cond: ((id >= 2322954) AND (id <= 2322963))

table 5 : explain SELECT c FROM sbtest5 WHERE id BETWEEN 91317 AND 91326 ORDER BY c
	Sort  (cost=39.89..39.91 rows=9 width=121)
	  Sort Key: c
	  ->  Index Scan using sbtest5_pkey on sbtest5  (cost=0.43..39.74 rows=9 width=121)
	        Index Cond: ((id >= 91317) AND (id <= 91326))

table 6 : explain SELECT c FROM sbtest6 WHERE id BETWEEN 7024419 AND 7024428 ORDER BY c
	Sort  (cost=43.79..43.81 rows=10 width=121)
	  Sort Key: c
	  ->  Index Scan using sbtest6_pkey on sbtest6  (cost=0.43..43.62 rows=10 width=121)
	        Index Cond: ((id >= 7024419) AND (id <= 7024428))

table 7 : explain SELECT c FROM sbtest7 WHERE id BETWEEN 8926743 AND 8926752 ORDER BY c
	Sort  (cost=43.70..43.73 rows=10 width=121)
	  Sort Key: c
	  ->  Index Scan using sbtest7_pkey on sbtest7  (cost=0.43..43.54 rows=10 width=121)
	        Index Cond: ((id >= 8926743) AND (id <= 8926752))

table 8 : explain SELECT c FROM sbtest8 WHERE id BETWEEN 1344053 AND 1344062 ORDER BY c
	Sort  (cost=43.74..43.77 rows=10 width=121)
	  Sort Key: c
	  ->  Index Scan using sbtest8_pkey on sbtest8  (cost=0.43..43.58 rows=10 width=121)
	        Index Cond: ((id >= 1344053) AND (id <= 1344062))

for: order_ranges
table 1 : explain SELECT c FROM sbtest1 WHERE id BETWEEN 8543180 AND 8543189 ORDER BY c
	Sort  (cost=43.89..43.91 rows=10 width=121)
	  Sort Key: c
	  ->  Index Scan using sbtest1_pkey on sbtest1  (cost=0.43..43.72 rows=10 width=121)
	        Index Cond: ((id >= 8543180) AND (id <= 8543189))

table 2 : explain SELECT c FROM sbtest2 WHERE id BETWEEN 366346 AND 366355 ORDER BY c
	Sort  (cost=43.90..43.92 rows=10 width=121)
	  Sort Key: c
	  ->  Index Scan using sbtest2_pkey on sbtest2  (cost=0.43..43.73 rows=10 width=121)
	        Index Cond: ((id >= 366346) AND (id <= 366355))

table 3 : explain SELECT c FROM sbtest3 WHERE id BETWEEN 4109577 AND 4109586 ORDER BY c
	Sort  (cost=43.77..43.80 rows=10 width=121)
	  Sort Key: c
	  ->  Index Scan using sbtest3_pkey on sbtest3  (cost=0.43..43.61 rows=10 width=121)
	        Index Cond: ((id >= 4109577) AND (id <= 4109586))

table 4 : explain SELECT c FROM sbtest4 WHERE id BETWEEN 9907155 AND 9907164 ORDER BY c
	Sort  (cost=43.59..43.61 rows=10 width=121)
	  Sort Key: c
	  ->  Index Scan using sbtest4_pkey on sbtest4  (cost=0.43..43.42 rows=10 width=121)
	        Index Cond: ((id >= 9907155) AND (id <= 9907164))

table 5 : explain SELECT c FROM sbtest5 WHERE id BETWEEN 3805104 AND 3805113 ORDER BY c
	Sort  (cost=47.76..47.78 rows=11 width=121)
	  Sort Key: c
	  ->  Index Scan using sbtest5_pkey on sbtest5  (cost=0.43..47.57 rows=11 width=121)
	        Index Cond: ((id >= 3805104) AND (id <= 3805113))

table 6 : explain SELECT c FROM sbtest6 WHERE id BETWEEN 1384247 AND 1384256 ORDER BY c
	Sort  (cost=43.79..43.81 rows=10 width=121)
	  Sort Key: c
	  ->  Index Scan using sbtest6_pkey on sbtest6  (cost=0.43..43.62 rows=10 width=121)
	        Index Cond: ((id >= 1384247) AND (id <= 1384256))

table 7 : explain SELECT c FROM sbtest7 WHERE id BETWEEN 3131496 AND 3131505 ORDER BY c
	Sort  (cost=43.70..43.73 rows=10 width=121)
	  Sort Key: c
	  ->  Index Scan using sbtest7_pkey on sbtest7  (cost=0.43..43.54 rows=10 width=121)
	        Index Cond: ((id >= 3131496) AND (id <= 3131505))

table 8 : explain SELECT c FROM sbtest8 WHERE id BETWEEN 4203880 AND 4203889 ORDER BY c
	Sort  (cost=39.82..39.84 rows=9 width=121)
	  Sort Key: c
	  ->  Index Scan using sbtest8_pkey on sbtest8  (cost=0.43..39.68 rows=9 width=121)
	        Index Cond: ((id >= 4203880) AND (id <= 4203889))
for: order_ranges
table 1 : explain SELECT c FROM sbtest1 WHERE id BETWEEN 6437164 AND 6437173 ORDER BY c
	Sort  (cost=43.89..43.91 rows=10 width=121)
	  Sort Key: c
	  ->  Index Scan using sbtest1_pkey on sbtest1  (cost=0.43..43.72 rows=10 width=121)
	        Index Cond: ((id >= 6437164) AND (id <= 6437173))

table 2 : explain SELECT c FROM sbtest2 WHERE id BETWEEN 502675 AND 502684 ORDER BY c
	Sort  (cost=43.90..43.92 rows=10 width=121)
	  Sort Key: c
	  ->  Index Scan using sbtest2_pkey on sbtest2  (cost=0.43..43.73 rows=10 width=121)
	        Index Cond: ((id >= 502675) AND (id <= 502684))

table 3 : explain SELECT c FROM sbtest3 WHERE id BETWEEN 5242842 AND 5242851 ORDER BY c
	Sort  (cost=43.77..43.80 rows=10 width=121)
	  Sort Key: c
	  ->  Index Scan using sbtest3_pkey on sbtest3  (cost=0.43..43.61 rows=10 width=121)
	        Index Cond: ((id >= 5242842) AND (id <= 5242851))

table 4 : explain SELECT c FROM sbtest4 WHERE id BETWEEN 9424257 AND 9424266 ORDER BY c
	Sort  (cost=43.59..43.61 rows=10 width=121)
	  Sort Key: c
	  ->  Index Scan using sbtest4_pkey on sbtest4  (cost=0.43..43.42 rows=10 width=121)
	        Index Cond: ((id >= 9424257) AND (id <= 9424266))

table 5 : explain SELECT c FROM sbtest5 WHERE id BETWEEN 1978896 AND 1978905 ORDER BY c
	Sort  (cost=43.82..43.85 rows=10 width=121)
	  Sort Key: c
	  ->  Index Scan using sbtest5_pkey on sbtest5  (cost=0.43..43.66 rows=10 width=121)
	        Index Cond: ((id >= 1978896) AND (id <= 1978905))

table 6 : explain SELECT c FROM sbtest6 WHERE id BETWEEN 3544841 AND 3544850 ORDER BY c
	Sort  (cost=39.86..39.88 rows=9 width=121)
	  Sort Key: c
	  ->  Index Scan using sbtest6_pkey on sbtest6  (cost=0.43..39.71 rows=9 width=121)
	        Index Cond: ((id >= 3544841) AND (id <= 3544850))

table 7 : explain SELECT c FROM sbtest7 WHERE id BETWEEN 4377943 AND 4377952 ORDER BY c
	Sort  (cost=43.70..43.73 rows=10 width=121)
	  Sort Key: c
	  ->  Index Scan using sbtest7_pkey on sbtest7  (cost=0.43..43.54 rows=10 width=121)
	        Index Cond: ((id >= 4377943) AND (id <= 4377952))

table 8 : explain SELECT c FROM sbtest8 WHERE id BETWEEN 6576830 AND 6576839 ORDER BY c
	Sort  (cost=43.74..43.77 rows=10 width=121)
	  Sort Key: c
	  ->  Index Scan using sbtest8_pkey on sbtest8  (cost=0.43..43.58 rows=10 width=121)
	        Index Cond: ((id >= 6576830) AND (id <= 6576839))

for: sum_ranges
table 1 : explain SELECT SUM(k) FROM sbtest1 WHERE id BETWEEN 5159431 AND 5159440
	Aggregate  (cost=39.83..39.84 rows=1 width=8)
	  ->  Index Scan using sbtest1_pkey on sbtest1  (cost=0.43..39.80 rows=9 width=4)
	        Index Cond: ((id >= 5159431) AND (id <= 5159440))

table 2 : explain SELECT SUM(k) FROM sbtest2 WHERE id BETWEEN 1855237 AND 1855246
	Aggregate  (cost=47.68..47.69 rows=1 width=8)
	  ->  Index Scan using sbtest2_pkey on sbtest2  (cost=0.43..47.65 rows=11 width=4)
	        Index Cond: ((id >= 1855237) AND (id <= 1855246))

table 3 : explain SELECT SUM(k) FROM sbtest3 WHERE id BETWEEN 5805954 AND 5805963
	Aggregate  (cost=43.63..43.64 rows=1 width=8)
	  ->  Index Scan using sbtest3_pkey on sbtest3  (cost=0.43..43.61 rows=10 width=4)
	        Index Cond: ((id >= 5805954) AND (id <= 5805963))

table 4 : explain SELECT SUM(k) FROM sbtest4 WHERE id BETWEEN 3862417 AND 3862426
	Aggregate  (cost=43.44..43.45 rows=1 width=8)
	  ->  Index Scan using sbtest4_pkey on sbtest4  (cost=0.43..43.42 rows=10 width=4)
	        Index Cond: ((id >= 3862417) AND (id <= 3862426))

table 5 : explain SELECT SUM(k) FROM sbtest5 WHERE id BETWEEN 5575819 AND 5575828
	Aggregate  (cost=39.77..39.78 rows=1 width=8)
	  ->  Index Scan using sbtest5_pkey on sbtest5  (cost=0.43..39.74 rows=9 width=4)
	        Index Cond: ((id >= 5575819) AND (id <= 5575828))

table 6 : explain SELECT SUM(k) FROM sbtest6 WHERE id BETWEEN 5729344 AND 5729353
	Aggregate  (cost=39.74..39.75 rows=1 width=8)
	  ->  Index Scan using sbtest6_pkey on sbtest6  (cost=0.43..39.71 rows=9 width=4)
	        Index Cond: ((id >= 5729344) AND (id <= 5729353))

table 7 : explain SELECT SUM(k) FROM sbtest7 WHERE id BETWEEN 977598 AND 977607
	Aggregate  (cost=47.46..47.47 rows=1 width=8)
	  ->  Index Scan using sbtest7_pkey on sbtest7  (cost=0.43..47.43 rows=11 width=4)
	        Index Cond: ((id >= 977598) AND (id <= 977607))

table 8 : explain SELECT SUM(k) FROM sbtest8 WHERE id BETWEEN 6697693 AND 6697702
	Aggregate  (cost=43.60..43.61 rows=1 width=8)
	  ->  Index Scan using sbtest8_pkey on sbtest8  (cost=0.43..43.58 rows=10 width=4)
	        Index Cond: ((id >= 6697693) AND (id <= 6697702))


for: order_ranges
table 1 : explain SELECT c FROM sbtest1 WHERE id BETWEEN 5905003 AND 5905012 ORDER BY c
	Sort  (cost=43.89..43.91 rows=10 width=121)
	  Sort Key: c
	  ->  Index Scan using sbtest1_pkey on sbtest1  (cost=0.43..43.72 rows=10 width=121)
	        Index Cond: ((id >= 5905003) AND (id <= 5905012))

table 2 : explain SELECT c FROM sbtest2 WHERE id BETWEEN 217277 AND 217286 ORDER BY c
	Sort  (cost=43.90..43.92 rows=10 width=121)
	  Sort Key: c
	  ->  Index Scan using sbtest2_pkey on sbtest2  (cost=0.43..43.73 rows=10 width=121)
	        Index Cond: ((id >= 217277) AND (id <= 217286))

table 3 : explain SELECT c FROM sbtest3 WHERE id BETWEEN 8412807 AND 8412816 ORDER BY c
	Sort  (cost=43.77..43.80 rows=10 width=121)
	  Sort Key: c
	  ->  Index Scan using sbtest3_pkey on sbtest3  (cost=0.43..43.61 rows=10 width=121)
	        Index Cond: ((id >= 8412807) AND (id <= 8412816))

table 4 : explain SELECT c FROM sbtest4 WHERE id BETWEEN 8065276 AND 8065285 ORDER BY c
	Sort  (cost=47.49..47.52 rows=11 width=121)
	  Sort Key: c
	  ->  Index Scan using sbtest4_pkey on sbtest4  (cost=0.43..47.30 rows=11 width=121)
	        Index Cond: ((id >= 8065276) AND (id <= 8065285))

table 5 : explain SELECT c FROM sbtest5 WHERE id BETWEEN 6156150 AND 6156159 ORDER BY c
	Sort  (cost=47.76..47.78 rows=11 width=121)
	  Sort Key: c
	  ->  Index Scan using sbtest5_pkey on sbtest5  (cost=0.43..47.57 rows=11 width=121)
	        Index Cond: ((id >= 6156150) AND (id <= 6156159))

table 6 : explain SELECT c FROM sbtest6 WHERE id BETWEEN 7608386 AND 7608395 ORDER BY c
	Sort  (cost=39.86..39.88 rows=9 width=121)
	  Sort Key: c
	  ->  Index Scan using sbtest6_pkey on sbtest6  (cost=0.43..39.71 rows=9 width=121)
	        Index Cond: ((id >= 7608386) AND (id <= 7608395))

table 7 : explain SELECT c FROM sbtest7 WHERE id BETWEEN 1569911 AND 1569920 ORDER BY c
	Sort  (cost=43.70..43.73 rows=10 width=121)
	  Sort Key: c
	  ->  Index Scan using sbtest7_pkey on sbtest7  (cost=0.43..43.54 rows=10 width=121)
	        Index Cond: ((id >= 1569911) AND (id <= 1569920))

table 8 : explain SELECT c FROM sbtest8 WHERE id BETWEEN 4859207 AND 4859216 ORDER BY c
	Sort  (cost=43.74..43.77 rows=10 width=121)
	  Sort Key: c
	  ->  Index Scan using sbtest8_pkey on sbtest8  (cost=0.43..43.58 rows=10 width=121)
	        Index Cond: ((id >= 4859207) AND (id <= 4859216))

for: distinct_ranges
table 1 : explain SELECT DISTINCT c FROM sbtest1 WHERE id BETWEEN 3559999 AND 3560008 ORDER BY c
	Unique  (cost=43.89..43.94 rows=10 width=121)
	  ->  Sort  (cost=43.89..43.91 rows=10 width=121)
	        Sort Key: c
	        ->  Index Scan using sbtest1_pkey on sbtest1  (cost=0.43..43.72 rows=10 width=121)
	              Index Cond: ((id >= 3559999) AND (id <= 3560008))

table 2 : explain SELECT DISTINCT c FROM sbtest2 WHERE id BETWEEN 3840436 AND 3840445 ORDER BY c
	Unique  (cost=43.90..43.95 rows=10 width=121)
	  ->  Sort  (cost=43.90..43.92 rows=10 width=121)
	        Sort Key: c
	        ->  Index Scan using sbtest2_pkey on sbtest2  (cost=0.43..43.73 rows=10 width=121)
	              Index Cond: ((id >= 3840436) AND (id <= 3840445))

table 3 : explain SELECT DISTINCT c FROM sbtest3 WHERE id BETWEEN 1563792 AND 1563801 ORDER BY c
	Unique  (cost=39.84..39.89 rows=9 width=121)
	  ->  Sort  (cost=39.84..39.87 rows=9 width=121)
	        Sort Key: c
	        ->  Index Scan using sbtest3_pkey on sbtest3  (cost=0.43..39.70 rows=9 width=121)
	              Index Cond: ((id >= 1563792) AND (id <= 1563801))

table 4 : explain SELECT DISTINCT c FROM sbtest4 WHERE id BETWEEN 9842435 AND 9842444 ORDER BY c
	Unique  (cost=43.59..43.64 rows=10 width=121)
	  ->  Sort  (cost=43.59..43.61 rows=10 width=121)
	        Sort Key: c
	        ->  Index Scan using sbtest4_pkey on sbtest4  (cost=0.43..43.42 rows=10 width=121)
	              Index Cond: ((id >= 9842435) AND (id <= 9842444))

table 5 : explain SELECT DISTINCT c FROM sbtest5 WHERE id BETWEEN 140259 AND 140268 ORDER BY c
	Unique  (cost=47.76..47.81 rows=11 width=121)
	  ->  Sort  (cost=47.76..47.78 rows=11 width=121)
	        Sort Key: c
	        ->  Index Scan using sbtest5_pkey on sbtest5  (cost=0.43..47.57 rows=11 width=121)
	              Index Cond: ((id >= 140259) AND (id <= 140268))

table 6 : explain SELECT DISTINCT c FROM sbtest6 WHERE id BETWEEN 1913350 AND 1913359 ORDER BY c
	Unique  (cost=43.79..43.84 rows=10 width=121)
	  ->  Sort  (cost=43.79..43.81 rows=10 width=121)
	        Sort Key: c
	        ->  Index Scan using sbtest6_pkey on sbtest6  (cost=0.43..43.62 rows=10 width=121)
	              Index Cond: ((id >= 1913350) AND (id <= 1913359))

table 7 : explain SELECT DISTINCT c FROM sbtest7 WHERE id BETWEEN 9330704 AND 9330713 ORDER BY c
	Unique  (cost=43.70..43.75 rows=10 width=121)
	  ->  Sort  (cost=43.70..43.73 rows=10 width=121)
	        Sort Key: c
	        ->  Index Scan using sbtest7_pkey on sbtest7  (cost=0.43..43.54 rows=10 width=121)
	              Index Cond: ((id >= 9330704) AND (id <= 9330713))

table 8 : explain SELECT DISTINCT c FROM sbtest8 WHERE id BETWEEN 8363737 AND 8363746 ORDER BY c
	Unique  (cost=43.74..43.79 rows=10 width=121)
	  ->  Sort  (cost=43.74..43.77 rows=10 width=121)
	        Sort Key: c
	        ->  Index Scan using sbtest8_pkey on sbtest8  (cost=0.43..43.58 rows=10 width=121)
	              Index Cond: ((id >= 8363737) AND (id <= 8363746))

for: order_ranges
table 1 : explain SELECT c FROM sbtest1 WHERE id BETWEEN 741992 AND 742001 ORDER BY c
	Sort  (cost=43.89..43.91 rows=10 width=121)
	  Sort Key: c
	  ->  Index Scan using sbtest1_pkey on sbtest1  (cost=0.43..43.72 rows=10 width=121)
	        Index Cond: ((id >= 741992) AND (id <= 742001))

table 2 : explain SELECT c FROM sbtest2 WHERE id BETWEEN 2729136 AND 2729145 ORDER BY c
	Sort  (cost=47.84..47.87 rows=11 width=121)
	  Sort Key: c
	  ->  Index Scan using sbtest2_pkey on sbtest2  (cost=0.43..47.65 rows=11 width=121)
	        Index Cond: ((id >= 2729136) AND (id <= 2729145))

table 3 : explain SELECT c FROM sbtest3 WHERE id BETWEEN 3928454 AND 3928463 ORDER BY c
	Sort  (cost=47.70..47.73 rows=11 width=121)
	  Sort Key: c
	  ->  Index Scan using sbtest3_pkey on sbtest3  (cost=0.43..47.51 rows=11 width=121)
	        Index Cond: ((id >= 3928454) AND (id <= 3928463))

table 4 : explain SELECT c FROM sbtest4 WHERE id BETWEEN 737030 AND 737039 ORDER BY c
	Sort  (cost=39.68..39.70 rows=9 width=121)
	  Sort Key: c
	  ->  Index Scan using sbtest4_pkey on sbtest4  (cost=0.43..39.53 rows=9 width=121)
	        Index Cond: ((id >= 737030) AND (id <= 737039))

table 5 : explain SELECT c FROM sbtest5 WHERE id BETWEEN 822055 AND 822064 ORDER BY c
	Sort  (cost=43.82..43.85 rows=10 width=121)
	  Sort Key: c
	  ->  Index Scan using sbtest5_pkey on sbtest5  (cost=0.43..43.66 rows=10 width=121)
	        Index Cond: ((id >= 822055) AND (id <= 822064))

table 6 : explain SELECT c FROM sbtest6 WHERE id BETWEEN 2169920 AND 2169929 ORDER BY c
	Sort  (cost=43.79..43.81 rows=10 width=121)
	  Sort Key: c
	  ->  Index Scan using sbtest6_pkey on sbtest6  (cost=0.43..43.62 rows=10 width=121)
	        Index Cond: ((id >= 2169920) AND (id <= 2169929))

table 7 : explain SELECT c FROM sbtest7 WHERE id BETWEEN 633306 AND 633315 ORDER BY c
	Sort  (cost=43.70..43.73 rows=10 width=121)
	  Sort Key: c
	  ->  Index Scan using sbtest7_pkey on sbtest7  (cost=0.43..43.54 rows=10 width=121)
	        Index Cond: ((id >= 633306) AND (id <= 633315))

table 8 : explain SELECT c FROM sbtest8 WHERE id BETWEEN 5934301 AND 5934310 ORDER BY c
	Sort  (cost=43.74..43.77 rows=10 width=121)
	  Sort Key: c
	  ->  Index Scan using sbtest8_pkey on sbtest8  (cost=0.43..43.58 rows=10 width=121)
	        Index Cond: ((id >= 5934301) AND (id <= 5934310))

for: order_ranges
table 1 : explain SELECT c FROM sbtest1 WHERE id BETWEEN 1510080 AND 1510089 ORDER BY c
	Sort  (cost=43.89..43.91 rows=10 width=121)
	  Sort Key: c
	  ->  Index Scan using sbtest1_pkey on sbtest1  (cost=0.43..43.72 rows=10 width=121)
	        Index Cond: ((id >= 1510080) AND (id <= 1510089))

table 2 : explain SELECT c FROM sbtest2 WHERE id BETWEEN 4118805 AND 4118814 ORDER BY c
	Sort  (cost=43.90..43.92 rows=10 width=121)
	  Sort Key: c
	  ->  Index Scan using sbtest2_pkey on sbtest2  (cost=0.43..43.73 rows=10 width=121)
	        Index Cond: ((id >= 4118805) AND (id <= 4118814))

table 3 : explain SELECT c FROM sbtest3 WHERE id BETWEEN 4430453 AND 4430462 ORDER BY c
	Sort  (cost=47.70..47.73 rows=11 width=121)
	  Sort Key: c
	  ->  Index Scan using sbtest3_pkey on sbtest3  (cost=0.43..47.51 rows=11 width=121)
	        Index Cond: ((id >= 4430453) AND (id <= 4430462))

table 4 : explain SELECT c FROM sbtest4 WHERE id BETWEEN 8795079 AND 8795088 ORDER BY c
	Sort  (cost=47.49..47.52 rows=11 width=121)
	  Sort Key: c
	  ->  Index Scan using sbtest4_pkey on sbtest4  (cost=0.43..47.30 rows=11 width=121)
	        Index Cond: ((id >= 8795079) AND (id <= 8795088))

table 5 : explain SELECT c FROM sbtest5 WHERE id BETWEEN 9717258 AND 9717267 ORDER BY c
	Sort  (cost=43.82..43.85 rows=10 width=121)
	  Sort Key: c
	  ->  Index Scan using sbtest5_pkey on sbtest5  (cost=0.43..43.66 rows=10 width=121)
	        Index Cond: ((id >= 9717258) AND (id <= 9717267))

table 6 : explain SELECT c FROM sbtest6 WHERE id BETWEEN 6960585 AND 6960594 ORDER BY c
	Sort  (cost=43.79..43.81 rows=10 width=121)
	  Sort Key: c
	  ->  Index Scan using sbtest6_pkey on sbtest6  (cost=0.43..43.62 rows=10 width=121)
	        Index Cond: ((id >= 6960585) AND (id <= 6960594))

table 7 : explain SELECT c FROM sbtest7 WHERE id BETWEEN 5044991 AND 5045000 ORDER BY c
	Sort  (cost=39.78..39.80 rows=9 width=121)
	  Sort Key: c
	  ->  Index Scan using sbtest7_pkey on sbtest7  (cost=0.43..39.64 rows=9 width=121)
	        Index Cond: ((id >= 5044991) AND (id <= 5045000))

table 8 : explain SELECT c FROM sbtest8 WHERE id BETWEEN 7564082 AND 7564091 ORDER BY c
	Sort  (cost=43.74..43.77 rows=10 width=121)
	  Sort Key: c
	  ->  Index Scan using sbtest8_pkey on sbtest8  (cost=0.43..43.58 rows=10 width=121)
	        Index Cond: ((id >= 7564082) AND (id <= 7564091))

for: order_ranges
table 1 : explain SELECT c FROM sbtest1 WHERE id BETWEEN 1016542 AND 1016551 ORDER BY c
	Sort  (cost=43.89..43.91 rows=10 width=121)
	  Sort Key: c
	  ->  Index Scan using sbtest1_pkey on sbtest1  (cost=0.43..43.72 rows=10 width=121)
	        Index Cond: ((id >= 1016542) AND (id <= 1016551))

table 2 : explain SELECT c FROM sbtest2 WHERE id BETWEEN 5846831 AND 5846840 ORDER BY c
	Sort  (cost=47.84..47.87 rows=11 width=121)
	  Sort Key: c
	  ->  Index Scan using sbtest2_pkey on sbtest2  (cost=0.43..47.65 rows=11 width=121)
	        Index Cond: ((id >= 5846831) AND (id <= 5846840))

table 3 : explain SELECT c FROM sbtest3 WHERE id BETWEEN 500082 AND 500091 ORDER BY c
	Sort  (cost=39.84..39.87 rows=9 width=121)
	  Sort Key: c
	  ->  Index Scan using sbtest3_pkey on sbtest3  (cost=0.43..39.70 rows=9 width=121)
	        Index Cond: ((id >= 500082) AND (id <= 500091))

table 4 : explain SELECT c FROM sbtest4 WHERE id BETWEEN 2428585 AND 2428594 ORDER BY c
	Sort  (cost=43.59..43.61 rows=10 width=121)
	  Sort Key: c
	  ->  Index Scan using sbtest4_pkey on sbtest4  (cost=0.43..43.42 rows=10 width=121)
	        Index Cond: ((id >= 2428585) AND (id <= 2428594))

table 5 : explain SELECT c FROM sbtest5 WHERE id BETWEEN 8315987 AND 8315996 ORDER BY c
	Sort  (cost=43.82..43.85 rows=10 width=121)
	  Sort Key: c
	  ->  Index Scan using sbtest5_pkey on sbtest5  (cost=0.43..43.66 rows=10 width=121)
	        Index Cond: ((id >= 8315987) AND (id <= 8315996))

table 6 : explain SELECT c FROM sbtest6 WHERE id BETWEEN 1310342 AND 1310351 ORDER BY c
	Sort  (cost=43.79..43.81 rows=10 width=121)
	  Sort Key: c
	  ->  Index Scan using sbtest6_pkey on sbtest6  (cost=0.43..43.62 rows=10 width=121)
	        Index Cond: ((id >= 1310342) AND (id <= 1310351))

table 7 : explain SELECT c FROM sbtest7 WHERE id BETWEEN 3050129 AND 3050138 ORDER BY c
	Sort  (cost=47.62..47.65 rows=11 width=121)
	  Sort Key: c
	  ->  Index Scan using sbtest7_pkey on sbtest7  (cost=0.43..47.43 rows=11 width=121)
	        Index Cond: ((id >= 3050129) AND (id <= 3050138))

table 8 : explain SELECT c FROM sbtest8 WHERE id BETWEEN 6013085 AND 6013094 ORDER BY c
	Sort  (cost=43.74..43.77 rows=10 width=121)
	  Sort Key: c
	  ->  Index Scan using sbtest8_pkey on sbtest8  (cost=0.43..43.58 rows=10 width=121)
	        Index Cond: ((id >= 6013085) AND (id <= 6013094))

for: order_ranges
table 1 : explain SELECT c FROM sbtest1 WHERE id BETWEEN 4867721 AND 4867730 ORDER BY c
	Sort  (cost=43.89..43.91 rows=10 width=121)
	  Sort Key: c
	  ->  Index Scan using sbtest1_pkey on sbtest1  (cost=0.43..43.72 rows=10 width=121)
	        Index Cond: ((id >= 4867721) AND (id <= 4867730))

table 2 : explain SELECT c FROM sbtest2 WHERE id BETWEEN 813900 AND 813909 ORDER BY c
	Sort  (cost=39.96..39.98 rows=9 width=121)
	  Sort Key: c
	  ->  Index Scan using sbtest2_pkey on sbtest2  (cost=0.43..39.81 rows=9 width=121)
	        Index Cond: ((id >= 813900) AND (id <= 813909))

table 3 : explain SELECT c FROM sbtest3 WHERE id BETWEEN 7746500 AND 7746509 ORDER BY c
	Sort  (cost=39.84..39.87 rows=9 width=121)
	  Sort Key: c
	  ->  Index Scan using sbtest3_pkey on sbtest3  (cost=0.43..39.70 rows=9 width=121)
	        Index Cond: ((id >= 7746500) AND (id <= 7746509))

table 4 : explain SELECT c FROM sbtest4 WHERE id BETWEEN 655055 AND 655064 ORDER BY c
	Sort  (cost=47.49..47.52 rows=11 width=121)
	  Sort Key: c
	  ->  Index Scan using sbtest4_pkey on sbtest4  (cost=0.43..47.30 rows=11 width=121)
	        Index Cond: ((id >= 655055) AND (id <= 655064))

table 5 : explain SELECT c FROM sbtest5 WHERE id BETWEEN 9977427 AND 9977436 ORDER BY c
	Sort  (cost=43.82..43.85 rows=10 width=121)
	  Sort Key: c
	  ->  Index Scan using sbtest5_pkey on sbtest5  (cost=0.43..43.66 rows=10 width=121)
	        Index Cond: ((id >= 9977427) AND (id <= 9977436))

table 6 : explain SELECT c FROM sbtest6 WHERE id BETWEEN 6541881 AND 6541890 ORDER BY c
	Sort  (cost=47.72..47.75 rows=11 width=121)
	  Sort Key: c
	  ->  Index Scan using sbtest6_pkey on sbtest6  (cost=0.43..47.53 rows=11 width=121)
	        Index Cond: ((id >= 6541881) AND (id <= 6541890))

table 7 : explain SELECT c FROM sbtest7 WHERE id BETWEEN 2300491 AND 2300500 ORDER BY c
	Sort  (cost=43.70..43.73 rows=10 width=121)
	  Sort Key: c
	  ->  Index Scan using sbtest7_pkey on sbtest7  (cost=0.43..43.54 rows=10 width=121)
	        Index Cond: ((id >= 2300491) AND (id <= 2300500))

table 8 : explain SELECT c FROM sbtest8 WHERE id BETWEEN 9143200 AND 9143209 ORDER BY c
	Sort  (cost=43.74..43.77 rows=10 width=121)
	  Sort Key: c
	  ->  Index Scan using sbtest8_pkey on sbtest8  (cost=0.43..43.58 rows=10 width=121)
	        Index Cond: ((id >= 9143200) AND (id <= 9143209))

for: distinct_ranges
table 1 : explain SELECT DISTINCT c FROM sbtest1 WHERE id BETWEEN 6627063 AND 6627072 ORDER BY c
	Unique  (cost=43.89..43.94 rows=10 width=121)
	  ->  Sort  (cost=43.89..43.91 rows=10 width=121)
	        Sort Key: c
	        ->  Index Scan using sbtest1_pkey on sbtest1  (cost=0.43..43.72 rows=10 width=121)
	              Index Cond: ((id >= 6627063) AND (id <= 6627072))

table 2 : explain SELECT DISTINCT c FROM sbtest2 WHERE id BETWEEN 9284528 AND 9284537 ORDER BY c
	Unique  (cost=39.96..40.00 rows=9 width=121)
	  ->  Sort  (cost=39.96..39.98 rows=9 width=121)
	        Sort Key: c
	        ->  Index Scan using sbtest2_pkey on sbtest2  (cost=0.43..39.81 rows=9 width=121)
	              Index Cond: ((id >= 9284528) AND (id <= 9284537))

table 3 : explain SELECT DISTINCT c FROM sbtest3 WHERE id BETWEEN 4463707 AND 4463716 ORDER BY c
	Unique  (cost=47.70..47.76 rows=11 width=121)
	  ->  Sort  (cost=47.70..47.73 rows=11 width=121)
	        Sort Key: c
	        ->  Index Scan using sbtest3_pkey on sbtest3  (cost=0.43..47.51 rows=11 width=121)
	              Index Cond: ((id >= 4463707) AND (id <= 4463716))

table 4 : explain SELECT DISTINCT c FROM sbtest4 WHERE id BETWEEN 2264086 AND 2264095 ORDER BY c
	Unique  (cost=47.49..47.55 rows=11 width=121)
	  ->  Sort  (cost=47.49..47.52 rows=11 width=121)
	        Sort Key: c
	        ->  Index Scan using sbtest4_pkey on sbtest4  (cost=0.43..47.30 rows=11 width=121)
	              Index Cond: ((id >= 2264086) AND (id <= 2264095))

table 5 : explain SELECT DISTINCT c FROM sbtest5 WHERE id BETWEEN 1190952 AND 1190961 ORDER BY c
	Unique  (cost=47.76..47.81 rows=11 width=121)
	  ->  Sort  (cost=47.76..47.78 rows=11 width=121)
	        Sort Key: c
	        ->  Index Scan using sbtest5_pkey on sbtest5  (cost=0.43..47.57 rows=11 width=121)
	              Index Cond: ((id >= 1190952) AND (id <= 1190961))

table 6 : explain SELECT DISTINCT c FROM sbtest6 WHERE id BETWEEN 9459063 AND 9459072 ORDER BY c
	Unique  (cost=47.72..47.77 rows=11 width=121)
	  ->  Sort  (cost=47.72..47.75 rows=11 width=121)
	        Sort Key: c
	        ->  Index Scan using sbtest6_pkey on sbtest6  (cost=0.43..47.53 rows=11 width=121)
	              Index Cond: ((id >= 9459063) AND (id <= 9459072))

table 7 : explain SELECT DISTINCT c FROM sbtest7 WHERE id BETWEEN 3582424 AND 3582433 ORDER BY c
	Unique  (cost=43.70..43.75 rows=10 width=121)
	  ->  Sort  (cost=43.70..43.73 rows=10 width=121)
	        Sort Key: c
	        ->  Index Scan using sbtest7_pkey on sbtest7  (cost=0.43..43.54 rows=10 width=121)
	              Index Cond: ((id >= 3582424) AND (id <= 3582433))

table 8 : explain SELECT DISTINCT c FROM sbtest8 WHERE id BETWEEN 4007243 AND 4007252 ORDER BY c
	Unique  (cost=43.74..43.79 rows=10 width=121)
	  ->  Sort  (cost=43.74..43.77 rows=10 width=121)
	        Sort Key: c
	        ->  Index Scan using sbtest8_pkey on sbtest8  (cost=0.43..43.58 rows=10 width=121)
	              Index Cond: ((id >= 4007243) AND (id <= 4007252))

for: distinct_ranges
table 1 : explain SELECT DISTINCT c FROM sbtest1 WHERE id BETWEEN 5067650 AND 5067659 ORDER BY c
	Unique  (cost=43.89..43.94 rows=10 width=121)
	  ->  Sort  (cost=43.89..43.91 rows=10 width=121)
	        Sort Key: c
	        ->  Index Scan using sbtest1_pkey on sbtest1  (cost=0.43..43.72 rows=10 width=121)
	              Index Cond: ((id >= 5067650) AND (id <= 5067659))

table 2 : explain SELECT DISTINCT c FROM sbtest2 WHERE id BETWEEN 7425862 AND 7425871 ORDER BY c
	Unique  (cost=43.90..43.95 rows=10 width=121)
	  ->  Sort  (cost=43.90..43.92 rows=10 width=121)
	        Sort Key: c
	        ->  Index Scan using sbtest2_pkey on sbtest2  (cost=0.43..43.73 rows=10 width=121)
	              Index Cond: ((id >= 7425862) AND (id <= 7425871))

table 3 : explain SELECT DISTINCT c FROM sbtest3 WHERE id BETWEEN 9458538 AND 9458547 ORDER BY c
	Unique  (cost=43.77..43.82 rows=10 width=121)
	  ->  Sort  (cost=43.77..43.80 rows=10 width=121)
	        Sort Key: c
	        ->  Index Scan using sbtest3_pkey on sbtest3  (cost=0.43..43.61 rows=10 width=121)
	              Index Cond: ((id >= 9458538) AND (id <= 9458547))

table 4 : explain SELECT DISTINCT c FROM sbtest4 WHERE id BETWEEN 3084238 AND 3084247 ORDER BY c
	Unique  (cost=47.49..47.55 rows=11 width=121)
	  ->  Sort  (cost=47.49..47.52 rows=11 width=121)
	        Sort Key: c
	        ->  Index Scan using sbtest4_pkey on sbtest4  (cost=0.43..47.30 rows=11 width=121)
	              Index Cond: ((id >= 3084238) AND (id <= 3084247))

table 5 : explain SELECT DISTINCT c FROM sbtest5 WHERE id BETWEEN 628495 AND 628504 ORDER BY c
	Unique  (cost=43.82..43.87 rows=10 width=121)
	  ->  Sort  (cost=43.82..43.85 rows=10 width=121)
	        Sort Key: c
	        ->  Index Scan using sbtest5_pkey on sbtest5  (cost=0.43..43.66 rows=10 width=121)
	              Index Cond: ((id >= 628495) AND (id <= 628504))

table 6 : explain SELECT DISTINCT c FROM sbtest6 WHERE id BETWEEN 712038 AND 712047 ORDER BY c
	Unique  (cost=39.86..39.90 rows=9 width=121)
	  ->  Sort  (cost=39.86..39.88 rows=9 width=121)
	        Sort Key: c
	        ->  Index Scan using sbtest6_pkey on sbtest6  (cost=0.43..39.71 rows=9 width=121)
	              Index Cond: ((id >= 712038) AND (id <= 712047))

table 7 : explain SELECT DISTINCT c FROM sbtest7 WHERE id BETWEEN 2980404 AND 2980413 ORDER BY c
	Unique  (cost=39.78..39.83 rows=9 width=121)
	  ->  Sort  (cost=39.78..39.80 rows=9 width=121)
	        Sort Key: c
	        ->  Index Scan using sbtest7_pkey on sbtest7  (cost=0.43..39.64 rows=9 width=121)
	              Index Cond: ((id >= 2980404) AND (id <= 2980413))

table 8 : explain SELECT DISTINCT c FROM sbtest8 WHERE id BETWEEN 6773365 AND 6773374 ORDER BY c
	Unique  (cost=43.74..43.79 rows=10 width=121)
	  ->  Sort  (cost=43.74..43.77 rows=10 width=121)
	        Sort Key: c
	        ->  Index Scan using sbtest8_pkey on sbtest8  (cost=0.43..43.58 rows=10 width=121)
	              Index Cond: ((id >= 6773365) AND (id <= 6773374))

for: order_ranges
table 1 : explain SELECT c FROM sbtest1 WHERE id BETWEEN 7036853 AND 7036862 ORDER BY c
	Sort  (cost=47.83..47.86 rows=11 width=121)
	  Sort Key: c
	  ->  Index Scan using sbtest1_pkey on sbtest1  (cost=0.43..47.64 rows=11 width=121)
	        Index Cond: ((id >= 7036853) AND (id <= 7036862))

table 2 : explain SELECT c FROM sbtest2 WHERE id BETWEEN 1469500 AND 1469509 ORDER BY c
	Sort  (cost=43.90..43.92 rows=10 width=121)
	  Sort Key: c
	  ->  Index Scan using sbtest2_pkey on sbtest2  (cost=0.43..43.73 rows=10 width=121)
	        Index Cond: ((id >= 1469500) AND (id <= 1469509))

table 3 : explain SELECT c FROM sbtest3 WHERE id BETWEEN 8986738 AND 8986747 ORDER BY c
	Sort  (cost=43.77..43.80 rows=10 width=121)
	  Sort Key: c
	  ->  Index Scan using sbtest3_pkey on sbtest3  (cost=0.43..43.61 rows=10 width=121)
	        Index Cond: ((id >= 8986738) AND (id <= 8986747))

table 4 : explain SELECT c FROM sbtest4 WHERE id BETWEEN 4412818 AND 4412827 ORDER BY c
	Sort  (cost=43.59..43.61 rows=10 width=121)
	  Sort Key: c
	  ->  Index Scan using sbtest4_pkey on sbtest4  (cost=0.43..43.42 rows=10 width=121)
	        Index Cond: ((id >= 4412818) AND (id <= 4412827))

table 5 : explain SELECT c FROM sbtest5 WHERE id BETWEEN 6902483 AND 6902492 ORDER BY c
	Sort  (cost=43.82..43.85 rows=10 width=121)
	  Sort Key: c
	  ->  Index Scan using sbtest5_pkey on sbtest5  (cost=0.43..43.66 rows=10 width=121)
	        Index Cond: ((id >= 6902483) AND (id <= 6902492))

table 6 : explain SELECT c FROM sbtest6 WHERE id BETWEEN 813024 AND 813033 ORDER BY c
	Sort  (cost=43.79..43.81 rows=10 width=121)
	  Sort Key: c
	  ->  Index Scan using sbtest6_pkey on sbtest6  (cost=0.43..43.62 rows=10 width=121)
	        Index Cond: ((id >= 813024) AND (id <= 813033))

table 7 : explain SELECT c FROM sbtest7 WHERE id BETWEEN 9220819 AND 9220828 ORDER BY c
	Sort  (cost=43.70..43.73 rows=10 width=121)
	  Sort Key: c
	  ->  Index Scan using sbtest7_pkey on sbtest7  (cost=0.43..43.54 rows=10 width=121)
	        Index Cond: ((id >= 9220819) AND (id <= 9220828))

table 8 : explain SELECT c FROM sbtest8 WHERE id BETWEEN 9818747 AND 9818756 ORDER BY c
	Sort  (cost=47.67..47.70 rows=11 width=121)
	  Sort Key: c
	  ->  Index Scan using sbtest8_pkey on sbtest8  (cost=0.43..47.48 rows=11 width=121)
	        Index Cond: ((id >= 9818747) AND (id <= 9818756))

for: order_ranges
table 1 : explain SELECT c FROM sbtest1 WHERE id BETWEEN 1850382 AND 1850391 ORDER BY c
	Sort  (cost=43.89..43.91 rows=10 width=121)
	  Sort Key: c
	  ->  Index Scan using sbtest1_pkey on sbtest1  (cost=0.43..43.72 rows=10 width=121)
	        Index Cond: ((id >= 1850382) AND (id <= 1850391))

table 2 : explain SELECT c FROM sbtest2 WHERE id BETWEEN 5074044 AND 5074053 ORDER BY c
	Sort  (cost=43.90..43.92 rows=10 width=121)
	  Sort Key: c
	  ->  Index Scan using sbtest2_pkey on sbtest2  (cost=0.43..43.73 rows=10 width=121)
	        Index Cond: ((id >= 5074044) AND (id <= 5074053))

table 3 : explain SELECT c FROM sbtest3 WHERE id BETWEEN 2480779 AND 2480788 ORDER BY c
	Sort  (cost=43.77..43.80 rows=10 width=121)
	  Sort Key: c
	  ->  Index Scan using sbtest3_pkey on sbtest3  (cost=0.43..43.61 rows=10 width=121)
	        Index Cond: ((id >= 2480779) AND (id <= 2480788))

table 4 : explain SELECT c FROM sbtest4 WHERE id BETWEEN 3269812 AND 3269821 ORDER BY c
	Sort  (cost=43.59..43.61 rows=10 width=121)
	  Sort Key: c
	  ->  Index Scan using sbtest4_pkey on sbtest4  (cost=0.43..43.42 rows=10 width=121)
	        Index Cond: ((id >= 3269812) AND (id <= 3269821))

table 5 : explain SELECT c FROM sbtest5 WHERE id BETWEEN 1915210 AND 1915219 ORDER BY c
	Sort  (cost=43.82..43.85 rows=10 width=121)
	  Sort Key: c
	  ->  Index Scan using sbtest5_pkey on sbtest5  (cost=0.43..43.66 rows=10 width=121)
	        Index Cond: ((id >= 1915210) AND (id <= 1915219))

table 6 : explain SELECT c FROM sbtest6 WHERE id BETWEEN 1794325 AND 1794334 ORDER BY c
	Sort  (cost=39.86..39.88 rows=9 width=121)
	  Sort Key: c
	  ->  Index Scan using sbtest6_pkey on sbtest6  (cost=0.43..39.71 rows=9 width=121)
	        Index Cond: ((id >= 1794325) AND (id <= 1794334))

table 7 : explain SELECT c FROM sbtest7 WHERE id BETWEEN 7532751 AND 7532760 ORDER BY c
	Sort  (cost=47.62..47.65 rows=11 width=121)
	  Sort Key: c
	  ->  Index Scan using sbtest7_pkey on sbtest7  (cost=0.43..47.43 rows=11 width=121)
	        Index Cond: ((id >= 7532751) AND (id <= 7532760))

table 8 : explain SELECT c FROM sbtest8 WHERE id BETWEEN 7431066 AND 7431075 ORDER BY c
	Sort  (cost=47.67..47.70 rows=11 width=121)
	  Sort Key: c
	  ->  Index Scan using sbtest8_pkey on sbtest8  (cost=0.43..47.48 rows=11 width=121)
	        Index Cond: ((id >= 7431066) AND (id <= 7431075))

for: order_ranges
table 1 : explain SELECT c FROM sbtest1 WHERE id BETWEEN 6275226 AND 6275235 ORDER BY c
	Sort  (cost=43.89..43.91 rows=10 width=121)
	  Sort Key: c
	  ->  Index Scan using sbtest1_pkey on sbtest1  (cost=0.43..43.72 rows=10 width=121)
	        Index Cond: ((id >= 6275226) AND (id <= 6275235))

table 2 : explain SELECT c FROM sbtest2 WHERE id BETWEEN 4221002 AND 4221011 ORDER BY c
	Sort  (cost=43.90..43.92 rows=10 width=121)
	  Sort Key: c
	  ->  Index Scan using sbtest2_pkey on sbtest2  (cost=0.43..43.73 rows=10 width=121)
	        Index Cond: ((id >= 4221002) AND (id <= 4221011))

table 3 : explain SELECT c FROM sbtest3 WHERE id BETWEEN 8247818 AND 8247827 ORDER BY c
	Sort  (cost=43.77..43.80 rows=10 width=121)
	  Sort Key: c
	  ->  Index Scan using sbtest3_pkey on sbtest3  (cost=0.43..43.61 rows=10 width=121)
	        Index Cond: ((id >= 8247818) AND (id <= 8247827))

table 4 : explain SELECT c FROM sbtest4 WHERE id BETWEEN 3494447 AND 3494456 ORDER BY c
	Sort  (cost=43.59..43.61 rows=10 width=121)
	  Sort Key: c
	  ->  Index Scan using sbtest4_pkey on sbtest4  (cost=0.43..43.42 rows=10 width=121)
	        Index Cond: ((id >= 3494447) AND (id <= 3494456))

table 5 : explain SELECT c FROM sbtest5 WHERE id BETWEEN 8918220 AND 8918229 ORDER BY c
	Sort  (cost=43.82..43.85 rows=10 width=121)
	  Sort Key: c
	  ->  Index Scan using sbtest5_pkey on sbtest5  (cost=0.43..43.66 rows=10 width=121)
	        Index Cond: ((id >= 8918220) AND (id <= 8918229))

table 6 : explain SELECT c FROM sbtest6 WHERE id BETWEEN 2150075 AND 2150084 ORDER BY c
	Sort  (cost=43.79..43.81 rows=10 width=121)
	  Sort Key: c
	  ->  Index Scan using sbtest6_pkey on sbtest6  (cost=0.43..43.62 rows=10 width=121)
	        Index Cond: ((id >= 2150075) AND (id <= 2150084))

table 7 : explain SELECT c FROM sbtest7 WHERE id BETWEEN 9361075 AND 9361084 ORDER BY c
	Sort  (cost=43.70..43.73 rows=10 width=121)
	  Sort Key: c
	  ->  Index Scan using sbtest7_pkey on sbtest7  (cost=0.43..43.54 rows=10 width=121)
	        Index Cond: ((id >= 9361075) AND (id <= 9361084))

table 8 : explain SELECT c FROM sbtest8 WHERE id BETWEEN 7380230 AND 7380239 ORDER BY c
	Sort  (cost=43.74..43.77 rows=10 width=121)
	  Sort Key: c
	  ->  Index Scan using sbtest8_pkey on sbtest8  (cost=0.43..43.58 rows=10 width=121)
	        Index Cond: ((id >= 7380230) AND (id <= 7380239))

for: order_ranges
table 1 : explain SELECT c FROM sbtest1 WHERE id BETWEEN 2420256 AND 2420265 ORDER BY c
	Sort  (cost=43.89..43.91 rows=10 width=121)
	  Sort Key: c
	  ->  Index Scan using sbtest1_pkey on sbtest1  (cost=0.43..43.72 rows=10 width=121)
	        Index Cond: ((id >= 2420256) AND (id <= 2420265))

table 2 : explain SELECT c FROM sbtest2 WHERE id BETWEEN 4117467 AND 4117476 ORDER BY c
	Sort  (cost=43.90..43.92 rows=10 width=121)
	  Sort Key: c
	  ->  Index Scan using sbtest2_pkey on sbtest2  (cost=0.43..43.73 rows=10 width=121)
	        Index Cond: ((id >= 4117467) AND (id <= 4117476))

table 3 : explain SELECT c FROM sbtest3 WHERE id BETWEEN 9776096 AND 9776105 ORDER BY c
	Sort  (cost=43.77..43.80 rows=10 width=121)
	  Sort Key: c
	  ->  Index Scan using sbtest3_pkey on sbtest3  (cost=0.43..43.61 rows=10 width=121)
	        Index Cond: ((id >= 9776096) AND (id <= 9776105))

table 4 : explain SELECT c FROM sbtest4 WHERE id BETWEEN 2329228 AND 2329237 ORDER BY c
	Sort  (cost=43.59..43.61 rows=10 width=121)
	  Sort Key: c
	  ->  Index Scan using sbtest4_pkey on sbtest4  (cost=0.43..43.42 rows=10 width=121)
	        Index Cond: ((id >= 2329228) AND (id <= 2329237))

table 5 : explain SELECT c FROM sbtest5 WHERE id BETWEEN 3928065 AND 3928074 ORDER BY c
	Sort  (cost=43.82..43.85 rows=10 width=121)
	  Sort Key: c
	  ->  Index Scan using sbtest5_pkey on sbtest5  (cost=0.43..43.66 rows=10 width=121)
	        Index Cond: ((id >= 3928065) AND (id <= 3928074))

table 6 : explain SELECT c FROM sbtest6 WHERE id BETWEEN 970883 AND 970892 ORDER BY c
	Sort  (cost=43.79..43.81 rows=10 width=121)
	  Sort Key: c
	  ->  Index Scan using sbtest6_pkey on sbtest6  (cost=0.43..43.62 rows=10 width=121)
	        Index Cond: ((id >= 970883) AND (id <= 970892))

table 7 : explain SELECT c FROM sbtest7 WHERE id BETWEEN 1931890 AND 1931899 ORDER BY c
	Sort  (cost=39.78..39.80 rows=9 width=121)
	  Sort Key: c
	  ->  Index Scan using sbtest7_pkey on sbtest7  (cost=0.43..39.64 rows=9 width=121)
	        Index Cond: ((id >= 1931890) AND (id <= 1931899))

table 8 : explain SELECT c FROM sbtest8 WHERE id BETWEEN 3669243 AND 3669252 ORDER BY c
	Sort  (cost=39.82..39.84 rows=9 width=121)
	  Sort Key: c
	  ->  Index Scan using sbtest8_pkey on sbtest8  (cost=0.43..39.68 rows=9 width=121)
	        Index Cond: ((id >= 3669243) AND (id <= 3669252))

for: order_ranges
table 1 : explain SELECT c FROM sbtest1 WHERE id BETWEEN 7209612 AND 7209621 ORDER BY c
	Sort  (cost=43.89..43.91 rows=10 width=121)
	  Sort Key: c
	  ->  Index Scan using sbtest1_pkey on sbtest1  (cost=0.43..43.72 rows=10 width=121)
	        Index Cond: ((id >= 7209612) AND (id <= 7209621))

table 2 : explain SELECT c FROM sbtest2 WHERE id BETWEEN 3535808 AND 3535817 ORDER BY c
	Sort  (cost=43.90..43.92 rows=10 width=121)
	  Sort Key: c
	  ->  Index Scan using sbtest2_pkey on sbtest2  (cost=0.43..43.73 rows=10 width=121)
	        Index Cond: ((id >= 3535808) AND (id <= 3535817))

table 3 : explain SELECT c FROM sbtest3 WHERE id BETWEEN 7919972 AND 7919981 ORDER BY c
	Sort  (cost=43.77..43.80 rows=10 width=121)
	  Sort Key: c
	  ->  Index Scan using sbtest3_pkey on sbtest3  (cost=0.43..43.61 rows=10 width=121)
	        Index Cond: ((id >= 7919972) AND (id <= 7919981))

table 4 : explain SELECT c FROM sbtest4 WHERE id BETWEEN 7303002 AND 7303011 ORDER BY c
	Sort  (cost=47.49..47.52 rows=11 width=121)
	  Sort Key: c
	  ->  Index Scan using sbtest4_pkey on sbtest4  (cost=0.43..47.30 rows=11 width=121)
	        Index Cond: ((id >= 7303002) AND (id <= 7303011))

table 5 : explain SELECT c FROM sbtest5 WHERE id BETWEEN 2308561 AND 2308570 ORDER BY c
	Sort  (cost=43.82..43.85 rows=10 width=121)
	  Sort Key: c
	  ->  Index Scan using sbtest5_pkey on sbtest5  (cost=0.43..43.66 rows=10 width=121)
	        Index Cond: ((id >= 2308561) AND (id <= 2308570))

table 6 : explain SELECT c FROM sbtest6 WHERE id BETWEEN 5276436 AND 5276445 ORDER BY c
	Sort  (cost=47.72..47.75 rows=11 width=121)
	  Sort Key: c
	  ->  Index Scan using sbtest6_pkey on sbtest6  (cost=0.43..47.53 rows=11 width=121)
	        Index Cond: ((id >= 5276436) AND (id <= 5276445))

table 7 : explain SELECT c FROM sbtest7 WHERE id BETWEEN 4527080 AND 4527089 ORDER BY c
	Sort  (cost=43.70..43.73 rows=10 width=121)
	  Sort Key: c
	  ->  Index Scan using sbtest7_pkey on sbtest7  (cost=0.43..43.54 rows=10 width=121)
	        Index Cond: ((id >= 4527080) AND (id <= 4527089))

table 8 : explain SELECT c FROM sbtest8 WHERE id BETWEEN 7976754 AND 7976763 ORDER BY c
	Sort  (cost=39.82..39.84 rows=9 width=121)
	  Sort Key: c
	  ->  Index Scan using sbtest8_pkey on sbtest8  (cost=0.43..39.68 rows=9 width=121)
	        Index Cond: ((id >= 7976754) AND (id <= 7976763))

for: distinct_ranges
table 1 : explain SELECT DISTINCT c FROM sbtest1 WHERE id BETWEEN 4841073 AND 4841082 ORDER BY c
	Unique  (cost=43.89..43.94 rows=10 width=121)
	  ->  Sort  (cost=43.89..43.91 rows=10 width=121)
	        Sort Key: c
	        ->  Index Scan using sbtest1_pkey on sbtest1  (cost=0.43..43.72 rows=10 width=121)
	              Index Cond: ((id >= 4841073) AND (id <= 4841082))

table 2 : explain SELECT DISTINCT c FROM sbtest2 WHERE id BETWEEN 2087691 AND 2087700 ORDER BY c
	Unique  (cost=43.90..43.95 rows=10 width=121)
	  ->  Sort  (cost=43.90..43.92 rows=10 width=121)
	        Sort Key: c
	        ->  Index Scan using sbtest2_pkey on sbtest2  (cost=0.43..43.73 rows=10 width=121)
	              Index Cond: ((id >= 2087691) AND (id <= 2087700))

table 3 : explain SELECT DISTINCT c FROM sbtest3 WHERE id BETWEEN 1980611 AND 1980620 ORDER BY c
	Unique  (cost=43.77..43.82 rows=10 width=121)
	  ->  Sort  (cost=43.77..43.80 rows=10 width=121)
	        Sort Key: c
	        ->  Index Scan using sbtest3_pkey on sbtest3  (cost=0.43..43.61 rows=10 width=121)
	              Index Cond: ((id >= 1980611) AND (id <= 1980620))

table 4 : explain SELECT DISTINCT c FROM sbtest4 WHERE id BETWEEN 3836514 AND 3836523 ORDER BY c
	Unique  (cost=43.59..43.64 rows=10 width=121)
	  ->  Sort  (cost=43.59..43.61 rows=10 width=121)
	        Sort Key: c
	        ->  Index Scan using sbtest4_pkey on sbtest4  (cost=0.43..43.42 rows=10 width=121)
	              Index Cond: ((id >= 3836514) AND (id <= 3836523))

table 5 : explain SELECT DISTINCT c FROM sbtest5 WHERE id BETWEEN 6412175 AND 6412184 ORDER BY c
	Unique  (cost=47.76..47.81 rows=11 width=121)
	  ->  Sort  (cost=47.76..47.78 rows=11 width=121)
	        Sort Key: c
	        ->  Index Scan using sbtest5_pkey on sbtest5  (cost=0.43..47.57 rows=11 width=121)
	              Index Cond: ((id >= 6412175) AND (id <= 6412184))

table 6 : explain SELECT DISTINCT c FROM sbtest6 WHERE id BETWEEN 959917 AND 959926 ORDER BY c
	Unique  (cost=43.79..43.84 rows=10 width=121)
	  ->  Sort  (cost=43.79..43.81 rows=10 width=121)
	        Sort Key: c
	        ->  Index Scan using sbtest6_pkey on sbtest6  (cost=0.43..43.62 rows=10 width=121)
	              Index Cond: ((id >= 959917) AND (id <= 959926))

table 7 : explain SELECT DISTINCT c FROM sbtest7 WHERE id BETWEEN 7824361 AND 7824370 ORDER BY c
	Unique  (cost=43.70..43.75 rows=10 width=121)
	  ->  Sort  (cost=43.70..43.73 rows=10 width=121)
	        Sort Key: c
	        ->  Index Scan using sbtest7_pkey on sbtest7  (cost=0.43..43.54 rows=10 width=121)
	              Index Cond: ((id >= 7824361) AND (id <= 7824370))

table 8 : explain SELECT DISTINCT c FROM sbtest8 WHERE id BETWEEN 2798927 AND 2798936 ORDER BY c
	Unique  (cost=39.82..39.86 rows=9 width=121)
	  ->  Sort  (cost=39.82..39.84 rows=9 width=121)
	        Sort Key: c
	        ->  Index Scan using sbtest8_pkey on sbtest8  (cost=0.43..39.68 rows=9 width=121)
	              Index Cond: ((id >= 2798927) AND (id <= 2798936))

for: distinct_ranges
table 1 : explain SELECT DISTINCT c FROM sbtest1 WHERE id BETWEEN 2104127 AND 2104136 ORDER BY c
	Unique  (cost=47.83..47.89 rows=11 width=121)
	  ->  Sort  (cost=47.83..47.86 rows=11 width=121)
	        Sort Key: c
	        ->  Index Scan using sbtest1_pkey on sbtest1  (cost=0.43..47.64 rows=11 width=121)
	              Index Cond: ((id >= 2104127) AND (id <= 2104136))

table 2 : explain SELECT DISTINCT c FROM sbtest2 WHERE id BETWEEN 3687774 AND 3687783 ORDER BY c
	Unique  (cost=43.90..43.95 rows=10 width=121)
	  ->  Sort  (cost=43.90..43.92 rows=10 width=121)
	        Sort Key: c
	        ->  Index Scan using sbtest2_pkey on sbtest2  (cost=0.43..43.73 rows=10 width=121)
	              Index Cond: ((id >= 3687774) AND (id <= 3687783))

table 3 : explain SELECT DISTINCT c FROM sbtest3 WHERE id BETWEEN 5241742 AND 5241751 ORDER BY c
	Unique  (cost=43.77..43.82 rows=10 width=121)
	  ->  Sort  (cost=43.77..43.80 rows=10 width=121)
	        Sort Key: c
	        ->  Index Scan using sbtest3_pkey on sbtest3  (cost=0.43..43.61 rows=10 width=121)
	              Index Cond: ((id >= 5241742) AND (id <= 5241751))

table 4 : explain SELECT DISTINCT c FROM sbtest4 WHERE id BETWEEN 3113490 AND 3113499 ORDER BY c
	Unique  (cost=47.49..47.55 rows=11 width=121)
	  ->  Sort  (cost=47.49..47.52 rows=11 width=121)
	        Sort Key: c
	        ->  Index Scan using sbtest4_pkey on sbtest4  (cost=0.43..47.30 rows=11 width=121)
	              Index Cond: ((id >= 3113490) AND (id <= 3113499))

table 5 : explain SELECT DISTINCT c FROM sbtest5 WHERE id BETWEEN 3161498 AND 3161507 ORDER BY c
	Unique  (cost=43.82..43.87 rows=10 width=121)
	  ->  Sort  (cost=43.82..43.85 rows=10 width=121)
	        Sort Key: c
	        ->  Index Scan using sbtest5_pkey on sbtest5  (cost=0.43..43.66 rows=10 width=121)
	              Index Cond: ((id >= 3161498) AND (id <= 3161507))

table 6 : explain SELECT DISTINCT c FROM sbtest6 WHERE id BETWEEN 1165061 AND 1165070 ORDER BY c
	Unique  (cost=39.86..39.90 rows=9 width=121)
	  ->  Sort  (cost=39.86..39.88 rows=9 width=121)
	        Sort Key: c
	        ->  Index Scan using sbtest6_pkey on sbtest6  (cost=0.43..39.71 rows=9 width=121)
	              Index Cond: ((id >= 1165061) AND (id <= 1165070))

table 7 : explain SELECT DISTINCT c FROM sbtest7 WHERE id BETWEEN 2907847 AND 2907856 ORDER BY c
	Unique  (cost=39.78..39.83 rows=9 width=121)
	  ->  Sort  (cost=39.78..39.80 rows=9 width=121)
	        Sort Key: c
	        ->  Index Scan using sbtest7_pkey on sbtest7  (cost=0.43..39.64 rows=9 width=121)
	              Index Cond: ((id >= 2907847) AND (id <= 2907856))

table 8 : explain SELECT DISTINCT c FROM sbtest8 WHERE id BETWEEN 8783592 AND 8783601 ORDER BY c
	Unique  (cost=43.74..43.79 rows=10 width=121)
	  ->  Sort  (cost=43.74..43.77 rows=10 width=121)
	        Sort Key: c
	        ->  Index Scan using sbtest8_pkey on sbtest8  (cost=0.43..43.58 rows=10 width=121)
	              Index Cond: ((id >= 8783592) AND (id <= 8783601))

for: order_ranges
table 1 : explain SELECT c FROM sbtest1 WHERE id BETWEEN 4093703 AND 4093712 ORDER BY c
	Sort  (cost=39.95..39.97 rows=9 width=121)
	  Sort Key: c
	  ->  Index Scan using sbtest1_pkey on sbtest1  (cost=0.43..39.80 rows=9 width=121)
	        Index Cond: ((id >= 4093703) AND (id <= 4093712))

table 2 : explain SELECT c FROM sbtest2 WHERE id BETWEEN 6826788 AND 6826797 ORDER BY c
	Sort  (cost=39.96..39.98 rows=9 width=121)
	  Sort Key: c
	  ->  Index Scan using sbtest2_pkey on sbtest2  (cost=0.43..39.81 rows=9 width=121)
	        Index Cond: ((id >= 6826788) AND (id <= 6826797))

table 3 : explain SELECT c FROM sbtest3 WHERE id BETWEEN 6781035 AND 6781044 ORDER BY c
	Sort  (cost=43.77..43.80 rows=10 width=121)
	  Sort Key: c
	  ->  Index Scan using sbtest3_pkey on sbtest3  (cost=0.43..43.61 rows=10 width=121)
	        Index Cond: ((id >= 6781035) AND (id <= 6781044))

table 4 : explain SELECT c FROM sbtest4 WHERE id BETWEEN 3912488 AND 3912497 ORDER BY c
	Sort  (cost=43.59..43.61 rows=10 width=121)
	  Sort Key: c
	  ->  Index Scan using sbtest4_pkey on sbtest4  (cost=0.43..43.42 rows=10 width=121)
	        Index Cond: ((id >= 3912488) AND (id <= 3912497))

table 5 : explain SELECT c FROM sbtest5 WHERE id BETWEEN 721003 AND 721012 ORDER BY c
	Sort  (cost=47.76..47.78 rows=11 width=121)
	  Sort Key: c
	  ->  Index Scan using sbtest5_pkey on sbtest5  (cost=0.43..47.57 rows=11 width=121)
	        Index Cond: ((id >= 721003) AND (id <= 721012))

table 6 : explain SELECT c FROM sbtest6 WHERE id BETWEEN 1206291 AND 1206300 ORDER BY c
	Sort  (cost=43.79..43.81 rows=10 width=121)
	  Sort Key: c
	  ->  Index Scan using sbtest6_pkey on sbtest6  (cost=0.43..43.62 rows=10 width=121)
	        Index Cond: ((id >= 1206291) AND (id <= 1206300))

table 7 : explain SELECT c FROM sbtest7 WHERE id BETWEEN 9199639 AND 9199648 ORDER BY c
	Sort  (cost=43.70..43.73 rows=10 width=121)
	  Sort Key: c
	  ->  Index Scan using sbtest7_pkey on sbtest7  (cost=0.43..43.54 rows=10 width=121)
	        Index Cond: ((id >= 9199639) AND (id <= 9199648))

table 8 : explain SELECT c FROM sbtest8 WHERE id BETWEEN 1021308 AND 1021317 ORDER BY c
	Sort  (cost=43.74..43.77 rows=10 width=121)
	  Sort Key: c
	  ->  Index Scan using sbtest8_pkey on sbtest8  (cost=0.43..43.58 rows=10 width=121)
	        Index Cond: ((id >= 1021308) AND (id <= 1021317))

for: distinct_ranges
table 1 : explain SELECT DISTINCT c FROM sbtest1 WHERE id BETWEEN 660751 AND 660760 ORDER BY c
	Unique  (cost=39.95..39.99 rows=9 width=121)
	  ->  Sort  (cost=39.95..39.97 rows=9 width=121)
	        Sort Key: c
	        ->  Index Scan using sbtest1_pkey on sbtest1  (cost=0.43..39.80 rows=9 width=121)
	              Index Cond: ((id >= 660751) AND (id <= 660760))

table 2 : explain SELECT DISTINCT c FROM sbtest2 WHERE id BETWEEN 8747371 AND 8747380 ORDER BY c
	Unique  (cost=39.96..40.00 rows=9 width=121)
	  ->  Sort  (cost=39.96..39.98 rows=9 width=121)
	        Sort Key: c
	        ->  Index Scan using sbtest2_pkey on sbtest2  (cost=0.43..39.81 rows=9 width=121)
	              Index Cond: ((id >= 8747371) AND (id <= 8747380))

table 3 : explain SELECT DISTINCT c FROM sbtest3 WHERE id BETWEEN 6070208 AND 6070217 ORDER BY c
	Unique  (cost=43.77..43.82 rows=10 width=121)
	  ->  Sort  (cost=43.77..43.80 rows=10 width=121)
	        Sort Key: c
	        ->  Index Scan using sbtest3_pkey on sbtest3  (cost=0.43..43.61 rows=10 width=121)
	              Index Cond: ((id >= 6070208) AND (id <= 6070217))

table 4 : explain SELECT DISTINCT c FROM sbtest4 WHERE id BETWEEN 1542041 AND 1542050 ORDER BY c
	Unique  (cost=39.68..39.72 rows=9 width=121)
	  ->  Sort  (cost=39.68..39.70 rows=9 width=121)
	        Sort Key: c
	        ->  Index Scan using sbtest4_pkey on sbtest4  (cost=0.43..39.53 rows=9 width=121)
	              Index Cond: ((id >= 1542041) AND (id <= 1542050))

table 5 : explain SELECT DISTINCT c FROM sbtest5 WHERE id BETWEEN 4924548 AND 4924557 ORDER BY c
	Unique  (cost=39.89..39.93 rows=9 width=121)
	  ->  Sort  (cost=39.89..39.91 rows=9 width=121)
	        Sort Key: c
	        ->  Index Scan using sbtest5_pkey on sbtest5  (cost=0.43..39.74 rows=9 width=121)
	              Index Cond: ((id >= 4924548) AND (id <= 4924557))

table 6 : explain SELECT DISTINCT c FROM sbtest6 WHERE id BETWEEN 4845365 AND 4845374 ORDER BY c
	Unique  (cost=43.79..43.84 rows=10 width=121)
	  ->  Sort  (cost=43.79..43.81 rows=10 width=121)
	        Sort Key: c
	        ->  Index Scan using sbtest6_pkey on sbtest6  (cost=0.43..43.62 rows=10 width=121)
	              Index Cond: ((id >= 4845365) AND (id <= 4845374))

table 7 : explain SELECT DISTINCT c FROM sbtest7 WHERE id BETWEEN 1745721 AND 1745730 ORDER BY c
	Unique  (cost=39.78..39.83 rows=9 width=121)
	  ->  Sort  (cost=39.78..39.80 rows=9 width=121)
	        Sort Key: c
	        ->  Index Scan using sbtest7_pkey on sbtest7  (cost=0.43..39.64 rows=9 width=121)
	              Index Cond: ((id >= 1745721) AND (id <= 1745730))

table 8 : explain SELECT DISTINCT c FROM sbtest8 WHERE id BETWEEN 196243 AND 196252 ORDER BY c
	Unique  (cost=39.82..39.86 rows=9 width=121)
	  ->  Sort  (cost=39.82..39.84 rows=9 width=121)
	        Sort Key: c
	        ->  Index Scan using sbtest8_pkey on sbtest8  (cost=0.43..39.68 rows=9 width=121)
	              Index Cond: ((id >= 196243) AND (id <= 196252))

for: distinct_ranges
table 1 : explain SELECT DISTINCT c FROM sbtest1 WHERE id BETWEEN 8803166 AND 8803175 ORDER BY c
	Unique  (cost=39.95..39.99 rows=9 width=121)
	  ->  Sort  (cost=39.95..39.97 rows=9 width=121)
	        Sort Key: c
	        ->  Index Scan using sbtest1_pkey on sbtest1  (cost=0.43..39.80 rows=9 width=121)
	              Index Cond: ((id >= 8803166) AND (id <= 8803175))

table 2 : explain SELECT DISTINCT c FROM sbtest2 WHERE id BETWEEN 7744181 AND 7744190 ORDER BY c
	Unique  (cost=43.90..43.95 rows=10 width=121)
	  ->  Sort  (cost=43.90..43.92 rows=10 width=121)
	        Sort Key: c
	        ->  Index Scan using sbtest2_pkey on sbtest2  (cost=0.43..43.73 rows=10 width=121)
	              Index Cond: ((id >= 7744181) AND (id <= 7744190))

table 3 : explain SELECT DISTINCT c FROM sbtest3 WHERE id BETWEEN 1575141 AND 1575150 ORDER BY c
	Unique  (cost=39.84..39.89 rows=9 width=121)
	  ->  Sort  (cost=39.84..39.87 rows=9 width=121)
	        Sort Key: c
	        ->  Index Scan using sbtest3_pkey on sbtest3  (cost=0.43..39.70 rows=9 width=121)
	              Index Cond: ((id >= 1575141) AND (id <= 1575150))

table 4 : explain SELECT DISTINCT c FROM sbtest4 WHERE id BETWEEN 338688 AND 338697 ORDER BY c
	Unique  (cost=43.59..43.64 rows=10 width=121)
	  ->  Sort  (cost=43.59..43.61 rows=10 width=121)
	        Sort Key: c
	        ->  Index Scan using sbtest4_pkey on sbtest4  (cost=0.43..43.42 rows=10 width=121)
	              Index Cond: ((id >= 338688) AND (id <= 338697))

table 5 : explain SELECT DISTINCT c FROM sbtest5 WHERE id BETWEEN 2512337 AND 2512346 ORDER BY c
	Unique  (cost=43.82..43.87 rows=10 width=121)
	  ->  Sort  (cost=43.82..43.85 rows=10 width=121)
	        Sort Key: c
	        ->  Index Scan using sbtest5_pkey on sbtest5  (cost=0.43..43.66 rows=10 width=121)
	              Index Cond: ((id >= 2512337) AND (id <= 2512346))

table 6 : explain SELECT DISTINCT c FROM sbtest6 WHERE id BETWEEN 6666034 AND 6666043 ORDER BY c
	Unique  (cost=43.79..43.84 rows=10 width=121)
	  ->  Sort  (cost=43.79..43.81 rows=10 width=121)
	        Sort Key: c
	        ->  Index Scan using sbtest6_pkey on sbtest6  (cost=0.43..43.62 rows=10 width=121)
	              Index Cond: ((id >= 6666034) AND (id <= 6666043))

table 7 : explain SELECT DISTINCT c FROM sbtest7 WHERE id BETWEEN 5626561 AND 5626570 ORDER BY c
	Unique  (cost=43.70..43.75 rows=10 width=121)
	  ->  Sort  (cost=43.70..43.73 rows=10 width=121)
	        Sort Key: c
	        ->  Index Scan using sbtest7_pkey on sbtest7  (cost=0.43..43.54 rows=10 width=121)
	              Index Cond: ((id >= 5626561) AND (id <= 5626570))

table 8 : explain SELECT DISTINCT c FROM sbtest8 WHERE id BETWEEN 9359922 AND 9359931 ORDER BY c
	Unique  (cost=43.74..43.79 rows=10 width=121)
	  ->  Sort  (cost=43.74..43.77 rows=10 width=121)
	        Sort Key: c
	        ->  Index Scan using sbtest8_pkey on sbtest8  (cost=0.43..43.58 rows=10 width=121)
	              Index Cond: ((id >= 9359922) AND (id <= 9359931))

for: distinct_ranges
table 1 : explain SELECT DISTINCT c FROM sbtest1 WHERE id BETWEEN 7648794 AND 7648803 ORDER BY c
	Unique  (cost=43.89..43.94 rows=10 width=121)
	  ->  Sort  (cost=43.89..43.91 rows=10 width=121)
	        Sort Key: c
	        ->  Index Scan using sbtest1_pkey on sbtest1  (cost=0.43..43.72 rows=10 width=121)
	              Index Cond: ((id >= 7648794) AND (id <= 7648803))

table 2 : explain SELECT DISTINCT c FROM sbtest2 WHERE id BETWEEN 3788102 AND 3788111 ORDER BY c
	Unique  (cost=43.90..43.95 rows=10 width=121)
	  ->  Sort  (cost=43.90..43.92 rows=10 width=121)
	        Sort Key: c
	        ->  Index Scan using sbtest2_pkey on sbtest2  (cost=0.43..43.73 rows=10 width=121)
	              Index Cond: ((id >= 3788102) AND (id <= 3788111))

table 3 : explain SELECT DISTINCT c FROM sbtest3 WHERE id BETWEEN 2386759 AND 2386768 ORDER BY c
	Unique  (cost=43.77..43.82 rows=10 width=121)
	  ->  Sort  (cost=43.77..43.80 rows=10 width=121)
	        Sort Key: c
	        ->  Index Scan using sbtest3_pkey on sbtest3  (cost=0.43..43.61 rows=10 width=121)
	              Index Cond: ((id >= 2386759) AND (id <= 2386768))

table 4 : explain SELECT DISTINCT c FROM sbtest4 WHERE id BETWEEN 1724630 AND 1724639 ORDER BY c
	Unique  (cost=47.49..47.55 rows=11 width=121)
	  ->  Sort  (cost=47.49..47.52 rows=11 width=121)
	        Sort Key: c
	        ->  Index Scan using sbtest4_pkey on sbtest4  (cost=0.43..47.30 rows=11 width=121)
	              Index Cond: ((id >= 1724630) AND (id <= 1724639))

table 5 : explain SELECT DISTINCT c FROM sbtest5 WHERE id BETWEEN 9308276 AND 9308285 ORDER BY c
	Unique  (cost=43.82..43.87 rows=10 width=121)
	  ->  Sort  (cost=43.82..43.85 rows=10 width=121)
	        Sort Key: c
	        ->  Index Scan using sbtest5_pkey on sbtest5  (cost=0.43..43.66 rows=10 width=121)
	              Index Cond: ((id >= 9308276) AND (id <= 9308285))

table 6 : explain SELECT DISTINCT c FROM sbtest6 WHERE id BETWEEN 7556444 AND 7556453 ORDER BY c
	Unique  (cost=39.86..39.90 rows=9 width=121)
	  ->  Sort  (cost=39.86..39.88 rows=9 width=121)
	        Sort Key: c
	        ->  Index Scan using sbtest6_pkey on sbtest6  (cost=0.43..39.71 rows=9 width=121)
	              Index Cond: ((id >= 7556444) AND (id <= 7556453))

table 7 : explain SELECT DISTINCT c FROM sbtest7 WHERE id BETWEEN 7857272 AND 7857281 ORDER BY c
	Unique  (cost=43.70..43.75 rows=10 width=121)
	  ->  Sort  (cost=43.70..43.73 rows=10 width=121)
	        Sort Key: c
	        ->  Index Scan using sbtest7_pkey on sbtest7  (cost=0.43..43.54 rows=10 width=121)
	              Index Cond: ((id >= 7857272) AND (id <= 7857281))

table 8 : explain SELECT DISTINCT c FROM sbtest8 WHERE id BETWEEN 3526507 AND 3526516 ORDER BY c
	Unique  (cost=47.67..47.73 rows=11 width=121)
	  ->  Sort  (cost=47.67..47.70 rows=11 width=121)
	        Sort Key: c
	        ->  Index Scan using sbtest8_pkey on sbtest8  (cost=0.43..47.48 rows=11 width=121)
	              Index Cond: ((id >= 3526507) AND (id <= 3526516))

for: distinct_ranges
table 1 : explain SELECT DISTINCT c FROM sbtest1 WHERE id BETWEEN 9723469 AND 9723478 ORDER BY c
	Unique  (cost=43.89..43.94 rows=10 width=121)
	  ->  Sort  (cost=43.89..43.91 rows=10 width=121)
	        Sort Key: c
	        ->  Index Scan using sbtest1_pkey on sbtest1  (cost=0.43..43.72 rows=10 width=121)
	              Index Cond: ((id >= 9723469) AND (id <= 9723478))

table 2 : explain SELECT DISTINCT c FROM sbtest2 WHERE id BETWEEN 8139860 AND 8139869 ORDER BY c
	Unique  (cost=43.90..43.95 rows=10 width=121)
	  ->  Sort  (cost=43.90..43.92 rows=10 width=121)
	        Sort Key: c
	        ->  Index Scan using sbtest2_pkey on sbtest2  (cost=0.43..43.73 rows=10 width=121)
	              Index Cond: ((id >= 8139860) AND (id <= 8139869))

table 3 : explain SELECT DISTINCT c FROM sbtest3 WHERE id BETWEEN 431923 AND 431932 ORDER BY c
	Unique  (cost=43.77..43.82 rows=10 width=121)
	  ->  Sort  (cost=43.77..43.80 rows=10 width=121)
	        Sort Key: c
	        ->  Index Scan using sbtest3_pkey on sbtest3  (cost=0.43..43.61 rows=10 width=121)
	              Index Cond: ((id >= 431923) AND (id <= 431932))

table 4 : explain SELECT DISTINCT c FROM sbtest4 WHERE id BETWEEN 8638758 AND 8638767 ORDER BY c
	Unique  (cost=43.59..43.64 rows=10 width=121)
	  ->  Sort  (cost=43.59..43.61 rows=10 width=121)
	        Sort Key: c
	        ->  Index Scan using sbtest4_pkey on sbtest4  (cost=0.43..43.42 rows=10 width=121)
	              Index Cond: ((id >= 8638758) AND (id <= 8638767))

table 5 : explain SELECT DISTINCT c FROM sbtest5 WHERE id BETWEEN 309524 AND 309533 ORDER BY c
	Unique  (cost=43.82..43.87 rows=10 width=121)
	  ->  Sort  (cost=43.82..43.85 rows=10 width=121)
	        Sort Key: c
	        ->  Index Scan using sbtest5_pkey on sbtest5  (cost=0.43..43.66 rows=10 width=121)
	              Index Cond: ((id >= 309524) AND (id <= 309533))

table 6 : explain SELECT DISTINCT c FROM sbtest6 WHERE id BETWEEN 7773757 AND 7773766 ORDER BY c
	Unique  (cost=43.79..43.84 rows=10 width=121)
	  ->  Sort  (cost=43.79..43.81 rows=10 width=121)
	        Sort Key: c
	        ->  Index Scan using sbtest6_pkey on sbtest6  (cost=0.43..43.62 rows=10 width=121)
	              Index Cond: ((id >= 7773757) AND (id <= 7773766))

table 7 : explain SELECT DISTINCT c FROM sbtest7 WHERE id BETWEEN 2660413 AND 2660422 ORDER BY c
	Unique  (cost=43.70..43.75 rows=10 width=121)
	  ->  Sort  (cost=43.70..43.73 rows=10 width=121)
	        Sort Key: c
	        ->  Index Scan using sbtest7_pkey on sbtest7  (cost=0.43..43.54 rows=10 width=121)
	              Index Cond: ((id >= 2660413) AND (id <= 2660422))

table 8 : explain SELECT DISTINCT c FROM sbtest8 WHERE id BETWEEN 9665287 AND 9665296 ORDER BY c
	Unique  (cost=43.74..43.79 rows=10 width=121)
	  ->  Sort  (cost=43.74..43.77 rows=10 width=121)
	        Sort Key: c
	        ->  Index Scan using sbtest8_pkey on sbtest8  (cost=0.43..43.58 rows=10 width=121)
	              Index Cond: ((id >= 9665287) AND (id <= 9665296))

for: distinct_ranges
table 1 : explain SELECT DISTINCT c FROM sbtest1 WHERE id BETWEEN 9216574 AND 9216583 ORDER BY c
	Unique  (cost=47.83..47.89 rows=11 width=121)
	  ->  Sort  (cost=47.83..47.86 rows=11 width=121)
	        Sort Key: c
	        ->  Index Scan using sbtest1_pkey on sbtest1  (cost=0.43..47.64 rows=11 width=121)
	              Index Cond: ((id >= 9216574) AND (id <= 9216583))

table 2 : explain SELECT DISTINCT c FROM sbtest2 WHERE id BETWEEN 9660859 AND 9660868 ORDER BY c
	Unique  (cost=43.90..43.95 rows=10 width=121)
	  ->  Sort  (cost=43.90..43.92 rows=10 width=121)
	        Sort Key: c
	        ->  Index Scan using sbtest2_pkey on sbtest2  (cost=0.43..43.73 rows=10 width=121)
	              Index Cond: ((id >= 9660859) AND (id <= 9660868))

table 3 : explain SELECT DISTINCT c FROM sbtest3 WHERE id BETWEEN 3614265 AND 3614274 ORDER BY c
	Unique  (cost=43.77..43.82 rows=10 width=121)
	  ->  Sort  (cost=43.77..43.80 rows=10 width=121)
	        Sort Key: c
	        ->  Index Scan using sbtest3_pkey on sbtest3  (cost=0.43..43.61 rows=10 width=121)
	              Index Cond: ((id >= 3614265) AND (id <= 3614274))

table 4 : explain SELECT DISTINCT c FROM sbtest4 WHERE id BETWEEN 622407 AND 622416 ORDER BY c
	Unique  (cost=47.49..47.55 rows=11 width=121)
	  ->  Sort  (cost=47.49..47.52 rows=11 width=121)
	        Sort Key: c
	        ->  Index Scan using sbtest4_pkey on sbtest4  (cost=0.43..47.30 rows=11 width=121)
	              Index Cond: ((id >= 622407) AND (id <= 622416))

table 5 : explain SELECT DISTINCT c FROM sbtest5 WHERE id BETWEEN 6352546 AND 6352555 ORDER BY c
	Unique  (cost=43.82..43.87 rows=10 width=121)
	  ->  Sort  (cost=43.82..43.85 rows=10 width=121)
	        Sort Key: c
	        ->  Index Scan using sbtest5_pkey on sbtest5  (cost=0.43..43.66 rows=10 width=121)
	              Index Cond: ((id >= 6352546) AND (id <= 6352555))

table 6 : explain SELECT DISTINCT c FROM sbtest6 WHERE id BETWEEN 3149510 AND 3149519 ORDER BY c
	Unique  (cost=39.86..39.90 rows=9 width=121)
	  ->  Sort  (cost=39.86..39.88 rows=9 width=121)
	        Sort Key: c
	        ->  Index Scan using sbtest6_pkey on sbtest6  (cost=0.43..39.71 rows=9 width=121)
	              Index Cond: ((id >= 3149510) AND (id <= 3149519))

table 7 : explain SELECT DISTINCT c FROM sbtest7 WHERE id BETWEEN 6919777 AND 6919786 ORDER BY c
	Unique  (cost=43.70..43.75 rows=10 width=121)
	  ->  Sort  (cost=43.70..43.73 rows=10 width=121)
	        Sort Key: c
	        ->  Index Scan using sbtest7_pkey on sbtest7  (cost=0.43..43.54 rows=10 width=121)
	              Index Cond: ((id >= 6919777) AND (id <= 6919786))

table 8 : explain SELECT DISTINCT c FROM sbtest8 WHERE id BETWEEN 9280931 AND 9280940 ORDER BY c
	Unique  (cost=43.74..43.79 rows=10 width=121)
	  ->  Sort  (cost=43.74..43.77 rows=10 width=121)
	        Sort Key: c
	        ->  Index Scan using sbtest8_pkey on sbtest8  (cost=0.43..43.58 rows=10 width=121)
	              Index Cond: ((id >= 9280931) AND (id <= 9280940))

for: distinct_ranges
table 1 : explain SELECT DISTINCT c FROM sbtest1 WHERE id BETWEEN 1886353 AND 1886362 ORDER BY c
	Unique  (cost=43.89..43.94 rows=10 width=121)
	  ->  Sort  (cost=43.89..43.91 rows=10 width=121)
	        Sort Key: c
	        ->  Index Scan using sbtest1_pkey on sbtest1  (cost=0.43..43.72 rows=10 width=121)
	              Index Cond: ((id >= 1886353) AND (id <= 1886362))

table 2 : explain SELECT DISTINCT c FROM sbtest2 WHERE id BETWEEN 2042181 AND 2042190 ORDER BY c
	Unique  (cost=43.90..43.95 rows=10 width=121)
	  ->  Sort  (cost=43.90..43.92 rows=10 width=121)
	        Sort Key: c
	        ->  Index Scan using sbtest2_pkey on sbtest2  (cost=0.43..43.73 rows=10 width=121)
	              Index Cond: ((id >= 2042181) AND (id <= 2042190))

table 3 : explain SELECT DISTINCT c FROM sbtest3 WHERE id BETWEEN 2368877 AND 2368886 ORDER BY c
	Unique  (cost=43.77..43.82 rows=10 width=121)
	  ->  Sort  (cost=43.77..43.80 rows=10 width=121)
	        Sort Key: c
	        ->  Index Scan using sbtest3_pkey on sbtest3  (cost=0.43..43.61 rows=10 width=121)
	              Index Cond: ((id >= 2368877) AND (id <= 2368886))

table 4 : explain SELECT DISTINCT c FROM sbtest4 WHERE id BETWEEN 7936853 AND 7936862 ORDER BY c
	Unique  (cost=39.68..39.72 rows=9 width=121)
	  ->  Sort  (cost=39.68..39.70 rows=9 width=121)
	        Sort Key: c
	        ->  Index Scan using sbtest4_pkey on sbtest4  (cost=0.43..39.53 rows=9 width=121)
	              Index Cond: ((id >= 7936853) AND (id <= 7936862))

table 5 : explain SELECT DISTINCT c FROM sbtest5 WHERE id BETWEEN 2499835 AND 2499844 ORDER BY c
	Unique  (cost=43.82..43.87 rows=10 width=121)
	  ->  Sort  (cost=43.82..43.85 rows=10 width=121)
	        Sort Key: c
	        ->  Index Scan using sbtest5_pkey on sbtest5  (cost=0.43..43.66 rows=10 width=121)
	              Index Cond: ((id >= 2499835) AND (id <= 2499844))

table 6 : explain SELECT DISTINCT c FROM sbtest6 WHERE id BETWEEN 9581900 AND 9581909 ORDER BY c
	Unique  (cost=43.79..43.84 rows=10 width=121)
	  ->  Sort  (cost=43.79..43.81 rows=10 width=121)
	        Sort Key: c
	        ->  Index Scan using sbtest6_pkey on sbtest6  (cost=0.43..43.62 rows=10 width=121)
	              Index Cond: ((id >= 9581900) AND (id <= 9581909))

table 7 : explain SELECT DISTINCT c FROM sbtest7 WHERE id BETWEEN 8690303 AND 8690312 ORDER BY c
	Unique  (cost=39.78..39.83 rows=9 width=121)
	  ->  Sort  (cost=39.78..39.80 rows=9 width=121)
	        Sort Key: c
	        ->  Index Scan using sbtest7_pkey on sbtest7  (cost=0.43..39.64 rows=9 width=121)
	              Index Cond: ((id >= 8690303) AND (id <= 8690312))

table 8 : explain SELECT DISTINCT c FROM sbtest8 WHERE id BETWEEN 4270966 AND 4270975 ORDER BY c
	Unique  (cost=39.82..39.86 rows=9 width=121)
	  ->  Sort  (cost=39.82..39.84 rows=9 width=121)
	        Sort Key: c
	        ->  Index Scan using sbtest8_pkey on sbtest8  (cost=0.43..39.68 rows=9 width=121)
	              Index Cond: ((id >= 4270966) AND (id <= 4270975))

for: distinct_ranges
table 1 : explain SELECT DISTINCT c FROM sbtest1 WHERE id BETWEEN 3808572 AND 3808581 ORDER BY c
	Unique  (cost=47.83..47.89 rows=11 width=121)
	  ->  Sort  (cost=47.83..47.86 rows=11 width=121)
	        Sort Key: c
	        ->  Index Scan using sbtest1_pkey on sbtest1  (cost=0.43..47.64 rows=11 width=121)
	              Index Cond: ((id >= 3808572) AND (id <= 3808581))

table 2 : explain SELECT DISTINCT c FROM sbtest2 WHERE id BETWEEN 4334297 AND 4334306 ORDER BY c
	Unique  (cost=43.90..43.95 rows=10 width=121)
	  ->  Sort  (cost=43.90..43.92 rows=10 width=121)
	        Sort Key: c
	        ->  Index Scan using sbtest2_pkey on sbtest2  (cost=0.43..43.73 rows=10 width=121)
	              Index Cond: ((id >= 4334297) AND (id <= 4334306))

table 3 : explain SELECT DISTINCT c FROM sbtest3 WHERE id BETWEEN 2578080 AND 2578089 ORDER BY c
	Unique  (cost=43.77..43.82 rows=10 width=121)
	  ->  Sort  (cost=43.77..43.80 rows=10 width=121)
	        Sort Key: c
	        ->  Index Scan using sbtest3_pkey on sbtest3  (cost=0.43..43.61 rows=10 width=121)
	              Index Cond: ((id >= 2578080) AND (id <= 2578089))

table 4 : explain SELECT DISTINCT c FROM sbtest4 WHERE id BETWEEN 3408928 AND 3408937 ORDER BY c
	Unique  (cost=43.59..43.64 rows=10 width=121)
	  ->  Sort  (cost=43.59..43.61 rows=10 width=121)
	        Sort Key: c
	        ->  Index Scan using sbtest4_pkey on sbtest4  (cost=0.43..43.42 rows=10 width=121)
	              Index Cond: ((id >= 3408928) AND (id <= 3408937))

table 5 : explain SELECT DISTINCT c FROM sbtest5 WHERE id BETWEEN 3731391 AND 3731400 ORDER BY c
	Unique  (cost=47.76..47.81 rows=11 width=121)
	  ->  Sort  (cost=47.76..47.78 rows=11 width=121)
	        Sort Key: c
	        ->  Index Scan using sbtest5_pkey on sbtest5  (cost=0.43..47.57 rows=11 width=121)
	              Index Cond: ((id >= 3731391) AND (id <= 3731400))

table 6 : explain SELECT DISTINCT c FROM sbtest6 WHERE id BETWEEN 1106767 AND 1106776 ORDER BY c
	Unique  (cost=39.86..39.90 rows=9 width=121)
	  ->  Sort  (cost=39.86..39.88 rows=9 width=121)
	        Sort Key: c
	        ->  Index Scan using sbtest6_pkey on sbtest6  (cost=0.43..39.71 rows=9 width=121)
	              Index Cond: ((id >= 1106767) AND (id <= 1106776))

table 7 : explain SELECT DISTINCT c FROM sbtest7 WHERE id BETWEEN 2641754 AND 2641763 ORDER BY c
	Unique  (cost=43.70..43.75 rows=10 width=121)
	  ->  Sort  (cost=43.70..43.73 rows=10 width=121)
	        Sort Key: c
	        ->  Index Scan using sbtest7_pkey on sbtest7  (cost=0.43..43.54 rows=10 width=121)
	              Index Cond: ((id >= 2641754) AND (id <= 2641763))

table 8 : explain SELECT DISTINCT c FROM sbtest8 WHERE id BETWEEN 8811097 AND 8811106 ORDER BY c
	Unique  (cost=43.74..43.79 rows=10 width=121)
	  ->  Sort  (cost=43.74..43.77 rows=10 width=121)
	        Sort Key: c
	        ->  Index Scan using sbtest8_pkey on sbtest8  (cost=0.43..43.58 rows=10 width=121)
	              Index Cond: ((id >= 8811097) AND (id <= 8811106))

for: distinct_ranges
table 1 : explain SELECT DISTINCT c FROM sbtest1 WHERE id BETWEEN 8845471 AND 8845480 ORDER BY c
	Unique  (cost=43.89..43.94 rows=10 width=121)
	  ->  Sort  (cost=43.89..43.91 rows=10 width=121)
	        Sort Key: c
	        ->  Index Scan using sbtest1_pkey on sbtest1  (cost=0.43..43.72 rows=10 width=121)
	              Index Cond: ((id >= 8845471) AND (id <= 8845480))

table 2 : explain SELECT DISTINCT c FROM sbtest2 WHERE id BETWEEN 2952705 AND 2952714 ORDER BY c
	Unique  (cost=43.90..43.95 rows=10 width=121)
	  ->  Sort  (cost=43.90..43.92 rows=10 width=121)
	        Sort Key: c
	        ->  Index Scan using sbtest2_pkey on sbtest2  (cost=0.43..43.73 rows=10 width=121)
	              Index Cond: ((id >= 2952705) AND (id <= 2952714))

table 3 : explain SELECT DISTINCT c FROM sbtest3 WHERE id BETWEEN 1955127 AND 1955136 ORDER BY c
	Unique  (cost=43.77..43.82 rows=10 width=121)
	  ->  Sort  (cost=43.77..43.80 rows=10 width=121)
	        Sort Key: c
	        ->  Index Scan using sbtest3_pkey on sbtest3  (cost=0.43..43.61 rows=10 width=121)
	              Index Cond: ((id >= 1955127) AND (id <= 1955136))

table 4 : explain SELECT DISTINCT c FROM sbtest4 WHERE id BETWEEN 7274839 AND 7274848 ORDER BY c
	Unique  (cost=47.49..47.55 rows=11 width=121)
	  ->  Sort  (cost=47.49..47.52 rows=11 width=121)
	        Sort Key: c
	        ->  Index Scan using sbtest4_pkey on sbtest4  (cost=0.43..47.30 rows=11 width=121)
	              Index Cond: ((id >= 7274839) AND (id <= 7274848))

table 5 : explain SELECT DISTINCT c FROM sbtest5 WHERE id BETWEEN 8239702 AND 8239711 ORDER BY c
	Unique  (cost=47.76..47.81 rows=11 width=121)
	  ->  Sort  (cost=47.76..47.78 rows=11 width=121)
	        Sort Key: c
	        ->  Index Scan using sbtest5_pkey on sbtest5  (cost=0.43..47.57 rows=11 width=121)
	              Index Cond: ((id >= 8239702) AND (id <= 8239711))

table 6 : explain SELECT DISTINCT c FROM sbtest6 WHERE id BETWEEN 4577717 AND 4577726 ORDER BY c
	Unique  (cost=43.79..43.84 rows=10 width=121)
	  ->  Sort  (cost=43.79..43.81 rows=10 width=121)
	        Sort Key: c
	        ->  Index Scan using sbtest6_pkey on sbtest6  (cost=0.43..43.62 rows=10 width=121)
	              Index Cond: ((id >= 4577717) AND (id <= 4577726))

table 7 : explain SELECT DISTINCT c FROM sbtest7 WHERE id BETWEEN 9663634 AND 9663643 ORDER BY c
	Unique  (cost=43.70..43.75 rows=10 width=121)
	  ->  Sort  (cost=43.70..43.73 rows=10 width=121)
	        Sort Key: c
	        ->  Index Scan using sbtest7_pkey on sbtest7  (cost=0.43..43.54 rows=10 width=121)
	              Index Cond: ((id >= 9663634) AND (id <= 9663643))

table 8 : explain SELECT DISTINCT c FROM sbtest8 WHERE id BETWEEN 8979755 AND 8979764 ORDER BY c
	Unique  (cost=43.74..43.79 rows=10 width=121)
	  ->  Sort  (cost=43.74..43.77 rows=10 width=121)
	        Sort Key: c
	        ->  Index Scan using sbtest8_pkey on sbtest8  (cost=0.43..43.58 rows=10 width=121)
	              Index Cond: ((id >= 8979755) AND (id <= 8979764))

for: order_ranges
table 1 : explain SELECT c FROM sbtest1 WHERE id BETWEEN 8307215 AND 8307224 ORDER BY c
	Sort  (cost=39.95..39.97 rows=9 width=121)
	  Sort Key: c
	  ->  Index Scan using sbtest1_pkey on sbtest1  (cost=0.43..39.80 rows=9 width=121)
	        Index Cond: ((id >= 8307215) AND (id <= 8307224))

table 2 : explain SELECT c FROM sbtest2 WHERE id BETWEEN 9450077 AND 9450086 ORDER BY c
	Sort  (cost=39.96..39.98 rows=9 width=121)
	  Sort Key: c
	  ->  Index Scan using sbtest2_pkey on sbtest2  (cost=0.43..39.81 rows=9 width=121)
	        Index Cond: ((id >= 9450077) AND (id <= 9450086))

table 3 : explain SELECT c FROM sbtest3 WHERE id BETWEEN 2940708 AND 2940717 ORDER BY c
	Sort  (cost=43.77..43.80 rows=10 width=121)
	  Sort Key: c
	  ->  Index Scan using sbtest3_pkey on sbtest3  (cost=0.43..43.61 rows=10 width=121)
	        Index Cond: ((id >= 2940708) AND (id <= 2940717))

table 4 : explain SELECT c FROM sbtest4 WHERE id BETWEEN 3486325 AND 3486334 ORDER BY c
	Sort  (cost=43.59..43.61 rows=10 width=121)
	  Sort Key: c
	  ->  Index Scan using sbtest4_pkey on sbtest4  (cost=0.43..43.42 rows=10 width=121)
	        Index Cond: ((id >= 3486325) AND (id <= 3486334))

table 5 : explain SELECT c FROM sbtest5 WHERE id BETWEEN 7620288 AND 7620297 ORDER BY c
	Sort  (cost=47.76..47.78 rows=11 width=121)
	  Sort Key: c
	  ->  Index Scan using sbtest5_pkey on sbtest5  (cost=0.43..47.57 rows=11 width=121)
	        Index Cond: ((id >= 7620288) AND (id <= 7620297))

table 6 : explain SELECT c FROM sbtest6 WHERE id BETWEEN 8294295 AND 8294304 ORDER BY c
	Sort  (cost=47.72..47.75 rows=11 width=121)
	  Sort Key: c
	  ->  Index Scan using sbtest6_pkey on sbtest6  (cost=0.43..47.53 rows=11 width=121)
	        Index Cond: ((id >= 8294295) AND (id <= 8294304))

table 7 : explain SELECT c FROM sbtest7 WHERE id BETWEEN 790148 AND 790157 ORDER BY c
	Sort  (cost=43.70..43.73 rows=10 width=121)
	  Sort Key: c
	  ->  Index Scan using sbtest7_pkey on sbtest7  (cost=0.43..43.54 rows=10 width=121)
	        Index Cond: ((id >= 790148) AND (id <= 790157))

table 8 : explain SELECT c FROM sbtest8 WHERE id BETWEEN 3286288 AND 3286297 ORDER BY c
	Sort  (cost=43.74..43.77 rows=10 width=121)
	  Sort Key: c
	  ->  Index Scan using sbtest8_pkey on sbtest8  (cost=0.43..43.58 rows=10 width=121)
	        Index Cond: ((id >= 3286288) AND (id <= 3286297))

for: distinct_ranges
table 1 : explain SELECT DISTINCT c FROM sbtest1 WHERE id BETWEEN 2490934 AND 2490943 ORDER BY c
	Unique  (cost=43.89..43.94 rows=10 width=121)
	  ->  Sort  (cost=43.89..43.91 rows=10 width=121)
	        Sort Key: c
	        ->  Index Scan using sbtest1_pkey on sbtest1  (cost=0.43..43.72 rows=10 width=121)
	              Index Cond: ((id >= 2490934) AND (id <= 2490943))

table 2 : explain SELECT DISTINCT c FROM sbtest2 WHERE id BETWEEN 6159796 AND 6159805 ORDER BY c
	Unique  (cost=43.90..43.95 rows=10 width=121)
	  ->  Sort  (cost=43.90..43.92 rows=10 width=121)
	        Sort Key: c
	        ->  Index Scan using sbtest2_pkey on sbtest2  (cost=0.43..43.73 rows=10 width=121)
	              Index Cond: ((id >= 6159796) AND (id <= 6159805))

table 3 : explain SELECT DISTINCT c FROM sbtest3 WHERE id BETWEEN 8811792 AND 8811801 ORDER BY c
	Unique  (cost=39.84..39.89 rows=9 width=121)
	  ->  Sort  (cost=39.84..39.87 rows=9 width=121)
	        Sort Key: c
	        ->  Index Scan using sbtest3_pkey on sbtest3  (cost=0.43..39.70 rows=9 width=121)
	              Index Cond: ((id >= 8811792) AND (id <= 8811801))

table 4 : explain SELECT DISTINCT c FROM sbtest4 WHERE id BETWEEN 2269014 AND 2269023 ORDER BY c
	Unique  (cost=47.49..47.55 rows=11 width=121)
	  ->  Sort  (cost=47.49..47.52 rows=11 width=121)
	        Sort Key: c
	        ->  Index Scan using sbtest4_pkey on sbtest4  (cost=0.43..47.30 rows=11 width=121)
	              Index Cond: ((id >= 2269014) AND (id <= 2269023))

table 5 : explain SELECT DISTINCT c FROM sbtest5 WHERE id BETWEEN 8144689 AND 8144698 ORDER BY c
	Unique  (cost=43.82..43.87 rows=10 width=121)
	  ->  Sort  (cost=43.82..43.85 rows=10 width=121)
	        Sort Key: c
	        ->  Index Scan using sbtest5_pkey on sbtest5  (cost=0.43..43.66 rows=10 width=121)
	              Index Cond: ((id >= 8144689) AND (id <= 8144698))

table 6 : explain SELECT DISTINCT c FROM sbtest6 WHERE id BETWEEN 9469936 AND 9469945 ORDER BY c
	Unique  (cost=47.72..47.77 rows=11 width=121)
	  ->  Sort  (cost=47.72..47.75 rows=11 width=121)
	        Sort Key: c
	        ->  Index Scan using sbtest6_pkey on sbtest6  (cost=0.43..47.53 rows=11 width=121)
	              Index Cond: ((id >= 9469936) AND (id <= 9469945))

table 7 : explain SELECT DISTINCT c FROM sbtest7 WHERE id BETWEEN 5434469 AND 5434478 ORDER BY c
	Unique  (cost=47.62..47.68 rows=11 width=121)
	  ->  Sort  (cost=47.62..47.65 rows=11 width=121)
	        Sort Key: c
	        ->  Index Scan using sbtest7_pkey on sbtest7  (cost=0.43..47.43 rows=11 width=121)
	              Index Cond: ((id >= 5434469) AND (id <= 5434478))

table 8 : explain SELECT DISTINCT c FROM sbtest8 WHERE id BETWEEN 3879905 AND 3879914 ORDER BY c
	Unique  (cost=47.67..47.73 rows=11 width=121)
	  ->  Sort  (cost=47.67..47.70 rows=11 width=121)
	        Sort Key: c
	        ->  Index Scan using sbtest8_pkey on sbtest8  (cost=0.43..47.48 rows=11 width=121)
	              Index Cond: ((id >= 3879905) AND (id <= 3879914))

for: order_ranges
table 1 : explain SELECT c FROM sbtest1 WHERE id BETWEEN 6047438 AND 6047447 ORDER BY c
	Sort  (cost=43.89..43.91 rows=10 width=121)
	  Sort Key: c
	  ->  Index Scan using sbtest1_pkey on sbtest1  (cost=0.43..43.72 rows=10 width=121)
	        Index Cond: ((id >= 6047438) AND (id <= 6047447))

table 2 : explain SELECT c FROM sbtest2 WHERE id BETWEEN 4498702 AND 4498711 ORDER BY c
	Sort  (cost=43.90..43.92 rows=10 width=121)
	  Sort Key: c
	  ->  Index Scan using sbtest2_pkey on sbtest2  (cost=0.43..43.73 rows=10 width=121)
	        Index Cond: ((id >= 4498702) AND (id <= 4498711))

table 3 : explain SELECT c FROM sbtest3 WHERE id BETWEEN 4743126 AND 4743135 ORDER BY c
	Sort  (cost=43.77..43.80 rows=10 width=121)
	  Sort Key: c
	  ->  Index Scan using sbtest3_pkey on sbtest3  (cost=0.43..43.61 rows=10 width=121)
	        Index Cond: ((id >= 4743126) AND (id <= 4743135))

table 4 : explain SELECT c FROM sbtest4 WHERE id BETWEEN 7182762 AND 7182771 ORDER BY c
	Sort  (cost=43.59..43.61 rows=10 width=121)
	  Sort Key: c
	  ->  Index Scan using sbtest4_pkey on sbtest4  (cost=0.43..43.42 rows=10 width=121)
	        Index Cond: ((id >= 7182762) AND (id <= 7182771))

table 5 : explain SELECT c FROM sbtest5 WHERE id BETWEEN 9820366 AND 9820375 ORDER BY c
	Sort  (cost=43.82..43.85 rows=10 width=121)
	  Sort Key: c
	  ->  Index Scan using sbtest5_pkey on sbtest5  (cost=0.43..43.66 rows=10 width=121)
	        Index Cond: ((id >= 9820366) AND (id <= 9820375))

table 6 : explain SELECT c FROM sbtest6 WHERE id BETWEEN 4444038 AND 4444047 ORDER BY c
	Sort  (cost=43.79..43.81 rows=10 width=121)
	  Sort Key: c
	  ->  Index Scan using sbtest6_pkey on sbtest6  (cost=0.43..43.62 rows=10 width=121)
	        Index Cond: ((id >= 4444038) AND (id <= 4444047))

table 7 : explain SELECT c FROM sbtest7 WHERE id BETWEEN 6230441 AND 6230450 ORDER BY c
	Sort  (cost=43.70..43.73 rows=10 width=121)
	  Sort Key: c
	  ->  Index Scan using sbtest7_pkey on sbtest7  (cost=0.43..43.54 rows=10 width=121)
	        Index Cond: ((id >= 6230441) AND (id <= 6230450))

table 8 : explain SELECT c FROM sbtest8 WHERE id BETWEEN 8149552 AND 8149561 ORDER BY c
	Sort  (cost=43.74..43.77 rows=10 width=121)
	  Sort Key: c
	  ->  Index Scan using sbtest8_pkey on sbtest8  (cost=0.43..43.58 rows=10 width=121)
	        Index Cond: ((id >= 8149552) AND (id <= 8149561))

for: order_ranges
table 1 : explain SELECT c FROM sbtest1 WHERE id BETWEEN 2431209 AND 2431218 ORDER BY c
	Sort  (cost=43.89..43.91 rows=10 width=121)
	  Sort Key: c
	  ->  Index Scan using sbtest1_pkey on sbtest1  (cost=0.43..43.72 rows=10 width=121)
	        Index Cond: ((id >= 2431209) AND (id <= 2431218))

table 2 : explain SELECT c FROM sbtest2 WHERE id BETWEEN 5187 AND 5196 ORDER BY c
	Sort  (cost=43.90..43.92 rows=10 width=121)
	  Sort Key: c
	  ->  Index Scan using sbtest2_pkey on sbtest2  (cost=0.43..43.73 rows=10 width=121)
	        Index Cond: ((id >= 5187) AND (id <= 5196))

table 3 : explain SELECT c FROM sbtest3 WHERE id BETWEEN 6989617 AND 6989626 ORDER BY c
	Sort  (cost=43.77..43.80 rows=10 width=121)
	  Sort Key: c
	  ->  Index Scan using sbtest3_pkey on sbtest3  (cost=0.43..43.61 rows=10 width=121)
	        Index Cond: ((id >= 6989617) AND (id <= 6989626))

table 4 : explain SELECT c FROM sbtest4 WHERE id BETWEEN 1572150 AND 1572159 ORDER BY c
	Sort  (cost=39.68..39.70 rows=9 width=121)
	  Sort Key: c
	  ->  Index Scan using sbtest4_pkey on sbtest4  (cost=0.43..39.53 rows=9 width=121)
	        Index Cond: ((id >= 1572150) AND (id <= 1572159))

table 5 : explain SELECT c FROM sbtest5 WHERE id BETWEEN 6918256 AND 6918265 ORDER BY c
	Sort  (cost=43.82..43.85 rows=10 width=121)
	  Sort Key: c
	  ->  Index Scan using sbtest5_pkey on sbtest5  (cost=0.43..43.66 rows=10 width=121)
	        Index Cond: ((id >= 6918256) AND (id <= 6918265))

table 6 : explain SELECT c FROM sbtest6 WHERE id BETWEEN 3601127 AND 3601136 ORDER BY c
	Sort  (cost=39.86..39.88 rows=9 width=121)
	  Sort Key: c
	  ->  Index Scan using sbtest6_pkey on sbtest6  (cost=0.43..39.71 rows=9 width=121)
	        Index Cond: ((id >= 3601127) AND (id <= 3601136))

table 7 : explain SELECT c FROM sbtest7 WHERE id BETWEEN 5700389 AND 5700398 ORDER BY c
	Sort  (cost=39.78..39.80 rows=9 width=121)
	  Sort Key: c
	  ->  Index Scan using sbtest7_pkey on sbtest7  (cost=0.43..39.64 rows=9 width=121)
	        Index Cond: ((id >= 5700389) AND (id <= 5700398))

table 8 : explain SELECT c FROM sbtest8 WHERE id BETWEEN 557918 AND 557927 ORDER BY c
	Sort  (cost=43.74..43.77 rows=10 width=121)
	  Sort Key: c
	  ->  Index Scan using sbtest8_pkey on sbtest8  (cost=0.43..43.58 rows=10 width=121)
	        Index Cond: ((id >= 557918) AND (id <= 557927))

for: distinct_ranges
table 1 : explain SELECT DISTINCT c FROM sbtest1 WHERE id BETWEEN 3092585 AND 3092594 ORDER BY c
	Unique  (cost=43.89..43.94 rows=10 width=121)
	  ->  Sort  (cost=43.89..43.91 rows=10 width=121)
	        Sort Key: c
	        ->  Index Scan using sbtest1_pkey on sbtest1  (cost=0.43..43.72 rows=10 width=121)
	              Index Cond: ((id >= 3092585) AND (id <= 3092594))

table 2 : explain SELECT DISTINCT c FROM sbtest2 WHERE id BETWEEN 3094571 AND 3094580 ORDER BY c
	Unique  (cost=47.84..47.90 rows=11 width=121)
	  ->  Sort  (cost=47.84..47.87 rows=11 width=121)
	        Sort Key: c
	        ->  Index Scan using sbtest2_pkey on sbtest2  (cost=0.43..47.65 rows=11 width=121)
	              Index Cond: ((id >= 3094571) AND (id <= 3094580))

table 3 : explain SELECT DISTINCT c FROM sbtest3 WHERE id BETWEEN 1741906 AND 1741915 ORDER BY c
	Unique  (cost=47.70..47.76 rows=11 width=121)
	  ->  Sort  (cost=47.70..47.73 rows=11 width=121)
	        Sort Key: c
	        ->  Index Scan using sbtest3_pkey on sbtest3  (cost=0.43..47.51 rows=11 width=121)
	              Index Cond: ((id >= 1741906) AND (id <= 1741915))

table 4 : explain SELECT DISTINCT c FROM sbtest4 WHERE id BETWEEN 4845052 AND 4845061 ORDER BY c
	Unique  (cost=43.59..43.64 rows=10 width=121)
	  ->  Sort  (cost=43.59..43.61 rows=10 width=121)
	        Sort Key: c
	        ->  Index Scan using sbtest4_pkey on sbtest4  (cost=0.43..43.42 rows=10 width=121)
	              Index Cond: ((id >= 4845052) AND (id <= 4845061))

table 5 : explain SELECT DISTINCT c FROM sbtest5 WHERE id BETWEEN 2202524 AND 2202533 ORDER BY c
	Unique  (cost=43.82..43.87 rows=10 width=121)
	  ->  Sort  (cost=43.82..43.85 rows=10 width=121)
	        Sort Key: c
	        ->  Index Scan using sbtest5_pkey on sbtest5  (cost=0.43..43.66 rows=10 width=121)
	              Index Cond: ((id >= 2202524) AND (id <= 2202533))

table 6 : explain SELECT DISTINCT c FROM sbtest6 WHERE id BETWEEN 2692217 AND 2692226 ORDER BY c
	Unique  (cost=47.72..47.77 rows=11 width=121)
	  ->  Sort  (cost=47.72..47.75 rows=11 width=121)
	        Sort Key: c
	        ->  Index Scan using sbtest6_pkey on sbtest6  (cost=0.43..47.53 rows=11 width=121)
	              Index Cond: ((id >= 2692217) AND (id <= 2692226))

table 7 : explain SELECT DISTINCT c FROM sbtest7 WHERE id BETWEEN 8923032 AND 8923041 ORDER BY c
	Unique  (cost=43.70..43.75 rows=10 width=121)
	  ->  Sort  (cost=43.70..43.73 rows=10 width=121)
	        Sort Key: c
	        ->  Index Scan using sbtest7_pkey on sbtest7  (cost=0.43..43.54 rows=10 width=121)
	              Index Cond: ((id >= 8923032) AND (id <= 8923041))

table 8 : explain SELECT DISTINCT c FROM sbtest8 WHERE id BETWEEN 3054936 AND 3054945 ORDER BY c
	Unique  (cost=39.82..39.86 rows=9 width=121)
	  ->  Sort  (cost=39.82..39.84 rows=9 width=121)
	        Sort Key: c
	        ->  Index Scan using sbtest8_pkey on sbtest8  (cost=0.43..39.68 rows=9 width=121)
	              Index Cond: ((id >= 3054936) AND (id <= 3054945))

for: order_ranges
table 1 : explain SELECT c FROM sbtest1 WHERE id BETWEEN 3492697 AND 3492706 ORDER BY c
	Sort  (cost=43.89..43.91 rows=10 width=121)
	  Sort Key: c
	  ->  Index Scan using sbtest1_pkey on sbtest1  (cost=0.43..43.72 rows=10 width=121)
	        Index Cond: ((id >= 3492697) AND (id <= 3492706))

table 2 : explain SELECT c FROM sbtest2 WHERE id BETWEEN 5080260 AND 5080269 ORDER BY c
	Sort  (cost=43.90..43.92 rows=10 width=121)
	  Sort Key: c
	  ->  Index Scan using sbtest2_pkey on sbtest2  (cost=0.43..43.73 rows=10 width=121)
	        Index Cond: ((id >= 5080260) AND (id <= 5080269))

table 3 : explain SELECT c FROM sbtest3 WHERE id BETWEEN 9036286 AND 9036295 ORDER BY c
	Sort  (cost=43.77..43.80 rows=10 width=121)
	  Sort Key: c
	  ->  Index Scan using sbtest3_pkey on sbtest3  (cost=0.43..43.61 rows=10 width=121)
	        Index Cond: ((id >= 9036286) AND (id <= 9036295))

table 4 : explain SELECT c FROM sbtest4 WHERE id BETWEEN 2932917 AND 2932926 ORDER BY c
	Sort  (cost=39.68..39.70 rows=9 width=121)
	  Sort Key: c
	  ->  Index Scan using sbtest4_pkey on sbtest4  (cost=0.43..39.53 rows=9 width=121)
	        Index Cond: ((id >= 2932917) AND (id <= 2932926))

table 5 : explain SELECT c FROM sbtest5 WHERE id BETWEEN 642477 AND 642486 ORDER BY c
	Sort  (cost=43.82..43.85 rows=10 width=121)
	  Sort Key: c
	  ->  Index Scan using sbtest5_pkey on sbtest5  (cost=0.43..43.66 rows=10 width=121)
	        Index Cond: ((id >= 642477) AND (id <= 642486))

table 6 : explain SELECT c FROM sbtest6 WHERE id BETWEEN 1791736 AND 1791745 ORDER BY c
	Sort  (cost=39.86..39.88 rows=9 width=121)
	  Sort Key: c
	  ->  Index Scan using sbtest6_pkey on sbtest6  (cost=0.43..39.71 rows=9 width=121)
	        Index Cond: ((id >= 1791736) AND (id <= 1791745))

table 7 : explain SELECT c FROM sbtest7 WHERE id BETWEEN 3275235 AND 3275244 ORDER BY c
	Sort  (cost=43.70..43.73 rows=10 width=121)
	  Sort Key: c
	  ->  Index Scan using sbtest7_pkey on sbtest7  (cost=0.43..43.54 rows=10 width=121)
	        Index Cond: ((id >= 3275235) AND (id <= 3275244))

table 8 : explain SELECT c FROM sbtest8 WHERE id BETWEEN 8106409 AND 8106418 ORDER BY c
	Sort  (cost=43.74..43.77 rows=10 width=121)
	  Sort Key: c
	  ->  Index Scan using sbtest8_pkey on sbtest8  (cost=0.43..43.58 rows=10 width=121)
	        Index Cond: ((id >= 8106409) AND (id <= 8106418))

for: distinct_ranges
table 1 : explain SELECT DISTINCT c FROM sbtest1 WHERE id BETWEEN 6434772 AND 6434781 ORDER BY c
	Unique  (cost=43.89..43.94 rows=10 width=121)
	  ->  Sort  (cost=43.89..43.91 rows=10 width=121)
	        Sort Key: c
	        ->  Index Scan using sbtest1_pkey on sbtest1  (cost=0.43..43.72 rows=10 width=121)
	              Index Cond: ((id >= 6434772) AND (id <= 6434781))

table 2 : explain SELECT DISTINCT c FROM sbtest2 WHERE id BETWEEN 2210849 AND 2210858 ORDER BY c
	Unique  (cost=47.84..47.90 rows=11 width=121)
	  ->  Sort  (cost=47.84..47.87 rows=11 width=121)
	        Sort Key: c
	        ->  Index Scan using sbtest2_pkey on sbtest2  (cost=0.43..47.65 rows=11 width=121)
	              Index Cond: ((id >= 2210849) AND (id <= 2210858))

table 3 : explain SELECT DISTINCT c FROM sbtest3 WHERE id BETWEEN 8658408 AND 8658417 ORDER BY c
	Unique  (cost=39.84..39.89 rows=9 width=121)
	  ->  Sort  (cost=39.84..39.87 rows=9 width=121)
	        Sort Key: c
	        ->  Index Scan using sbtest3_pkey on sbtest3  (cost=0.43..39.70 rows=9 width=121)
	              Index Cond: ((id >= 8658408) AND (id <= 8658417))

table 4 : explain SELECT DISTINCT c FROM sbtest4 WHERE id BETWEEN 7495319 AND 7495328 ORDER BY c
	Unique  (cost=43.59..43.64 rows=10 width=121)
	  ->  Sort  (cost=43.59..43.61 rows=10 width=121)
	        Sort Key: c
	        ->  Index Scan using sbtest4_pkey on sbtest4  (cost=0.43..43.42 rows=10 width=121)
	              Index Cond: ((id >= 7495319) AND (id <= 7495328))

table 5 : explain SELECT DISTINCT c FROM sbtest5 WHERE id BETWEEN 7842426 AND 7842435 ORDER BY c
	Unique  (cost=43.82..43.87 rows=10 width=121)
	  ->  Sort  (cost=43.82..43.85 rows=10 width=121)
	        Sort Key: c
	        ->  Index Scan using sbtest5_pkey on sbtest5  (cost=0.43..43.66 rows=10 width=121)
	              Index Cond: ((id >= 7842426) AND (id <= 7842435))

table 6 : explain SELECT DISTINCT c FROM sbtest6 WHERE id BETWEEN 5865206 AND 5865215 ORDER BY c
	Unique  (cost=39.86..39.90 rows=9 width=121)
	  ->  Sort  (cost=39.86..39.88 rows=9 width=121)
	        Sort Key: c
	        ->  Index Scan using sbtest6_pkey on sbtest6  (cost=0.43..39.71 rows=9 width=121)
	              Index Cond: ((id >= 5865206) AND (id <= 5865215))

table 7 : explain SELECT DISTINCT c FROM sbtest7 WHERE id BETWEEN 2606437 AND 2606446 ORDER BY c
	Unique  (cost=43.70..43.75 rows=10 width=121)
	  ->  Sort  (cost=43.70..43.73 rows=10 width=121)
	        Sort Key: c
	        ->  Index Scan using sbtest7_pkey on sbtest7  (cost=0.43..43.54 rows=10 width=121)
	              Index Cond: ((id >= 2606437) AND (id <= 2606446))

table 8 : explain SELECT DISTINCT c FROM sbtest8 WHERE id BETWEEN 7690412 AND 7690421 ORDER BY c
	Unique  (cost=43.74..43.79 rows=10 width=121)
	  ->  Sort  (cost=43.74..43.77 rows=10 width=121)
	        Sort Key: c
	        ->  Index Scan using sbtest8_pkey on sbtest8  (cost=0.43..43.58 rows=10 width=121)
	              Index Cond: ((id >= 7690412) AND (id <= 7690421))

for: distinct_ranges
table 1 : explain SELECT DISTINCT c FROM sbtest1 WHERE id BETWEEN 3849839 AND 3849848 ORDER BY c
	Unique  (cost=47.83..47.89 rows=11 width=121)
	  ->  Sort  (cost=47.83..47.86 rows=11 width=121)
	        Sort Key: c
	        ->  Index Scan using sbtest1_pkey on sbtest1  (cost=0.43..47.64 rows=11 width=121)
	              Index Cond: ((id >= 3849839) AND (id <= 3849848))

table 2 : explain SELECT DISTINCT c FROM sbtest2 WHERE id BETWEEN 5645187 AND 5645196 ORDER BY c
	Unique  (cost=43.90..43.95 rows=10 width=121)
	  ->  Sort  (cost=43.90..43.92 rows=10 width=121)
	        Sort Key: c
	        ->  Index Scan using sbtest2_pkey on sbtest2  (cost=0.43..43.73 rows=10 width=121)
	              Index Cond: ((id >= 5645187) AND (id <= 5645196))

table 3 : explain SELECT DISTINCT c FROM sbtest3 WHERE id BETWEEN 8345030 AND 8345039 ORDER BY c
	Unique  (cost=43.77..43.82 rows=10 width=121)
	  ->  Sort  (cost=43.77..43.80 rows=10 width=121)
	        Sort Key: c
	        ->  Index Scan using sbtest3_pkey on sbtest3  (cost=0.43..43.61 rows=10 width=121)
	              Index Cond: ((id >= 8345030) AND (id <= 8345039))

table 4 : explain SELECT DISTINCT c FROM sbtest4 WHERE id BETWEEN 760925 AND 760934 ORDER BY c
	Unique  (cost=39.68..39.72 rows=9 width=121)
	  ->  Sort  (cost=39.68..39.70 rows=9 width=121)
	        Sort Key: c
	        ->  Index Scan using sbtest4_pkey on sbtest4  (cost=0.43..39.53 rows=9 width=121)
	              Index Cond: ((id >= 760925) AND (id <= 760934))

table 5 : explain SELECT DISTINCT c FROM sbtest5 WHERE id BETWEEN 7040448 AND 7040457 ORDER BY c
	Unique  (cost=39.89..39.93 rows=9 width=121)
	  ->  Sort  (cost=39.89..39.91 rows=9 width=121)
	        Sort Key: c
	        ->  Index Scan using sbtest5_pkey on sbtest5  (cost=0.43..39.74 rows=9 width=121)
	              Index Cond: ((id >= 7040448) AND (id <= 7040457))

table 6 : explain SELECT DISTINCT c FROM sbtest6 WHERE id BETWEEN 3329020 AND 3329029 ORDER BY c
	Unique  (cost=43.79..43.84 rows=10 width=121)
	  ->  Sort  (cost=43.79..43.81 rows=10 width=121)
	        Sort Key: c
	        ->  Index Scan using sbtest6_pkey on sbtest6  (cost=0.43..43.62 rows=10 width=121)
	              Index Cond: ((id >= 3329020) AND (id <= 3329029))

table 7 : explain SELECT DISTINCT c FROM sbtest7 WHERE id BETWEEN 6574741 AND 6574750 ORDER BY c
	Unique  (cost=47.62..47.68 rows=11 width=121)
	  ->  Sort  (cost=47.62..47.65 rows=11 width=121)
	        Sort Key: c
	        ->  Index Scan using sbtest7_pkey on sbtest7  (cost=0.43..47.43 rows=11 width=121)
	              Index Cond: ((id >= 6574741) AND (id <= 6574750))

table 8 : explain SELECT DISTINCT c FROM sbtest8 WHERE id BETWEEN 5605115 AND 5605124 ORDER BY c
	Unique  (cost=47.67..47.73 rows=11 width=121)
	  ->  Sort  (cost=47.67..47.70 rows=11 width=121)
	        Sort Key: c
	        ->  Index Scan using sbtest8_pkey on sbtest8  (cost=0.43..47.48 rows=11 width=121)
	              Index Cond: ((id >= 5605115) AND (id <= 5605124))

for: distinct_ranges
table 1 : explain SELECT DISTINCT c FROM sbtest1 WHERE id BETWEEN 9529455 AND 9529464 ORDER BY c
	Unique  (cost=43.89..43.94 rows=10 width=121)
	  ->  Sort  (cost=43.89..43.91 rows=10 width=121)
	        Sort Key: c
	        ->  Index Scan using sbtest1_pkey on sbtest1  (cost=0.43..43.72 rows=10 width=121)
	              Index Cond: ((id >= 9529455) AND (id <= 9529464))

table 2 : explain SELECT DISTINCT c FROM sbtest2 WHERE id BETWEEN 5285892 AND 5285901 ORDER BY c
	Unique  (cost=39.96..40.00 rows=9 width=121)
	  ->  Sort  (cost=39.96..39.98 rows=9 width=121)
	        Sort Key: c
	        ->  Index Scan using sbtest2_pkey on sbtest2  (cost=0.43..39.81 rows=9 width=121)
	              Index Cond: ((id >= 5285892) AND (id <= 5285901))

table 3 : explain SELECT DISTINCT c FROM sbtest3 WHERE id BETWEEN 8721349 AND 8721358 ORDER BY c
	Unique  (cost=39.84..39.89 rows=9 width=121)
	  ->  Sort  (cost=39.84..39.87 rows=9 width=121)
	        Sort Key: c
	        ->  Index Scan using sbtest3_pkey on sbtest3  (cost=0.43..39.70 rows=9 width=121)
	              Index Cond: ((id >= 8721349) AND (id <= 8721358))

table 4 : explain SELECT DISTINCT c FROM sbtest4 WHERE id BETWEEN 9353016 AND 9353025 ORDER BY c
	Unique  (cost=43.59..43.64 rows=10 width=121)
	  ->  Sort  (cost=43.59..43.61 rows=10 width=121)
	        Sort Key: c
	        ->  Index Scan using sbtest4_pkey on sbtest4  (cost=0.43..43.42 rows=10 width=121)
	              Index Cond: ((id >= 9353016) AND (id <= 9353025))

table 5 : explain SELECT DISTINCT c FROM sbtest5 WHERE id BETWEEN 3081774 AND 3081783 ORDER BY c
	Unique  (cost=43.82..43.87 rows=10 width=121)
	  ->  Sort  (cost=43.82..43.85 rows=10 width=121)
	        Sort Key: c
	        ->  Index Scan using sbtest5_pkey on sbtest5  (cost=0.43..43.66 rows=10 width=121)
	              Index Cond: ((id >= 3081774) AND (id <= 3081783))

table 6 : explain SELECT DISTINCT c FROM sbtest6 WHERE id BETWEEN 2570866 AND 2570875 ORDER BY c
	Unique  (cost=43.79..43.84 rows=10 width=121)
	  ->  Sort  (cost=43.79..43.81 rows=10 width=121)
	        Sort Key: c
	        ->  Index Scan using sbtest6_pkey on sbtest6  (cost=0.43..43.62 rows=10 width=121)
	              Index Cond: ((id >= 2570866) AND (id <= 2570875))

table 7 : explain SELECT DISTINCT c FROM sbtest7 WHERE id BETWEEN 4258389 AND 4258398 ORDER BY c
	Unique  (cost=43.70..43.75 rows=10 width=121)
	  ->  Sort  (cost=43.70..43.73 rows=10 width=121)
	        Sort Key: c
	        ->  Index Scan using sbtest7_pkey on sbtest7  (cost=0.43..43.54 rows=10 width=121)
	              Index Cond: ((id >= 4258389) AND (id <= 4258398))

table 8 : explain SELECT DISTINCT c FROM sbtest8 WHERE id BETWEEN 6374971 AND 6374980 ORDER BY c
	Unique  (cost=43.74..43.79 rows=10 width=121)
	  ->  Sort  (cost=43.74..43.77 rows=10 width=121)
	        Sort Key: c
	        ->  Index Scan using sbtest8_pkey on sbtest8  (cost=0.43..43.58 rows=10 width=121)
	              Index Cond: ((id >= 6374971) AND (id <= 6374980))

for: distinct_ranges
table 1 : explain SELECT DISTINCT c FROM sbtest1 WHERE id BETWEEN 5116085 AND 5116094 ORDER BY c
	Unique  (cost=39.95..39.99 rows=9 width=121)
	  ->  Sort  (cost=39.95..39.97 rows=9 width=121)
	        Sort Key: c
	        ->  Index Scan using sbtest1_pkey on sbtest1  (cost=0.43..39.80 rows=9 width=121)
	              Index Cond: ((id >= 5116085) AND (id <= 5116094))

table 2 : explain SELECT DISTINCT c FROM sbtest2 WHERE id BETWEEN 4145920 AND 4145929 ORDER BY c
	Unique  (cost=43.90..43.95 rows=10 width=121)
	  ->  Sort  (cost=43.90..43.92 rows=10 width=121)
	        Sort Key: c
	        ->  Index Scan using sbtest2_pkey on sbtest2  (cost=0.43..43.73 rows=10 width=121)
	              Index Cond: ((id >= 4145920) AND (id <= 4145929))

table 3 : explain SELECT DISTINCT c FROM sbtest3 WHERE id BETWEEN 5818080 AND 5818089 ORDER BY c
	Unique  (cost=43.77..43.82 rows=10 width=121)
	  ->  Sort  (cost=43.77..43.80 rows=10 width=121)
	        Sort Key: c
	        ->  Index Scan using sbtest3_pkey on sbtest3  (cost=0.43..43.61 rows=10 width=121)
	              Index Cond: ((id >= 5818080) AND (id <= 5818089))

table 4 : explain SELECT DISTINCT c FROM sbtest4 WHERE id BETWEEN 7144597 AND 7144606 ORDER BY c
	Unique  (cost=43.59..43.64 rows=10 width=121)
	  ->  Sort  (cost=43.59..43.61 rows=10 width=121)
	        Sort Key: c
	        ->  Index Scan using sbtest4_pkey on sbtest4  (cost=0.43..43.42 rows=10 width=121)
	              Index Cond: ((id >= 7144597) AND (id <= 7144606))

table 5 : explain SELECT DISTINCT c FROM sbtest5 WHERE id BETWEEN 954493 AND 954502 ORDER BY c
	Unique  (cost=43.82..43.87 rows=10 width=121)
	  ->  Sort  (cost=43.82..43.85 rows=10 width=121)
	        Sort Key: c
	        ->  Index Scan using sbtest5_pkey on sbtest5  (cost=0.43..43.66 rows=10 width=121)
	              Index Cond: ((id >= 954493) AND (id <= 954502))

table 6 : explain SELECT DISTINCT c FROM sbtest6 WHERE id BETWEEN 152117 AND 152126 ORDER BY c
	Unique  (cost=43.79..43.84 rows=10 width=121)
	  ->  Sort  (cost=43.79..43.81 rows=10 width=121)
	        Sort Key: c
	        ->  Index Scan using sbtest6_pkey on sbtest6  (cost=0.43..43.62 rows=10 width=121)
	              Index Cond: ((id >= 152117) AND (id <= 152126))

table 7 : explain SELECT DISTINCT c FROM sbtest7 WHERE id BETWEEN 5167660 AND 5167669 ORDER BY c
	Unique  (cost=43.70..43.75 rows=10 width=121)
	  ->  Sort  (cost=43.70..43.73 rows=10 width=121)
	        Sort Key: c
	        ->  Index Scan using sbtest7_pkey on sbtest7  (cost=0.43..43.54 rows=10 width=121)
	              Index Cond: ((id >= 5167660) AND (id <= 5167669))

table 8 : explain SELECT DISTINCT c FROM sbtest8 WHERE id BETWEEN 8715646 AND 8715655 ORDER BY c
	Unique  (cost=43.74..43.79 rows=10 width=121)
	  ->  Sort  (cost=43.74..43.77 rows=10 width=121)
	        Sort Key: c
	        ->  Index Scan using sbtest8_pkey on sbtest8  (cost=0.43..43.58 rows=10 width=121)
	              Index Cond: ((id >= 8715646) AND (id <= 8715655))

for: distinct_ranges
table 1 : explain SELECT DISTINCT c FROM sbtest1 WHERE id BETWEEN 3235802 AND 3235811 ORDER BY c
	Unique  (cost=39.95..39.99 rows=9 width=121)
	  ->  Sort  (cost=39.95..39.97 rows=9 width=121)
	        Sort Key: c
	        ->  Index Scan using sbtest1_pkey on sbtest1  (cost=0.43..39.80 rows=9 width=121)
	              Index Cond: ((id >= 3235802) AND (id <= 3235811))

table 2 : explain SELECT DISTINCT c FROM sbtest2 WHERE id BETWEEN 6881732 AND 6881741 ORDER BY c
	Unique  (cost=43.90..43.95 rows=10 width=121)
	  ->  Sort  (cost=43.90..43.92 rows=10 width=121)
	        Sort Key: c
	        ->  Index Scan using sbtest2_pkey on sbtest2  (cost=0.43..43.73 rows=10 width=121)
	              Index Cond: ((id >= 6881732) AND (id <= 6881741))

table 3 : explain SELECT DISTINCT c FROM sbtest3 WHERE id BETWEEN 3175656 AND 3175665 ORDER BY c
	Unique  (cost=47.70..47.76 rows=11 width=121)
	  ->  Sort  (cost=47.70..47.73 rows=11 width=121)
	        Sort Key: c
	        ->  Index Scan using sbtest3_pkey on sbtest3  (cost=0.43..47.51 rows=11 width=121)
	              Index Cond: ((id >= 3175656) AND (id <= 3175665))

table 4 : explain SELECT DISTINCT c FROM sbtest4 WHERE id BETWEEN 8873267 AND 8873276 ORDER BY c
	Unique  (cost=39.68..39.72 rows=9 width=121)
	  ->  Sort  (cost=39.68..39.70 rows=9 width=121)
	        Sort Key: c
	        ->  Index Scan using sbtest4_pkey on sbtest4  (cost=0.43..39.53 rows=9 width=121)
	              Index Cond: ((id >= 8873267) AND (id <= 8873276))

table 5 : explain SELECT DISTINCT c FROM sbtest5 WHERE id BETWEEN 1861926 AND 1861935 ORDER BY c
	Unique  (cost=43.82..43.87 rows=10 width=121)
	  ->  Sort  (cost=43.82..43.85 rows=10 width=121)
	        Sort Key: c
	        ->  Index Scan using sbtest5_pkey on sbtest5  (cost=0.43..43.66 rows=10 width=121)
	              Index Cond: ((id >= 1861926) AND (id <= 1861935))

table 6 : explain SELECT DISTINCT c FROM sbtest6 WHERE id BETWEEN 6319861 AND 6319870 ORDER BY c
	Unique  (cost=47.72..47.77 rows=11 width=121)
	  ->  Sort  (cost=47.72..47.75 rows=11 width=121)
	        Sort Key: c
	        ->  Index Scan using sbtest6_pkey on sbtest6  (cost=0.43..47.53 rows=11 width=121)
	              Index Cond: ((id >= 6319861) AND (id <= 6319870))

table 7 : explain SELECT DISTINCT c FROM sbtest7 WHERE id BETWEEN 8084888 AND 8084897 ORDER BY c
	Unique  (cost=47.62..47.68 rows=11 width=121)
	  ->  Sort  (cost=47.62..47.65 rows=11 width=121)
	        Sort Key: c
	        ->  Index Scan using sbtest7_pkey on sbtest7  (cost=0.43..47.43 rows=11 width=121)
	              Index Cond: ((id >= 8084888) AND (id <= 8084897))

table 8 : explain SELECT DISTINCT c FROM sbtest8 WHERE id BETWEEN 4460890 AND 4460899 ORDER BY c
	Unique  (cost=43.74..43.79 rows=10 width=121)
	  ->  Sort  (cost=43.74..43.77 rows=10 width=121)
	        Sort Key: c
	        ->  Index Scan using sbtest8_pkey on sbtest8  (cost=0.43..43.58 rows=10 width=121)
	              Index Cond: ((id >= 4460890) AND (id <= 4460899))

for: distinct_ranges
table 1 : explain SELECT DISTINCT c FROM sbtest1 WHERE id BETWEEN 3780170 AND 3780179 ORDER BY c
	Unique  (cost=47.83..47.89 rows=11 width=121)
	  ->  Sort  (cost=47.83..47.86 rows=11 width=121)
	        Sort Key: c
	        ->  Index Scan using sbtest1_pkey on sbtest1  (cost=0.43..47.64 rows=11 width=121)
	              Index Cond: ((id >= 3780170) AND (id <= 3780179))

table 2 : explain SELECT DISTINCT c FROM sbtest2 WHERE id BETWEEN 1720627 AND 1720636 ORDER BY c
	Unique  (cost=39.96..40.00 rows=9 width=121)
	  ->  Sort  (cost=39.96..39.98 rows=9 width=121)
	        Sort Key: c
	        ->  Index Scan using sbtest2_pkey on sbtest2  (cost=0.43..39.81 rows=9 width=121)
	              Index Cond: ((id >= 1720627) AND (id <= 1720636))

table 3 : explain SELECT DISTINCT c FROM sbtest3 WHERE id BETWEEN 4661859 AND 4661868 ORDER BY c
	Unique  (cost=43.77..43.82 rows=10 width=121)
	  ->  Sort  (cost=43.77..43.80 rows=10 width=121)
	        Sort Key: c
	        ->  Index Scan using sbtest3_pkey on sbtest3  (cost=0.43..43.61 rows=10 width=121)
	              Index Cond: ((id >= 4661859) AND (id <= 4661868))

table 4 : explain SELECT DISTINCT c FROM sbtest4 WHERE id BETWEEN 6027330 AND 6027339 ORDER BY c
	Unique  (cost=43.59..43.64 rows=10 width=121)
	  ->  Sort  (cost=43.59..43.61 rows=10 width=121)
	        Sort Key: c
	        ->  Index Scan using sbtest4_pkey on sbtest4  (cost=0.43..43.42 rows=10 width=121)
	              Index Cond: ((id >= 6027330) AND (id <= 6027339))

table 5 : explain SELECT DISTINCT c FROM sbtest5 WHERE id BETWEEN 3215282 AND 3215291 ORDER BY c
	Unique  (cost=43.82..43.87 rows=10 width=121)
	  ->  Sort  (cost=43.82..43.85 rows=10 width=121)
	        Sort Key: c
	        ->  Index Scan using sbtest5_pkey on sbtest5  (cost=0.43..43.66 rows=10 width=121)
	              Index Cond: ((id >= 3215282) AND (id <= 3215291))

table 6 : explain SELECT DISTINCT c FROM sbtest6 WHERE id BETWEEN 6562587 AND 6562596 ORDER BY c
	Unique  (cost=47.72..47.77 rows=11 width=121)
	  ->  Sort  (cost=47.72..47.75 rows=11 width=121)
	        Sort Key: c
	        ->  Index Scan using sbtest6_pkey on sbtest6  (cost=0.43..47.53 rows=11 width=121)
	              Index Cond: ((id >= 6562587) AND (id <= 6562596))

table 7 : explain SELECT DISTINCT c FROM sbtest7 WHERE id BETWEEN 6503974 AND 6503983 ORDER BY c
	Unique  (cost=47.62..47.68 rows=11 width=121)
	  ->  Sort  (cost=47.62..47.65 rows=11 width=121)
	        Sort Key: c
	        ->  Index Scan using sbtest7_pkey on sbtest7  (cost=0.43..47.43 rows=11 width=121)
	              Index Cond: ((id >= 6503974) AND (id <= 6503983))

table 8 : explain SELECT DISTINCT c FROM sbtest8 WHERE id BETWEEN 2509159 AND 2509168 ORDER BY c
	Unique  (cost=43.74..43.79 rows=10 width=121)
	  ->  Sort  (cost=43.74..43.77 rows=10 width=121)
	        Sort Key: c
	        ->  Index Scan using sbtest8_pkey on sbtest8  (cost=0.43..43.58 rows=10 width=121)
	              Index Cond: ((id >= 2509159) AND (id <= 2509168))

for: order_ranges
table 1 : explain SELECT c FROM sbtest1 WHERE id BETWEEN 6411980 AND 6411989 ORDER BY c
	Sort  (cost=43.89..43.91 rows=10 width=121)
	  Sort Key: c
	  ->  Index Scan using sbtest1_pkey on sbtest1  (cost=0.43..43.72 rows=10 width=121)
	        Index Cond: ((id >= 6411980) AND (id <= 6411989))

table 2 : explain SELECT c FROM sbtest2 WHERE id BETWEEN 98482 AND 98491 ORDER BY c
	Sort  (cost=43.90..43.92 rows=10 width=121)
	  Sort Key: c
	  ->  Index Scan using sbtest2_pkey on sbtest2  (cost=0.43..43.73 rows=10 width=121)
	        Index Cond: ((id >= 98482) AND (id <= 98491))

table 3 : explain SELECT c FROM sbtest3 WHERE id BETWEEN 6597884 AND 6597893 ORDER BY c
	Sort  (cost=47.70..47.73 rows=11 width=121)
	  Sort Key: c
	  ->  Index Scan using sbtest3_pkey on sbtest3  (cost=0.43..47.51 rows=11 width=121)
	        Index Cond: ((id >= 6597884) AND (id <= 6597893))

table 4 : explain SELECT c FROM sbtest4 WHERE id BETWEEN 881192 AND 881201 ORDER BY c
	Sort  (cost=47.49..47.52 rows=11 width=121)
	  Sort Key: c
	  ->  Index Scan using sbtest4_pkey on sbtest4  (cost=0.43..47.30 rows=11 width=121)
	        Index Cond: ((id >= 881192) AND (id <= 881201))

table 5 : explain SELECT c FROM sbtest5 WHERE id BETWEEN 4166746 AND 4166755 ORDER BY c
	Sort  (cost=43.82..43.85 rows=10 width=121)
	  Sort Key: c
	  ->  Index Scan using sbtest5_pkey on sbtest5  (cost=0.43..43.66 rows=10 width=121)
	        Index Cond: ((id >= 4166746) AND (id <= 4166755))

table 6 : explain SELECT c FROM sbtest6 WHERE id BETWEEN 1302393 AND 1302402 ORDER BY c
	Sort  (cost=43.79..43.81 rows=10 width=121)
	  Sort Key: c
	  ->  Index Scan using sbtest6_pkey on sbtest6  (cost=0.43..43.62 rows=10 width=121)
	        Index Cond: ((id >= 1302393) AND (id <= 1302402))

table 7 : explain SELECT c FROM sbtest7 WHERE id BETWEEN 9470777 AND 9470786 ORDER BY c
	Sort  (cost=43.70..43.73 rows=10 width=121)
	  Sort Key: c
	  ->  Index Scan using sbtest7_pkey on sbtest7  (cost=0.43..43.54 rows=10 width=121)
	        Index Cond: ((id >= 9470777) AND (id <= 9470786))

table 8 : explain SELECT c FROM sbtest8 WHERE id BETWEEN 781999 AND 782008 ORDER BY c
	Sort  (cost=43.74..43.77 rows=10 width=121)
	  Sort Key: c
	  ->  Index Scan using sbtest8_pkey on sbtest8  (cost=0.43..43.58 rows=10 width=121)
	        Index Cond: ((id >= 781999) AND (id <= 782008))
for: order_ranges
table 1 : explain SELECT c FROM sbtest1 WHERE id BETWEEN 3817246 AND 3817255 ORDER BY c
	Sort  (cost=47.83..47.86 rows=11 width=121)
	  Sort Key: c
	  ->  Index Scan using sbtest1_pkey on sbtest1  (cost=0.43..47.64 rows=11 width=121)
	        Index Cond: ((id >= 3817246) AND (id <= 3817255))

table 2 : explain SELECT c FROM sbtest2 WHERE id BETWEEN 9373127 AND 9373136 ORDER BY c
	Sort  (cost=47.84..47.87 rows=11 width=121)
	  Sort Key: c
	  ->  Index Scan using sbtest2_pkey on sbtest2  (cost=0.43..47.65 rows=11 width=121)
	        Index Cond: ((id >= 9373127) AND (id <= 9373136))

table 3 : explain SELECT c FROM sbtest3 WHERE id BETWEEN 3980332 AND 3980341 ORDER BY c
	Sort  (cost=43.77..43.80 rows=10 width=121)
	  Sort Key: c
	  ->  Index Scan using sbtest3_pkey on sbtest3  (cost=0.43..43.61 rows=10 width=121)
	        Index Cond: ((id >= 3980332) AND (id <= 3980341))

table 4 : explain SELECT c FROM sbtest4 WHERE id BETWEEN 7195250 AND 7195259 ORDER BY c
	Sort  (cost=43.59..43.61 rows=10 width=121)
	  Sort Key: c
	  ->  Index Scan using sbtest4_pkey on sbtest4  (cost=0.43..43.42 rows=10 width=121)
	        Index Cond: ((id >= 7195250) AND (id <= 7195259))

table 5 : explain SELECT c FROM sbtest5 WHERE id BETWEEN 1825314 AND 1825323 ORDER BY c
	Sort  (cost=43.82..43.85 rows=10 width=121)
	  Sort Key: c
	  ->  Index Scan using sbtest5_pkey on sbtest5  (cost=0.43..43.66 rows=10 width=121)
	        Index Cond: ((id >= 1825314) AND (id <= 1825323))

table 6 : explain SELECT c FROM sbtest6 WHERE id BETWEEN 5983459 AND 5983468 ORDER BY c
	Sort  (cost=39.86..39.88 rows=9 width=121)
	  Sort Key: c
	  ->  Index Scan using sbtest6_pkey on sbtest6  (cost=0.43..39.71 rows=9 width=121)
	        Index Cond: ((id >= 5983459) AND (id <= 5983468))

table 7 : explain SELECT c FROM sbtest7 WHERE id BETWEEN 7990773 AND 7990782 ORDER BY c
	Sort  (cost=47.62..47.65 rows=11 width=121)
	  Sort Key: c
	  ->  Index Scan using sbtest7_pkey on sbtest7  (cost=0.43..47.43 rows=11 width=121)
	        Index Cond: ((id >= 7990773) AND (id <= 7990782))

table 8 : explain SELECT c FROM sbtest8 WHERE id BETWEEN 1415667 AND 1415676 ORDER BY c
	Sort  (cost=43.74..43.77 rows=10 width=121)
	  Sort Key: c
	  ->  Index Scan using sbtest8_pkey on sbtest8  (cost=0.43..43.58 rows=10 width=121)
	        Index Cond: ((id >= 1415667) AND (id <= 1415676))


for: distinct_ranges
table 1 : explain SELECT DISTINCT c FROM sbtest1 WHERE id BETWEEN 9955127 AND 9955136 ORDER BY c
	Unique  (cost=43.89..43.94 rows=10 width=121)
	  ->  Sort  (cost=43.89..43.91 rows=10 width=121)
	        Sort Key: c
	        ->  Index Scan using sbtest1_pkey on sbtest1  (cost=0.43..43.72 rows=10 width=121)
	              Index Cond: ((id >= 9955127) AND (id <= 9955136))

table 2 : explain SELECT DISTINCT c FROM sbtest2 WHERE id BETWEEN 8703225 AND 8703234 ORDER BY c
	Unique  (cost=39.96..40.00 rows=9 width=121)
	  ->  Sort  (cost=39.96..39.98 rows=9 width=121)
	        Sort Key: c
	        ->  Index Scan using sbtest2_pkey on sbtest2  (cost=0.43..39.81 rows=9 width=121)
	              Index Cond: ((id >= 8703225) AND (id <= 8703234))

table 3 : explain SELECT DISTINCT c FROM sbtest3 WHERE id BETWEEN 5039718 AND 5039727 ORDER BY c
	Unique  (cost=43.77..43.82 rows=10 width=121)
	  ->  Sort  (cost=43.77..43.80 rows=10 width=121)
	        Sort Key: c
	        ->  Index Scan using sbtest3_pkey on sbtest3  (cost=0.43..43.61 rows=10 width=121)
	              Index Cond: ((id >= 5039718) AND (id <= 5039727))

table 4 : explain SELECT DISTINCT c FROM sbtest4 WHERE id BETWEEN 1046146 AND 1046155 ORDER BY c
	Unique  (cost=39.68..39.72 rows=9 width=121)
	  ->  Sort  (cost=39.68..39.70 rows=9 width=121)
	        Sort Key: c
	        ->  Index Scan using sbtest4_pkey on sbtest4  (cost=0.43..39.53 rows=9 width=121)
	              Index Cond: ((id >= 1046146) AND (id <= 1046155))

table 5 : explain SELECT DISTINCT c FROM sbtest5 WHERE id BETWEEN 9133739 AND 9133748 ORDER BY c
	Unique  (cost=43.82..43.87 rows=10 width=121)
	  ->  Sort  (cost=43.82..43.85 rows=10 width=121)
	        Sort Key: c
	        ->  Index Scan using sbtest5_pkey on sbtest5  (cost=0.43..43.66 rows=10 width=121)
	              Index Cond: ((id >= 9133739) AND (id <= 9133748))

table 6 : explain SELECT DISTINCT c FROM sbtest6 WHERE id BETWEEN 2813456 AND 2813465 ORDER BY c
	Unique  (cost=43.79..43.84 rows=10 width=121)
	  ->  Sort  (cost=43.79..43.81 rows=10 width=121)
	        Sort Key: c
	        ->  Index Scan using sbtest6_pkey on sbtest6  (cost=0.43..43.62 rows=10 width=121)
	              Index Cond: ((id >= 2813456) AND (id <= 2813465))

table 7 : explain SELECT DISTINCT c FROM sbtest7 WHERE id BETWEEN 7855958 AND 7855967 ORDER BY c
	Unique  (cost=43.70..43.75 rows=10 width=121)
	  ->  Sort  (cost=43.70..43.73 rows=10 width=121)
	        Sort Key: c
	        ->  Index Scan using sbtest7_pkey on sbtest7  (cost=0.43..43.54 rows=10 width=121)
	              Index Cond: ((id >= 7855958) AND (id <= 7855967))

table 8 : explain SELECT DISTINCT c FROM sbtest8 WHERE id BETWEEN 847699 AND 847708 ORDER BY c
	Unique  (cost=43.74..43.79 rows=10 width=121)
	  ->  Sort  (cost=43.74..43.77 rows=10 width=121)
	        Sort Key: c
	        ->  Index Scan using sbtest8_pkey on sbtest8  (cost=0.43..43.58 rows=10 width=121)
	              Index Cond: ((id >= 847699) AND (id <= 847708))

for: distinct_ranges
table 1 : explain SELECT DISTINCT c FROM sbtest1 WHERE id BETWEEN 8346252 AND 8346261 ORDER BY c
	Unique  (cost=39.95..39.99 rows=9 width=121)
	  ->  Sort  (cost=39.95..39.97 rows=9 width=121)
	        Sort Key: c
	        ->  Index Scan using sbtest1_pkey on sbtest1  (cost=0.43..39.80 rows=9 width=121)
	              Index Cond: ((id >= 8346252) AND (id <= 8346261))

table 2 : explain SELECT DISTINCT c FROM sbtest2 WHERE id BETWEEN 6967742 AND 6967751 ORDER BY c
	Unique  (cost=43.90..43.95 rows=10 width=121)
	  ->  Sort  (cost=43.90..43.92 rows=10 width=121)
	        Sort Key: c
	        ->  Index Scan using sbtest2_pkey on sbtest2  (cost=0.43..43.73 rows=10 width=121)
	              Index Cond: ((id >= 6967742) AND (id <= 6967751))

table 3 : explain SELECT DISTINCT c FROM sbtest3 WHERE id BETWEEN 7194709 AND 7194718 ORDER BY c
	Unique  (cost=43.77..43.82 rows=10 width=121)
	  ->  Sort  (cost=43.77..43.80 rows=10 width=121)
	        Sort Key: c
	        ->  Index Scan using sbtest3_pkey on sbtest3  (cost=0.43..43.61 rows=10 width=121)
	              Index Cond: ((id >= 7194709) AND (id <= 7194718))

table 4 : explain SELECT DISTINCT c FROM sbtest4 WHERE id BETWEEN 8424964 AND 8424973 ORDER BY c
	Unique  (cost=47.49..47.55 rows=11 width=121)
	  ->  Sort  (cost=47.49..47.52 rows=11 width=121)
	        Sort Key: c
	        ->  Index Scan using sbtest4_pkey on sbtest4  (cost=0.43..47.30 rows=11 width=121)
	              Index Cond: ((id >= 8424964) AND (id <= 8424973))

table 5 : explain SELECT DISTINCT c FROM sbtest5 WHERE id BETWEEN 8948953 AND 8948962 ORDER BY c
	Unique  (cost=43.82..43.87 rows=10 width=121)
	  ->  Sort  (cost=43.82..43.85 rows=10 width=121)
	        Sort Key: c
	        ->  Index Scan using sbtest5_pkey on sbtest5  (cost=0.43..43.66 rows=10 width=121)
	              Index Cond: ((id >= 8948953) AND (id <= 8948962))

table 6 : explain SELECT DISTINCT c FROM sbtest6 WHERE id BETWEEN 8758789 AND 8758798 ORDER BY c
	Unique  (cost=43.79..43.84 rows=10 width=121)
	  ->  Sort  (cost=43.79..43.81 rows=10 width=121)
	        Sort Key: c
	        ->  Index Scan using sbtest6_pkey on sbtest6  (cost=0.43..43.62 rows=10 width=121)
	              Index Cond: ((id >= 8758789) AND (id <= 8758798))

table 7 : explain SELECT DISTINCT c FROM sbtest7 WHERE id BETWEEN 4084608 AND 4084617 ORDER BY c
	Unique  (cost=43.70..43.75 rows=10 width=121)
	  ->  Sort  (cost=43.70..43.73 rows=10 width=121)
	        Sort Key: c
	        ->  Index Scan using sbtest7_pkey on sbtest7  (cost=0.43..43.54 rows=10 width=121)
	              Index Cond: ((id >= 4084608) AND (id <= 4084617))

table 8 : explain SELECT DISTINCT c FROM sbtest8 WHERE id BETWEEN 7177537 AND 7177546 ORDER BY c
	Unique  (cost=43.74..43.79 rows=10 width=121)
	  ->  Sort  (cost=43.74..43.77 rows=10 width=121)
	        Sort Key: c
	        ->  Index Scan using sbtest8_pkey on sbtest8  (cost=0.43..43.58 rows=10 width=121)
	              Index Cond: ((id >= 7177537) AND (id <= 7177546))

for: distinct_ranges
table 1 : explain SELECT DISTINCT c FROM sbtest1 WHERE id BETWEEN 2779936 AND 2779945 ORDER BY c
	Unique  (cost=43.89..43.94 rows=10 width=121)
	  ->  Sort  (cost=43.89..43.91 rows=10 width=121)
	        Sort Key: c
	        ->  Index Scan using sbtest1_pkey on sbtest1  (cost=0.43..43.72 rows=10 width=121)
	              Index Cond: ((id >= 2779936) AND (id <= 2779945))

table 2 : explain SELECT DISTINCT c FROM sbtest2 WHERE id BETWEEN 5817032 AND 5817041 ORDER BY c
	Unique  (cost=47.84..47.90 rows=11 width=121)
	  ->  Sort  (cost=47.84..47.87 rows=11 width=121)
	        Sort Key: c
	        ->  Index Scan using sbtest2_pkey on sbtest2  (cost=0.43..47.65 rows=11 width=121)
	              Index Cond: ((id >= 5817032) AND (id <= 5817041))

table 3 : explain SELECT DISTINCT c FROM sbtest3 WHERE id BETWEEN 1905758 AND 1905767 ORDER BY c
	Unique  (cost=43.77..43.82 rows=10 width=121)
	  ->  Sort  (cost=43.77..43.80 rows=10 width=121)
	        Sort Key: c
	        ->  Index Scan using sbtest3_pkey on sbtest3  (cost=0.43..43.61 rows=10 width=121)
	              Index Cond: ((id >= 1905758) AND (id <= 1905767))

table 4 : explain SELECT DISTINCT c FROM sbtest4 WHERE id BETWEEN 9705164 AND 9705173 ORDER BY c
	Unique  (cost=43.59..43.64 rows=10 width=121)
	  ->  Sort  (cost=43.59..43.61 rows=10 width=121)
	        Sort Key: c
	        ->  Index Scan using sbtest4_pkey on sbtest4  (cost=0.43..43.42 rows=10 width=121)
	              Index Cond: ((id >= 9705164) AND (id <= 9705173))

table 5 : explain SELECT DISTINCT c FROM sbtest5 WHERE id BETWEEN 5054747 AND 5054756 ORDER BY c
	Unique  (cost=43.82..43.87 rows=10 width=121)
	  ->  Sort  (cost=43.82..43.85 rows=10 width=121)
	        Sort Key: c
	        ->  Index Scan using sbtest5_pkey on sbtest5  (cost=0.43..43.66 rows=10 width=121)
	              Index Cond: ((id >= 5054747) AND (id <= 5054756))

table 6 : explain SELECT DISTINCT c FROM sbtest6 WHERE id BETWEEN 4969983 AND 4969992 ORDER BY c
	Unique  (cost=43.79..43.84 rows=10 width=121)
	  ->  Sort  (cost=43.79..43.81 rows=10 width=121)
	        Sort Key: c
	        ->  Index Scan using sbtest6_pkey on sbtest6  (cost=0.43..43.62 rows=10 width=121)
	              Index Cond: ((id >= 4969983) AND (id <= 4969992))

table 7 : explain SELECT DISTINCT c FROM sbtest7 WHERE id BETWEEN 9500175 AND 9500184 ORDER BY c
	Unique  (cost=39.78..39.83 rows=9 width=121)
	  ->  Sort  (cost=39.78..39.80 rows=9 width=121)
	        Sort Key: c
	        ->  Index Scan using sbtest7_pkey on sbtest7  (cost=0.43..39.64 rows=9 width=121)
	              Index Cond: ((id >= 9500175) AND (id <= 9500184))

table 8 : explain SELECT DISTINCT c FROM sbtest8 WHERE id BETWEEN 5187378 AND 5187387 ORDER BY c
	Unique  (cost=43.74..43.79 rows=10 width=121)
	  ->  Sort  (cost=43.74..43.77 rows=10 width=121)
	        Sort Key: c
	        ->  Index Scan using sbtest8_pkey on sbtest8  (cost=0.43..43.58 rows=10 width=121)
	              Index Cond: ((id >= 5187378) AND (id <= 5187387))

for: distinct_ranges
table 1 : explain SELECT DISTINCT c FROM sbtest1 WHERE id BETWEEN 4186972 AND 4186981 ORDER BY c
	Unique  (cost=43.89..43.94 rows=10 width=121)
	  ->  Sort  (cost=43.89..43.91 rows=10 width=121)
	        Sort Key: c
	        ->  Index Scan using sbtest1_pkey on sbtest1  (cost=0.43..43.72 rows=10 width=121)
	              Index Cond: ((id >= 4186972) AND (id <= 4186981))

table 2 : explain SELECT DISTINCT c FROM sbtest2 WHERE id BETWEEN 7950474 AND 7950483 ORDER BY c
	Unique  (cost=43.90..43.95 rows=10 width=121)
	  ->  Sort  (cost=43.90..43.92 rows=10 width=121)
	        Sort Key: c
	        ->  Index Scan using sbtest2_pkey on sbtest2  (cost=0.43..43.73 rows=10 width=121)
	              Index Cond: ((id >= 7950474) AND (id <= 7950483))

table 3 : explain SELECT DISTINCT c FROM sbtest3 WHERE id BETWEEN 506044 AND 506053 ORDER BY c
	Unique  (cost=39.84..39.89 rows=9 width=121)
	  ->  Sort  (cost=39.84..39.87 rows=9 width=121)
	        Sort Key: c
	        ->  Index Scan using sbtest3_pkey on sbtest3  (cost=0.43..39.70 rows=9 width=121)
	              Index Cond: ((id >= 506044) AND (id <= 506053))

table 4 : explain SELECT DISTINCT c FROM sbtest4 WHERE id BETWEEN 497195 AND 497204 ORDER BY c
	Unique  (cost=43.59..43.64 rows=10 width=121)
	  ->  Sort  (cost=43.59..43.61 rows=10 width=121)
	        Sort Key: c
	        ->  Index Scan using sbtest4_pkey on sbtest4  (cost=0.43..43.42 rows=10 width=121)
	              Index Cond: ((id >= 497195) AND (id <= 497204))

table 5 : explain SELECT DISTINCT c FROM sbtest5 WHERE id BETWEEN 5786190 AND 5786199 ORDER BY c
	Unique  (cost=47.76..47.81 rows=11 width=121)
	  ->  Sort  (cost=47.76..47.78 rows=11 width=121)
	        Sort Key: c
	        ->  Index Scan using sbtest5_pkey on sbtest5  (cost=0.43..47.57 rows=11 width=121)
	              Index Cond: ((id >= 5786190) AND (id <= 5786199))

table 6 : explain SELECT DISTINCT c FROM sbtest6 WHERE id BETWEEN 194507 AND 194516 ORDER BY c
	Unique  (cost=43.79..43.84 rows=10 width=121)
	  ->  Sort  (cost=43.79..43.81 rows=10 width=121)
	        Sort Key: c
	        ->  Index Scan using sbtest6_pkey on sbtest6  (cost=0.43..43.62 rows=10 width=121)
	              Index Cond: ((id >= 194507) AND (id <= 194516))

table 7 : explain SELECT DISTINCT c FROM sbtest7 WHERE id BETWEEN 404428 AND 404437 ORDER BY c
	Unique  (cost=43.70..43.75 rows=10 width=121)
	  ->  Sort  (cost=43.70..43.73 rows=10 width=121)
	        Sort Key: c
	        ->  Index Scan using sbtest7_pkey on sbtest7  (cost=0.43..43.54 rows=10 width=121)
	              Index Cond: ((id >= 404428) AND (id <= 404437))

table 8 : explain SELECT DISTINCT c FROM sbtest8 WHERE id BETWEEN 4499520 AND 4499529 ORDER BY c
	Unique  (cost=43.74..43.79 rows=10 width=121)
	  ->  Sort  (cost=43.74..43.77 rows=10 width=121)
	        Sort Key: c
	        ->  Index Scan using sbtest8_pkey on sbtest8  (cost=0.43..43.58 rows=10 width=121)
	              Index Cond: ((id >= 4499520) AND (id <= 4499529))

for: distinct_ranges
table 1 : explain SELECT DISTINCT c FROM sbtest1 WHERE id BETWEEN 3905495 AND 3905504 ORDER BY c
	Unique  (cost=43.89..43.94 rows=10 width=121)
	  ->  Sort  (cost=43.89..43.91 rows=10 width=121)
	        Sort Key: c
	        ->  Index Scan using sbtest1_pkey on sbtest1  (cost=0.43..43.72 rows=10 width=121)
	              Index Cond: ((id >= 3905495) AND (id <= 3905504))

table 2 : explain SELECT DISTINCT c FROM sbtest2 WHERE id BETWEEN 7939915 AND 7939924 ORDER BY c
	Unique  (cost=43.90..43.95 rows=10 width=121)
	  ->  Sort  (cost=43.90..43.92 rows=10 width=121)
	        Sort Key: c
	        ->  Index Scan using sbtest2_pkey on sbtest2  (cost=0.43..43.73 rows=10 width=121)
	              Index Cond: ((id >= 7939915) AND (id <= 7939924))

table 3 : explain SELECT DISTINCT c FROM sbtest3 WHERE id BETWEEN 2290862 AND 2290871 ORDER BY c
	Unique  (cost=43.77..43.82 rows=10 width=121)
	  ->  Sort  (cost=43.77..43.80 rows=10 width=121)
	        Sort Key: c
	        ->  Index Scan using sbtest3_pkey on sbtest3  (cost=0.43..43.61 rows=10 width=121)
	              Index Cond: ((id >= 2290862) AND (id <= 2290871))

table 4 : explain SELECT DISTINCT c FROM sbtest4 WHERE id BETWEEN 6686141 AND 6686150 ORDER BY c
	Unique  (cost=43.59..43.64 rows=10 width=121)
	  ->  Sort  (cost=43.59..43.61 rows=10 width=121)
	        Sort Key: c
	        ->  Index Scan using sbtest4_pkey on sbtest4  (cost=0.43..43.42 rows=10 width=121)
	              Index Cond: ((id >= 6686141) AND (id <= 6686150))

table 5 : explain SELECT DISTINCT c FROM sbtest5 WHERE id BETWEEN 1149652 AND 1149661 ORDER BY c
	Unique  (cost=47.76..47.81 rows=11 width=121)
	  ->  Sort  (cost=47.76..47.78 rows=11 width=121)
	        Sort Key: c
	        ->  Index Scan using sbtest5_pkey on sbtest5  (cost=0.43..47.57 rows=11 width=121)
	              Index Cond: ((id >= 1149652) AND (id <= 1149661))

table 6 : explain SELECT DISTINCT c FROM sbtest6 WHERE id BETWEEN 4686918 AND 4686927 ORDER BY c
	Unique  (cost=39.86..39.90 rows=9 width=121)
	  ->  Sort  (cost=39.86..39.88 rows=9 width=121)
	        Sort Key: c
	        ->  Index Scan using sbtest6_pkey on sbtest6  (cost=0.43..39.71 rows=9 width=121)
	              Index Cond: ((id >= 4686918) AND (id <= 4686927))

table 7 : explain SELECT DISTINCT c FROM sbtest7 WHERE id BETWEEN 7500520 AND 7500529 ORDER BY c
	Unique  (cost=43.70..43.75 rows=10 width=121)
	  ->  Sort  (cost=43.70..43.73 rows=10 width=121)
	        Sort Key: c
	        ->  Index Scan using sbtest7_pkey on sbtest7  (cost=0.43..43.54 rows=10 width=121)
	              Index Cond: ((id >= 7500520) AND (id <= 7500529))

table 8 : explain SELECT DISTINCT c FROM sbtest8 WHERE id BETWEEN 581299 AND 581308 ORDER BY c
	Unique  (cost=43.74..43.79 rows=10 width=121)
	  ->  Sort  (cost=43.74..43.77 rows=10 width=121)
	        Sort Key: c
	        ->  Index Scan using sbtest8_pkey on sbtest8  (cost=0.43..43.58 rows=10 width=121)
	              Index Cond: ((id >= 581299) AND (id <= 581308))
for: distinct_ranges
table 1 : explain SELECT DISTINCT c FROM sbtest1 WHERE id BETWEEN 9454659 AND 9454668 ORDER BY c
	Unique  (cost=43.89..43.94 rows=10 width=121)
	  ->  Sort  (cost=43.89..43.91 rows=10 width=121)
	        Sort Key: c
	        ->  Index Scan using sbtest1_pkey on sbtest1  (cost=0.43..43.72 rows=10 width=121)
	              Index Cond: ((id >= 9454659) AND (id <= 9454668))

table 2 : explain SELECT DISTINCT c FROM sbtest2 WHERE id BETWEEN 1720163 AND 1720172 ORDER BY c
	Unique  (cost=39.96..40.00 rows=9 width=121)
	  ->  Sort  (cost=39.96..39.98 rows=9 width=121)
	        Sort Key: c
	        ->  Index Scan using sbtest2_pkey on sbtest2  (cost=0.43..39.81 rows=9 width=121)
	              Index Cond: ((id >= 1720163) AND (id <= 1720172))

table 3 : explain SELECT DISTINCT c FROM sbtest3 WHERE id BETWEEN 8096141 AND 8096150 ORDER BY c
	Unique  (cost=39.84..39.89 rows=9 width=121)
	  ->  Sort  (cost=39.84..39.87 rows=9 width=121)
	        Sort Key: c
	        ->  Index Scan using sbtest3_pkey on sbtest3  (cost=0.43..39.70 rows=9 width=121)
	              Index Cond: ((id >= 8096141) AND (id <= 8096150))

table 4 : explain SELECT DISTINCT c FROM sbtest4 WHERE id BETWEEN 3830680 AND 3830689 ORDER BY c
	Unique  (cost=43.59..43.64 rows=10 width=121)
	  ->  Sort  (cost=43.59..43.61 rows=10 width=121)
	        Sort Key: c
	        ->  Index Scan using sbtest4_pkey on sbtest4  (cost=0.43..43.42 rows=10 width=121)
	              Index Cond: ((id >= 3830680) AND (id <= 3830689))

table 5 : explain SELECT DISTINCT c FROM sbtest5 WHERE id BETWEEN 5264870 AND 5264879 ORDER BY c
	Unique  (cost=43.82..43.87 rows=10 width=121)
	  ->  Sort  (cost=43.82..43.85 rows=10 width=121)
	        Sort Key: c
	        ->  Index Scan using sbtest5_pkey on sbtest5  (cost=0.43..43.66 rows=10 width=121)
	              Index Cond: ((id >= 5264870) AND (id <= 5264879))

table 6 : explain SELECT DISTINCT c FROM sbtest6 WHERE id BETWEEN 3648579 AND 3648588 ORDER BY c
	Unique  (cost=43.79..43.84 rows=10 width=121)
	  ->  Sort  (cost=43.79..43.81 rows=10 width=121)
	        Sort Key: c
	        ->  Index Scan using sbtest6_pkey on sbtest6  (cost=0.43..43.62 rows=10 width=121)
	              Index Cond: ((id >= 3648579) AND (id <= 3648588))

table 7 : explain SELECT DISTINCT c FROM sbtest7 WHERE id BETWEEN 755948 AND 755957 ORDER BY c
	Unique  (cost=43.70..43.75 rows=10 width=121)
	  ->  Sort  (cost=43.70..43.73 rows=10 width=121)
	        Sort Key: c
	        ->  Index Scan using sbtest7_pkey on sbtest7  (cost=0.43..43.54 rows=10 width=121)
	              Index Cond: ((id >= 755948) AND (id <= 755957))

table 8 : explain SELECT DISTINCT c FROM sbtest8 WHERE id BETWEEN 2151946 AND 2151955 ORDER BY c
	Unique  (cost=43.74..43.79 rows=10 width=121)
	  ->  Sort  (cost=43.74..43.77 rows=10 width=121)
	        Sort Key: c
	        ->  Index Scan using sbtest8_pkey on sbtest8  (cost=0.43..43.58 rows=10 width=121)
	              Index Cond: ((id >= 2151946) AND (id <= 2151955))


for: distinct_ranges
table 1 : explain SELECT DISTINCT c FROM sbtest1 WHERE id BETWEEN 86057 AND 86066 ORDER BY c
	Unique  (cost=43.89..43.94 rows=10 width=121)
	  ->  Sort  (cost=43.89..43.91 rows=10 width=121)
	        Sort Key: c
	        ->  Index Scan using sbtest1_pkey on sbtest1  (cost=0.43..43.72 rows=10 width=121)
	              Index Cond: ((id >= 86057) AND (id <= 86066))

table 2 : explain SELECT DISTINCT c FROM sbtest2 WHERE id BETWEEN 1855615 AND 1855624 ORDER BY c
	Unique  (cost=47.84..47.90 rows=11 width=121)
	  ->  Sort  (cost=47.84..47.87 rows=11 width=121)
	        Sort Key: c
	        ->  Index Scan using sbtest2_pkey on sbtest2  (cost=0.43..47.65 rows=11 width=121)
	              Index Cond: ((id >= 1855615) AND (id <= 1855624))

table 3 : explain SELECT DISTINCT c FROM sbtest3 WHERE id BETWEEN 5198391 AND 5198400 ORDER BY c
	Unique  (cost=43.77..43.82 rows=10 width=121)
	  ->  Sort  (cost=43.77..43.80 rows=10 width=121)
	        Sort Key: c
	        ->  Index Scan using sbtest3_pkey on sbtest3  (cost=0.43..43.61 rows=10 width=121)
	              Index Cond: ((id >= 5198391) AND (id <= 5198400))

table 4 : explain SELECT DISTINCT c FROM sbtest4 WHERE id BETWEEN 1485992 AND 1486001 ORDER BY c
	Unique  (cost=43.59..43.64 rows=10 width=121)
	  ->  Sort  (cost=43.59..43.61 rows=10 width=121)
	        Sort Key: c
	        ->  Index Scan using sbtest4_pkey on sbtest4  (cost=0.43..43.42 rows=10 width=121)
	              Index Cond: ((id >= 1485992) AND (id <= 1486001))

table 5 : explain SELECT DISTINCT c FROM sbtest5 WHERE id BETWEEN 5904486 AND 5904495 ORDER BY c
	Unique  (cost=43.82..43.87 rows=10 width=121)
	  ->  Sort  (cost=43.82..43.85 rows=10 width=121)
	        Sort Key: c
	        ->  Index Scan using sbtest5_pkey on sbtest5  (cost=0.43..43.66 rows=10 width=121)
	              Index Cond: ((id >= 5904486) AND (id <= 5904495))

table 6 : explain SELECT DISTINCT c FROM sbtest6 WHERE id BETWEEN 7019777 AND 7019786 ORDER BY c
	Unique  (cost=43.79..43.84 rows=10 width=121)
	  ->  Sort  (cost=43.79..43.81 rows=10 width=121)
	        Sort Key: c
	        ->  Index Scan using sbtest6_pkey on sbtest6  (cost=0.43..43.62 rows=10 width=121)
	              Index Cond: ((id >= 7019777) AND (id <= 7019786))

table 7 : explain SELECT DISTINCT c FROM sbtest7 WHERE id BETWEEN 1525692 AND 1525701 ORDER BY c
	Unique  (cost=43.70..43.75 rows=10 width=121)
	  ->  Sort  (cost=43.70..43.73 rows=10 width=121)
	        Sort Key: c
	        ->  Index Scan using sbtest7_pkey on sbtest7  (cost=0.43..43.54 rows=10 width=121)
	              Index Cond: ((id >= 1525692) AND (id <= 1525701))

table 8 : explain SELECT DISTINCT c FROM sbtest8 WHERE id BETWEEN 1258623 AND 1258632 ORDER BY c
	Unique  (cost=39.82..39.86 rows=9 width=121)
	  ->  Sort  (cost=39.82..39.84 rows=9 width=121)
	        Sort Key: c
	        ->  Index Scan using sbtest8_pkey on sbtest8  (cost=0.43..39.68 rows=9 width=121)
	              Index Cond: ((id >= 1258623) AND (id <= 1258632))

for: distinct_ranges
table 1 : explain SELECT DISTINCT c FROM sbtest1 WHERE id BETWEEN 3446512 AND 3446521 ORDER BY c
	Unique  (cost=43.89..43.94 rows=10 width=121)
	  ->  Sort  (cost=43.89..43.91 rows=10 width=121)
	        Sort Key: c
	        ->  Index Scan using sbtest1_pkey on sbtest1  (cost=0.43..43.72 rows=10 width=121)
	              Index Cond: ((id >= 3446512) AND (id <= 3446521))

table 2 : explain SELECT DISTINCT c FROM sbtest2 WHERE id BETWEEN 7791430 AND 7791439 ORDER BY c
	Unique  (cost=43.90..43.95 rows=10 width=121)
	  ->  Sort  (cost=43.90..43.92 rows=10 width=121)
	        Sort Key: c
	        ->  Index Scan using sbtest2_pkey on sbtest2  (cost=0.43..43.73 rows=10 width=121)
	              Index Cond: ((id >= 7791430) AND (id <= 7791439))

table 3 : explain SELECT DISTINCT c FROM sbtest3 WHERE id BETWEEN 5081058 AND 5081067 ORDER BY c
	Unique  (cost=39.84..39.89 rows=9 width=121)
	  ->  Sort  (cost=39.84..39.87 rows=9 width=121)
	        Sort Key: c
	        ->  Index Scan using sbtest3_pkey on sbtest3  (cost=0.43..39.70 rows=9 width=121)
	              Index Cond: ((id >= 5081058) AND (id <= 5081067))

table 4 : explain SELECT DISTINCT c FROM sbtest4 WHERE id BETWEEN 9245189 AND 9245198 ORDER BY c
	Unique  (cost=43.59..43.64 rows=10 width=121)
	  ->  Sort  (cost=43.59..43.61 rows=10 width=121)
	        Sort Key: c
	        ->  Index Scan using sbtest4_pkey on sbtest4  (cost=0.43..43.42 rows=10 width=121)
	              Index Cond: ((id >= 9245189) AND (id <= 9245198))

table 5 : explain SELECT DISTINCT c FROM sbtest5 WHERE id BETWEEN 3440763 AND 3440772 ORDER BY c
	Unique  (cost=43.82..43.87 rows=10 width=121)
	  ->  Sort  (cost=43.82..43.85 rows=10 width=121)
	        Sort Key: c
	        ->  Index Scan using sbtest5_pkey on sbtest5  (cost=0.43..43.66 rows=10 width=121)
	              Index Cond: ((id >= 3440763) AND (id <= 3440772))

table 6 : explain SELECT DISTINCT c FROM sbtest6 WHERE id BETWEEN 5395261 AND 5395270 ORDER BY c
	Unique  (cost=43.79..43.84 rows=10 width=121)
	  ->  Sort  (cost=43.79..43.81 rows=10 width=121)
	        Sort Key: c
	        ->  Index Scan using sbtest6_pkey on sbtest6  (cost=0.43..43.62 rows=10 width=121)
	              Index Cond: ((id >= 5395261) AND (id <= 5395270))

table 7 : explain SELECT DISTINCT c FROM sbtest7 WHERE id BETWEEN 7569229 AND 7569238 ORDER BY c
	Unique  (cost=47.62..47.68 rows=11 width=121)
	  ->  Sort  (cost=47.62..47.65 rows=11 width=121)
	        Sort Key: c
	        ->  Index Scan using sbtest7_pkey on sbtest7  (cost=0.43..47.43 rows=11 width=121)
	              Index Cond: ((id >= 7569229) AND (id <= 7569238))

table 8 : explain SELECT DISTINCT c FROM sbtest8 WHERE id BETWEEN 7447488 AND 7447497 ORDER BY c
	Unique  (cost=47.67..47.73 rows=11 width=121)
	  ->  Sort  (cost=47.67..47.70 rows=11 width=121)
	        Sort Key: c
	        ->  Index Scan using sbtest8_pkey on sbtest8  (cost=0.43..47.48 rows=11 width=121)
	              Index Cond: ((id >= 7447488) AND (id <= 7447497))

for: distinct_ranges
table 1 : explain SELECT DISTINCT c FROM sbtest1 WHERE id BETWEEN 6872569 AND 6872578 ORDER BY c
	Unique  (cost=43.89..43.94 rows=10 width=121)
	  ->  Sort  (cost=43.89..43.91 rows=10 width=121)
	        Sort Key: c
	        ->  Index Scan using sbtest1_pkey on sbtest1  (cost=0.43..43.72 rows=10 width=121)
	              Index Cond: ((id >= 6872569) AND (id <= 6872578))

table 2 : explain SELECT DISTINCT c FROM sbtest2 WHERE id BETWEEN 1911016 AND 1911025 ORDER BY c
	Unique  (cost=43.90..43.95 rows=10 width=121)
	  ->  Sort  (cost=43.90..43.92 rows=10 width=121)
	        Sort Key: c
	        ->  Index Scan using sbtest2_pkey on sbtest2  (cost=0.43..43.73 rows=10 width=121)
	              Index Cond: ((id >= 1911016) AND (id <= 1911025))

table 3 : explain SELECT DISTINCT c FROM sbtest3 WHERE id BETWEEN 521161 AND 521170 ORDER BY c
	Unique  (cost=39.84..39.89 rows=9 width=121)
	  ->  Sort  (cost=39.84..39.87 rows=9 width=121)
	        Sort Key: c
	        ->  Index Scan using sbtest3_pkey on sbtest3  (cost=0.43..39.70 rows=9 width=121)
	              Index Cond: ((id >= 521161) AND (id <= 521170))

table 4 : explain SELECT DISTINCT c FROM sbtest4 WHERE id BETWEEN 2977042 AND 2977051 ORDER BY c
	Unique  (cost=39.68..39.72 rows=9 width=121)
	  ->  Sort  (cost=39.68..39.70 rows=9 width=121)
	        Sort Key: c
	        ->  Index Scan using sbtest4_pkey on sbtest4  (cost=0.43..39.53 rows=9 width=121)
	              Index Cond: ((id >= 2977042) AND (id <= 2977051))

table 5 : explain SELECT DISTINCT c FROM sbtest5 WHERE id BETWEEN 9362708 AND 9362717 ORDER BY c
	Unique  (cost=43.82..43.87 rows=10 width=121)
	  ->  Sort  (cost=43.82..43.85 rows=10 width=121)
	        Sort Key: c
	        ->  Index Scan using sbtest5_pkey on sbtest5  (cost=0.43..43.66 rows=10 width=121)
	              Index Cond: ((id >= 9362708) AND (id <= 9362717))

table 6 : explain SELECT DISTINCT c FROM sbtest6 WHERE id BETWEEN 860027 AND 860036 ORDER BY c
	Unique  (cost=43.79..43.84 rows=10 width=121)
	  ->  Sort  (cost=43.79..43.81 rows=10 width=121)
	        Sort Key: c
	        ->  Index Scan using sbtest6_pkey on sbtest6  (cost=0.43..43.62 rows=10 width=121)
	              Index Cond: ((id >= 860027) AND (id <= 860036))

table 7 : explain SELECT DISTINCT c FROM sbtest7 WHERE id BETWEEN 7035821 AND 7035830 ORDER BY c
	Unique  (cost=43.70..43.75 rows=10 width=121)
	  ->  Sort  (cost=43.70..43.73 rows=10 width=121)
	        Sort Key: c
	        ->  Index Scan using sbtest7_pkey on sbtest7  (cost=0.43..43.54 rows=10 width=121)
	              Index Cond: ((id >= 7035821) AND (id <= 7035830))

table 8 : explain SELECT DISTINCT c FROM sbtest8 WHERE id BETWEEN 7328348 AND 7328357 ORDER BY c
	Unique  (cost=43.74..43.79 rows=10 width=121)
	  ->  Sort  (cost=43.74..43.77 rows=10 width=121)
	        Sort Key: c
	        ->  Index Scan using sbtest8_pkey on sbtest8  (cost=0.43..43.58 rows=10 width=121)
	              Index Cond: ((id >= 7328348) AND (id <= 7328357))

for: distinct_ranges
table 1 : explain SELECT DISTINCT c FROM sbtest1 WHERE id BETWEEN 6488612 AND 6488621 ORDER BY c
	Unique  (cost=39.95..39.99 rows=9 width=121)
	  ->  Sort  (cost=39.95..39.97 rows=9 width=121)
	        Sort Key: c
	        ->  Index Scan using sbtest1_pkey on sbtest1  (cost=0.43..39.80 rows=9 width=121)
	              Index Cond: ((id >= 6488612) AND (id <= 6488621))

table 2 : explain SELECT DISTINCT c FROM sbtest2 WHERE id BETWEEN 8237037 AND 8237046 ORDER BY c
	Unique  (cost=43.90..43.95 rows=10 width=121)
	  ->  Sort  (cost=43.90..43.92 rows=10 width=121)
	        Sort Key: c
	        ->  Index Scan using sbtest2_pkey on sbtest2  (cost=0.43..43.73 rows=10 width=121)
	              Index Cond: ((id >= 8237037) AND (id <= 8237046))

table 3 : explain SELECT DISTINCT c FROM sbtest3 WHERE id BETWEEN 4820774 AND 4820783 ORDER BY c
	Unique  (cost=39.84..39.89 rows=9 width=121)
	  ->  Sort  (cost=39.84..39.87 rows=9 width=121)
	        Sort Key: c
	        ->  Index Scan using sbtest3_pkey on sbtest3  (cost=0.43..39.70 rows=9 width=121)
	              Index Cond: ((id >= 4820774) AND (id <= 4820783))

table 4 : explain SELECT DISTINCT c FROM sbtest4 WHERE id BETWEEN 4115444 AND 4115453 ORDER BY c
	Unique  (cost=43.59..43.64 rows=10 width=121)
	  ->  Sort  (cost=43.59..43.61 rows=10 width=121)
	        Sort Key: c
	        ->  Index Scan using sbtest4_pkey on sbtest4  (cost=0.43..43.42 rows=10 width=121)
	              Index Cond: ((id >= 4115444) AND (id <= 4115453))

table 5 : explain SELECT DISTINCT c FROM sbtest5 WHERE id BETWEEN 28547 AND 28556 ORDER BY c
	Unique  (cost=39.89..39.93 rows=9 width=121)
	  ->  Sort  (cost=39.89..39.91 rows=9 width=121)
	        Sort Key: c
	        ->  Index Scan using sbtest5_pkey on sbtest5  (cost=0.43..39.74 rows=9 width=121)
	              Index Cond: ((id >= 28547) AND (id <= 28556))

table 6 : explain SELECT DISTINCT c FROM sbtest6 WHERE id BETWEEN 789814 AND 789823 ORDER BY c
	Unique  (cost=43.79..43.84 rows=10 width=121)
	  ->  Sort  (cost=43.79..43.81 rows=10 width=121)
	        Sort Key: c
	        ->  Index Scan using sbtest6_pkey on sbtest6  (cost=0.43..43.62 rows=10 width=121)
	              Index Cond: ((id >= 789814) AND (id <= 789823))

table 7 : explain SELECT DISTINCT c FROM sbtest7 WHERE id BETWEEN 5089863 AND 5089872 ORDER BY c
	Unique  (cost=43.70..43.75 rows=10 width=121)
	  ->  Sort  (cost=43.70..43.73 rows=10 width=121)
	        Sort Key: c
	        ->  Index Scan using sbtest7_pkey on sbtest7  (cost=0.43..43.54 rows=10 width=121)
	              Index Cond: ((id >= 5089863) AND (id <= 5089872))

table 8 : explain SELECT DISTINCT c FROM sbtest8 WHERE id BETWEEN 3302974 AND 3302983 ORDER BY c
	Unique  (cost=43.74..43.79 rows=10 width=121)
	  ->  Sort  (cost=43.74..43.77 rows=10 width=121)
	        Sort Key: c
	        ->  Index Scan using sbtest8_pkey on sbtest8  (cost=0.43..43.58 rows=10 width=121)
	              Index Cond: ((id >= 3302974) AND (id <= 3302983))

for: distinct_ranges
table 1 : explain SELECT DISTINCT c FROM sbtest1 WHERE id BETWEEN 4473484 AND 4473493 ORDER BY c
	Unique  (cost=43.89..43.94 rows=10 width=121)
	  ->  Sort  (cost=43.89..43.91 rows=10 width=121)
	        Sort Key: c
	        ->  Index Scan using sbtest1_pkey on sbtest1  (cost=0.43..43.72 rows=10 width=121)
	              Index Cond: ((id >= 4473484) AND (id <= 4473493))

table 2 : explain SELECT DISTINCT c FROM sbtest2 WHERE id BETWEEN 6293466 AND 6293475 ORDER BY c
	Unique  (cost=43.90..43.95 rows=10 width=121)
	  ->  Sort  (cost=43.90..43.92 rows=10 width=121)
	        Sort Key: c
	        ->  Index Scan using sbtest2_pkey on sbtest2  (cost=0.43..43.73 rows=10 width=121)
	              Index Cond: ((id >= 6293466) AND (id <= 6293475))

table 3 : explain SELECT DISTINCT c FROM sbtest3 WHERE id BETWEEN 3562958 AND 3562967 ORDER BY c
	Unique  (cost=43.77..43.82 rows=10 width=121)
	  ->  Sort  (cost=43.77..43.80 rows=10 width=121)
	        Sort Key: c
	        ->  Index Scan using sbtest3_pkey on sbtest3  (cost=0.43..43.61 rows=10 width=121)
	              Index Cond: ((id >= 3562958) AND (id <= 3562967))

table 4 : explain SELECT DISTINCT c FROM sbtest4 WHERE id BETWEEN 7826707 AND 7826716 ORDER BY c
	Unique  (cost=39.68..39.72 rows=9 width=121)
	  ->  Sort  (cost=39.68..39.70 rows=9 width=121)
	        Sort Key: c
	        ->  Index Scan using sbtest4_pkey on sbtest4  (cost=0.43..39.53 rows=9 width=121)
	              Index Cond: ((id >= 7826707) AND (id <= 7826716))

table 5 : explain SELECT DISTINCT c FROM sbtest5 WHERE id BETWEEN 149123 AND 149132 ORDER BY c
	Unique  (cost=47.76..47.81 rows=11 width=121)
	  ->  Sort  (cost=47.76..47.78 rows=11 width=121)
	        Sort Key: c
	        ->  Index Scan using sbtest5_pkey on sbtest5  (cost=0.43..47.57 rows=11 width=121)
	              Index Cond: ((id >= 149123) AND (id <= 149132))

table 6 : explain SELECT DISTINCT c FROM sbtest6 WHERE id BETWEEN 893784 AND 893793 ORDER BY c
	Unique  (cost=43.79..43.84 rows=10 width=121)
	  ->  Sort  (cost=43.79..43.81 rows=10 width=121)
	        Sort Key: c
	        ->  Index Scan using sbtest6_pkey on sbtest6  (cost=0.43..43.62 rows=10 width=121)
	              Index Cond: ((id >= 893784) AND (id <= 893793))

table 7 : explain SELECT DISTINCT c FROM sbtest7 WHERE id BETWEEN 7382754 AND 7382763 ORDER BY c
	Unique  (cost=43.70..43.75 rows=10 width=121)
	  ->  Sort  (cost=43.70..43.73 rows=10 width=121)
	        Sort Key: c
	        ->  Index Scan using sbtest7_pkey on sbtest7  (cost=0.43..43.54 rows=10 width=121)
	              Index Cond: ((id >= 7382754) AND (id <= 7382763))

table 8 : explain SELECT DISTINCT c FROM sbtest8 WHERE id BETWEEN 4641948 AND 4641957 ORDER BY c
	Unique  (cost=47.67..47.73 rows=11 width=121)
	  ->  Sort  (cost=47.67..47.70 rows=11 width=121)
	        Sort Key: c
	        ->  Index Scan using sbtest8_pkey on sbtest8  (cost=0.43..47.48 rows=11 width=121)
	              Index Cond: ((id >= 4641948) AND (id <= 4641957))

for: distinct_ranges
table 1 : explain SELECT DISTINCT c FROM sbtest1 WHERE id BETWEEN 4476600 AND 4476609 ORDER BY c
	Unique  (cost=43.89..43.94 rows=10 width=121)
	  ->  Sort  (cost=43.89..43.91 rows=10 width=121)
	        Sort Key: c
	        ->  Index Scan using sbtest1_pkey on sbtest1  (cost=0.43..43.72 rows=10 width=121)
	              Index Cond: ((id >= 4476600) AND (id <= 4476609))

table 2 : explain SELECT DISTINCT c FROM sbtest2 WHERE id BETWEEN 6051297 AND 6051306 ORDER BY c
	Unique  (cost=47.84..47.90 rows=11 width=121)
	  ->  Sort  (cost=47.84..47.87 rows=11 width=121)
	        Sort Key: c
	        ->  Index Scan using sbtest2_pkey on sbtest2  (cost=0.43..47.65 rows=11 width=121)
	              Index Cond: ((id >= 6051297) AND (id <= 6051306))

table 3 : explain SELECT DISTINCT c FROM sbtest3 WHERE id BETWEEN 6022639 AND 6022648 ORDER BY c
	Unique  (cost=43.77..43.82 rows=10 width=121)
	  ->  Sort  (cost=43.77..43.80 rows=10 width=121)
	        Sort Key: c
	        ->  Index Scan using sbtest3_pkey on sbtest3  (cost=0.43..43.61 rows=10 width=121)
	              Index Cond: ((id >= 6022639) AND (id <= 6022648))

table 4 : explain SELECT DISTINCT c FROM sbtest4 WHERE id BETWEEN 5373326 AND 5373335 ORDER BY c
	Unique  (cost=43.59..43.64 rows=10 width=121)
	  ->  Sort  (cost=43.59..43.61 rows=10 width=121)
	        Sort Key: c
	        ->  Index Scan using sbtest4_pkey on sbtest4  (cost=0.43..43.42 rows=10 width=121)
	              Index Cond: ((id >= 5373326) AND (id <= 5373335))

table 5 : explain SELECT DISTINCT c FROM sbtest5 WHERE id BETWEEN 5041729 AND 5041738 ORDER BY c
	Unique  (cost=43.82..43.87 rows=10 width=121)
	  ->  Sort  (cost=43.82..43.85 rows=10 width=121)
	        Sort Key: c
	        ->  Index Scan using sbtest5_pkey on sbtest5  (cost=0.43..43.66 rows=10 width=121)
	              Index Cond: ((id >= 5041729) AND (id <= 5041738))

table 6 : explain SELECT DISTINCT c FROM sbtest6 WHERE id BETWEEN 7311484 AND 7311493 ORDER BY c
	Unique  (cost=43.79..43.84 rows=10 width=121)
	  ->  Sort  (cost=43.79..43.81 rows=10 width=121)
	        Sort Key: c
	        ->  Index Scan using sbtest6_pkey on sbtest6  (cost=0.43..43.62 rows=10 width=121)
	              Index Cond: ((id >= 7311484) AND (id <= 7311493))

table 7 : explain SELECT DISTINCT c FROM sbtest7 WHERE id BETWEEN 1710498 AND 1710507 ORDER BY c
	Unique  (cost=39.78..39.83 rows=9 width=121)
	  ->  Sort  (cost=39.78..39.80 rows=9 width=121)
	        Sort Key: c
	        ->  Index Scan using sbtest7_pkey on sbtest7  (cost=0.43..39.64 rows=9 width=121)
	              Index Cond: ((id >= 1710498) AND (id <= 1710507))

table 8 : explain SELECT DISTINCT c FROM sbtest8 WHERE id BETWEEN 1409852 AND 1409861 ORDER BY c
	Unique  (cost=43.74..43.79 rows=10 width=121)
	  ->  Sort  (cost=43.74..43.77 rows=10 width=121)
	        Sort Key: c
	        ->  Index Scan using sbtest8_pkey on sbtest8  (cost=0.43..43.58 rows=10 width=121)
	              Index Cond: ((id >= 1409852) AND (id <= 1409861))

for: distinct_ranges
table 1 : explain SELECT DISTINCT c FROM sbtest1 WHERE id BETWEEN 7191824 AND 7191833 ORDER BY c
	Unique  (cost=43.89..43.94 rows=10 width=121)
	  ->  Sort  (cost=43.89..43.91 rows=10 width=121)
	        Sort Key: c
	        ->  Index Scan using sbtest1_pkey on sbtest1  (cost=0.43..43.72 rows=10 width=121)
	              Index Cond: ((id >= 7191824) AND (id <= 7191833))

table 2 : explain SELECT DISTINCT c FROM sbtest2 WHERE id BETWEEN 2751793 AND 2751802 ORDER BY c
	Unique  (cost=47.84..47.90 rows=11 width=121)
	  ->  Sort  (cost=47.84..47.87 rows=11 width=121)
	        Sort Key: c
	        ->  Index Scan using sbtest2_pkey on sbtest2  (cost=0.43..47.65 rows=11 width=121)
	              Index Cond: ((id >= 2751793) AND (id <= 2751802))

table 3 : explain SELECT DISTINCT c FROM sbtest3 WHERE id BETWEEN 9892196 AND 9892205 ORDER BY c
	Unique  (cost=43.77..43.82 rows=10 width=121)
	  ->  Sort  (cost=43.77..43.80 rows=10 width=121)
	        Sort Key: c
	        ->  Index Scan using sbtest3_pkey on sbtest3  (cost=0.43..43.61 rows=10 width=121)
	              Index Cond: ((id >= 9892196) AND (id <= 9892205))

table 4 : explain SELECT DISTINCT c FROM sbtest4 WHERE id BETWEEN 8377887 AND 8377896 ORDER BY c
	Unique  (cost=43.59..43.64 rows=10 width=121)
	  ->  Sort  (cost=43.59..43.61 rows=10 width=121)
	        Sort Key: c
	        ->  Index Scan using sbtest4_pkey on sbtest4  (cost=0.43..43.42 rows=10 width=121)
	              Index Cond: ((id >= 8377887) AND (id <= 8377896))

table 5 : explain SELECT DISTINCT c FROM sbtest5 WHERE id BETWEEN 9206932 AND 9206941 ORDER BY c
	Unique  (cost=47.76..47.81 rows=11 width=121)
	  ->  Sort  (cost=47.76..47.78 rows=11 width=121)
	        Sort Key: c
	        ->  Index Scan using sbtest5_pkey on sbtest5  (cost=0.43..47.57 rows=11 width=121)
	              Index Cond: ((id >= 9206932) AND (id <= 9206941))

table 6 : explain SELECT DISTINCT c FROM sbtest6 WHERE id BETWEEN 4612661 AND 4612670 ORDER BY c
	Unique  (cost=39.86..39.90 rows=9 width=121)
	  ->  Sort  (cost=39.86..39.88 rows=9 width=121)
	        Sort Key: c
	        ->  Index Scan using sbtest6_pkey on sbtest6  (cost=0.43..39.71 rows=9 width=121)
	              Index Cond: ((id >= 4612661) AND (id <= 4612670))

table 7 : explain SELECT DISTINCT c FROM sbtest7 WHERE id BETWEEN 3031203 AND 3031212 ORDER BY c
	Unique  (cost=47.62..47.68 rows=11 width=121)
	  ->  Sort  (cost=47.62..47.65 rows=11 width=121)
	        Sort Key: c
	        ->  Index Scan using sbtest7_pkey on sbtest7  (cost=0.43..47.43 rows=11 width=121)
	              Index Cond: ((id >= 3031203) AND (id <= 3031212))

table 8 : explain SELECT DISTINCT c FROM sbtest8 WHERE id BETWEEN 6199862 AND 6199871 ORDER BY c
	Unique  (cost=43.74..43.79 rows=10 width=121)
	  ->  Sort  (cost=43.74..43.77 rows=10 width=121)
	        Sort Key: c
	        ->  Index Scan using sbtest8_pkey on sbtest8  (cost=0.43..43.58 rows=10 width=121)
	              Index Cond: ((id >= 6199862) AND (id <= 6199871))

for: distinct_ranges
table 1 : explain SELECT DISTINCT c FROM sbtest1 WHERE id BETWEEN 3574357 AND 3574366 ORDER BY c
	Unique  (cost=43.89..43.94 rows=10 width=121)
	  ->  Sort  (cost=43.89..43.91 rows=10 width=121)
	        Sort Key: c
	        ->  Index Scan using sbtest1_pkey on sbtest1  (cost=0.43..43.72 rows=10 width=121)
	              Index Cond: ((id >= 3574357) AND (id <= 3574366))

table 2 : explain SELECT DISTINCT c FROM sbtest2 WHERE id BETWEEN 8618007 AND 8618016 ORDER BY c
	Unique  (cost=43.90..43.95 rows=10 width=121)
	  ->  Sort  (cost=43.90..43.92 rows=10 width=121)
	        Sort Key: c
	        ->  Index Scan using sbtest2_pkey on sbtest2  (cost=0.43..43.73 rows=10 width=121)
	              Index Cond: ((id >= 8618007) AND (id <= 8618016))

table 3 : explain SELECT DISTINCT c FROM sbtest3 WHERE id BETWEEN 5798537 AND 5798546 ORDER BY c
	Unique  (cost=43.77..43.82 rows=10 width=121)
	  ->  Sort  (cost=43.77..43.80 rows=10 width=121)
	        Sort Key: c
	        ->  Index Scan using sbtest3_pkey on sbtest3  (cost=0.43..43.61 rows=10 width=121)
	              Index Cond: ((id >= 5798537) AND (id <= 5798546))

table 4 : explain SELECT DISTINCT c FROM sbtest4 WHERE id BETWEEN 1740580 AND 1740589 ORDER BY c
	Unique  (cost=47.49..47.55 rows=11 width=121)
	  ->  Sort  (cost=47.49..47.52 rows=11 width=121)
	        Sort Key: c
	        ->  Index Scan using sbtest4_pkey on sbtest4  (cost=0.43..47.30 rows=11 width=121)
	              Index Cond: ((id >= 1740580) AND (id <= 1740589))

table 5 : explain SELECT DISTINCT c FROM sbtest5 WHERE id BETWEEN 7990367 AND 7990376 ORDER BY c
	Unique  (cost=43.82..43.87 rows=10 width=121)
	  ->  Sort  (cost=43.82..43.85 rows=10 width=121)
	        Sort Key: c
	        ->  Index Scan using sbtest5_pkey on sbtest5  (cost=0.43..43.66 rows=10 width=121)
	              Index Cond: ((id >= 7990367) AND (id <= 7990376))

table 6 : explain SELECT DISTINCT c FROM sbtest6 WHERE id BETWEEN 1994545 AND 1994554 ORDER BY c
	Unique  (cost=43.79..43.84 rows=10 width=121)
	  ->  Sort  (cost=43.79..43.81 rows=10 width=121)
	        Sort Key: c
	        ->  Index Scan using sbtest6_pkey on sbtest6  (cost=0.43..43.62 rows=10 width=121)
	              Index Cond: ((id >= 1994545) AND (id <= 1994554))

table 7 : explain SELECT DISTINCT c FROM sbtest7 WHERE id BETWEEN 6595233 AND 6595242 ORDER BY c
	Unique  (cost=47.62..47.68 rows=11 width=121)
	  ->  Sort  (cost=47.62..47.65 rows=11 width=121)
	        Sort Key: c
	        ->  Index Scan using sbtest7_pkey on sbtest7  (cost=0.43..47.43 rows=11 width=121)
	              Index Cond: ((id >= 6595233) AND (id <= 6595242))

table 8 : explain SELECT DISTINCT c FROM sbtest8 WHERE id BETWEEN 1854960 AND 1854969 ORDER BY c
	Unique  (cost=43.74..43.79 rows=10 width=121)
	  ->  Sort  (cost=43.74..43.77 rows=10 width=121)
	        Sort Key: c
	        ->  Index Scan using sbtest8_pkey on sbtest8  (cost=0.43..43.58 rows=10 width=121)
	              Index Cond: ((id >= 1854960) AND (id <= 1854969))

for: distinct_ranges
table 1 : explain SELECT DISTINCT c FROM sbtest1 WHERE id BETWEEN 6037144 AND 6037153 ORDER BY c
	Unique  (cost=43.89..43.94 rows=10 width=121)
	  ->  Sort  (cost=43.89..43.91 rows=10 width=121)
	        Sort Key: c
	        ->  Index Scan using sbtest1_pkey on sbtest1  (cost=0.43..43.72 rows=10 width=121)
	              Index Cond: ((id >= 6037144) AND (id <= 6037153))

table 2 : explain SELECT DISTINCT c FROM sbtest2 WHERE id BETWEEN 296958 AND 296967 ORDER BY c
	Unique  (cost=43.90..43.95 rows=10 width=121)
	  ->  Sort  (cost=43.90..43.92 rows=10 width=121)
	        Sort Key: c
	        ->  Index Scan using sbtest2_pkey on sbtest2  (cost=0.43..43.73 rows=10 width=121)
	              Index Cond: ((id >= 296958) AND (id <= 296967))

table 3 : explain SELECT DISTINCT c FROM sbtest3 WHERE id BETWEEN 3233524 AND 3233533 ORDER BY c
	Unique  (cost=43.77..43.82 rows=10 width=121)
	  ->  Sort  (cost=43.77..43.80 rows=10 width=121)
	        Sort Key: c
	        ->  Index Scan using sbtest3_pkey on sbtest3  (cost=0.43..43.61 rows=10 width=121)
	              Index Cond: ((id >= 3233524) AND (id <= 3233533))

table 4 : explain SELECT DISTINCT c FROM sbtest4 WHERE id BETWEEN 5909015 AND 5909024 ORDER BY c
	Unique  (cost=43.59..43.64 rows=10 width=121)
	  ->  Sort  (cost=43.59..43.61 rows=10 width=121)
	        Sort Key: c
	        ->  Index Scan using sbtest4_pkey on sbtest4  (cost=0.43..43.42 rows=10 width=121)
	              Index Cond: ((id >= 5909015) AND (id <= 5909024))

table 5 : explain SELECT DISTINCT c FROM sbtest5 WHERE id BETWEEN 4629277 AND 4629286 ORDER BY c
	Unique  (cost=43.82..43.87 rows=10 width=121)
	  ->  Sort  (cost=43.82..43.85 rows=10 width=121)
	        Sort Key: c
	        ->  Index Scan using sbtest5_pkey on sbtest5  (cost=0.43..43.66 rows=10 width=121)
	              Index Cond: ((id >= 4629277) AND (id <= 4629286))

table 6 : explain SELECT DISTINCT c FROM sbtest6 WHERE id BETWEEN 2630156 AND 2630165 ORDER BY c
	Unique  (cost=47.72..47.77 rows=11 width=121)
	  ->  Sort  (cost=47.72..47.75 rows=11 width=121)
	        Sort Key: c
	        ->  Index Scan using sbtest6_pkey on sbtest6  (cost=0.43..47.53 rows=11 width=121)
	              Index Cond: ((id >= 2630156) AND (id <= 2630165))

table 7 : explain SELECT DISTINCT c FROM sbtest7 WHERE id BETWEEN 1760721 AND 1760730 ORDER BY c
	Unique  (cost=39.78..39.83 rows=9 width=121)
	  ->  Sort  (cost=39.78..39.80 rows=9 width=121)
	        Sort Key: c
	        ->  Index Scan using sbtest7_pkey on sbtest7  (cost=0.43..39.64 rows=9 width=121)
	              Index Cond: ((id >= 1760721) AND (id <= 1760730))

table 8 : explain SELECT DISTINCT c FROM sbtest8 WHERE id BETWEEN 1844394 AND 1844403 ORDER BY c
	Unique  (cost=43.74..43.79 rows=10 width=121)
	  ->  Sort  (cost=43.74..43.77 rows=10 width=121)
	        Sort Key: c
	        ->  Index Scan using sbtest8_pkey on sbtest8  (cost=0.43..43.58 rows=10 width=121)
	              Index Cond: ((id >= 1844394) AND (id <= 1844403))

for: distinct_ranges
table 1 : explain SELECT DISTINCT c FROM sbtest1 WHERE id BETWEEN 1241 AND 1250 ORDER BY c
	Unique  (cost=43.89..43.94 rows=10 width=121)
	  ->  Sort  (cost=43.89..43.91 rows=10 width=121)
	        Sort Key: c
	        ->  Index Scan using sbtest1_pkey on sbtest1  (cost=0.43..43.72 rows=10 width=121)
	              Index Cond: ((id >= 1241) AND (id <= 1250))

table 2 : explain SELECT DISTINCT c FROM sbtest2 WHERE id BETWEEN 2435159 AND 2435168 ORDER BY c
	Unique  (cost=43.90..43.95 rows=10 width=121)
	  ->  Sort  (cost=43.90..43.92 rows=10 width=121)
	        Sort Key: c
	        ->  Index Scan using sbtest2_pkey on sbtest2  (cost=0.43..43.73 rows=10 width=121)
	              Index Cond: ((id >= 2435159) AND (id <= 2435168))

table 3 : explain SELECT DISTINCT c FROM sbtest3 WHERE id BETWEEN 1659734 AND 1659743 ORDER BY c
	Unique  (cost=43.77..43.82 rows=10 width=121)
	  ->  Sort  (cost=43.77..43.80 rows=10 width=121)
	        Sort Key: c
	        ->  Index Scan using sbtest3_pkey on sbtest3  (cost=0.43..43.61 rows=10 width=121)
	              Index Cond: ((id >= 1659734) AND (id <= 1659743))

table 4 : explain SELECT DISTINCT c FROM sbtest4 WHERE id BETWEEN 5772374 AND 5772383 ORDER BY c
	Unique  (cost=43.59..43.64 rows=10 width=121)
	  ->  Sort  (cost=43.59..43.61 rows=10 width=121)
	        Sort Key: c
	        ->  Index Scan using sbtest4_pkey on sbtest4  (cost=0.43..43.42 rows=10 width=121)
	              Index Cond: ((id >= 5772374) AND (id <= 5772383))

table 5 : explain SELECT DISTINCT c FROM sbtest5 WHERE id BETWEEN 2768087 AND 2768096 ORDER BY c
	Unique  (cost=39.89..39.93 rows=9 width=121)
	  ->  Sort  (cost=39.89..39.91 rows=9 width=121)
	        Sort Key: c
	        ->  Index Scan using sbtest5_pkey on sbtest5  (cost=0.43..39.74 rows=9 width=121)
	              Index Cond: ((id >= 2768087) AND (id <= 2768096))

table 6 : explain SELECT DISTINCT c FROM sbtest6 WHERE id BETWEEN 1277630 AND 1277639 ORDER BY c
	Unique  (cost=43.79..43.84 rows=10 width=121)
	  ->  Sort  (cost=43.79..43.81 rows=10 width=121)
	        Sort Key: c
	        ->  Index Scan using sbtest6_pkey on sbtest6  (cost=0.43..43.62 rows=10 width=121)
	              Index Cond: ((id >= 1277630) AND (id <= 1277639))

table 7 : explain SELECT DISTINCT c FROM sbtest7 WHERE id BETWEEN 2180332 AND 2180341 ORDER BY c
	Unique  (cost=43.70..43.75 rows=10 width=121)
	  ->  Sort  (cost=43.70..43.73 rows=10 width=121)
	        Sort Key: c
	        ->  Index Scan using sbtest7_pkey on sbtest7  (cost=0.43..43.54 rows=10 width=121)
	              Index Cond: ((id >= 2180332) AND (id <= 2180341))

table 8 : explain SELECT DISTINCT c FROM sbtest8 WHERE id BETWEEN 7859939 AND 7859948 ORDER BY c
	Unique  (cost=43.74..43.79 rows=10 width=121)
	  ->  Sort  (cost=43.74..43.77 rows=10 width=121)
	        Sort Key: c
	        ->  Index Scan using sbtest8_pkey on sbtest8  (cost=0.43..43.58 rows=10 width=121)
	              Index Cond: ((id >= 7859939) AND (id <= 7859948))

for: distinct_ranges
table 1 : explain SELECT DISTINCT c FROM sbtest1 WHERE id BETWEEN 5335010 AND 5335019 ORDER BY c
	Unique  (cost=43.89..43.94 rows=10 width=121)
	  ->  Sort  (cost=43.89..43.91 rows=10 width=121)
	        Sort Key: c
	        ->  Index Scan using sbtest1_pkey on sbtest1  (cost=0.43..43.72 rows=10 width=121)
	              Index Cond: ((id >= 5335010) AND (id <= 5335019))

table 2 : explain SELECT DISTINCT c FROM sbtest2 WHERE id BETWEEN 549309 AND 549318 ORDER BY c
	Unique  (cost=47.84..47.90 rows=11 width=121)
	  ->  Sort  (cost=47.84..47.87 rows=11 width=121)
	        Sort Key: c
	        ->  Index Scan using sbtest2_pkey on sbtest2  (cost=0.43..47.65 rows=11 width=121)
	              Index Cond: ((id >= 549309) AND (id <= 549318))

table 3 : explain SELECT DISTINCT c FROM sbtest3 WHERE id BETWEEN 1963709 AND 1963718 ORDER BY c
	Unique  (cost=43.77..43.82 rows=10 width=121)
	  ->  Sort  (cost=43.77..43.80 rows=10 width=121)
	        Sort Key: c
	        ->  Index Scan using sbtest3_pkey on sbtest3  (cost=0.43..43.61 rows=10 width=121)
	              Index Cond: ((id >= 1963709) AND (id <= 1963718))

table 4 : explain SELECT DISTINCT c FROM sbtest4 WHERE id BETWEEN 4034522 AND 4034531 ORDER BY c
	Unique  (cost=43.59..43.64 rows=10 width=121)
	  ->  Sort  (cost=43.59..43.61 rows=10 width=121)
	        Sort Key: c
	        ->  Index Scan using sbtest4_pkey on sbtest4  (cost=0.43..43.42 rows=10 width=121)
	              Index Cond: ((id >= 4034522) AND (id <= 4034531))

table 5 : explain SELECT DISTINCT c FROM sbtest5 WHERE id BETWEEN 1590891 AND 1590900 ORDER BY c
	Unique  (cost=43.82..43.87 rows=10 width=121)
	  ->  Sort  (cost=43.82..43.85 rows=10 width=121)
	        Sort Key: c
	        ->  Index Scan using sbtest5_pkey on sbtest5  (cost=0.43..43.66 rows=10 width=121)
	              Index Cond: ((id >= 1590891) AND (id <= 1590900))

table 6 : explain SELECT DISTINCT c FROM sbtest6 WHERE id BETWEEN 3554403 AND 3554412 ORDER BY c
	Unique  (cost=39.86..39.90 rows=9 width=121)
	  ->  Sort  (cost=39.86..39.88 rows=9 width=121)
	        Sort Key: c
	        ->  Index Scan using sbtest6_pkey on sbtest6  (cost=0.43..39.71 rows=9 width=121)
	              Index Cond: ((id >= 3554403) AND (id <= 3554412))

table 7 : explain SELECT DISTINCT c FROM sbtest7 WHERE id BETWEEN 6961547 AND 6961556 ORDER BY c
	Unique  (cost=43.70..43.75 rows=10 width=121)
	  ->  Sort  (cost=43.70..43.73 rows=10 width=121)
	        Sort Key: c
	        ->  Index Scan using sbtest7_pkey on sbtest7  (cost=0.43..43.54 rows=10 width=121)
	              Index Cond: ((id >= 6961547) AND (id <= 6961556))

table 8 : explain SELECT DISTINCT c FROM sbtest8 WHERE id BETWEEN 8050797 AND 8050806 ORDER BY c
	Unique  (cost=43.74..43.79 rows=10 width=121)
	  ->  Sort  (cost=43.74..43.77 rows=10 width=121)
	        Sort Key: c
	        ->  Index Scan using sbtest8_pkey on sbtest8  (cost=0.43..43.58 rows=10 width=121)
	              Index Cond: ((id >= 8050797) AND (id <= 8050806))

for: distinct_ranges
table 1 : explain SELECT DISTINCT c FROM sbtest1 WHERE id BETWEEN 2563418 AND 2563427 ORDER BY c
	Unique  (cost=43.89..43.94 rows=10 width=121)
	  ->  Sort  (cost=43.89..43.91 rows=10 width=121)
	        Sort Key: c
	        ->  Index Scan using sbtest1_pkey on sbtest1  (cost=0.43..43.72 rows=10 width=121)
	              Index Cond: ((id >= 2563418) AND (id <= 2563427))

table 2 : explain SELECT DISTINCT c FROM sbtest2 WHERE id BETWEEN 8569229 AND 8569238 ORDER BY c
	Unique  (cost=43.90..43.95 rows=10 width=121)
	  ->  Sort  (cost=43.90..43.92 rows=10 width=121)
	        Sort Key: c
	        ->  Index Scan using sbtest2_pkey on sbtest2  (cost=0.43..43.73 rows=10 width=121)
	              Index Cond: ((id >= 8569229) AND (id <= 8569238))

table 3 : explain SELECT DISTINCT c FROM sbtest3 WHERE id BETWEEN 3915193 AND 3915202 ORDER BY c
	Unique  (cost=47.70..47.76 rows=11 width=121)
	  ->  Sort  (cost=47.70..47.73 rows=11 width=121)
	        Sort Key: c
	        ->  Index Scan using sbtest3_pkey on sbtest3  (cost=0.43..47.51 rows=11 width=121)
	              Index Cond: ((id >= 3915193) AND (id <= 3915202))

table 4 : explain SELECT DISTINCT c FROM sbtest4 WHERE id BETWEEN 6471178 AND 6471187 ORDER BY c
	Unique  (cost=47.49..47.55 rows=11 width=121)
	  ->  Sort  (cost=47.49..47.52 rows=11 width=121)
	        Sort Key: c
	        ->  Index Scan using sbtest4_pkey on sbtest4  (cost=0.43..47.30 rows=11 width=121)
	              Index Cond: ((id >= 6471178) AND (id <= 6471187))

table 5 : explain SELECT DISTINCT c FROM sbtest5 WHERE id BETWEEN 498505 AND 498514 ORDER BY c
	Unique  (cost=39.89..39.93 rows=9 width=121)
	  ->  Sort  (cost=39.89..39.91 rows=9 width=121)
	        Sort Key: c
	        ->  Index Scan using sbtest5_pkey on sbtest5  (cost=0.43..39.74 rows=9 width=121)
	              Index Cond: ((id >= 498505) AND (id <= 498514))

table 6 : explain SELECT DISTINCT c FROM sbtest6 WHERE id BETWEEN 2927935 AND 2927944 ORDER BY c
	Unique  (cost=47.72..47.77 rows=11 width=121)
	  ->  Sort  (cost=47.72..47.75 rows=11 width=121)
	        Sort Key: c
	        ->  Index Scan using sbtest6_pkey on sbtest6  (cost=0.43..47.53 rows=11 width=121)
	              Index Cond: ((id >= 2927935) AND (id <= 2927944))

table 7 : explain SELECT DISTINCT c FROM sbtest7 WHERE id BETWEEN 1776200 AND 1776209 ORDER BY c
	Unique  (cost=39.78..39.83 rows=9 width=121)
	  ->  Sort  (cost=39.78..39.80 rows=9 width=121)
	        Sort Key: c
	        ->  Index Scan using sbtest7_pkey on sbtest7  (cost=0.43..39.64 rows=9 width=121)
	              Index Cond: ((id >= 1776200) AND (id <= 1776209))

table 8 : explain SELECT DISTINCT c FROM sbtest8 WHERE id BETWEEN 1519437 AND 1519446 ORDER BY c
	Unique  (cost=47.67..47.73 rows=11 width=121)
	  ->  Sort  (cost=47.67..47.70 rows=11 width=121)
	        Sort Key: c
	        ->  Index Scan using sbtest8_pkey on sbtest8  (cost=0.43..47.48 rows=11 width=121)
	              Index Cond: ((id >= 1519437) AND (id <= 1519446))

for: distinct_ranges
table 1 : explain SELECT DISTINCT c FROM sbtest1 WHERE id BETWEEN 1268003 AND 1268012 ORDER BY c
	Unique  (cost=43.89..43.94 rows=10 width=121)
	  ->  Sort  (cost=43.89..43.91 rows=10 width=121)
	        Sort Key: c
	        ->  Index Scan using sbtest1_pkey on sbtest1  (cost=0.43..43.72 rows=10 width=121)
	              Index Cond: ((id >= 1268003) AND (id <= 1268012))

table 2 : explain SELECT DISTINCT c FROM sbtest2 WHERE id BETWEEN 6647620 AND 6647629 ORDER BY c
	Unique  (cost=43.90..43.95 rows=10 width=121)
	  ->  Sort  (cost=43.90..43.92 rows=10 width=121)
	        Sort Key: c
	        ->  Index Scan using sbtest2_pkey on sbtest2  (cost=0.43..43.73 rows=10 width=121)
	              Index Cond: ((id >= 6647620) AND (id <= 6647629))

table 3 : explain SELECT DISTINCT c FROM sbtest3 WHERE id BETWEEN 8826173 AND 8826182 ORDER BY c
	Unique  (cost=43.77..43.82 rows=10 width=121)
	  ->  Sort  (cost=43.77..43.80 rows=10 width=121)
	        Sort Key: c
	        ->  Index Scan using sbtest3_pkey on sbtest3  (cost=0.43..43.61 rows=10 width=121)
	              Index Cond: ((id >= 8826173) AND (id <= 8826182))

table 4 : explain SELECT DISTINCT c FROM sbtest4 WHERE id BETWEEN 7043685 AND 7043694 ORDER BY c
	Unique  (cost=39.68..39.72 rows=9 width=121)
	  ->  Sort  (cost=39.68..39.70 rows=9 width=121)
	        Sort Key: c
	        ->  Index Scan using sbtest4_pkey on sbtest4  (cost=0.43..39.53 rows=9 width=121)
	              Index Cond: ((id >= 7043685) AND (id <= 7043694))

table 5 : explain SELECT DISTINCT c FROM sbtest5 WHERE id BETWEEN 6882915 AND 6882924 ORDER BY c
	Unique  (cost=43.82..43.87 rows=10 width=121)
	  ->  Sort  (cost=43.82..43.85 rows=10 width=121)
	        Sort Key: c
	        ->  Index Scan using sbtest5_pkey on sbtest5  (cost=0.43..43.66 rows=10 width=121)
	              Index Cond: ((id >= 6882915) AND (id <= 6882924))

table 6 : explain SELECT DISTINCT c FROM sbtest6 WHERE id BETWEEN 706596 AND 706605 ORDER BY c
	Unique  (cost=39.86..39.90 rows=9 width=121)
	  ->  Sort  (cost=39.86..39.88 rows=9 width=121)
	        Sort Key: c
	        ->  Index Scan using sbtest6_pkey on sbtest6  (cost=0.43..39.71 rows=9 width=121)
	              Index Cond: ((id >= 706596) AND (id <= 706605))

table 7 : explain SELECT DISTINCT c FROM sbtest7 WHERE id BETWEEN 5444019 AND 5444028 ORDER BY c
	Unique  (cost=47.62..47.68 rows=11 width=121)
	  ->  Sort  (cost=47.62..47.65 rows=11 width=121)
	        Sort Key: c
	        ->  Index Scan using sbtest7_pkey on sbtest7  (cost=0.43..47.43 rows=11 width=121)
	              Index Cond: ((id >= 5444019) AND (id <= 5444028))

table 8 : explain SELECT DISTINCT c FROM sbtest8 WHERE id BETWEEN 3472353 AND 3472362 ORDER BY c
	Unique  (cost=43.74..43.79 rows=10 width=121)
	  ->  Sort  (cost=43.74..43.77 rows=10 width=121)
	        Sort Key: c
	        ->  Index Scan using sbtest8_pkey on sbtest8  (cost=0.43..43.58 rows=10 width=121)
	              Index Cond: ((id >= 3472353) AND (id <= 3472362))

Threads started!

Warming up for 5 seconds...

SQL statistics:
    queries performed:
        read:                            448589962
        write:                           0
        other:                           64084283
        total:                           512674245
    transactions:                        32042161 (50859.97 per sec.)
    queries:                             512674245 (813758.94 per sec.)
    ignored errors:                      0      (0.00 per sec.)
    reconnects:                          0      (0.00 per sec.)

Throughput:
    events/s (eps):                      50859.9665
    time elapsed:                        630.0079s
    total number of events:              32042161

Latency (ms):
         min:                                    0.69
         avg:                                    0.79
         max:                                   16.82
         95th percentile:                        0.86
         sum:                             25170628.84

Threads fairness:
    events (avg/stddev):           801053.3000/7197.15
    execution time (avg/stddev):   629.2657/0.01

