LUA_PATH=/home/mdcallag/git/mytools/bench/sysbench.lua/lua/?.lua /home/mdcallag/git/mytools/bench/sysbench.lua/lua/sysbench --db-driver=pgsql --range-size=10 --table-size=10000000 --tables=8 --threads=40 --events=0 --warmup-time=5 --time=630 --pgsql_conn_id=true /home/mdcallag/git/mytools/bench/sysbench.lua/lua/oltp_inlist_select.lua run --pgsql-user=root --pgsql-password=pw --pgsql-host=127.0.0.1 --pgsql-db=ib --rand-type=uniform --random-points=10 --skip-trx
48 CPUs
sysbench 1.1.0-9072687 (using bundled LuaJIT 2.1.0-beta3)

Running the test with following options:
Number of threads: 40
Warmup time: 5s
Initializing random number generator from current time


Initializing worker threads...

explain: for select-inlist :: explain SELECT c FROM sbtest%d WHERE id IN ( 2014451, 6622581, 1373416, 8818304, 144289, 7658018, 5715348, 2728039, 9038724, 6509849)
explain: for select-inlist :: explain SELECT c FROM sbtest%d WHERE id IN ( 9898977, 9476182, 8960389, 2616437, 1022311, 7575696, 5313441, 3674242, 9286590, 7737938)
for select-inlist
table 1 : explain SELECT c FROM sbtest1 WHERE id IN ( 2014451, 6622581, 1373416, 8818304, 144289, 7658018, 5715348, 2728039, 9038724, 6509849)
	Index Scan using sbtest1_pkey on sbtest1  (cost=0.43..83.61 rows=10 width=121)
	  Index Cond: (id = ANY ('{2014451,6622581,1373416,8818304,144289,7658018,5715348,2728039,9038724,6509849}'::integer[]))

table 2 : explain SELECT c FROM sbtest2 WHERE id IN ( 2014451, 6622581, 1373416, 8818304, 144289, 7658018, 5715348, 2728039, 9038724, 6509849)
	Index Scan using sbtest2_pkey on sbtest2  (cost=0.43..83.62 rows=10 width=121)
	  Index Cond: (id = ANY ('{2014451,6622581,1373416,8818304,144289,7658018,5715348,2728039,9038724,6509849}'::integer[]))

table 3 : explain SELECT c FROM sbtest3 WHERE id IN ( 2014451, 6622581, 1373416, 8818304, 144289, 7658018, 5715348, 2728039, 9038724, 6509849)
	Index Scan using sbtest3_pkey on sbtest3  (cost=0.43..83.50 rows=10 width=121)
	  Index Cond: (id = ANY ('{2014451,6622581,1373416,8818304,144289,7658018,5715348,2728039,9038724,6509849}'::integer[]))

table 4 : explain SELECT c FROM sbtest4 WHERE id IN ( 2014451, 6622581, 1373416, 8818304, 144289, 7658018, 5715348, 2728039, 9038724, 6509849)
	Index Scan using sbtest4_pkey on sbtest4  (cost=0.43..83.31 rows=10 width=121)
	  Index Cond: (id = ANY ('{2014451,6622581,1373416,8818304,144289,7658018,5715348,2728039,9038724,6509849}'::integer[]))

table 5 : explain SELECT c FROM sbtest5 WHERE id IN ( 2014451, 6622581, 1373416, 8818304, 144289, 7658018, 5715348, 2728039, 9038724, 6509849)
	Index Scan using sbtest5_pkey on sbtest5  (cost=0.43..83.55 rows=10 width=121)
	  Index Cond: (id = ANY ('{2014451,6622581,1373416,8818304,144289,7658018,5715348,2728039,9038724,6509849}'::integer[]))

table 6 : explain SELECT c FROM sbtest6 WHERE id IN ( 2014451, 6622581, 1373416, 8818304, 144289, 7658018, 5715348, 2728039, 9038724, 6509849)
	Index Scan using sbtest6_pkey on sbtest6  (cost=0.43..83.51 rows=10 width=121)
	  Index Cond: (id = ANY ('{2014451,6622581,1373416,8818304,144289,7658018,5715348,2728039,9038724,6509849}'::integer[]))

table 7 : explain SELECT c FROM sbtest7 WHERE id IN ( 2014451, 6622581, 1373416, 8818304, 144289, 7658018, 5715348, 2728039, 9038724, 6509849)
	Index Scan using sbtest7_pkey on sbtest7  (cost=0.43..83.43 rows=10 width=121)
	  Index Cond: (id = ANY ('{2014451,6622581,1373416,8818304,144289,7658018,5715348,2728039,9038724,6509849}'::integer[]))

table 8 : explain SELECT c FROM sbtest8 WHERE id IN ( 2014451, 6622581, 1373416, 8818304, 144289, 7658018, 5715348, 2728039, 9038724, 6509849)
	Index Scan using sbtest8_pkey on sbtest8  (cost=0.43..83.47 rows=10 width=121)
	  Index Cond: (id = ANY ('{2014451,6622581,1373416,8818304,144289,7658018,5715348,2728039,9038724,6509849}'::integer[]))

for select-inlist
table 1 : explain SELECT c FROM sbtest1 WHERE id IN ( 9898977, 9476182, 8960389, 2616437, 1022311, 7575696, 5313441, 3674242, 9286590, 7737938)
	Index Scan using sbtest1_pkey on sbtest1  (cost=0.43..83.61 rows=10 width=121)
	  Index Cond: (id = ANY ('{9898977,9476182,8960389,2616437,1022311,7575696,5313441,3674242,9286590,7737938}'::integer[]))

table 2 : explain SELECT c FROM sbtest2 WHERE id IN ( 9898977, 9476182, 8960389, 2616437, 1022311, 7575696, 5313441, 3674242, 9286590, 7737938)
	Index Scan using sbtest2_pkey on sbtest2  (cost=0.43..83.62 rows=10 width=121)
	  Index Cond: (id = ANY ('{9898977,9476182,8960389,2616437,1022311,7575696,5313441,3674242,9286590,7737938}'::integer[]))

table 3 : explain SELECT c FROM sbtest3 WHERE id IN ( 9898977, 9476182, 8960389, 2616437, 1022311, 7575696, 5313441, 3674242, 9286590, 7737938)
	Index Scan using sbtest3_pkey on sbtest3  (cost=0.43..83.50 rows=10 width=121)
	  Index Cond: (id = ANY ('{9898977,9476182,8960389,2616437,1022311,7575696,5313441,3674242,9286590,7737938}'::integer[]))

table 4 : explain SELECT c FROM sbtest4 WHERE id IN ( 9898977, 9476182, 8960389, 2616437, 1022311, 7575696, 5313441, 3674242, 9286590, 7737938)
	Index Scan using sbtest4_pkey on sbtest4  (cost=0.43..83.31 rows=10 width=121)
	  Index Cond: (id = ANY ('{9898977,9476182,8960389,2616437,1022311,7575696,5313441,3674242,9286590,7737938}'::integer[]))

table 5 : explain SELECT c FROM sbtest5 WHERE id IN ( 9898977, 9476182, 8960389, 2616437, 1022311, 7575696, 5313441, 3674242, 9286590, 7737938)
	Index Scan using sbtest5_pkey on sbtest5  (cost=0.43..83.55 rows=10 width=121)
	  Index Cond: (id = ANY ('{9898977,9476182,8960389,2616437,1022311,7575696,5313441,3674242,9286590,7737938}'::integer[]))

table 6 : explain SELECT c FROM sbtest6 WHERE id IN ( 9898977, 9476182, 8960389, 2616437, 1022311, 7575696, 5313441, 3674242, 9286590, 7737938)
	Index Scan using sbtest6_pkey on sbtest6  (cost=0.43..83.51 rows=10 width=121)
	  Index Cond: (id = ANY ('{9898977,9476182,8960389,2616437,1022311,7575696,5313441,3674242,9286590,7737938}'::integer[]))

table 7 : explain SELECT c FROM sbtest7 WHERE id IN ( 9898977, 9476182, 8960389, 2616437, 1022311, 7575696, 5313441, 3674242, 9286590, 7737938)
	Index Scan using sbtest7_pkey on sbtest7  (cost=0.43..83.43 rows=10 width=121)
	  Index Cond: (id = ANY ('{9898977,9476182,8960389,2616437,1022311,7575696,5313441,3674242,9286590,7737938}'::integer[]))

table 8 : explain SELECT c FROM sbtest8 WHERE id IN ( 9898977, 9476182, 8960389, 2616437, 1022311, 7575696, 5313441, 3674242, 9286590, 7737938)
	Index Scan using sbtest8_pkey on sbtest8  (cost=0.43..83.47 rows=10 width=121)
	  Index Cond: (id = ANY ('{9898977,9476182,8960389,2616437,1022311,7575696,5313441,3674242,9286590,7737938}'::integer[]))

explain: for select-inlist :: explain SELECT c FROM sbtest%d WHERE id IN ( 6761774, 4906773, 145163, 7118571, 3698603, 8462043, 4593386, 338406, 3185802, 7347744)
for select-inlist
table 1 : explain SELECT c FROM sbtest1 WHERE id IN ( 6761774, 4906773, 145163, 7118571, 3698603, 8462043, 4593386, 338406, 3185802, 7347744)
	Index Scan using sbtest1_pkey on sbtest1  (cost=0.43..83.61 rows=10 width=121)
	  Index Cond: (id = ANY ('{6761774,4906773,145163,7118571,3698603,8462043,4593386,338406,3185802,7347744}'::integer[]))

table 2 : explain SELECT c FROM sbtest2 WHERE id IN ( 6761774, 4906773, 145163, 7118571, 3698603, 8462043, 4593386, 338406, 3185802, 7347744)
	Index Scan using sbtest2_pkey on sbtest2  (cost=0.43..83.62 rows=10 width=121)
	  Index Cond: (id = ANY ('{6761774,4906773,145163,7118571,3698603,8462043,4593386,338406,3185802,7347744}'::integer[]))

table 3 : explain SELECT c FROM sbtest3 WHERE id IN ( 6761774, 4906773, 145163, 7118571, 3698603, 8462043, 4593386, 338406, 3185802, 7347744)
	Index Scan using sbtest3_pkey on sbtest3  (cost=0.43..83.50 rows=10 width=121)
	  Index Cond: (id = ANY ('{6761774,4906773,145163,7118571,3698603,8462043,4593386,338406,3185802,7347744}'::integer[]))

table 4 : explain SELECT c FROM sbtest4 WHERE id IN ( 6761774, 4906773, 145163, 7118571, 3698603, 8462043, 4593386, 338406, 3185802, 7347744)
	Index Scan using sbtest4_pkey on sbtest4  (cost=0.43..83.31 rows=10 width=121)
	  Index Cond: (id = ANY ('{6761774,4906773,145163,7118571,3698603,8462043,4593386,338406,3185802,7347744}'::integer[]))

table 5 : explain SELECT c FROM sbtest5 WHERE id IN ( 6761774, 4906773, 145163, 7118571, 3698603, 8462043, 4593386, 338406, 3185802, 7347744)
	Index Scan using sbtest5_pkey on sbtest5  (cost=0.43..83.55 rows=10 width=121)
	  Index Cond: (id = ANY ('{6761774,4906773,145163,7118571,3698603,8462043,4593386,338406,3185802,7347744}'::integer[]))

table 6 : explain SELECT c FROM sbtest6 WHERE id IN ( 6761774, 4906773, 145163, 7118571, 3698603, 8462043, 4593386, 338406, 3185802, 7347744)
	Index Scan using sbtest6_pkey on sbtest6  (cost=0.43..83.51 rows=10 width=121)
	  Index Cond: (id = ANY ('{6761774,4906773,145163,7118571,3698603,8462043,4593386,338406,3185802,7347744}'::integer[]))

table 7 : explain SELECT c FROM sbtest7 WHERE id IN ( 6761774, 4906773, 145163, 7118571, 3698603, 8462043, 4593386, 338406, 3185802, 7347744)
	Index Scan using sbtest7_pkey on sbtest7  (cost=0.43..83.43 rows=10 width=121)
	  Index Cond: (id = ANY ('{6761774,4906773,145163,7118571,3698603,8462043,4593386,338406,3185802,7347744}'::integer[]))

table 8 : explain SELECT c FROM sbtest8 WHERE id IN ( 6761774, 4906773, 145163, 7118571, 3698603, 8462043, 4593386, 338406, 3185802, 7347744)
	Index Scan using sbtest8_pkey on sbtest8  (cost=0.43..83.47 rows=10 width=121)
	  Index Cond: (id = ANY ('{6761774,4906773,145163,7118571,3698603,8462043,4593386,338406,3185802,7347744}'::integer[]))

explain: for select-inlist :: explain SELECT c FROM sbtest%d WHERE id IN ( 5053175, 2819188, 404175, 8370851, 8400846, 8891549, 4077742, 8882835, 7644714, 7991270)
explain: for select-inlist :: explain SELECT c FROM sbtest%d WHERE id IN ( 2499623, 6810320, 3341591, 7314418, 2433675, 27275, 1878942, 116952, 6387727, 2880663)
for select-inlist
table 1 : explain SELECT c FROM sbtest1 WHERE id IN ( 5053175, 2819188, 404175, 8370851, 8400846, 8891549, 4077742, 8882835, 7644714, 7991270)
	Index Scan using sbtest1_pkey on sbtest1  (cost=0.43..83.61 rows=10 width=121)
	  Index Cond: (id = ANY ('{5053175,2819188,404175,8370851,8400846,8891549,4077742,8882835,7644714,7991270}'::integer[]))

table 2 : explain SELECT c FROM sbtest2 WHERE id IN ( 5053175, 2819188, 404175, 8370851, 8400846, 8891549, 4077742, 8882835, 7644714, 7991270)
	Index Scan using sbtest2_pkey on sbtest2  (cost=0.43..83.62 rows=10 width=121)
	  Index Cond: (id = ANY ('{5053175,2819188,404175,8370851,8400846,8891549,4077742,8882835,7644714,7991270}'::integer[]))

table 3 : explain SELECT c FROM sbtest3 WHERE id IN ( 5053175, 2819188, 404175, 8370851, 8400846, 8891549, 4077742, 8882835, 7644714, 7991270)
	Index Scan using sbtest3_pkey on sbtest3  (cost=0.43..83.50 rows=10 width=121)
	  Index Cond: (id = ANY ('{5053175,2819188,404175,8370851,8400846,8891549,4077742,8882835,7644714,7991270}'::integer[]))

table 4 : explain SELECT c FROM sbtest4 WHERE id IN ( 5053175, 2819188, 404175, 8370851, 8400846, 8891549, 4077742, 8882835, 7644714, 7991270)
	Index Scan using sbtest4_pkey on sbtest4  (cost=0.43..83.31 rows=10 width=121)
	  Index Cond: (id = ANY ('{5053175,2819188,404175,8370851,8400846,8891549,4077742,8882835,7644714,7991270}'::integer[]))

table 5 : explain SELECT c FROM sbtest5 WHERE id IN ( 5053175, 2819188, 404175, 8370851, 8400846, 8891549, 4077742, 8882835, 7644714, 7991270)
	Index Scan using sbtest5_pkey on sbtest5  (cost=0.43..83.55 rows=10 width=121)
	  Index Cond: (id = ANY ('{5053175,2819188,404175,8370851,8400846,8891549,4077742,8882835,7644714,7991270}'::integer[]))

table 6 : explain SELECT c FROM sbtest6 WHERE id IN ( 5053175, 2819188, 404175, 8370851, 8400846, 8891549, 4077742, 8882835, 7644714, 7991270)
	Index Scan using sbtest6_pkey on sbtest6  (cost=0.43..83.51 rows=10 width=121)
	  Index Cond: (id = ANY ('{5053175,2819188,404175,8370851,8400846,8891549,4077742,8882835,7644714,7991270}'::integer[]))

table 7 : explain SELECT c FROM sbtest7 WHERE id IN ( 5053175, 2819188, 404175, 8370851, 8400846, 8891549, 4077742, 8882835, 7644714, 7991270)
	Index Scan using sbtest7_pkey on sbtest7  (cost=0.43..83.43 rows=10 width=121)
	  Index Cond: (id = ANY ('{5053175,2819188,404175,8370851,8400846,8891549,4077742,8882835,7644714,7991270}'::integer[]))

table 8 : explain SELECT c FROM sbtest8 WHERE id IN ( 5053175, 2819188, 404175, 8370851, 8400846, 8891549, 4077742, 8882835, 7644714, 7991270)
	Index Scan using sbtest8_pkey on sbtest8  (cost=0.43..83.47 rows=10 width=121)
	  Index Cond: (id = ANY ('{5053175,2819188,404175,8370851,8400846,8891549,4077742,8882835,7644714,7991270}'::integer[]))

explain: for select-inlist :: explain SELECT c FROM sbtest%d WHERE id IN ( 8999770, 1648525, 9371255, 6221804, 2585745, 6279713, 3631952, 6278228, 1891244, 8954381)
explain: for select-inlist :: explain SELECT c FROM sbtest%d WHERE id IN ( 643844, 872030, 7634883, 7961155, 1813772, 7197526, 9601186, 2895481, 2368055, 6962434)
explain: for select-inlist :: explain SELECT c FROM sbtest%d WHERE id IN ( 8557713, 6092873, 9151775, 7317486, 2104582, 8103987, 1269526, 3307050, 8599324, 3159969)
for select-inlist
table 1 : explain SELECT c FROM sbtest1 WHERE id IN ( 2499623, 6810320, 3341591, 7314418, 2433675, 27275, 1878942, 116952, 6387727, 2880663)
	Index Scan using sbtest1_pkey on sbtest1  (cost=0.43..83.61 rows=10 width=121)
	  Index Cond: (id = ANY ('{2499623,6810320,3341591,7314418,2433675,27275,1878942,116952,6387727,2880663}'::integer[]))

table 2 : explain SELECT c FROM sbtest2 WHERE id IN ( 2499623, 6810320, 3341591, 7314418, 2433675, 27275, 1878942, 116952, 6387727, 2880663)
	Index Scan using sbtest2_pkey on sbtest2  (cost=0.43..83.62 rows=10 width=121)
	  Index Cond: (id = ANY ('{2499623,6810320,3341591,7314418,2433675,27275,1878942,116952,6387727,2880663}'::integer[]))

table 3 : explain SELECT c FROM sbtest3 WHERE id IN ( 2499623, 6810320, 3341591, 7314418, 2433675, 27275, 1878942, 116952, 6387727, 2880663)
	Index Scan using sbtest3_pkey on sbtest3  (cost=0.43..83.50 rows=10 width=121)
	  Index Cond: (id = ANY ('{2499623,6810320,3341591,7314418,2433675,27275,1878942,116952,6387727,2880663}'::integer[]))

table 4 : explain SELECT c FROM sbtest4 WHERE id IN ( 2499623, 6810320, 3341591, 7314418, 2433675, 27275, 1878942, 116952, 6387727, 2880663)
	Index Scan using sbtest4_pkey on sbtest4  (cost=0.43..83.31 rows=10 width=121)
	  Index Cond: (id = ANY ('{2499623,6810320,3341591,7314418,2433675,27275,1878942,116952,6387727,2880663}'::integer[]))

table 5 : explain SELECT c FROM sbtest5 WHERE id IN ( 2499623, 6810320, 3341591, 7314418, 2433675, 27275, 1878942, 116952, 6387727, 2880663)
	Index Scan using sbtest5_pkey on sbtest5  (cost=0.43..83.55 rows=10 width=121)
	  Index Cond: (id = ANY ('{2499623,6810320,3341591,7314418,2433675,27275,1878942,116952,6387727,2880663}'::integer[]))

table 6 : explain SELECT c FROM sbtest6 WHERE id IN ( 2499623, 6810320, 3341591, 7314418, 2433675, 27275, 1878942, 116952, 6387727, 2880663)
	Index Scan using sbtest6_pkey on sbtest6  (cost=0.43..83.51 rows=10 width=121)
	  Index Cond: (id = ANY ('{2499623,6810320,3341591,7314418,2433675,27275,1878942,116952,6387727,2880663}'::integer[]))

table 7 : explain SELECT c FROM sbtest7 WHERE id IN ( 2499623, 6810320, 3341591, 7314418, 2433675, 27275, 1878942, 116952, 6387727, 2880663)
	Index Scan using sbtest7_pkey on sbtest7  (cost=0.43..83.43 rows=10 width=121)
	  Index Cond: (id = ANY ('{2499623,6810320,3341591,7314418,2433675,27275,1878942,116952,6387727,2880663}'::integer[]))

table 8 : explain SELECT c FROM sbtest8 WHERE id IN ( 2499623, 6810320, 3341591, 7314418, 2433675, 27275, 1878942, 116952, 6387727, 2880663)
	Index Scan using sbtest8_pkey on sbtest8  (cost=0.43..83.47 rows=10 width=121)
	  Index Cond: (id = ANY ('{2499623,6810320,3341591,7314418,2433675,27275,1878942,116952,6387727,2880663}'::integer[]))

explain: for select-inlist :: explain SELECT c FROM sbtest%d WHERE id IN ( 2439551, 1275302, 3429059, 2026893, 3250592, 7037874, 9135519, 9911968, 5494361, 781044)
for select-inlist
table 1 : explain SELECT c FROM sbtest1 WHERE id IN ( 8999770, 1648525, 9371255, 6221804, 2585745, 6279713, 3631952, 6278228, 1891244, 8954381)
	Index Scan using sbtest1_pkey on sbtest1  (cost=0.43..83.61 rows=10 width=121)
	  Index Cond: (id = ANY ('{8999770,1648525,9371255,6221804,2585745,6279713,3631952,6278228,1891244,8954381}'::integer[]))

table 2 : explain SELECT c FROM sbtest2 WHERE id IN ( 8999770, 1648525, 9371255, 6221804, 2585745, 6279713, 3631952, 6278228, 1891244, 8954381)
	Index Scan using sbtest2_pkey on sbtest2  (cost=0.43..83.62 rows=10 width=121)
	  Index Cond: (id = ANY ('{8999770,1648525,9371255,6221804,2585745,6279713,3631952,6278228,1891244,8954381}'::integer[]))

table 3 : explain SELECT c FROM sbtest3 WHERE id IN ( 8999770, 1648525, 9371255, 6221804, 2585745, 6279713, 3631952, 6278228, 1891244, 8954381)
	Index Scan using sbtest3_pkey on sbtest3  (cost=0.43..83.50 rows=10 width=121)
	  Index Cond: (id = ANY ('{8999770,1648525,9371255,6221804,2585745,6279713,3631952,6278228,1891244,8954381}'::integer[]))

table 4 : explain SELECT c FROM sbtest4 WHERE id IN ( 8999770, 1648525, 9371255, 6221804, 2585745, 6279713, 3631952, 6278228, 1891244, 8954381)
	Index Scan using sbtest4_pkey on sbtest4  (cost=0.43..83.31 rows=10 width=121)
	  Index Cond: (id = ANY ('{8999770,1648525,9371255,6221804,2585745,6279713,3631952,6278228,1891244,8954381}'::integer[]))

table 5 : explain SELECT c FROM sbtest5 WHERE id IN ( 8999770, 1648525, 9371255, 6221804, 2585745, 6279713, 3631952, 6278228, 1891244, 8954381)
	Index Scan using sbtest5_pkey on sbtest5  (cost=0.43..83.55 rows=10 width=121)
	  Index Cond: (id = ANY ('{8999770,1648525,9371255,6221804,2585745,6279713,3631952,6278228,1891244,8954381}'::integer[]))

table 6 : explain SELECT c FROM sbtest6 WHERE id IN ( 8999770, 1648525, 9371255, 6221804, 2585745, 6279713, 3631952, 6278228, 1891244, 8954381)
	Index Scan using sbtest6_pkey on sbtest6  (cost=0.43..83.51 rows=10 width=121)
	  Index Cond: (id = ANY ('{8999770,1648525,9371255,6221804,2585745,6279713,3631952,6278228,1891244,8954381}'::integer[]))

table 7 : explain SELECT c FROM sbtest7 WHERE id IN ( 8999770, 1648525, 9371255, 6221804, 2585745, 6279713, 3631952, 6278228, 1891244, 8954381)
	Index Scan using sbtest7_pkey on sbtest7  (cost=0.43..83.43 rows=10 width=121)
	  Index Cond: (id = ANY ('{8999770,1648525,9371255,6221804,2585745,6279713,3631952,6278228,1891244,8954381}'::integer[]))

table 8 : explain SELECT c FROM sbtest8 WHERE id IN ( 8999770, 1648525, 9371255, 6221804, 2585745, 6279713, 3631952, 6278228, 1891244, 8954381)
	Index Scan using sbtest8_pkey on sbtest8  (cost=0.43..83.47 rows=10 width=121)
	  Index Cond: (id = ANY ('{8999770,1648525,9371255,6221804,2585745,6279713,3631952,6278228,1891244,8954381}'::integer[]))

explain: for select-inlist :: explain SELECT c FROM sbtest%d WHERE id IN ( 8538953, 5384041, 638964, 7254496, 279717, 7704201, 2771845, 7173743, 9894605, 4042544)
explain: for select-inlist :: explain SELECT c FROM sbtest%d WHERE id IN ( 9215129, 9696180, 3925798, 8566091, 2234430, 7501101, 9900885, 5533072, 8948876, 8566299)
for select-inlist
table 1 : explain SELECT c FROM sbtest1 WHERE id IN ( 8557713, 6092873, 9151775, 7317486, 2104582, 8103987, 1269526, 3307050, 8599324, 3159969)
	Index Scan using sbtest1_pkey on sbtest1  (cost=0.43..83.61 rows=10 width=121)
	  Index Cond: (id = ANY ('{8557713,6092873,9151775,7317486,2104582,8103987,1269526,3307050,8599324,3159969}'::integer[]))

table 2 : explain SELECT c FROM sbtest2 WHERE id IN ( 8557713, 6092873, 9151775, 7317486, 2104582, 8103987, 1269526, 3307050, 8599324, 3159969)
	Index Scan using sbtest2_pkey on sbtest2  (cost=0.43..83.62 rows=10 width=121)
	  Index Cond: (id = ANY ('{8557713,6092873,9151775,7317486,2104582,8103987,1269526,3307050,8599324,3159969}'::integer[]))

table 3 : explain SELECT c FROM sbtest3 WHERE id IN ( 8557713, 6092873, 9151775, 7317486, 2104582, 8103987, 1269526, 3307050, 8599324, 3159969)
	Index Scan using sbtest3_pkey on sbtest3  (cost=0.43..83.50 rows=10 width=121)
	  Index Cond: (id = ANY ('{8557713,6092873,9151775,7317486,2104582,8103987,1269526,3307050,8599324,3159969}'::integer[]))

table 4 : explain SELECT c FROM sbtest4 WHERE id IN ( 8557713, 6092873, 9151775, 7317486, 2104582, 8103987, 1269526, 3307050, 8599324, 3159969)
	Index Scan using sbtest4_pkey on sbtest4  (cost=0.43..83.31 rows=10 width=121)
	  Index Cond: (id = ANY ('{8557713,6092873,9151775,7317486,2104582,8103987,1269526,3307050,8599324,3159969}'::integer[]))

table 5 : explain SELECT c FROM sbtest5 WHERE id IN ( 8557713, 6092873, 9151775, 7317486, 2104582, 8103987, 1269526, 3307050, 8599324, 3159969)
	Index Scan using sbtest5_pkey on sbtest5  (cost=0.43..83.55 rows=10 width=121)
	  Index Cond: (id = ANY ('{8557713,6092873,9151775,7317486,2104582,8103987,1269526,3307050,8599324,3159969}'::integer[]))

table 6 : explain SELECT c FROM sbtest6 WHERE id IN ( 8557713, 6092873, 9151775, 7317486, 2104582, 8103987, 1269526, 3307050, 8599324, 3159969)
	Index Scan using sbtest6_pkey on sbtest6  (cost=0.43..83.51 rows=10 width=121)
	  Index Cond: (id = ANY ('{8557713,6092873,9151775,7317486,2104582,8103987,1269526,3307050,8599324,3159969}'::integer[]))

table 7 : explain SELECT c FROM sbtest7 WHERE id IN ( 8557713, 6092873, 9151775, 7317486, 2104582, 8103987, 1269526, 3307050, 8599324, 3159969)
	Index Scan using sbtest7_pkey on sbtest7  (cost=0.43..83.43 rows=10 width=121)
	  Index Cond: (id = ANY ('{8557713,6092873,9151775,7317486,2104582,8103987,1269526,3307050,8599324,3159969}'::integer[]))

table 8 : explain SELECT c FROM sbtest8 WHERE id IN ( 8557713, 6092873, 9151775, 7317486, 2104582, 8103987, 1269526, 3307050, 8599324, 3159969)
	Index Scan using sbtest8_pkey on sbtest8  (cost=0.43..83.47 rows=10 width=121)
	  Index Cond: (id = ANY ('{8557713,6092873,9151775,7317486,2104582,8103987,1269526,3307050,8599324,3159969}'::integer[]))

for select-inlist
table 1 : explain SELECT c FROM sbtest1 WHERE id IN ( 2439551, 1275302, 3429059, 2026893, 3250592, 7037874, 9135519, 9911968, 5494361, 781044)
	Index Scan using sbtest1_pkey on sbtest1  (cost=0.43..83.61 rows=10 width=121)
	  Index Cond: (id = ANY ('{2439551,1275302,3429059,2026893,3250592,7037874,9135519,9911968,5494361,781044}'::integer[]))

table 2 : explain SELECT c FROM sbtest2 WHERE id IN ( 2439551, 1275302, 3429059, 2026893, 3250592, 7037874, 9135519, 9911968, 5494361, 781044)
	Index Scan using sbtest2_pkey on sbtest2  (cost=0.43..83.62 rows=10 width=121)
	  Index Cond: (id = ANY ('{2439551,1275302,3429059,2026893,3250592,7037874,9135519,9911968,5494361,781044}'::integer[]))

table 3 : explain SELECT c FROM sbtest3 WHERE id IN ( 2439551, 1275302, 3429059, 2026893, 3250592, 7037874, 9135519, 9911968, 5494361, 781044)
	Index Scan using sbtest3_pkey on sbtest3  (cost=0.43..83.50 rows=10 width=121)
	  Index Cond: (id = ANY ('{2439551,1275302,3429059,2026893,3250592,7037874,9135519,9911968,5494361,781044}'::integer[]))

table 4 : explain SELECT c FROM sbtest4 WHERE id IN ( 2439551, 1275302, 3429059, 2026893, 3250592, 7037874, 9135519, 9911968, 5494361, 781044)
	Index Scan using sbtest4_pkey on sbtest4  (cost=0.43..83.31 rows=10 width=121)
	  Index Cond: (id = ANY ('{2439551,1275302,3429059,2026893,3250592,7037874,9135519,9911968,5494361,781044}'::integer[]))

table 5 : explain SELECT c FROM sbtest5 WHERE id IN ( 2439551, 1275302, 3429059, 2026893, 3250592, 7037874, 9135519, 9911968, 5494361, 781044)
	Index Scan using sbtest5_pkey on sbtest5  (cost=0.43..83.55 rows=10 width=121)
	  Index Cond: (id = ANY ('{2439551,1275302,3429059,2026893,3250592,7037874,9135519,9911968,5494361,781044}'::integer[]))

table 6 : explain SELECT c FROM sbtest6 WHERE id IN ( 2439551, 1275302, 3429059, 2026893, 3250592, 7037874, 9135519, 9911968, 5494361, 781044)
	Index Scan using sbtest6_pkey on sbtest6  (cost=0.43..83.51 rows=10 width=121)
	  Index Cond: (id = ANY ('{2439551,1275302,3429059,2026893,3250592,7037874,9135519,9911968,5494361,781044}'::integer[]))

table 7 : explain SELECT c FROM sbtest7 WHERE id IN ( 2439551, 1275302, 3429059, 2026893, 3250592, 7037874, 9135519, 9911968, 5494361, 781044)
	Index Scan using sbtest7_pkey on sbtest7  (cost=0.43..83.43 rows=10 width=121)
	  Index Cond: (id = ANY ('{2439551,1275302,3429059,2026893,3250592,7037874,9135519,9911968,5494361,781044}'::integer[]))

table 8 : explain SELECT c FROM sbtest8 WHERE id IN ( 2439551, 1275302, 3429059, 2026893, 3250592, 7037874, 9135519, 9911968, 5494361, 781044)
	Index Scan using sbtest8_pkey on sbtest8  (cost=0.43..83.47 rows=10 width=121)
	  Index Cond: (id = ANY ('{2439551,1275302,3429059,2026893,3250592,7037874,9135519,9911968,5494361,781044}'::integer[]))

for select-inlist
table 1 : explain SELECT c FROM sbtest1 WHERE id IN ( 643844, 872030, 7634883, 7961155, 1813772, 7197526, 9601186, 2895481, 2368055, 6962434)
	Index Scan using sbtest1_pkey on sbtest1  (cost=0.43..83.61 rows=10 width=121)
	  Index Cond: (id = ANY ('{643844,872030,7634883,7961155,1813772,7197526,9601186,2895481,2368055,6962434}'::integer[]))

table 2 : explain SELECT c FROM sbtest2 WHERE id IN ( 643844, 872030, 7634883, 7961155, 1813772, 7197526, 9601186, 2895481, 2368055, 6962434)
	Index Scan using sbtest2_pkey on sbtest2  (cost=0.43..83.62 rows=10 width=121)
	  Index Cond: (id = ANY ('{643844,872030,7634883,7961155,1813772,7197526,9601186,2895481,2368055,6962434}'::integer[]))

table 3 : explain SELECT c FROM sbtest3 WHERE id IN ( 643844, 872030, 7634883, 7961155, 1813772, 7197526, 9601186, 2895481, 2368055, 6962434)
	Index Scan using sbtest3_pkey on sbtest3  (cost=0.43..83.50 rows=10 width=121)
	  Index Cond: (id = ANY ('{643844,872030,7634883,7961155,1813772,7197526,9601186,2895481,2368055,6962434}'::integer[]))

table 4 : explain SELECT c FROM sbtest4 WHERE id IN ( 643844, 872030, 7634883, 7961155, 1813772, 7197526, 9601186, 2895481, 2368055, 6962434)
	Index Scan using sbtest4_pkey on sbtest4  (cost=0.43..83.31 rows=10 width=121)
	  Index Cond: (id = ANY ('{643844,872030,7634883,7961155,1813772,7197526,9601186,2895481,2368055,6962434}'::integer[]))

table 5 : explain SELECT c FROM sbtest5 WHERE id IN ( 643844, 872030, 7634883, 7961155, 1813772, 7197526, 9601186, 2895481, 2368055, 6962434)
	Index Scan using sbtest5_pkey on sbtest5  (cost=0.43..83.55 rows=10 width=121)
	  Index Cond: (id = ANY ('{643844,872030,7634883,7961155,1813772,7197526,9601186,2895481,2368055,6962434}'::integer[]))

table 6 : explain SELECT c FROM sbtest6 WHERE id IN ( 643844, 872030, 7634883, 7961155, 1813772, 7197526, 9601186, 2895481, 2368055, 6962434)
	Index Scan using sbtest6_pkey on sbtest6  (cost=0.43..83.51 rows=10 width=121)
	  Index Cond: (id = ANY ('{643844,872030,7634883,7961155,1813772,7197526,9601186,2895481,2368055,6962434}'::integer[]))

table 7 : explain SELECT c FROM sbtest7 WHERE id IN ( 643844, 872030, 7634883, 7961155, 1813772, 7197526, 9601186, 2895481, 2368055, 6962434)
	Index Scan using sbtest7_pkey on sbtest7  (cost=0.43..83.43 rows=10 width=121)
	  Index Cond: (id = ANY ('{643844,872030,7634883,7961155,1813772,7197526,9601186,2895481,2368055,6962434}'::integer[]))

table 8 : explain SELECT c FROM sbtest8 WHERE id IN ( 643844, 872030, 7634883, 7961155, 1813772, 7197526, 9601186, 2895481, 2368055, 6962434)
	Index Scan using sbtest8_pkey on sbtest8  (cost=0.43..83.47 rows=10 width=121)
	  Index Cond: (id = ANY ('{643844,872030,7634883,7961155,1813772,7197526,9601186,2895481,2368055,6962434}'::integer[]))

for select-inlist
table 1 : explain SELECT c FROM sbtest1 WHERE id IN ( 9215129, 9696180, 3925798, 8566091, 2234430, 7501101, 9900885, 5533072, 8948876, 8566299)
	Index Scan using sbtest1_pkey on sbtest1  (cost=0.43..83.61 rows=10 width=121)
	  Index Cond: (id = ANY ('{9215129,9696180,3925798,8566091,2234430,7501101,9900885,5533072,8948876,8566299}'::integer[]))

table 2 : explain SELECT c FROM sbtest2 WHERE id IN ( 9215129, 9696180, 3925798, 8566091, 2234430, 7501101, 9900885, 5533072, 8948876, 8566299)
	Index Scan using sbtest2_pkey on sbtest2  (cost=0.43..83.62 rows=10 width=121)
	  Index Cond: (id = ANY ('{9215129,9696180,3925798,8566091,2234430,7501101,9900885,5533072,8948876,8566299}'::integer[]))

table 3 : explain SELECT c FROM sbtest3 WHERE id IN ( 9215129, 9696180, 3925798, 8566091, 2234430, 7501101, 9900885, 5533072, 8948876, 8566299)
	Index Scan using sbtest3_pkey on sbtest3  (cost=0.43..83.50 rows=10 width=121)
	  Index Cond: (id = ANY ('{9215129,9696180,3925798,8566091,2234430,7501101,9900885,5533072,8948876,8566299}'::integer[]))

table 4 : explain SELECT c FROM sbtest4 WHERE id IN ( 9215129, 9696180, 3925798, 8566091, 2234430, 7501101, 9900885, 5533072, 8948876, 8566299)
	Index Scan using sbtest4_pkey on sbtest4  (cost=0.43..83.31 rows=10 width=121)
	  Index Cond: (id = ANY ('{9215129,9696180,3925798,8566091,2234430,7501101,9900885,5533072,8948876,8566299}'::integer[]))

table 5 : explain SELECT c FROM sbtest5 WHERE id IN ( 9215129, 9696180, 3925798, 8566091, 2234430, 7501101, 9900885, 5533072, 8948876, 8566299)
	Index Scan using sbtest5_pkey on sbtest5  (cost=0.43..83.55 rows=10 width=121)
	  Index Cond: (id = ANY ('{9215129,9696180,3925798,8566091,2234430,7501101,9900885,5533072,8948876,8566299}'::integer[]))

table 6 : explain SELECT c FROM sbtest6 WHERE id IN ( 9215129, 9696180, 3925798, 8566091, 2234430, 7501101, 9900885, 5533072, 8948876, 8566299)
	Index Scan using sbtest6_pkey on sbtest6  (cost=0.43..83.51 rows=10 width=121)
	  Index Cond: (id = ANY ('{9215129,9696180,3925798,8566091,2234430,7501101,9900885,5533072,8948876,8566299}'::integer[]))

table 7 : explain SELECT c FROM sbtest7 WHERE id IN ( 9215129, 9696180, 3925798, 8566091, 2234430, 7501101, 9900885, 5533072, 8948876, 8566299)
	Index Scan using sbtest7_pkey on sbtest7  (cost=0.43..83.43 rows=10 width=121)
	  Index Cond: (id = ANY ('{9215129,9696180,3925798,8566091,2234430,7501101,9900885,5533072,8948876,8566299}'::integer[]))

table 8 : explain SELECT c FROM sbtest8 WHERE id IN ( 9215129, 9696180, 3925798, 8566091, 2234430, 7501101, 9900885, 5533072, 8948876, 8566299)
	Index Scan using sbtest8_pkey on sbtest8  (cost=0.43..83.47 rows=10 width=121)
	  Index Cond: (id = ANY ('{9215129,9696180,3925798,8566091,2234430,7501101,9900885,5533072,8948876,8566299}'::integer[]))

explain: for select-inlist :: explain SELECT c FROM sbtest%d WHERE id IN ( 148844, 5632863, 4847780, 5960145, 4403624, 6507328, 6419897, 8369146, 1961993, 3933625)
for select-inlist
table 1 : explain SELECT c FROM sbtest1 WHERE id IN ( 8538953, 5384041, 638964, 7254496, 279717, 7704201, 2771845, 7173743, 9894605, 4042544)
	Index Scan using sbtest1_pkey on sbtest1  (cost=0.43..83.61 rows=10 width=121)
	  Index Cond: (id = ANY ('{8538953,5384041,638964,7254496,279717,7704201,2771845,7173743,9894605,4042544}'::integer[]))

table 2 : explain SELECT c FROM sbtest2 WHERE id IN ( 8538953, 5384041, 638964, 7254496, 279717, 7704201, 2771845, 7173743, 9894605, 4042544)
	Index Scan using sbtest2_pkey on sbtest2  (cost=0.43..83.62 rows=10 width=121)
	  Index Cond: (id = ANY ('{8538953,5384041,638964,7254496,279717,7704201,2771845,7173743,9894605,4042544}'::integer[]))

table 3 : explain SELECT c FROM sbtest3 WHERE id IN ( 8538953, 5384041, 638964, 7254496, 279717, 7704201, 2771845, 7173743, 9894605, 4042544)
	Index Scan using sbtest3_pkey on sbtest3  (cost=0.43..83.50 rows=10 width=121)
	  Index Cond: (id = ANY ('{8538953,5384041,638964,7254496,279717,7704201,2771845,7173743,9894605,4042544}'::integer[]))

table 4 : explain SELECT c FROM sbtest4 WHERE id IN ( 8538953, 5384041, 638964, 7254496, 279717, 7704201, 2771845, 7173743, 9894605, 4042544)
	Index Scan using sbtest4_pkey on sbtest4  (cost=0.43..83.31 rows=10 width=121)
	  Index Cond: (id = ANY ('{8538953,5384041,638964,7254496,279717,7704201,2771845,7173743,9894605,4042544}'::integer[]))

table 5 : explain SELECT c FROM sbtest5 WHERE id IN ( 8538953, 5384041, 638964, 7254496, 279717, 7704201, 2771845, 7173743, 9894605, 4042544)
	Index Scan using sbtest5_pkey on sbtest5  (cost=0.43..83.55 rows=10 width=121)
	  Index Cond: (id = ANY ('{8538953,5384041,638964,7254496,279717,7704201,2771845,7173743,9894605,4042544}'::integer[]))

table 6 : explain SELECT c FROM sbtest6 WHERE id IN ( 8538953, 5384041, 638964, 7254496, 279717, 7704201, 2771845, 7173743, 9894605, 4042544)
	Index Scan using sbtest6_pkey on sbtest6  (cost=0.43..83.51 rows=10 width=121)
	  Index Cond: (id = ANY ('{8538953,5384041,638964,7254496,279717,7704201,2771845,7173743,9894605,4042544}'::integer[]))

table 7 : explain SELECT c FROM sbtest7 WHERE id IN ( 8538953, 5384041, 638964, 7254496, 279717, 7704201, 2771845, 7173743, 9894605, 4042544)
	Index Scan using sbtest7_pkey on sbtest7  (cost=0.43..83.43 rows=10 width=121)
	  Index Cond: (id = ANY ('{8538953,5384041,638964,7254496,279717,7704201,2771845,7173743,9894605,4042544}'::integer[]))

table 8 : explain SELECT c FROM sbtest8 WHERE id IN ( 8538953, 5384041, 638964, 7254496, 279717, 7704201, 2771845, 7173743, 9894605, 4042544)
	Index Scan using sbtest8_pkey on sbtest8  (cost=0.43..83.47 rows=10 width=121)
	  Index Cond: (id = ANY ('{8538953,5384041,638964,7254496,279717,7704201,2771845,7173743,9894605,4042544}'::integer[]))

explain: for select-inlist :: explain SELECT c FROM sbtest%d WHERE id IN ( 7847178, 8234148, 9352447, 431799, 2020820, 9375222, 2568201, 1143573, 4590278, 9047926)
explain: for select-inlist :: explain SELECT c FROM sbtest%d WHERE id IN ( 1226480, 330559, 656239, 4725062, 8364429, 496326, 3844031, 796039, 9914211, 5603662)
explain: for select-inlist :: explain SELECT c FROM sbtest%d WHERE id IN ( 9419471, 5791409, 9296457, 2713832, 7205917, 2031882, 739700, 3688207, 349893, 6688589)
explain: for select-inlist :: explain SELECT c FROM sbtest%d WHERE id IN ( 8099017, 6650347, 3931426, 6837109, 7853347, 8902048, 443993, 7936511, 5979089, 1078150)
explain: for select-inlist :: explain SELECT c FROM sbtest%d WHERE id IN ( 8613410, 4553077, 9159389, 8875699, 3781716, 4096200, 8633415, 8365925, 1219346, 396560)
for select-inlist
table 1 : explain SELECT c FROM sbtest1 WHERE id IN ( 148844, 5632863, 4847780, 5960145, 4403624, 6507328, 6419897, 8369146, 1961993, 3933625)
	Index Scan using sbtest1_pkey on sbtest1  (cost=0.43..83.61 rows=10 width=121)
	  Index Cond: (id = ANY ('{148844,5632863,4847780,5960145,4403624,6507328,6419897,8369146,1961993,3933625}'::integer[]))

table 2 : explain SELECT c FROM sbtest2 WHERE id IN ( 148844, 5632863, 4847780, 5960145, 4403624, 6507328, 6419897, 8369146, 1961993, 3933625)
	Index Scan using sbtest2_pkey on sbtest2  (cost=0.43..83.62 rows=10 width=121)
	  Index Cond: (id = ANY ('{148844,5632863,4847780,5960145,4403624,6507328,6419897,8369146,1961993,3933625}'::integer[]))

table 3 : explain SELECT c FROM sbtest3 WHERE id IN ( 148844, 5632863, 4847780, 5960145, 4403624, 6507328, 6419897, 8369146, 1961993, 3933625)
	Index Scan using sbtest3_pkey on sbtest3  (cost=0.43..83.50 rows=10 width=121)
	  Index Cond: (id = ANY ('{148844,5632863,4847780,5960145,4403624,6507328,6419897,8369146,1961993,3933625}'::integer[]))

table 4 : explain SELECT c FROM sbtest4 WHERE id IN ( 148844, 5632863, 4847780, 5960145, 4403624, 6507328, 6419897, 8369146, 1961993, 3933625)
	Index Scan using sbtest4_pkey on sbtest4  (cost=0.43..83.31 rows=10 width=121)
	  Index Cond: (id = ANY ('{148844,5632863,4847780,5960145,4403624,6507328,6419897,8369146,1961993,3933625}'::integer[]))

table 5 : explain SELECT c FROM sbtest5 WHERE id IN ( 148844, 5632863, 4847780, 5960145, 4403624, 6507328, 6419897, 8369146, 1961993, 3933625)
	Index Scan using sbtest5_pkey on sbtest5  (cost=0.43..83.55 rows=10 width=121)
	  Index Cond: (id = ANY ('{148844,5632863,4847780,5960145,4403624,6507328,6419897,8369146,1961993,3933625}'::integer[]))

table 6 : explain SELECT c FROM sbtest6 WHERE id IN ( 148844, 5632863, 4847780, 5960145, 4403624, 6507328, 6419897, 8369146, 1961993, 3933625)
	Index Scan using sbtest6_pkey on sbtest6  (cost=0.43..83.51 rows=10 width=121)
	  Index Cond: (id = ANY ('{148844,5632863,4847780,5960145,4403624,6507328,6419897,8369146,1961993,3933625}'::integer[]))

table 7 : explain SELECT c FROM sbtest7 WHERE id IN ( 148844, 5632863, 4847780, 5960145, 4403624, 6507328, 6419897, 8369146, 1961993, 3933625)
	Index Scan using sbtest7_pkey on sbtest7  (cost=0.43..83.43 rows=10 width=121)
	  Index Cond: (id = ANY ('{148844,5632863,4847780,5960145,4403624,6507328,6419897,8369146,1961993,3933625}'::integer[]))

table 8 : explain SELECT c FROM sbtest8 WHERE id IN ( 148844, 5632863, 4847780, 5960145, 4403624, 6507328, 6419897, 8369146, 1961993, 3933625)
	Index Scan using sbtest8_pkey on sbtest8  (cost=0.43..83.47 rows=10 width=121)
	  Index Cond: (id = ANY ('{148844,5632863,4847780,5960145,4403624,6507328,6419897,8369146,1961993,3933625}'::integer[]))

for select-inlist
table 1 : explain SELECT c FROM sbtest1 WHERE id IN ( 7847178, 8234148, 9352447, 431799, 2020820, 9375222, 2568201, 1143573, 4590278, 9047926)
	Index Scan using sbtest1_pkey on sbtest1  (cost=0.43..83.61 rows=10 width=121)
	  Index Cond: (id = ANY ('{7847178,8234148,9352447,431799,2020820,9375222,2568201,1143573,4590278,9047926}'::integer[]))

table 2 : explain SELECT c FROM sbtest2 WHERE id IN ( 7847178, 8234148, 9352447, 431799, 2020820, 9375222, 2568201, 1143573, 4590278, 9047926)
	Index Scan using sbtest2_pkey on sbtest2  (cost=0.43..83.62 rows=10 width=121)
	  Index Cond: (id = ANY ('{7847178,8234148,9352447,431799,2020820,9375222,2568201,1143573,4590278,9047926}'::integer[]))

table 3 : explain SELECT c FROM sbtest3 WHERE id IN ( 7847178, 8234148, 9352447, 431799, 2020820, 9375222, 2568201, 1143573, 4590278, 9047926)
	Index Scan using sbtest3_pkey on sbtest3  (cost=0.43..83.50 rows=10 width=121)
	  Index Cond: (id = ANY ('{7847178,8234148,9352447,431799,2020820,9375222,2568201,1143573,4590278,9047926}'::integer[]))

table 4 : explain SELECT c FROM sbtest4 WHERE id IN ( 7847178, 8234148, 9352447, 431799, 2020820, 9375222, 2568201, 1143573, 4590278, 9047926)
	Index Scan using sbtest4_pkey on sbtest4  (cost=0.43..83.31 rows=10 width=121)
	  Index Cond: (id = ANY ('{7847178,8234148,9352447,431799,2020820,9375222,2568201,1143573,4590278,9047926}'::integer[]))

table 5 : explain SELECT c FROM sbtest5 WHERE id IN ( 7847178, 8234148, 9352447, 431799, 2020820, 9375222, 2568201, 1143573, 4590278, 9047926)
	Index Scan using sbtest5_pkey on sbtest5  (cost=0.43..83.55 rows=10 width=121)
	  Index Cond: (id = ANY ('{7847178,8234148,9352447,431799,2020820,9375222,2568201,1143573,4590278,9047926}'::integer[]))

table 6 : explain SELECT c FROM sbtest6 WHERE id IN ( 7847178, 8234148, 9352447, 431799, 2020820, 9375222, 2568201, 1143573, 4590278, 9047926)
	Index Scan using sbtest6_pkey on sbtest6  (cost=0.43..83.51 rows=10 width=121)
	  Index Cond: (id = ANY ('{7847178,8234148,9352447,431799,2020820,9375222,2568201,1143573,4590278,9047926}'::integer[]))

table 7 : explain SELECT c FROM sbtest7 WHERE id IN ( 7847178, 8234148, 9352447, 431799, 2020820, 9375222, 2568201, 1143573, 4590278, 9047926)
	Index Scan using sbtest7_pkey on sbtest7  (cost=0.43..83.43 rows=10 width=121)
	  Index Cond: (id = ANY ('{7847178,8234148,9352447,431799,2020820,9375222,2568201,1143573,4590278,9047926}'::integer[]))

table 8 : explain SELECT c FROM sbtest8 WHERE id IN ( 7847178, 8234148, 9352447, 431799, 2020820, 9375222, 2568201, 1143573, 4590278, 9047926)
	Index Scan using sbtest8_pkey on sbtest8  (cost=0.43..83.47 rows=10 width=121)
	  Index Cond: (id = ANY ('{7847178,8234148,9352447,431799,2020820,9375222,2568201,1143573,4590278,9047926}'::integer[]))

for select-inlist
table 1 : explain SELECT c FROM sbtest1 WHERE id IN ( 8613410, 4553077, 9159389, 8875699, 3781716, 4096200, 8633415, 8365925, 1219346, 396560)
	Index Scan using sbtest1_pkey on sbtest1  (cost=0.43..83.61 rows=10 width=121)
	  Index Cond: (id = ANY ('{8613410,4553077,9159389,8875699,3781716,4096200,8633415,8365925,1219346,396560}'::integer[]))

table 2 : explain SELECT c FROM sbtest2 WHERE id IN ( 8613410, 4553077, 9159389, 8875699, 3781716, 4096200, 8633415, 8365925, 1219346, 396560)
	Index Scan using sbtest2_pkey on sbtest2  (cost=0.43..83.62 rows=10 width=121)
	  Index Cond: (id = ANY ('{8613410,4553077,9159389,8875699,3781716,4096200,8633415,8365925,1219346,396560}'::integer[]))

table 3 : explain SELECT c FROM sbtest3 WHERE id IN ( 8613410, 4553077, 9159389, 8875699, 3781716, 4096200, 8633415, 8365925, 1219346, 396560)
	Index Scan using sbtest3_pkey on sbtest3  (cost=0.43..83.50 rows=10 width=121)
	  Index Cond: (id = ANY ('{8613410,4553077,9159389,8875699,3781716,4096200,8633415,8365925,1219346,396560}'::integer[]))

table 4 : explain SELECT c FROM sbtest4 WHERE id IN ( 8613410, 4553077, 9159389, 8875699, 3781716, 4096200, 8633415, 8365925, 1219346, 396560)
	Index Scan using sbtest4_pkey on sbtest4  (cost=0.43..83.31 rows=10 width=121)
	  Index Cond: (id = ANY ('{8613410,4553077,9159389,8875699,3781716,4096200,8633415,8365925,1219346,396560}'::integer[]))

table 5 : explain SELECT c FROM sbtest5 WHERE id IN ( 8613410, 4553077, 9159389, 8875699, 3781716, 4096200, 8633415, 8365925, 1219346, 396560)
	Index Scan using sbtest5_pkey on sbtest5  (cost=0.43..83.55 rows=10 width=121)
	  Index Cond: (id = ANY ('{8613410,4553077,9159389,8875699,3781716,4096200,8633415,8365925,1219346,396560}'::integer[]))

table 6 : explain SELECT c FROM sbtest6 WHERE id IN ( 8613410, 4553077, 9159389, 8875699, 3781716, 4096200, 8633415, 8365925, 1219346, 396560)
	Index Scan using sbtest6_pkey on sbtest6  (cost=0.43..83.51 rows=10 width=121)
	  Index Cond: (id = ANY ('{8613410,4553077,9159389,8875699,3781716,4096200,8633415,8365925,1219346,396560}'::integer[]))

table 7 : explain SELECT c FROM sbtest7 WHERE id IN ( 8613410, 4553077, 9159389, 8875699, 3781716, 4096200, 8633415, 8365925, 1219346, 396560)
	Index Scan using sbtest7_pkey on sbtest7  (cost=0.43..83.43 rows=10 width=121)
	  Index Cond: (id = ANY ('{8613410,4553077,9159389,8875699,3781716,4096200,8633415,8365925,1219346,396560}'::integer[]))

table 8 : explain SELECT c FROM sbtest8 WHERE id IN ( 8613410, 4553077, 9159389, 8875699, 3781716, 4096200, 8633415, 8365925, 1219346, 396560)
	Index Scan using sbtest8_pkey on sbtest8  (cost=0.43..83.47 rows=10 width=121)
	  Index Cond: (id = ANY ('{8613410,4553077,9159389,8875699,3781716,4096200,8633415,8365925,1219346,396560}'::integer[]))

for select-inlist
table 1 : explain SELECT c FROM sbtest1 WHERE id IN ( 9419471, 5791409, 9296457, 2713832, 7205917, 2031882, 739700, 3688207, 349893, 6688589)
	Index Scan using sbtest1_pkey on sbtest1  (cost=0.43..83.61 rows=10 width=121)
	  Index Cond: (id = ANY ('{9419471,5791409,9296457,2713832,7205917,2031882,739700,3688207,349893,6688589}'::integer[]))

table 2 : explain SELECT c FROM sbtest2 WHERE id IN ( 9419471, 5791409, 9296457, 2713832, 7205917, 2031882, 739700, 3688207, 349893, 6688589)
	Index Scan using sbtest2_pkey on sbtest2  (cost=0.43..83.62 rows=10 width=121)
	  Index Cond: (id = ANY ('{9419471,5791409,9296457,2713832,7205917,2031882,739700,3688207,349893,6688589}'::integer[]))

table 3 : explain SELECT c FROM sbtest3 WHERE id IN ( 9419471, 5791409, 9296457, 2713832, 7205917, 2031882, 739700, 3688207, 349893, 6688589)
	Index Scan using sbtest3_pkey on sbtest3  (cost=0.43..83.50 rows=10 width=121)
	  Index Cond: (id = ANY ('{9419471,5791409,9296457,2713832,7205917,2031882,739700,3688207,349893,6688589}'::integer[]))

table 4 : explain SELECT c FROM sbtest4 WHERE id IN ( 9419471, 5791409, 9296457, 2713832, 7205917, 2031882, 739700, 3688207, 349893, 6688589)
	Index Scan using sbtest4_pkey on sbtest4  (cost=0.43..83.31 rows=10 width=121)
	  Index Cond: (id = ANY ('{9419471,5791409,9296457,2713832,7205917,2031882,739700,3688207,349893,6688589}'::integer[]))

table 5 : explain SELECT c FROM sbtest5 WHERE id IN ( 9419471, 5791409, 9296457, 2713832, 7205917, 2031882, 739700, 3688207, 349893, 6688589)
	Index Scan using sbtest5_pkey on sbtest5  (cost=0.43..83.55 rows=10 width=121)
	  Index Cond: (id = ANY ('{9419471,5791409,9296457,2713832,7205917,2031882,739700,3688207,349893,6688589}'::integer[]))

table 6 : explain SELECT c FROM sbtest6 WHERE id IN ( 9419471, 5791409, 9296457, 2713832, 7205917, 2031882, 739700, 3688207, 349893, 6688589)
	Index Scan using sbtest6_pkey on sbtest6  (cost=0.43..83.51 rows=10 width=121)
	  Index Cond: (id = ANY ('{9419471,5791409,9296457,2713832,7205917,2031882,739700,3688207,349893,6688589}'::integer[]))

table 7 : explain SELECT c FROM sbtest7 WHERE id IN ( 9419471, 5791409, 9296457, 2713832, 7205917, 2031882, 739700, 3688207, 349893, 6688589)
	Index Scan using sbtest7_pkey on sbtest7  (cost=0.43..83.43 rows=10 width=121)
	  Index Cond: (id = ANY ('{9419471,5791409,9296457,2713832,7205917,2031882,739700,3688207,349893,6688589}'::integer[]))

table 8 : explain SELECT c FROM sbtest8 WHERE id IN ( 9419471, 5791409, 9296457, 2713832, 7205917, 2031882, 739700, 3688207, 349893, 6688589)
	Index Scan using sbtest8_pkey on sbtest8  (cost=0.43..83.47 rows=10 width=121)
	  Index Cond: (id = ANY ('{9419471,5791409,9296457,2713832,7205917,2031882,739700,3688207,349893,6688589}'::integer[]))

for select-inlist
table 1 : explain SELECT c FROM sbtest1 WHERE id IN ( 1226480, 330559, 656239, 4725062, 8364429, 496326, 3844031, 796039, 9914211, 5603662)
	Index Scan using sbtest1_pkey on sbtest1  (cost=0.43..83.61 rows=10 width=121)
	  Index Cond: (id = ANY ('{1226480,330559,656239,4725062,8364429,496326,3844031,796039,9914211,5603662}'::integer[]))

table 2 : explain SELECT c FROM sbtest2 WHERE id IN ( 1226480, 330559, 656239, 4725062, 8364429, 496326, 3844031, 796039, 9914211, 5603662)
	Index Scan using sbtest2_pkey on sbtest2  (cost=0.43..83.62 rows=10 width=121)
	  Index Cond: (id = ANY ('{1226480,330559,656239,4725062,8364429,496326,3844031,796039,9914211,5603662}'::integer[]))

table 3 : explain SELECT c FROM sbtest3 WHERE id IN ( 1226480, 330559, 656239, 4725062, 8364429, 496326, 3844031, 796039, 9914211, 5603662)
	Index Scan using sbtest3_pkey on sbtest3  (cost=0.43..83.50 rows=10 width=121)
	  Index Cond: (id = ANY ('{1226480,330559,656239,4725062,8364429,496326,3844031,796039,9914211,5603662}'::integer[]))

table 4 : explain SELECT c FROM sbtest4 WHERE id IN ( 1226480, 330559, 656239, 4725062, 8364429, 496326, 3844031, 796039, 9914211, 5603662)
	Index Scan using sbtest4_pkey on sbtest4  (cost=0.43..83.31 rows=10 width=121)
	  Index Cond: (id = ANY ('{1226480,330559,656239,4725062,8364429,496326,3844031,796039,9914211,5603662}'::integer[]))

table 5 : explain SELECT c FROM sbtest5 WHERE id IN ( 1226480, 330559, 656239, 4725062, 8364429, 496326, 3844031, 796039, 9914211, 5603662)
	Index Scan using sbtest5_pkey on sbtest5  (cost=0.43..83.55 rows=10 width=121)
	  Index Cond: (id = ANY ('{1226480,330559,656239,4725062,8364429,496326,3844031,796039,9914211,5603662}'::integer[]))

table 6 : explain SELECT c FROM sbtest6 WHERE id IN ( 1226480, 330559, 656239, 4725062, 8364429, 496326, 3844031, 796039, 9914211, 5603662)
	Index Scan using sbtest6_pkey on sbtest6  (cost=0.43..83.51 rows=10 width=121)
	  Index Cond: (id = ANY ('{1226480,330559,656239,4725062,8364429,496326,3844031,796039,9914211,5603662}'::integer[]))

table 7 : explain SELECT c FROM sbtest7 WHERE id IN ( 1226480, 330559, 656239, 4725062, 8364429, 496326, 3844031, 796039, 9914211, 5603662)
	Index Scan using sbtest7_pkey on sbtest7  (cost=0.43..83.43 rows=10 width=121)
	  Index Cond: (id = ANY ('{1226480,330559,656239,4725062,8364429,496326,3844031,796039,9914211,5603662}'::integer[]))

table 8 : explain SELECT c FROM sbtest8 WHERE id IN ( 1226480, 330559, 656239, 4725062, 8364429, 496326, 3844031, 796039, 9914211, 5603662)
	Index Scan using sbtest8_pkey on sbtest8  (cost=0.43..83.47 rows=10 width=121)
	  Index Cond: (id = ANY ('{1226480,330559,656239,4725062,8364429,496326,3844031,796039,9914211,5603662}'::integer[]))

for select-inlist
table 1 : explain SELECT c FROM sbtest1 WHERE id IN ( 8099017, 6650347, 3931426, 6837109, 7853347, 8902048, 443993, 7936511, 5979089, 1078150)
	Index Scan using sbtest1_pkey on sbtest1  (cost=0.43..83.61 rows=10 width=121)
	  Index Cond: (id = ANY ('{8099017,6650347,3931426,6837109,7853347,8902048,443993,7936511,5979089,1078150}'::integer[]))

table 2 : explain SELECT c FROM sbtest2 WHERE id IN ( 8099017, 6650347, 3931426, 6837109, 7853347, 8902048, 443993, 7936511, 5979089, 1078150)
	Index Scan using sbtest2_pkey on sbtest2  (cost=0.43..83.62 rows=10 width=121)
	  Index Cond: (id = ANY ('{8099017,6650347,3931426,6837109,7853347,8902048,443993,7936511,5979089,1078150}'::integer[]))

table 3 : explain SELECT c FROM sbtest3 WHERE id IN ( 8099017, 6650347, 3931426, 6837109, 7853347, 8902048, 443993, 7936511, 5979089, 1078150)
	Index Scan using sbtest3_pkey on sbtest3  (cost=0.43..83.50 rows=10 width=121)
	  Index Cond: (id = ANY ('{8099017,6650347,3931426,6837109,7853347,8902048,443993,7936511,5979089,1078150}'::integer[]))

table 4 : explain SELECT c FROM sbtest4 WHERE id IN ( 8099017, 6650347, 3931426, 6837109, 7853347, 8902048, 443993, 7936511, 5979089, 1078150)
	Index Scan using sbtest4_pkey on sbtest4  (cost=0.43..83.31 rows=10 width=121)
	  Index Cond: (id = ANY ('{8099017,6650347,3931426,6837109,7853347,8902048,443993,7936511,5979089,1078150}'::integer[]))

table 5 : explain SELECT c FROM sbtest5 WHERE id IN ( 8099017, 6650347, 3931426, 6837109, 7853347, 8902048, 443993, 7936511, 5979089, 1078150)
	Index Scan using sbtest5_pkey on sbtest5  (cost=0.43..83.55 rows=10 width=121)
	  Index Cond: (id = ANY ('{8099017,6650347,3931426,6837109,7853347,8902048,443993,7936511,5979089,1078150}'::integer[]))

table 6 : explain SELECT c FROM sbtest6 WHERE id IN ( 8099017, 6650347, 3931426, 6837109, 7853347, 8902048, 443993, 7936511, 5979089, 1078150)
	Index Scan using sbtest6_pkey on sbtest6  (cost=0.43..83.51 rows=10 width=121)
	  Index Cond: (id = ANY ('{8099017,6650347,3931426,6837109,7853347,8902048,443993,7936511,5979089,1078150}'::integer[]))

table 7 : explain SELECT c FROM sbtest7 WHERE id IN ( 8099017, 6650347, 3931426, 6837109, 7853347, 8902048, 443993, 7936511, 5979089, 1078150)
	Index Scan using sbtest7_pkey on sbtest7  (cost=0.43..83.43 rows=10 width=121)
	  Index Cond: (id = ANY ('{8099017,6650347,3931426,6837109,7853347,8902048,443993,7936511,5979089,1078150}'::integer[]))

table 8 : explain SELECT c FROM sbtest8 WHERE id IN ( 8099017, 6650347, 3931426, 6837109, 7853347, 8902048, 443993, 7936511, 5979089, 1078150)
	Index Scan using sbtest8_pkey on sbtest8  (cost=0.43..83.47 rows=10 width=121)
	  Index Cond: (id = ANY ('{8099017,6650347,3931426,6837109,7853347,8902048,443993,7936511,5979089,1078150}'::integer[]))

explain: for select-inlist :: explain SELECT c FROM sbtest%d WHERE id IN ( 386547, 2309041, 4324454, 3427462, 1556024, 7702448, 3712024, 7557989, 2068661, 1576184)
explain: for select-inlist :: explain SELECT c FROM sbtest%d WHERE id IN ( 1394649, 9191077, 5379728, 4815338, 8988003, 7345080, 1722729, 609957, 4054604, 1918926)
explain: for select-inlist :: explain SELECT c FROM sbtest%d WHERE id IN ( 8054966, 7116764, 8074557, 6645870, 3183640, 4089644, 7951852, 4773750, 9311170, 3405662)
explain: for select-inlist :: explain SELECT c FROM sbtest%d WHERE id IN ( 5872455, 1180591, 5156691, 4282024, 850910, 2035007, 1653489, 1268221, 2278909, 6468559)
explain: for select-inlist :: explain SELECT c FROM sbtest%d WHERE id IN ( 5953529, 2284683, 5495243, 4622397, 3088535, 6096281, 4366290, 1875531, 362505, 5663369)
explain: for select-inlist :: explain SELECT c FROM sbtest%d WHERE id IN ( 3540619, 3445589, 6831674, 8028572, 3073156, 9887525, 1108283, 9994235, 2529666, 4914484)
explain: for select-inlist :: explain SELECT c FROM sbtest%d WHERE id IN ( 9610440, 9745946, 7228738, 7381427, 4816390, 6148978, 6881099, 3701868, 3294449, 1884433)
explain: for select-inlist :: explain SELECT c FROM sbtest%d WHERE id IN ( 8001627, 3541038, 9598866, 3796502, 792569, 7746869, 1060248, 3376042, 1210652, 448257)
explain: for select-inlist :: explain SELECT c FROM sbtest%d WHERE id IN ( 942253, 8516599, 6320297, 8716110, 1164669, 5927798, 1464963, 8555811, 5876166, 5484432)
explain: for select-inlist :: explain SELECT c FROM sbtest%d WHERE id IN ( 7965041, 6593375, 7550461, 608855, 904278, 56470, 3957105, 2774234, 3506754, 5605628)
for select-inlist
table 1 : explain SELECT c FROM sbtest1 WHERE id IN ( 1394649, 9191077, 5379728, 4815338, 8988003, 7345080, 1722729, 609957, 4054604, 1918926)
	Index Scan using sbtest1_pkey on sbtest1  (cost=0.43..83.61 rows=10 width=121)
	  Index Cond: (id = ANY ('{1394649,9191077,5379728,4815338,8988003,7345080,1722729,609957,4054604,1918926}'::integer[]))

table 2 : explain SELECT c FROM sbtest2 WHERE id IN ( 1394649, 9191077, 5379728, 4815338, 8988003, 7345080, 1722729, 609957, 4054604, 1918926)
	Index Scan using sbtest2_pkey on sbtest2  (cost=0.43..83.62 rows=10 width=121)
	  Index Cond: (id = ANY ('{1394649,9191077,5379728,4815338,8988003,7345080,1722729,609957,4054604,1918926}'::integer[]))

table 3 : explain SELECT c FROM sbtest3 WHERE id IN ( 1394649, 9191077, 5379728, 4815338, 8988003, 7345080, 1722729, 609957, 4054604, 1918926)
	Index Scan using sbtest3_pkey on sbtest3  (cost=0.43..83.50 rows=10 width=121)
	  Index Cond: (id = ANY ('{1394649,9191077,5379728,4815338,8988003,7345080,1722729,609957,4054604,1918926}'::integer[]))

table 4 : explain SELECT c FROM sbtest4 WHERE id IN ( 1394649, 9191077, 5379728, 4815338, 8988003, 7345080, 1722729, 609957, 4054604, 1918926)
	Index Scan using sbtest4_pkey on sbtest4  (cost=0.43..83.31 rows=10 width=121)
	  Index Cond: (id = ANY ('{1394649,9191077,5379728,4815338,8988003,7345080,1722729,609957,4054604,1918926}'::integer[]))

table 5 : explain SELECT c FROM sbtest5 WHERE id IN ( 1394649, 9191077, 5379728, 4815338, 8988003, 7345080, 1722729, 609957, 4054604, 1918926)
	Index Scan using sbtest5_pkey on sbtest5  (cost=0.43..83.55 rows=10 width=121)
	  Index Cond: (id = ANY ('{1394649,9191077,5379728,4815338,8988003,7345080,1722729,609957,4054604,1918926}'::integer[]))

table 6 : explain SELECT c FROM sbtest6 WHERE id IN ( 1394649, 9191077, 5379728, 4815338, 8988003, 7345080, 1722729, 609957, 4054604, 1918926)
	Index Scan using sbtest6_pkey on sbtest6  (cost=0.43..83.51 rows=10 width=121)
	  Index Cond: (id = ANY ('{1394649,9191077,5379728,4815338,8988003,7345080,1722729,609957,4054604,1918926}'::integer[]))

table 7 : explain SELECT c FROM sbtest7 WHERE id IN ( 1394649, 9191077, 5379728, 4815338, 8988003, 7345080, 1722729, 609957, 4054604, 1918926)
	Index Scan using sbtest7_pkey on sbtest7  (cost=0.43..83.43 rows=10 width=121)
	  Index Cond: (id = ANY ('{1394649,9191077,5379728,4815338,8988003,7345080,1722729,609957,4054604,1918926}'::integer[]))

table 8 : explain SELECT c FROM sbtest8 WHERE id IN ( 1394649, 9191077, 5379728, 4815338, 8988003, 7345080, 1722729, 609957, 4054604, 1918926)
	Index Scan using sbtest8_pkey on sbtest8  (cost=0.43..83.47 rows=10 width=121)
	  Index Cond: (id = ANY ('{1394649,9191077,5379728,4815338,8988003,7345080,1722729,609957,4054604,1918926}'::integer[]))

for select-inlist
table 1 : explain SELECT c FROM sbtest1 WHERE id IN ( 5872455, 1180591, 5156691, 4282024, 850910, 2035007, 1653489, 1268221, 2278909, 6468559)
	Index Scan using sbtest1_pkey on sbtest1  (cost=0.43..83.61 rows=10 width=121)
	  Index Cond: (id = ANY ('{5872455,1180591,5156691,4282024,850910,2035007,1653489,1268221,2278909,6468559}'::integer[]))

table 2 : explain SELECT c FROM sbtest2 WHERE id IN ( 5872455, 1180591, 5156691, 4282024, 850910, 2035007, 1653489, 1268221, 2278909, 6468559)
	Index Scan using sbtest2_pkey on sbtest2  (cost=0.43..83.62 rows=10 width=121)
	  Index Cond: (id = ANY ('{5872455,1180591,5156691,4282024,850910,2035007,1653489,1268221,2278909,6468559}'::integer[]))

table 3 : explain SELECT c FROM sbtest3 WHERE id IN ( 5872455, 1180591, 5156691, 4282024, 850910, 2035007, 1653489, 1268221, 2278909, 6468559)
	Index Scan using sbtest3_pkey on sbtest3  (cost=0.43..83.50 rows=10 width=121)
	  Index Cond: (id = ANY ('{5872455,1180591,5156691,4282024,850910,2035007,1653489,1268221,2278909,6468559}'::integer[]))

table 4 : explain SELECT c FROM sbtest4 WHERE id IN ( 5872455, 1180591, 5156691, 4282024, 850910, 2035007, 1653489, 1268221, 2278909, 6468559)
	Index Scan using sbtest4_pkey on sbtest4  (cost=0.43..83.31 rows=10 width=121)
	  Index Cond: (id = ANY ('{5872455,1180591,5156691,4282024,850910,2035007,1653489,1268221,2278909,6468559}'::integer[]))

table 5 : explain SELECT c FROM sbtest5 WHERE id IN ( 5872455, 1180591, 5156691, 4282024, 850910, 2035007, 1653489, 1268221, 2278909, 6468559)
	Index Scan using sbtest5_pkey on sbtest5  (cost=0.43..83.55 rows=10 width=121)
	  Index Cond: (id = ANY ('{5872455,1180591,5156691,4282024,850910,2035007,1653489,1268221,2278909,6468559}'::integer[]))

table 6 : explain SELECT c FROM sbtest6 WHERE id IN ( 5872455, 1180591, 5156691, 4282024, 850910, 2035007, 1653489, 1268221, 2278909, 6468559)
	Index Scan using sbtest6_pkey on sbtest6  (cost=0.43..83.51 rows=10 width=121)
	  Index Cond: (id = ANY ('{5872455,1180591,5156691,4282024,850910,2035007,1653489,1268221,2278909,6468559}'::integer[]))

table 7 : explain SELECT c FROM sbtest7 WHERE id IN ( 5872455, 1180591, 5156691, 4282024, 850910, 2035007, 1653489, 1268221, 2278909, 6468559)
	Index Scan using sbtest7_pkey on sbtest7  (cost=0.43..83.43 rows=10 width=121)
	  Index Cond: (id = ANY ('{5872455,1180591,5156691,4282024,850910,2035007,1653489,1268221,2278909,6468559}'::integer[]))

table 8 : explain SELECT c FROM sbtest8 WHERE id IN ( 5872455, 1180591, 5156691, 4282024, 850910, 2035007, 1653489, 1268221, 2278909, 6468559)
	Index Scan using sbtest8_pkey on sbtest8  (cost=0.43..83.47 rows=10 width=121)
	  Index Cond: (id = ANY ('{5872455,1180591,5156691,4282024,850910,2035007,1653489,1268221,2278909,6468559}'::integer[]))

for select-inlist
table 1 : explain SELECT c FROM sbtest1 WHERE id IN ( 5953529, 2284683, 5495243, 4622397, 3088535, 6096281, 4366290, 1875531, 362505, 5663369)
	Index Scan using sbtest1_pkey on sbtest1  (cost=0.43..83.61 rows=10 width=121)
	  Index Cond: (id = ANY ('{5953529,2284683,5495243,4622397,3088535,6096281,4366290,1875531,362505,5663369}'::integer[]))

table 2 : explain SELECT c FROM sbtest2 WHERE id IN ( 5953529, 2284683, 5495243, 4622397, 3088535, 6096281, 4366290, 1875531, 362505, 5663369)
	Index Scan using sbtest2_pkey on sbtest2  (cost=0.43..83.62 rows=10 width=121)
	  Index Cond: (id = ANY ('{5953529,2284683,5495243,4622397,3088535,6096281,4366290,1875531,362505,5663369}'::integer[]))

table 3 : explain SELECT c FROM sbtest3 WHERE id IN ( 5953529, 2284683, 5495243, 4622397, 3088535, 6096281, 4366290, 1875531, 362505, 5663369)
	Index Scan using sbtest3_pkey on sbtest3  (cost=0.43..83.50 rows=10 width=121)
	  Index Cond: (id = ANY ('{5953529,2284683,5495243,4622397,3088535,6096281,4366290,1875531,362505,5663369}'::integer[]))

table 4 : explain SELECT c FROM sbtest4 WHERE id IN ( 5953529, 2284683, 5495243, 4622397, 3088535, 6096281, 4366290, 1875531, 362505, 5663369)
	Index Scan using sbtest4_pkey on sbtest4  (cost=0.43..83.31 rows=10 width=121)
	  Index Cond: (id = ANY ('{5953529,2284683,5495243,4622397,3088535,6096281,4366290,1875531,362505,5663369}'::integer[]))

table 5 : explain SELECT c FROM sbtest5 WHERE id IN ( 5953529, 2284683, 5495243, 4622397, 3088535, 6096281, 4366290, 1875531, 362505, 5663369)
	Index Scan using sbtest5_pkey on sbtest5  (cost=0.43..83.55 rows=10 width=121)
	  Index Cond: (id = ANY ('{5953529,2284683,5495243,4622397,3088535,6096281,4366290,1875531,362505,5663369}'::integer[]))

table 6 : explain SELECT c FROM sbtest6 WHERE id IN ( 5953529, 2284683, 5495243, 4622397, 3088535, 6096281, 4366290, 1875531, 362505, 5663369)
	Index Scan using sbtest6_pkey on sbtest6  (cost=0.43..83.51 rows=10 width=121)
	  Index Cond: (id = ANY ('{5953529,2284683,5495243,4622397,3088535,6096281,4366290,1875531,362505,5663369}'::integer[]))

table 7 : explain SELECT c FROM sbtest7 WHERE id IN ( 5953529, 2284683, 5495243, 4622397, 3088535, 6096281, 4366290, 1875531, 362505, 5663369)
	Index Scan using sbtest7_pkey on sbtest7  (cost=0.43..83.43 rows=10 width=121)
	  Index Cond: (id = ANY ('{5953529,2284683,5495243,4622397,3088535,6096281,4366290,1875531,362505,5663369}'::integer[]))

table 8 : explain SELECT c FROM sbtest8 WHERE id IN ( 5953529, 2284683, 5495243, 4622397, 3088535, 6096281, 4366290, 1875531, 362505, 5663369)
	Index Scan using sbtest8_pkey on sbtest8  (cost=0.43..83.47 rows=10 width=121)
	  Index Cond: (id = ANY ('{5953529,2284683,5495243,4622397,3088535,6096281,4366290,1875531,362505,5663369}'::integer[]))

for select-inlist
table 1 : explain SELECT c FROM sbtest1 WHERE id IN ( 3540619, 3445589, 6831674, 8028572, 3073156, 9887525, 1108283, 9994235, 2529666, 4914484)
	Index Scan using sbtest1_pkey on sbtest1  (cost=0.43..83.61 rows=10 width=121)
	  Index Cond: (id = ANY ('{3540619,3445589,6831674,8028572,3073156,9887525,1108283,9994235,2529666,4914484}'::integer[]))

table 2 : explain SELECT c FROM sbtest2 WHERE id IN ( 3540619, 3445589, 6831674, 8028572, 3073156, 9887525, 1108283, 9994235, 2529666, 4914484)
	Index Scan using sbtest2_pkey on sbtest2  (cost=0.43..83.62 rows=10 width=121)
	  Index Cond: (id = ANY ('{3540619,3445589,6831674,8028572,3073156,9887525,1108283,9994235,2529666,4914484}'::integer[]))

table 3 : explain SELECT c FROM sbtest3 WHERE id IN ( 3540619, 3445589, 6831674, 8028572, 3073156, 9887525, 1108283, 9994235, 2529666, 4914484)
	Index Scan using sbtest3_pkey on sbtest3  (cost=0.43..83.50 rows=10 width=121)
	  Index Cond: (id = ANY ('{3540619,3445589,6831674,8028572,3073156,9887525,1108283,9994235,2529666,4914484}'::integer[]))

table 4 : explain SELECT c FROM sbtest4 WHERE id IN ( 3540619, 3445589, 6831674, 8028572, 3073156, 9887525, 1108283, 9994235, 2529666, 4914484)
	Index Scan using sbtest4_pkey on sbtest4  (cost=0.43..83.31 rows=10 width=121)
	  Index Cond: (id = ANY ('{3540619,3445589,6831674,8028572,3073156,9887525,1108283,9994235,2529666,4914484}'::integer[]))

table 5 : explain SELECT c FROM sbtest5 WHERE id IN ( 3540619, 3445589, 6831674, 8028572, 3073156, 9887525, 1108283, 9994235, 2529666, 4914484)
	Index Scan using sbtest5_pkey on sbtest5  (cost=0.43..83.55 rows=10 width=121)
	  Index Cond: (id = ANY ('{3540619,3445589,6831674,8028572,3073156,9887525,1108283,9994235,2529666,4914484}'::integer[]))

table 6 : explain SELECT c FROM sbtest6 WHERE id IN ( 3540619, 3445589, 6831674, 8028572, 3073156, 9887525, 1108283, 9994235, 2529666, 4914484)
	Index Scan using sbtest6_pkey on sbtest6  (cost=0.43..83.51 rows=10 width=121)
	  Index Cond: (id = ANY ('{3540619,3445589,6831674,8028572,3073156,9887525,1108283,9994235,2529666,4914484}'::integer[]))

table 7 : explain SELECT c FROM sbtest7 WHERE id IN ( 3540619, 3445589, 6831674, 8028572, 3073156, 9887525, 1108283, 9994235, 2529666, 4914484)
	Index Scan using sbtest7_pkey on sbtest7  (cost=0.43..83.43 rows=10 width=121)
	  Index Cond: (id = ANY ('{3540619,3445589,6831674,8028572,3073156,9887525,1108283,9994235,2529666,4914484}'::integer[]))

table 8 : explain SELECT c FROM sbtest8 WHERE id IN ( 3540619, 3445589, 6831674, 8028572, 3073156, 9887525, 1108283, 9994235, 2529666, 4914484)
	Index Scan using sbtest8_pkey on sbtest8  (cost=0.43..83.47 rows=10 width=121)
	  Index Cond: (id = ANY ('{3540619,3445589,6831674,8028572,3073156,9887525,1108283,9994235,2529666,4914484}'::integer[]))

for select-inlist
table 1 : explain SELECT c FROM sbtest1 WHERE id IN ( 9610440, 9745946, 7228738, 7381427, 4816390, 6148978, 6881099, 3701868, 3294449, 1884433)
	Index Scan using sbtest1_pkey on sbtest1  (cost=0.43..83.61 rows=10 width=121)
	  Index Cond: (id = ANY ('{9610440,9745946,7228738,7381427,4816390,6148978,6881099,3701868,3294449,1884433}'::integer[]))

table 2 : explain SELECT c FROM sbtest2 WHERE id IN ( 9610440, 9745946, 7228738, 7381427, 4816390, 6148978, 6881099, 3701868, 3294449, 1884433)
	Index Scan using sbtest2_pkey on sbtest2  (cost=0.43..83.62 rows=10 width=121)
	  Index Cond: (id = ANY ('{9610440,9745946,7228738,7381427,4816390,6148978,6881099,3701868,3294449,1884433}'::integer[]))

table 3 : explain SELECT c FROM sbtest3 WHERE id IN ( 9610440, 9745946, 7228738, 7381427, 4816390, 6148978, 6881099, 3701868, 3294449, 1884433)
	Index Scan using sbtest3_pkey on sbtest3  (cost=0.43..83.50 rows=10 width=121)
	  Index Cond: (id = ANY ('{9610440,9745946,7228738,7381427,4816390,6148978,6881099,3701868,3294449,1884433}'::integer[]))

table 4 : explain SELECT c FROM sbtest4 WHERE id IN ( 9610440, 9745946, 7228738, 7381427, 4816390, 6148978, 6881099, 3701868, 3294449, 1884433)
	Index Scan using sbtest4_pkey on sbtest4  (cost=0.43..83.31 rows=10 width=121)
	  Index Cond: (id = ANY ('{9610440,9745946,7228738,7381427,4816390,6148978,6881099,3701868,3294449,1884433}'::integer[]))

table 5 : explain SELECT c FROM sbtest5 WHERE id IN ( 9610440, 9745946, 7228738, 7381427, 4816390, 6148978, 6881099, 3701868, 3294449, 1884433)
	Index Scan using sbtest5_pkey on sbtest5  (cost=0.43..83.55 rows=10 width=121)
	  Index Cond: (id = ANY ('{9610440,9745946,7228738,7381427,4816390,6148978,6881099,3701868,3294449,1884433}'::integer[]))

table 6 : explain SELECT c FROM sbtest6 WHERE id IN ( 9610440, 9745946, 7228738, 7381427, 4816390, 6148978, 6881099, 3701868, 3294449, 1884433)
	Index Scan using sbtest6_pkey on sbtest6  (cost=0.43..83.51 rows=10 width=121)
	  Index Cond: (id = ANY ('{9610440,9745946,7228738,7381427,4816390,6148978,6881099,3701868,3294449,1884433}'::integer[]))

table 7 : explain SELECT c FROM sbtest7 WHERE id IN ( 9610440, 9745946, 7228738, 7381427, 4816390, 6148978, 6881099, 3701868, 3294449, 1884433)
	Index Scan using sbtest7_pkey on sbtest7  (cost=0.43..83.43 rows=10 width=121)
	  Index Cond: (id = ANY ('{9610440,9745946,7228738,7381427,4816390,6148978,6881099,3701868,3294449,1884433}'::integer[]))

table 8 : explain SELECT c FROM sbtest8 WHERE id IN ( 9610440, 9745946, 7228738, 7381427, 4816390, 6148978, 6881099, 3701868, 3294449, 1884433)
	Index Scan using sbtest8_pkey on sbtest8  (cost=0.43..83.47 rows=10 width=121)
	  Index Cond: (id = ANY ('{9610440,9745946,7228738,7381427,4816390,6148978,6881099,3701868,3294449,1884433}'::integer[]))

for select-inlist
table 1 : explain SELECT c FROM sbtest1 WHERE id IN ( 8001627, 3541038, 9598866, 3796502, 792569, 7746869, 1060248, 3376042, 1210652, 448257)
	Index Scan using sbtest1_pkey on sbtest1  (cost=0.43..83.61 rows=10 width=121)
	  Index Cond: (id = ANY ('{8001627,3541038,9598866,3796502,792569,7746869,1060248,3376042,1210652,448257}'::integer[]))

table 2 : explain SELECT c FROM sbtest2 WHERE id IN ( 8001627, 3541038, 9598866, 3796502, 792569, 7746869, 1060248, 3376042, 1210652, 448257)
	Index Scan using sbtest2_pkey on sbtest2  (cost=0.43..83.62 rows=10 width=121)
	  Index Cond: (id = ANY ('{8001627,3541038,9598866,3796502,792569,7746869,1060248,3376042,1210652,448257}'::integer[]))

table 3 : explain SELECT c FROM sbtest3 WHERE id IN ( 8001627, 3541038, 9598866, 3796502, 792569, 7746869, 1060248, 3376042, 1210652, 448257)
	Index Scan using sbtest3_pkey on sbtest3  (cost=0.43..83.50 rows=10 width=121)
	  Index Cond: (id = ANY ('{8001627,3541038,9598866,3796502,792569,7746869,1060248,3376042,1210652,448257}'::integer[]))

table 4 : explain SELECT c FROM sbtest4 WHERE id IN ( 8001627, 3541038, 9598866, 3796502, 792569, 7746869, 1060248, 3376042, 1210652, 448257)
	Index Scan using sbtest4_pkey on sbtest4  (cost=0.43..83.31 rows=10 width=121)
	  Index Cond: (id = ANY ('{8001627,3541038,9598866,3796502,792569,7746869,1060248,3376042,1210652,448257}'::integer[]))

table 5 : explain SELECT c FROM sbtest5 WHERE id IN ( 8001627, 3541038, 9598866, 3796502, 792569, 7746869, 1060248, 3376042, 1210652, 448257)
	Index Scan using sbtest5_pkey on sbtest5  (cost=0.43..83.55 rows=10 width=121)
	  Index Cond: (id = ANY ('{8001627,3541038,9598866,3796502,792569,7746869,1060248,3376042,1210652,448257}'::integer[]))

table 6 : explain SELECT c FROM sbtest6 WHERE id IN ( 8001627, 3541038, 9598866, 3796502, 792569, 7746869, 1060248, 3376042, 1210652, 448257)
	Index Scan using sbtest6_pkey on sbtest6  (cost=0.43..83.51 rows=10 width=121)
	  Index Cond: (id = ANY ('{8001627,3541038,9598866,3796502,792569,7746869,1060248,3376042,1210652,448257}'::integer[]))

table 7 : explain SELECT c FROM sbtest7 WHERE id IN ( 8001627, 3541038, 9598866, 3796502, 792569, 7746869, 1060248, 3376042, 1210652, 448257)
	Index Scan using sbtest7_pkey on sbtest7  (cost=0.43..83.43 rows=10 width=121)
	  Index Cond: (id = ANY ('{8001627,3541038,9598866,3796502,792569,7746869,1060248,3376042,1210652,448257}'::integer[]))

table 8 : explain SELECT c FROM sbtest8 WHERE id IN ( 8001627, 3541038, 9598866, 3796502, 792569, 7746869, 1060248, 3376042, 1210652, 448257)
	Index Scan using sbtest8_pkey on sbtest8  (cost=0.43..83.47 rows=10 width=121)
	  Index Cond: (id = ANY ('{8001627,3541038,9598866,3796502,792569,7746869,1060248,3376042,1210652,448257}'::integer[]))

explain: for select-inlist :: explain SELECT c FROM sbtest%d WHERE id IN ( 4623472, 9339439, 8969106, 4620511, 5109158, 9895535, 6618667, 3690473, 1017734, 9858705)
for select-inlist
table 1 : explain SELECT c FROM sbtest1 WHERE id IN ( 942253, 8516599, 6320297, 8716110, 1164669, 5927798, 1464963, 8555811, 5876166, 5484432)
	Index Scan using sbtest1_pkey on sbtest1  (cost=0.43..83.61 rows=10 width=121)
	  Index Cond: (id = ANY ('{942253,8516599,6320297,8716110,1164669,5927798,1464963,8555811,5876166,5484432}'::integer[]))

table 2 : explain SELECT c FROM sbtest2 WHERE id IN ( 942253, 8516599, 6320297, 8716110, 1164669, 5927798, 1464963, 8555811, 5876166, 5484432)
	Index Scan using sbtest2_pkey on sbtest2  (cost=0.43..83.62 rows=10 width=121)
	  Index Cond: (id = ANY ('{942253,8516599,6320297,8716110,1164669,5927798,1464963,8555811,5876166,5484432}'::integer[]))

table 3 : explain SELECT c FROM sbtest3 WHERE id IN ( 942253, 8516599, 6320297, 8716110, 1164669, 5927798, 1464963, 8555811, 5876166, 5484432)
	Index Scan using sbtest3_pkey on sbtest3  (cost=0.43..83.50 rows=10 width=121)
	  Index Cond: (id = ANY ('{942253,8516599,6320297,8716110,1164669,5927798,1464963,8555811,5876166,5484432}'::integer[]))

table 4 : explain SELECT c FROM sbtest4 WHERE id IN ( 942253, 8516599, 6320297, 8716110, 1164669, 5927798, 1464963, 8555811, 5876166, 5484432)
	Index Scan using sbtest4_pkey on sbtest4  (cost=0.43..83.31 rows=10 width=121)
	  Index Cond: (id = ANY ('{942253,8516599,6320297,8716110,1164669,5927798,1464963,8555811,5876166,5484432}'::integer[]))

table 5 : explain SELECT c FROM sbtest5 WHERE id IN ( 942253, 8516599, 6320297, 8716110, 1164669, 5927798, 1464963, 8555811, 5876166, 5484432)
	Index Scan using sbtest5_pkey on sbtest5  (cost=0.43..83.55 rows=10 width=121)
	  Index Cond: (id = ANY ('{942253,8516599,6320297,8716110,1164669,5927798,1464963,8555811,5876166,5484432}'::integer[]))

table 6 : explain SELECT c FROM sbtest6 WHERE id IN ( 942253, 8516599, 6320297, 8716110, 1164669, 5927798, 1464963, 8555811, 5876166, 5484432)
	Index Scan using sbtest6_pkey on sbtest6  (cost=0.43..83.51 rows=10 width=121)
	  Index Cond: (id = ANY ('{942253,8516599,6320297,8716110,1164669,5927798,1464963,8555811,5876166,5484432}'::integer[]))

table 7 : explain SELECT c FROM sbtest7 WHERE id IN ( 942253, 8516599, 6320297, 8716110, 1164669, 5927798, 1464963, 8555811, 5876166, 5484432)
	Index Scan using sbtest7_pkey on sbtest7  (cost=0.43..83.43 rows=10 width=121)
	  Index Cond: (id = ANY ('{942253,8516599,6320297,8716110,1164669,5927798,1464963,8555811,5876166,5484432}'::integer[]))

table 8 : explain SELECT c FROM sbtest8 WHERE id IN ( 942253, 8516599, 6320297, 8716110, 1164669, 5927798, 1464963, 8555811, 5876166, 5484432)
	Index Scan using sbtest8_pkey on sbtest8  (cost=0.43..83.47 rows=10 width=121)
	  Index Cond: (id = ANY ('{942253,8516599,6320297,8716110,1164669,5927798,1464963,8555811,5876166,5484432}'::integer[]))

for select-inlist
table 1 : explain SELECT c FROM sbtest1 WHERE id IN ( 8054966, 7116764, 8074557, 6645870, 3183640, 4089644, 7951852, 4773750, 9311170, 3405662)
	Index Scan using sbtest1_pkey on sbtest1  (cost=0.43..83.61 rows=10 width=121)
	  Index Cond: (id = ANY ('{8054966,7116764,8074557,6645870,3183640,4089644,7951852,4773750,9311170,3405662}'::integer[]))

table 2 : explain SELECT c FROM sbtest2 WHERE id IN ( 8054966, 7116764, 8074557, 6645870, 3183640, 4089644, 7951852, 4773750, 9311170, 3405662)
	Index Scan using sbtest2_pkey on sbtest2  (cost=0.43..83.62 rows=10 width=121)
	  Index Cond: (id = ANY ('{8054966,7116764,8074557,6645870,3183640,4089644,7951852,4773750,9311170,3405662}'::integer[]))

table 3 : explain SELECT c FROM sbtest3 WHERE id IN ( 8054966, 7116764, 8074557, 6645870, 3183640, 4089644, 7951852, 4773750, 9311170, 3405662)
	Index Scan using sbtest3_pkey on sbtest3  (cost=0.43..83.50 rows=10 width=121)
	  Index Cond: (id = ANY ('{8054966,7116764,8074557,6645870,3183640,4089644,7951852,4773750,9311170,3405662}'::integer[]))

table 4 : explain SELECT c FROM sbtest4 WHERE id IN ( 8054966, 7116764, 8074557, 6645870, 3183640, 4089644, 7951852, 4773750, 9311170, 3405662)
	Index Scan using sbtest4_pkey on sbtest4  (cost=0.43..83.31 rows=10 width=121)
	  Index Cond: (id = ANY ('{8054966,7116764,8074557,6645870,3183640,4089644,7951852,4773750,9311170,3405662}'::integer[]))

table 5 : explain SELECT c FROM sbtest5 WHERE id IN ( 8054966, 7116764, 8074557, 6645870, 3183640, 4089644, 7951852, 4773750, 9311170, 3405662)
	Index Scan using sbtest5_pkey on sbtest5  (cost=0.43..83.55 rows=10 width=121)
	  Index Cond: (id = ANY ('{8054966,7116764,8074557,6645870,3183640,4089644,7951852,4773750,9311170,3405662}'::integer[]))

table 6 : explain SELECT c FROM sbtest6 WHERE id IN ( 8054966, 7116764, 8074557, 6645870, 3183640, 4089644, 7951852, 4773750, 9311170, 3405662)
	Index Scan using sbtest6_pkey on sbtest6  (cost=0.43..83.51 rows=10 width=121)
	  Index Cond: (id = ANY ('{8054966,7116764,8074557,6645870,3183640,4089644,7951852,4773750,9311170,3405662}'::integer[]))

table 7 : explain SELECT c FROM sbtest7 WHERE id IN ( 8054966, 7116764, 8074557, 6645870, 3183640, 4089644, 7951852, 4773750, 9311170, 3405662)
	Index Scan using sbtest7_pkey on sbtest7  (cost=0.43..83.43 rows=10 width=121)
	  Index Cond: (id = ANY ('{8054966,7116764,8074557,6645870,3183640,4089644,7951852,4773750,9311170,3405662}'::integer[]))

table 8 : explain SELECT c FROM sbtest8 WHERE id IN ( 8054966, 7116764, 8074557, 6645870, 3183640, 4089644, 7951852, 4773750, 9311170, 3405662)
	Index Scan using sbtest8_pkey on sbtest8  (cost=0.43..83.47 rows=10 width=121)
	  Index Cond: (id = ANY ('{8054966,7116764,8074557,6645870,3183640,4089644,7951852,4773750,9311170,3405662}'::integer[]))

for select-inlist
table 1 : explain SELECT c FROM sbtest1 WHERE id IN ( 7965041, 6593375, 7550461, 608855, 904278, 56470, 3957105, 2774234, 3506754, 5605628)
	Index Scan using sbtest1_pkey on sbtest1  (cost=0.43..83.61 rows=10 width=121)
	  Index Cond: (id = ANY ('{7965041,6593375,7550461,608855,904278,56470,3957105,2774234,3506754,5605628}'::integer[]))

table 2 : explain SELECT c FROM sbtest2 WHERE id IN ( 7965041, 6593375, 7550461, 608855, 904278, 56470, 3957105, 2774234, 3506754, 5605628)
	Index Scan using sbtest2_pkey on sbtest2  (cost=0.43..83.62 rows=10 width=121)
	  Index Cond: (id = ANY ('{7965041,6593375,7550461,608855,904278,56470,3957105,2774234,3506754,5605628}'::integer[]))

table 3 : explain SELECT c FROM sbtest3 WHERE id IN ( 7965041, 6593375, 7550461, 608855, 904278, 56470, 3957105, 2774234, 3506754, 5605628)
	Index Scan using sbtest3_pkey on sbtest3  (cost=0.43..83.50 rows=10 width=121)
	  Index Cond: (id = ANY ('{7965041,6593375,7550461,608855,904278,56470,3957105,2774234,3506754,5605628}'::integer[]))

table 4 : explain SELECT c FROM sbtest4 WHERE id IN ( 7965041, 6593375, 7550461, 608855, 904278, 56470, 3957105, 2774234, 3506754, 5605628)
	Index Scan using sbtest4_pkey on sbtest4  (cost=0.43..83.31 rows=10 width=121)
	  Index Cond: (id = ANY ('{7965041,6593375,7550461,608855,904278,56470,3957105,2774234,3506754,5605628}'::integer[]))

table 5 : explain SELECT c FROM sbtest5 WHERE id IN ( 7965041, 6593375, 7550461, 608855, 904278, 56470, 3957105, 2774234, 3506754, 5605628)
	Index Scan using sbtest5_pkey on sbtest5  (cost=0.43..83.55 rows=10 width=121)
	  Index Cond: (id = ANY ('{7965041,6593375,7550461,608855,904278,56470,3957105,2774234,3506754,5605628}'::integer[]))

table 6 : explain SELECT c FROM sbtest6 WHERE id IN ( 7965041, 6593375, 7550461, 608855, 904278, 56470, 3957105, 2774234, 3506754, 5605628)
	Index Scan using sbtest6_pkey on sbtest6  (cost=0.43..83.51 rows=10 width=121)
	  Index Cond: (id = ANY ('{7965041,6593375,7550461,608855,904278,56470,3957105,2774234,3506754,5605628}'::integer[]))

table 7 : explain SELECT c FROM sbtest7 WHERE id IN ( 7965041, 6593375, 7550461, 608855, 904278, 56470, 3957105, 2774234, 3506754, 5605628)
	Index Scan using sbtest7_pkey on sbtest7  (cost=0.43..83.43 rows=10 width=121)
	  Index Cond: (id = ANY ('{7965041,6593375,7550461,608855,904278,56470,3957105,2774234,3506754,5605628}'::integer[]))

table 8 : explain SELECT c FROM sbtest8 WHERE id IN ( 7965041, 6593375, 7550461, 608855, 904278, 56470, 3957105, 2774234, 3506754, 5605628)
	Index Scan using sbtest8_pkey on sbtest8  (cost=0.43..83.47 rows=10 width=121)
	  Index Cond: (id = ANY ('{7965041,6593375,7550461,608855,904278,56470,3957105,2774234,3506754,5605628}'::integer[]))

for select-inlist
table 1 : explain SELECT c FROM sbtest1 WHERE id IN ( 386547, 2309041, 4324454, 3427462, 1556024, 7702448, 3712024, 7557989, 2068661, 1576184)
	Index Scan using sbtest1_pkey on sbtest1  (cost=0.43..83.61 rows=10 width=121)
	  Index Cond: (id = ANY ('{386547,2309041,4324454,3427462,1556024,7702448,3712024,7557989,2068661,1576184}'::integer[]))

table 2 : explain SELECT c FROM sbtest2 WHERE id IN ( 386547, 2309041, 4324454, 3427462, 1556024, 7702448, 3712024, 7557989, 2068661, 1576184)
	Index Scan using sbtest2_pkey on sbtest2  (cost=0.43..83.62 rows=10 width=121)
	  Index Cond: (id = ANY ('{386547,2309041,4324454,3427462,1556024,7702448,3712024,7557989,2068661,1576184}'::integer[]))

table 3 : explain SELECT c FROM sbtest3 WHERE id IN ( 386547, 2309041, 4324454, 3427462, 1556024, 7702448, 3712024, 7557989, 2068661, 1576184)
	Index Scan using sbtest3_pkey on sbtest3  (cost=0.43..83.50 rows=10 width=121)
	  Index Cond: (id = ANY ('{386547,2309041,4324454,3427462,1556024,7702448,3712024,7557989,2068661,1576184}'::integer[]))

table 4 : explain SELECT c FROM sbtest4 WHERE id IN ( 386547, 2309041, 4324454, 3427462, 1556024, 7702448, 3712024, 7557989, 2068661, 1576184)
	Index Scan using sbtest4_pkey on sbtest4  (cost=0.43..83.31 rows=10 width=121)
	  Index Cond: (id = ANY ('{386547,2309041,4324454,3427462,1556024,7702448,3712024,7557989,2068661,1576184}'::integer[]))

table 5 : explain SELECT c FROM sbtest5 WHERE id IN ( 386547, 2309041, 4324454, 3427462, 1556024, 7702448, 3712024, 7557989, 2068661, 1576184)
	Index Scan using sbtest5_pkey on sbtest5  (cost=0.43..83.55 rows=10 width=121)
	  Index Cond: (id = ANY ('{386547,2309041,4324454,3427462,1556024,7702448,3712024,7557989,2068661,1576184}'::integer[]))

table 6 : explain SELECT c FROM sbtest6 WHERE id IN ( 386547, 2309041, 4324454, 3427462, 1556024, 7702448, 3712024, 7557989, 2068661, 1576184)
	Index Scan using sbtest6_pkey on sbtest6  (cost=0.43..83.51 rows=10 width=121)
	  Index Cond: (id = ANY ('{386547,2309041,4324454,3427462,1556024,7702448,3712024,7557989,2068661,1576184}'::integer[]))

table 7 : explain SELECT c FROM sbtest7 WHERE id IN ( 386547, 2309041, 4324454, 3427462, 1556024, 7702448, 3712024, 7557989, 2068661, 1576184)
	Index Scan using sbtest7_pkey on sbtest7  (cost=0.43..83.43 rows=10 width=121)
	  Index Cond: (id = ANY ('{386547,2309041,4324454,3427462,1556024,7702448,3712024,7557989,2068661,1576184}'::integer[]))

table 8 : explain SELECT c FROM sbtest8 WHERE id IN ( 386547, 2309041, 4324454, 3427462, 1556024, 7702448, 3712024, 7557989, 2068661, 1576184)
	Index Scan using sbtest8_pkey on sbtest8  (cost=0.43..83.47 rows=10 width=121)
	  Index Cond: (id = ANY ('{386547,2309041,4324454,3427462,1556024,7702448,3712024,7557989,2068661,1576184}'::integer[]))

explain: for select-inlist :: explain SELECT c FROM sbtest%d WHERE id IN ( 5342482, 2795554, 573848, 7298257, 505913, 5063133, 400258, 1399281, 6207245, 5553924)
explain: for select-inlist :: explain SELECT c FROM sbtest%d WHERE id IN ( 2689861, 912923, 9814658, 4108771, 3276267, 5090330, 4842843, 7951682, 8481894, 2756783)
explain: for select-inlist :: explain SELECT c FROM sbtest%d WHERE id IN ( 7321696, 2353638, 1063285, 9404325, 9659161, 154685, 4502179, 580759, 6533991, 46674)
explain: for select-inlist :: explain SELECT c FROM sbtest%d WHERE id IN ( 4041032, 398095, 9626469, 4205203, 6227638, 398301, 1355537, 5246831, 9518289, 9278703)
for select-inlist
table 1 : explain SELECT c FROM sbtest1 WHERE id IN ( 4623472, 9339439, 8969106, 4620511, 5109158, 9895535, 6618667, 3690473, 1017734, 9858705)
	Index Scan using sbtest1_pkey on sbtest1  (cost=0.43..83.61 rows=10 width=121)
	  Index Cond: (id = ANY ('{4623472,9339439,8969106,4620511,5109158,9895535,6618667,3690473,1017734,9858705}'::integer[]))

table 2 : explain SELECT c FROM sbtest2 WHERE id IN ( 4623472, 9339439, 8969106, 4620511, 5109158, 9895535, 6618667, 3690473, 1017734, 9858705)
	Index Scan using sbtest2_pkey on sbtest2  (cost=0.43..83.62 rows=10 width=121)
	  Index Cond: (id = ANY ('{4623472,9339439,8969106,4620511,5109158,9895535,6618667,3690473,1017734,9858705}'::integer[]))

table 3 : explain SELECT c FROM sbtest3 WHERE id IN ( 4623472, 9339439, 8969106, 4620511, 5109158, 9895535, 6618667, 3690473, 1017734, 9858705)
	Index Scan using sbtest3_pkey on sbtest3  (cost=0.43..83.50 rows=10 width=121)
	  Index Cond: (id = ANY ('{4623472,9339439,8969106,4620511,5109158,9895535,6618667,3690473,1017734,9858705}'::integer[]))

table 4 : explain SELECT c FROM sbtest4 WHERE id IN ( 4623472, 9339439, 8969106, 4620511, 5109158, 9895535, 6618667, 3690473, 1017734, 9858705)
	Index Scan using sbtest4_pkey on sbtest4  (cost=0.43..83.31 rows=10 width=121)
	  Index Cond: (id = ANY ('{4623472,9339439,8969106,4620511,5109158,9895535,6618667,3690473,1017734,9858705}'::integer[]))

table 5 : explain SELECT c FROM sbtest5 WHERE id IN ( 4623472, 9339439, 8969106, 4620511, 5109158, 9895535, 6618667, 3690473, 1017734, 9858705)
	Index Scan using sbtest5_pkey on sbtest5  (cost=0.43..83.55 rows=10 width=121)
	  Index Cond: (id = ANY ('{4623472,9339439,8969106,4620511,5109158,9895535,6618667,3690473,1017734,9858705}'::integer[]))

table 6 : explain SELECT c FROM sbtest6 WHERE id IN ( 4623472, 9339439, 8969106, 4620511, 5109158, 9895535, 6618667, 3690473, 1017734, 9858705)
	Index Scan using sbtest6_pkey on sbtest6  (cost=0.43..83.51 rows=10 width=121)
	  Index Cond: (id = ANY ('{4623472,9339439,8969106,4620511,5109158,9895535,6618667,3690473,1017734,9858705}'::integer[]))

table 7 : explain SELECT c FROM sbtest7 WHERE id IN ( 4623472, 9339439, 8969106, 4620511, 5109158, 9895535, 6618667, 3690473, 1017734, 9858705)
	Index Scan using sbtest7_pkey on sbtest7  (cost=0.43..83.43 rows=10 width=121)
	  Index Cond: (id = ANY ('{4623472,9339439,8969106,4620511,5109158,9895535,6618667,3690473,1017734,9858705}'::integer[]))

table 8 : explain SELECT c FROM sbtest8 WHERE id IN ( 4623472, 9339439, 8969106, 4620511, 5109158, 9895535, 6618667, 3690473, 1017734, 9858705)
	Index Scan using sbtest8_pkey on sbtest8  (cost=0.43..83.47 rows=10 width=121)
	  Index Cond: (id = ANY ('{4623472,9339439,8969106,4620511,5109158,9895535,6618667,3690473,1017734,9858705}'::integer[]))

for select-inlist
table 1 : explain SELECT c FROM sbtest1 WHERE id IN ( 5342482, 2795554, 573848, 7298257, 505913, 5063133, 400258, 1399281, 6207245, 5553924)
	Index Scan using sbtest1_pkey on sbtest1  (cost=0.43..83.61 rows=10 width=121)
	  Index Cond: (id = ANY ('{5342482,2795554,573848,7298257,505913,5063133,400258,1399281,6207245,5553924}'::integer[]))

table 2 : explain SELECT c FROM sbtest2 WHERE id IN ( 5342482, 2795554, 573848, 7298257, 505913, 5063133, 400258, 1399281, 6207245, 5553924)
	Index Scan using sbtest2_pkey on sbtest2  (cost=0.43..83.62 rows=10 width=121)
	  Index Cond: (id = ANY ('{5342482,2795554,573848,7298257,505913,5063133,400258,1399281,6207245,5553924}'::integer[]))

table 3 : explain SELECT c FROM sbtest3 WHERE id IN ( 5342482, 2795554, 573848, 7298257, 505913, 5063133, 400258, 1399281, 6207245, 5553924)
	Index Scan using sbtest3_pkey on sbtest3  (cost=0.43..83.50 rows=10 width=121)
	  Index Cond: (id = ANY ('{5342482,2795554,573848,7298257,505913,5063133,400258,1399281,6207245,5553924}'::integer[]))

table 4 : explain SELECT c FROM sbtest4 WHERE id IN ( 5342482, 2795554, 573848, 7298257, 505913, 5063133, 400258, 1399281, 6207245, 5553924)
	Index Scan using sbtest4_pkey on sbtest4  (cost=0.43..83.31 rows=10 width=121)
	  Index Cond: (id = ANY ('{5342482,2795554,573848,7298257,505913,5063133,400258,1399281,6207245,5553924}'::integer[]))

table 5 : explain SELECT c FROM sbtest5 WHERE id IN ( 5342482, 2795554, 573848, 7298257, 505913, 5063133, 400258, 1399281, 6207245, 5553924)
	Index Scan using sbtest5_pkey on sbtest5  (cost=0.43..83.55 rows=10 width=121)
	  Index Cond: (id = ANY ('{5342482,2795554,573848,7298257,505913,5063133,400258,1399281,6207245,5553924}'::integer[]))

table 6 : explain SELECT c FROM sbtest6 WHERE id IN ( 5342482, 2795554, 573848, 7298257, 505913, 5063133, 400258, 1399281, 6207245, 5553924)
	Index Scan using sbtest6_pkey on sbtest6  (cost=0.43..83.51 rows=10 width=121)
	  Index Cond: (id = ANY ('{5342482,2795554,573848,7298257,505913,5063133,400258,1399281,6207245,5553924}'::integer[]))

table 7 : explain SELECT c FROM sbtest7 WHERE id IN ( 5342482, 2795554, 573848, 7298257, 505913, 5063133, 400258, 1399281, 6207245, 5553924)
	Index Scan using sbtest7_pkey on sbtest7  (cost=0.43..83.43 rows=10 width=121)
	  Index Cond: (id = ANY ('{5342482,2795554,573848,7298257,505913,5063133,400258,1399281,6207245,5553924}'::integer[]))

table 8 : explain SELECT c FROM sbtest8 WHERE id IN ( 5342482, 2795554, 573848, 7298257, 505913, 5063133, 400258, 1399281, 6207245, 5553924)
	Index Scan using sbtest8_pkey on sbtest8  (cost=0.43..83.47 rows=10 width=121)
	  Index Cond: (id = ANY ('{5342482,2795554,573848,7298257,505913,5063133,400258,1399281,6207245,5553924}'::integer[]))

explain: for select-inlist :: explain SELECT c FROM sbtest%d WHERE id IN ( 9144816, 4424544, 8760198, 8388373, 1470630, 2816901, 6782653, 8849460, 8421617, 9075765)
for select-inlist
table 1 : explain SELECT c FROM sbtest1 WHERE id IN ( 2689861, 912923, 9814658, 4108771, 3276267, 5090330, 4842843, 7951682, 8481894, 2756783)
	Index Scan using sbtest1_pkey on sbtest1  (cost=0.43..83.61 rows=10 width=121)
	  Index Cond: (id = ANY ('{2689861,912923,9814658,4108771,3276267,5090330,4842843,7951682,8481894,2756783}'::integer[]))

table 2 : explain SELECT c FROM sbtest2 WHERE id IN ( 2689861, 912923, 9814658, 4108771, 3276267, 5090330, 4842843, 7951682, 8481894, 2756783)
	Index Scan using sbtest2_pkey on sbtest2  (cost=0.43..83.62 rows=10 width=121)
	  Index Cond: (id = ANY ('{2689861,912923,9814658,4108771,3276267,5090330,4842843,7951682,8481894,2756783}'::integer[]))

table 3 : explain SELECT c FROM sbtest3 WHERE id IN ( 2689861, 912923, 9814658, 4108771, 3276267, 5090330, 4842843, 7951682, 8481894, 2756783)
	Index Scan using sbtest3_pkey on sbtest3  (cost=0.43..83.50 rows=10 width=121)
	  Index Cond: (id = ANY ('{2689861,912923,9814658,4108771,3276267,5090330,4842843,7951682,8481894,2756783}'::integer[]))

table 4 : explain SELECT c FROM sbtest4 WHERE id IN ( 2689861, 912923, 9814658, 4108771, 3276267, 5090330, 4842843, 7951682, 8481894, 2756783)
	Index Scan using sbtest4_pkey on sbtest4  (cost=0.43..83.31 rows=10 width=121)
	  Index Cond: (id = ANY ('{2689861,912923,9814658,4108771,3276267,5090330,4842843,7951682,8481894,2756783}'::integer[]))

table 5 : explain SELECT c FROM sbtest5 WHERE id IN ( 2689861, 912923, 9814658, 4108771, 3276267, 5090330, 4842843, 7951682, 8481894, 2756783)
	Index Scan using sbtest5_pkey on sbtest5  (cost=0.43..83.55 rows=10 width=121)
	  Index Cond: (id = ANY ('{2689861,912923,9814658,4108771,3276267,5090330,4842843,7951682,8481894,2756783}'::integer[]))

table 6 : explain SELECT c FROM sbtest6 WHERE id IN ( 2689861, 912923, 9814658, 4108771, 3276267, 5090330, 4842843, 7951682, 8481894, 2756783)
	Index Scan using sbtest6_pkey on sbtest6  (cost=0.43..83.51 rows=10 width=121)
	  Index Cond: (id = ANY ('{2689861,912923,9814658,4108771,3276267,5090330,4842843,7951682,8481894,2756783}'::integer[]))

table 7 : explain SELECT c FROM sbtest7 WHERE id IN ( 2689861, 912923, 9814658, 4108771, 3276267, 5090330, 4842843, 7951682, 8481894, 2756783)
	Index Scan using sbtest7_pkey on sbtest7  (cost=0.43..83.43 rows=10 width=121)
	  Index Cond: (id = ANY ('{2689861,912923,9814658,4108771,3276267,5090330,4842843,7951682,8481894,2756783}'::integer[]))

table 8 : explain SELECT c FROM sbtest8 WHERE id IN ( 2689861, 912923, 9814658, 4108771, 3276267, 5090330, 4842843, 7951682, 8481894, 2756783)
	Index Scan using sbtest8_pkey on sbtest8  (cost=0.43..83.47 rows=10 width=121)
	  Index Cond: (id = ANY ('{2689861,912923,9814658,4108771,3276267,5090330,4842843,7951682,8481894,2756783}'::integer[]))

for select-inlist
table 1 : explain SELECT c FROM sbtest1 WHERE id IN ( 7321696, 2353638, 1063285, 9404325, 9659161, 154685, 4502179, 580759, 6533991, 46674)
	Index Scan using sbtest1_pkey on sbtest1  (cost=0.43..83.61 rows=10 width=121)
	  Index Cond: (id = ANY ('{7321696,2353638,1063285,9404325,9659161,154685,4502179,580759,6533991,46674}'::integer[]))

table 2 : explain SELECT c FROM sbtest2 WHERE id IN ( 7321696, 2353638, 1063285, 9404325, 9659161, 154685, 4502179, 580759, 6533991, 46674)
	Index Scan using sbtest2_pkey on sbtest2  (cost=0.43..83.62 rows=10 width=121)
	  Index Cond: (id = ANY ('{7321696,2353638,1063285,9404325,9659161,154685,4502179,580759,6533991,46674}'::integer[]))

table 3 : explain SELECT c FROM sbtest3 WHERE id IN ( 7321696, 2353638, 1063285, 9404325, 9659161, 154685, 4502179, 580759, 6533991, 46674)
	Index Scan using sbtest3_pkey on sbtest3  (cost=0.43..83.50 rows=10 width=121)
	  Index Cond: (id = ANY ('{7321696,2353638,1063285,9404325,9659161,154685,4502179,580759,6533991,46674}'::integer[]))

table 4 : explain SELECT c FROM sbtest4 WHERE id IN ( 7321696, 2353638, 1063285, 9404325, 9659161, 154685, 4502179, 580759, 6533991, 46674)
	Index Scan using sbtest4_pkey on sbtest4  (cost=0.43..83.31 rows=10 width=121)
	  Index Cond: (id = ANY ('{7321696,2353638,1063285,9404325,9659161,154685,4502179,580759,6533991,46674}'::integer[]))

table 5 : explain SELECT c FROM sbtest5 WHERE id IN ( 7321696, 2353638, 1063285, 9404325, 9659161, 154685, 4502179, 580759, 6533991, 46674)
	Index Scan using sbtest5_pkey on sbtest5  (cost=0.43..83.55 rows=10 width=121)
	  Index Cond: (id = ANY ('{7321696,2353638,1063285,9404325,9659161,154685,4502179,580759,6533991,46674}'::integer[]))

table 6 : explain SELECT c FROM sbtest6 WHERE id IN ( 7321696, 2353638, 1063285, 9404325, 9659161, 154685, 4502179, 580759, 6533991, 46674)
	Index Scan using sbtest6_pkey on sbtest6  (cost=0.43..83.51 rows=10 width=121)
	  Index Cond: (id = ANY ('{7321696,2353638,1063285,9404325,9659161,154685,4502179,580759,6533991,46674}'::integer[]))

table 7 : explain SELECT c FROM sbtest7 WHERE id IN ( 7321696, 2353638, 1063285, 9404325, 9659161, 154685, 4502179, 580759, 6533991, 46674)
	Index Scan using sbtest7_pkey on sbtest7  (cost=0.43..83.43 rows=10 width=121)
	  Index Cond: (id = ANY ('{7321696,2353638,1063285,9404325,9659161,154685,4502179,580759,6533991,46674}'::integer[]))

table 8 : explain SELECT c FROM sbtest8 WHERE id IN ( 7321696, 2353638, 1063285, 9404325, 9659161, 154685, 4502179, 580759, 6533991, 46674)
	Index Scan using sbtest8_pkey on sbtest8  (cost=0.43..83.47 rows=10 width=121)
	  Index Cond: (id = ANY ('{7321696,2353638,1063285,9404325,9659161,154685,4502179,580759,6533991,46674}'::integer[]))

explain: for select-inlist :: explain SELECT c FROM sbtest%d WHERE id IN ( 9425327, 3367601, 9054767, 3081691, 1165692, 1054153, 6871621, 436287, 1105871, 9178021)
for select-inlist
table 1 : explain SELECT c FROM sbtest1 WHERE id IN ( 4041032, 398095, 9626469, 4205203, 6227638, 398301, 1355537, 5246831, 9518289, 9278703)
	Index Scan using sbtest1_pkey on sbtest1  (cost=0.43..83.61 rows=10 width=121)
	  Index Cond: (id = ANY ('{4041032,398095,9626469,4205203,6227638,398301,1355537,5246831,9518289,9278703}'::integer[]))

table 2 : explain SELECT c FROM sbtest2 WHERE id IN ( 4041032, 398095, 9626469, 4205203, 6227638, 398301, 1355537, 5246831, 9518289, 9278703)
	Index Scan using sbtest2_pkey on sbtest2  (cost=0.43..83.62 rows=10 width=121)
	  Index Cond: (id = ANY ('{4041032,398095,9626469,4205203,6227638,398301,1355537,5246831,9518289,9278703}'::integer[]))

table 3 : explain SELECT c FROM sbtest3 WHERE id IN ( 4041032, 398095, 9626469, 4205203, 6227638, 398301, 1355537, 5246831, 9518289, 9278703)
	Index Scan using sbtest3_pkey on sbtest3  (cost=0.43..83.50 rows=10 width=121)
	  Index Cond: (id = ANY ('{4041032,398095,9626469,4205203,6227638,398301,1355537,5246831,9518289,9278703}'::integer[]))

table 4 : explain SELECT c FROM sbtest4 WHERE id IN ( 4041032, 398095, 9626469, 4205203, 6227638, 398301, 1355537, 5246831, 9518289, 9278703)
	Index Scan using sbtest4_pkey on sbtest4  (cost=0.43..83.31 rows=10 width=121)
	  Index Cond: (id = ANY ('{4041032,398095,9626469,4205203,6227638,398301,1355537,5246831,9518289,9278703}'::integer[]))

table 5 : explain SELECT c FROM sbtest5 WHERE id IN ( 4041032, 398095, 9626469, 4205203, 6227638, 398301, 1355537, 5246831, 9518289, 9278703)
	Index Scan using sbtest5_pkey on sbtest5  (cost=0.43..83.55 rows=10 width=121)
	  Index Cond: (id = ANY ('{4041032,398095,9626469,4205203,6227638,398301,1355537,5246831,9518289,9278703}'::integer[]))

table 6 : explain SELECT c FROM sbtest6 WHERE id IN ( 4041032, 398095, 9626469, 4205203, 6227638, 398301, 1355537, 5246831, 9518289, 9278703)
	Index Scan using sbtest6_pkey on sbtest6  (cost=0.43..83.51 rows=10 width=121)
	  Index Cond: (id = ANY ('{4041032,398095,9626469,4205203,6227638,398301,1355537,5246831,9518289,9278703}'::integer[]))

table 7 : explain SELECT c FROM sbtest7 WHERE id IN ( 4041032, 398095, 9626469, 4205203, 6227638, 398301, 1355537, 5246831, 9518289, 9278703)
	Index Scan using sbtest7_pkey on sbtest7  (cost=0.43..83.43 rows=10 width=121)
	  Index Cond: (id = ANY ('{4041032,398095,9626469,4205203,6227638,398301,1355537,5246831,9518289,9278703}'::integer[]))

table 8 : explain SELECT c FROM sbtest8 WHERE id IN ( 4041032, 398095, 9626469, 4205203, 6227638, 398301, 1355537, 5246831, 9518289, 9278703)
	Index Scan using sbtest8_pkey on sbtest8  (cost=0.43..83.47 rows=10 width=121)
	  Index Cond: (id = ANY ('{4041032,398095,9626469,4205203,6227638,398301,1355537,5246831,9518289,9278703}'::integer[]))

explain: for select-inlist :: explain SELECT c FROM sbtest%d WHERE id IN ( 923513, 1688701, 3377571, 6951632, 1478647, 7439630, 2129258, 243515, 4863311, 2922762)
for select-inlist
table 1 : explain SELECT c FROM sbtest1 WHERE id IN ( 9144816, 4424544, 8760198, 8388373, 1470630, 2816901, 6782653, 8849460, 8421617, 9075765)
	Index Scan using sbtest1_pkey on sbtest1  (cost=0.43..83.61 rows=10 width=121)
	  Index Cond: (id = ANY ('{9144816,4424544,8760198,8388373,1470630,2816901,6782653,8849460,8421617,9075765}'::integer[]))

table 2 : explain SELECT c FROM sbtest2 WHERE id IN ( 9144816, 4424544, 8760198, 8388373, 1470630, 2816901, 6782653, 8849460, 8421617, 9075765)
	Index Scan using sbtest2_pkey on sbtest2  (cost=0.43..83.62 rows=10 width=121)
	  Index Cond: (id = ANY ('{9144816,4424544,8760198,8388373,1470630,2816901,6782653,8849460,8421617,9075765}'::integer[]))

table 3 : explain SELECT c FROM sbtest3 WHERE id IN ( 9144816, 4424544, 8760198, 8388373, 1470630, 2816901, 6782653, 8849460, 8421617, 9075765)
	Index Scan using sbtest3_pkey on sbtest3  (cost=0.43..83.50 rows=10 width=121)
	  Index Cond: (id = ANY ('{9144816,4424544,8760198,8388373,1470630,2816901,6782653,8849460,8421617,9075765}'::integer[]))

table 4 : explain SELECT c FROM sbtest4 WHERE id IN ( 9144816, 4424544, 8760198, 8388373, 1470630, 2816901, 6782653, 8849460, 8421617, 9075765)
	Index Scan using sbtest4_pkey on sbtest4  (cost=0.43..83.31 rows=10 width=121)
	  Index Cond: (id = ANY ('{9144816,4424544,8760198,8388373,1470630,2816901,6782653,8849460,8421617,9075765}'::integer[]))

table 5 : explain SELECT c FROM sbtest5 WHERE id IN ( 9144816, 4424544, 8760198, 8388373, 1470630, 2816901, 6782653, 8849460, 8421617, 9075765)
	Index Scan using sbtest5_pkey on sbtest5  (cost=0.43..83.55 rows=10 width=121)
	  Index Cond: (id = ANY ('{9144816,4424544,8760198,8388373,1470630,2816901,6782653,8849460,8421617,9075765}'::integer[]))

table 6 : explain SELECT c FROM sbtest6 WHERE id IN ( 9144816, 4424544, 8760198, 8388373, 1470630, 2816901, 6782653, 8849460, 8421617, 9075765)
	Index Scan using sbtest6_pkey on sbtest6  (cost=0.43..83.51 rows=10 width=121)
	  Index Cond: (id = ANY ('{9144816,4424544,8760198,8388373,1470630,2816901,6782653,8849460,8421617,9075765}'::integer[]))

table 7 : explain SELECT c FROM sbtest7 WHERE id IN ( 9144816, 4424544, 8760198, 8388373, 1470630, 2816901, 6782653, 8849460, 8421617, 9075765)
	Index Scan using sbtest7_pkey on sbtest7  (cost=0.43..83.43 rows=10 width=121)
	  Index Cond: (id = ANY ('{9144816,4424544,8760198,8388373,1470630,2816901,6782653,8849460,8421617,9075765}'::integer[]))

table 8 : explain SELECT c FROM sbtest8 WHERE id IN ( 9144816, 4424544, 8760198, 8388373, 1470630, 2816901, 6782653, 8849460, 8421617, 9075765)
	Index Scan using sbtest8_pkey on sbtest8  (cost=0.43..83.47 rows=10 width=121)
	  Index Cond: (id = ANY ('{9144816,4424544,8760198,8388373,1470630,2816901,6782653,8849460,8421617,9075765}'::integer[]))

explain: for select-inlist :: explain SELECT c FROM sbtest%d WHERE id IN ( 3770494, 2791749, 4377416, 1354497, 4618247, 546092, 3630367, 7017606, 3068775, 8253631)
for select-inlist
table 1 : explain SELECT c FROM sbtest1 WHERE id IN ( 9425327, 3367601, 9054767, 3081691, 1165692, 1054153, 6871621, 436287, 1105871, 9178021)
	Index Scan using sbtest1_pkey on sbtest1  (cost=0.43..83.61 rows=10 width=121)
	  Index Cond: (id = ANY ('{9425327,3367601,9054767,3081691,1165692,1054153,6871621,436287,1105871,9178021}'::integer[]))

table 2 : explain SELECT c FROM sbtest2 WHERE id IN ( 9425327, 3367601, 9054767, 3081691, 1165692, 1054153, 6871621, 436287, 1105871, 9178021)
	Index Scan using sbtest2_pkey on sbtest2  (cost=0.43..83.62 rows=10 width=121)
	  Index Cond: (id = ANY ('{9425327,3367601,9054767,3081691,1165692,1054153,6871621,436287,1105871,9178021}'::integer[]))

table 3 : explain SELECT c FROM sbtest3 WHERE id IN ( 9425327, 3367601, 9054767, 3081691, 1165692, 1054153, 6871621, 436287, 1105871, 9178021)
	Index Scan using sbtest3_pkey on sbtest3  (cost=0.43..83.50 rows=10 width=121)
	  Index Cond: (id = ANY ('{9425327,3367601,9054767,3081691,1165692,1054153,6871621,436287,1105871,9178021}'::integer[]))

table 4 : explain SELECT c FROM sbtest4 WHERE id IN ( 9425327, 3367601, 9054767, 3081691, 1165692, 1054153, 6871621, 436287, 1105871, 9178021)
	Index Scan using sbtest4_pkey on sbtest4  (cost=0.43..83.31 rows=10 width=121)
	  Index Cond: (id = ANY ('{9425327,3367601,9054767,3081691,1165692,1054153,6871621,436287,1105871,9178021}'::integer[]))

table 5 : explain SELECT c FROM sbtest5 WHERE id IN ( 9425327, 3367601, 9054767, 3081691, 1165692, 1054153, 6871621, 436287, 1105871, 9178021)
	Index Scan using sbtest5_pkey on sbtest5  (cost=0.43..83.55 rows=10 width=121)
	  Index Cond: (id = ANY ('{9425327,3367601,9054767,3081691,1165692,1054153,6871621,436287,1105871,9178021}'::integer[]))

table 6 : explain SELECT c FROM sbtest6 WHERE id IN ( 9425327, 3367601, 9054767, 3081691, 1165692, 1054153, 6871621, 436287, 1105871, 9178021)
	Index Scan using sbtest6_pkey on sbtest6  (cost=0.43..83.51 rows=10 width=121)
	  Index Cond: (id = ANY ('{9425327,3367601,9054767,3081691,1165692,1054153,6871621,436287,1105871,9178021}'::integer[]))

table 7 : explain SELECT c FROM sbtest7 WHERE id IN ( 9425327, 3367601, 9054767, 3081691, 1165692, 1054153, 6871621, 436287, 1105871, 9178021)
	Index Scan using sbtest7_pkey on sbtest7  (cost=0.43..83.43 rows=10 width=121)
	  Index Cond: (id = ANY ('{9425327,3367601,9054767,3081691,1165692,1054153,6871621,436287,1105871,9178021}'::integer[]))

table 8 : explain SELECT c FROM sbtest8 WHERE id IN ( 9425327, 3367601, 9054767, 3081691, 1165692, 1054153, 6871621, 436287, 1105871, 9178021)
	Index Scan using sbtest8_pkey on sbtest8  (cost=0.43..83.47 rows=10 width=121)
	  Index Cond: (id = ANY ('{9425327,3367601,9054767,3081691,1165692,1054153,6871621,436287,1105871,9178021}'::integer[]))

for select-inlist
table 1 : explain SELECT c FROM sbtest1 WHERE id IN ( 923513, 1688701, 3377571, 6951632, 1478647, 7439630, 2129258, 243515, 4863311, 2922762)
	Index Scan using sbtest1_pkey on sbtest1  (cost=0.43..83.61 rows=10 width=121)
	  Index Cond: (id = ANY ('{923513,1688701,3377571,6951632,1478647,7439630,2129258,243515,4863311,2922762}'::integer[]))

table 2 : explain SELECT c FROM sbtest2 WHERE id IN ( 923513, 1688701, 3377571, 6951632, 1478647, 7439630, 2129258, 243515, 4863311, 2922762)
	Index Scan using sbtest2_pkey on sbtest2  (cost=0.43..83.62 rows=10 width=121)
	  Index Cond: (id = ANY ('{923513,1688701,3377571,6951632,1478647,7439630,2129258,243515,4863311,2922762}'::integer[]))

table 3 : explain SELECT c FROM sbtest3 WHERE id IN ( 923513, 1688701, 3377571, 6951632, 1478647, 7439630, 2129258, 243515, 4863311, 2922762)
	Index Scan using sbtest3_pkey on sbtest3  (cost=0.43..83.50 rows=10 width=121)
	  Index Cond: (id = ANY ('{923513,1688701,3377571,6951632,1478647,7439630,2129258,243515,4863311,2922762}'::integer[]))

table 4 : explain SELECT c FROM sbtest4 WHERE id IN ( 923513, 1688701, 3377571, 6951632, 1478647, 7439630, 2129258, 243515, 4863311, 2922762)
	Index Scan using sbtest4_pkey on sbtest4  (cost=0.43..83.31 rows=10 width=121)
	  Index Cond: (id = ANY ('{923513,1688701,3377571,6951632,1478647,7439630,2129258,243515,4863311,2922762}'::integer[]))

table 5 : explain SELECT c FROM sbtest5 WHERE id IN ( 923513, 1688701, 3377571, 6951632, 1478647, 7439630, 2129258, 243515, 4863311, 2922762)
	Index Scan using sbtest5_pkey on sbtest5  (cost=0.43..83.55 rows=10 width=121)
	  Index Cond: (id = ANY ('{923513,1688701,3377571,6951632,1478647,7439630,2129258,243515,4863311,2922762}'::integer[]))

table 6 : explain SELECT c FROM sbtest6 WHERE id IN ( 923513, 1688701, 3377571, 6951632, 1478647, 7439630, 2129258, 243515, 4863311, 2922762)
	Index Scan using sbtest6_pkey on sbtest6  (cost=0.43..83.51 rows=10 width=121)
	  Index Cond: (id = ANY ('{923513,1688701,3377571,6951632,1478647,7439630,2129258,243515,4863311,2922762}'::integer[]))

table 7 : explain SELECT c FROM sbtest7 WHERE id IN ( 923513, 1688701, 3377571, 6951632, 1478647, 7439630, 2129258, 243515, 4863311, 2922762)
	Index Scan using sbtest7_pkey on sbtest7  (cost=0.43..83.43 rows=10 width=121)
	  Index Cond: (id = ANY ('{923513,1688701,3377571,6951632,1478647,7439630,2129258,243515,4863311,2922762}'::integer[]))

table 8 : explain SELECT c FROM sbtest8 WHERE id IN ( 923513, 1688701, 3377571, 6951632, 1478647, 7439630, 2129258, 243515, 4863311, 2922762)
	Index Scan using sbtest8_pkey on sbtest8  (cost=0.43..83.47 rows=10 width=121)
	  Index Cond: (id = ANY ('{923513,1688701,3377571,6951632,1478647,7439630,2129258,243515,4863311,2922762}'::integer[]))

explain: for select-inlist :: explain SELECT c FROM sbtest%d WHERE id IN ( 5476431, 4942823, 2217361, 6895046, 364105, 1536971, 4290491, 8448178, 7872750, 491864)
for select-inlist
table 1 : explain SELECT c FROM sbtest1 WHERE id IN ( 3770494, 2791749, 4377416, 1354497, 4618247, 546092, 3630367, 7017606, 3068775, 8253631)
	Index Scan using sbtest1_pkey on sbtest1  (cost=0.43..83.61 rows=10 width=121)
	  Index Cond: (id = ANY ('{3770494,2791749,4377416,1354497,4618247,546092,3630367,7017606,3068775,8253631}'::integer[]))

table 2 : explain SELECT c FROM sbtest2 WHERE id IN ( 3770494, 2791749, 4377416, 1354497, 4618247, 546092, 3630367, 7017606, 3068775, 8253631)
	Index Scan using sbtest2_pkey on sbtest2  (cost=0.43..83.62 rows=10 width=121)
	  Index Cond: (id = ANY ('{3770494,2791749,4377416,1354497,4618247,546092,3630367,7017606,3068775,8253631}'::integer[]))

table 3 : explain SELECT c FROM sbtest3 WHERE id IN ( 3770494, 2791749, 4377416, 1354497, 4618247, 546092, 3630367, 7017606, 3068775, 8253631)
	Index Scan using sbtest3_pkey on sbtest3  (cost=0.43..83.50 rows=10 width=121)
	  Index Cond: (id = ANY ('{3770494,2791749,4377416,1354497,4618247,546092,3630367,7017606,3068775,8253631}'::integer[]))

table 4 : explain SELECT c FROM sbtest4 WHERE id IN ( 3770494, 2791749, 4377416, 1354497, 4618247, 546092, 3630367, 7017606, 3068775, 8253631)
	Index Scan using sbtest4_pkey on sbtest4  (cost=0.43..83.31 rows=10 width=121)
	  Index Cond: (id = ANY ('{3770494,2791749,4377416,1354497,4618247,546092,3630367,7017606,3068775,8253631}'::integer[]))

table 5 : explain SELECT c FROM sbtest5 WHERE id IN ( 3770494, 2791749, 4377416, 1354497, 4618247, 546092, 3630367, 7017606, 3068775, 8253631)
	Index Scan using sbtest5_pkey on sbtest5  (cost=0.43..83.55 rows=10 width=121)
	  Index Cond: (id = ANY ('{3770494,2791749,4377416,1354497,4618247,546092,3630367,7017606,3068775,8253631}'::integer[]))

table 6 : explain SELECT c FROM sbtest6 WHERE id IN ( 3770494, 2791749, 4377416, 1354497, 4618247, 546092, 3630367, 7017606, 3068775, 8253631)
	Index Scan using sbtest6_pkey on sbtest6  (cost=0.43..83.51 rows=10 width=121)
	  Index Cond: (id = ANY ('{3770494,2791749,4377416,1354497,4618247,546092,3630367,7017606,3068775,8253631}'::integer[]))

table 7 : explain SELECT c FROM sbtest7 WHERE id IN ( 3770494, 2791749, 4377416, 1354497, 4618247, 546092, 3630367, 7017606, 3068775, 8253631)
	Index Scan using sbtest7_pkey on sbtest7  (cost=0.43..83.43 rows=10 width=121)
	  Index Cond: (id = ANY ('{3770494,2791749,4377416,1354497,4618247,546092,3630367,7017606,3068775,8253631}'::integer[]))

table 8 : explain SELECT c FROM sbtest8 WHERE id IN ( 3770494, 2791749, 4377416, 1354497, 4618247, 546092, 3630367, 7017606, 3068775, 8253631)
	Index Scan using sbtest8_pkey on sbtest8  (cost=0.43..83.47 rows=10 width=121)
	  Index Cond: (id = ANY ('{3770494,2791749,4377416,1354497,4618247,546092,3630367,7017606,3068775,8253631}'::integer[]))

for select-inlist
table 1 : explain SELECT c FROM sbtest1 WHERE id IN ( 5476431, 4942823, 2217361, 6895046, 364105, 1536971, 4290491, 8448178, 7872750, 491864)
	Index Scan using sbtest1_pkey on sbtest1  (cost=0.43..83.61 rows=10 width=121)
	  Index Cond: (id = ANY ('{5476431,4942823,2217361,6895046,364105,1536971,4290491,8448178,7872750,491864}'::integer[]))

table 2 : explain SELECT c FROM sbtest2 WHERE id IN ( 5476431, 4942823, 2217361, 6895046, 364105, 1536971, 4290491, 8448178, 7872750, 491864)
	Index Scan using sbtest2_pkey on sbtest2  (cost=0.43..83.62 rows=10 width=121)
	  Index Cond: (id = ANY ('{5476431,4942823,2217361,6895046,364105,1536971,4290491,8448178,7872750,491864}'::integer[]))

table 3 : explain SELECT c FROM sbtest3 WHERE id IN ( 5476431, 4942823, 2217361, 6895046, 364105, 1536971, 4290491, 8448178, 7872750, 491864)
	Index Scan using sbtest3_pkey on sbtest3  (cost=0.43..83.50 rows=10 width=121)
	  Index Cond: (id = ANY ('{5476431,4942823,2217361,6895046,364105,1536971,4290491,8448178,7872750,491864}'::integer[]))

table 4 : explain SELECT c FROM sbtest4 WHERE id IN ( 5476431, 4942823, 2217361, 6895046, 364105, 1536971, 4290491, 8448178, 7872750, 491864)
	Index Scan using sbtest4_pkey on sbtest4  (cost=0.43..83.31 rows=10 width=121)
	  Index Cond: (id = ANY ('{5476431,4942823,2217361,6895046,364105,1536971,4290491,8448178,7872750,491864}'::integer[]))

table 5 : explain SELECT c FROM sbtest5 WHERE id IN ( 5476431, 4942823, 2217361, 6895046, 364105, 1536971, 4290491, 8448178, 7872750, 491864)
	Index Scan using sbtest5_pkey on sbtest5  (cost=0.43..83.55 rows=10 width=121)
	  Index Cond: (id = ANY ('{5476431,4942823,2217361,6895046,364105,1536971,4290491,8448178,7872750,491864}'::integer[]))

table 6 : explain SELECT c FROM sbtest6 WHERE id IN ( 5476431, 4942823, 2217361, 6895046, 364105, 1536971, 4290491, 8448178, 7872750, 491864)
	Index Scan using sbtest6_pkey on sbtest6  (cost=0.43..83.51 rows=10 width=121)
	  Index Cond: (id = ANY ('{5476431,4942823,2217361,6895046,364105,1536971,4290491,8448178,7872750,491864}'::integer[]))

table 7 : explain SELECT c FROM sbtest7 WHERE id IN ( 5476431, 4942823, 2217361, 6895046, 364105, 1536971, 4290491, 8448178, 7872750, 491864)
	Index Scan using sbtest7_pkey on sbtest7  (cost=0.43..83.43 rows=10 width=121)
	  Index Cond: (id = ANY ('{5476431,4942823,2217361,6895046,364105,1536971,4290491,8448178,7872750,491864}'::integer[]))

table 8 : explain SELECT c FROM sbtest8 WHERE id IN ( 5476431, 4942823, 2217361, 6895046, 364105, 1536971, 4290491, 8448178, 7872750, 491864)
	Index Scan using sbtest8_pkey on sbtest8  (cost=0.43..83.47 rows=10 width=121)
	  Index Cond: (id = ANY ('{5476431,4942823,2217361,6895046,364105,1536971,4290491,8448178,7872750,491864}'::integer[]))

explain: for select-inlist :: explain SELECT c FROM sbtest%d WHERE id IN ( 7328792, 7017138, 2161979, 8943884, 8740099, 2887382, 4605321, 3024753, 5901673, 3643374)
explain: for select-inlist :: explain SELECT c FROM sbtest%d WHERE id IN ( 6637427, 3596022, 7037160, 1853588, 9040700, 9253247, 1065715, 5133889, 1905394, 4042548)
for select-inlist
table 1 : explain SELECT c FROM sbtest1 WHERE id IN ( 7328792, 7017138, 2161979, 8943884, 8740099, 2887382, 4605321, 3024753, 5901673, 3643374)
	Index Scan using sbtest1_pkey on sbtest1  (cost=0.43..83.61 rows=10 width=121)
	  Index Cond: (id = ANY ('{7328792,7017138,2161979,8943884,8740099,2887382,4605321,3024753,5901673,3643374}'::integer[]))

table 2 : explain SELECT c FROM sbtest2 WHERE id IN ( 7328792, 7017138, 2161979, 8943884, 8740099, 2887382, 4605321, 3024753, 5901673, 3643374)
	Index Scan using sbtest2_pkey on sbtest2  (cost=0.43..83.62 rows=10 width=121)
	  Index Cond: (id = ANY ('{7328792,7017138,2161979,8943884,8740099,2887382,4605321,3024753,5901673,3643374}'::integer[]))

table 3 : explain SELECT c FROM sbtest3 WHERE id IN ( 7328792, 7017138, 2161979, 8943884, 8740099, 2887382, 4605321, 3024753, 5901673, 3643374)
	Index Scan using sbtest3_pkey on sbtest3  (cost=0.43..83.50 rows=10 width=121)
	  Index Cond: (id = ANY ('{7328792,7017138,2161979,8943884,8740099,2887382,4605321,3024753,5901673,3643374}'::integer[]))

table 4 : explain SELECT c FROM sbtest4 WHERE id IN ( 7328792, 7017138, 2161979, 8943884, 8740099, 2887382, 4605321, 3024753, 5901673, 3643374)
	Index Scan using sbtest4_pkey on sbtest4  (cost=0.43..83.31 rows=10 width=121)
	  Index Cond: (id = ANY ('{7328792,7017138,2161979,8943884,8740099,2887382,4605321,3024753,5901673,3643374}'::integer[]))

table 5 : explain SELECT c FROM sbtest5 WHERE id IN ( 7328792, 7017138, 2161979, 8943884, 8740099, 2887382, 4605321, 3024753, 5901673, 3643374)
	Index Scan using sbtest5_pkey on sbtest5  (cost=0.43..83.55 rows=10 width=121)
	  Index Cond: (id = ANY ('{7328792,7017138,2161979,8943884,8740099,2887382,4605321,3024753,5901673,3643374}'::integer[]))

table 6 : explain SELECT c FROM sbtest6 WHERE id IN ( 7328792, 7017138, 2161979, 8943884, 8740099, 2887382, 4605321, 3024753, 5901673, 3643374)
	Index Scan using sbtest6_pkey on sbtest6  (cost=0.43..83.51 rows=10 width=121)
	  Index Cond: (id = ANY ('{7328792,7017138,2161979,8943884,8740099,2887382,4605321,3024753,5901673,3643374}'::integer[]))

table 7 : explain SELECT c FROM sbtest7 WHERE id IN ( 7328792, 7017138, 2161979, 8943884, 8740099, 2887382, 4605321, 3024753, 5901673, 3643374)
	Index Scan using sbtest7_pkey on sbtest7  (cost=0.43..83.43 rows=10 width=121)
	  Index Cond: (id = ANY ('{7328792,7017138,2161979,8943884,8740099,2887382,4605321,3024753,5901673,3643374}'::integer[]))

table 8 : explain SELECT c FROM sbtest8 WHERE id IN ( 7328792, 7017138, 2161979, 8943884, 8740099, 2887382, 4605321, 3024753, 5901673, 3643374)
	Index Scan using sbtest8_pkey on sbtest8  (cost=0.43..83.47 rows=10 width=121)
	  Index Cond: (id = ANY ('{7328792,7017138,2161979,8943884,8740099,2887382,4605321,3024753,5901673,3643374}'::integer[]))

explain: for select-inlist :: explain SELECT c FROM sbtest%d WHERE id IN ( 1648234, 9224922, 6778023, 4629706, 4905198, 1712005, 9402156, 8103841, 9012372, 4717825)
for select-inlist
table 1 : explain SELECT c FROM sbtest1 WHERE id IN ( 6637427, 3596022, 7037160, 1853588, 9040700, 9253247, 1065715, 5133889, 1905394, 4042548)
	Index Scan using sbtest1_pkey on sbtest1  (cost=0.43..83.61 rows=10 width=121)
	  Index Cond: (id = ANY ('{6637427,3596022,7037160,1853588,9040700,9253247,1065715,5133889,1905394,4042548}'::integer[]))

table 2 : explain SELECT c FROM sbtest2 WHERE id IN ( 6637427, 3596022, 7037160, 1853588, 9040700, 9253247, 1065715, 5133889, 1905394, 4042548)
	Index Scan using sbtest2_pkey on sbtest2  (cost=0.43..83.62 rows=10 width=121)
	  Index Cond: (id = ANY ('{6637427,3596022,7037160,1853588,9040700,9253247,1065715,5133889,1905394,4042548}'::integer[]))

table 3 : explain SELECT c FROM sbtest3 WHERE id IN ( 6637427, 3596022, 7037160, 1853588, 9040700, 9253247, 1065715, 5133889, 1905394, 4042548)
	Index Scan using sbtest3_pkey on sbtest3  (cost=0.43..83.50 rows=10 width=121)
	  Index Cond: (id = ANY ('{6637427,3596022,7037160,1853588,9040700,9253247,1065715,5133889,1905394,4042548}'::integer[]))

table 4 : explain SELECT c FROM sbtest4 WHERE id IN ( 6637427, 3596022, 7037160, 1853588, 9040700, 9253247, 1065715, 5133889, 1905394, 4042548)
	Index Scan using sbtest4_pkey on sbtest4  (cost=0.43..83.31 rows=10 width=121)
	  Index Cond: (id = ANY ('{6637427,3596022,7037160,1853588,9040700,9253247,1065715,5133889,1905394,4042548}'::integer[]))

table 5 : explain SELECT c FROM sbtest5 WHERE id IN ( 6637427, 3596022, 7037160, 1853588, 9040700, 9253247, 1065715, 5133889, 1905394, 4042548)
	Index Scan using sbtest5_pkey on sbtest5  (cost=0.43..83.55 rows=10 width=121)
	  Index Cond: (id = ANY ('{6637427,3596022,7037160,1853588,9040700,9253247,1065715,5133889,1905394,4042548}'::integer[]))

table 6 : explain SELECT c FROM sbtest6 WHERE id IN ( 6637427, 3596022, 7037160, 1853588, 9040700, 9253247, 1065715, 5133889, 1905394, 4042548)
	Index Scan using sbtest6_pkey on sbtest6  (cost=0.43..83.51 rows=10 width=121)
	  Index Cond: (id = ANY ('{6637427,3596022,7037160,1853588,9040700,9253247,1065715,5133889,1905394,4042548}'::integer[]))

table 7 : explain SELECT c FROM sbtest7 WHERE id IN ( 6637427, 3596022, 7037160, 1853588, 9040700, 9253247, 1065715, 5133889, 1905394, 4042548)
	Index Scan using sbtest7_pkey on sbtest7  (cost=0.43..83.43 rows=10 width=121)
	  Index Cond: (id = ANY ('{6637427,3596022,7037160,1853588,9040700,9253247,1065715,5133889,1905394,4042548}'::integer[]))

table 8 : explain SELECT c FROM sbtest8 WHERE id IN ( 6637427, 3596022, 7037160, 1853588, 9040700, 9253247, 1065715, 5133889, 1905394, 4042548)
	Index Scan using sbtest8_pkey on sbtest8  (cost=0.43..83.47 rows=10 width=121)
	  Index Cond: (id = ANY ('{6637427,3596022,7037160,1853588,9040700,9253247,1065715,5133889,1905394,4042548}'::integer[]))

for select-inlist
table 1 : explain SELECT c FROM sbtest1 WHERE id IN ( 1648234, 9224922, 6778023, 4629706, 4905198, 1712005, 9402156, 8103841, 9012372, 4717825)
	Index Scan using sbtest1_pkey on sbtest1  (cost=0.43..83.61 rows=10 width=121)
	  Index Cond: (id = ANY ('{1648234,9224922,6778023,4629706,4905198,1712005,9402156,8103841,9012372,4717825}'::integer[]))

table 2 : explain SELECT c FROM sbtest2 WHERE id IN ( 1648234, 9224922, 6778023, 4629706, 4905198, 1712005, 9402156, 8103841, 9012372, 4717825)
	Index Scan using sbtest2_pkey on sbtest2  (cost=0.43..83.62 rows=10 width=121)
	  Index Cond: (id = ANY ('{1648234,9224922,6778023,4629706,4905198,1712005,9402156,8103841,9012372,4717825}'::integer[]))

table 3 : explain SELECT c FROM sbtest3 WHERE id IN ( 1648234, 9224922, 6778023, 4629706, 4905198, 1712005, 9402156, 8103841, 9012372, 4717825)
	Index Scan using sbtest3_pkey on sbtest3  (cost=0.43..83.50 rows=10 width=121)
	  Index Cond: (id = ANY ('{1648234,9224922,6778023,4629706,4905198,1712005,9402156,8103841,9012372,4717825}'::integer[]))

table 4 : explain SELECT c FROM sbtest4 WHERE id IN ( 1648234, 9224922, 6778023, 4629706, 4905198, 1712005, 9402156, 8103841, 9012372, 4717825)
	Index Scan using sbtest4_pkey on sbtest4  (cost=0.43..83.31 rows=10 width=121)
	  Index Cond: (id = ANY ('{1648234,9224922,6778023,4629706,4905198,1712005,9402156,8103841,9012372,4717825}'::integer[]))

table 5 : explain SELECT c FROM sbtest5 WHERE id IN ( 1648234, 9224922, 6778023, 4629706, 4905198, 1712005, 9402156, 8103841, 9012372, 4717825)
	Index Scan using sbtest5_pkey on sbtest5  (cost=0.43..83.55 rows=10 width=121)
	  Index Cond: (id = ANY ('{1648234,9224922,6778023,4629706,4905198,1712005,9402156,8103841,9012372,4717825}'::integer[]))

table 6 : explain SELECT c FROM sbtest6 WHERE id IN ( 1648234, 9224922, 6778023, 4629706, 4905198, 1712005, 9402156, 8103841, 9012372, 4717825)
	Index Scan using sbtest6_pkey on sbtest6  (cost=0.43..83.51 rows=10 width=121)
	  Index Cond: (id = ANY ('{1648234,9224922,6778023,4629706,4905198,1712005,9402156,8103841,9012372,4717825}'::integer[]))

table 7 : explain SELECT c FROM sbtest7 WHERE id IN ( 1648234, 9224922, 6778023, 4629706, 4905198, 1712005, 9402156, 8103841, 9012372, 4717825)
	Index Scan using sbtest7_pkey on sbtest7  (cost=0.43..83.43 rows=10 width=121)
	  Index Cond: (id = ANY ('{1648234,9224922,6778023,4629706,4905198,1712005,9402156,8103841,9012372,4717825}'::integer[]))

table 8 : explain SELECT c FROM sbtest8 WHERE id IN ( 1648234, 9224922, 6778023, 4629706, 4905198, 1712005, 9402156, 8103841, 9012372, 4717825)
	Index Scan using sbtest8_pkey on sbtest8  (cost=0.43..83.47 rows=10 width=121)
	  Index Cond: (id = ANY ('{1648234,9224922,6778023,4629706,4905198,1712005,9402156,8103841,9012372,4717825}'::integer[]))

Threads started!

Warming up for 5 seconds...

SQL statistics:
    queries performed:
        read:                            288589025
        write:                           0
        other:                           0
        total:                           288589025
    transactions:                        288589025 (458071.06 per sec.)
    queries:                             288589025 (458071.06 per sec.)
    ignored errors:                      0      (0.00 per sec.)
    reconnects:                          0      (0.00 per sec.)

Throughput:
    events/s (eps):                      458071.0559
    time elapsed:                        630.0094s
    total number of events:              288589025

Latency (ms):
         min:                                    0.07
         avg:                                    0.09
         max:                                   24.02
         95th percentile:                        0.09
         sum:                             25047145.16

Threads fairness:
    events (avg/stddev):           7214720.8000/38221.13
    execution time (avg/stddev):   626.1786/0.16

