LUA_PATH=/home/mdcallag/git/mytools/bench/sysbench.lua/lua/?.lua /home/mdcallag/git/mytools/bench/sysbench.lua/lua/sysbench --db-driver=pgsql --range-size=100 --table-size=10000000 --tables=8 --threads=40 --events=0 --warmup-time=5 --time=630 --pgsql_conn_id=true /home/mdcallag/git/mytools/bench/sysbench.lua/lua/oltp_range_covered.lua run --pgsql-user=root --pgsql-password=pw --pgsql-host=127.0.0.1 --pgsql-db=ib --rand-type=uniform --random-points=100 --skip-trx --on-id=false --covered=false
48 CPUs
sysbench 1.1.0-9072687 (using bundled LuaJIT 2.1.0-beta3)

Running the test with following options:
Number of threads: 40
Warmup time: 5s
Initializing random number generator from current time


Initializing worker threads...

explain: for range-notcovered :: explain SELECT k, c FROM sbtest%d WHERE k BETWEEN 4439266 AND 4439366
explain: for range-notcovered :: explain SELECT k, c FROM sbtest%d WHERE k BETWEEN 4344646 AND 4344746
explain: for range-notcovered :: explain SELECT k, c FROM sbtest%d WHERE k BETWEEN 7854149 AND 7854249
explain: for range-notcovered :: explain SELECT k, c FROM sbtest%d WHERE k BETWEEN 5386731 AND 5386831
explain: for range-notcovered :: explain SELECT k, c FROM sbtest%d WHERE k BETWEEN 4272102 AND 4272202
explain: for range-notcovered :: explain SELECT k, c FROM sbtest%d WHERE k BETWEEN 3939054 AND 3939154
explain: for range-notcovered :: explain SELECT k, c FROM sbtest%d WHERE k BETWEEN 6569687 AND 6569787
explain: for range-notcovered :: explain SELECT k, c FROM sbtest%d WHERE k BETWEEN 2565359 AND 2565459
explain: for range-notcovered :: explain SELECT k, c FROM sbtest%d WHERE k BETWEEN 9821746 AND 9821846
explain: for range-notcovered :: explain SELECT k, c FROM sbtest%d WHERE k BETWEEN 7351468 AND 7351568
explain: for range-notcovered :: explain SELECT k, c FROM sbtest%d WHERE k BETWEEN 2911271 AND 2911371
explain: for range-notcovered :: explain SELECT k, c FROM sbtest%d WHERE k BETWEEN 7365155 AND 7365255
for range-notcovered
table 1 : explain SELECT k, c FROM sbtest1 WHERE k BETWEEN 7854149 AND 7854249
	Bitmap Heap Scan on sbtest1  (cost=5.59..452.80 rows=113 width=125)
	  Recheck Cond: ((k >= 7854149) AND (k <= 7854249))
	  ->  Bitmap Index Scan on k_1  (cost=0.00..5.56 rows=113 width=0)
	        Index Cond: ((k >= 7854149) AND (k <= 7854249))

table 2 : explain SELECT k, c FROM sbtest2 WHERE k BETWEEN 7854149 AND 7854249
	Bitmap Heap Scan on sbtest2  (cost=5.49..413.52 rows=103 width=125)
	  Recheck Cond: ((k >= 7854149) AND (k <= 7854249))
	  ->  Bitmap Index Scan on k_2  (cost=0.00..5.46 rows=103 width=0)
	        Index Cond: ((k >= 7854149) AND (k <= 7854249))

table 3 : explain SELECT k, c FROM sbtest3 WHERE k BETWEEN 7854149 AND 7854249
	Bitmap Heap Scan on sbtest3  (cost=5.40..377.98 rows=94 width=125)
	  Recheck Cond: ((k >= 7854149) AND (k <= 7854249))
	  ->  Bitmap Index Scan on k_3  (cost=0.00..5.38 rows=94 width=0)
	        Index Cond: ((k >= 7854149) AND (k <= 7854249))

table 4 : explain SELECT k, c FROM sbtest4 WHERE k BETWEEN 7854149 AND 7854249
	Bitmap Heap Scan on sbtest4  (cost=5.41..382.03 rows=95 width=125)
	  Recheck Cond: ((k >= 7854149) AND (k <= 7854249))
	  ->  Bitmap Index Scan on k_4  (cost=0.00..5.38 rows=95 width=0)
	        Index Cond: ((k >= 7854149) AND (k <= 7854249))

table 5 : explain SELECT k, c FROM sbtest5 WHERE k BETWEEN 7854149 AND 7854249
	Bitmap Heap Scan on sbtest5  (cost=5.54..433.33 rows=108 width=125)
	  Recheck Cond: ((k >= 7854149) AND (k <= 7854249))
	  ->  Bitmap Index Scan on k_5  (cost=0.00..5.51 rows=108 width=0)
	        Index Cond: ((k >= 7854149) AND (k <= 7854249))

table 6 : explain SELECT k, c FROM sbtest6 WHERE k BETWEEN 7854149 AND 7854249
	Bitmap Heap Scan on sbtest6  (cost=5.50..417.56 rows=104 width=125)
	  Recheck Cond: ((k >= 7854149) AND (k <= 7854249))
	  ->  Bitmap Index Scan on k_6  (cost=0.00..5.47 rows=104 width=0)
	        Index Cond: ((k >= 7854149) AND (k <= 7854249))

table 7 : explain SELECT k, c FROM sbtest7 WHERE k BETWEEN 7854149 AND 7854249
	Bitmap Heap Scan on sbtest7  (cost=5.40..378.09 rows=94 width=125)
	  Recheck Cond: ((k >= 7854149) AND (k <= 7854249))
	  ->  Bitmap Index Scan on k_7  (cost=0.00..5.38 rows=94 width=0)
	        Index Cond: ((k >= 7854149) AND (k <= 7854249))

table 8 : explain SELECT k, c FROM sbtest8 WHERE k BETWEEN 7854149 AND 7854249
	Bitmap Heap Scan on sbtest8  (cost=5.50..417.57 rows=104 width=125)
	  Recheck Cond: ((k >= 7854149) AND (k <= 7854249))
	  ->  Bitmap Index Scan on k_8  (cost=0.00..5.47 rows=104 width=0)
	        Index Cond: ((k >= 7854149) AND (k <= 7854249))

for range-notcovered
table 1 : explain SELECT k, c FROM sbtest1 WHERE k BETWEEN 4439266 AND 4439366
	Bitmap Heap Scan on sbtest1  (cost=5.48..409.44 rows=102 width=125)
	  Recheck Cond: ((k >= 4439266) AND (k <= 4439366))
	  ->  Bitmap Index Scan on k_1  (cost=0.00..5.45 rows=102 width=0)
	        Index Cond: ((k >= 4439266) AND (k <= 4439366))

table 2 : explain SELECT k, c FROM sbtest2 WHERE k BETWEEN 4439266 AND 4439366
	Bitmap Heap Scan on sbtest2  (cost=5.46..401.69 rows=100 width=125)
	  Recheck Cond: ((k >= 4439266) AND (k <= 4439366))
	  ->  Bitmap Index Scan on k_2  (cost=0.00..5.43 rows=100 width=0)
	        Index Cond: ((k >= 4439266) AND (k <= 4439366))

table 3 : explain SELECT k, c FROM sbtest3 WHERE k BETWEEN 4439266 AND 4439366
	Bitmap Heap Scan on sbtest3  (cost=5.53..429.27 rows=107 width=125)
	  Recheck Cond: ((k >= 4439266) AND (k <= 4439366))
	  ->  Bitmap Index Scan on k_3  (cost=0.00..5.50 rows=107 width=0)
	        Index Cond: ((k >= 4439266) AND (k <= 4439366))

table 4 : explain SELECT k, c FROM sbtest4 WHERE k BETWEEN 4439266 AND 4439366
	Bitmap Heap Scan on sbtest4  (cost=5.38..370.18 rows=92 width=125)
	  Recheck Cond: ((k >= 4439266) AND (k <= 4439366))
	  ->  Bitmap Index Scan on k_4  (cost=0.00..5.35 rows=92 width=0)
	        Index Cond: ((k >= 4439266) AND (k <= 4439366))

table 5 : explain SELECT k, c FROM sbtest5 WHERE k BETWEEN 4439266 AND 4439366
	Bitmap Heap Scan on sbtest5  (cost=5.46..401.76 rows=100 width=125)
	  Recheck Cond: ((k >= 4439266) AND (k <= 4439366))
	  ->  Bitmap Index Scan on k_5  (cost=0.00..5.43 rows=100 width=0)
	        Index Cond: ((k >= 4439266) AND (k <= 4439366))

table 6 : explain SELECT k, c FROM sbtest6 WHERE k BETWEEN 4439266 AND 4439366
	Bitmap Heap Scan on sbtest6  (cost=5.58..449.12 rows=112 width=125)
	  Recheck Cond: ((k >= 4439266) AND (k <= 4439366))
	  ->  Bitmap Index Scan on k_6  (cost=0.00..5.55 rows=112 width=0)
	        Index Cond: ((k >= 4439266) AND (k <= 4439366))

table 7 : explain SELECT k, c FROM sbtest7 WHERE k BETWEEN 4439266 AND 4439366
	Bitmap Heap Scan on sbtest7  (cost=5.61..460.95 rows=115 width=125)
	  Recheck Cond: ((k >= 4439266) AND (k <= 4439366))
	  ->  Bitmap Index Scan on k_7  (cost=0.00..5.58 rows=115 width=0)
	        Index Cond: ((k >= 4439266) AND (k <= 4439366))

table 8 : explain SELECT k, c FROM sbtest8 WHERE k BETWEEN 4439266 AND 4439366
	Bitmap Heap Scan on sbtest8  (cost=5.48..409.67 rows=102 width=125)
	  Recheck Cond: ((k >= 4439266) AND (k <= 4439366))
	  ->  Bitmap Index Scan on k_8  (cost=0.00..5.45 rows=102 width=0)
	        Index Cond: ((k >= 4439266) AND (k <= 4439366))

for range-notcovered
table 1 : explain SELECT k, c FROM sbtest1 WHERE k BETWEEN 5386731 AND 5386831
	Bitmap Heap Scan on sbtest1  (cost=5.53..429.16 rows=107 width=125)
	  Recheck Cond: ((k >= 5386731) AND (k <= 5386831))
	  ->  Bitmap Index Scan on k_1  (cost=0.00..5.50 rows=107 width=0)
	        Index Cond: ((k >= 5386731) AND (k <= 5386831))

table 2 : explain SELECT k, c FROM sbtest2 WHERE k BETWEEN 5386731 AND 5386831
	Bitmap Heap Scan on sbtest2  (cost=5.44..393.79 rows=98 width=125)
	  Recheck Cond: ((k >= 5386731) AND (k <= 5386831))
	  ->  Bitmap Index Scan on k_2  (cost=0.00..5.42 rows=98 width=0)
	        Index Cond: ((k >= 5386731) AND (k <= 5386831))

table 3 : explain SELECT k, c FROM sbtest3 WHERE k BETWEEN 5386731 AND 5386831
	Bitmap Heap Scan on sbtest3  (cost=5.48..409.55 rows=102 width=125)
	  Recheck Cond: ((k >= 5386731) AND (k <= 5386831))
	  ->  Bitmap Index Scan on k_3  (cost=0.00..5.45 rows=102 width=0)
	        Index Cond: ((k >= 5386731) AND (k <= 5386831))

table 4 : explain SELECT k, c FROM sbtest4 WHERE k BETWEEN 5386731 AND 5386831
	Bitmap Heap Scan on sbtest4  (cost=5.38..370.18 rows=92 width=125)
	  Recheck Cond: ((k >= 5386731) AND (k <= 5386831))
	  ->  Bitmap Index Scan on k_4  (cost=0.00..5.35 rows=92 width=0)
	        Index Cond: ((k >= 5386731) AND (k <= 5386831))

table 5 : explain SELECT k, c FROM sbtest5 WHERE k BETWEEN 5386731 AND 5386831
	Bitmap Heap Scan on sbtest5  (cost=5.52..425.44 rows=106 width=125)
	  Recheck Cond: ((k >= 5386731) AND (k <= 5386831))
	  ->  Bitmap Index Scan on k_5  (cost=0.00..5.50 rows=106 width=0)
	        Index Cond: ((k >= 5386731) AND (k <= 5386831))

table 6 : explain SELECT k, c FROM sbtest6 WHERE k BETWEEN 5386731 AND 5386831
	Bitmap Heap Scan on sbtest6  (cost=5.51..421.51 rows=105 width=125)
	  Recheck Cond: ((k >= 5386731) AND (k <= 5386831))
	  ->  Bitmap Index Scan on k_6  (cost=0.00..5.48 rows=105 width=0)
	        Index Cond: ((k >= 5386731) AND (k <= 5386831))

table 7 : explain SELECT k, c FROM sbtest7 WHERE k BETWEEN 5386731 AND 5386831
	Bitmap Heap Scan on sbtest7  (cost=5.48..409.68 rows=102 width=125)
	  Recheck Cond: ((k >= 5386731) AND (k <= 5386831))
	  ->  Bitmap Index Scan on k_7  (cost=0.00..5.45 rows=102 width=0)
	        Index Cond: ((k >= 5386731) AND (k <= 5386831))

table 8 : explain SELECT k, c FROM sbtest8 WHERE k BETWEEN 5386731 AND 5386831
	Bitmap Heap Scan on sbtest8  (cost=5.41..382.04 rows=95 width=125)
	  Recheck Cond: ((k >= 5386731) AND (k <= 5386831))
	  ->  Bitmap Index Scan on k_8  (cost=0.00..5.38 rows=95 width=0)
	        Index Cond: ((k >= 5386731) AND (k <= 5386831))

for range-notcovered
table 1 : explain SELECT k, c FROM sbtest1 WHERE k BETWEEN 7351468 AND 7351568
	Bitmap Heap Scan on sbtest1  (cost=5.44..393.67 rows=98 width=125)
	  Recheck Cond: ((k >= 7351468) AND (k <= 7351568))
	  ->  Bitmap Index Scan on k_1  (cost=0.00..5.42 rows=98 width=0)
	        Index Cond: ((k >= 7351468) AND (k <= 7351568))

table 2 : explain SELECT k, c FROM sbtest2 WHERE k BETWEEN 7351468 AND 7351568
	Bitmap Heap Scan on sbtest2  (cost=5.39..374.05 rows=93 width=125)
	  Recheck Cond: ((k >= 7351468) AND (k <= 7351568))
	  ->  Bitmap Index Scan on k_2  (cost=0.00..5.36 rows=93 width=0)
	        Index Cond: ((k >= 7351468) AND (k <= 7351568))

table 3 : explain SELECT k, c FROM sbtest3 WHERE k BETWEEN 7351468 AND 7351568
	Bitmap Heap Scan on sbtest3  (cost=5.51..421.38 rows=105 width=125)
	  Recheck Cond: ((k >= 7351468) AND (k <= 7351568))
	  ->  Bitmap Index Scan on k_3  (cost=0.00..5.48 rows=105 width=0)
	        Index Cond: ((k >= 7351468) AND (k <= 7351568))

table 4 : explain SELECT k, c FROM sbtest4 WHERE k BETWEEN 7351468 AND 7351568
	Bitmap Heap Scan on sbtest4  (cost=5.46..401.77 rows=100 width=125)
	  Recheck Cond: ((k >= 7351468) AND (k <= 7351568))
	  ->  Bitmap Index Scan on k_4  (cost=0.00..5.43 rows=100 width=0)
	        Index Cond: ((k >= 7351468) AND (k <= 7351568))

table 5 : explain SELECT k, c FROM sbtest5 WHERE k BETWEEN 7351468 AND 7351568
	Bitmap Heap Scan on sbtest5  (cost=5.64..472.75 rows=118 width=125)
	  Recheck Cond: ((k >= 7351468) AND (k <= 7351568))
	  ->  Bitmap Index Scan on k_5  (cost=0.00..5.61 rows=118 width=0)
	        Index Cond: ((k >= 7351468) AND (k <= 7351568))

table 6 : explain SELECT k, c FROM sbtest6 WHERE k BETWEEN 7351468 AND 7351568
	Bitmap Heap Scan on sbtest6  (cost=5.61..460.95 rows=115 width=125)
	  Recheck Cond: ((k >= 7351468) AND (k <= 7351568))
	  ->  Bitmap Index Scan on k_6  (cost=0.00..5.58 rows=115 width=0)
	        Index Cond: ((k >= 7351468) AND (k <= 7351568))

table 7 : explain SELECT k, c FROM sbtest7 WHERE k BETWEEN 7351468 AND 7351568
	Bitmap Heap Scan on sbtest7  (cost=5.45..397.83 rows=99 width=125)
	  Recheck Cond: ((k >= 7351468) AND (k <= 7351568))
	  ->  Bitmap Index Scan on k_7  (cost=0.00..5.42 rows=99 width=0)
	        Index Cond: ((k >= 7351468) AND (k <= 7351568))

table 8 : explain SELECT k, c FROM sbtest8 WHERE k BETWEEN 7351468 AND 7351568
	Bitmap Heap Scan on sbtest8  (cost=5.57..445.18 rows=111 width=125)
	  Recheck Cond: ((k >= 7351468) AND (k <= 7351568))
	  ->  Bitmap Index Scan on k_8  (cost=0.00..5.54 rows=111 width=0)
	        Index Cond: ((k >= 7351468) AND (k <= 7351568))

for range-notcovered
table 1 : explain SELECT k, c FROM sbtest1 WHERE k BETWEEN 3939054 AND 3939154
	Bitmap Heap Scan on sbtest1  (cost=5.43..389.72 rows=97 width=125)
	  Recheck Cond: ((k >= 3939054) AND (k <= 3939154))
	  ->  Bitmap Index Scan on k_1  (cost=0.00..5.40 rows=97 width=0)
	        Index Cond: ((k >= 3939054) AND (k <= 3939154))

table 2 : explain SELECT k, c FROM sbtest2 WHERE k BETWEEN 3939054 AND 3939154
	Bitmap Heap Scan on sbtest2  (cost=5.43..389.85 rows=97 width=125)
	  Recheck Cond: ((k >= 3939054) AND (k <= 3939154))
	  ->  Bitmap Index Scan on k_2  (cost=0.00..5.40 rows=97 width=0)
	        Index Cond: ((k >= 3939054) AND (k <= 3939154))

table 3 : explain SELECT k, c FROM sbtest3 WHERE k BETWEEN 3939054 AND 3939154
	Bitmap Heap Scan on sbtest3  (cost=5.58..448.98 rows=112 width=125)
	  Recheck Cond: ((k >= 3939054) AND (k <= 3939154))
	  ->  Bitmap Index Scan on k_3  (cost=0.00..5.55 rows=112 width=0)
	        Index Cond: ((k >= 3939054) AND (k <= 3939154))

table 4 : explain SELECT k, c FROM sbtest4 WHERE k BETWEEN 3939054 AND 3939154
	Bitmap Heap Scan on sbtest4  (cost=5.53..429.39 rows=107 width=125)
	  Recheck Cond: ((k >= 3939054) AND (k <= 3939154))
	  ->  Bitmap Index Scan on k_4  (cost=0.00..5.50 rows=107 width=0)
	        Index Cond: ((k >= 3939054) AND (k <= 3939154))

table 5 : explain SELECT k, c FROM sbtest5 WHERE k BETWEEN 3939054 AND 3939154
	Bitmap Heap Scan on sbtest5  (cost=5.51..421.49 rows=105 width=125)
	  Recheck Cond: ((k >= 3939054) AND (k <= 3939154))
	  ->  Bitmap Index Scan on k_5  (cost=0.00..5.48 rows=105 width=0)
	        Index Cond: ((k >= 3939054) AND (k <= 3939154))

table 6 : explain SELECT k, c FROM sbtest6 WHERE k BETWEEN 3939054 AND 3939154
	Bitmap Heap Scan on sbtest6  (cost=5.50..417.56 rows=104 width=125)
	  Recheck Cond: ((k >= 3939054) AND (k <= 3939154))
	  ->  Bitmap Index Scan on k_6  (cost=0.00..5.47 rows=104 width=0)
	        Index Cond: ((k >= 3939054) AND (k <= 3939154))

table 7 : explain SELECT k, c FROM sbtest7 WHERE k BETWEEN 3939054 AND 3939154
	Bitmap Heap Scan on sbtest7  (cost=5.54..433.35 rows=108 width=125)
	  Recheck Cond: ((k >= 3939054) AND (k <= 3939154))
	  ->  Bitmap Index Scan on k_7  (cost=0.00..5.51 rows=108 width=0)
	        Index Cond: ((k >= 3939054) AND (k <= 3939154))

table 8 : explain SELECT k, c FROM sbtest8 WHERE k BETWEEN 3939054 AND 3939154
	Bitmap Heap Scan on sbtest8  (cost=5.42..385.99 rows=96 width=125)
	  Recheck Cond: ((k >= 3939054) AND (k <= 3939154))
	  ->  Bitmap Index Scan on k_8  (cost=0.00..5.39 rows=96 width=0)
	        Index Cond: ((k >= 3939054) AND (k <= 3939154))

explain: for range-notcovered :: explain SELECT k, c FROM sbtest%d WHERE k BETWEEN 4439266 AND 4439366
explain: for range-notcovered :: explain SELECT k, c FROM sbtest%d WHERE k BETWEEN 5386731 AND 5386831
explain: for range-notcovered :: explain SELECT k, c FROM sbtest%d WHERE k BETWEEN 7854149 AND 7854249
explain: for range-notcovered :: explain SELECT k, c FROM sbtest%d WHERE k BETWEEN 7351468 AND 7351568
explain: for range-notcovered :: explain SELECT k, c FROM sbtest%d WHERE k BETWEEN 3939054 AND 3939154
for range-notcovered
table 1 : explain SELECT k, c FROM sbtest1 WHERE k BETWEEN 6569687 AND 6569787
	Bitmap Heap Scan on sbtest1  (cost=5.40..377.88 rows=94 width=125)
	  Recheck Cond: ((k >= 6569687) AND (k <= 6569787))
	  ->  Bitmap Index Scan on k_1  (cost=0.00..5.38 rows=94 width=0)
	        Index Cond: ((k >= 6569687) AND (k <= 6569787))

table 2 : explain SELECT k, c FROM sbtest2 WHERE k BETWEEN 6569687 AND 6569787
	Bitmap Heap Scan on sbtest2  (cost=5.45..397.74 rows=99 width=125)
	  Recheck Cond: ((k >= 6569687) AND (k <= 6569787))
	  ->  Bitmap Index Scan on k_2  (cost=0.00..5.42 rows=99 width=0)
	        Index Cond: ((k >= 6569687) AND (k <= 6569787))

table 3 : explain SELECT k, c FROM sbtest3 WHERE k BETWEEN 6569687 AND 6569787
	Bitmap Heap Scan on sbtest3  (cost=5.49..413.49 rows=103 width=125)
	  Recheck Cond: ((k >= 6569687) AND (k <= 6569787))
	  ->  Bitmap Index Scan on k_3  (cost=0.00..5.46 rows=103 width=0)
	        Index Cond: ((k >= 6569687) AND (k <= 6569787))

table 4 : explain SELECT k, c FROM sbtest4 WHERE k BETWEEN 6569687 AND 6569787
	Bitmap Heap Scan on sbtest4  (cost=5.57..445.16 rows=111 width=125)
	  Recheck Cond: ((k >= 6569687) AND (k <= 6569787))
	  ->  Bitmap Index Scan on k_4  (cost=0.00..5.54 rows=111 width=0)
	        Index Cond: ((k >= 6569687) AND (k <= 6569787))

table 5 : explain SELECT k, c FROM sbtest5 WHERE k BETWEEN 6569687 AND 6569787
	Bitmap Heap Scan on sbtest5  (cost=5.52..425.44 rows=106 width=125)
	  Recheck Cond: ((k >= 6569687) AND (k <= 6569787))
	  ->  Bitmap Index Scan on k_5  (cost=0.00..5.50 rows=106 width=0)
	        Index Cond: ((k >= 6569687) AND (k <= 6569787))

table 6 : explain SELECT k, c FROM sbtest6 WHERE k BETWEEN 6569687 AND 6569787
	Bitmap Heap Scan on sbtest6  (cost=5.44..393.88 rows=98 width=125)
	  Recheck Cond: ((k >= 6569687) AND (k <= 6569787))
	  ->  Bitmap Index Scan on k_6  (cost=0.00..5.42 rows=98 width=0)
	        Index Cond: ((k >= 6569687) AND (k <= 6569787))

table 7 : explain SELECT k, c FROM sbtest7 WHERE k BETWEEN 6569687 AND 6569787
	Bitmap Heap Scan on sbtest7  (cost=5.50..417.57 rows=104 width=125)
	  Recheck Cond: ((k >= 6569687) AND (k <= 6569787))
	  ->  Bitmap Index Scan on k_7  (cost=0.00..5.47 rows=104 width=0)
	        Index Cond: ((k >= 6569687) AND (k <= 6569787))

table 8 : explain SELECT k, c FROM sbtest8 WHERE k BETWEEN 6569687 AND 6569787
	Bitmap Heap Scan on sbtest8  (cost=5.43..389.94 rows=97 width=125)
	  Recheck Cond: ((k >= 6569687) AND (k <= 6569787))
	  ->  Bitmap Index Scan on k_8  (cost=0.00..5.40 rows=97 width=0)
	        Index Cond: ((k >= 6569687) AND (k <= 6569787))

for range-notcovered
table 1 : explain SELECT k, c FROM sbtest1 WHERE k BETWEEN 4272102 AND 4272202
	Bitmap Heap Scan on sbtest1  (cost=5.54..433.10 rows=108 width=125)
	  Recheck Cond: ((k >= 4272102) AND (k <= 4272202))
	  ->  Bitmap Index Scan on k_1  (cost=0.00..5.51 rows=108 width=0)
	        Index Cond: ((k >= 4272102) AND (k <= 4272202))

table 2 : explain SELECT k, c FROM sbtest2 WHERE k BETWEEN 4272102 AND 4272202
	Bitmap Heap Scan on sbtest2  (cost=5.47..405.63 rows=101 width=125)
	  Recheck Cond: ((k >= 4272102) AND (k <= 4272202))
	  ->  Bitmap Index Scan on k_2  (cost=0.00..5.44 rows=101 width=0)
	        Index Cond: ((k >= 4272102) AND (k <= 4272202))

table 3 : explain SELECT k, c FROM sbtest3 WHERE k BETWEEN 4272102 AND 4272202
	Bitmap Heap Scan on sbtest3  (cost=5.43..389.82 rows=97 width=125)
	  Recheck Cond: ((k >= 4272102) AND (k <= 4272202))
	  ->  Bitmap Index Scan on k_3  (cost=0.00..5.40 rows=97 width=0)
	        Index Cond: ((k >= 4272102) AND (k <= 4272202))

table 4 : explain SELECT k, c FROM sbtest4 WHERE k BETWEEN 4272102 AND 4272202
	Bitmap Heap Scan on sbtest4  (cost=5.46..401.77 rows=100 width=125)
	  Recheck Cond: ((k >= 4272102) AND (k <= 4272202))
	  ->  Bitmap Index Scan on k_4  (cost=0.00..5.43 rows=100 width=0)
	        Index Cond: ((k >= 4272102) AND (k <= 4272202))

table 5 : explain SELECT k, c FROM sbtest5 WHERE k BETWEEN 4272102 AND 4272202
	Bitmap Heap Scan on sbtest5  (cost=5.53..429.38 rows=107 width=125)
	  Recheck Cond: ((k >= 4272102) AND (k <= 4272202))
	  ->  Bitmap Index Scan on k_5  (cost=0.00..5.50 rows=107 width=0)
	        Index Cond: ((k >= 4272102) AND (k <= 4272202))

table 6 : explain SELECT k, c FROM sbtest6 WHERE k BETWEEN 4272102 AND 4272202
	Bitmap Heap Scan on sbtest6  (cost=5.58..449.12 rows=112 width=125)
	  Recheck Cond: ((k >= 4272102) AND (k <= 4272202))
	  ->  Bitmap Index Scan on k_6  (cost=0.00..5.55 rows=112 width=0)
	        Index Cond: ((k >= 4272102) AND (k <= 4272202))

table 7 : explain SELECT k, c FROM sbtest7 WHERE k BETWEEN 4272102 AND 4272202
	Bitmap Heap Scan on sbtest7  (cost=5.50..417.57 rows=104 width=125)
	  Recheck Cond: ((k >= 4272102) AND (k <= 4272202))
	  ->  Bitmap Index Scan on k_7  (cost=0.00..5.47 rows=104 width=0)
	        Index Cond: ((k >= 4272102) AND (k <= 4272202))

table 8 : explain SELECT k, c FROM sbtest8 WHERE k BETWEEN 4272102 AND 4272202
	Bitmap Heap Scan on sbtest8  (cost=5.42..385.99 rows=96 width=125)
	  Recheck Cond: ((k >= 4272102) AND (k <= 4272202))
	  ->  Bitmap Index Scan on k_8  (cost=0.00..5.39 rows=96 width=0)
	        Index Cond: ((k >= 4272102) AND (k <= 4272202))

explain: for range-notcovered :: explain SELECT k, c FROM sbtest%d WHERE k BETWEEN 6569687 AND 6569787
explain: for range-notcovered :: explain SELECT k, c FROM sbtest%d WHERE k BETWEEN 4272102 AND 4272202
for range-notcovered
table 1 : explain SELECT k, c FROM sbtest1 WHERE k BETWEEN 2565359 AND 2565459
	Bitmap Heap Scan on sbtest1  (cost=5.58..448.86 rows=112 width=125)
	  Recheck Cond: ((k >= 2565359) AND (k <= 2565459))
	  ->  Bitmap Index Scan on k_1  (cost=0.00..5.55 rows=112 width=0)
	        Index Cond: ((k >= 2565359) AND (k <= 2565459))

table 2 : explain SELECT k, c FROM sbtest2 WHERE k BETWEEN 2565359 AND 2565459
	Bitmap Heap Scan on sbtest2  (cost=5.40..378.00 rows=94 width=125)
	  Recheck Cond: ((k >= 2565359) AND (k <= 2565459))
	  ->  Bitmap Index Scan on k_2  (cost=0.00..5.38 rows=94 width=0)
	        Index Cond: ((k >= 2565359) AND (k <= 2565459))

table 3 : explain SELECT k, c FROM sbtest3 WHERE k BETWEEN 2565359 AND 2565459
	Bitmap Heap Scan on sbtest3  (cost=5.50..417.44 rows=104 width=125)
	  Recheck Cond: ((k >= 2565359) AND (k <= 2565459))
	  ->  Bitmap Index Scan on k_3  (cost=0.00..5.47 rows=104 width=0)
	        Index Cond: ((k >= 2565359) AND (k <= 2565459))

table 4 : explain SELECT k, c FROM sbtest4 WHERE k BETWEEN 2565359 AND 2565459
	Bitmap Heap Scan on sbtest4  (cost=5.41..382.03 rows=95 width=125)
	  Recheck Cond: ((k >= 2565359) AND (k <= 2565459))
	  ->  Bitmap Index Scan on k_4  (cost=0.00..5.38 rows=95 width=0)
	        Index Cond: ((k >= 2565359) AND (k <= 2565459))

table 5 : explain SELECT k, c FROM sbtest5 WHERE k BETWEEN 2565359 AND 2565459
	Bitmap Heap Scan on sbtest5  (cost=5.54..433.33 rows=108 width=125)
	  Recheck Cond: ((k >= 2565359) AND (k <= 2565459))
	  ->  Bitmap Index Scan on k_5  (cost=0.00..5.51 rows=108 width=0)
	        Index Cond: ((k >= 2565359) AND (k <= 2565459))

table 6 : explain SELECT k, c FROM sbtest6 WHERE k BETWEEN 2565359 AND 2565459
	Bitmap Heap Scan on sbtest6  (cost=5.50..417.56 rows=104 width=125)
	  Recheck Cond: ((k >= 2565359) AND (k <= 2565459))
	  ->  Bitmap Index Scan on k_6  (cost=0.00..5.47 rows=104 width=0)
	        Index Cond: ((k >= 2565359) AND (k <= 2565459))

table 7 : explain SELECT k, c FROM sbtest7 WHERE k BETWEEN 2565359 AND 2565459
	Bitmap Heap Scan on sbtest7  (cost=5.40..378.09 rows=94 width=125)
	  Recheck Cond: ((k >= 2565359) AND (k <= 2565459))
	  ->  Bitmap Index Scan on k_7  (cost=0.00..5.38 rows=94 width=0)
	        Index Cond: ((k >= 2565359) AND (k <= 2565459))

table 8 : explain SELECT k, c FROM sbtest8 WHERE k BETWEEN 2565359 AND 2565459
	Bitmap Heap Scan on sbtest8  (cost=5.44..393.88 rows=98 width=125)
	  Recheck Cond: ((k >= 2565359) AND (k <= 2565459))
	  ->  Bitmap Index Scan on k_8  (cost=0.00..5.42 rows=98 width=0)
	        Index Cond: ((k >= 2565359) AND (k <= 2565459))

explain: for range-notcovered :: explain SELECT k, c FROM sbtest%d WHERE k BETWEEN 2565359 AND 2565459
for range-notcovered
table 1 : explain SELECT k, c FROM sbtest1 WHERE k BETWEEN 2911271 AND 2911371
	Bitmap Heap Scan on sbtest1  (cost=5.47..405.50 rows=101 width=125)
	  Recheck Cond: ((k >= 2911271) AND (k <= 2911371))
	  ->  Bitmap Index Scan on k_1  (cost=0.00..5.44 rows=101 width=0)
	        Index Cond: ((k >= 2911271) AND (k <= 2911371))

table 2 : explain SELECT k, c FROM sbtest2 WHERE k BETWEEN 2911271 AND 2911371
	Bitmap Heap Scan on sbtest2  (cost=5.52..425.36 rows=106 width=125)
	  Recheck Cond: ((k >= 2911271) AND (k <= 2911371))
	  ->  Bitmap Index Scan on k_2  (cost=0.00..5.50 rows=106 width=0)
	        Index Cond: ((k >= 2911271) AND (k <= 2911371))

table 3 : explain SELECT k, c FROM sbtest3 WHERE k BETWEEN 2911271 AND 2911371
	Bitmap Heap Scan on sbtest3  (cost=5.45..397.71 rows=99 width=125)
	  Recheck Cond: ((k >= 2911271) AND (k <= 2911371))
	  ->  Bitmap Index Scan on k_3  (cost=0.00..5.42 rows=99 width=0)
	        Index Cond: ((k >= 2911271) AND (k <= 2911371))

table 4 : explain SELECT k, c FROM sbtest4 WHERE k BETWEEN 2911271 AND 2911371
	Bitmap Heap Scan on sbtest4  (cost=5.56..441.22 rows=110 width=125)
	  Recheck Cond: ((k >= 2911271) AND (k <= 2911371))
	  ->  Bitmap Index Scan on k_4  (cost=0.00..5.53 rows=110 width=0)
	        Index Cond: ((k >= 2911271) AND (k <= 2911371))

table 5 : explain SELECT k, c FROM sbtest5 WHERE k BETWEEN 2911271 AND 2911371
	Bitmap Heap Scan on sbtest5  (cost=5.43..389.92 rows=97 width=125)
	  Recheck Cond: ((k >= 2911271) AND (k <= 2911371))
	  ->  Bitmap Index Scan on k_5  (cost=0.00..5.40 rows=97 width=0)
	        Index Cond: ((k >= 2911271) AND (k <= 2911371))

table 6 : explain SELECT k, c FROM sbtest6 WHERE k BETWEEN 2911271 AND 2911371
	Bitmap Heap Scan on sbtest6  (cost=5.44..393.88 rows=98 width=125)
	  Recheck Cond: ((k >= 2911271) AND (k <= 2911371))
	  ->  Bitmap Index Scan on k_6  (cost=0.00..5.42 rows=98 width=0)
	        Index Cond: ((k >= 2911271) AND (k <= 2911371))

table 7 : explain SELECT k, c FROM sbtest7 WHERE k BETWEEN 2911271 AND 2911371
	Bitmap Heap Scan on sbtest7  (cost=5.49..413.62 rows=103 width=125)
	  Recheck Cond: ((k >= 2911271) AND (k <= 2911371))
	  ->  Bitmap Index Scan on k_7  (cost=0.00..5.46 rows=103 width=0)
	        Index Cond: ((k >= 2911271) AND (k <= 2911371))

table 8 : explain SELECT k, c FROM sbtest8 WHERE k BETWEEN 2911271 AND 2911371
	Bitmap Heap Scan on sbtest8  (cost=5.54..433.35 rows=108 width=125)
	  Recheck Cond: ((k >= 2911271) AND (k <= 2911371))
	  ->  Bitmap Index Scan on k_8  (cost=0.00..5.51 rows=108 width=0)
	        Index Cond: ((k >= 2911271) AND (k <= 2911371))

explain: for range-notcovered :: explain SELECT k, c FROM sbtest%d WHERE k BETWEEN 2911271 AND 2911371
for range-notcovered
table 1 : explain SELECT k, c FROM sbtest1 WHERE k BETWEEN 4344646 AND 4344746
	Bitmap Heap Scan on sbtest1  (cost=5.45..397.61 rows=99 width=125)
	  Recheck Cond: ((k >= 4344646) AND (k <= 4344746))
	  ->  Bitmap Index Scan on k_1  (cost=0.00..5.42 rows=99 width=0)
	        Index Cond: ((k >= 4344646) AND (k <= 4344746))

table 2 : explain SELECT k, c FROM sbtest2 WHERE k BETWEEN 4344646 AND 4344746
	Bitmap Heap Scan on sbtest2  (cost=5.45..397.74 rows=99 width=125)
	  Recheck Cond: ((k >= 4344646) AND (k <= 4344746))
	  ->  Bitmap Index Scan on k_2  (cost=0.00..5.42 rows=99 width=0)
	        Index Cond: ((k >= 4344646) AND (k <= 4344746))

table 3 : explain SELECT k, c FROM sbtest3 WHERE k BETWEEN 4344646 AND 4344746
	Bitmap Heap Scan on sbtest3  (cost=5.45..397.71 rows=99 width=125)
	  Recheck Cond: ((k >= 4344646) AND (k <= 4344746))
	  ->  Bitmap Index Scan on k_3  (cost=0.00..5.42 rows=99 width=0)
	        Index Cond: ((k >= 4344646) AND (k <= 4344746))

table 4 : explain SELECT k, c FROM sbtest4 WHERE k BETWEEN 4344646 AND 4344746
	Bitmap Heap Scan on sbtest4  (cost=5.38..370.18 rows=92 width=125)
	  Recheck Cond: ((k >= 4344646) AND (k <= 4344746))
	  ->  Bitmap Index Scan on k_4  (cost=0.00..5.35 rows=92 width=0)
	        Index Cond: ((k >= 4344646) AND (k <= 4344746))

table 5 : explain SELECT k, c FROM sbtest5 WHERE k BETWEEN 4344646 AND 4344746
	Bitmap Heap Scan on sbtest5  (cost=5.53..429.38 rows=107 width=125)
	  Recheck Cond: ((k >= 4344646) AND (k <= 4344746))
	  ->  Bitmap Index Scan on k_5  (cost=0.00..5.50 rows=107 width=0)
	        Index Cond: ((k >= 4344646) AND (k <= 4344746))

table 6 : explain SELECT k, c FROM sbtest6 WHERE k BETWEEN 4344646 AND 4344746
	Bitmap Heap Scan on sbtest6  (cost=5.54..433.34 rows=108 width=125)
	  Recheck Cond: ((k >= 4344646) AND (k <= 4344746))
	  ->  Bitmap Index Scan on k_6  (cost=0.00..5.51 rows=108 width=0)
	        Index Cond: ((k >= 4344646) AND (k <= 4344746))

table 7 : explain SELECT k, c FROM sbtest7 WHERE k BETWEEN 4344646 AND 4344746
	Bitmap Heap Scan on sbtest7  (cost=5.49..413.62 rows=103 width=125)
	  Recheck Cond: ((k >= 4344646) AND (k <= 4344746))
	  ->  Bitmap Index Scan on k_7  (cost=0.00..5.46 rows=103 width=0)
	        Index Cond: ((k >= 4344646) AND (k <= 4344746))

table 8 : explain SELECT k, c FROM sbtest8 WHERE k BETWEEN 4344646 AND 4344746
	Bitmap Heap Scan on sbtest8  (cost=5.58..449.12 rows=112 width=125)
	  Recheck Cond: ((k >= 4344646) AND (k <= 4344746))
	  ->  Bitmap Index Scan on k_8  (cost=0.00..5.55 rows=112 width=0)
	        Index Cond: ((k >= 4344646) AND (k <= 4344746))

explain: for range-notcovered :: explain SELECT k, c FROM sbtest%d WHERE k BETWEEN 4344646 AND 4344746
explain: for range-notcovered :: explain SELECT k, c FROM sbtest%d WHERE k BETWEEN 7698578 AND 7698678
explain: for range-notcovered :: explain SELECT k, c FROM sbtest%d WHERE k BETWEEN 1597552 AND 1597652
explain: for range-notcovered :: explain SELECT k, c FROM sbtest%d WHERE k BETWEEN 3865322 AND 3865422
for range-notcovered
table 1 : explain SELECT k, c FROM sbtest1 WHERE k BETWEEN 4439266 AND 4439366
	Bitmap Heap Scan on sbtest1  (cost=5.48..409.44 rows=102 width=125)
	  Recheck Cond: ((k >= 4439266) AND (k <= 4439366))
	  ->  Bitmap Index Scan on k_1  (cost=0.00..5.45 rows=102 width=0)
	        Index Cond: ((k >= 4439266) AND (k <= 4439366))

table 2 : explain SELECT k, c FROM sbtest2 WHERE k BETWEEN 4439266 AND 4439366
	Bitmap Heap Scan on sbtest2  (cost=5.46..401.69 rows=100 width=125)
	  Recheck Cond: ((k >= 4439266) AND (k <= 4439366))
	  ->  Bitmap Index Scan on k_2  (cost=0.00..5.43 rows=100 width=0)
	        Index Cond: ((k >= 4439266) AND (k <= 4439366))

table 3 : explain SELECT k, c FROM sbtest3 WHERE k BETWEEN 4439266 AND 4439366
	Bitmap Heap Scan on sbtest3  (cost=5.53..429.27 rows=107 width=125)
	  Recheck Cond: ((k >= 4439266) AND (k <= 4439366))
	  ->  Bitmap Index Scan on k_3  (cost=0.00..5.50 rows=107 width=0)
	        Index Cond: ((k >= 4439266) AND (k <= 4439366))

table 4 : explain SELECT k, c FROM sbtest4 WHERE k BETWEEN 4439266 AND 4439366
	Bitmap Heap Scan on sbtest4  (cost=5.38..370.18 rows=92 width=125)
	  Recheck Cond: ((k >= 4439266) AND (k <= 4439366))
	  ->  Bitmap Index Scan on k_4  (cost=0.00..5.35 rows=92 width=0)
	        Index Cond: ((k >= 4439266) AND (k <= 4439366))

table 5 : explain SELECT k, c FROM sbtest5 WHERE k BETWEEN 4439266 AND 4439366
	Bitmap Heap Scan on sbtest5  (cost=5.46..401.76 rows=100 width=125)
	  Recheck Cond: ((k >= 4439266) AND (k <= 4439366))
	  ->  Bitmap Index Scan on k_5  (cost=0.00..5.43 rows=100 width=0)
	        Index Cond: ((k >= 4439266) AND (k <= 4439366))

table 6 : explain SELECT k, c FROM sbtest6 WHERE k BETWEEN 4439266 AND 4439366
	Bitmap Heap Scan on sbtest6  (cost=5.58..449.12 rows=112 width=125)
	  Recheck Cond: ((k >= 4439266) AND (k <= 4439366))
	  ->  Bitmap Index Scan on k_6  (cost=0.00..5.55 rows=112 width=0)
	        Index Cond: ((k >= 4439266) AND (k <= 4439366))

table 7 : explain SELECT k, c FROM sbtest7 WHERE k BETWEEN 4439266 AND 4439366
	Bitmap Heap Scan on sbtest7  (cost=5.61..460.95 rows=115 width=125)
	  Recheck Cond: ((k >= 4439266) AND (k <= 4439366))
	  ->  Bitmap Index Scan on k_7  (cost=0.00..5.58 rows=115 width=0)
	        Index Cond: ((k >= 4439266) AND (k <= 4439366))

table 8 : explain SELECT k, c FROM sbtest8 WHERE k BETWEEN 4439266 AND 4439366
	Bitmap Heap Scan on sbtest8  (cost=5.48..409.67 rows=102 width=125)
	  Recheck Cond: ((k >= 4439266) AND (k <= 4439366))
	  ->  Bitmap Index Scan on k_8  (cost=0.00..5.45 rows=102 width=0)
	        Index Cond: ((k >= 4439266) AND (k <= 4439366))

for range-notcovered
table 1 : explain SELECT k, c FROM sbtest1 WHERE k BETWEEN 3939054 AND 3939154
	Bitmap Heap Scan on sbtest1  (cost=5.43..389.72 rows=97 width=125)
	  Recheck Cond: ((k >= 3939054) AND (k <= 3939154))
	  ->  Bitmap Index Scan on k_1  (cost=0.00..5.40 rows=97 width=0)
	        Index Cond: ((k >= 3939054) AND (k <= 3939154))

table 2 : explain SELECT k, c FROM sbtest2 WHERE k BETWEEN 3939054 AND 3939154
	Bitmap Heap Scan on sbtest2  (cost=5.43..389.85 rows=97 width=125)
	  Recheck Cond: ((k >= 3939054) AND (k <= 3939154))
	  ->  Bitmap Index Scan on k_2  (cost=0.00..5.40 rows=97 width=0)
	        Index Cond: ((k >= 3939054) AND (k <= 3939154))

table 3 : explain SELECT k, c FROM sbtest3 WHERE k BETWEEN 3939054 AND 3939154
	Bitmap Heap Scan on sbtest3  (cost=5.58..448.98 rows=112 width=125)
	  Recheck Cond: ((k >= 3939054) AND (k <= 3939154))
	  ->  Bitmap Index Scan on k_3  (cost=0.00..5.55 rows=112 width=0)
	        Index Cond: ((k >= 3939054) AND (k <= 3939154))

table 4 : explain SELECT k, c FROM sbtest4 WHERE k BETWEEN 3939054 AND 3939154
	Bitmap Heap Scan on sbtest4  (cost=5.53..429.39 rows=107 width=125)
	  Recheck Cond: ((k >= 3939054) AND (k <= 3939154))
	  ->  Bitmap Index Scan on k_4  (cost=0.00..5.50 rows=107 width=0)
	        Index Cond: ((k >= 3939054) AND (k <= 3939154))

table 5 : explain SELECT k, c FROM sbtest5 WHERE k BETWEEN 3939054 AND 3939154
	Bitmap Heap Scan on sbtest5  (cost=5.51..421.49 rows=105 width=125)
	  Recheck Cond: ((k >= 3939054) AND (k <= 3939154))
	  ->  Bitmap Index Scan on k_5  (cost=0.00..5.48 rows=105 width=0)
	        Index Cond: ((k >= 3939054) AND (k <= 3939154))

table 6 : explain SELECT k, c FROM sbtest6 WHERE k BETWEEN 3939054 AND 3939154
	Bitmap Heap Scan on sbtest6  (cost=5.50..417.56 rows=104 width=125)
	  Recheck Cond: ((k >= 3939054) AND (k <= 3939154))
	  ->  Bitmap Index Scan on k_6  (cost=0.00..5.47 rows=104 width=0)
	        Index Cond: ((k >= 3939054) AND (k <= 3939154))

table 7 : explain SELECT k, c FROM sbtest7 WHERE k BETWEEN 3939054 AND 3939154
	Bitmap Heap Scan on sbtest7  (cost=5.54..433.35 rows=108 width=125)
	  Recheck Cond: ((k >= 3939054) AND (k <= 3939154))
	  ->  Bitmap Index Scan on k_7  (cost=0.00..5.51 rows=108 width=0)
	        Index Cond: ((k >= 3939054) AND (k <= 3939154))

table 8 : explain SELECT k, c FROM sbtest8 WHERE k BETWEEN 3939054 AND 3939154
	Bitmap Heap Scan on sbtest8  (cost=5.42..385.99 rows=96 width=125)
	  Recheck Cond: ((k >= 3939054) AND (k <= 3939154))
	  ->  Bitmap Index Scan on k_8  (cost=0.00..5.39 rows=96 width=0)
	        Index Cond: ((k >= 3939054) AND (k <= 3939154))
for range-notcovered
table 1 : explain SELECT k, c FROM sbtest1 WHERE k BETWEEN 4272102 AND 4272202
	Bitmap Heap Scan on sbtest1  (cost=5.54..433.10 rows=108 width=125)
	  Recheck Cond: ((k >= 4272102) AND (k <= 4272202))
	  ->  Bitmap Index Scan on k_1  (cost=0.00..5.51 rows=108 width=0)
	        Index Cond: ((k >= 4272102) AND (k <= 4272202))

table 2 : explain SELECT k, c FROM sbtest2 WHERE k BETWEEN 4272102 AND 4272202
	Bitmap Heap Scan on sbtest2  (cost=5.47..405.63 rows=101 width=125)
	  Recheck Cond: ((k >= 4272102) AND (k <= 4272202))
	  ->  Bitmap Index Scan on k_2  (cost=0.00..5.44 rows=101 width=0)
	        Index Cond: ((k >= 4272102) AND (k <= 4272202))

table 3 : explain SELECT k, c FROM sbtest3 WHERE k BETWEEN 4272102 AND 4272202
	Bitmap Heap Scan on sbtest3  (cost=5.43..389.82 rows=97 width=125)
	  Recheck Cond: ((k >= 4272102) AND (k <= 4272202))
	  ->  Bitmap Index Scan on k_3  (cost=0.00..5.40 rows=97 width=0)
	        Index Cond: ((k >= 4272102) AND (k <= 4272202))

table 4 : explain SELECT k, c FROM sbtest4 WHERE k BETWEEN 4272102 AND 4272202
	Bitmap Heap Scan on sbtest4  (cost=5.46..401.77 rows=100 width=125)
	  Recheck Cond: ((k >= 4272102) AND (k <= 4272202))
	  ->  Bitmap Index Scan on k_4  (cost=0.00..5.43 rows=100 width=0)
	        Index Cond: ((k >= 4272102) AND (k <= 4272202))

table 5 : explain SELECT k, c FROM sbtest5 WHERE k BETWEEN 4272102 AND 4272202
	Bitmap Heap Scan on sbtest5  (cost=5.53..429.38 rows=107 width=125)
	  Recheck Cond: ((k >= 4272102) AND (k <= 4272202))
	  ->  Bitmap Index Scan on k_5  (cost=0.00..5.50 rows=107 width=0)
	        Index Cond: ((k >= 4272102) AND (k <= 4272202))

table 6 : explain SELECT k, c FROM sbtest6 WHERE k BETWEEN 4272102 AND 4272202
	Bitmap Heap Scan on sbtest6  (cost=5.58..449.12 rows=112 width=125)
	  Recheck Cond: ((k >= 4272102) AND (k <= 4272202))
	  ->  Bitmap Index Scan on k_6  (cost=0.00..5.55 rows=112 width=0)
	        Index Cond: ((k >= 4272102) AND (k <= 4272202))

table 7 : explain SELECT k, c FROM sbtest7 WHERE k BETWEEN 4272102 AND 4272202
	Bitmap Heap Scan on sbtest7  (cost=5.50..417.57 rows=104 width=125)
	  Recheck Cond: ((k >= 4272102) AND (k <= 4272202))
	  ->  Bitmap Index Scan on k_7  (cost=0.00..5.47 rows=104 width=0)
	        Index Cond: ((k >= 4272102) AND (k <= 4272202))

table 8 : explain SELECT k, c FROM sbtest8 WHERE k BETWEEN 4272102 AND 4272202
	Bitmap Heap Scan on sbtest8  (cost=5.42..385.99 rows=96 width=125)
	  Recheck Cond: ((k >= 4272102) AND (k <= 4272202))
	  ->  Bitmap Index Scan on k_8  (cost=0.00..5.39 rows=96 width=0)
	        Index Cond: ((k >= 4272102) AND (k <= 4272202))

for range-notcovered
table 1 : explain SELECT k, c FROM sbtest1 WHERE k BETWEEN 2565359 AND 2565459
	Bitmap Heap Scan on sbtest1  (cost=5.58..448.86 rows=112 width=125)
	  Recheck Cond: ((k >= 2565359) AND (k <= 2565459))
	  ->  Bitmap Index Scan on k_1  (cost=0.00..5.55 rows=112 width=0)
	        Index Cond: ((k >= 2565359) AND (k <= 2565459))

table 2 : explain SELECT k, c FROM sbtest2 WHERE k BETWEEN 2565359 AND 2565459
	Bitmap Heap Scan on sbtest2  (cost=5.40..378.00 rows=94 width=125)
	  Recheck Cond: ((k >= 2565359) AND (k <= 2565459))
	  ->  Bitmap Index Scan on k_2  (cost=0.00..5.38 rows=94 width=0)
	        Index Cond: ((k >= 2565359) AND (k <= 2565459))

table 3 : explain SELECT k, c FROM sbtest3 WHERE k BETWEEN 2565359 AND 2565459
	Bitmap Heap Scan on sbtest3  (cost=5.50..417.44 rows=104 width=125)
	  Recheck Cond: ((k >= 2565359) AND (k <= 2565459))
	  ->  Bitmap Index Scan on k_3  (cost=0.00..5.47 rows=104 width=0)
	        Index Cond: ((k >= 2565359) AND (k <= 2565459))

table 4 : explain SELECT k, c FROM sbtest4 WHERE k BETWEEN 2565359 AND 2565459
	Bitmap Heap Scan on sbtest4  (cost=5.41..382.03 rows=95 width=125)
	  Recheck Cond: ((k >= 2565359) AND (k <= 2565459))
	  ->  Bitmap Index Scan on k_4  (cost=0.00..5.38 rows=95 width=0)
	        Index Cond: ((k >= 2565359) AND (k <= 2565459))

table 5 : explain SELECT k, c FROM sbtest5 WHERE k BETWEEN 2565359 AND 2565459
	Bitmap Heap Scan on sbtest5  (cost=5.54..433.33 rows=108 width=125)
	  Recheck Cond: ((k >= 2565359) AND (k <= 2565459))
	  ->  Bitmap Index Scan on k_5  (cost=0.00..5.51 rows=108 width=0)
	        Index Cond: ((k >= 2565359) AND (k <= 2565459))

table 6 : explain SELECT k, c FROM sbtest6 WHERE k BETWEEN 2565359 AND 2565459
	Bitmap Heap Scan on sbtest6  (cost=5.50..417.56 rows=104 width=125)
	  Recheck Cond: ((k >= 2565359) AND (k <= 2565459))
	  ->  Bitmap Index Scan on k_6  (cost=0.00..5.47 rows=104 width=0)
	        Index Cond: ((k >= 2565359) AND (k <= 2565459))

table 7 : explain SELECT k, c FROM sbtest7 WHERE k BETWEEN 2565359 AND 2565459
	Bitmap Heap Scan on sbtest7  (cost=5.40..378.09 rows=94 width=125)
	  Recheck Cond: ((k >= 2565359) AND (k <= 2565459))
	  ->  Bitmap Index Scan on k_7  (cost=0.00..5.38 rows=94 width=0)
	        Index Cond: ((k >= 2565359) AND (k <= 2565459))

table 8 : explain SELECT k, c FROM sbtest8 WHERE k BETWEEN 2565359 AND 2565459
	Bitmap Heap Scan on sbtest8  (cost=5.44..393.88 rows=98 width=125)
	  Recheck Cond: ((k >= 2565359) AND (k <= 2565459))
	  ->  Bitmap Index Scan on k_8  (cost=0.00..5.42 rows=98 width=0)
	        Index Cond: ((k >= 2565359) AND (k <= 2565459))

for range-notcovered
table 1 : explain SELECT k, c FROM sbtest1 WHERE k BETWEEN 7854149 AND 7854249
	Bitmap Heap Scan on sbtest1  (cost=5.59..452.80 rows=113 width=125)
	  Recheck Cond: ((k >= 7854149) AND (k <= 7854249))
	  ->  Bitmap Index Scan on k_1  (cost=0.00..5.56 rows=113 width=0)
	        Index Cond: ((k >= 7854149) AND (k <= 7854249))

table 2 : explain SELECT k, c FROM sbtest2 WHERE k BETWEEN 7854149 AND 7854249
	Bitmap Heap Scan on sbtest2  (cost=5.49..413.52 rows=103 width=125)
	  Recheck Cond: ((k >= 7854149) AND (k <= 7854249))
	  ->  Bitmap Index Scan on k_2  (cost=0.00..5.46 rows=103 width=0)
	        Index Cond: ((k >= 7854149) AND (k <= 7854249))

table 3 : explain SELECT k, c FROM sbtest3 WHERE k BETWEEN 7854149 AND 7854249
	Bitmap Heap Scan on sbtest3  (cost=5.40..377.98 rows=94 width=125)
	  Recheck Cond: ((k >= 7854149) AND (k <= 7854249))
	  ->  Bitmap Index Scan on k_3  (cost=0.00..5.38 rows=94 width=0)
	        Index Cond: ((k >= 7854149) AND (k <= 7854249))

table 4 : explain SELECT k, c FROM sbtest4 WHERE k BETWEEN 7854149 AND 7854249
	Bitmap Heap Scan on sbtest4  (cost=5.41..382.03 rows=95 width=125)
	  Recheck Cond: ((k >= 7854149) AND (k <= 7854249))
	  ->  Bitmap Index Scan on k_4  (cost=0.00..5.38 rows=95 width=0)
	        Index Cond: ((k >= 7854149) AND (k <= 7854249))

table 5 : explain SELECT k, c FROM sbtest5 WHERE k BETWEEN 7854149 AND 7854249
	Bitmap Heap Scan on sbtest5  (cost=5.54..433.33 rows=108 width=125)
	  Recheck Cond: ((k >= 7854149) AND (k <= 7854249))
	  ->  Bitmap Index Scan on k_5  (cost=0.00..5.51 rows=108 width=0)
	        Index Cond: ((k >= 7854149) AND (k <= 7854249))

table 6 : explain SELECT k, c FROM sbtest6 WHERE k BETWEEN 7854149 AND 7854249
	Bitmap Heap Scan on sbtest6  (cost=5.50..417.56 rows=104 width=125)
	  Recheck Cond: ((k >= 7854149) AND (k <= 7854249))
	  ->  Bitmap Index Scan on k_6  (cost=0.00..5.47 rows=104 width=0)
	        Index Cond: ((k >= 7854149) AND (k <= 7854249))

table 7 : explain SELECT k, c FROM sbtest7 WHERE k BETWEEN 7854149 AND 7854249
	Bitmap Heap Scan on sbtest7  (cost=5.40..378.09 rows=94 width=125)
	  Recheck Cond: ((k >= 7854149) AND (k <= 7854249))
	  ->  Bitmap Index Scan on k_7  (cost=0.00..5.38 rows=94 width=0)
	        Index Cond: ((k >= 7854149) AND (k <= 7854249))

table 8 : explain SELECT k, c FROM sbtest8 WHERE k BETWEEN 7854149 AND 7854249
	Bitmap Heap Scan on sbtest8  (cost=5.50..417.57 rows=104 width=125)
	  Recheck Cond: ((k >= 7854149) AND (k <= 7854249))
	  ->  Bitmap Index Scan on k_8  (cost=0.00..5.47 rows=104 width=0)
	        Index Cond: ((k >= 7854149) AND (k <= 7854249))
for range-notcovered
table 1 : explain SELECT k, c FROM sbtest1 WHERE k BETWEEN 7351468 AND 7351568
	Bitmap Heap Scan on sbtest1  (cost=5.44..393.67 rows=98 width=125)
	  Recheck Cond: ((k >= 7351468) AND (k <= 7351568))
	  ->  Bitmap Index Scan on k_1  (cost=0.00..5.42 rows=98 width=0)
	        Index Cond: ((k >= 7351468) AND (k <= 7351568))

table 2 : explain SELECT k, c FROM sbtest2 WHERE k BETWEEN 7351468 AND 7351568
	Bitmap Heap Scan on sbtest2  (cost=5.39..374.05 rows=93 width=125)
	  Recheck Cond: ((k >= 7351468) AND (k <= 7351568))
	  ->  Bitmap Index Scan on k_2  (cost=0.00..5.36 rows=93 width=0)
	        Index Cond: ((k >= 7351468) AND (k <= 7351568))

table 3 : explain SELECT k, c FROM sbtest3 WHERE k BETWEEN 7351468 AND 7351568
	Bitmap Heap Scan on sbtest3  (cost=5.51..421.38 rows=105 width=125)
	  Recheck Cond: ((k >= 7351468) AND (k <= 7351568))
	  ->  Bitmap Index Scan on k_3  (cost=0.00..5.48 rows=105 width=0)
	        Index Cond: ((k >= 7351468) AND (k <= 7351568))

table 4 : explain SELECT k, c FROM sbtest4 WHERE k BETWEEN 7351468 AND 7351568
	Bitmap Heap Scan on sbtest4  (cost=5.46..401.77 rows=100 width=125)
	  Recheck Cond: ((k >= 7351468) AND (k <= 7351568))
	  ->  Bitmap Index Scan on k_4  (cost=0.00..5.43 rows=100 width=0)
	        Index Cond: ((k >= 7351468) AND (k <= 7351568))

table 5 : explain SELECT k, c FROM sbtest5 WHERE k BETWEEN 7351468 AND 7351568
	Bitmap Heap Scan on sbtest5  (cost=5.64..472.75 rows=118 width=125)
	  Recheck Cond: ((k >= 7351468) AND (k <= 7351568))
	  ->  Bitmap Index Scan on k_5  (cost=0.00..5.61 rows=118 width=0)
	        Index Cond: ((k >= 7351468) AND (k <= 7351568))

table 6 : explain SELECT k, c FROM sbtest6 WHERE k BETWEEN 7351468 AND 7351568
	Bitmap Heap Scan on sbtest6  (cost=5.61..460.95 rows=115 width=125)
	  Recheck Cond: ((k >= 7351468) AND (k <= 7351568))
	  ->  Bitmap Index Scan on k_6  (cost=0.00..5.58 rows=115 width=0)
	        Index Cond: ((k >= 7351468) AND (k <= 7351568))

table 7 : explain SELECT k, c FROM sbtest7 WHERE k BETWEEN 7351468 AND 7351568
	Bitmap Heap Scan on sbtest7  (cost=5.45..397.83 rows=99 width=125)
	  Recheck Cond: ((k >= 7351468) AND (k <= 7351568))
	  ->  Bitmap Index Scan on k_7  (cost=0.00..5.42 rows=99 width=0)
	        Index Cond: ((k >= 7351468) AND (k <= 7351568))

table 8 : explain SELECT k, c FROM sbtest8 WHERE k BETWEEN 7351468 AND 7351568
	Bitmap Heap Scan on sbtest8  (cost=5.57..445.18 rows=111 width=125)
	  Recheck Cond: ((k >= 7351468) AND (k <= 7351568))
	  ->  Bitmap Index Scan on k_8  (cost=0.00..5.54 rows=111 width=0)
	        Index Cond: ((k >= 7351468) AND (k <= 7351568))
for range-notcovered
table 1 : explain SELECT k, c FROM sbtest1 WHERE k BETWEEN 4344646 AND 4344746
	Bitmap Heap Scan on sbtest1  (cost=5.45..397.61 rows=99 width=125)
	  Recheck Cond: ((k >= 4344646) AND (k <= 4344746))
	  ->  Bitmap Index Scan on k_1  (cost=0.00..5.42 rows=99 width=0)
	        Index Cond: ((k >= 4344646) AND (k <= 4344746))

table 2 : explain SELECT k, c FROM sbtest2 WHERE k BETWEEN 4344646 AND 4344746
	Bitmap Heap Scan on sbtest2  (cost=5.45..397.74 rows=99 width=125)
	  Recheck Cond: ((k >= 4344646) AND (k <= 4344746))
	  ->  Bitmap Index Scan on k_2  (cost=0.00..5.42 rows=99 width=0)
	        Index Cond: ((k >= 4344646) AND (k <= 4344746))

table 3 : explain SELECT k, c FROM sbtest3 WHERE k BETWEEN 4344646 AND 4344746
	Bitmap Heap Scan on sbtest3  (cost=5.45..397.71 rows=99 width=125)
	  Recheck Cond: ((k >= 4344646) AND (k <= 4344746))
	  ->  Bitmap Index Scan on k_3  (cost=0.00..5.42 rows=99 width=0)
	        Index Cond: ((k >= 4344646) AND (k <= 4344746))

table 4 : explain SELECT k, c FROM sbtest4 WHERE k BETWEEN 4344646 AND 4344746
	Bitmap Heap Scan on sbtest4  (cost=5.38..370.18 rows=92 width=125)
	  Recheck Cond: ((k >= 4344646) AND (k <= 4344746))
	  ->  Bitmap Index Scan on k_4  (cost=0.00..5.35 rows=92 width=0)
	        Index Cond: ((k >= 4344646) AND (k <= 4344746))

table 5 : explain SELECT k, c FROM sbtest5 WHERE k BETWEEN 4344646 AND 4344746
	Bitmap Heap Scan on sbtest5  (cost=5.53..429.38 rows=107 width=125)
	  Recheck Cond: ((k >= 4344646) AND (k <= 4344746))
	  ->  Bitmap Index Scan on k_5  (cost=0.00..5.50 rows=107 width=0)
	        Index Cond: ((k >= 4344646) AND (k <= 4344746))

table 6 : explain SELECT k, c FROM sbtest6 WHERE k BETWEEN 4344646 AND 4344746
	Bitmap Heap Scan on sbtest6  (cost=5.54..433.34 rows=108 width=125)
	  Recheck Cond: ((k >= 4344646) AND (k <= 4344746))
	  ->  Bitmap Index Scan on k_6  (cost=0.00..5.51 rows=108 width=0)
	        Index Cond: ((k >= 4344646) AND (k <= 4344746))

table 7 : explain SELECT k, c FROM sbtest7 WHERE k BETWEEN 4344646 AND 4344746
	Bitmap Heap Scan on sbtest7  (cost=5.49..413.62 rows=103 width=125)
	  Recheck Cond: ((k >= 4344646) AND (k <= 4344746))
	  ->  Bitmap Index Scan on k_7  (cost=0.00..5.46 rows=103 width=0)
	        Index Cond: ((k >= 4344646) AND (k <= 4344746))

table 8 : explain SELECT k, c FROM sbtest8 WHERE k BETWEEN 4344646 AND 4344746
	Bitmap Heap Scan on sbtest8  (cost=5.58..449.12 rows=112 width=125)
	  Recheck Cond: ((k >= 4344646) AND (k <= 4344746))
	  ->  Bitmap Index Scan on k_8  (cost=0.00..5.55 rows=112 width=0)
	        Index Cond: ((k >= 4344646) AND (k <= 4344746))

explain: for range-notcovered :: explain SELECT k, c FROM sbtest%d WHERE k BETWEEN 4439266 AND 4439366
explain: for range-notcovered :: explain SELECT k, c FROM sbtest%d WHERE k BETWEEN 2565359 AND 2565459
for range-notcovered
table 1 : explain SELECT k, c FROM sbtest1 WHERE k BETWEEN 5386731 AND 5386831
	Bitmap Heap Scan on sbtest1  (cost=5.53..429.16 rows=107 width=125)
	  Recheck Cond: ((k >= 5386731) AND (k <= 5386831))
	  ->  Bitmap Index Scan on k_1  (cost=0.00..5.50 rows=107 width=0)
	        Index Cond: ((k >= 5386731) AND (k <= 5386831))

table 2 : explain SELECT k, c FROM sbtest2 WHERE k BETWEEN 5386731 AND 5386831
	Bitmap Heap Scan on sbtest2  (cost=5.44..393.79 rows=98 width=125)
	  Recheck Cond: ((k >= 5386731) AND (k <= 5386831))
	  ->  Bitmap Index Scan on k_2  (cost=0.00..5.42 rows=98 width=0)
	        Index Cond: ((k >= 5386731) AND (k <= 5386831))

table 3 : explain SELECT k, c FROM sbtest3 WHERE k BETWEEN 5386731 AND 5386831
	Bitmap Heap Scan on sbtest3  (cost=5.48..409.55 rows=102 width=125)
	  Recheck Cond: ((k >= 5386731) AND (k <= 5386831))
	  ->  Bitmap Index Scan on k_3  (cost=0.00..5.45 rows=102 width=0)
	        Index Cond: ((k >= 5386731) AND (k <= 5386831))

table 4 : explain SELECT k, c FROM sbtest4 WHERE k BETWEEN 5386731 AND 5386831
	Bitmap Heap Scan on sbtest4  (cost=5.38..370.18 rows=92 width=125)
	  Recheck Cond: ((k >= 5386731) AND (k <= 5386831))
	  ->  Bitmap Index Scan on k_4  (cost=0.00..5.35 rows=92 width=0)
	        Index Cond: ((k >= 5386731) AND (k <= 5386831))

table 5 : explain SELECT k, c FROM sbtest5 WHERE k BETWEEN 5386731 AND 5386831
	Bitmap Heap Scan on sbtest5  (cost=5.52..425.44 rows=106 width=125)
	  Recheck Cond: ((k >= 5386731) AND (k <= 5386831))
	  ->  Bitmap Index Scan on k_5  (cost=0.00..5.50 rows=106 width=0)
	        Index Cond: ((k >= 5386731) AND (k <= 5386831))

table 6 : explain SELECT k, c FROM sbtest6 WHERE k BETWEEN 5386731 AND 5386831
	Bitmap Heap Scan on sbtest6  (cost=5.51..421.51 rows=105 width=125)
	  Recheck Cond: ((k >= 5386731) AND (k <= 5386831))
	  ->  Bitmap Index Scan on k_6  (cost=0.00..5.48 rows=105 width=0)
	        Index Cond: ((k >= 5386731) AND (k <= 5386831))

table 7 : explain SELECT k, c FROM sbtest7 WHERE k BETWEEN 5386731 AND 5386831
	Bitmap Heap Scan on sbtest7  (cost=5.48..409.68 rows=102 width=125)
	  Recheck Cond: ((k >= 5386731) AND (k <= 5386831))
	  ->  Bitmap Index Scan on k_7  (cost=0.00..5.45 rows=102 width=0)
	        Index Cond: ((k >= 5386731) AND (k <= 5386831))

table 8 : explain SELECT k, c FROM sbtest8 WHERE k BETWEEN 5386731 AND 5386831
	Bitmap Heap Scan on sbtest8  (cost=5.41..382.04 rows=95 width=125)
	  Recheck Cond: ((k >= 5386731) AND (k <= 5386831))
	  ->  Bitmap Index Scan on k_8  (cost=0.00..5.38 rows=95 width=0)
	        Index Cond: ((k >= 5386731) AND (k <= 5386831))


explain: for range-notcovered :: explain SELECT k, c FROM sbtest%d WHERE k BETWEEN 4344646 AND 4344746
for range-notcovered
table 1 : explain SELECT k, c FROM sbtest1 WHERE k BETWEEN 6569687 AND 6569787
	Bitmap Heap Scan on sbtest1  (cost=5.40..377.88 rows=94 width=125)
	  Recheck Cond: ((k >= 6569687) AND (k <= 6569787))
	  ->  Bitmap Index Scan on k_1  (cost=0.00..5.38 rows=94 width=0)
	        Index Cond: ((k >= 6569687) AND (k <= 6569787))

table 2 : explain SELECT k, c FROM sbtest2 WHERE k BETWEEN 6569687 AND 6569787
	Bitmap Heap Scan on sbtest2  (cost=5.45..397.74 rows=99 width=125)
	  Recheck Cond: ((k >= 6569687) AND (k <= 6569787))
	  ->  Bitmap Index Scan on k_2  (cost=0.00..5.42 rows=99 width=0)
	        Index Cond: ((k >= 6569687) AND (k <= 6569787))

table 3 : explain SELECT k, c FROM sbtest3 WHERE k BETWEEN 6569687 AND 6569787
	Bitmap Heap Scan on sbtest3  (cost=5.49..413.49 rows=103 width=125)
	  Recheck Cond: ((k >= 6569687) AND (k <= 6569787))
	  ->  Bitmap Index Scan on k_3  (cost=0.00..5.46 rows=103 width=0)
	        Index Cond: ((k >= 6569687) AND (k <= 6569787))

table 4 : explain SELECT k, c FROM sbtest4 WHERE k BETWEEN 6569687 AND 6569787
	Bitmap Heap Scan on sbtest4  (cost=5.57..445.16 rows=111 width=125)
	  Recheck Cond: ((k >= 6569687) AND (k <= 6569787))
	  ->  Bitmap Index Scan on k_4  (cost=0.00..5.54 rows=111 width=0)
	        Index Cond: ((k >= 6569687) AND (k <= 6569787))

table 5 : explain SELECT k, c FROM sbtest5 WHERE k BETWEEN 6569687 AND 6569787
	Bitmap Heap Scan on sbtest5  (cost=5.52..425.44 rows=106 width=125)
	  Recheck Cond: ((k >= 6569687) AND (k <= 6569787))
	  ->  Bitmap Index Scan on k_5  (cost=0.00..5.50 rows=106 width=0)
	        Index Cond: ((k >= 6569687) AND (k <= 6569787))

table 6 : explain SELECT k, c FROM sbtest6 WHERE k BETWEEN 6569687 AND 6569787
	Bitmap Heap Scan on sbtest6  (cost=5.44..393.88 rows=98 width=125)
	  Recheck Cond: ((k >= 6569687) AND (k <= 6569787))
	  ->  Bitmap Index Scan on k_6  (cost=0.00..5.42 rows=98 width=0)
	        Index Cond: ((k >= 6569687) AND (k <= 6569787))

table 7 : explain SELECT k, c FROM sbtest7 WHERE k BETWEEN 6569687 AND 6569787
	Bitmap Heap Scan on sbtest7  (cost=5.50..417.57 rows=104 width=125)
	  Recheck Cond: ((k >= 6569687) AND (k <= 6569787))
	  ->  Bitmap Index Scan on k_7  (cost=0.00..5.47 rows=104 width=0)
	        Index Cond: ((k >= 6569687) AND (k <= 6569787))

table 8 : explain SELECT k, c FROM sbtest8 WHERE k BETWEEN 6569687 AND 6569787
	Bitmap Heap Scan on sbtest8  (cost=5.43..389.94 rows=97 width=125)
	  Recheck Cond: ((k >= 6569687) AND (k <= 6569787))
	  ->  Bitmap Index Scan on k_8  (cost=0.00..5.40 rows=97 width=0)
	        Index Cond: ((k >= 6569687) AND (k <= 6569787))


for range-notcovered
table 1 : explain SELECT k, c FROM sbtest1 WHERE k BETWEEN 2911271 AND 2911371
	Bitmap Heap Scan on sbtest1  (cost=5.47..405.50 rows=101 width=125)
	  Recheck Cond: ((k >= 2911271) AND (k <= 2911371))
	  ->  Bitmap Index Scan on k_1  (cost=0.00..5.44 rows=101 width=0)
	        Index Cond: ((k >= 2911271) AND (k <= 2911371))

table 2 : explain SELECT k, c FROM sbtest2 WHERE k BETWEEN 2911271 AND 2911371
	Bitmap Heap Scan on sbtest2  (cost=5.52..425.36 rows=106 width=125)
	  Recheck Cond: ((k >= 2911271) AND (k <= 2911371))
	  ->  Bitmap Index Scan on k_2  (cost=0.00..5.50 rows=106 width=0)
	        Index Cond: ((k >= 2911271) AND (k <= 2911371))

table 3 : explain SELECT k, c FROM sbtest3 WHERE k BETWEEN 2911271 AND 2911371
	Bitmap Heap Scan on sbtest3  (cost=5.45..397.71 rows=99 width=125)
	  Recheck Cond: ((k >= 2911271) AND (k <= 2911371))
	  ->  Bitmap Index Scan on k_3  (cost=0.00..5.42 rows=99 width=0)
	        Index Cond: ((k >= 2911271) AND (k <= 2911371))

table 4 : explain SELECT k, c FROM sbtest4 WHERE k BETWEEN 2911271 AND 2911371
	Bitmap Heap Scan on sbtest4  (cost=5.56..441.22 rows=110 width=125)
	  Recheck Cond: ((k >= 2911271) AND (k <= 2911371))
	  ->  Bitmap Index Scan on k_4  (cost=0.00..5.53 rows=110 width=0)
	        Index Cond: ((k >= 2911271) AND (k <= 2911371))

table 5 : explain SELECT k, c FROM sbtest5 WHERE k BETWEEN 2911271 AND 2911371
	Bitmap Heap Scan on sbtest5  (cost=5.43..389.92 rows=97 width=125)
	  Recheck Cond: ((k >= 2911271) AND (k <= 2911371))
	  ->  Bitmap Index Scan on k_5  (cost=0.00..5.40 rows=97 width=0)
	        Index Cond: ((k >= 2911271) AND (k <= 2911371))

table 6 : explain SELECT k, c FROM sbtest6 WHERE k BETWEEN 2911271 AND 2911371
	Bitmap Heap Scan on sbtest6  (cost=5.44..393.88 rows=98 width=125)
	  Recheck Cond: ((k >= 2911271) AND (k <= 2911371))
	  ->  Bitmap Index Scan on k_6  (cost=0.00..5.42 rows=98 width=0)
	        Index Cond: ((k >= 2911271) AND (k <= 2911371))

table 7 : explain SELECT k, c FROM sbtest7 WHERE k BETWEEN 2911271 AND 2911371
	Bitmap Heap Scan on sbtest7  (cost=5.49..413.62 rows=103 width=125)
	  Recheck Cond: ((k >= 2911271) AND (k <= 2911371))
	  ->  Bitmap Index Scan on k_7  (cost=0.00..5.46 rows=103 width=0)
	        Index Cond: ((k >= 2911271) AND (k <= 2911371))

table 8 : explain SELECT k, c FROM sbtest8 WHERE k BETWEEN 2911271 AND 2911371
	Bitmap Heap Scan on sbtest8  (cost=5.54..433.35 rows=108 width=125)
	  Recheck Cond: ((k >= 2911271) AND (k <= 2911371))
	  ->  Bitmap Index Scan on k_8  (cost=0.00..5.51 rows=108 width=0)
	        Index Cond: ((k >= 2911271) AND (k <= 2911371))
explain: for range-notcovered :: explain SELECT k, c FROM sbtest%d WHERE k BETWEEN 7351468 AND 7351568

explain: for range-notcovered :: explain SELECT k, c FROM sbtest%d WHERE k BETWEEN 5386731 AND 5386831

explain: for range-notcovered :: explain SELECT k, c FROM sbtest%d WHERE k BETWEEN 4272102 AND 4272202
explain: for range-notcovered :: explain SELECT k, c FROM sbtest%d WHERE k BETWEEN 7854149 AND 7854249
explain: for range-notcovered :: explain SELECT k, c FROM sbtest%d WHERE k BETWEEN 6569687 AND 6569787
explain: for range-notcovered :: explain SELECT k, c FROM sbtest%d WHERE k BETWEEN 3939054 AND 3939154
explain: for range-notcovered :: explain SELECT k, c FROM sbtest%d WHERE k BETWEEN 2911271 AND 2911371
for range-notcovered
table 1 : explain SELECT k, c FROM sbtest1 WHERE k BETWEEN 9821746 AND 9821846
	Bitmap Heap Scan on sbtest1  (cost=5.45..397.61 rows=99 width=125)
	  Recheck Cond: ((k >= 9821746) AND (k <= 9821846))
	  ->  Bitmap Index Scan on k_1  (cost=0.00..5.42 rows=99 width=0)
	        Index Cond: ((k >= 9821746) AND (k <= 9821846))

table 2 : explain SELECT k, c FROM sbtest2 WHERE k BETWEEN 9821746 AND 9821846
	Bitmap Heap Scan on sbtest2  (cost=5.37..366.15 rows=91 width=125)
	  Recheck Cond: ((k >= 9821746) AND (k <= 9821846))
	  ->  Bitmap Index Scan on k_2  (cost=0.00..5.34 rows=91 width=0)
	        Index Cond: ((k >= 9821746) AND (k <= 9821846))

table 3 : explain SELECT k, c FROM sbtest3 WHERE k BETWEEN 9821746 AND 9821846
	Bitmap Heap Scan on sbtest3  (cost=5.58..448.98 rows=112 width=125)
	  Recheck Cond: ((k >= 9821746) AND (k <= 9821846))
	  ->  Bitmap Index Scan on k_3  (cost=0.00..5.55 rows=112 width=0)
	        Index Cond: ((k >= 9821746) AND (k <= 9821846))

table 4 : explain SELECT k, c FROM sbtest4 WHERE k BETWEEN 9821746 AND 9821846
	Bitmap Heap Scan on sbtest4  (cost=5.52..425.44 rows=106 width=125)
	  Recheck Cond: ((k >= 9821746) AND (k <= 9821846))
	  ->  Bitmap Index Scan on k_4  (cost=0.00..5.50 rows=106 width=0)
	        Index Cond: ((k >= 9821746) AND (k <= 9821846))

table 5 : explain SELECT k, c FROM sbtest5 WHERE k BETWEEN 9821746 AND 9821846
	Bitmap Heap Scan on sbtest5  (cost=5.49..413.60 rows=103 width=125)
	  Recheck Cond: ((k >= 9821746) AND (k <= 9821846))
	  ->  Bitmap Index Scan on k_5  (cost=0.00..5.46 rows=103 width=0)
	        Index Cond: ((k >= 9821746) AND (k <= 9821846))

table 6 : explain SELECT k, c FROM sbtest6 WHERE k BETWEEN 9821746 AND 9821846
	Bitmap Heap Scan on sbtest6  (cost=5.37..366.23 rows=91 width=125)
	  Recheck Cond: ((k >= 9821746) AND (k <= 9821846))
	  ->  Bitmap Index Scan on k_6  (cost=0.00..5.34 rows=91 width=0)
	        Index Cond: ((k >= 9821746) AND (k <= 9821846))

table 7 : explain SELECT k, c FROM sbtest7 WHERE k BETWEEN 9821746 AND 9821846
	Bitmap Heap Scan on sbtest7  (cost=5.58..449.13 rows=112 width=125)
	  Recheck Cond: ((k >= 9821746) AND (k <= 9821846))
	  ->  Bitmap Index Scan on k_7  (cost=0.00..5.55 rows=112 width=0)
	        Index Cond: ((k >= 9821746) AND (k <= 9821846))

table 8 : explain SELECT k, c FROM sbtest8 WHERE k BETWEEN 9821746 AND 9821846
	Bitmap Heap Scan on sbtest8  (cost=5.55..437.29 rows=109 width=125)
	  Recheck Cond: ((k >= 9821746) AND (k <= 9821846))
	  ->  Bitmap Index Scan on k_8  (cost=0.00..5.52 rows=109 width=0)
	        Index Cond: ((k >= 9821746) AND (k <= 9821846))

explain: for range-notcovered :: explain SELECT k, c FROM sbtest%d WHERE k BETWEEN 9821746 AND 9821846
for range-notcovered
table 1 : explain SELECT k, c FROM sbtest1 WHERE k BETWEEN 4439266 AND 4439366
	Bitmap Heap Scan on sbtest1  (cost=5.48..409.44 rows=102 width=125)
	  Recheck Cond: ((k >= 4439266) AND (k <= 4439366))
	  ->  Bitmap Index Scan on k_1  (cost=0.00..5.45 rows=102 width=0)
	        Index Cond: ((k >= 4439266) AND (k <= 4439366))

table 2 : explain SELECT k, c FROM sbtest2 WHERE k BETWEEN 4439266 AND 4439366
	Bitmap Heap Scan on sbtest2  (cost=5.46..401.69 rows=100 width=125)
	  Recheck Cond: ((k >= 4439266) AND (k <= 4439366))
	  ->  Bitmap Index Scan on k_2  (cost=0.00..5.43 rows=100 width=0)
	        Index Cond: ((k >= 4439266) AND (k <= 4439366))

table 3 : explain SELECT k, c FROM sbtest3 WHERE k BETWEEN 4439266 AND 4439366
	Bitmap Heap Scan on sbtest3  (cost=5.53..429.27 rows=107 width=125)
	  Recheck Cond: ((k >= 4439266) AND (k <= 4439366))
	  ->  Bitmap Index Scan on k_3  (cost=0.00..5.50 rows=107 width=0)
	        Index Cond: ((k >= 4439266) AND (k <= 4439366))

table 4 : explain SELECT k, c FROM sbtest4 WHERE k BETWEEN 4439266 AND 4439366
	Bitmap Heap Scan on sbtest4  (cost=5.38..370.18 rows=92 width=125)
	  Recheck Cond: ((k >= 4439266) AND (k <= 4439366))
	  ->  Bitmap Index Scan on k_4  (cost=0.00..5.35 rows=92 width=0)
	        Index Cond: ((k >= 4439266) AND (k <= 4439366))

table 5 : explain SELECT k, c FROM sbtest5 WHERE k BETWEEN 4439266 AND 4439366
	Bitmap Heap Scan on sbtest5  (cost=5.46..401.76 rows=100 width=125)
	  Recheck Cond: ((k >= 4439266) AND (k <= 4439366))
	  ->  Bitmap Index Scan on k_5  (cost=0.00..5.43 rows=100 width=0)
	        Index Cond: ((k >= 4439266) AND (k <= 4439366))

table 6 : explain SELECT k, c FROM sbtest6 WHERE k BETWEEN 4439266 AND 4439366
	Bitmap Heap Scan on sbtest6  (cost=5.58..449.12 rows=112 width=125)
	  Recheck Cond: ((k >= 4439266) AND (k <= 4439366))
	  ->  Bitmap Index Scan on k_6  (cost=0.00..5.55 rows=112 width=0)
	        Index Cond: ((k >= 4439266) AND (k <= 4439366))

table 7 : explain SELECT k, c FROM sbtest7 WHERE k BETWEEN 4439266 AND 4439366
	Bitmap Heap Scan on sbtest7  (cost=5.61..460.95 rows=115 width=125)
	  Recheck Cond: ((k >= 4439266) AND (k <= 4439366))
	  ->  Bitmap Index Scan on k_7  (cost=0.00..5.58 rows=115 width=0)
	        Index Cond: ((k >= 4439266) AND (k <= 4439366))

table 8 : explain SELECT k, c FROM sbtest8 WHERE k BETWEEN 4439266 AND 4439366
	Bitmap Heap Scan on sbtest8  (cost=5.48..409.67 rows=102 width=125)
	  Recheck Cond: ((k >= 4439266) AND (k <= 4439366))
	  ->  Bitmap Index Scan on k_8  (cost=0.00..5.45 rows=102 width=0)
	        Index Cond: ((k >= 4439266) AND (k <= 4439366))

for range-notcovered
table 1 : explain SELECT k, c FROM sbtest1 WHERE k BETWEEN 4344646 AND 4344746
	Bitmap Heap Scan on sbtest1  (cost=5.45..397.61 rows=99 width=125)
	  Recheck Cond: ((k >= 4344646) AND (k <= 4344746))
	  ->  Bitmap Index Scan on k_1  (cost=0.00..5.42 rows=99 width=0)
	        Index Cond: ((k >= 4344646) AND (k <= 4344746))

table 2 : explain SELECT k, c FROM sbtest2 WHERE k BETWEEN 4344646 AND 4344746
	Bitmap Heap Scan on sbtest2  (cost=5.45..397.74 rows=99 width=125)
	  Recheck Cond: ((k >= 4344646) AND (k <= 4344746))
	  ->  Bitmap Index Scan on k_2  (cost=0.00..5.42 rows=99 width=0)
	        Index Cond: ((k >= 4344646) AND (k <= 4344746))

table 3 : explain SELECT k, c FROM sbtest3 WHERE k BETWEEN 4344646 AND 4344746
	Bitmap Heap Scan on sbtest3  (cost=5.45..397.71 rows=99 width=125)
	  Recheck Cond: ((k >= 4344646) AND (k <= 4344746))
	  ->  Bitmap Index Scan on k_3  (cost=0.00..5.42 rows=99 width=0)
	        Index Cond: ((k >= 4344646) AND (k <= 4344746))

table 4 : explain SELECT k, c FROM sbtest4 WHERE k BETWEEN 4344646 AND 4344746
	Bitmap Heap Scan on sbtest4  (cost=5.38..370.18 rows=92 width=125)
	  Recheck Cond: ((k >= 4344646) AND (k <= 4344746))
	  ->  Bitmap Index Scan on k_4  (cost=0.00..5.35 rows=92 width=0)
	        Index Cond: ((k >= 4344646) AND (k <= 4344746))

table 5 : explain SELECT k, c FROM sbtest5 WHERE k BETWEEN 4344646 AND 4344746
	Bitmap Heap Scan on sbtest5  (cost=5.53..429.38 rows=107 width=125)
	  Recheck Cond: ((k >= 4344646) AND (k <= 4344746))
	  ->  Bitmap Index Scan on k_5  (cost=0.00..5.50 rows=107 width=0)
	        Index Cond: ((k >= 4344646) AND (k <= 4344746))

table 6 : explain SELECT k, c FROM sbtest6 WHERE k BETWEEN 4344646 AND 4344746
	Bitmap Heap Scan on sbtest6  (cost=5.54..433.34 rows=108 width=125)
	  Recheck Cond: ((k >= 4344646) AND (k <= 4344746))
	  ->  Bitmap Index Scan on k_6  (cost=0.00..5.51 rows=108 width=0)
	        Index Cond: ((k >= 4344646) AND (k <= 4344746))

table 7 : explain SELECT k, c FROM sbtest7 WHERE k BETWEEN 4344646 AND 4344746
	Bitmap Heap Scan on sbtest7  (cost=5.49..413.62 rows=103 width=125)
	  Recheck Cond: ((k >= 4344646) AND (k <= 4344746))
	  ->  Bitmap Index Scan on k_7  (cost=0.00..5.46 rows=103 width=0)
	        Index Cond: ((k >= 4344646) AND (k <= 4344746))

table 8 : explain SELECT k, c FROM sbtest8 WHERE k BETWEEN 4344646 AND 4344746
	Bitmap Heap Scan on sbtest8  (cost=5.58..449.12 rows=112 width=125)
	  Recheck Cond: ((k >= 4344646) AND (k <= 4344746))
	  ->  Bitmap Index Scan on k_8  (cost=0.00..5.55 rows=112 width=0)
	        Index Cond: ((k >= 4344646) AND (k <= 4344746))

explain: for range-notcovered :: explain SELECT k, c FROM sbtest%d WHERE k BETWEEN 4439266 AND 4439366
for range-notcovered
table 1 : explain SELECT k, c FROM sbtest1 WHERE k BETWEEN 7351468 AND 7351568
	Bitmap Heap Scan on sbtest1  (cost=5.44..393.67 rows=98 width=125)
	  Recheck Cond: ((k >= 7351468) AND (k <= 7351568))
	  ->  Bitmap Index Scan on k_1  (cost=0.00..5.42 rows=98 width=0)
	        Index Cond: ((k >= 7351468) AND (k <= 7351568))

table 2 : explain SELECT k, c FROM sbtest2 WHERE k BETWEEN 7351468 AND 7351568
	Bitmap Heap Scan on sbtest2  (cost=5.39..374.05 rows=93 width=125)
	  Recheck Cond: ((k >= 7351468) AND (k <= 7351568))
	  ->  Bitmap Index Scan on k_2  (cost=0.00..5.36 rows=93 width=0)
	        Index Cond: ((k >= 7351468) AND (k <= 7351568))

table 3 : explain SELECT k, c FROM sbtest3 WHERE k BETWEEN 7351468 AND 7351568
	Bitmap Heap Scan on sbtest3  (cost=5.51..421.38 rows=105 width=125)
	  Recheck Cond: ((k >= 7351468) AND (k <= 7351568))
	  ->  Bitmap Index Scan on k_3  (cost=0.00..5.48 rows=105 width=0)
	        Index Cond: ((k >= 7351468) AND (k <= 7351568))

table 4 : explain SELECT k, c FROM sbtest4 WHERE k BETWEEN 7351468 AND 7351568
	Bitmap Heap Scan on sbtest4  (cost=5.46..401.77 rows=100 width=125)
	  Recheck Cond: ((k >= 7351468) AND (k <= 7351568))
	  ->  Bitmap Index Scan on k_4  (cost=0.00..5.43 rows=100 width=0)
	        Index Cond: ((k >= 7351468) AND (k <= 7351568))

table 5 : explain SELECT k, c FROM sbtest5 WHERE k BETWEEN 7351468 AND 7351568
	Bitmap Heap Scan on sbtest5  (cost=5.64..472.75 rows=118 width=125)
	  Recheck Cond: ((k >= 7351468) AND (k <= 7351568))
	  ->  Bitmap Index Scan on k_5  (cost=0.00..5.61 rows=118 width=0)
	        Index Cond: ((k >= 7351468) AND (k <= 7351568))

table 6 : explain SELECT k, c FROM sbtest6 WHERE k BETWEEN 7351468 AND 7351568
	Bitmap Heap Scan on sbtest6  (cost=5.61..460.95 rows=115 width=125)
	  Recheck Cond: ((k >= 7351468) AND (k <= 7351568))
	  ->  Bitmap Index Scan on k_6  (cost=0.00..5.58 rows=115 width=0)
	        Index Cond: ((k >= 7351468) AND (k <= 7351568))

table 7 : explain SELECT k, c FROM sbtest7 WHERE k BETWEEN 7351468 AND 7351568
	Bitmap Heap Scan on sbtest7  (cost=5.45..397.83 rows=99 width=125)
	  Recheck Cond: ((k >= 7351468) AND (k <= 7351568))
	  ->  Bitmap Index Scan on k_7  (cost=0.00..5.42 rows=99 width=0)
	        Index Cond: ((k >= 7351468) AND (k <= 7351568))

table 8 : explain SELECT k, c FROM sbtest8 WHERE k BETWEEN 7351468 AND 7351568
	Bitmap Heap Scan on sbtest8  (cost=5.57..445.18 rows=111 width=125)
	  Recheck Cond: ((k >= 7351468) AND (k <= 7351568))
	  ->  Bitmap Index Scan on k_8  (cost=0.00..5.54 rows=111 width=0)
	        Index Cond: ((k >= 7351468) AND (k <= 7351568))

for range-notcovered
table 1 : explain SELECT k, c FROM sbtest1 WHERE k BETWEEN 5386731 AND 5386831
	Bitmap Heap Scan on sbtest1  (cost=5.53..429.16 rows=107 width=125)
	  Recheck Cond: ((k >= 5386731) AND (k <= 5386831))
	  ->  Bitmap Index Scan on k_1  (cost=0.00..5.50 rows=107 width=0)
	        Index Cond: ((k >= 5386731) AND (k <= 5386831))

table 2 : explain SELECT k, c FROM sbtest2 WHERE k BETWEEN 5386731 AND 5386831
	Bitmap Heap Scan on sbtest2  (cost=5.44..393.79 rows=98 width=125)
	  Recheck Cond: ((k >= 5386731) AND (k <= 5386831))
	  ->  Bitmap Index Scan on k_2  (cost=0.00..5.42 rows=98 width=0)
	        Index Cond: ((k >= 5386731) AND (k <= 5386831))

table 3 : explain SELECT k, c FROM sbtest3 WHERE k BETWEEN 5386731 AND 5386831
	Bitmap Heap Scan on sbtest3  (cost=5.48..409.55 rows=102 width=125)
	  Recheck Cond: ((k >= 5386731) AND (k <= 5386831))
	  ->  Bitmap Index Scan on k_3  (cost=0.00..5.45 rows=102 width=0)
	        Index Cond: ((k >= 5386731) AND (k <= 5386831))

table 4 : explain SELECT k, c FROM sbtest4 WHERE k BETWEEN 5386731 AND 5386831
	Bitmap Heap Scan on sbtest4  (cost=5.38..370.18 rows=92 width=125)
	  Recheck Cond: ((k >= 5386731) AND (k <= 5386831))
	  ->  Bitmap Index Scan on k_4  (cost=0.00..5.35 rows=92 width=0)
	        Index Cond: ((k >= 5386731) AND (k <= 5386831))

table 5 : explain SELECT k, c FROM sbtest5 WHERE k BETWEEN 5386731 AND 5386831
	Bitmap Heap Scan on sbtest5  (cost=5.52..425.44 rows=106 width=125)
	  Recheck Cond: ((k >= 5386731) AND (k <= 5386831))
	  ->  Bitmap Index Scan on k_5  (cost=0.00..5.50 rows=106 width=0)
	        Index Cond: ((k >= 5386731) AND (k <= 5386831))

table 6 : explain SELECT k, c FROM sbtest6 WHERE k BETWEEN 5386731 AND 5386831
	Bitmap Heap Scan on sbtest6  (cost=5.51..421.51 rows=105 width=125)
	  Recheck Cond: ((k >= 5386731) AND (k <= 5386831))
	  ->  Bitmap Index Scan on k_6  (cost=0.00..5.48 rows=105 width=0)
	        Index Cond: ((k >= 5386731) AND (k <= 5386831))

table 7 : explain SELECT k, c FROM sbtest7 WHERE k BETWEEN 5386731 AND 5386831
	Bitmap Heap Scan on sbtest7  (cost=5.48..409.68 rows=102 width=125)
	  Recheck Cond: ((k >= 5386731) AND (k <= 5386831))
	  ->  Bitmap Index Scan on k_7  (cost=0.00..5.45 rows=102 width=0)
	        Index Cond: ((k >= 5386731) AND (k <= 5386831))

table 8 : explain SELECT k, c FROM sbtest8 WHERE k BETWEEN 5386731 AND 5386831
	Bitmap Heap Scan on sbtest8  (cost=5.41..382.04 rows=95 width=125)
	  Recheck Cond: ((k >= 5386731) AND (k <= 5386831))
	  ->  Bitmap Index Scan on k_8  (cost=0.00..5.38 rows=95 width=0)
	        Index Cond: ((k >= 5386731) AND (k <= 5386831))
explain: for range-notcovered :: explain SELECT k, c FROM sbtest%d WHERE k BETWEEN 4344646 AND 4344746

for range-notcovered
table 1 : explain SELECT k, c FROM sbtest1 WHERE k BETWEEN 2565359 AND 2565459
	Bitmap Heap Scan on sbtest1  (cost=5.58..448.86 rows=112 width=125)
	  Recheck Cond: ((k >= 2565359) AND (k <= 2565459))
	  ->  Bitmap Index Scan on k_1  (cost=0.00..5.55 rows=112 width=0)
	        Index Cond: ((k >= 2565359) AND (k <= 2565459))

table 2 : explain SELECT k, c FROM sbtest2 WHERE k BETWEEN 2565359 AND 2565459
	Bitmap Heap Scan on sbtest2  (cost=5.40..378.00 rows=94 width=125)
	  Recheck Cond: ((k >= 2565359) AND (k <= 2565459))
	  ->  Bitmap Index Scan on k_2  (cost=0.00..5.38 rows=94 width=0)
	        Index Cond: ((k >= 2565359) AND (k <= 2565459))

table 3 : explain SELECT k, c FROM sbtest3 WHERE k BETWEEN 2565359 AND 2565459
	Bitmap Heap Scan on sbtest3  (cost=5.50..417.44 rows=104 width=125)
	  Recheck Cond: ((k >= 2565359) AND (k <= 2565459))
	  ->  Bitmap Index Scan on k_3  (cost=0.00..5.47 rows=104 width=0)
	        Index Cond: ((k >= 2565359) AND (k <= 2565459))

table 4 : explain SELECT k, c FROM sbtest4 WHERE k BETWEEN 2565359 AND 2565459
	Bitmap Heap Scan on sbtest4  (cost=5.41..382.03 rows=95 width=125)
	  Recheck Cond: ((k >= 2565359) AND (k <= 2565459))
	  ->  Bitmap Index Scan on k_4  (cost=0.00..5.38 rows=95 width=0)
	        Index Cond: ((k >= 2565359) AND (k <= 2565459))

table 5 : explain SELECT k, c FROM sbtest5 WHERE k BETWEEN 2565359 AND 2565459
	Bitmap Heap Scan on sbtest5  (cost=5.54..433.33 rows=108 width=125)
	  Recheck Cond: ((k >= 2565359) AND (k <= 2565459))
	  ->  Bitmap Index Scan on k_5  (cost=0.00..5.51 rows=108 width=0)
	        Index Cond: ((k >= 2565359) AND (k <= 2565459))

table 6 : explain SELECT k, c FROM sbtest6 WHERE k BETWEEN 2565359 AND 2565459
	Bitmap Heap Scan on sbtest6  (cost=5.50..417.56 rows=104 width=125)
	  Recheck Cond: ((k >= 2565359) AND (k <= 2565459))
	  ->  Bitmap Index Scan on k_6  (cost=0.00..5.47 rows=104 width=0)
	        Index Cond: ((k >= 2565359) AND (k <= 2565459))

table 7 : explain SELECT k, c FROM sbtest7 WHERE k BETWEEN 2565359 AND 2565459
	Bitmap Heap Scan on sbtest7  (cost=5.40..378.09 rows=94 width=125)
	  Recheck Cond: ((k >= 2565359) AND (k <= 2565459))
	  ->  Bitmap Index Scan on k_7  (cost=0.00..5.38 rows=94 width=0)
	        Index Cond: ((k >= 2565359) AND (k <= 2565459))

table 8 : explain SELECT k, c FROM sbtest8 WHERE k BETWEEN 2565359 AND 2565459
	Bitmap Heap Scan on sbtest8  (cost=5.44..393.88 rows=98 width=125)
	  Recheck Cond: ((k >= 2565359) AND (k <= 2565459))
	  ->  Bitmap Index Scan on k_8  (cost=0.00..5.42 rows=98 width=0)
	        Index Cond: ((k >= 2565359) AND (k <= 2565459))

explain: for range-notcovered :: explain SELECT k, c FROM sbtest%d WHERE k BETWEEN 7351468 AND 7351568
explain: for range-notcovered :: explain SELECT k, c FROM sbtest%d WHERE k BETWEEN 5386731 AND 5386831
explain: for range-notcovered :: explain SELECT k, c FROM sbtest%d WHERE k BETWEEN 2565359 AND 2565459
for range-notcovered
table 1 : explain SELECT k, c FROM sbtest1 WHERE k BETWEEN 7854149 AND 7854249
	Bitmap Heap Scan on sbtest1  (cost=5.59..452.80 rows=113 width=125)
	  Recheck Cond: ((k >= 7854149) AND (k <= 7854249))
	  ->  Bitmap Index Scan on k_1  (cost=0.00..5.56 rows=113 width=0)
	        Index Cond: ((k >= 7854149) AND (k <= 7854249))

table 2 : explain SELECT k, c FROM sbtest2 WHERE k BETWEEN 7854149 AND 7854249
	Bitmap Heap Scan on sbtest2  (cost=5.49..413.52 rows=103 width=125)
	  Recheck Cond: ((k >= 7854149) AND (k <= 7854249))
	  ->  Bitmap Index Scan on k_2  (cost=0.00..5.46 rows=103 width=0)
	        Index Cond: ((k >= 7854149) AND (k <= 7854249))

table 3 : explain SELECT k, c FROM sbtest3 WHERE k BETWEEN 7854149 AND 7854249
	Bitmap Heap Scan on sbtest3  (cost=5.40..377.98 rows=94 width=125)
	  Recheck Cond: ((k >= 7854149) AND (k <= 7854249))
	  ->  Bitmap Index Scan on k_3  (cost=0.00..5.38 rows=94 width=0)
	        Index Cond: ((k >= 7854149) AND (k <= 7854249))

table 4 : explain SELECT k, c FROM sbtest4 WHERE k BETWEEN 7854149 AND 7854249
	Bitmap Heap Scan on sbtest4  (cost=5.41..382.03 rows=95 width=125)
	  Recheck Cond: ((k >= 7854149) AND (k <= 7854249))
	  ->  Bitmap Index Scan on k_4  (cost=0.00..5.38 rows=95 width=0)
	        Index Cond: ((k >= 7854149) AND (k <= 7854249))

table 5 : explain SELECT k, c FROM sbtest5 WHERE k BETWEEN 7854149 AND 7854249
	Bitmap Heap Scan on sbtest5  (cost=5.54..433.33 rows=108 width=125)
	  Recheck Cond: ((k >= 7854149) AND (k <= 7854249))
	  ->  Bitmap Index Scan on k_5  (cost=0.00..5.51 rows=108 width=0)
	        Index Cond: ((k >= 7854149) AND (k <= 7854249))

table 6 : explain SELECT k, c FROM sbtest6 WHERE k BETWEEN 7854149 AND 7854249
	Bitmap Heap Scan on sbtest6  (cost=5.50..417.56 rows=104 width=125)
	  Recheck Cond: ((k >= 7854149) AND (k <= 7854249))
	  ->  Bitmap Index Scan on k_6  (cost=0.00..5.47 rows=104 width=0)
	        Index Cond: ((k >= 7854149) AND (k <= 7854249))

table 7 : explain SELECT k, c FROM sbtest7 WHERE k BETWEEN 7854149 AND 7854249
	Bitmap Heap Scan on sbtest7  (cost=5.40..378.09 rows=94 width=125)
	  Recheck Cond: ((k >= 7854149) AND (k <= 7854249))
	  ->  Bitmap Index Scan on k_7  (cost=0.00..5.38 rows=94 width=0)
	        Index Cond: ((k >= 7854149) AND (k <= 7854249))

table 8 : explain SELECT k, c FROM sbtest8 WHERE k BETWEEN 7854149 AND 7854249
	Bitmap Heap Scan on sbtest8  (cost=5.50..417.57 rows=104 width=125)
	  Recheck Cond: ((k >= 7854149) AND (k <= 7854249))
	  ->  Bitmap Index Scan on k_8  (cost=0.00..5.47 rows=104 width=0)
	        Index Cond: ((k >= 7854149) AND (k <= 7854249))

for range-notcovered
table 1 : explain SELECT k, c FROM sbtest1 WHERE k BETWEEN 6569687 AND 6569787
	Bitmap Heap Scan on sbtest1  (cost=5.40..377.88 rows=94 width=125)
	  Recheck Cond: ((k >= 6569687) AND (k <= 6569787))
	  ->  Bitmap Index Scan on k_1  (cost=0.00..5.38 rows=94 width=0)
	        Index Cond: ((k >= 6569687) AND (k <= 6569787))

table 2 : explain SELECT k, c FROM sbtest2 WHERE k BETWEEN 6569687 AND 6569787
	Bitmap Heap Scan on sbtest2  (cost=5.45..397.74 rows=99 width=125)
	  Recheck Cond: ((k >= 6569687) AND (k <= 6569787))
	  ->  Bitmap Index Scan on k_2  (cost=0.00..5.42 rows=99 width=0)
	        Index Cond: ((k >= 6569687) AND (k <= 6569787))

table 3 : explain SELECT k, c FROM sbtest3 WHERE k BETWEEN 6569687 AND 6569787
	Bitmap Heap Scan on sbtest3  (cost=5.49..413.49 rows=103 width=125)
	  Recheck Cond: ((k >= 6569687) AND (k <= 6569787))
	  ->  Bitmap Index Scan on k_3  (cost=0.00..5.46 rows=103 width=0)
	        Index Cond: ((k >= 6569687) AND (k <= 6569787))

table 4 : explain SELECT k, c FROM sbtest4 WHERE k BETWEEN 6569687 AND 6569787
	Bitmap Heap Scan on sbtest4  (cost=5.57..445.16 rows=111 width=125)
	  Recheck Cond: ((k >= 6569687) AND (k <= 6569787))
	  ->  Bitmap Index Scan on k_4  (cost=0.00..5.54 rows=111 width=0)
	        Index Cond: ((k >= 6569687) AND (k <= 6569787))

table 5 : explain SELECT k, c FROM sbtest5 WHERE k BETWEEN 6569687 AND 6569787
	Bitmap Heap Scan on sbtest5  (cost=5.52..425.44 rows=106 width=125)
	  Recheck Cond: ((k >= 6569687) AND (k <= 6569787))
	  ->  Bitmap Index Scan on k_5  (cost=0.00..5.50 rows=106 width=0)
	        Index Cond: ((k >= 6569687) AND (k <= 6569787))

table 6 : explain SELECT k, c FROM sbtest6 WHERE k BETWEEN 6569687 AND 6569787
	Bitmap Heap Scan on sbtest6  (cost=5.44..393.88 rows=98 width=125)
	  Recheck Cond: ((k >= 6569687) AND (k <= 6569787))
	  ->  Bitmap Index Scan on k_6  (cost=0.00..5.42 rows=98 width=0)
	        Index Cond: ((k >= 6569687) AND (k <= 6569787))

table 7 : explain SELECT k, c FROM sbtest7 WHERE k BETWEEN 6569687 AND 6569787
	Bitmap Heap Scan on sbtest7  (cost=5.50..417.57 rows=104 width=125)
	  Recheck Cond: ((k >= 6569687) AND (k <= 6569787))
	  ->  Bitmap Index Scan on k_7  (cost=0.00..5.47 rows=104 width=0)
	        Index Cond: ((k >= 6569687) AND (k <= 6569787))

table 8 : explain SELECT k, c FROM sbtest8 WHERE k BETWEEN 6569687 AND 6569787
	Bitmap Heap Scan on sbtest8  (cost=5.43..389.94 rows=97 width=125)
	  Recheck Cond: ((k >= 6569687) AND (k <= 6569787))
	  ->  Bitmap Index Scan on k_8  (cost=0.00..5.40 rows=97 width=0)
	        Index Cond: ((k >= 6569687) AND (k <= 6569787))

for range-notcovered
table 1 : explain SELECT k, c FROM sbtest1 WHERE k BETWEEN 7365155 AND 7365255
	Bitmap Heap Scan on sbtest1  (cost=5.44..393.67 rows=98 width=125)
	  Recheck Cond: ((k >= 7365155) AND (k <= 7365255))
	  ->  Bitmap Index Scan on k_1  (cost=0.00..5.42 rows=98 width=0)
	        Index Cond: ((k >= 7365155) AND (k <= 7365255))

table 2 : explain SELECT k, c FROM sbtest2 WHERE k BETWEEN 7365155 AND 7365255
	Bitmap Heap Scan on sbtest2  (cost=5.39..374.05 rows=93 width=125)
	  Recheck Cond: ((k >= 7365155) AND (k <= 7365255))
	  ->  Bitmap Index Scan on k_2  (cost=0.00..5.36 rows=93 width=0)
	        Index Cond: ((k >= 7365155) AND (k <= 7365255))

table 3 : explain SELECT k, c FROM sbtest3 WHERE k BETWEEN 7365155 AND 7365255
	Bitmap Heap Scan on sbtest3  (cost=5.51..421.38 rows=105 width=125)
	  Recheck Cond: ((k >= 7365155) AND (k <= 7365255))
	  ->  Bitmap Index Scan on k_3  (cost=0.00..5.48 rows=105 width=0)
	        Index Cond: ((k >= 7365155) AND (k <= 7365255))

table 4 : explain SELECT k, c FROM sbtest4 WHERE k BETWEEN 7365155 AND 7365255
	Bitmap Heap Scan on sbtest4  (cost=5.46..401.77 rows=100 width=125)
	  Recheck Cond: ((k >= 7365155) AND (k <= 7365255))
	  ->  Bitmap Index Scan on k_4  (cost=0.00..5.43 rows=100 width=0)
	        Index Cond: ((k >= 7365155) AND (k <= 7365255))

table 5 : explain SELECT k, c FROM sbtest5 WHERE k BETWEEN 7365155 AND 7365255
	Bitmap Heap Scan on sbtest5  (cost=5.64..472.75 rows=118 width=125)
	  Recheck Cond: ((k >= 7365155) AND (k <= 7365255))
	  ->  Bitmap Index Scan on k_5  (cost=0.00..5.61 rows=118 width=0)
	        Index Cond: ((k >= 7365155) AND (k <= 7365255))

table 6 : explain SELECT k, c FROM sbtest6 WHERE k BETWEEN 7365155 AND 7365255
	Bitmap Heap Scan on sbtest6  (cost=5.61..460.95 rows=115 width=125)
	  Recheck Cond: ((k >= 7365155) AND (k <= 7365255))
	  ->  Bitmap Index Scan on k_6  (cost=0.00..5.58 rows=115 width=0)
	        Index Cond: ((k >= 7365155) AND (k <= 7365255))

table 7 : explain SELECT k, c FROM sbtest7 WHERE k BETWEEN 7365155 AND 7365255
	Bitmap Heap Scan on sbtest7  (cost=5.45..397.83 rows=99 width=125)
	  Recheck Cond: ((k >= 7365155) AND (k <= 7365255))
	  ->  Bitmap Index Scan on k_7  (cost=0.00..5.42 rows=99 width=0)
	        Index Cond: ((k >= 7365155) AND (k <= 7365255))

table 8 : explain SELECT k, c FROM sbtest8 WHERE k BETWEEN 7365155 AND 7365255
	Bitmap Heap Scan on sbtest8  (cost=5.57..445.18 rows=111 width=125)
	  Recheck Cond: ((k >= 7365155) AND (k <= 7365255))
	  ->  Bitmap Index Scan on k_8  (cost=0.00..5.54 rows=111 width=0)
	        Index Cond: ((k >= 7365155) AND (k <= 7365255))

explain: for range-notcovered :: explain SELECT k, c FROM sbtest%d WHERE k BETWEEN 7854149 AND 7854249
explain: for range-notcovered :: explain SELECT k, c FROM sbtest%d WHERE k BETWEEN 6569687 AND 6569787
explain: for range-notcovered :: explain SELECT k, c FROM sbtest%d WHERE k BETWEEN 7365155 AND 7365255
for range-notcovered
table 1 : explain SELECT k, c FROM sbtest1 WHERE k BETWEEN 4272102 AND 4272202
	Bitmap Heap Scan on sbtest1  (cost=5.54..433.10 rows=108 width=125)
	  Recheck Cond: ((k >= 4272102) AND (k <= 4272202))
	  ->  Bitmap Index Scan on k_1  (cost=0.00..5.51 rows=108 width=0)
	        Index Cond: ((k >= 4272102) AND (k <= 4272202))

table 2 : explain SELECT k, c FROM sbtest2 WHERE k BETWEEN 4272102 AND 4272202
	Bitmap Heap Scan on sbtest2  (cost=5.47..405.63 rows=101 width=125)
	  Recheck Cond: ((k >= 4272102) AND (k <= 4272202))
	  ->  Bitmap Index Scan on k_2  (cost=0.00..5.44 rows=101 width=0)
	        Index Cond: ((k >= 4272102) AND (k <= 4272202))

table 3 : explain SELECT k, c FROM sbtest3 WHERE k BETWEEN 4272102 AND 4272202
	Bitmap Heap Scan on sbtest3  (cost=5.43..389.82 rows=97 width=125)
	  Recheck Cond: ((k >= 4272102) AND (k <= 4272202))
	  ->  Bitmap Index Scan on k_3  (cost=0.00..5.40 rows=97 width=0)
	        Index Cond: ((k >= 4272102) AND (k <= 4272202))

table 4 : explain SELECT k, c FROM sbtest4 WHERE k BETWEEN 4272102 AND 4272202
	Bitmap Heap Scan on sbtest4  (cost=5.46..401.77 rows=100 width=125)
	  Recheck Cond: ((k >= 4272102) AND (k <= 4272202))
	  ->  Bitmap Index Scan on k_4  (cost=0.00..5.43 rows=100 width=0)
	        Index Cond: ((k >= 4272102) AND (k <= 4272202))

table 5 : explain SELECT k, c FROM sbtest5 WHERE k BETWEEN 4272102 AND 4272202
	Bitmap Heap Scan on sbtest5  (cost=5.53..429.38 rows=107 width=125)
	  Recheck Cond: ((k >= 4272102) AND (k <= 4272202))
	  ->  Bitmap Index Scan on k_5  (cost=0.00..5.50 rows=107 width=0)
	        Index Cond: ((k >= 4272102) AND (k <= 4272202))

table 6 : explain SELECT k, c FROM sbtest6 WHERE k BETWEEN 4272102 AND 4272202
	Bitmap Heap Scan on sbtest6  (cost=5.58..449.12 rows=112 width=125)
	  Recheck Cond: ((k >= 4272102) AND (k <= 4272202))
	  ->  Bitmap Index Scan on k_6  (cost=0.00..5.55 rows=112 width=0)
	        Index Cond: ((k >= 4272102) AND (k <= 4272202))

table 7 : explain SELECT k, c FROM sbtest7 WHERE k BETWEEN 4272102 AND 4272202
	Bitmap Heap Scan on sbtest7  (cost=5.50..417.57 rows=104 width=125)
	  Recheck Cond: ((k >= 4272102) AND (k <= 4272202))
	  ->  Bitmap Index Scan on k_7  (cost=0.00..5.47 rows=104 width=0)
	        Index Cond: ((k >= 4272102) AND (k <= 4272202))

table 8 : explain SELECT k, c FROM sbtest8 WHERE k BETWEEN 4272102 AND 4272202
	Bitmap Heap Scan on sbtest8  (cost=5.42..385.99 rows=96 width=125)
	  Recheck Cond: ((k >= 4272102) AND (k <= 4272202))
	  ->  Bitmap Index Scan on k_8  (cost=0.00..5.39 rows=96 width=0)
	        Index Cond: ((k >= 4272102) AND (k <= 4272202))

for range-notcovered
table 1 : explain SELECT k, c FROM sbtest1 WHERE k BETWEEN 2911271 AND 2911371
	Bitmap Heap Scan on sbtest1  (cost=5.47..405.50 rows=101 width=125)
	  Recheck Cond: ((k >= 2911271) AND (k <= 2911371))
	  ->  Bitmap Index Scan on k_1  (cost=0.00..5.44 rows=101 width=0)
	        Index Cond: ((k >= 2911271) AND (k <= 2911371))

table 2 : explain SELECT k, c FROM sbtest2 WHERE k BETWEEN 2911271 AND 2911371
	Bitmap Heap Scan on sbtest2  (cost=5.52..425.36 rows=106 width=125)
	  Recheck Cond: ((k >= 2911271) AND (k <= 2911371))
	  ->  Bitmap Index Scan on k_2  (cost=0.00..5.50 rows=106 width=0)
	        Index Cond: ((k >= 2911271) AND (k <= 2911371))

table 3 : explain SELECT k, c FROM sbtest3 WHERE k BETWEEN 2911271 AND 2911371
	Bitmap Heap Scan on sbtest3  (cost=5.45..397.71 rows=99 width=125)
	  Recheck Cond: ((k >= 2911271) AND (k <= 2911371))
	  ->  Bitmap Index Scan on k_3  (cost=0.00..5.42 rows=99 width=0)
	        Index Cond: ((k >= 2911271) AND (k <= 2911371))

table 4 : explain SELECT k, c FROM sbtest4 WHERE k BETWEEN 2911271 AND 2911371
	Bitmap Heap Scan on sbtest4  (cost=5.56..441.22 rows=110 width=125)
	  Recheck Cond: ((k >= 2911271) AND (k <= 2911371))
	  ->  Bitmap Index Scan on k_4  (cost=0.00..5.53 rows=110 width=0)
	        Index Cond: ((k >= 2911271) AND (k <= 2911371))

table 5 : explain SELECT k, c FROM sbtest5 WHERE k BETWEEN 2911271 AND 2911371
	Bitmap Heap Scan on sbtest5  (cost=5.43..389.92 rows=97 width=125)
	  Recheck Cond: ((k >= 2911271) AND (k <= 2911371))
	  ->  Bitmap Index Scan on k_5  (cost=0.00..5.40 rows=97 width=0)
	        Index Cond: ((k >= 2911271) AND (k <= 2911371))

table 6 : explain SELECT k, c FROM sbtest6 WHERE k BETWEEN 2911271 AND 2911371
	Bitmap Heap Scan on sbtest6  (cost=5.44..393.88 rows=98 width=125)
	  Recheck Cond: ((k >= 2911271) AND (k <= 2911371))
	  ->  Bitmap Index Scan on k_6  (cost=0.00..5.42 rows=98 width=0)
	        Index Cond: ((k >= 2911271) AND (k <= 2911371))

table 7 : explain SELECT k, c FROM sbtest7 WHERE k BETWEEN 2911271 AND 2911371
	Bitmap Heap Scan on sbtest7  (cost=5.49..413.62 rows=103 width=125)
	  Recheck Cond: ((k >= 2911271) AND (k <= 2911371))
	  ->  Bitmap Index Scan on k_7  (cost=0.00..5.46 rows=103 width=0)
	        Index Cond: ((k >= 2911271) AND (k <= 2911371))

table 8 : explain SELECT k, c FROM sbtest8 WHERE k BETWEEN 2911271 AND 2911371
	Bitmap Heap Scan on sbtest8  (cost=5.54..433.35 rows=108 width=125)
	  Recheck Cond: ((k >= 2911271) AND (k <= 2911371))
	  ->  Bitmap Index Scan on k_8  (cost=0.00..5.51 rows=108 width=0)
	        Index Cond: ((k >= 2911271) AND (k <= 2911371))

explain: for range-notcovered :: explain SELECT k, c FROM sbtest%d WHERE k BETWEEN 4272102 AND 4272202
explain: for range-notcovered :: explain SELECT k, c FROM sbtest%d WHERE k BETWEEN 2911271 AND 2911371
for range-notcovered
table 1 : explain SELECT k, c FROM sbtest1 WHERE k BETWEEN 3939054 AND 3939154
	Bitmap Heap Scan on sbtest1  (cost=5.43..389.72 rows=97 width=125)
	  Recheck Cond: ((k >= 3939054) AND (k <= 3939154))
	  ->  Bitmap Index Scan on k_1  (cost=0.00..5.40 rows=97 width=0)
	        Index Cond: ((k >= 3939054) AND (k <= 3939154))

table 2 : explain SELECT k, c FROM sbtest2 WHERE k BETWEEN 3939054 AND 3939154
	Bitmap Heap Scan on sbtest2  (cost=5.43..389.85 rows=97 width=125)
	  Recheck Cond: ((k >= 3939054) AND (k <= 3939154))
	  ->  Bitmap Index Scan on k_2  (cost=0.00..5.40 rows=97 width=0)
	        Index Cond: ((k >= 3939054) AND (k <= 3939154))

table 3 : explain SELECT k, c FROM sbtest3 WHERE k BETWEEN 3939054 AND 3939154
	Bitmap Heap Scan on sbtest3  (cost=5.58..448.98 rows=112 width=125)
	  Recheck Cond: ((k >= 3939054) AND (k <= 3939154))
	  ->  Bitmap Index Scan on k_3  (cost=0.00..5.55 rows=112 width=0)
	        Index Cond: ((k >= 3939054) AND (k <= 3939154))

table 4 : explain SELECT k, c FROM sbtest4 WHERE k BETWEEN 3939054 AND 3939154
	Bitmap Heap Scan on sbtest4  (cost=5.53..429.39 rows=107 width=125)
	  Recheck Cond: ((k >= 3939054) AND (k <= 3939154))
	  ->  Bitmap Index Scan on k_4  (cost=0.00..5.50 rows=107 width=0)
	        Index Cond: ((k >= 3939054) AND (k <= 3939154))

table 5 : explain SELECT k, c FROM sbtest5 WHERE k BETWEEN 3939054 AND 3939154
	Bitmap Heap Scan on sbtest5  (cost=5.51..421.49 rows=105 width=125)
	  Recheck Cond: ((k >= 3939054) AND (k <= 3939154))
	  ->  Bitmap Index Scan on k_5  (cost=0.00..5.48 rows=105 width=0)
	        Index Cond: ((k >= 3939054) AND (k <= 3939154))

table 6 : explain SELECT k, c FROM sbtest6 WHERE k BETWEEN 3939054 AND 3939154
	Bitmap Heap Scan on sbtest6  (cost=5.50..417.56 rows=104 width=125)
	  Recheck Cond: ((k >= 3939054) AND (k <= 3939154))
	  ->  Bitmap Index Scan on k_6  (cost=0.00..5.47 rows=104 width=0)
	        Index Cond: ((k >= 3939054) AND (k <= 3939154))

table 7 : explain SELECT k, c FROM sbtest7 WHERE k BETWEEN 3939054 AND 3939154
	Bitmap Heap Scan on sbtest7  (cost=5.54..433.35 rows=108 width=125)
	  Recheck Cond: ((k >= 3939054) AND (k <= 3939154))
	  ->  Bitmap Index Scan on k_7  (cost=0.00..5.51 rows=108 width=0)
	        Index Cond: ((k >= 3939054) AND (k <= 3939154))

table 8 : explain SELECT k, c FROM sbtest8 WHERE k BETWEEN 3939054 AND 3939154
	Bitmap Heap Scan on sbtest8  (cost=5.42..385.99 rows=96 width=125)
	  Recheck Cond: ((k >= 3939054) AND (k <= 3939154))
	  ->  Bitmap Index Scan on k_8  (cost=0.00..5.39 rows=96 width=0)
	        Index Cond: ((k >= 3939054) AND (k <= 3939154))

explain: for range-notcovered :: explain SELECT k, c FROM sbtest%d WHERE k BETWEEN 3939054 AND 3939154
for range-notcovered
table 1 : explain SELECT k, c FROM sbtest1 WHERE k BETWEEN 9821746 AND 9821846
	Bitmap Heap Scan on sbtest1  (cost=5.45..397.61 rows=99 width=125)
	  Recheck Cond: ((k >= 9821746) AND (k <= 9821846))
	  ->  Bitmap Index Scan on k_1  (cost=0.00..5.42 rows=99 width=0)
	        Index Cond: ((k >= 9821746) AND (k <= 9821846))

table 2 : explain SELECT k, c FROM sbtest2 WHERE k BETWEEN 9821746 AND 9821846
	Bitmap Heap Scan on sbtest2  (cost=5.37..366.15 rows=91 width=125)
	  Recheck Cond: ((k >= 9821746) AND (k <= 9821846))
	  ->  Bitmap Index Scan on k_2  (cost=0.00..5.34 rows=91 width=0)
	        Index Cond: ((k >= 9821746) AND (k <= 9821846))

table 3 : explain SELECT k, c FROM sbtest3 WHERE k BETWEEN 9821746 AND 9821846
	Bitmap Heap Scan on sbtest3  (cost=5.58..448.98 rows=112 width=125)
	  Recheck Cond: ((k >= 9821746) AND (k <= 9821846))
	  ->  Bitmap Index Scan on k_3  (cost=0.00..5.55 rows=112 width=0)
	        Index Cond: ((k >= 9821746) AND (k <= 9821846))

table 4 : explain SELECT k, c FROM sbtest4 WHERE k BETWEEN 9821746 AND 9821846
	Bitmap Heap Scan on sbtest4  (cost=5.52..425.44 rows=106 width=125)
	  Recheck Cond: ((k >= 9821746) AND (k <= 9821846))
	  ->  Bitmap Index Scan on k_4  (cost=0.00..5.50 rows=106 width=0)
	        Index Cond: ((k >= 9821746) AND (k <= 9821846))

table 5 : explain SELECT k, c FROM sbtest5 WHERE k BETWEEN 9821746 AND 9821846
	Bitmap Heap Scan on sbtest5  (cost=5.49..413.60 rows=103 width=125)
	  Recheck Cond: ((k >= 9821746) AND (k <= 9821846))
	  ->  Bitmap Index Scan on k_5  (cost=0.00..5.46 rows=103 width=0)
	        Index Cond: ((k >= 9821746) AND (k <= 9821846))

table 6 : explain SELECT k, c FROM sbtest6 WHERE k BETWEEN 9821746 AND 9821846
	Bitmap Heap Scan on sbtest6  (cost=5.37..366.23 rows=91 width=125)
	  Recheck Cond: ((k >= 9821746) AND (k <= 9821846))
	  ->  Bitmap Index Scan on k_6  (cost=0.00..5.34 rows=91 width=0)
	        Index Cond: ((k >= 9821746) AND (k <= 9821846))

table 7 : explain SELECT k, c FROM sbtest7 WHERE k BETWEEN 9821746 AND 9821846
	Bitmap Heap Scan on sbtest7  (cost=5.58..449.13 rows=112 width=125)
	  Recheck Cond: ((k >= 9821746) AND (k <= 9821846))
	  ->  Bitmap Index Scan on k_7  (cost=0.00..5.55 rows=112 width=0)
	        Index Cond: ((k >= 9821746) AND (k <= 9821846))

table 8 : explain SELECT k, c FROM sbtest8 WHERE k BETWEEN 9821746 AND 9821846
	Bitmap Heap Scan on sbtest8  (cost=5.55..437.29 rows=109 width=125)
	  Recheck Cond: ((k >= 9821746) AND (k <= 9821846))
	  ->  Bitmap Index Scan on k_8  (cost=0.00..5.52 rows=109 width=0)
	        Index Cond: ((k >= 9821746) AND (k <= 9821846))

explain: for range-notcovered :: explain SELECT k, c FROM sbtest%d WHERE k BETWEEN 9821746 AND 9821846
for range-notcovered
table 1 : explain SELECT k, c FROM sbtest1 WHERE k BETWEEN 7365155 AND 7365255
	Bitmap Heap Scan on sbtest1  (cost=5.44..393.67 rows=98 width=125)
	  Recheck Cond: ((k >= 7365155) AND (k <= 7365255))
	  ->  Bitmap Index Scan on k_1  (cost=0.00..5.42 rows=98 width=0)
	        Index Cond: ((k >= 7365155) AND (k <= 7365255))

table 2 : explain SELECT k, c FROM sbtest2 WHERE k BETWEEN 7365155 AND 7365255
	Bitmap Heap Scan on sbtest2  (cost=5.39..374.05 rows=93 width=125)
	  Recheck Cond: ((k >= 7365155) AND (k <= 7365255))
	  ->  Bitmap Index Scan on k_2  (cost=0.00..5.36 rows=93 width=0)
	        Index Cond: ((k >= 7365155) AND (k <= 7365255))

table 3 : explain SELECT k, c FROM sbtest3 WHERE k BETWEEN 7365155 AND 7365255
	Bitmap Heap Scan on sbtest3  (cost=5.51..421.38 rows=105 width=125)
	  Recheck Cond: ((k >= 7365155) AND (k <= 7365255))
	  ->  Bitmap Index Scan on k_3  (cost=0.00..5.48 rows=105 width=0)
	        Index Cond: ((k >= 7365155) AND (k <= 7365255))

table 4 : explain SELECT k, c FROM sbtest4 WHERE k BETWEEN 7365155 AND 7365255
	Bitmap Heap Scan on sbtest4  (cost=5.46..401.77 rows=100 width=125)
	  Recheck Cond: ((k >= 7365155) AND (k <= 7365255))
	  ->  Bitmap Index Scan on k_4  (cost=0.00..5.43 rows=100 width=0)
	        Index Cond: ((k >= 7365155) AND (k <= 7365255))

table 5 : explain SELECT k, c FROM sbtest5 WHERE k BETWEEN 7365155 AND 7365255
	Bitmap Heap Scan on sbtest5  (cost=5.64..472.75 rows=118 width=125)
	  Recheck Cond: ((k >= 7365155) AND (k <= 7365255))
	  ->  Bitmap Index Scan on k_5  (cost=0.00..5.61 rows=118 width=0)
	        Index Cond: ((k >= 7365155) AND (k <= 7365255))

table 6 : explain SELECT k, c FROM sbtest6 WHERE k BETWEEN 7365155 AND 7365255
	Bitmap Heap Scan on sbtest6  (cost=5.61..460.95 rows=115 width=125)
	  Recheck Cond: ((k >= 7365155) AND (k <= 7365255))
	  ->  Bitmap Index Scan on k_6  (cost=0.00..5.58 rows=115 width=0)
	        Index Cond: ((k >= 7365155) AND (k <= 7365255))

table 7 : explain SELECT k, c FROM sbtest7 WHERE k BETWEEN 7365155 AND 7365255
	Bitmap Heap Scan on sbtest7  (cost=5.45..397.83 rows=99 width=125)
	  Recheck Cond: ((k >= 7365155) AND (k <= 7365255))
	  ->  Bitmap Index Scan on k_7  (cost=0.00..5.42 rows=99 width=0)
	        Index Cond: ((k >= 7365155) AND (k <= 7365255))

table 8 : explain SELECT k, c FROM sbtest8 WHERE k BETWEEN 7365155 AND 7365255
	Bitmap Heap Scan on sbtest8  (cost=5.57..445.18 rows=111 width=125)
	  Recheck Cond: ((k >= 7365155) AND (k <= 7365255))
	  ->  Bitmap Index Scan on k_8  (cost=0.00..5.54 rows=111 width=0)
	        Index Cond: ((k >= 7365155) AND (k <= 7365255))

explain: for range-notcovered :: explain SELECT k, c FROM sbtest%d WHERE k BETWEEN 7365155 AND 7365255
explain: for range-notcovered :: explain SELECT k, c FROM sbtest%d WHERE k BETWEEN 2695053 AND 2695153
for range-notcovered
table 1 : explain SELECT k, c FROM sbtest1 WHERE k BETWEEN 9821746 AND 9821846
	Bitmap Heap Scan on sbtest1  (cost=5.45..397.61 rows=99 width=125)
	  Recheck Cond: ((k >= 9821746) AND (k <= 9821846))
	  ->  Bitmap Index Scan on k_1  (cost=0.00..5.42 rows=99 width=0)
	        Index Cond: ((k >= 9821746) AND (k <= 9821846))

table 2 : explain SELECT k, c FROM sbtest2 WHERE k BETWEEN 9821746 AND 9821846
	Bitmap Heap Scan on sbtest2  (cost=5.37..366.15 rows=91 width=125)
	  Recheck Cond: ((k >= 9821746) AND (k <= 9821846))
	  ->  Bitmap Index Scan on k_2  (cost=0.00..5.34 rows=91 width=0)
	        Index Cond: ((k >= 9821746) AND (k <= 9821846))

table 3 : explain SELECT k, c FROM sbtest3 WHERE k BETWEEN 9821746 AND 9821846
	Bitmap Heap Scan on sbtest3  (cost=5.58..448.98 rows=112 width=125)
	  Recheck Cond: ((k >= 9821746) AND (k <= 9821846))
	  ->  Bitmap Index Scan on k_3  (cost=0.00..5.55 rows=112 width=0)
	        Index Cond: ((k >= 9821746) AND (k <= 9821846))

table 4 : explain SELECT k, c FROM sbtest4 WHERE k BETWEEN 9821746 AND 9821846
	Bitmap Heap Scan on sbtest4  (cost=5.52..425.44 rows=106 width=125)
	  Recheck Cond: ((k >= 9821746) AND (k <= 9821846))
	  ->  Bitmap Index Scan on k_4  (cost=0.00..5.50 rows=106 width=0)
	        Index Cond: ((k >= 9821746) AND (k <= 9821846))

table 5 : explain SELECT k, c FROM sbtest5 WHERE k BETWEEN 9821746 AND 9821846
	Bitmap Heap Scan on sbtest5  (cost=5.49..413.60 rows=103 width=125)
	  Recheck Cond: ((k >= 9821746) AND (k <= 9821846))
	  ->  Bitmap Index Scan on k_5  (cost=0.00..5.46 rows=103 width=0)
	        Index Cond: ((k >= 9821746) AND (k <= 9821846))

table 6 : explain SELECT k, c FROM sbtest6 WHERE k BETWEEN 9821746 AND 9821846
	Bitmap Heap Scan on sbtest6  (cost=5.37..366.23 rows=91 width=125)
	  Recheck Cond: ((k >= 9821746) AND (k <= 9821846))
	  ->  Bitmap Index Scan on k_6  (cost=0.00..5.34 rows=91 width=0)
	        Index Cond: ((k >= 9821746) AND (k <= 9821846))

table 7 : explain SELECT k, c FROM sbtest7 WHERE k BETWEEN 9821746 AND 9821846
	Bitmap Heap Scan on sbtest7  (cost=5.58..449.13 rows=112 width=125)
	  Recheck Cond: ((k >= 9821746) AND (k <= 9821846))
	  ->  Bitmap Index Scan on k_7  (cost=0.00..5.55 rows=112 width=0)
	        Index Cond: ((k >= 9821746) AND (k <= 9821846))

table 8 : explain SELECT k, c FROM sbtest8 WHERE k BETWEEN 9821746 AND 9821846
	Bitmap Heap Scan on sbtest8  (cost=5.55..437.29 rows=109 width=125)
	  Recheck Cond: ((k >= 9821746) AND (k <= 9821846))
	  ->  Bitmap Index Scan on k_8  (cost=0.00..5.52 rows=109 width=0)
	        Index Cond: ((k >= 9821746) AND (k <= 9821846))

for range-notcovered
table 1 : explain SELECT k, c FROM sbtest1 WHERE k BETWEEN 4344646 AND 4344746
	Bitmap Heap Scan on sbtest1  (cost=5.45..397.61 rows=99 width=125)
	  Recheck Cond: ((k >= 4344646) AND (k <= 4344746))
	  ->  Bitmap Index Scan on k_1  (cost=0.00..5.42 rows=99 width=0)
	        Index Cond: ((k >= 4344646) AND (k <= 4344746))

table 2 : explain SELECT k, c FROM sbtest2 WHERE k BETWEEN 4344646 AND 4344746
	Bitmap Heap Scan on sbtest2  (cost=5.45..397.74 rows=99 width=125)
	  Recheck Cond: ((k >= 4344646) AND (k <= 4344746))
	  ->  Bitmap Index Scan on k_2  (cost=0.00..5.42 rows=99 width=0)
	        Index Cond: ((k >= 4344646) AND (k <= 4344746))

table 3 : explain SELECT k, c FROM sbtest3 WHERE k BETWEEN 4344646 AND 4344746
	Bitmap Heap Scan on sbtest3  (cost=5.45..397.71 rows=99 width=125)
	  Recheck Cond: ((k >= 4344646) AND (k <= 4344746))
	  ->  Bitmap Index Scan on k_3  (cost=0.00..5.42 rows=99 width=0)
	        Index Cond: ((k >= 4344646) AND (k <= 4344746))

table 4 : explain SELECT k, c FROM sbtest4 WHERE k BETWEEN 4344646 AND 4344746
	Bitmap Heap Scan on sbtest4  (cost=5.38..370.18 rows=92 width=125)
	  Recheck Cond: ((k >= 4344646) AND (k <= 4344746))
	  ->  Bitmap Index Scan on k_4  (cost=0.00..5.35 rows=92 width=0)
	        Index Cond: ((k >= 4344646) AND (k <= 4344746))

table 5 : explain SELECT k, c FROM sbtest5 WHERE k BETWEEN 4344646 AND 4344746
	Bitmap Heap Scan on sbtest5  (cost=5.53..429.38 rows=107 width=125)
	  Recheck Cond: ((k >= 4344646) AND (k <= 4344746))
	  ->  Bitmap Index Scan on k_5  (cost=0.00..5.50 rows=107 width=0)
	        Index Cond: ((k >= 4344646) AND (k <= 4344746))

table 6 : explain SELECT k, c FROM sbtest6 WHERE k BETWEEN 4344646 AND 4344746
	Bitmap Heap Scan on sbtest6  (cost=5.54..433.34 rows=108 width=125)
	  Recheck Cond: ((k >= 4344646) AND (k <= 4344746))
	  ->  Bitmap Index Scan on k_6  (cost=0.00..5.51 rows=108 width=0)
	        Index Cond: ((k >= 4344646) AND (k <= 4344746))

table 7 : explain SELECT k, c FROM sbtest7 WHERE k BETWEEN 4344646 AND 4344746
	Bitmap Heap Scan on sbtest7  (cost=5.49..413.62 rows=103 width=125)
	  Recheck Cond: ((k >= 4344646) AND (k <= 4344746))
	  ->  Bitmap Index Scan on k_7  (cost=0.00..5.46 rows=103 width=0)
	        Index Cond: ((k >= 4344646) AND (k <= 4344746))

table 8 : explain SELECT k, c FROM sbtest8 WHERE k BETWEEN 4344646 AND 4344746
	Bitmap Heap Scan on sbtest8  (cost=5.58..449.12 rows=112 width=125)
	  Recheck Cond: ((k >= 4344646) AND (k <= 4344746))
	  ->  Bitmap Index Scan on k_8  (cost=0.00..5.55 rows=112 width=0)
	        Index Cond: ((k >= 4344646) AND (k <= 4344746))

explain: for range-notcovered :: explain SELECT k, c FROM sbtest%d WHERE k BETWEEN 9821746 AND 9821846
for range-notcovered
table 1 : explain SELECT k, c FROM sbtest1 WHERE k BETWEEN 5386731 AND 5386831
	Bitmap Heap Scan on sbtest1  (cost=5.53..429.16 rows=107 width=125)
	  Recheck Cond: ((k >= 5386731) AND (k <= 5386831))
	  ->  Bitmap Index Scan on k_1  (cost=0.00..5.50 rows=107 width=0)
	        Index Cond: ((k >= 5386731) AND (k <= 5386831))

table 2 : explain SELECT k, c FROM sbtest2 WHERE k BETWEEN 5386731 AND 5386831
	Bitmap Heap Scan on sbtest2  (cost=5.44..393.79 rows=98 width=125)
	  Recheck Cond: ((k >= 5386731) AND (k <= 5386831))
	  ->  Bitmap Index Scan on k_2  (cost=0.00..5.42 rows=98 width=0)
	        Index Cond: ((k >= 5386731) AND (k <= 5386831))

table 3 : explain SELECT k, c FROM sbtest3 WHERE k BETWEEN 5386731 AND 5386831
	Bitmap Heap Scan on sbtest3  (cost=5.48..409.55 rows=102 width=125)
	  Recheck Cond: ((k >= 5386731) AND (k <= 5386831))
	  ->  Bitmap Index Scan on k_3  (cost=0.00..5.45 rows=102 width=0)
	        Index Cond: ((k >= 5386731) AND (k <= 5386831))

table 4 : explain SELECT k, c FROM sbtest4 WHERE k BETWEEN 5386731 AND 5386831
	Bitmap Heap Scan on sbtest4  (cost=5.38..370.18 rows=92 width=125)
	  Recheck Cond: ((k >= 5386731) AND (k <= 5386831))
	  ->  Bitmap Index Scan on k_4  (cost=0.00..5.35 rows=92 width=0)
	        Index Cond: ((k >= 5386731) AND (k <= 5386831))

table 5 : explain SELECT k, c FROM sbtest5 WHERE k BETWEEN 5386731 AND 5386831
	Bitmap Heap Scan on sbtest5  (cost=5.52..425.44 rows=106 width=125)
	  Recheck Cond: ((k >= 5386731) AND (k <= 5386831))
	  ->  Bitmap Index Scan on k_5  (cost=0.00..5.50 rows=106 width=0)
	        Index Cond: ((k >= 5386731) AND (k <= 5386831))

table 6 : explain SELECT k, c FROM sbtest6 WHERE k BETWEEN 5386731 AND 5386831
	Bitmap Heap Scan on sbtest6  (cost=5.51..421.51 rows=105 width=125)
	  Recheck Cond: ((k >= 5386731) AND (k <= 5386831))
	  ->  Bitmap Index Scan on k_6  (cost=0.00..5.48 rows=105 width=0)
	        Index Cond: ((k >= 5386731) AND (k <= 5386831))

table 7 : explain SELECT k, c FROM sbtest7 WHERE k BETWEEN 5386731 AND 5386831
	Bitmap Heap Scan on sbtest7  (cost=5.48..409.68 rows=102 width=125)
	  Recheck Cond: ((k >= 5386731) AND (k <= 5386831))
	  ->  Bitmap Index Scan on k_7  (cost=0.00..5.45 rows=102 width=0)
	        Index Cond: ((k >= 5386731) AND (k <= 5386831))

table 8 : explain SELECT k, c FROM sbtest8 WHERE k BETWEEN 5386731 AND 5386831
	Bitmap Heap Scan on sbtest8  (cost=5.41..382.04 rows=95 width=125)
	  Recheck Cond: ((k >= 5386731) AND (k <= 5386831))
	  ->  Bitmap Index Scan on k_8  (cost=0.00..5.38 rows=95 width=0)
	        Index Cond: ((k >= 5386731) AND (k <= 5386831))

for range-notcovered
table 1 : explain SELECT k, c FROM sbtest1 WHERE k BETWEEN 7365155 AND 7365255
	Bitmap Heap Scan on sbtest1  (cost=5.44..393.67 rows=98 width=125)
	  Recheck Cond: ((k >= 7365155) AND (k <= 7365255))
	  ->  Bitmap Index Scan on k_1  (cost=0.00..5.42 rows=98 width=0)
	        Index Cond: ((k >= 7365155) AND (k <= 7365255))

table 2 : explain SELECT k, c FROM sbtest2 WHERE k BETWEEN 7365155 AND 7365255
	Bitmap Heap Scan on sbtest2  (cost=5.39..374.05 rows=93 width=125)
	  Recheck Cond: ((k >= 7365155) AND (k <= 7365255))
	  ->  Bitmap Index Scan on k_2  (cost=0.00..5.36 rows=93 width=0)
	        Index Cond: ((k >= 7365155) AND (k <= 7365255))

table 3 : explain SELECT k, c FROM sbtest3 WHERE k BETWEEN 7365155 AND 7365255
	Bitmap Heap Scan on sbtest3  (cost=5.51..421.38 rows=105 width=125)
	  Recheck Cond: ((k >= 7365155) AND (k <= 7365255))
	  ->  Bitmap Index Scan on k_3  (cost=0.00..5.48 rows=105 width=0)
	        Index Cond: ((k >= 7365155) AND (k <= 7365255))

table 4 : explain SELECT k, c FROM sbtest4 WHERE k BETWEEN 7365155 AND 7365255
	Bitmap Heap Scan on sbtest4  (cost=5.46..401.77 rows=100 width=125)
	  Recheck Cond: ((k >= 7365155) AND (k <= 7365255))
	  ->  Bitmap Index Scan on k_4  (cost=0.00..5.43 rows=100 width=0)
	        Index Cond: ((k >= 7365155) AND (k <= 7365255))

table 5 : explain SELECT k, c FROM sbtest5 WHERE k BETWEEN 7365155 AND 7365255
	Bitmap Heap Scan on sbtest5  (cost=5.64..472.75 rows=118 width=125)
	  Recheck Cond: ((k >= 7365155) AND (k <= 7365255))
	  ->  Bitmap Index Scan on k_5  (cost=0.00..5.61 rows=118 width=0)
	        Index Cond: ((k >= 7365155) AND (k <= 7365255))

table 6 : explain SELECT k, c FROM sbtest6 WHERE k BETWEEN 7365155 AND 7365255
	Bitmap Heap Scan on sbtest6  (cost=5.61..460.95 rows=115 width=125)
	  Recheck Cond: ((k >= 7365155) AND (k <= 7365255))
	  ->  Bitmap Index Scan on k_6  (cost=0.00..5.58 rows=115 width=0)
	        Index Cond: ((k >= 7365155) AND (k <= 7365255))

table 7 : explain SELECT k, c FROM sbtest7 WHERE k BETWEEN 7365155 AND 7365255
	Bitmap Heap Scan on sbtest7  (cost=5.45..397.83 rows=99 width=125)
	  Recheck Cond: ((k >= 7365155) AND (k <= 7365255))
	  ->  Bitmap Index Scan on k_7  (cost=0.00..5.42 rows=99 width=0)
	        Index Cond: ((k >= 7365155) AND (k <= 7365255))

table 8 : explain SELECT k, c FROM sbtest8 WHERE k BETWEEN 7365155 AND 7365255
	Bitmap Heap Scan on sbtest8  (cost=5.57..445.18 rows=111 width=125)
	  Recheck Cond: ((k >= 7365155) AND (k <= 7365255))
	  ->  Bitmap Index Scan on k_8  (cost=0.00..5.54 rows=111 width=0)
	        Index Cond: ((k >= 7365155) AND (k <= 7365255))

for range-notcovered
table 1 : explain SELECT k, c FROM sbtest1 WHERE k BETWEEN 7854149 AND 7854249
	Bitmap Heap Scan on sbtest1  (cost=5.59..452.80 rows=113 width=125)
	  Recheck Cond: ((k >= 7854149) AND (k <= 7854249))
	  ->  Bitmap Index Scan on k_1  (cost=0.00..5.56 rows=113 width=0)
	        Index Cond: ((k >= 7854149) AND (k <= 7854249))

table 2 : explain SELECT k, c FROM sbtest2 WHERE k BETWEEN 7854149 AND 7854249
	Bitmap Heap Scan on sbtest2  (cost=5.49..413.52 rows=103 width=125)
	  Recheck Cond: ((k >= 7854149) AND (k <= 7854249))
	  ->  Bitmap Index Scan on k_2  (cost=0.00..5.46 rows=103 width=0)
	        Index Cond: ((k >= 7854149) AND (k <= 7854249))

table 3 : explain SELECT k, c FROM sbtest3 WHERE k BETWEEN 7854149 AND 7854249
	Bitmap Heap Scan on sbtest3  (cost=5.40..377.98 rows=94 width=125)
	  Recheck Cond: ((k >= 7854149) AND (k <= 7854249))
	  ->  Bitmap Index Scan on k_3  (cost=0.00..5.38 rows=94 width=0)
	        Index Cond: ((k >= 7854149) AND (k <= 7854249))

table 4 : explain SELECT k, c FROM sbtest4 WHERE k BETWEEN 7854149 AND 7854249
	Bitmap Heap Scan on sbtest4  (cost=5.41..382.03 rows=95 width=125)
	  Recheck Cond: ((k >= 7854149) AND (k <= 7854249))
	  ->  Bitmap Index Scan on k_4  (cost=0.00..5.38 rows=95 width=0)
	        Index Cond: ((k >= 7854149) AND (k <= 7854249))

table 5 : explain SELECT k, c FROM sbtest5 WHERE k BETWEEN 7854149 AND 7854249
	Bitmap Heap Scan on sbtest5  (cost=5.54..433.33 rows=108 width=125)
	  Recheck Cond: ((k >= 7854149) AND (k <= 7854249))
	  ->  Bitmap Index Scan on k_5  (cost=0.00..5.51 rows=108 width=0)
	        Index Cond: ((k >= 7854149) AND (k <= 7854249))

table 6 : explain SELECT k, c FROM sbtest6 WHERE k BETWEEN 7854149 AND 7854249
	Bitmap Heap Scan on sbtest6  (cost=5.50..417.56 rows=104 width=125)
	  Recheck Cond: ((k >= 7854149) AND (k <= 7854249))
	  ->  Bitmap Index Scan on k_6  (cost=0.00..5.47 rows=104 width=0)
	        Index Cond: ((k >= 7854149) AND (k <= 7854249))

table 7 : explain SELECT k, c FROM sbtest7 WHERE k BETWEEN 7854149 AND 7854249
	Bitmap Heap Scan on sbtest7  (cost=5.40..378.09 rows=94 width=125)
	  Recheck Cond: ((k >= 7854149) AND (k <= 7854249))
	  ->  Bitmap Index Scan on k_7  (cost=0.00..5.38 rows=94 width=0)
	        Index Cond: ((k >= 7854149) AND (k <= 7854249))

table 8 : explain SELECT k, c FROM sbtest8 WHERE k BETWEEN 7854149 AND 7854249
	Bitmap Heap Scan on sbtest8  (cost=5.50..417.57 rows=104 width=125)
	  Recheck Cond: ((k >= 7854149) AND (k <= 7854249))
	  ->  Bitmap Index Scan on k_8  (cost=0.00..5.47 rows=104 width=0)
	        Index Cond: ((k >= 7854149) AND (k <= 7854249))

explain: for range-notcovered :: explain SELECT k, c FROM sbtest%d WHERE k BETWEEN 4344646 AND 4344746
explain: for range-notcovered :: explain SELECT k, c FROM sbtest%d WHERE k BETWEEN 4498482 AND 4498582
explain: for range-notcovered :: explain SELECT k, c FROM sbtest%d WHERE k BETWEEN 5386731 AND 5386831
for range-notcovered
table 1 : explain SELECT k, c FROM sbtest1 WHERE k BETWEEN 6569687 AND 6569787
	Bitmap Heap Scan on sbtest1  (cost=5.40..377.88 rows=94 width=125)
	  Recheck Cond: ((k >= 6569687) AND (k <= 6569787))
	  ->  Bitmap Index Scan on k_1  (cost=0.00..5.38 rows=94 width=0)
	        Index Cond: ((k >= 6569687) AND (k <= 6569787))

table 2 : explain SELECT k, c FROM sbtest2 WHERE k BETWEEN 6569687 AND 6569787
	Bitmap Heap Scan on sbtest2  (cost=5.45..397.74 rows=99 width=125)
	  Recheck Cond: ((k >= 6569687) AND (k <= 6569787))
	  ->  Bitmap Index Scan on k_2  (cost=0.00..5.42 rows=99 width=0)
	        Index Cond: ((k >= 6569687) AND (k <= 6569787))

table 3 : explain SELECT k, c FROM sbtest3 WHERE k BETWEEN 6569687 AND 6569787
	Bitmap Heap Scan on sbtest3  (cost=5.49..413.49 rows=103 width=125)
	  Recheck Cond: ((k >= 6569687) AND (k <= 6569787))
	  ->  Bitmap Index Scan on k_3  (cost=0.00..5.46 rows=103 width=0)
	        Index Cond: ((k >= 6569687) AND (k <= 6569787))

table 4 : explain SELECT k, c FROM sbtest4 WHERE k BETWEEN 6569687 AND 6569787
	Bitmap Heap Scan on sbtest4  (cost=5.57..445.16 rows=111 width=125)
	  Recheck Cond: ((k >= 6569687) AND (k <= 6569787))
	  ->  Bitmap Index Scan on k_4  (cost=0.00..5.54 rows=111 width=0)
	        Index Cond: ((k >= 6569687) AND (k <= 6569787))

table 5 : explain SELECT k, c FROM sbtest5 WHERE k BETWEEN 6569687 AND 6569787
	Bitmap Heap Scan on sbtest5  (cost=5.52..425.44 rows=106 width=125)
	  Recheck Cond: ((k >= 6569687) AND (k <= 6569787))
	  ->  Bitmap Index Scan on k_5  (cost=0.00..5.50 rows=106 width=0)
	        Index Cond: ((k >= 6569687) AND (k <= 6569787))

table 6 : explain SELECT k, c FROM sbtest6 WHERE k BETWEEN 6569687 AND 6569787
	Bitmap Heap Scan on sbtest6  (cost=5.44..393.88 rows=98 width=125)
	  Recheck Cond: ((k >= 6569687) AND (k <= 6569787))
	  ->  Bitmap Index Scan on k_6  (cost=0.00..5.42 rows=98 width=0)
	        Index Cond: ((k >= 6569687) AND (k <= 6569787))

table 7 : explain SELECT k, c FROM sbtest7 WHERE k BETWEEN 6569687 AND 6569787
	Bitmap Heap Scan on sbtest7  (cost=5.50..417.57 rows=104 width=125)
	  Recheck Cond: ((k >= 6569687) AND (k <= 6569787))
	  ->  Bitmap Index Scan on k_7  (cost=0.00..5.47 rows=104 width=0)
	        Index Cond: ((k >= 6569687) AND (k <= 6569787))

table 8 : explain SELECT k, c FROM sbtest8 WHERE k BETWEEN 6569687 AND 6569787
	Bitmap Heap Scan on sbtest8  (cost=5.43..389.94 rows=97 width=125)
	  Recheck Cond: ((k >= 6569687) AND (k <= 6569787))
	  ->  Bitmap Index Scan on k_8  (cost=0.00..5.40 rows=97 width=0)
	        Index Cond: ((k >= 6569687) AND (k <= 6569787))

explain: for range-notcovered :: explain SELECT k, c FROM sbtest%d WHERE k BETWEEN 1950720 AND 1950820
for range-notcovered
table 1 : explain SELECT k, c FROM sbtest1 WHERE k BETWEEN 2911271 AND 2911371
	Bitmap Heap Scan on sbtest1  (cost=5.47..405.50 rows=101 width=125)
	  Recheck Cond: ((k >= 2911271) AND (k <= 2911371))
	  ->  Bitmap Index Scan on k_1  (cost=0.00..5.44 rows=101 width=0)
	        Index Cond: ((k >= 2911271) AND (k <= 2911371))

table 2 : explain SELECT k, c FROM sbtest2 WHERE k BETWEEN 2911271 AND 2911371
	Bitmap Heap Scan on sbtest2  (cost=5.52..425.36 rows=106 width=125)
	  Recheck Cond: ((k >= 2911271) AND (k <= 2911371))
	  ->  Bitmap Index Scan on k_2  (cost=0.00..5.50 rows=106 width=0)
	        Index Cond: ((k >= 2911271) AND (k <= 2911371))

table 3 : explain SELECT k, c FROM sbtest3 WHERE k BETWEEN 2911271 AND 2911371
	Bitmap Heap Scan on sbtest3  (cost=5.45..397.71 rows=99 width=125)
	  Recheck Cond: ((k >= 2911271) AND (k <= 2911371))
	  ->  Bitmap Index Scan on k_3  (cost=0.00..5.42 rows=99 width=0)
	        Index Cond: ((k >= 2911271) AND (k <= 2911371))

table 4 : explain SELECT k, c FROM sbtest4 WHERE k BETWEEN 2911271 AND 2911371
	Bitmap Heap Scan on sbtest4  (cost=5.56..441.22 rows=110 width=125)
	  Recheck Cond: ((k >= 2911271) AND (k <= 2911371))
	  ->  Bitmap Index Scan on k_4  (cost=0.00..5.53 rows=110 width=0)
	        Index Cond: ((k >= 2911271) AND (k <= 2911371))

table 5 : explain SELECT k, c FROM sbtest5 WHERE k BETWEEN 2911271 AND 2911371
	Bitmap Heap Scan on sbtest5  (cost=5.43..389.92 rows=97 width=125)
	  Recheck Cond: ((k >= 2911271) AND (k <= 2911371))
	  ->  Bitmap Index Scan on k_5  (cost=0.00..5.40 rows=97 width=0)
	        Index Cond: ((k >= 2911271) AND (k <= 2911371))

table 6 : explain SELECT k, c FROM sbtest6 WHERE k BETWEEN 2911271 AND 2911371
	Bitmap Heap Scan on sbtest6  (cost=5.44..393.88 rows=98 width=125)
	  Recheck Cond: ((k >= 2911271) AND (k <= 2911371))
	  ->  Bitmap Index Scan on k_6  (cost=0.00..5.42 rows=98 width=0)
	        Index Cond: ((k >= 2911271) AND (k <= 2911371))

table 7 : explain SELECT k, c FROM sbtest7 WHERE k BETWEEN 2911271 AND 2911371
	Bitmap Heap Scan on sbtest7  (cost=5.49..413.62 rows=103 width=125)
	  Recheck Cond: ((k >= 2911271) AND (k <= 2911371))
	  ->  Bitmap Index Scan on k_7  (cost=0.00..5.46 rows=103 width=0)
	        Index Cond: ((k >= 2911271) AND (k <= 2911371))

table 8 : explain SELECT k, c FROM sbtest8 WHERE k BETWEEN 2911271 AND 2911371
	Bitmap Heap Scan on sbtest8  (cost=5.54..433.35 rows=108 width=125)
	  Recheck Cond: ((k >= 2911271) AND (k <= 2911371))
	  ->  Bitmap Index Scan on k_8  (cost=0.00..5.51 rows=108 width=0)
	        Index Cond: ((k >= 2911271) AND (k <= 2911371))

explain: for range-notcovered :: explain SELECT k, c FROM sbtest%d WHERE k BETWEEN 7854149 AND 7854249
explain: for range-notcovered :: explain SELECT k, c FROM sbtest%d WHERE k BETWEEN 1543373 AND 1543473
explain: for range-notcovered :: explain SELECT k, c FROM sbtest%d WHERE k BETWEEN 7365155 AND 7365255
explain: for range-notcovered :: explain SELECT k, c FROM sbtest%d WHERE k BETWEEN 6569687 AND 6569787
explain: for range-notcovered :: explain SELECT k, c FROM sbtest%d WHERE k BETWEEN 2911271 AND 2911371
explain: for range-notcovered :: explain SELECT k, c FROM sbtest%d WHERE k BETWEEN 1465057 AND 1465157
for range-notcovered
table 1 : explain SELECT k, c FROM sbtest1 WHERE k BETWEEN 2565359 AND 2565459
	Bitmap Heap Scan on sbtest1  (cost=5.58..448.86 rows=112 width=125)
	  Recheck Cond: ((k >= 2565359) AND (k <= 2565459))
	  ->  Bitmap Index Scan on k_1  (cost=0.00..5.55 rows=112 width=0)
	        Index Cond: ((k >= 2565359) AND (k <= 2565459))

table 2 : explain SELECT k, c FROM sbtest2 WHERE k BETWEEN 2565359 AND 2565459
	Bitmap Heap Scan on sbtest2  (cost=5.40..378.00 rows=94 width=125)
	  Recheck Cond: ((k >= 2565359) AND (k <= 2565459))
	  ->  Bitmap Index Scan on k_2  (cost=0.00..5.38 rows=94 width=0)
	        Index Cond: ((k >= 2565359) AND (k <= 2565459))

table 3 : explain SELECT k, c FROM sbtest3 WHERE k BETWEEN 2565359 AND 2565459
	Bitmap Heap Scan on sbtest3  (cost=5.50..417.44 rows=104 width=125)
	  Recheck Cond: ((k >= 2565359) AND (k <= 2565459))
	  ->  Bitmap Index Scan on k_3  (cost=0.00..5.47 rows=104 width=0)
	        Index Cond: ((k >= 2565359) AND (k <= 2565459))

table 4 : explain SELECT k, c FROM sbtest4 WHERE k BETWEEN 2565359 AND 2565459
	Bitmap Heap Scan on sbtest4  (cost=5.41..382.03 rows=95 width=125)
	  Recheck Cond: ((k >= 2565359) AND (k <= 2565459))
	  ->  Bitmap Index Scan on k_4  (cost=0.00..5.38 rows=95 width=0)
	        Index Cond: ((k >= 2565359) AND (k <= 2565459))

table 5 : explain SELECT k, c FROM sbtest5 WHERE k BETWEEN 2565359 AND 2565459
	Bitmap Heap Scan on sbtest5  (cost=5.54..433.33 rows=108 width=125)
	  Recheck Cond: ((k >= 2565359) AND (k <= 2565459))
	  ->  Bitmap Index Scan on k_5  (cost=0.00..5.51 rows=108 width=0)
	        Index Cond: ((k >= 2565359) AND (k <= 2565459))

table 6 : explain SELECT k, c FROM sbtest6 WHERE k BETWEEN 2565359 AND 2565459
	Bitmap Heap Scan on sbtest6  (cost=5.50..417.56 rows=104 width=125)
	  Recheck Cond: ((k >= 2565359) AND (k <= 2565459))
	  ->  Bitmap Index Scan on k_6  (cost=0.00..5.47 rows=104 width=0)
	        Index Cond: ((k >= 2565359) AND (k <= 2565459))

table 7 : explain SELECT k, c FROM sbtest7 WHERE k BETWEEN 2565359 AND 2565459
	Bitmap Heap Scan on sbtest7  (cost=5.40..378.09 rows=94 width=125)
	  Recheck Cond: ((k >= 2565359) AND (k <= 2565459))
	  ->  Bitmap Index Scan on k_7  (cost=0.00..5.38 rows=94 width=0)
	        Index Cond: ((k >= 2565359) AND (k <= 2565459))

table 8 : explain SELECT k, c FROM sbtest8 WHERE k BETWEEN 2565359 AND 2565459
	Bitmap Heap Scan on sbtest8  (cost=5.44..393.88 rows=98 width=125)
	  Recheck Cond: ((k >= 2565359) AND (k <= 2565459))
	  ->  Bitmap Index Scan on k_8  (cost=0.00..5.42 rows=98 width=0)
	        Index Cond: ((k >= 2565359) AND (k <= 2565459))

for range-notcovered
table 1 : explain SELECT k, c FROM sbtest1 WHERE k BETWEEN 7351468 AND 7351568
	Bitmap Heap Scan on sbtest1  (cost=5.44..393.67 rows=98 width=125)
	  Recheck Cond: ((k >= 7351468) AND (k <= 7351568))
	  ->  Bitmap Index Scan on k_1  (cost=0.00..5.42 rows=98 width=0)
	        Index Cond: ((k >= 7351468) AND (k <= 7351568))

table 2 : explain SELECT k, c FROM sbtest2 WHERE k BETWEEN 7351468 AND 7351568
	Bitmap Heap Scan on sbtest2  (cost=5.39..374.05 rows=93 width=125)
	  Recheck Cond: ((k >= 7351468) AND (k <= 7351568))
	  ->  Bitmap Index Scan on k_2  (cost=0.00..5.36 rows=93 width=0)
	        Index Cond: ((k >= 7351468) AND (k <= 7351568))

table 3 : explain SELECT k, c FROM sbtest3 WHERE k BETWEEN 7351468 AND 7351568
	Bitmap Heap Scan on sbtest3  (cost=5.51..421.38 rows=105 width=125)
	  Recheck Cond: ((k >= 7351468) AND (k <= 7351568))
	  ->  Bitmap Index Scan on k_3  (cost=0.00..5.48 rows=105 width=0)
	        Index Cond: ((k >= 7351468) AND (k <= 7351568))

table 4 : explain SELECT k, c FROM sbtest4 WHERE k BETWEEN 7351468 AND 7351568
	Bitmap Heap Scan on sbtest4  (cost=5.46..401.77 rows=100 width=125)
	  Recheck Cond: ((k >= 7351468) AND (k <= 7351568))
	  ->  Bitmap Index Scan on k_4  (cost=0.00..5.43 rows=100 width=0)
	        Index Cond: ((k >= 7351468) AND (k <= 7351568))

table 5 : explain SELECT k, c FROM sbtest5 WHERE k BETWEEN 7351468 AND 7351568
	Bitmap Heap Scan on sbtest5  (cost=5.64..472.75 rows=118 width=125)
	  Recheck Cond: ((k >= 7351468) AND (k <= 7351568))
	  ->  Bitmap Index Scan on k_5  (cost=0.00..5.61 rows=118 width=0)
	        Index Cond: ((k >= 7351468) AND (k <= 7351568))

table 6 : explain SELECT k, c FROM sbtest6 WHERE k BETWEEN 7351468 AND 7351568
	Bitmap Heap Scan on sbtest6  (cost=5.61..460.95 rows=115 width=125)
	  Recheck Cond: ((k >= 7351468) AND (k <= 7351568))
	  ->  Bitmap Index Scan on k_6  (cost=0.00..5.58 rows=115 width=0)
	        Index Cond: ((k >= 7351468) AND (k <= 7351568))

table 7 : explain SELECT k, c FROM sbtest7 WHERE k BETWEEN 7351468 AND 7351568
	Bitmap Heap Scan on sbtest7  (cost=5.45..397.83 rows=99 width=125)
	  Recheck Cond: ((k >= 7351468) AND (k <= 7351568))
	  ->  Bitmap Index Scan on k_7  (cost=0.00..5.42 rows=99 width=0)
	        Index Cond: ((k >= 7351468) AND (k <= 7351568))

table 8 : explain SELECT k, c FROM sbtest8 WHERE k BETWEEN 7351468 AND 7351568
	Bitmap Heap Scan on sbtest8  (cost=5.57..445.18 rows=111 width=125)
	  Recheck Cond: ((k >= 7351468) AND (k <= 7351568))
	  ->  Bitmap Index Scan on k_8  (cost=0.00..5.54 rows=111 width=0)
	        Index Cond: ((k >= 7351468) AND (k <= 7351568))

for range-notcovered
table 1 : explain SELECT k, c FROM sbtest1 WHERE k BETWEEN 4344646 AND 4344746
	Bitmap Heap Scan on sbtest1  (cost=5.45..397.61 rows=99 width=125)
	  Recheck Cond: ((k >= 4344646) AND (k <= 4344746))
	  ->  Bitmap Index Scan on k_1  (cost=0.00..5.42 rows=99 width=0)
	        Index Cond: ((k >= 4344646) AND (k <= 4344746))

table 2 : explain SELECT k, c FROM sbtest2 WHERE k BETWEEN 4344646 AND 4344746
	Bitmap Heap Scan on sbtest2  (cost=5.45..397.74 rows=99 width=125)
	  Recheck Cond: ((k >= 4344646) AND (k <= 4344746))
	  ->  Bitmap Index Scan on k_2  (cost=0.00..5.42 rows=99 width=0)
	        Index Cond: ((k >= 4344646) AND (k <= 4344746))

table 3 : explain SELECT k, c FROM sbtest3 WHERE k BETWEEN 4344646 AND 4344746
	Bitmap Heap Scan on sbtest3  (cost=5.45..397.71 rows=99 width=125)
	  Recheck Cond: ((k >= 4344646) AND (k <= 4344746))
	  ->  Bitmap Index Scan on k_3  (cost=0.00..5.42 rows=99 width=0)
	        Index Cond: ((k >= 4344646) AND (k <= 4344746))

table 4 : explain SELECT k, c FROM sbtest4 WHERE k BETWEEN 4344646 AND 4344746
	Bitmap Heap Scan on sbtest4  (cost=5.38..370.18 rows=92 width=125)
	  Recheck Cond: ((k >= 4344646) AND (k <= 4344746))
	  ->  Bitmap Index Scan on k_4  (cost=0.00..5.35 rows=92 width=0)
	        Index Cond: ((k >= 4344646) AND (k <= 4344746))

table 5 : explain SELECT k, c FROM sbtest5 WHERE k BETWEEN 4344646 AND 4344746
	Bitmap Heap Scan on sbtest5  (cost=5.53..429.38 rows=107 width=125)
	  Recheck Cond: ((k >= 4344646) AND (k <= 4344746))
	  ->  Bitmap Index Scan on k_5  (cost=0.00..5.50 rows=107 width=0)
	        Index Cond: ((k >= 4344646) AND (k <= 4344746))

table 6 : explain SELECT k, c FROM sbtest6 WHERE k BETWEEN 4344646 AND 4344746
	Bitmap Heap Scan on sbtest6  (cost=5.54..433.34 rows=108 width=125)
	  Recheck Cond: ((k >= 4344646) AND (k <= 4344746))
	  ->  Bitmap Index Scan on k_6  (cost=0.00..5.51 rows=108 width=0)
	        Index Cond: ((k >= 4344646) AND (k <= 4344746))

table 7 : explain SELECT k, c FROM sbtest7 WHERE k BETWEEN 4344646 AND 4344746
	Bitmap Heap Scan on sbtest7  (cost=5.49..413.62 rows=103 width=125)
	  Recheck Cond: ((k >= 4344646) AND (k <= 4344746))
	  ->  Bitmap Index Scan on k_7  (cost=0.00..5.46 rows=103 width=0)
	        Index Cond: ((k >= 4344646) AND (k <= 4344746))

table 8 : explain SELECT k, c FROM sbtest8 WHERE k BETWEEN 4344646 AND 4344746
	Bitmap Heap Scan on sbtest8  (cost=5.58..449.12 rows=112 width=125)
	  Recheck Cond: ((k >= 4344646) AND (k <= 4344746))
	  ->  Bitmap Index Scan on k_8  (cost=0.00..5.55 rows=112 width=0)
	        Index Cond: ((k >= 4344646) AND (k <= 4344746))

explain: for range-notcovered :: explain SELECT k, c FROM sbtest%d WHERE k BETWEEN 2565359 AND 2565459
for range-notcovered
table 1 : explain SELECT k, c FROM sbtest1 WHERE k BETWEEN 4439266 AND 4439366
	Bitmap Heap Scan on sbtest1  (cost=5.48..409.44 rows=102 width=125)
	  Recheck Cond: ((k >= 4439266) AND (k <= 4439366))
	  ->  Bitmap Index Scan on k_1  (cost=0.00..5.45 rows=102 width=0)
	        Index Cond: ((k >= 4439266) AND (k <= 4439366))

table 2 : explain SELECT k, c FROM sbtest2 WHERE k BETWEEN 4439266 AND 4439366
	Bitmap Heap Scan on sbtest2  (cost=5.46..401.69 rows=100 width=125)
	  Recheck Cond: ((k >= 4439266) AND (k <= 4439366))
	  ->  Bitmap Index Scan on k_2  (cost=0.00..5.43 rows=100 width=0)
	        Index Cond: ((k >= 4439266) AND (k <= 4439366))

table 3 : explain SELECT k, c FROM sbtest3 WHERE k BETWEEN 4439266 AND 4439366
	Bitmap Heap Scan on sbtest3  (cost=5.53..429.27 rows=107 width=125)
	  Recheck Cond: ((k >= 4439266) AND (k <= 4439366))
	  ->  Bitmap Index Scan on k_3  (cost=0.00..5.50 rows=107 width=0)
	        Index Cond: ((k >= 4439266) AND (k <= 4439366))

table 4 : explain SELECT k, c FROM sbtest4 WHERE k BETWEEN 4439266 AND 4439366
	Bitmap Heap Scan on sbtest4  (cost=5.38..370.18 rows=92 width=125)
	  Recheck Cond: ((k >= 4439266) AND (k <= 4439366))
	  ->  Bitmap Index Scan on k_4  (cost=0.00..5.35 rows=92 width=0)
	        Index Cond: ((k >= 4439266) AND (k <= 4439366))

table 5 : explain SELECT k, c FROM sbtest5 WHERE k BETWEEN 4439266 AND 4439366
	Bitmap Heap Scan on sbtest5  (cost=5.46..401.76 rows=100 width=125)
	  Recheck Cond: ((k >= 4439266) AND (k <= 4439366))
	  ->  Bitmap Index Scan on k_5  (cost=0.00..5.43 rows=100 width=0)
	        Index Cond: ((k >= 4439266) AND (k <= 4439366))

table 6 : explain SELECT k, c FROM sbtest6 WHERE k BETWEEN 4439266 AND 4439366
	Bitmap Heap Scan on sbtest6  (cost=5.58..449.12 rows=112 width=125)
	  Recheck Cond: ((k >= 4439266) AND (k <= 4439366))
	  ->  Bitmap Index Scan on k_6  (cost=0.00..5.55 rows=112 width=0)
	        Index Cond: ((k >= 4439266) AND (k <= 4439366))

table 7 : explain SELECT k, c FROM sbtest7 WHERE k BETWEEN 4439266 AND 4439366
	Bitmap Heap Scan on sbtest7  (cost=5.61..460.95 rows=115 width=125)
	  Recheck Cond: ((k >= 4439266) AND (k <= 4439366))
	  ->  Bitmap Index Scan on k_7  (cost=0.00..5.58 rows=115 width=0)
	        Index Cond: ((k >= 4439266) AND (k <= 4439366))

table 8 : explain SELECT k, c FROM sbtest8 WHERE k BETWEEN 4439266 AND 4439366
	Bitmap Heap Scan on sbtest8  (cost=5.48..409.67 rows=102 width=125)
	  Recheck Cond: ((k >= 4439266) AND (k <= 4439366))
	  ->  Bitmap Index Scan on k_8  (cost=0.00..5.45 rows=102 width=0)
	        Index Cond: ((k >= 4439266) AND (k <= 4439366))

for range-notcovered
table 1 : explain SELECT k, c FROM sbtest1 WHERE k BETWEEN 5386731 AND 5386831
	Bitmap Heap Scan on sbtest1  (cost=5.53..429.16 rows=107 width=125)
	  Recheck Cond: ((k >= 5386731) AND (k <= 5386831))
	  ->  Bitmap Index Scan on k_1  (cost=0.00..5.50 rows=107 width=0)
	        Index Cond: ((k >= 5386731) AND (k <= 5386831))

table 2 : explain SELECT k, c FROM sbtest2 WHERE k BETWEEN 5386731 AND 5386831
	Bitmap Heap Scan on sbtest2  (cost=5.44..393.79 rows=98 width=125)
	  Recheck Cond: ((k >= 5386731) AND (k <= 5386831))
	  ->  Bitmap Index Scan on k_2  (cost=0.00..5.42 rows=98 width=0)
	        Index Cond: ((k >= 5386731) AND (k <= 5386831))

table 3 : explain SELECT k, c FROM sbtest3 WHERE k BETWEEN 5386731 AND 5386831
	Bitmap Heap Scan on sbtest3  (cost=5.48..409.55 rows=102 width=125)
	  Recheck Cond: ((k >= 5386731) AND (k <= 5386831))
	  ->  Bitmap Index Scan on k_3  (cost=0.00..5.45 rows=102 width=0)
	        Index Cond: ((k >= 5386731) AND (k <= 5386831))

table 4 : explain SELECT k, c FROM sbtest4 WHERE k BETWEEN 5386731 AND 5386831
	Bitmap Heap Scan on sbtest4  (cost=5.38..370.18 rows=92 width=125)
	  Recheck Cond: ((k >= 5386731) AND (k <= 5386831))
	  ->  Bitmap Index Scan on k_4  (cost=0.00..5.35 rows=92 width=0)
	        Index Cond: ((k >= 5386731) AND (k <= 5386831))

table 5 : explain SELECT k, c FROM sbtest5 WHERE k BETWEEN 5386731 AND 5386831
	Bitmap Heap Scan on sbtest5  (cost=5.52..425.44 rows=106 width=125)
	  Recheck Cond: ((k >= 5386731) AND (k <= 5386831))
	  ->  Bitmap Index Scan on k_5  (cost=0.00..5.50 rows=106 width=0)
	        Index Cond: ((k >= 5386731) AND (k <= 5386831))

table 6 : explain SELECT k, c FROM sbtest6 WHERE k BETWEEN 5386731 AND 5386831
	Bitmap Heap Scan on sbtest6  (cost=5.51..421.51 rows=105 width=125)
	  Recheck Cond: ((k >= 5386731) AND (k <= 5386831))
	  ->  Bitmap Index Scan on k_6  (cost=0.00..5.48 rows=105 width=0)
	        Index Cond: ((k >= 5386731) AND (k <= 5386831))

table 7 : explain SELECT k, c FROM sbtest7 WHERE k BETWEEN 5386731 AND 5386831
	Bitmap Heap Scan on sbtest7  (cost=5.48..409.68 rows=102 width=125)
	  Recheck Cond: ((k >= 5386731) AND (k <= 5386831))
	  ->  Bitmap Index Scan on k_7  (cost=0.00..5.45 rows=102 width=0)
	        Index Cond: ((k >= 5386731) AND (k <= 5386831))

table 8 : explain SELECT k, c FROM sbtest8 WHERE k BETWEEN 5386731 AND 5386831
	Bitmap Heap Scan on sbtest8  (cost=5.41..382.04 rows=95 width=125)
	  Recheck Cond: ((k >= 5386731) AND (k <= 5386831))
	  ->  Bitmap Index Scan on k_8  (cost=0.00..5.38 rows=95 width=0)
	        Index Cond: ((k >= 5386731) AND (k <= 5386831))

explain: for range-notcovered :: explain SELECT k, c FROM sbtest%d WHERE k BETWEEN 7351468 AND 7351568
explain: for range-notcovered :: explain SELECT k, c FROM sbtest%d WHERE k BETWEEN 4344646 AND 4344746
for range-notcovered
table 1 : explain SELECT k, c FROM sbtest1 WHERE k BETWEEN 6569687 AND 6569787
	Bitmap Heap Scan on sbtest1  (cost=5.40..377.88 rows=94 width=125)
	  Recheck Cond: ((k >= 6569687) AND (k <= 6569787))
	  ->  Bitmap Index Scan on k_1  (cost=0.00..5.38 rows=94 width=0)
	        Index Cond: ((k >= 6569687) AND (k <= 6569787))

table 2 : explain SELECT k, c FROM sbtest2 WHERE k BETWEEN 6569687 AND 6569787
	Bitmap Heap Scan on sbtest2  (cost=5.45..397.74 rows=99 width=125)
	  Recheck Cond: ((k >= 6569687) AND (k <= 6569787))
	  ->  Bitmap Index Scan on k_2  (cost=0.00..5.42 rows=99 width=0)
	        Index Cond: ((k >= 6569687) AND (k <= 6569787))

table 3 : explain SELECT k, c FROM sbtest3 WHERE k BETWEEN 6569687 AND 6569787
	Bitmap Heap Scan on sbtest3  (cost=5.49..413.49 rows=103 width=125)
	  Recheck Cond: ((k >= 6569687) AND (k <= 6569787))
	  ->  Bitmap Index Scan on k_3  (cost=0.00..5.46 rows=103 width=0)
	        Index Cond: ((k >= 6569687) AND (k <= 6569787))

table 4 : explain SELECT k, c FROM sbtest4 WHERE k BETWEEN 6569687 AND 6569787
	Bitmap Heap Scan on sbtest4  (cost=5.57..445.16 rows=111 width=125)
	  Recheck Cond: ((k >= 6569687) AND (k <= 6569787))
	  ->  Bitmap Index Scan on k_4  (cost=0.00..5.54 rows=111 width=0)
	        Index Cond: ((k >= 6569687) AND (k <= 6569787))

table 5 : explain SELECT k, c FROM sbtest5 WHERE k BETWEEN 6569687 AND 6569787
	Bitmap Heap Scan on sbtest5  (cost=5.52..425.44 rows=106 width=125)
	  Recheck Cond: ((k >= 6569687) AND (k <= 6569787))
	  ->  Bitmap Index Scan on k_5  (cost=0.00..5.50 rows=106 width=0)
	        Index Cond: ((k >= 6569687) AND (k <= 6569787))

table 6 : explain SELECT k, c FROM sbtest6 WHERE k BETWEEN 6569687 AND 6569787
	Bitmap Heap Scan on sbtest6  (cost=5.44..393.88 rows=98 width=125)
	  Recheck Cond: ((k >= 6569687) AND (k <= 6569787))
	  ->  Bitmap Index Scan on k_6  (cost=0.00..5.42 rows=98 width=0)
	        Index Cond: ((k >= 6569687) AND (k <= 6569787))

table 7 : explain SELECT k, c FROM sbtest7 WHERE k BETWEEN 6569687 AND 6569787
	Bitmap Heap Scan on sbtest7  (cost=5.50..417.57 rows=104 width=125)
	  Recheck Cond: ((k >= 6569687) AND (k <= 6569787))
	  ->  Bitmap Index Scan on k_7  (cost=0.00..5.47 rows=104 width=0)
	        Index Cond: ((k >= 6569687) AND (k <= 6569787))

table 8 : explain SELECT k, c FROM sbtest8 WHERE k BETWEEN 6569687 AND 6569787
	Bitmap Heap Scan on sbtest8  (cost=5.43..389.94 rows=97 width=125)
	  Recheck Cond: ((k >= 6569687) AND (k <= 6569787))
	  ->  Bitmap Index Scan on k_8  (cost=0.00..5.40 rows=97 width=0)
	        Index Cond: ((k >= 6569687) AND (k <= 6569787))

for range-notcovered
table 1 : explain SELECT k, c FROM sbtest1 WHERE k BETWEEN 4272102 AND 4272202
	Bitmap Heap Scan on sbtest1  (cost=5.54..433.10 rows=108 width=125)
	  Recheck Cond: ((k >= 4272102) AND (k <= 4272202))
	  ->  Bitmap Index Scan on k_1  (cost=0.00..5.51 rows=108 width=0)
	        Index Cond: ((k >= 4272102) AND (k <= 4272202))

table 2 : explain SELECT k, c FROM sbtest2 WHERE k BETWEEN 4272102 AND 4272202
	Bitmap Heap Scan on sbtest2  (cost=5.47..405.63 rows=101 width=125)
	  Recheck Cond: ((k >= 4272102) AND (k <= 4272202))
	  ->  Bitmap Index Scan on k_2  (cost=0.00..5.44 rows=101 width=0)
	        Index Cond: ((k >= 4272102) AND (k <= 4272202))

table 3 : explain SELECT k, c FROM sbtest3 WHERE k BETWEEN 4272102 AND 4272202
	Bitmap Heap Scan on sbtest3  (cost=5.43..389.82 rows=97 width=125)
	  Recheck Cond: ((k >= 4272102) AND (k <= 4272202))
	  ->  Bitmap Index Scan on k_3  (cost=0.00..5.40 rows=97 width=0)
	        Index Cond: ((k >= 4272102) AND (k <= 4272202))

table 4 : explain SELECT k, c FROM sbtest4 WHERE k BETWEEN 4272102 AND 4272202
	Bitmap Heap Scan on sbtest4  (cost=5.46..401.77 rows=100 width=125)
	  Recheck Cond: ((k >= 4272102) AND (k <= 4272202))
	  ->  Bitmap Index Scan on k_4  (cost=0.00..5.43 rows=100 width=0)
	        Index Cond: ((k >= 4272102) AND (k <= 4272202))

table 5 : explain SELECT k, c FROM sbtest5 WHERE k BETWEEN 4272102 AND 4272202
	Bitmap Heap Scan on sbtest5  (cost=5.53..429.38 rows=107 width=125)
	  Recheck Cond: ((k >= 4272102) AND (k <= 4272202))
	  ->  Bitmap Index Scan on k_5  (cost=0.00..5.50 rows=107 width=0)
	        Index Cond: ((k >= 4272102) AND (k <= 4272202))

table 6 : explain SELECT k, c FROM sbtest6 WHERE k BETWEEN 4272102 AND 4272202
	Bitmap Heap Scan on sbtest6  (cost=5.58..449.12 rows=112 width=125)
	  Recheck Cond: ((k >= 4272102) AND (k <= 4272202))
	  ->  Bitmap Index Scan on k_6  (cost=0.00..5.55 rows=112 width=0)
	        Index Cond: ((k >= 4272102) AND (k <= 4272202))

table 7 : explain SELECT k, c FROM sbtest7 WHERE k BETWEEN 4272102 AND 4272202
	Bitmap Heap Scan on sbtest7  (cost=5.50..417.57 rows=104 width=125)
	  Recheck Cond: ((k >= 4272102) AND (k <= 4272202))
	  ->  Bitmap Index Scan on k_7  (cost=0.00..5.47 rows=104 width=0)
	        Index Cond: ((k >= 4272102) AND (k <= 4272202))

table 8 : explain SELECT k, c FROM sbtest8 WHERE k BETWEEN 4272102 AND 4272202
	Bitmap Heap Scan on sbtest8  (cost=5.42..385.99 rows=96 width=125)
	  Recheck Cond: ((k >= 4272102) AND (k <= 4272202))
	  ->  Bitmap Index Scan on k_8  (cost=0.00..5.39 rows=96 width=0)
	        Index Cond: ((k >= 4272102) AND (k <= 4272202))

explain: for range-notcovered :: explain SELECT k, c FROM sbtest%d WHERE k BETWEEN 4439266 AND 4439366
explain: for range-notcovered :: explain SELECT k, c FROM sbtest%d WHERE k BETWEEN 5386731 AND 5386831
explain: for range-notcovered :: explain SELECT k, c FROM sbtest%d WHERE k BETWEEN 6569687 AND 6569787
explain: for range-notcovered :: explain SELECT k, c FROM sbtest%d WHERE k BETWEEN 5832955 AND 5833055
explain: for range-notcovered :: explain SELECT k, c FROM sbtest%d WHERE k BETWEEN 4272102 AND 4272202
for range-notcovered
table 1 : explain SELECT k, c FROM sbtest1 WHERE k BETWEEN 7854149 AND 7854249
	Bitmap Heap Scan on sbtest1  (cost=5.59..452.80 rows=113 width=125)
	  Recheck Cond: ((k >= 7854149) AND (k <= 7854249))
	  ->  Bitmap Index Scan on k_1  (cost=0.00..5.56 rows=113 width=0)
	        Index Cond: ((k >= 7854149) AND (k <= 7854249))

table 2 : explain SELECT k, c FROM sbtest2 WHERE k BETWEEN 7854149 AND 7854249
	Bitmap Heap Scan on sbtest2  (cost=5.49..413.52 rows=103 width=125)
	  Recheck Cond: ((k >= 7854149) AND (k <= 7854249))
	  ->  Bitmap Index Scan on k_2  (cost=0.00..5.46 rows=103 width=0)
	        Index Cond: ((k >= 7854149) AND (k <= 7854249))

table 3 : explain SELECT k, c FROM sbtest3 WHERE k BETWEEN 7854149 AND 7854249
	Bitmap Heap Scan on sbtest3  (cost=5.40..377.98 rows=94 width=125)
	  Recheck Cond: ((k >= 7854149) AND (k <= 7854249))
	  ->  Bitmap Index Scan on k_3  (cost=0.00..5.38 rows=94 width=0)
	        Index Cond: ((k >= 7854149) AND (k <= 7854249))

table 4 : explain SELECT k, c FROM sbtest4 WHERE k BETWEEN 7854149 AND 7854249
	Bitmap Heap Scan on sbtest4  (cost=5.41..382.03 rows=95 width=125)
	  Recheck Cond: ((k >= 7854149) AND (k <= 7854249))
	  ->  Bitmap Index Scan on k_4  (cost=0.00..5.38 rows=95 width=0)
	        Index Cond: ((k >= 7854149) AND (k <= 7854249))

table 5 : explain SELECT k, c FROM sbtest5 WHERE k BETWEEN 7854149 AND 7854249
	Bitmap Heap Scan on sbtest5  (cost=5.54..433.33 rows=108 width=125)
	  Recheck Cond: ((k >= 7854149) AND (k <= 7854249))
	  ->  Bitmap Index Scan on k_5  (cost=0.00..5.51 rows=108 width=0)
	        Index Cond: ((k >= 7854149) AND (k <= 7854249))

table 6 : explain SELECT k, c FROM sbtest6 WHERE k BETWEEN 7854149 AND 7854249
	Bitmap Heap Scan on sbtest6  (cost=5.50..417.56 rows=104 width=125)
	  Recheck Cond: ((k >= 7854149) AND (k <= 7854249))
	  ->  Bitmap Index Scan on k_6  (cost=0.00..5.47 rows=104 width=0)
	        Index Cond: ((k >= 7854149) AND (k <= 7854249))

table 7 : explain SELECT k, c FROM sbtest7 WHERE k BETWEEN 7854149 AND 7854249
	Bitmap Heap Scan on sbtest7  (cost=5.40..378.09 rows=94 width=125)
	  Recheck Cond: ((k >= 7854149) AND (k <= 7854249))
	  ->  Bitmap Index Scan on k_7  (cost=0.00..5.38 rows=94 width=0)
	        Index Cond: ((k >= 7854149) AND (k <= 7854249))

table 8 : explain SELECT k, c FROM sbtest8 WHERE k BETWEEN 7854149 AND 7854249
	Bitmap Heap Scan on sbtest8  (cost=5.50..417.57 rows=104 width=125)
	  Recheck Cond: ((k >= 7854149) AND (k <= 7854249))
	  ->  Bitmap Index Scan on k_8  (cost=0.00..5.47 rows=104 width=0)
	        Index Cond: ((k >= 7854149) AND (k <= 7854249))

for range-notcovered
table 1 : explain SELECT k, c FROM sbtest1 WHERE k BETWEEN 9821746 AND 9821846
	Bitmap Heap Scan on sbtest1  (cost=5.45..397.61 rows=99 width=125)
	  Recheck Cond: ((k >= 9821746) AND (k <= 9821846))
	  ->  Bitmap Index Scan on k_1  (cost=0.00..5.42 rows=99 width=0)
	        Index Cond: ((k >= 9821746) AND (k <= 9821846))

table 2 : explain SELECT k, c FROM sbtest2 WHERE k BETWEEN 9821746 AND 9821846
	Bitmap Heap Scan on sbtest2  (cost=5.37..366.15 rows=91 width=125)
	  Recheck Cond: ((k >= 9821746) AND (k <= 9821846))
	  ->  Bitmap Index Scan on k_2  (cost=0.00..5.34 rows=91 width=0)
	        Index Cond: ((k >= 9821746) AND (k <= 9821846))

table 3 : explain SELECT k, c FROM sbtest3 WHERE k BETWEEN 9821746 AND 9821846
	Bitmap Heap Scan on sbtest3  (cost=5.58..448.98 rows=112 width=125)
	  Recheck Cond: ((k >= 9821746) AND (k <= 9821846))
	  ->  Bitmap Index Scan on k_3  (cost=0.00..5.55 rows=112 width=0)
	        Index Cond: ((k >= 9821746) AND (k <= 9821846))

table 4 : explain SELECT k, c FROM sbtest4 WHERE k BETWEEN 9821746 AND 9821846
	Bitmap Heap Scan on sbtest4  (cost=5.52..425.44 rows=106 width=125)
	  Recheck Cond: ((k >= 9821746) AND (k <= 9821846))
	  ->  Bitmap Index Scan on k_4  (cost=0.00..5.50 rows=106 width=0)
	        Index Cond: ((k >= 9821746) AND (k <= 9821846))

table 5 : explain SELECT k, c FROM sbtest5 WHERE k BETWEEN 9821746 AND 9821846
	Bitmap Heap Scan on sbtest5  (cost=5.49..413.60 rows=103 width=125)
	  Recheck Cond: ((k >= 9821746) AND (k <= 9821846))
	  ->  Bitmap Index Scan on k_5  (cost=0.00..5.46 rows=103 width=0)
	        Index Cond: ((k >= 9821746) AND (k <= 9821846))

table 6 : explain SELECT k, c FROM sbtest6 WHERE k BETWEEN 9821746 AND 9821846
	Bitmap Heap Scan on sbtest6  (cost=5.37..366.23 rows=91 width=125)
	  Recheck Cond: ((k >= 9821746) AND (k <= 9821846))
	  ->  Bitmap Index Scan on k_6  (cost=0.00..5.34 rows=91 width=0)
	        Index Cond: ((k >= 9821746) AND (k <= 9821846))

table 7 : explain SELECT k, c FROM sbtest7 WHERE k BETWEEN 9821746 AND 9821846
	Bitmap Heap Scan on sbtest7  (cost=5.58..449.13 rows=112 width=125)
	  Recheck Cond: ((k >= 9821746) AND (k <= 9821846))
	  ->  Bitmap Index Scan on k_7  (cost=0.00..5.55 rows=112 width=0)
	        Index Cond: ((k >= 9821746) AND (k <= 9821846))

table 8 : explain SELECT k, c FROM sbtest8 WHERE k BETWEEN 9821746 AND 9821846
	Bitmap Heap Scan on sbtest8  (cost=5.55..437.29 rows=109 width=125)
	  Recheck Cond: ((k >= 9821746) AND (k <= 9821846))
	  ->  Bitmap Index Scan on k_8  (cost=0.00..5.52 rows=109 width=0)
	        Index Cond: ((k >= 9821746) AND (k <= 9821846))

explain: for range-notcovered :: explain SELECT k, c FROM sbtest%d WHERE k BETWEEN 7854149 AND 7854249
explain: for range-notcovered :: explain SELECT k, c FROM sbtest%d WHERE k BETWEEN 9821746 AND 9821846
for range-notcovered
table 1 : explain SELECT k, c FROM sbtest1 WHERE k BETWEEN 7365155 AND 7365255
	Bitmap Heap Scan on sbtest1  (cost=5.44..393.67 rows=98 width=125)
	  Recheck Cond: ((k >= 7365155) AND (k <= 7365255))
	  ->  Bitmap Index Scan on k_1  (cost=0.00..5.42 rows=98 width=0)
	        Index Cond: ((k >= 7365155) AND (k <= 7365255))

table 2 : explain SELECT k, c FROM sbtest2 WHERE k BETWEEN 7365155 AND 7365255
	Bitmap Heap Scan on sbtest2  (cost=5.39..374.05 rows=93 width=125)
	  Recheck Cond: ((k >= 7365155) AND (k <= 7365255))
	  ->  Bitmap Index Scan on k_2  (cost=0.00..5.36 rows=93 width=0)
	        Index Cond: ((k >= 7365155) AND (k <= 7365255))

table 3 : explain SELECT k, c FROM sbtest3 WHERE k BETWEEN 7365155 AND 7365255
	Bitmap Heap Scan on sbtest3  (cost=5.51..421.38 rows=105 width=125)
	  Recheck Cond: ((k >= 7365155) AND (k <= 7365255))
	  ->  Bitmap Index Scan on k_3  (cost=0.00..5.48 rows=105 width=0)
	        Index Cond: ((k >= 7365155) AND (k <= 7365255))

table 4 : explain SELECT k, c FROM sbtest4 WHERE k BETWEEN 7365155 AND 7365255
	Bitmap Heap Scan on sbtest4  (cost=5.46..401.77 rows=100 width=125)
	  Recheck Cond: ((k >= 7365155) AND (k <= 7365255))
	  ->  Bitmap Index Scan on k_4  (cost=0.00..5.43 rows=100 width=0)
	        Index Cond: ((k >= 7365155) AND (k <= 7365255))

table 5 : explain SELECT k, c FROM sbtest5 WHERE k BETWEEN 7365155 AND 7365255
	Bitmap Heap Scan on sbtest5  (cost=5.64..472.75 rows=118 width=125)
	  Recheck Cond: ((k >= 7365155) AND (k <= 7365255))
	  ->  Bitmap Index Scan on k_5  (cost=0.00..5.61 rows=118 width=0)
	        Index Cond: ((k >= 7365155) AND (k <= 7365255))

table 6 : explain SELECT k, c FROM sbtest6 WHERE k BETWEEN 7365155 AND 7365255
	Bitmap Heap Scan on sbtest6  (cost=5.61..460.95 rows=115 width=125)
	  Recheck Cond: ((k >= 7365155) AND (k <= 7365255))
	  ->  Bitmap Index Scan on k_6  (cost=0.00..5.58 rows=115 width=0)
	        Index Cond: ((k >= 7365155) AND (k <= 7365255))

table 7 : explain SELECT k, c FROM sbtest7 WHERE k BETWEEN 7365155 AND 7365255
	Bitmap Heap Scan on sbtest7  (cost=5.45..397.83 rows=99 width=125)
	  Recheck Cond: ((k >= 7365155) AND (k <= 7365255))
	  ->  Bitmap Index Scan on k_7  (cost=0.00..5.42 rows=99 width=0)
	        Index Cond: ((k >= 7365155) AND (k <= 7365255))

table 8 : explain SELECT k, c FROM sbtest8 WHERE k BETWEEN 7365155 AND 7365255
	Bitmap Heap Scan on sbtest8  (cost=5.57..445.18 rows=111 width=125)
	  Recheck Cond: ((k >= 7365155) AND (k <= 7365255))
	  ->  Bitmap Index Scan on k_8  (cost=0.00..5.54 rows=111 width=0)
	        Index Cond: ((k >= 7365155) AND (k <= 7365255))

explain: for range-notcovered :: explain SELECT k, c FROM sbtest%d WHERE k BETWEEN 7365155 AND 7365255
for range-notcovered
table 1 : explain SELECT k, c FROM sbtest1 WHERE k BETWEEN 2911271 AND 2911371
	Bitmap Heap Scan on sbtest1  (cost=5.47..405.50 rows=101 width=125)
	  Recheck Cond: ((k >= 2911271) AND (k <= 2911371))
	  ->  Bitmap Index Scan on k_1  (cost=0.00..5.44 rows=101 width=0)
	        Index Cond: ((k >= 2911271) AND (k <= 2911371))

table 2 : explain SELECT k, c FROM sbtest2 WHERE k BETWEEN 2911271 AND 2911371
	Bitmap Heap Scan on sbtest2  (cost=5.52..425.36 rows=106 width=125)
	  Recheck Cond: ((k >= 2911271) AND (k <= 2911371))
	  ->  Bitmap Index Scan on k_2  (cost=0.00..5.50 rows=106 width=0)
	        Index Cond: ((k >= 2911271) AND (k <= 2911371))

table 3 : explain SELECT k, c FROM sbtest3 WHERE k BETWEEN 2911271 AND 2911371
	Bitmap Heap Scan on sbtest3  (cost=5.45..397.71 rows=99 width=125)
	  Recheck Cond: ((k >= 2911271) AND (k <= 2911371))
	  ->  Bitmap Index Scan on k_3  (cost=0.00..5.42 rows=99 width=0)
	        Index Cond: ((k >= 2911271) AND (k <= 2911371))

table 4 : explain SELECT k, c FROM sbtest4 WHERE k BETWEEN 2911271 AND 2911371
	Bitmap Heap Scan on sbtest4  (cost=5.56..441.22 rows=110 width=125)
	  Recheck Cond: ((k >= 2911271) AND (k <= 2911371))
	  ->  Bitmap Index Scan on k_4  (cost=0.00..5.53 rows=110 width=0)
	        Index Cond: ((k >= 2911271) AND (k <= 2911371))

table 5 : explain SELECT k, c FROM sbtest5 WHERE k BETWEEN 2911271 AND 2911371
	Bitmap Heap Scan on sbtest5  (cost=5.43..389.92 rows=97 width=125)
	  Recheck Cond: ((k >= 2911271) AND (k <= 2911371))
	  ->  Bitmap Index Scan on k_5  (cost=0.00..5.40 rows=97 width=0)
	        Index Cond: ((k >= 2911271) AND (k <= 2911371))

table 6 : explain SELECT k, c FROM sbtest6 WHERE k BETWEEN 2911271 AND 2911371
	Bitmap Heap Scan on sbtest6  (cost=5.44..393.88 rows=98 width=125)
	  Recheck Cond: ((k >= 2911271) AND (k <= 2911371))
	  ->  Bitmap Index Scan on k_6  (cost=0.00..5.42 rows=98 width=0)
	        Index Cond: ((k >= 2911271) AND (k <= 2911371))

table 7 : explain SELECT k, c FROM sbtest7 WHERE k BETWEEN 2911271 AND 2911371
	Bitmap Heap Scan on sbtest7  (cost=5.49..413.62 rows=103 width=125)
	  Recheck Cond: ((k >= 2911271) AND (k <= 2911371))
	  ->  Bitmap Index Scan on k_7  (cost=0.00..5.46 rows=103 width=0)
	        Index Cond: ((k >= 2911271) AND (k <= 2911371))

table 8 : explain SELECT k, c FROM sbtest8 WHERE k BETWEEN 2911271 AND 2911371
	Bitmap Heap Scan on sbtest8  (cost=5.54..433.35 rows=108 width=125)
	  Recheck Cond: ((k >= 2911271) AND (k <= 2911371))
	  ->  Bitmap Index Scan on k_8  (cost=0.00..5.51 rows=108 width=0)
	        Index Cond: ((k >= 2911271) AND (k <= 2911371))

explain: for range-notcovered :: explain SELECT k, c FROM sbtest%d WHERE k BETWEEN 2911271 AND 2911371
for range-notcovered
table 1 : explain SELECT k, c FROM sbtest1 WHERE k BETWEEN 2565359 AND 2565459
	Bitmap Heap Scan on sbtest1  (cost=5.58..448.86 rows=112 width=125)
	  Recheck Cond: ((k >= 2565359) AND (k <= 2565459))
	  ->  Bitmap Index Scan on k_1  (cost=0.00..5.55 rows=112 width=0)
	        Index Cond: ((k >= 2565359) AND (k <= 2565459))

table 2 : explain SELECT k, c FROM sbtest2 WHERE k BETWEEN 2565359 AND 2565459
	Bitmap Heap Scan on sbtest2  (cost=5.40..378.00 rows=94 width=125)
	  Recheck Cond: ((k >= 2565359) AND (k <= 2565459))
	  ->  Bitmap Index Scan on k_2  (cost=0.00..5.38 rows=94 width=0)
	        Index Cond: ((k >= 2565359) AND (k <= 2565459))

table 3 : explain SELECT k, c FROM sbtest3 WHERE k BETWEEN 2565359 AND 2565459
	Bitmap Heap Scan on sbtest3  (cost=5.50..417.44 rows=104 width=125)
	  Recheck Cond: ((k >= 2565359) AND (k <= 2565459))
	  ->  Bitmap Index Scan on k_3  (cost=0.00..5.47 rows=104 width=0)
	        Index Cond: ((k >= 2565359) AND (k <= 2565459))

table 4 : explain SELECT k, c FROM sbtest4 WHERE k BETWEEN 2565359 AND 2565459
	Bitmap Heap Scan on sbtest4  (cost=5.41..382.03 rows=95 width=125)
	  Recheck Cond: ((k >= 2565359) AND (k <= 2565459))
	  ->  Bitmap Index Scan on k_4  (cost=0.00..5.38 rows=95 width=0)
	        Index Cond: ((k >= 2565359) AND (k <= 2565459))

table 5 : explain SELECT k, c FROM sbtest5 WHERE k BETWEEN 2565359 AND 2565459
	Bitmap Heap Scan on sbtest5  (cost=5.54..433.33 rows=108 width=125)
	  Recheck Cond: ((k >= 2565359) AND (k <= 2565459))
	  ->  Bitmap Index Scan on k_5  (cost=0.00..5.51 rows=108 width=0)
	        Index Cond: ((k >= 2565359) AND (k <= 2565459))

table 6 : explain SELECT k, c FROM sbtest6 WHERE k BETWEEN 2565359 AND 2565459
	Bitmap Heap Scan on sbtest6  (cost=5.50..417.56 rows=104 width=125)
	  Recheck Cond: ((k >= 2565359) AND (k <= 2565459))
	  ->  Bitmap Index Scan on k_6  (cost=0.00..5.47 rows=104 width=0)
	        Index Cond: ((k >= 2565359) AND (k <= 2565459))

table 7 : explain SELECT k, c FROM sbtest7 WHERE k BETWEEN 2565359 AND 2565459
	Bitmap Heap Scan on sbtest7  (cost=5.40..378.09 rows=94 width=125)
	  Recheck Cond: ((k >= 2565359) AND (k <= 2565459))
	  ->  Bitmap Index Scan on k_7  (cost=0.00..5.38 rows=94 width=0)
	        Index Cond: ((k >= 2565359) AND (k <= 2565459))

table 8 : explain SELECT k, c FROM sbtest8 WHERE k BETWEEN 2565359 AND 2565459
	Bitmap Heap Scan on sbtest8  (cost=5.44..393.88 rows=98 width=125)
	  Recheck Cond: ((k >= 2565359) AND (k <= 2565459))
	  ->  Bitmap Index Scan on k_8  (cost=0.00..5.42 rows=98 width=0)
	        Index Cond: ((k >= 2565359) AND (k <= 2565459))

for range-notcovered
table 1 : explain SELECT k, c FROM sbtest1 WHERE k BETWEEN 7351468 AND 7351568
	Bitmap Heap Scan on sbtest1  (cost=5.44..393.67 rows=98 width=125)
	  Recheck Cond: ((k >= 7351468) AND (k <= 7351568))
	  ->  Bitmap Index Scan on k_1  (cost=0.00..5.42 rows=98 width=0)
	        Index Cond: ((k >= 7351468) AND (k <= 7351568))

table 2 : explain SELECT k, c FROM sbtest2 WHERE k BETWEEN 7351468 AND 7351568
	Bitmap Heap Scan on sbtest2  (cost=5.39..374.05 rows=93 width=125)
	  Recheck Cond: ((k >= 7351468) AND (k <= 7351568))
	  ->  Bitmap Index Scan on k_2  (cost=0.00..5.36 rows=93 width=0)
	        Index Cond: ((k >= 7351468) AND (k <= 7351568))

table 3 : explain SELECT k, c FROM sbtest3 WHERE k BETWEEN 7351468 AND 7351568
	Bitmap Heap Scan on sbtest3  (cost=5.51..421.38 rows=105 width=125)
	  Recheck Cond: ((k >= 7351468) AND (k <= 7351568))
	  ->  Bitmap Index Scan on k_3  (cost=0.00..5.48 rows=105 width=0)
	        Index Cond: ((k >= 7351468) AND (k <= 7351568))

table 4 : explain SELECT k, c FROM sbtest4 WHERE k BETWEEN 7351468 AND 7351568
	Bitmap Heap Scan on sbtest4  (cost=5.46..401.77 rows=100 width=125)
	  Recheck Cond: ((k >= 7351468) AND (k <= 7351568))
	  ->  Bitmap Index Scan on k_4  (cost=0.00..5.43 rows=100 width=0)
	        Index Cond: ((k >= 7351468) AND (k <= 7351568))

table 5 : explain SELECT k, c FROM sbtest5 WHERE k BETWEEN 7351468 AND 7351568
	Bitmap Heap Scan on sbtest5  (cost=5.64..472.75 rows=118 width=125)
	  Recheck Cond: ((k >= 7351468) AND (k <= 7351568))
	  ->  Bitmap Index Scan on k_5  (cost=0.00..5.61 rows=118 width=0)
	        Index Cond: ((k >= 7351468) AND (k <= 7351568))

table 6 : explain SELECT k, c FROM sbtest6 WHERE k BETWEEN 7351468 AND 7351568
	Bitmap Heap Scan on sbtest6  (cost=5.61..460.95 rows=115 width=125)
	  Recheck Cond: ((k >= 7351468) AND (k <= 7351568))
	  ->  Bitmap Index Scan on k_6  (cost=0.00..5.58 rows=115 width=0)
	        Index Cond: ((k >= 7351468) AND (k <= 7351568))

table 7 : explain SELECT k, c FROM sbtest7 WHERE k BETWEEN 7351468 AND 7351568
	Bitmap Heap Scan on sbtest7  (cost=5.45..397.83 rows=99 width=125)
	  Recheck Cond: ((k >= 7351468) AND (k <= 7351568))
	  ->  Bitmap Index Scan on k_7  (cost=0.00..5.42 rows=99 width=0)
	        Index Cond: ((k >= 7351468) AND (k <= 7351568))

table 8 : explain SELECT k, c FROM sbtest8 WHERE k BETWEEN 7351468 AND 7351568
	Bitmap Heap Scan on sbtest8  (cost=5.57..445.18 rows=111 width=125)
	  Recheck Cond: ((k >= 7351468) AND (k <= 7351568))
	  ->  Bitmap Index Scan on k_8  (cost=0.00..5.54 rows=111 width=0)
	        Index Cond: ((k >= 7351468) AND (k <= 7351568))

explain: for range-notcovered :: explain SELECT k, c FROM sbtest%d WHERE k BETWEEN 2565359 AND 2565459
for range-notcovered
table 1 : explain SELECT k, c FROM sbtest1 WHERE k BETWEEN 4344646 AND 4344746
	Bitmap Heap Scan on sbtest1  (cost=5.45..397.61 rows=99 width=125)
	  Recheck Cond: ((k >= 4344646) AND (k <= 4344746))
	  ->  Bitmap Index Scan on k_1  (cost=0.00..5.42 rows=99 width=0)
	        Index Cond: ((k >= 4344646) AND (k <= 4344746))

table 2 : explain SELECT k, c FROM sbtest2 WHERE k BETWEEN 4344646 AND 4344746
	Bitmap Heap Scan on sbtest2  (cost=5.45..397.74 rows=99 width=125)
	  Recheck Cond: ((k >= 4344646) AND (k <= 4344746))
	  ->  Bitmap Index Scan on k_2  (cost=0.00..5.42 rows=99 width=0)
	        Index Cond: ((k >= 4344646) AND (k <= 4344746))

table 3 : explain SELECT k, c FROM sbtest3 WHERE k BETWEEN 4344646 AND 4344746
	Bitmap Heap Scan on sbtest3  (cost=5.45..397.71 rows=99 width=125)
	  Recheck Cond: ((k >= 4344646) AND (k <= 4344746))
	  ->  Bitmap Index Scan on k_3  (cost=0.00..5.42 rows=99 width=0)
	        Index Cond: ((k >= 4344646) AND (k <= 4344746))

table 4 : explain SELECT k, c FROM sbtest4 WHERE k BETWEEN 4344646 AND 4344746
	Bitmap Heap Scan on sbtest4  (cost=5.38..370.18 rows=92 width=125)
	  Recheck Cond: ((k >= 4344646) AND (k <= 4344746))
	  ->  Bitmap Index Scan on k_4  (cost=0.00..5.35 rows=92 width=0)
	        Index Cond: ((k >= 4344646) AND (k <= 4344746))

table 5 : explain SELECT k, c FROM sbtest5 WHERE k BETWEEN 4344646 AND 4344746
	Bitmap Heap Scan on sbtest5  (cost=5.53..429.38 rows=107 width=125)
	  Recheck Cond: ((k >= 4344646) AND (k <= 4344746))
	  ->  Bitmap Index Scan on k_5  (cost=0.00..5.50 rows=107 width=0)
	        Index Cond: ((k >= 4344646) AND (k <= 4344746))

table 6 : explain SELECT k, c FROM sbtest6 WHERE k BETWEEN 4344646 AND 4344746
	Bitmap Heap Scan on sbtest6  (cost=5.54..433.34 rows=108 width=125)
	  Recheck Cond: ((k >= 4344646) AND (k <= 4344746))
	  ->  Bitmap Index Scan on k_6  (cost=0.00..5.51 rows=108 width=0)
	        Index Cond: ((k >= 4344646) AND (k <= 4344746))

table 7 : explain SELECT k, c FROM sbtest7 WHERE k BETWEEN 4344646 AND 4344746
	Bitmap Heap Scan on sbtest7  (cost=5.49..413.62 rows=103 width=125)
	  Recheck Cond: ((k >= 4344646) AND (k <= 4344746))
	  ->  Bitmap Index Scan on k_7  (cost=0.00..5.46 rows=103 width=0)
	        Index Cond: ((k >= 4344646) AND (k <= 4344746))

table 8 : explain SELECT k, c FROM sbtest8 WHERE k BETWEEN 4344646 AND 4344746
	Bitmap Heap Scan on sbtest8  (cost=5.58..449.12 rows=112 width=125)
	  Recheck Cond: ((k >= 4344646) AND (k <= 4344746))
	  ->  Bitmap Index Scan on k_8  (cost=0.00..5.55 rows=112 width=0)
	        Index Cond: ((k >= 4344646) AND (k <= 4344746))

explain: for range-notcovered :: explain SELECT k, c FROM sbtest%d WHERE k BETWEEN 7351468 AND 7351568
for range-notcovered
table 1 : explain SELECT k, c FROM sbtest1 WHERE k BETWEEN 4439266 AND 4439366
	Bitmap Heap Scan on sbtest1  (cost=5.48..409.44 rows=102 width=125)
	  Recheck Cond: ((k >= 4439266) AND (k <= 4439366))
	  ->  Bitmap Index Scan on k_1  (cost=0.00..5.45 rows=102 width=0)
	        Index Cond: ((k >= 4439266) AND (k <= 4439366))

table 2 : explain SELECT k, c FROM sbtest2 WHERE k BETWEEN 4439266 AND 4439366
	Bitmap Heap Scan on sbtest2  (cost=5.46..401.69 rows=100 width=125)
	  Recheck Cond: ((k >= 4439266) AND (k <= 4439366))
	  ->  Bitmap Index Scan on k_2  (cost=0.00..5.43 rows=100 width=0)
	        Index Cond: ((k >= 4439266) AND (k <= 4439366))

table 3 : explain SELECT k, c FROM sbtest3 WHERE k BETWEEN 4439266 AND 4439366
	Bitmap Heap Scan on sbtest3  (cost=5.53..429.27 rows=107 width=125)
	  Recheck Cond: ((k >= 4439266) AND (k <= 4439366))
	  ->  Bitmap Index Scan on k_3  (cost=0.00..5.50 rows=107 width=0)
	        Index Cond: ((k >= 4439266) AND (k <= 4439366))

table 4 : explain SELECT k, c FROM sbtest4 WHERE k BETWEEN 4439266 AND 4439366
	Bitmap Heap Scan on sbtest4  (cost=5.38..370.18 rows=92 width=125)
	  Recheck Cond: ((k >= 4439266) AND (k <= 4439366))
	  ->  Bitmap Index Scan on k_4  (cost=0.00..5.35 rows=92 width=0)
	        Index Cond: ((k >= 4439266) AND (k <= 4439366))

table 5 : explain SELECT k, c FROM sbtest5 WHERE k BETWEEN 4439266 AND 4439366
	Bitmap Heap Scan on sbtest5  (cost=5.46..401.76 rows=100 width=125)
	  Recheck Cond: ((k >= 4439266) AND (k <= 4439366))
	  ->  Bitmap Index Scan on k_5  (cost=0.00..5.43 rows=100 width=0)
	        Index Cond: ((k >= 4439266) AND (k <= 4439366))

table 6 : explain SELECT k, c FROM sbtest6 WHERE k BETWEEN 4439266 AND 4439366
	Bitmap Heap Scan on sbtest6  (cost=5.58..449.12 rows=112 width=125)
	  Recheck Cond: ((k >= 4439266) AND (k <= 4439366))
	  ->  Bitmap Index Scan on k_6  (cost=0.00..5.55 rows=112 width=0)
	        Index Cond: ((k >= 4439266) AND (k <= 4439366))

table 7 : explain SELECT k, c FROM sbtest7 WHERE k BETWEEN 4439266 AND 4439366
	Bitmap Heap Scan on sbtest7  (cost=5.61..460.95 rows=115 width=125)
	  Recheck Cond: ((k >= 4439266) AND (k <= 4439366))
	  ->  Bitmap Index Scan on k_7  (cost=0.00..5.58 rows=115 width=0)
	        Index Cond: ((k >= 4439266) AND (k <= 4439366))

table 8 : explain SELECT k, c FROM sbtest8 WHERE k BETWEEN 4439266 AND 4439366
	Bitmap Heap Scan on sbtest8  (cost=5.48..409.67 rows=102 width=125)
	  Recheck Cond: ((k >= 4439266) AND (k <= 4439366))
	  ->  Bitmap Index Scan on k_8  (cost=0.00..5.45 rows=102 width=0)
	        Index Cond: ((k >= 4439266) AND (k <= 4439366))

for range-notcovered
table 1 : explain SELECT k, c FROM sbtest1 WHERE k BETWEEN 5386731 AND 5386831
	Bitmap Heap Scan on sbtest1  (cost=5.53..429.16 rows=107 width=125)
	  Recheck Cond: ((k >= 5386731) AND (k <= 5386831))
	  ->  Bitmap Index Scan on k_1  (cost=0.00..5.50 rows=107 width=0)
	        Index Cond: ((k >= 5386731) AND (k <= 5386831))

table 2 : explain SELECT k, c FROM sbtest2 WHERE k BETWEEN 5386731 AND 5386831
	Bitmap Heap Scan on sbtest2  (cost=5.44..393.79 rows=98 width=125)
	  Recheck Cond: ((k >= 5386731) AND (k <= 5386831))
	  ->  Bitmap Index Scan on k_2  (cost=0.00..5.42 rows=98 width=0)
	        Index Cond: ((k >= 5386731) AND (k <= 5386831))

table 3 : explain SELECT k, c FROM sbtest3 WHERE k BETWEEN 5386731 AND 5386831
	Bitmap Heap Scan on sbtest3  (cost=5.48..409.55 rows=102 width=125)
	  Recheck Cond: ((k >= 5386731) AND (k <= 5386831))
	  ->  Bitmap Index Scan on k_3  (cost=0.00..5.45 rows=102 width=0)
	        Index Cond: ((k >= 5386731) AND (k <= 5386831))

table 4 : explain SELECT k, c FROM sbtest4 WHERE k BETWEEN 5386731 AND 5386831
	Bitmap Heap Scan on sbtest4  (cost=5.38..370.18 rows=92 width=125)
	  Recheck Cond: ((k >= 5386731) AND (k <= 5386831))
	  ->  Bitmap Index Scan on k_4  (cost=0.00..5.35 rows=92 width=0)
	        Index Cond: ((k >= 5386731) AND (k <= 5386831))

table 5 : explain SELECT k, c FROM sbtest5 WHERE k BETWEEN 5386731 AND 5386831
	Bitmap Heap Scan on sbtest5  (cost=5.52..425.44 rows=106 width=125)
	  Recheck Cond: ((k >= 5386731) AND (k <= 5386831))
	  ->  Bitmap Index Scan on k_5  (cost=0.00..5.50 rows=106 width=0)
	        Index Cond: ((k >= 5386731) AND (k <= 5386831))

table 6 : explain SELECT k, c FROM sbtest6 WHERE k BETWEEN 5386731 AND 5386831
	Bitmap Heap Scan on sbtest6  (cost=5.51..421.51 rows=105 width=125)
	  Recheck Cond: ((k >= 5386731) AND (k <= 5386831))
	  ->  Bitmap Index Scan on k_6  (cost=0.00..5.48 rows=105 width=0)
	        Index Cond: ((k >= 5386731) AND (k <= 5386831))

table 7 : explain SELECT k, c FROM sbtest7 WHERE k BETWEEN 5386731 AND 5386831
	Bitmap Heap Scan on sbtest7  (cost=5.48..409.68 rows=102 width=125)
	  Recheck Cond: ((k >= 5386731) AND (k <= 5386831))
	  ->  Bitmap Index Scan on k_7  (cost=0.00..5.45 rows=102 width=0)
	        Index Cond: ((k >= 5386731) AND (k <= 5386831))

table 8 : explain SELECT k, c FROM sbtest8 WHERE k BETWEEN 5386731 AND 5386831
	Bitmap Heap Scan on sbtest8  (cost=5.41..382.04 rows=95 width=125)
	  Recheck Cond: ((k >= 5386731) AND (k <= 5386831))
	  ->  Bitmap Index Scan on k_8  (cost=0.00..5.38 rows=95 width=0)
	        Index Cond: ((k >= 5386731) AND (k <= 5386831))
for range-notcovered
table 1 : explain SELECT k, c FROM sbtest1 WHERE k BETWEEN 6569687 AND 6569787
	Bitmap Heap Scan on sbtest1  (cost=5.40..377.88 rows=94 width=125)
	  Recheck Cond: ((k >= 6569687) AND (k <= 6569787))
	  ->  Bitmap Index Scan on k_1  (cost=0.00..5.38 rows=94 width=0)
	        Index Cond: ((k >= 6569687) AND (k <= 6569787))

table 2 : explain SELECT k, c FROM sbtest2 WHERE k BETWEEN 6569687 AND 6569787
	Bitmap Heap Scan on sbtest2  (cost=5.45..397.74 rows=99 width=125)
	  Recheck Cond: ((k >= 6569687) AND (k <= 6569787))
	  ->  Bitmap Index Scan on k_2  (cost=0.00..5.42 rows=99 width=0)
	        Index Cond: ((k >= 6569687) AND (k <= 6569787))

table 3 : explain SELECT k, c FROM sbtest3 WHERE k BETWEEN 6569687 AND 6569787
	Bitmap Heap Scan on sbtest3  (cost=5.49..413.49 rows=103 width=125)
	  Recheck Cond: ((k >= 6569687) AND (k <= 6569787))
	  ->  Bitmap Index Scan on k_3  (cost=0.00..5.46 rows=103 width=0)
	        Index Cond: ((k >= 6569687) AND (k <= 6569787))

table 4 : explain SELECT k, c FROM sbtest4 WHERE k BETWEEN 6569687 AND 6569787
	Bitmap Heap Scan on sbtest4  (cost=5.57..445.16 rows=111 width=125)
	  Recheck Cond: ((k >= 6569687) AND (k <= 6569787))
	  ->  Bitmap Index Scan on k_4  (cost=0.00..5.54 rows=111 width=0)
	        Index Cond: ((k >= 6569687) AND (k <= 6569787))

table 5 : explain SELECT k, c FROM sbtest5 WHERE k BETWEEN 6569687 AND 6569787
	Bitmap Heap Scan on sbtest5  (cost=5.52..425.44 rows=106 width=125)
	  Recheck Cond: ((k >= 6569687) AND (k <= 6569787))
	  ->  Bitmap Index Scan on k_5  (cost=0.00..5.50 rows=106 width=0)
	        Index Cond: ((k >= 6569687) AND (k <= 6569787))

table 6 : explain SELECT k, c FROM sbtest6 WHERE k BETWEEN 6569687 AND 6569787
	Bitmap Heap Scan on sbtest6  (cost=5.44..393.88 rows=98 width=125)
	  Recheck Cond: ((k >= 6569687) AND (k <= 6569787))
	  ->  Bitmap Index Scan on k_6  (cost=0.00..5.42 rows=98 width=0)
	        Index Cond: ((k >= 6569687) AND (k <= 6569787))

table 7 : explain SELECT k, c FROM sbtest7 WHERE k BETWEEN 6569687 AND 6569787
	Bitmap Heap Scan on sbtest7  (cost=5.50..417.57 rows=104 width=125)
	  Recheck Cond: ((k >= 6569687) AND (k <= 6569787))
	  ->  Bitmap Index Scan on k_7  (cost=0.00..5.47 rows=104 width=0)
	        Index Cond: ((k >= 6569687) AND (k <= 6569787))

table 8 : explain SELECT k, c FROM sbtest8 WHERE k BETWEEN 6569687 AND 6569787
	Bitmap Heap Scan on sbtest8  (cost=5.43..389.94 rows=97 width=125)
	  Recheck Cond: ((k >= 6569687) AND (k <= 6569787))
	  ->  Bitmap Index Scan on k_8  (cost=0.00..5.40 rows=97 width=0)
	        Index Cond: ((k >= 6569687) AND (k <= 6569787))


for range-notcovered
table 1 : explain SELECT k, c FROM sbtest1 WHERE k BETWEEN 4272102 AND 4272202
	Bitmap Heap Scan on sbtest1  (cost=5.54..433.10 rows=108 width=125)
	  Recheck Cond: ((k >= 4272102) AND (k <= 4272202))
	  ->  Bitmap Index Scan on k_1  (cost=0.00..5.51 rows=108 width=0)
	        Index Cond: ((k >= 4272102) AND (k <= 4272202))

table 2 : explain SELECT k, c FROM sbtest2 WHERE k BETWEEN 4272102 AND 4272202
	Bitmap Heap Scan on sbtest2  (cost=5.47..405.63 rows=101 width=125)
	  Recheck Cond: ((k >= 4272102) AND (k <= 4272202))
	  ->  Bitmap Index Scan on k_2  (cost=0.00..5.44 rows=101 width=0)
	        Index Cond: ((k >= 4272102) AND (k <= 4272202))

table 3 : explain SELECT k, c FROM sbtest3 WHERE k BETWEEN 4272102 AND 4272202
	Bitmap Heap Scan on sbtest3  (cost=5.43..389.82 rows=97 width=125)
	  Recheck Cond: ((k >= 4272102) AND (k <= 4272202))
	  ->  Bitmap Index Scan on k_3  (cost=0.00..5.40 rows=97 width=0)
	        Index Cond: ((k >= 4272102) AND (k <= 4272202))

table 4 : explain SELECT k, c FROM sbtest4 WHERE k BETWEEN 4272102 AND 4272202
	Bitmap Heap Scan on sbtest4  (cost=5.46..401.77 rows=100 width=125)
	  Recheck Cond: ((k >= 4272102) AND (k <= 4272202))
	  ->  Bitmap Index Scan on k_4  (cost=0.00..5.43 rows=100 width=0)
	        Index Cond: ((k >= 4272102) AND (k <= 4272202))

table 5 : explain SELECT k, c FROM sbtest5 WHERE k BETWEEN 4272102 AND 4272202
	Bitmap Heap Scan on sbtest5  (cost=5.53..429.38 rows=107 width=125)
	  Recheck Cond: ((k >= 4272102) AND (k <= 4272202))
	  ->  Bitmap Index Scan on k_5  (cost=0.00..5.50 rows=107 width=0)
	        Index Cond: ((k >= 4272102) AND (k <= 4272202))

table 6 : explain SELECT k, c FROM sbtest6 WHERE k BETWEEN 4272102 AND 4272202
	Bitmap Heap Scan on sbtest6  (cost=5.58..449.12 rows=112 width=125)
	  Recheck Cond: ((k >= 4272102) AND (k <= 4272202))
	  ->  Bitmap Index Scan on k_6  (cost=0.00..5.55 rows=112 width=0)
	        Index Cond: ((k >= 4272102) AND (k <= 4272202))

table 7 : explain SELECT k, c FROM sbtest7 WHERE k BETWEEN 4272102 AND 4272202
	Bitmap Heap Scan on sbtest7  (cost=5.50..417.57 rows=104 width=125)
	  Recheck Cond: ((k >= 4272102) AND (k <= 4272202))
	  ->  Bitmap Index Scan on k_7  (cost=0.00..5.47 rows=104 width=0)
	        Index Cond: ((k >= 4272102) AND (k <= 4272202))

table 8 : explain SELECT k, c FROM sbtest8 WHERE k BETWEEN 4272102 AND 4272202
	Bitmap Heap Scan on sbtest8  (cost=5.42..385.99 rows=96 width=125)
	  Recheck Cond: ((k >= 4272102) AND (k <= 4272202))
	  ->  Bitmap Index Scan on k_8  (cost=0.00..5.39 rows=96 width=0)
	        Index Cond: ((k >= 4272102) AND (k <= 4272202))

explain: for range-notcovered :: explain SELECT k, c FROM sbtest%d WHERE k BETWEEN 4439266 AND 4439366
explain: for range-notcovered :: explain SELECT k, c FROM sbtest%d WHERE k BETWEEN 4272102 AND 4272202
for range-notcovered
table 1 : explain SELECT k, c FROM sbtest1 WHERE k BETWEEN 3939054 AND 3939154
	Bitmap Heap Scan on sbtest1  (cost=5.43..389.72 rows=97 width=125)
	  Recheck Cond: ((k >= 3939054) AND (k <= 3939154))
	  ->  Bitmap Index Scan on k_1  (cost=0.00..5.40 rows=97 width=0)
	        Index Cond: ((k >= 3939054) AND (k <= 3939154))

table 2 : explain SELECT k, c FROM sbtest2 WHERE k BETWEEN 3939054 AND 3939154
	Bitmap Heap Scan on sbtest2  (cost=5.43..389.85 rows=97 width=125)
	  Recheck Cond: ((k >= 3939054) AND (k <= 3939154))
	  ->  Bitmap Index Scan on k_2  (cost=0.00..5.40 rows=97 width=0)
	        Index Cond: ((k >= 3939054) AND (k <= 3939154))

table 3 : explain SELECT k, c FROM sbtest3 WHERE k BETWEEN 3939054 AND 3939154
	Bitmap Heap Scan on sbtest3  (cost=5.58..448.98 rows=112 width=125)
	  Recheck Cond: ((k >= 3939054) AND (k <= 3939154))
	  ->  Bitmap Index Scan on k_3  (cost=0.00..5.55 rows=112 width=0)
	        Index Cond: ((k >= 3939054) AND (k <= 3939154))

table 4 : explain SELECT k, c FROM sbtest4 WHERE k BETWEEN 3939054 AND 3939154
	Bitmap Heap Scan on sbtest4  (cost=5.53..429.39 rows=107 width=125)
	  Recheck Cond: ((k >= 3939054) AND (k <= 3939154))
	  ->  Bitmap Index Scan on k_4  (cost=0.00..5.50 rows=107 width=0)
	        Index Cond: ((k >= 3939054) AND (k <= 3939154))

table 5 : explain SELECT k, c FROM sbtest5 WHERE k BETWEEN 3939054 AND 3939154
	Bitmap Heap Scan on sbtest5  (cost=5.51..421.49 rows=105 width=125)
	  Recheck Cond: ((k >= 3939054) AND (k <= 3939154))
	  ->  Bitmap Index Scan on k_5  (cost=0.00..5.48 rows=105 width=0)
	        Index Cond: ((k >= 3939054) AND (k <= 3939154))

table 6 : explain SELECT k, c FROM sbtest6 WHERE k BETWEEN 3939054 AND 3939154
	Bitmap Heap Scan on sbtest6  (cost=5.50..417.56 rows=104 width=125)
	  Recheck Cond: ((k >= 3939054) AND (k <= 3939154))
	  ->  Bitmap Index Scan on k_6  (cost=0.00..5.47 rows=104 width=0)
	        Index Cond: ((k >= 3939054) AND (k <= 3939154))

table 7 : explain SELECT k, c FROM sbtest7 WHERE k BETWEEN 3939054 AND 3939154
	Bitmap Heap Scan on sbtest7  (cost=5.54..433.35 rows=108 width=125)
	  Recheck Cond: ((k >= 3939054) AND (k <= 3939154))
	  ->  Bitmap Index Scan on k_7  (cost=0.00..5.51 rows=108 width=0)
	        Index Cond: ((k >= 3939054) AND (k <= 3939154))

table 8 : explain SELECT k, c FROM sbtest8 WHERE k BETWEEN 3939054 AND 3939154
	Bitmap Heap Scan on sbtest8  (cost=5.42..385.99 rows=96 width=125)
	  Recheck Cond: ((k >= 3939054) AND (k <= 3939154))
	  ->  Bitmap Index Scan on k_8  (cost=0.00..5.39 rows=96 width=0)
	        Index Cond: ((k >= 3939054) AND (k <= 3939154))

for range-notcovered
table 1 : explain SELECT k, c FROM sbtest1 WHERE k BETWEEN 7365155 AND 7365255
	Bitmap Heap Scan on sbtest1  (cost=5.44..393.67 rows=98 width=125)
	  Recheck Cond: ((k >= 7365155) AND (k <= 7365255))
	  ->  Bitmap Index Scan on k_1  (cost=0.00..5.42 rows=98 width=0)
	        Index Cond: ((k >= 7365155) AND (k <= 7365255))

table 2 : explain SELECT k, c FROM sbtest2 WHERE k BETWEEN 7365155 AND 7365255
	Bitmap Heap Scan on sbtest2  (cost=5.39..374.05 rows=93 width=125)
	  Recheck Cond: ((k >= 7365155) AND (k <= 7365255))
	  ->  Bitmap Index Scan on k_2  (cost=0.00..5.36 rows=93 width=0)
	        Index Cond: ((k >= 7365155) AND (k <= 7365255))

table 3 : explain SELECT k, c FROM sbtest3 WHERE k BETWEEN 7365155 AND 7365255
	Bitmap Heap Scan on sbtest3  (cost=5.51..421.38 rows=105 width=125)
	  Recheck Cond: ((k >= 7365155) AND (k <= 7365255))
	  ->  Bitmap Index Scan on k_3  (cost=0.00..5.48 rows=105 width=0)
	        Index Cond: ((k >= 7365155) AND (k <= 7365255))

table 4 : explain SELECT k, c FROM sbtest4 WHERE k BETWEEN 7365155 AND 7365255
	Bitmap Heap Scan on sbtest4  (cost=5.46..401.77 rows=100 width=125)
	  Recheck Cond: ((k >= 7365155) AND (k <= 7365255))
	  ->  Bitmap Index Scan on k_4  (cost=0.00..5.43 rows=100 width=0)
	        Index Cond: ((k >= 7365155) AND (k <= 7365255))

table 5 : explain SELECT k, c FROM sbtest5 WHERE k BETWEEN 7365155 AND 7365255
	Bitmap Heap Scan on sbtest5  (cost=5.64..472.75 rows=118 width=125)
	  Recheck Cond: ((k >= 7365155) AND (k <= 7365255))
	  ->  Bitmap Index Scan on k_5  (cost=0.00..5.61 rows=118 width=0)
	        Index Cond: ((k >= 7365155) AND (k <= 7365255))

table 6 : explain SELECT k, c FROM sbtest6 WHERE k BETWEEN 7365155 AND 7365255
	Bitmap Heap Scan on sbtest6  (cost=5.61..460.95 rows=115 width=125)
	  Recheck Cond: ((k >= 7365155) AND (k <= 7365255))
	  ->  Bitmap Index Scan on k_6  (cost=0.00..5.58 rows=115 width=0)
	        Index Cond: ((k >= 7365155) AND (k <= 7365255))

table 7 : explain SELECT k, c FROM sbtest7 WHERE k BETWEEN 7365155 AND 7365255
	Bitmap Heap Scan on sbtest7  (cost=5.45..397.83 rows=99 width=125)
	  Recheck Cond: ((k >= 7365155) AND (k <= 7365255))
	  ->  Bitmap Index Scan on k_7  (cost=0.00..5.42 rows=99 width=0)
	        Index Cond: ((k >= 7365155) AND (k <= 7365255))

table 8 : explain SELECT k, c FROM sbtest8 WHERE k BETWEEN 7365155 AND 7365255
	Bitmap Heap Scan on sbtest8  (cost=5.57..445.18 rows=111 width=125)
	  Recheck Cond: ((k >= 7365155) AND (k <= 7365255))
	  ->  Bitmap Index Scan on k_8  (cost=0.00..5.54 rows=111 width=0)
	        Index Cond: ((k >= 7365155) AND (k <= 7365255))

for range-notcovered
table 1 : explain SELECT k, c FROM sbtest1 WHERE k BETWEEN 9821746 AND 9821846
	Bitmap Heap Scan on sbtest1  (cost=5.45..397.61 rows=99 width=125)
	  Recheck Cond: ((k >= 9821746) AND (k <= 9821846))
	  ->  Bitmap Index Scan on k_1  (cost=0.00..5.42 rows=99 width=0)
	        Index Cond: ((k >= 9821746) AND (k <= 9821846))

table 2 : explain SELECT k, c FROM sbtest2 WHERE k BETWEEN 9821746 AND 9821846
	Bitmap Heap Scan on sbtest2  (cost=5.37..366.15 rows=91 width=125)
	  Recheck Cond: ((k >= 9821746) AND (k <= 9821846))
	  ->  Bitmap Index Scan on k_2  (cost=0.00..5.34 rows=91 width=0)
	        Index Cond: ((k >= 9821746) AND (k <= 9821846))

table 3 : explain SELECT k, c FROM sbtest3 WHERE k BETWEEN 9821746 AND 9821846
	Bitmap Heap Scan on sbtest3  (cost=5.58..448.98 rows=112 width=125)
	  Recheck Cond: ((k >= 9821746) AND (k <= 9821846))
	  ->  Bitmap Index Scan on k_3  (cost=0.00..5.55 rows=112 width=0)
	        Index Cond: ((k >= 9821746) AND (k <= 9821846))

table 4 : explain SELECT k, c FROM sbtest4 WHERE k BETWEEN 9821746 AND 9821846
	Bitmap Heap Scan on sbtest4  (cost=5.52..425.44 rows=106 width=125)
	  Recheck Cond: ((k >= 9821746) AND (k <= 9821846))
	  ->  Bitmap Index Scan on k_4  (cost=0.00..5.50 rows=106 width=0)
	        Index Cond: ((k >= 9821746) AND (k <= 9821846))

table 5 : explain SELECT k, c FROM sbtest5 WHERE k BETWEEN 9821746 AND 9821846
	Bitmap Heap Scan on sbtest5  (cost=5.49..413.60 rows=103 width=125)
	  Recheck Cond: ((k >= 9821746) AND (k <= 9821846))
	  ->  Bitmap Index Scan on k_5  (cost=0.00..5.46 rows=103 width=0)
	        Index Cond: ((k >= 9821746) AND (k <= 9821846))

table 6 : explain SELECT k, c FROM sbtest6 WHERE k BETWEEN 9821746 AND 9821846
	Bitmap Heap Scan on sbtest6  (cost=5.37..366.23 rows=91 width=125)
	  Recheck Cond: ((k >= 9821746) AND (k <= 9821846))
	  ->  Bitmap Index Scan on k_6  (cost=0.00..5.34 rows=91 width=0)
	        Index Cond: ((k >= 9821746) AND (k <= 9821846))

table 7 : explain SELECT k, c FROM sbtest7 WHERE k BETWEEN 9821746 AND 9821846
	Bitmap Heap Scan on sbtest7  (cost=5.58..449.13 rows=112 width=125)
	  Recheck Cond: ((k >= 9821746) AND (k <= 9821846))
	  ->  Bitmap Index Scan on k_7  (cost=0.00..5.55 rows=112 width=0)
	        Index Cond: ((k >= 9821746) AND (k <= 9821846))

table 8 : explain SELECT k, c FROM sbtest8 WHERE k BETWEEN 9821746 AND 9821846
	Bitmap Heap Scan on sbtest8  (cost=5.55..437.29 rows=109 width=125)
	  Recheck Cond: ((k >= 9821746) AND (k <= 9821846))
	  ->  Bitmap Index Scan on k_8  (cost=0.00..5.52 rows=109 width=0)
	        Index Cond: ((k >= 9821746) AND (k <= 9821846))

explain: for range-notcovered :: explain SELECT k, c FROM sbtest%d WHERE k BETWEEN 7365155 AND 7365255
explain: for range-notcovered :: explain SELECT k, c FROM sbtest%d WHERE k BETWEEN 9821746 AND 9821846
explain: for range-notcovered :: explain SELECT k, c FROM sbtest%d WHERE k BETWEEN 3939054 AND 3939154explain: for range-notcovered :: explain SELECT k, c FROM sbtest%d WHERE k BETWEEN 5386731 AND 5386831
explain: for range-notcovered :: explain SELECT k, c FROM sbtest%d WHERE k BETWEEN 4344646 AND 4344746

explain: for range-notcovered :: explain SELECT k, c FROM sbtest%d WHERE k BETWEEN 6569687 AND 6569787
for range-notcovered
table 1 : explain SELECT k, c FROM sbtest1 WHERE k BETWEEN 7854149 AND 7854249
	Bitmap Heap Scan on sbtest1  (cost=5.59..452.80 rows=113 width=125)
	  Recheck Cond: ((k >= 7854149) AND (k <= 7854249))
	  ->  Bitmap Index Scan on k_1  (cost=0.00..5.56 rows=113 width=0)
	        Index Cond: ((k >= 7854149) AND (k <= 7854249))

table 2 : explain SELECT k, c FROM sbtest2 WHERE k BETWEEN 7854149 AND 7854249
	Bitmap Heap Scan on sbtest2  (cost=5.49..413.52 rows=103 width=125)
	  Recheck Cond: ((k >= 7854149) AND (k <= 7854249))
	  ->  Bitmap Index Scan on k_2  (cost=0.00..5.46 rows=103 width=0)
	        Index Cond: ((k >= 7854149) AND (k <= 7854249))

table 3 : explain SELECT k, c FROM sbtest3 WHERE k BETWEEN 7854149 AND 7854249
	Bitmap Heap Scan on sbtest3  (cost=5.40..377.98 rows=94 width=125)
	  Recheck Cond: ((k >= 7854149) AND (k <= 7854249))
	  ->  Bitmap Index Scan on k_3  (cost=0.00..5.38 rows=94 width=0)
	        Index Cond: ((k >= 7854149) AND (k <= 7854249))

table 4 : explain SELECT k, c FROM sbtest4 WHERE k BETWEEN 7854149 AND 7854249
	Bitmap Heap Scan on sbtest4  (cost=5.41..382.03 rows=95 width=125)
	  Recheck Cond: ((k >= 7854149) AND (k <= 7854249))
	  ->  Bitmap Index Scan on k_4  (cost=0.00..5.38 rows=95 width=0)
	        Index Cond: ((k >= 7854149) AND (k <= 7854249))

table 5 : explain SELECT k, c FROM sbtest5 WHERE k BETWEEN 7854149 AND 7854249
	Bitmap Heap Scan on sbtest5  (cost=5.54..433.33 rows=108 width=125)
	  Recheck Cond: ((k >= 7854149) AND (k <= 7854249))
	  ->  Bitmap Index Scan on k_5  (cost=0.00..5.51 rows=108 width=0)
	        Index Cond: ((k >= 7854149) AND (k <= 7854249))

table 6 : explain SELECT k, c FROM sbtest6 WHERE k BETWEEN 7854149 AND 7854249
	Bitmap Heap Scan on sbtest6  (cost=5.50..417.56 rows=104 width=125)
	  Recheck Cond: ((k >= 7854149) AND (k <= 7854249))
	  ->  Bitmap Index Scan on k_6  (cost=0.00..5.47 rows=104 width=0)
	        Index Cond: ((k >= 7854149) AND (k <= 7854249))

table 7 : explain SELECT k, c FROM sbtest7 WHERE k BETWEEN 7854149 AND 7854249
	Bitmap Heap Scan on sbtest7  (cost=5.40..378.09 rows=94 width=125)
	  Recheck Cond: ((k >= 7854149) AND (k <= 7854249))
	  ->  Bitmap Index Scan on k_7  (cost=0.00..5.38 rows=94 width=0)
	        Index Cond: ((k >= 7854149) AND (k <= 7854249))

table 8 : explain SELECT k, c FROM sbtest8 WHERE k BETWEEN 7854149 AND 7854249
	Bitmap Heap Scan on sbtest8  (cost=5.50..417.57 rows=104 width=125)
	  Recheck Cond: ((k >= 7854149) AND (k <= 7854249))
	  ->  Bitmap Index Scan on k_8  (cost=0.00..5.47 rows=104 width=0)
	        Index Cond: ((k >= 7854149) AND (k <= 7854249))

for range-notcovered
table 1 : explain SELECT k, c FROM sbtest1 WHERE k BETWEEN 2911271 AND 2911371
	Bitmap Heap Scan on sbtest1  (cost=5.47..405.50 rows=101 width=125)
	  Recheck Cond: ((k >= 2911271) AND (k <= 2911371))
	  ->  Bitmap Index Scan on k_1  (cost=0.00..5.44 rows=101 width=0)
	        Index Cond: ((k >= 2911271) AND (k <= 2911371))

table 2 : explain SELECT k, c FROM sbtest2 WHERE k BETWEEN 2911271 AND 2911371
	Bitmap Heap Scan on sbtest2  (cost=5.52..425.36 rows=106 width=125)
	  Recheck Cond: ((k >= 2911271) AND (k <= 2911371))
	  ->  Bitmap Index Scan on k_2  (cost=0.00..5.50 rows=106 width=0)
	        Index Cond: ((k >= 2911271) AND (k <= 2911371))

table 3 : explain SELECT k, c FROM sbtest3 WHERE k BETWEEN 2911271 AND 2911371
	Bitmap Heap Scan on sbtest3  (cost=5.45..397.71 rows=99 width=125)
	  Recheck Cond: ((k >= 2911271) AND (k <= 2911371))
	  ->  Bitmap Index Scan on k_3  (cost=0.00..5.42 rows=99 width=0)
	        Index Cond: ((k >= 2911271) AND (k <= 2911371))

table 4 : explain SELECT k, c FROM sbtest4 WHERE k BETWEEN 2911271 AND 2911371
	Bitmap Heap Scan on sbtest4  (cost=5.56..441.22 rows=110 width=125)
	  Recheck Cond: ((k >= 2911271) AND (k <= 2911371))
	  ->  Bitmap Index Scan on k_4  (cost=0.00..5.53 rows=110 width=0)
	        Index Cond: ((k >= 2911271) AND (k <= 2911371))

table 5 : explain SELECT k, c FROM sbtest5 WHERE k BETWEEN 2911271 AND 2911371
	Bitmap Heap Scan on sbtest5  (cost=5.43..389.92 rows=97 width=125)
	  Recheck Cond: ((k >= 2911271) AND (k <= 2911371))
	  ->  Bitmap Index Scan on k_5  (cost=0.00..5.40 rows=97 width=0)
	        Index Cond: ((k >= 2911271) AND (k <= 2911371))

table 6 : explain SELECT k, c FROM sbtest6 WHERE k BETWEEN 2911271 AND 2911371
	Bitmap Heap Scan on sbtest6  (cost=5.44..393.88 rows=98 width=125)
	  Recheck Cond: ((k >= 2911271) AND (k <= 2911371))
	  ->  Bitmap Index Scan on k_6  (cost=0.00..5.42 rows=98 width=0)
	        Index Cond: ((k >= 2911271) AND (k <= 2911371))

table 7 : explain SELECT k, c FROM sbtest7 WHERE k BETWEEN 2911271 AND 2911371
	Bitmap Heap Scan on sbtest7  (cost=5.49..413.62 rows=103 width=125)
	  Recheck Cond: ((k >= 2911271) AND (k <= 2911371))
	  ->  Bitmap Index Scan on k_7  (cost=0.00..5.46 rows=103 width=0)
	        Index Cond: ((k >= 2911271) AND (k <= 2911371))

table 8 : explain SELECT k, c FROM sbtest8 WHERE k BETWEEN 2911271 AND 2911371
	Bitmap Heap Scan on sbtest8  (cost=5.54..433.35 rows=108 width=125)
	  Recheck Cond: ((k >= 2911271) AND (k <= 2911371))
	  ->  Bitmap Index Scan on k_8  (cost=0.00..5.51 rows=108 width=0)
	        Index Cond: ((k >= 2911271) AND (k <= 2911371))

for range-notcovered
table 1 : explain SELECT k, c FROM sbtest1 WHERE k BETWEEN 2565359 AND 2565459
	Bitmap Heap Scan on sbtest1  (cost=5.58..448.86 rows=112 width=125)
	  Recheck Cond: ((k >= 2565359) AND (k <= 2565459))
	  ->  Bitmap Index Scan on k_1  (cost=0.00..5.55 rows=112 width=0)
	        Index Cond: ((k >= 2565359) AND (k <= 2565459))

table 2 : explain SELECT k, c FROM sbtest2 WHERE k BETWEEN 2565359 AND 2565459
	Bitmap Heap Scan on sbtest2  (cost=5.40..378.00 rows=94 width=125)
	  Recheck Cond: ((k >= 2565359) AND (k <= 2565459))
	  ->  Bitmap Index Scan on k_2  (cost=0.00..5.38 rows=94 width=0)
	        Index Cond: ((k >= 2565359) AND (k <= 2565459))

table 3 : explain SELECT k, c FROM sbtest3 WHERE k BETWEEN 2565359 AND 2565459
	Bitmap Heap Scan on sbtest3  (cost=5.50..417.44 rows=104 width=125)
	  Recheck Cond: ((k >= 2565359) AND (k <= 2565459))
	  ->  Bitmap Index Scan on k_3  (cost=0.00..5.47 rows=104 width=0)
	        Index Cond: ((k >= 2565359) AND (k <= 2565459))

table 4 : explain SELECT k, c FROM sbtest4 WHERE k BETWEEN 2565359 AND 2565459
	Bitmap Heap Scan on sbtest4  (cost=5.41..382.03 rows=95 width=125)
	  Recheck Cond: ((k >= 2565359) AND (k <= 2565459))
	  ->  Bitmap Index Scan on k_4  (cost=0.00..5.38 rows=95 width=0)
	        Index Cond: ((k >= 2565359) AND (k <= 2565459))

table 5 : explain SELECT k, c FROM sbtest5 WHERE k BETWEEN 2565359 AND 2565459
	Bitmap Heap Scan on sbtest5  (cost=5.54..433.33 rows=108 width=125)
	  Recheck Cond: ((k >= 2565359) AND (k <= 2565459))
	  ->  Bitmap Index Scan on k_5  (cost=0.00..5.51 rows=108 width=0)
	        Index Cond: ((k >= 2565359) AND (k <= 2565459))

table 6 : explain SELECT k, c FROM sbtest6 WHERE k BETWEEN 2565359 AND 2565459
	Bitmap Heap Scan on sbtest6  (cost=5.50..417.56 rows=104 width=125)
	  Recheck Cond: ((k >= 2565359) AND (k <= 2565459))
	  ->  Bitmap Index Scan on k_6  (cost=0.00..5.47 rows=104 width=0)
	        Index Cond: ((k >= 2565359) AND (k <= 2565459))

table 7 : explain SELECT k, c FROM sbtest7 WHERE k BETWEEN 2565359 AND 2565459
	Bitmap Heap Scan on sbtest7  (cost=5.40..378.09 rows=94 width=125)
	  Recheck Cond: ((k >= 2565359) AND (k <= 2565459))
	  ->  Bitmap Index Scan on k_7  (cost=0.00..5.38 rows=94 width=0)
	        Index Cond: ((k >= 2565359) AND (k <= 2565459))

table 8 : explain SELECT k, c FROM sbtest8 WHERE k BETWEEN 2565359 AND 2565459
	Bitmap Heap Scan on sbtest8  (cost=5.44..393.88 rows=98 width=125)
	  Recheck Cond: ((k >= 2565359) AND (k <= 2565459))
	  ->  Bitmap Index Scan on k_8  (cost=0.00..5.42 rows=98 width=0)
	        Index Cond: ((k >= 2565359) AND (k <= 2565459))

for range-notcovered
table 1 : explain SELECT k, c FROM sbtest1 WHERE k BETWEEN 7351468 AND 7351568
	Bitmap Heap Scan on sbtest1  (cost=5.44..393.67 rows=98 width=125)
	  Recheck Cond: ((k >= 7351468) AND (k <= 7351568))
	  ->  Bitmap Index Scan on k_1  (cost=0.00..5.42 rows=98 width=0)
	        Index Cond: ((k >= 7351468) AND (k <= 7351568))

table 2 : explain SELECT k, c FROM sbtest2 WHERE k BETWEEN 7351468 AND 7351568
	Bitmap Heap Scan on sbtest2  (cost=5.39..374.05 rows=93 width=125)
	  Recheck Cond: ((k >= 7351468) AND (k <= 7351568))
	  ->  Bitmap Index Scan on k_2  (cost=0.00..5.36 rows=93 width=0)
	        Index Cond: ((k >= 7351468) AND (k <= 7351568))

table 3 : explain SELECT k, c FROM sbtest3 WHERE k BETWEEN 7351468 AND 7351568
	Bitmap Heap Scan on sbtest3  (cost=5.51..421.38 rows=105 width=125)
	  Recheck Cond: ((k >= 7351468) AND (k <= 7351568))
	  ->  Bitmap Index Scan on k_3  (cost=0.00..5.48 rows=105 width=0)
	        Index Cond: ((k >= 7351468) AND (k <= 7351568))

table 4 : explain SELECT k, c FROM sbtest4 WHERE k BETWEEN 7351468 AND 7351568
	Bitmap Heap Scan on sbtest4  (cost=5.46..401.77 rows=100 width=125)
	  Recheck Cond: ((k >= 7351468) AND (k <= 7351568))
	  ->  Bitmap Index Scan on k_4  (cost=0.00..5.43 rows=100 width=0)
	        Index Cond: ((k >= 7351468) AND (k <= 7351568))

table 5 : explain SELECT k, c FROM sbtest5 WHERE k BETWEEN 7351468 AND 7351568
	Bitmap Heap Scan on sbtest5  (cost=5.64..472.75 rows=118 width=125)
	  Recheck Cond: ((k >= 7351468) AND (k <= 7351568))
	  ->  Bitmap Index Scan on k_5  (cost=0.00..5.61 rows=118 width=0)
	        Index Cond: ((k >= 7351468) AND (k <= 7351568))

table 6 : explain SELECT k, c FROM sbtest6 WHERE k BETWEEN 7351468 AND 7351568
	Bitmap Heap Scan on sbtest6  (cost=5.61..460.95 rows=115 width=125)
	  Recheck Cond: ((k >= 7351468) AND (k <= 7351568))
	  ->  Bitmap Index Scan on k_6  (cost=0.00..5.58 rows=115 width=0)
	        Index Cond: ((k >= 7351468) AND (k <= 7351568))

table 7 : explain SELECT k, c FROM sbtest7 WHERE k BETWEEN 7351468 AND 7351568
	Bitmap Heap Scan on sbtest7  (cost=5.45..397.83 rows=99 width=125)
	  Recheck Cond: ((k >= 7351468) AND (k <= 7351568))
	  ->  Bitmap Index Scan on k_7  (cost=0.00..5.42 rows=99 width=0)
	        Index Cond: ((k >= 7351468) AND (k <= 7351568))

table 8 : explain SELECT k, c FROM sbtest8 WHERE k BETWEEN 7351468 AND 7351568
	Bitmap Heap Scan on sbtest8  (cost=5.57..445.18 rows=111 width=125)
	  Recheck Cond: ((k >= 7351468) AND (k <= 7351568))
	  ->  Bitmap Index Scan on k_8  (cost=0.00..5.54 rows=111 width=0)
	        Index Cond: ((k >= 7351468) AND (k <= 7351568))

for range-notcovered
table 1 : explain SELECT k, c FROM sbtest1 WHERE k BETWEEN 7365155 AND 7365255
	Bitmap Heap Scan on sbtest1  (cost=5.44..393.67 rows=98 width=125)
	  Recheck Cond: ((k >= 7365155) AND (k <= 7365255))
	  ->  Bitmap Index Scan on k_1  (cost=0.00..5.42 rows=98 width=0)
	        Index Cond: ((k >= 7365155) AND (k <= 7365255))

table 2 : explain SELECT k, c FROM sbtest2 WHERE k BETWEEN 7365155 AND 7365255
	Bitmap Heap Scan on sbtest2  (cost=5.39..374.05 rows=93 width=125)
	  Recheck Cond: ((k >= 7365155) AND (k <= 7365255))
	  ->  Bitmap Index Scan on k_2  (cost=0.00..5.36 rows=93 width=0)
	        Index Cond: ((k >= 7365155) AND (k <= 7365255))

table 3 : explain SELECT k, c FROM sbtest3 WHERE k BETWEEN 7365155 AND 7365255
	Bitmap Heap Scan on sbtest3  (cost=5.51..421.38 rows=105 width=125)
	  Recheck Cond: ((k >= 7365155) AND (k <= 7365255))
	  ->  Bitmap Index Scan on k_3  (cost=0.00..5.48 rows=105 width=0)
	        Index Cond: ((k >= 7365155) AND (k <= 7365255))

table 4 : explain SELECT k, c FROM sbtest4 WHERE k BETWEEN 7365155 AND 7365255
	Bitmap Heap Scan on sbtest4  (cost=5.46..401.77 rows=100 width=125)
	  Recheck Cond: ((k >= 7365155) AND (k <= 7365255))
	  ->  Bitmap Index Scan on k_4  (cost=0.00..5.43 rows=100 width=0)
	        Index Cond: ((k >= 7365155) AND (k <= 7365255))

table 5 : explain SELECT k, c FROM sbtest5 WHERE k BETWEEN 7365155 AND 7365255
	Bitmap Heap Scan on sbtest5  (cost=5.64..472.75 rows=118 width=125)
	  Recheck Cond: ((k >= 7365155) AND (k <= 7365255))
	  ->  Bitmap Index Scan on k_5  (cost=0.00..5.61 rows=118 width=0)
	        Index Cond: ((k >= 7365155) AND (k <= 7365255))

table 6 : explain SELECT k, c FROM sbtest6 WHERE k BETWEEN 7365155 AND 7365255
	Bitmap Heap Scan on sbtest6  (cost=5.61..460.95 rows=115 width=125)
	  Recheck Cond: ((k >= 7365155) AND (k <= 7365255))
	  ->  Bitmap Index Scan on k_6  (cost=0.00..5.58 rows=115 width=0)
	        Index Cond: ((k >= 7365155) AND (k <= 7365255))

table 7 : explain SELECT k, c FROM sbtest7 WHERE k BETWEEN 7365155 AND 7365255
	Bitmap Heap Scan on sbtest7  (cost=5.45..397.83 rows=99 width=125)
	  Recheck Cond: ((k >= 7365155) AND (k <= 7365255))
	  ->  Bitmap Index Scan on k_7  (cost=0.00..5.42 rows=99 width=0)
	        Index Cond: ((k >= 7365155) AND (k <= 7365255))

table 8 : explain SELECT k, c FROM sbtest8 WHERE k BETWEEN 7365155 AND 7365255
	Bitmap Heap Scan on sbtest8  (cost=5.57..445.18 rows=111 width=125)
	  Recheck Cond: ((k >= 7365155) AND (k <= 7365255))
	  ->  Bitmap Index Scan on k_8  (cost=0.00..5.54 rows=111 width=0)
	        Index Cond: ((k >= 7365155) AND (k <= 7365255))

for range-notcovered
table 1 : explain SELECT k, c FROM sbtest1 WHERE k BETWEEN 9821746 AND 9821846
	Bitmap Heap Scan on sbtest1  (cost=5.45..397.61 rows=99 width=125)
	  Recheck Cond: ((k >= 9821746) AND (k <= 9821846))
	  ->  Bitmap Index Scan on k_1  (cost=0.00..5.42 rows=99 width=0)
	        Index Cond: ((k >= 9821746) AND (k <= 9821846))

table 2 : explain SELECT k, c FROM sbtest2 WHERE k BETWEEN 9821746 AND 9821846
	Bitmap Heap Scan on sbtest2  (cost=5.37..366.15 rows=91 width=125)
	  Recheck Cond: ((k >= 9821746) AND (k <= 9821846))
	  ->  Bitmap Index Scan on k_2  (cost=0.00..5.34 rows=91 width=0)
	        Index Cond: ((k >= 9821746) AND (k <= 9821846))

table 3 : explain SELECT k, c FROM sbtest3 WHERE k BETWEEN 9821746 AND 9821846
	Bitmap Heap Scan on sbtest3  (cost=5.58..448.98 rows=112 width=125)
	  Recheck Cond: ((k >= 9821746) AND (k <= 9821846))
	  ->  Bitmap Index Scan on k_3  (cost=0.00..5.55 rows=112 width=0)
	        Index Cond: ((k >= 9821746) AND (k <= 9821846))

table 4 : explain SELECT k, c FROM sbtest4 WHERE k BETWEEN 9821746 AND 9821846
	Bitmap Heap Scan on sbtest4  (cost=5.52..425.44 rows=106 width=125)
	  Recheck Cond: ((k >= 9821746) AND (k <= 9821846))
	  ->  Bitmap Index Scan on k_4  (cost=0.00..5.50 rows=106 width=0)
	        Index Cond: ((k >= 9821746) AND (k <= 9821846))

table 5 : explain SELECT k, c FROM sbtest5 WHERE k BETWEEN 9821746 AND 9821846
	Bitmap Heap Scan on sbtest5  (cost=5.49..413.60 rows=103 width=125)
	  Recheck Cond: ((k >= 9821746) AND (k <= 9821846))
	  ->  Bitmap Index Scan on k_5  (cost=0.00..5.46 rows=103 width=0)
	        Index Cond: ((k >= 9821746) AND (k <= 9821846))

table 6 : explain SELECT k, c FROM sbtest6 WHERE k BETWEEN 9821746 AND 9821846
	Bitmap Heap Scan on sbtest6  (cost=5.37..366.23 rows=91 width=125)
	  Recheck Cond: ((k >= 9821746) AND (k <= 9821846))
	  ->  Bitmap Index Scan on k_6  (cost=0.00..5.34 rows=91 width=0)
	        Index Cond: ((k >= 9821746) AND (k <= 9821846))

table 7 : explain SELECT k, c FROM sbtest7 WHERE k BETWEEN 9821746 AND 9821846
	Bitmap Heap Scan on sbtest7  (cost=5.58..449.13 rows=112 width=125)
	  Recheck Cond: ((k >= 9821746) AND (k <= 9821846))
	  ->  Bitmap Index Scan on k_7  (cost=0.00..5.55 rows=112 width=0)
	        Index Cond: ((k >= 9821746) AND (k <= 9821846))

table 8 : explain SELECT k, c FROM sbtest8 WHERE k BETWEEN 9821746 AND 9821846
	Bitmap Heap Scan on sbtest8  (cost=5.55..437.29 rows=109 width=125)
	  Recheck Cond: ((k >= 9821746) AND (k <= 9821846))
	  ->  Bitmap Index Scan on k_8  (cost=0.00..5.52 rows=109 width=0)
	        Index Cond: ((k >= 9821746) AND (k <= 9821846))

for range-notcovered
table 1 : explain SELECT k, c FROM sbtest1 WHERE k BETWEEN 4439266 AND 4439366
	Bitmap Heap Scan on sbtest1  (cost=5.48..409.44 rows=102 width=125)
	  Recheck Cond: ((k >= 4439266) AND (k <= 4439366))
	  ->  Bitmap Index Scan on k_1  (cost=0.00..5.45 rows=102 width=0)
	        Index Cond: ((k >= 4439266) AND (k <= 4439366))

table 2 : explain SELECT k, c FROM sbtest2 WHERE k BETWEEN 4439266 AND 4439366
	Bitmap Heap Scan on sbtest2  (cost=5.46..401.69 rows=100 width=125)
	  Recheck Cond: ((k >= 4439266) AND (k <= 4439366))
	  ->  Bitmap Index Scan on k_2  (cost=0.00..5.43 rows=100 width=0)
	        Index Cond: ((k >= 4439266) AND (k <= 4439366))

table 3 : explain SELECT k, c FROM sbtest3 WHERE k BETWEEN 4439266 AND 4439366
	Bitmap Heap Scan on sbtest3  (cost=5.53..429.27 rows=107 width=125)
	  Recheck Cond: ((k >= 4439266) AND (k <= 4439366))
	  ->  Bitmap Index Scan on k_3  (cost=0.00..5.50 rows=107 width=0)
	        Index Cond: ((k >= 4439266) AND (k <= 4439366))

table 4 : explain SELECT k, c FROM sbtest4 WHERE k BETWEEN 4439266 AND 4439366
	Bitmap Heap Scan on sbtest4  (cost=5.38..370.18 rows=92 width=125)
	  Recheck Cond: ((k >= 4439266) AND (k <= 4439366))
	  ->  Bitmap Index Scan on k_4  (cost=0.00..5.35 rows=92 width=0)
	        Index Cond: ((k >= 4439266) AND (k <= 4439366))

table 5 : explain SELECT k, c FROM sbtest5 WHERE k BETWEEN 4439266 AND 4439366
	Bitmap Heap Scan on sbtest5  (cost=5.46..401.76 rows=100 width=125)
	  Recheck Cond: ((k >= 4439266) AND (k <= 4439366))
	  ->  Bitmap Index Scan on k_5  (cost=0.00..5.43 rows=100 width=0)
	        Index Cond: ((k >= 4439266) AND (k <= 4439366))

table 6 : explain SELECT k, c FROM sbtest6 WHERE k BETWEEN 4439266 AND 4439366
	Bitmap Heap Scan on sbtest6  (cost=5.58..449.12 rows=112 width=125)
	  Recheck Cond: ((k >= 4439266) AND (k <= 4439366))
	  ->  Bitmap Index Scan on k_6  (cost=0.00..5.55 rows=112 width=0)
	        Index Cond: ((k >= 4439266) AND (k <= 4439366))

table 7 : explain SELECT k, c FROM sbtest7 WHERE k BETWEEN 4439266 AND 4439366
	Bitmap Heap Scan on sbtest7  (cost=5.61..460.95 rows=115 width=125)
	  Recheck Cond: ((k >= 4439266) AND (k <= 4439366))
	  ->  Bitmap Index Scan on k_7  (cost=0.00..5.58 rows=115 width=0)
	        Index Cond: ((k >= 4439266) AND (k <= 4439366))

table 8 : explain SELECT k, c FROM sbtest8 WHERE k BETWEEN 4439266 AND 4439366
	Bitmap Heap Scan on sbtest8  (cost=5.48..409.67 rows=102 width=125)
	  Recheck Cond: ((k >= 4439266) AND (k <= 4439366))
	  ->  Bitmap Index Scan on k_8  (cost=0.00..5.45 rows=102 width=0)
	        Index Cond: ((k >= 4439266) AND (k <= 4439366))

explain: for range-notcovered :: explain SELECT k, c FROM sbtest%d WHERE k BETWEEN 2911271 AND 2911371
for range-notcovered
table 1 : explain SELECT k, c FROM sbtest1 WHERE k BETWEEN 4344646 AND 4344746
	Bitmap Heap Scan on sbtest1  (cost=5.45..397.61 rows=99 width=125)
	  Recheck Cond: ((k >= 4344646) AND (k <= 4344746))
	  ->  Bitmap Index Scan on k_1  (cost=0.00..5.42 rows=99 width=0)
	        Index Cond: ((k >= 4344646) AND (k <= 4344746))

table 2 : explain SELECT k, c FROM sbtest2 WHERE k BETWEEN 4344646 AND 4344746
	Bitmap Heap Scan on sbtest2  (cost=5.45..397.74 rows=99 width=125)
	  Recheck Cond: ((k >= 4344646) AND (k <= 4344746))
	  ->  Bitmap Index Scan on k_2  (cost=0.00..5.42 rows=99 width=0)
	        Index Cond: ((k >= 4344646) AND (k <= 4344746))

table 3 : explain SELECT k, c FROM sbtest3 WHERE k BETWEEN 4344646 AND 4344746
	Bitmap Heap Scan on sbtest3  (cost=5.45..397.71 rows=99 width=125)
	  Recheck Cond: ((k >= 4344646) AND (k <= 4344746))
	  ->  Bitmap Index Scan on k_3  (cost=0.00..5.42 rows=99 width=0)
	        Index Cond: ((k >= 4344646) AND (k <= 4344746))

table 4 : explain SELECT k, c FROM sbtest4 WHERE k BETWEEN 4344646 AND 4344746
	Bitmap Heap Scan on sbtest4  (cost=5.38..370.18 rows=92 width=125)
	  Recheck Cond: ((k >= 4344646) AND (k <= 4344746))
	  ->  Bitmap Index Scan on k_4  (cost=0.00..5.35 rows=92 width=0)
	        Index Cond: ((k >= 4344646) AND (k <= 4344746))

table 5 : explain SELECT k, c FROM sbtest5 WHERE k BETWEEN 4344646 AND 4344746
	Bitmap Heap Scan on sbtest5  (cost=5.53..429.38 rows=107 width=125)
	  Recheck Cond: ((k >= 4344646) AND (k <= 4344746))
	  ->  Bitmap Index Scan on k_5  (cost=0.00..5.50 rows=107 width=0)
	        Index Cond: ((k >= 4344646) AND (k <= 4344746))

table 6 : explain SELECT k, c FROM sbtest6 WHERE k BETWEEN 4344646 AND 4344746
	Bitmap Heap Scan on sbtest6  (cost=5.54..433.34 rows=108 width=125)
	  Recheck Cond: ((k >= 4344646) AND (k <= 4344746))
	  ->  Bitmap Index Scan on k_6  (cost=0.00..5.51 rows=108 width=0)
	        Index Cond: ((k >= 4344646) AND (k <= 4344746))

table 7 : explain SELECT k, c FROM sbtest7 WHERE k BETWEEN 4344646 AND 4344746
	Bitmap Heap Scan on sbtest7  (cost=5.49..413.62 rows=103 width=125)
	  Recheck Cond: ((k >= 4344646) AND (k <= 4344746))
	  ->  Bitmap Index Scan on k_7  (cost=0.00..5.46 rows=103 width=0)
	        Index Cond: ((k >= 4344646) AND (k <= 4344746))

table 8 : explain SELECT k, c FROM sbtest8 WHERE k BETWEEN 4344646 AND 4344746
	Bitmap Heap Scan on sbtest8  (cost=5.58..449.12 rows=112 width=125)
	  Recheck Cond: ((k >= 4344646) AND (k <= 4344746))
	  ->  Bitmap Index Scan on k_8  (cost=0.00..5.55 rows=112 width=0)
	        Index Cond: ((k >= 4344646) AND (k <= 4344746))

for range-notcovered
table 1 : explain SELECT k, c FROM sbtest1 WHERE k BETWEEN 5386731 AND 5386831
	Bitmap Heap Scan on sbtest1  (cost=5.53..429.16 rows=107 width=125)
	  Recheck Cond: ((k >= 5386731) AND (k <= 5386831))
	  ->  Bitmap Index Scan on k_1  (cost=0.00..5.50 rows=107 width=0)
	        Index Cond: ((k >= 5386731) AND (k <= 5386831))

table 2 : explain SELECT k, c FROM sbtest2 WHERE k BETWEEN 5386731 AND 5386831
	Bitmap Heap Scan on sbtest2  (cost=5.44..393.79 rows=98 width=125)
	  Recheck Cond: ((k >= 5386731) AND (k <= 5386831))
	  ->  Bitmap Index Scan on k_2  (cost=0.00..5.42 rows=98 width=0)
	        Index Cond: ((k >= 5386731) AND (k <= 5386831))

table 3 : explain SELECT k, c FROM sbtest3 WHERE k BETWEEN 5386731 AND 5386831
	Bitmap Heap Scan on sbtest3  (cost=5.48..409.55 rows=102 width=125)
	  Recheck Cond: ((k >= 5386731) AND (k <= 5386831))
	  ->  Bitmap Index Scan on k_3  (cost=0.00..5.45 rows=102 width=0)
	        Index Cond: ((k >= 5386731) AND (k <= 5386831))

table 4 : explain SELECT k, c FROM sbtest4 WHERE k BETWEEN 5386731 AND 5386831
	Bitmap Heap Scan on sbtest4  (cost=5.38..370.18 rows=92 width=125)
	  Recheck Cond: ((k >= 5386731) AND (k <= 5386831))
	  ->  Bitmap Index Scan on k_4  (cost=0.00..5.35 rows=92 width=0)
	        Index Cond: ((k >= 5386731) AND (k <= 5386831))

table 5 : explain SELECT k, c FROM sbtest5 WHERE k BETWEEN 5386731 AND 5386831
	Bitmap Heap Scan on sbtest5  (cost=5.52..425.44 rows=106 width=125)
	  Recheck Cond: ((k >= 5386731) AND (k <= 5386831))
	  ->  Bitmap Index Scan on k_5  (cost=0.00..5.50 rows=106 width=0)
	        Index Cond: ((k >= 5386731) AND (k <= 5386831))

table 6 : explain SELECT k, c FROM sbtest6 WHERE k BETWEEN 5386731 AND 5386831
	Bitmap Heap Scan on sbtest6  (cost=5.51..421.51 rows=105 width=125)
	  Recheck Cond: ((k >= 5386731) AND (k <= 5386831))
	  ->  Bitmap Index Scan on k_6  (cost=0.00..5.48 rows=105 width=0)
	        Index Cond: ((k >= 5386731) AND (k <= 5386831))

table 7 : explain SELECT k, c FROM sbtest7 WHERE k BETWEEN 5386731 AND 5386831
	Bitmap Heap Scan on sbtest7  (cost=5.48..409.68 rows=102 width=125)
	  Recheck Cond: ((k >= 5386731) AND (k <= 5386831))
	  ->  Bitmap Index Scan on k_7  (cost=0.00..5.45 rows=102 width=0)
	        Index Cond: ((k >= 5386731) AND (k <= 5386831))

table 8 : explain SELECT k, c FROM sbtest8 WHERE k BETWEEN 5386731 AND 5386831
	Bitmap Heap Scan on sbtest8  (cost=5.41..382.04 rows=95 width=125)
	  Recheck Cond: ((k >= 5386731) AND (k <= 5386831))
	  ->  Bitmap Index Scan on k_8  (cost=0.00..5.38 rows=95 width=0)
	        Index Cond: ((k >= 5386731) AND (k <= 5386831))

for range-notcovered
table 1 : explain SELECT k, c FROM sbtest1 WHERE k BETWEEN 1597552 AND 1597652
	Bitmap Heap Scan on sbtest1  (cost=5.38..369.99 rows=92 width=125)
	  Recheck Cond: ((k >= 1597552) AND (k <= 1597652))
	  ->  Bitmap Index Scan on k_1  (cost=0.00..5.35 rows=92 width=0)
	        Index Cond: ((k >= 1597552) AND (k <= 1597652))

table 2 : explain SELECT k, c FROM sbtest2 WHERE k BETWEEN 1597552 AND 1597652
	Bitmap Heap Scan on sbtest2  (cost=5.41..381.95 rows=95 width=125)
	  Recheck Cond: ((k >= 1597552) AND (k <= 1597652))
	  ->  Bitmap Index Scan on k_2  (cost=0.00..5.38 rows=95 width=0)
	        Index Cond: ((k >= 1597552) AND (k <= 1597652))

table 3 : explain SELECT k, c FROM sbtest3 WHERE k BETWEEN 1597552 AND 1597652
	Bitmap Heap Scan on sbtest3  (cost=5.57..445.04 rows=111 width=125)
	  Recheck Cond: ((k >= 1597552) AND (k <= 1597652))
	  ->  Bitmap Index Scan on k_3  (cost=0.00..5.54 rows=111 width=0)
	        Index Cond: ((k >= 1597552) AND (k <= 1597652))

table 4 : explain SELECT k, c FROM sbtest4 WHERE k BETWEEN 1597552 AND 1597652
	Bitmap Heap Scan on sbtest4  (cost=5.48..409.66 rows=102 width=125)
	  Recheck Cond: ((k >= 1597552) AND (k <= 1597652))
	  ->  Bitmap Index Scan on k_4  (cost=0.00..5.45 rows=102 width=0)
	        Index Cond: ((k >= 1597552) AND (k <= 1597652))

table 5 : explain SELECT k, c FROM sbtest5 WHERE k BETWEEN 1597552 AND 1597652
	Bitmap Heap Scan on sbtest5  (cost=5.45..397.81 rows=99 width=125)
	  Recheck Cond: ((k >= 1597552) AND (k <= 1597652))
	  ->  Bitmap Index Scan on k_5  (cost=0.00..5.42 rows=99 width=0)
	        Index Cond: ((k >= 1597552) AND (k <= 1597652))

table 6 : explain SELECT k, c FROM sbtest6 WHERE k BETWEEN 1597552 AND 1597652
	Bitmap Heap Scan on sbtest6  (cost=5.52..425.45 rows=106 width=125)
	  Recheck Cond: ((k >= 1597552) AND (k <= 1597652))
	  ->  Bitmap Index Scan on k_6  (cost=0.00..5.50 rows=106 width=0)
	        Index Cond: ((k >= 1597552) AND (k <= 1597652))

table 7 : explain SELECT k, c FROM sbtest7 WHERE k BETWEEN 1597552 AND 1597652
	Bitmap Heap Scan on sbtest7  (cost=5.45..397.83 rows=99 width=125)
	  Recheck Cond: ((k >= 1597552) AND (k <= 1597652))
	  ->  Bitmap Index Scan on k_7  (cost=0.00..5.42 rows=99 width=0)
	        Index Cond: ((k >= 1597552) AND (k <= 1597652))

table 8 : explain SELECT k, c FROM sbtest8 WHERE k BETWEEN 1597552 AND 1597652
	Bitmap Heap Scan on sbtest8  (cost=5.46..401.78 rows=100 width=125)
	  Recheck Cond: ((k >= 1597552) AND (k <= 1597652))
	  ->  Bitmap Index Scan on k_8  (cost=0.00..5.43 rows=100 width=0)
	        Index Cond: ((k >= 1597552) AND (k <= 1597652))

explain: for range-notcovered :: explain SELECT k, c FROM sbtest%d WHERE k BETWEEN 7351468 AND 7351568
for range-notcovered
table 1 : explain SELECT k, c FROM sbtest1 WHERE k BETWEEN 6569687 AND 6569787
	Bitmap Heap Scan on sbtest1  (cost=5.40..377.88 rows=94 width=125)
	  Recheck Cond: ((k >= 6569687) AND (k <= 6569787))
	  ->  Bitmap Index Scan on k_1  (cost=0.00..5.38 rows=94 width=0)
	        Index Cond: ((k >= 6569687) AND (k <= 6569787))

table 2 : explain SELECT k, c FROM sbtest2 WHERE k BETWEEN 6569687 AND 6569787
	Bitmap Heap Scan on sbtest2  (cost=5.45..397.74 rows=99 width=125)
	  Recheck Cond: ((k >= 6569687) AND (k <= 6569787))
	  ->  Bitmap Index Scan on k_2  (cost=0.00..5.42 rows=99 width=0)
	        Index Cond: ((k >= 6569687) AND (k <= 6569787))

table 3 : explain SELECT k, c FROM sbtest3 WHERE k BETWEEN 6569687 AND 6569787
	Bitmap Heap Scan on sbtest3  (cost=5.49..413.49 rows=103 width=125)
	  Recheck Cond: ((k >= 6569687) AND (k <= 6569787))
	  ->  Bitmap Index Scan on k_3  (cost=0.00..5.46 rows=103 width=0)
	        Index Cond: ((k >= 6569687) AND (k <= 6569787))

table 4 : explain SELECT k, c FROM sbtest4 WHERE k BETWEEN 6569687 AND 6569787
	Bitmap Heap Scan on sbtest4  (cost=5.57..445.16 rows=111 width=125)
	  Recheck Cond: ((k >= 6569687) AND (k <= 6569787))
	  ->  Bitmap Index Scan on k_4  (cost=0.00..5.54 rows=111 width=0)
	        Index Cond: ((k >= 6569687) AND (k <= 6569787))

table 5 : explain SELECT k, c FROM sbtest5 WHERE k BETWEEN 6569687 AND 6569787
	Bitmap Heap Scan on sbtest5  (cost=5.52..425.44 rows=106 width=125)
	  Recheck Cond: ((k >= 6569687) AND (k <= 6569787))
	  ->  Bitmap Index Scan on k_5  (cost=0.00..5.50 rows=106 width=0)
	        Index Cond: ((k >= 6569687) AND (k <= 6569787))

table 6 : explain SELECT k, c FROM sbtest6 WHERE k BETWEEN 6569687 AND 6569787
	Bitmap Heap Scan on sbtest6  (cost=5.44..393.88 rows=98 width=125)
	  Recheck Cond: ((k >= 6569687) AND (k <= 6569787))
	  ->  Bitmap Index Scan on k_6  (cost=0.00..5.42 rows=98 width=0)
	        Index Cond: ((k >= 6569687) AND (k <= 6569787))

table 7 : explain SELECT k, c FROM sbtest7 WHERE k BETWEEN 6569687 AND 6569787
	Bitmap Heap Scan on sbtest7  (cost=5.50..417.57 rows=104 width=125)
	  Recheck Cond: ((k >= 6569687) AND (k <= 6569787))
	  ->  Bitmap Index Scan on k_7  (cost=0.00..5.47 rows=104 width=0)
	        Index Cond: ((k >= 6569687) AND (k <= 6569787))

table 8 : explain SELECT k, c FROM sbtest8 WHERE k BETWEEN 6569687 AND 6569787
	Bitmap Heap Scan on sbtest8  (cost=5.43..389.94 rows=97 width=125)
	  Recheck Cond: ((k >= 6569687) AND (k <= 6569787))
	  ->  Bitmap Index Scan on k_8  (cost=0.00..5.40 rows=97 width=0)
	        Index Cond: ((k >= 6569687) AND (k <= 6569787))

explain: for range-notcovered :: explain SELECT k, c FROM sbtest%d WHERE k BETWEEN 5386731 AND 5386831
explain: for range-notcovered :: explain SELECT k, c FROM sbtest%d WHERE k BETWEEN 7365155 AND 7365255
explain: for range-notcovered :: explain SELECT k, c FROM sbtest%d WHERE k BETWEEN 4344646 AND 4344746
explain: for range-notcovered :: explain SELECT k, c FROM sbtest%d WHERE k BETWEEN 1597552 AND 1597652explain: for range-notcovered :: explain SELECT k, c FROM sbtest%d WHERE k BETWEEN 7854149 AND 7854249

explain: for range-notcovered :: explain SELECT k, c FROM sbtest%d WHERE k BETWEEN 6569687 AND 6569787
for range-notcovered
table 1 : explain SELECT k, c FROM sbtest1 WHERE k BETWEEN 3939054 AND 3939154
	Bitmap Heap Scan on sbtest1  (cost=5.43..389.72 rows=97 width=125)
	  Recheck Cond: ((k >= 3939054) AND (k <= 3939154))
	  ->  Bitmap Index Scan on k_1  (cost=0.00..5.40 rows=97 width=0)
	        Index Cond: ((k >= 3939054) AND (k <= 3939154))

table 2 : explain SELECT k, c FROM sbtest2 WHERE k BETWEEN 3939054 AND 3939154
	Bitmap Heap Scan on sbtest2  (cost=5.43..389.85 rows=97 width=125)
	  Recheck Cond: ((k >= 3939054) AND (k <= 3939154))
	  ->  Bitmap Index Scan on k_2  (cost=0.00..5.40 rows=97 width=0)
	        Index Cond: ((k >= 3939054) AND (k <= 3939154))

table 3 : explain SELECT k, c FROM sbtest3 WHERE k BETWEEN 3939054 AND 3939154
	Bitmap Heap Scan on sbtest3  (cost=5.58..448.98 rows=112 width=125)
	  Recheck Cond: ((k >= 3939054) AND (k <= 3939154))
	  ->  Bitmap Index Scan on k_3  (cost=0.00..5.55 rows=112 width=0)
	        Index Cond: ((k >= 3939054) AND (k <= 3939154))

table 4 : explain SELECT k, c FROM sbtest4 WHERE k BETWEEN 3939054 AND 3939154
	Bitmap Heap Scan on sbtest4  (cost=5.53..429.39 rows=107 width=125)
	  Recheck Cond: ((k >= 3939054) AND (k <= 3939154))
	  ->  Bitmap Index Scan on k_4  (cost=0.00..5.50 rows=107 width=0)
	        Index Cond: ((k >= 3939054) AND (k <= 3939154))

table 5 : explain SELECT k, c FROM sbtest5 WHERE k BETWEEN 3939054 AND 3939154
	Bitmap Heap Scan on sbtest5  (cost=5.51..421.49 rows=105 width=125)
	  Recheck Cond: ((k >= 3939054) AND (k <= 3939154))
	  ->  Bitmap Index Scan on k_5  (cost=0.00..5.48 rows=105 width=0)
	        Index Cond: ((k >= 3939054) AND (k <= 3939154))

table 6 : explain SELECT k, c FROM sbtest6 WHERE k BETWEEN 3939054 AND 3939154
	Bitmap Heap Scan on sbtest6  (cost=5.50..417.56 rows=104 width=125)
	  Recheck Cond: ((k >= 3939054) AND (k <= 3939154))
	  ->  Bitmap Index Scan on k_6  (cost=0.00..5.47 rows=104 width=0)
	        Index Cond: ((k >= 3939054) AND (k <= 3939154))

table 7 : explain SELECT k, c FROM sbtest7 WHERE k BETWEEN 3939054 AND 3939154
	Bitmap Heap Scan on sbtest7  (cost=5.54..433.35 rows=108 width=125)
	  Recheck Cond: ((k >= 3939054) AND (k <= 3939154))
	  ->  Bitmap Index Scan on k_7  (cost=0.00..5.51 rows=108 width=0)
	        Index Cond: ((k >= 3939054) AND (k <= 3939154))

table 8 : explain SELECT k, c FROM sbtest8 WHERE k BETWEEN 3939054 AND 3939154
	Bitmap Heap Scan on sbtest8  (cost=5.42..385.99 rows=96 width=125)
	  Recheck Cond: ((k >= 3939054) AND (k <= 3939154))
	  ->  Bitmap Index Scan on k_8  (cost=0.00..5.39 rows=96 width=0)
	        Index Cond: ((k >= 3939054) AND (k <= 3939154))

explain: for range-notcovered :: explain SELECT k, c FROM sbtest%d WHERE k BETWEEN 3939054 AND 3939154
explain: for range-notcovered :: explain SELECT k, c FROM sbtest%d WHERE k BETWEEN 9821746 AND 9821846
explain: for range-notcovered :: explain SELECT k, c FROM sbtest%d WHERE k BETWEEN 2565359 AND 2565459
explain: for range-notcovered :: explain SELECT k, c FROM sbtest%d WHERE k BETWEEN 4439266 AND 4439366
for range-notcovered
table 1 : explain SELECT k, c FROM sbtest1 WHERE k BETWEEN 2695053 AND 2695153
	Bitmap Heap Scan on sbtest1  (cost=5.50..417.33 rows=104 width=125)
	  Recheck Cond: ((k >= 2695053) AND (k <= 2695153))
	  ->  Bitmap Index Scan on k_1  (cost=0.00..5.47 rows=104 width=0)
	        Index Cond: ((k >= 2695053) AND (k <= 2695153))

table 2 : explain SELECT k, c FROM sbtest2 WHERE k BETWEEN 2695053 AND 2695153
	Bitmap Heap Scan on sbtest2  (cost=5.54..433.24 rows=108 width=125)
	  Recheck Cond: ((k >= 2695053) AND (k <= 2695153))
	  ->  Bitmap Index Scan on k_2  (cost=0.00..5.51 rows=108 width=0)
	        Index Cond: ((k >= 2695053) AND (k <= 2695153))

table 3 : explain SELECT k, c FROM sbtest3 WHERE k BETWEEN 2695053 AND 2695153
	Bitmap Heap Scan on sbtest3  (cost=5.42..385.87 rows=96 width=125)
	  Recheck Cond: ((k >= 2695053) AND (k <= 2695153))
	  ->  Bitmap Index Scan on k_3  (cost=0.00..5.39 rows=96 width=0)
	        Index Cond: ((k >= 2695053) AND (k <= 2695153))

table 4 : explain SELECT k, c FROM sbtest4 WHERE k BETWEEN 2695053 AND 2695153
	Bitmap Heap Scan on sbtest4  (cost=5.41..382.03 rows=95 width=125)
	  Recheck Cond: ((k >= 2695053) AND (k <= 2695153))
	  ->  Bitmap Index Scan on k_4  (cost=0.00..5.38 rows=95 width=0)
	        Index Cond: ((k >= 2695053) AND (k <= 2695153))

table 5 : explain SELECT k, c FROM sbtest5 WHERE k BETWEEN 2695053 AND 2695153
	Bitmap Heap Scan on sbtest5  (cost=5.56..441.22 rows=110 width=125)
	  Recheck Cond: ((k >= 2695053) AND (k <= 2695153))
	  ->  Bitmap Index Scan on k_5  (cost=0.00..5.53 rows=110 width=0)
	        Index Cond: ((k >= 2695053) AND (k <= 2695153))

table 6 : explain SELECT k, c FROM sbtest6 WHERE k BETWEEN 2695053 AND 2695153
	Bitmap Heap Scan on sbtest6  (cost=5.51..421.51 rows=105 width=125)
	  Recheck Cond: ((k >= 2695053) AND (k <= 2695153))
	  ->  Bitmap Index Scan on k_6  (cost=0.00..5.48 rows=105 width=0)
	        Index Cond: ((k >= 2695053) AND (k <= 2695153))

table 7 : explain SELECT k, c FROM sbtest7 WHERE k BETWEEN 2695053 AND 2695153
	Bitmap Heap Scan on sbtest7  (cost=5.50..417.57 rows=104 width=125)
	  Recheck Cond: ((k >= 2695053) AND (k <= 2695153))
	  ->  Bitmap Index Scan on k_7  (cost=0.00..5.47 rows=104 width=0)
	        Index Cond: ((k >= 2695053) AND (k <= 2695153))

table 8 : explain SELECT k, c FROM sbtest8 WHERE k BETWEEN 2695053 AND 2695153
	Bitmap Heap Scan on sbtest8  (cost=5.49..413.62 rows=103 width=125)
	  Recheck Cond: ((k >= 2695053) AND (k <= 2695153))
	  ->  Bitmap Index Scan on k_8  (cost=0.00..5.46 rows=103 width=0)
	        Index Cond: ((k >= 2695053) AND (k <= 2695153))

for range-notcovered
table 1 : explain SELECT k, c FROM sbtest1 WHERE k BETWEEN 7698578 AND 7698678
	Bitmap Heap Scan on sbtest1  (cost=5.62..464.61 rows=116 width=125)
	  Recheck Cond: ((k >= 7698578) AND (k <= 7698678))
	  ->  Bitmap Index Scan on k_1  (cost=0.00..5.59 rows=116 width=0)
	        Index Cond: ((k >= 7698578) AND (k <= 7698678))

table 2 : explain SELECT k, c FROM sbtest2 WHERE k BETWEEN 7698578 AND 7698678
	Bitmap Heap Scan on sbtest2  (cost=5.43..389.85 rows=97 width=125)
	  Recheck Cond: ((k >= 7698578) AND (k <= 7698678))
	  ->  Bitmap Index Scan on k_2  (cost=0.00..5.40 rows=97 width=0)
	        Index Cond: ((k >= 7698578) AND (k <= 7698678))

table 3 : explain SELECT k, c FROM sbtest3 WHERE k BETWEEN 7698578 AND 7698678
	Bitmap Heap Scan on sbtest3  (cost=5.46..401.66 rows=100 width=125)
	  Recheck Cond: ((k >= 7698578) AND (k <= 7698678))
	  ->  Bitmap Index Scan on k_3  (cost=0.00..5.43 rows=100 width=0)
	        Index Cond: ((k >= 7698578) AND (k <= 7698678))

table 4 : explain SELECT k, c FROM sbtest4 WHERE k BETWEEN 7698578 AND 7698678
	Bitmap Heap Scan on sbtest4  (cost=5.42..385.97 rows=96 width=125)
	  Recheck Cond: ((k >= 7698578) AND (k <= 7698678))
	  ->  Bitmap Index Scan on k_4  (cost=0.00..5.39 rows=96 width=0)
	        Index Cond: ((k >= 7698578) AND (k <= 7698678))

table 5 : explain SELECT k, c FROM sbtest5 WHERE k BETWEEN 7698578 AND 7698678
	Bitmap Heap Scan on sbtest5  (cost=5.41..382.02 rows=95 width=125)
	  Recheck Cond: ((k >= 7698578) AND (k <= 7698678))
	  ->  Bitmap Index Scan on k_5  (cost=0.00..5.38 rows=95 width=0)
	        Index Cond: ((k >= 7698578) AND (k <= 7698678))

table 6 : explain SELECT k, c FROM sbtest6 WHERE k BETWEEN 7698578 AND 7698678
	Bitmap Heap Scan on sbtest6  (cost=5.47..405.72 rows=101 width=125)
	  Recheck Cond: ((k >= 7698578) AND (k <= 7698678))
	  ->  Bitmap Index Scan on k_6  (cost=0.00..5.44 rows=101 width=0)
	        Index Cond: ((k >= 7698578) AND (k <= 7698678))

table 7 : explain SELECT k, c FROM sbtest7 WHERE k BETWEEN 7698578 AND 7698678
	Bitmap Heap Scan on sbtest7  (cost=5.60..457.01 rows=114 width=125)
	  Recheck Cond: ((k >= 7698578) AND (k <= 7698678))
	  ->  Bitmap Index Scan on k_7  (cost=0.00..5.58 rows=114 width=0)
	        Index Cond: ((k >= 7698578) AND (k <= 7698678))

table 8 : explain SELECT k, c FROM sbtest8 WHERE k BETWEEN 7698578 AND 7698678
	Bitmap Heap Scan on sbtest8  (cost=5.47..405.73 rows=101 width=125)
	  Recheck Cond: ((k >= 7698578) AND (k <= 7698678))
	  ->  Bitmap Index Scan on k_8  (cost=0.00..5.44 rows=101 width=0)
	        Index Cond: ((k >= 7698578) AND (k <= 7698678))

explain: for range-notcovered :: explain SELECT k, c FROM sbtest%d WHERE k BETWEEN 2695053 AND 2695153
for range-notcovered
table 1 : explain SELECT k, c FROM sbtest1 WHERE k BETWEEN 4272102 AND 4272202
	Bitmap Heap Scan on sbtest1  (cost=5.54..433.10 rows=108 width=125)
	  Recheck Cond: ((k >= 4272102) AND (k <= 4272202))
	  ->  Bitmap Index Scan on k_1  (cost=0.00..5.51 rows=108 width=0)
	        Index Cond: ((k >= 4272102) AND (k <= 4272202))

table 2 : explain SELECT k, c FROM sbtest2 WHERE k BETWEEN 4272102 AND 4272202
	Bitmap Heap Scan on sbtest2  (cost=5.47..405.63 rows=101 width=125)
	  Recheck Cond: ((k >= 4272102) AND (k <= 4272202))
	  ->  Bitmap Index Scan on k_2  (cost=0.00..5.44 rows=101 width=0)
	        Index Cond: ((k >= 4272102) AND (k <= 4272202))

table 3 : explain SELECT k, c FROM sbtest3 WHERE k BETWEEN 4272102 AND 4272202
	Bitmap Heap Scan on sbtest3  (cost=5.43..389.82 rows=97 width=125)
	  Recheck Cond: ((k >= 4272102) AND (k <= 4272202))
	  ->  Bitmap Index Scan on k_3  (cost=0.00..5.40 rows=97 width=0)
	        Index Cond: ((k >= 4272102) AND (k <= 4272202))

table 4 : explain SELECT k, c FROM sbtest4 WHERE k BETWEEN 4272102 AND 4272202
	Bitmap Heap Scan on sbtest4  (cost=5.46..401.77 rows=100 width=125)
	  Recheck Cond: ((k >= 4272102) AND (k <= 4272202))
	  ->  Bitmap Index Scan on k_4  (cost=0.00..5.43 rows=100 width=0)
	        Index Cond: ((k >= 4272102) AND (k <= 4272202))

table 5 : explain SELECT k, c FROM sbtest5 WHERE k BETWEEN 4272102 AND 4272202
	Bitmap Heap Scan on sbtest5  (cost=5.53..429.38 rows=107 width=125)
	  Recheck Cond: ((k >= 4272102) AND (k <= 4272202))
	  ->  Bitmap Index Scan on k_5  (cost=0.00..5.50 rows=107 width=0)
	        Index Cond: ((k >= 4272102) AND (k <= 4272202))

table 6 : explain SELECT k, c FROM sbtest6 WHERE k BETWEEN 4272102 AND 4272202
	Bitmap Heap Scan on sbtest6  (cost=5.58..449.12 rows=112 width=125)
	  Recheck Cond: ((k >= 4272102) AND (k <= 4272202))
	  ->  Bitmap Index Scan on k_6  (cost=0.00..5.55 rows=112 width=0)
	        Index Cond: ((k >= 4272102) AND (k <= 4272202))

table 7 : explain SELECT k, c FROM sbtest7 WHERE k BETWEEN 4272102 AND 4272202
	Bitmap Heap Scan on sbtest7  (cost=5.50..417.57 rows=104 width=125)
	  Recheck Cond: ((k >= 4272102) AND (k <= 4272202))
	  ->  Bitmap Index Scan on k_7  (cost=0.00..5.47 rows=104 width=0)
	        Index Cond: ((k >= 4272102) AND (k <= 4272202))

table 8 : explain SELECT k, c FROM sbtest8 WHERE k BETWEEN 4272102 AND 4272202
	Bitmap Heap Scan on sbtest8  (cost=5.42..385.99 rows=96 width=125)
	  Recheck Cond: ((k >= 4272102) AND (k <= 4272202))
	  ->  Bitmap Index Scan on k_8  (cost=0.00..5.39 rows=96 width=0)
	        Index Cond: ((k >= 4272102) AND (k <= 4272202))

explain: for range-notcovered :: explain SELECT k, c FROM sbtest%d WHERE k BETWEEN 7698578 AND 7698678
for range-notcovered
table 1 : explain SELECT k, c FROM sbtest1 WHERE k BETWEEN 2911271 AND 2911371
	Bitmap Heap Scan on sbtest1  (cost=5.47..405.50 rows=101 width=125)
	  Recheck Cond: ((k >= 2911271) AND (k <= 2911371))
	  ->  Bitmap Index Scan on k_1  (cost=0.00..5.44 rows=101 width=0)
	        Index Cond: ((k >= 2911271) AND (k <= 2911371))

table 2 : explain SELECT k, c FROM sbtest2 WHERE k BETWEEN 2911271 AND 2911371
	Bitmap Heap Scan on sbtest2  (cost=5.52..425.36 rows=106 width=125)
	  Recheck Cond: ((k >= 2911271) AND (k <= 2911371))
	  ->  Bitmap Index Scan on k_2  (cost=0.00..5.50 rows=106 width=0)
	        Index Cond: ((k >= 2911271) AND (k <= 2911371))

table 3 : explain SELECT k, c FROM sbtest3 WHERE k BETWEEN 2911271 AND 2911371
	Bitmap Heap Scan on sbtest3  (cost=5.45..397.71 rows=99 width=125)
	  Recheck Cond: ((k >= 2911271) AND (k <= 2911371))
	  ->  Bitmap Index Scan on k_3  (cost=0.00..5.42 rows=99 width=0)
	        Index Cond: ((k >= 2911271) AND (k <= 2911371))

table 4 : explain SELECT k, c FROM sbtest4 WHERE k BETWEEN 2911271 AND 2911371
	Bitmap Heap Scan on sbtest4  (cost=5.56..441.22 rows=110 width=125)
	  Recheck Cond: ((k >= 2911271) AND (k <= 2911371))
	  ->  Bitmap Index Scan on k_4  (cost=0.00..5.53 rows=110 width=0)
	        Index Cond: ((k >= 2911271) AND (k <= 2911371))

table 5 : explain SELECT k, c FROM sbtest5 WHERE k BETWEEN 2911271 AND 2911371
	Bitmap Heap Scan on sbtest5  (cost=5.43..389.92 rows=97 width=125)
	  Recheck Cond: ((k >= 2911271) AND (k <= 2911371))
	  ->  Bitmap Index Scan on k_5  (cost=0.00..5.40 rows=97 width=0)
	        Index Cond: ((k >= 2911271) AND (k <= 2911371))

table 6 : explain SELECT k, c FROM sbtest6 WHERE k BETWEEN 2911271 AND 2911371
	Bitmap Heap Scan on sbtest6  (cost=5.44..393.88 rows=98 width=125)
	  Recheck Cond: ((k >= 2911271) AND (k <= 2911371))
	  ->  Bitmap Index Scan on k_6  (cost=0.00..5.42 rows=98 width=0)
	        Index Cond: ((k >= 2911271) AND (k <= 2911371))

table 7 : explain SELECT k, c FROM sbtest7 WHERE k BETWEEN 2911271 AND 2911371
	Bitmap Heap Scan on sbtest7  (cost=5.49..413.62 rows=103 width=125)
	  Recheck Cond: ((k >= 2911271) AND (k <= 2911371))
	  ->  Bitmap Index Scan on k_7  (cost=0.00..5.46 rows=103 width=0)
	        Index Cond: ((k >= 2911271) AND (k <= 2911371))

table 8 : explain SELECT k, c FROM sbtest8 WHERE k BETWEEN 2911271 AND 2911371
	Bitmap Heap Scan on sbtest8  (cost=5.54..433.35 rows=108 width=125)
	  Recheck Cond: ((k >= 2911271) AND (k <= 2911371))
	  ->  Bitmap Index Scan on k_8  (cost=0.00..5.51 rows=108 width=0)
	        Index Cond: ((k >= 2911271) AND (k <= 2911371))

for range-notcovered
table 1 : explain SELECT k, c FROM sbtest1 WHERE k BETWEEN 3865322 AND 3865422
	Bitmap Heap Scan on sbtest1  (cost=5.41..381.83 rows=95 width=125)
	  Recheck Cond: ((k >= 3865322) AND (k <= 3865422))
	  ->  Bitmap Index Scan on k_1  (cost=0.00..5.38 rows=95 width=0)
	        Index Cond: ((k >= 3865322) AND (k <= 3865422))

table 2 : explain SELECT k, c FROM sbtest2 WHERE k BETWEEN 3865322 AND 3865422
	Bitmap Heap Scan on sbtest2  (cost=5.48..409.58 rows=102 width=125)
	  Recheck Cond: ((k >= 3865322) AND (k <= 3865422))
	  ->  Bitmap Index Scan on k_2  (cost=0.00..5.45 rows=102 width=0)
	        Index Cond: ((k >= 3865322) AND (k <= 3865422))

table 3 : explain SELECT k, c FROM sbtest3 WHERE k BETWEEN 3865322 AND 3865422
	Bitmap Heap Scan on sbtest3  (cost=5.58..448.98 rows=112 width=125)
	  Recheck Cond: ((k >= 3865322) AND (k <= 3865422))
	  ->  Bitmap Index Scan on k_3  (cost=0.00..5.55 rows=112 width=0)
	        Index Cond: ((k >= 3865322) AND (k <= 3865422))

table 4 : explain SELECT k, c FROM sbtest4 WHERE k BETWEEN 3865322 AND 3865422
	Bitmap Heap Scan on sbtest4  (cost=5.53..429.39 rows=107 width=125)
	  Recheck Cond: ((k >= 3865322) AND (k <= 3865422))
	  ->  Bitmap Index Scan on k_4  (cost=0.00..5.50 rows=107 width=0)
	        Index Cond: ((k >= 3865322) AND (k <= 3865422))

table 5 : explain SELECT k, c FROM sbtest5 WHERE k BETWEEN 3865322 AND 3865422
	Bitmap Heap Scan on sbtest5  (cost=5.51..421.49 rows=105 width=125)
	  Recheck Cond: ((k >= 3865322) AND (k <= 3865422))
	  ->  Bitmap Index Scan on k_5  (cost=0.00..5.48 rows=105 width=0)
	        Index Cond: ((k >= 3865322) AND (k <= 3865422))

table 6 : explain SELECT k, c FROM sbtest6 WHERE k BETWEEN 3865322 AND 3865422
	Bitmap Heap Scan on sbtest6  (cost=5.42..385.98 rows=96 width=125)
	  Recheck Cond: ((k >= 3865322) AND (k <= 3865422))
	  ->  Bitmap Index Scan on k_6  (cost=0.00..5.39 rows=96 width=0)
	        Index Cond: ((k >= 3865322) AND (k <= 3865422))

table 7 : explain SELECT k, c FROM sbtest7 WHERE k BETWEEN 3865322 AND 3865422
	Bitmap Heap Scan on sbtest7  (cost=5.37..366.24 rows=91 width=125)
	  Recheck Cond: ((k >= 3865322) AND (k <= 3865422))
	  ->  Bitmap Index Scan on k_7  (cost=0.00..5.34 rows=91 width=0)
	        Index Cond: ((k >= 3865322) AND (k <= 3865422))

table 8 : explain SELECT k, c FROM sbtest8 WHERE k BETWEEN 3865322 AND 3865422
	Bitmap Heap Scan on sbtest8  (cost=5.41..382.04 rows=95 width=125)
	  Recheck Cond: ((k >= 3865322) AND (k <= 3865422))
	  ->  Bitmap Index Scan on k_8  (cost=0.00..5.38 rows=95 width=0)
	        Index Cond: ((k >= 3865322) AND (k <= 3865422))

for range-notcovered
table 1 : explain SELECT k, c FROM sbtest1 WHERE k BETWEEN 1465057 AND 1465157
	Bitmap Heap Scan on sbtest1  (cost=5.46..401.56 rows=100 width=125)
	  Recheck Cond: ((k >= 1465057) AND (k <= 1465157))
	  ->  Bitmap Index Scan on k_1  (cost=0.00..5.43 rows=100 width=0)
	        Index Cond: ((k >= 1465057) AND (k <= 1465157))

table 2 : explain SELECT k, c FROM sbtest2 WHERE k BETWEEN 1465057 AND 1465157
	Bitmap Heap Scan on sbtest2  (cost=5.44..393.79 rows=98 width=125)
	  Recheck Cond: ((k >= 1465057) AND (k <= 1465157))
	  ->  Bitmap Index Scan on k_2  (cost=0.00..5.42 rows=98 width=0)
	        Index Cond: ((k >= 1465057) AND (k <= 1465157))

table 3 : explain SELECT k, c FROM sbtest3 WHERE k BETWEEN 1465057 AND 1465157
	Bitmap Heap Scan on sbtest3  (cost=5.38..370.08 rows=92 width=125)
	  Recheck Cond: ((k >= 1465057) AND (k <= 1465157))
	  ->  Bitmap Index Scan on k_3  (cost=0.00..5.35 rows=92 width=0)
	        Index Cond: ((k >= 1465057) AND (k <= 1465157))

table 4 : explain SELECT k, c FROM sbtest4 WHERE k BETWEEN 1465057 AND 1465157
	Bitmap Heap Scan on sbtest4  (cost=5.44..393.87 rows=98 width=125)
	  Recheck Cond: ((k >= 1465057) AND (k <= 1465157))
	  ->  Bitmap Index Scan on k_4  (cost=0.00..5.42 rows=98 width=0)
	        Index Cond: ((k >= 1465057) AND (k <= 1465157))

table 5 : explain SELECT k, c FROM sbtest5 WHERE k BETWEEN 1465057 AND 1465157
	Bitmap Heap Scan on sbtest5  (cost=5.47..405.71 rows=101 width=125)
	  Recheck Cond: ((k >= 1465057) AND (k <= 1465157))
	  ->  Bitmap Index Scan on k_5  (cost=0.00..5.44 rows=101 width=0)
	        Index Cond: ((k >= 1465057) AND (k <= 1465157))

table 6 : explain SELECT k, c FROM sbtest6 WHERE k BETWEEN 1465057 AND 1465157
	Bitmap Heap Scan on sbtest6  (cost=5.47..405.72 rows=101 width=125)
	  Recheck Cond: ((k >= 1465057) AND (k <= 1465157))
	  ->  Bitmap Index Scan on k_6  (cost=0.00..5.44 rows=101 width=0)
	        Index Cond: ((k >= 1465057) AND (k <= 1465157))

table 7 : explain SELECT k, c FROM sbtest7 WHERE k BETWEEN 1465057 AND 1465157
	Bitmap Heap Scan on sbtest7  (cost=5.56..441.24 rows=110 width=125)
	  Recheck Cond: ((k >= 1465057) AND (k <= 1465157))
	  ->  Bitmap Index Scan on k_7  (cost=0.00..5.53 rows=110 width=0)
	        Index Cond: ((k >= 1465057) AND (k <= 1465157))

table 8 : explain SELECT k, c FROM sbtest8 WHERE k BETWEEN 1465057 AND 1465157
	Bitmap Heap Scan on sbtest8  (cost=5.49..413.62 rows=103 width=125)
	  Recheck Cond: ((k >= 1465057) AND (k <= 1465157))
	  ->  Bitmap Index Scan on k_8  (cost=0.00..5.46 rows=103 width=0)
	        Index Cond: ((k >= 1465057) AND (k <= 1465157))
explain: for range-notcovered :: explain SELECT k, c FROM sbtest%d WHERE k BETWEEN 3865322 AND 3865422

for range-notcovered
table 1 : explain SELECT k, c FROM sbtest1 WHERE k BETWEEN 7351468 AND 7351568
	Bitmap Heap Scan on sbtest1  (cost=5.44..393.67 rows=98 width=125)
	  Recheck Cond: ((k >= 7351468) AND (k <= 7351568))
	  ->  Bitmap Index Scan on k_1  (cost=0.00..5.42 rows=98 width=0)
	        Index Cond: ((k >= 7351468) AND (k <= 7351568))

table 2 : explain SELECT k, c FROM sbtest2 WHERE k BETWEEN 7351468 AND 7351568
	Bitmap Heap Scan on sbtest2  (cost=5.39..374.05 rows=93 width=125)
	  Recheck Cond: ((k >= 7351468) AND (k <= 7351568))
	  ->  Bitmap Index Scan on k_2  (cost=0.00..5.36 rows=93 width=0)
	        Index Cond: ((k >= 7351468) AND (k <= 7351568))

table 3 : explain SELECT k, c FROM sbtest3 WHERE k BETWEEN 7351468 AND 7351568
	Bitmap Heap Scan on sbtest3  (cost=5.51..421.38 rows=105 width=125)
	  Recheck Cond: ((k >= 7351468) AND (k <= 7351568))
	  ->  Bitmap Index Scan on k_3  (cost=0.00..5.48 rows=105 width=0)
	        Index Cond: ((k >= 7351468) AND (k <= 7351568))

table 4 : explain SELECT k, c FROM sbtest4 WHERE k BETWEEN 7351468 AND 7351568
	Bitmap Heap Scan on sbtest4  (cost=5.46..401.77 rows=100 width=125)
	  Recheck Cond: ((k >= 7351468) AND (k <= 7351568))
	  ->  Bitmap Index Scan on k_4  (cost=0.00..5.43 rows=100 width=0)
	        Index Cond: ((k >= 7351468) AND (k <= 7351568))

table 5 : explain SELECT k, c FROM sbtest5 WHERE k BETWEEN 7351468 AND 7351568
	Bitmap Heap Scan on sbtest5  (cost=5.64..472.75 rows=118 width=125)
	  Recheck Cond: ((k >= 7351468) AND (k <= 7351568))
	  ->  Bitmap Index Scan on k_5  (cost=0.00..5.61 rows=118 width=0)
	        Index Cond: ((k >= 7351468) AND (k <= 7351568))

table 6 : explain SELECT k, c FROM sbtest6 WHERE k BETWEEN 7351468 AND 7351568
	Bitmap Heap Scan on sbtest6  (cost=5.61..460.95 rows=115 width=125)
	  Recheck Cond: ((k >= 7351468) AND (k <= 7351568))
	  ->  Bitmap Index Scan on k_6  (cost=0.00..5.58 rows=115 width=0)
	        Index Cond: ((k >= 7351468) AND (k <= 7351568))

table 7 : explain SELECT k, c FROM sbtest7 WHERE k BETWEEN 7351468 AND 7351568
	Bitmap Heap Scan on sbtest7  (cost=5.45..397.83 rows=99 width=125)
	  Recheck Cond: ((k >= 7351468) AND (k <= 7351568))
	  ->  Bitmap Index Scan on k_7  (cost=0.00..5.42 rows=99 width=0)
	        Index Cond: ((k >= 7351468) AND (k <= 7351568))

table 8 : explain SELECT k, c FROM sbtest8 WHERE k BETWEEN 7351468 AND 7351568
	Bitmap Heap Scan on sbtest8  (cost=5.57..445.18 rows=111 width=125)
	  Recheck Cond: ((k >= 7351468) AND (k <= 7351568))
	  ->  Bitmap Index Scan on k_8  (cost=0.00..5.54 rows=111 width=0)
	        Index Cond: ((k >= 7351468) AND (k <= 7351568))

for range-notcovered
table 1 : explain SELECT k, c FROM sbtest1 WHERE k BETWEEN 7854149 AND 7854249
	Bitmap Heap Scan on sbtest1  (cost=5.59..452.80 rows=113 width=125)
	  Recheck Cond: ((k >= 7854149) AND (k <= 7854249))
	  ->  Bitmap Index Scan on k_1  (cost=0.00..5.56 rows=113 width=0)
	        Index Cond: ((k >= 7854149) AND (k <= 7854249))

table 2 : explain SELECT k, c FROM sbtest2 WHERE k BETWEEN 7854149 AND 7854249
	Bitmap Heap Scan on sbtest2  (cost=5.49..413.52 rows=103 width=125)
	  Recheck Cond: ((k >= 7854149) AND (k <= 7854249))
	  ->  Bitmap Index Scan on k_2  (cost=0.00..5.46 rows=103 width=0)
	        Index Cond: ((k >= 7854149) AND (k <= 7854249))

table 3 : explain SELECT k, c FROM sbtest3 WHERE k BETWEEN 7854149 AND 7854249
	Bitmap Heap Scan on sbtest3  (cost=5.40..377.98 rows=94 width=125)
	  Recheck Cond: ((k >= 7854149) AND (k <= 7854249))
	  ->  Bitmap Index Scan on k_3  (cost=0.00..5.38 rows=94 width=0)
	        Index Cond: ((k >= 7854149) AND (k <= 7854249))

table 4 : explain SELECT k, c FROM sbtest4 WHERE k BETWEEN 7854149 AND 7854249
	Bitmap Heap Scan on sbtest4  (cost=5.41..382.03 rows=95 width=125)
	  Recheck Cond: ((k >= 7854149) AND (k <= 7854249))
	  ->  Bitmap Index Scan on k_4  (cost=0.00..5.38 rows=95 width=0)
	        Index Cond: ((k >= 7854149) AND (k <= 7854249))

table 5 : explain SELECT k, c FROM sbtest5 WHERE k BETWEEN 7854149 AND 7854249
	Bitmap Heap Scan on sbtest5  (cost=5.54..433.33 rows=108 width=125)
	  Recheck Cond: ((k >= 7854149) AND (k <= 7854249))
	  ->  Bitmap Index Scan on k_5  (cost=0.00..5.51 rows=108 width=0)
	        Index Cond: ((k >= 7854149) AND (k <= 7854249))

table 6 : explain SELECT k, c FROM sbtest6 WHERE k BETWEEN 7854149 AND 7854249
	Bitmap Heap Scan on sbtest6  (cost=5.50..417.56 rows=104 width=125)
	  Recheck Cond: ((k >= 7854149) AND (k <= 7854249))
	  ->  Bitmap Index Scan on k_6  (cost=0.00..5.47 rows=104 width=0)
	        Index Cond: ((k >= 7854149) AND (k <= 7854249))

table 7 : explain SELECT k, c FROM sbtest7 WHERE k BETWEEN 7854149 AND 7854249
	Bitmap Heap Scan on sbtest7  (cost=5.40..378.09 rows=94 width=125)
	  Recheck Cond: ((k >= 7854149) AND (k <= 7854249))
	  ->  Bitmap Index Scan on k_7  (cost=0.00..5.38 rows=94 width=0)
	        Index Cond: ((k >= 7854149) AND (k <= 7854249))

table 8 : explain SELECT k, c FROM sbtest8 WHERE k BETWEEN 7854149 AND 7854249
	Bitmap Heap Scan on sbtest8  (cost=5.50..417.57 rows=104 width=125)
	  Recheck Cond: ((k >= 7854149) AND (k <= 7854249))
	  ->  Bitmap Index Scan on k_8  (cost=0.00..5.47 rows=104 width=0)
	        Index Cond: ((k >= 7854149) AND (k <= 7854249))

explain: for range-notcovered :: explain SELECT k, c FROM sbtest%d WHERE k BETWEEN 1465057 AND 1465157
explain: for range-notcovered :: explain SELECT k, c FROM sbtest%d WHERE k BETWEEN 7351468 AND 7351568
for range-notcovered
table 1 : explain SELECT k, c FROM sbtest1 WHERE k BETWEEN 1597552 AND 1597652
	Bitmap Heap Scan on sbtest1  (cost=5.38..369.99 rows=92 width=125)
	  Recheck Cond: ((k >= 1597552) AND (k <= 1597652))
	  ->  Bitmap Index Scan on k_1  (cost=0.00..5.35 rows=92 width=0)
	        Index Cond: ((k >= 1597552) AND (k <= 1597652))

table 2 : explain SELECT k, c FROM sbtest2 WHERE k BETWEEN 1597552 AND 1597652
	Bitmap Heap Scan on sbtest2  (cost=5.41..381.95 rows=95 width=125)
	  Recheck Cond: ((k >= 1597552) AND (k <= 1597652))
	  ->  Bitmap Index Scan on k_2  (cost=0.00..5.38 rows=95 width=0)
	        Index Cond: ((k >= 1597552) AND (k <= 1597652))

table 3 : explain SELECT k, c FROM sbtest3 WHERE k BETWEEN 1597552 AND 1597652
	Bitmap Heap Scan on sbtest3  (cost=5.57..445.04 rows=111 width=125)
	  Recheck Cond: ((k >= 1597552) AND (k <= 1597652))
	  ->  Bitmap Index Scan on k_3  (cost=0.00..5.54 rows=111 width=0)
	        Index Cond: ((k >= 1597552) AND (k <= 1597652))

table 4 : explain SELECT k, c FROM sbtest4 WHERE k BETWEEN 1597552 AND 1597652
	Bitmap Heap Scan on sbtest4  (cost=5.48..409.66 rows=102 width=125)
	  Recheck Cond: ((k >= 1597552) AND (k <= 1597652))
	  ->  Bitmap Index Scan on k_4  (cost=0.00..5.45 rows=102 width=0)
	        Index Cond: ((k >= 1597552) AND (k <= 1597652))

table 5 : explain SELECT k, c FROM sbtest5 WHERE k BETWEEN 1597552 AND 1597652
	Bitmap Heap Scan on sbtest5  (cost=5.45..397.81 rows=99 width=125)
	  Recheck Cond: ((k >= 1597552) AND (k <= 1597652))
	  ->  Bitmap Index Scan on k_5  (cost=0.00..5.42 rows=99 width=0)
	        Index Cond: ((k >= 1597552) AND (k <= 1597652))

table 6 : explain SELECT k, c FROM sbtest6 WHERE k BETWEEN 1597552 AND 1597652
	Bitmap Heap Scan on sbtest6  (cost=5.52..425.45 rows=106 width=125)
	  Recheck Cond: ((k >= 1597552) AND (k <= 1597652))
	  ->  Bitmap Index Scan on k_6  (cost=0.00..5.50 rows=106 width=0)
	        Index Cond: ((k >= 1597552) AND (k <= 1597652))

table 7 : explain SELECT k, c FROM sbtest7 WHERE k BETWEEN 1597552 AND 1597652
	Bitmap Heap Scan on sbtest7  (cost=5.45..397.83 rows=99 width=125)
	  Recheck Cond: ((k >= 1597552) AND (k <= 1597652))
	  ->  Bitmap Index Scan on k_7  (cost=0.00..5.42 rows=99 width=0)
	        Index Cond: ((k >= 1597552) AND (k <= 1597652))

table 8 : explain SELECT k, c FROM sbtest8 WHERE k BETWEEN 1597552 AND 1597652
	Bitmap Heap Scan on sbtest8  (cost=5.46..401.78 rows=100 width=125)
	  Recheck Cond: ((k >= 1597552) AND (k <= 1597652))
	  ->  Bitmap Index Scan on k_8  (cost=0.00..5.43 rows=100 width=0)
	        Index Cond: ((k >= 1597552) AND (k <= 1597652))

for range-notcovered
table 1 : explain SELECT k, c FROM sbtest1 WHERE k BETWEEN 7365155 AND 7365255
	Bitmap Heap Scan on sbtest1  (cost=5.44..393.67 rows=98 width=125)
	  Recheck Cond: ((k >= 7365155) AND (k <= 7365255))
	  ->  Bitmap Index Scan on k_1  (cost=0.00..5.42 rows=98 width=0)
	        Index Cond: ((k >= 7365155) AND (k <= 7365255))

table 2 : explain SELECT k, c FROM sbtest2 WHERE k BETWEEN 7365155 AND 7365255
	Bitmap Heap Scan on sbtest2  (cost=5.39..374.05 rows=93 width=125)
	  Recheck Cond: ((k >= 7365155) AND (k <= 7365255))
	  ->  Bitmap Index Scan on k_2  (cost=0.00..5.36 rows=93 width=0)
	        Index Cond: ((k >= 7365155) AND (k <= 7365255))

table 3 : explain SELECT k, c FROM sbtest3 WHERE k BETWEEN 7365155 AND 7365255
	Bitmap Heap Scan on sbtest3  (cost=5.51..421.38 rows=105 width=125)
	  Recheck Cond: ((k >= 7365155) AND (k <= 7365255))
	  ->  Bitmap Index Scan on k_3  (cost=0.00..5.48 rows=105 width=0)
	        Index Cond: ((k >= 7365155) AND (k <= 7365255))

table 4 : explain SELECT k, c FROM sbtest4 WHERE k BETWEEN 7365155 AND 7365255
	Bitmap Heap Scan on sbtest4  (cost=5.46..401.77 rows=100 width=125)
	  Recheck Cond: ((k >= 7365155) AND (k <= 7365255))
	  ->  Bitmap Index Scan on k_4  (cost=0.00..5.43 rows=100 width=0)
	        Index Cond: ((k >= 7365155) AND (k <= 7365255))

table 5 : explain SELECT k, c FROM sbtest5 WHERE k BETWEEN 7365155 AND 7365255
	Bitmap Heap Scan on sbtest5  (cost=5.64..472.75 rows=118 width=125)
	  Recheck Cond: ((k >= 7365155) AND (k <= 7365255))
	  ->  Bitmap Index Scan on k_5  (cost=0.00..5.61 rows=118 width=0)
	        Index Cond: ((k >= 7365155) AND (k <= 7365255))

table 6 : explain SELECT k, c FROM sbtest6 WHERE k BETWEEN 7365155 AND 7365255
	Bitmap Heap Scan on sbtest6  (cost=5.61..460.95 rows=115 width=125)
	  Recheck Cond: ((k >= 7365155) AND (k <= 7365255))
	  ->  Bitmap Index Scan on k_6  (cost=0.00..5.58 rows=115 width=0)
	        Index Cond: ((k >= 7365155) AND (k <= 7365255))

table 7 : explain SELECT k, c FROM sbtest7 WHERE k BETWEEN 7365155 AND 7365255
	Bitmap Heap Scan on sbtest7  (cost=5.45..397.83 rows=99 width=125)
	  Recheck Cond: ((k >= 7365155) AND (k <= 7365255))
	  ->  Bitmap Index Scan on k_7  (cost=0.00..5.42 rows=99 width=0)
	        Index Cond: ((k >= 7365155) AND (k <= 7365255))

table 8 : explain SELECT k, c FROM sbtest8 WHERE k BETWEEN 7365155 AND 7365255
	Bitmap Heap Scan on sbtest8  (cost=5.57..445.18 rows=111 width=125)
	  Recheck Cond: ((k >= 7365155) AND (k <= 7365255))
	  ->  Bitmap Index Scan on k_8  (cost=0.00..5.54 rows=111 width=0)
	        Index Cond: ((k >= 7365155) AND (k <= 7365255))

explain: for range-notcovered :: explain SELECT k, c FROM sbtest%d WHERE k BETWEEN 1597552 AND 1597652
explain: for range-notcovered :: explain SELECT k, c FROM sbtest%d WHERE k BETWEEN 7854149 AND 7854249
for range-notcovered
table 1 : explain SELECT k, c FROM sbtest1 WHERE k BETWEEN 3939054 AND 3939154
	Bitmap Heap Scan on sbtest1  (cost=5.43..389.72 rows=97 width=125)
	  Recheck Cond: ((k >= 3939054) AND (k <= 3939154))
	  ->  Bitmap Index Scan on k_1  (cost=0.00..5.40 rows=97 width=0)
	        Index Cond: ((k >= 3939054) AND (k <= 3939154))

table 2 : explain SELECT k, c FROM sbtest2 WHERE k BETWEEN 3939054 AND 3939154
	Bitmap Heap Scan on sbtest2  (cost=5.43..389.85 rows=97 width=125)
	  Recheck Cond: ((k >= 3939054) AND (k <= 3939154))
	  ->  Bitmap Index Scan on k_2  (cost=0.00..5.40 rows=97 width=0)
	        Index Cond: ((k >= 3939054) AND (k <= 3939154))

table 3 : explain SELECT k, c FROM sbtest3 WHERE k BETWEEN 3939054 AND 3939154
	Bitmap Heap Scan on sbtest3  (cost=5.58..448.98 rows=112 width=125)
	  Recheck Cond: ((k >= 3939054) AND (k <= 3939154))
	  ->  Bitmap Index Scan on k_3  (cost=0.00..5.55 rows=112 width=0)
	        Index Cond: ((k >= 3939054) AND (k <= 3939154))

table 4 : explain SELECT k, c FROM sbtest4 WHERE k BETWEEN 3939054 AND 3939154
	Bitmap Heap Scan on sbtest4  (cost=5.53..429.39 rows=107 width=125)
	  Recheck Cond: ((k >= 3939054) AND (k <= 3939154))
	  ->  Bitmap Index Scan on k_4  (cost=0.00..5.50 rows=107 width=0)
	        Index Cond: ((k >= 3939054) AND (k <= 3939154))

table 5 : explain SELECT k, c FROM sbtest5 WHERE k BETWEEN 3939054 AND 3939154
	Bitmap Heap Scan on sbtest5  (cost=5.51..421.49 rows=105 width=125)
	  Recheck Cond: ((k >= 3939054) AND (k <= 3939154))
	  ->  Bitmap Index Scan on k_5  (cost=0.00..5.48 rows=105 width=0)
	        Index Cond: ((k >= 3939054) AND (k <= 3939154))

table 6 : explain SELECT k, c FROM sbtest6 WHERE k BETWEEN 3939054 AND 3939154
	Bitmap Heap Scan on sbtest6  (cost=5.50..417.56 rows=104 width=125)
	  Recheck Cond: ((k >= 3939054) AND (k <= 3939154))
	  ->  Bitmap Index Scan on k_6  (cost=0.00..5.47 rows=104 width=0)
	        Index Cond: ((k >= 3939054) AND (k <= 3939154))

table 7 : explain SELECT k, c FROM sbtest7 WHERE k BETWEEN 3939054 AND 3939154
	Bitmap Heap Scan on sbtest7  (cost=5.54..433.35 rows=108 width=125)
	  Recheck Cond: ((k >= 3939054) AND (k <= 3939154))
	  ->  Bitmap Index Scan on k_7  (cost=0.00..5.51 rows=108 width=0)
	        Index Cond: ((k >= 3939054) AND (k <= 3939154))

table 8 : explain SELECT k, c FROM sbtest8 WHERE k BETWEEN 3939054 AND 3939154
	Bitmap Heap Scan on sbtest8  (cost=5.42..385.99 rows=96 width=125)
	  Recheck Cond: ((k >= 3939054) AND (k <= 3939154))
	  ->  Bitmap Index Scan on k_8  (cost=0.00..5.39 rows=96 width=0)
	        Index Cond: ((k >= 3939054) AND (k <= 3939154))

explain: for range-notcovered :: explain SELECT k, c FROM sbtest%d WHERE k BETWEEN 7365155 AND 7365255
for range-notcovered
table 1 : explain SELECT k, c FROM sbtest1 WHERE k BETWEEN 5386731 AND 5386831
	Bitmap Heap Scan on sbtest1  (cost=5.53..429.16 rows=107 width=125)
	  Recheck Cond: ((k >= 5386731) AND (k <= 5386831))
	  ->  Bitmap Index Scan on k_1  (cost=0.00..5.50 rows=107 width=0)
	        Index Cond: ((k >= 5386731) AND (k <= 5386831))

table 2 : explain SELECT k, c FROM sbtest2 WHERE k BETWEEN 5386731 AND 5386831
	Bitmap Heap Scan on sbtest2  (cost=5.44..393.79 rows=98 width=125)
	  Recheck Cond: ((k >= 5386731) AND (k <= 5386831))
	  ->  Bitmap Index Scan on k_2  (cost=0.00..5.42 rows=98 width=0)
	        Index Cond: ((k >= 5386731) AND (k <= 5386831))

table 3 : explain SELECT k, c FROM sbtest3 WHERE k BETWEEN 5386731 AND 5386831
	Bitmap Heap Scan on sbtest3  (cost=5.48..409.55 rows=102 width=125)
	  Recheck Cond: ((k >= 5386731) AND (k <= 5386831))
	  ->  Bitmap Index Scan on k_3  (cost=0.00..5.45 rows=102 width=0)
	        Index Cond: ((k >= 5386731) AND (k <= 5386831))

table 4 : explain SELECT k, c FROM sbtest4 WHERE k BETWEEN 5386731 AND 5386831
	Bitmap Heap Scan on sbtest4  (cost=5.38..370.18 rows=92 width=125)
	  Recheck Cond: ((k >= 5386731) AND (k <= 5386831))
	  ->  Bitmap Index Scan on k_4  (cost=0.00..5.35 rows=92 width=0)
	        Index Cond: ((k >= 5386731) AND (k <= 5386831))

table 5 : explain SELECT k, c FROM sbtest5 WHERE k BETWEEN 5386731 AND 5386831
	Bitmap Heap Scan on sbtest5  (cost=5.52..425.44 rows=106 width=125)
	  Recheck Cond: ((k >= 5386731) AND (k <= 5386831))
	  ->  Bitmap Index Scan on k_5  (cost=0.00..5.50 rows=106 width=0)
	        Index Cond: ((k >= 5386731) AND (k <= 5386831))

table 6 : explain SELECT k, c FROM sbtest6 WHERE k BETWEEN 5386731 AND 5386831
	Bitmap Heap Scan on sbtest6  (cost=5.51..421.51 rows=105 width=125)
	  Recheck Cond: ((k >= 5386731) AND (k <= 5386831))
	  ->  Bitmap Index Scan on k_6  (cost=0.00..5.48 rows=105 width=0)
	        Index Cond: ((k >= 5386731) AND (k <= 5386831))

table 7 : explain SELECT k, c FROM sbtest7 WHERE k BETWEEN 5386731 AND 5386831
	Bitmap Heap Scan on sbtest7  (cost=5.48..409.68 rows=102 width=125)
	  Recheck Cond: ((k >= 5386731) AND (k <= 5386831))
	  ->  Bitmap Index Scan on k_7  (cost=0.00..5.45 rows=102 width=0)
	        Index Cond: ((k >= 5386731) AND (k <= 5386831))

table 8 : explain SELECT k, c FROM sbtest8 WHERE k BETWEEN 5386731 AND 5386831
	Bitmap Heap Scan on sbtest8  (cost=5.41..382.04 rows=95 width=125)
	  Recheck Cond: ((k >= 5386731) AND (k <= 5386831))
	  ->  Bitmap Index Scan on k_8  (cost=0.00..5.38 rows=95 width=0)
	        Index Cond: ((k >= 5386731) AND (k <= 5386831))

for range-notcovered
table 1 : explain SELECT k, c FROM sbtest1 WHERE k BETWEEN 4498482 AND 4498582
	Bitmap Heap Scan on sbtest1  (cost=5.48..409.44 rows=102 width=125)
	  Recheck Cond: ((k >= 4498482) AND (k <= 4498582))
	  ->  Bitmap Index Scan on k_1  (cost=0.00..5.45 rows=102 width=0)
	        Index Cond: ((k >= 4498482) AND (k <= 4498582))

table 2 : explain SELECT k, c FROM sbtest2 WHERE k BETWEEN 4498482 AND 4498582
	Bitmap Heap Scan on sbtest2  (cost=5.46..401.69 rows=100 width=125)
	  Recheck Cond: ((k >= 4498482) AND (k <= 4498582))
	  ->  Bitmap Index Scan on k_2  (cost=0.00..5.43 rows=100 width=0)
	        Index Cond: ((k >= 4498482) AND (k <= 4498582))

table 3 : explain SELECT k, c FROM sbtest3 WHERE k BETWEEN 4498482 AND 4498582
	Bitmap Heap Scan on sbtest3  (cost=5.47..405.60 rows=101 width=125)
	  Recheck Cond: ((k >= 4498482) AND (k <= 4498582))
	  ->  Bitmap Index Scan on k_3  (cost=0.00..5.44 rows=101 width=0)
	        Index Cond: ((k >= 4498482) AND (k <= 4498582))

table 4 : explain SELECT k, c FROM sbtest4 WHERE k BETWEEN 4498482 AND 4498582
	Bitmap Heap Scan on sbtest4  (cost=5.51..421.50 rows=105 width=125)
	  Recheck Cond: ((k >= 4498482) AND (k <= 4498582))
	  ->  Bitmap Index Scan on k_4  (cost=0.00..5.48 rows=105 width=0)
	        Index Cond: ((k >= 4498482) AND (k <= 4498582))

table 5 : explain SELECT k, c FROM sbtest5 WHERE k BETWEEN 4498482 AND 4498582
	Bitmap Heap Scan on sbtest5  (cost=5.42..385.97 rows=96 width=125)
	  Recheck Cond: ((k >= 4498482) AND (k <= 4498582))
	  ->  Bitmap Index Scan on k_5  (cost=0.00..5.39 rows=96 width=0)
	        Index Cond: ((k >= 4498482) AND (k <= 4498582))

table 6 : explain SELECT k, c FROM sbtest6 WHERE k BETWEEN 4498482 AND 4498582
	Bitmap Heap Scan on sbtest6  (cost=5.43..389.93 rows=97 width=125)
	  Recheck Cond: ((k >= 4498482) AND (k <= 4498582))
	  ->  Bitmap Index Scan on k_6  (cost=0.00..5.40 rows=97 width=0)
	        Index Cond: ((k >= 4498482) AND (k <= 4498582))

table 7 : explain SELECT k, c FROM sbtest7 WHERE k BETWEEN 4498482 AND 4498582
	Bitmap Heap Scan on sbtest7  (cost=5.61..460.95 rows=115 width=125)
	  Recheck Cond: ((k >= 4498482) AND (k <= 4498582))
	  ->  Bitmap Index Scan on k_7  (cost=0.00..5.58 rows=115 width=0)
	        Index Cond: ((k >= 4498482) AND (k <= 4498582))

table 8 : explain SELECT k, c FROM sbtest8 WHERE k BETWEEN 4498482 AND 4498582
	Bitmap Heap Scan on sbtest8  (cost=5.37..366.24 rows=91 width=125)
	  Recheck Cond: ((k >= 4498482) AND (k <= 4498582))
	  ->  Bitmap Index Scan on k_8  (cost=0.00..5.34 rows=91 width=0)
	        Index Cond: ((k >= 4498482) AND (k <= 4498582))

explain: for range-notcovered :: explain SELECT k, c FROM sbtest%d WHERE k BETWEEN 3939054 AND 3939154
for range-notcovered
table 1 : explain SELECT k, c FROM sbtest1 WHERE k BETWEEN 2695053 AND 2695153
	Bitmap Heap Scan on sbtest1  (cost=5.50..417.33 rows=104 width=125)
	  Recheck Cond: ((k >= 2695053) AND (k <= 2695153))
	  ->  Bitmap Index Scan on k_1  (cost=0.00..5.47 rows=104 width=0)
	        Index Cond: ((k >= 2695053) AND (k <= 2695153))

table 2 : explain SELECT k, c FROM sbtest2 WHERE k BETWEEN 2695053 AND 2695153
	Bitmap Heap Scan on sbtest2  (cost=5.54..433.24 rows=108 width=125)
	  Recheck Cond: ((k >= 2695053) AND (k <= 2695153))
	  ->  Bitmap Index Scan on k_2  (cost=0.00..5.51 rows=108 width=0)
	        Index Cond: ((k >= 2695053) AND (k <= 2695153))

table 3 : explain SELECT k, c FROM sbtest3 WHERE k BETWEEN 2695053 AND 2695153
	Bitmap Heap Scan on sbtest3  (cost=5.42..385.87 rows=96 width=125)
	  Recheck Cond: ((k >= 2695053) AND (k <= 2695153))
	  ->  Bitmap Index Scan on k_3  (cost=0.00..5.39 rows=96 width=0)
	        Index Cond: ((k >= 2695053) AND (k <= 2695153))

table 4 : explain SELECT k, c FROM sbtest4 WHERE k BETWEEN 2695053 AND 2695153
	Bitmap Heap Scan on sbtest4  (cost=5.41..382.03 rows=95 width=125)
	  Recheck Cond: ((k >= 2695053) AND (k <= 2695153))
	  ->  Bitmap Index Scan on k_4  (cost=0.00..5.38 rows=95 width=0)
	        Index Cond: ((k >= 2695053) AND (k <= 2695153))

table 5 : explain SELECT k, c FROM sbtest5 WHERE k BETWEEN 2695053 AND 2695153
	Bitmap Heap Scan on sbtest5  (cost=5.56..441.22 rows=110 width=125)
	  Recheck Cond: ((k >= 2695053) AND (k <= 2695153))
	  ->  Bitmap Index Scan on k_5  (cost=0.00..5.53 rows=110 width=0)
	        Index Cond: ((k >= 2695053) AND (k <= 2695153))

table 6 : explain SELECT k, c FROM sbtest6 WHERE k BETWEEN 2695053 AND 2695153
	Bitmap Heap Scan on sbtest6  (cost=5.51..421.51 rows=105 width=125)
	  Recheck Cond: ((k >= 2695053) AND (k <= 2695153))
	  ->  Bitmap Index Scan on k_6  (cost=0.00..5.48 rows=105 width=0)
	        Index Cond: ((k >= 2695053) AND (k <= 2695153))

table 7 : explain SELECT k, c FROM sbtest7 WHERE k BETWEEN 2695053 AND 2695153
	Bitmap Heap Scan on sbtest7  (cost=5.50..417.57 rows=104 width=125)
	  Recheck Cond: ((k >= 2695053) AND (k <= 2695153))
	  ->  Bitmap Index Scan on k_7  (cost=0.00..5.47 rows=104 width=0)
	        Index Cond: ((k >= 2695053) AND (k <= 2695153))

table 8 : explain SELECT k, c FROM sbtest8 WHERE k BETWEEN 2695053 AND 2695153
	Bitmap Heap Scan on sbtest8  (cost=5.49..413.62 rows=103 width=125)
	  Recheck Cond: ((k >= 2695053) AND (k <= 2695153))
	  ->  Bitmap Index Scan on k_8  (cost=0.00..5.46 rows=103 width=0)
	        Index Cond: ((k >= 2695053) AND (k <= 2695153))

explain: for range-notcovered :: explain SELECT k, c FROM sbtest%d WHERE k BETWEEN 4498482 AND 4498582
explain: for range-notcovered :: explain SELECT k, c FROM sbtest%d WHERE k BETWEEN 4272102 AND 4272202
explain: for range-notcovered :: explain SELECT k, c FROM sbtest%d WHERE k BETWEEN 2695053 AND 2695153
for range-notcovered
table 1 : explain SELECT k, c FROM sbtest1 WHERE k BETWEEN 7698578 AND 7698678
	Bitmap Heap Scan on sbtest1  (cost=5.62..464.61 rows=116 width=125)
	  Recheck Cond: ((k >= 7698578) AND (k <= 7698678))
	  ->  Bitmap Index Scan on k_1  (cost=0.00..5.59 rows=116 width=0)
	        Index Cond: ((k >= 7698578) AND (k <= 7698678))

table 2 : explain SELECT k, c FROM sbtest2 WHERE k BETWEEN 7698578 AND 7698678
	Bitmap Heap Scan on sbtest2  (cost=5.43..389.85 rows=97 width=125)
	  Recheck Cond: ((k >= 7698578) AND (k <= 7698678))
	  ->  Bitmap Index Scan on k_2  (cost=0.00..5.40 rows=97 width=0)
	        Index Cond: ((k >= 7698578) AND (k <= 7698678))

table 3 : explain SELECT k, c FROM sbtest3 WHERE k BETWEEN 7698578 AND 7698678
	Bitmap Heap Scan on sbtest3  (cost=5.46..401.66 rows=100 width=125)
	  Recheck Cond: ((k >= 7698578) AND (k <= 7698678))
	  ->  Bitmap Index Scan on k_3  (cost=0.00..5.43 rows=100 width=0)
	        Index Cond: ((k >= 7698578) AND (k <= 7698678))

table 4 : explain SELECT k, c FROM sbtest4 WHERE k BETWEEN 7698578 AND 7698678
	Bitmap Heap Scan on sbtest4  (cost=5.42..385.97 rows=96 width=125)
	  Recheck Cond: ((k >= 7698578) AND (k <= 7698678))
	  ->  Bitmap Index Scan on k_4  (cost=0.00..5.39 rows=96 width=0)
	        Index Cond: ((k >= 7698578) AND (k <= 7698678))

table 5 : explain SELECT k, c FROM sbtest5 WHERE k BETWEEN 7698578 AND 7698678
	Bitmap Heap Scan on sbtest5  (cost=5.41..382.02 rows=95 width=125)
	  Recheck Cond: ((k >= 7698578) AND (k <= 7698678))
	  ->  Bitmap Index Scan on k_5  (cost=0.00..5.38 rows=95 width=0)
	        Index Cond: ((k >= 7698578) AND (k <= 7698678))

table 6 : explain SELECT k, c FROM sbtest6 WHERE k BETWEEN 7698578 AND 7698678
	Bitmap Heap Scan on sbtest6  (cost=5.47..405.72 rows=101 width=125)
	  Recheck Cond: ((k >= 7698578) AND (k <= 7698678))
	  ->  Bitmap Index Scan on k_6  (cost=0.00..5.44 rows=101 width=0)
	        Index Cond: ((k >= 7698578) AND (k <= 7698678))

table 7 : explain SELECT k, c FROM sbtest7 WHERE k BETWEEN 7698578 AND 7698678
	Bitmap Heap Scan on sbtest7  (cost=5.60..457.01 rows=114 width=125)
	  Recheck Cond: ((k >= 7698578) AND (k <= 7698678))
	  ->  Bitmap Index Scan on k_7  (cost=0.00..5.58 rows=114 width=0)
	        Index Cond: ((k >= 7698578) AND (k <= 7698678))

table 8 : explain SELECT k, c FROM sbtest8 WHERE k BETWEEN 7698578 AND 7698678
	Bitmap Heap Scan on sbtest8  (cost=5.47..405.73 rows=101 width=125)
	  Recheck Cond: ((k >= 7698578) AND (k <= 7698678))
	  ->  Bitmap Index Scan on k_8  (cost=0.00..5.44 rows=101 width=0)
	        Index Cond: ((k >= 7698578) AND (k <= 7698678))

for range-notcovered
table 1 : explain SELECT k, c FROM sbtest1 WHERE k BETWEEN 9821746 AND 9821846
	Bitmap Heap Scan on sbtest1  (cost=5.45..397.61 rows=99 width=125)
	  Recheck Cond: ((k >= 9821746) AND (k <= 9821846))
	  ->  Bitmap Index Scan on k_1  (cost=0.00..5.42 rows=99 width=0)
	        Index Cond: ((k >= 9821746) AND (k <= 9821846))

table 2 : explain SELECT k, c FROM sbtest2 WHERE k BETWEEN 9821746 AND 9821846
	Bitmap Heap Scan on sbtest2  (cost=5.37..366.15 rows=91 width=125)
	  Recheck Cond: ((k >= 9821746) AND (k <= 9821846))
	  ->  Bitmap Index Scan on k_2  (cost=0.00..5.34 rows=91 width=0)
	        Index Cond: ((k >= 9821746) AND (k <= 9821846))

table 3 : explain SELECT k, c FROM sbtest3 WHERE k BETWEEN 9821746 AND 9821846
	Bitmap Heap Scan on sbtest3  (cost=5.58..448.98 rows=112 width=125)
	  Recheck Cond: ((k >= 9821746) AND (k <= 9821846))
	  ->  Bitmap Index Scan on k_3  (cost=0.00..5.55 rows=112 width=0)
	        Index Cond: ((k >= 9821746) AND (k <= 9821846))

table 4 : explain SELECT k, c FROM sbtest4 WHERE k BETWEEN 9821746 AND 9821846
	Bitmap Heap Scan on sbtest4  (cost=5.52..425.44 rows=106 width=125)
	  Recheck Cond: ((k >= 9821746) AND (k <= 9821846))
	  ->  Bitmap Index Scan on k_4  (cost=0.00..5.50 rows=106 width=0)
	        Index Cond: ((k >= 9821746) AND (k <= 9821846))

table 5 : explain SELECT k, c FROM sbtest5 WHERE k BETWEEN 9821746 AND 9821846
	Bitmap Heap Scan on sbtest5  (cost=5.49..413.60 rows=103 width=125)
	  Recheck Cond: ((k >= 9821746) AND (k <= 9821846))
	  ->  Bitmap Index Scan on k_5  (cost=0.00..5.46 rows=103 width=0)
	        Index Cond: ((k >= 9821746) AND (k <= 9821846))

table 6 : explain SELECT k, c FROM sbtest6 WHERE k BETWEEN 9821746 AND 9821846
	Bitmap Heap Scan on sbtest6  (cost=5.37..366.23 rows=91 width=125)
	  Recheck Cond: ((k >= 9821746) AND (k <= 9821846))
	  ->  Bitmap Index Scan on k_6  (cost=0.00..5.34 rows=91 width=0)
	        Index Cond: ((k >= 9821746) AND (k <= 9821846))

table 7 : explain SELECT k, c FROM sbtest7 WHERE k BETWEEN 9821746 AND 9821846
	Bitmap Heap Scan on sbtest7  (cost=5.58..449.13 rows=112 width=125)
	  Recheck Cond: ((k >= 9821746) AND (k <= 9821846))
	  ->  Bitmap Index Scan on k_7  (cost=0.00..5.55 rows=112 width=0)
	        Index Cond: ((k >= 9821746) AND (k <= 9821846))

table 8 : explain SELECT k, c FROM sbtest8 WHERE k BETWEEN 9821746 AND 9821846
	Bitmap Heap Scan on sbtest8  (cost=5.55..437.29 rows=109 width=125)
	  Recheck Cond: ((k >= 9821746) AND (k <= 9821846))
	  ->  Bitmap Index Scan on k_8  (cost=0.00..5.52 rows=109 width=0)
	        Index Cond: ((k >= 9821746) AND (k <= 9821846))

for range-notcovered
table 1 : explain SELECT k, c FROM sbtest1 WHERE k BETWEEN 4439266 AND 4439366
	Bitmap Heap Scan on sbtest1  (cost=5.48..409.44 rows=102 width=125)
	  Recheck Cond: ((k >= 4439266) AND (k <= 4439366))
	  ->  Bitmap Index Scan on k_1  (cost=0.00..5.45 rows=102 width=0)
	        Index Cond: ((k >= 4439266) AND (k <= 4439366))

table 2 : explain SELECT k, c FROM sbtest2 WHERE k BETWEEN 4439266 AND 4439366
	Bitmap Heap Scan on sbtest2  (cost=5.46..401.69 rows=100 width=125)
	  Recheck Cond: ((k >= 4439266) AND (k <= 4439366))
	  ->  Bitmap Index Scan on k_2  (cost=0.00..5.43 rows=100 width=0)
	        Index Cond: ((k >= 4439266) AND (k <= 4439366))

table 3 : explain SELECT k, c FROM sbtest3 WHERE k BETWEEN 4439266 AND 4439366
	Bitmap Heap Scan on sbtest3  (cost=5.53..429.27 rows=107 width=125)
	  Recheck Cond: ((k >= 4439266) AND (k <= 4439366))
	  ->  Bitmap Index Scan on k_3  (cost=0.00..5.50 rows=107 width=0)
	        Index Cond: ((k >= 4439266) AND (k <= 4439366))

table 4 : explain SELECT k, c FROM sbtest4 WHERE k BETWEEN 4439266 AND 4439366
	Bitmap Heap Scan on sbtest4  (cost=5.38..370.18 rows=92 width=125)
	  Recheck Cond: ((k >= 4439266) AND (k <= 4439366))
	  ->  Bitmap Index Scan on k_4  (cost=0.00..5.35 rows=92 width=0)
	        Index Cond: ((k >= 4439266) AND (k <= 4439366))

table 5 : explain SELECT k, c FROM sbtest5 WHERE k BETWEEN 4439266 AND 4439366
	Bitmap Heap Scan on sbtest5  (cost=5.46..401.76 rows=100 width=125)
	  Recheck Cond: ((k >= 4439266) AND (k <= 4439366))
	  ->  Bitmap Index Scan on k_5  (cost=0.00..5.43 rows=100 width=0)
	        Index Cond: ((k >= 4439266) AND (k <= 4439366))

table 6 : explain SELECT k, c FROM sbtest6 WHERE k BETWEEN 4439266 AND 4439366
	Bitmap Heap Scan on sbtest6  (cost=5.58..449.12 rows=112 width=125)
	  Recheck Cond: ((k >= 4439266) AND (k <= 4439366))
	  ->  Bitmap Index Scan on k_6  (cost=0.00..5.55 rows=112 width=0)
	        Index Cond: ((k >= 4439266) AND (k <= 4439366))

table 7 : explain SELECT k, c FROM sbtest7 WHERE k BETWEEN 4439266 AND 4439366
	Bitmap Heap Scan on sbtest7  (cost=5.61..460.95 rows=115 width=125)
	  Recheck Cond: ((k >= 4439266) AND (k <= 4439366))
	  ->  Bitmap Index Scan on k_7  (cost=0.00..5.58 rows=115 width=0)
	        Index Cond: ((k >= 4439266) AND (k <= 4439366))

table 8 : explain SELECT k, c FROM sbtest8 WHERE k BETWEEN 4439266 AND 4439366
	Bitmap Heap Scan on sbtest8  (cost=5.48..409.67 rows=102 width=125)
	  Recheck Cond: ((k >= 4439266) AND (k <= 4439366))
	  ->  Bitmap Index Scan on k_8  (cost=0.00..5.45 rows=102 width=0)
	        Index Cond: ((k >= 4439266) AND (k <= 4439366))

for range-notcovered
table 1 : explain SELECT k, c FROM sbtest1 WHERE k BETWEEN 2565359 AND 2565459
	Bitmap Heap Scan on sbtest1  (cost=5.58..448.86 rows=112 width=125)
	  Recheck Cond: ((k >= 2565359) AND (k <= 2565459))
	  ->  Bitmap Index Scan on k_1  (cost=0.00..5.55 rows=112 width=0)
	        Index Cond: ((k >= 2565359) AND (k <= 2565459))

table 2 : explain SELECT k, c FROM sbtest2 WHERE k BETWEEN 2565359 AND 2565459
	Bitmap Heap Scan on sbtest2  (cost=5.40..378.00 rows=94 width=125)
	  Recheck Cond: ((k >= 2565359) AND (k <= 2565459))
	  ->  Bitmap Index Scan on k_2  (cost=0.00..5.38 rows=94 width=0)
	        Index Cond: ((k >= 2565359) AND (k <= 2565459))

table 3 : explain SELECT k, c FROM sbtest3 WHERE k BETWEEN 2565359 AND 2565459
	Bitmap Heap Scan on sbtest3  (cost=5.50..417.44 rows=104 width=125)
	  Recheck Cond: ((k >= 2565359) AND (k <= 2565459))
	  ->  Bitmap Index Scan on k_3  (cost=0.00..5.47 rows=104 width=0)
	        Index Cond: ((k >= 2565359) AND (k <= 2565459))

table 4 : explain SELECT k, c FROM sbtest4 WHERE k BETWEEN 2565359 AND 2565459
	Bitmap Heap Scan on sbtest4  (cost=5.41..382.03 rows=95 width=125)
	  Recheck Cond: ((k >= 2565359) AND (k <= 2565459))
	  ->  Bitmap Index Scan on k_4  (cost=0.00..5.38 rows=95 width=0)
	        Index Cond: ((k >= 2565359) AND (k <= 2565459))

table 5 : explain SELECT k, c FROM sbtest5 WHERE k BETWEEN 2565359 AND 2565459
	Bitmap Heap Scan on sbtest5  (cost=5.54..433.33 rows=108 width=125)
	  Recheck Cond: ((k >= 2565359) AND (k <= 2565459))
	  ->  Bitmap Index Scan on k_5  (cost=0.00..5.51 rows=108 width=0)
	        Index Cond: ((k >= 2565359) AND (k <= 2565459))

table 6 : explain SELECT k, c FROM sbtest6 WHERE k BETWEEN 2565359 AND 2565459
	Bitmap Heap Scan on sbtest6  (cost=5.50..417.56 rows=104 width=125)
	  Recheck Cond: ((k >= 2565359) AND (k <= 2565459))
	  ->  Bitmap Index Scan on k_6  (cost=0.00..5.47 rows=104 width=0)
	        Index Cond: ((k >= 2565359) AND (k <= 2565459))

table 7 : explain SELECT k, c FROM sbtest7 WHERE k BETWEEN 2565359 AND 2565459
	Bitmap Heap Scan on sbtest7  (cost=5.40..378.09 rows=94 width=125)
	  Recheck Cond: ((k >= 2565359) AND (k <= 2565459))
	  ->  Bitmap Index Scan on k_7  (cost=0.00..5.38 rows=94 width=0)
	        Index Cond: ((k >= 2565359) AND (k <= 2565459))

table 8 : explain SELECT k, c FROM sbtest8 WHERE k BETWEEN 2565359 AND 2565459
	Bitmap Heap Scan on sbtest8  (cost=5.44..393.88 rows=98 width=125)
	  Recheck Cond: ((k >= 2565359) AND (k <= 2565459))
	  ->  Bitmap Index Scan on k_8  (cost=0.00..5.42 rows=98 width=0)
	        Index Cond: ((k >= 2565359) AND (k <= 2565459))

explain: for range-notcovered :: explain SELECT k, c FROM sbtest%d WHERE k BETWEEN 6577215 AND 6577315
explain: for range-notcovered :: explain SELECT k, c FROM sbtest%d WHERE k BETWEEN 7698578 AND 7698678
explain: for range-notcovered :: explain SELECT k, c FROM sbtest%d WHERE k BETWEEN 2565359 AND 2565459
for range-notcovered
table 1 : explain SELECT k, c FROM sbtest1 WHERE k BETWEEN 7351468 AND 7351568
	Bitmap Heap Scan on sbtest1  (cost=5.44..393.67 rows=98 width=125)
	  Recheck Cond: ((k >= 7351468) AND (k <= 7351568))
	  ->  Bitmap Index Scan on k_1  (cost=0.00..5.42 rows=98 width=0)
	        Index Cond: ((k >= 7351468) AND (k <= 7351568))

table 2 : explain SELECT k, c FROM sbtest2 WHERE k BETWEEN 7351468 AND 7351568
	Bitmap Heap Scan on sbtest2  (cost=5.39..374.05 rows=93 width=125)
	  Recheck Cond: ((k >= 7351468) AND (k <= 7351568))
	  ->  Bitmap Index Scan on k_2  (cost=0.00..5.36 rows=93 width=0)
	        Index Cond: ((k >= 7351468) AND (k <= 7351568))

table 3 : explain SELECT k, c FROM sbtest3 WHERE k BETWEEN 7351468 AND 7351568
	Bitmap Heap Scan on sbtest3  (cost=5.51..421.38 rows=105 width=125)
	  Recheck Cond: ((k >= 7351468) AND (k <= 7351568))
	  ->  Bitmap Index Scan on k_3  (cost=0.00..5.48 rows=105 width=0)
	        Index Cond: ((k >= 7351468) AND (k <= 7351568))

table 4 : explain SELECT k, c FROM sbtest4 WHERE k BETWEEN 7351468 AND 7351568
	Bitmap Heap Scan on sbtest4  (cost=5.46..401.77 rows=100 width=125)
	  Recheck Cond: ((k >= 7351468) AND (k <= 7351568))
	  ->  Bitmap Index Scan on k_4  (cost=0.00..5.43 rows=100 width=0)
	        Index Cond: ((k >= 7351468) AND (k <= 7351568))

table 5 : explain SELECT k, c FROM sbtest5 WHERE k BETWEEN 7351468 AND 7351568
	Bitmap Heap Scan on sbtest5  (cost=5.64..472.75 rows=118 width=125)
	  Recheck Cond: ((k >= 7351468) AND (k <= 7351568))
	  ->  Bitmap Index Scan on k_5  (cost=0.00..5.61 rows=118 width=0)
	        Index Cond: ((k >= 7351468) AND (k <= 7351568))

table 6 : explain SELECT k, c FROM sbtest6 WHERE k BETWEEN 7351468 AND 7351568
	Bitmap Heap Scan on sbtest6  (cost=5.61..460.95 rows=115 width=125)
	  Recheck Cond: ((k >= 7351468) AND (k <= 7351568))
	  ->  Bitmap Index Scan on k_6  (cost=0.00..5.58 rows=115 width=0)
	        Index Cond: ((k >= 7351468) AND (k <= 7351568))

table 7 : explain SELECT k, c FROM sbtest7 WHERE k BETWEEN 7351468 AND 7351568
	Bitmap Heap Scan on sbtest7  (cost=5.45..397.83 rows=99 width=125)
	  Recheck Cond: ((k >= 7351468) AND (k <= 7351568))
	  ->  Bitmap Index Scan on k_7  (cost=0.00..5.42 rows=99 width=0)
	        Index Cond: ((k >= 7351468) AND (k <= 7351568))

table 8 : explain SELECT k, c FROM sbtest8 WHERE k BETWEEN 7351468 AND 7351568
	Bitmap Heap Scan on sbtest8  (cost=5.57..445.18 rows=111 width=125)
	  Recheck Cond: ((k >= 7351468) AND (k <= 7351568))
	  ->  Bitmap Index Scan on k_8  (cost=0.00..5.54 rows=111 width=0)
	        Index Cond: ((k >= 7351468) AND (k <= 7351568))

for range-notcovered
table 1 : explain SELECT k, c FROM sbtest1 WHERE k BETWEEN 1465057 AND 1465157
	Bitmap Heap Scan on sbtest1  (cost=5.46..401.56 rows=100 width=125)
	  Recheck Cond: ((k >= 1465057) AND (k <= 1465157))
	  ->  Bitmap Index Scan on k_1  (cost=0.00..5.43 rows=100 width=0)
	        Index Cond: ((k >= 1465057) AND (k <= 1465157))

table 2 : explain SELECT k, c FROM sbtest2 WHERE k BETWEEN 1465057 AND 1465157
	Bitmap Heap Scan on sbtest2  (cost=5.44..393.79 rows=98 width=125)
	  Recheck Cond: ((k >= 1465057) AND (k <= 1465157))
	  ->  Bitmap Index Scan on k_2  (cost=0.00..5.42 rows=98 width=0)
	        Index Cond: ((k >= 1465057) AND (k <= 1465157))

table 3 : explain SELECT k, c FROM sbtest3 WHERE k BETWEEN 1465057 AND 1465157
	Bitmap Heap Scan on sbtest3  (cost=5.38..370.08 rows=92 width=125)
	  Recheck Cond: ((k >= 1465057) AND (k <= 1465157))
	  ->  Bitmap Index Scan on k_3  (cost=0.00..5.35 rows=92 width=0)
	        Index Cond: ((k >= 1465057) AND (k <= 1465157))

table 4 : explain SELECT k, c FROM sbtest4 WHERE k BETWEEN 1465057 AND 1465157
	Bitmap Heap Scan on sbtest4  (cost=5.44..393.87 rows=98 width=125)
	  Recheck Cond: ((k >= 1465057) AND (k <= 1465157))
	  ->  Bitmap Index Scan on k_4  (cost=0.00..5.42 rows=98 width=0)
	        Index Cond: ((k >= 1465057) AND (k <= 1465157))

table 5 : explain SELECT k, c FROM sbtest5 WHERE k BETWEEN 1465057 AND 1465157
	Bitmap Heap Scan on sbtest5  (cost=5.47..405.71 rows=101 width=125)
	  Recheck Cond: ((k >= 1465057) AND (k <= 1465157))
	  ->  Bitmap Index Scan on k_5  (cost=0.00..5.44 rows=101 width=0)
	        Index Cond: ((k >= 1465057) AND (k <= 1465157))

table 6 : explain SELECT k, c FROM sbtest6 WHERE k BETWEEN 1465057 AND 1465157
	Bitmap Heap Scan on sbtest6  (cost=5.47..405.72 rows=101 width=125)
	  Recheck Cond: ((k >= 1465057) AND (k <= 1465157))
	  ->  Bitmap Index Scan on k_6  (cost=0.00..5.44 rows=101 width=0)
	        Index Cond: ((k >= 1465057) AND (k <= 1465157))

table 7 : explain SELECT k, c FROM sbtest7 WHERE k BETWEEN 1465057 AND 1465157
	Bitmap Heap Scan on sbtest7  (cost=5.56..441.24 rows=110 width=125)
	  Recheck Cond: ((k >= 1465057) AND (k <= 1465157))
	  ->  Bitmap Index Scan on k_7  (cost=0.00..5.53 rows=110 width=0)
	        Index Cond: ((k >= 1465057) AND (k <= 1465157))

table 8 : explain SELECT k, c FROM sbtest8 WHERE k BETWEEN 1465057 AND 1465157
	Bitmap Heap Scan on sbtest8  (cost=5.49..413.62 rows=103 width=125)
	  Recheck Cond: ((k >= 1465057) AND (k <= 1465157))
	  ->  Bitmap Index Scan on k_8  (cost=0.00..5.46 rows=103 width=0)
	        Index Cond: ((k >= 1465057) AND (k <= 1465157))

explain: for range-notcovered :: explain SELECT k, c FROM sbtest%d WHERE k BETWEEN 2911271 AND 2911371for range-notcovered
table 1 : explain SELECT k, c FROM sbtest1 WHERE k BETWEEN 7854149 AND 7854249
	Bitmap Heap Scan on sbtest1  (cost=5.59..452.80 rows=113 width=125)
	  Recheck Cond: ((k >= 7854149) AND (k <= 7854249))
	  ->  Bitmap Index Scan on k_1  (cost=0.00..5.56 rows=113 width=0)
	        Index Cond: ((k >= 7854149) AND (k <= 7854249))

table 2 : explain SELECT k, c FROM sbtest2 WHERE k BETWEEN 7854149 AND 7854249
	Bitmap Heap Scan on sbtest2  (cost=5.49..413.52 rows=103 width=125)
	  Recheck Cond: ((k >= 7854149) AND (k <= 7854249))
	  ->  Bitmap Index Scan on k_2  (cost=0.00..5.46 rows=103 width=0)
	        Index Cond: ((k >= 7854149) AND (k <= 7854249))

table 3 : explain SELECT k, c FROM sbtest3 WHERE k BETWEEN 7854149 AND 7854249
	Bitmap Heap Scan on sbtest3  (cost=5.40..377.98 rows=94 width=125)
	  Recheck Cond: ((k >= 7854149) AND (k <= 7854249))
	  ->  Bitmap Index Scan on k_3  (cost=0.00..5.38 rows=94 width=0)
	        Index Cond: ((k >= 7854149) AND (k <= 7854249))

table 4 : explain SELECT k, c FROM sbtest4 WHERE k BETWEEN 7854149 AND 7854249
	Bitmap Heap Scan on sbtest4  (cost=5.41..382.03 rows=95 width=125)
	  Recheck Cond: ((k >= 7854149) AND (k <= 7854249))
	  ->  Bitmap Index Scan on k_4  (cost=0.00..5.38 rows=95 width=0)
	        Index Cond: ((k >= 7854149) AND (k <= 7854249))

table 5 : explain SELECT k, c FROM sbtest5 WHERE k BETWEEN 7854149 AND 7854249
	Bitmap Heap Scan on sbtest5  (cost=5.54..433.33 rows=108 width=125)
	  Recheck Cond: ((k >= 7854149) AND (k <= 7854249))
	  ->  Bitmap Index Scan on k_5  (cost=0.00..5.51 rows=108 width=0)
	        Index Cond: ((k >= 7854149) AND (k <= 7854249))

table 6 : explain SELECT k, c FROM sbtest6 WHERE k BETWEEN 7854149 AND 7854249
	Bitmap Heap Scan on sbtest6  (cost=5.50..417.56 rows=104 width=125)
	  Recheck Cond: ((k >= 7854149) AND (k <= 7854249))
	  ->  Bitmap Index Scan on k_6  (cost=0.00..5.47 rows=104 width=0)
	        Index Cond: ((k >= 7854149) AND (k <= 7854249))

table 7 : explain SELECT k, c FROM sbtest7 WHERE k BETWEEN 7854149 AND 7854249
	Bitmap Heap Scan on sbtest7  (cost=5.40..378.09 rows=94 width=125)
	  Recheck Cond: ((k >= 7854149) AND (k <= 7854249))
	  ->  Bitmap Index Scan on k_7  (cost=0.00..5.38 rows=94 width=0)
	        Index Cond: ((k >= 7854149) AND (k <= 7854249))

table 8 : explain SELECT k, c FROM sbtest8 WHERE k BETWEEN 7854149 AND 7854249
	Bitmap Heap Scan on sbtest8  (cost=5.50..417.57 rows=104 width=125)
	  Recheck Cond: ((k >= 7854149) AND (k <= 7854249))
	  ->  Bitmap Index Scan on k_8  (cost=0.00..5.47 rows=104 width=0)
	        Index Cond: ((k >= 7854149) AND (k <= 7854249))


for range-notcovered
table 1 : explain SELECT k, c FROM sbtest1 WHERE k BETWEEN 1543373 AND 1543473
	Bitmap Heap Scan on sbtest1  (cost=5.55..437.04 rows=109 width=125)
	  Recheck Cond: ((k >= 1543373) AND (k <= 1543473))
	  ->  Bitmap Index Scan on k_1  (cost=0.00..5.52 rows=109 width=0)
	        Index Cond: ((k >= 1543373) AND (k <= 1543473))

table 2 : explain SELECT k, c FROM sbtest2 WHERE k BETWEEN 1543373 AND 1543473
	Bitmap Heap Scan on sbtest2  (cost=5.41..381.95 rows=95 width=125)
	  Recheck Cond: ((k >= 1543373) AND (k <= 1543473))
	  ->  Bitmap Index Scan on k_2  (cost=0.00..5.38 rows=95 width=0)
	        Index Cond: ((k >= 1543373) AND (k <= 1543473))

table 3 : explain SELECT k, c FROM sbtest3 WHERE k BETWEEN 1543373 AND 1543473
	Bitmap Heap Scan on sbtest3  (cost=5.41..381.92 rows=95 width=125)
	  Recheck Cond: ((k >= 1543373) AND (k <= 1543473))
	  ->  Bitmap Index Scan on k_3  (cost=0.00..5.38 rows=95 width=0)
	        Index Cond: ((k >= 1543373) AND (k <= 1543473))

table 4 : explain SELECT k, c FROM sbtest4 WHERE k BETWEEN 1543373 AND 1543473
	Bitmap Heap Scan on sbtest4  (cost=5.44..393.87 rows=98 width=125)
	  Recheck Cond: ((k >= 1543373) AND (k <= 1543473))
	  ->  Bitmap Index Scan on k_4  (cost=0.00..5.42 rows=98 width=0)
	        Index Cond: ((k >= 1543373) AND (k <= 1543473))

table 5 : explain SELECT k, c FROM sbtest5 WHERE k BETWEEN 1543373 AND 1543473
	Bitmap Heap Scan on sbtest5  (cost=5.45..397.81 rows=99 width=125)
	  Recheck Cond: ((k >= 1543373) AND (k <= 1543473))
	  ->  Bitmap Index Scan on k_5  (cost=0.00..5.42 rows=99 width=0)
	        Index Cond: ((k >= 1543373) AND (k <= 1543473))

table 6 : explain SELECT k, c FROM sbtest6 WHERE k BETWEEN 1543373 AND 1543473
	Bitmap Heap Scan on sbtest6  (cost=5.52..425.45 rows=106 width=125)
	  Recheck Cond: ((k >= 1543373) AND (k <= 1543473))
	  ->  Bitmap Index Scan on k_6  (cost=0.00..5.50 rows=106 width=0)
	        Index Cond: ((k >= 1543373) AND (k <= 1543473))

table 7 : explain SELECT k, c FROM sbtest7 WHERE k BETWEEN 1543373 AND 1543473
	Bitmap Heap Scan on sbtest7  (cost=5.41..382.04 rows=95 width=125)
	  Recheck Cond: ((k >= 1543373) AND (k <= 1543473))
	  ->  Bitmap Index Scan on k_7  (cost=0.00..5.38 rows=95 width=0)
	        Index Cond: ((k >= 1543373) AND (k <= 1543473))

table 8 : explain SELECT k, c FROM sbtest8 WHERE k BETWEEN 1543373 AND 1543473
	Bitmap Heap Scan on sbtest8  (cost=5.57..445.18 rows=111 width=125)
	  Recheck Cond: ((k >= 1543373) AND (k <= 1543473))
	  ->  Bitmap Index Scan on k_8  (cost=0.00..5.54 rows=111 width=0)
	        Index Cond: ((k >= 1543373) AND (k <= 1543473))

explain: for range-notcovered :: explain SELECT k, c FROM sbtest%d WHERE k BETWEEN 1465057 AND 1465157
for range-notcovered
table 1 : explain SELECT k, c FROM sbtest1 WHERE k BETWEEN 7365155 AND 7365255
	Bitmap Heap Scan on sbtest1  (cost=5.44..393.67 rows=98 width=125)
	  Recheck Cond: ((k >= 7365155) AND (k <= 7365255))
	  ->  Bitmap Index Scan on k_1  (cost=0.00..5.42 rows=98 width=0)
	        Index Cond: ((k >= 7365155) AND (k <= 7365255))

table 2 : explain SELECT k, c FROM sbtest2 WHERE k BETWEEN 7365155 AND 7365255
	Bitmap Heap Scan on sbtest2  (cost=5.39..374.05 rows=93 width=125)
	  Recheck Cond: ((k >= 7365155) AND (k <= 7365255))
	  ->  Bitmap Index Scan on k_2  (cost=0.00..5.36 rows=93 width=0)
	        Index Cond: ((k >= 7365155) AND (k <= 7365255))

table 3 : explain SELECT k, c FROM sbtest3 WHERE k BETWEEN 7365155 AND 7365255
	Bitmap Heap Scan on sbtest3  (cost=5.51..421.38 rows=105 width=125)
	  Recheck Cond: ((k >= 7365155) AND (k <= 7365255))
	  ->  Bitmap Index Scan on k_3  (cost=0.00..5.48 rows=105 width=0)
	        Index Cond: ((k >= 7365155) AND (k <= 7365255))

table 4 : explain SELECT k, c FROM sbtest4 WHERE k BETWEEN 7365155 AND 7365255
	Bitmap Heap Scan on sbtest4  (cost=5.46..401.77 rows=100 width=125)
	  Recheck Cond: ((k >= 7365155) AND (k <= 7365255))
	  ->  Bitmap Index Scan on k_4  (cost=0.00..5.43 rows=100 width=0)
	        Index Cond: ((k >= 7365155) AND (k <= 7365255))

table 5 : explain SELECT k, c FROM sbtest5 WHERE k BETWEEN 7365155 AND 7365255
	Bitmap Heap Scan on sbtest5  (cost=5.64..472.75 rows=118 width=125)
	  Recheck Cond: ((k >= 7365155) AND (k <= 7365255))
	  ->  Bitmap Index Scan on k_5  (cost=0.00..5.61 rows=118 width=0)
	        Index Cond: ((k >= 7365155) AND (k <= 7365255))

table 6 : explain SELECT k, c FROM sbtest6 WHERE k BETWEEN 7365155 AND 7365255
	Bitmap Heap Scan on sbtest6  (cost=5.61..460.95 rows=115 width=125)
	  Recheck Cond: ((k >= 7365155) AND (k <= 7365255))
	  ->  Bitmap Index Scan on k_6  (cost=0.00..5.58 rows=115 width=0)
	        Index Cond: ((k >= 7365155) AND (k <= 7365255))

table 7 : explain SELECT k, c FROM sbtest7 WHERE k BETWEEN 7365155 AND 7365255
	Bitmap Heap Scan on sbtest7  (cost=5.45..397.83 rows=99 width=125)
	  Recheck Cond: ((k >= 7365155) AND (k <= 7365255))
	  ->  Bitmap Index Scan on k_7  (cost=0.00..5.42 rows=99 width=0)
	        Index Cond: ((k >= 7365155) AND (k <= 7365255))

table 8 : explain SELECT k, c FROM sbtest8 WHERE k BETWEEN 7365155 AND 7365255
	Bitmap Heap Scan on sbtest8  (cost=5.57..445.18 rows=111 width=125)
	  Recheck Cond: ((k >= 7365155) AND (k <= 7365255))
	  ->  Bitmap Index Scan on k_8  (cost=0.00..5.54 rows=111 width=0)
	        Index Cond: ((k >= 7365155) AND (k <= 7365255))

explain: for range-notcovered :: explain SELECT k, c FROM sbtest%d WHERE k BETWEEN 1543373 AND 1543473
explain: for range-notcovered :: explain SELECT k, c FROM sbtest%d WHERE k BETWEEN 9821746 AND 9821846
explain: for range-notcovered :: explain SELECT k, c FROM sbtest%d WHERE k BETWEEN 4439266 AND 4439366
for range-notcovered
table 1 : explain SELECT k, c FROM sbtest1 WHERE k BETWEEN 2695053 AND 2695153
	Bitmap Heap Scan on sbtest1  (cost=5.50..417.33 rows=104 width=125)
	  Recheck Cond: ((k >= 2695053) AND (k <= 2695153))
	  ->  Bitmap Index Scan on k_1  (cost=0.00..5.47 rows=104 width=0)
	        Index Cond: ((k >= 2695053) AND (k <= 2695153))

table 2 : explain SELECT k, c FROM sbtest2 WHERE k BETWEEN 2695053 AND 2695153
	Bitmap Heap Scan on sbtest2  (cost=5.54..433.24 rows=108 width=125)
	  Recheck Cond: ((k >= 2695053) AND (k <= 2695153))
	  ->  Bitmap Index Scan on k_2  (cost=0.00..5.51 rows=108 width=0)
	        Index Cond: ((k >= 2695053) AND (k <= 2695153))

table 3 : explain SELECT k, c FROM sbtest3 WHERE k BETWEEN 2695053 AND 2695153
	Bitmap Heap Scan on sbtest3  (cost=5.42..385.87 rows=96 width=125)
	  Recheck Cond: ((k >= 2695053) AND (k <= 2695153))
	  ->  Bitmap Index Scan on k_3  (cost=0.00..5.39 rows=96 width=0)
	        Index Cond: ((k >= 2695053) AND (k <= 2695153))

table 4 : explain SELECT k, c FROM sbtest4 WHERE k BETWEEN 2695053 AND 2695153
	Bitmap Heap Scan on sbtest4  (cost=5.41..382.03 rows=95 width=125)
	  Recheck Cond: ((k >= 2695053) AND (k <= 2695153))
	  ->  Bitmap Index Scan on k_4  (cost=0.00..5.38 rows=95 width=0)
	        Index Cond: ((k >= 2695053) AND (k <= 2695153))

table 5 : explain SELECT k, c FROM sbtest5 WHERE k BETWEEN 2695053 AND 2695153
	Bitmap Heap Scan on sbtest5  (cost=5.56..441.22 rows=110 width=125)
	  Recheck Cond: ((k >= 2695053) AND (k <= 2695153))
	  ->  Bitmap Index Scan on k_5  (cost=0.00..5.53 rows=110 width=0)
	        Index Cond: ((k >= 2695053) AND (k <= 2695153))

table 6 : explain SELECT k, c FROM sbtest6 WHERE k BETWEEN 2695053 AND 2695153
	Bitmap Heap Scan on sbtest6  (cost=5.51..421.51 rows=105 width=125)
	  Recheck Cond: ((k >= 2695053) AND (k <= 2695153))
	  ->  Bitmap Index Scan on k_6  (cost=0.00..5.48 rows=105 width=0)
	        Index Cond: ((k >= 2695053) AND (k <= 2695153))

table 7 : explain SELECT k, c FROM sbtest7 WHERE k BETWEEN 2695053 AND 2695153
	Bitmap Heap Scan on sbtest7  (cost=5.50..417.57 rows=104 width=125)
	  Recheck Cond: ((k >= 2695053) AND (k <= 2695153))
	  ->  Bitmap Index Scan on k_7  (cost=0.00..5.47 rows=104 width=0)
	        Index Cond: ((k >= 2695053) AND (k <= 2695153))

table 8 : explain SELECT k, c FROM sbtest8 WHERE k BETWEEN 2695053 AND 2695153
	Bitmap Heap Scan on sbtest8  (cost=5.49..413.62 rows=103 width=125)
	  Recheck Cond: ((k >= 2695053) AND (k <= 2695153))
	  ->  Bitmap Index Scan on k_8  (cost=0.00..5.46 rows=103 width=0)
	        Index Cond: ((k >= 2695053) AND (k <= 2695153))

for range-notcovered
table 1 : explain SELECT k, c FROM sbtest1 WHERE k BETWEEN 1597552 AND 1597652
	Bitmap Heap Scan on sbtest1  (cost=5.38..369.99 rows=92 width=125)
	  Recheck Cond: ((k >= 1597552) AND (k <= 1597652))
	  ->  Bitmap Index Scan on k_1  (cost=0.00..5.35 rows=92 width=0)
	        Index Cond: ((k >= 1597552) AND (k <= 1597652))

table 2 : explain SELECT k, c FROM sbtest2 WHERE k BETWEEN 1597552 AND 1597652
	Bitmap Heap Scan on sbtest2  (cost=5.41..381.95 rows=95 width=125)
	  Recheck Cond: ((k >= 1597552) AND (k <= 1597652))
	  ->  Bitmap Index Scan on k_2  (cost=0.00..5.38 rows=95 width=0)
	        Index Cond: ((k >= 1597552) AND (k <= 1597652))

table 3 : explain SELECT k, c FROM sbtest3 WHERE k BETWEEN 1597552 AND 1597652
	Bitmap Heap Scan on sbtest3  (cost=5.57..445.04 rows=111 width=125)
	  Recheck Cond: ((k >= 1597552) AND (k <= 1597652))
	  ->  Bitmap Index Scan on k_3  (cost=0.00..5.54 rows=111 width=0)
	        Index Cond: ((k >= 1597552) AND (k <= 1597652))

table 4 : explain SELECT k, c FROM sbtest4 WHERE k BETWEEN 1597552 AND 1597652
	Bitmap Heap Scan on sbtest4  (cost=5.48..409.66 rows=102 width=125)
	  Recheck Cond: ((k >= 1597552) AND (k <= 1597652))
	  ->  Bitmap Index Scan on k_4  (cost=0.00..5.45 rows=102 width=0)
	        Index Cond: ((k >= 1597552) AND (k <= 1597652))

table 5 : explain SELECT k, c FROM sbtest5 WHERE k BETWEEN 1597552 AND 1597652
	Bitmap Heap Scan on sbtest5  (cost=5.45..397.81 rows=99 width=125)
	  Recheck Cond: ((k >= 1597552) AND (k <= 1597652))
	  ->  Bitmap Index Scan on k_5  (cost=0.00..5.42 rows=99 width=0)
	        Index Cond: ((k >= 1597552) AND (k <= 1597652))

table 6 : explain SELECT k, c FROM sbtest6 WHERE k BETWEEN 1597552 AND 1597652
	Bitmap Heap Scan on sbtest6  (cost=5.52..425.45 rows=106 width=125)
	  Recheck Cond: ((k >= 1597552) AND (k <= 1597652))
	  ->  Bitmap Index Scan on k_6  (cost=0.00..5.50 rows=106 width=0)
	        Index Cond: ((k >= 1597552) AND (k <= 1597652))

table 7 : explain SELECT k, c FROM sbtest7 WHERE k BETWEEN 1597552 AND 1597652
	Bitmap Heap Scan on sbtest7  (cost=5.45..397.83 rows=99 width=125)
	  Recheck Cond: ((k >= 1597552) AND (k <= 1597652))
	  ->  Bitmap Index Scan on k_7  (cost=0.00..5.42 rows=99 width=0)
	        Index Cond: ((k >= 1597552) AND (k <= 1597652))

table 8 : explain SELECT k, c FROM sbtest8 WHERE k BETWEEN 1597552 AND 1597652
	Bitmap Heap Scan on sbtest8  (cost=5.46..401.78 rows=100 width=125)
	  Recheck Cond: ((k >= 1597552) AND (k <= 1597652))
	  ->  Bitmap Index Scan on k_8  (cost=0.00..5.43 rows=100 width=0)
	        Index Cond: ((k >= 1597552) AND (k <= 1597652))

for range-notcovered
table 1 : explain SELECT k, c FROM sbtest1 WHERE k BETWEEN 4498482 AND 4498582
	Bitmap Heap Scan on sbtest1  (cost=5.48..409.44 rows=102 width=125)
	  Recheck Cond: ((k >= 4498482) AND (k <= 4498582))
	  ->  Bitmap Index Scan on k_1  (cost=0.00..5.45 rows=102 width=0)
	        Index Cond: ((k >= 4498482) AND (k <= 4498582))

table 2 : explain SELECT k, c FROM sbtest2 WHERE k BETWEEN 4498482 AND 4498582
	Bitmap Heap Scan on sbtest2  (cost=5.46..401.69 rows=100 width=125)
	  Recheck Cond: ((k >= 4498482) AND (k <= 4498582))
	  ->  Bitmap Index Scan on k_2  (cost=0.00..5.43 rows=100 width=0)
	        Index Cond: ((k >= 4498482) AND (k <= 4498582))

table 3 : explain SELECT k, c FROM sbtest3 WHERE k BETWEEN 4498482 AND 4498582
	Bitmap Heap Scan on sbtest3  (cost=5.47..405.60 rows=101 width=125)
	  Recheck Cond: ((k >= 4498482) AND (k <= 4498582))
	  ->  Bitmap Index Scan on k_3  (cost=0.00..5.44 rows=101 width=0)
	        Index Cond: ((k >= 4498482) AND (k <= 4498582))

table 4 : explain SELECT k, c FROM sbtest4 WHERE k BETWEEN 4498482 AND 4498582
	Bitmap Heap Scan on sbtest4  (cost=5.51..421.50 rows=105 width=125)
	  Recheck Cond: ((k >= 4498482) AND (k <= 4498582))
	  ->  Bitmap Index Scan on k_4  (cost=0.00..5.48 rows=105 width=0)
	        Index Cond: ((k >= 4498482) AND (k <= 4498582))

table 5 : explain SELECT k, c FROM sbtest5 WHERE k BETWEEN 4498482 AND 4498582
	Bitmap Heap Scan on sbtest5  (cost=5.42..385.97 rows=96 width=125)
	  Recheck Cond: ((k >= 4498482) AND (k <= 4498582))
	  ->  Bitmap Index Scan on k_5  (cost=0.00..5.39 rows=96 width=0)
	        Index Cond: ((k >= 4498482) AND (k <= 4498582))

table 6 : explain SELECT k, c FROM sbtest6 WHERE k BETWEEN 4498482 AND 4498582
	Bitmap Heap Scan on sbtest6  (cost=5.43..389.93 rows=97 width=125)
	  Recheck Cond: ((k >= 4498482) AND (k <= 4498582))
	  ->  Bitmap Index Scan on k_6  (cost=0.00..5.40 rows=97 width=0)
	        Index Cond: ((k >= 4498482) AND (k <= 4498582))

table 7 : explain SELECT k, c FROM sbtest7 WHERE k BETWEEN 4498482 AND 4498582
	Bitmap Heap Scan on sbtest7  (cost=5.61..460.95 rows=115 width=125)
	  Recheck Cond: ((k >= 4498482) AND (k <= 4498582))
	  ->  Bitmap Index Scan on k_7  (cost=0.00..5.58 rows=115 width=0)
	        Index Cond: ((k >= 4498482) AND (k <= 4498582))

table 8 : explain SELECT k, c FROM sbtest8 WHERE k BETWEEN 4498482 AND 4498582
	Bitmap Heap Scan on sbtest8  (cost=5.37..366.24 rows=91 width=125)
	  Recheck Cond: ((k >= 4498482) AND (k <= 4498582))
	  ->  Bitmap Index Scan on k_8  (cost=0.00..5.34 rows=91 width=0)
	        Index Cond: ((k >= 4498482) AND (k <= 4498582))

for range-notcovered
table 1 : explain SELECT k, c FROM sbtest1 WHERE k BETWEEN 1950720 AND 1950820
	Bitmap Heap Scan on sbtest1  (cost=5.43..389.72 rows=97 width=125)
	  Recheck Cond: ((k >= 1950720) AND (k <= 1950820))
	  ->  Bitmap Index Scan on k_1  (cost=0.00..5.40 rows=97 width=0)
	        Index Cond: ((k >= 1950720) AND (k <= 1950820))

table 2 : explain SELECT k, c FROM sbtest2 WHERE k BETWEEN 1950720 AND 1950820
	Bitmap Heap Scan on sbtest2  (cost=5.53..429.30 rows=107 width=125)
	  Recheck Cond: ((k >= 1950720) AND (k <= 1950820))
	  ->  Bitmap Index Scan on k_2  (cost=0.00..5.50 rows=107 width=0)
	        Index Cond: ((k >= 1950720) AND (k <= 1950820))

table 3 : explain SELECT k, c FROM sbtest3 WHERE k BETWEEN 1950720 AND 1950820
	Bitmap Heap Scan on sbtest3  (cost=5.61..460.80 rows=115 width=125)
	  Recheck Cond: ((k >= 1950720) AND (k <= 1950820))
	  ->  Bitmap Index Scan on k_3  (cost=0.00..5.58 rows=115 width=0)
	        Index Cond: ((k >= 1950720) AND (k <= 1950820))

table 4 : explain SELECT k, c FROM sbtest4 WHERE k BETWEEN 1950720 AND 1950820
	Bitmap Heap Scan on sbtest4  (cost=5.45..397.82 rows=99 width=125)
	  Recheck Cond: ((k >= 1950720) AND (k <= 1950820))
	  ->  Bitmap Index Scan on k_4  (cost=0.00..5.42 rows=99 width=0)
	        Index Cond: ((k >= 1950720) AND (k <= 1950820))

table 5 : explain SELECT k, c FROM sbtest5 WHERE k BETWEEN 1950720 AND 1950820
	Bitmap Heap Scan on sbtest5  (cost=5.63..468.81 rows=117 width=125)
	  Recheck Cond: ((k >= 1950720) AND (k <= 1950820))
	  ->  Bitmap Index Scan on k_5  (cost=0.00..5.60 rows=117 width=0)
	        Index Cond: ((k >= 1950720) AND (k <= 1950820))

table 6 : explain SELECT k, c FROM sbtest6 WHERE k BETWEEN 1950720 AND 1950820
	Bitmap Heap Scan on sbtest6  (cost=5.49..413.62 rows=103 width=125)
	  Recheck Cond: ((k >= 1950720) AND (k <= 1950820))
	  ->  Bitmap Index Scan on k_6  (cost=0.00..5.46 rows=103 width=0)
	        Index Cond: ((k >= 1950720) AND (k <= 1950820))

table 7 : explain SELECT k, c FROM sbtest7 WHERE k BETWEEN 1950720 AND 1950820
	Bitmap Heap Scan on sbtest7  (cost=5.38..370.19 rows=92 width=125)
	  Recheck Cond: ((k >= 1950720) AND (k <= 1950820))
	  ->  Bitmap Index Scan on k_7  (cost=0.00..5.35 rows=92 width=0)
	        Index Cond: ((k >= 1950720) AND (k <= 1950820))

table 8 : explain SELECT k, c FROM sbtest8 WHERE k BETWEEN 1950720 AND 1950820
	Bitmap Heap Scan on sbtest8  (cost=5.44..393.88 rows=98 width=125)
	  Recheck Cond: ((k >= 1950720) AND (k <= 1950820))
	  ->  Bitmap Index Scan on k_8  (cost=0.00..5.42 rows=98 width=0)
	        Index Cond: ((k >= 1950720) AND (k <= 1950820))

for range-notcovered
table 1 : explain SELECT k, c FROM sbtest1 WHERE k BETWEEN 3865322 AND 3865422
	Bitmap Heap Scan on sbtest1  (cost=5.41..381.83 rows=95 width=125)
	  Recheck Cond: ((k >= 3865322) AND (k <= 3865422))
	  ->  Bitmap Index Scan on k_1  (cost=0.00..5.38 rows=95 width=0)
	        Index Cond: ((k >= 3865322) AND (k <= 3865422))

table 2 : explain SELECT k, c FROM sbtest2 WHERE k BETWEEN 3865322 AND 3865422
	Bitmap Heap Scan on sbtest2  (cost=5.48..409.58 rows=102 width=125)
	  Recheck Cond: ((k >= 3865322) AND (k <= 3865422))
	  ->  Bitmap Index Scan on k_2  (cost=0.00..5.45 rows=102 width=0)
	        Index Cond: ((k >= 3865322) AND (k <= 3865422))

table 3 : explain SELECT k, c FROM sbtest3 WHERE k BETWEEN 3865322 AND 3865422
	Bitmap Heap Scan on sbtest3  (cost=5.58..448.98 rows=112 width=125)
	  Recheck Cond: ((k >= 3865322) AND (k <= 3865422))
	  ->  Bitmap Index Scan on k_3  (cost=0.00..5.55 rows=112 width=0)
	        Index Cond: ((k >= 3865322) AND (k <= 3865422))

table 4 : explain SELECT k, c FROM sbtest4 WHERE k BETWEEN 3865322 AND 3865422
	Bitmap Heap Scan on sbtest4  (cost=5.53..429.39 rows=107 width=125)
	  Recheck Cond: ((k >= 3865322) AND (k <= 3865422))
	  ->  Bitmap Index Scan on k_4  (cost=0.00..5.50 rows=107 width=0)
	        Index Cond: ((k >= 3865322) AND (k <= 3865422))

table 5 : explain SELECT k, c FROM sbtest5 WHERE k BETWEEN 3865322 AND 3865422
	Bitmap Heap Scan on sbtest5  (cost=5.51..421.49 rows=105 width=125)
	  Recheck Cond: ((k >= 3865322) AND (k <= 3865422))
	  ->  Bitmap Index Scan on k_5  (cost=0.00..5.48 rows=105 width=0)
	        Index Cond: ((k >= 3865322) AND (k <= 3865422))

table 6 : explain SELECT k, c FROM sbtest6 WHERE k BETWEEN 3865322 AND 3865422
	Bitmap Heap Scan on sbtest6  (cost=5.42..385.98 rows=96 width=125)
	  Recheck Cond: ((k >= 3865322) AND (k <= 3865422))
	  ->  Bitmap Index Scan on k_6  (cost=0.00..5.39 rows=96 width=0)
	        Index Cond: ((k >= 3865322) AND (k <= 3865422))

table 7 : explain SELECT k, c FROM sbtest7 WHERE k BETWEEN 3865322 AND 3865422
	Bitmap Heap Scan on sbtest7  (cost=5.37..366.24 rows=91 width=125)
	  Recheck Cond: ((k >= 3865322) AND (k <= 3865422))
	  ->  Bitmap Index Scan on k_7  (cost=0.00..5.34 rows=91 width=0)
	        Index Cond: ((k >= 3865322) AND (k <= 3865422))

table 8 : explain SELECT k, c FROM sbtest8 WHERE k BETWEEN 3865322 AND 3865422
	Bitmap Heap Scan on sbtest8  (cost=5.41..382.04 rows=95 width=125)
	  Recheck Cond: ((k >= 3865322) AND (k <= 3865422))
	  ->  Bitmap Index Scan on k_8  (cost=0.00..5.38 rows=95 width=0)
	        Index Cond: ((k >= 3865322) AND (k <= 3865422))

for range-notcovered
table 1 : explain SELECT k, c FROM sbtest1 WHERE k BETWEEN 7698578 AND 7698678
	Bitmap Heap Scan on sbtest1  (cost=5.62..464.61 rows=116 width=125)
	  Recheck Cond: ((k >= 7698578) AND (k <= 7698678))
	  ->  Bitmap Index Scan on k_1  (cost=0.00..5.59 rows=116 width=0)
	        Index Cond: ((k >= 7698578) AND (k <= 7698678))

table 2 : explain SELECT k, c FROM sbtest2 WHERE k BETWEEN 7698578 AND 7698678
	Bitmap Heap Scan on sbtest2  (cost=5.43..389.85 rows=97 width=125)
	  Recheck Cond: ((k >= 7698578) AND (k <= 7698678))
	  ->  Bitmap Index Scan on k_2  (cost=0.00..5.40 rows=97 width=0)
	        Index Cond: ((k >= 7698578) AND (k <= 7698678))

table 3 : explain SELECT k, c FROM sbtest3 WHERE k BETWEEN 7698578 AND 7698678
	Bitmap Heap Scan on sbtest3  (cost=5.46..401.66 rows=100 width=125)
	  Recheck Cond: ((k >= 7698578) AND (k <= 7698678))
	  ->  Bitmap Index Scan on k_3  (cost=0.00..5.43 rows=100 width=0)
	        Index Cond: ((k >= 7698578) AND (k <= 7698678))

table 4 : explain SELECT k, c FROM sbtest4 WHERE k BETWEEN 7698578 AND 7698678
	Bitmap Heap Scan on sbtest4  (cost=5.42..385.97 rows=96 width=125)
	  Recheck Cond: ((k >= 7698578) AND (k <= 7698678))
	  ->  Bitmap Index Scan on k_4  (cost=0.00..5.39 rows=96 width=0)
	        Index Cond: ((k >= 7698578) AND (k <= 7698678))

table 5 : explain SELECT k, c FROM sbtest5 WHERE k BETWEEN 7698578 AND 7698678
	Bitmap Heap Scan on sbtest5  (cost=5.41..382.02 rows=95 width=125)
	  Recheck Cond: ((k >= 7698578) AND (k <= 7698678))
	  ->  Bitmap Index Scan on k_5  (cost=0.00..5.38 rows=95 width=0)
	        Index Cond: ((k >= 7698578) AND (k <= 7698678))

table 6 : explain SELECT k, c FROM sbtest6 WHERE k BETWEEN 7698578 AND 7698678
	Bitmap Heap Scan on sbtest6  (cost=5.47..405.72 rows=101 width=125)
	  Recheck Cond: ((k >= 7698578) AND (k <= 7698678))
	  ->  Bitmap Index Scan on k_6  (cost=0.00..5.44 rows=101 width=0)
	        Index Cond: ((k >= 7698578) AND (k <= 7698678))

table 7 : explain SELECT k, c FROM sbtest7 WHERE k BETWEEN 7698578 AND 7698678
	Bitmap Heap Scan on sbtest7  (cost=5.60..457.01 rows=114 width=125)
	  Recheck Cond: ((k >= 7698578) AND (k <= 7698678))
	  ->  Bitmap Index Scan on k_7  (cost=0.00..5.58 rows=114 width=0)
	        Index Cond: ((k >= 7698578) AND (k <= 7698678))

table 8 : explain SELECT k, c FROM sbtest8 WHERE k BETWEEN 7698578 AND 7698678
	Bitmap Heap Scan on sbtest8  (cost=5.47..405.73 rows=101 width=125)
	  Recheck Cond: ((k >= 7698578) AND (k <= 7698678))
	  ->  Bitmap Index Scan on k_8  (cost=0.00..5.44 rows=101 width=0)
	        Index Cond: ((k >= 7698578) AND (k <= 7698678))

explain: for range-notcovered :: explain SELECT k, c FROM sbtest%d WHERE k BETWEEN 2695053 AND 2695153explain: for range-notcovered :: explain SELECT k, c FROM sbtest%d WHERE k BETWEEN 1597552 AND 1597652

for range-notcovered
table 1 : explain SELECT k, c FROM sbtest1 WHERE k BETWEEN 6569687 AND 6569787
	Bitmap Heap Scan on sbtest1  (cost=5.40..377.88 rows=94 width=125)
	  Recheck Cond: ((k >= 6569687) AND (k <= 6569787))
	  ->  Bitmap Index Scan on k_1  (cost=0.00..5.38 rows=94 width=0)
	        Index Cond: ((k >= 6569687) AND (k <= 6569787))

table 2 : explain SELECT k, c FROM sbtest2 WHERE k BETWEEN 6569687 AND 6569787
	Bitmap Heap Scan on sbtest2  (cost=5.45..397.74 rows=99 width=125)
	  Recheck Cond: ((k >= 6569687) AND (k <= 6569787))
	  ->  Bitmap Index Scan on k_2  (cost=0.00..5.42 rows=99 width=0)
	        Index Cond: ((k >= 6569687) AND (k <= 6569787))

table 3 : explain SELECT k, c FROM sbtest3 WHERE k BETWEEN 6569687 AND 6569787
	Bitmap Heap Scan on sbtest3  (cost=5.49..413.49 rows=103 width=125)
	  Recheck Cond: ((k >= 6569687) AND (k <= 6569787))
	  ->  Bitmap Index Scan on k_3  (cost=0.00..5.46 rows=103 width=0)
	        Index Cond: ((k >= 6569687) AND (k <= 6569787))

table 4 : explain SELECT k, c FROM sbtest4 WHERE k BETWEEN 6569687 AND 6569787
	Bitmap Heap Scan on sbtest4  (cost=5.57..445.16 rows=111 width=125)
	  Recheck Cond: ((k >= 6569687) AND (k <= 6569787))
	  ->  Bitmap Index Scan on k_4  (cost=0.00..5.54 rows=111 width=0)
	        Index Cond: ((k >= 6569687) AND (k <= 6569787))

table 5 : explain SELECT k, c FROM sbtest5 WHERE k BETWEEN 6569687 AND 6569787
	Bitmap Heap Scan on sbtest5  (cost=5.52..425.44 rows=106 width=125)
	  Recheck Cond: ((k >= 6569687) AND (k <= 6569787))
	  ->  Bitmap Index Scan on k_5  (cost=0.00..5.50 rows=106 width=0)
	        Index Cond: ((k >= 6569687) AND (k <= 6569787))

table 6 : explain SELECT k, c FROM sbtest6 WHERE k BETWEEN 6569687 AND 6569787
	Bitmap Heap Scan on sbtest6  (cost=5.44..393.88 rows=98 width=125)
	  Recheck Cond: ((k >= 6569687) AND (k <= 6569787))
	  ->  Bitmap Index Scan on k_6  (cost=0.00..5.42 rows=98 width=0)
	        Index Cond: ((k >= 6569687) AND (k <= 6569787))

table 7 : explain SELECT k, c FROM sbtest7 WHERE k BETWEEN 6569687 AND 6569787
	Bitmap Heap Scan on sbtest7  (cost=5.50..417.57 rows=104 width=125)
	  Recheck Cond: ((k >= 6569687) AND (k <= 6569787))
	  ->  Bitmap Index Scan on k_7  (cost=0.00..5.47 rows=104 width=0)
	        Index Cond: ((k >= 6569687) AND (k <= 6569787))

table 8 : explain SELECT k, c FROM sbtest8 WHERE k BETWEEN 6569687 AND 6569787
	Bitmap Heap Scan on sbtest8  (cost=5.43..389.94 rows=97 width=125)
	  Recheck Cond: ((k >= 6569687) AND (k <= 6569787))
	  ->  Bitmap Index Scan on k_8  (cost=0.00..5.40 rows=97 width=0)
	        Index Cond: ((k >= 6569687) AND (k <= 6569787))

explain: for range-notcovered :: explain SELECT k, c FROM sbtest%d WHERE k BETWEEN 7698578 AND 7698678
explain: for range-notcovered :: explain SELECT k, c FROM sbtest%d WHERE k BETWEEN 4498482 AND 4498582
explain: for range-notcovered :: explain SELECT k, c FROM sbtest%d WHERE k BETWEEN 1950720 AND 1950820
for range-notcovered
table 1 : explain SELECT k, c FROM sbtest1 WHERE k BETWEEN 4344646 AND 4344746
	Bitmap Heap Scan on sbtest1  (cost=5.45..397.61 rows=99 width=125)
	  Recheck Cond: ((k >= 4344646) AND (k <= 4344746))
	  ->  Bitmap Index Scan on k_1  (cost=0.00..5.42 rows=99 width=0)
	        Index Cond: ((k >= 4344646) AND (k <= 4344746))

table 2 : explain SELECT k, c FROM sbtest2 WHERE k BETWEEN 4344646 AND 4344746
	Bitmap Heap Scan on sbtest2  (cost=5.45..397.74 rows=99 width=125)
	  Recheck Cond: ((k >= 4344646) AND (k <= 4344746))
	  ->  Bitmap Index Scan on k_2  (cost=0.00..5.42 rows=99 width=0)
	        Index Cond: ((k >= 4344646) AND (k <= 4344746))

table 3 : explain SELECT k, c FROM sbtest3 WHERE k BETWEEN 4344646 AND 4344746
	Bitmap Heap Scan on sbtest3  (cost=5.45..397.71 rows=99 width=125)
	  Recheck Cond: ((k >= 4344646) AND (k <= 4344746))
	  ->  Bitmap Index Scan on k_3  (cost=0.00..5.42 rows=99 width=0)
	        Index Cond: ((k >= 4344646) AND (k <= 4344746))

table 4 : explain SELECT k, c FROM sbtest4 WHERE k BETWEEN 4344646 AND 4344746
	Bitmap Heap Scan on sbtest4  (cost=5.38..370.18 rows=92 width=125)
	  Recheck Cond: ((k >= 4344646) AND (k <= 4344746))
	  ->  Bitmap Index Scan on k_4  (cost=0.00..5.35 rows=92 width=0)
	        Index Cond: ((k >= 4344646) AND (k <= 4344746))

table 5 : explain SELECT k, c FROM sbtest5 WHERE k BETWEEN 4344646 AND 4344746
	Bitmap Heap Scan on sbtest5  (cost=5.53..429.38 rows=107 width=125)
	  Recheck Cond: ((k >= 4344646) AND (k <= 4344746))
	  ->  Bitmap Index Scan on k_5  (cost=0.00..5.50 rows=107 width=0)
	        Index Cond: ((k >= 4344646) AND (k <= 4344746))

table 6 : explain SELECT k, c FROM sbtest6 WHERE k BETWEEN 4344646 AND 4344746
	Bitmap Heap Scan on sbtest6  (cost=5.54..433.34 rows=108 width=125)
	  Recheck Cond: ((k >= 4344646) AND (k <= 4344746))
	  ->  Bitmap Index Scan on k_6  (cost=0.00..5.51 rows=108 width=0)
	        Index Cond: ((k >= 4344646) AND (k <= 4344746))

table 7 : explain SELECT k, c FROM sbtest7 WHERE k BETWEEN 4344646 AND 4344746
	Bitmap Heap Scan on sbtest7  (cost=5.49..413.62 rows=103 width=125)
	  Recheck Cond: ((k >= 4344646) AND (k <= 4344746))
	  ->  Bitmap Index Scan on k_7  (cost=0.00..5.46 rows=103 width=0)
	        Index Cond: ((k >= 4344646) AND (k <= 4344746))

table 8 : explain SELECT k, c FROM sbtest8 WHERE k BETWEEN 4344646 AND 4344746
	Bitmap Heap Scan on sbtest8  (cost=5.58..449.12 rows=112 width=125)
	  Recheck Cond: ((k >= 4344646) AND (k <= 4344746))
	  ->  Bitmap Index Scan on k_8  (cost=0.00..5.55 rows=112 width=0)
	        Index Cond: ((k >= 4344646) AND (k <= 4344746))

for range-notcovered
table 1 : explain SELECT k, c FROM sbtest1 WHERE k BETWEEN 4272102 AND 4272202
	Bitmap Heap Scan on sbtest1  (cost=5.54..433.10 rows=108 width=125)
	  Recheck Cond: ((k >= 4272102) AND (k <= 4272202))
	  ->  Bitmap Index Scan on k_1  (cost=0.00..5.51 rows=108 width=0)
	        Index Cond: ((k >= 4272102) AND (k <= 4272202))

table 2 : explain SELECT k, c FROM sbtest2 WHERE k BETWEEN 4272102 AND 4272202
	Bitmap Heap Scan on sbtest2  (cost=5.47..405.63 rows=101 width=125)
	  Recheck Cond: ((k >= 4272102) AND (k <= 4272202))
	  ->  Bitmap Index Scan on k_2  (cost=0.00..5.44 rows=101 width=0)
	        Index Cond: ((k >= 4272102) AND (k <= 4272202))

table 3 : explain SELECT k, c FROM sbtest3 WHERE k BETWEEN 4272102 AND 4272202
	Bitmap Heap Scan on sbtest3  (cost=5.43..389.82 rows=97 width=125)
	  Recheck Cond: ((k >= 4272102) AND (k <= 4272202))
	  ->  Bitmap Index Scan on k_3  (cost=0.00..5.40 rows=97 width=0)
	        Index Cond: ((k >= 4272102) AND (k <= 4272202))

table 4 : explain SELECT k, c FROM sbtest4 WHERE k BETWEEN 4272102 AND 4272202
	Bitmap Heap Scan on sbtest4  (cost=5.46..401.77 rows=100 width=125)
	  Recheck Cond: ((k >= 4272102) AND (k <= 4272202))
	  ->  Bitmap Index Scan on k_4  (cost=0.00..5.43 rows=100 width=0)
	        Index Cond: ((k >= 4272102) AND (k <= 4272202))

table 5 : explain SELECT k, c FROM sbtest5 WHERE k BETWEEN 4272102 AND 4272202
	Bitmap Heap Scan on sbtest5  (cost=5.53..429.38 rows=107 width=125)
	  Recheck Cond: ((k >= 4272102) AND (k <= 4272202))
	  ->  Bitmap Index Scan on k_5  (cost=0.00..5.50 rows=107 width=0)
	        Index Cond: ((k >= 4272102) AND (k <= 4272202))

table 6 : explain SELECT k, c FROM sbtest6 WHERE k BETWEEN 4272102 AND 4272202
	Bitmap Heap Scan on sbtest6  (cost=5.58..449.12 rows=112 width=125)
	  Recheck Cond: ((k >= 4272102) AND (k <= 4272202))
	  ->  Bitmap Index Scan on k_6  (cost=0.00..5.55 rows=112 width=0)
	        Index Cond: ((k >= 4272102) AND (k <= 4272202))

table 7 : explain SELECT k, c FROM sbtest7 WHERE k BETWEEN 4272102 AND 4272202
	Bitmap Heap Scan on sbtest7  (cost=5.50..417.57 rows=104 width=125)
	  Recheck Cond: ((k >= 4272102) AND (k <= 4272202))
	  ->  Bitmap Index Scan on k_7  (cost=0.00..5.47 rows=104 width=0)
	        Index Cond: ((k >= 4272102) AND (k <= 4272202))

table 8 : explain SELECT k, c FROM sbtest8 WHERE k BETWEEN 4272102 AND 4272202
	Bitmap Heap Scan on sbtest8  (cost=5.42..385.99 rows=96 width=125)
	  Recheck Cond: ((k >= 4272102) AND (k <= 4272202))
	  ->  Bitmap Index Scan on k_8  (cost=0.00..5.39 rows=96 width=0)
	        Index Cond: ((k >= 4272102) AND (k <= 4272202))

for range-notcovered
table 1 : explain SELECT k, c FROM sbtest1 WHERE k BETWEEN 3939054 AND 3939154
	Bitmap Heap Scan on sbtest1  (cost=5.43..389.72 rows=97 width=125)
	  Recheck Cond: ((k >= 3939054) AND (k <= 3939154))
	  ->  Bitmap Index Scan on k_1  (cost=0.00..5.40 rows=97 width=0)
	        Index Cond: ((k >= 3939054) AND (k <= 3939154))

table 2 : explain SELECT k, c FROM sbtest2 WHERE k BETWEEN 3939054 AND 3939154
	Bitmap Heap Scan on sbtest2  (cost=5.43..389.85 rows=97 width=125)
	  Recheck Cond: ((k >= 3939054) AND (k <= 3939154))
	  ->  Bitmap Index Scan on k_2  (cost=0.00..5.40 rows=97 width=0)
	        Index Cond: ((k >= 3939054) AND (k <= 3939154))

table 3 : explain SELECT k, c FROM sbtest3 WHERE k BETWEEN 3939054 AND 3939154
	Bitmap Heap Scan on sbtest3  (cost=5.58..448.98 rows=112 width=125)
	  Recheck Cond: ((k >= 3939054) AND (k <= 3939154))
	  ->  Bitmap Index Scan on k_3  (cost=0.00..5.55 rows=112 width=0)
	        Index Cond: ((k >= 3939054) AND (k <= 3939154))

table 4 : explain SELECT k, c FROM sbtest4 WHERE k BETWEEN 3939054 AND 3939154
	Bitmap Heap Scan on sbtest4  (cost=5.53..429.39 rows=107 width=125)
	  Recheck Cond: ((k >= 3939054) AND (k <= 3939154))
	  ->  Bitmap Index Scan on k_4  (cost=0.00..5.50 rows=107 width=0)
	        Index Cond: ((k >= 3939054) AND (k <= 3939154))

table 5 : explain SELECT k, c FROM sbtest5 WHERE k BETWEEN 3939054 AND 3939154
	Bitmap Heap Scan on sbtest5  (cost=5.51..421.49 rows=105 width=125)
	  Recheck Cond: ((k >= 3939054) AND (k <= 3939154))
	  ->  Bitmap Index Scan on k_5  (cost=0.00..5.48 rows=105 width=0)
	        Index Cond: ((k >= 3939054) AND (k <= 3939154))

table 6 : explain SELECT k, c FROM sbtest6 WHERE k BETWEEN 3939054 AND 3939154
	Bitmap Heap Scan on sbtest6  (cost=5.50..417.56 rows=104 width=125)
	  Recheck Cond: ((k >= 3939054) AND (k <= 3939154))
	  ->  Bitmap Index Scan on k_6  (cost=0.00..5.47 rows=104 width=0)
	        Index Cond: ((k >= 3939054) AND (k <= 3939154))

table 7 : explain SELECT k, c FROM sbtest7 WHERE k BETWEEN 3939054 AND 3939154
	Bitmap Heap Scan on sbtest7  (cost=5.54..433.35 rows=108 width=125)
	  Recheck Cond: ((k >= 3939054) AND (k <= 3939154))
	  ->  Bitmap Index Scan on k_7  (cost=0.00..5.51 rows=108 width=0)
	        Index Cond: ((k >= 3939054) AND (k <= 3939154))

table 8 : explain SELECT k, c FROM sbtest8 WHERE k BETWEEN 3939054 AND 3939154
	Bitmap Heap Scan on sbtest8  (cost=5.42..385.99 rows=96 width=125)
	  Recheck Cond: ((k >= 3939054) AND (k <= 3939154))
	  ->  Bitmap Index Scan on k_8  (cost=0.00..5.39 rows=96 width=0)
	        Index Cond: ((k >= 3939054) AND (k <= 3939154))

explain: for range-notcovered :: explain SELECT k, c FROM sbtest%d WHERE k BETWEEN 3865322 AND 3865422
for range-notcovered
table 1 : explain SELECT k, c FROM sbtest1 WHERE k BETWEEN 1465057 AND 1465157
	Bitmap Heap Scan on sbtest1  (cost=5.46..401.56 rows=100 width=125)
	  Recheck Cond: ((k >= 1465057) AND (k <= 1465157))
	  ->  Bitmap Index Scan on k_1  (cost=0.00..5.43 rows=100 width=0)
	        Index Cond: ((k >= 1465057) AND (k <= 1465157))

table 2 : explain SELECT k, c FROM sbtest2 WHERE k BETWEEN 1465057 AND 1465157
	Bitmap Heap Scan on sbtest2  (cost=5.44..393.79 rows=98 width=125)
	  Recheck Cond: ((k >= 1465057) AND (k <= 1465157))
	  ->  Bitmap Index Scan on k_2  (cost=0.00..5.42 rows=98 width=0)
	        Index Cond: ((k >= 1465057) AND (k <= 1465157))

table 3 : explain SELECT k, c FROM sbtest3 WHERE k BETWEEN 1465057 AND 1465157
	Bitmap Heap Scan on sbtest3  (cost=5.38..370.08 rows=92 width=125)
	  Recheck Cond: ((k >= 1465057) AND (k <= 1465157))
	  ->  Bitmap Index Scan on k_3  (cost=0.00..5.35 rows=92 width=0)
	        Index Cond: ((k >= 1465057) AND (k <= 1465157))

table 4 : explain SELECT k, c FROM sbtest4 WHERE k BETWEEN 1465057 AND 1465157
	Bitmap Heap Scan on sbtest4  (cost=5.44..393.87 rows=98 width=125)
	  Recheck Cond: ((k >= 1465057) AND (k <= 1465157))
	  ->  Bitmap Index Scan on k_4  (cost=0.00..5.42 rows=98 width=0)
	        Index Cond: ((k >= 1465057) AND (k <= 1465157))

table 5 : explain SELECT k, c FROM sbtest5 WHERE k BETWEEN 1465057 AND 1465157
	Bitmap Heap Scan on sbtest5  (cost=5.47..405.71 rows=101 width=125)
	  Recheck Cond: ((k >= 1465057) AND (k <= 1465157))
	  ->  Bitmap Index Scan on k_5  (cost=0.00..5.44 rows=101 width=0)
	        Index Cond: ((k >= 1465057) AND (k <= 1465157))

table 6 : explain SELECT k, c FROM sbtest6 WHERE k BETWEEN 1465057 AND 1465157
	Bitmap Heap Scan on sbtest6  (cost=5.47..405.72 rows=101 width=125)
	  Recheck Cond: ((k >= 1465057) AND (k <= 1465157))
	  ->  Bitmap Index Scan on k_6  (cost=0.00..5.44 rows=101 width=0)
	        Index Cond: ((k >= 1465057) AND (k <= 1465157))

table 7 : explain SELECT k, c FROM sbtest7 WHERE k BETWEEN 1465057 AND 1465157
	Bitmap Heap Scan on sbtest7  (cost=5.56..441.24 rows=110 width=125)
	  Recheck Cond: ((k >= 1465057) AND (k <= 1465157))
	  ->  Bitmap Index Scan on k_7  (cost=0.00..5.53 rows=110 width=0)
	        Index Cond: ((k >= 1465057) AND (k <= 1465157))

table 8 : explain SELECT k, c FROM sbtest8 WHERE k BETWEEN 1465057 AND 1465157
	Bitmap Heap Scan on sbtest8  (cost=5.49..413.62 rows=103 width=125)
	  Recheck Cond: ((k >= 1465057) AND (k <= 1465157))
	  ->  Bitmap Index Scan on k_8  (cost=0.00..5.46 rows=103 width=0)
	        Index Cond: ((k >= 1465057) AND (k <= 1465157))

for range-notcovered
table 1 : explain SELECT k, c FROM sbtest1 WHERE k BETWEEN 2911271 AND 2911371
	Bitmap Heap Scan on sbtest1  (cost=5.47..405.50 rows=101 width=125)
	  Recheck Cond: ((k >= 2911271) AND (k <= 2911371))
	  ->  Bitmap Index Scan on k_1  (cost=0.00..5.44 rows=101 width=0)
	        Index Cond: ((k >= 2911271) AND (k <= 2911371))

table 2 : explain SELECT k, c FROM sbtest2 WHERE k BETWEEN 2911271 AND 2911371
	Bitmap Heap Scan on sbtest2  (cost=5.52..425.36 rows=106 width=125)
	  Recheck Cond: ((k >= 2911271) AND (k <= 2911371))
	  ->  Bitmap Index Scan on k_2  (cost=0.00..5.50 rows=106 width=0)
	        Index Cond: ((k >= 2911271) AND (k <= 2911371))

table 3 : explain SELECT k, c FROM sbtest3 WHERE k BETWEEN 2911271 AND 2911371
	Bitmap Heap Scan on sbtest3  (cost=5.45..397.71 rows=99 width=125)
	  Recheck Cond: ((k >= 2911271) AND (k <= 2911371))
	  ->  Bitmap Index Scan on k_3  (cost=0.00..5.42 rows=99 width=0)
	        Index Cond: ((k >= 2911271) AND (k <= 2911371))

table 4 : explain SELECT k, c FROM sbtest4 WHERE k BETWEEN 2911271 AND 2911371
	Bitmap Heap Scan on sbtest4  (cost=5.56..441.22 rows=110 width=125)
	  Recheck Cond: ((k >= 2911271) AND (k <= 2911371))
	  ->  Bitmap Index Scan on k_4  (cost=0.00..5.53 rows=110 width=0)
	        Index Cond: ((k >= 2911271) AND (k <= 2911371))

table 5 : explain SELECT k, c FROM sbtest5 WHERE k BETWEEN 2911271 AND 2911371
	Bitmap Heap Scan on sbtest5  (cost=5.43..389.92 rows=97 width=125)
	  Recheck Cond: ((k >= 2911271) AND (k <= 2911371))
	  ->  Bitmap Index Scan on k_5  (cost=0.00..5.40 rows=97 width=0)
	        Index Cond: ((k >= 2911271) AND (k <= 2911371))

table 6 : explain SELECT k, c FROM sbtest6 WHERE k BETWEEN 2911271 AND 2911371
	Bitmap Heap Scan on sbtest6  (cost=5.44..393.88 rows=98 width=125)
	  Recheck Cond: ((k >= 2911271) AND (k <= 2911371))
	  ->  Bitmap Index Scan on k_6  (cost=0.00..5.42 rows=98 width=0)
	        Index Cond: ((k >= 2911271) AND (k <= 2911371))

table 7 : explain SELECT k, c FROM sbtest7 WHERE k BETWEEN 2911271 AND 2911371
	Bitmap Heap Scan on sbtest7  (cost=5.49..413.62 rows=103 width=125)
	  Recheck Cond: ((k >= 2911271) AND (k <= 2911371))
	  ->  Bitmap Index Scan on k_7  (cost=0.00..5.46 rows=103 width=0)
	        Index Cond: ((k >= 2911271) AND (k <= 2911371))

table 8 : explain SELECT k, c FROM sbtest8 WHERE k BETWEEN 2911271 AND 2911371
	Bitmap Heap Scan on sbtest8  (cost=5.54..433.35 rows=108 width=125)
	  Recheck Cond: ((k >= 2911271) AND (k <= 2911371))
	  ->  Bitmap Index Scan on k_8  (cost=0.00..5.51 rows=108 width=0)
	        Index Cond: ((k >= 2911271) AND (k <= 2911371))

explain: for range-notcovered :: explain SELECT k, c FROM sbtest%d WHERE k BETWEEN 1465057 AND 1465157
explain: for range-notcovered :: explain SELECT k, c FROM sbtest%d WHERE k BETWEEN 4272102 AND 4272202
explain: for range-notcovered :: explain SELECT k, c FROM sbtest%d WHERE k BETWEEN 3939054 AND 3939154
explain: for range-notcovered :: explain SELECT k, c FROM sbtest%d WHERE k BETWEEN 9134951 AND 9135051
for range-notcovered
table 1 : explain SELECT k, c FROM sbtest1 WHERE k BETWEEN 1543373 AND 1543473
	Bitmap Heap Scan on sbtest1  (cost=5.55..437.04 rows=109 width=125)
	  Recheck Cond: ((k >= 1543373) AND (k <= 1543473))
	  ->  Bitmap Index Scan on k_1  (cost=0.00..5.52 rows=109 width=0)
	        Index Cond: ((k >= 1543373) AND (k <= 1543473))

table 2 : explain SELECT k, c FROM sbtest2 WHERE k BETWEEN 1543373 AND 1543473
	Bitmap Heap Scan on sbtest2  (cost=5.41..381.95 rows=95 width=125)
	  Recheck Cond: ((k >= 1543373) AND (k <= 1543473))
	  ->  Bitmap Index Scan on k_2  (cost=0.00..5.38 rows=95 width=0)
	        Index Cond: ((k >= 1543373) AND (k <= 1543473))

table 3 : explain SELECT k, c FROM sbtest3 WHERE k BETWEEN 1543373 AND 1543473
	Bitmap Heap Scan on sbtest3  (cost=5.41..381.92 rows=95 width=125)
	  Recheck Cond: ((k >= 1543373) AND (k <= 1543473))
	  ->  Bitmap Index Scan on k_3  (cost=0.00..5.38 rows=95 width=0)
	        Index Cond: ((k >= 1543373) AND (k <= 1543473))

table 4 : explain SELECT k, c FROM sbtest4 WHERE k BETWEEN 1543373 AND 1543473
	Bitmap Heap Scan on sbtest4  (cost=5.44..393.87 rows=98 width=125)
	  Recheck Cond: ((k >= 1543373) AND (k <= 1543473))
	  ->  Bitmap Index Scan on k_4  (cost=0.00..5.42 rows=98 width=0)
	        Index Cond: ((k >= 1543373) AND (k <= 1543473))

table 5 : explain SELECT k, c FROM sbtest5 WHERE k BETWEEN 1543373 AND 1543473
	Bitmap Heap Scan on sbtest5  (cost=5.45..397.81 rows=99 width=125)
	  Recheck Cond: ((k >= 1543373) AND (k <= 1543473))
	  ->  Bitmap Index Scan on k_5  (cost=0.00..5.42 rows=99 width=0)
	        Index Cond: ((k >= 1543373) AND (k <= 1543473))

table 6 : explain SELECT k, c FROM sbtest6 WHERE k BETWEEN 1543373 AND 1543473
	Bitmap Heap Scan on sbtest6  (cost=5.52..425.45 rows=106 width=125)
	  Recheck Cond: ((k >= 1543373) AND (k <= 1543473))
	  ->  Bitmap Index Scan on k_6  (cost=0.00..5.50 rows=106 width=0)
	        Index Cond: ((k >= 1543373) AND (k <= 1543473))

table 7 : explain SELECT k, c FROM sbtest7 WHERE k BETWEEN 1543373 AND 1543473
	Bitmap Heap Scan on sbtest7  (cost=5.41..382.04 rows=95 width=125)
	  Recheck Cond: ((k >= 1543373) AND (k <= 1543473))
	  ->  Bitmap Index Scan on k_7  (cost=0.00..5.38 rows=95 width=0)
	        Index Cond: ((k >= 1543373) AND (k <= 1543473))

table 8 : explain SELECT k, c FROM sbtest8 WHERE k BETWEEN 1543373 AND 1543473
	Bitmap Heap Scan on sbtest8  (cost=5.57..445.18 rows=111 width=125)
	  Recheck Cond: ((k >= 1543373) AND (k <= 1543473))
	  ->  Bitmap Index Scan on k_8  (cost=0.00..5.54 rows=111 width=0)
	        Index Cond: ((k >= 1543373) AND (k <= 1543473))

explain: for range-notcovered :: explain SELECT k, c FROM sbtest%d WHERE k BETWEEN 1543373 AND 1543473
for range-notcovered
table 1 : explain SELECT k, c FROM sbtest1 WHERE k BETWEEN 4498482 AND 4498582
	Bitmap Heap Scan on sbtest1  (cost=5.48..409.44 rows=102 width=125)
	  Recheck Cond: ((k >= 4498482) AND (k <= 4498582))
	  ->  Bitmap Index Scan on k_1  (cost=0.00..5.45 rows=102 width=0)
	        Index Cond: ((k >= 4498482) AND (k <= 4498582))

table 2 : explain SELECT k, c FROM sbtest2 WHERE k BETWEEN 4498482 AND 4498582
	Bitmap Heap Scan on sbtest2  (cost=5.46..401.69 rows=100 width=125)
	  Recheck Cond: ((k >= 4498482) AND (k <= 4498582))
	  ->  Bitmap Index Scan on k_2  (cost=0.00..5.43 rows=100 width=0)
	        Index Cond: ((k >= 4498482) AND (k <= 4498582))

table 3 : explain SELECT k, c FROM sbtest3 WHERE k BETWEEN 4498482 AND 4498582
	Bitmap Heap Scan on sbtest3  (cost=5.47..405.60 rows=101 width=125)
	  Recheck Cond: ((k >= 4498482) AND (k <= 4498582))
	  ->  Bitmap Index Scan on k_3  (cost=0.00..5.44 rows=101 width=0)
	        Index Cond: ((k >= 4498482) AND (k <= 4498582))

table 4 : explain SELECT k, c FROM sbtest4 WHERE k BETWEEN 4498482 AND 4498582
	Bitmap Heap Scan on sbtest4  (cost=5.51..421.50 rows=105 width=125)
	  Recheck Cond: ((k >= 4498482) AND (k <= 4498582))
	  ->  Bitmap Index Scan on k_4  (cost=0.00..5.48 rows=105 width=0)
	        Index Cond: ((k >= 4498482) AND (k <= 4498582))

table 5 : explain SELECT k, c FROM sbtest5 WHERE k BETWEEN 4498482 AND 4498582
	Bitmap Heap Scan on sbtest5  (cost=5.42..385.97 rows=96 width=125)
	  Recheck Cond: ((k >= 4498482) AND (k <= 4498582))
	  ->  Bitmap Index Scan on k_5  (cost=0.00..5.39 rows=96 width=0)
	        Index Cond: ((k >= 4498482) AND (k <= 4498582))

table 6 : explain SELECT k, c FROM sbtest6 WHERE k BETWEEN 4498482 AND 4498582
	Bitmap Heap Scan on sbtest6  (cost=5.43..389.93 rows=97 width=125)
	  Recheck Cond: ((k >= 4498482) AND (k <= 4498582))
	  ->  Bitmap Index Scan on k_6  (cost=0.00..5.40 rows=97 width=0)
	        Index Cond: ((k >= 4498482) AND (k <= 4498582))

table 7 : explain SELECT k, c FROM sbtest7 WHERE k BETWEEN 4498482 AND 4498582
	Bitmap Heap Scan on sbtest7  (cost=5.61..460.95 rows=115 width=125)
	  Recheck Cond: ((k >= 4498482) AND (k <= 4498582))
	  ->  Bitmap Index Scan on k_7  (cost=0.00..5.58 rows=115 width=0)
	        Index Cond: ((k >= 4498482) AND (k <= 4498582))

table 8 : explain SELECT k, c FROM sbtest8 WHERE k BETWEEN 4498482 AND 4498582
	Bitmap Heap Scan on sbtest8  (cost=5.37..366.24 rows=91 width=125)
	  Recheck Cond: ((k >= 4498482) AND (k <= 4498582))
	  ->  Bitmap Index Scan on k_8  (cost=0.00..5.34 rows=91 width=0)
	        Index Cond: ((k >= 4498482) AND (k <= 4498582))

for range-notcovered
table 1 : explain SELECT k, c FROM sbtest1 WHERE k BETWEEN 1597552 AND 1597652
	Bitmap Heap Scan on sbtest1  (cost=5.38..369.99 rows=92 width=125)
	  Recheck Cond: ((k >= 1597552) AND (k <= 1597652))
	  ->  Bitmap Index Scan on k_1  (cost=0.00..5.35 rows=92 width=0)
	        Index Cond: ((k >= 1597552) AND (k <= 1597652))

table 2 : explain SELECT k, c FROM sbtest2 WHERE k BETWEEN 1597552 AND 1597652
	Bitmap Heap Scan on sbtest2  (cost=5.41..381.95 rows=95 width=125)
	  Recheck Cond: ((k >= 1597552) AND (k <= 1597652))
	  ->  Bitmap Index Scan on k_2  (cost=0.00..5.38 rows=95 width=0)
	        Index Cond: ((k >= 1597552) AND (k <= 1597652))

table 3 : explain SELECT k, c FROM sbtest3 WHERE k BETWEEN 1597552 AND 1597652
	Bitmap Heap Scan on sbtest3  (cost=5.57..445.04 rows=111 width=125)
	  Recheck Cond: ((k >= 1597552) AND (k <= 1597652))
	  ->  Bitmap Index Scan on k_3  (cost=0.00..5.54 rows=111 width=0)
	        Index Cond: ((k >= 1597552) AND (k <= 1597652))

table 4 : explain SELECT k, c FROM sbtest4 WHERE k BETWEEN 1597552 AND 1597652
	Bitmap Heap Scan on sbtest4  (cost=5.48..409.66 rows=102 width=125)
	  Recheck Cond: ((k >= 1597552) AND (k <= 1597652))
	  ->  Bitmap Index Scan on k_4  (cost=0.00..5.45 rows=102 width=0)
	        Index Cond: ((k >= 1597552) AND (k <= 1597652))

table 5 : explain SELECT k, c FROM sbtest5 WHERE k BETWEEN 1597552 AND 1597652
	Bitmap Heap Scan on sbtest5  (cost=5.45..397.81 rows=99 width=125)
	  Recheck Cond: ((k >= 1597552) AND (k <= 1597652))
	  ->  Bitmap Index Scan on k_5  (cost=0.00..5.42 rows=99 width=0)
	        Index Cond: ((k >= 1597552) AND (k <= 1597652))

table 6 : explain SELECT k, c FROM sbtest6 WHERE k BETWEEN 1597552 AND 1597652
	Bitmap Heap Scan on sbtest6  (cost=5.52..425.45 rows=106 width=125)
	  Recheck Cond: ((k >= 1597552) AND (k <= 1597652))
	  ->  Bitmap Index Scan on k_6  (cost=0.00..5.50 rows=106 width=0)
	        Index Cond: ((k >= 1597552) AND (k <= 1597652))

table 7 : explain SELECT k, c FROM sbtest7 WHERE k BETWEEN 1597552 AND 1597652
	Bitmap Heap Scan on sbtest7  (cost=5.45..397.83 rows=99 width=125)
	  Recheck Cond: ((k >= 1597552) AND (k <= 1597652))
	  ->  Bitmap Index Scan on k_7  (cost=0.00..5.42 rows=99 width=0)
	        Index Cond: ((k >= 1597552) AND (k <= 1597652))

table 8 : explain SELECT k, c FROM sbtest8 WHERE k BETWEEN 1597552 AND 1597652
	Bitmap Heap Scan on sbtest8  (cost=5.46..401.78 rows=100 width=125)
	  Recheck Cond: ((k >= 1597552) AND (k <= 1597652))
	  ->  Bitmap Index Scan on k_8  (cost=0.00..5.43 rows=100 width=0)
	        Index Cond: ((k >= 1597552) AND (k <= 1597652))

explain: for range-notcovered :: explain SELECT k, c FROM sbtest%d WHERE k BETWEEN 4498482 AND 4498582
for range-notcovered
table 1 : explain SELECT k, c FROM sbtest1 WHERE k BETWEEN 3865322 AND 3865422
	Bitmap Heap Scan on sbtest1  (cost=5.41..381.83 rows=95 width=125)
	  Recheck Cond: ((k >= 3865322) AND (k <= 3865422))
	  ->  Bitmap Index Scan on k_1  (cost=0.00..5.38 rows=95 width=0)
	        Index Cond: ((k >= 3865322) AND (k <= 3865422))

table 2 : explain SELECT k, c FROM sbtest2 WHERE k BETWEEN 3865322 AND 3865422
	Bitmap Heap Scan on sbtest2  (cost=5.48..409.58 rows=102 width=125)
	  Recheck Cond: ((k >= 3865322) AND (k <= 3865422))
	  ->  Bitmap Index Scan on k_2  (cost=0.00..5.45 rows=102 width=0)
	        Index Cond: ((k >= 3865322) AND (k <= 3865422))

table 3 : explain SELECT k, c FROM sbtest3 WHERE k BETWEEN 3865322 AND 3865422
	Bitmap Heap Scan on sbtest3  (cost=5.58..448.98 rows=112 width=125)
	  Recheck Cond: ((k >= 3865322) AND (k <= 3865422))
	  ->  Bitmap Index Scan on k_3  (cost=0.00..5.55 rows=112 width=0)
	        Index Cond: ((k >= 3865322) AND (k <= 3865422))

table 4 : explain SELECT k, c FROM sbtest4 WHERE k BETWEEN 3865322 AND 3865422
	Bitmap Heap Scan on sbtest4  (cost=5.53..429.39 rows=107 width=125)
	  Recheck Cond: ((k >= 3865322) AND (k <= 3865422))
	  ->  Bitmap Index Scan on k_4  (cost=0.00..5.50 rows=107 width=0)
	        Index Cond: ((k >= 3865322) AND (k <= 3865422))

table 5 : explain SELECT k, c FROM sbtest5 WHERE k BETWEEN 3865322 AND 3865422
	Bitmap Heap Scan on sbtest5  (cost=5.51..421.49 rows=105 width=125)
	  Recheck Cond: ((k >= 3865322) AND (k <= 3865422))
	  ->  Bitmap Index Scan on k_5  (cost=0.00..5.48 rows=105 width=0)
	        Index Cond: ((k >= 3865322) AND (k <= 3865422))

table 6 : explain SELECT k, c FROM sbtest6 WHERE k BETWEEN 3865322 AND 3865422
	Bitmap Heap Scan on sbtest6  (cost=5.42..385.98 rows=96 width=125)
	  Recheck Cond: ((k >= 3865322) AND (k <= 3865422))
	  ->  Bitmap Index Scan on k_6  (cost=0.00..5.39 rows=96 width=0)
	        Index Cond: ((k >= 3865322) AND (k <= 3865422))

table 7 : explain SELECT k, c FROM sbtest7 WHERE k BETWEEN 3865322 AND 3865422
	Bitmap Heap Scan on sbtest7  (cost=5.37..366.24 rows=91 width=125)
	  Recheck Cond: ((k >= 3865322) AND (k <= 3865422))
	  ->  Bitmap Index Scan on k_7  (cost=0.00..5.34 rows=91 width=0)
	        Index Cond: ((k >= 3865322) AND (k <= 3865422))

table 8 : explain SELECT k, c FROM sbtest8 WHERE k BETWEEN 3865322 AND 3865422
	Bitmap Heap Scan on sbtest8  (cost=5.41..382.04 rows=95 width=125)
	  Recheck Cond: ((k >= 3865322) AND (k <= 3865422))
	  ->  Bitmap Index Scan on k_8  (cost=0.00..5.38 rows=95 width=0)
	        Index Cond: ((k >= 3865322) AND (k <= 3865422))

for range-notcovered
table 1 : explain SELECT k, c FROM sbtest1 WHERE k BETWEEN 4272102 AND 4272202
	Bitmap Heap Scan on sbtest1  (cost=5.54..433.10 rows=108 width=125)
	  Recheck Cond: ((k >= 4272102) AND (k <= 4272202))
	  ->  Bitmap Index Scan on k_1  (cost=0.00..5.51 rows=108 width=0)
	        Index Cond: ((k >= 4272102) AND (k <= 4272202))

table 2 : explain SELECT k, c FROM sbtest2 WHERE k BETWEEN 4272102 AND 4272202
	Bitmap Heap Scan on sbtest2  (cost=5.47..405.63 rows=101 width=125)
	  Recheck Cond: ((k >= 4272102) AND (k <= 4272202))
	  ->  Bitmap Index Scan on k_2  (cost=0.00..5.44 rows=101 width=0)
	        Index Cond: ((k >= 4272102) AND (k <= 4272202))

table 3 : explain SELECT k, c FROM sbtest3 WHERE k BETWEEN 4272102 AND 4272202
	Bitmap Heap Scan on sbtest3  (cost=5.43..389.82 rows=97 width=125)
	  Recheck Cond: ((k >= 4272102) AND (k <= 4272202))
	  ->  Bitmap Index Scan on k_3  (cost=0.00..5.40 rows=97 width=0)
	        Index Cond: ((k >= 4272102) AND (k <= 4272202))

table 4 : explain SELECT k, c FROM sbtest4 WHERE k BETWEEN 4272102 AND 4272202
	Bitmap Heap Scan on sbtest4  (cost=5.46..401.77 rows=100 width=125)
	  Recheck Cond: ((k >= 4272102) AND (k <= 4272202))
	  ->  Bitmap Index Scan on k_4  (cost=0.00..5.43 rows=100 width=0)
	        Index Cond: ((k >= 4272102) AND (k <= 4272202))

table 5 : explain SELECT k, c FROM sbtest5 WHERE k BETWEEN 4272102 AND 4272202
	Bitmap Heap Scan on sbtest5  (cost=5.53..429.38 rows=107 width=125)
	  Recheck Cond: ((k >= 4272102) AND (k <= 4272202))
	  ->  Bitmap Index Scan on k_5  (cost=0.00..5.50 rows=107 width=0)
	        Index Cond: ((k >= 4272102) AND (k <= 4272202))

table 6 : explain SELECT k, c FROM sbtest6 WHERE k BETWEEN 4272102 AND 4272202
	Bitmap Heap Scan on sbtest6  (cost=5.58..449.12 rows=112 width=125)
	  Recheck Cond: ((k >= 4272102) AND (k <= 4272202))
	  ->  Bitmap Index Scan on k_6  (cost=0.00..5.55 rows=112 width=0)
	        Index Cond: ((k >= 4272102) AND (k <= 4272202))

table 7 : explain SELECT k, c FROM sbtest7 WHERE k BETWEEN 4272102 AND 4272202
	Bitmap Heap Scan on sbtest7  (cost=5.50..417.57 rows=104 width=125)
	  Recheck Cond: ((k >= 4272102) AND (k <= 4272202))
	  ->  Bitmap Index Scan on k_7  (cost=0.00..5.47 rows=104 width=0)
	        Index Cond: ((k >= 4272102) AND (k <= 4272202))

table 8 : explain SELECT k, c FROM sbtest8 WHERE k BETWEEN 4272102 AND 4272202
	Bitmap Heap Scan on sbtest8  (cost=5.42..385.99 rows=96 width=125)
	  Recheck Cond: ((k >= 4272102) AND (k <= 4272202))
	  ->  Bitmap Index Scan on k_8  (cost=0.00..5.39 rows=96 width=0)
	        Index Cond: ((k >= 4272102) AND (k <= 4272202))

for range-notcovered
table 1 : explain SELECT k, c FROM sbtest1 WHERE k BETWEEN 9821746 AND 9821846
	Bitmap Heap Scan on sbtest1  (cost=5.45..397.61 rows=99 width=125)
	  Recheck Cond: ((k >= 9821746) AND (k <= 9821846))
	  ->  Bitmap Index Scan on k_1  (cost=0.00..5.42 rows=99 width=0)
	        Index Cond: ((k >= 9821746) AND (k <= 9821846))

table 2 : explain SELECT k, c FROM sbtest2 WHERE k BETWEEN 9821746 AND 9821846
	Bitmap Heap Scan on sbtest2  (cost=5.37..366.15 rows=91 width=125)
	  Recheck Cond: ((k >= 9821746) AND (k <= 9821846))
	  ->  Bitmap Index Scan on k_2  (cost=0.00..5.34 rows=91 width=0)
	        Index Cond: ((k >= 9821746) AND (k <= 9821846))

table 3 : explain SELECT k, c FROM sbtest3 WHERE k BETWEEN 9821746 AND 9821846
	Bitmap Heap Scan on sbtest3  (cost=5.58..448.98 rows=112 width=125)
	  Recheck Cond: ((k >= 9821746) AND (k <= 9821846))
	  ->  Bitmap Index Scan on k_3  (cost=0.00..5.55 rows=112 width=0)
	        Index Cond: ((k >= 9821746) AND (k <= 9821846))

table 4 : explain SELECT k, c FROM sbtest4 WHERE k BETWEEN 9821746 AND 9821846
	Bitmap Heap Scan on sbtest4  (cost=5.52..425.44 rows=106 width=125)
	  Recheck Cond: ((k >= 9821746) AND (k <= 9821846))
	  ->  Bitmap Index Scan on k_4  (cost=0.00..5.50 rows=106 width=0)
	        Index Cond: ((k >= 9821746) AND (k <= 9821846))

table 5 : explain SELECT k, c FROM sbtest5 WHERE k BETWEEN 9821746 AND 9821846
	Bitmap Heap Scan on sbtest5  (cost=5.49..413.60 rows=103 width=125)
	  Recheck Cond: ((k >= 9821746) AND (k <= 9821846))
	  ->  Bitmap Index Scan on k_5  (cost=0.00..5.46 rows=103 width=0)
	        Index Cond: ((k >= 9821746) AND (k <= 9821846))

table 6 : explain SELECT k, c FROM sbtest6 WHERE k BETWEEN 9821746 AND 9821846
	Bitmap Heap Scan on sbtest6  (cost=5.37..366.23 rows=91 width=125)
	  Recheck Cond: ((k >= 9821746) AND (k <= 9821846))
	  ->  Bitmap Index Scan on k_6  (cost=0.00..5.34 rows=91 width=0)
	        Index Cond: ((k >= 9821746) AND (k <= 9821846))

table 7 : explain SELECT k, c FROM sbtest7 WHERE k BETWEEN 9821746 AND 9821846
	Bitmap Heap Scan on sbtest7  (cost=5.58..449.13 rows=112 width=125)
	  Recheck Cond: ((k >= 9821746) AND (k <= 9821846))
	  ->  Bitmap Index Scan on k_7  (cost=0.00..5.55 rows=112 width=0)
	        Index Cond: ((k >= 9821746) AND (k <= 9821846))

table 8 : explain SELECT k, c FROM sbtest8 WHERE k BETWEEN 9821746 AND 9821846
	Bitmap Heap Scan on sbtest8  (cost=5.55..437.29 rows=109 width=125)
	  Recheck Cond: ((k >= 9821746) AND (k <= 9821846))
	  ->  Bitmap Index Scan on k_8  (cost=0.00..5.52 rows=109 width=0)
	        Index Cond: ((k >= 9821746) AND (k <= 9821846))

for range-notcovered
table 1 : explain SELECT k, c FROM sbtest1 WHERE k BETWEEN 1950720 AND 1950820
	Bitmap Heap Scan on sbtest1  (cost=5.43..389.72 rows=97 width=125)
	  Recheck Cond: ((k >= 1950720) AND (k <= 1950820))
	  ->  Bitmap Index Scan on k_1  (cost=0.00..5.40 rows=97 width=0)
	        Index Cond: ((k >= 1950720) AND (k <= 1950820))

table 2 : explain SELECT k, c FROM sbtest2 WHERE k BETWEEN 1950720 AND 1950820
	Bitmap Heap Scan on sbtest2  (cost=5.53..429.30 rows=107 width=125)
	  Recheck Cond: ((k >= 1950720) AND (k <= 1950820))
	  ->  Bitmap Index Scan on k_2  (cost=0.00..5.50 rows=107 width=0)
	        Index Cond: ((k >= 1950720) AND (k <= 1950820))

table 3 : explain SELECT k, c FROM sbtest3 WHERE k BETWEEN 1950720 AND 1950820
	Bitmap Heap Scan on sbtest3  (cost=5.61..460.80 rows=115 width=125)
	  Recheck Cond: ((k >= 1950720) AND (k <= 1950820))
	  ->  Bitmap Index Scan on k_3  (cost=0.00..5.58 rows=115 width=0)
	        Index Cond: ((k >= 1950720) AND (k <= 1950820))

table 4 : explain SELECT k, c FROM sbtest4 WHERE k BETWEEN 1950720 AND 1950820
	Bitmap Heap Scan on sbtest4  (cost=5.45..397.82 rows=99 width=125)
	  Recheck Cond: ((k >= 1950720) AND (k <= 1950820))
	  ->  Bitmap Index Scan on k_4  (cost=0.00..5.42 rows=99 width=0)
	        Index Cond: ((k >= 1950720) AND (k <= 1950820))

table 5 : explain SELECT k, c FROM sbtest5 WHERE k BETWEEN 1950720 AND 1950820
	Bitmap Heap Scan on sbtest5  (cost=5.63..468.81 rows=117 width=125)
	  Recheck Cond: ((k >= 1950720) AND (k <= 1950820))
	  ->  Bitmap Index Scan on k_5  (cost=0.00..5.60 rows=117 width=0)
	        Index Cond: ((k >= 1950720) AND (k <= 1950820))

table 6 : explain SELECT k, c FROM sbtest6 WHERE k BETWEEN 1950720 AND 1950820
	Bitmap Heap Scan on sbtest6  (cost=5.49..413.62 rows=103 width=125)
	  Recheck Cond: ((k >= 1950720) AND (k <= 1950820))
	  ->  Bitmap Index Scan on k_6  (cost=0.00..5.46 rows=103 width=0)
	        Index Cond: ((k >= 1950720) AND (k <= 1950820))

table 7 : explain SELECT k, c FROM sbtest7 WHERE k BETWEEN 1950720 AND 1950820
	Bitmap Heap Scan on sbtest7  (cost=5.38..370.19 rows=92 width=125)
	  Recheck Cond: ((k >= 1950720) AND (k <= 1950820))
	  ->  Bitmap Index Scan on k_7  (cost=0.00..5.35 rows=92 width=0)
	        Index Cond: ((k >= 1950720) AND (k <= 1950820))

table 8 : explain SELECT k, c FROM sbtest8 WHERE k BETWEEN 1950720 AND 1950820
	Bitmap Heap Scan on sbtest8  (cost=5.44..393.88 rows=98 width=125)
	  Recheck Cond: ((k >= 1950720) AND (k <= 1950820))
	  ->  Bitmap Index Scan on k_8  (cost=0.00..5.42 rows=98 width=0)
	        Index Cond: ((k >= 1950720) AND (k <= 1950820))

explain: for range-notcovered :: explain SELECT k, c FROM sbtest%d WHERE k BETWEEN 3865322 AND 3865422
explain: for range-notcovered :: explain SELECT k, c FROM sbtest%d WHERE k BETWEEN 1597552 AND 1597652
for range-notcovered
table 1 : explain SELECT k, c FROM sbtest1 WHERE k BETWEEN 2565359 AND 2565459
	Bitmap Heap Scan on sbtest1  (cost=5.58..448.86 rows=112 width=125)
	  Recheck Cond: ((k >= 2565359) AND (k <= 2565459))
	  ->  Bitmap Index Scan on k_1  (cost=0.00..5.55 rows=112 width=0)
	        Index Cond: ((k >= 2565359) AND (k <= 2565459))

table 2 : explain SELECT k, c FROM sbtest2 WHERE k BETWEEN 2565359 AND 2565459
	Bitmap Heap Scan on sbtest2  (cost=5.40..378.00 rows=94 width=125)
	  Recheck Cond: ((k >= 2565359) AND (k <= 2565459))
	  ->  Bitmap Index Scan on k_2  (cost=0.00..5.38 rows=94 width=0)
	        Index Cond: ((k >= 2565359) AND (k <= 2565459))

table 3 : explain SELECT k, c FROM sbtest3 WHERE k BETWEEN 2565359 AND 2565459
	Bitmap Heap Scan on sbtest3  (cost=5.50..417.44 rows=104 width=125)
	  Recheck Cond: ((k >= 2565359) AND (k <= 2565459))
	  ->  Bitmap Index Scan on k_3  (cost=0.00..5.47 rows=104 width=0)
	        Index Cond: ((k >= 2565359) AND (k <= 2565459))

table 4 : explain SELECT k, c FROM sbtest4 WHERE k BETWEEN 2565359 AND 2565459
	Bitmap Heap Scan on sbtest4  (cost=5.41..382.03 rows=95 width=125)
	  Recheck Cond: ((k >= 2565359) AND (k <= 2565459))
	  ->  Bitmap Index Scan on k_4  (cost=0.00..5.38 rows=95 width=0)
	        Index Cond: ((k >= 2565359) AND (k <= 2565459))

table 5 : explain SELECT k, c FROM sbtest5 WHERE k BETWEEN 2565359 AND 2565459
	Bitmap Heap Scan on sbtest5  (cost=5.54..433.33 rows=108 width=125)
	  Recheck Cond: ((k >= 2565359) AND (k <= 2565459))
	  ->  Bitmap Index Scan on k_5  (cost=0.00..5.51 rows=108 width=0)
	        Index Cond: ((k >= 2565359) AND (k <= 2565459))

table 6 : explain SELECT k, c FROM sbtest6 WHERE k BETWEEN 2565359 AND 2565459
	Bitmap Heap Scan on sbtest6  (cost=5.50..417.56 rows=104 width=125)
	  Recheck Cond: ((k >= 2565359) AND (k <= 2565459))
	  ->  Bitmap Index Scan on k_6  (cost=0.00..5.47 rows=104 width=0)
	        Index Cond: ((k >= 2565359) AND (k <= 2565459))

table 7 : explain SELECT k, c FROM sbtest7 WHERE k BETWEEN 2565359 AND 2565459
	Bitmap Heap Scan on sbtest7  (cost=5.40..378.09 rows=94 width=125)
	  Recheck Cond: ((k >= 2565359) AND (k <= 2565459))
	  ->  Bitmap Index Scan on k_7  (cost=0.00..5.38 rows=94 width=0)
	        Index Cond: ((k >= 2565359) AND (k <= 2565459))

table 8 : explain SELECT k, c FROM sbtest8 WHERE k BETWEEN 2565359 AND 2565459
	Bitmap Heap Scan on sbtest8  (cost=5.44..393.88 rows=98 width=125)
	  Recheck Cond: ((k >= 2565359) AND (k <= 2565459))
	  ->  Bitmap Index Scan on k_8  (cost=0.00..5.42 rows=98 width=0)
	        Index Cond: ((k >= 2565359) AND (k <= 2565459))

for range-notcovered
table 1 : explain SELECT k, c FROM sbtest1 WHERE k BETWEEN 4439266 AND 4439366
	Bitmap Heap Scan on sbtest1  (cost=5.48..409.44 rows=102 width=125)
	  Recheck Cond: ((k >= 4439266) AND (k <= 4439366))
	  ->  Bitmap Index Scan on k_1  (cost=0.00..5.45 rows=102 width=0)
	        Index Cond: ((k >= 4439266) AND (k <= 4439366))

table 2 : explain SELECT k, c FROM sbtest2 WHERE k BETWEEN 4439266 AND 4439366
	Bitmap Heap Scan on sbtest2  (cost=5.46..401.69 rows=100 width=125)
	  Recheck Cond: ((k >= 4439266) AND (k <= 4439366))
	  ->  Bitmap Index Scan on k_2  (cost=0.00..5.43 rows=100 width=0)
	        Index Cond: ((k >= 4439266) AND (k <= 4439366))

table 3 : explain SELECT k, c FROM sbtest3 WHERE k BETWEEN 4439266 AND 4439366
	Bitmap Heap Scan on sbtest3  (cost=5.53..429.27 rows=107 width=125)
	  Recheck Cond: ((k >= 4439266) AND (k <= 4439366))
	  ->  Bitmap Index Scan on k_3  (cost=0.00..5.50 rows=107 width=0)
	        Index Cond: ((k >= 4439266) AND (k <= 4439366))

table 4 : explain SELECT k, c FROM sbtest4 WHERE k BETWEEN 4439266 AND 4439366
	Bitmap Heap Scan on sbtest4  (cost=5.38..370.18 rows=92 width=125)
	  Recheck Cond: ((k >= 4439266) AND (k <= 4439366))
	  ->  Bitmap Index Scan on k_4  (cost=0.00..5.35 rows=92 width=0)
	        Index Cond: ((k >= 4439266) AND (k <= 4439366))

table 5 : explain SELECT k, c FROM sbtest5 WHERE k BETWEEN 4439266 AND 4439366
	Bitmap Heap Scan on sbtest5  (cost=5.46..401.76 rows=100 width=125)
	  Recheck Cond: ((k >= 4439266) AND (k <= 4439366))
	  ->  Bitmap Index Scan on k_5  (cost=0.00..5.43 rows=100 width=0)
	        Index Cond: ((k >= 4439266) AND (k <= 4439366))

table 6 : explain SELECT k, c FROM sbtest6 WHERE k BETWEEN 4439266 AND 4439366
	Bitmap Heap Scan on sbtest6  (cost=5.58..449.12 rows=112 width=125)
	  Recheck Cond: ((k >= 4439266) AND (k <= 4439366))
	  ->  Bitmap Index Scan on k_6  (cost=0.00..5.55 rows=112 width=0)
	        Index Cond: ((k >= 4439266) AND (k <= 4439366))

table 7 : explain SELECT k, c FROM sbtest7 WHERE k BETWEEN 4439266 AND 4439366
	Bitmap Heap Scan on sbtest7  (cost=5.61..460.95 rows=115 width=125)
	  Recheck Cond: ((k >= 4439266) AND (k <= 4439366))
	  ->  Bitmap Index Scan on k_7  (cost=0.00..5.58 rows=115 width=0)
	        Index Cond: ((k >= 4439266) AND (k <= 4439366))

table 8 : explain SELECT k, c FROM sbtest8 WHERE k BETWEEN 4439266 AND 4439366
	Bitmap Heap Scan on sbtest8  (cost=5.48..409.67 rows=102 width=125)
	  Recheck Cond: ((k >= 4439266) AND (k <= 4439366))
	  ->  Bitmap Index Scan on k_8  (cost=0.00..5.45 rows=102 width=0)
	        Index Cond: ((k >= 4439266) AND (k <= 4439366))

for range-notcovered
table 1 : explain SELECT k, c FROM sbtest1 WHERE k BETWEEN 5832955 AND 5833055
	Bitmap Heap Scan on sbtest1  (cost=5.46..401.56 rows=100 width=125)
	  Recheck Cond: ((k >= 5832955) AND (k <= 5833055))
	  ->  Bitmap Index Scan on k_1  (cost=0.00..5.43 rows=100 width=0)
	        Index Cond: ((k >= 5832955) AND (k <= 5833055))

table 2 : explain SELECT k, c FROM sbtest2 WHERE k BETWEEN 5832955 AND 5833055
	Bitmap Heap Scan on sbtest2  (cost=5.36..362.20 rows=90 width=125)
	  Recheck Cond: ((k >= 5832955) AND (k <= 5833055))
	  ->  Bitmap Index Scan on k_2  (cost=0.00..5.33 rows=90 width=0)
	        Index Cond: ((k >= 5832955) AND (k <= 5833055))

table 3 : explain SELECT k, c FROM sbtest3 WHERE k BETWEEN 5832955 AND 5833055
	Bitmap Heap Scan on sbtest3  (cost=5.58..448.98 rows=112 width=125)
	  Recheck Cond: ((k >= 5832955) AND (k <= 5833055))
	  ->  Bitmap Index Scan on k_3  (cost=0.00..5.55 rows=112 width=0)
	        Index Cond: ((k >= 5832955) AND (k <= 5833055))

table 4 : explain SELECT k, c FROM sbtest4 WHERE k BETWEEN 5832955 AND 5833055
	Bitmap Heap Scan on sbtest4  (cost=5.44..393.87 rows=98 width=125)
	  Recheck Cond: ((k >= 5832955) AND (k <= 5833055))
	  ->  Bitmap Index Scan on k_4  (cost=0.00..5.42 rows=98 width=0)
	        Index Cond: ((k >= 5832955) AND (k <= 5833055))

table 5 : explain SELECT k, c FROM sbtest5 WHERE k BETWEEN 5832955 AND 5833055
	Bitmap Heap Scan on sbtest5  (cost=5.54..433.33 rows=108 width=125)
	  Recheck Cond: ((k >= 5832955) AND (k <= 5833055))
	  ->  Bitmap Index Scan on k_5  (cost=0.00..5.51 rows=108 width=0)
	        Index Cond: ((k >= 5832955) AND (k <= 5833055))

table 6 : explain SELECT k, c FROM sbtest6 WHERE k BETWEEN 5832955 AND 5833055
	Bitmap Heap Scan on sbtest6  (cost=5.52..425.45 rows=106 width=125)
	  Recheck Cond: ((k >= 5832955) AND (k <= 5833055))
	  ->  Bitmap Index Scan on k_6  (cost=0.00..5.50 rows=106 width=0)
	        Index Cond: ((k >= 5832955) AND (k <= 5833055))

table 7 : explain SELECT k, c FROM sbtest7 WHERE k BETWEEN 5832955 AND 5833055
	Bitmap Heap Scan on sbtest7  (cost=5.41..382.04 rows=95 width=125)
	  Recheck Cond: ((k >= 5832955) AND (k <= 5833055))
	  ->  Bitmap Index Scan on k_7  (cost=0.00..5.38 rows=95 width=0)
	        Index Cond: ((k >= 5832955) AND (k <= 5833055))

table 8 : explain SELECT k, c FROM sbtest8 WHERE k BETWEEN 5832955 AND 5833055
	Bitmap Heap Scan on sbtest8  (cost=5.55..437.29 rows=109 width=125)
	  Recheck Cond: ((k >= 5832955) AND (k <= 5833055))
	  ->  Bitmap Index Scan on k_8  (cost=0.00..5.52 rows=109 width=0)
	        Index Cond: ((k >= 5832955) AND (k <= 5833055))

for range-notcovered
table 1 : explain SELECT k, c FROM sbtest1 WHERE k BETWEEN 3939054 AND 3939154
	Bitmap Heap Scan on sbtest1  (cost=5.43..389.72 rows=97 width=125)
	  Recheck Cond: ((k >= 3939054) AND (k <= 3939154))
	  ->  Bitmap Index Scan on k_1  (cost=0.00..5.40 rows=97 width=0)
	        Index Cond: ((k >= 3939054) AND (k <= 3939154))

table 2 : explain SELECT k, c FROM sbtest2 WHERE k BETWEEN 3939054 AND 3939154
	Bitmap Heap Scan on sbtest2  (cost=5.43..389.85 rows=97 width=125)
	  Recheck Cond: ((k >= 3939054) AND (k <= 3939154))
	  ->  Bitmap Index Scan on k_2  (cost=0.00..5.40 rows=97 width=0)
	        Index Cond: ((k >= 3939054) AND (k <= 3939154))

table 3 : explain SELECT k, c FROM sbtest3 WHERE k BETWEEN 3939054 AND 3939154
	Bitmap Heap Scan on sbtest3  (cost=5.58..448.98 rows=112 width=125)
	  Recheck Cond: ((k >= 3939054) AND (k <= 3939154))
	  ->  Bitmap Index Scan on k_3  (cost=0.00..5.55 rows=112 width=0)
	        Index Cond: ((k >= 3939054) AND (k <= 3939154))

table 4 : explain SELECT k, c FROM sbtest4 WHERE k BETWEEN 3939054 AND 3939154
	Bitmap Heap Scan on sbtest4  (cost=5.53..429.39 rows=107 width=125)
	  Recheck Cond: ((k >= 3939054) AND (k <= 3939154))
	  ->  Bitmap Index Scan on k_4  (cost=0.00..5.50 rows=107 width=0)
	        Index Cond: ((k >= 3939054) AND (k <= 3939154))

table 5 : explain SELECT k, c FROM sbtest5 WHERE k BETWEEN 3939054 AND 3939154
	Bitmap Heap Scan on sbtest5  (cost=5.51..421.49 rows=105 width=125)
	  Recheck Cond: ((k >= 3939054) AND (k <= 3939154))
	  ->  Bitmap Index Scan on k_5  (cost=0.00..5.48 rows=105 width=0)
	        Index Cond: ((k >= 3939054) AND (k <= 3939154))

table 6 : explain SELECT k, c FROM sbtest6 WHERE k BETWEEN 3939054 AND 3939154
	Bitmap Heap Scan on sbtest6  (cost=5.50..417.56 rows=104 width=125)
	  Recheck Cond: ((k >= 3939054) AND (k <= 3939154))
	  ->  Bitmap Index Scan on k_6  (cost=0.00..5.47 rows=104 width=0)
	        Index Cond: ((k >= 3939054) AND (k <= 3939154))

table 7 : explain SELECT k, c FROM sbtest7 WHERE k BETWEEN 3939054 AND 3939154
	Bitmap Heap Scan on sbtest7  (cost=5.54..433.35 rows=108 width=125)
	  Recheck Cond: ((k >= 3939054) AND (k <= 3939154))
	  ->  Bitmap Index Scan on k_7  (cost=0.00..5.51 rows=108 width=0)
	        Index Cond: ((k >= 3939054) AND (k <= 3939154))

table 8 : explain SELECT k, c FROM sbtest8 WHERE k BETWEEN 3939054 AND 3939154
	Bitmap Heap Scan on sbtest8  (cost=5.42..385.99 rows=96 width=125)
	  Recheck Cond: ((k >= 3939054) AND (k <= 3939154))
	  ->  Bitmap Index Scan on k_8  (cost=0.00..5.39 rows=96 width=0)
	        Index Cond: ((k >= 3939054) AND (k <= 3939154))

explain: for range-notcovered :: explain SELECT k, c FROM sbtest%d WHERE k BETWEEN 5832955 AND 5833055
for range-notcovered
table 1 : explain SELECT k, c FROM sbtest1 WHERE k BETWEEN 1543373 AND 1543473
	Bitmap Heap Scan on sbtest1  (cost=5.55..437.04 rows=109 width=125)
	  Recheck Cond: ((k >= 1543373) AND (k <= 1543473))
	  ->  Bitmap Index Scan on k_1  (cost=0.00..5.52 rows=109 width=0)
	        Index Cond: ((k >= 1543373) AND (k <= 1543473))

table 2 : explain SELECT k, c FROM sbtest2 WHERE k BETWEEN 1543373 AND 1543473
	Bitmap Heap Scan on sbtest2  (cost=5.41..381.95 rows=95 width=125)
	  Recheck Cond: ((k >= 1543373) AND (k <= 1543473))
	  ->  Bitmap Index Scan on k_2  (cost=0.00..5.38 rows=95 width=0)
	        Index Cond: ((k >= 1543373) AND (k <= 1543473))

table 3 : explain SELECT k, c FROM sbtest3 WHERE k BETWEEN 1543373 AND 1543473
	Bitmap Heap Scan on sbtest3  (cost=5.41..381.92 rows=95 width=125)
	  Recheck Cond: ((k >= 1543373) AND (k <= 1543473))
	  ->  Bitmap Index Scan on k_3  (cost=0.00..5.38 rows=95 width=0)
	        Index Cond: ((k >= 1543373) AND (k <= 1543473))

table 4 : explain SELECT k, c FROM sbtest4 WHERE k BETWEEN 1543373 AND 1543473
	Bitmap Heap Scan on sbtest4  (cost=5.44..393.87 rows=98 width=125)
	  Recheck Cond: ((k >= 1543373) AND (k <= 1543473))
	  ->  Bitmap Index Scan on k_4  (cost=0.00..5.42 rows=98 width=0)
	        Index Cond: ((k >= 1543373) AND (k <= 1543473))

table 5 : explain SELECT k, c FROM sbtest5 WHERE k BETWEEN 1543373 AND 1543473
	Bitmap Heap Scan on sbtest5  (cost=5.45..397.81 rows=99 width=125)
	  Recheck Cond: ((k >= 1543373) AND (k <= 1543473))
	  ->  Bitmap Index Scan on k_5  (cost=0.00..5.42 rows=99 width=0)
	        Index Cond: ((k >= 1543373) AND (k <= 1543473))

table 6 : explain SELECT k, c FROM sbtest6 WHERE k BETWEEN 1543373 AND 1543473
	Bitmap Heap Scan on sbtest6  (cost=5.52..425.45 rows=106 width=125)
	  Recheck Cond: ((k >= 1543373) AND (k <= 1543473))
	  ->  Bitmap Index Scan on k_6  (cost=0.00..5.50 rows=106 width=0)
	        Index Cond: ((k >= 1543373) AND (k <= 1543473))

table 7 : explain SELECT k, c FROM sbtest7 WHERE k BETWEEN 1543373 AND 1543473
	Bitmap Heap Scan on sbtest7  (cost=5.41..382.04 rows=95 width=125)
	  Recheck Cond: ((k >= 1543373) AND (k <= 1543473))
	  ->  Bitmap Index Scan on k_7  (cost=0.00..5.38 rows=95 width=0)
	        Index Cond: ((k >= 1543373) AND (k <= 1543473))

table 8 : explain SELECT k, c FROM sbtest8 WHERE k BETWEEN 1543373 AND 1543473
	Bitmap Heap Scan on sbtest8  (cost=5.57..445.18 rows=111 width=125)
	  Recheck Cond: ((k >= 1543373) AND (k <= 1543473))
	  ->  Bitmap Index Scan on k_8  (cost=0.00..5.54 rows=111 width=0)
	        Index Cond: ((k >= 1543373) AND (k <= 1543473))

explain: for range-notcovered :: explain SELECT k, c FROM sbtest%d WHERE k BETWEEN 1950720 AND 1950820
for range-notcovered
table 1 : explain SELECT k, c FROM sbtest1 WHERE k BETWEEN 7698578 AND 7698678
	Bitmap Heap Scan on sbtest1  (cost=5.62..464.61 rows=116 width=125)
	  Recheck Cond: ((k >= 7698578) AND (k <= 7698678))
	  ->  Bitmap Index Scan on k_1  (cost=0.00..5.59 rows=116 width=0)
	        Index Cond: ((k >= 7698578) AND (k <= 7698678))

table 2 : explain SELECT k, c FROM sbtest2 WHERE k BETWEEN 7698578 AND 7698678
	Bitmap Heap Scan on sbtest2  (cost=5.43..389.85 rows=97 width=125)
	  Recheck Cond: ((k >= 7698578) AND (k <= 7698678))
	  ->  Bitmap Index Scan on k_2  (cost=0.00..5.40 rows=97 width=0)
	        Index Cond: ((k >= 7698578) AND (k <= 7698678))

table 3 : explain SELECT k, c FROM sbtest3 WHERE k BETWEEN 7698578 AND 7698678
	Bitmap Heap Scan on sbtest3  (cost=5.46..401.66 rows=100 width=125)
	  Recheck Cond: ((k >= 7698578) AND (k <= 7698678))
	  ->  Bitmap Index Scan on k_3  (cost=0.00..5.43 rows=100 width=0)
	        Index Cond: ((k >= 7698578) AND (k <= 7698678))

table 4 : explain SELECT k, c FROM sbtest4 WHERE k BETWEEN 7698578 AND 7698678
	Bitmap Heap Scan on sbtest4  (cost=5.42..385.97 rows=96 width=125)
	  Recheck Cond: ((k >= 7698578) AND (k <= 7698678))
	  ->  Bitmap Index Scan on k_4  (cost=0.00..5.39 rows=96 width=0)
	        Index Cond: ((k >= 7698578) AND (k <= 7698678))

table 5 : explain SELECT k, c FROM sbtest5 WHERE k BETWEEN 7698578 AND 7698678
	Bitmap Heap Scan on sbtest5  (cost=5.41..382.02 rows=95 width=125)
	  Recheck Cond: ((k >= 7698578) AND (k <= 7698678))
	  ->  Bitmap Index Scan on k_5  (cost=0.00..5.38 rows=95 width=0)
	        Index Cond: ((k >= 7698578) AND (k <= 7698678))

table 6 : explain SELECT k, c FROM sbtest6 WHERE k BETWEEN 7698578 AND 7698678
	Bitmap Heap Scan on sbtest6  (cost=5.47..405.72 rows=101 width=125)
	  Recheck Cond: ((k >= 7698578) AND (k <= 7698678))
	  ->  Bitmap Index Scan on k_6  (cost=0.00..5.44 rows=101 width=0)
	        Index Cond: ((k >= 7698578) AND (k <= 7698678))

table 7 : explain SELECT k, c FROM sbtest7 WHERE k BETWEEN 7698578 AND 7698678
	Bitmap Heap Scan on sbtest7  (cost=5.60..457.01 rows=114 width=125)
	  Recheck Cond: ((k >= 7698578) AND (k <= 7698678))
	  ->  Bitmap Index Scan on k_7  (cost=0.00..5.58 rows=114 width=0)
	        Index Cond: ((k >= 7698578) AND (k <= 7698678))

table 8 : explain SELECT k, c FROM sbtest8 WHERE k BETWEEN 7698578 AND 7698678
	Bitmap Heap Scan on sbtest8  (cost=5.47..405.73 rows=101 width=125)
	  Recheck Cond: ((k >= 7698578) AND (k <= 7698678))
	  ->  Bitmap Index Scan on k_8  (cost=0.00..5.44 rows=101 width=0)
	        Index Cond: ((k >= 7698578) AND (k <= 7698678))

explain: for range-notcovered :: explain SELECT k, c FROM sbtest%d WHERE k BETWEEN 1543373 AND 1543473
explain: for range-notcovered :: explain SELECT k, c FROM sbtest%d WHERE k BETWEEN 7698578 AND 7698678
explain: for range-notcovered :: explain SELECT k, c FROM sbtest%d WHERE k BETWEEN 6280881 AND 6280981
for range-notcovered
table 1 : explain SELECT k, c FROM sbtest1 WHERE k BETWEEN 5832955 AND 5833055
	Bitmap Heap Scan on sbtest1  (cost=5.46..401.56 rows=100 width=125)
	  Recheck Cond: ((k >= 5832955) AND (k <= 5833055))
	  ->  Bitmap Index Scan on k_1  (cost=0.00..5.43 rows=100 width=0)
	        Index Cond: ((k >= 5832955) AND (k <= 5833055))

table 2 : explain SELECT k, c FROM sbtest2 WHERE k BETWEEN 5832955 AND 5833055
	Bitmap Heap Scan on sbtest2  (cost=5.36..362.20 rows=90 width=125)
	  Recheck Cond: ((k >= 5832955) AND (k <= 5833055))
	  ->  Bitmap Index Scan on k_2  (cost=0.00..5.33 rows=90 width=0)
	        Index Cond: ((k >= 5832955) AND (k <= 5833055))

table 3 : explain SELECT k, c FROM sbtest3 WHERE k BETWEEN 5832955 AND 5833055
	Bitmap Heap Scan on sbtest3  (cost=5.58..448.98 rows=112 width=125)
	  Recheck Cond: ((k >= 5832955) AND (k <= 5833055))
	  ->  Bitmap Index Scan on k_3  (cost=0.00..5.55 rows=112 width=0)
	        Index Cond: ((k >= 5832955) AND (k <= 5833055))

table 4 : explain SELECT k, c FROM sbtest4 WHERE k BETWEEN 5832955 AND 5833055
	Bitmap Heap Scan on sbtest4  (cost=5.44..393.87 rows=98 width=125)
	  Recheck Cond: ((k >= 5832955) AND (k <= 5833055))
	  ->  Bitmap Index Scan on k_4  (cost=0.00..5.42 rows=98 width=0)
	        Index Cond: ((k >= 5832955) AND (k <= 5833055))

table 5 : explain SELECT k, c FROM sbtest5 WHERE k BETWEEN 5832955 AND 5833055
	Bitmap Heap Scan on sbtest5  (cost=5.54..433.33 rows=108 width=125)
	  Recheck Cond: ((k >= 5832955) AND (k <= 5833055))
	  ->  Bitmap Index Scan on k_5  (cost=0.00..5.51 rows=108 width=0)
	        Index Cond: ((k >= 5832955) AND (k <= 5833055))

table 6 : explain SELECT k, c FROM sbtest6 WHERE k BETWEEN 5832955 AND 5833055
	Bitmap Heap Scan on sbtest6  (cost=5.52..425.45 rows=106 width=125)
	  Recheck Cond: ((k >= 5832955) AND (k <= 5833055))
	  ->  Bitmap Index Scan on k_6  (cost=0.00..5.50 rows=106 width=0)
	        Index Cond: ((k >= 5832955) AND (k <= 5833055))

table 7 : explain SELECT k, c FROM sbtest7 WHERE k BETWEEN 5832955 AND 5833055
	Bitmap Heap Scan on sbtest7  (cost=5.41..382.04 rows=95 width=125)
	  Recheck Cond: ((k >= 5832955) AND (k <= 5833055))
	  ->  Bitmap Index Scan on k_7  (cost=0.00..5.38 rows=95 width=0)
	        Index Cond: ((k >= 5832955) AND (k <= 5833055))

table 8 : explain SELECT k, c FROM sbtest8 WHERE k BETWEEN 5832955 AND 5833055
	Bitmap Heap Scan on sbtest8  (cost=5.55..437.29 rows=109 width=125)
	  Recheck Cond: ((k >= 5832955) AND (k <= 5833055))
	  ->  Bitmap Index Scan on k_8  (cost=0.00..5.52 rows=109 width=0)
	        Index Cond: ((k >= 5832955) AND (k <= 5833055))

for range-notcovered
table 1 : explain SELECT k, c FROM sbtest1 WHERE k BETWEEN 4498482 AND 4498582
	Bitmap Heap Scan on sbtest1  (cost=5.48..409.44 rows=102 width=125)
	  Recheck Cond: ((k >= 4498482) AND (k <= 4498582))
	  ->  Bitmap Index Scan on k_1  (cost=0.00..5.45 rows=102 width=0)
	        Index Cond: ((k >= 4498482) AND (k <= 4498582))

table 2 : explain SELECT k, c FROM sbtest2 WHERE k BETWEEN 4498482 AND 4498582
	Bitmap Heap Scan on sbtest2  (cost=5.46..401.69 rows=100 width=125)
	  Recheck Cond: ((k >= 4498482) AND (k <= 4498582))
	  ->  Bitmap Index Scan on k_2  (cost=0.00..5.43 rows=100 width=0)
	        Index Cond: ((k >= 4498482) AND (k <= 4498582))

table 3 : explain SELECT k, c FROM sbtest3 WHERE k BETWEEN 4498482 AND 4498582
	Bitmap Heap Scan on sbtest3  (cost=5.47..405.60 rows=101 width=125)
	  Recheck Cond: ((k >= 4498482) AND (k <= 4498582))
	  ->  Bitmap Index Scan on k_3  (cost=0.00..5.44 rows=101 width=0)
	        Index Cond: ((k >= 4498482) AND (k <= 4498582))

table 4 : explain SELECT k, c FROM sbtest4 WHERE k BETWEEN 4498482 AND 4498582
	Bitmap Heap Scan on sbtest4  (cost=5.51..421.50 rows=105 width=125)
	  Recheck Cond: ((k >= 4498482) AND (k <= 4498582))
	  ->  Bitmap Index Scan on k_4  (cost=0.00..5.48 rows=105 width=0)
	        Index Cond: ((k >= 4498482) AND (k <= 4498582))

table 5 : explain SELECT k, c FROM sbtest5 WHERE k BETWEEN 4498482 AND 4498582
	Bitmap Heap Scan on sbtest5  (cost=5.42..385.97 rows=96 width=125)
	  Recheck Cond: ((k >= 4498482) AND (k <= 4498582))
	  ->  Bitmap Index Scan on k_5  (cost=0.00..5.39 rows=96 width=0)
	        Index Cond: ((k >= 4498482) AND (k <= 4498582))

table 6 : explain SELECT k, c FROM sbtest6 WHERE k BETWEEN 4498482 AND 4498582
	Bitmap Heap Scan on sbtest6  (cost=5.43..389.93 rows=97 width=125)
	  Recheck Cond: ((k >= 4498482) AND (k <= 4498582))
	  ->  Bitmap Index Scan on k_6  (cost=0.00..5.40 rows=97 width=0)
	        Index Cond: ((k >= 4498482) AND (k <= 4498582))

table 7 : explain SELECT k, c FROM sbtest7 WHERE k BETWEEN 4498482 AND 4498582
	Bitmap Heap Scan on sbtest7  (cost=5.61..460.95 rows=115 width=125)
	  Recheck Cond: ((k >= 4498482) AND (k <= 4498582))
	  ->  Bitmap Index Scan on k_7  (cost=0.00..5.58 rows=115 width=0)
	        Index Cond: ((k >= 4498482) AND (k <= 4498582))

table 8 : explain SELECT k, c FROM sbtest8 WHERE k BETWEEN 4498482 AND 4498582
	Bitmap Heap Scan on sbtest8  (cost=5.37..366.24 rows=91 width=125)
	  Recheck Cond: ((k >= 4498482) AND (k <= 4498582))
	  ->  Bitmap Index Scan on k_8  (cost=0.00..5.34 rows=91 width=0)
	        Index Cond: ((k >= 4498482) AND (k <= 4498582))

for range-notcovered
table 1 : explain SELECT k, c FROM sbtest1 WHERE k BETWEEN 1597552 AND 1597652
	Bitmap Heap Scan on sbtest1  (cost=5.38..369.99 rows=92 width=125)
	  Recheck Cond: ((k >= 1597552) AND (k <= 1597652))
	  ->  Bitmap Index Scan on k_1  (cost=0.00..5.35 rows=92 width=0)
	        Index Cond: ((k >= 1597552) AND (k <= 1597652))

table 2 : explain SELECT k, c FROM sbtest2 WHERE k BETWEEN 1597552 AND 1597652
	Bitmap Heap Scan on sbtest2  (cost=5.41..381.95 rows=95 width=125)
	  Recheck Cond: ((k >= 1597552) AND (k <= 1597652))
	  ->  Bitmap Index Scan on k_2  (cost=0.00..5.38 rows=95 width=0)
	        Index Cond: ((k >= 1597552) AND (k <= 1597652))

table 3 : explain SELECT k, c FROM sbtest3 WHERE k BETWEEN 1597552 AND 1597652
	Bitmap Heap Scan on sbtest3  (cost=5.57..445.04 rows=111 width=125)
	  Recheck Cond: ((k >= 1597552) AND (k <= 1597652))
	  ->  Bitmap Index Scan on k_3  (cost=0.00..5.54 rows=111 width=0)
	        Index Cond: ((k >= 1597552) AND (k <= 1597652))

table 4 : explain SELECT k, c FROM sbtest4 WHERE k BETWEEN 1597552 AND 1597652
	Bitmap Heap Scan on sbtest4  (cost=5.48..409.66 rows=102 width=125)
	  Recheck Cond: ((k >= 1597552) AND (k <= 1597652))
	  ->  Bitmap Index Scan on k_4  (cost=0.00..5.45 rows=102 width=0)
	        Index Cond: ((k >= 1597552) AND (k <= 1597652))

table 5 : explain SELECT k, c FROM sbtest5 WHERE k BETWEEN 1597552 AND 1597652
	Bitmap Heap Scan on sbtest5  (cost=5.45..397.81 rows=99 width=125)
	  Recheck Cond: ((k >= 1597552) AND (k <= 1597652))
	  ->  Bitmap Index Scan on k_5  (cost=0.00..5.42 rows=99 width=0)
	        Index Cond: ((k >= 1597552) AND (k <= 1597652))

table 6 : explain SELECT k, c FROM sbtest6 WHERE k BETWEEN 1597552 AND 1597652
	Bitmap Heap Scan on sbtest6  (cost=5.52..425.45 rows=106 width=125)
	  Recheck Cond: ((k >= 1597552) AND (k <= 1597652))
	  ->  Bitmap Index Scan on k_6  (cost=0.00..5.50 rows=106 width=0)
	        Index Cond: ((k >= 1597552) AND (k <= 1597652))

table 7 : explain SELECT k, c FROM sbtest7 WHERE k BETWEEN 1597552 AND 1597652
	Bitmap Heap Scan on sbtest7  (cost=5.45..397.83 rows=99 width=125)
	  Recheck Cond: ((k >= 1597552) AND (k <= 1597652))
	  ->  Bitmap Index Scan on k_7  (cost=0.00..5.42 rows=99 width=0)
	        Index Cond: ((k >= 1597552) AND (k <= 1597652))

table 8 : explain SELECT k, c FROM sbtest8 WHERE k BETWEEN 1597552 AND 1597652
	Bitmap Heap Scan on sbtest8  (cost=5.46..401.78 rows=100 width=125)
	  Recheck Cond: ((k >= 1597552) AND (k <= 1597652))
	  ->  Bitmap Index Scan on k_8  (cost=0.00..5.43 rows=100 width=0)
	        Index Cond: ((k >= 1597552) AND (k <= 1597652))

explain: for range-notcovered :: explain SELECT k, c FROM sbtest%d WHERE k BETWEEN 5832955 AND 5833055
for range-notcovered
table 1 : explain SELECT k, c FROM sbtest1 WHERE k BETWEEN 6577215 AND 6577315
	Bitmap Heap Scan on sbtest1  (cost=5.40..377.88 rows=94 width=125)
	  Recheck Cond: ((k >= 6577215) AND (k <= 6577315))
	  ->  Bitmap Index Scan on k_1  (cost=0.00..5.38 rows=94 width=0)
	        Index Cond: ((k >= 6577215) AND (k <= 6577315))

table 2 : explain SELECT k, c FROM sbtest2 WHERE k BETWEEN 6577215 AND 6577315
	Bitmap Heap Scan on sbtest2  (cost=5.45..397.74 rows=99 width=125)
	  Recheck Cond: ((k >= 6577215) AND (k <= 6577315))
	  ->  Bitmap Index Scan on k_2  (cost=0.00..5.42 rows=99 width=0)
	        Index Cond: ((k >= 6577215) AND (k <= 6577315))

table 3 : explain SELECT k, c FROM sbtest3 WHERE k BETWEEN 6577215 AND 6577315
	Bitmap Heap Scan on sbtest3  (cost=5.49..413.49 rows=103 width=125)
	  Recheck Cond: ((k >= 6577215) AND (k <= 6577315))
	  ->  Bitmap Index Scan on k_3  (cost=0.00..5.46 rows=103 width=0)
	        Index Cond: ((k >= 6577215) AND (k <= 6577315))

table 4 : explain SELECT k, c FROM sbtest4 WHERE k BETWEEN 6577215 AND 6577315
	Bitmap Heap Scan on sbtest4  (cost=5.44..393.87 rows=98 width=125)
	  Recheck Cond: ((k >= 6577215) AND (k <= 6577315))
	  ->  Bitmap Index Scan on k_4  (cost=0.00..5.42 rows=98 width=0)
	        Index Cond: ((k >= 6577215) AND (k <= 6577315))

table 5 : explain SELECT k, c FROM sbtest5 WHERE k BETWEEN 6577215 AND 6577315
	Bitmap Heap Scan on sbtest5  (cost=5.52..425.44 rows=106 width=125)
	  Recheck Cond: ((k >= 6577215) AND (k <= 6577315))
	  ->  Bitmap Index Scan on k_5  (cost=0.00..5.50 rows=106 width=0)
	        Index Cond: ((k >= 6577215) AND (k <= 6577315))

table 6 : explain SELECT k, c FROM sbtest6 WHERE k BETWEEN 6577215 AND 6577315
	Bitmap Heap Scan on sbtest6  (cost=5.44..393.88 rows=98 width=125)
	  Recheck Cond: ((k >= 6577215) AND (k <= 6577315))
	  ->  Bitmap Index Scan on k_6  (cost=0.00..5.42 rows=98 width=0)
	        Index Cond: ((k >= 6577215) AND (k <= 6577315))

table 7 : explain SELECT k, c FROM sbtest7 WHERE k BETWEEN 6577215 AND 6577315
	Bitmap Heap Scan on sbtest7  (cost=5.50..417.57 rows=104 width=125)
	  Recheck Cond: ((k >= 6577215) AND (k <= 6577315))
	  ->  Bitmap Index Scan on k_7  (cost=0.00..5.47 rows=104 width=0)
	        Index Cond: ((k >= 6577215) AND (k <= 6577315))

table 8 : explain SELECT k, c FROM sbtest8 WHERE k BETWEEN 6577215 AND 6577315
	Bitmap Heap Scan on sbtest8  (cost=5.43..389.94 rows=97 width=125)
	  Recheck Cond: ((k >= 6577215) AND (k <= 6577315))
	  ->  Bitmap Index Scan on k_8  (cost=0.00..5.40 rows=97 width=0)
	        Index Cond: ((k >= 6577215) AND (k <= 6577315))

explain: for range-notcovered :: explain SELECT k, c FROM sbtest%d WHERE k BETWEEN 4498482 AND 4498582
explain: for range-notcovered :: explain SELECT k, c FROM sbtest%d WHERE k BETWEEN 1597552 AND 1597652for range-notcovered
table 1 : explain SELECT k, c FROM sbtest1 WHERE k BETWEEN 1465057 AND 1465157
	Bitmap Heap Scan on sbtest1  (cost=5.46..401.56 rows=100 width=125)
	  Recheck Cond: ((k >= 1465057) AND (k <= 1465157))
	  ->  Bitmap Index Scan on k_1  (cost=0.00..5.43 rows=100 width=0)
	        Index Cond: ((k >= 1465057) AND (k <= 1465157))

table 2 : explain SELECT k, c FROM sbtest2 WHERE k BETWEEN 1465057 AND 1465157
	Bitmap Heap Scan on sbtest2  (cost=5.44..393.79 rows=98 width=125)
	  Recheck Cond: ((k >= 1465057) AND (k <= 1465157))
	  ->  Bitmap Index Scan on k_2  (cost=0.00..5.42 rows=98 width=0)
	        Index Cond: ((k >= 1465057) AND (k <= 1465157))

table 3 : explain SELECT k, c FROM sbtest3 WHERE k BETWEEN 1465057 AND 1465157
	Bitmap Heap Scan on sbtest3  (cost=5.38..370.08 rows=92 width=125)
	  Recheck Cond: ((k >= 1465057) AND (k <= 1465157))
	  ->  Bitmap Index Scan on k_3  (cost=0.00..5.35 rows=92 width=0)
	        Index Cond: ((k >= 1465057) AND (k <= 1465157))

table 4 : explain SELECT k, c FROM sbtest4 WHERE k BETWEEN 1465057 AND 1465157
	Bitmap Heap Scan on sbtest4  (cost=5.44..393.87 rows=98 width=125)
	  Recheck Cond: ((k >= 1465057) AND (k <= 1465157))
	  ->  Bitmap Index Scan on k_4  (cost=0.00..5.42 rows=98 width=0)
	        Index Cond: ((k >= 1465057) AND (k <= 1465157))

table 5 : explain SELECT k, c FROM sbtest5 WHERE k BETWEEN 1465057 AND 1465157
	Bitmap Heap Scan on sbtest5  (cost=5.47..405.71 rows=101 width=125)
	  Recheck Cond: ((k >= 1465057) AND (k <= 1465157))
	  ->  Bitmap Index Scan on k_5  (cost=0.00..5.44 rows=101 width=0)
	        Index Cond: ((k >= 1465057) AND (k <= 1465157))

table 6 : explain SELECT k, c FROM sbtest6 WHERE k BETWEEN 1465057 AND 1465157
	Bitmap Heap Scan on sbtest6  (cost=5.47..405.72 rows=101 width=125)
	  Recheck Cond: ((k >= 1465057) AND (k <= 1465157))
	  ->  Bitmap Index Scan on k_6  (cost=0.00..5.44 rows=101 width=0)
	        Index Cond: ((k >= 1465057) AND (k <= 1465157))

table 7 : explain SELECT k, c FROM sbtest7 WHERE k BETWEEN 1465057 AND 1465157
	Bitmap Heap Scan on sbtest7  (cost=5.56..441.24 rows=110 width=125)
	  Recheck Cond: ((k >= 1465057) AND (k <= 1465157))
	  ->  Bitmap Index Scan on k_7  (cost=0.00..5.53 rows=110 width=0)
	        Index Cond: ((k >= 1465057) AND (k <= 1465157))

table 8 : explain SELECT k, c FROM sbtest8 WHERE k BETWEEN 1465057 AND 1465157
	Bitmap Heap Scan on sbtest8  (cost=5.49..413.62 rows=103 width=125)
	  Recheck Cond: ((k >= 1465057) AND (k <= 1465157))
	  ->  Bitmap Index Scan on k_8  (cost=0.00..5.46 rows=103 width=0)
	        Index Cond: ((k >= 1465057) AND (k <= 1465157))

for range-notcovered
table 1 : explain SELECT k, c FROM sbtest1 WHERE k BETWEEN 1950720 AND 1950820
	Bitmap Heap Scan on sbtest1  (cost=5.43..389.72 rows=97 width=125)
	  Recheck Cond: ((k >= 1950720) AND (k <= 1950820))
	  ->  Bitmap Index Scan on k_1  (cost=0.00..5.40 rows=97 width=0)
	        Index Cond: ((k >= 1950720) AND (k <= 1950820))

table 2 : explain SELECT k, c FROM sbtest2 WHERE k BETWEEN 1950720 AND 1950820
	Bitmap Heap Scan on sbtest2  (cost=5.53..429.30 rows=107 width=125)
	  Recheck Cond: ((k >= 1950720) AND (k <= 1950820))
	  ->  Bitmap Index Scan on k_2  (cost=0.00..5.50 rows=107 width=0)
	        Index Cond: ((k >= 1950720) AND (k <= 1950820))

table 3 : explain SELECT k, c FROM sbtest3 WHERE k BETWEEN 1950720 AND 1950820
	Bitmap Heap Scan on sbtest3  (cost=5.61..460.80 rows=115 width=125)
	  Recheck Cond: ((k >= 1950720) AND (k <= 1950820))
	  ->  Bitmap Index Scan on k_3  (cost=0.00..5.58 rows=115 width=0)
	        Index Cond: ((k >= 1950720) AND (k <= 1950820))

table 4 : explain SELECT k, c FROM sbtest4 WHERE k BETWEEN 1950720 AND 1950820
	Bitmap Heap Scan on sbtest4  (cost=5.45..397.82 rows=99 width=125)
	  Recheck Cond: ((k >= 1950720) AND (k <= 1950820))
	  ->  Bitmap Index Scan on k_4  (cost=0.00..5.42 rows=99 width=0)
	        Index Cond: ((k >= 1950720) AND (k <= 1950820))

table 5 : explain SELECT k, c FROM sbtest5 WHERE k BETWEEN 1950720 AND 1950820
	Bitmap Heap Scan on sbtest5  (cost=5.63..468.81 rows=117 width=125)
	  Recheck Cond: ((k >= 1950720) AND (k <= 1950820))
	  ->  Bitmap Index Scan on k_5  (cost=0.00..5.60 rows=117 width=0)
	        Index Cond: ((k >= 1950720) AND (k <= 1950820))

table 6 : explain SELECT k, c FROM sbtest6 WHERE k BETWEEN 1950720 AND 1950820
	Bitmap Heap Scan on sbtest6  (cost=5.49..413.62 rows=103 width=125)
	  Recheck Cond: ((k >= 1950720) AND (k <= 1950820))
	  ->  Bitmap Index Scan on k_6  (cost=0.00..5.46 rows=103 width=0)
	        Index Cond: ((k >= 1950720) AND (k <= 1950820))

table 7 : explain SELECT k, c FROM sbtest7 WHERE k BETWEEN 1950720 AND 1950820
	Bitmap Heap Scan on sbtest7  (cost=5.38..370.19 rows=92 width=125)
	  Recheck Cond: ((k >= 1950720) AND (k <= 1950820))
	  ->  Bitmap Index Scan on k_7  (cost=0.00..5.35 rows=92 width=0)
	        Index Cond: ((k >= 1950720) AND (k <= 1950820))

table 8 : explain SELECT k, c FROM sbtest8 WHERE k BETWEEN 1950720 AND 1950820
	Bitmap Heap Scan on sbtest8  (cost=5.44..393.88 rows=98 width=125)
	  Recheck Cond: ((k >= 1950720) AND (k <= 1950820))
	  ->  Bitmap Index Scan on k_8  (cost=0.00..5.42 rows=98 width=0)
	        Index Cond: ((k >= 1950720) AND (k <= 1950820))


explain: for range-notcovered :: explain SELECT k, c FROM sbtest%d WHERE k BETWEEN 6577215 AND 6577315
for range-notcovered
table 1 : explain SELECT k, c FROM sbtest1 WHERE k BETWEEN 7698578 AND 7698678
	Bitmap Heap Scan on sbtest1  (cost=5.62..464.61 rows=116 width=125)
	  Recheck Cond: ((k >= 7698578) AND (k <= 7698678))
	  ->  Bitmap Index Scan on k_1  (cost=0.00..5.59 rows=116 width=0)
	        Index Cond: ((k >= 7698578) AND (k <= 7698678))

table 2 : explain SELECT k, c FROM sbtest2 WHERE k BETWEEN 7698578 AND 7698678
	Bitmap Heap Scan on sbtest2  (cost=5.43..389.85 rows=97 width=125)
	  Recheck Cond: ((k >= 7698578) AND (k <= 7698678))
	  ->  Bitmap Index Scan on k_2  (cost=0.00..5.40 rows=97 width=0)
	        Index Cond: ((k >= 7698578) AND (k <= 7698678))

table 3 : explain SELECT k, c FROM sbtest3 WHERE k BETWEEN 7698578 AND 7698678
	Bitmap Heap Scan on sbtest3  (cost=5.46..401.66 rows=100 width=125)
	  Recheck Cond: ((k >= 7698578) AND (k <= 7698678))
	  ->  Bitmap Index Scan on k_3  (cost=0.00..5.43 rows=100 width=0)
	        Index Cond: ((k >= 7698578) AND (k <= 7698678))

table 4 : explain SELECT k, c FROM sbtest4 WHERE k BETWEEN 7698578 AND 7698678
	Bitmap Heap Scan on sbtest4  (cost=5.42..385.97 rows=96 width=125)
	  Recheck Cond: ((k >= 7698578) AND (k <= 7698678))
	  ->  Bitmap Index Scan on k_4  (cost=0.00..5.39 rows=96 width=0)
	        Index Cond: ((k >= 7698578) AND (k <= 7698678))

table 5 : explain SELECT k, c FROM sbtest5 WHERE k BETWEEN 7698578 AND 7698678
	Bitmap Heap Scan on sbtest5  (cost=5.41..382.02 rows=95 width=125)
	  Recheck Cond: ((k >= 7698578) AND (k <= 7698678))
	  ->  Bitmap Index Scan on k_5  (cost=0.00..5.38 rows=95 width=0)
	        Index Cond: ((k >= 7698578) AND (k <= 7698678))

table 6 : explain SELECT k, c FROM sbtest6 WHERE k BETWEEN 7698578 AND 7698678
	Bitmap Heap Scan on sbtest6  (cost=5.47..405.72 rows=101 width=125)
	  Recheck Cond: ((k >= 7698578) AND (k <= 7698678))
	  ->  Bitmap Index Scan on k_6  (cost=0.00..5.44 rows=101 width=0)
	        Index Cond: ((k >= 7698578) AND (k <= 7698678))

table 7 : explain SELECT k, c FROM sbtest7 WHERE k BETWEEN 7698578 AND 7698678
	Bitmap Heap Scan on sbtest7  (cost=5.60..457.01 rows=114 width=125)
	  Recheck Cond: ((k >= 7698578) AND (k <= 7698678))
	  ->  Bitmap Index Scan on k_7  (cost=0.00..5.58 rows=114 width=0)
	        Index Cond: ((k >= 7698578) AND (k <= 7698678))

table 8 : explain SELECT k, c FROM sbtest8 WHERE k BETWEEN 7698578 AND 7698678
	Bitmap Heap Scan on sbtest8  (cost=5.47..405.73 rows=101 width=125)
	  Recheck Cond: ((k >= 7698578) AND (k <= 7698678))
	  ->  Bitmap Index Scan on k_8  (cost=0.00..5.44 rows=101 width=0)
	        Index Cond: ((k >= 7698578) AND (k <= 7698678))

explain: for range-notcovered :: explain SELECT k, c FROM sbtest%d WHERE k BETWEEN 1465057 AND 1465157
explain: for range-notcovered :: explain SELECT k, c FROM sbtest%d WHERE k BETWEEN 7698578 AND 7698678
explain: for range-notcovered :: explain SELECT k, c FROM sbtest%d WHERE k BETWEEN 1950720 AND 1950820
explain: for range-notcovered :: explain SELECT k, c FROM sbtest%d WHERE k BETWEEN 3149803 AND 3149903
explain: for range-notcovered :: explain SELECT k, c FROM sbtest%d WHERE k BETWEEN 8895132 AND 8895232
for range-notcovered
table 1 : explain SELECT k, c FROM sbtest1 WHERE k BETWEEN 5832955 AND 5833055
	Bitmap Heap Scan on sbtest1  (cost=5.46..401.56 rows=100 width=125)
	  Recheck Cond: ((k >= 5832955) AND (k <= 5833055))
	  ->  Bitmap Index Scan on k_1  (cost=0.00..5.43 rows=100 width=0)
	        Index Cond: ((k >= 5832955) AND (k <= 5833055))

table 2 : explain SELECT k, c FROM sbtest2 WHERE k BETWEEN 5832955 AND 5833055
	Bitmap Heap Scan on sbtest2  (cost=5.36..362.20 rows=90 width=125)
	  Recheck Cond: ((k >= 5832955) AND (k <= 5833055))
	  ->  Bitmap Index Scan on k_2  (cost=0.00..5.33 rows=90 width=0)
	        Index Cond: ((k >= 5832955) AND (k <= 5833055))

table 3 : explain SELECT k, c FROM sbtest3 WHERE k BETWEEN 5832955 AND 5833055
	Bitmap Heap Scan on sbtest3  (cost=5.58..448.98 rows=112 width=125)
	  Recheck Cond: ((k >= 5832955) AND (k <= 5833055))
	  ->  Bitmap Index Scan on k_3  (cost=0.00..5.55 rows=112 width=0)
	        Index Cond: ((k >= 5832955) AND (k <= 5833055))

table 4 : explain SELECT k, c FROM sbtest4 WHERE k BETWEEN 5832955 AND 5833055
	Bitmap Heap Scan on sbtest4  (cost=5.44..393.87 rows=98 width=125)
	  Recheck Cond: ((k >= 5832955) AND (k <= 5833055))
	  ->  Bitmap Index Scan on k_4  (cost=0.00..5.42 rows=98 width=0)
	        Index Cond: ((k >= 5832955) AND (k <= 5833055))

table 5 : explain SELECT k, c FROM sbtest5 WHERE k BETWEEN 5832955 AND 5833055
	Bitmap Heap Scan on sbtest5  (cost=5.54..433.33 rows=108 width=125)
	  Recheck Cond: ((k >= 5832955) AND (k <= 5833055))
	  ->  Bitmap Index Scan on k_5  (cost=0.00..5.51 rows=108 width=0)
	        Index Cond: ((k >= 5832955) AND (k <= 5833055))

table 6 : explain SELECT k, c FROM sbtest6 WHERE k BETWEEN 5832955 AND 5833055
	Bitmap Heap Scan on sbtest6  (cost=5.52..425.45 rows=106 width=125)
	  Recheck Cond: ((k >= 5832955) AND (k <= 5833055))
	  ->  Bitmap Index Scan on k_6  (cost=0.00..5.50 rows=106 width=0)
	        Index Cond: ((k >= 5832955) AND (k <= 5833055))

table 7 : explain SELECT k, c FROM sbtest7 WHERE k BETWEEN 5832955 AND 5833055
	Bitmap Heap Scan on sbtest7  (cost=5.41..382.04 rows=95 width=125)
	  Recheck Cond: ((k >= 5832955) AND (k <= 5833055))
	  ->  Bitmap Index Scan on k_7  (cost=0.00..5.38 rows=95 width=0)
	        Index Cond: ((k >= 5832955) AND (k <= 5833055))

table 8 : explain SELECT k, c FROM sbtest8 WHERE k BETWEEN 5832955 AND 5833055
	Bitmap Heap Scan on sbtest8  (cost=5.55..437.29 rows=109 width=125)
	  Recheck Cond: ((k >= 5832955) AND (k <= 5833055))
	  ->  Bitmap Index Scan on k_8  (cost=0.00..5.52 rows=109 width=0)
	        Index Cond: ((k >= 5832955) AND (k <= 5833055))

explain: for range-notcovered :: explain SELECT k, c FROM sbtest%d WHERE k BETWEEN 5832955 AND 5833055
for range-notcovered
table 1 : explain SELECT k, c FROM sbtest1 WHERE k BETWEEN 1465057 AND 1465157
	Bitmap Heap Scan on sbtest1  (cost=5.46..401.56 rows=100 width=125)
	  Recheck Cond: ((k >= 1465057) AND (k <= 1465157))
	  ->  Bitmap Index Scan on k_1  (cost=0.00..5.43 rows=100 width=0)
	        Index Cond: ((k >= 1465057) AND (k <= 1465157))

table 2 : explain SELECT k, c FROM sbtest2 WHERE k BETWEEN 1465057 AND 1465157
	Bitmap Heap Scan on sbtest2  (cost=5.44..393.79 rows=98 width=125)
	  Recheck Cond: ((k >= 1465057) AND (k <= 1465157))
	  ->  Bitmap Index Scan on k_2  (cost=0.00..5.42 rows=98 width=0)
	        Index Cond: ((k >= 1465057) AND (k <= 1465157))

table 3 : explain SELECT k, c FROM sbtest3 WHERE k BETWEEN 1465057 AND 1465157
	Bitmap Heap Scan on sbtest3  (cost=5.38..370.08 rows=92 width=125)
	  Recheck Cond: ((k >= 1465057) AND (k <= 1465157))
	  ->  Bitmap Index Scan on k_3  (cost=0.00..5.35 rows=92 width=0)
	        Index Cond: ((k >= 1465057) AND (k <= 1465157))

table 4 : explain SELECT k, c FROM sbtest4 WHERE k BETWEEN 1465057 AND 1465157
	Bitmap Heap Scan on sbtest4  (cost=5.44..393.87 rows=98 width=125)
	  Recheck Cond: ((k >= 1465057) AND (k <= 1465157))
	  ->  Bitmap Index Scan on k_4  (cost=0.00..5.42 rows=98 width=0)
	        Index Cond: ((k >= 1465057) AND (k <= 1465157))

table 5 : explain SELECT k, c FROM sbtest5 WHERE k BETWEEN 1465057 AND 1465157
	Bitmap Heap Scan on sbtest5  (cost=5.47..405.71 rows=101 width=125)
	  Recheck Cond: ((k >= 1465057) AND (k <= 1465157))
	  ->  Bitmap Index Scan on k_5  (cost=0.00..5.44 rows=101 width=0)
	        Index Cond: ((k >= 1465057) AND (k <= 1465157))

table 6 : explain SELECT k, c FROM sbtest6 WHERE k BETWEEN 1465057 AND 1465157
	Bitmap Heap Scan on sbtest6  (cost=5.47..405.72 rows=101 width=125)
	  Recheck Cond: ((k >= 1465057) AND (k <= 1465157))
	  ->  Bitmap Index Scan on k_6  (cost=0.00..5.44 rows=101 width=0)
	        Index Cond: ((k >= 1465057) AND (k <= 1465157))

table 7 : explain SELECT k, c FROM sbtest7 WHERE k BETWEEN 1465057 AND 1465157
	Bitmap Heap Scan on sbtest7  (cost=5.56..441.24 rows=110 width=125)
	  Recheck Cond: ((k >= 1465057) AND (k <= 1465157))
	  ->  Bitmap Index Scan on k_7  (cost=0.00..5.53 rows=110 width=0)
	        Index Cond: ((k >= 1465057) AND (k <= 1465157))

table 8 : explain SELECT k, c FROM sbtest8 WHERE k BETWEEN 1465057 AND 1465157
	Bitmap Heap Scan on sbtest8  (cost=5.49..413.62 rows=103 width=125)
	  Recheck Cond: ((k >= 1465057) AND (k <= 1465157))
	  ->  Bitmap Index Scan on k_8  (cost=0.00..5.46 rows=103 width=0)
	        Index Cond: ((k >= 1465057) AND (k <= 1465157))

for range-notcovered
table 1 : explain SELECT k, c FROM sbtest1 WHERE k BETWEEN 6577215 AND 6577315
	Bitmap Heap Scan on sbtest1  (cost=5.40..377.88 rows=94 width=125)
	  Recheck Cond: ((k >= 6577215) AND (k <= 6577315))
	  ->  Bitmap Index Scan on k_1  (cost=0.00..5.38 rows=94 width=0)
	        Index Cond: ((k >= 6577215) AND (k <= 6577315))

table 2 : explain SELECT k, c FROM sbtest2 WHERE k BETWEEN 6577215 AND 6577315
	Bitmap Heap Scan on sbtest2  (cost=5.45..397.74 rows=99 width=125)
	  Recheck Cond: ((k >= 6577215) AND (k <= 6577315))
	  ->  Bitmap Index Scan on k_2  (cost=0.00..5.42 rows=99 width=0)
	        Index Cond: ((k >= 6577215) AND (k <= 6577315))

table 3 : explain SELECT k, c FROM sbtest3 WHERE k BETWEEN 6577215 AND 6577315
	Bitmap Heap Scan on sbtest3  (cost=5.49..413.49 rows=103 width=125)
	  Recheck Cond: ((k >= 6577215) AND (k <= 6577315))
	  ->  Bitmap Index Scan on k_3  (cost=0.00..5.46 rows=103 width=0)
	        Index Cond: ((k >= 6577215) AND (k <= 6577315))

table 4 : explain SELECT k, c FROM sbtest4 WHERE k BETWEEN 6577215 AND 6577315
	Bitmap Heap Scan on sbtest4  (cost=5.44..393.87 rows=98 width=125)
	  Recheck Cond: ((k >= 6577215) AND (k <= 6577315))
	  ->  Bitmap Index Scan on k_4  (cost=0.00..5.42 rows=98 width=0)
	        Index Cond: ((k >= 6577215) AND (k <= 6577315))

table 5 : explain SELECT k, c FROM sbtest5 WHERE k BETWEEN 6577215 AND 6577315
	Bitmap Heap Scan on sbtest5  (cost=5.52..425.44 rows=106 width=125)
	  Recheck Cond: ((k >= 6577215) AND (k <= 6577315))
	  ->  Bitmap Index Scan on k_5  (cost=0.00..5.50 rows=106 width=0)
	        Index Cond: ((k >= 6577215) AND (k <= 6577315))

table 6 : explain SELECT k, c FROM sbtest6 WHERE k BETWEEN 6577215 AND 6577315
	Bitmap Heap Scan on sbtest6  (cost=5.44..393.88 rows=98 width=125)
	  Recheck Cond: ((k >= 6577215) AND (k <= 6577315))
	  ->  Bitmap Index Scan on k_6  (cost=0.00..5.42 rows=98 width=0)
	        Index Cond: ((k >= 6577215) AND (k <= 6577315))

table 7 : explain SELECT k, c FROM sbtest7 WHERE k BETWEEN 6577215 AND 6577315
	Bitmap Heap Scan on sbtest7  (cost=5.50..417.57 rows=104 width=125)
	  Recheck Cond: ((k >= 6577215) AND (k <= 6577315))
	  ->  Bitmap Index Scan on k_7  (cost=0.00..5.47 rows=104 width=0)
	        Index Cond: ((k >= 6577215) AND (k <= 6577315))

table 8 : explain SELECT k, c FROM sbtest8 WHERE k BETWEEN 6577215 AND 6577315
	Bitmap Heap Scan on sbtest8  (cost=5.43..389.94 rows=97 width=125)
	  Recheck Cond: ((k >= 6577215) AND (k <= 6577315))
	  ->  Bitmap Index Scan on k_8  (cost=0.00..5.40 rows=97 width=0)
	        Index Cond: ((k >= 6577215) AND (k <= 6577315))

for range-notcovered
table 1 : explain SELECT k, c FROM sbtest1 WHERE k BETWEEN 4498482 AND 4498582
	Bitmap Heap Scan on sbtest1  (cost=5.48..409.44 rows=102 width=125)
	  Recheck Cond: ((k >= 4498482) AND (k <= 4498582))
	  ->  Bitmap Index Scan on k_1  (cost=0.00..5.45 rows=102 width=0)
	        Index Cond: ((k >= 4498482) AND (k <= 4498582))

table 2 : explain SELECT k, c FROM sbtest2 WHERE k BETWEEN 4498482 AND 4498582
	Bitmap Heap Scan on sbtest2  (cost=5.46..401.69 rows=100 width=125)
	  Recheck Cond: ((k >= 4498482) AND (k <= 4498582))
	  ->  Bitmap Index Scan on k_2  (cost=0.00..5.43 rows=100 width=0)
	        Index Cond: ((k >= 4498482) AND (k <= 4498582))

table 3 : explain SELECT k, c FROM sbtest3 WHERE k BETWEEN 4498482 AND 4498582
	Bitmap Heap Scan on sbtest3  (cost=5.47..405.60 rows=101 width=125)
	  Recheck Cond: ((k >= 4498482) AND (k <= 4498582))
	  ->  Bitmap Index Scan on k_3  (cost=0.00..5.44 rows=101 width=0)
	        Index Cond: ((k >= 4498482) AND (k <= 4498582))

table 4 : explain SELECT k, c FROM sbtest4 WHERE k BETWEEN 4498482 AND 4498582
	Bitmap Heap Scan on sbtest4  (cost=5.51..421.50 rows=105 width=125)
	  Recheck Cond: ((k >= 4498482) AND (k <= 4498582))
	  ->  Bitmap Index Scan on k_4  (cost=0.00..5.48 rows=105 width=0)
	        Index Cond: ((k >= 4498482) AND (k <= 4498582))

table 5 : explain SELECT k, c FROM sbtest5 WHERE k BETWEEN 4498482 AND 4498582
	Bitmap Heap Scan on sbtest5  (cost=5.42..385.97 rows=96 width=125)
	  Recheck Cond: ((k >= 4498482) AND (k <= 4498582))
	  ->  Bitmap Index Scan on k_5  (cost=0.00..5.39 rows=96 width=0)
	        Index Cond: ((k >= 4498482) AND (k <= 4498582))

table 6 : explain SELECT k, c FROM sbtest6 WHERE k BETWEEN 4498482 AND 4498582
	Bitmap Heap Scan on sbtest6  (cost=5.43..389.93 rows=97 width=125)
	  Recheck Cond: ((k >= 4498482) AND (k <= 4498582))
	  ->  Bitmap Index Scan on k_6  (cost=0.00..5.40 rows=97 width=0)
	        Index Cond: ((k >= 4498482) AND (k <= 4498582))

table 7 : explain SELECT k, c FROM sbtest7 WHERE k BETWEEN 4498482 AND 4498582
	Bitmap Heap Scan on sbtest7  (cost=5.61..460.95 rows=115 width=125)
	  Recheck Cond: ((k >= 4498482) AND (k <= 4498582))
	  ->  Bitmap Index Scan on k_7  (cost=0.00..5.58 rows=115 width=0)
	        Index Cond: ((k >= 4498482) AND (k <= 4498582))

table 8 : explain SELECT k, c FROM sbtest8 WHERE k BETWEEN 4498482 AND 4498582
	Bitmap Heap Scan on sbtest8  (cost=5.37..366.24 rows=91 width=125)
	  Recheck Cond: ((k >= 4498482) AND (k <= 4498582))
	  ->  Bitmap Index Scan on k_8  (cost=0.00..5.34 rows=91 width=0)
	        Index Cond: ((k >= 4498482) AND (k <= 4498582))

for range-notcovered
table 1 : explain SELECT k, c FROM sbtest1 WHERE k BETWEEN 1543373 AND 1543473
	Bitmap Heap Scan on sbtest1  (cost=5.55..437.04 rows=109 width=125)
	  Recheck Cond: ((k >= 1543373) AND (k <= 1543473))
	  ->  Bitmap Index Scan on k_1  (cost=0.00..5.52 rows=109 width=0)
	        Index Cond: ((k >= 1543373) AND (k <= 1543473))

table 2 : explain SELECT k, c FROM sbtest2 WHERE k BETWEEN 1543373 AND 1543473
	Bitmap Heap Scan on sbtest2  (cost=5.41..381.95 rows=95 width=125)
	  Recheck Cond: ((k >= 1543373) AND (k <= 1543473))
	  ->  Bitmap Index Scan on k_2  (cost=0.00..5.38 rows=95 width=0)
	        Index Cond: ((k >= 1543373) AND (k <= 1543473))

table 3 : explain SELECT k, c FROM sbtest3 WHERE k BETWEEN 1543373 AND 1543473
	Bitmap Heap Scan on sbtest3  (cost=5.41..381.92 rows=95 width=125)
	  Recheck Cond: ((k >= 1543373) AND (k <= 1543473))
	  ->  Bitmap Index Scan on k_3  (cost=0.00..5.38 rows=95 width=0)
	        Index Cond: ((k >= 1543373) AND (k <= 1543473))

table 4 : explain SELECT k, c FROM sbtest4 WHERE k BETWEEN 1543373 AND 1543473
	Bitmap Heap Scan on sbtest4  (cost=5.44..393.87 rows=98 width=125)
	  Recheck Cond: ((k >= 1543373) AND (k <= 1543473))
	  ->  Bitmap Index Scan on k_4  (cost=0.00..5.42 rows=98 width=0)
	        Index Cond: ((k >= 1543373) AND (k <= 1543473))

table 5 : explain SELECT k, c FROM sbtest5 WHERE k BETWEEN 1543373 AND 1543473
	Bitmap Heap Scan on sbtest5  (cost=5.45..397.81 rows=99 width=125)
	  Recheck Cond: ((k >= 1543373) AND (k <= 1543473))
	  ->  Bitmap Index Scan on k_5  (cost=0.00..5.42 rows=99 width=0)
	        Index Cond: ((k >= 1543373) AND (k <= 1543473))

table 6 : explain SELECT k, c FROM sbtest6 WHERE k BETWEEN 1543373 AND 1543473
	Bitmap Heap Scan on sbtest6  (cost=5.52..425.45 rows=106 width=125)
	  Recheck Cond: ((k >= 1543373) AND (k <= 1543473))
	  ->  Bitmap Index Scan on k_6  (cost=0.00..5.50 rows=106 width=0)
	        Index Cond: ((k >= 1543373) AND (k <= 1543473))

table 7 : explain SELECT k, c FROM sbtest7 WHERE k BETWEEN 1543373 AND 1543473
	Bitmap Heap Scan on sbtest7  (cost=5.41..382.04 rows=95 width=125)
	  Recheck Cond: ((k >= 1543373) AND (k <= 1543473))
	  ->  Bitmap Index Scan on k_7  (cost=0.00..5.38 rows=95 width=0)
	        Index Cond: ((k >= 1543373) AND (k <= 1543473))

table 8 : explain SELECT k, c FROM sbtest8 WHERE k BETWEEN 1543373 AND 1543473
	Bitmap Heap Scan on sbtest8  (cost=5.57..445.18 rows=111 width=125)
	  Recheck Cond: ((k >= 1543373) AND (k <= 1543473))
	  ->  Bitmap Index Scan on k_8  (cost=0.00..5.54 rows=111 width=0)
	        Index Cond: ((k >= 1543373) AND (k <= 1543473))

explain: for range-notcovered :: explain SELECT k, c FROM sbtest%d WHERE k BETWEEN 1465057 AND 1465157
explain: for range-notcovered :: explain SELECT k, c FROM sbtest%d WHERE k BETWEEN 6577215 AND 6577315
for range-notcovered
table 1 : explain SELECT k, c FROM sbtest1 WHERE k BETWEEN 7698578 AND 7698678
	Bitmap Heap Scan on sbtest1  (cost=5.62..464.61 rows=116 width=125)
	  Recheck Cond: ((k >= 7698578) AND (k <= 7698678))
	  ->  Bitmap Index Scan on k_1  (cost=0.00..5.59 rows=116 width=0)
	        Index Cond: ((k >= 7698578) AND (k <= 7698678))

table 2 : explain SELECT k, c FROM sbtest2 WHERE k BETWEEN 7698578 AND 7698678
	Bitmap Heap Scan on sbtest2  (cost=5.43..389.85 rows=97 width=125)
	  Recheck Cond: ((k >= 7698578) AND (k <= 7698678))
	  ->  Bitmap Index Scan on k_2  (cost=0.00..5.40 rows=97 width=0)
	        Index Cond: ((k >= 7698578) AND (k <= 7698678))

table 3 : explain SELECT k, c FROM sbtest3 WHERE k BETWEEN 7698578 AND 7698678
	Bitmap Heap Scan on sbtest3  (cost=5.46..401.66 rows=100 width=125)
	  Recheck Cond: ((k >= 7698578) AND (k <= 7698678))
	  ->  Bitmap Index Scan on k_3  (cost=0.00..5.43 rows=100 width=0)
	        Index Cond: ((k >= 7698578) AND (k <= 7698678))

table 4 : explain SELECT k, c FROM sbtest4 WHERE k BETWEEN 7698578 AND 7698678
	Bitmap Heap Scan on sbtest4  (cost=5.42..385.97 rows=96 width=125)
	  Recheck Cond: ((k >= 7698578) AND (k <= 7698678))
	  ->  Bitmap Index Scan on k_4  (cost=0.00..5.39 rows=96 width=0)
	        Index Cond: ((k >= 7698578) AND (k <= 7698678))

table 5 : explain SELECT k, c FROM sbtest5 WHERE k BETWEEN 7698578 AND 7698678
	Bitmap Heap Scan on sbtest5  (cost=5.41..382.02 rows=95 width=125)
	  Recheck Cond: ((k >= 7698578) AND (k <= 7698678))
	  ->  Bitmap Index Scan on k_5  (cost=0.00..5.38 rows=95 width=0)
	        Index Cond: ((k >= 7698578) AND (k <= 7698678))

table 6 : explain SELECT k, c FROM sbtest6 WHERE k BETWEEN 7698578 AND 7698678
	Bitmap Heap Scan on sbtest6  (cost=5.47..405.72 rows=101 width=125)
	  Recheck Cond: ((k >= 7698578) AND (k <= 7698678))
	  ->  Bitmap Index Scan on k_6  (cost=0.00..5.44 rows=101 width=0)
	        Index Cond: ((k >= 7698578) AND (k <= 7698678))

table 7 : explain SELECT k, c FROM sbtest7 WHERE k BETWEEN 7698578 AND 7698678
	Bitmap Heap Scan on sbtest7  (cost=5.60..457.01 rows=114 width=125)
	  Recheck Cond: ((k >= 7698578) AND (k <= 7698678))
	  ->  Bitmap Index Scan on k_7  (cost=0.00..5.58 rows=114 width=0)
	        Index Cond: ((k >= 7698578) AND (k <= 7698678))

table 8 : explain SELECT k, c FROM sbtest8 WHERE k BETWEEN 7698578 AND 7698678
	Bitmap Heap Scan on sbtest8  (cost=5.47..405.73 rows=101 width=125)
	  Recheck Cond: ((k >= 7698578) AND (k <= 7698678))
	  ->  Bitmap Index Scan on k_8  (cost=0.00..5.44 rows=101 width=0)
	        Index Cond: ((k >= 7698578) AND (k <= 7698678))
explain: for range-notcovered :: explain SELECT k, c FROM sbtest%d WHERE k BETWEEN 4498482 AND 4498582

for range-notcovered
table 1 : explain SELECT k, c FROM sbtest1 WHERE k BETWEEN 2695053 AND 2695153
	Bitmap Heap Scan on sbtest1  (cost=5.50..417.33 rows=104 width=125)
	  Recheck Cond: ((k >= 2695053) AND (k <= 2695153))
	  ->  Bitmap Index Scan on k_1  (cost=0.00..5.47 rows=104 width=0)
	        Index Cond: ((k >= 2695053) AND (k <= 2695153))

table 2 : explain SELECT k, c FROM sbtest2 WHERE k BETWEEN 2695053 AND 2695153
	Bitmap Heap Scan on sbtest2  (cost=5.54..433.24 rows=108 width=125)
	  Recheck Cond: ((k >= 2695053) AND (k <= 2695153))
	  ->  Bitmap Index Scan on k_2  (cost=0.00..5.51 rows=108 width=0)
	        Index Cond: ((k >= 2695053) AND (k <= 2695153))

table 3 : explain SELECT k, c FROM sbtest3 WHERE k BETWEEN 2695053 AND 2695153
	Bitmap Heap Scan on sbtest3  (cost=5.42..385.87 rows=96 width=125)
	  Recheck Cond: ((k >= 2695053) AND (k <= 2695153))
	  ->  Bitmap Index Scan on k_3  (cost=0.00..5.39 rows=96 width=0)
	        Index Cond: ((k >= 2695053) AND (k <= 2695153))

table 4 : explain SELECT k, c FROM sbtest4 WHERE k BETWEEN 2695053 AND 2695153
	Bitmap Heap Scan on sbtest4  (cost=5.41..382.03 rows=95 width=125)
	  Recheck Cond: ((k >= 2695053) AND (k <= 2695153))
	  ->  Bitmap Index Scan on k_4  (cost=0.00..5.38 rows=95 width=0)
	        Index Cond: ((k >= 2695053) AND (k <= 2695153))

table 5 : explain SELECT k, c FROM sbtest5 WHERE k BETWEEN 2695053 AND 2695153
	Bitmap Heap Scan on sbtest5  (cost=5.56..441.22 rows=110 width=125)
	  Recheck Cond: ((k >= 2695053) AND (k <= 2695153))
	  ->  Bitmap Index Scan on k_5  (cost=0.00..5.53 rows=110 width=0)
	        Index Cond: ((k >= 2695053) AND (k <= 2695153))

table 6 : explain SELECT k, c FROM sbtest6 WHERE k BETWEEN 2695053 AND 2695153
	Bitmap Heap Scan on sbtest6  (cost=5.51..421.51 rows=105 width=125)
	  Recheck Cond: ((k >= 2695053) AND (k <= 2695153))
	  ->  Bitmap Index Scan on k_6  (cost=0.00..5.48 rows=105 width=0)
	        Index Cond: ((k >= 2695053) AND (k <= 2695153))

table 7 : explain SELECT k, c FROM sbtest7 WHERE k BETWEEN 2695053 AND 2695153
	Bitmap Heap Scan on sbtest7  (cost=5.50..417.57 rows=104 width=125)
	  Recheck Cond: ((k >= 2695053) AND (k <= 2695153))
	  ->  Bitmap Index Scan on k_7  (cost=0.00..5.47 rows=104 width=0)
	        Index Cond: ((k >= 2695053) AND (k <= 2695153))

table 8 : explain SELECT k, c FROM sbtest8 WHERE k BETWEEN 2695053 AND 2695153
	Bitmap Heap Scan on sbtest8  (cost=5.49..413.62 rows=103 width=125)
	  Recheck Cond: ((k >= 2695053) AND (k <= 2695153))
	  ->  Bitmap Index Scan on k_8  (cost=0.00..5.46 rows=103 width=0)
	        Index Cond: ((k >= 2695053) AND (k <= 2695153))

explain: for range-notcovered :: explain SELECT k, c FROM sbtest%d WHERE k BETWEEN 1543373 AND 1543473
explain: for range-notcovered :: explain SELECT k, c FROM sbtest%d WHERE k BETWEEN 7698578 AND 7698678
explain: for range-notcovered :: explain SELECT k, c FROM sbtest%d WHERE k BETWEEN 2695053 AND 2695153
for range-notcovered
table 1 : explain SELECT k, c FROM sbtest1 WHERE k BETWEEN 1950720 AND 1950820
	Bitmap Heap Scan on sbtest1  (cost=5.43..389.72 rows=97 width=125)
	  Recheck Cond: ((k >= 1950720) AND (k <= 1950820))
	  ->  Bitmap Index Scan on k_1  (cost=0.00..5.40 rows=97 width=0)
	        Index Cond: ((k >= 1950720) AND (k <= 1950820))

table 2 : explain SELECT k, c FROM sbtest2 WHERE k BETWEEN 1950720 AND 1950820
	Bitmap Heap Scan on sbtest2  (cost=5.53..429.30 rows=107 width=125)
	  Recheck Cond: ((k >= 1950720) AND (k <= 1950820))
	  ->  Bitmap Index Scan on k_2  (cost=0.00..5.50 rows=107 width=0)
	        Index Cond: ((k >= 1950720) AND (k <= 1950820))

table 3 : explain SELECT k, c FROM sbtest3 WHERE k BETWEEN 1950720 AND 1950820
	Bitmap Heap Scan on sbtest3  (cost=5.61..460.80 rows=115 width=125)
	  Recheck Cond: ((k >= 1950720) AND (k <= 1950820))
	  ->  Bitmap Index Scan on k_3  (cost=0.00..5.58 rows=115 width=0)
	        Index Cond: ((k >= 1950720) AND (k <= 1950820))

table 4 : explain SELECT k, c FROM sbtest4 WHERE k BETWEEN 1950720 AND 1950820
	Bitmap Heap Scan on sbtest4  (cost=5.45..397.82 rows=99 width=125)
	  Recheck Cond: ((k >= 1950720) AND (k <= 1950820))
	  ->  Bitmap Index Scan on k_4  (cost=0.00..5.42 rows=99 width=0)
	        Index Cond: ((k >= 1950720) AND (k <= 1950820))

table 5 : explain SELECT k, c FROM sbtest5 WHERE k BETWEEN 1950720 AND 1950820
	Bitmap Heap Scan on sbtest5  (cost=5.63..468.81 rows=117 width=125)
	  Recheck Cond: ((k >= 1950720) AND (k <= 1950820))
	  ->  Bitmap Index Scan on k_5  (cost=0.00..5.60 rows=117 width=0)
	        Index Cond: ((k >= 1950720) AND (k <= 1950820))

table 6 : explain SELECT k, c FROM sbtest6 WHERE k BETWEEN 1950720 AND 1950820
	Bitmap Heap Scan on sbtest6  (cost=5.49..413.62 rows=103 width=125)
	  Recheck Cond: ((k >= 1950720) AND (k <= 1950820))
	  ->  Bitmap Index Scan on k_6  (cost=0.00..5.46 rows=103 width=0)
	        Index Cond: ((k >= 1950720) AND (k <= 1950820))

table 7 : explain SELECT k, c FROM sbtest7 WHERE k BETWEEN 1950720 AND 1950820
	Bitmap Heap Scan on sbtest7  (cost=5.38..370.19 rows=92 width=125)
	  Recheck Cond: ((k >= 1950720) AND (k <= 1950820))
	  ->  Bitmap Index Scan on k_7  (cost=0.00..5.35 rows=92 width=0)
	        Index Cond: ((k >= 1950720) AND (k <= 1950820))

table 8 : explain SELECT k, c FROM sbtest8 WHERE k BETWEEN 1950720 AND 1950820
	Bitmap Heap Scan on sbtest8  (cost=5.44..393.88 rows=98 width=125)
	  Recheck Cond: ((k >= 1950720) AND (k <= 1950820))
	  ->  Bitmap Index Scan on k_8  (cost=0.00..5.42 rows=98 width=0)
	        Index Cond: ((k >= 1950720) AND (k <= 1950820))

explain: for range-notcovered :: explain SELECT k, c FROM sbtest%d WHERE k BETWEEN 6378839 AND 6378939
explain: for range-notcovered :: explain SELECT k, c FROM sbtest%d WHERE k BETWEEN 1950720 AND 1950820
for range-notcovered
table 1 : explain SELECT k, c FROM sbtest1 WHERE k BETWEEN 5832955 AND 5833055
	Bitmap Heap Scan on sbtest1  (cost=5.46..401.56 rows=100 width=125)
	  Recheck Cond: ((k >= 5832955) AND (k <= 5833055))
	  ->  Bitmap Index Scan on k_1  (cost=0.00..5.43 rows=100 width=0)
	        Index Cond: ((k >= 5832955) AND (k <= 5833055))

table 2 : explain SELECT k, c FROM sbtest2 WHERE k BETWEEN 5832955 AND 5833055
	Bitmap Heap Scan on sbtest2  (cost=5.36..362.20 rows=90 width=125)
	  Recheck Cond: ((k >= 5832955) AND (k <= 5833055))
	  ->  Bitmap Index Scan on k_2  (cost=0.00..5.33 rows=90 width=0)
	        Index Cond: ((k >= 5832955) AND (k <= 5833055))

table 3 : explain SELECT k, c FROM sbtest3 WHERE k BETWEEN 5832955 AND 5833055
	Bitmap Heap Scan on sbtest3  (cost=5.58..448.98 rows=112 width=125)
	  Recheck Cond: ((k >= 5832955) AND (k <= 5833055))
	  ->  Bitmap Index Scan on k_3  (cost=0.00..5.55 rows=112 width=0)
	        Index Cond: ((k >= 5832955) AND (k <= 5833055))

table 4 : explain SELECT k, c FROM sbtest4 WHERE k BETWEEN 5832955 AND 5833055
	Bitmap Heap Scan on sbtest4  (cost=5.44..393.87 rows=98 width=125)
	  Recheck Cond: ((k >= 5832955) AND (k <= 5833055))
	  ->  Bitmap Index Scan on k_4  (cost=0.00..5.42 rows=98 width=0)
	        Index Cond: ((k >= 5832955) AND (k <= 5833055))

table 5 : explain SELECT k, c FROM sbtest5 WHERE k BETWEEN 5832955 AND 5833055
	Bitmap Heap Scan on sbtest5  (cost=5.54..433.33 rows=108 width=125)
	  Recheck Cond: ((k >= 5832955) AND (k <= 5833055))
	  ->  Bitmap Index Scan on k_5  (cost=0.00..5.51 rows=108 width=0)
	        Index Cond: ((k >= 5832955) AND (k <= 5833055))

table 6 : explain SELECT k, c FROM sbtest6 WHERE k BETWEEN 5832955 AND 5833055
	Bitmap Heap Scan on sbtest6  (cost=5.52..425.45 rows=106 width=125)
	  Recheck Cond: ((k >= 5832955) AND (k <= 5833055))
	  ->  Bitmap Index Scan on k_6  (cost=0.00..5.50 rows=106 width=0)
	        Index Cond: ((k >= 5832955) AND (k <= 5833055))

table 7 : explain SELECT k, c FROM sbtest7 WHERE k BETWEEN 5832955 AND 5833055
	Bitmap Heap Scan on sbtest7  (cost=5.41..382.04 rows=95 width=125)
	  Recheck Cond: ((k >= 5832955) AND (k <= 5833055))
	  ->  Bitmap Index Scan on k_7  (cost=0.00..5.38 rows=95 width=0)
	        Index Cond: ((k >= 5832955) AND (k <= 5833055))

table 8 : explain SELECT k, c FROM sbtest8 WHERE k BETWEEN 5832955 AND 5833055
	Bitmap Heap Scan on sbtest8  (cost=5.55..437.29 rows=109 width=125)
	  Recheck Cond: ((k >= 5832955) AND (k <= 5833055))
	  ->  Bitmap Index Scan on k_8  (cost=0.00..5.52 rows=109 width=0)
	        Index Cond: ((k >= 5832955) AND (k <= 5833055))

explain: for range-notcovered :: explain SELECT k, c FROM sbtest%d WHERE k BETWEEN 5832955 AND 5833055
for range-notcovered
table 1 : explain SELECT k, c FROM sbtest1 WHERE k BETWEEN 6577215 AND 6577315
	Bitmap Heap Scan on sbtest1  (cost=5.40..377.88 rows=94 width=125)
	  Recheck Cond: ((k >= 6577215) AND (k <= 6577315))
	  ->  Bitmap Index Scan on k_1  (cost=0.00..5.38 rows=94 width=0)
	        Index Cond: ((k >= 6577215) AND (k <= 6577315))

table 2 : explain SELECT k, c FROM sbtest2 WHERE k BETWEEN 6577215 AND 6577315
	Bitmap Heap Scan on sbtest2  (cost=5.45..397.74 rows=99 width=125)
	  Recheck Cond: ((k >= 6577215) AND (k <= 6577315))
	  ->  Bitmap Index Scan on k_2  (cost=0.00..5.42 rows=99 width=0)
	        Index Cond: ((k >= 6577215) AND (k <= 6577315))

table 3 : explain SELECT k, c FROM sbtest3 WHERE k BETWEEN 6577215 AND 6577315
	Bitmap Heap Scan on sbtest3  (cost=5.49..413.49 rows=103 width=125)
	  Recheck Cond: ((k >= 6577215) AND (k <= 6577315))
	  ->  Bitmap Index Scan on k_3  (cost=0.00..5.46 rows=103 width=0)
	        Index Cond: ((k >= 6577215) AND (k <= 6577315))

table 4 : explain SELECT k, c FROM sbtest4 WHERE k BETWEEN 6577215 AND 6577315
	Bitmap Heap Scan on sbtest4  (cost=5.44..393.87 rows=98 width=125)
	  Recheck Cond: ((k >= 6577215) AND (k <= 6577315))
	  ->  Bitmap Index Scan on k_4  (cost=0.00..5.42 rows=98 width=0)
	        Index Cond: ((k >= 6577215) AND (k <= 6577315))

table 5 : explain SELECT k, c FROM sbtest5 WHERE k BETWEEN 6577215 AND 6577315
	Bitmap Heap Scan on sbtest5  (cost=5.52..425.44 rows=106 width=125)
	  Recheck Cond: ((k >= 6577215) AND (k <= 6577315))
	  ->  Bitmap Index Scan on k_5  (cost=0.00..5.50 rows=106 width=0)
	        Index Cond: ((k >= 6577215) AND (k <= 6577315))

table 6 : explain SELECT k, c FROM sbtest6 WHERE k BETWEEN 6577215 AND 6577315
	Bitmap Heap Scan on sbtest6  (cost=5.44..393.88 rows=98 width=125)
	  Recheck Cond: ((k >= 6577215) AND (k <= 6577315))
	  ->  Bitmap Index Scan on k_6  (cost=0.00..5.42 rows=98 width=0)
	        Index Cond: ((k >= 6577215) AND (k <= 6577315))

table 7 : explain SELECT k, c FROM sbtest7 WHERE k BETWEEN 6577215 AND 6577315
	Bitmap Heap Scan on sbtest7  (cost=5.50..417.57 rows=104 width=125)
	  Recheck Cond: ((k >= 6577215) AND (k <= 6577315))
	  ->  Bitmap Index Scan on k_7  (cost=0.00..5.47 rows=104 width=0)
	        Index Cond: ((k >= 6577215) AND (k <= 6577315))

table 8 : explain SELECT k, c FROM sbtest8 WHERE k BETWEEN 6577215 AND 6577315
	Bitmap Heap Scan on sbtest8  (cost=5.43..389.94 rows=97 width=125)
	  Recheck Cond: ((k >= 6577215) AND (k <= 6577315))
	  ->  Bitmap Index Scan on k_8  (cost=0.00..5.40 rows=97 width=0)
	        Index Cond: ((k >= 6577215) AND (k <= 6577315))

for range-notcovered
table 1 : explain SELECT k, c FROM sbtest1 WHERE k BETWEEN 9134951 AND 9135051
	Bitmap Heap Scan on sbtest1  (cost=5.45..397.61 rows=99 width=125)
	  Recheck Cond: ((k >= 9134951) AND (k <= 9135051))
	  ->  Bitmap Index Scan on k_1  (cost=0.00..5.42 rows=99 width=0)
	        Index Cond: ((k >= 9134951) AND (k <= 9135051))

table 2 : explain SELECT k, c FROM sbtest2 WHERE k BETWEEN 9134951 AND 9135051
	Bitmap Heap Scan on sbtest2  (cost=5.52..425.36 rows=106 width=125)
	  Recheck Cond: ((k >= 9134951) AND (k <= 9135051))
	  ->  Bitmap Index Scan on k_2  (cost=0.00..5.50 rows=106 width=0)
	        Index Cond: ((k >= 9134951) AND (k <= 9135051))

table 3 : explain SELECT k, c FROM sbtest3 WHERE k BETWEEN 9134951 AND 9135051
	Bitmap Heap Scan on sbtest3  (cost=5.42..385.87 rows=96 width=125)
	  Recheck Cond: ((k >= 9134951) AND (k <= 9135051))
	  ->  Bitmap Index Scan on k_3  (cost=0.00..5.39 rows=96 width=0)
	        Index Cond: ((k >= 9134951) AND (k <= 9135051))

table 4 : explain SELECT k, c FROM sbtest4 WHERE k BETWEEN 9134951 AND 9135051
	Bitmap Heap Scan on sbtest4  (cost=5.47..405.71 rows=101 width=125)
	  Recheck Cond: ((k >= 9134951) AND (k <= 9135051))
	  ->  Bitmap Index Scan on k_4  (cost=0.00..5.44 rows=101 width=0)
	        Index Cond: ((k >= 9134951) AND (k <= 9135051))

table 5 : explain SELECT k, c FROM sbtest5 WHERE k BETWEEN 9134951 AND 9135051
	Bitmap Heap Scan on sbtest5  (cost=5.43..389.92 rows=97 width=125)
	  Recheck Cond: ((k >= 9134951) AND (k <= 9135051))
	  ->  Bitmap Index Scan on k_5  (cost=0.00..5.40 rows=97 width=0)
	        Index Cond: ((k >= 9134951) AND (k <= 9135051))

table 6 : explain SELECT k, c FROM sbtest6 WHERE k BETWEEN 9134951 AND 9135051
	Bitmap Heap Scan on sbtest6  (cost=5.53..429.40 rows=107 width=125)
	  Recheck Cond: ((k >= 9134951) AND (k <= 9135051))
	  ->  Bitmap Index Scan on k_6  (cost=0.00..5.50 rows=107 width=0)
	        Index Cond: ((k >= 9134951) AND (k <= 9135051))

table 7 : explain SELECT k, c FROM sbtest7 WHERE k BETWEEN 9134951 AND 9135051
	Bitmap Heap Scan on sbtest7  (cost=5.47..405.73 rows=101 width=125)
	  Recheck Cond: ((k >= 9134951) AND (k <= 9135051))
	  ->  Bitmap Index Scan on k_7  (cost=0.00..5.44 rows=101 width=0)
	        Index Cond: ((k >= 9134951) AND (k <= 9135051))

table 8 : explain SELECT k, c FROM sbtest8 WHERE k BETWEEN 9134951 AND 9135051
	Bitmap Heap Scan on sbtest8  (cost=5.45..397.83 rows=99 width=125)
	  Recheck Cond: ((k >= 9134951) AND (k <= 9135051))
	  ->  Bitmap Index Scan on k_8  (cost=0.00..5.42 rows=99 width=0)
	        Index Cond: ((k >= 9134951) AND (k <= 9135051))

for range-notcovered
table 1 : explain SELECT k, c FROM sbtest1 WHERE k BETWEEN 4498482 AND 4498582
	Bitmap Heap Scan on sbtest1  (cost=5.48..409.44 rows=102 width=125)
	  Recheck Cond: ((k >= 4498482) AND (k <= 4498582))
	  ->  Bitmap Index Scan on k_1  (cost=0.00..5.45 rows=102 width=0)
	        Index Cond: ((k >= 4498482) AND (k <= 4498582))

table 2 : explain SELECT k, c FROM sbtest2 WHERE k BETWEEN 4498482 AND 4498582
	Bitmap Heap Scan on sbtest2  (cost=5.46..401.69 rows=100 width=125)
	  Recheck Cond: ((k >= 4498482) AND (k <= 4498582))
	  ->  Bitmap Index Scan on k_2  (cost=0.00..5.43 rows=100 width=0)
	        Index Cond: ((k >= 4498482) AND (k <= 4498582))

table 3 : explain SELECT k, c FROM sbtest3 WHERE k BETWEEN 4498482 AND 4498582
	Bitmap Heap Scan on sbtest3  (cost=5.47..405.60 rows=101 width=125)
	  Recheck Cond: ((k >= 4498482) AND (k <= 4498582))
	  ->  Bitmap Index Scan on k_3  (cost=0.00..5.44 rows=101 width=0)
	        Index Cond: ((k >= 4498482) AND (k <= 4498582))

table 4 : explain SELECT k, c FROM sbtest4 WHERE k BETWEEN 4498482 AND 4498582
	Bitmap Heap Scan on sbtest4  (cost=5.51..421.50 rows=105 width=125)
	  Recheck Cond: ((k >= 4498482) AND (k <= 4498582))
	  ->  Bitmap Index Scan on k_4  (cost=0.00..5.48 rows=105 width=0)
	        Index Cond: ((k >= 4498482) AND (k <= 4498582))

table 5 : explain SELECT k, c FROM sbtest5 WHERE k BETWEEN 4498482 AND 4498582
	Bitmap Heap Scan on sbtest5  (cost=5.42..385.97 rows=96 width=125)
	  Recheck Cond: ((k >= 4498482) AND (k <= 4498582))
	  ->  Bitmap Index Scan on k_5  (cost=0.00..5.39 rows=96 width=0)
	        Index Cond: ((k >= 4498482) AND (k <= 4498582))

table 6 : explain SELECT k, c FROM sbtest6 WHERE k BETWEEN 4498482 AND 4498582
	Bitmap Heap Scan on sbtest6  (cost=5.43..389.93 rows=97 width=125)
	  Recheck Cond: ((k >= 4498482) AND (k <= 4498582))
	  ->  Bitmap Index Scan on k_6  (cost=0.00..5.40 rows=97 width=0)
	        Index Cond: ((k >= 4498482) AND (k <= 4498582))

table 7 : explain SELECT k, c FROM sbtest7 WHERE k BETWEEN 4498482 AND 4498582
	Bitmap Heap Scan on sbtest7  (cost=5.61..460.95 rows=115 width=125)
	  Recheck Cond: ((k >= 4498482) AND (k <= 4498582))
	  ->  Bitmap Index Scan on k_7  (cost=0.00..5.58 rows=115 width=0)
	        Index Cond: ((k >= 4498482) AND (k <= 4498582))

table 8 : explain SELECT k, c FROM sbtest8 WHERE k BETWEEN 4498482 AND 4498582
	Bitmap Heap Scan on sbtest8  (cost=5.37..366.24 rows=91 width=125)
	  Recheck Cond: ((k >= 4498482) AND (k <= 4498582))
	  ->  Bitmap Index Scan on k_8  (cost=0.00..5.34 rows=91 width=0)
	        Index Cond: ((k >= 4498482) AND (k <= 4498582))

for range-notcovered
table 1 : explain SELECT k, c FROM sbtest1 WHERE k BETWEEN 7698578 AND 7698678
	Bitmap Heap Scan on sbtest1  (cost=5.62..464.61 rows=116 width=125)
	  Recheck Cond: ((k >= 7698578) AND (k <= 7698678))
	  ->  Bitmap Index Scan on k_1  (cost=0.00..5.59 rows=116 width=0)
	        Index Cond: ((k >= 7698578) AND (k <= 7698678))

table 2 : explain SELECT k, c FROM sbtest2 WHERE k BETWEEN 7698578 AND 7698678
	Bitmap Heap Scan on sbtest2  (cost=5.43..389.85 rows=97 width=125)
	  Recheck Cond: ((k >= 7698578) AND (k <= 7698678))
	  ->  Bitmap Index Scan on k_2  (cost=0.00..5.40 rows=97 width=0)
	        Index Cond: ((k >= 7698578) AND (k <= 7698678))

table 3 : explain SELECT k, c FROM sbtest3 WHERE k BETWEEN 7698578 AND 7698678
	Bitmap Heap Scan on sbtest3  (cost=5.46..401.66 rows=100 width=125)
	  Recheck Cond: ((k >= 7698578) AND (k <= 7698678))
	  ->  Bitmap Index Scan on k_3  (cost=0.00..5.43 rows=100 width=0)
	        Index Cond: ((k >= 7698578) AND (k <= 7698678))

table 4 : explain SELECT k, c FROM sbtest4 WHERE k BETWEEN 7698578 AND 7698678
	Bitmap Heap Scan on sbtest4  (cost=5.42..385.97 rows=96 width=125)
	  Recheck Cond: ((k >= 7698578) AND (k <= 7698678))
	  ->  Bitmap Index Scan on k_4  (cost=0.00..5.39 rows=96 width=0)
	        Index Cond: ((k >= 7698578) AND (k <= 7698678))

table 5 : explain SELECT k, c FROM sbtest5 WHERE k BETWEEN 7698578 AND 7698678
	Bitmap Heap Scan on sbtest5  (cost=5.41..382.02 rows=95 width=125)
	  Recheck Cond: ((k >= 7698578) AND (k <= 7698678))
	  ->  Bitmap Index Scan on k_5  (cost=0.00..5.38 rows=95 width=0)
	        Index Cond: ((k >= 7698578) AND (k <= 7698678))

table 6 : explain SELECT k, c FROM sbtest6 WHERE k BETWEEN 7698578 AND 7698678
	Bitmap Heap Scan on sbtest6  (cost=5.47..405.72 rows=101 width=125)
	  Recheck Cond: ((k >= 7698578) AND (k <= 7698678))
	  ->  Bitmap Index Scan on k_6  (cost=0.00..5.44 rows=101 width=0)
	        Index Cond: ((k >= 7698578) AND (k <= 7698678))

table 7 : explain SELECT k, c FROM sbtest7 WHERE k BETWEEN 7698578 AND 7698678
	Bitmap Heap Scan on sbtest7  (cost=5.60..457.01 rows=114 width=125)
	  Recheck Cond: ((k >= 7698578) AND (k <= 7698678))
	  ->  Bitmap Index Scan on k_7  (cost=0.00..5.58 rows=114 width=0)
	        Index Cond: ((k >= 7698578) AND (k <= 7698678))

table 8 : explain SELECT k, c FROM sbtest8 WHERE k BETWEEN 7698578 AND 7698678
	Bitmap Heap Scan on sbtest8  (cost=5.47..405.73 rows=101 width=125)
	  Recheck Cond: ((k >= 7698578) AND (k <= 7698678))
	  ->  Bitmap Index Scan on k_8  (cost=0.00..5.44 rows=101 width=0)
	        Index Cond: ((k >= 7698578) AND (k <= 7698678))
for range-notcovered
table 1 : explain SELECT k, c FROM sbtest1 WHERE k BETWEEN 1597552 AND 1597652
	Bitmap Heap Scan on sbtest1  (cost=5.38..369.99 rows=92 width=125)
	  Recheck Cond: ((k >= 1597552) AND (k <= 1597652))
	  ->  Bitmap Index Scan on k_1  (cost=0.00..5.35 rows=92 width=0)
	        Index Cond: ((k >= 1597552) AND (k <= 1597652))

table 2 : explain SELECT k, c FROM sbtest2 WHERE k BETWEEN 1597552 AND 1597652
	Bitmap Heap Scan on sbtest2  (cost=5.41..381.95 rows=95 width=125)
	  Recheck Cond: ((k >= 1597552) AND (k <= 1597652))
	  ->  Bitmap Index Scan on k_2  (cost=0.00..5.38 rows=95 width=0)
	        Index Cond: ((k >= 1597552) AND (k <= 1597652))

table 3 : explain SELECT k, c FROM sbtest3 WHERE k BETWEEN 1597552 AND 1597652
	Bitmap Heap Scan on sbtest3  (cost=5.57..445.04 rows=111 width=125)
	  Recheck Cond: ((k >= 1597552) AND (k <= 1597652))
	  ->  Bitmap Index Scan on k_3  (cost=0.00..5.54 rows=111 width=0)
	        Index Cond: ((k >= 1597552) AND (k <= 1597652))

table 4 : explain SELECT k, c FROM sbtest4 WHERE k BETWEEN 1597552 AND 1597652
	Bitmap Heap Scan on sbtest4  (cost=5.48..409.66 rows=102 width=125)
	  Recheck Cond: ((k >= 1597552) AND (k <= 1597652))
	  ->  Bitmap Index Scan on k_4  (cost=0.00..5.45 rows=102 width=0)
	        Index Cond: ((k >= 1597552) AND (k <= 1597652))

table 5 : explain SELECT k, c FROM sbtest5 WHERE k BETWEEN 1597552 AND 1597652
	Bitmap Heap Scan on sbtest5  (cost=5.45..397.81 rows=99 width=125)
	  Recheck Cond: ((k >= 1597552) AND (k <= 1597652))
	  ->  Bitmap Index Scan on k_5  (cost=0.00..5.42 rows=99 width=0)
	        Index Cond: ((k >= 1597552) AND (k <= 1597652))

table 6 : explain SELECT k, c FROM sbtest6 WHERE k BETWEEN 1597552 AND 1597652
	Bitmap Heap Scan on sbtest6  (cost=5.52..425.45 rows=106 width=125)
	  Recheck Cond: ((k >= 1597552) AND (k <= 1597652))
	  ->  Bitmap Index Scan on k_6  (cost=0.00..5.50 rows=106 width=0)
	        Index Cond: ((k >= 1597552) AND (k <= 1597652))

table 7 : explain SELECT k, c FROM sbtest7 WHERE k BETWEEN 1597552 AND 1597652
	Bitmap Heap Scan on sbtest7  (cost=5.45..397.83 rows=99 width=125)
	  Recheck Cond: ((k >= 1597552) AND (k <= 1597652))
	  ->  Bitmap Index Scan on k_7  (cost=0.00..5.42 rows=99 width=0)
	        Index Cond: ((k >= 1597552) AND (k <= 1597652))

table 8 : explain SELECT k, c FROM sbtest8 WHERE k BETWEEN 1597552 AND 1597652
	Bitmap Heap Scan on sbtest8  (cost=5.46..401.78 rows=100 width=125)
	  Recheck Cond: ((k >= 1597552) AND (k <= 1597652))
	  ->  Bitmap Index Scan on k_8  (cost=0.00..5.43 rows=100 width=0)
	        Index Cond: ((k >= 1597552) AND (k <= 1597652))

explain: for range-notcovered :: explain SELECT k, c FROM sbtest%d WHERE k BETWEEN 6577215 AND 6577315
for range-notcovered
table 1 : explain SELECT k, c FROM sbtest1 WHERE k BETWEEN 2695053 AND 2695153
	Bitmap Heap Scan on sbtest1  (cost=5.50..417.33 rows=104 width=125)
	  Recheck Cond: ((k >= 2695053) AND (k <= 2695153))
	  ->  Bitmap Index Scan on k_1  (cost=0.00..5.47 rows=104 width=0)
	        Index Cond: ((k >= 2695053) AND (k <= 2695153))

table 2 : explain SELECT k, c FROM sbtest2 WHERE k BETWEEN 2695053 AND 2695153
	Bitmap Heap Scan on sbtest2  (cost=5.54..433.24 rows=108 width=125)
	  Recheck Cond: ((k >= 2695053) AND (k <= 2695153))
	  ->  Bitmap Index Scan on k_2  (cost=0.00..5.51 rows=108 width=0)
	        Index Cond: ((k >= 2695053) AND (k <= 2695153))

table 3 : explain SELECT k, c FROM sbtest3 WHERE k BETWEEN 2695053 AND 2695153
	Bitmap Heap Scan on sbtest3  (cost=5.42..385.87 rows=96 width=125)
	  Recheck Cond: ((k >= 2695053) AND (k <= 2695153))
	  ->  Bitmap Index Scan on k_3  (cost=0.00..5.39 rows=96 width=0)
	        Index Cond: ((k >= 2695053) AND (k <= 2695153))

table 4 : explain SELECT k, c FROM sbtest4 WHERE k BETWEEN 2695053 AND 2695153
	Bitmap Heap Scan on sbtest4  (cost=5.41..382.03 rows=95 width=125)
	  Recheck Cond: ((k >= 2695053) AND (k <= 2695153))
	  ->  Bitmap Index Scan on k_4  (cost=0.00..5.38 rows=95 width=0)
	        Index Cond: ((k >= 2695053) AND (k <= 2695153))

table 5 : explain SELECT k, c FROM sbtest5 WHERE k BETWEEN 2695053 AND 2695153
	Bitmap Heap Scan on sbtest5  (cost=5.56..441.22 rows=110 width=125)
	  Recheck Cond: ((k >= 2695053) AND (k <= 2695153))
	  ->  Bitmap Index Scan on k_5  (cost=0.00..5.53 rows=110 width=0)
	        Index Cond: ((k >= 2695053) AND (k <= 2695153))

table 6 : explain SELECT k, c FROM sbtest6 WHERE k BETWEEN 2695053 AND 2695153
	Bitmap Heap Scan on sbtest6  (cost=5.51..421.51 rows=105 width=125)
	  Recheck Cond: ((k >= 2695053) AND (k <= 2695153))
	  ->  Bitmap Index Scan on k_6  (cost=0.00..5.48 rows=105 width=0)
	        Index Cond: ((k >= 2695053) AND (k <= 2695153))

table 7 : explain SELECT k, c FROM sbtest7 WHERE k BETWEEN 2695053 AND 2695153
	Bitmap Heap Scan on sbtest7  (cost=5.50..417.57 rows=104 width=125)
	  Recheck Cond: ((k >= 2695053) AND (k <= 2695153))
	  ->  Bitmap Index Scan on k_7  (cost=0.00..5.47 rows=104 width=0)
	        Index Cond: ((k >= 2695053) AND (k <= 2695153))

table 8 : explain SELECT k, c FROM sbtest8 WHERE k BETWEEN 2695053 AND 2695153
	Bitmap Heap Scan on sbtest8  (cost=5.49..413.62 rows=103 width=125)
	  Recheck Cond: ((k >= 2695053) AND (k <= 2695153))
	  ->  Bitmap Index Scan on k_8  (cost=0.00..5.46 rows=103 width=0)
	        Index Cond: ((k >= 2695053) AND (k <= 2695153))
explain: for range-notcovered :: explain SELECT k, c FROM sbtest%d WHERE k BETWEEN 4498482 AND 4498582
explain: for range-notcovered :: explain SELECT k, c FROM sbtest%d WHERE k BETWEEN 9134951 AND 9135051

for range-notcovered
table 1 : explain SELECT k, c FROM sbtest1 WHERE k BETWEEN 3865322 AND 3865422
	Bitmap Heap Scan on sbtest1  (cost=5.41..381.83 rows=95 width=125)
	  Recheck Cond: ((k >= 3865322) AND (k <= 3865422))
	  ->  Bitmap Index Scan on k_1  (cost=0.00..5.38 rows=95 width=0)
	        Index Cond: ((k >= 3865322) AND (k <= 3865422))

table 2 : explain SELECT k, c FROM sbtest2 WHERE k BETWEEN 3865322 AND 3865422
	Bitmap Heap Scan on sbtest2  (cost=5.48..409.58 rows=102 width=125)
	  Recheck Cond: ((k >= 3865322) AND (k <= 3865422))
	  ->  Bitmap Index Scan on k_2  (cost=0.00..5.45 rows=102 width=0)
	        Index Cond: ((k >= 3865322) AND (k <= 3865422))

table 3 : explain SELECT k, c FROM sbtest3 WHERE k BETWEEN 3865322 AND 3865422
	Bitmap Heap Scan on sbtest3  (cost=5.58..448.98 rows=112 width=125)
	  Recheck Cond: ((k >= 3865322) AND (k <= 3865422))
	  ->  Bitmap Index Scan on k_3  (cost=0.00..5.55 rows=112 width=0)
	        Index Cond: ((k >= 3865322) AND (k <= 3865422))

table 4 : explain SELECT k, c FROM sbtest4 WHERE k BETWEEN 3865322 AND 3865422
	Bitmap Heap Scan on sbtest4  (cost=5.53..429.39 rows=107 width=125)
	  Recheck Cond: ((k >= 3865322) AND (k <= 3865422))
	  ->  Bitmap Index Scan on k_4  (cost=0.00..5.50 rows=107 width=0)
	        Index Cond: ((k >= 3865322) AND (k <= 3865422))

table 5 : explain SELECT k, c FROM sbtest5 WHERE k BETWEEN 3865322 AND 3865422
	Bitmap Heap Scan on sbtest5  (cost=5.51..421.49 rows=105 width=125)
	  Recheck Cond: ((k >= 3865322) AND (k <= 3865422))
	  ->  Bitmap Index Scan on k_5  (cost=0.00..5.48 rows=105 width=0)
	        Index Cond: ((k >= 3865322) AND (k <= 3865422))

table 6 : explain SELECT k, c FROM sbtest6 WHERE k BETWEEN 3865322 AND 3865422
	Bitmap Heap Scan on sbtest6  (cost=5.42..385.98 rows=96 width=125)
	  Recheck Cond: ((k >= 3865322) AND (k <= 3865422))
	  ->  Bitmap Index Scan on k_6  (cost=0.00..5.39 rows=96 width=0)
	        Index Cond: ((k >= 3865322) AND (k <= 3865422))

table 7 : explain SELECT k, c FROM sbtest7 WHERE k BETWEEN 3865322 AND 3865422
	Bitmap Heap Scan on sbtest7  (cost=5.37..366.24 rows=91 width=125)
	  Recheck Cond: ((k >= 3865322) AND (k <= 3865422))
	  ->  Bitmap Index Scan on k_7  (cost=0.00..5.34 rows=91 width=0)
	        Index Cond: ((k >= 3865322) AND (k <= 3865422))

table 8 : explain SELECT k, c FROM sbtest8 WHERE k BETWEEN 3865322 AND 3865422
	Bitmap Heap Scan on sbtest8  (cost=5.41..382.04 rows=95 width=125)
	  Recheck Cond: ((k >= 3865322) AND (k <= 3865422))
	  ->  Bitmap Index Scan on k_8  (cost=0.00..5.38 rows=95 width=0)
	        Index Cond: ((k >= 3865322) AND (k <= 3865422))


for range-notcovered
table 1 : explain SELECT k, c FROM sbtest1 WHERE k BETWEEN 1543373 AND 1543473
	Bitmap Heap Scan on sbtest1  (cost=5.55..437.04 rows=109 width=125)
	  Recheck Cond: ((k >= 1543373) AND (k <= 1543473))
	  ->  Bitmap Index Scan on k_1  (cost=0.00..5.52 rows=109 width=0)
	        Index Cond: ((k >= 1543373) AND (k <= 1543473))

table 2 : explain SELECT k, c FROM sbtest2 WHERE k BETWEEN 1543373 AND 1543473
	Bitmap Heap Scan on sbtest2  (cost=5.41..381.95 rows=95 width=125)
	  Recheck Cond: ((k >= 1543373) AND (k <= 1543473))
	  ->  Bitmap Index Scan on k_2  (cost=0.00..5.38 rows=95 width=0)
	        Index Cond: ((k >= 1543373) AND (k <= 1543473))

table 3 : explain SELECT k, c FROM sbtest3 WHERE k BETWEEN 1543373 AND 1543473
	Bitmap Heap Scan on sbtest3  (cost=5.41..381.92 rows=95 width=125)
	  Recheck Cond: ((k >= 1543373) AND (k <= 1543473))
	  ->  Bitmap Index Scan on k_3  (cost=0.00..5.38 rows=95 width=0)
	        Index Cond: ((k >= 1543373) AND (k <= 1543473))

table 4 : explain SELECT k, c FROM sbtest4 WHERE k BETWEEN 1543373 AND 1543473
	Bitmap Heap Scan on sbtest4  (cost=5.44..393.87 rows=98 width=125)
	  Recheck Cond: ((k >= 1543373) AND (k <= 1543473))
	  ->  Bitmap Index Scan on k_4  (cost=0.00..5.42 rows=98 width=0)
	        Index Cond: ((k >= 1543373) AND (k <= 1543473))

table 5 : explain SELECT k, c FROM sbtest5 WHERE k BETWEEN 1543373 AND 1543473
	Bitmap Heap Scan on sbtest5  (cost=5.45..397.81 rows=99 width=125)
	  Recheck Cond: ((k >= 1543373) AND (k <= 1543473))
	  ->  Bitmap Index Scan on k_5  (cost=0.00..5.42 rows=99 width=0)
	        Index Cond: ((k >= 1543373) AND (k <= 1543473))

table 6 : explain SELECT k, c FROM sbtest6 WHERE k BETWEEN 1543373 AND 1543473
	Bitmap Heap Scan on sbtest6  (cost=5.52..425.45 rows=106 width=125)
	  Recheck Cond: ((k >= 1543373) AND (k <= 1543473))
	  ->  Bitmap Index Scan on k_6  (cost=0.00..5.50 rows=106 width=0)
	        Index Cond: ((k >= 1543373) AND (k <= 1543473))

table 7 : explain SELECT k, c FROM sbtest7 WHERE k BETWEEN 1543373 AND 1543473
	Bitmap Heap Scan on sbtest7  (cost=5.41..382.04 rows=95 width=125)
	  Recheck Cond: ((k >= 1543373) AND (k <= 1543473))
	  ->  Bitmap Index Scan on k_7  (cost=0.00..5.38 rows=95 width=0)
	        Index Cond: ((k >= 1543373) AND (k <= 1543473))

table 8 : explain SELECT k, c FROM sbtest8 WHERE k BETWEEN 1543373 AND 1543473
	Bitmap Heap Scan on sbtest8  (cost=5.57..445.18 rows=111 width=125)
	  Recheck Cond: ((k >= 1543373) AND (k <= 1543473))
	  ->  Bitmap Index Scan on k_8  (cost=0.00..5.54 rows=111 width=0)
	        Index Cond: ((k >= 1543373) AND (k <= 1543473))

explain: for range-notcovered :: explain SELECT k, c FROM sbtest%d WHERE k BETWEEN 1597552 AND 1597652
explain: for range-notcovered :: explain SELECT k, c FROM sbtest%d WHERE k BETWEEN 2695053 AND 2695153
for range-notcovered
table 1 : explain SELECT k, c FROM sbtest1 WHERE k BETWEEN 1465057 AND 1465157
	Bitmap Heap Scan on sbtest1  (cost=5.46..401.56 rows=100 width=125)
	  Recheck Cond: ((k >= 1465057) AND (k <= 1465157))
	  ->  Bitmap Index Scan on k_1  (cost=0.00..5.43 rows=100 width=0)
	        Index Cond: ((k >= 1465057) AND (k <= 1465157))

table 2 : explain SELECT k, c FROM sbtest2 WHERE k BETWEEN 1465057 AND 1465157
	Bitmap Heap Scan on sbtest2  (cost=5.44..393.79 rows=98 width=125)
	  Recheck Cond: ((k >= 1465057) AND (k <= 1465157))
	  ->  Bitmap Index Scan on k_2  (cost=0.00..5.42 rows=98 width=0)
	        Index Cond: ((k >= 1465057) AND (k <= 1465157))

table 3 : explain SELECT k, c FROM sbtest3 WHERE k BETWEEN 1465057 AND 1465157
	Bitmap Heap Scan on sbtest3  (cost=5.38..370.08 rows=92 width=125)
	  Recheck Cond: ((k >= 1465057) AND (k <= 1465157))
	  ->  Bitmap Index Scan on k_3  (cost=0.00..5.35 rows=92 width=0)
	        Index Cond: ((k >= 1465057) AND (k <= 1465157))

table 4 : explain SELECT k, c FROM sbtest4 WHERE k BETWEEN 1465057 AND 1465157
	Bitmap Heap Scan on sbtest4  (cost=5.44..393.87 rows=98 width=125)
	  Recheck Cond: ((k >= 1465057) AND (k <= 1465157))
	  ->  Bitmap Index Scan on k_4  (cost=0.00..5.42 rows=98 width=0)
	        Index Cond: ((k >= 1465057) AND (k <= 1465157))

table 5 : explain SELECT k, c FROM sbtest5 WHERE k BETWEEN 1465057 AND 1465157
	Bitmap Heap Scan on sbtest5  (cost=5.47..405.71 rows=101 width=125)
	  Recheck Cond: ((k >= 1465057) AND (k <= 1465157))
	  ->  Bitmap Index Scan on k_5  (cost=0.00..5.44 rows=101 width=0)
	        Index Cond: ((k >= 1465057) AND (k <= 1465157))

table 6 : explain SELECT k, c FROM sbtest6 WHERE k BETWEEN 1465057 AND 1465157
	Bitmap Heap Scan on sbtest6  (cost=5.47..405.72 rows=101 width=125)
	  Recheck Cond: ((k >= 1465057) AND (k <= 1465157))
	  ->  Bitmap Index Scan on k_6  (cost=0.00..5.44 rows=101 width=0)
	        Index Cond: ((k >= 1465057) AND (k <= 1465157))

table 7 : explain SELECT k, c FROM sbtest7 WHERE k BETWEEN 1465057 AND 1465157
	Bitmap Heap Scan on sbtest7  (cost=5.56..441.24 rows=110 width=125)
	  Recheck Cond: ((k >= 1465057) AND (k <= 1465157))
	  ->  Bitmap Index Scan on k_7  (cost=0.00..5.53 rows=110 width=0)
	        Index Cond: ((k >= 1465057) AND (k <= 1465157))

table 8 : explain SELECT k, c FROM sbtest8 WHERE k BETWEEN 1465057 AND 1465157
	Bitmap Heap Scan on sbtest8  (cost=5.49..413.62 rows=103 width=125)
	  Recheck Cond: ((k >= 1465057) AND (k <= 1465157))
	  ->  Bitmap Index Scan on k_8  (cost=0.00..5.46 rows=103 width=0)
	        Index Cond: ((k >= 1465057) AND (k <= 1465157))

explain: for range-notcovered :: explain SELECT k, c FROM sbtest%d WHERE k BETWEEN 1543373 AND 1543473
explain: for range-notcovered :: explain SELECT k, c FROM sbtest%d WHERE k BETWEEN 3691681 AND 3691781
explain: for range-notcovered :: explain SELECT k, c FROM sbtest%d WHERE k BETWEEN 3865322 AND 3865422
explain: for range-notcovered :: explain SELECT k, c FROM sbtest%d WHERE k BETWEEN 1465057 AND 1465157
for range-notcovered
table 1 : explain SELECT k, c FROM sbtest1 WHERE k BETWEEN 1950720 AND 1950820
	Bitmap Heap Scan on sbtest1  (cost=5.43..389.72 rows=97 width=125)
	  Recheck Cond: ((k >= 1950720) AND (k <= 1950820))
	  ->  Bitmap Index Scan on k_1  (cost=0.00..5.40 rows=97 width=0)
	        Index Cond: ((k >= 1950720) AND (k <= 1950820))

table 2 : explain SELECT k, c FROM sbtest2 WHERE k BETWEEN 1950720 AND 1950820
	Bitmap Heap Scan on sbtest2  (cost=5.53..429.30 rows=107 width=125)
	  Recheck Cond: ((k >= 1950720) AND (k <= 1950820))
	  ->  Bitmap Index Scan on k_2  (cost=0.00..5.50 rows=107 width=0)
	        Index Cond: ((k >= 1950720) AND (k <= 1950820))

table 3 : explain SELECT k, c FROM sbtest3 WHERE k BETWEEN 1950720 AND 1950820
	Bitmap Heap Scan on sbtest3  (cost=5.61..460.80 rows=115 width=125)
	  Recheck Cond: ((k >= 1950720) AND (k <= 1950820))
	  ->  Bitmap Index Scan on k_3  (cost=0.00..5.58 rows=115 width=0)
	        Index Cond: ((k >= 1950720) AND (k <= 1950820))

table 4 : explain SELECT k, c FROM sbtest4 WHERE k BETWEEN 1950720 AND 1950820
	Bitmap Heap Scan on sbtest4  (cost=5.45..397.82 rows=99 width=125)
	  Recheck Cond: ((k >= 1950720) AND (k <= 1950820))
	  ->  Bitmap Index Scan on k_4  (cost=0.00..5.42 rows=99 width=0)
	        Index Cond: ((k >= 1950720) AND (k <= 1950820))

table 5 : explain SELECT k, c FROM sbtest5 WHERE k BETWEEN 1950720 AND 1950820
	Bitmap Heap Scan on sbtest5  (cost=5.63..468.81 rows=117 width=125)
	  Recheck Cond: ((k >= 1950720) AND (k <= 1950820))
	  ->  Bitmap Index Scan on k_5  (cost=0.00..5.60 rows=117 width=0)
	        Index Cond: ((k >= 1950720) AND (k <= 1950820))

table 6 : explain SELECT k, c FROM sbtest6 WHERE k BETWEEN 1950720 AND 1950820
	Bitmap Heap Scan on sbtest6  (cost=5.49..413.62 rows=103 width=125)
	  Recheck Cond: ((k >= 1950720) AND (k <= 1950820))
	  ->  Bitmap Index Scan on k_6  (cost=0.00..5.46 rows=103 width=0)
	        Index Cond: ((k >= 1950720) AND (k <= 1950820))

table 7 : explain SELECT k, c FROM sbtest7 WHERE k BETWEEN 1950720 AND 1950820
	Bitmap Heap Scan on sbtest7  (cost=5.38..370.19 rows=92 width=125)
	  Recheck Cond: ((k >= 1950720) AND (k <= 1950820))
	  ->  Bitmap Index Scan on k_7  (cost=0.00..5.35 rows=92 width=0)
	        Index Cond: ((k >= 1950720) AND (k <= 1950820))

table 8 : explain SELECT k, c FROM sbtest8 WHERE k BETWEEN 1950720 AND 1950820
	Bitmap Heap Scan on sbtest8  (cost=5.44..393.88 rows=98 width=125)
	  Recheck Cond: ((k >= 1950720) AND (k <= 1950820))
	  ->  Bitmap Index Scan on k_8  (cost=0.00..5.42 rows=98 width=0)
	        Index Cond: ((k >= 1950720) AND (k <= 1950820))

explain: for range-notcovered :: explain SELECT k, c FROM sbtest%d WHERE k BETWEEN 1950720 AND 1950820
for range-notcovered
table 1 : explain SELECT k, c FROM sbtest1 WHERE k BETWEEN 5832955 AND 5833055
	Bitmap Heap Scan on sbtest1  (cost=5.46..401.56 rows=100 width=125)
	  Recheck Cond: ((k >= 5832955) AND (k <= 5833055))
	  ->  Bitmap Index Scan on k_1  (cost=0.00..5.43 rows=100 width=0)
	        Index Cond: ((k >= 5832955) AND (k <= 5833055))

table 2 : explain SELECT k, c FROM sbtest2 WHERE k BETWEEN 5832955 AND 5833055
	Bitmap Heap Scan on sbtest2  (cost=5.36..362.20 rows=90 width=125)
	  Recheck Cond: ((k >= 5832955) AND (k <= 5833055))
	  ->  Bitmap Index Scan on k_2  (cost=0.00..5.33 rows=90 width=0)
	        Index Cond: ((k >= 5832955) AND (k <= 5833055))

table 3 : explain SELECT k, c FROM sbtest3 WHERE k BETWEEN 5832955 AND 5833055
	Bitmap Heap Scan on sbtest3  (cost=5.58..448.98 rows=112 width=125)
	  Recheck Cond: ((k >= 5832955) AND (k <= 5833055))
	  ->  Bitmap Index Scan on k_3  (cost=0.00..5.55 rows=112 width=0)
	        Index Cond: ((k >= 5832955) AND (k <= 5833055))

table 4 : explain SELECT k, c FROM sbtest4 WHERE k BETWEEN 5832955 AND 5833055
	Bitmap Heap Scan on sbtest4  (cost=5.44..393.87 rows=98 width=125)
	  Recheck Cond: ((k >= 5832955) AND (k <= 5833055))
	  ->  Bitmap Index Scan on k_4  (cost=0.00..5.42 rows=98 width=0)
	        Index Cond: ((k >= 5832955) AND (k <= 5833055))

table 5 : explain SELECT k, c FROM sbtest5 WHERE k BETWEEN 5832955 AND 5833055
	Bitmap Heap Scan on sbtest5  (cost=5.54..433.33 rows=108 width=125)
	  Recheck Cond: ((k >= 5832955) AND (k <= 5833055))
	  ->  Bitmap Index Scan on k_5  (cost=0.00..5.51 rows=108 width=0)
	        Index Cond: ((k >= 5832955) AND (k <= 5833055))

table 6 : explain SELECT k, c FROM sbtest6 WHERE k BETWEEN 5832955 AND 5833055
	Bitmap Heap Scan on sbtest6  (cost=5.52..425.45 rows=106 width=125)
	  Recheck Cond: ((k >= 5832955) AND (k <= 5833055))
	  ->  Bitmap Index Scan on k_6  (cost=0.00..5.50 rows=106 width=0)
	        Index Cond: ((k >= 5832955) AND (k <= 5833055))

table 7 : explain SELECT k, c FROM sbtest7 WHERE k BETWEEN 5832955 AND 5833055
	Bitmap Heap Scan on sbtest7  (cost=5.41..382.04 rows=95 width=125)
	  Recheck Cond: ((k >= 5832955) AND (k <= 5833055))
	  ->  Bitmap Index Scan on k_7  (cost=0.00..5.38 rows=95 width=0)
	        Index Cond: ((k >= 5832955) AND (k <= 5833055))

table 8 : explain SELECT k, c FROM sbtest8 WHERE k BETWEEN 5832955 AND 5833055
	Bitmap Heap Scan on sbtest8  (cost=5.55..437.29 rows=109 width=125)
	  Recheck Cond: ((k >= 5832955) AND (k <= 5833055))
	  ->  Bitmap Index Scan on k_8  (cost=0.00..5.52 rows=109 width=0)
	        Index Cond: ((k >= 5832955) AND (k <= 5833055))

explain: for range-notcovered :: explain SELECT k, c FROM sbtest%d WHERE k BETWEEN 5832955 AND 5833055
for range-notcovered
table 1 : explain SELECT k, c FROM sbtest1 WHERE k BETWEEN 4498482 AND 4498582
	Bitmap Heap Scan on sbtest1  (cost=5.48..409.44 rows=102 width=125)
	  Recheck Cond: ((k >= 4498482) AND (k <= 4498582))
	  ->  Bitmap Index Scan on k_1  (cost=0.00..5.45 rows=102 width=0)
	        Index Cond: ((k >= 4498482) AND (k <= 4498582))

table 2 : explain SELECT k, c FROM sbtest2 WHERE k BETWEEN 4498482 AND 4498582
	Bitmap Heap Scan on sbtest2  (cost=5.46..401.69 rows=100 width=125)
	  Recheck Cond: ((k >= 4498482) AND (k <= 4498582))
	  ->  Bitmap Index Scan on k_2  (cost=0.00..5.43 rows=100 width=0)
	        Index Cond: ((k >= 4498482) AND (k <= 4498582))

table 3 : explain SELECT k, c FROM sbtest3 WHERE k BETWEEN 4498482 AND 4498582
	Bitmap Heap Scan on sbtest3  (cost=5.47..405.60 rows=101 width=125)
	  Recheck Cond: ((k >= 4498482) AND (k <= 4498582))
	  ->  Bitmap Index Scan on k_3  (cost=0.00..5.44 rows=101 width=0)
	        Index Cond: ((k >= 4498482) AND (k <= 4498582))

table 4 : explain SELECT k, c FROM sbtest4 WHERE k BETWEEN 4498482 AND 4498582
	Bitmap Heap Scan on sbtest4  (cost=5.51..421.50 rows=105 width=125)
	  Recheck Cond: ((k >= 4498482) AND (k <= 4498582))
	  ->  Bitmap Index Scan on k_4  (cost=0.00..5.48 rows=105 width=0)
	        Index Cond: ((k >= 4498482) AND (k <= 4498582))

table 5 : explain SELECT k, c FROM sbtest5 WHERE k BETWEEN 4498482 AND 4498582
	Bitmap Heap Scan on sbtest5  (cost=5.42..385.97 rows=96 width=125)
	  Recheck Cond: ((k >= 4498482) AND (k <= 4498582))
	  ->  Bitmap Index Scan on k_5  (cost=0.00..5.39 rows=96 width=0)
	        Index Cond: ((k >= 4498482) AND (k <= 4498582))

table 6 : explain SELECT k, c FROM sbtest6 WHERE k BETWEEN 4498482 AND 4498582
	Bitmap Heap Scan on sbtest6  (cost=5.43..389.93 rows=97 width=125)
	  Recheck Cond: ((k >= 4498482) AND (k <= 4498582))
	  ->  Bitmap Index Scan on k_6  (cost=0.00..5.40 rows=97 width=0)
	        Index Cond: ((k >= 4498482) AND (k <= 4498582))

table 7 : explain SELECT k, c FROM sbtest7 WHERE k BETWEEN 4498482 AND 4498582
	Bitmap Heap Scan on sbtest7  (cost=5.61..460.95 rows=115 width=125)
	  Recheck Cond: ((k >= 4498482) AND (k <= 4498582))
	  ->  Bitmap Index Scan on k_7  (cost=0.00..5.58 rows=115 width=0)
	        Index Cond: ((k >= 4498482) AND (k <= 4498582))

table 8 : explain SELECT k, c FROM sbtest8 WHERE k BETWEEN 4498482 AND 4498582
	Bitmap Heap Scan on sbtest8  (cost=5.37..366.24 rows=91 width=125)
	  Recheck Cond: ((k >= 4498482) AND (k <= 4498582))
	  ->  Bitmap Index Scan on k_8  (cost=0.00..5.34 rows=91 width=0)
	        Index Cond: ((k >= 4498482) AND (k <= 4498582))

for range-notcovered
table 1 : explain SELECT k, c FROM sbtest1 WHERE k BETWEEN 6577215 AND 6577315
	Bitmap Heap Scan on sbtest1  (cost=5.40..377.88 rows=94 width=125)
	  Recheck Cond: ((k >= 6577215) AND (k <= 6577315))
	  ->  Bitmap Index Scan on k_1  (cost=0.00..5.38 rows=94 width=0)
	        Index Cond: ((k >= 6577215) AND (k <= 6577315))

table 2 : explain SELECT k, c FROM sbtest2 WHERE k BETWEEN 6577215 AND 6577315
	Bitmap Heap Scan on sbtest2  (cost=5.45..397.74 rows=99 width=125)
	  Recheck Cond: ((k >= 6577215) AND (k <= 6577315))
	  ->  Bitmap Index Scan on k_2  (cost=0.00..5.42 rows=99 width=0)
	        Index Cond: ((k >= 6577215) AND (k <= 6577315))

table 3 : explain SELECT k, c FROM sbtest3 WHERE k BETWEEN 6577215 AND 6577315
	Bitmap Heap Scan on sbtest3  (cost=5.49..413.49 rows=103 width=125)
	  Recheck Cond: ((k >= 6577215) AND (k <= 6577315))
	  ->  Bitmap Index Scan on k_3  (cost=0.00..5.46 rows=103 width=0)
	        Index Cond: ((k >= 6577215) AND (k <= 6577315))

table 4 : explain SELECT k, c FROM sbtest4 WHERE k BETWEEN 6577215 AND 6577315
	Bitmap Heap Scan on sbtest4  (cost=5.44..393.87 rows=98 width=125)
	  Recheck Cond: ((k >= 6577215) AND (k <= 6577315))
	  ->  Bitmap Index Scan on k_4  (cost=0.00..5.42 rows=98 width=0)
	        Index Cond: ((k >= 6577215) AND (k <= 6577315))

table 5 : explain SELECT k, c FROM sbtest5 WHERE k BETWEEN 6577215 AND 6577315
	Bitmap Heap Scan on sbtest5  (cost=5.52..425.44 rows=106 width=125)
	  Recheck Cond: ((k >= 6577215) AND (k <= 6577315))
	  ->  Bitmap Index Scan on k_5  (cost=0.00..5.50 rows=106 width=0)
	        Index Cond: ((k >= 6577215) AND (k <= 6577315))

table 6 : explain SELECT k, c FROM sbtest6 WHERE k BETWEEN 6577215 AND 6577315
	Bitmap Heap Scan on sbtest6  (cost=5.44..393.88 rows=98 width=125)
	  Recheck Cond: ((k >= 6577215) AND (k <= 6577315))
	  ->  Bitmap Index Scan on k_6  (cost=0.00..5.42 rows=98 width=0)
	        Index Cond: ((k >= 6577215) AND (k <= 6577315))

table 7 : explain SELECT k, c FROM sbtest7 WHERE k BETWEEN 6577215 AND 6577315
	Bitmap Heap Scan on sbtest7  (cost=5.50..417.57 rows=104 width=125)
	  Recheck Cond: ((k >= 6577215) AND (k <= 6577315))
	  ->  Bitmap Index Scan on k_7  (cost=0.00..5.47 rows=104 width=0)
	        Index Cond: ((k >= 6577215) AND (k <= 6577315))

table 8 : explain SELECT k, c FROM sbtest8 WHERE k BETWEEN 6577215 AND 6577315
	Bitmap Heap Scan on sbtest8  (cost=5.43..389.94 rows=97 width=125)
	  Recheck Cond: ((k >= 6577215) AND (k <= 6577315))
	  ->  Bitmap Index Scan on k_8  (cost=0.00..5.40 rows=97 width=0)
	        Index Cond: ((k >= 6577215) AND (k <= 6577315))

explain: for range-notcovered :: explain SELECT k, c FROM sbtest%d WHERE k BETWEEN 4498482 AND 4498582for range-notcovered
table 1 : explain SELECT k, c FROM sbtest1 WHERE k BETWEEN 9134951 AND 9135051
	Bitmap Heap Scan on sbtest1  (cost=5.45..397.61 rows=99 width=125)
	  Recheck Cond: ((k >= 9134951) AND (k <= 9135051))
	  ->  Bitmap Index Scan on k_1  (cost=0.00..5.42 rows=99 width=0)
	        Index Cond: ((k >= 9134951) AND (k <= 9135051))

table 2 : explain SELECT k, c FROM sbtest2 WHERE k BETWEEN 9134951 AND 9135051
	Bitmap Heap Scan on sbtest2  (cost=5.52..425.36 rows=106 width=125)
	  Recheck Cond: ((k >= 9134951) AND (k <= 9135051))
	  ->  Bitmap Index Scan on k_2  (cost=0.00..5.50 rows=106 width=0)
	        Index Cond: ((k >= 9134951) AND (k <= 9135051))

table 3 : explain SELECT k, c FROM sbtest3 WHERE k BETWEEN 9134951 AND 9135051
	Bitmap Heap Scan on sbtest3  (cost=5.42..385.87 rows=96 width=125)
	  Recheck Cond: ((k >= 9134951) AND (k <= 9135051))
	  ->  Bitmap Index Scan on k_3  (cost=0.00..5.39 rows=96 width=0)
	        Index Cond: ((k >= 9134951) AND (k <= 9135051))

table 4 : explain SELECT k, c FROM sbtest4 WHERE k BETWEEN 9134951 AND 9135051
	Bitmap Heap Scan on sbtest4  (cost=5.47..405.71 rows=101 width=125)
	  Recheck Cond: ((k >= 9134951) AND (k <= 9135051))
	  ->  Bitmap Index Scan on k_4  (cost=0.00..5.44 rows=101 width=0)
	        Index Cond: ((k >= 9134951) AND (k <= 9135051))

table 5 : explain SELECT k, c FROM sbtest5 WHERE k BETWEEN 9134951 AND 9135051
	Bitmap Heap Scan on sbtest5  (cost=5.43..389.92 rows=97 width=125)
	  Recheck Cond: ((k >= 9134951) AND (k <= 9135051))
	  ->  Bitmap Index Scan on k_5  (cost=0.00..5.40 rows=97 width=0)
	        Index Cond: ((k >= 9134951) AND (k <= 9135051))

table 6 : explain SELECT k, c FROM sbtest6 WHERE k BETWEEN 9134951 AND 9135051
	Bitmap Heap Scan on sbtest6  (cost=5.53..429.40 rows=107 width=125)
	  Recheck Cond: ((k >= 9134951) AND (k <= 9135051))
	  ->  Bitmap Index Scan on k_6  (cost=0.00..5.50 rows=107 width=0)
	        Index Cond: ((k >= 9134951) AND (k <= 9135051))

table 7 : explain SELECT k, c FROM sbtest7 WHERE k BETWEEN 9134951 AND 9135051
	Bitmap Heap Scan on sbtest7  (cost=5.47..405.73 rows=101 width=125)
	  Recheck Cond: ((k >= 9134951) AND (k <= 9135051))
	  ->  Bitmap Index Scan on k_7  (cost=0.00..5.44 rows=101 width=0)
	        Index Cond: ((k >= 9134951) AND (k <= 9135051))

table 8 : explain SELECT k, c FROM sbtest8 WHERE k BETWEEN 9134951 AND 9135051
	Bitmap Heap Scan on sbtest8  (cost=5.45..397.83 rows=99 width=125)
	  Recheck Cond: ((k >= 9134951) AND (k <= 9135051))
	  ->  Bitmap Index Scan on k_8  (cost=0.00..5.42 rows=99 width=0)
	        Index Cond: ((k >= 9134951) AND (k <= 9135051))

explain: for range-notcovered :: explain SELECT k, c FROM sbtest%d WHERE k BETWEEN 3387239 AND 3387339

for range-notcovered
table 1 : explain SELECT k, c FROM sbtest1 WHERE k BETWEEN 1597552 AND 1597652
	Bitmap Heap Scan on sbtest1  (cost=5.38..369.99 rows=92 width=125)
	  Recheck Cond: ((k >= 1597552) AND (k <= 1597652))
	  ->  Bitmap Index Scan on k_1  (cost=0.00..5.35 rows=92 width=0)
	        Index Cond: ((k >= 1597552) AND (k <= 1597652))

table 2 : explain SELECT k, c FROM sbtest2 WHERE k BETWEEN 1597552 AND 1597652
	Bitmap Heap Scan on sbtest2  (cost=5.41..381.95 rows=95 width=125)
	  Recheck Cond: ((k >= 1597552) AND (k <= 1597652))
	  ->  Bitmap Index Scan on k_2  (cost=0.00..5.38 rows=95 width=0)
	        Index Cond: ((k >= 1597552) AND (k <= 1597652))

table 3 : explain SELECT k, c FROM sbtest3 WHERE k BETWEEN 1597552 AND 1597652
	Bitmap Heap Scan on sbtest3  (cost=5.57..445.04 rows=111 width=125)
	  Recheck Cond: ((k >= 1597552) AND (k <= 1597652))
	  ->  Bitmap Index Scan on k_3  (cost=0.00..5.54 rows=111 width=0)
	        Index Cond: ((k >= 1597552) AND (k <= 1597652))

table 4 : explain SELECT k, c FROM sbtest4 WHERE k BETWEEN 1597552 AND 1597652
	Bitmap Heap Scan on sbtest4  (cost=5.48..409.66 rows=102 width=125)
	  Recheck Cond: ((k >= 1597552) AND (k <= 1597652))
	  ->  Bitmap Index Scan on k_4  (cost=0.00..5.45 rows=102 width=0)
	        Index Cond: ((k >= 1597552) AND (k <= 1597652))

table 5 : explain SELECT k, c FROM sbtest5 WHERE k BETWEEN 1597552 AND 1597652
	Bitmap Heap Scan on sbtest5  (cost=5.45..397.81 rows=99 width=125)
	  Recheck Cond: ((k >= 1597552) AND (k <= 1597652))
	  ->  Bitmap Index Scan on k_5  (cost=0.00..5.42 rows=99 width=0)
	        Index Cond: ((k >= 1597552) AND (k <= 1597652))

table 6 : explain SELECT k, c FROM sbtest6 WHERE k BETWEEN 1597552 AND 1597652
	Bitmap Heap Scan on sbtest6  (cost=5.52..425.45 rows=106 width=125)
	  Recheck Cond: ((k >= 1597552) AND (k <= 1597652))
	  ->  Bitmap Index Scan on k_6  (cost=0.00..5.50 rows=106 width=0)
	        Index Cond: ((k >= 1597552) AND (k <= 1597652))

table 7 : explain SELECT k, c FROM sbtest7 WHERE k BETWEEN 1597552 AND 1597652
	Bitmap Heap Scan on sbtest7  (cost=5.45..397.83 rows=99 width=125)
	  Recheck Cond: ((k >= 1597552) AND (k <= 1597652))
	  ->  Bitmap Index Scan on k_7  (cost=0.00..5.42 rows=99 width=0)
	        Index Cond: ((k >= 1597552) AND (k <= 1597652))

table 8 : explain SELECT k, c FROM sbtest8 WHERE k BETWEEN 1597552 AND 1597652
	Bitmap Heap Scan on sbtest8  (cost=5.46..401.78 rows=100 width=125)
	  Recheck Cond: ((k >= 1597552) AND (k <= 1597652))
	  ->  Bitmap Index Scan on k_8  (cost=0.00..5.43 rows=100 width=0)
	        Index Cond: ((k >= 1597552) AND (k <= 1597652))

explain: for range-notcovered :: explain SELECT k, c FROM sbtest%d WHERE k BETWEEN 6577215 AND 6577315
explain: for range-notcovered :: explain SELECT k, c FROM sbtest%d WHERE k BETWEEN 9134951 AND 9135051for range-notcovered
table 1 : explain SELECT k, c FROM sbtest1 WHERE k BETWEEN 2695053 AND 2695153
	Bitmap Heap Scan on sbtest1  (cost=5.50..417.33 rows=104 width=125)
	  Recheck Cond: ((k >= 2695053) AND (k <= 2695153))
	  ->  Bitmap Index Scan on k_1  (cost=0.00..5.47 rows=104 width=0)
	        Index Cond: ((k >= 2695053) AND (k <= 2695153))

table 2 : explain SELECT k, c FROM sbtest2 WHERE k BETWEEN 2695053 AND 2695153
	Bitmap Heap Scan on sbtest2  (cost=5.54..433.24 rows=108 width=125)
	  Recheck Cond: ((k >= 2695053) AND (k <= 2695153))
	  ->  Bitmap Index Scan on k_2  (cost=0.00..5.51 rows=108 width=0)
	        Index Cond: ((k >= 2695053) AND (k <= 2695153))

table 3 : explain SELECT k, c FROM sbtest3 WHERE k BETWEEN 2695053 AND 2695153
	Bitmap Heap Scan on sbtest3  (cost=5.42..385.87 rows=96 width=125)
	  Recheck Cond: ((k >= 2695053) AND (k <= 2695153))
	  ->  Bitmap Index Scan on k_3  (cost=0.00..5.39 rows=96 width=0)
	        Index Cond: ((k >= 2695053) AND (k <= 2695153))

table 4 : explain SELECT k, c FROM sbtest4 WHERE k BETWEEN 2695053 AND 2695153
	Bitmap Heap Scan on sbtest4  (cost=5.41..382.03 rows=95 width=125)
	  Recheck Cond: ((k >= 2695053) AND (k <= 2695153))
	  ->  Bitmap Index Scan on k_4  (cost=0.00..5.38 rows=95 width=0)
	        Index Cond: ((k >= 2695053) AND (k <= 2695153))

table 5 : explain SELECT k, c FROM sbtest5 WHERE k BETWEEN 2695053 AND 2695153
	Bitmap Heap Scan on sbtest5  (cost=5.56..441.22 rows=110 width=125)
	  Recheck Cond: ((k >= 2695053) AND (k <= 2695153))
	  ->  Bitmap Index Scan on k_5  (cost=0.00..5.53 rows=110 width=0)
	        Index Cond: ((k >= 2695053) AND (k <= 2695153))

table 6 : explain SELECT k, c FROM sbtest6 WHERE k BETWEEN 2695053 AND 2695153
	Bitmap Heap Scan on sbtest6  (cost=5.51..421.51 rows=105 width=125)
	  Recheck Cond: ((k >= 2695053) AND (k <= 2695153))
	  ->  Bitmap Index Scan on k_6  (cost=0.00..5.48 rows=105 width=0)
	        Index Cond: ((k >= 2695053) AND (k <= 2695153))

table 7 : explain SELECT k, c FROM sbtest7 WHERE k BETWEEN 2695053 AND 2695153
	Bitmap Heap Scan on sbtest7  (cost=5.50..417.57 rows=104 width=125)
	  Recheck Cond: ((k >= 2695053) AND (k <= 2695153))
	  ->  Bitmap Index Scan on k_7  (cost=0.00..5.47 rows=104 width=0)
	        Index Cond: ((k >= 2695053) AND (k <= 2695153))

table 8 : explain SELECT k, c FROM sbtest8 WHERE k BETWEEN 2695053 AND 2695153
	Bitmap Heap Scan on sbtest8  (cost=5.49..413.62 rows=103 width=125)
	  Recheck Cond: ((k >= 2695053) AND (k <= 2695153))
	  ->  Bitmap Index Scan on k_8  (cost=0.00..5.46 rows=103 width=0)
	        Index Cond: ((k >= 2695053) AND (k <= 2695153))

explain: for range-notcovered :: explain SELECT k, c FROM sbtest%d WHERE k BETWEEN 1597552 AND 1597652
explain: for range-notcovered :: explain SELECT k, c FROM sbtest%d WHERE k BETWEEN 2695053 AND 2695153

for range-notcovered
table 1 : explain SELECT k, c FROM sbtest1 WHERE k BETWEEN 1543373 AND 1543473
	Bitmap Heap Scan on sbtest1  (cost=5.55..437.04 rows=109 width=125)
	  Recheck Cond: ((k >= 1543373) AND (k <= 1543473))
	  ->  Bitmap Index Scan on k_1  (cost=0.00..5.52 rows=109 width=0)
	        Index Cond: ((k >= 1543373) AND (k <= 1543473))

table 2 : explain SELECT k, c FROM sbtest2 WHERE k BETWEEN 1543373 AND 1543473
	Bitmap Heap Scan on sbtest2  (cost=5.41..381.95 rows=95 width=125)
	  Recheck Cond: ((k >= 1543373) AND (k <= 1543473))
	  ->  Bitmap Index Scan on k_2  (cost=0.00..5.38 rows=95 width=0)
	        Index Cond: ((k >= 1543373) AND (k <= 1543473))

table 3 : explain SELECT k, c FROM sbtest3 WHERE k BETWEEN 1543373 AND 1543473
	Bitmap Heap Scan on sbtest3  (cost=5.41..381.92 rows=95 width=125)
	  Recheck Cond: ((k >= 1543373) AND (k <= 1543473))
	  ->  Bitmap Index Scan on k_3  (cost=0.00..5.38 rows=95 width=0)
	        Index Cond: ((k >= 1543373) AND (k <= 1543473))

table 4 : explain SELECT k, c FROM sbtest4 WHERE k BETWEEN 1543373 AND 1543473
	Bitmap Heap Scan on sbtest4  (cost=5.44..393.87 rows=98 width=125)
	  Recheck Cond: ((k >= 1543373) AND (k <= 1543473))
	  ->  Bitmap Index Scan on k_4  (cost=0.00..5.42 rows=98 width=0)
	        Index Cond: ((k >= 1543373) AND (k <= 1543473))

table 5 : explain SELECT k, c FROM sbtest5 WHERE k BETWEEN 1543373 AND 1543473
	Bitmap Heap Scan on sbtest5  (cost=5.45..397.81 rows=99 width=125)
	  Recheck Cond: ((k >= 1543373) AND (k <= 1543473))
	  ->  Bitmap Index Scan on k_5  (cost=0.00..5.42 rows=99 width=0)
	        Index Cond: ((k >= 1543373) AND (k <= 1543473))

table 6 : explain SELECT k, c FROM sbtest6 WHERE k BETWEEN 1543373 AND 1543473
	Bitmap Heap Scan on sbtest6  (cost=5.52..425.45 rows=106 width=125)
	  Recheck Cond: ((k >= 1543373) AND (k <= 1543473))
	  ->  Bitmap Index Scan on k_6  (cost=0.00..5.50 rows=106 width=0)
	        Index Cond: ((k >= 1543373) AND (k <= 1543473))

table 7 : explain SELECT k, c FROM sbtest7 WHERE k BETWEEN 1543373 AND 1543473
	Bitmap Heap Scan on sbtest7  (cost=5.41..382.04 rows=95 width=125)
	  Recheck Cond: ((k >= 1543373) AND (k <= 1543473))
	  ->  Bitmap Index Scan on k_7  (cost=0.00..5.38 rows=95 width=0)
	        Index Cond: ((k >= 1543373) AND (k <= 1543473))

table 8 : explain SELECT k, c FROM sbtest8 WHERE k BETWEEN 1543373 AND 1543473
	Bitmap Heap Scan on sbtest8  (cost=5.57..445.18 rows=111 width=125)
	  Recheck Cond: ((k >= 1543373) AND (k <= 1543473))
	  ->  Bitmap Index Scan on k_8  (cost=0.00..5.54 rows=111 width=0)
	        Index Cond: ((k >= 1543373) AND (k <= 1543473))

explain: for range-notcovered :: explain SELECT k, c FROM sbtest%d WHERE k BETWEEN 7698578 AND 7698678
explain: for range-notcovered :: explain SELECT k, c FROM sbtest%d WHERE k BETWEEN 1543373 AND 1543473
for range-notcovered
table 1 : explain SELECT k, c FROM sbtest1 WHERE k BETWEEN 6280881 AND 6280981
	Bitmap Heap Scan on sbtest1  (cost=5.59..452.80 rows=113 width=125)
	  Recheck Cond: ((k >= 6280881) AND (k <= 6280981))
	  ->  Bitmap Index Scan on k_1  (cost=0.00..5.56 rows=113 width=0)
	        Index Cond: ((k >= 6280881) AND (k <= 6280981))

table 2 : explain SELECT k, c FROM sbtest2 WHERE k BETWEEN 6280881 AND 6280981
	Bitmap Heap Scan on sbtest2  (cost=5.58..449.01 rows=112 width=125)
	  Recheck Cond: ((k >= 6280881) AND (k <= 6280981))
	  ->  Bitmap Index Scan on k_2  (cost=0.00..5.55 rows=112 width=0)
	        Index Cond: ((k >= 6280881) AND (k <= 6280981))

table 3 : explain SELECT k, c FROM sbtest3 WHERE k BETWEEN 6280881 AND 6280981
	Bitmap Heap Scan on sbtest3  (cost=5.51..421.38 rows=105 width=125)
	  Recheck Cond: ((k >= 6280881) AND (k <= 6280981))
	  ->  Bitmap Index Scan on k_3  (cost=0.00..5.48 rows=105 width=0)
	        Index Cond: ((k >= 6280881) AND (k <= 6280981))

table 4 : explain SELECT k, c FROM sbtest4 WHERE k BETWEEN 6280881 AND 6280981
	Bitmap Heap Scan on sbtest4  (cost=5.45..397.82 rows=99 width=125)
	  Recheck Cond: ((k >= 6280881) AND (k <= 6280981))
	  ->  Bitmap Index Scan on k_4  (cost=0.00..5.42 rows=99 width=0)
	        Index Cond: ((k >= 6280881) AND (k <= 6280981))

table 5 : explain SELECT k, c FROM sbtest5 WHERE k BETWEEN 6280881 AND 6280981
	Bitmap Heap Scan on sbtest5  (cost=5.50..417.55 rows=104 width=125)
	  Recheck Cond: ((k >= 6280881) AND (k <= 6280981))
	  ->  Bitmap Index Scan on k_5  (cost=0.00..5.47 rows=104 width=0)
	        Index Cond: ((k >= 6280881) AND (k <= 6280981))

table 6 : explain SELECT k, c FROM sbtest6 WHERE k BETWEEN 6280881 AND 6280981
	Bitmap Heap Scan on sbtest6  (cost=5.52..425.45 rows=106 width=125)
	  Recheck Cond: ((k >= 6280881) AND (k <= 6280981))
	  ->  Bitmap Index Scan on k_6  (cost=0.00..5.50 rows=106 width=0)
	        Index Cond: ((k >= 6280881) AND (k <= 6280981))

table 7 : explain SELECT k, c FROM sbtest7 WHERE k BETWEEN 6280881 AND 6280981
	Bitmap Heap Scan on sbtest7  (cost=5.45..397.83 rows=99 width=125)
	  Recheck Cond: ((k >= 6280881) AND (k <= 6280981))
	  ->  Bitmap Index Scan on k_7  (cost=0.00..5.42 rows=99 width=0)
	        Index Cond: ((k >= 6280881) AND (k <= 6280981))

table 8 : explain SELECT k, c FROM sbtest8 WHERE k BETWEEN 6280881 AND 6280981
	Bitmap Heap Scan on sbtest8  (cost=5.53..429.40 rows=107 width=125)
	  Recheck Cond: ((k >= 6280881) AND (k <= 6280981))
	  ->  Bitmap Index Scan on k_8  (cost=0.00..5.50 rows=107 width=0)
	        Index Cond: ((k >= 6280881) AND (k <= 6280981))

explain: for range-notcovered :: explain SELECT k, c FROM sbtest%d WHERE k BETWEEN 7061135 AND 7061235
explain: for range-notcovered :: explain SELECT k, c FROM sbtest%d WHERE k BETWEEN 6280881 AND 6280981
for range-notcovered
table 1 : explain SELECT k, c FROM sbtest1 WHERE k BETWEEN 1950720 AND 1950820
	Bitmap Heap Scan on sbtest1  (cost=5.43..389.72 rows=97 width=125)
	  Recheck Cond: ((k >= 1950720) AND (k <= 1950820))
	  ->  Bitmap Index Scan on k_1  (cost=0.00..5.40 rows=97 width=0)
	        Index Cond: ((k >= 1950720) AND (k <= 1950820))

table 2 : explain SELECT k, c FROM sbtest2 WHERE k BETWEEN 1950720 AND 1950820
	Bitmap Heap Scan on sbtest2  (cost=5.53..429.30 rows=107 width=125)
	  Recheck Cond: ((k >= 1950720) AND (k <= 1950820))
	  ->  Bitmap Index Scan on k_2  (cost=0.00..5.50 rows=107 width=0)
	        Index Cond: ((k >= 1950720) AND (k <= 1950820))

table 3 : explain SELECT k, c FROM sbtest3 WHERE k BETWEEN 1950720 AND 1950820
	Bitmap Heap Scan on sbtest3  (cost=5.61..460.80 rows=115 width=125)
	  Recheck Cond: ((k >= 1950720) AND (k <= 1950820))
	  ->  Bitmap Index Scan on k_3  (cost=0.00..5.58 rows=115 width=0)
	        Index Cond: ((k >= 1950720) AND (k <= 1950820))

table 4 : explain SELECT k, c FROM sbtest4 WHERE k BETWEEN 1950720 AND 1950820
	Bitmap Heap Scan on sbtest4  (cost=5.45..397.82 rows=99 width=125)
	  Recheck Cond: ((k >= 1950720) AND (k <= 1950820))
	  ->  Bitmap Index Scan on k_4  (cost=0.00..5.42 rows=99 width=0)
	        Index Cond: ((k >= 1950720) AND (k <= 1950820))

table 5 : explain SELECT k, c FROM sbtest5 WHERE k BETWEEN 1950720 AND 1950820
	Bitmap Heap Scan on sbtest5  (cost=5.63..468.81 rows=117 width=125)
	  Recheck Cond: ((k >= 1950720) AND (k <= 1950820))
	  ->  Bitmap Index Scan on k_5  (cost=0.00..5.60 rows=117 width=0)
	        Index Cond: ((k >= 1950720) AND (k <= 1950820))

table 6 : explain SELECT k, c FROM sbtest6 WHERE k BETWEEN 1950720 AND 1950820
	Bitmap Heap Scan on sbtest6  (cost=5.49..413.62 rows=103 width=125)
	  Recheck Cond: ((k >= 1950720) AND (k <= 1950820))
	  ->  Bitmap Index Scan on k_6  (cost=0.00..5.46 rows=103 width=0)
	        Index Cond: ((k >= 1950720) AND (k <= 1950820))

table 7 : explain SELECT k, c FROM sbtest7 WHERE k BETWEEN 1950720 AND 1950820
	Bitmap Heap Scan on sbtest7  (cost=5.38..370.19 rows=92 width=125)
	  Recheck Cond: ((k >= 1950720) AND (k <= 1950820))
	  ->  Bitmap Index Scan on k_7  (cost=0.00..5.35 rows=92 width=0)
	        Index Cond: ((k >= 1950720) AND (k <= 1950820))

table 8 : explain SELECT k, c FROM sbtest8 WHERE k BETWEEN 1950720 AND 1950820
	Bitmap Heap Scan on sbtest8  (cost=5.44..393.88 rows=98 width=125)
	  Recheck Cond: ((k >= 1950720) AND (k <= 1950820))
	  ->  Bitmap Index Scan on k_8  (cost=0.00..5.42 rows=98 width=0)
	        Index Cond: ((k >= 1950720) AND (k <= 1950820))

for range-notcovered
table 1 : explain SELECT k, c FROM sbtest1 WHERE k BETWEEN 5832955 AND 5833055
	Bitmap Heap Scan on sbtest1  (cost=5.46..401.56 rows=100 width=125)
	  Recheck Cond: ((k >= 5832955) AND (k <= 5833055))
	  ->  Bitmap Index Scan on k_1  (cost=0.00..5.43 rows=100 width=0)
	        Index Cond: ((k >= 5832955) AND (k <= 5833055))

table 2 : explain SELECT k, c FROM sbtest2 WHERE k BETWEEN 5832955 AND 5833055
	Bitmap Heap Scan on sbtest2  (cost=5.36..362.20 rows=90 width=125)
	  Recheck Cond: ((k >= 5832955) AND (k <= 5833055))
	  ->  Bitmap Index Scan on k_2  (cost=0.00..5.33 rows=90 width=0)
	        Index Cond: ((k >= 5832955) AND (k <= 5833055))

table 3 : explain SELECT k, c FROM sbtest3 WHERE k BETWEEN 5832955 AND 5833055
	Bitmap Heap Scan on sbtest3  (cost=5.58..448.98 rows=112 width=125)
	  Recheck Cond: ((k >= 5832955) AND (k <= 5833055))
	  ->  Bitmap Index Scan on k_3  (cost=0.00..5.55 rows=112 width=0)
	        Index Cond: ((k >= 5832955) AND (k <= 5833055))

table 4 : explain SELECT k, c FROM sbtest4 WHERE k BETWEEN 5832955 AND 5833055
	Bitmap Heap Scan on sbtest4  (cost=5.44..393.87 rows=98 width=125)
	  Recheck Cond: ((k >= 5832955) AND (k <= 5833055))
	  ->  Bitmap Index Scan on k_4  (cost=0.00..5.42 rows=98 width=0)
	        Index Cond: ((k >= 5832955) AND (k <= 5833055))

table 5 : explain SELECT k, c FROM sbtest5 WHERE k BETWEEN 5832955 AND 5833055
	Bitmap Heap Scan on sbtest5  (cost=5.54..433.33 rows=108 width=125)
	  Recheck Cond: ((k >= 5832955) AND (k <= 5833055))
	  ->  Bitmap Index Scan on k_5  (cost=0.00..5.51 rows=108 width=0)
	        Index Cond: ((k >= 5832955) AND (k <= 5833055))

table 6 : explain SELECT k, c FROM sbtest6 WHERE k BETWEEN 5832955 AND 5833055
	Bitmap Heap Scan on sbtest6  (cost=5.52..425.45 rows=106 width=125)
	  Recheck Cond: ((k >= 5832955) AND (k <= 5833055))
	  ->  Bitmap Index Scan on k_6  (cost=0.00..5.50 rows=106 width=0)
	        Index Cond: ((k >= 5832955) AND (k <= 5833055))

table 7 : explain SELECT k, c FROM sbtest7 WHERE k BETWEEN 5832955 AND 5833055
	Bitmap Heap Scan on sbtest7  (cost=5.41..382.04 rows=95 width=125)
	  Recheck Cond: ((k >= 5832955) AND (k <= 5833055))
	  ->  Bitmap Index Scan on k_7  (cost=0.00..5.38 rows=95 width=0)
	        Index Cond: ((k >= 5832955) AND (k <= 5833055))

table 8 : explain SELECT k, c FROM sbtest8 WHERE k BETWEEN 5832955 AND 5833055
	Bitmap Heap Scan on sbtest8  (cost=5.55..437.29 rows=109 width=125)
	  Recheck Cond: ((k >= 5832955) AND (k <= 5833055))
	  ->  Bitmap Index Scan on k_8  (cost=0.00..5.52 rows=109 width=0)
	        Index Cond: ((k >= 5832955) AND (k <= 5833055))

explain: for range-notcovered :: explain SELECT k, c FROM sbtest%d WHERE k BETWEEN 1950720 AND 1950820
explain: for range-notcovered :: explain SELECT k, c FROM sbtest%d WHERE k BETWEEN 5832955 AND 5833055
explain: for range-notcovered :: explain SELECT k, c FROM sbtest%d WHERE k BETWEEN 4811934 AND 4812034
for range-notcovered
table 1 : explain SELECT k, c FROM sbtest1 WHERE k BETWEEN 6577215 AND 6577315
	Bitmap Heap Scan on sbtest1  (cost=5.40..377.88 rows=94 width=125)
	  Recheck Cond: ((k >= 6577215) AND (k <= 6577315))
	  ->  Bitmap Index Scan on k_1  (cost=0.00..5.38 rows=94 width=0)
	        Index Cond: ((k >= 6577215) AND (k <= 6577315))

table 2 : explain SELECT k, c FROM sbtest2 WHERE k BETWEEN 6577215 AND 6577315
	Bitmap Heap Scan on sbtest2  (cost=5.45..397.74 rows=99 width=125)
	  Recheck Cond: ((k >= 6577215) AND (k <= 6577315))
	  ->  Bitmap Index Scan on k_2  (cost=0.00..5.42 rows=99 width=0)
	        Index Cond: ((k >= 6577215) AND (k <= 6577315))

table 3 : explain SELECT k, c FROM sbtest3 WHERE k BETWEEN 6577215 AND 6577315
	Bitmap Heap Scan on sbtest3  (cost=5.49..413.49 rows=103 width=125)
	  Recheck Cond: ((k >= 6577215) AND (k <= 6577315))
	  ->  Bitmap Index Scan on k_3  (cost=0.00..5.46 rows=103 width=0)
	        Index Cond: ((k >= 6577215) AND (k <= 6577315))

table 4 : explain SELECT k, c FROM sbtest4 WHERE k BETWEEN 6577215 AND 6577315
	Bitmap Heap Scan on sbtest4  (cost=5.44..393.87 rows=98 width=125)
	  Recheck Cond: ((k >= 6577215) AND (k <= 6577315))
	  ->  Bitmap Index Scan on k_4  (cost=0.00..5.42 rows=98 width=0)
	        Index Cond: ((k >= 6577215) AND (k <= 6577315))

table 5 : explain SELECT k, c FROM sbtest5 WHERE k BETWEEN 6577215 AND 6577315
	Bitmap Heap Scan on sbtest5  (cost=5.52..425.44 rows=106 width=125)
	  Recheck Cond: ((k >= 6577215) AND (k <= 6577315))
	  ->  Bitmap Index Scan on k_5  (cost=0.00..5.50 rows=106 width=0)
	        Index Cond: ((k >= 6577215) AND (k <= 6577315))

table 6 : explain SELECT k, c FROM sbtest6 WHERE k BETWEEN 6577215 AND 6577315
	Bitmap Heap Scan on sbtest6  (cost=5.44..393.88 rows=98 width=125)
	  Recheck Cond: ((k >= 6577215) AND (k <= 6577315))
	  ->  Bitmap Index Scan on k_6  (cost=0.00..5.42 rows=98 width=0)
	        Index Cond: ((k >= 6577215) AND (k <= 6577315))

table 7 : explain SELECT k, c FROM sbtest7 WHERE k BETWEEN 6577215 AND 6577315
	Bitmap Heap Scan on sbtest7  (cost=5.50..417.57 rows=104 width=125)
	  Recheck Cond: ((k >= 6577215) AND (k <= 6577315))
	  ->  Bitmap Index Scan on k_7  (cost=0.00..5.47 rows=104 width=0)
	        Index Cond: ((k >= 6577215) AND (k <= 6577315))

table 8 : explain SELECT k, c FROM sbtest8 WHERE k BETWEEN 6577215 AND 6577315
	Bitmap Heap Scan on sbtest8  (cost=5.43..389.94 rows=97 width=125)
	  Recheck Cond: ((k >= 6577215) AND (k <= 6577315))
	  ->  Bitmap Index Scan on k_8  (cost=0.00..5.40 rows=97 width=0)
	        Index Cond: ((k >= 6577215) AND (k <= 6577315))

for range-notcovered
table 1 : explain SELECT k, c FROM sbtest1 WHERE k BETWEEN 4498482 AND 4498582
	Bitmap Heap Scan on sbtest1  (cost=5.48..409.44 rows=102 width=125)
	  Recheck Cond: ((k >= 4498482) AND (k <= 4498582))
	  ->  Bitmap Index Scan on k_1  (cost=0.00..5.45 rows=102 width=0)
	        Index Cond: ((k >= 4498482) AND (k <= 4498582))

table 2 : explain SELECT k, c FROM sbtest2 WHERE k BETWEEN 4498482 AND 4498582
	Bitmap Heap Scan on sbtest2  (cost=5.46..401.69 rows=100 width=125)
	  Recheck Cond: ((k >= 4498482) AND (k <= 4498582))
	  ->  Bitmap Index Scan on k_2  (cost=0.00..5.43 rows=100 width=0)
	        Index Cond: ((k >= 4498482) AND (k <= 4498582))

table 3 : explain SELECT k, c FROM sbtest3 WHERE k BETWEEN 4498482 AND 4498582
	Bitmap Heap Scan on sbtest3  (cost=5.47..405.60 rows=101 width=125)
	  Recheck Cond: ((k >= 4498482) AND (k <= 4498582))
	  ->  Bitmap Index Scan on k_3  (cost=0.00..5.44 rows=101 width=0)
	        Index Cond: ((k >= 4498482) AND (k <= 4498582))

table 4 : explain SELECT k, c FROM sbtest4 WHERE k BETWEEN 4498482 AND 4498582
	Bitmap Heap Scan on sbtest4  (cost=5.51..421.50 rows=105 width=125)
	  Recheck Cond: ((k >= 4498482) AND (k <= 4498582))
	  ->  Bitmap Index Scan on k_4  (cost=0.00..5.48 rows=105 width=0)
	        Index Cond: ((k >= 4498482) AND (k <= 4498582))

table 5 : explain SELECT k, c FROM sbtest5 WHERE k BETWEEN 4498482 AND 4498582
	Bitmap Heap Scan on sbtest5  (cost=5.42..385.97 rows=96 width=125)
	  Recheck Cond: ((k >= 4498482) AND (k <= 4498582))
	  ->  Bitmap Index Scan on k_5  (cost=0.00..5.39 rows=96 width=0)
	        Index Cond: ((k >= 4498482) AND (k <= 4498582))

table 6 : explain SELECT k, c FROM sbtest6 WHERE k BETWEEN 4498482 AND 4498582
	Bitmap Heap Scan on sbtest6  (cost=5.43..389.93 rows=97 width=125)
	  Recheck Cond: ((k >= 4498482) AND (k <= 4498582))
	  ->  Bitmap Index Scan on k_6  (cost=0.00..5.40 rows=97 width=0)
	        Index Cond: ((k >= 4498482) AND (k <= 4498582))

table 7 : explain SELECT k, c FROM sbtest7 WHERE k BETWEEN 4498482 AND 4498582
	Bitmap Heap Scan on sbtest7  (cost=5.61..460.95 rows=115 width=125)
	  Recheck Cond: ((k >= 4498482) AND (k <= 4498582))
	  ->  Bitmap Index Scan on k_7  (cost=0.00..5.58 rows=115 width=0)
	        Index Cond: ((k >= 4498482) AND (k <= 4498582))

table 8 : explain SELECT k, c FROM sbtest8 WHERE k BETWEEN 4498482 AND 4498582
	Bitmap Heap Scan on sbtest8  (cost=5.37..366.24 rows=91 width=125)
	  Recheck Cond: ((k >= 4498482) AND (k <= 4498582))
	  ->  Bitmap Index Scan on k_8  (cost=0.00..5.34 rows=91 width=0)
	        Index Cond: ((k >= 4498482) AND (k <= 4498582))

for range-notcovered
table 1 : explain SELECT k, c FROM sbtest1 WHERE k BETWEEN 3865322 AND 3865422
	Bitmap Heap Scan on sbtest1  (cost=5.41..381.83 rows=95 width=125)
	  Recheck Cond: ((k >= 3865322) AND (k <= 3865422))
	  ->  Bitmap Index Scan on k_1  (cost=0.00..5.38 rows=95 width=0)
	        Index Cond: ((k >= 3865322) AND (k <= 3865422))

table 2 : explain SELECT k, c FROM sbtest2 WHERE k BETWEEN 3865322 AND 3865422
	Bitmap Heap Scan on sbtest2  (cost=5.48..409.58 rows=102 width=125)
	  Recheck Cond: ((k >= 3865322) AND (k <= 3865422))
	  ->  Bitmap Index Scan on k_2  (cost=0.00..5.45 rows=102 width=0)
	        Index Cond: ((k >= 3865322) AND (k <= 3865422))

table 3 : explain SELECT k, c FROM sbtest3 WHERE k BETWEEN 3865322 AND 3865422
	Bitmap Heap Scan on sbtest3  (cost=5.58..448.98 rows=112 width=125)
	  Recheck Cond: ((k >= 3865322) AND (k <= 3865422))
	  ->  Bitmap Index Scan on k_3  (cost=0.00..5.55 rows=112 width=0)
	        Index Cond: ((k >= 3865322) AND (k <= 3865422))

table 4 : explain SELECT k, c FROM sbtest4 WHERE k BETWEEN 3865322 AND 3865422
	Bitmap Heap Scan on sbtest4  (cost=5.53..429.39 rows=107 width=125)
	  Recheck Cond: ((k >= 3865322) AND (k <= 3865422))
	  ->  Bitmap Index Scan on k_4  (cost=0.00..5.50 rows=107 width=0)
	        Index Cond: ((k >= 3865322) AND (k <= 3865422))

table 5 : explain SELECT k, c FROM sbtest5 WHERE k BETWEEN 3865322 AND 3865422
	Bitmap Heap Scan on sbtest5  (cost=5.51..421.49 rows=105 width=125)
	  Recheck Cond: ((k >= 3865322) AND (k <= 3865422))
	  ->  Bitmap Index Scan on k_5  (cost=0.00..5.48 rows=105 width=0)
	        Index Cond: ((k >= 3865322) AND (k <= 3865422))

table 6 : explain SELECT k, c FROM sbtest6 WHERE k BETWEEN 3865322 AND 3865422
	Bitmap Heap Scan on sbtest6  (cost=5.42..385.98 rows=96 width=125)
	  Recheck Cond: ((k >= 3865322) AND (k <= 3865422))
	  ->  Bitmap Index Scan on k_6  (cost=0.00..5.39 rows=96 width=0)
	        Index Cond: ((k >= 3865322) AND (k <= 3865422))

table 7 : explain SELECT k, c FROM sbtest7 WHERE k BETWEEN 3865322 AND 3865422
	Bitmap Heap Scan on sbtest7  (cost=5.37..366.24 rows=91 width=125)
	  Recheck Cond: ((k >= 3865322) AND (k <= 3865422))
	  ->  Bitmap Index Scan on k_7  (cost=0.00..5.34 rows=91 width=0)
	        Index Cond: ((k >= 3865322) AND (k <= 3865422))

table 8 : explain SELECT k, c FROM sbtest8 WHERE k BETWEEN 3865322 AND 3865422
	Bitmap Heap Scan on sbtest8  (cost=5.41..382.04 rows=95 width=125)
	  Recheck Cond: ((k >= 3865322) AND (k <= 3865422))
	  ->  Bitmap Index Scan on k_8  (cost=0.00..5.38 rows=95 width=0)
	        Index Cond: ((k >= 3865322) AND (k <= 3865422))

explain: for range-notcovered :: explain SELECT k, c FROM sbtest%d WHERE k BETWEEN 6577215 AND 6577315
for range-notcovered
table 1 : explain SELECT k, c FROM sbtest1 WHERE k BETWEEN 1597552 AND 1597652
	Bitmap Heap Scan on sbtest1  (cost=5.38..369.99 rows=92 width=125)
	  Recheck Cond: ((k >= 1597552) AND (k <= 1597652))
	  ->  Bitmap Index Scan on k_1  (cost=0.00..5.35 rows=92 width=0)
	        Index Cond: ((k >= 1597552) AND (k <= 1597652))

table 2 : explain SELECT k, c FROM sbtest2 WHERE k BETWEEN 1597552 AND 1597652
	Bitmap Heap Scan on sbtest2  (cost=5.41..381.95 rows=95 width=125)
	  Recheck Cond: ((k >= 1597552) AND (k <= 1597652))
	  ->  Bitmap Index Scan on k_2  (cost=0.00..5.38 rows=95 width=0)
	        Index Cond: ((k >= 1597552) AND (k <= 1597652))

table 3 : explain SELECT k, c FROM sbtest3 WHERE k BETWEEN 1597552 AND 1597652
	Bitmap Heap Scan on sbtest3  (cost=5.57..445.04 rows=111 width=125)
	  Recheck Cond: ((k >= 1597552) AND (k <= 1597652))
	  ->  Bitmap Index Scan on k_3  (cost=0.00..5.54 rows=111 width=0)
	        Index Cond: ((k >= 1597552) AND (k <= 1597652))

table 4 : explain SELECT k, c FROM sbtest4 WHERE k BETWEEN 1597552 AND 1597652
	Bitmap Heap Scan on sbtest4  (cost=5.48..409.66 rows=102 width=125)
	  Recheck Cond: ((k >= 1597552) AND (k <= 1597652))
	  ->  Bitmap Index Scan on k_4  (cost=0.00..5.45 rows=102 width=0)
	        Index Cond: ((k >= 1597552) AND (k <= 1597652))

table 5 : explain SELECT k, c FROM sbtest5 WHERE k BETWEEN 1597552 AND 1597652
	Bitmap Heap Scan on sbtest5  (cost=5.45..397.81 rows=99 width=125)
	  Recheck Cond: ((k >= 1597552) AND (k <= 1597652))
	  ->  Bitmap Index Scan on k_5  (cost=0.00..5.42 rows=99 width=0)
	        Index Cond: ((k >= 1597552) AND (k <= 1597652))

table 6 : explain SELECT k, c FROM sbtest6 WHERE k BETWEEN 1597552 AND 1597652
	Bitmap Heap Scan on sbtest6  (cost=5.52..425.45 rows=106 width=125)
	  Recheck Cond: ((k >= 1597552) AND (k <= 1597652))
	  ->  Bitmap Index Scan on k_6  (cost=0.00..5.50 rows=106 width=0)
	        Index Cond: ((k >= 1597552) AND (k <= 1597652))

table 7 : explain SELECT k, c FROM sbtest7 WHERE k BETWEEN 1597552 AND 1597652
	Bitmap Heap Scan on sbtest7  (cost=5.45..397.83 rows=99 width=125)
	  Recheck Cond: ((k >= 1597552) AND (k <= 1597652))
	  ->  Bitmap Index Scan on k_7  (cost=0.00..5.42 rows=99 width=0)
	        Index Cond: ((k >= 1597552) AND (k <= 1597652))

table 8 : explain SELECT k, c FROM sbtest8 WHERE k BETWEEN 1597552 AND 1597652
	Bitmap Heap Scan on sbtest8  (cost=5.46..401.78 rows=100 width=125)
	  Recheck Cond: ((k >= 1597552) AND (k <= 1597652))
	  ->  Bitmap Index Scan on k_8  (cost=0.00..5.43 rows=100 width=0)
	        Index Cond: ((k >= 1597552) AND (k <= 1597652))

for range-notcovered
table 1 : explain SELECT k, c FROM sbtest1 WHERE k BETWEEN 1465057 AND 1465157
	Bitmap Heap Scan on sbtest1  (cost=5.46..401.56 rows=100 width=125)
	  Recheck Cond: ((k >= 1465057) AND (k <= 1465157))
	  ->  Bitmap Index Scan on k_1  (cost=0.00..5.43 rows=100 width=0)
	        Index Cond: ((k >= 1465057) AND (k <= 1465157))

table 2 : explain SELECT k, c FROM sbtest2 WHERE k BETWEEN 1465057 AND 1465157
	Bitmap Heap Scan on sbtest2  (cost=5.44..393.79 rows=98 width=125)
	  Recheck Cond: ((k >= 1465057) AND (k <= 1465157))
	  ->  Bitmap Index Scan on k_2  (cost=0.00..5.42 rows=98 width=0)
	        Index Cond: ((k >= 1465057) AND (k <= 1465157))

table 3 : explain SELECT k, c FROM sbtest3 WHERE k BETWEEN 1465057 AND 1465157
	Bitmap Heap Scan on sbtest3  (cost=5.38..370.08 rows=92 width=125)
	  Recheck Cond: ((k >= 1465057) AND (k <= 1465157))
	  ->  Bitmap Index Scan on k_3  (cost=0.00..5.35 rows=92 width=0)
	        Index Cond: ((k >= 1465057) AND (k <= 1465157))

table 4 : explain SELECT k, c FROM sbtest4 WHERE k BETWEEN 1465057 AND 1465157
	Bitmap Heap Scan on sbtest4  (cost=5.44..393.87 rows=98 width=125)
	  Recheck Cond: ((k >= 1465057) AND (k <= 1465157))
	  ->  Bitmap Index Scan on k_4  (cost=0.00..5.42 rows=98 width=0)
	        Index Cond: ((k >= 1465057) AND (k <= 1465157))

table 5 : explain SELECT k, c FROM sbtest5 WHERE k BETWEEN 1465057 AND 1465157
	Bitmap Heap Scan on sbtest5  (cost=5.47..405.71 rows=101 width=125)
	  Recheck Cond: ((k >= 1465057) AND (k <= 1465157))
	  ->  Bitmap Index Scan on k_5  (cost=0.00..5.44 rows=101 width=0)
	        Index Cond: ((k >= 1465057) AND (k <= 1465157))

table 6 : explain SELECT k, c FROM sbtest6 WHERE k BETWEEN 1465057 AND 1465157
	Bitmap Heap Scan on sbtest6  (cost=5.47..405.72 rows=101 width=125)
	  Recheck Cond: ((k >= 1465057) AND (k <= 1465157))
	  ->  Bitmap Index Scan on k_6  (cost=0.00..5.44 rows=101 width=0)
	        Index Cond: ((k >= 1465057) AND (k <= 1465157))

table 7 : explain SELECT k, c FROM sbtest7 WHERE k BETWEEN 1465057 AND 1465157
	Bitmap Heap Scan on sbtest7  (cost=5.56..441.24 rows=110 width=125)
	  Recheck Cond: ((k >= 1465057) AND (k <= 1465157))
	  ->  Bitmap Index Scan on k_7  (cost=0.00..5.53 rows=110 width=0)
	        Index Cond: ((k >= 1465057) AND (k <= 1465157))

table 8 : explain SELECT k, c FROM sbtest8 WHERE k BETWEEN 1465057 AND 1465157
	Bitmap Heap Scan on sbtest8  (cost=5.49..413.62 rows=103 width=125)
	  Recheck Cond: ((k >= 1465057) AND (k <= 1465157))
	  ->  Bitmap Index Scan on k_8  (cost=0.00..5.46 rows=103 width=0)
	        Index Cond: ((k >= 1465057) AND (k <= 1465157))

explain: for range-notcovered :: explain SELECT k, c FROM sbtest%d WHERE k BETWEEN 3865322 AND 3865422
for range-notcovered
table 1 : explain SELECT k, c FROM sbtest1 WHERE k BETWEEN 9134951 AND 9135051
	Bitmap Heap Scan on sbtest1  (cost=5.45..397.61 rows=99 width=125)
	  Recheck Cond: ((k >= 9134951) AND (k <= 9135051))
	  ->  Bitmap Index Scan on k_1  (cost=0.00..5.42 rows=99 width=0)
	        Index Cond: ((k >= 9134951) AND (k <= 9135051))

table 2 : explain SELECT k, c FROM sbtest2 WHERE k BETWEEN 9134951 AND 9135051
	Bitmap Heap Scan on sbtest2  (cost=5.52..425.36 rows=106 width=125)
	  Recheck Cond: ((k >= 9134951) AND (k <= 9135051))
	  ->  Bitmap Index Scan on k_2  (cost=0.00..5.50 rows=106 width=0)
	        Index Cond: ((k >= 9134951) AND (k <= 9135051))

table 3 : explain SELECT k, c FROM sbtest3 WHERE k BETWEEN 9134951 AND 9135051
	Bitmap Heap Scan on sbtest3  (cost=5.42..385.87 rows=96 width=125)
	  Recheck Cond: ((k >= 9134951) AND (k <= 9135051))
	  ->  Bitmap Index Scan on k_3  (cost=0.00..5.39 rows=96 width=0)
	        Index Cond: ((k >= 9134951) AND (k <= 9135051))

table 4 : explain SELECT k, c FROM sbtest4 WHERE k BETWEEN 9134951 AND 9135051
	Bitmap Heap Scan on sbtest4  (cost=5.47..405.71 rows=101 width=125)
	  Recheck Cond: ((k >= 9134951) AND (k <= 9135051))
	  ->  Bitmap Index Scan on k_4  (cost=0.00..5.44 rows=101 width=0)
	        Index Cond: ((k >= 9134951) AND (k <= 9135051))

table 5 : explain SELECT k, c FROM sbtest5 WHERE k BETWEEN 9134951 AND 9135051
	Bitmap Heap Scan on sbtest5  (cost=5.43..389.92 rows=97 width=125)
	  Recheck Cond: ((k >= 9134951) AND (k <= 9135051))
	  ->  Bitmap Index Scan on k_5  (cost=0.00..5.40 rows=97 width=0)
	        Index Cond: ((k >= 9134951) AND (k <= 9135051))

table 6 : explain SELECT k, c FROM sbtest6 WHERE k BETWEEN 9134951 AND 9135051
	Bitmap Heap Scan on sbtest6  (cost=5.53..429.40 rows=107 width=125)
	  Recheck Cond: ((k >= 9134951) AND (k <= 9135051))
	  ->  Bitmap Index Scan on k_6  (cost=0.00..5.50 rows=107 width=0)
	        Index Cond: ((k >= 9134951) AND (k <= 9135051))

table 7 : explain SELECT k, c FROM sbtest7 WHERE k BETWEEN 9134951 AND 9135051
	Bitmap Heap Scan on sbtest7  (cost=5.47..405.73 rows=101 width=125)
	  Recheck Cond: ((k >= 9134951) AND (k <= 9135051))
	  ->  Bitmap Index Scan on k_7  (cost=0.00..5.44 rows=101 width=0)
	        Index Cond: ((k >= 9134951) AND (k <= 9135051))

table 8 : explain SELECT k, c FROM sbtest8 WHERE k BETWEEN 9134951 AND 9135051
	Bitmap Heap Scan on sbtest8  (cost=5.45..397.83 rows=99 width=125)
	  Recheck Cond: ((k >= 9134951) AND (k <= 9135051))
	  ->  Bitmap Index Scan on k_8  (cost=0.00..5.42 rows=99 width=0)
	        Index Cond: ((k >= 9134951) AND (k <= 9135051))
for range-notcovered
table 1 : explain SELECT k, c FROM sbtest1 WHERE k BETWEEN 3149803 AND 3149903
	Bitmap Heap Scan on sbtest1  (cost=5.37..366.04 rows=91 width=125)
	  Recheck Cond: ((k >= 3149803) AND (k <= 3149903))
	  ->  Bitmap Index Scan on k_1  (cost=0.00..5.34 rows=91 width=0)
	        Index Cond: ((k >= 3149803) AND (k <= 3149903))

table 2 : explain SELECT k, c FROM sbtest2 WHERE k BETWEEN 3149803 AND 3149903
	Bitmap Heap Scan on sbtest2  (cost=5.55..437.19 rows=109 width=125)
	  Recheck Cond: ((k >= 3149803) AND (k <= 3149903))
	  ->  Bitmap Index Scan on k_2  (cost=0.00..5.52 rows=109 width=0)
	        Index Cond: ((k >= 3149803) AND (k <= 3149903))

table 3 : explain SELECT k, c FROM sbtest3 WHERE k BETWEEN 3149803 AND 3149903
	Bitmap Heap Scan on sbtest3  (cost=5.39..374.03 rows=93 width=125)
	  Recheck Cond: ((k >= 3149803) AND (k <= 3149903))
	  ->  Bitmap Index Scan on k_3  (cost=0.00..5.36 rows=93 width=0)
	        Index Cond: ((k >= 3149803) AND (k <= 3149903))

table 4 : explain SELECT k, c FROM sbtest4 WHERE k BETWEEN 3149803 AND 3149903
	Bitmap Heap Scan on sbtest4  (cost=5.48..409.66 rows=102 width=125)
	  Recheck Cond: ((k >= 3149803) AND (k <= 3149903))
	  ->  Bitmap Index Scan on k_4  (cost=0.00..5.45 rows=102 width=0)
	        Index Cond: ((k >= 3149803) AND (k <= 3149903))

table 5 : explain SELECT k, c FROM sbtest5 WHERE k BETWEEN 3149803 AND 3149903
	Bitmap Heap Scan on sbtest5  (cost=5.39..374.12 rows=93 width=125)
	  Recheck Cond: ((k >= 3149803) AND (k <= 3149903))
	  ->  Bitmap Index Scan on k_5  (cost=0.00..5.36 rows=93 width=0)
	        Index Cond: ((k >= 3149803) AND (k <= 3149903))

table 6 : explain SELECT k, c FROM sbtest6 WHERE k BETWEEN 3149803 AND 3149903
	Bitmap Heap Scan on sbtest6  (cost=5.41..382.03 rows=95 width=125)
	  Recheck Cond: ((k >= 3149803) AND (k <= 3149903))
	  ->  Bitmap Index Scan on k_6  (cost=0.00..5.38 rows=95 width=0)
	        Index Cond: ((k >= 3149803) AND (k <= 3149903))

table 7 : explain SELECT k, c FROM sbtest7 WHERE k BETWEEN 3149803 AND 3149903
	Bitmap Heap Scan on sbtest7  (cost=5.44..393.89 rows=98 width=125)
	  Recheck Cond: ((k >= 3149803) AND (k <= 3149903))
	  ->  Bitmap Index Scan on k_7  (cost=0.00..5.42 rows=98 width=0)
	        Index Cond: ((k >= 3149803) AND (k <= 3149903))

table 8 : explain SELECT k, c FROM sbtest8 WHERE k BETWEEN 3149803 AND 3149903
	Bitmap Heap Scan on sbtest8  (cost=5.46..401.78 rows=100 width=125)
	  Recheck Cond: ((k >= 3149803) AND (k <= 3149903))
	  ->  Bitmap Index Scan on k_8  (cost=0.00..5.43 rows=100 width=0)
	        Index Cond: ((k >= 3149803) AND (k <= 3149903))


explain: for range-notcovered :: explain SELECT k, c FROM sbtest%d WHERE k BETWEEN 1465057 AND 1465157
explain: for range-notcovered :: explain SELECT k, c FROM sbtest%d WHERE k BETWEEN 7666786 AND 7666886
for range-notcovered
table 1 : explain SELECT k, c FROM sbtest1 WHERE k BETWEEN 1543373 AND 1543473
	Bitmap Heap Scan on sbtest1  (cost=5.55..437.04 rows=109 width=125)
	  Recheck Cond: ((k >= 1543373) AND (k <= 1543473))
	  ->  Bitmap Index Scan on k_1  (cost=0.00..5.52 rows=109 width=0)
	        Index Cond: ((k >= 1543373) AND (k <= 1543473))

table 2 : explain SELECT k, c FROM sbtest2 WHERE k BETWEEN 1543373 AND 1543473
	Bitmap Heap Scan on sbtest2  (cost=5.41..381.95 rows=95 width=125)
	  Recheck Cond: ((k >= 1543373) AND (k <= 1543473))
	  ->  Bitmap Index Scan on k_2  (cost=0.00..5.38 rows=95 width=0)
	        Index Cond: ((k >= 1543373) AND (k <= 1543473))

table 3 : explain SELECT k, c FROM sbtest3 WHERE k BETWEEN 1543373 AND 1543473
	Bitmap Heap Scan on sbtest3  (cost=5.41..381.92 rows=95 width=125)
	  Recheck Cond: ((k >= 1543373) AND (k <= 1543473))
	  ->  Bitmap Index Scan on k_3  (cost=0.00..5.38 rows=95 width=0)
	        Index Cond: ((k >= 1543373) AND (k <= 1543473))

table 4 : explain SELECT k, c FROM sbtest4 WHERE k BETWEEN 1543373 AND 1543473
	Bitmap Heap Scan on sbtest4  (cost=5.44..393.87 rows=98 width=125)
	  Recheck Cond: ((k >= 1543373) AND (k <= 1543473))
	  ->  Bitmap Index Scan on k_4  (cost=0.00..5.42 rows=98 width=0)
	        Index Cond: ((k >= 1543373) AND (k <= 1543473))

table 5 : explain SELECT k, c FROM sbtest5 WHERE k BETWEEN 1543373 AND 1543473
	Bitmap Heap Scan on sbtest5  (cost=5.45..397.81 rows=99 width=125)
	  Recheck Cond: ((k >= 1543373) AND (k <= 1543473))
	  ->  Bitmap Index Scan on k_5  (cost=0.00..5.42 rows=99 width=0)
	        Index Cond: ((k >= 1543373) AND (k <= 1543473))

table 6 : explain SELECT k, c FROM sbtest6 WHERE k BETWEEN 1543373 AND 1543473
	Bitmap Heap Scan on sbtest6  (cost=5.52..425.45 rows=106 width=125)
	  Recheck Cond: ((k >= 1543373) AND (k <= 1543473))
	  ->  Bitmap Index Scan on k_6  (cost=0.00..5.50 rows=106 width=0)
	        Index Cond: ((k >= 1543373) AND (k <= 1543473))

table 7 : explain SELECT k, c FROM sbtest7 WHERE k BETWEEN 1543373 AND 1543473
	Bitmap Heap Scan on sbtest7  (cost=5.41..382.04 rows=95 width=125)
	  Recheck Cond: ((k >= 1543373) AND (k <= 1543473))
	  ->  Bitmap Index Scan on k_7  (cost=0.00..5.38 rows=95 width=0)
	        Index Cond: ((k >= 1543373) AND (k <= 1543473))

table 8 : explain SELECT k, c FROM sbtest8 WHERE k BETWEEN 1543373 AND 1543473
	Bitmap Heap Scan on sbtest8  (cost=5.57..445.18 rows=111 width=125)
	  Recheck Cond: ((k >= 1543373) AND (k <= 1543473))
	  ->  Bitmap Index Scan on k_8  (cost=0.00..5.54 rows=111 width=0)
	        Index Cond: ((k >= 1543373) AND (k <= 1543473))
for range-notcovered
table 1 : explain SELECT k, c FROM sbtest1 WHERE k BETWEEN 8895132 AND 8895232
	Bitmap Heap Scan on sbtest1  (cost=5.38..369.99 rows=92 width=125)
	  Recheck Cond: ((k >= 8895132) AND (k <= 8895232))
	  ->  Bitmap Index Scan on k_1  (cost=0.00..5.35 rows=92 width=0)
	        Index Cond: ((k >= 8895132) AND (k <= 8895232))

table 2 : explain SELECT k, c FROM sbtest2 WHERE k BETWEEN 8895132 AND 8895232
	Bitmap Heap Scan on sbtest2  (cost=5.42..385.90 rows=96 width=125)
	  Recheck Cond: ((k >= 8895132) AND (k <= 8895232))
	  ->  Bitmap Index Scan on k_2  (cost=0.00..5.39 rows=96 width=0)
	        Index Cond: ((k >= 8895132) AND (k <= 8895232))

table 3 : explain SELECT k, c FROM sbtest3 WHERE k BETWEEN 8895132 AND 8895232
	Bitmap Heap Scan on sbtest3  (cost=5.43..389.82 rows=97 width=125)
	  Recheck Cond: ((k >= 8895132) AND (k <= 8895232))
	  ->  Bitmap Index Scan on k_3  (cost=0.00..5.40 rows=97 width=0)
	        Index Cond: ((k >= 8895132) AND (k <= 8895232))

table 4 : explain SELECT k, c FROM sbtest4 WHERE k BETWEEN 8895132 AND 8895232
	Bitmap Heap Scan on sbtest4  (cost=5.56..441.22 rows=110 width=125)
	  Recheck Cond: ((k >= 8895132) AND (k <= 8895232))
	  ->  Bitmap Index Scan on k_4  (cost=0.00..5.53 rows=110 width=0)
	        Index Cond: ((k >= 8895132) AND (k <= 8895232))

table 5 : explain SELECT k, c FROM sbtest5 WHERE k BETWEEN 8895132 AND 8895232
	Bitmap Heap Scan on sbtest5  (cost=5.51..421.49 rows=105 width=125)
	  Recheck Cond: ((k >= 8895132) AND (k <= 8895232))
	  ->  Bitmap Index Scan on k_5  (cost=0.00..5.48 rows=105 width=0)
	        Index Cond: ((k >= 8895132) AND (k <= 8895232))

table 6 : explain SELECT k, c FROM sbtest6 WHERE k BETWEEN 8895132 AND 8895232
	Bitmap Heap Scan on sbtest6  (cost=5.49..413.62 rows=103 width=125)
	  Recheck Cond: ((k >= 8895132) AND (k <= 8895232))
	  ->  Bitmap Index Scan on k_6  (cost=0.00..5.46 rows=103 width=0)
	        Index Cond: ((k >= 8895132) AND (k <= 8895232))

table 7 : explain SELECT k, c FROM sbtest7 WHERE k BETWEEN 8895132 AND 8895232
	Bitmap Heap Scan on sbtest7  (cost=5.44..393.89 rows=98 width=125)
	  Recheck Cond: ((k >= 8895132) AND (k <= 8895232))
	  ->  Bitmap Index Scan on k_7  (cost=0.00..5.42 rows=98 width=0)
	        Index Cond: ((k >= 8895132) AND (k <= 8895232))

table 8 : explain SELECT k, c FROM sbtest8 WHERE k BETWEEN 8895132 AND 8895232
	Bitmap Heap Scan on sbtest8  (cost=5.51..421.51 rows=105 width=125)
	  Recheck Cond: ((k >= 8895132) AND (k <= 8895232))
	  ->  Bitmap Index Scan on k_8  (cost=0.00..5.48 rows=105 width=0)
	        Index Cond: ((k >= 8895132) AND (k <= 8895232))


explain: for range-notcovered :: explain SELECT k, c FROM sbtest%d WHERE k BETWEEN 9134951 AND 9135051
explain: for range-notcovered :: explain SELECT k, c FROM sbtest%d WHERE k BETWEEN 3149803 AND 3149903
explain: for range-notcovered :: explain SELECT k, c FROM sbtest%d WHERE k BETWEEN 8895132 AND 8895232
for range-notcovered
table 1 : explain SELECT k, c FROM sbtest1 WHERE k BETWEEN 2695053 AND 2695153
	Bitmap Heap Scan on sbtest1  (cost=5.50..417.33 rows=104 width=125)
	  Recheck Cond: ((k >= 2695053) AND (k <= 2695153))
	  ->  Bitmap Index Scan on k_1  (cost=0.00..5.47 rows=104 width=0)
	        Index Cond: ((k >= 2695053) AND (k <= 2695153))

table 2 : explain SELECT k, c FROM sbtest2 WHERE k BETWEEN 2695053 AND 2695153
	Bitmap Heap Scan on sbtest2  (cost=5.54..433.24 rows=108 width=125)
	  Recheck Cond: ((k >= 2695053) AND (k <= 2695153))
	  ->  Bitmap Index Scan on k_2  (cost=0.00..5.51 rows=108 width=0)
	        Index Cond: ((k >= 2695053) AND (k <= 2695153))

table 3 : explain SELECT k, c FROM sbtest3 WHERE k BETWEEN 2695053 AND 2695153
	Bitmap Heap Scan on sbtest3  (cost=5.42..385.87 rows=96 width=125)
	  Recheck Cond: ((k >= 2695053) AND (k <= 2695153))
	  ->  Bitmap Index Scan on k_3  (cost=0.00..5.39 rows=96 width=0)
	        Index Cond: ((k >= 2695053) AND (k <= 2695153))

table 4 : explain SELECT k, c FROM sbtest4 WHERE k BETWEEN 2695053 AND 2695153
	Bitmap Heap Scan on sbtest4  (cost=5.41..382.03 rows=95 width=125)
	  Recheck Cond: ((k >= 2695053) AND (k <= 2695153))
	  ->  Bitmap Index Scan on k_4  (cost=0.00..5.38 rows=95 width=0)
	        Index Cond: ((k >= 2695053) AND (k <= 2695153))

table 5 : explain SELECT k, c FROM sbtest5 WHERE k BETWEEN 2695053 AND 2695153
	Bitmap Heap Scan on sbtest5  (cost=5.56..441.22 rows=110 width=125)
	  Recheck Cond: ((k >= 2695053) AND (k <= 2695153))
	  ->  Bitmap Index Scan on k_5  (cost=0.00..5.53 rows=110 width=0)
	        Index Cond: ((k >= 2695053) AND (k <= 2695153))

table 6 : explain SELECT k, c FROM sbtest6 WHERE k BETWEEN 2695053 AND 2695153
	Bitmap Heap Scan on sbtest6  (cost=5.51..421.51 rows=105 width=125)
	  Recheck Cond: ((k >= 2695053) AND (k <= 2695153))
	  ->  Bitmap Index Scan on k_6  (cost=0.00..5.48 rows=105 width=0)
	        Index Cond: ((k >= 2695053) AND (k <= 2695153))

table 7 : explain SELECT k, c FROM sbtest7 WHERE k BETWEEN 2695053 AND 2695153
	Bitmap Heap Scan on sbtest7  (cost=5.50..417.57 rows=104 width=125)
	  Recheck Cond: ((k >= 2695053) AND (k <= 2695153))
	  ->  Bitmap Index Scan on k_7  (cost=0.00..5.47 rows=104 width=0)
	        Index Cond: ((k >= 2695053) AND (k <= 2695153))

table 8 : explain SELECT k, c FROM sbtest8 WHERE k BETWEEN 2695053 AND 2695153
	Bitmap Heap Scan on sbtest8  (cost=5.49..413.62 rows=103 width=125)
	  Recheck Cond: ((k >= 2695053) AND (k <= 2695153))
	  ->  Bitmap Index Scan on k_8  (cost=0.00..5.46 rows=103 width=0)
	        Index Cond: ((k >= 2695053) AND (k <= 2695153))

explain: for range-notcovered :: explain SELECT k, c FROM sbtest%d WHERE k BETWEEN 1543373 AND 1543473
explain: for range-notcovered :: explain SELECT k, c FROM sbtest%d WHERE k BETWEEN 6004579 AND 6004679
for range-notcovered
table 1 : explain SELECT k, c FROM sbtest1 WHERE k BETWEEN 6280881 AND 6280981
	Bitmap Heap Scan on sbtest1  (cost=5.59..452.80 rows=113 width=125)
	  Recheck Cond: ((k >= 6280881) AND (k <= 6280981))
	  ->  Bitmap Index Scan on k_1  (cost=0.00..5.56 rows=113 width=0)
	        Index Cond: ((k >= 6280881) AND (k <= 6280981))

table 2 : explain SELECT k, c FROM sbtest2 WHERE k BETWEEN 6280881 AND 6280981
	Bitmap Heap Scan on sbtest2  (cost=5.58..449.01 rows=112 width=125)
	  Recheck Cond: ((k >= 6280881) AND (k <= 6280981))
	  ->  Bitmap Index Scan on k_2  (cost=0.00..5.55 rows=112 width=0)
	        Index Cond: ((k >= 6280881) AND (k <= 6280981))

table 3 : explain SELECT k, c FROM sbtest3 WHERE k BETWEEN 6280881 AND 6280981
	Bitmap Heap Scan on sbtest3  (cost=5.51..421.38 rows=105 width=125)
	  Recheck Cond: ((k >= 6280881) AND (k <= 6280981))
	  ->  Bitmap Index Scan on k_3  (cost=0.00..5.48 rows=105 width=0)
	        Index Cond: ((k >= 6280881) AND (k <= 6280981))

table 4 : explain SELECT k, c FROM sbtest4 WHERE k BETWEEN 6280881 AND 6280981
	Bitmap Heap Scan on sbtest4  (cost=5.45..397.82 rows=99 width=125)
	  Recheck Cond: ((k >= 6280881) AND (k <= 6280981))
	  ->  Bitmap Index Scan on k_4  (cost=0.00..5.42 rows=99 width=0)
	        Index Cond: ((k >= 6280881) AND (k <= 6280981))

table 5 : explain SELECT k, c FROM sbtest5 WHERE k BETWEEN 6280881 AND 6280981
	Bitmap Heap Scan on sbtest5  (cost=5.50..417.55 rows=104 width=125)
	  Recheck Cond: ((k >= 6280881) AND (k <= 6280981))
	  ->  Bitmap Index Scan on k_5  (cost=0.00..5.47 rows=104 width=0)
	        Index Cond: ((k >= 6280881) AND (k <= 6280981))

table 6 : explain SELECT k, c FROM sbtest6 WHERE k BETWEEN 6280881 AND 6280981
	Bitmap Heap Scan on sbtest6  (cost=5.52..425.45 rows=106 width=125)
	  Recheck Cond: ((k >= 6280881) AND (k <= 6280981))
	  ->  Bitmap Index Scan on k_6  (cost=0.00..5.50 rows=106 width=0)
	        Index Cond: ((k >= 6280881) AND (k <= 6280981))

table 7 : explain SELECT k, c FROM sbtest7 WHERE k BETWEEN 6280881 AND 6280981
	Bitmap Heap Scan on sbtest7  (cost=5.45..397.83 rows=99 width=125)
	  Recheck Cond: ((k >= 6280881) AND (k <= 6280981))
	  ->  Bitmap Index Scan on k_7  (cost=0.00..5.42 rows=99 width=0)
	        Index Cond: ((k >= 6280881) AND (k <= 6280981))

table 8 : explain SELECT k, c FROM sbtest8 WHERE k BETWEEN 6280881 AND 6280981
	Bitmap Heap Scan on sbtest8  (cost=5.53..429.40 rows=107 width=125)
	  Recheck Cond: ((k >= 6280881) AND (k <= 6280981))
	  ->  Bitmap Index Scan on k_8  (cost=0.00..5.50 rows=107 width=0)
	        Index Cond: ((k >= 6280881) AND (k <= 6280981))

explain: for range-notcovered :: explain SELECT k, c FROM sbtest%d WHERE k BETWEEN 2695053 AND 2695153
for range-notcovered
table 1 : explain SELECT k, c FROM sbtest1 WHERE k BETWEEN 5832955 AND 5833055
	Bitmap Heap Scan on sbtest1  (cost=5.46..401.56 rows=100 width=125)
	  Recheck Cond: ((k >= 5832955) AND (k <= 5833055))
	  ->  Bitmap Index Scan on k_1  (cost=0.00..5.43 rows=100 width=0)
	        Index Cond: ((k >= 5832955) AND (k <= 5833055))

table 2 : explain SELECT k, c FROM sbtest2 WHERE k BETWEEN 5832955 AND 5833055
	Bitmap Heap Scan on sbtest2  (cost=5.36..362.20 rows=90 width=125)
	  Recheck Cond: ((k >= 5832955) AND (k <= 5833055))
	  ->  Bitmap Index Scan on k_2  (cost=0.00..5.33 rows=90 width=0)
	        Index Cond: ((k >= 5832955) AND (k <= 5833055))

table 3 : explain SELECT k, c FROM sbtest3 WHERE k BETWEEN 5832955 AND 5833055
	Bitmap Heap Scan on sbtest3  (cost=5.58..448.98 rows=112 width=125)
	  Recheck Cond: ((k >= 5832955) AND (k <= 5833055))
	  ->  Bitmap Index Scan on k_3  (cost=0.00..5.55 rows=112 width=0)
	        Index Cond: ((k >= 5832955) AND (k <= 5833055))

table 4 : explain SELECT k, c FROM sbtest4 WHERE k BETWEEN 5832955 AND 5833055
	Bitmap Heap Scan on sbtest4  (cost=5.44..393.87 rows=98 width=125)
	  Recheck Cond: ((k >= 5832955) AND (k <= 5833055))
	  ->  Bitmap Index Scan on k_4  (cost=0.00..5.42 rows=98 width=0)
	        Index Cond: ((k >= 5832955) AND (k <= 5833055))

table 5 : explain SELECT k, c FROM sbtest5 WHERE k BETWEEN 5832955 AND 5833055
	Bitmap Heap Scan on sbtest5  (cost=5.54..433.33 rows=108 width=125)
	  Recheck Cond: ((k >= 5832955) AND (k <= 5833055))
	  ->  Bitmap Index Scan on k_5  (cost=0.00..5.51 rows=108 width=0)
	        Index Cond: ((k >= 5832955) AND (k <= 5833055))

table 6 : explain SELECT k, c FROM sbtest6 WHERE k BETWEEN 5832955 AND 5833055
	Bitmap Heap Scan on sbtest6  (cost=5.52..425.45 rows=106 width=125)
	  Recheck Cond: ((k >= 5832955) AND (k <= 5833055))
	  ->  Bitmap Index Scan on k_6  (cost=0.00..5.50 rows=106 width=0)
	        Index Cond: ((k >= 5832955) AND (k <= 5833055))

table 7 : explain SELECT k, c FROM sbtest7 WHERE k BETWEEN 5832955 AND 5833055
	Bitmap Heap Scan on sbtest7  (cost=5.41..382.04 rows=95 width=125)
	  Recheck Cond: ((k >= 5832955) AND (k <= 5833055))
	  ->  Bitmap Index Scan on k_7  (cost=0.00..5.38 rows=95 width=0)
	        Index Cond: ((k >= 5832955) AND (k <= 5833055))

table 8 : explain SELECT k, c FROM sbtest8 WHERE k BETWEEN 5832955 AND 5833055
	Bitmap Heap Scan on sbtest8  (cost=5.55..437.29 rows=109 width=125)
	  Recheck Cond: ((k >= 5832955) AND (k <= 5833055))
	  ->  Bitmap Index Scan on k_8  (cost=0.00..5.52 rows=109 width=0)
	        Index Cond: ((k >= 5832955) AND (k <= 5833055))

explain: for range-notcovered :: explain SELECT k, c FROM sbtest%d WHERE k BETWEEN 6280881 AND 6280981
explain: for range-notcovered :: explain SELECT k, c FROM sbtest%d WHERE k BETWEEN 5832955 AND 5833055
for range-notcovered
table 1 : explain SELECT k, c FROM sbtest1 WHERE k BETWEEN 1950720 AND 1950820
	Bitmap Heap Scan on sbtest1  (cost=5.43..389.72 rows=97 width=125)
	  Recheck Cond: ((k >= 1950720) AND (k <= 1950820))
	  ->  Bitmap Index Scan on k_1  (cost=0.00..5.40 rows=97 width=0)
	        Index Cond: ((k >= 1950720) AND (k <= 1950820))

table 2 : explain SELECT k, c FROM sbtest2 WHERE k BETWEEN 1950720 AND 1950820
	Bitmap Heap Scan on sbtest2  (cost=5.53..429.30 rows=107 width=125)
	  Recheck Cond: ((k >= 1950720) AND (k <= 1950820))
	  ->  Bitmap Index Scan on k_2  (cost=0.00..5.50 rows=107 width=0)
	        Index Cond: ((k >= 1950720) AND (k <= 1950820))

table 3 : explain SELECT k, c FROM sbtest3 WHERE k BETWEEN 1950720 AND 1950820
	Bitmap Heap Scan on sbtest3  (cost=5.61..460.80 rows=115 width=125)
	  Recheck Cond: ((k >= 1950720) AND (k <= 1950820))
	  ->  Bitmap Index Scan on k_3  (cost=0.00..5.58 rows=115 width=0)
	        Index Cond: ((k >= 1950720) AND (k <= 1950820))

table 4 : explain SELECT k, c FROM sbtest4 WHERE k BETWEEN 1950720 AND 1950820
	Bitmap Heap Scan on sbtest4  (cost=5.45..397.82 rows=99 width=125)
	  Recheck Cond: ((k >= 1950720) AND (k <= 1950820))
	  ->  Bitmap Index Scan on k_4  (cost=0.00..5.42 rows=99 width=0)
	        Index Cond: ((k >= 1950720) AND (k <= 1950820))

table 5 : explain SELECT k, c FROM sbtest5 WHERE k BETWEEN 1950720 AND 1950820
	Bitmap Heap Scan on sbtest5  (cost=5.63..468.81 rows=117 width=125)
	  Recheck Cond: ((k >= 1950720) AND (k <= 1950820))
	  ->  Bitmap Index Scan on k_5  (cost=0.00..5.60 rows=117 width=0)
	        Index Cond: ((k >= 1950720) AND (k <= 1950820))

table 6 : explain SELECT k, c FROM sbtest6 WHERE k BETWEEN 1950720 AND 1950820
	Bitmap Heap Scan on sbtest6  (cost=5.49..413.62 rows=103 width=125)
	  Recheck Cond: ((k >= 1950720) AND (k <= 1950820))
	  ->  Bitmap Index Scan on k_6  (cost=0.00..5.46 rows=103 width=0)
	        Index Cond: ((k >= 1950720) AND (k <= 1950820))

table 7 : explain SELECT k, c FROM sbtest7 WHERE k BETWEEN 1950720 AND 1950820
	Bitmap Heap Scan on sbtest7  (cost=5.38..370.19 rows=92 width=125)
	  Recheck Cond: ((k >= 1950720) AND (k <= 1950820))
	  ->  Bitmap Index Scan on k_7  (cost=0.00..5.35 rows=92 width=0)
	        Index Cond: ((k >= 1950720) AND (k <= 1950820))

table 8 : explain SELECT k, c FROM sbtest8 WHERE k BETWEEN 1950720 AND 1950820
	Bitmap Heap Scan on sbtest8  (cost=5.44..393.88 rows=98 width=125)
	  Recheck Cond: ((k >= 1950720) AND (k <= 1950820))
	  ->  Bitmap Index Scan on k_8  (cost=0.00..5.42 rows=98 width=0)
	        Index Cond: ((k >= 1950720) AND (k <= 1950820))

explain: for range-notcovered :: explain SELECT k, c FROM sbtest%d WHERE k BETWEEN 1950720 AND 1950820
for range-notcovered
table 1 : explain SELECT k, c FROM sbtest1 WHERE k BETWEEN 6577215 AND 6577315
	Bitmap Heap Scan on sbtest1  (cost=5.40..377.88 rows=94 width=125)
	  Recheck Cond: ((k >= 6577215) AND (k <= 6577315))
	  ->  Bitmap Index Scan on k_1  (cost=0.00..5.38 rows=94 width=0)
	        Index Cond: ((k >= 6577215) AND (k <= 6577315))

table 2 : explain SELECT k, c FROM sbtest2 WHERE k BETWEEN 6577215 AND 6577315
	Bitmap Heap Scan on sbtest2  (cost=5.45..397.74 rows=99 width=125)
	  Recheck Cond: ((k >= 6577215) AND (k <= 6577315))
	  ->  Bitmap Index Scan on k_2  (cost=0.00..5.42 rows=99 width=0)
	        Index Cond: ((k >= 6577215) AND (k <= 6577315))

table 3 : explain SELECT k, c FROM sbtest3 WHERE k BETWEEN 6577215 AND 6577315
	Bitmap Heap Scan on sbtest3  (cost=5.49..413.49 rows=103 width=125)
	  Recheck Cond: ((k >= 6577215) AND (k <= 6577315))
	  ->  Bitmap Index Scan on k_3  (cost=0.00..5.46 rows=103 width=0)
	        Index Cond: ((k >= 6577215) AND (k <= 6577315))

table 4 : explain SELECT k, c FROM sbtest4 WHERE k BETWEEN 6577215 AND 6577315
	Bitmap Heap Scan on sbtest4  (cost=5.44..393.87 rows=98 width=125)
	  Recheck Cond: ((k >= 6577215) AND (k <= 6577315))
	  ->  Bitmap Index Scan on k_4  (cost=0.00..5.42 rows=98 width=0)
	        Index Cond: ((k >= 6577215) AND (k <= 6577315))

table 5 : explain SELECT k, c FROM sbtest5 WHERE k BETWEEN 6577215 AND 6577315
	Bitmap Heap Scan on sbtest5  (cost=5.52..425.44 rows=106 width=125)
	  Recheck Cond: ((k >= 6577215) AND (k <= 6577315))
	  ->  Bitmap Index Scan on k_5  (cost=0.00..5.50 rows=106 width=0)
	        Index Cond: ((k >= 6577215) AND (k <= 6577315))

table 6 : explain SELECT k, c FROM sbtest6 WHERE k BETWEEN 6577215 AND 6577315
	Bitmap Heap Scan on sbtest6  (cost=5.44..393.88 rows=98 width=125)
	  Recheck Cond: ((k >= 6577215) AND (k <= 6577315))
	  ->  Bitmap Index Scan on k_6  (cost=0.00..5.42 rows=98 width=0)
	        Index Cond: ((k >= 6577215) AND (k <= 6577315))

table 7 : explain SELECT k, c FROM sbtest7 WHERE k BETWEEN 6577215 AND 6577315
	Bitmap Heap Scan on sbtest7  (cost=5.50..417.57 rows=104 width=125)
	  Recheck Cond: ((k >= 6577215) AND (k <= 6577315))
	  ->  Bitmap Index Scan on k_7  (cost=0.00..5.47 rows=104 width=0)
	        Index Cond: ((k >= 6577215) AND (k <= 6577315))

table 8 : explain SELECT k, c FROM sbtest8 WHERE k BETWEEN 6577215 AND 6577315
	Bitmap Heap Scan on sbtest8  (cost=5.43..389.94 rows=97 width=125)
	  Recheck Cond: ((k >= 6577215) AND (k <= 6577315))
	  ->  Bitmap Index Scan on k_8  (cost=0.00..5.40 rows=97 width=0)
	        Index Cond: ((k >= 6577215) AND (k <= 6577315))

explain: for range-notcovered :: explain SELECT k, c FROM sbtest%d WHERE k BETWEEN 3381726 AND 3381826
explain: for range-notcovered :: explain SELECT k, c FROM sbtest%d WHERE k BETWEEN 6577215 AND 6577315
for range-notcovered
table 1 : explain SELECT k, c FROM sbtest1 WHERE k BETWEEN 3149803 AND 3149903
	Bitmap Heap Scan on sbtest1  (cost=5.37..366.04 rows=91 width=125)
	  Recheck Cond: ((k >= 3149803) AND (k <= 3149903))
	  ->  Bitmap Index Scan on k_1  (cost=0.00..5.34 rows=91 width=0)
	        Index Cond: ((k >= 3149803) AND (k <= 3149903))

table 2 : explain SELECT k, c FROM sbtest2 WHERE k BETWEEN 3149803 AND 3149903
	Bitmap Heap Scan on sbtest2  (cost=5.55..437.19 rows=109 width=125)
	  Recheck Cond: ((k >= 3149803) AND (k <= 3149903))
	  ->  Bitmap Index Scan on k_2  (cost=0.00..5.52 rows=109 width=0)
	        Index Cond: ((k >= 3149803) AND (k <= 3149903))

table 3 : explain SELECT k, c FROM sbtest3 WHERE k BETWEEN 3149803 AND 3149903
	Bitmap Heap Scan on sbtest3  (cost=5.39..374.03 rows=93 width=125)
	  Recheck Cond: ((k >= 3149803) AND (k <= 3149903))
	  ->  Bitmap Index Scan on k_3  (cost=0.00..5.36 rows=93 width=0)
	        Index Cond: ((k >= 3149803) AND (k <= 3149903))

table 4 : explain SELECT k, c FROM sbtest4 WHERE k BETWEEN 3149803 AND 3149903
	Bitmap Heap Scan on sbtest4  (cost=5.48..409.66 rows=102 width=125)
	  Recheck Cond: ((k >= 3149803) AND (k <= 3149903))
	  ->  Bitmap Index Scan on k_4  (cost=0.00..5.45 rows=102 width=0)
	        Index Cond: ((k >= 3149803) AND (k <= 3149903))

table 5 : explain SELECT k, c FROM sbtest5 WHERE k BETWEEN 3149803 AND 3149903
	Bitmap Heap Scan on sbtest5  (cost=5.39..374.12 rows=93 width=125)
	  Recheck Cond: ((k >= 3149803) AND (k <= 3149903))
	  ->  Bitmap Index Scan on k_5  (cost=0.00..5.36 rows=93 width=0)
	        Index Cond: ((k >= 3149803) AND (k <= 3149903))

table 6 : explain SELECT k, c FROM sbtest6 WHERE k BETWEEN 3149803 AND 3149903
	Bitmap Heap Scan on sbtest6  (cost=5.41..382.03 rows=95 width=125)
	  Recheck Cond: ((k >= 3149803) AND (k <= 3149903))
	  ->  Bitmap Index Scan on k_6  (cost=0.00..5.38 rows=95 width=0)
	        Index Cond: ((k >= 3149803) AND (k <= 3149903))

table 7 : explain SELECT k, c FROM sbtest7 WHERE k BETWEEN 3149803 AND 3149903
	Bitmap Heap Scan on sbtest7  (cost=5.44..393.89 rows=98 width=125)
	  Recheck Cond: ((k >= 3149803) AND (k <= 3149903))
	  ->  Bitmap Index Scan on k_7  (cost=0.00..5.42 rows=98 width=0)
	        Index Cond: ((k >= 3149803) AND (k <= 3149903))

table 8 : explain SELECT k, c FROM sbtest8 WHERE k BETWEEN 3149803 AND 3149903
	Bitmap Heap Scan on sbtest8  (cost=5.46..401.78 rows=100 width=125)
	  Recheck Cond: ((k >= 3149803) AND (k <= 3149903))
	  ->  Bitmap Index Scan on k_8  (cost=0.00..5.43 rows=100 width=0)
	        Index Cond: ((k >= 3149803) AND (k <= 3149903))

for range-notcovered
table 1 : explain SELECT k, c FROM sbtest1 WHERE k BETWEEN 9134951 AND 9135051
	Bitmap Heap Scan on sbtest1  (cost=5.45..397.61 rows=99 width=125)
	  Recheck Cond: ((k >= 9134951) AND (k <= 9135051))
	  ->  Bitmap Index Scan on k_1  (cost=0.00..5.42 rows=99 width=0)
	        Index Cond: ((k >= 9134951) AND (k <= 9135051))

table 2 : explain SELECT k, c FROM sbtest2 WHERE k BETWEEN 9134951 AND 9135051
	Bitmap Heap Scan on sbtest2  (cost=5.52..425.36 rows=106 width=125)
	  Recheck Cond: ((k >= 9134951) AND (k <= 9135051))
	  ->  Bitmap Index Scan on k_2  (cost=0.00..5.50 rows=106 width=0)
	        Index Cond: ((k >= 9134951) AND (k <= 9135051))

table 3 : explain SELECT k, c FROM sbtest3 WHERE k BETWEEN 9134951 AND 9135051
	Bitmap Heap Scan on sbtest3  (cost=5.42..385.87 rows=96 width=125)
	  Recheck Cond: ((k >= 9134951) AND (k <= 9135051))
	  ->  Bitmap Index Scan on k_3  (cost=0.00..5.39 rows=96 width=0)
	        Index Cond: ((k >= 9134951) AND (k <= 9135051))

table 4 : explain SELECT k, c FROM sbtest4 WHERE k BETWEEN 9134951 AND 9135051
	Bitmap Heap Scan on sbtest4  (cost=5.47..405.71 rows=101 width=125)
	  Recheck Cond: ((k >= 9134951) AND (k <= 9135051))
	  ->  Bitmap Index Scan on k_4  (cost=0.00..5.44 rows=101 width=0)
	        Index Cond: ((k >= 9134951) AND (k <= 9135051))

table 5 : explain SELECT k, c FROM sbtest5 WHERE k BETWEEN 9134951 AND 9135051
	Bitmap Heap Scan on sbtest5  (cost=5.43..389.92 rows=97 width=125)
	  Recheck Cond: ((k >= 9134951) AND (k <= 9135051))
	  ->  Bitmap Index Scan on k_5  (cost=0.00..5.40 rows=97 width=0)
	        Index Cond: ((k >= 9134951) AND (k <= 9135051))

table 6 : explain SELECT k, c FROM sbtest6 WHERE k BETWEEN 9134951 AND 9135051
	Bitmap Heap Scan on sbtest6  (cost=5.53..429.40 rows=107 width=125)
	  Recheck Cond: ((k >= 9134951) AND (k <= 9135051))
	  ->  Bitmap Index Scan on k_6  (cost=0.00..5.50 rows=107 width=0)
	        Index Cond: ((k >= 9134951) AND (k <= 9135051))

table 7 : explain SELECT k, c FROM sbtest7 WHERE k BETWEEN 9134951 AND 9135051
	Bitmap Heap Scan on sbtest7  (cost=5.47..405.73 rows=101 width=125)
	  Recheck Cond: ((k >= 9134951) AND (k <= 9135051))
	  ->  Bitmap Index Scan on k_7  (cost=0.00..5.44 rows=101 width=0)
	        Index Cond: ((k >= 9134951) AND (k <= 9135051))

table 8 : explain SELECT k, c FROM sbtest8 WHERE k BETWEEN 9134951 AND 9135051
	Bitmap Heap Scan on sbtest8  (cost=5.45..397.83 rows=99 width=125)
	  Recheck Cond: ((k >= 9134951) AND (k <= 9135051))
	  ->  Bitmap Index Scan on k_8  (cost=0.00..5.42 rows=99 width=0)
	        Index Cond: ((k >= 9134951) AND (k <= 9135051))

for range-notcovered
table 1 : explain SELECT k, c FROM sbtest1 WHERE k BETWEEN 8895132 AND 8895232
	Bitmap Heap Scan on sbtest1  (cost=5.38..369.99 rows=92 width=125)
	  Recheck Cond: ((k >= 8895132) AND (k <= 8895232))
	  ->  Bitmap Index Scan on k_1  (cost=0.00..5.35 rows=92 width=0)
	        Index Cond: ((k >= 8895132) AND (k <= 8895232))

table 2 : explain SELECT k, c FROM sbtest2 WHERE k BETWEEN 8895132 AND 8895232
	Bitmap Heap Scan on sbtest2  (cost=5.42..385.90 rows=96 width=125)
	  Recheck Cond: ((k >= 8895132) AND (k <= 8895232))
	  ->  Bitmap Index Scan on k_2  (cost=0.00..5.39 rows=96 width=0)
	        Index Cond: ((k >= 8895132) AND (k <= 8895232))

table 3 : explain SELECT k, c FROM sbtest3 WHERE k BETWEEN 8895132 AND 8895232
	Bitmap Heap Scan on sbtest3  (cost=5.43..389.82 rows=97 width=125)
	  Recheck Cond: ((k >= 8895132) AND (k <= 8895232))
	  ->  Bitmap Index Scan on k_3  (cost=0.00..5.40 rows=97 width=0)
	        Index Cond: ((k >= 8895132) AND (k <= 8895232))

table 4 : explain SELECT k, c FROM sbtest4 WHERE k BETWEEN 8895132 AND 8895232
	Bitmap Heap Scan on sbtest4  (cost=5.56..441.22 rows=110 width=125)
	  Recheck Cond: ((k >= 8895132) AND (k <= 8895232))
	  ->  Bitmap Index Scan on k_4  (cost=0.00..5.53 rows=110 width=0)
	        Index Cond: ((k >= 8895132) AND (k <= 8895232))

table 5 : explain SELECT k, c FROM sbtest5 WHERE k BETWEEN 8895132 AND 8895232
	Bitmap Heap Scan on sbtest5  (cost=5.51..421.49 rows=105 width=125)
	  Recheck Cond: ((k >= 8895132) AND (k <= 8895232))
	  ->  Bitmap Index Scan on k_5  (cost=0.00..5.48 rows=105 width=0)
	        Index Cond: ((k >= 8895132) AND (k <= 8895232))

table 6 : explain SELECT k, c FROM sbtest6 WHERE k BETWEEN 8895132 AND 8895232
	Bitmap Heap Scan on sbtest6  (cost=5.49..413.62 rows=103 width=125)
	  Recheck Cond: ((k >= 8895132) AND (k <= 8895232))
	  ->  Bitmap Index Scan on k_6  (cost=0.00..5.46 rows=103 width=0)
	        Index Cond: ((k >= 8895132) AND (k <= 8895232))

table 7 : explain SELECT k, c FROM sbtest7 WHERE k BETWEEN 8895132 AND 8895232
	Bitmap Heap Scan on sbtest7  (cost=5.44..393.89 rows=98 width=125)
	  Recheck Cond: ((k >= 8895132) AND (k <= 8895232))
	  ->  Bitmap Index Scan on k_7  (cost=0.00..5.42 rows=98 width=0)
	        Index Cond: ((k >= 8895132) AND (k <= 8895232))

table 8 : explain SELECT k, c FROM sbtest8 WHERE k BETWEEN 8895132 AND 8895232
	Bitmap Heap Scan on sbtest8  (cost=5.51..421.51 rows=105 width=125)
	  Recheck Cond: ((k >= 8895132) AND (k <= 8895232))
	  ->  Bitmap Index Scan on k_8  (cost=0.00..5.48 rows=105 width=0)
	        Index Cond: ((k >= 8895132) AND (k <= 8895232))

for range-notcovered
table 1 : explain SELECT k, c FROM sbtest1 WHERE k BETWEEN 2695053 AND 2695153
	Bitmap Heap Scan on sbtest1  (cost=5.50..417.33 rows=104 width=125)
	  Recheck Cond: ((k >= 2695053) AND (k <= 2695153))
	  ->  Bitmap Index Scan on k_1  (cost=0.00..5.47 rows=104 width=0)
	        Index Cond: ((k >= 2695053) AND (k <= 2695153))

table 2 : explain SELECT k, c FROM sbtest2 WHERE k BETWEEN 2695053 AND 2695153
	Bitmap Heap Scan on sbtest2  (cost=5.54..433.24 rows=108 width=125)
	  Recheck Cond: ((k >= 2695053) AND (k <= 2695153))
	  ->  Bitmap Index Scan on k_2  (cost=0.00..5.51 rows=108 width=0)
	        Index Cond: ((k >= 2695053) AND (k <= 2695153))

table 3 : explain SELECT k, c FROM sbtest3 WHERE k BETWEEN 2695053 AND 2695153
	Bitmap Heap Scan on sbtest3  (cost=5.42..385.87 rows=96 width=125)
	  Recheck Cond: ((k >= 2695053) AND (k <= 2695153))
	  ->  Bitmap Index Scan on k_3  (cost=0.00..5.39 rows=96 width=0)
	        Index Cond: ((k >= 2695053) AND (k <= 2695153))

table 4 : explain SELECT k, c FROM sbtest4 WHERE k BETWEEN 2695053 AND 2695153
	Bitmap Heap Scan on sbtest4  (cost=5.41..382.03 rows=95 width=125)
	  Recheck Cond: ((k >= 2695053) AND (k <= 2695153))
	  ->  Bitmap Index Scan on k_4  (cost=0.00..5.38 rows=95 width=0)
	        Index Cond: ((k >= 2695053) AND (k <= 2695153))

table 5 : explain SELECT k, c FROM sbtest5 WHERE k BETWEEN 2695053 AND 2695153
	Bitmap Heap Scan on sbtest5  (cost=5.56..441.22 rows=110 width=125)
	  Recheck Cond: ((k >= 2695053) AND (k <= 2695153))
	  ->  Bitmap Index Scan on k_5  (cost=0.00..5.53 rows=110 width=0)
	        Index Cond: ((k >= 2695053) AND (k <= 2695153))

table 6 : explain SELECT k, c FROM sbtest6 WHERE k BETWEEN 2695053 AND 2695153
	Bitmap Heap Scan on sbtest6  (cost=5.51..421.51 rows=105 width=125)
	  Recheck Cond: ((k >= 2695053) AND (k <= 2695153))
	  ->  Bitmap Index Scan on k_6  (cost=0.00..5.48 rows=105 width=0)
	        Index Cond: ((k >= 2695053) AND (k <= 2695153))

table 7 : explain SELECT k, c FROM sbtest7 WHERE k BETWEEN 2695053 AND 2695153
	Bitmap Heap Scan on sbtest7  (cost=5.50..417.57 rows=104 width=125)
	  Recheck Cond: ((k >= 2695053) AND (k <= 2695153))
	  ->  Bitmap Index Scan on k_7  (cost=0.00..5.47 rows=104 width=0)
	        Index Cond: ((k >= 2695053) AND (k <= 2695153))

table 8 : explain SELECT k, c FROM sbtest8 WHERE k BETWEEN 2695053 AND 2695153
	Bitmap Heap Scan on sbtest8  (cost=5.49..413.62 rows=103 width=125)
	  Recheck Cond: ((k >= 2695053) AND (k <= 2695153))
	  ->  Bitmap Index Scan on k_8  (cost=0.00..5.46 rows=103 width=0)
	        Index Cond: ((k >= 2695053) AND (k <= 2695153))

explain: for range-notcovered :: explain SELECT k, c FROM sbtest%d WHERE k BETWEEN 4086767 AND 4086867
explain: for range-notcovered :: explain SELECT k, c FROM sbtest%d WHERE k BETWEEN 3149803 AND 3149903
explain: for range-notcovered :: explain SELECT k, c FROM sbtest%d WHERE k BETWEEN 9134951 AND 9135051for range-notcovered
table 1 : explain SELECT k, c FROM sbtest1 WHERE k BETWEEN 1543373 AND 1543473
	Bitmap Heap Scan on sbtest1  (cost=5.55..437.04 rows=109 width=125)
	  Recheck Cond: ((k >= 1543373) AND (k <= 1543473))
	  ->  Bitmap Index Scan on k_1  (cost=0.00..5.52 rows=109 width=0)
	        Index Cond: ((k >= 1543373) AND (k <= 1543473))

table 2 : explain SELECT k, c FROM sbtest2 WHERE k BETWEEN 1543373 AND 1543473
	Bitmap Heap Scan on sbtest2  (cost=5.41..381.95 rows=95 width=125)
	  Recheck Cond: ((k >= 1543373) AND (k <= 1543473))
	  ->  Bitmap Index Scan on k_2  (cost=0.00..5.38 rows=95 width=0)
	        Index Cond: ((k >= 1543373) AND (k <= 1543473))

table 3 : explain SELECT k, c FROM sbtest3 WHERE k BETWEEN 1543373 AND 1543473
	Bitmap Heap Scan on sbtest3  (cost=5.41..381.92 rows=95 width=125)
	  Recheck Cond: ((k >= 1543373) AND (k <= 1543473))
	  ->  Bitmap Index Scan on k_3  (cost=0.00..5.38 rows=95 width=0)
	        Index Cond: ((k >= 1543373) AND (k <= 1543473))

table 4 : explain SELECT k, c FROM sbtest4 WHERE k BETWEEN 1543373 AND 1543473
	Bitmap Heap Scan on sbtest4  (cost=5.44..393.87 rows=98 width=125)
	  Recheck Cond: ((k >= 1543373) AND (k <= 1543473))
	  ->  Bitmap Index Scan on k_4  (cost=0.00..5.42 rows=98 width=0)
	        Index Cond: ((k >= 1543373) AND (k <= 1543473))

table 5 : explain SELECT k, c FROM sbtest5 WHERE k BETWEEN 1543373 AND 1543473
	Bitmap Heap Scan on sbtest5  (cost=5.45..397.81 rows=99 width=125)
	  Recheck Cond: ((k >= 1543373) AND (k <= 1543473))
	  ->  Bitmap Index Scan on k_5  (cost=0.00..5.42 rows=99 width=0)
	        Index Cond: ((k >= 1543373) AND (k <= 1543473))

table 6 : explain SELECT k, c FROM sbtest6 WHERE k BETWEEN 1543373 AND 1543473
	Bitmap Heap Scan on sbtest6  (cost=5.52..425.45 rows=106 width=125)
	  Recheck Cond: ((k >= 1543373) AND (k <= 1543473))
	  ->  Bitmap Index Scan on k_6  (cost=0.00..5.50 rows=106 width=0)
	        Index Cond: ((k >= 1543373) AND (k <= 1543473))

table 7 : explain SELECT k, c FROM sbtest7 WHERE k BETWEEN 1543373 AND 1543473
	Bitmap Heap Scan on sbtest7  (cost=5.41..382.04 rows=95 width=125)
	  Recheck Cond: ((k >= 1543373) AND (k <= 1543473))
	  ->  Bitmap Index Scan on k_7  (cost=0.00..5.38 rows=95 width=0)
	        Index Cond: ((k >= 1543373) AND (k <= 1543473))

table 8 : explain SELECT k, c FROM sbtest8 WHERE k BETWEEN 1543373 AND 1543473
	Bitmap Heap Scan on sbtest8  (cost=5.57..445.18 rows=111 width=125)
	  Recheck Cond: ((k >= 1543373) AND (k <= 1543473))
	  ->  Bitmap Index Scan on k_8  (cost=0.00..5.54 rows=111 width=0)
	        Index Cond: ((k >= 1543373) AND (k <= 1543473))

explain: for range-notcovered :: explain SELECT k, c FROM sbtest%d WHERE k BETWEEN 8895132 AND 8895232
for range-notcovered
table 1 : explain SELECT k, c FROM sbtest1 WHERE k BETWEEN 6280881 AND 6280981
	Bitmap Heap Scan on sbtest1  (cost=5.59..452.80 rows=113 width=125)
	  Recheck Cond: ((k >= 6280881) AND (k <= 6280981))
	  ->  Bitmap Index Scan on k_1  (cost=0.00..5.56 rows=113 width=0)
	        Index Cond: ((k >= 6280881) AND (k <= 6280981))

table 2 : explain SELECT k, c FROM sbtest2 WHERE k BETWEEN 6280881 AND 6280981
	Bitmap Heap Scan on sbtest2  (cost=5.58..449.01 rows=112 width=125)
	  Recheck Cond: ((k >= 6280881) AND (k <= 6280981))
	  ->  Bitmap Index Scan on k_2  (cost=0.00..5.55 rows=112 width=0)
	        Index Cond: ((k >= 6280881) AND (k <= 6280981))

table 3 : explain SELECT k, c FROM sbtest3 WHERE k BETWEEN 6280881 AND 6280981
	Bitmap Heap Scan on sbtest3  (cost=5.51..421.38 rows=105 width=125)
	  Recheck Cond: ((k >= 6280881) AND (k <= 6280981))
	  ->  Bitmap Index Scan on k_3  (cost=0.00..5.48 rows=105 width=0)
	        Index Cond: ((k >= 6280881) AND (k <= 6280981))

table 4 : explain SELECT k, c FROM sbtest4 WHERE k BETWEEN 6280881 AND 6280981
	Bitmap Heap Scan on sbtest4  (cost=5.45..397.82 rows=99 width=125)
	  Recheck Cond: ((k >= 6280881) AND (k <= 6280981))
	  ->  Bitmap Index Scan on k_4  (cost=0.00..5.42 rows=99 width=0)
	        Index Cond: ((k >= 6280881) AND (k <= 6280981))

table 5 : explain SELECT k, c FROM sbtest5 WHERE k BETWEEN 6280881 AND 6280981
	Bitmap Heap Scan on sbtest5  (cost=5.50..417.55 rows=104 width=125)
	  Recheck Cond: ((k >= 6280881) AND (k <= 6280981))
	  ->  Bitmap Index Scan on k_5  (cost=0.00..5.47 rows=104 width=0)
	        Index Cond: ((k >= 6280881) AND (k <= 6280981))

table 6 : explain SELECT k, c FROM sbtest6 WHERE k BETWEEN 6280881 AND 6280981
	Bitmap Heap Scan on sbtest6  (cost=5.52..425.45 rows=106 width=125)
	  Recheck Cond: ((k >= 6280881) AND (k <= 6280981))
	  ->  Bitmap Index Scan on k_6  (cost=0.00..5.50 rows=106 width=0)
	        Index Cond: ((k >= 6280881) AND (k <= 6280981))

table 7 : explain SELECT k, c FROM sbtest7 WHERE k BETWEEN 6280881 AND 6280981
	Bitmap Heap Scan on sbtest7  (cost=5.45..397.83 rows=99 width=125)
	  Recheck Cond: ((k >= 6280881) AND (k <= 6280981))
	  ->  Bitmap Index Scan on k_7  (cost=0.00..5.42 rows=99 width=0)
	        Index Cond: ((k >= 6280881) AND (k <= 6280981))

table 8 : explain SELECT k, c FROM sbtest8 WHERE k BETWEEN 6280881 AND 6280981
	Bitmap Heap Scan on sbtest8  (cost=5.53..429.40 rows=107 width=125)
	  Recheck Cond: ((k >= 6280881) AND (k <= 6280981))
	  ->  Bitmap Index Scan on k_8  (cost=0.00..5.50 rows=107 width=0)
	        Index Cond: ((k >= 6280881) AND (k <= 6280981))


explain: for range-notcovered :: explain SELECT k, c FROM sbtest%d WHERE k BETWEEN 3046782 AND 3046882for range-notcovered
table 1 : explain SELECT k, c FROM sbtest1 WHERE k BETWEEN 7698578 AND 7698678
	Bitmap Heap Scan on sbtest1  (cost=5.62..464.61 rows=116 width=125)
	  Recheck Cond: ((k >= 7698578) AND (k <= 7698678))
	  ->  Bitmap Index Scan on k_1  (cost=0.00..5.59 rows=116 width=0)
	        Index Cond: ((k >= 7698578) AND (k <= 7698678))

table 2 : explain SELECT k, c FROM sbtest2 WHERE k BETWEEN 7698578 AND 7698678
	Bitmap Heap Scan on sbtest2  (cost=5.43..389.85 rows=97 width=125)
	  Recheck Cond: ((k >= 7698578) AND (k <= 7698678))
	  ->  Bitmap Index Scan on k_2  (cost=0.00..5.40 rows=97 width=0)
	        Index Cond: ((k >= 7698578) AND (k <= 7698678))

table 3 : explain SELECT k, c FROM sbtest3 WHERE k BETWEEN 7698578 AND 7698678
	Bitmap Heap Scan on sbtest3  (cost=5.46..401.66 rows=100 width=125)
	  Recheck Cond: ((k >= 7698578) AND (k <= 7698678))
	  ->  Bitmap Index Scan on k_3  (cost=0.00..5.43 rows=100 width=0)
	        Index Cond: ((k >= 7698578) AND (k <= 7698678))

table 4 : explain SELECT k, c FROM sbtest4 WHERE k BETWEEN 7698578 AND 7698678
	Bitmap Heap Scan on sbtest4  (cost=5.42..385.97 rows=96 width=125)
	  Recheck Cond: ((k >= 7698578) AND (k <= 7698678))
	  ->  Bitmap Index Scan on k_4  (cost=0.00..5.39 rows=96 width=0)
	        Index Cond: ((k >= 7698578) AND (k <= 7698678))

table 5 : explain SELECT k, c FROM sbtest5 WHERE k BETWEEN 7698578 AND 7698678
	Bitmap Heap Scan on sbtest5  (cost=5.41..382.02 rows=95 width=125)
	  Recheck Cond: ((k >= 7698578) AND (k <= 7698678))
	  ->  Bitmap Index Scan on k_5  (cost=0.00..5.38 rows=95 width=0)
	        Index Cond: ((k >= 7698578) AND (k <= 7698678))

table 6 : explain SELECT k, c FROM sbtest6 WHERE k BETWEEN 7698578 AND 7698678
	Bitmap Heap Scan on sbtest6  (cost=5.47..405.72 rows=101 width=125)
	  Recheck Cond: ((k >= 7698578) AND (k <= 7698678))
	  ->  Bitmap Index Scan on k_6  (cost=0.00..5.44 rows=101 width=0)
	        Index Cond: ((k >= 7698578) AND (k <= 7698678))

table 7 : explain SELECT k, c FROM sbtest7 WHERE k BETWEEN 7698578 AND 7698678
	Bitmap Heap Scan on sbtest7  (cost=5.60..457.01 rows=114 width=125)
	  Recheck Cond: ((k >= 7698578) AND (k <= 7698678))
	  ->  Bitmap Index Scan on k_7  (cost=0.00..5.58 rows=114 width=0)
	        Index Cond: ((k >= 7698578) AND (k <= 7698678))

table 8 : explain SELECT k, c FROM sbtest8 WHERE k BETWEEN 7698578 AND 7698678
	Bitmap Heap Scan on sbtest8  (cost=5.47..405.73 rows=101 width=125)
	  Recheck Cond: ((k >= 7698578) AND (k <= 7698678))
	  ->  Bitmap Index Scan on k_8  (cost=0.00..5.44 rows=101 width=0)
	        Index Cond: ((k >= 7698578) AND (k <= 7698678))


for range-notcovered
table 1 : explain SELECT k, c FROM sbtest1 WHERE k BETWEEN 5832955 AND 5833055
	Bitmap Heap Scan on sbtest1  (cost=5.46..401.56 rows=100 width=125)
	  Recheck Cond: ((k >= 5832955) AND (k <= 5833055))
	  ->  Bitmap Index Scan on k_1  (cost=0.00..5.43 rows=100 width=0)
	        Index Cond: ((k >= 5832955) AND (k <= 5833055))

table 2 : explain SELECT k, c FROM sbtest2 WHERE k BETWEEN 5832955 AND 5833055
	Bitmap Heap Scan on sbtest2  (cost=5.36..362.20 rows=90 width=125)
	  Recheck Cond: ((k >= 5832955) AND (k <= 5833055))
	  ->  Bitmap Index Scan on k_2  (cost=0.00..5.33 rows=90 width=0)
	        Index Cond: ((k >= 5832955) AND (k <= 5833055))

table 3 : explain SELECT k, c FROM sbtest3 WHERE k BETWEEN 5832955 AND 5833055
	Bitmap Heap Scan on sbtest3  (cost=5.58..448.98 rows=112 width=125)
	  Recheck Cond: ((k >= 5832955) AND (k <= 5833055))
	  ->  Bitmap Index Scan on k_3  (cost=0.00..5.55 rows=112 width=0)
	        Index Cond: ((k >= 5832955) AND (k <= 5833055))

table 4 : explain SELECT k, c FROM sbtest4 WHERE k BETWEEN 5832955 AND 5833055
	Bitmap Heap Scan on sbtest4  (cost=5.44..393.87 rows=98 width=125)
	  Recheck Cond: ((k >= 5832955) AND (k <= 5833055))
	  ->  Bitmap Index Scan on k_4  (cost=0.00..5.42 rows=98 width=0)
	        Index Cond: ((k >= 5832955) AND (k <= 5833055))

table 5 : explain SELECT k, c FROM sbtest5 WHERE k BETWEEN 5832955 AND 5833055
	Bitmap Heap Scan on sbtest5  (cost=5.54..433.33 rows=108 width=125)
	  Recheck Cond: ((k >= 5832955) AND (k <= 5833055))
	  ->  Bitmap Index Scan on k_5  (cost=0.00..5.51 rows=108 width=0)
	        Index Cond: ((k >= 5832955) AND (k <= 5833055))

table 6 : explain SELECT k, c FROM sbtest6 WHERE k BETWEEN 5832955 AND 5833055
	Bitmap Heap Scan on sbtest6  (cost=5.52..425.45 rows=106 width=125)
	  Recheck Cond: ((k >= 5832955) AND (k <= 5833055))
	  ->  Bitmap Index Scan on k_6  (cost=0.00..5.50 rows=106 width=0)
	        Index Cond: ((k >= 5832955) AND (k <= 5833055))

table 7 : explain SELECT k, c FROM sbtest7 WHERE k BETWEEN 5832955 AND 5833055
	Bitmap Heap Scan on sbtest7  (cost=5.41..382.04 rows=95 width=125)
	  Recheck Cond: ((k >= 5832955) AND (k <= 5833055))
	  ->  Bitmap Index Scan on k_7  (cost=0.00..5.38 rows=95 width=0)
	        Index Cond: ((k >= 5832955) AND (k <= 5833055))

table 8 : explain SELECT k, c FROM sbtest8 WHERE k BETWEEN 5832955 AND 5833055
	Bitmap Heap Scan on sbtest8  (cost=5.55..437.29 rows=109 width=125)
	  Recheck Cond: ((k >= 5832955) AND (k <= 5833055))
	  ->  Bitmap Index Scan on k_8  (cost=0.00..5.52 rows=109 width=0)
	        Index Cond: ((k >= 5832955) AND (k <= 5833055))

explain: for range-notcovered :: explain SELECT k, c FROM sbtest%d WHERE k BETWEEN 1664440 AND 1664540
explain: for range-notcovered :: explain SELECT k, c FROM sbtest%d WHERE k BETWEEN 3918058 AND 3918158
explain: for range-notcovered :: explain SELECT k, c FROM sbtest%d WHERE k BETWEEN 6280881 AND 6280981
for range-notcovered
table 1 : explain SELECT k, c FROM sbtest1 WHERE k BETWEEN 1950720 AND 1950820
	Bitmap Heap Scan on sbtest1  (cost=5.43..389.72 rows=97 width=125)
	  Recheck Cond: ((k >= 1950720) AND (k <= 1950820))
	  ->  Bitmap Index Scan on k_1  (cost=0.00..5.40 rows=97 width=0)
	        Index Cond: ((k >= 1950720) AND (k <= 1950820))

table 2 : explain SELECT k, c FROM sbtest2 WHERE k BETWEEN 1950720 AND 1950820
	Bitmap Heap Scan on sbtest2  (cost=5.53..429.30 rows=107 width=125)
	  Recheck Cond: ((k >= 1950720) AND (k <= 1950820))
	  ->  Bitmap Index Scan on k_2  (cost=0.00..5.50 rows=107 width=0)
	        Index Cond: ((k >= 1950720) AND (k <= 1950820))

table 3 : explain SELECT k, c FROM sbtest3 WHERE k BETWEEN 1950720 AND 1950820
	Bitmap Heap Scan on sbtest3  (cost=5.61..460.80 rows=115 width=125)
	  Recheck Cond: ((k >= 1950720) AND (k <= 1950820))
	  ->  Bitmap Index Scan on k_3  (cost=0.00..5.58 rows=115 width=0)
	        Index Cond: ((k >= 1950720) AND (k <= 1950820))

table 4 : explain SELECT k, c FROM sbtest4 WHERE k BETWEEN 1950720 AND 1950820
	Bitmap Heap Scan on sbtest4  (cost=5.45..397.82 rows=99 width=125)
	  Recheck Cond: ((k >= 1950720) AND (k <= 1950820))
	  ->  Bitmap Index Scan on k_4  (cost=0.00..5.42 rows=99 width=0)
	        Index Cond: ((k >= 1950720) AND (k <= 1950820))

table 5 : explain SELECT k, c FROM sbtest5 WHERE k BETWEEN 1950720 AND 1950820
	Bitmap Heap Scan on sbtest5  (cost=5.63..468.81 rows=117 width=125)
	  Recheck Cond: ((k >= 1950720) AND (k <= 1950820))
	  ->  Bitmap Index Scan on k_5  (cost=0.00..5.60 rows=117 width=0)
	        Index Cond: ((k >= 1950720) AND (k <= 1950820))

table 6 : explain SELECT k, c FROM sbtest6 WHERE k BETWEEN 1950720 AND 1950820
	Bitmap Heap Scan on sbtest6  (cost=5.49..413.62 rows=103 width=125)
	  Recheck Cond: ((k >= 1950720) AND (k <= 1950820))
	  ->  Bitmap Index Scan on k_6  (cost=0.00..5.46 rows=103 width=0)
	        Index Cond: ((k >= 1950720) AND (k <= 1950820))

table 7 : explain SELECT k, c FROM sbtest7 WHERE k BETWEEN 1950720 AND 1950820
	Bitmap Heap Scan on sbtest7  (cost=5.38..370.19 rows=92 width=125)
	  Recheck Cond: ((k >= 1950720) AND (k <= 1950820))
	  ->  Bitmap Index Scan on k_7  (cost=0.00..5.35 rows=92 width=0)
	        Index Cond: ((k >= 1950720) AND (k <= 1950820))

table 8 : explain SELECT k, c FROM sbtest8 WHERE k BETWEEN 1950720 AND 1950820
	Bitmap Heap Scan on sbtest8  (cost=5.44..393.88 rows=98 width=125)
	  Recheck Cond: ((k >= 1950720) AND (k <= 1950820))
	  ->  Bitmap Index Scan on k_8  (cost=0.00..5.42 rows=98 width=0)
	        Index Cond: ((k >= 1950720) AND (k <= 1950820))

for range-notcovered
table 1 : explain SELECT k, c FROM sbtest1 WHERE k BETWEEN 6577215 AND 6577315
	Bitmap Heap Scan on sbtest1  (cost=5.40..377.88 rows=94 width=125)
	  Recheck Cond: ((k >= 6577215) AND (k <= 6577315))
	  ->  Bitmap Index Scan on k_1  (cost=0.00..5.38 rows=94 width=0)
	        Index Cond: ((k >= 6577215) AND (k <= 6577315))

table 2 : explain SELECT k, c FROM sbtest2 WHERE k BETWEEN 6577215 AND 6577315
	Bitmap Heap Scan on sbtest2  (cost=5.45..397.74 rows=99 width=125)
	  Recheck Cond: ((k >= 6577215) AND (k <= 6577315))
	  ->  Bitmap Index Scan on k_2  (cost=0.00..5.42 rows=99 width=0)
	        Index Cond: ((k >= 6577215) AND (k <= 6577315))

table 3 : explain SELECT k, c FROM sbtest3 WHERE k BETWEEN 6577215 AND 6577315
	Bitmap Heap Scan on sbtest3  (cost=5.49..413.49 rows=103 width=125)
	  Recheck Cond: ((k >= 6577215) AND (k <= 6577315))
	  ->  Bitmap Index Scan on k_3  (cost=0.00..5.46 rows=103 width=0)
	        Index Cond: ((k >= 6577215) AND (k <= 6577315))

table 4 : explain SELECT k, c FROM sbtest4 WHERE k BETWEEN 6577215 AND 6577315
	Bitmap Heap Scan on sbtest4  (cost=5.44..393.87 rows=98 width=125)
	  Recheck Cond: ((k >= 6577215) AND (k <= 6577315))
	  ->  Bitmap Index Scan on k_4  (cost=0.00..5.42 rows=98 width=0)
	        Index Cond: ((k >= 6577215) AND (k <= 6577315))

table 5 : explain SELECT k, c FROM sbtest5 WHERE k BETWEEN 6577215 AND 6577315
	Bitmap Heap Scan on sbtest5  (cost=5.52..425.44 rows=106 width=125)
	  Recheck Cond: ((k >= 6577215) AND (k <= 6577315))
	  ->  Bitmap Index Scan on k_5  (cost=0.00..5.50 rows=106 width=0)
	        Index Cond: ((k >= 6577215) AND (k <= 6577315))

table 6 : explain SELECT k, c FROM sbtest6 WHERE k BETWEEN 6577215 AND 6577315
	Bitmap Heap Scan on sbtest6  (cost=5.44..393.88 rows=98 width=125)
	  Recheck Cond: ((k >= 6577215) AND (k <= 6577315))
	  ->  Bitmap Index Scan on k_6  (cost=0.00..5.42 rows=98 width=0)
	        Index Cond: ((k >= 6577215) AND (k <= 6577315))

table 7 : explain SELECT k, c FROM sbtest7 WHERE k BETWEEN 6577215 AND 6577315
	Bitmap Heap Scan on sbtest7  (cost=5.50..417.57 rows=104 width=125)
	  Recheck Cond: ((k >= 6577215) AND (k <= 6577315))
	  ->  Bitmap Index Scan on k_7  (cost=0.00..5.47 rows=104 width=0)
	        Index Cond: ((k >= 6577215) AND (k <= 6577315))

table 8 : explain SELECT k, c FROM sbtest8 WHERE k BETWEEN 6577215 AND 6577315
	Bitmap Heap Scan on sbtest8  (cost=5.43..389.94 rows=97 width=125)
	  Recheck Cond: ((k >= 6577215) AND (k <= 6577315))
	  ->  Bitmap Index Scan on k_8  (cost=0.00..5.40 rows=97 width=0)
	        Index Cond: ((k >= 6577215) AND (k <= 6577315))

for range-notcovered
table 1 : explain SELECT k, c FROM sbtest1 WHERE k BETWEEN 6378839 AND 6378939
	Bitmap Heap Scan on sbtest1  (cost=5.47..405.50 rows=101 width=125)
	  Recheck Cond: ((k >= 6378839) AND (k <= 6378939))
	  ->  Bitmap Index Scan on k_1  (cost=0.00..5.44 rows=101 width=0)
	        Index Cond: ((k >= 6378839) AND (k <= 6378939))

table 2 : explain SELECT k, c FROM sbtest2 WHERE k BETWEEN 6378839 AND 6378939
	Bitmap Heap Scan on sbtest2  (cost=5.60..456.89 rows=114 width=125)
	  Recheck Cond: ((k >= 6378839) AND (k <= 6378939))
	  ->  Bitmap Index Scan on k_2  (cost=0.00..5.58 rows=114 width=0)
	        Index Cond: ((k >= 6378839) AND (k <= 6378939))

table 3 : explain SELECT k, c FROM sbtest3 WHERE k BETWEEN 6378839 AND 6378939
	Bitmap Heap Scan on sbtest3  (cost=5.48..409.55 rows=102 width=125)
	  Recheck Cond: ((k >= 6378839) AND (k <= 6378939))
	  ->  Bitmap Index Scan on k_3  (cost=0.00..5.45 rows=102 width=0)
	        Index Cond: ((k >= 6378839) AND (k <= 6378939))

table 4 : explain SELECT k, c FROM sbtest4 WHERE k BETWEEN 6378839 AND 6378939
	Bitmap Heap Scan on sbtest4  (cost=5.44..393.87 rows=98 width=125)
	  Recheck Cond: ((k >= 6378839) AND (k <= 6378939))
	  ->  Bitmap Index Scan on k_4  (cost=0.00..5.42 rows=98 width=0)
	        Index Cond: ((k >= 6378839) AND (k <= 6378939))

table 5 : explain SELECT k, c FROM sbtest5 WHERE k BETWEEN 6378839 AND 6378939
	Bitmap Heap Scan on sbtest5  (cost=5.39..374.12 rows=93 width=125)
	  Recheck Cond: ((k >= 6378839) AND (k <= 6378939))
	  ->  Bitmap Index Scan on k_5  (cost=0.00..5.36 rows=93 width=0)
	        Index Cond: ((k >= 6378839) AND (k <= 6378939))

table 6 : explain SELECT k, c FROM sbtest6 WHERE k BETWEEN 6378839 AND 6378939
	Bitmap Heap Scan on sbtest6  (cost=5.36..362.28 rows=90 width=125)
	  Recheck Cond: ((k >= 6378839) AND (k <= 6378939))
	  ->  Bitmap Index Scan on k_6  (cost=0.00..5.33 rows=90 width=0)
	        Index Cond: ((k >= 6378839) AND (k <= 6378939))

table 7 : explain SELECT k, c FROM sbtest7 WHERE k BETWEEN 6378839 AND 6378939
	Bitmap Heap Scan on sbtest7  (cost=5.58..449.13 rows=112 width=125)
	  Recheck Cond: ((k >= 6378839) AND (k <= 6378939))
	  ->  Bitmap Index Scan on k_7  (cost=0.00..5.55 rows=112 width=0)
	        Index Cond: ((k >= 6378839) AND (k <= 6378939))

table 8 : explain SELECT k, c FROM sbtest8 WHERE k BETWEEN 6378839 AND 6378939
	Bitmap Heap Scan on sbtest8  (cost=5.48..409.67 rows=102 width=125)
	  Recheck Cond: ((k >= 6378839) AND (k <= 6378939))
	  ->  Bitmap Index Scan on k_8  (cost=0.00..5.45 rows=102 width=0)
	        Index Cond: ((k >= 6378839) AND (k <= 6378939))

explain: for range-notcovered :: explain SELECT k, c FROM sbtest%d WHERE k BETWEEN 6378839 AND 6378939
explain: for range-notcovered :: explain SELECT k, c FROM sbtest%d WHERE k BETWEEN 6577215 AND 6577315
for range-notcovered
table 1 : explain SELECT k, c FROM sbtest1 WHERE k BETWEEN 3865322 AND 3865422
	Bitmap Heap Scan on sbtest1  (cost=5.41..381.83 rows=95 width=125)
	  Recheck Cond: ((k >= 3865322) AND (k <= 3865422))
	  ->  Bitmap Index Scan on k_1  (cost=0.00..5.38 rows=95 width=0)
	        Index Cond: ((k >= 3865322) AND (k <= 3865422))

table 2 : explain SELECT k, c FROM sbtest2 WHERE k BETWEEN 3865322 AND 3865422
	Bitmap Heap Scan on sbtest2  (cost=5.48..409.58 rows=102 width=125)
	  Recheck Cond: ((k >= 3865322) AND (k <= 3865422))
	  ->  Bitmap Index Scan on k_2  (cost=0.00..5.45 rows=102 width=0)
	        Index Cond: ((k >= 3865322) AND (k <= 3865422))

table 3 : explain SELECT k, c FROM sbtest3 WHERE k BETWEEN 3865322 AND 3865422
	Bitmap Heap Scan on sbtest3  (cost=5.58..448.98 rows=112 width=125)
	  Recheck Cond: ((k >= 3865322) AND (k <= 3865422))
	  ->  Bitmap Index Scan on k_3  (cost=0.00..5.55 rows=112 width=0)
	        Index Cond: ((k >= 3865322) AND (k <= 3865422))

table 4 : explain SELECT k, c FROM sbtest4 WHERE k BETWEEN 3865322 AND 3865422
	Bitmap Heap Scan on sbtest4  (cost=5.53..429.39 rows=107 width=125)
	  Recheck Cond: ((k >= 3865322) AND (k <= 3865422))
	  ->  Bitmap Index Scan on k_4  (cost=0.00..5.50 rows=107 width=0)
	        Index Cond: ((k >= 3865322) AND (k <= 3865422))

table 5 : explain SELECT k, c FROM sbtest5 WHERE k BETWEEN 3865322 AND 3865422
	Bitmap Heap Scan on sbtest5  (cost=5.51..421.49 rows=105 width=125)
	  Recheck Cond: ((k >= 3865322) AND (k <= 3865422))
	  ->  Bitmap Index Scan on k_5  (cost=0.00..5.48 rows=105 width=0)
	        Index Cond: ((k >= 3865322) AND (k <= 3865422))

table 6 : explain SELECT k, c FROM sbtest6 WHERE k BETWEEN 3865322 AND 3865422
	Bitmap Heap Scan on sbtest6  (cost=5.42..385.98 rows=96 width=125)
	  Recheck Cond: ((k >= 3865322) AND (k <= 3865422))
	  ->  Bitmap Index Scan on k_6  (cost=0.00..5.39 rows=96 width=0)
	        Index Cond: ((k >= 3865322) AND (k <= 3865422))

table 7 : explain SELECT k, c FROM sbtest7 WHERE k BETWEEN 3865322 AND 3865422
	Bitmap Heap Scan on sbtest7  (cost=5.37..366.24 rows=91 width=125)
	  Recheck Cond: ((k >= 3865322) AND (k <= 3865422))
	  ->  Bitmap Index Scan on k_7  (cost=0.00..5.34 rows=91 width=0)
	        Index Cond: ((k >= 3865322) AND (k <= 3865422))

table 8 : explain SELECT k, c FROM sbtest8 WHERE k BETWEEN 3865322 AND 3865422
	Bitmap Heap Scan on sbtest8  (cost=5.41..382.04 rows=95 width=125)
	  Recheck Cond: ((k >= 3865322) AND (k <= 3865422))
	  ->  Bitmap Index Scan on k_8  (cost=0.00..5.38 rows=95 width=0)
	        Index Cond: ((k >= 3865322) AND (k <= 3865422))

for range-notcovered
table 1 : explain SELECT k, c FROM sbtest1 WHERE k BETWEEN 3691681 AND 3691781
	Bitmap Heap Scan on sbtest1  (cost=5.56..440.98 rows=110 width=125)
	  Recheck Cond: ((k >= 3691681) AND (k <= 3691781))
	  ->  Bitmap Index Scan on k_1  (cost=0.00..5.53 rows=110 width=0)
	        Index Cond: ((k >= 3691681) AND (k <= 3691781))

table 2 : explain SELECT k, c FROM sbtest2 WHERE k BETWEEN 3691681 AND 3691781
	Bitmap Heap Scan on sbtest2  (cost=5.40..378.00 rows=94 width=125)
	  Recheck Cond: ((k >= 3691681) AND (k <= 3691781))
	  ->  Bitmap Index Scan on k_2  (cost=0.00..5.38 rows=94 width=0)
	        Index Cond: ((k >= 3691681) AND (k <= 3691781))

table 3 : explain SELECT k, c FROM sbtest3 WHERE k BETWEEN 3691681 AND 3691781
	Bitmap Heap Scan on sbtest3  (cost=5.34..354.28 rows=88 width=125)
	  Recheck Cond: ((k >= 3691681) AND (k <= 3691781))
	  ->  Bitmap Index Scan on k_3  (cost=0.00..5.31 rows=88 width=0)
	        Index Cond: ((k >= 3691681) AND (k <= 3691781))

table 4 : explain SELECT k, c FROM sbtest4 WHERE k BETWEEN 3691681 AND 3691781
	Bitmap Heap Scan on sbtest4  (cost=5.59..453.05 rows=113 width=125)
	  Recheck Cond: ((k >= 3691681) AND (k <= 3691781))
	  ->  Bitmap Index Scan on k_4  (cost=0.00..5.56 rows=113 width=0)
	        Index Cond: ((k >= 3691681) AND (k <= 3691781))

table 5 : explain SELECT k, c FROM sbtest5 WHERE k BETWEEN 3691681 AND 3691781
	Bitmap Heap Scan on sbtest5  (cost=5.55..437.27 rows=109 width=125)
	  Recheck Cond: ((k >= 3691681) AND (k <= 3691781))
	  ->  Bitmap Index Scan on k_5  (cost=0.00..5.52 rows=109 width=0)
	        Index Cond: ((k >= 3691681) AND (k <= 3691781))

table 6 : explain SELECT k, c FROM sbtest6 WHERE k BETWEEN 3691681 AND 3691781
	Bitmap Heap Scan on sbtest6  (cost=5.50..417.56 rows=104 width=125)
	  Recheck Cond: ((k >= 3691681) AND (k <= 3691781))
	  ->  Bitmap Index Scan on k_6  (cost=0.00..5.47 rows=104 width=0)
	        Index Cond: ((k >= 3691681) AND (k <= 3691781))

table 7 : explain SELECT k, c FROM sbtest7 WHERE k BETWEEN 3691681 AND 3691781
	Bitmap Heap Scan on sbtest7  (cost=5.42..385.99 rows=96 width=125)
	  Recheck Cond: ((k >= 3691681) AND (k <= 3691781))
	  ->  Bitmap Index Scan on k_7  (cost=0.00..5.39 rows=96 width=0)
	        Index Cond: ((k >= 3691681) AND (k <= 3691781))

table 8 : explain SELECT k, c FROM sbtest8 WHERE k BETWEEN 3691681 AND 3691781
	Bitmap Heap Scan on sbtest8  (cost=5.44..393.88 rows=98 width=125)
	  Recheck Cond: ((k >= 3691681) AND (k <= 3691781))
	  ->  Bitmap Index Scan on k_8  (cost=0.00..5.42 rows=98 width=0)
	        Index Cond: ((k >= 3691681) AND (k <= 3691781))

for range-notcovered
table 1 : explain SELECT k, c FROM sbtest1 WHERE k BETWEEN 1465057 AND 1465157
	Bitmap Heap Scan on sbtest1  (cost=5.46..401.56 rows=100 width=125)
	  Recheck Cond: ((k >= 1465057) AND (k <= 1465157))
	  ->  Bitmap Index Scan on k_1  (cost=0.00..5.43 rows=100 width=0)
	        Index Cond: ((k >= 1465057) AND (k <= 1465157))

table 2 : explain SELECT k, c FROM sbtest2 WHERE k BETWEEN 1465057 AND 1465157
	Bitmap Heap Scan on sbtest2  (cost=5.44..393.79 rows=98 width=125)
	  Recheck Cond: ((k >= 1465057) AND (k <= 1465157))
	  ->  Bitmap Index Scan on k_2  (cost=0.00..5.42 rows=98 width=0)
	        Index Cond: ((k >= 1465057) AND (k <= 1465157))

table 3 : explain SELECT k, c FROM sbtest3 WHERE k BETWEEN 1465057 AND 1465157
	Bitmap Heap Scan on sbtest3  (cost=5.38..370.08 rows=92 width=125)
	  Recheck Cond: ((k >= 1465057) AND (k <= 1465157))
	  ->  Bitmap Index Scan on k_3  (cost=0.00..5.35 rows=92 width=0)
	        Index Cond: ((k >= 1465057) AND (k <= 1465157))

table 4 : explain SELECT k, c FROM sbtest4 WHERE k BETWEEN 1465057 AND 1465157
	Bitmap Heap Scan on sbtest4  (cost=5.44..393.87 rows=98 width=125)
	  Recheck Cond: ((k >= 1465057) AND (k <= 1465157))
	  ->  Bitmap Index Scan on k_4  (cost=0.00..5.42 rows=98 width=0)
	        Index Cond: ((k >= 1465057) AND (k <= 1465157))

table 5 : explain SELECT k, c FROM sbtest5 WHERE k BETWEEN 1465057 AND 1465157
	Bitmap Heap Scan on sbtest5  (cost=5.47..405.71 rows=101 width=125)
	  Recheck Cond: ((k >= 1465057) AND (k <= 1465157))
	  ->  Bitmap Index Scan on k_5  (cost=0.00..5.44 rows=101 width=0)
	        Index Cond: ((k >= 1465057) AND (k <= 1465157))

table 6 : explain SELECT k, c FROM sbtest6 WHERE k BETWEEN 1465057 AND 1465157
	Bitmap Heap Scan on sbtest6  (cost=5.47..405.72 rows=101 width=125)
	  Recheck Cond: ((k >= 1465057) AND (k <= 1465157))
	  ->  Bitmap Index Scan on k_6  (cost=0.00..5.44 rows=101 width=0)
	        Index Cond: ((k >= 1465057) AND (k <= 1465157))

table 7 : explain SELECT k, c FROM sbtest7 WHERE k BETWEEN 1465057 AND 1465157
	Bitmap Heap Scan on sbtest7  (cost=5.56..441.24 rows=110 width=125)
	  Recheck Cond: ((k >= 1465057) AND (k <= 1465157))
	  ->  Bitmap Index Scan on k_7  (cost=0.00..5.53 rows=110 width=0)
	        Index Cond: ((k >= 1465057) AND (k <= 1465157))

table 8 : explain SELECT k, c FROM sbtest8 WHERE k BETWEEN 1465057 AND 1465157
	Bitmap Heap Scan on sbtest8  (cost=5.49..413.62 rows=103 width=125)
	  Recheck Cond: ((k >= 1465057) AND (k <= 1465157))
	  ->  Bitmap Index Scan on k_8  (cost=0.00..5.46 rows=103 width=0)
	        Index Cond: ((k >= 1465057) AND (k <= 1465157))

explain: for range-notcovered :: explain SELECT k, c FROM sbtest%d WHERE k BETWEEN 3865322 AND 3865422
explain: for range-notcovered :: explain SELECT k, c FROM sbtest%d WHERE k BETWEEN 2010062 AND 2010162
explain: for range-notcovered :: explain SELECT k, c FROM sbtest%d WHERE k BETWEEN 3691681 AND 3691781
for range-notcovered
table 1 : explain SELECT k, c FROM sbtest1 WHERE k BETWEEN 9134951 AND 9135051
	Bitmap Heap Scan on sbtest1  (cost=5.45..397.61 rows=99 width=125)
	  Recheck Cond: ((k >= 9134951) AND (k <= 9135051))
	  ->  Bitmap Index Scan on k_1  (cost=0.00..5.42 rows=99 width=0)
	        Index Cond: ((k >= 9134951) AND (k <= 9135051))

table 2 : explain SELECT k, c FROM sbtest2 WHERE k BETWEEN 9134951 AND 9135051
	Bitmap Heap Scan on sbtest2  (cost=5.52..425.36 rows=106 width=125)
	  Recheck Cond: ((k >= 9134951) AND (k <= 9135051))
	  ->  Bitmap Index Scan on k_2  (cost=0.00..5.50 rows=106 width=0)
	        Index Cond: ((k >= 9134951) AND (k <= 9135051))

table 3 : explain SELECT k, c FROM sbtest3 WHERE k BETWEEN 9134951 AND 9135051
	Bitmap Heap Scan on sbtest3  (cost=5.42..385.87 rows=96 width=125)
	  Recheck Cond: ((k >= 9134951) AND (k <= 9135051))
	  ->  Bitmap Index Scan on k_3  (cost=0.00..5.39 rows=96 width=0)
	        Index Cond: ((k >= 9134951) AND (k <= 9135051))

table 4 : explain SELECT k, c FROM sbtest4 WHERE k BETWEEN 9134951 AND 9135051
	Bitmap Heap Scan on sbtest4  (cost=5.47..405.71 rows=101 width=125)
	  Recheck Cond: ((k >= 9134951) AND (k <= 9135051))
	  ->  Bitmap Index Scan on k_4  (cost=0.00..5.44 rows=101 width=0)
	        Index Cond: ((k >= 9134951) AND (k <= 9135051))

table 5 : explain SELECT k, c FROM sbtest5 WHERE k BETWEEN 9134951 AND 9135051
	Bitmap Heap Scan on sbtest5  (cost=5.43..389.92 rows=97 width=125)
	  Recheck Cond: ((k >= 9134951) AND (k <= 9135051))
	  ->  Bitmap Index Scan on k_5  (cost=0.00..5.40 rows=97 width=0)
	        Index Cond: ((k >= 9134951) AND (k <= 9135051))

table 6 : explain SELECT k, c FROM sbtest6 WHERE k BETWEEN 9134951 AND 9135051
	Bitmap Heap Scan on sbtest6  (cost=5.53..429.40 rows=107 width=125)
	  Recheck Cond: ((k >= 9134951) AND (k <= 9135051))
	  ->  Bitmap Index Scan on k_6  (cost=0.00..5.50 rows=107 width=0)
	        Index Cond: ((k >= 9134951) AND (k <= 9135051))

table 7 : explain SELECT k, c FROM sbtest7 WHERE k BETWEEN 9134951 AND 9135051
	Bitmap Heap Scan on sbtest7  (cost=5.47..405.73 rows=101 width=125)
	  Recheck Cond: ((k >= 9134951) AND (k <= 9135051))
	  ->  Bitmap Index Scan on k_7  (cost=0.00..5.44 rows=101 width=0)
	        Index Cond: ((k >= 9134951) AND (k <= 9135051))

table 8 : explain SELECT k, c FROM sbtest8 WHERE k BETWEEN 9134951 AND 9135051
	Bitmap Heap Scan on sbtest8  (cost=5.45..397.83 rows=99 width=125)
	  Recheck Cond: ((k >= 9134951) AND (k <= 9135051))
	  ->  Bitmap Index Scan on k_8  (cost=0.00..5.42 rows=99 width=0)
	        Index Cond: ((k >= 9134951) AND (k <= 9135051))

for range-notcovered
table 1 : explain SELECT k, c FROM sbtest1 WHERE k BETWEEN 3149803 AND 3149903
	Bitmap Heap Scan on sbtest1  (cost=5.37..366.04 rows=91 width=125)
	  Recheck Cond: ((k >= 3149803) AND (k <= 3149903))
	  ->  Bitmap Index Scan on k_1  (cost=0.00..5.34 rows=91 width=0)
	        Index Cond: ((k >= 3149803) AND (k <= 3149903))

table 2 : explain SELECT k, c FROM sbtest2 WHERE k BETWEEN 3149803 AND 3149903
	Bitmap Heap Scan on sbtest2  (cost=5.55..437.19 rows=109 width=125)
	  Recheck Cond: ((k >= 3149803) AND (k <= 3149903))
	  ->  Bitmap Index Scan on k_2  (cost=0.00..5.52 rows=109 width=0)
	        Index Cond: ((k >= 3149803) AND (k <= 3149903))

table 3 : explain SELECT k, c FROM sbtest3 WHERE k BETWEEN 3149803 AND 3149903
	Bitmap Heap Scan on sbtest3  (cost=5.39..374.03 rows=93 width=125)
	  Recheck Cond: ((k >= 3149803) AND (k <= 3149903))
	  ->  Bitmap Index Scan on k_3  (cost=0.00..5.36 rows=93 width=0)
	        Index Cond: ((k >= 3149803) AND (k <= 3149903))

table 4 : explain SELECT k, c FROM sbtest4 WHERE k BETWEEN 3149803 AND 3149903
	Bitmap Heap Scan on sbtest4  (cost=5.48..409.66 rows=102 width=125)
	  Recheck Cond: ((k >= 3149803) AND (k <= 3149903))
	  ->  Bitmap Index Scan on k_4  (cost=0.00..5.45 rows=102 width=0)
	        Index Cond: ((k >= 3149803) AND (k <= 3149903))

table 5 : explain SELECT k, c FROM sbtest5 WHERE k BETWEEN 3149803 AND 3149903
	Bitmap Heap Scan on sbtest5  (cost=5.39..374.12 rows=93 width=125)
	  Recheck Cond: ((k >= 3149803) AND (k <= 3149903))
	  ->  Bitmap Index Scan on k_5  (cost=0.00..5.36 rows=93 width=0)
	        Index Cond: ((k >= 3149803) AND (k <= 3149903))

table 6 : explain SELECT k, c FROM sbtest6 WHERE k BETWEEN 3149803 AND 3149903
	Bitmap Heap Scan on sbtest6  (cost=5.41..382.03 rows=95 width=125)
	  Recheck Cond: ((k >= 3149803) AND (k <= 3149903))
	  ->  Bitmap Index Scan on k_6  (cost=0.00..5.38 rows=95 width=0)
	        Index Cond: ((k >= 3149803) AND (k <= 3149903))

table 7 : explain SELECT k, c FROM sbtest7 WHERE k BETWEEN 3149803 AND 3149903
	Bitmap Heap Scan on sbtest7  (cost=5.44..393.89 rows=98 width=125)
	  Recheck Cond: ((k >= 3149803) AND (k <= 3149903))
	  ->  Bitmap Index Scan on k_7  (cost=0.00..5.42 rows=98 width=0)
	        Index Cond: ((k >= 3149803) AND (k <= 3149903))

table 8 : explain SELECT k, c FROM sbtest8 WHERE k BETWEEN 3149803 AND 3149903
	Bitmap Heap Scan on sbtest8  (cost=5.46..401.78 rows=100 width=125)
	  Recheck Cond: ((k >= 3149803) AND (k <= 3149903))
	  ->  Bitmap Index Scan on k_8  (cost=0.00..5.43 rows=100 width=0)
	        Index Cond: ((k >= 3149803) AND (k <= 3149903))

explain: for range-notcovered :: explain SELECT k, c FROM sbtest%d WHERE k BETWEEN 9134951 AND 9135051
for range-notcovered
table 1 : explain SELECT k, c FROM sbtest1 WHERE k BETWEEN 8895132 AND 8895232
	Bitmap Heap Scan on sbtest1  (cost=5.38..369.99 rows=92 width=125)
	  Recheck Cond: ((k >= 8895132) AND (k <= 8895232))
	  ->  Bitmap Index Scan on k_1  (cost=0.00..5.35 rows=92 width=0)
	        Index Cond: ((k >= 8895132) AND (k <= 8895232))

table 2 : explain SELECT k, c FROM sbtest2 WHERE k BETWEEN 8895132 AND 8895232
	Bitmap Heap Scan on sbtest2  (cost=5.42..385.90 rows=96 width=125)
	  Recheck Cond: ((k >= 8895132) AND (k <= 8895232))
	  ->  Bitmap Index Scan on k_2  (cost=0.00..5.39 rows=96 width=0)
	        Index Cond: ((k >= 8895132) AND (k <= 8895232))

table 3 : explain SELECT k, c FROM sbtest3 WHERE k BETWEEN 8895132 AND 8895232
	Bitmap Heap Scan on sbtest3  (cost=5.43..389.82 rows=97 width=125)
	  Recheck Cond: ((k >= 8895132) AND (k <= 8895232))
	  ->  Bitmap Index Scan on k_3  (cost=0.00..5.40 rows=97 width=0)
	        Index Cond: ((k >= 8895132) AND (k <= 8895232))

table 4 : explain SELECT k, c FROM sbtest4 WHERE k BETWEEN 8895132 AND 8895232
	Bitmap Heap Scan on sbtest4  (cost=5.56..441.22 rows=110 width=125)
	  Recheck Cond: ((k >= 8895132) AND (k <= 8895232))
	  ->  Bitmap Index Scan on k_4  (cost=0.00..5.53 rows=110 width=0)
	        Index Cond: ((k >= 8895132) AND (k <= 8895232))

table 5 : explain SELECT k, c FROM sbtest5 WHERE k BETWEEN 8895132 AND 8895232
	Bitmap Heap Scan on sbtest5  (cost=5.51..421.49 rows=105 width=125)
	  Recheck Cond: ((k >= 8895132) AND (k <= 8895232))
	  ->  Bitmap Index Scan on k_5  (cost=0.00..5.48 rows=105 width=0)
	        Index Cond: ((k >= 8895132) AND (k <= 8895232))

table 6 : explain SELECT k, c FROM sbtest6 WHERE k BETWEEN 8895132 AND 8895232
	Bitmap Heap Scan on sbtest6  (cost=5.49..413.62 rows=103 width=125)
	  Recheck Cond: ((k >= 8895132) AND (k <= 8895232))
	  ->  Bitmap Index Scan on k_6  (cost=0.00..5.46 rows=103 width=0)
	        Index Cond: ((k >= 8895132) AND (k <= 8895232))

table 7 : explain SELECT k, c FROM sbtest7 WHERE k BETWEEN 8895132 AND 8895232
	Bitmap Heap Scan on sbtest7  (cost=5.44..393.89 rows=98 width=125)
	  Recheck Cond: ((k >= 8895132) AND (k <= 8895232))
	  ->  Bitmap Index Scan on k_7  (cost=0.00..5.42 rows=98 width=0)
	        Index Cond: ((k >= 8895132) AND (k <= 8895232))

table 8 : explain SELECT k, c FROM sbtest8 WHERE k BETWEEN 8895132 AND 8895232
	Bitmap Heap Scan on sbtest8  (cost=5.51..421.51 rows=105 width=125)
	  Recheck Cond: ((k >= 8895132) AND (k <= 8895232))
	  ->  Bitmap Index Scan on k_8  (cost=0.00..5.48 rows=105 width=0)
	        Index Cond: ((k >= 8895132) AND (k <= 8895232))

explain: for range-notcovered :: explain SELECT k, c FROM sbtest%d WHERE k BETWEEN 3149803 AND 3149903
explain: for range-notcovered :: explain SELECT k, c FROM sbtest%d WHERE k BETWEEN 8895132 AND 8895232
for range-notcovered
table 1 : explain SELECT k, c FROM sbtest1 WHERE k BETWEEN 6280881 AND 6280981
	Bitmap Heap Scan on sbtest1  (cost=5.59..452.80 rows=113 width=125)
	  Recheck Cond: ((k >= 6280881) AND (k <= 6280981))
	  ->  Bitmap Index Scan on k_1  (cost=0.00..5.56 rows=113 width=0)
	        Index Cond: ((k >= 6280881) AND (k <= 6280981))

table 2 : explain SELECT k, c FROM sbtest2 WHERE k BETWEEN 6280881 AND 6280981
	Bitmap Heap Scan on sbtest2  (cost=5.58..449.01 rows=112 width=125)
	  Recheck Cond: ((k >= 6280881) AND (k <= 6280981))
	  ->  Bitmap Index Scan on k_2  (cost=0.00..5.55 rows=112 width=0)
	        Index Cond: ((k >= 6280881) AND (k <= 6280981))

table 3 : explain SELECT k, c FROM sbtest3 WHERE k BETWEEN 6280881 AND 6280981
	Bitmap Heap Scan on sbtest3  (cost=5.51..421.38 rows=105 width=125)
	  Recheck Cond: ((k >= 6280881) AND (k <= 6280981))
	  ->  Bitmap Index Scan on k_3  (cost=0.00..5.48 rows=105 width=0)
	        Index Cond: ((k >= 6280881) AND (k <= 6280981))

table 4 : explain SELECT k, c FROM sbtest4 WHERE k BETWEEN 6280881 AND 6280981
	Bitmap Heap Scan on sbtest4  (cost=5.45..397.82 rows=99 width=125)
	  Recheck Cond: ((k >= 6280881) AND (k <= 6280981))
	  ->  Bitmap Index Scan on k_4  (cost=0.00..5.42 rows=99 width=0)
	        Index Cond: ((k >= 6280881) AND (k <= 6280981))

table 5 : explain SELECT k, c FROM sbtest5 WHERE k BETWEEN 6280881 AND 6280981
	Bitmap Heap Scan on sbtest5  (cost=5.50..417.55 rows=104 width=125)
	  Recheck Cond: ((k >= 6280881) AND (k <= 6280981))
	  ->  Bitmap Index Scan on k_5  (cost=0.00..5.47 rows=104 width=0)
	        Index Cond: ((k >= 6280881) AND (k <= 6280981))

table 6 : explain SELECT k, c FROM sbtest6 WHERE k BETWEEN 6280881 AND 6280981
	Bitmap Heap Scan on sbtest6  (cost=5.52..425.45 rows=106 width=125)
	  Recheck Cond: ((k >= 6280881) AND (k <= 6280981))
	  ->  Bitmap Index Scan on k_6  (cost=0.00..5.50 rows=106 width=0)
	        Index Cond: ((k >= 6280881) AND (k <= 6280981))

table 7 : explain SELECT k, c FROM sbtest7 WHERE k BETWEEN 6280881 AND 6280981
	Bitmap Heap Scan on sbtest7  (cost=5.45..397.83 rows=99 width=125)
	  Recheck Cond: ((k >= 6280881) AND (k <= 6280981))
	  ->  Bitmap Index Scan on k_7  (cost=0.00..5.42 rows=99 width=0)
	        Index Cond: ((k >= 6280881) AND (k <= 6280981))

table 8 : explain SELECT k, c FROM sbtest8 WHERE k BETWEEN 6280881 AND 6280981
	Bitmap Heap Scan on sbtest8  (cost=5.53..429.40 rows=107 width=125)
	  Recheck Cond: ((k >= 6280881) AND (k <= 6280981))
	  ->  Bitmap Index Scan on k_8  (cost=0.00..5.50 rows=107 width=0)
	        Index Cond: ((k >= 6280881) AND (k <= 6280981))

explain: for range-notcovered :: explain SELECT k, c FROM sbtest%d WHERE k BETWEEN 6280881 AND 6280981
for range-notcovered
table 1 : explain SELECT k, c FROM sbtest1 WHERE k BETWEEN 3387239 AND 3387339
	Bitmap Heap Scan on sbtest1  (cost=5.40..377.88 rows=94 width=125)
	  Recheck Cond: ((k >= 3387239) AND (k <= 3387339))
	  ->  Bitmap Index Scan on k_1  (cost=0.00..5.38 rows=94 width=0)
	        Index Cond: ((k >= 3387239) AND (k <= 3387339))

table 2 : explain SELECT k, c FROM sbtest2 WHERE k BETWEEN 3387239 AND 3387339
	Bitmap Heap Scan on sbtest2  (cost=5.49..413.52 rows=103 width=125)
	  Recheck Cond: ((k >= 3387239) AND (k <= 3387339))
	  ->  Bitmap Index Scan on k_2  (cost=0.00..5.46 rows=103 width=0)
	        Index Cond: ((k >= 3387239) AND (k <= 3387339))

table 3 : explain SELECT k, c FROM sbtest3 WHERE k BETWEEN 3387239 AND 3387339
	Bitmap Heap Scan on sbtest3  (cost=5.50..417.44 rows=104 width=125)
	  Recheck Cond: ((k >= 3387239) AND (k <= 3387339))
	  ->  Bitmap Index Scan on k_3  (cost=0.00..5.47 rows=104 width=0)
	        Index Cond: ((k >= 3387239) AND (k <= 3387339))

table 4 : explain SELECT k, c FROM sbtest4 WHERE k BETWEEN 3387239 AND 3387339
	Bitmap Heap Scan on sbtest4  (cost=5.54..433.33 rows=108 width=125)
	  Recheck Cond: ((k >= 3387239) AND (k <= 3387339))
	  ->  Bitmap Index Scan on k_4  (cost=0.00..5.51 rows=108 width=0)
	        Index Cond: ((k >= 3387239) AND (k <= 3387339))

table 5 : explain SELECT k, c FROM sbtest5 WHERE k BETWEEN 3387239 AND 3387339
	Bitmap Heap Scan on sbtest5  (cost=5.50..417.55 rows=104 width=125)
	  Recheck Cond: ((k >= 3387239) AND (k <= 3387339))
	  ->  Bitmap Index Scan on k_5  (cost=0.00..5.47 rows=104 width=0)
	        Index Cond: ((k >= 3387239) AND (k <= 3387339))

table 6 : explain SELECT k, c FROM sbtest6 WHERE k BETWEEN 3387239 AND 3387339
	Bitmap Heap Scan on sbtest6  (cost=5.47..405.72 rows=101 width=125)
	  Recheck Cond: ((k >= 3387239) AND (k <= 3387339))
	  ->  Bitmap Index Scan on k_6  (cost=0.00..5.44 rows=101 width=0)
	        Index Cond: ((k >= 3387239) AND (k <= 3387339))

table 7 : explain SELECT k, c FROM sbtest7 WHERE k BETWEEN 3387239 AND 3387339
	Bitmap Heap Scan on sbtest7  (cost=5.50..417.57 rows=104 width=125)
	  Recheck Cond: ((k >= 3387239) AND (k <= 3387339))
	  ->  Bitmap Index Scan on k_7  (cost=0.00..5.47 rows=104 width=0)
	        Index Cond: ((k >= 3387239) AND (k <= 3387339))

table 8 : explain SELECT k, c FROM sbtest8 WHERE k BETWEEN 3387239 AND 3387339
	Bitmap Heap Scan on sbtest8  (cost=5.53..429.40 rows=107 width=125)
	  Recheck Cond: ((k >= 3387239) AND (k <= 3387339))
	  ->  Bitmap Index Scan on k_8  (cost=0.00..5.50 rows=107 width=0)
	        Index Cond: ((k >= 3387239) AND (k <= 3387339))
for range-notcovered
table 1 : explain SELECT k, c FROM sbtest1 WHERE k BETWEEN 6378839 AND 6378939
	Bitmap Heap Scan on sbtest1  (cost=5.47..405.50 rows=101 width=125)
	  Recheck Cond: ((k >= 6378839) AND (k <= 6378939))
	  ->  Bitmap Index Scan on k_1  (cost=0.00..5.44 rows=101 width=0)
	        Index Cond: ((k >= 6378839) AND (k <= 6378939))

table 2 : explain SELECT k, c FROM sbtest2 WHERE k BETWEEN 6378839 AND 6378939
	Bitmap Heap Scan on sbtest2  (cost=5.60..456.89 rows=114 width=125)
	  Recheck Cond: ((k >= 6378839) AND (k <= 6378939))
	  ->  Bitmap Index Scan on k_2  (cost=0.00..5.58 rows=114 width=0)
	        Index Cond: ((k >= 6378839) AND (k <= 6378939))

table 3 : explain SELECT k, c FROM sbtest3 WHERE k BETWEEN 6378839 AND 6378939
	Bitmap Heap Scan on sbtest3  (cost=5.48..409.55 rows=102 width=125)
	  Recheck Cond: ((k >= 6378839) AND (k <= 6378939))
	  ->  Bitmap Index Scan on k_3  (cost=0.00..5.45 rows=102 width=0)
	        Index Cond: ((k >= 6378839) AND (k <= 6378939))

table 4 : explain SELECT k, c FROM sbtest4 WHERE k BETWEEN 6378839 AND 6378939
	Bitmap Heap Scan on sbtest4  (cost=5.44..393.87 rows=98 width=125)
	  Recheck Cond: ((k >= 6378839) AND (k <= 6378939))
	  ->  Bitmap Index Scan on k_4  (cost=0.00..5.42 rows=98 width=0)
	        Index Cond: ((k >= 6378839) AND (k <= 6378939))

table 5 : explain SELECT k, c FROM sbtest5 WHERE k BETWEEN 6378839 AND 6378939
	Bitmap Heap Scan on sbtest5  (cost=5.39..374.12 rows=93 width=125)
	  Recheck Cond: ((k >= 6378839) AND (k <= 6378939))
	  ->  Bitmap Index Scan on k_5  (cost=0.00..5.36 rows=93 width=0)
	        Index Cond: ((k >= 6378839) AND (k <= 6378939))

table 6 : explain SELECT k, c FROM sbtest6 WHERE k BETWEEN 6378839 AND 6378939
	Bitmap Heap Scan on sbtest6  (cost=5.36..362.28 rows=90 width=125)
	  Recheck Cond: ((k >= 6378839) AND (k <= 6378939))
	  ->  Bitmap Index Scan on k_6  (cost=0.00..5.33 rows=90 width=0)
	        Index Cond: ((k >= 6378839) AND (k <= 6378939))

table 7 : explain SELECT k, c FROM sbtest7 WHERE k BETWEEN 6378839 AND 6378939
	Bitmap Heap Scan on sbtest7  (cost=5.58..449.13 rows=112 width=125)
	  Recheck Cond: ((k >= 6378839) AND (k <= 6378939))
	  ->  Bitmap Index Scan on k_7  (cost=0.00..5.55 rows=112 width=0)
	        Index Cond: ((k >= 6378839) AND (k <= 6378939))

table 8 : explain SELECT k, c FROM sbtest8 WHERE k BETWEEN 6378839 AND 6378939
	Bitmap Heap Scan on sbtest8  (cost=5.48..409.67 rows=102 width=125)
	  Recheck Cond: ((k >= 6378839) AND (k <= 6378939))
	  ->  Bitmap Index Scan on k_8  (cost=0.00..5.45 rows=102 width=0)
	        Index Cond: ((k >= 6378839) AND (k <= 6378939))


for range-notcovered
table 1 : explain SELECT k, c FROM sbtest1 WHERE k BETWEEN 6577215 AND 6577315
	Bitmap Heap Scan on sbtest1  (cost=5.40..377.88 rows=94 width=125)
	  Recheck Cond: ((k >= 6577215) AND (k <= 6577315))
	  ->  Bitmap Index Scan on k_1  (cost=0.00..5.38 rows=94 width=0)
	        Index Cond: ((k >= 6577215) AND (k <= 6577315))

table 2 : explain SELECT k, c FROM sbtest2 WHERE k BETWEEN 6577215 AND 6577315
	Bitmap Heap Scan on sbtest2  (cost=5.45..397.74 rows=99 width=125)
	  Recheck Cond: ((k >= 6577215) AND (k <= 6577315))
	  ->  Bitmap Index Scan on k_2  (cost=0.00..5.42 rows=99 width=0)
	        Index Cond: ((k >= 6577215) AND (k <= 6577315))

table 3 : explain SELECT k, c FROM sbtest3 WHERE k BETWEEN 6577215 AND 6577315
	Bitmap Heap Scan on sbtest3  (cost=5.49..413.49 rows=103 width=125)
	  Recheck Cond: ((k >= 6577215) AND (k <= 6577315))
	  ->  Bitmap Index Scan on k_3  (cost=0.00..5.46 rows=103 width=0)
	        Index Cond: ((k >= 6577215) AND (k <= 6577315))

table 4 : explain SELECT k, c FROM sbtest4 WHERE k BETWEEN 6577215 AND 6577315
	Bitmap Heap Scan on sbtest4  (cost=5.44..393.87 rows=98 width=125)
	  Recheck Cond: ((k >= 6577215) AND (k <= 6577315))
	  ->  Bitmap Index Scan on k_4  (cost=0.00..5.42 rows=98 width=0)
	        Index Cond: ((k >= 6577215) AND (k <= 6577315))

table 5 : explain SELECT k, c FROM sbtest5 WHERE k BETWEEN 6577215 AND 6577315
	Bitmap Heap Scan on sbtest5  (cost=5.52..425.44 rows=106 width=125)
	  Recheck Cond: ((k >= 6577215) AND (k <= 6577315))
	  ->  Bitmap Index Scan on k_5  (cost=0.00..5.50 rows=106 width=0)
	        Index Cond: ((k >= 6577215) AND (k <= 6577315))

table 6 : explain SELECT k, c FROM sbtest6 WHERE k BETWEEN 6577215 AND 6577315
	Bitmap Heap Scan on sbtest6  (cost=5.44..393.88 rows=98 width=125)
	  Recheck Cond: ((k >= 6577215) AND (k <= 6577315))
	  ->  Bitmap Index Scan on k_6  (cost=0.00..5.42 rows=98 width=0)
	        Index Cond: ((k >= 6577215) AND (k <= 6577315))

table 7 : explain SELECT k, c FROM sbtest7 WHERE k BETWEEN 6577215 AND 6577315
	Bitmap Heap Scan on sbtest7  (cost=5.50..417.57 rows=104 width=125)
	  Recheck Cond: ((k >= 6577215) AND (k <= 6577315))
	  ->  Bitmap Index Scan on k_7  (cost=0.00..5.47 rows=104 width=0)
	        Index Cond: ((k >= 6577215) AND (k <= 6577315))

table 8 : explain SELECT k, c FROM sbtest8 WHERE k BETWEEN 6577215 AND 6577315
	Bitmap Heap Scan on sbtest8  (cost=5.43..389.94 rows=97 width=125)
	  Recheck Cond: ((k >= 6577215) AND (k <= 6577315))
	  ->  Bitmap Index Scan on k_8  (cost=0.00..5.40 rows=97 width=0)
	        Index Cond: ((k >= 6577215) AND (k <= 6577315))

explain: for range-notcovered :: explain SELECT k, c FROM sbtest%d WHERE k BETWEEN 6378839 AND 6378939
explain: for range-notcovered :: explain SELECT k, c FROM sbtest%d WHERE k BETWEEN 3387239 AND 3387339
for range-notcovered
table 1 : explain SELECT k, c FROM sbtest1 WHERE k BETWEEN 3865322 AND 3865422
	Bitmap Heap Scan on sbtest1  (cost=5.41..381.83 rows=95 width=125)
	  Recheck Cond: ((k >= 3865322) AND (k <= 3865422))
	  ->  Bitmap Index Scan on k_1  (cost=0.00..5.38 rows=95 width=0)
	        Index Cond: ((k >= 3865322) AND (k <= 3865422))

table 2 : explain SELECT k, c FROM sbtest2 WHERE k BETWEEN 3865322 AND 3865422
	Bitmap Heap Scan on sbtest2  (cost=5.48..409.58 rows=102 width=125)
	  Recheck Cond: ((k >= 3865322) AND (k <= 3865422))
	  ->  Bitmap Index Scan on k_2  (cost=0.00..5.45 rows=102 width=0)
	        Index Cond: ((k >= 3865322) AND (k <= 3865422))

table 3 : explain SELECT k, c FROM sbtest3 WHERE k BETWEEN 3865322 AND 3865422
	Bitmap Heap Scan on sbtest3  (cost=5.58..448.98 rows=112 width=125)
	  Recheck Cond: ((k >= 3865322) AND (k <= 3865422))
	  ->  Bitmap Index Scan on k_3  (cost=0.00..5.55 rows=112 width=0)
	        Index Cond: ((k >= 3865322) AND (k <= 3865422))

table 4 : explain SELECT k, c FROM sbtest4 WHERE k BETWEEN 3865322 AND 3865422
	Bitmap Heap Scan on sbtest4  (cost=5.53..429.39 rows=107 width=125)
	  Recheck Cond: ((k >= 3865322) AND (k <= 3865422))
	  ->  Bitmap Index Scan on k_4  (cost=0.00..5.50 rows=107 width=0)
	        Index Cond: ((k >= 3865322) AND (k <= 3865422))

table 5 : explain SELECT k, c FROM sbtest5 WHERE k BETWEEN 3865322 AND 3865422
	Bitmap Heap Scan on sbtest5  (cost=5.51..421.49 rows=105 width=125)
	  Recheck Cond: ((k >= 3865322) AND (k <= 3865422))
	  ->  Bitmap Index Scan on k_5  (cost=0.00..5.48 rows=105 width=0)
	        Index Cond: ((k >= 3865322) AND (k <= 3865422))

table 6 : explain SELECT k, c FROM sbtest6 WHERE k BETWEEN 3865322 AND 3865422
	Bitmap Heap Scan on sbtest6  (cost=5.42..385.98 rows=96 width=125)
	  Recheck Cond: ((k >= 3865322) AND (k <= 3865422))
	  ->  Bitmap Index Scan on k_6  (cost=0.00..5.39 rows=96 width=0)
	        Index Cond: ((k >= 3865322) AND (k <= 3865422))

table 7 : explain SELECT k, c FROM sbtest7 WHERE k BETWEEN 3865322 AND 3865422
	Bitmap Heap Scan on sbtest7  (cost=5.37..366.24 rows=91 width=125)
	  Recheck Cond: ((k >= 3865322) AND (k <= 3865422))
	  ->  Bitmap Index Scan on k_7  (cost=0.00..5.34 rows=91 width=0)
	        Index Cond: ((k >= 3865322) AND (k <= 3865422))

table 8 : explain SELECT k, c FROM sbtest8 WHERE k BETWEEN 3865322 AND 3865422
	Bitmap Heap Scan on sbtest8  (cost=5.41..382.04 rows=95 width=125)
	  Recheck Cond: ((k >= 3865322) AND (k <= 3865422))
	  ->  Bitmap Index Scan on k_8  (cost=0.00..5.38 rows=95 width=0)
	        Index Cond: ((k >= 3865322) AND (k <= 3865422))

for range-notcovered
table 1 : explain SELECT k, c FROM sbtest1 WHERE k BETWEEN 3691681 AND 3691781
	Bitmap Heap Scan on sbtest1  (cost=5.56..440.98 rows=110 width=125)
	  Recheck Cond: ((k >= 3691681) AND (k <= 3691781))
	  ->  Bitmap Index Scan on k_1  (cost=0.00..5.53 rows=110 width=0)
	        Index Cond: ((k >= 3691681) AND (k <= 3691781))

table 2 : explain SELECT k, c FROM sbtest2 WHERE k BETWEEN 3691681 AND 3691781
	Bitmap Heap Scan on sbtest2  (cost=5.40..378.00 rows=94 width=125)
	  Recheck Cond: ((k >= 3691681) AND (k <= 3691781))
	  ->  Bitmap Index Scan on k_2  (cost=0.00..5.38 rows=94 width=0)
	        Index Cond: ((k >= 3691681) AND (k <= 3691781))

table 3 : explain SELECT k, c FROM sbtest3 WHERE k BETWEEN 3691681 AND 3691781
	Bitmap Heap Scan on sbtest3  (cost=5.34..354.28 rows=88 width=125)
	  Recheck Cond: ((k >= 3691681) AND (k <= 3691781))
	  ->  Bitmap Index Scan on k_3  (cost=0.00..5.31 rows=88 width=0)
	        Index Cond: ((k >= 3691681) AND (k <= 3691781))

table 4 : explain SELECT k, c FROM sbtest4 WHERE k BETWEEN 3691681 AND 3691781
	Bitmap Heap Scan on sbtest4  (cost=5.59..453.05 rows=113 width=125)
	  Recheck Cond: ((k >= 3691681) AND (k <= 3691781))
	  ->  Bitmap Index Scan on k_4  (cost=0.00..5.56 rows=113 width=0)
	        Index Cond: ((k >= 3691681) AND (k <= 3691781))

table 5 : explain SELECT k, c FROM sbtest5 WHERE k BETWEEN 3691681 AND 3691781
	Bitmap Heap Scan on sbtest5  (cost=5.55..437.27 rows=109 width=125)
	  Recheck Cond: ((k >= 3691681) AND (k <= 3691781))
	  ->  Bitmap Index Scan on k_5  (cost=0.00..5.52 rows=109 width=0)
	        Index Cond: ((k >= 3691681) AND (k <= 3691781))

table 6 : explain SELECT k, c FROM sbtest6 WHERE k BETWEEN 3691681 AND 3691781
	Bitmap Heap Scan on sbtest6  (cost=5.50..417.56 rows=104 width=125)
	  Recheck Cond: ((k >= 3691681) AND (k <= 3691781))
	  ->  Bitmap Index Scan on k_6  (cost=0.00..5.47 rows=104 width=0)
	        Index Cond: ((k >= 3691681) AND (k <= 3691781))

table 7 : explain SELECT k, c FROM sbtest7 WHERE k BETWEEN 3691681 AND 3691781
	Bitmap Heap Scan on sbtest7  (cost=5.42..385.99 rows=96 width=125)
	  Recheck Cond: ((k >= 3691681) AND (k <= 3691781))
	  ->  Bitmap Index Scan on k_7  (cost=0.00..5.39 rows=96 width=0)
	        Index Cond: ((k >= 3691681) AND (k <= 3691781))

table 8 : explain SELECT k, c FROM sbtest8 WHERE k BETWEEN 3691681 AND 3691781
	Bitmap Heap Scan on sbtest8  (cost=5.44..393.88 rows=98 width=125)
	  Recheck Cond: ((k >= 3691681) AND (k <= 3691781))
	  ->  Bitmap Index Scan on k_8  (cost=0.00..5.42 rows=98 width=0)
	        Index Cond: ((k >= 3691681) AND (k <= 3691781))

explain: for range-notcovered :: explain SELECT k, c FROM sbtest%d WHERE k BETWEEN 3865322 AND 3865422
explain: for range-notcovered :: explain SELECT k, c FROM sbtest%d WHERE k BETWEEN 3691681 AND 3691781
for range-notcovered
table 1 : explain SELECT k, c FROM sbtest1 WHERE k BETWEEN 7061135 AND 7061235
	Bitmap Heap Scan on sbtest1  (cost=5.46..401.56 rows=100 width=125)
	  Recheck Cond: ((k >= 7061135) AND (k <= 7061235))
	  ->  Bitmap Index Scan on k_1  (cost=0.00..5.43 rows=100 width=0)
	        Index Cond: ((k >= 7061135) AND (k <= 7061235))

table 2 : explain SELECT k, c FROM sbtest2 WHERE k BETWEEN 7061135 AND 7061235
	Bitmap Heap Scan on sbtest2  (cost=5.59..452.95 rows=113 width=125)
	  Recheck Cond: ((k >= 7061135) AND (k <= 7061235))
	  ->  Bitmap Index Scan on k_2  (cost=0.00..5.56 rows=113 width=0)
	        Index Cond: ((k >= 7061135) AND (k <= 7061235))

table 3 : explain SELECT k, c FROM sbtest3 WHERE k BETWEEN 7061135 AND 7061235
	Bitmap Heap Scan on sbtest3  (cost=5.51..421.38 rows=105 width=125)
	  Recheck Cond: ((k >= 7061135) AND (k <= 7061235))
	  ->  Bitmap Index Scan on k_3  (cost=0.00..5.48 rows=105 width=0)
	        Index Cond: ((k >= 7061135) AND (k <= 7061235))

table 4 : explain SELECT k, c FROM sbtest4 WHERE k BETWEEN 7061135 AND 7061235
	Bitmap Heap Scan on sbtest4  (cost=5.39..374.13 rows=93 width=125)
	  Recheck Cond: ((k >= 7061135) AND (k <= 7061235))
	  ->  Bitmap Index Scan on k_4  (cost=0.00..5.36 rows=93 width=0)
	        Index Cond: ((k >= 7061135) AND (k <= 7061235))

table 5 : explain SELECT k, c FROM sbtest5 WHERE k BETWEEN 7061135 AND 7061235
	Bitmap Heap Scan on sbtest5  (cost=5.48..409.66 rows=102 width=125)
	  Recheck Cond: ((k >= 7061135) AND (k <= 7061235))
	  ->  Bitmap Index Scan on k_5  (cost=0.00..5.45 rows=102 width=0)
	        Index Cond: ((k >= 7061135) AND (k <= 7061235))

table 6 : explain SELECT k, c FROM sbtest6 WHERE k BETWEEN 7061135 AND 7061235
	Bitmap Heap Scan on sbtest6  (cost=5.39..374.13 rows=93 width=125)
	  Recheck Cond: ((k >= 7061135) AND (k <= 7061235))
	  ->  Bitmap Index Scan on k_6  (cost=0.00..5.36 rows=93 width=0)
	        Index Cond: ((k >= 7061135) AND (k <= 7061235))

table 7 : explain SELECT k, c FROM sbtest7 WHERE k BETWEEN 7061135 AND 7061235
	Bitmap Heap Scan on sbtest7  (cost=5.47..405.73 rows=101 width=125)
	  Recheck Cond: ((k >= 7061135) AND (k <= 7061235))
	  ->  Bitmap Index Scan on k_7  (cost=0.00..5.44 rows=101 width=0)
	        Index Cond: ((k >= 7061135) AND (k <= 7061235))

table 8 : explain SELECT k, c FROM sbtest8 WHERE k BETWEEN 7061135 AND 7061235
	Bitmap Heap Scan on sbtest8  (cost=5.43..389.94 rows=97 width=125)
	  Recheck Cond: ((k >= 7061135) AND (k <= 7061235))
	  ->  Bitmap Index Scan on k_8  (cost=0.00..5.40 rows=97 width=0)
	        Index Cond: ((k >= 7061135) AND (k <= 7061235))

for range-notcovered
table 1 : explain SELECT k, c FROM sbtest1 WHERE k BETWEEN 9134951 AND 9135051
	Bitmap Heap Scan on sbtest1  (cost=5.45..397.61 rows=99 width=125)
	  Recheck Cond: ((k >= 9134951) AND (k <= 9135051))
	  ->  Bitmap Index Scan on k_1  (cost=0.00..5.42 rows=99 width=0)
	        Index Cond: ((k >= 9134951) AND (k <= 9135051))

table 2 : explain SELECT k, c FROM sbtest2 WHERE k BETWEEN 9134951 AND 9135051
	Bitmap Heap Scan on sbtest2  (cost=5.52..425.36 rows=106 width=125)
	  Recheck Cond: ((k >= 9134951) AND (k <= 9135051))
	  ->  Bitmap Index Scan on k_2  (cost=0.00..5.50 rows=106 width=0)
	        Index Cond: ((k >= 9134951) AND (k <= 9135051))

table 3 : explain SELECT k, c FROM sbtest3 WHERE k BETWEEN 9134951 AND 9135051
	Bitmap Heap Scan on sbtest3  (cost=5.42..385.87 rows=96 width=125)
	  Recheck Cond: ((k >= 9134951) AND (k <= 9135051))
	  ->  Bitmap Index Scan on k_3  (cost=0.00..5.39 rows=96 width=0)
	        Index Cond: ((k >= 9134951) AND (k <= 9135051))

table 4 : explain SELECT k, c FROM sbtest4 WHERE k BETWEEN 9134951 AND 9135051
	Bitmap Heap Scan on sbtest4  (cost=5.47..405.71 rows=101 width=125)
	  Recheck Cond: ((k >= 9134951) AND (k <= 9135051))
	  ->  Bitmap Index Scan on k_4  (cost=0.00..5.44 rows=101 width=0)
	        Index Cond: ((k >= 9134951) AND (k <= 9135051))

table 5 : explain SELECT k, c FROM sbtest5 WHERE k BETWEEN 9134951 AND 9135051
	Bitmap Heap Scan on sbtest5  (cost=5.43..389.92 rows=97 width=125)
	  Recheck Cond: ((k >= 9134951) AND (k <= 9135051))
	  ->  Bitmap Index Scan on k_5  (cost=0.00..5.40 rows=97 width=0)
	        Index Cond: ((k >= 9134951) AND (k <= 9135051))

table 6 : explain SELECT k, c FROM sbtest6 WHERE k BETWEEN 9134951 AND 9135051
	Bitmap Heap Scan on sbtest6  (cost=5.53..429.40 rows=107 width=125)
	  Recheck Cond: ((k >= 9134951) AND (k <= 9135051))
	  ->  Bitmap Index Scan on k_6  (cost=0.00..5.50 rows=107 width=0)
	        Index Cond: ((k >= 9134951) AND (k <= 9135051))

table 7 : explain SELECT k, c FROM sbtest7 WHERE k BETWEEN 9134951 AND 9135051
	Bitmap Heap Scan on sbtest7  (cost=5.47..405.73 rows=101 width=125)
	  Recheck Cond: ((k >= 9134951) AND (k <= 9135051))
	  ->  Bitmap Index Scan on k_7  (cost=0.00..5.44 rows=101 width=0)
	        Index Cond: ((k >= 9134951) AND (k <= 9135051))

table 8 : explain SELECT k, c FROM sbtest8 WHERE k BETWEEN 9134951 AND 9135051
	Bitmap Heap Scan on sbtest8  (cost=5.45..397.83 rows=99 width=125)
	  Recheck Cond: ((k >= 9134951) AND (k <= 9135051))
	  ->  Bitmap Index Scan on k_8  (cost=0.00..5.42 rows=99 width=0)
	        Index Cond: ((k >= 9134951) AND (k <= 9135051))

explain: for range-notcovered :: explain SELECT k, c FROM sbtest%d WHERE k BETWEEN 7061135 AND 7061235
for range-notcovered
table 1 : explain SELECT k, c FROM sbtest1 WHERE k BETWEEN 4811934 AND 4812034
	Bitmap Heap Scan on sbtest1  (cost=5.47..405.50 rows=101 width=125)
	  Recheck Cond: ((k >= 4811934) AND (k <= 4812034))
	  ->  Bitmap Index Scan on k_1  (cost=0.00..5.44 rows=101 width=0)
	        Index Cond: ((k >= 4811934) AND (k <= 4812034))

table 2 : explain SELECT k, c FROM sbtest2 WHERE k BETWEEN 4811934 AND 4812034
	Bitmap Heap Scan on sbtest2  (cost=5.47..405.63 rows=101 width=125)
	  Recheck Cond: ((k >= 4811934) AND (k <= 4812034))
	  ->  Bitmap Index Scan on k_2  (cost=0.00..5.44 rows=101 width=0)
	        Index Cond: ((k >= 4811934) AND (k <= 4812034))

table 3 : explain SELECT k, c FROM sbtest3 WHERE k BETWEEN 4811934 AND 4812034
	Bitmap Heap Scan on sbtest3  (cost=5.46..401.66 rows=100 width=125)
	  Recheck Cond: ((k >= 4811934) AND (k <= 4812034))
	  ->  Bitmap Index Scan on k_3  (cost=0.00..5.43 rows=100 width=0)
	        Index Cond: ((k >= 4811934) AND (k <= 4812034))

table 4 : explain SELECT k, c FROM sbtest4 WHERE k BETWEEN 4811934 AND 4812034
	Bitmap Heap Scan on sbtest4  (cost=5.56..441.22 rows=110 width=125)
	  Recheck Cond: ((k >= 4811934) AND (k <= 4812034))
	  ->  Bitmap Index Scan on k_4  (cost=0.00..5.53 rows=110 width=0)
	        Index Cond: ((k >= 4811934) AND (k <= 4812034))

table 5 : explain SELECT k, c FROM sbtest5 WHERE k BETWEEN 4811934 AND 4812034
	Bitmap Heap Scan on sbtest5  (cost=5.48..409.66 rows=102 width=125)
	  Recheck Cond: ((k >= 4811934) AND (k <= 4812034))
	  ->  Bitmap Index Scan on k_5  (cost=0.00..5.45 rows=102 width=0)
	        Index Cond: ((k >= 4811934) AND (k <= 4812034))

table 6 : explain SELECT k, c FROM sbtest6 WHERE k BETWEEN 4811934 AND 4812034
	Bitmap Heap Scan on sbtest6  (cost=5.39..374.13 rows=93 width=125)
	  Recheck Cond: ((k >= 4811934) AND (k <= 4812034))
	  ->  Bitmap Index Scan on k_6  (cost=0.00..5.36 rows=93 width=0)
	        Index Cond: ((k >= 4811934) AND (k <= 4812034))

table 7 : explain SELECT k, c FROM sbtest7 WHERE k BETWEEN 4811934 AND 4812034
	Bitmap Heap Scan on sbtest7  (cost=5.53..429.41 rows=107 width=125)
	  Recheck Cond: ((k >= 4811934) AND (k <= 4812034))
	  ->  Bitmap Index Scan on k_7  (cost=0.00..5.50 rows=107 width=0)
	        Index Cond: ((k >= 4811934) AND (k <= 4812034))

table 8 : explain SELECT k, c FROM sbtest8 WHERE k BETWEEN 4811934 AND 4812034
	Bitmap Heap Scan on sbtest8  (cost=5.35..358.33 rows=89 width=125)
	  Recheck Cond: ((k >= 4811934) AND (k <= 4812034))
	  ->  Bitmap Index Scan on k_8  (cost=0.00..5.32 rows=89 width=0)
	        Index Cond: ((k >= 4811934) AND (k <= 4812034))

for range-notcovered
table 1 : explain SELECT k, c FROM sbtest1 WHERE k BETWEEN 6280881 AND 6280981
	Bitmap Heap Scan on sbtest1  (cost=5.59..452.80 rows=113 width=125)
	  Recheck Cond: ((k >= 6280881) AND (k <= 6280981))
	  ->  Bitmap Index Scan on k_1  (cost=0.00..5.56 rows=113 width=0)
	        Index Cond: ((k >= 6280881) AND (k <= 6280981))

table 2 : explain SELECT k, c FROM sbtest2 WHERE k BETWEEN 6280881 AND 6280981
	Bitmap Heap Scan on sbtest2  (cost=5.58..449.01 rows=112 width=125)
	  Recheck Cond: ((k >= 6280881) AND (k <= 6280981))
	  ->  Bitmap Index Scan on k_2  (cost=0.00..5.55 rows=112 width=0)
	        Index Cond: ((k >= 6280881) AND (k <= 6280981))

table 3 : explain SELECT k, c FROM sbtest3 WHERE k BETWEEN 6280881 AND 6280981
	Bitmap Heap Scan on sbtest3  (cost=5.51..421.38 rows=105 width=125)
	  Recheck Cond: ((k >= 6280881) AND (k <= 6280981))
	  ->  Bitmap Index Scan on k_3  (cost=0.00..5.48 rows=105 width=0)
	        Index Cond: ((k >= 6280881) AND (k <= 6280981))

table 4 : explain SELECT k, c FROM sbtest4 WHERE k BETWEEN 6280881 AND 6280981
	Bitmap Heap Scan on sbtest4  (cost=5.45..397.82 rows=99 width=125)
	  Recheck Cond: ((k >= 6280881) AND (k <= 6280981))
	  ->  Bitmap Index Scan on k_4  (cost=0.00..5.42 rows=99 width=0)
	        Index Cond: ((k >= 6280881) AND (k <= 6280981))

table 5 : explain SELECT k, c FROM sbtest5 WHERE k BETWEEN 6280881 AND 6280981
	Bitmap Heap Scan on sbtest5  (cost=5.50..417.55 rows=104 width=125)
	  Recheck Cond: ((k >= 6280881) AND (k <= 6280981))
	  ->  Bitmap Index Scan on k_5  (cost=0.00..5.47 rows=104 width=0)
	        Index Cond: ((k >= 6280881) AND (k <= 6280981))

table 6 : explain SELECT k, c FROM sbtest6 WHERE k BETWEEN 6280881 AND 6280981
	Bitmap Heap Scan on sbtest6  (cost=5.52..425.45 rows=106 width=125)
	  Recheck Cond: ((k >= 6280881) AND (k <= 6280981))
	  ->  Bitmap Index Scan on k_6  (cost=0.00..5.50 rows=106 width=0)
	        Index Cond: ((k >= 6280881) AND (k <= 6280981))

table 7 : explain SELECT k, c FROM sbtest7 WHERE k BETWEEN 6280881 AND 6280981
	Bitmap Heap Scan on sbtest7  (cost=5.45..397.83 rows=99 width=125)
	  Recheck Cond: ((k >= 6280881) AND (k <= 6280981))
	  ->  Bitmap Index Scan on k_7  (cost=0.00..5.42 rows=99 width=0)
	        Index Cond: ((k >= 6280881) AND (k <= 6280981))

table 8 : explain SELECT k, c FROM sbtest8 WHERE k BETWEEN 6280881 AND 6280981
	Bitmap Heap Scan on sbtest8  (cost=5.53..429.40 rows=107 width=125)
	  Recheck Cond: ((k >= 6280881) AND (k <= 6280981))
	  ->  Bitmap Index Scan on k_8  (cost=0.00..5.50 rows=107 width=0)
	        Index Cond: ((k >= 6280881) AND (k <= 6280981))

explain: for range-notcovered :: explain SELECT k, c FROM sbtest%d WHERE k BETWEEN 9134951 AND 9135051
for range-notcovered
table 1 : explain SELECT k, c FROM sbtest1 WHERE k BETWEEN 3149803 AND 3149903
	Bitmap Heap Scan on sbtest1  (cost=5.37..366.04 rows=91 width=125)
	  Recheck Cond: ((k >= 3149803) AND (k <= 3149903))
	  ->  Bitmap Index Scan on k_1  (cost=0.00..5.34 rows=91 width=0)
	        Index Cond: ((k >= 3149803) AND (k <= 3149903))

table 2 : explain SELECT k, c FROM sbtest2 WHERE k BETWEEN 3149803 AND 3149903
	Bitmap Heap Scan on sbtest2  (cost=5.55..437.19 rows=109 width=125)
	  Recheck Cond: ((k >= 3149803) AND (k <= 3149903))
	  ->  Bitmap Index Scan on k_2  (cost=0.00..5.52 rows=109 width=0)
	        Index Cond: ((k >= 3149803) AND (k <= 3149903))

table 3 : explain SELECT k, c FROM sbtest3 WHERE k BETWEEN 3149803 AND 3149903
	Bitmap Heap Scan on sbtest3  (cost=5.39..374.03 rows=93 width=125)
	  Recheck Cond: ((k >= 3149803) AND (k <= 3149903))
	  ->  Bitmap Index Scan on k_3  (cost=0.00..5.36 rows=93 width=0)
	        Index Cond: ((k >= 3149803) AND (k <= 3149903))

table 4 : explain SELECT k, c FROM sbtest4 WHERE k BETWEEN 3149803 AND 3149903
	Bitmap Heap Scan on sbtest4  (cost=5.48..409.66 rows=102 width=125)
	  Recheck Cond: ((k >= 3149803) AND (k <= 3149903))
	  ->  Bitmap Index Scan on k_4  (cost=0.00..5.45 rows=102 width=0)
	        Index Cond: ((k >= 3149803) AND (k <= 3149903))

table 5 : explain SELECT k, c FROM sbtest5 WHERE k BETWEEN 3149803 AND 3149903
	Bitmap Heap Scan on sbtest5  (cost=5.39..374.12 rows=93 width=125)
	  Recheck Cond: ((k >= 3149803) AND (k <= 3149903))
	  ->  Bitmap Index Scan on k_5  (cost=0.00..5.36 rows=93 width=0)
	        Index Cond: ((k >= 3149803) AND (k <= 3149903))

table 6 : explain SELECT k, c FROM sbtest6 WHERE k BETWEEN 3149803 AND 3149903
	Bitmap Heap Scan on sbtest6  (cost=5.41..382.03 rows=95 width=125)
	  Recheck Cond: ((k >= 3149803) AND (k <= 3149903))
	  ->  Bitmap Index Scan on k_6  (cost=0.00..5.38 rows=95 width=0)
	        Index Cond: ((k >= 3149803) AND (k <= 3149903))

table 7 : explain SELECT k, c FROM sbtest7 WHERE k BETWEEN 3149803 AND 3149903
	Bitmap Heap Scan on sbtest7  (cost=5.44..393.89 rows=98 width=125)
	  Recheck Cond: ((k >= 3149803) AND (k <= 3149903))
	  ->  Bitmap Index Scan on k_7  (cost=0.00..5.42 rows=98 width=0)
	        Index Cond: ((k >= 3149803) AND (k <= 3149903))

table 8 : explain SELECT k, c FROM sbtest8 WHERE k BETWEEN 3149803 AND 3149903
	Bitmap Heap Scan on sbtest8  (cost=5.46..401.78 rows=100 width=125)
	  Recheck Cond: ((k >= 3149803) AND (k <= 3149903))
	  ->  Bitmap Index Scan on k_8  (cost=0.00..5.43 rows=100 width=0)
	        Index Cond: ((k >= 3149803) AND (k <= 3149903))

for range-notcovered
table 1 : explain SELECT k, c FROM sbtest1 WHERE k BETWEEN 8895132 AND 8895232
	Bitmap Heap Scan on sbtest1  (cost=5.38..369.99 rows=92 width=125)
	  Recheck Cond: ((k >= 8895132) AND (k <= 8895232))
	  ->  Bitmap Index Scan on k_1  (cost=0.00..5.35 rows=92 width=0)
	        Index Cond: ((k >= 8895132) AND (k <= 8895232))

table 2 : explain SELECT k, c FROM sbtest2 WHERE k BETWEEN 8895132 AND 8895232
	Bitmap Heap Scan on sbtest2  (cost=5.42..385.90 rows=96 width=125)
	  Recheck Cond: ((k >= 8895132) AND (k <= 8895232))
	  ->  Bitmap Index Scan on k_2  (cost=0.00..5.39 rows=96 width=0)
	        Index Cond: ((k >= 8895132) AND (k <= 8895232))

table 3 : explain SELECT k, c FROM sbtest3 WHERE k BETWEEN 8895132 AND 8895232
	Bitmap Heap Scan on sbtest3  (cost=5.43..389.82 rows=97 width=125)
	  Recheck Cond: ((k >= 8895132) AND (k <= 8895232))
	  ->  Bitmap Index Scan on k_3  (cost=0.00..5.40 rows=97 width=0)
	        Index Cond: ((k >= 8895132) AND (k <= 8895232))

table 4 : explain SELECT k, c FROM sbtest4 WHERE k BETWEEN 8895132 AND 8895232
	Bitmap Heap Scan on sbtest4  (cost=5.56..441.22 rows=110 width=125)
	  Recheck Cond: ((k >= 8895132) AND (k <= 8895232))
	  ->  Bitmap Index Scan on k_4  (cost=0.00..5.53 rows=110 width=0)
	        Index Cond: ((k >= 8895132) AND (k <= 8895232))

table 5 : explain SELECT k, c FROM sbtest5 WHERE k BETWEEN 8895132 AND 8895232
	Bitmap Heap Scan on sbtest5  (cost=5.51..421.49 rows=105 width=125)
	  Recheck Cond: ((k >= 8895132) AND (k <= 8895232))
	  ->  Bitmap Index Scan on k_5  (cost=0.00..5.48 rows=105 width=0)
	        Index Cond: ((k >= 8895132) AND (k <= 8895232))

table 6 : explain SELECT k, c FROM sbtest6 WHERE k BETWEEN 8895132 AND 8895232
	Bitmap Heap Scan on sbtest6  (cost=5.49..413.62 rows=103 width=125)
	  Recheck Cond: ((k >= 8895132) AND (k <= 8895232))
	  ->  Bitmap Index Scan on k_6  (cost=0.00..5.46 rows=103 width=0)
	        Index Cond: ((k >= 8895132) AND (k <= 8895232))

table 7 : explain SELECT k, c FROM sbtest7 WHERE k BETWEEN 8895132 AND 8895232
	Bitmap Heap Scan on sbtest7  (cost=5.44..393.89 rows=98 width=125)
	  Recheck Cond: ((k >= 8895132) AND (k <= 8895232))
	  ->  Bitmap Index Scan on k_7  (cost=0.00..5.42 rows=98 width=0)
	        Index Cond: ((k >= 8895132) AND (k <= 8895232))

table 8 : explain SELECT k, c FROM sbtest8 WHERE k BETWEEN 8895132 AND 8895232
	Bitmap Heap Scan on sbtest8  (cost=5.51..421.51 rows=105 width=125)
	  Recheck Cond: ((k >= 8895132) AND (k <= 8895232))
	  ->  Bitmap Index Scan on k_8  (cost=0.00..5.48 rows=105 width=0)
	        Index Cond: ((k >= 8895132) AND (k <= 8895232))

explain: for range-notcovered :: explain SELECT k, c FROM sbtest%d WHERE k BETWEEN 4811934 AND 4812034
explain: for range-notcovered :: explain SELECT k, c FROM sbtest%d WHERE k BETWEEN 6280881 AND 6280981
explain: for range-notcovered :: explain SELECT k, c FROM sbtest%d WHERE k BETWEEN 3149803 AND 3149903
explain: for range-notcovered :: explain SELECT k, c FROM sbtest%d WHERE k BETWEEN 8895132 AND 8895232
for range-notcovered
table 1 : explain SELECT k, c FROM sbtest1 WHERE k BETWEEN 3387239 AND 3387339
	Bitmap Heap Scan on sbtest1  (cost=5.40..377.88 rows=94 width=125)
	  Recheck Cond: ((k >= 3387239) AND (k <= 3387339))
	  ->  Bitmap Index Scan on k_1  (cost=0.00..5.38 rows=94 width=0)
	        Index Cond: ((k >= 3387239) AND (k <= 3387339))

table 2 : explain SELECT k, c FROM sbtest2 WHERE k BETWEEN 3387239 AND 3387339
	Bitmap Heap Scan on sbtest2  (cost=5.49..413.52 rows=103 width=125)
	  Recheck Cond: ((k >= 3387239) AND (k <= 3387339))
	  ->  Bitmap Index Scan on k_2  (cost=0.00..5.46 rows=103 width=0)
	        Index Cond: ((k >= 3387239) AND (k <= 3387339))

table 3 : explain SELECT k, c FROM sbtest3 WHERE k BETWEEN 3387239 AND 3387339
	Bitmap Heap Scan on sbtest3  (cost=5.50..417.44 rows=104 width=125)
	  Recheck Cond: ((k >= 3387239) AND (k <= 3387339))
	  ->  Bitmap Index Scan on k_3  (cost=0.00..5.47 rows=104 width=0)
	        Index Cond: ((k >= 3387239) AND (k <= 3387339))

table 4 : explain SELECT k, c FROM sbtest4 WHERE k BETWEEN 3387239 AND 3387339
	Bitmap Heap Scan on sbtest4  (cost=5.54..433.33 rows=108 width=125)
	  Recheck Cond: ((k >= 3387239) AND (k <= 3387339))
	  ->  Bitmap Index Scan on k_4  (cost=0.00..5.51 rows=108 width=0)
	        Index Cond: ((k >= 3387239) AND (k <= 3387339))

table 5 : explain SELECT k, c FROM sbtest5 WHERE k BETWEEN 3387239 AND 3387339
	Bitmap Heap Scan on sbtest5  (cost=5.50..417.55 rows=104 width=125)
	  Recheck Cond: ((k >= 3387239) AND (k <= 3387339))
	  ->  Bitmap Index Scan on k_5  (cost=0.00..5.47 rows=104 width=0)
	        Index Cond: ((k >= 3387239) AND (k <= 3387339))

table 6 : explain SELECT k, c FROM sbtest6 WHERE k BETWEEN 3387239 AND 3387339
	Bitmap Heap Scan on sbtest6  (cost=5.47..405.72 rows=101 width=125)
	  Recheck Cond: ((k >= 3387239) AND (k <= 3387339))
	  ->  Bitmap Index Scan on k_6  (cost=0.00..5.44 rows=101 width=0)
	        Index Cond: ((k >= 3387239) AND (k <= 3387339))

table 7 : explain SELECT k, c FROM sbtest7 WHERE k BETWEEN 3387239 AND 3387339
	Bitmap Heap Scan on sbtest7  (cost=5.50..417.57 rows=104 width=125)
	  Recheck Cond: ((k >= 3387239) AND (k <= 3387339))
	  ->  Bitmap Index Scan on k_7  (cost=0.00..5.47 rows=104 width=0)
	        Index Cond: ((k >= 3387239) AND (k <= 3387339))

table 8 : explain SELECT k, c FROM sbtest8 WHERE k BETWEEN 3387239 AND 3387339
	Bitmap Heap Scan on sbtest8  (cost=5.53..429.40 rows=107 width=125)
	  Recheck Cond: ((k >= 3387239) AND (k <= 3387339))
	  ->  Bitmap Index Scan on k_8  (cost=0.00..5.50 rows=107 width=0)
	        Index Cond: ((k >= 3387239) AND (k <= 3387339))

explain: for range-notcovered :: explain SELECT k, c FROM sbtest%d WHERE k BETWEEN 3387239 AND 3387339
for range-notcovered
table 1 : explain SELECT k, c FROM sbtest1 WHERE k BETWEEN 6378839 AND 6378939
	Bitmap Heap Scan on sbtest1  (cost=5.47..405.50 rows=101 width=125)
	  Recheck Cond: ((k >= 6378839) AND (k <= 6378939))
	  ->  Bitmap Index Scan on k_1  (cost=0.00..5.44 rows=101 width=0)
	        Index Cond: ((k >= 6378839) AND (k <= 6378939))

table 2 : explain SELECT k, c FROM sbtest2 WHERE k BETWEEN 6378839 AND 6378939
	Bitmap Heap Scan on sbtest2  (cost=5.60..456.89 rows=114 width=125)
	  Recheck Cond: ((k >= 6378839) AND (k <= 6378939))
	  ->  Bitmap Index Scan on k_2  (cost=0.00..5.58 rows=114 width=0)
	        Index Cond: ((k >= 6378839) AND (k <= 6378939))

table 3 : explain SELECT k, c FROM sbtest3 WHERE k BETWEEN 6378839 AND 6378939
	Bitmap Heap Scan on sbtest3  (cost=5.48..409.55 rows=102 width=125)
	  Recheck Cond: ((k >= 6378839) AND (k <= 6378939))
	  ->  Bitmap Index Scan on k_3  (cost=0.00..5.45 rows=102 width=0)
	        Index Cond: ((k >= 6378839) AND (k <= 6378939))

table 4 : explain SELECT k, c FROM sbtest4 WHERE k BETWEEN 6378839 AND 6378939
	Bitmap Heap Scan on sbtest4  (cost=5.44..393.87 rows=98 width=125)
	  Recheck Cond: ((k >= 6378839) AND (k <= 6378939))
	  ->  Bitmap Index Scan on k_4  (cost=0.00..5.42 rows=98 width=0)
	        Index Cond: ((k >= 6378839) AND (k <= 6378939))

table 5 : explain SELECT k, c FROM sbtest5 WHERE k BETWEEN 6378839 AND 6378939
	Bitmap Heap Scan on sbtest5  (cost=5.39..374.12 rows=93 width=125)
	  Recheck Cond: ((k >= 6378839) AND (k <= 6378939))
	  ->  Bitmap Index Scan on k_5  (cost=0.00..5.36 rows=93 width=0)
	        Index Cond: ((k >= 6378839) AND (k <= 6378939))

table 6 : explain SELECT k, c FROM sbtest6 WHERE k BETWEEN 6378839 AND 6378939
	Bitmap Heap Scan on sbtest6  (cost=5.36..362.28 rows=90 width=125)
	  Recheck Cond: ((k >= 6378839) AND (k <= 6378939))
	  ->  Bitmap Index Scan on k_6  (cost=0.00..5.33 rows=90 width=0)
	        Index Cond: ((k >= 6378839) AND (k <= 6378939))

table 7 : explain SELECT k, c FROM sbtest7 WHERE k BETWEEN 6378839 AND 6378939
	Bitmap Heap Scan on sbtest7  (cost=5.58..449.13 rows=112 width=125)
	  Recheck Cond: ((k >= 6378839) AND (k <= 6378939))
	  ->  Bitmap Index Scan on k_7  (cost=0.00..5.55 rows=112 width=0)
	        Index Cond: ((k >= 6378839) AND (k <= 6378939))

table 8 : explain SELECT k, c FROM sbtest8 WHERE k BETWEEN 6378839 AND 6378939
	Bitmap Heap Scan on sbtest8  (cost=5.48..409.67 rows=102 width=125)
	  Recheck Cond: ((k >= 6378839) AND (k <= 6378939))
	  ->  Bitmap Index Scan on k_8  (cost=0.00..5.45 rows=102 width=0)
	        Index Cond: ((k >= 6378839) AND (k <= 6378939))

for range-notcovered
table 1 : explain SELECT k, c FROM sbtest1 WHERE k BETWEEN 7666786 AND 7666886
	Bitmap Heap Scan on sbtest1  (cost=5.48..409.44 rows=102 width=125)
	  Recheck Cond: ((k >= 7666786) AND (k <= 7666886))
	  ->  Bitmap Index Scan on k_1  (cost=0.00..5.45 rows=102 width=0)
	        Index Cond: ((k >= 7666786) AND (k <= 7666886))

table 2 : explain SELECT k, c FROM sbtest2 WHERE k BETWEEN 7666786 AND 7666886
	Bitmap Heap Scan on sbtest2  (cost=5.43..389.85 rows=97 width=125)
	  Recheck Cond: ((k >= 7666786) AND (k <= 7666886))
	  ->  Bitmap Index Scan on k_2  (cost=0.00..5.40 rows=97 width=0)
	        Index Cond: ((k >= 7666786) AND (k <= 7666886))

table 3 : explain SELECT k, c FROM sbtest3 WHERE k BETWEEN 7666786 AND 7666886
	Bitmap Heap Scan on sbtest3  (cost=5.46..401.66 rows=100 width=125)
	  Recheck Cond: ((k >= 7666786) AND (k <= 7666886))
	  ->  Bitmap Index Scan on k_3  (cost=0.00..5.43 rows=100 width=0)
	        Index Cond: ((k >= 7666786) AND (k <= 7666886))

table 4 : explain SELECT k, c FROM sbtest4 WHERE k BETWEEN 7666786 AND 7666886
	Bitmap Heap Scan on sbtest4  (cost=5.48..409.66 rows=102 width=125)
	  Recheck Cond: ((k >= 7666786) AND (k <= 7666886))
	  ->  Bitmap Index Scan on k_4  (cost=0.00..5.45 rows=102 width=0)
	        Index Cond: ((k >= 7666786) AND (k <= 7666886))

table 5 : explain SELECT k, c FROM sbtest5 WHERE k BETWEEN 7666786 AND 7666886
	Bitmap Heap Scan on sbtest5  (cost=5.56..441.22 rows=110 width=125)
	  Recheck Cond: ((k >= 7666786) AND (k <= 7666886))
	  ->  Bitmap Index Scan on k_5  (cost=0.00..5.53 rows=110 width=0)
	        Index Cond: ((k >= 7666786) AND (k <= 7666886))

table 6 : explain SELECT k, c FROM sbtest6 WHERE k BETWEEN 7666786 AND 7666886
	Bitmap Heap Scan on sbtest6  (cost=5.47..405.72 rows=101 width=125)
	  Recheck Cond: ((k >= 7666786) AND (k <= 7666886))
	  ->  Bitmap Index Scan on k_6  (cost=0.00..5.44 rows=101 width=0)
	        Index Cond: ((k >= 7666786) AND (k <= 7666886))

table 7 : explain SELECT k, c FROM sbtest7 WHERE k BETWEEN 7666786 AND 7666886
	Bitmap Heap Scan on sbtest7  (cost=5.47..405.73 rows=101 width=125)
	  Recheck Cond: ((k >= 7666786) AND (k <= 7666886))
	  ->  Bitmap Index Scan on k_7  (cost=0.00..5.44 rows=101 width=0)
	        Index Cond: ((k >= 7666786) AND (k <= 7666886))

table 8 : explain SELECT k, c FROM sbtest8 WHERE k BETWEEN 7666786 AND 7666886
	Bitmap Heap Scan on sbtest8  (cost=5.47..405.73 rows=101 width=125)
	  Recheck Cond: ((k >= 7666786) AND (k <= 7666886))
	  ->  Bitmap Index Scan on k_8  (cost=0.00..5.44 rows=101 width=0)
	        Index Cond: ((k >= 7666786) AND (k <= 7666886))

for range-notcovered
table 1 : explain SELECT k, c FROM sbtest1 WHERE k BETWEEN 3865322 AND 3865422
	Bitmap Heap Scan on sbtest1  (cost=5.41..381.83 rows=95 width=125)
	  Recheck Cond: ((k >= 3865322) AND (k <= 3865422))
	  ->  Bitmap Index Scan on k_1  (cost=0.00..5.38 rows=95 width=0)
	        Index Cond: ((k >= 3865322) AND (k <= 3865422))

table 2 : explain SELECT k, c FROM sbtest2 WHERE k BETWEEN 3865322 AND 3865422
	Bitmap Heap Scan on sbtest2  (cost=5.48..409.58 rows=102 width=125)
	  Recheck Cond: ((k >= 3865322) AND (k <= 3865422))
	  ->  Bitmap Index Scan on k_2  (cost=0.00..5.45 rows=102 width=0)
	        Index Cond: ((k >= 3865322) AND (k <= 3865422))

table 3 : explain SELECT k, c FROM sbtest3 WHERE k BETWEEN 3865322 AND 3865422
	Bitmap Heap Scan on sbtest3  (cost=5.58..448.98 rows=112 width=125)
	  Recheck Cond: ((k >= 3865322) AND (k <= 3865422))
	  ->  Bitmap Index Scan on k_3  (cost=0.00..5.55 rows=112 width=0)
	        Index Cond: ((k >= 3865322) AND (k <= 3865422))

table 4 : explain SELECT k, c FROM sbtest4 WHERE k BETWEEN 3865322 AND 3865422
	Bitmap Heap Scan on sbtest4  (cost=5.53..429.39 rows=107 width=125)
	  Recheck Cond: ((k >= 3865322) AND (k <= 3865422))
	  ->  Bitmap Index Scan on k_4  (cost=0.00..5.50 rows=107 width=0)
	        Index Cond: ((k >= 3865322) AND (k <= 3865422))

table 5 : explain SELECT k, c FROM sbtest5 WHERE k BETWEEN 3865322 AND 3865422
	Bitmap Heap Scan on sbtest5  (cost=5.51..421.49 rows=105 width=125)
	  Recheck Cond: ((k >= 3865322) AND (k <= 3865422))
	  ->  Bitmap Index Scan on k_5  (cost=0.00..5.48 rows=105 width=0)
	        Index Cond: ((k >= 3865322) AND (k <= 3865422))

table 6 : explain SELECT k, c FROM sbtest6 WHERE k BETWEEN 3865322 AND 3865422
	Bitmap Heap Scan on sbtest6  (cost=5.42..385.98 rows=96 width=125)
	  Recheck Cond: ((k >= 3865322) AND (k <= 3865422))
	  ->  Bitmap Index Scan on k_6  (cost=0.00..5.39 rows=96 width=0)
	        Index Cond: ((k >= 3865322) AND (k <= 3865422))

table 7 : explain SELECT k, c FROM sbtest7 WHERE k BETWEEN 3865322 AND 3865422
	Bitmap Heap Scan on sbtest7  (cost=5.37..366.24 rows=91 width=125)
	  Recheck Cond: ((k >= 3865322) AND (k <= 3865422))
	  ->  Bitmap Index Scan on k_7  (cost=0.00..5.34 rows=91 width=0)
	        Index Cond: ((k >= 3865322) AND (k <= 3865422))

table 8 : explain SELECT k, c FROM sbtest8 WHERE k BETWEEN 3865322 AND 3865422
	Bitmap Heap Scan on sbtest8  (cost=5.41..382.04 rows=95 width=125)
	  Recheck Cond: ((k >= 3865322) AND (k <= 3865422))
	  ->  Bitmap Index Scan on k_8  (cost=0.00..5.38 rows=95 width=0)
	        Index Cond: ((k >= 3865322) AND (k <= 3865422))

explain: for range-notcovered :: explain SELECT k, c FROM sbtest%d WHERE k BETWEEN 6378839 AND 6378939
explain: for range-notcovered :: explain SELECT k, c FROM sbtest%d WHERE k BETWEEN 7666786 AND 7666886
for range-notcovered
table 1 : explain SELECT k, c FROM sbtest1 WHERE k BETWEEN 3691681 AND 3691781
	Bitmap Heap Scan on sbtest1  (cost=5.56..440.98 rows=110 width=125)
	  Recheck Cond: ((k >= 3691681) AND (k <= 3691781))
	  ->  Bitmap Index Scan on k_1  (cost=0.00..5.53 rows=110 width=0)
	        Index Cond: ((k >= 3691681) AND (k <= 3691781))

table 2 : explain SELECT k, c FROM sbtest2 WHERE k BETWEEN 3691681 AND 3691781
	Bitmap Heap Scan on sbtest2  (cost=5.40..378.00 rows=94 width=125)
	  Recheck Cond: ((k >= 3691681) AND (k <= 3691781))
	  ->  Bitmap Index Scan on k_2  (cost=0.00..5.38 rows=94 width=0)
	        Index Cond: ((k >= 3691681) AND (k <= 3691781))

table 3 : explain SELECT k, c FROM sbtest3 WHERE k BETWEEN 3691681 AND 3691781
	Bitmap Heap Scan on sbtest3  (cost=5.34..354.28 rows=88 width=125)
	  Recheck Cond: ((k >= 3691681) AND (k <= 3691781))
	  ->  Bitmap Index Scan on k_3  (cost=0.00..5.31 rows=88 width=0)
	        Index Cond: ((k >= 3691681) AND (k <= 3691781))

table 4 : explain SELECT k, c FROM sbtest4 WHERE k BETWEEN 3691681 AND 3691781
	Bitmap Heap Scan on sbtest4  (cost=5.59..453.05 rows=113 width=125)
	  Recheck Cond: ((k >= 3691681) AND (k <= 3691781))
	  ->  Bitmap Index Scan on k_4  (cost=0.00..5.56 rows=113 width=0)
	        Index Cond: ((k >= 3691681) AND (k <= 3691781))

table 5 : explain SELECT k, c FROM sbtest5 WHERE k BETWEEN 3691681 AND 3691781
	Bitmap Heap Scan on sbtest5  (cost=5.55..437.27 rows=109 width=125)
	  Recheck Cond: ((k >= 3691681) AND (k <= 3691781))
	  ->  Bitmap Index Scan on k_5  (cost=0.00..5.52 rows=109 width=0)
	        Index Cond: ((k >= 3691681) AND (k <= 3691781))

table 6 : explain SELECT k, c FROM sbtest6 WHERE k BETWEEN 3691681 AND 3691781
	Bitmap Heap Scan on sbtest6  (cost=5.50..417.56 rows=104 width=125)
	  Recheck Cond: ((k >= 3691681) AND (k <= 3691781))
	  ->  Bitmap Index Scan on k_6  (cost=0.00..5.47 rows=104 width=0)
	        Index Cond: ((k >= 3691681) AND (k <= 3691781))

table 7 : explain SELECT k, c FROM sbtest7 WHERE k BETWEEN 3691681 AND 3691781
	Bitmap Heap Scan on sbtest7  (cost=5.42..385.99 rows=96 width=125)
	  Recheck Cond: ((k >= 3691681) AND (k <= 3691781))
	  ->  Bitmap Index Scan on k_7  (cost=0.00..5.39 rows=96 width=0)
	        Index Cond: ((k >= 3691681) AND (k <= 3691781))

table 8 : explain SELECT k, c FROM sbtest8 WHERE k BETWEEN 3691681 AND 3691781
	Bitmap Heap Scan on sbtest8  (cost=5.44..393.88 rows=98 width=125)
	  Recheck Cond: ((k >= 3691681) AND (k <= 3691781))
	  ->  Bitmap Index Scan on k_8  (cost=0.00..5.42 rows=98 width=0)
	        Index Cond: ((k >= 3691681) AND (k <= 3691781))

for range-notcovered
table 1 : explain SELECT k, c FROM sbtest1 WHERE k BETWEEN 7061135 AND 7061235
	Bitmap Heap Scan on sbtest1  (cost=5.46..401.56 rows=100 width=125)
	  Recheck Cond: ((k >= 7061135) AND (k <= 7061235))
	  ->  Bitmap Index Scan on k_1  (cost=0.00..5.43 rows=100 width=0)
	        Index Cond: ((k >= 7061135) AND (k <= 7061235))

table 2 : explain SELECT k, c FROM sbtest2 WHERE k BETWEEN 7061135 AND 7061235
	Bitmap Heap Scan on sbtest2  (cost=5.59..452.95 rows=113 width=125)
	  Recheck Cond: ((k >= 7061135) AND (k <= 7061235))
	  ->  Bitmap Index Scan on k_2  (cost=0.00..5.56 rows=113 width=0)
	        Index Cond: ((k >= 7061135) AND (k <= 7061235))

table 3 : explain SELECT k, c FROM sbtest3 WHERE k BETWEEN 7061135 AND 7061235
	Bitmap Heap Scan on sbtest3  (cost=5.51..421.38 rows=105 width=125)
	  Recheck Cond: ((k >= 7061135) AND (k <= 7061235))
	  ->  Bitmap Index Scan on k_3  (cost=0.00..5.48 rows=105 width=0)
	        Index Cond: ((k >= 7061135) AND (k <= 7061235))

table 4 : explain SELECT k, c FROM sbtest4 WHERE k BETWEEN 7061135 AND 7061235
	Bitmap Heap Scan on sbtest4  (cost=5.39..374.13 rows=93 width=125)
	  Recheck Cond: ((k >= 7061135) AND (k <= 7061235))
	  ->  Bitmap Index Scan on k_4  (cost=0.00..5.36 rows=93 width=0)
	        Index Cond: ((k >= 7061135) AND (k <= 7061235))

table 5 : explain SELECT k, c FROM sbtest5 WHERE k BETWEEN 7061135 AND 7061235
	Bitmap Heap Scan on sbtest5  (cost=5.48..409.66 rows=102 width=125)
	  Recheck Cond: ((k >= 7061135) AND (k <= 7061235))
	  ->  Bitmap Index Scan on k_5  (cost=0.00..5.45 rows=102 width=0)
	        Index Cond: ((k >= 7061135) AND (k <= 7061235))

table 6 : explain SELECT k, c FROM sbtest6 WHERE k BETWEEN 7061135 AND 7061235
	Bitmap Heap Scan on sbtest6  (cost=5.39..374.13 rows=93 width=125)
	  Recheck Cond: ((k >= 7061135) AND (k <= 7061235))
	  ->  Bitmap Index Scan on k_6  (cost=0.00..5.36 rows=93 width=0)
	        Index Cond: ((k >= 7061135) AND (k <= 7061235))

table 7 : explain SELECT k, c FROM sbtest7 WHERE k BETWEEN 7061135 AND 7061235
	Bitmap Heap Scan on sbtest7  (cost=5.47..405.73 rows=101 width=125)
	  Recheck Cond: ((k >= 7061135) AND (k <= 7061235))
	  ->  Bitmap Index Scan on k_7  (cost=0.00..5.44 rows=101 width=0)
	        Index Cond: ((k >= 7061135) AND (k <= 7061235))

table 8 : explain SELECT k, c FROM sbtest8 WHERE k BETWEEN 7061135 AND 7061235
	Bitmap Heap Scan on sbtest8  (cost=5.43..389.94 rows=97 width=125)
	  Recheck Cond: ((k >= 7061135) AND (k <= 7061235))
	  ->  Bitmap Index Scan on k_8  (cost=0.00..5.40 rows=97 width=0)
	        Index Cond: ((k >= 7061135) AND (k <= 7061235))

explain: for range-notcovered :: explain SELECT k, c FROM sbtest%d WHERE k BETWEEN 7061135 AND 7061235
for range-notcovered
table 1 : explain SELECT k, c FROM sbtest1 WHERE k BETWEEN 6004579 AND 6004679
	Bitmap Heap Scan on sbtest1  (cost=5.41..381.83 rows=95 width=125)
	  Recheck Cond: ((k >= 6004579) AND (k <= 6004679))
	  ->  Bitmap Index Scan on k_1  (cost=0.00..5.38 rows=95 width=0)
	        Index Cond: ((k >= 6004579) AND (k <= 6004679))

table 2 : explain SELECT k, c FROM sbtest2 WHERE k BETWEEN 6004579 AND 6004679
	Bitmap Heap Scan on sbtest2  (cost=5.55..437.19 rows=109 width=125)
	  Recheck Cond: ((k >= 6004579) AND (k <= 6004679))
	  ->  Bitmap Index Scan on k_2  (cost=0.00..5.52 rows=109 width=0)
	        Index Cond: ((k >= 6004579) AND (k <= 6004679))

table 3 : explain SELECT k, c FROM sbtest3 WHERE k BETWEEN 6004579 AND 6004679
	Bitmap Heap Scan on sbtest3  (cost=5.54..433.21 rows=108 width=125)
	  Recheck Cond: ((k >= 6004579) AND (k <= 6004679))
	  ->  Bitmap Index Scan on k_3  (cost=0.00..5.51 rows=108 width=0)
	        Index Cond: ((k >= 6004579) AND (k <= 6004679))

table 4 : explain SELECT k, c FROM sbtest4 WHERE k BETWEEN 6004579 AND 6004679
	Bitmap Heap Scan on sbtest4  (cost=5.50..417.55 rows=104 width=125)
	  Recheck Cond: ((k >= 6004579) AND (k <= 6004679))
	  ->  Bitmap Index Scan on k_4  (cost=0.00..5.47 rows=104 width=0)
	        Index Cond: ((k >= 6004579) AND (k <= 6004679))

table 5 : explain SELECT k, c FROM sbtest5 WHERE k BETWEEN 6004579 AND 6004679
	Bitmap Heap Scan on sbtest5  (cost=5.57..445.16 rows=111 width=125)
	  Recheck Cond: ((k >= 6004579) AND (k <= 6004679))
	  ->  Bitmap Index Scan on k_5  (cost=0.00..5.54 rows=111 width=0)
	        Index Cond: ((k >= 6004579) AND (k <= 6004679))

table 6 : explain SELECT k, c FROM sbtest6 WHERE k BETWEEN 6004579 AND 6004679
	Bitmap Heap Scan on sbtest6  (cost=5.49..413.62 rows=103 width=125)
	  Recheck Cond: ((k >= 6004579) AND (k <= 6004679))
	  ->  Bitmap Index Scan on k_6  (cost=0.00..5.46 rows=103 width=0)
	        Index Cond: ((k >= 6004579) AND (k <= 6004679))

table 7 : explain SELECT k, c FROM sbtest7 WHERE k BETWEEN 6004579 AND 6004679
	Bitmap Heap Scan on sbtest7  (cost=5.52..425.46 rows=106 width=125)
	  Recheck Cond: ((k >= 6004579) AND (k <= 6004679))
	  ->  Bitmap Index Scan on k_7  (cost=0.00..5.50 rows=106 width=0)
	        Index Cond: ((k >= 6004579) AND (k <= 6004679))

table 8 : explain SELECT k, c FROM sbtest8 WHERE k BETWEEN 6004579 AND 6004679
	Bitmap Heap Scan on sbtest8  (cost=5.45..397.83 rows=99 width=125)
	  Recheck Cond: ((k >= 6004579) AND (k <= 6004679))
	  ->  Bitmap Index Scan on k_8  (cost=0.00..5.42 rows=99 width=0)
	        Index Cond: ((k >= 6004579) AND (k <= 6004679))

explain: for range-notcovered :: explain SELECT k, c FROM sbtest%d WHERE k BETWEEN 3691681 AND 3691781
for range-notcovered
table 1 : explain SELECT k, c FROM sbtest1 WHERE k BETWEEN 6280881 AND 6280981
	Bitmap Heap Scan on sbtest1  (cost=5.59..452.80 rows=113 width=125)
	  Recheck Cond: ((k >= 6280881) AND (k <= 6280981))
	  ->  Bitmap Index Scan on k_1  (cost=0.00..5.56 rows=113 width=0)
	        Index Cond: ((k >= 6280881) AND (k <= 6280981))

table 2 : explain SELECT k, c FROM sbtest2 WHERE k BETWEEN 6280881 AND 6280981
	Bitmap Heap Scan on sbtest2  (cost=5.58..449.01 rows=112 width=125)
	  Recheck Cond: ((k >= 6280881) AND (k <= 6280981))
	  ->  Bitmap Index Scan on k_2  (cost=0.00..5.55 rows=112 width=0)
	        Index Cond: ((k >= 6280881) AND (k <= 6280981))

table 3 : explain SELECT k, c FROM sbtest3 WHERE k BETWEEN 6280881 AND 6280981
	Bitmap Heap Scan on sbtest3  (cost=5.51..421.38 rows=105 width=125)
	  Recheck Cond: ((k >= 6280881) AND (k <= 6280981))
	  ->  Bitmap Index Scan on k_3  (cost=0.00..5.48 rows=105 width=0)
	        Index Cond: ((k >= 6280881) AND (k <= 6280981))

table 4 : explain SELECT k, c FROM sbtest4 WHERE k BETWEEN 6280881 AND 6280981
	Bitmap Heap Scan on sbtest4  (cost=5.45..397.82 rows=99 width=125)
	  Recheck Cond: ((k >= 6280881) AND (k <= 6280981))
	  ->  Bitmap Index Scan on k_4  (cost=0.00..5.42 rows=99 width=0)
	        Index Cond: ((k >= 6280881) AND (k <= 6280981))

table 5 : explain SELECT k, c FROM sbtest5 WHERE k BETWEEN 6280881 AND 6280981
	Bitmap Heap Scan on sbtest5  (cost=5.50..417.55 rows=104 width=125)
	  Recheck Cond: ((k >= 6280881) AND (k <= 6280981))
	  ->  Bitmap Index Scan on k_5  (cost=0.00..5.47 rows=104 width=0)
	        Index Cond: ((k >= 6280881) AND (k <= 6280981))

table 6 : explain SELECT k, c FROM sbtest6 WHERE k BETWEEN 6280881 AND 6280981
	Bitmap Heap Scan on sbtest6  (cost=5.52..425.45 rows=106 width=125)
	  Recheck Cond: ((k >= 6280881) AND (k <= 6280981))
	  ->  Bitmap Index Scan on k_6  (cost=0.00..5.50 rows=106 width=0)
	        Index Cond: ((k >= 6280881) AND (k <= 6280981))

table 7 : explain SELECT k, c FROM sbtest7 WHERE k BETWEEN 6280881 AND 6280981
	Bitmap Heap Scan on sbtest7  (cost=5.45..397.83 rows=99 width=125)
	  Recheck Cond: ((k >= 6280881) AND (k <= 6280981))
	  ->  Bitmap Index Scan on k_7  (cost=0.00..5.42 rows=99 width=0)
	        Index Cond: ((k >= 6280881) AND (k <= 6280981))

table 8 : explain SELECT k, c FROM sbtest8 WHERE k BETWEEN 6280881 AND 6280981
	Bitmap Heap Scan on sbtest8  (cost=5.53..429.40 rows=107 width=125)
	  Recheck Cond: ((k >= 6280881) AND (k <= 6280981))
	  ->  Bitmap Index Scan on k_8  (cost=0.00..5.50 rows=107 width=0)
	        Index Cond: ((k >= 6280881) AND (k <= 6280981))

explain: for range-notcovered :: explain SELECT k, c FROM sbtest%d WHERE k BETWEEN 6004579 AND 6004679for range-notcovered
table 1 : explain SELECT k, c FROM sbtest1 WHERE k BETWEEN 4811934 AND 4812034
	Bitmap Heap Scan on sbtest1  (cost=5.47..405.50 rows=101 width=125)
	  Recheck Cond: ((k >= 4811934) AND (k <= 4812034))
	  ->  Bitmap Index Scan on k_1  (cost=0.00..5.44 rows=101 width=0)
	        Index Cond: ((k >= 4811934) AND (k <= 4812034))

table 2 : explain SELECT k, c FROM sbtest2 WHERE k BETWEEN 4811934 AND 4812034
	Bitmap Heap Scan on sbtest2  (cost=5.47..405.63 rows=101 width=125)
	  Recheck Cond: ((k >= 4811934) AND (k <= 4812034))
	  ->  Bitmap Index Scan on k_2  (cost=0.00..5.44 rows=101 width=0)
	        Index Cond: ((k >= 4811934) AND (k <= 4812034))

table 3 : explain SELECT k, c FROM sbtest3 WHERE k BETWEEN 4811934 AND 4812034
	Bitmap Heap Scan on sbtest3  (cost=5.46..401.66 rows=100 width=125)
	  Recheck Cond: ((k >= 4811934) AND (k <= 4812034))
	  ->  Bitmap Index Scan on k_3  (cost=0.00..5.43 rows=100 width=0)
	        Index Cond: ((k >= 4811934) AND (k <= 4812034))

table 4 : explain SELECT k, c FROM sbtest4 WHERE k BETWEEN 4811934 AND 4812034
	Bitmap Heap Scan on sbtest4  (cost=5.56..441.22 rows=110 width=125)
	  Recheck Cond: ((k >= 4811934) AND (k <= 4812034))
	  ->  Bitmap Index Scan on k_4  (cost=0.00..5.53 rows=110 width=0)
	        Index Cond: ((k >= 4811934) AND (k <= 4812034))

table 5 : explain SELECT k, c FROM sbtest5 WHERE k BETWEEN 4811934 AND 4812034
	Bitmap Heap Scan on sbtest5  (cost=5.48..409.66 rows=102 width=125)
	  Recheck Cond: ((k >= 4811934) AND (k <= 4812034))
	  ->  Bitmap Index Scan on k_5  (cost=0.00..5.45 rows=102 width=0)
	        Index Cond: ((k >= 4811934) AND (k <= 4812034))

table 6 : explain SELECT k, c FROM sbtest6 WHERE k BETWEEN 4811934 AND 4812034
	Bitmap Heap Scan on sbtest6  (cost=5.39..374.13 rows=93 width=125)
	  Recheck Cond: ((k >= 4811934) AND (k <= 4812034))
	  ->  Bitmap Index Scan on k_6  (cost=0.00..5.36 rows=93 width=0)
	        Index Cond: ((k >= 4811934) AND (k <= 4812034))

table 7 : explain SELECT k, c FROM sbtest7 WHERE k BETWEEN 4811934 AND 4812034
	Bitmap Heap Scan on sbtest7  (cost=5.53..429.41 rows=107 width=125)
	  Recheck Cond: ((k >= 4811934) AND (k <= 4812034))
	  ->  Bitmap Index Scan on k_7  (cost=0.00..5.50 rows=107 width=0)
	        Index Cond: ((k >= 4811934) AND (k <= 4812034))

table 8 : explain SELECT k, c FROM sbtest8 WHERE k BETWEEN 4811934 AND 4812034
	Bitmap Heap Scan on sbtest8  (cost=5.35..358.33 rows=89 width=125)
	  Recheck Cond: ((k >= 4811934) AND (k <= 4812034))
	  ->  Bitmap Index Scan on k_8  (cost=0.00..5.32 rows=89 width=0)
	        Index Cond: ((k >= 4811934) AND (k <= 4812034))

for range-notcovered
table 1 : explain SELECT k, c FROM sbtest1 WHERE k BETWEEN 3149803 AND 3149903
	Bitmap Heap Scan on sbtest1  (cost=5.37..366.04 rows=91 width=125)
	  Recheck Cond: ((k >= 3149803) AND (k <= 3149903))
	  ->  Bitmap Index Scan on k_1  (cost=0.00..5.34 rows=91 width=0)
	        Index Cond: ((k >= 3149803) AND (k <= 3149903))

table 2 : explain SELECT k, c FROM sbtest2 WHERE k BETWEEN 3149803 AND 3149903
	Bitmap Heap Scan on sbtest2  (cost=5.55..437.19 rows=109 width=125)
	  Recheck Cond: ((k >= 3149803) AND (k <= 3149903))
	  ->  Bitmap Index Scan on k_2  (cost=0.00..5.52 rows=109 width=0)
	        Index Cond: ((k >= 3149803) AND (k <= 3149903))

table 3 : explain SELECT k, c FROM sbtest3 WHERE k BETWEEN 3149803 AND 3149903
	Bitmap Heap Scan on sbtest3  (cost=5.39..374.03 rows=93 width=125)
	  Recheck Cond: ((k >= 3149803) AND (k <= 3149903))
	  ->  Bitmap Index Scan on k_3  (cost=0.00..5.36 rows=93 width=0)
	        Index Cond: ((k >= 3149803) AND (k <= 3149903))

table 4 : explain SELECT k, c FROM sbtest4 WHERE k BETWEEN 3149803 AND 3149903
	Bitmap Heap Scan on sbtest4  (cost=5.48..409.66 rows=102 width=125)
	  Recheck Cond: ((k >= 3149803) AND (k <= 3149903))
	  ->  Bitmap Index Scan on k_4  (cost=0.00..5.45 rows=102 width=0)
	        Index Cond: ((k >= 3149803) AND (k <= 3149903))

table 5 : explain SELECT k, c FROM sbtest5 WHERE k BETWEEN 3149803 AND 3149903
	Bitmap Heap Scan on sbtest5  (cost=5.39..374.12 rows=93 width=125)
	  Recheck Cond: ((k >= 3149803) AND (k <= 3149903))
	  ->  Bitmap Index Scan on k_5  (cost=0.00..5.36 rows=93 width=0)
	        Index Cond: ((k >= 3149803) AND (k <= 3149903))

table 6 : explain SELECT k, c FROM sbtest6 WHERE k BETWEEN 3149803 AND 3149903
	Bitmap Heap Scan on sbtest6  (cost=5.41..382.03 rows=95 width=125)
	  Recheck Cond: ((k >= 3149803) AND (k <= 3149903))
	  ->  Bitmap Index Scan on k_6  (cost=0.00..5.38 rows=95 width=0)
	        Index Cond: ((k >= 3149803) AND (k <= 3149903))

table 7 : explain SELECT k, c FROM sbtest7 WHERE k BETWEEN 3149803 AND 3149903
	Bitmap Heap Scan on sbtest7  (cost=5.44..393.89 rows=98 width=125)
	  Recheck Cond: ((k >= 3149803) AND (k <= 3149903))
	  ->  Bitmap Index Scan on k_7  (cost=0.00..5.42 rows=98 width=0)
	        Index Cond: ((k >= 3149803) AND (k <= 3149903))

table 8 : explain SELECT k, c FROM sbtest8 WHERE k BETWEEN 3149803 AND 3149903
	Bitmap Heap Scan on sbtest8  (cost=5.46..401.78 rows=100 width=125)
	  Recheck Cond: ((k >= 3149803) AND (k <= 3149903))
	  ->  Bitmap Index Scan on k_8  (cost=0.00..5.43 rows=100 width=0)
	        Index Cond: ((k >= 3149803) AND (k <= 3149903))

explain: for range-notcovered :: explain SELECT k, c FROM sbtest%d WHERE k BETWEEN 6280881 AND 6280981

for range-notcovered
table 1 : explain SELECT k, c FROM sbtest1 WHERE k BETWEEN 8895132 AND 8895232
	Bitmap Heap Scan on sbtest1  (cost=5.38..369.99 rows=92 width=125)
	  Recheck Cond: ((k >= 8895132) AND (k <= 8895232))
	  ->  Bitmap Index Scan on k_1  (cost=0.00..5.35 rows=92 width=0)
	        Index Cond: ((k >= 8895132) AND (k <= 8895232))

table 2 : explain SELECT k, c FROM sbtest2 WHERE k BETWEEN 8895132 AND 8895232
	Bitmap Heap Scan on sbtest2  (cost=5.42..385.90 rows=96 width=125)
	  Recheck Cond: ((k >= 8895132) AND (k <= 8895232))
	  ->  Bitmap Index Scan on k_2  (cost=0.00..5.39 rows=96 width=0)
	        Index Cond: ((k >= 8895132) AND (k <= 8895232))

table 3 : explain SELECT k, c FROM sbtest3 WHERE k BETWEEN 8895132 AND 8895232
	Bitmap Heap Scan on sbtest3  (cost=5.43..389.82 rows=97 width=125)
	  Recheck Cond: ((k >= 8895132) AND (k <= 8895232))
	  ->  Bitmap Index Scan on k_3  (cost=0.00..5.40 rows=97 width=0)
	        Index Cond: ((k >= 8895132) AND (k <= 8895232))

table 4 : explain SELECT k, c FROM sbtest4 WHERE k BETWEEN 8895132 AND 8895232
	Bitmap Heap Scan on sbtest4  (cost=5.56..441.22 rows=110 width=125)
	  Recheck Cond: ((k >= 8895132) AND (k <= 8895232))
	  ->  Bitmap Index Scan on k_4  (cost=0.00..5.53 rows=110 width=0)
	        Index Cond: ((k >= 8895132) AND (k <= 8895232))

table 5 : explain SELECT k, c FROM sbtest5 WHERE k BETWEEN 8895132 AND 8895232
	Bitmap Heap Scan on sbtest5  (cost=5.51..421.49 rows=105 width=125)
	  Recheck Cond: ((k >= 8895132) AND (k <= 8895232))
	  ->  Bitmap Index Scan on k_5  (cost=0.00..5.48 rows=105 width=0)
	        Index Cond: ((k >= 8895132) AND (k <= 8895232))

table 6 : explain SELECT k, c FROM sbtest6 WHERE k BETWEEN 8895132 AND 8895232
	Bitmap Heap Scan on sbtest6  (cost=5.49..413.62 rows=103 width=125)
	  Recheck Cond: ((k >= 8895132) AND (k <= 8895232))
	  ->  Bitmap Index Scan on k_6  (cost=0.00..5.46 rows=103 width=0)
	        Index Cond: ((k >= 8895132) AND (k <= 8895232))

table 7 : explain SELECT k, c FROM sbtest7 WHERE k BETWEEN 8895132 AND 8895232
	Bitmap Heap Scan on sbtest7  (cost=5.44..393.89 rows=98 width=125)
	  Recheck Cond: ((k >= 8895132) AND (k <= 8895232))
	  ->  Bitmap Index Scan on k_7  (cost=0.00..5.42 rows=98 width=0)
	        Index Cond: ((k >= 8895132) AND (k <= 8895232))

table 8 : explain SELECT k, c FROM sbtest8 WHERE k BETWEEN 8895132 AND 8895232
	Bitmap Heap Scan on sbtest8  (cost=5.51..421.51 rows=105 width=125)
	  Recheck Cond: ((k >= 8895132) AND (k <= 8895232))
	  ->  Bitmap Index Scan on k_8  (cost=0.00..5.48 rows=105 width=0)
	        Index Cond: ((k >= 8895132) AND (k <= 8895232))

for range-notcovered
table 1 : explain SELECT k, c FROM sbtest1 WHERE k BETWEEN 9134951 AND 9135051
	Bitmap Heap Scan on sbtest1  (cost=5.45..397.61 rows=99 width=125)
	  Recheck Cond: ((k >= 9134951) AND (k <= 9135051))
	  ->  Bitmap Index Scan on k_1  (cost=0.00..5.42 rows=99 width=0)
	        Index Cond: ((k >= 9134951) AND (k <= 9135051))

table 2 : explain SELECT k, c FROM sbtest2 WHERE k BETWEEN 9134951 AND 9135051
	Bitmap Heap Scan on sbtest2  (cost=5.52..425.36 rows=106 width=125)
	  Recheck Cond: ((k >= 9134951) AND (k <= 9135051))
	  ->  Bitmap Index Scan on k_2  (cost=0.00..5.50 rows=106 width=0)
	        Index Cond: ((k >= 9134951) AND (k <= 9135051))

table 3 : explain SELECT k, c FROM sbtest3 WHERE k BETWEEN 9134951 AND 9135051
	Bitmap Heap Scan on sbtest3  (cost=5.42..385.87 rows=96 width=125)
	  Recheck Cond: ((k >= 9134951) AND (k <= 9135051))
	  ->  Bitmap Index Scan on k_3  (cost=0.00..5.39 rows=96 width=0)
	        Index Cond: ((k >= 9134951) AND (k <= 9135051))

table 4 : explain SELECT k, c FROM sbtest4 WHERE k BETWEEN 9134951 AND 9135051
	Bitmap Heap Scan on sbtest4  (cost=5.47..405.71 rows=101 width=125)
	  Recheck Cond: ((k >= 9134951) AND (k <= 9135051))
	  ->  Bitmap Index Scan on k_4  (cost=0.00..5.44 rows=101 width=0)
	        Index Cond: ((k >= 9134951) AND (k <= 9135051))

table 5 : explain SELECT k, c FROM sbtest5 WHERE k BETWEEN 9134951 AND 9135051
	Bitmap Heap Scan on sbtest5  (cost=5.43..389.92 rows=97 width=125)
	  Recheck Cond: ((k >= 9134951) AND (k <= 9135051))
	  ->  Bitmap Index Scan on k_5  (cost=0.00..5.40 rows=97 width=0)
	        Index Cond: ((k >= 9134951) AND (k <= 9135051))

table 6 : explain SELECT k, c FROM sbtest6 WHERE k BETWEEN 9134951 AND 9135051
	Bitmap Heap Scan on sbtest6  (cost=5.53..429.40 rows=107 width=125)
	  Recheck Cond: ((k >= 9134951) AND (k <= 9135051))
	  ->  Bitmap Index Scan on k_6  (cost=0.00..5.50 rows=107 width=0)
	        Index Cond: ((k >= 9134951) AND (k <= 9135051))

table 7 : explain SELECT k, c FROM sbtest7 WHERE k BETWEEN 9134951 AND 9135051
	Bitmap Heap Scan on sbtest7  (cost=5.47..405.73 rows=101 width=125)
	  Recheck Cond: ((k >= 9134951) AND (k <= 9135051))
	  ->  Bitmap Index Scan on k_7  (cost=0.00..5.44 rows=101 width=0)
	        Index Cond: ((k >= 9134951) AND (k <= 9135051))

table 8 : explain SELECT k, c FROM sbtest8 WHERE k BETWEEN 9134951 AND 9135051
	Bitmap Heap Scan on sbtest8  (cost=5.45..397.83 rows=99 width=125)
	  Recheck Cond: ((k >= 9134951) AND (k <= 9135051))
	  ->  Bitmap Index Scan on k_8  (cost=0.00..5.42 rows=99 width=0)
	        Index Cond: ((k >= 9134951) AND (k <= 9135051))

explain: for range-notcovered :: explain SELECT k, c FROM sbtest%d WHERE k BETWEEN 4811934 AND 4812034
explain: for range-notcovered :: explain SELECT k, c FROM sbtest%d WHERE k BETWEEN 3149803 AND 3149903
explain: for range-notcovered :: explain SELECT k, c FROM sbtest%d WHERE k BETWEEN 8895132 AND 8895232
explain: for range-notcovered :: explain SELECT k, c FROM sbtest%d WHERE k BETWEEN 9134951 AND 9135051
for range-notcovered
table 1 : explain SELECT k, c FROM sbtest1 WHERE k BETWEEN 3381726 AND 3381826
	Bitmap Heap Scan on sbtest1  (cost=5.40..377.88 rows=94 width=125)
	  Recheck Cond: ((k >= 3381726) AND (k <= 3381826))
	  ->  Bitmap Index Scan on k_1  (cost=0.00..5.38 rows=94 width=0)
	        Index Cond: ((k >= 3381726) AND (k <= 3381826))

table 2 : explain SELECT k, c FROM sbtest2 WHERE k BETWEEN 3381726 AND 3381826
	Bitmap Heap Scan on sbtest2  (cost=5.57..445.07 rows=111 width=125)
	  Recheck Cond: ((k >= 3381726) AND (k <= 3381826))
	  ->  Bitmap Index Scan on k_2  (cost=0.00..5.54 rows=111 width=0)
	        Index Cond: ((k >= 3381726) AND (k <= 3381826))

table 3 : explain SELECT k, c FROM sbtest3 WHERE k BETWEEN 3381726 AND 3381826
	Bitmap Heap Scan on sbtest3  (cost=5.50..417.44 rows=104 width=125)
	  Recheck Cond: ((k >= 3381726) AND (k <= 3381826))
	  ->  Bitmap Index Scan on k_3  (cost=0.00..5.47 rows=104 width=0)
	        Index Cond: ((k >= 3381726) AND (k <= 3381826))

table 4 : explain SELECT k, c FROM sbtest4 WHERE k BETWEEN 3381726 AND 3381826
	Bitmap Heap Scan on sbtest4  (cost=5.54..433.33 rows=108 width=125)
	  Recheck Cond: ((k >= 3381726) AND (k <= 3381826))
	  ->  Bitmap Index Scan on k_4  (cost=0.00..5.51 rows=108 width=0)
	        Index Cond: ((k >= 3381726) AND (k <= 3381826))

table 5 : explain SELECT k, c FROM sbtest5 WHERE k BETWEEN 3381726 AND 3381826
	Bitmap Heap Scan on sbtest5  (cost=5.50..417.55 rows=104 width=125)
	  Recheck Cond: ((k >= 3381726) AND (k <= 3381826))
	  ->  Bitmap Index Scan on k_5  (cost=0.00..5.47 rows=104 width=0)
	        Index Cond: ((k >= 3381726) AND (k <= 3381826))

table 6 : explain SELECT k, c FROM sbtest6 WHERE k BETWEEN 3381726 AND 3381826
	Bitmap Heap Scan on sbtest6  (cost=5.47..405.72 rows=101 width=125)
	  Recheck Cond: ((k >= 3381726) AND (k <= 3381826))
	  ->  Bitmap Index Scan on k_6  (cost=0.00..5.44 rows=101 width=0)
	        Index Cond: ((k >= 3381726) AND (k <= 3381826))

table 7 : explain SELECT k, c FROM sbtest7 WHERE k BETWEEN 3381726 AND 3381826
	Bitmap Heap Scan on sbtest7  (cost=5.50..417.57 rows=104 width=125)
	  Recheck Cond: ((k >= 3381726) AND (k <= 3381826))
	  ->  Bitmap Index Scan on k_7  (cost=0.00..5.47 rows=104 width=0)
	        Index Cond: ((k >= 3381726) AND (k <= 3381826))

table 8 : explain SELECT k, c FROM sbtest8 WHERE k BETWEEN 3381726 AND 3381826
	Bitmap Heap Scan on sbtest8  (cost=5.53..429.40 rows=107 width=125)
	  Recheck Cond: ((k >= 3381726) AND (k <= 3381826))
	  ->  Bitmap Index Scan on k_8  (cost=0.00..5.50 rows=107 width=0)
	        Index Cond: ((k >= 3381726) AND (k <= 3381826))

for range-notcovered
table 1 : explain SELECT k, c FROM sbtest1 WHERE k BETWEEN 3387239 AND 3387339
	Bitmap Heap Scan on sbtest1  (cost=5.40..377.88 rows=94 width=125)
	  Recheck Cond: ((k >= 3387239) AND (k <= 3387339))
	  ->  Bitmap Index Scan on k_1  (cost=0.00..5.38 rows=94 width=0)
	        Index Cond: ((k >= 3387239) AND (k <= 3387339))

table 2 : explain SELECT k, c FROM sbtest2 WHERE k BETWEEN 3387239 AND 3387339
	Bitmap Heap Scan on sbtest2  (cost=5.49..413.52 rows=103 width=125)
	  Recheck Cond: ((k >= 3387239) AND (k <= 3387339))
	  ->  Bitmap Index Scan on k_2  (cost=0.00..5.46 rows=103 width=0)
	        Index Cond: ((k >= 3387239) AND (k <= 3387339))

table 3 : explain SELECT k, c FROM sbtest3 WHERE k BETWEEN 3387239 AND 3387339
	Bitmap Heap Scan on sbtest3  (cost=5.50..417.44 rows=104 width=125)
	  Recheck Cond: ((k >= 3387239) AND (k <= 3387339))
	  ->  Bitmap Index Scan on k_3  (cost=0.00..5.47 rows=104 width=0)
	        Index Cond: ((k >= 3387239) AND (k <= 3387339))

table 4 : explain SELECT k, c FROM sbtest4 WHERE k BETWEEN 3387239 AND 3387339
	Bitmap Heap Scan on sbtest4  (cost=5.54..433.33 rows=108 width=125)
	  Recheck Cond: ((k >= 3387239) AND (k <= 3387339))
	  ->  Bitmap Index Scan on k_4  (cost=0.00..5.51 rows=108 width=0)
	        Index Cond: ((k >= 3387239) AND (k <= 3387339))

table 5 : explain SELECT k, c FROM sbtest5 WHERE k BETWEEN 3387239 AND 3387339
	Bitmap Heap Scan on sbtest5  (cost=5.50..417.55 rows=104 width=125)
	  Recheck Cond: ((k >= 3387239) AND (k <= 3387339))
	  ->  Bitmap Index Scan on k_5  (cost=0.00..5.47 rows=104 width=0)
	        Index Cond: ((k >= 3387239) AND (k <= 3387339))

table 6 : explain SELECT k, c FROM sbtest6 WHERE k BETWEEN 3387239 AND 3387339
	Bitmap Heap Scan on sbtest6  (cost=5.47..405.72 rows=101 width=125)
	  Recheck Cond: ((k >= 3387239) AND (k <= 3387339))
	  ->  Bitmap Index Scan on k_6  (cost=0.00..5.44 rows=101 width=0)
	        Index Cond: ((k >= 3387239) AND (k <= 3387339))

table 7 : explain SELECT k, c FROM sbtest7 WHERE k BETWEEN 3387239 AND 3387339
	Bitmap Heap Scan on sbtest7  (cost=5.50..417.57 rows=104 width=125)
	  Recheck Cond: ((k >= 3387239) AND (k <= 3387339))
	  ->  Bitmap Index Scan on k_7  (cost=0.00..5.47 rows=104 width=0)
	        Index Cond: ((k >= 3387239) AND (k <= 3387339))

table 8 : explain SELECT k, c FROM sbtest8 WHERE k BETWEEN 3387239 AND 3387339
	Bitmap Heap Scan on sbtest8  (cost=5.53..429.40 rows=107 width=125)
	  Recheck Cond: ((k >= 3387239) AND (k <= 3387339))
	  ->  Bitmap Index Scan on k_8  (cost=0.00..5.50 rows=107 width=0)
	        Index Cond: ((k >= 3387239) AND (k <= 3387339))
for range-notcovered
table 1 : explain SELECT k, c FROM sbtest1 WHERE k BETWEEN 7666786 AND 7666886
	Bitmap Heap Scan on sbtest1  (cost=5.48..409.44 rows=102 width=125)
	  Recheck Cond: ((k >= 7666786) AND (k <= 7666886))
	  ->  Bitmap Index Scan on k_1  (cost=0.00..5.45 rows=102 width=0)
	        Index Cond: ((k >= 7666786) AND (k <= 7666886))

table 2 : explain SELECT k, c FROM sbtest2 WHERE k BETWEEN 7666786 AND 7666886
	Bitmap Heap Scan on sbtest2  (cost=5.43..389.85 rows=97 width=125)
	  Recheck Cond: ((k >= 7666786) AND (k <= 7666886))
	  ->  Bitmap Index Scan on k_2  (cost=0.00..5.40 rows=97 width=0)
	        Index Cond: ((k >= 7666786) AND (k <= 7666886))

table 3 : explain SELECT k, c FROM sbtest3 WHERE k BETWEEN 7666786 AND 7666886
	Bitmap Heap Scan on sbtest3  (cost=5.46..401.66 rows=100 width=125)
	  Recheck Cond: ((k >= 7666786) AND (k <= 7666886))
	  ->  Bitmap Index Scan on k_3  (cost=0.00..5.43 rows=100 width=0)
	        Index Cond: ((k >= 7666786) AND (k <= 7666886))

table 4 : explain SELECT k, c FROM sbtest4 WHERE k BETWEEN 7666786 AND 7666886
	Bitmap Heap Scan on sbtest4  (cost=5.48..409.66 rows=102 width=125)
	  Recheck Cond: ((k >= 7666786) AND (k <= 7666886))
	  ->  Bitmap Index Scan on k_4  (cost=0.00..5.45 rows=102 width=0)
	        Index Cond: ((k >= 7666786) AND (k <= 7666886))

table 5 : explain SELECT k, c FROM sbtest5 WHERE k BETWEEN 7666786 AND 7666886
	Bitmap Heap Scan on sbtest5  (cost=5.56..441.22 rows=110 width=125)
	  Recheck Cond: ((k >= 7666786) AND (k <= 7666886))
	  ->  Bitmap Index Scan on k_5  (cost=0.00..5.53 rows=110 width=0)
	        Index Cond: ((k >= 7666786) AND (k <= 7666886))

table 6 : explain SELECT k, c FROM sbtest6 WHERE k BETWEEN 7666786 AND 7666886
	Bitmap Heap Scan on sbtest6  (cost=5.47..405.72 rows=101 width=125)
	  Recheck Cond: ((k >= 7666786) AND (k <= 7666886))
	  ->  Bitmap Index Scan on k_6  (cost=0.00..5.44 rows=101 width=0)
	        Index Cond: ((k >= 7666786) AND (k <= 7666886))

table 7 : explain SELECT k, c FROM sbtest7 WHERE k BETWEEN 7666786 AND 7666886
	Bitmap Heap Scan on sbtest7  (cost=5.47..405.73 rows=101 width=125)
	  Recheck Cond: ((k >= 7666786) AND (k <= 7666886))
	  ->  Bitmap Index Scan on k_7  (cost=0.00..5.44 rows=101 width=0)
	        Index Cond: ((k >= 7666786) AND (k <= 7666886))

table 8 : explain SELECT k, c FROM sbtest8 WHERE k BETWEEN 7666786 AND 7666886
	Bitmap Heap Scan on sbtest8  (cost=5.47..405.73 rows=101 width=125)
	  Recheck Cond: ((k >= 7666786) AND (k <= 7666886))
	  ->  Bitmap Index Scan on k_8  (cost=0.00..5.44 rows=101 width=0)
	        Index Cond: ((k >= 7666786) AND (k <= 7666886))


explain: for range-notcovered :: explain SELECT k, c FROM sbtest%d WHERE k BETWEEN 3381726 AND 3381826
explain: for range-notcovered :: explain SELECT k, c FROM sbtest%d WHERE k BETWEEN 7666786 AND 7666886
explain: for range-notcovered :: explain SELECT k, c FROM sbtest%d WHERE k BETWEEN 3387239 AND 3387339
for range-notcovered
table 1 : explain SELECT k, c FROM sbtest1 WHERE k BETWEEN 7061135 AND 7061235
	Bitmap Heap Scan on sbtest1  (cost=5.46..401.56 rows=100 width=125)
	  Recheck Cond: ((k >= 7061135) AND (k <= 7061235))
	  ->  Bitmap Index Scan on k_1  (cost=0.00..5.43 rows=100 width=0)
	        Index Cond: ((k >= 7061135) AND (k <= 7061235))

table 2 : explain SELECT k, c FROM sbtest2 WHERE k BETWEEN 7061135 AND 7061235
	Bitmap Heap Scan on sbtest2  (cost=5.59..452.95 rows=113 width=125)
	  Recheck Cond: ((k >= 7061135) AND (k <= 7061235))
	  ->  Bitmap Index Scan on k_2  (cost=0.00..5.56 rows=113 width=0)
	        Index Cond: ((k >= 7061135) AND (k <= 7061235))

table 3 : explain SELECT k, c FROM sbtest3 WHERE k BETWEEN 7061135 AND 7061235
	Bitmap Heap Scan on sbtest3  (cost=5.51..421.38 rows=105 width=125)
	  Recheck Cond: ((k >= 7061135) AND (k <= 7061235))
	  ->  Bitmap Index Scan on k_3  (cost=0.00..5.48 rows=105 width=0)
	        Index Cond: ((k >= 7061135) AND (k <= 7061235))

table 4 : explain SELECT k, c FROM sbtest4 WHERE k BETWEEN 7061135 AND 7061235
	Bitmap Heap Scan on sbtest4  (cost=5.39..374.13 rows=93 width=125)
	  Recheck Cond: ((k >= 7061135) AND (k <= 7061235))
	  ->  Bitmap Index Scan on k_4  (cost=0.00..5.36 rows=93 width=0)
	        Index Cond: ((k >= 7061135) AND (k <= 7061235))

table 5 : explain SELECT k, c FROM sbtest5 WHERE k BETWEEN 7061135 AND 7061235
	Bitmap Heap Scan on sbtest5  (cost=5.48..409.66 rows=102 width=125)
	  Recheck Cond: ((k >= 7061135) AND (k <= 7061235))
	  ->  Bitmap Index Scan on k_5  (cost=0.00..5.45 rows=102 width=0)
	        Index Cond: ((k >= 7061135) AND (k <= 7061235))

table 6 : explain SELECT k, c FROM sbtest6 WHERE k BETWEEN 7061135 AND 7061235
	Bitmap Heap Scan on sbtest6  (cost=5.39..374.13 rows=93 width=125)
	  Recheck Cond: ((k >= 7061135) AND (k <= 7061235))
	  ->  Bitmap Index Scan on k_6  (cost=0.00..5.36 rows=93 width=0)
	        Index Cond: ((k >= 7061135) AND (k <= 7061235))

table 7 : explain SELECT k, c FROM sbtest7 WHERE k BETWEEN 7061135 AND 7061235
	Bitmap Heap Scan on sbtest7  (cost=5.47..405.73 rows=101 width=125)
	  Recheck Cond: ((k >= 7061135) AND (k <= 7061235))
	  ->  Bitmap Index Scan on k_7  (cost=0.00..5.44 rows=101 width=0)
	        Index Cond: ((k >= 7061135) AND (k <= 7061235))

table 8 : explain SELECT k, c FROM sbtest8 WHERE k BETWEEN 7061135 AND 7061235
	Bitmap Heap Scan on sbtest8  (cost=5.43..389.94 rows=97 width=125)
	  Recheck Cond: ((k >= 7061135) AND (k <= 7061235))
	  ->  Bitmap Index Scan on k_8  (cost=0.00..5.40 rows=97 width=0)
	        Index Cond: ((k >= 7061135) AND (k <= 7061235))

for range-notcovered
table 1 : explain SELECT k, c FROM sbtest1 WHERE k BETWEEN 6378839 AND 6378939
	Bitmap Heap Scan on sbtest1  (cost=5.47..405.50 rows=101 width=125)
	  Recheck Cond: ((k >= 6378839) AND (k <= 6378939))
	  ->  Bitmap Index Scan on k_1  (cost=0.00..5.44 rows=101 width=0)
	        Index Cond: ((k >= 6378839) AND (k <= 6378939))

table 2 : explain SELECT k, c FROM sbtest2 WHERE k BETWEEN 6378839 AND 6378939
	Bitmap Heap Scan on sbtest2  (cost=5.60..456.89 rows=114 width=125)
	  Recheck Cond: ((k >= 6378839) AND (k <= 6378939))
	  ->  Bitmap Index Scan on k_2  (cost=0.00..5.58 rows=114 width=0)
	        Index Cond: ((k >= 6378839) AND (k <= 6378939))

table 3 : explain SELECT k, c FROM sbtest3 WHERE k BETWEEN 6378839 AND 6378939
	Bitmap Heap Scan on sbtest3  (cost=5.48..409.55 rows=102 width=125)
	  Recheck Cond: ((k >= 6378839) AND (k <= 6378939))
	  ->  Bitmap Index Scan on k_3  (cost=0.00..5.45 rows=102 width=0)
	        Index Cond: ((k >= 6378839) AND (k <= 6378939))

table 4 : explain SELECT k, c FROM sbtest4 WHERE k BETWEEN 6378839 AND 6378939
	Bitmap Heap Scan on sbtest4  (cost=5.44..393.87 rows=98 width=125)
	  Recheck Cond: ((k >= 6378839) AND (k <= 6378939))
	  ->  Bitmap Index Scan on k_4  (cost=0.00..5.42 rows=98 width=0)
	        Index Cond: ((k >= 6378839) AND (k <= 6378939))

table 5 : explain SELECT k, c FROM sbtest5 WHERE k BETWEEN 6378839 AND 6378939
	Bitmap Heap Scan on sbtest5  (cost=5.39..374.12 rows=93 width=125)
	  Recheck Cond: ((k >= 6378839) AND (k <= 6378939))
	  ->  Bitmap Index Scan on k_5  (cost=0.00..5.36 rows=93 width=0)
	        Index Cond: ((k >= 6378839) AND (k <= 6378939))

table 6 : explain SELECT k, c FROM sbtest6 WHERE k BETWEEN 6378839 AND 6378939
	Bitmap Heap Scan on sbtest6  (cost=5.36..362.28 rows=90 width=125)
	  Recheck Cond: ((k >= 6378839) AND (k <= 6378939))
	  ->  Bitmap Index Scan on k_6  (cost=0.00..5.33 rows=90 width=0)
	        Index Cond: ((k >= 6378839) AND (k <= 6378939))

table 7 : explain SELECT k, c FROM sbtest7 WHERE k BETWEEN 6378839 AND 6378939
	Bitmap Heap Scan on sbtest7  (cost=5.58..449.13 rows=112 width=125)
	  Recheck Cond: ((k >= 6378839) AND (k <= 6378939))
	  ->  Bitmap Index Scan on k_7  (cost=0.00..5.55 rows=112 width=0)
	        Index Cond: ((k >= 6378839) AND (k <= 6378939))

table 8 : explain SELECT k, c FROM sbtest8 WHERE k BETWEEN 6378839 AND 6378939
	Bitmap Heap Scan on sbtest8  (cost=5.48..409.67 rows=102 width=125)
	  Recheck Cond: ((k >= 6378839) AND (k <= 6378939))
	  ->  Bitmap Index Scan on k_8  (cost=0.00..5.45 rows=102 width=0)
	        Index Cond: ((k >= 6378839) AND (k <= 6378939))

for range-notcovered
table 1 : explain SELECT k, c FROM sbtest1 WHERE k BETWEEN 1664440 AND 1664540
	Bitmap Heap Scan on sbtest1  (cost=5.38..369.99 rows=92 width=125)
	  Recheck Cond: ((k >= 1664440) AND (k <= 1664540))
	  ->  Bitmap Index Scan on k_1  (cost=0.00..5.35 rows=92 width=0)
	        Index Cond: ((k >= 1664440) AND (k <= 1664540))

table 2 : explain SELECT k, c FROM sbtest2 WHERE k BETWEEN 1664440 AND 1664540
	Bitmap Heap Scan on sbtest2  (cost=5.43..389.85 rows=97 width=125)
	  Recheck Cond: ((k >= 1664440) AND (k <= 1664540))
	  ->  Bitmap Index Scan on k_2  (cost=0.00..5.40 rows=97 width=0)
	        Index Cond: ((k >= 1664440) AND (k <= 1664540))

table 3 : explain SELECT k, c FROM sbtest3 WHERE k BETWEEN 1664440 AND 1664540
	Bitmap Heap Scan on sbtest3  (cost=5.57..445.04 rows=111 width=125)
	  Recheck Cond: ((k >= 1664440) AND (k <= 1664540))
	  ->  Bitmap Index Scan on k_3  (cost=0.00..5.54 rows=111 width=0)
	        Index Cond: ((k >= 1664440) AND (k <= 1664540))

table 4 : explain SELECT k, c FROM sbtest4 WHERE k BETWEEN 1664440 AND 1664540
	Bitmap Heap Scan on sbtest4  (cost=5.45..397.82 rows=99 width=125)
	  Recheck Cond: ((k >= 1664440) AND (k <= 1664540))
	  ->  Bitmap Index Scan on k_4  (cost=0.00..5.42 rows=99 width=0)
	        Index Cond: ((k >= 1664440) AND (k <= 1664540))

table 5 : explain SELECT k, c FROM sbtest5 WHERE k BETWEEN 1664440 AND 1664540
	Bitmap Heap Scan on sbtest5  (cost=5.49..413.60 rows=103 width=125)
	  Recheck Cond: ((k >= 1664440) AND (k <= 1664540))
	  ->  Bitmap Index Scan on k_5  (cost=0.00..5.46 rows=103 width=0)
	        Index Cond: ((k >= 1664440) AND (k <= 1664540))

table 6 : explain SELECT k, c FROM sbtest6 WHERE k BETWEEN 1664440 AND 1664540
	Bitmap Heap Scan on sbtest6  (cost=5.49..413.62 rows=103 width=125)
	  Recheck Cond: ((k >= 1664440) AND (k <= 1664540))
	  ->  Bitmap Index Scan on k_6  (cost=0.00..5.46 rows=103 width=0)
	        Index Cond: ((k >= 1664440) AND (k <= 1664540))

table 7 : explain SELECT k, c FROM sbtest7 WHERE k BETWEEN 1664440 AND 1664540
	Bitmap Heap Scan on sbtest7  (cost=5.45..397.83 rows=99 width=125)
	  Recheck Cond: ((k >= 1664440) AND (k <= 1664540))
	  ->  Bitmap Index Scan on k_7  (cost=0.00..5.42 rows=99 width=0)
	        Index Cond: ((k >= 1664440) AND (k <= 1664540))

table 8 : explain SELECT k, c FROM sbtest8 WHERE k BETWEEN 1664440 AND 1664540
	Bitmap Heap Scan on sbtest8  (cost=5.46..401.78 rows=100 width=125)
	  Recheck Cond: ((k >= 1664440) AND (k <= 1664540))
	  ->  Bitmap Index Scan on k_8  (cost=0.00..5.43 rows=100 width=0)
	        Index Cond: ((k >= 1664440) AND (k <= 1664540))

for range-notcovered
table 1 : explain SELECT k, c FROM sbtest1 WHERE k BETWEEN 6280881 AND 6280981
	Bitmap Heap Scan on sbtest1  (cost=5.59..452.80 rows=113 width=125)
	  Recheck Cond: ((k >= 6280881) AND (k <= 6280981))
	  ->  Bitmap Index Scan on k_1  (cost=0.00..5.56 rows=113 width=0)
	        Index Cond: ((k >= 6280881) AND (k <= 6280981))

table 2 : explain SELECT k, c FROM sbtest2 WHERE k BETWEEN 6280881 AND 6280981
	Bitmap Heap Scan on sbtest2  (cost=5.58..449.01 rows=112 width=125)
	  Recheck Cond: ((k >= 6280881) AND (k <= 6280981))
	  ->  Bitmap Index Scan on k_2  (cost=0.00..5.55 rows=112 width=0)
	        Index Cond: ((k >= 6280881) AND (k <= 6280981))

table 3 : explain SELECT k, c FROM sbtest3 WHERE k BETWEEN 6280881 AND 6280981
	Bitmap Heap Scan on sbtest3  (cost=5.51..421.38 rows=105 width=125)
	  Recheck Cond: ((k >= 6280881) AND (k <= 6280981))
	  ->  Bitmap Index Scan on k_3  (cost=0.00..5.48 rows=105 width=0)
	        Index Cond: ((k >= 6280881) AND (k <= 6280981))

table 4 : explain SELECT k, c FROM sbtest4 WHERE k BETWEEN 6280881 AND 6280981
	Bitmap Heap Scan on sbtest4  (cost=5.45..397.82 rows=99 width=125)
	  Recheck Cond: ((k >= 6280881) AND (k <= 6280981))
	  ->  Bitmap Index Scan on k_4  (cost=0.00..5.42 rows=99 width=0)
	        Index Cond: ((k >= 6280881) AND (k <= 6280981))

table 5 : explain SELECT k, c FROM sbtest5 WHERE k BETWEEN 6280881 AND 6280981
	Bitmap Heap Scan on sbtest5  (cost=5.50..417.55 rows=104 width=125)
	  Recheck Cond: ((k >= 6280881) AND (k <= 6280981))
	  ->  Bitmap Index Scan on k_5  (cost=0.00..5.47 rows=104 width=0)
	        Index Cond: ((k >= 6280881) AND (k <= 6280981))

table 6 : explain SELECT k, c FROM sbtest6 WHERE k BETWEEN 6280881 AND 6280981
	Bitmap Heap Scan on sbtest6  (cost=5.52..425.45 rows=106 width=125)
	  Recheck Cond: ((k >= 6280881) AND (k <= 6280981))
	  ->  Bitmap Index Scan on k_6  (cost=0.00..5.50 rows=106 width=0)
	        Index Cond: ((k >= 6280881) AND (k <= 6280981))

table 7 : explain SELECT k, c FROM sbtest7 WHERE k BETWEEN 6280881 AND 6280981
	Bitmap Heap Scan on sbtest7  (cost=5.45..397.83 rows=99 width=125)
	  Recheck Cond: ((k >= 6280881) AND (k <= 6280981))
	  ->  Bitmap Index Scan on k_7  (cost=0.00..5.42 rows=99 width=0)
	        Index Cond: ((k >= 6280881) AND (k <= 6280981))

table 8 : explain SELECT k, c FROM sbtest8 WHERE k BETWEEN 6280881 AND 6280981
	Bitmap Heap Scan on sbtest8  (cost=5.53..429.40 rows=107 width=125)
	  Recheck Cond: ((k >= 6280881) AND (k <= 6280981))
	  ->  Bitmap Index Scan on k_8  (cost=0.00..5.50 rows=107 width=0)
	        Index Cond: ((k >= 6280881) AND (k <= 6280981))

explain: for range-notcovered :: explain SELECT k, c FROM sbtest%d WHERE k BETWEEN 7061135 AND 7061235
for range-notcovered
table 1 : explain SELECT k, c FROM sbtest1 WHERE k BETWEEN 3918058 AND 3918158
	Bitmap Heap Scan on sbtest1  (cost=5.43..389.72 rows=97 width=125)
	  Recheck Cond: ((k >= 3918058) AND (k <= 3918158))
	  ->  Bitmap Index Scan on k_1  (cost=0.00..5.40 rows=97 width=0)
	        Index Cond: ((k >= 3918058) AND (k <= 3918158))

table 2 : explain SELECT k, c FROM sbtest2 WHERE k BETWEEN 3918058 AND 3918158
	Bitmap Heap Scan on sbtest2  (cost=5.43..389.85 rows=97 width=125)
	  Recheck Cond: ((k >= 3918058) AND (k <= 3918158))
	  ->  Bitmap Index Scan on k_2  (cost=0.00..5.40 rows=97 width=0)
	        Index Cond: ((k >= 3918058) AND (k <= 3918158))

table 3 : explain SELECT k, c FROM sbtest3 WHERE k BETWEEN 3918058 AND 3918158
	Bitmap Heap Scan on sbtest3  (cost=5.58..448.98 rows=112 width=125)
	  Recheck Cond: ((k >= 3918058) AND (k <= 3918158))
	  ->  Bitmap Index Scan on k_3  (cost=0.00..5.55 rows=112 width=0)
	        Index Cond: ((k >= 3918058) AND (k <= 3918158))

table 4 : explain SELECT k, c FROM sbtest4 WHERE k BETWEEN 3918058 AND 3918158
	Bitmap Heap Scan on sbtest4  (cost=5.53..429.39 rows=107 width=125)
	  Recheck Cond: ((k >= 3918058) AND (k <= 3918158))
	  ->  Bitmap Index Scan on k_4  (cost=0.00..5.50 rows=107 width=0)
	        Index Cond: ((k >= 3918058) AND (k <= 3918158))

table 5 : explain SELECT k, c FROM sbtest5 WHERE k BETWEEN 3918058 AND 3918158
	Bitmap Heap Scan on sbtest5  (cost=5.51..421.49 rows=105 width=125)
	  Recheck Cond: ((k >= 3918058) AND (k <= 3918158))
	  ->  Bitmap Index Scan on k_5  (cost=0.00..5.48 rows=105 width=0)
	        Index Cond: ((k >= 3918058) AND (k <= 3918158))

table 6 : explain SELECT k, c FROM sbtest6 WHERE k BETWEEN 3918058 AND 3918158
	Bitmap Heap Scan on sbtest6  (cost=5.42..385.98 rows=96 width=125)
	  Recheck Cond: ((k >= 3918058) AND (k <= 3918158))
	  ->  Bitmap Index Scan on k_6  (cost=0.00..5.39 rows=96 width=0)
	        Index Cond: ((k >= 3918058) AND (k <= 3918158))

table 7 : explain SELECT k, c FROM sbtest7 WHERE k BETWEEN 3918058 AND 3918158
	Bitmap Heap Scan on sbtest7  (cost=5.37..366.24 rows=91 width=125)
	  Recheck Cond: ((k >= 3918058) AND (k <= 3918158))
	  ->  Bitmap Index Scan on k_7  (cost=0.00..5.34 rows=91 width=0)
	        Index Cond: ((k >= 3918058) AND (k <= 3918158))

table 8 : explain SELECT k, c FROM sbtest8 WHERE k BETWEEN 3918058 AND 3918158
	Bitmap Heap Scan on sbtest8  (cost=5.42..385.99 rows=96 width=125)
	  Recheck Cond: ((k >= 3918058) AND (k <= 3918158))
	  ->  Bitmap Index Scan on k_8  (cost=0.00..5.39 rows=96 width=0)
	        Index Cond: ((k >= 3918058) AND (k <= 3918158))

explain: for range-notcovered :: explain SELECT k, c FROM sbtest%d WHERE k BETWEEN 1664440 AND 1664540
explain: for range-notcovered :: explain SELECT k, c FROM sbtest%d WHERE k BETWEEN 6280881 AND 6280981
for range-notcovered
table 1 : explain SELECT k, c FROM sbtest1 WHERE k BETWEEN 4811934 AND 4812034
	Bitmap Heap Scan on sbtest1  (cost=5.47..405.50 rows=101 width=125)
	  Recheck Cond: ((k >= 4811934) AND (k <= 4812034))
	  ->  Bitmap Index Scan on k_1  (cost=0.00..5.44 rows=101 width=0)
	        Index Cond: ((k >= 4811934) AND (k <= 4812034))

table 2 : explain SELECT k, c FROM sbtest2 WHERE k BETWEEN 4811934 AND 4812034
	Bitmap Heap Scan on sbtest2  (cost=5.47..405.63 rows=101 width=125)
	  Recheck Cond: ((k >= 4811934) AND (k <= 4812034))
	  ->  Bitmap Index Scan on k_2  (cost=0.00..5.44 rows=101 width=0)
	        Index Cond: ((k >= 4811934) AND (k <= 4812034))

table 3 : explain SELECT k, c FROM sbtest3 WHERE k BETWEEN 4811934 AND 4812034
	Bitmap Heap Scan on sbtest3  (cost=5.46..401.66 rows=100 width=125)
	  Recheck Cond: ((k >= 4811934) AND (k <= 4812034))
	  ->  Bitmap Index Scan on k_3  (cost=0.00..5.43 rows=100 width=0)
	        Index Cond: ((k >= 4811934) AND (k <= 4812034))

table 4 : explain SELECT k, c FROM sbtest4 WHERE k BETWEEN 4811934 AND 4812034
	Bitmap Heap Scan on sbtest4  (cost=5.56..441.22 rows=110 width=125)
	  Recheck Cond: ((k >= 4811934) AND (k <= 4812034))
	  ->  Bitmap Index Scan on k_4  (cost=0.00..5.53 rows=110 width=0)
	        Index Cond: ((k >= 4811934) AND (k <= 4812034))

table 5 : explain SELECT k, c FROM sbtest5 WHERE k BETWEEN 4811934 AND 4812034
	Bitmap Heap Scan on sbtest5  (cost=5.48..409.66 rows=102 width=125)
	  Recheck Cond: ((k >= 4811934) AND (k <= 4812034))
	  ->  Bitmap Index Scan on k_5  (cost=0.00..5.45 rows=102 width=0)
	        Index Cond: ((k >= 4811934) AND (k <= 4812034))

table 6 : explain SELECT k, c FROM sbtest6 WHERE k BETWEEN 4811934 AND 4812034
	Bitmap Heap Scan on sbtest6  (cost=5.39..374.13 rows=93 width=125)
	  Recheck Cond: ((k >= 4811934) AND (k <= 4812034))
	  ->  Bitmap Index Scan on k_6  (cost=0.00..5.36 rows=93 width=0)
	        Index Cond: ((k >= 4811934) AND (k <= 4812034))

table 7 : explain SELECT k, c FROM sbtest7 WHERE k BETWEEN 4811934 AND 4812034
	Bitmap Heap Scan on sbtest7  (cost=5.53..429.41 rows=107 width=125)
	  Recheck Cond: ((k >= 4811934) AND (k <= 4812034))
	  ->  Bitmap Index Scan on k_7  (cost=0.00..5.50 rows=107 width=0)
	        Index Cond: ((k >= 4811934) AND (k <= 4812034))

table 8 : explain SELECT k, c FROM sbtest8 WHERE k BETWEEN 4811934 AND 4812034
	Bitmap Heap Scan on sbtest8  (cost=5.35..358.33 rows=89 width=125)
	  Recheck Cond: ((k >= 4811934) AND (k <= 4812034))
	  ->  Bitmap Index Scan on k_8  (cost=0.00..5.32 rows=89 width=0)
	        Index Cond: ((k >= 4811934) AND (k <= 4812034))

explain: for range-notcovered :: explain SELECT k, c FROM sbtest%d WHERE k BETWEEN 6378839 AND 6378939
explain: for range-notcovered :: explain SELECT k, c FROM sbtest%d WHERE k BETWEEN 3918058 AND 3918158
explain: for range-notcovered :: explain SELECT k, c FROM sbtest%d WHERE k BETWEEN 4811934 AND 4812034
for range-notcovered
table 1 : explain SELECT k, c FROM sbtest1 WHERE k BETWEEN 3691681 AND 3691781
	Bitmap Heap Scan on sbtest1  (cost=5.56..440.98 rows=110 width=125)
	  Recheck Cond: ((k >= 3691681) AND (k <= 3691781))
	  ->  Bitmap Index Scan on k_1  (cost=0.00..5.53 rows=110 width=0)
	        Index Cond: ((k >= 3691681) AND (k <= 3691781))

table 2 : explain SELECT k, c FROM sbtest2 WHERE k BETWEEN 3691681 AND 3691781
	Bitmap Heap Scan on sbtest2  (cost=5.40..378.00 rows=94 width=125)
	  Recheck Cond: ((k >= 3691681) AND (k <= 3691781))
	  ->  Bitmap Index Scan on k_2  (cost=0.00..5.38 rows=94 width=0)
	        Index Cond: ((k >= 3691681) AND (k <= 3691781))

table 3 : explain SELECT k, c FROM sbtest3 WHERE k BETWEEN 3691681 AND 3691781
	Bitmap Heap Scan on sbtest3  (cost=5.34..354.28 rows=88 width=125)
	  Recheck Cond: ((k >= 3691681) AND (k <= 3691781))
	  ->  Bitmap Index Scan on k_3  (cost=0.00..5.31 rows=88 width=0)
	        Index Cond: ((k >= 3691681) AND (k <= 3691781))

table 4 : explain SELECT k, c FROM sbtest4 WHERE k BETWEEN 3691681 AND 3691781
	Bitmap Heap Scan on sbtest4  (cost=5.59..453.05 rows=113 width=125)
	  Recheck Cond: ((k >= 3691681) AND (k <= 3691781))
	  ->  Bitmap Index Scan on k_4  (cost=0.00..5.56 rows=113 width=0)
	        Index Cond: ((k >= 3691681) AND (k <= 3691781))

table 5 : explain SELECT k, c FROM sbtest5 WHERE k BETWEEN 3691681 AND 3691781
	Bitmap Heap Scan on sbtest5  (cost=5.55..437.27 rows=109 width=125)
	  Recheck Cond: ((k >= 3691681) AND (k <= 3691781))
	  ->  Bitmap Index Scan on k_5  (cost=0.00..5.52 rows=109 width=0)
	        Index Cond: ((k >= 3691681) AND (k <= 3691781))

table 6 : explain SELECT k, c FROM sbtest6 WHERE k BETWEEN 3691681 AND 3691781
	Bitmap Heap Scan on sbtest6  (cost=5.50..417.56 rows=104 width=125)
	  Recheck Cond: ((k >= 3691681) AND (k <= 3691781))
	  ->  Bitmap Index Scan on k_6  (cost=0.00..5.47 rows=104 width=0)
	        Index Cond: ((k >= 3691681) AND (k <= 3691781))

table 7 : explain SELECT k, c FROM sbtest7 WHERE k BETWEEN 3691681 AND 3691781
	Bitmap Heap Scan on sbtest7  (cost=5.42..385.99 rows=96 width=125)
	  Recheck Cond: ((k >= 3691681) AND (k <= 3691781))
	  ->  Bitmap Index Scan on k_7  (cost=0.00..5.39 rows=96 width=0)
	        Index Cond: ((k >= 3691681) AND (k <= 3691781))

table 8 : explain SELECT k, c FROM sbtest8 WHERE k BETWEEN 3691681 AND 3691781
	Bitmap Heap Scan on sbtest8  (cost=5.44..393.88 rows=98 width=125)
	  Recheck Cond: ((k >= 3691681) AND (k <= 3691781))
	  ->  Bitmap Index Scan on k_8  (cost=0.00..5.42 rows=98 width=0)
	        Index Cond: ((k >= 3691681) AND (k <= 3691781))

for range-notcovered
table 1 : explain SELECT k, c FROM sbtest1 WHERE k BETWEEN 3149803 AND 3149903
	Bitmap Heap Scan on sbtest1  (cost=5.37..366.04 rows=91 width=125)
	  Recheck Cond: ((k >= 3149803) AND (k <= 3149903))
	  ->  Bitmap Index Scan on k_1  (cost=0.00..5.34 rows=91 width=0)
	        Index Cond: ((k >= 3149803) AND (k <= 3149903))

table 2 : explain SELECT k, c FROM sbtest2 WHERE k BETWEEN 3149803 AND 3149903
	Bitmap Heap Scan on sbtest2  (cost=5.55..437.19 rows=109 width=125)
	  Recheck Cond: ((k >= 3149803) AND (k <= 3149903))
	  ->  Bitmap Index Scan on k_2  (cost=0.00..5.52 rows=109 width=0)
	        Index Cond: ((k >= 3149803) AND (k <= 3149903))

table 3 : explain SELECT k, c FROM sbtest3 WHERE k BETWEEN 3149803 AND 3149903
	Bitmap Heap Scan on sbtest3  (cost=5.39..374.03 rows=93 width=125)
	  Recheck Cond: ((k >= 3149803) AND (k <= 3149903))
	  ->  Bitmap Index Scan on k_3  (cost=0.00..5.36 rows=93 width=0)
	        Index Cond: ((k >= 3149803) AND (k <= 3149903))

table 4 : explain SELECT k, c FROM sbtest4 WHERE k BETWEEN 3149803 AND 3149903
	Bitmap Heap Scan on sbtest4  (cost=5.48..409.66 rows=102 width=125)
	  Recheck Cond: ((k >= 3149803) AND (k <= 3149903))
	  ->  Bitmap Index Scan on k_4  (cost=0.00..5.45 rows=102 width=0)
	        Index Cond: ((k >= 3149803) AND (k <= 3149903))

table 5 : explain SELECT k, c FROM sbtest5 WHERE k BETWEEN 3149803 AND 3149903
	Bitmap Heap Scan on sbtest5  (cost=5.39..374.12 rows=93 width=125)
	  Recheck Cond: ((k >= 3149803) AND (k <= 3149903))
	  ->  Bitmap Index Scan on k_5  (cost=0.00..5.36 rows=93 width=0)
	        Index Cond: ((k >= 3149803) AND (k <= 3149903))

table 6 : explain SELECT k, c FROM sbtest6 WHERE k BETWEEN 3149803 AND 3149903
	Bitmap Heap Scan on sbtest6  (cost=5.41..382.03 rows=95 width=125)
	  Recheck Cond: ((k >= 3149803) AND (k <= 3149903))
	  ->  Bitmap Index Scan on k_6  (cost=0.00..5.38 rows=95 width=0)
	        Index Cond: ((k >= 3149803) AND (k <= 3149903))

table 7 : explain SELECT k, c FROM sbtest7 WHERE k BETWEEN 3149803 AND 3149903
	Bitmap Heap Scan on sbtest7  (cost=5.44..393.89 rows=98 width=125)
	  Recheck Cond: ((k >= 3149803) AND (k <= 3149903))
	  ->  Bitmap Index Scan on k_7  (cost=0.00..5.42 rows=98 width=0)
	        Index Cond: ((k >= 3149803) AND (k <= 3149903))

table 8 : explain SELECT k, c FROM sbtest8 WHERE k BETWEEN 3149803 AND 3149903
	Bitmap Heap Scan on sbtest8  (cost=5.46..401.78 rows=100 width=125)
	  Recheck Cond: ((k >= 3149803) AND (k <= 3149903))
	  ->  Bitmap Index Scan on k_8  (cost=0.00..5.43 rows=100 width=0)
	        Index Cond: ((k >= 3149803) AND (k <= 3149903))

for range-notcovered
table 1 : explain SELECT k, c FROM sbtest1 WHERE k BETWEEN 6004579 AND 6004679
	Bitmap Heap Scan on sbtest1  (cost=5.41..381.83 rows=95 width=125)
	  Recheck Cond: ((k >= 6004579) AND (k <= 6004679))
	  ->  Bitmap Index Scan on k_1  (cost=0.00..5.38 rows=95 width=0)
	        Index Cond: ((k >= 6004579) AND (k <= 6004679))

table 2 : explain SELECT k, c FROM sbtest2 WHERE k BETWEEN 6004579 AND 6004679
	Bitmap Heap Scan on sbtest2  (cost=5.55..437.19 rows=109 width=125)
	  Recheck Cond: ((k >= 6004579) AND (k <= 6004679))
	  ->  Bitmap Index Scan on k_2  (cost=0.00..5.52 rows=109 width=0)
	        Index Cond: ((k >= 6004579) AND (k <= 6004679))

table 3 : explain SELECT k, c FROM sbtest3 WHERE k BETWEEN 6004579 AND 6004679
	Bitmap Heap Scan on sbtest3  (cost=5.54..433.21 rows=108 width=125)
	  Recheck Cond: ((k >= 6004579) AND (k <= 6004679))
	  ->  Bitmap Index Scan on k_3  (cost=0.00..5.51 rows=108 width=0)
	        Index Cond: ((k >= 6004579) AND (k <= 6004679))

table 4 : explain SELECT k, c FROM sbtest4 WHERE k BETWEEN 6004579 AND 6004679
	Bitmap Heap Scan on sbtest4  (cost=5.50..417.55 rows=104 width=125)
	  Recheck Cond: ((k >= 6004579) AND (k <= 6004679))
	  ->  Bitmap Index Scan on k_4  (cost=0.00..5.47 rows=104 width=0)
	        Index Cond: ((k >= 6004579) AND (k <= 6004679))

table 5 : explain SELECT k, c FROM sbtest5 WHERE k BETWEEN 6004579 AND 6004679
	Bitmap Heap Scan on sbtest5  (cost=5.57..445.16 rows=111 width=125)
	  Recheck Cond: ((k >= 6004579) AND (k <= 6004679))
	  ->  Bitmap Index Scan on k_5  (cost=0.00..5.54 rows=111 width=0)
	        Index Cond: ((k >= 6004579) AND (k <= 6004679))

table 6 : explain SELECT k, c FROM sbtest6 WHERE k BETWEEN 6004579 AND 6004679
	Bitmap Heap Scan on sbtest6  (cost=5.49..413.62 rows=103 width=125)
	  Recheck Cond: ((k >= 6004579) AND (k <= 6004679))
	  ->  Bitmap Index Scan on k_6  (cost=0.00..5.46 rows=103 width=0)
	        Index Cond: ((k >= 6004579) AND (k <= 6004679))

table 7 : explain SELECT k, c FROM sbtest7 WHERE k BETWEEN 6004579 AND 6004679
	Bitmap Heap Scan on sbtest7  (cost=5.52..425.46 rows=106 width=125)
	  Recheck Cond: ((k >= 6004579) AND (k <= 6004679))
	  ->  Bitmap Index Scan on k_7  (cost=0.00..5.50 rows=106 width=0)
	        Index Cond: ((k >= 6004579) AND (k <= 6004679))

table 8 : explain SELECT k, c FROM sbtest8 WHERE k BETWEEN 6004579 AND 6004679
	Bitmap Heap Scan on sbtest8  (cost=5.45..397.83 rows=99 width=125)
	  Recheck Cond: ((k >= 6004579) AND (k <= 6004679))
	  ->  Bitmap Index Scan on k_8  (cost=0.00..5.42 rows=99 width=0)
	        Index Cond: ((k >= 6004579) AND (k <= 6004679))

explain: for range-notcovered :: explain SELECT k, c FROM sbtest%d WHERE k BETWEEN 3691681 AND 3691781
explain: for range-notcovered :: explain SELECT k, c FROM sbtest%d WHERE k BETWEEN 3149803 AND 3149903
explain: for range-notcovered :: explain SELECT k, c FROM sbtest%d WHERE k BETWEEN 6004579 AND 6004679
for range-notcovered
table 1 : explain SELECT k, c FROM sbtest1 WHERE k BETWEEN 8895132 AND 8895232
	Bitmap Heap Scan on sbtest1  (cost=5.38..369.99 rows=92 width=125)
	  Recheck Cond: ((k >= 8895132) AND (k <= 8895232))
	  ->  Bitmap Index Scan on k_1  (cost=0.00..5.35 rows=92 width=0)
	        Index Cond: ((k >= 8895132) AND (k <= 8895232))

table 2 : explain SELECT k, c FROM sbtest2 WHERE k BETWEEN 8895132 AND 8895232
	Bitmap Heap Scan on sbtest2  (cost=5.42..385.90 rows=96 width=125)
	  Recheck Cond: ((k >= 8895132) AND (k <= 8895232))
	  ->  Bitmap Index Scan on k_2  (cost=0.00..5.39 rows=96 width=0)
	        Index Cond: ((k >= 8895132) AND (k <= 8895232))

table 3 : explain SELECT k, c FROM sbtest3 WHERE k BETWEEN 8895132 AND 8895232
	Bitmap Heap Scan on sbtest3  (cost=5.43..389.82 rows=97 width=125)
	  Recheck Cond: ((k >= 8895132) AND (k <= 8895232))
	  ->  Bitmap Index Scan on k_3  (cost=0.00..5.40 rows=97 width=0)
	        Index Cond: ((k >= 8895132) AND (k <= 8895232))

table 4 : explain SELECT k, c FROM sbtest4 WHERE k BETWEEN 8895132 AND 8895232
	Bitmap Heap Scan on sbtest4  (cost=5.56..441.22 rows=110 width=125)
	  Recheck Cond: ((k >= 8895132) AND (k <= 8895232))
	  ->  Bitmap Index Scan on k_4  (cost=0.00..5.53 rows=110 width=0)
	        Index Cond: ((k >= 8895132) AND (k <= 8895232))

table 5 : explain SELECT k, c FROM sbtest5 WHERE k BETWEEN 8895132 AND 8895232
	Bitmap Heap Scan on sbtest5  (cost=5.51..421.49 rows=105 width=125)
	  Recheck Cond: ((k >= 8895132) AND (k <= 8895232))
	  ->  Bitmap Index Scan on k_5  (cost=0.00..5.48 rows=105 width=0)
	        Index Cond: ((k >= 8895132) AND (k <= 8895232))

table 6 : explain SELECT k, c FROM sbtest6 WHERE k BETWEEN 8895132 AND 8895232
	Bitmap Heap Scan on sbtest6  (cost=5.49..413.62 rows=103 width=125)
	  Recheck Cond: ((k >= 8895132) AND (k <= 8895232))
	  ->  Bitmap Index Scan on k_6  (cost=0.00..5.46 rows=103 width=0)
	        Index Cond: ((k >= 8895132) AND (k <= 8895232))

table 7 : explain SELECT k, c FROM sbtest7 WHERE k BETWEEN 8895132 AND 8895232
	Bitmap Heap Scan on sbtest7  (cost=5.44..393.89 rows=98 width=125)
	  Recheck Cond: ((k >= 8895132) AND (k <= 8895232))
	  ->  Bitmap Index Scan on k_7  (cost=0.00..5.42 rows=98 width=0)
	        Index Cond: ((k >= 8895132) AND (k <= 8895232))

table 8 : explain SELECT k, c FROM sbtest8 WHERE k BETWEEN 8895132 AND 8895232
	Bitmap Heap Scan on sbtest8  (cost=5.51..421.51 rows=105 width=125)
	  Recheck Cond: ((k >= 8895132) AND (k <= 8895232))
	  ->  Bitmap Index Scan on k_8  (cost=0.00..5.48 rows=105 width=0)
	        Index Cond: ((k >= 8895132) AND (k <= 8895232))

for range-notcovered
table 1 : explain SELECT k, c FROM sbtest1 WHERE k BETWEEN 9134951 AND 9135051
	Bitmap Heap Scan on sbtest1  (cost=5.45..397.61 rows=99 width=125)
	  Recheck Cond: ((k >= 9134951) AND (k <= 9135051))
	  ->  Bitmap Index Scan on k_1  (cost=0.00..5.42 rows=99 width=0)
	        Index Cond: ((k >= 9134951) AND (k <= 9135051))

table 2 : explain SELECT k, c FROM sbtest2 WHERE k BETWEEN 9134951 AND 9135051
	Bitmap Heap Scan on sbtest2  (cost=5.52..425.36 rows=106 width=125)
	  Recheck Cond: ((k >= 9134951) AND (k <= 9135051))
	  ->  Bitmap Index Scan on k_2  (cost=0.00..5.50 rows=106 width=0)
	        Index Cond: ((k >= 9134951) AND (k <= 9135051))

table 3 : explain SELECT k, c FROM sbtest3 WHERE k BETWEEN 9134951 AND 9135051
	Bitmap Heap Scan on sbtest3  (cost=5.42..385.87 rows=96 width=125)
	  Recheck Cond: ((k >= 9134951) AND (k <= 9135051))
	  ->  Bitmap Index Scan on k_3  (cost=0.00..5.39 rows=96 width=0)
	        Index Cond: ((k >= 9134951) AND (k <= 9135051))

table 4 : explain SELECT k, c FROM sbtest4 WHERE k BETWEEN 9134951 AND 9135051
	Bitmap Heap Scan on sbtest4  (cost=5.47..405.71 rows=101 width=125)
	  Recheck Cond: ((k >= 9134951) AND (k <= 9135051))
	  ->  Bitmap Index Scan on k_4  (cost=0.00..5.44 rows=101 width=0)
	        Index Cond: ((k >= 9134951) AND (k <= 9135051))

table 5 : explain SELECT k, c FROM sbtest5 WHERE k BETWEEN 9134951 AND 9135051
	Bitmap Heap Scan on sbtest5  (cost=5.43..389.92 rows=97 width=125)
	  Recheck Cond: ((k >= 9134951) AND (k <= 9135051))
	  ->  Bitmap Index Scan on k_5  (cost=0.00..5.40 rows=97 width=0)
	        Index Cond: ((k >= 9134951) AND (k <= 9135051))

table 6 : explain SELECT k, c FROM sbtest6 WHERE k BETWEEN 9134951 AND 9135051
	Bitmap Heap Scan on sbtest6  (cost=5.53..429.40 rows=107 width=125)
	  Recheck Cond: ((k >= 9134951) AND (k <= 9135051))
	  ->  Bitmap Index Scan on k_6  (cost=0.00..5.50 rows=107 width=0)
	        Index Cond: ((k >= 9134951) AND (k <= 9135051))

table 7 : explain SELECT k, c FROM sbtest7 WHERE k BETWEEN 9134951 AND 9135051
	Bitmap Heap Scan on sbtest7  (cost=5.47..405.73 rows=101 width=125)
	  Recheck Cond: ((k >= 9134951) AND (k <= 9135051))
	  ->  Bitmap Index Scan on k_7  (cost=0.00..5.44 rows=101 width=0)
	        Index Cond: ((k >= 9134951) AND (k <= 9135051))

table 8 : explain SELECT k, c FROM sbtest8 WHERE k BETWEEN 9134951 AND 9135051
	Bitmap Heap Scan on sbtest8  (cost=5.45..397.83 rows=99 width=125)
	  Recheck Cond: ((k >= 9134951) AND (k <= 9135051))
	  ->  Bitmap Index Scan on k_8  (cost=0.00..5.42 rows=99 width=0)
	        Index Cond: ((k >= 9134951) AND (k <= 9135051))

explain: for range-notcovered :: explain SELECT k, c FROM sbtest%d WHERE k BETWEEN 8895132 AND 8895232
for range-notcovered
table 1 : explain SELECT k, c FROM sbtest1 WHERE k BETWEEN 2010062 AND 2010162
	Bitmap Heap Scan on sbtest1  (cost=5.46..401.56 rows=100 width=125)
	  Recheck Cond: ((k >= 2010062) AND (k <= 2010162))
	  ->  Bitmap Index Scan on k_1  (cost=0.00..5.43 rows=100 width=0)
	        Index Cond: ((k >= 2010062) AND (k <= 2010162))

table 2 : explain SELECT k, c FROM sbtest2 WHERE k BETWEEN 2010062 AND 2010162
	Bitmap Heap Scan on sbtest2  (cost=5.53..429.30 rows=107 width=125)
	  Recheck Cond: ((k >= 2010062) AND (k <= 2010162))
	  ->  Bitmap Index Scan on k_2  (cost=0.00..5.50 rows=107 width=0)
	        Index Cond: ((k >= 2010062) AND (k <= 2010162))

table 3 : explain SELECT k, c FROM sbtest3 WHERE k BETWEEN 2010062 AND 2010162
	Bitmap Heap Scan on sbtest3  (cost=5.40..377.98 rows=94 width=125)
	  Recheck Cond: ((k >= 2010062) AND (k <= 2010162))
	  ->  Bitmap Index Scan on k_3  (cost=0.00..5.38 rows=94 width=0)
	        Index Cond: ((k >= 2010062) AND (k <= 2010162))

table 4 : explain SELECT k, c FROM sbtest4 WHERE k BETWEEN 2010062 AND 2010162
	Bitmap Heap Scan on sbtest4  (cost=5.48..409.66 rows=102 width=125)
	  Recheck Cond: ((k >= 2010062) AND (k <= 2010162))
	  ->  Bitmap Index Scan on k_4  (cost=0.00..5.45 rows=102 width=0)
	        Index Cond: ((k >= 2010062) AND (k <= 2010162))

table 5 : explain SELECT k, c FROM sbtest5 WHERE k BETWEEN 2010062 AND 2010162
	Bitmap Heap Scan on sbtest5  (cost=5.63..468.81 rows=117 width=125)
	  Recheck Cond: ((k >= 2010062) AND (k <= 2010162))
	  ->  Bitmap Index Scan on k_5  (cost=0.00..5.60 rows=117 width=0)
	        Index Cond: ((k >= 2010062) AND (k <= 2010162))

table 6 : explain SELECT k, c FROM sbtest6 WHERE k BETWEEN 2010062 AND 2010162
	Bitmap Heap Scan on sbtest6  (cost=5.50..417.56 rows=104 width=125)
	  Recheck Cond: ((k >= 2010062) AND (k <= 2010162))
	  ->  Bitmap Index Scan on k_6  (cost=0.00..5.47 rows=104 width=0)
	        Index Cond: ((k >= 2010062) AND (k <= 2010162))

table 7 : explain SELECT k, c FROM sbtest7 WHERE k BETWEEN 2010062 AND 2010162
	Bitmap Heap Scan on sbtest7  (cost=5.44..393.89 rows=98 width=125)
	  Recheck Cond: ((k >= 2010062) AND (k <= 2010162))
	  ->  Bitmap Index Scan on k_7  (cost=0.00..5.42 rows=98 width=0)
	        Index Cond: ((k >= 2010062) AND (k <= 2010162))

table 8 : explain SELECT k, c FROM sbtest8 WHERE k BETWEEN 2010062 AND 2010162
	Bitmap Heap Scan on sbtest8  (cost=5.57..445.18 rows=111 width=125)
	  Recheck Cond: ((k >= 2010062) AND (k <= 2010162))
	  ->  Bitmap Index Scan on k_8  (cost=0.00..5.54 rows=111 width=0)
	        Index Cond: ((k >= 2010062) AND (k <= 2010162))

for range-notcovered
table 1 : explain SELECT k, c FROM sbtest1 WHERE k BETWEEN 7666786 AND 7666886
	Bitmap Heap Scan on sbtest1  (cost=5.48..409.44 rows=102 width=125)
	  Recheck Cond: ((k >= 7666786) AND (k <= 7666886))
	  ->  Bitmap Index Scan on k_1  (cost=0.00..5.45 rows=102 width=0)
	        Index Cond: ((k >= 7666786) AND (k <= 7666886))

table 2 : explain SELECT k, c FROM sbtest2 WHERE k BETWEEN 7666786 AND 7666886
	Bitmap Heap Scan on sbtest2  (cost=5.43..389.85 rows=97 width=125)
	  Recheck Cond: ((k >= 7666786) AND (k <= 7666886))
	  ->  Bitmap Index Scan on k_2  (cost=0.00..5.40 rows=97 width=0)
	        Index Cond: ((k >= 7666786) AND (k <= 7666886))

table 3 : explain SELECT k, c FROM sbtest3 WHERE k BETWEEN 7666786 AND 7666886
	Bitmap Heap Scan on sbtest3  (cost=5.46..401.66 rows=100 width=125)
	  Recheck Cond: ((k >= 7666786) AND (k <= 7666886))
	  ->  Bitmap Index Scan on k_3  (cost=0.00..5.43 rows=100 width=0)
	        Index Cond: ((k >= 7666786) AND (k <= 7666886))

table 4 : explain SELECT k, c FROM sbtest4 WHERE k BETWEEN 7666786 AND 7666886
	Bitmap Heap Scan on sbtest4  (cost=5.48..409.66 rows=102 width=125)
	  Recheck Cond: ((k >= 7666786) AND (k <= 7666886))
	  ->  Bitmap Index Scan on k_4  (cost=0.00..5.45 rows=102 width=0)
	        Index Cond: ((k >= 7666786) AND (k <= 7666886))

table 5 : explain SELECT k, c FROM sbtest5 WHERE k BETWEEN 7666786 AND 7666886
	Bitmap Heap Scan on sbtest5  (cost=5.56..441.22 rows=110 width=125)
	  Recheck Cond: ((k >= 7666786) AND (k <= 7666886))
	  ->  Bitmap Index Scan on k_5  (cost=0.00..5.53 rows=110 width=0)
	        Index Cond: ((k >= 7666786) AND (k <= 7666886))

table 6 : explain SELECT k, c FROM sbtest6 WHERE k BETWEEN 7666786 AND 7666886
	Bitmap Heap Scan on sbtest6  (cost=5.47..405.72 rows=101 width=125)
	  Recheck Cond: ((k >= 7666786) AND (k <= 7666886))
	  ->  Bitmap Index Scan on k_6  (cost=0.00..5.44 rows=101 width=0)
	        Index Cond: ((k >= 7666786) AND (k <= 7666886))

table 7 : explain SELECT k, c FROM sbtest7 WHERE k BETWEEN 7666786 AND 7666886
	Bitmap Heap Scan on sbtest7  (cost=5.47..405.73 rows=101 width=125)
	  Recheck Cond: ((k >= 7666786) AND (k <= 7666886))
	  ->  Bitmap Index Scan on k_7  (cost=0.00..5.44 rows=101 width=0)
	        Index Cond: ((k >= 7666786) AND (k <= 7666886))

table 8 : explain SELECT k, c FROM sbtest8 WHERE k BETWEEN 7666786 AND 7666886
	Bitmap Heap Scan on sbtest8  (cost=5.47..405.73 rows=101 width=125)
	  Recheck Cond: ((k >= 7666786) AND (k <= 7666886))
	  ->  Bitmap Index Scan on k_8  (cost=0.00..5.44 rows=101 width=0)
	        Index Cond: ((k >= 7666786) AND (k <= 7666886))

explain: for range-notcovered :: explain SELECT k, c FROM sbtest%d WHERE k BETWEEN 2010062 AND 2010162
explain: for range-notcovered :: explain SELECT k, c FROM sbtest%d WHERE k BETWEEN 7666786 AND 7666886
for range-notcovered
table 1 : explain SELECT k, c FROM sbtest1 WHERE k BETWEEN 4086767 AND 4086867
	Bitmap Heap Scan on sbtest1  (cost=5.36..362.09 rows=90 width=125)
	  Recheck Cond: ((k >= 4086767) AND (k <= 4086867))
	  ->  Bitmap Index Scan on k_1  (cost=0.00..5.33 rows=90 width=0)
	        Index Cond: ((k >= 4086767) AND (k <= 4086867))

table 2 : explain SELECT k, c FROM sbtest2 WHERE k BETWEEN 4086767 AND 4086867
	Bitmap Heap Scan on sbtest2  (cost=5.43..389.85 rows=97 width=125)
	  Recheck Cond: ((k >= 4086767) AND (k <= 4086867))
	  ->  Bitmap Index Scan on k_2  (cost=0.00..5.40 rows=97 width=0)
	        Index Cond: ((k >= 4086767) AND (k <= 4086867))

table 3 : explain SELECT k, c FROM sbtest3 WHERE k BETWEEN 4086767 AND 4086867
	Bitmap Heap Scan on sbtest3  (cost=5.42..385.87 rows=96 width=125)
	  Recheck Cond: ((k >= 4086767) AND (k <= 4086867))
	  ->  Bitmap Index Scan on k_3  (cost=0.00..5.39 rows=96 width=0)
	        Index Cond: ((k >= 4086767) AND (k <= 4086867))

table 4 : explain SELECT k, c FROM sbtest4 WHERE k BETWEEN 4086767 AND 4086867
	Bitmap Heap Scan on sbtest4  (cost=5.42..385.97 rows=96 width=125)
	  Recheck Cond: ((k >= 4086767) AND (k <= 4086867))
	  ->  Bitmap Index Scan on k_4  (cost=0.00..5.39 rows=96 width=0)
	        Index Cond: ((k >= 4086767) AND (k <= 4086867))

table 5 : explain SELECT k, c FROM sbtest5 WHERE k BETWEEN 4086767 AND 4086867
	Bitmap Heap Scan on sbtest5  (cost=5.40..378.07 rows=94 width=125)
	  Recheck Cond: ((k >= 4086767) AND (k <= 4086867))
	  ->  Bitmap Index Scan on k_5  (cost=0.00..5.38 rows=94 width=0)
	        Index Cond: ((k >= 4086767) AND (k <= 4086867))

table 6 : explain SELECT k, c FROM sbtest6 WHERE k BETWEEN 4086767 AND 4086867
	Bitmap Heap Scan on sbtest6  (cost=5.49..413.62 rows=103 width=125)
	  Recheck Cond: ((k >= 4086767) AND (k <= 4086867))
	  ->  Bitmap Index Scan on k_6  (cost=0.00..5.46 rows=103 width=0)
	        Index Cond: ((k >= 4086767) AND (k <= 4086867))

table 7 : explain SELECT k, c FROM sbtest7 WHERE k BETWEEN 4086767 AND 4086867
	Bitmap Heap Scan on sbtest7  (cost=5.46..401.78 rows=100 width=125)
	  Recheck Cond: ((k >= 4086767) AND (k <= 4086867))
	  ->  Bitmap Index Scan on k_7  (cost=0.00..5.43 rows=100 width=0)
	        Index Cond: ((k >= 4086767) AND (k <= 4086867))

table 8 : explain SELECT k, c FROM sbtest8 WHERE k BETWEEN 4086767 AND 4086867
	Bitmap Heap Scan on sbtest8  (cost=5.41..382.04 rows=95 width=125)
	  Recheck Cond: ((k >= 4086767) AND (k <= 4086867))
	  ->  Bitmap Index Scan on k_8  (cost=0.00..5.38 rows=95 width=0)
	        Index Cond: ((k >= 4086767) AND (k <= 4086867))

for range-notcovered
table 1 : explain SELECT k, c FROM sbtest1 WHERE k BETWEEN 3381726 AND 3381826
	Bitmap Heap Scan on sbtest1  (cost=5.40..377.88 rows=94 width=125)
	  Recheck Cond: ((k >= 3381726) AND (k <= 3381826))
	  ->  Bitmap Index Scan on k_1  (cost=0.00..5.38 rows=94 width=0)
	        Index Cond: ((k >= 3381726) AND (k <= 3381826))

table 2 : explain SELECT k, c FROM sbtest2 WHERE k BETWEEN 3381726 AND 3381826
	Bitmap Heap Scan on sbtest2  (cost=5.57..445.07 rows=111 width=125)
	  Recheck Cond: ((k >= 3381726) AND (k <= 3381826))
	  ->  Bitmap Index Scan on k_2  (cost=0.00..5.54 rows=111 width=0)
	        Index Cond: ((k >= 3381726) AND (k <= 3381826))

table 3 : explain SELECT k, c FROM sbtest3 WHERE k BETWEEN 3381726 AND 3381826
	Bitmap Heap Scan on sbtest3  (cost=5.50..417.44 rows=104 width=125)
	  Recheck Cond: ((k >= 3381726) AND (k <= 3381826))
	  ->  Bitmap Index Scan on k_3  (cost=0.00..5.47 rows=104 width=0)
	        Index Cond: ((k >= 3381726) AND (k <= 3381826))

table 4 : explain SELECT k, c FROM sbtest4 WHERE k BETWEEN 3381726 AND 3381826
	Bitmap Heap Scan on sbtest4  (cost=5.54..433.33 rows=108 width=125)
	  Recheck Cond: ((k >= 3381726) AND (k <= 3381826))
	  ->  Bitmap Index Scan on k_4  (cost=0.00..5.51 rows=108 width=0)
	        Index Cond: ((k >= 3381726) AND (k <= 3381826))

table 5 : explain SELECT k, c FROM sbtest5 WHERE k BETWEEN 3381726 AND 3381826
	Bitmap Heap Scan on sbtest5  (cost=5.50..417.55 rows=104 width=125)
	  Recheck Cond: ((k >= 3381726) AND (k <= 3381826))
	  ->  Bitmap Index Scan on k_5  (cost=0.00..5.47 rows=104 width=0)
	        Index Cond: ((k >= 3381726) AND (k <= 3381826))

table 6 : explain SELECT k, c FROM sbtest6 WHERE k BETWEEN 3381726 AND 3381826
	Bitmap Heap Scan on sbtest6  (cost=5.47..405.72 rows=101 width=125)
	  Recheck Cond: ((k >= 3381726) AND (k <= 3381826))
	  ->  Bitmap Index Scan on k_6  (cost=0.00..5.44 rows=101 width=0)
	        Index Cond: ((k >= 3381726) AND (k <= 3381826))

table 7 : explain SELECT k, c FROM sbtest7 WHERE k BETWEEN 3381726 AND 3381826
	Bitmap Heap Scan on sbtest7  (cost=5.50..417.57 rows=104 width=125)
	  Recheck Cond: ((k >= 3381726) AND (k <= 3381826))
	  ->  Bitmap Index Scan on k_7  (cost=0.00..5.47 rows=104 width=0)
	        Index Cond: ((k >= 3381726) AND (k <= 3381826))

table 8 : explain SELECT k, c FROM sbtest8 WHERE k BETWEEN 3381726 AND 3381826
	Bitmap Heap Scan on sbtest8  (cost=5.53..429.40 rows=107 width=125)
	  Recheck Cond: ((k >= 3381726) AND (k <= 3381826))
	  ->  Bitmap Index Scan on k_8  (cost=0.00..5.50 rows=107 width=0)
	        Index Cond: ((k >= 3381726) AND (k <= 3381826))

for range-notcovered
table 1 : explain SELECT k, c FROM sbtest1 WHERE k BETWEEN 3387239 AND 3387339
	Bitmap Heap Scan on sbtest1  (cost=5.40..377.88 rows=94 width=125)
	  Recheck Cond: ((k >= 3387239) AND (k <= 3387339))
	  ->  Bitmap Index Scan on k_1  (cost=0.00..5.38 rows=94 width=0)
	        Index Cond: ((k >= 3387239) AND (k <= 3387339))

table 2 : explain SELECT k, c FROM sbtest2 WHERE k BETWEEN 3387239 AND 3387339
	Bitmap Heap Scan on sbtest2  (cost=5.49..413.52 rows=103 width=125)
	  Recheck Cond: ((k >= 3387239) AND (k <= 3387339))
	  ->  Bitmap Index Scan on k_2  (cost=0.00..5.46 rows=103 width=0)
	        Index Cond: ((k >= 3387239) AND (k <= 3387339))

table 3 : explain SELECT k, c FROM sbtest3 WHERE k BETWEEN 3387239 AND 3387339
	Bitmap Heap Scan on sbtest3  (cost=5.50..417.44 rows=104 width=125)
	  Recheck Cond: ((k >= 3387239) AND (k <= 3387339))
	  ->  Bitmap Index Scan on k_3  (cost=0.00..5.47 rows=104 width=0)
	        Index Cond: ((k >= 3387239) AND (k <= 3387339))

table 4 : explain SELECT k, c FROM sbtest4 WHERE k BETWEEN 3387239 AND 3387339
	Bitmap Heap Scan on sbtest4  (cost=5.54..433.33 rows=108 width=125)
	  Recheck Cond: ((k >= 3387239) AND (k <= 3387339))
	  ->  Bitmap Index Scan on k_4  (cost=0.00..5.51 rows=108 width=0)
	        Index Cond: ((k >= 3387239) AND (k <= 3387339))

table 5 : explain SELECT k, c FROM sbtest5 WHERE k BETWEEN 3387239 AND 3387339
	Bitmap Heap Scan on sbtest5  (cost=5.50..417.55 rows=104 width=125)
	  Recheck Cond: ((k >= 3387239) AND (k <= 3387339))
	  ->  Bitmap Index Scan on k_5  (cost=0.00..5.47 rows=104 width=0)
	        Index Cond: ((k >= 3387239) AND (k <= 3387339))

table 6 : explain SELECT k, c FROM sbtest6 WHERE k BETWEEN 3387239 AND 3387339
	Bitmap Heap Scan on sbtest6  (cost=5.47..405.72 rows=101 width=125)
	  Recheck Cond: ((k >= 3387239) AND (k <= 3387339))
	  ->  Bitmap Index Scan on k_6  (cost=0.00..5.44 rows=101 width=0)
	        Index Cond: ((k >= 3387239) AND (k <= 3387339))

table 7 : explain SELECT k, c FROM sbtest7 WHERE k BETWEEN 3387239 AND 3387339
	Bitmap Heap Scan on sbtest7  (cost=5.50..417.57 rows=104 width=125)
	  Recheck Cond: ((k >= 3387239) AND (k <= 3387339))
	  ->  Bitmap Index Scan on k_7  (cost=0.00..5.47 rows=104 width=0)
	        Index Cond: ((k >= 3387239) AND (k <= 3387339))

table 8 : explain SELECT k, c FROM sbtest8 WHERE k BETWEEN 3387239 AND 3387339
	Bitmap Heap Scan on sbtest8  (cost=5.53..429.40 rows=107 width=125)
	  Recheck Cond: ((k >= 3387239) AND (k <= 3387339))
	  ->  Bitmap Index Scan on k_8  (cost=0.00..5.50 rows=107 width=0)
	        Index Cond: ((k >= 3387239) AND (k <= 3387339))

for range-notcovered
table 1 : explain SELECT k, c FROM sbtest1 WHERE k BETWEEN 6280881 AND 6280981
	Bitmap Heap Scan on sbtest1  (cost=5.59..452.80 rows=113 width=125)
	  Recheck Cond: ((k >= 6280881) AND (k <= 6280981))
	  ->  Bitmap Index Scan on k_1  (cost=0.00..5.56 rows=113 width=0)
	        Index Cond: ((k >= 6280881) AND (k <= 6280981))

table 2 : explain SELECT k, c FROM sbtest2 WHERE k BETWEEN 6280881 AND 6280981
	Bitmap Heap Scan on sbtest2  (cost=5.58..449.01 rows=112 width=125)
	  Recheck Cond: ((k >= 6280881) AND (k <= 6280981))
	  ->  Bitmap Index Scan on k_2  (cost=0.00..5.55 rows=112 width=0)
	        Index Cond: ((k >= 6280881) AND (k <= 6280981))

table 3 : explain SELECT k, c FROM sbtest3 WHERE k BETWEEN 6280881 AND 6280981
	Bitmap Heap Scan on sbtest3  (cost=5.51..421.38 rows=105 width=125)
	  Recheck Cond: ((k >= 6280881) AND (k <= 6280981))
	  ->  Bitmap Index Scan on k_3  (cost=0.00..5.48 rows=105 width=0)
	        Index Cond: ((k >= 6280881) AND (k <= 6280981))

table 4 : explain SELECT k, c FROM sbtest4 WHERE k BETWEEN 6280881 AND 6280981
	Bitmap Heap Scan on sbtest4  (cost=5.45..397.82 rows=99 width=125)
	  Recheck Cond: ((k >= 6280881) AND (k <= 6280981))
	  ->  Bitmap Index Scan on k_4  (cost=0.00..5.42 rows=99 width=0)
	        Index Cond: ((k >= 6280881) AND (k <= 6280981))

table 5 : explain SELECT k, c FROM sbtest5 WHERE k BETWEEN 6280881 AND 6280981
	Bitmap Heap Scan on sbtest5  (cost=5.50..417.55 rows=104 width=125)
	  Recheck Cond: ((k >= 6280881) AND (k <= 6280981))
	  ->  Bitmap Index Scan on k_5  (cost=0.00..5.47 rows=104 width=0)
	        Index Cond: ((k >= 6280881) AND (k <= 6280981))

table 6 : explain SELECT k, c FROM sbtest6 WHERE k BETWEEN 6280881 AND 6280981
	Bitmap Heap Scan on sbtest6  (cost=5.52..425.45 rows=106 width=125)
	  Recheck Cond: ((k >= 6280881) AND (k <= 6280981))
	  ->  Bitmap Index Scan on k_6  (cost=0.00..5.50 rows=106 width=0)
	        Index Cond: ((k >= 6280881) AND (k <= 6280981))

table 7 : explain SELECT k, c FROM sbtest7 WHERE k BETWEEN 6280881 AND 6280981
	Bitmap Heap Scan on sbtest7  (cost=5.45..397.83 rows=99 width=125)
	  Recheck Cond: ((k >= 6280881) AND (k <= 6280981))
	  ->  Bitmap Index Scan on k_7  (cost=0.00..5.42 rows=99 width=0)
	        Index Cond: ((k >= 6280881) AND (k <= 6280981))

table 8 : explain SELECT k, c FROM sbtest8 WHERE k BETWEEN 6280881 AND 6280981
	Bitmap Heap Scan on sbtest8  (cost=5.53..429.40 rows=107 width=125)
	  Recheck Cond: ((k >= 6280881) AND (k <= 6280981))
	  ->  Bitmap Index Scan on k_8  (cost=0.00..5.50 rows=107 width=0)
	        Index Cond: ((k >= 6280881) AND (k <= 6280981))

explain: for range-notcovered :: explain SELECT k, c FROM sbtest%d WHERE k BETWEEN 3381726 AND 3381826
explain: for range-notcovered :: explain SELECT k, c FROM sbtest%d WHERE k BETWEEN 4086767 AND 4086867
for range-notcovered
table 1 : explain SELECT k, c FROM sbtest1 WHERE k BETWEEN 4811934 AND 4812034
	Bitmap Heap Scan on sbtest1  (cost=5.47..405.50 rows=101 width=125)
	  Recheck Cond: ((k >= 4811934) AND (k <= 4812034))
	  ->  Bitmap Index Scan on k_1  (cost=0.00..5.44 rows=101 width=0)
	        Index Cond: ((k >= 4811934) AND (k <= 4812034))

table 2 : explain SELECT k, c FROM sbtest2 WHERE k BETWEEN 4811934 AND 4812034
	Bitmap Heap Scan on sbtest2  (cost=5.47..405.63 rows=101 width=125)
	  Recheck Cond: ((k >= 4811934) AND (k <= 4812034))
	  ->  Bitmap Index Scan on k_2  (cost=0.00..5.44 rows=101 width=0)
	        Index Cond: ((k >= 4811934) AND (k <= 4812034))

table 3 : explain SELECT k, c FROM sbtest3 WHERE k BETWEEN 4811934 AND 4812034
	Bitmap Heap Scan on sbtest3  (cost=5.46..401.66 rows=100 width=125)
	  Recheck Cond: ((k >= 4811934) AND (k <= 4812034))
	  ->  Bitmap Index Scan on k_3  (cost=0.00..5.43 rows=100 width=0)
	        Index Cond: ((k >= 4811934) AND (k <= 4812034))

table 4 : explain SELECT k, c FROM sbtest4 WHERE k BETWEEN 4811934 AND 4812034
	Bitmap Heap Scan on sbtest4  (cost=5.56..441.22 rows=110 width=125)
	  Recheck Cond: ((k >= 4811934) AND (k <= 4812034))
	  ->  Bitmap Index Scan on k_4  (cost=0.00..5.53 rows=110 width=0)
	        Index Cond: ((k >= 4811934) AND (k <= 4812034))

table 5 : explain SELECT k, c FROM sbtest5 WHERE k BETWEEN 4811934 AND 4812034
	Bitmap Heap Scan on sbtest5  (cost=5.48..409.66 rows=102 width=125)
	  Recheck Cond: ((k >= 4811934) AND (k <= 4812034))
	  ->  Bitmap Index Scan on k_5  (cost=0.00..5.45 rows=102 width=0)
	        Index Cond: ((k >= 4811934) AND (k <= 4812034))

table 6 : explain SELECT k, c FROM sbtest6 WHERE k BETWEEN 4811934 AND 4812034
	Bitmap Heap Scan on sbtest6  (cost=5.39..374.13 rows=93 width=125)
	  Recheck Cond: ((k >= 4811934) AND (k <= 4812034))
	  ->  Bitmap Index Scan on k_6  (cost=0.00..5.36 rows=93 width=0)
	        Index Cond: ((k >= 4811934) AND (k <= 4812034))

table 7 : explain SELECT k, c FROM sbtest7 WHERE k BETWEEN 4811934 AND 4812034
	Bitmap Heap Scan on sbtest7  (cost=5.53..429.41 rows=107 width=125)
	  Recheck Cond: ((k >= 4811934) AND (k <= 4812034))
	  ->  Bitmap Index Scan on k_7  (cost=0.00..5.50 rows=107 width=0)
	        Index Cond: ((k >= 4811934) AND (k <= 4812034))

table 8 : explain SELECT k, c FROM sbtest8 WHERE k BETWEEN 4811934 AND 4812034
	Bitmap Heap Scan on sbtest8  (cost=5.35..358.33 rows=89 width=125)
	  Recheck Cond: ((k >= 4811934) AND (k <= 4812034))
	  ->  Bitmap Index Scan on k_8  (cost=0.00..5.32 rows=89 width=0)
	        Index Cond: ((k >= 4811934) AND (k <= 4812034))

explain: for range-notcovered :: explain SELECT k, c FROM sbtest%d WHERE k BETWEEN 3387239 AND 3387339
explain: for range-notcovered :: explain SELECT k, c FROM sbtest%d WHERE k BETWEEN 4811934 AND 4812034
for range-notcovered
table 1 : explain SELECT k, c FROM sbtest1 WHERE k BETWEEN 7061135 AND 7061235
	Bitmap Heap Scan on sbtest1  (cost=5.46..401.56 rows=100 width=125)
	  Recheck Cond: ((k >= 7061135) AND (k <= 7061235))
	  ->  Bitmap Index Scan on k_1  (cost=0.00..5.43 rows=100 width=0)
	        Index Cond: ((k >= 7061135) AND (k <= 7061235))

table 2 : explain SELECT k, c FROM sbtest2 WHERE k BETWEEN 7061135 AND 7061235
	Bitmap Heap Scan on sbtest2  (cost=5.59..452.95 rows=113 width=125)
	  Recheck Cond: ((k >= 7061135) AND (k <= 7061235))
	  ->  Bitmap Index Scan on k_2  (cost=0.00..5.56 rows=113 width=0)
	        Index Cond: ((k >= 7061135) AND (k <= 7061235))

table 3 : explain SELECT k, c FROM sbtest3 WHERE k BETWEEN 7061135 AND 7061235
	Bitmap Heap Scan on sbtest3  (cost=5.51..421.38 rows=105 width=125)
	  Recheck Cond: ((k >= 7061135) AND (k <= 7061235))
	  ->  Bitmap Index Scan on k_3  (cost=0.00..5.48 rows=105 width=0)
	        Index Cond: ((k >= 7061135) AND (k <= 7061235))

table 4 : explain SELECT k, c FROM sbtest4 WHERE k BETWEEN 7061135 AND 7061235
	Bitmap Heap Scan on sbtest4  (cost=5.39..374.13 rows=93 width=125)
	  Recheck Cond: ((k >= 7061135) AND (k <= 7061235))
	  ->  Bitmap Index Scan on k_4  (cost=0.00..5.36 rows=93 width=0)
	        Index Cond: ((k >= 7061135) AND (k <= 7061235))

table 5 : explain SELECT k, c FROM sbtest5 WHERE k BETWEEN 7061135 AND 7061235
	Bitmap Heap Scan on sbtest5  (cost=5.48..409.66 rows=102 width=125)
	  Recheck Cond: ((k >= 7061135) AND (k <= 7061235))
	  ->  Bitmap Index Scan on k_5  (cost=0.00..5.45 rows=102 width=0)
	        Index Cond: ((k >= 7061135) AND (k <= 7061235))

table 6 : explain SELECT k, c FROM sbtest6 WHERE k BETWEEN 7061135 AND 7061235
	Bitmap Heap Scan on sbtest6  (cost=5.39..374.13 rows=93 width=125)
	  Recheck Cond: ((k >= 7061135) AND (k <= 7061235))
	  ->  Bitmap Index Scan on k_6  (cost=0.00..5.36 rows=93 width=0)
	        Index Cond: ((k >= 7061135) AND (k <= 7061235))

table 7 : explain SELECT k, c FROM sbtest7 WHERE k BETWEEN 7061135 AND 7061235
	Bitmap Heap Scan on sbtest7  (cost=5.47..405.73 rows=101 width=125)
	  Recheck Cond: ((k >= 7061135) AND (k <= 7061235))
	  ->  Bitmap Index Scan on k_7  (cost=0.00..5.44 rows=101 width=0)
	        Index Cond: ((k >= 7061135) AND (k <= 7061235))

table 8 : explain SELECT k, c FROM sbtest8 WHERE k BETWEEN 7061135 AND 7061235
	Bitmap Heap Scan on sbtest8  (cost=5.43..389.94 rows=97 width=125)
	  Recheck Cond: ((k >= 7061135) AND (k <= 7061235))
	  ->  Bitmap Index Scan on k_8  (cost=0.00..5.40 rows=97 width=0)
	        Index Cond: ((k >= 7061135) AND (k <= 7061235))

for range-notcovered
table 1 : explain SELECT k, c FROM sbtest1 WHERE k BETWEEN 3918058 AND 3918158
	Bitmap Heap Scan on sbtest1  (cost=5.43..389.72 rows=97 width=125)
	  Recheck Cond: ((k >= 3918058) AND (k <= 3918158))
	  ->  Bitmap Index Scan on k_1  (cost=0.00..5.40 rows=97 width=0)
	        Index Cond: ((k >= 3918058) AND (k <= 3918158))

table 2 : explain SELECT k, c FROM sbtest2 WHERE k BETWEEN 3918058 AND 3918158
	Bitmap Heap Scan on sbtest2  (cost=5.43..389.85 rows=97 width=125)
	  Recheck Cond: ((k >= 3918058) AND (k <= 3918158))
	  ->  Bitmap Index Scan on k_2  (cost=0.00..5.40 rows=97 width=0)
	        Index Cond: ((k >= 3918058) AND (k <= 3918158))

table 3 : explain SELECT k, c FROM sbtest3 WHERE k BETWEEN 3918058 AND 3918158
	Bitmap Heap Scan on sbtest3  (cost=5.58..448.98 rows=112 width=125)
	  Recheck Cond: ((k >= 3918058) AND (k <= 3918158))
	  ->  Bitmap Index Scan on k_3  (cost=0.00..5.55 rows=112 width=0)
	        Index Cond: ((k >= 3918058) AND (k <= 3918158))

table 4 : explain SELECT k, c FROM sbtest4 WHERE k BETWEEN 3918058 AND 3918158
	Bitmap Heap Scan on sbtest4  (cost=5.53..429.39 rows=107 width=125)
	  Recheck Cond: ((k >= 3918058) AND (k <= 3918158))
	  ->  Bitmap Index Scan on k_4  (cost=0.00..5.50 rows=107 width=0)
	        Index Cond: ((k >= 3918058) AND (k <= 3918158))

table 5 : explain SELECT k, c FROM sbtest5 WHERE k BETWEEN 3918058 AND 3918158
	Bitmap Heap Scan on sbtest5  (cost=5.51..421.49 rows=105 width=125)
	  Recheck Cond: ((k >= 3918058) AND (k <= 3918158))
	  ->  Bitmap Index Scan on k_5  (cost=0.00..5.48 rows=105 width=0)
	        Index Cond: ((k >= 3918058) AND (k <= 3918158))

table 6 : explain SELECT k, c FROM sbtest6 WHERE k BETWEEN 3918058 AND 3918158
	Bitmap Heap Scan on sbtest6  (cost=5.42..385.98 rows=96 width=125)
	  Recheck Cond: ((k >= 3918058) AND (k <= 3918158))
	  ->  Bitmap Index Scan on k_6  (cost=0.00..5.39 rows=96 width=0)
	        Index Cond: ((k >= 3918058) AND (k <= 3918158))

table 7 : explain SELECT k, c FROM sbtest7 WHERE k BETWEEN 3918058 AND 3918158
	Bitmap Heap Scan on sbtest7  (cost=5.37..366.24 rows=91 width=125)
	  Recheck Cond: ((k >= 3918058) AND (k <= 3918158))
	  ->  Bitmap Index Scan on k_7  (cost=0.00..5.34 rows=91 width=0)
	        Index Cond: ((k >= 3918058) AND (k <= 3918158))

table 8 : explain SELECT k, c FROM sbtest8 WHERE k BETWEEN 3918058 AND 3918158
	Bitmap Heap Scan on sbtest8  (cost=5.42..385.99 rows=96 width=125)
	  Recheck Cond: ((k >= 3918058) AND (k <= 3918158))
	  ->  Bitmap Index Scan on k_8  (cost=0.00..5.39 rows=96 width=0)
	        Index Cond: ((k >= 3918058) AND (k <= 3918158))

explain: for range-notcovered :: explain SELECT k, c FROM sbtest%d WHERE k BETWEEN 7061135 AND 7061235
for range-notcovered
table 1 : explain SELECT k, c FROM sbtest1 WHERE k BETWEEN 6378839 AND 6378939
	Bitmap Heap Scan on sbtest1  (cost=5.47..405.50 rows=101 width=125)
	  Recheck Cond: ((k >= 6378839) AND (k <= 6378939))
	  ->  Bitmap Index Scan on k_1  (cost=0.00..5.44 rows=101 width=0)
	        Index Cond: ((k >= 6378839) AND (k <= 6378939))

table 2 : explain SELECT k, c FROM sbtest2 WHERE k BETWEEN 6378839 AND 6378939
	Bitmap Heap Scan on sbtest2  (cost=5.60..456.89 rows=114 width=125)
	  Recheck Cond: ((k >= 6378839) AND (k <= 6378939))
	  ->  Bitmap Index Scan on k_2  (cost=0.00..5.58 rows=114 width=0)
	        Index Cond: ((k >= 6378839) AND (k <= 6378939))

table 3 : explain SELECT k, c FROM sbtest3 WHERE k BETWEEN 6378839 AND 6378939
	Bitmap Heap Scan on sbtest3  (cost=5.48..409.55 rows=102 width=125)
	  Recheck Cond: ((k >= 6378839) AND (k <= 6378939))
	  ->  Bitmap Index Scan on k_3  (cost=0.00..5.45 rows=102 width=0)
	        Index Cond: ((k >= 6378839) AND (k <= 6378939))

table 4 : explain SELECT k, c FROM sbtest4 WHERE k BETWEEN 6378839 AND 6378939
	Bitmap Heap Scan on sbtest4  (cost=5.44..393.87 rows=98 width=125)
	  Recheck Cond: ((k >= 6378839) AND (k <= 6378939))
	  ->  Bitmap Index Scan on k_4  (cost=0.00..5.42 rows=98 width=0)
	        Index Cond: ((k >= 6378839) AND (k <= 6378939))

table 5 : explain SELECT k, c FROM sbtest5 WHERE k BETWEEN 6378839 AND 6378939
	Bitmap Heap Scan on sbtest5  (cost=5.39..374.12 rows=93 width=125)
	  Recheck Cond: ((k >= 6378839) AND (k <= 6378939))
	  ->  Bitmap Index Scan on k_5  (cost=0.00..5.36 rows=93 width=0)
	        Index Cond: ((k >= 6378839) AND (k <= 6378939))

table 6 : explain SELECT k, c FROM sbtest6 WHERE k BETWEEN 6378839 AND 6378939
	Bitmap Heap Scan on sbtest6  (cost=5.36..362.28 rows=90 width=125)
	  Recheck Cond: ((k >= 6378839) AND (k <= 6378939))
	  ->  Bitmap Index Scan on k_6  (cost=0.00..5.33 rows=90 width=0)
	        Index Cond: ((k >= 6378839) AND (k <= 6378939))

table 7 : explain SELECT k, c FROM sbtest7 WHERE k BETWEEN 6378839 AND 6378939
	Bitmap Heap Scan on sbtest7  (cost=5.58..449.13 rows=112 width=125)
	  Recheck Cond: ((k >= 6378839) AND (k <= 6378939))
	  ->  Bitmap Index Scan on k_7  (cost=0.00..5.55 rows=112 width=0)
	        Index Cond: ((k >= 6378839) AND (k <= 6378939))

table 8 : explain SELECT k, c FROM sbtest8 WHERE k BETWEEN 6378839 AND 6378939
	Bitmap Heap Scan on sbtest8  (cost=5.48..409.67 rows=102 width=125)
	  Recheck Cond: ((k >= 6378839) AND (k <= 6378939))
	  ->  Bitmap Index Scan on k_8  (cost=0.00..5.45 rows=102 width=0)
	        Index Cond: ((k >= 6378839) AND (k <= 6378939))

for range-notcovered
table 1 : explain SELECT k, c FROM sbtest1 WHERE k BETWEEN 3149803 AND 3149903
	Bitmap Heap Scan on sbtest1  (cost=5.37..366.04 rows=91 width=125)
	  Recheck Cond: ((k >= 3149803) AND (k <= 3149903))
	  ->  Bitmap Index Scan on k_1  (cost=0.00..5.34 rows=91 width=0)
	        Index Cond: ((k >= 3149803) AND (k <= 3149903))

table 2 : explain SELECT k, c FROM sbtest2 WHERE k BETWEEN 3149803 AND 3149903
	Bitmap Heap Scan on sbtest2  (cost=5.55..437.19 rows=109 width=125)
	  Recheck Cond: ((k >= 3149803) AND (k <= 3149903))
	  ->  Bitmap Index Scan on k_2  (cost=0.00..5.52 rows=109 width=0)
	        Index Cond: ((k >= 3149803) AND (k <= 3149903))

table 3 : explain SELECT k, c FROM sbtest3 WHERE k BETWEEN 3149803 AND 3149903
	Bitmap Heap Scan on sbtest3  (cost=5.39..374.03 rows=93 width=125)
	  Recheck Cond: ((k >= 3149803) AND (k <= 3149903))
	  ->  Bitmap Index Scan on k_3  (cost=0.00..5.36 rows=93 width=0)
	        Index Cond: ((k >= 3149803) AND (k <= 3149903))

table 4 : explain SELECT k, c FROM sbtest4 WHERE k BETWEEN 3149803 AND 3149903
	Bitmap Heap Scan on sbtest4  (cost=5.48..409.66 rows=102 width=125)
	  Recheck Cond: ((k >= 3149803) AND (k <= 3149903))
	  ->  Bitmap Index Scan on k_4  (cost=0.00..5.45 rows=102 width=0)
	        Index Cond: ((k >= 3149803) AND (k <= 3149903))

table 5 : explain SELECT k, c FROM sbtest5 WHERE k BETWEEN 3149803 AND 3149903
	Bitmap Heap Scan on sbtest5  (cost=5.39..374.12 rows=93 width=125)
	  Recheck Cond: ((k >= 3149803) AND (k <= 3149903))
	  ->  Bitmap Index Scan on k_5  (cost=0.00..5.36 rows=93 width=0)
	        Index Cond: ((k >= 3149803) AND (k <= 3149903))

table 6 : explain SELECT k, c FROM sbtest6 WHERE k BETWEEN 3149803 AND 3149903
	Bitmap Heap Scan on sbtest6  (cost=5.41..382.03 rows=95 width=125)
	  Recheck Cond: ((k >= 3149803) AND (k <= 3149903))
	  ->  Bitmap Index Scan on k_6  (cost=0.00..5.38 rows=95 width=0)
	        Index Cond: ((k >= 3149803) AND (k <= 3149903))

table 7 : explain SELECT k, c FROM sbtest7 WHERE k BETWEEN 3149803 AND 3149903
	Bitmap Heap Scan on sbtest7  (cost=5.44..393.89 rows=98 width=125)
	  Recheck Cond: ((k >= 3149803) AND (k <= 3149903))
	  ->  Bitmap Index Scan on k_7  (cost=0.00..5.42 rows=98 width=0)
	        Index Cond: ((k >= 3149803) AND (k <= 3149903))

table 8 : explain SELECT k, c FROM sbtest8 WHERE k BETWEEN 3149803 AND 3149903
	Bitmap Heap Scan on sbtest8  (cost=5.46..401.78 rows=100 width=125)
	  Recheck Cond: ((k >= 3149803) AND (k <= 3149903))
	  ->  Bitmap Index Scan on k_8  (cost=0.00..5.43 rows=100 width=0)
	        Index Cond: ((k >= 3149803) AND (k <= 3149903))

explain: for range-notcovered :: explain SELECT k, c FROM sbtest%d WHERE k BETWEEN 3918058 AND 3918158
for range-notcovered
table 1 : explain SELECT k, c FROM sbtest1 WHERE k BETWEEN 3691681 AND 3691781
	Bitmap Heap Scan on sbtest1  (cost=5.56..440.98 rows=110 width=125)
	  Recheck Cond: ((k >= 3691681) AND (k <= 3691781))
	  ->  Bitmap Index Scan on k_1  (cost=0.00..5.53 rows=110 width=0)
	        Index Cond: ((k >= 3691681) AND (k <= 3691781))

table 2 : explain SELECT k, c FROM sbtest2 WHERE k BETWEEN 3691681 AND 3691781
	Bitmap Heap Scan on sbtest2  (cost=5.40..378.00 rows=94 width=125)
	  Recheck Cond: ((k >= 3691681) AND (k <= 3691781))
	  ->  Bitmap Index Scan on k_2  (cost=0.00..5.38 rows=94 width=0)
	        Index Cond: ((k >= 3691681) AND (k <= 3691781))

table 3 : explain SELECT k, c FROM sbtest3 WHERE k BETWEEN 3691681 AND 3691781
	Bitmap Heap Scan on sbtest3  (cost=5.34..354.28 rows=88 width=125)
	  Recheck Cond: ((k >= 3691681) AND (k <= 3691781))
	  ->  Bitmap Index Scan on k_3  (cost=0.00..5.31 rows=88 width=0)
	        Index Cond: ((k >= 3691681) AND (k <= 3691781))

table 4 : explain SELECT k, c FROM sbtest4 WHERE k BETWEEN 3691681 AND 3691781
	Bitmap Heap Scan on sbtest4  (cost=5.59..453.05 rows=113 width=125)
	  Recheck Cond: ((k >= 3691681) AND (k <= 3691781))
	  ->  Bitmap Index Scan on k_4  (cost=0.00..5.56 rows=113 width=0)
	        Index Cond: ((k >= 3691681) AND (k <= 3691781))

table 5 : explain SELECT k, c FROM sbtest5 WHERE k BETWEEN 3691681 AND 3691781
	Bitmap Heap Scan on sbtest5  (cost=5.55..437.27 rows=109 width=125)
	  Recheck Cond: ((k >= 3691681) AND (k <= 3691781))
	  ->  Bitmap Index Scan on k_5  (cost=0.00..5.52 rows=109 width=0)
	        Index Cond: ((k >= 3691681) AND (k <= 3691781))

table 6 : explain SELECT k, c FROM sbtest6 WHERE k BETWEEN 3691681 AND 3691781
	Bitmap Heap Scan on sbtest6  (cost=5.50..417.56 rows=104 width=125)
	  Recheck Cond: ((k >= 3691681) AND (k <= 3691781))
	  ->  Bitmap Index Scan on k_6  (cost=0.00..5.47 rows=104 width=0)
	        Index Cond: ((k >= 3691681) AND (k <= 3691781))

table 7 : explain SELECT k, c FROM sbtest7 WHERE k BETWEEN 3691681 AND 3691781
	Bitmap Heap Scan on sbtest7  (cost=5.42..385.99 rows=96 width=125)
	  Recheck Cond: ((k >= 3691681) AND (k <= 3691781))
	  ->  Bitmap Index Scan on k_7  (cost=0.00..5.39 rows=96 width=0)
	        Index Cond: ((k >= 3691681) AND (k <= 3691781))

table 8 : explain SELECT k, c FROM sbtest8 WHERE k BETWEEN 3691681 AND 3691781
	Bitmap Heap Scan on sbtest8  (cost=5.44..393.88 rows=98 width=125)
	  Recheck Cond: ((k >= 3691681) AND (k <= 3691781))
	  ->  Bitmap Index Scan on k_8  (cost=0.00..5.42 rows=98 width=0)
	        Index Cond: ((k >= 3691681) AND (k <= 3691781))

explain: for range-notcovered :: explain SELECT k, c FROM sbtest%d WHERE k BETWEEN 3149803 AND 3149903
for range-notcovered
table 1 : explain SELECT k, c FROM sbtest1 WHERE k BETWEEN 1664440 AND 1664540
	Bitmap Heap Scan on sbtest1  (cost=5.38..369.99 rows=92 width=125)
	  Recheck Cond: ((k >= 1664440) AND (k <= 1664540))
	  ->  Bitmap Index Scan on k_1  (cost=0.00..5.35 rows=92 width=0)
	        Index Cond: ((k >= 1664440) AND (k <= 1664540))

table 2 : explain SELECT k, c FROM sbtest2 WHERE k BETWEEN 1664440 AND 1664540
	Bitmap Heap Scan on sbtest2  (cost=5.43..389.85 rows=97 width=125)
	  Recheck Cond: ((k >= 1664440) AND (k <= 1664540))
	  ->  Bitmap Index Scan on k_2  (cost=0.00..5.40 rows=97 width=0)
	        Index Cond: ((k >= 1664440) AND (k <= 1664540))

table 3 : explain SELECT k, c FROM sbtest3 WHERE k BETWEEN 1664440 AND 1664540
	Bitmap Heap Scan on sbtest3  (cost=5.57..445.04 rows=111 width=125)
	  Recheck Cond: ((k >= 1664440) AND (k <= 1664540))
	  ->  Bitmap Index Scan on k_3  (cost=0.00..5.54 rows=111 width=0)
	        Index Cond: ((k >= 1664440) AND (k <= 1664540))

table 4 : explain SELECT k, c FROM sbtest4 WHERE k BETWEEN 1664440 AND 1664540
	Bitmap Heap Scan on sbtest4  (cost=5.45..397.82 rows=99 width=125)
	  Recheck Cond: ((k >= 1664440) AND (k <= 1664540))
	  ->  Bitmap Index Scan on k_4  (cost=0.00..5.42 rows=99 width=0)
	        Index Cond: ((k >= 1664440) AND (k <= 1664540))

table 5 : explain SELECT k, c FROM sbtest5 WHERE k BETWEEN 1664440 AND 1664540
	Bitmap Heap Scan on sbtest5  (cost=5.49..413.60 rows=103 width=125)
	  Recheck Cond: ((k >= 1664440) AND (k <= 1664540))
	  ->  Bitmap Index Scan on k_5  (cost=0.00..5.46 rows=103 width=0)
	        Index Cond: ((k >= 1664440) AND (k <= 1664540))

table 6 : explain SELECT k, c FROM sbtest6 WHERE k BETWEEN 1664440 AND 1664540
	Bitmap Heap Scan on sbtest6  (cost=5.49..413.62 rows=103 width=125)
	  Recheck Cond: ((k >= 1664440) AND (k <= 1664540))
	  ->  Bitmap Index Scan on k_6  (cost=0.00..5.46 rows=103 width=0)
	        Index Cond: ((k >= 1664440) AND (k <= 1664540))

table 7 : explain SELECT k, c FROM sbtest7 WHERE k BETWEEN 1664440 AND 1664540
	Bitmap Heap Scan on sbtest7  (cost=5.45..397.83 rows=99 width=125)
	  Recheck Cond: ((k >= 1664440) AND (k <= 1664540))
	  ->  Bitmap Index Scan on k_7  (cost=0.00..5.42 rows=99 width=0)
	        Index Cond: ((k >= 1664440) AND (k <= 1664540))

table 8 : explain SELECT k, c FROM sbtest8 WHERE k BETWEEN 1664440 AND 1664540
	Bitmap Heap Scan on sbtest8  (cost=5.46..401.78 rows=100 width=125)
	  Recheck Cond: ((k >= 1664440) AND (k <= 1664540))
	  ->  Bitmap Index Scan on k_8  (cost=0.00..5.43 rows=100 width=0)
	        Index Cond: ((k >= 1664440) AND (k <= 1664540))

explain: for range-notcovered :: explain SELECT k, c FROM sbtest%d WHERE k BETWEEN 6378839 AND 6378939
explain: for range-notcovered :: explain SELECT k, c FROM sbtest%d WHERE k BETWEEN 3691681 AND 3691781
for range-notcovered
table 1 : explain SELECT k, c FROM sbtest1 WHERE k BETWEEN 6004579 AND 6004679
	Bitmap Heap Scan on sbtest1  (cost=5.41..381.83 rows=95 width=125)
	  Recheck Cond: ((k >= 6004579) AND (k <= 6004679))
	  ->  Bitmap Index Scan on k_1  (cost=0.00..5.38 rows=95 width=0)
	        Index Cond: ((k >= 6004579) AND (k <= 6004679))

table 2 : explain SELECT k, c FROM sbtest2 WHERE k BETWEEN 6004579 AND 6004679
	Bitmap Heap Scan on sbtest2  (cost=5.55..437.19 rows=109 width=125)
	  Recheck Cond: ((k >= 6004579) AND (k <= 6004679))
	  ->  Bitmap Index Scan on k_2  (cost=0.00..5.52 rows=109 width=0)
	        Index Cond: ((k >= 6004579) AND (k <= 6004679))

table 3 : explain SELECT k, c FROM sbtest3 WHERE k BETWEEN 6004579 AND 6004679
	Bitmap Heap Scan on sbtest3  (cost=5.54..433.21 rows=108 width=125)
	  Recheck Cond: ((k >= 6004579) AND (k <= 6004679))
	  ->  Bitmap Index Scan on k_3  (cost=0.00..5.51 rows=108 width=0)
	        Index Cond: ((k >= 6004579) AND (k <= 6004679))

table 4 : explain SELECT k, c FROM sbtest4 WHERE k BETWEEN 6004579 AND 6004679
	Bitmap Heap Scan on sbtest4  (cost=5.50..417.55 rows=104 width=125)
	  Recheck Cond: ((k >= 6004579) AND (k <= 6004679))
	  ->  Bitmap Index Scan on k_4  (cost=0.00..5.47 rows=104 width=0)
	        Index Cond: ((k >= 6004579) AND (k <= 6004679))

table 5 : explain SELECT k, c FROM sbtest5 WHERE k BETWEEN 6004579 AND 6004679
	Bitmap Heap Scan on sbtest5  (cost=5.57..445.16 rows=111 width=125)
	  Recheck Cond: ((k >= 6004579) AND (k <= 6004679))
	  ->  Bitmap Index Scan on k_5  (cost=0.00..5.54 rows=111 width=0)
	        Index Cond: ((k >= 6004579) AND (k <= 6004679))

table 6 : explain SELECT k, c FROM sbtest6 WHERE k BETWEEN 6004579 AND 6004679
	Bitmap Heap Scan on sbtest6  (cost=5.49..413.62 rows=103 width=125)
	  Recheck Cond: ((k >= 6004579) AND (k <= 6004679))
	  ->  Bitmap Index Scan on k_6  (cost=0.00..5.46 rows=103 width=0)
	        Index Cond: ((k >= 6004579) AND (k <= 6004679))

table 7 : explain SELECT k, c FROM sbtest7 WHERE k BETWEEN 6004579 AND 6004679
	Bitmap Heap Scan on sbtest7  (cost=5.52..425.46 rows=106 width=125)
	  Recheck Cond: ((k >= 6004579) AND (k <= 6004679))
	  ->  Bitmap Index Scan on k_7  (cost=0.00..5.50 rows=106 width=0)
	        Index Cond: ((k >= 6004579) AND (k <= 6004679))

table 8 : explain SELECT k, c FROM sbtest8 WHERE k BETWEEN 6004579 AND 6004679
	Bitmap Heap Scan on sbtest8  (cost=5.45..397.83 rows=99 width=125)
	  Recheck Cond: ((k >= 6004579) AND (k <= 6004679))
	  ->  Bitmap Index Scan on k_8  (cost=0.00..5.42 rows=99 width=0)
	        Index Cond: ((k >= 6004579) AND (k <= 6004679))

for range-notcovered
table 1 : explain SELECT k, c FROM sbtest1 WHERE k BETWEEN 8895132 AND 8895232
	Bitmap Heap Scan on sbtest1  (cost=5.38..369.99 rows=92 width=125)
	  Recheck Cond: ((k >= 8895132) AND (k <= 8895232))
	  ->  Bitmap Index Scan on k_1  (cost=0.00..5.35 rows=92 width=0)
	        Index Cond: ((k >= 8895132) AND (k <= 8895232))

table 2 : explain SELECT k, c FROM sbtest2 WHERE k BETWEEN 8895132 AND 8895232
	Bitmap Heap Scan on sbtest2  (cost=5.42..385.90 rows=96 width=125)
	  Recheck Cond: ((k >= 8895132) AND (k <= 8895232))
	  ->  Bitmap Index Scan on k_2  (cost=0.00..5.39 rows=96 width=0)
	        Index Cond: ((k >= 8895132) AND (k <= 8895232))

table 3 : explain SELECT k, c FROM sbtest3 WHERE k BETWEEN 8895132 AND 8895232
	Bitmap Heap Scan on sbtest3  (cost=5.43..389.82 rows=97 width=125)
	  Recheck Cond: ((k >= 8895132) AND (k <= 8895232))
	  ->  Bitmap Index Scan on k_3  (cost=0.00..5.40 rows=97 width=0)
	        Index Cond: ((k >= 8895132) AND (k <= 8895232))

table 4 : explain SELECT k, c FROM sbtest4 WHERE k BETWEEN 8895132 AND 8895232
	Bitmap Heap Scan on sbtest4  (cost=5.56..441.22 rows=110 width=125)
	  Recheck Cond: ((k >= 8895132) AND (k <= 8895232))
	  ->  Bitmap Index Scan on k_4  (cost=0.00..5.53 rows=110 width=0)
	        Index Cond: ((k >= 8895132) AND (k <= 8895232))

table 5 : explain SELECT k, c FROM sbtest5 WHERE k BETWEEN 8895132 AND 8895232
	Bitmap Heap Scan on sbtest5  (cost=5.51..421.49 rows=105 width=125)
	  Recheck Cond: ((k >= 8895132) AND (k <= 8895232))
	  ->  Bitmap Index Scan on k_5  (cost=0.00..5.48 rows=105 width=0)
	        Index Cond: ((k >= 8895132) AND (k <= 8895232))

table 6 : explain SELECT k, c FROM sbtest6 WHERE k BETWEEN 8895132 AND 8895232
	Bitmap Heap Scan on sbtest6  (cost=5.49..413.62 rows=103 width=125)
	  Recheck Cond: ((k >= 8895132) AND (k <= 8895232))
	  ->  Bitmap Index Scan on k_6  (cost=0.00..5.46 rows=103 width=0)
	        Index Cond: ((k >= 8895132) AND (k <= 8895232))

table 7 : explain SELECT k, c FROM sbtest7 WHERE k BETWEEN 8895132 AND 8895232
	Bitmap Heap Scan on sbtest7  (cost=5.44..393.89 rows=98 width=125)
	  Recheck Cond: ((k >= 8895132) AND (k <= 8895232))
	  ->  Bitmap Index Scan on k_7  (cost=0.00..5.42 rows=98 width=0)
	        Index Cond: ((k >= 8895132) AND (k <= 8895232))

table 8 : explain SELECT k, c FROM sbtest8 WHERE k BETWEEN 8895132 AND 8895232
	Bitmap Heap Scan on sbtest8  (cost=5.51..421.51 rows=105 width=125)
	  Recheck Cond: ((k >= 8895132) AND (k <= 8895232))
	  ->  Bitmap Index Scan on k_8  (cost=0.00..5.48 rows=105 width=0)
	        Index Cond: ((k >= 8895132) AND (k <= 8895232))

explain: for range-notcovered :: explain SELECT k, c FROM sbtest%d WHERE k BETWEEN 1664440 AND 1664540
explain: for range-notcovered :: explain SELECT k, c FROM sbtest%d WHERE k BETWEEN 6004579 AND 6004679
explain: for range-notcovered :: explain SELECT k, c FROM sbtest%d WHERE k BETWEEN 8895132 AND 8895232
for range-notcovered
table 1 : explain SELECT k, c FROM sbtest1 WHERE k BETWEEN 7666786 AND 7666886
	Bitmap Heap Scan on sbtest1  (cost=5.48..409.44 rows=102 width=125)
	  Recheck Cond: ((k >= 7666786) AND (k <= 7666886))
	  ->  Bitmap Index Scan on k_1  (cost=0.00..5.45 rows=102 width=0)
	        Index Cond: ((k >= 7666786) AND (k <= 7666886))

table 2 : explain SELECT k, c FROM sbtest2 WHERE k BETWEEN 7666786 AND 7666886
	Bitmap Heap Scan on sbtest2  (cost=5.43..389.85 rows=97 width=125)
	  Recheck Cond: ((k >= 7666786) AND (k <= 7666886))
	  ->  Bitmap Index Scan on k_2  (cost=0.00..5.40 rows=97 width=0)
	        Index Cond: ((k >= 7666786) AND (k <= 7666886))

table 3 : explain SELECT k, c FROM sbtest3 WHERE k BETWEEN 7666786 AND 7666886
	Bitmap Heap Scan on sbtest3  (cost=5.46..401.66 rows=100 width=125)
	  Recheck Cond: ((k >= 7666786) AND (k <= 7666886))
	  ->  Bitmap Index Scan on k_3  (cost=0.00..5.43 rows=100 width=0)
	        Index Cond: ((k >= 7666786) AND (k <= 7666886))

table 4 : explain SELECT k, c FROM sbtest4 WHERE k BETWEEN 7666786 AND 7666886
	Bitmap Heap Scan on sbtest4  (cost=5.48..409.66 rows=102 width=125)
	  Recheck Cond: ((k >= 7666786) AND (k <= 7666886))
	  ->  Bitmap Index Scan on k_4  (cost=0.00..5.45 rows=102 width=0)
	        Index Cond: ((k >= 7666786) AND (k <= 7666886))

table 5 : explain SELECT k, c FROM sbtest5 WHERE k BETWEEN 7666786 AND 7666886
	Bitmap Heap Scan on sbtest5  (cost=5.56..441.22 rows=110 width=125)
	  Recheck Cond: ((k >= 7666786) AND (k <= 7666886))
	  ->  Bitmap Index Scan on k_5  (cost=0.00..5.53 rows=110 width=0)
	        Index Cond: ((k >= 7666786) AND (k <= 7666886))

table 6 : explain SELECT k, c FROM sbtest6 WHERE k BETWEEN 7666786 AND 7666886
	Bitmap Heap Scan on sbtest6  (cost=5.47..405.72 rows=101 width=125)
	  Recheck Cond: ((k >= 7666786) AND (k <= 7666886))
	  ->  Bitmap Index Scan on k_6  (cost=0.00..5.44 rows=101 width=0)
	        Index Cond: ((k >= 7666786) AND (k <= 7666886))

table 7 : explain SELECT k, c FROM sbtest7 WHERE k BETWEEN 7666786 AND 7666886
	Bitmap Heap Scan on sbtest7  (cost=5.47..405.73 rows=101 width=125)
	  Recheck Cond: ((k >= 7666786) AND (k <= 7666886))
	  ->  Bitmap Index Scan on k_7  (cost=0.00..5.44 rows=101 width=0)
	        Index Cond: ((k >= 7666786) AND (k <= 7666886))

table 8 : explain SELECT k, c FROM sbtest8 WHERE k BETWEEN 7666786 AND 7666886
	Bitmap Heap Scan on sbtest8  (cost=5.47..405.73 rows=101 width=125)
	  Recheck Cond: ((k >= 7666786) AND (k <= 7666886))
	  ->  Bitmap Index Scan on k_8  (cost=0.00..5.44 rows=101 width=0)
	        Index Cond: ((k >= 7666786) AND (k <= 7666886))

explain: for range-notcovered :: explain SELECT k, c FROM sbtest%d WHERE k BETWEEN 7666786 AND 7666886
for range-notcovered
table 1 : explain SELECT k, c FROM sbtest1 WHERE k BETWEEN 2010062 AND 2010162
	Bitmap Heap Scan on sbtest1  (cost=5.46..401.56 rows=100 width=125)
	  Recheck Cond: ((k >= 2010062) AND (k <= 2010162))
	  ->  Bitmap Index Scan on k_1  (cost=0.00..5.43 rows=100 width=0)
	        Index Cond: ((k >= 2010062) AND (k <= 2010162))

table 2 : explain SELECT k, c FROM sbtest2 WHERE k BETWEEN 2010062 AND 2010162
	Bitmap Heap Scan on sbtest2  (cost=5.53..429.30 rows=107 width=125)
	  Recheck Cond: ((k >= 2010062) AND (k <= 2010162))
	  ->  Bitmap Index Scan on k_2  (cost=0.00..5.50 rows=107 width=0)
	        Index Cond: ((k >= 2010062) AND (k <= 2010162))

table 3 : explain SELECT k, c FROM sbtest3 WHERE k BETWEEN 2010062 AND 2010162
	Bitmap Heap Scan on sbtest3  (cost=5.40..377.98 rows=94 width=125)
	  Recheck Cond: ((k >= 2010062) AND (k <= 2010162))
	  ->  Bitmap Index Scan on k_3  (cost=0.00..5.38 rows=94 width=0)
	        Index Cond: ((k >= 2010062) AND (k <= 2010162))

table 4 : explain SELECT k, c FROM sbtest4 WHERE k BETWEEN 2010062 AND 2010162
	Bitmap Heap Scan on sbtest4  (cost=5.48..409.66 rows=102 width=125)
	  Recheck Cond: ((k >= 2010062) AND (k <= 2010162))
	  ->  Bitmap Index Scan on k_4  (cost=0.00..5.45 rows=102 width=0)
	        Index Cond: ((k >= 2010062) AND (k <= 2010162))

table 5 : explain SELECT k, c FROM sbtest5 WHERE k BETWEEN 2010062 AND 2010162
	Bitmap Heap Scan on sbtest5  (cost=5.63..468.81 rows=117 width=125)
	  Recheck Cond: ((k >= 2010062) AND (k <= 2010162))
	  ->  Bitmap Index Scan on k_5  (cost=0.00..5.60 rows=117 width=0)
	        Index Cond: ((k >= 2010062) AND (k <= 2010162))

table 6 : explain SELECT k, c FROM sbtest6 WHERE k BETWEEN 2010062 AND 2010162
	Bitmap Heap Scan on sbtest6  (cost=5.50..417.56 rows=104 width=125)
	  Recheck Cond: ((k >= 2010062) AND (k <= 2010162))
	  ->  Bitmap Index Scan on k_6  (cost=0.00..5.47 rows=104 width=0)
	        Index Cond: ((k >= 2010062) AND (k <= 2010162))

table 7 : explain SELECT k, c FROM sbtest7 WHERE k BETWEEN 2010062 AND 2010162
	Bitmap Heap Scan on sbtest7  (cost=5.44..393.89 rows=98 width=125)
	  Recheck Cond: ((k >= 2010062) AND (k <= 2010162))
	  ->  Bitmap Index Scan on k_7  (cost=0.00..5.42 rows=98 width=0)
	        Index Cond: ((k >= 2010062) AND (k <= 2010162))

table 8 : explain SELECT k, c FROM sbtest8 WHERE k BETWEEN 2010062 AND 2010162
	Bitmap Heap Scan on sbtest8  (cost=5.57..445.18 rows=111 width=125)
	  Recheck Cond: ((k >= 2010062) AND (k <= 2010162))
	  ->  Bitmap Index Scan on k_8  (cost=0.00..5.54 rows=111 width=0)
	        Index Cond: ((k >= 2010062) AND (k <= 2010162))

for range-notcovered
table 1 : explain SELECT k, c FROM sbtest1 WHERE k BETWEEN 3387239 AND 3387339
	Bitmap Heap Scan on sbtest1  (cost=5.40..377.88 rows=94 width=125)
	  Recheck Cond: ((k >= 3387239) AND (k <= 3387339))
	  ->  Bitmap Index Scan on k_1  (cost=0.00..5.38 rows=94 width=0)
	        Index Cond: ((k >= 3387239) AND (k <= 3387339))

table 2 : explain SELECT k, c FROM sbtest2 WHERE k BETWEEN 3387239 AND 3387339
	Bitmap Heap Scan on sbtest2  (cost=5.49..413.52 rows=103 width=125)
	  Recheck Cond: ((k >= 3387239) AND (k <= 3387339))
	  ->  Bitmap Index Scan on k_2  (cost=0.00..5.46 rows=103 width=0)
	        Index Cond: ((k >= 3387239) AND (k <= 3387339))

table 3 : explain SELECT k, c FROM sbtest3 WHERE k BETWEEN 3387239 AND 3387339
	Bitmap Heap Scan on sbtest3  (cost=5.50..417.44 rows=104 width=125)
	  Recheck Cond: ((k >= 3387239) AND (k <= 3387339))
	  ->  Bitmap Index Scan on k_3  (cost=0.00..5.47 rows=104 width=0)
	        Index Cond: ((k >= 3387239) AND (k <= 3387339))

table 4 : explain SELECT k, c FROM sbtest4 WHERE k BETWEEN 3387239 AND 3387339
	Bitmap Heap Scan on sbtest4  (cost=5.54..433.33 rows=108 width=125)
	  Recheck Cond: ((k >= 3387239) AND (k <= 3387339))
	  ->  Bitmap Index Scan on k_4  (cost=0.00..5.51 rows=108 width=0)
	        Index Cond: ((k >= 3387239) AND (k <= 3387339))

table 5 : explain SELECT k, c FROM sbtest5 WHERE k BETWEEN 3387239 AND 3387339
	Bitmap Heap Scan on sbtest5  (cost=5.50..417.55 rows=104 width=125)
	  Recheck Cond: ((k >= 3387239) AND (k <= 3387339))
	  ->  Bitmap Index Scan on k_5  (cost=0.00..5.47 rows=104 width=0)
	        Index Cond: ((k >= 3387239) AND (k <= 3387339))

table 6 : explain SELECT k, c FROM sbtest6 WHERE k BETWEEN 3387239 AND 3387339
	Bitmap Heap Scan on sbtest6  (cost=5.47..405.72 rows=101 width=125)
	  Recheck Cond: ((k >= 3387239) AND (k <= 3387339))
	  ->  Bitmap Index Scan on k_6  (cost=0.00..5.44 rows=101 width=0)
	        Index Cond: ((k >= 3387239) AND (k <= 3387339))

table 7 : explain SELECT k, c FROM sbtest7 WHERE k BETWEEN 3387239 AND 3387339
	Bitmap Heap Scan on sbtest7  (cost=5.50..417.57 rows=104 width=125)
	  Recheck Cond: ((k >= 3387239) AND (k <= 3387339))
	  ->  Bitmap Index Scan on k_7  (cost=0.00..5.47 rows=104 width=0)
	        Index Cond: ((k >= 3387239) AND (k <= 3387339))

table 8 : explain SELECT k, c FROM sbtest8 WHERE k BETWEEN 3387239 AND 3387339
	Bitmap Heap Scan on sbtest8  (cost=5.53..429.40 rows=107 width=125)
	  Recheck Cond: ((k >= 3387239) AND (k <= 3387339))
	  ->  Bitmap Index Scan on k_8  (cost=0.00..5.50 rows=107 width=0)
	        Index Cond: ((k >= 3387239) AND (k <= 3387339))

explain: for range-notcovered :: explain SELECT k, c FROM sbtest%d WHERE k BETWEEN 2010062 AND 2010162
explain: for range-notcovered :: explain SELECT k, c FROM sbtest%d WHERE k BETWEEN 6433348 AND 6433448for range-notcovered
table 1 : explain SELECT k, c FROM sbtest1 WHERE k BETWEEN 3381726 AND 3381826
	Bitmap Heap Scan on sbtest1  (cost=5.40..377.88 rows=94 width=125)
	  Recheck Cond: ((k >= 3381726) AND (k <= 3381826))
	  ->  Bitmap Index Scan on k_1  (cost=0.00..5.38 rows=94 width=0)
	        Index Cond: ((k >= 3381726) AND (k <= 3381826))

table 2 : explain SELECT k, c FROM sbtest2 WHERE k BETWEEN 3381726 AND 3381826
	Bitmap Heap Scan on sbtest2  (cost=5.57..445.07 rows=111 width=125)
	  Recheck Cond: ((k >= 3381726) AND (k <= 3381826))
	  ->  Bitmap Index Scan on k_2  (cost=0.00..5.54 rows=111 width=0)
	        Index Cond: ((k >= 3381726) AND (k <= 3381826))

table 3 : explain SELECT k, c FROM sbtest3 WHERE k BETWEEN 3381726 AND 3381826
	Bitmap Heap Scan on sbtest3  (cost=5.50..417.44 rows=104 width=125)
	  Recheck Cond: ((k >= 3381726) AND (k <= 3381826))
	  ->  Bitmap Index Scan on k_3  (cost=0.00..5.47 rows=104 width=0)
	        Index Cond: ((k >= 3381726) AND (k <= 3381826))

table 4 : explain SELECT k, c FROM sbtest4 WHERE k BETWEEN 3381726 AND 3381826
	Bitmap Heap Scan on sbtest4  (cost=5.54..433.33 rows=108 width=125)
	  Recheck Cond: ((k >= 3381726) AND (k <= 3381826))
	  ->  Bitmap Index Scan on k_4  (cost=0.00..5.51 rows=108 width=0)
	        Index Cond: ((k >= 3381726) AND (k <= 3381826))

table 5 : explain SELECT k, c FROM sbtest5 WHERE k BETWEEN 3381726 AND 3381826
	Bitmap Heap Scan on sbtest5  (cost=5.50..417.55 rows=104 width=125)
	  Recheck Cond: ((k >= 3381726) AND (k <= 3381826))
	  ->  Bitmap Index Scan on k_5  (cost=0.00..5.47 rows=104 width=0)
	        Index Cond: ((k >= 3381726) AND (k <= 3381826))

table 6 : explain SELECT k, c FROM sbtest6 WHERE k BETWEEN 3381726 AND 3381826
	Bitmap Heap Scan on sbtest6  (cost=5.47..405.72 rows=101 width=125)
	  Recheck Cond: ((k >= 3381726) AND (k <= 3381826))
	  ->  Bitmap Index Scan on k_6  (cost=0.00..5.44 rows=101 width=0)
	        Index Cond: ((k >= 3381726) AND (k <= 3381826))

table 7 : explain SELECT k, c FROM sbtest7 WHERE k BETWEEN 3381726 AND 3381826
	Bitmap Heap Scan on sbtest7  (cost=5.50..417.57 rows=104 width=125)
	  Recheck Cond: ((k >= 3381726) AND (k <= 3381826))
	  ->  Bitmap Index Scan on k_7  (cost=0.00..5.47 rows=104 width=0)
	        Index Cond: ((k >= 3381726) AND (k <= 3381826))

table 8 : explain SELECT k, c FROM sbtest8 WHERE k BETWEEN 3381726 AND 3381826
	Bitmap Heap Scan on sbtest8  (cost=5.53..429.40 rows=107 width=125)
	  Recheck Cond: ((k >= 3381726) AND (k <= 3381826))
	  ->  Bitmap Index Scan on k_8  (cost=0.00..5.50 rows=107 width=0)
	        Index Cond: ((k >= 3381726) AND (k <= 3381826))


for range-notcovered
table 1 : explain SELECT k, c FROM sbtest1 WHERE k BETWEEN 4811934 AND 4812034
	Bitmap Heap Scan on sbtest1  (cost=5.47..405.50 rows=101 width=125)
	  Recheck Cond: ((k >= 4811934) AND (k <= 4812034))
	  ->  Bitmap Index Scan on k_1  (cost=0.00..5.44 rows=101 width=0)
	        Index Cond: ((k >= 4811934) AND (k <= 4812034))

table 2 : explain SELECT k, c FROM sbtest2 WHERE k BETWEEN 4811934 AND 4812034
	Bitmap Heap Scan on sbtest2  (cost=5.47..405.63 rows=101 width=125)
	  Recheck Cond: ((k >= 4811934) AND (k <= 4812034))
	  ->  Bitmap Index Scan on k_2  (cost=0.00..5.44 rows=101 width=0)
	        Index Cond: ((k >= 4811934) AND (k <= 4812034))

table 3 : explain SELECT k, c FROM sbtest3 WHERE k BETWEEN 4811934 AND 4812034
	Bitmap Heap Scan on sbtest3  (cost=5.46..401.66 rows=100 width=125)
	  Recheck Cond: ((k >= 4811934) AND (k <= 4812034))
	  ->  Bitmap Index Scan on k_3  (cost=0.00..5.43 rows=100 width=0)
	        Index Cond: ((k >= 4811934) AND (k <= 4812034))

table 4 : explain SELECT k, c FROM sbtest4 WHERE k BETWEEN 4811934 AND 4812034
	Bitmap Heap Scan on sbtest4  (cost=5.56..441.22 rows=110 width=125)
	  Recheck Cond: ((k >= 4811934) AND (k <= 4812034))
	  ->  Bitmap Index Scan on k_4  (cost=0.00..5.53 rows=110 width=0)
	        Index Cond: ((k >= 4811934) AND (k <= 4812034))

table 5 : explain SELECT k, c FROM sbtest5 WHERE k BETWEEN 4811934 AND 4812034
	Bitmap Heap Scan on sbtest5  (cost=5.48..409.66 rows=102 width=125)
	  Recheck Cond: ((k >= 4811934) AND (k <= 4812034))
	  ->  Bitmap Index Scan on k_5  (cost=0.00..5.45 rows=102 width=0)
	        Index Cond: ((k >= 4811934) AND (k <= 4812034))

table 6 : explain SELECT k, c FROM sbtest6 WHERE k BETWEEN 4811934 AND 4812034
	Bitmap Heap Scan on sbtest6  (cost=5.39..374.13 rows=93 width=125)
	  Recheck Cond: ((k >= 4811934) AND (k <= 4812034))
	  ->  Bitmap Index Scan on k_6  (cost=0.00..5.36 rows=93 width=0)
	        Index Cond: ((k >= 4811934) AND (k <= 4812034))

table 7 : explain SELECT k, c FROM sbtest7 WHERE k BETWEEN 4811934 AND 4812034
	Bitmap Heap Scan on sbtest7  (cost=5.53..429.41 rows=107 width=125)
	  Recheck Cond: ((k >= 4811934) AND (k <= 4812034))
	  ->  Bitmap Index Scan on k_7  (cost=0.00..5.50 rows=107 width=0)
	        Index Cond: ((k >= 4811934) AND (k <= 4812034))

table 8 : explain SELECT k, c FROM sbtest8 WHERE k BETWEEN 4811934 AND 4812034
	Bitmap Heap Scan on sbtest8  (cost=5.35..358.33 rows=89 width=125)
	  Recheck Cond: ((k >= 4811934) AND (k <= 4812034))
	  ->  Bitmap Index Scan on k_8  (cost=0.00..5.32 rows=89 width=0)
	        Index Cond: ((k >= 4811934) AND (k <= 4812034))

explain: for range-notcovered :: explain SELECT k, c FROM sbtest%d WHERE k BETWEEN 3387239 AND 3387339
explain: for range-notcovered :: explain SELECT k, c FROM sbtest%d WHERE k BETWEEN 3381726 AND 3381826
explain: for range-notcovered :: explain SELECT k, c FROM sbtest%d WHERE k BETWEEN 4811934 AND 4812034
for range-notcovered
table 1 : explain SELECT k, c FROM sbtest1 WHERE k BETWEEN 3046782 AND 3046882
	Bitmap Heap Scan on sbtest1  (cost=5.46..401.56 rows=100 width=125)
	  Recheck Cond: ((k >= 3046782) AND (k <= 3046882))
	  ->  Bitmap Index Scan on k_1  (cost=0.00..5.43 rows=100 width=0)
	        Index Cond: ((k >= 3046782) AND (k <= 3046882))

table 2 : explain SELECT k, c FROM sbtest2 WHERE k BETWEEN 3046782 AND 3046882
	Bitmap Heap Scan on sbtest2  (cost=5.43..389.85 rows=97 width=125)
	  Recheck Cond: ((k >= 3046782) AND (k <= 3046882))
	  ->  Bitmap Index Scan on k_2  (cost=0.00..5.40 rows=97 width=0)
	        Index Cond: ((k >= 3046782) AND (k <= 3046882))

table 3 : explain SELECT k, c FROM sbtest3 WHERE k BETWEEN 3046782 AND 3046882
	Bitmap Heap Scan on sbtest3  (cost=5.47..405.60 rows=101 width=125)
	  Recheck Cond: ((k >= 3046782) AND (k <= 3046882))
	  ->  Bitmap Index Scan on k_3  (cost=0.00..5.44 rows=101 width=0)
	        Index Cond: ((k >= 3046782) AND (k <= 3046882))

table 4 : explain SELECT k, c FROM sbtest4 WHERE k BETWEEN 3046782 AND 3046882
	Bitmap Heap Scan on sbtest4  (cost=5.52..425.44 rows=106 width=125)
	  Recheck Cond: ((k >= 3046782) AND (k <= 3046882))
	  ->  Bitmap Index Scan on k_4  (cost=0.00..5.50 rows=106 width=0)
	        Index Cond: ((k >= 3046782) AND (k <= 3046882))

table 5 : explain SELECT k, c FROM sbtest5 WHERE k BETWEEN 3046782 AND 3046882
	Bitmap Heap Scan on sbtest5  (cost=5.35..358.32 rows=89 width=125)
	  Recheck Cond: ((k >= 3046782) AND (k <= 3046882))
	  ->  Bitmap Index Scan on k_5  (cost=0.00..5.32 rows=89 width=0)
	        Index Cond: ((k >= 3046782) AND (k <= 3046882))

table 6 : explain SELECT k, c FROM sbtest6 WHERE k BETWEEN 3046782 AND 3046882
	Bitmap Heap Scan on sbtest6  (cost=5.51..421.51 rows=105 width=125)
	  Recheck Cond: ((k >= 3046782) AND (k <= 3046882))
	  ->  Bitmap Index Scan on k_6  (cost=0.00..5.48 rows=105 width=0)
	        Index Cond: ((k >= 3046782) AND (k <= 3046882))

table 7 : explain SELECT k, c FROM sbtest7 WHERE k BETWEEN 3046782 AND 3046882
	Bitmap Heap Scan on sbtest7  (cost=5.39..374.14 rows=93 width=125)
	  Recheck Cond: ((k >= 3046782) AND (k <= 3046882))
	  ->  Bitmap Index Scan on k_7  (cost=0.00..5.36 rows=93 width=0)
	        Index Cond: ((k >= 3046782) AND (k <= 3046882))

table 8 : explain SELECT k, c FROM sbtest8 WHERE k BETWEEN 3046782 AND 3046882
	Bitmap Heap Scan on sbtest8  (cost=5.53..429.40 rows=107 width=125)
	  Recheck Cond: ((k >= 3046782) AND (k <= 3046882))
	  ->  Bitmap Index Scan on k_8  (cost=0.00..5.50 rows=107 width=0)
	        Index Cond: ((k >= 3046782) AND (k <= 3046882))

for range-notcovered
table 1 : explain SELECT k, c FROM sbtest1 WHERE k BETWEEN 4086767 AND 4086867
	Bitmap Heap Scan on sbtest1  (cost=5.36..362.09 rows=90 width=125)
	  Recheck Cond: ((k >= 4086767) AND (k <= 4086867))
	  ->  Bitmap Index Scan on k_1  (cost=0.00..5.33 rows=90 width=0)
	        Index Cond: ((k >= 4086767) AND (k <= 4086867))

table 2 : explain SELECT k, c FROM sbtest2 WHERE k BETWEEN 4086767 AND 4086867
	Bitmap Heap Scan on sbtest2  (cost=5.43..389.85 rows=97 width=125)
	  Recheck Cond: ((k >= 4086767) AND (k <= 4086867))
	  ->  Bitmap Index Scan on k_2  (cost=0.00..5.40 rows=97 width=0)
	        Index Cond: ((k >= 4086767) AND (k <= 4086867))

table 3 : explain SELECT k, c FROM sbtest3 WHERE k BETWEEN 4086767 AND 4086867
	Bitmap Heap Scan on sbtest3  (cost=5.42..385.87 rows=96 width=125)
	  Recheck Cond: ((k >= 4086767) AND (k <= 4086867))
	  ->  Bitmap Index Scan on k_3  (cost=0.00..5.39 rows=96 width=0)
	        Index Cond: ((k >= 4086767) AND (k <= 4086867))

table 4 : explain SELECT k, c FROM sbtest4 WHERE k BETWEEN 4086767 AND 4086867
	Bitmap Heap Scan on sbtest4  (cost=5.42..385.97 rows=96 width=125)
	  Recheck Cond: ((k >= 4086767) AND (k <= 4086867))
	  ->  Bitmap Index Scan on k_4  (cost=0.00..5.39 rows=96 width=0)
	        Index Cond: ((k >= 4086767) AND (k <= 4086867))

table 5 : explain SELECT k, c FROM sbtest5 WHERE k BETWEEN 4086767 AND 4086867
	Bitmap Heap Scan on sbtest5  (cost=5.40..378.07 rows=94 width=125)
	  Recheck Cond: ((k >= 4086767) AND (k <= 4086867))
	  ->  Bitmap Index Scan on k_5  (cost=0.00..5.38 rows=94 width=0)
	        Index Cond: ((k >= 4086767) AND (k <= 4086867))

table 6 : explain SELECT k, c FROM sbtest6 WHERE k BETWEEN 4086767 AND 4086867
	Bitmap Heap Scan on sbtest6  (cost=5.49..413.62 rows=103 width=125)
	  Recheck Cond: ((k >= 4086767) AND (k <= 4086867))
	  ->  Bitmap Index Scan on k_6  (cost=0.00..5.46 rows=103 width=0)
	        Index Cond: ((k >= 4086767) AND (k <= 4086867))

table 7 : explain SELECT k, c FROM sbtest7 WHERE k BETWEEN 4086767 AND 4086867
	Bitmap Heap Scan on sbtest7  (cost=5.46..401.78 rows=100 width=125)
	  Recheck Cond: ((k >= 4086767) AND (k <= 4086867))
	  ->  Bitmap Index Scan on k_7  (cost=0.00..5.43 rows=100 width=0)
	        Index Cond: ((k >= 4086767) AND (k <= 4086867))

table 8 : explain SELECT k, c FROM sbtest8 WHERE k BETWEEN 4086767 AND 4086867
	Bitmap Heap Scan on sbtest8  (cost=5.41..382.04 rows=95 width=125)
	  Recheck Cond: ((k >= 4086767) AND (k <= 4086867))
	  ->  Bitmap Index Scan on k_8  (cost=0.00..5.38 rows=95 width=0)
	        Index Cond: ((k >= 4086767) AND (k <= 4086867))

explain: for range-notcovered :: explain SELECT k, c FROM sbtest%d WHERE k BETWEEN 3046782 AND 3046882
explain: for range-notcovered :: explain SELECT k, c FROM sbtest%d WHERE k BETWEEN 4086767 AND 4086867
for range-notcovered
table 1 : explain SELECT k, c FROM sbtest1 WHERE k BETWEEN 3149803 AND 3149903
	Bitmap Heap Scan on sbtest1  (cost=5.37..366.04 rows=91 width=125)
	  Recheck Cond: ((k >= 3149803) AND (k <= 3149903))
	  ->  Bitmap Index Scan on k_1  (cost=0.00..5.34 rows=91 width=0)
	        Index Cond: ((k >= 3149803) AND (k <= 3149903))

table 2 : explain SELECT k, c FROM sbtest2 WHERE k BETWEEN 3149803 AND 3149903
	Bitmap Heap Scan on sbtest2  (cost=5.55..437.19 rows=109 width=125)
	  Recheck Cond: ((k >= 3149803) AND (k <= 3149903))
	  ->  Bitmap Index Scan on k_2  (cost=0.00..5.52 rows=109 width=0)
	        Index Cond: ((k >= 3149803) AND (k <= 3149903))

table 3 : explain SELECT k, c FROM sbtest3 WHERE k BETWEEN 3149803 AND 3149903
	Bitmap Heap Scan on sbtest3  (cost=5.39..374.03 rows=93 width=125)
	  Recheck Cond: ((k >= 3149803) AND (k <= 3149903))
	  ->  Bitmap Index Scan on k_3  (cost=0.00..5.36 rows=93 width=0)
	        Index Cond: ((k >= 3149803) AND (k <= 3149903))

table 4 : explain SELECT k, c FROM sbtest4 WHERE k BETWEEN 3149803 AND 3149903
	Bitmap Heap Scan on sbtest4  (cost=5.48..409.66 rows=102 width=125)
	  Recheck Cond: ((k >= 3149803) AND (k <= 3149903))
	  ->  Bitmap Index Scan on k_4  (cost=0.00..5.45 rows=102 width=0)
	        Index Cond: ((k >= 3149803) AND (k <= 3149903))

table 5 : explain SELECT k, c FROM sbtest5 WHERE k BETWEEN 3149803 AND 3149903
	Bitmap Heap Scan on sbtest5  (cost=5.39..374.12 rows=93 width=125)
	  Recheck Cond: ((k >= 3149803) AND (k <= 3149903))
	  ->  Bitmap Index Scan on k_5  (cost=0.00..5.36 rows=93 width=0)
	        Index Cond: ((k >= 3149803) AND (k <= 3149903))

table 6 : explain SELECT k, c FROM sbtest6 WHERE k BETWEEN 3149803 AND 3149903
	Bitmap Heap Scan on sbtest6  (cost=5.41..382.03 rows=95 width=125)
	  Recheck Cond: ((k >= 3149803) AND (k <= 3149903))
	  ->  Bitmap Index Scan on k_6  (cost=0.00..5.38 rows=95 width=0)
	        Index Cond: ((k >= 3149803) AND (k <= 3149903))

table 7 : explain SELECT k, c FROM sbtest7 WHERE k BETWEEN 3149803 AND 3149903
	Bitmap Heap Scan on sbtest7  (cost=5.44..393.89 rows=98 width=125)
	  Recheck Cond: ((k >= 3149803) AND (k <= 3149903))
	  ->  Bitmap Index Scan on k_7  (cost=0.00..5.42 rows=98 width=0)
	        Index Cond: ((k >= 3149803) AND (k <= 3149903))

table 8 : explain SELECT k, c FROM sbtest8 WHERE k BETWEEN 3149803 AND 3149903
	Bitmap Heap Scan on sbtest8  (cost=5.46..401.78 rows=100 width=125)
	  Recheck Cond: ((k >= 3149803) AND (k <= 3149903))
	  ->  Bitmap Index Scan on k_8  (cost=0.00..5.43 rows=100 width=0)
	        Index Cond: ((k >= 3149803) AND (k <= 3149903))

for range-notcovered
table 1 : explain SELECT k, c FROM sbtest1 WHERE k BETWEEN 7061135 AND 7061235
	Bitmap Heap Scan on sbtest1  (cost=5.46..401.56 rows=100 width=125)
	  Recheck Cond: ((k >= 7061135) AND (k <= 7061235))
	  ->  Bitmap Index Scan on k_1  (cost=0.00..5.43 rows=100 width=0)
	        Index Cond: ((k >= 7061135) AND (k <= 7061235))

table 2 : explain SELECT k, c FROM sbtest2 WHERE k BETWEEN 7061135 AND 7061235
	Bitmap Heap Scan on sbtest2  (cost=5.59..452.95 rows=113 width=125)
	  Recheck Cond: ((k >= 7061135) AND (k <= 7061235))
	  ->  Bitmap Index Scan on k_2  (cost=0.00..5.56 rows=113 width=0)
	        Index Cond: ((k >= 7061135) AND (k <= 7061235))

table 3 : explain SELECT k, c FROM sbtest3 WHERE k BETWEEN 7061135 AND 7061235
	Bitmap Heap Scan on sbtest3  (cost=5.51..421.38 rows=105 width=125)
	  Recheck Cond: ((k >= 7061135) AND (k <= 7061235))
	  ->  Bitmap Index Scan on k_3  (cost=0.00..5.48 rows=105 width=0)
	        Index Cond: ((k >= 7061135) AND (k <= 7061235))

table 4 : explain SELECT k, c FROM sbtest4 WHERE k BETWEEN 7061135 AND 7061235
	Bitmap Heap Scan on sbtest4  (cost=5.39..374.13 rows=93 width=125)
	  Recheck Cond: ((k >= 7061135) AND (k <= 7061235))
	  ->  Bitmap Index Scan on k_4  (cost=0.00..5.36 rows=93 width=0)
	        Index Cond: ((k >= 7061135) AND (k <= 7061235))

table 5 : explain SELECT k, c FROM sbtest5 WHERE k BETWEEN 7061135 AND 7061235
	Bitmap Heap Scan on sbtest5  (cost=5.48..409.66 rows=102 width=125)
	  Recheck Cond: ((k >= 7061135) AND (k <= 7061235))
	  ->  Bitmap Index Scan on k_5  (cost=0.00..5.45 rows=102 width=0)
	        Index Cond: ((k >= 7061135) AND (k <= 7061235))

table 6 : explain SELECT k, c FROM sbtest6 WHERE k BETWEEN 7061135 AND 7061235
	Bitmap Heap Scan on sbtest6  (cost=5.39..374.13 rows=93 width=125)
	  Recheck Cond: ((k >= 7061135) AND (k <= 7061235))
	  ->  Bitmap Index Scan on k_6  (cost=0.00..5.36 rows=93 width=0)
	        Index Cond: ((k >= 7061135) AND (k <= 7061235))

table 7 : explain SELECT k, c FROM sbtest7 WHERE k BETWEEN 7061135 AND 7061235
	Bitmap Heap Scan on sbtest7  (cost=5.47..405.73 rows=101 width=125)
	  Recheck Cond: ((k >= 7061135) AND (k <= 7061235))
	  ->  Bitmap Index Scan on k_7  (cost=0.00..5.44 rows=101 width=0)
	        Index Cond: ((k >= 7061135) AND (k <= 7061235))

table 8 : explain SELECT k, c FROM sbtest8 WHERE k BETWEEN 7061135 AND 7061235
	Bitmap Heap Scan on sbtest8  (cost=5.43..389.94 rows=97 width=125)
	  Recheck Cond: ((k >= 7061135) AND (k <= 7061235))
	  ->  Bitmap Index Scan on k_8  (cost=0.00..5.40 rows=97 width=0)
	        Index Cond: ((k >= 7061135) AND (k <= 7061235))

explain: for range-notcovered :: explain SELECT k, c FROM sbtest%d WHERE k BETWEEN 7061135 AND 7061235
for range-notcovered
table 1 : explain SELECT k, c FROM sbtest1 WHERE k BETWEEN 6378839 AND 6378939
	Bitmap Heap Scan on sbtest1  (cost=5.47..405.50 rows=101 width=125)
	  Recheck Cond: ((k >= 6378839) AND (k <= 6378939))
	  ->  Bitmap Index Scan on k_1  (cost=0.00..5.44 rows=101 width=0)
	        Index Cond: ((k >= 6378839) AND (k <= 6378939))

table 2 : explain SELECT k, c FROM sbtest2 WHERE k BETWEEN 6378839 AND 6378939
	Bitmap Heap Scan on sbtest2  (cost=5.60..456.89 rows=114 width=125)
	  Recheck Cond: ((k >= 6378839) AND (k <= 6378939))
	  ->  Bitmap Index Scan on k_2  (cost=0.00..5.58 rows=114 width=0)
	        Index Cond: ((k >= 6378839) AND (k <= 6378939))

table 3 : explain SELECT k, c FROM sbtest3 WHERE k BETWEEN 6378839 AND 6378939
	Bitmap Heap Scan on sbtest3  (cost=5.48..409.55 rows=102 width=125)
	  Recheck Cond: ((k >= 6378839) AND (k <= 6378939))
	  ->  Bitmap Index Scan on k_3  (cost=0.00..5.45 rows=102 width=0)
	        Index Cond: ((k >= 6378839) AND (k <= 6378939))

table 4 : explain SELECT k, c FROM sbtest4 WHERE k BETWEEN 6378839 AND 6378939
	Bitmap Heap Scan on sbtest4  (cost=5.44..393.87 rows=98 width=125)
	  Recheck Cond: ((k >= 6378839) AND (k <= 6378939))
	  ->  Bitmap Index Scan on k_4  (cost=0.00..5.42 rows=98 width=0)
	        Index Cond: ((k >= 6378839) AND (k <= 6378939))

table 5 : explain SELECT k, c FROM sbtest5 WHERE k BETWEEN 6378839 AND 6378939
	Bitmap Heap Scan on sbtest5  (cost=5.39..374.12 rows=93 width=125)
	  Recheck Cond: ((k >= 6378839) AND (k <= 6378939))
	  ->  Bitmap Index Scan on k_5  (cost=0.00..5.36 rows=93 width=0)
	        Index Cond: ((k >= 6378839) AND (k <= 6378939))

table 6 : explain SELECT k, c FROM sbtest6 WHERE k BETWEEN 6378839 AND 6378939
	Bitmap Heap Scan on sbtest6  (cost=5.36..362.28 rows=90 width=125)
	  Recheck Cond: ((k >= 6378839) AND (k <= 6378939))
	  ->  Bitmap Index Scan on k_6  (cost=0.00..5.33 rows=90 width=0)
	        Index Cond: ((k >= 6378839) AND (k <= 6378939))

table 7 : explain SELECT k, c FROM sbtest7 WHERE k BETWEEN 6378839 AND 6378939
	Bitmap Heap Scan on sbtest7  (cost=5.58..449.13 rows=112 width=125)
	  Recheck Cond: ((k >= 6378839) AND (k <= 6378939))
	  ->  Bitmap Index Scan on k_7  (cost=0.00..5.55 rows=112 width=0)
	        Index Cond: ((k >= 6378839) AND (k <= 6378939))

table 8 : explain SELECT k, c FROM sbtest8 WHERE k BETWEEN 6378839 AND 6378939
	Bitmap Heap Scan on sbtest8  (cost=5.48..409.67 rows=102 width=125)
	  Recheck Cond: ((k >= 6378839) AND (k <= 6378939))
	  ->  Bitmap Index Scan on k_8  (cost=0.00..5.45 rows=102 width=0)
	        Index Cond: ((k >= 6378839) AND (k <= 6378939))

for range-notcovered
table 1 : explain SELECT k, c FROM sbtest1 WHERE k BETWEEN 3691681 AND 3691781
	Bitmap Heap Scan on sbtest1  (cost=5.56..440.98 rows=110 width=125)
	  Recheck Cond: ((k >= 3691681) AND (k <= 3691781))
	  ->  Bitmap Index Scan on k_1  (cost=0.00..5.53 rows=110 width=0)
	        Index Cond: ((k >= 3691681) AND (k <= 3691781))

table 2 : explain SELECT k, c FROM sbtest2 WHERE k BETWEEN 3691681 AND 3691781
	Bitmap Heap Scan on sbtest2  (cost=5.40..378.00 rows=94 width=125)
	  Recheck Cond: ((k >= 3691681) AND (k <= 3691781))
	  ->  Bitmap Index Scan on k_2  (cost=0.00..5.38 rows=94 width=0)
	        Index Cond: ((k >= 3691681) AND (k <= 3691781))

table 3 : explain SELECT k, c FROM sbtest3 WHERE k BETWEEN 3691681 AND 3691781
	Bitmap Heap Scan on sbtest3  (cost=5.34..354.28 rows=88 width=125)
	  Recheck Cond: ((k >= 3691681) AND (k <= 3691781))
	  ->  Bitmap Index Scan on k_3  (cost=0.00..5.31 rows=88 width=0)
	        Index Cond: ((k >= 3691681) AND (k <= 3691781))

table 4 : explain SELECT k, c FROM sbtest4 WHERE k BETWEEN 3691681 AND 3691781
	Bitmap Heap Scan on sbtest4  (cost=5.59..453.05 rows=113 width=125)
	  Recheck Cond: ((k >= 3691681) AND (k <= 3691781))
	  ->  Bitmap Index Scan on k_4  (cost=0.00..5.56 rows=113 width=0)
	        Index Cond: ((k >= 3691681) AND (k <= 3691781))

table 5 : explain SELECT k, c FROM sbtest5 WHERE k BETWEEN 3691681 AND 3691781
	Bitmap Heap Scan on sbtest5  (cost=5.55..437.27 rows=109 width=125)
	  Recheck Cond: ((k >= 3691681) AND (k <= 3691781))
	  ->  Bitmap Index Scan on k_5  (cost=0.00..5.52 rows=109 width=0)
	        Index Cond: ((k >= 3691681) AND (k <= 3691781))

table 6 : explain SELECT k, c FROM sbtest6 WHERE k BETWEEN 3691681 AND 3691781
	Bitmap Heap Scan on sbtest6  (cost=5.50..417.56 rows=104 width=125)
	  Recheck Cond: ((k >= 3691681) AND (k <= 3691781))
	  ->  Bitmap Index Scan on k_6  (cost=0.00..5.47 rows=104 width=0)
	        Index Cond: ((k >= 3691681) AND (k <= 3691781))

table 7 : explain SELECT k, c FROM sbtest7 WHERE k BETWEEN 3691681 AND 3691781
	Bitmap Heap Scan on sbtest7  (cost=5.42..385.99 rows=96 width=125)
	  Recheck Cond: ((k >= 3691681) AND (k <= 3691781))
	  ->  Bitmap Index Scan on k_7  (cost=0.00..5.39 rows=96 width=0)
	        Index Cond: ((k >= 3691681) AND (k <= 3691781))

table 8 : explain SELECT k, c FROM sbtest8 WHERE k BETWEEN 3691681 AND 3691781
	Bitmap Heap Scan on sbtest8  (cost=5.44..393.88 rows=98 width=125)
	  Recheck Cond: ((k >= 3691681) AND (k <= 3691781))
	  ->  Bitmap Index Scan on k_8  (cost=0.00..5.42 rows=98 width=0)
	        Index Cond: ((k >= 3691681) AND (k <= 3691781))

for range-notcovered
table 1 : explain SELECT k, c FROM sbtest1 WHERE k BETWEEN 3918058 AND 3918158
	Bitmap Heap Scan on sbtest1  (cost=5.43..389.72 rows=97 width=125)
	  Recheck Cond: ((k >= 3918058) AND (k <= 3918158))
	  ->  Bitmap Index Scan on k_1  (cost=0.00..5.40 rows=97 width=0)
	        Index Cond: ((k >= 3918058) AND (k <= 3918158))

table 2 : explain SELECT k, c FROM sbtest2 WHERE k BETWEEN 3918058 AND 3918158
	Bitmap Heap Scan on sbtest2  (cost=5.43..389.85 rows=97 width=125)
	  Recheck Cond: ((k >= 3918058) AND (k <= 3918158))
	  ->  Bitmap Index Scan on k_2  (cost=0.00..5.40 rows=97 width=0)
	        Index Cond: ((k >= 3918058) AND (k <= 3918158))

table 3 : explain SELECT k, c FROM sbtest3 WHERE k BETWEEN 3918058 AND 3918158
	Bitmap Heap Scan on sbtest3  (cost=5.58..448.98 rows=112 width=125)
	  Recheck Cond: ((k >= 3918058) AND (k <= 3918158))
	  ->  Bitmap Index Scan on k_3  (cost=0.00..5.55 rows=112 width=0)
	        Index Cond: ((k >= 3918058) AND (k <= 3918158))

table 4 : explain SELECT k, c FROM sbtest4 WHERE k BETWEEN 3918058 AND 3918158
	Bitmap Heap Scan on sbtest4  (cost=5.53..429.39 rows=107 width=125)
	  Recheck Cond: ((k >= 3918058) AND (k <= 3918158))
	  ->  Bitmap Index Scan on k_4  (cost=0.00..5.50 rows=107 width=0)
	        Index Cond: ((k >= 3918058) AND (k <= 3918158))

table 5 : explain SELECT k, c FROM sbtest5 WHERE k BETWEEN 3918058 AND 3918158
	Bitmap Heap Scan on sbtest5  (cost=5.51..421.49 rows=105 width=125)
	  Recheck Cond: ((k >= 3918058) AND (k <= 3918158))
	  ->  Bitmap Index Scan on k_5  (cost=0.00..5.48 rows=105 width=0)
	        Index Cond: ((k >= 3918058) AND (k <= 3918158))

table 6 : explain SELECT k, c FROM sbtest6 WHERE k BETWEEN 3918058 AND 3918158
	Bitmap Heap Scan on sbtest6  (cost=5.42..385.98 rows=96 width=125)
	  Recheck Cond: ((k >= 3918058) AND (k <= 3918158))
	  ->  Bitmap Index Scan on k_6  (cost=0.00..5.39 rows=96 width=0)
	        Index Cond: ((k >= 3918058) AND (k <= 3918158))

table 7 : explain SELECT k, c FROM sbtest7 WHERE k BETWEEN 3918058 AND 3918158
	Bitmap Heap Scan on sbtest7  (cost=5.37..366.24 rows=91 width=125)
	  Recheck Cond: ((k >= 3918058) AND (k <= 3918158))
	  ->  Bitmap Index Scan on k_7  (cost=0.00..5.34 rows=91 width=0)
	        Index Cond: ((k >= 3918058) AND (k <= 3918158))

table 8 : explain SELECT k, c FROM sbtest8 WHERE k BETWEEN 3918058 AND 3918158
	Bitmap Heap Scan on sbtest8  (cost=5.42..385.99 rows=96 width=125)
	  Recheck Cond: ((k >= 3918058) AND (k <= 3918158))
	  ->  Bitmap Index Scan on k_8  (cost=0.00..5.39 rows=96 width=0)
	        Index Cond: ((k >= 3918058) AND (k <= 3918158))

for range-notcovered
table 1 : explain SELECT k, c FROM sbtest1 WHERE k BETWEEN 8895132 AND 8895232
	Bitmap Heap Scan on sbtest1  (cost=5.38..369.99 rows=92 width=125)
	  Recheck Cond: ((k >= 8895132) AND (k <= 8895232))
	  ->  Bitmap Index Scan on k_1  (cost=0.00..5.35 rows=92 width=0)
	        Index Cond: ((k >= 8895132) AND (k <= 8895232))

table 2 : explain SELECT k, c FROM sbtest2 WHERE k BETWEEN 8895132 AND 8895232
	Bitmap Heap Scan on sbtest2  (cost=5.42..385.90 rows=96 width=125)
	  Recheck Cond: ((k >= 8895132) AND (k <= 8895232))
	  ->  Bitmap Index Scan on k_2  (cost=0.00..5.39 rows=96 width=0)
	        Index Cond: ((k >= 8895132) AND (k <= 8895232))

table 3 : explain SELECT k, c FROM sbtest3 WHERE k BETWEEN 8895132 AND 8895232
	Bitmap Heap Scan on sbtest3  (cost=5.43..389.82 rows=97 width=125)
	  Recheck Cond: ((k >= 8895132) AND (k <= 8895232))
	  ->  Bitmap Index Scan on k_3  (cost=0.00..5.40 rows=97 width=0)
	        Index Cond: ((k >= 8895132) AND (k <= 8895232))

table 4 : explain SELECT k, c FROM sbtest4 WHERE k BETWEEN 8895132 AND 8895232
	Bitmap Heap Scan on sbtest4  (cost=5.56..441.22 rows=110 width=125)
	  Recheck Cond: ((k >= 8895132) AND (k <= 8895232))
	  ->  Bitmap Index Scan on k_4  (cost=0.00..5.53 rows=110 width=0)
	        Index Cond: ((k >= 8895132) AND (k <= 8895232))

table 5 : explain SELECT k, c FROM sbtest5 WHERE k BETWEEN 8895132 AND 8895232
	Bitmap Heap Scan on sbtest5  (cost=5.51..421.49 rows=105 width=125)
	  Recheck Cond: ((k >= 8895132) AND (k <= 8895232))
	  ->  Bitmap Index Scan on k_5  (cost=0.00..5.48 rows=105 width=0)
	        Index Cond: ((k >= 8895132) AND (k <= 8895232))

table 6 : explain SELECT k, c FROM sbtest6 WHERE k BETWEEN 8895132 AND 8895232
	Bitmap Heap Scan on sbtest6  (cost=5.49..413.62 rows=103 width=125)
	  Recheck Cond: ((k >= 8895132) AND (k <= 8895232))
	  ->  Bitmap Index Scan on k_6  (cost=0.00..5.46 rows=103 width=0)
	        Index Cond: ((k >= 8895132) AND (k <= 8895232))

table 7 : explain SELECT k, c FROM sbtest7 WHERE k BETWEEN 8895132 AND 8895232
	Bitmap Heap Scan on sbtest7  (cost=5.44..393.89 rows=98 width=125)
	  Recheck Cond: ((k >= 8895132) AND (k <= 8895232))
	  ->  Bitmap Index Scan on k_7  (cost=0.00..5.42 rows=98 width=0)
	        Index Cond: ((k >= 8895132) AND (k <= 8895232))

table 8 : explain SELECT k, c FROM sbtest8 WHERE k BETWEEN 8895132 AND 8895232
	Bitmap Heap Scan on sbtest8  (cost=5.51..421.51 rows=105 width=125)
	  Recheck Cond: ((k >= 8895132) AND (k <= 8895232))
	  ->  Bitmap Index Scan on k_8  (cost=0.00..5.48 rows=105 width=0)
	        Index Cond: ((k >= 8895132) AND (k <= 8895232))

for range-notcovered
table 1 : explain SELECT k, c FROM sbtest1 WHERE k BETWEEN 7666786 AND 7666886
	Bitmap Heap Scan on sbtest1  (cost=5.48..409.44 rows=102 width=125)
	  Recheck Cond: ((k >= 7666786) AND (k <= 7666886))
	  ->  Bitmap Index Scan on k_1  (cost=0.00..5.45 rows=102 width=0)
	        Index Cond: ((k >= 7666786) AND (k <= 7666886))

table 2 : explain SELECT k, c FROM sbtest2 WHERE k BETWEEN 7666786 AND 7666886
	Bitmap Heap Scan on sbtest2  (cost=5.43..389.85 rows=97 width=125)
	  Recheck Cond: ((k >= 7666786) AND (k <= 7666886))
	  ->  Bitmap Index Scan on k_2  (cost=0.00..5.40 rows=97 width=0)
	        Index Cond: ((k >= 7666786) AND (k <= 7666886))

table 3 : explain SELECT k, c FROM sbtest3 WHERE k BETWEEN 7666786 AND 7666886
	Bitmap Heap Scan on sbtest3  (cost=5.46..401.66 rows=100 width=125)
	  Recheck Cond: ((k >= 7666786) AND (k <= 7666886))
	  ->  Bitmap Index Scan on k_3  (cost=0.00..5.43 rows=100 width=0)
	        Index Cond: ((k >= 7666786) AND (k <= 7666886))

table 4 : explain SELECT k, c FROM sbtest4 WHERE k BETWEEN 7666786 AND 7666886
	Bitmap Heap Scan on sbtest4  (cost=5.48..409.66 rows=102 width=125)
	  Recheck Cond: ((k >= 7666786) AND (k <= 7666886))
	  ->  Bitmap Index Scan on k_4  (cost=0.00..5.45 rows=102 width=0)
	        Index Cond: ((k >= 7666786) AND (k <= 7666886))

table 5 : explain SELECT k, c FROM sbtest5 WHERE k BETWEEN 7666786 AND 7666886
	Bitmap Heap Scan on sbtest5  (cost=5.56..441.22 rows=110 width=125)
	  Recheck Cond: ((k >= 7666786) AND (k <= 7666886))
	  ->  Bitmap Index Scan on k_5  (cost=0.00..5.53 rows=110 width=0)
	        Index Cond: ((k >= 7666786) AND (k <= 7666886))

table 6 : explain SELECT k, c FROM sbtest6 WHERE k BETWEEN 7666786 AND 7666886
	Bitmap Heap Scan on sbtest6  (cost=5.47..405.72 rows=101 width=125)
	  Recheck Cond: ((k >= 7666786) AND (k <= 7666886))
	  ->  Bitmap Index Scan on k_6  (cost=0.00..5.44 rows=101 width=0)
	        Index Cond: ((k >= 7666786) AND (k <= 7666886))

table 7 : explain SELECT k, c FROM sbtest7 WHERE k BETWEEN 7666786 AND 7666886
	Bitmap Heap Scan on sbtest7  (cost=5.47..405.73 rows=101 width=125)
	  Recheck Cond: ((k >= 7666786) AND (k <= 7666886))
	  ->  Bitmap Index Scan on k_7  (cost=0.00..5.44 rows=101 width=0)
	        Index Cond: ((k >= 7666786) AND (k <= 7666886))

table 8 : explain SELECT k, c FROM sbtest8 WHERE k BETWEEN 7666786 AND 7666886
	Bitmap Heap Scan on sbtest8  (cost=5.47..405.73 rows=101 width=125)
	  Recheck Cond: ((k >= 7666786) AND (k <= 7666886))
	  ->  Bitmap Index Scan on k_8  (cost=0.00..5.44 rows=101 width=0)
	        Index Cond: ((k >= 7666786) AND (k <= 7666886))

explain: for range-notcovered :: explain SELECT k, c FROM sbtest%d WHERE k BETWEEN 6378839 AND 6378939
for range-notcovered
table 1 : explain SELECT k, c FROM sbtest1 WHERE k BETWEEN 1664440 AND 1664540
	Bitmap Heap Scan on sbtest1  (cost=5.38..369.99 rows=92 width=125)
	  Recheck Cond: ((k >= 1664440) AND (k <= 1664540))
	  ->  Bitmap Index Scan on k_1  (cost=0.00..5.35 rows=92 width=0)
	        Index Cond: ((k >= 1664440) AND (k <= 1664540))

table 2 : explain SELECT k, c FROM sbtest2 WHERE k BETWEEN 1664440 AND 1664540
	Bitmap Heap Scan on sbtest2  (cost=5.43..389.85 rows=97 width=125)
	  Recheck Cond: ((k >= 1664440) AND (k <= 1664540))
	  ->  Bitmap Index Scan on k_2  (cost=0.00..5.40 rows=97 width=0)
	        Index Cond: ((k >= 1664440) AND (k <= 1664540))

table 3 : explain SELECT k, c FROM sbtest3 WHERE k BETWEEN 1664440 AND 1664540
	Bitmap Heap Scan on sbtest3  (cost=5.57..445.04 rows=111 width=125)
	  Recheck Cond: ((k >= 1664440) AND (k <= 1664540))
	  ->  Bitmap Index Scan on k_3  (cost=0.00..5.54 rows=111 width=0)
	        Index Cond: ((k >= 1664440) AND (k <= 1664540))

table 4 : explain SELECT k, c FROM sbtest4 WHERE k BETWEEN 1664440 AND 1664540
	Bitmap Heap Scan on sbtest4  (cost=5.45..397.82 rows=99 width=125)
	  Recheck Cond: ((k >= 1664440) AND (k <= 1664540))
	  ->  Bitmap Index Scan on k_4  (cost=0.00..5.42 rows=99 width=0)
	        Index Cond: ((k >= 1664440) AND (k <= 1664540))

table 5 : explain SELECT k, c FROM sbtest5 WHERE k BETWEEN 1664440 AND 1664540
	Bitmap Heap Scan on sbtest5  (cost=5.49..413.60 rows=103 width=125)
	  Recheck Cond: ((k >= 1664440) AND (k <= 1664540))
	  ->  Bitmap Index Scan on k_5  (cost=0.00..5.46 rows=103 width=0)
	        Index Cond: ((k >= 1664440) AND (k <= 1664540))

table 6 : explain SELECT k, c FROM sbtest6 WHERE k BETWEEN 1664440 AND 1664540
	Bitmap Heap Scan on sbtest6  (cost=5.49..413.62 rows=103 width=125)
	  Recheck Cond: ((k >= 1664440) AND (k <= 1664540))
	  ->  Bitmap Index Scan on k_6  (cost=0.00..5.46 rows=103 width=0)
	        Index Cond: ((k >= 1664440) AND (k <= 1664540))

table 7 : explain SELECT k, c FROM sbtest7 WHERE k BETWEEN 1664440 AND 1664540
	Bitmap Heap Scan on sbtest7  (cost=5.45..397.83 rows=99 width=125)
	  Recheck Cond: ((k >= 1664440) AND (k <= 1664540))
	  ->  Bitmap Index Scan on k_7  (cost=0.00..5.42 rows=99 width=0)
	        Index Cond: ((k >= 1664440) AND (k <= 1664540))

table 8 : explain SELECT k, c FROM sbtest8 WHERE k BETWEEN 1664440 AND 1664540
	Bitmap Heap Scan on sbtest8  (cost=5.46..401.78 rows=100 width=125)
	  Recheck Cond: ((k >= 1664440) AND (k <= 1664540))
	  ->  Bitmap Index Scan on k_8  (cost=0.00..5.43 rows=100 width=0)
	        Index Cond: ((k >= 1664440) AND (k <= 1664540))

explain: for range-notcovered :: explain SELECT k, c FROM sbtest%d WHERE k BETWEEN 3691681 AND 3691781
explain: for range-notcovered :: explain SELECT k, c FROM sbtest%d WHERE k BETWEEN 3918058 AND 3918158
explain: for range-notcovered :: explain SELECT k, c FROM sbtest%d WHERE k BETWEEN 7666786 AND 7666886
explain: for range-notcovered :: explain SELECT k, c FROM sbtest%d WHERE k BETWEEN 1664440 AND 1664540
for range-notcovered
table 1 : explain SELECT k, c FROM sbtest1 WHERE k BETWEEN 6004579 AND 6004679
	Bitmap Heap Scan on sbtest1  (cost=5.41..381.83 rows=95 width=125)
	  Recheck Cond: ((k >= 6004579) AND (k <= 6004679))
	  ->  Bitmap Index Scan on k_1  (cost=0.00..5.38 rows=95 width=0)
	        Index Cond: ((k >= 6004579) AND (k <= 6004679))

table 2 : explain SELECT k, c FROM sbtest2 WHERE k BETWEEN 6004579 AND 6004679
	Bitmap Heap Scan on sbtest2  (cost=5.55..437.19 rows=109 width=125)
	  Recheck Cond: ((k >= 6004579) AND (k <= 6004679))
	  ->  Bitmap Index Scan on k_2  (cost=0.00..5.52 rows=109 width=0)
	        Index Cond: ((k >= 6004579) AND (k <= 6004679))

table 3 : explain SELECT k, c FROM sbtest3 WHERE k BETWEEN 6004579 AND 6004679
	Bitmap Heap Scan on sbtest3  (cost=5.54..433.21 rows=108 width=125)
	  Recheck Cond: ((k >= 6004579) AND (k <= 6004679))
	  ->  Bitmap Index Scan on k_3  (cost=0.00..5.51 rows=108 width=0)
	        Index Cond: ((k >= 6004579) AND (k <= 6004679))

table 4 : explain SELECT k, c FROM sbtest4 WHERE k BETWEEN 6004579 AND 6004679
	Bitmap Heap Scan on sbtest4  (cost=5.50..417.55 rows=104 width=125)
	  Recheck Cond: ((k >= 6004579) AND (k <= 6004679))
	  ->  Bitmap Index Scan on k_4  (cost=0.00..5.47 rows=104 width=0)
	        Index Cond: ((k >= 6004579) AND (k <= 6004679))

table 5 : explain SELECT k, c FROM sbtest5 WHERE k BETWEEN 6004579 AND 6004679
	Bitmap Heap Scan on sbtest5  (cost=5.57..445.16 rows=111 width=125)
	  Recheck Cond: ((k >= 6004579) AND (k <= 6004679))
	  ->  Bitmap Index Scan on k_5  (cost=0.00..5.54 rows=111 width=0)
	        Index Cond: ((k >= 6004579) AND (k <= 6004679))

table 6 : explain SELECT k, c FROM sbtest6 WHERE k BETWEEN 6004579 AND 6004679
	Bitmap Heap Scan on sbtest6  (cost=5.49..413.62 rows=103 width=125)
	  Recheck Cond: ((k >= 6004579) AND (k <= 6004679))
	  ->  Bitmap Index Scan on k_6  (cost=0.00..5.46 rows=103 width=0)
	        Index Cond: ((k >= 6004579) AND (k <= 6004679))

table 7 : explain SELECT k, c FROM sbtest7 WHERE k BETWEEN 6004579 AND 6004679
	Bitmap Heap Scan on sbtest7  (cost=5.52..425.46 rows=106 width=125)
	  Recheck Cond: ((k >= 6004579) AND (k <= 6004679))
	  ->  Bitmap Index Scan on k_7  (cost=0.00..5.50 rows=106 width=0)
	        Index Cond: ((k >= 6004579) AND (k <= 6004679))

table 8 : explain SELECT k, c FROM sbtest8 WHERE k BETWEEN 6004579 AND 6004679
	Bitmap Heap Scan on sbtest8  (cost=5.45..397.83 rows=99 width=125)
	  Recheck Cond: ((k >= 6004579) AND (k <= 6004679))
	  ->  Bitmap Index Scan on k_8  (cost=0.00..5.42 rows=99 width=0)
	        Index Cond: ((k >= 6004579) AND (k <= 6004679))

for range-notcovered
table 1 : explain SELECT k, c FROM sbtest1 WHERE k BETWEEN 3387239 AND 3387339
	Bitmap Heap Scan on sbtest1  (cost=5.40..377.88 rows=94 width=125)
	  Recheck Cond: ((k >= 3387239) AND (k <= 3387339))
	  ->  Bitmap Index Scan on k_1  (cost=0.00..5.38 rows=94 width=0)
	        Index Cond: ((k >= 3387239) AND (k <= 3387339))

table 2 : explain SELECT k, c FROM sbtest2 WHERE k BETWEEN 3387239 AND 3387339
	Bitmap Heap Scan on sbtest2  (cost=5.49..413.52 rows=103 width=125)
	  Recheck Cond: ((k >= 3387239) AND (k <= 3387339))
	  ->  Bitmap Index Scan on k_2  (cost=0.00..5.46 rows=103 width=0)
	        Index Cond: ((k >= 3387239) AND (k <= 3387339))

table 3 : explain SELECT k, c FROM sbtest3 WHERE k BETWEEN 3387239 AND 3387339
	Bitmap Heap Scan on sbtest3  (cost=5.50..417.44 rows=104 width=125)
	  Recheck Cond: ((k >= 3387239) AND (k <= 3387339))
	  ->  Bitmap Index Scan on k_3  (cost=0.00..5.47 rows=104 width=0)
	        Index Cond: ((k >= 3387239) AND (k <= 3387339))

table 4 : explain SELECT k, c FROM sbtest4 WHERE k BETWEEN 3387239 AND 3387339
	Bitmap Heap Scan on sbtest4  (cost=5.54..433.33 rows=108 width=125)
	  Recheck Cond: ((k >= 3387239) AND (k <= 3387339))
	  ->  Bitmap Index Scan on k_4  (cost=0.00..5.51 rows=108 width=0)
	        Index Cond: ((k >= 3387239) AND (k <= 3387339))

table 5 : explain SELECT k, c FROM sbtest5 WHERE k BETWEEN 3387239 AND 3387339
	Bitmap Heap Scan on sbtest5  (cost=5.50..417.55 rows=104 width=125)
	  Recheck Cond: ((k >= 3387239) AND (k <= 3387339))
	  ->  Bitmap Index Scan on k_5  (cost=0.00..5.47 rows=104 width=0)
	        Index Cond: ((k >= 3387239) AND (k <= 3387339))

table 6 : explain SELECT k, c FROM sbtest6 WHERE k BETWEEN 3387239 AND 3387339
	Bitmap Heap Scan on sbtest6  (cost=5.47..405.72 rows=101 width=125)
	  Recheck Cond: ((k >= 3387239) AND (k <= 3387339))
	  ->  Bitmap Index Scan on k_6  (cost=0.00..5.44 rows=101 width=0)
	        Index Cond: ((k >= 3387239) AND (k <= 3387339))

table 7 : explain SELECT k, c FROM sbtest7 WHERE k BETWEEN 3387239 AND 3387339
	Bitmap Heap Scan on sbtest7  (cost=5.50..417.57 rows=104 width=125)
	  Recheck Cond: ((k >= 3387239) AND (k <= 3387339))
	  ->  Bitmap Index Scan on k_7  (cost=0.00..5.47 rows=104 width=0)
	        Index Cond: ((k >= 3387239) AND (k <= 3387339))

table 8 : explain SELECT k, c FROM sbtest8 WHERE k BETWEEN 3387239 AND 3387339
	Bitmap Heap Scan on sbtest8  (cost=5.53..429.40 rows=107 width=125)
	  Recheck Cond: ((k >= 3387239) AND (k <= 3387339))
	  ->  Bitmap Index Scan on k_8  (cost=0.00..5.50 rows=107 width=0)
	        Index Cond: ((k >= 3387239) AND (k <= 3387339))

explain: for range-notcovered :: explain SELECT k, c FROM sbtest%d WHERE k BETWEEN 6004579 AND 6004679
for range-notcovered
table 1 : explain SELECT k, c FROM sbtest1 WHERE k BETWEEN 2010062 AND 2010162
	Bitmap Heap Scan on sbtest1  (cost=5.46..401.56 rows=100 width=125)
	  Recheck Cond: ((k >= 2010062) AND (k <= 2010162))
	  ->  Bitmap Index Scan on k_1  (cost=0.00..5.43 rows=100 width=0)
	        Index Cond: ((k >= 2010062) AND (k <= 2010162))

table 2 : explain SELECT k, c FROM sbtest2 WHERE k BETWEEN 2010062 AND 2010162
	Bitmap Heap Scan on sbtest2  (cost=5.53..429.30 rows=107 width=125)
	  Recheck Cond: ((k >= 2010062) AND (k <= 2010162))
	  ->  Bitmap Index Scan on k_2  (cost=0.00..5.50 rows=107 width=0)
	        Index Cond: ((k >= 2010062) AND (k <= 2010162))

table 3 : explain SELECT k, c FROM sbtest3 WHERE k BETWEEN 2010062 AND 2010162
	Bitmap Heap Scan on sbtest3  (cost=5.40..377.98 rows=94 width=125)
	  Recheck Cond: ((k >= 2010062) AND (k <= 2010162))
	  ->  Bitmap Index Scan on k_3  (cost=0.00..5.38 rows=94 width=0)
	        Index Cond: ((k >= 2010062) AND (k <= 2010162))

table 4 : explain SELECT k, c FROM sbtest4 WHERE k BETWEEN 2010062 AND 2010162
	Bitmap Heap Scan on sbtest4  (cost=5.48..409.66 rows=102 width=125)
	  Recheck Cond: ((k >= 2010062) AND (k <= 2010162))
	  ->  Bitmap Index Scan on k_4  (cost=0.00..5.45 rows=102 width=0)
	        Index Cond: ((k >= 2010062) AND (k <= 2010162))

table 5 : explain SELECT k, c FROM sbtest5 WHERE k BETWEEN 2010062 AND 2010162
	Bitmap Heap Scan on sbtest5  (cost=5.63..468.81 rows=117 width=125)
	  Recheck Cond: ((k >= 2010062) AND (k <= 2010162))
	  ->  Bitmap Index Scan on k_5  (cost=0.00..5.60 rows=117 width=0)
	        Index Cond: ((k >= 2010062) AND (k <= 2010162))

table 6 : explain SELECT k, c FROM sbtest6 WHERE k BETWEEN 2010062 AND 2010162
	Bitmap Heap Scan on sbtest6  (cost=5.50..417.56 rows=104 width=125)
	  Recheck Cond: ((k >= 2010062) AND (k <= 2010162))
	  ->  Bitmap Index Scan on k_6  (cost=0.00..5.47 rows=104 width=0)
	        Index Cond: ((k >= 2010062) AND (k <= 2010162))

table 7 : explain SELECT k, c FROM sbtest7 WHERE k BETWEEN 2010062 AND 2010162
	Bitmap Heap Scan on sbtest7  (cost=5.44..393.89 rows=98 width=125)
	  Recheck Cond: ((k >= 2010062) AND (k <= 2010162))
	  ->  Bitmap Index Scan on k_7  (cost=0.00..5.42 rows=98 width=0)
	        Index Cond: ((k >= 2010062) AND (k <= 2010162))

table 8 : explain SELECT k, c FROM sbtest8 WHERE k BETWEEN 2010062 AND 2010162
	Bitmap Heap Scan on sbtest8  (cost=5.57..445.18 rows=111 width=125)
	  Recheck Cond: ((k >= 2010062) AND (k <= 2010162))
	  ->  Bitmap Index Scan on k_8  (cost=0.00..5.54 rows=111 width=0)
	        Index Cond: ((k >= 2010062) AND (k <= 2010162))

explain: for range-notcovered :: explain SELECT k, c FROM sbtest%d WHERE k BETWEEN 3387239 AND 3387339
explain: for range-notcovered :: explain SELECT k, c FROM sbtest%d WHERE k BETWEEN 2010062 AND 2010162
for range-notcovered
table 1 : explain SELECT k, c FROM sbtest1 WHERE k BETWEEN 3381726 AND 3381826
	Bitmap Heap Scan on sbtest1  (cost=5.40..377.88 rows=94 width=125)
	  Recheck Cond: ((k >= 3381726) AND (k <= 3381826))
	  ->  Bitmap Index Scan on k_1  (cost=0.00..5.38 rows=94 width=0)
	        Index Cond: ((k >= 3381726) AND (k <= 3381826))

table 2 : explain SELECT k, c FROM sbtest2 WHERE k BETWEEN 3381726 AND 3381826
	Bitmap Heap Scan on sbtest2  (cost=5.57..445.07 rows=111 width=125)
	  Recheck Cond: ((k >= 3381726) AND (k <= 3381826))
	  ->  Bitmap Index Scan on k_2  (cost=0.00..5.54 rows=111 width=0)
	        Index Cond: ((k >= 3381726) AND (k <= 3381826))

table 3 : explain SELECT k, c FROM sbtest3 WHERE k BETWEEN 3381726 AND 3381826
	Bitmap Heap Scan on sbtest3  (cost=5.50..417.44 rows=104 width=125)
	  Recheck Cond: ((k >= 3381726) AND (k <= 3381826))
	  ->  Bitmap Index Scan on k_3  (cost=0.00..5.47 rows=104 width=0)
	        Index Cond: ((k >= 3381726) AND (k <= 3381826))

table 4 : explain SELECT k, c FROM sbtest4 WHERE k BETWEEN 3381726 AND 3381826
	Bitmap Heap Scan on sbtest4  (cost=5.54..433.33 rows=108 width=125)
	  Recheck Cond: ((k >= 3381726) AND (k <= 3381826))
	  ->  Bitmap Index Scan on k_4  (cost=0.00..5.51 rows=108 width=0)
	        Index Cond: ((k >= 3381726) AND (k <= 3381826))

table 5 : explain SELECT k, c FROM sbtest5 WHERE k BETWEEN 3381726 AND 3381826
	Bitmap Heap Scan on sbtest5  (cost=5.50..417.55 rows=104 width=125)
	  Recheck Cond: ((k >= 3381726) AND (k <= 3381826))
	  ->  Bitmap Index Scan on k_5  (cost=0.00..5.47 rows=104 width=0)
	        Index Cond: ((k >= 3381726) AND (k <= 3381826))

table 6 : explain SELECT k, c FROM sbtest6 WHERE k BETWEEN 3381726 AND 3381826
	Bitmap Heap Scan on sbtest6  (cost=5.47..405.72 rows=101 width=125)
	  Recheck Cond: ((k >= 3381726) AND (k <= 3381826))
	  ->  Bitmap Index Scan on k_6  (cost=0.00..5.44 rows=101 width=0)
	        Index Cond: ((k >= 3381726) AND (k <= 3381826))

table 7 : explain SELECT k, c FROM sbtest7 WHERE k BETWEEN 3381726 AND 3381826
	Bitmap Heap Scan on sbtest7  (cost=5.50..417.57 rows=104 width=125)
	  Recheck Cond: ((k >= 3381726) AND (k <= 3381826))
	  ->  Bitmap Index Scan on k_7  (cost=0.00..5.47 rows=104 width=0)
	        Index Cond: ((k >= 3381726) AND (k <= 3381826))

table 8 : explain SELECT k, c FROM sbtest8 WHERE k BETWEEN 3381726 AND 3381826
	Bitmap Heap Scan on sbtest8  (cost=5.53..429.40 rows=107 width=125)
	  Recheck Cond: ((k >= 3381726) AND (k <= 3381826))
	  ->  Bitmap Index Scan on k_8  (cost=0.00..5.50 rows=107 width=0)
	        Index Cond: ((k >= 3381726) AND (k <= 3381826))

for range-notcovered
table 1 : explain SELECT k, c FROM sbtest1 WHERE k BETWEEN 4811934 AND 4812034
	Bitmap Heap Scan on sbtest1  (cost=5.47..405.50 rows=101 width=125)
	  Recheck Cond: ((k >= 4811934) AND (k <= 4812034))
	  ->  Bitmap Index Scan on k_1  (cost=0.00..5.44 rows=101 width=0)
	        Index Cond: ((k >= 4811934) AND (k <= 4812034))

table 2 : explain SELECT k, c FROM sbtest2 WHERE k BETWEEN 4811934 AND 4812034
	Bitmap Heap Scan on sbtest2  (cost=5.47..405.63 rows=101 width=125)
	  Recheck Cond: ((k >= 4811934) AND (k <= 4812034))
	  ->  Bitmap Index Scan on k_2  (cost=0.00..5.44 rows=101 width=0)
	        Index Cond: ((k >= 4811934) AND (k <= 4812034))

table 3 : explain SELECT k, c FROM sbtest3 WHERE k BETWEEN 4811934 AND 4812034
	Bitmap Heap Scan on sbtest3  (cost=5.46..401.66 rows=100 width=125)
	  Recheck Cond: ((k >= 4811934) AND (k <= 4812034))
	  ->  Bitmap Index Scan on k_3  (cost=0.00..5.43 rows=100 width=0)
	        Index Cond: ((k >= 4811934) AND (k <= 4812034))

table 4 : explain SELECT k, c FROM sbtest4 WHERE k BETWEEN 4811934 AND 4812034
	Bitmap Heap Scan on sbtest4  (cost=5.56..441.22 rows=110 width=125)
	  Recheck Cond: ((k >= 4811934) AND (k <= 4812034))
	  ->  Bitmap Index Scan on k_4  (cost=0.00..5.53 rows=110 width=0)
	        Index Cond: ((k >= 4811934) AND (k <= 4812034))

table 5 : explain SELECT k, c FROM sbtest5 WHERE k BETWEEN 4811934 AND 4812034
	Bitmap Heap Scan on sbtest5  (cost=5.48..409.66 rows=102 width=125)
	  Recheck Cond: ((k >= 4811934) AND (k <= 4812034))
	  ->  Bitmap Index Scan on k_5  (cost=0.00..5.45 rows=102 width=0)
	        Index Cond: ((k >= 4811934) AND (k <= 4812034))

table 6 : explain SELECT k, c FROM sbtest6 WHERE k BETWEEN 4811934 AND 4812034
	Bitmap Heap Scan on sbtest6  (cost=5.39..374.13 rows=93 width=125)
	  Recheck Cond: ((k >= 4811934) AND (k <= 4812034))
	  ->  Bitmap Index Scan on k_6  (cost=0.00..5.36 rows=93 width=0)
	        Index Cond: ((k >= 4811934) AND (k <= 4812034))

table 7 : explain SELECT k, c FROM sbtest7 WHERE k BETWEEN 4811934 AND 4812034
	Bitmap Heap Scan on sbtest7  (cost=5.53..429.41 rows=107 width=125)
	  Recheck Cond: ((k >= 4811934) AND (k <= 4812034))
	  ->  Bitmap Index Scan on k_7  (cost=0.00..5.50 rows=107 width=0)
	        Index Cond: ((k >= 4811934) AND (k <= 4812034))

table 8 : explain SELECT k, c FROM sbtest8 WHERE k BETWEEN 4811934 AND 4812034
	Bitmap Heap Scan on sbtest8  (cost=5.35..358.33 rows=89 width=125)
	  Recheck Cond: ((k >= 4811934) AND (k <= 4812034))
	  ->  Bitmap Index Scan on k_8  (cost=0.00..5.32 rows=89 width=0)
	        Index Cond: ((k >= 4811934) AND (k <= 4812034))

explain: for range-notcovered :: explain SELECT k, c FROM sbtest%d WHERE k BETWEEN 3381726 AND 3381826
for range-notcovered
table 1 : explain SELECT k, c FROM sbtest1 WHERE k BETWEEN 4086767 AND 4086867
	Bitmap Heap Scan on sbtest1  (cost=5.36..362.09 rows=90 width=125)
	  Recheck Cond: ((k >= 4086767) AND (k <= 4086867))
	  ->  Bitmap Index Scan on k_1  (cost=0.00..5.33 rows=90 width=0)
	        Index Cond: ((k >= 4086767) AND (k <= 4086867))

table 2 : explain SELECT k, c FROM sbtest2 WHERE k BETWEEN 4086767 AND 4086867
	Bitmap Heap Scan on sbtest2  (cost=5.43..389.85 rows=97 width=125)
	  Recheck Cond: ((k >= 4086767) AND (k <= 4086867))
	  ->  Bitmap Index Scan on k_2  (cost=0.00..5.40 rows=97 width=0)
	        Index Cond: ((k >= 4086767) AND (k <= 4086867))

table 3 : explain SELECT k, c FROM sbtest3 WHERE k BETWEEN 4086767 AND 4086867
	Bitmap Heap Scan on sbtest3  (cost=5.42..385.87 rows=96 width=125)
	  Recheck Cond: ((k >= 4086767) AND (k <= 4086867))
	  ->  Bitmap Index Scan on k_3  (cost=0.00..5.39 rows=96 width=0)
	        Index Cond: ((k >= 4086767) AND (k <= 4086867))

table 4 : explain SELECT k, c FROM sbtest4 WHERE k BETWEEN 4086767 AND 4086867
	Bitmap Heap Scan on sbtest4  (cost=5.42..385.97 rows=96 width=125)
	  Recheck Cond: ((k >= 4086767) AND (k <= 4086867))
	  ->  Bitmap Index Scan on k_4  (cost=0.00..5.39 rows=96 width=0)
	        Index Cond: ((k >= 4086767) AND (k <= 4086867))

table 5 : explain SELECT k, c FROM sbtest5 WHERE k BETWEEN 4086767 AND 4086867
	Bitmap Heap Scan on sbtest5  (cost=5.40..378.07 rows=94 width=125)
	  Recheck Cond: ((k >= 4086767) AND (k <= 4086867))
	  ->  Bitmap Index Scan on k_5  (cost=0.00..5.38 rows=94 width=0)
	        Index Cond: ((k >= 4086767) AND (k <= 4086867))

table 6 : explain SELECT k, c FROM sbtest6 WHERE k BETWEEN 4086767 AND 4086867
	Bitmap Heap Scan on sbtest6  (cost=5.49..413.62 rows=103 width=125)
	  Recheck Cond: ((k >= 4086767) AND (k <= 4086867))
	  ->  Bitmap Index Scan on k_6  (cost=0.00..5.46 rows=103 width=0)
	        Index Cond: ((k >= 4086767) AND (k <= 4086867))

table 7 : explain SELECT k, c FROM sbtest7 WHERE k BETWEEN 4086767 AND 4086867
	Bitmap Heap Scan on sbtest7  (cost=5.46..401.78 rows=100 width=125)
	  Recheck Cond: ((k >= 4086767) AND (k <= 4086867))
	  ->  Bitmap Index Scan on k_7  (cost=0.00..5.43 rows=100 width=0)
	        Index Cond: ((k >= 4086767) AND (k <= 4086867))

table 8 : explain SELECT k, c FROM sbtest8 WHERE k BETWEEN 4086767 AND 4086867
	Bitmap Heap Scan on sbtest8  (cost=5.41..382.04 rows=95 width=125)
	  Recheck Cond: ((k >= 4086767) AND (k <= 4086867))
	  ->  Bitmap Index Scan on k_8  (cost=0.00..5.38 rows=95 width=0)
	        Index Cond: ((k >= 4086767) AND (k <= 4086867))
explain: for range-notcovered :: explain SELECT k, c FROM sbtest%d WHERE k BETWEEN 4811934 AND 4812034

for range-notcovered
table 1 : explain SELECT k, c FROM sbtest1 WHERE k BETWEEN 3046782 AND 3046882
	Bitmap Heap Scan on sbtest1  (cost=5.46..401.56 rows=100 width=125)
	  Recheck Cond: ((k >= 3046782) AND (k <= 3046882))
	  ->  Bitmap Index Scan on k_1  (cost=0.00..5.43 rows=100 width=0)
	        Index Cond: ((k >= 3046782) AND (k <= 3046882))

table 2 : explain SELECT k, c FROM sbtest2 WHERE k BETWEEN 3046782 AND 3046882
	Bitmap Heap Scan on sbtest2  (cost=5.43..389.85 rows=97 width=125)
	  Recheck Cond: ((k >= 3046782) AND (k <= 3046882))
	  ->  Bitmap Index Scan on k_2  (cost=0.00..5.40 rows=97 width=0)
	        Index Cond: ((k >= 3046782) AND (k <= 3046882))

table 3 : explain SELECT k, c FROM sbtest3 WHERE k BETWEEN 3046782 AND 3046882
	Bitmap Heap Scan on sbtest3  (cost=5.47..405.60 rows=101 width=125)
	  Recheck Cond: ((k >= 3046782) AND (k <= 3046882))
	  ->  Bitmap Index Scan on k_3  (cost=0.00..5.44 rows=101 width=0)
	        Index Cond: ((k >= 3046782) AND (k <= 3046882))

table 4 : explain SELECT k, c FROM sbtest4 WHERE k BETWEEN 3046782 AND 3046882
	Bitmap Heap Scan on sbtest4  (cost=5.52..425.44 rows=106 width=125)
	  Recheck Cond: ((k >= 3046782) AND (k <= 3046882))
	  ->  Bitmap Index Scan on k_4  (cost=0.00..5.50 rows=106 width=0)
	        Index Cond: ((k >= 3046782) AND (k <= 3046882))

table 5 : explain SELECT k, c FROM sbtest5 WHERE k BETWEEN 3046782 AND 3046882
	Bitmap Heap Scan on sbtest5  (cost=5.35..358.32 rows=89 width=125)
	  Recheck Cond: ((k >= 3046782) AND (k <= 3046882))
	  ->  Bitmap Index Scan on k_5  (cost=0.00..5.32 rows=89 width=0)
	        Index Cond: ((k >= 3046782) AND (k <= 3046882))

table 6 : explain SELECT k, c FROM sbtest6 WHERE k BETWEEN 3046782 AND 3046882
	Bitmap Heap Scan on sbtest6  (cost=5.51..421.51 rows=105 width=125)
	  Recheck Cond: ((k >= 3046782) AND (k <= 3046882))
	  ->  Bitmap Index Scan on k_6  (cost=0.00..5.48 rows=105 width=0)
	        Index Cond: ((k >= 3046782) AND (k <= 3046882))

table 7 : explain SELECT k, c FROM sbtest7 WHERE k BETWEEN 3046782 AND 3046882
	Bitmap Heap Scan on sbtest7  (cost=5.39..374.14 rows=93 width=125)
	  Recheck Cond: ((k >= 3046782) AND (k <= 3046882))
	  ->  Bitmap Index Scan on k_7  (cost=0.00..5.36 rows=93 width=0)
	        Index Cond: ((k >= 3046782) AND (k <= 3046882))

table 8 : explain SELECT k, c FROM sbtest8 WHERE k BETWEEN 3046782 AND 3046882
	Bitmap Heap Scan on sbtest8  (cost=5.53..429.40 rows=107 width=125)
	  Recheck Cond: ((k >= 3046782) AND (k <= 3046882))
	  ->  Bitmap Index Scan on k_8  (cost=0.00..5.50 rows=107 width=0)
	        Index Cond: ((k >= 3046782) AND (k <= 3046882))

explain: for range-notcovered :: explain SELECT k, c FROM sbtest%d WHERE k BETWEEN 4086767 AND 4086867
explain: for range-notcovered :: explain SELECT k, c FROM sbtest%d WHERE k BETWEEN 3046782 AND 3046882
for range-notcovered
table 1 : explain SELECT k, c FROM sbtest1 WHERE k BETWEEN 7061135 AND 7061235
	Bitmap Heap Scan on sbtest1  (cost=5.46..401.56 rows=100 width=125)
	  Recheck Cond: ((k >= 7061135) AND (k <= 7061235))
	  ->  Bitmap Index Scan on k_1  (cost=0.00..5.43 rows=100 width=0)
	        Index Cond: ((k >= 7061135) AND (k <= 7061235))

table 2 : explain SELECT k, c FROM sbtest2 WHERE k BETWEEN 7061135 AND 7061235
	Bitmap Heap Scan on sbtest2  (cost=5.59..452.95 rows=113 width=125)
	  Recheck Cond: ((k >= 7061135) AND (k <= 7061235))
	  ->  Bitmap Index Scan on k_2  (cost=0.00..5.56 rows=113 width=0)
	        Index Cond: ((k >= 7061135) AND (k <= 7061235))

table 3 : explain SELECT k, c FROM sbtest3 WHERE k BETWEEN 7061135 AND 7061235
	Bitmap Heap Scan on sbtest3  (cost=5.51..421.38 rows=105 width=125)
	  Recheck Cond: ((k >= 7061135) AND (k <= 7061235))
	  ->  Bitmap Index Scan on k_3  (cost=0.00..5.48 rows=105 width=0)
	        Index Cond: ((k >= 7061135) AND (k <= 7061235))

table 4 : explain SELECT k, c FROM sbtest4 WHERE k BETWEEN 7061135 AND 7061235
	Bitmap Heap Scan on sbtest4  (cost=5.39..374.13 rows=93 width=125)
	  Recheck Cond: ((k >= 7061135) AND (k <= 7061235))
	  ->  Bitmap Index Scan on k_4  (cost=0.00..5.36 rows=93 width=0)
	        Index Cond: ((k >= 7061135) AND (k <= 7061235))

table 5 : explain SELECT k, c FROM sbtest5 WHERE k BETWEEN 7061135 AND 7061235
	Bitmap Heap Scan on sbtest5  (cost=5.48..409.66 rows=102 width=125)
	  Recheck Cond: ((k >= 7061135) AND (k <= 7061235))
	  ->  Bitmap Index Scan on k_5  (cost=0.00..5.45 rows=102 width=0)
	        Index Cond: ((k >= 7061135) AND (k <= 7061235))

table 6 : explain SELECT k, c FROM sbtest6 WHERE k BETWEEN 7061135 AND 7061235
	Bitmap Heap Scan on sbtest6  (cost=5.39..374.13 rows=93 width=125)
	  Recheck Cond: ((k >= 7061135) AND (k <= 7061235))
	  ->  Bitmap Index Scan on k_6  (cost=0.00..5.36 rows=93 width=0)
	        Index Cond: ((k >= 7061135) AND (k <= 7061235))

table 7 : explain SELECT k, c FROM sbtest7 WHERE k BETWEEN 7061135 AND 7061235
	Bitmap Heap Scan on sbtest7  (cost=5.47..405.73 rows=101 width=125)
	  Recheck Cond: ((k >= 7061135) AND (k <= 7061235))
	  ->  Bitmap Index Scan on k_7  (cost=0.00..5.44 rows=101 width=0)
	        Index Cond: ((k >= 7061135) AND (k <= 7061235))

table 8 : explain SELECT k, c FROM sbtest8 WHERE k BETWEEN 7061135 AND 7061235
	Bitmap Heap Scan on sbtest8  (cost=5.43..389.94 rows=97 width=125)
	  Recheck Cond: ((k >= 7061135) AND (k <= 7061235))
	  ->  Bitmap Index Scan on k_8  (cost=0.00..5.40 rows=97 width=0)
	        Index Cond: ((k >= 7061135) AND (k <= 7061235))

for range-notcovered
table 1 : explain SELECT k, c FROM sbtest1 WHERE k BETWEEN 7666786 AND 7666886
	Bitmap Heap Scan on sbtest1  (cost=5.48..409.44 rows=102 width=125)
	  Recheck Cond: ((k >= 7666786) AND (k <= 7666886))
	  ->  Bitmap Index Scan on k_1  (cost=0.00..5.45 rows=102 width=0)
	        Index Cond: ((k >= 7666786) AND (k <= 7666886))

table 2 : explain SELECT k, c FROM sbtest2 WHERE k BETWEEN 7666786 AND 7666886
	Bitmap Heap Scan on sbtest2  (cost=5.43..389.85 rows=97 width=125)
	  Recheck Cond: ((k >= 7666786) AND (k <= 7666886))
	  ->  Bitmap Index Scan on k_2  (cost=0.00..5.40 rows=97 width=0)
	        Index Cond: ((k >= 7666786) AND (k <= 7666886))

table 3 : explain SELECT k, c FROM sbtest3 WHERE k BETWEEN 7666786 AND 7666886
	Bitmap Heap Scan on sbtest3  (cost=5.46..401.66 rows=100 width=125)
	  Recheck Cond: ((k >= 7666786) AND (k <= 7666886))
	  ->  Bitmap Index Scan on k_3  (cost=0.00..5.43 rows=100 width=0)
	        Index Cond: ((k >= 7666786) AND (k <= 7666886))

table 4 : explain SELECT k, c FROM sbtest4 WHERE k BETWEEN 7666786 AND 7666886
	Bitmap Heap Scan on sbtest4  (cost=5.48..409.66 rows=102 width=125)
	  Recheck Cond: ((k >= 7666786) AND (k <= 7666886))
	  ->  Bitmap Index Scan on k_4  (cost=0.00..5.45 rows=102 width=0)
	        Index Cond: ((k >= 7666786) AND (k <= 7666886))

table 5 : explain SELECT k, c FROM sbtest5 WHERE k BETWEEN 7666786 AND 7666886
	Bitmap Heap Scan on sbtest5  (cost=5.56..441.22 rows=110 width=125)
	  Recheck Cond: ((k >= 7666786) AND (k <= 7666886))
	  ->  Bitmap Index Scan on k_5  (cost=0.00..5.53 rows=110 width=0)
	        Index Cond: ((k >= 7666786) AND (k <= 7666886))

table 6 : explain SELECT k, c FROM sbtest6 WHERE k BETWEEN 7666786 AND 7666886
	Bitmap Heap Scan on sbtest6  (cost=5.47..405.72 rows=101 width=125)
	  Recheck Cond: ((k >= 7666786) AND (k <= 7666886))
	  ->  Bitmap Index Scan on k_6  (cost=0.00..5.44 rows=101 width=0)
	        Index Cond: ((k >= 7666786) AND (k <= 7666886))

table 7 : explain SELECT k, c FROM sbtest7 WHERE k BETWEEN 7666786 AND 7666886
	Bitmap Heap Scan on sbtest7  (cost=5.47..405.73 rows=101 width=125)
	  Recheck Cond: ((k >= 7666786) AND (k <= 7666886))
	  ->  Bitmap Index Scan on k_7  (cost=0.00..5.44 rows=101 width=0)
	        Index Cond: ((k >= 7666786) AND (k <= 7666886))

table 8 : explain SELECT k, c FROM sbtest8 WHERE k BETWEEN 7666786 AND 7666886
	Bitmap Heap Scan on sbtest8  (cost=5.47..405.73 rows=101 width=125)
	  Recheck Cond: ((k >= 7666786) AND (k <= 7666886))
	  ->  Bitmap Index Scan on k_8  (cost=0.00..5.44 rows=101 width=0)
	        Index Cond: ((k >= 7666786) AND (k <= 7666886))

for range-notcovered
table 1 : explain SELECT k, c FROM sbtest1 WHERE k BETWEEN 3691681 AND 3691781
	Bitmap Heap Scan on sbtest1  (cost=5.56..440.98 rows=110 width=125)
	  Recheck Cond: ((k >= 3691681) AND (k <= 3691781))
	  ->  Bitmap Index Scan on k_1  (cost=0.00..5.53 rows=110 width=0)
	        Index Cond: ((k >= 3691681) AND (k <= 3691781))

table 2 : explain SELECT k, c FROM sbtest2 WHERE k BETWEEN 3691681 AND 3691781
	Bitmap Heap Scan on sbtest2  (cost=5.40..378.00 rows=94 width=125)
	  Recheck Cond: ((k >= 3691681) AND (k <= 3691781))
	  ->  Bitmap Index Scan on k_2  (cost=0.00..5.38 rows=94 width=0)
	        Index Cond: ((k >= 3691681) AND (k <= 3691781))

table 3 : explain SELECT k, c FROM sbtest3 WHERE k BETWEEN 3691681 AND 3691781
	Bitmap Heap Scan on sbtest3  (cost=5.34..354.28 rows=88 width=125)
	  Recheck Cond: ((k >= 3691681) AND (k <= 3691781))
	  ->  Bitmap Index Scan on k_3  (cost=0.00..5.31 rows=88 width=0)
	        Index Cond: ((k >= 3691681) AND (k <= 3691781))

table 4 : explain SELECT k, c FROM sbtest4 WHERE k BETWEEN 3691681 AND 3691781
	Bitmap Heap Scan on sbtest4  (cost=5.59..453.05 rows=113 width=125)
	  Recheck Cond: ((k >= 3691681) AND (k <= 3691781))
	  ->  Bitmap Index Scan on k_4  (cost=0.00..5.56 rows=113 width=0)
	        Index Cond: ((k >= 3691681) AND (k <= 3691781))

table 5 : explain SELECT k, c FROM sbtest5 WHERE k BETWEEN 3691681 AND 3691781
	Bitmap Heap Scan on sbtest5  (cost=5.55..437.27 rows=109 width=125)
	  Recheck Cond: ((k >= 3691681) AND (k <= 3691781))
	  ->  Bitmap Index Scan on k_5  (cost=0.00..5.52 rows=109 width=0)
	        Index Cond: ((k >= 3691681) AND (k <= 3691781))

table 6 : explain SELECT k, c FROM sbtest6 WHERE k BETWEEN 3691681 AND 3691781
	Bitmap Heap Scan on sbtest6  (cost=5.50..417.56 rows=104 width=125)
	  Recheck Cond: ((k >= 3691681) AND (k <= 3691781))
	  ->  Bitmap Index Scan on k_6  (cost=0.00..5.47 rows=104 width=0)
	        Index Cond: ((k >= 3691681) AND (k <= 3691781))

table 7 : explain SELECT k, c FROM sbtest7 WHERE k BETWEEN 3691681 AND 3691781
	Bitmap Heap Scan on sbtest7  (cost=5.42..385.99 rows=96 width=125)
	  Recheck Cond: ((k >= 3691681) AND (k <= 3691781))
	  ->  Bitmap Index Scan on k_7  (cost=0.00..5.39 rows=96 width=0)
	        Index Cond: ((k >= 3691681) AND (k <= 3691781))

table 8 : explain SELECT k, c FROM sbtest8 WHERE k BETWEEN 3691681 AND 3691781
	Bitmap Heap Scan on sbtest8  (cost=5.44..393.88 rows=98 width=125)
	  Recheck Cond: ((k >= 3691681) AND (k <= 3691781))
	  ->  Bitmap Index Scan on k_8  (cost=0.00..5.42 rows=98 width=0)
	        Index Cond: ((k >= 3691681) AND (k <= 3691781))

explain: for range-notcovered :: explain SELECT k, c FROM sbtest%d WHERE k BETWEEN 7061135 AND 7061235
for range-notcovered
table 1 : explain SELECT k, c FROM sbtest1 WHERE k BETWEEN 6378839 AND 6378939
	Bitmap Heap Scan on sbtest1  (cost=5.47..405.50 rows=101 width=125)
	  Recheck Cond: ((k >= 6378839) AND (k <= 6378939))
	  ->  Bitmap Index Scan on k_1  (cost=0.00..5.44 rows=101 width=0)
	        Index Cond: ((k >= 6378839) AND (k <= 6378939))

table 2 : explain SELECT k, c FROM sbtest2 WHERE k BETWEEN 6378839 AND 6378939
	Bitmap Heap Scan on sbtest2  (cost=5.60..456.89 rows=114 width=125)
	  Recheck Cond: ((k >= 6378839) AND (k <= 6378939))
	  ->  Bitmap Index Scan on k_2  (cost=0.00..5.58 rows=114 width=0)
	        Index Cond: ((k >= 6378839) AND (k <= 6378939))

table 3 : explain SELECT k, c FROM sbtest3 WHERE k BETWEEN 6378839 AND 6378939
	Bitmap Heap Scan on sbtest3  (cost=5.48..409.55 rows=102 width=125)
	  Recheck Cond: ((k >= 6378839) AND (k <= 6378939))
	  ->  Bitmap Index Scan on k_3  (cost=0.00..5.45 rows=102 width=0)
	        Index Cond: ((k >= 6378839) AND (k <= 6378939))

table 4 : explain SELECT k, c FROM sbtest4 WHERE k BETWEEN 6378839 AND 6378939
	Bitmap Heap Scan on sbtest4  (cost=5.44..393.87 rows=98 width=125)
	  Recheck Cond: ((k >= 6378839) AND (k <= 6378939))
	  ->  Bitmap Index Scan on k_4  (cost=0.00..5.42 rows=98 width=0)
	        Index Cond: ((k >= 6378839) AND (k <= 6378939))

table 5 : explain SELECT k, c FROM sbtest5 WHERE k BETWEEN 6378839 AND 6378939
	Bitmap Heap Scan on sbtest5  (cost=5.39..374.12 rows=93 width=125)
	  Recheck Cond: ((k >= 6378839) AND (k <= 6378939))
	  ->  Bitmap Index Scan on k_5  (cost=0.00..5.36 rows=93 width=0)
	        Index Cond: ((k >= 6378839) AND (k <= 6378939))

table 6 : explain SELECT k, c FROM sbtest6 WHERE k BETWEEN 6378839 AND 6378939
	Bitmap Heap Scan on sbtest6  (cost=5.36..362.28 rows=90 width=125)
	  Recheck Cond: ((k >= 6378839) AND (k <= 6378939))
	  ->  Bitmap Index Scan on k_6  (cost=0.00..5.33 rows=90 width=0)
	        Index Cond: ((k >= 6378839) AND (k <= 6378939))

table 7 : explain SELECT k, c FROM sbtest7 WHERE k BETWEEN 6378839 AND 6378939
	Bitmap Heap Scan on sbtest7  (cost=5.58..449.13 rows=112 width=125)
	  Recheck Cond: ((k >= 6378839) AND (k <= 6378939))
	  ->  Bitmap Index Scan on k_7  (cost=0.00..5.55 rows=112 width=0)
	        Index Cond: ((k >= 6378839) AND (k <= 6378939))

table 8 : explain SELECT k, c FROM sbtest8 WHERE k BETWEEN 6378839 AND 6378939
	Bitmap Heap Scan on sbtest8  (cost=5.48..409.67 rows=102 width=125)
	  Recheck Cond: ((k >= 6378839) AND (k <= 6378939))
	  ->  Bitmap Index Scan on k_8  (cost=0.00..5.45 rows=102 width=0)
	        Index Cond: ((k >= 6378839) AND (k <= 6378939))

explain: for range-notcovered :: explain SELECT k, c FROM sbtest%d WHERE k BETWEEN 3691681 AND 3691781
explain: for range-notcovered :: explain SELECT k, c FROM sbtest%d WHERE k BETWEEN 7666786 AND 7666886
for range-notcovered
table 1 : explain SELECT k, c FROM sbtest1 WHERE k BETWEEN 3387239 AND 3387339
	Bitmap Heap Scan on sbtest1  (cost=5.40..377.88 rows=94 width=125)
	  Recheck Cond: ((k >= 3387239) AND (k <= 3387339))
	  ->  Bitmap Index Scan on k_1  (cost=0.00..5.38 rows=94 width=0)
	        Index Cond: ((k >= 3387239) AND (k <= 3387339))

table 2 : explain SELECT k, c FROM sbtest2 WHERE k BETWEEN 3387239 AND 3387339
	Bitmap Heap Scan on sbtest2  (cost=5.49..413.52 rows=103 width=125)
	  Recheck Cond: ((k >= 3387239) AND (k <= 3387339))
	  ->  Bitmap Index Scan on k_2  (cost=0.00..5.46 rows=103 width=0)
	        Index Cond: ((k >= 3387239) AND (k <= 3387339))

table 3 : explain SELECT k, c FROM sbtest3 WHERE k BETWEEN 3387239 AND 3387339
	Bitmap Heap Scan on sbtest3  (cost=5.50..417.44 rows=104 width=125)
	  Recheck Cond: ((k >= 3387239) AND (k <= 3387339))
	  ->  Bitmap Index Scan on k_3  (cost=0.00..5.47 rows=104 width=0)
	        Index Cond: ((k >= 3387239) AND (k <= 3387339))

table 4 : explain SELECT k, c FROM sbtest4 WHERE k BETWEEN 3387239 AND 3387339
	Bitmap Heap Scan on sbtest4  (cost=5.54..433.33 rows=108 width=125)
	  Recheck Cond: ((k >= 3387239) AND (k <= 3387339))
	  ->  Bitmap Index Scan on k_4  (cost=0.00..5.51 rows=108 width=0)
	        Index Cond: ((k >= 3387239) AND (k <= 3387339))

table 5 : explain SELECT k, c FROM sbtest5 WHERE k BETWEEN 3387239 AND 3387339
	Bitmap Heap Scan on sbtest5  (cost=5.50..417.55 rows=104 width=125)
	  Recheck Cond: ((k >= 3387239) AND (k <= 3387339))
	  ->  Bitmap Index Scan on k_5  (cost=0.00..5.47 rows=104 width=0)
	        Index Cond: ((k >= 3387239) AND (k <= 3387339))

table 6 : explain SELECT k, c FROM sbtest6 WHERE k BETWEEN 3387239 AND 3387339
	Bitmap Heap Scan on sbtest6  (cost=5.47..405.72 rows=101 width=125)
	  Recheck Cond: ((k >= 3387239) AND (k <= 3387339))
	  ->  Bitmap Index Scan on k_6  (cost=0.00..5.44 rows=101 width=0)
	        Index Cond: ((k >= 3387239) AND (k <= 3387339))

table 7 : explain SELECT k, c FROM sbtest7 WHERE k BETWEEN 3387239 AND 3387339
	Bitmap Heap Scan on sbtest7  (cost=5.50..417.57 rows=104 width=125)
	  Recheck Cond: ((k >= 3387239) AND (k <= 3387339))
	  ->  Bitmap Index Scan on k_7  (cost=0.00..5.47 rows=104 width=0)
	        Index Cond: ((k >= 3387239) AND (k <= 3387339))

table 8 : explain SELECT k, c FROM sbtest8 WHERE k BETWEEN 3387239 AND 3387339
	Bitmap Heap Scan on sbtest8  (cost=5.53..429.40 rows=107 width=125)
	  Recheck Cond: ((k >= 3387239) AND (k <= 3387339))
	  ->  Bitmap Index Scan on k_8  (cost=0.00..5.50 rows=107 width=0)
	        Index Cond: ((k >= 3387239) AND (k <= 3387339))

explain: for range-notcovered :: explain SELECT k, c FROM sbtest%d WHERE k BETWEEN 6378839 AND 6378939for range-notcovered
table 1 : explain SELECT k, c FROM sbtest1 WHERE k BETWEEN 6004579 AND 6004679
	Bitmap Heap Scan on sbtest1  (cost=5.41..381.83 rows=95 width=125)
	  Recheck Cond: ((k >= 6004579) AND (k <= 6004679))
	  ->  Bitmap Index Scan on k_1  (cost=0.00..5.38 rows=95 width=0)
	        Index Cond: ((k >= 6004579) AND (k <= 6004679))

table 2 : explain SELECT k, c FROM sbtest2 WHERE k BETWEEN 6004579 AND 6004679
	Bitmap Heap Scan on sbtest2  (cost=5.55..437.19 rows=109 width=125)
	  Recheck Cond: ((k >= 6004579) AND (k <= 6004679))
	  ->  Bitmap Index Scan on k_2  (cost=0.00..5.52 rows=109 width=0)
	        Index Cond: ((k >= 6004579) AND (k <= 6004679))

table 3 : explain SELECT k, c FROM sbtest3 WHERE k BETWEEN 6004579 AND 6004679
	Bitmap Heap Scan on sbtest3  (cost=5.54..433.21 rows=108 width=125)
	  Recheck Cond: ((k >= 6004579) AND (k <= 6004679))
	  ->  Bitmap Index Scan on k_3  (cost=0.00..5.51 rows=108 width=0)
	        Index Cond: ((k >= 6004579) AND (k <= 6004679))

table 4 : explain SELECT k, c FROM sbtest4 WHERE k BETWEEN 6004579 AND 6004679
	Bitmap Heap Scan on sbtest4  (cost=5.50..417.55 rows=104 width=125)
	  Recheck Cond: ((k >= 6004579) AND (k <= 6004679))
	  ->  Bitmap Index Scan on k_4  (cost=0.00..5.47 rows=104 width=0)
	        Index Cond: ((k >= 6004579) AND (k <= 6004679))

table 5 : explain SELECT k, c FROM sbtest5 WHERE k BETWEEN 6004579 AND 6004679
	Bitmap Heap Scan on sbtest5  (cost=5.57..445.16 rows=111 width=125)
	  Recheck Cond: ((k >= 6004579) AND (k <= 6004679))
	  ->  Bitmap Index Scan on k_5  (cost=0.00..5.54 rows=111 width=0)
	        Index Cond: ((k >= 6004579) AND (k <= 6004679))

table 6 : explain SELECT k, c FROM sbtest6 WHERE k BETWEEN 6004579 AND 6004679
	Bitmap Heap Scan on sbtest6  (cost=5.49..413.62 rows=103 width=125)
	  Recheck Cond: ((k >= 6004579) AND (k <= 6004679))
	  ->  Bitmap Index Scan on k_6  (cost=0.00..5.46 rows=103 width=0)
	        Index Cond: ((k >= 6004579) AND (k <= 6004679))

table 7 : explain SELECT k, c FROM sbtest7 WHERE k BETWEEN 6004579 AND 6004679
	Bitmap Heap Scan on sbtest7  (cost=5.52..425.46 rows=106 width=125)
	  Recheck Cond: ((k >= 6004579) AND (k <= 6004679))
	  ->  Bitmap Index Scan on k_7  (cost=0.00..5.50 rows=106 width=0)
	        Index Cond: ((k >= 6004579) AND (k <= 6004679))

table 8 : explain SELECT k, c FROM sbtest8 WHERE k BETWEEN 6004579 AND 6004679
	Bitmap Heap Scan on sbtest8  (cost=5.45..397.83 rows=99 width=125)
	  Recheck Cond: ((k >= 6004579) AND (k <= 6004679))
	  ->  Bitmap Index Scan on k_8  (cost=0.00..5.42 rows=99 width=0)
	        Index Cond: ((k >= 6004579) AND (k <= 6004679))


explain: for range-notcovered :: explain SELECT k, c FROM sbtest%d WHERE k BETWEEN 3387239 AND 3387339
for range-notcovered
table 1 : explain SELECT k, c FROM sbtest1 WHERE k BETWEEN 1664440 AND 1664540
	Bitmap Heap Scan on sbtest1  (cost=5.38..369.99 rows=92 width=125)
	  Recheck Cond: ((k >= 1664440) AND (k <= 1664540))
	  ->  Bitmap Index Scan on k_1  (cost=0.00..5.35 rows=92 width=0)
	        Index Cond: ((k >= 1664440) AND (k <= 1664540))

table 2 : explain SELECT k, c FROM sbtest2 WHERE k BETWEEN 1664440 AND 1664540
	Bitmap Heap Scan on sbtest2  (cost=5.43..389.85 rows=97 width=125)
	  Recheck Cond: ((k >= 1664440) AND (k <= 1664540))
	  ->  Bitmap Index Scan on k_2  (cost=0.00..5.40 rows=97 width=0)
	        Index Cond: ((k >= 1664440) AND (k <= 1664540))

table 3 : explain SELECT k, c FROM sbtest3 WHERE k BETWEEN 1664440 AND 1664540
	Bitmap Heap Scan on sbtest3  (cost=5.57..445.04 rows=111 width=125)
	  Recheck Cond: ((k >= 1664440) AND (k <= 1664540))
	  ->  Bitmap Index Scan on k_3  (cost=0.00..5.54 rows=111 width=0)
	        Index Cond: ((k >= 1664440) AND (k <= 1664540))

table 4 : explain SELECT k, c FROM sbtest4 WHERE k BETWEEN 1664440 AND 1664540
	Bitmap Heap Scan on sbtest4  (cost=5.45..397.82 rows=99 width=125)
	  Recheck Cond: ((k >= 1664440) AND (k <= 1664540))
	  ->  Bitmap Index Scan on k_4  (cost=0.00..5.42 rows=99 width=0)
	        Index Cond: ((k >= 1664440) AND (k <= 1664540))

table 5 : explain SELECT k, c FROM sbtest5 WHERE k BETWEEN 1664440 AND 1664540
	Bitmap Heap Scan on sbtest5  (cost=5.49..413.60 rows=103 width=125)
	  Recheck Cond: ((k >= 1664440) AND (k <= 1664540))
	  ->  Bitmap Index Scan on k_5  (cost=0.00..5.46 rows=103 width=0)
	        Index Cond: ((k >= 1664440) AND (k <= 1664540))

table 6 : explain SELECT k, c FROM sbtest6 WHERE k BETWEEN 1664440 AND 1664540
	Bitmap Heap Scan on sbtest6  (cost=5.49..413.62 rows=103 width=125)
	  Recheck Cond: ((k >= 1664440) AND (k <= 1664540))
	  ->  Bitmap Index Scan on k_6  (cost=0.00..5.46 rows=103 width=0)
	        Index Cond: ((k >= 1664440) AND (k <= 1664540))

table 7 : explain SELECT k, c FROM sbtest7 WHERE k BETWEEN 1664440 AND 1664540
	Bitmap Heap Scan on sbtest7  (cost=5.45..397.83 rows=99 width=125)
	  Recheck Cond: ((k >= 1664440) AND (k <= 1664540))
	  ->  Bitmap Index Scan on k_7  (cost=0.00..5.42 rows=99 width=0)
	        Index Cond: ((k >= 1664440) AND (k <= 1664540))

table 8 : explain SELECT k, c FROM sbtest8 WHERE k BETWEEN 1664440 AND 1664540
	Bitmap Heap Scan on sbtest8  (cost=5.46..401.78 rows=100 width=125)
	  Recheck Cond: ((k >= 1664440) AND (k <= 1664540))
	  ->  Bitmap Index Scan on k_8  (cost=0.00..5.43 rows=100 width=0)
	        Index Cond: ((k >= 1664440) AND (k <= 1664540))
for range-notcovered
table 1 : explain SELECT k, c FROM sbtest1 WHERE k BETWEEN 3918058 AND 3918158
	Bitmap Heap Scan on sbtest1  (cost=5.43..389.72 rows=97 width=125)
	  Recheck Cond: ((k >= 3918058) AND (k <= 3918158))
	  ->  Bitmap Index Scan on k_1  (cost=0.00..5.40 rows=97 width=0)
	        Index Cond: ((k >= 3918058) AND (k <= 3918158))

table 2 : explain SELECT k, c FROM sbtest2 WHERE k BETWEEN 3918058 AND 3918158
	Bitmap Heap Scan on sbtest2  (cost=5.43..389.85 rows=97 width=125)
	  Recheck Cond: ((k >= 3918058) AND (k <= 3918158))
	  ->  Bitmap Index Scan on k_2  (cost=0.00..5.40 rows=97 width=0)
	        Index Cond: ((k >= 3918058) AND (k <= 3918158))

table 3 : explain SELECT k, c FROM sbtest3 WHERE k BETWEEN 3918058 AND 3918158
	Bitmap Heap Scan on sbtest3  (cost=5.58..448.98 rows=112 width=125)
	  Recheck Cond: ((k >= 3918058) AND (k <= 3918158))
	  ->  Bitmap Index Scan on k_3  (cost=0.00..5.55 rows=112 width=0)
	        Index Cond: ((k >= 3918058) AND (k <= 3918158))

table 4 : explain SELECT k, c FROM sbtest4 WHERE k BETWEEN 3918058 AND 3918158
	Bitmap Heap Scan on sbtest4  (cost=5.53..429.39 rows=107 width=125)
	  Recheck Cond: ((k >= 3918058) AND (k <= 3918158))
	  ->  Bitmap Index Scan on k_4  (cost=0.00..5.50 rows=107 width=0)
	        Index Cond: ((k >= 3918058) AND (k <= 3918158))

table 5 : explain SELECT k, c FROM sbtest5 WHERE k BETWEEN 3918058 AND 3918158
	Bitmap Heap Scan on sbtest5  (cost=5.51..421.49 rows=105 width=125)
	  Recheck Cond: ((k >= 3918058) AND (k <= 3918158))
	  ->  Bitmap Index Scan on k_5  (cost=0.00..5.48 rows=105 width=0)
	        Index Cond: ((k >= 3918058) AND (k <= 3918158))

table 6 : explain SELECT k, c FROM sbtest6 WHERE k BETWEEN 3918058 AND 3918158
	Bitmap Heap Scan on sbtest6  (cost=5.42..385.98 rows=96 width=125)
	  Recheck Cond: ((k >= 3918058) AND (k <= 3918158))
	  ->  Bitmap Index Scan on k_6  (cost=0.00..5.39 rows=96 width=0)
	        Index Cond: ((k >= 3918058) AND (k <= 3918158))

table 7 : explain SELECT k, c FROM sbtest7 WHERE k BETWEEN 3918058 AND 3918158
	Bitmap Heap Scan on sbtest7  (cost=5.37..366.24 rows=91 width=125)
	  Recheck Cond: ((k >= 3918058) AND (k <= 3918158))
	  ->  Bitmap Index Scan on k_7  (cost=0.00..5.34 rows=91 width=0)
	        Index Cond: ((k >= 3918058) AND (k <= 3918158))

table 8 : explain SELECT k, c FROM sbtest8 WHERE k BETWEEN 3918058 AND 3918158
	Bitmap Heap Scan on sbtest8  (cost=5.42..385.99 rows=96 width=125)
	  Recheck Cond: ((k >= 3918058) AND (k <= 3918158))
	  ->  Bitmap Index Scan on k_8  (cost=0.00..5.39 rows=96 width=0)
	        Index Cond: ((k >= 3918058) AND (k <= 3918158))

explain: for range-notcovered :: explain SELECT k, c FROM sbtest%d WHERE k BETWEEN 6004579 AND 6004679
for range-notcovered
table 1 : explain SELECT k, c FROM sbtest1 WHERE k BETWEEN 4811934 AND 4812034
	Bitmap Heap Scan on sbtest1  (cost=5.47..405.50 rows=101 width=125)
	  Recheck Cond: ((k >= 4811934) AND (k <= 4812034))
	  ->  Bitmap Index Scan on k_1  (cost=0.00..5.44 rows=101 width=0)
	        Index Cond: ((k >= 4811934) AND (k <= 4812034))

table 2 : explain SELECT k, c FROM sbtest2 WHERE k BETWEEN 4811934 AND 4812034
	Bitmap Heap Scan on sbtest2  (cost=5.47..405.63 rows=101 width=125)
	  Recheck Cond: ((k >= 4811934) AND (k <= 4812034))
	  ->  Bitmap Index Scan on k_2  (cost=0.00..5.44 rows=101 width=0)
	        Index Cond: ((k >= 4811934) AND (k <= 4812034))

table 3 : explain SELECT k, c FROM sbtest3 WHERE k BETWEEN 4811934 AND 4812034
	Bitmap Heap Scan on sbtest3  (cost=5.46..401.66 rows=100 width=125)
	  Recheck Cond: ((k >= 4811934) AND (k <= 4812034))
	  ->  Bitmap Index Scan on k_3  (cost=0.00..5.43 rows=100 width=0)
	        Index Cond: ((k >= 4811934) AND (k <= 4812034))

table 4 : explain SELECT k, c FROM sbtest4 WHERE k BETWEEN 4811934 AND 4812034
	Bitmap Heap Scan on sbtest4  (cost=5.56..441.22 rows=110 width=125)
	  Recheck Cond: ((k >= 4811934) AND (k <= 4812034))
	  ->  Bitmap Index Scan on k_4  (cost=0.00..5.53 rows=110 width=0)
	        Index Cond: ((k >= 4811934) AND (k <= 4812034))

table 5 : explain SELECT k, c FROM sbtest5 WHERE k BETWEEN 4811934 AND 4812034
	Bitmap Heap Scan on sbtest5  (cost=5.48..409.66 rows=102 width=125)
	  Recheck Cond: ((k >= 4811934) AND (k <= 4812034))
	  ->  Bitmap Index Scan on k_5  (cost=0.00..5.45 rows=102 width=0)
	        Index Cond: ((k >= 4811934) AND (k <= 4812034))

table 6 : explain SELECT k, c FROM sbtest6 WHERE k BETWEEN 4811934 AND 4812034
	Bitmap Heap Scan on sbtest6  (cost=5.39..374.13 rows=93 width=125)
	  Recheck Cond: ((k >= 4811934) AND (k <= 4812034))
	  ->  Bitmap Index Scan on k_6  (cost=0.00..5.36 rows=93 width=0)
	        Index Cond: ((k >= 4811934) AND (k <= 4812034))

table 7 : explain SELECT k, c FROM sbtest7 WHERE k BETWEEN 4811934 AND 4812034
	Bitmap Heap Scan on sbtest7  (cost=5.53..429.41 rows=107 width=125)
	  Recheck Cond: ((k >= 4811934) AND (k <= 4812034))
	  ->  Bitmap Index Scan on k_7  (cost=0.00..5.50 rows=107 width=0)
	        Index Cond: ((k >= 4811934) AND (k <= 4812034))

table 8 : explain SELECT k, c FROM sbtest8 WHERE k BETWEEN 4811934 AND 4812034
	Bitmap Heap Scan on sbtest8  (cost=5.35..358.33 rows=89 width=125)
	  Recheck Cond: ((k >= 4811934) AND (k <= 4812034))
	  ->  Bitmap Index Scan on k_8  (cost=0.00..5.32 rows=89 width=0)
	        Index Cond: ((k >= 4811934) AND (k <= 4812034))

for range-notcovered
table 1 : explain SELECT k, c FROM sbtest1 WHERE k BETWEEN 3381726 AND 3381826
	Bitmap Heap Scan on sbtest1  (cost=5.40..377.88 rows=94 width=125)
	  Recheck Cond: ((k >= 3381726) AND (k <= 3381826))
	  ->  Bitmap Index Scan on k_1  (cost=0.00..5.38 rows=94 width=0)
	        Index Cond: ((k >= 3381726) AND (k <= 3381826))

table 2 : explain SELECT k, c FROM sbtest2 WHERE k BETWEEN 3381726 AND 3381826
	Bitmap Heap Scan on sbtest2  (cost=5.57..445.07 rows=111 width=125)
	  Recheck Cond: ((k >= 3381726) AND (k <= 3381826))
	  ->  Bitmap Index Scan on k_2  (cost=0.00..5.54 rows=111 width=0)
	        Index Cond: ((k >= 3381726) AND (k <= 3381826))

table 3 : explain SELECT k, c FROM sbtest3 WHERE k BETWEEN 3381726 AND 3381826
	Bitmap Heap Scan on sbtest3  (cost=5.50..417.44 rows=104 width=125)
	  Recheck Cond: ((k >= 3381726) AND (k <= 3381826))
	  ->  Bitmap Index Scan on k_3  (cost=0.00..5.47 rows=104 width=0)
	        Index Cond: ((k >= 3381726) AND (k <= 3381826))

table 4 : explain SELECT k, c FROM sbtest4 WHERE k BETWEEN 3381726 AND 3381826
	Bitmap Heap Scan on sbtest4  (cost=5.54..433.33 rows=108 width=125)
	  Recheck Cond: ((k >= 3381726) AND (k <= 3381826))
	  ->  Bitmap Index Scan on k_4  (cost=0.00..5.51 rows=108 width=0)
	        Index Cond: ((k >= 3381726) AND (k <= 3381826))

table 5 : explain SELECT k, c FROM sbtest5 WHERE k BETWEEN 3381726 AND 3381826
	Bitmap Heap Scan on sbtest5  (cost=5.50..417.55 rows=104 width=125)
	  Recheck Cond: ((k >= 3381726) AND (k <= 3381826))
	  ->  Bitmap Index Scan on k_5  (cost=0.00..5.47 rows=104 width=0)
	        Index Cond: ((k >= 3381726) AND (k <= 3381826))

table 6 : explain SELECT k, c FROM sbtest6 WHERE k BETWEEN 3381726 AND 3381826
	Bitmap Heap Scan on sbtest6  (cost=5.47..405.72 rows=101 width=125)
	  Recheck Cond: ((k >= 3381726) AND (k <= 3381826))
	  ->  Bitmap Index Scan on k_6  (cost=0.00..5.44 rows=101 width=0)
	        Index Cond: ((k >= 3381726) AND (k <= 3381826))

table 7 : explain SELECT k, c FROM sbtest7 WHERE k BETWEEN 3381726 AND 3381826
	Bitmap Heap Scan on sbtest7  (cost=5.50..417.57 rows=104 width=125)
	  Recheck Cond: ((k >= 3381726) AND (k <= 3381826))
	  ->  Bitmap Index Scan on k_7  (cost=0.00..5.47 rows=104 width=0)
	        Index Cond: ((k >= 3381726) AND (k <= 3381826))

table 8 : explain SELECT k, c FROM sbtest8 WHERE k BETWEEN 3381726 AND 3381826
	Bitmap Heap Scan on sbtest8  (cost=5.53..429.40 rows=107 width=125)
	  Recheck Cond: ((k >= 3381726) AND (k <= 3381826))
	  ->  Bitmap Index Scan on k_8  (cost=0.00..5.50 rows=107 width=0)
	        Index Cond: ((k >= 3381726) AND (k <= 3381826))


explain: for range-notcovered :: explain SELECT k, c FROM sbtest%d WHERE k BETWEEN 3918058 AND 3918158
explain: for range-notcovered :: explain SELECT k, c FROM sbtest%d WHERE k BETWEEN 4811934 AND 4812034
explain: for range-notcovered :: explain SELECT k, c FROM sbtest%d WHERE k BETWEEN 1664440 AND 1664540
explain: for range-notcovered :: explain SELECT k, c FROM sbtest%d WHERE k BETWEEN 3381726 AND 3381826
for range-notcovered
table 1 : explain SELECT k, c FROM sbtest1 WHERE k BETWEEN 2010062 AND 2010162
	Bitmap Heap Scan on sbtest1  (cost=5.46..401.56 rows=100 width=125)
	  Recheck Cond: ((k >= 2010062) AND (k <= 2010162))
	  ->  Bitmap Index Scan on k_1  (cost=0.00..5.43 rows=100 width=0)
	        Index Cond: ((k >= 2010062) AND (k <= 2010162))

table 2 : explain SELECT k, c FROM sbtest2 WHERE k BETWEEN 2010062 AND 2010162
	Bitmap Heap Scan on sbtest2  (cost=5.53..429.30 rows=107 width=125)
	  Recheck Cond: ((k >= 2010062) AND (k <= 2010162))
	  ->  Bitmap Index Scan on k_2  (cost=0.00..5.50 rows=107 width=0)
	        Index Cond: ((k >= 2010062) AND (k <= 2010162))

table 3 : explain SELECT k, c FROM sbtest3 WHERE k BETWEEN 2010062 AND 2010162
	Bitmap Heap Scan on sbtest3  (cost=5.40..377.98 rows=94 width=125)
	  Recheck Cond: ((k >= 2010062) AND (k <= 2010162))
	  ->  Bitmap Index Scan on k_3  (cost=0.00..5.38 rows=94 width=0)
	        Index Cond: ((k >= 2010062) AND (k <= 2010162))

table 4 : explain SELECT k, c FROM sbtest4 WHERE k BETWEEN 2010062 AND 2010162
	Bitmap Heap Scan on sbtest4  (cost=5.48..409.66 rows=102 width=125)
	  Recheck Cond: ((k >= 2010062) AND (k <= 2010162))
	  ->  Bitmap Index Scan on k_4  (cost=0.00..5.45 rows=102 width=0)
	        Index Cond: ((k >= 2010062) AND (k <= 2010162))

table 5 : explain SELECT k, c FROM sbtest5 WHERE k BETWEEN 2010062 AND 2010162
	Bitmap Heap Scan on sbtest5  (cost=5.63..468.81 rows=117 width=125)
	  Recheck Cond: ((k >= 2010062) AND (k <= 2010162))
	  ->  Bitmap Index Scan on k_5  (cost=0.00..5.60 rows=117 width=0)
	        Index Cond: ((k >= 2010062) AND (k <= 2010162))

table 6 : explain SELECT k, c FROM sbtest6 WHERE k BETWEEN 2010062 AND 2010162
	Bitmap Heap Scan on sbtest6  (cost=5.50..417.56 rows=104 width=125)
	  Recheck Cond: ((k >= 2010062) AND (k <= 2010162))
	  ->  Bitmap Index Scan on k_6  (cost=0.00..5.47 rows=104 width=0)
	        Index Cond: ((k >= 2010062) AND (k <= 2010162))

table 7 : explain SELECT k, c FROM sbtest7 WHERE k BETWEEN 2010062 AND 2010162
	Bitmap Heap Scan on sbtest7  (cost=5.44..393.89 rows=98 width=125)
	  Recheck Cond: ((k >= 2010062) AND (k <= 2010162))
	  ->  Bitmap Index Scan on k_7  (cost=0.00..5.42 rows=98 width=0)
	        Index Cond: ((k >= 2010062) AND (k <= 2010162))

table 8 : explain SELECT k, c FROM sbtest8 WHERE k BETWEEN 2010062 AND 2010162
	Bitmap Heap Scan on sbtest8  (cost=5.57..445.18 rows=111 width=125)
	  Recheck Cond: ((k >= 2010062) AND (k <= 2010162))
	  ->  Bitmap Index Scan on k_8  (cost=0.00..5.54 rows=111 width=0)
	        Index Cond: ((k >= 2010062) AND (k <= 2010162))

for range-notcovered
table 1 : explain SELECT k, c FROM sbtest1 WHERE k BETWEEN 4086767 AND 4086867
	Bitmap Heap Scan on sbtest1  (cost=5.36..362.09 rows=90 width=125)
	  Recheck Cond: ((k >= 4086767) AND (k <= 4086867))
	  ->  Bitmap Index Scan on k_1  (cost=0.00..5.33 rows=90 width=0)
	        Index Cond: ((k >= 4086767) AND (k <= 4086867))

table 2 : explain SELECT k, c FROM sbtest2 WHERE k BETWEEN 4086767 AND 4086867
	Bitmap Heap Scan on sbtest2  (cost=5.43..389.85 rows=97 width=125)
	  Recheck Cond: ((k >= 4086767) AND (k <= 4086867))
	  ->  Bitmap Index Scan on k_2  (cost=0.00..5.40 rows=97 width=0)
	        Index Cond: ((k >= 4086767) AND (k <= 4086867))

table 3 : explain SELECT k, c FROM sbtest3 WHERE k BETWEEN 4086767 AND 4086867
	Bitmap Heap Scan on sbtest3  (cost=5.42..385.87 rows=96 width=125)
	  Recheck Cond: ((k >= 4086767) AND (k <= 4086867))
	  ->  Bitmap Index Scan on k_3  (cost=0.00..5.39 rows=96 width=0)
	        Index Cond: ((k >= 4086767) AND (k <= 4086867))

table 4 : explain SELECT k, c FROM sbtest4 WHERE k BETWEEN 4086767 AND 4086867
	Bitmap Heap Scan on sbtest4  (cost=5.42..385.97 rows=96 width=125)
	  Recheck Cond: ((k >= 4086767) AND (k <= 4086867))
	  ->  Bitmap Index Scan on k_4  (cost=0.00..5.39 rows=96 width=0)
	        Index Cond: ((k >= 4086767) AND (k <= 4086867))

table 5 : explain SELECT k, c FROM sbtest5 WHERE k BETWEEN 4086767 AND 4086867
	Bitmap Heap Scan on sbtest5  (cost=5.40..378.07 rows=94 width=125)
	  Recheck Cond: ((k >= 4086767) AND (k <= 4086867))
	  ->  Bitmap Index Scan on k_5  (cost=0.00..5.38 rows=94 width=0)
	        Index Cond: ((k >= 4086767) AND (k <= 4086867))

table 6 : explain SELECT k, c FROM sbtest6 WHERE k BETWEEN 4086767 AND 4086867
	Bitmap Heap Scan on sbtest6  (cost=5.49..413.62 rows=103 width=125)
	  Recheck Cond: ((k >= 4086767) AND (k <= 4086867))
	  ->  Bitmap Index Scan on k_6  (cost=0.00..5.46 rows=103 width=0)
	        Index Cond: ((k >= 4086767) AND (k <= 4086867))

table 7 : explain SELECT k, c FROM sbtest7 WHERE k BETWEEN 4086767 AND 4086867
	Bitmap Heap Scan on sbtest7  (cost=5.46..401.78 rows=100 width=125)
	  Recheck Cond: ((k >= 4086767) AND (k <= 4086867))
	  ->  Bitmap Index Scan on k_7  (cost=0.00..5.43 rows=100 width=0)
	        Index Cond: ((k >= 4086767) AND (k <= 4086867))

table 8 : explain SELECT k, c FROM sbtest8 WHERE k BETWEEN 4086767 AND 4086867
	Bitmap Heap Scan on sbtest8  (cost=5.41..382.04 rows=95 width=125)
	  Recheck Cond: ((k >= 4086767) AND (k <= 4086867))
	  ->  Bitmap Index Scan on k_8  (cost=0.00..5.38 rows=95 width=0)
	        Index Cond: ((k >= 4086767) AND (k <= 4086867))

explain: for range-notcovered :: explain SELECT k, c FROM sbtest%d WHERE k BETWEEN 2010062 AND 2010162
explain: for range-notcovered :: explain SELECT k, c FROM sbtest%d WHERE k BETWEEN 4086767 AND 4086867
for range-notcovered
table 1 : explain SELECT k, c FROM sbtest1 WHERE k BETWEEN 3046782 AND 3046882
	Bitmap Heap Scan on sbtest1  (cost=5.46..401.56 rows=100 width=125)
	  Recheck Cond: ((k >= 3046782) AND (k <= 3046882))
	  ->  Bitmap Index Scan on k_1  (cost=0.00..5.43 rows=100 width=0)
	        Index Cond: ((k >= 3046782) AND (k <= 3046882))

table 2 : explain SELECT k, c FROM sbtest2 WHERE k BETWEEN 3046782 AND 3046882
	Bitmap Heap Scan on sbtest2  (cost=5.43..389.85 rows=97 width=125)
	  Recheck Cond: ((k >= 3046782) AND (k <= 3046882))
	  ->  Bitmap Index Scan on k_2  (cost=0.00..5.40 rows=97 width=0)
	        Index Cond: ((k >= 3046782) AND (k <= 3046882))

table 3 : explain SELECT k, c FROM sbtest3 WHERE k BETWEEN 3046782 AND 3046882
	Bitmap Heap Scan on sbtest3  (cost=5.47..405.60 rows=101 width=125)
	  Recheck Cond: ((k >= 3046782) AND (k <= 3046882))
	  ->  Bitmap Index Scan on k_3  (cost=0.00..5.44 rows=101 width=0)
	        Index Cond: ((k >= 3046782) AND (k <= 3046882))

table 4 : explain SELECT k, c FROM sbtest4 WHERE k BETWEEN 3046782 AND 3046882
	Bitmap Heap Scan on sbtest4  (cost=5.52..425.44 rows=106 width=125)
	  Recheck Cond: ((k >= 3046782) AND (k <= 3046882))
	  ->  Bitmap Index Scan on k_4  (cost=0.00..5.50 rows=106 width=0)
	        Index Cond: ((k >= 3046782) AND (k <= 3046882))

table 5 : explain SELECT k, c FROM sbtest5 WHERE k BETWEEN 3046782 AND 3046882
	Bitmap Heap Scan on sbtest5  (cost=5.35..358.32 rows=89 width=125)
	  Recheck Cond: ((k >= 3046782) AND (k <= 3046882))
	  ->  Bitmap Index Scan on k_5  (cost=0.00..5.32 rows=89 width=0)
	        Index Cond: ((k >= 3046782) AND (k <= 3046882))

table 6 : explain SELECT k, c FROM sbtest6 WHERE k BETWEEN 3046782 AND 3046882
	Bitmap Heap Scan on sbtest6  (cost=5.51..421.51 rows=105 width=125)
	  Recheck Cond: ((k >= 3046782) AND (k <= 3046882))
	  ->  Bitmap Index Scan on k_6  (cost=0.00..5.48 rows=105 width=0)
	        Index Cond: ((k >= 3046782) AND (k <= 3046882))

table 7 : explain SELECT k, c FROM sbtest7 WHERE k BETWEEN 3046782 AND 3046882
	Bitmap Heap Scan on sbtest7  (cost=5.39..374.14 rows=93 width=125)
	  Recheck Cond: ((k >= 3046782) AND (k <= 3046882))
	  ->  Bitmap Index Scan on k_7  (cost=0.00..5.36 rows=93 width=0)
	        Index Cond: ((k >= 3046782) AND (k <= 3046882))

table 8 : explain SELECT k, c FROM sbtest8 WHERE k BETWEEN 3046782 AND 3046882
	Bitmap Heap Scan on sbtest8  (cost=5.53..429.40 rows=107 width=125)
	  Recheck Cond: ((k >= 3046782) AND (k <= 3046882))
	  ->  Bitmap Index Scan on k_8  (cost=0.00..5.50 rows=107 width=0)
	        Index Cond: ((k >= 3046782) AND (k <= 3046882))

explain: for range-notcovered :: explain SELECT k, c FROM sbtest%d WHERE k BETWEEN 3046782 AND 3046882
for range-notcovered
table 1 : explain SELECT k, c FROM sbtest1 WHERE k BETWEEN 3691681 AND 3691781
	Bitmap Heap Scan on sbtest1  (cost=5.56..440.98 rows=110 width=125)
	  Recheck Cond: ((k >= 3691681) AND (k <= 3691781))
	  ->  Bitmap Index Scan on k_1  (cost=0.00..5.53 rows=110 width=0)
	        Index Cond: ((k >= 3691681) AND (k <= 3691781))

table 2 : explain SELECT k, c FROM sbtest2 WHERE k BETWEEN 3691681 AND 3691781
	Bitmap Heap Scan on sbtest2  (cost=5.40..378.00 rows=94 width=125)
	  Recheck Cond: ((k >= 3691681) AND (k <= 3691781))
	  ->  Bitmap Index Scan on k_2  (cost=0.00..5.38 rows=94 width=0)
	        Index Cond: ((k >= 3691681) AND (k <= 3691781))

table 3 : explain SELECT k, c FROM sbtest3 WHERE k BETWEEN 3691681 AND 3691781
	Bitmap Heap Scan on sbtest3  (cost=5.34..354.28 rows=88 width=125)
	  Recheck Cond: ((k >= 3691681) AND (k <= 3691781))
	  ->  Bitmap Index Scan on k_3  (cost=0.00..5.31 rows=88 width=0)
	        Index Cond: ((k >= 3691681) AND (k <= 3691781))

table 4 : explain SELECT k, c FROM sbtest4 WHERE k BETWEEN 3691681 AND 3691781
	Bitmap Heap Scan on sbtest4  (cost=5.59..453.05 rows=113 width=125)
	  Recheck Cond: ((k >= 3691681) AND (k <= 3691781))
	  ->  Bitmap Index Scan on k_4  (cost=0.00..5.56 rows=113 width=0)
	        Index Cond: ((k >= 3691681) AND (k <= 3691781))

table 5 : explain SELECT k, c FROM sbtest5 WHERE k BETWEEN 3691681 AND 3691781
	Bitmap Heap Scan on sbtest5  (cost=5.55..437.27 rows=109 width=125)
	  Recheck Cond: ((k >= 3691681) AND (k <= 3691781))
	  ->  Bitmap Index Scan on k_5  (cost=0.00..5.52 rows=109 width=0)
	        Index Cond: ((k >= 3691681) AND (k <= 3691781))

table 6 : explain SELECT k, c FROM sbtest6 WHERE k BETWEEN 3691681 AND 3691781
	Bitmap Heap Scan on sbtest6  (cost=5.50..417.56 rows=104 width=125)
	  Recheck Cond: ((k >= 3691681) AND (k <= 3691781))
	  ->  Bitmap Index Scan on k_6  (cost=0.00..5.47 rows=104 width=0)
	        Index Cond: ((k >= 3691681) AND (k <= 3691781))

table 7 : explain SELECT k, c FROM sbtest7 WHERE k BETWEEN 3691681 AND 3691781
	Bitmap Heap Scan on sbtest7  (cost=5.42..385.99 rows=96 width=125)
	  Recheck Cond: ((k >= 3691681) AND (k <= 3691781))
	  ->  Bitmap Index Scan on k_7  (cost=0.00..5.39 rows=96 width=0)
	        Index Cond: ((k >= 3691681) AND (k <= 3691781))

table 8 : explain SELECT k, c FROM sbtest8 WHERE k BETWEEN 3691681 AND 3691781
	Bitmap Heap Scan on sbtest8  (cost=5.44..393.88 rows=98 width=125)
	  Recheck Cond: ((k >= 3691681) AND (k <= 3691781))
	  ->  Bitmap Index Scan on k_8  (cost=0.00..5.42 rows=98 width=0)
	        Index Cond: ((k >= 3691681) AND (k <= 3691781))

for range-notcovered
table 1 : explain SELECT k, c FROM sbtest1 WHERE k BETWEEN 7666786 AND 7666886
	Bitmap Heap Scan on sbtest1  (cost=5.48..409.44 rows=102 width=125)
	  Recheck Cond: ((k >= 7666786) AND (k <= 7666886))
	  ->  Bitmap Index Scan on k_1  (cost=0.00..5.45 rows=102 width=0)
	        Index Cond: ((k >= 7666786) AND (k <= 7666886))

table 2 : explain SELECT k, c FROM sbtest2 WHERE k BETWEEN 7666786 AND 7666886
	Bitmap Heap Scan on sbtest2  (cost=5.43..389.85 rows=97 width=125)
	  Recheck Cond: ((k >= 7666786) AND (k <= 7666886))
	  ->  Bitmap Index Scan on k_2  (cost=0.00..5.40 rows=97 width=0)
	        Index Cond: ((k >= 7666786) AND (k <= 7666886))

table 3 : explain SELECT k, c FROM sbtest3 WHERE k BETWEEN 7666786 AND 7666886
	Bitmap Heap Scan on sbtest3  (cost=5.46..401.66 rows=100 width=125)
	  Recheck Cond: ((k >= 7666786) AND (k <= 7666886))
	  ->  Bitmap Index Scan on k_3  (cost=0.00..5.43 rows=100 width=0)
	        Index Cond: ((k >= 7666786) AND (k <= 7666886))

table 4 : explain SELECT k, c FROM sbtest4 WHERE k BETWEEN 7666786 AND 7666886
	Bitmap Heap Scan on sbtest4  (cost=5.48..409.66 rows=102 width=125)
	  Recheck Cond: ((k >= 7666786) AND (k <= 7666886))
	  ->  Bitmap Index Scan on k_4  (cost=0.00..5.45 rows=102 width=0)
	        Index Cond: ((k >= 7666786) AND (k <= 7666886))

table 5 : explain SELECT k, c FROM sbtest5 WHERE k BETWEEN 7666786 AND 7666886
	Bitmap Heap Scan on sbtest5  (cost=5.56..441.22 rows=110 width=125)
	  Recheck Cond: ((k >= 7666786) AND (k <= 7666886))
	  ->  Bitmap Index Scan on k_5  (cost=0.00..5.53 rows=110 width=0)
	        Index Cond: ((k >= 7666786) AND (k <= 7666886))

table 6 : explain SELECT k, c FROM sbtest6 WHERE k BETWEEN 7666786 AND 7666886
	Bitmap Heap Scan on sbtest6  (cost=5.47..405.72 rows=101 width=125)
	  Recheck Cond: ((k >= 7666786) AND (k <= 7666886))
	  ->  Bitmap Index Scan on k_6  (cost=0.00..5.44 rows=101 width=0)
	        Index Cond: ((k >= 7666786) AND (k <= 7666886))

table 7 : explain SELECT k, c FROM sbtest7 WHERE k BETWEEN 7666786 AND 7666886
	Bitmap Heap Scan on sbtest7  (cost=5.47..405.73 rows=101 width=125)
	  Recheck Cond: ((k >= 7666786) AND (k <= 7666886))
	  ->  Bitmap Index Scan on k_7  (cost=0.00..5.44 rows=101 width=0)
	        Index Cond: ((k >= 7666786) AND (k <= 7666886))

table 8 : explain SELECT k, c FROM sbtest8 WHERE k BETWEEN 7666786 AND 7666886
	Bitmap Heap Scan on sbtest8  (cost=5.47..405.73 rows=101 width=125)
	  Recheck Cond: ((k >= 7666786) AND (k <= 7666886))
	  ->  Bitmap Index Scan on k_8  (cost=0.00..5.44 rows=101 width=0)
	        Index Cond: ((k >= 7666786) AND (k <= 7666886))

for range-notcovered
table 1 : explain SELECT k, c FROM sbtest1 WHERE k BETWEEN 6378839 AND 6378939
	Bitmap Heap Scan on sbtest1  (cost=5.47..405.50 rows=101 width=125)
	  Recheck Cond: ((k >= 6378839) AND (k <= 6378939))
	  ->  Bitmap Index Scan on k_1  (cost=0.00..5.44 rows=101 width=0)
	        Index Cond: ((k >= 6378839) AND (k <= 6378939))

table 2 : explain SELECT k, c FROM sbtest2 WHERE k BETWEEN 6378839 AND 6378939
	Bitmap Heap Scan on sbtest2  (cost=5.60..456.89 rows=114 width=125)
	  Recheck Cond: ((k >= 6378839) AND (k <= 6378939))
	  ->  Bitmap Index Scan on k_2  (cost=0.00..5.58 rows=114 width=0)
	        Index Cond: ((k >= 6378839) AND (k <= 6378939))

table 3 : explain SELECT k, c FROM sbtest3 WHERE k BETWEEN 6378839 AND 6378939
	Bitmap Heap Scan on sbtest3  (cost=5.48..409.55 rows=102 width=125)
	  Recheck Cond: ((k >= 6378839) AND (k <= 6378939))
	  ->  Bitmap Index Scan on k_3  (cost=0.00..5.45 rows=102 width=0)
	        Index Cond: ((k >= 6378839) AND (k <= 6378939))

table 4 : explain SELECT k, c FROM sbtest4 WHERE k BETWEEN 6378839 AND 6378939
	Bitmap Heap Scan on sbtest4  (cost=5.44..393.87 rows=98 width=125)
	  Recheck Cond: ((k >= 6378839) AND (k <= 6378939))
	  ->  Bitmap Index Scan on k_4  (cost=0.00..5.42 rows=98 width=0)
	        Index Cond: ((k >= 6378839) AND (k <= 6378939))

table 5 : explain SELECT k, c FROM sbtest5 WHERE k BETWEEN 6378839 AND 6378939
	Bitmap Heap Scan on sbtest5  (cost=5.39..374.12 rows=93 width=125)
	  Recheck Cond: ((k >= 6378839) AND (k <= 6378939))
	  ->  Bitmap Index Scan on k_5  (cost=0.00..5.36 rows=93 width=0)
	        Index Cond: ((k >= 6378839) AND (k <= 6378939))

table 6 : explain SELECT k, c FROM sbtest6 WHERE k BETWEEN 6378839 AND 6378939
	Bitmap Heap Scan on sbtest6  (cost=5.36..362.28 rows=90 width=125)
	  Recheck Cond: ((k >= 6378839) AND (k <= 6378939))
	  ->  Bitmap Index Scan on k_6  (cost=0.00..5.33 rows=90 width=0)
	        Index Cond: ((k >= 6378839) AND (k <= 6378939))

table 7 : explain SELECT k, c FROM sbtest7 WHERE k BETWEEN 6378839 AND 6378939
	Bitmap Heap Scan on sbtest7  (cost=5.58..449.13 rows=112 width=125)
	  Recheck Cond: ((k >= 6378839) AND (k <= 6378939))
	  ->  Bitmap Index Scan on k_7  (cost=0.00..5.55 rows=112 width=0)
	        Index Cond: ((k >= 6378839) AND (k <= 6378939))

table 8 : explain SELECT k, c FROM sbtest8 WHERE k BETWEEN 6378839 AND 6378939
	Bitmap Heap Scan on sbtest8  (cost=5.48..409.67 rows=102 width=125)
	  Recheck Cond: ((k >= 6378839) AND (k <= 6378939))
	  ->  Bitmap Index Scan on k_8  (cost=0.00..5.45 rows=102 width=0)
	        Index Cond: ((k >= 6378839) AND (k <= 6378939))

explain: for range-notcovered :: explain SELECT k, c FROM sbtest%d WHERE k BETWEEN 7666786 AND 7666886
for range-notcovered
table 1 : explain SELECT k, c FROM sbtest1 WHERE k BETWEEN 4811934 AND 4812034
	Bitmap Heap Scan on sbtest1  (cost=5.47..405.50 rows=101 width=125)
	  Recheck Cond: ((k >= 4811934) AND (k <= 4812034))
	  ->  Bitmap Index Scan on k_1  (cost=0.00..5.44 rows=101 width=0)
	        Index Cond: ((k >= 4811934) AND (k <= 4812034))

table 2 : explain SELECT k, c FROM sbtest2 WHERE k BETWEEN 4811934 AND 4812034
	Bitmap Heap Scan on sbtest2  (cost=5.47..405.63 rows=101 width=125)
	  Recheck Cond: ((k >= 4811934) AND (k <= 4812034))
	  ->  Bitmap Index Scan on k_2  (cost=0.00..5.44 rows=101 width=0)
	        Index Cond: ((k >= 4811934) AND (k <= 4812034))

table 3 : explain SELECT k, c FROM sbtest3 WHERE k BETWEEN 4811934 AND 4812034
	Bitmap Heap Scan on sbtest3  (cost=5.46..401.66 rows=100 width=125)
	  Recheck Cond: ((k >= 4811934) AND (k <= 4812034))
	  ->  Bitmap Index Scan on k_3  (cost=0.00..5.43 rows=100 width=0)
	        Index Cond: ((k >= 4811934) AND (k <= 4812034))

table 4 : explain SELECT k, c FROM sbtest4 WHERE k BETWEEN 4811934 AND 4812034
	Bitmap Heap Scan on sbtest4  (cost=5.56..441.22 rows=110 width=125)
	  Recheck Cond: ((k >= 4811934) AND (k <= 4812034))
	  ->  Bitmap Index Scan on k_4  (cost=0.00..5.53 rows=110 width=0)
	        Index Cond: ((k >= 4811934) AND (k <= 4812034))

table 5 : explain SELECT k, c FROM sbtest5 WHERE k BETWEEN 4811934 AND 4812034
	Bitmap Heap Scan on sbtest5  (cost=5.48..409.66 rows=102 width=125)
	  Recheck Cond: ((k >= 4811934) AND (k <= 4812034))
	  ->  Bitmap Index Scan on k_5  (cost=0.00..5.45 rows=102 width=0)
	        Index Cond: ((k >= 4811934) AND (k <= 4812034))

table 6 : explain SELECT k, c FROM sbtest6 WHERE k BETWEEN 4811934 AND 4812034
	Bitmap Heap Scan on sbtest6  (cost=5.39..374.13 rows=93 width=125)
	  Recheck Cond: ((k >= 4811934) AND (k <= 4812034))
	  ->  Bitmap Index Scan on k_6  (cost=0.00..5.36 rows=93 width=0)
	        Index Cond: ((k >= 4811934) AND (k <= 4812034))

table 7 : explain SELECT k, c FROM sbtest7 WHERE k BETWEEN 4811934 AND 4812034
	Bitmap Heap Scan on sbtest7  (cost=5.53..429.41 rows=107 width=125)
	  Recheck Cond: ((k >= 4811934) AND (k <= 4812034))
	  ->  Bitmap Index Scan on k_7  (cost=0.00..5.50 rows=107 width=0)
	        Index Cond: ((k >= 4811934) AND (k <= 4812034))

table 8 : explain SELECT k, c FROM sbtest8 WHERE k BETWEEN 4811934 AND 4812034
	Bitmap Heap Scan on sbtest8  (cost=5.35..358.33 rows=89 width=125)
	  Recheck Cond: ((k >= 4811934) AND (k <= 4812034))
	  ->  Bitmap Index Scan on k_8  (cost=0.00..5.32 rows=89 width=0)
	        Index Cond: ((k >= 4811934) AND (k <= 4812034))

for range-notcovered
table 1 : explain SELECT k, c FROM sbtest1 WHERE k BETWEEN 7061135 AND 7061235
	Bitmap Heap Scan on sbtest1  (cost=5.46..401.56 rows=100 width=125)
	  Recheck Cond: ((k >= 7061135) AND (k <= 7061235))
	  ->  Bitmap Index Scan on k_1  (cost=0.00..5.43 rows=100 width=0)
	        Index Cond: ((k >= 7061135) AND (k <= 7061235))

table 2 : explain SELECT k, c FROM sbtest2 WHERE k BETWEEN 7061135 AND 7061235
	Bitmap Heap Scan on sbtest2  (cost=5.59..452.95 rows=113 width=125)
	  Recheck Cond: ((k >= 7061135) AND (k <= 7061235))
	  ->  Bitmap Index Scan on k_2  (cost=0.00..5.56 rows=113 width=0)
	        Index Cond: ((k >= 7061135) AND (k <= 7061235))

table 3 : explain SELECT k, c FROM sbtest3 WHERE k BETWEEN 7061135 AND 7061235
	Bitmap Heap Scan on sbtest3  (cost=5.51..421.38 rows=105 width=125)
	  Recheck Cond: ((k >= 7061135) AND (k <= 7061235))
	  ->  Bitmap Index Scan on k_3  (cost=0.00..5.48 rows=105 width=0)
	        Index Cond: ((k >= 7061135) AND (k <= 7061235))

table 4 : explain SELECT k, c FROM sbtest4 WHERE k BETWEEN 7061135 AND 7061235
	Bitmap Heap Scan on sbtest4  (cost=5.39..374.13 rows=93 width=125)
	  Recheck Cond: ((k >= 7061135) AND (k <= 7061235))
	  ->  Bitmap Index Scan on k_4  (cost=0.00..5.36 rows=93 width=0)
	        Index Cond: ((k >= 7061135) AND (k <= 7061235))

table 5 : explain SELECT k, c FROM sbtest5 WHERE k BETWEEN 7061135 AND 7061235
	Bitmap Heap Scan on sbtest5  (cost=5.48..409.66 rows=102 width=125)
	  Recheck Cond: ((k >= 7061135) AND (k <= 7061235))
	  ->  Bitmap Index Scan on k_5  (cost=0.00..5.45 rows=102 width=0)
	        Index Cond: ((k >= 7061135) AND (k <= 7061235))

table 6 : explain SELECT k, c FROM sbtest6 WHERE k BETWEEN 7061135 AND 7061235
	Bitmap Heap Scan on sbtest6  (cost=5.39..374.13 rows=93 width=125)
	  Recheck Cond: ((k >= 7061135) AND (k <= 7061235))
	  ->  Bitmap Index Scan on k_6  (cost=0.00..5.36 rows=93 width=0)
	        Index Cond: ((k >= 7061135) AND (k <= 7061235))

table 7 : explain SELECT k, c FROM sbtest7 WHERE k BETWEEN 7061135 AND 7061235
	Bitmap Heap Scan on sbtest7  (cost=5.47..405.73 rows=101 width=125)
	  Recheck Cond: ((k >= 7061135) AND (k <= 7061235))
	  ->  Bitmap Index Scan on k_7  (cost=0.00..5.44 rows=101 width=0)
	        Index Cond: ((k >= 7061135) AND (k <= 7061235))

table 8 : explain SELECT k, c FROM sbtest8 WHERE k BETWEEN 7061135 AND 7061235
	Bitmap Heap Scan on sbtest8  (cost=5.43..389.94 rows=97 width=125)
	  Recheck Cond: ((k >= 7061135) AND (k <= 7061235))
	  ->  Bitmap Index Scan on k_8  (cost=0.00..5.40 rows=97 width=0)
	        Index Cond: ((k >= 7061135) AND (k <= 7061235))

for range-notcovered
table 1 : explain SELECT k, c FROM sbtest1 WHERE k BETWEEN 3387239 AND 3387339
	Bitmap Heap Scan on sbtest1  (cost=5.40..377.88 rows=94 width=125)
	  Recheck Cond: ((k >= 3387239) AND (k <= 3387339))
	  ->  Bitmap Index Scan on k_1  (cost=0.00..5.38 rows=94 width=0)
	        Index Cond: ((k >= 3387239) AND (k <= 3387339))

table 2 : explain SELECT k, c FROM sbtest2 WHERE k BETWEEN 3387239 AND 3387339
	Bitmap Heap Scan on sbtest2  (cost=5.49..413.52 rows=103 width=125)
	  Recheck Cond: ((k >= 3387239) AND (k <= 3387339))
	  ->  Bitmap Index Scan on k_2  (cost=0.00..5.46 rows=103 width=0)
	        Index Cond: ((k >= 3387239) AND (k <= 3387339))

table 3 : explain SELECT k, c FROM sbtest3 WHERE k BETWEEN 3387239 AND 3387339
	Bitmap Heap Scan on sbtest3  (cost=5.50..417.44 rows=104 width=125)
	  Recheck Cond: ((k >= 3387239) AND (k <= 3387339))
	  ->  Bitmap Index Scan on k_3  (cost=0.00..5.47 rows=104 width=0)
	        Index Cond: ((k >= 3387239) AND (k <= 3387339))

table 4 : explain SELECT k, c FROM sbtest4 WHERE k BETWEEN 3387239 AND 3387339
	Bitmap Heap Scan on sbtest4  (cost=5.54..433.33 rows=108 width=125)
	  Recheck Cond: ((k >= 3387239) AND (k <= 3387339))
	  ->  Bitmap Index Scan on k_4  (cost=0.00..5.51 rows=108 width=0)
	        Index Cond: ((k >= 3387239) AND (k <= 3387339))

table 5 : explain SELECT k, c FROM sbtest5 WHERE k BETWEEN 3387239 AND 3387339
	Bitmap Heap Scan on sbtest5  (cost=5.50..417.55 rows=104 width=125)
	  Recheck Cond: ((k >= 3387239) AND (k <= 3387339))
	  ->  Bitmap Index Scan on k_5  (cost=0.00..5.47 rows=104 width=0)
	        Index Cond: ((k >= 3387239) AND (k <= 3387339))

table 6 : explain SELECT k, c FROM sbtest6 WHERE k BETWEEN 3387239 AND 3387339
	Bitmap Heap Scan on sbtest6  (cost=5.47..405.72 rows=101 width=125)
	  Recheck Cond: ((k >= 3387239) AND (k <= 3387339))
	  ->  Bitmap Index Scan on k_6  (cost=0.00..5.44 rows=101 width=0)
	        Index Cond: ((k >= 3387239) AND (k <= 3387339))

table 7 : explain SELECT k, c FROM sbtest7 WHERE k BETWEEN 3387239 AND 3387339
	Bitmap Heap Scan on sbtest7  (cost=5.50..417.57 rows=104 width=125)
	  Recheck Cond: ((k >= 3387239) AND (k <= 3387339))
	  ->  Bitmap Index Scan on k_7  (cost=0.00..5.47 rows=104 width=0)
	        Index Cond: ((k >= 3387239) AND (k <= 3387339))

table 8 : explain SELECT k, c FROM sbtest8 WHERE k BETWEEN 3387239 AND 3387339
	Bitmap Heap Scan on sbtest8  (cost=5.53..429.40 rows=107 width=125)
	  Recheck Cond: ((k >= 3387239) AND (k <= 3387339))
	  ->  Bitmap Index Scan on k_8  (cost=0.00..5.50 rows=107 width=0)
	        Index Cond: ((k >= 3387239) AND (k <= 3387339))

explain: for range-notcovered :: explain SELECT k, c FROM sbtest%d WHERE k BETWEEN 7061135 AND 7061235
for range-notcovered
table 1 : explain SELECT k, c FROM sbtest1 WHERE k BETWEEN 3381726 AND 3381826
	Bitmap Heap Scan on sbtest1  (cost=5.40..377.88 rows=94 width=125)
	  Recheck Cond: ((k >= 3381726) AND (k <= 3381826))
	  ->  Bitmap Index Scan on k_1  (cost=0.00..5.38 rows=94 width=0)
	        Index Cond: ((k >= 3381726) AND (k <= 3381826))

table 2 : explain SELECT k, c FROM sbtest2 WHERE k BETWEEN 3381726 AND 3381826
	Bitmap Heap Scan on sbtest2  (cost=5.57..445.07 rows=111 width=125)
	  Recheck Cond: ((k >= 3381726) AND (k <= 3381826))
	  ->  Bitmap Index Scan on k_2  (cost=0.00..5.54 rows=111 width=0)
	        Index Cond: ((k >= 3381726) AND (k <= 3381826))

table 3 : explain SELECT k, c FROM sbtest3 WHERE k BETWEEN 3381726 AND 3381826
	Bitmap Heap Scan on sbtest3  (cost=5.50..417.44 rows=104 width=125)
	  Recheck Cond: ((k >= 3381726) AND (k <= 3381826))
	  ->  Bitmap Index Scan on k_3  (cost=0.00..5.47 rows=104 width=0)
	        Index Cond: ((k >= 3381726) AND (k <= 3381826))

table 4 : explain SELECT k, c FROM sbtest4 WHERE k BETWEEN 3381726 AND 3381826
	Bitmap Heap Scan on sbtest4  (cost=5.54..433.33 rows=108 width=125)
	  Recheck Cond: ((k >= 3381726) AND (k <= 3381826))
	  ->  Bitmap Index Scan on k_4  (cost=0.00..5.51 rows=108 width=0)
	        Index Cond: ((k >= 3381726) AND (k <= 3381826))

table 5 : explain SELECT k, c FROM sbtest5 WHERE k BETWEEN 3381726 AND 3381826
	Bitmap Heap Scan on sbtest5  (cost=5.50..417.55 rows=104 width=125)
	  Recheck Cond: ((k >= 3381726) AND (k <= 3381826))
	  ->  Bitmap Index Scan on k_5  (cost=0.00..5.47 rows=104 width=0)
	        Index Cond: ((k >= 3381726) AND (k <= 3381826))

table 6 : explain SELECT k, c FROM sbtest6 WHERE k BETWEEN 3381726 AND 3381826
	Bitmap Heap Scan on sbtest6  (cost=5.47..405.72 rows=101 width=125)
	  Recheck Cond: ((k >= 3381726) AND (k <= 3381826))
	  ->  Bitmap Index Scan on k_6  (cost=0.00..5.44 rows=101 width=0)
	        Index Cond: ((k >= 3381726) AND (k <= 3381826))

table 7 : explain SELECT k, c FROM sbtest7 WHERE k BETWEEN 3381726 AND 3381826
	Bitmap Heap Scan on sbtest7  (cost=5.50..417.57 rows=104 width=125)
	  Recheck Cond: ((k >= 3381726) AND (k <= 3381826))
	  ->  Bitmap Index Scan on k_7  (cost=0.00..5.47 rows=104 width=0)
	        Index Cond: ((k >= 3381726) AND (k <= 3381826))

table 8 : explain SELECT k, c FROM sbtest8 WHERE k BETWEEN 3381726 AND 3381826
	Bitmap Heap Scan on sbtest8  (cost=5.53..429.40 rows=107 width=125)
	  Recheck Cond: ((k >= 3381726) AND (k <= 3381826))
	  ->  Bitmap Index Scan on k_8  (cost=0.00..5.50 rows=107 width=0)
	        Index Cond: ((k >= 3381726) AND (k <= 3381826))

for range-notcovered
table 1 : explain SELECT k, c FROM sbtest1 WHERE k BETWEEN 1664440 AND 1664540
	Bitmap Heap Scan on sbtest1  (cost=5.38..369.99 rows=92 width=125)
	  Recheck Cond: ((k >= 1664440) AND (k <= 1664540))
	  ->  Bitmap Index Scan on k_1  (cost=0.00..5.35 rows=92 width=0)
	        Index Cond: ((k >= 1664440) AND (k <= 1664540))

table 2 : explain SELECT k, c FROM sbtest2 WHERE k BETWEEN 1664440 AND 1664540
	Bitmap Heap Scan on sbtest2  (cost=5.43..389.85 rows=97 width=125)
	  Recheck Cond: ((k >= 1664440) AND (k <= 1664540))
	  ->  Bitmap Index Scan on k_2  (cost=0.00..5.40 rows=97 width=0)
	        Index Cond: ((k >= 1664440) AND (k <= 1664540))

table 3 : explain SELECT k, c FROM sbtest3 WHERE k BETWEEN 1664440 AND 1664540
	Bitmap Heap Scan on sbtest3  (cost=5.57..445.04 rows=111 width=125)
	  Recheck Cond: ((k >= 1664440) AND (k <= 1664540))
	  ->  Bitmap Index Scan on k_3  (cost=0.00..5.54 rows=111 width=0)
	        Index Cond: ((k >= 1664440) AND (k <= 1664540))

table 4 : explain SELECT k, c FROM sbtest4 WHERE k BETWEEN 1664440 AND 1664540
	Bitmap Heap Scan on sbtest4  (cost=5.45..397.82 rows=99 width=125)
	  Recheck Cond: ((k >= 1664440) AND (k <= 1664540))
	  ->  Bitmap Index Scan on k_4  (cost=0.00..5.42 rows=99 width=0)
	        Index Cond: ((k >= 1664440) AND (k <= 1664540))

table 5 : explain SELECT k, c FROM sbtest5 WHERE k BETWEEN 1664440 AND 1664540
	Bitmap Heap Scan on sbtest5  (cost=5.49..413.60 rows=103 width=125)
	  Recheck Cond: ((k >= 1664440) AND (k <= 1664540))
	  ->  Bitmap Index Scan on k_5  (cost=0.00..5.46 rows=103 width=0)
	        Index Cond: ((k >= 1664440) AND (k <= 1664540))

table 6 : explain SELECT k, c FROM sbtest6 WHERE k BETWEEN 1664440 AND 1664540
	Bitmap Heap Scan on sbtest6  (cost=5.49..413.62 rows=103 width=125)
	  Recheck Cond: ((k >= 1664440) AND (k <= 1664540))
	  ->  Bitmap Index Scan on k_6  (cost=0.00..5.46 rows=103 width=0)
	        Index Cond: ((k >= 1664440) AND (k <= 1664540))

table 7 : explain SELECT k, c FROM sbtest7 WHERE k BETWEEN 1664440 AND 1664540
	Bitmap Heap Scan on sbtest7  (cost=5.45..397.83 rows=99 width=125)
	  Recheck Cond: ((k >= 1664440) AND (k <= 1664540))
	  ->  Bitmap Index Scan on k_7  (cost=0.00..5.42 rows=99 width=0)
	        Index Cond: ((k >= 1664440) AND (k <= 1664540))

table 8 : explain SELECT k, c FROM sbtest8 WHERE k BETWEEN 1664440 AND 1664540
	Bitmap Heap Scan on sbtest8  (cost=5.46..401.78 rows=100 width=125)
	  Recheck Cond: ((k >= 1664440) AND (k <= 1664540))
	  ->  Bitmap Index Scan on k_8  (cost=0.00..5.43 rows=100 width=0)
	        Index Cond: ((k >= 1664440) AND (k <= 1664540))

for range-notcovered
table 1 : explain SELECT k, c FROM sbtest1 WHERE k BETWEEN 6004579 AND 6004679
	Bitmap Heap Scan on sbtest1  (cost=5.41..381.83 rows=95 width=125)
	  Recheck Cond: ((k >= 6004579) AND (k <= 6004679))
	  ->  Bitmap Index Scan on k_1  (cost=0.00..5.38 rows=95 width=0)
	        Index Cond: ((k >= 6004579) AND (k <= 6004679))

table 2 : explain SELECT k, c FROM sbtest2 WHERE k BETWEEN 6004579 AND 6004679
	Bitmap Heap Scan on sbtest2  (cost=5.55..437.19 rows=109 width=125)
	  Recheck Cond: ((k >= 6004579) AND (k <= 6004679))
	  ->  Bitmap Index Scan on k_2  (cost=0.00..5.52 rows=109 width=0)
	        Index Cond: ((k >= 6004579) AND (k <= 6004679))

table 3 : explain SELECT k, c FROM sbtest3 WHERE k BETWEEN 6004579 AND 6004679
	Bitmap Heap Scan on sbtest3  (cost=5.54..433.21 rows=108 width=125)
	  Recheck Cond: ((k >= 6004579) AND (k <= 6004679))
	  ->  Bitmap Index Scan on k_3  (cost=0.00..5.51 rows=108 width=0)
	        Index Cond: ((k >= 6004579) AND (k <= 6004679))

table 4 : explain SELECT k, c FROM sbtest4 WHERE k BETWEEN 6004579 AND 6004679
	Bitmap Heap Scan on sbtest4  (cost=5.50..417.55 rows=104 width=125)
	  Recheck Cond: ((k >= 6004579) AND (k <= 6004679))
	  ->  Bitmap Index Scan on k_4  (cost=0.00..5.47 rows=104 width=0)
	        Index Cond: ((k >= 6004579) AND (k <= 6004679))

table 5 : explain SELECT k, c FROM sbtest5 WHERE k BETWEEN 6004579 AND 6004679
	Bitmap Heap Scan on sbtest5  (cost=5.57..445.16 rows=111 width=125)
	  Recheck Cond: ((k >= 6004579) AND (k <= 6004679))
	  ->  Bitmap Index Scan on k_5  (cost=0.00..5.54 rows=111 width=0)
	        Index Cond: ((k >= 6004579) AND (k <= 6004679))

table 6 : explain SELECT k, c FROM sbtest6 WHERE k BETWEEN 6004579 AND 6004679
	Bitmap Heap Scan on sbtest6  (cost=5.49..413.62 rows=103 width=125)
	  Recheck Cond: ((k >= 6004579) AND (k <= 6004679))
	  ->  Bitmap Index Scan on k_6  (cost=0.00..5.46 rows=103 width=0)
	        Index Cond: ((k >= 6004579) AND (k <= 6004679))

table 7 : explain SELECT k, c FROM sbtest7 WHERE k BETWEEN 6004579 AND 6004679
	Bitmap Heap Scan on sbtest7  (cost=5.52..425.46 rows=106 width=125)
	  Recheck Cond: ((k >= 6004579) AND (k <= 6004679))
	  ->  Bitmap Index Scan on k_7  (cost=0.00..5.50 rows=106 width=0)
	        Index Cond: ((k >= 6004579) AND (k <= 6004679))

table 8 : explain SELECT k, c FROM sbtest8 WHERE k BETWEEN 6004579 AND 6004679
	Bitmap Heap Scan on sbtest8  (cost=5.45..397.83 rows=99 width=125)
	  Recheck Cond: ((k >= 6004579) AND (k <= 6004679))
	  ->  Bitmap Index Scan on k_8  (cost=0.00..5.42 rows=99 width=0)
	        Index Cond: ((k >= 6004579) AND (k <= 6004679))

explain: for range-notcovered :: explain SELECT k, c FROM sbtest%d WHERE k BETWEEN 3381726 AND 3381826
explain: for range-notcovered :: explain SELECT k, c FROM sbtest%d WHERE k BETWEEN 1664440 AND 1664540
explain: for range-notcovered :: explain SELECT k, c FROM sbtest%d WHERE k BETWEEN 6004579 AND 6004679
for range-notcovered
table 1 : explain SELECT k, c FROM sbtest1 WHERE k BETWEEN 3918058 AND 3918158
	Bitmap Heap Scan on sbtest1  (cost=5.43..389.72 rows=97 width=125)
	  Recheck Cond: ((k >= 3918058) AND (k <= 3918158))
	  ->  Bitmap Index Scan on k_1  (cost=0.00..5.40 rows=97 width=0)
	        Index Cond: ((k >= 3918058) AND (k <= 3918158))

table 2 : explain SELECT k, c FROM sbtest2 WHERE k BETWEEN 3918058 AND 3918158
	Bitmap Heap Scan on sbtest2  (cost=5.43..389.85 rows=97 width=125)
	  Recheck Cond: ((k >= 3918058) AND (k <= 3918158))
	  ->  Bitmap Index Scan on k_2  (cost=0.00..5.40 rows=97 width=0)
	        Index Cond: ((k >= 3918058) AND (k <= 3918158))

table 3 : explain SELECT k, c FROM sbtest3 WHERE k BETWEEN 3918058 AND 3918158
	Bitmap Heap Scan on sbtest3  (cost=5.58..448.98 rows=112 width=125)
	  Recheck Cond: ((k >= 3918058) AND (k <= 3918158))
	  ->  Bitmap Index Scan on k_3  (cost=0.00..5.55 rows=112 width=0)
	        Index Cond: ((k >= 3918058) AND (k <= 3918158))

table 4 : explain SELECT k, c FROM sbtest4 WHERE k BETWEEN 3918058 AND 3918158
	Bitmap Heap Scan on sbtest4  (cost=5.53..429.39 rows=107 width=125)
	  Recheck Cond: ((k >= 3918058) AND (k <= 3918158))
	  ->  Bitmap Index Scan on k_4  (cost=0.00..5.50 rows=107 width=0)
	        Index Cond: ((k >= 3918058) AND (k <= 3918158))

table 5 : explain SELECT k, c FROM sbtest5 WHERE k BETWEEN 3918058 AND 3918158
	Bitmap Heap Scan on sbtest5  (cost=5.51..421.49 rows=105 width=125)
	  Recheck Cond: ((k >= 3918058) AND (k <= 3918158))
	  ->  Bitmap Index Scan on k_5  (cost=0.00..5.48 rows=105 width=0)
	        Index Cond: ((k >= 3918058) AND (k <= 3918158))

table 6 : explain SELECT k, c FROM sbtest6 WHERE k BETWEEN 3918058 AND 3918158
	Bitmap Heap Scan on sbtest6  (cost=5.42..385.98 rows=96 width=125)
	  Recheck Cond: ((k >= 3918058) AND (k <= 3918158))
	  ->  Bitmap Index Scan on k_6  (cost=0.00..5.39 rows=96 width=0)
	        Index Cond: ((k >= 3918058) AND (k <= 3918158))

table 7 : explain SELECT k, c FROM sbtest7 WHERE k BETWEEN 3918058 AND 3918158
	Bitmap Heap Scan on sbtest7  (cost=5.37..366.24 rows=91 width=125)
	  Recheck Cond: ((k >= 3918058) AND (k <= 3918158))
	  ->  Bitmap Index Scan on k_7  (cost=0.00..5.34 rows=91 width=0)
	        Index Cond: ((k >= 3918058) AND (k <= 3918158))

table 8 : explain SELECT k, c FROM sbtest8 WHERE k BETWEEN 3918058 AND 3918158
	Bitmap Heap Scan on sbtest8  (cost=5.42..385.99 rows=96 width=125)
	  Recheck Cond: ((k >= 3918058) AND (k <= 3918158))
	  ->  Bitmap Index Scan on k_8  (cost=0.00..5.39 rows=96 width=0)
	        Index Cond: ((k >= 3918058) AND (k <= 3918158))

explain: for range-notcovered :: explain SELECT k, c FROM sbtest%d WHERE k BETWEEN 3918058 AND 3918158
for range-notcovered
table 1 : explain SELECT k, c FROM sbtest1 WHERE k BETWEEN 4086767 AND 4086867
	Bitmap Heap Scan on sbtest1  (cost=5.36..362.09 rows=90 width=125)
	  Recheck Cond: ((k >= 4086767) AND (k <= 4086867))
	  ->  Bitmap Index Scan on k_1  (cost=0.00..5.33 rows=90 width=0)
	        Index Cond: ((k >= 4086767) AND (k <= 4086867))

table 2 : explain SELECT k, c FROM sbtest2 WHERE k BETWEEN 4086767 AND 4086867
	Bitmap Heap Scan on sbtest2  (cost=5.43..389.85 rows=97 width=125)
	  Recheck Cond: ((k >= 4086767) AND (k <= 4086867))
	  ->  Bitmap Index Scan on k_2  (cost=0.00..5.40 rows=97 width=0)
	        Index Cond: ((k >= 4086767) AND (k <= 4086867))

table 3 : explain SELECT k, c FROM sbtest3 WHERE k BETWEEN 4086767 AND 4086867
	Bitmap Heap Scan on sbtest3  (cost=5.42..385.87 rows=96 width=125)
	  Recheck Cond: ((k >= 4086767) AND (k <= 4086867))
	  ->  Bitmap Index Scan on k_3  (cost=0.00..5.39 rows=96 width=0)
	        Index Cond: ((k >= 4086767) AND (k <= 4086867))

table 4 : explain SELECT k, c FROM sbtest4 WHERE k BETWEEN 4086767 AND 4086867
	Bitmap Heap Scan on sbtest4  (cost=5.42..385.97 rows=96 width=125)
	  Recheck Cond: ((k >= 4086767) AND (k <= 4086867))
	  ->  Bitmap Index Scan on k_4  (cost=0.00..5.39 rows=96 width=0)
	        Index Cond: ((k >= 4086767) AND (k <= 4086867))

table 5 : explain SELECT k, c FROM sbtest5 WHERE k BETWEEN 4086767 AND 4086867
	Bitmap Heap Scan on sbtest5  (cost=5.40..378.07 rows=94 width=125)
	  Recheck Cond: ((k >= 4086767) AND (k <= 4086867))
	  ->  Bitmap Index Scan on k_5  (cost=0.00..5.38 rows=94 width=0)
	        Index Cond: ((k >= 4086767) AND (k <= 4086867))

table 6 : explain SELECT k, c FROM sbtest6 WHERE k BETWEEN 4086767 AND 4086867
	Bitmap Heap Scan on sbtest6  (cost=5.49..413.62 rows=103 width=125)
	  Recheck Cond: ((k >= 4086767) AND (k <= 4086867))
	  ->  Bitmap Index Scan on k_6  (cost=0.00..5.46 rows=103 width=0)
	        Index Cond: ((k >= 4086767) AND (k <= 4086867))

table 7 : explain SELECT k, c FROM sbtest7 WHERE k BETWEEN 4086767 AND 4086867
	Bitmap Heap Scan on sbtest7  (cost=5.46..401.78 rows=100 width=125)
	  Recheck Cond: ((k >= 4086767) AND (k <= 4086867))
	  ->  Bitmap Index Scan on k_7  (cost=0.00..5.43 rows=100 width=0)
	        Index Cond: ((k >= 4086767) AND (k <= 4086867))

table 8 : explain SELECT k, c FROM sbtest8 WHERE k BETWEEN 4086767 AND 4086867
	Bitmap Heap Scan on sbtest8  (cost=5.41..382.04 rows=95 width=125)
	  Recheck Cond: ((k >= 4086767) AND (k <= 4086867))
	  ->  Bitmap Index Scan on k_8  (cost=0.00..5.38 rows=95 width=0)
	        Index Cond: ((k >= 4086767) AND (k <= 4086867))

explain: for range-notcovered :: explain SELECT k, c FROM sbtest%d WHERE k BETWEEN 4086767 AND 4086867
for range-notcovered
table 1 : explain SELECT k, c FROM sbtest1 WHERE k BETWEEN 2010062 AND 2010162
	Bitmap Heap Scan on sbtest1  (cost=5.46..401.56 rows=100 width=125)
	  Recheck Cond: ((k >= 2010062) AND (k <= 2010162))
	  ->  Bitmap Index Scan on k_1  (cost=0.00..5.43 rows=100 width=0)
	        Index Cond: ((k >= 2010062) AND (k <= 2010162))

table 2 : explain SELECT k, c FROM sbtest2 WHERE k BETWEEN 2010062 AND 2010162
	Bitmap Heap Scan on sbtest2  (cost=5.53..429.30 rows=107 width=125)
	  Recheck Cond: ((k >= 2010062) AND (k <= 2010162))
	  ->  Bitmap Index Scan on k_2  (cost=0.00..5.50 rows=107 width=0)
	        Index Cond: ((k >= 2010062) AND (k <= 2010162))

table 3 : explain SELECT k, c FROM sbtest3 WHERE k BETWEEN 2010062 AND 2010162
	Bitmap Heap Scan on sbtest3  (cost=5.40..377.98 rows=94 width=125)
	  Recheck Cond: ((k >= 2010062) AND (k <= 2010162))
	  ->  Bitmap Index Scan on k_3  (cost=0.00..5.38 rows=94 width=0)
	        Index Cond: ((k >= 2010062) AND (k <= 2010162))

table 4 : explain SELECT k, c FROM sbtest4 WHERE k BETWEEN 2010062 AND 2010162
	Bitmap Heap Scan on sbtest4  (cost=5.48..409.66 rows=102 width=125)
	  Recheck Cond: ((k >= 2010062) AND (k <= 2010162))
	  ->  Bitmap Index Scan on k_4  (cost=0.00..5.45 rows=102 width=0)
	        Index Cond: ((k >= 2010062) AND (k <= 2010162))

table 5 : explain SELECT k, c FROM sbtest5 WHERE k BETWEEN 2010062 AND 2010162
	Bitmap Heap Scan on sbtest5  (cost=5.63..468.81 rows=117 width=125)
	  Recheck Cond: ((k >= 2010062) AND (k <= 2010162))
	  ->  Bitmap Index Scan on k_5  (cost=0.00..5.60 rows=117 width=0)
	        Index Cond: ((k >= 2010062) AND (k <= 2010162))

table 6 : explain SELECT k, c FROM sbtest6 WHERE k BETWEEN 2010062 AND 2010162
	Bitmap Heap Scan on sbtest6  (cost=5.50..417.56 rows=104 width=125)
	  Recheck Cond: ((k >= 2010062) AND (k <= 2010162))
	  ->  Bitmap Index Scan on k_6  (cost=0.00..5.47 rows=104 width=0)
	        Index Cond: ((k >= 2010062) AND (k <= 2010162))

table 7 : explain SELECT k, c FROM sbtest7 WHERE k BETWEEN 2010062 AND 2010162
	Bitmap Heap Scan on sbtest7  (cost=5.44..393.89 rows=98 width=125)
	  Recheck Cond: ((k >= 2010062) AND (k <= 2010162))
	  ->  Bitmap Index Scan on k_7  (cost=0.00..5.42 rows=98 width=0)
	        Index Cond: ((k >= 2010062) AND (k <= 2010162))

table 8 : explain SELECT k, c FROM sbtest8 WHERE k BETWEEN 2010062 AND 2010162
	Bitmap Heap Scan on sbtest8  (cost=5.57..445.18 rows=111 width=125)
	  Recheck Cond: ((k >= 2010062) AND (k <= 2010162))
	  ->  Bitmap Index Scan on k_8  (cost=0.00..5.54 rows=111 width=0)
	        Index Cond: ((k >= 2010062) AND (k <= 2010162))

explain: for range-notcovered :: explain SELECT k, c FROM sbtest%d WHERE k BETWEEN 2010062 AND 2010162
for range-notcovered
table 1 : explain SELECT k, c FROM sbtest1 WHERE k BETWEEN 7666786 AND 7666886
	Bitmap Heap Scan on sbtest1  (cost=5.48..409.44 rows=102 width=125)
	  Recheck Cond: ((k >= 7666786) AND (k <= 7666886))
	  ->  Bitmap Index Scan on k_1  (cost=0.00..5.45 rows=102 width=0)
	        Index Cond: ((k >= 7666786) AND (k <= 7666886))

table 2 : explain SELECT k, c FROM sbtest2 WHERE k BETWEEN 7666786 AND 7666886
	Bitmap Heap Scan on sbtest2  (cost=5.43..389.85 rows=97 width=125)
	  Recheck Cond: ((k >= 7666786) AND (k <= 7666886))
	  ->  Bitmap Index Scan on k_2  (cost=0.00..5.40 rows=97 width=0)
	        Index Cond: ((k >= 7666786) AND (k <= 7666886))

table 3 : explain SELECT k, c FROM sbtest3 WHERE k BETWEEN 7666786 AND 7666886
	Bitmap Heap Scan on sbtest3  (cost=5.46..401.66 rows=100 width=125)
	  Recheck Cond: ((k >= 7666786) AND (k <= 7666886))
	  ->  Bitmap Index Scan on k_3  (cost=0.00..5.43 rows=100 width=0)
	        Index Cond: ((k >= 7666786) AND (k <= 7666886))

table 4 : explain SELECT k, c FROM sbtest4 WHERE k BETWEEN 7666786 AND 7666886
	Bitmap Heap Scan on sbtest4  (cost=5.48..409.66 rows=102 width=125)
	  Recheck Cond: ((k >= 7666786) AND (k <= 7666886))
	  ->  Bitmap Index Scan on k_4  (cost=0.00..5.45 rows=102 width=0)
	        Index Cond: ((k >= 7666786) AND (k <= 7666886))

table 5 : explain SELECT k, c FROM sbtest5 WHERE k BETWEEN 7666786 AND 7666886
	Bitmap Heap Scan on sbtest5  (cost=5.56..441.22 rows=110 width=125)
	  Recheck Cond: ((k >= 7666786) AND (k <= 7666886))
	  ->  Bitmap Index Scan on k_5  (cost=0.00..5.53 rows=110 width=0)
	        Index Cond: ((k >= 7666786) AND (k <= 7666886))

table 6 : explain SELECT k, c FROM sbtest6 WHERE k BETWEEN 7666786 AND 7666886
	Bitmap Heap Scan on sbtest6  (cost=5.47..405.72 rows=101 width=125)
	  Recheck Cond: ((k >= 7666786) AND (k <= 7666886))
	  ->  Bitmap Index Scan on k_6  (cost=0.00..5.44 rows=101 width=0)
	        Index Cond: ((k >= 7666786) AND (k <= 7666886))

table 7 : explain SELECT k, c FROM sbtest7 WHERE k BETWEEN 7666786 AND 7666886
	Bitmap Heap Scan on sbtest7  (cost=5.47..405.73 rows=101 width=125)
	  Recheck Cond: ((k >= 7666786) AND (k <= 7666886))
	  ->  Bitmap Index Scan on k_7  (cost=0.00..5.44 rows=101 width=0)
	        Index Cond: ((k >= 7666786) AND (k <= 7666886))

table 8 : explain SELECT k, c FROM sbtest8 WHERE k BETWEEN 7666786 AND 7666886
	Bitmap Heap Scan on sbtest8  (cost=5.47..405.73 rows=101 width=125)
	  Recheck Cond: ((k >= 7666786) AND (k <= 7666886))
	  ->  Bitmap Index Scan on k_8  (cost=0.00..5.44 rows=101 width=0)
	        Index Cond: ((k >= 7666786) AND (k <= 7666886))

for range-notcovered
table 1 : explain SELECT k, c FROM sbtest1 WHERE k BETWEEN 6433348 AND 6433448
	Bitmap Heap Scan on sbtest1  (cost=5.56..440.98 rows=110 width=125)
	  Recheck Cond: ((k >= 6433348) AND (k <= 6433448))
	  ->  Bitmap Index Scan on k_1  (cost=0.00..5.53 rows=110 width=0)
	        Index Cond: ((k >= 6433348) AND (k <= 6433448))

table 2 : explain SELECT k, c FROM sbtest2 WHERE k BETWEEN 6433348 AND 6433448
	Bitmap Heap Scan on sbtest2  (cost=5.39..374.05 rows=93 width=125)
	  Recheck Cond: ((k >= 6433348) AND (k <= 6433448))
	  ->  Bitmap Index Scan on k_2  (cost=0.00..5.36 rows=93 width=0)
	        Index Cond: ((k >= 6433348) AND (k <= 6433448))

table 3 : explain SELECT k, c FROM sbtest3 WHERE k BETWEEN 6433348 AND 6433448
	Bitmap Heap Scan on sbtest3  (cost=5.48..409.55 rows=102 width=125)
	  Recheck Cond: ((k >= 6433348) AND (k <= 6433448))
	  ->  Bitmap Index Scan on k_3  (cost=0.00..5.45 rows=102 width=0)
	        Index Cond: ((k >= 6433348) AND (k <= 6433448))

table 4 : explain SELECT k, c FROM sbtest4 WHERE k BETWEEN 6433348 AND 6433448
	Bitmap Heap Scan on sbtest4  (cost=5.44..393.87 rows=98 width=125)
	  Recheck Cond: ((k >= 6433348) AND (k <= 6433448))
	  ->  Bitmap Index Scan on k_4  (cost=0.00..5.42 rows=98 width=0)
	        Index Cond: ((k >= 6433348) AND (k <= 6433448))

table 5 : explain SELECT k, c FROM sbtest5 WHERE k BETWEEN 6433348 AND 6433448
	Bitmap Heap Scan on sbtest5  (cost=5.39..374.12 rows=93 width=125)
	  Recheck Cond: ((k >= 6433348) AND (k <= 6433448))
	  ->  Bitmap Index Scan on k_5  (cost=0.00..5.36 rows=93 width=0)
	        Index Cond: ((k >= 6433348) AND (k <= 6433448))

table 6 : explain SELECT k, c FROM sbtest6 WHERE k BETWEEN 6433348 AND 6433448
	Bitmap Heap Scan on sbtest6  (cost=5.50..417.56 rows=104 width=125)
	  Recheck Cond: ((k >= 6433348) AND (k <= 6433448))
	  ->  Bitmap Index Scan on k_6  (cost=0.00..5.47 rows=104 width=0)
	        Index Cond: ((k >= 6433348) AND (k <= 6433448))

table 7 : explain SELECT k, c FROM sbtest7 WHERE k BETWEEN 6433348 AND 6433448
	Bitmap Heap Scan on sbtest7  (cost=5.46..401.78 rows=100 width=125)
	  Recheck Cond: ((k >= 6433348) AND (k <= 6433448))
	  ->  Bitmap Index Scan on k_7  (cost=0.00..5.43 rows=100 width=0)
	        Index Cond: ((k >= 6433348) AND (k <= 6433448))

table 8 : explain SELECT k, c FROM sbtest8 WHERE k BETWEEN 6433348 AND 6433448
	Bitmap Heap Scan on sbtest8  (cost=5.48..409.67 rows=102 width=125)
	  Recheck Cond: ((k >= 6433348) AND (k <= 6433448))
	  ->  Bitmap Index Scan on k_8  (cost=0.00..5.45 rows=102 width=0)
	        Index Cond: ((k >= 6433348) AND (k <= 6433448))

explain: for range-notcovered :: explain SELECT k, c FROM sbtest%d WHERE k BETWEEN 6433348 AND 6433448
for range-notcovered
table 1 : explain SELECT k, c FROM sbtest1 WHERE k BETWEEN 7061135 AND 7061235
	Bitmap Heap Scan on sbtest1  (cost=5.46..401.56 rows=100 width=125)
	  Recheck Cond: ((k >= 7061135) AND (k <= 7061235))
	  ->  Bitmap Index Scan on k_1  (cost=0.00..5.43 rows=100 width=0)
	        Index Cond: ((k >= 7061135) AND (k <= 7061235))

table 2 : explain SELECT k, c FROM sbtest2 WHERE k BETWEEN 7061135 AND 7061235
	Bitmap Heap Scan on sbtest2  (cost=5.59..452.95 rows=113 width=125)
	  Recheck Cond: ((k >= 7061135) AND (k <= 7061235))
	  ->  Bitmap Index Scan on k_2  (cost=0.00..5.56 rows=113 width=0)
	        Index Cond: ((k >= 7061135) AND (k <= 7061235))

table 3 : explain SELECT k, c FROM sbtest3 WHERE k BETWEEN 7061135 AND 7061235
	Bitmap Heap Scan on sbtest3  (cost=5.51..421.38 rows=105 width=125)
	  Recheck Cond: ((k >= 7061135) AND (k <= 7061235))
	  ->  Bitmap Index Scan on k_3  (cost=0.00..5.48 rows=105 width=0)
	        Index Cond: ((k >= 7061135) AND (k <= 7061235))

table 4 : explain SELECT k, c FROM sbtest4 WHERE k BETWEEN 7061135 AND 7061235
	Bitmap Heap Scan on sbtest4  (cost=5.39..374.13 rows=93 width=125)
	  Recheck Cond: ((k >= 7061135) AND (k <= 7061235))
	  ->  Bitmap Index Scan on k_4  (cost=0.00..5.36 rows=93 width=0)
	        Index Cond: ((k >= 7061135) AND (k <= 7061235))

table 5 : explain SELECT k, c FROM sbtest5 WHERE k BETWEEN 7061135 AND 7061235
	Bitmap Heap Scan on sbtest5  (cost=5.48..409.66 rows=102 width=125)
	  Recheck Cond: ((k >= 7061135) AND (k <= 7061235))
	  ->  Bitmap Index Scan on k_5  (cost=0.00..5.45 rows=102 width=0)
	        Index Cond: ((k >= 7061135) AND (k <= 7061235))

table 6 : explain SELECT k, c FROM sbtest6 WHERE k BETWEEN 7061135 AND 7061235
	Bitmap Heap Scan on sbtest6  (cost=5.39..374.13 rows=93 width=125)
	  Recheck Cond: ((k >= 7061135) AND (k <= 7061235))
	  ->  Bitmap Index Scan on k_6  (cost=0.00..5.36 rows=93 width=0)
	        Index Cond: ((k >= 7061135) AND (k <= 7061235))

table 7 : explain SELECT k, c FROM sbtest7 WHERE k BETWEEN 7061135 AND 7061235
	Bitmap Heap Scan on sbtest7  (cost=5.47..405.73 rows=101 width=125)
	  Recheck Cond: ((k >= 7061135) AND (k <= 7061235))
	  ->  Bitmap Index Scan on k_7  (cost=0.00..5.44 rows=101 width=0)
	        Index Cond: ((k >= 7061135) AND (k <= 7061235))

table 8 : explain SELECT k, c FROM sbtest8 WHERE k BETWEEN 7061135 AND 7061235
	Bitmap Heap Scan on sbtest8  (cost=5.43..389.94 rows=97 width=125)
	  Recheck Cond: ((k >= 7061135) AND (k <= 7061235))
	  ->  Bitmap Index Scan on k_8  (cost=0.00..5.40 rows=97 width=0)
	        Index Cond: ((k >= 7061135) AND (k <= 7061235))

for range-notcovered
table 1 : explain SELECT k, c FROM sbtest1 WHERE k BETWEEN 3381726 AND 3381826
	Bitmap Heap Scan on sbtest1  (cost=5.40..377.88 rows=94 width=125)
	  Recheck Cond: ((k >= 3381726) AND (k <= 3381826))
	  ->  Bitmap Index Scan on k_1  (cost=0.00..5.38 rows=94 width=0)
	        Index Cond: ((k >= 3381726) AND (k <= 3381826))

table 2 : explain SELECT k, c FROM sbtest2 WHERE k BETWEEN 3381726 AND 3381826
	Bitmap Heap Scan on sbtest2  (cost=5.57..445.07 rows=111 width=125)
	  Recheck Cond: ((k >= 3381726) AND (k <= 3381826))
	  ->  Bitmap Index Scan on k_2  (cost=0.00..5.54 rows=111 width=0)
	        Index Cond: ((k >= 3381726) AND (k <= 3381826))

table 3 : explain SELECT k, c FROM sbtest3 WHERE k BETWEEN 3381726 AND 3381826
	Bitmap Heap Scan on sbtest3  (cost=5.50..417.44 rows=104 width=125)
	  Recheck Cond: ((k >= 3381726) AND (k <= 3381826))
	  ->  Bitmap Index Scan on k_3  (cost=0.00..5.47 rows=104 width=0)
	        Index Cond: ((k >= 3381726) AND (k <= 3381826))

table 4 : explain SELECT k, c FROM sbtest4 WHERE k BETWEEN 3381726 AND 3381826
	Bitmap Heap Scan on sbtest4  (cost=5.54..433.33 rows=108 width=125)
	  Recheck Cond: ((k >= 3381726) AND (k <= 3381826))
	  ->  Bitmap Index Scan on k_4  (cost=0.00..5.51 rows=108 width=0)
	        Index Cond: ((k >= 3381726) AND (k <= 3381826))

table 5 : explain SELECT k, c FROM sbtest5 WHERE k BETWEEN 3381726 AND 3381826
	Bitmap Heap Scan on sbtest5  (cost=5.50..417.55 rows=104 width=125)
	  Recheck Cond: ((k >= 3381726) AND (k <= 3381826))
	  ->  Bitmap Index Scan on k_5  (cost=0.00..5.47 rows=104 width=0)
	        Index Cond: ((k >= 3381726) AND (k <= 3381826))

table 6 : explain SELECT k, c FROM sbtest6 WHERE k BETWEEN 3381726 AND 3381826
	Bitmap Heap Scan on sbtest6  (cost=5.47..405.72 rows=101 width=125)
	  Recheck Cond: ((k >= 3381726) AND (k <= 3381826))
	  ->  Bitmap Index Scan on k_6  (cost=0.00..5.44 rows=101 width=0)
	        Index Cond: ((k >= 3381726) AND (k <= 3381826))

table 7 : explain SELECT k, c FROM sbtest7 WHERE k BETWEEN 3381726 AND 3381826
	Bitmap Heap Scan on sbtest7  (cost=5.50..417.57 rows=104 width=125)
	  Recheck Cond: ((k >= 3381726) AND (k <= 3381826))
	  ->  Bitmap Index Scan on k_7  (cost=0.00..5.47 rows=104 width=0)
	        Index Cond: ((k >= 3381726) AND (k <= 3381826))

table 8 : explain SELECT k, c FROM sbtest8 WHERE k BETWEEN 3381726 AND 3381826
	Bitmap Heap Scan on sbtest8  (cost=5.53..429.40 rows=107 width=125)
	  Recheck Cond: ((k >= 3381726) AND (k <= 3381826))
	  ->  Bitmap Index Scan on k_8  (cost=0.00..5.50 rows=107 width=0)
	        Index Cond: ((k >= 3381726) AND (k <= 3381826))

for range-notcovered
table 1 : explain SELECT k, c FROM sbtest1 WHERE k BETWEEN 1664440 AND 1664540
	Bitmap Heap Scan on sbtest1  (cost=5.38..369.99 rows=92 width=125)
	  Recheck Cond: ((k >= 1664440) AND (k <= 1664540))
	  ->  Bitmap Index Scan on k_1  (cost=0.00..5.35 rows=92 width=0)
	        Index Cond: ((k >= 1664440) AND (k <= 1664540))

table 2 : explain SELECT k, c FROM sbtest2 WHERE k BETWEEN 1664440 AND 1664540
	Bitmap Heap Scan on sbtest2  (cost=5.43..389.85 rows=97 width=125)
	  Recheck Cond: ((k >= 1664440) AND (k <= 1664540))
	  ->  Bitmap Index Scan on k_2  (cost=0.00..5.40 rows=97 width=0)
	        Index Cond: ((k >= 1664440) AND (k <= 1664540))

table 3 : explain SELECT k, c FROM sbtest3 WHERE k BETWEEN 1664440 AND 1664540
	Bitmap Heap Scan on sbtest3  (cost=5.57..445.04 rows=111 width=125)
	  Recheck Cond: ((k >= 1664440) AND (k <= 1664540))
	  ->  Bitmap Index Scan on k_3  (cost=0.00..5.54 rows=111 width=0)
	        Index Cond: ((k >= 1664440) AND (k <= 1664540))

table 4 : explain SELECT k, c FROM sbtest4 WHERE k BETWEEN 1664440 AND 1664540
	Bitmap Heap Scan on sbtest4  (cost=5.45..397.82 rows=99 width=125)
	  Recheck Cond: ((k >= 1664440) AND (k <= 1664540))
	  ->  Bitmap Index Scan on k_4  (cost=0.00..5.42 rows=99 width=0)
	        Index Cond: ((k >= 1664440) AND (k <= 1664540))

table 5 : explain SELECT k, c FROM sbtest5 WHERE k BETWEEN 1664440 AND 1664540
	Bitmap Heap Scan on sbtest5  (cost=5.49..413.60 rows=103 width=125)
	  Recheck Cond: ((k >= 1664440) AND (k <= 1664540))
	  ->  Bitmap Index Scan on k_5  (cost=0.00..5.46 rows=103 width=0)
	        Index Cond: ((k >= 1664440) AND (k <= 1664540))

table 6 : explain SELECT k, c FROM sbtest6 WHERE k BETWEEN 1664440 AND 1664540
	Bitmap Heap Scan on sbtest6  (cost=5.49..413.62 rows=103 width=125)
	  Recheck Cond: ((k >= 1664440) AND (k <= 1664540))
	  ->  Bitmap Index Scan on k_6  (cost=0.00..5.46 rows=103 width=0)
	        Index Cond: ((k >= 1664440) AND (k <= 1664540))

table 7 : explain SELECT k, c FROM sbtest7 WHERE k BETWEEN 1664440 AND 1664540
	Bitmap Heap Scan on sbtest7  (cost=5.45..397.83 rows=99 width=125)
	  Recheck Cond: ((k >= 1664440) AND (k <= 1664540))
	  ->  Bitmap Index Scan on k_7  (cost=0.00..5.42 rows=99 width=0)
	        Index Cond: ((k >= 1664440) AND (k <= 1664540))

table 8 : explain SELECT k, c FROM sbtest8 WHERE k BETWEEN 1664440 AND 1664540
	Bitmap Heap Scan on sbtest8  (cost=5.46..401.78 rows=100 width=125)
	  Recheck Cond: ((k >= 1664440) AND (k <= 1664540))
	  ->  Bitmap Index Scan on k_8  (cost=0.00..5.43 rows=100 width=0)
	        Index Cond: ((k >= 1664440) AND (k <= 1664540))

for range-notcovered
table 1 : explain SELECT k, c FROM sbtest1 WHERE k BETWEEN 6004579 AND 6004679
	Bitmap Heap Scan on sbtest1  (cost=5.41..381.83 rows=95 width=125)
	  Recheck Cond: ((k >= 6004579) AND (k <= 6004679))
	  ->  Bitmap Index Scan on k_1  (cost=0.00..5.38 rows=95 width=0)
	        Index Cond: ((k >= 6004579) AND (k <= 6004679))

table 2 : explain SELECT k, c FROM sbtest2 WHERE k BETWEEN 6004579 AND 6004679
	Bitmap Heap Scan on sbtest2  (cost=5.55..437.19 rows=109 width=125)
	  Recheck Cond: ((k >= 6004579) AND (k <= 6004679))
	  ->  Bitmap Index Scan on k_2  (cost=0.00..5.52 rows=109 width=0)
	        Index Cond: ((k >= 6004579) AND (k <= 6004679))

table 3 : explain SELECT k, c FROM sbtest3 WHERE k BETWEEN 6004579 AND 6004679
	Bitmap Heap Scan on sbtest3  (cost=5.54..433.21 rows=108 width=125)
	  Recheck Cond: ((k >= 6004579) AND (k <= 6004679))
	  ->  Bitmap Index Scan on k_3  (cost=0.00..5.51 rows=108 width=0)
	        Index Cond: ((k >= 6004579) AND (k <= 6004679))

table 4 : explain SELECT k, c FROM sbtest4 WHERE k BETWEEN 6004579 AND 6004679
	Bitmap Heap Scan on sbtest4  (cost=5.50..417.55 rows=104 width=125)
	  Recheck Cond: ((k >= 6004579) AND (k <= 6004679))
	  ->  Bitmap Index Scan on k_4  (cost=0.00..5.47 rows=104 width=0)
	        Index Cond: ((k >= 6004579) AND (k <= 6004679))

table 5 : explain SELECT k, c FROM sbtest5 WHERE k BETWEEN 6004579 AND 6004679
	Bitmap Heap Scan on sbtest5  (cost=5.57..445.16 rows=111 width=125)
	  Recheck Cond: ((k >= 6004579) AND (k <= 6004679))
	  ->  Bitmap Index Scan on k_5  (cost=0.00..5.54 rows=111 width=0)
	        Index Cond: ((k >= 6004579) AND (k <= 6004679))

table 6 : explain SELECT k, c FROM sbtest6 WHERE k BETWEEN 6004579 AND 6004679
	Bitmap Heap Scan on sbtest6  (cost=5.49..413.62 rows=103 width=125)
	  Recheck Cond: ((k >= 6004579) AND (k <= 6004679))
	  ->  Bitmap Index Scan on k_6  (cost=0.00..5.46 rows=103 width=0)
	        Index Cond: ((k >= 6004579) AND (k <= 6004679))

table 7 : explain SELECT k, c FROM sbtest7 WHERE k BETWEEN 6004579 AND 6004679
	Bitmap Heap Scan on sbtest7  (cost=5.52..425.46 rows=106 width=125)
	  Recheck Cond: ((k >= 6004579) AND (k <= 6004679))
	  ->  Bitmap Index Scan on k_7  (cost=0.00..5.50 rows=106 width=0)
	        Index Cond: ((k >= 6004579) AND (k <= 6004679))

table 8 : explain SELECT k, c FROM sbtest8 WHERE k BETWEEN 6004579 AND 6004679
	Bitmap Heap Scan on sbtest8  (cost=5.45..397.83 rows=99 width=125)
	  Recheck Cond: ((k >= 6004579) AND (k <= 6004679))
	  ->  Bitmap Index Scan on k_8  (cost=0.00..5.42 rows=99 width=0)
	        Index Cond: ((k >= 6004579) AND (k <= 6004679))

explain: for range-notcovered :: explain SELECT k, c FROM sbtest%d WHERE k BETWEEN 3381726 AND 3381826
for range-notcovered
table 1 : explain SELECT k, c FROM sbtest1 WHERE k BETWEEN 3046782 AND 3046882
	Bitmap Heap Scan on sbtest1  (cost=5.46..401.56 rows=100 width=125)
	  Recheck Cond: ((k >= 3046782) AND (k <= 3046882))
	  ->  Bitmap Index Scan on k_1  (cost=0.00..5.43 rows=100 width=0)
	        Index Cond: ((k >= 3046782) AND (k <= 3046882))

table 2 : explain SELECT k, c FROM sbtest2 WHERE k BETWEEN 3046782 AND 3046882
	Bitmap Heap Scan on sbtest2  (cost=5.43..389.85 rows=97 width=125)
	  Recheck Cond: ((k >= 3046782) AND (k <= 3046882))
	  ->  Bitmap Index Scan on k_2  (cost=0.00..5.40 rows=97 width=0)
	        Index Cond: ((k >= 3046782) AND (k <= 3046882))

table 3 : explain SELECT k, c FROM sbtest3 WHERE k BETWEEN 3046782 AND 3046882
	Bitmap Heap Scan on sbtest3  (cost=5.47..405.60 rows=101 width=125)
	  Recheck Cond: ((k >= 3046782) AND (k <= 3046882))
	  ->  Bitmap Index Scan on k_3  (cost=0.00..5.44 rows=101 width=0)
	        Index Cond: ((k >= 3046782) AND (k <= 3046882))

table 4 : explain SELECT k, c FROM sbtest4 WHERE k BETWEEN 3046782 AND 3046882
	Bitmap Heap Scan on sbtest4  (cost=5.52..425.44 rows=106 width=125)
	  Recheck Cond: ((k >= 3046782) AND (k <= 3046882))
	  ->  Bitmap Index Scan on k_4  (cost=0.00..5.50 rows=106 width=0)
	        Index Cond: ((k >= 3046782) AND (k <= 3046882))

table 5 : explain SELECT k, c FROM sbtest5 WHERE k BETWEEN 3046782 AND 3046882
	Bitmap Heap Scan on sbtest5  (cost=5.35..358.32 rows=89 width=125)
	  Recheck Cond: ((k >= 3046782) AND (k <= 3046882))
	  ->  Bitmap Index Scan on k_5  (cost=0.00..5.32 rows=89 width=0)
	        Index Cond: ((k >= 3046782) AND (k <= 3046882))

table 6 : explain SELECT k, c FROM sbtest6 WHERE k BETWEEN 3046782 AND 3046882
	Bitmap Heap Scan on sbtest6  (cost=5.51..421.51 rows=105 width=125)
	  Recheck Cond: ((k >= 3046782) AND (k <= 3046882))
	  ->  Bitmap Index Scan on k_6  (cost=0.00..5.48 rows=105 width=0)
	        Index Cond: ((k >= 3046782) AND (k <= 3046882))

table 7 : explain SELECT k, c FROM sbtest7 WHERE k BETWEEN 3046782 AND 3046882
	Bitmap Heap Scan on sbtest7  (cost=5.39..374.14 rows=93 width=125)
	  Recheck Cond: ((k >= 3046782) AND (k <= 3046882))
	  ->  Bitmap Index Scan on k_7  (cost=0.00..5.36 rows=93 width=0)
	        Index Cond: ((k >= 3046782) AND (k <= 3046882))

table 8 : explain SELECT k, c FROM sbtest8 WHERE k BETWEEN 3046782 AND 3046882
	Bitmap Heap Scan on sbtest8  (cost=5.53..429.40 rows=107 width=125)
	  Recheck Cond: ((k >= 3046782) AND (k <= 3046882))
	  ->  Bitmap Index Scan on k_8  (cost=0.00..5.50 rows=107 width=0)
	        Index Cond: ((k >= 3046782) AND (k <= 3046882))

explain: for range-notcovered :: explain SELECT k, c FROM sbtest%d WHERE k BETWEEN 6004579 AND 6004679
explain: for range-notcovered :: explain SELECT k, c FROM sbtest%d WHERE k BETWEEN 1664440 AND 1664540
explain: for range-notcovered :: explain SELECT k, c FROM sbtest%d WHERE k BETWEEN 3046782 AND 3046882
for range-notcovered
table 1 : explain SELECT k, c FROM sbtest1 WHERE k BETWEEN 3918058 AND 3918158
	Bitmap Heap Scan on sbtest1  (cost=5.43..389.72 rows=97 width=125)
	  Recheck Cond: ((k >= 3918058) AND (k <= 3918158))
	  ->  Bitmap Index Scan on k_1  (cost=0.00..5.40 rows=97 width=0)
	        Index Cond: ((k >= 3918058) AND (k <= 3918158))

table 2 : explain SELECT k, c FROM sbtest2 WHERE k BETWEEN 3918058 AND 3918158
	Bitmap Heap Scan on sbtest2  (cost=5.43..389.85 rows=97 width=125)
	  Recheck Cond: ((k >= 3918058) AND (k <= 3918158))
	  ->  Bitmap Index Scan on k_2  (cost=0.00..5.40 rows=97 width=0)
	        Index Cond: ((k >= 3918058) AND (k <= 3918158))

table 3 : explain SELECT k, c FROM sbtest3 WHERE k BETWEEN 3918058 AND 3918158
	Bitmap Heap Scan on sbtest3  (cost=5.58..448.98 rows=112 width=125)
	  Recheck Cond: ((k >= 3918058) AND (k <= 3918158))
	  ->  Bitmap Index Scan on k_3  (cost=0.00..5.55 rows=112 width=0)
	        Index Cond: ((k >= 3918058) AND (k <= 3918158))

table 4 : explain SELECT k, c FROM sbtest4 WHERE k BETWEEN 3918058 AND 3918158
	Bitmap Heap Scan on sbtest4  (cost=5.53..429.39 rows=107 width=125)
	  Recheck Cond: ((k >= 3918058) AND (k <= 3918158))
	  ->  Bitmap Index Scan on k_4  (cost=0.00..5.50 rows=107 width=0)
	        Index Cond: ((k >= 3918058) AND (k <= 3918158))

table 5 : explain SELECT k, c FROM sbtest5 WHERE k BETWEEN 3918058 AND 3918158
	Bitmap Heap Scan on sbtest5  (cost=5.51..421.49 rows=105 width=125)
	  Recheck Cond: ((k >= 3918058) AND (k <= 3918158))
	  ->  Bitmap Index Scan on k_5  (cost=0.00..5.48 rows=105 width=0)
	        Index Cond: ((k >= 3918058) AND (k <= 3918158))

table 6 : explain SELECT k, c FROM sbtest6 WHERE k BETWEEN 3918058 AND 3918158
	Bitmap Heap Scan on sbtest6  (cost=5.42..385.98 rows=96 width=125)
	  Recheck Cond: ((k >= 3918058) AND (k <= 3918158))
	  ->  Bitmap Index Scan on k_6  (cost=0.00..5.39 rows=96 width=0)
	        Index Cond: ((k >= 3918058) AND (k <= 3918158))

table 7 : explain SELECT k, c FROM sbtest7 WHERE k BETWEEN 3918058 AND 3918158
	Bitmap Heap Scan on sbtest7  (cost=5.37..366.24 rows=91 width=125)
	  Recheck Cond: ((k >= 3918058) AND (k <= 3918158))
	  ->  Bitmap Index Scan on k_7  (cost=0.00..5.34 rows=91 width=0)
	        Index Cond: ((k >= 3918058) AND (k <= 3918158))

table 8 : explain SELECT k, c FROM sbtest8 WHERE k BETWEEN 3918058 AND 3918158
	Bitmap Heap Scan on sbtest8  (cost=5.42..385.99 rows=96 width=125)
	  Recheck Cond: ((k >= 3918058) AND (k <= 3918158))
	  ->  Bitmap Index Scan on k_8  (cost=0.00..5.39 rows=96 width=0)
	        Index Cond: ((k >= 3918058) AND (k <= 3918158))
for range-notcovered
table 1 : explain SELECT k, c FROM sbtest1 WHERE k BETWEEN 4086767 AND 4086867
	Bitmap Heap Scan on sbtest1  (cost=5.36..362.09 rows=90 width=125)
	  Recheck Cond: ((k >= 4086767) AND (k <= 4086867))
	  ->  Bitmap Index Scan on k_1  (cost=0.00..5.33 rows=90 width=0)
	        Index Cond: ((k >= 4086767) AND (k <= 4086867))

table 2 : explain SELECT k, c FROM sbtest2 WHERE k BETWEEN 4086767 AND 4086867
	Bitmap Heap Scan on sbtest2  (cost=5.43..389.85 rows=97 width=125)
	  Recheck Cond: ((k >= 4086767) AND (k <= 4086867))
	  ->  Bitmap Index Scan on k_2  (cost=0.00..5.40 rows=97 width=0)
	        Index Cond: ((k >= 4086767) AND (k <= 4086867))

table 3 : explain SELECT k, c FROM sbtest3 WHERE k BETWEEN 4086767 AND 4086867
	Bitmap Heap Scan on sbtest3  (cost=5.42..385.87 rows=96 width=125)
	  Recheck Cond: ((k >= 4086767) AND (k <= 4086867))
	  ->  Bitmap Index Scan on k_3  (cost=0.00..5.39 rows=96 width=0)
	        Index Cond: ((k >= 4086767) AND (k <= 4086867))

table 4 : explain SELECT k, c FROM sbtest4 WHERE k BETWEEN 4086767 AND 4086867
	Bitmap Heap Scan on sbtest4  (cost=5.42..385.97 rows=96 width=125)
	  Recheck Cond: ((k >= 4086767) AND (k <= 4086867))
	  ->  Bitmap Index Scan on k_4  (cost=0.00..5.39 rows=96 width=0)
	        Index Cond: ((k >= 4086767) AND (k <= 4086867))

table 5 : explain SELECT k, c FROM sbtest5 WHERE k BETWEEN 4086767 AND 4086867
	Bitmap Heap Scan on sbtest5  (cost=5.40..378.07 rows=94 width=125)
	  Recheck Cond: ((k >= 4086767) AND (k <= 4086867))
	  ->  Bitmap Index Scan on k_5  (cost=0.00..5.38 rows=94 width=0)
	        Index Cond: ((k >= 4086767) AND (k <= 4086867))

table 6 : explain SELECT k, c FROM sbtest6 WHERE k BETWEEN 4086767 AND 4086867
	Bitmap Heap Scan on sbtest6  (cost=5.49..413.62 rows=103 width=125)
	  Recheck Cond: ((k >= 4086767) AND (k <= 4086867))
	  ->  Bitmap Index Scan on k_6  (cost=0.00..5.46 rows=103 width=0)
	        Index Cond: ((k >= 4086767) AND (k <= 4086867))

table 7 : explain SELECT k, c FROM sbtest7 WHERE k BETWEEN 4086767 AND 4086867
	Bitmap Heap Scan on sbtest7  (cost=5.46..401.78 rows=100 width=125)
	  Recheck Cond: ((k >= 4086767) AND (k <= 4086867))
	  ->  Bitmap Index Scan on k_7  (cost=0.00..5.43 rows=100 width=0)
	        Index Cond: ((k >= 4086767) AND (k <= 4086867))

table 8 : explain SELECT k, c FROM sbtest8 WHERE k BETWEEN 4086767 AND 4086867
	Bitmap Heap Scan on sbtest8  (cost=5.41..382.04 rows=95 width=125)
	  Recheck Cond: ((k >= 4086767) AND (k <= 4086867))
	  ->  Bitmap Index Scan on k_8  (cost=0.00..5.38 rows=95 width=0)
	        Index Cond: ((k >= 4086767) AND (k <= 4086867))


explain: for range-notcovered :: explain SELECT k, c FROM sbtest%d WHERE k BETWEEN 3918058 AND 3918158
explain: for range-notcovered :: explain SELECT k, c FROM sbtest%d WHERE k BETWEEN 4086767 AND 4086867
for range-notcovered
table 1 : explain SELECT k, c FROM sbtest1 WHERE k BETWEEN 6433348 AND 6433448
	Bitmap Heap Scan on sbtest1  (cost=5.56..440.98 rows=110 width=125)
	  Recheck Cond: ((k >= 6433348) AND (k <= 6433448))
	  ->  Bitmap Index Scan on k_1  (cost=0.00..5.53 rows=110 width=0)
	        Index Cond: ((k >= 6433348) AND (k <= 6433448))

table 2 : explain SELECT k, c FROM sbtest2 WHERE k BETWEEN 6433348 AND 6433448
	Bitmap Heap Scan on sbtest2  (cost=5.39..374.05 rows=93 width=125)
	  Recheck Cond: ((k >= 6433348) AND (k <= 6433448))
	  ->  Bitmap Index Scan on k_2  (cost=0.00..5.36 rows=93 width=0)
	        Index Cond: ((k >= 6433348) AND (k <= 6433448))

table 3 : explain SELECT k, c FROM sbtest3 WHERE k BETWEEN 6433348 AND 6433448
	Bitmap Heap Scan on sbtest3  (cost=5.48..409.55 rows=102 width=125)
	  Recheck Cond: ((k >= 6433348) AND (k <= 6433448))
	  ->  Bitmap Index Scan on k_3  (cost=0.00..5.45 rows=102 width=0)
	        Index Cond: ((k >= 6433348) AND (k <= 6433448))

table 4 : explain SELECT k, c FROM sbtest4 WHERE k BETWEEN 6433348 AND 6433448
	Bitmap Heap Scan on sbtest4  (cost=5.44..393.87 rows=98 width=125)
	  Recheck Cond: ((k >= 6433348) AND (k <= 6433448))
	  ->  Bitmap Index Scan on k_4  (cost=0.00..5.42 rows=98 width=0)
	        Index Cond: ((k >= 6433348) AND (k <= 6433448))

table 5 : explain SELECT k, c FROM sbtest5 WHERE k BETWEEN 6433348 AND 6433448
	Bitmap Heap Scan on sbtest5  (cost=5.39..374.12 rows=93 width=125)
	  Recheck Cond: ((k >= 6433348) AND (k <= 6433448))
	  ->  Bitmap Index Scan on k_5  (cost=0.00..5.36 rows=93 width=0)
	        Index Cond: ((k >= 6433348) AND (k <= 6433448))

table 6 : explain SELECT k, c FROM sbtest6 WHERE k BETWEEN 6433348 AND 6433448
	Bitmap Heap Scan on sbtest6  (cost=5.50..417.56 rows=104 width=125)
	  Recheck Cond: ((k >= 6433348) AND (k <= 6433448))
	  ->  Bitmap Index Scan on k_6  (cost=0.00..5.47 rows=104 width=0)
	        Index Cond: ((k >= 6433348) AND (k <= 6433448))

table 7 : explain SELECT k, c FROM sbtest7 WHERE k BETWEEN 6433348 AND 6433448
	Bitmap Heap Scan on sbtest7  (cost=5.46..401.78 rows=100 width=125)
	  Recheck Cond: ((k >= 6433348) AND (k <= 6433448))
	  ->  Bitmap Index Scan on k_7  (cost=0.00..5.43 rows=100 width=0)
	        Index Cond: ((k >= 6433348) AND (k <= 6433448))

table 8 : explain SELECT k, c FROM sbtest8 WHERE k BETWEEN 6433348 AND 6433448
	Bitmap Heap Scan on sbtest8  (cost=5.48..409.67 rows=102 width=125)
	  Recheck Cond: ((k >= 6433348) AND (k <= 6433448))
	  ->  Bitmap Index Scan on k_8  (cost=0.00..5.45 rows=102 width=0)
	        Index Cond: ((k >= 6433348) AND (k <= 6433448))

for range-notcovered
table 1 : explain SELECT k, c FROM sbtest1 WHERE k BETWEEN 3381726 AND 3381826
	Bitmap Heap Scan on sbtest1  (cost=5.40..377.88 rows=94 width=125)
	  Recheck Cond: ((k >= 3381726) AND (k <= 3381826))
	  ->  Bitmap Index Scan on k_1  (cost=0.00..5.38 rows=94 width=0)
	        Index Cond: ((k >= 3381726) AND (k <= 3381826))

table 2 : explain SELECT k, c FROM sbtest2 WHERE k BETWEEN 3381726 AND 3381826
	Bitmap Heap Scan on sbtest2  (cost=5.57..445.07 rows=111 width=125)
	  Recheck Cond: ((k >= 3381726) AND (k <= 3381826))
	  ->  Bitmap Index Scan on k_2  (cost=0.00..5.54 rows=111 width=0)
	        Index Cond: ((k >= 3381726) AND (k <= 3381826))

table 3 : explain SELECT k, c FROM sbtest3 WHERE k BETWEEN 3381726 AND 3381826
	Bitmap Heap Scan on sbtest3  (cost=5.50..417.44 rows=104 width=125)
	  Recheck Cond: ((k >= 3381726) AND (k <= 3381826))
	  ->  Bitmap Index Scan on k_3  (cost=0.00..5.47 rows=104 width=0)
	        Index Cond: ((k >= 3381726) AND (k <= 3381826))

table 4 : explain SELECT k, c FROM sbtest4 WHERE k BETWEEN 3381726 AND 3381826
	Bitmap Heap Scan on sbtest4  (cost=5.54..433.33 rows=108 width=125)
	  Recheck Cond: ((k >= 3381726) AND (k <= 3381826))
	  ->  Bitmap Index Scan on k_4  (cost=0.00..5.51 rows=108 width=0)
	        Index Cond: ((k >= 3381726) AND (k <= 3381826))

table 5 : explain SELECT k, c FROM sbtest5 WHERE k BETWEEN 3381726 AND 3381826
	Bitmap Heap Scan on sbtest5  (cost=5.50..417.55 rows=104 width=125)
	  Recheck Cond: ((k >= 3381726) AND (k <= 3381826))
	  ->  Bitmap Index Scan on k_5  (cost=0.00..5.47 rows=104 width=0)
	        Index Cond: ((k >= 3381726) AND (k <= 3381826))

table 6 : explain SELECT k, c FROM sbtest6 WHERE k BETWEEN 3381726 AND 3381826
	Bitmap Heap Scan on sbtest6  (cost=5.47..405.72 rows=101 width=125)
	  Recheck Cond: ((k >= 3381726) AND (k <= 3381826))
	  ->  Bitmap Index Scan on k_6  (cost=0.00..5.44 rows=101 width=0)
	        Index Cond: ((k >= 3381726) AND (k <= 3381826))

table 7 : explain SELECT k, c FROM sbtest7 WHERE k BETWEEN 3381726 AND 3381826
	Bitmap Heap Scan on sbtest7  (cost=5.50..417.57 rows=104 width=125)
	  Recheck Cond: ((k >= 3381726) AND (k <= 3381826))
	  ->  Bitmap Index Scan on k_7  (cost=0.00..5.47 rows=104 width=0)
	        Index Cond: ((k >= 3381726) AND (k <= 3381826))

table 8 : explain SELECT k, c FROM sbtest8 WHERE k BETWEEN 3381726 AND 3381826
	Bitmap Heap Scan on sbtest8  (cost=5.53..429.40 rows=107 width=125)
	  Recheck Cond: ((k >= 3381726) AND (k <= 3381826))
	  ->  Bitmap Index Scan on k_8  (cost=0.00..5.50 rows=107 width=0)
	        Index Cond: ((k >= 3381726) AND (k <= 3381826))

explain: for range-notcovered :: explain SELECT k, c FROM sbtest%d WHERE k BETWEEN 6433348 AND 6433448
for range-notcovered
table 1 : explain SELECT k, c FROM sbtest1 WHERE k BETWEEN 6004579 AND 6004679
	Bitmap Heap Scan on sbtest1  (cost=5.41..381.83 rows=95 width=125)
	  Recheck Cond: ((k >= 6004579) AND (k <= 6004679))
	  ->  Bitmap Index Scan on k_1  (cost=0.00..5.38 rows=95 width=0)
	        Index Cond: ((k >= 6004579) AND (k <= 6004679))

table 2 : explain SELECT k, c FROM sbtest2 WHERE k BETWEEN 6004579 AND 6004679
	Bitmap Heap Scan on sbtest2  (cost=5.55..437.19 rows=109 width=125)
	  Recheck Cond: ((k >= 6004579) AND (k <= 6004679))
	  ->  Bitmap Index Scan on k_2  (cost=0.00..5.52 rows=109 width=0)
	        Index Cond: ((k >= 6004579) AND (k <= 6004679))

table 3 : explain SELECT k, c FROM sbtest3 WHERE k BETWEEN 6004579 AND 6004679
	Bitmap Heap Scan on sbtest3  (cost=5.54..433.21 rows=108 width=125)
	  Recheck Cond: ((k >= 6004579) AND (k <= 6004679))
	  ->  Bitmap Index Scan on k_3  (cost=0.00..5.51 rows=108 width=0)
	        Index Cond: ((k >= 6004579) AND (k <= 6004679))

table 4 : explain SELECT k, c FROM sbtest4 WHERE k BETWEEN 6004579 AND 6004679
	Bitmap Heap Scan on sbtest4  (cost=5.50..417.55 rows=104 width=125)
	  Recheck Cond: ((k >= 6004579) AND (k <= 6004679))
	  ->  Bitmap Index Scan on k_4  (cost=0.00..5.47 rows=104 width=0)
	        Index Cond: ((k >= 6004579) AND (k <= 6004679))

table 5 : explain SELECT k, c FROM sbtest5 WHERE k BETWEEN 6004579 AND 6004679
	Bitmap Heap Scan on sbtest5  (cost=5.57..445.16 rows=111 width=125)
	  Recheck Cond: ((k >= 6004579) AND (k <= 6004679))
	  ->  Bitmap Index Scan on k_5  (cost=0.00..5.54 rows=111 width=0)
	        Index Cond: ((k >= 6004579) AND (k <= 6004679))

table 6 : explain SELECT k, c FROM sbtest6 WHERE k BETWEEN 6004579 AND 6004679
	Bitmap Heap Scan on sbtest6  (cost=5.49..413.62 rows=103 width=125)
	  Recheck Cond: ((k >= 6004579) AND (k <= 6004679))
	  ->  Bitmap Index Scan on k_6  (cost=0.00..5.46 rows=103 width=0)
	        Index Cond: ((k >= 6004579) AND (k <= 6004679))

table 7 : explain SELECT k, c FROM sbtest7 WHERE k BETWEEN 6004579 AND 6004679
	Bitmap Heap Scan on sbtest7  (cost=5.52..425.46 rows=106 width=125)
	  Recheck Cond: ((k >= 6004579) AND (k <= 6004679))
	  ->  Bitmap Index Scan on k_7  (cost=0.00..5.50 rows=106 width=0)
	        Index Cond: ((k >= 6004579) AND (k <= 6004679))

table 8 : explain SELECT k, c FROM sbtest8 WHERE k BETWEEN 6004579 AND 6004679
	Bitmap Heap Scan on sbtest8  (cost=5.45..397.83 rows=99 width=125)
	  Recheck Cond: ((k >= 6004579) AND (k <= 6004679))
	  ->  Bitmap Index Scan on k_8  (cost=0.00..5.42 rows=99 width=0)
	        Index Cond: ((k >= 6004579) AND (k <= 6004679))

for range-notcovered
table 1 : explain SELECT k, c FROM sbtest1 WHERE k BETWEEN 1664440 AND 1664540
	Bitmap Heap Scan on sbtest1  (cost=5.38..369.99 rows=92 width=125)
	  Recheck Cond: ((k >= 1664440) AND (k <= 1664540))
	  ->  Bitmap Index Scan on k_1  (cost=0.00..5.35 rows=92 width=0)
	        Index Cond: ((k >= 1664440) AND (k <= 1664540))

table 2 : explain SELECT k, c FROM sbtest2 WHERE k BETWEEN 1664440 AND 1664540
	Bitmap Heap Scan on sbtest2  (cost=5.43..389.85 rows=97 width=125)
	  Recheck Cond: ((k >= 1664440) AND (k <= 1664540))
	  ->  Bitmap Index Scan on k_2  (cost=0.00..5.40 rows=97 width=0)
	        Index Cond: ((k >= 1664440) AND (k <= 1664540))

table 3 : explain SELECT k, c FROM sbtest3 WHERE k BETWEEN 1664440 AND 1664540
	Bitmap Heap Scan on sbtest3  (cost=5.57..445.04 rows=111 width=125)
	  Recheck Cond: ((k >= 1664440) AND (k <= 1664540))
	  ->  Bitmap Index Scan on k_3  (cost=0.00..5.54 rows=111 width=0)
	        Index Cond: ((k >= 1664440) AND (k <= 1664540))

table 4 : explain SELECT k, c FROM sbtest4 WHERE k BETWEEN 1664440 AND 1664540
	Bitmap Heap Scan on sbtest4  (cost=5.45..397.82 rows=99 width=125)
	  Recheck Cond: ((k >= 1664440) AND (k <= 1664540))
	  ->  Bitmap Index Scan on k_4  (cost=0.00..5.42 rows=99 width=0)
	        Index Cond: ((k >= 1664440) AND (k <= 1664540))

table 5 : explain SELECT k, c FROM sbtest5 WHERE k BETWEEN 1664440 AND 1664540
	Bitmap Heap Scan on sbtest5  (cost=5.49..413.60 rows=103 width=125)
	  Recheck Cond: ((k >= 1664440) AND (k <= 1664540))
	  ->  Bitmap Index Scan on k_5  (cost=0.00..5.46 rows=103 width=0)
	        Index Cond: ((k >= 1664440) AND (k <= 1664540))

table 6 : explain SELECT k, c FROM sbtest6 WHERE k BETWEEN 1664440 AND 1664540
	Bitmap Heap Scan on sbtest6  (cost=5.49..413.62 rows=103 width=125)
	  Recheck Cond: ((k >= 1664440) AND (k <= 1664540))
	  ->  Bitmap Index Scan on k_6  (cost=0.00..5.46 rows=103 width=0)
	        Index Cond: ((k >= 1664440) AND (k <= 1664540))

table 7 : explain SELECT k, c FROM sbtest7 WHERE k BETWEEN 1664440 AND 1664540
	Bitmap Heap Scan on sbtest7  (cost=5.45..397.83 rows=99 width=125)
	  Recheck Cond: ((k >= 1664440) AND (k <= 1664540))
	  ->  Bitmap Index Scan on k_7  (cost=0.00..5.42 rows=99 width=0)
	        Index Cond: ((k >= 1664440) AND (k <= 1664540))

table 8 : explain SELECT k, c FROM sbtest8 WHERE k BETWEEN 1664440 AND 1664540
	Bitmap Heap Scan on sbtest8  (cost=5.46..401.78 rows=100 width=125)
	  Recheck Cond: ((k >= 1664440) AND (k <= 1664540))
	  ->  Bitmap Index Scan on k_8  (cost=0.00..5.43 rows=100 width=0)
	        Index Cond: ((k >= 1664440) AND (k <= 1664540))

explain: for range-notcovered :: explain SELECT k, c FROM sbtest%d WHERE k BETWEEN 1664440 AND 1664540
for range-notcovered
table 1 : explain SELECT k, c FROM sbtest1 WHERE k BETWEEN 3046782 AND 3046882
	Bitmap Heap Scan on sbtest1  (cost=5.46..401.56 rows=100 width=125)
	  Recheck Cond: ((k >= 3046782) AND (k <= 3046882))
	  ->  Bitmap Index Scan on k_1  (cost=0.00..5.43 rows=100 width=0)
	        Index Cond: ((k >= 3046782) AND (k <= 3046882))

table 2 : explain SELECT k, c FROM sbtest2 WHERE k BETWEEN 3046782 AND 3046882
	Bitmap Heap Scan on sbtest2  (cost=5.43..389.85 rows=97 width=125)
	  Recheck Cond: ((k >= 3046782) AND (k <= 3046882))
	  ->  Bitmap Index Scan on k_2  (cost=0.00..5.40 rows=97 width=0)
	        Index Cond: ((k >= 3046782) AND (k <= 3046882))

table 3 : explain SELECT k, c FROM sbtest3 WHERE k BETWEEN 3046782 AND 3046882
	Bitmap Heap Scan on sbtest3  (cost=5.47..405.60 rows=101 width=125)
	  Recheck Cond: ((k >= 3046782) AND (k <= 3046882))
	  ->  Bitmap Index Scan on k_3  (cost=0.00..5.44 rows=101 width=0)
	        Index Cond: ((k >= 3046782) AND (k <= 3046882))

table 4 : explain SELECT k, c FROM sbtest4 WHERE k BETWEEN 3046782 AND 3046882
	Bitmap Heap Scan on sbtest4  (cost=5.52..425.44 rows=106 width=125)
	  Recheck Cond: ((k >= 3046782) AND (k <= 3046882))
	  ->  Bitmap Index Scan on k_4  (cost=0.00..5.50 rows=106 width=0)
	        Index Cond: ((k >= 3046782) AND (k <= 3046882))

table 5 : explain SELECT k, c FROM sbtest5 WHERE k BETWEEN 3046782 AND 3046882
	Bitmap Heap Scan on sbtest5  (cost=5.35..358.32 rows=89 width=125)
	  Recheck Cond: ((k >= 3046782) AND (k <= 3046882))
	  ->  Bitmap Index Scan on k_5  (cost=0.00..5.32 rows=89 width=0)
	        Index Cond: ((k >= 3046782) AND (k <= 3046882))

table 6 : explain SELECT k, c FROM sbtest6 WHERE k BETWEEN 3046782 AND 3046882
	Bitmap Heap Scan on sbtest6  (cost=5.51..421.51 rows=105 width=125)
	  Recheck Cond: ((k >= 3046782) AND (k <= 3046882))
	  ->  Bitmap Index Scan on k_6  (cost=0.00..5.48 rows=105 width=0)
	        Index Cond: ((k >= 3046782) AND (k <= 3046882))

table 7 : explain SELECT k, c FROM sbtest7 WHERE k BETWEEN 3046782 AND 3046882
	Bitmap Heap Scan on sbtest7  (cost=5.39..374.14 rows=93 width=125)
	  Recheck Cond: ((k >= 3046782) AND (k <= 3046882))
	  ->  Bitmap Index Scan on k_7  (cost=0.00..5.36 rows=93 width=0)
	        Index Cond: ((k >= 3046782) AND (k <= 3046882))

table 8 : explain SELECT k, c FROM sbtest8 WHERE k BETWEEN 3046782 AND 3046882
	Bitmap Heap Scan on sbtest8  (cost=5.53..429.40 rows=107 width=125)
	  Recheck Cond: ((k >= 3046782) AND (k <= 3046882))
	  ->  Bitmap Index Scan on k_8  (cost=0.00..5.50 rows=107 width=0)
	        Index Cond: ((k >= 3046782) AND (k <= 3046882))

for range-notcovered
table 1 : explain SELECT k, c FROM sbtest1 WHERE k BETWEEN 2010062 AND 2010162
	Bitmap Heap Scan on sbtest1  (cost=5.46..401.56 rows=100 width=125)
	  Recheck Cond: ((k >= 2010062) AND (k <= 2010162))
	  ->  Bitmap Index Scan on k_1  (cost=0.00..5.43 rows=100 width=0)
	        Index Cond: ((k >= 2010062) AND (k <= 2010162))

table 2 : explain SELECT k, c FROM sbtest2 WHERE k BETWEEN 2010062 AND 2010162
	Bitmap Heap Scan on sbtest2  (cost=5.53..429.30 rows=107 width=125)
	  Recheck Cond: ((k >= 2010062) AND (k <= 2010162))
	  ->  Bitmap Index Scan on k_2  (cost=0.00..5.50 rows=107 width=0)
	        Index Cond: ((k >= 2010062) AND (k <= 2010162))

table 3 : explain SELECT k, c FROM sbtest3 WHERE k BETWEEN 2010062 AND 2010162
	Bitmap Heap Scan on sbtest3  (cost=5.40..377.98 rows=94 width=125)
	  Recheck Cond: ((k >= 2010062) AND (k <= 2010162))
	  ->  Bitmap Index Scan on k_3  (cost=0.00..5.38 rows=94 width=0)
	        Index Cond: ((k >= 2010062) AND (k <= 2010162))

table 4 : explain SELECT k, c FROM sbtest4 WHERE k BETWEEN 2010062 AND 2010162
	Bitmap Heap Scan on sbtest4  (cost=5.48..409.66 rows=102 width=125)
	  Recheck Cond: ((k >= 2010062) AND (k <= 2010162))
	  ->  Bitmap Index Scan on k_4  (cost=0.00..5.45 rows=102 width=0)
	        Index Cond: ((k >= 2010062) AND (k <= 2010162))

table 5 : explain SELECT k, c FROM sbtest5 WHERE k BETWEEN 2010062 AND 2010162
	Bitmap Heap Scan on sbtest5  (cost=5.63..468.81 rows=117 width=125)
	  Recheck Cond: ((k >= 2010062) AND (k <= 2010162))
	  ->  Bitmap Index Scan on k_5  (cost=0.00..5.60 rows=117 width=0)
	        Index Cond: ((k >= 2010062) AND (k <= 2010162))

table 6 : explain SELECT k, c FROM sbtest6 WHERE k BETWEEN 2010062 AND 2010162
	Bitmap Heap Scan on sbtest6  (cost=5.50..417.56 rows=104 width=125)
	  Recheck Cond: ((k >= 2010062) AND (k <= 2010162))
	  ->  Bitmap Index Scan on k_6  (cost=0.00..5.47 rows=104 width=0)
	        Index Cond: ((k >= 2010062) AND (k <= 2010162))

table 7 : explain SELECT k, c FROM sbtest7 WHERE k BETWEEN 2010062 AND 2010162
	Bitmap Heap Scan on sbtest7  (cost=5.44..393.89 rows=98 width=125)
	  Recheck Cond: ((k >= 2010062) AND (k <= 2010162))
	  ->  Bitmap Index Scan on k_7  (cost=0.00..5.42 rows=98 width=0)
	        Index Cond: ((k >= 2010062) AND (k <= 2010162))

table 8 : explain SELECT k, c FROM sbtest8 WHERE k BETWEEN 2010062 AND 2010162
	Bitmap Heap Scan on sbtest8  (cost=5.57..445.18 rows=111 width=125)
	  Recheck Cond: ((k >= 2010062) AND (k <= 2010162))
	  ->  Bitmap Index Scan on k_8  (cost=0.00..5.54 rows=111 width=0)
	        Index Cond: ((k >= 2010062) AND (k <= 2010162))

explain: for range-notcovered :: explain SELECT k, c FROM sbtest%d WHERE k BETWEEN 3046782 AND 3046882
for range-notcovered
table 1 : explain SELECT k, c FROM sbtest1 WHERE k BETWEEN 3918058 AND 3918158
	Bitmap Heap Scan on sbtest1  (cost=5.43..389.72 rows=97 width=125)
	  Recheck Cond: ((k >= 3918058) AND (k <= 3918158))
	  ->  Bitmap Index Scan on k_1  (cost=0.00..5.40 rows=97 width=0)
	        Index Cond: ((k >= 3918058) AND (k <= 3918158))

table 2 : explain SELECT k, c FROM sbtest2 WHERE k BETWEEN 3918058 AND 3918158
	Bitmap Heap Scan on sbtest2  (cost=5.43..389.85 rows=97 width=125)
	  Recheck Cond: ((k >= 3918058) AND (k <= 3918158))
	  ->  Bitmap Index Scan on k_2  (cost=0.00..5.40 rows=97 width=0)
	        Index Cond: ((k >= 3918058) AND (k <= 3918158))

table 3 : explain SELECT k, c FROM sbtest3 WHERE k BETWEEN 3918058 AND 3918158
	Bitmap Heap Scan on sbtest3  (cost=5.58..448.98 rows=112 width=125)
	  Recheck Cond: ((k >= 3918058) AND (k <= 3918158))
	  ->  Bitmap Index Scan on k_3  (cost=0.00..5.55 rows=112 width=0)
	        Index Cond: ((k >= 3918058) AND (k <= 3918158))

table 4 : explain SELECT k, c FROM sbtest4 WHERE k BETWEEN 3918058 AND 3918158
	Bitmap Heap Scan on sbtest4  (cost=5.53..429.39 rows=107 width=125)
	  Recheck Cond: ((k >= 3918058) AND (k <= 3918158))
	  ->  Bitmap Index Scan on k_4  (cost=0.00..5.50 rows=107 width=0)
	        Index Cond: ((k >= 3918058) AND (k <= 3918158))

table 5 : explain SELECT k, c FROM sbtest5 WHERE k BETWEEN 3918058 AND 3918158
	Bitmap Heap Scan on sbtest5  (cost=5.51..421.49 rows=105 width=125)
	  Recheck Cond: ((k >= 3918058) AND (k <= 3918158))
	  ->  Bitmap Index Scan on k_5  (cost=0.00..5.48 rows=105 width=0)
	        Index Cond: ((k >= 3918058) AND (k <= 3918158))

table 6 : explain SELECT k, c FROM sbtest6 WHERE k BETWEEN 3918058 AND 3918158
	Bitmap Heap Scan on sbtest6  (cost=5.42..385.98 rows=96 width=125)
	  Recheck Cond: ((k >= 3918058) AND (k <= 3918158))
	  ->  Bitmap Index Scan on k_6  (cost=0.00..5.39 rows=96 width=0)
	        Index Cond: ((k >= 3918058) AND (k <= 3918158))

table 7 : explain SELECT k, c FROM sbtest7 WHERE k BETWEEN 3918058 AND 3918158
	Bitmap Heap Scan on sbtest7  (cost=5.37..366.24 rows=91 width=125)
	  Recheck Cond: ((k >= 3918058) AND (k <= 3918158))
	  ->  Bitmap Index Scan on k_7  (cost=0.00..5.34 rows=91 width=0)
	        Index Cond: ((k >= 3918058) AND (k <= 3918158))

table 8 : explain SELECT k, c FROM sbtest8 WHERE k BETWEEN 3918058 AND 3918158
	Bitmap Heap Scan on sbtest8  (cost=5.42..385.99 rows=96 width=125)
	  Recheck Cond: ((k >= 3918058) AND (k <= 3918158))
	  ->  Bitmap Index Scan on k_8  (cost=0.00..5.39 rows=96 width=0)
	        Index Cond: ((k >= 3918058) AND (k <= 3918158))

explain: for range-notcovered :: explain SELECT k, c FROM sbtest%d WHERE k BETWEEN 2010062 AND 2010162
explain: for range-notcovered :: explain SELECT k, c FROM sbtest%d WHERE k BETWEEN 3918058 AND 3918158
for range-notcovered
table 1 : explain SELECT k, c FROM sbtest1 WHERE k BETWEEN 4086767 AND 4086867
	Bitmap Heap Scan on sbtest1  (cost=5.36..362.09 rows=90 width=125)
	  Recheck Cond: ((k >= 4086767) AND (k <= 4086867))
	  ->  Bitmap Index Scan on k_1  (cost=0.00..5.33 rows=90 width=0)
	        Index Cond: ((k >= 4086767) AND (k <= 4086867))

table 2 : explain SELECT k, c FROM sbtest2 WHERE k BETWEEN 4086767 AND 4086867
	Bitmap Heap Scan on sbtest2  (cost=5.43..389.85 rows=97 width=125)
	  Recheck Cond: ((k >= 4086767) AND (k <= 4086867))
	  ->  Bitmap Index Scan on k_2  (cost=0.00..5.40 rows=97 width=0)
	        Index Cond: ((k >= 4086767) AND (k <= 4086867))

table 3 : explain SELECT k, c FROM sbtest3 WHERE k BETWEEN 4086767 AND 4086867
	Bitmap Heap Scan on sbtest3  (cost=5.42..385.87 rows=96 width=125)
	  Recheck Cond: ((k >= 4086767) AND (k <= 4086867))
	  ->  Bitmap Index Scan on k_3  (cost=0.00..5.39 rows=96 width=0)
	        Index Cond: ((k >= 4086767) AND (k <= 4086867))

table 4 : explain SELECT k, c FROM sbtest4 WHERE k BETWEEN 4086767 AND 4086867
	Bitmap Heap Scan on sbtest4  (cost=5.42..385.97 rows=96 width=125)
	  Recheck Cond: ((k >= 4086767) AND (k <= 4086867))
	  ->  Bitmap Index Scan on k_4  (cost=0.00..5.39 rows=96 width=0)
	        Index Cond: ((k >= 4086767) AND (k <= 4086867))

table 5 : explain SELECT k, c FROM sbtest5 WHERE k BETWEEN 4086767 AND 4086867
	Bitmap Heap Scan on sbtest5  (cost=5.40..378.07 rows=94 width=125)
	  Recheck Cond: ((k >= 4086767) AND (k <= 4086867))
	  ->  Bitmap Index Scan on k_5  (cost=0.00..5.38 rows=94 width=0)
	        Index Cond: ((k >= 4086767) AND (k <= 4086867))

table 6 : explain SELECT k, c FROM sbtest6 WHERE k BETWEEN 4086767 AND 4086867
	Bitmap Heap Scan on sbtest6  (cost=5.49..413.62 rows=103 width=125)
	  Recheck Cond: ((k >= 4086767) AND (k <= 4086867))
	  ->  Bitmap Index Scan on k_6  (cost=0.00..5.46 rows=103 width=0)
	        Index Cond: ((k >= 4086767) AND (k <= 4086867))

table 7 : explain SELECT k, c FROM sbtest7 WHERE k BETWEEN 4086767 AND 4086867
	Bitmap Heap Scan on sbtest7  (cost=5.46..401.78 rows=100 width=125)
	  Recheck Cond: ((k >= 4086767) AND (k <= 4086867))
	  ->  Bitmap Index Scan on k_7  (cost=0.00..5.43 rows=100 width=0)
	        Index Cond: ((k >= 4086767) AND (k <= 4086867))

table 8 : explain SELECT k, c FROM sbtest8 WHERE k BETWEEN 4086767 AND 4086867
	Bitmap Heap Scan on sbtest8  (cost=5.41..382.04 rows=95 width=125)
	  Recheck Cond: ((k >= 4086767) AND (k <= 4086867))
	  ->  Bitmap Index Scan on k_8  (cost=0.00..5.38 rows=95 width=0)
	        Index Cond: ((k >= 4086767) AND (k <= 4086867))

explain: for range-notcovered :: explain SELECT k, c FROM sbtest%d WHERE k BETWEEN 4086767 AND 4086867
for range-notcovered
table 1 : explain SELECT k, c FROM sbtest1 WHERE k BETWEEN 6433348 AND 6433448
	Bitmap Heap Scan on sbtest1  (cost=5.56..440.98 rows=110 width=125)
	  Recheck Cond: ((k >= 6433348) AND (k <= 6433448))
	  ->  Bitmap Index Scan on k_1  (cost=0.00..5.53 rows=110 width=0)
	        Index Cond: ((k >= 6433348) AND (k <= 6433448))

table 2 : explain SELECT k, c FROM sbtest2 WHERE k BETWEEN 6433348 AND 6433448
	Bitmap Heap Scan on sbtest2  (cost=5.39..374.05 rows=93 width=125)
	  Recheck Cond: ((k >= 6433348) AND (k <= 6433448))
	  ->  Bitmap Index Scan on k_2  (cost=0.00..5.36 rows=93 width=0)
	        Index Cond: ((k >= 6433348) AND (k <= 6433448))

table 3 : explain SELECT k, c FROM sbtest3 WHERE k BETWEEN 6433348 AND 6433448
	Bitmap Heap Scan on sbtest3  (cost=5.48..409.55 rows=102 width=125)
	  Recheck Cond: ((k >= 6433348) AND (k <= 6433448))
	  ->  Bitmap Index Scan on k_3  (cost=0.00..5.45 rows=102 width=0)
	        Index Cond: ((k >= 6433348) AND (k <= 6433448))

table 4 : explain SELECT k, c FROM sbtest4 WHERE k BETWEEN 6433348 AND 6433448
	Bitmap Heap Scan on sbtest4  (cost=5.44..393.87 rows=98 width=125)
	  Recheck Cond: ((k >= 6433348) AND (k <= 6433448))
	  ->  Bitmap Index Scan on k_4  (cost=0.00..5.42 rows=98 width=0)
	        Index Cond: ((k >= 6433348) AND (k <= 6433448))

table 5 : explain SELECT k, c FROM sbtest5 WHERE k BETWEEN 6433348 AND 6433448
	Bitmap Heap Scan on sbtest5  (cost=5.39..374.12 rows=93 width=125)
	  Recheck Cond: ((k >= 6433348) AND (k <= 6433448))
	  ->  Bitmap Index Scan on k_5  (cost=0.00..5.36 rows=93 width=0)
	        Index Cond: ((k >= 6433348) AND (k <= 6433448))

table 6 : explain SELECT k, c FROM sbtest6 WHERE k BETWEEN 6433348 AND 6433448
	Bitmap Heap Scan on sbtest6  (cost=5.50..417.56 rows=104 width=125)
	  Recheck Cond: ((k >= 6433348) AND (k <= 6433448))
	  ->  Bitmap Index Scan on k_6  (cost=0.00..5.47 rows=104 width=0)
	        Index Cond: ((k >= 6433348) AND (k <= 6433448))

table 7 : explain SELECT k, c FROM sbtest7 WHERE k BETWEEN 6433348 AND 6433448
	Bitmap Heap Scan on sbtest7  (cost=5.46..401.78 rows=100 width=125)
	  Recheck Cond: ((k >= 6433348) AND (k <= 6433448))
	  ->  Bitmap Index Scan on k_7  (cost=0.00..5.43 rows=100 width=0)
	        Index Cond: ((k >= 6433348) AND (k <= 6433448))

table 8 : explain SELECT k, c FROM sbtest8 WHERE k BETWEEN 6433348 AND 6433448
	Bitmap Heap Scan on sbtest8  (cost=5.48..409.67 rows=102 width=125)
	  Recheck Cond: ((k >= 6433348) AND (k <= 6433448))
	  ->  Bitmap Index Scan on k_8  (cost=0.00..5.45 rows=102 width=0)
	        Index Cond: ((k >= 6433348) AND (k <= 6433448))

explain: for range-notcovered :: explain SELECT k, c FROM sbtest%d WHERE k BETWEEN 6433348 AND 6433448
for range-notcovered
table 1 : explain SELECT k, c FROM sbtest1 WHERE k BETWEEN 1664440 AND 1664540
	Bitmap Heap Scan on sbtest1  (cost=5.38..369.99 rows=92 width=125)
	  Recheck Cond: ((k >= 1664440) AND (k <= 1664540))
	  ->  Bitmap Index Scan on k_1  (cost=0.00..5.35 rows=92 width=0)
	        Index Cond: ((k >= 1664440) AND (k <= 1664540))

table 2 : explain SELECT k, c FROM sbtest2 WHERE k BETWEEN 1664440 AND 1664540
	Bitmap Heap Scan on sbtest2  (cost=5.43..389.85 rows=97 width=125)
	  Recheck Cond: ((k >= 1664440) AND (k <= 1664540))
	  ->  Bitmap Index Scan on k_2  (cost=0.00..5.40 rows=97 width=0)
	        Index Cond: ((k >= 1664440) AND (k <= 1664540))

table 3 : explain SELECT k, c FROM sbtest3 WHERE k BETWEEN 1664440 AND 1664540
	Bitmap Heap Scan on sbtest3  (cost=5.57..445.04 rows=111 width=125)
	  Recheck Cond: ((k >= 1664440) AND (k <= 1664540))
	  ->  Bitmap Index Scan on k_3  (cost=0.00..5.54 rows=111 width=0)
	        Index Cond: ((k >= 1664440) AND (k <= 1664540))

table 4 : explain SELECT k, c FROM sbtest4 WHERE k BETWEEN 1664440 AND 1664540
	Bitmap Heap Scan on sbtest4  (cost=5.45..397.82 rows=99 width=125)
	  Recheck Cond: ((k >= 1664440) AND (k <= 1664540))
	  ->  Bitmap Index Scan on k_4  (cost=0.00..5.42 rows=99 width=0)
	        Index Cond: ((k >= 1664440) AND (k <= 1664540))

table 5 : explain SELECT k, c FROM sbtest5 WHERE k BETWEEN 1664440 AND 1664540
	Bitmap Heap Scan on sbtest5  (cost=5.49..413.60 rows=103 width=125)
	  Recheck Cond: ((k >= 1664440) AND (k <= 1664540))
	  ->  Bitmap Index Scan on k_5  (cost=0.00..5.46 rows=103 width=0)
	        Index Cond: ((k >= 1664440) AND (k <= 1664540))

table 6 : explain SELECT k, c FROM sbtest6 WHERE k BETWEEN 1664440 AND 1664540
	Bitmap Heap Scan on sbtest6  (cost=5.49..413.62 rows=103 width=125)
	  Recheck Cond: ((k >= 1664440) AND (k <= 1664540))
	  ->  Bitmap Index Scan on k_6  (cost=0.00..5.46 rows=103 width=0)
	        Index Cond: ((k >= 1664440) AND (k <= 1664540))

table 7 : explain SELECT k, c FROM sbtest7 WHERE k BETWEEN 1664440 AND 1664540
	Bitmap Heap Scan on sbtest7  (cost=5.45..397.83 rows=99 width=125)
	  Recheck Cond: ((k >= 1664440) AND (k <= 1664540))
	  ->  Bitmap Index Scan on k_7  (cost=0.00..5.42 rows=99 width=0)
	        Index Cond: ((k >= 1664440) AND (k <= 1664540))

table 8 : explain SELECT k, c FROM sbtest8 WHERE k BETWEEN 1664440 AND 1664540
	Bitmap Heap Scan on sbtest8  (cost=5.46..401.78 rows=100 width=125)
	  Recheck Cond: ((k >= 1664440) AND (k <= 1664540))
	  ->  Bitmap Index Scan on k_8  (cost=0.00..5.43 rows=100 width=0)
	        Index Cond: ((k >= 1664440) AND (k <= 1664540))

for range-notcovered
table 1 : explain SELECT k, c FROM sbtest1 WHERE k BETWEEN 3046782 AND 3046882
	Bitmap Heap Scan on sbtest1  (cost=5.46..401.56 rows=100 width=125)
	  Recheck Cond: ((k >= 3046782) AND (k <= 3046882))
	  ->  Bitmap Index Scan on k_1  (cost=0.00..5.43 rows=100 width=0)
	        Index Cond: ((k >= 3046782) AND (k <= 3046882))

table 2 : explain SELECT k, c FROM sbtest2 WHERE k BETWEEN 3046782 AND 3046882
	Bitmap Heap Scan on sbtest2  (cost=5.43..389.85 rows=97 width=125)
	  Recheck Cond: ((k >= 3046782) AND (k <= 3046882))
	  ->  Bitmap Index Scan on k_2  (cost=0.00..5.40 rows=97 width=0)
	        Index Cond: ((k >= 3046782) AND (k <= 3046882))

table 3 : explain SELECT k, c FROM sbtest3 WHERE k BETWEEN 3046782 AND 3046882
	Bitmap Heap Scan on sbtest3  (cost=5.47..405.60 rows=101 width=125)
	  Recheck Cond: ((k >= 3046782) AND (k <= 3046882))
	  ->  Bitmap Index Scan on k_3  (cost=0.00..5.44 rows=101 width=0)
	        Index Cond: ((k >= 3046782) AND (k <= 3046882))

table 4 : explain SELECT k, c FROM sbtest4 WHERE k BETWEEN 3046782 AND 3046882
	Bitmap Heap Scan on sbtest4  (cost=5.52..425.44 rows=106 width=125)
	  Recheck Cond: ((k >= 3046782) AND (k <= 3046882))
	  ->  Bitmap Index Scan on k_4  (cost=0.00..5.50 rows=106 width=0)
	        Index Cond: ((k >= 3046782) AND (k <= 3046882))

table 5 : explain SELECT k, c FROM sbtest5 WHERE k BETWEEN 3046782 AND 3046882
	Bitmap Heap Scan on sbtest5  (cost=5.35..358.32 rows=89 width=125)
	  Recheck Cond: ((k >= 3046782) AND (k <= 3046882))
	  ->  Bitmap Index Scan on k_5  (cost=0.00..5.32 rows=89 width=0)
	        Index Cond: ((k >= 3046782) AND (k <= 3046882))

table 6 : explain SELECT k, c FROM sbtest6 WHERE k BETWEEN 3046782 AND 3046882
	Bitmap Heap Scan on sbtest6  (cost=5.51..421.51 rows=105 width=125)
	  Recheck Cond: ((k >= 3046782) AND (k <= 3046882))
	  ->  Bitmap Index Scan on k_6  (cost=0.00..5.48 rows=105 width=0)
	        Index Cond: ((k >= 3046782) AND (k <= 3046882))

table 7 : explain SELECT k, c FROM sbtest7 WHERE k BETWEEN 3046782 AND 3046882
	Bitmap Heap Scan on sbtest7  (cost=5.39..374.14 rows=93 width=125)
	  Recheck Cond: ((k >= 3046782) AND (k <= 3046882))
	  ->  Bitmap Index Scan on k_7  (cost=0.00..5.36 rows=93 width=0)
	        Index Cond: ((k >= 3046782) AND (k <= 3046882))

table 8 : explain SELECT k, c FROM sbtest8 WHERE k BETWEEN 3046782 AND 3046882
	Bitmap Heap Scan on sbtest8  (cost=5.53..429.40 rows=107 width=125)
	  Recheck Cond: ((k >= 3046782) AND (k <= 3046882))
	  ->  Bitmap Index Scan on k_8  (cost=0.00..5.50 rows=107 width=0)
	        Index Cond: ((k >= 3046782) AND (k <= 3046882))

explain: for range-notcovered :: explain SELECT k, c FROM sbtest%d WHERE k BETWEEN 3046782 AND 3046882
for range-notcovered
table 1 : explain SELECT k, c FROM sbtest1 WHERE k BETWEEN 3918058 AND 3918158
	Bitmap Heap Scan on sbtest1  (cost=5.43..389.72 rows=97 width=125)
	  Recheck Cond: ((k >= 3918058) AND (k <= 3918158))
	  ->  Bitmap Index Scan on k_1  (cost=0.00..5.40 rows=97 width=0)
	        Index Cond: ((k >= 3918058) AND (k <= 3918158))

table 2 : explain SELECT k, c FROM sbtest2 WHERE k BETWEEN 3918058 AND 3918158
	Bitmap Heap Scan on sbtest2  (cost=5.43..389.85 rows=97 width=125)
	  Recheck Cond: ((k >= 3918058) AND (k <= 3918158))
	  ->  Bitmap Index Scan on k_2  (cost=0.00..5.40 rows=97 width=0)
	        Index Cond: ((k >= 3918058) AND (k <= 3918158))

table 3 : explain SELECT k, c FROM sbtest3 WHERE k BETWEEN 3918058 AND 3918158
	Bitmap Heap Scan on sbtest3  (cost=5.58..448.98 rows=112 width=125)
	  Recheck Cond: ((k >= 3918058) AND (k <= 3918158))
	  ->  Bitmap Index Scan on k_3  (cost=0.00..5.55 rows=112 width=0)
	        Index Cond: ((k >= 3918058) AND (k <= 3918158))

table 4 : explain SELECT k, c FROM sbtest4 WHERE k BETWEEN 3918058 AND 3918158
	Bitmap Heap Scan on sbtest4  (cost=5.53..429.39 rows=107 width=125)
	  Recheck Cond: ((k >= 3918058) AND (k <= 3918158))
	  ->  Bitmap Index Scan on k_4  (cost=0.00..5.50 rows=107 width=0)
	        Index Cond: ((k >= 3918058) AND (k <= 3918158))

table 5 : explain SELECT k, c FROM sbtest5 WHERE k BETWEEN 3918058 AND 3918158
	Bitmap Heap Scan on sbtest5  (cost=5.51..421.49 rows=105 width=125)
	  Recheck Cond: ((k >= 3918058) AND (k <= 3918158))
	  ->  Bitmap Index Scan on k_5  (cost=0.00..5.48 rows=105 width=0)
	        Index Cond: ((k >= 3918058) AND (k <= 3918158))

table 6 : explain SELECT k, c FROM sbtest6 WHERE k BETWEEN 3918058 AND 3918158
	Bitmap Heap Scan on sbtest6  (cost=5.42..385.98 rows=96 width=125)
	  Recheck Cond: ((k >= 3918058) AND (k <= 3918158))
	  ->  Bitmap Index Scan on k_6  (cost=0.00..5.39 rows=96 width=0)
	        Index Cond: ((k >= 3918058) AND (k <= 3918158))

table 7 : explain SELECT k, c FROM sbtest7 WHERE k BETWEEN 3918058 AND 3918158
	Bitmap Heap Scan on sbtest7  (cost=5.37..366.24 rows=91 width=125)
	  Recheck Cond: ((k >= 3918058) AND (k <= 3918158))
	  ->  Bitmap Index Scan on k_7  (cost=0.00..5.34 rows=91 width=0)
	        Index Cond: ((k >= 3918058) AND (k <= 3918158))

table 8 : explain SELECT k, c FROM sbtest8 WHERE k BETWEEN 3918058 AND 3918158
	Bitmap Heap Scan on sbtest8  (cost=5.42..385.99 rows=96 width=125)
	  Recheck Cond: ((k >= 3918058) AND (k <= 3918158))
	  ->  Bitmap Index Scan on k_8  (cost=0.00..5.39 rows=96 width=0)
	        Index Cond: ((k >= 3918058) AND (k <= 3918158))

for range-notcovered
table 1 : explain SELECT k, c FROM sbtest1 WHERE k BETWEEN 4086767 AND 4086867
	Bitmap Heap Scan on sbtest1  (cost=5.36..362.09 rows=90 width=125)
	  Recheck Cond: ((k >= 4086767) AND (k <= 4086867))
	  ->  Bitmap Index Scan on k_1  (cost=0.00..5.33 rows=90 width=0)
	        Index Cond: ((k >= 4086767) AND (k <= 4086867))

table 2 : explain SELECT k, c FROM sbtest2 WHERE k BETWEEN 4086767 AND 4086867
	Bitmap Heap Scan on sbtest2  (cost=5.43..389.85 rows=97 width=125)
	  Recheck Cond: ((k >= 4086767) AND (k <= 4086867))
	  ->  Bitmap Index Scan on k_2  (cost=0.00..5.40 rows=97 width=0)
	        Index Cond: ((k >= 4086767) AND (k <= 4086867))

table 3 : explain SELECT k, c FROM sbtest3 WHERE k BETWEEN 4086767 AND 4086867
	Bitmap Heap Scan on sbtest3  (cost=5.42..385.87 rows=96 width=125)
	  Recheck Cond: ((k >= 4086767) AND (k <= 4086867))
	  ->  Bitmap Index Scan on k_3  (cost=0.00..5.39 rows=96 width=0)
	        Index Cond: ((k >= 4086767) AND (k <= 4086867))

table 4 : explain SELECT k, c FROM sbtest4 WHERE k BETWEEN 4086767 AND 4086867
	Bitmap Heap Scan on sbtest4  (cost=5.42..385.97 rows=96 width=125)
	  Recheck Cond: ((k >= 4086767) AND (k <= 4086867))
	  ->  Bitmap Index Scan on k_4  (cost=0.00..5.39 rows=96 width=0)
	        Index Cond: ((k >= 4086767) AND (k <= 4086867))

table 5 : explain SELECT k, c FROM sbtest5 WHERE k BETWEEN 4086767 AND 4086867
	Bitmap Heap Scan on sbtest5  (cost=5.40..378.07 rows=94 width=125)
	  Recheck Cond: ((k >= 4086767) AND (k <= 4086867))
	  ->  Bitmap Index Scan on k_5  (cost=0.00..5.38 rows=94 width=0)
	        Index Cond: ((k >= 4086767) AND (k <= 4086867))

table 6 : explain SELECT k, c FROM sbtest6 WHERE k BETWEEN 4086767 AND 4086867
	Bitmap Heap Scan on sbtest6  (cost=5.49..413.62 rows=103 width=125)
	  Recheck Cond: ((k >= 4086767) AND (k <= 4086867))
	  ->  Bitmap Index Scan on k_6  (cost=0.00..5.46 rows=103 width=0)
	        Index Cond: ((k >= 4086767) AND (k <= 4086867))

table 7 : explain SELECT k, c FROM sbtest7 WHERE k BETWEEN 4086767 AND 4086867
	Bitmap Heap Scan on sbtest7  (cost=5.46..401.78 rows=100 width=125)
	  Recheck Cond: ((k >= 4086767) AND (k <= 4086867))
	  ->  Bitmap Index Scan on k_7  (cost=0.00..5.43 rows=100 width=0)
	        Index Cond: ((k >= 4086767) AND (k <= 4086867))

table 8 : explain SELECT k, c FROM sbtest8 WHERE k BETWEEN 4086767 AND 4086867
	Bitmap Heap Scan on sbtest8  (cost=5.41..382.04 rows=95 width=125)
	  Recheck Cond: ((k >= 4086767) AND (k <= 4086867))
	  ->  Bitmap Index Scan on k_8  (cost=0.00..5.38 rows=95 width=0)
	        Index Cond: ((k >= 4086767) AND (k <= 4086867))

for range-notcovered
table 1 : explain SELECT k, c FROM sbtest1 WHERE k BETWEEN 6433348 AND 6433448
	Bitmap Heap Scan on sbtest1  (cost=5.56..440.98 rows=110 width=125)
	  Recheck Cond: ((k >= 6433348) AND (k <= 6433448))
	  ->  Bitmap Index Scan on k_1  (cost=0.00..5.53 rows=110 width=0)
	        Index Cond: ((k >= 6433348) AND (k <= 6433448))

table 2 : explain SELECT k, c FROM sbtest2 WHERE k BETWEEN 6433348 AND 6433448
	Bitmap Heap Scan on sbtest2  (cost=5.39..374.05 rows=93 width=125)
	  Recheck Cond: ((k >= 6433348) AND (k <= 6433448))
	  ->  Bitmap Index Scan on k_2  (cost=0.00..5.36 rows=93 width=0)
	        Index Cond: ((k >= 6433348) AND (k <= 6433448))

table 3 : explain SELECT k, c FROM sbtest3 WHERE k BETWEEN 6433348 AND 6433448
	Bitmap Heap Scan on sbtest3  (cost=5.48..409.55 rows=102 width=125)
	  Recheck Cond: ((k >= 6433348) AND (k <= 6433448))
	  ->  Bitmap Index Scan on k_3  (cost=0.00..5.45 rows=102 width=0)
	        Index Cond: ((k >= 6433348) AND (k <= 6433448))

table 4 : explain SELECT k, c FROM sbtest4 WHERE k BETWEEN 6433348 AND 6433448
	Bitmap Heap Scan on sbtest4  (cost=5.44..393.87 rows=98 width=125)
	  Recheck Cond: ((k >= 6433348) AND (k <= 6433448))
	  ->  Bitmap Index Scan on k_4  (cost=0.00..5.42 rows=98 width=0)
	        Index Cond: ((k >= 6433348) AND (k <= 6433448))

table 5 : explain SELECT k, c FROM sbtest5 WHERE k BETWEEN 6433348 AND 6433448
	Bitmap Heap Scan on sbtest5  (cost=5.39..374.12 rows=93 width=125)
	  Recheck Cond: ((k >= 6433348) AND (k <= 6433448))
	  ->  Bitmap Index Scan on k_5  (cost=0.00..5.36 rows=93 width=0)
	        Index Cond: ((k >= 6433348) AND (k <= 6433448))

table 6 : explain SELECT k, c FROM sbtest6 WHERE k BETWEEN 6433348 AND 6433448
	Bitmap Heap Scan on sbtest6  (cost=5.50..417.56 rows=104 width=125)
	  Recheck Cond: ((k >= 6433348) AND (k <= 6433448))
	  ->  Bitmap Index Scan on k_6  (cost=0.00..5.47 rows=104 width=0)
	        Index Cond: ((k >= 6433348) AND (k <= 6433448))

table 7 : explain SELECT k, c FROM sbtest7 WHERE k BETWEEN 6433348 AND 6433448
	Bitmap Heap Scan on sbtest7  (cost=5.46..401.78 rows=100 width=125)
	  Recheck Cond: ((k >= 6433348) AND (k <= 6433448))
	  ->  Bitmap Index Scan on k_7  (cost=0.00..5.43 rows=100 width=0)
	        Index Cond: ((k >= 6433348) AND (k <= 6433448))

table 8 : explain SELECT k, c FROM sbtest8 WHERE k BETWEEN 6433348 AND 6433448
	Bitmap Heap Scan on sbtest8  (cost=5.48..409.67 rows=102 width=125)
	  Recheck Cond: ((k >= 6433348) AND (k <= 6433448))
	  ->  Bitmap Index Scan on k_8  (cost=0.00..5.45 rows=102 width=0)
	        Index Cond: ((k >= 6433348) AND (k <= 6433448))

for range-notcovered
table 1 : explain SELECT k, c FROM sbtest1 WHERE k BETWEEN 2010062 AND 2010162
	Bitmap Heap Scan on sbtest1  (cost=5.46..401.56 rows=100 width=125)
	  Recheck Cond: ((k >= 2010062) AND (k <= 2010162))
	  ->  Bitmap Index Scan on k_1  (cost=0.00..5.43 rows=100 width=0)
	        Index Cond: ((k >= 2010062) AND (k <= 2010162))

table 2 : explain SELECT k, c FROM sbtest2 WHERE k BETWEEN 2010062 AND 2010162
	Bitmap Heap Scan on sbtest2  (cost=5.53..429.30 rows=107 width=125)
	  Recheck Cond: ((k >= 2010062) AND (k <= 2010162))
	  ->  Bitmap Index Scan on k_2  (cost=0.00..5.50 rows=107 width=0)
	        Index Cond: ((k >= 2010062) AND (k <= 2010162))

table 3 : explain SELECT k, c FROM sbtest3 WHERE k BETWEEN 2010062 AND 2010162
	Bitmap Heap Scan on sbtest3  (cost=5.40..377.98 rows=94 width=125)
	  Recheck Cond: ((k >= 2010062) AND (k <= 2010162))
	  ->  Bitmap Index Scan on k_3  (cost=0.00..5.38 rows=94 width=0)
	        Index Cond: ((k >= 2010062) AND (k <= 2010162))

table 4 : explain SELECT k, c FROM sbtest4 WHERE k BETWEEN 2010062 AND 2010162
	Bitmap Heap Scan on sbtest4  (cost=5.48..409.66 rows=102 width=125)
	  Recheck Cond: ((k >= 2010062) AND (k <= 2010162))
	  ->  Bitmap Index Scan on k_4  (cost=0.00..5.45 rows=102 width=0)
	        Index Cond: ((k >= 2010062) AND (k <= 2010162))

table 5 : explain SELECT k, c FROM sbtest5 WHERE k BETWEEN 2010062 AND 2010162
	Bitmap Heap Scan on sbtest5  (cost=5.63..468.81 rows=117 width=125)
	  Recheck Cond: ((k >= 2010062) AND (k <= 2010162))
	  ->  Bitmap Index Scan on k_5  (cost=0.00..5.60 rows=117 width=0)
	        Index Cond: ((k >= 2010062) AND (k <= 2010162))

table 6 : explain SELECT k, c FROM sbtest6 WHERE k BETWEEN 2010062 AND 2010162
	Bitmap Heap Scan on sbtest6  (cost=5.50..417.56 rows=104 width=125)
	  Recheck Cond: ((k >= 2010062) AND (k <= 2010162))
	  ->  Bitmap Index Scan on k_6  (cost=0.00..5.47 rows=104 width=0)
	        Index Cond: ((k >= 2010062) AND (k <= 2010162))

table 7 : explain SELECT k, c FROM sbtest7 WHERE k BETWEEN 2010062 AND 2010162
	Bitmap Heap Scan on sbtest7  (cost=5.44..393.89 rows=98 width=125)
	  Recheck Cond: ((k >= 2010062) AND (k <= 2010162))
	  ->  Bitmap Index Scan on k_7  (cost=0.00..5.42 rows=98 width=0)
	        Index Cond: ((k >= 2010062) AND (k <= 2010162))

table 8 : explain SELECT k, c FROM sbtest8 WHERE k BETWEEN 2010062 AND 2010162
	Bitmap Heap Scan on sbtest8  (cost=5.57..445.18 rows=111 width=125)
	  Recheck Cond: ((k >= 2010062) AND (k <= 2010162))
	  ->  Bitmap Index Scan on k_8  (cost=0.00..5.54 rows=111 width=0)
	        Index Cond: ((k >= 2010062) AND (k <= 2010162))

explain: for range-notcovered :: explain SELECT k, c FROM sbtest%d WHERE k BETWEEN 6433348 AND 6433448
explain: for range-notcovered :: explain SELECT k, c FROM sbtest%d WHERE k BETWEEN 2010062 AND 2010162
for range-notcovered
table 1 : explain SELECT k, c FROM sbtest1 WHERE k BETWEEN 3046782 AND 3046882
	Bitmap Heap Scan on sbtest1  (cost=5.46..401.56 rows=100 width=125)
	  Recheck Cond: ((k >= 3046782) AND (k <= 3046882))
	  ->  Bitmap Index Scan on k_1  (cost=0.00..5.43 rows=100 width=0)
	        Index Cond: ((k >= 3046782) AND (k <= 3046882))

table 2 : explain SELECT k, c FROM sbtest2 WHERE k BETWEEN 3046782 AND 3046882
	Bitmap Heap Scan on sbtest2  (cost=5.43..389.85 rows=97 width=125)
	  Recheck Cond: ((k >= 3046782) AND (k <= 3046882))
	  ->  Bitmap Index Scan on k_2  (cost=0.00..5.40 rows=97 width=0)
	        Index Cond: ((k >= 3046782) AND (k <= 3046882))

table 3 : explain SELECT k, c FROM sbtest3 WHERE k BETWEEN 3046782 AND 3046882
	Bitmap Heap Scan on sbtest3  (cost=5.47..405.60 rows=101 width=125)
	  Recheck Cond: ((k >= 3046782) AND (k <= 3046882))
	  ->  Bitmap Index Scan on k_3  (cost=0.00..5.44 rows=101 width=0)
	        Index Cond: ((k >= 3046782) AND (k <= 3046882))

table 4 : explain SELECT k, c FROM sbtest4 WHERE k BETWEEN 3046782 AND 3046882
	Bitmap Heap Scan on sbtest4  (cost=5.52..425.44 rows=106 width=125)
	  Recheck Cond: ((k >= 3046782) AND (k <= 3046882))
	  ->  Bitmap Index Scan on k_4  (cost=0.00..5.50 rows=106 width=0)
	        Index Cond: ((k >= 3046782) AND (k <= 3046882))

table 5 : explain SELECT k, c FROM sbtest5 WHERE k BETWEEN 3046782 AND 3046882
	Bitmap Heap Scan on sbtest5  (cost=5.35..358.32 rows=89 width=125)
	  Recheck Cond: ((k >= 3046782) AND (k <= 3046882))
	  ->  Bitmap Index Scan on k_5  (cost=0.00..5.32 rows=89 width=0)
	        Index Cond: ((k >= 3046782) AND (k <= 3046882))

table 6 : explain SELECT k, c FROM sbtest6 WHERE k BETWEEN 3046782 AND 3046882
	Bitmap Heap Scan on sbtest6  (cost=5.51..421.51 rows=105 width=125)
	  Recheck Cond: ((k >= 3046782) AND (k <= 3046882))
	  ->  Bitmap Index Scan on k_6  (cost=0.00..5.48 rows=105 width=0)
	        Index Cond: ((k >= 3046782) AND (k <= 3046882))

table 7 : explain SELECT k, c FROM sbtest7 WHERE k BETWEEN 3046782 AND 3046882
	Bitmap Heap Scan on sbtest7  (cost=5.39..374.14 rows=93 width=125)
	  Recheck Cond: ((k >= 3046782) AND (k <= 3046882))
	  ->  Bitmap Index Scan on k_7  (cost=0.00..5.36 rows=93 width=0)
	        Index Cond: ((k >= 3046782) AND (k <= 3046882))

table 8 : explain SELECT k, c FROM sbtest8 WHERE k BETWEEN 3046782 AND 3046882
	Bitmap Heap Scan on sbtest8  (cost=5.53..429.40 rows=107 width=125)
	  Recheck Cond: ((k >= 3046782) AND (k <= 3046882))
	  ->  Bitmap Index Scan on k_8  (cost=0.00..5.50 rows=107 width=0)
	        Index Cond: ((k >= 3046782) AND (k <= 3046882))

explain: for range-notcovered :: explain SELECT k, c FROM sbtest%d WHERE k BETWEEN 3046782 AND 3046882
for range-notcovered
table 1 : explain SELECT k, c FROM sbtest1 WHERE k BETWEEN 6433348 AND 6433448
	Bitmap Heap Scan on sbtest1  (cost=5.56..440.98 rows=110 width=125)
	  Recheck Cond: ((k >= 6433348) AND (k <= 6433448))
	  ->  Bitmap Index Scan on k_1  (cost=0.00..5.53 rows=110 width=0)
	        Index Cond: ((k >= 6433348) AND (k <= 6433448))

table 2 : explain SELECT k, c FROM sbtest2 WHERE k BETWEEN 6433348 AND 6433448
	Bitmap Heap Scan on sbtest2  (cost=5.39..374.05 rows=93 width=125)
	  Recheck Cond: ((k >= 6433348) AND (k <= 6433448))
	  ->  Bitmap Index Scan on k_2  (cost=0.00..5.36 rows=93 width=0)
	        Index Cond: ((k >= 6433348) AND (k <= 6433448))

table 3 : explain SELECT k, c FROM sbtest3 WHERE k BETWEEN 6433348 AND 6433448
	Bitmap Heap Scan on sbtest3  (cost=5.48..409.55 rows=102 width=125)
	  Recheck Cond: ((k >= 6433348) AND (k <= 6433448))
	  ->  Bitmap Index Scan on k_3  (cost=0.00..5.45 rows=102 width=0)
	        Index Cond: ((k >= 6433348) AND (k <= 6433448))

table 4 : explain SELECT k, c FROM sbtest4 WHERE k BETWEEN 6433348 AND 6433448
	Bitmap Heap Scan on sbtest4  (cost=5.44..393.87 rows=98 width=125)
	  Recheck Cond: ((k >= 6433348) AND (k <= 6433448))
	  ->  Bitmap Index Scan on k_4  (cost=0.00..5.42 rows=98 width=0)
	        Index Cond: ((k >= 6433348) AND (k <= 6433448))

table 5 : explain SELECT k, c FROM sbtest5 WHERE k BETWEEN 6433348 AND 6433448
	Bitmap Heap Scan on sbtest5  (cost=5.39..374.12 rows=93 width=125)
	  Recheck Cond: ((k >= 6433348) AND (k <= 6433448))
	  ->  Bitmap Index Scan on k_5  (cost=0.00..5.36 rows=93 width=0)
	        Index Cond: ((k >= 6433348) AND (k <= 6433448))

table 6 : explain SELECT k, c FROM sbtest6 WHERE k BETWEEN 6433348 AND 6433448
	Bitmap Heap Scan on sbtest6  (cost=5.50..417.56 rows=104 width=125)
	  Recheck Cond: ((k >= 6433348) AND (k <= 6433448))
	  ->  Bitmap Index Scan on k_6  (cost=0.00..5.47 rows=104 width=0)
	        Index Cond: ((k >= 6433348) AND (k <= 6433448))

table 7 : explain SELECT k, c FROM sbtest7 WHERE k BETWEEN 6433348 AND 6433448
	Bitmap Heap Scan on sbtest7  (cost=5.46..401.78 rows=100 width=125)
	  Recheck Cond: ((k >= 6433348) AND (k <= 6433448))
	  ->  Bitmap Index Scan on k_7  (cost=0.00..5.43 rows=100 width=0)
	        Index Cond: ((k >= 6433348) AND (k <= 6433448))

table 8 : explain SELECT k, c FROM sbtest8 WHERE k BETWEEN 6433348 AND 6433448
	Bitmap Heap Scan on sbtest8  (cost=5.48..409.67 rows=102 width=125)
	  Recheck Cond: ((k >= 6433348) AND (k <= 6433448))
	  ->  Bitmap Index Scan on k_8  (cost=0.00..5.45 rows=102 width=0)
	        Index Cond: ((k >= 6433348) AND (k <= 6433448))

explain: for range-notcovered :: explain SELECT k, c FROM sbtest%d WHERE k BETWEEN 6433348 AND 6433448
for range-notcovered
table 1 : explain SELECT k, c FROM sbtest1 WHERE k BETWEEN 3046782 AND 3046882
	Bitmap Heap Scan on sbtest1  (cost=5.46..401.56 rows=100 width=125)
	  Recheck Cond: ((k >= 3046782) AND (k <= 3046882))
	  ->  Bitmap Index Scan on k_1  (cost=0.00..5.43 rows=100 width=0)
	        Index Cond: ((k >= 3046782) AND (k <= 3046882))

table 2 : explain SELECT k, c FROM sbtest2 WHERE k BETWEEN 3046782 AND 3046882
	Bitmap Heap Scan on sbtest2  (cost=5.43..389.85 rows=97 width=125)
	  Recheck Cond: ((k >= 3046782) AND (k <= 3046882))
	  ->  Bitmap Index Scan on k_2  (cost=0.00..5.40 rows=97 width=0)
	        Index Cond: ((k >= 3046782) AND (k <= 3046882))

table 3 : explain SELECT k, c FROM sbtest3 WHERE k BETWEEN 3046782 AND 3046882
	Bitmap Heap Scan on sbtest3  (cost=5.47..405.60 rows=101 width=125)
	  Recheck Cond: ((k >= 3046782) AND (k <= 3046882))
	  ->  Bitmap Index Scan on k_3  (cost=0.00..5.44 rows=101 width=0)
	        Index Cond: ((k >= 3046782) AND (k <= 3046882))

table 4 : explain SELECT k, c FROM sbtest4 WHERE k BETWEEN 3046782 AND 3046882
	Bitmap Heap Scan on sbtest4  (cost=5.52..425.44 rows=106 width=125)
	  Recheck Cond: ((k >= 3046782) AND (k <= 3046882))
	  ->  Bitmap Index Scan on k_4  (cost=0.00..5.50 rows=106 width=0)
	        Index Cond: ((k >= 3046782) AND (k <= 3046882))

table 5 : explain SELECT k, c FROM sbtest5 WHERE k BETWEEN 3046782 AND 3046882
	Bitmap Heap Scan on sbtest5  (cost=5.35..358.32 rows=89 width=125)
	  Recheck Cond: ((k >= 3046782) AND (k <= 3046882))
	  ->  Bitmap Index Scan on k_5  (cost=0.00..5.32 rows=89 width=0)
	        Index Cond: ((k >= 3046782) AND (k <= 3046882))

table 6 : explain SELECT k, c FROM sbtest6 WHERE k BETWEEN 3046782 AND 3046882
	Bitmap Heap Scan on sbtest6  (cost=5.51..421.51 rows=105 width=125)
	  Recheck Cond: ((k >= 3046782) AND (k <= 3046882))
	  ->  Bitmap Index Scan on k_6  (cost=0.00..5.48 rows=105 width=0)
	        Index Cond: ((k >= 3046782) AND (k <= 3046882))

table 7 : explain SELECT k, c FROM sbtest7 WHERE k BETWEEN 3046782 AND 3046882
	Bitmap Heap Scan on sbtest7  (cost=5.39..374.14 rows=93 width=125)
	  Recheck Cond: ((k >= 3046782) AND (k <= 3046882))
	  ->  Bitmap Index Scan on k_7  (cost=0.00..5.36 rows=93 width=0)
	        Index Cond: ((k >= 3046782) AND (k <= 3046882))

table 8 : explain SELECT k, c FROM sbtest8 WHERE k BETWEEN 3046782 AND 3046882
	Bitmap Heap Scan on sbtest8  (cost=5.53..429.40 rows=107 width=125)
	  Recheck Cond: ((k >= 3046782) AND (k <= 3046882))
	  ->  Bitmap Index Scan on k_8  (cost=0.00..5.50 rows=107 width=0)
	        Index Cond: ((k >= 3046782) AND (k <= 3046882))

for range-notcovered
table 1 : explain SELECT k, c FROM sbtest1 WHERE k BETWEEN 2010062 AND 2010162
	Bitmap Heap Scan on sbtest1  (cost=5.46..401.56 rows=100 width=125)
	  Recheck Cond: ((k >= 2010062) AND (k <= 2010162))
	  ->  Bitmap Index Scan on k_1  (cost=0.00..5.43 rows=100 width=0)
	        Index Cond: ((k >= 2010062) AND (k <= 2010162))

table 2 : explain SELECT k, c FROM sbtest2 WHERE k BETWEEN 2010062 AND 2010162
	Bitmap Heap Scan on sbtest2  (cost=5.53..429.30 rows=107 width=125)
	  Recheck Cond: ((k >= 2010062) AND (k <= 2010162))
	  ->  Bitmap Index Scan on k_2  (cost=0.00..5.50 rows=107 width=0)
	        Index Cond: ((k >= 2010062) AND (k <= 2010162))

table 3 : explain SELECT k, c FROM sbtest3 WHERE k BETWEEN 2010062 AND 2010162
	Bitmap Heap Scan on sbtest3  (cost=5.40..377.98 rows=94 width=125)
	  Recheck Cond: ((k >= 2010062) AND (k <= 2010162))
	  ->  Bitmap Index Scan on k_3  (cost=0.00..5.38 rows=94 width=0)
	        Index Cond: ((k >= 2010062) AND (k <= 2010162))

table 4 : explain SELECT k, c FROM sbtest4 WHERE k BETWEEN 2010062 AND 2010162
	Bitmap Heap Scan on sbtest4  (cost=5.48..409.66 rows=102 width=125)
	  Recheck Cond: ((k >= 2010062) AND (k <= 2010162))
	  ->  Bitmap Index Scan on k_4  (cost=0.00..5.45 rows=102 width=0)
	        Index Cond: ((k >= 2010062) AND (k <= 2010162))

table 5 : explain SELECT k, c FROM sbtest5 WHERE k BETWEEN 2010062 AND 2010162
	Bitmap Heap Scan on sbtest5  (cost=5.63..468.81 rows=117 width=125)
	  Recheck Cond: ((k >= 2010062) AND (k <= 2010162))
	  ->  Bitmap Index Scan on k_5  (cost=0.00..5.60 rows=117 width=0)
	        Index Cond: ((k >= 2010062) AND (k <= 2010162))

table 6 : explain SELECT k, c FROM sbtest6 WHERE k BETWEEN 2010062 AND 2010162
	Bitmap Heap Scan on sbtest6  (cost=5.50..417.56 rows=104 width=125)
	  Recheck Cond: ((k >= 2010062) AND (k <= 2010162))
	  ->  Bitmap Index Scan on k_6  (cost=0.00..5.47 rows=104 width=0)
	        Index Cond: ((k >= 2010062) AND (k <= 2010162))

table 7 : explain SELECT k, c FROM sbtest7 WHERE k BETWEEN 2010062 AND 2010162
	Bitmap Heap Scan on sbtest7  (cost=5.44..393.89 rows=98 width=125)
	  Recheck Cond: ((k >= 2010062) AND (k <= 2010162))
	  ->  Bitmap Index Scan on k_7  (cost=0.00..5.42 rows=98 width=0)
	        Index Cond: ((k >= 2010062) AND (k <= 2010162))

table 8 : explain SELECT k, c FROM sbtest8 WHERE k BETWEEN 2010062 AND 2010162
	Bitmap Heap Scan on sbtest8  (cost=5.57..445.18 rows=111 width=125)
	  Recheck Cond: ((k >= 2010062) AND (k <= 2010162))
	  ->  Bitmap Index Scan on k_8  (cost=0.00..5.54 rows=111 width=0)
	        Index Cond: ((k >= 2010062) AND (k <= 2010162))

for range-notcovered
table 1 : explain SELECT k, c FROM sbtest1 WHERE k BETWEEN 6433348 AND 6433448
	Bitmap Heap Scan on sbtest1  (cost=5.56..440.98 rows=110 width=125)
	  Recheck Cond: ((k >= 6433348) AND (k <= 6433448))
	  ->  Bitmap Index Scan on k_1  (cost=0.00..5.53 rows=110 width=0)
	        Index Cond: ((k >= 6433348) AND (k <= 6433448))

table 2 : explain SELECT k, c FROM sbtest2 WHERE k BETWEEN 6433348 AND 6433448
	Bitmap Heap Scan on sbtest2  (cost=5.39..374.05 rows=93 width=125)
	  Recheck Cond: ((k >= 6433348) AND (k <= 6433448))
	  ->  Bitmap Index Scan on k_2  (cost=0.00..5.36 rows=93 width=0)
	        Index Cond: ((k >= 6433348) AND (k <= 6433448))

table 3 : explain SELECT k, c FROM sbtest3 WHERE k BETWEEN 6433348 AND 6433448
	Bitmap Heap Scan on sbtest3  (cost=5.48..409.55 rows=102 width=125)
	  Recheck Cond: ((k >= 6433348) AND (k <= 6433448))
	  ->  Bitmap Index Scan on k_3  (cost=0.00..5.45 rows=102 width=0)
	        Index Cond: ((k >= 6433348) AND (k <= 6433448))

table 4 : explain SELECT k, c FROM sbtest4 WHERE k BETWEEN 6433348 AND 6433448
	Bitmap Heap Scan on sbtest4  (cost=5.44..393.87 rows=98 width=125)
	  Recheck Cond: ((k >= 6433348) AND (k <= 6433448))
	  ->  Bitmap Index Scan on k_4  (cost=0.00..5.42 rows=98 width=0)
	        Index Cond: ((k >= 6433348) AND (k <= 6433448))

table 5 : explain SELECT k, c FROM sbtest5 WHERE k BETWEEN 6433348 AND 6433448
	Bitmap Heap Scan on sbtest5  (cost=5.39..374.12 rows=93 width=125)
	  Recheck Cond: ((k >= 6433348) AND (k <= 6433448))
	  ->  Bitmap Index Scan on k_5  (cost=0.00..5.36 rows=93 width=0)
	        Index Cond: ((k >= 6433348) AND (k <= 6433448))

table 6 : explain SELECT k, c FROM sbtest6 WHERE k BETWEEN 6433348 AND 6433448
	Bitmap Heap Scan on sbtest6  (cost=5.50..417.56 rows=104 width=125)
	  Recheck Cond: ((k >= 6433348) AND (k <= 6433448))
	  ->  Bitmap Index Scan on k_6  (cost=0.00..5.47 rows=104 width=0)
	        Index Cond: ((k >= 6433348) AND (k <= 6433448))

table 7 : explain SELECT k, c FROM sbtest7 WHERE k BETWEEN 6433348 AND 6433448
	Bitmap Heap Scan on sbtest7  (cost=5.46..401.78 rows=100 width=125)
	  Recheck Cond: ((k >= 6433348) AND (k <= 6433448))
	  ->  Bitmap Index Scan on k_7  (cost=0.00..5.43 rows=100 width=0)
	        Index Cond: ((k >= 6433348) AND (k <= 6433448))

table 8 : explain SELECT k, c FROM sbtest8 WHERE k BETWEEN 6433348 AND 6433448
	Bitmap Heap Scan on sbtest8  (cost=5.48..409.67 rows=102 width=125)
	  Recheck Cond: ((k >= 6433348) AND (k <= 6433448))
	  ->  Bitmap Index Scan on k_8  (cost=0.00..5.45 rows=102 width=0)
	        Index Cond: ((k >= 6433348) AND (k <= 6433448))

explain: for range-notcovered :: explain SELECT k, c FROM sbtest%d WHERE k BETWEEN 6433348 AND 6433448
for range-notcovered
table 1 : explain SELECT k, c FROM sbtest1 WHERE k BETWEEN 6433348 AND 6433448
	Bitmap Heap Scan on sbtest1  (cost=5.56..440.98 rows=110 width=125)
	  Recheck Cond: ((k >= 6433348) AND (k <= 6433448))
	  ->  Bitmap Index Scan on k_1  (cost=0.00..5.53 rows=110 width=0)
	        Index Cond: ((k >= 6433348) AND (k <= 6433448))

table 2 : explain SELECT k, c FROM sbtest2 WHERE k BETWEEN 6433348 AND 6433448
	Bitmap Heap Scan on sbtest2  (cost=5.39..374.05 rows=93 width=125)
	  Recheck Cond: ((k >= 6433348) AND (k <= 6433448))
	  ->  Bitmap Index Scan on k_2  (cost=0.00..5.36 rows=93 width=0)
	        Index Cond: ((k >= 6433348) AND (k <= 6433448))

table 3 : explain SELECT k, c FROM sbtest3 WHERE k BETWEEN 6433348 AND 6433448
	Bitmap Heap Scan on sbtest3  (cost=5.48..409.55 rows=102 width=125)
	  Recheck Cond: ((k >= 6433348) AND (k <= 6433448))
	  ->  Bitmap Index Scan on k_3  (cost=0.00..5.45 rows=102 width=0)
	        Index Cond: ((k >= 6433348) AND (k <= 6433448))

table 4 : explain SELECT k, c FROM sbtest4 WHERE k BETWEEN 6433348 AND 6433448
	Bitmap Heap Scan on sbtest4  (cost=5.44..393.87 rows=98 width=125)
	  Recheck Cond: ((k >= 6433348) AND (k <= 6433448))
	  ->  Bitmap Index Scan on k_4  (cost=0.00..5.42 rows=98 width=0)
	        Index Cond: ((k >= 6433348) AND (k <= 6433448))

table 5 : explain SELECT k, c FROM sbtest5 WHERE k BETWEEN 6433348 AND 6433448
	Bitmap Heap Scan on sbtest5  (cost=5.39..374.12 rows=93 width=125)
	  Recheck Cond: ((k >= 6433348) AND (k <= 6433448))
	  ->  Bitmap Index Scan on k_5  (cost=0.00..5.36 rows=93 width=0)
	        Index Cond: ((k >= 6433348) AND (k <= 6433448))

table 6 : explain SELECT k, c FROM sbtest6 WHERE k BETWEEN 6433348 AND 6433448
	Bitmap Heap Scan on sbtest6  (cost=5.50..417.56 rows=104 width=125)
	  Recheck Cond: ((k >= 6433348) AND (k <= 6433448))
	  ->  Bitmap Index Scan on k_6  (cost=0.00..5.47 rows=104 width=0)
	        Index Cond: ((k >= 6433348) AND (k <= 6433448))

table 7 : explain SELECT k, c FROM sbtest7 WHERE k BETWEEN 6433348 AND 6433448
	Bitmap Heap Scan on sbtest7  (cost=5.46..401.78 rows=100 width=125)
	  Recheck Cond: ((k >= 6433348) AND (k <= 6433448))
	  ->  Bitmap Index Scan on k_7  (cost=0.00..5.43 rows=100 width=0)
	        Index Cond: ((k >= 6433348) AND (k <= 6433448))

table 8 : explain SELECT k, c FROM sbtest8 WHERE k BETWEEN 6433348 AND 6433448
	Bitmap Heap Scan on sbtest8  (cost=5.48..409.67 rows=102 width=125)
	  Recheck Cond: ((k >= 6433348) AND (k <= 6433448))
	  ->  Bitmap Index Scan on k_8  (cost=0.00..5.45 rows=102 width=0)
	        Index Cond: ((k >= 6433348) AND (k <= 6433448))

explain: for range-notcovered :: explain SELECT k, c FROM sbtest%d WHERE k BETWEEN 6433348 AND 6433448
for range-notcovered
table 1 : explain SELECT k, c FROM sbtest1 WHERE k BETWEEN 6433348 AND 6433448
	Bitmap Heap Scan on sbtest1  (cost=5.56..440.98 rows=110 width=125)
	  Recheck Cond: ((k >= 6433348) AND (k <= 6433448))
	  ->  Bitmap Index Scan on k_1  (cost=0.00..5.53 rows=110 width=0)
	        Index Cond: ((k >= 6433348) AND (k <= 6433448))

table 2 : explain SELECT k, c FROM sbtest2 WHERE k BETWEEN 6433348 AND 6433448
	Bitmap Heap Scan on sbtest2  (cost=5.39..374.05 rows=93 width=125)
	  Recheck Cond: ((k >= 6433348) AND (k <= 6433448))
	  ->  Bitmap Index Scan on k_2  (cost=0.00..5.36 rows=93 width=0)
	        Index Cond: ((k >= 6433348) AND (k <= 6433448))

table 3 : explain SELECT k, c FROM sbtest3 WHERE k BETWEEN 6433348 AND 6433448
	Bitmap Heap Scan on sbtest3  (cost=5.48..409.55 rows=102 width=125)
	  Recheck Cond: ((k >= 6433348) AND (k <= 6433448))
	  ->  Bitmap Index Scan on k_3  (cost=0.00..5.45 rows=102 width=0)
	        Index Cond: ((k >= 6433348) AND (k <= 6433448))

table 4 : explain SELECT k, c FROM sbtest4 WHERE k BETWEEN 6433348 AND 6433448
	Bitmap Heap Scan on sbtest4  (cost=5.44..393.87 rows=98 width=125)
	  Recheck Cond: ((k >= 6433348) AND (k <= 6433448))
	  ->  Bitmap Index Scan on k_4  (cost=0.00..5.42 rows=98 width=0)
	        Index Cond: ((k >= 6433348) AND (k <= 6433448))

table 5 : explain SELECT k, c FROM sbtest5 WHERE k BETWEEN 6433348 AND 6433448
	Bitmap Heap Scan on sbtest5  (cost=5.39..374.12 rows=93 width=125)
	  Recheck Cond: ((k >= 6433348) AND (k <= 6433448))
	  ->  Bitmap Index Scan on k_5  (cost=0.00..5.36 rows=93 width=0)
	        Index Cond: ((k >= 6433348) AND (k <= 6433448))

table 6 : explain SELECT k, c FROM sbtest6 WHERE k BETWEEN 6433348 AND 6433448
	Bitmap Heap Scan on sbtest6  (cost=5.50..417.56 rows=104 width=125)
	  Recheck Cond: ((k >= 6433348) AND (k <= 6433448))
	  ->  Bitmap Index Scan on k_6  (cost=0.00..5.47 rows=104 width=0)
	        Index Cond: ((k >= 6433348) AND (k <= 6433448))

table 7 : explain SELECT k, c FROM sbtest7 WHERE k BETWEEN 6433348 AND 6433448
	Bitmap Heap Scan on sbtest7  (cost=5.46..401.78 rows=100 width=125)
	  Recheck Cond: ((k >= 6433348) AND (k <= 6433448))
	  ->  Bitmap Index Scan on k_7  (cost=0.00..5.43 rows=100 width=0)
	        Index Cond: ((k >= 6433348) AND (k <= 6433448))

table 8 : explain SELECT k, c FROM sbtest8 WHERE k BETWEEN 6433348 AND 6433448
	Bitmap Heap Scan on sbtest8  (cost=5.48..409.67 rows=102 width=125)
	  Recheck Cond: ((k >= 6433348) AND (k <= 6433448))
	  ->  Bitmap Index Scan on k_8  (cost=0.00..5.45 rows=102 width=0)
	        Index Cond: ((k >= 6433348) AND (k <= 6433448))

Threads started!

Warming up for 5 seconds...

SQL statistics:
    queries performed:
        read:                            99354010
        write:                           0
        other:                           0
        total:                           99354010
    transactions:                        99354010 (157703.32 per sec.)
    queries:                             99354010 (157703.32 per sec.)
    ignored errors:                      0      (0.00 per sec.)
    reconnects:                          0      (0.00 per sec.)

Throughput:
    events/s (eps):                      157703.3176
    time elapsed:                        630.0059s
    total number of events:              99354010

Latency (ms):
         min:                                    0.07
         avg:                                    0.25
         max:                                   24.18
         95th percentile:                        0.29
         sum:                             25151775.01

Threads fairness:
    events (avg/stddev):           2483847.6750/6379.48
    execution time (avg/stddev):   628.7944/0.02

