LUA_PATH=/home/mdcallag/git/mytools/bench/sysbench.lua/lua/?.lua /home/mdcallag/git/mytools/bench/sysbench.lua/lua/sysbench --db-driver=pgsql --range-size=100 --table-size=10000000 --tables=8 --threads=40 --events=0 --warmup-time=5 --time=630 --pgsql_conn_id=true /home/mdcallag/git/mytools/bench/sysbench.lua/lua/oltp_range_covered.lua run --pgsql-user=root --pgsql-password=pw --pgsql-host=127.0.0.1 --pgsql-db=ib --rand-type=uniform --random-points=100 --skip-trx --on-id=false
48 CPUs
sysbench 1.1.0-9072687 (using bundled LuaJIT 2.1.0-beta3)

Running the test with following options:
Number of threads: 40
Warmup time: 5s
Initializing random number generator from current time


Initializing worker threads...

explain: for range-covered :: explain SELECT k FROM sbtest%d WHERE k BETWEEN 3419479 AND 3419579
explain: for range-covered :: explain SELECT k FROM sbtest%d WHERE k BETWEEN 7056015 AND 7056115
explain: for range-covered :: explain SELECT k FROM sbtest%d WHERE k BETWEEN 3593779 AND 3593879
explain: for range-covered :: explain SELECT k FROM sbtest%d WHERE k BETWEEN 3304335 AND 3304435
explain: for range-covered :: explain SELECT k FROM sbtest%d WHERE k BETWEEN 5161062 AND 5161162
explain: for range-covered :: explain SELECT k FROM sbtest%d WHERE k BETWEEN 4040426 AND 4040526
explain: for range-covered :: explain SELECT k FROM sbtest%d WHERE k BETWEEN 6966820 AND 6966920
explain: for range-covered :: explain SELECT k FROM sbtest%d WHERE k BETWEEN 4277414 AND 4277514
explain: for range-covered :: explain SELECT k FROM sbtest%d WHERE k BETWEEN 7247718 AND 7247818
for range-covered
table 1 : explain SELECT k FROM sbtest1 WHERE k BETWEEN 3419479 AND 3419579
	Index Only Scan using k_1 on sbtest1  (cost=0.43..10.32 rows=94 width=4)
	  Index Cond: ((k >= 3419479) AND (k <= 3419579))

table 2 : explain SELECT k FROM sbtest2 WHERE k BETWEEN 3419479 AND 3419579
	Index Only Scan using k_2 on sbtest2  (cost=0.43..6.50 rows=103 width=4)
	  Index Cond: ((k >= 3419479) AND (k <= 3419579))

table 3 : explain SELECT k FROM sbtest3 WHERE k BETWEEN 3419479 AND 3419579
	Index Only Scan using k_3 on sbtest3  (cost=0.43..6.51 rows=104 width=4)
	  Index Cond: ((k >= 3419479) AND (k <= 3419579))

table 4 : explain SELECT k FROM sbtest4 WHERE k BETWEEN 3419479 AND 3419579
	Index Only Scan using k_4 on sbtest4  (cost=0.43..6.59 rows=108 width=4)
	  Index Cond: ((k >= 3419479) AND (k <= 3419579))

table 5 : explain SELECT k FROM sbtest5 WHERE k BETWEEN 3419479 AND 3419579
	Index Only Scan using k_5 on sbtest5  (cost=0.43..10.51 rows=104 width=4)
	  Index Cond: ((k >= 3419479) AND (k <= 3419579))

table 6 : explain SELECT k FROM sbtest6 WHERE k BETWEEN 3419479 AND 3419579
	Index Only Scan using k_6 on sbtest6  (cost=0.43..6.45 rows=101 width=4)
	  Index Cond: ((k >= 3419479) AND (k <= 3419579))

table 7 : explain SELECT k FROM sbtest7 WHERE k BETWEEN 3419479 AND 3419579
	Index Only Scan using k_7 on sbtest7  (cost=0.43..10.33 rows=95 width=4)
	  Index Cond: ((k >= 3419479) AND (k <= 3419579))

table 8 : explain SELECT k FROM sbtest8 WHERE k BETWEEN 3419479 AND 3419579
	Index Only Scan using k_8 on sbtest8  (cost=0.43..10.58 rows=107 width=4)
	  Index Cond: ((k >= 3419479) AND (k <= 3419579))

explain: for range-covered :: explain SELECT k FROM sbtest%d WHERE k BETWEEN 3419479 AND 3419579
for range-covered
table 1 : explain SELECT k FROM sbtest1 WHERE k BETWEEN 3419479 AND 3419579
	Index Only Scan using k_1 on sbtest1  (cost=0.43..10.32 rows=94 width=4)
	  Index Cond: ((k >= 3419479) AND (k <= 3419579))

table 2 : explain SELECT k FROM sbtest2 WHERE k BETWEEN 3419479 AND 3419579
	Index Only Scan using k_2 on sbtest2  (cost=0.43..6.50 rows=103 width=4)
	  Index Cond: ((k >= 3419479) AND (k <= 3419579))

table 3 : explain SELECT k FROM sbtest3 WHERE k BETWEEN 3419479 AND 3419579
	Index Only Scan using k_3 on sbtest3  (cost=0.43..6.51 rows=104 width=4)
	  Index Cond: ((k >= 3419479) AND (k <= 3419579))

table 4 : explain SELECT k FROM sbtest4 WHERE k BETWEEN 3419479 AND 3419579
	Index Only Scan using k_4 on sbtest4  (cost=0.43..6.59 rows=108 width=4)
	  Index Cond: ((k >= 3419479) AND (k <= 3419579))

table 5 : explain SELECT k FROM sbtest5 WHERE k BETWEEN 3419479 AND 3419579
	Index Only Scan using k_5 on sbtest5  (cost=0.43..10.51 rows=104 width=4)
	  Index Cond: ((k >= 3419479) AND (k <= 3419579))

table 6 : explain SELECT k FROM sbtest6 WHERE k BETWEEN 3419479 AND 3419579
	Index Only Scan using k_6 on sbtest6  (cost=0.43..6.45 rows=101 width=4)
	  Index Cond: ((k >= 3419479) AND (k <= 3419579))

table 7 : explain SELECT k FROM sbtest7 WHERE k BETWEEN 3419479 AND 3419579
	Index Only Scan using k_7 on sbtest7  (cost=0.43..10.33 rows=95 width=4)
	  Index Cond: ((k >= 3419479) AND (k <= 3419579))

table 8 : explain SELECT k FROM sbtest8 WHERE k BETWEEN 3419479 AND 3419579
	Index Only Scan using k_8 on sbtest8  (cost=0.43..10.58 rows=107 width=4)
	  Index Cond: ((k >= 3419479) AND (k <= 3419579))

explain: for range-covered :: explain SELECT k FROM sbtest%d WHERE k BETWEEN 3419479 AND 3419579
for range-covered
table 1 : explain SELECT k FROM sbtest1 WHERE k BETWEEN 3304335 AND 3304435
	Index Only Scan using k_1 on sbtest1  (cost=0.43..10.38 rows=97 width=4)
	  Index Cond: ((k >= 3304335) AND (k <= 3304435))

table 2 : explain SELECT k FROM sbtest2 WHERE k BETWEEN 3304335 AND 3304435
	Index Only Scan using k_2 on sbtest2  (cost=0.43..6.66 rows=111 width=4)
	  Index Cond: ((k >= 3304335) AND (k <= 3304435))

table 3 : explain SELECT k FROM sbtest3 WHERE k BETWEEN 3304335 AND 3304435
	Index Only Scan using k_3 on sbtest3  (cost=0.43..6.45 rows=101 width=4)
	  Index Cond: ((k >= 3304335) AND (k <= 3304435))

table 4 : explain SELECT k FROM sbtest4 WHERE k BETWEEN 3304335 AND 3304435
	Index Only Scan using k_4 on sbtest4  (cost=0.43..6.43 rows=100 width=4)
	  Index Cond: ((k >= 3304335) AND (k <= 3304435))

table 5 : explain SELECT k FROM sbtest5 WHERE k BETWEEN 3304335 AND 3304435
	Index Only Scan using k_5 on sbtest5  (cost=0.43..10.42 rows=99 width=4)
	  Index Cond: ((k >= 3304335) AND (k <= 3304435))

table 6 : explain SELECT k FROM sbtest6 WHERE k BETWEEN 3304335 AND 3304435
	Index Only Scan using k_6 on sbtest6  (cost=0.43..6.40 rows=98 width=4)
	  Index Cond: ((k >= 3304335) AND (k <= 3304435))

table 7 : explain SELECT k FROM sbtest7 WHERE k BETWEEN 3304335 AND 3304435
	Index Only Scan using k_7 on sbtest7  (cost=0.43..10.38 rows=97 width=4)
	  Index Cond: ((k >= 3304335) AND (k <= 3304435))

table 8 : explain SELECT k FROM sbtest8 WHERE k BETWEEN 3304335 AND 3304435
	Index Only Scan using k_8 on sbtest8  (cost=0.43..10.46 rows=101 width=4)
	  Index Cond: ((k >= 3304335) AND (k <= 3304435))

explain: for range-covered :: explain SELECT k FROM sbtest%d WHERE k BETWEEN 3304335 AND 3304435
for range-covered
table 1 : explain SELECT k FROM sbtest1 WHERE k BETWEEN 3419479 AND 3419579
	Index Only Scan using k_1 on sbtest1  (cost=0.43..10.32 rows=94 width=4)
	  Index Cond: ((k >= 3419479) AND (k <= 3419579))

table 2 : explain SELECT k FROM sbtest2 WHERE k BETWEEN 3419479 AND 3419579
	Index Only Scan using k_2 on sbtest2  (cost=0.43..6.50 rows=103 width=4)
	  Index Cond: ((k >= 3419479) AND (k <= 3419579))

table 3 : explain SELECT k FROM sbtest3 WHERE k BETWEEN 3419479 AND 3419579
	Index Only Scan using k_3 on sbtest3  (cost=0.43..6.51 rows=104 width=4)
	  Index Cond: ((k >= 3419479) AND (k <= 3419579))

table 4 : explain SELECT k FROM sbtest4 WHERE k BETWEEN 3419479 AND 3419579
	Index Only Scan using k_4 on sbtest4  (cost=0.43..6.59 rows=108 width=4)
	  Index Cond: ((k >= 3419479) AND (k <= 3419579))

table 5 : explain SELECT k FROM sbtest5 WHERE k BETWEEN 3419479 AND 3419579
	Index Only Scan using k_5 on sbtest5  (cost=0.43..10.51 rows=104 width=4)
	  Index Cond: ((k >= 3419479) AND (k <= 3419579))

table 6 : explain SELECT k FROM sbtest6 WHERE k BETWEEN 3419479 AND 3419579
	Index Only Scan using k_6 on sbtest6  (cost=0.43..6.45 rows=101 width=4)
	  Index Cond: ((k >= 3419479) AND (k <= 3419579))

table 7 : explain SELECT k FROM sbtest7 WHERE k BETWEEN 3419479 AND 3419579
	Index Only Scan using k_7 on sbtest7  (cost=0.43..10.33 rows=95 width=4)
	  Index Cond: ((k >= 3419479) AND (k <= 3419579))

table 8 : explain SELECT k FROM sbtest8 WHERE k BETWEEN 3419479 AND 3419579
	Index Only Scan using k_8 on sbtest8  (cost=0.43..10.58 rows=107 width=4)
	  Index Cond: ((k >= 3419479) AND (k <= 3419579))

explain: for range-covered :: explain SELECT k FROM sbtest%d WHERE k BETWEEN 3419479 AND 3419579
for range-covered
table 1 : explain SELECT k FROM sbtest1 WHERE k BETWEEN 3304335 AND 3304435
	Index Only Scan using k_1 on sbtest1  (cost=0.43..10.38 rows=97 width=4)
	  Index Cond: ((k >= 3304335) AND (k <= 3304435))

table 2 : explain SELECT k FROM sbtest2 WHERE k BETWEEN 3304335 AND 3304435
	Index Only Scan using k_2 on sbtest2  (cost=0.43..6.66 rows=111 width=4)
	  Index Cond: ((k >= 3304335) AND (k <= 3304435))

table 3 : explain SELECT k FROM sbtest3 WHERE k BETWEEN 3304335 AND 3304435
	Index Only Scan using k_3 on sbtest3  (cost=0.43..6.45 rows=101 width=4)
	  Index Cond: ((k >= 3304335) AND (k <= 3304435))

table 4 : explain SELECT k FROM sbtest4 WHERE k BETWEEN 3304335 AND 3304435
	Index Only Scan using k_4 on sbtest4  (cost=0.43..6.43 rows=100 width=4)
	  Index Cond: ((k >= 3304335) AND (k <= 3304435))

table 5 : explain SELECT k FROM sbtest5 WHERE k BETWEEN 3304335 AND 3304435
	Index Only Scan using k_5 on sbtest5  (cost=0.43..10.42 rows=99 width=4)
	  Index Cond: ((k >= 3304335) AND (k <= 3304435))

table 6 : explain SELECT k FROM sbtest6 WHERE k BETWEEN 3304335 AND 3304435
	Index Only Scan using k_6 on sbtest6  (cost=0.43..6.40 rows=98 width=4)
	  Index Cond: ((k >= 3304335) AND (k <= 3304435))

table 7 : explain SELECT k FROM sbtest7 WHERE k BETWEEN 3304335 AND 3304435
	Index Only Scan using k_7 on sbtest7  (cost=0.43..10.38 rows=97 width=4)
	  Index Cond: ((k >= 3304335) AND (k <= 3304435))

table 8 : explain SELECT k FROM sbtest8 WHERE k BETWEEN 3304335 AND 3304435
	Index Only Scan using k_8 on sbtest8  (cost=0.43..10.46 rows=101 width=4)
	  Index Cond: ((k >= 3304335) AND (k <= 3304435))

explain: for range-covered :: explain SELECT k FROM sbtest%d WHERE k BETWEEN 3304335 AND 3304435
for range-covered
table 1 : explain SELECT k FROM sbtest1 WHERE k BETWEEN 3419479 AND 3419579
	Index Only Scan using k_1 on sbtest1  (cost=0.43..10.32 rows=94 width=4)
	  Index Cond: ((k >= 3419479) AND (k <= 3419579))

table 2 : explain SELECT k FROM sbtest2 WHERE k BETWEEN 3419479 AND 3419579
	Index Only Scan using k_2 on sbtest2  (cost=0.43..6.50 rows=103 width=4)
	  Index Cond: ((k >= 3419479) AND (k <= 3419579))

table 3 : explain SELECT k FROM sbtest3 WHERE k BETWEEN 3419479 AND 3419579
	Index Only Scan using k_3 on sbtest3  (cost=0.43..6.51 rows=104 width=4)
	  Index Cond: ((k >= 3419479) AND (k <= 3419579))

table 4 : explain SELECT k FROM sbtest4 WHERE k BETWEEN 3419479 AND 3419579
	Index Only Scan using k_4 on sbtest4  (cost=0.43..6.59 rows=108 width=4)
	  Index Cond: ((k >= 3419479) AND (k <= 3419579))

table 5 : explain SELECT k FROM sbtest5 WHERE k BETWEEN 3419479 AND 3419579
	Index Only Scan using k_5 on sbtest5  (cost=0.43..10.51 rows=104 width=4)
	  Index Cond: ((k >= 3419479) AND (k <= 3419579))

table 6 : explain SELECT k FROM sbtest6 WHERE k BETWEEN 3419479 AND 3419579
	Index Only Scan using k_6 on sbtest6  (cost=0.43..6.45 rows=101 width=4)
	  Index Cond: ((k >= 3419479) AND (k <= 3419579))

table 7 : explain SELECT k FROM sbtest7 WHERE k BETWEEN 3419479 AND 3419579
	Index Only Scan using k_7 on sbtest7  (cost=0.43..10.33 rows=95 width=4)
	  Index Cond: ((k >= 3419479) AND (k <= 3419579))

table 8 : explain SELECT k FROM sbtest8 WHERE k BETWEEN 3419479 AND 3419579
	Index Only Scan using k_8 on sbtest8  (cost=0.43..10.58 rows=107 width=4)
	  Index Cond: ((k >= 3419479) AND (k <= 3419579))

explain: for range-covered :: explain SELECT k FROM sbtest%d WHERE k BETWEEN 3419479 AND 3419579
for range-covered
table 1 : explain SELECT k FROM sbtest1 WHERE k BETWEEN 6966820 AND 6966920
	Index Only Scan using k_1 on sbtest1  (cost=0.43..10.58 rows=107 width=4)
	  Index Cond: ((k >= 6966820) AND (k <= 6966920))

table 2 : explain SELECT k FROM sbtest2 WHERE k BETWEEN 6966820 AND 6966920
	Index Only Scan using k_2 on sbtest2  (cost=0.43..6.47 rows=102 width=4)
	  Index Cond: ((k >= 6966820) AND (k <= 6966920))

table 3 : explain SELECT k FROM sbtest3 WHERE k BETWEEN 6966820 AND 6966920
	Index Only Scan using k_3 on sbtest3  (cost=0.43..6.45 rows=101 width=4)
	  Index Cond: ((k >= 6966820) AND (k <= 6966920))

table 4 : explain SELECT k FROM sbtest4 WHERE k BETWEEN 6966820 AND 6966920
	Index Only Scan using k_4 on sbtest4  (cost=0.43..6.29 rows=93 width=4)
	  Index Cond: ((k >= 6966820) AND (k <= 6966920))

table 5 : explain SELECT k FROM sbtest5 WHERE k BETWEEN 6966820 AND 6966920
	Index Only Scan using k_5 on sbtest5  (cost=0.43..10.32 rows=94 width=4)
	  Index Cond: ((k >= 6966820) AND (k <= 6966920))

table 6 : explain SELECT k FROM sbtest6 WHERE k BETWEEN 6966820 AND 6966920
	Index Only Scan using k_6 on sbtest6  (cost=0.43..6.40 rows=98 width=4)
	  Index Cond: ((k >= 6966820) AND (k <= 6966920))

table 7 : explain SELECT k FROM sbtest7 WHERE k BETWEEN 6966820 AND 6966920
	Index Only Scan using k_7 on sbtest7  (cost=0.43..10.76 rows=116 width=4)
	  Index Cond: ((k >= 6966820) AND (k <= 6966920))

table 8 : explain SELECT k FROM sbtest8 WHERE k BETWEEN 6966820 AND 6966920
	Index Only Scan using k_8 on sbtest8  (cost=0.43..10.33 rows=95 width=4)
	  Index Cond: ((k >= 6966820) AND (k <= 6966920))

explain: for range-covered :: explain SELECT k FROM sbtest%d WHERE k BETWEEN 5176118 AND 5176218
explain: for range-covered :: explain SELECT k FROM sbtest%d WHERE k BETWEEN 6966820 AND 6966920
for range-covered
table 1 : explain SELECT k FROM sbtest1 WHERE k BETWEEN 3304335 AND 3304435
	Index Only Scan using k_1 on sbtest1  (cost=0.43..10.38 rows=97 width=4)
	  Index Cond: ((k >= 3304335) AND (k <= 3304435))

table 2 : explain SELECT k FROM sbtest2 WHERE k BETWEEN 3304335 AND 3304435
	Index Only Scan using k_2 on sbtest2  (cost=0.43..6.66 rows=111 width=4)
	  Index Cond: ((k >= 3304335) AND (k <= 3304435))

table 3 : explain SELECT k FROM sbtest3 WHERE k BETWEEN 3304335 AND 3304435
	Index Only Scan using k_3 on sbtest3  (cost=0.43..6.45 rows=101 width=4)
	  Index Cond: ((k >= 3304335) AND (k <= 3304435))

table 4 : explain SELECT k FROM sbtest4 WHERE k BETWEEN 3304335 AND 3304435
	Index Only Scan using k_4 on sbtest4  (cost=0.43..6.43 rows=100 width=4)
	  Index Cond: ((k >= 3304335) AND (k <= 3304435))

table 5 : explain SELECT k FROM sbtest5 WHERE k BETWEEN 3304335 AND 3304435
	Index Only Scan using k_5 on sbtest5  (cost=0.43..10.42 rows=99 width=4)
	  Index Cond: ((k >= 3304335) AND (k <= 3304435))

table 6 : explain SELECT k FROM sbtest6 WHERE k BETWEEN 3304335 AND 3304435
	Index Only Scan using k_6 on sbtest6  (cost=0.43..6.40 rows=98 width=4)
	  Index Cond: ((k >= 3304335) AND (k <= 3304435))

table 7 : explain SELECT k FROM sbtest7 WHERE k BETWEEN 3304335 AND 3304435
	Index Only Scan using k_7 on sbtest7  (cost=0.43..10.38 rows=97 width=4)
	  Index Cond: ((k >= 3304335) AND (k <= 3304435))

table 8 : explain SELECT k FROM sbtest8 WHERE k BETWEEN 3304335 AND 3304435
	Index Only Scan using k_8 on sbtest8  (cost=0.43..10.46 rows=101 width=4)
	  Index Cond: ((k >= 3304335) AND (k <= 3304435))

explain: for range-covered :: explain SELECT k FROM sbtest%d WHERE k BETWEEN 3304335 AND 3304435
explain: for range-covered :: explain SELECT k FROM sbtest%d WHERE k BETWEEN 2133202 AND 2133302
for range-covered
table 1 : explain SELECT k FROM sbtest1 WHERE k BETWEEN 6966820 AND 6966920
	Index Only Scan using k_1 on sbtest1  (cost=0.43..10.58 rows=107 width=4)
	  Index Cond: ((k >= 6966820) AND (k <= 6966920))

table 2 : explain SELECT k FROM sbtest2 WHERE k BETWEEN 6966820 AND 6966920
	Index Only Scan using k_2 on sbtest2  (cost=0.43..6.47 rows=102 width=4)
	  Index Cond: ((k >= 6966820) AND (k <= 6966920))

table 3 : explain SELECT k FROM sbtest3 WHERE k BETWEEN 6966820 AND 6966920
	Index Only Scan using k_3 on sbtest3  (cost=0.43..6.45 rows=101 width=4)
	  Index Cond: ((k >= 6966820) AND (k <= 6966920))

table 4 : explain SELECT k FROM sbtest4 WHERE k BETWEEN 6966820 AND 6966920
	Index Only Scan using k_4 on sbtest4  (cost=0.43..6.29 rows=93 width=4)
	  Index Cond: ((k >= 6966820) AND (k <= 6966920))

table 5 : explain SELECT k FROM sbtest5 WHERE k BETWEEN 6966820 AND 6966920
	Index Only Scan using k_5 on sbtest5  (cost=0.43..10.32 rows=94 width=4)
	  Index Cond: ((k >= 6966820) AND (k <= 6966920))

table 6 : explain SELECT k FROM sbtest6 WHERE k BETWEEN 6966820 AND 6966920
	Index Only Scan using k_6 on sbtest6  (cost=0.43..6.40 rows=98 width=4)
	  Index Cond: ((k >= 6966820) AND (k <= 6966920))

table 7 : explain SELECT k FROM sbtest7 WHERE k BETWEEN 6966820 AND 6966920
	Index Only Scan using k_7 on sbtest7  (cost=0.43..10.76 rows=116 width=4)
	  Index Cond: ((k >= 6966820) AND (k <= 6966920))

table 8 : explain SELECT k FROM sbtest8 WHERE k BETWEEN 6966820 AND 6966920
	Index Only Scan using k_8 on sbtest8  (cost=0.43..10.33 rows=95 width=4)
	  Index Cond: ((k >= 6966820) AND (k <= 6966920))

explain: for range-covered :: explain SELECT k FROM sbtest%d WHERE k BETWEEN 6966820 AND 6966920
for range-covered
table 1 : explain SELECT k FROM sbtest1 WHERE k BETWEEN 3304335 AND 3304435
	Index Only Scan using k_1 on sbtest1  (cost=0.43..10.38 rows=97 width=4)
	  Index Cond: ((k >= 3304335) AND (k <= 3304435))

table 2 : explain SELECT k FROM sbtest2 WHERE k BETWEEN 3304335 AND 3304435
	Index Only Scan using k_2 on sbtest2  (cost=0.43..6.66 rows=111 width=4)
	  Index Cond: ((k >= 3304335) AND (k <= 3304435))

table 3 : explain SELECT k FROM sbtest3 WHERE k BETWEEN 3304335 AND 3304435
	Index Only Scan using k_3 on sbtest3  (cost=0.43..6.45 rows=101 width=4)
	  Index Cond: ((k >= 3304335) AND (k <= 3304435))

table 4 : explain SELECT k FROM sbtest4 WHERE k BETWEEN 3304335 AND 3304435
	Index Only Scan using k_4 on sbtest4  (cost=0.43..6.43 rows=100 width=4)
	  Index Cond: ((k >= 3304335) AND (k <= 3304435))

table 5 : explain SELECT k FROM sbtest5 WHERE k BETWEEN 3304335 AND 3304435
	Index Only Scan using k_5 on sbtest5  (cost=0.43..10.42 rows=99 width=4)
	  Index Cond: ((k >= 3304335) AND (k <= 3304435))

table 6 : explain SELECT k FROM sbtest6 WHERE k BETWEEN 3304335 AND 3304435
	Index Only Scan using k_6 on sbtest6  (cost=0.43..6.40 rows=98 width=4)
	  Index Cond: ((k >= 3304335) AND (k <= 3304435))

table 7 : explain SELECT k FROM sbtest7 WHERE k BETWEEN 3304335 AND 3304435
	Index Only Scan using k_7 on sbtest7  (cost=0.43..10.38 rows=97 width=4)
	  Index Cond: ((k >= 3304335) AND (k <= 3304435))

table 8 : explain SELECT k FROM sbtest8 WHERE k BETWEEN 3304335 AND 3304435
	Index Only Scan using k_8 on sbtest8  (cost=0.43..10.46 rows=101 width=4)
	  Index Cond: ((k >= 3304335) AND (k <= 3304435))

explain: for range-covered :: explain SELECT k FROM sbtest%d WHERE k BETWEEN 3304335 AND 3304435
for range-covered
table 1 : explain SELECT k FROM sbtest1 WHERE k BETWEEN 3419479 AND 3419579
	Index Only Scan using k_1 on sbtest1  (cost=0.43..10.32 rows=94 width=4)
	  Index Cond: ((k >= 3419479) AND (k <= 3419579))

table 2 : explain SELECT k FROM sbtest2 WHERE k BETWEEN 3419479 AND 3419579
	Index Only Scan using k_2 on sbtest2  (cost=0.43..6.50 rows=103 width=4)
	  Index Cond: ((k >= 3419479) AND (k <= 3419579))

table 3 : explain SELECT k FROM sbtest3 WHERE k BETWEEN 3419479 AND 3419579
	Index Only Scan using k_3 on sbtest3  (cost=0.43..6.51 rows=104 width=4)
	  Index Cond: ((k >= 3419479) AND (k <= 3419579))

table 4 : explain SELECT k FROM sbtest4 WHERE k BETWEEN 3419479 AND 3419579
	Index Only Scan using k_4 on sbtest4  (cost=0.43..6.59 rows=108 width=4)
	  Index Cond: ((k >= 3419479) AND (k <= 3419579))

table 5 : explain SELECT k FROM sbtest5 WHERE k BETWEEN 3419479 AND 3419579
	Index Only Scan using k_5 on sbtest5  (cost=0.43..10.51 rows=104 width=4)
	  Index Cond: ((k >= 3419479) AND (k <= 3419579))

table 6 : explain SELECT k FROM sbtest6 WHERE k BETWEEN 3419479 AND 3419579
	Index Only Scan using k_6 on sbtest6  (cost=0.43..6.45 rows=101 width=4)
	  Index Cond: ((k >= 3419479) AND (k <= 3419579))

table 7 : explain SELECT k FROM sbtest7 WHERE k BETWEEN 3419479 AND 3419579
	Index Only Scan using k_7 on sbtest7  (cost=0.43..10.33 rows=95 width=4)
	  Index Cond: ((k >= 3419479) AND (k <= 3419579))

table 8 : explain SELECT k FROM sbtest8 WHERE k BETWEEN 3419479 AND 3419579
	Index Only Scan using k_8 on sbtest8  (cost=0.43..10.58 rows=107 width=4)
	  Index Cond: ((k >= 3419479) AND (k <= 3419579))

explain: for range-covered :: explain SELECT k FROM sbtest%d WHERE k BETWEEN 3419479 AND 3419579
for range-covered
table 1 : explain SELECT k FROM sbtest1 WHERE k BETWEEN 6966820 AND 6966920
	Index Only Scan using k_1 on sbtest1  (cost=0.43..10.58 rows=107 width=4)
	  Index Cond: ((k >= 6966820) AND (k <= 6966920))

table 2 : explain SELECT k FROM sbtest2 WHERE k BETWEEN 6966820 AND 6966920
	Index Only Scan using k_2 on sbtest2  (cost=0.43..6.47 rows=102 width=4)
	  Index Cond: ((k >= 6966820) AND (k <= 6966920))

table 3 : explain SELECT k FROM sbtest3 WHERE k BETWEEN 6966820 AND 6966920
	Index Only Scan using k_3 on sbtest3  (cost=0.43..6.45 rows=101 width=4)
	  Index Cond: ((k >= 6966820) AND (k <= 6966920))

table 4 : explain SELECT k FROM sbtest4 WHERE k BETWEEN 6966820 AND 6966920
	Index Only Scan using k_4 on sbtest4  (cost=0.43..6.29 rows=93 width=4)
	  Index Cond: ((k >= 6966820) AND (k <= 6966920))

table 5 : explain SELECT k FROM sbtest5 WHERE k BETWEEN 6966820 AND 6966920
	Index Only Scan using k_5 on sbtest5  (cost=0.43..10.32 rows=94 width=4)
	  Index Cond: ((k >= 6966820) AND (k <= 6966920))

table 6 : explain SELECT k FROM sbtest6 WHERE k BETWEEN 6966820 AND 6966920
	Index Only Scan using k_6 on sbtest6  (cost=0.43..6.40 rows=98 width=4)
	  Index Cond: ((k >= 6966820) AND (k <= 6966920))

table 7 : explain SELECT k FROM sbtest7 WHERE k BETWEEN 6966820 AND 6966920
	Index Only Scan using k_7 on sbtest7  (cost=0.43..10.76 rows=116 width=4)
	  Index Cond: ((k >= 6966820) AND (k <= 6966920))

table 8 : explain SELECT k FROM sbtest8 WHERE k BETWEEN 6966820 AND 6966920
	Index Only Scan using k_8 on sbtest8  (cost=0.43..10.33 rows=95 width=4)
	  Index Cond: ((k >= 6966820) AND (k <= 6966920))

explain: for range-covered :: explain SELECT k FROM sbtest%d WHERE k BETWEEN 6966820 AND 6966920
for range-covered
table 1 : explain SELECT k FROM sbtest1 WHERE k BETWEEN 3304335 AND 3304435
	Index Only Scan using k_1 on sbtest1  (cost=0.43..10.38 rows=97 width=4)
	  Index Cond: ((k >= 3304335) AND (k <= 3304435))

table 2 : explain SELECT k FROM sbtest2 WHERE k BETWEEN 3304335 AND 3304435
	Index Only Scan using k_2 on sbtest2  (cost=0.43..6.66 rows=111 width=4)
	  Index Cond: ((k >= 3304335) AND (k <= 3304435))

table 3 : explain SELECT k FROM sbtest3 WHERE k BETWEEN 3304335 AND 3304435
	Index Only Scan using k_3 on sbtest3  (cost=0.43..6.45 rows=101 width=4)
	  Index Cond: ((k >= 3304335) AND (k <= 3304435))

table 4 : explain SELECT k FROM sbtest4 WHERE k BETWEEN 3304335 AND 3304435
	Index Only Scan using k_4 on sbtest4  (cost=0.43..6.43 rows=100 width=4)
	  Index Cond: ((k >= 3304335) AND (k <= 3304435))

table 5 : explain SELECT k FROM sbtest5 WHERE k BETWEEN 3304335 AND 3304435
	Index Only Scan using k_5 on sbtest5  (cost=0.43..10.42 rows=99 width=4)
	  Index Cond: ((k >= 3304335) AND (k <= 3304435))

table 6 : explain SELECT k FROM sbtest6 WHERE k BETWEEN 3304335 AND 3304435
	Index Only Scan using k_6 on sbtest6  (cost=0.43..6.40 rows=98 width=4)
	  Index Cond: ((k >= 3304335) AND (k <= 3304435))

table 7 : explain SELECT k FROM sbtest7 WHERE k BETWEEN 3304335 AND 3304435
	Index Only Scan using k_7 on sbtest7  (cost=0.43..10.38 rows=97 width=4)
	  Index Cond: ((k >= 3304335) AND (k <= 3304435))

table 8 : explain SELECT k FROM sbtest8 WHERE k BETWEEN 3304335 AND 3304435
	Index Only Scan using k_8 on sbtest8  (cost=0.43..10.46 rows=101 width=4)
	  Index Cond: ((k >= 3304335) AND (k <= 3304435))

explain: for range-covered :: explain SELECT k FROM sbtest%d WHERE k BETWEEN 3304335 AND 3304435
for range-covered
table 1 : explain SELECT k FROM sbtest1 WHERE k BETWEEN 6966820 AND 6966920
	Index Only Scan using k_1 on sbtest1  (cost=0.43..10.58 rows=107 width=4)
	  Index Cond: ((k >= 6966820) AND (k <= 6966920))

table 2 : explain SELECT k FROM sbtest2 WHERE k BETWEEN 6966820 AND 6966920
	Index Only Scan using k_2 on sbtest2  (cost=0.43..6.47 rows=102 width=4)
	  Index Cond: ((k >= 6966820) AND (k <= 6966920))

table 3 : explain SELECT k FROM sbtest3 WHERE k BETWEEN 6966820 AND 6966920
	Index Only Scan using k_3 on sbtest3  (cost=0.43..6.45 rows=101 width=4)
	  Index Cond: ((k >= 6966820) AND (k <= 6966920))

table 4 : explain SELECT k FROM sbtest4 WHERE k BETWEEN 6966820 AND 6966920
	Index Only Scan using k_4 on sbtest4  (cost=0.43..6.29 rows=93 width=4)
	  Index Cond: ((k >= 6966820) AND (k <= 6966920))

table 5 : explain SELECT k FROM sbtest5 WHERE k BETWEEN 6966820 AND 6966920
	Index Only Scan using k_5 on sbtest5  (cost=0.43..10.32 rows=94 width=4)
	  Index Cond: ((k >= 6966820) AND (k <= 6966920))

table 6 : explain SELECT k FROM sbtest6 WHERE k BETWEEN 6966820 AND 6966920
	Index Only Scan using k_6 on sbtest6  (cost=0.43..6.40 rows=98 width=4)
	  Index Cond: ((k >= 6966820) AND (k <= 6966920))

table 7 : explain SELECT k FROM sbtest7 WHERE k BETWEEN 6966820 AND 6966920
	Index Only Scan using k_7 on sbtest7  (cost=0.43..10.76 rows=116 width=4)
	  Index Cond: ((k >= 6966820) AND (k <= 6966920))

table 8 : explain SELECT k FROM sbtest8 WHERE k BETWEEN 6966820 AND 6966920
	Index Only Scan using k_8 on sbtest8  (cost=0.43..10.33 rows=95 width=4)
	  Index Cond: ((k >= 6966820) AND (k <= 6966920))

for range-covered
table 1 : explain SELECT k FROM sbtest1 WHERE k BETWEEN 5161062 AND 5161162
	Index Only Scan using k_1 on sbtest1  (cost=0.43..10.32 rows=94 width=4)
	  Index Cond: ((k >= 5161062) AND (k <= 5161162))

table 2 : explain SELECT k FROM sbtest2 WHERE k BETWEEN 5161062 AND 5161162
	Index Only Scan using k_2 on sbtest2  (cost=0.43..6.43 rows=100 width=4)
	  Index Cond: ((k >= 5161062) AND (k <= 5161162))

table 3 : explain SELECT k FROM sbtest3 WHERE k BETWEEN 5161062 AND 5161162
	Index Only Scan using k_3 on sbtest3  (cost=0.43..6.58 rows=107 width=4)
	  Index Cond: ((k >= 5161062) AND (k <= 5161162))

table 4 : explain SELECT k FROM sbtest4 WHERE k BETWEEN 5161062 AND 5161162
	Index Only Scan using k_4 on sbtest4  (cost=0.43..6.47 rows=102 width=4)
	  Index Cond: ((k >= 5161062) AND (k <= 5161162))

table 5 : explain SELECT k FROM sbtest5 WHERE k BETWEEN 5161062 AND 5161162
	Index Only Scan using k_5 on sbtest5  (cost=0.43..10.44 rows=100 width=4)
	  Index Cond: ((k >= 5161062) AND (k <= 5161162))

table 6 : explain SELECT k FROM sbtest6 WHERE k BETWEEN 5161062 AND 5161162
	Index Only Scan using k_6 on sbtest6  (cost=0.43..6.45 rows=101 width=4)
	  Index Cond: ((k >= 5161062) AND (k <= 5161162))

table 7 : explain SELECT k FROM sbtest7 WHERE k BETWEEN 5161062 AND 5161162
	Index Only Scan using k_7 on sbtest7  (cost=0.43..10.54 rows=105 width=4)
	  Index Cond: ((k >= 5161062) AND (k <= 5161162))

table 8 : explain SELECT k FROM sbtest8 WHERE k BETWEEN 5161062 AND 5161162
	Index Only Scan using k_8 on sbtest8  (cost=0.43..10.32 rows=94 width=4)
	  Index Cond: ((k >= 5161062) AND (k <= 5161162))

explain: for range-covered :: explain SELECT k FROM sbtest%d WHERE k BETWEEN 5161062 AND 5161162
for range-covered
table 1 : explain SELECT k FROM sbtest1 WHERE k BETWEEN 3419479 AND 3419579
	Index Only Scan using k_1 on sbtest1  (cost=0.43..10.32 rows=94 width=4)
	  Index Cond: ((k >= 3419479) AND (k <= 3419579))

table 2 : explain SELECT k FROM sbtest2 WHERE k BETWEEN 3419479 AND 3419579
	Index Only Scan using k_2 on sbtest2  (cost=0.43..6.50 rows=103 width=4)
	  Index Cond: ((k >= 3419479) AND (k <= 3419579))

table 3 : explain SELECT k FROM sbtest3 WHERE k BETWEEN 3419479 AND 3419579
	Index Only Scan using k_3 on sbtest3  (cost=0.43..6.51 rows=104 width=4)
	  Index Cond: ((k >= 3419479) AND (k <= 3419579))

table 4 : explain SELECT k FROM sbtest4 WHERE k BETWEEN 3419479 AND 3419579
	Index Only Scan using k_4 on sbtest4  (cost=0.43..6.59 rows=108 width=4)
	  Index Cond: ((k >= 3419479) AND (k <= 3419579))

table 5 : explain SELECT k FROM sbtest5 WHERE k BETWEEN 3419479 AND 3419579
	Index Only Scan using k_5 on sbtest5  (cost=0.43..10.51 rows=104 width=4)
	  Index Cond: ((k >= 3419479) AND (k <= 3419579))

table 6 : explain SELECT k FROM sbtest6 WHERE k BETWEEN 3419479 AND 3419579
	Index Only Scan using k_6 on sbtest6  (cost=0.43..6.45 rows=101 width=4)
	  Index Cond: ((k >= 3419479) AND (k <= 3419579))

table 7 : explain SELECT k FROM sbtest7 WHERE k BETWEEN 3419479 AND 3419579
	Index Only Scan using k_7 on sbtest7  (cost=0.43..10.33 rows=95 width=4)
	  Index Cond: ((k >= 3419479) AND (k <= 3419579))

table 8 : explain SELECT k FROM sbtest8 WHERE k BETWEEN 3419479 AND 3419579
	Index Only Scan using k_8 on sbtest8  (cost=0.43..10.58 rows=107 width=4)
	  Index Cond: ((k >= 3419479) AND (k <= 3419579))

explain: for range-covered :: explain SELECT k FROM sbtest%d WHERE k BETWEEN 3419479 AND 3419579
for range-covered
table 1 : explain SELECT k FROM sbtest1 WHERE k BETWEEN 7056015 AND 7056115
	Index Only Scan using k_1 on sbtest1  (cost=0.43..10.44 rows=100 width=4)
	  Index Cond: ((k >= 7056015) AND (k <= 7056115))

table 2 : explain SELECT k FROM sbtest2 WHERE k BETWEEN 7056015 AND 7056115
	Index Only Scan using k_2 on sbtest2  (cost=0.43..6.69 rows=113 width=4)
	  Index Cond: ((k >= 7056015) AND (k <= 7056115))

table 3 : explain SELECT k FROM sbtest3 WHERE k BETWEEN 7056015 AND 7056115
	Index Only Scan using k_3 on sbtest3  (cost=0.43..6.53 rows=105 width=4)
	  Index Cond: ((k >= 7056015) AND (k <= 7056115))

table 4 : explain SELECT k FROM sbtest4 WHERE k BETWEEN 7056015 AND 7056115
	Index Only Scan using k_4 on sbtest4  (cost=0.43..6.29 rows=93 width=4)
	  Index Cond: ((k >= 7056015) AND (k <= 7056115))

table 5 : explain SELECT k FROM sbtest5 WHERE k BETWEEN 7056015 AND 7056115
	Index Only Scan using k_5 on sbtest5  (cost=0.43..10.47 rows=102 width=4)
	  Index Cond: ((k >= 7056015) AND (k <= 7056115))

table 6 : explain SELECT k FROM sbtest6 WHERE k BETWEEN 7056015 AND 7056115
	Index Only Scan using k_6 on sbtest6  (cost=0.43..6.29 rows=93 width=4)
	  Index Cond: ((k >= 7056015) AND (k <= 7056115))

table 7 : explain SELECT k FROM sbtest7 WHERE k BETWEEN 7056015 AND 7056115
	Index Only Scan using k_7 on sbtest7  (cost=0.43..10.46 rows=101 width=4)
	  Index Cond: ((k >= 7056015) AND (k <= 7056115))

table 8 : explain SELECT k FROM sbtest8 WHERE k BETWEEN 7056015 AND 7056115
	Index Only Scan using k_8 on sbtest8  (cost=0.43..10.38 rows=97 width=4)
	  Index Cond: ((k >= 7056015) AND (k <= 7056115))

for range-covered
table 1 : explain SELECT k FROM sbtest1 WHERE k BETWEEN 5176118 AND 5176218
	Index Only Scan using k_1 on sbtest1  (cost=0.43..10.32 rows=94 width=4)
	  Index Cond: ((k >= 5176118) AND (k <= 5176218))

table 2 : explain SELECT k FROM sbtest2 WHERE k BETWEEN 5176118 AND 5176218
	Index Only Scan using k_2 on sbtest2  (cost=0.43..6.43 rows=100 width=4)
	  Index Cond: ((k >= 5176118) AND (k <= 5176218))

table 3 : explain SELECT k FROM sbtest3 WHERE k BETWEEN 5176118 AND 5176218
	Index Only Scan using k_3 on sbtest3  (cost=0.43..6.66 rows=111 width=4)
	  Index Cond: ((k >= 5176118) AND (k <= 5176218))

table 4 : explain SELECT k FROM sbtest4 WHERE k BETWEEN 5176118 AND 5176218
	Index Only Scan using k_4 on sbtest4  (cost=0.43..6.47 rows=102 width=4)
	  Index Cond: ((k >= 5176118) AND (k <= 5176218))

table 5 : explain SELECT k FROM sbtest5 WHERE k BETWEEN 5176118 AND 5176218
	Index Only Scan using k_5 on sbtest5  (cost=0.43..10.44 rows=100 width=4)
	  Index Cond: ((k >= 5176118) AND (k <= 5176218))

table 6 : explain SELECT k FROM sbtest6 WHERE k BETWEEN 5176118 AND 5176218
	Index Only Scan using k_6 on sbtest6  (cost=0.43..6.45 rows=101 width=4)
	  Index Cond: ((k >= 5176118) AND (k <= 5176218))

table 7 : explain SELECT k FROM sbtest7 WHERE k BETWEEN 5176118 AND 5176218
	Index Only Scan using k_7 on sbtest7  (cost=0.43..10.54 rows=105 width=4)
	  Index Cond: ((k >= 5176118) AND (k <= 5176218))

table 8 : explain SELECT k FROM sbtest8 WHERE k BETWEEN 5176118 AND 5176218
	Index Only Scan using k_8 on sbtest8  (cost=0.43..10.32 rows=94 width=4)
	  Index Cond: ((k >= 5176118) AND (k <= 5176218))

for range-covered
table 1 : explain SELECT k FROM sbtest1 WHERE k BETWEEN 7247718 AND 7247818
	Index Only Scan using k_1 on sbtest1  (cost=0.43..10.79 rows=118 width=4)
	  Index Cond: ((k >= 7247718) AND (k <= 7247818))

table 2 : explain SELECT k FROM sbtest2 WHERE k BETWEEN 7247718 AND 7247818
	Index Only Scan using k_2 on sbtest2  (cost=0.43..6.51 rows=104 width=4)
	  Index Cond: ((k >= 7247718) AND (k <= 7247818))

table 3 : explain SELECT k FROM sbtest3 WHERE k BETWEEN 7247718 AND 7247818
	Index Only Scan using k_3 on sbtest3  (cost=0.43..6.43 rows=100 width=4)
	  Index Cond: ((k >= 7247718) AND (k <= 7247818))

table 4 : explain SELECT k FROM sbtest4 WHERE k BETWEEN 7247718 AND 7247818
	Index Only Scan using k_4 on sbtest4  (cost=0.43..6.50 rows=103 width=4)
	  Index Cond: ((k >= 7247718) AND (k <= 7247818))

table 5 : explain SELECT k FROM sbtest5 WHERE k BETWEEN 7247718 AND 7247818
	Index Only Scan using k_5 on sbtest5  (cost=0.43..10.51 rows=104 width=4)
	  Index Cond: ((k >= 7247718) AND (k <= 7247818))

table 6 : explain SELECT k FROM sbtest6 WHERE k BETWEEN 7247718 AND 7247818
	Index Only Scan using k_6 on sbtest6  (cost=0.43..6.59 rows=108 width=4)
	  Index Cond: ((k >= 7247718) AND (k <= 7247818))

table 7 : explain SELECT k FROM sbtest7 WHERE k BETWEEN 7247718 AND 7247818
	Index Only Scan using k_7 on sbtest7  (cost=0.43..10.58 rows=107 width=4)
	  Index Cond: ((k >= 7247718) AND (k <= 7247818))

table 8 : explain SELECT k FROM sbtest8 WHERE k BETWEEN 7247718 AND 7247818
	Index Only Scan using k_8 on sbtest8  (cost=0.43..10.32 rows=94 width=4)
	  Index Cond: ((k >= 7247718) AND (k <= 7247818))

explain: for range-covered :: explain SELECT k FROM sbtest%d WHERE k BETWEEN 7056015 AND 7056115
explain: for range-covered :: explain SELECT k FROM sbtest%d WHERE k BETWEEN 7247718 AND 7247818
for range-covered
table 1 : explain SELECT k FROM sbtest1 WHERE k BETWEEN 5161062 AND 5161162
	Index Only Scan using k_1 on sbtest1  (cost=0.43..10.32 rows=94 width=4)
	  Index Cond: ((k >= 5161062) AND (k <= 5161162))

table 2 : explain SELECT k FROM sbtest2 WHERE k BETWEEN 5161062 AND 5161162
	Index Only Scan using k_2 on sbtest2  (cost=0.43..6.43 rows=100 width=4)
	  Index Cond: ((k >= 5161062) AND (k <= 5161162))

table 3 : explain SELECT k FROM sbtest3 WHERE k BETWEEN 5161062 AND 5161162
	Index Only Scan using k_3 on sbtest3  (cost=0.43..6.58 rows=107 width=4)
	  Index Cond: ((k >= 5161062) AND (k <= 5161162))

table 4 : explain SELECT k FROM sbtest4 WHERE k BETWEEN 5161062 AND 5161162
	Index Only Scan using k_4 on sbtest4  (cost=0.43..6.47 rows=102 width=4)
	  Index Cond: ((k >= 5161062) AND (k <= 5161162))

table 5 : explain SELECT k FROM sbtest5 WHERE k BETWEEN 5161062 AND 5161162
	Index Only Scan using k_5 on sbtest5  (cost=0.43..10.44 rows=100 width=4)
	  Index Cond: ((k >= 5161062) AND (k <= 5161162))

table 6 : explain SELECT k FROM sbtest6 WHERE k BETWEEN 5161062 AND 5161162
	Index Only Scan using k_6 on sbtest6  (cost=0.43..6.45 rows=101 width=4)
	  Index Cond: ((k >= 5161062) AND (k <= 5161162))

table 7 : explain SELECT k FROM sbtest7 WHERE k BETWEEN 5161062 AND 5161162
	Index Only Scan using k_7 on sbtest7  (cost=0.43..10.54 rows=105 width=4)
	  Index Cond: ((k >= 5161062) AND (k <= 5161162))

table 8 : explain SELECT k FROM sbtest8 WHERE k BETWEEN 5161062 AND 5161162
	Index Only Scan using k_8 on sbtest8  (cost=0.43..10.32 rows=94 width=4)
	  Index Cond: ((k >= 5161062) AND (k <= 5161162))

explain: for range-covered :: explain SELECT k FROM sbtest%d WHERE k BETWEEN 5176118 AND 5176218
explain: for range-covered :: explain SELECT k FROM sbtest%d WHERE k BETWEEN 5161062 AND 5161162
for range-covered
table 1 : explain SELECT k FROM sbtest1 WHERE k BETWEEN 3304335 AND 3304435
	Index Only Scan using k_1 on sbtest1  (cost=0.43..10.38 rows=97 width=4)
	  Index Cond: ((k >= 3304335) AND (k <= 3304435))

table 2 : explain SELECT k FROM sbtest2 WHERE k BETWEEN 3304335 AND 3304435
	Index Only Scan using k_2 on sbtest2  (cost=0.43..6.66 rows=111 width=4)
	  Index Cond: ((k >= 3304335) AND (k <= 3304435))

table 3 : explain SELECT k FROM sbtest3 WHERE k BETWEEN 3304335 AND 3304435
	Index Only Scan using k_3 on sbtest3  (cost=0.43..6.45 rows=101 width=4)
	  Index Cond: ((k >= 3304335) AND (k <= 3304435))

table 4 : explain SELECT k FROM sbtest4 WHERE k BETWEEN 3304335 AND 3304435
	Index Only Scan using k_4 on sbtest4  (cost=0.43..6.43 rows=100 width=4)
	  Index Cond: ((k >= 3304335) AND (k <= 3304435))

table 5 : explain SELECT k FROM sbtest5 WHERE k BETWEEN 3304335 AND 3304435
	Index Only Scan using k_5 on sbtest5  (cost=0.43..10.42 rows=99 width=4)
	  Index Cond: ((k >= 3304335) AND (k <= 3304435))

table 6 : explain SELECT k FROM sbtest6 WHERE k BETWEEN 3304335 AND 3304435
	Index Only Scan using k_6 on sbtest6  (cost=0.43..6.40 rows=98 width=4)
	  Index Cond: ((k >= 3304335) AND (k <= 3304435))

table 7 : explain SELECT k FROM sbtest7 WHERE k BETWEEN 3304335 AND 3304435
	Index Only Scan using k_7 on sbtest7  (cost=0.43..10.38 rows=97 width=4)
	  Index Cond: ((k >= 3304335) AND (k <= 3304435))

table 8 : explain SELECT k FROM sbtest8 WHERE k BETWEEN 3304335 AND 3304435
	Index Only Scan using k_8 on sbtest8  (cost=0.43..10.46 rows=101 width=4)
	  Index Cond: ((k >= 3304335) AND (k <= 3304435))

explain: for range-covered :: explain SELECT k FROM sbtest%d WHERE k BETWEEN 3304335 AND 3304435
for range-covered
table 1 : explain SELECT k FROM sbtest1 WHERE k BETWEEN 3419479 AND 3419579
	Index Only Scan using k_1 on sbtest1  (cost=0.43..10.32 rows=94 width=4)
	  Index Cond: ((k >= 3419479) AND (k <= 3419579))

table 2 : explain SELECT k FROM sbtest2 WHERE k BETWEEN 3419479 AND 3419579
	Index Only Scan using k_2 on sbtest2  (cost=0.43..6.50 rows=103 width=4)
	  Index Cond: ((k >= 3419479) AND (k <= 3419579))

table 3 : explain SELECT k FROM sbtest3 WHERE k BETWEEN 3419479 AND 3419579
	Index Only Scan using k_3 on sbtest3  (cost=0.43..6.51 rows=104 width=4)
	  Index Cond: ((k >= 3419479) AND (k <= 3419579))

table 4 : explain SELECT k FROM sbtest4 WHERE k BETWEEN 3419479 AND 3419579
	Index Only Scan using k_4 on sbtest4  (cost=0.43..6.59 rows=108 width=4)
	  Index Cond: ((k >= 3419479) AND (k <= 3419579))

table 5 : explain SELECT k FROM sbtest5 WHERE k BETWEEN 3419479 AND 3419579
	Index Only Scan using k_5 on sbtest5  (cost=0.43..10.51 rows=104 width=4)
	  Index Cond: ((k >= 3419479) AND (k <= 3419579))

table 6 : explain SELECT k FROM sbtest6 WHERE k BETWEEN 3419479 AND 3419579
	Index Only Scan using k_6 on sbtest6  (cost=0.43..6.45 rows=101 width=4)
	  Index Cond: ((k >= 3419479) AND (k <= 3419579))

table 7 : explain SELECT k FROM sbtest7 WHERE k BETWEEN 3419479 AND 3419579
	Index Only Scan using k_7 on sbtest7  (cost=0.43..10.33 rows=95 width=4)
	  Index Cond: ((k >= 3419479) AND (k <= 3419579))

table 8 : explain SELECT k FROM sbtest8 WHERE k BETWEEN 3419479 AND 3419579
	Index Only Scan using k_8 on sbtest8  (cost=0.43..10.58 rows=107 width=4)
	  Index Cond: ((k >= 3419479) AND (k <= 3419579))

explain: for range-covered :: explain SELECT k FROM sbtest%d WHERE k BETWEEN 3419479 AND 3419579
for range-covered
table 1 : explain SELECT k FROM sbtest1 WHERE k BETWEEN 7056015 AND 7056115
	Index Only Scan using k_1 on sbtest1  (cost=0.43..10.44 rows=100 width=4)
	  Index Cond: ((k >= 7056015) AND (k <= 7056115))

table 2 : explain SELECT k FROM sbtest2 WHERE k BETWEEN 7056015 AND 7056115
	Index Only Scan using k_2 on sbtest2  (cost=0.43..6.69 rows=113 width=4)
	  Index Cond: ((k >= 7056015) AND (k <= 7056115))

table 3 : explain SELECT k FROM sbtest3 WHERE k BETWEEN 7056015 AND 7056115
	Index Only Scan using k_3 on sbtest3  (cost=0.43..6.53 rows=105 width=4)
	  Index Cond: ((k >= 7056015) AND (k <= 7056115))

table 4 : explain SELECT k FROM sbtest4 WHERE k BETWEEN 7056015 AND 7056115
	Index Only Scan using k_4 on sbtest4  (cost=0.43..6.29 rows=93 width=4)
	  Index Cond: ((k >= 7056015) AND (k <= 7056115))

table 5 : explain SELECT k FROM sbtest5 WHERE k BETWEEN 7056015 AND 7056115
	Index Only Scan using k_5 on sbtest5  (cost=0.43..10.47 rows=102 width=4)
	  Index Cond: ((k >= 7056015) AND (k <= 7056115))

table 6 : explain SELECT k FROM sbtest6 WHERE k BETWEEN 7056015 AND 7056115
	Index Only Scan using k_6 on sbtest6  (cost=0.43..6.29 rows=93 width=4)
	  Index Cond: ((k >= 7056015) AND (k <= 7056115))

table 7 : explain SELECT k FROM sbtest7 WHERE k BETWEEN 7056015 AND 7056115
	Index Only Scan using k_7 on sbtest7  (cost=0.43..10.46 rows=101 width=4)
	  Index Cond: ((k >= 7056015) AND (k <= 7056115))

table 8 : explain SELECT k FROM sbtest8 WHERE k BETWEEN 7056015 AND 7056115
	Index Only Scan using k_8 on sbtest8  (cost=0.43..10.38 rows=97 width=4)
	  Index Cond: ((k >= 7056015) AND (k <= 7056115))

for range-covered
table 1 : explain SELECT k FROM sbtest1 WHERE k BETWEEN 7247718 AND 7247818
	Index Only Scan using k_1 on sbtest1  (cost=0.43..10.79 rows=118 width=4)
	  Index Cond: ((k >= 7247718) AND (k <= 7247818))

table 2 : explain SELECT k FROM sbtest2 WHERE k BETWEEN 7247718 AND 7247818
	Index Only Scan using k_2 on sbtest2  (cost=0.43..6.51 rows=104 width=4)
	  Index Cond: ((k >= 7247718) AND (k <= 7247818))

table 3 : explain SELECT k FROM sbtest3 WHERE k BETWEEN 7247718 AND 7247818
	Index Only Scan using k_3 on sbtest3  (cost=0.43..6.43 rows=100 width=4)
	  Index Cond: ((k >= 7247718) AND (k <= 7247818))

table 4 : explain SELECT k FROM sbtest4 WHERE k BETWEEN 7247718 AND 7247818
	Index Only Scan using k_4 on sbtest4  (cost=0.43..6.50 rows=103 width=4)
	  Index Cond: ((k >= 7247718) AND (k <= 7247818))

table 5 : explain SELECT k FROM sbtest5 WHERE k BETWEEN 7247718 AND 7247818
	Index Only Scan using k_5 on sbtest5  (cost=0.43..10.51 rows=104 width=4)
	  Index Cond: ((k >= 7247718) AND (k <= 7247818))

table 6 : explain SELECT k FROM sbtest6 WHERE k BETWEEN 7247718 AND 7247818
	Index Only Scan using k_6 on sbtest6  (cost=0.43..6.59 rows=108 width=4)
	  Index Cond: ((k >= 7247718) AND (k <= 7247818))

table 7 : explain SELECT k FROM sbtest7 WHERE k BETWEEN 7247718 AND 7247818
	Index Only Scan using k_7 on sbtest7  (cost=0.43..10.58 rows=107 width=4)
	  Index Cond: ((k >= 7247718) AND (k <= 7247818))

table 8 : explain SELECT k FROM sbtest8 WHERE k BETWEEN 7247718 AND 7247818
	Index Only Scan using k_8 on sbtest8  (cost=0.43..10.32 rows=94 width=4)
	  Index Cond: ((k >= 7247718) AND (k <= 7247818))

explain: for range-covered :: explain SELECT k FROM sbtest%d WHERE k BETWEEN 7056015 AND 7056115
explain: for range-covered :: explain SELECT k FROM sbtest%d WHERE k BETWEEN 7247718 AND 7247818
for range-covered
table 1 : explain SELECT k FROM sbtest1 WHERE k BETWEEN 5161062 AND 5161162
	Index Only Scan using k_1 on sbtest1  (cost=0.43..10.32 rows=94 width=4)
	  Index Cond: ((k >= 5161062) AND (k <= 5161162))

table 2 : explain SELECT k FROM sbtest2 WHERE k BETWEEN 5161062 AND 5161162
	Index Only Scan using k_2 on sbtest2  (cost=0.43..6.43 rows=100 width=4)
	  Index Cond: ((k >= 5161062) AND (k <= 5161162))

table 3 : explain SELECT k FROM sbtest3 WHERE k BETWEEN 5161062 AND 5161162
	Index Only Scan using k_3 on sbtest3  (cost=0.43..6.58 rows=107 width=4)
	  Index Cond: ((k >= 5161062) AND (k <= 5161162))

table 4 : explain SELECT k FROM sbtest4 WHERE k BETWEEN 5161062 AND 5161162
	Index Only Scan using k_4 on sbtest4  (cost=0.43..6.47 rows=102 width=4)
	  Index Cond: ((k >= 5161062) AND (k <= 5161162))

table 5 : explain SELECT k FROM sbtest5 WHERE k BETWEEN 5161062 AND 5161162
	Index Only Scan using k_5 on sbtest5  (cost=0.43..10.44 rows=100 width=4)
	  Index Cond: ((k >= 5161062) AND (k <= 5161162))

table 6 : explain SELECT k FROM sbtest6 WHERE k BETWEEN 5161062 AND 5161162
	Index Only Scan using k_6 on sbtest6  (cost=0.43..6.45 rows=101 width=4)
	  Index Cond: ((k >= 5161062) AND (k <= 5161162))

table 7 : explain SELECT k FROM sbtest7 WHERE k BETWEEN 5161062 AND 5161162
	Index Only Scan using k_7 on sbtest7  (cost=0.43..10.54 rows=105 width=4)
	  Index Cond: ((k >= 5161062) AND (k <= 5161162))

table 8 : explain SELECT k FROM sbtest8 WHERE k BETWEEN 5161062 AND 5161162
	Index Only Scan using k_8 on sbtest8  (cost=0.43..10.32 rows=94 width=4)
	  Index Cond: ((k >= 5161062) AND (k <= 5161162))

explain: for range-covered :: explain SELECT k FROM sbtest%d WHERE k BETWEEN 5161062 AND 5161162
for range-covered
table 1 : explain SELECT k FROM sbtest1 WHERE k BETWEEN 3304335 AND 3304435
	Index Only Scan using k_1 on sbtest1  (cost=0.43..10.38 rows=97 width=4)
	  Index Cond: ((k >= 3304335) AND (k <= 3304435))

table 2 : explain SELECT k FROM sbtest2 WHERE k BETWEEN 3304335 AND 3304435
	Index Only Scan using k_2 on sbtest2  (cost=0.43..6.66 rows=111 width=4)
	  Index Cond: ((k >= 3304335) AND (k <= 3304435))

table 3 : explain SELECT k FROM sbtest3 WHERE k BETWEEN 3304335 AND 3304435
	Index Only Scan using k_3 on sbtest3  (cost=0.43..6.45 rows=101 width=4)
	  Index Cond: ((k >= 3304335) AND (k <= 3304435))

table 4 : explain SELECT k FROM sbtest4 WHERE k BETWEEN 3304335 AND 3304435
	Index Only Scan using k_4 on sbtest4  (cost=0.43..6.43 rows=100 width=4)
	  Index Cond: ((k >= 3304335) AND (k <= 3304435))

table 5 : explain SELECT k FROM sbtest5 WHERE k BETWEEN 3304335 AND 3304435
	Index Only Scan using k_5 on sbtest5  (cost=0.43..10.42 rows=99 width=4)
	  Index Cond: ((k >= 3304335) AND (k <= 3304435))

table 6 : explain SELECT k FROM sbtest6 WHERE k BETWEEN 3304335 AND 3304435
	Index Only Scan using k_6 on sbtest6  (cost=0.43..6.40 rows=98 width=4)
	  Index Cond: ((k >= 3304335) AND (k <= 3304435))

table 7 : explain SELECT k FROM sbtest7 WHERE k BETWEEN 3304335 AND 3304435
	Index Only Scan using k_7 on sbtest7  (cost=0.43..10.38 rows=97 width=4)
	  Index Cond: ((k >= 3304335) AND (k <= 3304435))

table 8 : explain SELECT k FROM sbtest8 WHERE k BETWEEN 3304335 AND 3304435
	Index Only Scan using k_8 on sbtest8  (cost=0.43..10.46 rows=101 width=4)
	  Index Cond: ((k >= 3304335) AND (k <= 3304435))

explain: for range-covered :: explain SELECT k FROM sbtest%d WHERE k BETWEEN 3304335 AND 3304435
for range-covered
table 1 : explain SELECT k FROM sbtest1 WHERE k BETWEEN 7056015 AND 7056115
	Index Only Scan using k_1 on sbtest1  (cost=0.43..10.44 rows=100 width=4)
	  Index Cond: ((k >= 7056015) AND (k <= 7056115))

table 2 : explain SELECT k FROM sbtest2 WHERE k BETWEEN 7056015 AND 7056115
	Index Only Scan using k_2 on sbtest2  (cost=0.43..6.69 rows=113 width=4)
	  Index Cond: ((k >= 7056015) AND (k <= 7056115))

table 3 : explain SELECT k FROM sbtest3 WHERE k BETWEEN 7056015 AND 7056115
	Index Only Scan using k_3 on sbtest3  (cost=0.43..6.53 rows=105 width=4)
	  Index Cond: ((k >= 7056015) AND (k <= 7056115))

table 4 : explain SELECT k FROM sbtest4 WHERE k BETWEEN 7056015 AND 7056115
	Index Only Scan using k_4 on sbtest4  (cost=0.43..6.29 rows=93 width=4)
	  Index Cond: ((k >= 7056015) AND (k <= 7056115))

table 5 : explain SELECT k FROM sbtest5 WHERE k BETWEEN 7056015 AND 7056115
	Index Only Scan using k_5 on sbtest5  (cost=0.43..10.47 rows=102 width=4)
	  Index Cond: ((k >= 7056015) AND (k <= 7056115))

table 6 : explain SELECT k FROM sbtest6 WHERE k BETWEEN 7056015 AND 7056115
	Index Only Scan using k_6 on sbtest6  (cost=0.43..6.29 rows=93 width=4)
	  Index Cond: ((k >= 7056015) AND (k <= 7056115))

table 7 : explain SELECT k FROM sbtest7 WHERE k BETWEEN 7056015 AND 7056115
	Index Only Scan using k_7 on sbtest7  (cost=0.43..10.46 rows=101 width=4)
	  Index Cond: ((k >= 7056015) AND (k <= 7056115))

table 8 : explain SELECT k FROM sbtest8 WHERE k BETWEEN 7056015 AND 7056115
	Index Only Scan using k_8 on sbtest8  (cost=0.43..10.38 rows=97 width=4)
	  Index Cond: ((k >= 7056015) AND (k <= 7056115))

for range-covered
table 1 : explain SELECT k FROM sbtest1 WHERE k BETWEEN 7247718 AND 7247818
	Index Only Scan using k_1 on sbtest1  (cost=0.43..10.79 rows=118 width=4)
	  Index Cond: ((k >= 7247718) AND (k <= 7247818))

table 2 : explain SELECT k FROM sbtest2 WHERE k BETWEEN 7247718 AND 7247818
	Index Only Scan using k_2 on sbtest2  (cost=0.43..6.51 rows=104 width=4)
	  Index Cond: ((k >= 7247718) AND (k <= 7247818))

table 3 : explain SELECT k FROM sbtest3 WHERE k BETWEEN 7247718 AND 7247818
	Index Only Scan using k_3 on sbtest3  (cost=0.43..6.43 rows=100 width=4)
	  Index Cond: ((k >= 7247718) AND (k <= 7247818))

table 4 : explain SELECT k FROM sbtest4 WHERE k BETWEEN 7247718 AND 7247818
	Index Only Scan using k_4 on sbtest4  (cost=0.43..6.50 rows=103 width=4)
	  Index Cond: ((k >= 7247718) AND (k <= 7247818))

table 5 : explain SELECT k FROM sbtest5 WHERE k BETWEEN 7247718 AND 7247818
	Index Only Scan using k_5 on sbtest5  (cost=0.43..10.51 rows=104 width=4)
	  Index Cond: ((k >= 7247718) AND (k <= 7247818))

table 6 : explain SELECT k FROM sbtest6 WHERE k BETWEEN 7247718 AND 7247818
	Index Only Scan using k_6 on sbtest6  (cost=0.43..6.59 rows=108 width=4)
	  Index Cond: ((k >= 7247718) AND (k <= 7247818))

table 7 : explain SELECT k FROM sbtest7 WHERE k BETWEEN 7247718 AND 7247818
	Index Only Scan using k_7 on sbtest7  (cost=0.43..10.58 rows=107 width=4)
	  Index Cond: ((k >= 7247718) AND (k <= 7247818))

table 8 : explain SELECT k FROM sbtest8 WHERE k BETWEEN 7247718 AND 7247818
	Index Only Scan using k_8 on sbtest8  (cost=0.43..10.32 rows=94 width=4)
	  Index Cond: ((k >= 7247718) AND (k <= 7247818))

explain: for range-covered :: explain SELECT k FROM sbtest%d WHERE k BETWEEN 7056015 AND 7056115
explain: for range-covered :: explain SELECT k FROM sbtest%d WHERE k BETWEEN 7247718 AND 7247818
for range-covered
table 1 : explain SELECT k FROM sbtest1 WHERE k BETWEEN 5161062 AND 5161162
	Index Only Scan using k_1 on sbtest1  (cost=0.43..10.32 rows=94 width=4)
	  Index Cond: ((k >= 5161062) AND (k <= 5161162))

table 2 : explain SELECT k FROM sbtest2 WHERE k BETWEEN 5161062 AND 5161162
	Index Only Scan using k_2 on sbtest2  (cost=0.43..6.43 rows=100 width=4)
	  Index Cond: ((k >= 5161062) AND (k <= 5161162))

table 3 : explain SELECT k FROM sbtest3 WHERE k BETWEEN 5161062 AND 5161162
	Index Only Scan using k_3 on sbtest3  (cost=0.43..6.58 rows=107 width=4)
	  Index Cond: ((k >= 5161062) AND (k <= 5161162))

table 4 : explain SELECT k FROM sbtest4 WHERE k BETWEEN 5161062 AND 5161162
	Index Only Scan using k_4 on sbtest4  (cost=0.43..6.47 rows=102 width=4)
	  Index Cond: ((k >= 5161062) AND (k <= 5161162))

table 5 : explain SELECT k FROM sbtest5 WHERE k BETWEEN 5161062 AND 5161162
	Index Only Scan using k_5 on sbtest5  (cost=0.43..10.44 rows=100 width=4)
	  Index Cond: ((k >= 5161062) AND (k <= 5161162))

table 6 : explain SELECT k FROM sbtest6 WHERE k BETWEEN 5161062 AND 5161162
	Index Only Scan using k_6 on sbtest6  (cost=0.43..6.45 rows=101 width=4)
	  Index Cond: ((k >= 5161062) AND (k <= 5161162))

table 7 : explain SELECT k FROM sbtest7 WHERE k BETWEEN 5161062 AND 5161162
	Index Only Scan using k_7 on sbtest7  (cost=0.43..10.54 rows=105 width=4)
	  Index Cond: ((k >= 5161062) AND (k <= 5161162))

table 8 : explain SELECT k FROM sbtest8 WHERE k BETWEEN 5161062 AND 5161162
	Index Only Scan using k_8 on sbtest8  (cost=0.43..10.32 rows=94 width=4)
	  Index Cond: ((k >= 5161062) AND (k <= 5161162))

explain: for range-covered :: explain SELECT k FROM sbtest%d WHERE k BETWEEN 5161062 AND 5161162
for range-covered
table 1 : explain SELECT k FROM sbtest1 WHERE k BETWEEN 7056015 AND 7056115
	Index Only Scan using k_1 on sbtest1  (cost=0.43..10.44 rows=100 width=4)
	  Index Cond: ((k >= 7056015) AND (k <= 7056115))

table 2 : explain SELECT k FROM sbtest2 WHERE k BETWEEN 7056015 AND 7056115
	Index Only Scan using k_2 on sbtest2  (cost=0.43..6.69 rows=113 width=4)
	  Index Cond: ((k >= 7056015) AND (k <= 7056115))

table 3 : explain SELECT k FROM sbtest3 WHERE k BETWEEN 7056015 AND 7056115
	Index Only Scan using k_3 on sbtest3  (cost=0.43..6.53 rows=105 width=4)
	  Index Cond: ((k >= 7056015) AND (k <= 7056115))

table 4 : explain SELECT k FROM sbtest4 WHERE k BETWEEN 7056015 AND 7056115
	Index Only Scan using k_4 on sbtest4  (cost=0.43..6.29 rows=93 width=4)
	  Index Cond: ((k >= 7056015) AND (k <= 7056115))

table 5 : explain SELECT k FROM sbtest5 WHERE k BETWEEN 7056015 AND 7056115
	Index Only Scan using k_5 on sbtest5  (cost=0.43..10.47 rows=102 width=4)
	  Index Cond: ((k >= 7056015) AND (k <= 7056115))

table 6 : explain SELECT k FROM sbtest6 WHERE k BETWEEN 7056015 AND 7056115
	Index Only Scan using k_6 on sbtest6  (cost=0.43..6.29 rows=93 width=4)
	  Index Cond: ((k >= 7056015) AND (k <= 7056115))

table 7 : explain SELECT k FROM sbtest7 WHERE k BETWEEN 7056015 AND 7056115
	Index Only Scan using k_7 on sbtest7  (cost=0.43..10.46 rows=101 width=4)
	  Index Cond: ((k >= 7056015) AND (k <= 7056115))

table 8 : explain SELECT k FROM sbtest8 WHERE k BETWEEN 7056015 AND 7056115
	Index Only Scan using k_8 on sbtest8  (cost=0.43..10.38 rows=97 width=4)
	  Index Cond: ((k >= 7056015) AND (k <= 7056115))

explain: for range-covered :: explain SELECT k FROM sbtest%d WHERE k BETWEEN 7056015 AND 7056115
for range-covered
table 1 : explain SELECT k FROM sbtest1 WHERE k BETWEEN 7247718 AND 7247818
	Index Only Scan using k_1 on sbtest1  (cost=0.43..10.79 rows=118 width=4)
	  Index Cond: ((k >= 7247718) AND (k <= 7247818))

table 2 : explain SELECT k FROM sbtest2 WHERE k BETWEEN 7247718 AND 7247818
	Index Only Scan using k_2 on sbtest2  (cost=0.43..6.51 rows=104 width=4)
	  Index Cond: ((k >= 7247718) AND (k <= 7247818))

table 3 : explain SELECT k FROM sbtest3 WHERE k BETWEEN 7247718 AND 7247818
	Index Only Scan using k_3 on sbtest3  (cost=0.43..6.43 rows=100 width=4)
	  Index Cond: ((k >= 7247718) AND (k <= 7247818))

table 4 : explain SELECT k FROM sbtest4 WHERE k BETWEEN 7247718 AND 7247818
	Index Only Scan using k_4 on sbtest4  (cost=0.43..6.50 rows=103 width=4)
	  Index Cond: ((k >= 7247718) AND (k <= 7247818))

table 5 : explain SELECT k FROM sbtest5 WHERE k BETWEEN 7247718 AND 7247818
	Index Only Scan using k_5 on sbtest5  (cost=0.43..10.51 rows=104 width=4)
	  Index Cond: ((k >= 7247718) AND (k <= 7247818))

table 6 : explain SELECT k FROM sbtest6 WHERE k BETWEEN 7247718 AND 7247818
	Index Only Scan using k_6 on sbtest6  (cost=0.43..6.59 rows=108 width=4)
	  Index Cond: ((k >= 7247718) AND (k <= 7247818))

table 7 : explain SELECT k FROM sbtest7 WHERE k BETWEEN 7247718 AND 7247818
	Index Only Scan using k_7 on sbtest7  (cost=0.43..10.58 rows=107 width=4)
	  Index Cond: ((k >= 7247718) AND (k <= 7247818))

table 8 : explain SELECT k FROM sbtest8 WHERE k BETWEEN 7247718 AND 7247818
	Index Only Scan using k_8 on sbtest8  (cost=0.43..10.32 rows=94 width=4)
	  Index Cond: ((k >= 7247718) AND (k <= 7247818))

explain: for range-covered :: explain SELECT k FROM sbtest%d WHERE k BETWEEN 6966820 AND 6966920
explain: for range-covered :: explain SELECT k FROM sbtest%d WHERE k BETWEEN 7247718 AND 7247818
for range-covered
table 1 : explain SELECT k FROM sbtest1 WHERE k BETWEEN 4040426 AND 4040526
	Index Only Scan using k_1 on sbtest1  (cost=0.43..10.24 rows=90 width=4)
	  Index Cond: ((k >= 4040426) AND (k <= 4040526))

table 2 : explain SELECT k FROM sbtest2 WHERE k BETWEEN 4040426 AND 4040526
	Index Only Scan using k_2 on sbtest2  (cost=0.43..6.37 rows=97 width=4)
	  Index Cond: ((k >= 4040426) AND (k <= 4040526))

table 3 : explain SELECT k FROM sbtest3 WHERE k BETWEEN 4040426 AND 4040526
	Index Only Scan using k_3 on sbtest3  (cost=0.43..6.24 rows=90 width=4)
	  Index Cond: ((k >= 4040426) AND (k <= 4040526))

table 4 : explain SELECT k FROM sbtest4 WHERE k BETWEEN 4040426 AND 4040526
	Index Only Scan using k_4 on sbtest4  (cost=0.43..6.35 rows=96 width=4)
	  Index Cond: ((k >= 4040426) AND (k <= 4040526))

table 5 : explain SELECT k FROM sbtest5 WHERE k BETWEEN 4040426 AND 4040526
	Index Only Scan using k_5 on sbtest5  (cost=0.43..10.42 rows=99 width=4)
	  Index Cond: ((k >= 4040426) AND (k <= 4040526))

table 6 : explain SELECT k FROM sbtest6 WHERE k BETWEEN 4040426 AND 4040526
	Index Only Scan using k_6 on sbtest6  (cost=0.43..6.50 rows=103 width=4)
	  Index Cond: ((k >= 4040426) AND (k <= 4040526))

table 7 : explain SELECT k FROM sbtest7 WHERE k BETWEEN 4040426 AND 4040526
	Index Only Scan using k_7 on sbtest7  (cost=0.43..10.44 rows=100 width=4)
	  Index Cond: ((k >= 4040426) AND (k <= 4040526))

table 8 : explain SELECT k FROM sbtest8 WHERE k BETWEEN 4040426 AND 4040526
	Index Only Scan using k_8 on sbtest8  (cost=0.43..10.33 rows=95 width=4)
	  Index Cond: ((k >= 4040426) AND (k <= 4040526))

for range-covered
table 1 : explain SELECT k FROM sbtest1 WHERE k BETWEEN 3593779 AND 3593879
	Index Only Scan using k_1 on sbtest1  (cost=0.43..10.50 rows=103 width=4)
	  Index Cond: ((k >= 3593779) AND (k <= 3593879))

table 2 : explain SELECT k FROM sbtest2 WHERE k BETWEEN 3593779 AND 3593879
	Index Only Scan using k_2 on sbtest2  (cost=0.43..6.32 rows=94 width=4)
	  Index Cond: ((k >= 3593779) AND (k <= 3593879))

table 3 : explain SELECT k FROM sbtest3 WHERE k BETWEEN 3593779 AND 3593879
	Index Only Scan using k_3 on sbtest3  (cost=0.43..6.25 rows=91 width=4)
	  Index Cond: ((k >= 3593779) AND (k <= 3593879))

table 4 : explain SELECT k FROM sbtest4 WHERE k BETWEEN 3593779 AND 3593879
	Index Only Scan using k_4 on sbtest4  (cost=0.43..6.51 rows=104 width=4)
	  Index Cond: ((k >= 3593779) AND (k <= 3593879))

table 5 : explain SELECT k FROM sbtest5 WHERE k BETWEEN 3593779 AND 3593879
	Index Only Scan using k_5 on sbtest5  (cost=0.43..10.56 rows=106 width=4)
	  Index Cond: ((k >= 3593779) AND (k <= 3593879))

table 6 : explain SELECT k FROM sbtest6 WHERE k BETWEEN 3593779 AND 3593879
	Index Only Scan using k_6 on sbtest6  (cost=0.43..6.45 rows=101 width=4)
	  Index Cond: ((k >= 3593779) AND (k <= 3593879))

table 7 : explain SELECT k FROM sbtest7 WHERE k BETWEEN 3593779 AND 3593879
	Index Only Scan using k_7 on sbtest7  (cost=0.43..10.33 rows=95 width=4)
	  Index Cond: ((k >= 3593779) AND (k <= 3593879))

table 8 : explain SELECT k FROM sbtest8 WHERE k BETWEEN 3593779 AND 3593879
	Index Only Scan using k_8 on sbtest8  (cost=0.43..10.33 rows=95 width=4)
	  Index Cond: ((k >= 3593779) AND (k <= 3593879))

explain: for range-covered :: explain SELECT k FROM sbtest%d WHERE k BETWEEN 3593779 AND 3593879
explain: for range-covered :: explain SELECT k FROM sbtest%d WHERE k BETWEEN 9161232 AND 9161332
for range-covered
table 1 : explain SELECT k FROM sbtest1 WHERE k BETWEEN 6966820 AND 6966920
	Index Only Scan using k_1 on sbtest1  (cost=0.43..10.58 rows=107 width=4)
	  Index Cond: ((k >= 6966820) AND (k <= 6966920))

table 2 : explain SELECT k FROM sbtest2 WHERE k BETWEEN 6966820 AND 6966920
	Index Only Scan using k_2 on sbtest2  (cost=0.43..6.47 rows=102 width=4)
	  Index Cond: ((k >= 6966820) AND (k <= 6966920))

table 3 : explain SELECT k FROM sbtest3 WHERE k BETWEEN 6966820 AND 6966920
	Index Only Scan using k_3 on sbtest3  (cost=0.43..6.45 rows=101 width=4)
	  Index Cond: ((k >= 6966820) AND (k <= 6966920))

table 4 : explain SELECT k FROM sbtest4 WHERE k BETWEEN 6966820 AND 6966920
	Index Only Scan using k_4 on sbtest4  (cost=0.43..6.29 rows=93 width=4)
	  Index Cond: ((k >= 6966820) AND (k <= 6966920))

table 5 : explain SELECT k FROM sbtest5 WHERE k BETWEEN 6966820 AND 6966920
	Index Only Scan using k_5 on sbtest5  (cost=0.43..10.32 rows=94 width=4)
	  Index Cond: ((k >= 6966820) AND (k <= 6966920))

table 6 : explain SELECT k FROM sbtest6 WHERE k BETWEEN 6966820 AND 6966920
	Index Only Scan using k_6 on sbtest6  (cost=0.43..6.40 rows=98 width=4)
	  Index Cond: ((k >= 6966820) AND (k <= 6966920))

table 7 : explain SELECT k FROM sbtest7 WHERE k BETWEEN 6966820 AND 6966920
	Index Only Scan using k_7 on sbtest7  (cost=0.43..10.76 rows=116 width=4)
	  Index Cond: ((k >= 6966820) AND (k <= 6966920))

table 8 : explain SELECT k FROM sbtest8 WHERE k BETWEEN 6966820 AND 6966920
	Index Only Scan using k_8 on sbtest8  (cost=0.43..10.33 rows=95 width=4)
	  Index Cond: ((k >= 6966820) AND (k <= 6966920))

for range-covered
table 1 : explain SELECT k FROM sbtest1 WHERE k BETWEEN 7247718 AND 7247818
	Index Only Scan using k_1 on sbtest1  (cost=0.43..10.79 rows=118 width=4)
	  Index Cond: ((k >= 7247718) AND (k <= 7247818))

table 2 : explain SELECT k FROM sbtest2 WHERE k BETWEEN 7247718 AND 7247818
	Index Only Scan using k_2 on sbtest2  (cost=0.43..6.51 rows=104 width=4)
	  Index Cond: ((k >= 7247718) AND (k <= 7247818))

table 3 : explain SELECT k FROM sbtest3 WHERE k BETWEEN 7247718 AND 7247818
	Index Only Scan using k_3 on sbtest3  (cost=0.43..6.43 rows=100 width=4)
	  Index Cond: ((k >= 7247718) AND (k <= 7247818))

table 4 : explain SELECT k FROM sbtest4 WHERE k BETWEEN 7247718 AND 7247818
	Index Only Scan using k_4 on sbtest4  (cost=0.43..6.50 rows=103 width=4)
	  Index Cond: ((k >= 7247718) AND (k <= 7247818))

table 5 : explain SELECT k FROM sbtest5 WHERE k BETWEEN 7247718 AND 7247818
	Index Only Scan using k_5 on sbtest5  (cost=0.43..10.51 rows=104 width=4)
	  Index Cond: ((k >= 7247718) AND (k <= 7247818))

table 6 : explain SELECT k FROM sbtest6 WHERE k BETWEEN 7247718 AND 7247818
	Index Only Scan using k_6 on sbtest6  (cost=0.43..6.59 rows=108 width=4)
	  Index Cond: ((k >= 7247718) AND (k <= 7247818))

table 7 : explain SELECT k FROM sbtest7 WHERE k BETWEEN 7247718 AND 7247818
	Index Only Scan using k_7 on sbtest7  (cost=0.43..10.58 rows=107 width=4)
	  Index Cond: ((k >= 7247718) AND (k <= 7247818))

table 8 : explain SELECT k FROM sbtest8 WHERE k BETWEEN 7247718 AND 7247818
	Index Only Scan using k_8 on sbtest8  (cost=0.43..10.32 rows=94 width=4)
	  Index Cond: ((k >= 7247718) AND (k <= 7247818))

explain: for range-covered :: explain SELECT k FROM sbtest%d WHERE k BETWEEN 6966820 AND 6966920
explain: for range-covered :: explain SELECT k FROM sbtest%d WHERE k BETWEEN 7247718 AND 7247818
for range-covered
table 1 : explain SELECT k FROM sbtest1 WHERE k BETWEEN 5176118 AND 5176218
	Index Only Scan using k_1 on sbtest1  (cost=0.43..10.32 rows=94 width=4)
	  Index Cond: ((k >= 5176118) AND (k <= 5176218))

table 2 : explain SELECT k FROM sbtest2 WHERE k BETWEEN 5176118 AND 5176218
	Index Only Scan using k_2 on sbtest2  (cost=0.43..6.43 rows=100 width=4)
	  Index Cond: ((k >= 5176118) AND (k <= 5176218))

table 3 : explain SELECT k FROM sbtest3 WHERE k BETWEEN 5176118 AND 5176218
	Index Only Scan using k_3 on sbtest3  (cost=0.43..6.66 rows=111 width=4)
	  Index Cond: ((k >= 5176118) AND (k <= 5176218))

table 4 : explain SELECT k FROM sbtest4 WHERE k BETWEEN 5176118 AND 5176218
	Index Only Scan using k_4 on sbtest4  (cost=0.43..6.47 rows=102 width=4)
	  Index Cond: ((k >= 5176118) AND (k <= 5176218))

table 5 : explain SELECT k FROM sbtest5 WHERE k BETWEEN 5176118 AND 5176218
	Index Only Scan using k_5 on sbtest5  (cost=0.43..10.44 rows=100 width=4)
	  Index Cond: ((k >= 5176118) AND (k <= 5176218))

table 6 : explain SELECT k FROM sbtest6 WHERE k BETWEEN 5176118 AND 5176218
	Index Only Scan using k_6 on sbtest6  (cost=0.43..6.45 rows=101 width=4)
	  Index Cond: ((k >= 5176118) AND (k <= 5176218))

table 7 : explain SELECT k FROM sbtest7 WHERE k BETWEEN 5176118 AND 5176218
	Index Only Scan using k_7 on sbtest7  (cost=0.43..10.54 rows=105 width=4)
	  Index Cond: ((k >= 5176118) AND (k <= 5176218))

table 8 : explain SELECT k FROM sbtest8 WHERE k BETWEEN 5176118 AND 5176218
	Index Only Scan using k_8 on sbtest8  (cost=0.43..10.32 rows=94 width=4)
	  Index Cond: ((k >= 5176118) AND (k <= 5176218))

explain: for range-covered :: explain SELECT k FROM sbtest%d WHERE k BETWEEN 5176118 AND 5176218
for range-covered
table 1 : explain SELECT k FROM sbtest1 WHERE k BETWEEN 3593779 AND 3593879
	Index Only Scan using k_1 on sbtest1  (cost=0.43..10.50 rows=103 width=4)
	  Index Cond: ((k >= 3593779) AND (k <= 3593879))

table 2 : explain SELECT k FROM sbtest2 WHERE k BETWEEN 3593779 AND 3593879
	Index Only Scan using k_2 on sbtest2  (cost=0.43..6.32 rows=94 width=4)
	  Index Cond: ((k >= 3593779) AND (k <= 3593879))

table 3 : explain SELECT k FROM sbtest3 WHERE k BETWEEN 3593779 AND 3593879
	Index Only Scan using k_3 on sbtest3  (cost=0.43..6.25 rows=91 width=4)
	  Index Cond: ((k >= 3593779) AND (k <= 3593879))

table 4 : explain SELECT k FROM sbtest4 WHERE k BETWEEN 3593779 AND 3593879
	Index Only Scan using k_4 on sbtest4  (cost=0.43..6.51 rows=104 width=4)
	  Index Cond: ((k >= 3593779) AND (k <= 3593879))

table 5 : explain SELECT k FROM sbtest5 WHERE k BETWEEN 3593779 AND 3593879
	Index Only Scan using k_5 on sbtest5  (cost=0.43..10.56 rows=106 width=4)
	  Index Cond: ((k >= 3593779) AND (k <= 3593879))

table 6 : explain SELECT k FROM sbtest6 WHERE k BETWEEN 3593779 AND 3593879
	Index Only Scan using k_6 on sbtest6  (cost=0.43..6.45 rows=101 width=4)
	  Index Cond: ((k >= 3593779) AND (k <= 3593879))

table 7 : explain SELECT k FROM sbtest7 WHERE k BETWEEN 3593779 AND 3593879
	Index Only Scan using k_7 on sbtest7  (cost=0.43..10.33 rows=95 width=4)
	  Index Cond: ((k >= 3593779) AND (k <= 3593879))

table 8 : explain SELECT k FROM sbtest8 WHERE k BETWEEN 3593779 AND 3593879
	Index Only Scan using k_8 on sbtest8  (cost=0.43..10.33 rows=95 width=4)
	  Index Cond: ((k >= 3593779) AND (k <= 3593879))

for range-covered
table 1 : explain SELECT k FROM sbtest1 WHERE k BETWEEN 6966820 AND 6966920
	Index Only Scan using k_1 on sbtest1  (cost=0.43..10.58 rows=107 width=4)
	  Index Cond: ((k >= 6966820) AND (k <= 6966920))

table 2 : explain SELECT k FROM sbtest2 WHERE k BETWEEN 6966820 AND 6966920
	Index Only Scan using k_2 on sbtest2  (cost=0.43..6.47 rows=102 width=4)
	  Index Cond: ((k >= 6966820) AND (k <= 6966920))

table 3 : explain SELECT k FROM sbtest3 WHERE k BETWEEN 6966820 AND 6966920
	Index Only Scan using k_3 on sbtest3  (cost=0.43..6.45 rows=101 width=4)
	  Index Cond: ((k >= 6966820) AND (k <= 6966920))

table 4 : explain SELECT k FROM sbtest4 WHERE k BETWEEN 6966820 AND 6966920
	Index Only Scan using k_4 on sbtest4  (cost=0.43..6.29 rows=93 width=4)
	  Index Cond: ((k >= 6966820) AND (k <= 6966920))

table 5 : explain SELECT k FROM sbtest5 WHERE k BETWEEN 6966820 AND 6966920
	Index Only Scan using k_5 on sbtest5  (cost=0.43..10.32 rows=94 width=4)
	  Index Cond: ((k >= 6966820) AND (k <= 6966920))

table 6 : explain SELECT k FROM sbtest6 WHERE k BETWEEN 6966820 AND 6966920
	Index Only Scan using k_6 on sbtest6  (cost=0.43..6.40 rows=98 width=4)
	  Index Cond: ((k >= 6966820) AND (k <= 6966920))

table 7 : explain SELECT k FROM sbtest7 WHERE k BETWEEN 6966820 AND 6966920
	Index Only Scan using k_7 on sbtest7  (cost=0.43..10.76 rows=116 width=4)
	  Index Cond: ((k >= 6966820) AND (k <= 6966920))

table 8 : explain SELECT k FROM sbtest8 WHERE k BETWEEN 6966820 AND 6966920
	Index Only Scan using k_8 on sbtest8  (cost=0.43..10.33 rows=95 width=4)
	  Index Cond: ((k >= 6966820) AND (k <= 6966920))

explain: for range-covered :: explain SELECT k FROM sbtest%d WHERE k BETWEEN 3593779 AND 3593879
explain: for range-covered :: explain SELECT k FROM sbtest%d WHERE k BETWEEN 6966820 AND 6966920
for range-covered
table 1 : explain SELECT k FROM sbtest1 WHERE k BETWEEN 7247718 AND 7247818
	Index Only Scan using k_1 on sbtest1  (cost=0.43..10.79 rows=118 width=4)
	  Index Cond: ((k >= 7247718) AND (k <= 7247818))

table 2 : explain SELECT k FROM sbtest2 WHERE k BETWEEN 7247718 AND 7247818
	Index Only Scan using k_2 on sbtest2  (cost=0.43..6.51 rows=104 width=4)
	  Index Cond: ((k >= 7247718) AND (k <= 7247818))

table 3 : explain SELECT k FROM sbtest3 WHERE k BETWEEN 7247718 AND 7247818
	Index Only Scan using k_3 on sbtest3  (cost=0.43..6.43 rows=100 width=4)
	  Index Cond: ((k >= 7247718) AND (k <= 7247818))

table 4 : explain SELECT k FROM sbtest4 WHERE k BETWEEN 7247718 AND 7247818
	Index Only Scan using k_4 on sbtest4  (cost=0.43..6.50 rows=103 width=4)
	  Index Cond: ((k >= 7247718) AND (k <= 7247818))

table 5 : explain SELECT k FROM sbtest5 WHERE k BETWEEN 7247718 AND 7247818
	Index Only Scan using k_5 on sbtest5  (cost=0.43..10.51 rows=104 width=4)
	  Index Cond: ((k >= 7247718) AND (k <= 7247818))

table 6 : explain SELECT k FROM sbtest6 WHERE k BETWEEN 7247718 AND 7247818
	Index Only Scan using k_6 on sbtest6  (cost=0.43..6.59 rows=108 width=4)
	  Index Cond: ((k >= 7247718) AND (k <= 7247818))

table 7 : explain SELECT k FROM sbtest7 WHERE k BETWEEN 7247718 AND 7247818
	Index Only Scan using k_7 on sbtest7  (cost=0.43..10.58 rows=107 width=4)
	  Index Cond: ((k >= 7247718) AND (k <= 7247818))

table 8 : explain SELECT k FROM sbtest8 WHERE k BETWEEN 7247718 AND 7247818
	Index Only Scan using k_8 on sbtest8  (cost=0.43..10.32 rows=94 width=4)
	  Index Cond: ((k >= 7247718) AND (k <= 7247818))

explain: for range-covered :: explain SELECT k FROM sbtest%d WHERE k BETWEEN 7247718 AND 7247818
for range-covered
table 1 : explain SELECT k FROM sbtest1 WHERE k BETWEEN 5176118 AND 5176218
	Index Only Scan using k_1 on sbtest1  (cost=0.43..10.32 rows=94 width=4)
	  Index Cond: ((k >= 5176118) AND (k <= 5176218))

table 2 : explain SELECT k FROM sbtest2 WHERE k BETWEEN 5176118 AND 5176218
	Index Only Scan using k_2 on sbtest2  (cost=0.43..6.43 rows=100 width=4)
	  Index Cond: ((k >= 5176118) AND (k <= 5176218))

table 3 : explain SELECT k FROM sbtest3 WHERE k BETWEEN 5176118 AND 5176218
	Index Only Scan using k_3 on sbtest3  (cost=0.43..6.66 rows=111 width=4)
	  Index Cond: ((k >= 5176118) AND (k <= 5176218))

table 4 : explain SELECT k FROM sbtest4 WHERE k BETWEEN 5176118 AND 5176218
	Index Only Scan using k_4 on sbtest4  (cost=0.43..6.47 rows=102 width=4)
	  Index Cond: ((k >= 5176118) AND (k <= 5176218))

table 5 : explain SELECT k FROM sbtest5 WHERE k BETWEEN 5176118 AND 5176218
	Index Only Scan using k_5 on sbtest5  (cost=0.43..10.44 rows=100 width=4)
	  Index Cond: ((k >= 5176118) AND (k <= 5176218))

table 6 : explain SELECT k FROM sbtest6 WHERE k BETWEEN 5176118 AND 5176218
	Index Only Scan using k_6 on sbtest6  (cost=0.43..6.45 rows=101 width=4)
	  Index Cond: ((k >= 5176118) AND (k <= 5176218))

table 7 : explain SELECT k FROM sbtest7 WHERE k BETWEEN 5176118 AND 5176218
	Index Only Scan using k_7 on sbtest7  (cost=0.43..10.54 rows=105 width=4)
	  Index Cond: ((k >= 5176118) AND (k <= 5176218))

table 8 : explain SELECT k FROM sbtest8 WHERE k BETWEEN 5176118 AND 5176218
	Index Only Scan using k_8 on sbtest8  (cost=0.43..10.32 rows=94 width=4)
	  Index Cond: ((k >= 5176118) AND (k <= 5176218))

explain: for range-covered :: explain SELECT k FROM sbtest%d WHERE k BETWEEN 5176118 AND 5176218
explain: for range-covered :: explain SELECT k FROM sbtest%d WHERE k BETWEEN 7702496 AND 7702596
for range-covered
table 1 : explain SELECT k FROM sbtest1 WHERE k BETWEEN 6966820 AND 6966920
	Index Only Scan using k_1 on sbtest1  (cost=0.43..10.58 rows=107 width=4)
	  Index Cond: ((k >= 6966820) AND (k <= 6966920))

table 2 : explain SELECT k FROM sbtest2 WHERE k BETWEEN 6966820 AND 6966920
	Index Only Scan using k_2 on sbtest2  (cost=0.43..6.47 rows=102 width=4)
	  Index Cond: ((k >= 6966820) AND (k <= 6966920))

table 3 : explain SELECT k FROM sbtest3 WHERE k BETWEEN 6966820 AND 6966920
	Index Only Scan using k_3 on sbtest3  (cost=0.43..6.45 rows=101 width=4)
	  Index Cond: ((k >= 6966820) AND (k <= 6966920))

table 4 : explain SELECT k FROM sbtest4 WHERE k BETWEEN 6966820 AND 6966920
	Index Only Scan using k_4 on sbtest4  (cost=0.43..6.29 rows=93 width=4)
	  Index Cond: ((k >= 6966820) AND (k <= 6966920))

table 5 : explain SELECT k FROM sbtest5 WHERE k BETWEEN 6966820 AND 6966920
	Index Only Scan using k_5 on sbtest5  (cost=0.43..10.32 rows=94 width=4)
	  Index Cond: ((k >= 6966820) AND (k <= 6966920))

table 6 : explain SELECT k FROM sbtest6 WHERE k BETWEEN 6966820 AND 6966920
	Index Only Scan using k_6 on sbtest6  (cost=0.43..6.40 rows=98 width=4)
	  Index Cond: ((k >= 6966820) AND (k <= 6966920))

table 7 : explain SELECT k FROM sbtest7 WHERE k BETWEEN 6966820 AND 6966920
	Index Only Scan using k_7 on sbtest7  (cost=0.43..10.76 rows=116 width=4)
	  Index Cond: ((k >= 6966820) AND (k <= 6966920))

table 8 : explain SELECT k FROM sbtest8 WHERE k BETWEEN 6966820 AND 6966920
	Index Only Scan using k_8 on sbtest8  (cost=0.43..10.33 rows=95 width=4)
	  Index Cond: ((k >= 6966820) AND (k <= 6966920))

explain: for range-covered :: explain SELECT k FROM sbtest%d WHERE k BETWEEN 4040426 AND 4040526
explain: for range-covered :: explain SELECT k FROM sbtest%d WHERE k BETWEEN 6966820 AND 6966920
for range-covered
table 1 : explain SELECT k FROM sbtest1 WHERE k BETWEEN 3593779 AND 3593879
	Index Only Scan using k_1 on sbtest1  (cost=0.43..10.50 rows=103 width=4)
	  Index Cond: ((k >= 3593779) AND (k <= 3593879))

table 2 : explain SELECT k FROM sbtest2 WHERE k BETWEEN 3593779 AND 3593879
	Index Only Scan using k_2 on sbtest2  (cost=0.43..6.32 rows=94 width=4)
	  Index Cond: ((k >= 3593779) AND (k <= 3593879))

table 3 : explain SELECT k FROM sbtest3 WHERE k BETWEEN 3593779 AND 3593879
	Index Only Scan using k_3 on sbtest3  (cost=0.43..6.25 rows=91 width=4)
	  Index Cond: ((k >= 3593779) AND (k <= 3593879))

table 4 : explain SELECT k FROM sbtest4 WHERE k BETWEEN 3593779 AND 3593879
	Index Only Scan using k_4 on sbtest4  (cost=0.43..6.51 rows=104 width=4)
	  Index Cond: ((k >= 3593779) AND (k <= 3593879))

table 5 : explain SELECT k FROM sbtest5 WHERE k BETWEEN 3593779 AND 3593879
	Index Only Scan using k_5 on sbtest5  (cost=0.43..10.56 rows=106 width=4)
	  Index Cond: ((k >= 3593779) AND (k <= 3593879))

table 6 : explain SELECT k FROM sbtest6 WHERE k BETWEEN 3593779 AND 3593879
	Index Only Scan using k_6 on sbtest6  (cost=0.43..6.45 rows=101 width=4)
	  Index Cond: ((k >= 3593779) AND (k <= 3593879))

table 7 : explain SELECT k FROM sbtest7 WHERE k BETWEEN 3593779 AND 3593879
	Index Only Scan using k_7 on sbtest7  (cost=0.43..10.33 rows=95 width=4)
	  Index Cond: ((k >= 3593779) AND (k <= 3593879))

table 8 : explain SELECT k FROM sbtest8 WHERE k BETWEEN 3593779 AND 3593879
	Index Only Scan using k_8 on sbtest8  (cost=0.43..10.33 rows=95 width=4)
	  Index Cond: ((k >= 3593779) AND (k <= 3593879))

for range-covered
table 1 : explain SELECT k FROM sbtest1 WHERE k BETWEEN 7247718 AND 7247818
	Index Only Scan using k_1 on sbtest1  (cost=0.43..10.79 rows=118 width=4)
	  Index Cond: ((k >= 7247718) AND (k <= 7247818))

table 2 : explain SELECT k FROM sbtest2 WHERE k BETWEEN 7247718 AND 7247818
	Index Only Scan using k_2 on sbtest2  (cost=0.43..6.51 rows=104 width=4)
	  Index Cond: ((k >= 7247718) AND (k <= 7247818))

table 3 : explain SELECT k FROM sbtest3 WHERE k BETWEEN 7247718 AND 7247818
	Index Only Scan using k_3 on sbtest3  (cost=0.43..6.43 rows=100 width=4)
	  Index Cond: ((k >= 7247718) AND (k <= 7247818))

table 4 : explain SELECT k FROM sbtest4 WHERE k BETWEEN 7247718 AND 7247818
	Index Only Scan using k_4 on sbtest4  (cost=0.43..6.50 rows=103 width=4)
	  Index Cond: ((k >= 7247718) AND (k <= 7247818))

table 5 : explain SELECT k FROM sbtest5 WHERE k BETWEEN 7247718 AND 7247818
	Index Only Scan using k_5 on sbtest5  (cost=0.43..10.51 rows=104 width=4)
	  Index Cond: ((k >= 7247718) AND (k <= 7247818))

table 6 : explain SELECT k FROM sbtest6 WHERE k BETWEEN 7247718 AND 7247818
	Index Only Scan using k_6 on sbtest6  (cost=0.43..6.59 rows=108 width=4)
	  Index Cond: ((k >= 7247718) AND (k <= 7247818))

table 7 : explain SELECT k FROM sbtest7 WHERE k BETWEEN 7247718 AND 7247818
	Index Only Scan using k_7 on sbtest7  (cost=0.43..10.58 rows=107 width=4)
	  Index Cond: ((k >= 7247718) AND (k <= 7247818))

table 8 : explain SELECT k FROM sbtest8 WHERE k BETWEEN 7247718 AND 7247818
	Index Only Scan using k_8 on sbtest8  (cost=0.43..10.32 rows=94 width=4)
	  Index Cond: ((k >= 7247718) AND (k <= 7247818))

explain: for range-covered :: explain SELECT k FROM sbtest%d WHERE k BETWEEN 3593779 AND 3593879
explain: for range-covered :: explain SELECT k FROM sbtest%d WHERE k BETWEEN 7247718 AND 7247818
for range-covered
table 1 : explain SELECT k FROM sbtest1 WHERE k BETWEEN 5176118 AND 5176218
	Index Only Scan using k_1 on sbtest1  (cost=0.43..10.32 rows=94 width=4)
	  Index Cond: ((k >= 5176118) AND (k <= 5176218))

table 2 : explain SELECT k FROM sbtest2 WHERE k BETWEEN 5176118 AND 5176218
	Index Only Scan using k_2 on sbtest2  (cost=0.43..6.43 rows=100 width=4)
	  Index Cond: ((k >= 5176118) AND (k <= 5176218))

table 3 : explain SELECT k FROM sbtest3 WHERE k BETWEEN 5176118 AND 5176218
	Index Only Scan using k_3 on sbtest3  (cost=0.43..6.66 rows=111 width=4)
	  Index Cond: ((k >= 5176118) AND (k <= 5176218))

table 4 : explain SELECT k FROM sbtest4 WHERE k BETWEEN 5176118 AND 5176218
	Index Only Scan using k_4 on sbtest4  (cost=0.43..6.47 rows=102 width=4)
	  Index Cond: ((k >= 5176118) AND (k <= 5176218))

table 5 : explain SELECT k FROM sbtest5 WHERE k BETWEEN 5176118 AND 5176218
	Index Only Scan using k_5 on sbtest5  (cost=0.43..10.44 rows=100 width=4)
	  Index Cond: ((k >= 5176118) AND (k <= 5176218))

table 6 : explain SELECT k FROM sbtest6 WHERE k BETWEEN 5176118 AND 5176218
	Index Only Scan using k_6 on sbtest6  (cost=0.43..6.45 rows=101 width=4)
	  Index Cond: ((k >= 5176118) AND (k <= 5176218))

table 7 : explain SELECT k FROM sbtest7 WHERE k BETWEEN 5176118 AND 5176218
	Index Only Scan using k_7 on sbtest7  (cost=0.43..10.54 rows=105 width=4)
	  Index Cond: ((k >= 5176118) AND (k <= 5176218))

table 8 : explain SELECT k FROM sbtest8 WHERE k BETWEEN 5176118 AND 5176218
	Index Only Scan using k_8 on sbtest8  (cost=0.43..10.32 rows=94 width=4)
	  Index Cond: ((k >= 5176118) AND (k <= 5176218))

explain: for range-covered :: explain SELECT k FROM sbtest%d WHERE k BETWEEN 5176118 AND 5176218
for range-covered
table 1 : explain SELECT k FROM sbtest1 WHERE k BETWEEN 6966820 AND 6966920
	Index Only Scan using k_1 on sbtest1  (cost=0.43..10.58 rows=107 width=4)
	  Index Cond: ((k >= 6966820) AND (k <= 6966920))

table 2 : explain SELECT k FROM sbtest2 WHERE k BETWEEN 6966820 AND 6966920
	Index Only Scan using k_2 on sbtest2  (cost=0.43..6.47 rows=102 width=4)
	  Index Cond: ((k >= 6966820) AND (k <= 6966920))

table 3 : explain SELECT k FROM sbtest3 WHERE k BETWEEN 6966820 AND 6966920
	Index Only Scan using k_3 on sbtest3  (cost=0.43..6.45 rows=101 width=4)
	  Index Cond: ((k >= 6966820) AND (k <= 6966920))

table 4 : explain SELECT k FROM sbtest4 WHERE k BETWEEN 6966820 AND 6966920
	Index Only Scan using k_4 on sbtest4  (cost=0.43..6.29 rows=93 width=4)
	  Index Cond: ((k >= 6966820) AND (k <= 6966920))

table 5 : explain SELECT k FROM sbtest5 WHERE k BETWEEN 6966820 AND 6966920
	Index Only Scan using k_5 on sbtest5  (cost=0.43..10.32 rows=94 width=4)
	  Index Cond: ((k >= 6966820) AND (k <= 6966920))

table 6 : explain SELECT k FROM sbtest6 WHERE k BETWEEN 6966820 AND 6966920
	Index Only Scan using k_6 on sbtest6  (cost=0.43..6.40 rows=98 width=4)
	  Index Cond: ((k >= 6966820) AND (k <= 6966920))

table 7 : explain SELECT k FROM sbtest7 WHERE k BETWEEN 6966820 AND 6966920
	Index Only Scan using k_7 on sbtest7  (cost=0.43..10.76 rows=116 width=4)
	  Index Cond: ((k >= 6966820) AND (k <= 6966920))

table 8 : explain SELECT k FROM sbtest8 WHERE k BETWEEN 6966820 AND 6966920
	Index Only Scan using k_8 on sbtest8  (cost=0.43..10.33 rows=95 width=4)
	  Index Cond: ((k >= 6966820) AND (k <= 6966920))

for range-covered
table 1 : explain SELECT k FROM sbtest1 WHERE k BETWEEN 3593779 AND 3593879
	Index Only Scan using k_1 on sbtest1  (cost=0.43..10.50 rows=103 width=4)
	  Index Cond: ((k >= 3593779) AND (k <= 3593879))

table 2 : explain SELECT k FROM sbtest2 WHERE k BETWEEN 3593779 AND 3593879
	Index Only Scan using k_2 on sbtest2  (cost=0.43..6.32 rows=94 width=4)
	  Index Cond: ((k >= 3593779) AND (k <= 3593879))

table 3 : explain SELECT k FROM sbtest3 WHERE k BETWEEN 3593779 AND 3593879
	Index Only Scan using k_3 on sbtest3  (cost=0.43..6.25 rows=91 width=4)
	  Index Cond: ((k >= 3593779) AND (k <= 3593879))

table 4 : explain SELECT k FROM sbtest4 WHERE k BETWEEN 3593779 AND 3593879
	Index Only Scan using k_4 on sbtest4  (cost=0.43..6.51 rows=104 width=4)
	  Index Cond: ((k >= 3593779) AND (k <= 3593879))

table 5 : explain SELECT k FROM sbtest5 WHERE k BETWEEN 3593779 AND 3593879
	Index Only Scan using k_5 on sbtest5  (cost=0.43..10.56 rows=106 width=4)
	  Index Cond: ((k >= 3593779) AND (k <= 3593879))

table 6 : explain SELECT k FROM sbtest6 WHERE k BETWEEN 3593779 AND 3593879
	Index Only Scan using k_6 on sbtest6  (cost=0.43..6.45 rows=101 width=4)
	  Index Cond: ((k >= 3593779) AND (k <= 3593879))

table 7 : explain SELECT k FROM sbtest7 WHERE k BETWEEN 3593779 AND 3593879
	Index Only Scan using k_7 on sbtest7  (cost=0.43..10.33 rows=95 width=4)
	  Index Cond: ((k >= 3593779) AND (k <= 3593879))

table 8 : explain SELECT k FROM sbtest8 WHERE k BETWEEN 3593779 AND 3593879
	Index Only Scan using k_8 on sbtest8  (cost=0.43..10.33 rows=95 width=4)
	  Index Cond: ((k >= 3593779) AND (k <= 3593879))

for range-covered
table 1 : explain SELECT k FROM sbtest1 WHERE k BETWEEN 7247718 AND 7247818
	Index Only Scan using k_1 on sbtest1  (cost=0.43..10.79 rows=118 width=4)
	  Index Cond: ((k >= 7247718) AND (k <= 7247818))

table 2 : explain SELECT k FROM sbtest2 WHERE k BETWEEN 7247718 AND 7247818
	Index Only Scan using k_2 on sbtest2  (cost=0.43..6.51 rows=104 width=4)
	  Index Cond: ((k >= 7247718) AND (k <= 7247818))

table 3 : explain SELECT k FROM sbtest3 WHERE k BETWEEN 7247718 AND 7247818
	Index Only Scan using k_3 on sbtest3  (cost=0.43..6.43 rows=100 width=4)
	  Index Cond: ((k >= 7247718) AND (k <= 7247818))

table 4 : explain SELECT k FROM sbtest4 WHERE k BETWEEN 7247718 AND 7247818
	Index Only Scan using k_4 on sbtest4  (cost=0.43..6.50 rows=103 width=4)
	  Index Cond: ((k >= 7247718) AND (k <= 7247818))

table 5 : explain SELECT k FROM sbtest5 WHERE k BETWEEN 7247718 AND 7247818
	Index Only Scan using k_5 on sbtest5  (cost=0.43..10.51 rows=104 width=4)
	  Index Cond: ((k >= 7247718) AND (k <= 7247818))

table 6 : explain SELECT k FROM sbtest6 WHERE k BETWEEN 7247718 AND 7247818
	Index Only Scan using k_6 on sbtest6  (cost=0.43..6.59 rows=108 width=4)
	  Index Cond: ((k >= 7247718) AND (k <= 7247818))

table 7 : explain SELECT k FROM sbtest7 WHERE k BETWEEN 7247718 AND 7247818
	Index Only Scan using k_7 on sbtest7  (cost=0.43..10.58 rows=107 width=4)
	  Index Cond: ((k >= 7247718) AND (k <= 7247818))

table 8 : explain SELECT k FROM sbtest8 WHERE k BETWEEN 7247718 AND 7247818
	Index Only Scan using k_8 on sbtest8  (cost=0.43..10.32 rows=94 width=4)
	  Index Cond: ((k >= 7247718) AND (k <= 7247818))

explain: for range-covered :: explain SELECT k FROM sbtest%d WHERE k BETWEEN 3593779 AND 3593879
for range-covered
table 1 : explain SELECT k FROM sbtest1 WHERE k BETWEEN 5176118 AND 5176218
	Index Only Scan using k_1 on sbtest1  (cost=0.43..10.32 rows=94 width=4)
	  Index Cond: ((k >= 5176118) AND (k <= 5176218))

table 2 : explain SELECT k FROM sbtest2 WHERE k BETWEEN 5176118 AND 5176218
	Index Only Scan using k_2 on sbtest2  (cost=0.43..6.43 rows=100 width=4)
	  Index Cond: ((k >= 5176118) AND (k <= 5176218))

table 3 : explain SELECT k FROM sbtest3 WHERE k BETWEEN 5176118 AND 5176218
	Index Only Scan using k_3 on sbtest3  (cost=0.43..6.66 rows=111 width=4)
	  Index Cond: ((k >= 5176118) AND (k <= 5176218))

table 4 : explain SELECT k FROM sbtest4 WHERE k BETWEEN 5176118 AND 5176218
	Index Only Scan using k_4 on sbtest4  (cost=0.43..6.47 rows=102 width=4)
	  Index Cond: ((k >= 5176118) AND (k <= 5176218))

table 5 : explain SELECT k FROM sbtest5 WHERE k BETWEEN 5176118 AND 5176218
	Index Only Scan using k_5 on sbtest5  (cost=0.43..10.44 rows=100 width=4)
	  Index Cond: ((k >= 5176118) AND (k <= 5176218))

table 6 : explain SELECT k FROM sbtest6 WHERE k BETWEEN 5176118 AND 5176218
	Index Only Scan using k_6 on sbtest6  (cost=0.43..6.45 rows=101 width=4)
	  Index Cond: ((k >= 5176118) AND (k <= 5176218))

table 7 : explain SELECT k FROM sbtest7 WHERE k BETWEEN 5176118 AND 5176218
	Index Only Scan using k_7 on sbtest7  (cost=0.43..10.54 rows=105 width=4)
	  Index Cond: ((k >= 5176118) AND (k <= 5176218))

table 8 : explain SELECT k FROM sbtest8 WHERE k BETWEEN 5176118 AND 5176218
	Index Only Scan using k_8 on sbtest8  (cost=0.43..10.32 rows=94 width=4)
	  Index Cond: ((k >= 5176118) AND (k <= 5176218))

explain: for range-covered :: explain SELECT k FROM sbtest%d WHERE k BETWEEN 5176118 AND 5176218
for range-covered
table 1 : explain SELECT k FROM sbtest1 WHERE k BETWEEN 5161062 AND 5161162
	Index Only Scan using k_1 on sbtest1  (cost=0.43..10.32 rows=94 width=4)
	  Index Cond: ((k >= 5161062) AND (k <= 5161162))

table 2 : explain SELECT k FROM sbtest2 WHERE k BETWEEN 5161062 AND 5161162
	Index Only Scan using k_2 on sbtest2  (cost=0.43..6.43 rows=100 width=4)
	  Index Cond: ((k >= 5161062) AND (k <= 5161162))

table 3 : explain SELECT k FROM sbtest3 WHERE k BETWEEN 5161062 AND 5161162
	Index Only Scan using k_3 on sbtest3  (cost=0.43..6.58 rows=107 width=4)
	  Index Cond: ((k >= 5161062) AND (k <= 5161162))

table 4 : explain SELECT k FROM sbtest4 WHERE k BETWEEN 5161062 AND 5161162
	Index Only Scan using k_4 on sbtest4  (cost=0.43..6.47 rows=102 width=4)
	  Index Cond: ((k >= 5161062) AND (k <= 5161162))

table 5 : explain SELECT k FROM sbtest5 WHERE k BETWEEN 5161062 AND 5161162
	Index Only Scan using k_5 on sbtest5  (cost=0.43..10.44 rows=100 width=4)
	  Index Cond: ((k >= 5161062) AND (k <= 5161162))

table 6 : explain SELECT k FROM sbtest6 WHERE k BETWEEN 5161062 AND 5161162
	Index Only Scan using k_6 on sbtest6  (cost=0.43..6.45 rows=101 width=4)
	  Index Cond: ((k >= 5161062) AND (k <= 5161162))

table 7 : explain SELECT k FROM sbtest7 WHERE k BETWEEN 5161062 AND 5161162
	Index Only Scan using k_7 on sbtest7  (cost=0.43..10.54 rows=105 width=4)
	  Index Cond: ((k >= 5161062) AND (k <= 5161162))

table 8 : explain SELECT k FROM sbtest8 WHERE k BETWEEN 5161062 AND 5161162
	Index Only Scan using k_8 on sbtest8  (cost=0.43..10.32 rows=94 width=4)
	  Index Cond: ((k >= 5161062) AND (k <= 5161162))

explain: for range-covered :: explain SELECT k FROM sbtest%d WHERE k BETWEEN 5161062 AND 5161162
for range-covered
table 1 : explain SELECT k FROM sbtest1 WHERE k BETWEEN 2133202 AND 2133302
	Index Only Scan using k_1 on sbtest1  (cost=0.43..10.42 rows=99 width=4)
	  Index Cond: ((k >= 2133202) AND (k <= 2133302))

table 2 : explain SELECT k FROM sbtest2 WHERE k BETWEEN 2133202 AND 2133302
	Index Only Scan using k_2 on sbtest2  (cost=0.43..6.53 rows=105 width=4)
	  Index Cond: ((k >= 2133202) AND (k <= 2133302))

table 3 : explain SELECT k FROM sbtest3 WHERE k BETWEEN 2133202 AND 2133302
	Index Only Scan using k_3 on sbtest3  (cost=0.43..6.42 rows=99 width=4)
	  Index Cond: ((k >= 2133202) AND (k <= 2133302))

table 4 : explain SELECT k FROM sbtest4 WHERE k BETWEEN 2133202 AND 2133302
	Index Only Scan using k_4 on sbtest4  (cost=0.43..6.47 rows=102 width=4)
	  Index Cond: ((k >= 2133202) AND (k <= 2133302))

table 5 : explain SELECT k FROM sbtest5 WHERE k BETWEEN 2133202 AND 2133302
	Index Only Scan using k_5 on sbtest5  (cost=0.43..10.36 rows=96 width=4)
	  Index Cond: ((k >= 2133202) AND (k <= 2133302))

table 6 : explain SELECT k FROM sbtest6 WHERE k BETWEEN 2133202 AND 2133302
	Index Only Scan using k_6 on sbtest6  (cost=0.43..6.40 rows=98 width=4)
	  Index Cond: ((k >= 2133202) AND (k <= 2133302))

table 7 : explain SELECT k FROM sbtest7 WHERE k BETWEEN 2133202 AND 2133302
	Index Only Scan using k_7 on sbtest7  (cost=0.43..10.33 rows=95 width=4)
	  Index Cond: ((k >= 2133202) AND (k <= 2133302))

table 8 : explain SELECT k FROM sbtest8 WHERE k BETWEEN 2133202 AND 2133302
	Index Only Scan using k_8 on sbtest8  (cost=0.43..10.56 rows=106 width=4)
	  Index Cond: ((k >= 2133202) AND (k <= 2133302))

explain: for range-covered :: explain SELECT k FROM sbtest%d WHERE k BETWEEN 2133202 AND 2133302
for range-covered
table 1 : explain SELECT k FROM sbtest1 WHERE k BETWEEN 3593779 AND 3593879
	Index Only Scan using k_1 on sbtest1  (cost=0.43..10.50 rows=103 width=4)
	  Index Cond: ((k >= 3593779) AND (k <= 3593879))

table 2 : explain SELECT k FROM sbtest2 WHERE k BETWEEN 3593779 AND 3593879
	Index Only Scan using k_2 on sbtest2  (cost=0.43..6.32 rows=94 width=4)
	  Index Cond: ((k >= 3593779) AND (k <= 3593879))

table 3 : explain SELECT k FROM sbtest3 WHERE k BETWEEN 3593779 AND 3593879
	Index Only Scan using k_3 on sbtest3  (cost=0.43..6.25 rows=91 width=4)
	  Index Cond: ((k >= 3593779) AND (k <= 3593879))

table 4 : explain SELECT k FROM sbtest4 WHERE k BETWEEN 3593779 AND 3593879
	Index Only Scan using k_4 on sbtest4  (cost=0.43..6.51 rows=104 width=4)
	  Index Cond: ((k >= 3593779) AND (k <= 3593879))

table 5 : explain SELECT k FROM sbtest5 WHERE k BETWEEN 3593779 AND 3593879
	Index Only Scan using k_5 on sbtest5  (cost=0.43..10.56 rows=106 width=4)
	  Index Cond: ((k >= 3593779) AND (k <= 3593879))

table 6 : explain SELECT k FROM sbtest6 WHERE k BETWEEN 3593779 AND 3593879
	Index Only Scan using k_6 on sbtest6  (cost=0.43..6.45 rows=101 width=4)
	  Index Cond: ((k >= 3593779) AND (k <= 3593879))

table 7 : explain SELECT k FROM sbtest7 WHERE k BETWEEN 3593779 AND 3593879
	Index Only Scan using k_7 on sbtest7  (cost=0.43..10.33 rows=95 width=4)
	  Index Cond: ((k >= 3593779) AND (k <= 3593879))

table 8 : explain SELECT k FROM sbtest8 WHERE k BETWEEN 3593779 AND 3593879
	Index Only Scan using k_8 on sbtest8  (cost=0.43..10.33 rows=95 width=4)
	  Index Cond: ((k >= 3593779) AND (k <= 3593879))

explain: for range-covered :: explain SELECT k FROM sbtest%d WHERE k BETWEEN 3593779 AND 3593879
for range-covered
table 1 : explain SELECT k FROM sbtest1 WHERE k BETWEEN 4040426 AND 4040526
	Index Only Scan using k_1 on sbtest1  (cost=0.43..10.24 rows=90 width=4)
	  Index Cond: ((k >= 4040426) AND (k <= 4040526))

table 2 : explain SELECT k FROM sbtest2 WHERE k BETWEEN 4040426 AND 4040526
	Index Only Scan using k_2 on sbtest2  (cost=0.43..6.37 rows=97 width=4)
	  Index Cond: ((k >= 4040426) AND (k <= 4040526))

table 3 : explain SELECT k FROM sbtest3 WHERE k BETWEEN 4040426 AND 4040526
	Index Only Scan using k_3 on sbtest3  (cost=0.43..6.24 rows=90 width=4)
	  Index Cond: ((k >= 4040426) AND (k <= 4040526))

table 4 : explain SELECT k FROM sbtest4 WHERE k BETWEEN 4040426 AND 4040526
	Index Only Scan using k_4 on sbtest4  (cost=0.43..6.35 rows=96 width=4)
	  Index Cond: ((k >= 4040426) AND (k <= 4040526))

table 5 : explain SELECT k FROM sbtest5 WHERE k BETWEEN 4040426 AND 4040526
	Index Only Scan using k_5 on sbtest5  (cost=0.43..10.42 rows=99 width=4)
	  Index Cond: ((k >= 4040426) AND (k <= 4040526))

table 6 : explain SELECT k FROM sbtest6 WHERE k BETWEEN 4040426 AND 4040526
	Index Only Scan using k_6 on sbtest6  (cost=0.43..6.50 rows=103 width=4)
	  Index Cond: ((k >= 4040426) AND (k <= 4040526))

table 7 : explain SELECT k FROM sbtest7 WHERE k BETWEEN 4040426 AND 4040526
	Index Only Scan using k_7 on sbtest7  (cost=0.43..10.44 rows=100 width=4)
	  Index Cond: ((k >= 4040426) AND (k <= 4040526))

table 8 : explain SELECT k FROM sbtest8 WHERE k BETWEEN 4040426 AND 4040526
	Index Only Scan using k_8 on sbtest8  (cost=0.43..10.33 rows=95 width=4)
	  Index Cond: ((k >= 4040426) AND (k <= 4040526))

for range-covered
table 1 : explain SELECT k FROM sbtest1 WHERE k BETWEEN 5176118 AND 5176218
	Index Only Scan using k_1 on sbtest1  (cost=0.43..10.32 rows=94 width=4)
	  Index Cond: ((k >= 5176118) AND (k <= 5176218))

table 2 : explain SELECT k FROM sbtest2 WHERE k BETWEEN 5176118 AND 5176218
	Index Only Scan using k_2 on sbtest2  (cost=0.43..6.43 rows=100 width=4)
	  Index Cond: ((k >= 5176118) AND (k <= 5176218))

table 3 : explain SELECT k FROM sbtest3 WHERE k BETWEEN 5176118 AND 5176218
	Index Only Scan using k_3 on sbtest3  (cost=0.43..6.66 rows=111 width=4)
	  Index Cond: ((k >= 5176118) AND (k <= 5176218))

table 4 : explain SELECT k FROM sbtest4 WHERE k BETWEEN 5176118 AND 5176218
	Index Only Scan using k_4 on sbtest4  (cost=0.43..6.47 rows=102 width=4)
	  Index Cond: ((k >= 5176118) AND (k <= 5176218))

table 5 : explain SELECT k FROM sbtest5 WHERE k BETWEEN 5176118 AND 5176218
	Index Only Scan using k_5 on sbtest5  (cost=0.43..10.44 rows=100 width=4)
	  Index Cond: ((k >= 5176118) AND (k <= 5176218))

table 6 : explain SELECT k FROM sbtest6 WHERE k BETWEEN 5176118 AND 5176218
	Index Only Scan using k_6 on sbtest6  (cost=0.43..6.45 rows=101 width=4)
	  Index Cond: ((k >= 5176118) AND (k <= 5176218))

table 7 : explain SELECT k FROM sbtest7 WHERE k BETWEEN 5176118 AND 5176218
	Index Only Scan using k_7 on sbtest7  (cost=0.43..10.54 rows=105 width=4)
	  Index Cond: ((k >= 5176118) AND (k <= 5176218))

table 8 : explain SELECT k FROM sbtest8 WHERE k BETWEEN 5176118 AND 5176218
	Index Only Scan using k_8 on sbtest8  (cost=0.43..10.32 rows=94 width=4)
	  Index Cond: ((k >= 5176118) AND (k <= 5176218))

for range-covered
table 1 : explain SELECT k FROM sbtest1 WHERE k BETWEEN 5161062 AND 5161162
	Index Only Scan using k_1 on sbtest1  (cost=0.43..10.32 rows=94 width=4)
	  Index Cond: ((k >= 5161062) AND (k <= 5161162))

table 2 : explain SELECT k FROM sbtest2 WHERE k BETWEEN 5161062 AND 5161162
	Index Only Scan using k_2 on sbtest2  (cost=0.43..6.43 rows=100 width=4)
	  Index Cond: ((k >= 5161062) AND (k <= 5161162))

table 3 : explain SELECT k FROM sbtest3 WHERE k BETWEEN 5161062 AND 5161162
	Index Only Scan using k_3 on sbtest3  (cost=0.43..6.58 rows=107 width=4)
	  Index Cond: ((k >= 5161062) AND (k <= 5161162))

table 4 : explain SELECT k FROM sbtest4 WHERE k BETWEEN 5161062 AND 5161162
	Index Only Scan using k_4 on sbtest4  (cost=0.43..6.47 rows=102 width=4)
	  Index Cond: ((k >= 5161062) AND (k <= 5161162))

table 5 : explain SELECT k FROM sbtest5 WHERE k BETWEEN 5161062 AND 5161162
	Index Only Scan using k_5 on sbtest5  (cost=0.43..10.44 rows=100 width=4)
	  Index Cond: ((k >= 5161062) AND (k <= 5161162))

table 6 : explain SELECT k FROM sbtest6 WHERE k BETWEEN 5161062 AND 5161162
	Index Only Scan using k_6 on sbtest6  (cost=0.43..6.45 rows=101 width=4)
	  Index Cond: ((k >= 5161062) AND (k <= 5161162))

table 7 : explain SELECT k FROM sbtest7 WHERE k BETWEEN 5161062 AND 5161162
	Index Only Scan using k_7 on sbtest7  (cost=0.43..10.54 rows=105 width=4)
	  Index Cond: ((k >= 5161062) AND (k <= 5161162))

table 8 : explain SELECT k FROM sbtest8 WHERE k BETWEEN 5161062 AND 5161162
	Index Only Scan using k_8 on sbtest8  (cost=0.43..10.32 rows=94 width=4)
	  Index Cond: ((k >= 5161062) AND (k <= 5161162))

explain: for range-covered :: explain SELECT k FROM sbtest%d WHERE k BETWEEN 5176118 AND 5176218
explain: for range-covered :: explain SELECT k FROM sbtest%d WHERE k BETWEEN 5161062 AND 5161162
explain: for range-covered :: explain SELECT k FROM sbtest%d WHERE k BETWEEN 4040426 AND 4040526
for range-covered
table 1 : explain SELECT k FROM sbtest1 WHERE k BETWEEN 2133202 AND 2133302
	Index Only Scan using k_1 on sbtest1  (cost=0.43..10.42 rows=99 width=4)
	  Index Cond: ((k >= 2133202) AND (k <= 2133302))

table 2 : explain SELECT k FROM sbtest2 WHERE k BETWEEN 2133202 AND 2133302
	Index Only Scan using k_2 on sbtest2  (cost=0.43..6.53 rows=105 width=4)
	  Index Cond: ((k >= 2133202) AND (k <= 2133302))

table 3 : explain SELECT k FROM sbtest3 WHERE k BETWEEN 2133202 AND 2133302
	Index Only Scan using k_3 on sbtest3  (cost=0.43..6.42 rows=99 width=4)
	  Index Cond: ((k >= 2133202) AND (k <= 2133302))

table 4 : explain SELECT k FROM sbtest4 WHERE k BETWEEN 2133202 AND 2133302
	Index Only Scan using k_4 on sbtest4  (cost=0.43..6.47 rows=102 width=4)
	  Index Cond: ((k >= 2133202) AND (k <= 2133302))

table 5 : explain SELECT k FROM sbtest5 WHERE k BETWEEN 2133202 AND 2133302
	Index Only Scan using k_5 on sbtest5  (cost=0.43..10.36 rows=96 width=4)
	  Index Cond: ((k >= 2133202) AND (k <= 2133302))

table 6 : explain SELECT k FROM sbtest6 WHERE k BETWEEN 2133202 AND 2133302
	Index Only Scan using k_6 on sbtest6  (cost=0.43..6.40 rows=98 width=4)
	  Index Cond: ((k >= 2133202) AND (k <= 2133302))

table 7 : explain SELECT k FROM sbtest7 WHERE k BETWEEN 2133202 AND 2133302
	Index Only Scan using k_7 on sbtest7  (cost=0.43..10.33 rows=95 width=4)
	  Index Cond: ((k >= 2133202) AND (k <= 2133302))

table 8 : explain SELECT k FROM sbtest8 WHERE k BETWEEN 2133202 AND 2133302
	Index Only Scan using k_8 on sbtest8  (cost=0.43..10.56 rows=106 width=4)
	  Index Cond: ((k >= 2133202) AND (k <= 2133302))

explain: for range-covered :: explain SELECT k FROM sbtest%d WHERE k BETWEEN 2133202 AND 2133302
for range-covered
table 1 : explain SELECT k FROM sbtest1 WHERE k BETWEEN 3419479 AND 3419579
	Index Only Scan using k_1 on sbtest1  (cost=0.43..10.32 rows=94 width=4)
	  Index Cond: ((k >= 3419479) AND (k <= 3419579))

table 2 : explain SELECT k FROM sbtest2 WHERE k BETWEEN 3419479 AND 3419579
	Index Only Scan using k_2 on sbtest2  (cost=0.43..6.50 rows=103 width=4)
	  Index Cond: ((k >= 3419479) AND (k <= 3419579))

table 3 : explain SELECT k FROM sbtest3 WHERE k BETWEEN 3419479 AND 3419579
	Index Only Scan using k_3 on sbtest3  (cost=0.43..6.51 rows=104 width=4)
	  Index Cond: ((k >= 3419479) AND (k <= 3419579))

table 4 : explain SELECT k FROM sbtest4 WHERE k BETWEEN 3419479 AND 3419579
	Index Only Scan using k_4 on sbtest4  (cost=0.43..6.59 rows=108 width=4)
	  Index Cond: ((k >= 3419479) AND (k <= 3419579))

table 5 : explain SELECT k FROM sbtest5 WHERE k BETWEEN 3419479 AND 3419579
	Index Only Scan using k_5 on sbtest5  (cost=0.43..10.51 rows=104 width=4)
	  Index Cond: ((k >= 3419479) AND (k <= 3419579))

table 6 : explain SELECT k FROM sbtest6 WHERE k BETWEEN 3419479 AND 3419579
	Index Only Scan using k_6 on sbtest6  (cost=0.43..6.45 rows=101 width=4)
	  Index Cond: ((k >= 3419479) AND (k <= 3419579))

table 7 : explain SELECT k FROM sbtest7 WHERE k BETWEEN 3419479 AND 3419579
	Index Only Scan using k_7 on sbtest7  (cost=0.43..10.33 rows=95 width=4)
	  Index Cond: ((k >= 3419479) AND (k <= 3419579))

table 8 : explain SELECT k FROM sbtest8 WHERE k BETWEEN 3419479 AND 3419579
	Index Only Scan using k_8 on sbtest8  (cost=0.43..10.58 rows=107 width=4)
	  Index Cond: ((k >= 3419479) AND (k <= 3419579))

for range-covered
table 1 : explain SELECT k FROM sbtest1 WHERE k BETWEEN 3593779 AND 3593879
	Index Only Scan using k_1 on sbtest1  (cost=0.43..10.50 rows=103 width=4)
	  Index Cond: ((k >= 3593779) AND (k <= 3593879))

table 2 : explain SELECT k FROM sbtest2 WHERE k BETWEEN 3593779 AND 3593879
	Index Only Scan using k_2 on sbtest2  (cost=0.43..6.32 rows=94 width=4)
	  Index Cond: ((k >= 3593779) AND (k <= 3593879))

table 3 : explain SELECT k FROM sbtest3 WHERE k BETWEEN 3593779 AND 3593879
	Index Only Scan using k_3 on sbtest3  (cost=0.43..6.25 rows=91 width=4)
	  Index Cond: ((k >= 3593779) AND (k <= 3593879))

table 4 : explain SELECT k FROM sbtest4 WHERE k BETWEEN 3593779 AND 3593879
	Index Only Scan using k_4 on sbtest4  (cost=0.43..6.51 rows=104 width=4)
	  Index Cond: ((k >= 3593779) AND (k <= 3593879))

table 5 : explain SELECT k FROM sbtest5 WHERE k BETWEEN 3593779 AND 3593879
	Index Only Scan using k_5 on sbtest5  (cost=0.43..10.56 rows=106 width=4)
	  Index Cond: ((k >= 3593779) AND (k <= 3593879))

table 6 : explain SELECT k FROM sbtest6 WHERE k BETWEEN 3593779 AND 3593879
	Index Only Scan using k_6 on sbtest6  (cost=0.43..6.45 rows=101 width=4)
	  Index Cond: ((k >= 3593779) AND (k <= 3593879))

table 7 : explain SELECT k FROM sbtest7 WHERE k BETWEEN 3593779 AND 3593879
	Index Only Scan using k_7 on sbtest7  (cost=0.43..10.33 rows=95 width=4)
	  Index Cond: ((k >= 3593779) AND (k <= 3593879))

table 8 : explain SELECT k FROM sbtest8 WHERE k BETWEEN 3593779 AND 3593879
	Index Only Scan using k_8 on sbtest8  (cost=0.43..10.33 rows=95 width=4)
	  Index Cond: ((k >= 3593779) AND (k <= 3593879))

explain: for range-covered :: explain SELECT k FROM sbtest%d WHERE k BETWEEN 3593779 AND 3593879
for range-covered
table 1 : explain SELECT k FROM sbtest1 WHERE k BETWEEN 5176118 AND 5176218
	Index Only Scan using k_1 on sbtest1  (cost=0.43..10.32 rows=94 width=4)
	  Index Cond: ((k >= 5176118) AND (k <= 5176218))

table 2 : explain SELECT k FROM sbtest2 WHERE k BETWEEN 5176118 AND 5176218
	Index Only Scan using k_2 on sbtest2  (cost=0.43..6.43 rows=100 width=4)
	  Index Cond: ((k >= 5176118) AND (k <= 5176218))

table 3 : explain SELECT k FROM sbtest3 WHERE k BETWEEN 5176118 AND 5176218
	Index Only Scan using k_3 on sbtest3  (cost=0.43..6.66 rows=111 width=4)
	  Index Cond: ((k >= 5176118) AND (k <= 5176218))

table 4 : explain SELECT k FROM sbtest4 WHERE k BETWEEN 5176118 AND 5176218
	Index Only Scan using k_4 on sbtest4  (cost=0.43..6.47 rows=102 width=4)
	  Index Cond: ((k >= 5176118) AND (k <= 5176218))

table 5 : explain SELECT k FROM sbtest5 WHERE k BETWEEN 5176118 AND 5176218
	Index Only Scan using k_5 on sbtest5  (cost=0.43..10.44 rows=100 width=4)
	  Index Cond: ((k >= 5176118) AND (k <= 5176218))

table 6 : explain SELECT k FROM sbtest6 WHERE k BETWEEN 5176118 AND 5176218
	Index Only Scan using k_6 on sbtest6  (cost=0.43..6.45 rows=101 width=4)
	  Index Cond: ((k >= 5176118) AND (k <= 5176218))

table 7 : explain SELECT k FROM sbtest7 WHERE k BETWEEN 5176118 AND 5176218
	Index Only Scan using k_7 on sbtest7  (cost=0.43..10.54 rows=105 width=4)
	  Index Cond: ((k >= 5176118) AND (k <= 5176218))

table 8 : explain SELECT k FROM sbtest8 WHERE k BETWEEN 5176118 AND 5176218
	Index Only Scan using k_8 on sbtest8  (cost=0.43..10.32 rows=94 width=4)
	  Index Cond: ((k >= 5176118) AND (k <= 5176218))

for range-covered
table 1 : explain SELECT k FROM sbtest1 WHERE k BETWEEN 5161062 AND 5161162
	Index Only Scan using k_1 on sbtest1  (cost=0.43..10.32 rows=94 width=4)
	  Index Cond: ((k >= 5161062) AND (k <= 5161162))

table 2 : explain SELECT k FROM sbtest2 WHERE k BETWEEN 5161062 AND 5161162
	Index Only Scan using k_2 on sbtest2  (cost=0.43..6.43 rows=100 width=4)
	  Index Cond: ((k >= 5161062) AND (k <= 5161162))

table 3 : explain SELECT k FROM sbtest3 WHERE k BETWEEN 5161062 AND 5161162
	Index Only Scan using k_3 on sbtest3  (cost=0.43..6.58 rows=107 width=4)
	  Index Cond: ((k >= 5161062) AND (k <= 5161162))

table 4 : explain SELECT k FROM sbtest4 WHERE k BETWEEN 5161062 AND 5161162
	Index Only Scan using k_4 on sbtest4  (cost=0.43..6.47 rows=102 width=4)
	  Index Cond: ((k >= 5161062) AND (k <= 5161162))

table 5 : explain SELECT k FROM sbtest5 WHERE k BETWEEN 5161062 AND 5161162
	Index Only Scan using k_5 on sbtest5  (cost=0.43..10.44 rows=100 width=4)
	  Index Cond: ((k >= 5161062) AND (k <= 5161162))

table 6 : explain SELECT k FROM sbtest6 WHERE k BETWEEN 5161062 AND 5161162
	Index Only Scan using k_6 on sbtest6  (cost=0.43..6.45 rows=101 width=4)
	  Index Cond: ((k >= 5161062) AND (k <= 5161162))

table 7 : explain SELECT k FROM sbtest7 WHERE k BETWEEN 5161062 AND 5161162
	Index Only Scan using k_7 on sbtest7  (cost=0.43..10.54 rows=105 width=4)
	  Index Cond: ((k >= 5161062) AND (k <= 5161162))

table 8 : explain SELECT k FROM sbtest8 WHERE k BETWEEN 5161062 AND 5161162
	Index Only Scan using k_8 on sbtest8  (cost=0.43..10.32 rows=94 width=4)
	  Index Cond: ((k >= 5161062) AND (k <= 5161162))

explain: for range-covered :: explain SELECT k FROM sbtest%d WHERE k BETWEEN 5176118 AND 5176218
explain: for range-covered :: explain SELECT k FROM sbtest%d WHERE k BETWEEN 5161062 AND 5161162
for range-covered
table 1 : explain SELECT k FROM sbtest1 WHERE k BETWEEN 2133202 AND 2133302
	Index Only Scan using k_1 on sbtest1  (cost=0.43..10.42 rows=99 width=4)
	  Index Cond: ((k >= 2133202) AND (k <= 2133302))

table 2 : explain SELECT k FROM sbtest2 WHERE k BETWEEN 2133202 AND 2133302
	Index Only Scan using k_2 on sbtest2  (cost=0.43..6.53 rows=105 width=4)
	  Index Cond: ((k >= 2133202) AND (k <= 2133302))

table 3 : explain SELECT k FROM sbtest3 WHERE k BETWEEN 2133202 AND 2133302
	Index Only Scan using k_3 on sbtest3  (cost=0.43..6.42 rows=99 width=4)
	  Index Cond: ((k >= 2133202) AND (k <= 2133302))

table 4 : explain SELECT k FROM sbtest4 WHERE k BETWEEN 2133202 AND 2133302
	Index Only Scan using k_4 on sbtest4  (cost=0.43..6.47 rows=102 width=4)
	  Index Cond: ((k >= 2133202) AND (k <= 2133302))

table 5 : explain SELECT k FROM sbtest5 WHERE k BETWEEN 2133202 AND 2133302
	Index Only Scan using k_5 on sbtest5  (cost=0.43..10.36 rows=96 width=4)
	  Index Cond: ((k >= 2133202) AND (k <= 2133302))

table 6 : explain SELECT k FROM sbtest6 WHERE k BETWEEN 2133202 AND 2133302
	Index Only Scan using k_6 on sbtest6  (cost=0.43..6.40 rows=98 width=4)
	  Index Cond: ((k >= 2133202) AND (k <= 2133302))

table 7 : explain SELECT k FROM sbtest7 WHERE k BETWEEN 2133202 AND 2133302
	Index Only Scan using k_7 on sbtest7  (cost=0.43..10.33 rows=95 width=4)
	  Index Cond: ((k >= 2133202) AND (k <= 2133302))

table 8 : explain SELECT k FROM sbtest8 WHERE k BETWEEN 2133202 AND 2133302
	Index Only Scan using k_8 on sbtest8  (cost=0.43..10.56 rows=106 width=4)
	  Index Cond: ((k >= 2133202) AND (k <= 2133302))

explain: for range-covered :: explain SELECT k FROM sbtest%d WHERE k BETWEEN 2133202 AND 2133302
for range-covered
table 1 : explain SELECT k FROM sbtest1 WHERE k BETWEEN 3593779 AND 3593879
	Index Only Scan using k_1 on sbtest1  (cost=0.43..10.50 rows=103 width=4)
	  Index Cond: ((k >= 3593779) AND (k <= 3593879))

table 2 : explain SELECT k FROM sbtest2 WHERE k BETWEEN 3593779 AND 3593879
	Index Only Scan using k_2 on sbtest2  (cost=0.43..6.32 rows=94 width=4)
	  Index Cond: ((k >= 3593779) AND (k <= 3593879))

table 3 : explain SELECT k FROM sbtest3 WHERE k BETWEEN 3593779 AND 3593879
	Index Only Scan using k_3 on sbtest3  (cost=0.43..6.25 rows=91 width=4)
	  Index Cond: ((k >= 3593779) AND (k <= 3593879))

table 4 : explain SELECT k FROM sbtest4 WHERE k BETWEEN 3593779 AND 3593879
	Index Only Scan using k_4 on sbtest4  (cost=0.43..6.51 rows=104 width=4)
	  Index Cond: ((k >= 3593779) AND (k <= 3593879))

table 5 : explain SELECT k FROM sbtest5 WHERE k BETWEEN 3593779 AND 3593879
	Index Only Scan using k_5 on sbtest5  (cost=0.43..10.56 rows=106 width=4)
	  Index Cond: ((k >= 3593779) AND (k <= 3593879))

table 6 : explain SELECT k FROM sbtest6 WHERE k BETWEEN 3593779 AND 3593879
	Index Only Scan using k_6 on sbtest6  (cost=0.43..6.45 rows=101 width=4)
	  Index Cond: ((k >= 3593779) AND (k <= 3593879))

table 7 : explain SELECT k FROM sbtest7 WHERE k BETWEEN 3593779 AND 3593879
	Index Only Scan using k_7 on sbtest7  (cost=0.43..10.33 rows=95 width=4)
	  Index Cond: ((k >= 3593779) AND (k <= 3593879))

table 8 : explain SELECT k FROM sbtest8 WHERE k BETWEEN 3593779 AND 3593879
	Index Only Scan using k_8 on sbtest8  (cost=0.43..10.33 rows=95 width=4)
	  Index Cond: ((k >= 3593779) AND (k <= 3593879))

for range-covered
table 1 : explain SELECT k FROM sbtest1 WHERE k BETWEEN 4040426 AND 4040526
	Index Only Scan using k_1 on sbtest1  (cost=0.43..10.24 rows=90 width=4)
	  Index Cond: ((k >= 4040426) AND (k <= 4040526))

table 2 : explain SELECT k FROM sbtest2 WHERE k BETWEEN 4040426 AND 4040526
	Index Only Scan using k_2 on sbtest2  (cost=0.43..6.37 rows=97 width=4)
	  Index Cond: ((k >= 4040426) AND (k <= 4040526))

table 3 : explain SELECT k FROM sbtest3 WHERE k BETWEEN 4040426 AND 4040526
	Index Only Scan using k_3 on sbtest3  (cost=0.43..6.24 rows=90 width=4)
	  Index Cond: ((k >= 4040426) AND (k <= 4040526))

table 4 : explain SELECT k FROM sbtest4 WHERE k BETWEEN 4040426 AND 4040526
	Index Only Scan using k_4 on sbtest4  (cost=0.43..6.35 rows=96 width=4)
	  Index Cond: ((k >= 4040426) AND (k <= 4040526))

table 5 : explain SELECT k FROM sbtest5 WHERE k BETWEEN 4040426 AND 4040526
	Index Only Scan using k_5 on sbtest5  (cost=0.43..10.42 rows=99 width=4)
	  Index Cond: ((k >= 4040426) AND (k <= 4040526))

table 6 : explain SELECT k FROM sbtest6 WHERE k BETWEEN 4040426 AND 4040526
	Index Only Scan using k_6 on sbtest6  (cost=0.43..6.50 rows=103 width=4)
	  Index Cond: ((k >= 4040426) AND (k <= 4040526))

table 7 : explain SELECT k FROM sbtest7 WHERE k BETWEEN 4040426 AND 4040526
	Index Only Scan using k_7 on sbtest7  (cost=0.43..10.44 rows=100 width=4)
	  Index Cond: ((k >= 4040426) AND (k <= 4040526))

table 8 : explain SELECT k FROM sbtest8 WHERE k BETWEEN 4040426 AND 4040526
	Index Only Scan using k_8 on sbtest8  (cost=0.43..10.33 rows=95 width=4)
	  Index Cond: ((k >= 4040426) AND (k <= 4040526))

explain: for range-covered :: explain SELECT k FROM sbtest%d WHERE k BETWEEN 4040426 AND 4040526
for range-covered
table 1 : explain SELECT k FROM sbtest1 WHERE k BETWEEN 2133202 AND 2133302
	Index Only Scan using k_1 on sbtest1  (cost=0.43..10.42 rows=99 width=4)
	  Index Cond: ((k >= 2133202) AND (k <= 2133302))

table 2 : explain SELECT k FROM sbtest2 WHERE k BETWEEN 2133202 AND 2133302
	Index Only Scan using k_2 on sbtest2  (cost=0.43..6.53 rows=105 width=4)
	  Index Cond: ((k >= 2133202) AND (k <= 2133302))

table 3 : explain SELECT k FROM sbtest3 WHERE k BETWEEN 2133202 AND 2133302
	Index Only Scan using k_3 on sbtest3  (cost=0.43..6.42 rows=99 width=4)
	  Index Cond: ((k >= 2133202) AND (k <= 2133302))

table 4 : explain SELECT k FROM sbtest4 WHERE k BETWEEN 2133202 AND 2133302
	Index Only Scan using k_4 on sbtest4  (cost=0.43..6.47 rows=102 width=4)
	  Index Cond: ((k >= 2133202) AND (k <= 2133302))

table 5 : explain SELECT k FROM sbtest5 WHERE k BETWEEN 2133202 AND 2133302
	Index Only Scan using k_5 on sbtest5  (cost=0.43..10.36 rows=96 width=4)
	  Index Cond: ((k >= 2133202) AND (k <= 2133302))

table 6 : explain SELECT k FROM sbtest6 WHERE k BETWEEN 2133202 AND 2133302
	Index Only Scan using k_6 on sbtest6  (cost=0.43..6.40 rows=98 width=4)
	  Index Cond: ((k >= 2133202) AND (k <= 2133302))

table 7 : explain SELECT k FROM sbtest7 WHERE k BETWEEN 2133202 AND 2133302
	Index Only Scan using k_7 on sbtest7  (cost=0.43..10.33 rows=95 width=4)
	  Index Cond: ((k >= 2133202) AND (k <= 2133302))

table 8 : explain SELECT k FROM sbtest8 WHERE k BETWEEN 2133202 AND 2133302
	Index Only Scan using k_8 on sbtest8  (cost=0.43..10.56 rows=106 width=4)
	  Index Cond: ((k >= 2133202) AND (k <= 2133302))

explain: for range-covered :: explain SELECT k FROM sbtest%d WHERE k BETWEEN 2133202 AND 2133302
for range-covered
table 1 : explain SELECT k FROM sbtest1 WHERE k BETWEEN 4040426 AND 4040526
	Index Only Scan using k_1 on sbtest1  (cost=0.43..10.24 rows=90 width=4)
	  Index Cond: ((k >= 4040426) AND (k <= 4040526))

table 2 : explain SELECT k FROM sbtest2 WHERE k BETWEEN 4040426 AND 4040526
	Index Only Scan using k_2 on sbtest2  (cost=0.43..6.37 rows=97 width=4)
	  Index Cond: ((k >= 4040426) AND (k <= 4040526))

table 3 : explain SELECT k FROM sbtest3 WHERE k BETWEEN 4040426 AND 4040526
	Index Only Scan using k_3 on sbtest3  (cost=0.43..6.24 rows=90 width=4)
	  Index Cond: ((k >= 4040426) AND (k <= 4040526))

table 4 : explain SELECT k FROM sbtest4 WHERE k BETWEEN 4040426 AND 4040526
	Index Only Scan using k_4 on sbtest4  (cost=0.43..6.35 rows=96 width=4)
	  Index Cond: ((k >= 4040426) AND (k <= 4040526))

table 5 : explain SELECT k FROM sbtest5 WHERE k BETWEEN 4040426 AND 4040526
	Index Only Scan using k_5 on sbtest5  (cost=0.43..10.42 rows=99 width=4)
	  Index Cond: ((k >= 4040426) AND (k <= 4040526))

table 6 : explain SELECT k FROM sbtest6 WHERE k BETWEEN 4040426 AND 4040526
	Index Only Scan using k_6 on sbtest6  (cost=0.43..6.50 rows=103 width=4)
	  Index Cond: ((k >= 4040426) AND (k <= 4040526))

table 7 : explain SELECT k FROM sbtest7 WHERE k BETWEEN 4040426 AND 4040526
	Index Only Scan using k_7 on sbtest7  (cost=0.43..10.44 rows=100 width=4)
	  Index Cond: ((k >= 4040426) AND (k <= 4040526))

table 8 : explain SELECT k FROM sbtest8 WHERE k BETWEEN 4040426 AND 4040526
	Index Only Scan using k_8 on sbtest8  (cost=0.43..10.33 rows=95 width=4)
	  Index Cond: ((k >= 4040426) AND (k <= 4040526))

explain: for range-covered :: explain SELECT k FROM sbtest%d WHERE k BETWEEN 4040426 AND 4040526
explain: for range-covered :: explain SELECT k FROM sbtest%d WHERE k BETWEEN 3864558 AND 3864658
for range-covered
table 1 : explain SELECT k FROM sbtest1 WHERE k BETWEEN 2133202 AND 2133302
	Index Only Scan using k_1 on sbtest1  (cost=0.43..10.42 rows=99 width=4)
	  Index Cond: ((k >= 2133202) AND (k <= 2133302))

table 2 : explain SELECT k FROM sbtest2 WHERE k BETWEEN 2133202 AND 2133302
	Index Only Scan using k_2 on sbtest2  (cost=0.43..6.53 rows=105 width=4)
	  Index Cond: ((k >= 2133202) AND (k <= 2133302))

table 3 : explain SELECT k FROM sbtest3 WHERE k BETWEEN 2133202 AND 2133302
	Index Only Scan using k_3 on sbtest3  (cost=0.43..6.42 rows=99 width=4)
	  Index Cond: ((k >= 2133202) AND (k <= 2133302))

table 4 : explain SELECT k FROM sbtest4 WHERE k BETWEEN 2133202 AND 2133302
	Index Only Scan using k_4 on sbtest4  (cost=0.43..6.47 rows=102 width=4)
	  Index Cond: ((k >= 2133202) AND (k <= 2133302))

table 5 : explain SELECT k FROM sbtest5 WHERE k BETWEEN 2133202 AND 2133302
	Index Only Scan using k_5 on sbtest5  (cost=0.43..10.36 rows=96 width=4)
	  Index Cond: ((k >= 2133202) AND (k <= 2133302))

table 6 : explain SELECT k FROM sbtest6 WHERE k BETWEEN 2133202 AND 2133302
	Index Only Scan using k_6 on sbtest6  (cost=0.43..6.40 rows=98 width=4)
	  Index Cond: ((k >= 2133202) AND (k <= 2133302))

table 7 : explain SELECT k FROM sbtest7 WHERE k BETWEEN 2133202 AND 2133302
	Index Only Scan using k_7 on sbtest7  (cost=0.43..10.33 rows=95 width=4)
	  Index Cond: ((k >= 2133202) AND (k <= 2133302))

table 8 : explain SELECT k FROM sbtest8 WHERE k BETWEEN 2133202 AND 2133302
	Index Only Scan using k_8 on sbtest8  (cost=0.43..10.56 rows=106 width=4)
	  Index Cond: ((k >= 2133202) AND (k <= 2133302))

explain: for range-covered :: explain SELECT k FROM sbtest%d WHERE k BETWEEN 2133202 AND 2133302
for range-covered
table 1 : explain SELECT k FROM sbtest1 WHERE k BETWEEN 2133202 AND 2133302
	Index Only Scan using k_1 on sbtest1  (cost=0.43..10.42 rows=99 width=4)
	  Index Cond: ((k >= 2133202) AND (k <= 2133302))

table 2 : explain SELECT k FROM sbtest2 WHERE k BETWEEN 2133202 AND 2133302
	Index Only Scan using k_2 on sbtest2  (cost=0.43..6.53 rows=105 width=4)
	  Index Cond: ((k >= 2133202) AND (k <= 2133302))

table 3 : explain SELECT k FROM sbtest3 WHERE k BETWEEN 2133202 AND 2133302
	Index Only Scan using k_3 on sbtest3  (cost=0.43..6.42 rows=99 width=4)
	  Index Cond: ((k >= 2133202) AND (k <= 2133302))

table 4 : explain SELECT k FROM sbtest4 WHERE k BETWEEN 2133202 AND 2133302
	Index Only Scan using k_4 on sbtest4  (cost=0.43..6.47 rows=102 width=4)
	  Index Cond: ((k >= 2133202) AND (k <= 2133302))

table 5 : explain SELECT k FROM sbtest5 WHERE k BETWEEN 2133202 AND 2133302
	Index Only Scan using k_5 on sbtest5  (cost=0.43..10.36 rows=96 width=4)
	  Index Cond: ((k >= 2133202) AND (k <= 2133302))

table 6 : explain SELECT k FROM sbtest6 WHERE k BETWEEN 2133202 AND 2133302
	Index Only Scan using k_6 on sbtest6  (cost=0.43..6.40 rows=98 width=4)
	  Index Cond: ((k >= 2133202) AND (k <= 2133302))

table 7 : explain SELECT k FROM sbtest7 WHERE k BETWEEN 2133202 AND 2133302
	Index Only Scan using k_7 on sbtest7  (cost=0.43..10.33 rows=95 width=4)
	  Index Cond: ((k >= 2133202) AND (k <= 2133302))

table 8 : explain SELECT k FROM sbtest8 WHERE k BETWEEN 2133202 AND 2133302
	Index Only Scan using k_8 on sbtest8  (cost=0.43..10.56 rows=106 width=4)
	  Index Cond: ((k >= 2133202) AND (k <= 2133302))

explain: for range-covered :: explain SELECT k FROM sbtest%d WHERE k BETWEEN 2133202 AND 2133302
for range-covered
table 1 : explain SELECT k FROM sbtest1 WHERE k BETWEEN 2133202 AND 2133302
	Index Only Scan using k_1 on sbtest1  (cost=0.43..10.42 rows=99 width=4)
	  Index Cond: ((k >= 2133202) AND (k <= 2133302))

table 2 : explain SELECT k FROM sbtest2 WHERE k BETWEEN 2133202 AND 2133302
	Index Only Scan using k_2 on sbtest2  (cost=0.43..6.53 rows=105 width=4)
	  Index Cond: ((k >= 2133202) AND (k <= 2133302))

table 3 : explain SELECT k FROM sbtest3 WHERE k BETWEEN 2133202 AND 2133302
	Index Only Scan using k_3 on sbtest3  (cost=0.43..6.42 rows=99 width=4)
	  Index Cond: ((k >= 2133202) AND (k <= 2133302))

table 4 : explain SELECT k FROM sbtest4 WHERE k BETWEEN 2133202 AND 2133302
	Index Only Scan using k_4 on sbtest4  (cost=0.43..6.47 rows=102 width=4)
	  Index Cond: ((k >= 2133202) AND (k <= 2133302))

table 5 : explain SELECT k FROM sbtest5 WHERE k BETWEEN 2133202 AND 2133302
	Index Only Scan using k_5 on sbtest5  (cost=0.43..10.36 rows=96 width=4)
	  Index Cond: ((k >= 2133202) AND (k <= 2133302))

table 6 : explain SELECT k FROM sbtest6 WHERE k BETWEEN 2133202 AND 2133302
	Index Only Scan using k_6 on sbtest6  (cost=0.43..6.40 rows=98 width=4)
	  Index Cond: ((k >= 2133202) AND (k <= 2133302))

table 7 : explain SELECT k FROM sbtest7 WHERE k BETWEEN 2133202 AND 2133302
	Index Only Scan using k_7 on sbtest7  (cost=0.43..10.33 rows=95 width=4)
	  Index Cond: ((k >= 2133202) AND (k <= 2133302))

table 8 : explain SELECT k FROM sbtest8 WHERE k BETWEEN 2133202 AND 2133302
	Index Only Scan using k_8 on sbtest8  (cost=0.43..10.56 rows=106 width=4)
	  Index Cond: ((k >= 2133202) AND (k <= 2133302))

explain: for range-covered :: explain SELECT k FROM sbtest%d WHERE k BETWEEN 2133202 AND 2133302
for range-covered
table 1 : explain SELECT k FROM sbtest1 WHERE k BETWEEN 4277414 AND 4277514
	Index Only Scan using k_1 on sbtest1  (cost=0.43..10.60 rows=108 width=4)
	  Index Cond: ((k >= 4277414) AND (k <= 4277514))

table 2 : explain SELECT k FROM sbtest2 WHERE k BETWEEN 4277414 AND 4277514
	Index Only Scan using k_2 on sbtest2  (cost=0.43..6.45 rows=101 width=4)
	  Index Cond: ((k >= 4277414) AND (k <= 4277514))

table 3 : explain SELECT k FROM sbtest3 WHERE k BETWEEN 4277414 AND 4277514
	Index Only Scan using k_3 on sbtest3  (cost=0.43..6.42 rows=99 width=4)
	  Index Cond: ((k >= 4277414) AND (k <= 4277514))

table 4 : explain SELECT k FROM sbtest4 WHERE k BETWEEN 4277414 AND 4277514
	Index Only Scan using k_4 on sbtest4  (cost=0.43..6.43 rows=100 width=4)
	  Index Cond: ((k >= 4277414) AND (k <= 4277514))

table 5 : explain SELECT k FROM sbtest5 WHERE k BETWEEN 4277414 AND 4277514
	Index Only Scan using k_5 on sbtest5  (cost=0.43..10.58 rows=107 width=4)
	  Index Cond: ((k >= 4277414) AND (k <= 4277514))

table 6 : explain SELECT k FROM sbtest6 WHERE k BETWEEN 4277414 AND 4277514
	Index Only Scan using k_6 on sbtest6  (cost=0.43..6.67 rows=112 width=4)
	  Index Cond: ((k >= 4277414) AND (k <= 4277514))

table 7 : explain SELECT k FROM sbtest7 WHERE k BETWEEN 4277414 AND 4277514
	Index Only Scan using k_7 on sbtest7  (cost=0.43..10.51 rows=104 width=4)
	  Index Cond: ((k >= 4277414) AND (k <= 4277514))

table 8 : explain SELECT k FROM sbtest8 WHERE k BETWEEN 4277414 AND 4277514
	Index Only Scan using k_8 on sbtest8  (cost=0.43..10.36 rows=96 width=4)
	  Index Cond: ((k >= 4277414) AND (k <= 4277514))

explain: for range-covered :: explain SELECT k FROM sbtest%d WHERE k BETWEEN 3593779 AND 3593879
explain: for range-covered :: explain SELECT k FROM sbtest%d WHERE k BETWEEN 4277414 AND 4277514
for range-covered
table 1 : explain SELECT k FROM sbtest1 WHERE k BETWEEN 3304335 AND 3304435
	Index Only Scan using k_1 on sbtest1  (cost=0.43..10.38 rows=97 width=4)
	  Index Cond: ((k >= 3304335) AND (k <= 3304435))

table 2 : explain SELECT k FROM sbtest2 WHERE k BETWEEN 3304335 AND 3304435
	Index Only Scan using k_2 on sbtest2  (cost=0.43..6.66 rows=111 width=4)
	  Index Cond: ((k >= 3304335) AND (k <= 3304435))

table 3 : explain SELECT k FROM sbtest3 WHERE k BETWEEN 3304335 AND 3304435
	Index Only Scan using k_3 on sbtest3  (cost=0.43..6.45 rows=101 width=4)
	  Index Cond: ((k >= 3304335) AND (k <= 3304435))

table 4 : explain SELECT k FROM sbtest4 WHERE k BETWEEN 3304335 AND 3304435
	Index Only Scan using k_4 on sbtest4  (cost=0.43..6.43 rows=100 width=4)
	  Index Cond: ((k >= 3304335) AND (k <= 3304435))

table 5 : explain SELECT k FROM sbtest5 WHERE k BETWEEN 3304335 AND 3304435
	Index Only Scan using k_5 on sbtest5  (cost=0.43..10.42 rows=99 width=4)
	  Index Cond: ((k >= 3304335) AND (k <= 3304435))

table 6 : explain SELECT k FROM sbtest6 WHERE k BETWEEN 3304335 AND 3304435
	Index Only Scan using k_6 on sbtest6  (cost=0.43..6.40 rows=98 width=4)
	  Index Cond: ((k >= 3304335) AND (k <= 3304435))

table 7 : explain SELECT k FROM sbtest7 WHERE k BETWEEN 3304335 AND 3304435
	Index Only Scan using k_7 on sbtest7  (cost=0.43..10.38 rows=97 width=4)
	  Index Cond: ((k >= 3304335) AND (k <= 3304435))

table 8 : explain SELECT k FROM sbtest8 WHERE k BETWEEN 3304335 AND 3304435
	Index Only Scan using k_8 on sbtest8  (cost=0.43..10.46 rows=101 width=4)
	  Index Cond: ((k >= 3304335) AND (k <= 3304435))

for range-covered
table 1 : explain SELECT k FROM sbtest1 WHERE k BETWEEN 4277414 AND 4277514
	Index Only Scan using k_1 on sbtest1  (cost=0.43..10.60 rows=108 width=4)
	  Index Cond: ((k >= 4277414) AND (k <= 4277514))

table 2 : explain SELECT k FROM sbtest2 WHERE k BETWEEN 4277414 AND 4277514
	Index Only Scan using k_2 on sbtest2  (cost=0.43..6.45 rows=101 width=4)
	  Index Cond: ((k >= 4277414) AND (k <= 4277514))

table 3 : explain SELECT k FROM sbtest3 WHERE k BETWEEN 4277414 AND 4277514
	Index Only Scan using k_3 on sbtest3  (cost=0.43..6.42 rows=99 width=4)
	  Index Cond: ((k >= 4277414) AND (k <= 4277514))

table 4 : explain SELECT k FROM sbtest4 WHERE k BETWEEN 4277414 AND 4277514
	Index Only Scan using k_4 on sbtest4  (cost=0.43..6.43 rows=100 width=4)
	  Index Cond: ((k >= 4277414) AND (k <= 4277514))

table 5 : explain SELECT k FROM sbtest5 WHERE k BETWEEN 4277414 AND 4277514
	Index Only Scan using k_5 on sbtest5  (cost=0.43..10.58 rows=107 width=4)
	  Index Cond: ((k >= 4277414) AND (k <= 4277514))

table 6 : explain SELECT k FROM sbtest6 WHERE k BETWEEN 4277414 AND 4277514
	Index Only Scan using k_6 on sbtest6  (cost=0.43..6.67 rows=112 width=4)
	  Index Cond: ((k >= 4277414) AND (k <= 4277514))

table 7 : explain SELECT k FROM sbtest7 WHERE k BETWEEN 4277414 AND 4277514
	Index Only Scan using k_7 on sbtest7  (cost=0.43..10.51 rows=104 width=4)
	  Index Cond: ((k >= 4277414) AND (k <= 4277514))

table 8 : explain SELECT k FROM sbtest8 WHERE k BETWEEN 4277414 AND 4277514
	Index Only Scan using k_8 on sbtest8  (cost=0.43..10.36 rows=96 width=4)
	  Index Cond: ((k >= 4277414) AND (k <= 4277514))

explain: for range-covered :: explain SELECT k FROM sbtest%d WHERE k BETWEEN 4277414 AND 4277514
for range-covered
table 1 : explain SELECT k FROM sbtest1 WHERE k BETWEEN 9161232 AND 9161332
	Index Only Scan using k_1 on sbtest1  (cost=0.43..10.42 rows=99 width=4)
	  Index Cond: ((k >= 9161232) AND (k <= 9161332))

table 2 : explain SELECT k FROM sbtest2 WHERE k BETWEEN 9161232 AND 9161332
	Index Only Scan using k_2 on sbtest2  (cost=0.43..6.56 rows=106 width=4)
	  Index Cond: ((k >= 9161232) AND (k <= 9161332))

table 3 : explain SELECT k FROM sbtest3 WHERE k BETWEEN 9161232 AND 9161332
	Index Only Scan using k_3 on sbtest3  (cost=0.43..6.35 rows=96 width=4)
	  Index Cond: ((k >= 9161232) AND (k <= 9161332))

table 4 : explain SELECT k FROM sbtest4 WHERE k BETWEEN 9161232 AND 9161332
	Index Only Scan using k_4 on sbtest4  (cost=0.43..6.45 rows=101 width=4)
	  Index Cond: ((k >= 9161232) AND (k <= 9161332))

table 5 : explain SELECT k FROM sbtest5 WHERE k BETWEEN 9161232 AND 9161332
	Index Only Scan using k_5 on sbtest5  (cost=0.43..10.38 rows=97 width=4)
	  Index Cond: ((k >= 9161232) AND (k <= 9161332))

table 6 : explain SELECT k FROM sbtest6 WHERE k BETWEEN 9161232 AND 9161332
	Index Only Scan using k_6 on sbtest6  (cost=0.43..6.58 rows=107 width=4)
	  Index Cond: ((k >= 9161232) AND (k <= 9161332))

table 7 : explain SELECT k FROM sbtest7 WHERE k BETWEEN 9161232 AND 9161332
	Index Only Scan using k_7 on sbtest7  (cost=0.43..10.46 rows=101 width=4)
	  Index Cond: ((k >= 9161232) AND (k <= 9161332))

table 8 : explain SELECT k FROM sbtest8 WHERE k BETWEEN 9161232 AND 9161332
	Index Only Scan using k_8 on sbtest8  (cost=0.43..10.42 rows=99 width=4)
	  Index Cond: ((k >= 9161232) AND (k <= 9161332))

for range-covered
table 1 : explain SELECT k FROM sbtest1 WHERE k BETWEEN 7702496 AND 7702596
	Index Only Scan using k_1 on sbtest1  (cost=0.43..10.76 rows=116 width=4)
	  Index Cond: ((k >= 7702496) AND (k <= 7702596))

table 2 : explain SELECT k FROM sbtest2 WHERE k BETWEEN 7702496 AND 7702596
	Index Only Scan using k_2 on sbtest2  (cost=0.43..6.37 rows=97 width=4)
	  Index Cond: ((k >= 7702496) AND (k <= 7702596))

table 3 : explain SELECT k FROM sbtest3 WHERE k BETWEEN 7702496 AND 7702596
	Index Only Scan using k_3 on sbtest3  (cost=0.43..6.43 rows=100 width=4)
	  Index Cond: ((k >= 7702496) AND (k <= 7702596))

table 4 : explain SELECT k FROM sbtest4 WHERE k BETWEEN 7702496 AND 7702596
	Index Only Scan using k_4 on sbtest4  (cost=0.43..6.35 rows=96 width=4)
	  Index Cond: ((k >= 7702496) AND (k <= 7702596))

table 5 : explain SELECT k FROM sbtest5 WHERE k BETWEEN 7702496 AND 7702596
	Index Only Scan using k_5 on sbtest5  (cost=0.43..10.33 rows=95 width=4)
	  Index Cond: ((k >= 7702496) AND (k <= 7702596))

table 6 : explain SELECT k FROM sbtest6 WHERE k BETWEEN 7702496 AND 7702596
	Index Only Scan using k_6 on sbtest6  (cost=0.43..6.45 rows=101 width=4)
	  Index Cond: ((k >= 7702496) AND (k <= 7702596))

table 7 : explain SELECT k FROM sbtest7 WHERE k BETWEEN 7702496 AND 7702596
	Index Only Scan using k_7 on sbtest7  (cost=0.43..10.72 rows=114 width=4)
	  Index Cond: ((k >= 7702496) AND (k <= 7702596))

table 8 : explain SELECT k FROM sbtest8 WHERE k BETWEEN 7702496 AND 7702596
	Index Only Scan using k_8 on sbtest8  (cost=0.43..10.46 rows=101 width=4)
	  Index Cond: ((k >= 7702496) AND (k <= 7702596))

for range-covered
table 1 : explain SELECT k FROM sbtest1 WHERE k BETWEEN 5161062 AND 5161162
	Index Only Scan using k_1 on sbtest1  (cost=0.43..10.32 rows=94 width=4)
	  Index Cond: ((k >= 5161062) AND (k <= 5161162))

table 2 : explain SELECT k FROM sbtest2 WHERE k BETWEEN 5161062 AND 5161162
	Index Only Scan using k_2 on sbtest2  (cost=0.43..6.43 rows=100 width=4)
	  Index Cond: ((k >= 5161062) AND (k <= 5161162))

table 3 : explain SELECT k FROM sbtest3 WHERE k BETWEEN 5161062 AND 5161162
	Index Only Scan using k_3 on sbtest3  (cost=0.43..6.58 rows=107 width=4)
	  Index Cond: ((k >= 5161062) AND (k <= 5161162))

table 4 : explain SELECT k FROM sbtest4 WHERE k BETWEEN 5161062 AND 5161162
	Index Only Scan using k_4 on sbtest4  (cost=0.43..6.47 rows=102 width=4)
	  Index Cond: ((k >= 5161062) AND (k <= 5161162))

table 5 : explain SELECT k FROM sbtest5 WHERE k BETWEEN 5161062 AND 5161162
	Index Only Scan using k_5 on sbtest5  (cost=0.43..10.44 rows=100 width=4)
	  Index Cond: ((k >= 5161062) AND (k <= 5161162))

table 6 : explain SELECT k FROM sbtest6 WHERE k BETWEEN 5161062 AND 5161162
	Index Only Scan using k_6 on sbtest6  (cost=0.43..6.45 rows=101 width=4)
	  Index Cond: ((k >= 5161062) AND (k <= 5161162))

table 7 : explain SELECT k FROM sbtest7 WHERE k BETWEEN 5161062 AND 5161162
	Index Only Scan using k_7 on sbtest7  (cost=0.43..10.54 rows=105 width=4)
	  Index Cond: ((k >= 5161062) AND (k <= 5161162))

table 8 : explain SELECT k FROM sbtest8 WHERE k BETWEEN 5161062 AND 5161162
	Index Only Scan using k_8 on sbtest8  (cost=0.43..10.32 rows=94 width=4)
	  Index Cond: ((k >= 5161062) AND (k <= 5161162))

explain: for range-covered :: explain SELECT k FROM sbtest%d WHERE k BETWEEN 9161232 AND 9161332
explain: for range-covered :: explain SELECT k FROM sbtest%d WHERE k BETWEEN 7702496 AND 7702596
for range-covered
table 1 : explain SELECT k FROM sbtest1 WHERE k BETWEEN 4040426 AND 4040526
	Index Only Scan using k_1 on sbtest1  (cost=0.43..10.24 rows=90 width=4)
	  Index Cond: ((k >= 4040426) AND (k <= 4040526))

table 2 : explain SELECT k FROM sbtest2 WHERE k BETWEEN 4040426 AND 4040526
	Index Only Scan using k_2 on sbtest2  (cost=0.43..6.37 rows=97 width=4)
	  Index Cond: ((k >= 4040426) AND (k <= 4040526))

table 3 : explain SELECT k FROM sbtest3 WHERE k BETWEEN 4040426 AND 4040526
	Index Only Scan using k_3 on sbtest3  (cost=0.43..6.24 rows=90 width=4)
	  Index Cond: ((k >= 4040426) AND (k <= 4040526))

table 4 : explain SELECT k FROM sbtest4 WHERE k BETWEEN 4040426 AND 4040526
	Index Only Scan using k_4 on sbtest4  (cost=0.43..6.35 rows=96 width=4)
	  Index Cond: ((k >= 4040426) AND (k <= 4040526))

table 5 : explain SELECT k FROM sbtest5 WHERE k BETWEEN 4040426 AND 4040526
	Index Only Scan using k_5 on sbtest5  (cost=0.43..10.42 rows=99 width=4)
	  Index Cond: ((k >= 4040426) AND (k <= 4040526))

table 6 : explain SELECT k FROM sbtest6 WHERE k BETWEEN 4040426 AND 4040526
	Index Only Scan using k_6 on sbtest6  (cost=0.43..6.50 rows=103 width=4)
	  Index Cond: ((k >= 4040426) AND (k <= 4040526))

table 7 : explain SELECT k FROM sbtest7 WHERE k BETWEEN 4040426 AND 4040526
	Index Only Scan using k_7 on sbtest7  (cost=0.43..10.44 rows=100 width=4)
	  Index Cond: ((k >= 4040426) AND (k <= 4040526))

table 8 : explain SELECT k FROM sbtest8 WHERE k BETWEEN 4040426 AND 4040526
	Index Only Scan using k_8 on sbtest8  (cost=0.43..10.33 rows=95 width=4)
	  Index Cond: ((k >= 4040426) AND (k <= 4040526))

explain: for range-covered :: explain SELECT k FROM sbtest%d WHERE k BETWEEN 4040426 AND 4040526
for range-covered
table 1 : explain SELECT k FROM sbtest1 WHERE k BETWEEN 5176118 AND 5176218
	Index Only Scan using k_1 on sbtest1  (cost=0.43..10.32 rows=94 width=4)
	  Index Cond: ((k >= 5176118) AND (k <= 5176218))

table 2 : explain SELECT k FROM sbtest2 WHERE k BETWEEN 5176118 AND 5176218
	Index Only Scan using k_2 on sbtest2  (cost=0.43..6.43 rows=100 width=4)
	  Index Cond: ((k >= 5176118) AND (k <= 5176218))

table 3 : explain SELECT k FROM sbtest3 WHERE k BETWEEN 5176118 AND 5176218
	Index Only Scan using k_3 on sbtest3  (cost=0.43..6.66 rows=111 width=4)
	  Index Cond: ((k >= 5176118) AND (k <= 5176218))

table 4 : explain SELECT k FROM sbtest4 WHERE k BETWEEN 5176118 AND 5176218
	Index Only Scan using k_4 on sbtest4  (cost=0.43..6.47 rows=102 width=4)
	  Index Cond: ((k >= 5176118) AND (k <= 5176218))

table 5 : explain SELECT k FROM sbtest5 WHERE k BETWEEN 5176118 AND 5176218
	Index Only Scan using k_5 on sbtest5  (cost=0.43..10.44 rows=100 width=4)
	  Index Cond: ((k >= 5176118) AND (k <= 5176218))

table 6 : explain SELECT k FROM sbtest6 WHERE k BETWEEN 5176118 AND 5176218
	Index Only Scan using k_6 on sbtest6  (cost=0.43..6.45 rows=101 width=4)
	  Index Cond: ((k >= 5176118) AND (k <= 5176218))

table 7 : explain SELECT k FROM sbtest7 WHERE k BETWEEN 5176118 AND 5176218
	Index Only Scan using k_7 on sbtest7  (cost=0.43..10.54 rows=105 width=4)
	  Index Cond: ((k >= 5176118) AND (k <= 5176218))

table 8 : explain SELECT k FROM sbtest8 WHERE k BETWEEN 5176118 AND 5176218
	Index Only Scan using k_8 on sbtest8  (cost=0.43..10.32 rows=94 width=4)
	  Index Cond: ((k >= 5176118) AND (k <= 5176218))

for range-covered
table 1 : explain SELECT k FROM sbtest1 WHERE k BETWEEN 4277414 AND 4277514
	Index Only Scan using k_1 on sbtest1  (cost=0.43..10.60 rows=108 width=4)
	  Index Cond: ((k >= 4277414) AND (k <= 4277514))

table 2 : explain SELECT k FROM sbtest2 WHERE k BETWEEN 4277414 AND 4277514
	Index Only Scan using k_2 on sbtest2  (cost=0.43..6.45 rows=101 width=4)
	  Index Cond: ((k >= 4277414) AND (k <= 4277514))

table 3 : explain SELECT k FROM sbtest3 WHERE k BETWEEN 4277414 AND 4277514
	Index Only Scan using k_3 on sbtest3  (cost=0.43..6.42 rows=99 width=4)
	  Index Cond: ((k >= 4277414) AND (k <= 4277514))

table 4 : explain SELECT k FROM sbtest4 WHERE k BETWEEN 4277414 AND 4277514
	Index Only Scan using k_4 on sbtest4  (cost=0.43..6.43 rows=100 width=4)
	  Index Cond: ((k >= 4277414) AND (k <= 4277514))

table 5 : explain SELECT k FROM sbtest5 WHERE k BETWEEN 4277414 AND 4277514
	Index Only Scan using k_5 on sbtest5  (cost=0.43..10.58 rows=107 width=4)
	  Index Cond: ((k >= 4277414) AND (k <= 4277514))

table 6 : explain SELECT k FROM sbtest6 WHERE k BETWEEN 4277414 AND 4277514
	Index Only Scan using k_6 on sbtest6  (cost=0.43..6.67 rows=112 width=4)
	  Index Cond: ((k >= 4277414) AND (k <= 4277514))

table 7 : explain SELECT k FROM sbtest7 WHERE k BETWEEN 4277414 AND 4277514
	Index Only Scan using k_7 on sbtest7  (cost=0.43..10.51 rows=104 width=4)
	  Index Cond: ((k >= 4277414) AND (k <= 4277514))

table 8 : explain SELECT k FROM sbtest8 WHERE k BETWEEN 4277414 AND 4277514
	Index Only Scan using k_8 on sbtest8  (cost=0.43..10.36 rows=96 width=4)
	  Index Cond: ((k >= 4277414) AND (k <= 4277514))

explain: for range-covered :: explain SELECT k FROM sbtest%d WHERE k BETWEEN 4277414 AND 4277514
for range-covered
table 1 : explain SELECT k FROM sbtest1 WHERE k BETWEEN 4040426 AND 4040526
	Index Only Scan using k_1 on sbtest1  (cost=0.43..10.24 rows=90 width=4)
	  Index Cond: ((k >= 4040426) AND (k <= 4040526))

table 2 : explain SELECT k FROM sbtest2 WHERE k BETWEEN 4040426 AND 4040526
	Index Only Scan using k_2 on sbtest2  (cost=0.43..6.37 rows=97 width=4)
	  Index Cond: ((k >= 4040426) AND (k <= 4040526))

table 3 : explain SELECT k FROM sbtest3 WHERE k BETWEEN 4040426 AND 4040526
	Index Only Scan using k_3 on sbtest3  (cost=0.43..6.24 rows=90 width=4)
	  Index Cond: ((k >= 4040426) AND (k <= 4040526))

table 4 : explain SELECT k FROM sbtest4 WHERE k BETWEEN 4040426 AND 4040526
	Index Only Scan using k_4 on sbtest4  (cost=0.43..6.35 rows=96 width=4)
	  Index Cond: ((k >= 4040426) AND (k <= 4040526))

table 5 : explain SELECT k FROM sbtest5 WHERE k BETWEEN 4040426 AND 4040526
	Index Only Scan using k_5 on sbtest5  (cost=0.43..10.42 rows=99 width=4)
	  Index Cond: ((k >= 4040426) AND (k <= 4040526))

table 6 : explain SELECT k FROM sbtest6 WHERE k BETWEEN 4040426 AND 4040526
	Index Only Scan using k_6 on sbtest6  (cost=0.43..6.50 rows=103 width=4)
	  Index Cond: ((k >= 4040426) AND (k <= 4040526))

table 7 : explain SELECT k FROM sbtest7 WHERE k BETWEEN 4040426 AND 4040526
	Index Only Scan using k_7 on sbtest7  (cost=0.43..10.44 rows=100 width=4)
	  Index Cond: ((k >= 4040426) AND (k <= 4040526))

table 8 : explain SELECT k FROM sbtest8 WHERE k BETWEEN 4040426 AND 4040526
	Index Only Scan using k_8 on sbtest8  (cost=0.43..10.33 rows=95 width=4)
	  Index Cond: ((k >= 4040426) AND (k <= 4040526))

explain: for range-covered :: explain SELECT k FROM sbtest%d WHERE k BETWEEN 4040426 AND 4040526
for range-covered
table 1 : explain SELECT k FROM sbtest1 WHERE k BETWEEN 4277414 AND 4277514
	Index Only Scan using k_1 on sbtest1  (cost=0.43..10.60 rows=108 width=4)
	  Index Cond: ((k >= 4277414) AND (k <= 4277514))

table 2 : explain SELECT k FROM sbtest2 WHERE k BETWEEN 4277414 AND 4277514
	Index Only Scan using k_2 on sbtest2  (cost=0.43..6.45 rows=101 width=4)
	  Index Cond: ((k >= 4277414) AND (k <= 4277514))

table 3 : explain SELECT k FROM sbtest3 WHERE k BETWEEN 4277414 AND 4277514
	Index Only Scan using k_3 on sbtest3  (cost=0.43..6.42 rows=99 width=4)
	  Index Cond: ((k >= 4277414) AND (k <= 4277514))

table 4 : explain SELECT k FROM sbtest4 WHERE k BETWEEN 4277414 AND 4277514
	Index Only Scan using k_4 on sbtest4  (cost=0.43..6.43 rows=100 width=4)
	  Index Cond: ((k >= 4277414) AND (k <= 4277514))

table 5 : explain SELECT k FROM sbtest5 WHERE k BETWEEN 4277414 AND 4277514
	Index Only Scan using k_5 on sbtest5  (cost=0.43..10.58 rows=107 width=4)
	  Index Cond: ((k >= 4277414) AND (k <= 4277514))

table 6 : explain SELECT k FROM sbtest6 WHERE k BETWEEN 4277414 AND 4277514
	Index Only Scan using k_6 on sbtest6  (cost=0.43..6.67 rows=112 width=4)
	  Index Cond: ((k >= 4277414) AND (k <= 4277514))

table 7 : explain SELECT k FROM sbtest7 WHERE k BETWEEN 4277414 AND 4277514
	Index Only Scan using k_7 on sbtest7  (cost=0.43..10.51 rows=104 width=4)
	  Index Cond: ((k >= 4277414) AND (k <= 4277514))

table 8 : explain SELECT k FROM sbtest8 WHERE k BETWEEN 4277414 AND 4277514
	Index Only Scan using k_8 on sbtest8  (cost=0.43..10.36 rows=96 width=4)
	  Index Cond: ((k >= 4277414) AND (k <= 4277514))

for range-covered
table 1 : explain SELECT k FROM sbtest1 WHERE k BETWEEN 9161232 AND 9161332
	Index Only Scan using k_1 on sbtest1  (cost=0.43..10.42 rows=99 width=4)
	  Index Cond: ((k >= 9161232) AND (k <= 9161332))

table 2 : explain SELECT k FROM sbtest2 WHERE k BETWEEN 9161232 AND 9161332
	Index Only Scan using k_2 on sbtest2  (cost=0.43..6.56 rows=106 width=4)
	  Index Cond: ((k >= 9161232) AND (k <= 9161332))

table 3 : explain SELECT k FROM sbtest3 WHERE k BETWEEN 9161232 AND 9161332
	Index Only Scan using k_3 on sbtest3  (cost=0.43..6.35 rows=96 width=4)
	  Index Cond: ((k >= 9161232) AND (k <= 9161332))

table 4 : explain SELECT k FROM sbtest4 WHERE k BETWEEN 9161232 AND 9161332
	Index Only Scan using k_4 on sbtest4  (cost=0.43..6.45 rows=101 width=4)
	  Index Cond: ((k >= 9161232) AND (k <= 9161332))

table 5 : explain SELECT k FROM sbtest5 WHERE k BETWEEN 9161232 AND 9161332
	Index Only Scan using k_5 on sbtest5  (cost=0.43..10.38 rows=97 width=4)
	  Index Cond: ((k >= 9161232) AND (k <= 9161332))

table 6 : explain SELECT k FROM sbtest6 WHERE k BETWEEN 9161232 AND 9161332
	Index Only Scan using k_6 on sbtest6  (cost=0.43..6.58 rows=107 width=4)
	  Index Cond: ((k >= 9161232) AND (k <= 9161332))

table 7 : explain SELECT k FROM sbtest7 WHERE k BETWEEN 9161232 AND 9161332
	Index Only Scan using k_7 on sbtest7  (cost=0.43..10.46 rows=101 width=4)
	  Index Cond: ((k >= 9161232) AND (k <= 9161332))

table 8 : explain SELECT k FROM sbtest8 WHERE k BETWEEN 9161232 AND 9161332
	Index Only Scan using k_8 on sbtest8  (cost=0.43..10.42 rows=99 width=4)
	  Index Cond: ((k >= 9161232) AND (k <= 9161332))

explain: for range-covered :: explain SELECT k FROM sbtest%d WHERE k BETWEEN 9161232 AND 9161332
for range-covered
table 1 : explain SELECT k FROM sbtest1 WHERE k BETWEEN 2133202 AND 2133302
	Index Only Scan using k_1 on sbtest1  (cost=0.43..10.42 rows=99 width=4)
	  Index Cond: ((k >= 2133202) AND (k <= 2133302))

table 2 : explain SELECT k FROM sbtest2 WHERE k BETWEEN 2133202 AND 2133302
	Index Only Scan using k_2 on sbtest2  (cost=0.43..6.53 rows=105 width=4)
	  Index Cond: ((k >= 2133202) AND (k <= 2133302))

table 3 : explain SELECT k FROM sbtest3 WHERE k BETWEEN 2133202 AND 2133302
	Index Only Scan using k_3 on sbtest3  (cost=0.43..6.42 rows=99 width=4)
	  Index Cond: ((k >= 2133202) AND (k <= 2133302))

table 4 : explain SELECT k FROM sbtest4 WHERE k BETWEEN 2133202 AND 2133302
	Index Only Scan using k_4 on sbtest4  (cost=0.43..6.47 rows=102 width=4)
	  Index Cond: ((k >= 2133202) AND (k <= 2133302))

table 5 : explain SELECT k FROM sbtest5 WHERE k BETWEEN 2133202 AND 2133302
	Index Only Scan using k_5 on sbtest5  (cost=0.43..10.36 rows=96 width=4)
	  Index Cond: ((k >= 2133202) AND (k <= 2133302))

table 6 : explain SELECT k FROM sbtest6 WHERE k BETWEEN 2133202 AND 2133302
	Index Only Scan using k_6 on sbtest6  (cost=0.43..6.40 rows=98 width=4)
	  Index Cond: ((k >= 2133202) AND (k <= 2133302))

table 7 : explain SELECT k FROM sbtest7 WHERE k BETWEEN 2133202 AND 2133302
	Index Only Scan using k_7 on sbtest7  (cost=0.43..10.33 rows=95 width=4)
	  Index Cond: ((k >= 2133202) AND (k <= 2133302))

table 8 : explain SELECT k FROM sbtest8 WHERE k BETWEEN 2133202 AND 2133302
	Index Only Scan using k_8 on sbtest8  (cost=0.43..10.56 rows=106 width=4)
	  Index Cond: ((k >= 2133202) AND (k <= 2133302))

explain: for range-covered :: explain SELECT k FROM sbtest%d WHERE k BETWEEN 4277414 AND 4277514
for range-covered
table 1 : explain SELECT k FROM sbtest1 WHERE k BETWEEN 3593779 AND 3593879
	Index Only Scan using k_1 on sbtest1  (cost=0.43..10.50 rows=103 width=4)
	  Index Cond: ((k >= 3593779) AND (k <= 3593879))

table 2 : explain SELECT k FROM sbtest2 WHERE k BETWEEN 3593779 AND 3593879
	Index Only Scan using k_2 on sbtest2  (cost=0.43..6.32 rows=94 width=4)
	  Index Cond: ((k >= 3593779) AND (k <= 3593879))

table 3 : explain SELECT k FROM sbtest3 WHERE k BETWEEN 3593779 AND 3593879
	Index Only Scan using k_3 on sbtest3  (cost=0.43..6.25 rows=91 width=4)
	  Index Cond: ((k >= 3593779) AND (k <= 3593879))

table 4 : explain SELECT k FROM sbtest4 WHERE k BETWEEN 3593779 AND 3593879
	Index Only Scan using k_4 on sbtest4  (cost=0.43..6.51 rows=104 width=4)
	  Index Cond: ((k >= 3593779) AND (k <= 3593879))

table 5 : explain SELECT k FROM sbtest5 WHERE k BETWEEN 3593779 AND 3593879
	Index Only Scan using k_5 on sbtest5  (cost=0.43..10.56 rows=106 width=4)
	  Index Cond: ((k >= 3593779) AND (k <= 3593879))

table 6 : explain SELECT k FROM sbtest6 WHERE k BETWEEN 3593779 AND 3593879
	Index Only Scan using k_6 on sbtest6  (cost=0.43..6.45 rows=101 width=4)
	  Index Cond: ((k >= 3593779) AND (k <= 3593879))

table 7 : explain SELECT k FROM sbtest7 WHERE k BETWEEN 3593779 AND 3593879
	Index Only Scan using k_7 on sbtest7  (cost=0.43..10.33 rows=95 width=4)
	  Index Cond: ((k >= 3593779) AND (k <= 3593879))

table 8 : explain SELECT k FROM sbtest8 WHERE k BETWEEN 3593779 AND 3593879
	Index Only Scan using k_8 on sbtest8  (cost=0.43..10.33 rows=95 width=4)
	  Index Cond: ((k >= 3593779) AND (k <= 3593879))

for range-covered
table 1 : explain SELECT k FROM sbtest1 WHERE k BETWEEN 4040426 AND 4040526
	Index Only Scan using k_1 on sbtest1  (cost=0.43..10.24 rows=90 width=4)
	  Index Cond: ((k >= 4040426) AND (k <= 4040526))

table 2 : explain SELECT k FROM sbtest2 WHERE k BETWEEN 4040426 AND 4040526
	Index Only Scan using k_2 on sbtest2  (cost=0.43..6.37 rows=97 width=4)
	  Index Cond: ((k >= 4040426) AND (k <= 4040526))

table 3 : explain SELECT k FROM sbtest3 WHERE k BETWEEN 4040426 AND 4040526
	Index Only Scan using k_3 on sbtest3  (cost=0.43..6.24 rows=90 width=4)
	  Index Cond: ((k >= 4040426) AND (k <= 4040526))

table 4 : explain SELECT k FROM sbtest4 WHERE k BETWEEN 4040426 AND 4040526
	Index Only Scan using k_4 on sbtest4  (cost=0.43..6.35 rows=96 width=4)
	  Index Cond: ((k >= 4040426) AND (k <= 4040526))

table 5 : explain SELECT k FROM sbtest5 WHERE k BETWEEN 4040426 AND 4040526
	Index Only Scan using k_5 on sbtest5  (cost=0.43..10.42 rows=99 width=4)
	  Index Cond: ((k >= 4040426) AND (k <= 4040526))

table 6 : explain SELECT k FROM sbtest6 WHERE k BETWEEN 4040426 AND 4040526
	Index Only Scan using k_6 on sbtest6  (cost=0.43..6.50 rows=103 width=4)
	  Index Cond: ((k >= 4040426) AND (k <= 4040526))

table 7 : explain SELECT k FROM sbtest7 WHERE k BETWEEN 4040426 AND 4040526
	Index Only Scan using k_7 on sbtest7  (cost=0.43..10.44 rows=100 width=4)
	  Index Cond: ((k >= 4040426) AND (k <= 4040526))

table 8 : explain SELECT k FROM sbtest8 WHERE k BETWEEN 4040426 AND 4040526
	Index Only Scan using k_8 on sbtest8  (cost=0.43..10.33 rows=95 width=4)
	  Index Cond: ((k >= 4040426) AND (k <= 4040526))

for range-covered
table 1 : explain SELECT k FROM sbtest1 WHERE k BETWEEN 7702496 AND 7702596
	Index Only Scan using k_1 on sbtest1  (cost=0.43..10.76 rows=116 width=4)
	  Index Cond: ((k >= 7702496) AND (k <= 7702596))

table 2 : explain SELECT k FROM sbtest2 WHERE k BETWEEN 7702496 AND 7702596
	Index Only Scan using k_2 on sbtest2  (cost=0.43..6.37 rows=97 width=4)
	  Index Cond: ((k >= 7702496) AND (k <= 7702596))

table 3 : explain SELECT k FROM sbtest3 WHERE k BETWEEN 7702496 AND 7702596
	Index Only Scan using k_3 on sbtest3  (cost=0.43..6.43 rows=100 width=4)
	  Index Cond: ((k >= 7702496) AND (k <= 7702596))

table 4 : explain SELECT k FROM sbtest4 WHERE k BETWEEN 7702496 AND 7702596
	Index Only Scan using k_4 on sbtest4  (cost=0.43..6.35 rows=96 width=4)
	  Index Cond: ((k >= 7702496) AND (k <= 7702596))

table 5 : explain SELECT k FROM sbtest5 WHERE k BETWEEN 7702496 AND 7702596
	Index Only Scan using k_5 on sbtest5  (cost=0.43..10.33 rows=95 width=4)
	  Index Cond: ((k >= 7702496) AND (k <= 7702596))

table 6 : explain SELECT k FROM sbtest6 WHERE k BETWEEN 7702496 AND 7702596
	Index Only Scan using k_6 on sbtest6  (cost=0.43..6.45 rows=101 width=4)
	  Index Cond: ((k >= 7702496) AND (k <= 7702596))

table 7 : explain SELECT k FROM sbtest7 WHERE k BETWEEN 7702496 AND 7702596
	Index Only Scan using k_7 on sbtest7  (cost=0.43..10.72 rows=114 width=4)
	  Index Cond: ((k >= 7702496) AND (k <= 7702596))

table 8 : explain SELECT k FROM sbtest8 WHERE k BETWEEN 7702496 AND 7702596
	Index Only Scan using k_8 on sbtest8  (cost=0.43..10.46 rows=101 width=4)
	  Index Cond: ((k >= 7702496) AND (k <= 7702596))

explain: for range-covered :: explain SELECT k FROM sbtest%d WHERE k BETWEEN 7702496 AND 7702596
for range-covered
table 1 : explain SELECT k FROM sbtest1 WHERE k BETWEEN 4277414 AND 4277514
	Index Only Scan using k_1 on sbtest1  (cost=0.43..10.60 rows=108 width=4)
	  Index Cond: ((k >= 4277414) AND (k <= 4277514))

table 2 : explain SELECT k FROM sbtest2 WHERE k BETWEEN 4277414 AND 4277514
	Index Only Scan using k_2 on sbtest2  (cost=0.43..6.45 rows=101 width=4)
	  Index Cond: ((k >= 4277414) AND (k <= 4277514))

table 3 : explain SELECT k FROM sbtest3 WHERE k BETWEEN 4277414 AND 4277514
	Index Only Scan using k_3 on sbtest3  (cost=0.43..6.42 rows=99 width=4)
	  Index Cond: ((k >= 4277414) AND (k <= 4277514))

table 4 : explain SELECT k FROM sbtest4 WHERE k BETWEEN 4277414 AND 4277514
	Index Only Scan using k_4 on sbtest4  (cost=0.43..6.43 rows=100 width=4)
	  Index Cond: ((k >= 4277414) AND (k <= 4277514))

table 5 : explain SELECT k FROM sbtest5 WHERE k BETWEEN 4277414 AND 4277514
	Index Only Scan using k_5 on sbtest5  (cost=0.43..10.58 rows=107 width=4)
	  Index Cond: ((k >= 4277414) AND (k <= 4277514))

table 6 : explain SELECT k FROM sbtest6 WHERE k BETWEEN 4277414 AND 4277514
	Index Only Scan using k_6 on sbtest6  (cost=0.43..6.67 rows=112 width=4)
	  Index Cond: ((k >= 4277414) AND (k <= 4277514))

table 7 : explain SELECT k FROM sbtest7 WHERE k BETWEEN 4277414 AND 4277514
	Index Only Scan using k_7 on sbtest7  (cost=0.43..10.51 rows=104 width=4)
	  Index Cond: ((k >= 4277414) AND (k <= 4277514))

table 8 : explain SELECT k FROM sbtest8 WHERE k BETWEEN 4277414 AND 4277514
	Index Only Scan using k_8 on sbtest8  (cost=0.43..10.36 rows=96 width=4)
	  Index Cond: ((k >= 4277414) AND (k <= 4277514))

explain: for range-covered :: explain SELECT k FROM sbtest%d WHERE k BETWEEN 4277414 AND 4277514
for range-covered
table 1 : explain SELECT k FROM sbtest1 WHERE k BETWEEN 9161232 AND 9161332
	Index Only Scan using k_1 on sbtest1  (cost=0.43..10.42 rows=99 width=4)
	  Index Cond: ((k >= 9161232) AND (k <= 9161332))

table 2 : explain SELECT k FROM sbtest2 WHERE k BETWEEN 9161232 AND 9161332
	Index Only Scan using k_2 on sbtest2  (cost=0.43..6.56 rows=106 width=4)
	  Index Cond: ((k >= 9161232) AND (k <= 9161332))

table 3 : explain SELECT k FROM sbtest3 WHERE k BETWEEN 9161232 AND 9161332
	Index Only Scan using k_3 on sbtest3  (cost=0.43..6.35 rows=96 width=4)
	  Index Cond: ((k >= 9161232) AND (k <= 9161332))

table 4 : explain SELECT k FROM sbtest4 WHERE k BETWEEN 9161232 AND 9161332
	Index Only Scan using k_4 on sbtest4  (cost=0.43..6.45 rows=101 width=4)
	  Index Cond: ((k >= 9161232) AND (k <= 9161332))

table 5 : explain SELECT k FROM sbtest5 WHERE k BETWEEN 9161232 AND 9161332
	Index Only Scan using k_5 on sbtest5  (cost=0.43..10.38 rows=97 width=4)
	  Index Cond: ((k >= 9161232) AND (k <= 9161332))

table 6 : explain SELECT k FROM sbtest6 WHERE k BETWEEN 9161232 AND 9161332
	Index Only Scan using k_6 on sbtest6  (cost=0.43..6.58 rows=107 width=4)
	  Index Cond: ((k >= 9161232) AND (k <= 9161332))

table 7 : explain SELECT k FROM sbtest7 WHERE k BETWEEN 9161232 AND 9161332
	Index Only Scan using k_7 on sbtest7  (cost=0.43..10.46 rows=101 width=4)
	  Index Cond: ((k >= 9161232) AND (k <= 9161332))

table 8 : explain SELECT k FROM sbtest8 WHERE k BETWEEN 9161232 AND 9161332
	Index Only Scan using k_8 on sbtest8  (cost=0.43..10.42 rows=99 width=4)
	  Index Cond: ((k >= 9161232) AND (k <= 9161332))

explain: for range-covered :: explain SELECT k FROM sbtest%d WHERE k BETWEEN 9161232 AND 9161332
for range-covered
table 1 : explain SELECT k FROM sbtest1 WHERE k BETWEEN 7056015 AND 7056115
	Index Only Scan using k_1 on sbtest1  (cost=0.43..10.44 rows=100 width=4)
	  Index Cond: ((k >= 7056015) AND (k <= 7056115))

table 2 : explain SELECT k FROM sbtest2 WHERE k BETWEEN 7056015 AND 7056115
	Index Only Scan using k_2 on sbtest2  (cost=0.43..6.69 rows=113 width=4)
	  Index Cond: ((k >= 7056015) AND (k <= 7056115))

table 3 : explain SELECT k FROM sbtest3 WHERE k BETWEEN 7056015 AND 7056115
	Index Only Scan using k_3 on sbtest3  (cost=0.43..6.53 rows=105 width=4)
	  Index Cond: ((k >= 7056015) AND (k <= 7056115))

table 4 : explain SELECT k FROM sbtest4 WHERE k BETWEEN 7056015 AND 7056115
	Index Only Scan using k_4 on sbtest4  (cost=0.43..6.29 rows=93 width=4)
	  Index Cond: ((k >= 7056015) AND (k <= 7056115))

table 5 : explain SELECT k FROM sbtest5 WHERE k BETWEEN 7056015 AND 7056115
	Index Only Scan using k_5 on sbtest5  (cost=0.43..10.47 rows=102 width=4)
	  Index Cond: ((k >= 7056015) AND (k <= 7056115))

table 6 : explain SELECT k FROM sbtest6 WHERE k BETWEEN 7056015 AND 7056115
	Index Only Scan using k_6 on sbtest6  (cost=0.43..6.29 rows=93 width=4)
	  Index Cond: ((k >= 7056015) AND (k <= 7056115))

table 7 : explain SELECT k FROM sbtest7 WHERE k BETWEEN 7056015 AND 7056115
	Index Only Scan using k_7 on sbtest7  (cost=0.43..10.46 rows=101 width=4)
	  Index Cond: ((k >= 7056015) AND (k <= 7056115))

table 8 : explain SELECT k FROM sbtest8 WHERE k BETWEEN 7056015 AND 7056115
	Index Only Scan using k_8 on sbtest8  (cost=0.43..10.38 rows=97 width=4)
	  Index Cond: ((k >= 7056015) AND (k <= 7056115))

explain: for range-covered :: explain SELECT k FROM sbtest%d WHERE k BETWEEN 4040426 AND 4040526
explain: for range-covered :: explain SELECT k FROM sbtest%d WHERE k BETWEEN 7056015 AND 7056115
for range-covered
table 1 : explain SELECT k FROM sbtest1 WHERE k BETWEEN 7702496 AND 7702596
	Index Only Scan using k_1 on sbtest1  (cost=0.43..10.76 rows=116 width=4)
	  Index Cond: ((k >= 7702496) AND (k <= 7702596))

table 2 : explain SELECT k FROM sbtest2 WHERE k BETWEEN 7702496 AND 7702596
	Index Only Scan using k_2 on sbtest2  (cost=0.43..6.37 rows=97 width=4)
	  Index Cond: ((k >= 7702496) AND (k <= 7702596))

table 3 : explain SELECT k FROM sbtest3 WHERE k BETWEEN 7702496 AND 7702596
	Index Only Scan using k_3 on sbtest3  (cost=0.43..6.43 rows=100 width=4)
	  Index Cond: ((k >= 7702496) AND (k <= 7702596))

table 4 : explain SELECT k FROM sbtest4 WHERE k BETWEEN 7702496 AND 7702596
	Index Only Scan using k_4 on sbtest4  (cost=0.43..6.35 rows=96 width=4)
	  Index Cond: ((k >= 7702496) AND (k <= 7702596))

table 5 : explain SELECT k FROM sbtest5 WHERE k BETWEEN 7702496 AND 7702596
	Index Only Scan using k_5 on sbtest5  (cost=0.43..10.33 rows=95 width=4)
	  Index Cond: ((k >= 7702496) AND (k <= 7702596))

table 6 : explain SELECT k FROM sbtest6 WHERE k BETWEEN 7702496 AND 7702596
	Index Only Scan using k_6 on sbtest6  (cost=0.43..6.45 rows=101 width=4)
	  Index Cond: ((k >= 7702496) AND (k <= 7702596))

table 7 : explain SELECT k FROM sbtest7 WHERE k BETWEEN 7702496 AND 7702596
	Index Only Scan using k_7 on sbtest7  (cost=0.43..10.72 rows=114 width=4)
	  Index Cond: ((k >= 7702496) AND (k <= 7702596))

table 8 : explain SELECT k FROM sbtest8 WHERE k BETWEEN 7702496 AND 7702596
	Index Only Scan using k_8 on sbtest8  (cost=0.43..10.46 rows=101 width=4)
	  Index Cond: ((k >= 7702496) AND (k <= 7702596))

explain: for range-covered :: explain SELECT k FROM sbtest%d WHERE k BETWEEN 7702496 AND 7702596
explain: for range-covered :: explain SELECT k FROM sbtest%d WHERE k BETWEEN 6090484 AND 6090584
for range-covered
table 1 : explain SELECT k FROM sbtest1 WHERE k BETWEEN 4277414 AND 4277514
	Index Only Scan using k_1 on sbtest1  (cost=0.43..10.60 rows=108 width=4)
	  Index Cond: ((k >= 4277414) AND (k <= 4277514))

table 2 : explain SELECT k FROM sbtest2 WHERE k BETWEEN 4277414 AND 4277514
	Index Only Scan using k_2 on sbtest2  (cost=0.43..6.45 rows=101 width=4)
	  Index Cond: ((k >= 4277414) AND (k <= 4277514))

table 3 : explain SELECT k FROM sbtest3 WHERE k BETWEEN 4277414 AND 4277514
	Index Only Scan using k_3 on sbtest3  (cost=0.43..6.42 rows=99 width=4)
	  Index Cond: ((k >= 4277414) AND (k <= 4277514))

table 4 : explain SELECT k FROM sbtest4 WHERE k BETWEEN 4277414 AND 4277514
	Index Only Scan using k_4 on sbtest4  (cost=0.43..6.43 rows=100 width=4)
	  Index Cond: ((k >= 4277414) AND (k <= 4277514))

table 5 : explain SELECT k FROM sbtest5 WHERE k BETWEEN 4277414 AND 4277514
	Index Only Scan using k_5 on sbtest5  (cost=0.43..10.58 rows=107 width=4)
	  Index Cond: ((k >= 4277414) AND (k <= 4277514))

table 6 : explain SELECT k FROM sbtest6 WHERE k BETWEEN 4277414 AND 4277514
	Index Only Scan using k_6 on sbtest6  (cost=0.43..6.67 rows=112 width=4)
	  Index Cond: ((k >= 4277414) AND (k <= 4277514))

table 7 : explain SELECT k FROM sbtest7 WHERE k BETWEEN 4277414 AND 4277514
	Index Only Scan using k_7 on sbtest7  (cost=0.43..10.51 rows=104 width=4)
	  Index Cond: ((k >= 4277414) AND (k <= 4277514))

table 8 : explain SELECT k FROM sbtest8 WHERE k BETWEEN 4277414 AND 4277514
	Index Only Scan using k_8 on sbtest8  (cost=0.43..10.36 rows=96 width=4)
	  Index Cond: ((k >= 4277414) AND (k <= 4277514))

explain: for range-covered :: explain SELECT k FROM sbtest%d WHERE k BETWEEN 4277414 AND 4277514
for range-covered
table 1 : explain SELECT k FROM sbtest1 WHERE k BETWEEN 9161232 AND 9161332
	Index Only Scan using k_1 on sbtest1  (cost=0.43..10.42 rows=99 width=4)
	  Index Cond: ((k >= 9161232) AND (k <= 9161332))

table 2 : explain SELECT k FROM sbtest2 WHERE k BETWEEN 9161232 AND 9161332
	Index Only Scan using k_2 on sbtest2  (cost=0.43..6.56 rows=106 width=4)
	  Index Cond: ((k >= 9161232) AND (k <= 9161332))

table 3 : explain SELECT k FROM sbtest3 WHERE k BETWEEN 9161232 AND 9161332
	Index Only Scan using k_3 on sbtest3  (cost=0.43..6.35 rows=96 width=4)
	  Index Cond: ((k >= 9161232) AND (k <= 9161332))

table 4 : explain SELECT k FROM sbtest4 WHERE k BETWEEN 9161232 AND 9161332
	Index Only Scan using k_4 on sbtest4  (cost=0.43..6.45 rows=101 width=4)
	  Index Cond: ((k >= 9161232) AND (k <= 9161332))

table 5 : explain SELECT k FROM sbtest5 WHERE k BETWEEN 9161232 AND 9161332
	Index Only Scan using k_5 on sbtest5  (cost=0.43..10.38 rows=97 width=4)
	  Index Cond: ((k >= 9161232) AND (k <= 9161332))

table 6 : explain SELECT k FROM sbtest6 WHERE k BETWEEN 9161232 AND 9161332
	Index Only Scan using k_6 on sbtest6  (cost=0.43..6.58 rows=107 width=4)
	  Index Cond: ((k >= 9161232) AND (k <= 9161332))

table 7 : explain SELECT k FROM sbtest7 WHERE k BETWEEN 9161232 AND 9161332
	Index Only Scan using k_7 on sbtest7  (cost=0.43..10.46 rows=101 width=4)
	  Index Cond: ((k >= 9161232) AND (k <= 9161332))

table 8 : explain SELECT k FROM sbtest8 WHERE k BETWEEN 9161232 AND 9161332
	Index Only Scan using k_8 on sbtest8  (cost=0.43..10.42 rows=99 width=4)
	  Index Cond: ((k >= 9161232) AND (k <= 9161332))

for range-covered
table 1 : explain SELECT k FROM sbtest1 WHERE k BETWEEN 4040426 AND 4040526
	Index Only Scan using k_1 on sbtest1  (cost=0.43..10.24 rows=90 width=4)
	  Index Cond: ((k >= 4040426) AND (k <= 4040526))

table 2 : explain SELECT k FROM sbtest2 WHERE k BETWEEN 4040426 AND 4040526
	Index Only Scan using k_2 on sbtest2  (cost=0.43..6.37 rows=97 width=4)
	  Index Cond: ((k >= 4040426) AND (k <= 4040526))

table 3 : explain SELECT k FROM sbtest3 WHERE k BETWEEN 4040426 AND 4040526
	Index Only Scan using k_3 on sbtest3  (cost=0.43..6.24 rows=90 width=4)
	  Index Cond: ((k >= 4040426) AND (k <= 4040526))

table 4 : explain SELECT k FROM sbtest4 WHERE k BETWEEN 4040426 AND 4040526
	Index Only Scan using k_4 on sbtest4  (cost=0.43..6.35 rows=96 width=4)
	  Index Cond: ((k >= 4040426) AND (k <= 4040526))

table 5 : explain SELECT k FROM sbtest5 WHERE k BETWEEN 4040426 AND 4040526
	Index Only Scan using k_5 on sbtest5  (cost=0.43..10.42 rows=99 width=4)
	  Index Cond: ((k >= 4040426) AND (k <= 4040526))

table 6 : explain SELECT k FROM sbtest6 WHERE k BETWEEN 4040426 AND 4040526
	Index Only Scan using k_6 on sbtest6  (cost=0.43..6.50 rows=103 width=4)
	  Index Cond: ((k >= 4040426) AND (k <= 4040526))

table 7 : explain SELECT k FROM sbtest7 WHERE k BETWEEN 4040426 AND 4040526
	Index Only Scan using k_7 on sbtest7  (cost=0.43..10.44 rows=100 width=4)
	  Index Cond: ((k >= 4040426) AND (k <= 4040526))

table 8 : explain SELECT k FROM sbtest8 WHERE k BETWEEN 4040426 AND 4040526
	Index Only Scan using k_8 on sbtest8  (cost=0.43..10.33 rows=95 width=4)
	  Index Cond: ((k >= 4040426) AND (k <= 4040526))

explain: for range-covered :: explain SELECT k FROM sbtest%d WHERE k BETWEEN 9161232 AND 9161332
for range-covered
table 1 : explain SELECT k FROM sbtest1 WHERE k BETWEEN 7056015 AND 7056115
	Index Only Scan using k_1 on sbtest1  (cost=0.43..10.44 rows=100 width=4)
	  Index Cond: ((k >= 7056015) AND (k <= 7056115))

table 2 : explain SELECT k FROM sbtest2 WHERE k BETWEEN 7056015 AND 7056115
	Index Only Scan using k_2 on sbtest2  (cost=0.43..6.69 rows=113 width=4)
	  Index Cond: ((k >= 7056015) AND (k <= 7056115))

table 3 : explain SELECT k FROM sbtest3 WHERE k BETWEEN 7056015 AND 7056115
	Index Only Scan using k_3 on sbtest3  (cost=0.43..6.53 rows=105 width=4)
	  Index Cond: ((k >= 7056015) AND (k <= 7056115))

table 4 : explain SELECT k FROM sbtest4 WHERE k BETWEEN 7056015 AND 7056115
	Index Only Scan using k_4 on sbtest4  (cost=0.43..6.29 rows=93 width=4)
	  Index Cond: ((k >= 7056015) AND (k <= 7056115))

table 5 : explain SELECT k FROM sbtest5 WHERE k BETWEEN 7056015 AND 7056115
	Index Only Scan using k_5 on sbtest5  (cost=0.43..10.47 rows=102 width=4)
	  Index Cond: ((k >= 7056015) AND (k <= 7056115))

table 6 : explain SELECT k FROM sbtest6 WHERE k BETWEEN 7056015 AND 7056115
	Index Only Scan using k_6 on sbtest6  (cost=0.43..6.29 rows=93 width=4)
	  Index Cond: ((k >= 7056015) AND (k <= 7056115))

table 7 : explain SELECT k FROM sbtest7 WHERE k BETWEEN 7056015 AND 7056115
	Index Only Scan using k_7 on sbtest7  (cost=0.43..10.46 rows=101 width=4)
	  Index Cond: ((k >= 7056015) AND (k <= 7056115))

table 8 : explain SELECT k FROM sbtest8 WHERE k BETWEEN 7056015 AND 7056115
	Index Only Scan using k_8 on sbtest8  (cost=0.43..10.38 rows=97 width=4)
	  Index Cond: ((k >= 7056015) AND (k <= 7056115))

for range-covered
table 1 : explain SELECT k FROM sbtest1 WHERE k BETWEEN 7702496 AND 7702596
	Index Only Scan using k_1 on sbtest1  (cost=0.43..10.76 rows=116 width=4)
	  Index Cond: ((k >= 7702496) AND (k <= 7702596))

table 2 : explain SELECT k FROM sbtest2 WHERE k BETWEEN 7702496 AND 7702596
	Index Only Scan using k_2 on sbtest2  (cost=0.43..6.37 rows=97 width=4)
	  Index Cond: ((k >= 7702496) AND (k <= 7702596))

table 3 : explain SELECT k FROM sbtest3 WHERE k BETWEEN 7702496 AND 7702596
	Index Only Scan using k_3 on sbtest3  (cost=0.43..6.43 rows=100 width=4)
	  Index Cond: ((k >= 7702496) AND (k <= 7702596))

table 4 : explain SELECT k FROM sbtest4 WHERE k BETWEEN 7702496 AND 7702596
	Index Only Scan using k_4 on sbtest4  (cost=0.43..6.35 rows=96 width=4)
	  Index Cond: ((k >= 7702496) AND (k <= 7702596))

table 5 : explain SELECT k FROM sbtest5 WHERE k BETWEEN 7702496 AND 7702596
	Index Only Scan using k_5 on sbtest5  (cost=0.43..10.33 rows=95 width=4)
	  Index Cond: ((k >= 7702496) AND (k <= 7702596))

table 6 : explain SELECT k FROM sbtest6 WHERE k BETWEEN 7702496 AND 7702596
	Index Only Scan using k_6 on sbtest6  (cost=0.43..6.45 rows=101 width=4)
	  Index Cond: ((k >= 7702496) AND (k <= 7702596))

table 7 : explain SELECT k FROM sbtest7 WHERE k BETWEEN 7702496 AND 7702596
	Index Only Scan using k_7 on sbtest7  (cost=0.43..10.72 rows=114 width=4)
	  Index Cond: ((k >= 7702496) AND (k <= 7702596))

table 8 : explain SELECT k FROM sbtest8 WHERE k BETWEEN 7702496 AND 7702596
	Index Only Scan using k_8 on sbtest8  (cost=0.43..10.46 rows=101 width=4)
	  Index Cond: ((k >= 7702496) AND (k <= 7702596))

explain: for range-covered :: explain SELECT k FROM sbtest%d WHERE k BETWEEN 7056015 AND 7056115
explain: for range-covered :: explain SELECT k FROM sbtest%d WHERE k BETWEEN 7702496 AND 7702596
explain: for range-covered :: explain SELECT k FROM sbtest%d WHERE k BETWEEN 7150491 AND 7150591
for range-covered
table 1 : explain SELECT k FROM sbtest1 WHERE k BETWEEN 3864558 AND 3864658
	Index Only Scan using k_1 on sbtest1  (cost=0.43..10.33 rows=95 width=4)
	  Index Cond: ((k >= 3864558) AND (k <= 3864658))

table 2 : explain SELECT k FROM sbtest2 WHERE k BETWEEN 3864558 AND 3864658
	Index Only Scan using k_2 on sbtest2  (cost=0.43..6.47 rows=102 width=4)
	  Index Cond: ((k >= 3864558) AND (k <= 3864658))

table 3 : explain SELECT k FROM sbtest3 WHERE k BETWEEN 3864558 AND 3864658
	Index Only Scan using k_3 on sbtest3  (cost=0.43..6.67 rows=112 width=4)
	  Index Cond: ((k >= 3864558) AND (k <= 3864658))

table 4 : explain SELECT k FROM sbtest4 WHERE k BETWEEN 3864558 AND 3864658
	Index Only Scan using k_4 on sbtest4  (cost=0.43..6.58 rows=107 width=4)
	  Index Cond: ((k >= 3864558) AND (k <= 3864658))

table 5 : explain SELECT k FROM sbtest5 WHERE k BETWEEN 3864558 AND 3864658
	Index Only Scan using k_5 on sbtest5  (cost=0.43..10.54 rows=105 width=4)
	  Index Cond: ((k >= 3864558) AND (k <= 3864658))

table 6 : explain SELECT k FROM sbtest6 WHERE k BETWEEN 3864558 AND 3864658
	Index Only Scan using k_6 on sbtest6  (cost=0.43..6.35 rows=96 width=4)
	  Index Cond: ((k >= 3864558) AND (k <= 3864658))

table 7 : explain SELECT k FROM sbtest7 WHERE k BETWEEN 3864558 AND 3864658
	Index Only Scan using k_7 on sbtest7  (cost=0.43..10.26 rows=91 width=4)
	  Index Cond: ((k >= 3864558) AND (k <= 3864658))

table 8 : explain SELECT k FROM sbtest8 WHERE k BETWEEN 3864558 AND 3864658
	Index Only Scan using k_8 on sbtest8  (cost=0.43..10.33 rows=95 width=4)
	  Index Cond: ((k >= 3864558) AND (k <= 3864658))

for range-covered
table 1 : explain SELECT k FROM sbtest1 WHERE k BETWEEN 9161232 AND 9161332
	Index Only Scan using k_1 on sbtest1  (cost=0.43..10.42 rows=99 width=4)
	  Index Cond: ((k >= 9161232) AND (k <= 9161332))

table 2 : explain SELECT k FROM sbtest2 WHERE k BETWEEN 9161232 AND 9161332
	Index Only Scan using k_2 on sbtest2  (cost=0.43..6.56 rows=106 width=4)
	  Index Cond: ((k >= 9161232) AND (k <= 9161332))

table 3 : explain SELECT k FROM sbtest3 WHERE k BETWEEN 9161232 AND 9161332
	Index Only Scan using k_3 on sbtest3  (cost=0.43..6.35 rows=96 width=4)
	  Index Cond: ((k >= 9161232) AND (k <= 9161332))

table 4 : explain SELECT k FROM sbtest4 WHERE k BETWEEN 9161232 AND 9161332
	Index Only Scan using k_4 on sbtest4  (cost=0.43..6.45 rows=101 width=4)
	  Index Cond: ((k >= 9161232) AND (k <= 9161332))

table 5 : explain SELECT k FROM sbtest5 WHERE k BETWEEN 9161232 AND 9161332
	Index Only Scan using k_5 on sbtest5  (cost=0.43..10.38 rows=97 width=4)
	  Index Cond: ((k >= 9161232) AND (k <= 9161332))

table 6 : explain SELECT k FROM sbtest6 WHERE k BETWEEN 9161232 AND 9161332
	Index Only Scan using k_6 on sbtest6  (cost=0.43..6.58 rows=107 width=4)
	  Index Cond: ((k >= 9161232) AND (k <= 9161332))

table 7 : explain SELECT k FROM sbtest7 WHERE k BETWEEN 9161232 AND 9161332
	Index Only Scan using k_7 on sbtest7  (cost=0.43..10.46 rows=101 width=4)
	  Index Cond: ((k >= 9161232) AND (k <= 9161332))

table 8 : explain SELECT k FROM sbtest8 WHERE k BETWEEN 9161232 AND 9161332
	Index Only Scan using k_8 on sbtest8  (cost=0.43..10.42 rows=99 width=4)
	  Index Cond: ((k >= 9161232) AND (k <= 9161332))

explain: for range-covered :: explain SELECT k FROM sbtest%d WHERE k BETWEEN 3864558 AND 3864658
explain: for range-covered :: explain SELECT k FROM sbtest%d WHERE k BETWEEN 9161232 AND 9161332
for range-covered
table 1 : explain SELECT k FROM sbtest1 WHERE k BETWEEN 4277414 AND 4277514
	Index Only Scan using k_1 on sbtest1  (cost=0.43..10.60 rows=108 width=4)
	  Index Cond: ((k >= 4277414) AND (k <= 4277514))

table 2 : explain SELECT k FROM sbtest2 WHERE k BETWEEN 4277414 AND 4277514
	Index Only Scan using k_2 on sbtest2  (cost=0.43..6.45 rows=101 width=4)
	  Index Cond: ((k >= 4277414) AND (k <= 4277514))

table 3 : explain SELECT k FROM sbtest3 WHERE k BETWEEN 4277414 AND 4277514
	Index Only Scan using k_3 on sbtest3  (cost=0.43..6.42 rows=99 width=4)
	  Index Cond: ((k >= 4277414) AND (k <= 4277514))

table 4 : explain SELECT k FROM sbtest4 WHERE k BETWEEN 4277414 AND 4277514
	Index Only Scan using k_4 on sbtest4  (cost=0.43..6.43 rows=100 width=4)
	  Index Cond: ((k >= 4277414) AND (k <= 4277514))

table 5 : explain SELECT k FROM sbtest5 WHERE k BETWEEN 4277414 AND 4277514
	Index Only Scan using k_5 on sbtest5  (cost=0.43..10.58 rows=107 width=4)
	  Index Cond: ((k >= 4277414) AND (k <= 4277514))

table 6 : explain SELECT k FROM sbtest6 WHERE k BETWEEN 4277414 AND 4277514
	Index Only Scan using k_6 on sbtest6  (cost=0.43..6.67 rows=112 width=4)
	  Index Cond: ((k >= 4277414) AND (k <= 4277514))

table 7 : explain SELECT k FROM sbtest7 WHERE k BETWEEN 4277414 AND 4277514
	Index Only Scan using k_7 on sbtest7  (cost=0.43..10.51 rows=104 width=4)
	  Index Cond: ((k >= 4277414) AND (k <= 4277514))

table 8 : explain SELECT k FROM sbtest8 WHERE k BETWEEN 4277414 AND 4277514
	Index Only Scan using k_8 on sbtest8  (cost=0.43..10.36 rows=96 width=4)
	  Index Cond: ((k >= 4277414) AND (k <= 4277514))

for range-covered
table 1 : explain SELECT k FROM sbtest1 WHERE k BETWEEN 7702496 AND 7702596
	Index Only Scan using k_1 on sbtest1  (cost=0.43..10.76 rows=116 width=4)
	  Index Cond: ((k >= 7702496) AND (k <= 7702596))

table 2 : explain SELECT k FROM sbtest2 WHERE k BETWEEN 7702496 AND 7702596
	Index Only Scan using k_2 on sbtest2  (cost=0.43..6.37 rows=97 width=4)
	  Index Cond: ((k >= 7702496) AND (k <= 7702596))

table 3 : explain SELECT k FROM sbtest3 WHERE k BETWEEN 7702496 AND 7702596
	Index Only Scan using k_3 on sbtest3  (cost=0.43..6.43 rows=100 width=4)
	  Index Cond: ((k >= 7702496) AND (k <= 7702596))

table 4 : explain SELECT k FROM sbtest4 WHERE k BETWEEN 7702496 AND 7702596
	Index Only Scan using k_4 on sbtest4  (cost=0.43..6.35 rows=96 width=4)
	  Index Cond: ((k >= 7702496) AND (k <= 7702596))

table 5 : explain SELECT k FROM sbtest5 WHERE k BETWEEN 7702496 AND 7702596
	Index Only Scan using k_5 on sbtest5  (cost=0.43..10.33 rows=95 width=4)
	  Index Cond: ((k >= 7702496) AND (k <= 7702596))

table 6 : explain SELECT k FROM sbtest6 WHERE k BETWEEN 7702496 AND 7702596
	Index Only Scan using k_6 on sbtest6  (cost=0.43..6.45 rows=101 width=4)
	  Index Cond: ((k >= 7702496) AND (k <= 7702596))

table 7 : explain SELECT k FROM sbtest7 WHERE k BETWEEN 7702496 AND 7702596
	Index Only Scan using k_7 on sbtest7  (cost=0.43..10.72 rows=114 width=4)
	  Index Cond: ((k >= 7702496) AND (k <= 7702596))

table 8 : explain SELECT k FROM sbtest8 WHERE k BETWEEN 7702496 AND 7702596
	Index Only Scan using k_8 on sbtest8  (cost=0.43..10.46 rows=101 width=4)
	  Index Cond: ((k >= 7702496) AND (k <= 7702596))

explain: for range-covered :: explain SELECT k FROM sbtest%d WHERE k BETWEEN 4277414 AND 4277514
explain: for range-covered :: explain SELECT k FROM sbtest%d WHERE k BETWEEN 7702496 AND 7702596
explain: for range-covered :: explain SELECT k FROM sbtest%d WHERE k BETWEEN 2450308 AND 2450408
for range-covered
table 1 : explain SELECT k FROM sbtest1 WHERE k BETWEEN 3864558 AND 3864658
	Index Only Scan using k_1 on sbtest1  (cost=0.43..10.33 rows=95 width=4)
	  Index Cond: ((k >= 3864558) AND (k <= 3864658))

table 2 : explain SELECT k FROM sbtest2 WHERE k BETWEEN 3864558 AND 3864658
	Index Only Scan using k_2 on sbtest2  (cost=0.43..6.47 rows=102 width=4)
	  Index Cond: ((k >= 3864558) AND (k <= 3864658))

table 3 : explain SELECT k FROM sbtest3 WHERE k BETWEEN 3864558 AND 3864658
	Index Only Scan using k_3 on sbtest3  (cost=0.43..6.67 rows=112 width=4)
	  Index Cond: ((k >= 3864558) AND (k <= 3864658))

table 4 : explain SELECT k FROM sbtest4 WHERE k BETWEEN 3864558 AND 3864658
	Index Only Scan using k_4 on sbtest4  (cost=0.43..6.58 rows=107 width=4)
	  Index Cond: ((k >= 3864558) AND (k <= 3864658))

table 5 : explain SELECT k FROM sbtest5 WHERE k BETWEEN 3864558 AND 3864658
	Index Only Scan using k_5 on sbtest5  (cost=0.43..10.54 rows=105 width=4)
	  Index Cond: ((k >= 3864558) AND (k <= 3864658))

table 6 : explain SELECT k FROM sbtest6 WHERE k BETWEEN 3864558 AND 3864658
	Index Only Scan using k_6 on sbtest6  (cost=0.43..6.35 rows=96 width=4)
	  Index Cond: ((k >= 3864558) AND (k <= 3864658))

table 7 : explain SELECT k FROM sbtest7 WHERE k BETWEEN 3864558 AND 3864658
	Index Only Scan using k_7 on sbtest7  (cost=0.43..10.26 rows=91 width=4)
	  Index Cond: ((k >= 3864558) AND (k <= 3864658))

table 8 : explain SELECT k FROM sbtest8 WHERE k BETWEEN 3864558 AND 3864658
	Index Only Scan using k_8 on sbtest8  (cost=0.43..10.33 rows=95 width=4)
	  Index Cond: ((k >= 3864558) AND (k <= 3864658))

explain: for range-covered :: explain SELECT k FROM sbtest%d WHERE k BETWEEN 3864558 AND 3864658
for range-covered
table 1 : explain SELECT k FROM sbtest1 WHERE k BETWEEN 9161232 AND 9161332
	Index Only Scan using k_1 on sbtest1  (cost=0.43..10.42 rows=99 width=4)
	  Index Cond: ((k >= 9161232) AND (k <= 9161332))

table 2 : explain SELECT k FROM sbtest2 WHERE k BETWEEN 9161232 AND 9161332
	Index Only Scan using k_2 on sbtest2  (cost=0.43..6.56 rows=106 width=4)
	  Index Cond: ((k >= 9161232) AND (k <= 9161332))

table 3 : explain SELECT k FROM sbtest3 WHERE k BETWEEN 9161232 AND 9161332
	Index Only Scan using k_3 on sbtest3  (cost=0.43..6.35 rows=96 width=4)
	  Index Cond: ((k >= 9161232) AND (k <= 9161332))

table 4 : explain SELECT k FROM sbtest4 WHERE k BETWEEN 9161232 AND 9161332
	Index Only Scan using k_4 on sbtest4  (cost=0.43..6.45 rows=101 width=4)
	  Index Cond: ((k >= 9161232) AND (k <= 9161332))

table 5 : explain SELECT k FROM sbtest5 WHERE k BETWEEN 9161232 AND 9161332
	Index Only Scan using k_5 on sbtest5  (cost=0.43..10.38 rows=97 width=4)
	  Index Cond: ((k >= 9161232) AND (k <= 9161332))

table 6 : explain SELECT k FROM sbtest6 WHERE k BETWEEN 9161232 AND 9161332
	Index Only Scan using k_6 on sbtest6  (cost=0.43..6.58 rows=107 width=4)
	  Index Cond: ((k >= 9161232) AND (k <= 9161332))

table 7 : explain SELECT k FROM sbtest7 WHERE k BETWEEN 9161232 AND 9161332
	Index Only Scan using k_7 on sbtest7  (cost=0.43..10.46 rows=101 width=4)
	  Index Cond: ((k >= 9161232) AND (k <= 9161332))

table 8 : explain SELECT k FROM sbtest8 WHERE k BETWEEN 9161232 AND 9161332
	Index Only Scan using k_8 on sbtest8  (cost=0.43..10.42 rows=99 width=4)
	  Index Cond: ((k >= 9161232) AND (k <= 9161332))

for range-covered
table 1 : explain SELECT k FROM sbtest1 WHERE k BETWEEN 7702496 AND 7702596
	Index Only Scan using k_1 on sbtest1  (cost=0.43..10.76 rows=116 width=4)
	  Index Cond: ((k >= 7702496) AND (k <= 7702596))

table 2 : explain SELECT k FROM sbtest2 WHERE k BETWEEN 7702496 AND 7702596
	Index Only Scan using k_2 on sbtest2  (cost=0.43..6.37 rows=97 width=4)
	  Index Cond: ((k >= 7702496) AND (k <= 7702596))

table 3 : explain SELECT k FROM sbtest3 WHERE k BETWEEN 7702496 AND 7702596
	Index Only Scan using k_3 on sbtest3  (cost=0.43..6.43 rows=100 width=4)
	  Index Cond: ((k >= 7702496) AND (k <= 7702596))

table 4 : explain SELECT k FROM sbtest4 WHERE k BETWEEN 7702496 AND 7702596
	Index Only Scan using k_4 on sbtest4  (cost=0.43..6.35 rows=96 width=4)
	  Index Cond: ((k >= 7702496) AND (k <= 7702596))

table 5 : explain SELECT k FROM sbtest5 WHERE k BETWEEN 7702496 AND 7702596
	Index Only Scan using k_5 on sbtest5  (cost=0.43..10.33 rows=95 width=4)
	  Index Cond: ((k >= 7702496) AND (k <= 7702596))

table 6 : explain SELECT k FROM sbtest6 WHERE k BETWEEN 7702496 AND 7702596
	Index Only Scan using k_6 on sbtest6  (cost=0.43..6.45 rows=101 width=4)
	  Index Cond: ((k >= 7702496) AND (k <= 7702596))

table 7 : explain SELECT k FROM sbtest7 WHERE k BETWEEN 7702496 AND 7702596
	Index Only Scan using k_7 on sbtest7  (cost=0.43..10.72 rows=114 width=4)
	  Index Cond: ((k >= 7702496) AND (k <= 7702596))

table 8 : explain SELECT k FROM sbtest8 WHERE k BETWEEN 7702496 AND 7702596
	Index Only Scan using k_8 on sbtest8  (cost=0.43..10.46 rows=101 width=4)
	  Index Cond: ((k >= 7702496) AND (k <= 7702596))

explain: for range-covered :: explain SELECT k FROM sbtest%d WHERE k BETWEEN 9161232 AND 9161332
explain: for range-covered :: explain SELECT k FROM sbtest%d WHERE k BETWEEN 7702496 AND 7702596
for range-covered
table 1 : explain SELECT k FROM sbtest1 WHERE k BETWEEN 3864558 AND 3864658
	Index Only Scan using k_1 on sbtest1  (cost=0.43..10.33 rows=95 width=4)
	  Index Cond: ((k >= 3864558) AND (k <= 3864658))

table 2 : explain SELECT k FROM sbtest2 WHERE k BETWEEN 3864558 AND 3864658
	Index Only Scan using k_2 on sbtest2  (cost=0.43..6.47 rows=102 width=4)
	  Index Cond: ((k >= 3864558) AND (k <= 3864658))

table 3 : explain SELECT k FROM sbtest3 WHERE k BETWEEN 3864558 AND 3864658
	Index Only Scan using k_3 on sbtest3  (cost=0.43..6.67 rows=112 width=4)
	  Index Cond: ((k >= 3864558) AND (k <= 3864658))

table 4 : explain SELECT k FROM sbtest4 WHERE k BETWEEN 3864558 AND 3864658
	Index Only Scan using k_4 on sbtest4  (cost=0.43..6.58 rows=107 width=4)
	  Index Cond: ((k >= 3864558) AND (k <= 3864658))

table 5 : explain SELECT k FROM sbtest5 WHERE k BETWEEN 3864558 AND 3864658
	Index Only Scan using k_5 on sbtest5  (cost=0.43..10.54 rows=105 width=4)
	  Index Cond: ((k >= 3864558) AND (k <= 3864658))

table 6 : explain SELECT k FROM sbtest6 WHERE k BETWEEN 3864558 AND 3864658
	Index Only Scan using k_6 on sbtest6  (cost=0.43..6.35 rows=96 width=4)
	  Index Cond: ((k >= 3864558) AND (k <= 3864658))

table 7 : explain SELECT k FROM sbtest7 WHERE k BETWEEN 3864558 AND 3864658
	Index Only Scan using k_7 on sbtest7  (cost=0.43..10.26 rows=91 width=4)
	  Index Cond: ((k >= 3864558) AND (k <= 3864658))

table 8 : explain SELECT k FROM sbtest8 WHERE k BETWEEN 3864558 AND 3864658
	Index Only Scan using k_8 on sbtest8  (cost=0.43..10.33 rows=95 width=4)
	  Index Cond: ((k >= 3864558) AND (k <= 3864658))

explain: for range-covered :: explain SELECT k FROM sbtest%d WHERE k BETWEEN 3864558 AND 3864658
for range-covered
table 1 : explain SELECT k FROM sbtest1 WHERE k BETWEEN 7056015 AND 7056115
	Index Only Scan using k_1 on sbtest1  (cost=0.43..10.44 rows=100 width=4)
	  Index Cond: ((k >= 7056015) AND (k <= 7056115))

table 2 : explain SELECT k FROM sbtest2 WHERE k BETWEEN 7056015 AND 7056115
	Index Only Scan using k_2 on sbtest2  (cost=0.43..6.69 rows=113 width=4)
	  Index Cond: ((k >= 7056015) AND (k <= 7056115))

table 3 : explain SELECT k FROM sbtest3 WHERE k BETWEEN 7056015 AND 7056115
	Index Only Scan using k_3 on sbtest3  (cost=0.43..6.53 rows=105 width=4)
	  Index Cond: ((k >= 7056015) AND (k <= 7056115))

table 4 : explain SELECT k FROM sbtest4 WHERE k BETWEEN 7056015 AND 7056115
	Index Only Scan using k_4 on sbtest4  (cost=0.43..6.29 rows=93 width=4)
	  Index Cond: ((k >= 7056015) AND (k <= 7056115))

table 5 : explain SELECT k FROM sbtest5 WHERE k BETWEEN 7056015 AND 7056115
	Index Only Scan using k_5 on sbtest5  (cost=0.43..10.47 rows=102 width=4)
	  Index Cond: ((k >= 7056015) AND (k <= 7056115))

table 6 : explain SELECT k FROM sbtest6 WHERE k BETWEEN 7056015 AND 7056115
	Index Only Scan using k_6 on sbtest6  (cost=0.43..6.29 rows=93 width=4)
	  Index Cond: ((k >= 7056015) AND (k <= 7056115))

table 7 : explain SELECT k FROM sbtest7 WHERE k BETWEEN 7056015 AND 7056115
	Index Only Scan using k_7 on sbtest7  (cost=0.43..10.46 rows=101 width=4)
	  Index Cond: ((k >= 7056015) AND (k <= 7056115))

table 8 : explain SELECT k FROM sbtest8 WHERE k BETWEEN 7056015 AND 7056115
	Index Only Scan using k_8 on sbtest8  (cost=0.43..10.38 rows=97 width=4)
	  Index Cond: ((k >= 7056015) AND (k <= 7056115))

explain: for range-covered :: explain SELECT k FROM sbtest%d WHERE k BETWEEN 6982553 AND 6982653
explain: for range-covered :: explain SELECT k FROM sbtest%d WHERE k BETWEEN 7056015 AND 7056115
for range-covered
table 1 : explain SELECT k FROM sbtest1 WHERE k BETWEEN 9161232 AND 9161332
	Index Only Scan using k_1 on sbtest1  (cost=0.43..10.42 rows=99 width=4)
	  Index Cond: ((k >= 9161232) AND (k <= 9161332))

table 2 : explain SELECT k FROM sbtest2 WHERE k BETWEEN 9161232 AND 9161332
	Index Only Scan using k_2 on sbtest2  (cost=0.43..6.56 rows=106 width=4)
	  Index Cond: ((k >= 9161232) AND (k <= 9161332))

table 3 : explain SELECT k FROM sbtest3 WHERE k BETWEEN 9161232 AND 9161332
	Index Only Scan using k_3 on sbtest3  (cost=0.43..6.35 rows=96 width=4)
	  Index Cond: ((k >= 9161232) AND (k <= 9161332))

table 4 : explain SELECT k FROM sbtest4 WHERE k BETWEEN 9161232 AND 9161332
	Index Only Scan using k_4 on sbtest4  (cost=0.43..6.45 rows=101 width=4)
	  Index Cond: ((k >= 9161232) AND (k <= 9161332))

table 5 : explain SELECT k FROM sbtest5 WHERE k BETWEEN 9161232 AND 9161332
	Index Only Scan using k_5 on sbtest5  (cost=0.43..10.38 rows=97 width=4)
	  Index Cond: ((k >= 9161232) AND (k <= 9161332))

table 6 : explain SELECT k FROM sbtest6 WHERE k BETWEEN 9161232 AND 9161332
	Index Only Scan using k_6 on sbtest6  (cost=0.43..6.58 rows=107 width=4)
	  Index Cond: ((k >= 9161232) AND (k <= 9161332))

table 7 : explain SELECT k FROM sbtest7 WHERE k BETWEEN 9161232 AND 9161332
	Index Only Scan using k_7 on sbtest7  (cost=0.43..10.46 rows=101 width=4)
	  Index Cond: ((k >= 9161232) AND (k <= 9161332))

table 8 : explain SELECT k FROM sbtest8 WHERE k BETWEEN 9161232 AND 9161332
	Index Only Scan using k_8 on sbtest8  (cost=0.43..10.42 rows=99 width=4)
	  Index Cond: ((k >= 9161232) AND (k <= 9161332))

explain: for range-covered :: explain SELECT k FROM sbtest%d WHERE k BETWEEN 9161232 AND 9161332
for range-covered
table 1 : explain SELECT k FROM sbtest1 WHERE k BETWEEN 3864558 AND 3864658
	Index Only Scan using k_1 on sbtest1  (cost=0.43..10.33 rows=95 width=4)
	  Index Cond: ((k >= 3864558) AND (k <= 3864658))

table 2 : explain SELECT k FROM sbtest2 WHERE k BETWEEN 3864558 AND 3864658
	Index Only Scan using k_2 on sbtest2  (cost=0.43..6.47 rows=102 width=4)
	  Index Cond: ((k >= 3864558) AND (k <= 3864658))

table 3 : explain SELECT k FROM sbtest3 WHERE k BETWEEN 3864558 AND 3864658
	Index Only Scan using k_3 on sbtest3  (cost=0.43..6.67 rows=112 width=4)
	  Index Cond: ((k >= 3864558) AND (k <= 3864658))

table 4 : explain SELECT k FROM sbtest4 WHERE k BETWEEN 3864558 AND 3864658
	Index Only Scan using k_4 on sbtest4  (cost=0.43..6.58 rows=107 width=4)
	  Index Cond: ((k >= 3864558) AND (k <= 3864658))

table 5 : explain SELECT k FROM sbtest5 WHERE k BETWEEN 3864558 AND 3864658
	Index Only Scan using k_5 on sbtest5  (cost=0.43..10.54 rows=105 width=4)
	  Index Cond: ((k >= 3864558) AND (k <= 3864658))

table 6 : explain SELECT k FROM sbtest6 WHERE k BETWEEN 3864558 AND 3864658
	Index Only Scan using k_6 on sbtest6  (cost=0.43..6.35 rows=96 width=4)
	  Index Cond: ((k >= 3864558) AND (k <= 3864658))

table 7 : explain SELECT k FROM sbtest7 WHERE k BETWEEN 3864558 AND 3864658
	Index Only Scan using k_7 on sbtest7  (cost=0.43..10.26 rows=91 width=4)
	  Index Cond: ((k >= 3864558) AND (k <= 3864658))

table 8 : explain SELECT k FROM sbtest8 WHERE k BETWEEN 3864558 AND 3864658
	Index Only Scan using k_8 on sbtest8  (cost=0.43..10.33 rows=95 width=4)
	  Index Cond: ((k >= 3864558) AND (k <= 3864658))

explain: for range-covered :: explain SELECT k FROM sbtest%d WHERE k BETWEEN 3864558 AND 3864658
for range-covered
table 1 : explain SELECT k FROM sbtest1 WHERE k BETWEEN 7150491 AND 7150591
	Index Only Scan using k_1 on sbtest1  (cost=0.43..10.72 rows=114 width=4)
	  Index Cond: ((k >= 7150491) AND (k <= 7150591))

table 2 : explain SELECT k FROM sbtest2 WHERE k BETWEEN 7150491 AND 7150591
	Index Only Scan using k_2 on sbtest2  (cost=0.43..6.32 rows=94 width=4)
	  Index Cond: ((k >= 7150491) AND (k <= 7150591))

table 3 : explain SELECT k FROM sbtest3 WHERE k BETWEEN 7150491 AND 7150591
	Index Only Scan using k_3 on sbtest3  (cost=0.43..6.67 rows=112 width=4)
	  Index Cond: ((k >= 7150491) AND (k <= 7150591))

table 4 : explain SELECT k FROM sbtest4 WHERE k BETWEEN 7150491 AND 7150591
	Index Only Scan using k_4 on sbtest4  (cost=0.43..6.32 rows=94 width=4)
	  Index Cond: ((k >= 7150491) AND (k <= 7150591))

table 5 : explain SELECT k FROM sbtest5 WHERE k BETWEEN 7150491 AND 7150591
	Index Only Scan using k_5 on sbtest5  (cost=0.43..10.56 rows=106 width=4)
	  Index Cond: ((k >= 7150491) AND (k <= 7150591))

table 6 : explain SELECT k FROM sbtest6 WHERE k BETWEEN 7150491 AND 7150591
	Index Only Scan using k_6 on sbtest6  (cost=0.43..6.45 rows=101 width=4)
	  Index Cond: ((k >= 7150491) AND (k <= 7150591))

table 7 : explain SELECT k FROM sbtest7 WHERE k BETWEEN 7150491 AND 7150591
	Index Only Scan using k_7 on sbtest7  (cost=0.43..10.54 rows=105 width=4)
	  Index Cond: ((k >= 7150491) AND (k <= 7150591))

table 8 : explain SELECT k FROM sbtest8 WHERE k BETWEEN 7150491 AND 7150591
	Index Only Scan using k_8 on sbtest8  (cost=0.43..10.44 rows=100 width=4)
	  Index Cond: ((k >= 7150491) AND (k <= 7150591))

for range-covered
table 1 : explain SELECT k FROM sbtest1 WHERE k BETWEEN 9161232 AND 9161332
	Index Only Scan using k_1 on sbtest1  (cost=0.43..10.42 rows=99 width=4)
	  Index Cond: ((k >= 9161232) AND (k <= 9161332))

table 2 : explain SELECT k FROM sbtest2 WHERE k BETWEEN 9161232 AND 9161332
	Index Only Scan using k_2 on sbtest2  (cost=0.43..6.56 rows=106 width=4)
	  Index Cond: ((k >= 9161232) AND (k <= 9161332))

table 3 : explain SELECT k FROM sbtest3 WHERE k BETWEEN 9161232 AND 9161332
	Index Only Scan using k_3 on sbtest3  (cost=0.43..6.35 rows=96 width=4)
	  Index Cond: ((k >= 9161232) AND (k <= 9161332))

table 4 : explain SELECT k FROM sbtest4 WHERE k BETWEEN 9161232 AND 9161332
	Index Only Scan using k_4 on sbtest4  (cost=0.43..6.45 rows=101 width=4)
	  Index Cond: ((k >= 9161232) AND (k <= 9161332))

table 5 : explain SELECT k FROM sbtest5 WHERE k BETWEEN 9161232 AND 9161332
	Index Only Scan using k_5 on sbtest5  (cost=0.43..10.38 rows=97 width=4)
	  Index Cond: ((k >= 9161232) AND (k <= 9161332))

table 6 : explain SELECT k FROM sbtest6 WHERE k BETWEEN 9161232 AND 9161332
	Index Only Scan using k_6 on sbtest6  (cost=0.43..6.58 rows=107 width=4)
	  Index Cond: ((k >= 9161232) AND (k <= 9161332))

table 7 : explain SELECT k FROM sbtest7 WHERE k BETWEEN 9161232 AND 9161332
	Index Only Scan using k_7 on sbtest7  (cost=0.43..10.46 rows=101 width=4)
	  Index Cond: ((k >= 9161232) AND (k <= 9161332))

table 8 : explain SELECT k FROM sbtest8 WHERE k BETWEEN 9161232 AND 9161332
	Index Only Scan using k_8 on sbtest8  (cost=0.43..10.42 rows=99 width=4)
	  Index Cond: ((k >= 9161232) AND (k <= 9161332))

for range-covered
table 1 : explain SELECT k FROM sbtest1 WHERE k BETWEEN 6090484 AND 6090584
	Index Only Scan using k_1 on sbtest1  (cost=0.43..10.40 rows=98 width=4)
	  Index Cond: ((k >= 6090484) AND (k <= 6090584))

table 2 : explain SELECT k FROM sbtest2 WHERE k BETWEEN 6090484 AND 6090584
	Index Only Scan using k_2 on sbtest2  (cost=0.43..6.50 rows=103 width=4)
	  Index Cond: ((k >= 6090484) AND (k <= 6090584))

table 3 : explain SELECT k FROM sbtest3 WHERE k BETWEEN 6090484 AND 6090584
	Index Only Scan using k_3 on sbtest3  (cost=0.43..6.43 rows=100 width=4)
	  Index Cond: ((k >= 6090484) AND (k <= 6090584))

table 4 : explain SELECT k FROM sbtest4 WHERE k BETWEEN 6090484 AND 6090584
	Index Only Scan using k_4 on sbtest4  (cost=0.43..6.35 rows=96 width=4)
	  Index Cond: ((k >= 6090484) AND (k <= 6090584))

table 5 : explain SELECT k FROM sbtest5 WHERE k BETWEEN 6090484 AND 6090584
	Index Only Scan using k_5 on sbtest5  (cost=0.43..10.44 rows=100 width=4)
	  Index Cond: ((k >= 6090484) AND (k <= 6090584))

table 6 : explain SELECT k FROM sbtest6 WHERE k BETWEEN 6090484 AND 6090584
	Index Only Scan using k_6 on sbtest6  (cost=0.43..6.61 rows=109 width=4)
	  Index Cond: ((k >= 6090484) AND (k <= 6090584))

table 7 : explain SELECT k FROM sbtest7 WHERE k BETWEEN 6090484 AND 6090584
	Index Only Scan using k_7 on sbtest7  (cost=0.43..10.46 rows=101 width=4)
	  Index Cond: ((k >= 6090484) AND (k <= 6090584))

table 8 : explain SELECT k FROM sbtest8 WHERE k BETWEEN 6090484 AND 6090584
	Index Only Scan using k_8 on sbtest8  (cost=0.43..10.32 rows=94 width=4)
	  Index Cond: ((k >= 6090484) AND (k <= 6090584))

for range-covered
table 1 : explain SELECT k FROM sbtest1 WHERE k BETWEEN 3864558 AND 3864658
	Index Only Scan using k_1 on sbtest1  (cost=0.43..10.33 rows=95 width=4)
	  Index Cond: ((k >= 3864558) AND (k <= 3864658))

table 2 : explain SELECT k FROM sbtest2 WHERE k BETWEEN 3864558 AND 3864658
	Index Only Scan using k_2 on sbtest2  (cost=0.43..6.47 rows=102 width=4)
	  Index Cond: ((k >= 3864558) AND (k <= 3864658))

table 3 : explain SELECT k FROM sbtest3 WHERE k BETWEEN 3864558 AND 3864658
	Index Only Scan using k_3 on sbtest3  (cost=0.43..6.67 rows=112 width=4)
	  Index Cond: ((k >= 3864558) AND (k <= 3864658))

table 4 : explain SELECT k FROM sbtest4 WHERE k BETWEEN 3864558 AND 3864658
	Index Only Scan using k_4 on sbtest4  (cost=0.43..6.58 rows=107 width=4)
	  Index Cond: ((k >= 3864558) AND (k <= 3864658))

table 5 : explain SELECT k FROM sbtest5 WHERE k BETWEEN 3864558 AND 3864658
	Index Only Scan using k_5 on sbtest5  (cost=0.43..10.54 rows=105 width=4)
	  Index Cond: ((k >= 3864558) AND (k <= 3864658))

table 6 : explain SELECT k FROM sbtest6 WHERE k BETWEEN 3864558 AND 3864658
	Index Only Scan using k_6 on sbtest6  (cost=0.43..6.35 rows=96 width=4)
	  Index Cond: ((k >= 3864558) AND (k <= 3864658))

table 7 : explain SELECT k FROM sbtest7 WHERE k BETWEEN 3864558 AND 3864658
	Index Only Scan using k_7 on sbtest7  (cost=0.43..10.26 rows=91 width=4)
	  Index Cond: ((k >= 3864558) AND (k <= 3864658))

table 8 : explain SELECT k FROM sbtest8 WHERE k BETWEEN 3864558 AND 3864658
	Index Only Scan using k_8 on sbtest8  (cost=0.43..10.33 rows=95 width=4)
	  Index Cond: ((k >= 3864558) AND (k <= 3864658))

for range-covered
table 1 : explain SELECT k FROM sbtest1 WHERE k BETWEEN 4277414 AND 4277514
	Index Only Scan using k_1 on sbtest1  (cost=0.43..10.60 rows=108 width=4)
	  Index Cond: ((k >= 4277414) AND (k <= 4277514))

table 2 : explain SELECT k FROM sbtest2 WHERE k BETWEEN 4277414 AND 4277514
	Index Only Scan using k_2 on sbtest2  (cost=0.43..6.45 rows=101 width=4)
	  Index Cond: ((k >= 4277414) AND (k <= 4277514))

table 3 : explain SELECT k FROM sbtest3 WHERE k BETWEEN 4277414 AND 4277514
	Index Only Scan using k_3 on sbtest3  (cost=0.43..6.42 rows=99 width=4)
	  Index Cond: ((k >= 4277414) AND (k <= 4277514))

table 4 : explain SELECT k FROM sbtest4 WHERE k BETWEEN 4277414 AND 4277514
	Index Only Scan using k_4 on sbtest4  (cost=0.43..6.43 rows=100 width=4)
	  Index Cond: ((k >= 4277414) AND (k <= 4277514))

table 5 : explain SELECT k FROM sbtest5 WHERE k BETWEEN 4277414 AND 4277514
	Index Only Scan using k_5 on sbtest5  (cost=0.43..10.58 rows=107 width=4)
	  Index Cond: ((k >= 4277414) AND (k <= 4277514))

table 6 : explain SELECT k FROM sbtest6 WHERE k BETWEEN 4277414 AND 4277514
	Index Only Scan using k_6 on sbtest6  (cost=0.43..6.67 rows=112 width=4)
	  Index Cond: ((k >= 4277414) AND (k <= 4277514))

table 7 : explain SELECT k FROM sbtest7 WHERE k BETWEEN 4277414 AND 4277514
	Index Only Scan using k_7 on sbtest7  (cost=0.43..10.51 rows=104 width=4)
	  Index Cond: ((k >= 4277414) AND (k <= 4277514))

table 8 : explain SELECT k FROM sbtest8 WHERE k BETWEEN 4277414 AND 4277514
	Index Only Scan using k_8 on sbtest8  (cost=0.43..10.36 rows=96 width=4)
	  Index Cond: ((k >= 4277414) AND (k <= 4277514))

explain: for range-covered :: explain SELECT k FROM sbtest%d WHERE k BETWEEN 3864558 AND 3864658
explain: for range-covered :: explain SELECT k FROM sbtest%d WHERE k BETWEEN 6090484 AND 6090584
for range-covered
table 1 : explain SELECT k FROM sbtest1 WHERE k BETWEEN 2450308 AND 2450408
	Index Only Scan using k_1 on sbtest1  (cost=0.43..10.38 rows=97 width=4)
	  Index Cond: ((k >= 2450308) AND (k <= 2450408))

table 2 : explain SELECT k FROM sbtest2 WHERE k BETWEEN 2450308 AND 2450408
	Index Only Scan using k_2 on sbtest2  (cost=0.43..6.47 rows=102 width=4)
	  Index Cond: ((k >= 2450308) AND (k <= 2450408))

table 3 : explain SELECT k FROM sbtest3 WHERE k BETWEEN 2450308 AND 2450408
	Index Only Scan using k_3 on sbtest3  (cost=0.43..6.51 rows=104 width=4)
	  Index Cond: ((k >= 2450308) AND (k <= 2450408))

table 4 : explain SELECT k FROM sbtest4 WHERE k BETWEEN 2450308 AND 2450408
	Index Only Scan using k_4 on sbtest4  (cost=0.43..6.42 rows=99 width=4)
	  Index Cond: ((k >= 2450308) AND (k <= 2450408))

table 5 : explain SELECT k FROM sbtest5 WHERE k BETWEEN 2450308 AND 2450408
	Index Only Scan using k_5 on sbtest5  (cost=0.43..10.51 rows=104 width=4)
	  Index Cond: ((k >= 2450308) AND (k <= 2450408))

table 6 : explain SELECT k FROM sbtest6 WHERE k BETWEEN 2450308 AND 2450408
	Index Only Scan using k_6 on sbtest6  (cost=0.43..6.43 rows=100 width=4)
	  Index Cond: ((k >= 2450308) AND (k <= 2450408))

table 7 : explain SELECT k FROM sbtest7 WHERE k BETWEEN 2450308 AND 2450408
	Index Only Scan using k_7 on sbtest7  (cost=0.43..10.50 rows=103 width=4)
	  Index Cond: ((k >= 2450308) AND (k <= 2450408))

table 8 : explain SELECT k FROM sbtest8 WHERE k BETWEEN 2450308 AND 2450408
	Index Only Scan using k_8 on sbtest8  (cost=0.43..10.38 rows=97 width=4)
	  Index Cond: ((k >= 2450308) AND (k <= 2450408))

for range-covered
table 1 : explain SELECT k FROM sbtest1 WHERE k BETWEEN 7702496 AND 7702596
	Index Only Scan using k_1 on sbtest1  (cost=0.43..10.76 rows=116 width=4)
	  Index Cond: ((k >= 7702496) AND (k <= 7702596))

table 2 : explain SELECT k FROM sbtest2 WHERE k BETWEEN 7702496 AND 7702596
	Index Only Scan using k_2 on sbtest2  (cost=0.43..6.37 rows=97 width=4)
	  Index Cond: ((k >= 7702496) AND (k <= 7702596))

table 3 : explain SELECT k FROM sbtest3 WHERE k BETWEEN 7702496 AND 7702596
	Index Only Scan using k_3 on sbtest3  (cost=0.43..6.43 rows=100 width=4)
	  Index Cond: ((k >= 7702496) AND (k <= 7702596))

table 4 : explain SELECT k FROM sbtest4 WHERE k BETWEEN 7702496 AND 7702596
	Index Only Scan using k_4 on sbtest4  (cost=0.43..6.35 rows=96 width=4)
	  Index Cond: ((k >= 7702496) AND (k <= 7702596))

table 5 : explain SELECT k FROM sbtest5 WHERE k BETWEEN 7702496 AND 7702596
	Index Only Scan using k_5 on sbtest5  (cost=0.43..10.33 rows=95 width=4)
	  Index Cond: ((k >= 7702496) AND (k <= 7702596))

table 6 : explain SELECT k FROM sbtest6 WHERE k BETWEEN 7702496 AND 7702596
	Index Only Scan using k_6 on sbtest6  (cost=0.43..6.45 rows=101 width=4)
	  Index Cond: ((k >= 7702496) AND (k <= 7702596))

table 7 : explain SELECT k FROM sbtest7 WHERE k BETWEEN 7702496 AND 7702596
	Index Only Scan using k_7 on sbtest7  (cost=0.43..10.72 rows=114 width=4)
	  Index Cond: ((k >= 7702496) AND (k <= 7702596))

table 8 : explain SELECT k FROM sbtest8 WHERE k BETWEEN 7702496 AND 7702596
	Index Only Scan using k_8 on sbtest8  (cost=0.43..10.46 rows=101 width=4)
	  Index Cond: ((k >= 7702496) AND (k <= 7702596))

explain: for range-covered :: explain SELECT k FROM sbtest%d WHERE k BETWEEN 2450308 AND 2450408
explain: for range-covered :: explain SELECT k FROM sbtest%d WHERE k BETWEEN 7702496 AND 7702596
for range-covered
table 1 : explain SELECT k FROM sbtest1 WHERE k BETWEEN 7056015 AND 7056115
	Index Only Scan using k_1 on sbtest1  (cost=0.43..10.44 rows=100 width=4)
	  Index Cond: ((k >= 7056015) AND (k <= 7056115))

table 2 : explain SELECT k FROM sbtest2 WHERE k BETWEEN 7056015 AND 7056115
	Index Only Scan using k_2 on sbtest2  (cost=0.43..6.69 rows=113 width=4)
	  Index Cond: ((k >= 7056015) AND (k <= 7056115))

table 3 : explain SELECT k FROM sbtest3 WHERE k BETWEEN 7056015 AND 7056115
	Index Only Scan using k_3 on sbtest3  (cost=0.43..6.53 rows=105 width=4)
	  Index Cond: ((k >= 7056015) AND (k <= 7056115))

table 4 : explain SELECT k FROM sbtest4 WHERE k BETWEEN 7056015 AND 7056115
	Index Only Scan using k_4 on sbtest4  (cost=0.43..6.29 rows=93 width=4)
	  Index Cond: ((k >= 7056015) AND (k <= 7056115))

table 5 : explain SELECT k FROM sbtest5 WHERE k BETWEEN 7056015 AND 7056115
	Index Only Scan using k_5 on sbtest5  (cost=0.43..10.47 rows=102 width=4)
	  Index Cond: ((k >= 7056015) AND (k <= 7056115))

table 6 : explain SELECT k FROM sbtest6 WHERE k BETWEEN 7056015 AND 7056115
	Index Only Scan using k_6 on sbtest6  (cost=0.43..6.29 rows=93 width=4)
	  Index Cond: ((k >= 7056015) AND (k <= 7056115))

table 7 : explain SELECT k FROM sbtest7 WHERE k BETWEEN 7056015 AND 7056115
	Index Only Scan using k_7 on sbtest7  (cost=0.43..10.46 rows=101 width=4)
	  Index Cond: ((k >= 7056015) AND (k <= 7056115))

table 8 : explain SELECT k FROM sbtest8 WHERE k BETWEEN 7056015 AND 7056115
	Index Only Scan using k_8 on sbtest8  (cost=0.43..10.38 rows=97 width=4)
	  Index Cond: ((k >= 7056015) AND (k <= 7056115))

for range-covered
table 1 : explain SELECT k FROM sbtest1 WHERE k BETWEEN 3864558 AND 3864658
	Index Only Scan using k_1 on sbtest1  (cost=0.43..10.33 rows=95 width=4)
	  Index Cond: ((k >= 3864558) AND (k <= 3864658))

table 2 : explain SELECT k FROM sbtest2 WHERE k BETWEEN 3864558 AND 3864658
	Index Only Scan using k_2 on sbtest2  (cost=0.43..6.47 rows=102 width=4)
	  Index Cond: ((k >= 3864558) AND (k <= 3864658))

table 3 : explain SELECT k FROM sbtest3 WHERE k BETWEEN 3864558 AND 3864658
	Index Only Scan using k_3 on sbtest3  (cost=0.43..6.67 rows=112 width=4)
	  Index Cond: ((k >= 3864558) AND (k <= 3864658))

table 4 : explain SELECT k FROM sbtest4 WHERE k BETWEEN 3864558 AND 3864658
	Index Only Scan using k_4 on sbtest4  (cost=0.43..6.58 rows=107 width=4)
	  Index Cond: ((k >= 3864558) AND (k <= 3864658))

table 5 : explain SELECT k FROM sbtest5 WHERE k BETWEEN 3864558 AND 3864658
	Index Only Scan using k_5 on sbtest5  (cost=0.43..10.54 rows=105 width=4)
	  Index Cond: ((k >= 3864558) AND (k <= 3864658))

table 6 : explain SELECT k FROM sbtest6 WHERE k BETWEEN 3864558 AND 3864658
	Index Only Scan using k_6 on sbtest6  (cost=0.43..6.35 rows=96 width=4)
	  Index Cond: ((k >= 3864558) AND (k <= 3864658))

table 7 : explain SELECT k FROM sbtest7 WHERE k BETWEEN 3864558 AND 3864658
	Index Only Scan using k_7 on sbtest7  (cost=0.43..10.26 rows=91 width=4)
	  Index Cond: ((k >= 3864558) AND (k <= 3864658))

table 8 : explain SELECT k FROM sbtest8 WHERE k BETWEEN 3864558 AND 3864658
	Index Only Scan using k_8 on sbtest8  (cost=0.43..10.33 rows=95 width=4)
	  Index Cond: ((k >= 3864558) AND (k <= 3864658))

for range-covered
table 1 : explain SELECT k FROM sbtest1 WHERE k BETWEEN 6090484 AND 6090584
	Index Only Scan using k_1 on sbtest1  (cost=0.43..10.40 rows=98 width=4)
	  Index Cond: ((k >= 6090484) AND (k <= 6090584))

table 2 : explain SELECT k FROM sbtest2 WHERE k BETWEEN 6090484 AND 6090584
	Index Only Scan using k_2 on sbtest2  (cost=0.43..6.50 rows=103 width=4)
	  Index Cond: ((k >= 6090484) AND (k <= 6090584))

table 3 : explain SELECT k FROM sbtest3 WHERE k BETWEEN 6090484 AND 6090584
	Index Only Scan using k_3 on sbtest3  (cost=0.43..6.43 rows=100 width=4)
	  Index Cond: ((k >= 6090484) AND (k <= 6090584))

table 4 : explain SELECT k FROM sbtest4 WHERE k BETWEEN 6090484 AND 6090584
	Index Only Scan using k_4 on sbtest4  (cost=0.43..6.35 rows=96 width=4)
	  Index Cond: ((k >= 6090484) AND (k <= 6090584))

table 5 : explain SELECT k FROM sbtest5 WHERE k BETWEEN 6090484 AND 6090584
	Index Only Scan using k_5 on sbtest5  (cost=0.43..10.44 rows=100 width=4)
	  Index Cond: ((k >= 6090484) AND (k <= 6090584))

table 6 : explain SELECT k FROM sbtest6 WHERE k BETWEEN 6090484 AND 6090584
	Index Only Scan using k_6 on sbtest6  (cost=0.43..6.61 rows=109 width=4)
	  Index Cond: ((k >= 6090484) AND (k <= 6090584))

table 7 : explain SELECT k FROM sbtest7 WHERE k BETWEEN 6090484 AND 6090584
	Index Only Scan using k_7 on sbtest7  (cost=0.43..10.46 rows=101 width=4)
	  Index Cond: ((k >= 6090484) AND (k <= 6090584))

table 8 : explain SELECT k FROM sbtest8 WHERE k BETWEEN 6090484 AND 6090584
	Index Only Scan using k_8 on sbtest8  (cost=0.43..10.32 rows=94 width=4)
	  Index Cond: ((k >= 6090484) AND (k <= 6090584))

explain: for range-covered :: explain SELECT k FROM sbtest%d WHERE k BETWEEN 3864558 AND 3864658
explain: for range-covered :: explain SELECT k FROM sbtest%d WHERE k BETWEEN 7150491 AND 7150591
explain: for range-covered :: explain SELECT k FROM sbtest%d WHERE k BETWEEN 6090484 AND 6090584
explain: for range-covered :: explain SELECT k FROM sbtest%d WHERE k BETWEEN 5506915 AND 5507015
explain: for range-covered :: explain SELECT k FROM sbtest%d WHERE k BETWEEN 6180341 AND 6180441
for range-covered
table 1 : explain SELECT k FROM sbtest1 WHERE k BETWEEN 3864558 AND 3864658
	Index Only Scan using k_1 on sbtest1  (cost=0.43..10.33 rows=95 width=4)
	  Index Cond: ((k >= 3864558) AND (k <= 3864658))

table 2 : explain SELECT k FROM sbtest2 WHERE k BETWEEN 3864558 AND 3864658
	Index Only Scan using k_2 on sbtest2  (cost=0.43..6.47 rows=102 width=4)
	  Index Cond: ((k >= 3864558) AND (k <= 3864658))

table 3 : explain SELECT k FROM sbtest3 WHERE k BETWEEN 3864558 AND 3864658
	Index Only Scan using k_3 on sbtest3  (cost=0.43..6.67 rows=112 width=4)
	  Index Cond: ((k >= 3864558) AND (k <= 3864658))

table 4 : explain SELECT k FROM sbtest4 WHERE k BETWEEN 3864558 AND 3864658
	Index Only Scan using k_4 on sbtest4  (cost=0.43..6.58 rows=107 width=4)
	  Index Cond: ((k >= 3864558) AND (k <= 3864658))

table 5 : explain SELECT k FROM sbtest5 WHERE k BETWEEN 3864558 AND 3864658
	Index Only Scan using k_5 on sbtest5  (cost=0.43..10.54 rows=105 width=4)
	  Index Cond: ((k >= 3864558) AND (k <= 3864658))

table 6 : explain SELECT k FROM sbtest6 WHERE k BETWEEN 3864558 AND 3864658
	Index Only Scan using k_6 on sbtest6  (cost=0.43..6.35 rows=96 width=4)
	  Index Cond: ((k >= 3864558) AND (k <= 3864658))

table 7 : explain SELECT k FROM sbtest7 WHERE k BETWEEN 3864558 AND 3864658
	Index Only Scan using k_7 on sbtest7  (cost=0.43..10.26 rows=91 width=4)
	  Index Cond: ((k >= 3864558) AND (k <= 3864658))

table 8 : explain SELECT k FROM sbtest8 WHERE k BETWEEN 3864558 AND 3864658
	Index Only Scan using k_8 on sbtest8  (cost=0.43..10.33 rows=95 width=4)
	  Index Cond: ((k >= 3864558) AND (k <= 3864658))

for range-covered
table 1 : explain SELECT k FROM sbtest1 WHERE k BETWEEN 6090484 AND 6090584
	Index Only Scan using k_1 on sbtest1  (cost=0.43..10.40 rows=98 width=4)
	  Index Cond: ((k >= 6090484) AND (k <= 6090584))

table 2 : explain SELECT k FROM sbtest2 WHERE k BETWEEN 6090484 AND 6090584
	Index Only Scan using k_2 on sbtest2  (cost=0.43..6.50 rows=103 width=4)
	  Index Cond: ((k >= 6090484) AND (k <= 6090584))

table 3 : explain SELECT k FROM sbtest3 WHERE k BETWEEN 6090484 AND 6090584
	Index Only Scan using k_3 on sbtest3  (cost=0.43..6.43 rows=100 width=4)
	  Index Cond: ((k >= 6090484) AND (k <= 6090584))

table 4 : explain SELECT k FROM sbtest4 WHERE k BETWEEN 6090484 AND 6090584
	Index Only Scan using k_4 on sbtest4  (cost=0.43..6.35 rows=96 width=4)
	  Index Cond: ((k >= 6090484) AND (k <= 6090584))

table 5 : explain SELECT k FROM sbtest5 WHERE k BETWEEN 6090484 AND 6090584
	Index Only Scan using k_5 on sbtest5  (cost=0.43..10.44 rows=100 width=4)
	  Index Cond: ((k >= 6090484) AND (k <= 6090584))

table 6 : explain SELECT k FROM sbtest6 WHERE k BETWEEN 6090484 AND 6090584
	Index Only Scan using k_6 on sbtest6  (cost=0.43..6.61 rows=109 width=4)
	  Index Cond: ((k >= 6090484) AND (k <= 6090584))

table 7 : explain SELECT k FROM sbtest7 WHERE k BETWEEN 6090484 AND 6090584
	Index Only Scan using k_7 on sbtest7  (cost=0.43..10.46 rows=101 width=4)
	  Index Cond: ((k >= 6090484) AND (k <= 6090584))

table 8 : explain SELECT k FROM sbtest8 WHERE k BETWEEN 6090484 AND 6090584
	Index Only Scan using k_8 on sbtest8  (cost=0.43..10.32 rows=94 width=4)
	  Index Cond: ((k >= 6090484) AND (k <= 6090584))

explain: for range-covered :: explain SELECT k FROM sbtest%d WHERE k BETWEEN 3864558 AND 3864658
explain: for range-covered :: explain SELECT k FROM sbtest%d WHERE k BETWEEN 6090484 AND 6090584
for range-covered
table 1 : explain SELECT k FROM sbtest1 WHERE k BETWEEN 2450308 AND 2450408
	Index Only Scan using k_1 on sbtest1  (cost=0.43..10.38 rows=97 width=4)
	  Index Cond: ((k >= 2450308) AND (k <= 2450408))

table 2 : explain SELECT k FROM sbtest2 WHERE k BETWEEN 2450308 AND 2450408
	Index Only Scan using k_2 on sbtest2  (cost=0.43..6.47 rows=102 width=4)
	  Index Cond: ((k >= 2450308) AND (k <= 2450408))

table 3 : explain SELECT k FROM sbtest3 WHERE k BETWEEN 2450308 AND 2450408
	Index Only Scan using k_3 on sbtest3  (cost=0.43..6.51 rows=104 width=4)
	  Index Cond: ((k >= 2450308) AND (k <= 2450408))

table 4 : explain SELECT k FROM sbtest4 WHERE k BETWEEN 2450308 AND 2450408
	Index Only Scan using k_4 on sbtest4  (cost=0.43..6.42 rows=99 width=4)
	  Index Cond: ((k >= 2450308) AND (k <= 2450408))

table 5 : explain SELECT k FROM sbtest5 WHERE k BETWEEN 2450308 AND 2450408
	Index Only Scan using k_5 on sbtest5  (cost=0.43..10.51 rows=104 width=4)
	  Index Cond: ((k >= 2450308) AND (k <= 2450408))

table 6 : explain SELECT k FROM sbtest6 WHERE k BETWEEN 2450308 AND 2450408
	Index Only Scan using k_6 on sbtest6  (cost=0.43..6.43 rows=100 width=4)
	  Index Cond: ((k >= 2450308) AND (k <= 2450408))

table 7 : explain SELECT k FROM sbtest7 WHERE k BETWEEN 2450308 AND 2450408
	Index Only Scan using k_7 on sbtest7  (cost=0.43..10.50 rows=103 width=4)
	  Index Cond: ((k >= 2450308) AND (k <= 2450408))

table 8 : explain SELECT k FROM sbtest8 WHERE k BETWEEN 2450308 AND 2450408
	Index Only Scan using k_8 on sbtest8  (cost=0.43..10.38 rows=97 width=4)
	  Index Cond: ((k >= 2450308) AND (k <= 2450408))

for range-covered
table 1 : explain SELECT k FROM sbtest1 WHERE k BETWEEN 6090484 AND 6090584
	Index Only Scan using k_1 on sbtest1  (cost=0.43..10.40 rows=98 width=4)
	  Index Cond: ((k >= 6090484) AND (k <= 6090584))

table 2 : explain SELECT k FROM sbtest2 WHERE k BETWEEN 6090484 AND 6090584
	Index Only Scan using k_2 on sbtest2  (cost=0.43..6.50 rows=103 width=4)
	  Index Cond: ((k >= 6090484) AND (k <= 6090584))

table 3 : explain SELECT k FROM sbtest3 WHERE k BETWEEN 6090484 AND 6090584
	Index Only Scan using k_3 on sbtest3  (cost=0.43..6.43 rows=100 width=4)
	  Index Cond: ((k >= 6090484) AND (k <= 6090584))

table 4 : explain SELECT k FROM sbtest4 WHERE k BETWEEN 6090484 AND 6090584
	Index Only Scan using k_4 on sbtest4  (cost=0.43..6.35 rows=96 width=4)
	  Index Cond: ((k >= 6090484) AND (k <= 6090584))

table 5 : explain SELECT k FROM sbtest5 WHERE k BETWEEN 6090484 AND 6090584
	Index Only Scan using k_5 on sbtest5  (cost=0.43..10.44 rows=100 width=4)
	  Index Cond: ((k >= 6090484) AND (k <= 6090584))

table 6 : explain SELECT k FROM sbtest6 WHERE k BETWEEN 6090484 AND 6090584
	Index Only Scan using k_6 on sbtest6  (cost=0.43..6.61 rows=109 width=4)
	  Index Cond: ((k >= 6090484) AND (k <= 6090584))

table 7 : explain SELECT k FROM sbtest7 WHERE k BETWEEN 6090484 AND 6090584
	Index Only Scan using k_7 on sbtest7  (cost=0.43..10.46 rows=101 width=4)
	  Index Cond: ((k >= 6090484) AND (k <= 6090584))

table 8 : explain SELECT k FROM sbtest8 WHERE k BETWEEN 6090484 AND 6090584
	Index Only Scan using k_8 on sbtest8  (cost=0.43..10.32 rows=94 width=4)
	  Index Cond: ((k >= 6090484) AND (k <= 6090584))

for range-covered
table 1 : explain SELECT k FROM sbtest1 WHERE k BETWEEN 3864558 AND 3864658
	Index Only Scan using k_1 on sbtest1  (cost=0.43..10.33 rows=95 width=4)
	  Index Cond: ((k >= 3864558) AND (k <= 3864658))

table 2 : explain SELECT k FROM sbtest2 WHERE k BETWEEN 3864558 AND 3864658
	Index Only Scan using k_2 on sbtest2  (cost=0.43..6.47 rows=102 width=4)
	  Index Cond: ((k >= 3864558) AND (k <= 3864658))

table 3 : explain SELECT k FROM sbtest3 WHERE k BETWEEN 3864558 AND 3864658
	Index Only Scan using k_3 on sbtest3  (cost=0.43..6.67 rows=112 width=4)
	  Index Cond: ((k >= 3864558) AND (k <= 3864658))

table 4 : explain SELECT k FROM sbtest4 WHERE k BETWEEN 3864558 AND 3864658
	Index Only Scan using k_4 on sbtest4  (cost=0.43..6.58 rows=107 width=4)
	  Index Cond: ((k >= 3864558) AND (k <= 3864658))

table 5 : explain SELECT k FROM sbtest5 WHERE k BETWEEN 3864558 AND 3864658
	Index Only Scan using k_5 on sbtest5  (cost=0.43..10.54 rows=105 width=4)
	  Index Cond: ((k >= 3864558) AND (k <= 3864658))

table 6 : explain SELECT k FROM sbtest6 WHERE k BETWEEN 3864558 AND 3864658
	Index Only Scan using k_6 on sbtest6  (cost=0.43..6.35 rows=96 width=4)
	  Index Cond: ((k >= 3864558) AND (k <= 3864658))

table 7 : explain SELECT k FROM sbtest7 WHERE k BETWEEN 3864558 AND 3864658
	Index Only Scan using k_7 on sbtest7  (cost=0.43..10.26 rows=91 width=4)
	  Index Cond: ((k >= 3864558) AND (k <= 3864658))

table 8 : explain SELECT k FROM sbtest8 WHERE k BETWEEN 3864558 AND 3864658
	Index Only Scan using k_8 on sbtest8  (cost=0.43..10.33 rows=95 width=4)
	  Index Cond: ((k >= 3864558) AND (k <= 3864658))

explain: for range-covered :: explain SELECT k FROM sbtest%d WHERE k BETWEEN 6090484 AND 6090584
for range-covered
table 1 : explain SELECT k FROM sbtest1 WHERE k BETWEEN 7702496 AND 7702596
	Index Only Scan using k_1 on sbtest1  (cost=0.43..10.76 rows=116 width=4)
	  Index Cond: ((k >= 7702496) AND (k <= 7702596))

table 2 : explain SELECT k FROM sbtest2 WHERE k BETWEEN 7702496 AND 7702596
	Index Only Scan using k_2 on sbtest2  (cost=0.43..6.37 rows=97 width=4)
	  Index Cond: ((k >= 7702496) AND (k <= 7702596))

table 3 : explain SELECT k FROM sbtest3 WHERE k BETWEEN 7702496 AND 7702596
	Index Only Scan using k_3 on sbtest3  (cost=0.43..6.43 rows=100 width=4)
	  Index Cond: ((k >= 7702496) AND (k <= 7702596))

table 4 : explain SELECT k FROM sbtest4 WHERE k BETWEEN 7702496 AND 7702596
	Index Only Scan using k_4 on sbtest4  (cost=0.43..6.35 rows=96 width=4)
	  Index Cond: ((k >= 7702496) AND (k <= 7702596))

table 5 : explain SELECT k FROM sbtest5 WHERE k BETWEEN 7702496 AND 7702596
	Index Only Scan using k_5 on sbtest5  (cost=0.43..10.33 rows=95 width=4)
	  Index Cond: ((k >= 7702496) AND (k <= 7702596))

table 6 : explain SELECT k FROM sbtest6 WHERE k BETWEEN 7702496 AND 7702596
	Index Only Scan using k_6 on sbtest6  (cost=0.43..6.45 rows=101 width=4)
	  Index Cond: ((k >= 7702496) AND (k <= 7702596))

table 7 : explain SELECT k FROM sbtest7 WHERE k BETWEEN 7702496 AND 7702596
	Index Only Scan using k_7 on sbtest7  (cost=0.43..10.72 rows=114 width=4)
	  Index Cond: ((k >= 7702496) AND (k <= 7702596))

table 8 : explain SELECT k FROM sbtest8 WHERE k BETWEEN 7702496 AND 7702596
	Index Only Scan using k_8 on sbtest8  (cost=0.43..10.46 rows=101 width=4)
	  Index Cond: ((k >= 7702496) AND (k <= 7702596))

explain: for range-covered :: explain SELECT k FROM sbtest%d WHERE k BETWEEN 2450308 AND 2450408
for range-covered
table 1 : explain SELECT k FROM sbtest1 WHERE k BETWEEN 6090484 AND 6090584
	Index Only Scan using k_1 on sbtest1  (cost=0.43..10.40 rows=98 width=4)
	  Index Cond: ((k >= 6090484) AND (k <= 6090584))

table 2 : explain SELECT k FROM sbtest2 WHERE k BETWEEN 6090484 AND 6090584
	Index Only Scan using k_2 on sbtest2  (cost=0.43..6.50 rows=103 width=4)
	  Index Cond: ((k >= 6090484) AND (k <= 6090584))

table 3 : explain SELECT k FROM sbtest3 WHERE k BETWEEN 6090484 AND 6090584
	Index Only Scan using k_3 on sbtest3  (cost=0.43..6.43 rows=100 width=4)
	  Index Cond: ((k >= 6090484) AND (k <= 6090584))

table 4 : explain SELECT k FROM sbtest4 WHERE k BETWEEN 6090484 AND 6090584
	Index Only Scan using k_4 on sbtest4  (cost=0.43..6.35 rows=96 width=4)
	  Index Cond: ((k >= 6090484) AND (k <= 6090584))

table 5 : explain SELECT k FROM sbtest5 WHERE k BETWEEN 6090484 AND 6090584
	Index Only Scan using k_5 on sbtest5  (cost=0.43..10.44 rows=100 width=4)
	  Index Cond: ((k >= 6090484) AND (k <= 6090584))

table 6 : explain SELECT k FROM sbtest6 WHERE k BETWEEN 6090484 AND 6090584
	Index Only Scan using k_6 on sbtest6  (cost=0.43..6.61 rows=109 width=4)
	  Index Cond: ((k >= 6090484) AND (k <= 6090584))

table 7 : explain SELECT k FROM sbtest7 WHERE k BETWEEN 6090484 AND 6090584
	Index Only Scan using k_7 on sbtest7  (cost=0.43..10.46 rows=101 width=4)
	  Index Cond: ((k >= 6090484) AND (k <= 6090584))

table 8 : explain SELECT k FROM sbtest8 WHERE k BETWEEN 6090484 AND 6090584
	Index Only Scan using k_8 on sbtest8  (cost=0.43..10.32 rows=94 width=4)
	  Index Cond: ((k >= 6090484) AND (k <= 6090584))

explain: for range-covered :: explain SELECT k FROM sbtest%d WHERE k BETWEEN 6090484 AND 6090584
explain: for range-covered :: explain SELECT k FROM sbtest%d WHERE k BETWEEN 4311967 AND 4312067
for range-covered
table 1 : explain SELECT k FROM sbtest1 WHERE k BETWEEN 2450308 AND 2450408
	Index Only Scan using k_1 on sbtest1  (cost=0.43..10.38 rows=97 width=4)
	  Index Cond: ((k >= 2450308) AND (k <= 2450408))

table 2 : explain SELECT k FROM sbtest2 WHERE k BETWEEN 2450308 AND 2450408
	Index Only Scan using k_2 on sbtest2  (cost=0.43..6.47 rows=102 width=4)
	  Index Cond: ((k >= 2450308) AND (k <= 2450408))

table 3 : explain SELECT k FROM sbtest3 WHERE k BETWEEN 2450308 AND 2450408
	Index Only Scan using k_3 on sbtest3  (cost=0.43..6.51 rows=104 width=4)
	  Index Cond: ((k >= 2450308) AND (k <= 2450408))

table 4 : explain SELECT k FROM sbtest4 WHERE k BETWEEN 2450308 AND 2450408
	Index Only Scan using k_4 on sbtest4  (cost=0.43..6.42 rows=99 width=4)
	  Index Cond: ((k >= 2450308) AND (k <= 2450408))

table 5 : explain SELECT k FROM sbtest5 WHERE k BETWEEN 2450308 AND 2450408
	Index Only Scan using k_5 on sbtest5  (cost=0.43..10.51 rows=104 width=4)
	  Index Cond: ((k >= 2450308) AND (k <= 2450408))

table 6 : explain SELECT k FROM sbtest6 WHERE k BETWEEN 2450308 AND 2450408
	Index Only Scan using k_6 on sbtest6  (cost=0.43..6.43 rows=100 width=4)
	  Index Cond: ((k >= 2450308) AND (k <= 2450408))

table 7 : explain SELECT k FROM sbtest7 WHERE k BETWEEN 2450308 AND 2450408
	Index Only Scan using k_7 on sbtest7  (cost=0.43..10.50 rows=103 width=4)
	  Index Cond: ((k >= 2450308) AND (k <= 2450408))

table 8 : explain SELECT k FROM sbtest8 WHERE k BETWEEN 2450308 AND 2450408
	Index Only Scan using k_8 on sbtest8  (cost=0.43..10.38 rows=97 width=4)
	  Index Cond: ((k >= 2450308) AND (k <= 2450408))

for range-covered
table 1 : explain SELECT k FROM sbtest1 WHERE k BETWEEN 6982553 AND 6982653
	Index Only Scan using k_1 on sbtest1  (cost=0.43..10.58 rows=107 width=4)
	  Index Cond: ((k >= 6982553) AND (k <= 6982653))

table 2 : explain SELECT k FROM sbtest2 WHERE k BETWEEN 6982553 AND 6982653
	Index Only Scan using k_2 on sbtest2  (cost=0.43..6.47 rows=102 width=4)
	  Index Cond: ((k >= 6982553) AND (k <= 6982653))

table 3 : explain SELECT k FROM sbtest3 WHERE k BETWEEN 6982553 AND 6982653
	Index Only Scan using k_3 on sbtest3  (cost=0.43..6.45 rows=101 width=4)
	  Index Cond: ((k >= 6982553) AND (k <= 6982653))

table 4 : explain SELECT k FROM sbtest4 WHERE k BETWEEN 6982553 AND 6982653
	Index Only Scan using k_4 on sbtest4  (cost=0.43..6.29 rows=93 width=4)
	  Index Cond: ((k >= 6982553) AND (k <= 6982653))

table 5 : explain SELECT k FROM sbtest5 WHERE k BETWEEN 6982553 AND 6982653
	Index Only Scan using k_5 on sbtest5  (cost=0.43..10.32 rows=94 width=4)
	  Index Cond: ((k >= 6982553) AND (k <= 6982653))

table 6 : explain SELECT k FROM sbtest6 WHERE k BETWEEN 6982553 AND 6982653
	Index Only Scan using k_6 on sbtest6  (cost=0.43..6.40 rows=98 width=4)
	  Index Cond: ((k >= 6982553) AND (k <= 6982653))

table 7 : explain SELECT k FROM sbtest7 WHERE k BETWEEN 6982553 AND 6982653
	Index Only Scan using k_7 on sbtest7  (cost=0.43..10.76 rows=116 width=4)
	  Index Cond: ((k >= 6982553) AND (k <= 6982653))

table 8 : explain SELECT k FROM sbtest8 WHERE k BETWEEN 6982553 AND 6982653
	Index Only Scan using k_8 on sbtest8  (cost=0.43..10.33 rows=95 width=4)
	  Index Cond: ((k >= 6982553) AND (k <= 6982653))

for range-covered
table 1 : explain SELECT k FROM sbtest1 WHERE k BETWEEN 6090484 AND 6090584
	Index Only Scan using k_1 on sbtest1  (cost=0.43..10.40 rows=98 width=4)
	  Index Cond: ((k >= 6090484) AND (k <= 6090584))

table 2 : explain SELECT k FROM sbtest2 WHERE k BETWEEN 6090484 AND 6090584
	Index Only Scan using k_2 on sbtest2  (cost=0.43..6.50 rows=103 width=4)
	  Index Cond: ((k >= 6090484) AND (k <= 6090584))

table 3 : explain SELECT k FROM sbtest3 WHERE k BETWEEN 6090484 AND 6090584
	Index Only Scan using k_3 on sbtest3  (cost=0.43..6.43 rows=100 width=4)
	  Index Cond: ((k >= 6090484) AND (k <= 6090584))

table 4 : explain SELECT k FROM sbtest4 WHERE k BETWEEN 6090484 AND 6090584
	Index Only Scan using k_4 on sbtest4  (cost=0.43..6.35 rows=96 width=4)
	  Index Cond: ((k >= 6090484) AND (k <= 6090584))

table 5 : explain SELECT k FROM sbtest5 WHERE k BETWEEN 6090484 AND 6090584
	Index Only Scan using k_5 on sbtest5  (cost=0.43..10.44 rows=100 width=4)
	  Index Cond: ((k >= 6090484) AND (k <= 6090584))

table 6 : explain SELECT k FROM sbtest6 WHERE k BETWEEN 6090484 AND 6090584
	Index Only Scan using k_6 on sbtest6  (cost=0.43..6.61 rows=109 width=4)
	  Index Cond: ((k >= 6090484) AND (k <= 6090584))

table 7 : explain SELECT k FROM sbtest7 WHERE k BETWEEN 6090484 AND 6090584
	Index Only Scan using k_7 on sbtest7  (cost=0.43..10.46 rows=101 width=4)
	  Index Cond: ((k >= 6090484) AND (k <= 6090584))

table 8 : explain SELECT k FROM sbtest8 WHERE k BETWEEN 6090484 AND 6090584
	Index Only Scan using k_8 on sbtest8  (cost=0.43..10.32 rows=94 width=4)
	  Index Cond: ((k >= 6090484) AND (k <= 6090584))

explain: for range-covered :: explain SELECT k FROM sbtest%d WHERE k BETWEEN 4465039 AND 4465139
explain: for range-covered :: explain SELECT k FROM sbtest%d WHERE k BETWEEN 6982553 AND 6982653
explain: for range-covered :: explain SELECT k FROM sbtest%d WHERE k BETWEEN 6090484 AND 6090584
explain: for range-covered :: explain SELECT k FROM sbtest%d WHERE k BETWEEN 2450308 AND 2450408
for range-covered
table 1 : explain SELECT k FROM sbtest1 WHERE k BETWEEN 5506915 AND 5507015
	Index Only Scan using k_1 on sbtest1  (cost=0.43..10.46 rows=101 width=4)
	  Index Cond: ((k >= 5506915) AND (k <= 5507015))

table 2 : explain SELECT k FROM sbtest2 WHERE k BETWEEN 5506915 AND 5507015
	Index Only Scan using k_2 on sbtest2  (cost=0.43..6.37 rows=97 width=4)
	  Index Cond: ((k >= 5506915) AND (k <= 5507015))

table 3 : explain SELECT k FROM sbtest3 WHERE k BETWEEN 5506915 AND 5507015
	Index Only Scan using k_3 on sbtest3  (cost=0.43..6.67 rows=112 width=4)
	  Index Cond: ((k >= 5506915) AND (k <= 5507015))

table 4 : explain SELECT k FROM sbtest4 WHERE k BETWEEN 5506915 AND 5507015
	Index Only Scan using k_4 on sbtest4  (cost=0.43..6.58 rows=107 width=4)
	  Index Cond: ((k >= 5506915) AND (k <= 5507015))

table 5 : explain SELECT k FROM sbtest5 WHERE k BETWEEN 5506915 AND 5507015
	Index Only Scan using k_5 on sbtest5  (cost=0.43..10.33 rows=95 width=4)
	  Index Cond: ((k >= 5506915) AND (k <= 5507015))

table 6 : explain SELECT k FROM sbtest6 WHERE k BETWEEN 5506915 AND 5507015
	Index Only Scan using k_6 on sbtest6  (cost=0.43..6.50 rows=103 width=4)
	  Index Cond: ((k >= 5506915) AND (k <= 5507015))

table 7 : explain SELECT k FROM sbtest7 WHERE k BETWEEN 5506915 AND 5507015
	Index Only Scan using k_7 on sbtest7  (cost=0.43..10.38 rows=97 width=4)
	  Index Cond: ((k >= 5506915) AND (k <= 5507015))

table 8 : explain SELECT k FROM sbtest8 WHERE k BETWEEN 5506915 AND 5507015
	Index Only Scan using k_8 on sbtest8  (cost=0.43..10.44 rows=100 width=4)
	  Index Cond: ((k >= 5506915) AND (k <= 5507015))

for range-covered
table 1 : explain SELECT k FROM sbtest1 WHERE k BETWEEN 7150491 AND 7150591
	Index Only Scan using k_1 on sbtest1  (cost=0.43..10.72 rows=114 width=4)
	  Index Cond: ((k >= 7150491) AND (k <= 7150591))

table 2 : explain SELECT k FROM sbtest2 WHERE k BETWEEN 7150491 AND 7150591
	Index Only Scan using k_2 on sbtest2  (cost=0.43..6.32 rows=94 width=4)
	  Index Cond: ((k >= 7150491) AND (k <= 7150591))

table 3 : explain SELECT k FROM sbtest3 WHERE k BETWEEN 7150491 AND 7150591
	Index Only Scan using k_3 on sbtest3  (cost=0.43..6.67 rows=112 width=4)
	  Index Cond: ((k >= 7150491) AND (k <= 7150591))

table 4 : explain SELECT k FROM sbtest4 WHERE k BETWEEN 7150491 AND 7150591
	Index Only Scan using k_4 on sbtest4  (cost=0.43..6.32 rows=94 width=4)
	  Index Cond: ((k >= 7150491) AND (k <= 7150591))

table 5 : explain SELECT k FROM sbtest5 WHERE k BETWEEN 7150491 AND 7150591
	Index Only Scan using k_5 on sbtest5  (cost=0.43..10.56 rows=106 width=4)
	  Index Cond: ((k >= 7150491) AND (k <= 7150591))

table 6 : explain SELECT k FROM sbtest6 WHERE k BETWEEN 7150491 AND 7150591
	Index Only Scan using k_6 on sbtest6  (cost=0.43..6.45 rows=101 width=4)
	  Index Cond: ((k >= 7150491) AND (k <= 7150591))

table 7 : explain SELECT k FROM sbtest7 WHERE k BETWEEN 7150491 AND 7150591
	Index Only Scan using k_7 on sbtest7  (cost=0.43..10.54 rows=105 width=4)
	  Index Cond: ((k >= 7150491) AND (k <= 7150591))

table 8 : explain SELECT k FROM sbtest8 WHERE k BETWEEN 7150491 AND 7150591
	Index Only Scan using k_8 on sbtest8  (cost=0.43..10.44 rows=100 width=4)
	  Index Cond: ((k >= 7150491) AND (k <= 7150591))

explain: for range-covered :: explain SELECT k FROM sbtest%d WHERE k BETWEEN 5506915 AND 5507015
explain: for range-covered :: explain SELECT k FROM sbtest%d WHERE k BETWEEN 7150491 AND 7150591
for range-covered
table 1 : explain SELECT k FROM sbtest1 WHERE k BETWEEN 6090484 AND 6090584
	Index Only Scan using k_1 on sbtest1  (cost=0.43..10.40 rows=98 width=4)
	  Index Cond: ((k >= 6090484) AND (k <= 6090584))

table 2 : explain SELECT k FROM sbtest2 WHERE k BETWEEN 6090484 AND 6090584
	Index Only Scan using k_2 on sbtest2  (cost=0.43..6.50 rows=103 width=4)
	  Index Cond: ((k >= 6090484) AND (k <= 6090584))

table 3 : explain SELECT k FROM sbtest3 WHERE k BETWEEN 6090484 AND 6090584
	Index Only Scan using k_3 on sbtest3  (cost=0.43..6.43 rows=100 width=4)
	  Index Cond: ((k >= 6090484) AND (k <= 6090584))

table 4 : explain SELECT k FROM sbtest4 WHERE k BETWEEN 6090484 AND 6090584
	Index Only Scan using k_4 on sbtest4  (cost=0.43..6.35 rows=96 width=4)
	  Index Cond: ((k >= 6090484) AND (k <= 6090584))

table 5 : explain SELECT k FROM sbtest5 WHERE k BETWEEN 6090484 AND 6090584
	Index Only Scan using k_5 on sbtest5  (cost=0.43..10.44 rows=100 width=4)
	  Index Cond: ((k >= 6090484) AND (k <= 6090584))

table 6 : explain SELECT k FROM sbtest6 WHERE k BETWEEN 6090484 AND 6090584
	Index Only Scan using k_6 on sbtest6  (cost=0.43..6.61 rows=109 width=4)
	  Index Cond: ((k >= 6090484) AND (k <= 6090584))

table 7 : explain SELECT k FROM sbtest7 WHERE k BETWEEN 6090484 AND 6090584
	Index Only Scan using k_7 on sbtest7  (cost=0.43..10.46 rows=101 width=4)
	  Index Cond: ((k >= 6090484) AND (k <= 6090584))

table 8 : explain SELECT k FROM sbtest8 WHERE k BETWEEN 6090484 AND 6090584
	Index Only Scan using k_8 on sbtest8  (cost=0.43..10.32 rows=94 width=4)
	  Index Cond: ((k >= 6090484) AND (k <= 6090584))

explain: for range-covered :: explain SELECT k FROM sbtest%d WHERE k BETWEEN 6090484 AND 6090584
for range-covered
table 1 : explain SELECT k FROM sbtest1 WHERE k BETWEEN 6982553 AND 6982653
	Index Only Scan using k_1 on sbtest1  (cost=0.43..10.58 rows=107 width=4)
	  Index Cond: ((k >= 6982553) AND (k <= 6982653))

table 2 : explain SELECT k FROM sbtest2 WHERE k BETWEEN 6982553 AND 6982653
	Index Only Scan using k_2 on sbtest2  (cost=0.43..6.47 rows=102 width=4)
	  Index Cond: ((k >= 6982553) AND (k <= 6982653))

table 3 : explain SELECT k FROM sbtest3 WHERE k BETWEEN 6982553 AND 6982653
	Index Only Scan using k_3 on sbtest3  (cost=0.43..6.45 rows=101 width=4)
	  Index Cond: ((k >= 6982553) AND (k <= 6982653))

table 4 : explain SELECT k FROM sbtest4 WHERE k BETWEEN 6982553 AND 6982653
	Index Only Scan using k_4 on sbtest4  (cost=0.43..6.29 rows=93 width=4)
	  Index Cond: ((k >= 6982553) AND (k <= 6982653))

table 5 : explain SELECT k FROM sbtest5 WHERE k BETWEEN 6982553 AND 6982653
	Index Only Scan using k_5 on sbtest5  (cost=0.43..10.32 rows=94 width=4)
	  Index Cond: ((k >= 6982553) AND (k <= 6982653))

table 6 : explain SELECT k FROM sbtest6 WHERE k BETWEEN 6982553 AND 6982653
	Index Only Scan using k_6 on sbtest6  (cost=0.43..6.40 rows=98 width=4)
	  Index Cond: ((k >= 6982553) AND (k <= 6982653))

table 7 : explain SELECT k FROM sbtest7 WHERE k BETWEEN 6982553 AND 6982653
	Index Only Scan using k_7 on sbtest7  (cost=0.43..10.76 rows=116 width=4)
	  Index Cond: ((k >= 6982553) AND (k <= 6982653))

table 8 : explain SELECT k FROM sbtest8 WHERE k BETWEEN 6982553 AND 6982653
	Index Only Scan using k_8 on sbtest8  (cost=0.43..10.33 rows=95 width=4)
	  Index Cond: ((k >= 6982553) AND (k <= 6982653))

explain: for range-covered :: explain SELECT k FROM sbtest%d WHERE k BETWEEN 6982553 AND 6982653
for range-covered
table 1 : explain SELECT k FROM sbtest1 WHERE k BETWEEN 6180341 AND 6180441
	Index Only Scan using k_1 on sbtest1  (cost=0.43..10.60 rows=108 width=4)
	  Index Cond: ((k >= 6180341) AND (k <= 6180441))

table 2 : explain SELECT k FROM sbtest2 WHERE k BETWEEN 6180341 AND 6180441
	Index Only Scan using k_2 on sbtest2  (cost=0.43..6.32 rows=94 width=4)
	  Index Cond: ((k >= 6180341) AND (k <= 6180441))

table 3 : explain SELECT k FROM sbtest3 WHERE k BETWEEN 6180341 AND 6180441
	Index Only Scan using k_3 on sbtest3  (cost=0.43..6.56 rows=106 width=4)
	  Index Cond: ((k >= 6180341) AND (k <= 6180441))

table 4 : explain SELECT k FROM sbtest4 WHERE k BETWEEN 6180341 AND 6180441
	Index Only Scan using k_4 on sbtest4  (cost=0.43..6.47 rows=102 width=4)
	  Index Cond: ((k >= 6180341) AND (k <= 6180441))

table 5 : explain SELECT k FROM sbtest5 WHERE k BETWEEN 6180341 AND 6180441
	Index Only Scan using k_5 on sbtest5  (cost=0.43..10.63 rows=110 width=4)
	  Index Cond: ((k >= 6180341) AND (k <= 6180441))

table 6 : explain SELECT k FROM sbtest6 WHERE k BETWEEN 6180341 AND 6180441
	Index Only Scan using k_6 on sbtest6  (cost=0.43..6.67 rows=112 width=4)
	  Index Cond: ((k >= 6180341) AND (k <= 6180441))

table 7 : explain SELECT k FROM sbtest7 WHERE k BETWEEN 6180341 AND 6180441
	Index Only Scan using k_7 on sbtest7  (cost=0.43..10.47 rows=102 width=4)
	  Index Cond: ((k >= 6180341) AND (k <= 6180441))

table 8 : explain SELECT k FROM sbtest8 WHERE k BETWEEN 6180341 AND 6180441
	Index Only Scan using k_8 on sbtest8  (cost=0.43..10.47 rows=102 width=4)
	  Index Cond: ((k >= 6180341) AND (k <= 6180441))

explain: for range-covered :: explain SELECT k FROM sbtest%d WHERE k BETWEEN 6180341 AND 6180441
for range-covered
table 1 : explain SELECT k FROM sbtest1 WHERE k BETWEEN 5506915 AND 5507015
	Index Only Scan using k_1 on sbtest1  (cost=0.43..10.46 rows=101 width=4)
	  Index Cond: ((k >= 5506915) AND (k <= 5507015))

table 2 : explain SELECT k FROM sbtest2 WHERE k BETWEEN 5506915 AND 5507015
	Index Only Scan using k_2 on sbtest2  (cost=0.43..6.37 rows=97 width=4)
	  Index Cond: ((k >= 5506915) AND (k <= 5507015))

table 3 : explain SELECT k FROM sbtest3 WHERE k BETWEEN 5506915 AND 5507015
	Index Only Scan using k_3 on sbtest3  (cost=0.43..6.67 rows=112 width=4)
	  Index Cond: ((k >= 5506915) AND (k <= 5507015))

table 4 : explain SELECT k FROM sbtest4 WHERE k BETWEEN 5506915 AND 5507015
	Index Only Scan using k_4 on sbtest4  (cost=0.43..6.58 rows=107 width=4)
	  Index Cond: ((k >= 5506915) AND (k <= 5507015))

table 5 : explain SELECT k FROM sbtest5 WHERE k BETWEEN 5506915 AND 5507015
	Index Only Scan using k_5 on sbtest5  (cost=0.43..10.33 rows=95 width=4)
	  Index Cond: ((k >= 5506915) AND (k <= 5507015))

table 6 : explain SELECT k FROM sbtest6 WHERE k BETWEEN 5506915 AND 5507015
	Index Only Scan using k_6 on sbtest6  (cost=0.43..6.50 rows=103 width=4)
	  Index Cond: ((k >= 5506915) AND (k <= 5507015))

table 7 : explain SELECT k FROM sbtest7 WHERE k BETWEEN 5506915 AND 5507015
	Index Only Scan using k_7 on sbtest7  (cost=0.43..10.38 rows=97 width=4)
	  Index Cond: ((k >= 5506915) AND (k <= 5507015))

table 8 : explain SELECT k FROM sbtest8 WHERE k BETWEEN 5506915 AND 5507015
	Index Only Scan using k_8 on sbtest8  (cost=0.43..10.44 rows=100 width=4)
	  Index Cond: ((k >= 5506915) AND (k <= 5507015))

explain: for range-covered :: explain SELECT k FROM sbtest%d WHERE k BETWEEN 3815382 AND 3815482
explain: for range-covered :: explain SELECT k FROM sbtest%d WHERE k BETWEEN 5506915 AND 5507015
for range-covered
table 1 : explain SELECT k FROM sbtest1 WHERE k BETWEEN 2450308 AND 2450408
	Index Only Scan using k_1 on sbtest1  (cost=0.43..10.38 rows=97 width=4)
	  Index Cond: ((k >= 2450308) AND (k <= 2450408))

table 2 : explain SELECT k FROM sbtest2 WHERE k BETWEEN 2450308 AND 2450408
	Index Only Scan using k_2 on sbtest2  (cost=0.43..6.47 rows=102 width=4)
	  Index Cond: ((k >= 2450308) AND (k <= 2450408))

table 3 : explain SELECT k FROM sbtest3 WHERE k BETWEEN 2450308 AND 2450408
	Index Only Scan using k_3 on sbtest3  (cost=0.43..6.51 rows=104 width=4)
	  Index Cond: ((k >= 2450308) AND (k <= 2450408))

table 4 : explain SELECT k FROM sbtest4 WHERE k BETWEEN 2450308 AND 2450408
	Index Only Scan using k_4 on sbtest4  (cost=0.43..6.42 rows=99 width=4)
	  Index Cond: ((k >= 2450308) AND (k <= 2450408))

table 5 : explain SELECT k FROM sbtest5 WHERE k BETWEEN 2450308 AND 2450408
	Index Only Scan using k_5 on sbtest5  (cost=0.43..10.51 rows=104 width=4)
	  Index Cond: ((k >= 2450308) AND (k <= 2450408))

table 6 : explain SELECT k FROM sbtest6 WHERE k BETWEEN 2450308 AND 2450408
	Index Only Scan using k_6 on sbtest6  (cost=0.43..6.43 rows=100 width=4)
	  Index Cond: ((k >= 2450308) AND (k <= 2450408))

table 7 : explain SELECT k FROM sbtest7 WHERE k BETWEEN 2450308 AND 2450408
	Index Only Scan using k_7 on sbtest7  (cost=0.43..10.50 rows=103 width=4)
	  Index Cond: ((k >= 2450308) AND (k <= 2450408))

table 8 : explain SELECT k FROM sbtest8 WHERE k BETWEEN 2450308 AND 2450408
	Index Only Scan using k_8 on sbtest8  (cost=0.43..10.38 rows=97 width=4)
	  Index Cond: ((k >= 2450308) AND (k <= 2450408))

for range-covered
table 1 : explain SELECT k FROM sbtest1 WHERE k BETWEEN 6090484 AND 6090584
	Index Only Scan using k_1 on sbtest1  (cost=0.43..10.40 rows=98 width=4)
	  Index Cond: ((k >= 6090484) AND (k <= 6090584))

table 2 : explain SELECT k FROM sbtest2 WHERE k BETWEEN 6090484 AND 6090584
	Index Only Scan using k_2 on sbtest2  (cost=0.43..6.50 rows=103 width=4)
	  Index Cond: ((k >= 6090484) AND (k <= 6090584))

table 3 : explain SELECT k FROM sbtest3 WHERE k BETWEEN 6090484 AND 6090584
	Index Only Scan using k_3 on sbtest3  (cost=0.43..6.43 rows=100 width=4)
	  Index Cond: ((k >= 6090484) AND (k <= 6090584))

table 4 : explain SELECT k FROM sbtest4 WHERE k BETWEEN 6090484 AND 6090584
	Index Only Scan using k_4 on sbtest4  (cost=0.43..6.35 rows=96 width=4)
	  Index Cond: ((k >= 6090484) AND (k <= 6090584))

table 5 : explain SELECT k FROM sbtest5 WHERE k BETWEEN 6090484 AND 6090584
	Index Only Scan using k_5 on sbtest5  (cost=0.43..10.44 rows=100 width=4)
	  Index Cond: ((k >= 6090484) AND (k <= 6090584))

table 6 : explain SELECT k FROM sbtest6 WHERE k BETWEEN 6090484 AND 6090584
	Index Only Scan using k_6 on sbtest6  (cost=0.43..6.61 rows=109 width=4)
	  Index Cond: ((k >= 6090484) AND (k <= 6090584))

table 7 : explain SELECT k FROM sbtest7 WHERE k BETWEEN 6090484 AND 6090584
	Index Only Scan using k_7 on sbtest7  (cost=0.43..10.46 rows=101 width=4)
	  Index Cond: ((k >= 6090484) AND (k <= 6090584))

table 8 : explain SELECT k FROM sbtest8 WHERE k BETWEEN 6090484 AND 6090584
	Index Only Scan using k_8 on sbtest8  (cost=0.43..10.32 rows=94 width=4)
	  Index Cond: ((k >= 6090484) AND (k <= 6090584))

explain: for range-covered :: explain SELECT k FROM sbtest%d WHERE k BETWEEN 2450308 AND 2450408
for range-covered
table 1 : explain SELECT k FROM sbtest1 WHERE k BETWEEN 6982553 AND 6982653
	Index Only Scan using k_1 on sbtest1  (cost=0.43..10.58 rows=107 width=4)
	  Index Cond: ((k >= 6982553) AND (k <= 6982653))

table 2 : explain SELECT k FROM sbtest2 WHERE k BETWEEN 6982553 AND 6982653
	Index Only Scan using k_2 on sbtest2  (cost=0.43..6.47 rows=102 width=4)
	  Index Cond: ((k >= 6982553) AND (k <= 6982653))

table 3 : explain SELECT k FROM sbtest3 WHERE k BETWEEN 6982553 AND 6982653
	Index Only Scan using k_3 on sbtest3  (cost=0.43..6.45 rows=101 width=4)
	  Index Cond: ((k >= 6982553) AND (k <= 6982653))

table 4 : explain SELECT k FROM sbtest4 WHERE k BETWEEN 6982553 AND 6982653
	Index Only Scan using k_4 on sbtest4  (cost=0.43..6.29 rows=93 width=4)
	  Index Cond: ((k >= 6982553) AND (k <= 6982653))

table 5 : explain SELECT k FROM sbtest5 WHERE k BETWEEN 6982553 AND 6982653
	Index Only Scan using k_5 on sbtest5  (cost=0.43..10.32 rows=94 width=4)
	  Index Cond: ((k >= 6982553) AND (k <= 6982653))

table 6 : explain SELECT k FROM sbtest6 WHERE k BETWEEN 6982553 AND 6982653
	Index Only Scan using k_6 on sbtest6  (cost=0.43..6.40 rows=98 width=4)
	  Index Cond: ((k >= 6982553) AND (k <= 6982653))

table 7 : explain SELECT k FROM sbtest7 WHERE k BETWEEN 6982553 AND 6982653
	Index Only Scan using k_7 on sbtest7  (cost=0.43..10.76 rows=116 width=4)
	  Index Cond: ((k >= 6982553) AND (k <= 6982653))

table 8 : explain SELECT k FROM sbtest8 WHERE k BETWEEN 6982553 AND 6982653
	Index Only Scan using k_8 on sbtest8  (cost=0.43..10.33 rows=95 width=4)
	  Index Cond: ((k >= 6982553) AND (k <= 6982653))

explain: for range-covered :: explain SELECT k FROM sbtest%d WHERE k BETWEEN 6982553 AND 6982653
for range-covered
table 1 : explain SELECT k FROM sbtest1 WHERE k BETWEEN 4311967 AND 4312067
	Index Only Scan using k_1 on sbtest1  (cost=0.43..10.42 rows=99 width=4)
	  Index Cond: ((k >= 4311967) AND (k <= 4312067))

table 2 : explain SELECT k FROM sbtest2 WHERE k BETWEEN 4311967 AND 4312067
	Index Only Scan using k_2 on sbtest2  (cost=0.43..6.42 rows=99 width=4)
	  Index Cond: ((k >= 4311967) AND (k <= 4312067))

table 3 : explain SELECT k FROM sbtest3 WHERE k BETWEEN 4311967 AND 4312067
	Index Only Scan using k_3 on sbtest3  (cost=0.43..6.42 rows=99 width=4)
	  Index Cond: ((k >= 4311967) AND (k <= 4312067))

table 4 : explain SELECT k FROM sbtest4 WHERE k BETWEEN 4311967 AND 4312067
	Index Only Scan using k_4 on sbtest4  (cost=0.43..6.43 rows=100 width=4)
	  Index Cond: ((k >= 4311967) AND (k <= 4312067))

table 5 : explain SELECT k FROM sbtest5 WHERE k BETWEEN 4311967 AND 4312067
	Index Only Scan using k_5 on sbtest5  (cost=0.43..10.58 rows=107 width=4)
	  Index Cond: ((k >= 4311967) AND (k <= 4312067))

table 6 : explain SELECT k FROM sbtest6 WHERE k BETWEEN 4311967 AND 4312067
	Index Only Scan using k_6 on sbtest6  (cost=0.43..6.59 rows=108 width=4)
	  Index Cond: ((k >= 4311967) AND (k <= 4312067))

table 7 : explain SELECT k FROM sbtest7 WHERE k BETWEEN 4311967 AND 4312067
	Index Only Scan using k_7 on sbtest7  (cost=0.43..10.51 rows=104 width=4)
	  Index Cond: ((k >= 4311967) AND (k <= 4312067))

table 8 : explain SELECT k FROM sbtest8 WHERE k BETWEEN 4311967 AND 4312067
	Index Only Scan using k_8 on sbtest8  (cost=0.43..10.68 rows=112 width=4)
	  Index Cond: ((k >= 4311967) AND (k <= 4312067))

for range-covered
table 1 : explain SELECT k FROM sbtest1 WHERE k BETWEEN 5506915 AND 5507015
	Index Only Scan using k_1 on sbtest1  (cost=0.43..10.46 rows=101 width=4)
	  Index Cond: ((k >= 5506915) AND (k <= 5507015))

table 2 : explain SELECT k FROM sbtest2 WHERE k BETWEEN 5506915 AND 5507015
	Index Only Scan using k_2 on sbtest2  (cost=0.43..6.37 rows=97 width=4)
	  Index Cond: ((k >= 5506915) AND (k <= 5507015))

table 3 : explain SELECT k FROM sbtest3 WHERE k BETWEEN 5506915 AND 5507015
	Index Only Scan using k_3 on sbtest3  (cost=0.43..6.67 rows=112 width=4)
	  Index Cond: ((k >= 5506915) AND (k <= 5507015))

table 4 : explain SELECT k FROM sbtest4 WHERE k BETWEEN 5506915 AND 5507015
	Index Only Scan using k_4 on sbtest4  (cost=0.43..6.58 rows=107 width=4)
	  Index Cond: ((k >= 5506915) AND (k <= 5507015))

table 5 : explain SELECT k FROM sbtest5 WHERE k BETWEEN 5506915 AND 5507015
	Index Only Scan using k_5 on sbtest5  (cost=0.43..10.33 rows=95 width=4)
	  Index Cond: ((k >= 5506915) AND (k <= 5507015))

table 6 : explain SELECT k FROM sbtest6 WHERE k BETWEEN 5506915 AND 5507015
	Index Only Scan using k_6 on sbtest6  (cost=0.43..6.50 rows=103 width=4)
	  Index Cond: ((k >= 5506915) AND (k <= 5507015))

table 7 : explain SELECT k FROM sbtest7 WHERE k BETWEEN 5506915 AND 5507015
	Index Only Scan using k_7 on sbtest7  (cost=0.43..10.38 rows=97 width=4)
	  Index Cond: ((k >= 5506915) AND (k <= 5507015))

table 8 : explain SELECT k FROM sbtest8 WHERE k BETWEEN 5506915 AND 5507015
	Index Only Scan using k_8 on sbtest8  (cost=0.43..10.44 rows=100 width=4)
	  Index Cond: ((k >= 5506915) AND (k <= 5507015))

for range-covered
table 1 : explain SELECT k FROM sbtest1 WHERE k BETWEEN 7150491 AND 7150591
	Index Only Scan using k_1 on sbtest1  (cost=0.43..10.72 rows=114 width=4)
	  Index Cond: ((k >= 7150491) AND (k <= 7150591))

table 2 : explain SELECT k FROM sbtest2 WHERE k BETWEEN 7150491 AND 7150591
	Index Only Scan using k_2 on sbtest2  (cost=0.43..6.32 rows=94 width=4)
	  Index Cond: ((k >= 7150491) AND (k <= 7150591))

table 3 : explain SELECT k FROM sbtest3 WHERE k BETWEEN 7150491 AND 7150591
	Index Only Scan using k_3 on sbtest3  (cost=0.43..6.67 rows=112 width=4)
	  Index Cond: ((k >= 7150491) AND (k <= 7150591))

table 4 : explain SELECT k FROM sbtest4 WHERE k BETWEEN 7150491 AND 7150591
	Index Only Scan using k_4 on sbtest4  (cost=0.43..6.32 rows=94 width=4)
	  Index Cond: ((k >= 7150491) AND (k <= 7150591))

table 5 : explain SELECT k FROM sbtest5 WHERE k BETWEEN 7150491 AND 7150591
	Index Only Scan using k_5 on sbtest5  (cost=0.43..10.56 rows=106 width=4)
	  Index Cond: ((k >= 7150491) AND (k <= 7150591))

table 6 : explain SELECT k FROM sbtest6 WHERE k BETWEEN 7150491 AND 7150591
	Index Only Scan using k_6 on sbtest6  (cost=0.43..6.45 rows=101 width=4)
	  Index Cond: ((k >= 7150491) AND (k <= 7150591))

table 7 : explain SELECT k FROM sbtest7 WHERE k BETWEEN 7150491 AND 7150591
	Index Only Scan using k_7 on sbtest7  (cost=0.43..10.54 rows=105 width=4)
	  Index Cond: ((k >= 7150491) AND (k <= 7150591))

table 8 : explain SELECT k FROM sbtest8 WHERE k BETWEEN 7150491 AND 7150591
	Index Only Scan using k_8 on sbtest8  (cost=0.43..10.44 rows=100 width=4)
	  Index Cond: ((k >= 7150491) AND (k <= 7150591))

for range-covered
table 1 : explain SELECT k FROM sbtest1 WHERE k BETWEEN 6180341 AND 6180441
	Index Only Scan using k_1 on sbtest1  (cost=0.43..10.60 rows=108 width=4)
	  Index Cond: ((k >= 6180341) AND (k <= 6180441))

table 2 : explain SELECT k FROM sbtest2 WHERE k BETWEEN 6180341 AND 6180441
	Index Only Scan using k_2 on sbtest2  (cost=0.43..6.32 rows=94 width=4)
	  Index Cond: ((k >= 6180341) AND (k <= 6180441))

table 3 : explain SELECT k FROM sbtest3 WHERE k BETWEEN 6180341 AND 6180441
	Index Only Scan using k_3 on sbtest3  (cost=0.43..6.56 rows=106 width=4)
	  Index Cond: ((k >= 6180341) AND (k <= 6180441))

table 4 : explain SELECT k FROM sbtest4 WHERE k BETWEEN 6180341 AND 6180441
	Index Only Scan using k_4 on sbtest4  (cost=0.43..6.47 rows=102 width=4)
	  Index Cond: ((k >= 6180341) AND (k <= 6180441))

table 5 : explain SELECT k FROM sbtest5 WHERE k BETWEEN 6180341 AND 6180441
	Index Only Scan using k_5 on sbtest5  (cost=0.43..10.63 rows=110 width=4)
	  Index Cond: ((k >= 6180341) AND (k <= 6180441))

table 6 : explain SELECT k FROM sbtest6 WHERE k BETWEEN 6180341 AND 6180441
	Index Only Scan using k_6 on sbtest6  (cost=0.43..6.67 rows=112 width=4)
	  Index Cond: ((k >= 6180341) AND (k <= 6180441))

table 7 : explain SELECT k FROM sbtest7 WHERE k BETWEEN 6180341 AND 6180441
	Index Only Scan using k_7 on sbtest7  (cost=0.43..10.47 rows=102 width=4)
	  Index Cond: ((k >= 6180341) AND (k <= 6180441))

table 8 : explain SELECT k FROM sbtest8 WHERE k BETWEEN 6180341 AND 6180441
	Index Only Scan using k_8 on sbtest8  (cost=0.43..10.47 rows=102 width=4)
	  Index Cond: ((k >= 6180341) AND (k <= 6180441))

explain: for range-covered :: explain SELECT k FROM sbtest%d WHERE k BETWEEN 4311967 AND 4312067
explain: for range-covered :: explain SELECT k FROM sbtest%d WHERE k BETWEEN 5506915 AND 5507015
explain: for range-covered :: explain SELECT k FROM sbtest%d WHERE k BETWEEN 6180341 AND 6180441
explain: for range-covered :: explain SELECT k FROM sbtest%d WHERE k BETWEEN 7150491 AND 7150591
for range-covered
table 1 : explain SELECT k FROM sbtest1 WHERE k BETWEEN 6982553 AND 6982653
	Index Only Scan using k_1 on sbtest1  (cost=0.43..10.58 rows=107 width=4)
	  Index Cond: ((k >= 6982553) AND (k <= 6982653))

table 2 : explain SELECT k FROM sbtest2 WHERE k BETWEEN 6982553 AND 6982653
	Index Only Scan using k_2 on sbtest2  (cost=0.43..6.47 rows=102 width=4)
	  Index Cond: ((k >= 6982553) AND (k <= 6982653))

table 3 : explain SELECT k FROM sbtest3 WHERE k BETWEEN 6982553 AND 6982653
	Index Only Scan using k_3 on sbtest3  (cost=0.43..6.45 rows=101 width=4)
	  Index Cond: ((k >= 6982553) AND (k <= 6982653))

table 4 : explain SELECT k FROM sbtest4 WHERE k BETWEEN 6982553 AND 6982653
	Index Only Scan using k_4 on sbtest4  (cost=0.43..6.29 rows=93 width=4)
	  Index Cond: ((k >= 6982553) AND (k <= 6982653))

table 5 : explain SELECT k FROM sbtest5 WHERE k BETWEEN 6982553 AND 6982653
	Index Only Scan using k_5 on sbtest5  (cost=0.43..10.32 rows=94 width=4)
	  Index Cond: ((k >= 6982553) AND (k <= 6982653))

table 6 : explain SELECT k FROM sbtest6 WHERE k BETWEEN 6982553 AND 6982653
	Index Only Scan using k_6 on sbtest6  (cost=0.43..6.40 rows=98 width=4)
	  Index Cond: ((k >= 6982553) AND (k <= 6982653))

table 7 : explain SELECT k FROM sbtest7 WHERE k BETWEEN 6982553 AND 6982653
	Index Only Scan using k_7 on sbtest7  (cost=0.43..10.76 rows=116 width=4)
	  Index Cond: ((k >= 6982553) AND (k <= 6982653))

table 8 : explain SELECT k FROM sbtest8 WHERE k BETWEEN 6982553 AND 6982653
	Index Only Scan using k_8 on sbtest8  (cost=0.43..10.33 rows=95 width=4)
	  Index Cond: ((k >= 6982553) AND (k <= 6982653))

explain: for range-covered :: explain SELECT k FROM sbtest%d WHERE k BETWEEN 6982553 AND 6982653
for range-covered
table 1 : explain SELECT k FROM sbtest1 WHERE k BETWEEN 4465039 AND 4465139
	Index Only Scan using k_1 on sbtest1  (cost=0.43..10.47 rows=102 width=4)
	  Index Cond: ((k >= 4465039) AND (k <= 4465139))

table 2 : explain SELECT k FROM sbtest2 WHERE k BETWEEN 4465039 AND 4465139
	Index Only Scan using k_2 on sbtest2  (cost=0.43..6.43 rows=100 width=4)
	  Index Cond: ((k >= 4465039) AND (k <= 4465139))

table 3 : explain SELECT k FROM sbtest3 WHERE k BETWEEN 4465039 AND 4465139
	Index Only Scan using k_3 on sbtest3  (cost=0.43..6.58 rows=107 width=4)
	  Index Cond: ((k >= 4465039) AND (k <= 4465139))

table 4 : explain SELECT k FROM sbtest4 WHERE k BETWEEN 4465039 AND 4465139
	Index Only Scan using k_4 on sbtest4  (cost=0.43..6.53 rows=105 width=4)
	  Index Cond: ((k >= 4465039) AND (k <= 4465139))

table 5 : explain SELECT k FROM sbtest5 WHERE k BETWEEN 4465039 AND 4465139
	Index Only Scan using k_5 on sbtest5  (cost=0.43..10.36 rows=96 width=4)
	  Index Cond: ((k >= 4465039) AND (k <= 4465139))

table 6 : explain SELECT k FROM sbtest6 WHERE k BETWEEN 4465039 AND 4465139
	Index Only Scan using k_6 on sbtest6  (cost=0.43..6.67 rows=112 width=4)
	  Index Cond: ((k >= 4465039) AND (k <= 4465139))

table 7 : explain SELECT k FROM sbtest7 WHERE k BETWEEN 4465039 AND 4465139
	Index Only Scan using k_7 on sbtest7  (cost=0.43..10.74 rows=115 width=4)
	  Index Cond: ((k >= 4465039) AND (k <= 4465139))

table 8 : explain SELECT k FROM sbtest8 WHERE k BETWEEN 4465039 AND 4465139
	Index Only Scan using k_8 on sbtest8  (cost=0.43..10.47 rows=102 width=4)
	  Index Cond: ((k >= 4465039) AND (k <= 4465139))

explain: for range-covered :: explain SELECT k FROM sbtest%d WHERE k BETWEEN 4465039 AND 4465139
for range-covered
table 1 : explain SELECT k FROM sbtest1 WHERE k BETWEEN 5506915 AND 5507015
	Index Only Scan using k_1 on sbtest1  (cost=0.43..10.46 rows=101 width=4)
	  Index Cond: ((k >= 5506915) AND (k <= 5507015))

table 2 : explain SELECT k FROM sbtest2 WHERE k BETWEEN 5506915 AND 5507015
	Index Only Scan using k_2 on sbtest2  (cost=0.43..6.37 rows=97 width=4)
	  Index Cond: ((k >= 5506915) AND (k <= 5507015))

table 3 : explain SELECT k FROM sbtest3 WHERE k BETWEEN 5506915 AND 5507015
	Index Only Scan using k_3 on sbtest3  (cost=0.43..6.67 rows=112 width=4)
	  Index Cond: ((k >= 5506915) AND (k <= 5507015))

table 4 : explain SELECT k FROM sbtest4 WHERE k BETWEEN 5506915 AND 5507015
	Index Only Scan using k_4 on sbtest4  (cost=0.43..6.58 rows=107 width=4)
	  Index Cond: ((k >= 5506915) AND (k <= 5507015))

table 5 : explain SELECT k FROM sbtest5 WHERE k BETWEEN 5506915 AND 5507015
	Index Only Scan using k_5 on sbtest5  (cost=0.43..10.33 rows=95 width=4)
	  Index Cond: ((k >= 5506915) AND (k <= 5507015))

table 6 : explain SELECT k FROM sbtest6 WHERE k BETWEEN 5506915 AND 5507015
	Index Only Scan using k_6 on sbtest6  (cost=0.43..6.50 rows=103 width=4)
	  Index Cond: ((k >= 5506915) AND (k <= 5507015))

table 7 : explain SELECT k FROM sbtest7 WHERE k BETWEEN 5506915 AND 5507015
	Index Only Scan using k_7 on sbtest7  (cost=0.43..10.38 rows=97 width=4)
	  Index Cond: ((k >= 5506915) AND (k <= 5507015))

table 8 : explain SELECT k FROM sbtest8 WHERE k BETWEEN 5506915 AND 5507015
	Index Only Scan using k_8 on sbtest8  (cost=0.43..10.44 rows=100 width=4)
	  Index Cond: ((k >= 5506915) AND (k <= 5507015))

for range-covered
table 1 : explain SELECT k FROM sbtest1 WHERE k BETWEEN 4311967 AND 4312067
	Index Only Scan using k_1 on sbtest1  (cost=0.43..10.42 rows=99 width=4)
	  Index Cond: ((k >= 4311967) AND (k <= 4312067))

table 2 : explain SELECT k FROM sbtest2 WHERE k BETWEEN 4311967 AND 4312067
	Index Only Scan using k_2 on sbtest2  (cost=0.43..6.42 rows=99 width=4)
	  Index Cond: ((k >= 4311967) AND (k <= 4312067))

table 3 : explain SELECT k FROM sbtest3 WHERE k BETWEEN 4311967 AND 4312067
	Index Only Scan using k_3 on sbtest3  (cost=0.43..6.42 rows=99 width=4)
	  Index Cond: ((k >= 4311967) AND (k <= 4312067))

table 4 : explain SELECT k FROM sbtest4 WHERE k BETWEEN 4311967 AND 4312067
	Index Only Scan using k_4 on sbtest4  (cost=0.43..6.43 rows=100 width=4)
	  Index Cond: ((k >= 4311967) AND (k <= 4312067))

table 5 : explain SELECT k FROM sbtest5 WHERE k BETWEEN 4311967 AND 4312067
	Index Only Scan using k_5 on sbtest5  (cost=0.43..10.58 rows=107 width=4)
	  Index Cond: ((k >= 4311967) AND (k <= 4312067))

table 6 : explain SELECT k FROM sbtest6 WHERE k BETWEEN 4311967 AND 4312067
	Index Only Scan using k_6 on sbtest6  (cost=0.43..6.59 rows=108 width=4)
	  Index Cond: ((k >= 4311967) AND (k <= 4312067))

table 7 : explain SELECT k FROM sbtest7 WHERE k BETWEEN 4311967 AND 4312067
	Index Only Scan using k_7 on sbtest7  (cost=0.43..10.51 rows=104 width=4)
	  Index Cond: ((k >= 4311967) AND (k <= 4312067))

table 8 : explain SELECT k FROM sbtest8 WHERE k BETWEEN 4311967 AND 4312067
	Index Only Scan using k_8 on sbtest8  (cost=0.43..10.68 rows=112 width=4)
	  Index Cond: ((k >= 4311967) AND (k <= 4312067))

for range-covered
table 1 : explain SELECT k FROM sbtest1 WHERE k BETWEEN 6180341 AND 6180441
	Index Only Scan using k_1 on sbtest1  (cost=0.43..10.60 rows=108 width=4)
	  Index Cond: ((k >= 6180341) AND (k <= 6180441))

table 2 : explain SELECT k FROM sbtest2 WHERE k BETWEEN 6180341 AND 6180441
	Index Only Scan using k_2 on sbtest2  (cost=0.43..6.32 rows=94 width=4)
	  Index Cond: ((k >= 6180341) AND (k <= 6180441))

table 3 : explain SELECT k FROM sbtest3 WHERE k BETWEEN 6180341 AND 6180441
	Index Only Scan using k_3 on sbtest3  (cost=0.43..6.56 rows=106 width=4)
	  Index Cond: ((k >= 6180341) AND (k <= 6180441))

table 4 : explain SELECT k FROM sbtest4 WHERE k BETWEEN 6180341 AND 6180441
	Index Only Scan using k_4 on sbtest4  (cost=0.43..6.47 rows=102 width=4)
	  Index Cond: ((k >= 6180341) AND (k <= 6180441))

table 5 : explain SELECT k FROM sbtest5 WHERE k BETWEEN 6180341 AND 6180441
	Index Only Scan using k_5 on sbtest5  (cost=0.43..10.63 rows=110 width=4)
	  Index Cond: ((k >= 6180341) AND (k <= 6180441))

table 6 : explain SELECT k FROM sbtest6 WHERE k BETWEEN 6180341 AND 6180441
	Index Only Scan using k_6 on sbtest6  (cost=0.43..6.67 rows=112 width=4)
	  Index Cond: ((k >= 6180341) AND (k <= 6180441))

table 7 : explain SELECT k FROM sbtest7 WHERE k BETWEEN 6180341 AND 6180441
	Index Only Scan using k_7 on sbtest7  (cost=0.43..10.47 rows=102 width=4)
	  Index Cond: ((k >= 6180341) AND (k <= 6180441))

table 8 : explain SELECT k FROM sbtest8 WHERE k BETWEEN 6180341 AND 6180441
	Index Only Scan using k_8 on sbtest8  (cost=0.43..10.47 rows=102 width=4)
	  Index Cond: ((k >= 6180341) AND (k <= 6180441))

explain: for range-covered :: explain SELECT k FROM sbtest%d WHERE k BETWEEN 5506915 AND 5507015
explain: for range-covered :: explain SELECT k FROM sbtest%d WHERE k BETWEEN 4311967 AND 4312067
explain: for range-covered :: explain SELECT k FROM sbtest%d WHERE k BETWEEN 6180341 AND 6180441
for range-covered
table 1 : explain SELECT k FROM sbtest1 WHERE k BETWEEN 2450308 AND 2450408
	Index Only Scan using k_1 on sbtest1  (cost=0.43..10.38 rows=97 width=4)
	  Index Cond: ((k >= 2450308) AND (k <= 2450408))

table 2 : explain SELECT k FROM sbtest2 WHERE k BETWEEN 2450308 AND 2450408
	Index Only Scan using k_2 on sbtest2  (cost=0.43..6.47 rows=102 width=4)
	  Index Cond: ((k >= 2450308) AND (k <= 2450408))

table 3 : explain SELECT k FROM sbtest3 WHERE k BETWEEN 2450308 AND 2450408
	Index Only Scan using k_3 on sbtest3  (cost=0.43..6.51 rows=104 width=4)
	  Index Cond: ((k >= 2450308) AND (k <= 2450408))

table 4 : explain SELECT k FROM sbtest4 WHERE k BETWEEN 2450308 AND 2450408
	Index Only Scan using k_4 on sbtest4  (cost=0.43..6.42 rows=99 width=4)
	  Index Cond: ((k >= 2450308) AND (k <= 2450408))

table 5 : explain SELECT k FROM sbtest5 WHERE k BETWEEN 2450308 AND 2450408
	Index Only Scan using k_5 on sbtest5  (cost=0.43..10.51 rows=104 width=4)
	  Index Cond: ((k >= 2450308) AND (k <= 2450408))

table 6 : explain SELECT k FROM sbtest6 WHERE k BETWEEN 2450308 AND 2450408
	Index Only Scan using k_6 on sbtest6  (cost=0.43..6.43 rows=100 width=4)
	  Index Cond: ((k >= 2450308) AND (k <= 2450408))

table 7 : explain SELECT k FROM sbtest7 WHERE k BETWEEN 2450308 AND 2450408
	Index Only Scan using k_7 on sbtest7  (cost=0.43..10.50 rows=103 width=4)
	  Index Cond: ((k >= 2450308) AND (k <= 2450408))

table 8 : explain SELECT k FROM sbtest8 WHERE k BETWEEN 2450308 AND 2450408
	Index Only Scan using k_8 on sbtest8  (cost=0.43..10.38 rows=97 width=4)
	  Index Cond: ((k >= 2450308) AND (k <= 2450408))

for range-covered
table 1 : explain SELECT k FROM sbtest1 WHERE k BETWEEN 6982553 AND 6982653
	Index Only Scan using k_1 on sbtest1  (cost=0.43..10.58 rows=107 width=4)
	  Index Cond: ((k >= 6982553) AND (k <= 6982653))

table 2 : explain SELECT k FROM sbtest2 WHERE k BETWEEN 6982553 AND 6982653
	Index Only Scan using k_2 on sbtest2  (cost=0.43..6.47 rows=102 width=4)
	  Index Cond: ((k >= 6982553) AND (k <= 6982653))

table 3 : explain SELECT k FROM sbtest3 WHERE k BETWEEN 6982553 AND 6982653
	Index Only Scan using k_3 on sbtest3  (cost=0.43..6.45 rows=101 width=4)
	  Index Cond: ((k >= 6982553) AND (k <= 6982653))

table 4 : explain SELECT k FROM sbtest4 WHERE k BETWEEN 6982553 AND 6982653
	Index Only Scan using k_4 on sbtest4  (cost=0.43..6.29 rows=93 width=4)
	  Index Cond: ((k >= 6982553) AND (k <= 6982653))

table 5 : explain SELECT k FROM sbtest5 WHERE k BETWEEN 6982553 AND 6982653
	Index Only Scan using k_5 on sbtest5  (cost=0.43..10.32 rows=94 width=4)
	  Index Cond: ((k >= 6982553) AND (k <= 6982653))

table 6 : explain SELECT k FROM sbtest6 WHERE k BETWEEN 6982553 AND 6982653
	Index Only Scan using k_6 on sbtest6  (cost=0.43..6.40 rows=98 width=4)
	  Index Cond: ((k >= 6982553) AND (k <= 6982653))

table 7 : explain SELECT k FROM sbtest7 WHERE k BETWEEN 6982553 AND 6982653
	Index Only Scan using k_7 on sbtest7  (cost=0.43..10.76 rows=116 width=4)
	  Index Cond: ((k >= 6982553) AND (k <= 6982653))

table 8 : explain SELECT k FROM sbtest8 WHERE k BETWEEN 6982553 AND 6982653
	Index Only Scan using k_8 on sbtest8  (cost=0.43..10.33 rows=95 width=4)
	  Index Cond: ((k >= 6982553) AND (k <= 6982653))

explain: for range-covered :: explain SELECT k FROM sbtest%d WHERE k BETWEEN 6982553 AND 6982653
explain: for range-covered :: explain SELECT k FROM sbtest%d WHERE k BETWEEN 2450308 AND 2450408
for range-covered
table 1 : explain SELECT k FROM sbtest1 WHERE k BETWEEN 4465039 AND 4465139
	Index Only Scan using k_1 on sbtest1  (cost=0.43..10.47 rows=102 width=4)
	  Index Cond: ((k >= 4465039) AND (k <= 4465139))

table 2 : explain SELECT k FROM sbtest2 WHERE k BETWEEN 4465039 AND 4465139
	Index Only Scan using k_2 on sbtest2  (cost=0.43..6.43 rows=100 width=4)
	  Index Cond: ((k >= 4465039) AND (k <= 4465139))

table 3 : explain SELECT k FROM sbtest3 WHERE k BETWEEN 4465039 AND 4465139
	Index Only Scan using k_3 on sbtest3  (cost=0.43..6.58 rows=107 width=4)
	  Index Cond: ((k >= 4465039) AND (k <= 4465139))

table 4 : explain SELECT k FROM sbtest4 WHERE k BETWEEN 4465039 AND 4465139
	Index Only Scan using k_4 on sbtest4  (cost=0.43..6.53 rows=105 width=4)
	  Index Cond: ((k >= 4465039) AND (k <= 4465139))

table 5 : explain SELECT k FROM sbtest5 WHERE k BETWEEN 4465039 AND 4465139
	Index Only Scan using k_5 on sbtest5  (cost=0.43..10.36 rows=96 width=4)
	  Index Cond: ((k >= 4465039) AND (k <= 4465139))

table 6 : explain SELECT k FROM sbtest6 WHERE k BETWEEN 4465039 AND 4465139
	Index Only Scan using k_6 on sbtest6  (cost=0.43..6.67 rows=112 width=4)
	  Index Cond: ((k >= 4465039) AND (k <= 4465139))

table 7 : explain SELECT k FROM sbtest7 WHERE k BETWEEN 4465039 AND 4465139
	Index Only Scan using k_7 on sbtest7  (cost=0.43..10.74 rows=115 width=4)
	  Index Cond: ((k >= 4465039) AND (k <= 4465139))

table 8 : explain SELECT k FROM sbtest8 WHERE k BETWEEN 4465039 AND 4465139
	Index Only Scan using k_8 on sbtest8  (cost=0.43..10.47 rows=102 width=4)
	  Index Cond: ((k >= 4465039) AND (k <= 4465139))

for range-covered
table 1 : explain SELECT k FROM sbtest1 WHERE k BETWEEN 5506915 AND 5507015
	Index Only Scan using k_1 on sbtest1  (cost=0.43..10.46 rows=101 width=4)
	  Index Cond: ((k >= 5506915) AND (k <= 5507015))

table 2 : explain SELECT k FROM sbtest2 WHERE k BETWEEN 5506915 AND 5507015
	Index Only Scan using k_2 on sbtest2  (cost=0.43..6.37 rows=97 width=4)
	  Index Cond: ((k >= 5506915) AND (k <= 5507015))

table 3 : explain SELECT k FROM sbtest3 WHERE k BETWEEN 5506915 AND 5507015
	Index Only Scan using k_3 on sbtest3  (cost=0.43..6.67 rows=112 width=4)
	  Index Cond: ((k >= 5506915) AND (k <= 5507015))

table 4 : explain SELECT k FROM sbtest4 WHERE k BETWEEN 5506915 AND 5507015
	Index Only Scan using k_4 on sbtest4  (cost=0.43..6.58 rows=107 width=4)
	  Index Cond: ((k >= 5506915) AND (k <= 5507015))

table 5 : explain SELECT k FROM sbtest5 WHERE k BETWEEN 5506915 AND 5507015
	Index Only Scan using k_5 on sbtest5  (cost=0.43..10.33 rows=95 width=4)
	  Index Cond: ((k >= 5506915) AND (k <= 5507015))

table 6 : explain SELECT k FROM sbtest6 WHERE k BETWEEN 5506915 AND 5507015
	Index Only Scan using k_6 on sbtest6  (cost=0.43..6.50 rows=103 width=4)
	  Index Cond: ((k >= 5506915) AND (k <= 5507015))

table 7 : explain SELECT k FROM sbtest7 WHERE k BETWEEN 5506915 AND 5507015
	Index Only Scan using k_7 on sbtest7  (cost=0.43..10.38 rows=97 width=4)
	  Index Cond: ((k >= 5506915) AND (k <= 5507015))

table 8 : explain SELECT k FROM sbtest8 WHERE k BETWEEN 5506915 AND 5507015
	Index Only Scan using k_8 on sbtest8  (cost=0.43..10.44 rows=100 width=4)
	  Index Cond: ((k >= 5506915) AND (k <= 5507015))

for range-covered
table 1 : explain SELECT k FROM sbtest1 WHERE k BETWEEN 7150491 AND 7150591
	Index Only Scan using k_1 on sbtest1  (cost=0.43..10.72 rows=114 width=4)
	  Index Cond: ((k >= 7150491) AND (k <= 7150591))

table 2 : explain SELECT k FROM sbtest2 WHERE k BETWEEN 7150491 AND 7150591
	Index Only Scan using k_2 on sbtest2  (cost=0.43..6.32 rows=94 width=4)
	  Index Cond: ((k >= 7150491) AND (k <= 7150591))

table 3 : explain SELECT k FROM sbtest3 WHERE k BETWEEN 7150491 AND 7150591
	Index Only Scan using k_3 on sbtest3  (cost=0.43..6.67 rows=112 width=4)
	  Index Cond: ((k >= 7150491) AND (k <= 7150591))

table 4 : explain SELECT k FROM sbtest4 WHERE k BETWEEN 7150491 AND 7150591
	Index Only Scan using k_4 on sbtest4  (cost=0.43..6.32 rows=94 width=4)
	  Index Cond: ((k >= 7150491) AND (k <= 7150591))

table 5 : explain SELECT k FROM sbtest5 WHERE k BETWEEN 7150491 AND 7150591
	Index Only Scan using k_5 on sbtest5  (cost=0.43..10.56 rows=106 width=4)
	  Index Cond: ((k >= 7150491) AND (k <= 7150591))

table 6 : explain SELECT k FROM sbtest6 WHERE k BETWEEN 7150491 AND 7150591
	Index Only Scan using k_6 on sbtest6  (cost=0.43..6.45 rows=101 width=4)
	  Index Cond: ((k >= 7150491) AND (k <= 7150591))

table 7 : explain SELECT k FROM sbtest7 WHERE k BETWEEN 7150491 AND 7150591
	Index Only Scan using k_7 on sbtest7  (cost=0.43..10.54 rows=105 width=4)
	  Index Cond: ((k >= 7150491) AND (k <= 7150591))

table 8 : explain SELECT k FROM sbtest8 WHERE k BETWEEN 7150491 AND 7150591
	Index Only Scan using k_8 on sbtest8  (cost=0.43..10.44 rows=100 width=4)
	  Index Cond: ((k >= 7150491) AND (k <= 7150591))

for range-covered
table 1 : explain SELECT k FROM sbtest1 WHERE k BETWEEN 6180341 AND 6180441
	Index Only Scan using k_1 on sbtest1  (cost=0.43..10.60 rows=108 width=4)
	  Index Cond: ((k >= 6180341) AND (k <= 6180441))

table 2 : explain SELECT k FROM sbtest2 WHERE k BETWEEN 6180341 AND 6180441
	Index Only Scan using k_2 on sbtest2  (cost=0.43..6.32 rows=94 width=4)
	  Index Cond: ((k >= 6180341) AND (k <= 6180441))

table 3 : explain SELECT k FROM sbtest3 WHERE k BETWEEN 6180341 AND 6180441
	Index Only Scan using k_3 on sbtest3  (cost=0.43..6.56 rows=106 width=4)
	  Index Cond: ((k >= 6180341) AND (k <= 6180441))

table 4 : explain SELECT k FROM sbtest4 WHERE k BETWEEN 6180341 AND 6180441
	Index Only Scan using k_4 on sbtest4  (cost=0.43..6.47 rows=102 width=4)
	  Index Cond: ((k >= 6180341) AND (k <= 6180441))

table 5 : explain SELECT k FROM sbtest5 WHERE k BETWEEN 6180341 AND 6180441
	Index Only Scan using k_5 on sbtest5  (cost=0.43..10.63 rows=110 width=4)
	  Index Cond: ((k >= 6180341) AND (k <= 6180441))

table 6 : explain SELECT k FROM sbtest6 WHERE k BETWEEN 6180341 AND 6180441
	Index Only Scan using k_6 on sbtest6  (cost=0.43..6.67 rows=112 width=4)
	  Index Cond: ((k >= 6180341) AND (k <= 6180441))

table 7 : explain SELECT k FROM sbtest7 WHERE k BETWEEN 6180341 AND 6180441
	Index Only Scan using k_7 on sbtest7  (cost=0.43..10.47 rows=102 width=4)
	  Index Cond: ((k >= 6180341) AND (k <= 6180441))

table 8 : explain SELECT k FROM sbtest8 WHERE k BETWEEN 6180341 AND 6180441
	Index Only Scan using k_8 on sbtest8  (cost=0.43..10.47 rows=102 width=4)
	  Index Cond: ((k >= 6180341) AND (k <= 6180441))

for range-covered
table 1 : explain SELECT k FROM sbtest1 WHERE k BETWEEN 4311967 AND 4312067
	Index Only Scan using k_1 on sbtest1  (cost=0.43..10.42 rows=99 width=4)
	  Index Cond: ((k >= 4311967) AND (k <= 4312067))

table 2 : explain SELECT k FROM sbtest2 WHERE k BETWEEN 4311967 AND 4312067
	Index Only Scan using k_2 on sbtest2  (cost=0.43..6.42 rows=99 width=4)
	  Index Cond: ((k >= 4311967) AND (k <= 4312067))

table 3 : explain SELECT k FROM sbtest3 WHERE k BETWEEN 4311967 AND 4312067
	Index Only Scan using k_3 on sbtest3  (cost=0.43..6.42 rows=99 width=4)
	  Index Cond: ((k >= 4311967) AND (k <= 4312067))

table 4 : explain SELECT k FROM sbtest4 WHERE k BETWEEN 4311967 AND 4312067
	Index Only Scan using k_4 on sbtest4  (cost=0.43..6.43 rows=100 width=4)
	  Index Cond: ((k >= 4311967) AND (k <= 4312067))

table 5 : explain SELECT k FROM sbtest5 WHERE k BETWEEN 4311967 AND 4312067
	Index Only Scan using k_5 on sbtest5  (cost=0.43..10.58 rows=107 width=4)
	  Index Cond: ((k >= 4311967) AND (k <= 4312067))

table 6 : explain SELECT k FROM sbtest6 WHERE k BETWEEN 4311967 AND 4312067
	Index Only Scan using k_6 on sbtest6  (cost=0.43..6.59 rows=108 width=4)
	  Index Cond: ((k >= 4311967) AND (k <= 4312067))

table 7 : explain SELECT k FROM sbtest7 WHERE k BETWEEN 4311967 AND 4312067
	Index Only Scan using k_7 on sbtest7  (cost=0.43..10.51 rows=104 width=4)
	  Index Cond: ((k >= 4311967) AND (k <= 4312067))

table 8 : explain SELECT k FROM sbtest8 WHERE k BETWEEN 4311967 AND 4312067
	Index Only Scan using k_8 on sbtest8  (cost=0.43..10.68 rows=112 width=4)
	  Index Cond: ((k >= 4311967) AND (k <= 4312067))

explain: for range-covered :: explain SELECT k FROM sbtest%d WHERE k BETWEEN 5506915 AND 5507015
explain: for range-covered :: explain SELECT k FROM sbtest%d WHERE k BETWEEN 6180341 AND 6180441
for range-covered
table 1 : explain SELECT k FROM sbtest1 WHERE k BETWEEN 3815382 AND 3815482
	Index Only Scan using k_1 on sbtest1  (cost=0.43..10.33 rows=95 width=4)
	  Index Cond: ((k >= 3815382) AND (k <= 3815482))

table 2 : explain SELECT k FROM sbtest2 WHERE k BETWEEN 3815382 AND 3815482
	Index Only Scan using k_2 on sbtest2  (cost=0.43..6.47 rows=102 width=4)
	  Index Cond: ((k >= 3815382) AND (k <= 3815482))

table 3 : explain SELECT k FROM sbtest3 WHERE k BETWEEN 3815382 AND 3815482
	Index Only Scan using k_3 on sbtest3  (cost=0.43..6.45 rows=101 width=4)
	  Index Cond: ((k >= 3815382) AND (k <= 3815482))

table 4 : explain SELECT k FROM sbtest4 WHERE k BETWEEN 3815382 AND 3815482
	Index Only Scan using k_4 on sbtest4  (cost=0.43..6.51 rows=104 width=4)
	  Index Cond: ((k >= 3815382) AND (k <= 3815482))

table 5 : explain SELECT k FROM sbtest5 WHERE k BETWEEN 3815382 AND 3815482
	Index Only Scan using k_5 on sbtest5  (cost=0.43..10.44 rows=100 width=4)
	  Index Cond: ((k >= 3815382) AND (k <= 3815482))

table 6 : explain SELECT k FROM sbtest6 WHERE k BETWEEN 3815382 AND 3815482
	Index Only Scan using k_6 on sbtest6  (cost=0.43..6.53 rows=105 width=4)
	  Index Cond: ((k >= 3815382) AND (k <= 3815482))

table 7 : explain SELECT k FROM sbtest7 WHERE k BETWEEN 3815382 AND 3815482
	Index Only Scan using k_7 on sbtest7  (cost=0.43..10.60 rows=108 width=4)
	  Index Cond: ((k >= 3815382) AND (k <= 3815482))

table 8 : explain SELECT k FROM sbtest8 WHERE k BETWEEN 3815382 AND 3815482
	Index Only Scan using k_8 on sbtest8  (cost=0.43..10.33 rows=95 width=4)
	  Index Cond: ((k >= 3815382) AND (k <= 3815482))

explain: for range-covered :: explain SELECT k FROM sbtest%d WHERE k BETWEEN 4311967 AND 4312067
explain: for range-covered :: explain SELECT k FROM sbtest%d WHERE k BETWEEN 7150491 AND 7150591
explain: for range-covered :: explain SELECT k FROM sbtest%d WHERE k BETWEEN 3815382 AND 3815482
for range-covered
table 1 : explain SELECT k FROM sbtest1 WHERE k BETWEEN 6982553 AND 6982653
	Index Only Scan using k_1 on sbtest1  (cost=0.43..10.58 rows=107 width=4)
	  Index Cond: ((k >= 6982553) AND (k <= 6982653))

table 2 : explain SELECT k FROM sbtest2 WHERE k BETWEEN 6982553 AND 6982653
	Index Only Scan using k_2 on sbtest2  (cost=0.43..6.47 rows=102 width=4)
	  Index Cond: ((k >= 6982553) AND (k <= 6982653))

table 3 : explain SELECT k FROM sbtest3 WHERE k BETWEEN 6982553 AND 6982653
	Index Only Scan using k_3 on sbtest3  (cost=0.43..6.45 rows=101 width=4)
	  Index Cond: ((k >= 6982553) AND (k <= 6982653))

table 4 : explain SELECT k FROM sbtest4 WHERE k BETWEEN 6982553 AND 6982653
	Index Only Scan using k_4 on sbtest4  (cost=0.43..6.29 rows=93 width=4)
	  Index Cond: ((k >= 6982553) AND (k <= 6982653))

table 5 : explain SELECT k FROM sbtest5 WHERE k BETWEEN 6982553 AND 6982653
	Index Only Scan using k_5 on sbtest5  (cost=0.43..10.32 rows=94 width=4)
	  Index Cond: ((k >= 6982553) AND (k <= 6982653))

table 6 : explain SELECT k FROM sbtest6 WHERE k BETWEEN 6982553 AND 6982653
	Index Only Scan using k_6 on sbtest6  (cost=0.43..6.40 rows=98 width=4)
	  Index Cond: ((k >= 6982553) AND (k <= 6982653))

table 7 : explain SELECT k FROM sbtest7 WHERE k BETWEEN 6982553 AND 6982653
	Index Only Scan using k_7 on sbtest7  (cost=0.43..10.76 rows=116 width=4)
	  Index Cond: ((k >= 6982553) AND (k <= 6982653))

table 8 : explain SELECT k FROM sbtest8 WHERE k BETWEEN 6982553 AND 6982653
	Index Only Scan using k_8 on sbtest8  (cost=0.43..10.33 rows=95 width=4)
	  Index Cond: ((k >= 6982553) AND (k <= 6982653))

explain: for range-covered :: explain SELECT k FROM sbtest%d WHERE k BETWEEN 6982553 AND 6982653
explain: for range-covered :: explain SELECT k FROM sbtest%d WHERE k BETWEEN 6460789 AND 6460889
for range-covered
table 1 : explain SELECT k FROM sbtest1 WHERE k BETWEEN 5506915 AND 5507015
	Index Only Scan using k_1 on sbtest1  (cost=0.43..10.46 rows=101 width=4)
	  Index Cond: ((k >= 5506915) AND (k <= 5507015))

table 2 : explain SELECT k FROM sbtest2 WHERE k BETWEEN 5506915 AND 5507015
	Index Only Scan using k_2 on sbtest2  (cost=0.43..6.37 rows=97 width=4)
	  Index Cond: ((k >= 5506915) AND (k <= 5507015))

table 3 : explain SELECT k FROM sbtest3 WHERE k BETWEEN 5506915 AND 5507015
	Index Only Scan using k_3 on sbtest3  (cost=0.43..6.67 rows=112 width=4)
	  Index Cond: ((k >= 5506915) AND (k <= 5507015))

table 4 : explain SELECT k FROM sbtest4 WHERE k BETWEEN 5506915 AND 5507015
	Index Only Scan using k_4 on sbtest4  (cost=0.43..6.58 rows=107 width=4)
	  Index Cond: ((k >= 5506915) AND (k <= 5507015))

table 5 : explain SELECT k FROM sbtest5 WHERE k BETWEEN 5506915 AND 5507015
	Index Only Scan using k_5 on sbtest5  (cost=0.43..10.33 rows=95 width=4)
	  Index Cond: ((k >= 5506915) AND (k <= 5507015))

table 6 : explain SELECT k FROM sbtest6 WHERE k BETWEEN 5506915 AND 5507015
	Index Only Scan using k_6 on sbtest6  (cost=0.43..6.50 rows=103 width=4)
	  Index Cond: ((k >= 5506915) AND (k <= 5507015))

table 7 : explain SELECT k FROM sbtest7 WHERE k BETWEEN 5506915 AND 5507015
	Index Only Scan using k_7 on sbtest7  (cost=0.43..10.38 rows=97 width=4)
	  Index Cond: ((k >= 5506915) AND (k <= 5507015))

table 8 : explain SELECT k FROM sbtest8 WHERE k BETWEEN 5506915 AND 5507015
	Index Only Scan using k_8 on sbtest8  (cost=0.43..10.44 rows=100 width=4)
	  Index Cond: ((k >= 5506915) AND (k <= 5507015))

for range-covered
table 1 : explain SELECT k FROM sbtest1 WHERE k BETWEEN 6180341 AND 6180441
	Index Only Scan using k_1 on sbtest1  (cost=0.43..10.60 rows=108 width=4)
	  Index Cond: ((k >= 6180341) AND (k <= 6180441))

table 2 : explain SELECT k FROM sbtest2 WHERE k BETWEEN 6180341 AND 6180441
	Index Only Scan using k_2 on sbtest2  (cost=0.43..6.32 rows=94 width=4)
	  Index Cond: ((k >= 6180341) AND (k <= 6180441))

table 3 : explain SELECT k FROM sbtest3 WHERE k BETWEEN 6180341 AND 6180441
	Index Only Scan using k_3 on sbtest3  (cost=0.43..6.56 rows=106 width=4)
	  Index Cond: ((k >= 6180341) AND (k <= 6180441))

table 4 : explain SELECT k FROM sbtest4 WHERE k BETWEEN 6180341 AND 6180441
	Index Only Scan using k_4 on sbtest4  (cost=0.43..6.47 rows=102 width=4)
	  Index Cond: ((k >= 6180341) AND (k <= 6180441))

table 5 : explain SELECT k FROM sbtest5 WHERE k BETWEEN 6180341 AND 6180441
	Index Only Scan using k_5 on sbtest5  (cost=0.43..10.63 rows=110 width=4)
	  Index Cond: ((k >= 6180341) AND (k <= 6180441))

table 6 : explain SELECT k FROM sbtest6 WHERE k BETWEEN 6180341 AND 6180441
	Index Only Scan using k_6 on sbtest6  (cost=0.43..6.67 rows=112 width=4)
	  Index Cond: ((k >= 6180341) AND (k <= 6180441))

table 7 : explain SELECT k FROM sbtest7 WHERE k BETWEEN 6180341 AND 6180441
	Index Only Scan using k_7 on sbtest7  (cost=0.43..10.47 rows=102 width=4)
	  Index Cond: ((k >= 6180341) AND (k <= 6180441))

table 8 : explain SELECT k FROM sbtest8 WHERE k BETWEEN 6180341 AND 6180441
	Index Only Scan using k_8 on sbtest8  (cost=0.43..10.47 rows=102 width=4)
	  Index Cond: ((k >= 6180341) AND (k <= 6180441))

explain: for range-covered :: explain SELECT k FROM sbtest%d WHERE k BETWEEN 5506915 AND 5507015
explain: for range-covered :: explain SELECT k FROM sbtest%d WHERE k BETWEEN 6180341 AND 6180441
for range-covered
table 1 : explain SELECT k FROM sbtest1 WHERE k BETWEEN 4311967 AND 4312067
	Index Only Scan using k_1 on sbtest1  (cost=0.43..10.42 rows=99 width=4)
	  Index Cond: ((k >= 4311967) AND (k <= 4312067))

table 2 : explain SELECT k FROM sbtest2 WHERE k BETWEEN 4311967 AND 4312067
	Index Only Scan using k_2 on sbtest2  (cost=0.43..6.42 rows=99 width=4)
	  Index Cond: ((k >= 4311967) AND (k <= 4312067))

table 3 : explain SELECT k FROM sbtest3 WHERE k BETWEEN 4311967 AND 4312067
	Index Only Scan using k_3 on sbtest3  (cost=0.43..6.42 rows=99 width=4)
	  Index Cond: ((k >= 4311967) AND (k <= 4312067))

table 4 : explain SELECT k FROM sbtest4 WHERE k BETWEEN 4311967 AND 4312067
	Index Only Scan using k_4 on sbtest4  (cost=0.43..6.43 rows=100 width=4)
	  Index Cond: ((k >= 4311967) AND (k <= 4312067))

table 5 : explain SELECT k FROM sbtest5 WHERE k BETWEEN 4311967 AND 4312067
	Index Only Scan using k_5 on sbtest5  (cost=0.43..10.58 rows=107 width=4)
	  Index Cond: ((k >= 4311967) AND (k <= 4312067))

table 6 : explain SELECT k FROM sbtest6 WHERE k BETWEEN 4311967 AND 4312067
	Index Only Scan using k_6 on sbtest6  (cost=0.43..6.59 rows=108 width=4)
	  Index Cond: ((k >= 4311967) AND (k <= 4312067))

table 7 : explain SELECT k FROM sbtest7 WHERE k BETWEEN 4311967 AND 4312067
	Index Only Scan using k_7 on sbtest7  (cost=0.43..10.51 rows=104 width=4)
	  Index Cond: ((k >= 4311967) AND (k <= 4312067))

table 8 : explain SELECT k FROM sbtest8 WHERE k BETWEEN 4311967 AND 4312067
	Index Only Scan using k_8 on sbtest8  (cost=0.43..10.68 rows=112 width=4)
	  Index Cond: ((k >= 4311967) AND (k <= 4312067))

explain: for range-covered :: explain SELECT k FROM sbtest%d WHERE k BETWEEN 4311967 AND 4312067
for range-covered
table 1 : explain SELECT k FROM sbtest1 WHERE k BETWEEN 3815382 AND 3815482
	Index Only Scan using k_1 on sbtest1  (cost=0.43..10.33 rows=95 width=4)
	  Index Cond: ((k >= 3815382) AND (k <= 3815482))

table 2 : explain SELECT k FROM sbtest2 WHERE k BETWEEN 3815382 AND 3815482
	Index Only Scan using k_2 on sbtest2  (cost=0.43..6.47 rows=102 width=4)
	  Index Cond: ((k >= 3815382) AND (k <= 3815482))

table 3 : explain SELECT k FROM sbtest3 WHERE k BETWEEN 3815382 AND 3815482
	Index Only Scan using k_3 on sbtest3  (cost=0.43..6.45 rows=101 width=4)
	  Index Cond: ((k >= 3815382) AND (k <= 3815482))

table 4 : explain SELECT k FROM sbtest4 WHERE k BETWEEN 3815382 AND 3815482
	Index Only Scan using k_4 on sbtest4  (cost=0.43..6.51 rows=104 width=4)
	  Index Cond: ((k >= 3815382) AND (k <= 3815482))

table 5 : explain SELECT k FROM sbtest5 WHERE k BETWEEN 3815382 AND 3815482
	Index Only Scan using k_5 on sbtest5  (cost=0.43..10.44 rows=100 width=4)
	  Index Cond: ((k >= 3815382) AND (k <= 3815482))

table 6 : explain SELECT k FROM sbtest6 WHERE k BETWEEN 3815382 AND 3815482
	Index Only Scan using k_6 on sbtest6  (cost=0.43..6.53 rows=105 width=4)
	  Index Cond: ((k >= 3815382) AND (k <= 3815482))

table 7 : explain SELECT k FROM sbtest7 WHERE k BETWEEN 3815382 AND 3815482
	Index Only Scan using k_7 on sbtest7  (cost=0.43..10.60 rows=108 width=4)
	  Index Cond: ((k >= 3815382) AND (k <= 3815482))

table 8 : explain SELECT k FROM sbtest8 WHERE k BETWEEN 3815382 AND 3815482
	Index Only Scan using k_8 on sbtest8  (cost=0.43..10.33 rows=95 width=4)
	  Index Cond: ((k >= 3815382) AND (k <= 3815482))

explain: for range-covered :: explain SELECT k FROM sbtest%d WHERE k BETWEEN 3815382 AND 3815482
for range-covered
table 1 : explain SELECT k FROM sbtest1 WHERE k BETWEEN 2450308 AND 2450408
	Index Only Scan using k_1 on sbtest1  (cost=0.43..10.38 rows=97 width=4)
	  Index Cond: ((k >= 2450308) AND (k <= 2450408))

table 2 : explain SELECT k FROM sbtest2 WHERE k BETWEEN 2450308 AND 2450408
	Index Only Scan using k_2 on sbtest2  (cost=0.43..6.47 rows=102 width=4)
	  Index Cond: ((k >= 2450308) AND (k <= 2450408))

table 3 : explain SELECT k FROM sbtest3 WHERE k BETWEEN 2450308 AND 2450408
	Index Only Scan using k_3 on sbtest3  (cost=0.43..6.51 rows=104 width=4)
	  Index Cond: ((k >= 2450308) AND (k <= 2450408))

table 4 : explain SELECT k FROM sbtest4 WHERE k BETWEEN 2450308 AND 2450408
	Index Only Scan using k_4 on sbtest4  (cost=0.43..6.42 rows=99 width=4)
	  Index Cond: ((k >= 2450308) AND (k <= 2450408))

table 5 : explain SELECT k FROM sbtest5 WHERE k BETWEEN 2450308 AND 2450408
	Index Only Scan using k_5 on sbtest5  (cost=0.43..10.51 rows=104 width=4)
	  Index Cond: ((k >= 2450308) AND (k <= 2450408))

table 6 : explain SELECT k FROM sbtest6 WHERE k BETWEEN 2450308 AND 2450408
	Index Only Scan using k_6 on sbtest6  (cost=0.43..6.43 rows=100 width=4)
	  Index Cond: ((k >= 2450308) AND (k <= 2450408))

table 7 : explain SELECT k FROM sbtest7 WHERE k BETWEEN 2450308 AND 2450408
	Index Only Scan using k_7 on sbtest7  (cost=0.43..10.50 rows=103 width=4)
	  Index Cond: ((k >= 2450308) AND (k <= 2450408))

table 8 : explain SELECT k FROM sbtest8 WHERE k BETWEEN 2450308 AND 2450408
	Index Only Scan using k_8 on sbtest8  (cost=0.43..10.38 rows=97 width=4)
	  Index Cond: ((k >= 2450308) AND (k <= 2450408))

for range-covered
table 1 : explain SELECT k FROM sbtest1 WHERE k BETWEEN 6982553 AND 6982653
	Index Only Scan using k_1 on sbtest1  (cost=0.43..10.58 rows=107 width=4)
	  Index Cond: ((k >= 6982553) AND (k <= 6982653))

table 2 : explain SELECT k FROM sbtest2 WHERE k BETWEEN 6982553 AND 6982653
	Index Only Scan using k_2 on sbtest2  (cost=0.43..6.47 rows=102 width=4)
	  Index Cond: ((k >= 6982553) AND (k <= 6982653))

table 3 : explain SELECT k FROM sbtest3 WHERE k BETWEEN 6982553 AND 6982653
	Index Only Scan using k_3 on sbtest3  (cost=0.43..6.45 rows=101 width=4)
	  Index Cond: ((k >= 6982553) AND (k <= 6982653))

table 4 : explain SELECT k FROM sbtest4 WHERE k BETWEEN 6982553 AND 6982653
	Index Only Scan using k_4 on sbtest4  (cost=0.43..6.29 rows=93 width=4)
	  Index Cond: ((k >= 6982553) AND (k <= 6982653))

table 5 : explain SELECT k FROM sbtest5 WHERE k BETWEEN 6982553 AND 6982653
	Index Only Scan using k_5 on sbtest5  (cost=0.43..10.32 rows=94 width=4)
	  Index Cond: ((k >= 6982553) AND (k <= 6982653))

table 6 : explain SELECT k FROM sbtest6 WHERE k BETWEEN 6982553 AND 6982653
	Index Only Scan using k_6 on sbtest6  (cost=0.43..6.40 rows=98 width=4)
	  Index Cond: ((k >= 6982553) AND (k <= 6982653))

table 7 : explain SELECT k FROM sbtest7 WHERE k BETWEEN 6982553 AND 6982653
	Index Only Scan using k_7 on sbtest7  (cost=0.43..10.76 rows=116 width=4)
	  Index Cond: ((k >= 6982553) AND (k <= 6982653))

table 8 : explain SELECT k FROM sbtest8 WHERE k BETWEEN 6982553 AND 6982653
	Index Only Scan using k_8 on sbtest8  (cost=0.43..10.33 rows=95 width=4)
	  Index Cond: ((k >= 6982553) AND (k <= 6982653))

explain: for range-covered :: explain SELECT k FROM sbtest%d WHERE k BETWEEN 2450308 AND 2450408
for range-covered
table 1 : explain SELECT k FROM sbtest1 WHERE k BETWEEN 5506915 AND 5507015
	Index Only Scan using k_1 on sbtest1  (cost=0.43..10.46 rows=101 width=4)
	  Index Cond: ((k >= 5506915) AND (k <= 5507015))

table 2 : explain SELECT k FROM sbtest2 WHERE k BETWEEN 5506915 AND 5507015
	Index Only Scan using k_2 on sbtest2  (cost=0.43..6.37 rows=97 width=4)
	  Index Cond: ((k >= 5506915) AND (k <= 5507015))

table 3 : explain SELECT k FROM sbtest3 WHERE k BETWEEN 5506915 AND 5507015
	Index Only Scan using k_3 on sbtest3  (cost=0.43..6.67 rows=112 width=4)
	  Index Cond: ((k >= 5506915) AND (k <= 5507015))

table 4 : explain SELECT k FROM sbtest4 WHERE k BETWEEN 5506915 AND 5507015
	Index Only Scan using k_4 on sbtest4  (cost=0.43..6.58 rows=107 width=4)
	  Index Cond: ((k >= 5506915) AND (k <= 5507015))

table 5 : explain SELECT k FROM sbtest5 WHERE k BETWEEN 5506915 AND 5507015
	Index Only Scan using k_5 on sbtest5  (cost=0.43..10.33 rows=95 width=4)
	  Index Cond: ((k >= 5506915) AND (k <= 5507015))

table 6 : explain SELECT k FROM sbtest6 WHERE k BETWEEN 5506915 AND 5507015
	Index Only Scan using k_6 on sbtest6  (cost=0.43..6.50 rows=103 width=4)
	  Index Cond: ((k >= 5506915) AND (k <= 5507015))

table 7 : explain SELECT k FROM sbtest7 WHERE k BETWEEN 5506915 AND 5507015
	Index Only Scan using k_7 on sbtest7  (cost=0.43..10.38 rows=97 width=4)
	  Index Cond: ((k >= 5506915) AND (k <= 5507015))

table 8 : explain SELECT k FROM sbtest8 WHERE k BETWEEN 5506915 AND 5507015
	Index Only Scan using k_8 on sbtest8  (cost=0.43..10.44 rows=100 width=4)
	  Index Cond: ((k >= 5506915) AND (k <= 5507015))

explain: for range-covered :: explain SELECT k FROM sbtest%d WHERE k BETWEEN 5506915 AND 5507015
for range-covered
table 1 : explain SELECT k FROM sbtest1 WHERE k BETWEEN 6180341 AND 6180441
	Index Only Scan using k_1 on sbtest1  (cost=0.43..10.60 rows=108 width=4)
	  Index Cond: ((k >= 6180341) AND (k <= 6180441))

table 2 : explain SELECT k FROM sbtest2 WHERE k BETWEEN 6180341 AND 6180441
	Index Only Scan using k_2 on sbtest2  (cost=0.43..6.32 rows=94 width=4)
	  Index Cond: ((k >= 6180341) AND (k <= 6180441))

table 3 : explain SELECT k FROM sbtest3 WHERE k BETWEEN 6180341 AND 6180441
	Index Only Scan using k_3 on sbtest3  (cost=0.43..6.56 rows=106 width=4)
	  Index Cond: ((k >= 6180341) AND (k <= 6180441))

table 4 : explain SELECT k FROM sbtest4 WHERE k BETWEEN 6180341 AND 6180441
	Index Only Scan using k_4 on sbtest4  (cost=0.43..6.47 rows=102 width=4)
	  Index Cond: ((k >= 6180341) AND (k <= 6180441))

table 5 : explain SELECT k FROM sbtest5 WHERE k BETWEEN 6180341 AND 6180441
	Index Only Scan using k_5 on sbtest5  (cost=0.43..10.63 rows=110 width=4)
	  Index Cond: ((k >= 6180341) AND (k <= 6180441))

table 6 : explain SELECT k FROM sbtest6 WHERE k BETWEEN 6180341 AND 6180441
	Index Only Scan using k_6 on sbtest6  (cost=0.43..6.67 rows=112 width=4)
	  Index Cond: ((k >= 6180341) AND (k <= 6180441))

table 7 : explain SELECT k FROM sbtest7 WHERE k BETWEEN 6180341 AND 6180441
	Index Only Scan using k_7 on sbtest7  (cost=0.43..10.47 rows=102 width=4)
	  Index Cond: ((k >= 6180341) AND (k <= 6180441))

table 8 : explain SELECT k FROM sbtest8 WHERE k BETWEEN 6180341 AND 6180441
	Index Only Scan using k_8 on sbtest8  (cost=0.43..10.47 rows=102 width=4)
	  Index Cond: ((k >= 6180341) AND (k <= 6180441))

for range-covered
table 1 : explain SELECT k FROM sbtest1 WHERE k BETWEEN 4311967 AND 4312067
	Index Only Scan using k_1 on sbtest1  (cost=0.43..10.42 rows=99 width=4)
	  Index Cond: ((k >= 4311967) AND (k <= 4312067))

table 2 : explain SELECT k FROM sbtest2 WHERE k BETWEEN 4311967 AND 4312067
	Index Only Scan using k_2 on sbtest2  (cost=0.43..6.42 rows=99 width=4)
	  Index Cond: ((k >= 4311967) AND (k <= 4312067))

table 3 : explain SELECT k FROM sbtest3 WHERE k BETWEEN 4311967 AND 4312067
	Index Only Scan using k_3 on sbtest3  (cost=0.43..6.42 rows=99 width=4)
	  Index Cond: ((k >= 4311967) AND (k <= 4312067))

table 4 : explain SELECT k FROM sbtest4 WHERE k BETWEEN 4311967 AND 4312067
	Index Only Scan using k_4 on sbtest4  (cost=0.43..6.43 rows=100 width=4)
	  Index Cond: ((k >= 4311967) AND (k <= 4312067))

table 5 : explain SELECT k FROM sbtest5 WHERE k BETWEEN 4311967 AND 4312067
	Index Only Scan using k_5 on sbtest5  (cost=0.43..10.58 rows=107 width=4)
	  Index Cond: ((k >= 4311967) AND (k <= 4312067))

table 6 : explain SELECT k FROM sbtest6 WHERE k BETWEEN 4311967 AND 4312067
	Index Only Scan using k_6 on sbtest6  (cost=0.43..6.59 rows=108 width=4)
	  Index Cond: ((k >= 4311967) AND (k <= 4312067))

table 7 : explain SELECT k FROM sbtest7 WHERE k BETWEEN 4311967 AND 4312067
	Index Only Scan using k_7 on sbtest7  (cost=0.43..10.51 rows=104 width=4)
	  Index Cond: ((k >= 4311967) AND (k <= 4312067))

table 8 : explain SELECT k FROM sbtest8 WHERE k BETWEEN 4311967 AND 4312067
	Index Only Scan using k_8 on sbtest8  (cost=0.43..10.68 rows=112 width=4)
	  Index Cond: ((k >= 4311967) AND (k <= 4312067))

explain: for range-covered :: explain SELECT k FROM sbtest%d WHERE k BETWEEN 6180341 AND 6180441
for range-covered
table 1 : explain SELECT k FROM sbtest1 WHERE k BETWEEN 3815382 AND 3815482
	Index Only Scan using k_1 on sbtest1  (cost=0.43..10.33 rows=95 width=4)
	  Index Cond: ((k >= 3815382) AND (k <= 3815482))

table 2 : explain SELECT k FROM sbtest2 WHERE k BETWEEN 3815382 AND 3815482
	Index Only Scan using k_2 on sbtest2  (cost=0.43..6.47 rows=102 width=4)
	  Index Cond: ((k >= 3815382) AND (k <= 3815482))

table 3 : explain SELECT k FROM sbtest3 WHERE k BETWEEN 3815382 AND 3815482
	Index Only Scan using k_3 on sbtest3  (cost=0.43..6.45 rows=101 width=4)
	  Index Cond: ((k >= 3815382) AND (k <= 3815482))

table 4 : explain SELECT k FROM sbtest4 WHERE k BETWEEN 3815382 AND 3815482
	Index Only Scan using k_4 on sbtest4  (cost=0.43..6.51 rows=104 width=4)
	  Index Cond: ((k >= 3815382) AND (k <= 3815482))

table 5 : explain SELECT k FROM sbtest5 WHERE k BETWEEN 3815382 AND 3815482
	Index Only Scan using k_5 on sbtest5  (cost=0.43..10.44 rows=100 width=4)
	  Index Cond: ((k >= 3815382) AND (k <= 3815482))

table 6 : explain SELECT k FROM sbtest6 WHERE k BETWEEN 3815382 AND 3815482
	Index Only Scan using k_6 on sbtest6  (cost=0.43..6.53 rows=105 width=4)
	  Index Cond: ((k >= 3815382) AND (k <= 3815482))

table 7 : explain SELECT k FROM sbtest7 WHERE k BETWEEN 3815382 AND 3815482
	Index Only Scan using k_7 on sbtest7  (cost=0.43..10.60 rows=108 width=4)
	  Index Cond: ((k >= 3815382) AND (k <= 3815482))

table 8 : explain SELECT k FROM sbtest8 WHERE k BETWEEN 3815382 AND 3815482
	Index Only Scan using k_8 on sbtest8  (cost=0.43..10.33 rows=95 width=4)
	  Index Cond: ((k >= 3815382) AND (k <= 3815482))

for range-covered
table 1 : explain SELECT k FROM sbtest1 WHERE k BETWEEN 7150491 AND 7150591
	Index Only Scan using k_1 on sbtest1  (cost=0.43..10.72 rows=114 width=4)
	  Index Cond: ((k >= 7150491) AND (k <= 7150591))

table 2 : explain SELECT k FROM sbtest2 WHERE k BETWEEN 7150491 AND 7150591
	Index Only Scan using k_2 on sbtest2  (cost=0.43..6.32 rows=94 width=4)
	  Index Cond: ((k >= 7150491) AND (k <= 7150591))

table 3 : explain SELECT k FROM sbtest3 WHERE k BETWEEN 7150491 AND 7150591
	Index Only Scan using k_3 on sbtest3  (cost=0.43..6.67 rows=112 width=4)
	  Index Cond: ((k >= 7150491) AND (k <= 7150591))

table 4 : explain SELECT k FROM sbtest4 WHERE k BETWEEN 7150491 AND 7150591
	Index Only Scan using k_4 on sbtest4  (cost=0.43..6.32 rows=94 width=4)
	  Index Cond: ((k >= 7150491) AND (k <= 7150591))

table 5 : explain SELECT k FROM sbtest5 WHERE k BETWEEN 7150491 AND 7150591
	Index Only Scan using k_5 on sbtest5  (cost=0.43..10.56 rows=106 width=4)
	  Index Cond: ((k >= 7150491) AND (k <= 7150591))

table 6 : explain SELECT k FROM sbtest6 WHERE k BETWEEN 7150491 AND 7150591
	Index Only Scan using k_6 on sbtest6  (cost=0.43..6.45 rows=101 width=4)
	  Index Cond: ((k >= 7150491) AND (k <= 7150591))

table 7 : explain SELECT k FROM sbtest7 WHERE k BETWEEN 7150491 AND 7150591
	Index Only Scan using k_7 on sbtest7  (cost=0.43..10.54 rows=105 width=4)
	  Index Cond: ((k >= 7150491) AND (k <= 7150591))

table 8 : explain SELECT k FROM sbtest8 WHERE k BETWEEN 7150491 AND 7150591
	Index Only Scan using k_8 on sbtest8  (cost=0.43..10.44 rows=100 width=4)
	  Index Cond: ((k >= 7150491) AND (k <= 7150591))

explain: for range-covered :: explain SELECT k FROM sbtest%d WHERE k BETWEEN 4311967 AND 4312067
explain: for range-covered :: explain SELECT k FROM sbtest%d WHERE k BETWEEN 3815382 AND 3815482
explain: for range-covered :: explain SELECT k FROM sbtest%d WHERE k BETWEEN 3342664 AND 3342764
explain: for range-covered :: explain SELECT k FROM sbtest%d WHERE k BETWEEN 7150491 AND 7150591
explain: for range-covered :: explain SELECT k FROM sbtest%d WHERE k BETWEEN 6982553 AND 6982653
for range-covered
table 1 : explain SELECT k FROM sbtest1 WHERE k BETWEEN 5506915 AND 5507015
	Index Only Scan using k_1 on sbtest1  (cost=0.43..10.46 rows=101 width=4)
	  Index Cond: ((k >= 5506915) AND (k <= 5507015))

table 2 : explain SELECT k FROM sbtest2 WHERE k BETWEEN 5506915 AND 5507015
	Index Only Scan using k_2 on sbtest2  (cost=0.43..6.37 rows=97 width=4)
	  Index Cond: ((k >= 5506915) AND (k <= 5507015))

table 3 : explain SELECT k FROM sbtest3 WHERE k BETWEEN 5506915 AND 5507015
	Index Only Scan using k_3 on sbtest3  (cost=0.43..6.67 rows=112 width=4)
	  Index Cond: ((k >= 5506915) AND (k <= 5507015))

table 4 : explain SELECT k FROM sbtest4 WHERE k BETWEEN 5506915 AND 5507015
	Index Only Scan using k_4 on sbtest4  (cost=0.43..6.58 rows=107 width=4)
	  Index Cond: ((k >= 5506915) AND (k <= 5507015))

table 5 : explain SELECT k FROM sbtest5 WHERE k BETWEEN 5506915 AND 5507015
	Index Only Scan using k_5 on sbtest5  (cost=0.43..10.33 rows=95 width=4)
	  Index Cond: ((k >= 5506915) AND (k <= 5507015))

table 6 : explain SELECT k FROM sbtest6 WHERE k BETWEEN 5506915 AND 5507015
	Index Only Scan using k_6 on sbtest6  (cost=0.43..6.50 rows=103 width=4)
	  Index Cond: ((k >= 5506915) AND (k <= 5507015))

table 7 : explain SELECT k FROM sbtest7 WHERE k BETWEEN 5506915 AND 5507015
	Index Only Scan using k_7 on sbtest7  (cost=0.43..10.38 rows=97 width=4)
	  Index Cond: ((k >= 5506915) AND (k <= 5507015))

table 8 : explain SELECT k FROM sbtest8 WHERE k BETWEEN 5506915 AND 5507015
	Index Only Scan using k_8 on sbtest8  (cost=0.43..10.44 rows=100 width=4)
	  Index Cond: ((k >= 5506915) AND (k <= 5507015))

for range-covered
table 1 : explain SELECT k FROM sbtest1 WHERE k BETWEEN 6180341 AND 6180441
	Index Only Scan using k_1 on sbtest1  (cost=0.43..10.60 rows=108 width=4)
	  Index Cond: ((k >= 6180341) AND (k <= 6180441))

table 2 : explain SELECT k FROM sbtest2 WHERE k BETWEEN 6180341 AND 6180441
	Index Only Scan using k_2 on sbtest2  (cost=0.43..6.32 rows=94 width=4)
	  Index Cond: ((k >= 6180341) AND (k <= 6180441))

table 3 : explain SELECT k FROM sbtest3 WHERE k BETWEEN 6180341 AND 6180441
	Index Only Scan using k_3 on sbtest3  (cost=0.43..6.56 rows=106 width=4)
	  Index Cond: ((k >= 6180341) AND (k <= 6180441))

table 4 : explain SELECT k FROM sbtest4 WHERE k BETWEEN 6180341 AND 6180441
	Index Only Scan using k_4 on sbtest4  (cost=0.43..6.47 rows=102 width=4)
	  Index Cond: ((k >= 6180341) AND (k <= 6180441))

table 5 : explain SELECT k FROM sbtest5 WHERE k BETWEEN 6180341 AND 6180441
	Index Only Scan using k_5 on sbtest5  (cost=0.43..10.63 rows=110 width=4)
	  Index Cond: ((k >= 6180341) AND (k <= 6180441))

table 6 : explain SELECT k FROM sbtest6 WHERE k BETWEEN 6180341 AND 6180441
	Index Only Scan using k_6 on sbtest6  (cost=0.43..6.67 rows=112 width=4)
	  Index Cond: ((k >= 6180341) AND (k <= 6180441))

table 7 : explain SELECT k FROM sbtest7 WHERE k BETWEEN 6180341 AND 6180441
	Index Only Scan using k_7 on sbtest7  (cost=0.43..10.47 rows=102 width=4)
	  Index Cond: ((k >= 6180341) AND (k <= 6180441))

table 8 : explain SELECT k FROM sbtest8 WHERE k BETWEEN 6180341 AND 6180441
	Index Only Scan using k_8 on sbtest8  (cost=0.43..10.47 rows=102 width=4)
	  Index Cond: ((k >= 6180341) AND (k <= 6180441))

for range-covered
table 1 : explain SELECT k FROM sbtest1 WHERE k BETWEEN 3815382 AND 3815482
	Index Only Scan using k_1 on sbtest1  (cost=0.43..10.33 rows=95 width=4)
	  Index Cond: ((k >= 3815382) AND (k <= 3815482))

table 2 : explain SELECT k FROM sbtest2 WHERE k BETWEEN 3815382 AND 3815482
	Index Only Scan using k_2 on sbtest2  (cost=0.43..6.47 rows=102 width=4)
	  Index Cond: ((k >= 3815382) AND (k <= 3815482))

table 3 : explain SELECT k FROM sbtest3 WHERE k BETWEEN 3815382 AND 3815482
	Index Only Scan using k_3 on sbtest3  (cost=0.43..6.45 rows=101 width=4)
	  Index Cond: ((k >= 3815382) AND (k <= 3815482))

table 4 : explain SELECT k FROM sbtest4 WHERE k BETWEEN 3815382 AND 3815482
	Index Only Scan using k_4 on sbtest4  (cost=0.43..6.51 rows=104 width=4)
	  Index Cond: ((k >= 3815382) AND (k <= 3815482))

table 5 : explain SELECT k FROM sbtest5 WHERE k BETWEEN 3815382 AND 3815482
	Index Only Scan using k_5 on sbtest5  (cost=0.43..10.44 rows=100 width=4)
	  Index Cond: ((k >= 3815382) AND (k <= 3815482))

table 6 : explain SELECT k FROM sbtest6 WHERE k BETWEEN 3815382 AND 3815482
	Index Only Scan using k_6 on sbtest6  (cost=0.43..6.53 rows=105 width=4)
	  Index Cond: ((k >= 3815382) AND (k <= 3815482))

table 7 : explain SELECT k FROM sbtest7 WHERE k BETWEEN 3815382 AND 3815482
	Index Only Scan using k_7 on sbtest7  (cost=0.43..10.60 rows=108 width=4)
	  Index Cond: ((k >= 3815382) AND (k <= 3815482))

table 8 : explain SELECT k FROM sbtest8 WHERE k BETWEEN 3815382 AND 3815482
	Index Only Scan using k_8 on sbtest8  (cost=0.43..10.33 rows=95 width=4)
	  Index Cond: ((k >= 3815382) AND (k <= 3815482))

for range-covered
table 1 : explain SELECT k FROM sbtest1 WHERE k BETWEEN 4311967 AND 4312067
	Index Only Scan using k_1 on sbtest1  (cost=0.43..10.42 rows=99 width=4)
	  Index Cond: ((k >= 4311967) AND (k <= 4312067))

table 2 : explain SELECT k FROM sbtest2 WHERE k BETWEEN 4311967 AND 4312067
	Index Only Scan using k_2 on sbtest2  (cost=0.43..6.42 rows=99 width=4)
	  Index Cond: ((k >= 4311967) AND (k <= 4312067))

table 3 : explain SELECT k FROM sbtest3 WHERE k BETWEEN 4311967 AND 4312067
	Index Only Scan using k_3 on sbtest3  (cost=0.43..6.42 rows=99 width=4)
	  Index Cond: ((k >= 4311967) AND (k <= 4312067))

table 4 : explain SELECT k FROM sbtest4 WHERE k BETWEEN 4311967 AND 4312067
	Index Only Scan using k_4 on sbtest4  (cost=0.43..6.43 rows=100 width=4)
	  Index Cond: ((k >= 4311967) AND (k <= 4312067))

table 5 : explain SELECT k FROM sbtest5 WHERE k BETWEEN 4311967 AND 4312067
	Index Only Scan using k_5 on sbtest5  (cost=0.43..10.58 rows=107 width=4)
	  Index Cond: ((k >= 4311967) AND (k <= 4312067))

table 6 : explain SELECT k FROM sbtest6 WHERE k BETWEEN 4311967 AND 4312067
	Index Only Scan using k_6 on sbtest6  (cost=0.43..6.59 rows=108 width=4)
	  Index Cond: ((k >= 4311967) AND (k <= 4312067))

table 7 : explain SELECT k FROM sbtest7 WHERE k BETWEEN 4311967 AND 4312067
	Index Only Scan using k_7 on sbtest7  (cost=0.43..10.51 rows=104 width=4)
	  Index Cond: ((k >= 4311967) AND (k <= 4312067))

table 8 : explain SELECT k FROM sbtest8 WHERE k BETWEEN 4311967 AND 4312067
	Index Only Scan using k_8 on sbtest8  (cost=0.43..10.68 rows=112 width=4)
	  Index Cond: ((k >= 4311967) AND (k <= 4312067))

explain: for range-covered :: explain SELECT k FROM sbtest%d WHERE k BETWEEN 6180341 AND 6180441
explain: for range-covered :: explain SELECT k FROM sbtest%d WHERE k BETWEEN 4311967 AND 4312067
for range-covered
table 1 : explain SELECT k FROM sbtest1 WHERE k BETWEEN 6982553 AND 6982653
	Index Only Scan using k_1 on sbtest1  (cost=0.43..10.58 rows=107 width=4)
	  Index Cond: ((k >= 6982553) AND (k <= 6982653))

table 2 : explain SELECT k FROM sbtest2 WHERE k BETWEEN 6982553 AND 6982653
	Index Only Scan using k_2 on sbtest2  (cost=0.43..6.47 rows=102 width=4)
	  Index Cond: ((k >= 6982553) AND (k <= 6982653))

table 3 : explain SELECT k FROM sbtest3 WHERE k BETWEEN 6982553 AND 6982653
	Index Only Scan using k_3 on sbtest3  (cost=0.43..6.45 rows=101 width=4)
	  Index Cond: ((k >= 6982553) AND (k <= 6982653))

table 4 : explain SELECT k FROM sbtest4 WHERE k BETWEEN 6982553 AND 6982653
	Index Only Scan using k_4 on sbtest4  (cost=0.43..6.29 rows=93 width=4)
	  Index Cond: ((k >= 6982553) AND (k <= 6982653))

table 5 : explain SELECT k FROM sbtest5 WHERE k BETWEEN 6982553 AND 6982653
	Index Only Scan using k_5 on sbtest5  (cost=0.43..10.32 rows=94 width=4)
	  Index Cond: ((k >= 6982553) AND (k <= 6982653))

table 6 : explain SELECT k FROM sbtest6 WHERE k BETWEEN 6982553 AND 6982653
	Index Only Scan using k_6 on sbtest6  (cost=0.43..6.40 rows=98 width=4)
	  Index Cond: ((k >= 6982553) AND (k <= 6982653))

table 7 : explain SELECT k FROM sbtest7 WHERE k BETWEEN 6982553 AND 6982653
	Index Only Scan using k_7 on sbtest7  (cost=0.43..10.76 rows=116 width=4)
	  Index Cond: ((k >= 6982553) AND (k <= 6982653))

table 8 : explain SELECT k FROM sbtest8 WHERE k BETWEEN 6982553 AND 6982653
	Index Only Scan using k_8 on sbtest8  (cost=0.43..10.33 rows=95 width=4)
	  Index Cond: ((k >= 6982553) AND (k <= 6982653))

explain: for range-covered :: explain SELECT k FROM sbtest%d WHERE k BETWEEN 3187892 AND 3187992
for range-covered
table 1 : explain SELECT k FROM sbtest1 WHERE k BETWEEN 2450308 AND 2450408
	Index Only Scan using k_1 on sbtest1  (cost=0.43..10.38 rows=97 width=4)
	  Index Cond: ((k >= 2450308) AND (k <= 2450408))

table 2 : explain SELECT k FROM sbtest2 WHERE k BETWEEN 2450308 AND 2450408
	Index Only Scan using k_2 on sbtest2  (cost=0.43..6.47 rows=102 width=4)
	  Index Cond: ((k >= 2450308) AND (k <= 2450408))

table 3 : explain SELECT k FROM sbtest3 WHERE k BETWEEN 2450308 AND 2450408
	Index Only Scan using k_3 on sbtest3  (cost=0.43..6.51 rows=104 width=4)
	  Index Cond: ((k >= 2450308) AND (k <= 2450408))

table 4 : explain SELECT k FROM sbtest4 WHERE k BETWEEN 2450308 AND 2450408
	Index Only Scan using k_4 on sbtest4  (cost=0.43..6.42 rows=99 width=4)
	  Index Cond: ((k >= 2450308) AND (k <= 2450408))

table 5 : explain SELECT k FROM sbtest5 WHERE k BETWEEN 2450308 AND 2450408
	Index Only Scan using k_5 on sbtest5  (cost=0.43..10.51 rows=104 width=4)
	  Index Cond: ((k >= 2450308) AND (k <= 2450408))

table 6 : explain SELECT k FROM sbtest6 WHERE k BETWEEN 2450308 AND 2450408
	Index Only Scan using k_6 on sbtest6  (cost=0.43..6.43 rows=100 width=4)
	  Index Cond: ((k >= 2450308) AND (k <= 2450408))

table 7 : explain SELECT k FROM sbtest7 WHERE k BETWEEN 2450308 AND 2450408
	Index Only Scan using k_7 on sbtest7  (cost=0.43..10.50 rows=103 width=4)
	  Index Cond: ((k >= 2450308) AND (k <= 2450408))

table 8 : explain SELECT k FROM sbtest8 WHERE k BETWEEN 2450308 AND 2450408
	Index Only Scan using k_8 on sbtest8  (cost=0.43..10.38 rows=97 width=4)
	  Index Cond: ((k >= 2450308) AND (k <= 2450408))

explain: for range-covered :: explain SELECT k FROM sbtest%d WHERE k BETWEEN 3815382 AND 3815482
explain: for range-covered :: explain SELECT k FROM sbtest%d WHERE k BETWEEN 2450308 AND 2450408
for range-covered
table 1 : explain SELECT k FROM sbtest1 WHERE k BETWEEN 6460789 AND 6460889
	Index Only Scan using k_1 on sbtest1  (cost=0.43..10.63 rows=110 width=4)
	  Index Cond: ((k >= 6460789) AND (k <= 6460889))

table 2 : explain SELECT k FROM sbtest2 WHERE k BETWEEN 6460789 AND 6460889
	Index Only Scan using k_2 on sbtest2  (cost=0.43..6.29 rows=93 width=4)
	  Index Cond: ((k >= 6460789) AND (k <= 6460889))

table 3 : explain SELECT k FROM sbtest3 WHERE k BETWEEN 6460789 AND 6460889
	Index Only Scan using k_3 on sbtest3  (cost=0.43..6.37 rows=97 width=4)
	  Index Cond: ((k >= 6460789) AND (k <= 6460889))

table 4 : explain SELECT k FROM sbtest4 WHERE k BETWEEN 6460789 AND 6460889
	Index Only Scan using k_4 on sbtest4  (cost=0.43..6.40 rows=98 width=4)
	  Index Cond: ((k >= 6460789) AND (k <= 6460889))

table 5 : explain SELECT k FROM sbtest5 WHERE k BETWEEN 6460789 AND 6460889
	Index Only Scan using k_5 on sbtest5  (cost=0.43..10.76 rows=116 width=4)
	  Index Cond: ((k >= 6460789) AND (k <= 6460889))

table 6 : explain SELECT k FROM sbtest6 WHERE k BETWEEN 6460789 AND 6460889
	Index Only Scan using k_6 on sbtest6  (cost=0.43..6.51 rows=104 width=4)
	  Index Cond: ((k >= 6460789) AND (k <= 6460889))

table 7 : explain SELECT k FROM sbtest7 WHERE k BETWEEN 6460789 AND 6460889
	Index Only Scan using k_7 on sbtest7  (cost=0.43..10.44 rows=100 width=4)
	  Index Cond: ((k >= 6460789) AND (k <= 6460889))

table 8 : explain SELECT k FROM sbtest8 WHERE k BETWEEN 6460789 AND 6460889
	Index Only Scan using k_8 on sbtest8  (cost=0.43..10.47 rows=102 width=4)
	  Index Cond: ((k >= 6460789) AND (k <= 6460889))

explain: for range-covered :: explain SELECT k FROM sbtest%d WHERE k BETWEEN 6460789 AND 6460889
for range-covered
table 1 : explain SELECT k FROM sbtest1 WHERE k BETWEEN 4311967 AND 4312067
	Index Only Scan using k_1 on sbtest1  (cost=0.43..10.42 rows=99 width=4)
	  Index Cond: ((k >= 4311967) AND (k <= 4312067))

table 2 : explain SELECT k FROM sbtest2 WHERE k BETWEEN 4311967 AND 4312067
	Index Only Scan using k_2 on sbtest2  (cost=0.43..6.42 rows=99 width=4)
	  Index Cond: ((k >= 4311967) AND (k <= 4312067))

table 3 : explain SELECT k FROM sbtest3 WHERE k BETWEEN 4311967 AND 4312067
	Index Only Scan using k_3 on sbtest3  (cost=0.43..6.42 rows=99 width=4)
	  Index Cond: ((k >= 4311967) AND (k <= 4312067))

table 4 : explain SELECT k FROM sbtest4 WHERE k BETWEEN 4311967 AND 4312067
	Index Only Scan using k_4 on sbtest4  (cost=0.43..6.43 rows=100 width=4)
	  Index Cond: ((k >= 4311967) AND (k <= 4312067))

table 5 : explain SELECT k FROM sbtest5 WHERE k BETWEEN 4311967 AND 4312067
	Index Only Scan using k_5 on sbtest5  (cost=0.43..10.58 rows=107 width=4)
	  Index Cond: ((k >= 4311967) AND (k <= 4312067))

table 6 : explain SELECT k FROM sbtest6 WHERE k BETWEEN 4311967 AND 4312067
	Index Only Scan using k_6 on sbtest6  (cost=0.43..6.59 rows=108 width=4)
	  Index Cond: ((k >= 4311967) AND (k <= 4312067))

table 7 : explain SELECT k FROM sbtest7 WHERE k BETWEEN 4311967 AND 4312067
	Index Only Scan using k_7 on sbtest7  (cost=0.43..10.51 rows=104 width=4)
	  Index Cond: ((k >= 4311967) AND (k <= 4312067))

table 8 : explain SELECT k FROM sbtest8 WHERE k BETWEEN 4311967 AND 4312067
	Index Only Scan using k_8 on sbtest8  (cost=0.43..10.68 rows=112 width=4)
	  Index Cond: ((k >= 4311967) AND (k <= 4312067))

for range-covered
table 1 : explain SELECT k FROM sbtest1 WHERE k BETWEEN 6180341 AND 6180441
	Index Only Scan using k_1 on sbtest1  (cost=0.43..10.60 rows=108 width=4)
	  Index Cond: ((k >= 6180341) AND (k <= 6180441))

table 2 : explain SELECT k FROM sbtest2 WHERE k BETWEEN 6180341 AND 6180441
	Index Only Scan using k_2 on sbtest2  (cost=0.43..6.32 rows=94 width=4)
	  Index Cond: ((k >= 6180341) AND (k <= 6180441))

table 3 : explain SELECT k FROM sbtest3 WHERE k BETWEEN 6180341 AND 6180441
	Index Only Scan using k_3 on sbtest3  (cost=0.43..6.56 rows=106 width=4)
	  Index Cond: ((k >= 6180341) AND (k <= 6180441))

table 4 : explain SELECT k FROM sbtest4 WHERE k BETWEEN 6180341 AND 6180441
	Index Only Scan using k_4 on sbtest4  (cost=0.43..6.47 rows=102 width=4)
	  Index Cond: ((k >= 6180341) AND (k <= 6180441))

table 5 : explain SELECT k FROM sbtest5 WHERE k BETWEEN 6180341 AND 6180441
	Index Only Scan using k_5 on sbtest5  (cost=0.43..10.63 rows=110 width=4)
	  Index Cond: ((k >= 6180341) AND (k <= 6180441))

table 6 : explain SELECT k FROM sbtest6 WHERE k BETWEEN 6180341 AND 6180441
	Index Only Scan using k_6 on sbtest6  (cost=0.43..6.67 rows=112 width=4)
	  Index Cond: ((k >= 6180341) AND (k <= 6180441))

table 7 : explain SELECT k FROM sbtest7 WHERE k BETWEEN 6180341 AND 6180441
	Index Only Scan using k_7 on sbtest7  (cost=0.43..10.47 rows=102 width=4)
	  Index Cond: ((k >= 6180341) AND (k <= 6180441))

table 8 : explain SELECT k FROM sbtest8 WHERE k BETWEEN 6180341 AND 6180441
	Index Only Scan using k_8 on sbtest8  (cost=0.43..10.47 rows=102 width=4)
	  Index Cond: ((k >= 6180341) AND (k <= 6180441))

explain: for range-covered :: explain SELECT k FROM sbtest%d WHERE k BETWEEN 4311967 AND 4312067
for range-covered
table 1 : explain SELECT k FROM sbtest1 WHERE k BETWEEN 7150491 AND 7150591
	Index Only Scan using k_1 on sbtest1  (cost=0.43..10.72 rows=114 width=4)
	  Index Cond: ((k >= 7150491) AND (k <= 7150591))

table 2 : explain SELECT k FROM sbtest2 WHERE k BETWEEN 7150491 AND 7150591
	Index Only Scan using k_2 on sbtest2  (cost=0.43..6.32 rows=94 width=4)
	  Index Cond: ((k >= 7150491) AND (k <= 7150591))

table 3 : explain SELECT k FROM sbtest3 WHERE k BETWEEN 7150491 AND 7150591
	Index Only Scan using k_3 on sbtest3  (cost=0.43..6.67 rows=112 width=4)
	  Index Cond: ((k >= 7150491) AND (k <= 7150591))

table 4 : explain SELECT k FROM sbtest4 WHERE k BETWEEN 7150491 AND 7150591
	Index Only Scan using k_4 on sbtest4  (cost=0.43..6.32 rows=94 width=4)
	  Index Cond: ((k >= 7150491) AND (k <= 7150591))

table 5 : explain SELECT k FROM sbtest5 WHERE k BETWEEN 7150491 AND 7150591
	Index Only Scan using k_5 on sbtest5  (cost=0.43..10.56 rows=106 width=4)
	  Index Cond: ((k >= 7150491) AND (k <= 7150591))

table 6 : explain SELECT k FROM sbtest6 WHERE k BETWEEN 7150491 AND 7150591
	Index Only Scan using k_6 on sbtest6  (cost=0.43..6.45 rows=101 width=4)
	  Index Cond: ((k >= 7150491) AND (k <= 7150591))

table 7 : explain SELECT k FROM sbtest7 WHERE k BETWEEN 7150491 AND 7150591
	Index Only Scan using k_7 on sbtest7  (cost=0.43..10.54 rows=105 width=4)
	  Index Cond: ((k >= 7150491) AND (k <= 7150591))

table 8 : explain SELECT k FROM sbtest8 WHERE k BETWEEN 7150491 AND 7150591
	Index Only Scan using k_8 on sbtest8  (cost=0.43..10.44 rows=100 width=4)
	  Index Cond: ((k >= 7150491) AND (k <= 7150591))

explain: for range-covered :: explain SELECT k FROM sbtest%d WHERE k BETWEEN 7150491 AND 7150591
for range-covered
table 1 : explain SELECT k FROM sbtest1 WHERE k BETWEEN 6460789 AND 6460889
	Index Only Scan using k_1 on sbtest1  (cost=0.43..10.63 rows=110 width=4)
	  Index Cond: ((k >= 6460789) AND (k <= 6460889))

table 2 : explain SELECT k FROM sbtest2 WHERE k BETWEEN 6460789 AND 6460889
	Index Only Scan using k_2 on sbtest2  (cost=0.43..6.29 rows=93 width=4)
	  Index Cond: ((k >= 6460789) AND (k <= 6460889))

table 3 : explain SELECT k FROM sbtest3 WHERE k BETWEEN 6460789 AND 6460889
	Index Only Scan using k_3 on sbtest3  (cost=0.43..6.37 rows=97 width=4)
	  Index Cond: ((k >= 6460789) AND (k <= 6460889))

table 4 : explain SELECT k FROM sbtest4 WHERE k BETWEEN 6460789 AND 6460889
	Index Only Scan using k_4 on sbtest4  (cost=0.43..6.40 rows=98 width=4)
	  Index Cond: ((k >= 6460789) AND (k <= 6460889))

table 5 : explain SELECT k FROM sbtest5 WHERE k BETWEEN 6460789 AND 6460889
	Index Only Scan using k_5 on sbtest5  (cost=0.43..10.76 rows=116 width=4)
	  Index Cond: ((k >= 6460789) AND (k <= 6460889))

table 6 : explain SELECT k FROM sbtest6 WHERE k BETWEEN 6460789 AND 6460889
	Index Only Scan using k_6 on sbtest6  (cost=0.43..6.51 rows=104 width=4)
	  Index Cond: ((k >= 6460789) AND (k <= 6460889))

table 7 : explain SELECT k FROM sbtest7 WHERE k BETWEEN 6460789 AND 6460889
	Index Only Scan using k_7 on sbtest7  (cost=0.43..10.44 rows=100 width=4)
	  Index Cond: ((k >= 6460789) AND (k <= 6460889))

table 8 : explain SELECT k FROM sbtest8 WHERE k BETWEEN 6460789 AND 6460889
	Index Only Scan using k_8 on sbtest8  (cost=0.43..10.47 rows=102 width=4)
	  Index Cond: ((k >= 6460789) AND (k <= 6460889))

for range-covered
table 1 : explain SELECT k FROM sbtest1 WHERE k BETWEEN 4311967 AND 4312067
	Index Only Scan using k_1 on sbtest1  (cost=0.43..10.42 rows=99 width=4)
	  Index Cond: ((k >= 4311967) AND (k <= 4312067))

table 2 : explain SELECT k FROM sbtest2 WHERE k BETWEEN 4311967 AND 4312067
	Index Only Scan using k_2 on sbtest2  (cost=0.43..6.42 rows=99 width=4)
	  Index Cond: ((k >= 4311967) AND (k <= 4312067))

table 3 : explain SELECT k FROM sbtest3 WHERE k BETWEEN 4311967 AND 4312067
	Index Only Scan using k_3 on sbtest3  (cost=0.43..6.42 rows=99 width=4)
	  Index Cond: ((k >= 4311967) AND (k <= 4312067))

table 4 : explain SELECT k FROM sbtest4 WHERE k BETWEEN 4311967 AND 4312067
	Index Only Scan using k_4 on sbtest4  (cost=0.43..6.43 rows=100 width=4)
	  Index Cond: ((k >= 4311967) AND (k <= 4312067))

table 5 : explain SELECT k FROM sbtest5 WHERE k BETWEEN 4311967 AND 4312067
	Index Only Scan using k_5 on sbtest5  (cost=0.43..10.58 rows=107 width=4)
	  Index Cond: ((k >= 4311967) AND (k <= 4312067))

table 6 : explain SELECT k FROM sbtest6 WHERE k BETWEEN 4311967 AND 4312067
	Index Only Scan using k_6 on sbtest6  (cost=0.43..6.59 rows=108 width=4)
	  Index Cond: ((k >= 4311967) AND (k <= 4312067))

table 7 : explain SELECT k FROM sbtest7 WHERE k BETWEEN 4311967 AND 4312067
	Index Only Scan using k_7 on sbtest7  (cost=0.43..10.51 rows=104 width=4)
	  Index Cond: ((k >= 4311967) AND (k <= 4312067))

table 8 : explain SELECT k FROM sbtest8 WHERE k BETWEEN 4311967 AND 4312067
	Index Only Scan using k_8 on sbtest8  (cost=0.43..10.68 rows=112 width=4)
	  Index Cond: ((k >= 4311967) AND (k <= 4312067))

explain: for range-covered :: explain SELECT k FROM sbtest%d WHERE k BETWEEN 6460789 AND 6460889
explain: for range-covered :: explain SELECT k FROM sbtest%d WHERE k BETWEEN 4465039 AND 4465139
for range-covered
table 1 : explain SELECT k FROM sbtest1 WHERE k BETWEEN 2450308 AND 2450408
	Index Only Scan using k_1 on sbtest1  (cost=0.43..10.38 rows=97 width=4)
	  Index Cond: ((k >= 2450308) AND (k <= 2450408))

table 2 : explain SELECT k FROM sbtest2 WHERE k BETWEEN 2450308 AND 2450408
	Index Only Scan using k_2 on sbtest2  (cost=0.43..6.47 rows=102 width=4)
	  Index Cond: ((k >= 2450308) AND (k <= 2450408))

table 3 : explain SELECT k FROM sbtest3 WHERE k BETWEEN 2450308 AND 2450408
	Index Only Scan using k_3 on sbtest3  (cost=0.43..6.51 rows=104 width=4)
	  Index Cond: ((k >= 2450308) AND (k <= 2450408))

table 4 : explain SELECT k FROM sbtest4 WHERE k BETWEEN 2450308 AND 2450408
	Index Only Scan using k_4 on sbtest4  (cost=0.43..6.42 rows=99 width=4)
	  Index Cond: ((k >= 2450308) AND (k <= 2450408))

table 5 : explain SELECT k FROM sbtest5 WHERE k BETWEEN 2450308 AND 2450408
	Index Only Scan using k_5 on sbtest5  (cost=0.43..10.51 rows=104 width=4)
	  Index Cond: ((k >= 2450308) AND (k <= 2450408))

table 6 : explain SELECT k FROM sbtest6 WHERE k BETWEEN 2450308 AND 2450408
	Index Only Scan using k_6 on sbtest6  (cost=0.43..6.43 rows=100 width=4)
	  Index Cond: ((k >= 2450308) AND (k <= 2450408))

table 7 : explain SELECT k FROM sbtest7 WHERE k BETWEEN 2450308 AND 2450408
	Index Only Scan using k_7 on sbtest7  (cost=0.43..10.50 rows=103 width=4)
	  Index Cond: ((k >= 2450308) AND (k <= 2450408))

table 8 : explain SELECT k FROM sbtest8 WHERE k BETWEEN 2450308 AND 2450408
	Index Only Scan using k_8 on sbtest8  (cost=0.43..10.38 rows=97 width=4)
	  Index Cond: ((k >= 2450308) AND (k <= 2450408))

for range-covered
table 1 : explain SELECT k FROM sbtest1 WHERE k BETWEEN 6460789 AND 6460889
	Index Only Scan using k_1 on sbtest1  (cost=0.43..10.63 rows=110 width=4)
	  Index Cond: ((k >= 6460789) AND (k <= 6460889))

table 2 : explain SELECT k FROM sbtest2 WHERE k BETWEEN 6460789 AND 6460889
	Index Only Scan using k_2 on sbtest2  (cost=0.43..6.29 rows=93 width=4)
	  Index Cond: ((k >= 6460789) AND (k <= 6460889))

table 3 : explain SELECT k FROM sbtest3 WHERE k BETWEEN 6460789 AND 6460889
	Index Only Scan using k_3 on sbtest3  (cost=0.43..6.37 rows=97 width=4)
	  Index Cond: ((k >= 6460789) AND (k <= 6460889))

table 4 : explain SELECT k FROM sbtest4 WHERE k BETWEEN 6460789 AND 6460889
	Index Only Scan using k_4 on sbtest4  (cost=0.43..6.40 rows=98 width=4)
	  Index Cond: ((k >= 6460789) AND (k <= 6460889))

table 5 : explain SELECT k FROM sbtest5 WHERE k BETWEEN 6460789 AND 6460889
	Index Only Scan using k_5 on sbtest5  (cost=0.43..10.76 rows=116 width=4)
	  Index Cond: ((k >= 6460789) AND (k <= 6460889))

table 6 : explain SELECT k FROM sbtest6 WHERE k BETWEEN 6460789 AND 6460889
	Index Only Scan using k_6 on sbtest6  (cost=0.43..6.51 rows=104 width=4)
	  Index Cond: ((k >= 6460789) AND (k <= 6460889))

table 7 : explain SELECT k FROM sbtest7 WHERE k BETWEEN 6460789 AND 6460889
	Index Only Scan using k_7 on sbtest7  (cost=0.43..10.44 rows=100 width=4)
	  Index Cond: ((k >= 6460789) AND (k <= 6460889))

table 8 : explain SELECT k FROM sbtest8 WHERE k BETWEEN 6460789 AND 6460889
	Index Only Scan using k_8 on sbtest8  (cost=0.43..10.47 rows=102 width=4)
	  Index Cond: ((k >= 6460789) AND (k <= 6460889))

explain: for range-covered :: explain SELECT k FROM sbtest%d WHERE k BETWEEN 6460789 AND 6460889
for range-covered
table 1 : explain SELECT k FROM sbtest1 WHERE k BETWEEN 7150491 AND 7150591
	Index Only Scan using k_1 on sbtest1  (cost=0.43..10.72 rows=114 width=4)
	  Index Cond: ((k >= 7150491) AND (k <= 7150591))

table 2 : explain SELECT k FROM sbtest2 WHERE k BETWEEN 7150491 AND 7150591
	Index Only Scan using k_2 on sbtest2  (cost=0.43..6.32 rows=94 width=4)
	  Index Cond: ((k >= 7150491) AND (k <= 7150591))

table 3 : explain SELECT k FROM sbtest3 WHERE k BETWEEN 7150491 AND 7150591
	Index Only Scan using k_3 on sbtest3  (cost=0.43..6.67 rows=112 width=4)
	  Index Cond: ((k >= 7150491) AND (k <= 7150591))

table 4 : explain SELECT k FROM sbtest4 WHERE k BETWEEN 7150491 AND 7150591
	Index Only Scan using k_4 on sbtest4  (cost=0.43..6.32 rows=94 width=4)
	  Index Cond: ((k >= 7150491) AND (k <= 7150591))

table 5 : explain SELECT k FROM sbtest5 WHERE k BETWEEN 7150491 AND 7150591
	Index Only Scan using k_5 on sbtest5  (cost=0.43..10.56 rows=106 width=4)
	  Index Cond: ((k >= 7150491) AND (k <= 7150591))

table 6 : explain SELECT k FROM sbtest6 WHERE k BETWEEN 7150491 AND 7150591
	Index Only Scan using k_6 on sbtest6  (cost=0.43..6.45 rows=101 width=4)
	  Index Cond: ((k >= 7150491) AND (k <= 7150591))

table 7 : explain SELECT k FROM sbtest7 WHERE k BETWEEN 7150491 AND 7150591
	Index Only Scan using k_7 on sbtest7  (cost=0.43..10.54 rows=105 width=4)
	  Index Cond: ((k >= 7150491) AND (k <= 7150591))

table 8 : explain SELECT k FROM sbtest8 WHERE k BETWEEN 7150491 AND 7150591
	Index Only Scan using k_8 on sbtest8  (cost=0.43..10.44 rows=100 width=4)
	  Index Cond: ((k >= 7150491) AND (k <= 7150591))

for range-covered
table 1 : explain SELECT k FROM sbtest1 WHERE k BETWEEN 4465039 AND 4465139
	Index Only Scan using k_1 on sbtest1  (cost=0.43..10.47 rows=102 width=4)
	  Index Cond: ((k >= 4465039) AND (k <= 4465139))

table 2 : explain SELECT k FROM sbtest2 WHERE k BETWEEN 4465039 AND 4465139
	Index Only Scan using k_2 on sbtest2  (cost=0.43..6.43 rows=100 width=4)
	  Index Cond: ((k >= 4465039) AND (k <= 4465139))

table 3 : explain SELECT k FROM sbtest3 WHERE k BETWEEN 4465039 AND 4465139
	Index Only Scan using k_3 on sbtest3  (cost=0.43..6.58 rows=107 width=4)
	  Index Cond: ((k >= 4465039) AND (k <= 4465139))

table 4 : explain SELECT k FROM sbtest4 WHERE k BETWEEN 4465039 AND 4465139
	Index Only Scan using k_4 on sbtest4  (cost=0.43..6.53 rows=105 width=4)
	  Index Cond: ((k >= 4465039) AND (k <= 4465139))

table 5 : explain SELECT k FROM sbtest5 WHERE k BETWEEN 4465039 AND 4465139
	Index Only Scan using k_5 on sbtest5  (cost=0.43..10.36 rows=96 width=4)
	  Index Cond: ((k >= 4465039) AND (k <= 4465139))

table 6 : explain SELECT k FROM sbtest6 WHERE k BETWEEN 4465039 AND 4465139
	Index Only Scan using k_6 on sbtest6  (cost=0.43..6.67 rows=112 width=4)
	  Index Cond: ((k >= 4465039) AND (k <= 4465139))

table 7 : explain SELECT k FROM sbtest7 WHERE k BETWEEN 4465039 AND 4465139
	Index Only Scan using k_7 on sbtest7  (cost=0.43..10.74 rows=115 width=4)
	  Index Cond: ((k >= 4465039) AND (k <= 4465139))

table 8 : explain SELECT k FROM sbtest8 WHERE k BETWEEN 4465039 AND 4465139
	Index Only Scan using k_8 on sbtest8  (cost=0.43..10.47 rows=102 width=4)
	  Index Cond: ((k >= 4465039) AND (k <= 4465139))

explain: for range-covered :: explain SELECT k FROM sbtest%d WHERE k BETWEEN 7150491 AND 7150591
explain: for range-covered :: explain SELECT k FROM sbtest%d WHERE k BETWEEN 4465039 AND 4465139
for range-covered
table 1 : explain SELECT k FROM sbtest1 WHERE k BETWEEN 3187892 AND 3187992
	Index Only Scan using k_1 on sbtest1  (cost=0.43..10.58 rows=107 width=4)
	  Index Cond: ((k >= 3187892) AND (k <= 3187992))

table 2 : explain SELECT k FROM sbtest2 WHERE k BETWEEN 3187892 AND 3187992
	Index Only Scan using k_2 on sbtest2  (cost=0.43..6.61 rows=109 width=4)
	  Index Cond: ((k >= 3187892) AND (k <= 3187992))

table 3 : explain SELECT k FROM sbtest3 WHERE k BETWEEN 3187892 AND 3187992
	Index Only Scan using k_3 on sbtest3  (cost=0.43..6.29 rows=93 width=4)
	  Index Cond: ((k >= 3187892) AND (k <= 3187992))

table 4 : explain SELECT k FROM sbtest4 WHERE k BETWEEN 3187892 AND 3187992
	Index Only Scan using k_4 on sbtest4  (cost=0.43..6.50 rows=103 width=4)
	  Index Cond: ((k >= 3187892) AND (k <= 3187992))

table 5 : explain SELECT k FROM sbtest5 WHERE k BETWEEN 3187892 AND 3187992
	Index Only Scan using k_5 on sbtest5  (cost=0.43..10.29 rows=93 width=4)
	  Index Cond: ((k >= 3187892) AND (k <= 3187992))

table 6 : explain SELECT k FROM sbtest6 WHERE k BETWEEN 3187892 AND 3187992
	Index Only Scan using k_6 on sbtest6  (cost=0.43..6.33 rows=95 width=4)
	  Index Cond: ((k >= 3187892) AND (k <= 3187992))

table 7 : explain SELECT k FROM sbtest7 WHERE k BETWEEN 3187892 AND 3187992
	Index Only Scan using k_7 on sbtest7  (cost=0.43..10.40 rows=98 width=4)
	  Index Cond: ((k >= 3187892) AND (k <= 3187992))

table 8 : explain SELECT k FROM sbtest8 WHERE k BETWEEN 3187892 AND 3187992
	Index Only Scan using k_8 on sbtest8  (cost=0.43..10.68 rows=112 width=4)
	  Index Cond: ((k >= 3187892) AND (k <= 3187992))

explain: for range-covered :: explain SELECT k FROM sbtest%d WHERE k BETWEEN 3187892 AND 3187992
for range-covered
table 1 : explain SELECT k FROM sbtest1 WHERE k BETWEEN 3815382 AND 3815482
	Index Only Scan using k_1 on sbtest1  (cost=0.43..10.33 rows=95 width=4)
	  Index Cond: ((k >= 3815382) AND (k <= 3815482))

table 2 : explain SELECT k FROM sbtest2 WHERE k BETWEEN 3815382 AND 3815482
	Index Only Scan using k_2 on sbtest2  (cost=0.43..6.47 rows=102 width=4)
	  Index Cond: ((k >= 3815382) AND (k <= 3815482))

table 3 : explain SELECT k FROM sbtest3 WHERE k BETWEEN 3815382 AND 3815482
	Index Only Scan using k_3 on sbtest3  (cost=0.43..6.45 rows=101 width=4)
	  Index Cond: ((k >= 3815382) AND (k <= 3815482))

table 4 : explain SELECT k FROM sbtest4 WHERE k BETWEEN 3815382 AND 3815482
	Index Only Scan using k_4 on sbtest4  (cost=0.43..6.51 rows=104 width=4)
	  Index Cond: ((k >= 3815382) AND (k <= 3815482))

table 5 : explain SELECT k FROM sbtest5 WHERE k BETWEEN 3815382 AND 3815482
	Index Only Scan using k_5 on sbtest5  (cost=0.43..10.44 rows=100 width=4)
	  Index Cond: ((k >= 3815382) AND (k <= 3815482))

table 6 : explain SELECT k FROM sbtest6 WHERE k BETWEEN 3815382 AND 3815482
	Index Only Scan using k_6 on sbtest6  (cost=0.43..6.53 rows=105 width=4)
	  Index Cond: ((k >= 3815382) AND (k <= 3815482))

table 7 : explain SELECT k FROM sbtest7 WHERE k BETWEEN 3815382 AND 3815482
	Index Only Scan using k_7 on sbtest7  (cost=0.43..10.60 rows=108 width=4)
	  Index Cond: ((k >= 3815382) AND (k <= 3815482))

table 8 : explain SELECT k FROM sbtest8 WHERE k BETWEEN 3815382 AND 3815482
	Index Only Scan using k_8 on sbtest8  (cost=0.43..10.33 rows=95 width=4)
	  Index Cond: ((k >= 3815382) AND (k <= 3815482))

explain: for range-covered :: explain SELECT k FROM sbtest%d WHERE k BETWEEN 3815382 AND 3815482
for range-covered
table 1 : explain SELECT k FROM sbtest1 WHERE k BETWEEN 3342664 AND 3342764
	Index Only Scan using k_1 on sbtest1  (cost=0.43..10.38 rows=97 width=4)
	  Index Cond: ((k >= 3342664) AND (k <= 3342764))

table 2 : explain SELECT k FROM sbtest2 WHERE k BETWEEN 3342664 AND 3342764
	Index Only Scan using k_2 on sbtest2  (cost=0.43..6.66 rows=111 width=4)
	  Index Cond: ((k >= 3342664) AND (k <= 3342764))

table 3 : explain SELECT k FROM sbtest3 WHERE k BETWEEN 3342664 AND 3342764
	Index Only Scan using k_3 on sbtest3  (cost=0.43..6.51 rows=104 width=4)
	  Index Cond: ((k >= 3342664) AND (k <= 3342764))

table 4 : explain SELECT k FROM sbtest4 WHERE k BETWEEN 3342664 AND 3342764
	Index Only Scan using k_4 on sbtest4  (cost=0.43..6.43 rows=100 width=4)
	  Index Cond: ((k >= 3342664) AND (k <= 3342764))

table 5 : explain SELECT k FROM sbtest5 WHERE k BETWEEN 3342664 AND 3342764
	Index Only Scan using k_5 on sbtest5  (cost=0.43..10.42 rows=99 width=4)
	  Index Cond: ((k >= 3342664) AND (k <= 3342764))

table 6 : explain SELECT k FROM sbtest6 WHERE k BETWEEN 3342664 AND 3342764
	Index Only Scan using k_6 on sbtest6  (cost=0.43..6.45 rows=101 width=4)
	  Index Cond: ((k >= 3342664) AND (k <= 3342764))

table 7 : explain SELECT k FROM sbtest7 WHERE k BETWEEN 3342664 AND 3342764
	Index Only Scan using k_7 on sbtest7  (cost=0.43..10.51 rows=104 width=4)
	  Index Cond: ((k >= 3342664) AND (k <= 3342764))

table 8 : explain SELECT k FROM sbtest8 WHERE k BETWEEN 3342664 AND 3342764
	Index Only Scan using k_8 on sbtest8  (cost=0.43..10.46 rows=101 width=4)
	  Index Cond: ((k >= 3342664) AND (k <= 3342764))

for range-covered
table 1 : explain SELECT k FROM sbtest1 WHERE k BETWEEN 6460789 AND 6460889
	Index Only Scan using k_1 on sbtest1  (cost=0.43..10.63 rows=110 width=4)
	  Index Cond: ((k >= 6460789) AND (k <= 6460889))

table 2 : explain SELECT k FROM sbtest2 WHERE k BETWEEN 6460789 AND 6460889
	Index Only Scan using k_2 on sbtest2  (cost=0.43..6.29 rows=93 width=4)
	  Index Cond: ((k >= 6460789) AND (k <= 6460889))

table 3 : explain SELECT k FROM sbtest3 WHERE k BETWEEN 6460789 AND 6460889
	Index Only Scan using k_3 on sbtest3  (cost=0.43..6.37 rows=97 width=4)
	  Index Cond: ((k >= 6460789) AND (k <= 6460889))

table 4 : explain SELECT k FROM sbtest4 WHERE k BETWEEN 6460789 AND 6460889
	Index Only Scan using k_4 on sbtest4  (cost=0.43..6.40 rows=98 width=4)
	  Index Cond: ((k >= 6460789) AND (k <= 6460889))

table 5 : explain SELECT k FROM sbtest5 WHERE k BETWEEN 6460789 AND 6460889
	Index Only Scan using k_5 on sbtest5  (cost=0.43..10.76 rows=116 width=4)
	  Index Cond: ((k >= 6460789) AND (k <= 6460889))

table 6 : explain SELECT k FROM sbtest6 WHERE k BETWEEN 6460789 AND 6460889
	Index Only Scan using k_6 on sbtest6  (cost=0.43..6.51 rows=104 width=4)
	  Index Cond: ((k >= 6460789) AND (k <= 6460889))

table 7 : explain SELECT k FROM sbtest7 WHERE k BETWEEN 6460789 AND 6460889
	Index Only Scan using k_7 on sbtest7  (cost=0.43..10.44 rows=100 width=4)
	  Index Cond: ((k >= 6460789) AND (k <= 6460889))

table 8 : explain SELECT k FROM sbtest8 WHERE k BETWEEN 6460789 AND 6460889
	Index Only Scan using k_8 on sbtest8  (cost=0.43..10.47 rows=102 width=4)
	  Index Cond: ((k >= 6460789) AND (k <= 6460889))

explain: for range-covered :: explain SELECT k FROM sbtest%d WHERE k BETWEEN 3342664 AND 3342764
explain: for range-covered :: explain SELECT k FROM sbtest%d WHERE k BETWEEN 6460789 AND 6460889
for range-covered
table 1 : explain SELECT k FROM sbtest1 WHERE k BETWEEN 4465039 AND 4465139
	Index Only Scan using k_1 on sbtest1  (cost=0.43..10.47 rows=102 width=4)
	  Index Cond: ((k >= 4465039) AND (k <= 4465139))

table 2 : explain SELECT k FROM sbtest2 WHERE k BETWEEN 4465039 AND 4465139
	Index Only Scan using k_2 on sbtest2  (cost=0.43..6.43 rows=100 width=4)
	  Index Cond: ((k >= 4465039) AND (k <= 4465139))

table 3 : explain SELECT k FROM sbtest3 WHERE k BETWEEN 4465039 AND 4465139
	Index Only Scan using k_3 on sbtest3  (cost=0.43..6.58 rows=107 width=4)
	  Index Cond: ((k >= 4465039) AND (k <= 4465139))

table 4 : explain SELECT k FROM sbtest4 WHERE k BETWEEN 4465039 AND 4465139
	Index Only Scan using k_4 on sbtest4  (cost=0.43..6.53 rows=105 width=4)
	  Index Cond: ((k >= 4465039) AND (k <= 4465139))

table 5 : explain SELECT k FROM sbtest5 WHERE k BETWEEN 4465039 AND 4465139
	Index Only Scan using k_5 on sbtest5  (cost=0.43..10.36 rows=96 width=4)
	  Index Cond: ((k >= 4465039) AND (k <= 4465139))

table 6 : explain SELECT k FROM sbtest6 WHERE k BETWEEN 4465039 AND 4465139
	Index Only Scan using k_6 on sbtest6  (cost=0.43..6.67 rows=112 width=4)
	  Index Cond: ((k >= 4465039) AND (k <= 4465139))

table 7 : explain SELECT k FROM sbtest7 WHERE k BETWEEN 4465039 AND 4465139
	Index Only Scan using k_7 on sbtest7  (cost=0.43..10.74 rows=115 width=4)
	  Index Cond: ((k >= 4465039) AND (k <= 4465139))

table 8 : explain SELECT k FROM sbtest8 WHERE k BETWEEN 4465039 AND 4465139
	Index Only Scan using k_8 on sbtest8  (cost=0.43..10.47 rows=102 width=4)
	  Index Cond: ((k >= 4465039) AND (k <= 4465139))

for range-covered
table 1 : explain SELECT k FROM sbtest1 WHERE k BETWEEN 7150491 AND 7150591
	Index Only Scan using k_1 on sbtest1  (cost=0.43..10.72 rows=114 width=4)
	  Index Cond: ((k >= 7150491) AND (k <= 7150591))

table 2 : explain SELECT k FROM sbtest2 WHERE k BETWEEN 7150491 AND 7150591
	Index Only Scan using k_2 on sbtest2  (cost=0.43..6.32 rows=94 width=4)
	  Index Cond: ((k >= 7150491) AND (k <= 7150591))

table 3 : explain SELECT k FROM sbtest3 WHERE k BETWEEN 7150491 AND 7150591
	Index Only Scan using k_3 on sbtest3  (cost=0.43..6.67 rows=112 width=4)
	  Index Cond: ((k >= 7150491) AND (k <= 7150591))

table 4 : explain SELECT k FROM sbtest4 WHERE k BETWEEN 7150491 AND 7150591
	Index Only Scan using k_4 on sbtest4  (cost=0.43..6.32 rows=94 width=4)
	  Index Cond: ((k >= 7150491) AND (k <= 7150591))

table 5 : explain SELECT k FROM sbtest5 WHERE k BETWEEN 7150491 AND 7150591
	Index Only Scan using k_5 on sbtest5  (cost=0.43..10.56 rows=106 width=4)
	  Index Cond: ((k >= 7150491) AND (k <= 7150591))

table 6 : explain SELECT k FROM sbtest6 WHERE k BETWEEN 7150491 AND 7150591
	Index Only Scan using k_6 on sbtest6  (cost=0.43..6.45 rows=101 width=4)
	  Index Cond: ((k >= 7150491) AND (k <= 7150591))

table 7 : explain SELECT k FROM sbtest7 WHERE k BETWEEN 7150491 AND 7150591
	Index Only Scan using k_7 on sbtest7  (cost=0.43..10.54 rows=105 width=4)
	  Index Cond: ((k >= 7150491) AND (k <= 7150591))

table 8 : explain SELECT k FROM sbtest8 WHERE k BETWEEN 7150491 AND 7150591
	Index Only Scan using k_8 on sbtest8  (cost=0.43..10.44 rows=100 width=4)
	  Index Cond: ((k >= 7150491) AND (k <= 7150591))

explain: for range-covered :: explain SELECT k FROM sbtest%d WHERE k BETWEEN 4465039 AND 4465139
explain: for range-covered :: explain SELECT k FROM sbtest%d WHERE k BETWEEN 6400835 AND 6400935
for range-covered
table 1 : explain SELECT k FROM sbtest1 WHERE k BETWEEN 3187892 AND 3187992
	Index Only Scan using k_1 on sbtest1  (cost=0.43..10.58 rows=107 width=4)
	  Index Cond: ((k >= 3187892) AND (k <= 3187992))

table 2 : explain SELECT k FROM sbtest2 WHERE k BETWEEN 3187892 AND 3187992
	Index Only Scan using k_2 on sbtest2  (cost=0.43..6.61 rows=109 width=4)
	  Index Cond: ((k >= 3187892) AND (k <= 3187992))

table 3 : explain SELECT k FROM sbtest3 WHERE k BETWEEN 3187892 AND 3187992
	Index Only Scan using k_3 on sbtest3  (cost=0.43..6.29 rows=93 width=4)
	  Index Cond: ((k >= 3187892) AND (k <= 3187992))

table 4 : explain SELECT k FROM sbtest4 WHERE k BETWEEN 3187892 AND 3187992
	Index Only Scan using k_4 on sbtest4  (cost=0.43..6.50 rows=103 width=4)
	  Index Cond: ((k >= 3187892) AND (k <= 3187992))

table 5 : explain SELECT k FROM sbtest5 WHERE k BETWEEN 3187892 AND 3187992
	Index Only Scan using k_5 on sbtest5  (cost=0.43..10.29 rows=93 width=4)
	  Index Cond: ((k >= 3187892) AND (k <= 3187992))

table 6 : explain SELECT k FROM sbtest6 WHERE k BETWEEN 3187892 AND 3187992
	Index Only Scan using k_6 on sbtest6  (cost=0.43..6.33 rows=95 width=4)
	  Index Cond: ((k >= 3187892) AND (k <= 3187992))

table 7 : explain SELECT k FROM sbtest7 WHERE k BETWEEN 3187892 AND 3187992
	Index Only Scan using k_7 on sbtest7  (cost=0.43..10.40 rows=98 width=4)
	  Index Cond: ((k >= 3187892) AND (k <= 3187992))

table 8 : explain SELECT k FROM sbtest8 WHERE k BETWEEN 3187892 AND 3187992
	Index Only Scan using k_8 on sbtest8  (cost=0.43..10.68 rows=112 width=4)
	  Index Cond: ((k >= 3187892) AND (k <= 3187992))

explain: for range-covered :: explain SELECT k FROM sbtest%d WHERE k BETWEEN 3187892 AND 3187992
for range-covered
table 1 : explain SELECT k FROM sbtest1 WHERE k BETWEEN 3815382 AND 3815482
	Index Only Scan using k_1 on sbtest1  (cost=0.43..10.33 rows=95 width=4)
	  Index Cond: ((k >= 3815382) AND (k <= 3815482))

table 2 : explain SELECT k FROM sbtest2 WHERE k BETWEEN 3815382 AND 3815482
	Index Only Scan using k_2 on sbtest2  (cost=0.43..6.47 rows=102 width=4)
	  Index Cond: ((k >= 3815382) AND (k <= 3815482))

table 3 : explain SELECT k FROM sbtest3 WHERE k BETWEEN 3815382 AND 3815482
	Index Only Scan using k_3 on sbtest3  (cost=0.43..6.45 rows=101 width=4)
	  Index Cond: ((k >= 3815382) AND (k <= 3815482))

table 4 : explain SELECT k FROM sbtest4 WHERE k BETWEEN 3815382 AND 3815482
	Index Only Scan using k_4 on sbtest4  (cost=0.43..6.51 rows=104 width=4)
	  Index Cond: ((k >= 3815382) AND (k <= 3815482))

table 5 : explain SELECT k FROM sbtest5 WHERE k BETWEEN 3815382 AND 3815482
	Index Only Scan using k_5 on sbtest5  (cost=0.43..10.44 rows=100 width=4)
	  Index Cond: ((k >= 3815382) AND (k <= 3815482))

table 6 : explain SELECT k FROM sbtest6 WHERE k BETWEEN 3815382 AND 3815482
	Index Only Scan using k_6 on sbtest6  (cost=0.43..6.53 rows=105 width=4)
	  Index Cond: ((k >= 3815382) AND (k <= 3815482))

table 7 : explain SELECT k FROM sbtest7 WHERE k BETWEEN 3815382 AND 3815482
	Index Only Scan using k_7 on sbtest7  (cost=0.43..10.60 rows=108 width=4)
	  Index Cond: ((k >= 3815382) AND (k <= 3815482))

table 8 : explain SELECT k FROM sbtest8 WHERE k BETWEEN 3815382 AND 3815482
	Index Only Scan using k_8 on sbtest8  (cost=0.43..10.33 rows=95 width=4)
	  Index Cond: ((k >= 3815382) AND (k <= 3815482))

explain: for range-covered :: explain SELECT k FROM sbtest%d WHERE k BETWEEN 3815382 AND 3815482
for range-covered
table 1 : explain SELECT k FROM sbtest1 WHERE k BETWEEN 6460789 AND 6460889
	Index Only Scan using k_1 on sbtest1  (cost=0.43..10.63 rows=110 width=4)
	  Index Cond: ((k >= 6460789) AND (k <= 6460889))

table 2 : explain SELECT k FROM sbtest2 WHERE k BETWEEN 6460789 AND 6460889
	Index Only Scan using k_2 on sbtest2  (cost=0.43..6.29 rows=93 width=4)
	  Index Cond: ((k >= 6460789) AND (k <= 6460889))

table 3 : explain SELECT k FROM sbtest3 WHERE k BETWEEN 6460789 AND 6460889
	Index Only Scan using k_3 on sbtest3  (cost=0.43..6.37 rows=97 width=4)
	  Index Cond: ((k >= 6460789) AND (k <= 6460889))

table 4 : explain SELECT k FROM sbtest4 WHERE k BETWEEN 6460789 AND 6460889
	Index Only Scan using k_4 on sbtest4  (cost=0.43..6.40 rows=98 width=4)
	  Index Cond: ((k >= 6460789) AND (k <= 6460889))

table 5 : explain SELECT k FROM sbtest5 WHERE k BETWEEN 6460789 AND 6460889
	Index Only Scan using k_5 on sbtest5  (cost=0.43..10.76 rows=116 width=4)
	  Index Cond: ((k >= 6460789) AND (k <= 6460889))

table 6 : explain SELECT k FROM sbtest6 WHERE k BETWEEN 6460789 AND 6460889
	Index Only Scan using k_6 on sbtest6  (cost=0.43..6.51 rows=104 width=4)
	  Index Cond: ((k >= 6460789) AND (k <= 6460889))

table 7 : explain SELECT k FROM sbtest7 WHERE k BETWEEN 6460789 AND 6460889
	Index Only Scan using k_7 on sbtest7  (cost=0.43..10.44 rows=100 width=4)
	  Index Cond: ((k >= 6460789) AND (k <= 6460889))

table 8 : explain SELECT k FROM sbtest8 WHERE k BETWEEN 6460789 AND 6460889
	Index Only Scan using k_8 on sbtest8  (cost=0.43..10.47 rows=102 width=4)
	  Index Cond: ((k >= 6460789) AND (k <= 6460889))

for range-covered
table 1 : explain SELECT k FROM sbtest1 WHERE k BETWEEN 3342664 AND 3342764
	Index Only Scan using k_1 on sbtest1  (cost=0.43..10.38 rows=97 width=4)
	  Index Cond: ((k >= 3342664) AND (k <= 3342764))

table 2 : explain SELECT k FROM sbtest2 WHERE k BETWEEN 3342664 AND 3342764
	Index Only Scan using k_2 on sbtest2  (cost=0.43..6.66 rows=111 width=4)
	  Index Cond: ((k >= 3342664) AND (k <= 3342764))

table 3 : explain SELECT k FROM sbtest3 WHERE k BETWEEN 3342664 AND 3342764
	Index Only Scan using k_3 on sbtest3  (cost=0.43..6.51 rows=104 width=4)
	  Index Cond: ((k >= 3342664) AND (k <= 3342764))

table 4 : explain SELECT k FROM sbtest4 WHERE k BETWEEN 3342664 AND 3342764
	Index Only Scan using k_4 on sbtest4  (cost=0.43..6.43 rows=100 width=4)
	  Index Cond: ((k >= 3342664) AND (k <= 3342764))

table 5 : explain SELECT k FROM sbtest5 WHERE k BETWEEN 3342664 AND 3342764
	Index Only Scan using k_5 on sbtest5  (cost=0.43..10.42 rows=99 width=4)
	  Index Cond: ((k >= 3342664) AND (k <= 3342764))

table 6 : explain SELECT k FROM sbtest6 WHERE k BETWEEN 3342664 AND 3342764
	Index Only Scan using k_6 on sbtest6  (cost=0.43..6.45 rows=101 width=4)
	  Index Cond: ((k >= 3342664) AND (k <= 3342764))

table 7 : explain SELECT k FROM sbtest7 WHERE k BETWEEN 3342664 AND 3342764
	Index Only Scan using k_7 on sbtest7  (cost=0.43..10.51 rows=104 width=4)
	  Index Cond: ((k >= 3342664) AND (k <= 3342764))

table 8 : explain SELECT k FROM sbtest8 WHERE k BETWEEN 3342664 AND 3342764
	Index Only Scan using k_8 on sbtest8  (cost=0.43..10.46 rows=101 width=4)
	  Index Cond: ((k >= 3342664) AND (k <= 3342764))

explain: for range-covered :: explain SELECT k FROM sbtest%d WHERE k BETWEEN 6460789 AND 6460889
explain: for range-covered :: explain SELECT k FROM sbtest%d WHERE k BETWEEN 3342664 AND 3342764
for range-covered
table 1 : explain SELECT k FROM sbtest1 WHERE k BETWEEN 4465039 AND 4465139
	Index Only Scan using k_1 on sbtest1  (cost=0.43..10.47 rows=102 width=4)
	  Index Cond: ((k >= 4465039) AND (k <= 4465139))

table 2 : explain SELECT k FROM sbtest2 WHERE k BETWEEN 4465039 AND 4465139
	Index Only Scan using k_2 on sbtest2  (cost=0.43..6.43 rows=100 width=4)
	  Index Cond: ((k >= 4465039) AND (k <= 4465139))

table 3 : explain SELECT k FROM sbtest3 WHERE k BETWEEN 4465039 AND 4465139
	Index Only Scan using k_3 on sbtest3  (cost=0.43..6.58 rows=107 width=4)
	  Index Cond: ((k >= 4465039) AND (k <= 4465139))

table 4 : explain SELECT k FROM sbtest4 WHERE k BETWEEN 4465039 AND 4465139
	Index Only Scan using k_4 on sbtest4  (cost=0.43..6.53 rows=105 width=4)
	  Index Cond: ((k >= 4465039) AND (k <= 4465139))

table 5 : explain SELECT k FROM sbtest5 WHERE k BETWEEN 4465039 AND 4465139
	Index Only Scan using k_5 on sbtest5  (cost=0.43..10.36 rows=96 width=4)
	  Index Cond: ((k >= 4465039) AND (k <= 4465139))

table 6 : explain SELECT k FROM sbtest6 WHERE k BETWEEN 4465039 AND 4465139
	Index Only Scan using k_6 on sbtest6  (cost=0.43..6.67 rows=112 width=4)
	  Index Cond: ((k >= 4465039) AND (k <= 4465139))

table 7 : explain SELECT k FROM sbtest7 WHERE k BETWEEN 4465039 AND 4465139
	Index Only Scan using k_7 on sbtest7  (cost=0.43..10.74 rows=115 width=4)
	  Index Cond: ((k >= 4465039) AND (k <= 4465139))

table 8 : explain SELECT k FROM sbtest8 WHERE k BETWEEN 4465039 AND 4465139
	Index Only Scan using k_8 on sbtest8  (cost=0.43..10.47 rows=102 width=4)
	  Index Cond: ((k >= 4465039) AND (k <= 4465139))

explain: for range-covered :: explain SELECT k FROM sbtest%d WHERE k BETWEEN 4465039 AND 4465139
explain: for range-covered :: explain SELECT k FROM sbtest%d WHERE k BETWEEN 6107280 AND 6107380
explain: for range-covered :: explain SELECT k FROM sbtest%d WHERE k BETWEEN 5314663 AND 5314763
for range-covered
table 1 : explain SELECT k FROM sbtest1 WHERE k BETWEEN 3187892 AND 3187992
	Index Only Scan using k_1 on sbtest1  (cost=0.43..10.58 rows=107 width=4)
	  Index Cond: ((k >= 3187892) AND (k <= 3187992))

table 2 : explain SELECT k FROM sbtest2 WHERE k BETWEEN 3187892 AND 3187992
	Index Only Scan using k_2 on sbtest2  (cost=0.43..6.61 rows=109 width=4)
	  Index Cond: ((k >= 3187892) AND (k <= 3187992))

table 3 : explain SELECT k FROM sbtest3 WHERE k BETWEEN 3187892 AND 3187992
	Index Only Scan using k_3 on sbtest3  (cost=0.43..6.29 rows=93 width=4)
	  Index Cond: ((k >= 3187892) AND (k <= 3187992))

table 4 : explain SELECT k FROM sbtest4 WHERE k BETWEEN 3187892 AND 3187992
	Index Only Scan using k_4 on sbtest4  (cost=0.43..6.50 rows=103 width=4)
	  Index Cond: ((k >= 3187892) AND (k <= 3187992))

table 5 : explain SELECT k FROM sbtest5 WHERE k BETWEEN 3187892 AND 3187992
	Index Only Scan using k_5 on sbtest5  (cost=0.43..10.29 rows=93 width=4)
	  Index Cond: ((k >= 3187892) AND (k <= 3187992))

table 6 : explain SELECT k FROM sbtest6 WHERE k BETWEEN 3187892 AND 3187992
	Index Only Scan using k_6 on sbtest6  (cost=0.43..6.33 rows=95 width=4)
	  Index Cond: ((k >= 3187892) AND (k <= 3187992))

table 7 : explain SELECT k FROM sbtest7 WHERE k BETWEEN 3187892 AND 3187992
	Index Only Scan using k_7 on sbtest7  (cost=0.43..10.40 rows=98 width=4)
	  Index Cond: ((k >= 3187892) AND (k <= 3187992))

table 8 : explain SELECT k FROM sbtest8 WHERE k BETWEEN 3187892 AND 3187992
	Index Only Scan using k_8 on sbtest8  (cost=0.43..10.68 rows=112 width=4)
	  Index Cond: ((k >= 3187892) AND (k <= 3187992))

explain: for range-covered :: explain SELECT k FROM sbtest%d WHERE k BETWEEN 3187892 AND 3187992
for range-covered
table 1 : explain SELECT k FROM sbtest1 WHERE k BETWEEN 3815382 AND 3815482
	Index Only Scan using k_1 on sbtest1  (cost=0.43..10.33 rows=95 width=4)
	  Index Cond: ((k >= 3815382) AND (k <= 3815482))

table 2 : explain SELECT k FROM sbtest2 WHERE k BETWEEN 3815382 AND 3815482
	Index Only Scan using k_2 on sbtest2  (cost=0.43..6.47 rows=102 width=4)
	  Index Cond: ((k >= 3815382) AND (k <= 3815482))

table 3 : explain SELECT k FROM sbtest3 WHERE k BETWEEN 3815382 AND 3815482
	Index Only Scan using k_3 on sbtest3  (cost=0.43..6.45 rows=101 width=4)
	  Index Cond: ((k >= 3815382) AND (k <= 3815482))

table 4 : explain SELECT k FROM sbtest4 WHERE k BETWEEN 3815382 AND 3815482
	Index Only Scan using k_4 on sbtest4  (cost=0.43..6.51 rows=104 width=4)
	  Index Cond: ((k >= 3815382) AND (k <= 3815482))

table 5 : explain SELECT k FROM sbtest5 WHERE k BETWEEN 3815382 AND 3815482
	Index Only Scan using k_5 on sbtest5  (cost=0.43..10.44 rows=100 width=4)
	  Index Cond: ((k >= 3815382) AND (k <= 3815482))

table 6 : explain SELECT k FROM sbtest6 WHERE k BETWEEN 3815382 AND 3815482
	Index Only Scan using k_6 on sbtest6  (cost=0.43..6.53 rows=105 width=4)
	  Index Cond: ((k >= 3815382) AND (k <= 3815482))

table 7 : explain SELECT k FROM sbtest7 WHERE k BETWEEN 3815382 AND 3815482
	Index Only Scan using k_7 on sbtest7  (cost=0.43..10.60 rows=108 width=4)
	  Index Cond: ((k >= 3815382) AND (k <= 3815482))

table 8 : explain SELECT k FROM sbtest8 WHERE k BETWEEN 3815382 AND 3815482
	Index Only Scan using k_8 on sbtest8  (cost=0.43..10.33 rows=95 width=4)
	  Index Cond: ((k >= 3815382) AND (k <= 3815482))

explain: for range-covered :: explain SELECT k FROM sbtest%d WHERE k BETWEEN 3815382 AND 3815482
for range-covered
table 1 : explain SELECT k FROM sbtest1 WHERE k BETWEEN 3342664 AND 3342764
	Index Only Scan using k_1 on sbtest1  (cost=0.43..10.38 rows=97 width=4)
	  Index Cond: ((k >= 3342664) AND (k <= 3342764))

table 2 : explain SELECT k FROM sbtest2 WHERE k BETWEEN 3342664 AND 3342764
	Index Only Scan using k_2 on sbtest2  (cost=0.43..6.66 rows=111 width=4)
	  Index Cond: ((k >= 3342664) AND (k <= 3342764))

table 3 : explain SELECT k FROM sbtest3 WHERE k BETWEEN 3342664 AND 3342764
	Index Only Scan using k_3 on sbtest3  (cost=0.43..6.51 rows=104 width=4)
	  Index Cond: ((k >= 3342664) AND (k <= 3342764))

table 4 : explain SELECT k FROM sbtest4 WHERE k BETWEEN 3342664 AND 3342764
	Index Only Scan using k_4 on sbtest4  (cost=0.43..6.43 rows=100 width=4)
	  Index Cond: ((k >= 3342664) AND (k <= 3342764))

table 5 : explain SELECT k FROM sbtest5 WHERE k BETWEEN 3342664 AND 3342764
	Index Only Scan using k_5 on sbtest5  (cost=0.43..10.42 rows=99 width=4)
	  Index Cond: ((k >= 3342664) AND (k <= 3342764))

table 6 : explain SELECT k FROM sbtest6 WHERE k BETWEEN 3342664 AND 3342764
	Index Only Scan using k_6 on sbtest6  (cost=0.43..6.45 rows=101 width=4)
	  Index Cond: ((k >= 3342664) AND (k <= 3342764))

table 7 : explain SELECT k FROM sbtest7 WHERE k BETWEEN 3342664 AND 3342764
	Index Only Scan using k_7 on sbtest7  (cost=0.43..10.51 rows=104 width=4)
	  Index Cond: ((k >= 3342664) AND (k <= 3342764))

table 8 : explain SELECT k FROM sbtest8 WHERE k BETWEEN 3342664 AND 3342764
	Index Only Scan using k_8 on sbtest8  (cost=0.43..10.46 rows=101 width=4)
	  Index Cond: ((k >= 3342664) AND (k <= 3342764))

for range-covered
table 1 : explain SELECT k FROM sbtest1 WHERE k BETWEEN 6460789 AND 6460889
	Index Only Scan using k_1 on sbtest1  (cost=0.43..10.63 rows=110 width=4)
	  Index Cond: ((k >= 6460789) AND (k <= 6460889))

table 2 : explain SELECT k FROM sbtest2 WHERE k BETWEEN 6460789 AND 6460889
	Index Only Scan using k_2 on sbtest2  (cost=0.43..6.29 rows=93 width=4)
	  Index Cond: ((k >= 6460789) AND (k <= 6460889))

table 3 : explain SELECT k FROM sbtest3 WHERE k BETWEEN 6460789 AND 6460889
	Index Only Scan using k_3 on sbtest3  (cost=0.43..6.37 rows=97 width=4)
	  Index Cond: ((k >= 6460789) AND (k <= 6460889))

table 4 : explain SELECT k FROM sbtest4 WHERE k BETWEEN 6460789 AND 6460889
	Index Only Scan using k_4 on sbtest4  (cost=0.43..6.40 rows=98 width=4)
	  Index Cond: ((k >= 6460789) AND (k <= 6460889))

table 5 : explain SELECT k FROM sbtest5 WHERE k BETWEEN 6460789 AND 6460889
	Index Only Scan using k_5 on sbtest5  (cost=0.43..10.76 rows=116 width=4)
	  Index Cond: ((k >= 6460789) AND (k <= 6460889))

table 6 : explain SELECT k FROM sbtest6 WHERE k BETWEEN 6460789 AND 6460889
	Index Only Scan using k_6 on sbtest6  (cost=0.43..6.51 rows=104 width=4)
	  Index Cond: ((k >= 6460789) AND (k <= 6460889))

table 7 : explain SELECT k FROM sbtest7 WHERE k BETWEEN 6460789 AND 6460889
	Index Only Scan using k_7 on sbtest7  (cost=0.43..10.44 rows=100 width=4)
	  Index Cond: ((k >= 6460789) AND (k <= 6460889))

table 8 : explain SELECT k FROM sbtest8 WHERE k BETWEEN 6460789 AND 6460889
	Index Only Scan using k_8 on sbtest8  (cost=0.43..10.47 rows=102 width=4)
	  Index Cond: ((k >= 6460789) AND (k <= 6460889))

explain: for range-covered :: explain SELECT k FROM sbtest%d WHERE k BETWEEN 3342664 AND 3342764
explain: for range-covered :: explain SELECT k FROM sbtest%d WHERE k BETWEEN 6460789 AND 6460889
for range-covered
table 1 : explain SELECT k FROM sbtest1 WHERE k BETWEEN 4465039 AND 4465139
	Index Only Scan using k_1 on sbtest1  (cost=0.43..10.47 rows=102 width=4)
	  Index Cond: ((k >= 4465039) AND (k <= 4465139))

table 2 : explain SELECT k FROM sbtest2 WHERE k BETWEEN 4465039 AND 4465139
	Index Only Scan using k_2 on sbtest2  (cost=0.43..6.43 rows=100 width=4)
	  Index Cond: ((k >= 4465039) AND (k <= 4465139))

table 3 : explain SELECT k FROM sbtest3 WHERE k BETWEEN 4465039 AND 4465139
	Index Only Scan using k_3 on sbtest3  (cost=0.43..6.58 rows=107 width=4)
	  Index Cond: ((k >= 4465039) AND (k <= 4465139))

table 4 : explain SELECT k FROM sbtest4 WHERE k BETWEEN 4465039 AND 4465139
	Index Only Scan using k_4 on sbtest4  (cost=0.43..6.53 rows=105 width=4)
	  Index Cond: ((k >= 4465039) AND (k <= 4465139))

table 5 : explain SELECT k FROM sbtest5 WHERE k BETWEEN 4465039 AND 4465139
	Index Only Scan using k_5 on sbtest5  (cost=0.43..10.36 rows=96 width=4)
	  Index Cond: ((k >= 4465039) AND (k <= 4465139))

table 6 : explain SELECT k FROM sbtest6 WHERE k BETWEEN 4465039 AND 4465139
	Index Only Scan using k_6 on sbtest6  (cost=0.43..6.67 rows=112 width=4)
	  Index Cond: ((k >= 4465039) AND (k <= 4465139))

table 7 : explain SELECT k FROM sbtest7 WHERE k BETWEEN 4465039 AND 4465139
	Index Only Scan using k_7 on sbtest7  (cost=0.43..10.74 rows=115 width=4)
	  Index Cond: ((k >= 4465039) AND (k <= 4465139))

table 8 : explain SELECT k FROM sbtest8 WHERE k BETWEEN 4465039 AND 4465139
	Index Only Scan using k_8 on sbtest8  (cost=0.43..10.47 rows=102 width=4)
	  Index Cond: ((k >= 4465039) AND (k <= 4465139))

explain: for range-covered :: explain SELECT k FROM sbtest%d WHERE k BETWEEN 4465039 AND 4465139
for range-covered
table 1 : explain SELECT k FROM sbtest1 WHERE k BETWEEN 3187892 AND 3187992
	Index Only Scan using k_1 on sbtest1  (cost=0.43..10.58 rows=107 width=4)
	  Index Cond: ((k >= 3187892) AND (k <= 3187992))

table 2 : explain SELECT k FROM sbtest2 WHERE k BETWEEN 3187892 AND 3187992
	Index Only Scan using k_2 on sbtest2  (cost=0.43..6.61 rows=109 width=4)
	  Index Cond: ((k >= 3187892) AND (k <= 3187992))

table 3 : explain SELECT k FROM sbtest3 WHERE k BETWEEN 3187892 AND 3187992
	Index Only Scan using k_3 on sbtest3  (cost=0.43..6.29 rows=93 width=4)
	  Index Cond: ((k >= 3187892) AND (k <= 3187992))

table 4 : explain SELECT k FROM sbtest4 WHERE k BETWEEN 3187892 AND 3187992
	Index Only Scan using k_4 on sbtest4  (cost=0.43..6.50 rows=103 width=4)
	  Index Cond: ((k >= 3187892) AND (k <= 3187992))

table 5 : explain SELECT k FROM sbtest5 WHERE k BETWEEN 3187892 AND 3187992
	Index Only Scan using k_5 on sbtest5  (cost=0.43..10.29 rows=93 width=4)
	  Index Cond: ((k >= 3187892) AND (k <= 3187992))

table 6 : explain SELECT k FROM sbtest6 WHERE k BETWEEN 3187892 AND 3187992
	Index Only Scan using k_6 on sbtest6  (cost=0.43..6.33 rows=95 width=4)
	  Index Cond: ((k >= 3187892) AND (k <= 3187992))

table 7 : explain SELECT k FROM sbtest7 WHERE k BETWEEN 3187892 AND 3187992
	Index Only Scan using k_7 on sbtest7  (cost=0.43..10.40 rows=98 width=4)
	  Index Cond: ((k >= 3187892) AND (k <= 3187992))

table 8 : explain SELECT k FROM sbtest8 WHERE k BETWEEN 3187892 AND 3187992
	Index Only Scan using k_8 on sbtest8  (cost=0.43..10.68 rows=112 width=4)
	  Index Cond: ((k >= 3187892) AND (k <= 3187992))

explain: for range-covered :: explain SELECT k FROM sbtest%d WHERE k BETWEEN 3187892 AND 3187992
for range-covered
table 1 : explain SELECT k FROM sbtest1 WHERE k BETWEEN 3815382 AND 3815482
	Index Only Scan using k_1 on sbtest1  (cost=0.43..10.33 rows=95 width=4)
	  Index Cond: ((k >= 3815382) AND (k <= 3815482))

table 2 : explain SELECT k FROM sbtest2 WHERE k BETWEEN 3815382 AND 3815482
	Index Only Scan using k_2 on sbtest2  (cost=0.43..6.47 rows=102 width=4)
	  Index Cond: ((k >= 3815382) AND (k <= 3815482))

table 3 : explain SELECT k FROM sbtest3 WHERE k BETWEEN 3815382 AND 3815482
	Index Only Scan using k_3 on sbtest3  (cost=0.43..6.45 rows=101 width=4)
	  Index Cond: ((k >= 3815382) AND (k <= 3815482))

table 4 : explain SELECT k FROM sbtest4 WHERE k BETWEEN 3815382 AND 3815482
	Index Only Scan using k_4 on sbtest4  (cost=0.43..6.51 rows=104 width=4)
	  Index Cond: ((k >= 3815382) AND (k <= 3815482))

table 5 : explain SELECT k FROM sbtest5 WHERE k BETWEEN 3815382 AND 3815482
	Index Only Scan using k_5 on sbtest5  (cost=0.43..10.44 rows=100 width=4)
	  Index Cond: ((k >= 3815382) AND (k <= 3815482))

table 6 : explain SELECT k FROM sbtest6 WHERE k BETWEEN 3815382 AND 3815482
	Index Only Scan using k_6 on sbtest6  (cost=0.43..6.53 rows=105 width=4)
	  Index Cond: ((k >= 3815382) AND (k <= 3815482))

table 7 : explain SELECT k FROM sbtest7 WHERE k BETWEEN 3815382 AND 3815482
	Index Only Scan using k_7 on sbtest7  (cost=0.43..10.60 rows=108 width=4)
	  Index Cond: ((k >= 3815382) AND (k <= 3815482))

table 8 : explain SELECT k FROM sbtest8 WHERE k BETWEEN 3815382 AND 3815482
	Index Only Scan using k_8 on sbtest8  (cost=0.43..10.33 rows=95 width=4)
	  Index Cond: ((k >= 3815382) AND (k <= 3815482))

for range-covered
table 1 : explain SELECT k FROM sbtest1 WHERE k BETWEEN 3342664 AND 3342764
	Index Only Scan using k_1 on sbtest1  (cost=0.43..10.38 rows=97 width=4)
	  Index Cond: ((k >= 3342664) AND (k <= 3342764))

table 2 : explain SELECT k FROM sbtest2 WHERE k BETWEEN 3342664 AND 3342764
	Index Only Scan using k_2 on sbtest2  (cost=0.43..6.66 rows=111 width=4)
	  Index Cond: ((k >= 3342664) AND (k <= 3342764))

table 3 : explain SELECT k FROM sbtest3 WHERE k BETWEEN 3342664 AND 3342764
	Index Only Scan using k_3 on sbtest3  (cost=0.43..6.51 rows=104 width=4)
	  Index Cond: ((k >= 3342664) AND (k <= 3342764))

table 4 : explain SELECT k FROM sbtest4 WHERE k BETWEEN 3342664 AND 3342764
	Index Only Scan using k_4 on sbtest4  (cost=0.43..6.43 rows=100 width=4)
	  Index Cond: ((k >= 3342664) AND (k <= 3342764))

table 5 : explain SELECT k FROM sbtest5 WHERE k BETWEEN 3342664 AND 3342764
	Index Only Scan using k_5 on sbtest5  (cost=0.43..10.42 rows=99 width=4)
	  Index Cond: ((k >= 3342664) AND (k <= 3342764))

table 6 : explain SELECT k FROM sbtest6 WHERE k BETWEEN 3342664 AND 3342764
	Index Only Scan using k_6 on sbtest6  (cost=0.43..6.45 rows=101 width=4)
	  Index Cond: ((k >= 3342664) AND (k <= 3342764))

table 7 : explain SELECT k FROM sbtest7 WHERE k BETWEEN 3342664 AND 3342764
	Index Only Scan using k_7 on sbtest7  (cost=0.43..10.51 rows=104 width=4)
	  Index Cond: ((k >= 3342664) AND (k <= 3342764))

table 8 : explain SELECT k FROM sbtest8 WHERE k BETWEEN 3342664 AND 3342764
	Index Only Scan using k_8 on sbtest8  (cost=0.43..10.46 rows=101 width=4)
	  Index Cond: ((k >= 3342664) AND (k <= 3342764))

for range-covered
table 1 : explain SELECT k FROM sbtest1 WHERE k BETWEEN 6460789 AND 6460889
	Index Only Scan using k_1 on sbtest1  (cost=0.43..10.63 rows=110 width=4)
	  Index Cond: ((k >= 6460789) AND (k <= 6460889))

table 2 : explain SELECT k FROM sbtest2 WHERE k BETWEEN 6460789 AND 6460889
	Index Only Scan using k_2 on sbtest2  (cost=0.43..6.29 rows=93 width=4)
	  Index Cond: ((k >= 6460789) AND (k <= 6460889))

table 3 : explain SELECT k FROM sbtest3 WHERE k BETWEEN 6460789 AND 6460889
	Index Only Scan using k_3 on sbtest3  (cost=0.43..6.37 rows=97 width=4)
	  Index Cond: ((k >= 6460789) AND (k <= 6460889))

table 4 : explain SELECT k FROM sbtest4 WHERE k BETWEEN 6460789 AND 6460889
	Index Only Scan using k_4 on sbtest4  (cost=0.43..6.40 rows=98 width=4)
	  Index Cond: ((k >= 6460789) AND (k <= 6460889))

table 5 : explain SELECT k FROM sbtest5 WHERE k BETWEEN 6460789 AND 6460889
	Index Only Scan using k_5 on sbtest5  (cost=0.43..10.76 rows=116 width=4)
	  Index Cond: ((k >= 6460789) AND (k <= 6460889))

table 6 : explain SELECT k FROM sbtest6 WHERE k BETWEEN 6460789 AND 6460889
	Index Only Scan using k_6 on sbtest6  (cost=0.43..6.51 rows=104 width=4)
	  Index Cond: ((k >= 6460789) AND (k <= 6460889))

table 7 : explain SELECT k FROM sbtest7 WHERE k BETWEEN 6460789 AND 6460889
	Index Only Scan using k_7 on sbtest7  (cost=0.43..10.44 rows=100 width=4)
	  Index Cond: ((k >= 6460789) AND (k <= 6460889))

table 8 : explain SELECT k FROM sbtest8 WHERE k BETWEEN 6460789 AND 6460889
	Index Only Scan using k_8 on sbtest8  (cost=0.43..10.47 rows=102 width=4)
	  Index Cond: ((k >= 6460789) AND (k <= 6460889))

explain: for range-covered :: explain SELECT k FROM sbtest%d WHERE k BETWEEN 3342664 AND 3342764
explain: for range-covered :: explain SELECT k FROM sbtest%d WHERE k BETWEEN 6460789 AND 6460889
for range-covered
table 1 : explain SELECT k FROM sbtest1 WHERE k BETWEEN 4465039 AND 4465139
	Index Only Scan using k_1 on sbtest1  (cost=0.43..10.47 rows=102 width=4)
	  Index Cond: ((k >= 4465039) AND (k <= 4465139))

table 2 : explain SELECT k FROM sbtest2 WHERE k BETWEEN 4465039 AND 4465139
	Index Only Scan using k_2 on sbtest2  (cost=0.43..6.43 rows=100 width=4)
	  Index Cond: ((k >= 4465039) AND (k <= 4465139))

table 3 : explain SELECT k FROM sbtest3 WHERE k BETWEEN 4465039 AND 4465139
	Index Only Scan using k_3 on sbtest3  (cost=0.43..6.58 rows=107 width=4)
	  Index Cond: ((k >= 4465039) AND (k <= 4465139))

table 4 : explain SELECT k FROM sbtest4 WHERE k BETWEEN 4465039 AND 4465139
	Index Only Scan using k_4 on sbtest4  (cost=0.43..6.53 rows=105 width=4)
	  Index Cond: ((k >= 4465039) AND (k <= 4465139))

table 5 : explain SELECT k FROM sbtest5 WHERE k BETWEEN 4465039 AND 4465139
	Index Only Scan using k_5 on sbtest5  (cost=0.43..10.36 rows=96 width=4)
	  Index Cond: ((k >= 4465039) AND (k <= 4465139))

table 6 : explain SELECT k FROM sbtest6 WHERE k BETWEEN 4465039 AND 4465139
	Index Only Scan using k_6 on sbtest6  (cost=0.43..6.67 rows=112 width=4)
	  Index Cond: ((k >= 4465039) AND (k <= 4465139))

table 7 : explain SELECT k FROM sbtest7 WHERE k BETWEEN 4465039 AND 4465139
	Index Only Scan using k_7 on sbtest7  (cost=0.43..10.74 rows=115 width=4)
	  Index Cond: ((k >= 4465039) AND (k <= 4465139))

table 8 : explain SELECT k FROM sbtest8 WHERE k BETWEEN 4465039 AND 4465139
	Index Only Scan using k_8 on sbtest8  (cost=0.43..10.47 rows=102 width=4)
	  Index Cond: ((k >= 4465039) AND (k <= 4465139))

explain: for range-covered :: explain SELECT k FROM sbtest%d WHERE k BETWEEN 4465039 AND 4465139
explain: for range-covered :: explain SELECT k FROM sbtest%d WHERE k BETWEEN 7320855 AND 7320955
for range-covered
table 1 : explain SELECT k FROM sbtest1 WHERE k BETWEEN 3187892 AND 3187992
	Index Only Scan using k_1 on sbtest1  (cost=0.43..10.58 rows=107 width=4)
	  Index Cond: ((k >= 3187892) AND (k <= 3187992))

table 2 : explain SELECT k FROM sbtest2 WHERE k BETWEEN 3187892 AND 3187992
	Index Only Scan using k_2 on sbtest2  (cost=0.43..6.61 rows=109 width=4)
	  Index Cond: ((k >= 3187892) AND (k <= 3187992))

table 3 : explain SELECT k FROM sbtest3 WHERE k BETWEEN 3187892 AND 3187992
	Index Only Scan using k_3 on sbtest3  (cost=0.43..6.29 rows=93 width=4)
	  Index Cond: ((k >= 3187892) AND (k <= 3187992))

table 4 : explain SELECT k FROM sbtest4 WHERE k BETWEEN 3187892 AND 3187992
	Index Only Scan using k_4 on sbtest4  (cost=0.43..6.50 rows=103 width=4)
	  Index Cond: ((k >= 3187892) AND (k <= 3187992))

table 5 : explain SELECT k FROM sbtest5 WHERE k BETWEEN 3187892 AND 3187992
	Index Only Scan using k_5 on sbtest5  (cost=0.43..10.29 rows=93 width=4)
	  Index Cond: ((k >= 3187892) AND (k <= 3187992))

table 6 : explain SELECT k FROM sbtest6 WHERE k BETWEEN 3187892 AND 3187992
	Index Only Scan using k_6 on sbtest6  (cost=0.43..6.33 rows=95 width=4)
	  Index Cond: ((k >= 3187892) AND (k <= 3187992))

table 7 : explain SELECT k FROM sbtest7 WHERE k BETWEEN 3187892 AND 3187992
	Index Only Scan using k_7 on sbtest7  (cost=0.43..10.40 rows=98 width=4)
	  Index Cond: ((k >= 3187892) AND (k <= 3187992))

table 8 : explain SELECT k FROM sbtest8 WHERE k BETWEEN 3187892 AND 3187992
	Index Only Scan using k_8 on sbtest8  (cost=0.43..10.68 rows=112 width=4)
	  Index Cond: ((k >= 3187892) AND (k <= 3187992))

for range-covered
table 1 : explain SELECT k FROM sbtest1 WHERE k BETWEEN 6400835 AND 6400935
	Index Only Scan using k_1 on sbtest1  (cost=0.43..10.46 rows=101 width=4)
	  Index Cond: ((k >= 6400835) AND (k <= 6400935))

table 2 : explain SELECT k FROM sbtest2 WHERE k BETWEEN 6400835 AND 6400935
	Index Only Scan using k_2 on sbtest2  (cost=0.43..6.72 rows=114 width=4)
	  Index Cond: ((k >= 6400835) AND (k <= 6400935))

table 3 : explain SELECT k FROM sbtest3 WHERE k BETWEEN 6400835 AND 6400935
	Index Only Scan using k_3 on sbtest3  (cost=0.43..6.47 rows=102 width=4)
	  Index Cond: ((k >= 6400835) AND (k <= 6400935))

table 4 : explain SELECT k FROM sbtest4 WHERE k BETWEEN 6400835 AND 6400935
	Index Only Scan using k_4 on sbtest4  (cost=0.43..6.40 rows=98 width=4)
	  Index Cond: ((k >= 6400835) AND (k <= 6400935))

table 5 : explain SELECT k FROM sbtest5 WHERE k BETWEEN 6400835 AND 6400935
	Index Only Scan using k_5 on sbtest5  (cost=0.43..10.29 rows=93 width=4)
	  Index Cond: ((k >= 6400835) AND (k <= 6400935))

table 6 : explain SELECT k FROM sbtest6 WHERE k BETWEEN 6400835 AND 6400935
	Index Only Scan using k_6 on sbtest6  (cost=0.43..6.24 rows=90 width=4)
	  Index Cond: ((k >= 6400835) AND (k <= 6400935))

table 7 : explain SELECT k FROM sbtest7 WHERE k BETWEEN 6400835 AND 6400935
	Index Only Scan using k_7 on sbtest7  (cost=0.43..10.68 rows=112 width=4)
	  Index Cond: ((k >= 6400835) AND (k <= 6400935))

table 8 : explain SELECT k FROM sbtest8 WHERE k BETWEEN 6400835 AND 6400935
	Index Only Scan using k_8 on sbtest8  (cost=0.43..10.47 rows=102 width=4)
	  Index Cond: ((k >= 6400835) AND (k <= 6400935))

explain: for range-covered :: explain SELECT k FROM sbtest%d WHERE k BETWEEN 3187892 AND 3187992
explain: for range-covered :: explain SELECT k FROM sbtest%d WHERE k BETWEEN 6400835 AND 6400935
for range-covered
table 1 : explain SELECT k FROM sbtest1 WHERE k BETWEEN 3342664 AND 3342764
	Index Only Scan using k_1 on sbtest1  (cost=0.43..10.38 rows=97 width=4)
	  Index Cond: ((k >= 3342664) AND (k <= 3342764))

table 2 : explain SELECT k FROM sbtest2 WHERE k BETWEEN 3342664 AND 3342764
	Index Only Scan using k_2 on sbtest2  (cost=0.43..6.66 rows=111 width=4)
	  Index Cond: ((k >= 3342664) AND (k <= 3342764))

table 3 : explain SELECT k FROM sbtest3 WHERE k BETWEEN 3342664 AND 3342764
	Index Only Scan using k_3 on sbtest3  (cost=0.43..6.51 rows=104 width=4)
	  Index Cond: ((k >= 3342664) AND (k <= 3342764))

table 4 : explain SELECT k FROM sbtest4 WHERE k BETWEEN 3342664 AND 3342764
	Index Only Scan using k_4 on sbtest4  (cost=0.43..6.43 rows=100 width=4)
	  Index Cond: ((k >= 3342664) AND (k <= 3342764))

table 5 : explain SELECT k FROM sbtest5 WHERE k BETWEEN 3342664 AND 3342764
	Index Only Scan using k_5 on sbtest5  (cost=0.43..10.42 rows=99 width=4)
	  Index Cond: ((k >= 3342664) AND (k <= 3342764))

table 6 : explain SELECT k FROM sbtest6 WHERE k BETWEEN 3342664 AND 3342764
	Index Only Scan using k_6 on sbtest6  (cost=0.43..6.45 rows=101 width=4)
	  Index Cond: ((k >= 3342664) AND (k <= 3342764))

table 7 : explain SELECT k FROM sbtest7 WHERE k BETWEEN 3342664 AND 3342764
	Index Only Scan using k_7 on sbtest7  (cost=0.43..10.51 rows=104 width=4)
	  Index Cond: ((k >= 3342664) AND (k <= 3342764))

table 8 : explain SELECT k FROM sbtest8 WHERE k BETWEEN 3342664 AND 3342764
	Index Only Scan using k_8 on sbtest8  (cost=0.43..10.46 rows=101 width=4)
	  Index Cond: ((k >= 3342664) AND (k <= 3342764))

for range-covered
table 1 : explain SELECT k FROM sbtest1 WHERE k BETWEEN 6460789 AND 6460889
	Index Only Scan using k_1 on sbtest1  (cost=0.43..10.63 rows=110 width=4)
	  Index Cond: ((k >= 6460789) AND (k <= 6460889))

table 2 : explain SELECT k FROM sbtest2 WHERE k BETWEEN 6460789 AND 6460889
	Index Only Scan using k_2 on sbtest2  (cost=0.43..6.29 rows=93 width=4)
	  Index Cond: ((k >= 6460789) AND (k <= 6460889))

table 3 : explain SELECT k FROM sbtest3 WHERE k BETWEEN 6460789 AND 6460889
	Index Only Scan using k_3 on sbtest3  (cost=0.43..6.37 rows=97 width=4)
	  Index Cond: ((k >= 6460789) AND (k <= 6460889))

table 4 : explain SELECT k FROM sbtest4 WHERE k BETWEEN 6460789 AND 6460889
	Index Only Scan using k_4 on sbtest4  (cost=0.43..6.40 rows=98 width=4)
	  Index Cond: ((k >= 6460789) AND (k <= 6460889))

table 5 : explain SELECT k FROM sbtest5 WHERE k BETWEEN 6460789 AND 6460889
	Index Only Scan using k_5 on sbtest5  (cost=0.43..10.76 rows=116 width=4)
	  Index Cond: ((k >= 6460789) AND (k <= 6460889))

table 6 : explain SELECT k FROM sbtest6 WHERE k BETWEEN 6460789 AND 6460889
	Index Only Scan using k_6 on sbtest6  (cost=0.43..6.51 rows=104 width=4)
	  Index Cond: ((k >= 6460789) AND (k <= 6460889))

table 7 : explain SELECT k FROM sbtest7 WHERE k BETWEEN 6460789 AND 6460889
	Index Only Scan using k_7 on sbtest7  (cost=0.43..10.44 rows=100 width=4)
	  Index Cond: ((k >= 6460789) AND (k <= 6460889))

table 8 : explain SELECT k FROM sbtest8 WHERE k BETWEEN 6460789 AND 6460889
	Index Only Scan using k_8 on sbtest8  (cost=0.43..10.47 rows=102 width=4)
	  Index Cond: ((k >= 6460789) AND (k <= 6460889))

explain: for range-covered :: explain SELECT k FROM sbtest%d WHERE k BETWEEN 3342664 AND 3342764
for range-covered
table 1 : explain SELECT k FROM sbtest1 WHERE k BETWEEN 4465039 AND 4465139
	Index Only Scan using k_1 on sbtest1  (cost=0.43..10.47 rows=102 width=4)
	  Index Cond: ((k >= 4465039) AND (k <= 4465139))

table 2 : explain SELECT k FROM sbtest2 WHERE k BETWEEN 4465039 AND 4465139
	Index Only Scan using k_2 on sbtest2  (cost=0.43..6.43 rows=100 width=4)
	  Index Cond: ((k >= 4465039) AND (k <= 4465139))

table 3 : explain SELECT k FROM sbtest3 WHERE k BETWEEN 4465039 AND 4465139
	Index Only Scan using k_3 on sbtest3  (cost=0.43..6.58 rows=107 width=4)
	  Index Cond: ((k >= 4465039) AND (k <= 4465139))

table 4 : explain SELECT k FROM sbtest4 WHERE k BETWEEN 4465039 AND 4465139
	Index Only Scan using k_4 on sbtest4  (cost=0.43..6.53 rows=105 width=4)
	  Index Cond: ((k >= 4465039) AND (k <= 4465139))

table 5 : explain SELECT k FROM sbtest5 WHERE k BETWEEN 4465039 AND 4465139
	Index Only Scan using k_5 on sbtest5  (cost=0.43..10.36 rows=96 width=4)
	  Index Cond: ((k >= 4465039) AND (k <= 4465139))

table 6 : explain SELECT k FROM sbtest6 WHERE k BETWEEN 4465039 AND 4465139
	Index Only Scan using k_6 on sbtest6  (cost=0.43..6.67 rows=112 width=4)
	  Index Cond: ((k >= 4465039) AND (k <= 4465139))

table 7 : explain SELECT k FROM sbtest7 WHERE k BETWEEN 4465039 AND 4465139
	Index Only Scan using k_7 on sbtest7  (cost=0.43..10.74 rows=115 width=4)
	  Index Cond: ((k >= 4465039) AND (k <= 4465139))

table 8 : explain SELECT k FROM sbtest8 WHERE k BETWEEN 4465039 AND 4465139
	Index Only Scan using k_8 on sbtest8  (cost=0.43..10.47 rows=102 width=4)
	  Index Cond: ((k >= 4465039) AND (k <= 4465139))
explain: for range-covered :: explain SELECT k FROM sbtest%d WHERE k BETWEEN 6211901 AND 6212001

for range-covered
table 1 : explain SELECT k FROM sbtest1 WHERE k BETWEEN 3187892 AND 3187992
	Index Only Scan using k_1 on sbtest1  (cost=0.43..10.58 rows=107 width=4)
	  Index Cond: ((k >= 3187892) AND (k <= 3187992))

table 2 : explain SELECT k FROM sbtest2 WHERE k BETWEEN 3187892 AND 3187992
	Index Only Scan using k_2 on sbtest2  (cost=0.43..6.61 rows=109 width=4)
	  Index Cond: ((k >= 3187892) AND (k <= 3187992))

table 3 : explain SELECT k FROM sbtest3 WHERE k BETWEEN 3187892 AND 3187992
	Index Only Scan using k_3 on sbtest3  (cost=0.43..6.29 rows=93 width=4)
	  Index Cond: ((k >= 3187892) AND (k <= 3187992))

table 4 : explain SELECT k FROM sbtest4 WHERE k BETWEEN 3187892 AND 3187992
	Index Only Scan using k_4 on sbtest4  (cost=0.43..6.50 rows=103 width=4)
	  Index Cond: ((k >= 3187892) AND (k <= 3187992))

table 5 : explain SELECT k FROM sbtest5 WHERE k BETWEEN 3187892 AND 3187992
	Index Only Scan using k_5 on sbtest5  (cost=0.43..10.29 rows=93 width=4)
	  Index Cond: ((k >= 3187892) AND (k <= 3187992))

table 6 : explain SELECT k FROM sbtest6 WHERE k BETWEEN 3187892 AND 3187992
	Index Only Scan using k_6 on sbtest6  (cost=0.43..6.33 rows=95 width=4)
	  Index Cond: ((k >= 3187892) AND (k <= 3187992))

table 7 : explain SELECT k FROM sbtest7 WHERE k BETWEEN 3187892 AND 3187992
	Index Only Scan using k_7 on sbtest7  (cost=0.43..10.40 rows=98 width=4)
	  Index Cond: ((k >= 3187892) AND (k <= 3187992))

table 8 : explain SELECT k FROM sbtest8 WHERE k BETWEEN 3187892 AND 3187992
	Index Only Scan using k_8 on sbtest8  (cost=0.43..10.68 rows=112 width=4)
	  Index Cond: ((k >= 3187892) AND (k <= 3187992))

for range-covered
table 1 : explain SELECT k FROM sbtest1 WHERE k BETWEEN 6107280 AND 6107380
	Index Only Scan using k_1 on sbtest1  (cost=0.43..10.40 rows=98 width=4)
	  Index Cond: ((k >= 6107280) AND (k <= 6107380))

table 2 : explain SELECT k FROM sbtest2 WHERE k BETWEEN 6107280 AND 6107380
	Index Only Scan using k_2 on sbtest2  (cost=0.43..6.50 rows=103 width=4)
	  Index Cond: ((k >= 6107280) AND (k <= 6107380))

table 3 : explain SELECT k FROM sbtest3 WHERE k BETWEEN 6107280 AND 6107380
	Index Only Scan using k_3 on sbtest3  (cost=0.43..6.43 rows=100 width=4)
	  Index Cond: ((k >= 6107280) AND (k <= 6107380))

table 4 : explain SELECT k FROM sbtest4 WHERE k BETWEEN 6107280 AND 6107380
	Index Only Scan using k_4 on sbtest4  (cost=0.43..6.35 rows=96 width=4)
	  Index Cond: ((k >= 6107280) AND (k <= 6107380))

table 5 : explain SELECT k FROM sbtest5 WHERE k BETWEEN 6107280 AND 6107380
	Index Only Scan using k_5 on sbtest5  (cost=0.43..10.44 rows=100 width=4)
	  Index Cond: ((k >= 6107280) AND (k <= 6107380))

table 6 : explain SELECT k FROM sbtest6 WHERE k BETWEEN 6107280 AND 6107380
	Index Only Scan using k_6 on sbtest6  (cost=0.43..6.67 rows=112 width=4)
	  Index Cond: ((k >= 6107280) AND (k <= 6107380))

table 7 : explain SELECT k FROM sbtest7 WHERE k BETWEEN 6107280 AND 6107380
	Index Only Scan using k_7 on sbtest7  (cost=0.43..10.46 rows=101 width=4)
	  Index Cond: ((k >= 6107280) AND (k <= 6107380))

table 8 : explain SELECT k FROM sbtest8 WHERE k BETWEEN 6107280 AND 6107380
	Index Only Scan using k_8 on sbtest8  (cost=0.43..10.32 rows=94 width=4)
	  Index Cond: ((k >= 6107280) AND (k <= 6107380))

for range-covered
table 1 : explain SELECT k FROM sbtest1 WHERE k BETWEEN 5314663 AND 5314763
	Index Only Scan using k_1 on sbtest1  (cost=0.43..10.42 rows=99 width=4)
	  Index Cond: ((k >= 5314663) AND (k <= 5314763))

table 2 : explain SELECT k FROM sbtest2 WHERE k BETWEEN 5314663 AND 5314763
	Index Only Scan using k_2 on sbtest2  (cost=0.43..6.51 rows=104 width=4)
	  Index Cond: ((k >= 5314663) AND (k <= 5314763))

table 3 : explain SELECT k FROM sbtest3 WHERE k BETWEEN 5314663 AND 5314763
	Index Only Scan using k_3 on sbtest3  (cost=0.43..6.50 rows=103 width=4)
	  Index Cond: ((k >= 5314663) AND (k <= 5314763))

table 4 : explain SELECT k FROM sbtest4 WHERE k BETWEEN 5314663 AND 5314763
	Index Only Scan using k_4 on sbtest4  (cost=0.43..6.27 rows=92 width=4)
	  Index Cond: ((k >= 5314663) AND (k <= 5314763))

table 5 : explain SELECT k FROM sbtest5 WHERE k BETWEEN 5314663 AND 5314763
	Index Only Scan using k_5 on sbtest5  (cost=0.43..10.32 rows=94 width=4)
	  Index Cond: ((k >= 5314663) AND (k <= 5314763))

table 6 : explain SELECT k FROM sbtest6 WHERE k BETWEEN 5314663 AND 5314763
	Index Only Scan using k_6 on sbtest6  (cost=0.43..6.53 rows=105 width=4)
	  Index Cond: ((k >= 5314663) AND (k <= 5314763))

table 7 : explain SELECT k FROM sbtest7 WHERE k BETWEEN 5314663 AND 5314763
	Index Only Scan using k_7 on sbtest7  (cost=0.43..10.51 rows=104 width=4)
	  Index Cond: ((k >= 5314663) AND (k <= 5314763))

table 8 : explain SELECT k FROM sbtest8 WHERE k BETWEEN 5314663 AND 5314763
	Index Only Scan using k_8 on sbtest8  (cost=0.43..10.40 rows=98 width=4)
	  Index Cond: ((k >= 5314663) AND (k <= 5314763))

explain: for range-covered :: explain SELECT k FROM sbtest%d WHERE k BETWEEN 3187892 AND 3187992
for range-covered
table 1 : explain SELECT k FROM sbtest1 WHERE k BETWEEN 6400835 AND 6400935
	Index Only Scan using k_1 on sbtest1  (cost=0.43..10.46 rows=101 width=4)
	  Index Cond: ((k >= 6400835) AND (k <= 6400935))

table 2 : explain SELECT k FROM sbtest2 WHERE k BETWEEN 6400835 AND 6400935
	Index Only Scan using k_2 on sbtest2  (cost=0.43..6.72 rows=114 width=4)
	  Index Cond: ((k >= 6400835) AND (k <= 6400935))

table 3 : explain SELECT k FROM sbtest3 WHERE k BETWEEN 6400835 AND 6400935
	Index Only Scan using k_3 on sbtest3  (cost=0.43..6.47 rows=102 width=4)
	  Index Cond: ((k >= 6400835) AND (k <= 6400935))

table 4 : explain SELECT k FROM sbtest4 WHERE k BETWEEN 6400835 AND 6400935
	Index Only Scan using k_4 on sbtest4  (cost=0.43..6.40 rows=98 width=4)
	  Index Cond: ((k >= 6400835) AND (k <= 6400935))

table 5 : explain SELECT k FROM sbtest5 WHERE k BETWEEN 6400835 AND 6400935
	Index Only Scan using k_5 on sbtest5  (cost=0.43..10.29 rows=93 width=4)
	  Index Cond: ((k >= 6400835) AND (k <= 6400935))

table 6 : explain SELECT k FROM sbtest6 WHERE k BETWEEN 6400835 AND 6400935
	Index Only Scan using k_6 on sbtest6  (cost=0.43..6.24 rows=90 width=4)
	  Index Cond: ((k >= 6400835) AND (k <= 6400935))

table 7 : explain SELECT k FROM sbtest7 WHERE k BETWEEN 6400835 AND 6400935
	Index Only Scan using k_7 on sbtest7  (cost=0.43..10.68 rows=112 width=4)
	  Index Cond: ((k >= 6400835) AND (k <= 6400935))

table 8 : explain SELECT k FROM sbtest8 WHERE k BETWEEN 6400835 AND 6400935
	Index Only Scan using k_8 on sbtest8  (cost=0.43..10.47 rows=102 width=4)
	  Index Cond: ((k >= 6400835) AND (k <= 6400935))

explain: for range-covered :: explain SELECT k FROM sbtest%d WHERE k BETWEEN 6107280 AND 6107380
for range-covered
table 1 : explain SELECT k FROM sbtest1 WHERE k BETWEEN 3342664 AND 3342764
	Index Only Scan using k_1 on sbtest1  (cost=0.43..10.38 rows=97 width=4)
	  Index Cond: ((k >= 3342664) AND (k <= 3342764))

table 2 : explain SELECT k FROM sbtest2 WHERE k BETWEEN 3342664 AND 3342764
	Index Only Scan using k_2 on sbtest2  (cost=0.43..6.66 rows=111 width=4)
	  Index Cond: ((k >= 3342664) AND (k <= 3342764))

table 3 : explain SELECT k FROM sbtest3 WHERE k BETWEEN 3342664 AND 3342764
	Index Only Scan using k_3 on sbtest3  (cost=0.43..6.51 rows=104 width=4)
	  Index Cond: ((k >= 3342664) AND (k <= 3342764))

table 4 : explain SELECT k FROM sbtest4 WHERE k BETWEEN 3342664 AND 3342764
	Index Only Scan using k_4 on sbtest4  (cost=0.43..6.43 rows=100 width=4)
	  Index Cond: ((k >= 3342664) AND (k <= 3342764))

table 5 : explain SELECT k FROM sbtest5 WHERE k BETWEEN 3342664 AND 3342764
	Index Only Scan using k_5 on sbtest5  (cost=0.43..10.42 rows=99 width=4)
	  Index Cond: ((k >= 3342664) AND (k <= 3342764))

table 6 : explain SELECT k FROM sbtest6 WHERE k BETWEEN 3342664 AND 3342764
	Index Only Scan using k_6 on sbtest6  (cost=0.43..6.45 rows=101 width=4)
	  Index Cond: ((k >= 3342664) AND (k <= 3342764))

table 7 : explain SELECT k FROM sbtest7 WHERE k BETWEEN 3342664 AND 3342764
	Index Only Scan using k_7 on sbtest7  (cost=0.43..10.51 rows=104 width=4)
	  Index Cond: ((k >= 3342664) AND (k <= 3342764))

table 8 : explain SELECT k FROM sbtest8 WHERE k BETWEEN 3342664 AND 3342764
	Index Only Scan using k_8 on sbtest8  (cost=0.43..10.46 rows=101 width=4)
	  Index Cond: ((k >= 3342664) AND (k <= 3342764))

explain: for range-covered :: explain SELECT k FROM sbtest%d WHERE k BETWEEN 6400835 AND 6400935
explain: for range-covered :: explain SELECT k FROM sbtest%d WHERE k BETWEEN 5314663 AND 5314763
explain: for range-covered :: explain SELECT k FROM sbtest%d WHERE k BETWEEN 3342664 AND 3342764
for range-covered
table 1 : explain SELECT k FROM sbtest1 WHERE k BETWEEN 3187892 AND 3187992
	Index Only Scan using k_1 on sbtest1  (cost=0.43..10.58 rows=107 width=4)
	  Index Cond: ((k >= 3187892) AND (k <= 3187992))

table 2 : explain SELECT k FROM sbtest2 WHERE k BETWEEN 3187892 AND 3187992
	Index Only Scan using k_2 on sbtest2  (cost=0.43..6.61 rows=109 width=4)
	  Index Cond: ((k >= 3187892) AND (k <= 3187992))

table 3 : explain SELECT k FROM sbtest3 WHERE k BETWEEN 3187892 AND 3187992
	Index Only Scan using k_3 on sbtest3  (cost=0.43..6.29 rows=93 width=4)
	  Index Cond: ((k >= 3187892) AND (k <= 3187992))

table 4 : explain SELECT k FROM sbtest4 WHERE k BETWEEN 3187892 AND 3187992
	Index Only Scan using k_4 on sbtest4  (cost=0.43..6.50 rows=103 width=4)
	  Index Cond: ((k >= 3187892) AND (k <= 3187992))

table 5 : explain SELECT k FROM sbtest5 WHERE k BETWEEN 3187892 AND 3187992
	Index Only Scan using k_5 on sbtest5  (cost=0.43..10.29 rows=93 width=4)
	  Index Cond: ((k >= 3187892) AND (k <= 3187992))

table 6 : explain SELECT k FROM sbtest6 WHERE k BETWEEN 3187892 AND 3187992
	Index Only Scan using k_6 on sbtest6  (cost=0.43..6.33 rows=95 width=4)
	  Index Cond: ((k >= 3187892) AND (k <= 3187992))

table 7 : explain SELECT k FROM sbtest7 WHERE k BETWEEN 3187892 AND 3187992
	Index Only Scan using k_7 on sbtest7  (cost=0.43..10.40 rows=98 width=4)
	  Index Cond: ((k >= 3187892) AND (k <= 3187992))

table 8 : explain SELECT k FROM sbtest8 WHERE k BETWEEN 3187892 AND 3187992
	Index Only Scan using k_8 on sbtest8  (cost=0.43..10.68 rows=112 width=4)
	  Index Cond: ((k >= 3187892) AND (k <= 3187992))

explain: for range-covered :: explain SELECT k FROM sbtest%d WHERE k BETWEEN 3187892 AND 3187992
for range-covered
table 1 : explain SELECT k FROM sbtest1 WHERE k BETWEEN 6107280 AND 6107380
	Index Only Scan using k_1 on sbtest1  (cost=0.43..10.40 rows=98 width=4)
	  Index Cond: ((k >= 6107280) AND (k <= 6107380))

table 2 : explain SELECT k FROM sbtest2 WHERE k BETWEEN 6107280 AND 6107380
	Index Only Scan using k_2 on sbtest2  (cost=0.43..6.50 rows=103 width=4)
	  Index Cond: ((k >= 6107280) AND (k <= 6107380))

table 3 : explain SELECT k FROM sbtest3 WHERE k BETWEEN 6107280 AND 6107380
	Index Only Scan using k_3 on sbtest3  (cost=0.43..6.43 rows=100 width=4)
	  Index Cond: ((k >= 6107280) AND (k <= 6107380))

table 4 : explain SELECT k FROM sbtest4 WHERE k BETWEEN 6107280 AND 6107380
	Index Only Scan using k_4 on sbtest4  (cost=0.43..6.35 rows=96 width=4)
	  Index Cond: ((k >= 6107280) AND (k <= 6107380))

table 5 : explain SELECT k FROM sbtest5 WHERE k BETWEEN 6107280 AND 6107380
	Index Only Scan using k_5 on sbtest5  (cost=0.43..10.44 rows=100 width=4)
	  Index Cond: ((k >= 6107280) AND (k <= 6107380))

table 6 : explain SELECT k FROM sbtest6 WHERE k BETWEEN 6107280 AND 6107380
	Index Only Scan using k_6 on sbtest6  (cost=0.43..6.67 rows=112 width=4)
	  Index Cond: ((k >= 6107280) AND (k <= 6107380))

table 7 : explain SELECT k FROM sbtest7 WHERE k BETWEEN 6107280 AND 6107380
	Index Only Scan using k_7 on sbtest7  (cost=0.43..10.46 rows=101 width=4)
	  Index Cond: ((k >= 6107280) AND (k <= 6107380))

table 8 : explain SELECT k FROM sbtest8 WHERE k BETWEEN 6107280 AND 6107380
	Index Only Scan using k_8 on sbtest8  (cost=0.43..10.32 rows=94 width=4)
	  Index Cond: ((k >= 6107280) AND (k <= 6107380))

for range-covered
table 1 : explain SELECT k FROM sbtest1 WHERE k BETWEEN 5314663 AND 5314763
	Index Only Scan using k_1 on sbtest1  (cost=0.43..10.42 rows=99 width=4)
	  Index Cond: ((k >= 5314663) AND (k <= 5314763))

table 2 : explain SELECT k FROM sbtest2 WHERE k BETWEEN 5314663 AND 5314763
	Index Only Scan using k_2 on sbtest2  (cost=0.43..6.51 rows=104 width=4)
	  Index Cond: ((k >= 5314663) AND (k <= 5314763))

table 3 : explain SELECT k FROM sbtest3 WHERE k BETWEEN 5314663 AND 5314763
	Index Only Scan using k_3 on sbtest3  (cost=0.43..6.50 rows=103 width=4)
	  Index Cond: ((k >= 5314663) AND (k <= 5314763))

table 4 : explain SELECT k FROM sbtest4 WHERE k BETWEEN 5314663 AND 5314763
	Index Only Scan using k_4 on sbtest4  (cost=0.43..6.27 rows=92 width=4)
	  Index Cond: ((k >= 5314663) AND (k <= 5314763))

table 5 : explain SELECT k FROM sbtest5 WHERE k BETWEEN 5314663 AND 5314763
	Index Only Scan using k_5 on sbtest5  (cost=0.43..10.32 rows=94 width=4)
	  Index Cond: ((k >= 5314663) AND (k <= 5314763))

table 6 : explain SELECT k FROM sbtest6 WHERE k BETWEEN 5314663 AND 5314763
	Index Only Scan using k_6 on sbtest6  (cost=0.43..6.53 rows=105 width=4)
	  Index Cond: ((k >= 5314663) AND (k <= 5314763))

table 7 : explain SELECT k FROM sbtest7 WHERE k BETWEEN 5314663 AND 5314763
	Index Only Scan using k_7 on sbtest7  (cost=0.43..10.51 rows=104 width=4)
	  Index Cond: ((k >= 5314663) AND (k <= 5314763))

table 8 : explain SELECT k FROM sbtest8 WHERE k BETWEEN 5314663 AND 5314763
	Index Only Scan using k_8 on sbtest8  (cost=0.43..10.40 rows=98 width=4)
	  Index Cond: ((k >= 5314663) AND (k <= 5314763))

explain: for range-covered :: explain SELECT k FROM sbtest%d WHERE k BETWEEN 6107280 AND 6107380
for range-covered
table 1 : explain SELECT k FROM sbtest1 WHERE k BETWEEN 3342664 AND 3342764
	Index Only Scan using k_1 on sbtest1  (cost=0.43..10.38 rows=97 width=4)
	  Index Cond: ((k >= 3342664) AND (k <= 3342764))

table 2 : explain SELECT k FROM sbtest2 WHERE k BETWEEN 3342664 AND 3342764
	Index Only Scan using k_2 on sbtest2  (cost=0.43..6.66 rows=111 width=4)
	  Index Cond: ((k >= 3342664) AND (k <= 3342764))

table 3 : explain SELECT k FROM sbtest3 WHERE k BETWEEN 3342664 AND 3342764
	Index Only Scan using k_3 on sbtest3  (cost=0.43..6.51 rows=104 width=4)
	  Index Cond: ((k >= 3342664) AND (k <= 3342764))

table 4 : explain SELECT k FROM sbtest4 WHERE k BETWEEN 3342664 AND 3342764
	Index Only Scan using k_4 on sbtest4  (cost=0.43..6.43 rows=100 width=4)
	  Index Cond: ((k >= 3342664) AND (k <= 3342764))

table 5 : explain SELECT k FROM sbtest5 WHERE k BETWEEN 3342664 AND 3342764
	Index Only Scan using k_5 on sbtest5  (cost=0.43..10.42 rows=99 width=4)
	  Index Cond: ((k >= 3342664) AND (k <= 3342764))

table 6 : explain SELECT k FROM sbtest6 WHERE k BETWEEN 3342664 AND 3342764
	Index Only Scan using k_6 on sbtest6  (cost=0.43..6.45 rows=101 width=4)
	  Index Cond: ((k >= 3342664) AND (k <= 3342764))

table 7 : explain SELECT k FROM sbtest7 WHERE k BETWEEN 3342664 AND 3342764
	Index Only Scan using k_7 on sbtest7  (cost=0.43..10.51 rows=104 width=4)
	  Index Cond: ((k >= 3342664) AND (k <= 3342764))

table 8 : explain SELECT k FROM sbtest8 WHERE k BETWEEN 3342664 AND 3342764
	Index Only Scan using k_8 on sbtest8  (cost=0.43..10.46 rows=101 width=4)
	  Index Cond: ((k >= 3342664) AND (k <= 3342764))

explain: for range-covered :: explain SELECT k FROM sbtest%d WHERE k BETWEEN 5314663 AND 5314763
explain: for range-covered :: explain SELECT k FROM sbtest%d WHERE k BETWEEN 3342664 AND 3342764
for range-covered
table 1 : explain SELECT k FROM sbtest1 WHERE k BETWEEN 3187892 AND 3187992
	Index Only Scan using k_1 on sbtest1  (cost=0.43..10.58 rows=107 width=4)
	  Index Cond: ((k >= 3187892) AND (k <= 3187992))

table 2 : explain SELECT k FROM sbtest2 WHERE k BETWEEN 3187892 AND 3187992
	Index Only Scan using k_2 on sbtest2  (cost=0.43..6.61 rows=109 width=4)
	  Index Cond: ((k >= 3187892) AND (k <= 3187992))

table 3 : explain SELECT k FROM sbtest3 WHERE k BETWEEN 3187892 AND 3187992
	Index Only Scan using k_3 on sbtest3  (cost=0.43..6.29 rows=93 width=4)
	  Index Cond: ((k >= 3187892) AND (k <= 3187992))

table 4 : explain SELECT k FROM sbtest4 WHERE k BETWEEN 3187892 AND 3187992
	Index Only Scan using k_4 on sbtest4  (cost=0.43..6.50 rows=103 width=4)
	  Index Cond: ((k >= 3187892) AND (k <= 3187992))

table 5 : explain SELECT k FROM sbtest5 WHERE k BETWEEN 3187892 AND 3187992
	Index Only Scan using k_5 on sbtest5  (cost=0.43..10.29 rows=93 width=4)
	  Index Cond: ((k >= 3187892) AND (k <= 3187992))

table 6 : explain SELECT k FROM sbtest6 WHERE k BETWEEN 3187892 AND 3187992
	Index Only Scan using k_6 on sbtest6  (cost=0.43..6.33 rows=95 width=4)
	  Index Cond: ((k >= 3187892) AND (k <= 3187992))

table 7 : explain SELECT k FROM sbtest7 WHERE k BETWEEN 3187892 AND 3187992
	Index Only Scan using k_7 on sbtest7  (cost=0.43..10.40 rows=98 width=4)
	  Index Cond: ((k >= 3187892) AND (k <= 3187992))

table 8 : explain SELECT k FROM sbtest8 WHERE k BETWEEN 3187892 AND 3187992
	Index Only Scan using k_8 on sbtest8  (cost=0.43..10.68 rows=112 width=4)
	  Index Cond: ((k >= 3187892) AND (k <= 3187992))

for range-covered
table 1 : explain SELECT k FROM sbtest1 WHERE k BETWEEN 6107280 AND 6107380
	Index Only Scan using k_1 on sbtest1  (cost=0.43..10.40 rows=98 width=4)
	  Index Cond: ((k >= 6107280) AND (k <= 6107380))

table 2 : explain SELECT k FROM sbtest2 WHERE k BETWEEN 6107280 AND 6107380
	Index Only Scan using k_2 on sbtest2  (cost=0.43..6.50 rows=103 width=4)
	  Index Cond: ((k >= 6107280) AND (k <= 6107380))

table 3 : explain SELECT k FROM sbtest3 WHERE k BETWEEN 6107280 AND 6107380
	Index Only Scan using k_3 on sbtest3  (cost=0.43..6.43 rows=100 width=4)
	  Index Cond: ((k >= 6107280) AND (k <= 6107380))

table 4 : explain SELECT k FROM sbtest4 WHERE k BETWEEN 6107280 AND 6107380
	Index Only Scan using k_4 on sbtest4  (cost=0.43..6.35 rows=96 width=4)
	  Index Cond: ((k >= 6107280) AND (k <= 6107380))

table 5 : explain SELECT k FROM sbtest5 WHERE k BETWEEN 6107280 AND 6107380
	Index Only Scan using k_5 on sbtest5  (cost=0.43..10.44 rows=100 width=4)
	  Index Cond: ((k >= 6107280) AND (k <= 6107380))

table 6 : explain SELECT k FROM sbtest6 WHERE k BETWEEN 6107280 AND 6107380
	Index Only Scan using k_6 on sbtest6  (cost=0.43..6.67 rows=112 width=4)
	  Index Cond: ((k >= 6107280) AND (k <= 6107380))

table 7 : explain SELECT k FROM sbtest7 WHERE k BETWEEN 6107280 AND 6107380
	Index Only Scan using k_7 on sbtest7  (cost=0.43..10.46 rows=101 width=4)
	  Index Cond: ((k >= 6107280) AND (k <= 6107380))

table 8 : explain SELECT k FROM sbtest8 WHERE k BETWEEN 6107280 AND 6107380
	Index Only Scan using k_8 on sbtest8  (cost=0.43..10.32 rows=94 width=4)
	  Index Cond: ((k >= 6107280) AND (k <= 6107380))

for range-covered
table 1 : explain SELECT k FROM sbtest1 WHERE k BETWEEN 5314663 AND 5314763
	Index Only Scan using k_1 on sbtest1  (cost=0.43..10.42 rows=99 width=4)
	  Index Cond: ((k >= 5314663) AND (k <= 5314763))

table 2 : explain SELECT k FROM sbtest2 WHERE k BETWEEN 5314663 AND 5314763
	Index Only Scan using k_2 on sbtest2  (cost=0.43..6.51 rows=104 width=4)
	  Index Cond: ((k >= 5314663) AND (k <= 5314763))

table 3 : explain SELECT k FROM sbtest3 WHERE k BETWEEN 5314663 AND 5314763
	Index Only Scan using k_3 on sbtest3  (cost=0.43..6.50 rows=103 width=4)
	  Index Cond: ((k >= 5314663) AND (k <= 5314763))

table 4 : explain SELECT k FROM sbtest4 WHERE k BETWEEN 5314663 AND 5314763
	Index Only Scan using k_4 on sbtest4  (cost=0.43..6.27 rows=92 width=4)
	  Index Cond: ((k >= 5314663) AND (k <= 5314763))

table 5 : explain SELECT k FROM sbtest5 WHERE k BETWEEN 5314663 AND 5314763
	Index Only Scan using k_5 on sbtest5  (cost=0.43..10.32 rows=94 width=4)
	  Index Cond: ((k >= 5314663) AND (k <= 5314763))

table 6 : explain SELECT k FROM sbtest6 WHERE k BETWEEN 5314663 AND 5314763
	Index Only Scan using k_6 on sbtest6  (cost=0.43..6.53 rows=105 width=4)
	  Index Cond: ((k >= 5314663) AND (k <= 5314763))

table 7 : explain SELECT k FROM sbtest7 WHERE k BETWEEN 5314663 AND 5314763
	Index Only Scan using k_7 on sbtest7  (cost=0.43..10.51 rows=104 width=4)
	  Index Cond: ((k >= 5314663) AND (k <= 5314763))

table 8 : explain SELECT k FROM sbtest8 WHERE k BETWEEN 5314663 AND 5314763
	Index Only Scan using k_8 on sbtest8  (cost=0.43..10.40 rows=98 width=4)
	  Index Cond: ((k >= 5314663) AND (k <= 5314763))

explain: for range-covered :: explain SELECT k FROM sbtest%d WHERE k BETWEEN 6107280 AND 6107380
for range-covered
table 1 : explain SELECT k FROM sbtest1 WHERE k BETWEEN 3342664 AND 3342764
	Index Only Scan using k_1 on sbtest1  (cost=0.43..10.38 rows=97 width=4)
	  Index Cond: ((k >= 3342664) AND (k <= 3342764))

table 2 : explain SELECT k FROM sbtest2 WHERE k BETWEEN 3342664 AND 3342764
	Index Only Scan using k_2 on sbtest2  (cost=0.43..6.66 rows=111 width=4)
	  Index Cond: ((k >= 3342664) AND (k <= 3342764))

table 3 : explain SELECT k FROM sbtest3 WHERE k BETWEEN 3342664 AND 3342764
	Index Only Scan using k_3 on sbtest3  (cost=0.43..6.51 rows=104 width=4)
	  Index Cond: ((k >= 3342664) AND (k <= 3342764))

table 4 : explain SELECT k FROM sbtest4 WHERE k BETWEEN 3342664 AND 3342764
	Index Only Scan using k_4 on sbtest4  (cost=0.43..6.43 rows=100 width=4)
	  Index Cond: ((k >= 3342664) AND (k <= 3342764))

table 5 : explain SELECT k FROM sbtest5 WHERE k BETWEEN 3342664 AND 3342764
	Index Only Scan using k_5 on sbtest5  (cost=0.43..10.42 rows=99 width=4)
	  Index Cond: ((k >= 3342664) AND (k <= 3342764))

table 6 : explain SELECT k FROM sbtest6 WHERE k BETWEEN 3342664 AND 3342764
	Index Only Scan using k_6 on sbtest6  (cost=0.43..6.45 rows=101 width=4)
	  Index Cond: ((k >= 3342664) AND (k <= 3342764))

table 7 : explain SELECT k FROM sbtest7 WHERE k BETWEEN 3342664 AND 3342764
	Index Only Scan using k_7 on sbtest7  (cost=0.43..10.51 rows=104 width=4)
	  Index Cond: ((k >= 3342664) AND (k <= 3342764))

table 8 : explain SELECT k FROM sbtest8 WHERE k BETWEEN 3342664 AND 3342764
	Index Only Scan using k_8 on sbtest8  (cost=0.43..10.46 rows=101 width=4)
	  Index Cond: ((k >= 3342664) AND (k <= 3342764))

explain: for range-covered :: explain SELECT k FROM sbtest%d WHERE k BETWEEN 5584708 AND 5584808
explain: for range-covered :: explain SELECT k FROM sbtest%d WHERE k BETWEEN 5314663 AND 5314763
for range-covered
table 1 : explain SELECT k FROM sbtest1 WHERE k BETWEEN 6107280 AND 6107380
	Index Only Scan using k_1 on sbtest1  (cost=0.43..10.40 rows=98 width=4)
	  Index Cond: ((k >= 6107280) AND (k <= 6107380))

table 2 : explain SELECT k FROM sbtest2 WHERE k BETWEEN 6107280 AND 6107380
	Index Only Scan using k_2 on sbtest2  (cost=0.43..6.50 rows=103 width=4)
	  Index Cond: ((k >= 6107280) AND (k <= 6107380))

table 3 : explain SELECT k FROM sbtest3 WHERE k BETWEEN 6107280 AND 6107380
	Index Only Scan using k_3 on sbtest3  (cost=0.43..6.43 rows=100 width=4)
	  Index Cond: ((k >= 6107280) AND (k <= 6107380))

table 4 : explain SELECT k FROM sbtest4 WHERE k BETWEEN 6107280 AND 6107380
	Index Only Scan using k_4 on sbtest4  (cost=0.43..6.35 rows=96 width=4)
	  Index Cond: ((k >= 6107280) AND (k <= 6107380))

table 5 : explain SELECT k FROM sbtest5 WHERE k BETWEEN 6107280 AND 6107380
	Index Only Scan using k_5 on sbtest5  (cost=0.43..10.44 rows=100 width=4)
	  Index Cond: ((k >= 6107280) AND (k <= 6107380))

table 6 : explain SELECT k FROM sbtest6 WHERE k BETWEEN 6107280 AND 6107380
	Index Only Scan using k_6 on sbtest6  (cost=0.43..6.67 rows=112 width=4)
	  Index Cond: ((k >= 6107280) AND (k <= 6107380))

table 7 : explain SELECT k FROM sbtest7 WHERE k BETWEEN 6107280 AND 6107380
	Index Only Scan using k_7 on sbtest7  (cost=0.43..10.46 rows=101 width=4)
	  Index Cond: ((k >= 6107280) AND (k <= 6107380))

table 8 : explain SELECT k FROM sbtest8 WHERE k BETWEEN 6107280 AND 6107380
	Index Only Scan using k_8 on sbtest8  (cost=0.43..10.32 rows=94 width=4)
	  Index Cond: ((k >= 6107280) AND (k <= 6107380))

explain: for range-covered :: explain SELECT k FROM sbtest%d WHERE k BETWEEN 6107280 AND 6107380
explain: for range-covered :: explain SELECT k FROM sbtest%d WHERE k BETWEEN 7637680 AND 7637780
for range-covered
table 1 : explain SELECT k FROM sbtest1 WHERE k BETWEEN 6107280 AND 6107380
	Index Only Scan using k_1 on sbtest1  (cost=0.43..10.40 rows=98 width=4)
	  Index Cond: ((k >= 6107280) AND (k <= 6107380))

table 2 : explain SELECT k FROM sbtest2 WHERE k BETWEEN 6107280 AND 6107380
	Index Only Scan using k_2 on sbtest2  (cost=0.43..6.50 rows=103 width=4)
	  Index Cond: ((k >= 6107280) AND (k <= 6107380))

table 3 : explain SELECT k FROM sbtest3 WHERE k BETWEEN 6107280 AND 6107380
	Index Only Scan using k_3 on sbtest3  (cost=0.43..6.43 rows=100 width=4)
	  Index Cond: ((k >= 6107280) AND (k <= 6107380))

table 4 : explain SELECT k FROM sbtest4 WHERE k BETWEEN 6107280 AND 6107380
	Index Only Scan using k_4 on sbtest4  (cost=0.43..6.35 rows=96 width=4)
	  Index Cond: ((k >= 6107280) AND (k <= 6107380))

table 5 : explain SELECT k FROM sbtest5 WHERE k BETWEEN 6107280 AND 6107380
	Index Only Scan using k_5 on sbtest5  (cost=0.43..10.44 rows=100 width=4)
	  Index Cond: ((k >= 6107280) AND (k <= 6107380))

table 6 : explain SELECT k FROM sbtest6 WHERE k BETWEEN 6107280 AND 6107380
	Index Only Scan using k_6 on sbtest6  (cost=0.43..6.67 rows=112 width=4)
	  Index Cond: ((k >= 6107280) AND (k <= 6107380))

table 7 : explain SELECT k FROM sbtest7 WHERE k BETWEEN 6107280 AND 6107380
	Index Only Scan using k_7 on sbtest7  (cost=0.43..10.46 rows=101 width=4)
	  Index Cond: ((k >= 6107280) AND (k <= 6107380))

table 8 : explain SELECT k FROM sbtest8 WHERE k BETWEEN 6107280 AND 6107380
	Index Only Scan using k_8 on sbtest8  (cost=0.43..10.32 rows=94 width=4)
	  Index Cond: ((k >= 6107280) AND (k <= 6107380))

explain: for range-covered :: explain SELECT k FROM sbtest%d WHERE k BETWEEN 6107280 AND 6107380
for range-covered
table 1 : explain SELECT k FROM sbtest1 WHERE k BETWEEN 5314663 AND 5314763
	Index Only Scan using k_1 on sbtest1  (cost=0.43..10.42 rows=99 width=4)
	  Index Cond: ((k >= 5314663) AND (k <= 5314763))

table 2 : explain SELECT k FROM sbtest2 WHERE k BETWEEN 5314663 AND 5314763
	Index Only Scan using k_2 on sbtest2  (cost=0.43..6.51 rows=104 width=4)
	  Index Cond: ((k >= 5314663) AND (k <= 5314763))

table 3 : explain SELECT k FROM sbtest3 WHERE k BETWEEN 5314663 AND 5314763
	Index Only Scan using k_3 on sbtest3  (cost=0.43..6.50 rows=103 width=4)
	  Index Cond: ((k >= 5314663) AND (k <= 5314763))

table 4 : explain SELECT k FROM sbtest4 WHERE k BETWEEN 5314663 AND 5314763
	Index Only Scan using k_4 on sbtest4  (cost=0.43..6.27 rows=92 width=4)
	  Index Cond: ((k >= 5314663) AND (k <= 5314763))

table 5 : explain SELECT k FROM sbtest5 WHERE k BETWEEN 5314663 AND 5314763
	Index Only Scan using k_5 on sbtest5  (cost=0.43..10.32 rows=94 width=4)
	  Index Cond: ((k >= 5314663) AND (k <= 5314763))

table 6 : explain SELECT k FROM sbtest6 WHERE k BETWEEN 5314663 AND 5314763
	Index Only Scan using k_6 on sbtest6  (cost=0.43..6.53 rows=105 width=4)
	  Index Cond: ((k >= 5314663) AND (k <= 5314763))

table 7 : explain SELECT k FROM sbtest7 WHERE k BETWEEN 5314663 AND 5314763
	Index Only Scan using k_7 on sbtest7  (cost=0.43..10.51 rows=104 width=4)
	  Index Cond: ((k >= 5314663) AND (k <= 5314763))

table 8 : explain SELECT k FROM sbtest8 WHERE k BETWEEN 5314663 AND 5314763
	Index Only Scan using k_8 on sbtest8  (cost=0.43..10.40 rows=98 width=4)
	  Index Cond: ((k >= 5314663) AND (k <= 5314763))

explain: for range-covered :: explain SELECT k FROM sbtest%d WHERE k BETWEEN 8023371 AND 8023471
for range-covered
table 1 : explain SELECT k FROM sbtest1 WHERE k BETWEEN 6400835 AND 6400935
	Index Only Scan using k_1 on sbtest1  (cost=0.43..10.46 rows=101 width=4)
	  Index Cond: ((k >= 6400835) AND (k <= 6400935))

table 2 : explain SELECT k FROM sbtest2 WHERE k BETWEEN 6400835 AND 6400935
	Index Only Scan using k_2 on sbtest2  (cost=0.43..6.72 rows=114 width=4)
	  Index Cond: ((k >= 6400835) AND (k <= 6400935))

table 3 : explain SELECT k FROM sbtest3 WHERE k BETWEEN 6400835 AND 6400935
	Index Only Scan using k_3 on sbtest3  (cost=0.43..6.47 rows=102 width=4)
	  Index Cond: ((k >= 6400835) AND (k <= 6400935))

table 4 : explain SELECT k FROM sbtest4 WHERE k BETWEEN 6400835 AND 6400935
	Index Only Scan using k_4 on sbtest4  (cost=0.43..6.40 rows=98 width=4)
	  Index Cond: ((k >= 6400835) AND (k <= 6400935))

table 5 : explain SELECT k FROM sbtest5 WHERE k BETWEEN 6400835 AND 6400935
	Index Only Scan using k_5 on sbtest5  (cost=0.43..10.29 rows=93 width=4)
	  Index Cond: ((k >= 6400835) AND (k <= 6400935))

table 6 : explain SELECT k FROM sbtest6 WHERE k BETWEEN 6400835 AND 6400935
	Index Only Scan using k_6 on sbtest6  (cost=0.43..6.24 rows=90 width=4)
	  Index Cond: ((k >= 6400835) AND (k <= 6400935))

table 7 : explain SELECT k FROM sbtest7 WHERE k BETWEEN 6400835 AND 6400935
	Index Only Scan using k_7 on sbtest7  (cost=0.43..10.68 rows=112 width=4)
	  Index Cond: ((k >= 6400835) AND (k <= 6400935))

table 8 : explain SELECT k FROM sbtest8 WHERE k BETWEEN 6400835 AND 6400935
	Index Only Scan using k_8 on sbtest8  (cost=0.43..10.47 rows=102 width=4)
	  Index Cond: ((k >= 6400835) AND (k <= 6400935))

explain: for range-covered :: explain SELECT k FROM sbtest%d WHERE k BETWEEN 5314663 AND 5314763
for range-covered
table 1 : explain SELECT k FROM sbtest1 WHERE k BETWEEN 6107280 AND 6107380
	Index Only Scan using k_1 on sbtest1  (cost=0.43..10.40 rows=98 width=4)
	  Index Cond: ((k >= 6107280) AND (k <= 6107380))

table 2 : explain SELECT k FROM sbtest2 WHERE k BETWEEN 6107280 AND 6107380
	Index Only Scan using k_2 on sbtest2  (cost=0.43..6.50 rows=103 width=4)
	  Index Cond: ((k >= 6107280) AND (k <= 6107380))

table 3 : explain SELECT k FROM sbtest3 WHERE k BETWEEN 6107280 AND 6107380
	Index Only Scan using k_3 on sbtest3  (cost=0.43..6.43 rows=100 width=4)
	  Index Cond: ((k >= 6107280) AND (k <= 6107380))

table 4 : explain SELECT k FROM sbtest4 WHERE k BETWEEN 6107280 AND 6107380
	Index Only Scan using k_4 on sbtest4  (cost=0.43..6.35 rows=96 width=4)
	  Index Cond: ((k >= 6107280) AND (k <= 6107380))

table 5 : explain SELECT k FROM sbtest5 WHERE k BETWEEN 6107280 AND 6107380
	Index Only Scan using k_5 on sbtest5  (cost=0.43..10.44 rows=100 width=4)
	  Index Cond: ((k >= 6107280) AND (k <= 6107380))

table 6 : explain SELECT k FROM sbtest6 WHERE k BETWEEN 6107280 AND 6107380
	Index Only Scan using k_6 on sbtest6  (cost=0.43..6.67 rows=112 width=4)
	  Index Cond: ((k >= 6107280) AND (k <= 6107380))

table 7 : explain SELECT k FROM sbtest7 WHERE k BETWEEN 6107280 AND 6107380
	Index Only Scan using k_7 on sbtest7  (cost=0.43..10.46 rows=101 width=4)
	  Index Cond: ((k >= 6107280) AND (k <= 6107380))

table 8 : explain SELECT k FROM sbtest8 WHERE k BETWEEN 6107280 AND 6107380
	Index Only Scan using k_8 on sbtest8  (cost=0.43..10.32 rows=94 width=4)
	  Index Cond: ((k >= 6107280) AND (k <= 6107380))

explain: for range-covered :: explain SELECT k FROM sbtest%d WHERE k BETWEEN 6107280 AND 6107380
explain: for range-covered :: explain SELECT k FROM sbtest%d WHERE k BETWEEN 6400835 AND 6400935
explain: for range-covered :: explain SELECT k FROM sbtest%d WHERE k BETWEEN 3011231 AND 3011331
explain: for range-covered :: explain SELECT k FROM sbtest%d WHERE k BETWEEN 5135676 AND 5135776
explain: for range-covered :: explain SELECT k FROM sbtest%d WHERE k BETWEEN 5397707 AND 5397807
for range-covered
table 1 : explain SELECT k FROM sbtest1 WHERE k BETWEEN 6107280 AND 6107380
	Index Only Scan using k_1 on sbtest1  (cost=0.43..10.40 rows=98 width=4)
	  Index Cond: ((k >= 6107280) AND (k <= 6107380))

table 2 : explain SELECT k FROM sbtest2 WHERE k BETWEEN 6107280 AND 6107380
	Index Only Scan using k_2 on sbtest2  (cost=0.43..6.50 rows=103 width=4)
	  Index Cond: ((k >= 6107280) AND (k <= 6107380))

table 3 : explain SELECT k FROM sbtest3 WHERE k BETWEEN 6107280 AND 6107380
	Index Only Scan using k_3 on sbtest3  (cost=0.43..6.43 rows=100 width=4)
	  Index Cond: ((k >= 6107280) AND (k <= 6107380))

table 4 : explain SELECT k FROM sbtest4 WHERE k BETWEEN 6107280 AND 6107380
	Index Only Scan using k_4 on sbtest4  (cost=0.43..6.35 rows=96 width=4)
	  Index Cond: ((k >= 6107280) AND (k <= 6107380))

table 5 : explain SELECT k FROM sbtest5 WHERE k BETWEEN 6107280 AND 6107380
	Index Only Scan using k_5 on sbtest5  (cost=0.43..10.44 rows=100 width=4)
	  Index Cond: ((k >= 6107280) AND (k <= 6107380))

table 6 : explain SELECT k FROM sbtest6 WHERE k BETWEEN 6107280 AND 6107380
	Index Only Scan using k_6 on sbtest6  (cost=0.43..6.67 rows=112 width=4)
	  Index Cond: ((k >= 6107280) AND (k <= 6107380))

table 7 : explain SELECT k FROM sbtest7 WHERE k BETWEEN 6107280 AND 6107380
	Index Only Scan using k_7 on sbtest7  (cost=0.43..10.46 rows=101 width=4)
	  Index Cond: ((k >= 6107280) AND (k <= 6107380))

table 8 : explain SELECT k FROM sbtest8 WHERE k BETWEEN 6107280 AND 6107380
	Index Only Scan using k_8 on sbtest8  (cost=0.43..10.32 rows=94 width=4)
	  Index Cond: ((k >= 6107280) AND (k <= 6107380))

for range-covered
table 1 : explain SELECT k FROM sbtest1 WHERE k BETWEEN 7320855 AND 7320955
	Index Only Scan using k_1 on sbtest1  (cost=0.43..10.40 rows=98 width=4)
	  Index Cond: ((k >= 7320855) AND (k <= 7320955))

table 2 : explain SELECT k FROM sbtest2 WHERE k BETWEEN 7320855 AND 7320955
	Index Only Scan using k_2 on sbtest2  (cost=0.43..6.29 rows=93 width=4)
	  Index Cond: ((k >= 7320855) AND (k <= 7320955))

table 3 : explain SELECT k FROM sbtest3 WHERE k BETWEEN 7320855 AND 7320955
	Index Only Scan using k_3 on sbtest3  (cost=0.43..6.43 rows=100 width=4)
	  Index Cond: ((k >= 7320855) AND (k <= 7320955))

table 4 : explain SELECT k FROM sbtest4 WHERE k BETWEEN 7320855 AND 7320955
	Index Only Scan using k_4 on sbtest4  (cost=0.43..6.43 rows=100 width=4)
	  Index Cond: ((k >= 7320855) AND (k <= 7320955))

table 5 : explain SELECT k FROM sbtest5 WHERE k BETWEEN 7320855 AND 7320955
	Index Only Scan using k_5 on sbtest5  (cost=0.43..10.51 rows=104 width=4)
	  Index Cond: ((k >= 7320855) AND (k <= 7320955))

table 6 : explain SELECT k FROM sbtest6 WHERE k BETWEEN 7320855 AND 7320955
	Index Only Scan using k_6 on sbtest6  (cost=0.43..6.74 rows=115 width=4)
	  Index Cond: ((k >= 7320855) AND (k <= 7320955))

table 7 : explain SELECT k FROM sbtest7 WHERE k BETWEEN 7320855 AND 7320955
	Index Only Scan using k_7 on sbtest7  (cost=0.43..10.42 rows=99 width=4)
	  Index Cond: ((k >= 7320855) AND (k <= 7320955))

table 8 : explain SELECT k FROM sbtest8 WHERE k BETWEEN 7320855 AND 7320955
	Index Only Scan using k_8 on sbtest8  (cost=0.43..10.32 rows=94 width=4)
	  Index Cond: ((k >= 7320855) AND (k <= 7320955))

explain: for range-covered :: explain SELECT k FROM sbtest%d WHERE k BETWEEN 6107280 AND 6107380
for range-covered
table 1 : explain SELECT k FROM sbtest1 WHERE k BETWEEN 6400835 AND 6400935
	Index Only Scan using k_1 on sbtest1  (cost=0.43..10.46 rows=101 width=4)
	  Index Cond: ((k >= 6400835) AND (k <= 6400935))

table 2 : explain SELECT k FROM sbtest2 WHERE k BETWEEN 6400835 AND 6400935
	Index Only Scan using k_2 on sbtest2  (cost=0.43..6.72 rows=114 width=4)
	  Index Cond: ((k >= 6400835) AND (k <= 6400935))

table 3 : explain SELECT k FROM sbtest3 WHERE k BETWEEN 6400835 AND 6400935
	Index Only Scan using k_3 on sbtest3  (cost=0.43..6.47 rows=102 width=4)
	  Index Cond: ((k >= 6400835) AND (k <= 6400935))

table 4 : explain SELECT k FROM sbtest4 WHERE k BETWEEN 6400835 AND 6400935
	Index Only Scan using k_4 on sbtest4  (cost=0.43..6.40 rows=98 width=4)
	  Index Cond: ((k >= 6400835) AND (k <= 6400935))

table 5 : explain SELECT k FROM sbtest5 WHERE k BETWEEN 6400835 AND 6400935
	Index Only Scan using k_5 on sbtest5  (cost=0.43..10.29 rows=93 width=4)
	  Index Cond: ((k >= 6400835) AND (k <= 6400935))

table 6 : explain SELECT k FROM sbtest6 WHERE k BETWEEN 6400835 AND 6400935
	Index Only Scan using k_6 on sbtest6  (cost=0.43..6.24 rows=90 width=4)
	  Index Cond: ((k >= 6400835) AND (k <= 6400935))

table 7 : explain SELECT k FROM sbtest7 WHERE k BETWEEN 6400835 AND 6400935
	Index Only Scan using k_7 on sbtest7  (cost=0.43..10.68 rows=112 width=4)
	  Index Cond: ((k >= 6400835) AND (k <= 6400935))

table 8 : explain SELECT k FROM sbtest8 WHERE k BETWEEN 6400835 AND 6400935
	Index Only Scan using k_8 on sbtest8  (cost=0.43..10.47 rows=102 width=4)
	  Index Cond: ((k >= 6400835) AND (k <= 6400935))

explain: for range-covered :: explain SELECT k FROM sbtest%d WHERE k BETWEEN 6400835 AND 6400935
for range-covered
table 1 : explain SELECT k FROM sbtest1 WHERE k BETWEEN 6211901 AND 6212001
	Index Only Scan using k_1 on sbtest1  (cost=0.43..10.60 rows=108 width=4)
	  Index Cond: ((k >= 6211901) AND (k <= 6212001))

table 2 : explain SELECT k FROM sbtest2 WHERE k BETWEEN 6211901 AND 6212001
	Index Only Scan using k_2 on sbtest2  (cost=0.43..6.32 rows=94 width=4)
	  Index Cond: ((k >= 6211901) AND (k <= 6212001))

table 3 : explain SELECT k FROM sbtest3 WHERE k BETWEEN 6211901 AND 6212001
	Index Only Scan using k_3 on sbtest3  (cost=0.43..6.56 rows=106 width=4)
	  Index Cond: ((k >= 6211901) AND (k <= 6212001))

table 4 : explain SELECT k FROM sbtest4 WHERE k BETWEEN 6211901 AND 6212001
	Index Only Scan using k_4 on sbtest4  (cost=0.43..6.47 rows=102 width=4)
	  Index Cond: ((k >= 6211901) AND (k <= 6212001))

table 5 : explain SELECT k FROM sbtest5 WHERE k BETWEEN 6211901 AND 6212001
	Index Only Scan using k_5 on sbtest5  (cost=0.43..10.63 rows=110 width=4)
	  Index Cond: ((k >= 6211901) AND (k <= 6212001))

table 6 : explain SELECT k FROM sbtest6 WHERE k BETWEEN 6211901 AND 6212001
	Index Only Scan using k_6 on sbtest6  (cost=0.43..6.56 rows=106 width=4)
	  Index Cond: ((k >= 6211901) AND (k <= 6212001))

table 7 : explain SELECT k FROM sbtest7 WHERE k BETWEEN 6211901 AND 6212001
	Index Only Scan using k_7 on sbtest7  (cost=0.43..10.47 rows=102 width=4)
	  Index Cond: ((k >= 6211901) AND (k <= 6212001))

table 8 : explain SELECT k FROM sbtest8 WHERE k BETWEEN 6211901 AND 6212001
	Index Only Scan using k_8 on sbtest8  (cost=0.43..10.47 rows=102 width=4)
	  Index Cond: ((k >= 6211901) AND (k <= 6212001))

explain: for range-covered :: explain SELECT k FROM sbtest%d WHERE k BETWEEN 6211901 AND 6212001
explain: for range-covered :: explain SELECT k FROM sbtest%d WHERE k BETWEEN 7320855 AND 7320955
for range-covered
table 1 : explain SELECT k FROM sbtest1 WHERE k BETWEEN 5314663 AND 5314763
	Index Only Scan using k_1 on sbtest1  (cost=0.43..10.42 rows=99 width=4)
	  Index Cond: ((k >= 5314663) AND (k <= 5314763))

table 2 : explain SELECT k FROM sbtest2 WHERE k BETWEEN 5314663 AND 5314763
	Index Only Scan using k_2 on sbtest2  (cost=0.43..6.51 rows=104 width=4)
	  Index Cond: ((k >= 5314663) AND (k <= 5314763))

table 3 : explain SELECT k FROM sbtest3 WHERE k BETWEEN 5314663 AND 5314763
	Index Only Scan using k_3 on sbtest3  (cost=0.43..6.50 rows=103 width=4)
	  Index Cond: ((k >= 5314663) AND (k <= 5314763))

table 4 : explain SELECT k FROM sbtest4 WHERE k BETWEEN 5314663 AND 5314763
	Index Only Scan using k_4 on sbtest4  (cost=0.43..6.27 rows=92 width=4)
	  Index Cond: ((k >= 5314663) AND (k <= 5314763))

table 5 : explain SELECT k FROM sbtest5 WHERE k BETWEEN 5314663 AND 5314763
	Index Only Scan using k_5 on sbtest5  (cost=0.43..10.32 rows=94 width=4)
	  Index Cond: ((k >= 5314663) AND (k <= 5314763))

table 6 : explain SELECT k FROM sbtest6 WHERE k BETWEEN 5314663 AND 5314763
	Index Only Scan using k_6 on sbtest6  (cost=0.43..6.53 rows=105 width=4)
	  Index Cond: ((k >= 5314663) AND (k <= 5314763))

table 7 : explain SELECT k FROM sbtest7 WHERE k BETWEEN 5314663 AND 5314763
	Index Only Scan using k_7 on sbtest7  (cost=0.43..10.51 rows=104 width=4)
	  Index Cond: ((k >= 5314663) AND (k <= 5314763))

table 8 : explain SELECT k FROM sbtest8 WHERE k BETWEEN 5314663 AND 5314763
	Index Only Scan using k_8 on sbtest8  (cost=0.43..10.40 rows=98 width=4)
	  Index Cond: ((k >= 5314663) AND (k <= 5314763))

explain: for range-covered :: explain SELECT k FROM sbtest%d WHERE k BETWEEN 5314663 AND 5314763
for range-covered
table 1 : explain SELECT k FROM sbtest1 WHERE k BETWEEN 6107280 AND 6107380
	Index Only Scan using k_1 on sbtest1  (cost=0.43..10.40 rows=98 width=4)
	  Index Cond: ((k >= 6107280) AND (k <= 6107380))

table 2 : explain SELECT k FROM sbtest2 WHERE k BETWEEN 6107280 AND 6107380
	Index Only Scan using k_2 on sbtest2  (cost=0.43..6.50 rows=103 width=4)
	  Index Cond: ((k >= 6107280) AND (k <= 6107380))

table 3 : explain SELECT k FROM sbtest3 WHERE k BETWEEN 6107280 AND 6107380
	Index Only Scan using k_3 on sbtest3  (cost=0.43..6.43 rows=100 width=4)
	  Index Cond: ((k >= 6107280) AND (k <= 6107380))

table 4 : explain SELECT k FROM sbtest4 WHERE k BETWEEN 6107280 AND 6107380
	Index Only Scan using k_4 on sbtest4  (cost=0.43..6.35 rows=96 width=4)
	  Index Cond: ((k >= 6107280) AND (k <= 6107380))

table 5 : explain SELECT k FROM sbtest5 WHERE k BETWEEN 6107280 AND 6107380
	Index Only Scan using k_5 on sbtest5  (cost=0.43..10.44 rows=100 width=4)
	  Index Cond: ((k >= 6107280) AND (k <= 6107380))

table 6 : explain SELECT k FROM sbtest6 WHERE k BETWEEN 6107280 AND 6107380
	Index Only Scan using k_6 on sbtest6  (cost=0.43..6.67 rows=112 width=4)
	  Index Cond: ((k >= 6107280) AND (k <= 6107380))

table 7 : explain SELECT k FROM sbtest7 WHERE k BETWEEN 6107280 AND 6107380
	Index Only Scan using k_7 on sbtest7  (cost=0.43..10.46 rows=101 width=4)
	  Index Cond: ((k >= 6107280) AND (k <= 6107380))

table 8 : explain SELECT k FROM sbtest8 WHERE k BETWEEN 6107280 AND 6107380
	Index Only Scan using k_8 on sbtest8  (cost=0.43..10.32 rows=94 width=4)
	  Index Cond: ((k >= 6107280) AND (k <= 6107380))

for range-covered
table 1 : explain SELECT k FROM sbtest1 WHERE k BETWEEN 6400835 AND 6400935
	Index Only Scan using k_1 on sbtest1  (cost=0.43..10.46 rows=101 width=4)
	  Index Cond: ((k >= 6400835) AND (k <= 6400935))

table 2 : explain SELECT k FROM sbtest2 WHERE k BETWEEN 6400835 AND 6400935
	Index Only Scan using k_2 on sbtest2  (cost=0.43..6.72 rows=114 width=4)
	  Index Cond: ((k >= 6400835) AND (k <= 6400935))

table 3 : explain SELECT k FROM sbtest3 WHERE k BETWEEN 6400835 AND 6400935
	Index Only Scan using k_3 on sbtest3  (cost=0.43..6.47 rows=102 width=4)
	  Index Cond: ((k >= 6400835) AND (k <= 6400935))

table 4 : explain SELECT k FROM sbtest4 WHERE k BETWEEN 6400835 AND 6400935
	Index Only Scan using k_4 on sbtest4  (cost=0.43..6.40 rows=98 width=4)
	  Index Cond: ((k >= 6400835) AND (k <= 6400935))

table 5 : explain SELECT k FROM sbtest5 WHERE k BETWEEN 6400835 AND 6400935
	Index Only Scan using k_5 on sbtest5  (cost=0.43..10.29 rows=93 width=4)
	  Index Cond: ((k >= 6400835) AND (k <= 6400935))

table 6 : explain SELECT k FROM sbtest6 WHERE k BETWEEN 6400835 AND 6400935
	Index Only Scan using k_6 on sbtest6  (cost=0.43..6.24 rows=90 width=4)
	  Index Cond: ((k >= 6400835) AND (k <= 6400935))

table 7 : explain SELECT k FROM sbtest7 WHERE k BETWEEN 6400835 AND 6400935
	Index Only Scan using k_7 on sbtest7  (cost=0.43..10.68 rows=112 width=4)
	  Index Cond: ((k >= 6400835) AND (k <= 6400935))

table 8 : explain SELECT k FROM sbtest8 WHERE k BETWEEN 6400835 AND 6400935
	Index Only Scan using k_8 on sbtest8  (cost=0.43..10.47 rows=102 width=4)
	  Index Cond: ((k >= 6400835) AND (k <= 6400935))

explain: for range-covered :: explain SELECT k FROM sbtest%d WHERE k BETWEEN 6400835 AND 6400935
for range-covered
table 1 : explain SELECT k FROM sbtest1 WHERE k BETWEEN 8023371 AND 8023471
	Index Only Scan using k_1 on sbtest1  (cost=0.43..10.44 rows=100 width=4)
	  Index Cond: ((k >= 8023371) AND (k <= 8023471))

table 2 : explain SELECT k FROM sbtest2 WHERE k BETWEEN 8023371 AND 8023471
	Index Only Scan using k_2 on sbtest2  (cost=0.43..6.42 rows=99 width=4)
	  Index Cond: ((k >= 8023371) AND (k <= 8023471))

table 3 : explain SELECT k FROM sbtest3 WHERE k BETWEEN 8023371 AND 8023471
	Index Only Scan using k_3 on sbtest3  (cost=0.43..6.59 rows=108 width=4)
	  Index Cond: ((k >= 8023371) AND (k <= 8023471))

table 4 : explain SELECT k FROM sbtest4 WHERE k BETWEEN 8023371 AND 8023471
	Index Only Scan using k_4 on sbtest4  (cost=0.43..6.35 rows=96 width=4)
	  Index Cond: ((k >= 8023371) AND (k <= 8023471))

table 5 : explain SELECT k FROM sbtest5 WHERE k BETWEEN 8023371 AND 8023471
	Index Only Scan using k_5 on sbtest5  (cost=0.43..10.51 rows=104 width=4)
	  Index Cond: ((k >= 8023371) AND (k <= 8023471))

table 6 : explain SELECT k FROM sbtest6 WHERE k BETWEEN 8023371 AND 8023471
	Index Only Scan using k_6 on sbtest6  (cost=0.43..6.56 rows=106 width=4)
	  Index Cond: ((k >= 8023371) AND (k <= 8023471))

table 7 : explain SELECT k FROM sbtest7 WHERE k BETWEEN 8023371 AND 8023471
	Index Only Scan using k_7 on sbtest7  (cost=0.43..10.46 rows=101 width=4)
	  Index Cond: ((k >= 8023371) AND (k <= 8023471))

table 8 : explain SELECT k FROM sbtest8 WHERE k BETWEEN 8023371 AND 8023471
	Index Only Scan using k_8 on sbtest8  (cost=0.43..10.51 rows=104 width=4)
	  Index Cond: ((k >= 8023371) AND (k <= 8023471))

explain: for range-covered :: explain SELECT k FROM sbtest%d WHERE k BETWEEN 8023371 AND 8023471
for range-covered
table 1 : explain SELECT k FROM sbtest1 WHERE k BETWEEN 6211901 AND 6212001
	Index Only Scan using k_1 on sbtest1  (cost=0.43..10.60 rows=108 width=4)
	  Index Cond: ((k >= 6211901) AND (k <= 6212001))

table 2 : explain SELECT k FROM sbtest2 WHERE k BETWEEN 6211901 AND 6212001
	Index Only Scan using k_2 on sbtest2  (cost=0.43..6.32 rows=94 width=4)
	  Index Cond: ((k >= 6211901) AND (k <= 6212001))

table 3 : explain SELECT k FROM sbtest3 WHERE k BETWEEN 6211901 AND 6212001
	Index Only Scan using k_3 on sbtest3  (cost=0.43..6.56 rows=106 width=4)
	  Index Cond: ((k >= 6211901) AND (k <= 6212001))

table 4 : explain SELECT k FROM sbtest4 WHERE k BETWEEN 6211901 AND 6212001
	Index Only Scan using k_4 on sbtest4  (cost=0.43..6.47 rows=102 width=4)
	  Index Cond: ((k >= 6211901) AND (k <= 6212001))

table 5 : explain SELECT k FROM sbtest5 WHERE k BETWEEN 6211901 AND 6212001
	Index Only Scan using k_5 on sbtest5  (cost=0.43..10.63 rows=110 width=4)
	  Index Cond: ((k >= 6211901) AND (k <= 6212001))

table 6 : explain SELECT k FROM sbtest6 WHERE k BETWEEN 6211901 AND 6212001
	Index Only Scan using k_6 on sbtest6  (cost=0.43..6.56 rows=106 width=4)
	  Index Cond: ((k >= 6211901) AND (k <= 6212001))

table 7 : explain SELECT k FROM sbtest7 WHERE k BETWEEN 6211901 AND 6212001
	Index Only Scan using k_7 on sbtest7  (cost=0.43..10.47 rows=102 width=4)
	  Index Cond: ((k >= 6211901) AND (k <= 6212001))

table 8 : explain SELECT k FROM sbtest8 WHERE k BETWEEN 6211901 AND 6212001
	Index Only Scan using k_8 on sbtest8  (cost=0.43..10.47 rows=102 width=4)
	  Index Cond: ((k >= 6211901) AND (k <= 6212001))

for range-covered
table 1 : explain SELECT k FROM sbtest1 WHERE k BETWEEN 5314663 AND 5314763
	Index Only Scan using k_1 on sbtest1  (cost=0.43..10.42 rows=99 width=4)
	  Index Cond: ((k >= 5314663) AND (k <= 5314763))

table 2 : explain SELECT k FROM sbtest2 WHERE k BETWEEN 5314663 AND 5314763
	Index Only Scan using k_2 on sbtest2  (cost=0.43..6.51 rows=104 width=4)
	  Index Cond: ((k >= 5314663) AND (k <= 5314763))

table 3 : explain SELECT k FROM sbtest3 WHERE k BETWEEN 5314663 AND 5314763
	Index Only Scan using k_3 on sbtest3  (cost=0.43..6.50 rows=103 width=4)
	  Index Cond: ((k >= 5314663) AND (k <= 5314763))

table 4 : explain SELECT k FROM sbtest4 WHERE k BETWEEN 5314663 AND 5314763
	Index Only Scan using k_4 on sbtest4  (cost=0.43..6.27 rows=92 width=4)
	  Index Cond: ((k >= 5314663) AND (k <= 5314763))

table 5 : explain SELECT k FROM sbtest5 WHERE k BETWEEN 5314663 AND 5314763
	Index Only Scan using k_5 on sbtest5  (cost=0.43..10.32 rows=94 width=4)
	  Index Cond: ((k >= 5314663) AND (k <= 5314763))

table 6 : explain SELECT k FROM sbtest6 WHERE k BETWEEN 5314663 AND 5314763
	Index Only Scan using k_6 on sbtest6  (cost=0.43..6.53 rows=105 width=4)
	  Index Cond: ((k >= 5314663) AND (k <= 5314763))

table 7 : explain SELECT k FROM sbtest7 WHERE k BETWEEN 5314663 AND 5314763
	Index Only Scan using k_7 on sbtest7  (cost=0.43..10.51 rows=104 width=4)
	  Index Cond: ((k >= 5314663) AND (k <= 5314763))

table 8 : explain SELECT k FROM sbtest8 WHERE k BETWEEN 5314663 AND 5314763
	Index Only Scan using k_8 on sbtest8  (cost=0.43..10.40 rows=98 width=4)
	  Index Cond: ((k >= 5314663) AND (k <= 5314763))

for range-covered
table 1 : explain SELECT k FROM sbtest1 WHERE k BETWEEN 6400835 AND 6400935
	Index Only Scan using k_1 on sbtest1  (cost=0.43..10.46 rows=101 width=4)
	  Index Cond: ((k >= 6400835) AND (k <= 6400935))

table 2 : explain SELECT k FROM sbtest2 WHERE k BETWEEN 6400835 AND 6400935
	Index Only Scan using k_2 on sbtest2  (cost=0.43..6.72 rows=114 width=4)
	  Index Cond: ((k >= 6400835) AND (k <= 6400935))

table 3 : explain SELECT k FROM sbtest3 WHERE k BETWEEN 6400835 AND 6400935
	Index Only Scan using k_3 on sbtest3  (cost=0.43..6.47 rows=102 width=4)
	  Index Cond: ((k >= 6400835) AND (k <= 6400935))

table 4 : explain SELECT k FROM sbtest4 WHERE k BETWEEN 6400835 AND 6400935
	Index Only Scan using k_4 on sbtest4  (cost=0.43..6.40 rows=98 width=4)
	  Index Cond: ((k >= 6400835) AND (k <= 6400935))

table 5 : explain SELECT k FROM sbtest5 WHERE k BETWEEN 6400835 AND 6400935
	Index Only Scan using k_5 on sbtest5  (cost=0.43..10.29 rows=93 width=4)
	  Index Cond: ((k >= 6400835) AND (k <= 6400935))

table 6 : explain SELECT k FROM sbtest6 WHERE k BETWEEN 6400835 AND 6400935
	Index Only Scan using k_6 on sbtest6  (cost=0.43..6.24 rows=90 width=4)
	  Index Cond: ((k >= 6400835) AND (k <= 6400935))

table 7 : explain SELECT k FROM sbtest7 WHERE k BETWEEN 6400835 AND 6400935
	Index Only Scan using k_7 on sbtest7  (cost=0.43..10.68 rows=112 width=4)
	  Index Cond: ((k >= 6400835) AND (k <= 6400935))

table 8 : explain SELECT k FROM sbtest8 WHERE k BETWEEN 6400835 AND 6400935
	Index Only Scan using k_8 on sbtest8  (cost=0.43..10.47 rows=102 width=4)
	  Index Cond: ((k >= 6400835) AND (k <= 6400935))

for range-covered
table 1 : explain SELECT k FROM sbtest1 WHERE k BETWEEN 3011231 AND 3011331
	Index Only Scan using k_1 on sbtest1  (cost=0.43..10.44 rows=100 width=4)
	  Index Cond: ((k >= 3011231) AND (k <= 3011331))

table 2 : explain SELECT k FROM sbtest2 WHERE k BETWEEN 3011231 AND 3011331
	Index Only Scan using k_2 on sbtest2  (cost=0.43..6.37 rows=97 width=4)
	  Index Cond: ((k >= 3011231) AND (k <= 3011331))

table 3 : explain SELECT k FROM sbtest3 WHERE k BETWEEN 3011231 AND 3011331
	Index Only Scan using k_3 on sbtest3  (cost=0.43..6.63 rows=110 width=4)
	  Index Cond: ((k >= 3011231) AND (k <= 3011331))

table 4 : explain SELECT k FROM sbtest4 WHERE k BETWEEN 3011231 AND 3011331
	Index Only Scan using k_4 on sbtest4  (cost=0.43..6.56 rows=106 width=4)
	  Index Cond: ((k >= 3011231) AND (k <= 3011331))

table 5 : explain SELECT k FROM sbtest5 WHERE k BETWEEN 3011231 AND 3011331
	Index Only Scan using k_5 on sbtest5  (cost=0.43..10.38 rows=97 width=4)
	  Index Cond: ((k >= 3011231) AND (k <= 3011331))

table 6 : explain SELECT k FROM sbtest6 WHERE k BETWEEN 3011231 AND 3011331
	Index Only Scan using k_6 on sbtest6  (cost=0.43..6.40 rows=98 width=4)
	  Index Cond: ((k >= 3011231) AND (k <= 3011331))

table 7 : explain SELECT k FROM sbtest7 WHERE k BETWEEN 3011231 AND 3011331
	Index Only Scan using k_7 on sbtest7  (cost=0.43..10.29 rows=93 width=4)
	  Index Cond: ((k >= 3011231) AND (k <= 3011331))

table 8 : explain SELECT k FROM sbtest8 WHERE k BETWEEN 3011231 AND 3011331
	Index Only Scan using k_8 on sbtest8  (cost=0.43..10.58 rows=107 width=4)
	  Index Cond: ((k >= 3011231) AND (k <= 3011331))

explain: for range-covered :: explain SELECT k FROM sbtest%d WHERE k BETWEEN 5314663 AND 5314763explain: for range-covered :: explain SELECT k FROM sbtest%d WHERE k BETWEEN 6400835 AND 6400935
for range-covered
table 1 : explain SELECT k FROM sbtest1 WHERE k BETWEEN 7320855 AND 7320955
	Index Only Scan using k_1 on sbtest1  (cost=0.43..10.40 rows=98 width=4)
	  Index Cond: ((k >= 7320855) AND (k <= 7320955))

table 2 : explain SELECT k FROM sbtest2 WHERE k BETWEEN 7320855 AND 7320955
	Index Only Scan using k_2 on sbtest2  (cost=0.43..6.29 rows=93 width=4)
	  Index Cond: ((k >= 7320855) AND (k <= 7320955))

table 3 : explain SELECT k FROM sbtest3 WHERE k BETWEEN 7320855 AND 7320955
	Index Only Scan using k_3 on sbtest3  (cost=0.43..6.43 rows=100 width=4)
	  Index Cond: ((k >= 7320855) AND (k <= 7320955))

table 4 : explain SELECT k FROM sbtest4 WHERE k BETWEEN 7320855 AND 7320955
	Index Only Scan using k_4 on sbtest4  (cost=0.43..6.43 rows=100 width=4)
	  Index Cond: ((k >= 7320855) AND (k <= 7320955))

table 5 : explain SELECT k FROM sbtest5 WHERE k BETWEEN 7320855 AND 7320955
	Index Only Scan using k_5 on sbtest5  (cost=0.43..10.51 rows=104 width=4)
	  Index Cond: ((k >= 7320855) AND (k <= 7320955))

table 6 : explain SELECT k FROM sbtest6 WHERE k BETWEEN 7320855 AND 7320955
	Index Only Scan using k_6 on sbtest6  (cost=0.43..6.74 rows=115 width=4)
	  Index Cond: ((k >= 7320855) AND (k <= 7320955))

table 7 : explain SELECT k FROM sbtest7 WHERE k BETWEEN 7320855 AND 7320955
	Index Only Scan using k_7 on sbtest7  (cost=0.43..10.42 rows=99 width=4)
	  Index Cond: ((k >= 7320855) AND (k <= 7320955))

table 8 : explain SELECT k FROM sbtest8 WHERE k BETWEEN 7320855 AND 7320955
	Index Only Scan using k_8 on sbtest8  (cost=0.43..10.32 rows=94 width=4)
	  Index Cond: ((k >= 7320855) AND (k <= 7320955))


for range-covered
table 1 : explain SELECT k FROM sbtest1 WHERE k BETWEEN 8023371 AND 8023471
	Index Only Scan using k_1 on sbtest1  (cost=0.43..10.44 rows=100 width=4)
	  Index Cond: ((k >= 8023371) AND (k <= 8023471))

table 2 : explain SELECT k FROM sbtest2 WHERE k BETWEEN 8023371 AND 8023471
	Index Only Scan using k_2 on sbtest2  (cost=0.43..6.42 rows=99 width=4)
	  Index Cond: ((k >= 8023371) AND (k <= 8023471))

table 3 : explain SELECT k FROM sbtest3 WHERE k BETWEEN 8023371 AND 8023471
	Index Only Scan using k_3 on sbtest3  (cost=0.43..6.59 rows=108 width=4)
	  Index Cond: ((k >= 8023371) AND (k <= 8023471))

table 4 : explain SELECT k FROM sbtest4 WHERE k BETWEEN 8023371 AND 8023471
	Index Only Scan using k_4 on sbtest4  (cost=0.43..6.35 rows=96 width=4)
	  Index Cond: ((k >= 8023371) AND (k <= 8023471))

table 5 : explain SELECT k FROM sbtest5 WHERE k BETWEEN 8023371 AND 8023471
	Index Only Scan using k_5 on sbtest5  (cost=0.43..10.51 rows=104 width=4)
	  Index Cond: ((k >= 8023371) AND (k <= 8023471))

table 6 : explain SELECT k FROM sbtest6 WHERE k BETWEEN 8023371 AND 8023471
	Index Only Scan using k_6 on sbtest6  (cost=0.43..6.56 rows=106 width=4)
	  Index Cond: ((k >= 8023371) AND (k <= 8023471))

table 7 : explain SELECT k FROM sbtest7 WHERE k BETWEEN 8023371 AND 8023471
	Index Only Scan using k_7 on sbtest7  (cost=0.43..10.46 rows=101 width=4)
	  Index Cond: ((k >= 8023371) AND (k <= 8023471))

table 8 : explain SELECT k FROM sbtest8 WHERE k BETWEEN 8023371 AND 8023471
	Index Only Scan using k_8 on sbtest8  (cost=0.43..10.51 rows=104 width=4)
	  Index Cond: ((k >= 8023371) AND (k <= 8023471))

explain: for range-covered :: explain SELECT k FROM sbtest%d WHERE k BETWEEN 3011231 AND 3011331
explain: for range-covered :: explain SELECT k FROM sbtest%d WHERE k BETWEEN 6211901 AND 6212001
explain: for range-covered :: explain SELECT k FROM sbtest%d WHERE k BETWEEN 8023371 AND 8023471
explain: for range-covered :: explain SELECT k FROM sbtest%d WHERE k BETWEEN 7320855 AND 7320955
explain: for range-covered :: explain SELECT k FROM sbtest%d WHERE k BETWEEN 1745646 AND 1745746
for range-covered
table 1 : explain SELECT k FROM sbtest1 WHERE k BETWEEN 5135676 AND 5135776
	Index Only Scan using k_1 on sbtest1  (cost=0.43..10.32 rows=94 width=4)
	  Index Cond: ((k >= 5135676) AND (k <= 5135776))

table 2 : explain SELECT k FROM sbtest2 WHERE k BETWEEN 5135676 AND 5135776
	Index Only Scan using k_2 on sbtest2  (cost=0.43..6.43 rows=100 width=4)
	  Index Cond: ((k >= 5135676) AND (k <= 5135776))

table 3 : explain SELECT k FROM sbtest3 WHERE k BETWEEN 5135676 AND 5135776
	Index Only Scan using k_3 on sbtest3  (cost=0.43..6.58 rows=107 width=4)
	  Index Cond: ((k >= 5135676) AND (k <= 5135776))

table 4 : explain SELECT k FROM sbtest4 WHERE k BETWEEN 5135676 AND 5135776
	Index Only Scan using k_4 on sbtest4  (cost=0.43..6.50 rows=103 width=4)
	  Index Cond: ((k >= 5135676) AND (k <= 5135776))

table 5 : explain SELECT k FROM sbtest5 WHERE k BETWEEN 5135676 AND 5135776
	Index Only Scan using k_5 on sbtest5  (cost=0.43..10.50 rows=103 width=4)
	  Index Cond: ((k >= 5135676) AND (k <= 5135776))

table 6 : explain SELECT k FROM sbtest6 WHERE k BETWEEN 5135676 AND 5135776
	Index Only Scan using k_6 on sbtest6  (cost=0.43..6.45 rows=101 width=4)
	  Index Cond: ((k >= 5135676) AND (k <= 5135776))

table 7 : explain SELECT k FROM sbtest7 WHERE k BETWEEN 5135676 AND 5135776
	Index Only Scan using k_7 on sbtest7  (cost=0.43..10.54 rows=105 width=4)
	  Index Cond: ((k >= 5135676) AND (k <= 5135776))

table 8 : explain SELECT k FROM sbtest8 WHERE k BETWEEN 5135676 AND 5135776
	Index Only Scan using k_8 on sbtest8  (cost=0.43..10.32 rows=94 width=4)
	  Index Cond: ((k >= 5135676) AND (k <= 5135776))

explain: for range-covered :: explain SELECT k FROM sbtest%d WHERE k BETWEEN 5135676 AND 5135776
for range-covered
table 1 : explain SELECT k FROM sbtest1 WHERE k BETWEEN 5397707 AND 5397807
	Index Only Scan using k_1 on sbtest1  (cost=0.43..10.58 rows=107 width=4)
	  Index Cond: ((k >= 5397707) AND (k <= 5397807))

table 2 : explain SELECT k FROM sbtest2 WHERE k BETWEEN 5397707 AND 5397807
	Index Only Scan using k_2 on sbtest2  (cost=0.43..6.40 rows=98 width=4)
	  Index Cond: ((k >= 5397707) AND (k <= 5397807))

table 3 : explain SELECT k FROM sbtest3 WHERE k BETWEEN 5397707 AND 5397807
	Index Only Scan using k_3 on sbtest3  (cost=0.43..6.47 rows=102 width=4)
	  Index Cond: ((k >= 5397707) AND (k <= 5397807))

table 4 : explain SELECT k FROM sbtest4 WHERE k BETWEEN 5397707 AND 5397807
	Index Only Scan using k_4 on sbtest4  (cost=0.43..6.27 rows=92 width=4)
	  Index Cond: ((k >= 5397707) AND (k <= 5397807))

table 5 : explain SELECT k FROM sbtest5 WHERE k BETWEEN 5397707 AND 5397807
	Index Only Scan using k_5 on sbtest5  (cost=0.43..10.56 rows=106 width=4)
	  Index Cond: ((k >= 5397707) AND (k <= 5397807))

table 6 : explain SELECT k FROM sbtest6 WHERE k BETWEEN 5397707 AND 5397807
	Index Only Scan using k_6 on sbtest6  (cost=0.43..6.53 rows=105 width=4)
	  Index Cond: ((k >= 5397707) AND (k <= 5397807))

table 7 : explain SELECT k FROM sbtest7 WHERE k BETWEEN 5397707 AND 5397807
	Index Only Scan using k_7 on sbtest7  (cost=0.43..10.47 rows=102 width=4)
	  Index Cond: ((k >= 5397707) AND (k <= 5397807))

table 8 : explain SELECT k FROM sbtest8 WHERE k BETWEEN 5397707 AND 5397807
	Index Only Scan using k_8 on sbtest8  (cost=0.43..10.33 rows=95 width=4)
	  Index Cond: ((k >= 5397707) AND (k <= 5397807))

explain: for range-covered :: explain SELECT k FROM sbtest%d WHERE k BETWEEN 5397707 AND 5397807
for range-covered
table 1 : explain SELECT k FROM sbtest1 WHERE k BETWEEN 7637680 AND 7637780
	Index Only Scan using k_1 on sbtest1  (cost=0.43..10.47 rows=102 width=4)
	  Index Cond: ((k >= 7637680) AND (k <= 7637780))

table 2 : explain SELECT k FROM sbtest2 WHERE k BETWEEN 7637680 AND 7637780
	Index Only Scan using k_2 on sbtest2  (cost=0.43..6.37 rows=97 width=4)
	  Index Cond: ((k >= 7637680) AND (k <= 7637780))

table 3 : explain SELECT k FROM sbtest3 WHERE k BETWEEN 7637680 AND 7637780
	Index Only Scan using k_3 on sbtest3  (cost=0.43..6.43 rows=100 width=4)
	  Index Cond: ((k >= 7637680) AND (k <= 7637780))

table 4 : explain SELECT k FROM sbtest4 WHERE k BETWEEN 7637680 AND 7637780
	Index Only Scan using k_4 on sbtest4  (cost=0.43..6.47 rows=102 width=4)
	  Index Cond: ((k >= 7637680) AND (k <= 7637780))

table 5 : explain SELECT k FROM sbtest5 WHERE k BETWEEN 7637680 AND 7637780
	Index Only Scan using k_5 on sbtest5  (cost=0.43..10.63 rows=110 width=4)
	  Index Cond: ((k >= 7637680) AND (k <= 7637780))

table 6 : explain SELECT k FROM sbtest6 WHERE k BETWEEN 7637680 AND 7637780
	Index Only Scan using k_6 on sbtest6  (cost=0.43..6.45 rows=101 width=4)
	  Index Cond: ((k >= 7637680) AND (k <= 7637780))

table 7 : explain SELECT k FROM sbtest7 WHERE k BETWEEN 7637680 AND 7637780
	Index Only Scan using k_7 on sbtest7  (cost=0.43..10.46 rows=101 width=4)
	  Index Cond: ((k >= 7637680) AND (k <= 7637780))

table 8 : explain SELECT k FROM sbtest8 WHERE k BETWEEN 7637680 AND 7637780
	Index Only Scan using k_8 on sbtest8  (cost=0.43..10.46 rows=101 width=4)
	  Index Cond: ((k >= 7637680) AND (k <= 7637780))

for range-covered
table 1 : explain SELECT k FROM sbtest1 WHERE k BETWEEN 6400835 AND 6400935
	Index Only Scan using k_1 on sbtest1  (cost=0.43..10.46 rows=101 width=4)
	  Index Cond: ((k >= 6400835) AND (k <= 6400935))

table 2 : explain SELECT k FROM sbtest2 WHERE k BETWEEN 6400835 AND 6400935
	Index Only Scan using k_2 on sbtest2  (cost=0.43..6.72 rows=114 width=4)
	  Index Cond: ((k >= 6400835) AND (k <= 6400935))

table 3 : explain SELECT k FROM sbtest3 WHERE k BETWEEN 6400835 AND 6400935
	Index Only Scan using k_3 on sbtest3  (cost=0.43..6.47 rows=102 width=4)
	  Index Cond: ((k >= 6400835) AND (k <= 6400935))

table 4 : explain SELECT k FROM sbtest4 WHERE k BETWEEN 6400835 AND 6400935
	Index Only Scan using k_4 on sbtest4  (cost=0.43..6.40 rows=98 width=4)
	  Index Cond: ((k >= 6400835) AND (k <= 6400935))

table 5 : explain SELECT k FROM sbtest5 WHERE k BETWEEN 6400835 AND 6400935
	Index Only Scan using k_5 on sbtest5  (cost=0.43..10.29 rows=93 width=4)
	  Index Cond: ((k >= 6400835) AND (k <= 6400935))

table 6 : explain SELECT k FROM sbtest6 WHERE k BETWEEN 6400835 AND 6400935
	Index Only Scan using k_6 on sbtest6  (cost=0.43..6.24 rows=90 width=4)
	  Index Cond: ((k >= 6400835) AND (k <= 6400935))

table 7 : explain SELECT k FROM sbtest7 WHERE k BETWEEN 6400835 AND 6400935
	Index Only Scan using k_7 on sbtest7  (cost=0.43..10.68 rows=112 width=4)
	  Index Cond: ((k >= 6400835) AND (k <= 6400935))

table 8 : explain SELECT k FROM sbtest8 WHERE k BETWEEN 6400835 AND 6400935
	Index Only Scan using k_8 on sbtest8  (cost=0.43..10.47 rows=102 width=4)
	  Index Cond: ((k >= 6400835) AND (k <= 6400935))

for range-covered
table 1 : explain SELECT k FROM sbtest1 WHERE k BETWEEN 8023371 AND 8023471
	Index Only Scan using k_1 on sbtest1  (cost=0.43..10.44 rows=100 width=4)
	  Index Cond: ((k >= 8023371) AND (k <= 8023471))

table 2 : explain SELECT k FROM sbtest2 WHERE k BETWEEN 8023371 AND 8023471
	Index Only Scan using k_2 on sbtest2  (cost=0.43..6.42 rows=99 width=4)
	  Index Cond: ((k >= 8023371) AND (k <= 8023471))

table 3 : explain SELECT k FROM sbtest3 WHERE k BETWEEN 8023371 AND 8023471
	Index Only Scan using k_3 on sbtest3  (cost=0.43..6.59 rows=108 width=4)
	  Index Cond: ((k >= 8023371) AND (k <= 8023471))

table 4 : explain SELECT k FROM sbtest4 WHERE k BETWEEN 8023371 AND 8023471
	Index Only Scan using k_4 on sbtest4  (cost=0.43..6.35 rows=96 width=4)
	  Index Cond: ((k >= 8023371) AND (k <= 8023471))

table 5 : explain SELECT k FROM sbtest5 WHERE k BETWEEN 8023371 AND 8023471
	Index Only Scan using k_5 on sbtest5  (cost=0.43..10.51 rows=104 width=4)
	  Index Cond: ((k >= 8023371) AND (k <= 8023471))

table 6 : explain SELECT k FROM sbtest6 WHERE k BETWEEN 8023371 AND 8023471
	Index Only Scan using k_6 on sbtest6  (cost=0.43..6.56 rows=106 width=4)
	  Index Cond: ((k >= 8023371) AND (k <= 8023471))

table 7 : explain SELECT k FROM sbtest7 WHERE k BETWEEN 8023371 AND 8023471
	Index Only Scan using k_7 on sbtest7  (cost=0.43..10.46 rows=101 width=4)
	  Index Cond: ((k >= 8023371) AND (k <= 8023471))

table 8 : explain SELECT k FROM sbtest8 WHERE k BETWEEN 8023371 AND 8023471
	Index Only Scan using k_8 on sbtest8  (cost=0.43..10.51 rows=104 width=4)
	  Index Cond: ((k >= 8023371) AND (k <= 8023471))

explain: for range-covered :: explain SELECT k FROM sbtest%d WHERE k BETWEEN 6400835 AND 6400935
for range-covered
table 1 : explain SELECT k FROM sbtest1 WHERE k BETWEEN 3011231 AND 3011331
	Index Only Scan using k_1 on sbtest1  (cost=0.43..10.44 rows=100 width=4)
	  Index Cond: ((k >= 3011231) AND (k <= 3011331))

table 2 : explain SELECT k FROM sbtest2 WHERE k BETWEEN 3011231 AND 3011331
	Index Only Scan using k_2 on sbtest2  (cost=0.43..6.37 rows=97 width=4)
	  Index Cond: ((k >= 3011231) AND (k <= 3011331))

table 3 : explain SELECT k FROM sbtest3 WHERE k BETWEEN 3011231 AND 3011331
	Index Only Scan using k_3 on sbtest3  (cost=0.43..6.63 rows=110 width=4)
	  Index Cond: ((k >= 3011231) AND (k <= 3011331))

table 4 : explain SELECT k FROM sbtest4 WHERE k BETWEEN 3011231 AND 3011331
	Index Only Scan using k_4 on sbtest4  (cost=0.43..6.56 rows=106 width=4)
	  Index Cond: ((k >= 3011231) AND (k <= 3011331))

table 5 : explain SELECT k FROM sbtest5 WHERE k BETWEEN 3011231 AND 3011331
	Index Only Scan using k_5 on sbtest5  (cost=0.43..10.38 rows=97 width=4)
	  Index Cond: ((k >= 3011231) AND (k <= 3011331))

table 6 : explain SELECT k FROM sbtest6 WHERE k BETWEEN 3011231 AND 3011331
	Index Only Scan using k_6 on sbtest6  (cost=0.43..6.40 rows=98 width=4)
	  Index Cond: ((k >= 3011231) AND (k <= 3011331))

table 7 : explain SELECT k FROM sbtest7 WHERE k BETWEEN 3011231 AND 3011331
	Index Only Scan using k_7 on sbtest7  (cost=0.43..10.29 rows=93 width=4)
	  Index Cond: ((k >= 3011231) AND (k <= 3011331))

table 8 : explain SELECT k FROM sbtest8 WHERE k BETWEEN 3011231 AND 3011331
	Index Only Scan using k_8 on sbtest8  (cost=0.43..10.58 rows=107 width=4)
	  Index Cond: ((k >= 3011231) AND (k <= 3011331))

explain: for range-covered :: explain SELECT k FROM sbtest%d WHERE k BETWEEN 7637680 AND 7637780
explain: for range-covered :: explain SELECT k FROM sbtest%d WHERE k BETWEEN 8023371 AND 8023471
explain: for range-covered :: explain SELECT k FROM sbtest%d WHERE k BETWEEN 3011231 AND 3011331
for range-covered
table 1 : explain SELECT k FROM sbtest1 WHERE k BETWEEN 5584708 AND 5584808
	Index Only Scan using k_1 on sbtest1  (cost=0.43..10.36 rows=96 width=4)
	  Index Cond: ((k >= 5584708) AND (k <= 5584808))

table 2 : explain SELECT k FROM sbtest2 WHERE k BETWEEN 5584708 AND 5584808
	Index Only Scan using k_2 on sbtest2  (cost=0.43..6.61 rows=109 width=4)
	  Index Cond: ((k >= 5584708) AND (k <= 5584808))

table 3 : explain SELECT k FROM sbtest3 WHERE k BETWEEN 5584708 AND 5584808
	Index Only Scan using k_3 on sbtest3  (cost=0.43..6.50 rows=103 width=4)
	  Index Cond: ((k >= 5584708) AND (k <= 5584808))

table 4 : explain SELECT k FROM sbtest4 WHERE k BETWEEN 5584708 AND 5584808
	Index Only Scan using k_4 on sbtest4  (cost=0.43..6.47 rows=102 width=4)
	  Index Cond: ((k >= 5584708) AND (k <= 5584808))

table 5 : explain SELECT k FROM sbtest5 WHERE k BETWEEN 5584708 AND 5584808
	Index Only Scan using k_5 on sbtest5  (cost=0.43..10.32 rows=94 width=4)
	  Index Cond: ((k >= 5584708) AND (k <= 5584808))

table 6 : explain SELECT k FROM sbtest6 WHERE k BETWEEN 5584708 AND 5584808
	Index Only Scan using k_6 on sbtest6  (cost=0.43..6.50 rows=103 width=4)
	  Index Cond: ((k >= 5584708) AND (k <= 5584808))

table 7 : explain SELECT k FROM sbtest7 WHERE k BETWEEN 5584708 AND 5584808
	Index Only Scan using k_7 on sbtest7  (cost=0.43..10.54 rows=105 width=4)
	  Index Cond: ((k >= 5584708) AND (k <= 5584808))

table 8 : explain SELECT k FROM sbtest8 WHERE k BETWEEN 5584708 AND 5584808
	Index Only Scan using k_8 on sbtest8  (cost=0.43..10.65 rows=111 width=4)
	  Index Cond: ((k >= 5584708) AND (k <= 5584808))

for range-covered
table 1 : explain SELECT k FROM sbtest1 WHERE k BETWEEN 5135676 AND 5135776
	Index Only Scan using k_1 on sbtest1  (cost=0.43..10.32 rows=94 width=4)
	  Index Cond: ((k >= 5135676) AND (k <= 5135776))

table 2 : explain SELECT k FROM sbtest2 WHERE k BETWEEN 5135676 AND 5135776
	Index Only Scan using k_2 on sbtest2  (cost=0.43..6.43 rows=100 width=4)
	  Index Cond: ((k >= 5135676) AND (k <= 5135776))

table 3 : explain SELECT k FROM sbtest3 WHERE k BETWEEN 5135676 AND 5135776
	Index Only Scan using k_3 on sbtest3  (cost=0.43..6.58 rows=107 width=4)
	  Index Cond: ((k >= 5135676) AND (k <= 5135776))

table 4 : explain SELECT k FROM sbtest4 WHERE k BETWEEN 5135676 AND 5135776
	Index Only Scan using k_4 on sbtest4  (cost=0.43..6.50 rows=103 width=4)
	  Index Cond: ((k >= 5135676) AND (k <= 5135776))

table 5 : explain SELECT k FROM sbtest5 WHERE k BETWEEN 5135676 AND 5135776
	Index Only Scan using k_5 on sbtest5  (cost=0.43..10.50 rows=103 width=4)
	  Index Cond: ((k >= 5135676) AND (k <= 5135776))

table 6 : explain SELECT k FROM sbtest6 WHERE k BETWEEN 5135676 AND 5135776
	Index Only Scan using k_6 on sbtest6  (cost=0.43..6.45 rows=101 width=4)
	  Index Cond: ((k >= 5135676) AND (k <= 5135776))

table 7 : explain SELECT k FROM sbtest7 WHERE k BETWEEN 5135676 AND 5135776
	Index Only Scan using k_7 on sbtest7  (cost=0.43..10.54 rows=105 width=4)
	  Index Cond: ((k >= 5135676) AND (k <= 5135776))

table 8 : explain SELECT k FROM sbtest8 WHERE k BETWEEN 5135676 AND 5135776
	Index Only Scan using k_8 on sbtest8  (cost=0.43..10.32 rows=94 width=4)
	  Index Cond: ((k >= 5135676) AND (k <= 5135776))

for range-covered
table 1 : explain SELECT k FROM sbtest1 WHERE k BETWEEN 5397707 AND 5397807
	Index Only Scan using k_1 on sbtest1  (cost=0.43..10.58 rows=107 width=4)
	  Index Cond: ((k >= 5397707) AND (k <= 5397807))

table 2 : explain SELECT k FROM sbtest2 WHERE k BETWEEN 5397707 AND 5397807
	Index Only Scan using k_2 on sbtest2  (cost=0.43..6.40 rows=98 width=4)
	  Index Cond: ((k >= 5397707) AND (k <= 5397807))

table 3 : explain SELECT k FROM sbtest3 WHERE k BETWEEN 5397707 AND 5397807
	Index Only Scan using k_3 on sbtest3  (cost=0.43..6.47 rows=102 width=4)
	  Index Cond: ((k >= 5397707) AND (k <= 5397807))

table 4 : explain SELECT k FROM sbtest4 WHERE k BETWEEN 5397707 AND 5397807
	Index Only Scan using k_4 on sbtest4  (cost=0.43..6.27 rows=92 width=4)
	  Index Cond: ((k >= 5397707) AND (k <= 5397807))

table 5 : explain SELECT k FROM sbtest5 WHERE k BETWEEN 5397707 AND 5397807
	Index Only Scan using k_5 on sbtest5  (cost=0.43..10.56 rows=106 width=4)
	  Index Cond: ((k >= 5397707) AND (k <= 5397807))

table 6 : explain SELECT k FROM sbtest6 WHERE k BETWEEN 5397707 AND 5397807
	Index Only Scan using k_6 on sbtest6  (cost=0.43..6.53 rows=105 width=4)
	  Index Cond: ((k >= 5397707) AND (k <= 5397807))

table 7 : explain SELECT k FROM sbtest7 WHERE k BETWEEN 5397707 AND 5397807
	Index Only Scan using k_7 on sbtest7  (cost=0.43..10.47 rows=102 width=4)
	  Index Cond: ((k >= 5397707) AND (k <= 5397807))

table 8 : explain SELECT k FROM sbtest8 WHERE k BETWEEN 5397707 AND 5397807
	Index Only Scan using k_8 on sbtest8  (cost=0.43..10.33 rows=95 width=4)
	  Index Cond: ((k >= 5397707) AND (k <= 5397807))

explain: for range-covered :: explain SELECT k FROM sbtest%d WHERE k BETWEEN 5135676 AND 5135776
for range-covered
table 1 : explain SELECT k FROM sbtest1 WHERE k BETWEEN 5314663 AND 5314763
	Index Only Scan using k_1 on sbtest1  (cost=0.43..10.42 rows=99 width=4)
	  Index Cond: ((k >= 5314663) AND (k <= 5314763))

table 2 : explain SELECT k FROM sbtest2 WHERE k BETWEEN 5314663 AND 5314763
	Index Only Scan using k_2 on sbtest2  (cost=0.43..6.51 rows=104 width=4)
	  Index Cond: ((k >= 5314663) AND (k <= 5314763))

table 3 : explain SELECT k FROM sbtest3 WHERE k BETWEEN 5314663 AND 5314763
	Index Only Scan using k_3 on sbtest3  (cost=0.43..6.50 rows=103 width=4)
	  Index Cond: ((k >= 5314663) AND (k <= 5314763))

table 4 : explain SELECT k FROM sbtest4 WHERE k BETWEEN 5314663 AND 5314763
	Index Only Scan using k_4 on sbtest4  (cost=0.43..6.27 rows=92 width=4)
	  Index Cond: ((k >= 5314663) AND (k <= 5314763))

table 5 : explain SELECT k FROM sbtest5 WHERE k BETWEEN 5314663 AND 5314763
	Index Only Scan using k_5 on sbtest5  (cost=0.43..10.32 rows=94 width=4)
	  Index Cond: ((k >= 5314663) AND (k <= 5314763))

table 6 : explain SELECT k FROM sbtest6 WHERE k BETWEEN 5314663 AND 5314763
	Index Only Scan using k_6 on sbtest6  (cost=0.43..6.53 rows=105 width=4)
	  Index Cond: ((k >= 5314663) AND (k <= 5314763))

table 7 : explain SELECT k FROM sbtest7 WHERE k BETWEEN 5314663 AND 5314763
	Index Only Scan using k_7 on sbtest7  (cost=0.43..10.51 rows=104 width=4)
	  Index Cond: ((k >= 5314663) AND (k <= 5314763))

table 8 : explain SELECT k FROM sbtest8 WHERE k BETWEEN 5314663 AND 5314763
	Index Only Scan using k_8 on sbtest8  (cost=0.43..10.40 rows=98 width=4)
	  Index Cond: ((k >= 5314663) AND (k <= 5314763))

explain: for range-covered :: explain SELECT k FROM sbtest%d WHERE k BETWEEN 5397707 AND 5397807
explain: for range-covered :: explain SELECT k FROM sbtest%d WHERE k BETWEEN 5584708 AND 5584808
for range-covered
table 1 : explain SELECT k FROM sbtest1 WHERE k BETWEEN 7320855 AND 7320955
	Index Only Scan using k_1 on sbtest1  (cost=0.43..10.40 rows=98 width=4)
	  Index Cond: ((k >= 7320855) AND (k <= 7320955))

table 2 : explain SELECT k FROM sbtest2 WHERE k BETWEEN 7320855 AND 7320955
	Index Only Scan using k_2 on sbtest2  (cost=0.43..6.29 rows=93 width=4)
	  Index Cond: ((k >= 7320855) AND (k <= 7320955))

table 3 : explain SELECT k FROM sbtest3 WHERE k BETWEEN 7320855 AND 7320955
	Index Only Scan using k_3 on sbtest3  (cost=0.43..6.43 rows=100 width=4)
	  Index Cond: ((k >= 7320855) AND (k <= 7320955))

table 4 : explain SELECT k FROM sbtest4 WHERE k BETWEEN 7320855 AND 7320955
	Index Only Scan using k_4 on sbtest4  (cost=0.43..6.43 rows=100 width=4)
	  Index Cond: ((k >= 7320855) AND (k <= 7320955))

table 5 : explain SELECT k FROM sbtest5 WHERE k BETWEEN 7320855 AND 7320955
	Index Only Scan using k_5 on sbtest5  (cost=0.43..10.51 rows=104 width=4)
	  Index Cond: ((k >= 7320855) AND (k <= 7320955))

table 6 : explain SELECT k FROM sbtest6 WHERE k BETWEEN 7320855 AND 7320955
	Index Only Scan using k_6 on sbtest6  (cost=0.43..6.74 rows=115 width=4)
	  Index Cond: ((k >= 7320855) AND (k <= 7320955))

table 7 : explain SELECT k FROM sbtest7 WHERE k BETWEEN 7320855 AND 7320955
	Index Only Scan using k_7 on sbtest7  (cost=0.43..10.42 rows=99 width=4)
	  Index Cond: ((k >= 7320855) AND (k <= 7320955))

table 8 : explain SELECT k FROM sbtest8 WHERE k BETWEEN 7320855 AND 7320955
	Index Only Scan using k_8 on sbtest8  (cost=0.43..10.32 rows=94 width=4)
	  Index Cond: ((k >= 7320855) AND (k <= 7320955))

explain: for range-covered :: explain SELECT k FROM sbtest%d WHERE k BETWEEN 5314663 AND 5314763
for range-covered
table 1 : explain SELECT k FROM sbtest1 WHERE k BETWEEN 6211901 AND 6212001
	Index Only Scan using k_1 on sbtest1  (cost=0.43..10.60 rows=108 width=4)
	  Index Cond: ((k >= 6211901) AND (k <= 6212001))

table 2 : explain SELECT k FROM sbtest2 WHERE k BETWEEN 6211901 AND 6212001
	Index Only Scan using k_2 on sbtest2  (cost=0.43..6.32 rows=94 width=4)
	  Index Cond: ((k >= 6211901) AND (k <= 6212001))

table 3 : explain SELECT k FROM sbtest3 WHERE k BETWEEN 6211901 AND 6212001
	Index Only Scan using k_3 on sbtest3  (cost=0.43..6.56 rows=106 width=4)
	  Index Cond: ((k >= 6211901) AND (k <= 6212001))

table 4 : explain SELECT k FROM sbtest4 WHERE k BETWEEN 6211901 AND 6212001
	Index Only Scan using k_4 on sbtest4  (cost=0.43..6.47 rows=102 width=4)
	  Index Cond: ((k >= 6211901) AND (k <= 6212001))

table 5 : explain SELECT k FROM sbtest5 WHERE k BETWEEN 6211901 AND 6212001
	Index Only Scan using k_5 on sbtest5  (cost=0.43..10.63 rows=110 width=4)
	  Index Cond: ((k >= 6211901) AND (k <= 6212001))

table 6 : explain SELECT k FROM sbtest6 WHERE k BETWEEN 6211901 AND 6212001
	Index Only Scan using k_6 on sbtest6  (cost=0.43..6.56 rows=106 width=4)
	  Index Cond: ((k >= 6211901) AND (k <= 6212001))

table 7 : explain SELECT k FROM sbtest7 WHERE k BETWEEN 6211901 AND 6212001
	Index Only Scan using k_7 on sbtest7  (cost=0.43..10.47 rows=102 width=4)
	  Index Cond: ((k >= 6211901) AND (k <= 6212001))

table 8 : explain SELECT k FROM sbtest8 WHERE k BETWEEN 6211901 AND 6212001
	Index Only Scan using k_8 on sbtest8  (cost=0.43..10.47 rows=102 width=4)
	  Index Cond: ((k >= 6211901) AND (k <= 6212001))

for range-covered
table 1 : explain SELECT k FROM sbtest1 WHERE k BETWEEN 8023371 AND 8023471
	Index Only Scan using k_1 on sbtest1  (cost=0.43..10.44 rows=100 width=4)
	  Index Cond: ((k >= 8023371) AND (k <= 8023471))

table 2 : explain SELECT k FROM sbtest2 WHERE k BETWEEN 8023371 AND 8023471
	Index Only Scan using k_2 on sbtest2  (cost=0.43..6.42 rows=99 width=4)
	  Index Cond: ((k >= 8023371) AND (k <= 8023471))

table 3 : explain SELECT k FROM sbtest3 WHERE k BETWEEN 8023371 AND 8023471
	Index Only Scan using k_3 on sbtest3  (cost=0.43..6.59 rows=108 width=4)
	  Index Cond: ((k >= 8023371) AND (k <= 8023471))

table 4 : explain SELECT k FROM sbtest4 WHERE k BETWEEN 8023371 AND 8023471
	Index Only Scan using k_4 on sbtest4  (cost=0.43..6.35 rows=96 width=4)
	  Index Cond: ((k >= 8023371) AND (k <= 8023471))

table 5 : explain SELECT k FROM sbtest5 WHERE k BETWEEN 8023371 AND 8023471
	Index Only Scan using k_5 on sbtest5  (cost=0.43..10.51 rows=104 width=4)
	  Index Cond: ((k >= 8023371) AND (k <= 8023471))

table 6 : explain SELECT k FROM sbtest6 WHERE k BETWEEN 8023371 AND 8023471
	Index Only Scan using k_6 on sbtest6  (cost=0.43..6.56 rows=106 width=4)
	  Index Cond: ((k >= 8023371) AND (k <= 8023471))

table 7 : explain SELECT k FROM sbtest7 WHERE k BETWEEN 8023371 AND 8023471
	Index Only Scan using k_7 on sbtest7  (cost=0.43..10.46 rows=101 width=4)
	  Index Cond: ((k >= 8023371) AND (k <= 8023471))

table 8 : explain SELECT k FROM sbtest8 WHERE k BETWEEN 8023371 AND 8023471
	Index Only Scan using k_8 on sbtest8  (cost=0.43..10.51 rows=104 width=4)
	  Index Cond: ((k >= 8023371) AND (k <= 8023471))

for range-covered
table 1 : explain SELECT k FROM sbtest1 WHERE k BETWEEN 3011231 AND 3011331
	Index Only Scan using k_1 on sbtest1  (cost=0.43..10.44 rows=100 width=4)
	  Index Cond: ((k >= 3011231) AND (k <= 3011331))

table 2 : explain SELECT k FROM sbtest2 WHERE k BETWEEN 3011231 AND 3011331
	Index Only Scan using k_2 on sbtest2  (cost=0.43..6.37 rows=97 width=4)
	  Index Cond: ((k >= 3011231) AND (k <= 3011331))

table 3 : explain SELECT k FROM sbtest3 WHERE k BETWEEN 3011231 AND 3011331
	Index Only Scan using k_3 on sbtest3  (cost=0.43..6.63 rows=110 width=4)
	  Index Cond: ((k >= 3011231) AND (k <= 3011331))

table 4 : explain SELECT k FROM sbtest4 WHERE k BETWEEN 3011231 AND 3011331
	Index Only Scan using k_4 on sbtest4  (cost=0.43..6.56 rows=106 width=4)
	  Index Cond: ((k >= 3011231) AND (k <= 3011331))

table 5 : explain SELECT k FROM sbtest5 WHERE k BETWEEN 3011231 AND 3011331
	Index Only Scan using k_5 on sbtest5  (cost=0.43..10.38 rows=97 width=4)
	  Index Cond: ((k >= 3011231) AND (k <= 3011331))

table 6 : explain SELECT k FROM sbtest6 WHERE k BETWEEN 3011231 AND 3011331
	Index Only Scan using k_6 on sbtest6  (cost=0.43..6.40 rows=98 width=4)
	  Index Cond: ((k >= 3011231) AND (k <= 3011331))

table 7 : explain SELECT k FROM sbtest7 WHERE k BETWEEN 3011231 AND 3011331
	Index Only Scan using k_7 on sbtest7  (cost=0.43..10.29 rows=93 width=4)
	  Index Cond: ((k >= 3011231) AND (k <= 3011331))

table 8 : explain SELECT k FROM sbtest8 WHERE k BETWEEN 3011231 AND 3011331
	Index Only Scan using k_8 on sbtest8  (cost=0.43..10.58 rows=107 width=4)
	  Index Cond: ((k >= 3011231) AND (k <= 3011331))

explain: for range-covered :: explain SELECT k FROM sbtest%d WHERE k BETWEEN 7320855 AND 7320955
explain: for range-covered :: explain SELECT k FROM sbtest%d WHERE k BETWEEN 8023371 AND 8023471
for range-covered
table 1 : explain SELECT k FROM sbtest1 WHERE k BETWEEN 6400835 AND 6400935
	Index Only Scan using k_1 on sbtest1  (cost=0.43..10.46 rows=101 width=4)
	  Index Cond: ((k >= 6400835) AND (k <= 6400935))

table 2 : explain SELECT k FROM sbtest2 WHERE k BETWEEN 6400835 AND 6400935
	Index Only Scan using k_2 on sbtest2  (cost=0.43..6.72 rows=114 width=4)
	  Index Cond: ((k >= 6400835) AND (k <= 6400935))

table 3 : explain SELECT k FROM sbtest3 WHERE k BETWEEN 6400835 AND 6400935
	Index Only Scan using k_3 on sbtest3  (cost=0.43..6.47 rows=102 width=4)
	  Index Cond: ((k >= 6400835) AND (k <= 6400935))

table 4 : explain SELECT k FROM sbtest4 WHERE k BETWEEN 6400835 AND 6400935
	Index Only Scan using k_4 on sbtest4  (cost=0.43..6.40 rows=98 width=4)
	  Index Cond: ((k >= 6400835) AND (k <= 6400935))

table 5 : explain SELECT k FROM sbtest5 WHERE k BETWEEN 6400835 AND 6400935
	Index Only Scan using k_5 on sbtest5  (cost=0.43..10.29 rows=93 width=4)
	  Index Cond: ((k >= 6400835) AND (k <= 6400935))

table 6 : explain SELECT k FROM sbtest6 WHERE k BETWEEN 6400835 AND 6400935
	Index Only Scan using k_6 on sbtest6  (cost=0.43..6.24 rows=90 width=4)
	  Index Cond: ((k >= 6400835) AND (k <= 6400935))

table 7 : explain SELECT k FROM sbtest7 WHERE k BETWEEN 6400835 AND 6400935
	Index Only Scan using k_7 on sbtest7  (cost=0.43..10.68 rows=112 width=4)
	  Index Cond: ((k >= 6400835) AND (k <= 6400935))

table 8 : explain SELECT k FROM sbtest8 WHERE k BETWEEN 6400835 AND 6400935
	Index Only Scan using k_8 on sbtest8  (cost=0.43..10.47 rows=102 width=4)
	  Index Cond: ((k >= 6400835) AND (k <= 6400935))

explain: for range-covered :: explain SELECT k FROM sbtest%d WHERE k BETWEEN 6211901 AND 6212001
explain: for range-covered :: explain SELECT k FROM sbtest%d WHERE k BETWEEN 3011231 AND 3011331
for range-covered
table 1 : explain SELECT k FROM sbtest1 WHERE k BETWEEN 5135676 AND 5135776
	Index Only Scan using k_1 on sbtest1  (cost=0.43..10.32 rows=94 width=4)
	  Index Cond: ((k >= 5135676) AND (k <= 5135776))

table 2 : explain SELECT k FROM sbtest2 WHERE k BETWEEN 5135676 AND 5135776
	Index Only Scan using k_2 on sbtest2  (cost=0.43..6.43 rows=100 width=4)
	  Index Cond: ((k >= 5135676) AND (k <= 5135776))

table 3 : explain SELECT k FROM sbtest3 WHERE k BETWEEN 5135676 AND 5135776
	Index Only Scan using k_3 on sbtest3  (cost=0.43..6.58 rows=107 width=4)
	  Index Cond: ((k >= 5135676) AND (k <= 5135776))

table 4 : explain SELECT k FROM sbtest4 WHERE k BETWEEN 5135676 AND 5135776
	Index Only Scan using k_4 on sbtest4  (cost=0.43..6.50 rows=103 width=4)
	  Index Cond: ((k >= 5135676) AND (k <= 5135776))

table 5 : explain SELECT k FROM sbtest5 WHERE k BETWEEN 5135676 AND 5135776
	Index Only Scan using k_5 on sbtest5  (cost=0.43..10.50 rows=103 width=4)
	  Index Cond: ((k >= 5135676) AND (k <= 5135776))

table 6 : explain SELECT k FROM sbtest6 WHERE k BETWEEN 5135676 AND 5135776
	Index Only Scan using k_6 on sbtest6  (cost=0.43..6.45 rows=101 width=4)
	  Index Cond: ((k >= 5135676) AND (k <= 5135776))

table 7 : explain SELECT k FROM sbtest7 WHERE k BETWEEN 5135676 AND 5135776
	Index Only Scan using k_7 on sbtest7  (cost=0.43..10.54 rows=105 width=4)
	  Index Cond: ((k >= 5135676) AND (k <= 5135776))

table 8 : explain SELECT k FROM sbtest8 WHERE k BETWEEN 5135676 AND 5135776
	Index Only Scan using k_8 on sbtest8  (cost=0.43..10.32 rows=94 width=4)
	  Index Cond: ((k >= 5135676) AND (k <= 5135776))

explain: for range-covered :: explain SELECT k FROM sbtest%d WHERE k BETWEEN 5135676 AND 5135776
for range-covered
table 1 : explain SELECT k FROM sbtest1 WHERE k BETWEEN 5397707 AND 5397807
	Index Only Scan using k_1 on sbtest1  (cost=0.43..10.58 rows=107 width=4)
	  Index Cond: ((k >= 5397707) AND (k <= 5397807))

table 2 : explain SELECT k FROM sbtest2 WHERE k BETWEEN 5397707 AND 5397807
	Index Only Scan using k_2 on sbtest2  (cost=0.43..6.40 rows=98 width=4)
	  Index Cond: ((k >= 5397707) AND (k <= 5397807))

table 3 : explain SELECT k FROM sbtest3 WHERE k BETWEEN 5397707 AND 5397807
	Index Only Scan using k_3 on sbtest3  (cost=0.43..6.47 rows=102 width=4)
	  Index Cond: ((k >= 5397707) AND (k <= 5397807))

table 4 : explain SELECT k FROM sbtest4 WHERE k BETWEEN 5397707 AND 5397807
	Index Only Scan using k_4 on sbtest4  (cost=0.43..6.27 rows=92 width=4)
	  Index Cond: ((k >= 5397707) AND (k <= 5397807))

table 5 : explain SELECT k FROM sbtest5 WHERE k BETWEEN 5397707 AND 5397807
	Index Only Scan using k_5 on sbtest5  (cost=0.43..10.56 rows=106 width=4)
	  Index Cond: ((k >= 5397707) AND (k <= 5397807))

table 6 : explain SELECT k FROM sbtest6 WHERE k BETWEEN 5397707 AND 5397807
	Index Only Scan using k_6 on sbtest6  (cost=0.43..6.53 rows=105 width=4)
	  Index Cond: ((k >= 5397707) AND (k <= 5397807))

table 7 : explain SELECT k FROM sbtest7 WHERE k BETWEEN 5397707 AND 5397807
	Index Only Scan using k_7 on sbtest7  (cost=0.43..10.47 rows=102 width=4)
	  Index Cond: ((k >= 5397707) AND (k <= 5397807))

table 8 : explain SELECT k FROM sbtest8 WHERE k BETWEEN 5397707 AND 5397807
	Index Only Scan using k_8 on sbtest8  (cost=0.43..10.33 rows=95 width=4)
	  Index Cond: ((k >= 5397707) AND (k <= 5397807))

explain: for range-covered :: explain SELECT k FROM sbtest%d WHERE k BETWEEN 5397707 AND 5397807
for range-covered
table 1 : explain SELECT k FROM sbtest1 WHERE k BETWEEN 7637680 AND 7637780
	Index Only Scan using k_1 on sbtest1  (cost=0.43..10.47 rows=102 width=4)
	  Index Cond: ((k >= 7637680) AND (k <= 7637780))

table 2 : explain SELECT k FROM sbtest2 WHERE k BETWEEN 7637680 AND 7637780
	Index Only Scan using k_2 on sbtest2  (cost=0.43..6.37 rows=97 width=4)
	  Index Cond: ((k >= 7637680) AND (k <= 7637780))

table 3 : explain SELECT k FROM sbtest3 WHERE k BETWEEN 7637680 AND 7637780
	Index Only Scan using k_3 on sbtest3  (cost=0.43..6.43 rows=100 width=4)
	  Index Cond: ((k >= 7637680) AND (k <= 7637780))

table 4 : explain SELECT k FROM sbtest4 WHERE k BETWEEN 7637680 AND 7637780
	Index Only Scan using k_4 on sbtest4  (cost=0.43..6.47 rows=102 width=4)
	  Index Cond: ((k >= 7637680) AND (k <= 7637780))

table 5 : explain SELECT k FROM sbtest5 WHERE k BETWEEN 7637680 AND 7637780
	Index Only Scan using k_5 on sbtest5  (cost=0.43..10.63 rows=110 width=4)
	  Index Cond: ((k >= 7637680) AND (k <= 7637780))

table 6 : explain SELECT k FROM sbtest6 WHERE k BETWEEN 7637680 AND 7637780
	Index Only Scan using k_6 on sbtest6  (cost=0.43..6.45 rows=101 width=4)
	  Index Cond: ((k >= 7637680) AND (k <= 7637780))

table 7 : explain SELECT k FROM sbtest7 WHERE k BETWEEN 7637680 AND 7637780
	Index Only Scan using k_7 on sbtest7  (cost=0.43..10.46 rows=101 width=4)
	  Index Cond: ((k >= 7637680) AND (k <= 7637780))

table 8 : explain SELECT k FROM sbtest8 WHERE k BETWEEN 7637680 AND 7637780
	Index Only Scan using k_8 on sbtest8  (cost=0.43..10.46 rows=101 width=4)
	  Index Cond: ((k >= 7637680) AND (k <= 7637780))

explain: for range-covered :: explain SELECT k FROM sbtest%d WHERE k BETWEEN 7637680 AND 7637780
for range-covered
table 1 : explain SELECT k FROM sbtest1 WHERE k BETWEEN 8023371 AND 8023471
	Index Only Scan using k_1 on sbtest1  (cost=0.43..10.44 rows=100 width=4)
	  Index Cond: ((k >= 8023371) AND (k <= 8023471))

table 2 : explain SELECT k FROM sbtest2 WHERE k BETWEEN 8023371 AND 8023471
	Index Only Scan using k_2 on sbtest2  (cost=0.43..6.42 rows=99 width=4)
	  Index Cond: ((k >= 8023371) AND (k <= 8023471))

table 3 : explain SELECT k FROM sbtest3 WHERE k BETWEEN 8023371 AND 8023471
	Index Only Scan using k_3 on sbtest3  (cost=0.43..6.59 rows=108 width=4)
	  Index Cond: ((k >= 8023371) AND (k <= 8023471))

table 4 : explain SELECT k FROM sbtest4 WHERE k BETWEEN 8023371 AND 8023471
	Index Only Scan using k_4 on sbtest4  (cost=0.43..6.35 rows=96 width=4)
	  Index Cond: ((k >= 8023371) AND (k <= 8023471))

table 5 : explain SELECT k FROM sbtest5 WHERE k BETWEEN 8023371 AND 8023471
	Index Only Scan using k_5 on sbtest5  (cost=0.43..10.51 rows=104 width=4)
	  Index Cond: ((k >= 8023371) AND (k <= 8023471))

table 6 : explain SELECT k FROM sbtest6 WHERE k BETWEEN 8023371 AND 8023471
	Index Only Scan using k_6 on sbtest6  (cost=0.43..6.56 rows=106 width=4)
	  Index Cond: ((k >= 8023371) AND (k <= 8023471))

table 7 : explain SELECT k FROM sbtest7 WHERE k BETWEEN 8023371 AND 8023471
	Index Only Scan using k_7 on sbtest7  (cost=0.43..10.46 rows=101 width=4)
	  Index Cond: ((k >= 8023371) AND (k <= 8023471))

table 8 : explain SELECT k FROM sbtest8 WHERE k BETWEEN 8023371 AND 8023471
	Index Only Scan using k_8 on sbtest8  (cost=0.43..10.51 rows=104 width=4)
	  Index Cond: ((k >= 8023371) AND (k <= 8023471))

for range-covered
table 1 : explain SELECT k FROM sbtest1 WHERE k BETWEEN 3011231 AND 3011331
	Index Only Scan using k_1 on sbtest1  (cost=0.43..10.44 rows=100 width=4)
	  Index Cond: ((k >= 3011231) AND (k <= 3011331))

table 2 : explain SELECT k FROM sbtest2 WHERE k BETWEEN 3011231 AND 3011331
	Index Only Scan using k_2 on sbtest2  (cost=0.43..6.37 rows=97 width=4)
	  Index Cond: ((k >= 3011231) AND (k <= 3011331))

table 3 : explain SELECT k FROM sbtest3 WHERE k BETWEEN 3011231 AND 3011331
	Index Only Scan using k_3 on sbtest3  (cost=0.43..6.63 rows=110 width=4)
	  Index Cond: ((k >= 3011231) AND (k <= 3011331))

table 4 : explain SELECT k FROM sbtest4 WHERE k BETWEEN 3011231 AND 3011331
	Index Only Scan using k_4 on sbtest4  (cost=0.43..6.56 rows=106 width=4)
	  Index Cond: ((k >= 3011231) AND (k <= 3011331))

table 5 : explain SELECT k FROM sbtest5 WHERE k BETWEEN 3011231 AND 3011331
	Index Only Scan using k_5 on sbtest5  (cost=0.43..10.38 rows=97 width=4)
	  Index Cond: ((k >= 3011231) AND (k <= 3011331))

table 6 : explain SELECT k FROM sbtest6 WHERE k BETWEEN 3011231 AND 3011331
	Index Only Scan using k_6 on sbtest6  (cost=0.43..6.40 rows=98 width=4)
	  Index Cond: ((k >= 3011231) AND (k <= 3011331))

table 7 : explain SELECT k FROM sbtest7 WHERE k BETWEEN 3011231 AND 3011331
	Index Only Scan using k_7 on sbtest7  (cost=0.43..10.29 rows=93 width=4)
	  Index Cond: ((k >= 3011231) AND (k <= 3011331))

table 8 : explain SELECT k FROM sbtest8 WHERE k BETWEEN 3011231 AND 3011331
	Index Only Scan using k_8 on sbtest8  (cost=0.43..10.58 rows=107 width=4)
	  Index Cond: ((k >= 3011231) AND (k <= 3011331))

explain: for range-covered :: explain SELECT k FROM sbtest%d WHERE k BETWEEN 8023371 AND 8023471
explain: for range-covered :: explain SELECT k FROM sbtest%d WHERE k BETWEEN 3011231 AND 3011331
for range-covered
table 1 : explain SELECT k FROM sbtest1 WHERE k BETWEEN 5135676 AND 5135776
	Index Only Scan using k_1 on sbtest1  (cost=0.43..10.32 rows=94 width=4)
	  Index Cond: ((k >= 5135676) AND (k <= 5135776))

table 2 : explain SELECT k FROM sbtest2 WHERE k BETWEEN 5135676 AND 5135776
	Index Only Scan using k_2 on sbtest2  (cost=0.43..6.43 rows=100 width=4)
	  Index Cond: ((k >= 5135676) AND (k <= 5135776))

table 3 : explain SELECT k FROM sbtest3 WHERE k BETWEEN 5135676 AND 5135776
	Index Only Scan using k_3 on sbtest3  (cost=0.43..6.58 rows=107 width=4)
	  Index Cond: ((k >= 5135676) AND (k <= 5135776))

table 4 : explain SELECT k FROM sbtest4 WHERE k BETWEEN 5135676 AND 5135776
	Index Only Scan using k_4 on sbtest4  (cost=0.43..6.50 rows=103 width=4)
	  Index Cond: ((k >= 5135676) AND (k <= 5135776))

table 5 : explain SELECT k FROM sbtest5 WHERE k BETWEEN 5135676 AND 5135776
	Index Only Scan using k_5 on sbtest5  (cost=0.43..10.50 rows=103 width=4)
	  Index Cond: ((k >= 5135676) AND (k <= 5135776))

table 6 : explain SELECT k FROM sbtest6 WHERE k BETWEEN 5135676 AND 5135776
	Index Only Scan using k_6 on sbtest6  (cost=0.43..6.45 rows=101 width=4)
	  Index Cond: ((k >= 5135676) AND (k <= 5135776))

table 7 : explain SELECT k FROM sbtest7 WHERE k BETWEEN 5135676 AND 5135776
	Index Only Scan using k_7 on sbtest7  (cost=0.43..10.54 rows=105 width=4)
	  Index Cond: ((k >= 5135676) AND (k <= 5135776))

table 8 : explain SELECT k FROM sbtest8 WHERE k BETWEEN 5135676 AND 5135776
	Index Only Scan using k_8 on sbtest8  (cost=0.43..10.32 rows=94 width=4)
	  Index Cond: ((k >= 5135676) AND (k <= 5135776))

for range-covered
table 1 : explain SELECT k FROM sbtest1 WHERE k BETWEEN 5397707 AND 5397807
	Index Only Scan using k_1 on sbtest1  (cost=0.43..10.58 rows=107 width=4)
	  Index Cond: ((k >= 5397707) AND (k <= 5397807))

table 2 : explain SELECT k FROM sbtest2 WHERE k BETWEEN 5397707 AND 5397807
	Index Only Scan using k_2 on sbtest2  (cost=0.43..6.40 rows=98 width=4)
	  Index Cond: ((k >= 5397707) AND (k <= 5397807))

table 3 : explain SELECT k FROM sbtest3 WHERE k BETWEEN 5397707 AND 5397807
	Index Only Scan using k_3 on sbtest3  (cost=0.43..6.47 rows=102 width=4)
	  Index Cond: ((k >= 5397707) AND (k <= 5397807))

table 4 : explain SELECT k FROM sbtest4 WHERE k BETWEEN 5397707 AND 5397807
	Index Only Scan using k_4 on sbtest4  (cost=0.43..6.27 rows=92 width=4)
	  Index Cond: ((k >= 5397707) AND (k <= 5397807))

table 5 : explain SELECT k FROM sbtest5 WHERE k BETWEEN 5397707 AND 5397807
	Index Only Scan using k_5 on sbtest5  (cost=0.43..10.56 rows=106 width=4)
	  Index Cond: ((k >= 5397707) AND (k <= 5397807))

table 6 : explain SELECT k FROM sbtest6 WHERE k BETWEEN 5397707 AND 5397807
	Index Only Scan using k_6 on sbtest6  (cost=0.43..6.53 rows=105 width=4)
	  Index Cond: ((k >= 5397707) AND (k <= 5397807))

table 7 : explain SELECT k FROM sbtest7 WHERE k BETWEEN 5397707 AND 5397807
	Index Only Scan using k_7 on sbtest7  (cost=0.43..10.47 rows=102 width=4)
	  Index Cond: ((k >= 5397707) AND (k <= 5397807))

table 8 : explain SELECT k FROM sbtest8 WHERE k BETWEEN 5397707 AND 5397807
	Index Only Scan using k_8 on sbtest8  (cost=0.43..10.33 rows=95 width=4)
	  Index Cond: ((k >= 5397707) AND (k <= 5397807))

explain: for range-covered :: explain SELECT k FROM sbtest%d WHERE k BETWEEN 5135676 AND 5135776
for range-covered
table 1 : explain SELECT k FROM sbtest1 WHERE k BETWEEN 5584708 AND 5584808
	Index Only Scan using k_1 on sbtest1  (cost=0.43..10.36 rows=96 width=4)
	  Index Cond: ((k >= 5584708) AND (k <= 5584808))

table 2 : explain SELECT k FROM sbtest2 WHERE k BETWEEN 5584708 AND 5584808
	Index Only Scan using k_2 on sbtest2  (cost=0.43..6.61 rows=109 width=4)
	  Index Cond: ((k >= 5584708) AND (k <= 5584808))

table 3 : explain SELECT k FROM sbtest3 WHERE k BETWEEN 5584708 AND 5584808
	Index Only Scan using k_3 on sbtest3  (cost=0.43..6.50 rows=103 width=4)
	  Index Cond: ((k >= 5584708) AND (k <= 5584808))

table 4 : explain SELECT k FROM sbtest4 WHERE k BETWEEN 5584708 AND 5584808
	Index Only Scan using k_4 on sbtest4  (cost=0.43..6.47 rows=102 width=4)
	  Index Cond: ((k >= 5584708) AND (k <= 5584808))

table 5 : explain SELECT k FROM sbtest5 WHERE k BETWEEN 5584708 AND 5584808
	Index Only Scan using k_5 on sbtest5  (cost=0.43..10.32 rows=94 width=4)
	  Index Cond: ((k >= 5584708) AND (k <= 5584808))

table 6 : explain SELECT k FROM sbtest6 WHERE k BETWEEN 5584708 AND 5584808
	Index Only Scan using k_6 on sbtest6  (cost=0.43..6.50 rows=103 width=4)
	  Index Cond: ((k >= 5584708) AND (k <= 5584808))

table 7 : explain SELECT k FROM sbtest7 WHERE k BETWEEN 5584708 AND 5584808
	Index Only Scan using k_7 on sbtest7  (cost=0.43..10.54 rows=105 width=4)
	  Index Cond: ((k >= 5584708) AND (k <= 5584808))

table 8 : explain SELECT k FROM sbtest8 WHERE k BETWEEN 5584708 AND 5584808
	Index Only Scan using k_8 on sbtest8  (cost=0.43..10.65 rows=111 width=4)
	  Index Cond: ((k >= 5584708) AND (k <= 5584808))

explain: for range-covered :: explain SELECT k FROM sbtest%d WHERE k BETWEEN 5397707 AND 5397807
for range-covered
table 1 : explain SELECT k FROM sbtest1 WHERE k BETWEEN 7637680 AND 7637780
	Index Only Scan using k_1 on sbtest1  (cost=0.43..10.47 rows=102 width=4)
	  Index Cond: ((k >= 7637680) AND (k <= 7637780))

table 2 : explain SELECT k FROM sbtest2 WHERE k BETWEEN 7637680 AND 7637780
	Index Only Scan using k_2 on sbtest2  (cost=0.43..6.37 rows=97 width=4)
	  Index Cond: ((k >= 7637680) AND (k <= 7637780))

table 3 : explain SELECT k FROM sbtest3 WHERE k BETWEEN 7637680 AND 7637780
	Index Only Scan using k_3 on sbtest3  (cost=0.43..6.43 rows=100 width=4)
	  Index Cond: ((k >= 7637680) AND (k <= 7637780))

table 4 : explain SELECT k FROM sbtest4 WHERE k BETWEEN 7637680 AND 7637780
	Index Only Scan using k_4 on sbtest4  (cost=0.43..6.47 rows=102 width=4)
	  Index Cond: ((k >= 7637680) AND (k <= 7637780))

table 5 : explain SELECT k FROM sbtest5 WHERE k BETWEEN 7637680 AND 7637780
	Index Only Scan using k_5 on sbtest5  (cost=0.43..10.63 rows=110 width=4)
	  Index Cond: ((k >= 7637680) AND (k <= 7637780))

table 6 : explain SELECT k FROM sbtest6 WHERE k BETWEEN 7637680 AND 7637780
	Index Only Scan using k_6 on sbtest6  (cost=0.43..6.45 rows=101 width=4)
	  Index Cond: ((k >= 7637680) AND (k <= 7637780))

table 7 : explain SELECT k FROM sbtest7 WHERE k BETWEEN 7637680 AND 7637780
	Index Only Scan using k_7 on sbtest7  (cost=0.43..10.46 rows=101 width=4)
	  Index Cond: ((k >= 7637680) AND (k <= 7637780))

table 8 : explain SELECT k FROM sbtest8 WHERE k BETWEEN 7637680 AND 7637780
	Index Only Scan using k_8 on sbtest8  (cost=0.43..10.46 rows=101 width=4)
	  Index Cond: ((k >= 7637680) AND (k <= 7637780))

for range-covered
table 1 : explain SELECT k FROM sbtest1 WHERE k BETWEEN 7320855 AND 7320955
	Index Only Scan using k_1 on sbtest1  (cost=0.43..10.40 rows=98 width=4)
	  Index Cond: ((k >= 7320855) AND (k <= 7320955))

table 2 : explain SELECT k FROM sbtest2 WHERE k BETWEEN 7320855 AND 7320955
	Index Only Scan using k_2 on sbtest2  (cost=0.43..6.29 rows=93 width=4)
	  Index Cond: ((k >= 7320855) AND (k <= 7320955))

table 3 : explain SELECT k FROM sbtest3 WHERE k BETWEEN 7320855 AND 7320955
	Index Only Scan using k_3 on sbtest3  (cost=0.43..6.43 rows=100 width=4)
	  Index Cond: ((k >= 7320855) AND (k <= 7320955))

table 4 : explain SELECT k FROM sbtest4 WHERE k BETWEEN 7320855 AND 7320955
	Index Only Scan using k_4 on sbtest4  (cost=0.43..6.43 rows=100 width=4)
	  Index Cond: ((k >= 7320855) AND (k <= 7320955))

table 5 : explain SELECT k FROM sbtest5 WHERE k BETWEEN 7320855 AND 7320955
	Index Only Scan using k_5 on sbtest5  (cost=0.43..10.51 rows=104 width=4)
	  Index Cond: ((k >= 7320855) AND (k <= 7320955))

table 6 : explain SELECT k FROM sbtest6 WHERE k BETWEEN 7320855 AND 7320955
	Index Only Scan using k_6 on sbtest6  (cost=0.43..6.74 rows=115 width=4)
	  Index Cond: ((k >= 7320855) AND (k <= 7320955))

table 7 : explain SELECT k FROM sbtest7 WHERE k BETWEEN 7320855 AND 7320955
	Index Only Scan using k_7 on sbtest7  (cost=0.43..10.42 rows=99 width=4)
	  Index Cond: ((k >= 7320855) AND (k <= 7320955))

table 8 : explain SELECT k FROM sbtest8 WHERE k BETWEEN 7320855 AND 7320955
	Index Only Scan using k_8 on sbtest8  (cost=0.43..10.32 rows=94 width=4)
	  Index Cond: ((k >= 7320855) AND (k <= 7320955))

for range-covered
table 1 : explain SELECT k FROM sbtest1 WHERE k BETWEEN 5314663 AND 5314763
	Index Only Scan using k_1 on sbtest1  (cost=0.43..10.42 rows=99 width=4)
	  Index Cond: ((k >= 5314663) AND (k <= 5314763))

table 2 : explain SELECT k FROM sbtest2 WHERE k BETWEEN 5314663 AND 5314763
	Index Only Scan using k_2 on sbtest2  (cost=0.43..6.51 rows=104 width=4)
	  Index Cond: ((k >= 5314663) AND (k <= 5314763))

table 3 : explain SELECT k FROM sbtest3 WHERE k BETWEEN 5314663 AND 5314763
	Index Only Scan using k_3 on sbtest3  (cost=0.43..6.50 rows=103 width=4)
	  Index Cond: ((k >= 5314663) AND (k <= 5314763))

table 4 : explain SELECT k FROM sbtest4 WHERE k BETWEEN 5314663 AND 5314763
	Index Only Scan using k_4 on sbtest4  (cost=0.43..6.27 rows=92 width=4)
	  Index Cond: ((k >= 5314663) AND (k <= 5314763))

table 5 : explain SELECT k FROM sbtest5 WHERE k BETWEEN 5314663 AND 5314763
	Index Only Scan using k_5 on sbtest5  (cost=0.43..10.32 rows=94 width=4)
	  Index Cond: ((k >= 5314663) AND (k <= 5314763))

table 6 : explain SELECT k FROM sbtest6 WHERE k BETWEEN 5314663 AND 5314763
	Index Only Scan using k_6 on sbtest6  (cost=0.43..6.53 rows=105 width=4)
	  Index Cond: ((k >= 5314663) AND (k <= 5314763))

table 7 : explain SELECT k FROM sbtest7 WHERE k BETWEEN 5314663 AND 5314763
	Index Only Scan using k_7 on sbtest7  (cost=0.43..10.51 rows=104 width=4)
	  Index Cond: ((k >= 5314663) AND (k <= 5314763))

table 8 : explain SELECT k FROM sbtest8 WHERE k BETWEEN 5314663 AND 5314763
	Index Only Scan using k_8 on sbtest8  (cost=0.43..10.40 rows=98 width=4)
	  Index Cond: ((k >= 5314663) AND (k <= 5314763))

explain: for range-covered :: explain SELECT k FROM sbtest%d WHERE k BETWEEN 7637680 AND 7637780
explain: for range-covered :: explain SELECT k FROM sbtest%d WHERE k BETWEEN 5584708 AND 5584808
for range-covered
table 1 : explain SELECT k FROM sbtest1 WHERE k BETWEEN 6211901 AND 6212001
	Index Only Scan using k_1 on sbtest1  (cost=0.43..10.60 rows=108 width=4)
	  Index Cond: ((k >= 6211901) AND (k <= 6212001))

table 2 : explain SELECT k FROM sbtest2 WHERE k BETWEEN 6211901 AND 6212001
	Index Only Scan using k_2 on sbtest2  (cost=0.43..6.32 rows=94 width=4)
	  Index Cond: ((k >= 6211901) AND (k <= 6212001))

table 3 : explain SELECT k FROM sbtest3 WHERE k BETWEEN 6211901 AND 6212001
	Index Only Scan using k_3 on sbtest3  (cost=0.43..6.56 rows=106 width=4)
	  Index Cond: ((k >= 6211901) AND (k <= 6212001))

table 4 : explain SELECT k FROM sbtest4 WHERE k BETWEEN 6211901 AND 6212001
	Index Only Scan using k_4 on sbtest4  (cost=0.43..6.47 rows=102 width=4)
	  Index Cond: ((k >= 6211901) AND (k <= 6212001))

table 5 : explain SELECT k FROM sbtest5 WHERE k BETWEEN 6211901 AND 6212001
	Index Only Scan using k_5 on sbtest5  (cost=0.43..10.63 rows=110 width=4)
	  Index Cond: ((k >= 6211901) AND (k <= 6212001))

table 6 : explain SELECT k FROM sbtest6 WHERE k BETWEEN 6211901 AND 6212001
	Index Only Scan using k_6 on sbtest6  (cost=0.43..6.56 rows=106 width=4)
	  Index Cond: ((k >= 6211901) AND (k <= 6212001))

table 7 : explain SELECT k FROM sbtest7 WHERE k BETWEEN 6211901 AND 6212001
	Index Only Scan using k_7 on sbtest7  (cost=0.43..10.47 rows=102 width=4)
	  Index Cond: ((k >= 6211901) AND (k <= 6212001))

table 8 : explain SELECT k FROM sbtest8 WHERE k BETWEEN 6211901 AND 6212001
	Index Only Scan using k_8 on sbtest8  (cost=0.43..10.47 rows=102 width=4)
	  Index Cond: ((k >= 6211901) AND (k <= 6212001))

for range-covered
table 1 : explain SELECT k FROM sbtest1 WHERE k BETWEEN 3011231 AND 3011331
	Index Only Scan using k_1 on sbtest1  (cost=0.43..10.44 rows=100 width=4)
	  Index Cond: ((k >= 3011231) AND (k <= 3011331))

table 2 : explain SELECT k FROM sbtest2 WHERE k BETWEEN 3011231 AND 3011331
	Index Only Scan using k_2 on sbtest2  (cost=0.43..6.37 rows=97 width=4)
	  Index Cond: ((k >= 3011231) AND (k <= 3011331))

table 3 : explain SELECT k FROM sbtest3 WHERE k BETWEEN 3011231 AND 3011331
	Index Only Scan using k_3 on sbtest3  (cost=0.43..6.63 rows=110 width=4)
	  Index Cond: ((k >= 3011231) AND (k <= 3011331))

table 4 : explain SELECT k FROM sbtest4 WHERE k BETWEEN 3011231 AND 3011331
	Index Only Scan using k_4 on sbtest4  (cost=0.43..6.56 rows=106 width=4)
	  Index Cond: ((k >= 3011231) AND (k <= 3011331))

table 5 : explain SELECT k FROM sbtest5 WHERE k BETWEEN 3011231 AND 3011331
	Index Only Scan using k_5 on sbtest5  (cost=0.43..10.38 rows=97 width=4)
	  Index Cond: ((k >= 3011231) AND (k <= 3011331))

table 6 : explain SELECT k FROM sbtest6 WHERE k BETWEEN 3011231 AND 3011331
	Index Only Scan using k_6 on sbtest6  (cost=0.43..6.40 rows=98 width=4)
	  Index Cond: ((k >= 3011231) AND (k <= 3011331))

table 7 : explain SELECT k FROM sbtest7 WHERE k BETWEEN 3011231 AND 3011331
	Index Only Scan using k_7 on sbtest7  (cost=0.43..10.29 rows=93 width=4)
	  Index Cond: ((k >= 3011231) AND (k <= 3011331))

table 8 : explain SELECT k FROM sbtest8 WHERE k BETWEEN 3011231 AND 3011331
	Index Only Scan using k_8 on sbtest8  (cost=0.43..10.58 rows=107 width=4)
	  Index Cond: ((k >= 3011231) AND (k <= 3011331))

explain: for range-covered :: explain SELECT k FROM sbtest%d WHERE k BETWEEN 6211901 AND 6212001
for range-covered
table 1 : explain SELECT k FROM sbtest1 WHERE k BETWEEN 8023371 AND 8023471
	Index Only Scan using k_1 on sbtest1  (cost=0.43..10.44 rows=100 width=4)
	  Index Cond: ((k >= 8023371) AND (k <= 8023471))

table 2 : explain SELECT k FROM sbtest2 WHERE k BETWEEN 8023371 AND 8023471
	Index Only Scan using k_2 on sbtest2  (cost=0.43..6.42 rows=99 width=4)
	  Index Cond: ((k >= 8023371) AND (k <= 8023471))

table 3 : explain SELECT k FROM sbtest3 WHERE k BETWEEN 8023371 AND 8023471
	Index Only Scan using k_3 on sbtest3  (cost=0.43..6.59 rows=108 width=4)
	  Index Cond: ((k >= 8023371) AND (k <= 8023471))

table 4 : explain SELECT k FROM sbtest4 WHERE k BETWEEN 8023371 AND 8023471
	Index Only Scan using k_4 on sbtest4  (cost=0.43..6.35 rows=96 width=4)
	  Index Cond: ((k >= 8023371) AND (k <= 8023471))

table 5 : explain SELECT k FROM sbtest5 WHERE k BETWEEN 8023371 AND 8023471
	Index Only Scan using k_5 on sbtest5  (cost=0.43..10.51 rows=104 width=4)
	  Index Cond: ((k >= 8023371) AND (k <= 8023471))

table 6 : explain SELECT k FROM sbtest6 WHERE k BETWEEN 8023371 AND 8023471
	Index Only Scan using k_6 on sbtest6  (cost=0.43..6.56 rows=106 width=4)
	  Index Cond: ((k >= 8023371) AND (k <= 8023471))

table 7 : explain SELECT k FROM sbtest7 WHERE k BETWEEN 8023371 AND 8023471
	Index Only Scan using k_7 on sbtest7  (cost=0.43..10.46 rows=101 width=4)
	  Index Cond: ((k >= 8023371) AND (k <= 8023471))

table 8 : explain SELECT k FROM sbtest8 WHERE k BETWEEN 8023371 AND 8023471
	Index Only Scan using k_8 on sbtest8  (cost=0.43..10.51 rows=104 width=4)
	  Index Cond: ((k >= 8023371) AND (k <= 8023471))

explain: for range-covered :: explain SELECT k FROM sbtest%d WHERE k BETWEEN 7320855 AND 7320955
explain: for range-covered :: explain SELECT k FROM sbtest%d WHERE k BETWEEN 3011231 AND 3011331
explain: for range-covered :: explain SELECT k FROM sbtest%d WHERE k BETWEEN 8023371 AND 8023471
for range-covered
table 1 : explain SELECT k FROM sbtest1 WHERE k BETWEEN 5135676 AND 5135776
	Index Only Scan using k_1 on sbtest1  (cost=0.43..10.32 rows=94 width=4)
	  Index Cond: ((k >= 5135676) AND (k <= 5135776))

table 2 : explain SELECT k FROM sbtest2 WHERE k BETWEEN 5135676 AND 5135776
	Index Only Scan using k_2 on sbtest2  (cost=0.43..6.43 rows=100 width=4)
	  Index Cond: ((k >= 5135676) AND (k <= 5135776))

table 3 : explain SELECT k FROM sbtest3 WHERE k BETWEEN 5135676 AND 5135776
	Index Only Scan using k_3 on sbtest3  (cost=0.43..6.58 rows=107 width=4)
	  Index Cond: ((k >= 5135676) AND (k <= 5135776))

table 4 : explain SELECT k FROM sbtest4 WHERE k BETWEEN 5135676 AND 5135776
	Index Only Scan using k_4 on sbtest4  (cost=0.43..6.50 rows=103 width=4)
	  Index Cond: ((k >= 5135676) AND (k <= 5135776))

table 5 : explain SELECT k FROM sbtest5 WHERE k BETWEEN 5135676 AND 5135776
	Index Only Scan using k_5 on sbtest5  (cost=0.43..10.50 rows=103 width=4)
	  Index Cond: ((k >= 5135676) AND (k <= 5135776))

table 6 : explain SELECT k FROM sbtest6 WHERE k BETWEEN 5135676 AND 5135776
	Index Only Scan using k_6 on sbtest6  (cost=0.43..6.45 rows=101 width=4)
	  Index Cond: ((k >= 5135676) AND (k <= 5135776))

table 7 : explain SELECT k FROM sbtest7 WHERE k BETWEEN 5135676 AND 5135776
	Index Only Scan using k_7 on sbtest7  (cost=0.43..10.54 rows=105 width=4)
	  Index Cond: ((k >= 5135676) AND (k <= 5135776))

table 8 : explain SELECT k FROM sbtest8 WHERE k BETWEEN 5135676 AND 5135776
	Index Only Scan using k_8 on sbtest8  (cost=0.43..10.32 rows=94 width=4)
	  Index Cond: ((k >= 5135676) AND (k <= 5135776))

explain: for range-covered :: explain SELECT k FROM sbtest%d WHERE k BETWEEN 5135676 AND 5135776
for range-covered
table 1 : explain SELECT k FROM sbtest1 WHERE k BETWEEN 5397707 AND 5397807
	Index Only Scan using k_1 on sbtest1  (cost=0.43..10.58 rows=107 width=4)
	  Index Cond: ((k >= 5397707) AND (k <= 5397807))

table 2 : explain SELECT k FROM sbtest2 WHERE k BETWEEN 5397707 AND 5397807
	Index Only Scan using k_2 on sbtest2  (cost=0.43..6.40 rows=98 width=4)
	  Index Cond: ((k >= 5397707) AND (k <= 5397807))

table 3 : explain SELECT k FROM sbtest3 WHERE k BETWEEN 5397707 AND 5397807
	Index Only Scan using k_3 on sbtest3  (cost=0.43..6.47 rows=102 width=4)
	  Index Cond: ((k >= 5397707) AND (k <= 5397807))

table 4 : explain SELECT k FROM sbtest4 WHERE k BETWEEN 5397707 AND 5397807
	Index Only Scan using k_4 on sbtest4  (cost=0.43..6.27 rows=92 width=4)
	  Index Cond: ((k >= 5397707) AND (k <= 5397807))

table 5 : explain SELECT k FROM sbtest5 WHERE k BETWEEN 5397707 AND 5397807
	Index Only Scan using k_5 on sbtest5  (cost=0.43..10.56 rows=106 width=4)
	  Index Cond: ((k >= 5397707) AND (k <= 5397807))

table 6 : explain SELECT k FROM sbtest6 WHERE k BETWEEN 5397707 AND 5397807
	Index Only Scan using k_6 on sbtest6  (cost=0.43..6.53 rows=105 width=4)
	  Index Cond: ((k >= 5397707) AND (k <= 5397807))

table 7 : explain SELECT k FROM sbtest7 WHERE k BETWEEN 5397707 AND 5397807
	Index Only Scan using k_7 on sbtest7  (cost=0.43..10.47 rows=102 width=4)
	  Index Cond: ((k >= 5397707) AND (k <= 5397807))

table 8 : explain SELECT k FROM sbtest8 WHERE k BETWEEN 5397707 AND 5397807
	Index Only Scan using k_8 on sbtest8  (cost=0.43..10.33 rows=95 width=4)
	  Index Cond: ((k >= 5397707) AND (k <= 5397807))

for range-covered
table 1 : explain SELECT k FROM sbtest1 WHERE k BETWEEN 7637680 AND 7637780
	Index Only Scan using k_1 on sbtest1  (cost=0.43..10.47 rows=102 width=4)
	  Index Cond: ((k >= 7637680) AND (k <= 7637780))

table 2 : explain SELECT k FROM sbtest2 WHERE k BETWEEN 7637680 AND 7637780
	Index Only Scan using k_2 on sbtest2  (cost=0.43..6.37 rows=97 width=4)
	  Index Cond: ((k >= 7637680) AND (k <= 7637780))

table 3 : explain SELECT k FROM sbtest3 WHERE k BETWEEN 7637680 AND 7637780
	Index Only Scan using k_3 on sbtest3  (cost=0.43..6.43 rows=100 width=4)
	  Index Cond: ((k >= 7637680) AND (k <= 7637780))

table 4 : explain SELECT k FROM sbtest4 WHERE k BETWEEN 7637680 AND 7637780
	Index Only Scan using k_4 on sbtest4  (cost=0.43..6.47 rows=102 width=4)
	  Index Cond: ((k >= 7637680) AND (k <= 7637780))

table 5 : explain SELECT k FROM sbtest5 WHERE k BETWEEN 7637680 AND 7637780
	Index Only Scan using k_5 on sbtest5  (cost=0.43..10.63 rows=110 width=4)
	  Index Cond: ((k >= 7637680) AND (k <= 7637780))

table 6 : explain SELECT k FROM sbtest6 WHERE k BETWEEN 7637680 AND 7637780
	Index Only Scan using k_6 on sbtest6  (cost=0.43..6.45 rows=101 width=4)
	  Index Cond: ((k >= 7637680) AND (k <= 7637780))

table 7 : explain SELECT k FROM sbtest7 WHERE k BETWEEN 7637680 AND 7637780
	Index Only Scan using k_7 on sbtest7  (cost=0.43..10.46 rows=101 width=4)
	  Index Cond: ((k >= 7637680) AND (k <= 7637780))

table 8 : explain SELECT k FROM sbtest8 WHERE k BETWEEN 7637680 AND 7637780
	Index Only Scan using k_8 on sbtest8  (cost=0.43..10.46 rows=101 width=4)
	  Index Cond: ((k >= 7637680) AND (k <= 7637780))

explain: for range-covered :: explain SELECT k FROM sbtest%d WHERE k BETWEEN 5397707 AND 5397807
explain: for range-covered :: explain SELECT k FROM sbtest%d WHERE k BETWEEN 7637680 AND 7637780
for range-covered
table 1 : explain SELECT k FROM sbtest1 WHERE k BETWEEN 8023371 AND 8023471
	Index Only Scan using k_1 on sbtest1  (cost=0.43..10.44 rows=100 width=4)
	  Index Cond: ((k >= 8023371) AND (k <= 8023471))

table 2 : explain SELECT k FROM sbtest2 WHERE k BETWEEN 8023371 AND 8023471
	Index Only Scan using k_2 on sbtest2  (cost=0.43..6.42 rows=99 width=4)
	  Index Cond: ((k >= 8023371) AND (k <= 8023471))

table 3 : explain SELECT k FROM sbtest3 WHERE k BETWEEN 8023371 AND 8023471
	Index Only Scan using k_3 on sbtest3  (cost=0.43..6.59 rows=108 width=4)
	  Index Cond: ((k >= 8023371) AND (k <= 8023471))

table 4 : explain SELECT k FROM sbtest4 WHERE k BETWEEN 8023371 AND 8023471
	Index Only Scan using k_4 on sbtest4  (cost=0.43..6.35 rows=96 width=4)
	  Index Cond: ((k >= 8023371) AND (k <= 8023471))

table 5 : explain SELECT k FROM sbtest5 WHERE k BETWEEN 8023371 AND 8023471
	Index Only Scan using k_5 on sbtest5  (cost=0.43..10.51 rows=104 width=4)
	  Index Cond: ((k >= 8023371) AND (k <= 8023471))

table 6 : explain SELECT k FROM sbtest6 WHERE k BETWEEN 8023371 AND 8023471
	Index Only Scan using k_6 on sbtest6  (cost=0.43..6.56 rows=106 width=4)
	  Index Cond: ((k >= 8023371) AND (k <= 8023471))

table 7 : explain SELECT k FROM sbtest7 WHERE k BETWEEN 8023371 AND 8023471
	Index Only Scan using k_7 on sbtest7  (cost=0.43..10.46 rows=101 width=4)
	  Index Cond: ((k >= 8023371) AND (k <= 8023471))

table 8 : explain SELECT k FROM sbtest8 WHERE k BETWEEN 8023371 AND 8023471
	Index Only Scan using k_8 on sbtest8  (cost=0.43..10.51 rows=104 width=4)
	  Index Cond: ((k >= 8023371) AND (k <= 8023471))

for range-covered
table 1 : explain SELECT k FROM sbtest1 WHERE k BETWEEN 3011231 AND 3011331
	Index Only Scan using k_1 on sbtest1  (cost=0.43..10.44 rows=100 width=4)
	  Index Cond: ((k >= 3011231) AND (k <= 3011331))

table 2 : explain SELECT k FROM sbtest2 WHERE k BETWEEN 3011231 AND 3011331
	Index Only Scan using k_2 on sbtest2  (cost=0.43..6.37 rows=97 width=4)
	  Index Cond: ((k >= 3011231) AND (k <= 3011331))

table 3 : explain SELECT k FROM sbtest3 WHERE k BETWEEN 3011231 AND 3011331
	Index Only Scan using k_3 on sbtest3  (cost=0.43..6.63 rows=110 width=4)
	  Index Cond: ((k >= 3011231) AND (k <= 3011331))

table 4 : explain SELECT k FROM sbtest4 WHERE k BETWEEN 3011231 AND 3011331
	Index Only Scan using k_4 on sbtest4  (cost=0.43..6.56 rows=106 width=4)
	  Index Cond: ((k >= 3011231) AND (k <= 3011331))

table 5 : explain SELECT k FROM sbtest5 WHERE k BETWEEN 3011231 AND 3011331
	Index Only Scan using k_5 on sbtest5  (cost=0.43..10.38 rows=97 width=4)
	  Index Cond: ((k >= 3011231) AND (k <= 3011331))

table 6 : explain SELECT k FROM sbtest6 WHERE k BETWEEN 3011231 AND 3011331
	Index Only Scan using k_6 on sbtest6  (cost=0.43..6.40 rows=98 width=4)
	  Index Cond: ((k >= 3011231) AND (k <= 3011331))

table 7 : explain SELECT k FROM sbtest7 WHERE k BETWEEN 3011231 AND 3011331
	Index Only Scan using k_7 on sbtest7  (cost=0.43..10.29 rows=93 width=4)
	  Index Cond: ((k >= 3011231) AND (k <= 3011331))

table 8 : explain SELECT k FROM sbtest8 WHERE k BETWEEN 3011231 AND 3011331
	Index Only Scan using k_8 on sbtest8  (cost=0.43..10.58 rows=107 width=4)
	  Index Cond: ((k >= 3011231) AND (k <= 3011331))

explain: for range-covered :: explain SELECT k FROM sbtest%d WHERE k BETWEEN 8023371 AND 8023471
explain: for range-covered :: explain SELECT k FROM sbtest%d WHERE k BETWEEN 3011231 AND 3011331
for range-covered
table 1 : explain SELECT k FROM sbtest1 WHERE k BETWEEN 5584708 AND 5584808
	Index Only Scan using k_1 on sbtest1  (cost=0.43..10.36 rows=96 width=4)
	  Index Cond: ((k >= 5584708) AND (k <= 5584808))

table 2 : explain SELECT k FROM sbtest2 WHERE k BETWEEN 5584708 AND 5584808
	Index Only Scan using k_2 on sbtest2  (cost=0.43..6.61 rows=109 width=4)
	  Index Cond: ((k >= 5584708) AND (k <= 5584808))

table 3 : explain SELECT k FROM sbtest3 WHERE k BETWEEN 5584708 AND 5584808
	Index Only Scan using k_3 on sbtest3  (cost=0.43..6.50 rows=103 width=4)
	  Index Cond: ((k >= 5584708) AND (k <= 5584808))

table 4 : explain SELECT k FROM sbtest4 WHERE k BETWEEN 5584708 AND 5584808
	Index Only Scan using k_4 on sbtest4  (cost=0.43..6.47 rows=102 width=4)
	  Index Cond: ((k >= 5584708) AND (k <= 5584808))

table 5 : explain SELECT k FROM sbtest5 WHERE k BETWEEN 5584708 AND 5584808
	Index Only Scan using k_5 on sbtest5  (cost=0.43..10.32 rows=94 width=4)
	  Index Cond: ((k >= 5584708) AND (k <= 5584808))

table 6 : explain SELECT k FROM sbtest6 WHERE k BETWEEN 5584708 AND 5584808
	Index Only Scan using k_6 on sbtest6  (cost=0.43..6.50 rows=103 width=4)
	  Index Cond: ((k >= 5584708) AND (k <= 5584808))

table 7 : explain SELECT k FROM sbtest7 WHERE k BETWEEN 5584708 AND 5584808
	Index Only Scan using k_7 on sbtest7  (cost=0.43..10.54 rows=105 width=4)
	  Index Cond: ((k >= 5584708) AND (k <= 5584808))

table 8 : explain SELECT k FROM sbtest8 WHERE k BETWEEN 5584708 AND 5584808
	Index Only Scan using k_8 on sbtest8  (cost=0.43..10.65 rows=111 width=4)
	  Index Cond: ((k >= 5584708) AND (k <= 5584808))

explain: for range-covered :: explain SELECT k FROM sbtest%d WHERE k BETWEEN 5584708 AND 5584808
for range-covered
table 1 : explain SELECT k FROM sbtest1 WHERE k BETWEEN 5135676 AND 5135776
	Index Only Scan using k_1 on sbtest1  (cost=0.43..10.32 rows=94 width=4)
	  Index Cond: ((k >= 5135676) AND (k <= 5135776))

table 2 : explain SELECT k FROM sbtest2 WHERE k BETWEEN 5135676 AND 5135776
	Index Only Scan using k_2 on sbtest2  (cost=0.43..6.43 rows=100 width=4)
	  Index Cond: ((k >= 5135676) AND (k <= 5135776))

table 3 : explain SELECT k FROM sbtest3 WHERE k BETWEEN 5135676 AND 5135776
	Index Only Scan using k_3 on sbtest3  (cost=0.43..6.58 rows=107 width=4)
	  Index Cond: ((k >= 5135676) AND (k <= 5135776))

table 4 : explain SELECT k FROM sbtest4 WHERE k BETWEEN 5135676 AND 5135776
	Index Only Scan using k_4 on sbtest4  (cost=0.43..6.50 rows=103 width=4)
	  Index Cond: ((k >= 5135676) AND (k <= 5135776))

table 5 : explain SELECT k FROM sbtest5 WHERE k BETWEEN 5135676 AND 5135776
	Index Only Scan using k_5 on sbtest5  (cost=0.43..10.50 rows=103 width=4)
	  Index Cond: ((k >= 5135676) AND (k <= 5135776))

table 6 : explain SELECT k FROM sbtest6 WHERE k BETWEEN 5135676 AND 5135776
	Index Only Scan using k_6 on sbtest6  (cost=0.43..6.45 rows=101 width=4)
	  Index Cond: ((k >= 5135676) AND (k <= 5135776))

table 7 : explain SELECT k FROM sbtest7 WHERE k BETWEEN 5135676 AND 5135776
	Index Only Scan using k_7 on sbtest7  (cost=0.43..10.54 rows=105 width=4)
	  Index Cond: ((k >= 5135676) AND (k <= 5135776))

table 8 : explain SELECT k FROM sbtest8 WHERE k BETWEEN 5135676 AND 5135776
	Index Only Scan using k_8 on sbtest8  (cost=0.43..10.32 rows=94 width=4)
	  Index Cond: ((k >= 5135676) AND (k <= 5135776))

explain: for range-covered :: explain SELECT k FROM sbtest%d WHERE k BETWEEN 5135676 AND 5135776
for range-covered
table 1 : explain SELECT k FROM sbtest1 WHERE k BETWEEN 5397707 AND 5397807
	Index Only Scan using k_1 on sbtest1  (cost=0.43..10.58 rows=107 width=4)
	  Index Cond: ((k >= 5397707) AND (k <= 5397807))

table 2 : explain SELECT k FROM sbtest2 WHERE k BETWEEN 5397707 AND 5397807
	Index Only Scan using k_2 on sbtest2  (cost=0.43..6.40 rows=98 width=4)
	  Index Cond: ((k >= 5397707) AND (k <= 5397807))

table 3 : explain SELECT k FROM sbtest3 WHERE k BETWEEN 5397707 AND 5397807
	Index Only Scan using k_3 on sbtest3  (cost=0.43..6.47 rows=102 width=4)
	  Index Cond: ((k >= 5397707) AND (k <= 5397807))

table 4 : explain SELECT k FROM sbtest4 WHERE k BETWEEN 5397707 AND 5397807
	Index Only Scan using k_4 on sbtest4  (cost=0.43..6.27 rows=92 width=4)
	  Index Cond: ((k >= 5397707) AND (k <= 5397807))

table 5 : explain SELECT k FROM sbtest5 WHERE k BETWEEN 5397707 AND 5397807
	Index Only Scan using k_5 on sbtest5  (cost=0.43..10.56 rows=106 width=4)
	  Index Cond: ((k >= 5397707) AND (k <= 5397807))

table 6 : explain SELECT k FROM sbtest6 WHERE k BETWEEN 5397707 AND 5397807
	Index Only Scan using k_6 on sbtest6  (cost=0.43..6.53 rows=105 width=4)
	  Index Cond: ((k >= 5397707) AND (k <= 5397807))

table 7 : explain SELECT k FROM sbtest7 WHERE k BETWEEN 5397707 AND 5397807
	Index Only Scan using k_7 on sbtest7  (cost=0.43..10.47 rows=102 width=4)
	  Index Cond: ((k >= 5397707) AND (k <= 5397807))

table 8 : explain SELECT k FROM sbtest8 WHERE k BETWEEN 5397707 AND 5397807
	Index Only Scan using k_8 on sbtest8  (cost=0.43..10.33 rows=95 width=4)
	  Index Cond: ((k >= 5397707) AND (k <= 5397807))

for range-covered
table 1 : explain SELECT k FROM sbtest1 WHERE k BETWEEN 7637680 AND 7637780
	Index Only Scan using k_1 on sbtest1  (cost=0.43..10.47 rows=102 width=4)
	  Index Cond: ((k >= 7637680) AND (k <= 7637780))

table 2 : explain SELECT k FROM sbtest2 WHERE k BETWEEN 7637680 AND 7637780
	Index Only Scan using k_2 on sbtest2  (cost=0.43..6.37 rows=97 width=4)
	  Index Cond: ((k >= 7637680) AND (k <= 7637780))

table 3 : explain SELECT k FROM sbtest3 WHERE k BETWEEN 7637680 AND 7637780
	Index Only Scan using k_3 on sbtest3  (cost=0.43..6.43 rows=100 width=4)
	  Index Cond: ((k >= 7637680) AND (k <= 7637780))

table 4 : explain SELECT k FROM sbtest4 WHERE k BETWEEN 7637680 AND 7637780
	Index Only Scan using k_4 on sbtest4  (cost=0.43..6.47 rows=102 width=4)
	  Index Cond: ((k >= 7637680) AND (k <= 7637780))

table 5 : explain SELECT k FROM sbtest5 WHERE k BETWEEN 7637680 AND 7637780
	Index Only Scan using k_5 on sbtest5  (cost=0.43..10.63 rows=110 width=4)
	  Index Cond: ((k >= 7637680) AND (k <= 7637780))

table 6 : explain SELECT k FROM sbtest6 WHERE k BETWEEN 7637680 AND 7637780
	Index Only Scan using k_6 on sbtest6  (cost=0.43..6.45 rows=101 width=4)
	  Index Cond: ((k >= 7637680) AND (k <= 7637780))

table 7 : explain SELECT k FROM sbtest7 WHERE k BETWEEN 7637680 AND 7637780
	Index Only Scan using k_7 on sbtest7  (cost=0.43..10.46 rows=101 width=4)
	  Index Cond: ((k >= 7637680) AND (k <= 7637780))

table 8 : explain SELECT k FROM sbtest8 WHERE k BETWEEN 7637680 AND 7637780
	Index Only Scan using k_8 on sbtest8  (cost=0.43..10.46 rows=101 width=4)
	  Index Cond: ((k >= 7637680) AND (k <= 7637780))

explain: for range-covered :: explain SELECT k FROM sbtest%d WHERE k BETWEEN 5397707 AND 5397807
explain: for range-covered :: explain SELECT k FROM sbtest%d WHERE k BETWEEN 7637680 AND 7637780
for range-covered
table 1 : explain SELECT k FROM sbtest1 WHERE k BETWEEN 7320855 AND 7320955
	Index Only Scan using k_1 on sbtest1  (cost=0.43..10.40 rows=98 width=4)
	  Index Cond: ((k >= 7320855) AND (k <= 7320955))

table 2 : explain SELECT k FROM sbtest2 WHERE k BETWEEN 7320855 AND 7320955
	Index Only Scan using k_2 on sbtest2  (cost=0.43..6.29 rows=93 width=4)
	  Index Cond: ((k >= 7320855) AND (k <= 7320955))

table 3 : explain SELECT k FROM sbtest3 WHERE k BETWEEN 7320855 AND 7320955
	Index Only Scan using k_3 on sbtest3  (cost=0.43..6.43 rows=100 width=4)
	  Index Cond: ((k >= 7320855) AND (k <= 7320955))

table 4 : explain SELECT k FROM sbtest4 WHERE k BETWEEN 7320855 AND 7320955
	Index Only Scan using k_4 on sbtest4  (cost=0.43..6.43 rows=100 width=4)
	  Index Cond: ((k >= 7320855) AND (k <= 7320955))

table 5 : explain SELECT k FROM sbtest5 WHERE k BETWEEN 7320855 AND 7320955
	Index Only Scan using k_5 on sbtest5  (cost=0.43..10.51 rows=104 width=4)
	  Index Cond: ((k >= 7320855) AND (k <= 7320955))

table 6 : explain SELECT k FROM sbtest6 WHERE k BETWEEN 7320855 AND 7320955
	Index Only Scan using k_6 on sbtest6  (cost=0.43..6.74 rows=115 width=4)
	  Index Cond: ((k >= 7320855) AND (k <= 7320955))

table 7 : explain SELECT k FROM sbtest7 WHERE k BETWEEN 7320855 AND 7320955
	Index Only Scan using k_7 on sbtest7  (cost=0.43..10.42 rows=99 width=4)
	  Index Cond: ((k >= 7320855) AND (k <= 7320955))

table 8 : explain SELECT k FROM sbtest8 WHERE k BETWEEN 7320855 AND 7320955
	Index Only Scan using k_8 on sbtest8  (cost=0.43..10.32 rows=94 width=4)
	  Index Cond: ((k >= 7320855) AND (k <= 7320955))

for range-covered
table 1 : explain SELECT k FROM sbtest1 WHERE k BETWEEN 6211901 AND 6212001
	Index Only Scan using k_1 on sbtest1  (cost=0.43..10.60 rows=108 width=4)
	  Index Cond: ((k >= 6211901) AND (k <= 6212001))

table 2 : explain SELECT k FROM sbtest2 WHERE k BETWEEN 6211901 AND 6212001
	Index Only Scan using k_2 on sbtest2  (cost=0.43..6.32 rows=94 width=4)
	  Index Cond: ((k >= 6211901) AND (k <= 6212001))

table 3 : explain SELECT k FROM sbtest3 WHERE k BETWEEN 6211901 AND 6212001
	Index Only Scan using k_3 on sbtest3  (cost=0.43..6.56 rows=106 width=4)
	  Index Cond: ((k >= 6211901) AND (k <= 6212001))

table 4 : explain SELECT k FROM sbtest4 WHERE k BETWEEN 6211901 AND 6212001
	Index Only Scan using k_4 on sbtest4  (cost=0.43..6.47 rows=102 width=4)
	  Index Cond: ((k >= 6211901) AND (k <= 6212001))

table 5 : explain SELECT k FROM sbtest5 WHERE k BETWEEN 6211901 AND 6212001
	Index Only Scan using k_5 on sbtest5  (cost=0.43..10.63 rows=110 width=4)
	  Index Cond: ((k >= 6211901) AND (k <= 6212001))

table 6 : explain SELECT k FROM sbtest6 WHERE k BETWEEN 6211901 AND 6212001
	Index Only Scan using k_6 on sbtest6  (cost=0.43..6.56 rows=106 width=4)
	  Index Cond: ((k >= 6211901) AND (k <= 6212001))

table 7 : explain SELECT k FROM sbtest7 WHERE k BETWEEN 6211901 AND 6212001
	Index Only Scan using k_7 on sbtest7  (cost=0.43..10.47 rows=102 width=4)
	  Index Cond: ((k >= 6211901) AND (k <= 6212001))

table 8 : explain SELECT k FROM sbtest8 WHERE k BETWEEN 6211901 AND 6212001
	Index Only Scan using k_8 on sbtest8  (cost=0.43..10.47 rows=102 width=4)
	  Index Cond: ((k >= 6211901) AND (k <= 6212001))

for range-covered
table 1 : explain SELECT k FROM sbtest1 WHERE k BETWEEN 3011231 AND 3011331
	Index Only Scan using k_1 on sbtest1  (cost=0.43..10.44 rows=100 width=4)
	  Index Cond: ((k >= 3011231) AND (k <= 3011331))

table 2 : explain SELECT k FROM sbtest2 WHERE k BETWEEN 3011231 AND 3011331
	Index Only Scan using k_2 on sbtest2  (cost=0.43..6.37 rows=97 width=4)
	  Index Cond: ((k >= 3011231) AND (k <= 3011331))

table 3 : explain SELECT k FROM sbtest3 WHERE k BETWEEN 3011231 AND 3011331
	Index Only Scan using k_3 on sbtest3  (cost=0.43..6.63 rows=110 width=4)
	  Index Cond: ((k >= 3011231) AND (k <= 3011331))

table 4 : explain SELECT k FROM sbtest4 WHERE k BETWEEN 3011231 AND 3011331
	Index Only Scan using k_4 on sbtest4  (cost=0.43..6.56 rows=106 width=4)
	  Index Cond: ((k >= 3011231) AND (k <= 3011331))

table 5 : explain SELECT k FROM sbtest5 WHERE k BETWEEN 3011231 AND 3011331
	Index Only Scan using k_5 on sbtest5  (cost=0.43..10.38 rows=97 width=4)
	  Index Cond: ((k >= 3011231) AND (k <= 3011331))

table 6 : explain SELECT k FROM sbtest6 WHERE k BETWEEN 3011231 AND 3011331
	Index Only Scan using k_6 on sbtest6  (cost=0.43..6.40 rows=98 width=4)
	  Index Cond: ((k >= 3011231) AND (k <= 3011331))

table 7 : explain SELECT k FROM sbtest7 WHERE k BETWEEN 3011231 AND 3011331
	Index Only Scan using k_7 on sbtest7  (cost=0.43..10.29 rows=93 width=4)
	  Index Cond: ((k >= 3011231) AND (k <= 3011331))

table 8 : explain SELECT k FROM sbtest8 WHERE k BETWEEN 3011231 AND 3011331
	Index Only Scan using k_8 on sbtest8  (cost=0.43..10.58 rows=107 width=4)
	  Index Cond: ((k >= 3011231) AND (k <= 3011331))

for range-covered
table 1 : explain SELECT k FROM sbtest1 WHERE k BETWEEN 8023371 AND 8023471
	Index Only Scan using k_1 on sbtest1  (cost=0.43..10.44 rows=100 width=4)
	  Index Cond: ((k >= 8023371) AND (k <= 8023471))

table 2 : explain SELECT k FROM sbtest2 WHERE k BETWEEN 8023371 AND 8023471
	Index Only Scan using k_2 on sbtest2  (cost=0.43..6.42 rows=99 width=4)
	  Index Cond: ((k >= 8023371) AND (k <= 8023471))

table 3 : explain SELECT k FROM sbtest3 WHERE k BETWEEN 8023371 AND 8023471
	Index Only Scan using k_3 on sbtest3  (cost=0.43..6.59 rows=108 width=4)
	  Index Cond: ((k >= 8023371) AND (k <= 8023471))

table 4 : explain SELECT k FROM sbtest4 WHERE k BETWEEN 8023371 AND 8023471
	Index Only Scan using k_4 on sbtest4  (cost=0.43..6.35 rows=96 width=4)
	  Index Cond: ((k >= 8023371) AND (k <= 8023471))

table 5 : explain SELECT k FROM sbtest5 WHERE k BETWEEN 8023371 AND 8023471
	Index Only Scan using k_5 on sbtest5  (cost=0.43..10.51 rows=104 width=4)
	  Index Cond: ((k >= 8023371) AND (k <= 8023471))

table 6 : explain SELECT k FROM sbtest6 WHERE k BETWEEN 8023371 AND 8023471
	Index Only Scan using k_6 on sbtest6  (cost=0.43..6.56 rows=106 width=4)
	  Index Cond: ((k >= 8023371) AND (k <= 8023471))

table 7 : explain SELECT k FROM sbtest7 WHERE k BETWEEN 8023371 AND 8023471
	Index Only Scan using k_7 on sbtest7  (cost=0.43..10.46 rows=101 width=4)
	  Index Cond: ((k >= 8023371) AND (k <= 8023471))

table 8 : explain SELECT k FROM sbtest8 WHERE k BETWEEN 8023371 AND 8023471
	Index Only Scan using k_8 on sbtest8  (cost=0.43..10.51 rows=104 width=4)
	  Index Cond: ((k >= 8023371) AND (k <= 8023471))
explain: for range-covered :: explain SELECT k FROM sbtest%d WHERE k BETWEEN 6211901 AND 6212001

explain: for range-covered :: explain SELECT k FROM sbtest%d WHERE k BETWEEN 7320855 AND 7320955
explain: for range-covered :: explain SELECT k FROM sbtest%d WHERE k BETWEEN 3011231 AND 3011331
for range-covered
table 1 : explain SELECT k FROM sbtest1 WHERE k BETWEEN 5584708 AND 5584808
	Index Only Scan using k_1 on sbtest1  (cost=0.43..10.36 rows=96 width=4)
	  Index Cond: ((k >= 5584708) AND (k <= 5584808))

table 2 : explain SELECT k FROM sbtest2 WHERE k BETWEEN 5584708 AND 5584808
	Index Only Scan using k_2 on sbtest2  (cost=0.43..6.61 rows=109 width=4)
	  Index Cond: ((k >= 5584708) AND (k <= 5584808))

table 3 : explain SELECT k FROM sbtest3 WHERE k BETWEEN 5584708 AND 5584808
	Index Only Scan using k_3 on sbtest3  (cost=0.43..6.50 rows=103 width=4)
	  Index Cond: ((k >= 5584708) AND (k <= 5584808))

table 4 : explain SELECT k FROM sbtest4 WHERE k BETWEEN 5584708 AND 5584808
	Index Only Scan using k_4 on sbtest4  (cost=0.43..6.47 rows=102 width=4)
	  Index Cond: ((k >= 5584708) AND (k <= 5584808))

table 5 : explain SELECT k FROM sbtest5 WHERE k BETWEEN 5584708 AND 5584808
	Index Only Scan using k_5 on sbtest5  (cost=0.43..10.32 rows=94 width=4)
	  Index Cond: ((k >= 5584708) AND (k <= 5584808))

table 6 : explain SELECT k FROM sbtest6 WHERE k BETWEEN 5584708 AND 5584808
	Index Only Scan using k_6 on sbtest6  (cost=0.43..6.50 rows=103 width=4)
	  Index Cond: ((k >= 5584708) AND (k <= 5584808))

table 7 : explain SELECT k FROM sbtest7 WHERE k BETWEEN 5584708 AND 5584808
	Index Only Scan using k_7 on sbtest7  (cost=0.43..10.54 rows=105 width=4)
	  Index Cond: ((k >= 5584708) AND (k <= 5584808))

table 8 : explain SELECT k FROM sbtest8 WHERE k BETWEEN 5584708 AND 5584808
	Index Only Scan using k_8 on sbtest8  (cost=0.43..10.65 rows=111 width=4)
	  Index Cond: ((k >= 5584708) AND (k <= 5584808))

for range-covered
table 1 : explain SELECT k FROM sbtest1 WHERE k BETWEEN 5135676 AND 5135776
	Index Only Scan using k_1 on sbtest1  (cost=0.43..10.32 rows=94 width=4)
	  Index Cond: ((k >= 5135676) AND (k <= 5135776))

table 2 : explain SELECT k FROM sbtest2 WHERE k BETWEEN 5135676 AND 5135776
	Index Only Scan using k_2 on sbtest2  (cost=0.43..6.43 rows=100 width=4)
	  Index Cond: ((k >= 5135676) AND (k <= 5135776))

table 3 : explain SELECT k FROM sbtest3 WHERE k BETWEEN 5135676 AND 5135776
	Index Only Scan using k_3 on sbtest3  (cost=0.43..6.58 rows=107 width=4)
	  Index Cond: ((k >= 5135676) AND (k <= 5135776))

table 4 : explain SELECT k FROM sbtest4 WHERE k BETWEEN 5135676 AND 5135776
	Index Only Scan using k_4 on sbtest4  (cost=0.43..6.50 rows=103 width=4)
	  Index Cond: ((k >= 5135676) AND (k <= 5135776))

table 5 : explain SELECT k FROM sbtest5 WHERE k BETWEEN 5135676 AND 5135776
	Index Only Scan using k_5 on sbtest5  (cost=0.43..10.50 rows=103 width=4)
	  Index Cond: ((k >= 5135676) AND (k <= 5135776))

table 6 : explain SELECT k FROM sbtest6 WHERE k BETWEEN 5135676 AND 5135776
	Index Only Scan using k_6 on sbtest6  (cost=0.43..6.45 rows=101 width=4)
	  Index Cond: ((k >= 5135676) AND (k <= 5135776))

table 7 : explain SELECT k FROM sbtest7 WHERE k BETWEEN 5135676 AND 5135776
	Index Only Scan using k_7 on sbtest7  (cost=0.43..10.54 rows=105 width=4)
	  Index Cond: ((k >= 5135676) AND (k <= 5135776))

table 8 : explain SELECT k FROM sbtest8 WHERE k BETWEEN 5135676 AND 5135776
	Index Only Scan using k_8 on sbtest8  (cost=0.43..10.32 rows=94 width=4)
	  Index Cond: ((k >= 5135676) AND (k <= 5135776))

explain: for range-covered :: explain SELECT k FROM sbtest%d WHERE k BETWEEN 5584708 AND 5584808
for range-covered
table 1 : explain SELECT k FROM sbtest1 WHERE k BETWEEN 5397707 AND 5397807
	Index Only Scan using k_1 on sbtest1  (cost=0.43..10.58 rows=107 width=4)
	  Index Cond: ((k >= 5397707) AND (k <= 5397807))

table 2 : explain SELECT k FROM sbtest2 WHERE k BETWEEN 5397707 AND 5397807
	Index Only Scan using k_2 on sbtest2  (cost=0.43..6.40 rows=98 width=4)
	  Index Cond: ((k >= 5397707) AND (k <= 5397807))

table 3 : explain SELECT k FROM sbtest3 WHERE k BETWEEN 5397707 AND 5397807
	Index Only Scan using k_3 on sbtest3  (cost=0.43..6.47 rows=102 width=4)
	  Index Cond: ((k >= 5397707) AND (k <= 5397807))

table 4 : explain SELECT k FROM sbtest4 WHERE k BETWEEN 5397707 AND 5397807
	Index Only Scan using k_4 on sbtest4  (cost=0.43..6.27 rows=92 width=4)
	  Index Cond: ((k >= 5397707) AND (k <= 5397807))

table 5 : explain SELECT k FROM sbtest5 WHERE k BETWEEN 5397707 AND 5397807
	Index Only Scan using k_5 on sbtest5  (cost=0.43..10.56 rows=106 width=4)
	  Index Cond: ((k >= 5397707) AND (k <= 5397807))

table 6 : explain SELECT k FROM sbtest6 WHERE k BETWEEN 5397707 AND 5397807
	Index Only Scan using k_6 on sbtest6  (cost=0.43..6.53 rows=105 width=4)
	  Index Cond: ((k >= 5397707) AND (k <= 5397807))

table 7 : explain SELECT k FROM sbtest7 WHERE k BETWEEN 5397707 AND 5397807
	Index Only Scan using k_7 on sbtest7  (cost=0.43..10.47 rows=102 width=4)
	  Index Cond: ((k >= 5397707) AND (k <= 5397807))

table 8 : explain SELECT k FROM sbtest8 WHERE k BETWEEN 5397707 AND 5397807
	Index Only Scan using k_8 on sbtest8  (cost=0.43..10.33 rows=95 width=4)
	  Index Cond: ((k >= 5397707) AND (k <= 5397807))

explain: for range-covered :: explain SELECT k FROM sbtest%d WHERE k BETWEEN 5135676 AND 5135776
explain: for range-covered :: explain SELECT k FROM sbtest%d WHERE k BETWEEN 5397707 AND 5397807
for range-covered
table 1 : explain SELECT k FROM sbtest1 WHERE k BETWEEN 7637680 AND 7637780
	Index Only Scan using k_1 on sbtest1  (cost=0.43..10.47 rows=102 width=4)
	  Index Cond: ((k >= 7637680) AND (k <= 7637780))

table 2 : explain SELECT k FROM sbtest2 WHERE k BETWEEN 7637680 AND 7637780
	Index Only Scan using k_2 on sbtest2  (cost=0.43..6.37 rows=97 width=4)
	  Index Cond: ((k >= 7637680) AND (k <= 7637780))

table 3 : explain SELECT k FROM sbtest3 WHERE k BETWEEN 7637680 AND 7637780
	Index Only Scan using k_3 on sbtest3  (cost=0.43..6.43 rows=100 width=4)
	  Index Cond: ((k >= 7637680) AND (k <= 7637780))

table 4 : explain SELECT k FROM sbtest4 WHERE k BETWEEN 7637680 AND 7637780
	Index Only Scan using k_4 on sbtest4  (cost=0.43..6.47 rows=102 width=4)
	  Index Cond: ((k >= 7637680) AND (k <= 7637780))

table 5 : explain SELECT k FROM sbtest5 WHERE k BETWEEN 7637680 AND 7637780
	Index Only Scan using k_5 on sbtest5  (cost=0.43..10.63 rows=110 width=4)
	  Index Cond: ((k >= 7637680) AND (k <= 7637780))

table 6 : explain SELECT k FROM sbtest6 WHERE k BETWEEN 7637680 AND 7637780
	Index Only Scan using k_6 on sbtest6  (cost=0.43..6.45 rows=101 width=4)
	  Index Cond: ((k >= 7637680) AND (k <= 7637780))

table 7 : explain SELECT k FROM sbtest7 WHERE k BETWEEN 7637680 AND 7637780
	Index Only Scan using k_7 on sbtest7  (cost=0.43..10.46 rows=101 width=4)
	  Index Cond: ((k >= 7637680) AND (k <= 7637780))

table 8 : explain SELECT k FROM sbtest8 WHERE k BETWEEN 7637680 AND 7637780
	Index Only Scan using k_8 on sbtest8  (cost=0.43..10.46 rows=101 width=4)
	  Index Cond: ((k >= 7637680) AND (k <= 7637780))

explain: for range-covered :: explain SELECT k FROM sbtest%d WHERE k BETWEEN 7637680 AND 7637780
for range-covered
table 1 : explain SELECT k FROM sbtest1 WHERE k BETWEEN 3011231 AND 3011331
	Index Only Scan using k_1 on sbtest1  (cost=0.43..10.44 rows=100 width=4)
	  Index Cond: ((k >= 3011231) AND (k <= 3011331))

table 2 : explain SELECT k FROM sbtest2 WHERE k BETWEEN 3011231 AND 3011331
	Index Only Scan using k_2 on sbtest2  (cost=0.43..6.37 rows=97 width=4)
	  Index Cond: ((k >= 3011231) AND (k <= 3011331))

table 3 : explain SELECT k FROM sbtest3 WHERE k BETWEEN 3011231 AND 3011331
	Index Only Scan using k_3 on sbtest3  (cost=0.43..6.63 rows=110 width=4)
	  Index Cond: ((k >= 3011231) AND (k <= 3011331))

table 4 : explain SELECT k FROM sbtest4 WHERE k BETWEEN 3011231 AND 3011331
	Index Only Scan using k_4 on sbtest4  (cost=0.43..6.56 rows=106 width=4)
	  Index Cond: ((k >= 3011231) AND (k <= 3011331))

table 5 : explain SELECT k FROM sbtest5 WHERE k BETWEEN 3011231 AND 3011331
	Index Only Scan using k_5 on sbtest5  (cost=0.43..10.38 rows=97 width=4)
	  Index Cond: ((k >= 3011231) AND (k <= 3011331))

table 6 : explain SELECT k FROM sbtest6 WHERE k BETWEEN 3011231 AND 3011331
	Index Only Scan using k_6 on sbtest6  (cost=0.43..6.40 rows=98 width=4)
	  Index Cond: ((k >= 3011231) AND (k <= 3011331))

table 7 : explain SELECT k FROM sbtest7 WHERE k BETWEEN 3011231 AND 3011331
	Index Only Scan using k_7 on sbtest7  (cost=0.43..10.29 rows=93 width=4)
	  Index Cond: ((k >= 3011231) AND (k <= 3011331))

table 8 : explain SELECT k FROM sbtest8 WHERE k BETWEEN 3011231 AND 3011331
	Index Only Scan using k_8 on sbtest8  (cost=0.43..10.58 rows=107 width=4)
	  Index Cond: ((k >= 3011231) AND (k <= 3011331))

for range-covered
table 1 : explain SELECT k FROM sbtest1 WHERE k BETWEEN 5584708 AND 5584808
	Index Only Scan using k_1 on sbtest1  (cost=0.43..10.36 rows=96 width=4)
	  Index Cond: ((k >= 5584708) AND (k <= 5584808))

table 2 : explain SELECT k FROM sbtest2 WHERE k BETWEEN 5584708 AND 5584808
	Index Only Scan using k_2 on sbtest2  (cost=0.43..6.61 rows=109 width=4)
	  Index Cond: ((k >= 5584708) AND (k <= 5584808))

table 3 : explain SELECT k FROM sbtest3 WHERE k BETWEEN 5584708 AND 5584808
	Index Only Scan using k_3 on sbtest3  (cost=0.43..6.50 rows=103 width=4)
	  Index Cond: ((k >= 5584708) AND (k <= 5584808))

table 4 : explain SELECT k FROM sbtest4 WHERE k BETWEEN 5584708 AND 5584808
	Index Only Scan using k_4 on sbtest4  (cost=0.43..6.47 rows=102 width=4)
	  Index Cond: ((k >= 5584708) AND (k <= 5584808))

table 5 : explain SELECT k FROM sbtest5 WHERE k BETWEEN 5584708 AND 5584808
	Index Only Scan using k_5 on sbtest5  (cost=0.43..10.32 rows=94 width=4)
	  Index Cond: ((k >= 5584708) AND (k <= 5584808))

table 6 : explain SELECT k FROM sbtest6 WHERE k BETWEEN 5584708 AND 5584808
	Index Only Scan using k_6 on sbtest6  (cost=0.43..6.50 rows=103 width=4)
	  Index Cond: ((k >= 5584708) AND (k <= 5584808))

table 7 : explain SELECT k FROM sbtest7 WHERE k BETWEEN 5584708 AND 5584808
	Index Only Scan using k_7 on sbtest7  (cost=0.43..10.54 rows=105 width=4)
	  Index Cond: ((k >= 5584708) AND (k <= 5584808))

table 8 : explain SELECT k FROM sbtest8 WHERE k BETWEEN 5584708 AND 5584808
	Index Only Scan using k_8 on sbtest8  (cost=0.43..10.65 rows=111 width=4)
	  Index Cond: ((k >= 5584708) AND (k <= 5584808))

for range-covered
table 1 : explain SELECT k FROM sbtest1 WHERE k BETWEEN 5135676 AND 5135776
	Index Only Scan using k_1 on sbtest1  (cost=0.43..10.32 rows=94 width=4)
	  Index Cond: ((k >= 5135676) AND (k <= 5135776))

table 2 : explain SELECT k FROM sbtest2 WHERE k BETWEEN 5135676 AND 5135776
	Index Only Scan using k_2 on sbtest2  (cost=0.43..6.43 rows=100 width=4)
	  Index Cond: ((k >= 5135676) AND (k <= 5135776))

table 3 : explain SELECT k FROM sbtest3 WHERE k BETWEEN 5135676 AND 5135776
	Index Only Scan using k_3 on sbtest3  (cost=0.43..6.58 rows=107 width=4)
	  Index Cond: ((k >= 5135676) AND (k <= 5135776))

table 4 : explain SELECT k FROM sbtest4 WHERE k BETWEEN 5135676 AND 5135776
	Index Only Scan using k_4 on sbtest4  (cost=0.43..6.50 rows=103 width=4)
	  Index Cond: ((k >= 5135676) AND (k <= 5135776))

table 5 : explain SELECT k FROM sbtest5 WHERE k BETWEEN 5135676 AND 5135776
	Index Only Scan using k_5 on sbtest5  (cost=0.43..10.50 rows=103 width=4)
	  Index Cond: ((k >= 5135676) AND (k <= 5135776))

table 6 : explain SELECT k FROM sbtest6 WHERE k BETWEEN 5135676 AND 5135776
	Index Only Scan using k_6 on sbtest6  (cost=0.43..6.45 rows=101 width=4)
	  Index Cond: ((k >= 5135676) AND (k <= 5135776))

table 7 : explain SELECT k FROM sbtest7 WHERE k BETWEEN 5135676 AND 5135776
	Index Only Scan using k_7 on sbtest7  (cost=0.43..10.54 rows=105 width=4)
	  Index Cond: ((k >= 5135676) AND (k <= 5135776))

table 8 : explain SELECT k FROM sbtest8 WHERE k BETWEEN 5135676 AND 5135776
	Index Only Scan using k_8 on sbtest8  (cost=0.43..10.32 rows=94 width=4)
	  Index Cond: ((k >= 5135676) AND (k <= 5135776))

for range-covered
table 1 : explain SELECT k FROM sbtest1 WHERE k BETWEEN 5397707 AND 5397807
	Index Only Scan using k_1 on sbtest1  (cost=0.43..10.58 rows=107 width=4)
	  Index Cond: ((k >= 5397707) AND (k <= 5397807))

table 2 : explain SELECT k FROM sbtest2 WHERE k BETWEEN 5397707 AND 5397807
	Index Only Scan using k_2 on sbtest2  (cost=0.43..6.40 rows=98 width=4)
	  Index Cond: ((k >= 5397707) AND (k <= 5397807))

table 3 : explain SELECT k FROM sbtest3 WHERE k BETWEEN 5397707 AND 5397807
	Index Only Scan using k_3 on sbtest3  (cost=0.43..6.47 rows=102 width=4)
	  Index Cond: ((k >= 5397707) AND (k <= 5397807))

table 4 : explain SELECT k FROM sbtest4 WHERE k BETWEEN 5397707 AND 5397807
	Index Only Scan using k_4 on sbtest4  (cost=0.43..6.27 rows=92 width=4)
	  Index Cond: ((k >= 5397707) AND (k <= 5397807))

table 5 : explain SELECT k FROM sbtest5 WHERE k BETWEEN 5397707 AND 5397807
	Index Only Scan using k_5 on sbtest5  (cost=0.43..10.56 rows=106 width=4)
	  Index Cond: ((k >= 5397707) AND (k <= 5397807))

table 6 : explain SELECT k FROM sbtest6 WHERE k BETWEEN 5397707 AND 5397807
	Index Only Scan using k_6 on sbtest6  (cost=0.43..6.53 rows=105 width=4)
	  Index Cond: ((k >= 5397707) AND (k <= 5397807))

table 7 : explain SELECT k FROM sbtest7 WHERE k BETWEEN 5397707 AND 5397807
	Index Only Scan using k_7 on sbtest7  (cost=0.43..10.47 rows=102 width=4)
	  Index Cond: ((k >= 5397707) AND (k <= 5397807))

table 8 : explain SELECT k FROM sbtest8 WHERE k BETWEEN 5397707 AND 5397807
	Index Only Scan using k_8 on sbtest8  (cost=0.43..10.33 rows=95 width=4)
	  Index Cond: ((k >= 5397707) AND (k <= 5397807))

explain: for range-covered :: explain SELECT k FROM sbtest%d WHERE k BETWEEN 5584708 AND 5584808
for range-covered
table 1 : explain SELECT k FROM sbtest1 WHERE k BETWEEN 1745646 AND 1745746
	Index Only Scan using k_1 on sbtest1  (cost=0.43..10.47 rows=102 width=4)
	  Index Cond: ((k >= 1745646) AND (k <= 1745746))

table 2 : explain SELECT k FROM sbtest2 WHERE k BETWEEN 1745646 AND 1745746
	Index Only Scan using k_2 on sbtest2  (cost=0.43..6.47 rows=102 width=4)
	  Index Cond: ((k >= 1745646) AND (k <= 1745746))

table 3 : explain SELECT k FROM sbtest3 WHERE k BETWEEN 1745646 AND 1745746
	Index Only Scan using k_3 on sbtest3  (cost=0.43..6.43 rows=100 width=4)
	  Index Cond: ((k >= 1745646) AND (k <= 1745746))

table 4 : explain SELECT k FROM sbtest4 WHERE k BETWEEN 1745646 AND 1745746
	Index Only Scan using k_4 on sbtest4  (cost=0.43..6.42 rows=99 width=4)
	  Index Cond: ((k >= 1745646) AND (k <= 1745746))

table 5 : explain SELECT k FROM sbtest5 WHERE k BETWEEN 1745646 AND 1745746
	Index Only Scan using k_5 on sbtest5  (cost=0.43..10.42 rows=99 width=4)
	  Index Cond: ((k >= 1745646) AND (k <= 1745746))

table 6 : explain SELECT k FROM sbtest6 WHERE k BETWEEN 1745646 AND 1745746
	Index Only Scan using k_6 on sbtest6  (cost=0.43..6.50 rows=103 width=4)
	  Index Cond: ((k >= 1745646) AND (k <= 1745746))

table 7 : explain SELECT k FROM sbtest7 WHERE k BETWEEN 1745646 AND 1745746
	Index Only Scan using k_7 on sbtest7  (cost=0.43..10.44 rows=100 width=4)
	  Index Cond: ((k >= 1745646) AND (k <= 1745746))

table 8 : explain SELECT k FROM sbtest8 WHERE k BETWEEN 1745646 AND 1745746
	Index Only Scan using k_8 on sbtest8  (cost=0.43..10.70 rows=113 width=4)
	  Index Cond: ((k >= 1745646) AND (k <= 1745746))

for range-covered
table 1 : explain SELECT k FROM sbtest1 WHERE k BETWEEN 7637680 AND 7637780
	Index Only Scan using k_1 on sbtest1  (cost=0.43..10.47 rows=102 width=4)
	  Index Cond: ((k >= 7637680) AND (k <= 7637780))

table 2 : explain SELECT k FROM sbtest2 WHERE k BETWEEN 7637680 AND 7637780
	Index Only Scan using k_2 on sbtest2  (cost=0.43..6.37 rows=97 width=4)
	  Index Cond: ((k >= 7637680) AND (k <= 7637780))

table 3 : explain SELECT k FROM sbtest3 WHERE k BETWEEN 7637680 AND 7637780
	Index Only Scan using k_3 on sbtest3  (cost=0.43..6.43 rows=100 width=4)
	  Index Cond: ((k >= 7637680) AND (k <= 7637780))

table 4 : explain SELECT k FROM sbtest4 WHERE k BETWEEN 7637680 AND 7637780
	Index Only Scan using k_4 on sbtest4  (cost=0.43..6.47 rows=102 width=4)
	  Index Cond: ((k >= 7637680) AND (k <= 7637780))

table 5 : explain SELECT k FROM sbtest5 WHERE k BETWEEN 7637680 AND 7637780
	Index Only Scan using k_5 on sbtest5  (cost=0.43..10.63 rows=110 width=4)
	  Index Cond: ((k >= 7637680) AND (k <= 7637780))

table 6 : explain SELECT k FROM sbtest6 WHERE k BETWEEN 7637680 AND 7637780
	Index Only Scan using k_6 on sbtest6  (cost=0.43..6.45 rows=101 width=4)
	  Index Cond: ((k >= 7637680) AND (k <= 7637780))

table 7 : explain SELECT k FROM sbtest7 WHERE k BETWEEN 7637680 AND 7637780
	Index Only Scan using k_7 on sbtest7  (cost=0.43..10.46 rows=101 width=4)
	  Index Cond: ((k >= 7637680) AND (k <= 7637780))

table 8 : explain SELECT k FROM sbtest8 WHERE k BETWEEN 7637680 AND 7637780
	Index Only Scan using k_8 on sbtest8  (cost=0.43..10.46 rows=101 width=4)
	  Index Cond: ((k >= 7637680) AND (k <= 7637780))

explain: for range-covered :: explain SELECT k FROM sbtest%d WHERE k BETWEEN 3672970 AND 3673070
explain: for range-covered :: explain SELECT k FROM sbtest%d WHERE k BETWEEN 7637680 AND 7637780
explain: for range-covered :: explain SELECT k FROM sbtest%d WHERE k BETWEEN 1745646 AND 1745746
for range-covered
table 1 : explain SELECT k FROM sbtest1 WHERE k BETWEEN 6211901 AND 6212001
	Index Only Scan using k_1 on sbtest1  (cost=0.43..10.60 rows=108 width=4)
	  Index Cond: ((k >= 6211901) AND (k <= 6212001))

table 2 : explain SELECT k FROM sbtest2 WHERE k BETWEEN 6211901 AND 6212001
	Index Only Scan using k_2 on sbtest2  (cost=0.43..6.32 rows=94 width=4)
	  Index Cond: ((k >= 6211901) AND (k <= 6212001))

table 3 : explain SELECT k FROM sbtest3 WHERE k BETWEEN 6211901 AND 6212001
	Index Only Scan using k_3 on sbtest3  (cost=0.43..6.56 rows=106 width=4)
	  Index Cond: ((k >= 6211901) AND (k <= 6212001))

table 4 : explain SELECT k FROM sbtest4 WHERE k BETWEEN 6211901 AND 6212001
	Index Only Scan using k_4 on sbtest4  (cost=0.43..6.47 rows=102 width=4)
	  Index Cond: ((k >= 6211901) AND (k <= 6212001))

table 5 : explain SELECT k FROM sbtest5 WHERE k BETWEEN 6211901 AND 6212001
	Index Only Scan using k_5 on sbtest5  (cost=0.43..10.63 rows=110 width=4)
	  Index Cond: ((k >= 6211901) AND (k <= 6212001))

table 6 : explain SELECT k FROM sbtest6 WHERE k BETWEEN 6211901 AND 6212001
	Index Only Scan using k_6 on sbtest6  (cost=0.43..6.56 rows=106 width=4)
	  Index Cond: ((k >= 6211901) AND (k <= 6212001))

table 7 : explain SELECT k FROM sbtest7 WHERE k BETWEEN 6211901 AND 6212001
	Index Only Scan using k_7 on sbtest7  (cost=0.43..10.47 rows=102 width=4)
	  Index Cond: ((k >= 6211901) AND (k <= 6212001))

table 8 : explain SELECT k FROM sbtest8 WHERE k BETWEEN 6211901 AND 6212001
	Index Only Scan using k_8 on sbtest8  (cost=0.43..10.47 rows=102 width=4)
	  Index Cond: ((k >= 6211901) AND (k <= 6212001))

for range-covered
table 1 : explain SELECT k FROM sbtest1 WHERE k BETWEEN 7320855 AND 7320955
	Index Only Scan using k_1 on sbtest1  (cost=0.43..10.40 rows=98 width=4)
	  Index Cond: ((k >= 7320855) AND (k <= 7320955))

table 2 : explain SELECT k FROM sbtest2 WHERE k BETWEEN 7320855 AND 7320955
	Index Only Scan using k_2 on sbtest2  (cost=0.43..6.29 rows=93 width=4)
	  Index Cond: ((k >= 7320855) AND (k <= 7320955))

table 3 : explain SELECT k FROM sbtest3 WHERE k BETWEEN 7320855 AND 7320955
	Index Only Scan using k_3 on sbtest3  (cost=0.43..6.43 rows=100 width=4)
	  Index Cond: ((k >= 7320855) AND (k <= 7320955))

table 4 : explain SELECT k FROM sbtest4 WHERE k BETWEEN 7320855 AND 7320955
	Index Only Scan using k_4 on sbtest4  (cost=0.43..6.43 rows=100 width=4)
	  Index Cond: ((k >= 7320855) AND (k <= 7320955))

table 5 : explain SELECT k FROM sbtest5 WHERE k BETWEEN 7320855 AND 7320955
	Index Only Scan using k_5 on sbtest5  (cost=0.43..10.51 rows=104 width=4)
	  Index Cond: ((k >= 7320855) AND (k <= 7320955))

table 6 : explain SELECT k FROM sbtest6 WHERE k BETWEEN 7320855 AND 7320955
	Index Only Scan using k_6 on sbtest6  (cost=0.43..6.74 rows=115 width=4)
	  Index Cond: ((k >= 7320855) AND (k <= 7320955))

table 7 : explain SELECT k FROM sbtest7 WHERE k BETWEEN 7320855 AND 7320955
	Index Only Scan using k_7 on sbtest7  (cost=0.43..10.42 rows=99 width=4)
	  Index Cond: ((k >= 7320855) AND (k <= 7320955))

table 8 : explain SELECT k FROM sbtest8 WHERE k BETWEEN 7320855 AND 7320955
	Index Only Scan using k_8 on sbtest8  (cost=0.43..10.32 rows=94 width=4)
	  Index Cond: ((k >= 7320855) AND (k <= 7320955))

explain: for range-covered :: explain SELECT k FROM sbtest%d WHERE k BETWEEN 6211901 AND 6212001
explain: for range-covered :: explain SELECT k FROM sbtest%d WHERE k BETWEEN 7320855 AND 7320955
for range-covered
table 1 : explain SELECT k FROM sbtest1 WHERE k BETWEEN 5584708 AND 5584808
	Index Only Scan using k_1 on sbtest1  (cost=0.43..10.36 rows=96 width=4)
	  Index Cond: ((k >= 5584708) AND (k <= 5584808))

table 2 : explain SELECT k FROM sbtest2 WHERE k BETWEEN 5584708 AND 5584808
	Index Only Scan using k_2 on sbtest2  (cost=0.43..6.61 rows=109 width=4)
	  Index Cond: ((k >= 5584708) AND (k <= 5584808))

table 3 : explain SELECT k FROM sbtest3 WHERE k BETWEEN 5584708 AND 5584808
	Index Only Scan using k_3 on sbtest3  (cost=0.43..6.50 rows=103 width=4)
	  Index Cond: ((k >= 5584708) AND (k <= 5584808))

table 4 : explain SELECT k FROM sbtest4 WHERE k BETWEEN 5584708 AND 5584808
	Index Only Scan using k_4 on sbtest4  (cost=0.43..6.47 rows=102 width=4)
	  Index Cond: ((k >= 5584708) AND (k <= 5584808))

table 5 : explain SELECT k FROM sbtest5 WHERE k BETWEEN 5584708 AND 5584808
	Index Only Scan using k_5 on sbtest5  (cost=0.43..10.32 rows=94 width=4)
	  Index Cond: ((k >= 5584708) AND (k <= 5584808))

table 6 : explain SELECT k FROM sbtest6 WHERE k BETWEEN 5584708 AND 5584808
	Index Only Scan using k_6 on sbtest6  (cost=0.43..6.50 rows=103 width=4)
	  Index Cond: ((k >= 5584708) AND (k <= 5584808))

table 7 : explain SELECT k FROM sbtest7 WHERE k BETWEEN 5584708 AND 5584808
	Index Only Scan using k_7 on sbtest7  (cost=0.43..10.54 rows=105 width=4)
	  Index Cond: ((k >= 5584708) AND (k <= 5584808))

table 8 : explain SELECT k FROM sbtest8 WHERE k BETWEEN 5584708 AND 5584808
	Index Only Scan using k_8 on sbtest8  (cost=0.43..10.65 rows=111 width=4)
	  Index Cond: ((k >= 5584708) AND (k <= 5584808))

explain: for range-covered :: explain SELECT k FROM sbtest%d WHERE k BETWEEN 5584708 AND 5584808
for range-covered
table 1 : explain SELECT k FROM sbtest1 WHERE k BETWEEN 7637680 AND 7637780
	Index Only Scan using k_1 on sbtest1  (cost=0.43..10.47 rows=102 width=4)
	  Index Cond: ((k >= 7637680) AND (k <= 7637780))

table 2 : explain SELECT k FROM sbtest2 WHERE k BETWEEN 7637680 AND 7637780
	Index Only Scan using k_2 on sbtest2  (cost=0.43..6.37 rows=97 width=4)
	  Index Cond: ((k >= 7637680) AND (k <= 7637780))

table 3 : explain SELECT k FROM sbtest3 WHERE k BETWEEN 7637680 AND 7637780
	Index Only Scan using k_3 on sbtest3  (cost=0.43..6.43 rows=100 width=4)
	  Index Cond: ((k >= 7637680) AND (k <= 7637780))

table 4 : explain SELECT k FROM sbtest4 WHERE k BETWEEN 7637680 AND 7637780
	Index Only Scan using k_4 on sbtest4  (cost=0.43..6.47 rows=102 width=4)
	  Index Cond: ((k >= 7637680) AND (k <= 7637780))

table 5 : explain SELECT k FROM sbtest5 WHERE k BETWEEN 7637680 AND 7637780
	Index Only Scan using k_5 on sbtest5  (cost=0.43..10.63 rows=110 width=4)
	  Index Cond: ((k >= 7637680) AND (k <= 7637780))

table 6 : explain SELECT k FROM sbtest6 WHERE k BETWEEN 7637680 AND 7637780
	Index Only Scan using k_6 on sbtest6  (cost=0.43..6.45 rows=101 width=4)
	  Index Cond: ((k >= 7637680) AND (k <= 7637780))

table 7 : explain SELECT k FROM sbtest7 WHERE k BETWEEN 7637680 AND 7637780
	Index Only Scan using k_7 on sbtest7  (cost=0.43..10.46 rows=101 width=4)
	  Index Cond: ((k >= 7637680) AND (k <= 7637780))

table 8 : explain SELECT k FROM sbtest8 WHERE k BETWEEN 7637680 AND 7637780
	Index Only Scan using k_8 on sbtest8  (cost=0.43..10.46 rows=101 width=4)
	  Index Cond: ((k >= 7637680) AND (k <= 7637780))

for range-covered
table 1 : explain SELECT k FROM sbtest1 WHERE k BETWEEN 1745646 AND 1745746
	Index Only Scan using k_1 on sbtest1  (cost=0.43..10.47 rows=102 width=4)
	  Index Cond: ((k >= 1745646) AND (k <= 1745746))

table 2 : explain SELECT k FROM sbtest2 WHERE k BETWEEN 1745646 AND 1745746
	Index Only Scan using k_2 on sbtest2  (cost=0.43..6.47 rows=102 width=4)
	  Index Cond: ((k >= 1745646) AND (k <= 1745746))

table 3 : explain SELECT k FROM sbtest3 WHERE k BETWEEN 1745646 AND 1745746
	Index Only Scan using k_3 on sbtest3  (cost=0.43..6.43 rows=100 width=4)
	  Index Cond: ((k >= 1745646) AND (k <= 1745746))

table 4 : explain SELECT k FROM sbtest4 WHERE k BETWEEN 1745646 AND 1745746
	Index Only Scan using k_4 on sbtest4  (cost=0.43..6.42 rows=99 width=4)
	  Index Cond: ((k >= 1745646) AND (k <= 1745746))

table 5 : explain SELECT k FROM sbtest5 WHERE k BETWEEN 1745646 AND 1745746
	Index Only Scan using k_5 on sbtest5  (cost=0.43..10.42 rows=99 width=4)
	  Index Cond: ((k >= 1745646) AND (k <= 1745746))

table 6 : explain SELECT k FROM sbtest6 WHERE k BETWEEN 1745646 AND 1745746
	Index Only Scan using k_6 on sbtest6  (cost=0.43..6.50 rows=103 width=4)
	  Index Cond: ((k >= 1745646) AND (k <= 1745746))

table 7 : explain SELECT k FROM sbtest7 WHERE k BETWEEN 1745646 AND 1745746
	Index Only Scan using k_7 on sbtest7  (cost=0.43..10.44 rows=100 width=4)
	  Index Cond: ((k >= 1745646) AND (k <= 1745746))

table 8 : explain SELECT k FROM sbtest8 WHERE k BETWEEN 1745646 AND 1745746
	Index Only Scan using k_8 on sbtest8  (cost=0.43..10.70 rows=113 width=4)
	  Index Cond: ((k >= 1745646) AND (k <= 1745746))

explain: for range-covered :: explain SELECT k FROM sbtest%d WHERE k BETWEEN 1745646 AND 1745746
for range-covered
table 1 : explain SELECT k FROM sbtest1 WHERE k BETWEEN 5584708 AND 5584808
	Index Only Scan using k_1 on sbtest1  (cost=0.43..10.36 rows=96 width=4)
	  Index Cond: ((k >= 5584708) AND (k <= 5584808))

table 2 : explain SELECT k FROM sbtest2 WHERE k BETWEEN 5584708 AND 5584808
	Index Only Scan using k_2 on sbtest2  (cost=0.43..6.61 rows=109 width=4)
	  Index Cond: ((k >= 5584708) AND (k <= 5584808))

table 3 : explain SELECT k FROM sbtest3 WHERE k BETWEEN 5584708 AND 5584808
	Index Only Scan using k_3 on sbtest3  (cost=0.43..6.50 rows=103 width=4)
	  Index Cond: ((k >= 5584708) AND (k <= 5584808))

table 4 : explain SELECT k FROM sbtest4 WHERE k BETWEEN 5584708 AND 5584808
	Index Only Scan using k_4 on sbtest4  (cost=0.43..6.47 rows=102 width=4)
	  Index Cond: ((k >= 5584708) AND (k <= 5584808))

table 5 : explain SELECT k FROM sbtest5 WHERE k BETWEEN 5584708 AND 5584808
	Index Only Scan using k_5 on sbtest5  (cost=0.43..10.32 rows=94 width=4)
	  Index Cond: ((k >= 5584708) AND (k <= 5584808))

table 6 : explain SELECT k FROM sbtest6 WHERE k BETWEEN 5584708 AND 5584808
	Index Only Scan using k_6 on sbtest6  (cost=0.43..6.50 rows=103 width=4)
	  Index Cond: ((k >= 5584708) AND (k <= 5584808))

table 7 : explain SELECT k FROM sbtest7 WHERE k BETWEEN 5584708 AND 5584808
	Index Only Scan using k_7 on sbtest7  (cost=0.43..10.54 rows=105 width=4)
	  Index Cond: ((k >= 5584708) AND (k <= 5584808))

table 8 : explain SELECT k FROM sbtest8 WHERE k BETWEEN 5584708 AND 5584808
	Index Only Scan using k_8 on sbtest8  (cost=0.43..10.65 rows=111 width=4)
	  Index Cond: ((k >= 5584708) AND (k <= 5584808))

explain: for range-covered :: explain SELECT k FROM sbtest%d WHERE k BETWEEN 5584708 AND 5584808
explain: for range-covered :: explain SELECT k FROM sbtest%d WHERE k BETWEEN 4709459 AND 4709559
for range-covered
table 1 : explain SELECT k FROM sbtest1 WHERE k BETWEEN 1745646 AND 1745746
	Index Only Scan using k_1 on sbtest1  (cost=0.43..10.47 rows=102 width=4)
	  Index Cond: ((k >= 1745646) AND (k <= 1745746))

table 2 : explain SELECT k FROM sbtest2 WHERE k BETWEEN 1745646 AND 1745746
	Index Only Scan using k_2 on sbtest2  (cost=0.43..6.47 rows=102 width=4)
	  Index Cond: ((k >= 1745646) AND (k <= 1745746))

table 3 : explain SELECT k FROM sbtest3 WHERE k BETWEEN 1745646 AND 1745746
	Index Only Scan using k_3 on sbtest3  (cost=0.43..6.43 rows=100 width=4)
	  Index Cond: ((k >= 1745646) AND (k <= 1745746))

table 4 : explain SELECT k FROM sbtest4 WHERE k BETWEEN 1745646 AND 1745746
	Index Only Scan using k_4 on sbtest4  (cost=0.43..6.42 rows=99 width=4)
	  Index Cond: ((k >= 1745646) AND (k <= 1745746))

table 5 : explain SELECT k FROM sbtest5 WHERE k BETWEEN 1745646 AND 1745746
	Index Only Scan using k_5 on sbtest5  (cost=0.43..10.42 rows=99 width=4)
	  Index Cond: ((k >= 1745646) AND (k <= 1745746))

table 6 : explain SELECT k FROM sbtest6 WHERE k BETWEEN 1745646 AND 1745746
	Index Only Scan using k_6 on sbtest6  (cost=0.43..6.50 rows=103 width=4)
	  Index Cond: ((k >= 1745646) AND (k <= 1745746))

table 7 : explain SELECT k FROM sbtest7 WHERE k BETWEEN 1745646 AND 1745746
	Index Only Scan using k_7 on sbtest7  (cost=0.43..10.44 rows=100 width=4)
	  Index Cond: ((k >= 1745646) AND (k <= 1745746))

table 8 : explain SELECT k FROM sbtest8 WHERE k BETWEEN 1745646 AND 1745746
	Index Only Scan using k_8 on sbtest8  (cost=0.43..10.70 rows=113 width=4)
	  Index Cond: ((k >= 1745646) AND (k <= 1745746))

explain: for range-covered :: explain SELECT k FROM sbtest%d WHERE k BETWEEN 1745646 AND 1745746
for range-covered
table 1 : explain SELECT k FROM sbtest1 WHERE k BETWEEN 6211901 AND 6212001
	Index Only Scan using k_1 on sbtest1  (cost=0.43..10.60 rows=108 width=4)
	  Index Cond: ((k >= 6211901) AND (k <= 6212001))

table 2 : explain SELECT k FROM sbtest2 WHERE k BETWEEN 6211901 AND 6212001
	Index Only Scan using k_2 on sbtest2  (cost=0.43..6.32 rows=94 width=4)
	  Index Cond: ((k >= 6211901) AND (k <= 6212001))

table 3 : explain SELECT k FROM sbtest3 WHERE k BETWEEN 6211901 AND 6212001
	Index Only Scan using k_3 on sbtest3  (cost=0.43..6.56 rows=106 width=4)
	  Index Cond: ((k >= 6211901) AND (k <= 6212001))

table 4 : explain SELECT k FROM sbtest4 WHERE k BETWEEN 6211901 AND 6212001
	Index Only Scan using k_4 on sbtest4  (cost=0.43..6.47 rows=102 width=4)
	  Index Cond: ((k >= 6211901) AND (k <= 6212001))

table 5 : explain SELECT k FROM sbtest5 WHERE k BETWEEN 6211901 AND 6212001
	Index Only Scan using k_5 on sbtest5  (cost=0.43..10.63 rows=110 width=4)
	  Index Cond: ((k >= 6211901) AND (k <= 6212001))

table 6 : explain SELECT k FROM sbtest6 WHERE k BETWEEN 6211901 AND 6212001
	Index Only Scan using k_6 on sbtest6  (cost=0.43..6.56 rows=106 width=4)
	  Index Cond: ((k >= 6211901) AND (k <= 6212001))

table 7 : explain SELECT k FROM sbtest7 WHERE k BETWEEN 6211901 AND 6212001
	Index Only Scan using k_7 on sbtest7  (cost=0.43..10.47 rows=102 width=4)
	  Index Cond: ((k >= 6211901) AND (k <= 6212001))

table 8 : explain SELECT k FROM sbtest8 WHERE k BETWEEN 6211901 AND 6212001
	Index Only Scan using k_8 on sbtest8  (cost=0.43..10.47 rows=102 width=4)
	  Index Cond: ((k >= 6211901) AND (k <= 6212001))

for range-covered
table 1 : explain SELECT k FROM sbtest1 WHERE k BETWEEN 7320855 AND 7320955
	Index Only Scan using k_1 on sbtest1  (cost=0.43..10.40 rows=98 width=4)
	  Index Cond: ((k >= 7320855) AND (k <= 7320955))

table 2 : explain SELECT k FROM sbtest2 WHERE k BETWEEN 7320855 AND 7320955
	Index Only Scan using k_2 on sbtest2  (cost=0.43..6.29 rows=93 width=4)
	  Index Cond: ((k >= 7320855) AND (k <= 7320955))

table 3 : explain SELECT k FROM sbtest3 WHERE k BETWEEN 7320855 AND 7320955
	Index Only Scan using k_3 on sbtest3  (cost=0.43..6.43 rows=100 width=4)
	  Index Cond: ((k >= 7320855) AND (k <= 7320955))

table 4 : explain SELECT k FROM sbtest4 WHERE k BETWEEN 7320855 AND 7320955
	Index Only Scan using k_4 on sbtest4  (cost=0.43..6.43 rows=100 width=4)
	  Index Cond: ((k >= 7320855) AND (k <= 7320955))

table 5 : explain SELECT k FROM sbtest5 WHERE k BETWEEN 7320855 AND 7320955
	Index Only Scan using k_5 on sbtest5  (cost=0.43..10.51 rows=104 width=4)
	  Index Cond: ((k >= 7320855) AND (k <= 7320955))

table 6 : explain SELECT k FROM sbtest6 WHERE k BETWEEN 7320855 AND 7320955
	Index Only Scan using k_6 on sbtest6  (cost=0.43..6.74 rows=115 width=4)
	  Index Cond: ((k >= 7320855) AND (k <= 7320955))

table 7 : explain SELECT k FROM sbtest7 WHERE k BETWEEN 7320855 AND 7320955
	Index Only Scan using k_7 on sbtest7  (cost=0.43..10.42 rows=99 width=4)
	  Index Cond: ((k >= 7320855) AND (k <= 7320955))

table 8 : explain SELECT k FROM sbtest8 WHERE k BETWEEN 7320855 AND 7320955
	Index Only Scan using k_8 on sbtest8  (cost=0.43..10.32 rows=94 width=4)
	  Index Cond: ((k >= 7320855) AND (k <= 7320955))

explain: for range-covered :: explain SELECT k FROM sbtest%d WHERE k BETWEEN 6211901 AND 6212001
explain: for range-covered :: explain SELECT k FROM sbtest%d WHERE k BETWEEN 7320855 AND 7320955
for range-covered
table 1 : explain SELECT k FROM sbtest1 WHERE k BETWEEN 5584708 AND 5584808
	Index Only Scan using k_1 on sbtest1  (cost=0.43..10.36 rows=96 width=4)
	  Index Cond: ((k >= 5584708) AND (k <= 5584808))

table 2 : explain SELECT k FROM sbtest2 WHERE k BETWEEN 5584708 AND 5584808
	Index Only Scan using k_2 on sbtest2  (cost=0.43..6.61 rows=109 width=4)
	  Index Cond: ((k >= 5584708) AND (k <= 5584808))

table 3 : explain SELECT k FROM sbtest3 WHERE k BETWEEN 5584708 AND 5584808
	Index Only Scan using k_3 on sbtest3  (cost=0.43..6.50 rows=103 width=4)
	  Index Cond: ((k >= 5584708) AND (k <= 5584808))

table 4 : explain SELECT k FROM sbtest4 WHERE k BETWEEN 5584708 AND 5584808
	Index Only Scan using k_4 on sbtest4  (cost=0.43..6.47 rows=102 width=4)
	  Index Cond: ((k >= 5584708) AND (k <= 5584808))

table 5 : explain SELECT k FROM sbtest5 WHERE k BETWEEN 5584708 AND 5584808
	Index Only Scan using k_5 on sbtest5  (cost=0.43..10.32 rows=94 width=4)
	  Index Cond: ((k >= 5584708) AND (k <= 5584808))

table 6 : explain SELECT k FROM sbtest6 WHERE k BETWEEN 5584708 AND 5584808
	Index Only Scan using k_6 on sbtest6  (cost=0.43..6.50 rows=103 width=4)
	  Index Cond: ((k >= 5584708) AND (k <= 5584808))

table 7 : explain SELECT k FROM sbtest7 WHERE k BETWEEN 5584708 AND 5584808
	Index Only Scan using k_7 on sbtest7  (cost=0.43..10.54 rows=105 width=4)
	  Index Cond: ((k >= 5584708) AND (k <= 5584808))

table 8 : explain SELECT k FROM sbtest8 WHERE k BETWEEN 5584708 AND 5584808
	Index Only Scan using k_8 on sbtest8  (cost=0.43..10.65 rows=111 width=4)
	  Index Cond: ((k >= 5584708) AND (k <= 5584808))

for range-covered
table 1 : explain SELECT k FROM sbtest1 WHERE k BETWEEN 1745646 AND 1745746
	Index Only Scan using k_1 on sbtest1  (cost=0.43..10.47 rows=102 width=4)
	  Index Cond: ((k >= 1745646) AND (k <= 1745746))

table 2 : explain SELECT k FROM sbtest2 WHERE k BETWEEN 1745646 AND 1745746
	Index Only Scan using k_2 on sbtest2  (cost=0.43..6.47 rows=102 width=4)
	  Index Cond: ((k >= 1745646) AND (k <= 1745746))

table 3 : explain SELECT k FROM sbtest3 WHERE k BETWEEN 1745646 AND 1745746
	Index Only Scan using k_3 on sbtest3  (cost=0.43..6.43 rows=100 width=4)
	  Index Cond: ((k >= 1745646) AND (k <= 1745746))

table 4 : explain SELECT k FROM sbtest4 WHERE k BETWEEN 1745646 AND 1745746
	Index Only Scan using k_4 on sbtest4  (cost=0.43..6.42 rows=99 width=4)
	  Index Cond: ((k >= 1745646) AND (k <= 1745746))

table 5 : explain SELECT k FROM sbtest5 WHERE k BETWEEN 1745646 AND 1745746
	Index Only Scan using k_5 on sbtest5  (cost=0.43..10.42 rows=99 width=4)
	  Index Cond: ((k >= 1745646) AND (k <= 1745746))

table 6 : explain SELECT k FROM sbtest6 WHERE k BETWEEN 1745646 AND 1745746
	Index Only Scan using k_6 on sbtest6  (cost=0.43..6.50 rows=103 width=4)
	  Index Cond: ((k >= 1745646) AND (k <= 1745746))

table 7 : explain SELECT k FROM sbtest7 WHERE k BETWEEN 1745646 AND 1745746
	Index Only Scan using k_7 on sbtest7  (cost=0.43..10.44 rows=100 width=4)
	  Index Cond: ((k >= 1745646) AND (k <= 1745746))

table 8 : explain SELECT k FROM sbtest8 WHERE k BETWEEN 1745646 AND 1745746
	Index Only Scan using k_8 on sbtest8  (cost=0.43..10.70 rows=113 width=4)
	  Index Cond: ((k >= 1745646) AND (k <= 1745746))

explain: for range-covered :: explain SELECT k FROM sbtest%d WHERE k BETWEEN 1745646 AND 1745746
for range-covered
table 1 : explain SELECT k FROM sbtest1 WHERE k BETWEEN 3672970 AND 3673070
	Index Only Scan using k_1 on sbtest1  (cost=0.43..10.50 rows=103 width=4)
	  Index Cond: ((k >= 3672970) AND (k <= 3673070))

table 2 : explain SELECT k FROM sbtest2 WHERE k BETWEEN 3672970 AND 3673070
	Index Only Scan using k_2 on sbtest2  (cost=0.43..6.32 rows=94 width=4)
	  Index Cond: ((k >= 3672970) AND (k <= 3673070))

table 3 : explain SELECT k FROM sbtest3 WHERE k BETWEEN 3672970 AND 3673070
	Index Only Scan using k_3 on sbtest3  (cost=0.43..6.19 rows=88 width=4)
	  Index Cond: ((k >= 3672970) AND (k <= 3673070))

table 4 : explain SELECT k FROM sbtest4 WHERE k BETWEEN 3672970 AND 3673070
	Index Only Scan using k_4 on sbtest4  (cost=0.43..6.69 rows=113 width=4)
	  Index Cond: ((k >= 3672970) AND (k <= 3673070))

table 5 : explain SELECT k FROM sbtest5 WHERE k BETWEEN 3672970 AND 3673070
	Index Only Scan using k_5 on sbtest5  (cost=0.43..10.62 rows=109 width=4)
	  Index Cond: ((k >= 3672970) AND (k <= 3673070))

table 6 : explain SELECT k FROM sbtest6 WHERE k BETWEEN 3672970 AND 3673070
	Index Only Scan using k_6 on sbtest6  (cost=0.43..6.51 rows=104 width=4)
	  Index Cond: ((k >= 3672970) AND (k <= 3673070))

table 7 : explain SELECT k FROM sbtest7 WHERE k BETWEEN 3672970 AND 3673070
	Index Only Scan using k_7 on sbtest7  (cost=0.43..10.36 rows=96 width=4)
	  Index Cond: ((k >= 3672970) AND (k <= 3673070))

table 8 : explain SELECT k FROM sbtest8 WHERE k BETWEEN 3672970 AND 3673070
	Index Only Scan using k_8 on sbtest8  (cost=0.43..10.40 rows=98 width=4)
	  Index Cond: ((k >= 3672970) AND (k <= 3673070))

explain: for range-covered :: explain SELECT k FROM sbtest%d WHERE k BETWEEN 3672970 AND 3673070
for range-covered
table 1 : explain SELECT k FROM sbtest1 WHERE k BETWEEN 1745646 AND 1745746
	Index Only Scan using k_1 on sbtest1  (cost=0.43..10.47 rows=102 width=4)
	  Index Cond: ((k >= 1745646) AND (k <= 1745746))

table 2 : explain SELECT k FROM sbtest2 WHERE k BETWEEN 1745646 AND 1745746
	Index Only Scan using k_2 on sbtest2  (cost=0.43..6.47 rows=102 width=4)
	  Index Cond: ((k >= 1745646) AND (k <= 1745746))

table 3 : explain SELECT k FROM sbtest3 WHERE k BETWEEN 1745646 AND 1745746
	Index Only Scan using k_3 on sbtest3  (cost=0.43..6.43 rows=100 width=4)
	  Index Cond: ((k >= 1745646) AND (k <= 1745746))

table 4 : explain SELECT k FROM sbtest4 WHERE k BETWEEN 1745646 AND 1745746
	Index Only Scan using k_4 on sbtest4  (cost=0.43..6.42 rows=99 width=4)
	  Index Cond: ((k >= 1745646) AND (k <= 1745746))

table 5 : explain SELECT k FROM sbtest5 WHERE k BETWEEN 1745646 AND 1745746
	Index Only Scan using k_5 on sbtest5  (cost=0.43..10.42 rows=99 width=4)
	  Index Cond: ((k >= 1745646) AND (k <= 1745746))

table 6 : explain SELECT k FROM sbtest6 WHERE k BETWEEN 1745646 AND 1745746
	Index Only Scan using k_6 on sbtest6  (cost=0.43..6.50 rows=103 width=4)
	  Index Cond: ((k >= 1745646) AND (k <= 1745746))

table 7 : explain SELECT k FROM sbtest7 WHERE k BETWEEN 1745646 AND 1745746
	Index Only Scan using k_7 on sbtest7  (cost=0.43..10.44 rows=100 width=4)
	  Index Cond: ((k >= 1745646) AND (k <= 1745746))

table 8 : explain SELECT k FROM sbtest8 WHERE k BETWEEN 1745646 AND 1745746
	Index Only Scan using k_8 on sbtest8  (cost=0.43..10.70 rows=113 width=4)
	  Index Cond: ((k >= 1745646) AND (k <= 1745746))

explain: for range-covered :: explain SELECT k FROM sbtest%d WHERE k BETWEEN 1745646 AND 1745746
for range-covered
table 1 : explain SELECT k FROM sbtest1 WHERE k BETWEEN 6211901 AND 6212001
	Index Only Scan using k_1 on sbtest1  (cost=0.43..10.60 rows=108 width=4)
	  Index Cond: ((k >= 6211901) AND (k <= 6212001))

table 2 : explain SELECT k FROM sbtest2 WHERE k BETWEEN 6211901 AND 6212001
	Index Only Scan using k_2 on sbtest2  (cost=0.43..6.32 rows=94 width=4)
	  Index Cond: ((k >= 6211901) AND (k <= 6212001))

table 3 : explain SELECT k FROM sbtest3 WHERE k BETWEEN 6211901 AND 6212001
	Index Only Scan using k_3 on sbtest3  (cost=0.43..6.56 rows=106 width=4)
	  Index Cond: ((k >= 6211901) AND (k <= 6212001))

table 4 : explain SELECT k FROM sbtest4 WHERE k BETWEEN 6211901 AND 6212001
	Index Only Scan using k_4 on sbtest4  (cost=0.43..6.47 rows=102 width=4)
	  Index Cond: ((k >= 6211901) AND (k <= 6212001))

table 5 : explain SELECT k FROM sbtest5 WHERE k BETWEEN 6211901 AND 6212001
	Index Only Scan using k_5 on sbtest5  (cost=0.43..10.63 rows=110 width=4)
	  Index Cond: ((k >= 6211901) AND (k <= 6212001))

table 6 : explain SELECT k FROM sbtest6 WHERE k BETWEEN 6211901 AND 6212001
	Index Only Scan using k_6 on sbtest6  (cost=0.43..6.56 rows=106 width=4)
	  Index Cond: ((k >= 6211901) AND (k <= 6212001))

table 7 : explain SELECT k FROM sbtest7 WHERE k BETWEEN 6211901 AND 6212001
	Index Only Scan using k_7 on sbtest7  (cost=0.43..10.47 rows=102 width=4)
	  Index Cond: ((k >= 6211901) AND (k <= 6212001))

table 8 : explain SELECT k FROM sbtest8 WHERE k BETWEEN 6211901 AND 6212001
	Index Only Scan using k_8 on sbtest8  (cost=0.43..10.47 rows=102 width=4)
	  Index Cond: ((k >= 6211901) AND (k <= 6212001))

for range-covered
table 1 : explain SELECT k FROM sbtest1 WHERE k BETWEEN 3672970 AND 3673070
	Index Only Scan using k_1 on sbtest1  (cost=0.43..10.50 rows=103 width=4)
	  Index Cond: ((k >= 3672970) AND (k <= 3673070))

table 2 : explain SELECT k FROM sbtest2 WHERE k BETWEEN 3672970 AND 3673070
	Index Only Scan using k_2 on sbtest2  (cost=0.43..6.32 rows=94 width=4)
	  Index Cond: ((k >= 3672970) AND (k <= 3673070))

table 3 : explain SELECT k FROM sbtest3 WHERE k BETWEEN 3672970 AND 3673070
	Index Only Scan using k_3 on sbtest3  (cost=0.43..6.19 rows=88 width=4)
	  Index Cond: ((k >= 3672970) AND (k <= 3673070))

table 4 : explain SELECT k FROM sbtest4 WHERE k BETWEEN 3672970 AND 3673070
	Index Only Scan using k_4 on sbtest4  (cost=0.43..6.69 rows=113 width=4)
	  Index Cond: ((k >= 3672970) AND (k <= 3673070))

table 5 : explain SELECT k FROM sbtest5 WHERE k BETWEEN 3672970 AND 3673070
	Index Only Scan using k_5 on sbtest5  (cost=0.43..10.62 rows=109 width=4)
	  Index Cond: ((k >= 3672970) AND (k <= 3673070))

table 6 : explain SELECT k FROM sbtest6 WHERE k BETWEEN 3672970 AND 3673070
	Index Only Scan using k_6 on sbtest6  (cost=0.43..6.51 rows=104 width=4)
	  Index Cond: ((k >= 3672970) AND (k <= 3673070))

table 7 : explain SELECT k FROM sbtest7 WHERE k BETWEEN 3672970 AND 3673070
	Index Only Scan using k_7 on sbtest7  (cost=0.43..10.36 rows=96 width=4)
	  Index Cond: ((k >= 3672970) AND (k <= 3673070))

table 8 : explain SELECT k FROM sbtest8 WHERE k BETWEEN 3672970 AND 3673070
	Index Only Scan using k_8 on sbtest8  (cost=0.43..10.40 rows=98 width=4)
	  Index Cond: ((k >= 3672970) AND (k <= 3673070))

for range-covered
table 1 : explain SELECT k FROM sbtest1 WHERE k BETWEEN 7320855 AND 7320955
	Index Only Scan using k_1 on sbtest1  (cost=0.43..10.40 rows=98 width=4)
	  Index Cond: ((k >= 7320855) AND (k <= 7320955))

table 2 : explain SELECT k FROM sbtest2 WHERE k BETWEEN 7320855 AND 7320955
	Index Only Scan using k_2 on sbtest2  (cost=0.43..6.29 rows=93 width=4)
	  Index Cond: ((k >= 7320855) AND (k <= 7320955))

table 3 : explain SELECT k FROM sbtest3 WHERE k BETWEEN 7320855 AND 7320955
	Index Only Scan using k_3 on sbtest3  (cost=0.43..6.43 rows=100 width=4)
	  Index Cond: ((k >= 7320855) AND (k <= 7320955))

table 4 : explain SELECT k FROM sbtest4 WHERE k BETWEEN 7320855 AND 7320955
	Index Only Scan using k_4 on sbtest4  (cost=0.43..6.43 rows=100 width=4)
	  Index Cond: ((k >= 7320855) AND (k <= 7320955))

table 5 : explain SELECT k FROM sbtest5 WHERE k BETWEEN 7320855 AND 7320955
	Index Only Scan using k_5 on sbtest5  (cost=0.43..10.51 rows=104 width=4)
	  Index Cond: ((k >= 7320855) AND (k <= 7320955))

table 6 : explain SELECT k FROM sbtest6 WHERE k BETWEEN 7320855 AND 7320955
	Index Only Scan using k_6 on sbtest6  (cost=0.43..6.74 rows=115 width=4)
	  Index Cond: ((k >= 7320855) AND (k <= 7320955))

table 7 : explain SELECT k FROM sbtest7 WHERE k BETWEEN 7320855 AND 7320955
	Index Only Scan using k_7 on sbtest7  (cost=0.43..10.42 rows=99 width=4)
	  Index Cond: ((k >= 7320855) AND (k <= 7320955))

table 8 : explain SELECT k FROM sbtest8 WHERE k BETWEEN 7320855 AND 7320955
	Index Only Scan using k_8 on sbtest8  (cost=0.43..10.32 rows=94 width=4)
	  Index Cond: ((k >= 7320855) AND (k <= 7320955))

explain: for range-covered :: explain SELECT k FROM sbtest%d WHERE k BETWEEN 3672970 AND 3673070
for range-covered
table 1 : explain SELECT k FROM sbtest1 WHERE k BETWEEN 4709459 AND 4709559
	Index Only Scan using k_1 on sbtest1  (cost=0.43..10.40 rows=98 width=4)
	  Index Cond: ((k >= 4709459) AND (k <= 4709559))

table 2 : explain SELECT k FROM sbtest2 WHERE k BETWEEN 4709459 AND 4709559
	Index Only Scan using k_2 on sbtest2  (cost=0.43..6.42 rows=99 width=4)
	  Index Cond: ((k >= 4709459) AND (k <= 4709559))

table 3 : explain SELECT k FROM sbtest3 WHERE k BETWEEN 4709459 AND 4709559
	Index Only Scan using k_3 on sbtest3  (cost=0.43..6.42 rows=99 width=4)
	  Index Cond: ((k >= 4709459) AND (k <= 4709559))

table 4 : explain SELECT k FROM sbtest4 WHERE k BETWEEN 4709459 AND 4709559
	Index Only Scan using k_4 on sbtest4  (cost=0.43..6.66 rows=111 width=4)
	  Index Cond: ((k >= 4709459) AND (k <= 4709559))

table 5 : explain SELECT k FROM sbtest5 WHERE k BETWEEN 4709459 AND 4709559
	Index Only Scan using k_5 on sbtest5  (cost=0.43..10.29 rows=93 width=4)
	  Index Cond: ((k >= 4709459) AND (k <= 4709559))

table 6 : explain SELECT k FROM sbtest6 WHERE k BETWEEN 4709459 AND 4709559
	Index Only Scan using k_6 on sbtest6  (cost=0.43..6.63 rows=110 width=4)
	  Index Cond: ((k >= 4709459) AND (k <= 4709559))

table 7 : explain SELECT k FROM sbtest7 WHERE k BETWEEN 4709459 AND 4709559
	Index Only Scan using k_7 on sbtest7  (cost=0.43..10.44 rows=100 width=4)
	  Index Cond: ((k >= 4709459) AND (k <= 4709559))

table 8 : explain SELECT k FROM sbtest8 WHERE k BETWEEN 4709459 AND 4709559
	Index Only Scan using k_8 on sbtest8  (cost=0.43..10.22 rows=89 width=4)
	  Index Cond: ((k >= 4709459) AND (k <= 4709559))

explain: for range-covered :: explain SELECT k FROM sbtest%d WHERE k BETWEEN 4709459 AND 4709559
for range-covered
table 1 : explain SELECT k FROM sbtest1 WHERE k BETWEEN 1745646 AND 1745746
	Index Only Scan using k_1 on sbtest1  (cost=0.43..10.47 rows=102 width=4)
	  Index Cond: ((k >= 1745646) AND (k <= 1745746))

table 2 : explain SELECT k FROM sbtest2 WHERE k BETWEEN 1745646 AND 1745746
	Index Only Scan using k_2 on sbtest2  (cost=0.43..6.47 rows=102 width=4)
	  Index Cond: ((k >= 1745646) AND (k <= 1745746))

table 3 : explain SELECT k FROM sbtest3 WHERE k BETWEEN 1745646 AND 1745746
	Index Only Scan using k_3 on sbtest3  (cost=0.43..6.43 rows=100 width=4)
	  Index Cond: ((k >= 1745646) AND (k <= 1745746))

table 4 : explain SELECT k FROM sbtest4 WHERE k BETWEEN 1745646 AND 1745746
	Index Only Scan using k_4 on sbtest4  (cost=0.43..6.42 rows=99 width=4)
	  Index Cond: ((k >= 1745646) AND (k <= 1745746))

table 5 : explain SELECT k FROM sbtest5 WHERE k BETWEEN 1745646 AND 1745746
	Index Only Scan using k_5 on sbtest5  (cost=0.43..10.42 rows=99 width=4)
	  Index Cond: ((k >= 1745646) AND (k <= 1745746))

table 6 : explain SELECT k FROM sbtest6 WHERE k BETWEEN 1745646 AND 1745746
	Index Only Scan using k_6 on sbtest6  (cost=0.43..6.50 rows=103 width=4)
	  Index Cond: ((k >= 1745646) AND (k <= 1745746))

table 7 : explain SELECT k FROM sbtest7 WHERE k BETWEEN 1745646 AND 1745746
	Index Only Scan using k_7 on sbtest7  (cost=0.43..10.44 rows=100 width=4)
	  Index Cond: ((k >= 1745646) AND (k <= 1745746))

table 8 : explain SELECT k FROM sbtest8 WHERE k BETWEEN 1745646 AND 1745746
	Index Only Scan using k_8 on sbtest8  (cost=0.43..10.70 rows=113 width=4)
	  Index Cond: ((k >= 1745646) AND (k <= 1745746))

explain: for range-covered :: explain SELECT k FROM sbtest%d WHERE k BETWEEN 1745646 AND 1745746
for range-covered
table 1 : explain SELECT k FROM sbtest1 WHERE k BETWEEN 3672970 AND 3673070
	Index Only Scan using k_1 on sbtest1  (cost=0.43..10.50 rows=103 width=4)
	  Index Cond: ((k >= 3672970) AND (k <= 3673070))

table 2 : explain SELECT k FROM sbtest2 WHERE k BETWEEN 3672970 AND 3673070
	Index Only Scan using k_2 on sbtest2  (cost=0.43..6.32 rows=94 width=4)
	  Index Cond: ((k >= 3672970) AND (k <= 3673070))

table 3 : explain SELECT k FROM sbtest3 WHERE k BETWEEN 3672970 AND 3673070
	Index Only Scan using k_3 on sbtest3  (cost=0.43..6.19 rows=88 width=4)
	  Index Cond: ((k >= 3672970) AND (k <= 3673070))

table 4 : explain SELECT k FROM sbtest4 WHERE k BETWEEN 3672970 AND 3673070
	Index Only Scan using k_4 on sbtest4  (cost=0.43..6.69 rows=113 width=4)
	  Index Cond: ((k >= 3672970) AND (k <= 3673070))

table 5 : explain SELECT k FROM sbtest5 WHERE k BETWEEN 3672970 AND 3673070
	Index Only Scan using k_5 on sbtest5  (cost=0.43..10.62 rows=109 width=4)
	  Index Cond: ((k >= 3672970) AND (k <= 3673070))

table 6 : explain SELECT k FROM sbtest6 WHERE k BETWEEN 3672970 AND 3673070
	Index Only Scan using k_6 on sbtest6  (cost=0.43..6.51 rows=104 width=4)
	  Index Cond: ((k >= 3672970) AND (k <= 3673070))

table 7 : explain SELECT k FROM sbtest7 WHERE k BETWEEN 3672970 AND 3673070
	Index Only Scan using k_7 on sbtest7  (cost=0.43..10.36 rows=96 width=4)
	  Index Cond: ((k >= 3672970) AND (k <= 3673070))

table 8 : explain SELECT k FROM sbtest8 WHERE k BETWEEN 3672970 AND 3673070
	Index Only Scan using k_8 on sbtest8  (cost=0.43..10.40 rows=98 width=4)
	  Index Cond: ((k >= 3672970) AND (k <= 3673070))

explain: for range-covered :: explain SELECT k FROM sbtest%d WHERE k BETWEEN 3672970 AND 3673070
for range-covered
table 1 : explain SELECT k FROM sbtest1 WHERE k BETWEEN 4709459 AND 4709559
	Index Only Scan using k_1 on sbtest1  (cost=0.43..10.40 rows=98 width=4)
	  Index Cond: ((k >= 4709459) AND (k <= 4709559))

table 2 : explain SELECT k FROM sbtest2 WHERE k BETWEEN 4709459 AND 4709559
	Index Only Scan using k_2 on sbtest2  (cost=0.43..6.42 rows=99 width=4)
	  Index Cond: ((k >= 4709459) AND (k <= 4709559))

table 3 : explain SELECT k FROM sbtest3 WHERE k BETWEEN 4709459 AND 4709559
	Index Only Scan using k_3 on sbtest3  (cost=0.43..6.42 rows=99 width=4)
	  Index Cond: ((k >= 4709459) AND (k <= 4709559))

table 4 : explain SELECT k FROM sbtest4 WHERE k BETWEEN 4709459 AND 4709559
	Index Only Scan using k_4 on sbtest4  (cost=0.43..6.66 rows=111 width=4)
	  Index Cond: ((k >= 4709459) AND (k <= 4709559))

table 5 : explain SELECT k FROM sbtest5 WHERE k BETWEEN 4709459 AND 4709559
	Index Only Scan using k_5 on sbtest5  (cost=0.43..10.29 rows=93 width=4)
	  Index Cond: ((k >= 4709459) AND (k <= 4709559))

table 6 : explain SELECT k FROM sbtest6 WHERE k BETWEEN 4709459 AND 4709559
	Index Only Scan using k_6 on sbtest6  (cost=0.43..6.63 rows=110 width=4)
	  Index Cond: ((k >= 4709459) AND (k <= 4709559))

table 7 : explain SELECT k FROM sbtest7 WHERE k BETWEEN 4709459 AND 4709559
	Index Only Scan using k_7 on sbtest7  (cost=0.43..10.44 rows=100 width=4)
	  Index Cond: ((k >= 4709459) AND (k <= 4709559))

table 8 : explain SELECT k FROM sbtest8 WHERE k BETWEEN 4709459 AND 4709559
	Index Only Scan using k_8 on sbtest8  (cost=0.43..10.22 rows=89 width=4)
	  Index Cond: ((k >= 4709459) AND (k <= 4709559))

explain: for range-covered :: explain SELECT k FROM sbtest%d WHERE k BETWEEN 4709459 AND 4709559
for range-covered
table 1 : explain SELECT k FROM sbtest1 WHERE k BETWEEN 1745646 AND 1745746
	Index Only Scan using k_1 on sbtest1  (cost=0.43..10.47 rows=102 width=4)
	  Index Cond: ((k >= 1745646) AND (k <= 1745746))

table 2 : explain SELECT k FROM sbtest2 WHERE k BETWEEN 1745646 AND 1745746
	Index Only Scan using k_2 on sbtest2  (cost=0.43..6.47 rows=102 width=4)
	  Index Cond: ((k >= 1745646) AND (k <= 1745746))

table 3 : explain SELECT k FROM sbtest3 WHERE k BETWEEN 1745646 AND 1745746
	Index Only Scan using k_3 on sbtest3  (cost=0.43..6.43 rows=100 width=4)
	  Index Cond: ((k >= 1745646) AND (k <= 1745746))

table 4 : explain SELECT k FROM sbtest4 WHERE k BETWEEN 1745646 AND 1745746
	Index Only Scan using k_4 on sbtest4  (cost=0.43..6.42 rows=99 width=4)
	  Index Cond: ((k >= 1745646) AND (k <= 1745746))

table 5 : explain SELECT k FROM sbtest5 WHERE k BETWEEN 1745646 AND 1745746
	Index Only Scan using k_5 on sbtest5  (cost=0.43..10.42 rows=99 width=4)
	  Index Cond: ((k >= 1745646) AND (k <= 1745746))

table 6 : explain SELECT k FROM sbtest6 WHERE k BETWEEN 1745646 AND 1745746
	Index Only Scan using k_6 on sbtest6  (cost=0.43..6.50 rows=103 width=4)
	  Index Cond: ((k >= 1745646) AND (k <= 1745746))

table 7 : explain SELECT k FROM sbtest7 WHERE k BETWEEN 1745646 AND 1745746
	Index Only Scan using k_7 on sbtest7  (cost=0.43..10.44 rows=100 width=4)
	  Index Cond: ((k >= 1745646) AND (k <= 1745746))

table 8 : explain SELECT k FROM sbtest8 WHERE k BETWEEN 1745646 AND 1745746
	Index Only Scan using k_8 on sbtest8  (cost=0.43..10.70 rows=113 width=4)
	  Index Cond: ((k >= 1745646) AND (k <= 1745746))

explain: for range-covered :: explain SELECT k FROM sbtest%d WHERE k BETWEEN 1745646 AND 1745746
for range-covered
table 1 : explain SELECT k FROM sbtest1 WHERE k BETWEEN 3672970 AND 3673070
	Index Only Scan using k_1 on sbtest1  (cost=0.43..10.50 rows=103 width=4)
	  Index Cond: ((k >= 3672970) AND (k <= 3673070))

table 2 : explain SELECT k FROM sbtest2 WHERE k BETWEEN 3672970 AND 3673070
	Index Only Scan using k_2 on sbtest2  (cost=0.43..6.32 rows=94 width=4)
	  Index Cond: ((k >= 3672970) AND (k <= 3673070))

table 3 : explain SELECT k FROM sbtest3 WHERE k BETWEEN 3672970 AND 3673070
	Index Only Scan using k_3 on sbtest3  (cost=0.43..6.19 rows=88 width=4)
	  Index Cond: ((k >= 3672970) AND (k <= 3673070))

table 4 : explain SELECT k FROM sbtest4 WHERE k BETWEEN 3672970 AND 3673070
	Index Only Scan using k_4 on sbtest4  (cost=0.43..6.69 rows=113 width=4)
	  Index Cond: ((k >= 3672970) AND (k <= 3673070))

table 5 : explain SELECT k FROM sbtest5 WHERE k BETWEEN 3672970 AND 3673070
	Index Only Scan using k_5 on sbtest5  (cost=0.43..10.62 rows=109 width=4)
	  Index Cond: ((k >= 3672970) AND (k <= 3673070))

table 6 : explain SELECT k FROM sbtest6 WHERE k BETWEEN 3672970 AND 3673070
	Index Only Scan using k_6 on sbtest6  (cost=0.43..6.51 rows=104 width=4)
	  Index Cond: ((k >= 3672970) AND (k <= 3673070))

table 7 : explain SELECT k FROM sbtest7 WHERE k BETWEEN 3672970 AND 3673070
	Index Only Scan using k_7 on sbtest7  (cost=0.43..10.36 rows=96 width=4)
	  Index Cond: ((k >= 3672970) AND (k <= 3673070))

table 8 : explain SELECT k FROM sbtest8 WHERE k BETWEEN 3672970 AND 3673070
	Index Only Scan using k_8 on sbtest8  (cost=0.43..10.40 rows=98 width=4)
	  Index Cond: ((k >= 3672970) AND (k <= 3673070))

explain: for range-covered :: explain SELECT k FROM sbtest%d WHERE k BETWEEN 3672970 AND 3673070
for range-covered
table 1 : explain SELECT k FROM sbtest1 WHERE k BETWEEN 4709459 AND 4709559
	Index Only Scan using k_1 on sbtest1  (cost=0.43..10.40 rows=98 width=4)
	  Index Cond: ((k >= 4709459) AND (k <= 4709559))

table 2 : explain SELECT k FROM sbtest2 WHERE k BETWEEN 4709459 AND 4709559
	Index Only Scan using k_2 on sbtest2  (cost=0.43..6.42 rows=99 width=4)
	  Index Cond: ((k >= 4709459) AND (k <= 4709559))

table 3 : explain SELECT k FROM sbtest3 WHERE k BETWEEN 4709459 AND 4709559
	Index Only Scan using k_3 on sbtest3  (cost=0.43..6.42 rows=99 width=4)
	  Index Cond: ((k >= 4709459) AND (k <= 4709559))

table 4 : explain SELECT k FROM sbtest4 WHERE k BETWEEN 4709459 AND 4709559
	Index Only Scan using k_4 on sbtest4  (cost=0.43..6.66 rows=111 width=4)
	  Index Cond: ((k >= 4709459) AND (k <= 4709559))

table 5 : explain SELECT k FROM sbtest5 WHERE k BETWEEN 4709459 AND 4709559
	Index Only Scan using k_5 on sbtest5  (cost=0.43..10.29 rows=93 width=4)
	  Index Cond: ((k >= 4709459) AND (k <= 4709559))

table 6 : explain SELECT k FROM sbtest6 WHERE k BETWEEN 4709459 AND 4709559
	Index Only Scan using k_6 on sbtest6  (cost=0.43..6.63 rows=110 width=4)
	  Index Cond: ((k >= 4709459) AND (k <= 4709559))

table 7 : explain SELECT k FROM sbtest7 WHERE k BETWEEN 4709459 AND 4709559
	Index Only Scan using k_7 on sbtest7  (cost=0.43..10.44 rows=100 width=4)
	  Index Cond: ((k >= 4709459) AND (k <= 4709559))

table 8 : explain SELECT k FROM sbtest8 WHERE k BETWEEN 4709459 AND 4709559
	Index Only Scan using k_8 on sbtest8  (cost=0.43..10.22 rows=89 width=4)
	  Index Cond: ((k >= 4709459) AND (k <= 4709559))

explain: for range-covered :: explain SELECT k FROM sbtest%d WHERE k BETWEEN 4709459 AND 4709559
for range-covered
table 1 : explain SELECT k FROM sbtest1 WHERE k BETWEEN 1745646 AND 1745746
	Index Only Scan using k_1 on sbtest1  (cost=0.43..10.47 rows=102 width=4)
	  Index Cond: ((k >= 1745646) AND (k <= 1745746))

table 2 : explain SELECT k FROM sbtest2 WHERE k BETWEEN 1745646 AND 1745746
	Index Only Scan using k_2 on sbtest2  (cost=0.43..6.47 rows=102 width=4)
	  Index Cond: ((k >= 1745646) AND (k <= 1745746))

table 3 : explain SELECT k FROM sbtest3 WHERE k BETWEEN 1745646 AND 1745746
	Index Only Scan using k_3 on sbtest3  (cost=0.43..6.43 rows=100 width=4)
	  Index Cond: ((k >= 1745646) AND (k <= 1745746))

table 4 : explain SELECT k FROM sbtest4 WHERE k BETWEEN 1745646 AND 1745746
	Index Only Scan using k_4 on sbtest4  (cost=0.43..6.42 rows=99 width=4)
	  Index Cond: ((k >= 1745646) AND (k <= 1745746))

table 5 : explain SELECT k FROM sbtest5 WHERE k BETWEEN 1745646 AND 1745746
	Index Only Scan using k_5 on sbtest5  (cost=0.43..10.42 rows=99 width=4)
	  Index Cond: ((k >= 1745646) AND (k <= 1745746))

table 6 : explain SELECT k FROM sbtest6 WHERE k BETWEEN 1745646 AND 1745746
	Index Only Scan using k_6 on sbtest6  (cost=0.43..6.50 rows=103 width=4)
	  Index Cond: ((k >= 1745646) AND (k <= 1745746))

table 7 : explain SELECT k FROM sbtest7 WHERE k BETWEEN 1745646 AND 1745746
	Index Only Scan using k_7 on sbtest7  (cost=0.43..10.44 rows=100 width=4)
	  Index Cond: ((k >= 1745646) AND (k <= 1745746))

table 8 : explain SELECT k FROM sbtest8 WHERE k BETWEEN 1745646 AND 1745746
	Index Only Scan using k_8 on sbtest8  (cost=0.43..10.70 rows=113 width=4)
	  Index Cond: ((k >= 1745646) AND (k <= 1745746))

for range-covered
table 1 : explain SELECT k FROM sbtest1 WHERE k BETWEEN 3672970 AND 3673070
	Index Only Scan using k_1 on sbtest1  (cost=0.43..10.50 rows=103 width=4)
	  Index Cond: ((k >= 3672970) AND (k <= 3673070))

table 2 : explain SELECT k FROM sbtest2 WHERE k BETWEEN 3672970 AND 3673070
	Index Only Scan using k_2 on sbtest2  (cost=0.43..6.32 rows=94 width=4)
	  Index Cond: ((k >= 3672970) AND (k <= 3673070))

table 3 : explain SELECT k FROM sbtest3 WHERE k BETWEEN 3672970 AND 3673070
	Index Only Scan using k_3 on sbtest3  (cost=0.43..6.19 rows=88 width=4)
	  Index Cond: ((k >= 3672970) AND (k <= 3673070))

table 4 : explain SELECT k FROM sbtest4 WHERE k BETWEEN 3672970 AND 3673070
	Index Only Scan using k_4 on sbtest4  (cost=0.43..6.69 rows=113 width=4)
	  Index Cond: ((k >= 3672970) AND (k <= 3673070))

table 5 : explain SELECT k FROM sbtest5 WHERE k BETWEEN 3672970 AND 3673070
	Index Only Scan using k_5 on sbtest5  (cost=0.43..10.62 rows=109 width=4)
	  Index Cond: ((k >= 3672970) AND (k <= 3673070))

table 6 : explain SELECT k FROM sbtest6 WHERE k BETWEEN 3672970 AND 3673070
	Index Only Scan using k_6 on sbtest6  (cost=0.43..6.51 rows=104 width=4)
	  Index Cond: ((k >= 3672970) AND (k <= 3673070))

table 7 : explain SELECT k FROM sbtest7 WHERE k BETWEEN 3672970 AND 3673070
	Index Only Scan using k_7 on sbtest7  (cost=0.43..10.36 rows=96 width=4)
	  Index Cond: ((k >= 3672970) AND (k <= 3673070))

table 8 : explain SELECT k FROM sbtest8 WHERE k BETWEEN 3672970 AND 3673070
	Index Only Scan using k_8 on sbtest8  (cost=0.43..10.40 rows=98 width=4)
	  Index Cond: ((k >= 3672970) AND (k <= 3673070))

explain: for range-covered :: explain SELECT k FROM sbtest%d WHERE k BETWEEN 3672970 AND 3673070
for range-covered
table 1 : explain SELECT k FROM sbtest1 WHERE k BETWEEN 4709459 AND 4709559
	Index Only Scan using k_1 on sbtest1  (cost=0.43..10.40 rows=98 width=4)
	  Index Cond: ((k >= 4709459) AND (k <= 4709559))

table 2 : explain SELECT k FROM sbtest2 WHERE k BETWEEN 4709459 AND 4709559
	Index Only Scan using k_2 on sbtest2  (cost=0.43..6.42 rows=99 width=4)
	  Index Cond: ((k >= 4709459) AND (k <= 4709559))

table 3 : explain SELECT k FROM sbtest3 WHERE k BETWEEN 4709459 AND 4709559
	Index Only Scan using k_3 on sbtest3  (cost=0.43..6.42 rows=99 width=4)
	  Index Cond: ((k >= 4709459) AND (k <= 4709559))

table 4 : explain SELECT k FROM sbtest4 WHERE k BETWEEN 4709459 AND 4709559
	Index Only Scan using k_4 on sbtest4  (cost=0.43..6.66 rows=111 width=4)
	  Index Cond: ((k >= 4709459) AND (k <= 4709559))

table 5 : explain SELECT k FROM sbtest5 WHERE k BETWEEN 4709459 AND 4709559
	Index Only Scan using k_5 on sbtest5  (cost=0.43..10.29 rows=93 width=4)
	  Index Cond: ((k >= 4709459) AND (k <= 4709559))

table 6 : explain SELECT k FROM sbtest6 WHERE k BETWEEN 4709459 AND 4709559
	Index Only Scan using k_6 on sbtest6  (cost=0.43..6.63 rows=110 width=4)
	  Index Cond: ((k >= 4709459) AND (k <= 4709559))

table 7 : explain SELECT k FROM sbtest7 WHERE k BETWEEN 4709459 AND 4709559
	Index Only Scan using k_7 on sbtest7  (cost=0.43..10.44 rows=100 width=4)
	  Index Cond: ((k >= 4709459) AND (k <= 4709559))

table 8 : explain SELECT k FROM sbtest8 WHERE k BETWEEN 4709459 AND 4709559
	Index Only Scan using k_8 on sbtest8  (cost=0.43..10.22 rows=89 width=4)
	  Index Cond: ((k >= 4709459) AND (k <= 4709559))

explain: for range-covered :: explain SELECT k FROM sbtest%d WHERE k BETWEEN 4709459 AND 4709559
for range-covered
table 1 : explain SELECT k FROM sbtest1 WHERE k BETWEEN 3672970 AND 3673070
	Index Only Scan using k_1 on sbtest1  (cost=0.43..10.50 rows=103 width=4)
	  Index Cond: ((k >= 3672970) AND (k <= 3673070))

table 2 : explain SELECT k FROM sbtest2 WHERE k BETWEEN 3672970 AND 3673070
	Index Only Scan using k_2 on sbtest2  (cost=0.43..6.32 rows=94 width=4)
	  Index Cond: ((k >= 3672970) AND (k <= 3673070))

table 3 : explain SELECT k FROM sbtest3 WHERE k BETWEEN 3672970 AND 3673070
	Index Only Scan using k_3 on sbtest3  (cost=0.43..6.19 rows=88 width=4)
	  Index Cond: ((k >= 3672970) AND (k <= 3673070))

table 4 : explain SELECT k FROM sbtest4 WHERE k BETWEEN 3672970 AND 3673070
	Index Only Scan using k_4 on sbtest4  (cost=0.43..6.69 rows=113 width=4)
	  Index Cond: ((k >= 3672970) AND (k <= 3673070))

table 5 : explain SELECT k FROM sbtest5 WHERE k BETWEEN 3672970 AND 3673070
	Index Only Scan using k_5 on sbtest5  (cost=0.43..10.62 rows=109 width=4)
	  Index Cond: ((k >= 3672970) AND (k <= 3673070))

table 6 : explain SELECT k FROM sbtest6 WHERE k BETWEEN 3672970 AND 3673070
	Index Only Scan using k_6 on sbtest6  (cost=0.43..6.51 rows=104 width=4)
	  Index Cond: ((k >= 3672970) AND (k <= 3673070))

table 7 : explain SELECT k FROM sbtest7 WHERE k BETWEEN 3672970 AND 3673070
	Index Only Scan using k_7 on sbtest7  (cost=0.43..10.36 rows=96 width=4)
	  Index Cond: ((k >= 3672970) AND (k <= 3673070))

table 8 : explain SELECT k FROM sbtest8 WHERE k BETWEEN 3672970 AND 3673070
	Index Only Scan using k_8 on sbtest8  (cost=0.43..10.40 rows=98 width=4)
	  Index Cond: ((k >= 3672970) AND (k <= 3673070))

explain: for range-covered :: explain SELECT k FROM sbtest%d WHERE k BETWEEN 3672970 AND 3673070
for range-covered
table 1 : explain SELECT k FROM sbtest1 WHERE k BETWEEN 4709459 AND 4709559
	Index Only Scan using k_1 on sbtest1  (cost=0.43..10.40 rows=98 width=4)
	  Index Cond: ((k >= 4709459) AND (k <= 4709559))

table 2 : explain SELECT k FROM sbtest2 WHERE k BETWEEN 4709459 AND 4709559
	Index Only Scan using k_2 on sbtest2  (cost=0.43..6.42 rows=99 width=4)
	  Index Cond: ((k >= 4709459) AND (k <= 4709559))

table 3 : explain SELECT k FROM sbtest3 WHERE k BETWEEN 4709459 AND 4709559
	Index Only Scan using k_3 on sbtest3  (cost=0.43..6.42 rows=99 width=4)
	  Index Cond: ((k >= 4709459) AND (k <= 4709559))

table 4 : explain SELECT k FROM sbtest4 WHERE k BETWEEN 4709459 AND 4709559
	Index Only Scan using k_4 on sbtest4  (cost=0.43..6.66 rows=111 width=4)
	  Index Cond: ((k >= 4709459) AND (k <= 4709559))

table 5 : explain SELECT k FROM sbtest5 WHERE k BETWEEN 4709459 AND 4709559
	Index Only Scan using k_5 on sbtest5  (cost=0.43..10.29 rows=93 width=4)
	  Index Cond: ((k >= 4709459) AND (k <= 4709559))

table 6 : explain SELECT k FROM sbtest6 WHERE k BETWEEN 4709459 AND 4709559
	Index Only Scan using k_6 on sbtest6  (cost=0.43..6.63 rows=110 width=4)
	  Index Cond: ((k >= 4709459) AND (k <= 4709559))

table 7 : explain SELECT k FROM sbtest7 WHERE k BETWEEN 4709459 AND 4709559
	Index Only Scan using k_7 on sbtest7  (cost=0.43..10.44 rows=100 width=4)
	  Index Cond: ((k >= 4709459) AND (k <= 4709559))

table 8 : explain SELECT k FROM sbtest8 WHERE k BETWEEN 4709459 AND 4709559
	Index Only Scan using k_8 on sbtest8  (cost=0.43..10.22 rows=89 width=4)
	  Index Cond: ((k >= 4709459) AND (k <= 4709559))

explain: for range-covered :: explain SELECT k FROM sbtest%d WHERE k BETWEEN 4709459 AND 4709559
for range-covered
table 1 : explain SELECT k FROM sbtest1 WHERE k BETWEEN 3672970 AND 3673070
	Index Only Scan using k_1 on sbtest1  (cost=0.43..10.50 rows=103 width=4)
	  Index Cond: ((k >= 3672970) AND (k <= 3673070))

table 2 : explain SELECT k FROM sbtest2 WHERE k BETWEEN 3672970 AND 3673070
	Index Only Scan using k_2 on sbtest2  (cost=0.43..6.32 rows=94 width=4)
	  Index Cond: ((k >= 3672970) AND (k <= 3673070))

table 3 : explain SELECT k FROM sbtest3 WHERE k BETWEEN 3672970 AND 3673070
	Index Only Scan using k_3 on sbtest3  (cost=0.43..6.19 rows=88 width=4)
	  Index Cond: ((k >= 3672970) AND (k <= 3673070))

table 4 : explain SELECT k FROM sbtest4 WHERE k BETWEEN 3672970 AND 3673070
	Index Only Scan using k_4 on sbtest4  (cost=0.43..6.69 rows=113 width=4)
	  Index Cond: ((k >= 3672970) AND (k <= 3673070))

table 5 : explain SELECT k FROM sbtest5 WHERE k BETWEEN 3672970 AND 3673070
	Index Only Scan using k_5 on sbtest5  (cost=0.43..10.62 rows=109 width=4)
	  Index Cond: ((k >= 3672970) AND (k <= 3673070))

table 6 : explain SELECT k FROM sbtest6 WHERE k BETWEEN 3672970 AND 3673070
	Index Only Scan using k_6 on sbtest6  (cost=0.43..6.51 rows=104 width=4)
	  Index Cond: ((k >= 3672970) AND (k <= 3673070))

table 7 : explain SELECT k FROM sbtest7 WHERE k BETWEEN 3672970 AND 3673070
	Index Only Scan using k_7 on sbtest7  (cost=0.43..10.36 rows=96 width=4)
	  Index Cond: ((k >= 3672970) AND (k <= 3673070))

table 8 : explain SELECT k FROM sbtest8 WHERE k BETWEEN 3672970 AND 3673070
	Index Only Scan using k_8 on sbtest8  (cost=0.43..10.40 rows=98 width=4)
	  Index Cond: ((k >= 3672970) AND (k <= 3673070))

explain: for range-covered :: explain SELECT k FROM sbtest%d WHERE k BETWEEN 3672970 AND 3673070
for range-covered
table 1 : explain SELECT k FROM sbtest1 WHERE k BETWEEN 4709459 AND 4709559
	Index Only Scan using k_1 on sbtest1  (cost=0.43..10.40 rows=98 width=4)
	  Index Cond: ((k >= 4709459) AND (k <= 4709559))

table 2 : explain SELECT k FROM sbtest2 WHERE k BETWEEN 4709459 AND 4709559
	Index Only Scan using k_2 on sbtest2  (cost=0.43..6.42 rows=99 width=4)
	  Index Cond: ((k >= 4709459) AND (k <= 4709559))

table 3 : explain SELECT k FROM sbtest3 WHERE k BETWEEN 4709459 AND 4709559
	Index Only Scan using k_3 on sbtest3  (cost=0.43..6.42 rows=99 width=4)
	  Index Cond: ((k >= 4709459) AND (k <= 4709559))

table 4 : explain SELECT k FROM sbtest4 WHERE k BETWEEN 4709459 AND 4709559
	Index Only Scan using k_4 on sbtest4  (cost=0.43..6.66 rows=111 width=4)
	  Index Cond: ((k >= 4709459) AND (k <= 4709559))

table 5 : explain SELECT k FROM sbtest5 WHERE k BETWEEN 4709459 AND 4709559
	Index Only Scan using k_5 on sbtest5  (cost=0.43..10.29 rows=93 width=4)
	  Index Cond: ((k >= 4709459) AND (k <= 4709559))

table 6 : explain SELECT k FROM sbtest6 WHERE k BETWEEN 4709459 AND 4709559
	Index Only Scan using k_6 on sbtest6  (cost=0.43..6.63 rows=110 width=4)
	  Index Cond: ((k >= 4709459) AND (k <= 4709559))

table 7 : explain SELECT k FROM sbtest7 WHERE k BETWEEN 4709459 AND 4709559
	Index Only Scan using k_7 on sbtest7  (cost=0.43..10.44 rows=100 width=4)
	  Index Cond: ((k >= 4709459) AND (k <= 4709559))

table 8 : explain SELECT k FROM sbtest8 WHERE k BETWEEN 4709459 AND 4709559
	Index Only Scan using k_8 on sbtest8  (cost=0.43..10.22 rows=89 width=4)
	  Index Cond: ((k >= 4709459) AND (k <= 4709559))

explain: for range-covered :: explain SELECT k FROM sbtest%d WHERE k BETWEEN 4709459 AND 4709559
for range-covered
table 1 : explain SELECT k FROM sbtest1 WHERE k BETWEEN 3672970 AND 3673070
	Index Only Scan using k_1 on sbtest1  (cost=0.43..10.50 rows=103 width=4)
	  Index Cond: ((k >= 3672970) AND (k <= 3673070))

table 2 : explain SELECT k FROM sbtest2 WHERE k BETWEEN 3672970 AND 3673070
	Index Only Scan using k_2 on sbtest2  (cost=0.43..6.32 rows=94 width=4)
	  Index Cond: ((k >= 3672970) AND (k <= 3673070))

table 3 : explain SELECT k FROM sbtest3 WHERE k BETWEEN 3672970 AND 3673070
	Index Only Scan using k_3 on sbtest3  (cost=0.43..6.19 rows=88 width=4)
	  Index Cond: ((k >= 3672970) AND (k <= 3673070))

table 4 : explain SELECT k FROM sbtest4 WHERE k BETWEEN 3672970 AND 3673070
	Index Only Scan using k_4 on sbtest4  (cost=0.43..6.69 rows=113 width=4)
	  Index Cond: ((k >= 3672970) AND (k <= 3673070))

table 5 : explain SELECT k FROM sbtest5 WHERE k BETWEEN 3672970 AND 3673070
	Index Only Scan using k_5 on sbtest5  (cost=0.43..10.62 rows=109 width=4)
	  Index Cond: ((k >= 3672970) AND (k <= 3673070))

table 6 : explain SELECT k FROM sbtest6 WHERE k BETWEEN 3672970 AND 3673070
	Index Only Scan using k_6 on sbtest6  (cost=0.43..6.51 rows=104 width=4)
	  Index Cond: ((k >= 3672970) AND (k <= 3673070))

table 7 : explain SELECT k FROM sbtest7 WHERE k BETWEEN 3672970 AND 3673070
	Index Only Scan using k_7 on sbtest7  (cost=0.43..10.36 rows=96 width=4)
	  Index Cond: ((k >= 3672970) AND (k <= 3673070))

table 8 : explain SELECT k FROM sbtest8 WHERE k BETWEEN 3672970 AND 3673070
	Index Only Scan using k_8 on sbtest8  (cost=0.43..10.40 rows=98 width=4)
	  Index Cond: ((k >= 3672970) AND (k <= 3673070))

for range-covered
table 1 : explain SELECT k FROM sbtest1 WHERE k BETWEEN 4709459 AND 4709559
	Index Only Scan using k_1 on sbtest1  (cost=0.43..10.40 rows=98 width=4)
	  Index Cond: ((k >= 4709459) AND (k <= 4709559))

table 2 : explain SELECT k FROM sbtest2 WHERE k BETWEEN 4709459 AND 4709559
	Index Only Scan using k_2 on sbtest2  (cost=0.43..6.42 rows=99 width=4)
	  Index Cond: ((k >= 4709459) AND (k <= 4709559))

table 3 : explain SELECT k FROM sbtest3 WHERE k BETWEEN 4709459 AND 4709559
	Index Only Scan using k_3 on sbtest3  (cost=0.43..6.42 rows=99 width=4)
	  Index Cond: ((k >= 4709459) AND (k <= 4709559))

table 4 : explain SELECT k FROM sbtest4 WHERE k BETWEEN 4709459 AND 4709559
	Index Only Scan using k_4 on sbtest4  (cost=0.43..6.66 rows=111 width=4)
	  Index Cond: ((k >= 4709459) AND (k <= 4709559))

table 5 : explain SELECT k FROM sbtest5 WHERE k BETWEEN 4709459 AND 4709559
	Index Only Scan using k_5 on sbtest5  (cost=0.43..10.29 rows=93 width=4)
	  Index Cond: ((k >= 4709459) AND (k <= 4709559))

table 6 : explain SELECT k FROM sbtest6 WHERE k BETWEEN 4709459 AND 4709559
	Index Only Scan using k_6 on sbtest6  (cost=0.43..6.63 rows=110 width=4)
	  Index Cond: ((k >= 4709459) AND (k <= 4709559))

table 7 : explain SELECT k FROM sbtest7 WHERE k BETWEEN 4709459 AND 4709559
	Index Only Scan using k_7 on sbtest7  (cost=0.43..10.44 rows=100 width=4)
	  Index Cond: ((k >= 4709459) AND (k <= 4709559))

table 8 : explain SELECT k FROM sbtest8 WHERE k BETWEEN 4709459 AND 4709559
	Index Only Scan using k_8 on sbtest8  (cost=0.43..10.22 rows=89 width=4)
	  Index Cond: ((k >= 4709459) AND (k <= 4709559))

explain: for range-covered :: explain SELECT k FROM sbtest%d WHERE k BETWEEN 4709459 AND 4709559
for range-covered
table 1 : explain SELECT k FROM sbtest1 WHERE k BETWEEN 4709459 AND 4709559
	Index Only Scan using k_1 on sbtest1  (cost=0.43..10.40 rows=98 width=4)
	  Index Cond: ((k >= 4709459) AND (k <= 4709559))

table 2 : explain SELECT k FROM sbtest2 WHERE k BETWEEN 4709459 AND 4709559
	Index Only Scan using k_2 on sbtest2  (cost=0.43..6.42 rows=99 width=4)
	  Index Cond: ((k >= 4709459) AND (k <= 4709559))

table 3 : explain SELECT k FROM sbtest3 WHERE k BETWEEN 4709459 AND 4709559
	Index Only Scan using k_3 on sbtest3  (cost=0.43..6.42 rows=99 width=4)
	  Index Cond: ((k >= 4709459) AND (k <= 4709559))

table 4 : explain SELECT k FROM sbtest4 WHERE k BETWEEN 4709459 AND 4709559
	Index Only Scan using k_4 on sbtest4  (cost=0.43..6.66 rows=111 width=4)
	  Index Cond: ((k >= 4709459) AND (k <= 4709559))

table 5 : explain SELECT k FROM sbtest5 WHERE k BETWEEN 4709459 AND 4709559
	Index Only Scan using k_5 on sbtest5  (cost=0.43..10.29 rows=93 width=4)
	  Index Cond: ((k >= 4709459) AND (k <= 4709559))

table 6 : explain SELECT k FROM sbtest6 WHERE k BETWEEN 4709459 AND 4709559
	Index Only Scan using k_6 on sbtest6  (cost=0.43..6.63 rows=110 width=4)
	  Index Cond: ((k >= 4709459) AND (k <= 4709559))

table 7 : explain SELECT k FROM sbtest7 WHERE k BETWEEN 4709459 AND 4709559
	Index Only Scan using k_7 on sbtest7  (cost=0.43..10.44 rows=100 width=4)
	  Index Cond: ((k >= 4709459) AND (k <= 4709559))

table 8 : explain SELECT k FROM sbtest8 WHERE k BETWEEN 4709459 AND 4709559
	Index Only Scan using k_8 on sbtest8  (cost=0.43..10.22 rows=89 width=4)
	  Index Cond: ((k >= 4709459) AND (k <= 4709559))

Threads started!

Warming up for 5 seconds...

SQL statistics:
    queries performed:
        read:                            251903364
        write:                           0
        other:                           0
        total:                           251903364
    transactions:                        251903364 (399841.10 per sec.)
    queries:                             251903364 (399841.10 per sec.)
    ignored errors:                      0      (0.00 per sec.)
    reconnects:                          0      (0.00 per sec.)

Throughput:
    events/s (eps):                      399841.0978
    time elapsed:                        630.0088s
    total number of events:              251903364

Latency (ms):
         min:                                    0.06
         avg:                                    0.10
         max:                                   24.17
         95th percentile:                        0.11
         sum:                             25125474.98

Threads fairness:
    events (avg/stddev):           6297578.3250/30850.28
    execution time (avg/stddev):   628.1369/0.06

