LUA_PATH=/home/mdcallag/git/mytools/bench/sysbench.lua/lua/?.lua /home/mdcallag/git/mytools/bench/sysbench.lua/lua/sysbench --db-driver=pgsql --range-size=10000 --table-size=10000000 --tables=8 --threads=40 --events=0 --warmup-time=5 --time=630 --pgsql_conn_id=true /home/mdcallag/git/mytools/bench/sysbench.lua/lua/oltp_write_only.lua run --pgsql-user=root --pgsql-password=pw --pgsql-host=127.0.0.1 --pgsql-db=ib --rand-type=uniform
48 CPUs
sysbench 1.1.0-9072687 (using bundled LuaJIT 2.1.0-beta3)

Running the test with following options:
Number of threads: 40
Warmup time: 5s
Initializing random number generator from current time


Initializing worker threads...

explain: for index_updates :: explain UPDATE sbtest%u SET k=k+1 WHERE id=%u
explain: for index_updates :: explain UPDATE sbtest%u SET k=k+1 WHERE id=%u
explain: for index_updates :: explain UPDATE sbtest%u SET k=k+1 WHERE id=%u
explain: for index_updates :: explain UPDATE sbtest%u SET k=k+1 WHERE id=%u
explain: for index_updates :: explain UPDATE sbtest%u SET k=k+1 WHERE id=%u
explain: for index_updates :: explain UPDATE sbtest%u SET k=k+1 WHERE id=%u
for index_updates
table 1 : explain UPDATE sbtest1 SET k=k+1 WHERE id=5975486
	Update on sbtest1  (cost=0.43..8.46 rows=1 width=196)
	  ->  Index Scan using sbtest1_pkey on sbtest1  (cost=0.43..8.46 rows=1 width=196)
	        Index Cond: (id = 5975486)

table 2 : explain UPDATE sbtest2 SET k=k+1 WHERE id=7867735
	Update on sbtest2  (cost=0.43..8.46 rows=1 width=196)
	  ->  Index Scan using sbtest2_pkey on sbtest2  (cost=0.43..8.46 rows=1 width=196)
	        Index Cond: (id = 7867735)

table 3 : explain UPDATE sbtest3 SET k=k+1 WHERE id=2159778
	Update on sbtest3  (cost=0.43..8.46 rows=1 width=196)
	  ->  Index Scan using sbtest3_pkey on sbtest3  (cost=0.43..8.46 rows=1 width=196)
	        Index Cond: (id = 2159778)

table 4 : explain UPDATE sbtest4 SET k=k+1 WHERE id=836951
	Update on sbtest4  (cost=0.43..8.46 rows=1 width=196)
	  ->  Index Scan using sbtest4_pkey on sbtest4  (cost=0.43..8.46 rows=1 width=196)
	        Index Cond: (id = 836951)

table 5 : explain UPDATE sbtest5 SET k=k+1 WHERE id=7004347
	Update on sbtest5  (cost=0.43..8.46 rows=1 width=196)
	  ->  Index Scan using sbtest5_pkey on sbtest5  (cost=0.43..8.46 rows=1 width=196)
	        Index Cond: (id = 7004347)

table 6 : explain UPDATE sbtest6 SET k=k+1 WHERE id=2346585
	Update on sbtest6  (cost=0.43..8.46 rows=1 width=196)
	  ->  Index Scan using sbtest6_pkey on sbtest6  (cost=0.43..8.46 rows=1 width=196)
	        Index Cond: (id = 2346585)

table 7 : explain UPDATE sbtest7 SET k=k+1 WHERE id=6559259
	Update on sbtest7  (cost=0.43..8.46 rows=1 width=196)
	  ->  Index Scan using sbtest7_pkey on sbtest7  (cost=0.43..8.46 rows=1 width=196)
	        Index Cond: (id = 6559259)

table 8 : explain UPDATE sbtest8 SET k=k+1 WHERE id=6946927
	Update on sbtest8  (cost=0.43..8.46 rows=1 width=196)
	  ->  Index Scan using sbtest8_pkey on sbtest8  (cost=0.43..8.46 rows=1 width=196)
	        Index Cond: (id = 6946927)

explain: for non_index_updates :: explain UPDATE sbtest%u SET c='foobar' WHERE id=%u
explain: for index_updates :: explain UPDATE sbtest%u SET k=k+1 WHERE id=%u
for index_updates
table 1 : explain UPDATE sbtest1 SET k=k+1 WHERE id=8956078
	Update on sbtest1  (cost=0.43..8.46 rows=1 width=196)
	  ->  Index Scan using sbtest1_pkey on sbtest1  (cost=0.43..8.46 rows=1 width=196)
	        Index Cond: (id = 8956078)

table 2 : explain UPDATE sbtest2 SET k=k+1 WHERE id=8125219
	Update on sbtest2  (cost=0.43..8.46 rows=1 width=196)
	  ->  Index Scan using sbtest2_pkey on sbtest2  (cost=0.43..8.46 rows=1 width=196)
	        Index Cond: (id = 8125219)

table 3 : explain UPDATE sbtest3 SET k=k+1 WHERE id=1626649
	Update on sbtest3  (cost=0.43..8.46 rows=1 width=196)
	  ->  Index Scan using sbtest3_pkey on sbtest3  (cost=0.43..8.46 rows=1 width=196)
	        Index Cond: (id = 1626649)

table 4 : explain UPDATE sbtest4 SET k=k+1 WHERE id=8584670
	Update on sbtest4  (cost=0.43..8.46 rows=1 width=196)
	  ->  Index Scan using sbtest4_pkey on sbtest4  (cost=0.43..8.46 rows=1 width=196)
	        Index Cond: (id = 8584670)

table 5 : explain UPDATE sbtest5 SET k=k+1 WHERE id=7942418
	Update on sbtest5  (cost=0.43..8.46 rows=1 width=196)
	  ->  Index Scan using sbtest5_pkey on sbtest5  (cost=0.43..8.46 rows=1 width=196)
	        Index Cond: (id = 7942418)

table 6 : explain UPDATE sbtest6 SET k=k+1 WHERE id=583958
	Update on sbtest6  (cost=0.43..8.46 rows=1 width=196)
	  ->  Index Scan using sbtest6_pkey on sbtest6  (cost=0.43..8.46 rows=1 width=196)
	        Index Cond: (id = 583958)

table 7 : explain UPDATE sbtest7 SET k=k+1 WHERE id=3695095
	Update on sbtest7  (cost=0.43..8.46 rows=1 width=196)
	  ->  Index Scan using sbtest7_pkey on sbtest7  (cost=0.43..8.46 rows=1 width=196)
	        Index Cond: (id = 3695095)

table 8 : explain UPDATE sbtest8 SET k=k+1 WHERE id=1379842
	Update on sbtest8  (cost=0.43..8.46 rows=1 width=196)
	  ->  Index Scan using sbtest8_pkey on sbtest8  (cost=0.43..8.46 rows=1 width=196)
	        Index Cond: (id = 1379842)

explain: for index_updates :: explain UPDATE sbtest%u SET k=k+1 WHERE id=%u
for non_index_updates
table 1 : explain UPDATE sbtest1 SET c='foobar' WHERE id=6393204
	Update on sbtest1  (cost=0.43..8.45 rows=1 width=559)
	  ->  Index Scan using sbtest1_pkey on sbtest1  (cost=0.43..8.45 rows=1 width=559)
	        Index Cond: (id = 6393204)

table 2 : explain UPDATE sbtest2 SET c='foobar' WHERE id=7982445
	Update on sbtest2  (cost=0.43..8.45 rows=1 width=559)
	  ->  Index Scan using sbtest2_pkey on sbtest2  (cost=0.43..8.45 rows=1 width=559)
	        Index Cond: (id = 7982445)

table 3 : explain UPDATE sbtest3 SET c='foobar' WHERE id=6849367
	Update on sbtest3  (cost=0.43..8.45 rows=1 width=559)
	  ->  Index Scan using sbtest3_pkey on sbtest3  (cost=0.43..8.45 rows=1 width=559)
	        Index Cond: (id = 6849367)

table 4 : explain UPDATE sbtest4 SET c='foobar' WHERE id=8633042
	Update on sbtest4  (cost=0.43..8.45 rows=1 width=559)
	  ->  Index Scan using sbtest4_pkey on sbtest4  (cost=0.43..8.45 rows=1 width=559)
	        Index Cond: (id = 8633042)

table 5 : explain UPDATE sbtest5 SET c='foobar' WHERE id=4950615
	Update on sbtest5  (cost=0.43..8.45 rows=1 width=559)
	  ->  Index Scan using sbtest5_pkey on sbtest5  (cost=0.43..8.45 rows=1 width=559)
	        Index Cond: (id = 4950615)

table 6 : explain UPDATE sbtest6 SET c='foobar' WHERE id=580547
	Update on sbtest6  (cost=0.43..8.45 rows=1 width=559)
	  ->  Index Scan using sbtest6_pkey on sbtest6  (cost=0.43..8.45 rows=1 width=559)
	        Index Cond: (id = 580547)

table 7 : explain UPDATE sbtest7 SET c='foobar' WHERE id=5561444
	Update on sbtest7  (cost=0.43..8.45 rows=1 width=559)
	  ->  Index Scan using sbtest7_pkey on sbtest7  (cost=0.43..8.45 rows=1 width=559)
	        Index Cond: (id = 5561444)

table 8 : explain UPDATE sbtest8 SET c='foobar' WHERE id=8204767
	Update on sbtest8  (cost=0.43..8.45 rows=1 width=559)
	  ->  Index Scan using sbtest8_pkey on sbtest8  (cost=0.43..8.45 rows=1 width=559)
	        Index Cond: (id = 8204767)

explain: for non_index_updates :: explain UPDATE sbtest%u SET c='foobar' WHERE id=%u
for index_updates
table 1 : explain UPDATE sbtest1 SET k=k+1 WHERE id=1905723
	Update on sbtest1  (cost=0.43..8.46 rows=1 width=196)
	  ->  Index Scan using sbtest1_pkey on sbtest1  (cost=0.43..8.46 rows=1 width=196)
	        Index Cond: (id = 1905723)

table 2 : explain UPDATE sbtest2 SET k=k+1 WHERE id=9341889
	Update on sbtest2  (cost=0.43..8.46 rows=1 width=196)
	  ->  Index Scan using sbtest2_pkey on sbtest2  (cost=0.43..8.46 rows=1 width=196)
	        Index Cond: (id = 9341889)

table 3 : explain UPDATE sbtest3 SET k=k+1 WHERE id=9422655
	Update on sbtest3  (cost=0.43..8.46 rows=1 width=196)
	  ->  Index Scan using sbtest3_pkey on sbtest3  (cost=0.43..8.46 rows=1 width=196)
	        Index Cond: (id = 9422655)

table 4 : explain UPDATE sbtest4 SET k=k+1 WHERE id=2582606
	Update on sbtest4  (cost=0.43..8.46 rows=1 width=196)
	  ->  Index Scan using sbtest4_pkey on sbtest4  (cost=0.43..8.46 rows=1 width=196)
	        Index Cond: (id = 2582606)

table 5 : explain UPDATE sbtest5 SET k=k+1 WHERE id=455500
	Update on sbtest5  (cost=0.43..8.46 rows=1 width=196)
	  ->  Index Scan using sbtest5_pkey on sbtest5  (cost=0.43..8.46 rows=1 width=196)
	        Index Cond: (id = 455500)

table 6 : explain UPDATE sbtest6 SET k=k+1 WHERE id=3680401
	Update on sbtest6  (cost=0.43..8.46 rows=1 width=196)
	  ->  Index Scan using sbtest6_pkey on sbtest6  (cost=0.43..8.46 rows=1 width=196)
	        Index Cond: (id = 3680401)

table 7 : explain UPDATE sbtest7 SET k=k+1 WHERE id=6627702
	Update on sbtest7  (cost=0.43..8.46 rows=1 width=196)
	  ->  Index Scan using sbtest7_pkey on sbtest7  (cost=0.43..8.46 rows=1 width=196)
	        Index Cond: (id = 6627702)

table 8 : explain UPDATE sbtest8 SET k=k+1 WHERE id=1557822
	Update on sbtest8  (cost=0.43..8.46 rows=1 width=196)
	  ->  Index Scan using sbtest8_pkey on sbtest8  (cost=0.43..8.46 rows=1 width=196)
	        Index Cond: (id = 1557822)

for non_index_updates
table 1 : explain UPDATE sbtest1 SET c='foobar' WHERE id=5658796
	Update on sbtest1  (cost=0.43..8.45 rows=1 width=559)
	  ->  Index Scan using sbtest1_pkey on sbtest1  (cost=0.43..8.45 rows=1 width=559)
	        Index Cond: (id = 5658796)

table 2 : explain UPDATE sbtest2 SET c='foobar' WHERE id=5349644
	Update on sbtest2  (cost=0.43..8.45 rows=1 width=559)
	  ->  Index Scan using sbtest2_pkey on sbtest2  (cost=0.43..8.45 rows=1 width=559)
	        Index Cond: (id = 5349644)

table 3 : explain UPDATE sbtest3 SET c='foobar' WHERE id=8275595
	Update on sbtest3  (cost=0.43..8.45 rows=1 width=559)
	  ->  Index Scan using sbtest3_pkey on sbtest3  (cost=0.43..8.45 rows=1 width=559)
	        Index Cond: (id = 8275595)

table 4 : explain UPDATE sbtest4 SET c='foobar' WHERE id=2167481
	Update on sbtest4  (cost=0.43..8.45 rows=1 width=559)
	  ->  Index Scan using sbtest4_pkey on sbtest4  (cost=0.43..8.45 rows=1 width=559)
	        Index Cond: (id = 2167481)

table 5 : explain UPDATE sbtest5 SET c='foobar' WHERE id=3155792
	Update on sbtest5  (cost=0.43..8.45 rows=1 width=559)
	  ->  Index Scan using sbtest5_pkey on sbtest5  (cost=0.43..8.45 rows=1 width=559)
	        Index Cond: (id = 3155792)

table 6 : explain UPDATE sbtest6 SET c='foobar' WHERE id=3786485
	Update on sbtest6  (cost=0.43..8.45 rows=1 width=559)
	  ->  Index Scan using sbtest6_pkey on sbtest6  (cost=0.43..8.45 rows=1 width=559)
	        Index Cond: (id = 3786485)

table 7 : explain UPDATE sbtest7 SET c='foobar' WHERE id=571917
	Update on sbtest7  (cost=0.43..8.45 rows=1 width=559)
	  ->  Index Scan using sbtest7_pkey on sbtest7  (cost=0.43..8.45 rows=1 width=559)
	        Index Cond: (id = 571917)

table 8 : explain UPDATE sbtest8 SET c='foobar' WHERE id=8566837
	Update on sbtest8  (cost=0.43..8.45 rows=1 width=559)
	  ->  Index Scan using sbtest8_pkey on sbtest8  (cost=0.43..8.45 rows=1 width=559)
	        Index Cond: (id = 8566837)

explain: for index_updates :: explain UPDATE sbtest%u SET k=k+1 WHERE id=%u
for index_updates
table 1 : explain UPDATE sbtest1 SET k=k+1 WHERE id=4817852
	Update on sbtest1  (cost=0.43..8.46 rows=1 width=196)
	  ->  Index Scan using sbtest1_pkey on sbtest1  (cost=0.43..8.46 rows=1 width=196)
	        Index Cond: (id = 4817852)

table 2 : explain UPDATE sbtest2 SET k=k+1 WHERE id=1988539
	Update on sbtest2  (cost=0.43..8.46 rows=1 width=196)
	  ->  Index Scan using sbtest2_pkey on sbtest2  (cost=0.43..8.46 rows=1 width=196)
	        Index Cond: (id = 1988539)

table 3 : explain UPDATE sbtest3 SET k=k+1 WHERE id=6694337
	Update on sbtest3  (cost=0.43..8.46 rows=1 width=196)
	  ->  Index Scan using sbtest3_pkey on sbtest3  (cost=0.43..8.46 rows=1 width=196)
	        Index Cond: (id = 6694337)

table 4 : explain UPDATE sbtest4 SET k=k+1 WHERE id=186491
	Update on sbtest4  (cost=0.43..8.46 rows=1 width=196)
	  ->  Index Scan using sbtest4_pkey on sbtest4  (cost=0.43..8.46 rows=1 width=196)
	        Index Cond: (id = 186491)

table 5 : explain UPDATE sbtest5 SET k=k+1 WHERE id=2340636
	Update on sbtest5  (cost=0.43..8.46 rows=1 width=196)
	  ->  Index Scan using sbtest5_pkey on sbtest5  (cost=0.43..8.46 rows=1 width=196)
	        Index Cond: (id = 2340636)

table 6 : explain UPDATE sbtest6 SET k=k+1 WHERE id=8682739
	Update on sbtest6  (cost=0.43..8.46 rows=1 width=196)
	  ->  Index Scan using sbtest6_pkey on sbtest6  (cost=0.43..8.46 rows=1 width=196)
	        Index Cond: (id = 8682739)

table 7 : explain UPDATE sbtest7 SET k=k+1 WHERE id=3286591
	Update on sbtest7  (cost=0.43..8.46 rows=1 width=196)
	  ->  Index Scan using sbtest7_pkey on sbtest7  (cost=0.43..8.46 rows=1 width=196)
	        Index Cond: (id = 3286591)

table 8 : explain UPDATE sbtest8 SET k=k+1 WHERE id=1047139
	Update on sbtest8  (cost=0.43..8.46 rows=1 width=196)
	  ->  Index Scan using sbtest8_pkey on sbtest8  (cost=0.43..8.46 rows=1 width=196)
	        Index Cond: (id = 1047139)

explain: for deletes :: explain DELETE FROM sbtest%u WHERE id=%u
explain: for deletes :: explain DELETE FROM sbtest%u WHERE id=%u
explain: for non_index_updates :: explain UPDATE sbtest%u SET c='foobar' WHERE id=%u
for index_updates
table 1 : explain UPDATE sbtest1 SET k=k+1 WHERE id=8909309
	Update on sbtest1  (cost=0.43..8.46 rows=1 width=196)
	  ->  Index Scan using sbtest1_pkey on sbtest1  (cost=0.43..8.46 rows=1 width=196)
	        Index Cond: (id = 8909309)

table 2 : explain UPDATE sbtest2 SET k=k+1 WHERE id=371009
	Update on sbtest2  (cost=0.43..8.46 rows=1 width=196)
	  ->  Index Scan using sbtest2_pkey on sbtest2  (cost=0.43..8.46 rows=1 width=196)
	        Index Cond: (id = 371009)

table 3 : explain UPDATE sbtest3 SET k=k+1 WHERE id=942692
	Update on sbtest3  (cost=0.43..8.46 rows=1 width=196)
	  ->  Index Scan using sbtest3_pkey on sbtest3  (cost=0.43..8.46 rows=1 width=196)
	        Index Cond: (id = 942692)

table 4 : explain UPDATE sbtest4 SET k=k+1 WHERE id=8660375
	Update on sbtest4  (cost=0.43..8.46 rows=1 width=196)
	  ->  Index Scan using sbtest4_pkey on sbtest4  (cost=0.43..8.46 rows=1 width=196)
	        Index Cond: (id = 8660375)

table 5 : explain UPDATE sbtest5 SET k=k+1 WHERE id=5003691
	Update on sbtest5  (cost=0.43..8.46 rows=1 width=196)
	  ->  Index Scan using sbtest5_pkey on sbtest5  (cost=0.43..8.46 rows=1 width=196)
	        Index Cond: (id = 5003691)

table 6 : explain UPDATE sbtest6 SET k=k+1 WHERE id=3224918
	Update on sbtest6  (cost=0.43..8.46 rows=1 width=196)
	  ->  Index Scan using sbtest6_pkey on sbtest6  (cost=0.43..8.46 rows=1 width=196)
	        Index Cond: (id = 3224918)

table 7 : explain UPDATE sbtest7 SET k=k+1 WHERE id=7928838
	Update on sbtest7  (cost=0.43..8.46 rows=1 width=196)
	  ->  Index Scan using sbtest7_pkey on sbtest7  (cost=0.43..8.46 rows=1 width=196)
	        Index Cond: (id = 7928838)

table 8 : explain UPDATE sbtest8 SET k=k+1 WHERE id=7459631
	Update on sbtest8  (cost=0.43..8.46 rows=1 width=196)
	  ->  Index Scan using sbtest8_pkey on sbtest8  (cost=0.43..8.46 rows=1 width=196)
	        Index Cond: (id = 7459631)

for non_index_updates
table 1 : explain UPDATE sbtest1 SET c='foobar' WHERE id=7203195
	Update on sbtest1  (cost=0.43..8.45 rows=1 width=559)
	  ->  Index Scan using sbtest1_pkey on sbtest1  (cost=0.43..8.45 rows=1 width=559)
	        Index Cond: (id = 7203195)

table 2 : explain UPDATE sbtest2 SET c='foobar' WHERE id=1221907
	Update on sbtest2  (cost=0.43..8.45 rows=1 width=559)
	  ->  Index Scan using sbtest2_pkey on sbtest2  (cost=0.43..8.45 rows=1 width=559)
	        Index Cond: (id = 1221907)

table 3 : explain UPDATE sbtest3 SET c='foobar' WHERE id=5605388
	Update on sbtest3  (cost=0.43..8.45 rows=1 width=559)
	  ->  Index Scan using sbtest3_pkey on sbtest3  (cost=0.43..8.45 rows=1 width=559)
	        Index Cond: (id = 5605388)

table 4 : explain UPDATE sbtest4 SET c='foobar' WHERE id=6076969
	Update on sbtest4  (cost=0.43..8.45 rows=1 width=559)
	  ->  Index Scan using sbtest4_pkey on sbtest4  (cost=0.43..8.45 rows=1 width=559)
	        Index Cond: (id = 6076969)

table 5 : explain UPDATE sbtest5 SET c='foobar' WHERE id=4453843
	Update on sbtest5  (cost=0.43..8.45 rows=1 width=559)
	  ->  Index Scan using sbtest5_pkey on sbtest5  (cost=0.43..8.45 rows=1 width=559)
	        Index Cond: (id = 4453843)

table 6 : explain UPDATE sbtest6 SET c='foobar' WHERE id=4315579
	Update on sbtest6  (cost=0.43..8.45 rows=1 width=559)
	  ->  Index Scan using sbtest6_pkey on sbtest6  (cost=0.43..8.45 rows=1 width=559)
	        Index Cond: (id = 4315579)

table 7 : explain UPDATE sbtest7 SET c='foobar' WHERE id=3179055
	Update on sbtest7  (cost=0.43..8.45 rows=1 width=559)
	  ->  Index Scan using sbtest7_pkey on sbtest7  (cost=0.43..8.45 rows=1 width=559)
	        Index Cond: (id = 3179055)

table 8 : explain UPDATE sbtest8 SET c='foobar' WHERE id=5735315
	Update on sbtest8  (cost=0.43..8.45 rows=1 width=559)
	  ->  Index Scan using sbtest8_pkey on sbtest8  (cost=0.43..8.45 rows=1 width=559)
	        Index Cond: (id = 5735315)

explain: for non_index_updates :: explain UPDATE sbtest%u SET c='foobar' WHERE id=%u
explain: for deletes :: explain DELETE FROM sbtest%u WHERE id=%u
for non_index_updates
table 1 : explain UPDATE sbtest1 SET c='foobar' WHERE id=5421640
	Update on sbtest1  (cost=0.43..8.45 rows=1 width=559)
	  ->  Index Scan using sbtest1_pkey on sbtest1  (cost=0.43..8.45 rows=1 width=559)
	        Index Cond: (id = 5421640)

table 2 : explain UPDATE sbtest2 SET c='foobar' WHERE id=4342505
	Update on sbtest2  (cost=0.43..8.45 rows=1 width=559)
	  ->  Index Scan using sbtest2_pkey on sbtest2  (cost=0.43..8.45 rows=1 width=559)
	        Index Cond: (id = 4342505)

table 3 : explain UPDATE sbtest3 SET c='foobar' WHERE id=8544956
	Update on sbtest3  (cost=0.43..8.45 rows=1 width=559)
	  ->  Index Scan using sbtest3_pkey on sbtest3  (cost=0.43..8.45 rows=1 width=559)
	        Index Cond: (id = 8544956)

table 4 : explain UPDATE sbtest4 SET c='foobar' WHERE id=3379529
	Update on sbtest4  (cost=0.43..8.45 rows=1 width=559)
	  ->  Index Scan using sbtest4_pkey on sbtest4  (cost=0.43..8.45 rows=1 width=559)
	        Index Cond: (id = 3379529)

table 5 : explain UPDATE sbtest5 SET c='foobar' WHERE id=3462782
	Update on sbtest5  (cost=0.43..8.45 rows=1 width=559)
	  ->  Index Scan using sbtest5_pkey on sbtest5  (cost=0.43..8.45 rows=1 width=559)
	        Index Cond: (id = 3462782)

table 6 : explain UPDATE sbtest6 SET c='foobar' WHERE id=3404677
	Update on sbtest6  (cost=0.43..8.45 rows=1 width=559)
	  ->  Index Scan using sbtest6_pkey on sbtest6  (cost=0.43..8.45 rows=1 width=559)
	        Index Cond: (id = 3404677)

table 7 : explain UPDATE sbtest7 SET c='foobar' WHERE id=6286852
	Update on sbtest7  (cost=0.43..8.45 rows=1 width=559)
	  ->  Index Scan using sbtest7_pkey on sbtest7  (cost=0.43..8.45 rows=1 width=559)
	        Index Cond: (id = 6286852)

table 8 : explain UPDATE sbtest8 SET c='foobar' WHERE id=6323954
	Update on sbtest8  (cost=0.43..8.45 rows=1 width=559)
	  ->  Index Scan using sbtest8_pkey on sbtest8  (cost=0.43..8.45 rows=1 width=559)
	        Index Cond: (id = 6323954)

explain: for deletes :: explain DELETE FROM sbtest%u WHERE id=%u
for deletes
table 1 : explain DELETE FROM sbtest1 WHERE id=5170188
	Delete on sbtest1  (cost=0.43..8.45 rows=1 width=6)
	  ->  Index Scan using sbtest1_pkey on sbtest1  (cost=0.43..8.45 rows=1 width=6)
	        Index Cond: (id = 5170188)

table 2 : explain DELETE FROM sbtest2 WHERE id=2263224
	Delete on sbtest2  (cost=0.43..8.45 rows=1 width=6)
	  ->  Index Scan using sbtest2_pkey on sbtest2  (cost=0.43..8.45 rows=1 width=6)
	        Index Cond: (id = 2263224)

table 3 : explain DELETE FROM sbtest3 WHERE id=1074896
	Delete on sbtest3  (cost=0.43..8.45 rows=1 width=6)
	  ->  Index Scan using sbtest3_pkey on sbtest3  (cost=0.43..8.45 rows=1 width=6)
	        Index Cond: (id = 1074896)

table 4 : explain DELETE FROM sbtest4 WHERE id=2641236
	Delete on sbtest4  (cost=0.43..8.45 rows=1 width=6)
	  ->  Index Scan using sbtest4_pkey on sbtest4  (cost=0.43..8.45 rows=1 width=6)
	        Index Cond: (id = 2641236)

table 5 : explain DELETE FROM sbtest5 WHERE id=1620179
	Delete on sbtest5  (cost=0.43..8.45 rows=1 width=6)
	  ->  Index Scan using sbtest5_pkey on sbtest5  (cost=0.43..8.45 rows=1 width=6)
	        Index Cond: (id = 1620179)

table 6 : explain DELETE FROM sbtest6 WHERE id=7706863
	Delete on sbtest6  (cost=0.43..8.45 rows=1 width=6)
	  ->  Index Scan using sbtest6_pkey on sbtest6  (cost=0.43..8.45 rows=1 width=6)
	        Index Cond: (id = 7706863)

table 7 : explain DELETE FROM sbtest7 WHERE id=7381475
	Delete on sbtest7  (cost=0.43..8.45 rows=1 width=6)
	  ->  Index Scan using sbtest7_pkey on sbtest7  (cost=0.43..8.45 rows=1 width=6)
	        Index Cond: (id = 7381475)

table 8 : explain DELETE FROM sbtest8 WHERE id=1511168
	Delete on sbtest8  (cost=0.43..8.45 rows=1 width=6)
	  ->  Index Scan using sbtest8_pkey on sbtest8  (cost=0.43..8.45 rows=1 width=6)
	        Index Cond: (id = 1511168)

explain: for index_updates :: explain UPDATE sbtest%u SET k=k+1 WHERE id=%u
explain: for non_index_updates :: explain UPDATE sbtest%u SET c='foobar' WHERE id=%u
for index_updates
table 1 : explain UPDATE sbtest1 SET k=k+1 WHERE id=4953753
	Update on sbtest1  (cost=0.43..8.46 rows=1 width=196)
	  ->  Index Scan using sbtest1_pkey on sbtest1  (cost=0.43..8.46 rows=1 width=196)
	        Index Cond: (id = 4953753)

table 2 : explain UPDATE sbtest2 SET k=k+1 WHERE id=1775853
	Update on sbtest2  (cost=0.43..8.46 rows=1 width=196)
	  ->  Index Scan using sbtest2_pkey on sbtest2  (cost=0.43..8.46 rows=1 width=196)
	        Index Cond: (id = 1775853)

table 3 : explain UPDATE sbtest3 SET k=k+1 WHERE id=3561954
	Update on sbtest3  (cost=0.43..8.46 rows=1 width=196)
	  ->  Index Scan using sbtest3_pkey on sbtest3  (cost=0.43..8.46 rows=1 width=196)
	        Index Cond: (id = 3561954)

table 4 : explain UPDATE sbtest4 SET k=k+1 WHERE id=222533
	Update on sbtest4  (cost=0.43..8.46 rows=1 width=196)
	  ->  Index Scan using sbtest4_pkey on sbtest4  (cost=0.43..8.46 rows=1 width=196)
	        Index Cond: (id = 222533)

table 5 : explain UPDATE sbtest5 SET k=k+1 WHERE id=1096149
	Update on sbtest5  (cost=0.43..8.46 rows=1 width=196)
	  ->  Index Scan using sbtest5_pkey on sbtest5  (cost=0.43..8.46 rows=1 width=196)
	        Index Cond: (id = 1096149)

table 6 : explain UPDATE sbtest6 SET k=k+1 WHERE id=7844028
	Update on sbtest6  (cost=0.43..8.46 rows=1 width=196)
	  ->  Index Scan using sbtest6_pkey on sbtest6  (cost=0.43..8.46 rows=1 width=196)
	        Index Cond: (id = 7844028)

table 7 : explain UPDATE sbtest7 SET k=k+1 WHERE id=6530245
	Update on sbtest7  (cost=0.43..8.46 rows=1 width=196)
	  ->  Index Scan using sbtest7_pkey on sbtest7  (cost=0.43..8.46 rows=1 width=196)
	        Index Cond: (id = 6530245)

table 8 : explain UPDATE sbtest8 SET k=k+1 WHERE id=4570634
	Update on sbtest8  (cost=0.43..8.46 rows=1 width=196)
	  ->  Index Scan using sbtest8_pkey on sbtest8  (cost=0.43..8.46 rows=1 width=196)
	        Index Cond: (id = 4570634)

explain: for index_updates :: explain UPDATE sbtest%u SET k=k+1 WHERE id=%u
explain: for non_index_updates :: explain UPDATE sbtest%u SET c='foobar' WHERE id=%u
for non_index_updates
table 1 : explain UPDATE sbtest1 SET c='foobar' WHERE id=4989545
	Update on sbtest1  (cost=0.43..8.45 rows=1 width=559)
	  ->  Index Scan using sbtest1_pkey on sbtest1  (cost=0.43..8.45 rows=1 width=559)
	        Index Cond: (id = 4989545)

table 2 : explain UPDATE sbtest2 SET c='foobar' WHERE id=5676259
	Update on sbtest2  (cost=0.43..8.45 rows=1 width=559)
	  ->  Index Scan using sbtest2_pkey on sbtest2  (cost=0.43..8.45 rows=1 width=559)
	        Index Cond: (id = 5676259)

table 3 : explain UPDATE sbtest3 SET c='foobar' WHERE id=9177243
	Update on sbtest3  (cost=0.43..8.45 rows=1 width=559)
	  ->  Index Scan using sbtest3_pkey on sbtest3  (cost=0.43..8.45 rows=1 width=559)
	        Index Cond: (id = 9177243)

table 4 : explain UPDATE sbtest4 SET c='foobar' WHERE id=9883679
	Update on sbtest4  (cost=0.43..8.45 rows=1 width=559)
	  ->  Index Scan using sbtest4_pkey on sbtest4  (cost=0.43..8.45 rows=1 width=559)
	        Index Cond: (id = 9883679)

table 5 : explain UPDATE sbtest5 SET c='foobar' WHERE id=5965111
	Update on sbtest5  (cost=0.43..8.45 rows=1 width=559)
	  ->  Index Scan using sbtest5_pkey on sbtest5  (cost=0.43..8.45 rows=1 width=559)
	        Index Cond: (id = 5965111)

table 6 : explain UPDATE sbtest6 SET c='foobar' WHERE id=1362905
	Update on sbtest6  (cost=0.43..8.45 rows=1 width=559)
	  ->  Index Scan using sbtest6_pkey on sbtest6  (cost=0.43..8.45 rows=1 width=559)
	        Index Cond: (id = 1362905)

table 7 : explain UPDATE sbtest7 SET c='foobar' WHERE id=8897184
	Update on sbtest7  (cost=0.43..8.45 rows=1 width=559)
	  ->  Index Scan using sbtest7_pkey on sbtest7  (cost=0.43..8.45 rows=1 width=559)
	        Index Cond: (id = 8897184)

table 8 : explain UPDATE sbtest8 SET c='foobar' WHERE id=7296721
	Update on sbtest8  (cost=0.43..8.45 rows=1 width=559)
	  ->  Index Scan using sbtest8_pkey on sbtest8  (cost=0.43..8.45 rows=1 width=559)
	        Index Cond: (id = 7296721)

explain: for deletes :: explain DELETE FROM sbtest%u WHERE id=%u
for non_index_updates
table 1 : explain UPDATE sbtest1 SET c='foobar' WHERE id=9695456
	Update on sbtest1  (cost=0.43..8.45 rows=1 width=559)
	  ->  Index Scan using sbtest1_pkey on sbtest1  (cost=0.43..8.45 rows=1 width=559)
	        Index Cond: (id = 9695456)

table 2 : explain UPDATE sbtest2 SET c='foobar' WHERE id=2928066
	Update on sbtest2  (cost=0.43..8.45 rows=1 width=559)
	  ->  Index Scan using sbtest2_pkey on sbtest2  (cost=0.43..8.45 rows=1 width=559)
	        Index Cond: (id = 2928066)

table 3 : explain UPDATE sbtest3 SET c='foobar' WHERE id=904182
	Update on sbtest3  (cost=0.43..8.45 rows=1 width=559)
	  ->  Index Scan using sbtest3_pkey on sbtest3  (cost=0.43..8.45 rows=1 width=559)
	        Index Cond: (id = 904182)

table 4 : explain UPDATE sbtest4 SET c='foobar' WHERE id=8407927
	Update on sbtest4  (cost=0.43..8.45 rows=1 width=559)
	  ->  Index Scan using sbtest4_pkey on sbtest4  (cost=0.43..8.45 rows=1 width=559)
	        Index Cond: (id = 8407927)

table 5 : explain UPDATE sbtest5 SET c='foobar' WHERE id=6351733
	Update on sbtest5  (cost=0.43..8.45 rows=1 width=559)
	  ->  Index Scan using sbtest5_pkey on sbtest5  (cost=0.43..8.45 rows=1 width=559)
	        Index Cond: (id = 6351733)

table 6 : explain UPDATE sbtest6 SET c='foobar' WHERE id=7202292
	Update on sbtest6  (cost=0.43..8.45 rows=1 width=559)
	  ->  Index Scan using sbtest6_pkey on sbtest6  (cost=0.43..8.45 rows=1 width=559)
	        Index Cond: (id = 7202292)

table 7 : explain UPDATE sbtest7 SET c='foobar' WHERE id=6112202
	Update on sbtest7  (cost=0.43..8.45 rows=1 width=559)
	  ->  Index Scan using sbtest7_pkey on sbtest7  (cost=0.43..8.45 rows=1 width=559)
	        Index Cond: (id = 6112202)

table 8 : explain UPDATE sbtest8 SET c='foobar' WHERE id=199189
	Update on sbtest8  (cost=0.43..8.45 rows=1 width=559)
	  ->  Index Scan using sbtest8_pkey on sbtest8  (cost=0.43..8.45 rows=1 width=559)
	        Index Cond: (id = 199189)

explain: for deletes :: explain DELETE FROM sbtest%u WHERE id=%u
for deletes
table 1 : explain DELETE FROM sbtest1 WHERE id=226164
	Delete on sbtest1  (cost=0.43..8.45 rows=1 width=6)
	  ->  Index Scan using sbtest1_pkey on sbtest1  (cost=0.43..8.45 rows=1 width=6)
	        Index Cond: (id = 226164)

table 2 : explain DELETE FROM sbtest2 WHERE id=228708
	Delete on sbtest2  (cost=0.43..8.45 rows=1 width=6)
	  ->  Index Scan using sbtest2_pkey on sbtest2  (cost=0.43..8.45 rows=1 width=6)
	        Index Cond: (id = 228708)

table 3 : explain DELETE FROM sbtest3 WHERE id=6409918
	Delete on sbtest3  (cost=0.43..8.45 rows=1 width=6)
	  ->  Index Scan using sbtest3_pkey on sbtest3  (cost=0.43..8.45 rows=1 width=6)
	        Index Cond: (id = 6409918)

table 4 : explain DELETE FROM sbtest4 WHERE id=3567002
	Delete on sbtest4  (cost=0.43..8.45 rows=1 width=6)
	  ->  Index Scan using sbtest4_pkey on sbtest4  (cost=0.43..8.45 rows=1 width=6)
	        Index Cond: (id = 3567002)

table 5 : explain DELETE FROM sbtest5 WHERE id=5740162
	Delete on sbtest5  (cost=0.43..8.45 rows=1 width=6)
	  ->  Index Scan using sbtest5_pkey on sbtest5  (cost=0.43..8.45 rows=1 width=6)
	        Index Cond: (id = 5740162)

table 6 : explain DELETE FROM sbtest6 WHERE id=5734915
	Delete on sbtest6  (cost=0.43..8.45 rows=1 width=6)
	  ->  Index Scan using sbtest6_pkey on sbtest6  (cost=0.43..8.45 rows=1 width=6)
	        Index Cond: (id = 5734915)

table 7 : explain DELETE FROM sbtest7 WHERE id=9658919
	Delete on sbtest7  (cost=0.43..8.45 rows=1 width=6)
	  ->  Index Scan using sbtest7_pkey on sbtest7  (cost=0.43..8.45 rows=1 width=6)
	        Index Cond: (id = 9658919)

table 8 : explain DELETE FROM sbtest8 WHERE id=7842488
	Delete on sbtest8  (cost=0.43..8.45 rows=1 width=6)
	  ->  Index Scan using sbtest8_pkey on sbtest8  (cost=0.43..8.45 rows=1 width=6)
	        Index Cond: (id = 7842488)

for deletes
table 1 : explain DELETE FROM sbtest1 WHERE id=2434516
	Delete on sbtest1  (cost=0.43..8.45 rows=1 width=6)
	  ->  Index Scan using sbtest1_pkey on sbtest1  (cost=0.43..8.45 rows=1 width=6)
	        Index Cond: (id = 2434516)

table 2 : explain DELETE FROM sbtest2 WHERE id=5745849
	Delete on sbtest2  (cost=0.43..8.45 rows=1 width=6)
	  ->  Index Scan using sbtest2_pkey on sbtest2  (cost=0.43..8.45 rows=1 width=6)
	        Index Cond: (id = 5745849)

table 3 : explain DELETE FROM sbtest3 WHERE id=6990346
	Delete on sbtest3  (cost=0.43..8.45 rows=1 width=6)
	  ->  Index Scan using sbtest3_pkey on sbtest3  (cost=0.43..8.45 rows=1 width=6)
	        Index Cond: (id = 6990346)

table 4 : explain DELETE FROM sbtest4 WHERE id=3216319
	Delete on sbtest4  (cost=0.43..8.45 rows=1 width=6)
	  ->  Index Scan using sbtest4_pkey on sbtest4  (cost=0.43..8.45 rows=1 width=6)
	        Index Cond: (id = 3216319)

table 5 : explain DELETE FROM sbtest5 WHERE id=2109393
	Delete on sbtest5  (cost=0.43..8.45 rows=1 width=6)
	  ->  Index Scan using sbtest5_pkey on sbtest5  (cost=0.43..8.45 rows=1 width=6)
	        Index Cond: (id = 2109393)

table 6 : explain DELETE FROM sbtest6 WHERE id=7472578
	Delete on sbtest6  (cost=0.43..8.45 rows=1 width=6)
	  ->  Index Scan using sbtest6_pkey on sbtest6  (cost=0.43..8.45 rows=1 width=6)
	        Index Cond: (id = 7472578)

table 7 : explain DELETE FROM sbtest7 WHERE id=3560916
	Delete on sbtest7  (cost=0.43..8.45 rows=1 width=6)
	  ->  Index Scan using sbtest7_pkey on sbtest7  (cost=0.43..8.45 rows=1 width=6)
	        Index Cond: (id = 3560916)

table 8 : explain DELETE FROM sbtest8 WHERE id=9216992
	Delete on sbtest8  (cost=0.43..8.45 rows=1 width=6)
	  ->  Index Scan using sbtest8_pkey on sbtest8  (cost=0.43..8.45 rows=1 width=6)
	        Index Cond: (id = 9216992)

for deletes
table 1 : explain DELETE FROM sbtest1 WHERE id=6599828
	Delete on sbtest1  (cost=0.43..8.45 rows=1 width=6)
	  ->  Index Scan using sbtest1_pkey on sbtest1  (cost=0.43..8.45 rows=1 width=6)
	        Index Cond: (id = 6599828)

table 2 : explain DELETE FROM sbtest2 WHERE id=4715825
	Delete on sbtest2  (cost=0.43..8.45 rows=1 width=6)
	  ->  Index Scan using sbtest2_pkey on sbtest2  (cost=0.43..8.45 rows=1 width=6)
	        Index Cond: (id = 4715825)

table 3 : explain DELETE FROM sbtest3 WHERE id=2531537
	Delete on sbtest3  (cost=0.43..8.45 rows=1 width=6)
	  ->  Index Scan using sbtest3_pkey on sbtest3  (cost=0.43..8.45 rows=1 width=6)
	        Index Cond: (id = 2531537)

table 4 : explain DELETE FROM sbtest4 WHERE id=6252910
	Delete on sbtest4  (cost=0.43..8.45 rows=1 width=6)
	  ->  Index Scan using sbtest4_pkey on sbtest4  (cost=0.43..8.45 rows=1 width=6)
	        Index Cond: (id = 6252910)

table 5 : explain DELETE FROM sbtest5 WHERE id=5075961
	Delete on sbtest5  (cost=0.43..8.45 rows=1 width=6)
	  ->  Index Scan using sbtest5_pkey on sbtest5  (cost=0.43..8.45 rows=1 width=6)
	        Index Cond: (id = 5075961)

table 6 : explain DELETE FROM sbtest6 WHERE id=4964517
	Delete on sbtest6  (cost=0.43..8.45 rows=1 width=6)
	  ->  Index Scan using sbtest6_pkey on sbtest6  (cost=0.43..8.45 rows=1 width=6)
	        Index Cond: (id = 4964517)

table 7 : explain DELETE FROM sbtest7 WHERE id=704125
	Delete on sbtest7  (cost=0.43..8.45 rows=1 width=6)
	  ->  Index Scan using sbtest7_pkey on sbtest7  (cost=0.43..8.45 rows=1 width=6)
	        Index Cond: (id = 704125)

table 8 : explain DELETE FROM sbtest8 WHERE id=1366931
	Delete on sbtest8  (cost=0.43..8.45 rows=1 width=6)
	  ->  Index Scan using sbtest8_pkey on sbtest8  (cost=0.43..8.45 rows=1 width=6)
	        Index Cond: (id = 1366931)

for index_updates
table 1 : explain UPDATE sbtest1 SET k=k+1 WHERE id=8625389
	Update on sbtest1  (cost=0.43..8.46 rows=1 width=196)
	  ->  Index Scan using sbtest1_pkey on sbtest1  (cost=0.43..8.46 rows=1 width=196)
	        Index Cond: (id = 8625389)

table 2 : explain UPDATE sbtest2 SET k=k+1 WHERE id=6207004
	Update on sbtest2  (cost=0.43..8.46 rows=1 width=196)
	  ->  Index Scan using sbtest2_pkey on sbtest2  (cost=0.43..8.46 rows=1 width=196)
	        Index Cond: (id = 6207004)

table 3 : explain UPDATE sbtest3 SET k=k+1 WHERE id=119043
	Update on sbtest3  (cost=0.43..8.46 rows=1 width=196)
	  ->  Index Scan using sbtest3_pkey on sbtest3  (cost=0.43..8.46 rows=1 width=196)
	        Index Cond: (id = 119043)

table 4 : explain UPDATE sbtest4 SET k=k+1 WHERE id=3109310
	Update on sbtest4  (cost=0.43..8.46 rows=1 width=196)
	  ->  Index Scan using sbtest4_pkey on sbtest4  (cost=0.43..8.46 rows=1 width=196)
	        Index Cond: (id = 3109310)

table 5 : explain UPDATE sbtest5 SET k=k+1 WHERE id=9460441
	Update on sbtest5  (cost=0.43..8.46 rows=1 width=196)
	  ->  Index Scan using sbtest5_pkey on sbtest5  (cost=0.43..8.46 rows=1 width=196)
	        Index Cond: (id = 9460441)

table 6 : explain UPDATE sbtest6 SET k=k+1 WHERE id=8571614
	Update on sbtest6  (cost=0.43..8.46 rows=1 width=196)
	  ->  Index Scan using sbtest6_pkey on sbtest6  (cost=0.43..8.46 rows=1 width=196)
	        Index Cond: (id = 8571614)

table 7 : explain UPDATE sbtest7 SET k=k+1 WHERE id=8256828
	Update on sbtest7  (cost=0.43..8.46 rows=1 width=196)
	  ->  Index Scan using sbtest7_pkey on sbtest7  (cost=0.43..8.46 rows=1 width=196)
	        Index Cond: (id = 8256828)

table 8 : explain UPDATE sbtest8 SET k=k+1 WHERE id=1035686
	Update on sbtest8  (cost=0.43..8.46 rows=1 width=196)
	  ->  Index Scan using sbtest8_pkey on sbtest8  (cost=0.43..8.46 rows=1 width=196)
	        Index Cond: (id = 1035686)

explain: for non_index_updates :: explain UPDATE sbtest%u SET c='foobar' WHERE id=%u
for index_updates
table 1 : explain UPDATE sbtest1 SET k=k+1 WHERE id=2155330
	Update on sbtest1  (cost=0.43..8.46 rows=1 width=196)
	  ->  Index Scan using sbtest1_pkey on sbtest1  (cost=0.43..8.46 rows=1 width=196)
	        Index Cond: (id = 2155330)

table 2 : explain UPDATE sbtest2 SET k=k+1 WHERE id=8508147
	Update on sbtest2  (cost=0.43..8.46 rows=1 width=196)
	  ->  Index Scan using sbtest2_pkey on sbtest2  (cost=0.43..8.46 rows=1 width=196)
	        Index Cond: (id = 8508147)

table 3 : explain UPDATE sbtest3 SET k=k+1 WHERE id=2315675
	Update on sbtest3  (cost=0.43..8.46 rows=1 width=196)
	  ->  Index Scan using sbtest3_pkey on sbtest3  (cost=0.43..8.46 rows=1 width=196)
	        Index Cond: (id = 2315675)

table 4 : explain UPDATE sbtest4 SET k=k+1 WHERE id=1011839
	Update on sbtest4  (cost=0.43..8.46 rows=1 width=196)
	  ->  Index Scan using sbtest4_pkey on sbtest4  (cost=0.43..8.46 rows=1 width=196)
	        Index Cond: (id = 1011839)

table 5 : explain UPDATE sbtest5 SET k=k+1 WHERE id=1660144
	Update on sbtest5  (cost=0.43..8.46 rows=1 width=196)
	  ->  Index Scan using sbtest5_pkey on sbtest5  (cost=0.43..8.46 rows=1 width=196)
	        Index Cond: (id = 1660144)

table 6 : explain UPDATE sbtest6 SET k=k+1 WHERE id=5608255
	Update on sbtest6  (cost=0.43..8.46 rows=1 width=196)
	  ->  Index Scan using sbtest6_pkey on sbtest6  (cost=0.43..8.46 rows=1 width=196)
	        Index Cond: (id = 5608255)

table 7 : explain UPDATE sbtest7 SET k=k+1 WHERE id=9627045
	Update on sbtest7  (cost=0.43..8.46 rows=1 width=196)
	  ->  Index Scan using sbtest7_pkey on sbtest7  (cost=0.43..8.46 rows=1 width=196)
	        Index Cond: (id = 9627045)

table 8 : explain UPDATE sbtest8 SET k=k+1 WHERE id=1722839
	Update on sbtest8  (cost=0.43..8.46 rows=1 width=196)
	  ->  Index Scan using sbtest8_pkey on sbtest8  (cost=0.43..8.46 rows=1 width=196)
	        Index Cond: (id = 1722839)

for index_updates
table 1 : explain UPDATE sbtest1 SET k=k+1 WHERE id=3269536
	Update on sbtest1  (cost=0.43..8.46 rows=1 width=196)
	  ->  Index Scan using sbtest1_pkey on sbtest1  (cost=0.43..8.46 rows=1 width=196)
	        Index Cond: (id = 3269536)

table 2 : explain UPDATE sbtest2 SET k=k+1 WHERE id=801551
	Update on sbtest2  (cost=0.43..8.46 rows=1 width=196)
	  ->  Index Scan using sbtest2_pkey on sbtest2  (cost=0.43..8.46 rows=1 width=196)
	        Index Cond: (id = 801551)

table 3 : explain UPDATE sbtest3 SET k=k+1 WHERE id=4974911
	Update on sbtest3  (cost=0.43..8.46 rows=1 width=196)
	  ->  Index Scan using sbtest3_pkey on sbtest3  (cost=0.43..8.46 rows=1 width=196)
	        Index Cond: (id = 4974911)

table 4 : explain UPDATE sbtest4 SET k=k+1 WHERE id=7146645
	Update on sbtest4  (cost=0.43..8.46 rows=1 width=196)
	  ->  Index Scan using sbtest4_pkey on sbtest4  (cost=0.43..8.46 rows=1 width=196)
	        Index Cond: (id = 7146645)

table 5 : explain UPDATE sbtest5 SET k=k+1 WHERE id=3844199
	Update on sbtest5  (cost=0.43..8.46 rows=1 width=196)
	  ->  Index Scan using sbtest5_pkey on sbtest5  (cost=0.43..8.46 rows=1 width=196)
	        Index Cond: (id = 3844199)

table 6 : explain UPDATE sbtest6 SET k=k+1 WHERE id=7860623
	Update on sbtest6  (cost=0.43..8.46 rows=1 width=196)
	  ->  Index Scan using sbtest6_pkey on sbtest6  (cost=0.43..8.46 rows=1 width=196)
	        Index Cond: (id = 7860623)

table 7 : explain UPDATE sbtest7 SET k=k+1 WHERE id=1283933
	Update on sbtest7  (cost=0.43..8.46 rows=1 width=196)
	  ->  Index Scan using sbtest7_pkey on sbtest7  (cost=0.43..8.46 rows=1 width=196)
	        Index Cond: (id = 1283933)

table 8 : explain UPDATE sbtest8 SET k=k+1 WHERE id=5512228
	Update on sbtest8  (cost=0.43..8.46 rows=1 width=196)
	  ->  Index Scan using sbtest8_pkey on sbtest8  (cost=0.43..8.46 rows=1 width=196)
	        Index Cond: (id = 5512228)

for deletes
table 1 : explain DELETE FROM sbtest1 WHERE id=103352
	Delete on sbtest1  (cost=0.43..8.45 rows=1 width=6)
	  ->  Index Scan using sbtest1_pkey on sbtest1  (cost=0.43..8.45 rows=1 width=6)
	        Index Cond: (id = 103352)

table 2 : explain DELETE FROM sbtest2 WHERE id=2521373
	Delete on sbtest2  (cost=0.43..8.45 rows=1 width=6)
	  ->  Index Scan using sbtest2_pkey on sbtest2  (cost=0.43..8.45 rows=1 width=6)
	        Index Cond: (id = 2521373)

table 3 : explain DELETE FROM sbtest3 WHERE id=2855947
	Delete on sbtest3  (cost=0.43..8.45 rows=1 width=6)
	  ->  Index Scan using sbtest3_pkey on sbtest3  (cost=0.43..8.45 rows=1 width=6)
	        Index Cond: (id = 2855947)

table 4 : explain DELETE FROM sbtest4 WHERE id=1205451
	Delete on sbtest4  (cost=0.43..8.45 rows=1 width=6)
	  ->  Index Scan using sbtest4_pkey on sbtest4  (cost=0.43..8.45 rows=1 width=6)
	        Index Cond: (id = 1205451)

table 5 : explain DELETE FROM sbtest5 WHERE id=1850686
	Delete on sbtest5  (cost=0.43..8.45 rows=1 width=6)
	  ->  Index Scan using sbtest5_pkey on sbtest5  (cost=0.43..8.45 rows=1 width=6)
	        Index Cond: (id = 1850686)

table 6 : explain DELETE FROM sbtest6 WHERE id=7027268
	Delete on sbtest6  (cost=0.43..8.45 rows=1 width=6)
	  ->  Index Scan using sbtest6_pkey on sbtest6  (cost=0.43..8.45 rows=1 width=6)
	        Index Cond: (id = 7027268)

table 7 : explain DELETE FROM sbtest7 WHERE id=4705617
	Delete on sbtest7  (cost=0.43..8.45 rows=1 width=6)
	  ->  Index Scan using sbtest7_pkey on sbtest7  (cost=0.43..8.45 rows=1 width=6)
	        Index Cond: (id = 4705617)

table 8 : explain DELETE FROM sbtest8 WHERE id=3805422
	Delete on sbtest8  (cost=0.43..8.45 rows=1 width=6)
	  ->  Index Scan using sbtest8_pkey on sbtest8  (cost=0.43..8.45 rows=1 width=6)
	        Index Cond: (id = 3805422)

for non_index_updates
table 1 : explain UPDATE sbtest1 SET c='foobar' WHERE id=1617151
	Update on sbtest1  (cost=0.43..8.45 rows=1 width=559)
	  ->  Index Scan using sbtest1_pkey on sbtest1  (cost=0.43..8.45 rows=1 width=559)
	        Index Cond: (id = 1617151)

table 2 : explain UPDATE sbtest2 SET c='foobar' WHERE id=9491886
	Update on sbtest2  (cost=0.43..8.45 rows=1 width=559)
	  ->  Index Scan using sbtest2_pkey on sbtest2  (cost=0.43..8.45 rows=1 width=559)
	        Index Cond: (id = 9491886)

table 3 : explain UPDATE sbtest3 SET c='foobar' WHERE id=6263819
	Update on sbtest3  (cost=0.43..8.45 rows=1 width=559)
	  ->  Index Scan using sbtest3_pkey on sbtest3  (cost=0.43..8.45 rows=1 width=559)
	        Index Cond: (id = 6263819)

table 4 : explain UPDATE sbtest4 SET c='foobar' WHERE id=2005431
	Update on sbtest4  (cost=0.43..8.45 rows=1 width=559)
	  ->  Index Scan using sbtest4_pkey on sbtest4  (cost=0.43..8.45 rows=1 width=559)
	        Index Cond: (id = 2005431)

table 5 : explain UPDATE sbtest5 SET c='foobar' WHERE id=5797231
	Update on sbtest5  (cost=0.43..8.45 rows=1 width=559)
	  ->  Index Scan using sbtest5_pkey on sbtest5  (cost=0.43..8.45 rows=1 width=559)
	        Index Cond: (id = 5797231)

table 6 : explain UPDATE sbtest6 SET c='foobar' WHERE id=2196351
	Update on sbtest6  (cost=0.43..8.45 rows=1 width=559)
	  ->  Index Scan using sbtest6_pkey on sbtest6  (cost=0.43..8.45 rows=1 width=559)
	        Index Cond: (id = 2196351)

table 7 : explain UPDATE sbtest7 SET c='foobar' WHERE id=3131418
	Update on sbtest7  (cost=0.43..8.45 rows=1 width=559)
	  ->  Index Scan using sbtest7_pkey on sbtest7  (cost=0.43..8.45 rows=1 width=559)
	        Index Cond: (id = 3131418)

table 8 : explain UPDATE sbtest8 SET c='foobar' WHERE id=2408390
	Update on sbtest8  (cost=0.43..8.45 rows=1 width=559)
	  ->  Index Scan using sbtest8_pkey on sbtest8  (cost=0.43..8.45 rows=1 width=559)
	        Index Cond: (id = 2408390)

explain: for non_index_updates :: explain UPDATE sbtest%u SET c='foobar' WHERE id=%u
explain: for index_updates :: explain UPDATE sbtest%u SET k=k+1 WHERE id=%u
for non_index_updates
table 1 : explain UPDATE sbtest1 SET c='foobar' WHERE id=2908565
	Update on sbtest1  (cost=0.43..8.45 rows=1 width=559)
	  ->  Index Scan using sbtest1_pkey on sbtest1  (cost=0.43..8.45 rows=1 width=559)
	        Index Cond: (id = 2908565)

table 2 : explain UPDATE sbtest2 SET c='foobar' WHERE id=8537055
	Update on sbtest2  (cost=0.43..8.45 rows=1 width=559)
	  ->  Index Scan using sbtest2_pkey on sbtest2  (cost=0.43..8.45 rows=1 width=559)
	        Index Cond: (id = 8537055)

table 3 : explain UPDATE sbtest3 SET c='foobar' WHERE id=9294447
	Update on sbtest3  (cost=0.43..8.45 rows=1 width=559)
	  ->  Index Scan using sbtest3_pkey on sbtest3  (cost=0.43..8.45 rows=1 width=559)
	        Index Cond: (id = 9294447)

table 4 : explain UPDATE sbtest4 SET c='foobar' WHERE id=2489568
	Update on sbtest4  (cost=0.43..8.45 rows=1 width=559)
	  ->  Index Scan using sbtest4_pkey on sbtest4  (cost=0.43..8.45 rows=1 width=559)
	        Index Cond: (id = 2489568)

table 5 : explain UPDATE sbtest5 SET c='foobar' WHERE id=1872909
	Update on sbtest5  (cost=0.43..8.45 rows=1 width=559)
	  ->  Index Scan using sbtest5_pkey on sbtest5  (cost=0.43..8.45 rows=1 width=559)
	        Index Cond: (id = 1872909)

table 6 : explain UPDATE sbtest6 SET c='foobar' WHERE id=2769450
	Update on sbtest6  (cost=0.43..8.45 rows=1 width=559)
	  ->  Index Scan using sbtest6_pkey on sbtest6  (cost=0.43..8.45 rows=1 width=559)
	        Index Cond: (id = 2769450)

table 7 : explain UPDATE sbtest7 SET c='foobar' WHERE id=1687590
	Update on sbtest7  (cost=0.43..8.45 rows=1 width=559)
	  ->  Index Scan using sbtest7_pkey on sbtest7  (cost=0.43..8.45 rows=1 width=559)
	        Index Cond: (id = 1687590)

table 8 : explain UPDATE sbtest8 SET c='foobar' WHERE id=3469859
	Update on sbtest8  (cost=0.43..8.45 rows=1 width=559)
	  ->  Index Scan using sbtest8_pkey on sbtest8  (cost=0.43..8.45 rows=1 width=559)
	        Index Cond: (id = 3469859)

explain: for deletes :: explain DELETE FROM sbtest%u WHERE id=%u
for index_updates
table 1 : explain UPDATE sbtest1 SET k=k+1 WHERE id=6096713
	Update on sbtest1  (cost=0.43..8.46 rows=1 width=196)
	  ->  Index Scan using sbtest1_pkey on sbtest1  (cost=0.43..8.46 rows=1 width=196)
	        Index Cond: (id = 6096713)

table 2 : explain UPDATE sbtest2 SET k=k+1 WHERE id=3391444
	Update on sbtest2  (cost=0.43..8.46 rows=1 width=196)
	  ->  Index Scan using sbtest2_pkey on sbtest2  (cost=0.43..8.46 rows=1 width=196)
	        Index Cond: (id = 3391444)

table 3 : explain UPDATE sbtest3 SET k=k+1 WHERE id=6389188
	Update on sbtest3  (cost=0.43..8.46 rows=1 width=196)
	  ->  Index Scan using sbtest3_pkey on sbtest3  (cost=0.43..8.46 rows=1 width=196)
	        Index Cond: (id = 6389188)

table 4 : explain UPDATE sbtest4 SET k=k+1 WHERE id=7347216
	Update on sbtest4  (cost=0.43..8.46 rows=1 width=196)
	  ->  Index Scan using sbtest4_pkey on sbtest4  (cost=0.43..8.46 rows=1 width=196)
	        Index Cond: (id = 7347216)

table 5 : explain UPDATE sbtest5 SET k=k+1 WHERE id=1457604
	Update on sbtest5  (cost=0.43..8.46 rows=1 width=196)
	  ->  Index Scan using sbtest5_pkey on sbtest5  (cost=0.43..8.46 rows=1 width=196)
	        Index Cond: (id = 1457604)

table 6 : explain UPDATE sbtest6 SET k=k+1 WHERE id=6626653
	Update on sbtest6  (cost=0.43..8.46 rows=1 width=196)
	  ->  Index Scan using sbtest6_pkey on sbtest6  (cost=0.43..8.46 rows=1 width=196)
	        Index Cond: (id = 6626653)

table 7 : explain UPDATE sbtest7 SET k=k+1 WHERE id=4049076
	Update on sbtest7  (cost=0.43..8.46 rows=1 width=196)
	  ->  Index Scan using sbtest7_pkey on sbtest7  (cost=0.43..8.46 rows=1 width=196)
	        Index Cond: (id = 4049076)

table 8 : explain UPDATE sbtest8 SET k=k+1 WHERE id=9907884
	Update on sbtest8  (cost=0.43..8.46 rows=1 width=196)
	  ->  Index Scan using sbtest8_pkey on sbtest8  (cost=0.43..8.46 rows=1 width=196)
	        Index Cond: (id = 9907884)

explain: for non_index_updates :: explain UPDATE sbtest%u SET c='foobar' WHERE id=%u
for deletes
table 1 : explain DELETE FROM sbtest1 WHERE id=4457090
	Delete on sbtest1  (cost=0.43..8.45 rows=1 width=6)
	  ->  Index Scan using sbtest1_pkey on sbtest1  (cost=0.43..8.45 rows=1 width=6)
	        Index Cond: (id = 4457090)

table 2 : explain DELETE FROM sbtest2 WHERE id=4796041
	Delete on sbtest2  (cost=0.43..8.45 rows=1 width=6)
	  ->  Index Scan using sbtest2_pkey on sbtest2  (cost=0.43..8.45 rows=1 width=6)
	        Index Cond: (id = 4796041)

table 3 : explain DELETE FROM sbtest3 WHERE id=615055
	Delete on sbtest3  (cost=0.43..8.45 rows=1 width=6)
	  ->  Index Scan using sbtest3_pkey on sbtest3  (cost=0.43..8.45 rows=1 width=6)
	        Index Cond: (id = 615055)

table 4 : explain DELETE FROM sbtest4 WHERE id=1284831
	Delete on sbtest4  (cost=0.43..8.45 rows=1 width=6)
	  ->  Index Scan using sbtest4_pkey on sbtest4  (cost=0.43..8.45 rows=1 width=6)
	        Index Cond: (id = 1284831)

table 5 : explain DELETE FROM sbtest5 WHERE id=3842221
	Delete on sbtest5  (cost=0.43..8.45 rows=1 width=6)
	  ->  Index Scan using sbtest5_pkey on sbtest5  (cost=0.43..8.45 rows=1 width=6)
	        Index Cond: (id = 3842221)

table 6 : explain DELETE FROM sbtest6 WHERE id=1263484
	Delete on sbtest6  (cost=0.43..8.45 rows=1 width=6)
	  ->  Index Scan using sbtest6_pkey on sbtest6  (cost=0.43..8.45 rows=1 width=6)
	        Index Cond: (id = 1263484)

table 7 : explain DELETE FROM sbtest7 WHERE id=9137895
	Delete on sbtest7  (cost=0.43..8.45 rows=1 width=6)
	  ->  Index Scan using sbtest7_pkey on sbtest7  (cost=0.43..8.45 rows=1 width=6)
	        Index Cond: (id = 9137895)

table 8 : explain DELETE FROM sbtest8 WHERE id=9179928
	Delete on sbtest8  (cost=0.43..8.45 rows=1 width=6)
	  ->  Index Scan using sbtest8_pkey on sbtest8  (cost=0.43..8.45 rows=1 width=6)
	        Index Cond: (id = 9179928)

explain: for deletes :: explain DELETE FROM sbtest%u WHERE id=%u
explain: for non_index_updates :: explain UPDATE sbtest%u SET c='foobar' WHERE id=%u
explain: for inserts :: explain INSERT INTO sbtest%u (id, k, c, pad) VALUES (%u, 13, 'foobar', 'foobar')
for deletes
table 1 : explain DELETE FROM sbtest1 WHERE id=9567072
	Delete on sbtest1  (cost=0.43..8.45 rows=1 width=6)
	  ->  Index Scan using sbtest1_pkey on sbtest1  (cost=0.43..8.45 rows=1 width=6)
	        Index Cond: (id = 9567072)

table 2 : explain DELETE FROM sbtest2 WHERE id=2218103
	Delete on sbtest2  (cost=0.43..8.45 rows=1 width=6)
	  ->  Index Scan using sbtest2_pkey on sbtest2  (cost=0.43..8.45 rows=1 width=6)
	        Index Cond: (id = 2218103)

table 3 : explain DELETE FROM sbtest3 WHERE id=3575661
	Delete on sbtest3  (cost=0.43..8.45 rows=1 width=6)
	  ->  Index Scan using sbtest3_pkey on sbtest3  (cost=0.43..8.45 rows=1 width=6)
	        Index Cond: (id = 3575661)

table 4 : explain DELETE FROM sbtest4 WHERE id=4288958
	Delete on sbtest4  (cost=0.43..8.45 rows=1 width=6)
	  ->  Index Scan using sbtest4_pkey on sbtest4  (cost=0.43..8.45 rows=1 width=6)
	        Index Cond: (id = 4288958)

table 5 : explain DELETE FROM sbtest5 WHERE id=9118280
	Delete on sbtest5  (cost=0.43..8.45 rows=1 width=6)
	  ->  Index Scan using sbtest5_pkey on sbtest5  (cost=0.43..8.45 rows=1 width=6)
	        Index Cond: (id = 9118280)

table 6 : explain DELETE FROM sbtest6 WHERE id=976712
	Delete on sbtest6  (cost=0.43..8.45 rows=1 width=6)
	  ->  Index Scan using sbtest6_pkey on sbtest6  (cost=0.43..8.45 rows=1 width=6)
	        Index Cond: (id = 976712)

table 7 : explain DELETE FROM sbtest7 WHERE id=3659337
	Delete on sbtest7  (cost=0.43..8.45 rows=1 width=6)
	  ->  Index Scan using sbtest7_pkey on sbtest7  (cost=0.43..8.45 rows=1 width=6)
	        Index Cond: (id = 3659337)

table 8 : explain DELETE FROM sbtest8 WHERE id=8313844
	Delete on sbtest8  (cost=0.43..8.45 rows=1 width=6)
	  ->  Index Scan using sbtest8_pkey on sbtest8  (cost=0.43..8.45 rows=1 width=6)
	        Index Cond: (id = 8313844)

for index_updates
table 1 : explain UPDATE sbtest1 SET k=k+1 WHERE id=3301430
	Update on sbtest1  (cost=0.43..8.46 rows=1 width=196)
	  ->  Index Scan using sbtest1_pkey on sbtest1  (cost=0.43..8.46 rows=1 width=196)
	        Index Cond: (id = 3301430)

table 2 : explain UPDATE sbtest2 SET k=k+1 WHERE id=2605042
	Update on sbtest2  (cost=0.43..8.46 rows=1 width=196)
	  ->  Index Scan using sbtest2_pkey on sbtest2  (cost=0.43..8.46 rows=1 width=196)
	        Index Cond: (id = 2605042)

table 3 : explain UPDATE sbtest3 SET k=k+1 WHERE id=6966445
	Update on sbtest3  (cost=0.43..8.46 rows=1 width=196)
	  ->  Index Scan using sbtest3_pkey on sbtest3  (cost=0.43..8.46 rows=1 width=196)
	        Index Cond: (id = 6966445)

table 4 : explain UPDATE sbtest4 SET k=k+1 WHERE id=4617178
	Update on sbtest4  (cost=0.43..8.46 rows=1 width=196)
	  ->  Index Scan using sbtest4_pkey on sbtest4  (cost=0.43..8.46 rows=1 width=196)
	        Index Cond: (id = 4617178)

table 5 : explain UPDATE sbtest5 SET k=k+1 WHERE id=6046461
	Update on sbtest5  (cost=0.43..8.46 rows=1 width=196)
	  ->  Index Scan using sbtest5_pkey on sbtest5  (cost=0.43..8.46 rows=1 width=196)
	        Index Cond: (id = 6046461)

table 6 : explain UPDATE sbtest6 SET k=k+1 WHERE id=3076578
	Update on sbtest6  (cost=0.43..8.46 rows=1 width=196)
	  ->  Index Scan using sbtest6_pkey on sbtest6  (cost=0.43..8.46 rows=1 width=196)
	        Index Cond: (id = 3076578)

table 7 : explain UPDATE sbtest7 SET k=k+1 WHERE id=4620095
	Update on sbtest7  (cost=0.43..8.46 rows=1 width=196)
	  ->  Index Scan using sbtest7_pkey on sbtest7  (cost=0.43..8.46 rows=1 width=196)
	        Index Cond: (id = 4620095)

table 8 : explain UPDATE sbtest8 SET k=k+1 WHERE id=7913926
	Update on sbtest8  (cost=0.43..8.46 rows=1 width=196)
	  ->  Index Scan using sbtest8_pkey on sbtest8  (cost=0.43..8.46 rows=1 width=196)
	        Index Cond: (id = 7913926)

for deletes
table 1 : explain DELETE FROM sbtest1 WHERE id=4373319
	Delete on sbtest1  (cost=0.43..8.45 rows=1 width=6)
	  ->  Index Scan using sbtest1_pkey on sbtest1  (cost=0.43..8.45 rows=1 width=6)
	        Index Cond: (id = 4373319)

table 2 : explain DELETE FROM sbtest2 WHERE id=1441774
	Delete on sbtest2  (cost=0.43..8.45 rows=1 width=6)
	  ->  Index Scan using sbtest2_pkey on sbtest2  (cost=0.43..8.45 rows=1 width=6)
	        Index Cond: (id = 1441774)

table 3 : explain DELETE FROM sbtest3 WHERE id=3145888
	Delete on sbtest3  (cost=0.43..8.45 rows=1 width=6)
	  ->  Index Scan using sbtest3_pkey on sbtest3  (cost=0.43..8.45 rows=1 width=6)
	        Index Cond: (id = 3145888)

table 4 : explain DELETE FROM sbtest4 WHERE id=9018952
	Delete on sbtest4  (cost=0.43..8.45 rows=1 width=6)
	  ->  Index Scan using sbtest4_pkey on sbtest4  (cost=0.43..8.45 rows=1 width=6)
	        Index Cond: (id = 9018952)

table 5 : explain DELETE FROM sbtest5 WHERE id=6414147
	Delete on sbtest5  (cost=0.43..8.45 rows=1 width=6)
	  ->  Index Scan using sbtest5_pkey on sbtest5  (cost=0.43..8.45 rows=1 width=6)
	        Index Cond: (id = 6414147)

table 6 : explain DELETE FROM sbtest6 WHERE id=9611025
	Delete on sbtest6  (cost=0.43..8.45 rows=1 width=6)
	  ->  Index Scan using sbtest6_pkey on sbtest6  (cost=0.43..8.45 rows=1 width=6)
	        Index Cond: (id = 9611025)

table 7 : explain DELETE FROM sbtest7 WHERE id=2916705
	Delete on sbtest7  (cost=0.43..8.45 rows=1 width=6)
	  ->  Index Scan using sbtest7_pkey on sbtest7  (cost=0.43..8.45 rows=1 width=6)
	        Index Cond: (id = 2916705)

table 8 : explain DELETE FROM sbtest8 WHERE id=1447663
	Delete on sbtest8  (cost=0.43..8.45 rows=1 width=6)
	  ->  Index Scan using sbtest8_pkey on sbtest8  (cost=0.43..8.45 rows=1 width=6)
	        Index Cond: (id = 1447663)

for non_index_updates
table 1 : explain UPDATE sbtest1 SET c='foobar' WHERE id=7608504
	Update on sbtest1  (cost=0.43..8.45 rows=1 width=559)
	  ->  Index Scan using sbtest1_pkey on sbtest1  (cost=0.43..8.45 rows=1 width=559)
	        Index Cond: (id = 7608504)

table 2 : explain UPDATE sbtest2 SET c='foobar' WHERE id=6563733
	Update on sbtest2  (cost=0.43..8.45 rows=1 width=559)
	  ->  Index Scan using sbtest2_pkey on sbtest2  (cost=0.43..8.45 rows=1 width=559)
	        Index Cond: (id = 6563733)

table 3 : explain UPDATE sbtest3 SET c='foobar' WHERE id=7781371
	Update on sbtest3  (cost=0.43..8.45 rows=1 width=559)
	  ->  Index Scan using sbtest3_pkey on sbtest3  (cost=0.43..8.45 rows=1 width=559)
	        Index Cond: (id = 7781371)

table 4 : explain UPDATE sbtest4 SET c='foobar' WHERE id=3929274
	Update on sbtest4  (cost=0.43..8.45 rows=1 width=559)
	  ->  Index Scan using sbtest4_pkey on sbtest4  (cost=0.43..8.45 rows=1 width=559)
	        Index Cond: (id = 3929274)

table 5 : explain UPDATE sbtest5 SET c='foobar' WHERE id=1107345
	Update on sbtest5  (cost=0.43..8.45 rows=1 width=559)
	  ->  Index Scan using sbtest5_pkey on sbtest5  (cost=0.43..8.45 rows=1 width=559)
	        Index Cond: (id = 1107345)

table 6 : explain UPDATE sbtest6 SET c='foobar' WHERE id=6184461
	Update on sbtest6  (cost=0.43..8.45 rows=1 width=559)
	  ->  Index Scan using sbtest6_pkey on sbtest6  (cost=0.43..8.45 rows=1 width=559)
	        Index Cond: (id = 6184461)

table 7 : explain UPDATE sbtest7 SET c='foobar' WHERE id=3331602
	Update on sbtest7  (cost=0.43..8.45 rows=1 width=559)
	  ->  Index Scan using sbtest7_pkey on sbtest7  (cost=0.43..8.45 rows=1 width=559)
	        Index Cond: (id = 3331602)

table 8 : explain UPDATE sbtest8 SET c='foobar' WHERE id=2417951
	Update on sbtest8  (cost=0.43..8.45 rows=1 width=559)
	  ->  Index Scan using sbtest8_pkey on sbtest8  (cost=0.43..8.45 rows=1 width=559)
	        Index Cond: (id = 2417951)

explain: for inserts :: explain INSERT INTO sbtest%u (id, k, c, pad) VALUES (%u, 13, 'foobar', 'foobar')
explain: for inserts :: explain INSERT INTO sbtest%u (id, k, c, pad) VALUES (%u, 13, 'foobar', 'foobar')
for non_index_updates
table 1 : explain UPDATE sbtest1 SET c='foobar' WHERE id=6439898
	Update on sbtest1  (cost=0.43..8.45 rows=1 width=559)
	  ->  Index Scan using sbtest1_pkey on sbtest1  (cost=0.43..8.45 rows=1 width=559)
	        Index Cond: (id = 6439898)

table 2 : explain UPDATE sbtest2 SET c='foobar' WHERE id=2570621
	Update on sbtest2  (cost=0.43..8.45 rows=1 width=559)
	  ->  Index Scan using sbtest2_pkey on sbtest2  (cost=0.43..8.45 rows=1 width=559)
	        Index Cond: (id = 2570621)

table 3 : explain UPDATE sbtest3 SET c='foobar' WHERE id=7291501
	Update on sbtest3  (cost=0.43..8.45 rows=1 width=559)
	  ->  Index Scan using sbtest3_pkey on sbtest3  (cost=0.43..8.45 rows=1 width=559)
	        Index Cond: (id = 7291501)

table 4 : explain UPDATE sbtest4 SET c='foobar' WHERE id=1912751
	Update on sbtest4  (cost=0.43..8.45 rows=1 width=559)
	  ->  Index Scan using sbtest4_pkey on sbtest4  (cost=0.43..8.45 rows=1 width=559)
	        Index Cond: (id = 1912751)

table 5 : explain UPDATE sbtest5 SET c='foobar' WHERE id=2146953
	Update on sbtest5  (cost=0.43..8.45 rows=1 width=559)
	  ->  Index Scan using sbtest5_pkey on sbtest5  (cost=0.43..8.45 rows=1 width=559)
	        Index Cond: (id = 2146953)

table 6 : explain UPDATE sbtest6 SET c='foobar' WHERE id=5473709
	Update on sbtest6  (cost=0.43..8.45 rows=1 width=559)
	  ->  Index Scan using sbtest6_pkey on sbtest6  (cost=0.43..8.45 rows=1 width=559)
	        Index Cond: (id = 5473709)

table 7 : explain UPDATE sbtest7 SET c='foobar' WHERE id=7135492
	Update on sbtest7  (cost=0.43..8.45 rows=1 width=559)
	  ->  Index Scan using sbtest7_pkey on sbtest7  (cost=0.43..8.45 rows=1 width=559)
	        Index Cond: (id = 7135492)

table 8 : explain UPDATE sbtest8 SET c='foobar' WHERE id=8297881
	Update on sbtest8  (cost=0.43..8.45 rows=1 width=559)
	  ->  Index Scan using sbtest8_pkey on sbtest8  (cost=0.43..8.45 rows=1 width=559)
	        Index Cond: (id = 8297881)

explain: for deletes :: explain DELETE FROM sbtest%u WHERE id=%u
explain: for deletes :: explain DELETE FROM sbtest%u WHERE id=%u
for deletes
table 1 : explain DELETE FROM sbtest1 WHERE id=7007631
	Delete on sbtest1  (cost=0.43..8.45 rows=1 width=6)
	  ->  Index Scan using sbtest1_pkey on sbtest1  (cost=0.43..8.45 rows=1 width=6)
	        Index Cond: (id = 7007631)

table 2 : explain DELETE FROM sbtest2 WHERE id=9294542
	Delete on sbtest2  (cost=0.43..8.45 rows=1 width=6)
	  ->  Index Scan using sbtest2_pkey on sbtest2  (cost=0.43..8.45 rows=1 width=6)
	        Index Cond: (id = 9294542)

table 3 : explain DELETE FROM sbtest3 WHERE id=4499975
	Delete on sbtest3  (cost=0.43..8.45 rows=1 width=6)
	  ->  Index Scan using sbtest3_pkey on sbtest3  (cost=0.43..8.45 rows=1 width=6)
	        Index Cond: (id = 4499975)

table 4 : explain DELETE FROM sbtest4 WHERE id=681598
	Delete on sbtest4  (cost=0.43..8.45 rows=1 width=6)
	  ->  Index Scan using sbtest4_pkey on sbtest4  (cost=0.43..8.45 rows=1 width=6)
	        Index Cond: (id = 681598)

table 5 : explain DELETE FROM sbtest5 WHERE id=2627224
	Delete on sbtest5  (cost=0.43..8.45 rows=1 width=6)
	  ->  Index Scan using sbtest5_pkey on sbtest5  (cost=0.43..8.45 rows=1 width=6)
	        Index Cond: (id = 2627224)

table 6 : explain DELETE FROM sbtest6 WHERE id=5245223
	Delete on sbtest6  (cost=0.43..8.45 rows=1 width=6)
	  ->  Index Scan using sbtest6_pkey on sbtest6  (cost=0.43..8.45 rows=1 width=6)
	        Index Cond: (id = 5245223)

table 7 : explain DELETE FROM sbtest7 WHERE id=8528587
	Delete on sbtest7  (cost=0.43..8.45 rows=1 width=6)
	  ->  Index Scan using sbtest7_pkey on sbtest7  (cost=0.43..8.45 rows=1 width=6)
	        Index Cond: (id = 8528587)

table 8 : explain DELETE FROM sbtest8 WHERE id=7661133
	Delete on sbtest8  (cost=0.43..8.45 rows=1 width=6)
	  ->  Index Scan using sbtest8_pkey on sbtest8  (cost=0.43..8.45 rows=1 width=6)
	        Index Cond: (id = 7661133)

explain: for non_index_updates :: explain UPDATE sbtest%u SET c='foobar' WHERE id=%u
explain: for inserts :: explain INSERT INTO sbtest%u (id, k, c, pad) VALUES (%u, 13, 'foobar', 'foobar')
for inserts
table 1 : explain INSERT INTO sbtest1 (id, k, c, pad) VALUES (5166697, 13, 'foobar', 'foobar')
	Insert on sbtest1  (cost=0.00..0.01 rows=1 width=736)
	  ->  Result  (cost=0.00..0.01 rows=1 width=736)

table 2 : explain INSERT INTO sbtest2 (id, k, c, pad) VALUES (963482, 13, 'foobar', 'foobar')
	Insert on sbtest2  (cost=0.00..0.01 rows=1 width=736)
	  ->  Result  (cost=0.00..0.01 rows=1 width=736)

table 3 : explain INSERT INTO sbtest3 (id, k, c, pad) VALUES (5997107, 13, 'foobar', 'foobar')
	Insert on sbtest3  (cost=0.00..0.01 rows=1 width=736)
	  ->  Result  (cost=0.00..0.01 rows=1 width=736)

table 4 : explain INSERT INTO sbtest4 (id, k, c, pad) VALUES (7545973, 13, 'foobar', 'foobar')
	Insert on sbtest4  (cost=0.00..0.01 rows=1 width=736)
	  ->  Result  (cost=0.00..0.01 rows=1 width=736)

table 5 : explain INSERT INTO sbtest5 (id, k, c, pad) VALUES (6877036, 13, 'foobar', 'foobar')
	Insert on sbtest5  (cost=0.00..0.01 rows=1 width=736)
	  ->  Result  (cost=0.00..0.01 rows=1 width=736)

table 6 : explain INSERT INTO sbtest6 (id, k, c, pad) VALUES (9665911, 13, 'foobar', 'foobar')
	Insert on sbtest6  (cost=0.00..0.01 rows=1 width=736)
	  ->  Result  (cost=0.00..0.01 rows=1 width=736)

table 7 : explain INSERT INTO sbtest7 (id, k, c, pad) VALUES (4051651, 13, 'foobar', 'foobar')
	Insert on sbtest7  (cost=0.00..0.01 rows=1 width=736)
	  ->  Result  (cost=0.00..0.01 rows=1 width=736)

table 8 : explain INSERT INTO sbtest8 (id, k, c, pad) VALUES (792024, 13, 'foobar', 'foobar')
	Insert on sbtest8  (cost=0.00..0.01 rows=1 width=736)
	  ->  Result  (cost=0.00..0.01 rows=1 width=736)

for index_updates
table 1 : explain UPDATE sbtest1 SET k=k+1 WHERE id=50821
	Update on sbtest1  (cost=0.43..8.46 rows=1 width=196)
	  ->  Index Scan using sbtest1_pkey on sbtest1  (cost=0.43..8.46 rows=1 width=196)
	        Index Cond: (id = 50821)

table 2 : explain UPDATE sbtest2 SET k=k+1 WHERE id=9671499
	Update on sbtest2  (cost=0.43..8.46 rows=1 width=196)
	  ->  Index Scan using sbtest2_pkey on sbtest2  (cost=0.43..8.46 rows=1 width=196)
	        Index Cond: (id = 9671499)

table 3 : explain UPDATE sbtest3 SET k=k+1 WHERE id=950162
	Update on sbtest3  (cost=0.43..8.46 rows=1 width=196)
	  ->  Index Scan using sbtest3_pkey on sbtest3  (cost=0.43..8.46 rows=1 width=196)
	        Index Cond: (id = 950162)

table 4 : explain UPDATE sbtest4 SET k=k+1 WHERE id=7950442
	Update on sbtest4  (cost=0.43..8.46 rows=1 width=196)
	  ->  Index Scan using sbtest4_pkey on sbtest4  (cost=0.43..8.46 rows=1 width=196)
	        Index Cond: (id = 7950442)

table 5 : explain UPDATE sbtest5 SET k=k+1 WHERE id=7602412
	Update on sbtest5  (cost=0.43..8.46 rows=1 width=196)
	  ->  Index Scan using sbtest5_pkey on sbtest5  (cost=0.43..8.46 rows=1 width=196)
	        Index Cond: (id = 7602412)

table 6 : explain UPDATE sbtest6 SET k=k+1 WHERE id=3950016
	Update on sbtest6  (cost=0.43..8.46 rows=1 width=196)
	  ->  Index Scan using sbtest6_pkey on sbtest6  (cost=0.43..8.46 rows=1 width=196)
	        Index Cond: (id = 3950016)

table 7 : explain UPDATE sbtest7 SET k=k+1 WHERE id=3756589
	Update on sbtest7  (cost=0.43..8.46 rows=1 width=196)
	  ->  Index Scan using sbtest7_pkey on sbtest7  (cost=0.43..8.46 rows=1 width=196)
	        Index Cond: (id = 3756589)

table 8 : explain UPDATE sbtest8 SET k=k+1 WHERE id=4289675
	Update on sbtest8  (cost=0.43..8.46 rows=1 width=196)
	  ->  Index Scan using sbtest8_pkey on sbtest8  (cost=0.43..8.46 rows=1 width=196)
	        Index Cond: (id = 4289675)

for non_index_updates
table 1 : explain UPDATE sbtest1 SET c='foobar' WHERE id=2471279
	Update on sbtest1  (cost=0.43..8.45 rows=1 width=559)
	  ->  Index Scan using sbtest1_pkey on sbtest1  (cost=0.43..8.45 rows=1 width=559)
	        Index Cond: (id = 2471279)

table 2 : explain UPDATE sbtest2 SET c='foobar' WHERE id=5533459
	Update on sbtest2  (cost=0.43..8.45 rows=1 width=559)
	  ->  Index Scan using sbtest2_pkey on sbtest2  (cost=0.43..8.45 rows=1 width=559)
	        Index Cond: (id = 5533459)

table 3 : explain UPDATE sbtest3 SET c='foobar' WHERE id=625704
	Update on sbtest3  (cost=0.43..8.45 rows=1 width=559)
	  ->  Index Scan using sbtest3_pkey on sbtest3  (cost=0.43..8.45 rows=1 width=559)
	        Index Cond: (id = 625704)

table 4 : explain UPDATE sbtest4 SET c='foobar' WHERE id=6500819
	Update on sbtest4  (cost=0.43..8.45 rows=1 width=559)
	  ->  Index Scan using sbtest4_pkey on sbtest4  (cost=0.43..8.45 rows=1 width=559)
	        Index Cond: (id = 6500819)

table 5 : explain UPDATE sbtest5 SET c='foobar' WHERE id=9627868
	Update on sbtest5  (cost=0.43..8.45 rows=1 width=559)
	  ->  Index Scan using sbtest5_pkey on sbtest5  (cost=0.43..8.45 rows=1 width=559)
	        Index Cond: (id = 9627868)

table 6 : explain UPDATE sbtest6 SET c='foobar' WHERE id=2631127
	Update on sbtest6  (cost=0.43..8.45 rows=1 width=559)
	  ->  Index Scan using sbtest6_pkey on sbtest6  (cost=0.43..8.45 rows=1 width=559)
	        Index Cond: (id = 2631127)

table 7 : explain UPDATE sbtest7 SET c='foobar' WHERE id=7131987
	Update on sbtest7  (cost=0.43..8.45 rows=1 width=559)
	  ->  Index Scan using sbtest7_pkey on sbtest7  (cost=0.43..8.45 rows=1 width=559)
	        Index Cond: (id = 7131987)

table 8 : explain UPDATE sbtest8 SET c='foobar' WHERE id=9625341
	Update on sbtest8  (cost=0.43..8.45 rows=1 width=559)
	  ->  Index Scan using sbtest8_pkey on sbtest8  (cost=0.43..8.45 rows=1 width=559)
	        Index Cond: (id = 9625341)

for deletes
table 1 : explain DELETE FROM sbtest1 WHERE id=4864559
	Delete on sbtest1  (cost=0.43..8.45 rows=1 width=6)
	  ->  Index Scan using sbtest1_pkey on sbtest1  (cost=0.43..8.45 rows=1 width=6)
	        Index Cond: (id = 4864559)

table 2 : explain DELETE FROM sbtest2 WHERE id=7445082
	Delete on sbtest2  (cost=0.43..8.45 rows=1 width=6)
	  ->  Index Scan using sbtest2_pkey on sbtest2  (cost=0.43..8.45 rows=1 width=6)
	        Index Cond: (id = 7445082)

table 3 : explain DELETE FROM sbtest3 WHERE id=3371987
	Delete on sbtest3  (cost=0.43..8.45 rows=1 width=6)
	  ->  Index Scan using sbtest3_pkey on sbtest3  (cost=0.43..8.45 rows=1 width=6)
	        Index Cond: (id = 3371987)

table 4 : explain DELETE FROM sbtest4 WHERE id=5830200
	Delete on sbtest4  (cost=0.43..8.45 rows=1 width=6)
	  ->  Index Scan using sbtest4_pkey on sbtest4  (cost=0.43..8.45 rows=1 width=6)
	        Index Cond: (id = 5830200)

table 5 : explain DELETE FROM sbtest5 WHERE id=8345267
	Delete on sbtest5  (cost=0.43..8.45 rows=1 width=6)
	  ->  Index Scan using sbtest5_pkey on sbtest5  (cost=0.43..8.45 rows=1 width=6)
	        Index Cond: (id = 8345267)

table 6 : explain DELETE FROM sbtest6 WHERE id=6687977
	Delete on sbtest6  (cost=0.43..8.45 rows=1 width=6)
	  ->  Index Scan using sbtest6_pkey on sbtest6  (cost=0.43..8.45 rows=1 width=6)
	        Index Cond: (id = 6687977)

table 7 : explain DELETE FROM sbtest7 WHERE id=4687935
	Delete on sbtest7  (cost=0.43..8.45 rows=1 width=6)
	  ->  Index Scan using sbtest7_pkey on sbtest7  (cost=0.43..8.45 rows=1 width=6)
	        Index Cond: (id = 4687935)

table 8 : explain DELETE FROM sbtest8 WHERE id=7995056
	Delete on sbtest8  (cost=0.43..8.45 rows=1 width=6)
	  ->  Index Scan using sbtest8_pkey on sbtest8  (cost=0.43..8.45 rows=1 width=6)
	        Index Cond: (id = 7995056)

explain: for non_index_updates :: explain UPDATE sbtest%u SET c='foobar' WHERE id=%u
explain: for deletes :: explain DELETE FROM sbtest%u WHERE id=%u
for inserts
table 1 : explain INSERT INTO sbtest1 (id, k, c, pad) VALUES (8368359, 13, 'foobar', 'foobar')
	Insert on sbtest1  (cost=0.00..0.01 rows=1 width=736)
	  ->  Result  (cost=0.00..0.01 rows=1 width=736)

table 2 : explain INSERT INTO sbtest2 (id, k, c, pad) VALUES (2638136, 13, 'foobar', 'foobar')
	Insert on sbtest2  (cost=0.00..0.01 rows=1 width=736)
	  ->  Result  (cost=0.00..0.01 rows=1 width=736)

table 3 : explain INSERT INTO sbtest3 (id, k, c, pad) VALUES (8924944, 13, 'foobar', 'foobar')
	Insert on sbtest3  (cost=0.00..0.01 rows=1 width=736)
	  ->  Result  (cost=0.00..0.01 rows=1 width=736)

table 4 : explain INSERT INTO sbtest4 (id, k, c, pad) VALUES (3379139, 13, 'foobar', 'foobar')
	Insert on sbtest4  (cost=0.00..0.01 rows=1 width=736)
	  ->  Result  (cost=0.00..0.01 rows=1 width=736)

table 5 : explain INSERT INTO sbtest5 (id, k, c, pad) VALUES (4267804, 13, 'foobar', 'foobar')
	Insert on sbtest5  (cost=0.00..0.01 rows=1 width=736)
	  ->  Result  (cost=0.00..0.01 rows=1 width=736)

table 6 : explain INSERT INTO sbtest6 (id, k, c, pad) VALUES (250984, 13, 'foobar', 'foobar')
	Insert on sbtest6  (cost=0.00..0.01 rows=1 width=736)
	  ->  Result  (cost=0.00..0.01 rows=1 width=736)

table 7 : explain INSERT INTO sbtest7 (id, k, c, pad) VALUES (6946351, 13, 'foobar', 'foobar')
	Insert on sbtest7  (cost=0.00..0.01 rows=1 width=736)
	  ->  Result  (cost=0.00..0.01 rows=1 width=736)

table 8 : explain INSERT INTO sbtest8 (id, k, c, pad) VALUES (590022, 13, 'foobar', 'foobar')
	Insert on sbtest8  (cost=0.00..0.01 rows=1 width=736)
	  ->  Result  (cost=0.00..0.01 rows=1 width=736)

explain: for inserts :: explain INSERT INTO sbtest%u (id, k, c, pad) VALUES (%u, 13, 'foobar', 'foobar')
explain: for index_updates :: explain UPDATE sbtest%u SET k=k+1 WHERE id=%u
for inserts
table 1 : explain INSERT INTO sbtest1 (id, k, c, pad) VALUES (3392912, 13, 'foobar', 'foobar')
	Insert on sbtest1  (cost=0.00..0.01 rows=1 width=736)
	  ->  Result  (cost=0.00..0.01 rows=1 width=736)

table 2 : explain INSERT INTO sbtest2 (id, k, c, pad) VALUES (6125628, 13, 'foobar', 'foobar')
	Insert on sbtest2  (cost=0.00..0.01 rows=1 width=736)
	  ->  Result  (cost=0.00..0.01 rows=1 width=736)

table 3 : explain INSERT INTO sbtest3 (id, k, c, pad) VALUES (8965290, 13, 'foobar', 'foobar')
	Insert on sbtest3  (cost=0.00..0.01 rows=1 width=736)
	  ->  Result  (cost=0.00..0.01 rows=1 width=736)

table 4 : explain INSERT INTO sbtest4 (id, k, c, pad) VALUES (432744, 13, 'foobar', 'foobar')
	Insert on sbtest4  (cost=0.00..0.01 rows=1 width=736)
	  ->  Result  (cost=0.00..0.01 rows=1 width=736)

table 5 : explain INSERT INTO sbtest5 (id, k, c, pad) VALUES (9366883, 13, 'foobar', 'foobar')
	Insert on sbtest5  (cost=0.00..0.01 rows=1 width=736)
	  ->  Result  (cost=0.00..0.01 rows=1 width=736)

table 6 : explain INSERT INTO sbtest6 (id, k, c, pad) VALUES (617531, 13, 'foobar', 'foobar')
	Insert on sbtest6  (cost=0.00..0.01 rows=1 width=736)
	  ->  Result  (cost=0.00..0.01 rows=1 width=736)

table 7 : explain INSERT INTO sbtest7 (id, k, c, pad) VALUES (5885178, 13, 'foobar', 'foobar')
	Insert on sbtest7  (cost=0.00..0.01 rows=1 width=736)
	  ->  Result  (cost=0.00..0.01 rows=1 width=736)

table 8 : explain INSERT INTO sbtest8 (id, k, c, pad) VALUES (474885, 13, 'foobar', 'foobar')
	Insert on sbtest8  (cost=0.00..0.01 rows=1 width=736)
	  ->  Result  (cost=0.00..0.01 rows=1 width=736)

for non_index_updates
table 1 : explain UPDATE sbtest1 SET c='foobar' WHERE id=3701647
	Update on sbtest1  (cost=0.43..8.45 rows=1 width=559)
	  ->  Index Scan using sbtest1_pkey on sbtest1  (cost=0.43..8.45 rows=1 width=559)
	        Index Cond: (id = 3701647)

table 2 : explain UPDATE sbtest2 SET c='foobar' WHERE id=8156077
	Update on sbtest2  (cost=0.43..8.45 rows=1 width=559)
	  ->  Index Scan using sbtest2_pkey on sbtest2  (cost=0.43..8.45 rows=1 width=559)
	        Index Cond: (id = 8156077)

table 3 : explain UPDATE sbtest3 SET c='foobar' WHERE id=1758077
	Update on sbtest3  (cost=0.43..8.45 rows=1 width=559)
	  ->  Index Scan using sbtest3_pkey on sbtest3  (cost=0.43..8.45 rows=1 width=559)
	        Index Cond: (id = 1758077)

table 4 : explain UPDATE sbtest4 SET c='foobar' WHERE id=3105291
	Update on sbtest4  (cost=0.43..8.45 rows=1 width=559)
	  ->  Index Scan using sbtest4_pkey on sbtest4  (cost=0.43..8.45 rows=1 width=559)
	        Index Cond: (id = 3105291)

table 5 : explain UPDATE sbtest5 SET c='foobar' WHERE id=8372741
	Update on sbtest5  (cost=0.43..8.45 rows=1 width=559)
	  ->  Index Scan using sbtest5_pkey on sbtest5  (cost=0.43..8.45 rows=1 width=559)
	        Index Cond: (id = 8372741)

table 6 : explain UPDATE sbtest6 SET c='foobar' WHERE id=7792810
	Update on sbtest6  (cost=0.43..8.45 rows=1 width=559)
	  ->  Index Scan using sbtest6_pkey on sbtest6  (cost=0.43..8.45 rows=1 width=559)
	        Index Cond: (id = 7792810)

table 7 : explain UPDATE sbtest7 SET c='foobar' WHERE id=7258601
	Update on sbtest7  (cost=0.43..8.45 rows=1 width=559)
	  ->  Index Scan using sbtest7_pkey on sbtest7  (cost=0.43..8.45 rows=1 width=559)
	        Index Cond: (id = 7258601)

table 8 : explain UPDATE sbtest8 SET c='foobar' WHERE id=2135191
	Update on sbtest8  (cost=0.43..8.45 rows=1 width=559)
	  ->  Index Scan using sbtest8_pkey on sbtest8  (cost=0.43..8.45 rows=1 width=559)
	        Index Cond: (id = 2135191)

for deletes
table 1 : explain DELETE FROM sbtest1 WHERE id=5792357
	Delete on sbtest1  (cost=0.43..8.45 rows=1 width=6)
	  ->  Index Scan using sbtest1_pkey on sbtest1  (cost=0.43..8.45 rows=1 width=6)
	        Index Cond: (id = 5792357)

table 2 : explain DELETE FROM sbtest2 WHERE id=2262938
	Delete on sbtest2  (cost=0.43..8.45 rows=1 width=6)
	  ->  Index Scan using sbtest2_pkey on sbtest2  (cost=0.43..8.45 rows=1 width=6)
	        Index Cond: (id = 2262938)

table 3 : explain DELETE FROM sbtest3 WHERE id=9213561
	Delete on sbtest3  (cost=0.43..8.45 rows=1 width=6)
	  ->  Index Scan using sbtest3_pkey on sbtest3  (cost=0.43..8.45 rows=1 width=6)
	        Index Cond: (id = 9213561)

table 4 : explain DELETE FROM sbtest4 WHERE id=7476554
	Delete on sbtest4  (cost=0.43..8.45 rows=1 width=6)
	  ->  Index Scan using sbtest4_pkey on sbtest4  (cost=0.43..8.45 rows=1 width=6)
	        Index Cond: (id = 7476554)

table 5 : explain DELETE FROM sbtest5 WHERE id=5841904
	Delete on sbtest5  (cost=0.43..8.45 rows=1 width=6)
	  ->  Index Scan using sbtest5_pkey on sbtest5  (cost=0.43..8.45 rows=1 width=6)
	        Index Cond: (id = 5841904)

table 6 : explain DELETE FROM sbtest6 WHERE id=1042121
	Delete on sbtest6  (cost=0.43..8.45 rows=1 width=6)
	  ->  Index Scan using sbtest6_pkey on sbtest6  (cost=0.43..8.45 rows=1 width=6)
	        Index Cond: (id = 1042121)

table 7 : explain DELETE FROM sbtest7 WHERE id=472598
	Delete on sbtest7  (cost=0.43..8.45 rows=1 width=6)
	  ->  Index Scan using sbtest7_pkey on sbtest7  (cost=0.43..8.45 rows=1 width=6)
	        Index Cond: (id = 472598)

table 8 : explain DELETE FROM sbtest8 WHERE id=7692981
	Delete on sbtest8  (cost=0.43..8.45 rows=1 width=6)
	  ->  Index Scan using sbtest8_pkey on sbtest8  (cost=0.43..8.45 rows=1 width=6)
	        Index Cond: (id = 7692981)

for inserts
table 1 : explain INSERT INTO sbtest1 (id, k, c, pad) VALUES (2008446, 13, 'foobar', 'foobar')
	Insert on sbtest1  (cost=0.00..0.01 rows=1 width=736)
	  ->  Result  (cost=0.00..0.01 rows=1 width=736)

table 2 : explain INSERT INTO sbtest2 (id, k, c, pad) VALUES (2539983, 13, 'foobar', 'foobar')
	Insert on sbtest2  (cost=0.00..0.01 rows=1 width=736)
	  ->  Result  (cost=0.00..0.01 rows=1 width=736)

table 3 : explain INSERT INTO sbtest3 (id, k, c, pad) VALUES (7652974, 13, 'foobar', 'foobar')
	Insert on sbtest3  (cost=0.00..0.01 rows=1 width=736)
	  ->  Result  (cost=0.00..0.01 rows=1 width=736)

table 4 : explain INSERT INTO sbtest4 (id, k, c, pad) VALUES (2852496, 13, 'foobar', 'foobar')
	Insert on sbtest4  (cost=0.00..0.01 rows=1 width=736)
	  ->  Result  (cost=0.00..0.01 rows=1 width=736)

table 5 : explain INSERT INTO sbtest5 (id, k, c, pad) VALUES (5510210, 13, 'foobar', 'foobar')
	Insert on sbtest5  (cost=0.00..0.01 rows=1 width=736)
	  ->  Result  (cost=0.00..0.01 rows=1 width=736)

table 6 : explain INSERT INTO sbtest6 (id, k, c, pad) VALUES (8744791, 13, 'foobar', 'foobar')
	Insert on sbtest6  (cost=0.00..0.01 rows=1 width=736)
	  ->  Result  (cost=0.00..0.01 rows=1 width=736)

table 7 : explain INSERT INTO sbtest7 (id, k, c, pad) VALUES (6811926, 13, 'foobar', 'foobar')
	Insert on sbtest7  (cost=0.00..0.01 rows=1 width=736)
	  ->  Result  (cost=0.00..0.01 rows=1 width=736)

table 8 : explain INSERT INTO sbtest8 (id, k, c, pad) VALUES (4637939, 13, 'foobar', 'foobar')
	Insert on sbtest8  (cost=0.00..0.01 rows=1 width=736)
	  ->  Result  (cost=0.00..0.01 rows=1 width=736)

explain: for inserts :: explain INSERT INTO sbtest%u (id, k, c, pad) VALUES (%u, 13, 'foobar', 'foobar')
explain: for deletes :: explain DELETE FROM sbtest%u WHERE id=%u
explain: for inserts :: explain INSERT INTO sbtest%u (id, k, c, pad) VALUES (%u, 13, 'foobar', 'foobar')
explain: for inserts :: explain INSERT INTO sbtest%u (id, k, c, pad) VALUES (%u, 13, 'foobar', 'foobar')
explain: for inserts :: explain INSERT INTO sbtest%u (id, k, c, pad) VALUES (%u, 13, 'foobar', 'foobar')
for inserts
table 1 : explain INSERT INTO sbtest1 (id, k, c, pad) VALUES (5956107, 13, 'foobar', 'foobar')
	Insert on sbtest1  (cost=0.00..0.01 rows=1 width=736)
	  ->  Result  (cost=0.00..0.01 rows=1 width=736)

table 2 : explain INSERT INTO sbtest2 (id, k, c, pad) VALUES (7091898, 13, 'foobar', 'foobar')
	Insert on sbtest2  (cost=0.00..0.01 rows=1 width=736)
	  ->  Result  (cost=0.00..0.01 rows=1 width=736)

table 3 : explain INSERT INTO sbtest3 (id, k, c, pad) VALUES (7156313, 13, 'foobar', 'foobar')
	Insert on sbtest3  (cost=0.00..0.01 rows=1 width=736)
	  ->  Result  (cost=0.00..0.01 rows=1 width=736)

table 4 : explain INSERT INTO sbtest4 (id, k, c, pad) VALUES (8492887, 13, 'foobar', 'foobar')
	Insert on sbtest4  (cost=0.00..0.01 rows=1 width=736)
	  ->  Result  (cost=0.00..0.01 rows=1 width=736)

table 5 : explain INSERT INTO sbtest5 (id, k, c, pad) VALUES (1383640, 13, 'foobar', 'foobar')
	Insert on sbtest5  (cost=0.00..0.01 rows=1 width=736)
	  ->  Result  (cost=0.00..0.01 rows=1 width=736)

table 6 : explain INSERT INTO sbtest6 (id, k, c, pad) VALUES (9107415, 13, 'foobar', 'foobar')
	Insert on sbtest6  (cost=0.00..0.01 rows=1 width=736)
	  ->  Result  (cost=0.00..0.01 rows=1 width=736)

table 7 : explain INSERT INTO sbtest7 (id, k, c, pad) VALUES (7581198, 13, 'foobar', 'foobar')
	Insert on sbtest7  (cost=0.00..0.01 rows=1 width=736)
	  ->  Result  (cost=0.00..0.01 rows=1 width=736)

table 8 : explain INSERT INTO sbtest8 (id, k, c, pad) VALUES (1137955, 13, 'foobar', 'foobar')
	Insert on sbtest8  (cost=0.00..0.01 rows=1 width=736)
	  ->  Result  (cost=0.00..0.01 rows=1 width=736)

explain: for index_updates :: explain UPDATE sbtest%u SET k=k+1 WHERE id=%u
explain: for inserts :: explain INSERT INTO sbtest%u (id, k, c, pad) VALUES (%u, 13, 'foobar', 'foobar')
for inserts
table 1 : explain INSERT INTO sbtest1 (id, k, c, pad) VALUES (6435447, 13, 'foobar', 'foobar')
	Insert on sbtest1  (cost=0.00..0.01 rows=1 width=736)
	  ->  Result  (cost=0.00..0.01 rows=1 width=736)

table 2 : explain INSERT INTO sbtest2 (id, k, c, pad) VALUES (6766145, 13, 'foobar', 'foobar')
	Insert on sbtest2  (cost=0.00..0.01 rows=1 width=736)
	  ->  Result  (cost=0.00..0.01 rows=1 width=736)

table 3 : explain INSERT INTO sbtest3 (id, k, c, pad) VALUES (9842775, 13, 'foobar', 'foobar')
	Insert on sbtest3  (cost=0.00..0.01 rows=1 width=736)
	  ->  Result  (cost=0.00..0.01 rows=1 width=736)

table 4 : explain INSERT INTO sbtest4 (id, k, c, pad) VALUES (5700397, 13, 'foobar', 'foobar')
	Insert on sbtest4  (cost=0.00..0.01 rows=1 width=736)
	  ->  Result  (cost=0.00..0.01 rows=1 width=736)

table 5 : explain INSERT INTO sbtest5 (id, k, c, pad) VALUES (6378870, 13, 'foobar', 'foobar')
	Insert on sbtest5  (cost=0.00..0.01 rows=1 width=736)
	  ->  Result  (cost=0.00..0.01 rows=1 width=736)

table 6 : explain INSERT INTO sbtest6 (id, k, c, pad) VALUES (4680400, 13, 'foobar', 'foobar')
	Insert on sbtest6  (cost=0.00..0.01 rows=1 width=736)
	  ->  Result  (cost=0.00..0.01 rows=1 width=736)

table 7 : explain INSERT INTO sbtest7 (id, k, c, pad) VALUES (9641125, 13, 'foobar', 'foobar')
	Insert on sbtest7  (cost=0.00..0.01 rows=1 width=736)
	  ->  Result  (cost=0.00..0.01 rows=1 width=736)

table 8 : explain INSERT INTO sbtest8 (id, k, c, pad) VALUES (3558704, 13, 'foobar', 'foobar')
	Insert on sbtest8  (cost=0.00..0.01 rows=1 width=736)
	  ->  Result  (cost=0.00..0.01 rows=1 width=736)

for deletes
table 1 : explain DELETE FROM sbtest1 WHERE id=239028
	Delete on sbtest1  (cost=0.43..8.45 rows=1 width=6)
	  ->  Index Scan using sbtest1_pkey on sbtest1  (cost=0.43..8.45 rows=1 width=6)
	        Index Cond: (id = 239028)

table 2 : explain DELETE FROM sbtest2 WHERE id=5138857
	Delete on sbtest2  (cost=0.43..8.45 rows=1 width=6)
	  ->  Index Scan using sbtest2_pkey on sbtest2  (cost=0.43..8.45 rows=1 width=6)
	        Index Cond: (id = 5138857)

table 3 : explain DELETE FROM sbtest3 WHERE id=376077
	Delete on sbtest3  (cost=0.43..8.45 rows=1 width=6)
	  ->  Index Scan using sbtest3_pkey on sbtest3  (cost=0.43..8.45 rows=1 width=6)
	        Index Cond: (id = 376077)

table 4 : explain DELETE FROM sbtest4 WHERE id=6345566
	Delete on sbtest4  (cost=0.43..8.45 rows=1 width=6)
	  ->  Index Scan using sbtest4_pkey on sbtest4  (cost=0.43..8.45 rows=1 width=6)
	        Index Cond: (id = 6345566)

table 5 : explain DELETE FROM sbtest5 WHERE id=2796131
	Delete on sbtest5  (cost=0.43..8.45 rows=1 width=6)
	  ->  Index Scan using sbtest5_pkey on sbtest5  (cost=0.43..8.45 rows=1 width=6)
	        Index Cond: (id = 2796131)

table 6 : explain DELETE FROM sbtest6 WHERE id=6953824
	Delete on sbtest6  (cost=0.43..8.45 rows=1 width=6)
	  ->  Index Scan using sbtest6_pkey on sbtest6  (cost=0.43..8.45 rows=1 width=6)
	        Index Cond: (id = 6953824)

table 7 : explain DELETE FROM sbtest7 WHERE id=7784046
	Delete on sbtest7  (cost=0.43..8.45 rows=1 width=6)
	  ->  Index Scan using sbtest7_pkey on sbtest7  (cost=0.43..8.45 rows=1 width=6)
	        Index Cond: (id = 7784046)

table 8 : explain DELETE FROM sbtest8 WHERE id=4587714
	Delete on sbtest8  (cost=0.43..8.45 rows=1 width=6)
	  ->  Index Scan using sbtest8_pkey on sbtest8  (cost=0.43..8.45 rows=1 width=6)
	        Index Cond: (id = 4587714)

explain: for index_updates :: explain UPDATE sbtest%u SET k=k+1 WHERE id=%u
for inserts
table 1 : explain INSERT INTO sbtest1 (id, k, c, pad) VALUES (3534608, 13, 'foobar', 'foobar')
	Insert on sbtest1  (cost=0.00..0.01 rows=1 width=736)
	  ->  Result  (cost=0.00..0.01 rows=1 width=736)

table 2 : explain INSERT INTO sbtest2 (id, k, c, pad) VALUES (3589030, 13, 'foobar', 'foobar')
	Insert on sbtest2  (cost=0.00..0.01 rows=1 width=736)
	  ->  Result  (cost=0.00..0.01 rows=1 width=736)

table 3 : explain INSERT INTO sbtest3 (id, k, c, pad) VALUES (7065016, 13, 'foobar', 'foobar')
	Insert on sbtest3  (cost=0.00..0.01 rows=1 width=736)
	  ->  Result  (cost=0.00..0.01 rows=1 width=736)

table 4 : explain INSERT INTO sbtest4 (id, k, c, pad) VALUES (3744627, 13, 'foobar', 'foobar')
	Insert on sbtest4  (cost=0.00..0.01 rows=1 width=736)
	  ->  Result  (cost=0.00..0.01 rows=1 width=736)

table 5 : explain INSERT INTO sbtest5 (id, k, c, pad) VALUES (1273099, 13, 'foobar', 'foobar')
	Insert on sbtest5  (cost=0.00..0.01 rows=1 width=736)
	  ->  Result  (cost=0.00..0.01 rows=1 width=736)

table 6 : explain INSERT INTO sbtest6 (id, k, c, pad) VALUES (4019419, 13, 'foobar', 'foobar')
	Insert on sbtest6  (cost=0.00..0.01 rows=1 width=736)
	  ->  Result  (cost=0.00..0.01 rows=1 width=736)

table 7 : explain INSERT INTO sbtest7 (id, k, c, pad) VALUES (2805201, 13, 'foobar', 'foobar')
	Insert on sbtest7  (cost=0.00..0.01 rows=1 width=736)
	  ->  Result  (cost=0.00..0.01 rows=1 width=736)

table 8 : explain INSERT INTO sbtest8 (id, k, c, pad) VALUES (8274805, 13, 'foobar', 'foobar')
	Insert on sbtest8  (cost=0.00..0.01 rows=1 width=736)
	  ->  Result  (cost=0.00..0.01 rows=1 width=736)

for inserts
table 1 : explain INSERT INTO sbtest1 (id, k, c, pad) VALUES (548681, 13, 'foobar', 'foobar')
	Insert on sbtest1  (cost=0.00..0.01 rows=1 width=736)
	  ->  Result  (cost=0.00..0.01 rows=1 width=736)

table 2 : explain INSERT INTO sbtest2 (id, k, c, pad) VALUES (9761825, 13, 'foobar', 'foobar')
	Insert on sbtest2  (cost=0.00..0.01 rows=1 width=736)
	  ->  Result  (cost=0.00..0.01 rows=1 width=736)

table 3 : explain INSERT INTO sbtest3 (id, k, c, pad) VALUES (4965308, 13, 'foobar', 'foobar')
	Insert on sbtest3  (cost=0.00..0.01 rows=1 width=736)
	  ->  Result  (cost=0.00..0.01 rows=1 width=736)

table 4 : explain INSERT INTO sbtest4 (id, k, c, pad) VALUES (9655586, 13, 'foobar', 'foobar')
	Insert on sbtest4  (cost=0.00..0.01 rows=1 width=736)
	  ->  Result  (cost=0.00..0.01 rows=1 width=736)

table 5 : explain INSERT INTO sbtest5 (id, k, c, pad) VALUES (6387185, 13, 'foobar', 'foobar')
	Insert on sbtest5  (cost=0.00..0.01 rows=1 width=736)
	  ->  Result  (cost=0.00..0.01 rows=1 width=736)

table 6 : explain INSERT INTO sbtest6 (id, k, c, pad) VALUES (487113, 13, 'foobar', 'foobar')
	Insert on sbtest6  (cost=0.00..0.01 rows=1 width=736)
	  ->  Result  (cost=0.00..0.01 rows=1 width=736)

table 7 : explain INSERT INTO sbtest7 (id, k, c, pad) VALUES (6530809, 13, 'foobar', 'foobar')
	Insert on sbtest7  (cost=0.00..0.01 rows=1 width=736)
	  ->  Result  (cost=0.00..0.01 rows=1 width=736)

table 8 : explain INSERT INTO sbtest8 (id, k, c, pad) VALUES (2617112, 13, 'foobar', 'foobar')
	Insert on sbtest8  (cost=0.00..0.01 rows=1 width=736)
	  ->  Result  (cost=0.00..0.01 rows=1 width=736)

for inserts
table 1 : explain INSERT INTO sbtest1 (id, k, c, pad) VALUES (8094885, 13, 'foobar', 'foobar')
	Insert on sbtest1  (cost=0.00..0.01 rows=1 width=736)
	  ->  Result  (cost=0.00..0.01 rows=1 width=736)

table 2 : explain INSERT INTO sbtest2 (id, k, c, pad) VALUES (6030008, 13, 'foobar', 'foobar')
	Insert on sbtest2  (cost=0.00..0.01 rows=1 width=736)
	  ->  Result  (cost=0.00..0.01 rows=1 width=736)

table 3 : explain INSERT INTO sbtest3 (id, k, c, pad) VALUES (9333140, 13, 'foobar', 'foobar')
	Insert on sbtest3  (cost=0.00..0.01 rows=1 width=736)
	  ->  Result  (cost=0.00..0.01 rows=1 width=736)

table 4 : explain INSERT INTO sbtest4 (id, k, c, pad) VALUES (1837840, 13, 'foobar', 'foobar')
	Insert on sbtest4  (cost=0.00..0.01 rows=1 width=736)
	  ->  Result  (cost=0.00..0.01 rows=1 width=736)

table 5 : explain INSERT INTO sbtest5 (id, k, c, pad) VALUES (5692046, 13, 'foobar', 'foobar')
	Insert on sbtest5  (cost=0.00..0.01 rows=1 width=736)
	  ->  Result  (cost=0.00..0.01 rows=1 width=736)

table 6 : explain INSERT INTO sbtest6 (id, k, c, pad) VALUES (8108763, 13, 'foobar', 'foobar')
	Insert on sbtest6  (cost=0.00..0.01 rows=1 width=736)
	  ->  Result  (cost=0.00..0.01 rows=1 width=736)

table 7 : explain INSERT INTO sbtest7 (id, k, c, pad) VALUES (9600630, 13, 'foobar', 'foobar')
	Insert on sbtest7  (cost=0.00..0.01 rows=1 width=736)
	  ->  Result  (cost=0.00..0.01 rows=1 width=736)

table 8 : explain INSERT INTO sbtest8 (id, k, c, pad) VALUES (7440387, 13, 'foobar', 'foobar')
	Insert on sbtest8  (cost=0.00..0.01 rows=1 width=736)
	  ->  Result  (cost=0.00..0.01 rows=1 width=736)

for inserts
table 1 : explain INSERT INTO sbtest1 (id, k, c, pad) VALUES (7374575, 13, 'foobar', 'foobar')
	Insert on sbtest1  (cost=0.00..0.01 rows=1 width=736)
	  ->  Result  (cost=0.00..0.01 rows=1 width=736)

table 2 : explain INSERT INTO sbtest2 (id, k, c, pad) VALUES (9309170, 13, 'foobar', 'foobar')
	Insert on sbtest2  (cost=0.00..0.01 rows=1 width=736)
	  ->  Result  (cost=0.00..0.01 rows=1 width=736)

table 3 : explain INSERT INTO sbtest3 (id, k, c, pad) VALUES (277291, 13, 'foobar', 'foobar')
	Insert on sbtest3  (cost=0.00..0.01 rows=1 width=736)
	  ->  Result  (cost=0.00..0.01 rows=1 width=736)

table 4 : explain INSERT INTO sbtest4 (id, k, c, pad) VALUES (3564723, 13, 'foobar', 'foobar')
	Insert on sbtest4  (cost=0.00..0.01 rows=1 width=736)
	  ->  Result  (cost=0.00..0.01 rows=1 width=736)

table 5 : explain INSERT INTO sbtest5 (id, k, c, pad) VALUES (8394575, 13, 'foobar', 'foobar')
	Insert on sbtest5  (cost=0.00..0.01 rows=1 width=736)
	  ->  Result  (cost=0.00..0.01 rows=1 width=736)

table 6 : explain INSERT INTO sbtest6 (id, k, c, pad) VALUES (8018791, 13, 'foobar', 'foobar')
	Insert on sbtest6  (cost=0.00..0.01 rows=1 width=736)
	  ->  Result  (cost=0.00..0.01 rows=1 width=736)

table 7 : explain INSERT INTO sbtest7 (id, k, c, pad) VALUES (9946063, 13, 'foobar', 'foobar')
	Insert on sbtest7  (cost=0.00..0.01 rows=1 width=736)
	  ->  Result  (cost=0.00..0.01 rows=1 width=736)

table 8 : explain INSERT INTO sbtest8 (id, k, c, pad) VALUES (2901436, 13, 'foobar', 'foobar')
	Insert on sbtest8  (cost=0.00..0.01 rows=1 width=736)
	  ->  Result  (cost=0.00..0.01 rows=1 width=736)

for index_updates
table 1 : explain UPDATE sbtest1 SET k=k+1 WHERE id=6159578
	Update on sbtest1  (cost=0.43..8.46 rows=1 width=196)
	  ->  Index Scan using sbtest1_pkey on sbtest1  (cost=0.43..8.46 rows=1 width=196)
	        Index Cond: (id = 6159578)

table 2 : explain UPDATE sbtest2 SET k=k+1 WHERE id=3062758
	Update on sbtest2  (cost=0.43..8.46 rows=1 width=196)
	  ->  Index Scan using sbtest2_pkey on sbtest2  (cost=0.43..8.46 rows=1 width=196)
	        Index Cond: (id = 3062758)

table 3 : explain UPDATE sbtest3 SET k=k+1 WHERE id=4267095
	Update on sbtest3  (cost=0.43..8.46 rows=1 width=196)
	  ->  Index Scan using sbtest3_pkey on sbtest3  (cost=0.43..8.46 rows=1 width=196)
	        Index Cond: (id = 4267095)

table 4 : explain UPDATE sbtest4 SET k=k+1 WHERE id=7516149
	Update on sbtest4  (cost=0.43..8.46 rows=1 width=196)
	  ->  Index Scan using sbtest4_pkey on sbtest4  (cost=0.43..8.46 rows=1 width=196)
	        Index Cond: (id = 7516149)

table 5 : explain UPDATE sbtest5 SET k=k+1 WHERE id=1784773
	Update on sbtest5  (cost=0.43..8.46 rows=1 width=196)
	  ->  Index Scan using sbtest5_pkey on sbtest5  (cost=0.43..8.46 rows=1 width=196)
	        Index Cond: (id = 1784773)

table 6 : explain UPDATE sbtest6 SET k=k+1 WHERE id=7457043
	Update on sbtest6  (cost=0.43..8.46 rows=1 width=196)
	  ->  Index Scan using sbtest6_pkey on sbtest6  (cost=0.43..8.46 rows=1 width=196)
	        Index Cond: (id = 7457043)

table 7 : explain UPDATE sbtest7 SET k=k+1 WHERE id=5754350
	Update on sbtest7  (cost=0.43..8.46 rows=1 width=196)
	  ->  Index Scan using sbtest7_pkey on sbtest7  (cost=0.43..8.46 rows=1 width=196)
	        Index Cond: (id = 5754350)

table 8 : explain UPDATE sbtest8 SET k=k+1 WHERE id=3073095
	Update on sbtest8  (cost=0.43..8.46 rows=1 width=196)
	  ->  Index Scan using sbtest8_pkey on sbtest8  (cost=0.43..8.46 rows=1 width=196)
	        Index Cond: (id = 3073095)

explain: for inserts :: explain INSERT INTO sbtest%u (id, k, c, pad) VALUES (%u, 13, 'foobar', 'foobar')
explain: for non_index_updates :: explain UPDATE sbtest%u SET c='foobar' WHERE id=%u
for index_updates
table 1 : explain UPDATE sbtest1 SET k=k+1 WHERE id=3175918
	Update on sbtest1  (cost=0.43..8.46 rows=1 width=196)
	  ->  Index Scan using sbtest1_pkey on sbtest1  (cost=0.43..8.46 rows=1 width=196)
	        Index Cond: (id = 3175918)

table 2 : explain UPDATE sbtest2 SET k=k+1 WHERE id=8005025
	Update on sbtest2  (cost=0.43..8.46 rows=1 width=196)
	  ->  Index Scan using sbtest2_pkey on sbtest2  (cost=0.43..8.46 rows=1 width=196)
	        Index Cond: (id = 8005025)

table 3 : explain UPDATE sbtest3 SET k=k+1 WHERE id=6294046
	Update on sbtest3  (cost=0.43..8.46 rows=1 width=196)
	  ->  Index Scan using sbtest3_pkey on sbtest3  (cost=0.43..8.46 rows=1 width=196)
	        Index Cond: (id = 6294046)

table 4 : explain UPDATE sbtest4 SET k=k+1 WHERE id=9175573
	Update on sbtest4  (cost=0.43..8.46 rows=1 width=196)
	  ->  Index Scan using sbtest4_pkey on sbtest4  (cost=0.43..8.46 rows=1 width=196)
	        Index Cond: (id = 9175573)

table 5 : explain UPDATE sbtest5 SET k=k+1 WHERE id=593007
	Update on sbtest5  (cost=0.43..8.46 rows=1 width=196)
	  ->  Index Scan using sbtest5_pkey on sbtest5  (cost=0.43..8.46 rows=1 width=196)
	        Index Cond: (id = 593007)

table 6 : explain UPDATE sbtest6 SET k=k+1 WHERE id=7512451
	Update on sbtest6  (cost=0.43..8.46 rows=1 width=196)
	  ->  Index Scan using sbtest6_pkey on sbtest6  (cost=0.43..8.46 rows=1 width=196)
	        Index Cond: (id = 7512451)

table 7 : explain UPDATE sbtest7 SET k=k+1 WHERE id=9887274
	Update on sbtest7  (cost=0.43..8.46 rows=1 width=196)
	  ->  Index Scan using sbtest7_pkey on sbtest7  (cost=0.43..8.46 rows=1 width=196)
	        Index Cond: (id = 9887274)

table 8 : explain UPDATE sbtest8 SET k=k+1 WHERE id=1355034
	Update on sbtest8  (cost=0.43..8.46 rows=1 width=196)
	  ->  Index Scan using sbtest8_pkey on sbtest8  (cost=0.43..8.46 rows=1 width=196)
	        Index Cond: (id = 1355034)

explain: for inserts :: explain INSERT INTO sbtest%u (id, k, c, pad) VALUES (%u, 13, 'foobar', 'foobar')
for inserts
table 1 : explain INSERT INTO sbtest1 (id, k, c, pad) VALUES (1510009, 13, 'foobar', 'foobar')
	Insert on sbtest1  (cost=0.00..0.01 rows=1 width=736)
	  ->  Result  (cost=0.00..0.01 rows=1 width=736)

table 2 : explain INSERT INTO sbtest2 (id, k, c, pad) VALUES (7175776, 13, 'foobar', 'foobar')
	Insert on sbtest2  (cost=0.00..0.01 rows=1 width=736)
	  ->  Result  (cost=0.00..0.01 rows=1 width=736)

table 3 : explain INSERT INTO sbtest3 (id, k, c, pad) VALUES (1800637, 13, 'foobar', 'foobar')
	Insert on sbtest3  (cost=0.00..0.01 rows=1 width=736)
	  ->  Result  (cost=0.00..0.01 rows=1 width=736)

table 4 : explain INSERT INTO sbtest4 (id, k, c, pad) VALUES (4083112, 13, 'foobar', 'foobar')
	Insert on sbtest4  (cost=0.00..0.01 rows=1 width=736)
	  ->  Result  (cost=0.00..0.01 rows=1 width=736)

table 5 : explain INSERT INTO sbtest5 (id, k, c, pad) VALUES (1619219, 13, 'foobar', 'foobar')
	Insert on sbtest5  (cost=0.00..0.01 rows=1 width=736)
	  ->  Result  (cost=0.00..0.01 rows=1 width=736)

table 6 : explain INSERT INTO sbtest6 (id, k, c, pad) VALUES (2554655, 13, 'foobar', 'foobar')
	Insert on sbtest6  (cost=0.00..0.01 rows=1 width=736)
	  ->  Result  (cost=0.00..0.01 rows=1 width=736)

table 7 : explain INSERT INTO sbtest7 (id, k, c, pad) VALUES (4863636, 13, 'foobar', 'foobar')
	Insert on sbtest7  (cost=0.00..0.01 rows=1 width=736)
	  ->  Result  (cost=0.00..0.01 rows=1 width=736)

table 8 : explain INSERT INTO sbtest8 (id, k, c, pad) VALUES (7238678, 13, 'foobar', 'foobar')
	Insert on sbtest8  (cost=0.00..0.01 rows=1 width=736)
	  ->  Result  (cost=0.00..0.01 rows=1 width=736)

explain: for non_index_updates :: explain UPDATE sbtest%u SET c='foobar' WHERE id=%u
for inserts
table 1 : explain INSERT INTO sbtest1 (id, k, c, pad) VALUES (1307099, 13, 'foobar', 'foobar')
	Insert on sbtest1  (cost=0.00..0.01 rows=1 width=736)
	  ->  Result  (cost=0.00..0.01 rows=1 width=736)

table 2 : explain INSERT INTO sbtest2 (id, k, c, pad) VALUES (5389373, 13, 'foobar', 'foobar')
	Insert on sbtest2  (cost=0.00..0.01 rows=1 width=736)
	  ->  Result  (cost=0.00..0.01 rows=1 width=736)

table 3 : explain INSERT INTO sbtest3 (id, k, c, pad) VALUES (2364097, 13, 'foobar', 'foobar')
	Insert on sbtest3  (cost=0.00..0.01 rows=1 width=736)
	  ->  Result  (cost=0.00..0.01 rows=1 width=736)

table 4 : explain INSERT INTO sbtest4 (id, k, c, pad) VALUES (9357960, 13, 'foobar', 'foobar')
	Insert on sbtest4  (cost=0.00..0.01 rows=1 width=736)
	  ->  Result  (cost=0.00..0.01 rows=1 width=736)

table 5 : explain INSERT INTO sbtest5 (id, k, c, pad) VALUES (7708311, 13, 'foobar', 'foobar')
	Insert on sbtest5  (cost=0.00..0.01 rows=1 width=736)
	  ->  Result  (cost=0.00..0.01 rows=1 width=736)

table 6 : explain INSERT INTO sbtest6 (id, k, c, pad) VALUES (1156543, 13, 'foobar', 'foobar')
	Insert on sbtest6  (cost=0.00..0.01 rows=1 width=736)
	  ->  Result  (cost=0.00..0.01 rows=1 width=736)

table 7 : explain INSERT INTO sbtest7 (id, k, c, pad) VALUES (3623775, 13, 'foobar', 'foobar')
	Insert on sbtest7  (cost=0.00..0.01 rows=1 width=736)
	  ->  Result  (cost=0.00..0.01 rows=1 width=736)

table 8 : explain INSERT INTO sbtest8 (id, k, c, pad) VALUES (5611215, 13, 'foobar', 'foobar')
	Insert on sbtest8  (cost=0.00..0.01 rows=1 width=736)
	  ->  Result  (cost=0.00..0.01 rows=1 width=736)

for non_index_updates
table 1 : explain UPDATE sbtest1 SET c='foobar' WHERE id=2077614
	Update on sbtest1  (cost=0.43..8.45 rows=1 width=559)
	  ->  Index Scan using sbtest1_pkey on sbtest1  (cost=0.43..8.45 rows=1 width=559)
	        Index Cond: (id = 2077614)

table 2 : explain UPDATE sbtest2 SET c='foobar' WHERE id=9445373
	Update on sbtest2  (cost=0.43..8.45 rows=1 width=559)
	  ->  Index Scan using sbtest2_pkey on sbtest2  (cost=0.43..8.45 rows=1 width=559)
	        Index Cond: (id = 9445373)

table 3 : explain UPDATE sbtest3 SET c='foobar' WHERE id=2203626
	Update on sbtest3  (cost=0.43..8.45 rows=1 width=559)
	  ->  Index Scan using sbtest3_pkey on sbtest3  (cost=0.43..8.45 rows=1 width=559)
	        Index Cond: (id = 2203626)

table 4 : explain UPDATE sbtest4 SET c='foobar' WHERE id=6896133
	Update on sbtest4  (cost=0.43..8.45 rows=1 width=559)
	  ->  Index Scan using sbtest4_pkey on sbtest4  (cost=0.43..8.45 rows=1 width=559)
	        Index Cond: (id = 6896133)

table 5 : explain UPDATE sbtest5 SET c='foobar' WHERE id=8362271
	Update on sbtest5  (cost=0.43..8.45 rows=1 width=559)
	  ->  Index Scan using sbtest5_pkey on sbtest5  (cost=0.43..8.45 rows=1 width=559)
	        Index Cond: (id = 8362271)

table 6 : explain UPDATE sbtest6 SET c='foobar' WHERE id=2796373
	Update on sbtest6  (cost=0.43..8.45 rows=1 width=559)
	  ->  Index Scan using sbtest6_pkey on sbtest6  (cost=0.43..8.45 rows=1 width=559)
	        Index Cond: (id = 2796373)

table 7 : explain UPDATE sbtest7 SET c='foobar' WHERE id=5437345
	Update on sbtest7  (cost=0.43..8.45 rows=1 width=559)
	  ->  Index Scan using sbtest7_pkey on sbtest7  (cost=0.43..8.45 rows=1 width=559)
	        Index Cond: (id = 5437345)

table 8 : explain UPDATE sbtest8 SET c='foobar' WHERE id=8950355
	Update on sbtest8  (cost=0.43..8.45 rows=1 width=559)
	  ->  Index Scan using sbtest8_pkey on sbtest8  (cost=0.43..8.45 rows=1 width=559)
	        Index Cond: (id = 8950355)

explain: for index_updates :: explain UPDATE sbtest%u SET k=k+1 WHERE id=%u
for index_updates
table 1 : explain UPDATE sbtest1 SET k=k+1 WHERE id=6908976
	Update on sbtest1  (cost=0.43..8.46 rows=1 width=196)
	  ->  Index Scan using sbtest1_pkey on sbtest1  (cost=0.43..8.46 rows=1 width=196)
	        Index Cond: (id = 6908976)

table 2 : explain UPDATE sbtest2 SET k=k+1 WHERE id=6994098
	Update on sbtest2  (cost=0.43..8.46 rows=1 width=196)
	  ->  Index Scan using sbtest2_pkey on sbtest2  (cost=0.43..8.46 rows=1 width=196)
	        Index Cond: (id = 6994098)

table 3 : explain UPDATE sbtest3 SET k=k+1 WHERE id=1960919
	Update on sbtest3  (cost=0.43..8.46 rows=1 width=196)
	  ->  Index Scan using sbtest3_pkey on sbtest3  (cost=0.43..8.46 rows=1 width=196)
	        Index Cond: (id = 1960919)

table 4 : explain UPDATE sbtest4 SET k=k+1 WHERE id=6641613
	Update on sbtest4  (cost=0.43..8.46 rows=1 width=196)
	  ->  Index Scan using sbtest4_pkey on sbtest4  (cost=0.43..8.46 rows=1 width=196)
	        Index Cond: (id = 6641613)

table 5 : explain UPDATE sbtest5 SET k=k+1 WHERE id=298352
	Update on sbtest5  (cost=0.43..8.46 rows=1 width=196)
	  ->  Index Scan using sbtest5_pkey on sbtest5  (cost=0.43..8.46 rows=1 width=196)
	        Index Cond: (id = 298352)

table 6 : explain UPDATE sbtest6 SET k=k+1 WHERE id=1874130
	Update on sbtest6  (cost=0.43..8.46 rows=1 width=196)
	  ->  Index Scan using sbtest6_pkey on sbtest6  (cost=0.43..8.46 rows=1 width=196)
	        Index Cond: (id = 1874130)

table 7 : explain UPDATE sbtest7 SET k=k+1 WHERE id=1953927
	Update on sbtest7  (cost=0.43..8.46 rows=1 width=196)
	  ->  Index Scan using sbtest7_pkey on sbtest7  (cost=0.43..8.46 rows=1 width=196)
	        Index Cond: (id = 1953927)

table 8 : explain UPDATE sbtest8 SET k=k+1 WHERE id=1523529
	Update on sbtest8  (cost=0.43..8.46 rows=1 width=196)
	  ->  Index Scan using sbtest8_pkey on sbtest8  (cost=0.43..8.46 rows=1 width=196)
	        Index Cond: (id = 1523529)

explain: for deletes :: explain DELETE FROM sbtest%u WHERE id=%u
for non_index_updates
table 1 : explain UPDATE sbtest1 SET c='foobar' WHERE id=4102171
	Update on sbtest1  (cost=0.43..8.45 rows=1 width=559)
	  ->  Index Scan using sbtest1_pkey on sbtest1  (cost=0.43..8.45 rows=1 width=559)
	        Index Cond: (id = 4102171)

table 2 : explain UPDATE sbtest2 SET c='foobar' WHERE id=7599239
	Update on sbtest2  (cost=0.43..8.45 rows=1 width=559)
	  ->  Index Scan using sbtest2_pkey on sbtest2  (cost=0.43..8.45 rows=1 width=559)
	        Index Cond: (id = 7599239)

table 3 : explain UPDATE sbtest3 SET c='foobar' WHERE id=3297816
	Update on sbtest3  (cost=0.43..8.45 rows=1 width=559)
	  ->  Index Scan using sbtest3_pkey on sbtest3  (cost=0.43..8.45 rows=1 width=559)
	        Index Cond: (id = 3297816)

table 4 : explain UPDATE sbtest4 SET c='foobar' WHERE id=6149381
	Update on sbtest4  (cost=0.43..8.45 rows=1 width=559)
	  ->  Index Scan using sbtest4_pkey on sbtest4  (cost=0.43..8.45 rows=1 width=559)
	        Index Cond: (id = 6149381)

table 5 : explain UPDATE sbtest5 SET c='foobar' WHERE id=2286616
	Update on sbtest5  (cost=0.43..8.45 rows=1 width=559)
	  ->  Index Scan using sbtest5_pkey on sbtest5  (cost=0.43..8.45 rows=1 width=559)
	        Index Cond: (id = 2286616)

table 6 : explain UPDATE sbtest6 SET c='foobar' WHERE id=714070
	Update on sbtest6  (cost=0.43..8.45 rows=1 width=559)
	  ->  Index Scan using sbtest6_pkey on sbtest6  (cost=0.43..8.45 rows=1 width=559)
	        Index Cond: (id = 714070)

table 7 : explain UPDATE sbtest7 SET c='foobar' WHERE id=8210030
	Update on sbtest7  (cost=0.43..8.45 rows=1 width=559)
	  ->  Index Scan using sbtest7_pkey on sbtest7  (cost=0.43..8.45 rows=1 width=559)
	        Index Cond: (id = 8210030)

table 8 : explain UPDATE sbtest8 SET c='foobar' WHERE id=4058914
	Update on sbtest8  (cost=0.43..8.45 rows=1 width=559)
	  ->  Index Scan using sbtest8_pkey on sbtest8  (cost=0.43..8.45 rows=1 width=559)
	        Index Cond: (id = 4058914)

explain: for non_index_updates :: explain UPDATE sbtest%u SET c='foobar' WHERE id=%u
explain: for deletes :: explain DELETE FROM sbtest%u WHERE id=%u
for deletes
table 1 : explain DELETE FROM sbtest1 WHERE id=2294386
	Delete on sbtest1  (cost=0.43..8.45 rows=1 width=6)
	  ->  Index Scan using sbtest1_pkey on sbtest1  (cost=0.43..8.45 rows=1 width=6)
	        Index Cond: (id = 2294386)

table 2 : explain DELETE FROM sbtest2 WHERE id=9789906
	Delete on sbtest2  (cost=0.43..8.45 rows=1 width=6)
	  ->  Index Scan using sbtest2_pkey on sbtest2  (cost=0.43..8.45 rows=1 width=6)
	        Index Cond: (id = 9789906)

table 3 : explain DELETE FROM sbtest3 WHERE id=2375482
	Delete on sbtest3  (cost=0.43..8.45 rows=1 width=6)
	  ->  Index Scan using sbtest3_pkey on sbtest3  (cost=0.43..8.45 rows=1 width=6)
	        Index Cond: (id = 2375482)

table 4 : explain DELETE FROM sbtest4 WHERE id=8861146
	Delete on sbtest4  (cost=0.43..8.45 rows=1 width=6)
	  ->  Index Scan using sbtest4_pkey on sbtest4  (cost=0.43..8.45 rows=1 width=6)
	        Index Cond: (id = 8861146)

table 5 : explain DELETE FROM sbtest5 WHERE id=3676677
	Delete on sbtest5  (cost=0.43..8.45 rows=1 width=6)
	  ->  Index Scan using sbtest5_pkey on sbtest5  (cost=0.43..8.45 rows=1 width=6)
	        Index Cond: (id = 3676677)

table 6 : explain DELETE FROM sbtest6 WHERE id=2839179
	Delete on sbtest6  (cost=0.43..8.45 rows=1 width=6)
	  ->  Index Scan using sbtest6_pkey on sbtest6  (cost=0.43..8.45 rows=1 width=6)
	        Index Cond: (id = 2839179)

table 7 : explain DELETE FROM sbtest7 WHERE id=5361580
	Delete on sbtest7  (cost=0.43..8.45 rows=1 width=6)
	  ->  Index Scan using sbtest7_pkey on sbtest7  (cost=0.43..8.45 rows=1 width=6)
	        Index Cond: (id = 5361580)

table 8 : explain DELETE FROM sbtest8 WHERE id=5511585
	Delete on sbtest8  (cost=0.43..8.45 rows=1 width=6)
	  ->  Index Scan using sbtest8_pkey on sbtest8  (cost=0.43..8.45 rows=1 width=6)
	        Index Cond: (id = 5511585)

for non_index_updates
table 1 : explain UPDATE sbtest1 SET c='foobar' WHERE id=6114404
	Update on sbtest1  (cost=0.43..8.45 rows=1 width=559)
	  ->  Index Scan using sbtest1_pkey on sbtest1  (cost=0.43..8.45 rows=1 width=559)
	        Index Cond: (id = 6114404)

table 2 : explain UPDATE sbtest2 SET c='foobar' WHERE id=7514685
	Update on sbtest2  (cost=0.43..8.45 rows=1 width=559)
	  ->  Index Scan using sbtest2_pkey on sbtest2  (cost=0.43..8.45 rows=1 width=559)
	        Index Cond: (id = 7514685)

table 3 : explain UPDATE sbtest3 SET c='foobar' WHERE id=6583328
	Update on sbtest3  (cost=0.43..8.45 rows=1 width=559)
	  ->  Index Scan using sbtest3_pkey on sbtest3  (cost=0.43..8.45 rows=1 width=559)
	        Index Cond: (id = 6583328)

table 4 : explain UPDATE sbtest4 SET c='foobar' WHERE id=8520103
	Update on sbtest4  (cost=0.43..8.45 rows=1 width=559)
	  ->  Index Scan using sbtest4_pkey on sbtest4  (cost=0.43..8.45 rows=1 width=559)
	        Index Cond: (id = 8520103)

table 5 : explain UPDATE sbtest5 SET c='foobar' WHERE id=6589701
	Update on sbtest5  (cost=0.43..8.45 rows=1 width=559)
	  ->  Index Scan using sbtest5_pkey on sbtest5  (cost=0.43..8.45 rows=1 width=559)
	        Index Cond: (id = 6589701)

table 6 : explain UPDATE sbtest6 SET c='foobar' WHERE id=6784711
	Update on sbtest6  (cost=0.43..8.45 rows=1 width=559)
	  ->  Index Scan using sbtest6_pkey on sbtest6  (cost=0.43..8.45 rows=1 width=559)
	        Index Cond: (id = 6784711)

table 7 : explain UPDATE sbtest7 SET c='foobar' WHERE id=1754740
	Update on sbtest7  (cost=0.43..8.45 rows=1 width=559)
	  ->  Index Scan using sbtest7_pkey on sbtest7  (cost=0.43..8.45 rows=1 width=559)
	        Index Cond: (id = 1754740)

table 8 : explain UPDATE sbtest8 SET c='foobar' WHERE id=7828033
	Update on sbtest8  (cost=0.43..8.45 rows=1 width=559)
	  ->  Index Scan using sbtest8_pkey on sbtest8  (cost=0.43..8.45 rows=1 width=559)
	        Index Cond: (id = 7828033)

for deletes
table 1 : explain DELETE FROM sbtest1 WHERE id=456800
	Delete on sbtest1  (cost=0.43..8.45 rows=1 width=6)
	  ->  Index Scan using sbtest1_pkey on sbtest1  (cost=0.43..8.45 rows=1 width=6)
	        Index Cond: (id = 456800)

table 2 : explain DELETE FROM sbtest2 WHERE id=451254
	Delete on sbtest2  (cost=0.43..8.45 rows=1 width=6)
	  ->  Index Scan using sbtest2_pkey on sbtest2  (cost=0.43..8.45 rows=1 width=6)
	        Index Cond: (id = 451254)

table 3 : explain DELETE FROM sbtest3 WHERE id=9000907
	Delete on sbtest3  (cost=0.43..8.45 rows=1 width=6)
	  ->  Index Scan using sbtest3_pkey on sbtest3  (cost=0.43..8.45 rows=1 width=6)
	        Index Cond: (id = 9000907)

table 4 : explain DELETE FROM sbtest4 WHERE id=2232953
	Delete on sbtest4  (cost=0.43..8.45 rows=1 width=6)
	  ->  Index Scan using sbtest4_pkey on sbtest4  (cost=0.43..8.45 rows=1 width=6)
	        Index Cond: (id = 2232953)

table 5 : explain DELETE FROM sbtest5 WHERE id=9477256
	Delete on sbtest5  (cost=0.43..8.45 rows=1 width=6)
	  ->  Index Scan using sbtest5_pkey on sbtest5  (cost=0.43..8.45 rows=1 width=6)
	        Index Cond: (id = 9477256)

table 6 : explain DELETE FROM sbtest6 WHERE id=9803670
	Delete on sbtest6  (cost=0.43..8.45 rows=1 width=6)
	  ->  Index Scan using sbtest6_pkey on sbtest6  (cost=0.43..8.45 rows=1 width=6)
	        Index Cond: (id = 9803670)

table 7 : explain DELETE FROM sbtest7 WHERE id=8524016
	Delete on sbtest7  (cost=0.43..8.45 rows=1 width=6)
	  ->  Index Scan using sbtest7_pkey on sbtest7  (cost=0.43..8.45 rows=1 width=6)
	        Index Cond: (id = 8524016)

table 8 : explain DELETE FROM sbtest8 WHERE id=9378974
	Delete on sbtest8  (cost=0.43..8.45 rows=1 width=6)
	  ->  Index Scan using sbtest8_pkey on sbtest8  (cost=0.43..8.45 rows=1 width=6)
	        Index Cond: (id = 9378974)

explain: for inserts :: explain INSERT INTO sbtest%u (id, k, c, pad) VALUES (%u, 13, 'foobar', 'foobar')
explain: for deletes :: explain DELETE FROM sbtest%u WHERE id=%u
for inserts
table 1 : explain INSERT INTO sbtest1 (id, k, c, pad) VALUES (273517, 13, 'foobar', 'foobar')
	Insert on sbtest1  (cost=0.00..0.01 rows=1 width=736)
	  ->  Result  (cost=0.00..0.01 rows=1 width=736)

table 2 : explain INSERT INTO sbtest2 (id, k, c, pad) VALUES (7952064, 13, 'foobar', 'foobar')
	Insert on sbtest2  (cost=0.00..0.01 rows=1 width=736)
	  ->  Result  (cost=0.00..0.01 rows=1 width=736)

table 3 : explain INSERT INTO sbtest3 (id, k, c, pad) VALUES (3342407, 13, 'foobar', 'foobar')
	Insert on sbtest3  (cost=0.00..0.01 rows=1 width=736)
	  ->  Result  (cost=0.00..0.01 rows=1 width=736)

table 4 : explain INSERT INTO sbtest4 (id, k, c, pad) VALUES (2910625, 13, 'foobar', 'foobar')
	Insert on sbtest4  (cost=0.00..0.01 rows=1 width=736)
	  ->  Result  (cost=0.00..0.01 rows=1 width=736)

table 5 : explain INSERT INTO sbtest5 (id, k, c, pad) VALUES (1821259, 13, 'foobar', 'foobar')
	Insert on sbtest5  (cost=0.00..0.01 rows=1 width=736)
	  ->  Result  (cost=0.00..0.01 rows=1 width=736)

table 6 : explain INSERT INTO sbtest6 (id, k, c, pad) VALUES (8803785, 13, 'foobar', 'foobar')
	Insert on sbtest6  (cost=0.00..0.01 rows=1 width=736)
	  ->  Result  (cost=0.00..0.01 rows=1 width=736)

table 7 : explain INSERT INTO sbtest7 (id, k, c, pad) VALUES (7070115, 13, 'foobar', 'foobar')
	Insert on sbtest7  (cost=0.00..0.01 rows=1 width=736)
	  ->  Result  (cost=0.00..0.01 rows=1 width=736)

table 8 : explain INSERT INTO sbtest8 (id, k, c, pad) VALUES (7092528, 13, 'foobar', 'foobar')
	Insert on sbtest8  (cost=0.00..0.01 rows=1 width=736)
	  ->  Result  (cost=0.00..0.01 rows=1 width=736)

explain: for inserts :: explain INSERT INTO sbtest%u (id, k, c, pad) VALUES (%u, 13, 'foobar', 'foobar')
for deletes
table 1 : explain DELETE FROM sbtest1 WHERE id=9737743
	Delete on sbtest1  (cost=0.43..8.45 rows=1 width=6)
	  ->  Index Scan using sbtest1_pkey on sbtest1  (cost=0.43..8.45 rows=1 width=6)
	        Index Cond: (id = 9737743)

table 2 : explain DELETE FROM sbtest2 WHERE id=9193911
	Delete on sbtest2  (cost=0.43..8.45 rows=1 width=6)
	  ->  Index Scan using sbtest2_pkey on sbtest2  (cost=0.43..8.45 rows=1 width=6)
	        Index Cond: (id = 9193911)

table 3 : explain DELETE FROM sbtest3 WHERE id=503295
	Delete on sbtest3  (cost=0.43..8.45 rows=1 width=6)
	  ->  Index Scan using sbtest3_pkey on sbtest3  (cost=0.43..8.45 rows=1 width=6)
	        Index Cond: (id = 503295)

table 4 : explain DELETE FROM sbtest4 WHERE id=707560
	Delete on sbtest4  (cost=0.43..8.45 rows=1 width=6)
	  ->  Index Scan using sbtest4_pkey on sbtest4  (cost=0.43..8.45 rows=1 width=6)
	        Index Cond: (id = 707560)

table 5 : explain DELETE FROM sbtest5 WHERE id=3441546
	Delete on sbtest5  (cost=0.43..8.45 rows=1 width=6)
	  ->  Index Scan using sbtest5_pkey on sbtest5  (cost=0.43..8.45 rows=1 width=6)
	        Index Cond: (id = 3441546)

table 6 : explain DELETE FROM sbtest6 WHERE id=147087
	Delete on sbtest6  (cost=0.43..8.45 rows=1 width=6)
	  ->  Index Scan using sbtest6_pkey on sbtest6  (cost=0.43..8.45 rows=1 width=6)
	        Index Cond: (id = 147087)

table 7 : explain DELETE FROM sbtest7 WHERE id=4555420
	Delete on sbtest7  (cost=0.43..8.45 rows=1 width=6)
	  ->  Index Scan using sbtest7_pkey on sbtest7  (cost=0.43..8.45 rows=1 width=6)
	        Index Cond: (id = 4555420)

table 8 : explain DELETE FROM sbtest8 WHERE id=2962104
	Delete on sbtest8  (cost=0.43..8.45 rows=1 width=6)
	  ->  Index Scan using sbtest8_pkey on sbtest8  (cost=0.43..8.45 rows=1 width=6)
	        Index Cond: (id = 2962104)

for index_updates
table 1 : explain UPDATE sbtest1 SET k=k+1 WHERE id=5556979
	Update on sbtest1  (cost=0.43..8.46 rows=1 width=196)
	  ->  Index Scan using sbtest1_pkey on sbtest1  (cost=0.43..8.46 rows=1 width=196)
	        Index Cond: (id = 5556979)

table 2 : explain UPDATE sbtest2 SET k=k+1 WHERE id=8281999
	Update on sbtest2  (cost=0.43..8.46 rows=1 width=196)
	  ->  Index Scan using sbtest2_pkey on sbtest2  (cost=0.43..8.46 rows=1 width=196)
	        Index Cond: (id = 8281999)

table 3 : explain UPDATE sbtest3 SET k=k+1 WHERE id=2144827
	Update on sbtest3  (cost=0.43..8.46 rows=1 width=196)
	  ->  Index Scan using sbtest3_pkey on sbtest3  (cost=0.43..8.46 rows=1 width=196)
	        Index Cond: (id = 2144827)

table 4 : explain UPDATE sbtest4 SET k=k+1 WHERE id=5557631
	Update on sbtest4  (cost=0.43..8.46 rows=1 width=196)
	  ->  Index Scan using sbtest4_pkey on sbtest4  (cost=0.43..8.46 rows=1 width=196)
	        Index Cond: (id = 5557631)

table 5 : explain UPDATE sbtest5 SET k=k+1 WHERE id=6901568
	Update on sbtest5  (cost=0.43..8.46 rows=1 width=196)
	  ->  Index Scan using sbtest5_pkey on sbtest5  (cost=0.43..8.46 rows=1 width=196)
	        Index Cond: (id = 6901568)

table 6 : explain UPDATE sbtest6 SET k=k+1 WHERE id=9232164
	Update on sbtest6  (cost=0.43..8.46 rows=1 width=196)
	  ->  Index Scan using sbtest6_pkey on sbtest6  (cost=0.43..8.46 rows=1 width=196)
	        Index Cond: (id = 9232164)

table 7 : explain UPDATE sbtest7 SET k=k+1 WHERE id=1978193
	Update on sbtest7  (cost=0.43..8.46 rows=1 width=196)
	  ->  Index Scan using sbtest7_pkey on sbtest7  (cost=0.43..8.46 rows=1 width=196)
	        Index Cond: (id = 1978193)

table 8 : explain UPDATE sbtest8 SET k=k+1 WHERE id=6225681
	Update on sbtest8  (cost=0.43..8.46 rows=1 width=196)
	  ->  Index Scan using sbtest8_pkey on sbtest8  (cost=0.43..8.46 rows=1 width=196)
	        Index Cond: (id = 6225681)

for inserts
table 1 : explain INSERT INTO sbtest1 (id, k, c, pad) VALUES (9629653, 13, 'foobar', 'foobar')
	Insert on sbtest1  (cost=0.00..0.01 rows=1 width=736)
	  ->  Result  (cost=0.00..0.01 rows=1 width=736)

table 2 : explain INSERT INTO sbtest2 (id, k, c, pad) VALUES (4151370, 13, 'foobar', 'foobar')
	Insert on sbtest2  (cost=0.00..0.01 rows=1 width=736)
	  ->  Result  (cost=0.00..0.01 rows=1 width=736)

table 3 : explain INSERT INTO sbtest3 (id, k, c, pad) VALUES (8946805, 13, 'foobar', 'foobar')
	Insert on sbtest3  (cost=0.00..0.01 rows=1 width=736)
	  ->  Result  (cost=0.00..0.01 rows=1 width=736)

table 4 : explain INSERT INTO sbtest4 (id, k, c, pad) VALUES (6331979, 13, 'foobar', 'foobar')
	Insert on sbtest4  (cost=0.00..0.01 rows=1 width=736)
	  ->  Result  (cost=0.00..0.01 rows=1 width=736)

table 5 : explain INSERT INTO sbtest5 (id, k, c, pad) VALUES (2510356, 13, 'foobar', 'foobar')
	Insert on sbtest5  (cost=0.00..0.01 rows=1 width=736)
	  ->  Result  (cost=0.00..0.01 rows=1 width=736)

table 6 : explain INSERT INTO sbtest6 (id, k, c, pad) VALUES (9394570, 13, 'foobar', 'foobar')
	Insert on sbtest6  (cost=0.00..0.01 rows=1 width=736)
	  ->  Result  (cost=0.00..0.01 rows=1 width=736)

table 7 : explain INSERT INTO sbtest7 (id, k, c, pad) VALUES (7594098, 13, 'foobar', 'foobar')
	Insert on sbtest7  (cost=0.00..0.01 rows=1 width=736)
	  ->  Result  (cost=0.00..0.01 rows=1 width=736)

table 8 : explain INSERT INTO sbtest8 (id, k, c, pad) VALUES (668817, 13, 'foobar', 'foobar')
	Insert on sbtest8  (cost=0.00..0.01 rows=1 width=736)
	  ->  Result  (cost=0.00..0.01 rows=1 width=736)

explain: for inserts :: explain INSERT INTO sbtest%u (id, k, c, pad) VALUES (%u, 13, 'foobar', 'foobar')
explain: for non_index_updates :: explain UPDATE sbtest%u SET c='foobar' WHERE id=%u
for inserts
table 1 : explain INSERT INTO sbtest1 (id, k, c, pad) VALUES (9626493, 13, 'foobar', 'foobar')
	Insert on sbtest1  (cost=0.00..0.01 rows=1 width=736)
	  ->  Result  (cost=0.00..0.01 rows=1 width=736)

table 2 : explain INSERT INTO sbtest2 (id, k, c, pad) VALUES (2286407, 13, 'foobar', 'foobar')
	Insert on sbtest2  (cost=0.00..0.01 rows=1 width=736)
	  ->  Result  (cost=0.00..0.01 rows=1 width=736)

table 3 : explain INSERT INTO sbtest3 (id, k, c, pad) VALUES (585568, 13, 'foobar', 'foobar')
	Insert on sbtest3  (cost=0.00..0.01 rows=1 width=736)
	  ->  Result  (cost=0.00..0.01 rows=1 width=736)

table 4 : explain INSERT INTO sbtest4 (id, k, c, pad) VALUES (2401944, 13, 'foobar', 'foobar')
	Insert on sbtest4  (cost=0.00..0.01 rows=1 width=736)
	  ->  Result  (cost=0.00..0.01 rows=1 width=736)

table 5 : explain INSERT INTO sbtest5 (id, k, c, pad) VALUES (6999899, 13, 'foobar', 'foobar')
	Insert on sbtest5  (cost=0.00..0.01 rows=1 width=736)
	  ->  Result  (cost=0.00..0.01 rows=1 width=736)

table 6 : explain INSERT INTO sbtest6 (id, k, c, pad) VALUES (4170752, 13, 'foobar', 'foobar')
	Insert on sbtest6  (cost=0.00..0.01 rows=1 width=736)
	  ->  Result  (cost=0.00..0.01 rows=1 width=736)

table 7 : explain INSERT INTO sbtest7 (id, k, c, pad) VALUES (1800775, 13, 'foobar', 'foobar')
	Insert on sbtest7  (cost=0.00..0.01 rows=1 width=736)
	  ->  Result  (cost=0.00..0.01 rows=1 width=736)

table 8 : explain INSERT INTO sbtest8 (id, k, c, pad) VALUES (7655296, 13, 'foobar', 'foobar')
	Insert on sbtest8  (cost=0.00..0.01 rows=1 width=736)
	  ->  Result  (cost=0.00..0.01 rows=1 width=736)

for non_index_updates
table 1 : explain UPDATE sbtest1 SET c='foobar' WHERE id=5323737
	Update on sbtest1  (cost=0.43..8.45 rows=1 width=559)
	  ->  Index Scan using sbtest1_pkey on sbtest1  (cost=0.43..8.45 rows=1 width=559)
	        Index Cond: (id = 5323737)

table 2 : explain UPDATE sbtest2 SET c='foobar' WHERE id=3189694
	Update on sbtest2  (cost=0.43..8.45 rows=1 width=559)
	  ->  Index Scan using sbtest2_pkey on sbtest2  (cost=0.43..8.45 rows=1 width=559)
	        Index Cond: (id = 3189694)

table 3 : explain UPDATE sbtest3 SET c='foobar' WHERE id=7944751
	Update on sbtest3  (cost=0.43..8.45 rows=1 width=559)
	  ->  Index Scan using sbtest3_pkey on sbtest3  (cost=0.43..8.45 rows=1 width=559)
	        Index Cond: (id = 7944751)

table 4 : explain UPDATE sbtest4 SET c='foobar' WHERE id=3678318
	Update on sbtest4  (cost=0.43..8.45 rows=1 width=559)
	  ->  Index Scan using sbtest4_pkey on sbtest4  (cost=0.43..8.45 rows=1 width=559)
	        Index Cond: (id = 3678318)

table 5 : explain UPDATE sbtest5 SET c='foobar' WHERE id=151991
	Update on sbtest5  (cost=0.43..8.45 rows=1 width=559)
	  ->  Index Scan using sbtest5_pkey on sbtest5  (cost=0.43..8.45 rows=1 width=559)
	        Index Cond: (id = 151991)

table 6 : explain UPDATE sbtest6 SET c='foobar' WHERE id=5635723
	Update on sbtest6  (cost=0.43..8.45 rows=1 width=559)
	  ->  Index Scan using sbtest6_pkey on sbtest6  (cost=0.43..8.45 rows=1 width=559)
	        Index Cond: (id = 5635723)

table 7 : explain UPDATE sbtest7 SET c='foobar' WHERE id=7468607
	Update on sbtest7  (cost=0.43..8.45 rows=1 width=559)
	  ->  Index Scan using sbtest7_pkey on sbtest7  (cost=0.43..8.45 rows=1 width=559)
	        Index Cond: (id = 7468607)

table 8 : explain UPDATE sbtest8 SET c='foobar' WHERE id=1627401
	Update on sbtest8  (cost=0.43..8.45 rows=1 width=559)
	  ->  Index Scan using sbtest8_pkey on sbtest8  (cost=0.43..8.45 rows=1 width=559)
	        Index Cond: (id = 1627401)

explain: for index_updates :: explain UPDATE sbtest%u SET k=k+1 WHERE id=%u
explain: for index_updates :: explain UPDATE sbtest%u SET k=k+1 WHERE id=%u
explain: for index_updates :: explain UPDATE sbtest%u SET k=k+1 WHERE id=%u
explain: for deletes :: explain DELETE FROM sbtest%u WHERE id=%u
for deletes
table 1 : explain DELETE FROM sbtest1 WHERE id=8713388
	Delete on sbtest1  (cost=0.43..8.45 rows=1 width=6)
	  ->  Index Scan using sbtest1_pkey on sbtest1  (cost=0.43..8.45 rows=1 width=6)
	        Index Cond: (id = 8713388)

table 2 : explain DELETE FROM sbtest2 WHERE id=2208236
	Delete on sbtest2  (cost=0.43..8.45 rows=1 width=6)
	  ->  Index Scan using sbtest2_pkey on sbtest2  (cost=0.43..8.45 rows=1 width=6)
	        Index Cond: (id = 2208236)

table 3 : explain DELETE FROM sbtest3 WHERE id=2779394
	Delete on sbtest3  (cost=0.43..8.45 rows=1 width=6)
	  ->  Index Scan using sbtest3_pkey on sbtest3  (cost=0.43..8.45 rows=1 width=6)
	        Index Cond: (id = 2779394)

table 4 : explain DELETE FROM sbtest4 WHERE id=7171312
	Delete on sbtest4  (cost=0.43..8.45 rows=1 width=6)
	  ->  Index Scan using sbtest4_pkey on sbtest4  (cost=0.43..8.45 rows=1 width=6)
	        Index Cond: (id = 7171312)

table 5 : explain DELETE FROM sbtest5 WHERE id=6498375
	Delete on sbtest5  (cost=0.43..8.45 rows=1 width=6)
	  ->  Index Scan using sbtest5_pkey on sbtest5  (cost=0.43..8.45 rows=1 width=6)
	        Index Cond: (id = 6498375)

table 6 : explain DELETE FROM sbtest6 WHERE id=6474708
	Delete on sbtest6  (cost=0.43..8.45 rows=1 width=6)
	  ->  Index Scan using sbtest6_pkey on sbtest6  (cost=0.43..8.45 rows=1 width=6)
	        Index Cond: (id = 6474708)

table 7 : explain DELETE FROM sbtest7 WHERE id=5486184
	Delete on sbtest7  (cost=0.43..8.45 rows=1 width=6)
	  ->  Index Scan using sbtest7_pkey on sbtest7  (cost=0.43..8.45 rows=1 width=6)
	        Index Cond: (id = 5486184)

table 8 : explain DELETE FROM sbtest8 WHERE id=4551606
	Delete on sbtest8  (cost=0.43..8.45 rows=1 width=6)
	  ->  Index Scan using sbtest8_pkey on sbtest8  (cost=0.43..8.45 rows=1 width=6)
	        Index Cond: (id = 4551606)

explain: for index_updates :: explain UPDATE sbtest%u SET k=k+1 WHERE id=%u
explain: for inserts :: explain INSERT INTO sbtest%u (id, k, c, pad) VALUES (%u, 13, 'foobar', 'foobar')
explain: for index_updates :: explain UPDATE sbtest%u SET k=k+1 WHERE id=%u
explain: for index_updates :: explain UPDATE sbtest%u SET k=k+1 WHERE id=%u
for inserts
table 1 : explain INSERT INTO sbtest1 (id, k, c, pad) VALUES (10219, 13, 'foobar', 'foobar')
	Insert on sbtest1  (cost=0.00..0.01 rows=1 width=736)
	  ->  Result  (cost=0.00..0.01 rows=1 width=736)

table 2 : explain INSERT INTO sbtest2 (id, k, c, pad) VALUES (4299163, 13, 'foobar', 'foobar')
	Insert on sbtest2  (cost=0.00..0.01 rows=1 width=736)
	  ->  Result  (cost=0.00..0.01 rows=1 width=736)

table 3 : explain INSERT INTO sbtest3 (id, k, c, pad) VALUES (8493681, 13, 'foobar', 'foobar')
	Insert on sbtest3  (cost=0.00..0.01 rows=1 width=736)
	  ->  Result  (cost=0.00..0.01 rows=1 width=736)

table 4 : explain INSERT INTO sbtest4 (id, k, c, pad) VALUES (6656920, 13, 'foobar', 'foobar')
	Insert on sbtest4  (cost=0.00..0.01 rows=1 width=736)
	  ->  Result  (cost=0.00..0.01 rows=1 width=736)

table 5 : explain INSERT INTO sbtest5 (id, k, c, pad) VALUES (683167, 13, 'foobar', 'foobar')
	Insert on sbtest5  (cost=0.00..0.01 rows=1 width=736)
	  ->  Result  (cost=0.00..0.01 rows=1 width=736)

table 6 : explain INSERT INTO sbtest6 (id, k, c, pad) VALUES (3972257, 13, 'foobar', 'foobar')
	Insert on sbtest6  (cost=0.00..0.01 rows=1 width=736)
	  ->  Result  (cost=0.00..0.01 rows=1 width=736)

table 7 : explain INSERT INTO sbtest7 (id, k, c, pad) VALUES (9790706, 13, 'foobar', 'foobar')
	Insert on sbtest7  (cost=0.00..0.01 rows=1 width=736)
	  ->  Result  (cost=0.00..0.01 rows=1 width=736)

table 8 : explain INSERT INTO sbtest8 (id, k, c, pad) VALUES (8353464, 13, 'foobar', 'foobar')
	Insert on sbtest8  (cost=0.00..0.01 rows=1 width=736)
	  ->  Result  (cost=0.00..0.01 rows=1 width=736)

explain: for index_updates :: explain UPDATE sbtest%u SET k=k+1 WHERE id=%u
explain: for index_updates :: explain UPDATE sbtest%u SET k=k+1 WHERE id=%u
for index_updates
table 1 : explain UPDATE sbtest1 SET k=k+1 WHERE id=4890938
	Update on sbtest1  (cost=0.43..8.46 rows=1 width=196)
	  ->  Index Scan using sbtest1_pkey on sbtest1  (cost=0.43..8.46 rows=1 width=196)
	        Index Cond: (id = 4890938)

table 2 : explain UPDATE sbtest2 SET k=k+1 WHERE id=2164673
	Update on sbtest2  (cost=0.43..8.46 rows=1 width=196)
	  ->  Index Scan using sbtest2_pkey on sbtest2  (cost=0.43..8.46 rows=1 width=196)
	        Index Cond: (id = 2164673)

table 3 : explain UPDATE sbtest3 SET k=k+1 WHERE id=5446267
	Update on sbtest3  (cost=0.43..8.46 rows=1 width=196)
	  ->  Index Scan using sbtest3_pkey on sbtest3  (cost=0.43..8.46 rows=1 width=196)
	        Index Cond: (id = 5446267)

table 4 : explain UPDATE sbtest4 SET k=k+1 WHERE id=666294
	Update on sbtest4  (cost=0.43..8.46 rows=1 width=196)
	  ->  Index Scan using sbtest4_pkey on sbtest4  (cost=0.43..8.46 rows=1 width=196)
	        Index Cond: (id = 666294)

table 5 : explain UPDATE sbtest5 SET k=k+1 WHERE id=6850123
	Update on sbtest5  (cost=0.43..8.46 rows=1 width=196)
	  ->  Index Scan using sbtest5_pkey on sbtest5  (cost=0.43..8.46 rows=1 width=196)
	        Index Cond: (id = 6850123)

table 6 : explain UPDATE sbtest6 SET k=k+1 WHERE id=297227
	Update on sbtest6  (cost=0.43..8.46 rows=1 width=196)
	  ->  Index Scan using sbtest6_pkey on sbtest6  (cost=0.43..8.46 rows=1 width=196)
	        Index Cond: (id = 297227)

table 7 : explain UPDATE sbtest7 SET k=k+1 WHERE id=298575
	Update on sbtest7  (cost=0.43..8.46 rows=1 width=196)
	  ->  Index Scan using sbtest7_pkey on sbtest7  (cost=0.43..8.46 rows=1 width=196)
	        Index Cond: (id = 298575)

table 8 : explain UPDATE sbtest8 SET k=k+1 WHERE id=4562908
	Update on sbtest8  (cost=0.43..8.46 rows=1 width=196)
	  ->  Index Scan using sbtest8_pkey on sbtest8  (cost=0.43..8.46 rows=1 width=196)
	        Index Cond: (id = 4562908)

explain: for non_index_updates :: explain UPDATE sbtest%u SET c='foobar' WHERE id=%u
for index_updates
table 1 : explain UPDATE sbtest1 SET k=k+1 WHERE id=5940564
	Update on sbtest1  (cost=0.43..8.46 rows=1 width=196)
	  ->  Index Scan using sbtest1_pkey on sbtest1  (cost=0.43..8.46 rows=1 width=196)
	        Index Cond: (id = 5940564)

table 2 : explain UPDATE sbtest2 SET k=k+1 WHERE id=8524260
	Update on sbtest2  (cost=0.43..8.46 rows=1 width=196)
	  ->  Index Scan using sbtest2_pkey on sbtest2  (cost=0.43..8.46 rows=1 width=196)
	        Index Cond: (id = 8524260)

table 3 : explain UPDATE sbtest3 SET k=k+1 WHERE id=1427616
	Update on sbtest3  (cost=0.43..8.46 rows=1 width=196)
	  ->  Index Scan using sbtest3_pkey on sbtest3  (cost=0.43..8.46 rows=1 width=196)
	        Index Cond: (id = 1427616)

table 4 : explain UPDATE sbtest4 SET k=k+1 WHERE id=3742227
	Update on sbtest4  (cost=0.43..8.46 rows=1 width=196)
	  ->  Index Scan using sbtest4_pkey on sbtest4  (cost=0.43..8.46 rows=1 width=196)
	        Index Cond: (id = 3742227)

table 5 : explain UPDATE sbtest5 SET k=k+1 WHERE id=1771026
	Update on sbtest5  (cost=0.43..8.46 rows=1 width=196)
	  ->  Index Scan using sbtest5_pkey on sbtest5  (cost=0.43..8.46 rows=1 width=196)
	        Index Cond: (id = 1771026)

table 6 : explain UPDATE sbtest6 SET k=k+1 WHERE id=9429424
	Update on sbtest6  (cost=0.43..8.46 rows=1 width=196)
	  ->  Index Scan using sbtest6_pkey on sbtest6  (cost=0.43..8.46 rows=1 width=196)
	        Index Cond: (id = 9429424)

table 7 : explain UPDATE sbtest7 SET k=k+1 WHERE id=921165
	Update on sbtest7  (cost=0.43..8.46 rows=1 width=196)
	  ->  Index Scan using sbtest7_pkey on sbtest7  (cost=0.43..8.46 rows=1 width=196)
	        Index Cond: (id = 921165)

table 8 : explain UPDATE sbtest8 SET k=k+1 WHERE id=4154369
	Update on sbtest8  (cost=0.43..8.46 rows=1 width=196)
	  ->  Index Scan using sbtest8_pkey on sbtest8  (cost=0.43..8.46 rows=1 width=196)
	        Index Cond: (id = 4154369)

for index_updates
table 1 : explain UPDATE sbtest1 SET k=k+1 WHERE id=5338503
	Update on sbtest1  (cost=0.43..8.46 rows=1 width=196)
	  ->  Index Scan using sbtest1_pkey on sbtest1  (cost=0.43..8.46 rows=1 width=196)
	        Index Cond: (id = 5338503)

table 2 : explain UPDATE sbtest2 SET k=k+1 WHERE id=6994263
	Update on sbtest2  (cost=0.43..8.46 rows=1 width=196)
	  ->  Index Scan using sbtest2_pkey on sbtest2  (cost=0.43..8.46 rows=1 width=196)
	        Index Cond: (id = 6994263)

table 3 : explain UPDATE sbtest3 SET k=k+1 WHERE id=5502861
	Update on sbtest3  (cost=0.43..8.46 rows=1 width=196)
	  ->  Index Scan using sbtest3_pkey on sbtest3  (cost=0.43..8.46 rows=1 width=196)
	        Index Cond: (id = 5502861)

table 4 : explain UPDATE sbtest4 SET k=k+1 WHERE id=5520435
	Update on sbtest4  (cost=0.43..8.46 rows=1 width=196)
	  ->  Index Scan using sbtest4_pkey on sbtest4  (cost=0.43..8.46 rows=1 width=196)
	        Index Cond: (id = 5520435)

table 5 : explain UPDATE sbtest5 SET k=k+1 WHERE id=3858956
	Update on sbtest5  (cost=0.43..8.46 rows=1 width=196)
	  ->  Index Scan using sbtest5_pkey on sbtest5  (cost=0.43..8.46 rows=1 width=196)
	        Index Cond: (id = 3858956)

table 6 : explain UPDATE sbtest6 SET k=k+1 WHERE id=8532394
	Update on sbtest6  (cost=0.43..8.46 rows=1 width=196)
	  ->  Index Scan using sbtest6_pkey on sbtest6  (cost=0.43..8.46 rows=1 width=196)
	        Index Cond: (id = 8532394)

table 7 : explain UPDATE sbtest7 SET k=k+1 WHERE id=5810590
	Update on sbtest7  (cost=0.43..8.46 rows=1 width=196)
	  ->  Index Scan using sbtest7_pkey on sbtest7  (cost=0.43..8.46 rows=1 width=196)
	        Index Cond: (id = 5810590)

table 8 : explain UPDATE sbtest8 SET k=k+1 WHERE id=4625078
	Update on sbtest8  (cost=0.43..8.46 rows=1 width=196)
	  ->  Index Scan using sbtest8_pkey on sbtest8  (cost=0.43..8.46 rows=1 width=196)
	        Index Cond: (id = 4625078)

for non_index_updates
table 1 : explain UPDATE sbtest1 SET c='foobar' WHERE id=9456723
	Update on sbtest1  (cost=0.43..8.45 rows=1 width=559)
	  ->  Index Scan using sbtest1_pkey on sbtest1  (cost=0.43..8.45 rows=1 width=559)
	        Index Cond: (id = 9456723)

table 2 : explain UPDATE sbtest2 SET c='foobar' WHERE id=7642160
	Update on sbtest2  (cost=0.43..8.45 rows=1 width=559)
	  ->  Index Scan using sbtest2_pkey on sbtest2  (cost=0.43..8.45 rows=1 width=559)
	        Index Cond: (id = 7642160)

table 3 : explain UPDATE sbtest3 SET c='foobar' WHERE id=8861018
	Update on sbtest3  (cost=0.43..8.45 rows=1 width=559)
	  ->  Index Scan using sbtest3_pkey on sbtest3  (cost=0.43..8.45 rows=1 width=559)
	        Index Cond: (id = 8861018)

table 4 : explain UPDATE sbtest4 SET c='foobar' WHERE id=1569738
	Update on sbtest4  (cost=0.43..8.45 rows=1 width=559)
	  ->  Index Scan using sbtest4_pkey on sbtest4  (cost=0.43..8.45 rows=1 width=559)
	        Index Cond: (id = 1569738)

table 5 : explain UPDATE sbtest5 SET c='foobar' WHERE id=2330513
	Update on sbtest5  (cost=0.43..8.45 rows=1 width=559)
	  ->  Index Scan using sbtest5_pkey on sbtest5  (cost=0.43..8.45 rows=1 width=559)
	        Index Cond: (id = 2330513)

table 6 : explain UPDATE sbtest6 SET c='foobar' WHERE id=5455278
	Update on sbtest6  (cost=0.43..8.45 rows=1 width=559)
	  ->  Index Scan using sbtest6_pkey on sbtest6  (cost=0.43..8.45 rows=1 width=559)
	        Index Cond: (id = 5455278)

table 7 : explain UPDATE sbtest7 SET c='foobar' WHERE id=2244340
	Update on sbtest7  (cost=0.43..8.45 rows=1 width=559)
	  ->  Index Scan using sbtest7_pkey on sbtest7  (cost=0.43..8.45 rows=1 width=559)
	        Index Cond: (id = 2244340)

table 8 : explain UPDATE sbtest8 SET c='foobar' WHERE id=7995708
	Update on sbtest8  (cost=0.43..8.45 rows=1 width=559)
	  ->  Index Scan using sbtest8_pkey on sbtest8  (cost=0.43..8.45 rows=1 width=559)
	        Index Cond: (id = 7995708)

explain: for index_updates :: explain UPDATE sbtest%u SET k=k+1 WHERE id=%u
for index_updates
table 1 : explain UPDATE sbtest1 SET k=k+1 WHERE id=5846559
	Update on sbtest1  (cost=0.43..8.46 rows=1 width=196)
	  ->  Index Scan using sbtest1_pkey on sbtest1  (cost=0.43..8.46 rows=1 width=196)
	        Index Cond: (id = 5846559)

table 2 : explain UPDATE sbtest2 SET k=k+1 WHERE id=6254505
	Update on sbtest2  (cost=0.43..8.46 rows=1 width=196)
	  ->  Index Scan using sbtest2_pkey on sbtest2  (cost=0.43..8.46 rows=1 width=196)
	        Index Cond: (id = 6254505)

table 3 : explain UPDATE sbtest3 SET k=k+1 WHERE id=2811266
	Update on sbtest3  (cost=0.43..8.46 rows=1 width=196)
	  ->  Index Scan using sbtest3_pkey on sbtest3  (cost=0.43..8.46 rows=1 width=196)
	        Index Cond: (id = 2811266)

table 4 : explain UPDATE sbtest4 SET k=k+1 WHERE id=701238
	Update on sbtest4  (cost=0.43..8.46 rows=1 width=196)
	  ->  Index Scan using sbtest4_pkey on sbtest4  (cost=0.43..8.46 rows=1 width=196)
	        Index Cond: (id = 701238)

table 5 : explain UPDATE sbtest5 SET k=k+1 WHERE id=9235660
	Update on sbtest5  (cost=0.43..8.46 rows=1 width=196)
	  ->  Index Scan using sbtest5_pkey on sbtest5  (cost=0.43..8.46 rows=1 width=196)
	        Index Cond: (id = 9235660)

table 6 : explain UPDATE sbtest6 SET k=k+1 WHERE id=3517450
	Update on sbtest6  (cost=0.43..8.46 rows=1 width=196)
	  ->  Index Scan using sbtest6_pkey on sbtest6  (cost=0.43..8.46 rows=1 width=196)
	        Index Cond: (id = 3517450)

table 7 : explain UPDATE sbtest7 SET k=k+1 WHERE id=2504056
	Update on sbtest7  (cost=0.43..8.46 rows=1 width=196)
	  ->  Index Scan using sbtest7_pkey on sbtest7  (cost=0.43..8.46 rows=1 width=196)
	        Index Cond: (id = 2504056)

table 8 : explain UPDATE sbtest8 SET k=k+1 WHERE id=7571958
	Update on sbtest8  (cost=0.43..8.46 rows=1 width=196)
	  ->  Index Scan using sbtest8_pkey on sbtest8  (cost=0.43..8.46 rows=1 width=196)
	        Index Cond: (id = 7571958)

explain: for index_updates :: explain UPDATE sbtest%u SET k=k+1 WHERE id=%u
explain: for deletes :: explain DELETE FROM sbtest%u WHERE id=%u
explain: for non_index_updates :: explain UPDATE sbtest%u SET c='foobar' WHERE id=%u
explain: for non_index_updates :: explain UPDATE sbtest%u SET c='foobar' WHERE id=%u
explain: for non_index_updates :: explain UPDATE sbtest%u SET c='foobar' WHERE id=%u
for deletes
table 1 : explain DELETE FROM sbtest1 WHERE id=6471129
	Delete on sbtest1  (cost=0.43..8.45 rows=1 width=6)
	  ->  Index Scan using sbtest1_pkey on sbtest1  (cost=0.43..8.45 rows=1 width=6)
	        Index Cond: (id = 6471129)

table 2 : explain DELETE FROM sbtest2 WHERE id=4724163
	Delete on sbtest2  (cost=0.43..8.45 rows=1 width=6)
	  ->  Index Scan using sbtest2_pkey on sbtest2  (cost=0.43..8.45 rows=1 width=6)
	        Index Cond: (id = 4724163)

table 3 : explain DELETE FROM sbtest3 WHERE id=7779296
	Delete on sbtest3  (cost=0.43..8.45 rows=1 width=6)
	  ->  Index Scan using sbtest3_pkey on sbtest3  (cost=0.43..8.45 rows=1 width=6)
	        Index Cond: (id = 7779296)

table 4 : explain DELETE FROM sbtest4 WHERE id=1228017
	Delete on sbtest4  (cost=0.43..8.45 rows=1 width=6)
	  ->  Index Scan using sbtest4_pkey on sbtest4  (cost=0.43..8.45 rows=1 width=6)
	        Index Cond: (id = 1228017)

table 5 : explain DELETE FROM sbtest5 WHERE id=4484667
	Delete on sbtest5  (cost=0.43..8.45 rows=1 width=6)
	  ->  Index Scan using sbtest5_pkey on sbtest5  (cost=0.43..8.45 rows=1 width=6)
	        Index Cond: (id = 4484667)

table 6 : explain DELETE FROM sbtest6 WHERE id=7722570
	Delete on sbtest6  (cost=0.43..8.45 rows=1 width=6)
	  ->  Index Scan using sbtest6_pkey on sbtest6  (cost=0.43..8.45 rows=1 width=6)
	        Index Cond: (id = 7722570)

table 7 : explain DELETE FROM sbtest7 WHERE id=9767151
	Delete on sbtest7  (cost=0.43..8.45 rows=1 width=6)
	  ->  Index Scan using sbtest7_pkey on sbtest7  (cost=0.43..8.45 rows=1 width=6)
	        Index Cond: (id = 9767151)

table 8 : explain DELETE FROM sbtest8 WHERE id=8996418
	Delete on sbtest8  (cost=0.43..8.45 rows=1 width=6)
	  ->  Index Scan using sbtest8_pkey on sbtest8  (cost=0.43..8.45 rows=1 width=6)
	        Index Cond: (id = 8996418)

for non_index_updates
table 1 : explain UPDATE sbtest1 SET c='foobar' WHERE id=3667711
	Update on sbtest1  (cost=0.43..8.45 rows=1 width=559)
	  ->  Index Scan using sbtest1_pkey on sbtest1  (cost=0.43..8.45 rows=1 width=559)
	        Index Cond: (id = 3667711)

table 2 : explain UPDATE sbtest2 SET c='foobar' WHERE id=8230383
	Update on sbtest2  (cost=0.43..8.45 rows=1 width=559)
	  ->  Index Scan using sbtest2_pkey on sbtest2  (cost=0.43..8.45 rows=1 width=559)
	        Index Cond: (id = 8230383)

table 3 : explain UPDATE sbtest3 SET c='foobar' WHERE id=2293196
	Update on sbtest3  (cost=0.43..8.45 rows=1 width=559)
	  ->  Index Scan using sbtest3_pkey on sbtest3  (cost=0.43..8.45 rows=1 width=559)
	        Index Cond: (id = 2293196)

table 4 : explain UPDATE sbtest4 SET c='foobar' WHERE id=7958817
	Update on sbtest4  (cost=0.43..8.45 rows=1 width=559)
	  ->  Index Scan using sbtest4_pkey on sbtest4  (cost=0.43..8.45 rows=1 width=559)
	        Index Cond: (id = 7958817)

table 5 : explain UPDATE sbtest5 SET c='foobar' WHERE id=3767354
	Update on sbtest5  (cost=0.43..8.45 rows=1 width=559)
	  ->  Index Scan using sbtest5_pkey on sbtest5  (cost=0.43..8.45 rows=1 width=559)
	        Index Cond: (id = 3767354)

table 6 : explain UPDATE sbtest6 SET c='foobar' WHERE id=933758
	Update on sbtest6  (cost=0.43..8.45 rows=1 width=559)
	  ->  Index Scan using sbtest6_pkey on sbtest6  (cost=0.43..8.45 rows=1 width=559)
	        Index Cond: (id = 933758)

table 7 : explain UPDATE sbtest7 SET c='foobar' WHERE id=9818592
	Update on sbtest7  (cost=0.43..8.45 rows=1 width=559)
	  ->  Index Scan using sbtest7_pkey on sbtest7  (cost=0.43..8.45 rows=1 width=559)
	        Index Cond: (id = 9818592)

table 8 : explain UPDATE sbtest8 SET c='foobar' WHERE id=8964328
	Update on sbtest8  (cost=0.43..8.45 rows=1 width=559)
	  ->  Index Scan using sbtest8_pkey on sbtest8  (cost=0.43..8.45 rows=1 width=559)
	        Index Cond: (id = 8964328)

explain: for inserts :: explain INSERT INTO sbtest%u (id, k, c, pad) VALUES (%u, 13, 'foobar', 'foobar')
explain: for deletes :: explain DELETE FROM sbtest%u WHERE id=%u
explain: for index_updates :: explain UPDATE sbtest%u SET k=k+1 WHERE id=%u
for index_updates
table 1 : explain UPDATE sbtest1 SET k=k+1 WHERE id=9264592
	Update on sbtest1  (cost=0.43..8.46 rows=1 width=196)
	  ->  Index Scan using sbtest1_pkey on sbtest1  (cost=0.43..8.46 rows=1 width=196)
	        Index Cond: (id = 9264592)

table 2 : explain UPDATE sbtest2 SET k=k+1 WHERE id=3152423
	Update on sbtest2  (cost=0.43..8.46 rows=1 width=196)
	  ->  Index Scan using sbtest2_pkey on sbtest2  (cost=0.43..8.46 rows=1 width=196)
	        Index Cond: (id = 3152423)

table 3 : explain UPDATE sbtest3 SET k=k+1 WHERE id=1723586
	Update on sbtest3  (cost=0.43..8.46 rows=1 width=196)
	  ->  Index Scan using sbtest3_pkey on sbtest3  (cost=0.43..8.46 rows=1 width=196)
	        Index Cond: (id = 1723586)

table 4 : explain UPDATE sbtest4 SET k=k+1 WHERE id=8132596
	Update on sbtest4  (cost=0.43..8.46 rows=1 width=196)
	  ->  Index Scan using sbtest4_pkey on sbtest4  (cost=0.43..8.46 rows=1 width=196)
	        Index Cond: (id = 8132596)

table 5 : explain UPDATE sbtest5 SET k=k+1 WHERE id=6696860
	Update on sbtest5  (cost=0.43..8.46 rows=1 width=196)
	  ->  Index Scan using sbtest5_pkey on sbtest5  (cost=0.43..8.46 rows=1 width=196)
	        Index Cond: (id = 6696860)

table 6 : explain UPDATE sbtest6 SET k=k+1 WHERE id=6736939
	Update on sbtest6  (cost=0.43..8.46 rows=1 width=196)
	  ->  Index Scan using sbtest6_pkey on sbtest6  (cost=0.43..8.46 rows=1 width=196)
	        Index Cond: (id = 6736939)

table 7 : explain UPDATE sbtest7 SET k=k+1 WHERE id=7261931
	Update on sbtest7  (cost=0.43..8.46 rows=1 width=196)
	  ->  Index Scan using sbtest7_pkey on sbtest7  (cost=0.43..8.46 rows=1 width=196)
	        Index Cond: (id = 7261931)

table 8 : explain UPDATE sbtest8 SET k=k+1 WHERE id=4049216
	Update on sbtest8  (cost=0.43..8.46 rows=1 width=196)
	  ->  Index Scan using sbtest8_pkey on sbtest8  (cost=0.43..8.46 rows=1 width=196)
	        Index Cond: (id = 4049216)

for non_index_updates
table 1 : explain UPDATE sbtest1 SET c='foobar' WHERE id=3025947
	Update on sbtest1  (cost=0.43..8.45 rows=1 width=559)
	  ->  Index Scan using sbtest1_pkey on sbtest1  (cost=0.43..8.45 rows=1 width=559)
	        Index Cond: (id = 3025947)

table 2 : explain UPDATE sbtest2 SET c='foobar' WHERE id=2006720
	Update on sbtest2  (cost=0.43..8.45 rows=1 width=559)
	  ->  Index Scan using sbtest2_pkey on sbtest2  (cost=0.43..8.45 rows=1 width=559)
	        Index Cond: (id = 2006720)

table 3 : explain UPDATE sbtest3 SET c='foobar' WHERE id=9763888
	Update on sbtest3  (cost=0.43..8.45 rows=1 width=559)
	  ->  Index Scan using sbtest3_pkey on sbtest3  (cost=0.43..8.45 rows=1 width=559)
	        Index Cond: (id = 9763888)

table 4 : explain UPDATE sbtest4 SET c='foobar' WHERE id=3724011
	Update on sbtest4  (cost=0.43..8.45 rows=1 width=559)
	  ->  Index Scan using sbtest4_pkey on sbtest4  (cost=0.43..8.45 rows=1 width=559)
	        Index Cond: (id = 3724011)

table 5 : explain UPDATE sbtest5 SET c='foobar' WHERE id=6747867
	Update on sbtest5  (cost=0.43..8.45 rows=1 width=559)
	  ->  Index Scan using sbtest5_pkey on sbtest5  (cost=0.43..8.45 rows=1 width=559)
	        Index Cond: (id = 6747867)

table 6 : explain UPDATE sbtest6 SET c='foobar' WHERE id=4344385
	Update on sbtest6  (cost=0.43..8.45 rows=1 width=559)
	  ->  Index Scan using sbtest6_pkey on sbtest6  (cost=0.43..8.45 rows=1 width=559)
	        Index Cond: (id = 4344385)

table 7 : explain UPDATE sbtest7 SET c='foobar' WHERE id=3934066
	Update on sbtest7  (cost=0.43..8.45 rows=1 width=559)
	  ->  Index Scan using sbtest7_pkey on sbtest7  (cost=0.43..8.45 rows=1 width=559)
	        Index Cond: (id = 3934066)

table 8 : explain UPDATE sbtest8 SET c='foobar' WHERE id=9690710
	Update on sbtest8  (cost=0.43..8.45 rows=1 width=559)
	  ->  Index Scan using sbtest8_pkey on sbtest8  (cost=0.43..8.45 rows=1 width=559)
	        Index Cond: (id = 9690710)

for inserts
table 1 : explain INSERT INTO sbtest1 (id, k, c, pad) VALUES (6205267, 13, 'foobar', 'foobar')
	Insert on sbtest1  (cost=0.00..0.01 rows=1 width=736)
	  ->  Result  (cost=0.00..0.01 rows=1 width=736)

table 2 : explain INSERT INTO sbtest2 (id, k, c, pad) VALUES (6391327, 13, 'foobar', 'foobar')
	Insert on sbtest2  (cost=0.00..0.01 rows=1 width=736)
	  ->  Result  (cost=0.00..0.01 rows=1 width=736)

table 3 : explain INSERT INTO sbtest3 (id, k, c, pad) VALUES (7584166, 13, 'foobar', 'foobar')
	Insert on sbtest3  (cost=0.00..0.01 rows=1 width=736)
	  ->  Result  (cost=0.00..0.01 rows=1 width=736)

table 4 : explain INSERT INTO sbtest4 (id, k, c, pad) VALUES (7203570, 13, 'foobar', 'foobar')
	Insert on sbtest4  (cost=0.00..0.01 rows=1 width=736)
	  ->  Result  (cost=0.00..0.01 rows=1 width=736)

table 5 : explain INSERT INTO sbtest5 (id, k, c, pad) VALUES (2085170, 13, 'foobar', 'foobar')
	Insert on sbtest5  (cost=0.00..0.01 rows=1 width=736)
	  ->  Result  (cost=0.00..0.01 rows=1 width=736)

table 6 : explain INSERT INTO sbtest6 (id, k, c, pad) VALUES (2178696, 13, 'foobar', 'foobar')
	Insert on sbtest6  (cost=0.00..0.01 rows=1 width=736)
	  ->  Result  (cost=0.00..0.01 rows=1 width=736)

table 7 : explain INSERT INTO sbtest7 (id, k, c, pad) VALUES (6897026, 13, 'foobar', 'foobar')
	Insert on sbtest7  (cost=0.00..0.01 rows=1 width=736)
	  ->  Result  (cost=0.00..0.01 rows=1 width=736)

table 8 : explain INSERT INTO sbtest8 (id, k, c, pad) VALUES (8541369, 13, 'foobar', 'foobar')
	Insert on sbtest8  (cost=0.00..0.01 rows=1 width=736)
	  ->  Result  (cost=0.00..0.01 rows=1 width=736)

for index_updates
table 1 : explain UPDATE sbtest1 SET k=k+1 WHERE id=4097228
	Update on sbtest1  (cost=0.43..8.46 rows=1 width=196)
	  ->  Index Scan using sbtest1_pkey on sbtest1  (cost=0.43..8.46 rows=1 width=196)
	        Index Cond: (id = 4097228)

table 2 : explain UPDATE sbtest2 SET k=k+1 WHERE id=9459246
	Update on sbtest2  (cost=0.43..8.46 rows=1 width=196)
	  ->  Index Scan using sbtest2_pkey on sbtest2  (cost=0.43..8.46 rows=1 width=196)
	        Index Cond: (id = 9459246)

table 3 : explain UPDATE sbtest3 SET k=k+1 WHERE id=214527
	Update on sbtest3  (cost=0.43..8.46 rows=1 width=196)
	  ->  Index Scan using sbtest3_pkey on sbtest3  (cost=0.43..8.46 rows=1 width=196)
	        Index Cond: (id = 214527)

table 4 : explain UPDATE sbtest4 SET k=k+1 WHERE id=3798070
	Update on sbtest4  (cost=0.43..8.46 rows=1 width=196)
	  ->  Index Scan using sbtest4_pkey on sbtest4  (cost=0.43..8.46 rows=1 width=196)
	        Index Cond: (id = 3798070)

table 5 : explain UPDATE sbtest5 SET k=k+1 WHERE id=7329863
	Update on sbtest5  (cost=0.43..8.46 rows=1 width=196)
	  ->  Index Scan using sbtest5_pkey on sbtest5  (cost=0.43..8.46 rows=1 width=196)
	        Index Cond: (id = 7329863)

table 6 : explain UPDATE sbtest6 SET k=k+1 WHERE id=9611356
	Update on sbtest6  (cost=0.43..8.46 rows=1 width=196)
	  ->  Index Scan using sbtest6_pkey on sbtest6  (cost=0.43..8.46 rows=1 width=196)
	        Index Cond: (id = 9611356)

table 7 : explain UPDATE sbtest7 SET k=k+1 WHERE id=8668854
	Update on sbtest7  (cost=0.43..8.46 rows=1 width=196)
	  ->  Index Scan using sbtest7_pkey on sbtest7  (cost=0.43..8.46 rows=1 width=196)
	        Index Cond: (id = 8668854)

table 8 : explain UPDATE sbtest8 SET k=k+1 WHERE id=1671974
	Update on sbtest8  (cost=0.43..8.46 rows=1 width=196)
	  ->  Index Scan using sbtest8_pkey on sbtest8  (cost=0.43..8.46 rows=1 width=196)
	        Index Cond: (id = 1671974)

for non_index_updates
table 1 : explain UPDATE sbtest1 SET c='foobar' WHERE id=65407
	Update on sbtest1  (cost=0.43..8.45 rows=1 width=559)
	  ->  Index Scan using sbtest1_pkey on sbtest1  (cost=0.43..8.45 rows=1 width=559)
	        Index Cond: (id = 65407)

table 2 : explain UPDATE sbtest2 SET c='foobar' WHERE id=4980574
	Update on sbtest2  (cost=0.43..8.45 rows=1 width=559)
	  ->  Index Scan using sbtest2_pkey on sbtest2  (cost=0.43..8.45 rows=1 width=559)
	        Index Cond: (id = 4980574)

table 3 : explain UPDATE sbtest3 SET c='foobar' WHERE id=3560907
	Update on sbtest3  (cost=0.43..8.45 rows=1 width=559)
	  ->  Index Scan using sbtest3_pkey on sbtest3  (cost=0.43..8.45 rows=1 width=559)
	        Index Cond: (id = 3560907)

table 4 : explain UPDATE sbtest4 SET c='foobar' WHERE id=7159444
	Update on sbtest4  (cost=0.43..8.45 rows=1 width=559)
	  ->  Index Scan using sbtest4_pkey on sbtest4  (cost=0.43..8.45 rows=1 width=559)
	        Index Cond: (id = 7159444)

table 5 : explain UPDATE sbtest5 SET c='foobar' WHERE id=1145068
	Update on sbtest5  (cost=0.43..8.45 rows=1 width=559)
	  ->  Index Scan using sbtest5_pkey on sbtest5  (cost=0.43..8.45 rows=1 width=559)
	        Index Cond: (id = 1145068)

table 6 : explain UPDATE sbtest6 SET c='foobar' WHERE id=6651955
	Update on sbtest6  (cost=0.43..8.45 rows=1 width=559)
	  ->  Index Scan using sbtest6_pkey on sbtest6  (cost=0.43..8.45 rows=1 width=559)
	        Index Cond: (id = 6651955)

table 7 : explain UPDATE sbtest7 SET c='foobar' WHERE id=4872771
	Update on sbtest7  (cost=0.43..8.45 rows=1 width=559)
	  ->  Index Scan using sbtest7_pkey on sbtest7  (cost=0.43..8.45 rows=1 width=559)
	        Index Cond: (id = 4872771)

table 8 : explain UPDATE sbtest8 SET c='foobar' WHERE id=6857237
	Update on sbtest8  (cost=0.43..8.45 rows=1 width=559)
	  ->  Index Scan using sbtest8_pkey on sbtest8  (cost=0.43..8.45 rows=1 width=559)
	        Index Cond: (id = 6857237)

for index_updates
table 1 : explain UPDATE sbtest1 SET k=k+1 WHERE id=3879873
	Update on sbtest1  (cost=0.43..8.46 rows=1 width=196)
	  ->  Index Scan using sbtest1_pkey on sbtest1  (cost=0.43..8.46 rows=1 width=196)
	        Index Cond: (id = 3879873)

table 2 : explain UPDATE sbtest2 SET k=k+1 WHERE id=7744887
	Update on sbtest2  (cost=0.43..8.46 rows=1 width=196)
	  ->  Index Scan using sbtest2_pkey on sbtest2  (cost=0.43..8.46 rows=1 width=196)
	        Index Cond: (id = 7744887)

table 3 : explain UPDATE sbtest3 SET k=k+1 WHERE id=7673165
	Update on sbtest3  (cost=0.43..8.46 rows=1 width=196)
	  ->  Index Scan using sbtest3_pkey on sbtest3  (cost=0.43..8.46 rows=1 width=196)
	        Index Cond: (id = 7673165)

table 4 : explain UPDATE sbtest4 SET k=k+1 WHERE id=4187938
	Update on sbtest4  (cost=0.43..8.46 rows=1 width=196)
	  ->  Index Scan using sbtest4_pkey on sbtest4  (cost=0.43..8.46 rows=1 width=196)
	        Index Cond: (id = 4187938)

table 5 : explain UPDATE sbtest5 SET k=k+1 WHERE id=9649512
	Update on sbtest5  (cost=0.43..8.46 rows=1 width=196)
	  ->  Index Scan using sbtest5_pkey on sbtest5  (cost=0.43..8.46 rows=1 width=196)
	        Index Cond: (id = 9649512)

table 6 : explain UPDATE sbtest6 SET k=k+1 WHERE id=4308355
	Update on sbtest6  (cost=0.43..8.46 rows=1 width=196)
	  ->  Index Scan using sbtest6_pkey on sbtest6  (cost=0.43..8.46 rows=1 width=196)
	        Index Cond: (id = 4308355)

table 7 : explain UPDATE sbtest7 SET k=k+1 WHERE id=2658966
	Update on sbtest7  (cost=0.43..8.46 rows=1 width=196)
	  ->  Index Scan using sbtest7_pkey on sbtest7  (cost=0.43..8.46 rows=1 width=196)
	        Index Cond: (id = 2658966)

table 8 : explain UPDATE sbtest8 SET k=k+1 WHERE id=9190742
	Update on sbtest8  (cost=0.43..8.46 rows=1 width=196)
	  ->  Index Scan using sbtest8_pkey on sbtest8  (cost=0.43..8.46 rows=1 width=196)
	        Index Cond: (id = 9190742)

for deletes
table 1 : explain DELETE FROM sbtest1 WHERE id=4642087
	Delete on sbtest1  (cost=0.43..8.45 rows=1 width=6)
	  ->  Index Scan using sbtest1_pkey on sbtest1  (cost=0.43..8.45 rows=1 width=6)
	        Index Cond: (id = 4642087)

table 2 : explain DELETE FROM sbtest2 WHERE id=9965121
	Delete on sbtest2  (cost=0.43..8.45 rows=1 width=6)
	  ->  Index Scan using sbtest2_pkey on sbtest2  (cost=0.43..8.45 rows=1 width=6)
	        Index Cond: (id = 9965121)

table 3 : explain DELETE FROM sbtest3 WHERE id=7208302
	Delete on sbtest3  (cost=0.43..8.45 rows=1 width=6)
	  ->  Index Scan using sbtest3_pkey on sbtest3  (cost=0.43..8.45 rows=1 width=6)
	        Index Cond: (id = 7208302)

table 4 : explain DELETE FROM sbtest4 WHERE id=3094156
	Delete on sbtest4  (cost=0.43..8.45 rows=1 width=6)
	  ->  Index Scan using sbtest4_pkey on sbtest4  (cost=0.43..8.45 rows=1 width=6)
	        Index Cond: (id = 3094156)

table 5 : explain DELETE FROM sbtest5 WHERE id=8637939
	Delete on sbtest5  (cost=0.43..8.45 rows=1 width=6)
	  ->  Index Scan using sbtest5_pkey on sbtest5  (cost=0.43..8.45 rows=1 width=6)
	        Index Cond: (id = 8637939)

table 6 : explain DELETE FROM sbtest6 WHERE id=3583839
	Delete on sbtest6  (cost=0.43..8.45 rows=1 width=6)
	  ->  Index Scan using sbtest6_pkey on sbtest6  (cost=0.43..8.45 rows=1 width=6)
	        Index Cond: (id = 3583839)

table 7 : explain DELETE FROM sbtest7 WHERE id=3563070
	Delete on sbtest7  (cost=0.43..8.45 rows=1 width=6)
	  ->  Index Scan using sbtest7_pkey on sbtest7  (cost=0.43..8.45 rows=1 width=6)
	        Index Cond: (id = 3563070)

table 8 : explain DELETE FROM sbtest8 WHERE id=2950281
	Delete on sbtest8  (cost=0.43..8.45 rows=1 width=6)
	  ->  Index Scan using sbtest8_pkey on sbtest8  (cost=0.43..8.45 rows=1 width=6)
	        Index Cond: (id = 2950281)

explain: for deletes :: explain DELETE FROM sbtest%u WHERE id=%u
explain: for inserts :: explain INSERT INTO sbtest%u (id, k, c, pad) VALUES (%u, 13, 'foobar', 'foobar')
explain: for deletes :: explain DELETE FROM sbtest%u WHERE id=%u
explain: for non_index_updates :: explain UPDATE sbtest%u SET c='foobar' WHERE id=%u
for inserts
table 1 : explain INSERT INTO sbtest1 (id, k, c, pad) VALUES (8169163, 13, 'foobar', 'foobar')
	Insert on sbtest1  (cost=0.00..0.01 rows=1 width=736)
	  ->  Result  (cost=0.00..0.01 rows=1 width=736)

table 2 : explain INSERT INTO sbtest2 (id, k, c, pad) VALUES (370167, 13, 'foobar', 'foobar')
	Insert on sbtest2  (cost=0.00..0.01 rows=1 width=736)
	  ->  Result  (cost=0.00..0.01 rows=1 width=736)

table 3 : explain INSERT INTO sbtest3 (id, k, c, pad) VALUES (2756581, 13, 'foobar', 'foobar')
	Insert on sbtest3  (cost=0.00..0.01 rows=1 width=736)
	  ->  Result  (cost=0.00..0.01 rows=1 width=736)

table 4 : explain INSERT INTO sbtest4 (id, k, c, pad) VALUES (8506823, 13, 'foobar', 'foobar')
	Insert on sbtest4  (cost=0.00..0.01 rows=1 width=736)
	  ->  Result  (cost=0.00..0.01 rows=1 width=736)

table 5 : explain INSERT INTO sbtest5 (id, k, c, pad) VALUES (7911777, 13, 'foobar', 'foobar')
	Insert on sbtest5  (cost=0.00..0.01 rows=1 width=736)
	  ->  Result  (cost=0.00..0.01 rows=1 width=736)

table 6 : explain INSERT INTO sbtest6 (id, k, c, pad) VALUES (7025608, 13, 'foobar', 'foobar')
	Insert on sbtest6  (cost=0.00..0.01 rows=1 width=736)
	  ->  Result  (cost=0.00..0.01 rows=1 width=736)

table 7 : explain INSERT INTO sbtest7 (id, k, c, pad) VALUES (493339, 13, 'foobar', 'foobar')
	Insert on sbtest7  (cost=0.00..0.01 rows=1 width=736)
	  ->  Result  (cost=0.00..0.01 rows=1 width=736)

table 8 : explain INSERT INTO sbtest8 (id, k, c, pad) VALUES (4503343, 13, 'foobar', 'foobar')
	Insert on sbtest8  (cost=0.00..0.01 rows=1 width=736)
	  ->  Result  (cost=0.00..0.01 rows=1 width=736)

for deletes
table 1 : explain DELETE FROM sbtest1 WHERE id=8755609
	Delete on sbtest1  (cost=0.43..8.45 rows=1 width=6)
	  ->  Index Scan using sbtest1_pkey on sbtest1  (cost=0.43..8.45 rows=1 width=6)
	        Index Cond: (id = 8755609)

table 2 : explain DELETE FROM sbtest2 WHERE id=8651994
	Delete on sbtest2  (cost=0.43..8.45 rows=1 width=6)
	  ->  Index Scan using sbtest2_pkey on sbtest2  (cost=0.43..8.45 rows=1 width=6)
	        Index Cond: (id = 8651994)

table 3 : explain DELETE FROM sbtest3 WHERE id=1130885
	Delete on sbtest3  (cost=0.43..8.45 rows=1 width=6)
	  ->  Index Scan using sbtest3_pkey on sbtest3  (cost=0.43..8.45 rows=1 width=6)
	        Index Cond: (id = 1130885)

table 4 : explain DELETE FROM sbtest4 WHERE id=8078990
	Delete on sbtest4  (cost=0.43..8.45 rows=1 width=6)
	  ->  Index Scan using sbtest4_pkey on sbtest4  (cost=0.43..8.45 rows=1 width=6)
	        Index Cond: (id = 8078990)

table 5 : explain DELETE FROM sbtest5 WHERE id=8892292
	Delete on sbtest5  (cost=0.43..8.45 rows=1 width=6)
	  ->  Index Scan using sbtest5_pkey on sbtest5  (cost=0.43..8.45 rows=1 width=6)
	        Index Cond: (id = 8892292)

table 6 : explain DELETE FROM sbtest6 WHERE id=1361264
	Delete on sbtest6  (cost=0.43..8.45 rows=1 width=6)
	  ->  Index Scan using sbtest6_pkey on sbtest6  (cost=0.43..8.45 rows=1 width=6)
	        Index Cond: (id = 1361264)

table 7 : explain DELETE FROM sbtest7 WHERE id=4338440
	Delete on sbtest7  (cost=0.43..8.45 rows=1 width=6)
	  ->  Index Scan using sbtest7_pkey on sbtest7  (cost=0.43..8.45 rows=1 width=6)
	        Index Cond: (id = 4338440)

table 8 : explain DELETE FROM sbtest8 WHERE id=7817216
	Delete on sbtest8  (cost=0.43..8.45 rows=1 width=6)
	  ->  Index Scan using sbtest8_pkey on sbtest8  (cost=0.43..8.45 rows=1 width=6)
	        Index Cond: (id = 7817216)

explain: for index_updates :: explain UPDATE sbtest%u SET k=k+1 WHERE id=%u
explain: for index_updates :: explain UPDATE sbtest%u SET k=k+1 WHERE id=%u
for deletes
table 1 : explain DELETE FROM sbtest1 WHERE id=2533235
	Delete on sbtest1  (cost=0.43..8.45 rows=1 width=6)
	  ->  Index Scan using sbtest1_pkey on sbtest1  (cost=0.43..8.45 rows=1 width=6)
	        Index Cond: (id = 2533235)

table 2 : explain DELETE FROM sbtest2 WHERE id=8877700
	Delete on sbtest2  (cost=0.43..8.45 rows=1 width=6)
	  ->  Index Scan using sbtest2_pkey on sbtest2  (cost=0.43..8.45 rows=1 width=6)
	        Index Cond: (id = 8877700)

table 3 : explain DELETE FROM sbtest3 WHERE id=2637930
	Delete on sbtest3  (cost=0.43..8.45 rows=1 width=6)
	  ->  Index Scan using sbtest3_pkey on sbtest3  (cost=0.43..8.45 rows=1 width=6)
	        Index Cond: (id = 2637930)

table 4 : explain DELETE FROM sbtest4 WHERE id=7608875
	Delete on sbtest4  (cost=0.43..8.45 rows=1 width=6)
	  ->  Index Scan using sbtest4_pkey on sbtest4  (cost=0.43..8.45 rows=1 width=6)
	        Index Cond: (id = 7608875)

table 5 : explain DELETE FROM sbtest5 WHERE id=5640811
	Delete on sbtest5  (cost=0.43..8.45 rows=1 width=6)
	  ->  Index Scan using sbtest5_pkey on sbtest5  (cost=0.43..8.45 rows=1 width=6)
	        Index Cond: (id = 5640811)

table 6 : explain DELETE FROM sbtest6 WHERE id=3020008
	Delete on sbtest6  (cost=0.43..8.45 rows=1 width=6)
	  ->  Index Scan using sbtest6_pkey on sbtest6  (cost=0.43..8.45 rows=1 width=6)
	        Index Cond: (id = 3020008)

table 7 : explain DELETE FROM sbtest7 WHERE id=4626675
	Delete on sbtest7  (cost=0.43..8.45 rows=1 width=6)
	  ->  Index Scan using sbtest7_pkey on sbtest7  (cost=0.43..8.45 rows=1 width=6)
	        Index Cond: (id = 4626675)

table 8 : explain DELETE FROM sbtest8 WHERE id=4588208
	Delete on sbtest8  (cost=0.43..8.45 rows=1 width=6)
	  ->  Index Scan using sbtest8_pkey on sbtest8  (cost=0.43..8.45 rows=1 width=6)
	        Index Cond: (id = 4588208)

explain: for inserts :: explain INSERT INTO sbtest%u (id, k, c, pad) VALUES (%u, 13, 'foobar', 'foobar')
for index_updates
table 1 : explain UPDATE sbtest1 SET k=k+1 WHERE id=9537078
	Update on sbtest1  (cost=0.43..8.46 rows=1 width=196)
	  ->  Index Scan using sbtest1_pkey on sbtest1  (cost=0.43..8.46 rows=1 width=196)
	        Index Cond: (id = 9537078)

table 2 : explain UPDATE sbtest2 SET k=k+1 WHERE id=1829282
	Update on sbtest2  (cost=0.43..8.46 rows=1 width=196)
	  ->  Index Scan using sbtest2_pkey on sbtest2  (cost=0.43..8.46 rows=1 width=196)
	        Index Cond: (id = 1829282)

table 3 : explain UPDATE sbtest3 SET k=k+1 WHERE id=1238879
	Update on sbtest3  (cost=0.43..8.46 rows=1 width=196)
	  ->  Index Scan using sbtest3_pkey on sbtest3  (cost=0.43..8.46 rows=1 width=196)
	        Index Cond: (id = 1238879)

table 4 : explain UPDATE sbtest4 SET k=k+1 WHERE id=584985
	Update on sbtest4  (cost=0.43..8.46 rows=1 width=196)
	  ->  Index Scan using sbtest4_pkey on sbtest4  (cost=0.43..8.46 rows=1 width=196)
	        Index Cond: (id = 584985)

table 5 : explain UPDATE sbtest5 SET k=k+1 WHERE id=3969805
	Update on sbtest5  (cost=0.43..8.46 rows=1 width=196)
	  ->  Index Scan using sbtest5_pkey on sbtest5  (cost=0.43..8.46 rows=1 width=196)
	        Index Cond: (id = 3969805)

table 6 : explain UPDATE sbtest6 SET k=k+1 WHERE id=12174
	Update on sbtest6  (cost=0.43..8.46 rows=1 width=196)
	  ->  Index Scan using sbtest6_pkey on sbtest6  (cost=0.43..8.46 rows=1 width=196)
	        Index Cond: (id = 12174)

table 7 : explain UPDATE sbtest7 SET k=k+1 WHERE id=5813868
	Update on sbtest7  (cost=0.43..8.46 rows=1 width=196)
	  ->  Index Scan using sbtest7_pkey on sbtest7  (cost=0.43..8.46 rows=1 width=196)
	        Index Cond: (id = 5813868)

table 8 : explain UPDATE sbtest8 SET k=k+1 WHERE id=8849414
	Update on sbtest8  (cost=0.43..8.46 rows=1 width=196)
	  ->  Index Scan using sbtest8_pkey on sbtest8  (cost=0.43..8.46 rows=1 width=196)
	        Index Cond: (id = 8849414)

explain: for non_index_updates :: explain UPDATE sbtest%u SET c='foobar' WHERE id=%u
explain: for non_index_updates :: explain UPDATE sbtest%u SET c='foobar' WHERE id=%u
for index_updates
table 1 : explain UPDATE sbtest1 SET k=k+1 WHERE id=3634910
	Update on sbtest1  (cost=0.43..8.46 rows=1 width=196)
	  ->  Index Scan using sbtest1_pkey on sbtest1  (cost=0.43..8.46 rows=1 width=196)
	        Index Cond: (id = 3634910)

table 2 : explain UPDATE sbtest2 SET k=k+1 WHERE id=989283
	Update on sbtest2  (cost=0.43..8.46 rows=1 width=196)
	  ->  Index Scan using sbtest2_pkey on sbtest2  (cost=0.43..8.46 rows=1 width=196)
	        Index Cond: (id = 989283)

table 3 : explain UPDATE sbtest3 SET k=k+1 WHERE id=3434557
	Update on sbtest3  (cost=0.43..8.46 rows=1 width=196)
	  ->  Index Scan using sbtest3_pkey on sbtest3  (cost=0.43..8.46 rows=1 width=196)
	        Index Cond: (id = 3434557)

table 4 : explain UPDATE sbtest4 SET k=k+1 WHERE id=3462873
	Update on sbtest4  (cost=0.43..8.46 rows=1 width=196)
	  ->  Index Scan using sbtest4_pkey on sbtest4  (cost=0.43..8.46 rows=1 width=196)
	        Index Cond: (id = 3462873)

table 5 : explain UPDATE sbtest5 SET k=k+1 WHERE id=923510
	Update on sbtest5  (cost=0.43..8.46 rows=1 width=196)
	  ->  Index Scan using sbtest5_pkey on sbtest5  (cost=0.43..8.46 rows=1 width=196)
	        Index Cond: (id = 923510)

table 6 : explain UPDATE sbtest6 SET k=k+1 WHERE id=7521789
	Update on sbtest6  (cost=0.43..8.46 rows=1 width=196)
	  ->  Index Scan using sbtest6_pkey on sbtest6  (cost=0.43..8.46 rows=1 width=196)
	        Index Cond: (id = 7521789)

table 7 : explain UPDATE sbtest7 SET k=k+1 WHERE id=9485191
	Update on sbtest7  (cost=0.43..8.46 rows=1 width=196)
	  ->  Index Scan using sbtest7_pkey on sbtest7  (cost=0.43..8.46 rows=1 width=196)
	        Index Cond: (id = 9485191)

table 8 : explain UPDATE sbtest8 SET k=k+1 WHERE id=8831296
	Update on sbtest8  (cost=0.43..8.46 rows=1 width=196)
	  ->  Index Scan using sbtest8_pkey on sbtest8  (cost=0.43..8.46 rows=1 width=196)
	        Index Cond: (id = 8831296)

explain: for non_index_updates :: explain UPDATE sbtest%u SET c='foobar' WHERE id=%u
for non_index_updates
table 1 : explain UPDATE sbtest1 SET c='foobar' WHERE id=6449062
	Update on sbtest1  (cost=0.43..8.45 rows=1 width=559)
	  ->  Index Scan using sbtest1_pkey on sbtest1  (cost=0.43..8.45 rows=1 width=559)
	        Index Cond: (id = 6449062)

table 2 : explain UPDATE sbtest2 SET c='foobar' WHERE id=6835954
	Update on sbtest2  (cost=0.43..8.45 rows=1 width=559)
	  ->  Index Scan using sbtest2_pkey on sbtest2  (cost=0.43..8.45 rows=1 width=559)
	        Index Cond: (id = 6835954)

table 3 : explain UPDATE sbtest3 SET c='foobar' WHERE id=9118564
	Update on sbtest3  (cost=0.43..8.45 rows=1 width=559)
	  ->  Index Scan using sbtest3_pkey on sbtest3  (cost=0.43..8.45 rows=1 width=559)
	        Index Cond: (id = 9118564)

table 4 : explain UPDATE sbtest4 SET c='foobar' WHERE id=5664112
	Update on sbtest4  (cost=0.43..8.45 rows=1 width=559)
	  ->  Index Scan using sbtest4_pkey on sbtest4  (cost=0.43..8.45 rows=1 width=559)
	        Index Cond: (id = 5664112)

table 5 : explain UPDATE sbtest5 SET c='foobar' WHERE id=7992190
	Update on sbtest5  (cost=0.43..8.45 rows=1 width=559)
	  ->  Index Scan using sbtest5_pkey on sbtest5  (cost=0.43..8.45 rows=1 width=559)
	        Index Cond: (id = 7992190)

table 6 : explain UPDATE sbtest6 SET c='foobar' WHERE id=1555252
	Update on sbtest6  (cost=0.43..8.45 rows=1 width=559)
	  ->  Index Scan using sbtest6_pkey on sbtest6  (cost=0.43..8.45 rows=1 width=559)
	        Index Cond: (id = 1555252)

table 7 : explain UPDATE sbtest7 SET c='foobar' WHERE id=2266973
	Update on sbtest7  (cost=0.43..8.45 rows=1 width=559)
	  ->  Index Scan using sbtest7_pkey on sbtest7  (cost=0.43..8.45 rows=1 width=559)
	        Index Cond: (id = 2266973)

table 8 : explain UPDATE sbtest8 SET c='foobar' WHERE id=8564502
	Update on sbtest8  (cost=0.43..8.45 rows=1 width=559)
	  ->  Index Scan using sbtest8_pkey on sbtest8  (cost=0.43..8.45 rows=1 width=559)
	        Index Cond: (id = 8564502)

explain: for index_updates :: explain UPDATE sbtest%u SET k=k+1 WHERE id=%u
explain: for inserts :: explain INSERT INTO sbtest%u (id, k, c, pad) VALUES (%u, 13, 'foobar', 'foobar')
for index_updates
table 1 : explain UPDATE sbtest1 SET k=k+1 WHERE id=4524570
	Update on sbtest1  (cost=0.43..8.46 rows=1 width=196)
	  ->  Index Scan using sbtest1_pkey on sbtest1  (cost=0.43..8.46 rows=1 width=196)
	        Index Cond: (id = 4524570)

table 2 : explain UPDATE sbtest2 SET k=k+1 WHERE id=4435715
	Update on sbtest2  (cost=0.43..8.46 rows=1 width=196)
	  ->  Index Scan using sbtest2_pkey on sbtest2  (cost=0.43..8.46 rows=1 width=196)
	        Index Cond: (id = 4435715)

table 3 : explain UPDATE sbtest3 SET k=k+1 WHERE id=7532789
	Update on sbtest3  (cost=0.43..8.46 rows=1 width=196)
	  ->  Index Scan using sbtest3_pkey on sbtest3  (cost=0.43..8.46 rows=1 width=196)
	        Index Cond: (id = 7532789)

table 4 : explain UPDATE sbtest4 SET k=k+1 WHERE id=538541
	Update on sbtest4  (cost=0.43..8.46 rows=1 width=196)
	  ->  Index Scan using sbtest4_pkey on sbtest4  (cost=0.43..8.46 rows=1 width=196)
	        Index Cond: (id = 538541)

table 5 : explain UPDATE sbtest5 SET k=k+1 WHERE id=8106293
	Update on sbtest5  (cost=0.43..8.46 rows=1 width=196)
	  ->  Index Scan using sbtest5_pkey on sbtest5  (cost=0.43..8.46 rows=1 width=196)
	        Index Cond: (id = 8106293)

table 6 : explain UPDATE sbtest6 SET k=k+1 WHERE id=7026208
	Update on sbtest6  (cost=0.43..8.46 rows=1 width=196)
	  ->  Index Scan using sbtest6_pkey on sbtest6  (cost=0.43..8.46 rows=1 width=196)
	        Index Cond: (id = 7026208)

table 7 : explain UPDATE sbtest7 SET k=k+1 WHERE id=7946812
	Update on sbtest7  (cost=0.43..8.46 rows=1 width=196)
	  ->  Index Scan using sbtest7_pkey on sbtest7  (cost=0.43..8.46 rows=1 width=196)
	        Index Cond: (id = 7946812)

table 8 : explain UPDATE sbtest8 SET k=k+1 WHERE id=6325826
	Update on sbtest8  (cost=0.43..8.46 rows=1 width=196)
	  ->  Index Scan using sbtest8_pkey on sbtest8  (cost=0.43..8.46 rows=1 width=196)
	        Index Cond: (id = 6325826)

for inserts
table 1 : explain INSERT INTO sbtest1 (id, k, c, pad) VALUES (9282840, 13, 'foobar', 'foobar')
	Insert on sbtest1  (cost=0.00..0.01 rows=1 width=736)
	  ->  Result  (cost=0.00..0.01 rows=1 width=736)

table 2 : explain INSERT INTO sbtest2 (id, k, c, pad) VALUES (2867308, 13, 'foobar', 'foobar')
	Insert on sbtest2  (cost=0.00..0.01 rows=1 width=736)
	  ->  Result  (cost=0.00..0.01 rows=1 width=736)

table 3 : explain INSERT INTO sbtest3 (id, k, c, pad) VALUES (5619359, 13, 'foobar', 'foobar')
	Insert on sbtest3  (cost=0.00..0.01 rows=1 width=736)
	  ->  Result  (cost=0.00..0.01 rows=1 width=736)

table 4 : explain INSERT INTO sbtest4 (id, k, c, pad) VALUES (9221443, 13, 'foobar', 'foobar')
	Insert on sbtest4  (cost=0.00..0.01 rows=1 width=736)
	  ->  Result  (cost=0.00..0.01 rows=1 width=736)

table 5 : explain INSERT INTO sbtest5 (id, k, c, pad) VALUES (278092, 13, 'foobar', 'foobar')
	Insert on sbtest5  (cost=0.00..0.01 rows=1 width=736)
	  ->  Result  (cost=0.00..0.01 rows=1 width=736)

table 6 : explain INSERT INTO sbtest6 (id, k, c, pad) VALUES (2573425, 13, 'foobar', 'foobar')
	Insert on sbtest6  (cost=0.00..0.01 rows=1 width=736)
	  ->  Result  (cost=0.00..0.01 rows=1 width=736)

table 7 : explain INSERT INTO sbtest7 (id, k, c, pad) VALUES (8776226, 13, 'foobar', 'foobar')
	Insert on sbtest7  (cost=0.00..0.01 rows=1 width=736)
	  ->  Result  (cost=0.00..0.01 rows=1 width=736)

table 8 : explain INSERT INTO sbtest8 (id, k, c, pad) VALUES (282240, 13, 'foobar', 'foobar')
	Insert on sbtest8  (cost=0.00..0.01 rows=1 width=736)
	  ->  Result  (cost=0.00..0.01 rows=1 width=736)

explain: for deletes :: explain DELETE FROM sbtest%u WHERE id=%u
for non_index_updates
table 1 : explain UPDATE sbtest1 SET c='foobar' WHERE id=5322300
	Update on sbtest1  (cost=0.43..8.45 rows=1 width=559)
	  ->  Index Scan using sbtest1_pkey on sbtest1  (cost=0.43..8.45 rows=1 width=559)
	        Index Cond: (id = 5322300)

table 2 : explain UPDATE sbtest2 SET c='foobar' WHERE id=3413351
	Update on sbtest2  (cost=0.43..8.45 rows=1 width=559)
	  ->  Index Scan using sbtest2_pkey on sbtest2  (cost=0.43..8.45 rows=1 width=559)
	        Index Cond: (id = 3413351)

table 3 : explain UPDATE sbtest3 SET c='foobar' WHERE id=7767197
	Update on sbtest3  (cost=0.43..8.45 rows=1 width=559)
	  ->  Index Scan using sbtest3_pkey on sbtest3  (cost=0.43..8.45 rows=1 width=559)
	        Index Cond: (id = 7767197)

table 4 : explain UPDATE sbtest4 SET c='foobar' WHERE id=2890993
	Update on sbtest4  (cost=0.43..8.45 rows=1 width=559)
	  ->  Index Scan using sbtest4_pkey on sbtest4  (cost=0.43..8.45 rows=1 width=559)
	        Index Cond: (id = 2890993)

table 5 : explain UPDATE sbtest5 SET c='foobar' WHERE id=8206617
	Update on sbtest5  (cost=0.43..8.45 rows=1 width=559)
	  ->  Index Scan using sbtest5_pkey on sbtest5  (cost=0.43..8.45 rows=1 width=559)
	        Index Cond: (id = 8206617)

table 6 : explain UPDATE sbtest6 SET c='foobar' WHERE id=3643346
	Update on sbtest6  (cost=0.43..8.45 rows=1 width=559)
	  ->  Index Scan using sbtest6_pkey on sbtest6  (cost=0.43..8.45 rows=1 width=559)
	        Index Cond: (id = 3643346)

table 7 : explain UPDATE sbtest7 SET c='foobar' WHERE id=4984736
	Update on sbtest7  (cost=0.43..8.45 rows=1 width=559)
	  ->  Index Scan using sbtest7_pkey on sbtest7  (cost=0.43..8.45 rows=1 width=559)
	        Index Cond: (id = 4984736)

table 8 : explain UPDATE sbtest8 SET c='foobar' WHERE id=4333949
	Update on sbtest8  (cost=0.43..8.45 rows=1 width=559)
	  ->  Index Scan using sbtest8_pkey on sbtest8  (cost=0.43..8.45 rows=1 width=559)
	        Index Cond: (id = 4333949)

explain: for non_index_updates :: explain UPDATE sbtest%u SET c='foobar' WHERE id=%u
explain: for non_index_updates :: explain UPDATE sbtest%u SET c='foobar' WHERE id=%u
explain: for deletes :: explain DELETE FROM sbtest%u WHERE id=%u
for non_index_updates
table 1 : explain UPDATE sbtest1 SET c='foobar' WHERE id=8806265
	Update on sbtest1  (cost=0.43..8.45 rows=1 width=559)
	  ->  Index Scan using sbtest1_pkey on sbtest1  (cost=0.43..8.45 rows=1 width=559)
	        Index Cond: (id = 8806265)

table 2 : explain UPDATE sbtest2 SET c='foobar' WHERE id=941132
	Update on sbtest2  (cost=0.43..8.45 rows=1 width=559)
	  ->  Index Scan using sbtest2_pkey on sbtest2  (cost=0.43..8.45 rows=1 width=559)
	        Index Cond: (id = 941132)

table 3 : explain UPDATE sbtest3 SET c='foobar' WHERE id=8319499
	Update on sbtest3  (cost=0.43..8.45 rows=1 width=559)
	  ->  Index Scan using sbtest3_pkey on sbtest3  (cost=0.43..8.45 rows=1 width=559)
	        Index Cond: (id = 8319499)

table 4 : explain UPDATE sbtest4 SET c='foobar' WHERE id=8992158
	Update on sbtest4  (cost=0.43..8.45 rows=1 width=559)
	  ->  Index Scan using sbtest4_pkey on sbtest4  (cost=0.43..8.45 rows=1 width=559)
	        Index Cond: (id = 8992158)

table 5 : explain UPDATE sbtest5 SET c='foobar' WHERE id=6869362
	Update on sbtest5  (cost=0.43..8.45 rows=1 width=559)
	  ->  Index Scan using sbtest5_pkey on sbtest5  (cost=0.43..8.45 rows=1 width=559)
	        Index Cond: (id = 6869362)

table 6 : explain UPDATE sbtest6 SET c='foobar' WHERE id=4598345
	Update on sbtest6  (cost=0.43..8.45 rows=1 width=559)
	  ->  Index Scan using sbtest6_pkey on sbtest6  (cost=0.43..8.45 rows=1 width=559)
	        Index Cond: (id = 4598345)

table 7 : explain UPDATE sbtest7 SET c='foobar' WHERE id=2114628
	Update on sbtest7  (cost=0.43..8.45 rows=1 width=559)
	  ->  Index Scan using sbtest7_pkey on sbtest7  (cost=0.43..8.45 rows=1 width=559)
	        Index Cond: (id = 2114628)

table 8 : explain UPDATE sbtest8 SET c='foobar' WHERE id=4220023
	Update on sbtest8  (cost=0.43..8.45 rows=1 width=559)
	  ->  Index Scan using sbtest8_pkey on sbtest8  (cost=0.43..8.45 rows=1 width=559)
	        Index Cond: (id = 4220023)

for inserts
table 1 : explain INSERT INTO sbtest1 (id, k, c, pad) VALUES (6092232, 13, 'foobar', 'foobar')
	Insert on sbtest1  (cost=0.00..0.01 rows=1 width=736)
	  ->  Result  (cost=0.00..0.01 rows=1 width=736)

table 2 : explain INSERT INTO sbtest2 (id, k, c, pad) VALUES (2419866, 13, 'foobar', 'foobar')
	Insert on sbtest2  (cost=0.00..0.01 rows=1 width=736)
	  ->  Result  (cost=0.00..0.01 rows=1 width=736)

table 3 : explain INSERT INTO sbtest3 (id, k, c, pad) VALUES (3731750, 13, 'foobar', 'foobar')
	Insert on sbtest3  (cost=0.00..0.01 rows=1 width=736)
	  ->  Result  (cost=0.00..0.01 rows=1 width=736)

table 4 : explain INSERT INTO sbtest4 (id, k, c, pad) VALUES (8219177, 13, 'foobar', 'foobar')
	Insert on sbtest4  (cost=0.00..0.01 rows=1 width=736)
	  ->  Result  (cost=0.00..0.01 rows=1 width=736)

table 5 : explain INSERT INTO sbtest5 (id, k, c, pad) VALUES (8059867, 13, 'foobar', 'foobar')
	Insert on sbtest5  (cost=0.00..0.01 rows=1 width=736)
	  ->  Result  (cost=0.00..0.01 rows=1 width=736)

table 6 : explain INSERT INTO sbtest6 (id, k, c, pad) VALUES (6601594, 13, 'foobar', 'foobar')
	Insert on sbtest6  (cost=0.00..0.01 rows=1 width=736)
	  ->  Result  (cost=0.00..0.01 rows=1 width=736)

table 7 : explain INSERT INTO sbtest7 (id, k, c, pad) VALUES (9114545, 13, 'foobar', 'foobar')
	Insert on sbtest7  (cost=0.00..0.01 rows=1 width=736)
	  ->  Result  (cost=0.00..0.01 rows=1 width=736)

table 8 : explain INSERT INTO sbtest8 (id, k, c, pad) VALUES (2422393, 13, 'foobar', 'foobar')
	Insert on sbtest8  (cost=0.00..0.01 rows=1 width=736)
	  ->  Result  (cost=0.00..0.01 rows=1 width=736)

for index_updates
table 1 : explain UPDATE sbtest1 SET k=k+1 WHERE id=7887993
	Update on sbtest1  (cost=0.43..8.46 rows=1 width=196)
	  ->  Index Scan using sbtest1_pkey on sbtest1  (cost=0.43..8.46 rows=1 width=196)
	        Index Cond: (id = 7887993)

table 2 : explain UPDATE sbtest2 SET k=k+1 WHERE id=4099547
	Update on sbtest2  (cost=0.43..8.46 rows=1 width=196)
	  ->  Index Scan using sbtest2_pkey on sbtest2  (cost=0.43..8.46 rows=1 width=196)
	        Index Cond: (id = 4099547)

table 3 : explain UPDATE sbtest3 SET k=k+1 WHERE id=3943927
	Update on sbtest3  (cost=0.43..8.46 rows=1 width=196)
	  ->  Index Scan using sbtest3_pkey on sbtest3  (cost=0.43..8.46 rows=1 width=196)
	        Index Cond: (id = 3943927)

table 4 : explain UPDATE sbtest4 SET k=k+1 WHERE id=8314270
	Update on sbtest4  (cost=0.43..8.46 rows=1 width=196)
	  ->  Index Scan using sbtest4_pkey on sbtest4  (cost=0.43..8.46 rows=1 width=196)
	        Index Cond: (id = 8314270)

table 5 : explain UPDATE sbtest5 SET k=k+1 WHERE id=3865699
	Update on sbtest5  (cost=0.43..8.46 rows=1 width=196)
	  ->  Index Scan using sbtest5_pkey on sbtest5  (cost=0.43..8.46 rows=1 width=196)
	        Index Cond: (id = 3865699)

table 6 : explain UPDATE sbtest6 SET k=k+1 WHERE id=9160457
	Update on sbtest6  (cost=0.43..8.46 rows=1 width=196)
	  ->  Index Scan using sbtest6_pkey on sbtest6  (cost=0.43..8.46 rows=1 width=196)
	        Index Cond: (id = 9160457)

table 7 : explain UPDATE sbtest7 SET k=k+1 WHERE id=8988711
	Update on sbtest7  (cost=0.43..8.46 rows=1 width=196)
	  ->  Index Scan using sbtest7_pkey on sbtest7  (cost=0.43..8.46 rows=1 width=196)
	        Index Cond: (id = 8988711)

table 8 : explain UPDATE sbtest8 SET k=k+1 WHERE id=520232
	Update on sbtest8  (cost=0.43..8.46 rows=1 width=196)
	  ->  Index Scan using sbtest8_pkey on sbtest8  (cost=0.43..8.46 rows=1 width=196)
	        Index Cond: (id = 520232)

for non_index_updates
table 1 : explain UPDATE sbtest1 SET c='foobar' WHERE id=332043
	Update on sbtest1  (cost=0.43..8.45 rows=1 width=559)
	  ->  Index Scan using sbtest1_pkey on sbtest1  (cost=0.43..8.45 rows=1 width=559)
	        Index Cond: (id = 332043)

table 2 : explain UPDATE sbtest2 SET c='foobar' WHERE id=8667855
	Update on sbtest2  (cost=0.43..8.45 rows=1 width=559)
	  ->  Index Scan using sbtest2_pkey on sbtest2  (cost=0.43..8.45 rows=1 width=559)
	        Index Cond: (id = 8667855)

table 3 : explain UPDATE sbtest3 SET c='foobar' WHERE id=2456817
	Update on sbtest3  (cost=0.43..8.45 rows=1 width=559)
	  ->  Index Scan using sbtest3_pkey on sbtest3  (cost=0.43..8.45 rows=1 width=559)
	        Index Cond: (id = 2456817)

table 4 : explain UPDATE sbtest4 SET c='foobar' WHERE id=8113731
	Update on sbtest4  (cost=0.43..8.45 rows=1 width=559)
	  ->  Index Scan using sbtest4_pkey on sbtest4  (cost=0.43..8.45 rows=1 width=559)
	        Index Cond: (id = 8113731)

table 5 : explain UPDATE sbtest5 SET c='foobar' WHERE id=508291
	Update on sbtest5  (cost=0.43..8.45 rows=1 width=559)
	  ->  Index Scan using sbtest5_pkey on sbtest5  (cost=0.43..8.45 rows=1 width=559)
	        Index Cond: (id = 508291)

table 6 : explain UPDATE sbtest6 SET c='foobar' WHERE id=7544437
	Update on sbtest6  (cost=0.43..8.45 rows=1 width=559)
	  ->  Index Scan using sbtest6_pkey on sbtest6  (cost=0.43..8.45 rows=1 width=559)
	        Index Cond: (id = 7544437)

table 7 : explain UPDATE sbtest7 SET c='foobar' WHERE id=5823198
	Update on sbtest7  (cost=0.43..8.45 rows=1 width=559)
	  ->  Index Scan using sbtest7_pkey on sbtest7  (cost=0.43..8.45 rows=1 width=559)
	        Index Cond: (id = 5823198)

table 8 : explain UPDATE sbtest8 SET c='foobar' WHERE id=54460
	Update on sbtest8  (cost=0.43..8.45 rows=1 width=559)
	  ->  Index Scan using sbtest8_pkey on sbtest8  (cost=0.43..8.45 rows=1 width=559)
	        Index Cond: (id = 54460)

for index_updates
table 1 : explain UPDATE sbtest1 SET k=k+1 WHERE id=6117981
	Update on sbtest1  (cost=0.43..8.46 rows=1 width=196)
	  ->  Index Scan using sbtest1_pkey on sbtest1  (cost=0.43..8.46 rows=1 width=196)
	        Index Cond: (id = 6117981)

table 2 : explain UPDATE sbtest2 SET k=k+1 WHERE id=3286081
	Update on sbtest2  (cost=0.43..8.46 rows=1 width=196)
	  ->  Index Scan using sbtest2_pkey on sbtest2  (cost=0.43..8.46 rows=1 width=196)
	        Index Cond: (id = 3286081)

table 3 : explain UPDATE sbtest3 SET k=k+1 WHERE id=8313824
	Update on sbtest3  (cost=0.43..8.46 rows=1 width=196)
	  ->  Index Scan using sbtest3_pkey on sbtest3  (cost=0.43..8.46 rows=1 width=196)
	        Index Cond: (id = 8313824)

table 4 : explain UPDATE sbtest4 SET k=k+1 WHERE id=1297120
	Update on sbtest4  (cost=0.43..8.46 rows=1 width=196)
	  ->  Index Scan using sbtest4_pkey on sbtest4  (cost=0.43..8.46 rows=1 width=196)
	        Index Cond: (id = 1297120)

table 5 : explain UPDATE sbtest5 SET k=k+1 WHERE id=6382971
	Update on sbtest5  (cost=0.43..8.46 rows=1 width=196)
	  ->  Index Scan using sbtest5_pkey on sbtest5  (cost=0.43..8.46 rows=1 width=196)
	        Index Cond: (id = 6382971)

table 6 : explain UPDATE sbtest6 SET k=k+1 WHERE id=6354251
	Update on sbtest6  (cost=0.43..8.46 rows=1 width=196)
	  ->  Index Scan using sbtest6_pkey on sbtest6  (cost=0.43..8.46 rows=1 width=196)
	        Index Cond: (id = 6354251)

table 7 : explain UPDATE sbtest7 SET k=k+1 WHERE id=4948345
	Update on sbtest7  (cost=0.43..8.46 rows=1 width=196)
	  ->  Index Scan using sbtest7_pkey on sbtest7  (cost=0.43..8.46 rows=1 width=196)
	        Index Cond: (id = 4948345)

table 8 : explain UPDATE sbtest8 SET k=k+1 WHERE id=6960142
	Update on sbtest8  (cost=0.43..8.46 rows=1 width=196)
	  ->  Index Scan using sbtest8_pkey on sbtest8  (cost=0.43..8.46 rows=1 width=196)
	        Index Cond: (id = 6960142)

for index_updates
table 1 : explain UPDATE sbtest1 SET k=k+1 WHERE id=5072091
	Update on sbtest1  (cost=0.43..8.46 rows=1 width=196)
	  ->  Index Scan using sbtest1_pkey on sbtest1  (cost=0.43..8.46 rows=1 width=196)
	        Index Cond: (id = 5072091)

table 2 : explain UPDATE sbtest2 SET k=k+1 WHERE id=1462196
	Update on sbtest2  (cost=0.43..8.46 rows=1 width=196)
	  ->  Index Scan using sbtest2_pkey on sbtest2  (cost=0.43..8.46 rows=1 width=196)
	        Index Cond: (id = 1462196)

table 3 : explain UPDATE sbtest3 SET k=k+1 WHERE id=4176076
	Update on sbtest3  (cost=0.43..8.46 rows=1 width=196)
	  ->  Index Scan using sbtest3_pkey on sbtest3  (cost=0.43..8.46 rows=1 width=196)
	        Index Cond: (id = 4176076)

table 4 : explain UPDATE sbtest4 SET k=k+1 WHERE id=2483464
	Update on sbtest4  (cost=0.43..8.46 rows=1 width=196)
	  ->  Index Scan using sbtest4_pkey on sbtest4  (cost=0.43..8.46 rows=1 width=196)
	        Index Cond: (id = 2483464)

table 5 : explain UPDATE sbtest5 SET k=k+1 WHERE id=462704
	Update on sbtest5  (cost=0.43..8.46 rows=1 width=196)
	  ->  Index Scan using sbtest5_pkey on sbtest5  (cost=0.43..8.46 rows=1 width=196)
	        Index Cond: (id = 462704)

table 6 : explain UPDATE sbtest6 SET k=k+1 WHERE id=458691
	Update on sbtest6  (cost=0.43..8.46 rows=1 width=196)
	  ->  Index Scan using sbtest6_pkey on sbtest6  (cost=0.43..8.46 rows=1 width=196)
	        Index Cond: (id = 458691)

table 7 : explain UPDATE sbtest7 SET k=k+1 WHERE id=6368958
	Update on sbtest7  (cost=0.43..8.46 rows=1 width=196)
	  ->  Index Scan using sbtest7_pkey on sbtest7  (cost=0.43..8.46 rows=1 width=196)
	        Index Cond: (id = 6368958)

table 8 : explain UPDATE sbtest8 SET k=k+1 WHERE id=9796973
	Update on sbtest8  (cost=0.43..8.46 rows=1 width=196)
	  ->  Index Scan using sbtest8_pkey on sbtest8  (cost=0.43..8.46 rows=1 width=196)
	        Index Cond: (id = 9796973)

explain: for non_index_updates :: explain UPDATE sbtest%u SET c='foobar' WHERE id=%u
explain: for non_index_updates :: explain UPDATE sbtest%u SET c='foobar' WHERE id=%u
for deletes
table 1 : explain DELETE FROM sbtest1 WHERE id=4339400
	Delete on sbtest1  (cost=0.43..8.45 rows=1 width=6)
	  ->  Index Scan using sbtest1_pkey on sbtest1  (cost=0.43..8.45 rows=1 width=6)
	        Index Cond: (id = 4339400)

table 2 : explain DELETE FROM sbtest2 WHERE id=5818156
	Delete on sbtest2  (cost=0.43..8.45 rows=1 width=6)
	  ->  Index Scan using sbtest2_pkey on sbtest2  (cost=0.43..8.45 rows=1 width=6)
	        Index Cond: (id = 5818156)

table 3 : explain DELETE FROM sbtest3 WHERE id=3064841
	Delete on sbtest3  (cost=0.43..8.45 rows=1 width=6)
	  ->  Index Scan using sbtest3_pkey on sbtest3  (cost=0.43..8.45 rows=1 width=6)
	        Index Cond: (id = 3064841)

table 4 : explain DELETE FROM sbtest4 WHERE id=4565456
	Delete on sbtest4  (cost=0.43..8.45 rows=1 width=6)
	  ->  Index Scan using sbtest4_pkey on sbtest4  (cost=0.43..8.45 rows=1 width=6)
	        Index Cond: (id = 4565456)

table 5 : explain DELETE FROM sbtest5 WHERE id=6851815
	Delete on sbtest5  (cost=0.43..8.45 rows=1 width=6)
	  ->  Index Scan using sbtest5_pkey on sbtest5  (cost=0.43..8.45 rows=1 width=6)
	        Index Cond: (id = 6851815)

table 6 : explain DELETE FROM sbtest6 WHERE id=9441380
	Delete on sbtest6  (cost=0.43..8.45 rows=1 width=6)
	  ->  Index Scan using sbtest6_pkey on sbtest6  (cost=0.43..8.45 rows=1 width=6)
	        Index Cond: (id = 9441380)

table 7 : explain DELETE FROM sbtest7 WHERE id=1673475
	Delete on sbtest7  (cost=0.43..8.45 rows=1 width=6)
	  ->  Index Scan using sbtest7_pkey on sbtest7  (cost=0.43..8.45 rows=1 width=6)
	        Index Cond: (id = 1673475)

table 8 : explain DELETE FROM sbtest8 WHERE id=7183393
	Delete on sbtest8  (cost=0.43..8.45 rows=1 width=6)
	  ->  Index Scan using sbtest8_pkey on sbtest8  (cost=0.43..8.45 rows=1 width=6)
	        Index Cond: (id = 7183393)

explain: for non_index_updates :: explain UPDATE sbtest%u SET c='foobar' WHERE id=%u
explain: for deletes :: explain DELETE FROM sbtest%u WHERE id=%u
explain: for deletes :: explain DELETE FROM sbtest%u WHERE id=%u
explain: for inserts :: explain INSERT INTO sbtest%u (id, k, c, pad) VALUES (%u, 13, 'foobar', 'foobar')
for non_index_updates
table 1 : explain UPDATE sbtest1 SET c='foobar' WHERE id=758086
	Update on sbtest1  (cost=0.43..8.45 rows=1 width=559)
	  ->  Index Scan using sbtest1_pkey on sbtest1  (cost=0.43..8.45 rows=1 width=559)
	        Index Cond: (id = 758086)

table 2 : explain UPDATE sbtest2 SET c='foobar' WHERE id=175498
	Update on sbtest2  (cost=0.43..8.45 rows=1 width=559)
	  ->  Index Scan using sbtest2_pkey on sbtest2  (cost=0.43..8.45 rows=1 width=559)
	        Index Cond: (id = 175498)

table 3 : explain UPDATE sbtest3 SET c='foobar' WHERE id=7837660
	Update on sbtest3  (cost=0.43..8.45 rows=1 width=559)
	  ->  Index Scan using sbtest3_pkey on sbtest3  (cost=0.43..8.45 rows=1 width=559)
	        Index Cond: (id = 7837660)

table 4 : explain UPDATE sbtest4 SET c='foobar' WHERE id=2842261
	Update on sbtest4  (cost=0.43..8.45 rows=1 width=559)
	  ->  Index Scan using sbtest4_pkey on sbtest4  (cost=0.43..8.45 rows=1 width=559)
	        Index Cond: (id = 2842261)

table 5 : explain UPDATE sbtest5 SET c='foobar' WHERE id=5347717
	Update on sbtest5  (cost=0.43..8.45 rows=1 width=559)
	  ->  Index Scan using sbtest5_pkey on sbtest5  (cost=0.43..8.45 rows=1 width=559)
	        Index Cond: (id = 5347717)

table 6 : explain UPDATE sbtest6 SET c='foobar' WHERE id=9516817
	Update on sbtest6  (cost=0.43..8.45 rows=1 width=559)
	  ->  Index Scan using sbtest6_pkey on sbtest6  (cost=0.43..8.45 rows=1 width=559)
	        Index Cond: (id = 9516817)

table 7 : explain UPDATE sbtest7 SET c='foobar' WHERE id=877359
	Update on sbtest7  (cost=0.43..8.45 rows=1 width=559)
	  ->  Index Scan using sbtest7_pkey on sbtest7  (cost=0.43..8.45 rows=1 width=559)
	        Index Cond: (id = 877359)

table 8 : explain UPDATE sbtest8 SET c='foobar' WHERE id=8357681
	Update on sbtest8  (cost=0.43..8.45 rows=1 width=559)
	  ->  Index Scan using sbtest8_pkey on sbtest8  (cost=0.43..8.45 rows=1 width=559)
	        Index Cond: (id = 8357681)

for non_index_updates
table 1 : explain UPDATE sbtest1 SET c='foobar' WHERE id=8689999
	Update on sbtest1  (cost=0.43..8.45 rows=1 width=559)
	  ->  Index Scan using sbtest1_pkey on sbtest1  (cost=0.43..8.45 rows=1 width=559)
	        Index Cond: (id = 8689999)

table 2 : explain UPDATE sbtest2 SET c='foobar' WHERE id=744374
	Update on sbtest2  (cost=0.43..8.45 rows=1 width=559)
	  ->  Index Scan using sbtest2_pkey on sbtest2  (cost=0.43..8.45 rows=1 width=559)
	        Index Cond: (id = 744374)

table 3 : explain UPDATE sbtest3 SET c='foobar' WHERE id=5538408
	Update on sbtest3  (cost=0.43..8.45 rows=1 width=559)
	  ->  Index Scan using sbtest3_pkey on sbtest3  (cost=0.43..8.45 rows=1 width=559)
	        Index Cond: (id = 5538408)

table 4 : explain UPDATE sbtest4 SET c='foobar' WHERE id=1167199
	Update on sbtest4  (cost=0.43..8.45 rows=1 width=559)
	  ->  Index Scan using sbtest4_pkey on sbtest4  (cost=0.43..8.45 rows=1 width=559)
	        Index Cond: (id = 1167199)

table 5 : explain UPDATE sbtest5 SET c='foobar' WHERE id=849388
	Update on sbtest5  (cost=0.43..8.45 rows=1 width=559)
	  ->  Index Scan using sbtest5_pkey on sbtest5  (cost=0.43..8.45 rows=1 width=559)
	        Index Cond: (id = 849388)

table 6 : explain UPDATE sbtest6 SET c='foobar' WHERE id=705184
	Update on sbtest6  (cost=0.43..8.45 rows=1 width=559)
	  ->  Index Scan using sbtest6_pkey on sbtest6  (cost=0.43..8.45 rows=1 width=559)
	        Index Cond: (id = 705184)

table 7 : explain UPDATE sbtest7 SET c='foobar' WHERE id=766754
	Update on sbtest7  (cost=0.43..8.45 rows=1 width=559)
	  ->  Index Scan using sbtest7_pkey on sbtest7  (cost=0.43..8.45 rows=1 width=559)
	        Index Cond: (id = 766754)

table 8 : explain UPDATE sbtest8 SET c='foobar' WHERE id=4664606
	Update on sbtest8  (cost=0.43..8.45 rows=1 width=559)
	  ->  Index Scan using sbtest8_pkey on sbtest8  (cost=0.43..8.45 rows=1 width=559)
	        Index Cond: (id = 4664606)

for non_index_updates
table 1 : explain UPDATE sbtest1 SET c='foobar' WHERE id=6332051
	Update on sbtest1  (cost=0.43..8.45 rows=1 width=559)
	  ->  Index Scan using sbtest1_pkey on sbtest1  (cost=0.43..8.45 rows=1 width=559)
	        Index Cond: (id = 6332051)

table 2 : explain UPDATE sbtest2 SET c='foobar' WHERE id=4538295
	Update on sbtest2  (cost=0.43..8.45 rows=1 width=559)
	  ->  Index Scan using sbtest2_pkey on sbtest2  (cost=0.43..8.45 rows=1 width=559)
	        Index Cond: (id = 4538295)

table 3 : explain UPDATE sbtest3 SET c='foobar' WHERE id=8642785
	Update on sbtest3  (cost=0.43..8.45 rows=1 width=559)
	  ->  Index Scan using sbtest3_pkey on sbtest3  (cost=0.43..8.45 rows=1 width=559)
	        Index Cond: (id = 8642785)

table 4 : explain UPDATE sbtest4 SET c='foobar' WHERE id=5180912
	Update on sbtest4  (cost=0.43..8.45 rows=1 width=559)
	  ->  Index Scan using sbtest4_pkey on sbtest4  (cost=0.43..8.45 rows=1 width=559)
	        Index Cond: (id = 5180912)

table 5 : explain UPDATE sbtest5 SET c='foobar' WHERE id=9965602
	Update on sbtest5  (cost=0.43..8.45 rows=1 width=559)
	  ->  Index Scan using sbtest5_pkey on sbtest5  (cost=0.43..8.45 rows=1 width=559)
	        Index Cond: (id = 9965602)

table 6 : explain UPDATE sbtest6 SET c='foobar' WHERE id=2651648
	Update on sbtest6  (cost=0.43..8.45 rows=1 width=559)
	  ->  Index Scan using sbtest6_pkey on sbtest6  (cost=0.43..8.45 rows=1 width=559)
	        Index Cond: (id = 2651648)

table 7 : explain UPDATE sbtest7 SET c='foobar' WHERE id=101037
	Update on sbtest7  (cost=0.43..8.45 rows=1 width=559)
	  ->  Index Scan using sbtest7_pkey on sbtest7  (cost=0.43..8.45 rows=1 width=559)
	        Index Cond: (id = 101037)

table 8 : explain UPDATE sbtest8 SET c='foobar' WHERE id=8690887
	Update on sbtest8  (cost=0.43..8.45 rows=1 width=559)
	  ->  Index Scan using sbtest8_pkey on sbtest8  (cost=0.43..8.45 rows=1 width=559)
	        Index Cond: (id = 8690887)
for non_index_updates
table 1 : explain UPDATE sbtest1 SET c='foobar' WHERE id=3325550
	Update on sbtest1  (cost=0.43..8.45 rows=1 width=559)
	  ->  Index Scan using sbtest1_pkey on sbtest1  (cost=0.43..8.45 rows=1 width=559)
	        Index Cond: (id = 3325550)

table 2 : explain UPDATE sbtest2 SET c='foobar' WHERE id=1731544
	Update on sbtest2  (cost=0.43..8.45 rows=1 width=559)
	  ->  Index Scan using sbtest2_pkey on sbtest2  (cost=0.43..8.45 rows=1 width=559)
	        Index Cond: (id = 1731544)

table 3 : explain UPDATE sbtest3 SET c='foobar' WHERE id=5076772
	Update on sbtest3  (cost=0.43..8.45 rows=1 width=559)
	  ->  Index Scan using sbtest3_pkey on sbtest3  (cost=0.43..8.45 rows=1 width=559)
	        Index Cond: (id = 5076772)

table 4 : explain UPDATE sbtest4 SET c='foobar' WHERE id=9444473
	Update on sbtest4  (cost=0.43..8.45 rows=1 width=559)
	  ->  Index Scan using sbtest4_pkey on sbtest4  (cost=0.43..8.45 rows=1 width=559)
	        Index Cond: (id = 9444473)

table 5 : explain UPDATE sbtest5 SET c='foobar' WHERE id=6757783
	Update on sbtest5  (cost=0.43..8.45 rows=1 width=559)
	  ->  Index Scan using sbtest5_pkey on sbtest5  (cost=0.43..8.45 rows=1 width=559)
	        Index Cond: (id = 6757783)

table 6 : explain UPDATE sbtest6 SET c='foobar' WHERE id=7296274
	Update on sbtest6  (cost=0.43..8.45 rows=1 width=559)
	  ->  Index Scan using sbtest6_pkey on sbtest6  (cost=0.43..8.45 rows=1 width=559)
	        Index Cond: (id = 7296274)

table 7 : explain UPDATE sbtest7 SET c='foobar' WHERE id=2344700
	Update on sbtest7  (cost=0.43..8.45 rows=1 width=559)
	  ->  Index Scan using sbtest7_pkey on sbtest7  (cost=0.43..8.45 rows=1 width=559)
	        Index Cond: (id = 2344700)

table 8 : explain UPDATE sbtest8 SET c='foobar' WHERE id=3841635
	Update on sbtest8  (cost=0.43..8.45 rows=1 width=559)
	  ->  Index Scan using sbtest8_pkey on sbtest8  (cost=0.43..8.45 rows=1 width=559)
	        Index Cond: (id = 3841635)


for non_index_updates
table 1 : explain UPDATE sbtest1 SET c='foobar' WHERE id=5955186
	Update on sbtest1  (cost=0.43..8.45 rows=1 width=559)
	  ->  Index Scan using sbtest1_pkey on sbtest1  (cost=0.43..8.45 rows=1 width=559)
	        Index Cond: (id = 5955186)

table 2 : explain UPDATE sbtest2 SET c='foobar' WHERE id=2039401
	Update on sbtest2  (cost=0.43..8.45 rows=1 width=559)
	  ->  Index Scan using sbtest2_pkey on sbtest2  (cost=0.43..8.45 rows=1 width=559)
	        Index Cond: (id = 2039401)

table 3 : explain UPDATE sbtest3 SET c='foobar' WHERE id=282485
	Update on sbtest3  (cost=0.43..8.45 rows=1 width=559)
	  ->  Index Scan using sbtest3_pkey on sbtest3  (cost=0.43..8.45 rows=1 width=559)
	        Index Cond: (id = 282485)

table 4 : explain UPDATE sbtest4 SET c='foobar' WHERE id=7321849
	Update on sbtest4  (cost=0.43..8.45 rows=1 width=559)
	  ->  Index Scan using sbtest4_pkey on sbtest4  (cost=0.43..8.45 rows=1 width=559)
	        Index Cond: (id = 7321849)

table 5 : explain UPDATE sbtest5 SET c='foobar' WHERE id=7846789
	Update on sbtest5  (cost=0.43..8.45 rows=1 width=559)
	  ->  Index Scan using sbtest5_pkey on sbtest5  (cost=0.43..8.45 rows=1 width=559)
	        Index Cond: (id = 7846789)

table 6 : explain UPDATE sbtest6 SET c='foobar' WHERE id=5690626
	Update on sbtest6  (cost=0.43..8.45 rows=1 width=559)
	  ->  Index Scan using sbtest6_pkey on sbtest6  (cost=0.43..8.45 rows=1 width=559)
	        Index Cond: (id = 5690626)

table 7 : explain UPDATE sbtest7 SET c='foobar' WHERE id=7422586
	Update on sbtest7  (cost=0.43..8.45 rows=1 width=559)
	  ->  Index Scan using sbtest7_pkey on sbtest7  (cost=0.43..8.45 rows=1 width=559)
	        Index Cond: (id = 7422586)

table 8 : explain UPDATE sbtest8 SET c='foobar' WHERE id=6319627
	Update on sbtest8  (cost=0.43..8.45 rows=1 width=559)
	  ->  Index Scan using sbtest8_pkey on sbtest8  (cost=0.43..8.45 rows=1 width=559)
	        Index Cond: (id = 6319627)

explain: for deletes :: explain DELETE FROM sbtest%u WHERE id=%u
for index_updates
table 1 : explain UPDATE sbtest1 SET k=k+1 WHERE id=8008884
	Update on sbtest1  (cost=0.43..8.46 rows=1 width=196)
	  ->  Index Scan using sbtest1_pkey on sbtest1  (cost=0.43..8.46 rows=1 width=196)
	        Index Cond: (id = 8008884)

table 2 : explain UPDATE sbtest2 SET k=k+1 WHERE id=6983099
	Update on sbtest2  (cost=0.43..8.46 rows=1 width=196)
	  ->  Index Scan using sbtest2_pkey on sbtest2  (cost=0.43..8.46 rows=1 width=196)
	        Index Cond: (id = 6983099)

table 3 : explain UPDATE sbtest3 SET k=k+1 WHERE id=4314865
	Update on sbtest3  (cost=0.43..8.46 rows=1 width=196)
	  ->  Index Scan using sbtest3_pkey on sbtest3  (cost=0.43..8.46 rows=1 width=196)
	        Index Cond: (id = 4314865)

table 4 : explain UPDATE sbtest4 SET k=k+1 WHERE id=4379155
	Update on sbtest4  (cost=0.43..8.46 rows=1 width=196)
	  ->  Index Scan using sbtest4_pkey on sbtest4  (cost=0.43..8.46 rows=1 width=196)
	        Index Cond: (id = 4379155)

table 5 : explain UPDATE sbtest5 SET k=k+1 WHERE id=5093598
	Update on sbtest5  (cost=0.43..8.46 rows=1 width=196)
	  ->  Index Scan using sbtest5_pkey on sbtest5  (cost=0.43..8.46 rows=1 width=196)
	        Index Cond: (id = 5093598)

table 6 : explain UPDATE sbtest6 SET k=k+1 WHERE id=504348
	Update on sbtest6  (cost=0.43..8.46 rows=1 width=196)
	  ->  Index Scan using sbtest6_pkey on sbtest6  (cost=0.43..8.46 rows=1 width=196)
	        Index Cond: (id = 504348)

table 7 : explain UPDATE sbtest7 SET k=k+1 WHERE id=4838508
	Update on sbtest7  (cost=0.43..8.46 rows=1 width=196)
	  ->  Index Scan using sbtest7_pkey on sbtest7  (cost=0.43..8.46 rows=1 width=196)
	        Index Cond: (id = 4838508)

table 8 : explain UPDATE sbtest8 SET k=k+1 WHERE id=1618931
	Update on sbtest8  (cost=0.43..8.46 rows=1 width=196)
	  ->  Index Scan using sbtest8_pkey on sbtest8  (cost=0.43..8.46 rows=1 width=196)
	        Index Cond: (id = 1618931)

explain: for deletes :: explain DELETE FROM sbtest%u WHERE id=%u
explain: for deletes :: explain DELETE FROM sbtest%u WHERE id=%u
for inserts
table 1 : explain INSERT INTO sbtest1 (id, k, c, pad) VALUES (4179925, 13, 'foobar', 'foobar')
	Insert on sbtest1  (cost=0.00..0.01 rows=1 width=736)
	  ->  Result  (cost=0.00..0.01 rows=1 width=736)

table 2 : explain INSERT INTO sbtest2 (id, k, c, pad) VALUES (6390643, 13, 'foobar', 'foobar')
	Insert on sbtest2  (cost=0.00..0.01 rows=1 width=736)
	  ->  Result  (cost=0.00..0.01 rows=1 width=736)

table 3 : explain INSERT INTO sbtest3 (id, k, c, pad) VALUES (7107163, 13, 'foobar', 'foobar')
	Insert on sbtest3  (cost=0.00..0.01 rows=1 width=736)
	  ->  Result  (cost=0.00..0.01 rows=1 width=736)

table 4 : explain INSERT INTO sbtest4 (id, k, c, pad) VALUES (5342382, 13, 'foobar', 'foobar')
	Insert on sbtest4  (cost=0.00..0.01 rows=1 width=736)
	  ->  Result  (cost=0.00..0.01 rows=1 width=736)

table 5 : explain INSERT INTO sbtest5 (id, k, c, pad) VALUES (3353458, 13, 'foobar', 'foobar')
	Insert on sbtest5  (cost=0.00..0.01 rows=1 width=736)
	  ->  Result  (cost=0.00..0.01 rows=1 width=736)

table 6 : explain INSERT INTO sbtest6 (id, k, c, pad) VALUES (8500174, 13, 'foobar', 'foobar')
	Insert on sbtest6  (cost=0.00..0.01 rows=1 width=736)
	  ->  Result  (cost=0.00..0.01 rows=1 width=736)

table 7 : explain INSERT INTO sbtest7 (id, k, c, pad) VALUES (564892, 13, 'foobar', 'foobar')
	Insert on sbtest7  (cost=0.00..0.01 rows=1 width=736)
	  ->  Result  (cost=0.00..0.01 rows=1 width=736)

table 8 : explain INSERT INTO sbtest8 (id, k, c, pad) VALUES (7144963, 13, 'foobar', 'foobar')
	Insert on sbtest8  (cost=0.00..0.01 rows=1 width=736)
	  ->  Result  (cost=0.00..0.01 rows=1 width=736)

explain: for deletes :: explain DELETE FROM sbtest%u WHERE id=%u
explain: for non_index_updates :: explain UPDATE sbtest%u SET c='foobar' WHERE id=%u
explain: for deletes :: explain DELETE FROM sbtest%u WHERE id=%u
for deletes
table 1 : explain DELETE FROM sbtest1 WHERE id=1948732
	Delete on sbtest1  (cost=0.43..8.45 rows=1 width=6)
	  ->  Index Scan using sbtest1_pkey on sbtest1  (cost=0.43..8.45 rows=1 width=6)
	        Index Cond: (id = 1948732)

table 2 : explain DELETE FROM sbtest2 WHERE id=1934987
	Delete on sbtest2  (cost=0.43..8.45 rows=1 width=6)
	  ->  Index Scan using sbtest2_pkey on sbtest2  (cost=0.43..8.45 rows=1 width=6)
	        Index Cond: (id = 1934987)

table 3 : explain DELETE FROM sbtest3 WHERE id=940882
	Delete on sbtest3  (cost=0.43..8.45 rows=1 width=6)
	  ->  Index Scan using sbtest3_pkey on sbtest3  (cost=0.43..8.45 rows=1 width=6)
	        Index Cond: (id = 940882)

table 4 : explain DELETE FROM sbtest4 WHERE id=5088749
	Delete on sbtest4  (cost=0.43..8.45 rows=1 width=6)
	  ->  Index Scan using sbtest4_pkey on sbtest4  (cost=0.43..8.45 rows=1 width=6)
	        Index Cond: (id = 5088749)

table 5 : explain DELETE FROM sbtest5 WHERE id=9286529
	Delete on sbtest5  (cost=0.43..8.45 rows=1 width=6)
	  ->  Index Scan using sbtest5_pkey on sbtest5  (cost=0.43..8.45 rows=1 width=6)
	        Index Cond: (id = 9286529)

table 6 : explain DELETE FROM sbtest6 WHERE id=6135868
	Delete on sbtest6  (cost=0.43..8.45 rows=1 width=6)
	  ->  Index Scan using sbtest6_pkey on sbtest6  (cost=0.43..8.45 rows=1 width=6)
	        Index Cond: (id = 6135868)

table 7 : explain DELETE FROM sbtest7 WHERE id=4866908
	Delete on sbtest7  (cost=0.43..8.45 rows=1 width=6)
	  ->  Index Scan using sbtest7_pkey on sbtest7  (cost=0.43..8.45 rows=1 width=6)
	        Index Cond: (id = 4866908)

table 8 : explain DELETE FROM sbtest8 WHERE id=7498750
	Delete on sbtest8  (cost=0.43..8.45 rows=1 width=6)
	  ->  Index Scan using sbtest8_pkey on sbtest8  (cost=0.43..8.45 rows=1 width=6)
	        Index Cond: (id = 7498750)

for deletes
table 1 : explain DELETE FROM sbtest1 WHERE id=8525504
	Delete on sbtest1  (cost=0.43..8.45 rows=1 width=6)
	  ->  Index Scan using sbtest1_pkey on sbtest1  (cost=0.43..8.45 rows=1 width=6)
	        Index Cond: (id = 8525504)

table 2 : explain DELETE FROM sbtest2 WHERE id=4041603
	Delete on sbtest2  (cost=0.43..8.45 rows=1 width=6)
	  ->  Index Scan using sbtest2_pkey on sbtest2  (cost=0.43..8.45 rows=1 width=6)
	        Index Cond: (id = 4041603)

table 3 : explain DELETE FROM sbtest3 WHERE id=5897176
	Delete on sbtest3  (cost=0.43..8.45 rows=1 width=6)
	  ->  Index Scan using sbtest3_pkey on sbtest3  (cost=0.43..8.45 rows=1 width=6)
	        Index Cond: (id = 5897176)

table 4 : explain DELETE FROM sbtest4 WHERE id=9543242
	Delete on sbtest4  (cost=0.43..8.45 rows=1 width=6)
	  ->  Index Scan using sbtest4_pkey on sbtest4  (cost=0.43..8.45 rows=1 width=6)
	        Index Cond: (id = 9543242)

table 5 : explain DELETE FROM sbtest5 WHERE id=321774
	Delete on sbtest5  (cost=0.43..8.45 rows=1 width=6)
	  ->  Index Scan using sbtest5_pkey on sbtest5  (cost=0.43..8.45 rows=1 width=6)
	        Index Cond: (id = 321774)

table 6 : explain DELETE FROM sbtest6 WHERE id=7099157
	Delete on sbtest6  (cost=0.43..8.45 rows=1 width=6)
	  ->  Index Scan using sbtest6_pkey on sbtest6  (cost=0.43..8.45 rows=1 width=6)
	        Index Cond: (id = 7099157)

table 7 : explain DELETE FROM sbtest7 WHERE id=5152935
	Delete on sbtest7  (cost=0.43..8.45 rows=1 width=6)
	  ->  Index Scan using sbtest7_pkey on sbtest7  (cost=0.43..8.45 rows=1 width=6)
	        Index Cond: (id = 5152935)

table 8 : explain DELETE FROM sbtest8 WHERE id=8963835
	Delete on sbtest8  (cost=0.43..8.45 rows=1 width=6)
	  ->  Index Scan using sbtest8_pkey on sbtest8  (cost=0.43..8.45 rows=1 width=6)
	        Index Cond: (id = 8963835)

for deletes
table 1 : explain DELETE FROM sbtest1 WHERE id=5664580
	Delete on sbtest1  (cost=0.43..8.45 rows=1 width=6)
	  ->  Index Scan using sbtest1_pkey on sbtest1  (cost=0.43..8.45 rows=1 width=6)
	        Index Cond: (id = 5664580)

table 2 : explain DELETE FROM sbtest2 WHERE id=1207038
	Delete on sbtest2  (cost=0.43..8.45 rows=1 width=6)
	  ->  Index Scan using sbtest2_pkey on sbtest2  (cost=0.43..8.45 rows=1 width=6)
	        Index Cond: (id = 1207038)

table 3 : explain DELETE FROM sbtest3 WHERE id=922619
	Delete on sbtest3  (cost=0.43..8.45 rows=1 width=6)
	  ->  Index Scan using sbtest3_pkey on sbtest3  (cost=0.43..8.45 rows=1 width=6)
	        Index Cond: (id = 922619)

table 4 : explain DELETE FROM sbtest4 WHERE id=9078597
	Delete on sbtest4  (cost=0.43..8.45 rows=1 width=6)
	  ->  Index Scan using sbtest4_pkey on sbtest4  (cost=0.43..8.45 rows=1 width=6)
	        Index Cond: (id = 9078597)

table 5 : explain DELETE FROM sbtest5 WHERE id=2766918
	Delete on sbtest5  (cost=0.43..8.45 rows=1 width=6)
	  ->  Index Scan using sbtest5_pkey on sbtest5  (cost=0.43..8.45 rows=1 width=6)
	        Index Cond: (id = 2766918)

table 6 : explain DELETE FROM sbtest6 WHERE id=669044
	Delete on sbtest6  (cost=0.43..8.45 rows=1 width=6)
	  ->  Index Scan using sbtest6_pkey on sbtest6  (cost=0.43..8.45 rows=1 width=6)
	        Index Cond: (id = 669044)

table 7 : explain DELETE FROM sbtest7 WHERE id=8562612
	Delete on sbtest7  (cost=0.43..8.45 rows=1 width=6)
	  ->  Index Scan using sbtest7_pkey on sbtest7  (cost=0.43..8.45 rows=1 width=6)
	        Index Cond: (id = 8562612)

table 8 : explain DELETE FROM sbtest8 WHERE id=2485742
	Delete on sbtest8  (cost=0.43..8.45 rows=1 width=6)
	  ->  Index Scan using sbtest8_pkey on sbtest8  (cost=0.43..8.45 rows=1 width=6)
	        Index Cond: (id = 2485742)

explain: for index_updates :: explain UPDATE sbtest%u SET k=k+1 WHERE id=%u
for deletes
table 1 : explain DELETE FROM sbtest1 WHERE id=720074
	Delete on sbtest1  (cost=0.43..8.45 rows=1 width=6)
	  ->  Index Scan using sbtest1_pkey on sbtest1  (cost=0.43..8.45 rows=1 width=6)
	        Index Cond: (id = 720074)

table 2 : explain DELETE FROM sbtest2 WHERE id=3880666
	Delete on sbtest2  (cost=0.43..8.45 rows=1 width=6)
	  ->  Index Scan using sbtest2_pkey on sbtest2  (cost=0.43..8.45 rows=1 width=6)
	        Index Cond: (id = 3880666)

table 3 : explain DELETE FROM sbtest3 WHERE id=9635453
	Delete on sbtest3  (cost=0.43..8.45 rows=1 width=6)
	  ->  Index Scan using sbtest3_pkey on sbtest3  (cost=0.43..8.45 rows=1 width=6)
	        Index Cond: (id = 9635453)

table 4 : explain DELETE FROM sbtest4 WHERE id=9197274
	Delete on sbtest4  (cost=0.43..8.45 rows=1 width=6)
	  ->  Index Scan using sbtest4_pkey on sbtest4  (cost=0.43..8.45 rows=1 width=6)
	        Index Cond: (id = 9197274)

table 5 : explain DELETE FROM sbtest5 WHERE id=2537391
	Delete on sbtest5  (cost=0.43..8.45 rows=1 width=6)
	  ->  Index Scan using sbtest5_pkey on sbtest5  (cost=0.43..8.45 rows=1 width=6)
	        Index Cond: (id = 2537391)

table 6 : explain DELETE FROM sbtest6 WHERE id=4634895
	Delete on sbtest6  (cost=0.43..8.45 rows=1 width=6)
	  ->  Index Scan using sbtest6_pkey on sbtest6  (cost=0.43..8.45 rows=1 width=6)
	        Index Cond: (id = 4634895)

table 7 : explain DELETE FROM sbtest7 WHERE id=5368758
	Delete on sbtest7  (cost=0.43..8.45 rows=1 width=6)
	  ->  Index Scan using sbtest7_pkey on sbtest7  (cost=0.43..8.45 rows=1 width=6)
	        Index Cond: (id = 5368758)

table 8 : explain DELETE FROM sbtest8 WHERE id=1277685
	Delete on sbtest8  (cost=0.43..8.45 rows=1 width=6)
	  ->  Index Scan using sbtest8_pkey on sbtest8  (cost=0.43..8.45 rows=1 width=6)
	        Index Cond: (id = 1277685)

for deletes
table 1 : explain DELETE FROM sbtest1 WHERE id=625078
	Delete on sbtest1  (cost=0.43..8.45 rows=1 width=6)
	  ->  Index Scan using sbtest1_pkey on sbtest1  (cost=0.43..8.45 rows=1 width=6)
	        Index Cond: (id = 625078)

table 2 : explain DELETE FROM sbtest2 WHERE id=6455877
	Delete on sbtest2  (cost=0.43..8.45 rows=1 width=6)
	  ->  Index Scan using sbtest2_pkey on sbtest2  (cost=0.43..8.45 rows=1 width=6)
	        Index Cond: (id = 6455877)

table 3 : explain DELETE FROM sbtest3 WHERE id=8883669
	Delete on sbtest3  (cost=0.43..8.45 rows=1 width=6)
	  ->  Index Scan using sbtest3_pkey on sbtest3  (cost=0.43..8.45 rows=1 width=6)
	        Index Cond: (id = 8883669)

table 4 : explain DELETE FROM sbtest4 WHERE id=2296069
	Delete on sbtest4  (cost=0.43..8.45 rows=1 width=6)
	  ->  Index Scan using sbtest4_pkey on sbtest4  (cost=0.43..8.45 rows=1 width=6)
	        Index Cond: (id = 2296069)

table 5 : explain DELETE FROM sbtest5 WHERE id=373313
	Delete on sbtest5  (cost=0.43..8.45 rows=1 width=6)
	  ->  Index Scan using sbtest5_pkey on sbtest5  (cost=0.43..8.45 rows=1 width=6)
	        Index Cond: (id = 373313)

table 6 : explain DELETE FROM sbtest6 WHERE id=6448764
	Delete on sbtest6  (cost=0.43..8.45 rows=1 width=6)
	  ->  Index Scan using sbtest6_pkey on sbtest6  (cost=0.43..8.45 rows=1 width=6)
	        Index Cond: (id = 6448764)

table 7 : explain DELETE FROM sbtest7 WHERE id=7000530
	Delete on sbtest7  (cost=0.43..8.45 rows=1 width=6)
	  ->  Index Scan using sbtest7_pkey on sbtest7  (cost=0.43..8.45 rows=1 width=6)
	        Index Cond: (id = 7000530)

table 8 : explain DELETE FROM sbtest8 WHERE id=8705146
	Delete on sbtest8  (cost=0.43..8.45 rows=1 width=6)
	  ->  Index Scan using sbtest8_pkey on sbtest8  (cost=0.43..8.45 rows=1 width=6)
	        Index Cond: (id = 8705146)

explain: for index_updates :: explain UPDATE sbtest%u SET k=k+1 WHERE id=%u
for non_index_updates
table 1 : explain UPDATE sbtest1 SET c='foobar' WHERE id=7472446
	Update on sbtest1  (cost=0.43..8.45 rows=1 width=559)
	  ->  Index Scan using sbtest1_pkey on sbtest1  (cost=0.43..8.45 rows=1 width=559)
	        Index Cond: (id = 7472446)

table 2 : explain UPDATE sbtest2 SET c='foobar' WHERE id=995194
	Update on sbtest2  (cost=0.43..8.45 rows=1 width=559)
	  ->  Index Scan using sbtest2_pkey on sbtest2  (cost=0.43..8.45 rows=1 width=559)
	        Index Cond: (id = 995194)

table 3 : explain UPDATE sbtest3 SET c='foobar' WHERE id=1374435
	Update on sbtest3  (cost=0.43..8.45 rows=1 width=559)
	  ->  Index Scan using sbtest3_pkey on sbtest3  (cost=0.43..8.45 rows=1 width=559)
	        Index Cond: (id = 1374435)

table 4 : explain UPDATE sbtest4 SET c='foobar' WHERE id=2798344
	Update on sbtest4  (cost=0.43..8.45 rows=1 width=559)
	  ->  Index Scan using sbtest4_pkey on sbtest4  (cost=0.43..8.45 rows=1 width=559)
	        Index Cond: (id = 2798344)

table 5 : explain UPDATE sbtest5 SET c='foobar' WHERE id=5251645
	Update on sbtest5  (cost=0.43..8.45 rows=1 width=559)
	  ->  Index Scan using sbtest5_pkey on sbtest5  (cost=0.43..8.45 rows=1 width=559)
	        Index Cond: (id = 5251645)

table 6 : explain UPDATE sbtest6 SET c='foobar' WHERE id=6568619
	Update on sbtest6  (cost=0.43..8.45 rows=1 width=559)
	  ->  Index Scan using sbtest6_pkey on sbtest6  (cost=0.43..8.45 rows=1 width=559)
	        Index Cond: (id = 6568619)

table 7 : explain UPDATE sbtest7 SET c='foobar' WHERE id=8273114
	Update on sbtest7  (cost=0.43..8.45 rows=1 width=559)
	  ->  Index Scan using sbtest7_pkey on sbtest7  (cost=0.43..8.45 rows=1 width=559)
	        Index Cond: (id = 8273114)

table 8 : explain UPDATE sbtest8 SET c='foobar' WHERE id=3288368
	Update on sbtest8  (cost=0.43..8.45 rows=1 width=559)
	  ->  Index Scan using sbtest8_pkey on sbtest8  (cost=0.43..8.45 rows=1 width=559)
	        Index Cond: (id = 3288368)

explain: for inserts :: explain INSERT INTO sbtest%u (id, k, c, pad) VALUES (%u, 13, 'foobar', 'foobar')
explain: for deletes :: explain DELETE FROM sbtest%u WHERE id=%u
explain: for inserts :: explain INSERT INTO sbtest%u (id, k, c, pad) VALUES (%u, 13, 'foobar', 'foobar')
explain: for index_updates :: explain UPDATE sbtest%u SET k=k+1 WHERE id=%u
explain: for inserts :: explain INSERT INTO sbtest%u (id, k, c, pad) VALUES (%u, 13, 'foobar', 'foobar')
for deletes
table 1 : explain DELETE FROM sbtest1 WHERE id=2261980
	Delete on sbtest1  (cost=0.43..8.45 rows=1 width=6)
	  ->  Index Scan using sbtest1_pkey on sbtest1  (cost=0.43..8.45 rows=1 width=6)
	        Index Cond: (id = 2261980)

table 2 : explain DELETE FROM sbtest2 WHERE id=5512353
	Delete on sbtest2  (cost=0.43..8.45 rows=1 width=6)
	  ->  Index Scan using sbtest2_pkey on sbtest2  (cost=0.43..8.45 rows=1 width=6)
	        Index Cond: (id = 5512353)

table 3 : explain DELETE FROM sbtest3 WHERE id=4421885
	Delete on sbtest3  (cost=0.43..8.45 rows=1 width=6)
	  ->  Index Scan using sbtest3_pkey on sbtest3  (cost=0.43..8.45 rows=1 width=6)
	        Index Cond: (id = 4421885)

table 4 : explain DELETE FROM sbtest4 WHERE id=3190846
	Delete on sbtest4  (cost=0.43..8.45 rows=1 width=6)
	  ->  Index Scan using sbtest4_pkey on sbtest4  (cost=0.43..8.45 rows=1 width=6)
	        Index Cond: (id = 3190846)

table 5 : explain DELETE FROM sbtest5 WHERE id=3067186
	Delete on sbtest5  (cost=0.43..8.45 rows=1 width=6)
	  ->  Index Scan using sbtest5_pkey on sbtest5  (cost=0.43..8.45 rows=1 width=6)
	        Index Cond: (id = 3067186)

table 6 : explain DELETE FROM sbtest6 WHERE id=8219996
	Delete on sbtest6  (cost=0.43..8.45 rows=1 width=6)
	  ->  Index Scan using sbtest6_pkey on sbtest6  (cost=0.43..8.45 rows=1 width=6)
	        Index Cond: (id = 8219996)

table 7 : explain DELETE FROM sbtest7 WHERE id=402841
	Delete on sbtest7  (cost=0.43..8.45 rows=1 width=6)
	  ->  Index Scan using sbtest7_pkey on sbtest7  (cost=0.43..8.45 rows=1 width=6)
	        Index Cond: (id = 402841)

table 8 : explain DELETE FROM sbtest8 WHERE id=688156
	Delete on sbtest8  (cost=0.43..8.45 rows=1 width=6)
	  ->  Index Scan using sbtest8_pkey on sbtest8  (cost=0.43..8.45 rows=1 width=6)
	        Index Cond: (id = 688156)

for inserts
table 1 : explain INSERT INTO sbtest1 (id, k, c, pad) VALUES (8688377, 13, 'foobar', 'foobar')
	Insert on sbtest1  (cost=0.00..0.01 rows=1 width=736)
	  ->  Result  (cost=0.00..0.01 rows=1 width=736)

table 2 : explain INSERT INTO sbtest2 (id, k, c, pad) VALUES (986577, 13, 'foobar', 'foobar')
	Insert on sbtest2  (cost=0.00..0.01 rows=1 width=736)
	  ->  Result  (cost=0.00..0.01 rows=1 width=736)

table 3 : explain INSERT INTO sbtest3 (id, k, c, pad) VALUES (9669690, 13, 'foobar', 'foobar')
	Insert on sbtest3  (cost=0.00..0.01 rows=1 width=736)
	  ->  Result  (cost=0.00..0.01 rows=1 width=736)

table 4 : explain INSERT INTO sbtest4 (id, k, c, pad) VALUES (3156023, 13, 'foobar', 'foobar')
	Insert on sbtest4  (cost=0.00..0.01 rows=1 width=736)
	  ->  Result  (cost=0.00..0.01 rows=1 width=736)

table 5 : explain INSERT INTO sbtest5 (id, k, c, pad) VALUES (2093881, 13, 'foobar', 'foobar')
	Insert on sbtest5  (cost=0.00..0.01 rows=1 width=736)
	  ->  Result  (cost=0.00..0.01 rows=1 width=736)

table 6 : explain INSERT INTO sbtest6 (id, k, c, pad) VALUES (8772954, 13, 'foobar', 'foobar')
	Insert on sbtest6  (cost=0.00..0.01 rows=1 width=736)
	  ->  Result  (cost=0.00..0.01 rows=1 width=736)

table 7 : explain INSERT INTO sbtest7 (id, k, c, pad) VALUES (1337908, 13, 'foobar', 'foobar')
	Insert on sbtest7  (cost=0.00..0.01 rows=1 width=736)
	  ->  Result  (cost=0.00..0.01 rows=1 width=736)

table 8 : explain INSERT INTO sbtest8 (id, k, c, pad) VALUES (1661972, 13, 'foobar', 'foobar')
	Insert on sbtest8  (cost=0.00..0.01 rows=1 width=736)
	  ->  Result  (cost=0.00..0.01 rows=1 width=736)

for deletes
table 1 : explain DELETE FROM sbtest1 WHERE id=7557311
	Delete on sbtest1  (cost=0.43..8.45 rows=1 width=6)
	  ->  Index Scan using sbtest1_pkey on sbtest1  (cost=0.43..8.45 rows=1 width=6)
	        Index Cond: (id = 7557311)

table 2 : explain DELETE FROM sbtest2 WHERE id=9849383
	Delete on sbtest2  (cost=0.43..8.45 rows=1 width=6)
	  ->  Index Scan using sbtest2_pkey on sbtest2  (cost=0.43..8.45 rows=1 width=6)
	        Index Cond: (id = 9849383)

table 3 : explain DELETE FROM sbtest3 WHERE id=7618369
	Delete on sbtest3  (cost=0.43..8.45 rows=1 width=6)
	  ->  Index Scan using sbtest3_pkey on sbtest3  (cost=0.43..8.45 rows=1 width=6)
	        Index Cond: (id = 7618369)

table 4 : explain DELETE FROM sbtest4 WHERE id=9693595
	Delete on sbtest4  (cost=0.43..8.45 rows=1 width=6)
	  ->  Index Scan using sbtest4_pkey on sbtest4  (cost=0.43..8.45 rows=1 width=6)
	        Index Cond: (id = 9693595)

table 5 : explain DELETE FROM sbtest5 WHERE id=4723031
	Delete on sbtest5  (cost=0.43..8.45 rows=1 width=6)
	  ->  Index Scan using sbtest5_pkey on sbtest5  (cost=0.43..8.45 rows=1 width=6)
	        Index Cond: (id = 4723031)

table 6 : explain DELETE FROM sbtest6 WHERE id=6060127
	Delete on sbtest6  (cost=0.43..8.45 rows=1 width=6)
	  ->  Index Scan using sbtest6_pkey on sbtest6  (cost=0.43..8.45 rows=1 width=6)
	        Index Cond: (id = 6060127)

table 7 : explain DELETE FROM sbtest7 WHERE id=7560700
	Delete on sbtest7  (cost=0.43..8.45 rows=1 width=6)
	  ->  Index Scan using sbtest7_pkey on sbtest7  (cost=0.43..8.45 rows=1 width=6)
	        Index Cond: (id = 7560700)

table 8 : explain DELETE FROM sbtest8 WHERE id=6388895
	Delete on sbtest8  (cost=0.43..8.45 rows=1 width=6)
	  ->  Index Scan using sbtest8_pkey on sbtest8  (cost=0.43..8.45 rows=1 width=6)
	        Index Cond: (id = 6388895)

for inserts
table 1 : explain INSERT INTO sbtest1 (id, k, c, pad) VALUES (879686, 13, 'foobar', 'foobar')
	Insert on sbtest1  (cost=0.00..0.01 rows=1 width=736)
	  ->  Result  (cost=0.00..0.01 rows=1 width=736)

table 2 : explain INSERT INTO sbtest2 (id, k, c, pad) VALUES (7678268, 13, 'foobar', 'foobar')
	Insert on sbtest2  (cost=0.00..0.01 rows=1 width=736)
	  ->  Result  (cost=0.00..0.01 rows=1 width=736)

table 3 : explain INSERT INTO sbtest3 (id, k, c, pad) VALUES (5133541, 13, 'foobar', 'foobar')
	Insert on sbtest3  (cost=0.00..0.01 rows=1 width=736)
	  ->  Result  (cost=0.00..0.01 rows=1 width=736)

table 4 : explain INSERT INTO sbtest4 (id, k, c, pad) VALUES (7951882, 13, 'foobar', 'foobar')
	Insert on sbtest4  (cost=0.00..0.01 rows=1 width=736)
	  ->  Result  (cost=0.00..0.01 rows=1 width=736)

table 5 : explain INSERT INTO sbtest5 (id, k, c, pad) VALUES (1063722, 13, 'foobar', 'foobar')
	Insert on sbtest5  (cost=0.00..0.01 rows=1 width=736)
	  ->  Result  (cost=0.00..0.01 rows=1 width=736)

table 6 : explain INSERT INTO sbtest6 (id, k, c, pad) VALUES (4616136, 13, 'foobar', 'foobar')
	Insert on sbtest6  (cost=0.00..0.01 rows=1 width=736)
	  ->  Result  (cost=0.00..0.01 rows=1 width=736)

table 7 : explain INSERT INTO sbtest7 (id, k, c, pad) VALUES (2797252, 13, 'foobar', 'foobar')
	Insert on sbtest7  (cost=0.00..0.01 rows=1 width=736)
	  ->  Result  (cost=0.00..0.01 rows=1 width=736)

table 8 : explain INSERT INTO sbtest8 (id, k, c, pad) VALUES (1432348, 13, 'foobar', 'foobar')
	Insert on sbtest8  (cost=0.00..0.01 rows=1 width=736)
	  ->  Result  (cost=0.00..0.01 rows=1 width=736)

for deletes
table 1 : explain DELETE FROM sbtest1 WHERE id=2495513
	Delete on sbtest1  (cost=0.43..8.45 rows=1 width=6)
	  ->  Index Scan using sbtest1_pkey on sbtest1  (cost=0.43..8.45 rows=1 width=6)
	        Index Cond: (id = 2495513)

table 2 : explain DELETE FROM sbtest2 WHERE id=3528258
	Delete on sbtest2  (cost=0.43..8.45 rows=1 width=6)
	  ->  Index Scan using sbtest2_pkey on sbtest2  (cost=0.43..8.45 rows=1 width=6)
	        Index Cond: (id = 3528258)

table 3 : explain DELETE FROM sbtest3 WHERE id=3394131
	Delete on sbtest3  (cost=0.43..8.45 rows=1 width=6)
	  ->  Index Scan using sbtest3_pkey on sbtest3  (cost=0.43..8.45 rows=1 width=6)
	        Index Cond: (id = 3394131)

table 4 : explain DELETE FROM sbtest4 WHERE id=5521413
	Delete on sbtest4  (cost=0.43..8.45 rows=1 width=6)
	  ->  Index Scan using sbtest4_pkey on sbtest4  (cost=0.43..8.45 rows=1 width=6)
	        Index Cond: (id = 5521413)

table 5 : explain DELETE FROM sbtest5 WHERE id=8263794
	Delete on sbtest5  (cost=0.43..8.45 rows=1 width=6)
	  ->  Index Scan using sbtest5_pkey on sbtest5  (cost=0.43..8.45 rows=1 width=6)
	        Index Cond: (id = 8263794)

table 6 : explain DELETE FROM sbtest6 WHERE id=9141978
	Delete on sbtest6  (cost=0.43..8.45 rows=1 width=6)
	  ->  Index Scan using sbtest6_pkey on sbtest6  (cost=0.43..8.45 rows=1 width=6)
	        Index Cond: (id = 9141978)

table 7 : explain DELETE FROM sbtest7 WHERE id=4185827
	Delete on sbtest7  (cost=0.43..8.45 rows=1 width=6)
	  ->  Index Scan using sbtest7_pkey on sbtest7  (cost=0.43..8.45 rows=1 width=6)
	        Index Cond: (id = 4185827)

table 8 : explain DELETE FROM sbtest8 WHERE id=427552
	Delete on sbtest8  (cost=0.43..8.45 rows=1 width=6)
	  ->  Index Scan using sbtest8_pkey on sbtest8  (cost=0.43..8.45 rows=1 width=6)
	        Index Cond: (id = 427552)

for inserts
table 1 : explain INSERT INTO sbtest1 (id, k, c, pad) VALUES (6675616, 13, 'foobar', 'foobar')
	Insert on sbtest1  (cost=0.00..0.01 rows=1 width=736)
	  ->  Result  (cost=0.00..0.01 rows=1 width=736)

table 2 : explain INSERT INTO sbtest2 (id, k, c, pad) VALUES (6379870, 13, 'foobar', 'foobar')
	Insert on sbtest2  (cost=0.00..0.01 rows=1 width=736)
	  ->  Result  (cost=0.00..0.01 rows=1 width=736)

table 3 : explain INSERT INTO sbtest3 (id, k, c, pad) VALUES (6466906, 13, 'foobar', 'foobar')
	Insert on sbtest3  (cost=0.00..0.01 rows=1 width=736)
	  ->  Result  (cost=0.00..0.01 rows=1 width=736)

table 4 : explain INSERT INTO sbtest4 (id, k, c, pad) VALUES (7201405, 13, 'foobar', 'foobar')
	Insert on sbtest4  (cost=0.00..0.01 rows=1 width=736)
	  ->  Result  (cost=0.00..0.01 rows=1 width=736)

table 5 : explain INSERT INTO sbtest5 (id, k, c, pad) VALUES (1068703, 13, 'foobar', 'foobar')
	Insert on sbtest5  (cost=0.00..0.01 rows=1 width=736)
	  ->  Result  (cost=0.00..0.01 rows=1 width=736)

table 6 : explain INSERT INTO sbtest6 (id, k, c, pad) VALUES (297656, 13, 'foobar', 'foobar')
	Insert on sbtest6  (cost=0.00..0.01 rows=1 width=736)
	  ->  Result  (cost=0.00..0.01 rows=1 width=736)

table 7 : explain INSERT INTO sbtest7 (id, k, c, pad) VALUES (4266076, 13, 'foobar', 'foobar')
	Insert on sbtest7  (cost=0.00..0.01 rows=1 width=736)
	  ->  Result  (cost=0.00..0.01 rows=1 width=736)

table 8 : explain INSERT INTO sbtest8 (id, k, c, pad) VALUES (3442020, 13, 'foobar', 'foobar')
	Insert on sbtest8  (cost=0.00..0.01 rows=1 width=736)
	  ->  Result  (cost=0.00..0.01 rows=1 width=736)

explain: for inserts :: explain INSERT INTO sbtest%u (id, k, c, pad) VALUES (%u, 13, 'foobar', 'foobar')
explain: for inserts :: explain INSERT INTO sbtest%u (id, k, c, pad) VALUES (%u, 13, 'foobar', 'foobar')
explain: for inserts :: explain INSERT INTO sbtest%u (id, k, c, pad) VALUES (%u, 13, 'foobar', 'foobar')
explain: for inserts :: explain INSERT INTO sbtest%u (id, k, c, pad) VALUES (%u, 13, 'foobar', 'foobar')
explain: for inserts :: explain INSERT INTO sbtest%u (id, k, c, pad) VALUES (%u, 13, 'foobar', 'foobar')
for inserts
table 1 : explain INSERT INTO sbtest1 (id, k, c, pad) VALUES (3678737, 13, 'foobar', 'foobar')
	Insert on sbtest1  (cost=0.00..0.01 rows=1 width=736)
	  ->  Result  (cost=0.00..0.01 rows=1 width=736)

table 2 : explain INSERT INTO sbtest2 (id, k, c, pad) VALUES (8119012, 13, 'foobar', 'foobar')
	Insert on sbtest2  (cost=0.00..0.01 rows=1 width=736)
	  ->  Result  (cost=0.00..0.01 rows=1 width=736)

table 3 : explain INSERT INTO sbtest3 (id, k, c, pad) VALUES (3800491, 13, 'foobar', 'foobar')
	Insert on sbtest3  (cost=0.00..0.01 rows=1 width=736)
	  ->  Result  (cost=0.00..0.01 rows=1 width=736)

table 4 : explain INSERT INTO sbtest4 (id, k, c, pad) VALUES (471529, 13, 'foobar', 'foobar')
	Insert on sbtest4  (cost=0.00..0.01 rows=1 width=736)
	  ->  Result  (cost=0.00..0.01 rows=1 width=736)

table 5 : explain INSERT INTO sbtest5 (id, k, c, pad) VALUES (5559556, 13, 'foobar', 'foobar')
	Insert on sbtest5  (cost=0.00..0.01 rows=1 width=736)
	  ->  Result  (cost=0.00..0.01 rows=1 width=736)

table 6 : explain INSERT INTO sbtest6 (id, k, c, pad) VALUES (6460200, 13, 'foobar', 'foobar')
	Insert on sbtest6  (cost=0.00..0.01 rows=1 width=736)
	  ->  Result  (cost=0.00..0.01 rows=1 width=736)

table 7 : explain INSERT INTO sbtest7 (id, k, c, pad) VALUES (5320934, 13, 'foobar', 'foobar')
	Insert on sbtest7  (cost=0.00..0.01 rows=1 width=736)
	  ->  Result  (cost=0.00..0.01 rows=1 width=736)

table 8 : explain INSERT INTO sbtest8 (id, k, c, pad) VALUES (6927009, 13, 'foobar', 'foobar')
	Insert on sbtest8  (cost=0.00..0.01 rows=1 width=736)
	  ->  Result  (cost=0.00..0.01 rows=1 width=736)

for inserts
table 1 : explain INSERT INTO sbtest1 (id, k, c, pad) VALUES (4966935, 13, 'foobar', 'foobar')
	Insert on sbtest1  (cost=0.00..0.01 rows=1 width=736)
	  ->  Result  (cost=0.00..0.01 rows=1 width=736)

table 2 : explain INSERT INTO sbtest2 (id, k, c, pad) VALUES (1103467, 13, 'foobar', 'foobar')
	Insert on sbtest2  (cost=0.00..0.01 rows=1 width=736)
	  ->  Result  (cost=0.00..0.01 rows=1 width=736)

table 3 : explain INSERT INTO sbtest3 (id, k, c, pad) VALUES (997375, 13, 'foobar', 'foobar')
	Insert on sbtest3  (cost=0.00..0.01 rows=1 width=736)
	  ->  Result  (cost=0.00..0.01 rows=1 width=736)

table 4 : explain INSERT INTO sbtest4 (id, k, c, pad) VALUES (2259141, 13, 'foobar', 'foobar')
	Insert on sbtest4  (cost=0.00..0.01 rows=1 width=736)
	  ->  Result  (cost=0.00..0.01 rows=1 width=736)

table 5 : explain INSERT INTO sbtest5 (id, k, c, pad) VALUES (7512119, 13, 'foobar', 'foobar')
	Insert on sbtest5  (cost=0.00..0.01 rows=1 width=736)
	  ->  Result  (cost=0.00..0.01 rows=1 width=736)

table 6 : explain INSERT INTO sbtest6 (id, k, c, pad) VALUES (4549636, 13, 'foobar', 'foobar')
	Insert on sbtest6  (cost=0.00..0.01 rows=1 width=736)
	  ->  Result  (cost=0.00..0.01 rows=1 width=736)

table 7 : explain INSERT INTO sbtest7 (id, k, c, pad) VALUES (6890133, 13, 'foobar', 'foobar')
	Insert on sbtest7  (cost=0.00..0.01 rows=1 width=736)
	  ->  Result  (cost=0.00..0.01 rows=1 width=736)

table 8 : explain INSERT INTO sbtest8 (id, k, c, pad) VALUES (5731455, 13, 'foobar', 'foobar')
	Insert on sbtest8  (cost=0.00..0.01 rows=1 width=736)
	  ->  Result  (cost=0.00..0.01 rows=1 width=736)

for inserts
table 1 : explain INSERT INTO sbtest1 (id, k, c, pad) VALUES (6050215, 13, 'foobar', 'foobar')
	Insert on sbtest1  (cost=0.00..0.01 rows=1 width=736)
	  ->  Result  (cost=0.00..0.01 rows=1 width=736)

table 2 : explain INSERT INTO sbtest2 (id, k, c, pad) VALUES (1143733, 13, 'foobar', 'foobar')
	Insert on sbtest2  (cost=0.00..0.01 rows=1 width=736)
	  ->  Result  (cost=0.00..0.01 rows=1 width=736)

table 3 : explain INSERT INTO sbtest3 (id, k, c, pad) VALUES (135919, 13, 'foobar', 'foobar')
	Insert on sbtest3  (cost=0.00..0.01 rows=1 width=736)
	  ->  Result  (cost=0.00..0.01 rows=1 width=736)

table 4 : explain INSERT INTO sbtest4 (id, k, c, pad) VALUES (5933261, 13, 'foobar', 'foobar')
	Insert on sbtest4  (cost=0.00..0.01 rows=1 width=736)
	  ->  Result  (cost=0.00..0.01 rows=1 width=736)

table 5 : explain INSERT INTO sbtest5 (id, k, c, pad) VALUES (9108467, 13, 'foobar', 'foobar')
	Insert on sbtest5  (cost=0.00..0.01 rows=1 width=736)
	  ->  Result  (cost=0.00..0.01 rows=1 width=736)

table 6 : explain INSERT INTO sbtest6 (id, k, c, pad) VALUES (1180891, 13, 'foobar', 'foobar')
	Insert on sbtest6  (cost=0.00..0.01 rows=1 width=736)
	  ->  Result  (cost=0.00..0.01 rows=1 width=736)

table 7 : explain INSERT INTO sbtest7 (id, k, c, pad) VALUES (3627600, 13, 'foobar', 'foobar')
	Insert on sbtest7  (cost=0.00..0.01 rows=1 width=736)
	  ->  Result  (cost=0.00..0.01 rows=1 width=736)

table 8 : explain INSERT INTO sbtest8 (id, k, c, pad) VALUES (5346506, 13, 'foobar', 'foobar')
	Insert on sbtest8  (cost=0.00..0.01 rows=1 width=736)
	  ->  Result  (cost=0.00..0.01 rows=1 width=736)

for index_updates
table 1 : explain UPDATE sbtest1 SET k=k+1 WHERE id=5696337
	Update on sbtest1  (cost=0.43..8.46 rows=1 width=196)
	  ->  Index Scan using sbtest1_pkey on sbtest1  (cost=0.43..8.46 rows=1 width=196)
	        Index Cond: (id = 5696337)

table 2 : explain UPDATE sbtest2 SET k=k+1 WHERE id=1013048
	Update on sbtest2  (cost=0.43..8.46 rows=1 width=196)
	  ->  Index Scan using sbtest2_pkey on sbtest2  (cost=0.43..8.46 rows=1 width=196)
	        Index Cond: (id = 1013048)

table 3 : explain UPDATE sbtest3 SET k=k+1 WHERE id=1815469
	Update on sbtest3  (cost=0.43..8.46 rows=1 width=196)
	  ->  Index Scan using sbtest3_pkey on sbtest3  (cost=0.43..8.46 rows=1 width=196)
	        Index Cond: (id = 1815469)

table 4 : explain UPDATE sbtest4 SET k=k+1 WHERE id=6722444
	Update on sbtest4  (cost=0.43..8.46 rows=1 width=196)
	  ->  Index Scan using sbtest4_pkey on sbtest4  (cost=0.43..8.46 rows=1 width=196)
	        Index Cond: (id = 6722444)

table 5 : explain UPDATE sbtest5 SET k=k+1 WHERE id=4550224
	Update on sbtest5  (cost=0.43..8.46 rows=1 width=196)
	  ->  Index Scan using sbtest5_pkey on sbtest5  (cost=0.43..8.46 rows=1 width=196)
	        Index Cond: (id = 4550224)

table 6 : explain UPDATE sbtest6 SET k=k+1 WHERE id=1734898
	Update on sbtest6  (cost=0.43..8.46 rows=1 width=196)
	  ->  Index Scan using sbtest6_pkey on sbtest6  (cost=0.43..8.46 rows=1 width=196)
	        Index Cond: (id = 1734898)

table 7 : explain UPDATE sbtest7 SET k=k+1 WHERE id=5549078
	Update on sbtest7  (cost=0.43..8.46 rows=1 width=196)
	  ->  Index Scan using sbtest7_pkey on sbtest7  (cost=0.43..8.46 rows=1 width=196)
	        Index Cond: (id = 5549078)

table 8 : explain UPDATE sbtest8 SET k=k+1 WHERE id=5756767
	Update on sbtest8  (cost=0.43..8.46 rows=1 width=196)
	  ->  Index Scan using sbtest8_pkey on sbtest8  (cost=0.43..8.46 rows=1 width=196)
	        Index Cond: (id = 5756767)

for index_updates
table 1 : explain UPDATE sbtest1 SET k=k+1 WHERE id=6128182
	Update on sbtest1  (cost=0.43..8.46 rows=1 width=196)
	  ->  Index Scan using sbtest1_pkey on sbtest1  (cost=0.43..8.46 rows=1 width=196)
	        Index Cond: (id = 6128182)

table 2 : explain UPDATE sbtest2 SET k=k+1 WHERE id=8546753
	Update on sbtest2  (cost=0.43..8.46 rows=1 width=196)
	  ->  Index Scan using sbtest2_pkey on sbtest2  (cost=0.43..8.46 rows=1 width=196)
	        Index Cond: (id = 8546753)

table 3 : explain UPDATE sbtest3 SET k=k+1 WHERE id=9496574
	Update on sbtest3  (cost=0.43..8.46 rows=1 width=196)
	  ->  Index Scan using sbtest3_pkey on sbtest3  (cost=0.43..8.46 rows=1 width=196)
	        Index Cond: (id = 9496574)

table 4 : explain UPDATE sbtest4 SET k=k+1 WHERE id=9919205
	Update on sbtest4  (cost=0.43..8.46 rows=1 width=196)
	  ->  Index Scan using sbtest4_pkey on sbtest4  (cost=0.43..8.46 rows=1 width=196)
	        Index Cond: (id = 9919205)

table 5 : explain UPDATE sbtest5 SET k=k+1 WHERE id=3583523
	Update on sbtest5  (cost=0.43..8.46 rows=1 width=196)
	  ->  Index Scan using sbtest5_pkey on sbtest5  (cost=0.43..8.46 rows=1 width=196)
	        Index Cond: (id = 3583523)

table 6 : explain UPDATE sbtest6 SET k=k+1 WHERE id=6201331
	Update on sbtest6  (cost=0.43..8.46 rows=1 width=196)
	  ->  Index Scan using sbtest6_pkey on sbtest6  (cost=0.43..8.46 rows=1 width=196)
	        Index Cond: (id = 6201331)

table 7 : explain UPDATE sbtest7 SET k=k+1 WHERE id=4609244
	Update on sbtest7  (cost=0.43..8.46 rows=1 width=196)
	  ->  Index Scan using sbtest7_pkey on sbtest7  (cost=0.43..8.46 rows=1 width=196)
	        Index Cond: (id = 4609244)

table 8 : explain UPDATE sbtest8 SET k=k+1 WHERE id=531632
	Update on sbtest8  (cost=0.43..8.46 rows=1 width=196)
	  ->  Index Scan using sbtest8_pkey on sbtest8  (cost=0.43..8.46 rows=1 width=196)
	        Index Cond: (id = 531632)

for inserts
table 1 : explain INSERT INTO sbtest1 (id, k, c, pad) VALUES (3802845, 13, 'foobar', 'foobar')
	Insert on sbtest1  (cost=0.00..0.01 rows=1 width=736)
	  ->  Result  (cost=0.00..0.01 rows=1 width=736)

table 2 : explain INSERT INTO sbtest2 (id, k, c, pad) VALUES (8487551, 13, 'foobar', 'foobar')
	Insert on sbtest2  (cost=0.00..0.01 rows=1 width=736)
	  ->  Result  (cost=0.00..0.01 rows=1 width=736)

table 3 : explain INSERT INTO sbtest3 (id, k, c, pad) VALUES (7436994, 13, 'foobar', 'foobar')
	Insert on sbtest3  (cost=0.00..0.01 rows=1 width=736)
	  ->  Result  (cost=0.00..0.01 rows=1 width=736)

table 4 : explain INSERT INTO sbtest4 (id, k, c, pad) VALUES (1714746, 13, 'foobar', 'foobar')
	Insert on sbtest4  (cost=0.00..0.01 rows=1 width=736)
	  ->  Result  (cost=0.00..0.01 rows=1 width=736)

table 5 : explain INSERT INTO sbtest5 (id, k, c, pad) VALUES (8428894, 13, 'foobar', 'foobar')
	Insert on sbtest5  (cost=0.00..0.01 rows=1 width=736)
	  ->  Result  (cost=0.00..0.01 rows=1 width=736)

table 6 : explain INSERT INTO sbtest6 (id, k, c, pad) VALUES (9097982, 13, 'foobar', 'foobar')
	Insert on sbtest6  (cost=0.00..0.01 rows=1 width=736)
	  ->  Result  (cost=0.00..0.01 rows=1 width=736)

table 7 : explain INSERT INTO sbtest7 (id, k, c, pad) VALUES (4254554, 13, 'foobar', 'foobar')
	Insert on sbtest7  (cost=0.00..0.01 rows=1 width=736)
	  ->  Result  (cost=0.00..0.01 rows=1 width=736)

table 8 : explain INSERT INTO sbtest8 (id, k, c, pad) VALUES (9390845, 13, 'foobar', 'foobar')
	Insert on sbtest8  (cost=0.00..0.01 rows=1 width=736)
	  ->  Result  (cost=0.00..0.01 rows=1 width=736)

explain: for non_index_updates :: explain UPDATE sbtest%u SET c='foobar' WHERE id=%u
for inserts
table 1 : explain INSERT INTO sbtest1 (id, k, c, pad) VALUES (2949783, 13, 'foobar', 'foobar')
	Insert on sbtest1  (cost=0.00..0.01 rows=1 width=736)
	  ->  Result  (cost=0.00..0.01 rows=1 width=736)

table 2 : explain INSERT INTO sbtest2 (id, k, c, pad) VALUES (6948060, 13, 'foobar', 'foobar')
	Insert on sbtest2  (cost=0.00..0.01 rows=1 width=736)
	  ->  Result  (cost=0.00..0.01 rows=1 width=736)

table 3 : explain INSERT INTO sbtest3 (id, k, c, pad) VALUES (1262377, 13, 'foobar', 'foobar')
	Insert on sbtest3  (cost=0.00..0.01 rows=1 width=736)
	  ->  Result  (cost=0.00..0.01 rows=1 width=736)

table 4 : explain INSERT INTO sbtest4 (id, k, c, pad) VALUES (6754368, 13, 'foobar', 'foobar')
	Insert on sbtest4  (cost=0.00..0.01 rows=1 width=736)
	  ->  Result  (cost=0.00..0.01 rows=1 width=736)

table 5 : explain INSERT INTO sbtest5 (id, k, c, pad) VALUES (6219976, 13, 'foobar', 'foobar')
	Insert on sbtest5  (cost=0.00..0.01 rows=1 width=736)
	  ->  Result  (cost=0.00..0.01 rows=1 width=736)

table 6 : explain INSERT INTO sbtest6 (id, k, c, pad) VALUES (2643487, 13, 'foobar', 'foobar')
	Insert on sbtest6  (cost=0.00..0.01 rows=1 width=736)
	  ->  Result  (cost=0.00..0.01 rows=1 width=736)

table 7 : explain INSERT INTO sbtest7 (id, k, c, pad) VALUES (871470, 13, 'foobar', 'foobar')
	Insert on sbtest7  (cost=0.00..0.01 rows=1 width=736)
	  ->  Result  (cost=0.00..0.01 rows=1 width=736)

table 8 : explain INSERT INTO sbtest8 (id, k, c, pad) VALUES (6742388, 13, 'foobar', 'foobar')
	Insert on sbtest8  (cost=0.00..0.01 rows=1 width=736)
	  ->  Result  (cost=0.00..0.01 rows=1 width=736)

explain: for non_index_updates :: explain UPDATE sbtest%u SET c='foobar' WHERE id=%u
explain: for index_updates :: explain UPDATE sbtest%u SET k=k+1 WHERE id=%u
explain: for index_updates :: explain UPDATE sbtest%u SET k=k+1 WHERE id=%u
for index_updates
table 1 : explain UPDATE sbtest1 SET k=k+1 WHERE id=3649857
	Update on sbtest1  (cost=0.43..8.46 rows=1 width=196)
	  ->  Index Scan using sbtest1_pkey on sbtest1  (cost=0.43..8.46 rows=1 width=196)
	        Index Cond: (id = 3649857)

table 2 : explain UPDATE sbtest2 SET k=k+1 WHERE id=5039485
	Update on sbtest2  (cost=0.43..8.46 rows=1 width=196)
	  ->  Index Scan using sbtest2_pkey on sbtest2  (cost=0.43..8.46 rows=1 width=196)
	        Index Cond: (id = 5039485)

table 3 : explain UPDATE sbtest3 SET k=k+1 WHERE id=8982646
	Update on sbtest3  (cost=0.43..8.46 rows=1 width=196)
	  ->  Index Scan using sbtest3_pkey on sbtest3  (cost=0.43..8.46 rows=1 width=196)
	        Index Cond: (id = 8982646)

table 4 : explain UPDATE sbtest4 SET k=k+1 WHERE id=5370364
	Update on sbtest4  (cost=0.43..8.46 rows=1 width=196)
	  ->  Index Scan using sbtest4_pkey on sbtest4  (cost=0.43..8.46 rows=1 width=196)
	        Index Cond: (id = 5370364)

table 5 : explain UPDATE sbtest5 SET k=k+1 WHERE id=6362011
	Update on sbtest5  (cost=0.43..8.46 rows=1 width=196)
	  ->  Index Scan using sbtest5_pkey on sbtest5  (cost=0.43..8.46 rows=1 width=196)
	        Index Cond: (id = 6362011)

table 6 : explain UPDATE sbtest6 SET k=k+1 WHERE id=3040772
	Update on sbtest6  (cost=0.43..8.46 rows=1 width=196)
	  ->  Index Scan using sbtest6_pkey on sbtest6  (cost=0.43..8.46 rows=1 width=196)
	        Index Cond: (id = 3040772)

table 7 : explain UPDATE sbtest7 SET k=k+1 WHERE id=9646788
	Update on sbtest7  (cost=0.43..8.46 rows=1 width=196)
	  ->  Index Scan using sbtest7_pkey on sbtest7  (cost=0.43..8.46 rows=1 width=196)
	        Index Cond: (id = 9646788)

table 8 : explain UPDATE sbtest8 SET k=k+1 WHERE id=2290122
	Update on sbtest8  (cost=0.43..8.46 rows=1 width=196)
	  ->  Index Scan using sbtest8_pkey on sbtest8  (cost=0.43..8.46 rows=1 width=196)
	        Index Cond: (id = 2290122)

explain: for index_updates :: explain UPDATE sbtest%u SET k=k+1 WHERE id=%u
explain: for index_updates :: explain UPDATE sbtest%u SET k=k+1 WHERE id=%u
for non_index_updates
table 1 : explain UPDATE sbtest1 SET c='foobar' WHERE id=1401550
	Update on sbtest1  (cost=0.43..8.45 rows=1 width=559)
	  ->  Index Scan using sbtest1_pkey on sbtest1  (cost=0.43..8.45 rows=1 width=559)
	        Index Cond: (id = 1401550)

table 2 : explain UPDATE sbtest2 SET c='foobar' WHERE id=4912481
	Update on sbtest2  (cost=0.43..8.45 rows=1 width=559)
	  ->  Index Scan using sbtest2_pkey on sbtest2  (cost=0.43..8.45 rows=1 width=559)
	        Index Cond: (id = 4912481)

table 3 : explain UPDATE sbtest3 SET c='foobar' WHERE id=6085194
	Update on sbtest3  (cost=0.43..8.45 rows=1 width=559)
	  ->  Index Scan using sbtest3_pkey on sbtest3  (cost=0.43..8.45 rows=1 width=559)
	        Index Cond: (id = 6085194)

table 4 : explain UPDATE sbtest4 SET c='foobar' WHERE id=4447366
	Update on sbtest4  (cost=0.43..8.45 rows=1 width=559)
	  ->  Index Scan using sbtest4_pkey on sbtest4  (cost=0.43..8.45 rows=1 width=559)
	        Index Cond: (id = 4447366)

table 5 : explain UPDATE sbtest5 SET c='foobar' WHERE id=9958231
	Update on sbtest5  (cost=0.43..8.45 rows=1 width=559)
	  ->  Index Scan using sbtest5_pkey on sbtest5  (cost=0.43..8.45 rows=1 width=559)
	        Index Cond: (id = 9958231)

table 6 : explain UPDATE sbtest6 SET c='foobar' WHERE id=4643062
	Update on sbtest6  (cost=0.43..8.45 rows=1 width=559)
	  ->  Index Scan using sbtest6_pkey on sbtest6  (cost=0.43..8.45 rows=1 width=559)
	        Index Cond: (id = 4643062)

table 7 : explain UPDATE sbtest7 SET c='foobar' WHERE id=1739983
	Update on sbtest7  (cost=0.43..8.45 rows=1 width=559)
	  ->  Index Scan using sbtest7_pkey on sbtest7  (cost=0.43..8.45 rows=1 width=559)
	        Index Cond: (id = 1739983)

table 8 : explain UPDATE sbtest8 SET c='foobar' WHERE id=5890754
	Update on sbtest8  (cost=0.43..8.45 rows=1 width=559)
	  ->  Index Scan using sbtest8_pkey on sbtest8  (cost=0.43..8.45 rows=1 width=559)
	        Index Cond: (id = 5890754)

explain: for non_index_updates :: explain UPDATE sbtest%u SET c='foobar' WHERE id=%u
for non_index_updates
table 1 : explain UPDATE sbtest1 SET c='foobar' WHERE id=2157258
	Update on sbtest1  (cost=0.43..8.45 rows=1 width=559)
	  ->  Index Scan using sbtest1_pkey on sbtest1  (cost=0.43..8.45 rows=1 width=559)
	        Index Cond: (id = 2157258)

table 2 : explain UPDATE sbtest2 SET c='foobar' WHERE id=2096731
	Update on sbtest2  (cost=0.43..8.45 rows=1 width=559)
	  ->  Index Scan using sbtest2_pkey on sbtest2  (cost=0.43..8.45 rows=1 width=559)
	        Index Cond: (id = 2096731)

table 3 : explain UPDATE sbtest3 SET c='foobar' WHERE id=52828
	Update on sbtest3  (cost=0.43..8.45 rows=1 width=559)
	  ->  Index Scan using sbtest3_pkey on sbtest3  (cost=0.43..8.45 rows=1 width=559)
	        Index Cond: (id = 52828)

table 4 : explain UPDATE sbtest4 SET c='foobar' WHERE id=472788
	Update on sbtest4  (cost=0.43..8.45 rows=1 width=559)
	  ->  Index Scan using sbtest4_pkey on sbtest4  (cost=0.43..8.45 rows=1 width=559)
	        Index Cond: (id = 472788)

table 5 : explain UPDATE sbtest5 SET c='foobar' WHERE id=4721234
	Update on sbtest5  (cost=0.43..8.45 rows=1 width=559)
	  ->  Index Scan using sbtest5_pkey on sbtest5  (cost=0.43..8.45 rows=1 width=559)
	        Index Cond: (id = 4721234)

table 6 : explain UPDATE sbtest6 SET c='foobar' WHERE id=4194525
	Update on sbtest6  (cost=0.43..8.45 rows=1 width=559)
	  ->  Index Scan using sbtest6_pkey on sbtest6  (cost=0.43..8.45 rows=1 width=559)
	        Index Cond: (id = 4194525)

table 7 : explain UPDATE sbtest7 SET c='foobar' WHERE id=7096727
	Update on sbtest7  (cost=0.43..8.45 rows=1 width=559)
	  ->  Index Scan using sbtest7_pkey on sbtest7  (cost=0.43..8.45 rows=1 width=559)
	        Index Cond: (id = 7096727)

table 8 : explain UPDATE sbtest8 SET c='foobar' WHERE id=871895
	Update on sbtest8  (cost=0.43..8.45 rows=1 width=559)
	  ->  Index Scan using sbtest8_pkey on sbtest8  (cost=0.43..8.45 rows=1 width=559)
	        Index Cond: (id = 871895)

explain: for deletes :: explain DELETE FROM sbtest%u WHERE id=%u
explain: for index_updates :: explain UPDATE sbtest%u SET k=k+1 WHERE id=%u
explain: for deletes :: explain DELETE FROM sbtest%u WHERE id=%u
explain: for index_updates :: explain UPDATE sbtest%u SET k=k+1 WHERE id=%u
for non_index_updates
table 1 : explain UPDATE sbtest1 SET c='foobar' WHERE id=8342258
	Update on sbtest1  (cost=0.43..8.45 rows=1 width=559)
	  ->  Index Scan using sbtest1_pkey on sbtest1  (cost=0.43..8.45 rows=1 width=559)
	        Index Cond: (id = 8342258)

table 2 : explain UPDATE sbtest2 SET c='foobar' WHERE id=9729827
	Update on sbtest2  (cost=0.43..8.45 rows=1 width=559)
	  ->  Index Scan using sbtest2_pkey on sbtest2  (cost=0.43..8.45 rows=1 width=559)
	        Index Cond: (id = 9729827)

table 3 : explain UPDATE sbtest3 SET c='foobar' WHERE id=6732749
	Update on sbtest3  (cost=0.43..8.45 rows=1 width=559)
	  ->  Index Scan using sbtest3_pkey on sbtest3  (cost=0.43..8.45 rows=1 width=559)
	        Index Cond: (id = 6732749)

table 4 : explain UPDATE sbtest4 SET c='foobar' WHERE id=6233152
	Update on sbtest4  (cost=0.43..8.45 rows=1 width=559)
	  ->  Index Scan using sbtest4_pkey on sbtest4  (cost=0.43..8.45 rows=1 width=559)
	        Index Cond: (id = 6233152)

table 5 : explain UPDATE sbtest5 SET c='foobar' WHERE id=3235922
	Update on sbtest5  (cost=0.43..8.45 rows=1 width=559)
	  ->  Index Scan using sbtest5_pkey on sbtest5  (cost=0.43..8.45 rows=1 width=559)
	        Index Cond: (id = 3235922)

table 6 : explain UPDATE sbtest6 SET c='foobar' WHERE id=7795071
	Update on sbtest6  (cost=0.43..8.45 rows=1 width=559)
	  ->  Index Scan using sbtest6_pkey on sbtest6  (cost=0.43..8.45 rows=1 width=559)
	        Index Cond: (id = 7795071)

table 7 : explain UPDATE sbtest7 SET c='foobar' WHERE id=6161491
	Update on sbtest7  (cost=0.43..8.45 rows=1 width=559)
	  ->  Index Scan using sbtest7_pkey on sbtest7  (cost=0.43..8.45 rows=1 width=559)
	        Index Cond: (id = 6161491)

table 8 : explain UPDATE sbtest8 SET c='foobar' WHERE id=1750866
	Update on sbtest8  (cost=0.43..8.45 rows=1 width=559)
	  ->  Index Scan using sbtest8_pkey on sbtest8  (cost=0.43..8.45 rows=1 width=559)
	        Index Cond: (id = 1750866)

for deletes
table 1 : explain DELETE FROM sbtest1 WHERE id=519557
	Delete on sbtest1  (cost=0.43..8.45 rows=1 width=6)
	  ->  Index Scan using sbtest1_pkey on sbtest1  (cost=0.43..8.45 rows=1 width=6)
	        Index Cond: (id = 519557)

table 2 : explain DELETE FROM sbtest2 WHERE id=1148922
	Delete on sbtest2  (cost=0.43..8.45 rows=1 width=6)
	  ->  Index Scan using sbtest2_pkey on sbtest2  (cost=0.43..8.45 rows=1 width=6)
	        Index Cond: (id = 1148922)

table 3 : explain DELETE FROM sbtest3 WHERE id=4833571
	Delete on sbtest3  (cost=0.43..8.45 rows=1 width=6)
	  ->  Index Scan using sbtest3_pkey on sbtest3  (cost=0.43..8.45 rows=1 width=6)
	        Index Cond: (id = 4833571)

table 4 : explain DELETE FROM sbtest4 WHERE id=3629672
	Delete on sbtest4  (cost=0.43..8.45 rows=1 width=6)
	  ->  Index Scan using sbtest4_pkey on sbtest4  (cost=0.43..8.45 rows=1 width=6)
	        Index Cond: (id = 3629672)

table 5 : explain DELETE FROM sbtest5 WHERE id=898065
	Delete on sbtest5  (cost=0.43..8.45 rows=1 width=6)
	  ->  Index Scan using sbtest5_pkey on sbtest5  (cost=0.43..8.45 rows=1 width=6)
	        Index Cond: (id = 898065)

table 6 : explain DELETE FROM sbtest6 WHERE id=8021205
	Delete on sbtest6  (cost=0.43..8.45 rows=1 width=6)
	  ->  Index Scan using sbtest6_pkey on sbtest6  (cost=0.43..8.45 rows=1 width=6)
	        Index Cond: (id = 8021205)

table 7 : explain DELETE FROM sbtest7 WHERE id=1661656
	Delete on sbtest7  (cost=0.43..8.45 rows=1 width=6)
	  ->  Index Scan using sbtest7_pkey on sbtest7  (cost=0.43..8.45 rows=1 width=6)
	        Index Cond: (id = 1661656)

table 8 : explain DELETE FROM sbtest8 WHERE id=4798279
	Delete on sbtest8  (cost=0.43..8.45 rows=1 width=6)
	  ->  Index Scan using sbtest8_pkey on sbtest8  (cost=0.43..8.45 rows=1 width=6)
	        Index Cond: (id = 4798279)

explain: for deletes :: explain DELETE FROM sbtest%u WHERE id=%u
for deletes
table 1 : explain DELETE FROM sbtest1 WHERE id=5630450
	Delete on sbtest1  (cost=0.43..8.45 rows=1 width=6)
	  ->  Index Scan using sbtest1_pkey on sbtest1  (cost=0.43..8.45 rows=1 width=6)
	        Index Cond: (id = 5630450)

table 2 : explain DELETE FROM sbtest2 WHERE id=3037836
	Delete on sbtest2  (cost=0.43..8.45 rows=1 width=6)
	  ->  Index Scan using sbtest2_pkey on sbtest2  (cost=0.43..8.45 rows=1 width=6)
	        Index Cond: (id = 3037836)

table 3 : explain DELETE FROM sbtest3 WHERE id=8342512
	Delete on sbtest3  (cost=0.43..8.45 rows=1 width=6)
	  ->  Index Scan using sbtest3_pkey on sbtest3  (cost=0.43..8.45 rows=1 width=6)
	        Index Cond: (id = 8342512)

table 4 : explain DELETE FROM sbtest4 WHERE id=9899753
	Delete on sbtest4  (cost=0.43..8.45 rows=1 width=6)
	  ->  Index Scan using sbtest4_pkey on sbtest4  (cost=0.43..8.45 rows=1 width=6)
	        Index Cond: (id = 9899753)

table 5 : explain DELETE FROM sbtest5 WHERE id=9804367
	Delete on sbtest5  (cost=0.43..8.45 rows=1 width=6)
	  ->  Index Scan using sbtest5_pkey on sbtest5  (cost=0.43..8.45 rows=1 width=6)
	        Index Cond: (id = 9804367)

table 6 : explain DELETE FROM sbtest6 WHERE id=5798990
	Delete on sbtest6  (cost=0.43..8.45 rows=1 width=6)
	  ->  Index Scan using sbtest6_pkey on sbtest6  (cost=0.43..8.45 rows=1 width=6)
	        Index Cond: (id = 5798990)

table 7 : explain DELETE FROM sbtest7 WHERE id=2440872
	Delete on sbtest7  (cost=0.43..8.45 rows=1 width=6)
	  ->  Index Scan using sbtest7_pkey on sbtest7  (cost=0.43..8.45 rows=1 width=6)
	        Index Cond: (id = 2440872)

table 8 : explain DELETE FROM sbtest8 WHERE id=432885
	Delete on sbtest8  (cost=0.43..8.45 rows=1 width=6)
	  ->  Index Scan using sbtest8_pkey on sbtest8  (cost=0.43..8.45 rows=1 width=6)
	        Index Cond: (id = 432885)

explain: for inserts :: explain INSERT INTO sbtest%u (id, k, c, pad) VALUES (%u, 13, 'foobar', 'foobar')
for deletes
table 1 : explain DELETE FROM sbtest1 WHERE id=1267245
	Delete on sbtest1  (cost=0.43..8.45 rows=1 width=6)
	  ->  Index Scan using sbtest1_pkey on sbtest1  (cost=0.43..8.45 rows=1 width=6)
	        Index Cond: (id = 1267245)

table 2 : explain DELETE FROM sbtest2 WHERE id=9914616
	Delete on sbtest2  (cost=0.43..8.45 rows=1 width=6)
	  ->  Index Scan using sbtest2_pkey on sbtest2  (cost=0.43..8.45 rows=1 width=6)
	        Index Cond: (id = 9914616)

table 3 : explain DELETE FROM sbtest3 WHERE id=3925890
	Delete on sbtest3  (cost=0.43..8.45 rows=1 width=6)
	  ->  Index Scan using sbtest3_pkey on sbtest3  (cost=0.43..8.45 rows=1 width=6)
	        Index Cond: (id = 3925890)

table 4 : explain DELETE FROM sbtest4 WHERE id=1282013
	Delete on sbtest4  (cost=0.43..8.45 rows=1 width=6)
	  ->  Index Scan using sbtest4_pkey on sbtest4  (cost=0.43..8.45 rows=1 width=6)
	        Index Cond: (id = 1282013)

table 5 : explain DELETE FROM sbtest5 WHERE id=3988552
	Delete on sbtest5  (cost=0.43..8.45 rows=1 width=6)
	  ->  Index Scan using sbtest5_pkey on sbtest5  (cost=0.43..8.45 rows=1 width=6)
	        Index Cond: (id = 3988552)

table 6 : explain DELETE FROM sbtest6 WHERE id=869620
	Delete on sbtest6  (cost=0.43..8.45 rows=1 width=6)
	  ->  Index Scan using sbtest6_pkey on sbtest6  (cost=0.43..8.45 rows=1 width=6)
	        Index Cond: (id = 869620)

table 7 : explain DELETE FROM sbtest7 WHERE id=5121371
	Delete on sbtest7  (cost=0.43..8.45 rows=1 width=6)
	  ->  Index Scan using sbtest7_pkey on sbtest7  (cost=0.43..8.45 rows=1 width=6)
	        Index Cond: (id = 5121371)

table 8 : explain DELETE FROM sbtest8 WHERE id=8880823
	Delete on sbtest8  (cost=0.43..8.45 rows=1 width=6)
	  ->  Index Scan using sbtest8_pkey on sbtest8  (cost=0.43..8.45 rows=1 width=6)
	        Index Cond: (id = 8880823)

explain: for inserts :: explain INSERT INTO sbtest%u (id, k, c, pad) VALUES (%u, 13, 'foobar', 'foobar')
for inserts
table 1 : explain INSERT INTO sbtest1 (id, k, c, pad) VALUES (6815667, 13, 'foobar', 'foobar')
	Insert on sbtest1  (cost=0.00..0.01 rows=1 width=736)
	  ->  Result  (cost=0.00..0.01 rows=1 width=736)

table 2 : explain INSERT INTO sbtest2 (id, k, c, pad) VALUES (4837690, 13, 'foobar', 'foobar')
	Insert on sbtest2  (cost=0.00..0.01 rows=1 width=736)
	  ->  Result  (cost=0.00..0.01 rows=1 width=736)

table 3 : explain INSERT INTO sbtest3 (id, k, c, pad) VALUES (1080928, 13, 'foobar', 'foobar')
	Insert on sbtest3  (cost=0.00..0.01 rows=1 width=736)
	  ->  Result  (cost=0.00..0.01 rows=1 width=736)

table 4 : explain INSERT INTO sbtest4 (id, k, c, pad) VALUES (4979828, 13, 'foobar', 'foobar')
	Insert on sbtest4  (cost=0.00..0.01 rows=1 width=736)
	  ->  Result  (cost=0.00..0.01 rows=1 width=736)

table 5 : explain INSERT INTO sbtest5 (id, k, c, pad) VALUES (3644530, 13, 'foobar', 'foobar')
	Insert on sbtest5  (cost=0.00..0.01 rows=1 width=736)
	  ->  Result  (cost=0.00..0.01 rows=1 width=736)

table 6 : explain INSERT INTO sbtest6 (id, k, c, pad) VALUES (2037869, 13, 'foobar', 'foobar')
	Insert on sbtest6  (cost=0.00..0.01 rows=1 width=736)
	  ->  Result  (cost=0.00..0.01 rows=1 width=736)

table 7 : explain INSERT INTO sbtest7 (id, k, c, pad) VALUES (3076393, 13, 'foobar', 'foobar')
	Insert on sbtest7  (cost=0.00..0.01 rows=1 width=736)
	  ->  Result  (cost=0.00..0.01 rows=1 width=736)

table 8 : explain INSERT INTO sbtest8 (id, k, c, pad) VALUES (8821013, 13, 'foobar', 'foobar')
	Insert on sbtest8  (cost=0.00..0.01 rows=1 width=736)
	  ->  Result  (cost=0.00..0.01 rows=1 width=736)

for index_updates
table 1 : explain UPDATE sbtest1 SET k=k+1 WHERE id=68197
	Update on sbtest1  (cost=0.43..8.46 rows=1 width=196)
	  ->  Index Scan using sbtest1_pkey on sbtest1  (cost=0.43..8.46 rows=1 width=196)
	        Index Cond: (id = 68197)

table 2 : explain UPDATE sbtest2 SET k=k+1 WHERE id=7702039
	Update on sbtest2  (cost=0.43..8.46 rows=1 width=196)
	  ->  Index Scan using sbtest2_pkey on sbtest2  (cost=0.43..8.46 rows=1 width=196)
	        Index Cond: (id = 7702039)

table 3 : explain UPDATE sbtest3 SET k=k+1 WHERE id=1803003
	Update on sbtest3  (cost=0.43..8.46 rows=1 width=196)
	  ->  Index Scan using sbtest3_pkey on sbtest3  (cost=0.43..8.46 rows=1 width=196)
	        Index Cond: (id = 1803003)

table 4 : explain UPDATE sbtest4 SET k=k+1 WHERE id=6896229
	Update on sbtest4  (cost=0.43..8.46 rows=1 width=196)
	  ->  Index Scan using sbtest4_pkey on sbtest4  (cost=0.43..8.46 rows=1 width=196)
	        Index Cond: (id = 6896229)

table 5 : explain UPDATE sbtest5 SET k=k+1 WHERE id=1569506
	Update on sbtest5  (cost=0.43..8.46 rows=1 width=196)
	  ->  Index Scan using sbtest5_pkey on sbtest5  (cost=0.43..8.46 rows=1 width=196)
	        Index Cond: (id = 1569506)

table 6 : explain UPDATE sbtest6 SET k=k+1 WHERE id=7436359
	Update on sbtest6  (cost=0.43..8.46 rows=1 width=196)
	  ->  Index Scan using sbtest6_pkey on sbtest6  (cost=0.43..8.46 rows=1 width=196)
	        Index Cond: (id = 7436359)

table 7 : explain UPDATE sbtest7 SET k=k+1 WHERE id=7717189
	Update on sbtest7  (cost=0.43..8.46 rows=1 width=196)
	  ->  Index Scan using sbtest7_pkey on sbtest7  (cost=0.43..8.46 rows=1 width=196)
	        Index Cond: (id = 7717189)

table 8 : explain UPDATE sbtest8 SET k=k+1 WHERE id=9927958
	Update on sbtest8  (cost=0.43..8.46 rows=1 width=196)
	  ->  Index Scan using sbtest8_pkey on sbtest8  (cost=0.43..8.46 rows=1 width=196)
	        Index Cond: (id = 9927958)

explain: for inserts :: explain INSERT INTO sbtest%u (id, k, c, pad) VALUES (%u, 13, 'foobar', 'foobar')
for index_updates
table 1 : explain UPDATE sbtest1 SET k=k+1 WHERE id=400618
	Update on sbtest1  (cost=0.43..8.46 rows=1 width=196)
	  ->  Index Scan using sbtest1_pkey on sbtest1  (cost=0.43..8.46 rows=1 width=196)
	        Index Cond: (id = 400618)

table 2 : explain UPDATE sbtest2 SET k=k+1 WHERE id=4692238
	Update on sbtest2  (cost=0.43..8.46 rows=1 width=196)
	  ->  Index Scan using sbtest2_pkey on sbtest2  (cost=0.43..8.46 rows=1 width=196)
	        Index Cond: (id = 4692238)

table 3 : explain UPDATE sbtest3 SET k=k+1 WHERE id=1946224
	Update on sbtest3  (cost=0.43..8.46 rows=1 width=196)
	  ->  Index Scan using sbtest3_pkey on sbtest3  (cost=0.43..8.46 rows=1 width=196)
	        Index Cond: (id = 1946224)

table 4 : explain UPDATE sbtest4 SET k=k+1 WHERE id=899648
	Update on sbtest4  (cost=0.43..8.46 rows=1 width=196)
	  ->  Index Scan using sbtest4_pkey on sbtest4  (cost=0.43..8.46 rows=1 width=196)
	        Index Cond: (id = 899648)

table 5 : explain UPDATE sbtest5 SET k=k+1 WHERE id=8753178
	Update on sbtest5  (cost=0.43..8.46 rows=1 width=196)
	  ->  Index Scan using sbtest5_pkey on sbtest5  (cost=0.43..8.46 rows=1 width=196)
	        Index Cond: (id = 8753178)

table 6 : explain UPDATE sbtest6 SET k=k+1 WHERE id=4203166
	Update on sbtest6  (cost=0.43..8.46 rows=1 width=196)
	  ->  Index Scan using sbtest6_pkey on sbtest6  (cost=0.43..8.46 rows=1 width=196)
	        Index Cond: (id = 4203166)

table 7 : explain UPDATE sbtest7 SET k=k+1 WHERE id=9011583
	Update on sbtest7  (cost=0.43..8.46 rows=1 width=196)
	  ->  Index Scan using sbtest7_pkey on sbtest7  (cost=0.43..8.46 rows=1 width=196)
	        Index Cond: (id = 9011583)

table 8 : explain UPDATE sbtest8 SET k=k+1 WHERE id=8942724
	Update on sbtest8  (cost=0.43..8.46 rows=1 width=196)
	  ->  Index Scan using sbtest8_pkey on sbtest8  (cost=0.43..8.46 rows=1 width=196)
	        Index Cond: (id = 8942724)

for index_updates
table 1 : explain UPDATE sbtest1 SET k=k+1 WHERE id=9662246
	Update on sbtest1  (cost=0.43..8.46 rows=1 width=196)
	  ->  Index Scan using sbtest1_pkey on sbtest1  (cost=0.43..8.46 rows=1 width=196)
	        Index Cond: (id = 9662246)

table 2 : explain UPDATE sbtest2 SET k=k+1 WHERE id=2560579
	Update on sbtest2  (cost=0.43..8.46 rows=1 width=196)
	  ->  Index Scan using sbtest2_pkey on sbtest2  (cost=0.43..8.46 rows=1 width=196)
	        Index Cond: (id = 2560579)

table 3 : explain UPDATE sbtest3 SET k=k+1 WHERE id=9922490
	Update on sbtest3  (cost=0.43..8.46 rows=1 width=196)
	  ->  Index Scan using sbtest3_pkey on sbtest3  (cost=0.43..8.46 rows=1 width=196)
	        Index Cond: (id = 9922490)

table 4 : explain UPDATE sbtest4 SET k=k+1 WHERE id=4800091
	Update on sbtest4  (cost=0.43..8.46 rows=1 width=196)
	  ->  Index Scan using sbtest4_pkey on sbtest4  (cost=0.43..8.46 rows=1 width=196)
	        Index Cond: (id = 4800091)

table 5 : explain UPDATE sbtest5 SET k=k+1 WHERE id=4221878
	Update on sbtest5  (cost=0.43..8.46 rows=1 width=196)
	  ->  Index Scan using sbtest5_pkey on sbtest5  (cost=0.43..8.46 rows=1 width=196)
	        Index Cond: (id = 4221878)

table 6 : explain UPDATE sbtest6 SET k=k+1 WHERE id=1385521
	Update on sbtest6  (cost=0.43..8.46 rows=1 width=196)
	  ->  Index Scan using sbtest6_pkey on sbtest6  (cost=0.43..8.46 rows=1 width=196)
	        Index Cond: (id = 1385521)

table 7 : explain UPDATE sbtest7 SET k=k+1 WHERE id=4594264
	Update on sbtest7  (cost=0.43..8.46 rows=1 width=196)
	  ->  Index Scan using sbtest7_pkey on sbtest7  (cost=0.43..8.46 rows=1 width=196)
	        Index Cond: (id = 4594264)

table 8 : explain UPDATE sbtest8 SET k=k+1 WHERE id=4991445
	Update on sbtest8  (cost=0.43..8.46 rows=1 width=196)
	  ->  Index Scan using sbtest8_pkey on sbtest8  (cost=0.43..8.46 rows=1 width=196)
	        Index Cond: (id = 4991445)

for inserts
table 1 : explain INSERT INTO sbtest1 (id, k, c, pad) VALUES (7961622, 13, 'foobar', 'foobar')
	Insert on sbtest1  (cost=0.00..0.01 rows=1 width=736)
	  ->  Result  (cost=0.00..0.01 rows=1 width=736)

table 2 : explain INSERT INTO sbtest2 (id, k, c, pad) VALUES (2525361, 13, 'foobar', 'foobar')
	Insert on sbtest2  (cost=0.00..0.01 rows=1 width=736)
	  ->  Result  (cost=0.00..0.01 rows=1 width=736)

table 3 : explain INSERT INTO sbtest3 (id, k, c, pad) VALUES (1125394, 13, 'foobar', 'foobar')
	Insert on sbtest3  (cost=0.00..0.01 rows=1 width=736)
	  ->  Result  (cost=0.00..0.01 rows=1 width=736)

table 4 : explain INSERT INTO sbtest4 (id, k, c, pad) VALUES (4207491, 13, 'foobar', 'foobar')
	Insert on sbtest4  (cost=0.00..0.01 rows=1 width=736)
	  ->  Result  (cost=0.00..0.01 rows=1 width=736)

table 5 : explain INSERT INTO sbtest5 (id, k, c, pad) VALUES (8129821, 13, 'foobar', 'foobar')
	Insert on sbtest5  (cost=0.00..0.01 rows=1 width=736)
	  ->  Result  (cost=0.00..0.01 rows=1 width=736)

table 6 : explain INSERT INTO sbtest6 (id, k, c, pad) VALUES (3484260, 13, 'foobar', 'foobar')
	Insert on sbtest6  (cost=0.00..0.01 rows=1 width=736)
	  ->  Result  (cost=0.00..0.01 rows=1 width=736)

table 7 : explain INSERT INTO sbtest7 (id, k, c, pad) VALUES (7551887, 13, 'foobar', 'foobar')
	Insert on sbtest7  (cost=0.00..0.01 rows=1 width=736)
	  ->  Result  (cost=0.00..0.01 rows=1 width=736)

table 8 : explain INSERT INTO sbtest8 (id, k, c, pad) VALUES (865349, 13, 'foobar', 'foobar')
	Insert on sbtest8  (cost=0.00..0.01 rows=1 width=736)
	  ->  Result  (cost=0.00..0.01 rows=1 width=736)

for index_updates
table 1 : explain UPDATE sbtest1 SET k=k+1 WHERE id=6098225
	Update on sbtest1  (cost=0.43..8.46 rows=1 width=196)
	  ->  Index Scan using sbtest1_pkey on sbtest1  (cost=0.43..8.46 rows=1 width=196)
	        Index Cond: (id = 6098225)

table 2 : explain UPDATE sbtest2 SET k=k+1 WHERE id=6129080
	Update on sbtest2  (cost=0.43..8.46 rows=1 width=196)
	  ->  Index Scan using sbtest2_pkey on sbtest2  (cost=0.43..8.46 rows=1 width=196)
	        Index Cond: (id = 6129080)

table 3 : explain UPDATE sbtest3 SET k=k+1 WHERE id=8127914
	Update on sbtest3  (cost=0.43..8.46 rows=1 width=196)
	  ->  Index Scan using sbtest3_pkey on sbtest3  (cost=0.43..8.46 rows=1 width=196)
	        Index Cond: (id = 8127914)

table 4 : explain UPDATE sbtest4 SET k=k+1 WHERE id=2508150
	Update on sbtest4  (cost=0.43..8.46 rows=1 width=196)
	  ->  Index Scan using sbtest4_pkey on sbtest4  (cost=0.43..8.46 rows=1 width=196)
	        Index Cond: (id = 2508150)

table 5 : explain UPDATE sbtest5 SET k=k+1 WHERE id=7473174
	Update on sbtest5  (cost=0.43..8.46 rows=1 width=196)
	  ->  Index Scan using sbtest5_pkey on sbtest5  (cost=0.43..8.46 rows=1 width=196)
	        Index Cond: (id = 7473174)

table 6 : explain UPDATE sbtest6 SET k=k+1 WHERE id=6468346
	Update on sbtest6  (cost=0.43..8.46 rows=1 width=196)
	  ->  Index Scan using sbtest6_pkey on sbtest6  (cost=0.43..8.46 rows=1 width=196)
	        Index Cond: (id = 6468346)

table 7 : explain UPDATE sbtest7 SET k=k+1 WHERE id=4199461
	Update on sbtest7  (cost=0.43..8.46 rows=1 width=196)
	  ->  Index Scan using sbtest7_pkey on sbtest7  (cost=0.43..8.46 rows=1 width=196)
	        Index Cond: (id = 4199461)

table 8 : explain UPDATE sbtest8 SET k=k+1 WHERE id=9501695
	Update on sbtest8  (cost=0.43..8.46 rows=1 width=196)
	  ->  Index Scan using sbtest8_pkey on sbtest8  (cost=0.43..8.46 rows=1 width=196)
	        Index Cond: (id = 9501695)

explain: for non_index_updates :: explain UPDATE sbtest%u SET c='foobar' WHERE id=%u
explain: for non_index_updates :: explain UPDATE sbtest%u SET c='foobar' WHERE id=%u
explain: for non_index_updates :: explain UPDATE sbtest%u SET c='foobar' WHERE id=%u
for inserts
table 1 : explain INSERT INTO sbtest1 (id, k, c, pad) VALUES (8044440, 13, 'foobar', 'foobar')
	Insert on sbtest1  (cost=0.00..0.01 rows=1 width=736)
	  ->  Result  (cost=0.00..0.01 rows=1 width=736)

table 2 : explain INSERT INTO sbtest2 (id, k, c, pad) VALUES (7994627, 13, 'foobar', 'foobar')
	Insert on sbtest2  (cost=0.00..0.01 rows=1 width=736)
	  ->  Result  (cost=0.00..0.01 rows=1 width=736)

table 3 : explain INSERT INTO sbtest3 (id, k, c, pad) VALUES (1736914, 13, 'foobar', 'foobar')
	Insert on sbtest3  (cost=0.00..0.01 rows=1 width=736)
	  ->  Result  (cost=0.00..0.01 rows=1 width=736)

table 4 : explain INSERT INTO sbtest4 (id, k, c, pad) VALUES (2547772, 13, 'foobar', 'foobar')
	Insert on sbtest4  (cost=0.00..0.01 rows=1 width=736)
	  ->  Result  (cost=0.00..0.01 rows=1 width=736)

table 5 : explain INSERT INTO sbtest5 (id, k, c, pad) VALUES (4625444, 13, 'foobar', 'foobar')
	Insert on sbtest5  (cost=0.00..0.01 rows=1 width=736)
	  ->  Result  (cost=0.00..0.01 rows=1 width=736)

table 6 : explain INSERT INTO sbtest6 (id, k, c, pad) VALUES (6108154, 13, 'foobar', 'foobar')
	Insert on sbtest6  (cost=0.00..0.01 rows=1 width=736)
	  ->  Result  (cost=0.00..0.01 rows=1 width=736)

table 7 : explain INSERT INTO sbtest7 (id, k, c, pad) VALUES (726490, 13, 'foobar', 'foobar')
	Insert on sbtest7  (cost=0.00..0.01 rows=1 width=736)
	  ->  Result  (cost=0.00..0.01 rows=1 width=736)

table 8 : explain INSERT INTO sbtest8 (id, k, c, pad) VALUES (9567435, 13, 'foobar', 'foobar')
	Insert on sbtest8  (cost=0.00..0.01 rows=1 width=736)
	  ->  Result  (cost=0.00..0.01 rows=1 width=736)

explain: for index_updates :: explain UPDATE sbtest%u SET k=k+1 WHERE id=%u
explain: for non_index_updates :: explain UPDATE sbtest%u SET c='foobar' WHERE id=%u
for index_updates
table 1 : explain UPDATE sbtest1 SET k=k+1 WHERE id=9555723
	Update on sbtest1  (cost=0.43..8.46 rows=1 width=196)
	  ->  Index Scan using sbtest1_pkey on sbtest1  (cost=0.43..8.46 rows=1 width=196)
	        Index Cond: (id = 9555723)

table 2 : explain UPDATE sbtest2 SET k=k+1 WHERE id=137118
	Update on sbtest2  (cost=0.43..8.46 rows=1 width=196)
	  ->  Index Scan using sbtest2_pkey on sbtest2  (cost=0.43..8.46 rows=1 width=196)
	        Index Cond: (id = 137118)

table 3 : explain UPDATE sbtest3 SET k=k+1 WHERE id=8914310
	Update on sbtest3  (cost=0.43..8.46 rows=1 width=196)
	  ->  Index Scan using sbtest3_pkey on sbtest3  (cost=0.43..8.46 rows=1 width=196)
	        Index Cond: (id = 8914310)

table 4 : explain UPDATE sbtest4 SET k=k+1 WHERE id=3652639
	Update on sbtest4  (cost=0.43..8.46 rows=1 width=196)
	  ->  Index Scan using sbtest4_pkey on sbtest4  (cost=0.43..8.46 rows=1 width=196)
	        Index Cond: (id = 3652639)

table 5 : explain UPDATE sbtest5 SET k=k+1 WHERE id=8291825
	Update on sbtest5  (cost=0.43..8.46 rows=1 width=196)
	  ->  Index Scan using sbtest5_pkey on sbtest5  (cost=0.43..8.46 rows=1 width=196)
	        Index Cond: (id = 8291825)

table 6 : explain UPDATE sbtest6 SET k=k+1 WHERE id=1060734
	Update on sbtest6  (cost=0.43..8.46 rows=1 width=196)
	  ->  Index Scan using sbtest6_pkey on sbtest6  (cost=0.43..8.46 rows=1 width=196)
	        Index Cond: (id = 1060734)

table 7 : explain UPDATE sbtest7 SET k=k+1 WHERE id=1402153
	Update on sbtest7  (cost=0.43..8.46 rows=1 width=196)
	  ->  Index Scan using sbtest7_pkey on sbtest7  (cost=0.43..8.46 rows=1 width=196)
	        Index Cond: (id = 1402153)

table 8 : explain UPDATE sbtest8 SET k=k+1 WHERE id=1518139
	Update on sbtest8  (cost=0.43..8.46 rows=1 width=196)
	  ->  Index Scan using sbtest8_pkey on sbtest8  (cost=0.43..8.46 rows=1 width=196)
	        Index Cond: (id = 1518139)

for index_updates
table 1 : explain UPDATE sbtest1 SET k=k+1 WHERE id=8590917
	Update on sbtest1  (cost=0.43..8.46 rows=1 width=196)
	  ->  Index Scan using sbtest1_pkey on sbtest1  (cost=0.43..8.46 rows=1 width=196)
	        Index Cond: (id = 8590917)

table 2 : explain UPDATE sbtest2 SET k=k+1 WHERE id=837996
	Update on sbtest2  (cost=0.43..8.46 rows=1 width=196)
	  ->  Index Scan using sbtest2_pkey on sbtest2  (cost=0.43..8.46 rows=1 width=196)
	        Index Cond: (id = 837996)

table 3 : explain UPDATE sbtest3 SET k=k+1 WHERE id=9217055
	Update on sbtest3  (cost=0.43..8.46 rows=1 width=196)
	  ->  Index Scan using sbtest3_pkey on sbtest3  (cost=0.43..8.46 rows=1 width=196)
	        Index Cond: (id = 9217055)

table 4 : explain UPDATE sbtest4 SET k=k+1 WHERE id=2565853
	Update on sbtest4  (cost=0.43..8.46 rows=1 width=196)
	  ->  Index Scan using sbtest4_pkey on sbtest4  (cost=0.43..8.46 rows=1 width=196)
	        Index Cond: (id = 2565853)

table 5 : explain UPDATE sbtest5 SET k=k+1 WHERE id=4109296
	Update on sbtest5  (cost=0.43..8.46 rows=1 width=196)
	  ->  Index Scan using sbtest5_pkey on sbtest5  (cost=0.43..8.46 rows=1 width=196)
	        Index Cond: (id = 4109296)

table 6 : explain UPDATE sbtest6 SET k=k+1 WHERE id=7531340
	Update on sbtest6  (cost=0.43..8.46 rows=1 width=196)
	  ->  Index Scan using sbtest6_pkey on sbtest6  (cost=0.43..8.46 rows=1 width=196)
	        Index Cond: (id = 7531340)

table 7 : explain UPDATE sbtest7 SET k=k+1 WHERE id=3170485
	Update on sbtest7  (cost=0.43..8.46 rows=1 width=196)
	  ->  Index Scan using sbtest7_pkey on sbtest7  (cost=0.43..8.46 rows=1 width=196)
	        Index Cond: (id = 3170485)

table 8 : explain UPDATE sbtest8 SET k=k+1 WHERE id=4524285
	Update on sbtest8  (cost=0.43..8.46 rows=1 width=196)
	  ->  Index Scan using sbtest8_pkey on sbtest8  (cost=0.43..8.46 rows=1 width=196)
	        Index Cond: (id = 4524285)

for non_index_updates
table 1 : explain UPDATE sbtest1 SET c='foobar' WHERE id=2344947
	Update on sbtest1  (cost=0.43..8.45 rows=1 width=559)
	  ->  Index Scan using sbtest1_pkey on sbtest1  (cost=0.43..8.45 rows=1 width=559)
	        Index Cond: (id = 2344947)

table 2 : explain UPDATE sbtest2 SET c='foobar' WHERE id=4967518
	Update on sbtest2  (cost=0.43..8.45 rows=1 width=559)
	  ->  Index Scan using sbtest2_pkey on sbtest2  (cost=0.43..8.45 rows=1 width=559)
	        Index Cond: (id = 4967518)

table 3 : explain UPDATE sbtest3 SET c='foobar' WHERE id=876633
	Update on sbtest3  (cost=0.43..8.45 rows=1 width=559)
	  ->  Index Scan using sbtest3_pkey on sbtest3  (cost=0.43..8.45 rows=1 width=559)
	        Index Cond: (id = 876633)

table 4 : explain UPDATE sbtest4 SET c='foobar' WHERE id=4265535
	Update on sbtest4  (cost=0.43..8.45 rows=1 width=559)
	  ->  Index Scan using sbtest4_pkey on sbtest4  (cost=0.43..8.45 rows=1 width=559)
	        Index Cond: (id = 4265535)

table 5 : explain UPDATE sbtest5 SET c='foobar' WHERE id=380679
	Update on sbtest5  (cost=0.43..8.45 rows=1 width=559)
	  ->  Index Scan using sbtest5_pkey on sbtest5  (cost=0.43..8.45 rows=1 width=559)
	        Index Cond: (id = 380679)

table 6 : explain UPDATE sbtest6 SET c='foobar' WHERE id=669644
	Update on sbtest6  (cost=0.43..8.45 rows=1 width=559)
	  ->  Index Scan using sbtest6_pkey on sbtest6  (cost=0.43..8.45 rows=1 width=559)
	        Index Cond: (id = 669644)

table 7 : explain UPDATE sbtest7 SET c='foobar' WHERE id=8229485
	Update on sbtest7  (cost=0.43..8.45 rows=1 width=559)
	  ->  Index Scan using sbtest7_pkey on sbtest7  (cost=0.43..8.45 rows=1 width=559)
	        Index Cond: (id = 8229485)

table 8 : explain UPDATE sbtest8 SET c='foobar' WHERE id=4487484
	Update on sbtest8  (cost=0.43..8.45 rows=1 width=559)
	  ->  Index Scan using sbtest8_pkey on sbtest8  (cost=0.43..8.45 rows=1 width=559)
	        Index Cond: (id = 4487484)

for non_index_updates
table 1 : explain UPDATE sbtest1 SET c='foobar' WHERE id=6925014
	Update on sbtest1  (cost=0.43..8.45 rows=1 width=559)
	  ->  Index Scan using sbtest1_pkey on sbtest1  (cost=0.43..8.45 rows=1 width=559)
	        Index Cond: (id = 6925014)

table 2 : explain UPDATE sbtest2 SET c='foobar' WHERE id=5744990
	Update on sbtest2  (cost=0.43..8.45 rows=1 width=559)
	  ->  Index Scan using sbtest2_pkey on sbtest2  (cost=0.43..8.45 rows=1 width=559)
	        Index Cond: (id = 5744990)

table 3 : explain UPDATE sbtest3 SET c='foobar' WHERE id=209041
	Update on sbtest3  (cost=0.43..8.45 rows=1 width=559)
	  ->  Index Scan using sbtest3_pkey on sbtest3  (cost=0.43..8.45 rows=1 width=559)
	        Index Cond: (id = 209041)

table 4 : explain UPDATE sbtest4 SET c='foobar' WHERE id=5618583
	Update on sbtest4  (cost=0.43..8.45 rows=1 width=559)
	  ->  Index Scan using sbtest4_pkey on sbtest4  (cost=0.43..8.45 rows=1 width=559)
	        Index Cond: (id = 5618583)

table 5 : explain UPDATE sbtest5 SET c='foobar' WHERE id=811921
	Update on sbtest5  (cost=0.43..8.45 rows=1 width=559)
	  ->  Index Scan using sbtest5_pkey on sbtest5  (cost=0.43..8.45 rows=1 width=559)
	        Index Cond: (id = 811921)

table 6 : explain UPDATE sbtest6 SET c='foobar' WHERE id=842336
	Update on sbtest6  (cost=0.43..8.45 rows=1 width=559)
	  ->  Index Scan using sbtest6_pkey on sbtest6  (cost=0.43..8.45 rows=1 width=559)
	        Index Cond: (id = 842336)

table 7 : explain UPDATE sbtest7 SET c='foobar' WHERE id=9575810
	Update on sbtest7  (cost=0.43..8.45 rows=1 width=559)
	  ->  Index Scan using sbtest7_pkey on sbtest7  (cost=0.43..8.45 rows=1 width=559)
	        Index Cond: (id = 9575810)

table 8 : explain UPDATE sbtest8 SET c='foobar' WHERE id=5854619
	Update on sbtest8  (cost=0.43..8.45 rows=1 width=559)
	  ->  Index Scan using sbtest8_pkey on sbtest8  (cost=0.43..8.45 rows=1 width=559)
	        Index Cond: (id = 5854619)

explain: for non_index_updates :: explain UPDATE sbtest%u SET c='foobar' WHERE id=%u
for non_index_updates
table 1 : explain UPDATE sbtest1 SET c='foobar' WHERE id=12776
	Update on sbtest1  (cost=0.43..8.45 rows=1 width=559)
	  ->  Index Scan using sbtest1_pkey on sbtest1  (cost=0.43..8.45 rows=1 width=559)
	        Index Cond: (id = 12776)

table 2 : explain UPDATE sbtest2 SET c='foobar' WHERE id=5792974
	Update on sbtest2  (cost=0.43..8.45 rows=1 width=559)
	  ->  Index Scan using sbtest2_pkey on sbtest2  (cost=0.43..8.45 rows=1 width=559)
	        Index Cond: (id = 5792974)

table 3 : explain UPDATE sbtest3 SET c='foobar' WHERE id=731859
	Update on sbtest3  (cost=0.43..8.45 rows=1 width=559)
	  ->  Index Scan using sbtest3_pkey on sbtest3  (cost=0.43..8.45 rows=1 width=559)
	        Index Cond: (id = 731859)

table 4 : explain UPDATE sbtest4 SET c='foobar' WHERE id=8784198
	Update on sbtest4  (cost=0.43..8.45 rows=1 width=559)
	  ->  Index Scan using sbtest4_pkey on sbtest4  (cost=0.43..8.45 rows=1 width=559)
	        Index Cond: (id = 8784198)

table 5 : explain UPDATE sbtest5 SET c='foobar' WHERE id=6162347
	Update on sbtest5  (cost=0.43..8.45 rows=1 width=559)
	  ->  Index Scan using sbtest5_pkey on sbtest5  (cost=0.43..8.45 rows=1 width=559)
	        Index Cond: (id = 6162347)

table 6 : explain UPDATE sbtest6 SET c='foobar' WHERE id=2761307
	Update on sbtest6  (cost=0.43..8.45 rows=1 width=559)
	  ->  Index Scan using sbtest6_pkey on sbtest6  (cost=0.43..8.45 rows=1 width=559)
	        Index Cond: (id = 2761307)

table 7 : explain UPDATE sbtest7 SET c='foobar' WHERE id=1730505
	Update on sbtest7  (cost=0.43..8.45 rows=1 width=559)
	  ->  Index Scan using sbtest7_pkey on sbtest7  (cost=0.43..8.45 rows=1 width=559)
	        Index Cond: (id = 1730505)

table 8 : explain UPDATE sbtest8 SET c='foobar' WHERE id=3351123
	Update on sbtest8  (cost=0.43..8.45 rows=1 width=559)
	  ->  Index Scan using sbtest8_pkey on sbtest8  (cost=0.43..8.45 rows=1 width=559)
	        Index Cond: (id = 3351123)

for non_index_updates
table 1 : explain UPDATE sbtest1 SET c='foobar' WHERE id=8631710
	Update on sbtest1  (cost=0.43..8.45 rows=1 width=559)
	  ->  Index Scan using sbtest1_pkey on sbtest1  (cost=0.43..8.45 rows=1 width=559)
	        Index Cond: (id = 8631710)

table 2 : explain UPDATE sbtest2 SET c='foobar' WHERE id=4094072
	Update on sbtest2  (cost=0.43..8.45 rows=1 width=559)
	  ->  Index Scan using sbtest2_pkey on sbtest2  (cost=0.43..8.45 rows=1 width=559)
	        Index Cond: (id = 4094072)

table 3 : explain UPDATE sbtest3 SET c='foobar' WHERE id=6175796
	Update on sbtest3  (cost=0.43..8.45 rows=1 width=559)
	  ->  Index Scan using sbtest3_pkey on sbtest3  (cost=0.43..8.45 rows=1 width=559)
	        Index Cond: (id = 6175796)

table 4 : explain UPDATE sbtest4 SET c='foobar' WHERE id=4061331
	Update on sbtest4  (cost=0.43..8.45 rows=1 width=559)
	  ->  Index Scan using sbtest4_pkey on sbtest4  (cost=0.43..8.45 rows=1 width=559)
	        Index Cond: (id = 4061331)

table 5 : explain UPDATE sbtest5 SET c='foobar' WHERE id=2506368
	Update on sbtest5  (cost=0.43..8.45 rows=1 width=559)
	  ->  Index Scan using sbtest5_pkey on sbtest5  (cost=0.43..8.45 rows=1 width=559)
	        Index Cond: (id = 2506368)

table 6 : explain UPDATE sbtest6 SET c='foobar' WHERE id=9344822
	Update on sbtest6  (cost=0.43..8.45 rows=1 width=559)
	  ->  Index Scan using sbtest6_pkey on sbtest6  (cost=0.43..8.45 rows=1 width=559)
	        Index Cond: (id = 9344822)

table 7 : explain UPDATE sbtest7 SET c='foobar' WHERE id=3016839
	Update on sbtest7  (cost=0.43..8.45 rows=1 width=559)
	  ->  Index Scan using sbtest7_pkey on sbtest7  (cost=0.43..8.45 rows=1 width=559)
	        Index Cond: (id = 3016839)

table 8 : explain UPDATE sbtest8 SET c='foobar' WHERE id=5880933
	Update on sbtest8  (cost=0.43..8.45 rows=1 width=559)
	  ->  Index Scan using sbtest8_pkey on sbtest8  (cost=0.43..8.45 rows=1 width=559)
	        Index Cond: (id = 5880933)

explain: for deletes :: explain DELETE FROM sbtest%u WHERE id=%u
explain: for non_index_updates :: explain UPDATE sbtest%u SET c='foobar' WHERE id=%u
explain: for deletes :: explain DELETE FROM sbtest%u WHERE id=%u
explain: for deletes :: explain DELETE FROM sbtest%u WHERE id=%u
explain: for deletes :: explain DELETE FROM sbtest%u WHERE id=%u
for non_index_updates
table 1 : explain UPDATE sbtest1 SET c='foobar' WHERE id=2446931
	Update on sbtest1  (cost=0.43..8.45 rows=1 width=559)
	  ->  Index Scan using sbtest1_pkey on sbtest1  (cost=0.43..8.45 rows=1 width=559)
	        Index Cond: (id = 2446931)

table 2 : explain UPDATE sbtest2 SET c='foobar' WHERE id=1831328
	Update on sbtest2  (cost=0.43..8.45 rows=1 width=559)
	  ->  Index Scan using sbtest2_pkey on sbtest2  (cost=0.43..8.45 rows=1 width=559)
	        Index Cond: (id = 1831328)

table 3 : explain UPDATE sbtest3 SET c='foobar' WHERE id=6855324
	Update on sbtest3  (cost=0.43..8.45 rows=1 width=559)
	  ->  Index Scan using sbtest3_pkey on sbtest3  (cost=0.43..8.45 rows=1 width=559)
	        Index Cond: (id = 6855324)

table 4 : explain UPDATE sbtest4 SET c='foobar' WHERE id=7083351
	Update on sbtest4  (cost=0.43..8.45 rows=1 width=559)
	  ->  Index Scan using sbtest4_pkey on sbtest4  (cost=0.43..8.45 rows=1 width=559)
	        Index Cond: (id = 7083351)

table 5 : explain UPDATE sbtest5 SET c='foobar' WHERE id=8874110
	Update on sbtest5  (cost=0.43..8.45 rows=1 width=559)
	  ->  Index Scan using sbtest5_pkey on sbtest5  (cost=0.43..8.45 rows=1 width=559)
	        Index Cond: (id = 8874110)

table 6 : explain UPDATE sbtest6 SET c='foobar' WHERE id=5097341
	Update on sbtest6  (cost=0.43..8.45 rows=1 width=559)
	  ->  Index Scan using sbtest6_pkey on sbtest6  (cost=0.43..8.45 rows=1 width=559)
	        Index Cond: (id = 5097341)

table 7 : explain UPDATE sbtest7 SET c='foobar' WHERE id=458968
	Update on sbtest7  (cost=0.43..8.45 rows=1 width=559)
	  ->  Index Scan using sbtest7_pkey on sbtest7  (cost=0.43..8.45 rows=1 width=559)
	        Index Cond: (id = 458968)

table 8 : explain UPDATE sbtest8 SET c='foobar' WHERE id=9578089
	Update on sbtest8  (cost=0.43..8.45 rows=1 width=559)
	  ->  Index Scan using sbtest8_pkey on sbtest8  (cost=0.43..8.45 rows=1 width=559)
	        Index Cond: (id = 9578089)

for deletes
table 1 : explain DELETE FROM sbtest1 WHERE id=3066414
	Delete on sbtest1  (cost=0.43..8.45 rows=1 width=6)
	  ->  Index Scan using sbtest1_pkey on sbtest1  (cost=0.43..8.45 rows=1 width=6)
	        Index Cond: (id = 3066414)

table 2 : explain DELETE FROM sbtest2 WHERE id=3282214
	Delete on sbtest2  (cost=0.43..8.45 rows=1 width=6)
	  ->  Index Scan using sbtest2_pkey on sbtest2  (cost=0.43..8.45 rows=1 width=6)
	        Index Cond: (id = 3282214)

table 3 : explain DELETE FROM sbtest3 WHERE id=4381451
	Delete on sbtest3  (cost=0.43..8.45 rows=1 width=6)
	  ->  Index Scan using sbtest3_pkey on sbtest3  (cost=0.43..8.45 rows=1 width=6)
	        Index Cond: (id = 4381451)

table 4 : explain DELETE FROM sbtest4 WHERE id=2535613
	Delete on sbtest4  (cost=0.43..8.45 rows=1 width=6)
	  ->  Index Scan using sbtest4_pkey on sbtest4  (cost=0.43..8.45 rows=1 width=6)
	        Index Cond: (id = 2535613)

table 5 : explain DELETE FROM sbtest5 WHERE id=1533384
	Delete on sbtest5  (cost=0.43..8.45 rows=1 width=6)
	  ->  Index Scan using sbtest5_pkey on sbtest5  (cost=0.43..8.45 rows=1 width=6)
	        Index Cond: (id = 1533384)

table 6 : explain DELETE FROM sbtest6 WHERE id=2472088
	Delete on sbtest6  (cost=0.43..8.45 rows=1 width=6)
	  ->  Index Scan using sbtest6_pkey on sbtest6  (cost=0.43..8.45 rows=1 width=6)
	        Index Cond: (id = 2472088)

table 7 : explain DELETE FROM sbtest7 WHERE id=4794054
	Delete on sbtest7  (cost=0.43..8.45 rows=1 width=6)
	  ->  Index Scan using sbtest7_pkey on sbtest7  (cost=0.43..8.45 rows=1 width=6)
	        Index Cond: (id = 4794054)

table 8 : explain DELETE FROM sbtest8 WHERE id=5490171
	Delete on sbtest8  (cost=0.43..8.45 rows=1 width=6)
	  ->  Index Scan using sbtest8_pkey on sbtest8  (cost=0.43..8.45 rows=1 width=6)
	        Index Cond: (id = 5490171)

for non_index_updates
table 1 : explain UPDATE sbtest1 SET c='foobar' WHERE id=7517087
	Update on sbtest1  (cost=0.43..8.45 rows=1 width=559)
	  ->  Index Scan using sbtest1_pkey on sbtest1  (cost=0.43..8.45 rows=1 width=559)
	        Index Cond: (id = 7517087)

table 2 : explain UPDATE sbtest2 SET c='foobar' WHERE id=6960225
	Update on sbtest2  (cost=0.43..8.45 rows=1 width=559)
	  ->  Index Scan using sbtest2_pkey on sbtest2  (cost=0.43..8.45 rows=1 width=559)
	        Index Cond: (id = 6960225)

table 3 : explain UPDATE sbtest3 SET c='foobar' WHERE id=4389266
	Update on sbtest3  (cost=0.43..8.45 rows=1 width=559)
	  ->  Index Scan using sbtest3_pkey on sbtest3  (cost=0.43..8.45 rows=1 width=559)
	        Index Cond: (id = 4389266)

table 4 : explain UPDATE sbtest4 SET c='foobar' WHERE id=9735412
	Update on sbtest4  (cost=0.43..8.45 rows=1 width=559)
	  ->  Index Scan using sbtest4_pkey on sbtest4  (cost=0.43..8.45 rows=1 width=559)
	        Index Cond: (id = 9735412)

table 5 : explain UPDATE sbtest5 SET c='foobar' WHERE id=6722636
	Update on sbtest5  (cost=0.43..8.45 rows=1 width=559)
	  ->  Index Scan using sbtest5_pkey on sbtest5  (cost=0.43..8.45 rows=1 width=559)
	        Index Cond: (id = 6722636)

table 6 : explain UPDATE sbtest6 SET c='foobar' WHERE id=6644196
	Update on sbtest6  (cost=0.43..8.45 rows=1 width=559)
	  ->  Index Scan using sbtest6_pkey on sbtest6  (cost=0.43..8.45 rows=1 width=559)
	        Index Cond: (id = 6644196)

table 7 : explain UPDATE sbtest7 SET c='foobar' WHERE id=4000679
	Update on sbtest7  (cost=0.43..8.45 rows=1 width=559)
	  ->  Index Scan using sbtest7_pkey on sbtest7  (cost=0.43..8.45 rows=1 width=559)
	        Index Cond: (id = 4000679)

table 8 : explain UPDATE sbtest8 SET c='foobar' WHERE id=2925344
	Update on sbtest8  (cost=0.43..8.45 rows=1 width=559)
	  ->  Index Scan using sbtest8_pkey on sbtest8  (cost=0.43..8.45 rows=1 width=559)
	        Index Cond: (id = 2925344)

for deletes
table 1 : explain DELETE FROM sbtest1 WHERE id=3026733
	Delete on sbtest1  (cost=0.43..8.45 rows=1 width=6)
	  ->  Index Scan using sbtest1_pkey on sbtest1  (cost=0.43..8.45 rows=1 width=6)
	        Index Cond: (id = 3026733)

table 2 : explain DELETE FROM sbtest2 WHERE id=6477355
	Delete on sbtest2  (cost=0.43..8.45 rows=1 width=6)
	  ->  Index Scan using sbtest2_pkey on sbtest2  (cost=0.43..8.45 rows=1 width=6)
	        Index Cond: (id = 6477355)

table 3 : explain DELETE FROM sbtest3 WHERE id=5541719
	Delete on sbtest3  (cost=0.43..8.45 rows=1 width=6)
	  ->  Index Scan using sbtest3_pkey on sbtest3  (cost=0.43..8.45 rows=1 width=6)
	        Index Cond: (id = 5541719)

table 4 : explain DELETE FROM sbtest4 WHERE id=8490051
	Delete on sbtest4  (cost=0.43..8.45 rows=1 width=6)
	  ->  Index Scan using sbtest4_pkey on sbtest4  (cost=0.43..8.45 rows=1 width=6)
	        Index Cond: (id = 8490051)

table 5 : explain DELETE FROM sbtest5 WHERE id=9629657
	Delete on sbtest5  (cost=0.43..8.45 rows=1 width=6)
	  ->  Index Scan using sbtest5_pkey on sbtest5  (cost=0.43..8.45 rows=1 width=6)
	        Index Cond: (id = 9629657)

table 6 : explain DELETE FROM sbtest6 WHERE id=5787797
	Delete on sbtest6  (cost=0.43..8.45 rows=1 width=6)
	  ->  Index Scan using sbtest6_pkey on sbtest6  (cost=0.43..8.45 rows=1 width=6)
	        Index Cond: (id = 5787797)

table 7 : explain DELETE FROM sbtest7 WHERE id=673781
	Delete on sbtest7  (cost=0.43..8.45 rows=1 width=6)
	  ->  Index Scan using sbtest7_pkey on sbtest7  (cost=0.43..8.45 rows=1 width=6)
	        Index Cond: (id = 673781)

table 8 : explain DELETE FROM sbtest8 WHERE id=6926748
	Delete on sbtest8  (cost=0.43..8.45 rows=1 width=6)
	  ->  Index Scan using sbtest8_pkey on sbtest8  (cost=0.43..8.45 rows=1 width=6)
	        Index Cond: (id = 6926748)

for deletes
table 1 : explain DELETE FROM sbtest1 WHERE id=4363199
	Delete on sbtest1  (cost=0.43..8.45 rows=1 width=6)
	  ->  Index Scan using sbtest1_pkey on sbtest1  (cost=0.43..8.45 rows=1 width=6)
	        Index Cond: (id = 4363199)

table 2 : explain DELETE FROM sbtest2 WHERE id=2364380
	Delete on sbtest2  (cost=0.43..8.45 rows=1 width=6)
	  ->  Index Scan using sbtest2_pkey on sbtest2  (cost=0.43..8.45 rows=1 width=6)
	        Index Cond: (id = 2364380)

table 3 : explain DELETE FROM sbtest3 WHERE id=7370252
	Delete on sbtest3  (cost=0.43..8.45 rows=1 width=6)
	  ->  Index Scan using sbtest3_pkey on sbtest3  (cost=0.43..8.45 rows=1 width=6)
	        Index Cond: (id = 7370252)

table 4 : explain DELETE FROM sbtest4 WHERE id=4111632
	Delete on sbtest4  (cost=0.43..8.45 rows=1 width=6)
	  ->  Index Scan using sbtest4_pkey on sbtest4  (cost=0.43..8.45 rows=1 width=6)
	        Index Cond: (id = 4111632)

table 5 : explain DELETE FROM sbtest5 WHERE id=3052497
	Delete on sbtest5  (cost=0.43..8.45 rows=1 width=6)
	  ->  Index Scan using sbtest5_pkey on sbtest5  (cost=0.43..8.45 rows=1 width=6)
	        Index Cond: (id = 3052497)

table 6 : explain DELETE FROM sbtest6 WHERE id=6318983
	Delete on sbtest6  (cost=0.43..8.45 rows=1 width=6)
	  ->  Index Scan using sbtest6_pkey on sbtest6  (cost=0.43..8.45 rows=1 width=6)
	        Index Cond: (id = 6318983)

table 7 : explain DELETE FROM sbtest7 WHERE id=9265032
	Delete on sbtest7  (cost=0.43..8.45 rows=1 width=6)
	  ->  Index Scan using sbtest7_pkey on sbtest7  (cost=0.43..8.45 rows=1 width=6)
	        Index Cond: (id = 9265032)

table 8 : explain DELETE FROM sbtest8 WHERE id=206840
	Delete on sbtest8  (cost=0.43..8.45 rows=1 width=6)
	  ->  Index Scan using sbtest8_pkey on sbtest8  (cost=0.43..8.45 rows=1 width=6)
	        Index Cond: (id = 206840)

explain: for deletes :: explain DELETE FROM sbtest%u WHERE id=%u
for deletes
table 1 : explain DELETE FROM sbtest1 WHERE id=3768831
	Delete on sbtest1  (cost=0.43..8.45 rows=1 width=6)
	  ->  Index Scan using sbtest1_pkey on sbtest1  (cost=0.43..8.45 rows=1 width=6)
	        Index Cond: (id = 3768831)

table 2 : explain DELETE FROM sbtest2 WHERE id=8647138
	Delete on sbtest2  (cost=0.43..8.45 rows=1 width=6)
	  ->  Index Scan using sbtest2_pkey on sbtest2  (cost=0.43..8.45 rows=1 width=6)
	        Index Cond: (id = 8647138)

table 3 : explain DELETE FROM sbtest3 WHERE id=5383071
	Delete on sbtest3  (cost=0.43..8.45 rows=1 width=6)
	  ->  Index Scan using sbtest3_pkey on sbtest3  (cost=0.43..8.45 rows=1 width=6)
	        Index Cond: (id = 5383071)

table 4 : explain DELETE FROM sbtest4 WHERE id=7343784
	Delete on sbtest4  (cost=0.43..8.45 rows=1 width=6)
	  ->  Index Scan using sbtest4_pkey on sbtest4  (cost=0.43..8.45 rows=1 width=6)
	        Index Cond: (id = 7343784)

table 5 : explain DELETE FROM sbtest5 WHERE id=3351276
	Delete on sbtest5  (cost=0.43..8.45 rows=1 width=6)
	  ->  Index Scan using sbtest5_pkey on sbtest5  (cost=0.43..8.45 rows=1 width=6)
	        Index Cond: (id = 3351276)

table 6 : explain DELETE FROM sbtest6 WHERE id=924498
	Delete on sbtest6  (cost=0.43..8.45 rows=1 width=6)
	  ->  Index Scan using sbtest6_pkey on sbtest6  (cost=0.43..8.45 rows=1 width=6)
	        Index Cond: (id = 924498)

table 7 : explain DELETE FROM sbtest7 WHERE id=2365209
	Delete on sbtest7  (cost=0.43..8.45 rows=1 width=6)
	  ->  Index Scan using sbtest7_pkey on sbtest7  (cost=0.43..8.45 rows=1 width=6)
	        Index Cond: (id = 2365209)

table 8 : explain DELETE FROM sbtest8 WHERE id=6085844
	Delete on sbtest8  (cost=0.43..8.45 rows=1 width=6)
	  ->  Index Scan using sbtest8_pkey on sbtest8  (cost=0.43..8.45 rows=1 width=6)
	        Index Cond: (id = 6085844)

explain: for deletes :: explain DELETE FROM sbtest%u WHERE id=%u
explain: for inserts :: explain INSERT INTO sbtest%u (id, k, c, pad) VALUES (%u, 13, 'foobar', 'foobar')
explain: for inserts :: explain INSERT INTO sbtest%u (id, k, c, pad) VALUES (%u, 13, 'foobar', 'foobar')
explain: for inserts :: explain INSERT INTO sbtest%u (id, k, c, pad) VALUES (%u, 13, 'foobar', 'foobar')
explain: for inserts :: explain INSERT INTO sbtest%u (id, k, c, pad) VALUES (%u, 13, 'foobar', 'foobar')
for deletes
table 1 : explain DELETE FROM sbtest1 WHERE id=9913939
	Delete on sbtest1  (cost=0.43..8.45 rows=1 width=6)
	  ->  Index Scan using sbtest1_pkey on sbtest1  (cost=0.43..8.45 rows=1 width=6)
	        Index Cond: (id = 9913939)

table 2 : explain DELETE FROM sbtest2 WHERE id=6849590
	Delete on sbtest2  (cost=0.43..8.45 rows=1 width=6)
	  ->  Index Scan using sbtest2_pkey on sbtest2  (cost=0.43..8.45 rows=1 width=6)
	        Index Cond: (id = 6849590)

table 3 : explain DELETE FROM sbtest3 WHERE id=9022567
	Delete on sbtest3  (cost=0.43..8.45 rows=1 width=6)
	  ->  Index Scan using sbtest3_pkey on sbtest3  (cost=0.43..8.45 rows=1 width=6)
	        Index Cond: (id = 9022567)

table 4 : explain DELETE FROM sbtest4 WHERE id=4936693
	Delete on sbtest4  (cost=0.43..8.45 rows=1 width=6)
	  ->  Index Scan using sbtest4_pkey on sbtest4  (cost=0.43..8.45 rows=1 width=6)
	        Index Cond: (id = 4936693)

table 5 : explain DELETE FROM sbtest5 WHERE id=8784605
	Delete on sbtest5  (cost=0.43..8.45 rows=1 width=6)
	  ->  Index Scan using sbtest5_pkey on sbtest5  (cost=0.43..8.45 rows=1 width=6)
	        Index Cond: (id = 8784605)

table 6 : explain DELETE FROM sbtest6 WHERE id=7076940
	Delete on sbtest6  (cost=0.43..8.45 rows=1 width=6)
	  ->  Index Scan using sbtest6_pkey on sbtest6  (cost=0.43..8.45 rows=1 width=6)
	        Index Cond: (id = 7076940)

table 7 : explain DELETE FROM sbtest7 WHERE id=9977803
	Delete on sbtest7  (cost=0.43..8.45 rows=1 width=6)
	  ->  Index Scan using sbtest7_pkey on sbtest7  (cost=0.43..8.45 rows=1 width=6)
	        Index Cond: (id = 9977803)

table 8 : explain DELETE FROM sbtest8 WHERE id=5508975
	Delete on sbtest8  (cost=0.43..8.45 rows=1 width=6)
	  ->  Index Scan using sbtest8_pkey on sbtest8  (cost=0.43..8.45 rows=1 width=6)
	        Index Cond: (id = 5508975)

for index_updates
table 1 : explain UPDATE sbtest1 SET k=k+1 WHERE id=5016157
	Update on sbtest1  (cost=0.43..8.46 rows=1 width=196)
	  ->  Index Scan using sbtest1_pkey on sbtest1  (cost=0.43..8.46 rows=1 width=196)
	        Index Cond: (id = 5016157)

table 2 : explain UPDATE sbtest2 SET k=k+1 WHERE id=5351733
	Update on sbtest2  (cost=0.43..8.46 rows=1 width=196)
	  ->  Index Scan using sbtest2_pkey on sbtest2  (cost=0.43..8.46 rows=1 width=196)
	        Index Cond: (id = 5351733)

table 3 : explain UPDATE sbtest3 SET k=k+1 WHERE id=934124
	Update on sbtest3  (cost=0.43..8.46 rows=1 width=196)
	  ->  Index Scan using sbtest3_pkey on sbtest3  (cost=0.43..8.46 rows=1 width=196)
	        Index Cond: (id = 934124)

table 4 : explain UPDATE sbtest4 SET k=k+1 WHERE id=130362
	Update on sbtest4  (cost=0.43..8.46 rows=1 width=196)
	  ->  Index Scan using sbtest4_pkey on sbtest4  (cost=0.43..8.46 rows=1 width=196)
	        Index Cond: (id = 130362)

table 5 : explain UPDATE sbtest5 SET k=k+1 WHERE id=9165936
	Update on sbtest5  (cost=0.43..8.46 rows=1 width=196)
	  ->  Index Scan using sbtest5_pkey on sbtest5  (cost=0.43..8.46 rows=1 width=196)
	        Index Cond: (id = 9165936)

table 6 : explain UPDATE sbtest6 SET k=k+1 WHERE id=1816780
	Update on sbtest6  (cost=0.43..8.46 rows=1 width=196)
	  ->  Index Scan using sbtest6_pkey on sbtest6  (cost=0.43..8.46 rows=1 width=196)
	        Index Cond: (id = 1816780)

table 7 : explain UPDATE sbtest7 SET k=k+1 WHERE id=6495257
	Update on sbtest7  (cost=0.43..8.46 rows=1 width=196)
	  ->  Index Scan using sbtest7_pkey on sbtest7  (cost=0.43..8.46 rows=1 width=196)
	        Index Cond: (id = 6495257)

table 8 : explain UPDATE sbtest8 SET k=k+1 WHERE id=5035304
	Update on sbtest8  (cost=0.43..8.46 rows=1 width=196)
	  ->  Index Scan using sbtest8_pkey on sbtest8  (cost=0.43..8.46 rows=1 width=196)
	        Index Cond: (id = 5035304)

for inserts
table 1 : explain INSERT INTO sbtest1 (id, k, c, pad) VALUES (635908, 13, 'foobar', 'foobar')
	Insert on sbtest1  (cost=0.00..0.01 rows=1 width=736)
	  ->  Result  (cost=0.00..0.01 rows=1 width=736)

table 2 : explain INSERT INTO sbtest2 (id, k, c, pad) VALUES (6890019, 13, 'foobar', 'foobar')
	Insert on sbtest2  (cost=0.00..0.01 rows=1 width=736)
	  ->  Result  (cost=0.00..0.01 rows=1 width=736)

table 3 : explain INSERT INTO sbtest3 (id, k, c, pad) VALUES (3225037, 13, 'foobar', 'foobar')
	Insert on sbtest3  (cost=0.00..0.01 rows=1 width=736)
	  ->  Result  (cost=0.00..0.01 rows=1 width=736)

table 4 : explain INSERT INTO sbtest4 (id, k, c, pad) VALUES (1638033, 13, 'foobar', 'foobar')
	Insert on sbtest4  (cost=0.00..0.01 rows=1 width=736)
	  ->  Result  (cost=0.00..0.01 rows=1 width=736)

table 5 : explain INSERT INTO sbtest5 (id, k, c, pad) VALUES (7033366, 13, 'foobar', 'foobar')
	Insert on sbtest5  (cost=0.00..0.01 rows=1 width=736)
	  ->  Result  (cost=0.00..0.01 rows=1 width=736)

table 6 : explain INSERT INTO sbtest6 (id, k, c, pad) VALUES (1526688, 13, 'foobar', 'foobar')
	Insert on sbtest6  (cost=0.00..0.01 rows=1 width=736)
	  ->  Result  (cost=0.00..0.01 rows=1 width=736)

table 7 : explain INSERT INTO sbtest7 (id, k, c, pad) VALUES (8711819, 13, 'foobar', 'foobar')
	Insert on sbtest7  (cost=0.00..0.01 rows=1 width=736)
	  ->  Result  (cost=0.00..0.01 rows=1 width=736)

table 8 : explain INSERT INTO sbtest8 (id, k, c, pad) VALUES (7821301, 13, 'foobar', 'foobar')
	Insert on sbtest8  (cost=0.00..0.01 rows=1 width=736)
	  ->  Result  (cost=0.00..0.01 rows=1 width=736)

for deletes
table 1 : explain DELETE FROM sbtest1 WHERE id=1947621
	Delete on sbtest1  (cost=0.43..8.45 rows=1 width=6)
	  ->  Index Scan using sbtest1_pkey on sbtest1  (cost=0.43..8.45 rows=1 width=6)
	        Index Cond: (id = 1947621)

table 2 : explain DELETE FROM sbtest2 WHERE id=6433915
	Delete on sbtest2  (cost=0.43..8.45 rows=1 width=6)
	  ->  Index Scan using sbtest2_pkey on sbtest2  (cost=0.43..8.45 rows=1 width=6)
	        Index Cond: (id = 6433915)

table 3 : explain DELETE FROM sbtest3 WHERE id=4859960
	Delete on sbtest3  (cost=0.43..8.45 rows=1 width=6)
	  ->  Index Scan using sbtest3_pkey on sbtest3  (cost=0.43..8.45 rows=1 width=6)
	        Index Cond: (id = 4859960)

table 4 : explain DELETE FROM sbtest4 WHERE id=3138005
	Delete on sbtest4  (cost=0.43..8.45 rows=1 width=6)
	  ->  Index Scan using sbtest4_pkey on sbtest4  (cost=0.43..8.45 rows=1 width=6)
	        Index Cond: (id = 3138005)

table 5 : explain DELETE FROM sbtest5 WHERE id=7348837
	Delete on sbtest5  (cost=0.43..8.45 rows=1 width=6)
	  ->  Index Scan using sbtest5_pkey on sbtest5  (cost=0.43..8.45 rows=1 width=6)
	        Index Cond: (id = 7348837)

table 6 : explain DELETE FROM sbtest6 WHERE id=7170555
	Delete on sbtest6  (cost=0.43..8.45 rows=1 width=6)
	  ->  Index Scan using sbtest6_pkey on sbtest6  (cost=0.43..8.45 rows=1 width=6)
	        Index Cond: (id = 7170555)

table 7 : explain DELETE FROM sbtest7 WHERE id=7090890
	Delete on sbtest7  (cost=0.43..8.45 rows=1 width=6)
	  ->  Index Scan using sbtest7_pkey on sbtest7  (cost=0.43..8.45 rows=1 width=6)
	        Index Cond: (id = 7090890)

table 8 : explain DELETE FROM sbtest8 WHERE id=4279767
	Delete on sbtest8  (cost=0.43..8.45 rows=1 width=6)
	  ->  Index Scan using sbtest8_pkey on sbtest8  (cost=0.43..8.45 rows=1 width=6)
	        Index Cond: (id = 4279767)

for inserts
table 1 : explain INSERT INTO sbtest1 (id, k, c, pad) VALUES (7556074, 13, 'foobar', 'foobar')
	Insert on sbtest1  (cost=0.00..0.01 rows=1 width=736)
	  ->  Result  (cost=0.00..0.01 rows=1 width=736)

table 2 : explain INSERT INTO sbtest2 (id, k, c, pad) VALUES (8382242, 13, 'foobar', 'foobar')
	Insert on sbtest2  (cost=0.00..0.01 rows=1 width=736)
	  ->  Result  (cost=0.00..0.01 rows=1 width=736)

table 3 : explain INSERT INTO sbtest3 (id, k, c, pad) VALUES (6351388, 13, 'foobar', 'foobar')
	Insert on sbtest3  (cost=0.00..0.01 rows=1 width=736)
	  ->  Result  (cost=0.00..0.01 rows=1 width=736)

table 4 : explain INSERT INTO sbtest4 (id, k, c, pad) VALUES (204789, 13, 'foobar', 'foobar')
	Insert on sbtest4  (cost=0.00..0.01 rows=1 width=736)
	  ->  Result  (cost=0.00..0.01 rows=1 width=736)

table 5 : explain INSERT INTO sbtest5 (id, k, c, pad) VALUES (1156076, 13, 'foobar', 'foobar')
	Insert on sbtest5  (cost=0.00..0.01 rows=1 width=736)
	  ->  Result  (cost=0.00..0.01 rows=1 width=736)

table 6 : explain INSERT INTO sbtest6 (id, k, c, pad) VALUES (135141, 13, 'foobar', 'foobar')
	Insert on sbtest6  (cost=0.00..0.01 rows=1 width=736)
	  ->  Result  (cost=0.00..0.01 rows=1 width=736)

table 7 : explain INSERT INTO sbtest7 (id, k, c, pad) VALUES (4727011, 13, 'foobar', 'foobar')
	Insert on sbtest7  (cost=0.00..0.01 rows=1 width=736)
	  ->  Result  (cost=0.00..0.01 rows=1 width=736)

table 8 : explain INSERT INTO sbtest8 (id, k, c, pad) VALUES (22754, 13, 'foobar', 'foobar')
	Insert on sbtest8  (cost=0.00..0.01 rows=1 width=736)
	  ->  Result  (cost=0.00..0.01 rows=1 width=736)

for inserts
table 1 : explain INSERT INTO sbtest1 (id, k, c, pad) VALUES (8722975, 13, 'foobar', 'foobar')
	Insert on sbtest1  (cost=0.00..0.01 rows=1 width=736)
	  ->  Result  (cost=0.00..0.01 rows=1 width=736)

table 2 : explain INSERT INTO sbtest2 (id, k, c, pad) VALUES (2413717, 13, 'foobar', 'foobar')
	Insert on sbtest2  (cost=0.00..0.01 rows=1 width=736)
	  ->  Result  (cost=0.00..0.01 rows=1 width=736)

table 3 : explain INSERT INTO sbtest3 (id, k, c, pad) VALUES (906348, 13, 'foobar', 'foobar')
	Insert on sbtest3  (cost=0.00..0.01 rows=1 width=736)
	  ->  Result  (cost=0.00..0.01 rows=1 width=736)

table 4 : explain INSERT INTO sbtest4 (id, k, c, pad) VALUES (7483562, 13, 'foobar', 'foobar')
	Insert on sbtest4  (cost=0.00..0.01 rows=1 width=736)
	  ->  Result  (cost=0.00..0.01 rows=1 width=736)

table 5 : explain INSERT INTO sbtest5 (id, k, c, pad) VALUES (3945961, 13, 'foobar', 'foobar')
	Insert on sbtest5  (cost=0.00..0.01 rows=1 width=736)
	  ->  Result  (cost=0.00..0.01 rows=1 width=736)

table 6 : explain INSERT INTO sbtest6 (id, k, c, pad) VALUES (6044061, 13, 'foobar', 'foobar')
	Insert on sbtest6  (cost=0.00..0.01 rows=1 width=736)
	  ->  Result  (cost=0.00..0.01 rows=1 width=736)

table 7 : explain INSERT INTO sbtest7 (id, k, c, pad) VALUES (5561666, 13, 'foobar', 'foobar')
	Insert on sbtest7  (cost=0.00..0.01 rows=1 width=736)
	  ->  Result  (cost=0.00..0.01 rows=1 width=736)

table 8 : explain INSERT INTO sbtest8 (id, k, c, pad) VALUES (6899048, 13, 'foobar', 'foobar')
	Insert on sbtest8  (cost=0.00..0.01 rows=1 width=736)
	  ->  Result  (cost=0.00..0.01 rows=1 width=736)

for inserts
table 1 : explain INSERT INTO sbtest1 (id, k, c, pad) VALUES (6673847, 13, 'foobar', 'foobar')
	Insert on sbtest1  (cost=0.00..0.01 rows=1 width=736)
	  ->  Result  (cost=0.00..0.01 rows=1 width=736)

table 2 : explain INSERT INTO sbtest2 (id, k, c, pad) VALUES (6252018, 13, 'foobar', 'foobar')
	Insert on sbtest2  (cost=0.00..0.01 rows=1 width=736)
	  ->  Result  (cost=0.00..0.01 rows=1 width=736)

table 3 : explain INSERT INTO sbtest3 (id, k, c, pad) VALUES (4769095, 13, 'foobar', 'foobar')
	Insert on sbtest3  (cost=0.00..0.01 rows=1 width=736)
	  ->  Result  (cost=0.00..0.01 rows=1 width=736)

table 4 : explain INSERT INTO sbtest4 (id, k, c, pad) VALUES (164292, 13, 'foobar', 'foobar')
	Insert on sbtest4  (cost=0.00..0.01 rows=1 width=736)
	  ->  Result  (cost=0.00..0.01 rows=1 width=736)

table 5 : explain INSERT INTO sbtest5 (id, k, c, pad) VALUES (7883501, 13, 'foobar', 'foobar')
	Insert on sbtest5  (cost=0.00..0.01 rows=1 width=736)
	  ->  Result  (cost=0.00..0.01 rows=1 width=736)

table 6 : explain INSERT INTO sbtest6 (id, k, c, pad) VALUES (1184359, 13, 'foobar', 'foobar')
	Insert on sbtest6  (cost=0.00..0.01 rows=1 width=736)
	  ->  Result  (cost=0.00..0.01 rows=1 width=736)

table 7 : explain INSERT INTO sbtest7 (id, k, c, pad) VALUES (5732981, 13, 'foobar', 'foobar')
	Insert on sbtest7  (cost=0.00..0.01 rows=1 width=736)
	  ->  Result  (cost=0.00..0.01 rows=1 width=736)

table 8 : explain INSERT INTO sbtest8 (id, k, c, pad) VALUES (5063965, 13, 'foobar', 'foobar')
	Insert on sbtest8  (cost=0.00..0.01 rows=1 width=736)
	  ->  Result  (cost=0.00..0.01 rows=1 width=736)

explain: for inserts :: explain INSERT INTO sbtest%u (id, k, c, pad) VALUES (%u, 13, 'foobar', 'foobar')
explain: for non_index_updates :: explain UPDATE sbtest%u SET c='foobar' WHERE id=%u
explain: for inserts :: explain INSERT INTO sbtest%u (id, k, c, pad) VALUES (%u, 13, 'foobar', 'foobar')
for inserts
table 1 : explain INSERT INTO sbtest1 (id, k, c, pad) VALUES (4363856, 13, 'foobar', 'foobar')
	Insert on sbtest1  (cost=0.00..0.01 rows=1 width=736)
	  ->  Result  (cost=0.00..0.01 rows=1 width=736)

table 2 : explain INSERT INTO sbtest2 (id, k, c, pad) VALUES (8623573, 13, 'foobar', 'foobar')
	Insert on sbtest2  (cost=0.00..0.01 rows=1 width=736)
	  ->  Result  (cost=0.00..0.01 rows=1 width=736)

table 3 : explain INSERT INTO sbtest3 (id, k, c, pad) VALUES (4023495, 13, 'foobar', 'foobar')
	Insert on sbtest3  (cost=0.00..0.01 rows=1 width=736)
	  ->  Result  (cost=0.00..0.01 rows=1 width=736)

table 4 : explain INSERT INTO sbtest4 (id, k, c, pad) VALUES (7654372, 13, 'foobar', 'foobar')
	Insert on sbtest4  (cost=0.00..0.01 rows=1 width=736)
	  ->  Result  (cost=0.00..0.01 rows=1 width=736)

table 5 : explain INSERT INTO sbtest5 (id, k, c, pad) VALUES (8675793, 13, 'foobar', 'foobar')
	Insert on sbtest5  (cost=0.00..0.01 rows=1 width=736)
	  ->  Result  (cost=0.00..0.01 rows=1 width=736)

table 6 : explain INSERT INTO sbtest6 (id, k, c, pad) VALUES (392975, 13, 'foobar', 'foobar')
	Insert on sbtest6  (cost=0.00..0.01 rows=1 width=736)
	  ->  Result  (cost=0.00..0.01 rows=1 width=736)

table 7 : explain INSERT INTO sbtest7 (id, k, c, pad) VALUES (7615361, 13, 'foobar', 'foobar')
	Insert on sbtest7  (cost=0.00..0.01 rows=1 width=736)
	  ->  Result  (cost=0.00..0.01 rows=1 width=736)

table 8 : explain INSERT INTO sbtest8 (id, k, c, pad) VALUES (3336279, 13, 'foobar', 'foobar')
	Insert on sbtest8  (cost=0.00..0.01 rows=1 width=736)
	  ->  Result  (cost=0.00..0.01 rows=1 width=736)

for inserts
table 1 : explain INSERT INTO sbtest1 (id, k, c, pad) VALUES (4559026, 13, 'foobar', 'foobar')
	Insert on sbtest1  (cost=0.00..0.01 rows=1 width=736)
	  ->  Result  (cost=0.00..0.01 rows=1 width=736)

table 2 : explain INSERT INTO sbtest2 (id, k, c, pad) VALUES (2744665, 13, 'foobar', 'foobar')
	Insert on sbtest2  (cost=0.00..0.01 rows=1 width=736)
	  ->  Result  (cost=0.00..0.01 rows=1 width=736)

table 3 : explain INSERT INTO sbtest3 (id, k, c, pad) VALUES (8042417, 13, 'foobar', 'foobar')
	Insert on sbtest3  (cost=0.00..0.01 rows=1 width=736)
	  ->  Result  (cost=0.00..0.01 rows=1 width=736)

table 4 : explain INSERT INTO sbtest4 (id, k, c, pad) VALUES (3403718, 13, 'foobar', 'foobar')
	Insert on sbtest4  (cost=0.00..0.01 rows=1 width=736)
	  ->  Result  (cost=0.00..0.01 rows=1 width=736)

table 5 : explain INSERT INTO sbtest5 (id, k, c, pad) VALUES (4064136, 13, 'foobar', 'foobar')
	Insert on sbtest5  (cost=0.00..0.01 rows=1 width=736)
	  ->  Result  (cost=0.00..0.01 rows=1 width=736)

table 6 : explain INSERT INTO sbtest6 (id, k, c, pad) VALUES (295969, 13, 'foobar', 'foobar')
	Insert on sbtest6  (cost=0.00..0.01 rows=1 width=736)
	  ->  Result  (cost=0.00..0.01 rows=1 width=736)

table 7 : explain INSERT INTO sbtest7 (id, k, c, pad) VALUES (4330682, 13, 'foobar', 'foobar')
	Insert on sbtest7  (cost=0.00..0.01 rows=1 width=736)
	  ->  Result  (cost=0.00..0.01 rows=1 width=736)

table 8 : explain INSERT INTO sbtest8 (id, k, c, pad) VALUES (4753327, 13, 'foobar', 'foobar')
	Insert on sbtest8  (cost=0.00..0.01 rows=1 width=736)
	  ->  Result  (cost=0.00..0.01 rows=1 width=736)

for non_index_updates
table 1 : explain UPDATE sbtest1 SET c='foobar' WHERE id=7913177
	Update on sbtest1  (cost=0.43..8.45 rows=1 width=559)
	  ->  Index Scan using sbtest1_pkey on sbtest1  (cost=0.43..8.45 rows=1 width=559)
	        Index Cond: (id = 7913177)

table 2 : explain UPDATE sbtest2 SET c='foobar' WHERE id=1275863
	Update on sbtest2  (cost=0.43..8.45 rows=1 width=559)
	  ->  Index Scan using sbtest2_pkey on sbtest2  (cost=0.43..8.45 rows=1 width=559)
	        Index Cond: (id = 1275863)

table 3 : explain UPDATE sbtest3 SET c='foobar' WHERE id=4806368
	Update on sbtest3  (cost=0.43..8.45 rows=1 width=559)
	  ->  Index Scan using sbtest3_pkey on sbtest3  (cost=0.43..8.45 rows=1 width=559)
	        Index Cond: (id = 4806368)

table 4 : explain UPDATE sbtest4 SET c='foobar' WHERE id=314924
	Update on sbtest4  (cost=0.43..8.45 rows=1 width=559)
	  ->  Index Scan using sbtest4_pkey on sbtest4  (cost=0.43..8.45 rows=1 width=559)
	        Index Cond: (id = 314924)

table 5 : explain UPDATE sbtest5 SET c='foobar' WHERE id=5648446
	Update on sbtest5  (cost=0.43..8.45 rows=1 width=559)
	  ->  Index Scan using sbtest5_pkey on sbtest5  (cost=0.43..8.45 rows=1 width=559)
	        Index Cond: (id = 5648446)

table 6 : explain UPDATE sbtest6 SET c='foobar' WHERE id=6715422
	Update on sbtest6  (cost=0.43..8.45 rows=1 width=559)
	  ->  Index Scan using sbtest6_pkey on sbtest6  (cost=0.43..8.45 rows=1 width=559)
	        Index Cond: (id = 6715422)

table 7 : explain UPDATE sbtest7 SET c='foobar' WHERE id=1042820
	Update on sbtest7  (cost=0.43..8.45 rows=1 width=559)
	  ->  Index Scan using sbtest7_pkey on sbtest7  (cost=0.43..8.45 rows=1 width=559)
	        Index Cond: (id = 1042820)

table 8 : explain UPDATE sbtest8 SET c='foobar' WHERE id=9376975
	Update on sbtest8  (cost=0.43..8.45 rows=1 width=559)
	  ->  Index Scan using sbtest8_pkey on sbtest8  (cost=0.43..8.45 rows=1 width=559)
	        Index Cond: (id = 9376975)

explain: for deletes :: explain DELETE FROM sbtest%u WHERE id=%u
for deletes
table 1 : explain DELETE FROM sbtest1 WHERE id=8942631
	Delete on sbtest1  (cost=0.43..8.45 rows=1 width=6)
	  ->  Index Scan using sbtest1_pkey on sbtest1  (cost=0.43..8.45 rows=1 width=6)
	        Index Cond: (id = 8942631)

table 2 : explain DELETE FROM sbtest2 WHERE id=485207
	Delete on sbtest2  (cost=0.43..8.45 rows=1 width=6)
	  ->  Index Scan using sbtest2_pkey on sbtest2  (cost=0.43..8.45 rows=1 width=6)
	        Index Cond: (id = 485207)

table 3 : explain DELETE FROM sbtest3 WHERE id=9391893
	Delete on sbtest3  (cost=0.43..8.45 rows=1 width=6)
	  ->  Index Scan using sbtest3_pkey on sbtest3  (cost=0.43..8.45 rows=1 width=6)
	        Index Cond: (id = 9391893)

table 4 : explain DELETE FROM sbtest4 WHERE id=6248720
	Delete on sbtest4  (cost=0.43..8.45 rows=1 width=6)
	  ->  Index Scan using sbtest4_pkey on sbtest4  (cost=0.43..8.45 rows=1 width=6)
	        Index Cond: (id = 6248720)

table 5 : explain DELETE FROM sbtest5 WHERE id=5287432
	Delete on sbtest5  (cost=0.43..8.45 rows=1 width=6)
	  ->  Index Scan using sbtest5_pkey on sbtest5  (cost=0.43..8.45 rows=1 width=6)
	        Index Cond: (id = 5287432)

table 6 : explain DELETE FROM sbtest6 WHERE id=1715657
	Delete on sbtest6  (cost=0.43..8.45 rows=1 width=6)
	  ->  Index Scan using sbtest6_pkey on sbtest6  (cost=0.43..8.45 rows=1 width=6)
	        Index Cond: (id = 1715657)

table 7 : explain DELETE FROM sbtest7 WHERE id=6208614
	Delete on sbtest7  (cost=0.43..8.45 rows=1 width=6)
	  ->  Index Scan using sbtest7_pkey on sbtest7  (cost=0.43..8.45 rows=1 width=6)
	        Index Cond: (id = 6208614)

table 8 : explain DELETE FROM sbtest8 WHERE id=5552085
	Delete on sbtest8  (cost=0.43..8.45 rows=1 width=6)
	  ->  Index Scan using sbtest8_pkey on sbtest8  (cost=0.43..8.45 rows=1 width=6)
	        Index Cond: (id = 5552085)

for deletes
table 1 : explain DELETE FROM sbtest1 WHERE id=7238947
	Delete on sbtest1  (cost=0.43..8.45 rows=1 width=6)
	  ->  Index Scan using sbtest1_pkey on sbtest1  (cost=0.43..8.45 rows=1 width=6)
	        Index Cond: (id = 7238947)

table 2 : explain DELETE FROM sbtest2 WHERE id=2556566
	Delete on sbtest2  (cost=0.43..8.45 rows=1 width=6)
	  ->  Index Scan using sbtest2_pkey on sbtest2  (cost=0.43..8.45 rows=1 width=6)
	        Index Cond: (id = 2556566)

table 3 : explain DELETE FROM sbtest3 WHERE id=1969188
	Delete on sbtest3  (cost=0.43..8.45 rows=1 width=6)
	  ->  Index Scan using sbtest3_pkey on sbtest3  (cost=0.43..8.45 rows=1 width=6)
	        Index Cond: (id = 1969188)

table 4 : explain DELETE FROM sbtest4 WHERE id=4649792
	Delete on sbtest4  (cost=0.43..8.45 rows=1 width=6)
	  ->  Index Scan using sbtest4_pkey on sbtest4  (cost=0.43..8.45 rows=1 width=6)
	        Index Cond: (id = 4649792)

table 5 : explain DELETE FROM sbtest5 WHERE id=3331249
	Delete on sbtest5  (cost=0.43..8.45 rows=1 width=6)
	  ->  Index Scan using sbtest5_pkey on sbtest5  (cost=0.43..8.45 rows=1 width=6)
	        Index Cond: (id = 3331249)

table 6 : explain DELETE FROM sbtest6 WHERE id=7789031
	Delete on sbtest6  (cost=0.43..8.45 rows=1 width=6)
	  ->  Index Scan using sbtest6_pkey on sbtest6  (cost=0.43..8.45 rows=1 width=6)
	        Index Cond: (id = 7789031)

table 7 : explain DELETE FROM sbtest7 WHERE id=8231226
	Delete on sbtest7  (cost=0.43..8.45 rows=1 width=6)
	  ->  Index Scan using sbtest7_pkey on sbtest7  (cost=0.43..8.45 rows=1 width=6)
	        Index Cond: (id = 8231226)

table 8 : explain DELETE FROM sbtest8 WHERE id=7130350
	Delete on sbtest8  (cost=0.43..8.45 rows=1 width=6)
	  ->  Index Scan using sbtest8_pkey on sbtest8  (cost=0.43..8.45 rows=1 width=6)
	        Index Cond: (id = 7130350)

explain: for inserts :: explain INSERT INTO sbtest%u (id, k, c, pad) VALUES (%u, 13, 'foobar', 'foobar')
explain: for inserts :: explain INSERT INTO sbtest%u (id, k, c, pad) VALUES (%u, 13, 'foobar', 'foobar')
for inserts
table 1 : explain INSERT INTO sbtest1 (id, k, c, pad) VALUES (2763928, 13, 'foobar', 'foobar')
	Insert on sbtest1  (cost=0.00..0.01 rows=1 width=736)
	  ->  Result  (cost=0.00..0.01 rows=1 width=736)

table 2 : explain INSERT INTO sbtest2 (id, k, c, pad) VALUES (2262432, 13, 'foobar', 'foobar')
	Insert on sbtest2  (cost=0.00..0.01 rows=1 width=736)
	  ->  Result  (cost=0.00..0.01 rows=1 width=736)

table 3 : explain INSERT INTO sbtest3 (id, k, c, pad) VALUES (8576432, 13, 'foobar', 'foobar')
	Insert on sbtest3  (cost=0.00..0.01 rows=1 width=736)
	  ->  Result  (cost=0.00..0.01 rows=1 width=736)

table 4 : explain INSERT INTO sbtest4 (id, k, c, pad) VALUES (3687283, 13, 'foobar', 'foobar')
	Insert on sbtest4  (cost=0.00..0.01 rows=1 width=736)
	  ->  Result  (cost=0.00..0.01 rows=1 width=736)

table 5 : explain INSERT INTO sbtest5 (id, k, c, pad) VALUES (1859185, 13, 'foobar', 'foobar')
	Insert on sbtest5  (cost=0.00..0.01 rows=1 width=736)
	  ->  Result  (cost=0.00..0.01 rows=1 width=736)

table 6 : explain INSERT INTO sbtest6 (id, k, c, pad) VALUES (7072566, 13, 'foobar', 'foobar')
	Insert on sbtest6  (cost=0.00..0.01 rows=1 width=736)
	  ->  Result  (cost=0.00..0.01 rows=1 width=736)

table 7 : explain INSERT INTO sbtest7 (id, k, c, pad) VALUES (5539840, 13, 'foobar', 'foobar')
	Insert on sbtest7  (cost=0.00..0.01 rows=1 width=736)
	  ->  Result  (cost=0.00..0.01 rows=1 width=736)

table 8 : explain INSERT INTO sbtest8 (id, k, c, pad) VALUES (5934802, 13, 'foobar', 'foobar')
	Insert on sbtest8  (cost=0.00..0.01 rows=1 width=736)
	  ->  Result  (cost=0.00..0.01 rows=1 width=736)

for inserts
table 1 : explain INSERT INTO sbtest1 (id, k, c, pad) VALUES (2671757, 13, 'foobar', 'foobar')
	Insert on sbtest1  (cost=0.00..0.01 rows=1 width=736)
	  ->  Result  (cost=0.00..0.01 rows=1 width=736)

table 2 : explain INSERT INTO sbtest2 (id, k, c, pad) VALUES (1013291, 13, 'foobar', 'foobar')
	Insert on sbtest2  (cost=0.00..0.01 rows=1 width=736)
	  ->  Result  (cost=0.00..0.01 rows=1 width=736)

table 3 : explain INSERT INTO sbtest3 (id, k, c, pad) VALUES (419793, 13, 'foobar', 'foobar')
	Insert on sbtest3  (cost=0.00..0.01 rows=1 width=736)
	  ->  Result  (cost=0.00..0.01 rows=1 width=736)

table 4 : explain INSERT INTO sbtest4 (id, k, c, pad) VALUES (5549838, 13, 'foobar', 'foobar')
	Insert on sbtest4  (cost=0.00..0.01 rows=1 width=736)
	  ->  Result  (cost=0.00..0.01 rows=1 width=736)

table 5 : explain INSERT INTO sbtest5 (id, k, c, pad) VALUES (1694288, 13, 'foobar', 'foobar')
	Insert on sbtest5  (cost=0.00..0.01 rows=1 width=736)
	  ->  Result  (cost=0.00..0.01 rows=1 width=736)

table 6 : explain INSERT INTO sbtest6 (id, k, c, pad) VALUES (1156989, 13, 'foobar', 'foobar')
	Insert on sbtest6  (cost=0.00..0.01 rows=1 width=736)
	  ->  Result  (cost=0.00..0.01 rows=1 width=736)

table 7 : explain INSERT INTO sbtest7 (id, k, c, pad) VALUES (7631935, 13, 'foobar', 'foobar')
	Insert on sbtest7  (cost=0.00..0.01 rows=1 width=736)
	  ->  Result  (cost=0.00..0.01 rows=1 width=736)

table 8 : explain INSERT INTO sbtest8 (id, k, c, pad) VALUES (5127510, 13, 'foobar', 'foobar')
	Insert on sbtest8  (cost=0.00..0.01 rows=1 width=736)
	  ->  Result  (cost=0.00..0.01 rows=1 width=736)

Threads started!

Warming up for 5 seconds...

SQL statistics:
    queries performed:
        read:                            0
        write:                           193763481
        other:                           96881766
        total:                           290645247
    transactions:                        48440884 (76888.22 per sec.)
    queries:                             290645247 (461329.23 per sec.)
    ignored errors:                      8      (0.01 per sec.)
    reconnects:                          0      (0.00 per sec.)

Throughput:
    events/s (eps):                      76888.2194
    time elapsed:                        630.0171s
    total number of events:              48440884

Latency (ms):
         min:                                    0.22
         avg:                                    0.52
         max:                                   34.14
         95th percentile:                        0.97
         sum:                             25161244.97

Threads fairness:
    events (avg/stddev):           1211021.6500/8590.08
    execution time (avg/stddev):   629.0311/0.02

