LUA_PATH=/home/mdcallag/git/mytools/bench/sysbench.lua/lua/?.lua /home/mdcallag/git/mytools/bench/sysbench.lua/lua/sysbench --db-driver=pgsql --range-size=1000 --table-size=10000000 --tables=8 --threads=40 --events=0 --warmup-time=5 --time=630 --pgsql_conn_id=true /home/mdcallag/git/mytools/bench/sysbench.lua/lua/oltp_read_only.lua run --pgsql-user=root --pgsql-password=pw --pgsql-host=127.0.0.1 --pgsql-db=ib --rand-type=uniform --simple-ranges=0 --sum-ranges=0 --order-ranges=0 --distinct-ranges=1
48 CPUs
sysbench 1.1.0-9072687 (using bundled LuaJIT 2.1.0-beta3)

Running the test with following options:
Number of threads: 40
Warmup time: 5s
Initializing random number generator from current time


Initializing worker threads...

explain: for point_selects :: explain SELECT c FROM sbtest%u WHERE id=%u
explain: for point_selects :: explain SELECT c FROM sbtest%u WHERE id=%u
explain: for point_selects :: explain SELECT c FROM sbtest%u WHERE id=%u
explain: for point_selects :: explain SELECT c FROM sbtest%u WHERE id=%u
for point_selects
table 1 : explain SELECT c FROM sbtest1 WHERE id=9411005
	Index Scan using sbtest1_pkey on sbtest1  (cost=0.43..8.45 rows=1 width=121)
	  Index Cond: (id = 9411005)

table 2 : explain SELECT c FROM sbtest2 WHERE id=9499406
	Index Scan using sbtest2_pkey on sbtest2  (cost=0.43..8.45 rows=1 width=121)
	  Index Cond: (id = 9499406)

table 3 : explain SELECT c FROM sbtest3 WHERE id=7724102
	Index Scan using sbtest3_pkey on sbtest3  (cost=0.43..8.45 rows=1 width=121)
	  Index Cond: (id = 7724102)

table 4 : explain SELECT c FROM sbtest4 WHERE id=1232013
	Index Scan using sbtest4_pkey on sbtest4  (cost=0.43..8.45 rows=1 width=121)
	  Index Cond: (id = 1232013)

table 5 : explain SELECT c FROM sbtest5 WHERE id=6763474
	Index Scan using sbtest5_pkey on sbtest5  (cost=0.43..8.45 rows=1 width=121)
	  Index Cond: (id = 6763474)

table 6 : explain SELECT c FROM sbtest6 WHERE id=1109605
	Index Scan using sbtest6_pkey on sbtest6  (cost=0.43..8.45 rows=1 width=121)
	  Index Cond: (id = 1109605)

table 7 : explain SELECT c FROM sbtest7 WHERE id=7924557
	Index Scan using sbtest7_pkey on sbtest7  (cost=0.43..8.45 rows=1 width=121)
	  Index Cond: (id = 7924557)

table 8 : explain SELECT c FROM sbtest8 WHERE id=9404288
	Index Scan using sbtest8_pkey on sbtest8  (cost=0.43..8.45 rows=1 width=121)
	  Index Cond: (id = 9404288)

for point_selects
table 1 : explain SELECT c FROM sbtest1 WHERE id=397187
	Index Scan using sbtest1_pkey on sbtest1  (cost=0.43..8.45 rows=1 width=121)
	  Index Cond: (id = 397187)

table 2 : explain SELECT c FROM sbtest2 WHERE id=4711236
	Index Scan using sbtest2_pkey on sbtest2  (cost=0.43..8.45 rows=1 width=121)
	  Index Cond: (id = 4711236)

table 3 : explain SELECT c FROM sbtest3 WHERE id=6666121
	Index Scan using sbtest3_pkey on sbtest3  (cost=0.43..8.45 rows=1 width=121)
	  Index Cond: (id = 6666121)

table 4 : explain SELECT c FROM sbtest4 WHERE id=1163680
	Index Scan using sbtest4_pkey on sbtest4  (cost=0.43..8.45 rows=1 width=121)
	  Index Cond: (id = 1163680)

table 5 : explain SELECT c FROM sbtest5 WHERE id=4117995
	Index Scan using sbtest5_pkey on sbtest5  (cost=0.43..8.45 rows=1 width=121)
	  Index Cond: (id = 4117995)

table 6 : explain SELECT c FROM sbtest6 WHERE id=4427395
	Index Scan using sbtest6_pkey on sbtest6  (cost=0.43..8.45 rows=1 width=121)
	  Index Cond: (id = 4427395)

table 7 : explain SELECT c FROM sbtest7 WHERE id=6284258
	Index Scan using sbtest7_pkey on sbtest7  (cost=0.43..8.45 rows=1 width=121)
	  Index Cond: (id = 6284258)

table 8 : explain SELECT c FROM sbtest8 WHERE id=5034006
	Index Scan using sbtest8_pkey on sbtest8  (cost=0.43..8.45 rows=1 width=121)
	  Index Cond: (id = 5034006)

for: simple_ranges
table 1 : explain SELECT c FROM sbtest1 WHERE id BETWEEN 7146592 AND 7147591
	Bitmap Heap Scan on sbtest1  (cost=35.00..3991.87 rows=1031 width=121)
	  Recheck Cond: ((id >= 7146592) AND (id <= 7147591))
	  ->  Bitmap Index Scan on sbtest1_pkey  (cost=0.00..34.75 rows=1031 width=0)
	        Index Cond: ((id >= 7146592) AND (id <= 7147591))

table 2 : explain SELECT c FROM sbtest2 WHERE id BETWEEN 4880543 AND 4881542
	Bitmap Heap Scan on sbtest2  (cost=35.13..4041.39 rows=1043 width=121)
	  Recheck Cond: ((id >= 4880543) AND (id <= 4881542))
	  ->  Bitmap Index Scan on sbtest2_pkey  (cost=0.00..34.87 rows=1043 width=0)
	        Index Cond: ((id >= 4880543) AND (id <= 4881542))

table 3 : explain SELECT c FROM sbtest3 WHERE id BETWEEN 493940 AND 494939
	Bitmap Heap Scan on sbtest3  (cost=34.06..3647.82 rows=939 width=121)
	  Recheck Cond: ((id >= 493940) AND (id <= 494939))
	  ->  Bitmap Index Scan on sbtest3_pkey  (cost=0.00..33.83 rows=939 width=0)
	        Index Cond: ((id >= 493940) AND (id <= 494939))

table 4 : explain SELECT c FROM sbtest4 WHERE id BETWEEN 8030870 AND 8031869
	Index Scan using sbtest4_pkey on sbtest4  (cost=0.43..4482.01 rows=1147 width=121)
	  Index Cond: ((id >= 8030870) AND (id <= 8031869))

table 5 : explain SELECT c FROM sbtest5 WHERE id BETWEEN 9666822 AND 9667821
	Bitmap Heap Scan on sbtest5  (cost=34.83..3934.43 rows=1014 width=121)
	  Recheck Cond: ((id >= 9666822) AND (id <= 9667821))
	  ->  Bitmap Index Scan on sbtest5_pkey  (cost=0.00..34.58 rows=1014 width=0)
	        Index Cond: ((id >= 9666822) AND (id <= 9667821))

table 6 : explain SELECT c FROM sbtest6 WHERE id BETWEEN 6585931 AND 6586930
	Bitmap Heap Scan on sbtest6  (cost=35.55..4199.04 rows=1084 width=121)
	  Recheck Cond: ((id >= 6585931) AND (id <= 6586930))
	  ->  Bitmap Index Scan on sbtest6_pkey  (cost=0.00..35.28 rows=1084 width=0)
	        Index Cond: ((id >= 6585931) AND (id <= 6586930))

table 7 : explain SELECT c FROM sbtest7 WHERE id BETWEEN 4534108 AND 4535107
	Index Scan using sbtest7_pkey on sbtest7  (cost=0.43..3876.61 rows=989 width=121)
	  Index Cond: ((id >= 4534108) AND (id <= 4535107))

table 8 : explain SELECT c FROM sbtest8 WHERE id BETWEEN 7736935 AND 7737934
	Index Scan using sbtest8_pkey on sbtest8  (cost=0.43..3764.14 rows=959 width=121)
	  Index Cond: ((id >= 7736935) AND (id <= 7737934))

explain: for point_selects :: explain SELECT c FROM sbtest%u WHERE id=%u
for: simple_ranges
table 1 : explain SELECT c FROM sbtest1 WHERE id BETWEEN 2896543 AND 2897542
	Bitmap Heap Scan on sbtest1  (cost=34.64..3860.01 rows=996 width=121)
	  Recheck Cond: ((id >= 2896543) AND (id <= 2897542))
	  ->  Bitmap Index Scan on sbtest1_pkey  (cost=0.00..34.40 rows=996 width=0)
	        Index Cond: ((id >= 2896543) AND (id <= 2897542))

table 2 : explain SELECT c FROM sbtest2 WHERE id BETWEEN 686409 AND 687408
	Bitmap Heap Scan on sbtest2  (cost=34.43..3784.75 rows=975 width=121)
	  Recheck Cond: ((id >= 686409) AND (id <= 687408))
	  ->  Bitmap Index Scan on sbtest2_pkey  (cost=0.00..34.19 rows=975 width=0)
	        Index Cond: ((id >= 686409) AND (id <= 687408))

table 3 : explain SELECT c FROM sbtest3 WHERE id BETWEEN 9939823 AND 9940822
	Bitmap Heap Scan on sbtest3  (cost=35.26..4089.40 rows=1056 width=121)
	  Recheck Cond: ((id >= 9939823) AND (id <= 9940822))
	  ->  Bitmap Index Scan on sbtest3_pkey  (cost=0.00..35.00 rows=1056 width=0)
	        Index Cond: ((id >= 9939823) AND (id <= 9940822))

table 4 : explain SELECT c FROM sbtest4 WHERE id BETWEEN 1830620 AND 1831619
	Index Scan using sbtest4_pkey on sbtest4  (cost=0.43..4439.24 rows=1136 width=121)
	  Index Cond: ((id >= 1830620) AND (id <= 1831619))

table 5 : explain SELECT c FROM sbtest5 WHERE id BETWEEN 2835425 AND 2836424
	Bitmap Heap Scan on sbtest5  (cost=40.24..4458.53 rows=1152 width=121)
	  Recheck Cond: ((id >= 2835425) AND (id <= 2836424))
	  ->  Bitmap Index Scan on sbtest5_pkey  (cost=0.00..39.95 rows=1152 width=0)
	        Index Cond: ((id >= 2835425) AND (id <= 2836424))

table 6 : explain SELECT c FROM sbtest6 WHERE id BETWEEN 1779642 AND 1780641
	Bitmap Heap Scan on sbtest6  (cost=34.47..3802.60 rows=979 width=121)
	  Recheck Cond: ((id >= 1779642) AND (id <= 1780641))
	  ->  Bitmap Index Scan on sbtest6_pkey  (cost=0.00..34.23 rows=979 width=0)
	        Index Cond: ((id >= 1779642) AND (id <= 1780641))

table 7 : explain SELECT c FROM sbtest7 WHERE id BETWEEN 7963231 AND 7964230
	Bitmap Heap Scan on sbtest7  (cost=35.38..4138.95 rows=1068 width=121)
	  Recheck Cond: ((id >= 7963231) AND (id <= 7964230))
	  ->  Bitmap Index Scan on sbtest7_pkey  (cost=0.00..35.12 rows=1068 width=0)
	        Index Cond: ((id >= 7963231) AND (id <= 7964230))

table 8 : explain SELECT c FROM sbtest8 WHERE id BETWEEN 6773607 AND 6774606
	Bitmap Heap Scan on sbtest8  (cost=34.63..3863.23 rows=995 width=121)
	  Recheck Cond: ((id >= 6773607) AND (id <= 6774606))
	  ->  Bitmap Index Scan on sbtest8_pkey  (cost=0.00..34.39 rows=995 width=0)
	        Index Cond: ((id >= 6773607) AND (id <= 6774606))

explain: for point_selects :: explain SELECT c FROM sbtest%u WHERE id=%u
for point_selects
table 1 : explain SELECT c FROM sbtest1 WHERE id=1215969
	Index Scan using sbtest1_pkey on sbtest1  (cost=0.43..8.45 rows=1 width=121)
	  Index Cond: (id = 1215969)

table 2 : explain SELECT c FROM sbtest2 WHERE id=3912401
	Index Scan using sbtest2_pkey on sbtest2  (cost=0.43..8.45 rows=1 width=121)
	  Index Cond: (id = 3912401)

table 3 : explain SELECT c FROM sbtest3 WHERE id=1327048
	Index Scan using sbtest3_pkey on sbtest3  (cost=0.43..8.45 rows=1 width=121)
	  Index Cond: (id = 1327048)

table 4 : explain SELECT c FROM sbtest4 WHERE id=521479
	Index Scan using sbtest4_pkey on sbtest4  (cost=0.43..8.45 rows=1 width=121)
	  Index Cond: (id = 521479)

table 5 : explain SELECT c FROM sbtest5 WHERE id=5956100
	Index Scan using sbtest5_pkey on sbtest5  (cost=0.43..8.45 rows=1 width=121)
	  Index Cond: (id = 5956100)

table 6 : explain SELECT c FROM sbtest6 WHERE id=4042117
	Index Scan using sbtest6_pkey on sbtest6  (cost=0.43..8.45 rows=1 width=121)
	  Index Cond: (id = 4042117)

table 7 : explain SELECT c FROM sbtest7 WHERE id=8918560
	Index Scan using sbtest7_pkey on sbtest7  (cost=0.43..8.45 rows=1 width=121)
	  Index Cond: (id = 8918560)

table 8 : explain SELECT c FROM sbtest8 WHERE id=7257276
	Index Scan using sbtest8_pkey on sbtest8  (cost=0.43..8.45 rows=1 width=121)
	  Index Cond: (id = 7257276)

for point_selects
table 1 : explain SELECT c FROM sbtest1 WHERE id=8899420
	Index Scan using sbtest1_pkey on sbtest1  (cost=0.43..8.45 rows=1 width=121)
	  Index Cond: (id = 8899420)

table 2 : explain SELECT c FROM sbtest2 WHERE id=3743626
	Index Scan using sbtest2_pkey on sbtest2  (cost=0.43..8.45 rows=1 width=121)
	  Index Cond: (id = 3743626)

table 3 : explain SELECT c FROM sbtest3 WHERE id=6299839
	Index Scan using sbtest3_pkey on sbtest3  (cost=0.43..8.45 rows=1 width=121)
	  Index Cond: (id = 6299839)

table 4 : explain SELECT c FROM sbtest4 WHERE id=8445059
	Index Scan using sbtest4_pkey on sbtest4  (cost=0.43..8.45 rows=1 width=121)
	  Index Cond: (id = 8445059)

table 5 : explain SELECT c FROM sbtest5 WHERE id=5100399
	Index Scan using sbtest5_pkey on sbtest5  (cost=0.43..8.45 rows=1 width=121)
	  Index Cond: (id = 5100399)

table 6 : explain SELECT c FROM sbtest6 WHERE id=7360311
	Index Scan using sbtest6_pkey on sbtest6  (cost=0.43..8.45 rows=1 width=121)
	  Index Cond: (id = 7360311)

table 7 : explain SELECT c FROM sbtest7 WHERE id=93980
	Index Scan using sbtest7_pkey on sbtest7  (cost=0.43..8.45 rows=1 width=121)
	  Index Cond: (id = 93980)

table 8 : explain SELECT c FROM sbtest8 WHERE id=5242593
	Index Scan using sbtest8_pkey on sbtest8  (cost=0.43..8.45 rows=1 width=121)
	  Index Cond: (id = 5242593)

explain: for point_selects :: explain SELECT c FROM sbtest%u WHERE id=%u
explain: for point_selects :: explain SELECT c FROM sbtest%u WHERE id=%u
for: simple_ranges
table 1 : explain SELECT c FROM sbtest1 WHERE id BETWEEN 5058070 AND 5059069
	Bitmap Heap Scan on sbtest1  (cost=34.86..3939.14 rows=1017 width=121)
	  Recheck Cond: ((id >= 5058070) AND (id <= 5059069))
	  ->  Bitmap Index Scan on sbtest1_pkey  (cost=0.00..34.61 rows=1017 width=0)
	        Index Cond: ((id >= 5058070) AND (id <= 5059069))

table 2 : explain SELECT c FROM sbtest2 WHERE id BETWEEN 742088 AND 743087
	Bitmap Heap Scan on sbtest2  (cost=34.78..3913.14 rows=1009 width=121)
	  Recheck Cond: ((id >= 742088) AND (id <= 743087))
	  ->  Bitmap Index Scan on sbtest2_pkey  (cost=0.00..34.53 rows=1009 width=0)
	        Index Cond: ((id >= 742088) AND (id <= 743087))

table 3 : explain SELECT c FROM sbtest3 WHERE id BETWEEN 3862145 AND 3863144
	Bitmap Heap Scan on sbtest3  (cost=40.23..4446.99 rows=1151 width=121)
	  Recheck Cond: ((id >= 3862145) AND (id <= 3863144))
	  ->  Bitmap Index Scan on sbtest3_pkey  (cost=0.00..39.95 rows=1151 width=0)
	        Index Cond: ((id >= 3862145) AND (id <= 3863144))

table 4 : explain SELECT c FROM sbtest4 WHERE id BETWEEN 8477069 AND 8478068
	Index Scan using sbtest4_pkey on sbtest4  (cost=0.43..4186.53 rows=1072 width=121)
	  Index Cond: ((id >= 8477069) AND (id <= 8478068))

table 5 : explain SELECT c FROM sbtest5 WHERE id BETWEEN 919783 AND 920782
	Bitmap Heap Scan on sbtest5  (cost=34.23..3715.16 rows=956 width=121)
	  Recheck Cond: ((id >= 919783) AND (id <= 920782))
	  ->  Bitmap Index Scan on sbtest5_pkey  (cost=0.00..34.00 rows=956 width=0)
	        Index Cond: ((id >= 919783) AND (id <= 920782))

table 6 : explain SELECT c FROM sbtest6 WHERE id BETWEEN 7976340 AND 7977339
	Bitmap Heap Scan on sbtest6  (cost=35.07..4025.53 rows=1038 width=121)
	  Recheck Cond: ((id >= 7976340) AND (id <= 7977339))
	  ->  Bitmap Index Scan on sbtest6_pkey  (cost=0.00..34.82 rows=1038 width=0)
	        Index Cond: ((id >= 7976340) AND (id <= 7977339))

table 7 : explain SELECT c FROM sbtest7 WHERE id BETWEEN 6547933 AND 6548932
	Bitmap Heap Scan on sbtest7  (cost=35.42..4154.03 rows=1072 width=121)
	  Recheck Cond: ((id >= 6547933) AND (id <= 6548932))
	  ->  Bitmap Index Scan on sbtest7_pkey  (cost=0.00..35.16 rows=1072 width=0)
	        Index Cond: ((id >= 6547933) AND (id <= 6548932))

table 8 : explain SELECT c FROM sbtest8 WHERE id BETWEEN 3985362 AND 3986361
	Bitmap Heap Scan on sbtest8  (cost=35.32..4116.23 rows=1062 width=121)
	  Recheck Cond: ((id >= 3985362) AND (id <= 3986361))
	  ->  Bitmap Index Scan on sbtest8_pkey  (cost=0.00..35.06 rows=1062 width=0)
	        Index Cond: ((id >= 3985362) AND (id <= 3986361))

explain: for point_selects :: explain SELECT c FROM sbtest%u WHERE id=%u
for: simple_ranges
table 1 : explain SELECT c FROM sbtest1 WHERE id BETWEEN 2568911 AND 2569910
	Bitmap Heap Scan on sbtest1  (cost=34.64..3860.01 rows=996 width=121)
	  Recheck Cond: ((id >= 2568911) AND (id <= 2569910))
	  ->  Bitmap Index Scan on sbtest1_pkey  (cost=0.00..34.40 rows=996 width=0)
	        Index Cond: ((id >= 2568911) AND (id <= 2569910))

table 2 : explain SELECT c FROM sbtest2 WHERE id BETWEEN 580628 AND 581627
	Bitmap Heap Scan on sbtest2  (cost=35.46..4165.73 rows=1076 width=121)
	  Recheck Cond: ((id >= 580628) AND (id <= 581627))
	  ->  Bitmap Index Scan on sbtest2_pkey  (cost=0.00..35.20 rows=1076 width=0)
	        Index Cond: ((id >= 580628) AND (id <= 581627))

table 3 : explain SELECT c FROM sbtest3 WHERE id BETWEEN 4128860 AND 4129859
	Bitmap Heap Scan on sbtest3  (cost=34.87..3946.17 rows=1018 width=121)
	  Recheck Cond: ((id >= 4128860) AND (id <= 4129859))
	  ->  Bitmap Index Scan on sbtest3_pkey  (cost=0.00..34.62 rows=1018 width=0)
	        Index Cond: ((id >= 4128860) AND (id <= 4129859))

table 4 : explain SELECT c FROM sbtest4 WHERE id BETWEEN 8872077 AND 8873076
	Index Scan using sbtest4_pkey on sbtest4  (cost=0.43..3560.89 rows=911 width=121)
	  Index Cond: ((id >= 8872077) AND (id <= 8873076))

table 5 : explain SELECT c FROM sbtest5 WHERE id BETWEEN 955489 AND 956488
	Bitmap Heap Scan on sbtest5  (cost=34.23..3715.16 rows=956 width=121)
	  Recheck Cond: ((id >= 955489) AND (id <= 956488))
	  ->  Bitmap Index Scan on sbtest5_pkey  (cost=0.00..34.00 rows=956 width=0)
	        Index Cond: ((id >= 955489) AND (id <= 956488))

table 6 : explain SELECT c FROM sbtest6 WHERE id BETWEEN 5072360 AND 5073359
	Bitmap Heap Scan on sbtest6  (cost=34.77..3912.23 rows=1008 width=121)
	  Recheck Cond: ((id >= 5072360) AND (id <= 5073359))
	  ->  Bitmap Index Scan on sbtest6_pkey  (cost=0.00..34.52 rows=1008 width=0)
	        Index Cond: ((id >= 5072360) AND (id <= 5073359))

table 7 : explain SELECT c FROM sbtest7 WHERE id BETWEEN 5254379 AND 5255378
	Index Scan using sbtest7_pkey on sbtest7  (cost=0.43..3985.78 rows=1017 width=121)
	  Index Cond: ((id >= 5254379) AND (id <= 5255378))

table 8 : explain SELECT c FROM sbtest8 WHERE id BETWEEN 3566423 AND 3567422
	Bitmap Heap Scan on sbtest8  (cost=40.01..4372.70 rows=1129 width=121)
	  Recheck Cond: ((id >= 3566423) AND (id <= 3567422))
	  ->  Bitmap Index Scan on sbtest8_pkey  (cost=0.00..39.73 rows=1129 width=0)
	        Index Cond: ((id >= 3566423) AND (id <= 3567422))

for point_selects
table 1 : explain SELECT c FROM sbtest1 WHERE id=5145016
	Index Scan using sbtest1_pkey on sbtest1  (cost=0.43..8.45 rows=1 width=121)
	  Index Cond: (id = 5145016)

table 2 : explain SELECT c FROM sbtest2 WHERE id=8982084
	Index Scan using sbtest2_pkey on sbtest2  (cost=0.43..8.45 rows=1 width=121)
	  Index Cond: (id = 8982084)

table 3 : explain SELECT c FROM sbtest3 WHERE id=2837847
	Index Scan using sbtest3_pkey on sbtest3  (cost=0.43..8.45 rows=1 width=121)
	  Index Cond: (id = 2837847)

table 4 : explain SELECT c FROM sbtest4 WHERE id=4783705
	Index Scan using sbtest4_pkey on sbtest4  (cost=0.43..8.45 rows=1 width=121)
	  Index Cond: (id = 4783705)

table 5 : explain SELECT c FROM sbtest5 WHERE id=4044097
	Index Scan using sbtest5_pkey on sbtest5  (cost=0.43..8.45 rows=1 width=121)
	  Index Cond: (id = 4044097)

table 6 : explain SELECT c FROM sbtest6 WHERE id=9456224
	Index Scan using sbtest6_pkey on sbtest6  (cost=0.43..8.45 rows=1 width=121)
	  Index Cond: (id = 9456224)

table 7 : explain SELECT c FROM sbtest7 WHERE id=2686186
	Index Scan using sbtest7_pkey on sbtest7  (cost=0.43..8.45 rows=1 width=121)
	  Index Cond: (id = 2686186)

table 8 : explain SELECT c FROM sbtest8 WHERE id=1277376
	Index Scan using sbtest8_pkey on sbtest8  (cost=0.43..8.45 rows=1 width=121)
	  Index Cond: (id = 1277376)

for point_selects
table 1 : explain SELECT c FROM sbtest1 WHERE id=7136207
	Index Scan using sbtest1_pkey on sbtest1  (cost=0.43..8.45 rows=1 width=121)
	  Index Cond: (id = 7136207)

table 2 : explain SELECT c FROM sbtest2 WHERE id=5946333
	Index Scan using sbtest2_pkey on sbtest2  (cost=0.43..8.45 rows=1 width=121)
	  Index Cond: (id = 5946333)

table 3 : explain SELECT c FROM sbtest3 WHERE id=4877861
	Index Scan using sbtest3_pkey on sbtest3  (cost=0.43..8.45 rows=1 width=121)
	  Index Cond: (id = 4877861)

table 4 : explain SELECT c FROM sbtest4 WHERE id=2976992
	Index Scan using sbtest4_pkey on sbtest4  (cost=0.43..8.45 rows=1 width=121)
	  Index Cond: (id = 2976992)

table 5 : explain SELECT c FROM sbtest5 WHERE id=7022942
	Index Scan using sbtest5_pkey on sbtest5  (cost=0.43..8.45 rows=1 width=121)
	  Index Cond: (id = 7022942)

table 6 : explain SELECT c FROM sbtest6 WHERE id=5924773
	Index Scan using sbtest6_pkey on sbtest6  (cost=0.43..8.45 rows=1 width=121)
	  Index Cond: (id = 5924773)

table 7 : explain SELECT c FROM sbtest7 WHERE id=768373
	Index Scan using sbtest7_pkey on sbtest7  (cost=0.43..8.45 rows=1 width=121)
	  Index Cond: (id = 768373)

table 8 : explain SELECT c FROM sbtest8 WHERE id=8965005
	Index Scan using sbtest8_pkey on sbtest8  (cost=0.43..8.45 rows=1 width=121)
	  Index Cond: (id = 8965005)

explain: for point_selects :: explain SELECT c FROM sbtest%u WHERE id=%u
explain: for point_selects :: explain SELECT c FROM sbtest%u WHERE id=%u
for: simple_ranges
table 1 : explain SELECT c FROM sbtest1 WHERE id BETWEEN 2706017 AND 2707016
	Bitmap Heap Scan on sbtest1  (cost=34.21..3701.57 rows=954 width=121)
	  Recheck Cond: ((id >= 2706017) AND (id <= 2707016))
	  ->  Bitmap Index Scan on sbtest1_pkey  (cost=0.00..33.98 rows=954 width=0)
	        Index Cond: ((id >= 2706017) AND (id <= 2707016))

table 2 : explain SELECT c FROM sbtest2 WHERE id BETWEEN 9110675 AND 9111674
	Bitmap Heap Scan on sbtest2  (cost=34.74..3898.05 rows=1005 width=121)
	  Recheck Cond: ((id >= 9110675) AND (id <= 9111674))
	  ->  Bitmap Index Scan on sbtest2_pkey  (cost=0.00..34.48 rows=1005 width=0)
	        Index Cond: ((id >= 9110675) AND (id <= 9111674))

table 3 : explain SELECT c FROM sbtest3 WHERE id BETWEEN 3969630 AND 3970629
	Bitmap Heap Scan on sbtest3  (cost=34.32..3742.32 rows=964 width=121)
	  Recheck Cond: ((id >= 3969630) AND (id <= 3970629))
	  ->  Bitmap Index Scan on sbtest3_pkey  (cost=0.00..34.08 rows=964 width=0)
	        Index Cond: ((id >= 3969630) AND (id <= 3970629))

table 4 : explain SELECT c FROM sbtest4 WHERE id BETWEEN 1374373 AND 1375372
	Index Scan using sbtest4_pkey on sbtest4  (cost=0.43..3980.60 rows=1019 width=121)
	  Index Cond: ((id >= 1374373) AND (id <= 1375372))

table 5 : explain SELECT c FROM sbtest5 WHERE id BETWEEN 2089380 AND 2090379
	Bitmap Heap Scan on sbtest5  (cost=34.95..3979.75 rows=1026 width=121)
	  Recheck Cond: ((id >= 2089380) AND (id <= 2090379))
	  ->  Bitmap Index Scan on sbtest5_pkey  (cost=0.00..34.70 rows=1026 width=0)
	        Index Cond: ((id >= 2089380) AND (id <= 2090379))

table 6 : explain SELECT c FROM sbtest6 WHERE id BETWEEN 4713449 AND 4714448
	Bitmap Heap Scan on sbtest6  (cost=35.29..4104.77 rows=1059 width=121)
	  Recheck Cond: ((id >= 4713449) AND (id <= 4714448))
	  ->  Bitmap Index Scan on sbtest6_pkey  (cost=0.00..35.03 rows=1059 width=0)
	        Index Cond: ((id >= 4713449) AND (id <= 4714448))

table 7 : explain SELECT c FROM sbtest7 WHERE id BETWEEN 5070558 AND 5071557
	Index Scan using sbtest7_pkey on sbtest7  (cost=0.43..3677.76 rows=938 width=121)
	  Index Cond: ((id >= 5070558) AND (id <= 5071557))

table 8 : explain SELECT c FROM sbtest8 WHERE id BETWEEN 3544450 AND 3545449
	Bitmap Heap Scan on sbtest8  (cost=40.01..4372.70 rows=1129 width=121)
	  Recheck Cond: ((id >= 3544450) AND (id <= 3545449))
	  ->  Bitmap Index Scan on sbtest8_pkey  (cost=0.00..39.73 rows=1129 width=0)
	        Index Cond: ((id >= 3544450) AND (id <= 3545449))

for point_selects
table 1 : explain SELECT c FROM sbtest1 WHERE id=5913398
	Index Scan using sbtest1_pkey on sbtest1  (cost=0.43..8.45 rows=1 width=121)
	  Index Cond: (id = 5913398)

table 2 : explain SELECT c FROM sbtest2 WHERE id=6858126
	Index Scan using sbtest2_pkey on sbtest2  (cost=0.43..8.45 rows=1 width=121)
	  Index Cond: (id = 6858126)

table 3 : explain SELECT c FROM sbtest3 WHERE id=4479751
	Index Scan using sbtest3_pkey on sbtest3  (cost=0.43..8.45 rows=1 width=121)
	  Index Cond: (id = 4479751)

table 4 : explain SELECT c FROM sbtest4 WHERE id=1385122
	Index Scan using sbtest4_pkey on sbtest4  (cost=0.43..8.45 rows=1 width=121)
	  Index Cond: (id = 1385122)

table 5 : explain SELECT c FROM sbtest5 WHERE id=7211740
	Index Scan using sbtest5_pkey on sbtest5  (cost=0.43..8.45 rows=1 width=121)
	  Index Cond: (id = 7211740)

table 6 : explain SELECT c FROM sbtest6 WHERE id=9308593
	Index Scan using sbtest6_pkey on sbtest6  (cost=0.43..8.45 rows=1 width=121)
	  Index Cond: (id = 9308593)

table 7 : explain SELECT c FROM sbtest7 WHERE id=6309382
	Index Scan using sbtest7_pkey on sbtest7  (cost=0.43..8.45 rows=1 width=121)
	  Index Cond: (id = 6309382)

table 8 : explain SELECT c FROM sbtest8 WHERE id=4485647
	Index Scan using sbtest8_pkey on sbtest8  (cost=0.43..8.45 rows=1 width=121)
	  Index Cond: (id = 4485647)

for point_selects
table 1 : explain SELECT c FROM sbtest1 WHERE id=9641922
	Index Scan using sbtest1_pkey on sbtest1  (cost=0.43..8.45 rows=1 width=121)
	  Index Cond: (id = 9641922)

table 2 : explain SELECT c FROM sbtest2 WHERE id=2294147
	Index Scan using sbtest2_pkey on sbtest2  (cost=0.43..8.45 rows=1 width=121)
	  Index Cond: (id = 2294147)

table 3 : explain SELECT c FROM sbtest3 WHERE id=8576568
	Index Scan using sbtest3_pkey on sbtest3  (cost=0.43..8.45 rows=1 width=121)
	  Index Cond: (id = 8576568)

table 4 : explain SELECT c FROM sbtest4 WHERE id=4750028
	Index Scan using sbtest4_pkey on sbtest4  (cost=0.43..8.45 rows=1 width=121)
	  Index Cond: (id = 4750028)

table 5 : explain SELECT c FROM sbtest5 WHERE id=2621264
	Index Scan using sbtest5_pkey on sbtest5  (cost=0.43..8.45 rows=1 width=121)
	  Index Cond: (id = 2621264)

table 6 : explain SELECT c FROM sbtest6 WHERE id=3981216
	Index Scan using sbtest6_pkey on sbtest6  (cost=0.43..8.45 rows=1 width=121)
	  Index Cond: (id = 3981216)

table 7 : explain SELECT c FROM sbtest7 WHERE id=449744
	Index Scan using sbtest7_pkey on sbtest7  (cost=0.43..8.45 rows=1 width=121)
	  Index Cond: (id = 449744)

table 8 : explain SELECT c FROM sbtest8 WHERE id=1036965
	Index Scan using sbtest8_pkey on sbtest8  (cost=0.43..8.45 rows=1 width=121)
	  Index Cond: (id = 1036965)

for point_selects
table 1 : explain SELECT c FROM sbtest1 WHERE id=2887814
	Index Scan using sbtest1_pkey on sbtest1  (cost=0.43..8.45 rows=1 width=121)
	  Index Cond: (id = 2887814)

table 2 : explain SELECT c FROM sbtest2 WHERE id=3594641
	Index Scan using sbtest2_pkey on sbtest2  (cost=0.43..8.45 rows=1 width=121)
	  Index Cond: (id = 3594641)

table 3 : explain SELECT c FROM sbtest3 WHERE id=3510136
	Index Scan using sbtest3_pkey on sbtest3  (cost=0.43..8.45 rows=1 width=121)
	  Index Cond: (id = 3510136)

table 4 : explain SELECT c FROM sbtest4 WHERE id=585939
	Index Scan using sbtest4_pkey on sbtest4  (cost=0.43..8.45 rows=1 width=121)
	  Index Cond: (id = 585939)

table 5 : explain SELECT c FROM sbtest5 WHERE id=3287516
	Index Scan using sbtest5_pkey on sbtest5  (cost=0.43..8.45 rows=1 width=121)
	  Index Cond: (id = 3287516)

table 6 : explain SELECT c FROM sbtest6 WHERE id=703229
	Index Scan using sbtest6_pkey on sbtest6  (cost=0.43..8.45 rows=1 width=121)
	  Index Cond: (id = 703229)

table 7 : explain SELECT c FROM sbtest7 WHERE id=2316984
	Index Scan using sbtest7_pkey on sbtest7  (cost=0.43..8.45 rows=1 width=121)
	  Index Cond: (id = 2316984)

table 8 : explain SELECT c FROM sbtest8 WHERE id=3254278
	Index Scan using sbtest8_pkey on sbtest8  (cost=0.43..8.45 rows=1 width=121)
	  Index Cond: (id = 3254278)

for: simple_ranges
table 1 : explain SELECT c FROM sbtest1 WHERE id BETWEEN 4116502 AND 4117501
	Bitmap Heap Scan on sbtest1  (cost=34.06..3644.93 rows=939 width=121)
	  Recheck Cond: ((id >= 4116502) AND (id <= 4117501))
	  ->  Bitmap Index Scan on sbtest1_pkey  (cost=0.00..33.83 rows=939 width=0)
	        Index Cond: ((id >= 4116502) AND (id <= 4117501))

table 2 : explain SELECT c FROM sbtest2 WHERE id BETWEEN 5429079 AND 5430078
	Bitmap Heap Scan on sbtest2  (cost=35.64..4229.73 rows=1093 width=121)
	  Recheck Cond: ((id >= 5429079) AND (id <= 5430078))
	  ->  Bitmap Index Scan on sbtest2_pkey  (cost=0.00..35.37 rows=1093 width=0)
	        Index Cond: ((id >= 5429079) AND (id <= 5430078))

table 3 : explain SELECT c FROM sbtest3 WHERE id BETWEEN 5971543 AND 5972542
	Bitmap Heap Scan on sbtest3  (cost=34.87..3946.17 rows=1018 width=121)
	  Recheck Cond: ((id >= 5971543) AND (id <= 5972542))
	  ->  Bitmap Index Scan on sbtest3_pkey  (cost=0.00..34.62 rows=1018 width=0)
	        Index Cond: ((id >= 5971543) AND (id <= 5972542))

table 4 : explain SELECT c FROM sbtest4 WHERE id BETWEEN 9891783 AND 9892782
	Index Scan using sbtest4_pkey on sbtest4  (cost=0.43..4116.61 rows=1054 width=121)
	  Index Cond: ((id >= 9891783) AND (id <= 9892782))

table 5 : explain SELECT c FROM sbtest5 WHERE id BETWEEN 2198593 AND 2199592
	Bitmap Heap Scan on sbtest5  (cost=35.00..3998.63 rows=1031 width=121)
	  Recheck Cond: ((id >= 2198593) AND (id <= 2199592))
	  ->  Bitmap Index Scan on sbtest5_pkey  (cost=0.00..34.75 rows=1031 width=0)
	        Index Cond: ((id >= 2198593) AND (id <= 2199592))

table 6 : explain SELECT c FROM sbtest6 WHERE id BETWEEN 8042892 AND 8043891
	Bitmap Heap Scan on sbtest6  (cost=34.78..3916.01 rows=1009 width=121)
	  Recheck Cond: ((id >= 8042892) AND (id <= 8043891))
	  ->  Bitmap Index Scan on sbtest6_pkey  (cost=0.00..34.53 rows=1009 width=0)
	        Index Cond: ((id >= 8042892) AND (id <= 8043891))

table 7 : explain SELECT c FROM sbtest7 WHERE id BETWEEN 7566285 AND 7567284
	Bitmap Heap Scan on sbtest7  (cost=39.71..4263.58 rows=1100 width=121)
	  Recheck Cond: ((id >= 7566285) AND (id <= 7567284))
	  ->  Bitmap Index Scan on sbtest7_pkey  (cost=0.00..39.44 rows=1100 width=0)
	        Index Cond: ((id >= 7566285) AND (id <= 7567284))

table 8 : explain SELECT c FROM sbtest8 WHERE id BETWEEN 1301950 AND 1302949
	Bitmap Heap Scan on sbtest8  (cost=34.80..3923.69 rows=1011 width=121)
	  Recheck Cond: ((id >= 1301950) AND (id <= 1302949))
	  ->  Bitmap Index Scan on sbtest8_pkey  (cost=0.00..34.55 rows=1011 width=0)
	        Index Cond: ((id >= 1301950) AND (id <= 1302949))

for: simple_ranges
table 1 : explain SELECT c FROM sbtest1 WHERE id BETWEEN 8550981 AND 8551980
	Bitmap Heap Scan on sbtest1  (cost=34.51..3810.99 rows=983 width=121)
	  Recheck Cond: ((id >= 8550981) AND (id <= 8551980))
	  ->  Bitmap Index Scan on sbtest1_pkey  (cost=0.00..34.27 rows=983 width=0)
	        Index Cond: ((id >= 8550981) AND (id <= 8551980))

table 2 : explain SELECT c FROM sbtest2 WHERE id BETWEEN 3050490 AND 3051489
	Bitmap Heap Scan on sbtest2  (cost=34.64..3864.07 rows=996 width=121)
	  Recheck Cond: ((id >= 3050490) AND (id <= 3051489))
	  ->  Bitmap Index Scan on sbtest2_pkey  (cost=0.00..34.40 rows=996 width=0)
	        Index Cond: ((id >= 3050490) AND (id <= 3051489))

table 3 : explain SELECT c FROM sbtest3 WHERE id BETWEEN 3083183 AND 3084182
	Bitmap Heap Scan on sbtest3  (cost=34.22..3708.31 rows=955 width=121)
	  Recheck Cond: ((id >= 3083183) AND (id <= 3084182))
	  ->  Bitmap Index Scan on sbtest3_pkey  (cost=0.00..33.98 rows=955 width=0)
	        Index Cond: ((id >= 3083183) AND (id <= 3084182))

table 4 : explain SELECT c FROM sbtest4 WHERE id BETWEEN 510632 AND 511631
	Index Scan using sbtest4_pkey on sbtest4  (cost=0.43..3720.21 rows=952 width=121)
	  Index Cond: ((id >= 510632) AND (id <= 511631))

table 5 : explain SELECT c FROM sbtest5 WHERE id BETWEEN 7985167 AND 7986166
	Bitmap Heap Scan on sbtest5  (cost=34.70..3885.32 rows=1001 width=121)
	  Recheck Cond: ((id >= 7985167) AND (id <= 7986166))
	  ->  Bitmap Index Scan on sbtest5_pkey  (cost=0.00..34.45 rows=1001 width=0)
	        Index Cond: ((id >= 7985167) AND (id <= 7986166))

table 6 : explain SELECT c FROM sbtest6 WHERE id BETWEEN 761734 AND 762733
	Bitmap Heap Scan on sbtest6  (cost=29.71..3518.38 rows=905 width=121)
	  Recheck Cond: ((id >= 761734) AND (id <= 762733))
	  ->  Bitmap Index Scan on sbtest6_pkey  (cost=0.00..29.48 rows=905 width=0)
	        Index Cond: ((id >= 761734) AND (id <= 762733))

table 7 : explain SELECT c FROM sbtest7 WHERE id BETWEEN 2888986 AND 2889985
	Index Scan using sbtest7_pkey on sbtest7  (cost=0.43..3942.87 rows=1006 width=121)
	  Index Cond: ((id >= 2888986) AND (id <= 2889985))

table 8 : explain SELECT c FROM sbtest8 WHERE id BETWEEN 6970126 AND 6971125
	Bitmap Heap Scan on sbtest8  (cost=34.51..3817.85 rows=983 width=121)
	  Recheck Cond: ((id >= 6970126) AND (id <= 6971125))
	  ->  Bitmap Index Scan on sbtest8_pkey  (cost=0.00..34.27 rows=983 width=0)
	        Index Cond: ((id >= 6970126) AND (id <= 6971125))

for: sum_ranges
table 1 : explain SELECT SUM(k) FROM sbtest1 WHERE id BETWEEN 4848279 AND 4849278
	Aggregate  (cost=3968.07..3968.08 rows=1 width=8)
	  ->  Bitmap Heap Scan on sbtest1  (cost=34.93..3965.51 rows=1024 width=4)
	        Recheck Cond: ((id >= 4848279) AND (id <= 4849278))
	        ->  Bitmap Index Scan on sbtest1_pkey  (cost=0.00..34.68 rows=1024 width=0)
	              Index Cond: ((id >= 4848279) AND (id <= 4849278))

table 2 : explain SELECT SUM(k) FROM sbtest2 WHERE id BETWEEN 2006700 AND 2007699
	Aggregate  (cost=3877.89..3877.90 rows=1 width=8)
	  ->  Bitmap Heap Scan on sbtest2  (cost=34.67..3875.40 rows=999 width=4)
	        Recheck Cond: ((id >= 2006700) AND (id <= 2007699))
	        ->  Bitmap Index Scan on sbtest2_pkey  (cost=0.00..34.43 rows=999 width=0)
	              Index Cond: ((id >= 2006700) AND (id <= 2007699))

table 3 : explain SELECT SUM(k) FROM sbtest3 WHERE id BETWEEN 677201 AND 678200
	Aggregate  (cost=3839.22..3839.23 rows=1 width=8)
	  ->  Bitmap Heap Scan on sbtest3  (cost=34.57..3836.74 rows=989 width=4)
	        Recheck Cond: ((id >= 677201) AND (id <= 678200))
	        ->  Bitmap Index Scan on sbtest3_pkey  (cost=0.00..34.33 rows=989 width=0)
	              Index Cond: ((id >= 677201) AND (id <= 678200))

table 4 : explain SELECT SUM(k) FROM sbtest4 WHERE id BETWEEN 5571798 AND 5572797
	Aggregate  (cost=3854.79..3854.80 rows=1 width=8)
	  ->  Index Scan using sbtest4_pkey on sbtest4  (cost=0.43..3852.33 rows=986 width=4)
	        Index Cond: ((id >= 5571798) AND (id <= 5572797))

table 5 : explain SELECT SUM(k) FROM sbtest5 WHERE id BETWEEN 3927650 AND 3928649
	Aggregate  (cost=3865.13..3865.14 rows=1 width=8)
	  ->  Bitmap Heap Scan on sbtest5  (cost=34.63..3862.65 rows=995 width=4)
	        Recheck Cond: ((id >= 3927650) AND (id <= 3928649))
	        ->  Bitmap Index Scan on sbtest5_pkey  (cost=0.00..34.39 rows=995 width=0)
	              Index Cond: ((id >= 3927650) AND (id <= 3928649))

table 6 : explain SELECT SUM(k) FROM sbtest6 WHERE id BETWEEN 1001657 AND 1002656
	Aggregate  (cost=4047.01..4047.02 rows=1 width=8)
	  ->  Bitmap Heap Scan on sbtest6  (cost=35.13..4044.40 rows=1043 width=4)
	        Recheck Cond: ((id >= 1001657) AND (id <= 1002656))
	        ->  Bitmap Index Scan on sbtest6_pkey  (cost=0.00..34.87 rows=1043 width=0)
	              Index Cond: ((id >= 1001657) AND (id <= 1002656))

table 7 : explain SELECT SUM(k) FROM sbtest7 WHERE id BETWEEN 2819671 AND 2820670
	Aggregate  (cost=3945.38..3945.39 rows=1 width=8)
	  ->  Index Scan using sbtest7_pkey on sbtest7  (cost=0.43..3942.87 rows=1006 width=4)
	        Index Cond: ((id >= 2819671) AND (id <= 2820670))

table 8 : explain SELECT SUM(k) FROM sbtest8 WHERE id BETWEEN 4107564 AND 4108563
	Aggregate  (cost=3743.08..3743.09 rows=1 width=8)
	  ->  Index Scan using sbtest8_pkey on sbtest8  (cost=0.43..3740.70 rows=953 width=4)
	        Index Cond: ((id >= 4107564) AND (id <= 4108563))

explain: for point_selects :: explain SELECT c FROM sbtest%u WHERE id=%u
explain: for point_selects :: explain SELECT c FROM sbtest%u WHERE id=%u
for point_selects
table 1 : explain SELECT c FROM sbtest1 WHERE id=7521372
	Index Scan using sbtest1_pkey on sbtest1  (cost=0.43..8.45 rows=1 width=121)
	  Index Cond: (id = 7521372)

table 2 : explain SELECT c FROM sbtest2 WHERE id=3951875
	Index Scan using sbtest2_pkey on sbtest2  (cost=0.43..8.45 rows=1 width=121)
	  Index Cond: (id = 3951875)

table 3 : explain SELECT c FROM sbtest3 WHERE id=5394111
	Index Scan using sbtest3_pkey on sbtest3  (cost=0.43..8.45 rows=1 width=121)
	  Index Cond: (id = 5394111)

table 4 : explain SELECT c FROM sbtest4 WHERE id=3778163
	Index Scan using sbtest4_pkey on sbtest4  (cost=0.43..8.45 rows=1 width=121)
	  Index Cond: (id = 3778163)

table 5 : explain SELECT c FROM sbtest5 WHERE id=9569425
	Index Scan using sbtest5_pkey on sbtest5  (cost=0.43..8.45 rows=1 width=121)
	  Index Cond: (id = 9569425)

table 6 : explain SELECT c FROM sbtest6 WHERE id=82949
	Index Scan using sbtest6_pkey on sbtest6  (cost=0.43..8.45 rows=1 width=121)
	  Index Cond: (id = 82949)

table 7 : explain SELECT c FROM sbtest7 WHERE id=6749949
	Index Scan using sbtest7_pkey on sbtest7  (cost=0.43..8.45 rows=1 width=121)
	  Index Cond: (id = 6749949)

table 8 : explain SELECT c FROM sbtest8 WHERE id=4940469
	Index Scan using sbtest8_pkey on sbtest8  (cost=0.43..8.45 rows=1 width=121)
	  Index Cond: (id = 4940469)

for: sum_ranges
table 1 : explain SELECT SUM(k) FROM sbtest1 WHERE id BETWEEN 5473567 AND 5474566
	Aggregate  (cost=3726.62..3726.63 rows=1 width=8)
	  ->  Bitmap Heap Scan on sbtest1  (cost=34.28..3724.22 rows=960 width=4)
	        Recheck Cond: ((id >= 5473567) AND (id <= 5474566))
	        ->  Bitmap Index Scan on sbtest1_pkey  (cost=0.00..34.04 rows=960 width=0)
	              Index Cond: ((id >= 5473567) AND (id <= 5474566))

table 2 : explain SELECT SUM(k) FROM sbtest2 WHERE id BETWEEN 9134198 AND 9135197
	Aggregate  (cost=3900.56..3900.57 rows=1 width=8)
	  ->  Bitmap Heap Scan on sbtest2  (cost=34.74..3898.05 rows=1005 width=4)
	        Recheck Cond: ((id >= 9134198) AND (id <= 9135197))
	        ->  Bitmap Index Scan on sbtest2_pkey  (cost=0.00..34.48 rows=1005 width=0)
	              Index Cond: ((id >= 9134198) AND (id <= 9135197))

table 3 : explain SELECT SUM(k) FROM sbtest3 WHERE id BETWEEN 5844704 AND 5845703
	Aggregate  (cost=3778.76..3778.77 rows=1 width=8)
	  ->  Bitmap Heap Scan on sbtest3  (cost=34.41..3776.32 rows=973 width=4)
	        Recheck Cond: ((id >= 5844704) AND (id <= 5845703))
	        ->  Bitmap Index Scan on sbtest3_pkey  (cost=0.00..34.17 rows=973 width=0)
	              Index Cond: ((id >= 5844704) AND (id <= 5845703))

table 4 : explain SELECT SUM(k) FROM sbtest4 WHERE id BETWEEN 5955962 AND 5956961
	Aggregate  (cost=4064.78..4064.79 rows=1 width=8)
	  ->  Index Scan using sbtest4_pkey on sbtest4  (cost=0.43..4062.18 rows=1040 width=4)
	        Index Cond: ((id >= 5955962) AND (id <= 5956961))

table 5 : explain SELECT SUM(k) FROM sbtest5 WHERE id BETWEEN 5105457 AND 5106456
	Aggregate  (cost=3698.61..3698.62 rows=1 width=8)
	  ->  Bitmap Heap Scan on sbtest5  (cost=34.18..3696.23 rows=951 width=4)
	        Recheck Cond: ((id >= 5105457) AND (id <= 5106456))
	        ->  Bitmap Index Scan on sbtest5_pkey  (cost=0.00..33.95 rows=951 width=0)
	              Index Cond: ((id >= 5105457) AND (id <= 5106456))

table 6 : explain SELECT SUM(k) FROM sbtest6 WHERE id BETWEEN 2514159 AND 2515158
	Aggregate  (cost=3865.59..3865.60 rows=1 width=8)
	  ->  Bitmap Heap Scan on sbtest6  (cost=34.63..3863.10 rows=995 width=4)
	        Recheck Cond: ((id >= 2514159) AND (id <= 2515158))
	        ->  Bitmap Index Scan on sbtest6_pkey  (cost=0.00..34.39 rows=995 width=0)
	              Index Cond: ((id >= 2514159) AND (id <= 2515158))

table 7 : explain SELECT SUM(k) FROM sbtest7 WHERE id BETWEEN 2993305 AND 2994304
	Aggregate  (cost=3680.10..3680.11 rows=1 width=8)
	  ->  Index Scan using sbtest7_pkey on sbtest7  (cost=0.43..3677.76 rows=938 width=4)
	        Index Cond: ((id >= 2993305) AND (id <= 2994304))

table 8 : explain SELECT SUM(k) FROM sbtest8 WHERE id BETWEEN 4128620 AND 4129619
	Aggregate  (cost=3743.08..3743.09 rows=1 width=8)
	  ->  Index Scan using sbtest8_pkey on sbtest8  (cost=0.43..3740.70 rows=953 width=4)
	        Index Cond: ((id >= 4128620) AND (id <= 4129619))

for: simple_ranges
table 1 : explain SELECT c FROM sbtest1 WHERE id BETWEEN 2491246 AND 2492245
	Bitmap Heap Scan on sbtest1  (cost=34.96..3976.81 rows=1027 width=121)
	  Recheck Cond: ((id >= 2491246) AND (id <= 2492245))
	  ->  Bitmap Index Scan on sbtest1_pkey  (cost=0.00..34.70 rows=1027 width=0)
	        Index Cond: ((id >= 2491246) AND (id <= 2492245))

table 2 : explain SELECT c FROM sbtest2 WHERE id BETWEEN 9011222 AND 9012221
	Bitmap Heap Scan on sbtest2  (cost=34.76..3905.59 rows=1007 width=121)
	  Recheck Cond: ((id >= 9011222) AND (id <= 9012221))
	  ->  Bitmap Index Scan on sbtest2_pkey  (cost=0.00..34.51 rows=1007 width=0)
	        Index Cond: ((id >= 9011222) AND (id <= 9012221))

table 3 : explain SELECT c FROM sbtest3 WHERE id BETWEEN 726868 AND 727867
	Bitmap Heap Scan on sbtest3  (cost=29.64..3488.66 rows=898 width=121)
	  Recheck Cond: ((id >= 726868) AND (id <= 727867))
	  ->  Bitmap Index Scan on sbtest3_pkey  (cost=0.00..29.41 rows=898 width=0)
	        Index Cond: ((id >= 726868) AND (id <= 727867))

table 4 : explain SELECT c FROM sbtest4 WHERE id BETWEEN 4071116 AND 4072115
	Index Scan using sbtest4_pkey on sbtest4  (cost=0.43..3980.60 rows=1019 width=121)
	  Index Cond: ((id >= 4071116) AND (id <= 4072115))

table 5 : explain SELECT c FROM sbtest5 WHERE id BETWEEN 6476917 AND 6477916
	Bitmap Heap Scan on sbtest5  (cost=34.78..3915.55 rows=1009 width=121)
	  Recheck Cond: ((id >= 6476917) AND (id <= 6477916))
	  ->  Bitmap Index Scan on sbtest5_pkey  (cost=0.00..34.53 rows=1009 width=0)
	        Index Cond: ((id >= 6476917) AND (id <= 6477916))

table 6 : explain SELECT c FROM sbtest6 WHERE id BETWEEN 60767 AND 61766
	Bitmap Heap Scan on sbtest6  (cost=39.98..4361.25 rows=1126 width=121)
	  Recheck Cond: ((id >= 60767) AND (id <= 61766))
	  ->  Bitmap Index Scan on sbtest6_pkey  (cost=0.00..39.70 rows=1126 width=0)
	        Index Cond: ((id >= 60767) AND (id <= 61766))

table 7 : explain SELECT c FROM sbtest7 WHERE id BETWEEN 7747633 AND 7748632
	Bitmap Heap Scan on sbtest7  (cost=34.97..3987.99 rows=1028 width=121)
	  Recheck Cond: ((id >= 7747633) AND (id <= 7748632))
	  ->  Bitmap Index Scan on sbtest7_pkey  (cost=0.00..34.72 rows=1028 width=0)
	        Index Cond: ((id >= 7747633) AND (id <= 7748632))

table 8 : explain SELECT c FROM sbtest8 WHERE id BETWEEN 7403251 AND 7404250
	Bitmap Heap Scan on sbtest8  (cost=34.49..3810.29 rows=981 width=121)
	  Recheck Cond: ((id >= 7403251) AND (id <= 7404250))
	  ->  Bitmap Index Scan on sbtest8_pkey  (cost=0.00..34.25 rows=981 width=0)
	        Index Cond: ((id >= 7403251) AND (id <= 7404250))

for: sum_ranges
table 1 : explain SELECT SUM(k) FROM sbtest1 WHERE id BETWEEN 7892833 AND 7893832
	Aggregate  (cost=4032.11..4032.12 rows=1 width=8)
	  ->  Bitmap Heap Scan on sbtest1  (cost=35.11..4029.51 rows=1041 width=4)
	        Recheck Cond: ((id >= 7892833) AND (id <= 7893832))
	        ->  Bitmap Index Scan on sbtest1_pkey  (cost=0.00..34.84 rows=1041 width=0)
	              Index Cond: ((id >= 7892833) AND (id <= 7893832))

table 2 : explain SELECT SUM(k) FROM sbtest2 WHERE id BETWEEN 7249920 AND 7250919
	Aggregate  (cost=3843.89..3843.90 rows=1 width=8)
	  ->  Bitmap Heap Scan on sbtest2  (cost=34.58..3841.41 rows=990 width=4)
	        Recheck Cond: ((id >= 7249920) AND (id <= 7250919))
	        ->  Bitmap Index Scan on sbtest2_pkey  (cost=0.00..34.34 rows=990 width=0)
	              Index Cond: ((id >= 7249920) AND (id <= 7250919))

table 3 : explain SELECT SUM(k) FROM sbtest3 WHERE id BETWEEN 993200 AND 994199
	Aggregate  (cost=4110.89..4110.90 rows=1 width=8)
	  ->  Bitmap Heap Scan on sbtest3  (cost=35.31..4108.24 rows=1061 width=4)
	        Recheck Cond: ((id >= 993200) AND (id <= 994199))
	        ->  Bitmap Index Scan on sbtest3_pkey  (cost=0.00..35.05 rows=1061 width=0)
	              Index Cond: ((id >= 993200) AND (id <= 994199))

table 4 : explain SELECT SUM(k) FROM sbtest4 WHERE id BETWEEN 8735648 AND 8736647
	Aggregate  (cost=4278.77..4278.78 rows=1 width=8)
	  ->  Index Scan using sbtest4_pkey on sbtest4  (cost=0.43..4276.04 rows=1094 width=4)
	        Index Cond: ((id >= 8735648) AND (id <= 8736647))

table 5 : explain SELECT SUM(k) FROM sbtest5 WHERE id BETWEEN 9870336 AND 9871335
	Aggregate  (cost=3785.69..3785.70 rows=1 width=8)
	  ->  Bitmap Heap Scan on sbtest5  (cost=34.42..3783.25 rows=974 width=4)
	        Recheck Cond: ((id >= 9870336) AND (id <= 9871335))
	        ->  Bitmap Index Scan on sbtest5_pkey  (cost=0.00..34.18 rows=974 width=0)
	              Index Cond: ((id >= 9870336) AND (id <= 9871335))

table 6 : explain SELECT SUM(k) FROM sbtest6 WHERE id BETWEEN 9492289 AND 9493288
	Aggregate  (cost=4179.12..4179.13 rows=1 width=8)
	  ->  Bitmap Heap Scan on sbtest6  (cost=35.48..4176.43 rows=1078 width=4)
	        Recheck Cond: ((id >= 9492289) AND (id <= 9493288))
	        ->  Bitmap Index Scan on sbtest6_pkey  (cost=0.00..35.22 rows=1078 width=0)
	              Index Cond: ((id >= 9492289) AND (id <= 9493288))

table 7 : explain SELECT SUM(k) FROM sbtest7 WHERE id BETWEEN 1461962 AND 1462961
	Aggregate  (cost=4390.68..4390.69 rows=1 width=8)
	  ->  Bitmap Heap Scan on sbtest7  (cost=40.05..4387.85 rows=1133 width=4)
	        Recheck Cond: ((id >= 1461962) AND (id <= 1462961))
	        ->  Bitmap Index Scan on sbtest7_pkey  (cost=0.00..39.77 rows=1133 width=0)
	              Index Cond: ((id >= 1461962) AND (id <= 1462961))

table 8 : explain SELECT SUM(k) FROM sbtest8 WHERE id BETWEEN 1481059 AND 1482058
	Aggregate  (cost=3990.48..3990.49 rows=1 width=8)
	  ->  Bitmap Heap Scan on sbtest8  (cost=34.97..3987.91 rows=1028 width=4)
	        Recheck Cond: ((id >= 1481059) AND (id <= 1482058))
	        ->  Bitmap Index Scan on sbtest8_pkey  (cost=0.00..34.72 rows=1028 width=0)
	              Index Cond: ((id >= 1481059) AND (id <= 1482058))

for: sum_ranges
table 1 : explain SELECT SUM(k) FROM sbtest1 WHERE id BETWEEN 8190661 AND 8191660
	Aggregate  (cost=3964.30..3964.31 rows=1 width=8)
	  ->  Bitmap Heap Scan on sbtest1  (cost=34.92..3961.74 rows=1023 width=4)
	        Recheck Cond: ((id >= 8190661) AND (id <= 8191660))
	        ->  Bitmap Index Scan on sbtest1_pkey  (cost=0.00..34.67 rows=1023 width=0)
	              Index Cond: ((id >= 8190661) AND (id <= 8191660))

table 2 : explain SELECT SUM(k) FROM sbtest2 WHERE id BETWEEN 2989938 AND 2990937
	Aggregate  (cost=3741.81..3741.82 rows=1 width=8)
	  ->  Bitmap Heap Scan on sbtest2  (cost=34.31..3739.40 rows=963 width=4)
	        Recheck Cond: ((id >= 2989938) AND (id <= 2990937))
	        ->  Bitmap Index Scan on sbtest2_pkey  (cost=0.00..34.07 rows=963 width=0)
	              Index Cond: ((id >= 2989938) AND (id <= 2990937))

table 3 : explain SELECT SUM(k) FROM sbtest3 WHERE id BETWEEN 3691368 AND 3692367
	Aggregate  (cost=3786.31..3786.32 rows=1 width=8)
	  ->  Bitmap Heap Scan on sbtest3  (cost=34.43..3783.88 rows=975 width=4)
	        Recheck Cond: ((id >= 3691368) AND (id <= 3692367))
	        ->  Bitmap Index Scan on sbtest3_pkey  (cost=0.00..34.19 rows=975 width=0)
	              Index Cond: ((id >= 3691368) AND (id <= 3692367))

table 4 : explain SELECT SUM(k) FROM sbtest4 WHERE id BETWEEN 8056695 AND 8057694
	Aggregate  (cost=4484.87..4484.88 rows=1 width=8)
	  ->  Index Scan using sbtest4_pkey on sbtest4  (cost=0.43..4482.01 rows=1147 width=4)
	        Index Cond: ((id >= 8056695) AND (id <= 8057694))

table 5 : explain SELECT SUM(k) FROM sbtest5 WHERE id BETWEEN 6805439 AND 6806438
	Aggregate  (cost=4061.63..4061.64 rows=1 width=8)
	  ->  Bitmap Heap Scan on sbtest5  (cost=35.17..4059.01 rows=1047 width=4)
	        Recheck Cond: ((id >= 6805439) AND (id <= 6806438))
	        ->  Bitmap Index Scan on sbtest5_pkey  (cost=0.00..34.91 rows=1047 width=0)
	              Index Cond: ((id >= 6805439) AND (id <= 6806438))

table 6 : explain SELECT SUM(k) FROM sbtest6 WHERE id BETWEEN 1093198 AND 1094197
	Aggregate  (cost=3653.57..3653.58 rows=1 width=8)
	  ->  Bitmap Heap Scan on sbtest6  (cost=34.06..3651.22 rows=939 width=4)
	        Recheck Cond: ((id >= 1093198) AND (id <= 1094197))
	        ->  Bitmap Index Scan on sbtest6_pkey  (cost=0.00..33.83 rows=939 width=0)
	              Index Cond: ((id >= 1093198) AND (id <= 1094197))

table 7 : explain SELECT SUM(k) FROM sbtest7 WHERE id BETWEEN 4918815 AND 4919814
	Aggregate  (cost=4039.68..4039.69 rows=1 width=8)
	  ->  Bitmap Heap Scan on sbtest7  (cost=35.11..4037.07 rows=1041 width=4)
	        Recheck Cond: ((id >= 4918815) AND (id <= 4919814))
	        ->  Bitmap Index Scan on sbtest7_pkey  (cost=0.00..34.84 rows=1041 width=0)
	              Index Cond: ((id >= 4918815) AND (id <= 4919814))

table 8 : explain SELECT SUM(k) FROM sbtest8 WHERE id BETWEEN 4217338 AND 4218337
	Aggregate  (cost=3629.83..3629.84 rows=1 width=8)
	  ->  Index Scan using sbtest8_pkey on sbtest8  (cost=0.43..3627.52 rows=924 width=4)
	        Index Cond: ((id >= 4217338) AND (id <= 4218337))

for: simple_ranges
table 1 : explain SELECT c FROM sbtest1 WHERE id BETWEEN 2944923 AND 2945922
	Bitmap Heap Scan on sbtest1  (cost=35.44..4153.65 rows=1074 width=121)
	  Recheck Cond: ((id >= 2944923) AND (id <= 2945922))
	  ->  Bitmap Index Scan on sbtest1_pkey  (cost=0.00..35.18 rows=1074 width=0)
	        Index Cond: ((id >= 2944923) AND (id <= 2945922))

table 2 : explain SELECT c FROM sbtest2 WHERE id BETWEEN 2549682 AND 2550681
	Bitmap Heap Scan on sbtest2  (cost=29.78..3542.46 rows=912 width=121)
	  Recheck Cond: ((id >= 2549682) AND (id <= 2550681))
	  ->  Bitmap Index Scan on sbtest2_pkey  (cost=0.00..29.55 rows=912 width=0)
	        Index Cond: ((id >= 2549682) AND (id <= 2550681))

table 3 : explain SELECT c FROM sbtest3 WHERE id BETWEEN 7141373 AND 7142372
	Bitmap Heap Scan on sbtest3  (cost=35.28..4096.94 rows=1058 width=121)
	  Recheck Cond: ((id >= 7141373) AND (id <= 7142372))
	  ->  Bitmap Index Scan on sbtest3_pkey  (cost=0.00..35.02 rows=1058 width=0)
	        Index Cond: ((id >= 7141373) AND (id <= 7142372))

table 4 : explain SELECT c FROM sbtest4 WHERE id BETWEEN 2730275 AND 2731274
	Index Scan using sbtest4_pkey on sbtest4  (cost=0.43..3300.42 rows=845 width=121)
	  Index Cond: ((id >= 2730275) AND (id <= 2731274))

table 5 : explain SELECT c FROM sbtest5 WHERE id BETWEEN 4551986 AND 4552985
	Bitmap Heap Scan on sbtest5  (cost=34.98..3991.08 rows=1029 width=121)
	  Recheck Cond: ((id >= 4551986) AND (id <= 4552985))
	  ->  Bitmap Index Scan on sbtest5_pkey  (cost=0.00..34.73 rows=1029 width=0)
	        Index Cond: ((id >= 4551986) AND (id <= 4552985))

table 6 : explain SELECT c FROM sbtest6 WHERE id BETWEEN 9185864 AND 9186863
	Bitmap Heap Scan on sbtest6  (cost=35.56..4202.81 rows=1085 width=121)
	  Recheck Cond: ((id >= 9185864) AND (id <= 9186863))
	  ->  Bitmap Index Scan on sbtest6_pkey  (cost=0.00..35.29 rows=1085 width=0)
	        Index Cond: ((id >= 9185864) AND (id <= 9186863))

table 7 : explain SELECT c FROM sbtest7 WHERE id BETWEEN 7777863 AND 7778862
	Bitmap Heap Scan on sbtest7  (cost=34.97..3987.99 rows=1028 width=121)
	  Recheck Cond: ((id >= 7777863) AND (id <= 7778862))
	  ->  Bitmap Index Scan on sbtest7_pkey  (cost=0.00..34.72 rows=1028 width=0)
	        Index Cond: ((id >= 7777863) AND (id <= 7778862))

table 8 : explain SELECT c FROM sbtest8 WHERE id BETWEEN 4105181 AND 4106180
	Index Scan using sbtest8_pkey on sbtest8  (cost=0.43..3740.70 rows=953 width=121)
	  Index Cond: ((id >= 4105181) AND (id <= 4106180))

explain: for point_selects :: explain SELECT c FROM sbtest%u WHERE id=%u
explain: for point_selects :: explain SELECT c FROM sbtest%u WHERE id=%u
for: order_ranges
table 1 : explain SELECT c FROM sbtest1 WHERE id BETWEEN 37843 AND 38842 ORDER BY c
	Sort  (cost=3955.52..3958.04 rows=1008 width=121)
	  Sort Key: c
	  ->  Bitmap Heap Scan on sbtest1  (cost=34.77..3905.23 rows=1008 width=121)
	        Recheck Cond: ((id >= 37843) AND (id <= 38842))
	        ->  Bitmap Index Scan on sbtest1_pkey  (cost=0.00..34.52 rows=1008 width=0)
	              Index Cond: ((id >= 37843) AND (id <= 38842))

table 2 : explain SELECT c FROM sbtest2 WHERE id BETWEEN 9946263 AND 9947262 ORDER BY c
	Sort  (cost=3840.83..3843.27 rows=977 width=121)
	  Sort Key: c
	  ->  Bitmap Heap Scan on sbtest2  (cost=34.45..3792.31 rows=977 width=121)
	        Recheck Cond: ((id >= 9946263) AND (id <= 9947262))
	        ->  Bitmap Index Scan on sbtest2_pkey  (cost=0.00..34.20 rows=977 width=0)
	              Index Cond: ((id >= 9946263) AND (id <= 9947262))

table 3 : explain SELECT c FROM sbtest3 WHERE id BETWEEN 7583186 AND 7584185 ORDER BY c
	Sort  (cost=4046.79..4049.37 rows=1031 width=121)
	  Sort Key: c
	  ->  Bitmap Heap Scan on sbtest3  (cost=35.00..3995.19 rows=1031 width=121)
	        Recheck Cond: ((id >= 7583186) AND (id <= 7584185))
	        ->  Bitmap Index Scan on sbtest3_pkey  (cost=0.00..34.75 rows=1031 width=0)
	              Index Cond: ((id >= 7583186) AND (id <= 7584185))

table 4 : explain SELECT c FROM sbtest4 WHERE id BETWEEN 8033434 AND 8034433 ORDER BY c
	Sort  (cost=4540.29..4543.16 rows=1147 width=121)
	  Sort Key: c
	  ->  Index Scan using sbtest4_pkey on sbtest4  (cost=0.43..4482.01 rows=1147 width=121)
	        Index Cond: ((id >= 8033434) AND (id <= 8034433))

table 5 : explain SELECT c FROM sbtest5 WHERE id BETWEEN 6842828 AND 6843827 ORDER BY c
	Sort  (cost=4111.53..4114.15 rows=1047 width=121)
	  Sort Key: c
	  ->  Bitmap Heap Scan on sbtest5  (cost=35.17..4059.01 rows=1047 width=121)
	        Recheck Cond: ((id >= 6842828) AND (id <= 6843827))
	        ->  Bitmap Index Scan on sbtest5_pkey  (cost=0.00..34.91 rows=1047 width=0)
	              Index Cond: ((id >= 6842828) AND (id <= 6843827))

table 6 : explain SELECT c FROM sbtest6 WHERE id BETWEEN 9860461 AND 9861460 ORDER BY c
	Sort  (cost=4062.20..4064.79 rows=1034 width=121)
	  Sort Key: c
	  ->  Bitmap Heap Scan on sbtest6  (cost=35.03..4010.43 rows=1034 width=121)
	        Recheck Cond: ((id >= 9860461) AND (id <= 9861460))
	        ->  Bitmap Index Scan on sbtest6_pkey  (cost=0.00..34.78 rows=1034 width=0)
	              Index Cond: ((id >= 9860461) AND (id <= 9861460))

table 7 : explain SELECT c FROM sbtest7 WHERE id BETWEEN 8921308 AND 8922307 ORDER BY c
	Sort  (cost=4016.42..4018.97 rows=1022 width=121)
	  Sort Key: c
	  ->  Bitmap Heap Scan on sbtest7  (cost=34.91..3965.33 rows=1022 width=121)
	        Recheck Cond: ((id >= 8921308) AND (id <= 8922307))
	        ->  Bitmap Index Scan on sbtest7_pkey  (cost=0.00..34.66 rows=1022 width=0)
	              Index Cond: ((id >= 8921308) AND (id <= 8922307))

table 8 : explain SELECT c FROM sbtest8 WHERE id BETWEEN 2222074 AND 2223073 ORDER BY c
	Sort  (cost=4073.83..4076.43 rows=1037 width=121)
	  Sort Key: c
	  ->  Bitmap Heap Scan on sbtest8  (cost=35.06..4021.89 rows=1037 width=121)
	        Recheck Cond: ((id >= 2222074) AND (id <= 2223073))
	        ->  Bitmap Index Scan on sbtest8_pkey  (cost=0.00..34.81 rows=1037 width=0)
	              Index Cond: ((id >= 2222074) AND (id <= 2223073))

for point_selects
table 1 : explain SELECT c FROM sbtest1 WHERE id=9337806
	Index Scan using sbtest1_pkey on sbtest1  (cost=0.43..8.45 rows=1 width=121)
	  Index Cond: (id = 9337806)

table 2 : explain SELECT c FROM sbtest2 WHERE id=5066714
	Index Scan using sbtest2_pkey on sbtest2  (cost=0.43..8.45 rows=1 width=121)
	  Index Cond: (id = 5066714)

table 3 : explain SELECT c FROM sbtest3 WHERE id=76613
	Index Scan using sbtest3_pkey on sbtest3  (cost=0.43..8.45 rows=1 width=121)
	  Index Cond: (id = 76613)

table 4 : explain SELECT c FROM sbtest4 WHERE id=3614702
	Index Scan using sbtest4_pkey on sbtest4  (cost=0.43..8.45 rows=1 width=121)
	  Index Cond: (id = 3614702)

table 5 : explain SELECT c FROM sbtest5 WHERE id=1163872
	Index Scan using sbtest5_pkey on sbtest5  (cost=0.43..8.45 rows=1 width=121)
	  Index Cond: (id = 1163872)

table 6 : explain SELECT c FROM sbtest6 WHERE id=2642873
	Index Scan using sbtest6_pkey on sbtest6  (cost=0.43..8.45 rows=1 width=121)
	  Index Cond: (id = 2642873)

table 7 : explain SELECT c FROM sbtest7 WHERE id=3911085
	Index Scan using sbtest7_pkey on sbtest7  (cost=0.43..8.45 rows=1 width=121)
	  Index Cond: (id = 3911085)

table 8 : explain SELECT c FROM sbtest8 WHERE id=8238068
	Index Scan using sbtest8_pkey on sbtest8  (cost=0.43..8.45 rows=1 width=121)
	  Index Cond: (id = 8238068)

explain: for point_selects :: explain SELECT c FROM sbtest%u WHERE id=%u
explain: for point_selects :: explain SELECT c FROM sbtest%u WHERE id=%u
for: simple_ranges
table 1 : explain SELECT c FROM sbtest1 WHERE id BETWEEN 8790661 AND 8791660
	Bitmap Heap Scan on sbtest1  (cost=33.83..3561.80 rows=917 width=121)
	  Recheck Cond: ((id >= 8790661) AND (id <= 8791660))
	  ->  Bitmap Index Scan on sbtest1_pkey  (cost=0.00..33.61 rows=917 width=0)
	        Index Cond: ((id >= 8790661) AND (id <= 8791660))

table 2 : explain SELECT c FROM sbtest2 WHERE id BETWEEN 8501041 AND 8502040
	Bitmap Heap Scan on sbtest2  (cost=34.03..3637.30 rows=936 width=121)
	  Recheck Cond: ((id >= 8501041) AND (id <= 8502040))
	  ->  Bitmap Index Scan on sbtest2_pkey  (cost=0.00..33.80 rows=936 width=0)
	        Index Cond: ((id >= 8501041) AND (id <= 8502040))

table 3 : explain SELECT c FROM sbtest3 WHERE id BETWEEN 6917235 AND 6918234
	Bitmap Heap Scan on sbtest3  (cost=34.00..3625.13 rows=933 width=121)
	  Recheck Cond: ((id >= 6917235) AND (id <= 6918234))
	  ->  Bitmap Index Scan on sbtest3_pkey  (cost=0.00..33.77 rows=933 width=0)
	        Index Cond: ((id >= 6917235) AND (id <= 6918234))

table 4 : explain SELECT c FROM sbtest4 WHERE id BETWEEN 3329050 AND 3330049
	Index Scan using sbtest4_pkey on sbtest4  (cost=0.43..4015.56 rows=1028 width=121)
	  Index Cond: ((id >= 3329050) AND (id <= 3330049))

table 5 : explain SELECT c FROM sbtest5 WHERE id BETWEEN 4168104 AND 4169103
	Bitmap Heap Scan on sbtest5  (cost=34.80..3923.10 rows=1011 width=121)
	  Recheck Cond: ((id >= 4168104) AND (id <= 4169103))
	  ->  Bitmap Index Scan on sbtest5_pkey  (cost=0.00..34.55 rows=1011 width=0)
	        Index Cond: ((id >= 4168104) AND (id <= 4169103))

table 6 : explain SELECT c FROM sbtest6 WHERE id BETWEEN 8032013 AND 8033012
	Bitmap Heap Scan on sbtest6  (cost=35.07..4025.53 rows=1038 width=121)
	  Recheck Cond: ((id >= 8032013) AND (id <= 8033012))
	  ->  Bitmap Index Scan on sbtest6_pkey  (cost=0.00..34.82 rows=1038 width=0)
	        Index Cond: ((id >= 8032013) AND (id <= 8033012))

table 7 : explain SELECT c FROM sbtest7 WHERE id BETWEEN 2677963 AND 2678962
	Index Scan using sbtest7_pkey on sbtest7  (cost=0.43..3958.49 rows=1010 width=121)
	  Index Cond: ((id >= 2677963) AND (id <= 2678962))

table 8 : explain SELECT c FROM sbtest8 WHERE id BETWEEN 8681605 AND 8682604
	Bitmap Heap Scan on sbtest8  (cost=34.54..3829.20 rows=986 width=121)
	  Recheck Cond: ((id >= 8681605) AND (id <= 8682604))
	  ->  Bitmap Index Scan on sbtest8_pkey  (cost=0.00..34.30 rows=986 width=0)
	        Index Cond: ((id >= 8681605) AND (id <= 8682604))

for: sum_ranges
table 1 : explain SELECT SUM(k) FROM sbtest1 WHERE id BETWEEN 2451186 AND 2452185
	Aggregate  (cost=3979.37..3979.38 rows=1 width=8)
	  ->  Bitmap Heap Scan on sbtest1  (cost=34.96..3976.81 rows=1027 width=4)
	        Recheck Cond: ((id >= 2451186) AND (id <= 2452185))
	        ->  Bitmap Index Scan on sbtest1_pkey  (cost=0.00..34.70 rows=1027 width=0)
	              Index Cond: ((id >= 2451186) AND (id <= 2452185))

table 2 : explain SELECT SUM(k) FROM sbtest2 WHERE id BETWEEN 1547193 AND 1548192
	Aggregate  (cost=4081.72..4081.73 rows=1 width=8)
	  ->  Bitmap Heap Scan on sbtest2  (cost=35.23..4079.08 rows=1053 width=4)
	        Recheck Cond: ((id >= 1547193) AND (id <= 1548192))
	        ->  Bitmap Index Scan on sbtest2_pkey  (cost=0.00..34.97 rows=1053 width=0)
	              Index Cond: ((id >= 1547193) AND (id <= 1548192))

table 3 : explain SELECT SUM(k) FROM sbtest3 WHERE id BETWEEN 8474114 AND 8475113
	Aggregate  (cost=4280.60..4280.61 rows=1 width=8)
	  ->  Bitmap Heap Scan on sbtest3  (cost=39.76..4277.84 rows=1105 width=4)
	        Recheck Cond: ((id >= 8474114) AND (id <= 8475113))
	        ->  Bitmap Index Scan on sbtest3_pkey  (cost=0.00..39.48 rows=1105 width=0)
	              Index Cond: ((id >= 8474114) AND (id <= 8475113))

table 4 : explain SELECT SUM(k) FROM sbtest4 WHERE id BETWEEN 5879483 AND 5880482
	Aggregate  (cost=3936.46..3936.47 rows=1 width=8)
	  ->  Index Scan using sbtest4_pkey on sbtest4  (cost=0.43..3933.95 rows=1007 width=4)
	        Index Cond: ((id >= 5879483) AND (id <= 5880482))

table 5 : explain SELECT SUM(k) FROM sbtest5 WHERE id BETWEEN 8716083 AND 8717082
	Aggregate  (cost=3797.04..3797.05 rows=1 width=8)
	  ->  Bitmap Heap Scan on sbtest5  (cost=34.45..3794.60 rows=977 width=4)
	        Recheck Cond: ((id >= 8716083) AND (id <= 8717082))
	        ->  Bitmap Index Scan on sbtest5_pkey  (cost=0.00..34.20 rows=977 width=0)
	              Index Cond: ((id >= 8716083) AND (id <= 8717082))

table 6 : explain SELECT SUM(k) FROM sbtest6 WHERE id BETWEEN 6113829 AND 6114828
	Aggregate  (cost=3540.34..3540.35 rows=1 width=8)
	  ->  Index Scan using sbtest6_pkey on sbtest6  (cost=0.43..3538.09 rows=901 width=4)
	        Index Cond: ((id >= 6113829) AND (id <= 6114828))

table 7 : explain SELECT SUM(k) FROM sbtest7 WHERE id BETWEEN 2011424 AND 2012423
	Aggregate  (cost=3855.68..3855.69 rows=1 width=8)
	  ->  Index Scan using sbtest7_pkey on sbtest7  (cost=0.43..3853.22 rows=983 width=4)
	        Index Cond: ((id >= 2011424) AND (id <= 2012423))

table 8 : explain SELECT SUM(k) FROM sbtest8 WHERE id BETWEEN 6917687 AND 6918686
	Aggregate  (cost=3571.13..3571.14 rows=1 width=8)
	  ->  Index Scan using sbtest8_pkey on sbtest8  (cost=0.43..3568.86 rows=910 width=4)
	        Index Cond: ((id >= 6917687) AND (id <= 6918686))

for point_selects
table 1 : explain SELECT c FROM sbtest1 WHERE id=2483501
	Index Scan using sbtest1_pkey on sbtest1  (cost=0.43..8.45 rows=1 width=121)
	  Index Cond: (id = 2483501)

table 2 : explain SELECT c FROM sbtest2 WHERE id=1779157
	Index Scan using sbtest2_pkey on sbtest2  (cost=0.43..8.45 rows=1 width=121)
	  Index Cond: (id = 1779157)

table 3 : explain SELECT c FROM sbtest3 WHERE id=3361419
	Index Scan using sbtest3_pkey on sbtest3  (cost=0.43..8.45 rows=1 width=121)
	  Index Cond: (id = 3361419)

table 4 : explain SELECT c FROM sbtest4 WHERE id=9842349
	Index Scan using sbtest4_pkey on sbtest4  (cost=0.43..8.45 rows=1 width=121)
	  Index Cond: (id = 9842349)

table 5 : explain SELECT c FROM sbtest5 WHERE id=1547876
	Index Scan using sbtest5_pkey on sbtest5  (cost=0.43..8.45 rows=1 width=121)
	  Index Cond: (id = 1547876)

table 6 : explain SELECT c FROM sbtest6 WHERE id=3250412
	Index Scan using sbtest6_pkey on sbtest6  (cost=0.43..8.45 rows=1 width=121)
	  Index Cond: (id = 3250412)

table 7 : explain SELECT c FROM sbtest7 WHERE id=2676141
	Index Scan using sbtest7_pkey on sbtest7  (cost=0.43..8.45 rows=1 width=121)
	  Index Cond: (id = 2676141)

table 8 : explain SELECT c FROM sbtest8 WHERE id=7581137
	Index Scan using sbtest8_pkey on sbtest8  (cost=0.43..8.45 rows=1 width=121)
	  Index Cond: (id = 7581137)

for point_selects
table 1 : explain SELECT c FROM sbtest1 WHERE id=2459372
	Index Scan using sbtest1_pkey on sbtest1  (cost=0.43..8.45 rows=1 width=121)
	  Index Cond: (id = 2459372)

table 2 : explain SELECT c FROM sbtest2 WHERE id=1634922
	Index Scan using sbtest2_pkey on sbtest2  (cost=0.43..8.45 rows=1 width=121)
	  Index Cond: (id = 1634922)

table 3 : explain SELECT c FROM sbtest3 WHERE id=5314586
	Index Scan using sbtest3_pkey on sbtest3  (cost=0.43..8.45 rows=1 width=121)
	  Index Cond: (id = 5314586)

table 4 : explain SELECT c FROM sbtest4 WHERE id=5364420
	Index Scan using sbtest4_pkey on sbtest4  (cost=0.43..8.45 rows=1 width=121)
	  Index Cond: (id = 5364420)

table 5 : explain SELECT c FROM sbtest5 WHERE id=5014386
	Index Scan using sbtest5_pkey on sbtest5  (cost=0.43..8.45 rows=1 width=121)
	  Index Cond: (id = 5014386)

table 6 : explain SELECT c FROM sbtest6 WHERE id=9389789
	Index Scan using sbtest6_pkey on sbtest6  (cost=0.43..8.45 rows=1 width=121)
	  Index Cond: (id = 9389789)

table 7 : explain SELECT c FROM sbtest7 WHERE id=7925415
	Index Scan using sbtest7_pkey on sbtest7  (cost=0.43..8.45 rows=1 width=121)
	  Index Cond: (id = 7925415)

table 8 : explain SELECT c FROM sbtest8 WHERE id=8923343
	Index Scan using sbtest8_pkey on sbtest8  (cost=0.43..8.45 rows=1 width=121)
	  Index Cond: (id = 8923343)

explain: for point_selects :: explain SELECT c FROM sbtest%u WHERE id=%u
for point_selects
table 1 : explain SELECT c FROM sbtest1 WHERE id=6463415
	Index Scan using sbtest1_pkey on sbtest1  (cost=0.43..8.45 rows=1 width=121)
	  Index Cond: (id = 6463415)

table 2 : explain SELECT c FROM sbtest2 WHERE id=2287334
	Index Scan using sbtest2_pkey on sbtest2  (cost=0.43..8.45 rows=1 width=121)
	  Index Cond: (id = 2287334)

table 3 : explain SELECT c FROM sbtest3 WHERE id=2566480
	Index Scan using sbtest3_pkey on sbtest3  (cost=0.43..8.45 rows=1 width=121)
	  Index Cond: (id = 2566480)

table 4 : explain SELECT c FROM sbtest4 WHERE id=7088076
	Index Scan using sbtest4_pkey on sbtest4  (cost=0.43..8.45 rows=1 width=121)
	  Index Cond: (id = 7088076)

table 5 : explain SELECT c FROM sbtest5 WHERE id=2804513
	Index Scan using sbtest5_pkey on sbtest5  (cost=0.43..8.45 rows=1 width=121)
	  Index Cond: (id = 2804513)

table 6 : explain SELECT c FROM sbtest6 WHERE id=3738845
	Index Scan using sbtest6_pkey on sbtest6  (cost=0.43..8.45 rows=1 width=121)
	  Index Cond: (id = 3738845)

table 7 : explain SELECT c FROM sbtest7 WHERE id=1782203
	Index Scan using sbtest7_pkey on sbtest7  (cost=0.43..8.45 rows=1 width=121)
	  Index Cond: (id = 1782203)

table 8 : explain SELECT c FROM sbtest8 WHERE id=7441841
	Index Scan using sbtest8_pkey on sbtest8  (cost=0.43..8.45 rows=1 width=121)
	  Index Cond: (id = 7441841)

for: distinct_ranges
table 1 : explain SELECT DISTINCT c FROM sbtest1 WHERE id BETWEEN 2161203 AND 2162202 ORDER BY c
	Unique  (cost=4322.38..4327.89 rows=1103 width=121)
	  ->  Sort  (cost=4322.38..4325.13 rows=1103 width=121)
	        Sort Key: c
	        ->  Bitmap Heap Scan on sbtest1  (cost=39.74..4266.63 rows=1103 width=121)
	              Recheck Cond: ((id >= 2161203) AND (id <= 2162202))
	              ->  Bitmap Index Scan on sbtest1_pkey  (cost=0.00..39.47 rows=1103 width=0)
	                    Index Cond: ((id >= 2161203) AND (id <= 2162202))

table 2 : explain SELECT DISTINCT c FROM sbtest2 WHERE id BETWEEN 4081319 AND 4082318 ORDER BY c
	Unique  (cost=3794.80..3799.62 rows=965 width=121)
	  ->  Sort  (cost=3794.80..3797.21 rows=965 width=121)
	        Sort Key: c
	        ->  Bitmap Heap Scan on sbtest2  (cost=34.33..3746.96 rows=965 width=121)
	              Recheck Cond: ((id >= 4081319) AND (id <= 4082318))
	              ->  Bitmap Index Scan on sbtest2_pkey  (cost=0.00..34.09 rows=965 width=0)
	                    Index Cond: ((id >= 4081319) AND (id <= 4082318))

table 3 : explain SELECT DISTINCT c FROM sbtest3 WHERE id BETWEEN 2821320 AND 2822319 ORDER BY c
	Unique  (cost=4238.01..4243.42 rows=1081 width=121)
	  ->  Sort  (cost=4238.01..4240.71 rows=1081 width=121)
	        Sort Key: c
	        ->  Bitmap Heap Scan on sbtest3  (cost=35.52..4183.54 rows=1081 width=121)
	              Recheck Cond: ((id >= 2821320) AND (id <= 2822319))
	              ->  Bitmap Index Scan on sbtest3_pkey  (cost=0.00..35.25 rows=1081 width=0)
	                    Index Cond: ((id >= 2821320) AND (id <= 2822319))

table 4 : explain SELECT DISTINCT c FROM sbtest4 WHERE id BETWEEN 9849852 AND 9850851 ORDER BY c
	Unique  (cost=4169.53..4174.80 rows=1054 width=121)
	  ->  Sort  (cost=4169.53..4172.16 rows=1054 width=121)
	        Sort Key: c
	        ->  Index Scan using sbtest4_pkey on sbtest4  (cost=0.43..4116.61 rows=1054 width=121)
	              Index Cond: ((id >= 9849852) AND (id <= 9850851))

table 5 : explain SELECT DISTINCT c FROM sbtest5 WHERE id BETWEEN 4605922 AND 4606921 ORDER BY c
	Unique  (cost=4107.70..4112.93 rows=1046 width=121)
	  ->  Sort  (cost=4107.70..4110.31 rows=1046 width=121)
	        Sort Key: c
	        ->  Bitmap Heap Scan on sbtest5  (cost=35.16..4055.24 rows=1046 width=121)
	              Recheck Cond: ((id >= 4605922) AND (id <= 4606921))
	              ->  Bitmap Index Scan on sbtest5_pkey  (cost=0.00..34.90 rows=1046 width=0)
	                    Index Cond: ((id >= 4605922) AND (id <= 4606921))

table 6 : explain SELECT DISTINCT c FROM sbtest6 WHERE id BETWEEN 96357 AND 97356 ORDER BY c
	Unique  (cost=3993.20..3998.28 rows=1016 width=121)
	  ->  Sort  (cost=3993.20..3995.74 rows=1016 width=121)
	        Sort Key: c
	        ->  Bitmap Heap Scan on sbtest6  (cost=34.85..3942.45 rows=1016 width=121)
	              Recheck Cond: ((id >= 96357) AND (id <= 97356))
	              ->  Bitmap Index Scan on sbtest6_pkey  (cost=0.00..34.59 rows=1016 width=0)
	                    Index Cond: ((id >= 96357) AND (id <= 97356))

table 7 : explain SELECT DISTINCT c FROM sbtest7 WHERE id BETWEEN 4715449 AND 4716448 ORDER BY c
	Unique  (cost=4062.42..4067.59 rows=1034 width=121)
	  ->  Sort  (cost=4062.42..4065.00 rows=1034 width=121)
	        Sort Key: c
	        ->  Bitmap Heap Scan on sbtest7  (cost=35.03..4010.65 rows=1034 width=121)
	              Recheck Cond: ((id >= 4715449) AND (id <= 4716448))
	              ->  Bitmap Index Scan on sbtest7_pkey  (cost=0.00..34.78 rows=1034 width=0)
	                    Index Cond: ((id >= 4715449) AND (id <= 4716448))

table 8 : explain SELECT DISTINCT c FROM sbtest8 WHERE id BETWEEN 7490761 AND 7491760 ORDER BY c
	Unique  (cost=4161.95..4167.25 rows=1060 width=121)
	  ->  Sort  (cost=4161.95..4164.60 rows=1060 width=121)
	        Sort Key: c
	        ->  Bitmap Heap Scan on sbtest8  (cost=35.30..4108.69 rows=1060 width=121)
	              Recheck Cond: ((id >= 7490761) AND (id <= 7491760))
	              ->  Bitmap Index Scan on sbtest8_pkey  (cost=0.00..35.04 rows=1060 width=0)
	                    Index Cond: ((id >= 7490761) AND (id <= 7491760))

for: order_ranges
table 1 : explain SELECT c FROM sbtest1 WHERE id BETWEEN 536813 AND 537812 ORDER BY c
	Sort  (cost=4066.40..4068.99 rows=1037 width=121)
	  Sort Key: c
	  ->  Bitmap Heap Scan on sbtest1  (cost=35.06..4014.46 rows=1037 width=121)
	        Recheck Cond: ((id >= 536813) AND (id <= 537812))
	        ->  Bitmap Index Scan on sbtest1_pkey  (cost=0.00..34.81 rows=1037 width=0)
	              Index Cond: ((id >= 536813) AND (id <= 537812))

table 2 : explain SELECT c FROM sbtest2 WHERE id BETWEEN 2496440 AND 2497439 ORDER BY c
	Sort  (cost=3587.30..3589.58 rows=912 width=121)
	  Sort Key: c
	  ->  Bitmap Heap Scan on sbtest2  (cost=29.78..3542.46 rows=912 width=121)
	        Recheck Cond: ((id >= 2496440) AND (id <= 2497439))
	        ->  Bitmap Index Scan on sbtest2_pkey  (cost=0.00..29.55 rows=912 width=0)
	              Index Cond: ((id >= 2496440) AND (id <= 2497439))

table 3 : explain SELECT c FROM sbtest3 WHERE id BETWEEN 9435529 AND 9436528 ORDER BY c
	Sort  (cost=4127.14..4129.77 rows=1052 width=121)
	  Sort Key: c
	  ->  Bitmap Heap Scan on sbtest3  (cost=35.22..4074.34 rows=1052 width=121)
	        Recheck Cond: ((id >= 9435529) AND (id <= 9436528))
	        ->  Bitmap Index Scan on sbtest3_pkey  (cost=0.00..34.95 rows=1052 width=0)
	              Index Cond: ((id >= 9435529) AND (id <= 9436528))

table 4 : explain SELECT c FROM sbtest4 WHERE id BETWEEN 5504059 AND 5505058 ORDER BY c
	Sort  (cost=3495.23..3497.44 rows=884 width=121)
	  Sort Key: c
	  ->  Index Scan using sbtest4_pkey on sbtest4  (cost=0.43..3451.96 rows=884 width=121)
	        Index Cond: ((id >= 5504059) AND (id <= 5505058))

table 5 : explain SELECT c FROM sbtest5 WHERE id BETWEEN 350815 AND 351814 ORDER BY c
	Sort  (cost=3981.23..3983.76 rows=1013 width=121)
	  Sort Key: c
	  ->  Bitmap Heap Scan on sbtest5  (cost=34.82..3930.66 rows=1013 width=121)
	        Recheck Cond: ((id >= 350815) AND (id <= 351814))
	        ->  Bitmap Index Scan on sbtest5_pkey  (cost=0.00..34.57 rows=1013 width=0)
	              Index Cond: ((id >= 350815) AND (id <= 351814))

table 6 : explain SELECT c FROM sbtest6 WHERE id BETWEEN 4832402 AND 4833401 ORDER BY c
	Sort  (cost=3851.23..3853.68 rows=979 width=121)
	  Sort Key: c
	  ->  Bitmap Heap Scan on sbtest6  (cost=34.47..3802.60 rows=979 width=121)
	        Recheck Cond: ((id >= 4832402) AND (id <= 4833401))
	        ->  Bitmap Index Scan on sbtest6_pkey  (cost=0.00..34.23 rows=979 width=0)
	              Index Cond: ((id >= 4832402) AND (id <= 4833401))

table 7 : explain SELECT c FROM sbtest7 WHERE id BETWEEN 4385324 AND 4386323 ORDER BY c
	Sort  (cost=4039.42..4041.99 rows=1028 width=121)
	  Sort Key: c
	  ->  Bitmap Heap Scan on sbtest7  (cost=34.97..3987.99 rows=1028 width=121)
	        Recheck Cond: ((id >= 4385324) AND (id <= 4386323))
	        ->  Bitmap Index Scan on sbtest7_pkey  (cost=0.00..34.72 rows=1028 width=0)
	              Index Cond: ((id >= 4385324) AND (id <= 4386323))

table 8 : explain SELECT c FROM sbtest8 WHERE id BETWEEN 4078340 AND 4079339 ORDER BY c
	Sort  (cost=3851.36..3853.81 rows=979 width=121)
	  Sort Key: c
	  ->  Bitmap Heap Scan on sbtest8  (cost=34.47..3802.72 rows=979 width=121)
	        Recheck Cond: ((id >= 4078340) AND (id <= 4079339))
	        ->  Bitmap Index Scan on sbtest8_pkey  (cost=0.00..34.23 rows=979 width=0)
	              Index Cond: ((id >= 4078340) AND (id <= 4079339))

for: order_ranges
table 1 : explain SELECT c FROM sbtest1 WHERE id BETWEEN 7687940 AND 7688939 ORDER BY c
	Sort  (cost=4158.09..4160.74 rows=1061 width=121)
	  Sort Key: c
	  ->  Bitmap Heap Scan on sbtest1  (cost=35.31..4104.76 rows=1061 width=121)
	        Recheck Cond: ((id >= 7687940) AND (id <= 7688939))
	        ->  Bitmap Index Scan on sbtest1_pkey  (cost=0.00..35.05 rows=1061 width=0)
	              Index Cond: ((id >= 7687940) AND (id <= 7688939))

table 2 : explain SELECT c FROM sbtest2 WHERE id BETWEEN 1777325 AND 1778324 ORDER BY c
	Sort  (cost=3714.21..3716.57 rows=944 width=121)
	  Sort Key: c
	  ->  Bitmap Heap Scan on sbtest2  (cost=34.11..3667.56 rows=944 width=121)
	        Recheck Cond: ((id >= 1777325) AND (id <= 1778324))
	        ->  Bitmap Index Scan on sbtest2_pkey  (cost=0.00..33.88 rows=944 width=0)
	              Index Cond: ((id >= 1777325) AND (id <= 1778324))

table 3 : explain SELECT c FROM sbtest3 WHERE id BETWEEN 6604052 AND 6605051 ORDER BY c
	Sort  (cost=4291.50..4294.24 rows=1095 width=121)
	  Sort Key: c
	  ->  Bitmap Heap Scan on sbtest3  (cost=35.66..4236.22 rows=1095 width=121)
	        Recheck Cond: ((id >= 6604052) AND (id <= 6605051))
	        ->  Bitmap Index Scan on sbtest3_pkey  (cost=0.00..35.39 rows=1095 width=0)
	              Index Cond: ((id >= 6604052) AND (id <= 6605051))

table 4 : explain SELECT c FROM sbtest4 WHERE id BETWEEN 6638741 AND 6639740 ORDER BY c
	Sort  (cost=3818.58..3820.99 rows=965 width=121)
	  Sort Key: c
	  ->  Index Scan using sbtest4_pkey on sbtest4  (cost=0.43..3770.75 rows=965 width=121)
	        Index Cond: ((id >= 6638741) AND (id <= 6639740))

table 5 : explain SELECT c FROM sbtest5 WHERE id BETWEEN 2995565 AND 2996564 ORDER BY c
	Sort  (cost=3666.42..3668.75 rows=931 width=121)
	  Sort Key: c
	  ->  Bitmap Heap Scan on sbtest5  (cost=33.98..3620.51 rows=931 width=121)
	        Recheck Cond: ((id >= 2995565) AND (id <= 2996564))
	        ->  Bitmap Index Scan on sbtest5_pkey  (cost=0.00..33.75 rows=931 width=0)
	              Index Cond: ((id >= 2995565) AND (id <= 2996564))

table 6 : explain SELECT c FROM sbtest6 WHERE id BETWEEN 3245190 AND 3246189 ORDER BY c
	Sort  (cost=3966.35..3968.87 rows=1009 width=121)
	  Sort Key: c
	  ->  Bitmap Heap Scan on sbtest6  (cost=34.78..3916.01 rows=1009 width=121)
	        Recheck Cond: ((id >= 3245190) AND (id <= 3246189))
	        ->  Bitmap Index Scan on sbtest6_pkey  (cost=0.00..34.53 rows=1009 width=0)
	              Index Cond: ((id >= 3245190) AND (id <= 3246189))

table 7 : explain SELECT c FROM sbtest7 WHERE id BETWEEN 4873792 AND 4874791 ORDER BY c
	Sort  (cost=4089.25..4091.85 rows=1041 width=121)
	  Sort Key: c
	  ->  Bitmap Heap Scan on sbtest7  (cost=35.11..4037.07 rows=1041 width=121)
	        Recheck Cond: ((id >= 4873792) AND (id <= 4874791))
	        ->  Bitmap Index Scan on sbtest7_pkey  (cost=0.00..34.84 rows=1041 width=0)
	              Index Cond: ((id >= 4873792) AND (id <= 4874791))

table 8 : explain SELECT c FROM sbtest8 WHERE id BETWEEN 2636818 AND 2637817 ORDER BY c
	Sort  (cost=3787.88..3790.27 rows=953 width=121)
	  Sort Key: c
	  ->  Index Scan using sbtest8_pkey on sbtest8  (cost=0.43..3740.73 rows=953 width=121)
	        Index Cond: ((id >= 2636818) AND (id <= 2637817))

explain: for point_selects :: explain SELECT c FROM sbtest%u WHERE id=%u
for: order_ranges
table 1 : explain SELECT c FROM sbtest1 WHERE id BETWEEN 4528950 AND 4529949 ORDER BY c
	Sort  (cost=4039.64..4042.22 rows=1030 width=121)
	  Sort Key: c
	  ->  Bitmap Heap Scan on sbtest1  (cost=34.99..3988.10 rows=1030 width=121)
	        Recheck Cond: ((id >= 4528950) AND (id <= 4529949))
	        ->  Bitmap Index Scan on sbtest1_pkey  (cost=0.00..34.73 rows=1030 width=0)
	              Index Cond: ((id >= 4528950) AND (id <= 4529949))

table 2 : explain SELECT c FROM sbtest2 WHERE id BETWEEN 363828 AND 364827 ORDER BY c
	Sort  (cost=4124.29..4126.92 rows=1051 width=121)
	  Sort Key: c
	  ->  Bitmap Heap Scan on sbtest2  (cost=35.21..4071.55 rows=1051 width=121)
	        Recheck Cond: ((id >= 363828) AND (id <= 364827))
	        ->  Bitmap Index Scan on sbtest2_pkey  (cost=0.00..34.95 rows=1051 width=0)
	              Index Cond: ((id >= 363828) AND (id <= 364827))

table 3 : explain SELECT c FROM sbtest3 WHERE id BETWEEN 3984363 AND 3985362 ORDER BY c
	Sort  (cost=3790.10..3792.51 rows=964 width=121)
	  Sort Key: c
	  ->  Bitmap Heap Scan on sbtest3  (cost=34.32..3742.32 rows=964 width=121)
	        Recheck Cond: ((id >= 3984363) AND (id <= 3985362))
	        ->  Bitmap Index Scan on sbtest3_pkey  (cost=0.00..34.08 rows=964 width=0)
	              Index Cond: ((id >= 3984363) AND (id <= 3985362))

table 4 : explain SELECT c FROM sbtest4 WHERE id BETWEEN 4032449 AND 4033448 ORDER BY c
	Sort  (cost=4031.51..4034.06 rows=1019 width=121)
	  Sort Key: c
	  ->  Index Scan using sbtest4_pkey on sbtest4  (cost=0.43..3980.60 rows=1019 width=121)
	        Index Cond: ((id >= 4032449) AND (id <= 4033448))

table 5 : explain SELECT c FROM sbtest5 WHERE id BETWEEN 6263608 AND 6264607 ORDER BY c
	Sort  (cost=4352.80..4355.57 rows=1109 width=121)
	  Sort Key: c
	  ->  Bitmap Heap Scan on sbtest5  (cost=39.80..4296.71 rows=1109 width=121)
	        Recheck Cond: ((id >= 6263608) AND (id <= 6264607))
	        ->  Bitmap Index Scan on sbtest5_pkey  (cost=0.00..39.53 rows=1109 width=0)
	              Index Cond: ((id >= 6263608) AND (id <= 6264607))

table 6 : explain SELECT c FROM sbtest6 WHERE id BETWEEN 4213803 AND 4214802 ORDER BY c
	Sort  (cost=4666.63..4669.61 rows=1192 width=121)
	  Sort Key: c
	  ->  Bitmap Heap Scan on sbtest6  (cost=40.65..4605.72 rows=1192 width=121)
	        Recheck Cond: ((id >= 4213803) AND (id <= 4214802))
	        ->  Bitmap Index Scan on sbtest6_pkey  (cost=0.00..40.36 rows=1192 width=0)
	              Index Cond: ((id >= 4213803) AND (id <= 4214802))

table 7 : explain SELECT c FROM sbtest7 WHERE id BETWEEN 6061952 AND 6062951 ORDER BY c
	Sort  (cost=3874.37..3876.81 rows=976 width=121)
	  Sort Key: c
	  ->  Index Scan using sbtest7_pkey on sbtest7  (cost=0.43..3825.90 rows=976 width=121)
	        Index Cond: ((id >= 6061952) AND (id <= 6062951))

table 8 : explain SELECT c FROM sbtest8 WHERE id BETWEEN 5466076 AND 5467075 ORDER BY c
	Sort  (cost=4433.77..4436.59 rows=1130 width=121)
	  Sort Key: c
	  ->  Bitmap Heap Scan on sbtest8  (cost=40.02..4376.46 rows=1130 width=121)
	        Recheck Cond: ((id >= 5466076) AND (id <= 5467075))
	        ->  Bitmap Index Scan on sbtest8_pkey  (cost=0.00..39.73 rows=1130 width=0)
	              Index Cond: ((id >= 5466076) AND (id <= 5467075))

for: simple_ranges
table 1 : explain SELECT c FROM sbtest1 WHERE id BETWEEN 2871153 AND 2872152
	Bitmap Heap Scan on sbtest1  (cost=34.64..3860.01 rows=996 width=121)
	  Recheck Cond: ((id >= 2871153) AND (id <= 2872152))
	  ->  Bitmap Index Scan on sbtest1_pkey  (cost=0.00..34.40 rows=996 width=0)
	        Index Cond: ((id >= 2871153) AND (id <= 2872152))

table 2 : explain SELECT c FROM sbtest2 WHERE id BETWEEN 2044512 AND 2045511
	Bitmap Heap Scan on sbtest2  (cost=34.67..3875.40 rows=999 width=121)
	  Recheck Cond: ((id >= 2044512) AND (id <= 2045511))
	  ->  Bitmap Index Scan on sbtest2_pkey  (cost=0.00..34.43 rows=999 width=0)
	        Index Cond: ((id >= 2044512) AND (id <= 2045511))

table 3 : explain SELECT c FROM sbtest3 WHERE id BETWEEN 7216183 AND 7217182
	Bitmap Heap Scan on sbtest3  (cost=34.86..3942.40 rows=1017 width=121)
	  Recheck Cond: ((id >= 7216183) AND (id <= 7217182))
	  ->  Bitmap Index Scan on sbtest3_pkey  (cost=0.00..34.61 rows=1017 width=0)
	        Index Cond: ((id >= 7216183) AND (id <= 7217182))

table 4 : explain SELECT c FROM sbtest4 WHERE id BETWEEN 2125105 AND 2126104
	Index Scan using sbtest4_pkey on sbtest4  (cost=0.43..3599.74 rows=921 width=121)
	  Index Cond: ((id >= 2125105) AND (id <= 2126104))

table 5 : explain SELECT c FROM sbtest5 WHERE id BETWEEN 8272806 AND 8273805
	Bitmap Heap Scan on sbtest5  (cost=35.37..4134.45 rows=1067 width=121)
	  Recheck Cond: ((id >= 8272806) AND (id <= 8273805))
	  ->  Bitmap Index Scan on sbtest5_pkey  (cost=0.00..35.11 rows=1067 width=0)
	        Index Cond: ((id >= 8272806) AND (id <= 8273805))

table 6 : explain SELECT c FROM sbtest6 WHERE id BETWEEN 3800377 AND 3801376
	Bitmap Heap Scan on sbtest6  (cost=34.81..3927.34 rows=1012 width=121)
	  Recheck Cond: ((id >= 3800377) AND (id <= 3801376))
	  ->  Bitmap Index Scan on sbtest6_pkey  (cost=0.00..34.56 rows=1012 width=0)
	        Index Cond: ((id >= 3800377) AND (id <= 3801376))

table 7 : explain SELECT c FROM sbtest7 WHERE id BETWEEN 1492880 AND 1493879
	Index Scan using sbtest7_pkey on sbtest7  (cost=0.43..3779.13 rows=964 width=121)
	  Index Cond: ((id >= 1492880) AND (id <= 1493879))

table 8 : explain SELECT c FROM sbtest8 WHERE id BETWEEN 7487215 AND 7488214
	Bitmap Heap Scan on sbtest8  (cost=35.30..4108.69 rows=1060 width=121)
	  Recheck Cond: ((id >= 7487215) AND (id <= 7488214))
	  ->  Bitmap Index Scan on sbtest8_pkey  (cost=0.00..35.04 rows=1060 width=0)
	        Index Cond: ((id >= 7487215) AND (id <= 7488214))

for: simple_ranges
table 1 : explain SELECT c FROM sbtest1 WHERE id BETWEEN 1557777 AND 1558776
	Bitmap Heap Scan on sbtest1  (cost=35.46..4161.17 rows=1076 width=121)
	  Recheck Cond: ((id >= 1557777) AND (id <= 1558776))
	  ->  Bitmap Index Scan on sbtest1_pkey  (cost=0.00..35.20 rows=1076 width=0)
	        Index Cond: ((id >= 1557777) AND (id <= 1558776))

table 2 : explain SELECT c FROM sbtest2 WHERE id BETWEEN 5847350 AND 5848349
	Bitmap Heap Scan on sbtest2  (cost=40.03..4376.67 rows=1131 width=121)
	  Recheck Cond: ((id >= 5847350) AND (id <= 5848349))
	  ->  Bitmap Index Scan on sbtest2_pkey  (cost=0.00..39.75 rows=1131 width=0)
	        Index Cond: ((id >= 5847350) AND (id <= 5848349))

table 3 : explain SELECT c FROM sbtest3 WHERE id BETWEEN 3499067 AND 3500066
	Bitmap Heap Scan on sbtest3  (cost=34.81..3923.54 rows=1012 width=121)
	  Recheck Cond: ((id >= 3499067) AND (id <= 3500066))
	  ->  Bitmap Index Scan on sbtest3_pkey  (cost=0.00..34.56 rows=1012 width=0)
	        Index Cond: ((id >= 3499067) AND (id <= 3500066))

table 4 : explain SELECT c FROM sbtest4 WHERE id BETWEEN 3862987 AND 3863986
	Index Scan using sbtest4_pkey on sbtest4  (cost=0.43..3852.33 rows=986 width=121)
	  Index Cond: ((id >= 3862987) AND (id <= 3863986))

table 5 : explain SELECT c FROM sbtest5 WHERE id BETWEEN 9843875 AND 9844874
	Bitmap Heap Scan on sbtest5  (cost=34.42..3783.25 rows=974 width=121)
	  Recheck Cond: ((id >= 9843875) AND (id <= 9844874))
	  ->  Bitmap Index Scan on sbtest5_pkey  (cost=0.00..34.18 rows=974 width=0)
	        Index Cond: ((id >= 9843875) AND (id <= 9844874))

table 6 : explain SELECT c FROM sbtest6 WHERE id BETWEEN 3908688 AND 3909687
	Bitmap Heap Scan on sbtest6  (cost=34.01..3632.28 rows=934 width=121)
	  Recheck Cond: ((id >= 3908688) AND (id <= 3909687))
	  ->  Bitmap Index Scan on sbtest6_pkey  (cost=0.00..33.78 rows=934 width=0)
	        Index Cond: ((id >= 3908688) AND (id <= 3909687))

table 7 : explain SELECT c FROM sbtest7 WHERE id BETWEEN 2001910 AND 2002909
	Index Scan using sbtest7_pkey on sbtest7  (cost=0.43..3701.14 rows=944 width=121)
	  Index Cond: ((id >= 2001910) AND (id <= 2002909))

table 8 : explain SELECT c FROM sbtest8 WHERE id BETWEEN 4044216 AND 4045215
	Bitmap Heap Scan on sbtest8  (cost=34.47..3802.72 rows=979 width=121)
	  Recheck Cond: ((id >= 4044216) AND (id <= 4045215))
	  ->  Bitmap Index Scan on sbtest8_pkey  (cost=0.00..34.23 rows=979 width=0)
	        Index Cond: ((id >= 4044216) AND (id <= 4045215))

for: simple_ranges
table 1 : explain SELECT c FROM sbtest1 WHERE id BETWEEN 8653568 AND 8654567
	Bitmap Heap Scan on sbtest1  (cost=34.16..3682.69 rows=949 width=121)
	  Recheck Cond: ((id >= 8653568) AND (id <= 8654567))
	  ->  Bitmap Index Scan on sbtest1_pkey  (cost=0.00..33.93 rows=949 width=0)
	        Index Cond: ((id >= 8653568) AND (id <= 8654567))

table 2 : explain SELECT c FROM sbtest2 WHERE id BETWEEN 8392070 AND 8393069
	Bitmap Heap Scan on sbtest2  (cost=39.83..4305.23 rows=1112 width=121)
	  Recheck Cond: ((id >= 8392070) AND (id <= 8393069))
	  ->  Bitmap Index Scan on sbtest2_pkey  (cost=0.00..39.56 rows=1112 width=0)
	        Index Cond: ((id >= 8392070) AND (id <= 8393069))

table 3 : explain SELECT c FROM sbtest3 WHERE id BETWEEN 6050024 AND 6051023
	Bitmap Heap Scan on sbtest3  (cost=34.54..3825.42 rows=986 width=121)
	  Recheck Cond: ((id >= 6050024) AND (id <= 6051023))
	  ->  Bitmap Index Scan on sbtest3_pkey  (cost=0.00..34.30 rows=986 width=0)
	        Index Cond: ((id >= 6050024) AND (id <= 6051023))

table 4 : explain SELECT c FROM sbtest4 WHERE id BETWEEN 2242081 AND 2243080
	Index Scan using sbtest4_pkey on sbtest4  (cost=0.43..4151.57 rows=1063 width=121)
	  Index Cond: ((id >= 2242081) AND (id <= 2243080))

table 5 : explain SELECT c FROM sbtest5 WHERE id BETWEEN 7079875 AND 7080874
	Bitmap Heap Scan on sbtest5  (cost=33.83..3567.47 rows=917 width=121)
	  Recheck Cond: ((id >= 7079875) AND (id <= 7080874))
	  ->  Bitmap Index Scan on sbtest5_pkey  (cost=0.00..33.61 rows=917 width=0)
	        Index Cond: ((id >= 7079875) AND (id <= 7080874))

table 6 : explain SELECT c FROM sbtest6 WHERE id BETWEEN 4751693 AND 4752692
	Bitmap Heap Scan on sbtest6  (cost=35.29..4104.77 rows=1059 width=121)
	  Recheck Cond: ((id >= 4751693) AND (id <= 4752692))
	  ->  Bitmap Index Scan on sbtest6_pkey  (cost=0.00..35.03 rows=1059 width=0)
	        Index Cond: ((id >= 4751693) AND (id <= 4752692))

table 7 : explain SELECT c FROM sbtest7 WHERE id BETWEEN 1849122 AND 1850121
	Index Scan using sbtest7_pkey on sbtest7  (cost=0.43..3985.78 rows=1017 width=121)
	  Index Cond: ((id >= 1849122) AND (id <= 1850121))

table 8 : explain SELECT c FROM sbtest8 WHERE id BETWEEN 6249968 AND 6250967
	Index Scan using sbtest8_pkey on sbtest8  (cost=0.43..3752.43 rows=956 width=121)
	  Index Cond: ((id >= 6249968) AND (id <= 6250967))

for: order_ranges
table 1 : explain SELECT c FROM sbtest1 WHERE id BETWEEN 351954 AND 352953 ORDER BY c
	Sort  (cost=4154.27..4156.92 rows=1060 width=121)
	  Sort Key: c
	  ->  Bitmap Heap Scan on sbtest1  (cost=35.30..4101.00 rows=1060 width=121)
	        Recheck Cond: ((id >= 351954) AND (id <= 352953))
	        ->  Bitmap Index Scan on sbtest1_pkey  (cost=0.00..35.04 rows=1060 width=0)
	              Index Cond: ((id >= 351954) AND (id <= 352953))

table 2 : explain SELECT c FROM sbtest2 WHERE id BETWEEN 366455 AND 367454 ORDER BY c
	Sort  (cost=4124.29..4126.92 rows=1051 width=121)
	  Sort Key: c
	  ->  Bitmap Heap Scan on sbtest2  (cost=35.21..4071.55 rows=1051 width=121)
	        Recheck Cond: ((id >= 366455) AND (id <= 367454))
	        ->  Bitmap Index Scan on sbtest2_pkey  (cost=0.00..34.95 rows=1051 width=0)
	              Index Cond: ((id >= 366455) AND (id <= 367454))

table 3 : explain SELECT c FROM sbtest3 WHERE id BETWEEN 9343243 AND 9344242 ORDER BY c
	Sort  (cost=3855.28..3857.74 rows=981 width=121)
	  Sort Key: c
	  ->  Bitmap Heap Scan on sbtest3  (cost=34.49..3806.54 rows=981 width=121)
	        Recheck Cond: ((id >= 9343243) AND (id <= 9344242))
	        ->  Bitmap Index Scan on sbtest3_pkey  (cost=0.00..34.25 rows=981 width=0)
	              Index Cond: ((id >= 9343243) AND (id <= 9344242))

table 4 : explain SELECT c FROM sbtest4 WHERE id BETWEEN 1684720 AND 1685719 ORDER BY c
	Sort  (cost=4205.01..4207.66 rows=1063 width=121)
	  Sort Key: c
	  ->  Index Scan using sbtest4_pkey on sbtest4  (cost=0.43..4151.57 rows=1063 width=121)
	        Index Cond: ((id >= 1684720) AND (id <= 1685719))

table 5 : explain SELECT c FROM sbtest5 WHERE id BETWEEN 2335062 AND 2336061 ORDER BY c
	Sort  (cost=3797.05..3799.46 rows=965 width=121)
	  Sort Key: c
	  ->  Bitmap Heap Scan on sbtest5  (cost=34.33..3749.21 rows=965 width=121)
	        Recheck Cond: ((id >= 2335062) AND (id <= 2336061))
	        ->  Bitmap Index Scan on sbtest5_pkey  (cost=0.00..34.09 rows=965 width=0)
	              Index Cond: ((id >= 2335062) AND (id <= 2336061))

table 6 : explain SELECT c FROM sbtest6 WHERE id BETWEEN 1820807 AND 1821806 ORDER BY c
	Sort  (cost=3659.14..3661.46 rows=929 width=121)
	  Sort Key: c
	  ->  Bitmap Heap Scan on sbtest6  (cost=33.96..3613.34 rows=929 width=121)
	        Recheck Cond: ((id >= 1820807) AND (id <= 1821806))
	        ->  Bitmap Index Scan on sbtest6_pkey  (cost=0.00..33.73 rows=929 width=0)
	              Index Cond: ((id >= 1820807) AND (id <= 1821806))

table 7 : explain SELECT c FROM sbtest7 WHERE id BETWEEN 6267110 AND 6268109 ORDER BY c
	Sort  (cost=4008.75..4011.30 rows=1020 width=121)
	  Sort Key: c
	  ->  Bitmap Heap Scan on sbtest7  (cost=34.89..3957.78 rows=1020 width=121)
	        Recheck Cond: ((id >= 6267110) AND (id <= 6268109))
	        ->  Bitmap Index Scan on sbtest7_pkey  (cost=0.00..34.64 rows=1020 width=0)
	              Index Cond: ((id >= 6267110) AND (id <= 6268109))

table 8 : explain SELECT c FROM sbtest8 WHERE id BETWEEN 1313410 AND 1314409 ORDER BY c
	Sort  (cost=3974.15..3976.68 rows=1011 width=121)
	  Sort Key: c
	  ->  Bitmap Heap Scan on sbtest8  (cost=34.80..3923.69 rows=1011 width=121)
	        Recheck Cond: ((id >= 1313410) AND (id <= 1314409))
	        ->  Bitmap Index Scan on sbtest8_pkey  (cost=0.00..34.55 rows=1011 width=0)
	              Index Cond: ((id >= 1313410) AND (id <= 1314409))

for point_selects
table 1 : explain SELECT c FROM sbtest1 WHERE id=7101570
	Index Scan using sbtest1_pkey on sbtest1  (cost=0.43..8.45 rows=1 width=121)
	  Index Cond: (id = 7101570)

table 2 : explain SELECT c FROM sbtest2 WHERE id=990210
	Index Scan using sbtest2_pkey on sbtest2  (cost=0.43..8.45 rows=1 width=121)
	  Index Cond: (id = 990210)

table 3 : explain SELECT c FROM sbtest3 WHERE id=3992978
	Index Scan using sbtest3_pkey on sbtest3  (cost=0.43..8.45 rows=1 width=121)
	  Index Cond: (id = 3992978)

table 4 : explain SELECT c FROM sbtest4 WHERE id=6809646
	Index Scan using sbtest4_pkey on sbtest4  (cost=0.43..8.45 rows=1 width=121)
	  Index Cond: (id = 6809646)

table 5 : explain SELECT c FROM sbtest5 WHERE id=1392576
	Index Scan using sbtest5_pkey on sbtest5  (cost=0.43..8.45 rows=1 width=121)
	  Index Cond: (id = 1392576)

table 6 : explain SELECT c FROM sbtest6 WHERE id=50608
	Index Scan using sbtest6_pkey on sbtest6  (cost=0.43..8.45 rows=1 width=121)
	  Index Cond: (id = 50608)

table 7 : explain SELECT c FROM sbtest7 WHERE id=1483071
	Index Scan using sbtest7_pkey on sbtest7  (cost=0.43..8.45 rows=1 width=121)
	  Index Cond: (id = 1483071)

table 8 : explain SELECT c FROM sbtest8 WHERE id=7312611
	Index Scan using sbtest8_pkey on sbtest8  (cost=0.43..8.45 rows=1 width=121)
	  Index Cond: (id = 7312611)

for: distinct_ranges
table 1 : explain SELECT DISTINCT c FROM sbtest1 WHERE id BETWEEN 9253282 AND 9254281 ORDER BY c
	Unique  (cost=4421.58..4427.23 rows=1130 width=121)
	  ->  Sort  (cost=4421.58..4424.41 rows=1130 width=121)
	        Sort Key: c
	        ->  Bitmap Heap Scan on sbtest1  (cost=40.02..4364.28 rows=1130 width=121)
	              Recheck Cond: ((id >= 9253282) AND (id <= 9254281))
	              ->  Bitmap Index Scan on sbtest1_pkey  (cost=0.00..39.73 rows=1130 width=0)
	                    Index Cond: ((id >= 9253282) AND (id <= 9254281))

table 2 : explain SELECT DISTINCT c FROM sbtest2 WHERE id BETWEEN 6980110 AND 6981109 ORDER BY c
	Unique  (cost=4330.93..4336.45 rows=1104 width=121)
	  ->  Sort  (cost=4330.93..4333.69 rows=1104 width=121)
	        Sort Key: c
	        ->  Bitmap Heap Scan on sbtest2  (cost=39.75..4275.13 rows=1104 width=121)
	              Recheck Cond: ((id >= 6980110) AND (id <= 6981109))
	              ->  Bitmap Index Scan on sbtest2_pkey  (cost=0.00..39.48 rows=1104 width=0)
	                    Index Cond: ((id >= 6980110) AND (id <= 6981109))

table 3 : explain SELECT DISTINCT c FROM sbtest3 WHERE id BETWEEN 9877414 AND 9878413 ORDER BY c
	Unique  (cost=4115.67..4120.91 rows=1049 width=121)
	  ->  Sort  (cost=4115.67..4118.29 rows=1049 width=121)
	        Sort Key: c
	        ->  Bitmap Heap Scan on sbtest3  (cost=35.19..4063.03 rows=1049 width=121)
	              Recheck Cond: ((id >= 9877414) AND (id <= 9878413))
	              ->  Bitmap Index Scan on sbtest3_pkey  (cost=0.00..34.93 rows=1049 width=0)
	                    Index Cond: ((id >= 9877414) AND (id <= 9878413))

table 4 : explain SELECT DISTINCT c FROM sbtest4 WHERE id BETWEEN 6102686 AND 6103685 ORDER BY c
	Unique  (cost=3921.10..3926.06 rows=991 width=121)
	  ->  Sort  (cost=3921.10..3923.58 rows=991 width=121)
	        Sort Key: c
	        ->  Index Scan using sbtest4_pkey on sbtest4  (cost=0.43..3871.79 rows=991 width=121)
	              Index Cond: ((id >= 6102686) AND (id <= 6103685))

table 5 : explain SELECT DISTINCT c FROM sbtest5 WHERE id BETWEEN 3432365 AND 3433364 ORDER BY c
	Unique  (cost=3916.03..3921.01 rows=996 width=121)
	  ->  Sort  (cost=3916.03..3918.52 rows=996 width=121)
	        Sort Key: c
	        ->  Bitmap Heap Scan on sbtest5  (cost=34.64..3866.43 rows=996 width=121)
	              Recheck Cond: ((id >= 3432365) AND (id <= 3433364))
	              ->  Bitmap Index Scan on sbtest5_pkey  (cost=0.00..34.40 rows=996 width=0)
	                    Index Cond: ((id >= 3432365) AND (id <= 3433364))

table 6 : explain SELECT DISTINCT c FROM sbtest6 WHERE id BETWEEN 691464 AND 692463 ORDER BY c
	Unique  (cost=3562.83..3567.35 rows=905 width=121)
	  ->  Sort  (cost=3562.83..3565.09 rows=905 width=121)
	        Sort Key: c
	        ->  Bitmap Heap Scan on sbtest6  (cost=29.71..3518.38 rows=905 width=121)
	              Recheck Cond: ((id >= 691464) AND (id <= 692463))
	              ->  Bitmap Index Scan on sbtest6_pkey  (cost=0.00..29.48 rows=905 width=0)
	                    Index Cond: ((id >= 691464) AND (id <= 692463))

table 7 : explain SELECT DISTINCT c FROM sbtest7 WHERE id BETWEEN 2904886 AND 2905885 ORDER BY c
	Unique  (cost=3724.06..3728.75 rows=938 width=121)
	  ->  Sort  (cost=3724.06..3726.41 rows=938 width=121)
	        Sort Key: c
	        ->  Index Scan using sbtest7_pkey on sbtest7  (cost=0.43..3677.76 rows=938 width=121)
	              Index Cond: ((id >= 2904886) AND (id <= 2905885))

table 8 : explain SELECT DISTINCT c FROM sbtest8 WHERE id BETWEEN 5901008 AND 5902007 ORDER BY c
	Unique  (cost=3893.58..3898.53 rows=990 width=121)
	  ->  Sort  (cost=3893.58..3896.06 rows=990 width=121)
	        Sort Key: c
	        ->  Bitmap Heap Scan on sbtest8  (cost=34.58..3844.32 rows=990 width=121)
	              Recheck Cond: ((id >= 5901008) AND (id <= 5902007))
	              ->  Bitmap Index Scan on sbtest8_pkey  (cost=0.00..34.34 rows=990 width=0)
	                    Index Cond: ((id >= 5901008) AND (id <= 5902007))

for: sum_ranges
table 1 : explain SELECT SUM(k) FROM sbtest1 WHERE id BETWEEN 6158971 AND 6159970
	Aggregate  (cost=3870.04..3870.05 rows=1 width=8)
	  ->  Bitmap Heap Scan on sbtest1  (cost=34.66..3867.55 rows=998 width=4)
	        Recheck Cond: ((id >= 6158971) AND (id <= 6159970))
	        ->  Bitmap Index Scan on sbtest1_pkey  (cost=0.00..34.42 rows=998 width=0)
	              Index Cond: ((id >= 6158971) AND (id <= 6159970))

table 2 : explain SELECT SUM(k) FROM sbtest2 WHERE id BETWEEN 6831383 AND 6832382
	Aggregate  (cost=3662.35..3662.36 rows=1 width=8)
	  ->  Bitmap Heap Scan on sbtest2  (cost=34.09..3659.99 rows=942 width=4)
	        Recheck Cond: ((id >= 6831383) AND (id <= 6832382))
	        ->  Bitmap Index Scan on sbtest2_pkey  (cost=0.00..33.86 rows=942 width=0)
	              Index Cond: ((id >= 6831383) AND (id <= 6832382))

table 3 : explain SELECT SUM(k) FROM sbtest3 WHERE id BETWEEN 9535344 AND 9536343
	Aggregate  (cost=3880.76..3880.77 rows=1 width=8)
	  ->  Bitmap Heap Scan on sbtest3  (cost=34.69..3878.26 rows=1000 width=4)
	        Recheck Cond: ((id >= 9535344) AND (id <= 9536343))
	        ->  Bitmap Index Scan on sbtest3_pkey  (cost=0.00..34.44 rows=1000 width=0)
	              Index Cond: ((id >= 9535344) AND (id <= 9536343))

table 4 : explain SELECT SUM(k) FROM sbtest4 WHERE id BETWEEN 8047085 AND 8048084
	Aggregate  (cost=4484.87..4484.88 rows=1 width=8)
	  ->  Index Scan using sbtest4_pkey on sbtest4  (cost=0.43..4482.01 rows=1147 width=4)
	        Index Cond: ((id >= 8047085) AND (id <= 8048084))

table 5 : explain SELECT SUM(k) FROM sbtest5 WHERE id BETWEEN 2532519 AND 2533518
	Aggregate  (cost=3997.43..3997.44 rows=1 width=8)
	  ->  Bitmap Heap Scan on sbtest5  (cost=34.99..3994.85 rows=1030 width=4)
	        Recheck Cond: ((id >= 2532519) AND (id <= 2533518))
	        ->  Bitmap Index Scan on sbtest5_pkey  (cost=0.00..34.73 rows=1030 width=0)
	              Index Cond: ((id >= 2532519) AND (id <= 2533518))

table 6 : explain SELECT SUM(k) FROM sbtest6 WHERE id BETWEEN 7062811 AND 7063810
	Aggregate  (cost=3903.40..3903.41 rows=1 width=8)
	  ->  Bitmap Heap Scan on sbtest6  (cost=34.74..3900.89 rows=1005 width=4)
	        Recheck Cond: ((id >= 7062811) AND (id <= 7063810))
	        ->  Bitmap Index Scan on sbtest6_pkey  (cost=0.00..34.48 rows=1005 width=0)
	              Index Cond: ((id >= 7062811) AND (id <= 7063810))

table 7 : explain SELECT SUM(k) FROM sbtest7 WHERE id BETWEEN 7415953 AND 7416952
	Aggregate  (cost=3867.38..3867.39 rows=1 width=8)
	  ->  Index Scan using sbtest7_pkey on sbtest7  (cost=0.43..3864.91 rows=986 width=4)
	        Index Cond: ((id >= 7415953) AND (id <= 7416952))

table 8 : explain SELECT SUM(k) FROM sbtest8 WHERE id BETWEEN 3463825 AND 3464824
	Aggregate  (cost=3933.78..3933.79 rows=1 width=8)
	  ->  Bitmap Heap Scan on sbtest8  (cost=34.82..3931.25 rows=1013 width=4)
	        Recheck Cond: ((id >= 3463825) AND (id <= 3464824))
	        ->  Bitmap Index Scan on sbtest8_pkey  (cost=0.00..34.57 rows=1013 width=0)
	              Index Cond: ((id >= 3463825) AND (id <= 3464824))

for: sum_ranges
table 1 : explain SELECT SUM(k) FROM sbtest1 WHERE id BETWEEN 431533 AND 432532
	Aggregate  (cost=3737.95..3737.96 rows=1 width=8)
	  ->  Bitmap Heap Scan on sbtest1  (cost=34.31..3735.54 rows=963 width=4)
	        Recheck Cond: ((id >= 431533) AND (id <= 432532))
	        ->  Bitmap Index Scan on sbtest1_pkey  (cost=0.00..34.07 rows=963 width=0)
	              Index Cond: ((id >= 431533) AND (id <= 432532))

table 2 : explain SELECT SUM(k) FROM sbtest2 WHERE id BETWEEN 641801 AND 642800
	Aggregate  (cost=3787.19..3787.20 rows=1 width=8)
	  ->  Bitmap Heap Scan on sbtest2  (cost=34.43..3784.75 rows=975 width=4)
	        Recheck Cond: ((id >= 641801) AND (id <= 642800))
	        ->  Bitmap Index Scan on sbtest2_pkey  (cost=0.00..34.19 rows=975 width=0)
	              Index Cond: ((id >= 641801) AND (id <= 642800))

table 3 : explain SELECT SUM(k) FROM sbtest3 WHERE id BETWEEN 421089 AND 422088
	Aggregate  (cost=3722.04..3722.05 rows=1 width=8)
	  ->  Bitmap Heap Scan on sbtest3  (cost=34.25..3719.65 rows=958 width=4)
	        Recheck Cond: ((id >= 421089) AND (id <= 422088))
	        ->  Bitmap Index Scan on sbtest3_pkey  (cost=0.00..34.02 rows=958 width=0)
	              Index Cond: ((id >= 421089) AND (id <= 422088))

table 4 : explain SELECT SUM(k) FROM sbtest4 WHERE id BETWEEN 7893662 AND 7894661
	Aggregate  (cost=3570.94..3570.95 rows=1 width=8)
	  ->  Index Scan using sbtest4_pkey on sbtest4  (cost=0.43..3568.66 rows=913 width=4)
	        Index Cond: ((id >= 7893662) AND (id <= 7894661))

table 5 : explain SELECT SUM(k) FROM sbtest5 WHERE id BETWEEN 9856976 AND 9857975
	Aggregate  (cost=3785.69..3785.70 rows=1 width=8)
	  ->  Bitmap Heap Scan on sbtest5  (cost=34.42..3783.25 rows=974 width=4)
	        Recheck Cond: ((id >= 9856976) AND (id <= 9857975))
	        ->  Bitmap Index Scan on sbtest5_pkey  (cost=0.00..34.18 rows=974 width=0)
	              Index Cond: ((id >= 9856976) AND (id <= 9857975))

table 6 : explain SELECT SUM(k) FROM sbtest6 WHERE id BETWEEN 7131327 AND 7132326
	Aggregate  (cost=3903.40..3903.41 rows=1 width=8)
	  ->  Bitmap Heap Scan on sbtest6  (cost=34.74..3900.89 rows=1005 width=4)
	        Recheck Cond: ((id >= 7131327) AND (id <= 7132326))
	        ->  Bitmap Index Scan on sbtest6_pkey  (cost=0.00..34.48 rows=1005 width=0)
	              Index Cond: ((id >= 7131327) AND (id <= 7132326))

table 7 : explain SELECT SUM(k) FROM sbtest7 WHERE id BETWEEN 8177431 AND 8178430
	Aggregate  (cost=3956.55..3956.56 rows=1 width=8)
	  ->  Bitmap Heap Scan on sbtest7  (cost=34.88..3954.00 rows=1019 width=4)
	        Recheck Cond: ((id >= 8177431) AND (id <= 8178430))
	        ->  Bitmap Index Scan on sbtest7_pkey  (cost=0.00..34.62 rows=1019 width=0)
	              Index Cond: ((id >= 8177431) AND (id <= 8178430))

table 8 : explain SELECT SUM(k) FROM sbtest8 WHERE id BETWEEN 6623259 AND 6624258
	Aggregate  (cost=3895.97..3895.98 rows=1 width=8)
	  ->  Bitmap Heap Scan on sbtest8  (cost=34.72..3893.46 rows=1003 width=4)
	        Recheck Cond: ((id >= 6623259) AND (id <= 6624258))
	        ->  Bitmap Index Scan on sbtest8_pkey  (cost=0.00..34.47 rows=1003 width=0)
	              Index Cond: ((id >= 6623259) AND (id <= 6624258))

for: sum_ranges
table 1 : explain SELECT SUM(k) FROM sbtest1 WHERE id BETWEEN 9463996 AND 9464995
	Aggregate  (cost=3719.07..3719.08 rows=1 width=8)
	  ->  Bitmap Heap Scan on sbtest1  (cost=34.25..3716.67 rows=958 width=4)
	        Recheck Cond: ((id >= 9463996) AND (id <= 9464995))
	        ->  Bitmap Index Scan on sbtest1_pkey  (cost=0.00..34.02 rows=958 width=0)
	              Index Cond: ((id >= 9463996) AND (id <= 9464995))

table 2 : explain SELECT SUM(k) FROM sbtest2 WHERE id BETWEEN 1971186 AND 1972185
	Aggregate  (cost=3681.27..3681.28 rows=1 width=8)
	  ->  Bitmap Heap Scan on sbtest2  (cost=34.14..3678.91 rows=947 width=4)
	        Recheck Cond: ((id >= 1971186) AND (id <= 1972185))
	        ->  Bitmap Index Scan on sbtest2_pkey  (cost=0.00..33.91 rows=947 width=0)
	              Index Cond: ((id >= 1971186) AND (id <= 1972185))

table 3 : explain SELECT SUM(k) FROM sbtest3 WHERE id BETWEEN 6612205 AND 6613204
	Aggregate  (cost=4238.96..4238.97 rows=1 width=8)
	  ->  Bitmap Heap Scan on sbtest3  (cost=35.66..4236.22 rows=1095 width=4)
	        Recheck Cond: ((id >= 6612205) AND (id <= 6613204))
	        ->  Bitmap Index Scan on sbtest3_pkey  (cost=0.00..35.39 rows=1095 width=0)
	              Index Cond: ((id >= 6612205) AND (id <= 6613204))

table 4 : explain SELECT SUM(k) FROM sbtest4 WHERE id BETWEEN 1112655 AND 1113654
	Aggregate  (cost=3734.25..3734.26 rows=1 width=8)
	  ->  Index Scan using sbtest4_pkey on sbtest4  (cost=0.43..3731.86 rows=955 width=4)
	        Index Cond: ((id >= 1112655) AND (id <= 1113654))

table 5 : explain SELECT SUM(k) FROM sbtest5 WHERE id BETWEEN 1972400 AND 1973399
	Aggregate  (cost=3868.92..3868.93 rows=1 width=8)
	  ->  Bitmap Heap Scan on sbtest5  (cost=34.64..3866.43 rows=996 width=4)
	        Recheck Cond: ((id >= 1972400) AND (id <= 1973399))
	        ->  Bitmap Index Scan on sbtest5_pkey  (cost=0.00..34.40 rows=996 width=0)
	              Index Cond: ((id >= 1972400) AND (id <= 1973399))

table 6 : explain SELECT SUM(k) FROM sbtest6 WHERE id BETWEEN 3507060 AND 3508059
	Aggregate  (cost=3516.85..3516.86 rows=1 width=8)
	  ->  Bitmap Heap Scan on sbtest6  (cost=29.70..3514.59 rows=904 width=4)
	        Recheck Cond: ((id >= 3507060) AND (id <= 3508059))
	        ->  Bitmap Index Scan on sbtest6_pkey  (cost=0.00..29.47 rows=904 width=0)
	              Index Cond: ((id >= 3507060) AND (id <= 3508059))

table 7 : explain SELECT SUM(k) FROM sbtest7 WHERE id BETWEEN 8734570 AND 8735569
	Aggregate  (cost=3812.74..3812.75 rows=1 width=8)
	  ->  Index Scan using sbtest7_pkey on sbtest7  (cost=0.43..3810.31 rows=972 width=4)
	        Index Cond: ((id >= 8734570) AND (id <= 8735569))

table 8 : explain SELECT SUM(k) FROM sbtest8 WHERE id BETWEEN 8647267 AND 8648266
	Aggregate  (cost=3831.66..3831.67 rows=1 width=8)
	  ->  Bitmap Heap Scan on sbtest8  (cost=34.54..3829.20 rows=986 width=4)
	        Recheck Cond: ((id >= 8647267) AND (id <= 8648266))
	        ->  Bitmap Index Scan on sbtest8_pkey  (cost=0.00..34.30 rows=986 width=0)
	              Index Cond: ((id >= 8647267) AND (id <= 8648266))

for: distinct_ranges
table 1 : explain SELECT DISTINCT c FROM sbtest1 WHERE id BETWEEN 8319321 AND 8320320 ORDER BY c
	Unique  (cost=3368.67..3372.95 rows=856 width=121)
	  ->  Sort  (cost=3368.67..3370.81 rows=856 width=121)
	        Sort Key: c
	        ->  Bitmap Heap Scan on sbtest1  (cost=29.21..3326.97 rows=856 width=121)
	              Recheck Cond: ((id >= 8319321) AND (id <= 8320320))
	              ->  Bitmap Index Scan on sbtest1_pkey  (cost=0.00..29.00 rows=856 width=0)
	                    Index Cond: ((id >= 8319321) AND (id <= 8320320))

table 2 : explain SELECT DISTINCT c FROM sbtest2 WHERE id BETWEEN 1740410 AND 1741409 ORDER BY c
	Unique  (cost=3714.21..3718.93 rows=944 width=121)
	  ->  Sort  (cost=3714.21..3716.57 rows=944 width=121)
	        Sort Key: c
	        ->  Bitmap Heap Scan on sbtest2  (cost=34.11..3667.56 rows=944 width=121)
	              Recheck Cond: ((id >= 1740410) AND (id <= 1741409))
	              ->  Bitmap Index Scan on sbtest2_pkey  (cost=0.00..33.88 rows=944 width=0)
	                    Index Cond: ((id >= 1740410) AND (id <= 1741409))

table 3 : explain SELECT DISTINCT c FROM sbtest3 WHERE id BETWEEN 4807840 AND 4808839 ORDER BY c
	Unique  (cost=3674.99..3679.66 rows=934 width=121)
	  ->  Sort  (cost=3674.99..3677.33 rows=934 width=121)
	        Sort Key: c
	        ->  Bitmap Heap Scan on sbtest3  (cost=34.01..3628.91 rows=934 width=121)
	              Recheck Cond: ((id >= 4807840) AND (id <= 4808839))
	              ->  Bitmap Index Scan on sbtest3_pkey  (cost=0.00..33.78 rows=934 width=0)
	                    Index Cond: ((id >= 4807840) AND (id <= 4808839))

table 4 : explain SELECT DISTINCT c FROM sbtest4 WHERE id BETWEEN 5545977 AND 5546976 ORDER BY c
	Unique  (cost=3901.36..3906.29 rows=986 width=121)
	  ->  Sort  (cost=3901.36..3903.82 rows=986 width=121)
	        Sort Key: c
	        ->  Index Scan using sbtest4_pkey on sbtest4  (cost=0.43..3852.33 rows=986 width=121)
	              Index Cond: ((id >= 5545977) AND (id <= 5546976))

table 5 : explain SELECT DISTINCT c FROM sbtest5 WHERE id BETWEEN 915037 AND 916036 ORDER BY c
	Unique  (cost=3762.48..3767.26 rows=956 width=121)
	  ->  Sort  (cost=3762.48..3764.87 rows=956 width=121)
	        Sort Key: c
	        ->  Bitmap Heap Scan on sbtest5  (cost=34.23..3715.16 rows=956 width=121)
	              Recheck Cond: ((id >= 915037) AND (id <= 916036))
	              ->  Bitmap Index Scan on sbtest5_pkey  (cost=0.00..34.00 rows=956 width=0)
	                    Index Cond: ((id >= 915037) AND (id <= 916036))

table 6 : explain SELECT DISTINCT c FROM sbtest6 WHERE id BETWEEN 6269606 AND 6270605 ORDER BY c
	Unique  (cost=4284.30..4289.76 rows=1092 width=121)
	  ->  Sort  (cost=4284.30..4287.03 rows=1092 width=121)
	        Sort Key: c
	        ->  Bitmap Heap Scan on sbtest6  (cost=35.63..4229.20 rows=1092 width=121)
	              Recheck Cond: ((id >= 6269606) AND (id <= 6270605))
	              ->  Bitmap Index Scan on sbtest6_pkey  (cost=0.00..35.36 rows=1092 width=0)
	                    Index Cond: ((id >= 6269606) AND (id <= 6270605))

table 7 : explain SELECT DISTINCT c FROM sbtest7 WHERE id BETWEEN 4336219 AND 4337218 ORDER BY c
	Unique  (cost=3747.79..3752.51 rows=944 width=121)
	  ->  Sort  (cost=3747.79..3750.15 rows=944 width=121)
	        Sort Key: c
	        ->  Index Scan using sbtest7_pkey on sbtest7  (cost=0.43..3701.14 rows=944 width=121)
	              Index Cond: ((id >= 4336219) AND (id <= 4337218))

table 8 : explain SELECT DISTINCT c FROM sbtest8 WHERE id BETWEEN 5984344 AND 5985343 ORDER BY c
	Unique  (cost=3882.07..3887.00 rows=987 width=121)
	  ->  Sort  (cost=3882.07..3884.53 rows=987 width=121)
	        Sort Key: c
	        ->  Bitmap Heap Scan on sbtest8  (cost=34.55..3832.98 rows=987 width=121)
	              Recheck Cond: ((id >= 5984344) AND (id <= 5985343))
	              ->  Bitmap Index Scan on sbtest8_pkey  (cost=0.00..34.31 rows=987 width=0)
	                    Index Cond: ((id >= 5984344) AND (id <= 5985343))

for: sum_ranges
table 1 : explain SELECT SUM(k) FROM sbtest1 WHERE id BETWEEN 2778556 AND 2779555
	Aggregate  (cost=3703.96..3703.97 rows=1 width=8)
	  ->  Bitmap Heap Scan on sbtest1  (cost=34.21..3701.57 rows=954 width=4)
	        Recheck Cond: ((id >= 2778556) AND (id <= 2779555))
	        ->  Bitmap Index Scan on sbtest1_pkey  (cost=0.00..33.98 rows=954 width=0)
	              Index Cond: ((id >= 2778556) AND (id <= 2779555))

table 2 : explain SELECT SUM(k) FROM sbtest2 WHERE id BETWEEN 1064587 AND 1065586
	Aggregate  (cost=3824.99..3825.00 rows=1 width=8)
	  ->  Bitmap Heap Scan on sbtest2  (cost=34.53..3822.53 rows=985 width=4)
	        Recheck Cond: ((id >= 1064587) AND (id <= 1065586))
	        ->  Bitmap Index Scan on sbtest2_pkey  (cost=0.00..34.29 rows=985 width=0)
	              Index Cond: ((id >= 1064587) AND (id <= 1065586))

table 3 : explain SELECT SUM(k) FROM sbtest3 WHERE id BETWEEN 7804290 AND 7805289
	Aggregate  (cost=3986.45..3986.46 rows=1 width=8)
	  ->  Bitmap Heap Scan on sbtest3  (cost=34.97..3983.88 rows=1028 width=4)
	        Recheck Cond: ((id >= 7804290) AND (id <= 7805289))
	        ->  Bitmap Index Scan on sbtest3_pkey  (cost=0.00..34.72 rows=1028 width=0)
	              Index Cond: ((id >= 7804290) AND (id <= 7805289))

table 4 : explain SELECT SUM(k) FROM sbtest4 WHERE id BETWEEN 9422712 AND 9423711
	Aggregate  (cost=4091.99..4092.00 rows=1 width=8)
	  ->  Index Scan using sbtest4_pkey on sbtest4  (cost=0.43..4089.38 rows=1047 width=4)
	        Index Cond: ((id >= 9422712) AND (id <= 9423711))

table 5 : explain SELECT SUM(k) FROM sbtest5 WHERE id BETWEEN 5839995 AND 5840994
	Aggregate  (cost=4220.10..4220.11 rows=1 width=8)
	  ->  Bitmap Heap Scan on sbtest5  (cost=35.60..4217.37 rows=1089 width=4)
	        Recheck Cond: ((id >= 5839995) AND (id <= 5840994))
	        ->  Bitmap Index Scan on sbtest5_pkey  (cost=0.00..35.33 rows=1089 width=0)
	              Index Cond: ((id >= 5839995) AND (id <= 5840994))

table 6 : explain SELECT SUM(k) FROM sbtest6 WHERE id BETWEEN 62330 AND 63329
	Aggregate  (cost=4364.07..4364.08 rows=1 width=8)
	  ->  Bitmap Heap Scan on sbtest6  (cost=39.98..4361.25 rows=1126 width=4)
	        Recheck Cond: ((id >= 62330) AND (id <= 63329))
	        ->  Bitmap Index Scan on sbtest6_pkey  (cost=0.00..39.70 rows=1126 width=0)
	              Index Cond: ((id >= 62330) AND (id <= 63329))

table 7 : explain SELECT SUM(k) FROM sbtest7 WHERE id BETWEEN 6296301 AND 6297300
	Aggregate  (cost=3711.31..3711.32 rows=1 width=8)
	  ->  Index Scan using sbtest7_pkey on sbtest7  (cost=0.43..3708.94 rows=946 width=4)
	        Index Cond: ((id >= 6296301) AND (id <= 6297300))

table 8 : explain SELECT SUM(k) FROM sbtest8 WHERE id BETWEEN 9884636 AND 9885635
	Aggregate  (cost=4152.85..4152.86 rows=1 width=8)
	  ->  Bitmap Heap Scan on sbtest8  (cost=35.41..4150.18 rows=1071 width=4)
	        Recheck Cond: ((id >= 9884636) AND (id <= 9885635))
	        ->  Bitmap Index Scan on sbtest8_pkey  (cost=0.00..35.15 rows=1071 width=0)
	              Index Cond: ((id >= 9884636) AND (id <= 9885635))

for: simple_ranges
table 1 : explain SELECT c FROM sbtest1 WHERE id BETWEEN 9551322 AND 9552321
	Bitmap Heap Scan on sbtest1  (cost=34.98..3984.34 rows=1029 width=121)
	  Recheck Cond: ((id >= 9551322) AND (id <= 9552321))
	  ->  Bitmap Index Scan on sbtest1_pkey  (cost=0.00..34.73 rows=1029 width=0)
	        Index Cond: ((id >= 9551322) AND (id <= 9552321))

table 2 : explain SELECT c FROM sbtest2 WHERE id BETWEEN 3386165 AND 3387164
	Bitmap Heap Scan on sbtest2  (cost=35.28..4097.93 rows=1058 width=121)
	  Recheck Cond: ((id >= 3386165) AND (id <= 3387164))
	  ->  Bitmap Index Scan on sbtest2_pkey  (cost=0.00..35.02 rows=1058 width=0)
	        Index Cond: ((id >= 3386165) AND (id <= 3387164))

table 3 : explain SELECT c FROM sbtest3 WHERE id BETWEEN 7660076 AND 7661075
	Bitmap Heap Scan on sbtest3  (cost=34.56..3832.97 rows=988 width=121)
	  Recheck Cond: ((id >= 7660076) AND (id <= 7661075))
	  ->  Bitmap Index Scan on sbtest3_pkey  (cost=0.00..34.32 rows=988 width=0)
	        Index Cond: ((id >= 7660076) AND (id <= 7661075))

table 4 : explain SELECT c FROM sbtest4 WHERE id BETWEEN 2966423 AND 2967422
	Index Scan using sbtest4_pkey on sbtest4  (cost=0.43..3630.85 rows=929 width=121)
	  Index Cond: ((id >= 2966423) AND (id <= 2967422))

table 5 : explain SELECT c FROM sbtest5 WHERE id BETWEEN 116388 AND 117387
	Bitmap Heap Scan on sbtest5  (cost=39.83..4308.01 rows=1112 width=121)
	  Recheck Cond: ((id >= 116388) AND (id <= 117387))
	  ->  Bitmap Index Scan on sbtest5_pkey  (cost=0.00..39.56 rows=1112 width=0)
	        Index Cond: ((id >= 116388) AND (id <= 117387))

table 6 : explain SELECT c FROM sbtest6 WHERE id BETWEEN 9115210 AND 9116209
	Bitmap Heap Scan on sbtest6  (cost=35.27..4097.23 rows=1057 width=121)
	  Recheck Cond: ((id >= 9115210) AND (id <= 9116209))
	  ->  Bitmap Index Scan on sbtest6_pkey  (cost=0.00..35.01 rows=1057 width=0)
	        Index Cond: ((id >= 9115210) AND (id <= 9116209))

table 7 : explain SELECT c FROM sbtest7 WHERE id BETWEEN 9849302 AND 9850301
	Index Scan using sbtest7_pkey on sbtest7  (cost=0.43..3786.93 rows=966 width=121)
	  Index Cond: ((id >= 9849302) AND (id <= 9850301))

table 8 : explain SELECT c FROM sbtest8 WHERE id BETWEEN 7493055 AND 7494054
	Bitmap Heap Scan on sbtest8  (cost=35.30..4108.69 rows=1060 width=121)
	  Recheck Cond: ((id >= 7493055) AND (id <= 7494054))
	  ->  Bitmap Index Scan on sbtest8_pkey  (cost=0.00..35.04 rows=1060 width=0)
	        Index Cond: ((id >= 7493055) AND (id <= 7494054))

for: distinct_ranges
table 1 : explain SELECT DISTINCT c FROM sbtest1 WHERE id BETWEEN 992043 AND 993042 ORDER BY c
	Unique  (cost=3810.08..3814.93 rows=970 width=121)
	  ->  Sort  (cost=3810.08..3812.50 rows=970 width=121)
	        Sort Key: c
	        ->  Bitmap Heap Scan on sbtest1  (cost=34.38..3761.96 rows=970 width=121)
	              Recheck Cond: ((id >= 992043) AND (id <= 993042))
	              ->  Bitmap Index Scan on sbtest1_pkey  (cost=0.00..34.14 rows=970 width=0)
	                    Index Cond: ((id >= 992043) AND (id <= 993042))

table 2 : explain SELECT DISTINCT c FROM sbtest2 WHERE id BETWEEN 9594919 AND 9595918 ORDER BY c
	Unique  (cost=3852.33..3857.23 rows=980 width=121)
	  ->  Sort  (cost=3852.33..3854.78 rows=980 width=121)
	        Sort Key: c
	        ->  Bitmap Heap Scan on sbtest2  (cost=34.48..3803.64 rows=980 width=121)
	              Recheck Cond: ((id >= 9594919) AND (id <= 9595918))
	              ->  Bitmap Index Scan on sbtest2_pkey  (cost=0.00..34.23 rows=980 width=0)
	                    Index Cond: ((id >= 9594919) AND (id <= 9595918))

table 3 : explain SELECT DISTINCT c FROM sbtest3 WHERE id BETWEEN 6219544 AND 6220543 ORDER BY c
	Unique  (cost=3885.94..3890.89 rows=989 width=121)
	  ->  Sort  (cost=3885.94..3888.42 rows=989 width=121)
	        Sort Key: c
	        ->  Bitmap Heap Scan on sbtest3  (cost=34.57..3836.74 rows=989 width=121)
	              Recheck Cond: ((id >= 6219544) AND (id <= 6220543))
	              ->  Bitmap Index Scan on sbtest3_pkey  (cost=0.00..34.33 rows=989 width=0)
	                    Index Cond: ((id >= 6219544) AND (id <= 6220543))

table 4 : explain SELECT DISTINCT c FROM sbtest4 WHERE id BETWEEN 25015 AND 26014 ORDER BY c
	Unique  (cost=4137.95..4143.18 rows=1046 width=121)
	  ->  Sort  (cost=4137.95..4140.57 rows=1046 width=121)
	        Sort Key: c
	        ->  Index Scan using sbtest4_pkey on sbtest4  (cost=0.43..4085.49 rows=1046 width=121)
	              Index Cond: ((id >= 25015) AND (id <= 26014))

table 5 : explain SELECT DISTINCT c FROM sbtest5 WHERE id BETWEEN 198288 AND 199287 ORDER BY c
	Unique  (cost=4214.91..4220.28 rows=1074 width=121)
	  ->  Sort  (cost=4214.91..4217.59 rows=1074 width=121)
	        Sort Key: c
	        ->  Bitmap Heap Scan on sbtest5  (cost=35.44..4160.84 rows=1074 width=121)
	              Recheck Cond: ((id >= 198288) AND (id <= 199287))
	              ->  Bitmap Index Scan on sbtest5_pkey  (cost=0.00..35.18 rows=1074 width=0)
	                    Index Cond: ((id >= 198288) AND (id <= 199287))

table 6 : explain SELECT DISTINCT c FROM sbtest6 WHERE id BETWEEN 550968 AND 551967 ORDER BY c
	Unique  (cost=4445.08..4450.74 rows=1133 width=121)
	  ->  Sort  (cost=4445.08..4447.91 rows=1133 width=121)
	        Sort Key: c
	        ->  Bitmap Heap Scan on sbtest6  (cost=40.05..4387.60 rows=1133 width=121)
	              Recheck Cond: ((id >= 550968) AND (id <= 551967))
	              ->  Bitmap Index Scan on sbtest6_pkey  (cost=0.00..39.77 rows=1133 width=0)
	                    Index Cond: ((id >= 550968) AND (id <= 551967))

table 7 : explain SELECT DISTINCT c FROM sbtest7 WHERE id BETWEEN 3771781 AND 3772780 ORDER BY c
	Unique  (cost=4031.75..4036.88 rows=1026 width=121)
	  ->  Sort  (cost=4031.75..4034.32 rows=1026 width=121)
	        Sort Key: c
	        ->  Bitmap Heap Scan on sbtest7  (cost=34.95..3980.44 rows=1026 width=121)
	              Recheck Cond: ((id >= 3771781) AND (id <= 3772780))
	              ->  Bitmap Index Scan on sbtest7_pkey  (cost=0.00..34.70 rows=1026 width=0)
	                    Index Cond: ((id >= 3771781) AND (id <= 3772780))

table 8 : explain SELECT DISTINCT c FROM sbtest8 WHERE id BETWEEN 8166772 AND 8167771 ORDER BY c
	Unique  (cost=3977.99..3983.05 rows=1012 width=121)
	  ->  Sort  (cost=3977.99..3980.52 rows=1012 width=121)
	        Sort Key: c
	        ->  Bitmap Heap Scan on sbtest8  (cost=34.81..3927.47 rows=1012 width=121)
	              Recheck Cond: ((id >= 8166772) AND (id <= 8167771))
	              ->  Bitmap Index Scan on sbtest8_pkey  (cost=0.00..34.56 rows=1012 width=0)
	                    Index Cond: ((id >= 8166772) AND (id <= 8167771))

for point_selects
table 1 : explain SELECT c FROM sbtest1 WHERE id=9113544
	Index Scan using sbtest1_pkey on sbtest1  (cost=0.43..8.45 rows=1 width=121)
	  Index Cond: (id = 9113544)

table 2 : explain SELECT c FROM sbtest2 WHERE id=7139753
	Index Scan using sbtest2_pkey on sbtest2  (cost=0.43..8.45 rows=1 width=121)
	  Index Cond: (id = 7139753)

table 3 : explain SELECT c FROM sbtest3 WHERE id=7772926
	Index Scan using sbtest3_pkey on sbtest3  (cost=0.43..8.45 rows=1 width=121)
	  Index Cond: (id = 7772926)

table 4 : explain SELECT c FROM sbtest4 WHERE id=4856916
	Index Scan using sbtest4_pkey on sbtest4  (cost=0.43..8.45 rows=1 width=121)
	  Index Cond: (id = 4856916)

table 5 : explain SELECT c FROM sbtest5 WHERE id=8667469
	Index Scan using sbtest5_pkey on sbtest5  (cost=0.43..8.45 rows=1 width=121)
	  Index Cond: (id = 8667469)

table 6 : explain SELECT c FROM sbtest6 WHERE id=9838656
	Index Scan using sbtest6_pkey on sbtest6  (cost=0.43..8.45 rows=1 width=121)
	  Index Cond: (id = 9838656)

table 7 : explain SELECT c FROM sbtest7 WHERE id=2939587
	Index Scan using sbtest7_pkey on sbtest7  (cost=0.43..8.45 rows=1 width=121)
	  Index Cond: (id = 2939587)

table 8 : explain SELECT c FROM sbtest8 WHERE id=7895924
	Index Scan using sbtest8_pkey on sbtest8  (cost=0.43..8.45 rows=1 width=121)
	  Index Cond: (id = 7895924)

for point_selects
table 1 : explain SELECT c FROM sbtest1 WHERE id=4370086
	Index Scan using sbtest1_pkey on sbtest1  (cost=0.43..8.45 rows=1 width=121)
	  Index Cond: (id = 4370086)

table 2 : explain SELECT c FROM sbtest2 WHERE id=9341803
	Index Scan using sbtest2_pkey on sbtest2  (cost=0.43..8.45 rows=1 width=121)
	  Index Cond: (id = 9341803)

table 3 : explain SELECT c FROM sbtest3 WHERE id=2690880
	Index Scan using sbtest3_pkey on sbtest3  (cost=0.43..8.45 rows=1 width=121)
	  Index Cond: (id = 2690880)

table 4 : explain SELECT c FROM sbtest4 WHERE id=2485397
	Index Scan using sbtest4_pkey on sbtest4  (cost=0.43..8.45 rows=1 width=121)
	  Index Cond: (id = 2485397)

table 5 : explain SELECT c FROM sbtest5 WHERE id=8831302
	Index Scan using sbtest5_pkey on sbtest5  (cost=0.43..8.45 rows=1 width=121)
	  Index Cond: (id = 8831302)

table 6 : explain SELECT c FROM sbtest6 WHERE id=1787584
	Index Scan using sbtest6_pkey on sbtest6  (cost=0.43..8.45 rows=1 width=121)
	  Index Cond: (id = 1787584)

table 7 : explain SELECT c FROM sbtest7 WHERE id=3478469
	Index Scan using sbtest7_pkey on sbtest7  (cost=0.43..8.45 rows=1 width=121)
	  Index Cond: (id = 3478469)

table 8 : explain SELECT c FROM sbtest8 WHERE id=1701762
	Index Scan using sbtest8_pkey on sbtest8  (cost=0.43..8.45 rows=1 width=121)
	  Index Cond: (id = 1701762)

for: order_ranges
table 1 : explain SELECT c FROM sbtest1 WHERE id BETWEEN 1549673 AND 1550672 ORDER BY c
	Sort  (cost=4215.36..4218.05 rows=1076 width=121)
	  Sort Key: c
	  ->  Bitmap Heap Scan on sbtest1  (cost=35.46..4161.17 rows=1076 width=121)
	        Recheck Cond: ((id >= 1549673) AND (id <= 1550672))
	        ->  Bitmap Index Scan on sbtest1_pkey  (cost=0.00..35.20 rows=1076 width=0)
	              Index Cond: ((id >= 1549673) AND (id <= 1550672))

table 2 : explain SELECT c FROM sbtest2 WHERE id BETWEEN 4196769 AND 4197768 ORDER BY c
	Sort  (cost=3879.17..3881.64 rows=987 width=121)
	  Sort Key: c
	  ->  Bitmap Heap Scan on sbtest2  (cost=34.55..3830.08 rows=987 width=121)
	        Recheck Cond: ((id >= 4196769) AND (id <= 4197768))
	        ->  Bitmap Index Scan on sbtest2_pkey  (cost=0.00..34.31 rows=987 width=0)
	              Index Cond: ((id >= 4196769) AND (id <= 4197768))

table 3 : explain SELECT c FROM sbtest3 WHERE id BETWEEN 4835030 AND 4836029 ORDER BY c
	Sort  (cost=3674.99..3677.33 rows=934 width=121)
	  Sort Key: c
	  ->  Bitmap Heap Scan on sbtest3  (cost=34.01..3628.91 rows=934 width=121)
	        Recheck Cond: ((id >= 4835030) AND (id <= 4836029))
	        ->  Bitmap Index Scan on sbtest3_pkey  (cost=0.00..33.78 rows=934 width=0)
	              Index Cond: ((id >= 4835030) AND (id <= 4836029))

table 4 : explain SELECT c FROM sbtest4 WHERE id BETWEEN 3883009 AND 3884008 ORDER BY c
	Sort  (cost=3901.36..3903.82 rows=986 width=121)
	  Sort Key: c
	  ->  Index Scan using sbtest4_pkey on sbtest4  (cost=0.43..3852.33 rows=986 width=121)
	        Index Cond: ((id >= 3883009) AND (id <= 3884008))

table 5 : explain SELECT c FROM sbtest5 WHERE id BETWEEN 4629502 AND 4630501 ORDER BY c
	Sort  (cost=4107.70..4110.31 rows=1046 width=121)
	  Sort Key: c
	  ->  Bitmap Heap Scan on sbtest5  (cost=35.16..4055.24 rows=1046 width=121)
	        Recheck Cond: ((id >= 4629502) AND (id <= 4630501))
	        ->  Bitmap Index Scan on sbtest5_pkey  (cost=0.00..34.90 rows=1046 width=0)
	              Index Cond: ((id >= 4629502) AND (id <= 4630501))

table 6 : explain SELECT c FROM sbtest6 WHERE id BETWEEN 6851809 AND 6852808 ORDER BY c
	Sort  (cost=3632.22..3634.53 rows=922 width=121)
	  Sort Key: c
	  ->  Bitmap Heap Scan on sbtest6  (cost=33.89..3586.82 rows=922 width=121)
	        Recheck Cond: ((id >= 6851809) AND (id <= 6852808))
	        ->  Bitmap Index Scan on sbtest6_pkey  (cost=0.00..33.66 rows=922 width=0)
	              Index Cond: ((id >= 6851809) AND (id <= 6852808))

table 7 : explain SELECT c FROM sbtest7 WHERE id BETWEEN 96944 AND 97943 ORDER BY c
	Sort  (cost=3949.54..3952.02 rows=995 width=121)
	  Sort Key: c
	  ->  Index Scan using sbtest7_pkey on sbtest7  (cost=0.43..3899.99 rows=995 width=121)
	        Index Cond: ((id >= 96944) AND (id <= 97943))

table 8 : explain SELECT c FROM sbtest8 WHERE id BETWEEN 8998605 AND 8999604 ORDER BY c
	Sort  (cost=3889.74..3892.22 rows=989 width=121)
	  Sort Key: c
	  ->  Bitmap Heap Scan on sbtest8  (cost=34.57..3840.54 rows=989 width=121)
	        Recheck Cond: ((id >= 8998605) AND (id <= 8999604))
	        ->  Bitmap Index Scan on sbtest8_pkey  (cost=0.00..34.33 rows=989 width=0)
	              Index Cond: ((id >= 8998605) AND (id <= 8999604))

for: distinct_ranges
table 1 : explain SELECT DISTINCT c FROM sbtest1 WHERE id BETWEEN 9859590 AND 9860589 ORDER BY c
	Unique  (cost=3560.72..3565.25 rows=906 width=121)
	  ->  Sort  (cost=3560.72..3562.98 rows=906 width=121)
	        Sort Key: c
	        ->  Bitmap Heap Scan on sbtest1  (cost=29.72..3516.22 rows=906 width=121)
	              Recheck Cond: ((id >= 9859590) AND (id <= 9860589))
	              ->  Bitmap Index Scan on sbtest1_pkey  (cost=0.00..29.50 rows=906 width=0)
	                    Index Cond: ((id >= 9859590) AND (id <= 9860589))

table 2 : explain SELECT DISTINCT c FROM sbtest2 WHERE id BETWEEN 9925295 AND 9926294 ORDER BY c
	Unique  (cost=3840.83..3845.71 rows=977 width=121)
	  ->  Sort  (cost=3840.83..3843.27 rows=977 width=121)
	        Sort Key: c
	        ->  Bitmap Heap Scan on sbtest2  (cost=34.45..3792.31 rows=977 width=121)
	              Recheck Cond: ((id >= 9925295) AND (id <= 9926294))
	              ->  Bitmap Index Scan on sbtest2_pkey  (cost=0.00..34.20 rows=977 width=0)
	                    Index Cond: ((id >= 9925295) AND (id <= 9926294))

table 3 : explain SELECT DISTINCT c FROM sbtest3 WHERE id BETWEEN 5351679 AND 5352678 ORDER BY c
	Unique  (cost=3678.83..3683.50 rows=935 width=121)
	  ->  Sort  (cost=3678.83..3681.17 rows=935 width=121)
	        Sort Key: c
	        ->  Bitmap Heap Scan on sbtest3  (cost=34.02..3632.69 rows=935 width=121)
	              Recheck Cond: ((id >= 5351679) AND (id <= 5352678))
	              ->  Bitmap Index Scan on sbtest3_pkey  (cost=0.00..33.79 rows=935 width=0)
	                    Index Cond: ((id >= 5351679) AND (id <= 5352678))

table 4 : explain SELECT DISTINCT c FROM sbtest4 WHERE id BETWEEN 8681897 AND 8682896 ORDER BY c
	Unique  (cost=4090.65..4095.82 rows=1034 width=121)
	  ->  Sort  (cost=4090.65..4093.23 rows=1034 width=121)
	        Sort Key: c
	        ->  Index Scan using sbtest4_pkey on sbtest4  (cost=0.43..4038.87 rows=1034 width=121)
	              Index Cond: ((id >= 8681897) AND (id <= 8682896))

table 5 : explain SELECT DISTINCT c FROM sbtest5 WHERE id BETWEEN 9123671 AND 9124670 ORDER BY c
	Unique  (cost=3804.73..3809.56 rows=967 width=121)
	  ->  Sort  (cost=3804.73..3807.14 rows=967 width=121)
	        Sort Key: c
	        ->  Bitmap Heap Scan on sbtest5  (cost=34.35..3756.77 rows=967 width=121)
	              Recheck Cond: ((id >= 9123671) AND (id <= 9124670))
	              ->  Bitmap Index Scan on sbtest5_pkey  (cost=0.00..34.11 rows=967 width=0)
	                    Index Cond: ((id >= 9123671) AND (id <= 9124670))

table 6 : explain SELECT DISTINCT c FROM sbtest6 WHERE id BETWEEN 2758684 AND 2759683 ORDER BY c
	Unique  (cost=3997.03..4002.11 rows=1017 width=121)
	  ->  Sort  (cost=3997.03..3999.57 rows=1017 width=121)
	        Sort Key: c
	        ->  Bitmap Heap Scan on sbtest6  (cost=34.86..3946.23 rows=1017 width=121)
	              Recheck Cond: ((id >= 2758684) AND (id <= 2759683))
	              ->  Bitmap Index Scan on sbtest6_pkey  (cost=0.00..34.61 rows=1017 width=0)
	                    Index Cond: ((id >= 2758684) AND (id <= 2759683))

table 7 : explain SELECT DISTINCT c FROM sbtest7 WHERE id BETWEEN 9143097 AND 9144096 ORDER BY c
	Unique  (cost=4142.89..4148.16 rows=1055 width=121)
	  ->  Sort  (cost=4142.89..4145.52 rows=1055 width=121)
	        Sort Key: c
	        ->  Bitmap Heap Scan on sbtest7  (cost=35.25..4089.91 rows=1055 width=121)
	              Recheck Cond: ((id >= 9143097) AND (id <= 9144096))
	              ->  Bitmap Index Scan on sbtest7_pkey  (cost=0.00..34.98 rows=1055 width=0)
	                    Index Cond: ((id >= 9143097) AND (id <= 9144096))

table 8 : explain SELECT DISTINCT c FROM sbtest8 WHERE id BETWEEN 8193772 AND 8194771 ORDER BY c
	Unique  (cost=3977.99..3983.05 rows=1012 width=121)
	  ->  Sort  (cost=3977.99..3980.52 rows=1012 width=121)
	        Sort Key: c
	        ->  Bitmap Heap Scan on sbtest8  (cost=34.81..3927.47 rows=1012 width=121)
	              Recheck Cond: ((id >= 8193772) AND (id <= 8194771))
	              ->  Bitmap Index Scan on sbtest8_pkey  (cost=0.00..34.56 rows=1012 width=0)
	                    Index Cond: ((id >= 8193772) AND (id <= 8194771))

for: order_ranges
table 1 : explain SELECT c FROM sbtest1 WHERE id BETWEEN 7042908 AND 7043907 ORDER BY c
	Sort  (cost=4161.91..4164.56 rows=1062 width=121)
	  Sort Key: c
	  ->  Bitmap Heap Scan on sbtest1  (cost=35.32..4108.53 rows=1062 width=121)
	        Recheck Cond: ((id >= 7042908) AND (id <= 7043907))
	        ->  Bitmap Index Scan on sbtest1_pkey  (cost=0.00..35.06 rows=1062 width=0)
	              Index Cond: ((id >= 7042908) AND (id <= 7043907))

table 2 : explain SELECT c FROM sbtest2 WHERE id BETWEEN 5373844 AND 5374843 ORDER BY c
	Sort  (cost=4242.85..4245.56 rows=1082 width=121)
	  Sort Key: c
	  ->  Bitmap Heap Scan on sbtest2  (cost=35.53..4188.32 rows=1082 width=121)
	        Recheck Cond: ((id >= 5373844) AND (id <= 5374843))
	        ->  Bitmap Index Scan on sbtest2_pkey  (cost=0.00..35.26 rows=1082 width=0)
	              Index Cond: ((id >= 5373844) AND (id <= 5374843))

table 3 : explain SELECT c FROM sbtest3 WHERE id BETWEEN 2224033 AND 2225032 ORDER BY c
	Sort  (cost=4192.15..4194.82 rows=1069 width=121)
	  Sort Key: c
	  ->  Bitmap Heap Scan on sbtest3  (cost=35.39..4138.36 rows=1069 width=121)
	        Recheck Cond: ((id >= 2224033) AND (id <= 2225032))
	        ->  Bitmap Index Scan on sbtest3_pkey  (cost=0.00..35.12 rows=1069 width=0)
	              Index Cond: ((id >= 2224033) AND (id <= 2225032))

table 4 : explain SELECT c FROM sbtest4 WHERE id BETWEEN 2749720 AND 2750719 ORDER BY c
	Sort  (cost=3341.50..3343.61 rows=845 width=121)
	  Sort Key: c
	  ->  Index Scan using sbtest4_pkey on sbtest4  (cost=0.43..3300.42 rows=845 width=121)
	        Index Cond: ((id >= 2749720) AND (id <= 2750719))

table 5 : explain SELECT c FROM sbtest5 WHERE id BETWEEN 3414770 AND 3415769 ORDER BY c
	Sort  (cost=3916.03..3918.52 rows=996 width=121)
	  Sort Key: c
	  ->  Bitmap Heap Scan on sbtest5  (cost=34.64..3866.43 rows=996 width=121)
	        Recheck Cond: ((id >= 3414770) AND (id <= 3415769))
	        ->  Bitmap Index Scan on sbtest5_pkey  (cost=0.00..34.40 rows=996 width=0)
	              Index Cond: ((id >= 3414770) AND (id <= 3415769))

table 6 : explain SELECT c FROM sbtest6 WHERE id BETWEEN 446819 AND 447818 ORDER BY c
	Sort  (cost=3858.91..3861.36 rows=981 width=121)
	  Sort Key: c
	  ->  Bitmap Heap Scan on sbtest6  (cost=34.49..3810.16 rows=981 width=121)
	        Recheck Cond: ((id >= 446819) AND (id <= 447818))
	        ->  Bitmap Index Scan on sbtest6_pkey  (cost=0.00..34.25 rows=981 width=0)
	              Index Cond: ((id >= 446819) AND (id <= 447818))

table 7 : explain SELECT c FROM sbtest7 WHERE id BETWEEN 5108295 AND 5109294 ORDER BY c
	Sort  (cost=3834.82..3837.24 rows=966 width=121)
	  Sort Key: c
	  ->  Index Scan using sbtest7_pkey on sbtest7  (cost=0.43..3786.93 rows=966 width=121)
	        Index Cond: ((id >= 5108295) AND (id <= 5109294))

table 8 : explain SELECT c FROM sbtest8 WHERE id BETWEEN 9804696 AND 9805695 ORDER BY c
	Sort  (cost=4008.67..4011.22 rows=1020 width=121)
	  Sort Key: c
	  ->  Bitmap Heap Scan on sbtest8  (cost=34.89..3957.69 rows=1020 width=121)
	        Recheck Cond: ((id >= 9804696) AND (id <= 9805695))
	        ->  Bitmap Index Scan on sbtest8_pkey  (cost=0.00..34.64 rows=1020 width=0)
	              Index Cond: ((id >= 9804696) AND (id <= 9805695))

for point_selects
table 1 : explain SELECT c FROM sbtest1 WHERE id=4218421
	Index Scan using sbtest1_pkey on sbtest1  (cost=0.43..8.45 rows=1 width=121)
	  Index Cond: (id = 4218421)

table 2 : explain SELECT c FROM sbtest2 WHERE id=516778
	Index Scan using sbtest2_pkey on sbtest2  (cost=0.43..8.45 rows=1 width=121)
	  Index Cond: (id = 516778)

table 3 : explain SELECT c FROM sbtest3 WHERE id=434387
	Index Scan using sbtest3_pkey on sbtest3  (cost=0.43..8.45 rows=1 width=121)
	  Index Cond: (id = 434387)

table 4 : explain SELECT c FROM sbtest4 WHERE id=1801744
	Index Scan using sbtest4_pkey on sbtest4  (cost=0.43..8.45 rows=1 width=121)
	  Index Cond: (id = 1801744)

table 5 : explain SELECT c FROM sbtest5 WHERE id=9313160
	Index Scan using sbtest5_pkey on sbtest5  (cost=0.43..8.45 rows=1 width=121)
	  Index Cond: (id = 9313160)

table 6 : explain SELECT c FROM sbtest6 WHERE id=3284405
	Index Scan using sbtest6_pkey on sbtest6  (cost=0.43..8.45 rows=1 width=121)
	  Index Cond: (id = 3284405)

table 7 : explain SELECT c FROM sbtest7 WHERE id=34721
	Index Scan using sbtest7_pkey on sbtest7  (cost=0.43..8.45 rows=1 width=121)
	  Index Cond: (id = 34721)

table 8 : explain SELECT c FROM sbtest8 WHERE id=3923665
	Index Scan using sbtest8_pkey on sbtest8  (cost=0.43..8.45 rows=1 width=121)
	  Index Cond: (id = 3923665)

for: simple_ranges
table 1 : explain SELECT c FROM sbtest1 WHERE id BETWEEN 1577505 AND 1578504
	Bitmap Heap Scan on sbtest1  (cost=35.46..4161.17 rows=1076 width=121)
	  Recheck Cond: ((id >= 1577505) AND (id <= 1578504))
	  ->  Bitmap Index Scan on sbtest1_pkey  (cost=0.00..35.20 rows=1076 width=0)
	        Index Cond: ((id >= 1577505) AND (id <= 1578504))

table 2 : explain SELECT c FROM sbtest2 WHERE id BETWEEN 5832333 AND 5833332
	Bitmap Heap Scan on sbtest2  (cost=40.03..4376.67 rows=1131 width=121)
	  Recheck Cond: ((id >= 5832333) AND (id <= 5833332))
	  ->  Bitmap Index Scan on sbtest2_pkey  (cost=0.00..39.75 rows=1131 width=0)
	        Index Cond: ((id >= 5832333) AND (id <= 5833332))

table 3 : explain SELECT c FROM sbtest3 WHERE id BETWEEN 8951205 AND 8952204
	Bitmap Heap Scan on sbtest3  (cost=34.58..3840.52 rows=990 width=121)
	  Recheck Cond: ((id >= 8951205) AND (id <= 8952204))
	  ->  Bitmap Index Scan on sbtest3_pkey  (cost=0.00..34.34 rows=990 width=0)
	        Index Cond: ((id >= 8951205) AND (id <= 8952204))

table 4 : explain SELECT c FROM sbtest4 WHERE id BETWEEN 2210011 AND 2211010
	Index Scan using sbtest4_pkey on sbtest4  (cost=0.43..4151.57 rows=1063 width=121)
	  Index Cond: ((id >= 2210011) AND (id <= 2211010))

table 5 : explain SELECT c FROM sbtest5 WHERE id BETWEEN 9552719 AND 9553718
	Bitmap Heap Scan on sbtest5  (cost=35.34..4123.13 rows=1064 width=121)
	  Recheck Cond: ((id >= 9552719) AND (id <= 9553718))
	  ->  Bitmap Index Scan on sbtest5_pkey  (cost=0.00..35.08 rows=1064 width=0)
	        Index Cond: ((id >= 9552719) AND (id <= 9553718))

table 6 : explain SELECT c FROM sbtest6 WHERE id BETWEEN 1472815 AND 1473814
	Bitmap Heap Scan on sbtest6  (cost=34.75..3904.67 rows=1006 width=121)
	  Recheck Cond: ((id >= 1472815) AND (id <= 1473814))
	  ->  Bitmap Index Scan on sbtest6_pkey  (cost=0.00..34.50 rows=1006 width=0)
	        Index Cond: ((id >= 1472815) AND (id <= 1473814))

table 7 : explain SELECT c FROM sbtest7 WHERE id BETWEEN 4736203 AND 4737202
	Bitmap Heap Scan on sbtest7  (cost=35.03..4010.65 rows=1034 width=121)
	  Recheck Cond: ((id >= 4736203) AND (id <= 4737202))
	  ->  Bitmap Index Scan on sbtest7_pkey  (cost=0.00..34.78 rows=1034 width=0)
	        Index Cond: ((id >= 4736203) AND (id <= 4737202))

table 8 : explain SELECT c FROM sbtest8 WHERE id BETWEEN 3137023 AND 3138022
	Bitmap Heap Scan on sbtest8  (cost=34.74..3901.02 rows=1005 width=121)
	  Recheck Cond: ((id >= 3137023) AND (id <= 3138022))
	  ->  Bitmap Index Scan on sbtest8_pkey  (cost=0.00..34.48 rows=1005 width=0)
	        Index Cond: ((id >= 3137023) AND (id <= 3138022))

for: order_ranges
table 1 : explain SELECT c FROM sbtest1 WHERE id BETWEEN 9020270 AND 9021269 ORDER BY c
	Sort  (cost=4119.89..4122.52 rows=1051 width=121)
	  Sort Key: c
	  ->  Bitmap Heap Scan on sbtest1  (cost=35.21..4067.14 rows=1051 width=121)
	        Recheck Cond: ((id >= 9020270) AND (id <= 9021269))
	        ->  Bitmap Index Scan on sbtest1_pkey  (cost=0.00..34.95 rows=1051 width=0)
	              Index Cond: ((id >= 9020270) AND (id <= 9021269))

table 2 : explain SELECT c FROM sbtest2 WHERE id BETWEEN 4265820 AND 4266819 ORDER BY c
	Sort  (cost=3829.32..3831.76 rows=974 width=121)
	  Sort Key: c
	  ->  Bitmap Heap Scan on sbtest2  (cost=34.42..3780.97 rows=974 width=121)
	        Recheck Cond: ((id >= 4265820) AND (id <= 4266819))
	        ->  Bitmap Index Scan on sbtest2_pkey  (cost=0.00..34.18 rows=974 width=0)
	              Index Cond: ((id >= 4265820) AND (id <= 4266819))

table 3 : explain SELECT c FROM sbtest3 WHERE id BETWEEN 6027197 AND 6028196 ORDER BY c
	Sort  (cost=3874.45..3876.91 rows=986 width=121)
	  Sort Key: c
	  ->  Bitmap Heap Scan on sbtest3  (cost=34.54..3825.42 rows=986 width=121)
	        Recheck Cond: ((id >= 6027197) AND (id <= 6028196))
	        ->  Bitmap Index Scan on sbtest3_pkey  (cost=0.00..34.30 rows=986 width=0)
	              Index Cond: ((id >= 6027197) AND (id <= 6028196))

table 4 : explain SELECT c FROM sbtest4 WHERE id BETWEEN 2414372 AND 2415371 ORDER BY c
	Sort  (cost=3743.66..3746.02 rows=946 width=121)
	  Sort Key: c
	  ->  Index Scan using sbtest4_pkey on sbtest4  (cost=0.43..3696.90 rows=946 width=121)
	        Index Cond: ((id >= 2414372) AND (id <= 2415371))

table 5 : explain SELECT c FROM sbtest5 WHERE id BETWEEN 7209397 AND 7210396 ORDER BY c
	Sort  (cost=3758.64..3761.03 rows=955 width=121)
	  Sort Key: c
	  ->  Bitmap Heap Scan on sbtest5  (cost=34.22..3711.37 rows=955 width=121)
	        Recheck Cond: ((id >= 7209397) AND (id <= 7210396))
	        ->  Bitmap Index Scan on sbtest5_pkey  (cost=0.00..33.98 rows=955 width=0)
	              Index Cond: ((id >= 7209397) AND (id <= 7210396))

table 6 : explain SELECT c FROM sbtest6 WHERE id BETWEEN 3339957 AND 3340956 ORDER BY c
	Sort  (cost=3805.16..3807.57 rows=967 width=121)
	  Sort Key: c
	  ->  Bitmap Heap Scan on sbtest6  (cost=34.35..3757.21 rows=967 width=121)
	        Recheck Cond: ((id >= 3339957) AND (id <= 3340956))
	        ->  Bitmap Index Scan on sbtest6_pkey  (cost=0.00..34.11 rows=967 width=0)
	              Index Cond: ((id >= 3339957) AND (id <= 3340956))

table 7 : explain SELECT c FROM sbtest7 WHERE id BETWEEN 2686138 AND 2687137 ORDER BY c
	Sort  (cost=4008.89..4011.42 rows=1010 width=121)
	  Sort Key: c
	  ->  Index Scan using sbtest7_pkey on sbtest7  (cost=0.43..3958.49 rows=1010 width=121)
	        Index Cond: ((id >= 2686138) AND (id <= 2687137))

table 8 : explain SELECT c FROM sbtest8 WHERE id BETWEEN 9268801 AND 9269800 ORDER BY c
	Sort  (cost=4039.34..4041.91 rows=1028 width=121)
	  Sort Key: c
	  ->  Bitmap Heap Scan on sbtest8  (cost=34.97..3987.91 rows=1028 width=121)
	        Recheck Cond: ((id >= 9268801) AND (id <= 9269800))
	        ->  Bitmap Index Scan on sbtest8_pkey  (cost=0.00..34.72 rows=1028 width=0)
	              Index Cond: ((id >= 9268801) AND (id <= 9269800))

explain: for point_selects :: explain SELECT c FROM sbtest%u WHERE id=%u
for: distinct_ranges
table 1 : explain SELECT DISTINCT c FROM sbtest1 WHERE id BETWEEN 2315404 AND 2316403 ORDER BY c
	Unique  (cost=3441.68..3446.06 rows=875 width=121)
	  ->  Sort  (cost=3441.68..3443.87 rows=875 width=121)
	        Sort Key: c
	        ->  Bitmap Heap Scan on sbtest1  (cost=29.40..3398.93 rows=875 width=121)
	              Recheck Cond: ((id >= 2315404) AND (id <= 2316403))
	              ->  Bitmap Index Scan on sbtest1_pkey  (cost=0.00..29.18 rows=875 width=0)
	                    Index Cond: ((id >= 2315404) AND (id <= 2316403))

table 2 : explain SELECT DISTINCT c FROM sbtest2 WHERE id BETWEEN 4533191 AND 4534190 ORDER BY c
	Unique  (cost=3787.12..3791.94 rows=963 width=121)
	  ->  Sort  (cost=3787.12..3789.53 rows=963 width=121)
	        Sort Key: c
	        ->  Bitmap Heap Scan on sbtest2  (cost=34.31..3739.40 rows=963 width=121)
	              Recheck Cond: ((id >= 4533191) AND (id <= 4534190))
	              ->  Bitmap Index Scan on sbtest2_pkey  (cost=0.00..34.07 rows=963 width=0)
	                    Index Cond: ((id >= 4533191) AND (id <= 4534190))

table 3 : explain SELECT DISTINCT c FROM sbtest3 WHERE id BETWEEN 807741 AND 808740 ORDER BY c
	Unique  (cost=3532.71..3537.20 rows=898 width=121)
	  ->  Sort  (cost=3532.71..3534.96 rows=898 width=121)
	        Sort Key: c
	        ->  Bitmap Heap Scan on sbtest3  (cost=29.64..3488.66 rows=898 width=121)
	              Recheck Cond: ((id >= 807741) AND (id <= 808740))
	              ->  Bitmap Index Scan on sbtest3_pkey  (cost=0.00..29.41 rows=898 width=0)
	                    Index Cond: ((id >= 807741) AND (id <= 808740))

table 4 : explain SELECT DISTINCT c FROM sbtest4 WHERE id BETWEEN 212874 AND 213873 ORDER BY c
	Unique  (cost=3822.52..3827.35 rows=966 width=121)
	  ->  Sort  (cost=3822.52..3824.94 rows=966 width=121)
	        Sort Key: c
	        ->  Index Scan using sbtest4_pkey on sbtest4  (cost=0.43..3774.63 rows=966 width=121)
	              Index Cond: ((id >= 212874) AND (id <= 213873))

table 5 : explain SELECT DISTINCT c FROM sbtest5 WHERE id BETWEEN 2934034 AND 2935033 ORDER BY c
	Unique  (cost=3666.42..3671.07 rows=931 width=121)
	  ->  Sort  (cost=3666.42..3668.75 rows=931 width=121)
	        Sort Key: c
	        ->  Bitmap Heap Scan on sbtest5  (cost=33.98..3620.51 rows=931 width=121)
	              Recheck Cond: ((id >= 2934034) AND (id <= 2935033))
	              ->  Bitmap Index Scan on sbtest5_pkey  (cost=0.00..33.75 rows=931 width=0)
	                    Index Cond: ((id >= 2934034) AND (id <= 2935033))

table 6 : explain SELECT DISTINCT c FROM sbtest6 WHERE id BETWEEN 7808418 AND 7809417 ORDER BY c
	Unique  (cost=3855.07..3859.97 rows=980 width=121)
	  ->  Sort  (cost=3855.07..3857.52 rows=980 width=121)
	        Sort Key: c
	        ->  Bitmap Heap Scan on sbtest6  (cost=34.48..3806.38 rows=980 width=121)
	              Recheck Cond: ((id >= 7808418) AND (id <= 7809417))
	              ->  Bitmap Index Scan on sbtest6_pkey  (cost=0.00..34.23 rows=980 width=0)
	                    Index Cond: ((id >= 7808418) AND (id <= 7809417))

table 7 : explain SELECT DISTINCT c FROM sbtest7 WHERE id BETWEEN 7774267 AND 7775266 ORDER BY c
	Unique  (cost=4039.42..4044.56 rows=1028 width=121)
	  ->  Sort  (cost=4039.42..4041.99 rows=1028 width=121)
	        Sort Key: c
	        ->  Bitmap Heap Scan on sbtest7  (cost=34.97..3987.99 rows=1028 width=121)
	              Recheck Cond: ((id >= 7774267) AND (id <= 7775266))
	              ->  Bitmap Index Scan on sbtest7_pkey  (cost=0.00..34.72 rows=1028 width=0)
	                    Index Cond: ((id >= 7774267) AND (id <= 7775266))

table 8 : explain SELECT DISTINCT c FROM sbtest8 WHERE id BETWEEN 8317111 AND 8318110 ORDER BY c
	Unique  (cost=3744.30..3749.01 rows=942 width=121)
	  ->  Sort  (cost=3744.30..3746.66 rows=942 width=121)
	        Sort Key: c
	        ->  Index Scan using sbtest8_pkey on sbtest8  (cost=0.43..3697.77 rows=942 width=121)
	              Index Cond: ((id >= 8317111) AND (id <= 8318110))

for: simple_ranges
table 1 : explain SELECT c FROM sbtest1 WHERE id BETWEEN 2959428 AND 2960427
	Bitmap Heap Scan on sbtest1  (cost=35.44..4153.65 rows=1074 width=121)
	  Recheck Cond: ((id >= 2959428) AND (id <= 2960427))
	  ->  Bitmap Index Scan on sbtest1_pkey  (cost=0.00..35.18 rows=1074 width=0)
	        Index Cond: ((id >= 2959428) AND (id <= 2960427))

table 2 : explain SELECT c FROM sbtest2 WHERE id BETWEEN 369486 AND 370485
	Bitmap Heap Scan on sbtest2  (cost=35.21..4071.55 rows=1051 width=121)
	  Recheck Cond: ((id >= 369486) AND (id <= 370485))
	  ->  Bitmap Index Scan on sbtest2_pkey  (cost=0.00..34.95 rows=1051 width=0)
	        Index Cond: ((id >= 369486) AND (id <= 370485))

table 3 : explain SELECT c FROM sbtest3 WHERE id BETWEEN 38305 AND 39304
	Bitmap Heap Scan on sbtest3  (cost=35.17..4055.50 rows=1047 width=121)
	  Recheck Cond: ((id >= 38305) AND (id <= 39304))
	  ->  Bitmap Index Scan on sbtest3_pkey  (cost=0.00..34.91 rows=1047 width=0)
	        Index Cond: ((id >= 38305) AND (id <= 39304))

table 4 : explain SELECT c FROM sbtest4 WHERE id BETWEEN 5739740 AND 5740739
	Index Scan using sbtest4_pkey on sbtest4  (cost=0.43..4077.72 rows=1044 width=121)
	  Index Cond: ((id >= 5739740) AND (id <= 5740739))

table 5 : explain SELECT c FROM sbtest5 WHERE id BETWEEN 4494163 AND 4495162
	Bitmap Heap Scan on sbtest5  (cost=34.98..3991.08 rows=1029 width=121)
	  Recheck Cond: ((id >= 4494163) AND (id <= 4495162))
	  ->  Bitmap Index Scan on sbtest5_pkey  (cost=0.00..34.73 rows=1029 width=0)
	        Index Cond: ((id >= 4494163) AND (id <= 4495162))

table 6 : explain SELECT c FROM sbtest6 WHERE id BETWEEN 1203259 AND 1204258
	Bitmap Heap Scan on sbtest6  (cost=35.08..4029.30 rows=1039 width=121)
	  Recheck Cond: ((id >= 1203259) AND (id <= 1204258))
	  ->  Bitmap Index Scan on sbtest6_pkey  (cost=0.00..34.83 rows=1039 width=0)
	        Index Cond: ((id >= 1203259) AND (id <= 1204258))

table 7 : explain SELECT c FROM sbtest7 WHERE id BETWEEN 8462413 AND 8463412
	Index Scan using sbtest7_pkey on sbtest7  (cost=0.43..3630.98 rows=926 width=121)
	  Index Cond: ((id >= 8462413) AND (id <= 8463412))

table 8 : explain SELECT c FROM sbtest8 WHERE id BETWEEN 1827102 AND 1828101
	Bitmap Heap Scan on sbtest8  (cost=34.77..3912.36 rows=1008 width=121)
	  Recheck Cond: ((id >= 1827102) AND (id <= 1828101))
	  ->  Bitmap Index Scan on sbtest8_pkey  (cost=0.00..34.52 rows=1008 width=0)
	        Index Cond: ((id >= 1827102) AND (id <= 1828101))

for: distinct_ranges
table 1 : explain SELECT DISTINCT c FROM sbtest1 WHERE id BETWEEN 2085133 AND 2086132 ORDER BY c
	Unique  (cost=4444.45..4450.13 rows=1136 width=121)
	  ->  Sort  (cost=4444.45..4447.29 rows=1136 width=121)
	        Sort Key: c
	        ->  Bitmap Heap Scan on sbtest1  (cost=40.08..4386.80 rows=1136 width=121)
	              Recheck Cond: ((id >= 2085133) AND (id <= 2086132))
	              ->  Bitmap Index Scan on sbtest1_pkey  (cost=0.00..39.80 rows=1136 width=0)
	                    Index Cond: ((id >= 2085133) AND (id <= 2086132))

table 2 : explain SELECT DISTINCT c FROM sbtest2 WHERE id BETWEEN 2351361 AND 2352360 ORDER BY c
	Unique  (cost=4296.54..4302.02 rows=1095 width=121)
	  ->  Sort  (cost=4296.54..4299.28 rows=1095 width=121)
	        Sort Key: c
	        ->  Bitmap Heap Scan on sbtest2  (cost=39.66..4241.26 rows=1095 width=121)
	              Recheck Cond: ((id >= 2351361) AND (id <= 2352360))
	              ->  Bitmap Index Scan on sbtest2_pkey  (cost=0.00..39.39 rows=1095 width=0)
	                    Index Cond: ((id >= 2351361) AND (id <= 2352360))

table 3 : explain SELECT DISTINCT c FROM sbtest3 WHERE id BETWEEN 2277410 AND 2278409 ORDER BY c
	Unique  (cost=4192.15..4197.49 rows=1069 width=121)
	  ->  Sort  (cost=4192.15..4194.82 rows=1069 width=121)
	        Sort Key: c
	        ->  Bitmap Heap Scan on sbtest3  (cost=35.39..4138.36 rows=1069 width=121)
	              Recheck Cond: ((id >= 2277410) AND (id <= 2278409))
	              ->  Bitmap Index Scan on sbtest3_pkey  (cost=0.00..35.12 rows=1069 width=0)
	                    Index Cond: ((id >= 2277410) AND (id <= 2278409))

table 4 : explain SELECT DISTINCT c FROM sbtest4 WHERE id BETWEEN 5093744 AND 5094743 ORDER BY c
	Unique  (cost=4189.24..4194.53 rows=1059 width=121)
	  ->  Sort  (cost=4189.24..4191.88 rows=1059 width=121)
	        Sort Key: c
	        ->  Index Scan using sbtest4_pkey on sbtest4  (cost=0.43..4136.03 rows=1059 width=121)
	              Index Cond: ((id >= 5093744) AND (id <= 5094743))

table 5 : explain SELECT DISTINCT c FROM sbtest5 WHERE id BETWEEN 6170936 AND 6171935 ORDER BY c
	Unique  (cost=4268.48..4273.92 rows=1088 width=121)
	  ->  Sort  (cost=4268.48..4271.20 rows=1088 width=121)
	        Sort Key: c
	        ->  Bitmap Heap Scan on sbtest5  (cost=35.59..4213.60 rows=1088 width=121)
	              Recheck Cond: ((id >= 6170936) AND (id <= 6171935))
	              ->  Bitmap Index Scan on sbtest5_pkey  (cost=0.00..35.32 rows=1088 width=0)
	                    Index Cond: ((id >= 6170936) AND (id <= 6171935))

table 6 : explain SELECT DISTINCT c FROM sbtest6 WHERE id BETWEEN 3871704 AND 3872703 ORDER BY c
	Unique  (cost=3678.36..3683.03 rows=934 width=121)
	  ->  Sort  (cost=3678.36..3680.70 rows=934 width=121)
	        Sort Key: c
	        ->  Bitmap Heap Scan on sbtest6  (cost=34.01..3632.28 rows=934 width=121)
	              Recheck Cond: ((id >= 3871704) AND (id <= 3872703))
	              ->  Bitmap Index Scan on sbtest6_pkey  (cost=0.00..33.78 rows=934 width=0)
	                    Index Cond: ((id >= 3871704) AND (id <= 3872703))

table 7 : explain SELECT DISTINCT c FROM sbtest7 WHERE id BETWEEN 8731232 AND 8732231 ORDER BY c
	Unique  (cost=3858.55..3863.41 rows=972 width=121)
	  ->  Sort  (cost=3858.55..3860.98 rows=972 width=121)
	        Sort Key: c
	        ->  Index Scan using sbtest7_pkey on sbtest7  (cost=0.43..3810.31 rows=972 width=121)
	              Index Cond: ((id >= 8731232) AND (id <= 8732231))

table 8 : explain SELECT DISTINCT c FROM sbtest8 WHERE id BETWEEN 8191921 AND 8192920 ORDER BY c
	Unique  (cost=3977.99..3983.05 rows=1012 width=121)
	  ->  Sort  (cost=3977.99..3980.52 rows=1012 width=121)
	        Sort Key: c
	        ->  Bitmap Heap Scan on sbtest8  (cost=34.81..3927.47 rows=1012 width=121)
	              Recheck Cond: ((id >= 8191921) AND (id <= 8192920))
	              ->  Bitmap Index Scan on sbtest8_pkey  (cost=0.00..34.56 rows=1012 width=0)
	                    Index Cond: ((id >= 8191921) AND (id <= 8192920))

for: simple_ranges
table 1 : explain SELECT c FROM sbtest1 WHERE id BETWEEN 7819003 AND 7820002
	Bitmap Heap Scan on sbtest1  (cost=33.89..3580.70 rows=922 width=121)
	  Recheck Cond: ((id >= 7819003) AND (id <= 7820002))
	  ->  Bitmap Index Scan on sbtest1_pkey  (cost=0.00..33.66 rows=922 width=0)
	        Index Cond: ((id >= 7819003) AND (id <= 7820002))

table 2 : explain SELECT c FROM sbtest2 WHERE id BETWEEN 583453 AND 584452
	Bitmap Heap Scan on sbtest2  (cost=35.46..4165.73 rows=1076 width=121)
	  Recheck Cond: ((id >= 583453) AND (id <= 584452))
	  ->  Bitmap Index Scan on sbtest2_pkey  (cost=0.00..35.20 rows=1076 width=0)
	        Index Cond: ((id >= 583453) AND (id <= 584452))

table 3 : explain SELECT c FROM sbtest3 WHERE id BETWEEN 2960649 AND 2961648
	Bitmap Heap Scan on sbtest3  (cost=34.65..3866.94 rows=997 width=121)
	  Recheck Cond: ((id >= 2960649) AND (id <= 2961648))
	  ->  Bitmap Index Scan on sbtest3_pkey  (cost=0.00..34.41 rows=997 width=0)
	        Index Cond: ((id >= 2960649) AND (id <= 2961648))

table 4 : explain SELECT c FROM sbtest4 WHERE id BETWEEN 7722021 AND 7723020
	Index Scan using sbtest4_pkey on sbtest4  (cost=0.43..3490.81 rows=894 width=121)
	  Index Cond: ((id >= 7722021) AND (id <= 7723020))

table 5 : explain SELECT c FROM sbtest5 WHERE id BETWEEN 3460544 AND 3461543
	Bitmap Heap Scan on sbtest5  (cost=34.64..3866.43 rows=996 width=121)
	  Recheck Cond: ((id >= 3460544) AND (id <= 3461543))
	  ->  Bitmap Index Scan on sbtest5_pkey  (cost=0.00..34.40 rows=996 width=0)
	        Index Cond: ((id >= 3460544) AND (id <= 3461543))

table 6 : explain SELECT c FROM sbtest6 WHERE id BETWEEN 2994986 AND 2995985
	Bitmap Heap Scan on sbtest6  (cost=35.27..4097.23 rows=1057 width=121)
	  Recheck Cond: ((id >= 2994986) AND (id <= 2995985))
	  ->  Bitmap Index Scan on sbtest6_pkey  (cost=0.00..35.01 rows=1057 width=0)
	        Index Cond: ((id >= 2994986) AND (id <= 2995985))

table 7 : explain SELECT c FROM sbtest7 WHERE id BETWEEN 543074 AND 544073
	Index Scan using sbtest7_pkey on sbtest7  (cost=0.43..3989.67 rows=1018 width=121)
	  Index Cond: ((id >= 543074) AND (id <= 544073))

table 8 : explain SELECT c FROM sbtest8 WHERE id BETWEEN 4425513 AND 4426512
	Bitmap Heap Scan on sbtest8  (cost=34.42..3783.81 rows=974 width=121)
	  Recheck Cond: ((id >= 4425513) AND (id <= 4426512))
	  ->  Bitmap Index Scan on sbtest8_pkey  (cost=0.00..34.18 rows=974 width=0)
	        Index Cond: ((id >= 4425513) AND (id <= 4426512))

for: simple_ranges
table 1 : explain SELECT c FROM sbtest1 WHERE id BETWEEN 3313572 AND 3314571
	Bitmap Heap Scan on sbtest1  (cost=35.49..4172.45 rows=1079 width=121)
	  Recheck Cond: ((id >= 3313572) AND (id <= 3314571))
	  ->  Bitmap Index Scan on sbtest1_pkey  (cost=0.00..35.23 rows=1079 width=0)
	        Index Cond: ((id >= 3313572) AND (id <= 3314571))

table 2 : explain SELECT c FROM sbtest2 WHERE id BETWEEN 94341 AND 95340
	Bitmap Heap Scan on sbtest2  (cost=34.46..3796.09 rows=978 width=121)
	  Recheck Cond: ((id >= 94341) AND (id <= 95340))
	  ->  Bitmap Index Scan on sbtest2_pkey  (cost=0.00..34.22 rows=978 width=0)
	        Index Cond: ((id >= 94341) AND (id <= 95340))

table 3 : explain SELECT c FROM sbtest3 WHERE id BETWEEN 4544562 AND 4545561
	Bitmap Heap Scan on sbtest3  (cost=33.98..3617.56 rows=931 width=121)
	  Recheck Cond: ((id >= 4544562) AND (id <= 4545561))
	  ->  Bitmap Index Scan on sbtest3_pkey  (cost=0.00..33.75 rows=931 width=0)
	        Index Cond: ((id >= 4544562) AND (id <= 4545561))

table 4 : explain SELECT c FROM sbtest4 WHERE id BETWEEN 8967145 AND 8968144
	Index Scan using sbtest4_pkey on sbtest4  (cost=0.43..4034.99 rows=1033 width=121)
	  Index Cond: ((id >= 8967145) AND (id <= 8968144))

table 5 : explain SELECT c FROM sbtest5 WHERE id BETWEEN 1148697 AND 1149696
	Bitmap Heap Scan on sbtest5  (cost=35.56..4202.30 rows=1085 width=121)
	  Recheck Cond: ((id >= 1148697) AND (id <= 1149696))
	  ->  Bitmap Index Scan on sbtest5_pkey  (cost=0.00..35.29 rows=1085 width=0)
	        Index Cond: ((id >= 1148697) AND (id <= 1149696))

table 6 : explain SELECT c FROM sbtest6 WHERE id BETWEEN 3235145 AND 3236144
	Bitmap Heap Scan on sbtest6  (cost=34.78..3916.01 rows=1009 width=121)
	  Recheck Cond: ((id >= 3235145) AND (id <= 3236144))
	  ->  Bitmap Index Scan on sbtest6_pkey  (cost=0.00..34.53 rows=1009 width=0)
	        Index Cond: ((id >= 3235145) AND (id <= 3236144))

table 7 : explain SELECT c FROM sbtest7 WHERE id BETWEEN 1849167 AND 1850166
	Index Scan using sbtest7_pkey on sbtest7  (cost=0.43..3985.78 rows=1017 width=121)
	  Index Cond: ((id >= 1849167) AND (id <= 1850166))

table 8 : explain SELECT c FROM sbtest8 WHERE id BETWEEN 1073906 AND 1074905
	Bitmap Heap Scan on sbtest8  (cost=34.78..3916.14 rows=1009 width=121)
	  Recheck Cond: ((id >= 1073906) AND (id <= 1074905))
	  ->  Bitmap Index Scan on sbtest8_pkey  (cost=0.00..34.53 rows=1009 width=0)
	        Index Cond: ((id >= 1073906) AND (id <= 1074905))

for: distinct_ranges
table 1 : explain SELECT DISTINCT c FROM sbtest1 WHERE id BETWEEN 1389646 AND 1390645 ORDER BY c
	Unique  (cost=3882.82..3887.77 rows=989 width=121)
	  ->  Sort  (cost=3882.82..3885.29 rows=989 width=121)
	        Sort Key: c
	        ->  Bitmap Heap Scan on sbtest1  (cost=34.57..3833.62 rows=989 width=121)
	              Recheck Cond: ((id >= 1389646) AND (id <= 1390645))
	              ->  Bitmap Index Scan on sbtest1_pkey  (cost=0.00..34.33 rows=989 width=0)
	                    Index Cond: ((id >= 1389646) AND (id <= 1390645))

table 2 : explain SELECT DISTINCT c FROM sbtest2 WHERE id BETWEEN 1670145 AND 1671144 ORDER BY c
	Unique  (cost=3752.59..3757.36 rows=954 width=121)
	  ->  Sort  (cost=3752.59..3754.97 rows=954 width=121)
	        Sort Key: c
	        ->  Bitmap Heap Scan on sbtest2  (cost=34.21..3705.38 rows=954 width=121)
	              Recheck Cond: ((id >= 1670145) AND (id <= 1671144))
	              ->  Bitmap Index Scan on sbtest2_pkey  (cost=0.00..33.98 rows=954 width=0)
	                    Index Cond: ((id >= 1670145) AND (id <= 1671144))

table 3 : explain SELECT DISTINCT c FROM sbtest3 WHERE id BETWEEN 6808008 AND 6809007 ORDER BY c
	Unique  (cost=3721.05..3725.78 rows=946 width=121)
	  ->  Sort  (cost=3721.05..3723.41 rows=946 width=121)
	        Sort Key: c
	        ->  Bitmap Heap Scan on sbtest3  (cost=34.13..3674.29 rows=946 width=121)
	              Recheck Cond: ((id >= 6808008) AND (id <= 6809007))
	              ->  Bitmap Index Scan on sbtest3_pkey  (cost=0.00..33.90 rows=946 width=0)
	                    Index Cond: ((id >= 6808008) AND (id <= 6809007))

table 4 : explain SELECT DISTINCT c FROM sbtest4 WHERE id BETWEEN 5469600 AND 5470599 ORDER BY c
	Unique  (cost=3495.23..3499.65 rows=884 width=121)
	  ->  Sort  (cost=3495.23..3497.44 rows=884 width=121)
	        Sort Key: c
	        ->  Index Scan using sbtest4_pkey on sbtest4  (cost=0.43..3451.96 rows=884 width=121)
	              Index Cond: ((id >= 5469600) AND (id <= 5470599))

table 5 : explain SELECT DISTINCT c FROM sbtest5 WHERE id BETWEEN 8904933 AND 8905932 ORDER BY c
	Unique  (cost=4008.06..4013.16 rows=1020 width=121)
	  ->  Sort  (cost=4008.06..4010.61 rows=1020 width=121)
	        Sort Key: c
	        ->  Bitmap Heap Scan on sbtest5  (cost=34.89..3957.09 rows=1020 width=121)
	              Recheck Cond: ((id >= 8904933) AND (id <= 8905932))
	              ->  Bitmap Index Scan on sbtest5_pkey  (cost=0.00..34.64 rows=1020 width=0)
	                    Index Cond: ((id >= 8904933) AND (id <= 8905932))

table 6 : explain SELECT DISTINCT c FROM sbtest6 WHERE id BETWEEN 385546 AND 386545 ORDER BY c
	Unique  (cost=3785.95..3790.76 rows=962 width=121)
	  ->  Sort  (cost=3785.95..3788.36 rows=962 width=121)
	        Sort Key: c
	        ->  Bitmap Heap Scan on sbtest6  (cost=34.30..3738.29 rows=962 width=121)
	              Recheck Cond: ((id >= 385546) AND (id <= 386545))
	              ->  Bitmap Index Scan on sbtest6_pkey  (cost=0.00..34.06 rows=962 width=0)
	                    Index Cond: ((id >= 385546) AND (id <= 386545))

table 7 : explain SELECT DISTINCT c FROM sbtest7 WHERE id BETWEEN 532716 AND 533715 ORDER BY c
	Unique  (cost=4040.53..4045.62 rows=1018 width=121)
	  ->  Sort  (cost=4040.53..4043.07 rows=1018 width=121)
	        Sort Key: c
	        ->  Index Scan using sbtest7_pkey on sbtest7  (cost=0.43..3989.67 rows=1018 width=121)
	              Index Cond: ((id >= 532716) AND (id <= 533715))

table 8 : explain SELECT DISTINCT c FROM sbtest8 WHERE id BETWEEN 334440 AND 335439 ORDER BY c
	Unique  (cost=3928.12..3933.11 rows=999 width=121)
	  ->  Sort  (cost=3928.12..3930.61 rows=999 width=121)
	        Sort Key: c
	        ->  Bitmap Heap Scan on sbtest8  (cost=34.67..3878.35 rows=999 width=121)
	              Recheck Cond: ((id >= 334440) AND (id <= 335439))
	              ->  Bitmap Index Scan on sbtest8_pkey  (cost=0.00..34.43 rows=999 width=0)
	                    Index Cond: ((id >= 334440) AND (id <= 335439))

for: sum_ranges
table 1 : explain SELECT SUM(k) FROM sbtest1 WHERE id BETWEEN 7549814 AND 7550813
	Aggregate  (cost=3979.37..3979.38 rows=1 width=8)
	  ->  Bitmap Heap Scan on sbtest1  (cost=34.96..3976.81 rows=1027 width=4)
	        Recheck Cond: ((id >= 7549814) AND (id <= 7550813))
	        ->  Bitmap Index Scan on sbtest1_pkey  (cost=0.00..34.70 rows=1027 width=0)
	              Index Cond: ((id >= 7549814) AND (id <= 7550813))

table 2 : explain SELECT SUM(k) FROM sbtest2 WHERE id BETWEEN 5172439 AND 5173438
	Aggregate  (cost=4017.59..4017.60 rows=1 width=8)
	  ->  Bitmap Heap Scan on sbtest2  (cost=35.05..4015.00 rows=1036 width=4)
	        Recheck Cond: ((id >= 5172439) AND (id <= 5173438))
	        ->  Bitmap Index Scan on sbtest2_pkey  (cost=0.00..34.80 rows=1036 width=0)
	              Index Cond: ((id >= 5172439) AND (id <= 5173438))

table 3 : explain SELECT SUM(k) FROM sbtest3 WHERE id BETWEEN 6470369 AND 6471368
	Aggregate  (cost=3922.30..3922.31 rows=1 width=8)
	  ->  Bitmap Heap Scan on sbtest3  (cost=34.80..3919.77 rows=1011 width=4)
	        Recheck Cond: ((id >= 6470369) AND (id <= 6471368))
	        ->  Bitmap Index Scan on sbtest3_pkey  (cost=0.00..34.55 rows=1011 width=0)
	              Index Cond: ((id >= 6470369) AND (id <= 6471368))

table 4 : explain SELECT SUM(k) FROM sbtest4 WHERE id BETWEEN 5774588 AND 5775587
	Aggregate  (cost=4080.33..4080.34 rows=1 width=8)
	  ->  Index Scan using sbtest4_pkey on sbtest4  (cost=0.43..4077.72 rows=1044 width=4)
	        Index Cond: ((id >= 5774588) AND (id <= 5775587))

table 5 : explain SELECT SUM(k) FROM sbtest5 WHERE id BETWEEN 9963494 AND 9964493
	Aggregate  (cost=3717.55..3717.56 rows=1 width=8)
	  ->  Bitmap Heap Scan on sbtest5  (cost=34.23..3715.16 rows=956 width=4)
	        Recheck Cond: ((id >= 9963494) AND (id <= 9964493))
	        ->  Bitmap Index Scan on sbtest5_pkey  (cost=0.00..34.00 rows=956 width=0)
	              Index Cond: ((id >= 9963494) AND (id <= 9964493))

table 6 : explain SELECT SUM(k) FROM sbtest6 WHERE id BETWEEN 2251647 AND 2252646
	Aggregate  (cost=3744.48..3744.49 rows=1 width=8)
	  ->  Bitmap Heap Scan on sbtest6  (cost=34.31..3742.07 rows=963 width=4)
	        Recheck Cond: ((id >= 2251647) AND (id <= 2252646))
	        ->  Bitmap Index Scan on sbtest6_pkey  (cost=0.00..34.07 rows=963 width=0)
	              Index Cond: ((id >= 2251647) AND (id <= 2252646))

table 7 : explain SELECT SUM(k) FROM sbtest7 WHERE id BETWEEN 7180591 AND 7181590
	Aggregate  (cost=4092.55..4092.56 rows=1 width=8)
	  ->  Bitmap Heap Scan on sbtest7  (cost=35.25..4089.91 rows=1055 width=4)
	        Recheck Cond: ((id >= 7180591) AND (id <= 7181590))
	        ->  Bitmap Index Scan on sbtest7_pkey  (cost=0.00..34.98 rows=1055 width=0)
	              Index Cond: ((id >= 7180591) AND (id <= 7181590))

table 8 : explain SELECT SUM(k) FROM sbtest8 WHERE id BETWEEN 3327823 AND 3328822
	Aggregate  (cost=4228.30..4228.31 rows=1 width=8)
	  ->  Bitmap Heap Scan on sbtest8  (cost=35.62..4225.57 rows=1091 width=4)
	        Recheck Cond: ((id >= 3327823) AND (id <= 3328822))
	        ->  Bitmap Index Scan on sbtest8_pkey  (cost=0.00..35.34 rows=1091 width=0)
	              Index Cond: ((id >= 3327823) AND (id <= 3328822))

for: sum_ranges
table 1 : explain SELECT SUM(k) FROM sbtest1 WHERE id BETWEEN 4774206 AND 4775205
	Aggregate  (cost=3605.69..3605.70 rows=1 width=8)
	  ->  Bitmap Heap Scan on sbtest1  (cost=33.95..3603.37 rows=928 width=4)
	        Recheck Cond: ((id >= 4774206) AND (id <= 4775205))
	        ->  Bitmap Index Scan on sbtest1_pkey  (cost=0.00..33.72 rows=928 width=0)
	              Index Cond: ((id >= 4774206) AND (id <= 4775205))

table 2 : explain SELECT SUM(k) FROM sbtest2 WHERE id BETWEEN 9735329 AND 9736328
	Aggregate  (cost=3654.78..3654.79 rows=1 width=8)
	  ->  Bitmap Heap Scan on sbtest2  (cost=34.07..3652.43 rows=940 width=4)
	        Recheck Cond: ((id >= 9735329) AND (id <= 9736328))
	        ->  Bitmap Index Scan on sbtest2_pkey  (cost=0.00..33.84 rows=940 width=0)
	              Index Cond: ((id >= 9735329) AND (id <= 9736328))

table 3 : explain SELECT SUM(k) FROM sbtest3 WHERE id BETWEEN 9830344 AND 9831343
	Aggregate  (cost=4065.66..4065.67 rows=1 width=8)
	  ->  Bitmap Heap Scan on sbtest3  (cost=35.19..4063.03 rows=1049 width=4)
	        Recheck Cond: ((id >= 9830344) AND (id <= 9831343))
	        ->  Bitmap Index Scan on sbtest3_pkey  (cost=0.00..34.93 rows=1049 width=0)
	              Index Cond: ((id >= 9830344) AND (id <= 9831343))

table 4 : explain SELECT SUM(k) FROM sbtest4 WHERE id BETWEEN 3794160 AND 3795159
	Aggregate  (cost=4146.45..4146.46 rows=1 width=8)
	  ->  Index Scan using sbtest4_pkey on sbtest4  (cost=0.43..4143.80 rows=1061 width=4)
	        Index Cond: ((id >= 3794160) AND (id <= 3795159))

table 5 : explain SELECT SUM(k) FROM sbtest5 WHERE id BETWEEN 3312282 AND 3313281
	Aggregate  (cost=3952.09..3952.10 rows=1 width=8)
	  ->  Bitmap Heap Scan on sbtest5  (cost=34.87..3949.54 rows=1018 width=4)
	        Recheck Cond: ((id >= 3312282) AND (id <= 3313281))
	        ->  Bitmap Index Scan on sbtest5_pkey  (cost=0.00..34.62 rows=1018 width=0)
	              Index Cond: ((id >= 3312282) AND (id <= 3313281))

table 6 : explain SELECT SUM(k) FROM sbtest6 WHERE id BETWEEN 7692464 AND 7693463
	Aggregate  (cost=3937.43..3937.44 rows=1 width=8)
	  ->  Bitmap Heap Scan on sbtest6  (cost=34.83..3934.90 rows=1014 width=4)
	        Recheck Cond: ((id >= 7692464) AND (id <= 7693463))
	        ->  Bitmap Index Scan on sbtest6_pkey  (cost=0.00..34.58 rows=1014 width=0)
	              Index Cond: ((id >= 7692464) AND (id <= 7693463))

table 7 : explain SELECT SUM(k) FROM sbtest7 WHERE id BETWEEN 9128920 AND 9129919
	Aggregate  (cost=4092.55..4092.56 rows=1 width=8)
	  ->  Bitmap Heap Scan on sbtest7  (cost=35.25..4089.91 rows=1055 width=4)
	        Recheck Cond: ((id >= 9128920) AND (id <= 9129919))
	        ->  Bitmap Index Scan on sbtest7_pkey  (cost=0.00..34.98 rows=1055 width=0)
	              Index Cond: ((id >= 9128920) AND (id <= 9129919))

table 8 : explain SELECT SUM(k) FROM sbtest8 WHERE id BETWEEN 6887020 AND 6888019
	Aggregate  (cost=3571.13..3571.14 rows=1 width=8)
	  ->  Index Scan using sbtest8_pkey on sbtest8  (cost=0.43..3568.86 rows=910 width=4)
	        Index Cond: ((id >= 6887020) AND (id <= 6888019))

explain: for point_selects :: explain SELECT c FROM sbtest%u WHERE id=%u
explain: for point_selects :: explain SELECT c FROM sbtest%u WHERE id=%u
for point_selects
table 1 : explain SELECT c FROM sbtest1 WHERE id=1820685
	Index Scan using sbtest1_pkey on sbtest1  (cost=0.43..8.45 rows=1 width=121)
	  Index Cond: (id = 1820685)

table 2 : explain SELECT c FROM sbtest2 WHERE id=9139388
	Index Scan using sbtest2_pkey on sbtest2  (cost=0.43..8.45 rows=1 width=121)
	  Index Cond: (id = 9139388)

table 3 : explain SELECT c FROM sbtest3 WHERE id=9517805
	Index Scan using sbtest3_pkey on sbtest3  (cost=0.43..8.45 rows=1 width=121)
	  Index Cond: (id = 9517805)

table 4 : explain SELECT c FROM sbtest4 WHERE id=9172631
	Index Scan using sbtest4_pkey on sbtest4  (cost=0.43..8.45 rows=1 width=121)
	  Index Cond: (id = 9172631)

table 5 : explain SELECT c FROM sbtest5 WHERE id=6377396
	Index Scan using sbtest5_pkey on sbtest5  (cost=0.43..8.45 rows=1 width=121)
	  Index Cond: (id = 6377396)

table 6 : explain SELECT c FROM sbtest6 WHERE id=8279765
	Index Scan using sbtest6_pkey on sbtest6  (cost=0.43..8.45 rows=1 width=121)
	  Index Cond: (id = 8279765)

table 7 : explain SELECT c FROM sbtest7 WHERE id=8152102
	Index Scan using sbtest7_pkey on sbtest7  (cost=0.43..8.45 rows=1 width=121)
	  Index Cond: (id = 8152102)

table 8 : explain SELECT c FROM sbtest8 WHERE id=2536982
	Index Scan using sbtest8_pkey on sbtest8  (cost=0.43..8.45 rows=1 width=121)
	  Index Cond: (id = 2536982)

for: sum_ranges
table 1 : explain SELECT SUM(k) FROM sbtest1 WHERE id BETWEEN 9092473 AND 9093472
	Aggregate  (cost=4069.77..4069.78 rows=1 width=8)
	  ->  Bitmap Heap Scan on sbtest1  (cost=35.21..4067.14 rows=1051 width=4)
	        Recheck Cond: ((id >= 9092473) AND (id <= 9093472))
	        ->  Bitmap Index Scan on sbtest1_pkey  (cost=0.00..34.95 rows=1051 width=0)
	              Index Cond: ((id >= 9092473) AND (id <= 9093472))

table 2 : explain SELECT SUM(k) FROM sbtest2 WHERE id BETWEEN 5002285 AND 5003284
	Aggregate  (cost=3900.56..3900.57 rows=1 width=8)
	  ->  Bitmap Heap Scan on sbtest2  (cost=34.74..3898.05 rows=1005 width=4)
	        Recheck Cond: ((id >= 5002285) AND (id <= 5003284))
	        ->  Bitmap Index Scan on sbtest2_pkey  (cost=0.00..34.48 rows=1005 width=0)
	              Index Cond: ((id >= 5002285) AND (id <= 5003284))

table 3 : explain SELECT SUM(k) FROM sbtest3 WHERE id BETWEEN 6164574 AND 6165573
	Aggregate  (cost=4246.49..4246.50 rows=1 width=8)
	  ->  Bitmap Heap Scan on sbtest3  (cost=35.68..4243.75 rows=1097 width=4)
	        Recheck Cond: ((id >= 6164574) AND (id <= 6165573))
	        ->  Bitmap Index Scan on sbtest3_pkey  (cost=0.00..35.41 rows=1097 width=0)
	              Index Cond: ((id >= 6164574) AND (id <= 6165573))

table 4 : explain SELECT SUM(k) FROM sbtest4 WHERE id BETWEEN 9825634 AND 9826633
	Aggregate  (cost=4119.24..4119.25 rows=1 width=8)
	  ->  Index Scan using sbtest4_pkey on sbtest4  (cost=0.43..4116.61 rows=1054 width=4)
	        Index Cond: ((id >= 9825634) AND (id <= 9826633))

table 5 : explain SELECT SUM(k) FROM sbtest5 WHERE id BETWEEN 9657787 AND 9658786
	Aggregate  (cost=3936.97..3936.98 rows=1 width=8)
	  ->  Bitmap Heap Scan on sbtest5  (cost=34.83..3934.43 rows=1014 width=4)
	        Recheck Cond: ((id >= 9657787) AND (id <= 9658786))
	        ->  Bitmap Index Scan on sbtest5_pkey  (cost=0.00..34.58 rows=1014 width=0)
	              Index Cond: ((id >= 9657787) AND (id <= 9658786))

table 6 : explain SELECT SUM(k) FROM sbtest6 WHERE id BETWEEN 4577926 AND 4578925
	Aggregate  (cost=3854.24..3854.25 rows=1 width=8)
	  ->  Bitmap Heap Scan on sbtest6  (cost=34.60..3851.76 rows=992 width=4)
	        Recheck Cond: ((id >= 4577926) AND (id <= 4578925))
	        ->  Bitmap Index Scan on sbtest6_pkey  (cost=0.00..34.36 rows=992 width=0)
	              Index Cond: ((id >= 4577926) AND (id <= 4578925))

table 7 : explain SELECT SUM(k) FROM sbtest7 WHERE id BETWEEN 2041252 AND 2042251
	Aggregate  (cost=4062.34..4062.35 rows=1 width=8)
	  ->  Bitmap Heap Scan on sbtest7  (cost=35.17..4059.72 rows=1047 width=4)
	        Recheck Cond: ((id >= 2041252) AND (id <= 2042251))
	        ->  Bitmap Index Scan on sbtest7_pkey  (cost=0.00..34.91 rows=1047 width=0)
	              Index Cond: ((id >= 2041252) AND (id <= 2042251))

table 8 : explain SELECT SUM(k) FROM sbtest8 WHERE id BETWEEN 8091324 AND 8092323
	Aggregate  (cost=3839.23..3839.24 rows=1 width=8)
	  ->  Bitmap Heap Scan on sbtest8  (cost=34.56..3836.76 rows=988 width=4)
	        Recheck Cond: ((id >= 8091324) AND (id <= 8092323))
	        ->  Bitmap Index Scan on sbtest8_pkey  (cost=0.00..34.32 rows=988 width=0)
	              Index Cond: ((id >= 8091324) AND (id <= 8092323))

for: sum_ranges
table 1 : explain SELECT SUM(k) FROM sbtest1 WHERE id BETWEEN 9192292 AND 9193291
	Aggregate  (cost=3930.38..3930.39 rows=1 width=8)
	  ->  Bitmap Heap Scan on sbtest1  (cost=34.83..3927.84 rows=1014 width=4)
	        Recheck Cond: ((id >= 9192292) AND (id <= 9193291))
	        ->  Bitmap Index Scan on sbtest1_pkey  (cost=0.00..34.58 rows=1014 width=0)
	              Index Cond: ((id >= 9192292) AND (id <= 9193291))

table 2 : explain SELECT SUM(k) FROM sbtest2 WHERE id BETWEEN 6036335 AND 6037334
	Aggregate  (cost=4126.96..4126.97 rows=1 width=8)
	  ->  Bitmap Heap Scan on sbtest2  (cost=35.35..4124.30 rows=1065 width=4)
	        Recheck Cond: ((id >= 6036335) AND (id <= 6037334))
	        ->  Bitmap Index Scan on sbtest2_pkey  (cost=0.00..35.09 rows=1065 width=0)
	              Index Cond: ((id >= 6036335) AND (id <= 6037334))

table 3 : explain SELECT SUM(k) FROM sbtest3 WHERE id BETWEEN 936743 AND 937742
	Aggregate  (cost=4110.89..4110.90 rows=1 width=8)
	  ->  Bitmap Heap Scan on sbtest3  (cost=35.31..4108.24 rows=1061 width=4)
	        Recheck Cond: ((id >= 936743) AND (id <= 937742))
	        ->  Bitmap Index Scan on sbtest3_pkey  (cost=0.00..35.05 rows=1061 width=0)
	              Index Cond: ((id >= 936743) AND (id <= 937742))

table 4 : explain SELECT SUM(k) FROM sbtest4 WHERE id BETWEEN 906652 AND 907651
	Aggregate  (cost=3983.15..3983.16 rows=1 width=8)
	  ->  Index Scan using sbtest4_pkey on sbtest4  (cost=0.43..3980.60 rows=1019 width=4)
	        Index Cond: ((id >= 906652) AND (id <= 907651))

table 5 : explain SELECT SUM(k) FROM sbtest5 WHERE id BETWEEN 8300301 AND 8301300
	Aggregate  (cost=3827.31..3827.32 rows=1 width=8)
	  ->  Bitmap Heap Scan on sbtest5  (cost=34.53..3824.85 rows=985 width=4)
	        Recheck Cond: ((id >= 8300301) AND (id <= 8301300))
	        ->  Bitmap Index Scan on sbtest5_pkey  (cost=0.00..34.29 rows=985 width=0)
	              Index Cond: ((id >= 8300301) AND (id <= 8301300))

table 6 : explain SELECT SUM(k) FROM sbtest6 WHERE id BETWEEN 7604757 AND 7605756
	Aggregate  (cost=3528.23..3528.24 rows=1 width=8)
	  ->  Bitmap Heap Scan on sbtest6  (cost=29.73..3525.97 rows=907 width=4)
	        Recheck Cond: ((id >= 7604757) AND (id <= 7605756))
	        ->  Bitmap Index Scan on sbtest6_pkey  (cost=0.00..29.50 rows=907 width=0)
	              Index Cond: ((id >= 7604757) AND (id <= 7605756))

table 7 : explain SELECT SUM(k) FROM sbtest7 WHERE id BETWEEN 9335428 AND 9336427
	Aggregate  (cost=3979.22..3979.23 rows=1 width=8)
	  ->  Bitmap Heap Scan on sbtest7  (cost=34.94..3976.66 rows=1025 width=4)
	        Recheck Cond: ((id >= 9335428) AND (id <= 9336427))
	        ->  Bitmap Index Scan on sbtest7_pkey  (cost=0.00..34.69 rows=1025 width=0)
	              Index Cond: ((id >= 9335428) AND (id <= 9336427))

table 8 : explain SELECT SUM(k) FROM sbtest8 WHERE id BETWEEN 298243 AND 299242
	Aggregate  (cost=3880.84..3880.85 rows=1 width=8)
	  ->  Bitmap Heap Scan on sbtest8  (cost=34.67..3878.35 rows=999 width=4)
	        Recheck Cond: ((id >= 298243) AND (id <= 299242))
	        ->  Bitmap Index Scan on sbtest8_pkey  (cost=0.00..34.43 rows=999 width=0)
	              Index Cond: ((id >= 298243) AND (id <= 299242))

explain: for point_selects :: explain SELECT c FROM sbtest%u WHERE id=%u
for point_selects
table 1 : explain SELECT c FROM sbtest1 WHERE id=7729543
	Index Scan using sbtest1_pkey on sbtest1  (cost=0.43..8.45 rows=1 width=121)
	  Index Cond: (id = 7729543)

table 2 : explain SELECT c FROM sbtest2 WHERE id=5375049
	Index Scan using sbtest2_pkey on sbtest2  (cost=0.43..8.45 rows=1 width=121)
	  Index Cond: (id = 5375049)

table 3 : explain SELECT c FROM sbtest3 WHERE id=750717
	Index Scan using sbtest3_pkey on sbtest3  (cost=0.43..8.45 rows=1 width=121)
	  Index Cond: (id = 750717)

table 4 : explain SELECT c FROM sbtest4 WHERE id=653735
	Index Scan using sbtest4_pkey on sbtest4  (cost=0.43..8.45 rows=1 width=121)
	  Index Cond: (id = 653735)

table 5 : explain SELECT c FROM sbtest5 WHERE id=1317267
	Index Scan using sbtest5_pkey on sbtest5  (cost=0.43..8.45 rows=1 width=121)
	  Index Cond: (id = 1317267)

table 6 : explain SELECT c FROM sbtest6 WHERE id=5070458
	Index Scan using sbtest6_pkey on sbtest6  (cost=0.43..8.45 rows=1 width=121)
	  Index Cond: (id = 5070458)

table 7 : explain SELECT c FROM sbtest7 WHERE id=2628032
	Index Scan using sbtest7_pkey on sbtest7  (cost=0.43..8.45 rows=1 width=121)
	  Index Cond: (id = 2628032)

table 8 : explain SELECT c FROM sbtest8 WHERE id=3632144
	Index Scan using sbtest8_pkey on sbtest8  (cost=0.43..8.45 rows=1 width=121)
	  Index Cond: (id = 3632144)

for: sum_ranges
table 1 : explain SELECT SUM(k) FROM sbtest1 WHERE id BETWEEN 427875 AND 428874
	Aggregate  (cost=3737.95..3737.96 rows=1 width=8)
	  ->  Bitmap Heap Scan on sbtest1  (cost=34.31..3735.54 rows=963 width=4)
	        Recheck Cond: ((id >= 427875) AND (id <= 428874))
	        ->  Bitmap Index Scan on sbtest1_pkey  (cost=0.00..34.07 rows=963 width=0)
	              Index Cond: ((id >= 427875) AND (id <= 428874))

table 2 : explain SELECT SUM(k) FROM sbtest2 WHERE id BETWEEN 4102261 AND 4103260
	Aggregate  (cost=3832.55..3832.56 rows=1 width=8)
	  ->  Bitmap Heap Scan on sbtest2  (cost=34.55..3830.08 rows=987 width=4)
	        Recheck Cond: ((id >= 4102261) AND (id <= 4103260))
	        ->  Bitmap Index Scan on sbtest2_pkey  (cost=0.00..34.31 rows=987 width=0)
	              Index Cond: ((id >= 4102261) AND (id <= 4103260))

table 3 : explain SELECT SUM(k) FROM sbtest3 WHERE id BETWEEN 8139139 AND 8140138
	Aggregate  (cost=3703.13..3703.14 rows=1 width=8)
	  ->  Bitmap Heap Scan on sbtest3  (cost=34.20..3700.75 rows=953 width=4)
	        Recheck Cond: ((id >= 8139139) AND (id <= 8140138))
	        ->  Bitmap Index Scan on sbtest3_pkey  (cost=0.00..33.97 rows=953 width=0)
	              Index Cond: ((id >= 8139139) AND (id <= 8140138))

table 4 : explain SELECT SUM(k) FROM sbtest4 WHERE id BETWEEN 6526527 AND 6527526
	Aggregate  (cost=4208.65..4208.66 rows=1 width=8)
	  ->  Index Scan using sbtest4_pkey on sbtest4  (cost=0.43..4205.96 rows=1077 width=4)
	        Index Cond: ((id >= 6526527) AND (id <= 6527526))

table 5 : explain SELECT SUM(k) FROM sbtest5 WHERE id BETWEEN 3495650 AND 3496649
	Aggregate  (cost=3474.72..3474.73 rows=1 width=8)
	  ->  Bitmap Heap Scan on sbtest5  (cost=29.59..3472.49 rows=893 width=4)
	        Recheck Cond: ((id >= 3495650) AND (id <= 3496649))
	        ->  Bitmap Index Scan on sbtest5_pkey  (cost=0.00..29.36 rows=893 width=0)
	              Index Cond: ((id >= 3495650) AND (id <= 3496649))

table 6 : explain SELECT SUM(k) FROM sbtest6 WHERE id BETWEEN 8579325 AND 8580324
	Aggregate  (cost=3827.75..3827.76 rows=1 width=8)
	  ->  Bitmap Heap Scan on sbtest6  (cost=34.53..3825.29 rows=985 width=4)
	        Recheck Cond: ((id >= 8579325) AND (id <= 8580324))
	        ->  Bitmap Index Scan on sbtest6_pkey  (cost=0.00..34.29 rows=985 width=0)
	              Index Cond: ((id >= 8579325) AND (id <= 8580324))

table 7 : explain SELECT SUM(k) FROM sbtest7 WHERE id BETWEEN 4361001 AND 4362000
	Aggregate  (cost=3703.50..3703.51 rows=1 width=8)
	  ->  Index Scan using sbtest7_pkey on sbtest7  (cost=0.43..3701.14 rows=944 width=4)
	        Index Cond: ((id >= 4361001) AND (id <= 4362000))

table 8 : explain SELECT SUM(k) FROM sbtest8 WHERE id BETWEEN 6683376 AND 6684375
	Aggregate  (cost=3895.97..3895.98 rows=1 width=8)
	  ->  Bitmap Heap Scan on sbtest8  (cost=34.72..3893.46 rows=1003 width=4)
	        Recheck Cond: ((id >= 6683376) AND (id <= 6684375))
	        ->  Bitmap Index Scan on sbtest8_pkey  (cost=0.00..34.47 rows=1003 width=0)
	              Index Cond: ((id >= 6683376) AND (id <= 6684375))

for: order_ranges
table 1 : explain SELECT c FROM sbtest1 WHERE id BETWEEN 328494 AND 329493 ORDER BY c
	Sort  (cost=4154.27..4156.92 rows=1060 width=121)
	  Sort Key: c
	  ->  Bitmap Heap Scan on sbtest1  (cost=35.30..4101.00 rows=1060 width=121)
	        Recheck Cond: ((id >= 328494) AND (id <= 329493))
	        ->  Bitmap Index Scan on sbtest1_pkey  (cost=0.00..35.04 rows=1060 width=0)
	              Index Cond: ((id >= 328494) AND (id <= 329493))

table 2 : explain SELECT c FROM sbtest2 WHERE id BETWEEN 2667612 AND 2668611 ORDER BY c
	Sort  (cost=3890.67..3893.15 rows=990 width=121)
	  Sort Key: c
	  ->  Bitmap Heap Scan on sbtest2  (cost=34.58..3841.41 rows=990 width=121)
	        Recheck Cond: ((id >= 2667612) AND (id <= 2668611))
	        ->  Bitmap Index Scan on sbtest2_pkey  (cost=0.00..34.34 rows=990 width=0)
	              Index Cond: ((id >= 2667612) AND (id <= 2668611))

table 3 : explain SELECT c FROM sbtest3 WHERE id BETWEEN 9973580 AND 9974579 ORDER BY c
	Sort  (cost=4142.44..4145.08 rows=1056 width=121)
	  Sort Key: c
	  ->  Bitmap Heap Scan on sbtest3  (cost=35.26..4089.40 rows=1056 width=121)
	        Recheck Cond: ((id >= 9973580) AND (id <= 9974579))
	        ->  Bitmap Index Scan on sbtest3_pkey  (cost=0.00..35.00 rows=1056 width=0)
	              Index Cond: ((id >= 9973580) AND (id <= 9974579))

table 4 : explain SELECT c FROM sbtest4 WHERE id BETWEEN 6326767 AND 6327766 ORDER BY c
	Sort  (cost=3763.37..3765.74 rows=951 width=121)
	  Sort Key: c
	  ->  Index Scan using sbtest4_pkey on sbtest4  (cost=0.43..3716.32 rows=951 width=121)
	        Index Cond: ((id >= 6326767) AND (id <= 6327766))

table 5 : explain SELECT c FROM sbtest5 WHERE id BETWEEN 2867284 AND 2868283 ORDER BY c
	Sort  (cost=4517.11..4519.99 rows=1152 width=121)
	  Sort Key: c
	  ->  Bitmap Heap Scan on sbtest5  (cost=40.24..4458.53 rows=1152 width=121)
	        Recheck Cond: ((id >= 2867284) AND (id <= 2868283))
	        ->  Bitmap Index Scan on sbtest5_pkey  (cost=0.00..39.95 rows=1152 width=0)
	              Index Cond: ((id >= 2867284) AND (id <= 2868283))

table 6 : explain SELECT c FROM sbtest6 WHERE id BETWEEN 4265025 AND 4266024 ORDER BY c
	Sort  (cost=4666.63..4669.61 rows=1192 width=121)
	  Sort Key: c
	  ->  Bitmap Heap Scan on sbtest6  (cost=40.65..4605.72 rows=1192 width=121)
	        Recheck Cond: ((id >= 4265025) AND (id <= 4266024))
	        ->  Bitmap Index Scan on sbtest6_pkey  (cost=0.00..40.36 rows=1192 width=0)
	              Index Cond: ((id >= 4265025) AND (id <= 4266024))

table 7 : explain SELECT c FROM sbtest7 WHERE id BETWEEN 5286670 AND 5287669 ORDER BY c
	Sort  (cost=3894.17..3896.62 rows=981 width=121)
	  Sort Key: c
	  ->  Index Scan using sbtest7_pkey on sbtest7  (cost=0.43..3845.42 rows=981 width=121)
	        Index Cond: ((id >= 5286670) AND (id <= 5287669))

table 8 : explain SELECT c FROM sbtest8 WHERE id BETWEEN 9784244 AND 9785243 ORDER BY c
	Sort  (cost=4008.67..4011.22 rows=1020 width=121)
	  Sort Key: c
	  ->  Bitmap Heap Scan on sbtest8  (cost=34.89..3957.69 rows=1020 width=121)
	        Recheck Cond: ((id >= 9784244) AND (id <= 9785243))
	        ->  Bitmap Index Scan on sbtest8_pkey  (cost=0.00..34.64 rows=1020 width=0)
	              Index Cond: ((id >= 9784244) AND (id <= 9785243))

for: sum_ranges
table 1 : explain SELECT SUM(k) FROM sbtest1 WHERE id BETWEEN 8891230 AND 8892229
	Aggregate  (cost=3907.75..3907.76 rows=1 width=8)
	  ->  Bitmap Heap Scan on sbtest1  (cost=34.77..3905.23 rows=1008 width=4)
	        Recheck Cond: ((id >= 8891230) AND (id <= 8892229))
	        ->  Bitmap Index Scan on sbtest1_pkey  (cost=0.00..34.52 rows=1008 width=0)
	              Index Cond: ((id >= 8891230) AND (id <= 8892229))

table 2 : explain SELECT SUM(k) FROM sbtest2 WHERE id BETWEEN 2910789 AND 2911788
	Aggregate  (cost=3741.81..3741.82 rows=1 width=8)
	  ->  Bitmap Heap Scan on sbtest2  (cost=34.31..3739.40 rows=963 width=4)
	        Recheck Cond: ((id >= 2910789) AND (id <= 2911788))
	        ->  Bitmap Index Scan on sbtest2_pkey  (cost=0.00..34.07 rows=963 width=0)
	              Index Cond: ((id >= 2910789) AND (id <= 2911788))

table 3 : explain SELECT SUM(k) FROM sbtest3 WHERE id BETWEEN 3935033 AND 3936032
	Aggregate  (cost=4299.42..4299.43 rows=1 width=8)
	  ->  Bitmap Heap Scan on sbtest3  (cost=39.81..4296.64 rows=1110 width=4)
	        Recheck Cond: ((id >= 3935033) AND (id <= 3936032))
	        ->  Bitmap Index Scan on sbtest3_pkey  (cost=0.00..39.54 rows=1110 width=0)
	              Index Cond: ((id >= 3935033) AND (id <= 3936032))

table 4 : explain SELECT SUM(k) FROM sbtest4 WHERE id BETWEEN 7507697 AND 7508696
	Aggregate  (cost=3780.93..3780.94 rows=1 width=8)
	  ->  Index Scan using sbtest4_pkey on sbtest4  (cost=0.43..3778.52 rows=967 width=4)
	        Index Cond: ((id >= 7507697) AND (id <= 7508696))

table 5 : explain SELECT SUM(k) FROM sbtest5 WHERE id BETWEEN 7972882 AND 7973881
	Aggregate  (cost=3887.82..3887.83 rows=1 width=8)
	  ->  Bitmap Heap Scan on sbtest5  (cost=34.70..3885.32 rows=1001 width=4)
	        Recheck Cond: ((id >= 7972882) AND (id <= 7973881))
	        ->  Bitmap Index Scan on sbtest5_pkey  (cost=0.00..34.45 rows=1001 width=0)
	              Index Cond: ((id >= 7972882) AND (id <= 7973881))

table 6 : explain SELECT SUM(k) FROM sbtest6 WHERE id BETWEEN 4797151 AND 4798150
	Aggregate  (cost=4107.42..4107.43 rows=1 width=8)
	  ->  Bitmap Heap Scan on sbtest6  (cost=35.29..4104.77 rows=1059 width=4)
	        Recheck Cond: ((id >= 4797151) AND (id <= 4798150))
	        ->  Bitmap Index Scan on sbtest6_pkey  (cost=0.00..35.03 rows=1059 width=0)
	              Index Cond: ((id >= 4797151) AND (id <= 4798150))

table 7 : explain SELECT SUM(k) FROM sbtest7 WHERE id BETWEEN 4061325 AND 4062324
	Aggregate  (cost=3990.56..3990.57 rows=1 width=8)
	  ->  Bitmap Heap Scan on sbtest7  (cost=34.97..3987.99 rows=1028 width=4)
	        Recheck Cond: ((id >= 4061325) AND (id <= 4062324))
	        ->  Bitmap Index Scan on sbtest7_pkey  (cost=0.00..34.72 rows=1028 width=0)
	              Index Cond: ((id >= 4061325) AND (id <= 4062324))

table 8 : explain SELECT SUM(k) FROM sbtest8 WHERE id BETWEEN 225869 AND 226868
	Aggregate  (cost=4115.11..4115.12 rows=1 width=8)
	  ->  Bitmap Heap Scan on sbtest8  (cost=35.31..4112.46 rows=1061 width=4)
	        Recheck Cond: ((id >= 225869) AND (id <= 226868))
	        ->  Bitmap Index Scan on sbtest8_pkey  (cost=0.00..35.05 rows=1061 width=0)
	              Index Cond: ((id >= 225869) AND (id <= 226868))

explain: for point_selects :: explain SELECT c FROM sbtest%u WHERE id=%u
for: sum_ranges
table 1 : explain SELECT SUM(k) FROM sbtest1 WHERE id BETWEEN 8246933 AND 8247932
	Aggregate  (cost=3964.30..3964.31 rows=1 width=8)
	  ->  Bitmap Heap Scan on sbtest1  (cost=34.92..3961.74 rows=1023 width=4)
	        Recheck Cond: ((id >= 8246933) AND (id <= 8247932))
	        ->  Bitmap Index Scan on sbtest1_pkey  (cost=0.00..34.67 rows=1023 width=0)
	              Index Cond: ((id >= 8246933) AND (id <= 8247932))

table 2 : explain SELECT SUM(k) FROM sbtest2 WHERE id BETWEEN 4878464 AND 4879463
	Aggregate  (cost=4044.00..4044.01 rows=1 width=8)
	  ->  Bitmap Heap Scan on sbtest2  (cost=35.13..4041.39 rows=1043 width=4)
	        Recheck Cond: ((id >= 4878464) AND (id <= 4879463))
	        ->  Bitmap Index Scan on sbtest2_pkey  (cost=0.00..34.87 rows=1043 width=0)
	              Index Cond: ((id >= 4878464) AND (id <= 4879463))

table 3 : explain SELECT SUM(k) FROM sbtest3 WHERE id BETWEEN 5909427 AND 5910426
	Aggregate  (cost=3948.72..3948.73 rows=1 width=8)
	  ->  Bitmap Heap Scan on sbtest3  (cost=34.87..3946.17 rows=1018 width=4)
	        Recheck Cond: ((id >= 5909427) AND (id <= 5910426))
	        ->  Bitmap Index Scan on sbtest3_pkey  (cost=0.00..34.62 rows=1018 width=0)
	              Index Cond: ((id >= 5909427) AND (id <= 5910426))

table 4 : explain SELECT SUM(k) FROM sbtest4 WHERE id BETWEEN 1790520 AND 1791519
	Aggregate  (cost=4442.08..4442.09 rows=1 width=8)
	  ->  Index Scan using sbtest4_pkey on sbtest4  (cost=0.43..4439.24 rows=1136 width=4)
	        Index Cond: ((id >= 1790520) AND (id <= 1791519))

table 5 : explain SELECT SUM(k) FROM sbtest5 WHERE id BETWEEN 9046747 AND 9047746
	Aggregate  (cost=3997.43..3997.44 rows=1 width=8)
	  ->  Bitmap Heap Scan on sbtest5  (cost=34.99..3994.85 rows=1030 width=4)
	        Recheck Cond: ((id >= 9046747) AND (id <= 9047746))
	        ->  Bitmap Index Scan on sbtest5_pkey  (cost=0.00..34.73 rows=1030 width=0)
	              Index Cond: ((id >= 9046747) AND (id <= 9047746))

table 6 : explain SELECT SUM(k) FROM sbtest6 WHERE id BETWEEN 4139953 AND 4140952
	Aggregate  (cost=3892.06..3892.07 rows=1 width=8)
	  ->  Bitmap Heap Scan on sbtest6  (cost=34.71..3889.56 rows=1002 width=4)
	        Recheck Cond: ((id >= 4139953) AND (id <= 4140952))
	        ->  Bitmap Index Scan on sbtest6_pkey  (cost=0.00..34.45 rows=1002 width=0)
	              Index Cond: ((id >= 4139953) AND (id <= 4140952))

table 7 : explain SELECT SUM(k) FROM sbtest7 WHERE id BETWEEN 5564901 AND 5565900
	Aggregate  (cost=3758.14..3758.15 rows=1 width=8)
	  ->  Index Scan using sbtest7_pkey on sbtest7  (cost=0.43..3755.74 rows=958 width=4)
	        Index Cond: ((id >= 5564901) AND (id <= 5565900))

table 8 : explain SELECT SUM(k) FROM sbtest8 WHERE id BETWEEN 171449 AND 172448
	Aggregate  (cost=3586.85..3586.86 rows=1 width=8)
	  ->  Index Scan using sbtest8_pkey on sbtest8  (cost=0.43..3584.57 rows=913 width=4)
	        Index Cond: ((id >= 171449) AND (id <= 172448))

for: order_ranges
table 1 : explain SELECT c FROM sbtest1 WHERE id BETWEEN 5060760 AND 5061759 ORDER BY c
	Sort  (cost=3989.94..3992.48 rows=1017 width=121)
	  Sort Key: c
	  ->  Bitmap Heap Scan on sbtest1  (cost=34.86..3939.14 rows=1017 width=121)
	        Recheck Cond: ((id >= 5060760) AND (id <= 5061759))
	        ->  Bitmap Index Scan on sbtest1_pkey  (cost=0.00..34.61 rows=1017 width=0)
	              Index Cond: ((id >= 5060760) AND (id <= 5061759))

table 2 : explain SELECT c FROM sbtest2 WHERE id BETWEEN 2817677 AND 2818676 ORDER BY c
	Sort  (cost=4101.33..4103.95 rows=1045 width=121)
	  Sort Key: c
	  ->  Bitmap Heap Scan on sbtest2  (cost=35.15..4048.93 rows=1045 width=121)
	        Recheck Cond: ((id >= 2817677) AND (id <= 2818676))
	        ->  Bitmap Index Scan on sbtest2_pkey  (cost=0.00..34.89 rows=1045 width=0)
	              Index Cond: ((id >= 2817677) AND (id <= 2818676))

table 3 : explain SELECT c FROM sbtest3 WHERE id BETWEEN 3673667 AND 3674666 ORDER BY c
	Sort  (cost=4127.14..4129.77 rows=1052 width=121)
	  Sort Key: c
	  ->  Bitmap Heap Scan on sbtest3  (cost=35.22..4074.34 rows=1052 width=121)
	        Recheck Cond: ((id >= 3673667) AND (id <= 3674666))
	        ->  Bitmap Index Scan on sbtest3_pkey  (cost=0.00..34.95 rows=1052 width=0)
	              Index Cond: ((id >= 3673667) AND (id <= 3674666))

table 4 : explain SELECT c FROM sbtest4 WHERE id BETWEEN 1037785 AND 1038784 ORDER BY c
	Sort  (cost=3696.36..3698.69 rows=934 width=121)
	  Sort Key: c
	  ->  Index Scan using sbtest4_pkey on sbtest4  (cost=0.43..3650.28 rows=934 width=121)
	        Index Cond: ((id >= 1037785) AND (id <= 1038784))

table 5 : explain SELECT c FROM sbtest5 WHERE id BETWEEN 7904813 AND 7905812 ORDER BY c
	Sort  (cost=3935.21..3937.71 rows=1001 width=121)
	  Sort Key: c
	  ->  Bitmap Heap Scan on sbtest5  (cost=34.70..3885.32 rows=1001 width=121)
	        Recheck Cond: ((id >= 7904813) AND (id <= 7905812))
	        ->  Bitmap Index Scan on sbtest5_pkey  (cost=0.00..34.45 rows=1001 width=0)
	              Index Cond: ((id >= 7904813) AND (id <= 7905812))

table 6 : explain SELECT c FROM sbtest6 WHERE id BETWEEN 2858838 AND 2859837 ORDER BY c
	Sort  (cost=3828.20..3830.63 rows=973 width=121)
	  Sort Key: c
	  ->  Bitmap Heap Scan on sbtest6  (cost=34.41..3779.91 rows=973 width=121)
	        Recheck Cond: ((id >= 2858838) AND (id <= 2859837))
	        ->  Bitmap Index Scan on sbtest6_pkey  (cost=0.00..34.17 rows=973 width=0)
	              Index Cond: ((id >= 2858838) AND (id <= 2859837))

table 7 : explain SELECT c FROM sbtest7 WHERE id BETWEEN 1581773 AND 1582772 ORDER BY c
	Sort  (cost=3826.91..3829.32 rows=964 width=121)
	  Sort Key: c
	  ->  Index Scan using sbtest7_pkey on sbtest7  (cost=0.43..3779.13 rows=964 width=121)
	        Index Cond: ((id >= 1581773) AND (id <= 1582772))

table 8 : explain SELECT c FROM sbtest8 WHERE id BETWEEN 1588127 AND 1589126 ORDER BY c
	Sort  (cost=3633.42..3635.71 rows=914 width=121)
	  Sort Key: c
	  ->  Index Scan using sbtest8_pkey on sbtest8  (cost=0.43..3588.47 rows=914 width=121)
	        Index Cond: ((id >= 1588127) AND (id <= 1589126))

for: simple_ranges
table 1 : explain SELECT c FROM sbtest1 WHERE id BETWEEN 4362624 AND 4363623
	Bitmap Heap Scan on sbtest1  (cost=34.55..3826.08 rows=987 width=121)
	  Recheck Cond: ((id >= 4362624) AND (id <= 4363623))
	  ->  Bitmap Index Scan on sbtest1_pkey  (cost=0.00..34.31 rows=987 width=0)
	        Index Cond: ((id >= 4362624) AND (id <= 4363623))

table 2 : explain SELECT c FROM sbtest2 WHERE id BETWEEN 960466 AND 961465
	Bitmap Heap Scan on sbtest2  (cost=39.83..4305.23 rows=1112 width=121)
	  Recheck Cond: ((id >= 960466) AND (id <= 961465))
	  ->  Bitmap Index Scan on sbtest2_pkey  (cost=0.00..39.56 rows=1112 width=0)
	        Index Cond: ((id >= 960466) AND (id <= 961465))

table 3 : explain SELECT c FROM sbtest3 WHERE id BETWEEN 6479804 AND 6480803
	Bitmap Heap Scan on sbtest3  (cost=34.63..3859.39 rows=995 width=121)
	  Recheck Cond: ((id >= 6479804) AND (id <= 6480803))
	  ->  Bitmap Index Scan on sbtest3_pkey  (cost=0.00..34.39 rows=995 width=0)
	        Index Cond: ((id >= 6479804) AND (id <= 6480803))

table 4 : explain SELECT c FROM sbtest4 WHERE id BETWEEN 6607915 AND 6608914
	Index Scan using sbtest4_pkey on sbtest4  (cost=0.43..4205.96 rows=1077 width=121)
	  Index Cond: ((id >= 6607915) AND (id <= 6608914))

table 5 : explain SELECT c FROM sbtest5 WHERE id BETWEEN 8341730 AND 8342729
	Bitmap Heap Scan on sbtest5  (cost=34.53..3824.85 rows=985 width=121)
	  Recheck Cond: ((id >= 8341730) AND (id <= 8342729))
	  ->  Bitmap Index Scan on sbtest5_pkey  (cost=0.00..34.29 rows=985 width=0)
	        Index Cond: ((id >= 8341730) AND (id <= 8342729))

table 6 : explain SELECT c FROM sbtest6 WHERE id BETWEEN 5244563 AND 5245562
	Bitmap Heap Scan on sbtest6  (cost=35.31..4112.32 rows=1061 width=121)
	  Recheck Cond: ((id >= 5244563) AND (id <= 5245562))
	  ->  Bitmap Index Scan on sbtest6_pkey  (cost=0.00..35.05 rows=1061 width=0)
	        Index Cond: ((id >= 5244563) AND (id <= 5245562))

table 7 : explain SELECT c FROM sbtest7 WHERE id BETWEEN 310580 AND 311579
	Index Scan using sbtest7_pkey on sbtest7  (cost=0.43..3732.36 rows=952 width=121)
	  Index Cond: ((id >= 310580) AND (id <= 311579))

table 8 : explain SELECT c FROM sbtest8 WHERE id BETWEEN 8726457 AND 8727456
	Bitmap Heap Scan on sbtest8  (cost=34.54..3829.20 rows=986 width=121)
	  Recheck Cond: ((id >= 8726457) AND (id <= 8727456))
	  ->  Bitmap Index Scan on sbtest8_pkey  (cost=0.00..34.30 rows=986 width=0)
	        Index Cond: ((id >= 8726457) AND (id <= 8727456))

for: sum_ranges
table 1 : explain SELECT SUM(k) FROM sbtest1 WHERE id BETWEEN 9815771 AND 9816770
	Aggregate  (cost=3518.48..3518.49 rows=1 width=8)
	  ->  Bitmap Heap Scan on sbtest1  (cost=29.72..3516.22 rows=906 width=4)
	        Recheck Cond: ((id >= 9815771) AND (id <= 9816770))
	        ->  Bitmap Index Scan on sbtest1_pkey  (cost=0.00..29.50 rows=906 width=0)
	              Index Cond: ((id >= 9815771) AND (id <= 9816770))

table 2 : explain SELECT SUM(k) FROM sbtest2 WHERE id BETWEEN 1226743 AND 1227742
	Aggregate  (cost=3817.43..3817.44 rows=1 width=8)
	  ->  Bitmap Heap Scan on sbtest2  (cost=34.51..3814.97 rows=983 width=4)
	        Recheck Cond: ((id >= 1226743) AND (id <= 1227742))
	        ->  Bitmap Index Scan on sbtest2_pkey  (cost=0.00..34.27 rows=983 width=0)
	              Index Cond: ((id >= 1226743) AND (id <= 1227742))

table 3 : explain SELECT SUM(k) FROM sbtest3 WHERE id BETWEEN 1980175 AND 1981174
	Aggregate  (cost=3865.66..3865.67 rows=1 width=8)
	  ->  Bitmap Heap Scan on sbtest3  (cost=34.64..3863.17 rows=996 width=4)
	        Recheck Cond: ((id >= 1980175) AND (id <= 1981174))
	        ->  Bitmap Index Scan on sbtest3_pkey  (cost=0.00..34.40 rows=996 width=0)
	              Index Cond: ((id >= 1980175) AND (id <= 1981174))

table 4 : explain SELECT SUM(k) FROM sbtest4 WHERE id BETWEEN 2732783 AND 2733782
	Aggregate  (cost=3302.53..3302.54 rows=1 width=8)
	  ->  Index Scan using sbtest4_pkey on sbtest4  (cost=0.43..3300.42 rows=845 width=4)
	        Index Cond: ((id >= 2732783) AND (id <= 2733782))

table 5 : explain SELECT SUM(k) FROM sbtest5 WHERE id BETWEEN 4063525 AND 4064524
	Aggregate  (cost=4197.47..4197.48 rows=1 width=8)
	  ->  Bitmap Heap Scan on sbtest5  (cost=35.54..4194.76 rows=1083 width=4)
	        Recheck Cond: ((id >= 4063525) AND (id <= 4064524))
	        ->  Bitmap Index Scan on sbtest5_pkey  (cost=0.00..35.27 rows=1083 width=0)
	              Index Cond: ((id >= 4063525) AND (id <= 4064524))

table 6 : explain SELECT SUM(k) FROM sbtest6 WHERE id BETWEEN 7065803 AND 7066802
	Aggregate  (cost=3903.40..3903.41 rows=1 width=8)
	  ->  Bitmap Heap Scan on sbtest6  (cost=34.74..3900.89 rows=1005 width=4)
	        Recheck Cond: ((id >= 7065803) AND (id <= 7066802))
	        ->  Bitmap Index Scan on sbtest6_pkey  (cost=0.00..34.48 rows=1005 width=0)
	              Index Cond: ((id >= 7065803) AND (id <= 7066802))

table 7 : explain SELECT SUM(k) FROM sbtest7 WHERE id BETWEEN 9439626 AND 9440625
	Aggregate  (cost=3843.95..3843.96 rows=1 width=8)
	  ->  Index Scan using sbtest7_pkey on sbtest7  (cost=0.43..3841.50 rows=980 width=4)
	        Index Cond: ((id >= 9439626) AND (id <= 9440625))

table 8 : explain SELECT SUM(k) FROM sbtest8 WHERE id BETWEEN 8364758 AND 8365757
	Aggregate  (cost=3752.17..3752.18 rows=1 width=8)
	  ->  Bitmap Heap Scan on sbtest8  (cost=34.33..3749.76 rows=965 width=4)
	        Recheck Cond: ((id >= 8364758) AND (id <= 8365757))
	        ->  Bitmap Index Scan on sbtest8_pkey  (cost=0.00..34.09 rows=965 width=0)
	              Index Cond: ((id >= 8364758) AND (id <= 8365757))

for: order_ranges
table 1 : explain SELECT c FROM sbtest1 WHERE id BETWEEN 746059 AND 747058 ORDER BY c
	Sort  (cost=3894.30..3896.78 rows=992 width=121)
	  Sort Key: c
	  ->  Bitmap Heap Scan on sbtest1  (cost=34.60..3844.93 rows=992 width=121)
	        Recheck Cond: ((id >= 746059) AND (id <= 747058))
	        ->  Bitmap Index Scan on sbtest1_pkey  (cost=0.00..34.36 rows=992 width=0)
	              Index Cond: ((id >= 746059) AND (id <= 747058))

table 2 : explain SELECT c FROM sbtest2 WHERE id BETWEEN 6980858 AND 6981857 ORDER BY c
	Sort  (cost=4330.93..4333.69 rows=1104 width=121)
	  Sort Key: c
	  ->  Bitmap Heap Scan on sbtest2  (cost=39.75..4275.13 rows=1104 width=121)
	        Recheck Cond: ((id >= 6980858) AND (id <= 6981857))
	        ->  Bitmap Index Scan on sbtest2_pkey  (cost=0.00..39.48 rows=1104 width=0)
	              Index Cond: ((id >= 6980858) AND (id <= 6981857))

table 3 : explain SELECT c FROM sbtest3 WHERE id BETWEEN 3898399 AND 3899398 ORDER BY c
	Sort  (cost=4352.79..4355.56 rows=1110 width=121)
	  Sort Key: c
	  ->  Bitmap Heap Scan on sbtest3  (cost=39.81..4296.64 rows=1110 width=121)
	        Recheck Cond: ((id >= 3898399) AND (id <= 3899398))
	        ->  Bitmap Index Scan on sbtest3_pkey  (cost=0.00..39.54 rows=1110 width=0)
	              Index Cond: ((id >= 3898399) AND (id <= 3899398))

table 4 : explain SELECT c FROM sbtest4 WHERE id BETWEEN 8844244 AND 8845243 ORDER BY c
	Sort  (cost=3605.67..3607.95 rows=911 width=121)
	  Sort Key: c
	  ->  Index Scan using sbtest4_pkey on sbtest4  (cost=0.43..3560.89 rows=911 width=121)
	        Index Cond: ((id >= 8844244) AND (id <= 8845243))

table 5 : explain SELECT c FROM sbtest5 WHERE id BETWEEN 9115770 AND 9116769 ORDER BY c
	Sort  (cost=3804.73..3807.14 rows=967 width=121)
	  Sort Key: c
	  ->  Bitmap Heap Scan on sbtest5  (cost=34.35..3756.77 rows=967 width=121)
	        Recheck Cond: ((id >= 9115770) AND (id <= 9116769))
	        ->  Bitmap Index Scan on sbtest5_pkey  (cost=0.00..34.11 rows=967 width=0)
	              Index Cond: ((id >= 9115770) AND (id <= 9116769))

table 6 : explain SELECT c FROM sbtest6 WHERE id BETWEEN 8210507 AND 8211506 ORDER BY c
	Sort  (cost=3770.59..3772.98 rows=958 width=121)
	  Sort Key: c
	  ->  Bitmap Heap Scan on sbtest6  (cost=34.25..3723.15 rows=958 width=121)
	        Recheck Cond: ((id >= 8210507) AND (id <= 8211506))
	        ->  Bitmap Index Scan on sbtest6_pkey  (cost=0.00..34.02 rows=958 width=0)
	              Index Cond: ((id >= 8210507) AND (id <= 8211506))

table 7 : explain SELECT c FROM sbtest7 WHERE id BETWEEN 9084607 AND 9085606 ORDER BY c
	Sort  (cost=4100.74..4103.35 rows=1044 width=121)
	  Sort Key: c
	  ->  Bitmap Heap Scan on sbtest7  (cost=35.14..4048.40 rows=1044 width=121)
	        Recheck Cond: ((id >= 9084607) AND (id <= 9085606))
	        ->  Bitmap Index Scan on sbtest7_pkey  (cost=0.00..34.88 rows=1044 width=0)
	              Index Cond: ((id >= 9084607) AND (id <= 9085606))

table 8 : explain SELECT c FROM sbtest8 WHERE id BETWEEN 8394240 AND 8395239 ORDER BY c
	Sort  (cost=3797.60..3800.01 rows=965 width=121)
	  Sort Key: c
	  ->  Bitmap Heap Scan on sbtest8  (cost=34.33..3749.76 rows=965 width=121)
	        Recheck Cond: ((id >= 8394240) AND (id <= 8395239))
	        ->  Bitmap Index Scan on sbtest8_pkey  (cost=0.00..34.09 rows=965 width=0)
	              Index Cond: ((id >= 8394240) AND (id <= 8395239))

for: order_ranges
table 1 : explain SELECT c FROM sbtest1 WHERE id BETWEEN 1615048 AND 1616047 ORDER BY c
	Sort  (cost=4215.36..4218.05 rows=1076 width=121)
	  Sort Key: c
	  ->  Bitmap Heap Scan on sbtest1  (cost=35.46..4161.17 rows=1076 width=121)
	        Recheck Cond: ((id >= 1615048) AND (id <= 1616047))
	        ->  Bitmap Index Scan on sbtest1_pkey  (cost=0.00..35.20 rows=1076 width=0)
	              Index Cond: ((id >= 1615048) AND (id <= 1616047))

table 2 : explain SELECT c FROM sbtest2 WHERE id BETWEEN 7816948 AND 7817947 ORDER BY c
	Sort  (cost=4017.11..4019.67 rows=1023 width=121)
	  Sort Key: c
	  ->  Bitmap Heap Scan on sbtest2  (cost=34.92..3965.97 rows=1023 width=121)
	        Recheck Cond: ((id >= 7816948) AND (id <= 7817947))
	        ->  Bitmap Index Scan on sbtest2_pkey  (cost=0.00..34.67 rows=1023 width=0)
	              Index Cond: ((id >= 7816948) AND (id <= 7817947))

table 3 : explain SELECT c FROM sbtest3 WHERE id BETWEEN 4868736 AND 4869735 ORDER BY c
	Sort  (cost=4127.14..4129.77 rows=1052 width=121)
	  Sort Key: c
	  ->  Bitmap Heap Scan on sbtest3  (cost=35.22..4074.34 rows=1052 width=121)
	        Recheck Cond: ((id >= 4868736) AND (id <= 4869735))
	        ->  Bitmap Index Scan on sbtest3_pkey  (cost=0.00..34.95 rows=1052 width=0)
	              Index Cond: ((id >= 4868736) AND (id <= 4869735))

table 4 : explain SELECT c FROM sbtest4 WHERE id BETWEEN 5984924 AND 5985923 ORDER BY c
	Sort  (cost=4114.30..4116.90 rows=1040 width=121)
	  Sort Key: c
	  ->  Index Scan using sbtest4_pkey on sbtest4  (cost=0.43..4062.18 rows=1040 width=121)
	        Index Cond: ((id >= 5984924) AND (id <= 5985923))

table 5 : explain SELECT c FROM sbtest5 WHERE id BETWEEN 9069355 AND 9070354 ORDER BY c
	Sort  (cost=4046.39..4048.97 rows=1030 width=121)
	  Sort Key: c
	  ->  Bitmap Heap Scan on sbtest5  (cost=34.99..3994.85 rows=1030 width=121)
	        Recheck Cond: ((id >= 9069355) AND (id <= 9070354))
	        ->  Bitmap Index Scan on sbtest5_pkey  (cost=0.00..34.73 rows=1030 width=0)
	              Index Cond: ((id >= 9069355) AND (id <= 9070354))

table 6 : explain SELECT c FROM sbtest6 WHERE id BETWEEN 6214047 AND 6215046 ORDER BY c
	Sort  (cost=3832.04..3834.47 rows=974 width=121)
	  Sort Key: c
	  ->  Bitmap Heap Scan on sbtest6  (cost=34.42..3783.69 rows=974 width=121)
	        Recheck Cond: ((id >= 6214047) AND (id <= 6215046))
	        ->  Bitmap Index Scan on sbtest6_pkey  (cost=0.00..34.18 rows=974 width=0)
	              Index Cond: ((id >= 6214047) AND (id <= 6215046))

table 7 : explain SELECT c FROM sbtest7 WHERE id BETWEEN 1385377 AND 1386376 ORDER BY c
	Sort  (cost=3981.18..3983.68 rows=1003 width=121)
	  Sort Key: c
	  ->  Index Scan using sbtest7_pkey on sbtest7  (cost=0.43..3931.18 rows=1003 width=121)
	        Index Cond: ((id >= 1385377) AND (id <= 1386376))

table 8 : explain SELECT c FROM sbtest8 WHERE id BETWEEN 1183489 AND 1184488 ORDER BY c
	Sort  (cost=4047.00..4049.58 rows=1030 width=121)
	  Sort Key: c
	  ->  Bitmap Heap Scan on sbtest8  (cost=34.99..3995.46 rows=1030 width=121)
	        Recheck Cond: ((id >= 1183489) AND (id <= 1184488))
	        ->  Bitmap Index Scan on sbtest8_pkey  (cost=0.00..34.73 rows=1030 width=0)
	              Index Cond: ((id >= 1183489) AND (id <= 1184488))

for point_selects
table 1 : explain SELECT c FROM sbtest1 WHERE id=6198731
	Index Scan using sbtest1_pkey on sbtest1  (cost=0.43..8.45 rows=1 width=121)
	  Index Cond: (id = 6198731)

table 2 : explain SELECT c FROM sbtest2 WHERE id=3279542
	Index Scan using sbtest2_pkey on sbtest2  (cost=0.43..8.45 rows=1 width=121)
	  Index Cond: (id = 3279542)

table 3 : explain SELECT c FROM sbtest3 WHERE id=7116655
	Index Scan using sbtest3_pkey on sbtest3  (cost=0.43..8.45 rows=1 width=121)
	  Index Cond: (id = 7116655)

table 4 : explain SELECT c FROM sbtest4 WHERE id=4133277
	Index Scan using sbtest4_pkey on sbtest4  (cost=0.43..8.45 rows=1 width=121)
	  Index Cond: (id = 4133277)

table 5 : explain SELECT c FROM sbtest5 WHERE id=7494613
	Index Scan using sbtest5_pkey on sbtest5  (cost=0.43..8.45 rows=1 width=121)
	  Index Cond: (id = 7494613)

table 6 : explain SELECT c FROM sbtest6 WHERE id=4686190
	Index Scan using sbtest6_pkey on sbtest6  (cost=0.43..8.45 rows=1 width=121)
	  Index Cond: (id = 4686190)

table 7 : explain SELECT c FROM sbtest7 WHERE id=2618384
	Index Scan using sbtest7_pkey on sbtest7  (cost=0.43..8.45 rows=1 width=121)
	  Index Cond: (id = 2618384)

table 8 : explain SELECT c FROM sbtest8 WHERE id=9234853
	Index Scan using sbtest8_pkey on sbtest8  (cost=0.43..8.45 rows=1 width=121)
	  Index Cond: (id = 9234853)

explain: for point_selects :: explain SELECT c FROM sbtest%u WHERE id=%ufor: distinct_ranges
table 1 : explain SELECT DISTINCT c FROM sbtest1 WHERE id BETWEEN 7388791 AND 7389790 ORDER BY c
	Unique  (cost=3503.13..3507.59 rows=891 width=121)
	  ->  Sort  (cost=3503.13..3505.36 rows=891 width=121)
	        Sort Key: c
	        ->  Bitmap Heap Scan on sbtest1  (cost=29.57..3459.48 rows=891 width=121)
	              Recheck Cond: ((id >= 7388791) AND (id <= 7389790))
	              ->  Bitmap Index Scan on sbtest1_pkey  (cost=0.00..29.34 rows=891 width=0)
	                    Index Cond: ((id >= 7388791) AND (id <= 7389790))

table 2 : explain SELECT DISTINCT c FROM sbtest2 WHERE id BETWEEN 3230067 AND 3231066 ORDER BY c
	Unique  (cost=3545.02..3549.52 rows=901 width=121)
	  ->  Sort  (cost=3545.02..3547.27 rows=901 width=121)
	        Sort Key: c
	        ->  Bitmap Heap Scan on sbtest2  (cost=29.67..3500.80 rows=901 width=121)
	              Recheck Cond: ((id >= 3230067) AND (id <= 3231066))
	              ->  Bitmap Index Scan on sbtest2_pkey  (cost=0.00..29.44 rows=901 width=0)
	                    Index Cond: ((id >= 3230067) AND (id <= 3231066))

table 3 : explain SELECT DISTINCT c FROM sbtest3 WHERE id BETWEEN 5833936 AND 5834935 ORDER BY c
	Unique  (cost=3824.61..3829.48 rows=973 width=121)
	  ->  Sort  (cost=3824.61..3827.05 rows=973 width=121)
	        Sort Key: c
	        ->  Bitmap Heap Scan on sbtest3  (cost=34.41..3776.32 rows=973 width=121)
	              Recheck Cond: ((id >= 5833936) AND (id <= 5834935))
	              ->  Bitmap Index Scan on sbtest3_pkey  (cost=0.00..34.17 rows=973 width=0)
	                    Index Cond: ((id >= 5833936) AND (id <= 5834935))

table 4 : explain SELECT DISTINCT c FROM sbtest4 WHERE id BETWEEN 1550237 AND 1551236 ORDER BY c
	Unique  (cost=3720.01..3724.71 rows=940 width=121)
	  ->  Sort  (cost=3720.01..3722.36 rows=940 width=121)
	        Sort Key: c
	        ->  Index Scan using sbtest4_pkey on sbtest4  (cost=0.43..3673.59 rows=940 width=121)
	              Index Cond: ((id >= 1550237) AND (id <= 1551236))

table 5 : explain SELECT DISTINCT c FROM sbtest5 WHERE id BETWEEN 3913135 AND 3914134 ORDER BY c
	Unique  (cost=3912.19..3917.17 rows=995 width=121)
	  ->  Sort  (cost=3912.19..3914.68 rows=995 width=121)
	        Sort Key: c
	        ->  Bitmap Heap Scan on sbtest5  (cost=34.63..3862.65 rows=995 width=121)
	              Recheck Cond: ((id >= 3913135) AND (id <= 3914134))
	              ->  Bitmap Index Scan on sbtest5_pkey  (cost=0.00..34.39 rows=995 width=0)
	                    Index Cond: ((id >= 3913135) AND (id <= 3914134))

table 6 : explain SELECT DISTINCT c FROM sbtest6 WHERE id BETWEEN 7739673 AND 7740672 ORDER BY c
	Unique  (cost=3855.07..3859.97 rows=980 width=121)
	  ->  Sort  (cost=3855.07..3857.52 rows=980 width=121)
	        Sort Key: c
	        ->  Bitmap Heap Scan on sbtest6  (cost=34.48..3806.38 rows=980 width=121)
	              Recheck Cond: ((id >= 7739673) AND (id <= 7740672))
	              ->  Bitmap Index Scan on sbtest6_pkey  (cost=0.00..34.23 rows=980 width=0)
	                    Index Cond: ((id >= 7739673) AND (id <= 7740672))

table 7 : explain SELECT DISTINCT c FROM sbtest7 WHERE id BETWEEN 670880 AND 671879 ORDER BY c
	Unique  (cost=3882.28..3887.17 rows=978 width=121)
	  ->  Sort  (cost=3882.28..3884.72 rows=978 width=121)
	        Sort Key: c
	        ->  Index Scan using sbtest7_pkey on sbtest7  (cost=0.43..3833.70 rows=978 width=121)
	              Index Cond: ((id >= 670880) AND (id <= 671879))

table 8 : explain SELECT DISTINCT c FROM sbtest8 WHERE id BETWEEN 3489343 AND 3490342 ORDER BY c
	Unique  (cost=3981.82..3986.89 rows=1013 width=121)
	  ->  Sort  (cost=3981.82..3984.35 rows=1013 width=121)
	        Sort Key: c
	        ->  Bitmap Heap Scan on sbtest8  (cost=34.82..3931.25 rows=1013 width=121)
	              Recheck Cond: ((id >= 3489343) AND (id <= 3490342))
	              ->  Bitmap Index Scan on sbtest8_pkey  (cost=0.00..34.57 rows=1013 width=0)
	                    Index Cond: ((id >= 3489343) AND (id <= 3490342))


for: sum_ranges
table 1 : explain SELECT SUM(k) FROM sbtest1 WHERE id BETWEEN 9874920 AND 9875919
	Aggregate  (cost=3518.48..3518.49 rows=1 width=8)
	  ->  Bitmap Heap Scan on sbtest1  (cost=29.72..3516.22 rows=906 width=4)
	        Recheck Cond: ((id >= 9874920) AND (id <= 9875919))
	        ->  Bitmap Index Scan on sbtest1_pkey  (cost=0.00..29.50 rows=906 width=0)
	              Index Cond: ((id >= 9874920) AND (id <= 9875919))

table 2 : explain SELECT SUM(k) FROM sbtest2 WHERE id BETWEEN 9770414 AND 9771413
	Aggregate  (cost=3654.78..3654.79 rows=1 width=8)
	  ->  Bitmap Heap Scan on sbtest2  (cost=34.07..3652.43 rows=940 width=4)
	        Recheck Cond: ((id >= 9770414) AND (id <= 9771413))
	        ->  Bitmap Index Scan on sbtest2_pkey  (cost=0.00..33.84 rows=940 width=0)
	              Index Cond: ((id >= 9770414) AND (id <= 9771413))

table 3 : explain SELECT SUM(k) FROM sbtest3 WHERE id BETWEEN 8294433 AND 8295432
	Aggregate  (cost=3676.65..3676.66 rows=1 width=8)
	  ->  Bitmap Heap Scan on sbtest3  (cost=34.13..3674.29 rows=946 width=4)
	        Recheck Cond: ((id >= 8294433) AND (id <= 8295432))
	        ->  Bitmap Index Scan on sbtest3_pkey  (cost=0.00..33.90 rows=946 width=0)
	              Index Cond: ((id >= 8294433) AND (id <= 8295432))

table 4 : explain SELECT SUM(k) FROM sbtest4 WHERE id BETWEEN 3986524 AND 3987523
	Aggregate  (cost=3831.47..3831.48 rows=1 width=8)
	  ->  Index Scan using sbtest4_pkey on sbtest4  (cost=0.43..3829.02 rows=980 width=4)
	        Index Cond: ((id >= 3986524) AND (id <= 3987523))

table 5 : explain SELECT SUM(k) FROM sbtest5 WHERE id BETWEEN 3084957 AND 3085956
	Aggregate  (cost=3978.54..3978.55 rows=1 width=8)
	  ->  Bitmap Heap Scan on sbtest5  (cost=34.94..3975.97 rows=1025 width=4)
	        Recheck Cond: ((id >= 3084957) AND (id <= 3085956))
	        ->  Bitmap Index Scan on sbtest5_pkey  (cost=0.00..34.69 rows=1025 width=0)
	              Index Cond: ((id >= 3084957) AND (id <= 3085956))

table 6 : explain SELECT SUM(k) FROM sbtest6 WHERE id BETWEEN 9859495 AND 9860494
	Aggregate  (cost=4013.01..4013.02 rows=1 width=8)
	  ->  Bitmap Heap Scan on sbtest6  (cost=35.03..4010.43 rows=1034 width=4)
	        Recheck Cond: ((id >= 9859495) AND (id <= 9860494))
	        ->  Bitmap Index Scan on sbtest6_pkey  (cost=0.00..34.78 rows=1034 width=0)
	              Index Cond: ((id >= 9859495) AND (id <= 9860494))

table 7 : explain SELECT SUM(k) FROM sbtest7 WHERE id BETWEEN 7996137 AND 7997136
	Aggregate  (cost=4130.30..4130.31 rows=1 width=8)
	  ->  Bitmap Heap Scan on sbtest7  (cost=35.35..4127.63 rows=1065 width=4)
	        Recheck Cond: ((id >= 7996137) AND (id <= 7997136))
	        ->  Bitmap Index Scan on sbtest7_pkey  (cost=0.00..35.09 rows=1065 width=0)
	              Index Cond: ((id >= 7996137) AND (id <= 7997136))

table 8 : explain SELECT SUM(k) FROM sbtest8 WHERE id BETWEEN 8526040 AND 8527039
	Aggregate  (cost=3831.66..3831.67 rows=1 width=8)
	  ->  Bitmap Heap Scan on sbtest8  (cost=34.54..3829.20 rows=986 width=4)
	        Recheck Cond: ((id >= 8526040) AND (id <= 8527039))
	        ->  Bitmap Index Scan on sbtest8_pkey  (cost=0.00..34.30 rows=986 width=0)
	              Index Cond: ((id >= 8526040) AND (id <= 8527039))

explain: for point_selects :: explain SELECT c FROM sbtest%u WHERE id=%u
for: sum_ranges
table 1 : explain SELECT SUM(k) FROM sbtest1 WHERE id BETWEEN 996137 AND 997136
	Aggregate  (cost=3764.38..3764.39 rows=1 width=8)
	  ->  Bitmap Heap Scan on sbtest1  (cost=34.38..3761.96 rows=970 width=4)
	        Recheck Cond: ((id >= 996137) AND (id <= 997136))
	        ->  Bitmap Index Scan on sbtest1_pkey  (cost=0.00..34.14 rows=970 width=0)
	              Index Cond: ((id >= 996137) AND (id <= 997136))

table 2 : explain SELECT SUM(k) FROM sbtest2 WHERE id BETWEEN 611860 AND 612859
	Aggregate  (cost=3787.19..3787.20 rows=1 width=8)
	  ->  Bitmap Heap Scan on sbtest2  (cost=34.43..3784.75 rows=975 width=4)
	        Recheck Cond: ((id >= 611860) AND (id <= 612859))
	        ->  Bitmap Index Scan on sbtest2_pkey  (cost=0.00..34.19 rows=975 width=0)
	              Index Cond: ((id >= 611860) AND (id <= 612859))

table 3 : explain SELECT SUM(k) FROM sbtest3 WHERE id BETWEEN 1225582 AND 1226581
	Aggregate  (cost=3854.33..3854.34 rows=1 width=8)
	  ->  Bitmap Heap Scan on sbtest3  (cost=34.61..3851.84 rows=993 width=4)
	        Recheck Cond: ((id >= 1225582) AND (id <= 1226581))
	        ->  Bitmap Index Scan on sbtest3_pkey  (cost=0.00..34.37 rows=993 width=0)
	              Index Cond: ((id >= 1225582) AND (id <= 1226581))

table 4 : explain SELECT SUM(k) FROM sbtest4 WHERE id BETWEEN 4698771 AND 4699770
	Aggregate  (cost=3948.13..3948.14 rows=1 width=8)
	  ->  Index Scan using sbtest4_pkey on sbtest4  (cost=0.43..3945.60 rows=1010 width=4)
	        Index Cond: ((id >= 4698771) AND (id <= 4699770))

table 5 : explain SELECT SUM(k) FROM sbtest5 WHERE id BETWEEN 1241301 AND 1242300
	Aggregate  (cost=3569.76..3569.77 rows=1 width=8)
	  ->  Bitmap Heap Scan on sbtest5  (cost=33.83..3567.47 rows=917 width=4)
	        Recheck Cond: ((id >= 1241301) AND (id <= 1242300))
	        ->  Bitmap Index Scan on sbtest5_pkey  (cost=0.00..33.61 rows=917 width=0)
	              Index Cond: ((id >= 1241301) AND (id <= 1242300))

table 6 : explain SELECT SUM(k) FROM sbtest6 WHERE id BETWEEN 4995922 AND 4996921
	Aggregate  (cost=4050.79..4050.80 rows=1 width=8)
	  ->  Bitmap Heap Scan on sbtest6  (cost=35.14..4048.18 rows=1044 width=4)
	        Recheck Cond: ((id >= 4995922) AND (id <= 4996921))
	        ->  Bitmap Index Scan on sbtest6_pkey  (cost=0.00..34.88 rows=1044 width=0)
	              Index Cond: ((id >= 4995922) AND (id <= 4996921))

table 7 : explain SELECT SUM(k) FROM sbtest7 WHERE id BETWEEN 7719916 AND 7720915
	Aggregate  (cost=3990.56..3990.57 rows=1 width=8)
	  ->  Bitmap Heap Scan on sbtest7  (cost=34.97..3987.99 rows=1028 width=4)
	        Recheck Cond: ((id >= 7719916) AND (id <= 7720915))
	        ->  Bitmap Index Scan on sbtest7_pkey  (cost=0.00..34.72 rows=1028 width=0)
	              Index Cond: ((id >= 7719916) AND (id <= 7720915))

table 8 : explain SELECT SUM(k) FROM sbtest8 WHERE id BETWEEN 2059652 AND 2060651
	Aggregate  (cost=3994.26..3994.27 rows=1 width=8)
	  ->  Bitmap Heap Scan on sbtest8  (cost=34.98..3991.68 rows=1029 width=4)
	        Recheck Cond: ((id >= 2059652) AND (id <= 2060651))
	        ->  Bitmap Index Scan on sbtest8_pkey  (cost=0.00..34.73 rows=1029 width=0)
	              Index Cond: ((id >= 2059652) AND (id <= 2060651))

for: simple_ranges
table 1 : explain SELECT c FROM sbtest1 WHERE id BETWEEN 3600603 AND 3601602
	Bitmap Heap Scan on sbtest1  (cost=34.54..3822.31 rows=986 width=121)
	  Recheck Cond: ((id >= 3600603) AND (id <= 3601602))
	  ->  Bitmap Index Scan on sbtest1_pkey  (cost=0.00..34.30 rows=986 width=0)
	        Index Cond: ((id >= 3600603) AND (id <= 3601602))

table 2 : explain SELECT c FROM sbtest2 WHERE id BETWEEN 7923859 AND 7924858
	Bitmap Heap Scan on sbtest2  (cost=34.48..3803.64 rows=980 width=121)
	  Recheck Cond: ((id >= 7923859) AND (id <= 7924858))
	  ->  Bitmap Index Scan on sbtest2_pkey  (cost=0.00..34.23 rows=980 width=0)
	        Index Cond: ((id >= 7923859) AND (id <= 7924858))

table 3 : explain SELECT c FROM sbtest3 WHERE id BETWEEN 6028862 AND 6029861
	Bitmap Heap Scan on sbtest3  (cost=34.54..3825.42 rows=986 width=121)
	  Recheck Cond: ((id >= 6028862) AND (id <= 6029861))
	  ->  Bitmap Index Scan on sbtest3_pkey  (cost=0.00..34.30 rows=986 width=0)
	        Index Cond: ((id >= 6028862) AND (id <= 6029861))

table 4 : explain SELECT c FROM sbtest4 WHERE id BETWEEN 6031579 AND 6032578
	Index Scan using sbtest4_pkey on sbtest4  (cost=0.43..3871.79 rows=991 width=121)
	  Index Cond: ((id >= 6031579) AND (id <= 6032578))

table 5 : explain SELECT c FROM sbtest5 WHERE id BETWEEN 850883 AND 851882
	Bitmap Heap Scan on sbtest5  (cost=34.98..3991.08 rows=1029 width=121)
	  Recheck Cond: ((id >= 850883) AND (id <= 851882))
	  ->  Bitmap Index Scan on sbtest5_pkey  (cost=0.00..34.73 rows=1029 width=0)
	        Index Cond: ((id >= 850883) AND (id <= 851882))

table 6 : explain SELECT c FROM sbtest6 WHERE id BETWEEN 6918702 AND 6919701
	Bitmap Heap Scan on sbtest6  (cost=33.89..3586.82 rows=922 width=121)
	  Recheck Cond: ((id >= 6918702) AND (id <= 6919701))
	  ->  Bitmap Index Scan on sbtest6_pkey  (cost=0.00..33.66 rows=922 width=0)
	        Index Cond: ((id >= 6918702) AND (id <= 6919701))

table 7 : explain SELECT c FROM sbtest7 WHERE id BETWEEN 2104316 AND 2105315
	Bitmap Heap Scan on sbtest7  (cost=35.17..4059.72 rows=1047 width=121)
	  Recheck Cond: ((id >= 2104316) AND (id <= 2105315))
	  ->  Bitmap Index Scan on sbtest7_pkey  (cost=0.00..34.91 rows=1047 width=0)
	        Index Cond: ((id >= 2104316) AND (id <= 2105315))

table 8 : explain SELECT c FROM sbtest8 WHERE id BETWEEN 1435996 AND 1436995
	Bitmap Heap Scan on sbtest8  (cost=34.97..3987.91 rows=1028 width=121)
	  Recheck Cond: ((id >= 1435996) AND (id <= 1436995))
	  ->  Bitmap Index Scan on sbtest8_pkey  (cost=0.00..34.72 rows=1028 width=0)
	        Index Cond: ((id >= 1435996) AND (id <= 1436995))

for: distinct_ranges
table 1 : explain SELECT DISTINCT c FROM sbtest1 WHERE id BETWEEN 7346286 AND 7347285 ORDER BY c
	Unique  (cost=3894.30..3899.26 rows=992 width=121)
	  ->  Sort  (cost=3894.30..3896.78 rows=992 width=121)
	        Sort Key: c
	        ->  Bitmap Heap Scan on sbtest1  (cost=34.60..3844.93 rows=992 width=121)
	              Recheck Cond: ((id >= 7346286) AND (id <= 7347285))
	              ->  Bitmap Index Scan on sbtest1_pkey  (cost=0.00..34.36 rows=992 width=0)
	                    Index Cond: ((id >= 7346286) AND (id <= 7347285))

table 2 : explain SELECT DISTINCT c FROM sbtest2 WHERE id BETWEEN 4976470 AND 4977469 ORDER BY c
	Unique  (cost=4185.50..4190.83 rows=1067 width=121)
	  ->  Sort  (cost=4185.50..4188.17 rows=1067 width=121)
	        Sort Key: c
	        ->  Bitmap Heap Scan on sbtest2  (cost=35.37..4131.83 rows=1067 width=121)
	              Recheck Cond: ((id >= 4976470) AND (id <= 4977469))
	              ->  Bitmap Index Scan on sbtest2_pkey  (cost=0.00..35.11 rows=1067 width=0)
	                    Index Cond: ((id >= 4976470) AND (id <= 4977469))

table 3 : explain SELECT DISTINCT c FROM sbtest3 WHERE id BETWEEN 7115912 AND 7116911 ORDER BY c
	Unique  (cost=4150.09..4155.38 rows=1058 width=121)
	  ->  Sort  (cost=4150.09..4152.73 rows=1058 width=121)
	        Sort Key: c
	        ->  Bitmap Heap Scan on sbtest3  (cost=35.28..4096.94 rows=1058 width=121)
	              Recheck Cond: ((id >= 7115912) AND (id <= 7116911))
	              ->  Bitmap Index Scan on sbtest3_pkey  (cost=0.00..35.02 rows=1058 width=0)
	                    Index Cond: ((id >= 7115912) AND (id <= 7116911))

table 4 : explain SELECT DISTINCT c FROM sbtest4 WHERE id BETWEEN 3697205 AND 3698204 ORDER BY c
	Unique  (cost=4047.28..4052.40 rows=1023 width=121)
	  ->  Sort  (cost=4047.28..4049.84 rows=1023 width=121)
	        Sort Key: c
	        ->  Index Scan using sbtest4_pkey on sbtest4  (cost=0.43..3996.14 rows=1023 width=121)
	              Index Cond: ((id >= 3697205) AND (id <= 3698204))

table 5 : explain SELECT DISTINCT c FROM sbtest5 WHERE id BETWEEN 7157132 AND 7158131 ORDER BY c
	Unique  (cost=3407.08..3411.36 rows=856 width=121)
	  ->  Sort  (cost=3407.08..3409.22 rows=856 width=121)
	        Sort Key: c
	        ->  Index Scan using sbtest5_pkey on sbtest5  (cost=0.43..3365.38 rows=856 width=121)
	              Index Cond: ((id >= 7157132) AND (id <= 7158131))

table 6 : explain SELECT DISTINCT c FROM sbtest6 WHERE id BETWEEN 46346 AND 47345 ORDER BY c
	Unique  (cost=4418.32..4423.95 rows=1126 width=121)
	  ->  Sort  (cost=4418.32..4421.14 rows=1126 width=121)
	        Sort Key: c
	        ->  Bitmap Heap Scan on sbtest6  (cost=39.98..4361.25 rows=1126 width=121)
	              Recheck Cond: ((id >= 46346) AND (id <= 47345))
	              ->  Bitmap Index Scan on sbtest6_pkey  (cost=0.00..39.70 rows=1126 width=0)
	                    Index Cond: ((id >= 46346) AND (id <= 47345))

table 7 : explain SELECT DISTINCT c FROM sbtest7 WHERE id BETWEEN 9241086 AND 9242085 ORDER BY c
	Unique  (cost=4119.90..4125.14 rows=1049 width=121)
	  ->  Sort  (cost=4119.90..4122.52 rows=1049 width=121)
	        Sort Key: c
	        ->  Bitmap Heap Scan on sbtest7  (cost=35.19..4067.27 rows=1049 width=121)
	              Recheck Cond: ((id >= 9241086) AND (id <= 9242085))
	              ->  Bitmap Index Scan on sbtest7_pkey  (cost=0.00..34.93 rows=1049 width=0)
	                    Index Cond: ((id >= 9241086) AND (id <= 9242085))

table 8 : explain SELECT DISTINCT c FROM sbtest8 WHERE id BETWEEN 5001571 AND 5002570 ORDER BY c
	Unique  (cost=3783.89..3788.65 rows=952 width=121)
	  ->  Sort  (cost=3783.89..3786.27 rows=952 width=121)
	        Sort Key: c
	        ->  Index Scan using sbtest8_pkey on sbtest8  (cost=0.43..3736.80 rows=952 width=121)
	              Index Cond: ((id >= 5001571) AND (id <= 5002570))

for: distinct_ranges
table 1 : explain SELECT DISTINCT c FROM sbtest1 WHERE id BETWEEN 2383476 AND 2384475 ORDER BY c
	Unique  (cost=3441.68..3446.06 rows=875 width=121)
	  ->  Sort  (cost=3441.68..3443.87 rows=875 width=121)
	        Sort Key: c
	        ->  Bitmap Heap Scan on sbtest1  (cost=29.40..3398.93 rows=875 width=121)
	              Recheck Cond: ((id >= 2383476) AND (id <= 2384475))
	              ->  Bitmap Index Scan on sbtest1_pkey  (cost=0.00..29.18 rows=875 width=0)
	                    Index Cond: ((id >= 2383476) AND (id <= 2384475))

table 2 : explain SELECT DISTINCT c FROM sbtest2 WHERE id BETWEEN 6309016 AND 6310015 ORDER BY c
	Unique  (cost=4020.94..4026.06 rows=1024 width=121)
	  ->  Sort  (cost=4020.94..4023.50 rows=1024 width=121)
	        Sort Key: c
	        ->  Bitmap Heap Scan on sbtest2  (cost=34.93..3969.74 rows=1024 width=121)
	              Recheck Cond: ((id >= 6309016) AND (id <= 6310015))
	              ->  Bitmap Index Scan on sbtest2_pkey  (cost=0.00..34.68 rows=1024 width=0)
	                    Index Cond: ((id >= 6309016) AND (id <= 6310015))

table 3 : explain SELECT DISTINCT c FROM sbtest3 WHERE id BETWEEN 8406477 AND 8407476 ORDER BY c
	Unique  (cost=3935.75..3940.76 rows=1002 width=121)
	  ->  Sort  (cost=3935.75..3938.26 rows=1002 width=121)
	        Sort Key: c
	        ->  Bitmap Heap Scan on sbtest3  (cost=34.71..3885.81 rows=1002 width=121)
	              Recheck Cond: ((id >= 8406477) AND (id <= 8407476))
	              ->  Bitmap Index Scan on sbtest3_pkey  (cost=0.00..34.45 rows=1002 width=0)
	                    Index Cond: ((id >= 8406477) AND (id <= 8407476))

table 4 : explain SELECT DISTINCT c FROM sbtest4 WHERE id BETWEEN 2321967 AND 2322966 ORDER BY c
	Unique  (cost=4161.64..4166.90 rows=1052 width=121)
	  ->  Sort  (cost=4161.64..4164.27 rows=1052 width=121)
	        Sort Key: c
	        ->  Index Scan using sbtest4_pkey on sbtest4  (cost=0.43..4108.84 rows=1052 width=121)
	              Index Cond: ((id >= 2321967) AND (id <= 2322966))

table 5 : explain SELECT DISTINCT c FROM sbtest5 WHERE id BETWEEN 171616 AND 172615 ORDER BY c
	Unique  (cost=4364.27..4369.83 rows=1112 width=121)
	  ->  Sort  (cost=4364.27..4367.05 rows=1112 width=121)
	        Sort Key: c
	        ->  Bitmap Heap Scan on sbtest5  (cost=39.83..4308.01 rows=1112 width=121)
	              Recheck Cond: ((id >= 171616) AND (id <= 172615))
	              ->  Bitmap Index Scan on sbtest5_pkey  (cost=0.00..39.56 rows=1112 width=0)
	                    Index Cond: ((id >= 171616) AND (id <= 172615))

table 6 : explain SELECT DISTINCT c FROM sbtest6 WHERE id BETWEEN 6146371 AND 6147370 ORDER BY c
	Unique  (cost=3582.30..3586.81 rows=901 width=121)
	  ->  Sort  (cost=3582.30..3584.56 rows=901 width=121)
	        Sort Key: c
	        ->  Index Scan using sbtest6_pkey on sbtest6  (cost=0.43..3538.09 rows=901 width=121)
	              Index Cond: ((id >= 6146371) AND (id <= 6147370))

table 7 : explain SELECT DISTINCT c FROM sbtest7 WHERE id BETWEEN 4891000 AND 4891999 ORDER BY c
	Unique  (cost=4089.25..4094.45 rows=1041 width=121)
	  ->  Sort  (cost=4089.25..4091.85 rows=1041 width=121)
	        Sort Key: c
	        ->  Bitmap Heap Scan on sbtest7  (cost=35.11..4037.07 rows=1041 width=121)
	              Recheck Cond: ((id >= 4891000) AND (id <= 4891999))
	              ->  Bitmap Index Scan on sbtest7_pkey  (cost=0.00..34.84 rows=1041 width=0)
	                    Index Cond: ((id >= 4891000) AND (id <= 4891999))

table 8 : explain SELECT DISTINCT c FROM sbtest8 WHERE id BETWEEN 2005587 AND 2006586 ORDER BY c
	Unique  (cost=4043.17..4048.32 rows=1029 width=121)
	  ->  Sort  (cost=4043.17..4045.74 rows=1029 width=121)
	        Sort Key: c
	        ->  Bitmap Heap Scan on sbtest8  (cost=34.98..3991.68 rows=1029 width=121)
	              Recheck Cond: ((id >= 2005587) AND (id <= 2006586))
	              ->  Bitmap Index Scan on sbtest8_pkey  (cost=0.00..34.73 rows=1029 width=0)
	                    Index Cond: ((id >= 2005587) AND (id <= 2006586))

for: simple_ranges
table 1 : explain SELECT c FROM sbtest1 WHERE id BETWEEN 2287554 AND 2288553
	Bitmap Heap Scan on sbtest1  (cost=35.18..4055.86 rows=1048 width=121)
	  Recheck Cond: ((id >= 2287554) AND (id <= 2288553))
	  ->  Bitmap Index Scan on sbtest1_pkey  (cost=0.00..34.92 rows=1048 width=0)
	        Index Cond: ((id >= 2287554) AND (id <= 2288553))

table 2 : explain SELECT c FROM sbtest2 WHERE id BETWEEN 4539112 AND 4540111
	Bitmap Heap Scan on sbtest2  (cost=34.31..3739.40 rows=963 width=121)
	  Recheck Cond: ((id >= 4539112) AND (id <= 4540111))
	  ->  Bitmap Index Scan on sbtest2_pkey  (cost=0.00..34.07 rows=963 width=0)
	        Index Cond: ((id >= 4539112) AND (id <= 4540111))

table 3 : explain SELECT c FROM sbtest3 WHERE id BETWEEN 6127107 AND 6128106
	Bitmap Heap Scan on sbtest3  (cost=35.68..4243.75 rows=1097 width=121)
	  Recheck Cond: ((id >= 6127107) AND (id <= 6128106))
	  ->  Bitmap Index Scan on sbtest3_pkey  (cost=0.00..35.41 rows=1097 width=0)
	        Index Cond: ((id >= 6127107) AND (id <= 6128106))

table 4 : explain SELECT c FROM sbtest4 WHERE id BETWEEN 7223133 AND 7224132
	Index Scan using sbtest4_pkey on sbtest4  (cost=0.43..4058.30 rows=1039 width=121)
	  Index Cond: ((id >= 7223133) AND (id <= 7224132))

table 5 : explain SELECT c FROM sbtest5 WHERE id BETWEEN 1104820 AND 1105819
	Bitmap Heap Scan on sbtest5  (cost=35.56..4202.30 rows=1085 width=121)
	  Recheck Cond: ((id >= 1104820) AND (id <= 1105819))
	  ->  Bitmap Index Scan on sbtest5_pkey  (cost=0.00..35.29 rows=1085 width=0)
	        Index Cond: ((id >= 1104820) AND (id <= 1105819))

table 6 : explain SELECT c FROM sbtest6 WHERE id BETWEEN 4259132 AND 4260131
	Bitmap Heap Scan on sbtest6  (cost=40.65..4605.72 rows=1192 width=121)
	  Recheck Cond: ((id >= 4259132) AND (id <= 4260131))
	  ->  Bitmap Index Scan on sbtest6_pkey  (cost=0.00..40.36 rows=1192 width=0)
	        Index Cond: ((id >= 4259132) AND (id <= 4260131))

table 7 : explain SELECT c FROM sbtest7 WHERE id BETWEEN 6553584 AND 6554583
	Bitmap Heap Scan on sbtest7  (cost=35.42..4154.03 rows=1072 width=121)
	  Recheck Cond: ((id >= 6553584) AND (id <= 6554583))
	  ->  Bitmap Index Scan on sbtest7_pkey  (cost=0.00..35.16 rows=1072 width=0)
	        Index Cond: ((id >= 6553584) AND (id <= 6554583))

table 8 : explain SELECT c FROM sbtest8 WHERE id BETWEEN 6388213 AND 6389212
	Bitmap Heap Scan on sbtest8  (cost=35.05..4018.11 rows=1036 width=121)
	  Recheck Cond: ((id >= 6388213) AND (id <= 6389212))
	  ->  Bitmap Index Scan on sbtest8_pkey  (cost=0.00..34.80 rows=1036 width=0)
	        Index Cond: ((id >= 6388213) AND (id <= 6389212))

for: order_ranges
table 1 : explain SELECT c FROM sbtest1 WHERE id BETWEEN 3086100 AND 3087099 ORDER BY c
	Sort  (cost=3947.87..3950.38 rows=1006 width=121)
	  Sort Key: c
	  ->  Bitmap Heap Scan on sbtest1  (cost=34.75..3897.70 rows=1006 width=121)
	        Recheck Cond: ((id >= 3086100) AND (id <= 3087099))
	        ->  Bitmap Index Scan on sbtest1_pkey  (cost=0.00..34.50 rows=1006 width=0)
	              Index Cond: ((id >= 3086100) AND (id <= 3087099))

table 2 : explain SELECT c FROM sbtest2 WHERE id BETWEEN 1285823 AND 1286822 ORDER BY c
	Sort  (cost=3863.83..3866.29 rows=983 width=121)
	  Sort Key: c
	  ->  Bitmap Heap Scan on sbtest2  (cost=34.51..3814.97 rows=983 width=121)
	        Recheck Cond: ((id >= 1285823) AND (id <= 1286822))
	        ->  Bitmap Index Scan on sbtest2_pkey  (cost=0.00..34.27 rows=983 width=0)
	              Index Cond: ((id >= 1285823) AND (id <= 1286822))

table 3 : explain SELECT c FROM sbtest3 WHERE id BETWEEN 4517250 AND 4518249 ORDER BY c
	Sort  (cost=4226.55..4229.24 rows=1078 width=121)
	  Sort Key: c
	  ->  Bitmap Heap Scan on sbtest3  (cost=35.48..4172.25 rows=1078 width=121)
	        Recheck Cond: ((id >= 4517250) AND (id <= 4518249))
	        ->  Bitmap Index Scan on sbtest3_pkey  (cost=0.00..35.22 rows=1078 width=0)
	              Index Cond: ((id >= 4517250) AND (id <= 4518249))

table 4 : explain SELECT c FROM sbtest4 WHERE id BETWEEN 8497585 AND 8498584 ORDER BY c
	Sort  (cost=4240.49..4243.17 rows=1072 width=121)
	  Sort Key: c
	  ->  Index Scan using sbtest4_pkey on sbtest4  (cost=0.43..4186.53 rows=1072 width=121)
	        Index Cond: ((id >= 8497585) AND (id <= 8498584))

table 5 : explain SELECT c FROM sbtest5 WHERE id BETWEEN 2814521 AND 2815520 ORDER BY c
	Sort  (cost=4517.11..4519.99 rows=1152 width=121)
	  Sort Key: c
	  ->  Bitmap Heap Scan on sbtest5  (cost=40.24..4458.53 rows=1152 width=121)
	        Recheck Cond: ((id >= 2814521) AND (id <= 2815520))
	        ->  Bitmap Index Scan on sbtest5_pkey  (cost=0.00..39.95 rows=1152 width=0)
	              Index Cond: ((id >= 2814521) AND (id <= 2815520))

table 6 : explain SELECT c FROM sbtest6 WHERE id BETWEEN 1263199 AND 1264198 ORDER BY c
	Sort  (cost=4081.36..4083.96 rows=1039 width=121)
	  Sort Key: c
	  ->  Bitmap Heap Scan on sbtest6  (cost=35.08..4029.30 rows=1039 width=121)
	        Recheck Cond: ((id >= 1263199) AND (id <= 1264198))
	        ->  Bitmap Index Scan on sbtest6_pkey  (cost=0.00..34.83 rows=1039 width=0)
	              Index Cond: ((id >= 1263199) AND (id <= 1264198))

table 7 : explain SELECT c FROM sbtest7 WHERE id BETWEEN 4943783 AND 4944782 ORDER BY c
	Sort  (cost=4089.25..4091.85 rows=1041 width=121)
	  Sort Key: c
	  ->  Bitmap Heap Scan on sbtest7  (cost=35.11..4037.07 rows=1041 width=121)
	        Recheck Cond: ((id >= 4943783) AND (id <= 4944782))
	        ->  Bitmap Index Scan on sbtest7_pkey  (cost=0.00..34.84 rows=1041 width=0)
	              Index Cond: ((id >= 4943783) AND (id <= 4944782))

table 8 : explain SELECT c FROM sbtest8 WHERE id BETWEEN 8020654 AND 8021653 ORDER BY c
	Sort  (cost=3885.91..3888.38 rows=988 width=121)
	  Sort Key: c
	  ->  Bitmap Heap Scan on sbtest8  (cost=34.56..3836.76 rows=988 width=121)
	        Recheck Cond: ((id >= 8020654) AND (id <= 8021653))
	        ->  Bitmap Index Scan on sbtest8_pkey  (cost=0.00..34.32 rows=988 width=0)
	              Index Cond: ((id >= 8020654) AND (id <= 8021653))

for: order_ranges
table 1 : explain SELECT c FROM sbtest1 WHERE id BETWEEN 7669685 AND 7670684 ORDER BY c
	Sort  (cost=3737.29..3739.67 rows=951 width=121)
	  Sort Key: c
	  ->  Bitmap Heap Scan on sbtest1  (cost=34.18..3690.25 rows=951 width=121)
	        Recheck Cond: ((id >= 7669685) AND (id <= 7670684))
	        ->  Bitmap Index Scan on sbtest1_pkey  (cost=0.00..33.95 rows=951 width=0)
	              Index Cond: ((id >= 7669685) AND (id <= 7670684))

table 2 : explain SELECT c FROM sbtest2 WHERE id BETWEEN 9269442 AND 9270441 ORDER BY c
	Sort  (cost=3471.95..3474.16 rows=882 width=121)
	  Sort Key: c
	  ->  Bitmap Heap Scan on sbtest2  (cost=29.48..3428.80 rows=882 width=121)
	        Recheck Cond: ((id >= 9269442) AND (id <= 9270441))
	        ->  Bitmap Index Scan on sbtest2_pkey  (cost=0.00..29.25 rows=882 width=0)
	              Index Cond: ((id >= 9269442) AND (id <= 9270441))

table 3 : explain SELECT c FROM sbtest3 WHERE id BETWEEN 6100271 AND 6101270 ORDER BY c
	Sort  (cost=4299.14..4301.88 rows=1097 width=121)
	  Sort Key: c
	  ->  Bitmap Heap Scan on sbtest3  (cost=35.68..4243.75 rows=1097 width=121)
	        Recheck Cond: ((id >= 6100271) AND (id <= 6101270))
	        ->  Bitmap Index Scan on sbtest3_pkey  (cost=0.00..35.41 rows=1097 width=0)
	              Index Cond: ((id >= 6100271) AND (id <= 6101270))

table 4 : explain SELECT c FROM sbtest4 WHERE id BETWEEN 2750939 AND 2751938 ORDER BY c
	Sort  (cost=3341.50..3343.61 rows=845 width=121)
	  Sort Key: c
	  ->  Index Scan using sbtest4_pkey on sbtest4  (cost=0.43..3300.42 rows=845 width=121)
	        Index Cond: ((id >= 2750939) AND (id <= 2751938))

table 5 : explain SELECT c FROM sbtest5 WHERE id BETWEEN 7205583 AND 7206582 ORDER BY c
	Sort  (cost=3758.64..3761.03 rows=955 width=121)
	  Sort Key: c
	  ->  Bitmap Heap Scan on sbtest5  (cost=34.22..3711.37 rows=955 width=121)
	        Recheck Cond: ((id >= 7205583) AND (id <= 7206582))
	        ->  Bitmap Index Scan on sbtest5_pkey  (cost=0.00..33.98 rows=955 width=0)
	              Index Cond: ((id >= 7205583) AND (id <= 7206582))

table 6 : explain SELECT c FROM sbtest6 WHERE id BETWEEN 9060618 AND 9061617 ORDER BY c
	Sort  (cost=4150.32..4152.96 rows=1057 width=121)
	  Sort Key: c
	  ->  Bitmap Heap Scan on sbtest6  (cost=35.27..4097.23 rows=1057 width=121)
	        Recheck Cond: ((id >= 9060618) AND (id <= 9061617))
	        ->  Bitmap Index Scan on sbtest6_pkey  (cost=0.00..35.01 rows=1057 width=0)
	              Index Cond: ((id >= 9060618) AND (id <= 9061617))

table 7 : explain SELECT c FROM sbtest7 WHERE id BETWEEN 3677023 AND 3678022 ORDER BY c
	Sort  (cost=4031.75..4034.32 rows=1026 width=121)
	  Sort Key: c
	  ->  Bitmap Heap Scan on sbtest7  (cost=34.95..3980.44 rows=1026 width=121)
	        Recheck Cond: ((id >= 3677023) AND (id <= 3678022))
	        ->  Bitmap Index Scan on sbtest7_pkey  (cost=0.00..34.70 rows=1026 width=0)
	              Index Cond: ((id >= 3677023) AND (id <= 3678022))

table 8 : explain SELECT c FROM sbtest8 WHERE id BETWEEN 7787257 AND 7788256 ORDER BY c
	Sort  (cost=3811.64..3814.04 rows=959 width=121)
	  Sort Key: c
	  ->  Index Scan using sbtest8_pkey on sbtest8  (cost=0.43..3764.14 rows=959 width=121)
	        Index Cond: ((id >= 7787257) AND (id <= 7788256))

for: sum_ranges
table 1 : explain SELECT SUM(k) FROM sbtest1 WHERE id BETWEEN 6467982 AND 6468981
	Aggregate  (cost=3662.39..3662.40 rows=1 width=8)
	  ->  Bitmap Heap Scan on sbtest1  (cost=34.10..3660.04 rows=943 width=4)
	        Recheck Cond: ((id >= 6467982) AND (id <= 6468981))
	        ->  Bitmap Index Scan on sbtest1_pkey  (cost=0.00..33.87 rows=943 width=0)
	              Index Cond: ((id >= 6467982) AND (id <= 6468981))

table 2 : explain SELECT SUM(k) FROM sbtest2 WHERE id BETWEEN 9220192 AND 9221191
	Aggregate  (cost=3431.01..3431.02 rows=1 width=8)
	  ->  Bitmap Heap Scan on sbtest2  (cost=29.48..3428.80 rows=882 width=4)
	        Recheck Cond: ((id >= 9220192) AND (id <= 9221191))
	        ->  Bitmap Index Scan on sbtest2_pkey  (cost=0.00..29.25 rows=882 width=0)
	              Index Cond: ((id >= 9220192) AND (id <= 9221191))

table 3 : explain SELECT SUM(k) FROM sbtest3 WHERE id BETWEEN 1389550 AND 1390549
	Aggregate  (cost=3532.58..3532.59 rows=1 width=8)
	  ->  Bitmap Heap Scan on sbtest3  (cost=29.75..3530.31 rows=909 width=4)
	        Recheck Cond: ((id >= 1389550) AND (id <= 1390549))
	        ->  Bitmap Index Scan on sbtest3_pkey  (cost=0.00..29.52 rows=909 width=0)
	              Index Cond: ((id >= 1389550) AND (id <= 1390549))

table 4 : explain SELECT SUM(k) FROM sbtest4 WHERE id BETWEEN 4958794 AND 4959793
	Aggregate  (cost=4189.21..4189.22 rows=1 width=8)
	  ->  Index Scan using sbtest4_pkey on sbtest4  (cost=0.43..4186.53 rows=1072 width=4)
	        Index Cond: ((id >= 4958794) AND (id <= 4959793))

table 5 : explain SELECT SUM(k) FROM sbtest5 WHERE id BETWEEN 7473814 AND 7474813
	Aggregate  (cost=3929.41..3929.42 rows=1 width=8)
	  ->  Bitmap Heap Scan on sbtest5  (cost=34.81..3926.88 rows=1012 width=4)
	        Recheck Cond: ((id >= 7473814) AND (id <= 7474813))
	        ->  Bitmap Index Scan on sbtest5_pkey  (cost=0.00..34.56 rows=1012 width=0)
	              Index Cond: ((id >= 7473814) AND (id <= 7474813))

table 6 : explain SELECT SUM(k) FROM sbtest6 WHERE id BETWEEN 2296476 AND 2297475
	Aggregate  (cost=3744.48..3744.49 rows=1 width=8)
	  ->  Bitmap Heap Scan on sbtest6  (cost=34.31..3742.07 rows=963 width=4)
	        Recheck Cond: ((id >= 2296476) AND (id <= 2297475))
	        ->  Bitmap Index Scan on sbtest6_pkey  (cost=0.00..34.07 rows=963 width=0)
	              Index Cond: ((id >= 2296476) AND (id <= 2297475))

table 7 : explain SELECT SUM(k) FROM sbtest7 WHERE id BETWEEN 7718194 AND 7719193
	Aggregate  (cost=3990.56..3990.57 rows=1 width=8)
	  ->  Bitmap Heap Scan on sbtest7  (cost=34.97..3987.99 rows=1028 width=4)
	        Recheck Cond: ((id >= 7718194) AND (id <= 7719193))
	        ->  Bitmap Index Scan on sbtest7_pkey  (cost=0.00..34.72 rows=1028 width=0)
	              Index Cond: ((id >= 7718194) AND (id <= 7719193))

table 8 : explain SELECT SUM(k) FROM sbtest8 WHERE id BETWEEN 4591307 AND 4592306
	Aggregate  (cost=3743.11..3743.12 rows=1 width=8)
	  ->  Index Scan using sbtest8_pkey on sbtest8  (cost=0.43..3740.73 rows=953 width=4)
	        Index Cond: ((id >= 4591307) AND (id <= 4592306))

for: order_ranges
table 1 : explain SELECT c FROM sbtest1 WHERE id BETWEEN 9581023 AND 9582022 ORDER BY c
	Sort  (cost=4035.82..4038.39 rows=1029 width=121)
	  Sort Key: c
	  ->  Bitmap Heap Scan on sbtest1  (cost=34.98..3984.34 rows=1029 width=121)
	        Recheck Cond: ((id >= 9581023) AND (id <= 9582022))
	        ->  Bitmap Index Scan on sbtest1_pkey  (cost=0.00..34.73 rows=1029 width=0)
	              Index Cond: ((id >= 9581023) AND (id <= 9582022))

table 2 : explain SELECT c FROM sbtest2 WHERE id BETWEEN 8309091 AND 8310090 ORDER BY c
	Sort  (cost=3764.10..3766.49 rows=957 width=121)
	  Sort Key: c
	  ->  Bitmap Heap Scan on sbtest2  (cost=34.24..3716.72 rows=957 width=121)
	        Recheck Cond: ((id >= 8309091) AND (id <= 8310090))
	        ->  Bitmap Index Scan on sbtest2_pkey  (cost=0.00..34.01 rows=957 width=0)
	              Index Cond: ((id >= 8309091) AND (id <= 8310090))

table 3 : explain SELECT c FROM sbtest3 WHERE id BETWEEN 1297562 AND 1298561 ORDER BY c
	Sort  (cost=4291.50..4294.24 rows=1095 width=121)
	  Sort Key: c
	  ->  Bitmap Heap Scan on sbtest3  (cost=35.66..4236.22 rows=1095 width=121)
	        Recheck Cond: ((id >= 1297562) AND (id <= 1298561))
	        ->  Bitmap Index Scan on sbtest3_pkey  (cost=0.00..35.39 rows=1095 width=0)
	              Index Cond: ((id >= 1297562) AND (id <= 1298561))

table 4 : explain SELECT c FROM sbtest4 WHERE id BETWEEN 9224210 AND 9225209 ORDER BY c
	Sort  (cost=3889.53..3891.99 rows=983 width=121)
	  Sort Key: c
	  ->  Index Scan using sbtest4_pkey on sbtest4  (cost=0.43..3840.67 rows=983 width=121)
	        Index Cond: ((id >= 9224210) AND (id <= 9225209))

table 5 : explain SELECT c FROM sbtest5 WHERE id BETWEEN 9038632 AND 9039631 ORDER BY c
	Sort  (cost=4046.39..4048.97 rows=1030 width=121)
	  Sort Key: c
	  ->  Bitmap Heap Scan on sbtest5  (cost=34.99..3994.85 rows=1030 width=121)
	        Recheck Cond: ((id >= 9038632) AND (id <= 9039631))
	        ->  Bitmap Index Scan on sbtest5_pkey  (cost=0.00..34.73 rows=1030 width=0)
	              Index Cond: ((id >= 9038632) AND (id <= 9039631))

table 6 : explain SELECT c FROM sbtest6 WHERE id BETWEEN 8117953 AND 8118952 ORDER BY c
	Sort  (cost=3966.35..3968.87 rows=1009 width=121)
	  Sort Key: c
	  ->  Bitmap Heap Scan on sbtest6  (cost=34.78..3916.01 rows=1009 width=121)
	        Recheck Cond: ((id >= 8117953) AND (id <= 8118952))
	        ->  Bitmap Index Scan on sbtest6_pkey  (cost=0.00..34.53 rows=1009 width=0)
	              Index Cond: ((id >= 8117953) AND (id <= 8118952))

table 7 : explain SELECT c FROM sbtest7 WHERE id BETWEEN 7090758 AND 7091757 ORDER BY c
	Sort  (cost=3917.90..3920.37 rows=987 width=121)
	  Sort Key: c
	  ->  Index Scan using sbtest7_pkey on sbtest7  (cost=0.43..3868.81 rows=987 width=121)
	        Index Cond: ((id >= 7090758) AND (id <= 7091757))

table 8 : explain SELECT c FROM sbtest8 WHERE id BETWEEN 175123 AND 176122 ORDER BY c
	Sort  (cost=3629.46..3631.74 rows=913 width=121)
	  Sort Key: c
	  ->  Index Scan using sbtest8_pkey on sbtest8  (cost=0.43..3584.57 rows=913 width=121)
	        Index Cond: ((id >= 175123) AND (id <= 176122))

explain: for point_selects :: explain SELECT c FROM sbtest%u WHERE id=%u
for: order_ranges
table 1 : explain SELECT c FROM sbtest1 WHERE id BETWEEN 4005703 AND 4006702 ORDER BY c
	Sort  (cost=4303.30..4306.05 rows=1098 width=121)
	  Sort Key: c
	  ->  Bitmap Heap Scan on sbtest1  (cost=39.69..4247.85 rows=1098 width=121)
	        Recheck Cond: ((id >= 4005703) AND (id <= 4006702))
	        ->  Bitmap Index Scan on sbtest1_pkey  (cost=0.00..39.42 rows=1098 width=0)
	              Index Cond: ((id >= 4005703) AND (id <= 4006702))

table 2 : explain SELECT c FROM sbtest2 WHERE id BETWEEN 3226437 AND 3227436 ORDER BY c
	Sort  (cost=3545.02..3547.27 rows=901 width=121)
	  Sort Key: c
	  ->  Bitmap Heap Scan on sbtest2  (cost=29.67..3500.80 rows=901 width=121)
	        Recheck Cond: ((id >= 3226437) AND (id <= 3227436))
	        ->  Bitmap Index Scan on sbtest2_pkey  (cost=0.00..29.44 rows=901 width=0)
	              Index Cond: ((id >= 3226437) AND (id <= 3227436))

table 3 : explain SELECT c FROM sbtest3 WHERE id BETWEEN 8897548 AND 8898547 ORDER BY c
	Sort  (cost=4088.89..4091.49 rows=1042 width=121)
	  Sort Key: c
	  ->  Bitmap Heap Scan on sbtest3  (cost=35.12..4036.66 rows=1042 width=121)
	        Recheck Cond: ((id >= 8897548) AND (id <= 8898547))
	        ->  Bitmap Index Scan on sbtest3_pkey  (cost=0.00..34.86 rows=1042 width=0)
	              Index Cond: ((id >= 8897548) AND (id <= 8898547))

table 4 : explain SELECT c FROM sbtest4 WHERE id BETWEEN 4565888 AND 4566887 ORDER BY c
	Sort  (cost=3834.35..3836.77 rows=969 width=121)
	  Sort Key: c
	  ->  Index Scan using sbtest4_pkey on sbtest4  (cost=0.43..3786.29 rows=969 width=121)
	        Index Cond: ((id >= 4565888) AND (id <= 4566887))

table 5 : explain SELECT c FROM sbtest5 WHERE id BETWEEN 4373292 AND 4374291 ORDER BY c
	Sort  (cost=3962.05..3964.57 rows=1008 width=121)
	  Sort Key: c
	  ->  Bitmap Heap Scan on sbtest5  (cost=34.77..3911.77 rows=1008 width=121)
	        Recheck Cond: ((id >= 4373292) AND (id <= 4374291))
	        ->  Bitmap Index Scan on sbtest5_pkey  (cost=0.00..34.52 rows=1008 width=0)
	              Index Cond: ((id >= 4373292) AND (id <= 4374291))

table 6 : explain SELECT c FROM sbtest6 WHERE id BETWEEN 8651557 AND 8652556 ORDER BY c
	Sort  (cost=3816.68..3819.10 rows=970 width=121)
	  Sort Key: c
	  ->  Bitmap Heap Scan on sbtest6  (cost=34.38..3768.56 rows=970 width=121)
	        Recheck Cond: ((id >= 8651557) AND (id <= 8652556))
	        ->  Bitmap Index Scan on sbtest6_pkey  (cost=0.00..34.14 rows=970 width=0)
	              Index Cond: ((id >= 8651557) AND (id <= 8652556))

table 7 : explain SELECT c FROM sbtest7 WHERE id BETWEEN 825369 AND 826368 ORDER BY c
	Sort  (cost=4096.91..4099.52 rows=1043 width=121)
	  Sort Key: c
	  ->  Bitmap Heap Scan on sbtest7  (cost=35.13..4044.62 rows=1043 width=121)
	        Recheck Cond: ((id >= 825369) AND (id <= 826368))
	        ->  Bitmap Index Scan on sbtest7_pkey  (cost=0.00..34.87 rows=1043 width=0)
	              Index Cond: ((id >= 825369) AND (id <= 826368))

table 8 : explain SELECT c FROM sbtest8 WHERE id BETWEEN 1204427 AND 1205426 ORDER BY c
	Sort  (cost=3732.43..3734.77 rows=939 width=121)
	  Sort Key: c
	  ->  Index Scan using sbtest8_pkey on sbtest8  (cost=0.43..3686.06 rows=939 width=121)
	        Index Cond: ((id >= 1204427) AND (id <= 1205426))

explain: for point_selects :: explain SELECT c FROM sbtest%u WHERE id=%u
for: order_ranges
table 1 : explain SELECT c FROM sbtest1 WHERE id BETWEEN 5797360 AND 5798359 ORDER BY c
	Sort  (cost=3863.68..3866.14 rows=984 width=121)
	  Sort Key: c
	  ->  Bitmap Heap Scan on sbtest1  (cost=34.52..3814.76 rows=984 width=121)
	        Recheck Cond: ((id >= 5797360) AND (id <= 5798359))
	        ->  Bitmap Index Scan on sbtest1_pkey  (cost=0.00..34.28 rows=984 width=0)
	              Index Cond: ((id >= 5797360) AND (id <= 5798359))

table 2 : explain SELECT c FROM sbtest2 WHERE id BETWEEN 2678769 AND 2679768 ORDER BY c
	Sort  (cost=3890.67..3893.15 rows=990 width=121)
	  Sort Key: c
	  ->  Bitmap Heap Scan on sbtest2  (cost=34.58..3841.41 rows=990 width=121)
	        Recheck Cond: ((id >= 2678769) AND (id <= 2679768))
	        ->  Bitmap Index Scan on sbtest2_pkey  (cost=0.00..34.34 rows=990 width=0)
	              Index Cond: ((id >= 2678769) AND (id <= 2679768))

table 3 : explain SELECT c FROM sbtest3 WHERE id BETWEEN 963711 AND 964710 ORDER BY c
	Sort  (cost=4161.56..4164.21 rows=1061 width=121)
	  Sort Key: c
	  ->  Bitmap Heap Scan on sbtest3  (cost=35.31..4108.24 rows=1061 width=121)
	        Recheck Cond: ((id >= 963711) AND (id <= 964710))
	        ->  Bitmap Index Scan on sbtest3_pkey  (cost=0.00..35.05 rows=1061 width=0)
	              Index Cond: ((id >= 963711) AND (id <= 964710))

table 4 : explain SELECT c FROM sbtest4 WHERE id BETWEEN 6167455 AND 6168454 ORDER BY c
	Sort  (cost=3842.23..3844.66 rows=971 width=121)
	  Sort Key: c
	  ->  Index Scan using sbtest4_pkey on sbtest4  (cost=0.43..3794.05 rows=971 width=121)
	        Index Cond: ((id >= 6167455) AND (id <= 6168454))

table 5 : explain SELECT c FROM sbtest5 WHERE id BETWEEN 5586799 AND 5587798 ORDER BY c
	Sort  (cost=3708.70..3711.05 rows=942 width=121)
	  Sort Key: c
	  ->  Bitmap Heap Scan on sbtest5  (cost=34.09..3662.16 rows=942 width=121)
	        Recheck Cond: ((id >= 5586799) AND (id <= 5587798))
	        ->  Bitmap Index Scan on sbtest5_pkey  (cost=0.00..33.86 rows=942 width=0)
	              Index Cond: ((id >= 5586799) AND (id <= 5587798))

table 6 : explain SELECT c FROM sbtest6 WHERE id BETWEEN 3443671 AND 3444670 ORDER BY c
	Sort  (cost=3962.51..3965.03 rows=1008 width=121)
	  Sort Key: c
	  ->  Bitmap Heap Scan on sbtest6  (cost=34.77..3912.23 rows=1008 width=121)
	        Recheck Cond: ((id >= 3443671) AND (id <= 3444670))
	        ->  Bitmap Index Scan on sbtest6_pkey  (cost=0.00..34.52 rows=1008 width=0)
	              Index Cond: ((id >= 3443671) AND (id <= 3444670))

table 7 : explain SELECT c FROM sbtest7 WHERE id BETWEEN 1212847 AND 1213846 ORDER BY c
	Sort  (cost=4016.80..4019.33 rows=1012 width=121)
	  Sort Key: c
	  ->  Index Scan using sbtest7_pkey on sbtest7  (cost=0.43..3966.29 rows=1012 width=121)
	        Index Cond: ((id >= 1212847) AND (id <= 1213846))

table 8 : explain SELECT c FROM sbtest8 WHERE id BETWEEN 5044268 AND 5045267 ORDER BY c
	Sort  (cost=3783.89..3786.27 rows=952 width=121)
	  Sort Key: c
	  ->  Index Scan using sbtest8_pkey on sbtest8  (cost=0.43..3736.80 rows=952 width=121)
	        Index Cond: ((id >= 5044268) AND (id <= 5045267))

for point_selects
table 1 : explain SELECT c FROM sbtest1 WHERE id=1656187
	Index Scan using sbtest1_pkey on sbtest1  (cost=0.43..8.45 rows=1 width=121)
	  Index Cond: (id = 1656187)

table 2 : explain SELECT c FROM sbtest2 WHERE id=1416952
	Index Scan using sbtest2_pkey on sbtest2  (cost=0.43..8.45 rows=1 width=121)
	  Index Cond: (id = 1416952)

table 3 : explain SELECT c FROM sbtest3 WHERE id=8043431
	Index Scan using sbtest3_pkey on sbtest3  (cost=0.43..8.45 rows=1 width=121)
	  Index Cond: (id = 8043431)

table 4 : explain SELECT c FROM sbtest4 WHERE id=9733376
	Index Scan using sbtest4_pkey on sbtest4  (cost=0.43..8.45 rows=1 width=121)
	  Index Cond: (id = 9733376)

table 5 : explain SELECT c FROM sbtest5 WHERE id=2120793
	Index Scan using sbtest5_pkey on sbtest5  (cost=0.43..8.45 rows=1 width=121)
	  Index Cond: (id = 2120793)

table 6 : explain SELECT c FROM sbtest6 WHERE id=7812628
	Index Scan using sbtest6_pkey on sbtest6  (cost=0.43..8.45 rows=1 width=121)
	  Index Cond: (id = 7812628)

table 7 : explain SELECT c FROM sbtest7 WHERE id=605508
	Index Scan using sbtest7_pkey on sbtest7  (cost=0.43..8.45 rows=1 width=121)
	  Index Cond: (id = 605508)

table 8 : explain SELECT c FROM sbtest8 WHERE id=4228341
	Index Scan using sbtest8_pkey on sbtest8  (cost=0.43..8.45 rows=1 width=121)
	  Index Cond: (id = 4228341)

for point_selects
table 1 : explain SELECT c FROM sbtest1 WHERE id=2711428
	Index Scan using sbtest1_pkey on sbtest1  (cost=0.43..8.45 rows=1 width=121)
	  Index Cond: (id = 2711428)

table 2 : explain SELECT c FROM sbtest2 WHERE id=465650
	Index Scan using sbtest2_pkey on sbtest2  (cost=0.43..8.45 rows=1 width=121)
	  Index Cond: (id = 465650)

table 3 : explain SELECT c FROM sbtest3 WHERE id=4846006
	Index Scan using sbtest3_pkey on sbtest3  (cost=0.43..8.45 rows=1 width=121)
	  Index Cond: (id = 4846006)

table 4 : explain SELECT c FROM sbtest4 WHERE id=3670415
	Index Scan using sbtest4_pkey on sbtest4  (cost=0.43..8.45 rows=1 width=121)
	  Index Cond: (id = 3670415)

table 5 : explain SELECT c FROM sbtest5 WHERE id=880097
	Index Scan using sbtest5_pkey on sbtest5  (cost=0.43..8.45 rows=1 width=121)
	  Index Cond: (id = 880097)

table 6 : explain SELECT c FROM sbtest6 WHERE id=4665855
	Index Scan using sbtest6_pkey on sbtest6  (cost=0.43..8.45 rows=1 width=121)
	  Index Cond: (id = 4665855)

table 7 : explain SELECT c FROM sbtest7 WHERE id=4745199
	Index Scan using sbtest7_pkey on sbtest7  (cost=0.43..8.45 rows=1 width=121)
	  Index Cond: (id = 4745199)

table 8 : explain SELECT c FROM sbtest8 WHERE id=5839171
	Index Scan using sbtest8_pkey on sbtest8  (cost=0.43..8.45 rows=1 width=121)
	  Index Cond: (id = 5839171)

for: order_ranges
table 1 : explain SELECT c FROM sbtest1 WHERE id BETWEEN 3185355 AND 3186354 ORDER BY c
	Sort  (cost=3741.12..3743.50 rows=952 width=121)
	  Sort Key: c
	  ->  Bitmap Heap Scan on sbtest1  (cost=34.19..3694.02 rows=952 width=121)
	        Recheck Cond: ((id >= 3185355) AND (id <= 3186354))
	        ->  Bitmap Index Scan on sbtest1_pkey  (cost=0.00..33.95 rows=952 width=0)
	              Index Cond: ((id >= 3185355) AND (id <= 3186354))

table 2 : explain SELECT c FROM sbtest2 WHERE id BETWEEN 2756888 AND 2757887 ORDER BY c
	Sort  (cost=4223.74..4226.43 rows=1077 width=121)
	  Sort Key: c
	  ->  Bitmap Heap Scan on sbtest2  (cost=35.47..4169.50 rows=1077 width=121)
	        Recheck Cond: ((id >= 2756888) AND (id <= 2757887))
	        ->  Bitmap Index Scan on sbtest2_pkey  (cost=0.00..35.20 rows=1077 width=0)
	              Index Cond: ((id >= 2756888) AND (id <= 2757887))

table 3 : explain SELECT c FROM sbtest3 WHERE id BETWEEN 1743775 AND 1744774 ORDER BY c
	Sort  (cost=4333.69..4336.46 rows=1105 width=121)
	  Sort Key: c
	  ->  Bitmap Heap Scan on sbtest3  (cost=39.76..4277.84 rows=1105 width=121)
	        Recheck Cond: ((id >= 1743775) AND (id <= 1744774))
	        ->  Bitmap Index Scan on sbtest3_pkey  (cost=0.00..39.48 rows=1105 width=0)
	              Index Cond: ((id >= 1743775) AND (id <= 1744774))

table 4 : explain SELECT c FROM sbtest4 WHERE id BETWEEN 1215859 AND 1216858 ORDER BY c
	Sort  (cost=4165.58..4168.22 rows=1053 width=121)
	  Sort Key: c
	  ->  Index Scan using sbtest4_pkey on sbtest4  (cost=0.43..4112.72 rows=1053 width=121)
	        Index Cond: ((id >= 1215859) AND (id <= 1216858))

table 5 : explain SELECT c FROM sbtest5 WHERE id BETWEEN 4481508 AND 4482507 ORDER BY c
	Sort  (cost=4042.56..4045.13 rows=1029 width=121)
	  Sort Key: c
	  ->  Bitmap Heap Scan on sbtest5  (cost=34.98..3991.08 rows=1029 width=121)
	        Recheck Cond: ((id >= 4481508) AND (id <= 4482507))
	        ->  Bitmap Index Scan on sbtest5_pkey  (cost=0.00..34.73 rows=1029 width=0)
	              Index Cond: ((id >= 4481508) AND (id <= 4482507))

table 6 : explain SELECT c FROM sbtest6 WHERE id BETWEEN 8619241 AND 8620240 ORDER BY c
	Sort  (cost=3874.26..3876.73 rows=985 width=121)
	  Sort Key: c
	  ->  Bitmap Heap Scan on sbtest6  (cost=34.53..3825.29 rows=985 width=121)
	        Recheck Cond: ((id >= 8619241) AND (id <= 8620240))
	        ->  Bitmap Index Scan on sbtest6_pkey  (cost=0.00..34.29 rows=985 width=0)
	              Index Cond: ((id >= 8619241) AND (id <= 8620240))

table 7 : explain SELECT c FROM sbtest7 WHERE id BETWEEN 5182262 AND 5183261 ORDER BY c
	Sort  (cost=4036.58..4039.12 rows=1017 width=121)
	  Sort Key: c
	  ->  Index Scan using sbtest7_pkey on sbtest7  (cost=0.43..3985.78 rows=1017 width=121)
	        Index Cond: ((id >= 5182262) AND (id <= 5183261))

table 8 : explain SELECT c FROM sbtest8 WHERE id BETWEEN 6581113 AND 6582112 ORDER BY c
	Sort  (cost=3970.32..3972.84 rows=1010 width=121)
	  Sort Key: c
	  ->  Bitmap Heap Scan on sbtest8  (cost=34.79..3919.92 rows=1010 width=121)
	        Recheck Cond: ((id >= 6581113) AND (id <= 6582112))
	        ->  Bitmap Index Scan on sbtest8_pkey  (cost=0.00..34.54 rows=1010 width=0)
	              Index Cond: ((id >= 6581113) AND (id <= 6582112))

for: sum_ranges
table 1 : explain SELECT SUM(k) FROM sbtest1 WHERE id BETWEEN 2967299 AND 2968298
	Aggregate  (cost=4156.34..4156.35 rows=1 width=8)
	  ->  Bitmap Heap Scan on sbtest1  (cost=35.44..4153.65 rows=1074 width=4)
	        Recheck Cond: ((id >= 2967299) AND (id <= 2968298))
	        ->  Bitmap Index Scan on sbtest1_pkey  (cost=0.00..35.18 rows=1074 width=0)
	              Index Cond: ((id >= 2967299) AND (id <= 2968298))

table 2 : explain SELECT SUM(k) FROM sbtest2 WHERE id BETWEEN 7410430 AND 7411429
	Aggregate  (cost=3783.41..3783.42 rows=1 width=8)
	  ->  Bitmap Heap Scan on sbtest2  (cost=34.42..3780.97 rows=974 width=4)
	        Recheck Cond: ((id >= 7410430) AND (id <= 7411429))
	        ->  Bitmap Index Scan on sbtest2_pkey  (cost=0.00..34.18 rows=974 width=0)
	              Index Cond: ((id >= 7410430) AND (id <= 7411429))

table 3 : explain SELECT SUM(k) FROM sbtest3 WHERE id BETWEEN 3526138 AND 3527137
	Aggregate  (cost=3926.07..3926.08 rows=1 width=8)
	  ->  Bitmap Heap Scan on sbtest3  (cost=34.81..3923.54 rows=1012 width=4)
	        Recheck Cond: ((id >= 3526138) AND (id <= 3527137))
	        ->  Bitmap Index Scan on sbtest3_pkey  (cost=0.00..34.56 rows=1012 width=0)
	              Index Cond: ((id >= 3526138) AND (id <= 3527137))

table 4 : explain SELECT SUM(k) FROM sbtest4 WHERE id BETWEEN 2349079 AND 2350078
	Aggregate  (cost=4111.47..4111.48 rows=1 width=8)
	  ->  Index Scan using sbtest4_pkey on sbtest4  (cost=0.43..4108.84 rows=1052 width=4)
	        Index Cond: ((id >= 2349079) AND (id <= 2350078))

table 5 : explain SELECT SUM(k) FROM sbtest5 WHERE id BETWEEN 5719877 AND 5720876
	Aggregate  (cost=4110.70..4110.71 rows=1 width=8)
	  ->  Bitmap Heap Scan on sbtest5  (cost=35.30..4108.05 rows=1060 width=4)
	        Recheck Cond: ((id >= 5719877) AND (id <= 5720876))
	        ->  Bitmap Index Scan on sbtest5_pkey  (cost=0.00..35.04 rows=1060 width=0)
	              Index Cond: ((id >= 5719877) AND (id <= 5720876))

table 6 : explain SELECT SUM(k) FROM sbtest6 WHERE id BETWEEN 1148374 AND 1149373
	Aggregate  (cost=3653.57..3653.58 rows=1 width=8)
	  ->  Bitmap Heap Scan on sbtest6  (cost=34.06..3651.22 rows=939 width=4)
	        Recheck Cond: ((id >= 1148374) AND (id <= 1149373))
	        ->  Bitmap Index Scan on sbtest6_pkey  (cost=0.00..33.83 rows=939 width=0)
	              Index Cond: ((id >= 1148374) AND (id <= 1149373))

table 7 : explain SELECT SUM(k) FROM sbtest7 WHERE id BETWEEN 3163995 AND 3164994
	Aggregate  (cost=4054.78..4054.79 rows=1 width=8)
	  ->  Bitmap Heap Scan on sbtest7  (cost=35.15..4052.17 rows=1045 width=4)
	        Recheck Cond: ((id >= 3163995) AND (id <= 3164994))
	        ->  Bitmap Index Scan on sbtest7_pkey  (cost=0.00..34.89 rows=1045 width=0)
	              Index Cond: ((id >= 3163995) AND (id <= 3164994))

table 8 : explain SELECT SUM(k) FROM sbtest8 WHERE id BETWEEN 2083907 AND 2084906
	Aggregate  (cost=3743.11..3743.12 rows=1 width=8)
	  ->  Index Scan using sbtest8_pkey on sbtest8  (cost=0.43..3740.73 rows=953 width=4)
	        Index Cond: ((id >= 2083907) AND (id <= 2084906))

for point_selects
table 1 : explain SELECT c FROM sbtest1 WHERE id=584860
	Index Scan using sbtest1_pkey on sbtest1  (cost=0.43..8.45 rows=1 width=121)
	  Index Cond: (id = 584860)

table 2 : explain SELECT c FROM sbtest2 WHERE id=2391453
	Index Scan using sbtest2_pkey on sbtest2  (cost=0.43..8.45 rows=1 width=121)
	  Index Cond: (id = 2391453)

table 3 : explain SELECT c FROM sbtest3 WHERE id=9041046
	Index Scan using sbtest3_pkey on sbtest3  (cost=0.43..8.45 rows=1 width=121)
	  Index Cond: (id = 9041046)

table 4 : explain SELECT c FROM sbtest4 WHERE id=2116198
	Index Scan using sbtest4_pkey on sbtest4  (cost=0.43..8.45 rows=1 width=121)
	  Index Cond: (id = 2116198)

table 5 : explain SELECT c FROM sbtest5 WHERE id=1546485
	Index Scan using sbtest5_pkey on sbtest5  (cost=0.43..8.45 rows=1 width=121)
	  Index Cond: (id = 1546485)

table 6 : explain SELECT c FROM sbtest6 WHERE id=7219794
	Index Scan using sbtest6_pkey on sbtest6  (cost=0.43..8.45 rows=1 width=121)
	  Index Cond: (id = 7219794)

table 7 : explain SELECT c FROM sbtest7 WHERE id=9211387
	Index Scan using sbtest7_pkey on sbtest7  (cost=0.43..8.45 rows=1 width=121)
	  Index Cond: (id = 9211387)

table 8 : explain SELECT c FROM sbtest8 WHERE id=9846235
	Index Scan using sbtest8_pkey on sbtest8  (cost=0.43..8.45 rows=1 width=121)
	  Index Cond: (id = 9846235)

for: distinct_ranges
table 1 : explain SELECT DISTINCT c FROM sbtest1 WHERE id BETWEEN 6043384 AND 6044383 ORDER BY c
	Unique  (cost=4035.82..4040.97 rows=1029 width=121)
	  ->  Sort  (cost=4035.82..4038.39 rows=1029 width=121)
	        Sort Key: c
	        ->  Bitmap Heap Scan on sbtest1  (cost=34.98..3984.34 rows=1029 width=121)
	              Recheck Cond: ((id >= 6043384) AND (id <= 6044383))
	              ->  Bitmap Index Scan on sbtest1_pkey  (cost=0.00..34.73 rows=1029 width=0)
	                    Index Cond: ((id >= 6043384) AND (id <= 6044383))

table 2 : explain SELECT DISTINCT c FROM sbtest2 WHERE id BETWEEN 3379457 AND 3380456 ORDER BY c
	Unique  (cost=4151.07..4156.36 rows=1058 width=121)
	  ->  Sort  (cost=4151.07..4153.72 rows=1058 width=121)
	        Sort Key: c
	        ->  Bitmap Heap Scan on sbtest2  (cost=35.28..4097.93 rows=1058 width=121)
	              Recheck Cond: ((id >= 3379457) AND (id <= 3380456))
	              ->  Bitmap Index Scan on sbtest2_pkey  (cost=0.00..35.02 rows=1058 width=0)
	                    Index Cond: ((id >= 3379457) AND (id <= 3380456))

table 3 : explain SELECT DISTINCT c FROM sbtest3 WHERE id BETWEEN 944213 AND 945212 ORDER BY c
	Unique  (cost=4161.56..4166.86 rows=1061 width=121)
	  ->  Sort  (cost=4161.56..4164.21 rows=1061 width=121)
	        Sort Key: c
	        ->  Bitmap Heap Scan on sbtest3  (cost=35.31..4108.24 rows=1061 width=121)
	              Recheck Cond: ((id >= 944213) AND (id <= 945212))
	              ->  Bitmap Index Scan on sbtest3_pkey  (cost=0.00..35.05 rows=1061 width=0)
	                    Index Cond: ((id >= 944213) AND (id <= 945212))

table 4 : explain SELECT DISTINCT c FROM sbtest4 WHERE id BETWEEN 9957059 AND 9958058 ORDER BY c
	Unique  (cost=3976.29..3981.32 rows=1005 width=121)
	  ->  Sort  (cost=3976.29..3978.80 rows=1005 width=121)
	        Sort Key: c
	        ->  Index Scan using sbtest4_pkey on sbtest4  (cost=0.43..3926.18 rows=1005 width=121)
	              Index Cond: ((id >= 9957059) AND (id <= 9958058))

table 5 : explain SELECT DISTINCT c FROM sbtest5 WHERE id BETWEEN 2218795 AND 2219794 ORDER BY c
	Unique  (cost=4050.23..4055.38 rows=1031 width=121)
	  ->  Sort  (cost=4050.23..4052.80 rows=1031 width=121)
	        Sort Key: c
	        ->  Bitmap Heap Scan on sbtest5  (cost=35.00..3998.63 rows=1031 width=121)
	              Recheck Cond: ((id >= 2218795) AND (id <= 2219794))
	              ->  Bitmap Index Scan on sbtest5_pkey  (cost=0.00..34.75 rows=1031 width=0)
	                    Index Cond: ((id >= 2218795) AND (id <= 2219794))

table 6 : explain SELECT DISTINCT c FROM sbtest6 WHERE id BETWEEN 5122752 AND 5123751 ORDER BY c
	Unique  (cost=3585.91..3590.47 rows=911 width=121)
	  ->  Sort  (cost=3585.91..3588.19 rows=911 width=121)
	        Sort Key: c
	        ->  Bitmap Heap Scan on sbtest6  (cost=29.77..3541.13 rows=911 width=121)
	              Recheck Cond: ((id >= 5122752) AND (id <= 5123751))
	              ->  Bitmap Index Scan on sbtest6_pkey  (cost=0.00..29.54 rows=911 width=0)
	                    Index Cond: ((id >= 5122752) AND (id <= 5123751))

table 7 : explain SELECT DISTINCT c FROM sbtest7 WHERE id BETWEEN 6593347 AND 6594346 ORDER BY c
	Unique  (cost=4207.99..4213.35 rows=1072 width=121)
	  ->  Sort  (cost=4207.99..4210.67 rows=1072 width=121)
	        Sort Key: c
	        ->  Bitmap Heap Scan on sbtest7  (cost=35.42..4154.03 rows=1072 width=121)
	              Recheck Cond: ((id >= 6593347) AND (id <= 6594346))
	              ->  Bitmap Index Scan on sbtest7_pkey  (cost=0.00..35.16 rows=1072 width=0)
	                    Index Cond: ((id >= 6593347) AND (id <= 6594346))

table 8 : explain SELECT DISTINCT c FROM sbtest8 WHERE id BETWEEN 4571261 AND 4572260 ORDER BY c
	Unique  (cost=3787.88..3792.65 rows=953 width=121)
	  ->  Sort  (cost=3787.88..3790.27 rows=953 width=121)
	        Sort Key: c
	        ->  Index Scan using sbtest8_pkey on sbtest8  (cost=0.43..3740.73 rows=953 width=121)
	              Index Cond: ((id >= 4571261) AND (id <= 4572260))

for: order_ranges
table 1 : explain SELECT c FROM sbtest1 WHERE id BETWEEN 2270583 AND 2271582 ORDER BY c
	Sort  (cost=4108.43..4111.05 rows=1048 width=121)
	  Sort Key: c
	  ->  Bitmap Heap Scan on sbtest1  (cost=35.18..4055.86 rows=1048 width=121)
	        Recheck Cond: ((id >= 2270583) AND (id <= 2271582))
	        ->  Bitmap Index Scan on sbtest1_pkey  (cost=0.00..34.92 rows=1048 width=0)
	              Index Cond: ((id >= 2270583) AND (id <= 2271582))

table 2 : explain SELECT c FROM sbtest2 WHERE id BETWEEN 7571588 AND 7572587 ORDER BY c
	Sort  (cost=4193.15..4195.82 rows=1069 width=121)
	  Sort Key: c
	  ->  Bitmap Heap Scan on sbtest2  (cost=35.39..4139.37 rows=1069 width=121)
	        Recheck Cond: ((id >= 7571588) AND (id <= 7572587))
	        ->  Bitmap Index Scan on sbtest2_pkey  (cost=0.00..35.12 rows=1069 width=0)
	              Index Cond: ((id >= 7571588) AND (id <= 7572587))

table 3 : explain SELECT c FROM sbtest3 WHERE id BETWEEN 4295231 AND 4296230 ORDER BY c
	Sort  (cost=4195.97..4198.64 rows=1070 width=121)
	  Sort Key: c
	  ->  Bitmap Heap Scan on sbtest3  (cost=35.40..4142.13 rows=1070 width=121)
	        Recheck Cond: ((id >= 4295231) AND (id <= 4296230))
	        ->  Bitmap Index Scan on sbtest3_pkey  (cost=0.00..35.14 rows=1070 width=0)
	              Index Cond: ((id >= 4295231) AND (id <= 4296230))

table 4 : explain SELECT c FROM sbtest4 WHERE id BETWEEN 620488 AND 621487 ORDER BY c
	Sort  (cost=4264.18..4266.87 rows=1078 width=121)
	  Sort Key: c
	  ->  Index Scan using sbtest4_pkey on sbtest4  (cost=0.43..4209.88 rows=1078 width=121)
	        Index Cond: ((id >= 620488) AND (id <= 621487))

table 5 : explain SELECT c FROM sbtest5 WHERE id BETWEEN 9571408 AND 9572407 ORDER BY c
	Sort  (cost=4176.63..4179.29 rows=1064 width=121)
	  Sort Key: c
	  ->  Bitmap Heap Scan on sbtest5  (cost=35.34..4123.13 rows=1064 width=121)
	        Recheck Cond: ((id >= 9571408) AND (id <= 9572407))
	        ->  Bitmap Index Scan on sbtest5_pkey  (cost=0.00..35.08 rows=1064 width=0)
	              Index Cond: ((id >= 9571408) AND (id <= 9572407))

table 6 : explain SELECT c FROM sbtest6 WHERE id BETWEEN 5242740 AND 5243739 ORDER BY c
	Sort  (cost=4165.64..4168.29 rows=1061 width=121)
	  Sort Key: c
	  ->  Bitmap Heap Scan on sbtest6  (cost=35.31..4112.32 rows=1061 width=121)
	        Recheck Cond: ((id >= 5242740) AND (id <= 5243739))
	        ->  Bitmap Index Scan on sbtest6_pkey  (cost=0.00..35.05 rows=1061 width=0)
	              Index Cond: ((id >= 5242740) AND (id <= 5243739))

table 7 : explain SELECT c FROM sbtest7 WHERE id BETWEEN 9468832 AND 9469831 ORDER BY c
	Sort  (cost=3890.19..3892.64 rows=980 width=121)
	  Sort Key: c
	  ->  Index Scan using sbtest7_pkey on sbtest7  (cost=0.43..3841.50 rows=980 width=121)
	        Index Cond: ((id >= 9468832) AND (id <= 9469831))

table 8 : explain SELECT c FROM sbtest8 WHERE id BETWEEN 281095 AND 282094 ORDER BY c
	Sort  (cost=4165.78..4168.43 rows=1061 width=121)
	  Sort Key: c
	  ->  Bitmap Heap Scan on sbtest8  (cost=35.31..4112.46 rows=1061 width=121)
	        Recheck Cond: ((id >= 281095) AND (id <= 282094))
	        ->  Bitmap Index Scan on sbtest8_pkey  (cost=0.00..35.05 rows=1061 width=0)
	              Index Cond: ((id >= 281095) AND (id <= 282094))

for point_selects
table 1 : explain SELECT c FROM sbtest1 WHERE id=4620882
	Index Scan using sbtest1_pkey on sbtest1  (cost=0.43..8.45 rows=1 width=121)
	  Index Cond: (id = 4620882)

table 2 : explain SELECT c FROM sbtest2 WHERE id=3353873
	Index Scan using sbtest2_pkey on sbtest2  (cost=0.43..8.45 rows=1 width=121)
	  Index Cond: (id = 3353873)

table 3 : explain SELECT c FROM sbtest3 WHERE id=7925749
	Index Scan using sbtest3_pkey on sbtest3  (cost=0.43..8.45 rows=1 width=121)
	  Index Cond: (id = 7925749)

table 4 : explain SELECT c FROM sbtest4 WHERE id=5628183
	Index Scan using sbtest4_pkey on sbtest4  (cost=0.43..8.45 rows=1 width=121)
	  Index Cond: (id = 5628183)

table 5 : explain SELECT c FROM sbtest5 WHERE id=6473049
	Index Scan using sbtest5_pkey on sbtest5  (cost=0.43..8.45 rows=1 width=121)
	  Index Cond: (id = 6473049)

table 6 : explain SELECT c FROM sbtest6 WHERE id=9689405
	Index Scan using sbtest6_pkey on sbtest6  (cost=0.43..8.45 rows=1 width=121)
	  Index Cond: (id = 9689405)

table 7 : explain SELECT c FROM sbtest7 WHERE id=9635349
	Index Scan using sbtest7_pkey on sbtest7  (cost=0.43..8.45 rows=1 width=121)
	  Index Cond: (id = 9635349)

table 8 : explain SELECT c FROM sbtest8 WHERE id=9626839
	Index Scan using sbtest8_pkey on sbtest8  (cost=0.43..8.45 rows=1 width=121)
	  Index Cond: (id = 9626839)

for: order_ranges
table 1 : explain SELECT c FROM sbtest1 WHERE id BETWEEN 2707484 AND 2708483 ORDER BY c
	Sort  (cost=3748.78..3751.17 rows=954 width=121)
	  Sort Key: c
	  ->  Bitmap Heap Scan on sbtest1  (cost=34.21..3701.57 rows=954 width=121)
	        Recheck Cond: ((id >= 2707484) AND (id <= 2708483))
	        ->  Bitmap Index Scan on sbtest1_pkey  (cost=0.00..33.98 rows=954 width=0)
	              Index Cond: ((id >= 2707484) AND (id <= 2708483))

table 2 : explain SELECT c FROM sbtest2 WHERE id BETWEEN 4911068 AND 4912067 ORDER BY c
	Sort  (cost=4185.50..4188.17 rows=1067 width=121)
	  Sort Key: c
	  ->  Bitmap Heap Scan on sbtest2  (cost=35.37..4131.83 rows=1067 width=121)
	        Recheck Cond: ((id >= 4911068) AND (id <= 4912067))
	        ->  Bitmap Index Scan on sbtest2_pkey  (cost=0.00..35.11 rows=1067 width=0)
	              Index Cond: ((id >= 4911068) AND (id <= 4912067))

table 3 : explain SELECT c FROM sbtest3 WHERE id BETWEEN 2217837 AND 2218836 ORDER BY c
	Sort  (cost=4192.15..4194.82 rows=1069 width=121)
	  Sort Key: c
	  ->  Bitmap Heap Scan on sbtest3  (cost=35.39..4138.36 rows=1069 width=121)
	        Recheck Cond: ((id >= 2217837) AND (id <= 2218836))
	        ->  Bitmap Index Scan on sbtest3_pkey  (cost=0.00..35.12 rows=1069 width=0)
	              Index Cond: ((id >= 2217837) AND (id <= 2218836))

table 4 : explain SELECT c FROM sbtest4 WHERE id BETWEEN 6724359 AND 6725358 ORDER BY c
	Sort  (cost=4023.60..4026.14 rows=1017 width=121)
	  Sort Key: c
	  ->  Index Scan using sbtest4_pkey on sbtest4  (cost=0.43..3972.80 rows=1017 width=121)
	        Index Cond: ((id >= 6724359) AND (id <= 6725358))

table 5 : explain SELECT c FROM sbtest5 WHERE id BETWEEN 2650842 AND 2651841 ORDER BY c
	Sort  (cost=3881.50..3883.96 rows=987 width=121)
	  Sort Key: c
	  ->  Bitmap Heap Scan on sbtest5  (cost=34.55..3832.41 rows=987 width=121)
	        Recheck Cond: ((id >= 2650842) AND (id <= 2651841))
	        ->  Bitmap Index Scan on sbtest5_pkey  (cost=0.00..34.31 rows=987 width=0)
	              Index Cond: ((id >= 2650842) AND (id <= 2651841))

table 6 : explain SELECT c FROM sbtest6 WHERE id BETWEEN 7252641 AND 7253640 ORDER BY c
	Sort  (cost=4142.66..4145.30 rows=1055 width=121)
	  Sort Key: c
	  ->  Bitmap Heap Scan on sbtest6  (cost=35.25..4089.68 rows=1055 width=121)
	        Recheck Cond: ((id >= 7252641) AND (id <= 7253640))
	        ->  Bitmap Index Scan on sbtest6_pkey  (cost=0.00..34.98 rows=1055 width=0)
	              Index Cond: ((id >= 7252641) AND (id <= 7253640))

table 7 : explain SELECT c FROM sbtest7 WHERE id BETWEEN 2794314 AND 2795313 ORDER BY c
	Sort  (cost=3858.55..3860.98 rows=972 width=121)
	  Sort Key: c
	  ->  Index Scan using sbtest7_pkey on sbtest7  (cost=0.43..3810.31 rows=972 width=121)
	        Index Cond: ((id >= 2794314) AND (id <= 2795313))

table 8 : explain SELECT c FROM sbtest8 WHERE id BETWEEN 9429264 AND 9430263 ORDER BY c
	Sort  (cost=4066.17..4068.76 rows=1035 width=121)
	  Sort Key: c
	  ->  Bitmap Heap Scan on sbtest8  (cost=35.04..4014.34 rows=1035 width=121)
	        Recheck Cond: ((id >= 9429264) AND (id <= 9430263))
	        ->  Bitmap Index Scan on sbtest8_pkey  (cost=0.00..34.79 rows=1035 width=0)
	              Index Cond: ((id >= 9429264) AND (id <= 9430263))

for: simple_ranges
table 1 : explain SELECT c FROM sbtest1 WHERE id BETWEEN 6190316 AND 6191315
	Bitmap Heap Scan on sbtest1  (cost=35.60..4210.04 rows=1089 width=121)
	  Recheck Cond: ((id >= 6190316) AND (id <= 6191315))
	  ->  Bitmap Index Scan on sbtest1_pkey  (cost=0.00..35.33 rows=1089 width=0)
	        Index Cond: ((id >= 6190316) AND (id <= 6191315))

table 2 : explain SELECT c FROM sbtest2 WHERE id BETWEEN 9095396 AND 9096395
	Bitmap Heap Scan on sbtest2  (cost=34.74..3898.05 rows=1005 width=121)
	  Recheck Cond: ((id >= 9095396) AND (id <= 9096395))
	  ->  Bitmap Index Scan on sbtest2_pkey  (cost=0.00..34.48 rows=1005 width=0)
	        Index Cond: ((id >= 9095396) AND (id <= 9096395))

table 3 : explain SELECT c FROM sbtest3 WHERE id BETWEEN 4963481 AND 4964480
	Bitmap Heap Scan on sbtest3  (cost=34.90..3957.49 rows=1021 width=121)
	  Recheck Cond: ((id >= 4963481) AND (id <= 4964480))
	  ->  Bitmap Index Scan on sbtest3_pkey  (cost=0.00..34.65 rows=1021 width=0)
	        Index Cond: ((id >= 4963481) AND (id <= 4964480))

table 4 : explain SELECT c FROM sbtest4 WHERE id BETWEEN 3803785 AND 3804784
	Index Scan using sbtest4_pkey on sbtest4  (cost=0.43..4143.80 rows=1061 width=121)
	  Index Cond: ((id >= 3803785) AND (id <= 3804784))

table 5 : explain SELECT c FROM sbtest5 WHERE id BETWEEN 7444813 AND 7445812
	Bitmap Heap Scan on sbtest5  (cost=34.81..3926.88 rows=1012 width=121)
	  Recheck Cond: ((id >= 7444813) AND (id <= 7445812))
	  ->  Bitmap Index Scan on sbtest5_pkey  (cost=0.00..34.56 rows=1012 width=0)
	        Index Cond: ((id >= 7444813) AND (id <= 7445812))

table 6 : explain SELECT c FROM sbtest6 WHERE id BETWEEN 2102082 AND 2103081
	Bitmap Heap Scan on sbtest6  (cost=34.16..3689.08 rows=949 width=121)
	  Recheck Cond: ((id >= 2102082) AND (id <= 2103081))
	  ->  Bitmap Index Scan on sbtest6_pkey  (cost=0.00..33.93 rows=949 width=0)
	        Index Cond: ((id >= 2102082) AND (id <= 2103081))

table 7 : explain SELECT c FROM sbtest7 WHERE id BETWEEN 4602983 AND 4603982
	Index Scan using sbtest7_pkey on sbtest7  (cost=0.43..3642.68 rows=929 width=121)
	  Index Cond: ((id >= 4602983) AND (id <= 4603982))

table 8 : explain SELECT c FROM sbtest8 WHERE id BETWEEN 1058784 AND 1059783
	Bitmap Heap Scan on sbtest8  (cost=34.78..3916.14 rows=1009 width=121)
	  Recheck Cond: ((id >= 1058784) AND (id <= 1059783))
	  ->  Bitmap Index Scan on sbtest8_pkey  (cost=0.00..34.53 rows=1009 width=0)
	        Index Cond: ((id >= 1058784) AND (id <= 1059783))

explain: for point_selects :: explain SELECT c FROM sbtest%u WHERE id=%u
for: distinct_ranges
table 1 : explain SELECT DISTINCT c FROM sbtest1 WHERE id BETWEEN 8293066 AND 8294065 ORDER BY c
	Unique  (cost=3368.67..3372.95 rows=856 width=121)
	  ->  Sort  (cost=3368.67..3370.81 rows=856 width=121)
	        Sort Key: c
	        ->  Bitmap Heap Scan on sbtest1  (cost=29.21..3326.97 rows=856 width=121)
	              Recheck Cond: ((id >= 8293066) AND (id <= 8294065))
	              ->  Bitmap Index Scan on sbtest1_pkey  (cost=0.00..29.00 rows=856 width=0)
	                    Index Cond: ((id >= 8293066) AND (id <= 8294065))

table 2 : explain SELECT DISTINCT c FROM sbtest2 WHERE id BETWEEN 9308407 AND 9309406 ORDER BY c
	Unique  (cost=4544.77..4550.58 rows=1161 width=121)
	  ->  Sort  (cost=4544.77..4547.68 rows=1161 width=121)
	        Sort Key: c
	        ->  Bitmap Heap Scan on sbtest2  (cost=40.34..4485.67 rows=1161 width=121)
	              Recheck Cond: ((id >= 9308407) AND (id <= 9309406))
	              ->  Bitmap Index Scan on sbtest2_pkey  (cost=0.00..40.05 rows=1161 width=0)
	                    Index Cond: ((id >= 9308407) AND (id <= 9309406))

table 3 : explain SELECT DISTINCT c FROM sbtest3 WHERE id BETWEEN 3196663 AND 3197662 ORDER BY c
	Unique  (cost=4062.10..4067.28 rows=1035 width=121)
	  ->  Sort  (cost=4062.10..4064.69 rows=1035 width=121)
	        Sort Key: c
	        ->  Bitmap Heap Scan on sbtest3  (cost=35.04..4010.27 rows=1035 width=121)
	              Recheck Cond: ((id >= 3196663) AND (id <= 3197662))
	              ->  Bitmap Index Scan on sbtest3_pkey  (cost=0.00..34.79 rows=1035 width=0)
	                    Index Cond: ((id >= 3196663) AND (id <= 3197662))

table 4 : explain SELECT DISTINCT c FROM sbtest4 WHERE id BETWEEN 8491518 AND 8492517 ORDER BY c
	Unique  (cost=4240.49..4245.85 rows=1072 width=121)
	  ->  Sort  (cost=4240.49..4243.17 rows=1072 width=121)
	        Sort Key: c
	        ->  Index Scan using sbtest4_pkey on sbtest4  (cost=0.43..4186.53 rows=1072 width=121)
	              Index Cond: ((id >= 8491518) AND (id <= 8492517))

table 5 : explain SELECT DISTINCT c FROM sbtest5 WHERE id BETWEEN 7458920 AND 7459919 ORDER BY c
	Unique  (cost=3977.39..3982.45 rows=1012 width=121)
	  ->  Sort  (cost=3977.39..3979.92 rows=1012 width=121)
	        Sort Key: c
	        ->  Bitmap Heap Scan on sbtest5  (cost=34.81..3926.88 rows=1012 width=121)
	              Recheck Cond: ((id >= 7458920) AND (id <= 7459919))
	              ->  Bitmap Index Scan on sbtest5_pkey  (cost=0.00..34.56 rows=1012 width=0)
	                    Index Cond: ((id >= 7458920) AND (id <= 7459919))

table 6 : explain SELECT DISTINCT c FROM sbtest6 WHERE id BETWEEN 1730832 AND 1731831 ORDER BY c
	Unique  (cost=3851.23..3856.13 rows=979 width=121)
	  ->  Sort  (cost=3851.23..3853.68 rows=979 width=121)
	        Sort Key: c
	        ->  Bitmap Heap Scan on sbtest6  (cost=34.47..3802.60 rows=979 width=121)
	              Recheck Cond: ((id >= 1730832) AND (id <= 1731831))
	              ->  Bitmap Index Scan on sbtest6_pkey  (cost=0.00..34.23 rows=979 width=0)
	                    Index Cond: ((id >= 1730832) AND (id <= 1731831))

table 7 : explain SELECT DISTINCT c FROM sbtest7 WHERE id BETWEEN 179325 AND 180324 ORDER BY c
	Unique  (cost=3909.99..3914.91 rows=985 width=121)
	  ->  Sort  (cost=3909.99..3912.45 rows=985 width=121)
	        Sort Key: c
	        ->  Index Scan using sbtest7_pkey on sbtest7  (cost=0.43..3861.02 rows=985 width=121)
	              Index Cond: ((id >= 179325) AND (id <= 180324))

table 8 : explain SELECT DISTINCT c FROM sbtest8 WHERE id BETWEEN 1321241 AND 1322240 ORDER BY c
	Unique  (cost=3974.15..3979.21 rows=1011 width=121)
	  ->  Sort  (cost=3974.15..3976.68 rows=1011 width=121)
	        Sort Key: c
	        ->  Bitmap Heap Scan on sbtest8  (cost=34.80..3923.69 rows=1011 width=121)
	              Recheck Cond: ((id >= 1321241) AND (id <= 1322240))
	              ->  Bitmap Index Scan on sbtest8_pkey  (cost=0.00..34.55 rows=1011 width=0)
	                    Index Cond: ((id >= 1321241) AND (id <= 1322240))

for: distinct_ranges
table 1 : explain SELECT DISTINCT c FROM sbtest1 WHERE id BETWEEN 2501597 AND 2502596 ORDER BY c
	Unique  (cost=3974.64..3979.71 rows=1013 width=121)
	  ->  Sort  (cost=3974.64..3977.18 rows=1013 width=121)
	        Sort Key: c
	        ->  Bitmap Heap Scan on sbtest1  (cost=34.82..3924.07 rows=1013 width=121)
	              Recheck Cond: ((id >= 2501597) AND (id <= 2502596))
	              ->  Bitmap Index Scan on sbtest1_pkey  (cost=0.00..34.57 rows=1013 width=0)
	                    Index Cond: ((id >= 2501597) AND (id <= 2502596))

table 2 : explain SELECT DISTINCT c FROM sbtest2 WHERE id BETWEEN 2546865 AND 2547864 ORDER BY c
	Unique  (cost=3587.30..3591.86 rows=912 width=121)
	  ->  Sort  (cost=3587.30..3589.58 rows=912 width=121)
	        Sort Key: c
	        ->  Bitmap Heap Scan on sbtest2  (cost=29.78..3542.46 rows=912 width=121)
	              Recheck Cond: ((id >= 2546865) AND (id <= 2547864))
	              ->  Bitmap Index Scan on sbtest2_pkey  (cost=0.00..29.55 rows=912 width=0)
	                    Index Cond: ((id >= 2546865) AND (id <= 2547864))

table 3 : explain SELECT DISTINCT c FROM sbtest3 WHERE id BETWEEN 2034493 AND 2035492 ORDER BY c
	Unique  (cost=4253.30..4258.72 rows=1085 width=121)
	  ->  Sort  (cost=4253.30..4256.01 rows=1085 width=121)
	        Sort Key: c
	        ->  Bitmap Heap Scan on sbtest3  (cost=35.56..4198.59 rows=1085 width=121)
	              Recheck Cond: ((id >= 2034493) AND (id <= 2035492))
	              ->  Bitmap Index Scan on sbtest3_pkey  (cost=0.00..35.29 rows=1085 width=0)
	                    Index Cond: ((id >= 2034493) AND (id <= 2035492))

table 4 : explain SELECT DISTINCT c FROM sbtest4 WHERE id BETWEEN 9725834 AND 9726833 ORDER BY c
	Unique  (cost=3885.59..3890.50 rows=982 width=121)
	  ->  Sort  (cost=3885.59..3888.05 rows=982 width=121)
	        Sort Key: c
	        ->  Index Scan using sbtest4_pkey on sbtest4  (cost=0.43..3836.79 rows=982 width=121)
	              Index Cond: ((id >= 9725834) AND (id <= 9726833))

table 5 : explain SELECT DISTINCT c FROM sbtest5 WHERE id BETWEEN 5082671 AND 5083670 ORDER BY c
	Unique  (cost=3731.75..3736.49 rows=948 width=121)
	  ->  Sort  (cost=3731.75..3734.12 rows=948 width=121)
	        Sort Key: c
	        ->  Bitmap Heap Scan on sbtest5  (cost=34.15..3684.88 rows=948 width=121)
	              Recheck Cond: ((id >= 5082671) AND (id <= 5083670))
	              ->  Bitmap Index Scan on sbtest5_pkey  (cost=0.00..33.92 rows=948 width=0)
	                    Index Cond: ((id >= 5082671) AND (id <= 5083670))

table 6 : explain SELECT DISTINCT c FROM sbtest6 WHERE id BETWEEN 6467945 AND 6468944 ORDER BY c
	Unique  (cost=4023.87..4028.99 rows=1024 width=121)
	  ->  Sort  (cost=4023.87..4026.43 rows=1024 width=121)
	        Sort Key: c
	        ->  Bitmap Heap Scan on sbtest6  (cost=34.93..3972.67 rows=1024 width=121)
	              Recheck Cond: ((id >= 6467945) AND (id <= 6468944))
	              ->  Bitmap Index Scan on sbtest6_pkey  (cost=0.00..34.68 rows=1024 width=0)
	                    Index Cond: ((id >= 6467945) AND (id <= 6468944))

table 7 : explain SELECT DISTINCT c FROM sbtest7 WHERE id BETWEEN 5037986 AND 5038985 ORDER BY c
	Unique  (cost=3724.06..3728.75 rows=938 width=121)
	  ->  Sort  (cost=3724.06..3726.41 rows=938 width=121)
	        Sort Key: c
	        ->  Index Scan using sbtest7_pkey on sbtest7  (cost=0.43..3677.76 rows=938 width=121)
	              Index Cond: ((id >= 5037986) AND (id <= 5038985))

table 8 : explain SELECT DISTINCT c FROM sbtest8 WHERE id BETWEEN 2520349 AND 2521348 ORDER BY c
	Unique  (cost=3924.28..3929.27 rows=998 width=121)
	  ->  Sort  (cost=3924.28..3926.78 rows=998 width=121)
	        Sort Key: c
	        ->  Bitmap Heap Scan on sbtest8  (cost=34.66..3874.57 rows=998 width=121)
	              Recheck Cond: ((id >= 2520349) AND (id <= 2521348))
	              ->  Bitmap Index Scan on sbtest8_pkey  (cost=0.00..34.42 rows=998 width=0)
	                    Index Cond: ((id >= 2520349) AND (id <= 2521348))

for: order_ranges
table 1 : explain SELECT c FROM sbtest1 WHERE id BETWEEN 3017509 AND 3018508 ORDER BY c
	Sort  (cost=3947.87..3950.38 rows=1006 width=121)
	  Sort Key: c
	  ->  Bitmap Heap Scan on sbtest1  (cost=34.75..3897.70 rows=1006 width=121)
	        Recheck Cond: ((id >= 3017509) AND (id <= 3018508))
	        ->  Bitmap Index Scan on sbtest1_pkey  (cost=0.00..34.50 rows=1006 width=0)
	              Index Cond: ((id >= 3017509) AND (id <= 3018508))

table 2 : explain SELECT c FROM sbtest2 WHERE id BETWEEN 6468822 AND 6469821 ORDER BY c
	Sort  (cost=3618.19..3620.49 rows=919 width=121)
	  Sort Key: c
	  ->  Bitmap Heap Scan on sbtest2  (cost=33.85..3572.96 rows=919 width=121)
	        Recheck Cond: ((id >= 6468822) AND (id <= 6469821))
	        ->  Bitmap Index Scan on sbtest2_pkey  (cost=0.00..33.62 rows=919 width=0)
	              Index Cond: ((id >= 6468822) AND (id <= 6469821))

table 3 : explain SELECT c FROM sbtest3 WHERE id BETWEEN 8829330 AND 8830329 ORDER BY c
	Sort  (cost=4088.89..4091.49 rows=1042 width=121)
	  Sort Key: c
	  ->  Bitmap Heap Scan on sbtest3  (cost=35.12..4036.66 rows=1042 width=121)
	        Recheck Cond: ((id >= 8829330) AND (id <= 8830329))
	        ->  Bitmap Index Scan on sbtest3_pkey  (cost=0.00..34.86 rows=1042 width=0)
	              Index Cond: ((id >= 8829330) AND (id <= 8830329))

table 4 : explain SELECT c FROM sbtest4 WHERE id BETWEEN 8667434 AND 8668433 ORDER BY c
	Sort  (cost=4090.65..4093.23 rows=1034 width=121)
	  Sort Key: c
	  ->  Index Scan using sbtest4_pkey on sbtest4  (cost=0.43..4038.87 rows=1034 width=121)
	        Index Cond: ((id >= 8667434) AND (id <= 8668433))

table 5 : explain SELECT c FROM sbtest5 WHERE id BETWEEN 9873822 AND 9874821 ORDER BY c
	Sort  (cost=3831.60..3834.04 rows=974 width=121)
	  Sort Key: c
	  ->  Bitmap Heap Scan on sbtest5  (cost=34.42..3783.25 rows=974 width=121)
	        Recheck Cond: ((id >= 9873822) AND (id <= 9874821))
	        ->  Bitmap Index Scan on sbtest5_pkey  (cost=0.00..34.18 rows=974 width=0)
	              Index Cond: ((id >= 9873822) AND (id <= 9874821))

table 6 : explain SELECT c FROM sbtest6 WHERE id BETWEEN 1648517 AND 1649516 ORDER BY c
	Sort  (cost=3720.64..3723.00 rows=945 width=121)
	  Sort Key: c
	  ->  Bitmap Heap Scan on sbtest6  (cost=34.12..3673.94 rows=945 width=121)
	        Recheck Cond: ((id >= 1648517) AND (id <= 1649516))
	        ->  Bitmap Index Scan on sbtest6_pkey  (cost=0.00..33.89 rows=945 width=0)
	              Index Cond: ((id >= 1648517) AND (id <= 1649516))

table 7 : explain SELECT c FROM sbtest7 WHERE id BETWEEN 564398 AND 565397 ORDER BY c
	Sort  (cost=4040.53..4043.07 rows=1018 width=121)
	  Sort Key: c
	  ->  Index Scan using sbtest7_pkey on sbtest7  (cost=0.43..3989.67 rows=1018 width=121)
	        Index Cond: ((id >= 564398) AND (id <= 565397))

table 8 : explain SELECT c FROM sbtest8 WHERE id BETWEEN 5927131 AND 5928130 ORDER BY c
	Sort  (cost=3882.07..3884.53 rows=987 width=121)
	  Sort Key: c
	  ->  Bitmap Heap Scan on sbtest8  (cost=34.55..3832.98 rows=987 width=121)
	        Recheck Cond: ((id >= 5927131) AND (id <= 5928130))
	        ->  Bitmap Index Scan on sbtest8_pkey  (cost=0.00..34.31 rows=987 width=0)
	              Index Cond: ((id >= 5927131) AND (id <= 5928130))

for point_selects
table 1 : explain SELECT c FROM sbtest1 WHERE id=5681605
	Index Scan using sbtest1_pkey on sbtest1  (cost=0.43..8.45 rows=1 width=121)
	  Index Cond: (id = 5681605)

table 2 : explain SELECT c FROM sbtest2 WHERE id=3305956
	Index Scan using sbtest2_pkey on sbtest2  (cost=0.43..8.45 rows=1 width=121)
	  Index Cond: (id = 3305956)

table 3 : explain SELECT c FROM sbtest3 WHERE id=6702569
	Index Scan using sbtest3_pkey on sbtest3  (cost=0.43..8.45 rows=1 width=121)
	  Index Cond: (id = 6702569)

table 4 : explain SELECT c FROM sbtest4 WHERE id=607768
	Index Scan using sbtest4_pkey on sbtest4  (cost=0.43..8.45 rows=1 width=121)
	  Index Cond: (id = 607768)

table 5 : explain SELECT c FROM sbtest5 WHERE id=8402764
	Index Scan using sbtest5_pkey on sbtest5  (cost=0.43..8.45 rows=1 width=121)
	  Index Cond: (id = 8402764)

table 6 : explain SELECT c FROM sbtest6 WHERE id=2431687
	Index Scan using sbtest6_pkey on sbtest6  (cost=0.43..8.45 rows=1 width=121)
	  Index Cond: (id = 2431687)

table 7 : explain SELECT c FROM sbtest7 WHERE id=3699850
	Index Scan using sbtest7_pkey on sbtest7  (cost=0.43..8.45 rows=1 width=121)
	  Index Cond: (id = 3699850)

table 8 : explain SELECT c FROM sbtest8 WHERE id=2772017
	Index Scan using sbtest8_pkey on sbtest8  (cost=0.43..8.45 rows=1 width=121)
	  Index Cond: (id = 2772017)

for point_selects
table 1 : explain SELECT c FROM sbtest1 WHERE id=7378892
	Index Scan using sbtest1_pkey on sbtest1  (cost=0.43..8.45 rows=1 width=121)
	  Index Cond: (id = 7378892)

table 2 : explain SELECT c FROM sbtest2 WHERE id=3913665
	Index Scan using sbtest2_pkey on sbtest2  (cost=0.43..8.45 rows=1 width=121)
	  Index Cond: (id = 3913665)

table 3 : explain SELECT c FROM sbtest3 WHERE id=8262082
	Index Scan using sbtest3_pkey on sbtest3  (cost=0.43..8.45 rows=1 width=121)
	  Index Cond: (id = 8262082)

table 4 : explain SELECT c FROM sbtest4 WHERE id=4960799
	Index Scan using sbtest4_pkey on sbtest4  (cost=0.43..8.45 rows=1 width=121)
	  Index Cond: (id = 4960799)

table 5 : explain SELECT c FROM sbtest5 WHERE id=9684995
	Index Scan using sbtest5_pkey on sbtest5  (cost=0.43..8.45 rows=1 width=121)
	  Index Cond: (id = 9684995)

table 6 : explain SELECT c FROM sbtest6 WHERE id=520886
	Index Scan using sbtest6_pkey on sbtest6  (cost=0.43..8.45 rows=1 width=121)
	  Index Cond: (id = 520886)

table 7 : explain SELECT c FROM sbtest7 WHERE id=3859105
	Index Scan using sbtest7_pkey on sbtest7  (cost=0.43..8.45 rows=1 width=121)
	  Index Cond: (id = 3859105)

table 8 : explain SELECT c FROM sbtest8 WHERE id=3816934
	Index Scan using sbtest8_pkey on sbtest8  (cost=0.43..8.45 rows=1 width=121)
	  Index Cond: (id = 3816934)

for: distinct_ranges
table 1 : explain SELECT DISTINCT c FROM sbtest1 WHERE id BETWEEN 6777707 AND 6778706 ORDER BY c
	Unique  (cost=4058.76..4063.93 rows=1035 width=121)
	  ->  Sort  (cost=4058.76..4061.34 rows=1035 width=121)
	        Sort Key: c
	        ->  Bitmap Heap Scan on sbtest1  (cost=35.04..4006.93 rows=1035 width=121)
	              Recheck Cond: ((id >= 6777707) AND (id <= 6778706))
	              ->  Bitmap Index Scan on sbtest1_pkey  (cost=0.00..34.79 rows=1035 width=0)
	                    Index Cond: ((id >= 6777707) AND (id <= 6778706))

table 2 : explain SELECT DISTINCT c FROM sbtest2 WHERE id BETWEEN 5814557 AND 5815556 ORDER BY c
	Unique  (cost=4434.03..4439.69 rows=1131 width=121)
	  ->  Sort  (cost=4434.03..4436.86 rows=1131 width=121)
	        Sort Key: c
	        ->  Bitmap Heap Scan on sbtest2  (cost=40.03..4376.67 rows=1131 width=121)
	              Recheck Cond: ((id >= 5814557) AND (id <= 5815556))
	              ->  Bitmap Index Scan on sbtest2_pkey  (cost=0.00..39.75 rows=1131 width=0)
	                    Index Cond: ((id >= 5814557) AND (id <= 5815556))

table 3 : explain SELECT DISTINCT c FROM sbtest3 WHERE id BETWEEN 4769044 AND 4770043 ORDER BY c
	Unique  (cost=3674.99..3679.66 rows=934 width=121)
	  ->  Sort  (cost=3674.99..3677.33 rows=934 width=121)
	        Sort Key: c
	        ->  Bitmap Heap Scan on sbtest3  (cost=34.01..3628.91 rows=934 width=121)
	              Recheck Cond: ((id >= 4769044) AND (id <= 4770043))
	              ->  Bitmap Index Scan on sbtest3_pkey  (cost=0.00..33.78 rows=934 width=0)
	                    Index Cond: ((id >= 4769044) AND (id <= 4770043))

table 4 : explain SELECT DISTINCT c FROM sbtest4 WHERE id BETWEEN 7178104 AND 7179103 ORDER BY c
	Unique  (cost=4110.36..4115.55 rows=1039 width=121)
	  ->  Sort  (cost=4110.36..4112.95 rows=1039 width=121)
	        Sort Key: c
	        ->  Index Scan using sbtest4_pkey on sbtest4  (cost=0.43..4058.30 rows=1039 width=121)
	              Index Cond: ((id >= 7178104) AND (id <= 7179103))

table 5 : explain SELECT DISTINCT c FROM sbtest5 WHERE id BETWEEN 7842225 AND 7843224 ORDER BY c
	Unique  (cost=4046.39..4051.54 rows=1030 width=121)
	  ->  Sort  (cost=4046.39..4048.97 rows=1030 width=121)
	        Sort Key: c
	        ->  Bitmap Heap Scan on sbtest5  (cost=34.99..3994.85 rows=1030 width=121)
	              Recheck Cond: ((id >= 7842225) AND (id <= 7843224))
	              ->  Bitmap Index Scan on sbtest5_pkey  (cost=0.00..34.73 rows=1030 width=0)
	                    Index Cond: ((id >= 7842225) AND (id <= 7843224))

table 6 : explain SELECT DISTINCT c FROM sbtest6 WHERE id BETWEEN 2749394 AND 2750393 ORDER BY c
	Unique  (cost=3997.03..4002.11 rows=1017 width=121)
	  ->  Sort  (cost=3997.03..3999.57 rows=1017 width=121)
	        Sort Key: c
	        ->  Bitmap Heap Scan on sbtest6  (cost=34.86..3946.23 rows=1017 width=121)
	              Recheck Cond: ((id >= 2749394) AND (id <= 2750393))
	              ->  Bitmap Index Scan on sbtest6_pkey  (cost=0.00..34.61 rows=1017 width=0)
	                    Index Cond: ((id >= 2749394) AND (id <= 2750393))

table 7 : explain SELECT DISTINCT c FROM sbtest7 WHERE id BETWEEN 1518770 AND 1519769 ORDER BY c
	Unique  (cost=3826.91..3831.73 rows=964 width=121)
	  ->  Sort  (cost=3826.91..3829.32 rows=964 width=121)
	        Sort Key: c
	        ->  Index Scan using sbtest7_pkey on sbtest7  (cost=0.43..3779.13 rows=964 width=121)
	              Index Cond: ((id >= 1518770) AND (id <= 1519769))

table 8 : explain SELECT DISTINCT c FROM sbtest8 WHERE id BETWEEN 3392251 AND 3393250 ORDER BY c
	Unique  (cost=4280.62..4286.08 rows=1091 width=121)
	  ->  Sort  (cost=4280.62..4283.35 rows=1091 width=121)
	        Sort Key: c
	        ->  Bitmap Heap Scan on sbtest8  (cost=35.62..4225.57 rows=1091 width=121)
	              Recheck Cond: ((id >= 3392251) AND (id <= 3393250))
	              ->  Bitmap Index Scan on sbtest8_pkey  (cost=0.00..35.34 rows=1091 width=0)
	                    Index Cond: ((id >= 3392251) AND (id <= 3393250))

for: distinct_ranges
table 1 : explain SELECT DISTINCT c FROM sbtest1 WHERE id BETWEEN 2879817 AND 2880816 ORDER BY c
	Unique  (cost=3909.61..3914.59 rows=996 width=121)
	  ->  Sort  (cost=3909.61..3912.10 rows=996 width=121)
	        Sort Key: c
	        ->  Bitmap Heap Scan on sbtest1  (cost=34.64..3860.01 rows=996 width=121)
	              Recheck Cond: ((id >= 2879817) AND (id <= 2880816))
	              ->  Bitmap Index Scan on sbtest1_pkey  (cost=0.00..34.40 rows=996 width=0)
	                    Index Cond: ((id >= 2879817) AND (id <= 2880816))

table 2 : explain SELECT DISTINCT c FROM sbtest2 WHERE id BETWEEN 6644302 AND 6645301 ORDER BY c
	Unique  (cost=3760.26..3765.04 rows=956 width=121)
	  ->  Sort  (cost=3760.26..3762.65 rows=956 width=121)
	        Sort Key: c
	        ->  Bitmap Heap Scan on sbtest2  (cost=34.23..3712.94 rows=956 width=121)
	              Recheck Cond: ((id >= 6644302) AND (id <= 6645301))
	              ->  Bitmap Index Scan on sbtest2_pkey  (cost=0.00..34.00 rows=956 width=0)
	                    Index Cond: ((id >= 6644302) AND (id <= 6645301))

table 3 : explain SELECT DISTINCT c FROM sbtest3 WHERE id BETWEEN 5923795 AND 5924794 ORDER BY c
	Unique  (cost=3997.03..4002.12 rows=1018 width=121)
	  ->  Sort  (cost=3997.03..3999.57 rows=1018 width=121)
	        Sort Key: c
	        ->  Bitmap Heap Scan on sbtest3  (cost=34.87..3946.17 rows=1018 width=121)
	              Recheck Cond: ((id >= 5923795) AND (id <= 5924794))
	              ->  Bitmap Index Scan on sbtest3_pkey  (cost=0.00..34.62 rows=1018 width=0)
	                    Index Cond: ((id >= 5923795) AND (id <= 5924794))

table 4 : explain SELECT DISTINCT c FROM sbtest4 WHERE id BETWEEN 1486096 AND 1487095 ORDER BY c
	Unique  (cost=3925.05..3930.01 rows=992 width=121)
	  ->  Sort  (cost=3925.05..3927.53 rows=992 width=121)
	        Sort Key: c
	        ->  Index Scan using sbtest4_pkey on sbtest4  (cost=0.43..3875.67 rows=992 width=121)
	              Index Cond: ((id >= 1486096) AND (id <= 1487095))

table 5 : explain SELECT DISTINCT c FROM sbtest5 WHERE id BETWEEN 5740613 AND 5741612 ORDER BY c
	Unique  (cost=4161.31..4166.61 rows=1060 width=121)
	  ->  Sort  (cost=4161.31..4163.96 rows=1060 width=121)
	        Sort Key: c
	        ->  Bitmap Heap Scan on sbtest5  (cost=35.30..4108.05 rows=1060 width=121)
	              Recheck Cond: ((id >= 5740613) AND (id <= 5741612))
	              ->  Bitmap Index Scan on sbtest5_pkey  (cost=0.00..35.04 rows=1060 width=0)
	                    Index Cond: ((id >= 5740613) AND (id <= 5741612))

table 6 : explain SELECT DISTINCT c FROM sbtest6 WHERE id BETWEEN 2925609 AND 2926608 ORDER BY c
	Unique  (cost=4498.57..4504.30 rows=1147 width=121)
	  ->  Sort  (cost=4498.57..4501.44 rows=1147 width=121)
	        Sort Key: c
	        ->  Bitmap Heap Scan on sbtest6  (cost=40.19..4440.28 rows=1147 width=121)
	              Recheck Cond: ((id >= 2925609) AND (id <= 2926608))
	              ->  Bitmap Index Scan on sbtest6_pkey  (cost=0.00..39.91 rows=1147 width=0)
	                    Index Cond: ((id >= 2925609) AND (id <= 2926608))

table 7 : explain SELECT DISTINCT c FROM sbtest7 WHERE id BETWEEN 794114 AND 795113 ORDER BY c
	Unique  (cost=3890.19..3895.09 rows=980 width=121)
	  ->  Sort  (cost=3890.19..3892.64 rows=980 width=121)
	        Sort Key: c
	        ->  Index Scan using sbtest7_pkey on sbtest7  (cost=0.43..3841.50 rows=980 width=121)
	              Index Cond: ((id >= 794114) AND (id <= 795113))

table 8 : explain SELECT DISTINCT c FROM sbtest8 WHERE id BETWEEN 8791085 AND 8792084 ORDER BY c
	Unique  (cost=4089.16..4094.37 rows=1041 width=121)
	  ->  Sort  (cost=4089.16..4091.76 rows=1041 width=121)
	        Sort Key: c
	        ->  Bitmap Heap Scan on sbtest8  (cost=35.11..4036.99 rows=1041 width=121)
	              Recheck Cond: ((id >= 8791085) AND (id <= 8792084))
	              ->  Bitmap Index Scan on sbtest8_pkey  (cost=0.00..34.84 rows=1041 width=0)
	                    Index Cond: ((id >= 8791085) AND (id <= 8792084))

for: distinct_ranges
table 1 : explain SELECT DISTINCT c FROM sbtest1 WHERE id BETWEEN 6114644 AND 6115643 ORDER BY c
	Unique  (cost=3917.26..3922.25 rows=998 width=121)
	  ->  Sort  (cost=3917.26..3919.76 rows=998 width=121)
	        Sort Key: c
	        ->  Bitmap Heap Scan on sbtest1  (cost=34.66..3867.55 rows=998 width=121)
	              Recheck Cond: ((id >= 6114644) AND (id <= 6115643))
	              ->  Bitmap Index Scan on sbtest1_pkey  (cost=0.00..34.42 rows=998 width=0)
	                    Index Cond: ((id >= 6114644) AND (id <= 6115643))

table 2 : explain SELECT DISTINCT c FROM sbtest2 WHERE id BETWEEN 9843073 AND 9844072 ORDER BY c
	Unique  (cost=4040.09..4045.23 rows=1029 width=121)
	  ->  Sort  (cost=4040.09..4042.66 rows=1029 width=121)
	        Sort Key: c
	        ->  Bitmap Heap Scan on sbtest2  (cost=34.98..3988.60 rows=1029 width=121)
	              Recheck Cond: ((id >= 9843073) AND (id <= 9844072))
	              ->  Bitmap Index Scan on sbtest2_pkey  (cost=0.00..34.73 rows=1029 width=0)
	                    Index Cond: ((id >= 9843073) AND (id <= 9844072))

table 3 : explain SELECT DISTINCT c FROM sbtest3 WHERE id BETWEEN 1376994 AND 1377993 ORDER BY c
	Unique  (cost=4291.50..4296.98 rows=1095 width=121)
	  ->  Sort  (cost=4291.50..4294.24 rows=1095 width=121)
	        Sort Key: c
	        ->  Bitmap Heap Scan on sbtest3  (cost=35.66..4236.22 rows=1095 width=121)
	              Recheck Cond: ((id >= 1376994) AND (id <= 1377993))
	              ->  Bitmap Index Scan on sbtest3_pkey  (cost=0.00..35.39 rows=1095 width=0)
	                    Index Cond: ((id >= 1376994) AND (id <= 1377993))

table 4 : explain SELECT DISTINCT c FROM sbtest4 WHERE id BETWEEN 842740 AND 843739 ORDER BY c
	Unique  (cost=4421.97..4427.56 rows=1117 width=121)
	  ->  Sort  (cost=4421.97..4424.77 rows=1117 width=121)
	        Sort Key: c
	        ->  Index Scan using sbtest4_pkey on sbtest4  (cost=0.43..4365.42 rows=1117 width=121)
	              Index Cond: ((id >= 842740) AND (id <= 843739))

table 5 : explain SELECT DISTINCT c FROM sbtest5 WHERE id BETWEEN 289747 AND 290746 ORDER BY c
	Unique  (cost=3981.23..3986.29 rows=1013 width=121)
	  ->  Sort  (cost=3981.23..3983.76 rows=1013 width=121)
	        Sort Key: c
	        ->  Bitmap Heap Scan on sbtest5  (cost=34.82..3930.66 rows=1013 width=121)
	              Recheck Cond: ((id >= 289747) AND (id <= 290746))
	              ->  Bitmap Index Scan on sbtest5_pkey  (cost=0.00..34.57 rows=1013 width=0)
	                    Index Cond: ((id >= 289747) AND (id <= 290746))

table 6 : explain SELECT DISTINCT c FROM sbtest6 WHERE id BETWEEN 1557832 AND 1558831 ORDER BY c
	Unique  (cost=4039.20..4044.34 rows=1028 width=121)
	  ->  Sort  (cost=4039.20..4041.77 rows=1028 width=121)
	        Sort Key: c
	        ->  Bitmap Heap Scan on sbtest6  (cost=34.97..3987.77 rows=1028 width=121)
	              Recheck Cond: ((id >= 1557832) AND (id <= 1558831))
	              ->  Bitmap Index Scan on sbtest6_pkey  (cost=0.00..34.72 rows=1028 width=0)
	                    Index Cond: ((id >= 1557832) AND (id <= 1558831))

table 7 : explain SELECT DISTINCT c FROM sbtest7 WHERE id BETWEEN 2573746 AND 2574745 ORDER BY c
	Unique  (cost=3751.75..3756.47 rows=945 width=121)
	  ->  Sort  (cost=3751.75..3754.11 rows=945 width=121)
	        Sort Key: c
	        ->  Index Scan using sbtest7_pkey on sbtest7  (cost=0.43..3705.04 rows=945 width=121)
	              Index Cond: ((id >= 2573746) AND (id <= 2574745))

table 8 : explain SELECT DISTINCT c FROM sbtest8 WHERE id BETWEEN 6132299 AND 6133298 ORDER BY c
	Unique  (cost=3824.48..3829.34 rows=972 width=121)
	  ->  Sort  (cost=3824.48..3826.91 rows=972 width=121)
	        Sort Key: c
	        ->  Bitmap Heap Scan on sbtest8  (cost=34.40..3776.25 rows=972 width=121)
	              Recheck Cond: ((id >= 6132299) AND (id <= 6133298))
	              ->  Bitmap Index Scan on sbtest8_pkey  (cost=0.00..34.16 rows=972 width=0)
	                    Index Cond: ((id >= 6132299) AND (id <= 6133298))

for point_selects
table 1 : explain SELECT c FROM sbtest1 WHERE id=9817596
	Index Scan using sbtest1_pkey on sbtest1  (cost=0.43..8.45 rows=1 width=121)
	  Index Cond: (id = 9817596)

table 2 : explain SELECT c FROM sbtest2 WHERE id=479041
	Index Scan using sbtest2_pkey on sbtest2  (cost=0.43..8.45 rows=1 width=121)
	  Index Cond: (id = 479041)

table 3 : explain SELECT c FROM sbtest3 WHERE id=343734
	Index Scan using sbtest3_pkey on sbtest3  (cost=0.43..8.45 rows=1 width=121)
	  Index Cond: (id = 343734)

table 4 : explain SELECT c FROM sbtest4 WHERE id=8515879
	Index Scan using sbtest4_pkey on sbtest4  (cost=0.43..8.45 rows=1 width=121)
	  Index Cond: (id = 8515879)

table 5 : explain SELECT c FROM sbtest5 WHERE id=3023761
	Index Scan using sbtest5_pkey on sbtest5  (cost=0.43..8.45 rows=1 width=121)
	  Index Cond: (id = 3023761)

table 6 : explain SELECT c FROM sbtest6 WHERE id=7202644
	Index Scan using sbtest6_pkey on sbtest6  (cost=0.43..8.45 rows=1 width=121)
	  Index Cond: (id = 7202644)

table 7 : explain SELECT c FROM sbtest7 WHERE id=8154937
	Index Scan using sbtest7_pkey on sbtest7  (cost=0.43..8.45 rows=1 width=121)
	  Index Cond: (id = 8154937)

table 8 : explain SELECT c FROM sbtest8 WHERE id=8973287
	Index Scan using sbtest8_pkey on sbtest8  (cost=0.43..8.45 rows=1 width=121)
	  Index Cond: (id = 8973287)

for: sum_ranges
table 1 : explain SELECT SUM(k) FROM sbtest1 WHERE id BETWEEN 6296478 AND 6297477
	Aggregate  (cost=3677.51..3677.52 rows=1 width=8)
	  ->  Bitmap Heap Scan on sbtest1  (cost=34.14..3675.14 rows=947 width=4)
	        Recheck Cond: ((id >= 6296478) AND (id <= 6297477))
	        ->  Bitmap Index Scan on sbtest1_pkey  (cost=0.00..33.91 rows=947 width=0)
	              Index Cond: ((id >= 6296478) AND (id <= 6297477))

table 2 : explain SELECT SUM(k) FROM sbtest2 WHERE id BETWEEN 9124649 AND 9125648
	Aggregate  (cost=3900.56..3900.57 rows=1 width=8)
	  ->  Bitmap Heap Scan on sbtest2  (cost=34.74..3898.05 rows=1005 width=4)
	        Recheck Cond: ((id >= 9124649) AND (id <= 9125648))
	        ->  Bitmap Index Scan on sbtest2_pkey  (cost=0.00..34.48 rows=1005 width=0)
	              Index Cond: ((id >= 9124649) AND (id <= 9125648))

table 3 : explain SELECT SUM(k) FROM sbtest3 WHERE id BETWEEN 1769751 AND 1770750
	Aggregate  (cost=4280.60..4280.61 rows=1 width=8)
	  ->  Bitmap Heap Scan on sbtest3  (cost=39.76..4277.84 rows=1105 width=4)
	        Recheck Cond: ((id >= 1769751) AND (id <= 1770750))
	        ->  Bitmap Index Scan on sbtest3_pkey  (cost=0.00..39.48 rows=1105 width=0)
	              Index Cond: ((id >= 1769751) AND (id <= 1770750))

table 4 : explain SELECT SUM(k) FROM sbtest4 WHERE id BETWEEN 2585683 AND 2586682
	Aggregate  (cost=4041.46..4041.47 rows=1 width=8)
	  ->  Index Scan using sbtest4_pkey on sbtest4  (cost=0.43..4038.87 rows=1034 width=4)
	        Index Cond: ((id >= 2585683) AND (id <= 2586682))

table 5 : explain SELECT SUM(k) FROM sbtest5 WHERE id BETWEEN 2478988 AND 2479987
	Aggregate  (cost=3925.63..3925.64 rows=1 width=8)
	  ->  Bitmap Heap Scan on sbtest5  (cost=34.80..3923.10 rows=1011 width=4)
	        Recheck Cond: ((id >= 2478988) AND (id <= 2479987))
	        ->  Bitmap Index Scan on sbtest5_pkey  (cost=0.00..34.55 rows=1011 width=0)
	              Index Cond: ((id >= 2478988) AND (id <= 2479987))

table 6 : explain SELECT SUM(k) FROM sbtest6 WHERE id BETWEEN 1843744 AND 1844743
	Aggregate  (cost=3615.66..3615.67 rows=1 width=8)
	  ->  Bitmap Heap Scan on sbtest6  (cost=33.96..3613.34 rows=929 width=4)
	        Recheck Cond: ((id >= 1843744) AND (id <= 1844743))
	        ->  Bitmap Index Scan on sbtest6_pkey  (cost=0.00..33.73 rows=929 width=0)
	              Index Cond: ((id >= 1843744) AND (id <= 1844743))

table 7 : explain SELECT SUM(k) FROM sbtest7 WHERE id BETWEEN 2717098 AND 2718097
	Aggregate  (cost=3812.74..3812.75 rows=1 width=8)
	  ->  Index Scan using sbtest7_pkey on sbtest7  (cost=0.43..3810.31 rows=972 width=4)
	        Index Cond: ((id >= 2717098) AND (id <= 2718097))

table 8 : explain SELECT SUM(k) FROM sbtest8 WHERE id BETWEEN 7347820 AND 7348819
	Aggregate  (cost=3812.74..3812.75 rows=1 width=8)
	  ->  Bitmap Heap Scan on sbtest8  (cost=34.49..3810.29 rows=981 width=4)
	        Recheck Cond: ((id >= 7347820) AND (id <= 7348819))
	        ->  Bitmap Index Scan on sbtest8_pkey  (cost=0.00..34.25 rows=981 width=0)
	              Index Cond: ((id >= 7347820) AND (id <= 7348819))

for: simple_ranges
table 1 : explain SELECT c FROM sbtest1 WHERE id BETWEEN 9825238 AND 9826237
	Bitmap Heap Scan on sbtest1  (cost=29.72..3516.22 rows=906 width=121)
	  Recheck Cond: ((id >= 9825238) AND (id <= 9826237))
	  ->  Bitmap Index Scan on sbtest1_pkey  (cost=0.00..29.50 rows=906 width=0)
	        Index Cond: ((id >= 9825238) AND (id <= 9826237))

table 2 : explain SELECT c FROM sbtest2 WHERE id BETWEEN 6180833 AND 6181832
	Bitmap Heap Scan on sbtest2  (cost=34.41..3777.19 rows=973 width=121)
	  Recheck Cond: ((id >= 6180833) AND (id <= 6181832))
	  ->  Bitmap Index Scan on sbtest2_pkey  (cost=0.00..34.17 rows=973 width=0)
	        Index Cond: ((id >= 6180833) AND (id <= 6181832))

table 3 : explain SELECT c FROM sbtest3 WHERE id BETWEEN 9892912 AND 9893911
	Bitmap Heap Scan on sbtest3  (cost=35.19..4063.03 rows=1049 width=121)
	  Recheck Cond: ((id >= 9892912) AND (id <= 9893911))
	  ->  Bitmap Index Scan on sbtest3_pkey  (cost=0.00..34.93 rows=1049 width=0)
	        Index Cond: ((id >= 9892912) AND (id <= 9893911))

table 4 : explain SELECT c FROM sbtest4 WHERE id BETWEEN 610655 AND 611654
	Index Scan using sbtest4_pkey on sbtest4  (cost=0.43..4209.88 rows=1078 width=121)
	  Index Cond: ((id >= 610655) AND (id <= 611654))

table 5 : explain SELECT c FROM sbtest5 WHERE id BETWEEN 3552197 AND 3553196
	Bitmap Heap Scan on sbtest5  (cost=29.59..3472.49 rows=893 width=121)
	  Recheck Cond: ((id >= 3552197) AND (id <= 3553196))
	  ->  Bitmap Index Scan on sbtest5_pkey  (cost=0.00..29.36 rows=893 width=0)
	        Index Cond: ((id >= 3552197) AND (id <= 3553196))

table 6 : explain SELECT c FROM sbtest6 WHERE id BETWEEN 4063687 AND 4064686
	Bitmap Heap Scan on sbtest6  (cost=34.78..3916.01 rows=1009 width=121)
	  Recheck Cond: ((id >= 4063687) AND (id <= 4064686))
	  ->  Bitmap Index Scan on sbtest6_pkey  (cost=0.00..34.53 rows=1009 width=0)
	        Index Cond: ((id >= 4063687) AND (id <= 4064686))

table 7 : explain SELECT c FROM sbtest7 WHERE id BETWEEN 8011794 AND 8012793
	Bitmap Heap Scan on sbtest7  (cost=35.35..4127.63 rows=1065 width=121)
	  Recheck Cond: ((id >= 8011794) AND (id <= 8012793))
	  ->  Bitmap Index Scan on sbtest7_pkey  (cost=0.00..35.09 rows=1065 width=0)
	        Index Cond: ((id >= 8011794) AND (id <= 8012793))

table 8 : explain SELECT c FROM sbtest8 WHERE id BETWEEN 5157929 AND 5158928
	Index Scan using sbtest8_pkey on sbtest8  (cost=0.43..3760.24 rows=958 width=121)
	  Index Cond: ((id >= 5157929) AND (id <= 5158928))

for: simple_ranges
table 1 : explain SELECT c FROM sbtest1 WHERE id BETWEEN 2568530 AND 2569529
	Bitmap Heap Scan on sbtest1  (cost=34.64..3860.01 rows=996 width=121)
	  Recheck Cond: ((id >= 2568530) AND (id <= 2569529))
	  ->  Bitmap Index Scan on sbtest1_pkey  (cost=0.00..34.40 rows=996 width=0)
	        Index Cond: ((id >= 2568530) AND (id <= 2569529))

table 2 : explain SELECT c FROM sbtest2 WHERE id BETWEEN 7291003 AND 7292002
	Bitmap Heap Scan on sbtest2  (cost=35.54..4192.09 rows=1083 width=121)
	  Recheck Cond: ((id >= 7291003) AND (id <= 7292002))
	  ->  Bitmap Index Scan on sbtest2_pkey  (cost=0.00..35.27 rows=1083 width=0)
	        Index Cond: ((id >= 7291003) AND (id <= 7292002))

table 3 : explain SELECT c FROM sbtest3 WHERE id BETWEEN 4103556 AND 4104555
	Bitmap Heap Scan on sbtest3  (cost=34.87..3946.17 rows=1018 width=121)
	  Recheck Cond: ((id >= 4103556) AND (id <= 4104555))
	  ->  Bitmap Index Scan on sbtest3_pkey  (cost=0.00..34.62 rows=1018 width=0)
	        Index Cond: ((id >= 4103556) AND (id <= 4104555))

table 4 : explain SELECT c FROM sbtest4 WHERE id BETWEEN 679378 AND 680377
	Index Scan using sbtest4_pkey on sbtest4  (cost=0.43..4209.88 rows=1078 width=121)
	  Index Cond: ((id >= 679378) AND (id <= 680377))

table 5 : explain SELECT c FROM sbtest5 WHERE id BETWEEN 7155322 AND 7156321
	Index Scan using sbtest5_pkey on sbtest5  (cost=0.43..3365.38 rows=856 width=121)
	  Index Cond: ((id >= 7155322) AND (id <= 7156321))

table 6 : explain SELECT c FROM sbtest6 WHERE id BETWEEN 2143752 AND 2144751
	Bitmap Heap Scan on sbtest6  (cost=34.16..3689.08 rows=949 width=121)
	  Recheck Cond: ((id >= 2143752) AND (id <= 2144751))
	  ->  Bitmap Index Scan on sbtest6_pkey  (cost=0.00..33.93 rows=949 width=0)
	        Index Cond: ((id >= 2143752) AND (id <= 2144751))

table 7 : explain SELECT c FROM sbtest7 WHERE id BETWEEN 2423437 AND 2424436
	Index Scan using sbtest7_pkey on sbtest7  (cost=0.43..3950.66 rows=1008 width=121)
	  Index Cond: ((id >= 2423437) AND (id <= 2424436))

table 8 : explain SELECT c FROM sbtest8 WHERE id BETWEEN 7875540 AND 7876539
	Bitmap Heap Scan on sbtest8  (cost=35.06..4021.89 rows=1037 width=121)
	  Recheck Cond: ((id >= 7875540) AND (id <= 7876539))
	  ->  Bitmap Index Scan on sbtest8_pkey  (cost=0.00..34.81 rows=1037 width=0)
	        Index Cond: ((id >= 7875540) AND (id <= 7876539))

for: distinct_ranges
table 1 : explain SELECT DISTINCT c FROM sbtest1 WHERE id BETWEEN 4139638 AND 4140637 ORDER BY c
	Unique  (cost=3691.29..3695.99 rows=939 width=121)
	  ->  Sort  (cost=3691.29..3693.64 rows=939 width=121)
	        Sort Key: c
	        ->  Bitmap Heap Scan on sbtest1  (cost=34.06..3644.93 rows=939 width=121)
	              Recheck Cond: ((id >= 4139638) AND (id <= 4140637))
	              ->  Bitmap Index Scan on sbtest1_pkey  (cost=0.00..33.83 rows=939 width=0)
	                    Index Cond: ((id >= 4139638) AND (id <= 4140637))

table 2 : explain SELECT DISTINCT c FROM sbtest2 WHERE id BETWEEN 9183347 AND 9184346 ORDER BY c
	Unique  (cost=3471.95..3476.36 rows=882 width=121)
	  ->  Sort  (cost=3471.95..3474.16 rows=882 width=121)
	        Sort Key: c
	        ->  Bitmap Heap Scan on sbtest2  (cost=29.48..3428.80 rows=882 width=121)
	              Recheck Cond: ((id >= 9183347) AND (id <= 9184346))
	              ->  Bitmap Index Scan on sbtest2_pkey  (cost=0.00..29.25 rows=882 width=0)
	                    Index Cond: ((id >= 9183347) AND (id <= 9184346))

table 3 : explain SELECT DISTINCT c FROM sbtest3 WHERE id BETWEEN 6352246 AND 6353245 ORDER BY c
	Unique  (cost=3931.92..3936.93 rows=1001 width=121)
	  ->  Sort  (cost=3931.92..3934.43 rows=1001 width=121)
	        Sort Key: c
	        ->  Bitmap Heap Scan on sbtest3  (cost=34.70..3882.04 rows=1001 width=121)
	              Recheck Cond: ((id >= 6352246) AND (id <= 6353245))
	              ->  Bitmap Index Scan on sbtest3_pkey  (cost=0.00..34.45 rows=1001 width=0)
	                    Index Cond: ((id >= 6352246) AND (id <= 6353245))

table 4 : explain SELECT DISTINCT c FROM sbtest4 WHERE id BETWEEN 2190532 AND 2191531 ORDER BY c
	Unique  (cost=3645.09..3649.69 rows=921 width=121)
	  ->  Sort  (cost=3645.09..3647.39 rows=921 width=121)
	        Sort Key: c
	        ->  Index Scan using sbtest4_pkey on sbtest4  (cost=0.43..3599.74 rows=921 width=121)
	              Index Cond: ((id >= 2190532) AND (id <= 2191531))

table 5 : explain SELECT DISTINCT c FROM sbtest5 WHERE id BETWEEN 1375260 AND 1376259 ORDER BY c
	Unique  (cost=4061.72..4066.89 rows=1034 width=121)
	  ->  Sort  (cost=4061.72..4064.31 rows=1034 width=121)
	        Sort Key: c
	        ->  Bitmap Heap Scan on sbtest5  (cost=35.03..4009.95 rows=1034 width=121)
	              Recheck Cond: ((id >= 1375260) AND (id <= 1376259))
	              ->  Bitmap Index Scan on sbtest5_pkey  (cost=0.00..34.78 rows=1034 width=0)
	                    Index Cond: ((id >= 1375260) AND (id <= 1376259))

table 6 : explain SELECT DISTINCT c FROM sbtest6 WHERE id BETWEEN 7923837 AND 7924836 ORDER BY c
	Unique  (cost=4039.20..4044.34 rows=1028 width=121)
	  ->  Sort  (cost=4039.20..4041.77 rows=1028 width=121)
	        Sort Key: c
	        ->  Bitmap Heap Scan on sbtest6  (cost=34.97..3987.77 rows=1028 width=121)
	              Recheck Cond: ((id >= 7923837) AND (id <= 7924836))
	              ->  Bitmap Index Scan on sbtest6_pkey  (cost=0.00..34.72 rows=1028 width=0)
	                    Index Cond: ((id >= 7923837) AND (id <= 7924836))

table 7 : explain SELECT DISTINCT c FROM sbtest7 WHERE id BETWEEN 5344909 AND 5345908 ORDER BY c
	Unique  (cost=3894.17..3899.08 rows=981 width=121)
	  ->  Sort  (cost=3894.17..3896.62 rows=981 width=121)
	        Sort Key: c
	        ->  Index Scan using sbtest7_pkey on sbtest7  (cost=0.43..3845.42 rows=981 width=121)
	              Index Cond: ((id >= 5344909) AND (id <= 5345908))

table 8 : explain SELECT DISTINCT c FROM sbtest8 WHERE id BETWEEN 4777378 AND 4778377 ORDER BY c
	Unique  (cost=4253.83..4259.25 rows=1084 width=121)
	  ->  Sort  (cost=4253.83..4256.54 rows=1084 width=121)
	        Sort Key: c
	        ->  Bitmap Heap Scan on sbtest8  (cost=35.55..4199.19 rows=1084 width=121)
	              Recheck Cond: ((id >= 4777378) AND (id <= 4778377))
	              ->  Bitmap Index Scan on sbtest8_pkey  (cost=0.00..35.28 rows=1084 width=0)
	                    Index Cond: ((id >= 4777378) AND (id <= 4778377))

for: simple_ranges
table 1 : explain SELECT c FROM sbtest1 WHERE id BETWEEN 8582614 AND 8583613
	Bitmap Heap Scan on sbtest1  (cost=34.51..3810.99 rows=983 width=121)
	  Recheck Cond: ((id >= 8582614) AND (id <= 8583613))
	  ->  Bitmap Index Scan on sbtest1_pkey  (cost=0.00..34.27 rows=983 width=0)
	        Index Cond: ((id >= 8582614) AND (id <= 8583613))

table 2 : explain SELECT c FROM sbtest2 WHERE id BETWEEN 1142236 AND 1143235
	Bitmap Heap Scan on sbtest2  (cost=34.39..3769.64 rows=971 width=121)
	  Recheck Cond: ((id >= 1142236) AND (id <= 1143235))
	  ->  Bitmap Index Scan on sbtest2_pkey  (cost=0.00..34.15 rows=971 width=0)
	        Index Cond: ((id >= 1142236) AND (id <= 1143235))

table 3 : explain SELECT c FROM sbtest3 WHERE id BETWEEN 2412628 AND 2413627
	Bitmap Heap Scan on sbtest3  (cost=34.76..3904.68 rows=1007 width=121)
	  Recheck Cond: ((id >= 2412628) AND (id <= 2413627))
	  ->  Bitmap Index Scan on sbtest3_pkey  (cost=0.00..34.51 rows=1007 width=0)
	        Index Cond: ((id >= 2412628) AND (id <= 2413627))

table 4 : explain SELECT c FROM sbtest4 WHERE id BETWEEN 1778695 AND 1779694
	Index Scan using sbtest4_pkey on sbtest4  (cost=0.43..4524.76 rows=1159 width=121)
	  Index Cond: ((id >= 1778695) AND (id <= 1779694))

table 5 : explain SELECT c FROM sbtest5 WHERE id BETWEEN 3857207 AND 3858206
	Bitmap Heap Scan on sbtest5  (cost=34.83..3934.43 rows=1014 width=121)
	  Recheck Cond: ((id >= 3857207) AND (id <= 3858206))
	  ->  Bitmap Index Scan on sbtest5_pkey  (cost=0.00..34.58 rows=1014 width=0)
	        Index Cond: ((id >= 3857207) AND (id <= 3858206))

table 6 : explain SELECT c FROM sbtest6 WHERE id BETWEEN 6175491 AND 6176490
	Bitmap Heap Scan on sbtest6  (cost=34.42..3783.69 rows=974 width=121)
	  Recheck Cond: ((id >= 6175491) AND (id <= 6176490))
	  ->  Bitmap Index Scan on sbtest6_pkey  (cost=0.00..34.18 rows=974 width=0)
	        Index Cond: ((id >= 6175491) AND (id <= 6176490))

table 7 : explain SELECT c FROM sbtest7 WHERE id BETWEEN 2607434 AND 2608433
	Index Scan using sbtest7_pkey on sbtest7  (cost=0.43..3958.49 rows=1010 width=121)
	  Index Cond: ((id >= 2607434) AND (id <= 2608433))

table 8 : explain SELECT c FROM sbtest8 WHERE id BETWEEN 5524330 AND 5525329
	Index Scan using sbtest8_pkey on sbtest8  (cost=0.43..3650.94 rows=930 width=121)
	  Index Cond: ((id >= 5524330) AND (id <= 5525329))

for: simple_ranges
table 1 : explain SELECT c FROM sbtest1 WHERE id BETWEEN 7145262 AND 7146261
	Bitmap Heap Scan on sbtest1  (cost=35.00..3991.87 rows=1031 width=121)
	  Recheck Cond: ((id >= 7145262) AND (id <= 7146261))
	  ->  Bitmap Index Scan on sbtest1_pkey  (cost=0.00..34.75 rows=1031 width=0)
	        Index Cond: ((id >= 7145262) AND (id <= 7146261))

table 2 : explain SELECT c FROM sbtest2 WHERE id BETWEEN 3365455 AND 3366454
	Bitmap Heap Scan on sbtest2  (cost=35.28..4097.93 rows=1058 width=121)
	  Recheck Cond: ((id >= 3365455) AND (id <= 3366454))
	  ->  Bitmap Index Scan on sbtest2_pkey  (cost=0.00..35.02 rows=1058 width=0)
	        Index Cond: ((id >= 3365455) AND (id <= 3366454))

table 3 : explain SELECT c FROM sbtest3 WHERE id BETWEEN 7799113 AND 7800112
	Bitmap Heap Scan on sbtest3  (cost=34.97..3983.88 rows=1028 width=121)
	  Recheck Cond: ((id >= 7799113) AND (id <= 7800112))
	  ->  Bitmap Index Scan on sbtest3_pkey  (cost=0.00..34.72 rows=1028 width=0)
	        Index Cond: ((id >= 7799113) AND (id <= 7800112))

table 4 : explain SELECT c FROM sbtest4 WHERE id BETWEEN 7718535 AND 7719534
	Index Scan using sbtest4_pkey on sbtest4  (cost=0.43..3654.16 rows=935 width=121)
	  Index Cond: ((id >= 7718535) AND (id <= 7719534))

table 5 : explain SELECT c FROM sbtest5 WHERE id BETWEEN 4841607 AND 4842606
	Bitmap Heap Scan on sbtest5  (cost=34.90..3960.87 rows=1021 width=121)
	  Recheck Cond: ((id >= 4841607) AND (id <= 4842606))
	  ->  Bitmap Index Scan on sbtest5_pkey  (cost=0.00..34.65 rows=1021 width=0)
	        Index Cond: ((id >= 4841607) AND (id <= 4842606))

table 6 : explain SELECT c FROM sbtest6 WHERE id BETWEEN 9656549 AND 9657548
	Bitmap Heap Scan on sbtest6  (cost=34.94..3976.45 rows=1025 width=121)
	  Recheck Cond: ((id >= 9656549) AND (id <= 9657548))
	  ->  Bitmap Index Scan on sbtest6_pkey  (cost=0.00..34.69 rows=1025 width=0)
	        Index Cond: ((id >= 9656549) AND (id <= 9657548))

table 7 : explain SELECT c FROM sbtest7 WHERE id BETWEEN 8968739 AND 8969738
	Bitmap Heap Scan on sbtest7  (cost=34.91..3965.33 rows=1022 width=121)
	  Recheck Cond: ((id >= 8968739) AND (id <= 8969738))
	  ->  Bitmap Index Scan on sbtest7_pkey  (cost=0.00..34.66 rows=1022 width=0)
	        Index Cond: ((id >= 8968739) AND (id <= 8969738))

table 8 : explain SELECT c FROM sbtest8 WHERE id BETWEEN 4068246 AND 4069245
	Bitmap Heap Scan on sbtest8  (cost=34.47..3802.72 rows=979 width=121)
	  Recheck Cond: ((id >= 4068246) AND (id <= 4069245))
	  ->  Bitmap Index Scan on sbtest8_pkey  (cost=0.00..34.23 rows=979 width=0)
	        Index Cond: ((id >= 4068246) AND (id <= 4069245))

for: simple_ranges
table 1 : explain SELECT c FROM sbtest1 WHERE id BETWEEN 517119 AND 518118
	Bitmap Heap Scan on sbtest1  (cost=35.06..4014.46 rows=1037 width=121)
	  Recheck Cond: ((id >= 517119) AND (id <= 518118))
	  ->  Bitmap Index Scan on sbtest1_pkey  (cost=0.00..34.81 rows=1037 width=0)
	        Index Cond: ((id >= 517119) AND (id <= 518118))

table 2 : explain SELECT c FROM sbtest2 WHERE id BETWEEN 686988 AND 687987
	Bitmap Heap Scan on sbtest2  (cost=34.43..3784.75 rows=975 width=121)
	  Recheck Cond: ((id >= 686988) AND (id <= 687987))
	  ->  Bitmap Index Scan on sbtest2_pkey  (cost=0.00..34.19 rows=975 width=0)
	        Index Cond: ((id >= 686988) AND (id <= 687987))

table 3 : explain SELECT c FROM sbtest3 WHERE id BETWEEN 9368615 AND 9369614
	Bitmap Heap Scan on sbtest3  (cost=34.49..3806.54 rows=981 width=121)
	  Recheck Cond: ((id >= 9368615) AND (id <= 9369614))
	  ->  Bitmap Index Scan on sbtest3_pkey  (cost=0.00..34.25 rows=981 width=0)
	        Index Cond: ((id >= 9368615) AND (id <= 9369614))

table 4 : explain SELECT c FROM sbtest4 WHERE id BETWEEN 3942354 AND 3943353
	Index Scan using sbtest4_pkey on sbtest4  (cost=0.43..3829.02 rows=980 width=121)
	  Index Cond: ((id >= 3942354) AND (id <= 3943353))

table 5 : explain SELECT c FROM sbtest5 WHERE id BETWEEN 9655187 AND 9656186
	Bitmap Heap Scan on sbtest5  (cost=34.83..3934.43 rows=1014 width=121)
	  Recheck Cond: ((id >= 9655187) AND (id <= 9656186))
	  ->  Bitmap Index Scan on sbtest5_pkey  (cost=0.00..34.58 rows=1014 width=0)
	        Index Cond: ((id >= 9655187) AND (id <= 9656186))

table 6 : explain SELECT c FROM sbtest6 WHERE id BETWEEN 288482 AND 289481
	Bitmap Heap Scan on sbtest6  (cost=34.30..3738.29 rows=962 width=121)
	  Recheck Cond: ((id >= 288482) AND (id <= 289481))
	  ->  Bitmap Index Scan on sbtest6_pkey  (cost=0.00..34.06 rows=962 width=0)
	        Index Cond: ((id >= 288482) AND (id <= 289481))

table 7 : explain SELECT c FROM sbtest7 WHERE id BETWEEN 2418096 AND 2419095
	Index Scan using sbtest7_pkey on sbtest7  (cost=0.43..3950.66 rows=1008 width=121)
	  Index Cond: ((id >= 2418096) AND (id <= 2419095))

table 8 : explain SELECT c FROM sbtest8 WHERE id BETWEEN 6407147 AND 6408146
	Index Scan using sbtest8_pkey on sbtest8  (cost=0.43..3768.04 rows=960 width=121)
	  Index Cond: ((id >= 6407147) AND (id <= 6408146))

for point_selects
table 1 : explain SELECT c FROM sbtest1 WHERE id=4753597
	Index Scan using sbtest1_pkey on sbtest1  (cost=0.43..8.45 rows=1 width=121)
	  Index Cond: (id = 4753597)

table 2 : explain SELECT c FROM sbtest2 WHERE id=3388447
	Index Scan using sbtest2_pkey on sbtest2  (cost=0.43..8.45 rows=1 width=121)
	  Index Cond: (id = 3388447)

table 3 : explain SELECT c FROM sbtest3 WHERE id=3713026
	Index Scan using sbtest3_pkey on sbtest3  (cost=0.43..8.45 rows=1 width=121)
	  Index Cond: (id = 3713026)

table 4 : explain SELECT c FROM sbtest4 WHERE id=7104052
	Index Scan using sbtest4_pkey on sbtest4  (cost=0.43..8.45 rows=1 width=121)
	  Index Cond: (id = 7104052)

table 5 : explain SELECT c FROM sbtest5 WHERE id=5255711
	Index Scan using sbtest5_pkey on sbtest5  (cost=0.43..8.45 rows=1 width=121)
	  Index Cond: (id = 5255711)

table 6 : explain SELECT c FROM sbtest6 WHERE id=7971316
	Index Scan using sbtest6_pkey on sbtest6  (cost=0.43..8.45 rows=1 width=121)
	  Index Cond: (id = 7971316)

table 7 : explain SELECT c FROM sbtest7 WHERE id=423659
	Index Scan using sbtest7_pkey on sbtest7  (cost=0.43..8.45 rows=1 width=121)
	  Index Cond: (id = 423659)

table 8 : explain SELECT c FROM sbtest8 WHERE id=6628028
	Index Scan using sbtest8_pkey on sbtest8  (cost=0.43..8.45 rows=1 width=121)
	  Index Cond: (id = 6628028)

for: distinct_ranges
table 1 : explain SELECT DISTINCT c FROM sbtest1 WHERE id BETWEEN 7048566 AND 7049565 ORDER BY c
	Unique  (cost=4161.91..4167.22 rows=1062 width=121)
	  ->  Sort  (cost=4161.91..4164.56 rows=1062 width=121)
	        Sort Key: c
	        ->  Bitmap Heap Scan on sbtest1  (cost=35.32..4108.53 rows=1062 width=121)
	              Recheck Cond: ((id >= 7048566) AND (id <= 7049565))
	              ->  Bitmap Index Scan on sbtest1_pkey  (cost=0.00..35.06 rows=1062 width=0)
	                    Index Cond: ((id >= 7048566) AND (id <= 7049565))

table 2 : explain SELECT DISTINCT c FROM sbtest2 WHERE id BETWEEN 4382547 AND 4383546 ORDER BY c
	Unique  (cost=3925.17..3930.16 rows=999 width=121)
	  ->  Sort  (cost=3925.17..3927.66 rows=999 width=121)
	        Sort Key: c
	        ->  Bitmap Heap Scan on sbtest2  (cost=34.67..3875.40 rows=999 width=121)
	              Recheck Cond: ((id >= 4382547) AND (id <= 4383546))
	              ->  Bitmap Index Scan on sbtest2_pkey  (cost=0.00..34.43 rows=999 width=0)
	                    Index Cond: ((id >= 4382547) AND (id <= 4383546))

table 3 : explain SELECT DISTINCT c FROM sbtest3 WHERE id BETWEEN 9105956 AND 9106955 ORDER BY c
	Unique  (cost=3797.77..3802.60 rows=966 width=121)
	  ->  Sort  (cost=3797.77..3800.19 rows=966 width=121)
	        Sort Key: c
	        ->  Bitmap Heap Scan on sbtest3  (cost=34.34..3749.88 rows=966 width=121)
	              Recheck Cond: ((id >= 9105956) AND (id <= 9106955))
	              ->  Bitmap Index Scan on sbtest3_pkey  (cost=0.00..34.09 rows=966 width=0)
	                    Index Cond: ((id >= 9105956) AND (id <= 9106955))

table 4 : explain SELECT DISTINCT c FROM sbtest4 WHERE id BETWEEN 4772059 AND 4773058 ORDER BY c
	Unique  (cost=3530.70..3535.16 rows=893 width=121)
	  ->  Sort  (cost=3530.70..3532.93 rows=893 width=121)
	        Sort Key: c
	        ->  Index Scan using sbtest4_pkey on sbtest4  (cost=0.43..3486.93 rows=893 width=121)
	              Index Cond: ((id >= 4772059) AND (id <= 4773058))

table 5 : explain SELECT DISTINCT c FROM sbtest5 WHERE id BETWEEN 9634381 AND 9635380 ORDER BY c
	Unique  (cost=3985.06..3990.13 rows=1014 width=121)
	  ->  Sort  (cost=3985.06..3987.60 rows=1014 width=121)
	        Sort Key: c
	        ->  Bitmap Heap Scan on sbtest5  (cost=34.83..3934.43 rows=1014 width=121)
	              Recheck Cond: ((id >= 9634381) AND (id <= 9635380))
	              ->  Bitmap Index Scan on sbtest5_pkey  (cost=0.00..34.58 rows=1014 width=0)
	                    Index Cond: ((id >= 9634381) AND (id <= 9635380))

table 6 : explain SELECT DISTINCT c FROM sbtest6 WHERE id BETWEEN 7919209 AND 7920208 ORDER BY c
	Unique  (cost=4039.20..4044.34 rows=1028 width=121)
	  ->  Sort  (cost=4039.20..4041.77 rows=1028 width=121)
	        Sort Key: c
	        ->  Bitmap Heap Scan on sbtest6  (cost=34.97..3987.77 rows=1028 width=121)
	              Recheck Cond: ((id >= 7919209) AND (id <= 7920208))
	              ->  Bitmap Index Scan on sbtest6_pkey  (cost=0.00..34.72 rows=1028 width=0)
	                    Index Cond: ((id >= 7919209) AND (id <= 7920208))

table 7 : explain SELECT DISTINCT c FROM sbtest7 WHERE id BETWEEN 1143733 AND 1144732 ORDER BY c
	Unique  (cost=3945.58..3950.55 rows=994 width=121)
	  ->  Sort  (cost=3945.58..3948.07 rows=994 width=121)
	        Sort Key: c
	        ->  Index Scan using sbtest7_pkey on sbtest7  (cost=0.43..3896.10 rows=994 width=121)
	              Index Cond: ((id >= 1143733) AND (id <= 1144732))

table 8 : explain SELECT DISTINCT c FROM sbtest8 WHERE id BETWEEN 2513976 AND 2514975 ORDER BY c
	Unique  (cost=3924.28..3929.27 rows=998 width=121)
	  ->  Sort  (cost=3924.28..3926.78 rows=998 width=121)
	        Sort Key: c
	        ->  Bitmap Heap Scan on sbtest8  (cost=34.66..3874.57 rows=998 width=121)
	              Recheck Cond: ((id >= 2513976) AND (id <= 2514975))
	              ->  Bitmap Index Scan on sbtest8_pkey  (cost=0.00..34.42 rows=998 width=0)
	                    Index Cond: ((id >= 2513976) AND (id <= 2514975))

for: distinct_ranges
table 1 : explain SELECT DISTINCT c FROM sbtest1 WHERE id BETWEEN 8992858 AND 8993857 ORDER BY c
	Unique  (cost=3748.78..3753.55 rows=954 width=121)
	  ->  Sort  (cost=3748.78..3751.17 rows=954 width=121)
	        Sort Key: c
	        ->  Bitmap Heap Scan on sbtest1  (cost=34.21..3701.57 rows=954 width=121)
	              Recheck Cond: ((id >= 8992858) AND (id <= 8993857))
	              ->  Bitmap Index Scan on sbtest1_pkey  (cost=0.00..33.98 rows=954 width=0)
	                    Index Cond: ((id >= 8992858) AND (id <= 8993857))

table 2 : explain SELECT DISTINCT c FROM sbtest2 WHERE id BETWEEN 9245189 AND 9246188 ORDER BY c
	Unique  (cost=3471.95..3476.36 rows=882 width=121)
	  ->  Sort  (cost=3471.95..3474.16 rows=882 width=121)
	        Sort Key: c
	        ->  Bitmap Heap Scan on sbtest2  (cost=29.48..3428.80 rows=882 width=121)
	              Recheck Cond: ((id >= 9245189) AND (id <= 9246188))
	              ->  Bitmap Index Scan on sbtest2_pkey  (cost=0.00..29.25 rows=882 width=0)
	                    Index Cond: ((id >= 9245189) AND (id <= 9246188))

table 3 : explain SELECT DISTINCT c FROM sbtest3 WHERE id BETWEEN 7668174 AND 7669173 ORDER BY c
	Unique  (cost=3882.11..3887.05 rows=988 width=121)
	  ->  Sort  (cost=3882.11..3884.58 rows=988 width=121)
	        Sort Key: c
	        ->  Bitmap Heap Scan on sbtest3  (cost=34.56..3832.97 rows=988 width=121)
	              Recheck Cond: ((id >= 7668174) AND (id <= 7669173))
	              ->  Bitmap Index Scan on sbtest3_pkey  (cost=0.00..34.32 rows=988 width=0)
	                    Index Cond: ((id >= 7668174) AND (id <= 7669173))

table 4 : explain SELECT DISTINCT c FROM sbtest4 WHERE id BETWEEN 3258599 AND 3259598 ORDER BY c
	Unique  (cost=3775.19..3779.96 rows=954 width=121)
	  ->  Sort  (cost=3775.19..3777.58 rows=954 width=121)
	        Sort Key: c
	        ->  Index Scan using sbtest4_pkey on sbtest4  (cost=0.43..3727.98 rows=954 width=121)
	              Index Cond: ((id >= 3258599) AND (id <= 3259598))

table 5 : explain SELECT DISTINCT c FROM sbtest5 WHERE id BETWEEN 4830472 AND 4831471 ORDER BY c
	Unique  (cost=4011.90..4017.00 rows=1021 width=121)
	  ->  Sort  (cost=4011.90..4014.45 rows=1021 width=121)
	        Sort Key: c
	        ->  Bitmap Heap Scan on sbtest5  (cost=34.90..3960.87 rows=1021 width=121)
	              Recheck Cond: ((id >= 4830472) AND (id <= 4831471))
	              ->  Bitmap Index Scan on sbtest5_pkey  (cost=0.00..34.65 rows=1021 width=0)
	                    Index Cond: ((id >= 4830472) AND (id <= 4831471))

table 6 : explain SELECT DISTINCT c FROM sbtest6 WHERE id BETWEEN 4000365 AND 4001364 ORDER BY c
	Unique  (cost=4115.85..4121.09 rows=1048 width=121)
	  ->  Sort  (cost=4115.85..4118.47 rows=1048 width=121)
	        Sort Key: c
	        ->  Bitmap Heap Scan on sbtest6  (cost=35.18..4063.27 rows=1048 width=121)
	              Recheck Cond: ((id >= 4000365) AND (id <= 4001364))
	              ->  Bitmap Index Scan on sbtest6_pkey  (cost=0.00..34.92 rows=1048 width=0)
	                    Index Cond: ((id >= 4000365) AND (id <= 4001364))

table 7 : explain SELECT DISTINCT c FROM sbtest7 WHERE id BETWEEN 700366 AND 701365 ORDER BY c
	Unique  (cost=3882.28..3887.17 rows=978 width=121)
	  ->  Sort  (cost=3882.28..3884.72 rows=978 width=121)
	        Sort Key: c
	        ->  Index Scan using sbtest7_pkey on sbtest7  (cost=0.43..3833.70 rows=978 width=121)
	              Index Cond: ((id >= 700366) AND (id <= 701365))

table 8 : explain SELECT DISTINCT c FROM sbtest8 WHERE id BETWEEN 954137 AND 955136 ORDER BY c
	Unique  (cost=3981.82..3986.89 rows=1013 width=121)
	  ->  Sort  (cost=3981.82..3984.35 rows=1013 width=121)
	        Sort Key: c
	        ->  Bitmap Heap Scan on sbtest8  (cost=34.82..3931.25 rows=1013 width=121)
	              Recheck Cond: ((id >= 954137) AND (id <= 955136))
	              ->  Bitmap Index Scan on sbtest8_pkey  (cost=0.00..34.57 rows=1013 width=0)
	                    Index Cond: ((id >= 954137) AND (id <= 955136))

for: distinct_ranges
table 1 : explain SELECT DISTINCT c FROM sbtest1 WHERE id BETWEEN 2640984 AND 2641983 ORDER BY c
	Unique  (cost=4184.82..4190.16 rows=1068 width=121)
	  ->  Sort  (cost=4184.82..4187.49 rows=1068 width=121)
	        Sort Key: c
	        ->  Bitmap Heap Scan on sbtest1  (cost=35.38..4131.09 rows=1068 width=121)
	              Recheck Cond: ((id >= 2640984) AND (id <= 2641983))
	              ->  Bitmap Index Scan on sbtest1_pkey  (cost=0.00..35.12 rows=1068 width=0)
	                    Index Cond: ((id >= 2640984) AND (id <= 2641983))

table 2 : explain SELECT DISTINCT c FROM sbtest2 WHERE id BETWEEN 3338327 AND 3339326 ORDER BY c
	Unique  (cost=4151.07..4156.36 rows=1058 width=121)
	  ->  Sort  (cost=4151.07..4153.72 rows=1058 width=121)
	        Sort Key: c
	        ->  Bitmap Heap Scan on sbtest2  (cost=35.28..4097.93 rows=1058 width=121)
	              Recheck Cond: ((id >= 3338327) AND (id <= 3339326))
	              ->  Bitmap Index Scan on sbtest2_pkey  (cost=0.00..35.02 rows=1058 width=0)
	                    Index Cond: ((id >= 3338327) AND (id <= 3339326))

table 3 : explain SELECT DISTINCT c FROM sbtest3 WHERE id BETWEEN 1323263 AND 1324262 ORDER BY c
	Unique  (cost=4291.50..4296.98 rows=1095 width=121)
	  ->  Sort  (cost=4291.50..4294.24 rows=1095 width=121)
	        Sort Key: c
	        ->  Bitmap Heap Scan on sbtest3  (cost=35.66..4236.22 rows=1095 width=121)
	              Recheck Cond: ((id >= 1323263) AND (id <= 1324262))
	              ->  Bitmap Index Scan on sbtest3_pkey  (cost=0.00..35.39 rows=1095 width=0)
	                    Index Cond: ((id >= 1323263) AND (id <= 1324262))

table 4 : explain SELECT DISTINCT c FROM sbtest4 WHERE id BETWEEN 7558122 AND 7559121 ORDER BY c
	Unique  (cost=4027.57..4032.66 rows=1018 width=121)
	  ->  Sort  (cost=4027.57..4030.12 rows=1018 width=121)
	        Sort Key: c
	        ->  Index Scan using sbtest4_pkey on sbtest4  (cost=0.43..3976.71 rows=1018 width=121)
	              Index Cond: ((id >= 7558122) AND (id <= 7559121))

table 5 : explain SELECT DISTINCT c FROM sbtest5 WHERE id BETWEEN 1748136 AND 1749135 ORDER BY c
	Unique  (cost=3942.88..3947.89 rows=1003 width=121)
	  ->  Sort  (cost=3942.88..3945.39 rows=1003 width=121)
	        Sort Key: c
	        ->  Bitmap Heap Scan on sbtest5  (cost=34.72..3892.88 rows=1003 width=121)
	              Recheck Cond: ((id >= 1748136) AND (id <= 1749135))
	              ->  Bitmap Index Scan on sbtest5_pkey  (cost=0.00..34.47 rows=1003 width=0)
	                    Index Cond: ((id >= 1748136) AND (id <= 1749135))

table 6 : explain SELECT DISTINCT c FROM sbtest6 WHERE id BETWEEN 6213638 AND 6214637 ORDER BY c
	Unique  (cost=3832.04..3836.91 rows=974 width=121)
	  ->  Sort  (cost=3832.04..3834.47 rows=974 width=121)
	        Sort Key: c
	        ->  Bitmap Heap Scan on sbtest6  (cost=34.42..3783.69 rows=974 width=121)
	              Recheck Cond: ((id >= 6213638) AND (id <= 6214637))
	              ->  Bitmap Index Scan on sbtest6_pkey  (cost=0.00..34.18 rows=974 width=0)
	                    Index Cond: ((id >= 6213638) AND (id <= 6214637))

table 7 : explain SELECT DISTINCT c FROM sbtest7 WHERE id BETWEEN 861131 AND 862130 ORDER BY c
	Unique  (cost=4096.91..4102.13 rows=1043 width=121)
	  ->  Sort  (cost=4096.91..4099.52 rows=1043 width=121)
	        Sort Key: c
	        ->  Bitmap Heap Scan on sbtest7  (cost=35.13..4044.62 rows=1043 width=121)
	              Recheck Cond: ((id >= 861131) AND (id <= 862130))
	              ->  Bitmap Index Scan on sbtest7_pkey  (cost=0.00..34.87 rows=1043 width=0)
	                    Index Cond: ((id >= 861131) AND (id <= 862130))

table 8 : explain SELECT DISTINCT c FROM sbtest8 WHERE id BETWEEN 7830480 AND 7831479 ORDER BY c
	Unique  (cost=4073.83..4079.02 rows=1037 width=121)
	  ->  Sort  (cost=4073.83..4076.43 rows=1037 width=121)
	        Sort Key: c
	        ->  Bitmap Heap Scan on sbtest8  (cost=35.06..4021.89 rows=1037 width=121)
	              Recheck Cond: ((id >= 7830480) AND (id <= 7831479))
	              ->  Bitmap Index Scan on sbtest8_pkey  (cost=0.00..34.81 rows=1037 width=0)
	                    Index Cond: ((id >= 7830480) AND (id <= 7831479))

for: simple_ranges
table 1 : explain SELECT c FROM sbtest1 WHERE id BETWEEN 403154 AND 404153
	Bitmap Heap Scan on sbtest1  (cost=35.30..4101.00 rows=1060 width=121)
	  Recheck Cond: ((id >= 403154) AND (id <= 404153))
	  ->  Bitmap Index Scan on sbtest1_pkey  (cost=0.00..35.04 rows=1060 width=0)
	        Index Cond: ((id >= 403154) AND (id <= 404153))

table 2 : explain SELECT c FROM sbtest2 WHERE id BETWEEN 4913623 AND 4914622
	Bitmap Heap Scan on sbtest2  (cost=35.37..4131.83 rows=1067 width=121)
	  Recheck Cond: ((id >= 4913623) AND (id <= 4914622))
	  ->  Bitmap Index Scan on sbtest2_pkey  (cost=0.00..35.11 rows=1067 width=0)
	        Index Cond: ((id >= 4913623) AND (id <= 4914622))

table 3 : explain SELECT c FROM sbtest3 WHERE id BETWEEN 4444348 AND 4445347
	Bitmap Heap Scan on sbtest3  (cost=35.65..4232.46 rows=1094 width=121)
	  Recheck Cond: ((id >= 4444348) AND (id <= 4445347))
	  ->  Bitmap Index Scan on sbtest3_pkey  (cost=0.00..35.38 rows=1094 width=0)
	        Index Cond: ((id >= 4444348) AND (id <= 4445347))

table 4 : explain SELECT c FROM sbtest4 WHERE id BETWEEN 346881 AND 347880
	Index Scan using sbtest4_pkey on sbtest4  (cost=0.43..3797.94 rows=972 width=121)
	  Index Cond: ((id >= 346881) AND (id <= 347880))

table 5 : explain SELECT c FROM sbtest5 WHERE id BETWEEN 9433049 AND 9434048
	Bitmap Heap Scan on sbtest5  (cost=33.94..3605.36 rows=927 width=121)
	  Recheck Cond: ((id >= 9433049) AND (id <= 9434048))
	  ->  Bitmap Index Scan on sbtest5_pkey  (cost=0.00..33.70 rows=927 width=0)
	        Index Cond: ((id >= 9433049) AND (id <= 9434048))

table 6 : explain SELECT c FROM sbtest6 WHERE id BETWEEN 873855 AND 874854
	Bitmap Heap Scan on sbtest6  (cost=35.04..4014.20 rows=1035 width=121)
	  Recheck Cond: ((id >= 873855) AND (id <= 874854))
	  ->  Bitmap Index Scan on sbtest6_pkey  (cost=0.00..34.79 rows=1035 width=0)
	        Index Cond: ((id >= 873855) AND (id <= 874854))

table 7 : explain SELECT c FROM sbtest7 WHERE id BETWEEN 964480 AND 965479
	Bitmap Heap Scan on sbtest7  (cost=35.31..4112.54 rows=1061 width=121)
	  Recheck Cond: ((id >= 964480) AND (id <= 965479))
	  ->  Bitmap Index Scan on sbtest7_pkey  (cost=0.00..35.05 rows=1061 width=0)
	        Index Cond: ((id >= 964480) AND (id <= 965479))

table 8 : explain SELECT c FROM sbtest8 WHERE id BETWEEN 7586609 AND 7587608
	Index Scan using sbtest8_pkey on sbtest8  (cost=0.43..3748.53 rows=955 width=121)
	  Index Cond: ((id >= 7586609) AND (id <= 7587608))

explain: for point_selects :: explain SELECT c FROM sbtest%u WHERE id=%u
for: order_ranges
table 1 : explain SELECT c FROM sbtest1 WHERE id BETWEEN 3248881 AND 3249880 ORDER BY c
	Sort  (cost=3560.72..3562.98 rows=906 width=121)
	  Sort Key: c
	  ->  Bitmap Heap Scan on sbtest1  (cost=29.72..3516.22 rows=906 width=121)
	        Recheck Cond: ((id >= 3248881) AND (id <= 3249880))
	        ->  Bitmap Index Scan on sbtest1_pkey  (cost=0.00..29.50 rows=906 width=0)
	              Index Cond: ((id >= 3248881) AND (id <= 3249880))

table 2 : explain SELECT c FROM sbtest2 WHERE id BETWEEN 9433883 AND 9434882 ORDER BY c
	Sort  (cost=3510.41..3512.64 rows=892 width=121)
	  Sort Key: c
	  ->  Bitmap Heap Scan on sbtest2  (cost=29.58..3466.70 rows=892 width=121)
	        Recheck Cond: ((id >= 9433883) AND (id <= 9434882))
	        ->  Bitmap Index Scan on sbtest2_pkey  (cost=0.00..29.36 rows=892 width=0)
	              Index Cond: ((id >= 9433883) AND (id <= 9434882))

table 3 : explain SELECT c FROM sbtest3 WHERE id BETWEEN 969455 AND 970454 ORDER BY c
	Sort  (cost=4161.56..4164.21 rows=1061 width=121)
	  Sort Key: c
	  ->  Bitmap Heap Scan on sbtest3  (cost=35.31..4108.24 rows=1061 width=121)
	        Recheck Cond: ((id >= 969455) AND (id <= 970454))
	        ->  Bitmap Index Scan on sbtest3_pkey  (cost=0.00..35.05 rows=1061 width=0)
	              Index Cond: ((id >= 969455) AND (id <= 970454))

table 4 : explain SELECT c FROM sbtest4 WHERE id BETWEEN 7902835 AND 7903834 ORDER BY c
	Sort  (cost=3613.56..3615.84 rows=913 width=121)
	  Sort Key: c
	  ->  Index Scan using sbtest4_pkey on sbtest4  (cost=0.43..3568.66 rows=913 width=121)
	        Index Cond: ((id >= 7902835) AND (id <= 7903834))

table 5 : explain SELECT c FROM sbtest5 WHERE id BETWEEN 9838612 AND 9839611 ORDER BY c
	Sort  (cost=3831.60..3834.04 rows=974 width=121)
	  Sort Key: c
	  ->  Bitmap Heap Scan on sbtest5  (cost=34.42..3783.25 rows=974 width=121)
	        Recheck Cond: ((id >= 9838612) AND (id <= 9839611))
	        ->  Bitmap Index Scan on sbtest5_pkey  (cost=0.00..34.18 rows=974 width=0)
	              Index Cond: ((id >= 9838612) AND (id <= 9839611))

table 6 : explain SELECT c FROM sbtest6 WHERE id BETWEEN 9012579 AND 9013578 ORDER BY c
	Sort  (cost=3739.85..3742.23 rows=950 width=121)
	  Sort Key: c
	  ->  Bitmap Heap Scan on sbtest6  (cost=34.17..3692.87 rows=950 width=121)
	        Recheck Cond: ((id >= 9012579) AND (id <= 9013578))
	        ->  Bitmap Index Scan on sbtest6_pkey  (cost=0.00..33.94 rows=950 width=0)
	              Index Cond: ((id >= 9012579) AND (id <= 9013578))

table 7 : explain SELECT c FROM sbtest7 WHERE id BETWEEN 6283957 AND 6284956 ORDER BY c
	Sort  (cost=4008.75..4011.30 rows=1020 width=121)
	  Sort Key: c
	  ->  Bitmap Heap Scan on sbtest7  (cost=34.89..3957.78 rows=1020 width=121)
	        Recheck Cond: ((id >= 6283957) AND (id <= 6284956))
	        ->  Bitmap Index Scan on sbtest7_pkey  (cost=0.00..34.64 rows=1020 width=0)
	              Index Cond: ((id >= 6283957) AND (id <= 6284956))

table 8 : explain SELECT c FROM sbtest8 WHERE id BETWEEN 7721540 AND 7722539 ORDER BY c
	Sort  (cost=3811.64..3814.04 rows=959 width=121)
	  Sort Key: c
	  ->  Index Scan using sbtest8_pkey on sbtest8  (cost=0.43..3764.14 rows=959 width=121)
	        Index Cond: ((id >= 7721540) AND (id <= 7722539))

for: simple_ranges
table 1 : explain SELECT c FROM sbtest1 WHERE id BETWEEN 5787407 AND 5788406
	Bitmap Heap Scan on sbtest1  (cost=34.52..3814.76 rows=984 width=121)
	  Recheck Cond: ((id >= 5787407) AND (id <= 5788406))
	  ->  Bitmap Index Scan on sbtest1_pkey  (cost=0.00..34.28 rows=984 width=0)
	        Index Cond: ((id >= 5787407) AND (id <= 5788406))

table 2 : explain SELECT c FROM sbtest2 WHERE id BETWEEN 9054815 AND 9055814
	Bitmap Heap Scan on sbtest2  (cost=34.76..3905.59 rows=1007 width=121)
	  Recheck Cond: ((id >= 9054815) AND (id <= 9055814))
	  ->  Bitmap Index Scan on sbtest2_pkey  (cost=0.00..34.51 rows=1007 width=0)
	        Index Cond: ((id >= 9054815) AND (id <= 9055814))

table 3 : explain SELECT c FROM sbtest3 WHERE id BETWEEN 3516848 AND 3517847
	Bitmap Heap Scan on sbtest3  (cost=34.81..3923.54 rows=1012 width=121)
	  Recheck Cond: ((id >= 3516848) AND (id <= 3517847))
	  ->  Bitmap Index Scan on sbtest3_pkey  (cost=0.00..34.56 rows=1012 width=0)
	        Index Cond: ((id >= 3516848) AND (id <= 3517847))

table 4 : explain SELECT c FROM sbtest4 WHERE id BETWEEN 3834743 AND 3835742
	Index Scan using sbtest4_pkey on sbtest4  (cost=0.43..3852.33 rows=986 width=121)
	  Index Cond: ((id >= 3834743) AND (id <= 3835742))

table 5 : explain SELECT c FROM sbtest5 WHERE id BETWEEN 2180297 AND 2181296
	Bitmap Heap Scan on sbtest5  (cost=34.92..3968.42 rows=1023 width=121)
	  Recheck Cond: ((id >= 2180297) AND (id <= 2181296))
	  ->  Bitmap Index Scan on sbtest5_pkey  (cost=0.00..34.67 rows=1023 width=0)
	        Index Cond: ((id >= 2180297) AND (id <= 2181296))

table 6 : explain SELECT c FROM sbtest6 WHERE id BETWEEN 4467639 AND 4468638
	Bitmap Heap Scan on sbtest6  (cost=34.75..3904.67 rows=1006 width=121)
	  Recheck Cond: ((id >= 4467639) AND (id <= 4468638))
	  ->  Bitmap Index Scan on sbtest6_pkey  (cost=0.00..34.50 rows=1006 width=0)
	        Index Cond: ((id >= 4467639) AND (id <= 4468638))

table 7 : explain SELECT c FROM sbtest7 WHERE id BETWEEN 7514142 AND 7515141
	Bitmap Heap Scan on sbtest7  (cost=39.71..4263.58 rows=1100 width=121)
	  Recheck Cond: ((id >= 7514142) AND (id <= 7515141))
	  ->  Bitmap Index Scan on sbtest7_pkey  (cost=0.00..39.44 rows=1100 width=0)
	        Index Cond: ((id >= 7514142) AND (id <= 7515141))

table 8 : explain SELECT c FROM sbtest8 WHERE id BETWEEN 7768186 AND 7769185
	Index Scan using sbtest8_pkey on sbtest8  (cost=0.43..3764.14 rows=959 width=121)
	  Index Cond: ((id >= 7768186) AND (id <= 7769185))

for: sum_ranges
table 1 : explain SELECT SUM(k) FROM sbtest1 WHERE id BETWEEN 4290968 AND 4291967
	Aggregate  (cost=3828.54..3828.55 rows=1 width=8)
	  ->  Bitmap Heap Scan on sbtest1  (cost=34.55..3826.08 rows=987 width=4)
	        Recheck Cond: ((id >= 4290968) AND (id <= 4291967))
	        ->  Bitmap Index Scan on sbtest1_pkey  (cost=0.00..34.31 rows=987 width=0)
	              Index Cond: ((id >= 4290968) AND (id <= 4291967))

table 2 : explain SELECT SUM(k) FROM sbtest2 WHERE id BETWEEN 7136735 AND 7137734
	Aggregate  (cost=3510.63..3510.64 rows=1 width=8)
	  ->  Bitmap Heap Scan on sbtest2  (cost=29.69..3508.37 rows=903 width=4)
	        Recheck Cond: ((id >= 7136735) AND (id <= 7137734))
	        ->  Bitmap Index Scan on sbtest2_pkey  (cost=0.00..29.46 rows=903 width=0)
	              Index Cond: ((id >= 7136735) AND (id <= 7137734))

table 3 : explain SELECT SUM(k) FROM sbtest3 WHERE id BETWEEN 4854963 AND 4855962
	Aggregate  (cost=4076.97..4076.98 rows=1 width=8)
	  ->  Bitmap Heap Scan on sbtest3  (cost=35.22..4074.34 rows=1052 width=4)
	        Recheck Cond: ((id >= 4854963) AND (id <= 4855962))
	        ->  Bitmap Index Scan on sbtest3_pkey  (cost=0.00..34.95 rows=1052 width=0)
	              Index Cond: ((id >= 4854963) AND (id <= 4855962))

table 4 : explain SELECT SUM(k) FROM sbtest4 WHERE id BETWEEN 8609525 AND 8610524
	Aggregate  (cost=3765.38..3765.39 rows=1 width=8)
	  ->  Index Scan using sbtest4_pkey on sbtest4  (cost=0.43..3762.98 rows=963 width=4)
	        Index Cond: ((id >= 8609525) AND (id <= 8610524))

table 5 : explain SELECT SUM(k) FROM sbtest5 WHERE id BETWEEN 8604169 AND 8605168
	Aggregate  (cost=3940.75..3940.76 rows=1 width=8)
	  ->  Bitmap Heap Scan on sbtest5  (cost=34.84..3938.21 rows=1015 width=4)
	        Recheck Cond: ((id >= 8604169) AND (id <= 8605168))
	        ->  Bitmap Index Scan on sbtest5_pkey  (cost=0.00..34.59 rows=1015 width=0)
	              Index Cond: ((id >= 8604169) AND (id <= 8605168))

table 6 : explain SELECT SUM(k) FROM sbtest6 WHERE id BETWEEN 7833734 AND 7834733
	Aggregate  (cost=3808.83..3808.84 rows=1 width=8)
	  ->  Bitmap Heap Scan on sbtest6  (cost=34.48..3806.38 rows=980 width=4)
	        Recheck Cond: ((id >= 7833734) AND (id <= 7834733))
	        ->  Bitmap Index Scan on sbtest6_pkey  (cost=0.00..34.23 rows=980 width=0)
	              Index Cond: ((id >= 7833734) AND (id <= 7834733))

table 7 : explain SELECT SUM(k) FROM sbtest7 WHERE id BETWEEN 5277807 AND 5278806
	Aggregate  (cost=3847.88..3847.89 rows=1 width=8)
	  ->  Index Scan using sbtest7_pkey on sbtest7  (cost=0.43..3845.42 rows=981 width=4)
	        Index Cond: ((id >= 5277807) AND (id <= 5278806))

table 8 : explain SELECT SUM(k) FROM sbtest8 WHERE id BETWEEN 240067 AND 241066
	Aggregate  (cost=4115.11..4115.12 rows=1 width=8)
	  ->  Bitmap Heap Scan on sbtest8  (cost=35.31..4112.46 rows=1061 width=4)
	        Recheck Cond: ((id >= 240067) AND (id <= 241066))
	        ->  Bitmap Index Scan on sbtest8_pkey  (cost=0.00..35.05 rows=1061 width=0)
	              Index Cond: ((id >= 240067) AND (id <= 241066))

for: sum_ranges
table 1 : explain SELECT SUM(k) FROM sbtest1 WHERE id BETWEEN 7621582 AND 7622581
	Aggregate  (cost=3692.62..3692.63 rows=1 width=8)
	  ->  Bitmap Heap Scan on sbtest1  (cost=34.18..3690.25 rows=951 width=4)
	        Recheck Cond: ((id >= 7621582) AND (id <= 7622581))
	        ->  Bitmap Index Scan on sbtest1_pkey  (cost=0.00..33.95 rows=951 width=0)
	              Index Cond: ((id >= 7621582) AND (id <= 7622581))

table 2 : explain SELECT SUM(k) FROM sbtest2 WHERE id BETWEEN 5825398 AND 5826397
	Aggregate  (cost=4379.50..4379.51 rows=1 width=8)
	  ->  Bitmap Heap Scan on sbtest2  (cost=40.03..4376.67 rows=1131 width=4)
	        Recheck Cond: ((id >= 5825398) AND (id <= 5826397))
	        ->  Bitmap Index Scan on sbtest2_pkey  (cost=0.00..39.75 rows=1131 width=0)
	              Index Cond: ((id >= 5825398) AND (id <= 5826397))

table 3 : explain SELECT SUM(k) FROM sbtest3 WHERE id BETWEEN 5712030 AND 5713029
	Aggregate  (cost=3691.79..3691.80 rows=1 width=8)
	  ->  Bitmap Heap Scan on sbtest3  (cost=34.17..3689.41 rows=950 width=4)
	        Recheck Cond: ((id >= 5712030) AND (id <= 5713029))
	        ->  Bitmap Index Scan on sbtest3_pkey  (cost=0.00..33.94 rows=950 width=0)
	              Index Cond: ((id >= 5712030) AND (id <= 5713029))

table 4 : explain SELECT SUM(k) FROM sbtest4 WHERE id BETWEEN 572347 AND 573346
	Aggregate  (cost=4088.11..4088.12 rows=1 width=8)
	  ->  Index Scan using sbtest4_pkey on sbtest4  (cost=0.43..4085.49 rows=1046 width=4)
	        Index Cond: ((id >= 572347) AND (id <= 573346))

table 5 : explain SELECT SUM(k) FROM sbtest5 WHERE id BETWEEN 7978790 AND 7979789
	Aggregate  (cost=3887.82..3887.83 rows=1 width=8)
	  ->  Bitmap Heap Scan on sbtest5  (cost=34.70..3885.32 rows=1001 width=4)
	        Recheck Cond: ((id >= 7978790) AND (id <= 7979789))
	        ->  Bitmap Index Scan on sbtest5_pkey  (cost=0.00..34.45 rows=1001 width=0)
	              Index Cond: ((id >= 7978790) AND (id <= 7979789))

table 6 : explain SELECT SUM(k) FROM sbtest6 WHERE id BETWEEN 427904 AND 428903
	Aggregate  (cost=3812.62..3812.63 rows=1 width=8)
	  ->  Bitmap Heap Scan on sbtest6  (cost=34.49..3810.16 rows=981 width=4)
	        Recheck Cond: ((id >= 427904) AND (id <= 428903))
	        ->  Bitmap Index Scan on sbtest6_pkey  (cost=0.00..34.25 rows=981 width=0)
	              Index Cond: ((id >= 427904) AND (id <= 428903))

table 7 : explain SELECT SUM(k) FROM sbtest7 WHERE id BETWEEN 2857014 AND 2858013
	Aggregate  (cost=3945.38..3945.39 rows=1 width=8)
	  ->  Index Scan using sbtest7_pkey on sbtest7  (cost=0.43..3942.87 rows=1006 width=4)
	        Index Cond: ((id >= 2857014) AND (id <= 2858013))

table 8 : explain SELECT SUM(k) FROM sbtest8 WHERE id BETWEEN 9367451 AND 9368450
	Aggregate  (cost=3877.06..3877.07 rows=1 width=8)
	  ->  Bitmap Heap Scan on sbtest8  (cost=34.66..3874.57 rows=998 width=4)
	        Recheck Cond: ((id >= 9367451) AND (id <= 9368450))
	        ->  Bitmap Index Scan on sbtest8_pkey  (cost=0.00..34.42 rows=998 width=0)
	              Index Cond: ((id >= 9367451) AND (id <= 9368450))

for: sum_ranges
table 1 : explain SELECT SUM(k) FROM sbtest1 WHERE id BETWEEN 29499 AND 30498
	Aggregate  (cost=3907.75..3907.76 rows=1 width=8)
	  ->  Bitmap Heap Scan on sbtest1  (cost=34.77..3905.23 rows=1008 width=4)
	        Recheck Cond: ((id >= 29499) AND (id <= 30498))
	        ->  Bitmap Index Scan on sbtest1_pkey  (cost=0.00..34.52 rows=1008 width=0)
	              Index Cond: ((id >= 29499) AND (id <= 30498))

table 2 : explain SELECT SUM(k) FROM sbtest2 WHERE id BETWEEN 878041 AND 879040
	Aggregate  (cost=3632.06..3632.07 rows=1 width=8)
	  ->  Bitmap Heap Scan on sbtest2  (cost=34.01..3629.73 rows=934 width=4)
	        Recheck Cond: ((id >= 878041) AND (id <= 879040))
	        ->  Bitmap Index Scan on sbtest2_pkey  (cost=0.00..33.78 rows=934 width=0)
	              Index Cond: ((id >= 878041) AND (id <= 879040))

table 3 : explain SELECT SUM(k) FROM sbtest3 WHERE id BETWEEN 9943840 AND 9944839
	Aggregate  (cost=4092.04..4092.05 rows=1 width=8)
	  ->  Bitmap Heap Scan on sbtest3  (cost=35.26..4089.40 rows=1056 width=4)
	        Recheck Cond: ((id >= 9943840) AND (id <= 9944839))
	        ->  Bitmap Index Scan on sbtest3_pkey  (cost=0.00..35.00 rows=1056 width=0)
	              Index Cond: ((id >= 9943840) AND (id <= 9944839))

table 4 : explain SELECT SUM(k) FROM sbtest4 WHERE id BETWEEN 1494933 AND 1495932
	Aggregate  (cost=3878.15..3878.16 rows=1 width=8)
	  ->  Index Scan using sbtest4_pkey on sbtest4  (cost=0.43..3875.67 rows=992 width=4)
	        Index Cond: ((id >= 1494933) AND (id <= 1495932))

table 5 : explain SELECT SUM(k) FROM sbtest5 WHERE id BETWEEN 3921360 AND 3922359
	Aggregate  (cost=3865.13..3865.14 rows=1 width=8)
	  ->  Bitmap Heap Scan on sbtest5  (cost=34.63..3862.65 rows=995 width=4)
	        Recheck Cond: ((id >= 3921360) AND (id <= 3922359))
	        ->  Bitmap Index Scan on sbtest5_pkey  (cost=0.00..34.39 rows=995 width=0)
	              Index Cond: ((id >= 3921360) AND (id <= 3922359))

table 6 : explain SELECT SUM(k) FROM sbtest6 WHERE id BETWEEN 6011479 AND 6012478
	Aggregate  (cost=3536.43..3536.44 rows=1 width=8)
	  ->  Index Scan using sbtest6_pkey on sbtest6  (cost=0.43..3534.18 rows=900 width=4)
	        Index Cond: ((id >= 6011479) AND (id <= 6012478))

table 7 : explain SELECT SUM(k) FROM sbtest7 WHERE id BETWEEN 877211 AND 878210
	Aggregate  (cost=4047.23..4047.24 rows=1 width=8)
	  ->  Bitmap Heap Scan on sbtest7  (cost=35.13..4044.62 rows=1043 width=4)
	        Recheck Cond: ((id >= 877211) AND (id <= 878210))
	        ->  Bitmap Index Scan on sbtest7_pkey  (cost=0.00..34.87 rows=1043 width=0)
	              Index Cond: ((id >= 877211) AND (id <= 878210))

table 8 : explain SELECT SUM(k) FROM sbtest8 WHERE id BETWEEN 1901232 AND 1902231
	Aggregate  (cost=4164.17..4164.18 rows=1 width=8)
	  ->  Bitmap Heap Scan on sbtest8  (cost=35.44..4161.49 rows=1074 width=4)
	        Recheck Cond: ((id >= 1901232) AND (id <= 1902231))
	        ->  Bitmap Index Scan on sbtest8_pkey  (cost=0.00..35.18 rows=1074 width=0)
	              Index Cond: ((id >= 1901232) AND (id <= 1902231))

for: distinct_ranges
table 1 : explain SELECT DISTINCT c FROM sbtest1 WHERE id BETWEEN 3690458 AND 3691457 ORDER BY c
	Unique  (cost=3871.34..3876.27 rows=986 width=121)
	  ->  Sort  (cost=3871.34..3873.80 rows=986 width=121)
	        Sort Key: c
	        ->  Bitmap Heap Scan on sbtest1  (cost=34.54..3822.31 rows=986 width=121)
	              Recheck Cond: ((id >= 3690458) AND (id <= 3691457))
	              ->  Bitmap Index Scan on sbtest1_pkey  (cost=0.00..34.30 rows=986 width=0)
	                    Index Cond: ((id >= 3690458) AND (id <= 3691457))

table 2 : explain SELECT DISTINCT c FROM sbtest2 WHERE id BETWEEN 7456845 AND 7457844 ORDER BY c
	Unique  (cost=3829.32..3834.19 rows=974 width=121)
	  ->  Sort  (cost=3829.32..3831.76 rows=974 width=121)
	        Sort Key: c
	        ->  Bitmap Heap Scan on sbtest2  (cost=34.42..3780.97 rows=974 width=121)
	              Recheck Cond: ((id >= 7456845) AND (id <= 7457844))
	              ->  Bitmap Index Scan on sbtest2_pkey  (cost=0.00..34.18 rows=974 width=0)
	                    Index Cond: ((id >= 7456845) AND (id <= 7457844))

table 3 : explain SELECT DISTINCT c FROM sbtest3 WHERE id BETWEEN 582105 AND 583104 ORDER BY c
	Unique  (cost=3625.08..3629.68 rows=921 width=121)
	  ->  Sort  (cost=3625.08..3627.38 rows=921 width=121)
	        Sort Key: c
	        ->  Bitmap Heap Scan on sbtest3  (cost=33.88..3579.73 rows=921 width=121)
	              Recheck Cond: ((id >= 582105) AND (id <= 583104))
	              ->  Bitmap Index Scan on sbtest3_pkey  (cost=0.00..33.65 rows=921 width=0)
	                    Index Cond: ((id >= 582105) AND (id <= 583104))

table 4 : explain SELECT DISTINCT c FROM sbtest4 WHERE id BETWEEN 9049851 AND 9050850 ORDER BY c
	Unique  (cost=3739.72..3744.44 rows=945 width=121)
	  ->  Sort  (cost=3739.72..3742.08 rows=945 width=121)
	        Sort Key: c
	        ->  Index Scan using sbtest4_pkey on sbtest4  (cost=0.43..3693.01 rows=945 width=121)
	              Index Cond: ((id >= 9049851) AND (id <= 9050850))

table 5 : explain SELECT DISTINCT c FROM sbtest5 WHERE id BETWEEN 1452009 AND 1453008 ORDER BY c
	Unique  (cost=3988.90..3993.97 rows=1015 width=121)
	  ->  Sort  (cost=3988.90..3991.43 rows=1015 width=121)
	        Sort Key: c
	        ->  Bitmap Heap Scan on sbtest5  (cost=34.84..3938.21 rows=1015 width=121)
	              Recheck Cond: ((id >= 1452009) AND (id <= 1453008))
	              ->  Bitmap Index Scan on sbtest5_pkey  (cost=0.00..34.59 rows=1015 width=0)
	                    Index Cond: ((id >= 1452009) AND (id <= 1453008))

table 6 : explain SELECT DISTINCT c FROM sbtest6 WHERE id BETWEEN 9743010 AND 9744009 ORDER BY c
	Unique  (cost=3785.95..3790.76 rows=962 width=121)
	  ->  Sort  (cost=3785.95..3788.36 rows=962 width=121)
	        Sort Key: c
	        ->  Bitmap Heap Scan on sbtest6  (cost=34.30..3738.29 rows=962 width=121)
	              Recheck Cond: ((id >= 9743010) AND (id <= 9744009))
	              ->  Bitmap Index Scan on sbtest6_pkey  (cost=0.00..34.06 rows=962 width=0)
	                    Index Cond: ((id >= 9743010) AND (id <= 9744009))

table 7 : explain SELECT DISTINCT c FROM sbtest7 WHERE id BETWEEN 9113919 AND 9114918 ORDER BY c
	Unique  (cost=4142.89..4148.16 rows=1055 width=121)
	  ->  Sort  (cost=4142.89..4145.52 rows=1055 width=121)
	        Sort Key: c
	        ->  Bitmap Heap Scan on sbtest7  (cost=35.25..4089.91 rows=1055 width=121)
	              Recheck Cond: ((id >= 9113919) AND (id <= 9114918))
	              ->  Bitmap Index Scan on sbtest7_pkey  (cost=0.00..34.98 rows=1055 width=0)
	                    Index Cond: ((id >= 9113919) AND (id <= 9114918))

table 8 : explain SELECT DISTINCT c FROM sbtest8 WHERE id BETWEEN 2133717 AND 2134716 ORDER BY c
	Unique  (cost=3787.88..3792.65 rows=953 width=121)
	  ->  Sort  (cost=3787.88..3790.27 rows=953 width=121)
	        Sort Key: c
	        ->  Index Scan using sbtest8_pkey on sbtest8  (cost=0.43..3740.73 rows=953 width=121)
	              Index Cond: ((id >= 2133717) AND (id <= 2134716))

explain: for point_selects :: explain SELECT c FROM sbtest%u WHERE id=%u
for: sum_ranges
table 1 : explain SELECT SUM(k) FROM sbtest1 WHERE id BETWEEN 2797571 AND 2798570
	Aggregate  (cost=3703.96..3703.97 rows=1 width=8)
	  ->  Bitmap Heap Scan on sbtest1  (cost=34.21..3701.57 rows=954 width=4)
	        Recheck Cond: ((id >= 2797571) AND (id <= 2798570))
	        ->  Bitmap Index Scan on sbtest1_pkey  (cost=0.00..33.98 rows=954 width=0)
	              Index Cond: ((id >= 2797571) AND (id <= 2798570))

table 2 : explain SELECT SUM(k) FROM sbtest2 WHERE id BETWEEN 3315972 AND 3316971
	Aggregate  (cost=4100.57..4100.58 rows=1 width=8)
	  ->  Bitmap Heap Scan on sbtest2  (cost=35.28..4097.93 rows=1058 width=4)
	        Recheck Cond: ((id >= 3315972) AND (id <= 3316971))
	        ->  Bitmap Index Scan on sbtest2_pkey  (cost=0.00..35.02 rows=1058 width=0)
	              Index Cond: ((id >= 3315972) AND (id <= 3316971))

table 3 : explain SELECT SUM(k) FROM sbtest3 WHERE id BETWEEN 2576011 AND 2577010
	Aggregate  (cost=3756.07..3756.08 rows=1 width=8)
	  ->  Bitmap Heap Scan on sbtest3  (cost=34.35..3753.66 rows=967 width=4)
	        Recheck Cond: ((id >= 2576011) AND (id <= 2577010))
	        ->  Bitmap Index Scan on sbtest3_pkey  (cost=0.00..34.11 rows=967 width=0)
	              Index Cond: ((id >= 2576011) AND (id <= 2577010))

table 4 : explain SELECT SUM(k) FROM sbtest4 WHERE id BETWEEN 4110264 AND 4111263
	Aggregate  (cost=3983.15..3983.16 rows=1 width=8)
	  ->  Index Scan using sbtest4_pkey on sbtest4  (cost=0.43..3980.60 rows=1019 width=4)
	        Index Cond: ((id >= 4110264) AND (id <= 4111263))

table 5 : explain SELECT SUM(k) FROM sbtest5 WHERE id BETWEEN 6060774 AND 6061773
	Aggregate  (cost=3797.04..3797.05 rows=1 width=8)
	  ->  Bitmap Heap Scan on sbtest5  (cost=34.45..3794.60 rows=977 width=4)
	        Recheck Cond: ((id >= 6060774) AND (id <= 6061773))
	        ->  Bitmap Index Scan on sbtest5_pkey  (cost=0.00..34.20 rows=977 width=0)
	              Index Cond: ((id >= 6060774) AND (id <= 6061773))

table 6 : explain SELECT SUM(k) FROM sbtest6 WHERE id BETWEEN 556093 AND 557092
	Aggregate  (cost=4390.43..4390.44 rows=1 width=8)
	  ->  Bitmap Heap Scan on sbtest6  (cost=40.05..4387.60 rows=1133 width=4)
	        Recheck Cond: ((id >= 556093) AND (id <= 557092))
	        ->  Bitmap Index Scan on sbtest6_pkey  (cost=0.00..39.77 rows=1133 width=0)
	              Index Cond: ((id >= 556093) AND (id <= 557092))

table 7 : explain SELECT SUM(k) FROM sbtest7 WHERE id BETWEEN 6679749 AND 6680748
	Aggregate  (cost=3746.44..3746.45 rows=1 width=8)
	  ->  Index Scan using sbtest7_pkey on sbtest7  (cost=0.43..3744.05 rows=955 width=4)
	        Index Cond: ((id >= 6679749) AND (id <= 6680748))

table 8 : explain SELECT SUM(k) FROM sbtest8 WHERE id BETWEEN 7356773 AND 7357772
	Aggregate  (cost=3812.74..3812.75 rows=1 width=8)
	  ->  Bitmap Heap Scan on sbtest8  (cost=34.49..3810.29 rows=981 width=4)
	        Recheck Cond: ((id >= 7356773) AND (id <= 7357772))
	        ->  Bitmap Index Scan on sbtest8_pkey  (cost=0.00..34.25 rows=981 width=0)
	              Index Cond: ((id >= 7356773) AND (id <= 7357772))

for: sum_ranges
table 1 : explain SELECT SUM(k) FROM sbtest1 WHERE id BETWEEN 3078293 AND 3079292
	Aggregate  (cost=3900.21..3900.22 rows=1 width=8)
	  ->  Bitmap Heap Scan on sbtest1  (cost=34.75..3897.70 rows=1006 width=4)
	        Recheck Cond: ((id >= 3078293) AND (id <= 3079292))
	        ->  Bitmap Index Scan on sbtest1_pkey  (cost=0.00..34.50 rows=1006 width=0)
	              Index Cond: ((id >= 3078293) AND (id <= 3079292))

table 2 : explain SELECT SUM(k) FROM sbtest2 WHERE id BETWEEN 7517320 AND 7518319
	Aggregate  (cost=4070.40..4070.41 rows=1 width=8)
	  ->  Bitmap Heap Scan on sbtest2  (cost=35.20..4067.78 rows=1050 width=4)
	        Recheck Cond: ((id >= 7517320) AND (id <= 7518319))
	        ->  Bitmap Index Scan on sbtest2_pkey  (cost=0.00..34.94 rows=1050 width=0)
	              Index Cond: ((id >= 7517320) AND (id <= 7518319))

table 3 : explain SELECT SUM(k) FROM sbtest3 WHERE id BETWEEN 2908213 AND 2909212
	Aggregate  (cost=3869.43..3869.44 rows=1 width=8)
	  ->  Bitmap Heap Scan on sbtest3  (cost=34.65..3866.94 rows=997 width=4)
	        Recheck Cond: ((id >= 2908213) AND (id <= 2909212))
	        ->  Bitmap Index Scan on sbtest3_pkey  (cost=0.00..34.41 rows=997 width=0)
	              Index Cond: ((id >= 2908213) AND (id <= 2909212))

table 4 : explain SELECT SUM(k) FROM sbtest4 WHERE id BETWEEN 7075162 AND 7076161
	Aggregate  (cost=3605.93..3605.94 rows=1 width=8)
	  ->  Index Scan using sbtest4_pkey on sbtest4  (cost=0.43..3603.63 rows=922 width=4)
	        Index Cond: ((id >= 7075162) AND (id <= 7076161))

table 5 : explain SELECT SUM(k) FROM sbtest5 WHERE id BETWEEN 8892156 AND 8893155
	Aggregate  (cost=3808.39..3808.40 rows=1 width=8)
	  ->  Bitmap Heap Scan on sbtest5  (cost=34.48..3805.94 rows=980 width=4)
	        Recheck Cond: ((id >= 8892156) AND (id <= 8893155))
	        ->  Bitmap Index Scan on sbtest5_pkey  (cost=0.00..34.23 rows=980 width=0)
	              Index Cond: ((id >= 8892156) AND (id <= 8893155))

table 6 : explain SELECT SUM(k) FROM sbtest6 WHERE id BETWEEN 9757556 AND 9758555
	Aggregate  (cost=3740.69..3740.70 rows=1 width=8)
	  ->  Bitmap Heap Scan on sbtest6  (cost=34.30..3738.29 rows=962 width=4)
	        Recheck Cond: ((id >= 9757556) AND (id <= 9758555))
	        ->  Bitmap Index Scan on sbtest6_pkey  (cost=0.00..34.06 rows=962 width=0)
	              Index Cond: ((id >= 9757556) AND (id <= 9758555))

table 7 : explain SELECT SUM(k) FROM sbtest7 WHERE id BETWEEN 4039112 AND 4040111
	Aggregate  (cost=3990.56..3990.57 rows=1 width=8)
	  ->  Bitmap Heap Scan on sbtest7  (cost=34.97..3987.99 rows=1028 width=4)
	        Recheck Cond: ((id >= 4039112) AND (id <= 4040111))
	        ->  Bitmap Index Scan on sbtest7_pkey  (cost=0.00..34.72 rows=1028 width=0)
	              Index Cond: ((id >= 4039112) AND (id <= 4040111))

table 8 : explain SELECT SUM(k) FROM sbtest8 WHERE id BETWEEN 7624719 AND 7625718
	Aggregate  (cost=3754.82..3754.83 rows=1 width=8)
	  ->  Index Scan using sbtest8_pkey on sbtest8  (cost=0.43..3752.43 rows=956 width=4)
	        Index Cond: ((id >= 7624719) AND (id <= 7625718))

for: sum_ranges
table 1 : explain SELECT SUM(k) FROM sbtest1 WHERE id BETWEEN 8691852 AND 8692851
	Aggregate  (cost=3685.07..3685.08 rows=1 width=8)
	  ->  Bitmap Heap Scan on sbtest1  (cost=34.16..3682.69 rows=949 width=4)
	        Recheck Cond: ((id >= 8691852) AND (id <= 8692851))
	        ->  Bitmap Index Scan on sbtest1_pkey  (cost=0.00..33.93 rows=949 width=0)
	              Index Cond: ((id >= 8691852) AND (id <= 8692851))

table 2 : explain SELECT SUM(k) FROM sbtest2 WHERE id BETWEEN 9449969 AND 9450968
	Aggregate  (cost=3468.93..3468.94 rows=1 width=8)
	  ->  Bitmap Heap Scan on sbtest2  (cost=29.58..3466.70 rows=892 width=4)
	        Recheck Cond: ((id >= 9449969) AND (id <= 9450968))
	        ->  Bitmap Index Scan on sbtest2_pkey  (cost=0.00..29.36 rows=892 width=0)
	              Index Cond: ((id >= 9449969) AND (id <= 9450968))

table 3 : explain SELECT SUM(k) FROM sbtest3 WHERE id BETWEEN 131508 AND 132507
	Aggregate  (cost=3975.13..3975.14 rows=1 width=8)
	  ->  Bitmap Heap Scan on sbtest3  (cost=34.94..3972.57 rows=1025 width=4)
	        Recheck Cond: ((id >= 131508) AND (id <= 132507))
	        ->  Bitmap Index Scan on sbtest3_pkey  (cost=0.00..34.69 rows=1025 width=0)
	              Index Cond: ((id >= 131508) AND (id <= 132507))

table 4 : explain SELECT SUM(k) FROM sbtest4 WHERE id BETWEEN 5054345 AND 5055344
	Aggregate  (cost=4138.68..4138.69 rows=1 width=8)
	  ->  Index Scan using sbtest4_pkey on sbtest4  (cost=0.43..4136.03 rows=1059 width=4)
	        Index Cond: ((id >= 5054345) AND (id <= 5055344))

table 5 : explain SELECT SUM(k) FROM sbtest5 WHERE id BETWEEN 8793549 AND 8794548
	Aggregate  (cost=3797.04..3797.05 rows=1 width=8)
	  ->  Bitmap Heap Scan on sbtest5  (cost=34.45..3794.60 rows=977 width=4)
	        Recheck Cond: ((id >= 8793549) AND (id <= 8794548))
	        ->  Bitmap Index Scan on sbtest5_pkey  (cost=0.00..34.20 rows=977 width=0)
	              Index Cond: ((id >= 8793549) AND (id <= 8794548))

table 6 : explain SELECT SUM(k) FROM sbtest6 WHERE id BETWEEN 6331561 AND 6332560
	Aggregate  (cost=4231.93..4231.94 rows=1 width=8)
	  ->  Bitmap Heap Scan on sbtest6  (cost=35.63..4229.20 rows=1092 width=4)
	        Recheck Cond: ((id >= 6331561) AND (id <= 6332560))
	        ->  Bitmap Index Scan on sbtest6_pkey  (cost=0.00..35.36 rows=1092 width=0)
	              Index Cond: ((id >= 6331561) AND (id <= 6332560))

table 7 : explain SELECT SUM(k) FROM sbtest7 WHERE id BETWEEN 4850525 AND 4851524
	Aggregate  (cost=3879.08..3879.09 rows=1 width=8)
	  ->  Index Scan using sbtest7_pkey on sbtest7  (cost=0.43..3876.61 rows=989 width=4)
	        Index Cond: ((id >= 4850525) AND (id <= 4851524))

table 8 : explain SELECT SUM(k) FROM sbtest8 WHERE id BETWEEN 702570 AND 703569
	Aggregate  (cost=3971.58..3971.59 rows=1 width=8)
	  ->  Bitmap Heap Scan on sbtest8  (cost=34.92..3969.02 rows=1023 width=4)
	        Recheck Cond: ((id >= 702570) AND (id <= 703569))
	        ->  Bitmap Index Scan on sbtest8_pkey  (cost=0.00..34.67 rows=1023 width=0)
	              Index Cond: ((id >= 702570) AND (id <= 703569))

for: order_ranges
table 1 : explain SELECT c FROM sbtest1 WHERE id BETWEEN 9514679 AND 9515678 ORDER BY c
	Sort  (cost=4035.82..4038.39 rows=1029 width=121)
	  Sort Key: c
	  ->  Bitmap Heap Scan on sbtest1  (cost=34.98..3984.34 rows=1029 width=121)
	        Recheck Cond: ((id >= 9514679) AND (id <= 9515678))
	        ->  Bitmap Index Scan on sbtest1_pkey  (cost=0.00..34.73 rows=1029 width=0)
	              Index Cond: ((id >= 9514679) AND (id <= 9515678))

table 2 : explain SELECT c FROM sbtest2 WHERE id BETWEEN 9438883 AND 9439882 ORDER BY c
	Sort  (cost=3510.41..3512.64 rows=892 width=121)
	  Sort Key: c
	  ->  Bitmap Heap Scan on sbtest2  (cost=29.58..3466.70 rows=892 width=121)
	        Recheck Cond: ((id >= 9438883) AND (id <= 9439882))
	        ->  Bitmap Index Scan on sbtest2_pkey  (cost=0.00..29.36 rows=892 width=0)
	              Index Cond: ((id >= 9438883) AND (id <= 9439882))

table 3 : explain SELECT c FROM sbtest3 WHERE id BETWEEN 3106741 AND 3107740 ORDER BY c
	Sort  (cost=4188.32..4190.99 rows=1068 width=121)
	  Sort Key: c
	  ->  Bitmap Heap Scan on sbtest3  (cost=35.38..4134.60 rows=1068 width=121)
	        Recheck Cond: ((id >= 3106741) AND (id <= 3107740))
	        ->  Bitmap Index Scan on sbtest3_pkey  (cost=0.00..35.12 rows=1068 width=0)
	              Index Cond: ((id >= 3106741) AND (id <= 3107740))

table 4 : explain SELECT c FROM sbtest4 WHERE id BETWEEN 6884082 AND 6885081 ORDER BY c
	Sort  (cost=4051.22..4053.78 rows=1024 width=121)
	  Sort Key: c
	  ->  Index Scan using sbtest4_pkey on sbtest4  (cost=0.43..4000.02 rows=1024 width=121)
	        Index Cond: ((id >= 6884082) AND (id <= 6885081))

table 5 : explain SELECT c FROM sbtest5 WHERE id BETWEEN 2505004 AND 2506003 ORDER BY c
	Sort  (cost=4046.39..4048.97 rows=1030 width=121)
	  Sort Key: c
	  ->  Bitmap Heap Scan on sbtest5  (cost=34.99..3994.85 rows=1030 width=121)
	        Recheck Cond: ((id >= 2505004) AND (id <= 2506003))
	        ->  Bitmap Index Scan on sbtest5_pkey  (cost=0.00..34.73 rows=1030 width=0)
	              Index Cond: ((id >= 2505004) AND (id <= 2506003))

table 6 : explain SELECT c FROM sbtest6 WHERE id BETWEEN 279259 AND 280258 ORDER BY c
	Sort  (cost=4054.54..4057.12 rows=1032 width=121)
	  Sort Key: c
	  ->  Bitmap Heap Scan on sbtest6  (cost=35.01..4002.88 rows=1032 width=121)
	        Recheck Cond: ((id >= 279259) AND (id <= 280258))
	        ->  Bitmap Index Scan on sbtest6_pkey  (cost=0.00..34.76 rows=1032 width=0)
	              Index Cond: ((id >= 279259) AND (id <= 280258))

table 7 : explain SELECT c FROM sbtest7 WHERE id BETWEEN 2138749 AND 2139748 ORDER BY c
	Sort  (cost=3977.22..3979.73 rows=1002 width=121)
	  Sort Key: c
	  ->  Index Scan using sbtest7_pkey on sbtest7  (cost=0.43..3927.28 rows=1002 width=121)
	        Index Cond: ((id >= 2138749) AND (id <= 2139748))

table 8 : explain SELECT c FROM sbtest8 WHERE id BETWEEN 7539222 AND 7540221 ORDER BY c
	Sort  (cost=3795.80..3798.19 rows=955 width=121)
	  Sort Key: c
	  ->  Index Scan using sbtest8_pkey on sbtest8  (cost=0.43..3748.53 rows=955 width=121)
	        Index Cond: ((id >= 7539222) AND (id <= 7540221))

for point_selects
table 1 : explain SELECT c FROM sbtest1 WHERE id=7047146
	Index Scan using sbtest1_pkey on sbtest1  (cost=0.43..8.45 rows=1 width=121)
	  Index Cond: (id = 7047146)

table 2 : explain SELECT c FROM sbtest2 WHERE id=9203581
	Index Scan using sbtest2_pkey on sbtest2  (cost=0.43..8.45 rows=1 width=121)
	  Index Cond: (id = 9203581)

table 3 : explain SELECT c FROM sbtest3 WHERE id=8307703
	Index Scan using sbtest3_pkey on sbtest3  (cost=0.43..8.45 rows=1 width=121)
	  Index Cond: (id = 8307703)

table 4 : explain SELECT c FROM sbtest4 WHERE id=2577446
	Index Scan using sbtest4_pkey on sbtest4  (cost=0.43..8.45 rows=1 width=121)
	  Index Cond: (id = 2577446)

table 5 : explain SELECT c FROM sbtest5 WHERE id=9335460
	Index Scan using sbtest5_pkey on sbtest5  (cost=0.43..8.45 rows=1 width=121)
	  Index Cond: (id = 9335460)

table 6 : explain SELECT c FROM sbtest6 WHERE id=1507305
	Index Scan using sbtest6_pkey on sbtest6  (cost=0.43..8.45 rows=1 width=121)
	  Index Cond: (id = 1507305)

table 7 : explain SELECT c FROM sbtest7 WHERE id=4764951
	Index Scan using sbtest7_pkey on sbtest7  (cost=0.43..8.45 rows=1 width=121)
	  Index Cond: (id = 4764951)

table 8 : explain SELECT c FROM sbtest8 WHERE id=4646049
	Index Scan using sbtest8_pkey on sbtest8  (cost=0.43..8.45 rows=1 width=121)
	  Index Cond: (id = 4646049)

for: order_ranges
table 1 : explain SELECT c FROM sbtest1 WHERE id BETWEEN 1923137 AND 1924136 ORDER BY c
	Sort  (cost=3940.22..3942.73 rows=1004 width=121)
	  Sort Key: c
	  ->  Bitmap Heap Scan on sbtest1  (cost=34.73..3890.16 rows=1004 width=121)
	        Recheck Cond: ((id >= 1923137) AND (id <= 1924136))
	        ->  Bitmap Index Scan on sbtest1_pkey  (cost=0.00..34.48 rows=1004 width=0)
	              Index Cond: ((id >= 1923137) AND (id <= 1924136))

table 2 : explain SELECT c FROM sbtest2 WHERE id BETWEEN 2498066 AND 2499065 ORDER BY c
	Sort  (cost=3587.30..3589.58 rows=912 width=121)
	  Sort Key: c
	  ->  Bitmap Heap Scan on sbtest2  (cost=29.78..3542.46 rows=912 width=121)
	        Recheck Cond: ((id >= 2498066) AND (id <= 2499065))
	        ->  Bitmap Index Scan on sbtest2_pkey  (cost=0.00..29.55 rows=912 width=0)
	              Index Cond: ((id >= 2498066) AND (id <= 2499065))

table 3 : explain SELECT c FROM sbtest3 WHERE id BETWEEN 5680697 AND 5681696 ORDER BY c
	Sort  (cost=3736.40..3738.77 rows=950 width=121)
	  Sort Key: c
	  ->  Bitmap Heap Scan on sbtest3  (cost=34.17..3689.41 rows=950 width=121)
	        Recheck Cond: ((id >= 5680697) AND (id <= 5681696))
	        ->  Bitmap Index Scan on sbtest3_pkey  (cost=0.00..33.94 rows=950 width=0)
	              Index Cond: ((id >= 5680697) AND (id <= 5681696))

table 4 : explain SELECT c FROM sbtest4 WHERE id BETWEEN 7935582 AND 7936581 ORDER BY c
	Sort  (cost=3613.56..3615.84 rows=913 width=121)
	  Sort Key: c
	  ->  Index Scan using sbtest4_pkey on sbtest4  (cost=0.43..3568.66 rows=913 width=121)
	        Index Cond: ((id >= 7935582) AND (id <= 7936581))

table 5 : explain SELECT c FROM sbtest5 WHERE id BETWEEN 1620365 AND 1621364 ORDER BY c
	Sort  (cost=3969.72..3972.25 rows=1010 width=121)
	  Sort Key: c
	  ->  Bitmap Heap Scan on sbtest5  (cost=34.79..3919.32 rows=1010 width=121)
	        Recheck Cond: ((id >= 1620365) AND (id <= 1621364))
	        ->  Bitmap Index Scan on sbtest5_pkey  (cost=0.00..34.54 rows=1010 width=0)
	              Index Cond: ((id >= 1620365) AND (id <= 1621364))

table 6 : explain SELECT c FROM sbtest6 WHERE id BETWEEN 3191734 AND 3192733 ORDER BY c
	Sort  (cost=3574.38..3576.62 rows=899 width=121)
	  Sort Key: c
	  ->  Index Scan using sbtest6_pkey on sbtest6  (cost=0.43..3530.27 rows=899 width=121)
	        Index Cond: ((id >= 3191734) AND (id <= 3192733))

table 7 : explain SELECT c FROM sbtest7 WHERE id BETWEEN 6452358 AND 6453357 ORDER BY c
	Sort  (cost=3811.09..3813.49 rows=960 width=121)
	  Sort Key: c
	  ->  Index Scan using sbtest7_pkey on sbtest7  (cost=0.43..3763.54 rows=960 width=121)
	        Index Cond: ((id >= 6452358) AND (id <= 6453357))

table 8 : explain SELECT c FROM sbtest8 WHERE id BETWEEN 9189176 AND 9190175 ORDER BY c
	Sort  (cost=4066.17..4068.76 rows=1035 width=121)
	  Sort Key: c
	  ->  Bitmap Heap Scan on sbtest8  (cost=35.04..4014.34 rows=1035 width=121)
	        Recheck Cond: ((id >= 9189176) AND (id <= 9190175))
	        ->  Bitmap Index Scan on sbtest8_pkey  (cost=0.00..34.79 rows=1035 width=0)
	              Index Cond: ((id >= 9189176) AND (id <= 9190175))

for: sum_ranges
table 1 : explain SELECT SUM(k) FROM sbtest1 WHERE id BETWEEN 5527384 AND 5528383
	Aggregate  (cost=3726.62..3726.63 rows=1 width=8)
	  ->  Bitmap Heap Scan on sbtest1  (cost=34.28..3724.22 rows=960 width=4)
	        Recheck Cond: ((id >= 5527384) AND (id <= 5528383))
	        ->  Bitmap Index Scan on sbtest1_pkey  (cost=0.00..34.04 rows=960 width=0)
	              Index Cond: ((id >= 5527384) AND (id <= 5528383))

table 2 : explain SELECT SUM(k) FROM sbtest2 WHERE id BETWEEN 411892 AND 412891
	Aggregate  (cost=3764.50..3764.51 rows=1 width=8)
	  ->  Bitmap Heap Scan on sbtest2  (cost=34.37..3762.08 rows=969 width=4)
	        Recheck Cond: ((id >= 411892) AND (id <= 412891))
	        ->  Bitmap Index Scan on sbtest2_pkey  (cost=0.00..34.12 rows=969 width=0)
	              Index Cond: ((id >= 411892) AND (id <= 412891))

table 3 : explain SELECT SUM(k) FROM sbtest3 WHERE id BETWEEN 4889565 AND 4890564
	Aggregate  (cost=4076.97..4076.98 rows=1 width=8)
	  ->  Bitmap Heap Scan on sbtest3  (cost=35.22..4074.34 rows=1052 width=4)
	        Recheck Cond: ((id >= 4889565) AND (id <= 4890564))
	        ->  Bitmap Index Scan on sbtest3_pkey  (cost=0.00..34.95 rows=1052 width=0)
	              Index Cond: ((id >= 4889565) AND (id <= 4890564))

table 4 : explain SELECT SUM(k) FROM sbtest4 WHERE id BETWEEN 2432653 AND 2433652
	Aggregate  (cost=3699.26..3699.27 rows=1 width=8)
	  ->  Index Scan using sbtest4_pkey on sbtest4  (cost=0.43..3696.90 rows=946 width=4)
	        Index Cond: ((id >= 2432653) AND (id <= 2433652))

table 5 : explain SELECT SUM(k) FROM sbtest5 WHERE id BETWEEN 6237331 AND 6238330
	Aggregate  (cost=4299.48..4299.49 rows=1 width=8)
	  ->  Bitmap Heap Scan on sbtest5  (cost=39.80..4296.71 rows=1109 width=4)
	        Recheck Cond: ((id >= 6237331) AND (id <= 6238330))
	        ->  Bitmap Index Scan on sbtest5_pkey  (cost=0.00..39.53 rows=1109 width=0)
	              Index Cond: ((id >= 6237331) AND (id <= 6238330))

table 6 : explain SELECT SUM(k) FROM sbtest6 WHERE id BETWEEN 2909613 AND 2910612
	Aggregate  (cost=4443.15..4443.16 rows=1 width=8)
	  ->  Bitmap Heap Scan on sbtest6  (cost=40.19..4440.28 rows=1147 width=4)
	        Recheck Cond: ((id >= 2909613) AND (id <= 2910612))
	        ->  Bitmap Index Scan on sbtest6_pkey  (cost=0.00..39.91 rows=1147 width=0)
	              Index Cond: ((id >= 2909613) AND (id <= 2910612))

table 7 : explain SELECT SUM(k) FROM sbtest7 WHERE id BETWEEN 5085666 AND 5086665
	Aggregate  (cost=3789.34..3789.35 rows=1 width=8)
	  ->  Index Scan using sbtest7_pkey on sbtest7  (cost=0.43..3786.93 rows=966 width=4)
	        Index Cond: ((id >= 5085666) AND (id <= 5086665))

table 8 : explain SELECT SUM(k) FROM sbtest8 WHERE id BETWEEN 7653189 AND 7654188
	Aggregate  (cost=3754.82..3754.83 rows=1 width=8)
	  ->  Index Scan using sbtest8_pkey on sbtest8  (cost=0.43..3752.43 rows=956 width=4)
	        Index Cond: ((id >= 7653189) AND (id <= 7654188))

for: order_ranges
table 1 : explain SELECT c FROM sbtest1 WHERE id BETWEEN 5549771 AND 5550770 ORDER BY c
	Sort  (cost=3771.77..3774.17 rows=960 width=121)
	  Sort Key: c
	  ->  Bitmap Heap Scan on sbtest1  (cost=34.28..3724.22 rows=960 width=121)
	        Recheck Cond: ((id >= 5549771) AND (id <= 5550770))
	        ->  Bitmap Index Scan on sbtest1_pkey  (cost=0.00..34.04 rows=960 width=0)
	              Index Cond: ((id >= 5549771) AND (id <= 5550770))

table 2 : explain SELECT c FROM sbtest2 WHERE id BETWEEN 9495059 AND 9496058 ORDER BY c
	Sort  (cost=3767.94..3770.33 rows=958 width=121)
	  Sort Key: c
	  ->  Bitmap Heap Scan on sbtest2  (cost=34.25..3720.50 rows=958 width=121)
	        Recheck Cond: ((id >= 9495059) AND (id <= 9496058))
	        ->  Bitmap Index Scan on sbtest2_pkey  (cost=0.00..34.02 rows=958 width=0)
	              Index Cond: ((id >= 9495059) AND (id <= 9496058))

table 3 : explain SELECT c FROM sbtest3 WHERE id BETWEEN 7753572 AND 7754571 ORDER BY c
	Sort  (cost=3640.44..3642.75 rows=925 width=121)
	  Sort Key: c
	  ->  Bitmap Heap Scan on sbtest3  (cost=33.92..3594.86 rows=925 width=121)
	        Recheck Cond: ((id >= 7753572) AND (id <= 7754571))
	        ->  Bitmap Index Scan on sbtest3_pkey  (cost=0.00..33.69 rows=925 width=0)
	              Index Cond: ((id >= 7753572) AND (id <= 7754571))

table 4 : explain SELECT c FROM sbtest4 WHERE id BETWEEN 1349769 AND 1350768 ORDER BY c
	Sort  (cost=4031.51..4034.06 rows=1019 width=121)
	  Sort Key: c
	  ->  Index Scan using sbtest4_pkey on sbtest4  (cost=0.43..3980.60 rows=1019 width=121)
	        Index Cond: ((id >= 1349769) AND (id <= 1350768))

table 5 : explain SELECT c FROM sbtest5 WHERE id BETWEEN 1522778 AND 1523777 ORDER BY c
	Sort  (cost=3912.19..3914.68 rows=995 width=121)
	  Sort Key: c
	  ->  Bitmap Heap Scan on sbtest5  (cost=34.63..3862.65 rows=995 width=121)
	        Recheck Cond: ((id >= 1522778) AND (id <= 1523777))
	        ->  Bitmap Index Scan on sbtest5_pkey  (cost=0.00..34.39 rows=995 width=0)
	              Index Cond: ((id >= 1522778) AND (id <= 1523777))

table 6 : explain SELECT c FROM sbtest6 WHERE id BETWEEN 4580408 AND 4581407 ORDER BY c
	Sort  (cost=3901.13..3903.61 rows=992 width=121)
	  Sort Key: c
	  ->  Bitmap Heap Scan on sbtest6  (cost=34.60..3851.76 rows=992 width=121)
	        Recheck Cond: ((id >= 4580408) AND (id <= 4581407))
	        ->  Bitmap Index Scan on sbtest6_pkey  (cost=0.00..34.36 rows=992 width=0)
	              Index Cond: ((id >= 4580408) AND (id <= 4581407))

table 7 : explain SELECT c FROM sbtest7 WHERE id BETWEEN 2470449 AND 2471448 ORDER BY c
	Sort  (cost=4000.95..4003.47 rows=1008 width=121)
	  Sort Key: c
	  ->  Index Scan using sbtest7_pkey on sbtest7  (cost=0.43..3950.66 rows=1008 width=121)
	        Index Cond: ((id >= 2470449) AND (id <= 2471448))

table 8 : explain SELECT c FROM sbtest8 WHERE id BETWEEN 9262538 AND 9263537 ORDER BY c
	Sort  (cost=4039.34..4041.91 rows=1028 width=121)
	  Sort Key: c
	  ->  Bitmap Heap Scan on sbtest8  (cost=34.97..3987.91 rows=1028 width=121)
	        Recheck Cond: ((id >= 9262538) AND (id <= 9263537))
	        ->  Bitmap Index Scan on sbtest8_pkey  (cost=0.00..34.72 rows=1028 width=0)
	              Index Cond: ((id >= 9262538) AND (id <= 9263537))

explain: for point_selects :: explain SELECT c FROM sbtest%u WHERE id=%u
for: simple_ranges
table 1 : explain SELECT c FROM sbtest1 WHERE id BETWEEN 2927327 AND 2928326
	Bitmap Heap Scan on sbtest1  (cost=35.44..4153.65 rows=1074 width=121)
	  Recheck Cond: ((id >= 2927327) AND (id <= 2928326))
	  ->  Bitmap Index Scan on sbtest1_pkey  (cost=0.00..35.18 rows=1074 width=0)
	        Index Cond: ((id >= 2927327) AND (id <= 2928326))

table 2 : explain SELECT c FROM sbtest2 WHERE id BETWEEN 2586385 AND 2587384
	Bitmap Heap Scan on sbtest2  (cost=29.78..3542.46 rows=912 width=121)
	  Recheck Cond: ((id >= 2586385) AND (id <= 2587384))
	  ->  Bitmap Index Scan on sbtest2_pkey  (cost=0.00..29.55 rows=912 width=0)
	        Index Cond: ((id >= 2586385) AND (id <= 2587384))

table 3 : explain SELECT c FROM sbtest3 WHERE id BETWEEN 9499865 AND 9500864
	Bitmap Heap Scan on sbtest3  (cost=35.22..4074.34 rows=1052 width=121)
	  Recheck Cond: ((id >= 9499865) AND (id <= 9500864))
	  ->  Bitmap Index Scan on sbtest3_pkey  (cost=0.00..34.95 rows=1052 width=0)
	        Index Cond: ((id >= 9499865) AND (id <= 9500864))

table 4 : explain SELECT c FROM sbtest4 WHERE id BETWEEN 6314510 AND 6315509
	Index Scan using sbtest4_pkey on sbtest4  (cost=0.43..3716.32 rows=951 width=121)
	  Index Cond: ((id >= 6314510) AND (id <= 6315509))

table 5 : explain SELECT c FROM sbtest5 WHERE id BETWEEN 3427174 AND 3428173
	Bitmap Heap Scan on sbtest5  (cost=34.64..3866.43 rows=996 width=121)
	  Recheck Cond: ((id >= 3427174) AND (id <= 3428173))
	  ->  Bitmap Index Scan on sbtest5_pkey  (cost=0.00..34.40 rows=996 width=0)
	        Index Cond: ((id >= 3427174) AND (id <= 3428173))

table 6 : explain SELECT c FROM sbtest6 WHERE id BETWEEN 6531563 AND 6532562
	Bitmap Heap Scan on sbtest6  (cost=34.93..3972.67 rows=1024 width=121)
	  Recheck Cond: ((id >= 6531563) AND (id <= 6532562))
	  ->  Bitmap Index Scan on sbtest6_pkey  (cost=0.00..34.68 rows=1024 width=0)
	        Index Cond: ((id >= 6531563) AND (id <= 6532562))

table 7 : explain SELECT c FROM sbtest7 WHERE id BETWEEN 2437488 AND 2438487
	Index Scan using sbtest7_pkey on sbtest7  (cost=0.43..3950.66 rows=1008 width=121)
	  Index Cond: ((id >= 2437488) AND (id <= 2438487))

table 8 : explain SELECT c FROM sbtest8 WHERE id BETWEEN 9795559 AND 9796558
	Bitmap Heap Scan on sbtest8  (cost=34.89..3957.69 rows=1020 width=121)
	  Recheck Cond: ((id >= 9795559) AND (id <= 9796558))
	  ->  Bitmap Index Scan on sbtest8_pkey  (cost=0.00..34.64 rows=1020 width=0)
	        Index Cond: ((id >= 9795559) AND (id <= 9796558))

for: distinct_ranges
table 1 : explain SELECT DISTINCT c FROM sbtest1 WHERE id BETWEEN 3616169 AND 3617168 ORDER BY c
	Unique  (cost=3871.34..3876.27 rows=986 width=121)
	  ->  Sort  (cost=3871.34..3873.80 rows=986 width=121)
	        Sort Key: c
	        ->  Bitmap Heap Scan on sbtest1  (cost=34.54..3822.31 rows=986 width=121)
	              Recheck Cond: ((id >= 3616169) AND (id <= 3617168))
	              ->  Bitmap Index Scan on sbtest1_pkey  (cost=0.00..34.30 rows=986 width=0)
	                    Index Cond: ((id >= 3616169) AND (id <= 3617168))

table 2 : explain SELECT DISTINCT c FROM sbtest2 WHERE id BETWEEN 3545140 AND 3546139 ORDER BY c
	Unique  (cost=3921.33..3926.32 rows=998 width=121)
	  ->  Sort  (cost=3921.33..3923.83 rows=998 width=121)
	        Sort Key: c
	        ->  Bitmap Heap Scan on sbtest2  (cost=34.66..3871.62 rows=998 width=121)
	              Recheck Cond: ((id >= 3545140) AND (id <= 3546139))
	              ->  Bitmap Index Scan on sbtest2_pkey  (cost=0.00..34.42 rows=998 width=0)
	                    Index Cond: ((id >= 3545140) AND (id <= 3546139))

table 3 : explain SELECT DISTINCT c FROM sbtest3 WHERE id BETWEEN 165583 AND 166582 ORDER BY c
	Unique  (cost=4023.83..4028.95 rows=1025 width=121)
	  ->  Sort  (cost=4023.83..4026.39 rows=1025 width=121)
	        Sort Key: c
	        ->  Bitmap Heap Scan on sbtest3  (cost=34.94..3972.57 rows=1025 width=121)
	              Recheck Cond: ((id >= 165583) AND (id <= 166582))
	              ->  Bitmap Index Scan on sbtest3_pkey  (cost=0.00..34.69 rows=1025 width=0)
	                    Index Cond: ((id >= 165583) AND (id <= 166582))

table 4 : explain SELECT DISTINCT c FROM sbtest4 WHERE id BETWEEN 4019068 AND 4020067 ORDER BY c
	Unique  (cost=3877.71..3882.61 rows=980 width=121)
	  ->  Sort  (cost=3877.71..3880.16 rows=980 width=121)
	        Sort Key: c
	        ->  Index Scan using sbtest4_pkey on sbtest4  (cost=0.43..3829.02 rows=980 width=121)
	              Index Cond: ((id >= 4019068) AND (id <= 4020067))

table 5 : explain SELECT DISTINCT c FROM sbtest5 WHERE id BETWEEN 1041055 AND 1042054 ORDER BY c
	Unique  (cost=3766.32..3771.11 rows=957 width=121)
	  ->  Sort  (cost=3766.32..3768.71 rows=957 width=121)
	        Sort Key: c
	        ->  Bitmap Heap Scan on sbtest5  (cost=34.24..3718.94 rows=957 width=121)
	              Recheck Cond: ((id >= 1041055) AND (id <= 1042054))
	              ->  Bitmap Index Scan on sbtest5_pkey  (cost=0.00..34.01 rows=957 width=0)
	                    Index Cond: ((id >= 1041055) AND (id <= 1042054))

table 6 : explain SELECT DISTINCT c FROM sbtest6 WHERE id BETWEEN 9160970 AND 9161969 ORDER BY c
	Unique  (cost=4257.52..4262.94 rows=1085 width=121)
	  ->  Sort  (cost=4257.52..4260.23 rows=1085 width=121)
	        Sort Key: c
	        ->  Bitmap Heap Scan on sbtest6  (cost=35.56..4202.81 rows=1085 width=121)
	              Recheck Cond: ((id >= 9160970) AND (id <= 9161969))
	              ->  Bitmap Index Scan on sbtest6_pkey  (cost=0.00..35.29 rows=1085 width=0)
	                    Index Cond: ((id >= 9160970) AND (id <= 9161969))

table 7 : explain SELECT DISTINCT c FROM sbtest7 WHERE id BETWEEN 4447955 AND 4448954 ORDER BY c
	Unique  (cost=4039.42..4044.56 rows=1028 width=121)
	  ->  Sort  (cost=4039.42..4041.99 rows=1028 width=121)
	        Sort Key: c
	        ->  Bitmap Heap Scan on sbtest7  (cost=34.97..3987.99 rows=1028 width=121)
	              Recheck Cond: ((id >= 4447955) AND (id <= 4448954))
	              ->  Bitmap Index Scan on sbtest7_pkey  (cost=0.00..34.72 rows=1028 width=0)
	                    Index Cond: ((id >= 4447955) AND (id <= 4448954))

table 8 : explain SELECT DISTINCT c FROM sbtest8 WHERE id BETWEEN 9967677 AND 9968676 ORDER BY c
	Unique  (cost=3908.93..3913.90 rows=994 width=121)
	  ->  Sort  (cost=3908.93..3911.42 rows=994 width=121)
	        Sort Key: c
	        ->  Bitmap Heap Scan on sbtest8  (cost=34.62..3859.44 rows=994 width=121)
	              Recheck Cond: ((id >= 9967677) AND (id <= 9968676))
	              ->  Bitmap Index Scan on sbtest8_pkey  (cost=0.00..34.38 rows=994 width=0)
	                    Index Cond: ((id >= 9967677) AND (id <= 9968676))

for: order_ranges
table 1 : explain SELECT c FROM sbtest1 WHERE id BETWEEN 3251789 AND 3252788 ORDER BY c
	Sort  (cost=3560.72..3562.98 rows=906 width=121)
	  Sort Key: c
	  ->  Bitmap Heap Scan on sbtest1  (cost=29.72..3516.22 rows=906 width=121)
	        Recheck Cond: ((id >= 3251789) AND (id <= 3252788))
	        ->  Bitmap Index Scan on sbtest1_pkey  (cost=0.00..29.50 rows=906 width=0)
	              Index Cond: ((id >= 3251789) AND (id <= 3252788))

table 2 : explain SELECT c FROM sbtest2 WHERE id BETWEEN 3517918 AND 3518917 ORDER BY c
	Sort  (cost=3921.33..3923.83 rows=998 width=121)
	  Sort Key: c
	  ->  Bitmap Heap Scan on sbtest2  (cost=34.66..3871.62 rows=998 width=121)
	        Recheck Cond: ((id >= 3517918) AND (id <= 3518917))
	        ->  Bitmap Index Scan on sbtest2_pkey  (cost=0.00..34.42 rows=998 width=0)
	              Index Cond: ((id >= 3517918) AND (id <= 3518917))

table 3 : explain SELECT c FROM sbtest3 WHERE id BETWEEN 561064 AND 562063 ORDER BY c
	Sort  (cost=3625.08..3627.38 rows=921 width=121)
	  Sort Key: c
	  ->  Bitmap Heap Scan on sbtest3  (cost=33.88..3579.73 rows=921 width=121)
	        Recheck Cond: ((id >= 561064) AND (id <= 562063))
	        ->  Bitmap Index Scan on sbtest3_pkey  (cost=0.00..33.65 rows=921 width=0)
	              Index Cond: ((id >= 561064) AND (id <= 562063))

table 4 : explain SELECT c FROM sbtest4 WHERE id BETWEEN 3357247 AND 3358246 ORDER BY c
	Sort  (cost=4066.99..4069.56 rows=1028 width=121)
	  Sort Key: c
	  ->  Index Scan using sbtest4_pkey on sbtest4  (cost=0.43..4015.56 rows=1028 width=121)
	        Index Cond: ((id >= 3357247) AND (id <= 3358246))

table 5 : explain SELECT c FROM sbtest5 WHERE id BETWEEN 6572340 AND 6573339 ORDER BY c
	Sort  (cost=3965.89..3968.41 rows=1009 width=121)
	  Sort Key: c
	  ->  Bitmap Heap Scan on sbtest5  (cost=34.78..3915.55 rows=1009 width=121)
	        Recheck Cond: ((id >= 6572340) AND (id <= 6573339))
	        ->  Bitmap Index Scan on sbtest5_pkey  (cost=0.00..34.53 rows=1009 width=0)
	              Index Cond: ((id >= 6572340) AND (id <= 6573339))

table 6 : explain SELECT c FROM sbtest6 WHERE id BETWEEN 2130232 AND 2131231 ORDER BY c
	Sort  (cost=3736.01..3738.38 rows=949 width=121)
	  Sort Key: c
	  ->  Bitmap Heap Scan on sbtest6  (cost=34.16..3689.08 rows=949 width=121)
	        Recheck Cond: ((id >= 2130232) AND (id <= 2131231))
	        ->  Bitmap Index Scan on sbtest6_pkey  (cost=0.00..33.93 rows=949 width=0)
	              Index Cond: ((id >= 2130232) AND (id <= 2131231))

table 7 : explain SELECT c FROM sbtest7 WHERE id BETWEEN 4710413 AND 4711412 ORDER BY c
	Sort  (cost=4062.42..4065.00 rows=1034 width=121)
	  Sort Key: c
	  ->  Bitmap Heap Scan on sbtest7  (cost=35.03..4010.65 rows=1034 width=121)
	        Recheck Cond: ((id >= 4710413) AND (id <= 4711412))
	        ->  Bitmap Index Scan on sbtest7_pkey  (cost=0.00..34.78 rows=1034 width=0)
	              Index Cond: ((id >= 4710413) AND (id <= 4711412))

table 8 : explain SELECT c FROM sbtest8 WHERE id BETWEEN 5755303 AND 5756302 ORDER BY c
	Sort  (cost=3633.42..3635.71 rows=914 width=121)
	  Sort Key: c
	  ->  Index Scan using sbtest8_pkey on sbtest8  (cost=0.43..3588.47 rows=914 width=121)
	        Index Cond: ((id >= 5755303) AND (id <= 5756302))

for: distinct_ranges
table 1 : explain SELECT DISTINCT c FROM sbtest1 WHERE id BETWEEN 4152337 AND 4153336 ORDER BY c
	Unique  (cost=3691.29..3695.99 rows=939 width=121)
	  ->  Sort  (cost=3691.29..3693.64 rows=939 width=121)
	        Sort Key: c
	        ->  Bitmap Heap Scan on sbtest1  (cost=34.06..3644.93 rows=939 width=121)
	              Recheck Cond: ((id >= 4152337) AND (id <= 4153336))
	              ->  Bitmap Index Scan on sbtest1_pkey  (cost=0.00..33.83 rows=939 width=0)
	                    Index Cond: ((id >= 4152337) AND (id <= 4153336))

table 2 : explain SELECT DISTINCT c FROM sbtest2 WHERE id BETWEEN 2359488 AND 2360487 ORDER BY c
	Unique  (cost=4296.54..4302.02 rows=1095 width=121)
	  ->  Sort  (cost=4296.54..4299.28 rows=1095 width=121)
	        Sort Key: c
	        ->  Bitmap Heap Scan on sbtest2  (cost=39.66..4241.26 rows=1095 width=121)
	              Recheck Cond: ((id >= 2359488) AND (id <= 2360487))
	              ->  Bitmap Index Scan on sbtest2_pkey  (cost=0.00..39.39 rows=1095 width=0)
	                    Index Cond: ((id >= 2359488) AND (id <= 2360487))

table 3 : explain SELECT DISTINCT c FROM sbtest3 WHERE id BETWEEN 1263271 AND 1264270 ORDER BY c
	Unique  (cost=3901.27..3906.24 rows=993 width=121)
	  ->  Sort  (cost=3901.27..3903.76 rows=993 width=121)
	        Sort Key: c
	        ->  Bitmap Heap Scan on sbtest3  (cost=34.61..3851.84 rows=993 width=121)
	              Recheck Cond: ((id >= 1263271) AND (id <= 1264270))
	              ->  Bitmap Index Scan on sbtest3_pkey  (cost=0.00..34.37 rows=993 width=0)
	                    Index Cond: ((id >= 1263271) AND (id <= 1264270))

table 4 : explain SELECT DISTINCT c FROM sbtest4 WHERE id BETWEEN 2691290 AND 2692289 ORDER BY c
	Unique  (cost=3554.38..3558.87 rows=899 width=121)
	  ->  Sort  (cost=3554.38..3556.63 rows=899 width=121)
	        Sort Key: c
	        ->  Index Scan using sbtest4_pkey on sbtest4  (cost=0.43..3510.27 rows=899 width=121)
	              Index Cond: ((id >= 2691290) AND (id <= 2692289))

table 5 : explain SELECT DISTINCT c FROM sbtest5 WHERE id BETWEEN 3339327 AND 3340326 ORDER BY c
	Unique  (cost=4000.40..4005.49 rows=1018 width=121)
	  ->  Sort  (cost=4000.40..4002.94 rows=1018 width=121)
	        Sort Key: c
	        ->  Bitmap Heap Scan on sbtest5  (cost=34.87..3949.54 rows=1018 width=121)
	              Recheck Cond: ((id >= 3339327) AND (id <= 3340326))
	              ->  Bitmap Index Scan on sbtest5_pkey  (cost=0.00..34.62 rows=1018 width=0)
	                    Index Cond: ((id >= 3339327) AND (id <= 3340326))

table 6 : explain SELECT DISTINCT c FROM sbtest6 WHERE id BETWEEN 3361477 AND 3362476 ORDER BY c
	Unique  (cost=3805.16..3809.99 rows=967 width=121)
	  ->  Sort  (cost=3805.16..3807.57 rows=967 width=121)
	        Sort Key: c
	        ->  Bitmap Heap Scan on sbtest6  (cost=34.35..3757.21 rows=967 width=121)
	              Recheck Cond: ((id >= 3361477) AND (id <= 3362476))
	              ->  Bitmap Index Scan on sbtest6_pkey  (cost=0.00..34.11 rows=967 width=0)
	                    Index Cond: ((id >= 3361477) AND (id <= 3362476))

table 7 : explain SELECT DISTINCT c FROM sbtest7 WHERE id BETWEEN 1414665 AND 1415664 ORDER BY c
	Unique  (cost=4445.33..4450.99 rows=1133 width=121)
	  ->  Sort  (cost=4445.33..4448.16 rows=1133 width=121)
	        Sort Key: c
	        ->  Bitmap Heap Scan on sbtest7  (cost=40.05..4387.85 rows=1133 width=121)
	              Recheck Cond: ((id >= 1414665) AND (id <= 1415664))
	              ->  Bitmap Index Scan on sbtest7_pkey  (cost=0.00..39.77 rows=1133 width=0)
	                    Index Cond: ((id >= 1414665) AND (id <= 1415664))

table 8 : explain SELECT DISTINCT c FROM sbtest8 WHERE id BETWEEN 231844 AND 232843 ORDER BY c
	Unique  (cost=4165.78..4171.08 rows=1061 width=121)
	  ->  Sort  (cost=4165.78..4168.43 rows=1061 width=121)
	        Sort Key: c
	        ->  Bitmap Heap Scan on sbtest8  (cost=35.31..4112.46 rows=1061 width=121)
	              Recheck Cond: ((id >= 231844) AND (id <= 232843))
	              ->  Bitmap Index Scan on sbtest8_pkey  (cost=0.00..35.05 rows=1061 width=0)
	                    Index Cond: ((id >= 231844) AND (id <= 232843))

for point_selects
table 1 : explain SELECT c FROM sbtest1 WHERE id=7044395
	Index Scan using sbtest1_pkey on sbtest1  (cost=0.43..8.45 rows=1 width=121)
	  Index Cond: (id = 7044395)

table 2 : explain SELECT c FROM sbtest2 WHERE id=878437
	Index Scan using sbtest2_pkey on sbtest2  (cost=0.43..8.45 rows=1 width=121)
	  Index Cond: (id = 878437)

table 3 : explain SELECT c FROM sbtest3 WHERE id=8829850
	Index Scan using sbtest3_pkey on sbtest3  (cost=0.43..8.45 rows=1 width=121)
	  Index Cond: (id = 8829850)

table 4 : explain SELECT c FROM sbtest4 WHERE id=7792533
	Index Scan using sbtest4_pkey on sbtest4  (cost=0.43..8.45 rows=1 width=121)
	  Index Cond: (id = 7792533)

table 5 : explain SELECT c FROM sbtest5 WHERE id=5514130
	Index Scan using sbtest5_pkey on sbtest5  (cost=0.43..8.45 rows=1 width=121)
	  Index Cond: (id = 5514130)

table 6 : explain SELECT c FROM sbtest6 WHERE id=1481437
	Index Scan using sbtest6_pkey on sbtest6  (cost=0.43..8.45 rows=1 width=121)
	  Index Cond: (id = 1481437)

table 7 : explain SELECT c FROM sbtest7 WHERE id=8560992
	Index Scan using sbtest7_pkey on sbtest7  (cost=0.43..8.45 rows=1 width=121)
	  Index Cond: (id = 8560992)

table 8 : explain SELECT c FROM sbtest8 WHERE id=4071539
	Index Scan using sbtest8_pkey on sbtest8  (cost=0.43..8.45 rows=1 width=121)
	  Index Cond: (id = 4071539)

for: order_ranges
table 1 : explain SELECT c FROM sbtest1 WHERE id BETWEEN 5564386 AND 5565385 ORDER BY c
	Sort  (cost=3771.77..3774.17 rows=960 width=121)
	  Sort Key: c
	  ->  Bitmap Heap Scan on sbtest1  (cost=34.28..3724.22 rows=960 width=121)
	        Recheck Cond: ((id >= 5564386) AND (id <= 5565385))
	        ->  Bitmap Index Scan on sbtest1_pkey  (cost=0.00..34.04 rows=960 width=0)
	              Index Cond: ((id >= 5564386) AND (id <= 5565385))

table 2 : explain SELECT c FROM sbtest2 WHERE id BETWEEN 6535192 AND 6536191 ORDER BY c
	Sort  (cost=3618.19..3620.49 rows=919 width=121)
	  Sort Key: c
	  ->  Bitmap Heap Scan on sbtest2  (cost=33.85..3572.96 rows=919 width=121)
	        Recheck Cond: ((id >= 6535192) AND (id <= 6536191))
	        ->  Bitmap Index Scan on sbtest2_pkey  (cost=0.00..33.62 rows=919 width=0)
	              Index Cond: ((id >= 6535192) AND (id <= 6536191))

table 3 : explain SELECT c FROM sbtest3 WHERE id BETWEEN 172918 AND 173917 ORDER BY c
	Sort  (cost=4023.83..4026.39 rows=1025 width=121)
	  Sort Key: c
	  ->  Bitmap Heap Scan on sbtest3  (cost=34.94..3972.57 rows=1025 width=121)
	        Recheck Cond: ((id >= 172918) AND (id <= 173917))
	        ->  Bitmap Index Scan on sbtest3_pkey  (cost=0.00..34.69 rows=1025 width=0)
	              Index Cond: ((id >= 172918) AND (id <= 173917))

table 4 : explain SELECT c FROM sbtest4 WHERE id BETWEEN 1202063 AND 1203062 ORDER BY c
	Sort  (cost=3779.13..3781.52 rows=955 width=121)
	  Sort Key: c
	  ->  Index Scan using sbtest4_pkey on sbtest4  (cost=0.43..3731.86 rows=955 width=121)
	        Index Cond: ((id >= 1202063) AND (id <= 1203062))

table 5 : explain SELECT c FROM sbtest5 WHERE id BETWEEN 7798169 AND 7799168 ORDER BY c
	Sort  (cost=4046.39..4048.97 rows=1030 width=121)
	  Sort Key: c
	  ->  Bitmap Heap Scan on sbtest5  (cost=34.99..3994.85 rows=1030 width=121)
	        Recheck Cond: ((id >= 7798169) AND (id <= 7799168))
	        ->  Bitmap Index Scan on sbtest5_pkey  (cost=0.00..34.73 rows=1030 width=0)
	              Index Cond: ((id >= 7798169) AND (id <= 7799168))

table 6 : explain SELECT c FROM sbtest6 WHERE id BETWEEN 5517931 AND 5518930 ORDER BY c
	Sort  (cost=3797.48..3799.89 rows=965 width=121)
	  Sort Key: c
	  ->  Bitmap Heap Scan on sbtest6  (cost=34.33..3749.64 rows=965 width=121)
	        Recheck Cond: ((id >= 5517931) AND (id <= 5518930))
	        ->  Bitmap Index Scan on sbtest6_pkey  (cost=0.00..34.09 rows=965 width=0)
	              Index Cond: ((id >= 5517931) AND (id <= 5518930))

table 7 : explain SELECT c FROM sbtest7 WHERE id BETWEEN 8241371 AND 8242370 ORDER BY c
	Sort  (cost=4437.68..4440.51 rows=1131 width=121)
	  Sort Key: c
	  ->  Bitmap Heap Scan on sbtest7  (cost=40.03..4380.32 rows=1131 width=121)
	        Recheck Cond: ((id >= 8241371) AND (id <= 8242370))
	        ->  Bitmap Index Scan on sbtest7_pkey  (cost=0.00..39.75 rows=1131 width=0)
	              Index Cond: ((id >= 8241371) AND (id <= 8242370))

table 8 : explain SELECT c FROM sbtest8 WHERE id BETWEEN 1373589 AND 1374588 ORDER BY c
	Sort  (cost=3974.15..3976.68 rows=1011 width=121)
	  Sort Key: c
	  ->  Bitmap Heap Scan on sbtest8  (cost=34.80..3923.69 rows=1011 width=121)
	        Recheck Cond: ((id >= 1373589) AND (id <= 1374588))
	        ->  Bitmap Index Scan on sbtest8_pkey  (cost=0.00..34.55 rows=1011 width=0)
	              Index Cond: ((id >= 1373589) AND (id <= 1374588))

for: order_ranges
table 1 : explain SELECT c FROM sbtest1 WHERE id BETWEEN 6700521 AND 6701520 ORDER BY c
	Sort  (cost=3836.88..3839.32 rows=977 width=121)
	  Sort Key: c
	  ->  Bitmap Heap Scan on sbtest1  (cost=34.45..3788.36 rows=977 width=121)
	        Recheck Cond: ((id >= 6700521) AND (id <= 6701520))
	        ->  Bitmap Index Scan on sbtest1_pkey  (cost=0.00..34.20 rows=977 width=0)
	              Index Cond: ((id >= 6700521) AND (id <= 6701520))

table 2 : explain SELECT c FROM sbtest2 WHERE id BETWEEN 3691465 AND 3692464 ORDER BY c
	Sort  (cost=3871.50..3873.96 rows=985 width=121)
	  Sort Key: c
	  ->  Bitmap Heap Scan on sbtest2  (cost=34.53..3822.53 rows=985 width=121)
	        Recheck Cond: ((id >= 3691465) AND (id <= 3692464))
	        ->  Bitmap Index Scan on sbtest2_pkey  (cost=0.00..34.29 rows=985 width=0)
	              Index Cond: ((id >= 3691465) AND (id <= 3692464))

table 3 : explain SELECT c FROM sbtest3 WHERE id BETWEEN 4356041 AND 4357040 ORDER BY c
	Sort  (cost=4241.83..4244.54 rows=1082 width=121)
	  Sort Key: c
	  ->  Bitmap Heap Scan on sbtest3  (cost=35.53..4187.30 rows=1082 width=121)
	        Recheck Cond: ((id >= 4356041) AND (id <= 4357040))
	        ->  Bitmap Index Scan on sbtest3_pkey  (cost=0.00..35.26 rows=1082 width=0)
	              Index Cond: ((id >= 4356041) AND (id <= 4357040))

table 4 : explain SELECT c FROM sbtest4 WHERE id BETWEEN 6676238 AND 6677237 ORDER BY c
	Sort  (cost=3818.58..3820.99 rows=965 width=121)
	  Sort Key: c
	  ->  Index Scan using sbtest4_pkey on sbtest4  (cost=0.43..3770.75 rows=965 width=121)
	        Index Cond: ((id >= 6676238) AND (id <= 6677237))

table 5 : explain SELECT c FROM sbtest5 WHERE id BETWEEN 7109121 AND 7110120 ORDER BY c
	Sort  (cost=3407.08..3409.22 rows=856 width=121)
	  Sort Key: c
	  ->  Index Scan using sbtest5_pkey on sbtest5  (cost=0.43..3365.38 rows=856 width=121)
	        Index Cond: ((id >= 7109121) AND (id <= 7110120))

table 6 : explain SELECT c FROM sbtest6 WHERE id BETWEEN 1256519 AND 1257518 ORDER BY c
	Sort  (cost=4081.36..4083.96 rows=1039 width=121)
	  Sort Key: c
	  ->  Bitmap Heap Scan on sbtest6  (cost=35.08..4029.30 rows=1039 width=121)
	        Recheck Cond: ((id >= 1256519) AND (id <= 1257518))
	        ->  Bitmap Index Scan on sbtest6_pkey  (cost=0.00..34.83 rows=1039 width=0)
	              Index Cond: ((id >= 1256519) AND (id <= 1257518))

table 7 : explain SELECT c FROM sbtest7 WHERE id BETWEEN 8336272 AND 8337271 ORDER BY c
	Sort  (cost=3597.45..3599.72 rows=907 width=121)
	  Sort Key: c
	  ->  Index Scan using sbtest7_pkey on sbtest7  (cost=0.43..3552.90 rows=907 width=121)
	        Index Cond: ((id >= 8336272) AND (id <= 8337271))

table 8 : explain SELECT c FROM sbtest8 WHERE id BETWEEN 184691 AND 185690 ORDER BY c
	Sort  (cost=3629.46..3631.74 rows=913 width=121)
	  Sort Key: c
	  ->  Index Scan using sbtest8_pkey on sbtest8  (cost=0.43..3584.57 rows=913 width=121)
	        Index Cond: ((id >= 184691) AND (id <= 185690))

explain: for point_selects :: explain SELECT c FROM sbtest%u WHERE id=%u
for: order_ranges
table 1 : explain SELECT c FROM sbtest1 WHERE id BETWEEN 3669172 AND 3670171 ORDER BY c
	Sort  (cost=3871.34..3873.80 rows=986 width=121)
	  Sort Key: c
	  ->  Bitmap Heap Scan on sbtest1  (cost=34.54..3822.31 rows=986 width=121)
	        Recheck Cond: ((id >= 3669172) AND (id <= 3670171))
	        ->  Bitmap Index Scan on sbtest1_pkey  (cost=0.00..34.30 rows=986 width=0)
	              Index Cond: ((id >= 3669172) AND (id <= 3670171))

table 2 : explain SELECT c FROM sbtest2 WHERE id BETWEEN 8985654 AND 8986653 ORDER BY c
	Sort  (cost=3955.82..3958.34 rows=1007 width=121)
	  Sort Key: c
	  ->  Bitmap Heap Scan on sbtest2  (cost=34.76..3905.59 rows=1007 width=121)
	        Recheck Cond: ((id >= 8985654) AND (id <= 8986653))
	        ->  Bitmap Index Scan on sbtest2_pkey  (cost=0.00..34.51 rows=1007 width=0)
	              Index Cond: ((id >= 8985654) AND (id <= 8986653))

table 3 : explain SELECT c FROM sbtest3 WHERE id BETWEEN 431401 AND 432400 ORDER BY c
	Sort  (cost=3767.09..3769.48 rows=958 width=121)
	  Sort Key: c
	  ->  Bitmap Heap Scan on sbtest3  (cost=34.25..3719.65 rows=958 width=121)
	        Recheck Cond: ((id >= 431401) AND (id <= 432400))
	        ->  Bitmap Index Scan on sbtest3_pkey  (cost=0.00..34.02 rows=958 width=0)
	              Index Cond: ((id >= 431401) AND (id <= 432400))

table 4 : explain SELECT c FROM sbtest4 WHERE id BETWEEN 5641552 AND 5642551 ORDER BY c
	Sort  (cost=4078.82..4081.40 rows=1031 width=121)
	  Sort Key: c
	  ->  Index Scan using sbtest4_pkey on sbtest4  (cost=0.43..4027.22 rows=1031 width=121)
	        Index Cond: ((id >= 5641552) AND (id <= 5642551))

table 5 : explain SELECT c FROM sbtest5 WHERE id BETWEEN 6351751 AND 6352750 ORDER BY c
	Sort  (cost=4111.53..4114.15 rows=1047 width=121)
	  Sort Key: c
	  ->  Bitmap Heap Scan on sbtest5  (cost=35.17..4059.01 rows=1047 width=121)
	        Recheck Cond: ((id >= 6351751) AND (id <= 6352750))
	        ->  Bitmap Index Scan on sbtest5_pkey  (cost=0.00..34.91 rows=1047 width=0)
	              Index Cond: ((id >= 6351751) AND (id <= 6352750))

table 6 : explain SELECT c FROM sbtest6 WHERE id BETWEEN 1264602 AND 1265601 ORDER BY c
	Sort  (cost=4081.36..4083.96 rows=1039 width=121)
	  Sort Key: c
	  ->  Bitmap Heap Scan on sbtest6  (cost=35.08..4029.30 rows=1039 width=121)
	        Recheck Cond: ((id >= 1264602) AND (id <= 1265601))
	        ->  Bitmap Index Scan on sbtest6_pkey  (cost=0.00..34.83 rows=1039 width=0)
	              Index Cond: ((id >= 1264602) AND (id <= 1265601))

table 7 : explain SELECT c FROM sbtest7 WHERE id BETWEEN 2383515 AND 2384514 ORDER BY c
	Sort  (cost=4020.76..4023.29 rows=1013 width=121)
	  Sort Key: c
	  ->  Index Scan using sbtest7_pkey on sbtest7  (cost=0.43..3970.18 rows=1013 width=121)
	        Index Cond: ((id >= 2383515) AND (id <= 2384514))

table 8 : explain SELECT c FROM sbtest8 WHERE id BETWEEN 7873826 AND 7874825 ORDER BY c
	Sort  (cost=4073.83..4076.43 rows=1037 width=121)
	  Sort Key: c
	  ->  Bitmap Heap Scan on sbtest8  (cost=35.06..4021.89 rows=1037 width=121)
	        Recheck Cond: ((id >= 7873826) AND (id <= 7874825))
	        ->  Bitmap Index Scan on sbtest8_pkey  (cost=0.00..34.81 rows=1037 width=0)
	              Index Cond: ((id >= 7873826) AND (id <= 7874825))

for: distinct_ranges
table 1 : explain SELECT DISTINCT c FROM sbtest1 WHERE id BETWEEN 9926426 AND 9927425 ORDER BY c
	Unique  (cost=4104.61..4109.85 rows=1047 width=121)
	  ->  Sort  (cost=4104.61..4107.23 rows=1047 width=121)
	        Sort Key: c
	        ->  Bitmap Heap Scan on sbtest1  (cost=35.17..4052.09 rows=1047 width=121)
	              Recheck Cond: ((id >= 9926426) AND (id <= 9927425))
	              ->  Bitmap Index Scan on sbtest1_pkey  (cost=0.00..34.91 rows=1047 width=0)
	                    Index Cond: ((id >= 9926426) AND (id <= 9927425))

table 2 : explain SELECT DISTINCT c FROM sbtest2 WHERE id BETWEEN 2428505 AND 2429504 ORDER BY c
	Unique  (cost=4032.43..4037.56 rows=1027 width=121)
	  ->  Sort  (cost=4032.43..4035.00 rows=1027 width=121)
	        Sort Key: c
	        ->  Bitmap Heap Scan on sbtest2  (cost=34.96..3981.06 rows=1027 width=121)
	              Recheck Cond: ((id >= 2428505) AND (id <= 2429504))
	              ->  Bitmap Index Scan on sbtest2_pkey  (cost=0.00..34.70 rows=1027 width=0)
	                    Index Cond: ((id >= 2428505) AND (id <= 2429504))

table 3 : explain SELECT DISTINCT c FROM sbtest3 WHERE id BETWEEN 9467844 AND 9468843 ORDER BY c
	Unique  (cost=4127.14..4132.40 rows=1052 width=121)
	  ->  Sort  (cost=4127.14..4129.77 rows=1052 width=121)
	        Sort Key: c
	        ->  Bitmap Heap Scan on sbtest3  (cost=35.22..4074.34 rows=1052 width=121)
	              Recheck Cond: ((id >= 9467844) AND (id <= 9468843))
	              ->  Bitmap Index Scan on sbtest3_pkey  (cost=0.00..34.95 rows=1052 width=0)
	                    Index Cond: ((id >= 9467844) AND (id <= 9468843))

table 4 : explain SELECT DISTINCT c FROM sbtest4 WHERE id BETWEEN 5000367 AND 5001366 ORDER BY c
	Unique  (cost=4240.49..4245.85 rows=1072 width=121)
	  ->  Sort  (cost=4240.49..4243.17 rows=1072 width=121)
	        Sort Key: c
	        ->  Index Scan using sbtest4_pkey on sbtest4  (cost=0.43..4186.53 rows=1072 width=121)
	              Index Cond: ((id >= 5000367) AND (id <= 5001366))

table 5 : explain SELECT DISTINCT c FROM sbtest5 WHERE id BETWEEN 1732506 AND 1733505 ORDER BY c
	Unique  (cost=3942.88..3947.89 rows=1003 width=121)
	  ->  Sort  (cost=3942.88..3945.39 rows=1003 width=121)
	        Sort Key: c
	        ->  Bitmap Heap Scan on sbtest5  (cost=34.72..3892.88 rows=1003 width=121)
	              Recheck Cond: ((id >= 1732506) AND (id <= 1733505))
	              ->  Bitmap Index Scan on sbtest5_pkey  (cost=0.00..34.47 rows=1003 width=0)
	                    Index Cond: ((id >= 1732506) AND (id <= 1733505))

table 6 : explain SELECT DISTINCT c FROM sbtest6 WHERE id BETWEEN 8809202 AND 8810201 ORDER BY c
	Unique  (cost=4035.37..4040.50 rows=1027 width=121)
	  ->  Sort  (cost=4035.37..4037.94 rows=1027 width=121)
	        Sort Key: c
	        ->  Bitmap Heap Scan on sbtest6  (cost=34.96..3984.00 rows=1027 width=121)
	              Recheck Cond: ((id >= 8809202) AND (id <= 8810201))
	              ->  Bitmap Index Scan on sbtest6_pkey  (cost=0.00..34.70 rows=1027 width=0)
	                    Index Cond: ((id >= 8809202) AND (id <= 8810201))

table 7 : explain SELECT DISTINCT c FROM sbtest7 WHERE id BETWEEN 907046 AND 908045 ORDER BY c
	Unique  (cost=4165.87..4171.17 rows=1061 width=121)
	  ->  Sort  (cost=4165.87..4168.52 rows=1061 width=121)
	        Sort Key: c
	        ->  Bitmap Heap Scan on sbtest7  (cost=35.31..4112.54 rows=1061 width=121)
	              Recheck Cond: ((id >= 907046) AND (id <= 908045))
	              ->  Bitmap Index Scan on sbtest7_pkey  (cost=0.00..35.05 rows=1061 width=0)
	                    Index Cond: ((id >= 907046) AND (id <= 908045))

table 8 : explain SELECT DISTINCT c FROM sbtest8 WHERE id BETWEEN 9487852 AND 9488851 ORDER BY c
	Unique  (cost=4066.17..4071.34 rows=1035 width=121)
	  ->  Sort  (cost=4066.17..4068.76 rows=1035 width=121)
	        Sort Key: c
	        ->  Bitmap Heap Scan on sbtest8  (cost=35.04..4014.34 rows=1035 width=121)
	              Recheck Cond: ((id >= 9487852) AND (id <= 9488851))
	              ->  Bitmap Index Scan on sbtest8_pkey  (cost=0.00..34.79 rows=1035 width=0)
	                    Index Cond: ((id >= 9487852) AND (id <= 9488851))

for: sum_ranges
table 1 : explain SELECT SUM(k) FROM sbtest1 WHERE id BETWEEN 6086385 AND 6087384
	Aggregate  (cost=3870.04..3870.05 rows=1 width=8)
	  ->  Bitmap Heap Scan on sbtest1  (cost=34.66..3867.55 rows=998 width=4)
	        Recheck Cond: ((id >= 6086385) AND (id <= 6087384))
	        ->  Bitmap Index Scan on sbtest1_pkey  (cost=0.00..34.42 rows=998 width=0)
	              Index Cond: ((id >= 6086385) AND (id <= 6087384))

table 2 : explain SELECT SUM(k) FROM sbtest2 WHERE id BETWEEN 7580061 AND 7581060
	Aggregate  (cost=4142.04..4142.05 rows=1 width=8)
	  ->  Bitmap Heap Scan on sbtest2  (cost=35.39..4139.37 rows=1069 width=4)
	        Recheck Cond: ((id >= 7580061) AND (id <= 7581060))
	        ->  Bitmap Index Scan on sbtest2_pkey  (cost=0.00..35.12 rows=1069 width=0)
	              Index Cond: ((id >= 7580061) AND (id <= 7581060))

table 3 : explain SELECT SUM(k) FROM sbtest3 WHERE id BETWEEN 408510 AND 409509
	Aggregate  (cost=3722.04..3722.05 rows=1 width=8)
	  ->  Bitmap Heap Scan on sbtest3  (cost=34.25..3719.65 rows=958 width=4)
	        Recheck Cond: ((id >= 408510) AND (id <= 409509))
	        ->  Bitmap Index Scan on sbtest3_pkey  (cost=0.00..34.02 rows=958 width=0)
	              Index Cond: ((id >= 408510) AND (id <= 409509))

table 4 : explain SELECT SUM(k) FROM sbtest4 WHERE id BETWEEN 3868346 AND 3869345
	Aggregate  (cost=3854.79..3854.80 rows=1 width=8)
	  ->  Index Scan using sbtest4_pkey on sbtest4  (cost=0.43..3852.33 rows=986 width=4)
	        Index Cond: ((id >= 3868346) AND (id <= 3869345))

table 5 : explain SELECT SUM(k) FROM sbtest5 WHERE id BETWEEN 3914208 AND 3915207
	Aggregate  (cost=3865.13..3865.14 rows=1 width=8)
	  ->  Bitmap Heap Scan on sbtest5  (cost=34.63..3862.65 rows=995 width=4)
	        Recheck Cond: ((id >= 3914208) AND (id <= 3915207))
	        ->  Bitmap Index Scan on sbtest5_pkey  (cost=0.00..34.39 rows=995 width=0)
	              Index Cond: ((id >= 3914208) AND (id <= 3915207))

table 6 : explain SELECT SUM(k) FROM sbtest6 WHERE id BETWEEN 5621639 AND 5622638
	Aggregate  (cost=4050.79..4050.80 rows=1 width=8)
	  ->  Bitmap Heap Scan on sbtest6  (cost=35.14..4048.18 rows=1044 width=4)
	        Recheck Cond: ((id >= 5621639) AND (id <= 5622638))
	        ->  Bitmap Index Scan on sbtest6_pkey  (cost=0.00..34.88 rows=1044 width=0)
	              Index Cond: ((id >= 5621639) AND (id <= 5622638))

table 7 : explain SELECT SUM(k) FROM sbtest7 WHERE id BETWEEN 5413993 AND 5414992
	Aggregate  (cost=4115.20..4115.21 rows=1 width=8)
	  ->  Bitmap Heap Scan on sbtest7  (cost=35.31..4112.54 rows=1061 width=4)
	        Recheck Cond: ((id >= 5413993) AND (id <= 5414992))
	        ->  Bitmap Index Scan on sbtest7_pkey  (cost=0.00..35.05 rows=1061 width=0)
	              Index Cond: ((id >= 5413993) AND (id <= 5414992))

table 8 : explain SELECT SUM(k) FROM sbtest8 WHERE id BETWEEN 6676089 AND 6677088
	Aggregate  (cost=3895.97..3895.98 rows=1 width=8)
	  ->  Bitmap Heap Scan on sbtest8  (cost=34.72..3893.46 rows=1003 width=4)
	        Recheck Cond: ((id >= 6676089) AND (id <= 6677088))
	        ->  Bitmap Index Scan on sbtest8_pkey  (cost=0.00..34.47 rows=1003 width=0)
	              Index Cond: ((id >= 6676089) AND (id <= 6677088))

for: distinct_ranges
table 1 : explain SELECT DISTINCT c FROM sbtest1 WHERE id BETWEEN 9581549 AND 9582548 ORDER BY c
	Unique  (cost=4035.82..4040.97 rows=1029 width=121)
	  ->  Sort  (cost=4035.82..4038.39 rows=1029 width=121)
	        Sort Key: c
	        ->  Bitmap Heap Scan on sbtest1  (cost=34.98..3984.34 rows=1029 width=121)
	              Recheck Cond: ((id >= 9581549) AND (id <= 9582548))
	              ->  Bitmap Index Scan on sbtest1_pkey  (cost=0.00..34.73 rows=1029 width=0)
	                    Index Cond: ((id >= 9581549) AND (id <= 9582548))

table 2 : explain SELECT DISTINCT c FROM sbtest2 WHERE id BETWEEN 995690 AND 996689 ORDER BY c
	Unique  (cost=4361.49..4367.05 rows=1112 width=121)
	  ->  Sort  (cost=4361.49..4364.27 rows=1112 width=121)
	        Sort Key: c
	        ->  Bitmap Heap Scan on sbtest2  (cost=39.83..4305.23 rows=1112 width=121)
	              Recheck Cond: ((id >= 995690) AND (id <= 996689))
	              ->  Bitmap Index Scan on sbtest2_pkey  (cost=0.00..39.56 rows=1112 width=0)
	                    Index Cond: ((id >= 995690) AND (id <= 996689))

table 3 : explain SELECT DISTINCT c FROM sbtest3 WHERE id BETWEEN 5629369 AND 5630368 ORDER BY c
	Unique  (cost=3774.76..3779.56 rows=960 width=121)
	  ->  Sort  (cost=3774.76..3777.16 rows=960 width=121)
	        Sort Key: c
	        ->  Bitmap Heap Scan on sbtest3  (cost=34.28..3727.21 rows=960 width=121)
	              Recheck Cond: ((id >= 5629369) AND (id <= 5630368))
	              ->  Bitmap Index Scan on sbtest3_pkey  (cost=0.00..34.04 rows=960 width=0)
	                    Index Cond: ((id >= 5629369) AND (id <= 5630368))

table 4 : explain SELECT DISTINCT c FROM sbtest4 WHERE id BETWEEN 5730220 AND 5731219 ORDER BY c
	Unique  (cost=4126.13..4131.34 rows=1043 width=121)
	  ->  Sort  (cost=4126.13..4128.73 rows=1043 width=121)
	        Sort Key: c
	        ->  Index Scan using sbtest4_pkey on sbtest4  (cost=0.43..4073.84 rows=1043 width=121)
	              Index Cond: ((id >= 5730220) AND (id <= 5731219))

table 5 : explain SELECT DISTINCT c FROM sbtest5 WHERE id BETWEEN 1887646 AND 1888645 ORDER BY c
	Unique  (cost=3954.38..3959.41 rows=1006 width=121)
	  ->  Sort  (cost=3954.38..3956.90 rows=1006 width=121)
	        Sort Key: c
	        ->  Bitmap Heap Scan on sbtest5  (cost=34.75..3904.21 rows=1006 width=121)
	              Recheck Cond: ((id >= 1887646) AND (id <= 1888645))
	              ->  Bitmap Index Scan on sbtest5_pkey  (cost=0.00..34.50 rows=1006 width=0)
	                    Index Cond: ((id >= 1887646) AND (id <= 1888645))

table 6 : explain SELECT DISTINCT c FROM sbtest6 WHERE id BETWEEN 1339930 AND 1340929 ORDER BY c
	Unique  (cost=4050.70..4055.86 rows=1031 width=121)
	  ->  Sort  (cost=4050.70..4053.28 rows=1031 width=121)
	        Sort Key: c
	        ->  Bitmap Heap Scan on sbtest6  (cost=35.00..3999.10 rows=1031 width=121)
	              Recheck Cond: ((id >= 1339930) AND (id <= 1340929))
	              ->  Bitmap Index Scan on sbtest6_pkey  (cost=0.00..34.75 rows=1031 width=0)
	                    Index Cond: ((id >= 1339930) AND (id <= 1340929))

table 7 : explain SELECT DISTINCT c FROM sbtest7 WHERE id BETWEEN 5893876 AND 5894875 ORDER BY c
	Unique  (cost=3775.50..3780.26 rows=951 width=121)
	  ->  Sort  (cost=3775.50..3777.88 rows=951 width=121)
	        Sort Key: c
	        ->  Index Scan using sbtest7_pkey on sbtest7  (cost=0.43..3728.46 rows=951 width=121)
	              Index Cond: ((id >= 5893876) AND (id <= 5894875))

table 8 : explain SELECT DISTINCT c FROM sbtest8 WHERE id BETWEEN 3259879 AND 3260878 ORDER BY c
	Unique  (cost=3787.85..3792.62 rows=953 width=121)
	  ->  Sort  (cost=3787.85..3790.24 rows=953 width=121)
	        Sort Key: c
	        ->  Index Scan using sbtest8_pkey on sbtest8  (cost=0.43..3740.70 rows=953 width=121)
	              Index Cond: ((id >= 3259879) AND (id <= 3260878))

for: simple_ranges
table 1 : explain SELECT c FROM sbtest1 WHERE id BETWEEN 7208524 AND 7209523
	Bitmap Heap Scan on sbtest1  (cost=34.94..3969.27 rows=1025 width=121)
	  Recheck Cond: ((id >= 7208524) AND (id <= 7209523))
	  ->  Bitmap Index Scan on sbtest1_pkey  (cost=0.00..34.69 rows=1025 width=0)
	        Index Cond: ((id >= 7208524) AND (id <= 7209523))

table 2 : explain SELECT c FROM sbtest2 WHERE id BETWEEN 3700663 AND 3701662
	Bitmap Heap Scan on sbtest2  (cost=35.18..4060.24 rows=1048 width=121)
	  Recheck Cond: ((id >= 3700663) AND (id <= 3701662))
	  ->  Bitmap Index Scan on sbtest2_pkey  (cost=0.00..34.92 rows=1048 width=0)
	        Index Cond: ((id >= 3700663) AND (id <= 3701662))

table 3 : explain SELECT c FROM sbtest3 WHERE id BETWEEN 6568955 AND 6569954
	Bitmap Heap Scan on sbtest3  (cost=34.63..3859.39 rows=995 width=121)
	  Recheck Cond: ((id >= 6568955) AND (id <= 6569954))
	  ->  Bitmap Index Scan on sbtest3_pkey  (cost=0.00..34.39 rows=995 width=0)
	        Index Cond: ((id >= 6568955) AND (id <= 6569954))

table 4 : explain SELECT c FROM sbtest4 WHERE id BETWEEN 1053663 AND 1054662
	Index Scan using sbtest4_pkey on sbtest4  (cost=0.43..3650.28 rows=934 width=121)
	  Index Cond: ((id >= 1053663) AND (id <= 1054662))

table 5 : explain SELECT c FROM sbtest5 WHERE id BETWEEN 4398391 AND 4399390
	Bitmap Heap Scan on sbtest5  (cost=35.60..4217.37 rows=1089 width=121)
	  Recheck Cond: ((id >= 4398391) AND (id <= 4399390))
	  ->  Bitmap Index Scan on sbtest5_pkey  (cost=0.00..35.33 rows=1089 width=0)
	        Index Cond: ((id >= 4398391) AND (id <= 4399390))

table 6 : explain SELECT c FROM sbtest6 WHERE id BETWEEN 415291 AND 416290
	Bitmap Heap Scan on sbtest6  (cost=34.49..3810.16 rows=981 width=121)
	  Recheck Cond: ((id >= 415291) AND (id <= 416290))
	  ->  Bitmap Index Scan on sbtest6_pkey  (cost=0.00..34.25 rows=981 width=0)
	        Index Cond: ((id >= 415291) AND (id <= 416290))

table 7 : explain SELECT c FROM sbtest7 WHERE id BETWEEN 5765500 AND 5766499
	Index Scan using sbtest7_pkey on sbtest7  (cost=0.43..3654.37 rows=932 width=121)
	  Index Cond: ((id >= 5765500) AND (id <= 5766499))

table 8 : explain SELECT c FROM sbtest8 WHERE id BETWEEN 5905722 AND 5906721
	Bitmap Heap Scan on sbtest8  (cost=34.55..3832.98 rows=987 width=121)
	  Recheck Cond: ((id >= 5905722) AND (id <= 5906721))
	  ->  Bitmap Index Scan on sbtest8_pkey  (cost=0.00..34.31 rows=987 width=0)
	        Index Cond: ((id >= 5905722) AND (id <= 5906721))

explain: for point_selects :: explain SELECT c FROM sbtest%u WHERE id=%u
for: distinct_ranges
table 1 : explain SELECT DISTINCT c FROM sbtest1 WHERE id BETWEEN 6811824 AND 6812823 ORDER BY c
	Unique  (cost=4138.99..4144.27 rows=1056 width=121)
	  ->  Sort  (cost=4138.99..4141.63 rows=1056 width=121)
	        Sort Key: c
	        ->  Bitmap Heap Scan on sbtest1  (cost=35.26..4085.96 rows=1056 width=121)
	              Recheck Cond: ((id >= 6811824) AND (id <= 6812823))
	              ->  Bitmap Index Scan on sbtest1_pkey  (cost=0.00..35.00 rows=1056 width=0)
	                    Index Cond: ((id >= 6811824) AND (id <= 6812823))

table 2 : explain SELECT DISTINCT c FROM sbtest2 WHERE id BETWEEN 4994164 AND 4995163 ORDER BY c
	Unique  (cost=3948.16..3953.18 rows=1005 width=121)
	  ->  Sort  (cost=3948.16..3950.67 rows=1005 width=121)
	        Sort Key: c
	        ->  Bitmap Heap Scan on sbtest2  (cost=34.74..3898.05 rows=1005 width=121)
	              Recheck Cond: ((id >= 4994164) AND (id <= 4995163))
	              ->  Bitmap Index Scan on sbtest2_pkey  (cost=0.00..34.48 rows=1005 width=0)
	                    Index Cond: ((id >= 4994164) AND (id <= 4995163))

table 3 : explain SELECT DISTINCT c FROM sbtest3 WHERE id BETWEEN 9577112 AND 9578111 ORDER BY c
	Unique  (cost=3928.09..3933.09 rows=1000 width=121)
	  ->  Sort  (cost=3928.09..3930.59 rows=1000 width=121)
	        Sort Key: c
	        ->  Bitmap Heap Scan on sbtest3  (cost=34.69..3878.26 rows=1000 width=121)
	              Recheck Cond: ((id >= 9577112) AND (id <= 9578111))
	              ->  Bitmap Index Scan on sbtest3_pkey  (cost=0.00..34.44 rows=1000 width=0)
	                    Index Cond: ((id >= 9577112) AND (id <= 9578111))

table 4 : explain SELECT DISTINCT c FROM sbtest4 WHERE id BETWEEN 7568030 AND 7569029 ORDER BY c
	Unique  (cost=4027.57..4032.66 rows=1018 width=121)
	  ->  Sort  (cost=4027.57..4030.12 rows=1018 width=121)
	        Sort Key: c
	        ->  Index Scan using sbtest4_pkey on sbtest4  (cost=0.43..3976.71 rows=1018 width=121)
	              Index Cond: ((id >= 7568030) AND (id <= 7569029))

table 5 : explain SELECT DISTINCT c FROM sbtest5 WHERE id BETWEEN 3883393 AND 3884392 ORDER BY c
	Unique  (cost=3985.06..3990.13 rows=1014 width=121)
	  ->  Sort  (cost=3985.06..3987.60 rows=1014 width=121)
	        Sort Key: c
	        ->  Bitmap Heap Scan on sbtest5  (cost=34.83..3934.43 rows=1014 width=121)
	              Recheck Cond: ((id >= 3883393) AND (id <= 3884392))
	              ->  Bitmap Index Scan on sbtest5_pkey  (cost=0.00..34.58 rows=1014 width=0)
	                    Index Cond: ((id >= 3883393) AND (id <= 3884392))

table 6 : explain SELECT DISTINCT c FROM sbtest6 WHERE id BETWEEN 7927794 AND 7928793 ORDER BY c
	Unique  (cost=4039.20..4044.34 rows=1028 width=121)
	  ->  Sort  (cost=4039.20..4041.77 rows=1028 width=121)
	        Sort Key: c
	        ->  Bitmap Heap Scan on sbtest6  (cost=34.97..3987.77 rows=1028 width=121)
	              Recheck Cond: ((id >= 7927794) AND (id <= 7928793))
	              ->  Bitmap Index Scan on sbtest6_pkey  (cost=0.00..34.72 rows=1028 width=0)
	                    Index Cond: ((id >= 7927794) AND (id <= 7928793))

table 7 : explain SELECT DISTINCT c FROM sbtest7 WHERE id BETWEEN 4189894 AND 4190893 ORDER BY c
	Unique  (cost=3898.13..3903.04 rows=982 width=121)
	  ->  Sort  (cost=3898.13..3900.58 rows=982 width=121)
	        Sort Key: c
	        ->  Index Scan using sbtest7_pkey on sbtest7  (cost=0.43..3849.32 rows=982 width=121)
	              Index Cond: ((id >= 4189894) AND (id <= 4190893))

table 8 : explain SELECT DISTINCT c FROM sbtest8 WHERE id BETWEEN 571977 AND 572976 ORDER BY c
	Unique  (cost=4050.84..4055.99 rows=1031 width=121)
	  ->  Sort  (cost=4050.84..4053.41 rows=1031 width=121)
	        Sort Key: c
	        ->  Bitmap Heap Scan on sbtest8  (cost=35.00..3999.24 rows=1031 width=121)
	              Recheck Cond: ((id >= 571977) AND (id <= 572976))
	              ->  Bitmap Index Scan on sbtest8_pkey  (cost=0.00..34.75 rows=1031 width=0)
	                    Index Cond: ((id >= 571977) AND (id <= 572976))

explain: for point_selects :: explain SELECT c FROM sbtest%u WHERE id=%u
explain: for point_selects :: explain SELECT c FROM sbtest%u WHERE id=%u
explain: for point_selects :: explain SELECT c FROM sbtest%u WHERE id=%u
explain: for point_selects :: explain SELECT c FROM sbtest%u WHERE id=%u
explain: for point_selects :: explain SELECT c FROM sbtest%u WHERE id=%u
explain: for point_selects :: explain SELECT c FROM sbtest%u WHERE id=%u
for: order_ranges
table 1 : explain SELECT c FROM sbtest1 WHERE id BETWEEN 796792 AND 797791 ORDER BY c
	Sort  (cost=3894.30..3896.78 rows=992 width=121)
	  Sort Key: c
	  ->  Bitmap Heap Scan on sbtest1  (cost=34.60..3844.93 rows=992 width=121)
	        Recheck Cond: ((id >= 796792) AND (id <= 797791))
	        ->  Bitmap Index Scan on sbtest1_pkey  (cost=0.00..34.36 rows=992 width=0)
	              Index Cond: ((id >= 796792) AND (id <= 797791))

table 2 : explain SELECT c FROM sbtest2 WHERE id BETWEEN 4567883 AND 4568882 ORDER BY c
	Sort  (cost=3787.12..3789.53 rows=963 width=121)
	  Sort Key: c
	  ->  Bitmap Heap Scan on sbtest2  (cost=34.31..3739.40 rows=963 width=121)
	        Recheck Cond: ((id >= 4567883) AND (id <= 4568882))
	        ->  Bitmap Index Scan on sbtest2_pkey  (cost=0.00..34.07 rows=963 width=0)
	              Index Cond: ((id >= 4567883) AND (id <= 4568882))

table 3 : explain SELECT c FROM sbtest3 WHERE id BETWEEN 2474006 AND 2475005 ORDER BY c
	Sort  (cost=3954.91..3957.42 rows=1007 width=121)
	  Sort Key: c
	  ->  Bitmap Heap Scan on sbtest3  (cost=34.76..3904.68 rows=1007 width=121)
	        Recheck Cond: ((id >= 2474006) AND (id <= 2475005))
	        ->  Bitmap Index Scan on sbtest3_pkey  (cost=0.00..34.51 rows=1007 width=0)
	              Index Cond: ((id >= 2474006) AND (id <= 2475005))

table 4 : explain SELECT c FROM sbtest4 WHERE id BETWEEN 8702913 AND 8703912 ORDER BY c
	Sort  (cost=4090.65..4093.23 rows=1034 width=121)
	  Sort Key: c
	  ->  Index Scan using sbtest4_pkey on sbtest4  (cost=0.43..4038.87 rows=1034 width=121)
	        Index Cond: ((id >= 8702913) AND (id <= 8703912))

table 5 : explain SELECT c FROM sbtest5 WHERE id BETWEEN 191405 AND 192404 ORDER BY c
	Sort  (cost=4364.27..4367.05 rows=1112 width=121)
	  Sort Key: c
	  ->  Bitmap Heap Scan on sbtest5  (cost=39.83..4308.01 rows=1112 width=121)
	        Recheck Cond: ((id >= 191405) AND (id <= 192404))
	        ->  Bitmap Index Scan on sbtest5_pkey  (cost=0.00..39.56 rows=1112 width=0)
	              Index Cond: ((id >= 191405) AND (id <= 192404))

table 6 : explain SELECT c FROM sbtest6 WHERE id BETWEEN 5871795 AND 5872794 ORDER BY c
	Sort  (cost=3447.49..3449.65 rows=867 width=121)
	  Sort Key: c
	  ->  Index Scan using sbtest6_pkey on sbtest6  (cost=0.43..3405.18 rows=867 width=121)
	        Index Cond: ((id >= 5871795) AND (id <= 5872794))

table 7 : explain SELECT c FROM sbtest7 WHERE id BETWEEN 9307157 AND 9308156 ORDER BY c
	Sort  (cost=4027.92..4030.48 rows=1025 width=121)
	  Sort Key: c
	  ->  Bitmap Heap Scan on sbtest7  (cost=34.94..3976.66 rows=1025 width=121)
	        Recheck Cond: ((id >= 9307157) AND (id <= 9308156))
	        ->  Bitmap Index Scan on sbtest7_pkey  (cost=0.00..34.69 rows=1025 width=0)
	              Index Cond: ((id >= 9307157) AND (id <= 9308156))

table 8 : explain SELECT c FROM sbtest8 WHERE id BETWEEN 4593814 AND 4594813 ORDER BY c
	Sort  (cost=3787.88..3790.27 rows=953 width=121)
	  Sort Key: c
	  ->  Index Scan using sbtest8_pkey on sbtest8  (cost=0.43..3740.73 rows=953 width=121)
	        Index Cond: ((id >= 4593814) AND (id <= 4594813))

for: sum_ranges
table 1 : explain SELECT SUM(k) FROM sbtest1 WHERE id BETWEEN 7162145 AND 7163144
	Aggregate  (cost=3994.44..3994.45 rows=1 width=8)
	  ->  Bitmap Heap Scan on sbtest1  (cost=35.00..3991.87 rows=1031 width=4)
	        Recheck Cond: ((id >= 7162145) AND (id <= 7163144))
	        ->  Bitmap Index Scan on sbtest1_pkey  (cost=0.00..34.75 rows=1031 width=0)
	              Index Cond: ((id >= 7162145) AND (id <= 7163144))

table 2 : explain SELECT SUM(k) FROM sbtest2 WHERE id BETWEEN 471224 AND 472223
	Aggregate  (cost=3764.50..3764.51 rows=1 width=8)
	  ->  Bitmap Heap Scan on sbtest2  (cost=34.37..3762.08 rows=969 width=4)
	        Recheck Cond: ((id >= 471224) AND (id <= 472223))
	        ->  Bitmap Index Scan on sbtest2_pkey  (cost=0.00..34.12 rows=969 width=0)
	              Index Cond: ((id >= 471224) AND (id <= 472223))

table 3 : explain SELECT SUM(k) FROM sbtest3 WHERE id BETWEEN 7191782 AND 7192781
	Aggregate  (cost=3944.94..3944.95 rows=1 width=8)
	  ->  Bitmap Heap Scan on sbtest3  (cost=34.86..3942.40 rows=1017 width=4)
	        Recheck Cond: ((id >= 7191782) AND (id <= 7192781))
	        ->  Bitmap Index Scan on sbtest3_pkey  (cost=0.00..34.61 rows=1017 width=0)
	              Index Cond: ((id >= 7191782) AND (id <= 7192781))

table 4 : explain SELECT SUM(k) FROM sbtest4 WHERE id BETWEEN 859484 AND 860483
	Aggregate  (cost=4368.22..4368.23 rows=1 width=8)
	  ->  Index Scan using sbtest4_pkey on sbtest4  (cost=0.43..4365.42 rows=1117 width=4)
	        Index Cond: ((id >= 859484) AND (id <= 860483))

table 5 : explain SELECT SUM(k) FROM sbtest5 WHERE id BETWEEN 8380133 AND 8381132
	Aggregate  (cost=3827.31..3827.32 rows=1 width=8)
	  ->  Bitmap Heap Scan on sbtest5  (cost=34.53..3824.85 rows=985 width=4)
	        Recheck Cond: ((id >= 8380133) AND (id <= 8381132))
	        ->  Bitmap Index Scan on sbtest5_pkey  (cost=0.00..34.29 rows=985 width=0)
	              Index Cond: ((id >= 8380133) AND (id <= 8381132))

table 6 : explain SELECT SUM(k) FROM sbtest6 WHERE id BETWEEN 1542597 AND 1543596
	Aggregate  (cost=3990.34..3990.35 rows=1 width=8)
	  ->  Bitmap Heap Scan on sbtest6  (cost=34.97..3987.77 rows=1028 width=4)
	        Recheck Cond: ((id >= 1542597) AND (id <= 1543596))
	        ->  Bitmap Index Scan on sbtest6_pkey  (cost=0.00..34.72 rows=1028 width=0)
	              Index Cond: ((id >= 1542597) AND (id <= 1543596))

table 7 : explain SELECT SUM(k) FROM sbtest7 WHERE id BETWEEN 2955646 AND 2956645
	Aggregate  (cost=3680.10..3680.11 rows=1 width=8)
	  ->  Index Scan using sbtest7_pkey on sbtest7  (cost=0.43..3677.76 rows=938 width=4)
	        Index Cond: ((id >= 2955646) AND (id <= 2956645))

table 8 : explain SELECT SUM(k) FROM sbtest8 WHERE id BETWEEN 1640751 AND 1641750
	Aggregate  (cost=3590.75..3590.76 rows=1 width=8)
	  ->  Index Scan using sbtest8_pkey on sbtest8  (cost=0.43..3588.47 rows=914 width=4)
	        Index Cond: ((id >= 1640751) AND (id <= 1641750))

for: distinct_ranges
table 1 : explain SELECT DISTINCT c FROM sbtest1 WHERE id BETWEEN 2223078 AND 2224077 ORDER BY c
	Unique  (cost=4108.43..4113.67 rows=1048 width=121)
	  ->  Sort  (cost=4108.43..4111.05 rows=1048 width=121)
	        Sort Key: c
	        ->  Bitmap Heap Scan on sbtest1  (cost=35.18..4055.86 rows=1048 width=121)
	              Recheck Cond: ((id >= 2223078) AND (id <= 2224077))
	              ->  Bitmap Index Scan on sbtest1_pkey  (cost=0.00..34.92 rows=1048 width=0)
	                    Index Cond: ((id >= 2223078) AND (id <= 2224077))

table 2 : explain SELECT DISTINCT c FROM sbtest2 WHERE id BETWEEN 7418171 AND 7419170 ORDER BY c
	Unique  (cost=3829.32..3834.19 rows=974 width=121)
	  ->  Sort  (cost=3829.32..3831.76 rows=974 width=121)
	        Sort Key: c
	        ->  Bitmap Heap Scan on sbtest2  (cost=34.42..3780.97 rows=974 width=121)
	              Recheck Cond: ((id >= 7418171) AND (id <= 7419170))
	              ->  Bitmap Index Scan on sbtest2_pkey  (cost=0.00..34.18 rows=974 width=0)
	                    Index Cond: ((id >= 7418171) AND (id <= 7419170))

table 3 : explain SELECT DISTINCT c FROM sbtest3 WHERE id BETWEEN 2741757 AND 2742756 ORDER BY c
	Unique  (cost=4264.76..4270.20 rows=1088 width=121)
	  ->  Sort  (cost=4264.76..4267.48 rows=1088 width=121)
	        Sort Key: c
	        ->  Bitmap Heap Scan on sbtest3  (cost=35.59..4209.88 rows=1088 width=121)
	              Recheck Cond: ((id >= 2741757) AND (id <= 2742756))
	              ->  Bitmap Index Scan on sbtest3_pkey  (cost=0.00..35.32 rows=1088 width=0)
	                    Index Cond: ((id >= 2741757) AND (id <= 2742756))

table 4 : explain SELECT DISTINCT c FROM sbtest4 WHERE id BETWEEN 9189270 AND 9190269 ORDER BY c
	Unique  (cost=4500.83..4506.52 rows=1137 width=121)
	  ->  Sort  (cost=4500.83..4503.67 rows=1137 width=121)
	        Sort Key: c
	        ->  Index Scan using sbtest4_pkey on sbtest4  (cost=0.43..4443.12 rows=1137 width=121)
	              Index Cond: ((id >= 9189270) AND (id <= 9190269))

table 5 : explain SELECT DISTINCT c FROM sbtest5 WHERE id BETWEEN 1574617 AND 1575616 ORDER BY c
	Unique  (cost=3912.19..3917.17 rows=995 width=121)
	  ->  Sort  (cost=3912.19..3914.68 rows=995 width=121)
	        Sort Key: c
	        ->  Bitmap Heap Scan on sbtest5  (cost=34.63..3862.65 rows=995 width=121)
	              Recheck Cond: ((id >= 1574617) AND (id <= 1575616))
	              ->  Bitmap Index Scan on sbtest5_pkey  (cost=0.00..34.39 rows=995 width=0)
	                    Index Cond: ((id >= 1574617) AND (id <= 1575616))

table 6 : explain SELECT DISTINCT c FROM sbtest6 WHERE id BETWEEN 4122296 AND 4123295 ORDER BY c
	Unique  (cost=3939.50..3944.51 rows=1002 width=121)
	  ->  Sort  (cost=3939.50..3942.00 rows=1002 width=121)
	        Sort Key: c
	        ->  Bitmap Heap Scan on sbtest6  (cost=34.71..3889.56 rows=1002 width=121)
	              Recheck Cond: ((id >= 4122296) AND (id <= 4123295))
	              ->  Bitmap Index Scan on sbtest6_pkey  (cost=0.00..34.45 rows=1002 width=0)
	                    Index Cond: ((id >= 4122296) AND (id <= 4123295))

table 7 : explain SELECT DISTINCT c FROM sbtest7 WHERE id BETWEEN 386891 AND 387890 ORDER BY c
	Unique  (cost=3779.46..3784.22 rows=952 width=121)
	  ->  Sort  (cost=3779.46..3781.84 rows=952 width=121)
	        Sort Key: c
	        ->  Index Scan using sbtest7_pkey on sbtest7  (cost=0.43..3732.36 rows=952 width=121)
	              Index Cond: ((id >= 386891) AND (id <= 387890))

table 8 : explain SELECT DISTINCT c FROM sbtest8 WHERE id BETWEEN 5979235 AND 5980234 ORDER BY c
	Unique  (cost=3882.07..3887.00 rows=987 width=121)
	  ->  Sort  (cost=3882.07..3884.53 rows=987 width=121)
	        Sort Key: c
	        ->  Bitmap Heap Scan on sbtest8  (cost=34.55..3832.98 rows=987 width=121)
	              Recheck Cond: ((id >= 5979235) AND (id <= 5980234))
	              ->  Bitmap Index Scan on sbtest8_pkey  (cost=0.00..34.31 rows=987 width=0)
	                    Index Cond: ((id >= 5979235) AND (id <= 5980234))

for: distinct_ranges
table 1 : explain SELECT DISTINCT c FROM sbtest1 WHERE id BETWEEN 3791822 AND 3792821 ORDER BY c
	Unique  (cost=4410.15..4415.78 rows=1127 width=121)
	  ->  Sort  (cost=4410.15..4412.97 rows=1127 width=121)
	        Sort Key: c
	        ->  Bitmap Heap Scan on sbtest1  (cost=39.99..4353.02 rows=1127 width=121)
	              Recheck Cond: ((id >= 3791822) AND (id <= 3792821))
	              ->  Bitmap Index Scan on sbtest1_pkey  (cost=0.00..39.70 rows=1127 width=0)
	                    Index Cond: ((id >= 3791822) AND (id <= 3792821))

table 2 : explain SELECT DISTINCT c FROM sbtest2 WHERE id BETWEEN 2822999 AND 2823998 ORDER BY c
	Unique  (cost=4101.33..4106.56 rows=1045 width=121)
	  ->  Sort  (cost=4101.33..4103.95 rows=1045 width=121)
	        Sort Key: c
	        ->  Bitmap Heap Scan on sbtest2  (cost=35.15..4048.93 rows=1045 width=121)
	              Recheck Cond: ((id >= 2822999) AND (id <= 2823998))
	              ->  Bitmap Index Scan on sbtest2_pkey  (cost=0.00..34.89 rows=1045 width=0)
	                    Index Cond: ((id >= 2822999) AND (id <= 2823998))

table 3 : explain SELECT DISTINCT c FROM sbtest3 WHERE id BETWEEN 5935290 AND 5936289 ORDER BY c
	Unique  (cost=3997.03..4002.12 rows=1018 width=121)
	  ->  Sort  (cost=3997.03..3999.57 rows=1018 width=121)
	        Sort Key: c
	        ->  Bitmap Heap Scan on sbtest3  (cost=34.87..3946.17 rows=1018 width=121)
	              Recheck Cond: ((id >= 5935290) AND (id <= 5936289))
	              ->  Bitmap Index Scan on sbtest3_pkey  (cost=0.00..34.62 rows=1018 width=0)
	                    Index Cond: ((id >= 5935290) AND (id <= 5936289))

table 4 : explain SELECT DISTINCT c FROM sbtest4 WHERE id BETWEEN 2336538 AND 2337537 ORDER BY c
	Unique  (cost=4161.64..4166.90 rows=1052 width=121)
	  ->  Sort  (cost=4161.64..4164.27 rows=1052 width=121)
	        Sort Key: c
	        ->  Index Scan using sbtest4_pkey on sbtest4  (cost=0.43..4108.84 rows=1052 width=121)
	              Index Cond: ((id >= 2336538) AND (id <= 2337537))

table 5 : explain SELECT DISTINCT c FROM sbtest5 WHERE id BETWEEN 8621245 AND 8622244 ORDER BY c
	Unique  (cost=3988.90..3993.97 rows=1015 width=121)
	  ->  Sort  (cost=3988.90..3991.43 rows=1015 width=121)
	        Sort Key: c
	        ->  Bitmap Heap Scan on sbtest5  (cost=34.84..3938.21 rows=1015 width=121)
	              Recheck Cond: ((id >= 8621245) AND (id <= 8622244))
	              ->  Bitmap Index Scan on sbtest5_pkey  (cost=0.00..34.59 rows=1015 width=0)
	                    Index Cond: ((id >= 8621245) AND (id <= 8622244))

table 6 : explain SELECT DISTINCT c FROM sbtest6 WHERE id BETWEEN 6060466 AND 6061465 ORDER BY c
	Unique  (cost=3582.30..3586.81 rows=901 width=121)
	  ->  Sort  (cost=3582.30..3584.56 rows=901 width=121)
	        Sort Key: c
	        ->  Index Scan using sbtest6_pkey on sbtest6  (cost=0.43..3538.09 rows=901 width=121)
	              Index Cond: ((id >= 6060466) AND (id <= 6061465))

table 7 : explain SELECT DISTINCT c FROM sbtest7 WHERE id BETWEEN 8380310 AND 8381309 ORDER BY c
	Unique  (cost=3605.36..3609.91 rows=909 width=121)
	  ->  Sort  (cost=3605.36..3607.63 rows=909 width=121)
	        Sort Key: c
	        ->  Index Scan using sbtest7_pkey on sbtest7  (cost=0.43..3560.69 rows=909 width=121)
	              Index Cond: ((id >= 8380310) AND (id <= 8381309))

table 8 : explain SELECT DISTINCT c FROM sbtest8 WHERE id BETWEEN 3675507 AND 3676506 ORDER BY c
	Unique  (cost=3558.16..3562.64 rows=896 width=121)
	  ->  Sort  (cost=3558.16..3560.40 rows=896 width=121)
	        Sort Key: c
	        ->  Index Scan using sbtest8_pkey on sbtest8  (cost=0.43..3514.22 rows=896 width=121)
	              Index Cond: ((id >= 3675507) AND (id <= 3676506))

for point_selects
table 1 : explain SELECT c FROM sbtest1 WHERE id=6973229
	Index Scan using sbtest1_pkey on sbtest1  (cost=0.43..8.45 rows=1 width=121)
	  Index Cond: (id = 6973229)

table 2 : explain SELECT c FROM sbtest2 WHERE id=8667862
	Index Scan using sbtest2_pkey on sbtest2  (cost=0.43..8.45 rows=1 width=121)
	  Index Cond: (id = 8667862)

table 3 : explain SELECT c FROM sbtest3 WHERE id=5991451
	Index Scan using sbtest3_pkey on sbtest3  (cost=0.43..8.45 rows=1 width=121)
	  Index Cond: (id = 5991451)

table 4 : explain SELECT c FROM sbtest4 WHERE id=3486934
	Index Scan using sbtest4_pkey on sbtest4  (cost=0.43..8.45 rows=1 width=121)
	  Index Cond: (id = 3486934)

table 5 : explain SELECT c FROM sbtest5 WHERE id=2805132
	Index Scan using sbtest5_pkey on sbtest5  (cost=0.43..8.45 rows=1 width=121)
	  Index Cond: (id = 2805132)

table 6 : explain SELECT c FROM sbtest6 WHERE id=5057205
	Index Scan using sbtest6_pkey on sbtest6  (cost=0.43..8.45 rows=1 width=121)
	  Index Cond: (id = 5057205)

table 7 : explain SELECT c FROM sbtest7 WHERE id=8720929
	Index Scan using sbtest7_pkey on sbtest7  (cost=0.43..8.45 rows=1 width=121)
	  Index Cond: (id = 8720929)

table 8 : explain SELECT c FROM sbtest8 WHERE id=8098473
	Index Scan using sbtest8_pkey on sbtest8  (cost=0.43..8.45 rows=1 width=121)
	  Index Cond: (id = 8098473)

for point_selects
table 1 : explain SELECT c FROM sbtest1 WHERE id=6678840
	Index Scan using sbtest1_pkey on sbtest1  (cost=0.43..8.45 rows=1 width=121)
	  Index Cond: (id = 6678840)

table 2 : explain SELECT c FROM sbtest2 WHERE id=2188535
	Index Scan using sbtest2_pkey on sbtest2  (cost=0.43..8.45 rows=1 width=121)
	  Index Cond: (id = 2188535)

table 3 : explain SELECT c FROM sbtest3 WHERE id=8076354
	Index Scan using sbtest3_pkey on sbtest3  (cost=0.43..8.45 rows=1 width=121)
	  Index Cond: (id = 8076354)

table 4 : explain SELECT c FROM sbtest4 WHERE id=6450053
	Index Scan using sbtest4_pkey on sbtest4  (cost=0.43..8.45 rows=1 width=121)
	  Index Cond: (id = 6450053)

table 5 : explain SELECT c FROM sbtest5 WHERE id=1106381
	Index Scan using sbtest5_pkey on sbtest5  (cost=0.43..8.45 rows=1 width=121)
	  Index Cond: (id = 1106381)

table 6 : explain SELECT c FROM sbtest6 WHERE id=3226613
	Index Scan using sbtest6_pkey on sbtest6  (cost=0.43..8.45 rows=1 width=121)
	  Index Cond: (id = 3226613)

table 7 : explain SELECT c FROM sbtest7 WHERE id=5229266
	Index Scan using sbtest7_pkey on sbtest7  (cost=0.43..8.45 rows=1 width=121)
	  Index Cond: (id = 5229266)

table 8 : explain SELECT c FROM sbtest8 WHERE id=6616278
	Index Scan using sbtest8_pkey on sbtest8  (cost=0.43..8.45 rows=1 width=121)
	  Index Cond: (id = 6616278)

for: distinct_ranges
table 1 : explain SELECT DISTINCT c FROM sbtest1 WHERE id BETWEEN 4371663 AND 4372662 ORDER BY c
	Unique  (cost=3875.16..3880.10 rows=987 width=121)
	  ->  Sort  (cost=3875.16..3877.63 rows=987 width=121)
	        Sort Key: c
	        ->  Bitmap Heap Scan on sbtest1  (cost=34.55..3826.08 rows=987 width=121)
	              Recheck Cond: ((id >= 4371663) AND (id <= 4372662))
	              ->  Bitmap Index Scan on sbtest1_pkey  (cost=0.00..34.31 rows=987 width=0)
	                    Index Cond: ((id >= 4371663) AND (id <= 4372662))

table 2 : explain SELECT DISTINCT c FROM sbtest2 WHERE id BETWEEN 3783988 AND 3784987 ORDER BY c
	Unique  (cost=4112.81..4118.05 rows=1048 width=121)
	  ->  Sort  (cost=4112.81..4115.43 rows=1048 width=121)
	        Sort Key: c
	        ->  Bitmap Heap Scan on sbtest2  (cost=35.18..4060.24 rows=1048 width=121)
	              Recheck Cond: ((id >= 3783988) AND (id <= 3784987))
	              ->  Bitmap Index Scan on sbtest2_pkey  (cost=0.00..34.92 rows=1048 width=0)
	                    Index Cond: ((id >= 3783988) AND (id <= 3784987))

table 3 : explain SELECT DISTINCT c FROM sbtest3 WHERE id BETWEEN 669692 AND 670691 ORDER BY c
	Unique  (cost=3885.94..3890.89 rows=989 width=121)
	  ->  Sort  (cost=3885.94..3888.42 rows=989 width=121)
	        Sort Key: c
	        ->  Bitmap Heap Scan on sbtest3  (cost=34.57..3836.74 rows=989 width=121)
	              Recheck Cond: ((id >= 669692) AND (id <= 670691))
	              ->  Bitmap Index Scan on sbtest3_pkey  (cost=0.00..34.33 rows=989 width=0)
	                    Index Cond: ((id >= 669692) AND (id <= 670691))

table 4 : explain SELECT DISTINCT c FROM sbtest4 WHERE id BETWEEN 1734113 AND 1735112 ORDER BY c
	Unique  (cost=4583.75..4589.54 rows=1159 width=121)
	  ->  Sort  (cost=4583.75..4586.64 rows=1159 width=121)
	        Sort Key: c
	        ->  Index Scan using sbtest4_pkey on sbtest4  (cost=0.43..4524.76 rows=1159 width=121)
	              Index Cond: ((id >= 1734113) AND (id <= 1735112))

table 5 : explain SELECT DISTINCT c FROM sbtest5 WHERE id BETWEEN 1779790 AND 1780789 ORDER BY c
	Unique  (cost=3942.88..3947.89 rows=1003 width=121)
	  ->  Sort  (cost=3942.88..3945.39 rows=1003 width=121)
	        Sort Key: c
	        ->  Bitmap Heap Scan on sbtest5  (cost=34.72..3892.88 rows=1003 width=121)
	              Recheck Cond: ((id >= 1779790) AND (id <= 1780789))
	              ->  Bitmap Index Scan on sbtest5_pkey  (cost=0.00..34.47 rows=1003 width=0)
	                    Index Cond: ((id >= 1779790) AND (id <= 1780789))

table 6 : explain SELECT DISTINCT c FROM sbtest6 WHERE id BETWEEN 6974995 AND 6975994 ORDER BY c
	Unique  (cost=3966.35..3971.39 rows=1009 width=121)
	  ->  Sort  (cost=3966.35..3968.87 rows=1009 width=121)
	        Sort Key: c
	        ->  Bitmap Heap Scan on sbtest6  (cost=34.78..3916.01 rows=1009 width=121)
	              Recheck Cond: ((id >= 6974995) AND (id <= 6975994))
	              ->  Bitmap Index Scan on sbtest6_pkey  (cost=0.00..34.53 rows=1009 width=0)
	                    Index Cond: ((id >= 6974995) AND (id <= 6975994))

table 7 : explain SELECT DISTINCT c FROM sbtest7 WHERE id BETWEEN 2975855 AND 2976854 ORDER BY c
	Unique  (cost=3724.06..3728.75 rows=938 width=121)
	  ->  Sort  (cost=3724.06..3726.41 rows=938 width=121)
	        Sort Key: c
	        ->  Index Scan using sbtest7_pkey on sbtest7  (cost=0.43..3677.76 rows=938 width=121)
	              Index Cond: ((id >= 2975855) AND (id <= 2976854))

table 8 : explain SELECT DISTINCT c FROM sbtest8 WHERE id BETWEEN 9651988 AND 9652987 ORDER BY c
	Unique  (cost=4035.50..4040.64 rows=1027 width=121)
	  ->  Sort  (cost=4035.50..4038.07 rows=1027 width=121)
	        Sort Key: c
	        ->  Bitmap Heap Scan on sbtest8  (cost=34.96..3984.13 rows=1027 width=121)
	              Recheck Cond: ((id >= 9651988) AND (id <= 9652987))
	              ->  Bitmap Index Scan on sbtest8_pkey  (cost=0.00..34.70 rows=1027 width=0)
	                    Index Cond: ((id >= 9651988) AND (id <= 9652987))

for point_selects
table 1 : explain SELECT c FROM sbtest1 WHERE id=3238033
	Index Scan using sbtest1_pkey on sbtest1  (cost=0.43..8.45 rows=1 width=121)
	  Index Cond: (id = 3238033)

table 2 : explain SELECT c FROM sbtest2 WHERE id=7828756
	Index Scan using sbtest2_pkey on sbtest2  (cost=0.43..8.45 rows=1 width=121)
	  Index Cond: (id = 7828756)

table 3 : explain SELECT c FROM sbtest3 WHERE id=618409
	Index Scan using sbtest3_pkey on sbtest3  (cost=0.43..8.45 rows=1 width=121)
	  Index Cond: (id = 618409)

table 4 : explain SELECT c FROM sbtest4 WHERE id=854884
	Index Scan using sbtest4_pkey on sbtest4  (cost=0.43..8.45 rows=1 width=121)
	  Index Cond: (id = 854884)

table 5 : explain SELECT c FROM sbtest5 WHERE id=7025123
	Index Scan using sbtest5_pkey on sbtest5  (cost=0.43..8.45 rows=1 width=121)
	  Index Cond: (id = 7025123)

table 6 : explain SELECT c FROM sbtest6 WHERE id=5179231
	Index Scan using sbtest6_pkey on sbtest6  (cost=0.43..8.45 rows=1 width=121)
	  Index Cond: (id = 5179231)

table 7 : explain SELECT c FROM sbtest7 WHERE id=9377843
	Index Scan using sbtest7_pkey on sbtest7  (cost=0.43..8.45 rows=1 width=121)
	  Index Cond: (id = 9377843)

table 8 : explain SELECT c FROM sbtest8 WHERE id=9955359
	Index Scan using sbtest8_pkey on sbtest8  (cost=0.43..8.45 rows=1 width=121)
	  Index Cond: (id = 9955359)

for point_selects
table 1 : explain SELECT c FROM sbtest1 WHERE id=1678645
	Index Scan using sbtest1_pkey on sbtest1  (cost=0.43..8.45 rows=1 width=121)
	  Index Cond: (id = 1678645)

table 2 : explain SELECT c FROM sbtest2 WHERE id=3841940
	Index Scan using sbtest2_pkey on sbtest2  (cost=0.43..8.45 rows=1 width=121)
	  Index Cond: (id = 3841940)

table 3 : explain SELECT c FROM sbtest3 WHERE id=6482795
	Index Scan using sbtest3_pkey on sbtest3  (cost=0.43..8.45 rows=1 width=121)
	  Index Cond: (id = 6482795)

table 4 : explain SELECT c FROM sbtest4 WHERE id=9305442
	Index Scan using sbtest4_pkey on sbtest4  (cost=0.43..8.45 rows=1 width=121)
	  Index Cond: (id = 9305442)

table 5 : explain SELECT c FROM sbtest5 WHERE id=9202092
	Index Scan using sbtest5_pkey on sbtest5  (cost=0.43..8.45 rows=1 width=121)
	  Index Cond: (id = 9202092)

table 6 : explain SELECT c FROM sbtest6 WHERE id=1355760
	Index Scan using sbtest6_pkey on sbtest6  (cost=0.43..8.45 rows=1 width=121)
	  Index Cond: (id = 1355760)

table 7 : explain SELECT c FROM sbtest7 WHERE id=9120237
	Index Scan using sbtest7_pkey on sbtest7  (cost=0.43..8.45 rows=1 width=121)
	  Index Cond: (id = 9120237)

table 8 : explain SELECT c FROM sbtest8 WHERE id=1285790
	Index Scan using sbtest8_pkey on sbtest8  (cost=0.43..8.45 rows=1 width=121)
	  Index Cond: (id = 1285790)

for point_selects
table 1 : explain SELECT c FROM sbtest1 WHERE id=8275339
	Index Scan using sbtest1_pkey on sbtest1  (cost=0.43..8.45 rows=1 width=121)
	  Index Cond: (id = 8275339)

table 2 : explain SELECT c FROM sbtest2 WHERE id=6490277
	Index Scan using sbtest2_pkey on sbtest2  (cost=0.43..8.45 rows=1 width=121)
	  Index Cond: (id = 6490277)

table 3 : explain SELECT c FROM sbtest3 WHERE id=2698878
	Index Scan using sbtest3_pkey on sbtest3  (cost=0.43..8.45 rows=1 width=121)
	  Index Cond: (id = 2698878)

table 4 : explain SELECT c FROM sbtest4 WHERE id=5585402
	Index Scan using sbtest4_pkey on sbtest4  (cost=0.43..8.45 rows=1 width=121)
	  Index Cond: (id = 5585402)

table 5 : explain SELECT c FROM sbtest5 WHERE id=1784177
	Index Scan using sbtest5_pkey on sbtest5  (cost=0.43..8.45 rows=1 width=121)
	  Index Cond: (id = 1784177)

table 6 : explain SELECT c FROM sbtest6 WHERE id=1020774
	Index Scan using sbtest6_pkey on sbtest6  (cost=0.43..8.45 rows=1 width=121)
	  Index Cond: (id = 1020774)

table 7 : explain SELECT c FROM sbtest7 WHERE id=4234347
	Index Scan using sbtest7_pkey on sbtest7  (cost=0.43..8.45 rows=1 width=121)
	  Index Cond: (id = 4234347)

table 8 : explain SELECT c FROM sbtest8 WHERE id=898685
	Index Scan using sbtest8_pkey on sbtest8  (cost=0.43..8.45 rows=1 width=121)
	  Index Cond: (id = 898685)

for point_selects
table 1 : explain SELECT c FROM sbtest1 WHERE id=5202374
	Index Scan using sbtest1_pkey on sbtest1  (cost=0.43..8.45 rows=1 width=121)
	  Index Cond: (id = 5202374)

table 2 : explain SELECT c FROM sbtest2 WHERE id=7829106
	Index Scan using sbtest2_pkey on sbtest2  (cost=0.43..8.45 rows=1 width=121)
	  Index Cond: (id = 7829106)

table 3 : explain SELECT c FROM sbtest3 WHERE id=4829867
	Index Scan using sbtest3_pkey on sbtest3  (cost=0.43..8.45 rows=1 width=121)
	  Index Cond: (id = 4829867)

table 4 : explain SELECT c FROM sbtest4 WHERE id=2086518
	Index Scan using sbtest4_pkey on sbtest4  (cost=0.43..8.45 rows=1 width=121)
	  Index Cond: (id = 2086518)

table 5 : explain SELECT c FROM sbtest5 WHERE id=8371796
	Index Scan using sbtest5_pkey on sbtest5  (cost=0.43..8.45 rows=1 width=121)
	  Index Cond: (id = 8371796)

table 6 : explain SELECT c FROM sbtest6 WHERE id=3965171
	Index Scan using sbtest6_pkey on sbtest6  (cost=0.43..8.45 rows=1 width=121)
	  Index Cond: (id = 3965171)

table 7 : explain SELECT c FROM sbtest7 WHERE id=1691612
	Index Scan using sbtest7_pkey on sbtest7  (cost=0.43..8.45 rows=1 width=121)
	  Index Cond: (id = 1691612)

table 8 : explain SELECT c FROM sbtest8 WHERE id=2105341
	Index Scan using sbtest8_pkey on sbtest8  (cost=0.43..8.45 rows=1 width=121)
	  Index Cond: (id = 2105341)

for point_selects
table 1 : explain SELECT c FROM sbtest1 WHERE id=3973367
	Index Scan using sbtest1_pkey on sbtest1  (cost=0.43..8.45 rows=1 width=121)
	  Index Cond: (id = 3973367)

table 2 : explain SELECT c FROM sbtest2 WHERE id=303000
	Index Scan using sbtest2_pkey on sbtest2  (cost=0.43..8.45 rows=1 width=121)
	  Index Cond: (id = 303000)

table 3 : explain SELECT c FROM sbtest3 WHERE id=3971230
	Index Scan using sbtest3_pkey on sbtest3  (cost=0.43..8.45 rows=1 width=121)
	  Index Cond: (id = 3971230)

table 4 : explain SELECT c FROM sbtest4 WHERE id=4872186
	Index Scan using sbtest4_pkey on sbtest4  (cost=0.43..8.45 rows=1 width=121)
	  Index Cond: (id = 4872186)

table 5 : explain SELECT c FROM sbtest5 WHERE id=20154
	Index Scan using sbtest5_pkey on sbtest5  (cost=0.43..8.45 rows=1 width=121)
	  Index Cond: (id = 20154)

table 6 : explain SELECT c FROM sbtest6 WHERE id=5209166
	Index Scan using sbtest6_pkey on sbtest6  (cost=0.43..8.45 rows=1 width=121)
	  Index Cond: (id = 5209166)

table 7 : explain SELECT c FROM sbtest7 WHERE id=9444407
	Index Scan using sbtest7_pkey on sbtest7  (cost=0.43..8.45 rows=1 width=121)
	  Index Cond: (id = 9444407)

table 8 : explain SELECT c FROM sbtest8 WHERE id=5979693
	Index Scan using sbtest8_pkey on sbtest8  (cost=0.43..8.45 rows=1 width=121)
	  Index Cond: (id = 5979693)

for: order_ranges
table 1 : explain SELECT c FROM sbtest1 WHERE id BETWEEN 9498870 AND 9499869 ORDER BY c
	Sort  (cost=4035.82..4038.39 rows=1029 width=121)
	  Sort Key: c
	  ->  Bitmap Heap Scan on sbtest1  (cost=34.98..3984.34 rows=1029 width=121)
	        Recheck Cond: ((id >= 9498870) AND (id <= 9499869))
	        ->  Bitmap Index Scan on sbtest1_pkey  (cost=0.00..34.73 rows=1029 width=0)
	              Index Cond: ((id >= 9498870) AND (id <= 9499869))

table 2 : explain SELECT c FROM sbtest2 WHERE id BETWEEN 4547049 AND 4548048 ORDER BY c
	Sort  (cost=3787.12..3789.53 rows=963 width=121)
	  Sort Key: c
	  ->  Bitmap Heap Scan on sbtest2  (cost=34.31..3739.40 rows=963 width=121)
	        Recheck Cond: ((id >= 4547049) AND (id <= 4548048))
	        ->  Bitmap Index Scan on sbtest2_pkey  (cost=0.00..34.07 rows=963 width=0)
	              Index Cond: ((id >= 4547049) AND (id <= 4548048))

table 3 : explain SELECT c FROM sbtest3 WHERE id BETWEEN 7703361 AND 7704360 ORDER BY c
	Sort  (cost=3640.44..3642.75 rows=925 width=121)
	  Sort Key: c
	  ->  Bitmap Heap Scan on sbtest3  (cost=33.92..3594.86 rows=925 width=121)
	        Recheck Cond: ((id >= 7703361) AND (id <= 7704360))
	        ->  Bitmap Index Scan on sbtest3_pkey  (cost=0.00..33.69 rows=925 width=0)
	              Index Cond: ((id >= 7703361) AND (id <= 7704360))

table 4 : explain SELECT c FROM sbtest4 WHERE id BETWEEN 5578509 AND 5579508 ORDER BY c
	Sort  (cost=3901.36..3903.82 rows=986 width=121)
	  Sort Key: c
	  ->  Index Scan using sbtest4_pkey on sbtest4  (cost=0.43..3852.33 rows=986 width=121)
	        Index Cond: ((id >= 5578509) AND (id <= 5579508))

table 5 : explain SELECT c FROM sbtest5 WHERE id BETWEEN 2627974 AND 2628973 ORDER BY c
	Sort  (cost=3881.50..3883.96 rows=987 width=121)
	  Sort Key: c
	  ->  Bitmap Heap Scan on sbtest5  (cost=34.55..3832.41 rows=987 width=121)
	        Recheck Cond: ((id >= 2627974) AND (id <= 2628973))
	        ->  Bitmap Index Scan on sbtest5_pkey  (cost=0.00..34.31 rows=987 width=0)
	              Index Cond: ((id >= 2627974) AND (id <= 2628973))

table 6 : explain SELECT c FROM sbtest6 WHERE id BETWEEN 2197052 AND 2198051 ORDER BY c
	Sort  (cost=3789.79..3792.20 rows=963 width=121)
	  Sort Key: c
	  ->  Bitmap Heap Scan on sbtest6  (cost=34.31..3742.07 rows=963 width=121)
	        Recheck Cond: ((id >= 2197052) AND (id <= 2198051))
	        ->  Bitmap Index Scan on sbtest6_pkey  (cost=0.00..34.07 rows=963 width=0)
	              Index Cond: ((id >= 2197052) AND (id <= 2198051))

table 7 : explain SELECT c FROM sbtest7 WHERE id BETWEEN 6129962 AND 6130961 ORDER BY c
	Sort  (cost=3838.77..3841.19 rows=967 width=121)
	  Sort Key: c
	  ->  Index Scan using sbtest7_pkey on sbtest7  (cost=0.43..3790.82 rows=967 width=121)
	        Index Cond: ((id >= 6129962) AND (id <= 6130961))

table 8 : explain SELECT c FROM sbtest8 WHERE id BETWEEN 1749405 AND 1750404 ORDER BY c
	Sort  (cost=4154.29..4156.94 rows=1058 width=121)
	  Sort Key: c
	  ->  Bitmap Heap Scan on sbtest8  (cost=35.28..4101.14 rows=1058 width=121)
	        Recheck Cond: ((id >= 1749405) AND (id <= 1750404))
	        ->  Bitmap Index Scan on sbtest8_pkey  (cost=0.00..35.02 rows=1058 width=0)
	              Index Cond: ((id >= 1749405) AND (id <= 1750404))

for point_selects
table 1 : explain SELECT c FROM sbtest1 WHERE id=1643797
	Index Scan using sbtest1_pkey on sbtest1  (cost=0.43..8.45 rows=1 width=121)
	  Index Cond: (id = 1643797)

table 2 : explain SELECT c FROM sbtest2 WHERE id=3718457
	Index Scan using sbtest2_pkey on sbtest2  (cost=0.43..8.45 rows=1 width=121)
	  Index Cond: (id = 3718457)

table 3 : explain SELECT c FROM sbtest3 WHERE id=7068130
	Index Scan using sbtest3_pkey on sbtest3  (cost=0.43..8.45 rows=1 width=121)
	  Index Cond: (id = 7068130)

table 4 : explain SELECT c FROM sbtest4 WHERE id=516680
	Index Scan using sbtest4_pkey on sbtest4  (cost=0.43..8.45 rows=1 width=121)
	  Index Cond: (id = 516680)

table 5 : explain SELECT c FROM sbtest5 WHERE id=3387692
	Index Scan using sbtest5_pkey on sbtest5  (cost=0.43..8.45 rows=1 width=121)
	  Index Cond: (id = 3387692)

table 6 : explain SELECT c FROM sbtest6 WHERE id=4775251
	Index Scan using sbtest6_pkey on sbtest6  (cost=0.43..8.45 rows=1 width=121)
	  Index Cond: (id = 4775251)

table 7 : explain SELECT c FROM sbtest7 WHERE id=2946224
	Index Scan using sbtest7_pkey on sbtest7  (cost=0.43..8.45 rows=1 width=121)
	  Index Cond: (id = 2946224)

table 8 : explain SELECT c FROM sbtest8 WHERE id=6779420
	Index Scan using sbtest8_pkey on sbtest8  (cost=0.43..8.45 rows=1 width=121)
	  Index Cond: (id = 6779420)

for: simple_ranges
table 1 : explain SELECT c FROM sbtest1 WHERE id BETWEEN 8109486 AND 8110485
	Bitmap Heap Scan on sbtest1  (cost=34.37..3758.18 rows=969 width=121)
	  Recheck Cond: ((id >= 8109486) AND (id <= 8110485))
	  ->  Bitmap Index Scan on sbtest1_pkey  (cost=0.00..34.12 rows=969 width=0)
	        Index Cond: ((id >= 8109486) AND (id <= 8110485))

table 2 : explain SELECT c FROM sbtest2 WHERE id BETWEEN 687382 AND 688381
	Bitmap Heap Scan on sbtest2  (cost=34.43..3784.75 rows=975 width=121)
	  Recheck Cond: ((id >= 687382) AND (id <= 688381))
	  ->  Bitmap Index Scan on sbtest2_pkey  (cost=0.00..34.19 rows=975 width=0)
	        Index Cond: ((id >= 687382) AND (id <= 688381))

table 3 : explain SELECT c FROM sbtest3 WHERE id BETWEEN 8099782 AND 8100781
	Bitmap Heap Scan on sbtest3  (cost=33.97..3613.78 rows=930 width=121)
	  Recheck Cond: ((id >= 8099782) AND (id <= 8100781))
	  ->  Bitmap Index Scan on sbtest3_pkey  (cost=0.00..33.73 rows=930 width=0)
	        Index Cond: ((id >= 8099782) AND (id <= 8100781))

table 4 : explain SELECT c FROM sbtest4 WHERE id BETWEEN 59400 AND 60399
	Index Scan using sbtest4_pkey on sbtest4  (cost=0.43..4085.49 rows=1046 width=121)
	  Index Cond: ((id >= 59400) AND (id <= 60399))

table 5 : explain SELECT c FROM sbtest5 WHERE id BETWEEN 467723 AND 468722
	Bitmap Heap Scan on sbtest5  (cost=34.33..3749.21 rows=965 width=121)
	  Recheck Cond: ((id >= 467723) AND (id <= 468722))
	  ->  Bitmap Index Scan on sbtest5_pkey  (cost=0.00..34.09 rows=965 width=0)
	        Index Cond: ((id >= 467723) AND (id <= 468722))

table 6 : explain SELECT c FROM sbtest6 WHERE id BETWEEN 6575137 AND 6576136
	Bitmap Heap Scan on sbtest6  (cost=35.55..4199.04 rows=1084 width=121)
	  Recheck Cond: ((id >= 6575137) AND (id <= 6576136))
	  ->  Bitmap Index Scan on sbtest6_pkey  (cost=0.00..35.28 rows=1084 width=0)
	        Index Cond: ((id >= 6575137) AND (id <= 6576136))

table 7 : explain SELECT c FROM sbtest7 WHERE id BETWEEN 7350128 AND 7351127
	Index Scan using sbtest7_pkey on sbtest7  (cost=0.43..3899.99 rows=995 width=121)
	  Index Cond: ((id >= 7350128) AND (id <= 7351127))

table 8 : explain SELECT c FROM sbtest8 WHERE id BETWEEN 8533105 AND 8534104
	Index Scan using sbtest8_pkey on sbtest8  (cost=0.43..3682.16 rows=938 width=121)
	  Index Cond: ((id >= 8533105) AND (id <= 8534104))

for: simple_ranges
table 1 : explain SELECT c FROM sbtest1 WHERE id BETWEEN 9559224 AND 9560223
	Bitmap Heap Scan on sbtest1  (cost=34.98..3984.34 rows=1029 width=121)
	  Recheck Cond: ((id >= 9559224) AND (id <= 9560223))
	  ->  Bitmap Index Scan on sbtest1_pkey  (cost=0.00..34.73 rows=1029 width=0)
	        Index Cond: ((id >= 9559224) AND (id <= 9560223))

table 2 : explain SELECT c FROM sbtest2 WHERE id BETWEEN 2249671 AND 2250670
	Bitmap Heap Scan on sbtest2  (cost=35.54..4192.09 rows=1083 width=121)
	  Recheck Cond: ((id >= 2249671) AND (id <= 2250670))
	  ->  Bitmap Index Scan on sbtest2_pkey  (cost=0.00..35.27 rows=1083 width=0)
	        Index Cond: ((id >= 2249671) AND (id <= 2250670))

table 3 : explain SELECT c FROM sbtest3 WHERE id BETWEEN 8857010 AND 8858009
	Bitmap Heap Scan on sbtest3  (cost=35.12..4036.66 rows=1042 width=121)
	  Recheck Cond: ((id >= 8857010) AND (id <= 8858009))
	  ->  Bitmap Index Scan on sbtest3_pkey  (cost=0.00..34.86 rows=1042 width=0)
	        Index Cond: ((id >= 8857010) AND (id <= 8858009))

table 4 : explain SELECT c FROM sbtest4 WHERE id BETWEEN 9865945 AND 9866944
	Index Scan using sbtest4_pkey on sbtest4  (cost=0.43..4116.61 rows=1054 width=121)
	  Index Cond: ((id >= 9865945) AND (id <= 9866944))

table 5 : explain SELECT c FROM sbtest5 WHERE id BETWEEN 121038 AND 122037
	Bitmap Heap Scan on sbtest5  (cost=39.83..4308.01 rows=1112 width=121)
	  Recheck Cond: ((id >= 121038) AND (id <= 122037))
	  ->  Bitmap Index Scan on sbtest5_pkey  (cost=0.00..39.56 rows=1112 width=0)
	        Index Cond: ((id >= 121038) AND (id <= 122037))

table 6 : explain SELECT c FROM sbtest6 WHERE id BETWEEN 6783076 AND 6784075
	Bitmap Heap Scan on sbtest6  (cost=35.17..4059.50 rows=1047 width=121)
	  Recheck Cond: ((id >= 6783076) AND (id <= 6784075))
	  ->  Bitmap Index Scan on sbtest6_pkey  (cost=0.00..34.91 rows=1047 width=0)
	        Index Cond: ((id >= 6783076) AND (id <= 6784075))

table 7 : explain SELECT c FROM sbtest7 WHERE id BETWEEN 5925663 AND 5926662
	Index Scan using sbtest7_pkey on sbtest7  (cost=0.43..3728.46 rows=951 width=121)
	  Index Cond: ((id >= 5925663) AND (id <= 5926662))

table 8 : explain SELECT c FROM sbtest8 WHERE id BETWEEN 2691624 AND 2692623
	Bitmap Heap Scan on sbtest8  (cost=40.30..4481.82 rows=1158 width=121)
	  Recheck Cond: ((id >= 2691624) AND (id <= 2692623))
	  ->  Bitmap Index Scan on sbtest8_pkey  (cost=0.00..40.02 rows=1158 width=0)
	        Index Cond: ((id >= 2691624) AND (id <= 2692623))

for: simple_ranges
table 1 : explain SELECT c FROM sbtest1 WHERE id BETWEEN 7546536 AND 7547535
	Bitmap Heap Scan on sbtest1  (cost=34.96..3976.81 rows=1027 width=121)
	  Recheck Cond: ((id >= 7546536) AND (id <= 7547535))
	  ->  Bitmap Index Scan on sbtest1_pkey  (cost=0.00..34.70 rows=1027 width=0)
	        Index Cond: ((id >= 7546536) AND (id <= 7547535))

table 2 : explain SELECT c FROM sbtest2 WHERE id BETWEEN 6677145 AND 6678144
	Bitmap Heap Scan on sbtest2  (cost=34.55..3830.08 rows=987 width=121)
	  Recheck Cond: ((id >= 6677145) AND (id <= 6678144))
	  ->  Bitmap Index Scan on sbtest2_pkey  (cost=0.00..34.31 rows=987 width=0)
	        Index Cond: ((id >= 6677145) AND (id <= 6678144))

table 3 : explain SELECT c FROM sbtest3 WHERE id BETWEEN 5474597 AND 5475596
	Bitmap Heap Scan on sbtest3  (cost=34.33..3746.10 rows=965 width=121)
	  Recheck Cond: ((id >= 5474597) AND (id <= 5475596))
	  ->  Bitmap Index Scan on sbtest3_pkey  (cost=0.00..34.09 rows=965 width=0)
	        Index Cond: ((id >= 5474597) AND (id <= 5475596))

table 4 : explain SELECT c FROM sbtest4 WHERE id BETWEEN 716915 AND 717914
	Index Scan using sbtest4_pkey on sbtest4  (cost=0.43..3654.16 rows=935 width=121)
	  Index Cond: ((id >= 716915) AND (id <= 717914))

table 5 : explain SELECT c FROM sbtest5 WHERE id BETWEEN 6158823 AND 6159822
	Bitmap Heap Scan on sbtest5  (cost=35.59..4213.60 rows=1088 width=121)
	  Recheck Cond: ((id >= 6158823) AND (id <= 6159822))
	  ->  Bitmap Index Scan on sbtest5_pkey  (cost=0.00..35.32 rows=1088 width=0)
	        Index Cond: ((id >= 6158823) AND (id <= 6159822))

table 6 : explain SELECT c FROM sbtest6 WHERE id BETWEEN 5740512 AND 5741511
	Bitmap Heap Scan on sbtest6  (cost=34.03..3639.86 rows=936 width=121)
	  Recheck Cond: ((id >= 5740512) AND (id <= 5741511))
	  ->  Bitmap Index Scan on sbtest6_pkey  (cost=0.00..33.80 rows=936 width=0)
	        Index Cond: ((id >= 5740512) AND (id <= 5741511))

table 7 : explain SELECT c FROM sbtest7 WHERE id BETWEEN 752902 AND 753901
	Index Scan using sbtest7_pkey on sbtest7  (cost=0.43..3841.50 rows=980 width=121)
	  Index Cond: ((id >= 752902) AND (id <= 753901))

table 8 : explain SELECT c FROM sbtest8 WHERE id BETWEEN 7056799 AND 7057798
	Bitmap Heap Scan on sbtest8  (cost=35.40..4146.40 rows=1070 width=121)
	  Recheck Cond: ((id >= 7056799) AND (id <= 7057798))
	  ->  Bitmap Index Scan on sbtest8_pkey  (cost=0.00..35.14 rows=1070 width=0)
	        Index Cond: ((id >= 7056799) AND (id <= 7057798))

for: simple_ranges
table 1 : explain SELECT c FROM sbtest1 WHERE id BETWEEN 4187791 AND 4188790
	Bitmap Heap Scan on sbtest1  (cost=34.32..3739.32 rows=964 width=121)
	  Recheck Cond: ((id >= 4187791) AND (id <= 4188790))
	  ->  Bitmap Index Scan on sbtest1_pkey  (cost=0.00..34.08 rows=964 width=0)
	        Index Cond: ((id >= 4187791) AND (id <= 4188790))

table 2 : explain SELECT c FROM sbtest2 WHERE id BETWEEN 7115231 AND 7116230
	Bitmap Heap Scan on sbtest2  (cost=29.69..3508.37 rows=903 width=121)
	  Recheck Cond: ((id >= 7115231) AND (id <= 7116230))
	  ->  Bitmap Index Scan on sbtest2_pkey  (cost=0.00..29.46 rows=903 width=0)
	        Index Cond: ((id >= 7115231) AND (id <= 7116230))

table 3 : explain SELECT c FROM sbtest3 WHERE id BETWEEN 5694152 AND 5695151
	Bitmap Heap Scan on sbtest3  (cost=34.17..3689.41 rows=950 width=121)
	  Recheck Cond: ((id >= 5694152) AND (id <= 5695151))
	  ->  Bitmap Index Scan on sbtest3_pkey  (cost=0.00..33.94 rows=950 width=0)
	        Index Cond: ((id >= 5694152) AND (id <= 5695151))

table 4 : explain SELECT c FROM sbtest4 WHERE id BETWEEN 2562018 AND 2563017
	Index Scan using sbtest4_pkey on sbtest4  (cost=0.43..4038.87 rows=1034 width=121)
	  Index Cond: ((id >= 2562018) AND (id <= 2563017))

table 5 : explain SELECT c FROM sbtest5 WHERE id BETWEEN 6749565 AND 6750564
	Bitmap Heap Scan on sbtest5  (cost=34.17..3692.45 rows=950 width=121)
	  Recheck Cond: ((id >= 6749565) AND (id <= 6750564))
	  ->  Bitmap Index Scan on sbtest5_pkey  (cost=0.00..33.94 rows=950 width=0)
	        Index Cond: ((id >= 6749565) AND (id <= 6750564))

table 6 : explain SELECT c FROM sbtest6 WHERE id BETWEEN 6832414 AND 6833413
	Bitmap Heap Scan on sbtest6  (cost=33.99..3624.70 rows=932 width=121)
	  Recheck Cond: ((id >= 6832414) AND (id <= 6833413))
	  ->  Bitmap Index Scan on sbtest6_pkey  (cost=0.00..33.76 rows=932 width=0)
	        Index Cond: ((id >= 6832414) AND (id <= 6833413))

table 7 : explain SELECT c FROM sbtest7 WHERE id BETWEEN 6052113 AND 6053112
	Index Scan using sbtest7_pkey on sbtest7  (cost=0.43..3825.90 rows=976 width=121)
	  Index Cond: ((id >= 6052113) AND (id <= 6053112))

table 8 : explain SELECT c FROM sbtest8 WHERE id BETWEEN 8148646 AND 8149645
	Bitmap Heap Scan on sbtest8  (cost=34.81..3927.47 rows=1012 width=121)
	  Recheck Cond: ((id >= 8148646) AND (id <= 8149645))
	  ->  Bitmap Index Scan on sbtest8_pkey  (cost=0.00..34.56 rows=1012 width=0)
	        Index Cond: ((id >= 8148646) AND (id <= 8149645))

for: simple_ranges
table 1 : explain SELECT c FROM sbtest1 WHERE id BETWEEN 7182270 AND 7183269
	Bitmap Heap Scan on sbtest1  (cost=34.94..3969.27 rows=1025 width=121)
	  Recheck Cond: ((id >= 7182270) AND (id <= 7183269))
	  ->  Bitmap Index Scan on sbtest1_pkey  (cost=0.00..34.69 rows=1025 width=0)
	        Index Cond: ((id >= 7182270) AND (id <= 7183269))

table 2 : explain SELECT c FROM sbtest2 WHERE id BETWEEN 7690595 AND 7691594
	Bitmap Heap Scan on sbtest2  (cost=34.77..3909.37 rows=1008 width=121)
	  Recheck Cond: ((id >= 7690595) AND (id <= 7691594))
	  ->  Bitmap Index Scan on sbtest2_pkey  (cost=0.00..34.52 rows=1008 width=0)
	        Index Cond: ((id >= 7690595) AND (id <= 7691594))

table 3 : explain SELECT c FROM sbtest3 WHERE id BETWEEN 7704526 AND 7705525
	Bitmap Heap Scan on sbtest3  (cost=33.92..3594.86 rows=925 width=121)
	  Recheck Cond: ((id >= 7704526) AND (id <= 7705525))
	  ->  Bitmap Index Scan on sbtest3_pkey  (cost=0.00..33.69 rows=925 width=0)
	        Index Cond: ((id >= 7704526) AND (id <= 7705525))

table 4 : explain SELECT c FROM sbtest4 WHERE id BETWEEN 2233015 AND 2234014
	Index Scan using sbtest4_pkey on sbtest4  (cost=0.43..4151.57 rows=1063 width=121)
	  Index Cond: ((id >= 2233015) AND (id <= 2234014))

table 5 : explain SELECT c FROM sbtest5 WHERE id BETWEEN 7776485 AND 7777484
	Bitmap Heap Scan on sbtest5  (cost=35.18..4062.78 rows=1048 width=121)
	  Recheck Cond: ((id >= 7776485) AND (id <= 7777484))
	  ->  Bitmap Index Scan on sbtest5_pkey  (cost=0.00..34.92 rows=1048 width=0)
	        Index Cond: ((id >= 7776485) AND (id <= 7777484))

table 6 : explain SELECT c FROM sbtest6 WHERE id BETWEEN 4855694 AND 4856693
	Bitmap Heap Scan on sbtest6  (cost=34.47..3802.60 rows=979 width=121)
	  Recheck Cond: ((id >= 4855694) AND (id <= 4856693))
	  ->  Bitmap Index Scan on sbtest6_pkey  (cost=0.00..34.23 rows=979 width=0)
	        Index Cond: ((id >= 4855694) AND (id <= 4856693))

table 7 : explain SELECT c FROM sbtest7 WHERE id BETWEEN 3742680 AND 3743679
	Bitmap Heap Scan on sbtest7  (cost=34.95..3980.44 rows=1026 width=121)
	  Recheck Cond: ((id >= 3742680) AND (id <= 3743679))
	  ->  Bitmap Index Scan on sbtest7_pkey  (cost=0.00..34.70 rows=1026 width=0)
	        Index Cond: ((id >= 3742680) AND (id <= 3743679))

table 8 : explain SELECT c FROM sbtest8 WHERE id BETWEEN 1836409 AND 1837408
	Bitmap Heap Scan on sbtest8  (cost=34.77..3912.36 rows=1008 width=121)
	  Recheck Cond: ((id >= 1836409) AND (id <= 1837408))
	  ->  Bitmap Index Scan on sbtest8_pkey  (cost=0.00..34.52 rows=1008 width=0)
	        Index Cond: ((id >= 1836409) AND (id <= 1837408))

for: simple_ranges
table 1 : explain SELECT c FROM sbtest1 WHERE id BETWEEN 2776197 AND 2777196
	Bitmap Heap Scan on sbtest1  (cost=34.21..3701.57 rows=954 width=121)
	  Recheck Cond: ((id >= 2776197) AND (id <= 2777196))
	  ->  Bitmap Index Scan on sbtest1_pkey  (cost=0.00..33.98 rows=954 width=0)
	        Index Cond: ((id >= 2776197) AND (id <= 2777196))

table 2 : explain SELECT c FROM sbtest2 WHERE id BETWEEN 4500239 AND 4501238
	Bitmap Heap Scan on sbtest2  (cost=34.46..3796.09 rows=978 width=121)
	  Recheck Cond: ((id >= 4500239) AND (id <= 4501238))
	  ->  Bitmap Index Scan on sbtest2_pkey  (cost=0.00..34.22 rows=978 width=0)
	        Index Cond: ((id >= 4500239) AND (id <= 4501238))

table 3 : explain SELECT c FROM sbtest3 WHERE id BETWEEN 9773141 AND 9774140
	Bitmap Heap Scan on sbtest3  (cost=34.28..3727.21 rows=960 width=121)
	  Recheck Cond: ((id >= 9773141) AND (id <= 9774140))
	  ->  Bitmap Index Scan on sbtest3_pkey  (cost=0.00..34.04 rows=960 width=0)
	        Index Cond: ((id >= 9773141) AND (id <= 9774140))

table 4 : explain SELECT c FROM sbtest4 WHERE id BETWEEN 3678299 AND 3679298
	Index Scan using sbtest4_pkey on sbtest4  (cost=0.43..3996.14 rows=1023 width=121)
	  Index Cond: ((id >= 3678299) AND (id <= 3679298))

table 5 : explain SELECT c FROM sbtest5 WHERE id BETWEEN 4870937 AND 4871936
	Bitmap Heap Scan on sbtest5  (cost=34.90..3960.87 rows=1021 width=121)
	  Recheck Cond: ((id >= 4870937) AND (id <= 4871936))
	  ->  Bitmap Index Scan on sbtest5_pkey  (cost=0.00..34.65 rows=1021 width=0)
	        Index Cond: ((id >= 4870937) AND (id <= 4871936))

table 6 : explain SELECT c FROM sbtest6 WHERE id BETWEEN 3893497 AND 3894496
	Bitmap Heap Scan on sbtest6  (cost=34.01..3632.28 rows=934 width=121)
	  Recheck Cond: ((id >= 3893497) AND (id <= 3894496))
	  ->  Bitmap Index Scan on sbtest6_pkey  (cost=0.00..33.78 rows=934 width=0)
	        Index Cond: ((id >= 3893497) AND (id <= 3894496))

table 7 : explain SELECT c FROM sbtest7 WHERE id BETWEEN 838092 AND 839091
	Bitmap Heap Scan on sbtest7  (cost=35.13..4044.62 rows=1043 width=121)
	  Recheck Cond: ((id >= 838092) AND (id <= 839091))
	  ->  Bitmap Index Scan on sbtest7_pkey  (cost=0.00..34.87 rows=1043 width=0)
	        Index Cond: ((id >= 838092) AND (id <= 839091))

table 8 : explain SELECT c FROM sbtest8 WHERE id BETWEEN 3409405 AND 3410404
	Bitmap Heap Scan on sbtest8  (cost=34.82..3931.25 rows=1013 width=121)
	  Recheck Cond: ((id >= 3409405) AND (id <= 3410404))
	  ->  Bitmap Index Scan on sbtest8_pkey  (cost=0.00..34.57 rows=1013 width=0)
	        Index Cond: ((id >= 3409405) AND (id <= 3410404))

for: simple_ranges
table 1 : explain SELECT c FROM sbtest1 WHERE id BETWEEN 8666356 AND 8667355
	Bitmap Heap Scan on sbtest1  (cost=34.16..3682.69 rows=949 width=121)
	  Recheck Cond: ((id >= 8666356) AND (id <= 8667355))
	  ->  Bitmap Index Scan on sbtest1_pkey  (cost=0.00..33.93 rows=949 width=0)
	        Index Cond: ((id >= 8666356) AND (id <= 8667355))

table 2 : explain SELECT c FROM sbtest2 WHERE id BETWEEN 537917 AND 538916
	Bitmap Heap Scan on sbtest2  (cost=35.46..4165.73 rows=1076 width=121)
	  Recheck Cond: ((id >= 537917) AND (id <= 538916))
	  ->  Bitmap Index Scan on sbtest2_pkey  (cost=0.00..35.20 rows=1076 width=0)
	        Index Cond: ((id >= 537917) AND (id <= 538916))

table 3 : explain SELECT c FROM sbtest3 WHERE id BETWEEN 4499625 AND 4500624
	Bitmap Heap Scan on sbtest3  (cost=35.48..4172.25 rows=1078 width=121)
	  Recheck Cond: ((id >= 4499625) AND (id <= 4500624))
	  ->  Bitmap Index Scan on sbtest3_pkey  (cost=0.00..35.22 rows=1078 width=0)
	        Index Cond: ((id >= 4499625) AND (id <= 4500624))

table 4 : explain SELECT c FROM sbtest4 WHERE id BETWEEN 5963217 AND 5964216
	Index Scan using sbtest4_pkey on sbtest4  (cost=0.43..4062.18 rows=1040 width=121)
	  Index Cond: ((id >= 5963217) AND (id <= 5964216))

table 5 : explain SELECT c FROM sbtest5 WHERE id BETWEEN 9236223 AND 9237222
	Bitmap Heap Scan on sbtest5  (cost=35.33..4119.36 rows=1063 width=121)
	  Recheck Cond: ((id >= 9236223) AND (id <= 9237222))
	  ->  Bitmap Index Scan on sbtest5_pkey  (cost=0.00..35.07 rows=1063 width=0)
	        Index Cond: ((id >= 9236223) AND (id <= 9237222))

table 6 : explain SELECT c FROM sbtest6 WHERE id BETWEEN 3856437 AND 3857436
	Bitmap Heap Scan on sbtest6  (cost=34.01..3632.28 rows=934 width=121)
	  Recheck Cond: ((id >= 3856437) AND (id <= 3857436))
	  ->  Bitmap Index Scan on sbtest6_pkey  (cost=0.00..33.78 rows=934 width=0)
	        Index Cond: ((id >= 3856437) AND (id <= 3857436))

table 7 : explain SELECT c FROM sbtest7 WHERE id BETWEEN 6163986 AND 6164985
	Index Scan using sbtest7_pkey on sbtest7  (cost=0.43..3790.82 rows=967 width=121)
	  Index Cond: ((id >= 6163986) AND (id <= 6164985))

table 8 : explain SELECT c FROM sbtest8 WHERE id BETWEEN 4346600 AND 4347599
	Bitmap Heap Scan on sbtest8  (cost=34.85..3942.58 rows=1016 width=121)
	  Recheck Cond: ((id >= 4346600) AND (id <= 4347599))
	  ->  Bitmap Index Scan on sbtest8_pkey  (cost=0.00..34.59 rows=1016 width=0)
	        Index Cond: ((id >= 4346600) AND (id <= 4347599))

for: distinct_ranges
table 1 : explain SELECT DISTINCT c FROM sbtest1 WHERE id BETWEEN 3821113 AND 3822112 ORDER BY c
	Unique  (cost=4410.15..4415.78 rows=1127 width=121)
	  ->  Sort  (cost=4410.15..4412.97 rows=1127 width=121)
	        Sort Key: c
	        ->  Bitmap Heap Scan on sbtest1  (cost=39.99..4353.02 rows=1127 width=121)
	              Recheck Cond: ((id >= 3821113) AND (id <= 3822112))
	              ->  Bitmap Index Scan on sbtest1_pkey  (cost=0.00..39.70 rows=1127 width=0)
	                    Index Cond: ((id >= 3821113) AND (id <= 3822112))

table 2 : explain SELECT DISTINCT c FROM sbtest2 WHERE id BETWEEN 9792253 AND 9793252 ORDER BY c
	Unique  (cost=3698.85..3703.55 rows=940 width=121)
	  ->  Sort  (cost=3698.85..3701.20 rows=940 width=121)
	        Sort Key: c
	        ->  Bitmap Heap Scan on sbtest2  (cost=34.07..3652.43 rows=940 width=121)
	              Recheck Cond: ((id >= 9792253) AND (id <= 9793252))
	              ->  Bitmap Index Scan on sbtest2_pkey  (cost=0.00..33.84 rows=940 width=0)
	                    Index Cond: ((id >= 9792253) AND (id <= 9793252))

table 3 : explain SELECT DISTINCT c FROM sbtest3 WHERE id BETWEEN 9595447 AND 9596446 ORDER BY c
	Unique  (cost=3928.09..3933.09 rows=1000 width=121)
	  ->  Sort  (cost=3928.09..3930.59 rows=1000 width=121)
	        Sort Key: c
	        ->  Bitmap Heap Scan on sbtest3  (cost=34.69..3878.26 rows=1000 width=121)
	              Recheck Cond: ((id >= 9595447) AND (id <= 9596446))
	              ->  Bitmap Index Scan on sbtest3_pkey  (cost=0.00..34.44 rows=1000 width=0)
	                    Index Cond: ((id >= 9595447) AND (id <= 9596446))

table 4 : explain SELECT DISTINCT c FROM sbtest4 WHERE id BETWEEN 9303865 AND 9304864 ORDER BY c
	Unique  (cost=3889.53..3894.45 rows=983 width=121)
	  ->  Sort  (cost=3889.53..3891.99 rows=983 width=121)
	        Sort Key: c
	        ->  Index Scan using sbtest4_pkey on sbtest4  (cost=0.43..3840.67 rows=983 width=121)
	              Index Cond: ((id >= 9303865) AND (id <= 9304864))

table 5 : explain SELECT DISTINCT c FROM sbtest5 WHERE id BETWEEN 770936 AND 771935 ORDER BY c
	Unique  (cost=4203.43..4208.78 rows=1071 width=121)
	  ->  Sort  (cost=4203.43..4206.10 rows=1071 width=121)
	        Sort Key: c
	        ->  Bitmap Heap Scan on sbtest5  (cost=35.41..4149.53 rows=1071 width=121)
	              Recheck Cond: ((id >= 770936) AND (id <= 771935))
	              ->  Bitmap Index Scan on sbtest5_pkey  (cost=0.00..35.15 rows=1071 width=0)
	                    Index Cond: ((id >= 770936) AND (id <= 771935))

table 6 : explain SELECT DISTINCT c FROM sbtest6 WHERE id BETWEEN 1632465 AND 1633464 ORDER BY c
	Unique  (cost=3720.64..3725.37 rows=945 width=121)
	  ->  Sort  (cost=3720.64..3723.00 rows=945 width=121)
	        Sort Key: c
	        ->  Bitmap Heap Scan on sbtest6  (cost=34.12..3673.94 rows=945 width=121)
	              Recheck Cond: ((id >= 1632465) AND (id <= 1633464))
	              ->  Bitmap Index Scan on sbtest6_pkey  (cost=0.00..33.89 rows=945 width=0)
	                    Index Cond: ((id >= 1632465) AND (id <= 1633464))

table 7 : explain SELECT DISTINCT c FROM sbtest7 WHERE id BETWEEN 4871550 AND 4872549 ORDER BY c
	Unique  (cost=3925.81..3930.75 rows=989 width=121)
	  ->  Sort  (cost=3925.81..3928.28 rows=989 width=121)
	        Sort Key: c
	        ->  Index Scan using sbtest7_pkey on sbtest7  (cost=0.43..3876.61 rows=989 width=121)
	              Index Cond: ((id >= 4871550) AND (id <= 4872549))

table 8 : explain SELECT DISTINCT c FROM sbtest8 WHERE id BETWEEN 8905060 AND 8906059 ORDER BY c
	Unique  (cost=4146.63..4151.91 rows=1056 width=121)
	  ->  Sort  (cost=4146.63..4149.27 rows=1056 width=121)
	        Sort Key: c
	        ->  Bitmap Heap Scan on sbtest8  (cost=35.26..4093.60 rows=1056 width=121)
	              Recheck Cond: ((id >= 8905060) AND (id <= 8906059))
	              ->  Bitmap Index Scan on sbtest8_pkey  (cost=0.00..35.00 rows=1056 width=0)
	                    Index Cond: ((id >= 8905060) AND (id <= 8906059))

for: simple_ranges
table 1 : explain SELECT c FROM sbtest1 WHERE id BETWEEN 7969427 AND 7970426
	Bitmap Heap Scan on sbtest1  (cost=35.11..4029.51 rows=1041 width=121)
	  Recheck Cond: ((id >= 7969427) AND (id <= 7970426))
	  ->  Bitmap Index Scan on sbtest1_pkey  (cost=0.00..34.84 rows=1041 width=0)
	        Index Cond: ((id >= 7969427) AND (id <= 7970426))

table 2 : explain SELECT c FROM sbtest2 WHERE id BETWEEN 8250754 AND 8251753
	Bitmap Heap Scan on sbtest2  (cost=35.22..4075.31 rows=1052 width=121)
	  Recheck Cond: ((id >= 8250754) AND (id <= 8251753))
	  ->  Bitmap Index Scan on sbtest2_pkey  (cost=0.00..34.95 rows=1052 width=0)
	        Index Cond: ((id >= 8250754) AND (id <= 8251753))

table 3 : explain SELECT c FROM sbtest3 WHERE id BETWEEN 599023 AND 600022
	Bitmap Heap Scan on sbtest3  (cost=33.88..3579.73 rows=921 width=121)
	  Recheck Cond: ((id >= 599023) AND (id <= 600022))
	  ->  Bitmap Index Scan on sbtest3_pkey  (cost=0.00..33.65 rows=921 width=0)
	        Index Cond: ((id >= 599023) AND (id <= 600022))

table 4 : explain SELECT c FROM sbtest4 WHERE id BETWEEN 1041130 AND 1042129
	Index Scan using sbtest4_pkey on sbtest4  (cost=0.43..3650.28 rows=934 width=121)
	  Index Cond: ((id >= 1041130) AND (id <= 1042129))

table 5 : explain SELECT c FROM sbtest5 WHERE id BETWEEN 2605968 AND 2606967
	Bitmap Heap Scan on sbtest5  (cost=34.55..3832.41 rows=987 width=121)
	  Recheck Cond: ((id >= 2605968) AND (id <= 2606967))
	  ->  Bitmap Index Scan on sbtest5_pkey  (cost=0.00..34.31 rows=987 width=0)
	        Index Cond: ((id >= 2605968) AND (id <= 2606967))

table 6 : explain SELECT c FROM sbtest6 WHERE id BETWEEN 8429619 AND 8430618
	Bitmap Heap Scan on sbtest6  (cost=34.57..3840.42 rows=989 width=121)
	  Recheck Cond: ((id >= 8429619) AND (id <= 8430618))
	  ->  Bitmap Index Scan on sbtest6_pkey  (cost=0.00..34.33 rows=989 width=0)
	        Index Cond: ((id >= 8429619) AND (id <= 8430618))

table 7 : explain SELECT c FROM sbtest7 WHERE id BETWEEN 9679737 AND 9680736
	Bitmap Heap Scan on sbtest7  (cost=35.18..4063.49 rows=1048 width=121)
	  Recheck Cond: ((id >= 9679737) AND (id <= 9680736))
	  ->  Bitmap Index Scan on sbtest7_pkey  (cost=0.00..34.92 rows=1048 width=0)
	        Index Cond: ((id >= 9679737) AND (id <= 9680736))

table 8 : explain SELECT c FROM sbtest8 WHERE id BETWEEN 962427 AND 963426
	Bitmap Heap Scan on sbtest8  (cost=34.82..3931.25 rows=1013 width=121)
	  Recheck Cond: ((id >= 962427) AND (id <= 963426))
	  ->  Bitmap Index Scan on sbtest8_pkey  (cost=0.00..34.57 rows=1013 width=0)
	        Index Cond: ((id >= 962427) AND (id <= 963426))

for: sum_ranges
table 1 : explain SELECT SUM(k) FROM sbtest1 WHERE id BETWEEN 8081046 AND 8082045
	Aggregate  (cost=3760.60..3760.61 rows=1 width=8)
	  ->  Bitmap Heap Scan on sbtest1  (cost=34.37..3758.18 rows=969 width=4)
	        Recheck Cond: ((id >= 8081046) AND (id <= 8082045))
	        ->  Bitmap Index Scan on sbtest1_pkey  (cost=0.00..34.12 rows=969 width=0)
	              Index Cond: ((id >= 8081046) AND (id <= 8082045))

table 2 : explain SELECT SUM(k) FROM sbtest2 WHERE id BETWEEN 1176099 AND 1177098
	Aggregate  (cost=3772.06..3772.07 rows=1 width=8)
	  ->  Bitmap Heap Scan on sbtest2  (cost=34.39..3769.64 rows=971 width=4)
	        Recheck Cond: ((id >= 1176099) AND (id <= 1177098))
	        ->  Bitmap Index Scan on sbtest2_pkey  (cost=0.00..34.15 rows=971 width=0)
	              Index Cond: ((id >= 1176099) AND (id <= 1177098))

table 3 : explain SELECT SUM(k) FROM sbtest3 WHERE id BETWEEN 6137436 AND 6138435
	Aggregate  (cost=4246.49..4246.50 rows=1 width=8)
	  ->  Bitmap Heap Scan on sbtest3  (cost=35.68..4243.75 rows=1097 width=4)
	        Recheck Cond: ((id >= 6137436) AND (id <= 6138435))
	        ->  Bitmap Index Scan on sbtest3_pkey  (cost=0.00..35.41 rows=1097 width=0)
	              Index Cond: ((id >= 6137436) AND (id <= 6138435))

table 4 : explain SELECT SUM(k) FROM sbtest4 WHERE id BETWEEN 454394 AND 455393
	Aggregate  (cost=3722.59..3722.60 rows=1 width=8)
	  ->  Index Scan using sbtest4_pkey on sbtest4  (cost=0.43..3720.21 rows=952 width=4)
	        Index Cond: ((id >= 454394) AND (id <= 455393))

table 5 : explain SELECT SUM(k) FROM sbtest5 WHERE id BETWEEN 5261044 AND 5262043
	Aggregate  (cost=3675.88..3675.89 rows=1 width=8)
	  ->  Bitmap Heap Scan on sbtest5  (cost=34.12..3673.52 rows=945 width=4)
	        Recheck Cond: ((id >= 5261044) AND (id <= 5262043))
	        ->  Bitmap Index Scan on sbtest5_pkey  (cost=0.00..33.89 rows=945 width=0)
	              Index Cond: ((id >= 5261044) AND (id <= 5262043))

table 6 : explain SELECT SUM(k) FROM sbtest6 WHERE id BETWEEN 7126215 AND 7127214
	Aggregate  (cost=3903.40..3903.41 rows=1 width=8)
	  ->  Bitmap Heap Scan on sbtest6  (cost=34.74..3900.89 rows=1005 width=4)
	        Recheck Cond: ((id >= 7126215) AND (id <= 7127214))
	        ->  Bitmap Index Scan on sbtest6_pkey  (cost=0.00..34.48 rows=1005 width=0)
	              Index Cond: ((id >= 7126215) AND (id <= 7127214))

table 7 : explain SELECT SUM(k) FROM sbtest7 WHERE id BETWEEN 7249053 AND 7250052
	Aggregate  (cost=3547.36..3547.37 rows=1 width=8)
	  ->  Index Scan using sbtest7_pkey on sbtest7  (cost=0.43..3545.10 rows=905 width=4)
	        Index Cond: ((id >= 7249053) AND (id <= 7250052))

table 8 : explain SELECT SUM(k) FROM sbtest8 WHERE id BETWEEN 9833797 AND 9834796
	Aggregate  (cost=4152.85..4152.86 rows=1 width=8)
	  ->  Bitmap Heap Scan on sbtest8  (cost=35.41..4150.18 rows=1071 width=4)
	        Recheck Cond: ((id >= 9833797) AND (id <= 9834796))
	        ->  Bitmap Index Scan on sbtest8_pkey  (cost=0.00..35.15 rows=1071 width=0)
	              Index Cond: ((id >= 9833797) AND (id <= 9834796))

for: sum_ranges
table 1 : explain SELECT SUM(k) FROM sbtest1 WHERE id BETWEEN 8543705 AND 8544704
	Aggregate  (cost=3813.45..3813.46 rows=1 width=8)
	  ->  Bitmap Heap Scan on sbtest1  (cost=34.51..3810.99 rows=983 width=4)
	        Recheck Cond: ((id >= 8543705) AND (id <= 8544704))
	        ->  Bitmap Index Scan on sbtest1_pkey  (cost=0.00..34.27 rows=983 width=0)
	              Index Cond: ((id >= 8543705) AND (id <= 8544704))

table 2 : explain SELECT SUM(k) FROM sbtest2 WHERE id BETWEEN 1152101 AND 1153100
	Aggregate  (cost=3772.06..3772.07 rows=1 width=8)
	  ->  Bitmap Heap Scan on sbtest2  (cost=34.39..3769.64 rows=971 width=4)
	        Recheck Cond: ((id >= 1152101) AND (id <= 1153100))
	        ->  Bitmap Index Scan on sbtest2_pkey  (cost=0.00..34.15 rows=971 width=0)
	              Index Cond: ((id >= 1152101) AND (id <= 1153100))

table 3 : explain SELECT SUM(k) FROM sbtest3 WHERE id BETWEEN 8013424 AND 8014423
	Aggregate  (cost=3616.11..3616.12 rows=1 width=8)
	  ->  Bitmap Heap Scan on sbtest3  (cost=33.97..3613.78 rows=930 width=4)
	        Recheck Cond: ((id >= 8013424) AND (id <= 8014423))
	        ->  Bitmap Index Scan on sbtest3_pkey  (cost=0.00..33.73 rows=930 width=0)
	              Index Cond: ((id >= 8013424) AND (id <= 8014423))

table 4 : explain SELECT SUM(k) FROM sbtest4 WHERE id BETWEEN 3751949 AND 3752948
	Aggregate  (cost=4146.45..4146.46 rows=1 width=8)
	  ->  Index Scan using sbtest4_pkey on sbtest4  (cost=0.43..4143.80 rows=1061 width=4)
	        Index Cond: ((id >= 3751949) AND (id <= 3752948))

table 5 : explain SELECT SUM(k) FROM sbtest5 WHERE id BETWEEN 9097160 AND 9098159
	Aggregate  (cost=3759.19..3759.20 rows=1 width=8)
	  ->  Bitmap Heap Scan on sbtest5  (cost=34.35..3756.77 rows=967 width=4)
	        Recheck Cond: ((id >= 9097160) AND (id <= 9098159))
	        ->  Bitmap Index Scan on sbtest5_pkey  (cost=0.00..34.11 rows=967 width=0)
	              Index Cond: ((id >= 9097160) AND (id <= 9098159))

table 6 : explain SELECT SUM(k) FROM sbtest6 WHERE id BETWEEN 2825050 AND 2826049
	Aggregate  (cost=3782.34..3782.35 rows=1 width=8)
	  ->  Bitmap Heap Scan on sbtest6  (cost=34.41..3779.91 rows=973 width=4)
	        Recheck Cond: ((id >= 2825050) AND (id <= 2826049))
	        ->  Bitmap Index Scan on sbtest6_pkey  (cost=0.00..34.17 rows=973 width=0)
	              Index Cond: ((id >= 2825050) AND (id <= 2826049))

table 7 : explain SELECT SUM(k) FROM sbtest7 WHERE id BETWEEN 9013846 AND 9014845
	Aggregate  (cost=4051.01..4051.02 rows=1 width=8)
	  ->  Bitmap Heap Scan on sbtest7  (cost=35.14..4048.40 rows=1044 width=4)
	        Recheck Cond: ((id >= 9013846) AND (id <= 9014845))
	        ->  Bitmap Index Scan on sbtest7_pkey  (cost=0.00..34.88 rows=1044 width=0)
	              Index Cond: ((id >= 9013846) AND (id <= 9014845))

table 8 : explain SELECT SUM(k) FROM sbtest8 WHERE id BETWEEN 7401795 AND 7402794
	Aggregate  (cost=3812.74..3812.75 rows=1 width=8)
	  ->  Bitmap Heap Scan on sbtest8  (cost=34.49..3810.29 rows=981 width=4)
	        Recheck Cond: ((id >= 7401795) AND (id <= 7402794))
	        ->  Bitmap Index Scan on sbtest8_pkey  (cost=0.00..34.25 rows=981 width=0)
	              Index Cond: ((id >= 7401795) AND (id <= 7402794))

for: sum_ranges
table 1 : explain SELECT SUM(k) FROM sbtest1 WHERE id BETWEEN 2996131 AND 2997130
	Aggregate  (cost=3900.21..3900.22 rows=1 width=8)
	  ->  Bitmap Heap Scan on sbtest1  (cost=34.75..3897.70 rows=1006 width=4)
	        Recheck Cond: ((id >= 2996131) AND (id <= 2997130))
	        ->  Bitmap Index Scan on sbtest1_pkey  (cost=0.00..34.50 rows=1006 width=0)
	              Index Cond: ((id >= 2996131) AND (id <= 2997130))

table 2 : explain SELECT SUM(k) FROM sbtest2 WHERE id BETWEEN 4788161 AND 4789160
	Aggregate  (cost=4013.81..4013.82 rows=1 width=8)
	  ->  Bitmap Heap Scan on sbtest2  (cost=35.04..4011.23 rows=1035 width=4)
	        Recheck Cond: ((id >= 4788161) AND (id <= 4789160))
	        ->  Bitmap Index Scan on sbtest2_pkey  (cost=0.00..34.79 rows=1035 width=0)
	              Index Cond: ((id >= 4788161) AND (id <= 4789160))

table 3 : explain SELECT SUM(k) FROM sbtest3 WHERE id BETWEEN 7169571 AND 7170570
	Aggregate  (cost=4099.58..4099.59 rows=1 width=8)
	  ->  Bitmap Heap Scan on sbtest3  (cost=35.28..4096.94 rows=1058 width=4)
	        Recheck Cond: ((id >= 7169571) AND (id <= 7170570))
	        ->  Bitmap Index Scan on sbtest3_pkey  (cost=0.00..35.02 rows=1058 width=0)
	              Index Cond: ((id >= 7169571) AND (id <= 7170570))

table 4 : explain SELECT SUM(k) FROM sbtest4 WHERE id BETWEEN 687900 AND 688899
	Aggregate  (cost=4212.57..4212.58 rows=1 width=8)
	  ->  Index Scan using sbtest4_pkey on sbtest4  (cost=0.43..4209.88 rows=1078 width=4)
	        Index Cond: ((id >= 687900) AND (id <= 688899))

table 5 : explain SELECT SUM(k) FROM sbtest5 WHERE id BETWEEN 3121019 AND 3122018
	Aggregate  (cost=3895.39..3895.40 rows=1 width=8)
	  ->  Bitmap Heap Scan on sbtest5  (cost=34.72..3892.88 rows=1003 width=4)
	        Recheck Cond: ((id >= 3121019) AND (id <= 3122018))
	        ->  Bitmap Index Scan on sbtest5_pkey  (cost=0.00..34.47 rows=1003 width=0)
	              Index Cond: ((id >= 3121019) AND (id <= 3122018))

table 6 : explain SELECT SUM(k) FROM sbtest6 WHERE id BETWEEN 6341926 AND 6342925
	Aggregate  (cost=4231.93..4231.94 rows=1 width=8)
	  ->  Bitmap Heap Scan on sbtest6  (cost=35.63..4229.20 rows=1092 width=4)
	        Recheck Cond: ((id >= 6341926) AND (id <= 6342925))
	        ->  Bitmap Index Scan on sbtest6_pkey  (cost=0.00..35.36 rows=1092 width=0)
	              Index Cond: ((id >= 6341926) AND (id <= 6342925))

table 7 : explain SELECT SUM(k) FROM sbtest7 WHERE id BETWEEN 2799278 AND 2800277
	Aggregate  (cost=3812.74..3812.75 rows=1 width=8)
	  ->  Index Scan using sbtest7_pkey on sbtest7  (cost=0.43..3810.31 rows=972 width=4)
	        Index Cond: ((id >= 2799278) AND (id <= 2800277))

table 8 : explain SELECT SUM(k) FROM sbtest8 WHERE id BETWEEN 1981997 AND 1982996
	Aggregate  (cost=3994.26..3994.27 rows=1 width=8)
	  ->  Bitmap Heap Scan on sbtest8  (cost=34.98..3991.68 rows=1029 width=4)
	        Recheck Cond: ((id >= 1981997) AND (id <= 1982996))
	        ->  Bitmap Index Scan on sbtest8_pkey  (cost=0.00..34.73 rows=1029 width=0)
	              Index Cond: ((id >= 1981997) AND (id <= 1982996))

for: sum_ranges
table 1 : explain SELECT SUM(k) FROM sbtest1 WHERE id BETWEEN 8259915 AND 8260914
	Aggregate  (cost=3964.30..3964.31 rows=1 width=8)
	  ->  Bitmap Heap Scan on sbtest1  (cost=34.92..3961.74 rows=1023 width=4)
	        Recheck Cond: ((id >= 8259915) AND (id <= 8260914))
	        ->  Bitmap Index Scan on sbtest1_pkey  (cost=0.00..34.67 rows=1023 width=0)
	              Index Cond: ((id >= 8259915) AND (id <= 8260914))

table 2 : explain SELECT SUM(k) FROM sbtest2 WHERE id BETWEEN 6510666 AND 6511665
	Aggregate  (cost=3575.26..3575.27 rows=1 width=8)
	  ->  Bitmap Heap Scan on sbtest2  (cost=33.85..3572.96 rows=919 width=4)
	        Recheck Cond: ((id >= 6510666) AND (id <= 6511665))
	        ->  Bitmap Index Scan on sbtest2_pkey  (cost=0.00..33.62 rows=919 width=0)
	              Index Cond: ((id >= 6510666) AND (id <= 6511665))

table 3 : explain SELECT SUM(k) FROM sbtest3 WHERE id BETWEEN 4150780 AND 4151779
	Aggregate  (cost=3948.72..3948.73 rows=1 width=8)
	  ->  Bitmap Heap Scan on sbtest3  (cost=34.87..3946.17 rows=1018 width=4)
	        Recheck Cond: ((id >= 4150780) AND (id <= 4151779))
	        ->  Bitmap Index Scan on sbtest3_pkey  (cost=0.00..34.62 rows=1018 width=0)
	              Index Cond: ((id >= 4150780) AND (id <= 4151779))

table 4 : explain SELECT SUM(k) FROM sbtest4 WHERE id BETWEEN 2355325 AND 2356324
	Aggregate  (cost=4111.47..4111.48 rows=1 width=8)
	  ->  Index Scan using sbtest4_pkey on sbtest4  (cost=0.43..4108.84 rows=1052 width=4)
	        Index Cond: ((id >= 2355325) AND (id <= 2356324))

table 5 : explain SELECT SUM(k) FROM sbtest5 WHERE id BETWEEN 7883555 AND 7884554
	Aggregate  (cost=3997.43..3997.44 rows=1 width=8)
	  ->  Bitmap Heap Scan on sbtest5  (cost=34.99..3994.85 rows=1030 width=4)
	        Recheck Cond: ((id >= 7883555) AND (id <= 7884554))
	        ->  Bitmap Index Scan on sbtest5_pkey  (cost=0.00..34.73 rows=1030 width=0)
	              Index Cond: ((id >= 7883555) AND (id <= 7884554))

table 6 : explain SELECT SUM(k) FROM sbtest6 WHERE id BETWEEN 9806263 AND 9807262
	Aggregate  (cost=4013.01..4013.02 rows=1 width=8)
	  ->  Bitmap Heap Scan on sbtest6  (cost=35.03..4010.43 rows=1034 width=4)
	        Recheck Cond: ((id >= 9806263) AND (id <= 9807262))
	        ->  Bitmap Index Scan on sbtest6_pkey  (cost=0.00..34.78 rows=1034 width=0)
	              Index Cond: ((id >= 9806263) AND (id <= 9807262))

table 7 : explain SELECT SUM(k) FROM sbtest7 WHERE id BETWEEN 9299428 AND 9300427
	Aggregate  (cost=3979.22..3979.23 rows=1 width=8)
	  ->  Bitmap Heap Scan on sbtest7  (cost=34.94..3976.66 rows=1025 width=4)
	        Recheck Cond: ((id >= 9299428) AND (id <= 9300427))
	        ->  Bitmap Index Scan on sbtest7_pkey  (cost=0.00..34.69 rows=1025 width=0)
	              Index Cond: ((id >= 9299428) AND (id <= 9300427))

table 8 : explain SELECT SUM(k) FROM sbtest8 WHERE id BETWEEN 1887642 AND 1888641
	Aggregate  (cost=4164.17..4164.18 rows=1 width=8)
	  ->  Bitmap Heap Scan on sbtest8  (cost=35.44..4161.49 rows=1074 width=4)
	        Recheck Cond: ((id >= 1887642) AND (id <= 1888641))
	        ->  Bitmap Index Scan on sbtest8_pkey  (cost=0.00..35.18 rows=1074 width=0)
	              Index Cond: ((id >= 1887642) AND (id <= 1888641))

for: sum_ranges
table 1 : explain SELECT SUM(k) FROM sbtest1 WHERE id BETWEEN 3928096 AND 3929095
	Aggregate  (cost=4032.11..4032.12 rows=1 width=8)
	  ->  Bitmap Heap Scan on sbtest1  (cost=35.11..4029.51 rows=1041 width=4)
	        Recheck Cond: ((id >= 3928096) AND (id <= 3929095))
	        ->  Bitmap Index Scan on sbtest1_pkey  (cost=0.00..34.84 rows=1041 width=0)
	              Index Cond: ((id >= 3928096) AND (id <= 3929095))

table 2 : explain SELECT SUM(k) FROM sbtest2 WHERE id BETWEEN 5057821 AND 5058820
	Aggregate  (cost=3900.56..3900.57 rows=1 width=8)
	  ->  Bitmap Heap Scan on sbtest2  (cost=34.74..3898.05 rows=1005 width=4)
	        Recheck Cond: ((id >= 5057821) AND (id <= 5058820))
	        ->  Bitmap Index Scan on sbtest2_pkey  (cost=0.00..34.48 rows=1005 width=0)
	              Index Cond: ((id >= 5057821) AND (id <= 5058820))

table 3 : explain SELECT SUM(k) FROM sbtest3 WHERE id BETWEEN 5586684 AND 5587683
	Aggregate  (cost=3729.61..3729.62 rows=1 width=8)
	  ->  Bitmap Heap Scan on sbtest3  (cost=34.28..3727.21 rows=960 width=4)
	        Recheck Cond: ((id >= 5586684) AND (id <= 5587683))
	        ->  Bitmap Index Scan on sbtest3_pkey  (cost=0.00..34.04 rows=960 width=0)
	              Index Cond: ((id >= 5586684) AND (id <= 5587683))

table 4 : explain SELECT SUM(k) FROM sbtest4 WHERE id BETWEEN 6932141 AND 6933140
	Aggregate  (cost=3672.05..3672.06 rows=1 width=8)
	  ->  Index Scan using sbtest4_pkey on sbtest4  (cost=0.43..3669.70 rows=939 width=4)
	        Index Cond: ((id >= 6932141) AND (id <= 6933140))

table 5 : explain SELECT SUM(k) FROM sbtest5 WHERE id BETWEEN 8810739 AND 8811738
	Aggregate  (cost=3808.39..3808.40 rows=1 width=8)
	  ->  Bitmap Heap Scan on sbtest5  (cost=34.48..3805.94 rows=980 width=4)
	        Recheck Cond: ((id >= 8810739) AND (id <= 8811738))
	        ->  Bitmap Index Scan on sbtest5_pkey  (cost=0.00..34.23 rows=980 width=0)
	              Index Cond: ((id >= 8810739) AND (id <= 8811738))

table 6 : explain SELECT SUM(k) FROM sbtest6 WHERE id BETWEEN 3527627 AND 3528626
	Aggregate  (cost=3516.85..3516.86 rows=1 width=8)
	  ->  Bitmap Heap Scan on sbtest6  (cost=29.70..3514.59 rows=904 width=4)
	        Recheck Cond: ((id >= 3527627) AND (id <= 3528626))
	        ->  Bitmap Index Scan on sbtest6_pkey  (cost=0.00..29.47 rows=904 width=0)
	              Index Cond: ((id >= 3527627) AND (id <= 3528626))

table 7 : explain SELECT SUM(k) FROM sbtest7 WHERE id BETWEEN 7650895 AND 7651894
	Aggregate  (cost=3676.20..3676.21 rows=1 width=8)
	  ->  Index Scan using sbtest7_pkey on sbtest7  (cost=0.43..3673.86 rows=937 width=4)
	        Index Cond: ((id >= 7650895) AND (id <= 7651894))

table 8 : explain SELECT SUM(k) FROM sbtest8 WHERE id BETWEEN 1055045 AND 1056044
	Aggregate  (cost=3918.66..3918.67 rows=1 width=8)
	  ->  Bitmap Heap Scan on sbtest8  (cost=34.78..3916.14 rows=1009 width=4)
	        Recheck Cond: ((id >= 1055045) AND (id <= 1056044))
	        ->  Bitmap Index Scan on sbtest8_pkey  (cost=0.00..34.53 rows=1009 width=0)
	              Index Cond: ((id >= 1055045) AND (id <= 1056044))

for: sum_ranges
table 1 : explain SELECT SUM(k) FROM sbtest1 WHERE id BETWEEN 2824716 AND 2825715
	Aggregate  (cost=3862.50..3862.51 rows=1 width=8)
	  ->  Bitmap Heap Scan on sbtest1  (cost=34.64..3860.01 rows=996 width=4)
	        Recheck Cond: ((id >= 2824716) AND (id <= 2825715))
	        ->  Bitmap Index Scan on sbtest1_pkey  (cost=0.00..34.40 rows=996 width=0)
	              Index Cond: ((id >= 2824716) AND (id <= 2825715))

table 2 : explain SELECT SUM(k) FROM sbtest2 WHERE id BETWEEN 5740413 AND 5741412
	Aggregate  (cost=3787.19..3787.20 rows=1 width=8)
	  ->  Bitmap Heap Scan on sbtest2  (cost=34.43..3784.75 rows=975 width=4)
	        Recheck Cond: ((id >= 5740413) AND (id <= 5741412))
	        ->  Bitmap Index Scan on sbtest2_pkey  (cost=0.00..34.19 rows=975 width=0)
	              Index Cond: ((id >= 5740413) AND (id <= 5741412))

table 3 : explain SELECT SUM(k) FROM sbtest3 WHERE id BETWEEN 5212488 AND 5213487
	Aggregate  (cost=3994.00..3994.01 rows=1 width=8)
	  ->  Bitmap Heap Scan on sbtest3  (cost=34.99..3991.42 rows=1030 width=4)
	        Recheck Cond: ((id >= 5212488) AND (id <= 5213487))
	        ->  Bitmap Index Scan on sbtest3_pkey  (cost=0.00..34.73 rows=1030 width=0)
	              Index Cond: ((id >= 5212488) AND (id <= 5213487))

table 4 : explain SELECT SUM(k) FROM sbtest4 WHERE id BETWEEN 8640741 AND 8641740
	Aggregate  (cost=4041.46..4041.47 rows=1 width=8)
	  ->  Index Scan using sbtest4_pkey on sbtest4  (cost=0.43..4038.87 rows=1034 width=4)
	        Index Cond: ((id >= 8640741) AND (id <= 8641740))

table 5 : explain SELECT SUM(k) FROM sbtest5 WHERE id BETWEEN 3772293 AND 3773292
	Aggregate  (cost=4171.07..4171.08 rows=1 width=8)
	  ->  Bitmap Heap Scan on sbtest5  (cost=35.46..4168.38 rows=1076 width=4)
	        Recheck Cond: ((id >= 3772293) AND (id <= 3773292))
	        ->  Bitmap Index Scan on sbtest5_pkey  (cost=0.00..35.20 rows=1076 width=0)
	              Index Cond: ((id >= 3772293) AND (id <= 3773292))

table 6 : explain SELECT SUM(k) FROM sbtest6 WHERE id BETWEEN 6810576 AND 6811575
	Aggregate  (cost=4062.11..4062.12 rows=1 width=8)
	  ->  Bitmap Heap Scan on sbtest6  (cost=35.17..4059.50 rows=1047 width=4)
	        Recheck Cond: ((id >= 6810576) AND (id <= 6811575))
	        ->  Bitmap Index Scan on sbtest6_pkey  (cost=0.00..34.91 rows=1047 width=0)
	              Index Cond: ((id >= 6810576) AND (id <= 6811575))

table 7 : explain SELECT SUM(k) FROM sbtest7 WHERE id BETWEEN 160010 AND 161009
	Aggregate  (cost=3863.48..3863.49 rows=1 width=8)
	  ->  Index Scan using sbtest7_pkey on sbtest7  (cost=0.43..3861.02 rows=985 width=4)
	        Index Cond: ((id >= 160010) AND (id <= 161009))

table 8 : explain SELECT SUM(k) FROM sbtest8 WHERE id BETWEEN 8065016 AND 8066015
	Aggregate  (cost=3839.23..3839.24 rows=1 width=8)
	  ->  Bitmap Heap Scan on sbtest8  (cost=34.56..3836.76 rows=988 width=4)
	        Recheck Cond: ((id >= 8065016) AND (id <= 8066015))
	        ->  Bitmap Index Scan on sbtest8_pkey  (cost=0.00..34.32 rows=988 width=0)
	              Index Cond: ((id >= 8065016) AND (id <= 8066015))

for: sum_ranges
table 1 : explain SELECT SUM(k) FROM sbtest1 WHERE id BETWEEN 8655692 AND 8656691
	Aggregate  (cost=3685.07..3685.08 rows=1 width=8)
	  ->  Bitmap Heap Scan on sbtest1  (cost=34.16..3682.69 rows=949 width=4)
	        Recheck Cond: ((id >= 8655692) AND (id <= 8656691))
	        ->  Bitmap Index Scan on sbtest1_pkey  (cost=0.00..33.93 rows=949 width=0)
	              Index Cond: ((id >= 8655692) AND (id <= 8656691))

table 2 : explain SELECT SUM(k) FROM sbtest2 WHERE id BETWEEN 3334233 AND 3335232
	Aggregate  (cost=4100.57..4100.58 rows=1 width=8)
	  ->  Bitmap Heap Scan on sbtest2  (cost=35.28..4097.93 rows=1058 width=4)
	        Recheck Cond: ((id >= 3334233) AND (id <= 3335232))
	        ->  Bitmap Index Scan on sbtest2_pkey  (cost=0.00..35.02 rows=1058 width=0)
	              Index Cond: ((id >= 3334233) AND (id <= 3335232))

table 3 : explain SELECT SUM(k) FROM sbtest3 WHERE id BETWEEN 815893 AND 816892
	Aggregate  (cost=3831.66..3831.67 rows=1 width=8)
	  ->  Bitmap Heap Scan on sbtest3  (cost=34.55..3829.19 rows=987 width=4)
	        Recheck Cond: ((id >= 815893) AND (id <= 816892))
	        ->  Bitmap Index Scan on sbtest3_pkey  (cost=0.00..34.31 rows=987 width=0)
	              Index Cond: ((id >= 815893) AND (id <= 816892))

table 4 : explain SELECT SUM(k) FROM sbtest4 WHERE id BETWEEN 8293254 AND 8294253
	Aggregate  (cost=3438.62..3438.63 rows=1 width=8)
	  ->  Index Scan using sbtest4_pkey on sbtest4  (cost=0.43..3436.42 rows=880 width=4)
	        Index Cond: ((id >= 8293254) AND (id <= 8294253))

table 5 : explain SELECT SUM(k) FROM sbtest5 WHERE id BETWEEN 3704128 AND 3705127
	Aggregate  (cost=3592.51..3592.52 rows=1 width=8)
	  ->  Bitmap Heap Scan on sbtest5  (cost=33.90..3590.20 rows=923 width=4)
	        Recheck Cond: ((id >= 3704128) AND (id <= 3705127))
	        ->  Bitmap Index Scan on sbtest5_pkey  (cost=0.00..33.67 rows=923 width=0)
	              Index Cond: ((id >= 3704128) AND (id <= 3705127))

table 6 : explain SELECT SUM(k) FROM sbtest6 WHERE id BETWEEN 3336109 AND 3337108
	Aggregate  (cost=3759.62..3759.63 rows=1 width=8)
	  ->  Bitmap Heap Scan on sbtest6  (cost=34.35..3757.21 rows=967 width=4)
	        Recheck Cond: ((id >= 3336109) AND (id <= 3337108))
	        ->  Bitmap Index Scan on sbtest6_pkey  (cost=0.00..34.11 rows=967 width=0)
	              Index Cond: ((id >= 3336109) AND (id <= 3337108))

table 7 : explain SELECT SUM(k) FROM sbtest7 WHERE id BETWEEN 7205750 AND 7206749
	Aggregate  (cost=3547.36..3547.37 rows=1 width=8)
	  ->  Index Scan using sbtest7_pkey on sbtest7  (cost=0.43..3545.10 rows=905 width=4)
	        Index Cond: ((id >= 7205750) AND (id <= 7206749))

table 8 : explain SELECT SUM(k) FROM sbtest8 WHERE id BETWEEN 8192628 AND 8193627
	Aggregate  (cost=3930.00..3930.01 rows=1 width=8)
	  ->  Bitmap Heap Scan on sbtest8  (cost=34.81..3927.47 rows=1012 width=4)
	        Recheck Cond: ((id >= 8192628) AND (id <= 8193627))
	        ->  Bitmap Index Scan on sbtest8_pkey  (cost=0.00..34.56 rows=1012 width=0)
	              Index Cond: ((id >= 8192628) AND (id <= 8193627))

for point_selects
table 1 : explain SELECT c FROM sbtest1 WHERE id=723551
	Index Scan using sbtest1_pkey on sbtest1  (cost=0.43..8.45 rows=1 width=121)
	  Index Cond: (id = 723551)

table 2 : explain SELECT c FROM sbtest2 WHERE id=3953074
	Index Scan using sbtest2_pkey on sbtest2  (cost=0.43..8.45 rows=1 width=121)
	  Index Cond: (id = 3953074)

table 3 : explain SELECT c FROM sbtest3 WHERE id=9031017
	Index Scan using sbtest3_pkey on sbtest3  (cost=0.43..8.45 rows=1 width=121)
	  Index Cond: (id = 9031017)

table 4 : explain SELECT c FROM sbtest4 WHERE id=6858547
	Index Scan using sbtest4_pkey on sbtest4  (cost=0.43..8.45 rows=1 width=121)
	  Index Cond: (id = 6858547)

table 5 : explain SELECT c FROM sbtest5 WHERE id=9574644
	Index Scan using sbtest5_pkey on sbtest5  (cost=0.43..8.45 rows=1 width=121)
	  Index Cond: (id = 9574644)

table 6 : explain SELECT c FROM sbtest6 WHERE id=6726061
	Index Scan using sbtest6_pkey on sbtest6  (cost=0.43..8.45 rows=1 width=121)
	  Index Cond: (id = 6726061)

table 7 : explain SELECT c FROM sbtest7 WHERE id=8381007
	Index Scan using sbtest7_pkey on sbtest7  (cost=0.43..8.45 rows=1 width=121)
	  Index Cond: (id = 8381007)

table 8 : explain SELECT c FROM sbtest8 WHERE id=9004238
	Index Scan using sbtest8_pkey on sbtest8  (cost=0.43..8.45 rows=1 width=121)
	  Index Cond: (id = 9004238)

for: order_ranges
table 1 : explain SELECT c FROM sbtest1 WHERE id BETWEEN 3276608 AND 3277607 ORDER BY c
	Sort  (cost=3560.72..3562.98 rows=906 width=121)
	  Sort Key: c
	  ->  Bitmap Heap Scan on sbtest1  (cost=29.72..3516.22 rows=906 width=121)
	        Recheck Cond: ((id >= 3276608) AND (id <= 3277607))
	        ->  Bitmap Index Scan on sbtest1_pkey  (cost=0.00..29.50 rows=906 width=0)
	              Index Cond: ((id >= 3276608) AND (id <= 3277607))

table 2 : explain SELECT c FROM sbtest2 WHERE id BETWEEN 4453289 AND 4454288 ORDER BY c
	Sort  (cost=3844.66..3847.11 rows=978 width=121)
	  Sort Key: c
	  ->  Bitmap Heap Scan on sbtest2  (cost=34.46..3796.09 rows=978 width=121)
	        Recheck Cond: ((id >= 4453289) AND (id <= 4454288))
	        ->  Bitmap Index Scan on sbtest2_pkey  (cost=0.00..34.22 rows=978 width=0)
	              Index Cond: ((id >= 4453289) AND (id <= 4454288))

table 3 : explain SELECT c FROM sbtest3 WHERE id BETWEEN 9799660 AND 9800659 ORDER BY c
	Sort  (cost=3774.76..3777.16 rows=960 width=121)
	  Sort Key: c
	  ->  Bitmap Heap Scan on sbtest3  (cost=34.28..3727.21 rows=960 width=121)
	        Recheck Cond: ((id >= 9799660) AND (id <= 9800659))
	        ->  Bitmap Index Scan on sbtest3_pkey  (cost=0.00..34.04 rows=960 width=0)
	              Index Cond: ((id >= 9799660) AND (id <= 9800659))

table 4 : explain SELECT c FROM sbtest4 WHERE id BETWEEN 2455045 AND 2456044 ORDER BY c
	Sort  (cost=3743.66..3746.02 rows=946 width=121)
	  Sort Key: c
	  ->  Index Scan using sbtest4_pkey on sbtest4  (cost=0.43..3696.90 rows=946 width=121)
	        Index Cond: ((id >= 2455045) AND (id <= 2456044))

table 5 : explain SELECT c FROM sbtest5 WHERE id BETWEEN 1741573 AND 1742572 ORDER BY c
	Sort  (cost=3942.88..3945.39 rows=1003 width=121)
	  Sort Key: c
	  ->  Bitmap Heap Scan on sbtest5  (cost=34.72..3892.88 rows=1003 width=121)
	        Recheck Cond: ((id >= 1741573) AND (id <= 1742572))
	        ->  Bitmap Index Scan on sbtest5_pkey  (cost=0.00..34.47 rows=1003 width=0)
	              Index Cond: ((id >= 1741573) AND (id <= 1742572))

table 6 : explain SELECT c FROM sbtest6 WHERE id BETWEEN 3401075 AND 3402074 ORDER BY c
	Sort  (cost=3962.51..3965.03 rows=1008 width=121)
	  Sort Key: c
	  ->  Bitmap Heap Scan on sbtest6  (cost=34.77..3912.23 rows=1008 width=121)
	        Recheck Cond: ((id >= 3401075) AND (id <= 3402074))
	        ->  Bitmap Index Scan on sbtest6_pkey  (cost=0.00..34.52 rows=1008 width=0)
	              Index Cond: ((id >= 3401075) AND (id <= 3402074))

table 7 : explain SELECT c FROM sbtest7 WHERE id BETWEEN 5637591 AND 5638590 ORDER BY c
	Sort  (cost=3811.09..3813.49 rows=960 width=121)
	  Sort Key: c
	  ->  Index Scan using sbtest7_pkey on sbtest7  (cost=0.43..3763.54 rows=960 width=121)
	        Index Cond: ((id >= 5637591) AND (id <= 5638590))

table 8 : explain SELECT c FROM sbtest8 WHERE id BETWEEN 4492966 AND 4493965 ORDER BY c
	Sort  (cost=3832.16..3834.60 rows=974 width=121)
	  Sort Key: c
	  ->  Bitmap Heap Scan on sbtest8  (cost=34.42..3783.81 rows=974 width=121)
	        Recheck Cond: ((id >= 4492966) AND (id <= 4493965))
	        ->  Bitmap Index Scan on sbtest8_pkey  (cost=0.00..34.18 rows=974 width=0)
	              Index Cond: ((id >= 4492966) AND (id <= 4493965))

for: order_ranges
table 1 : explain SELECT c FROM sbtest1 WHERE id BETWEEN 6262069 AND 6263068 ORDER BY c
	Sort  (cost=3721.96..3724.33 rows=947 width=121)
	  Sort Key: c
	  ->  Bitmap Heap Scan on sbtest1  (cost=34.14..3675.14 rows=947 width=121)
	        Recheck Cond: ((id >= 6262069) AND (id <= 6263068))
	        ->  Bitmap Index Scan on sbtest1_pkey  (cost=0.00..33.91 rows=947 width=0)
	              Index Cond: ((id >= 6262069) AND (id <= 6263068))

table 2 : explain SELECT c FROM sbtest2 WHERE id BETWEEN 8993796 AND 8994795 ORDER BY c
	Sort  (cost=3955.82..3958.34 rows=1007 width=121)
	  Sort Key: c
	  ->  Bitmap Heap Scan on sbtest2  (cost=34.76..3905.59 rows=1007 width=121)
	        Recheck Cond: ((id >= 8993796) AND (id <= 8994795))
	        ->  Bitmap Index Scan on sbtest2_pkey  (cost=0.00..34.51 rows=1007 width=0)
	              Index Cond: ((id >= 8993796) AND (id <= 8994795))

table 3 : explain SELECT c FROM sbtest3 WHERE id BETWEEN 3345096 AND 3346095 ORDER BY c
	Sort  (cost=3916.60..3919.09 rows=997 width=121)
	  Sort Key: c
	  ->  Bitmap Heap Scan on sbtest3  (cost=34.65..3866.94 rows=997 width=121)
	        Recheck Cond: ((id >= 3345096) AND (id <= 3346095))
	        ->  Bitmap Index Scan on sbtest3_pkey  (cost=0.00..34.41 rows=997 width=0)
	              Index Cond: ((id >= 3345096) AND (id <= 3346095))

table 4 : explain SELECT c FROM sbtest4 WHERE id BETWEEN 2999274 AND 3000273 ORDER BY c
	Sort  (cost=3676.65..3678.97 rows=929 width=121)
	  Sort Key: c
	  ->  Index Scan using sbtest4_pkey on sbtest4  (cost=0.43..3630.85 rows=929 width=121)
	        Index Cond: ((id >= 2999274) AND (id <= 3000273))

table 5 : explain SELECT c FROM sbtest5 WHERE id BETWEEN 5656156 AND 5657155 ORDER BY c
	Sort  (cost=3804.73..3807.14 rows=967 width=121)
	  Sort Key: c
	  ->  Bitmap Heap Scan on sbtest5  (cost=34.35..3756.77 rows=967 width=121)
	        Recheck Cond: ((id >= 5656156) AND (id <= 5657155))
	        ->  Bitmap Index Scan on sbtest5_pkey  (cost=0.00..34.11 rows=967 width=0)
	              Index Cond: ((id >= 5656156) AND (id <= 5657155))

table 6 : explain SELECT c FROM sbtest6 WHERE id BETWEEN 8874491 AND 8875490 ORDER BY c
	Sort  (cost=4142.66..4145.30 rows=1055 width=121)
	  Sort Key: c
	  ->  Bitmap Heap Scan on sbtest6  (cost=35.25..4089.68 rows=1055 width=121)
	        Recheck Cond: ((id >= 8874491) AND (id <= 8875490))
	        ->  Bitmap Index Scan on sbtest6_pkey  (cost=0.00..34.98 rows=1055 width=0)
	              Index Cond: ((id >= 8874491) AND (id <= 8875490))

table 7 : explain SELECT c FROM sbtest7 WHERE id BETWEEN 4571119 AND 4572118 ORDER BY c
	Sort  (cost=3688.48..3690.80 rows=929 width=121)
	  Sort Key: c
	  ->  Index Scan using sbtest7_pkey on sbtest7  (cost=0.43..3642.68 rows=929 width=121)
	        Index Cond: ((id >= 4571119) AND (id <= 4572118))

table 8 : explain SELECT c FROM sbtest8 WHERE id BETWEEN 7105799 AND 7106798 ORDER BY c
	Sort  (cost=4200.24..4202.92 rows=1070 width=121)
	  Sort Key: c
	  ->  Bitmap Heap Scan on sbtest8  (cost=35.40..4146.40 rows=1070 width=121)
	        Recheck Cond: ((id >= 7105799) AND (id <= 7106798))
	        ->  Bitmap Index Scan on sbtest8_pkey  (cost=0.00..35.14 rows=1070 width=0)
	              Index Cond: ((id >= 7105799) AND (id <= 7106798))

for: order_ranges
table 1 : explain SELECT c FROM sbtest1 WHERE id BETWEEN 5484380 AND 5485379 ORDER BY c
	Sort  (cost=3771.77..3774.17 rows=960 width=121)
	  Sort Key: c
	  ->  Bitmap Heap Scan on sbtest1  (cost=34.28..3724.22 rows=960 width=121)
	        Recheck Cond: ((id >= 5484380) AND (id <= 5485379))
	        ->  Bitmap Index Scan on sbtest1_pkey  (cost=0.00..34.04 rows=960 width=0)
	              Index Cond: ((id >= 5484380) AND (id <= 5485379))

table 2 : explain SELECT c FROM sbtest2 WHERE id BETWEEN 1902553 AND 1903552 ORDER BY c
	Sort  (cost=3725.72..3728.09 rows=947 width=121)
	  Sort Key: c
	  ->  Bitmap Heap Scan on sbtest2  (cost=34.14..3678.91 rows=947 width=121)
	        Recheck Cond: ((id >= 1902553) AND (id <= 1903552))
	        ->  Bitmap Index Scan on sbtest2_pkey  (cost=0.00..33.91 rows=947 width=0)
	              Index Cond: ((id >= 1902553) AND (id <= 1903552))

table 3 : explain SELECT c FROM sbtest3 WHERE id BETWEEN 8362094 AND 8363093 ORDER BY c
	Sort  (cost=3935.75..3938.26 rows=1002 width=121)
	  Sort Key: c
	  ->  Bitmap Heap Scan on sbtest3  (cost=34.71..3885.81 rows=1002 width=121)
	        Recheck Cond: ((id >= 8362094) AND (id <= 8363093))
	        ->  Bitmap Index Scan on sbtest3_pkey  (cost=0.00..34.45 rows=1002 width=0)
	              Index Cond: ((id >= 8362094) AND (id <= 8363093))

table 4 : explain SELECT c FROM sbtest4 WHERE id BETWEEN 4021183 AND 4022182 ORDER BY c
	Sort  (cost=3877.71..3880.16 rows=980 width=121)
	  Sort Key: c
	  ->  Index Scan using sbtest4_pkey on sbtest4  (cost=0.43..3829.02 rows=980 width=121)
	        Index Cond: ((id >= 4021183) AND (id <= 4022182))

table 5 : explain SELECT c FROM sbtest5 WHERE id BETWEEN 6225346 AND 6226345 ORDER BY c
	Sort  (cost=4352.80..4355.57 rows=1109 width=121)
	  Sort Key: c
	  ->  Bitmap Heap Scan on sbtest5  (cost=39.80..4296.71 rows=1109 width=121)
	        Recheck Cond: ((id >= 6225346) AND (id <= 6226345))
	        ->  Bitmap Index Scan on sbtest5_pkey  (cost=0.00..39.53 rows=1109 width=0)
	              Index Cond: ((id >= 6225346) AND (id <= 6226345))

table 6 : explain SELECT c FROM sbtest6 WHERE id BETWEEN 8621567 AND 8622566 ORDER BY c
	Sort  (cost=3874.26..3876.73 rows=985 width=121)
	  Sort Key: c
	  ->  Bitmap Heap Scan on sbtest6  (cost=34.53..3825.29 rows=985 width=121)
	        Recheck Cond: ((id >= 8621567) AND (id <= 8622566))
	        ->  Bitmap Index Scan on sbtest6_pkey  (cost=0.00..34.29 rows=985 width=0)
	              Index Cond: ((id >= 8621567) AND (id <= 8622566))

table 7 : explain SELECT c FROM sbtest7 WHERE id BETWEEN 2473678 AND 2474677 ORDER BY c
	Sort  (cost=4000.95..4003.47 rows=1008 width=121)
	  Sort Key: c
	  ->  Index Scan using sbtest7_pkey on sbtest7  (cost=0.43..3950.66 rows=1008 width=121)
	        Index Cond: ((id >= 2473678) AND (id <= 2474677))

table 8 : explain SELECT c FROM sbtest8 WHERE id BETWEEN 5111774 AND 5112773 ORDER BY c
	Sort  (cost=3807.68..3810.07 rows=958 width=121)
	  Sort Key: c
	  ->  Index Scan using sbtest8_pkey on sbtest8  (cost=0.43..3760.24 rows=958 width=121)
	        Index Cond: ((id >= 5111774) AND (id <= 5112773))

for: order_ranges
table 1 : explain SELECT c FROM sbtest1 WHERE id BETWEEN 9104034 AND 9105033 ORDER BY c
	Sort  (cost=4119.89..4122.52 rows=1051 width=121)
	  Sort Key: c
	  ->  Bitmap Heap Scan on sbtest1  (cost=35.21..4067.14 rows=1051 width=121)
	        Recheck Cond: ((id >= 9104034) AND (id <= 9105033))
	        ->  Bitmap Index Scan on sbtest1_pkey  (cost=0.00..34.95 rows=1051 width=0)
	              Index Cond: ((id >= 9104034) AND (id <= 9105033))

table 2 : explain SELECT c FROM sbtest2 WHERE id BETWEEN 5508365 AND 5509364 ORDER BY c
	Sort  (cost=4135.77..4138.41 rows=1054 width=121)
	  Sort Key: c
	  ->  Bitmap Heap Scan on sbtest2  (cost=35.24..4082.85 rows=1054 width=121)
	        Recheck Cond: ((id >= 5508365) AND (id <= 5509364))
	        ->  Bitmap Index Scan on sbtest2_pkey  (cost=0.00..34.98 rows=1054 width=0)
	              Index Cond: ((id >= 5508365) AND (id <= 5509364))

table 3 : explain SELECT c FROM sbtest3 WHERE id BETWEEN 7600483 AND 7601482 ORDER BY c
	Sort  (cost=3882.11..3884.58 rows=988 width=121)
	  Sort Key: c
	  ->  Bitmap Heap Scan on sbtest3  (cost=34.56..3832.97 rows=988 width=121)
	        Recheck Cond: ((id >= 7600483) AND (id <= 7601482))
	        ->  Bitmap Index Scan on sbtest3_pkey  (cost=0.00..34.32 rows=988 width=0)
	              Index Cond: ((id >= 7600483) AND (id <= 7601482))

table 4 : explain SELECT c FROM sbtest4 WHERE id BETWEEN 2056927 AND 2057926 ORDER BY c
	Sort  (cost=3566.20..3568.46 rows=902 width=121)
	  Sort Key: c
	  ->  Index Scan using sbtest4_pkey on sbtest4  (cost=0.43..3521.93 rows=902 width=121)
	        Index Cond: ((id >= 2056927) AND (id <= 2057926))

table 5 : explain SELECT c FROM sbtest5 WHERE id BETWEEN 9675441 AND 9676440 ORDER BY c
	Sort  (cost=3985.06..3987.60 rows=1014 width=121)
	  Sort Key: c
	  ->  Bitmap Heap Scan on sbtest5  (cost=34.83..3934.43 rows=1014 width=121)
	        Recheck Cond: ((id >= 9675441) AND (id <= 9676440))
	        ->  Bitmap Index Scan on sbtest5_pkey  (cost=0.00..34.58 rows=1014 width=0)
	              Index Cond: ((id >= 9675441) AND (id <= 9676440))

table 6 : explain SELECT c FROM sbtest6 WHERE id BETWEEN 9950049 AND 9951048 ORDER BY c
	Sort  (cost=3981.69..3984.22 rows=1013 width=121)
	  Sort Key: c
	  ->  Bitmap Heap Scan on sbtest6  (cost=34.82..3931.12 rows=1013 width=121)
	        Recheck Cond: ((id >= 9950049) AND (id <= 9951048))
	        ->  Bitmap Index Scan on sbtest6_pkey  (cost=0.00..34.57 rows=1013 width=0)
	              Index Cond: ((id >= 9950049) AND (id <= 9951048))

table 7 : explain SELECT c FROM sbtest7 WHERE id BETWEEN 8512698 AND 8513697 ORDER BY c
	Sort  (cost=3720.11..3722.45 rows=937 width=121)
	  Sort Key: c
	  ->  Index Scan using sbtest7_pkey on sbtest7  (cost=0.43..3673.86 rows=937 width=121)
	        Index Cond: ((id >= 8512698) AND (id <= 8513697))

table 8 : explain SELECT c FROM sbtest8 WHERE id BETWEEN 1953903 AND 1954902 ORDER BY c
	Sort  (cost=4215.56..4218.24 rows=1074 width=121)
	  Sort Key: c
	  ->  Bitmap Heap Scan on sbtest8  (cost=35.44..4161.49 rows=1074 width=121)
	        Recheck Cond: ((id >= 1953903) AND (id <= 1954902))
	        ->  Bitmap Index Scan on sbtest8_pkey  (cost=0.00..35.18 rows=1074 width=0)
	              Index Cond: ((id >= 1953903) AND (id <= 1954902))

for: order_ranges
table 1 : explain SELECT c FROM sbtest1 WHERE id BETWEEN 3694863 AND 3695862 ORDER BY c
	Sort  (cost=3871.34..3873.80 rows=986 width=121)
	  Sort Key: c
	  ->  Bitmap Heap Scan on sbtest1  (cost=34.54..3822.31 rows=986 width=121)
	        Recheck Cond: ((id >= 3694863) AND (id <= 3695862))
	        ->  Bitmap Index Scan on sbtest1_pkey  (cost=0.00..34.30 rows=986 width=0)
	              Index Cond: ((id >= 3694863) AND (id <= 3695862))

table 2 : explain SELECT c FROM sbtest2 WHERE id BETWEEN 517250 AND 518249 ORDER BY c
	Sort  (cost=4219.92..4222.61 rows=1076 width=121)
	  Sort Key: c
	  ->  Bitmap Heap Scan on sbtest2  (cost=35.46..4165.73 rows=1076 width=121)
	        Recheck Cond: ((id >= 517250) AND (id <= 518249))
	        ->  Bitmap Index Scan on sbtest2_pkey  (cost=0.00..35.20 rows=1076 width=0)
	              Index Cond: ((id >= 517250) AND (id <= 518249))

table 3 : explain SELECT c FROM sbtest3 WHERE id BETWEEN 5879431 AND 5880430 ORDER BY c
	Sort  (cost=3824.61..3827.05 rows=973 width=121)
	  Sort Key: c
	  ->  Bitmap Heap Scan on sbtest3  (cost=34.41..3776.32 rows=973 width=121)
	        Recheck Cond: ((id >= 5879431) AND (id <= 5880430))
	        ->  Bitmap Index Scan on sbtest3_pkey  (cost=0.00..34.17 rows=973 width=0)
	              Index Cond: ((id >= 5879431) AND (id <= 5880430))

table 4 : explain SELECT c FROM sbtest4 WHERE id BETWEEN 3600829 AND 3601828 ORDER BY c
	Sort  (cost=3779.13..3781.52 rows=955 width=121)
	  Sort Key: c
	  ->  Index Scan using sbtest4_pkey on sbtest4  (cost=0.43..3731.86 rows=955 width=121)
	        Index Cond: ((id >= 3600829) AND (id <= 3601828))

table 5 : explain SELECT c FROM sbtest5 WHERE id BETWEEN 3180620 AND 3181619 ORDER BY c
	Sort  (cost=3942.88..3945.39 rows=1003 width=121)
	  Sort Key: c
	  ->  Bitmap Heap Scan on sbtest5  (cost=34.72..3892.88 rows=1003 width=121)
	        Recheck Cond: ((id >= 3180620) AND (id <= 3181619))
	        ->  Bitmap Index Scan on sbtest5_pkey  (cost=0.00..34.47 rows=1003 width=0)
	              Index Cond: ((id >= 3180620) AND (id <= 3181619))

table 6 : explain SELECT c FROM sbtest6 WHERE id BETWEEN 1620577 AND 1621576 ORDER BY c
	Sort  (cost=3720.64..3723.00 rows=945 width=121)
	  Sort Key: c
	  ->  Bitmap Heap Scan on sbtest6  (cost=34.12..3673.94 rows=945 width=121)
	        Recheck Cond: ((id >= 1620577) AND (id <= 1621576))
	        ->  Bitmap Index Scan on sbtest6_pkey  (cost=0.00..33.89 rows=945 width=0)
	              Index Cond: ((id >= 1620577) AND (id <= 1621576))

table 7 : explain SELECT c FROM sbtest7 WHERE id BETWEEN 7744629 AND 7745628 ORDER BY c
	Sort  (cost=4039.42..4041.99 rows=1028 width=121)
	  Sort Key: c
	  ->  Bitmap Heap Scan on sbtest7  (cost=34.97..3987.99 rows=1028 width=121)
	        Recheck Cond: ((id >= 7744629) AND (id <= 7745628))
	        ->  Bitmap Index Scan on sbtest7_pkey  (cost=0.00..34.72 rows=1028 width=0)
	              Index Cond: ((id >= 7744629) AND (id <= 7745628))

table 8 : explain SELECT c FROM sbtest8 WHERE id BETWEEN 8998278 AND 8999277 ORDER BY c
	Sort  (cost=3889.74..3892.22 rows=989 width=121)
	  Sort Key: c
	  ->  Bitmap Heap Scan on sbtest8  (cost=34.57..3840.54 rows=989 width=121)
	        Recheck Cond: ((id >= 8998278) AND (id <= 8999277))
	        ->  Bitmap Index Scan on sbtest8_pkey  (cost=0.00..34.33 rows=989 width=0)
	              Index Cond: ((id >= 8998278) AND (id <= 8999277))

for: order_ranges
table 1 : explain SELECT c FROM sbtest1 WHERE id BETWEEN 1201807 AND 1202806 ORDER BY c
	Sort  (cost=4005.24..4007.79 rows=1021 width=121)
	  Sort Key: c
	  ->  Bitmap Heap Scan on sbtest1  (cost=34.90..3954.21 rows=1021 width=121)
	        Recheck Cond: ((id >= 1201807) AND (id <= 1202806))
	        ->  Bitmap Index Scan on sbtest1_pkey  (cost=0.00..34.65 rows=1021 width=0)
	              Index Cond: ((id >= 1201807) AND (id <= 1202806))

table 2 : explain SELECT c FROM sbtest2 WHERE id BETWEEN 3648809 AND 3649808 ORDER BY c
	Sort  (cost=3871.50..3873.96 rows=985 width=121)
	  Sort Key: c
	  ->  Bitmap Heap Scan on sbtest2  (cost=34.53..3822.53 rows=985 width=121)
	        Recheck Cond: ((id >= 3648809) AND (id <= 3649808))
	        ->  Bitmap Index Scan on sbtest2_pkey  (cost=0.00..34.29 rows=985 width=0)
	              Index Cond: ((id >= 3648809) AND (id <= 3649808))

table 3 : explain SELECT c FROM sbtest3 WHERE id BETWEEN 3263674 AND 3264673 ORDER BY c
	Sort  (cost=4062.10..4064.69 rows=1035 width=121)
	  Sort Key: c
	  ->  Bitmap Heap Scan on sbtest3  (cost=35.04..4010.27 rows=1035 width=121)
	        Recheck Cond: ((id >= 3263674) AND (id <= 3264673))
	        ->  Bitmap Index Scan on sbtest3_pkey  (cost=0.00..34.79 rows=1035 width=0)
	              Index Cond: ((id >= 3263674) AND (id <= 3264673))

table 4 : explain SELECT c FROM sbtest4 WHERE id BETWEEN 4588838 AND 4589837 ORDER BY c
	Sort  (cost=3834.35..3836.77 rows=969 width=121)
	  Sort Key: c
	  ->  Index Scan using sbtest4_pkey on sbtest4  (cost=0.43..3786.29 rows=969 width=121)
	        Index Cond: ((id >= 4588838) AND (id <= 4589837))

table 5 : explain SELECT c FROM sbtest5 WHERE id BETWEEN 8068201 AND 8069200 ORDER BY c
	Sort  (cost=3762.48..3764.87 rows=956 width=121)
	  Sort Key: c
	  ->  Bitmap Heap Scan on sbtest5  (cost=34.23..3715.16 rows=956 width=121)
	        Recheck Cond: ((id >= 8068201) AND (id <= 8069200))
	        ->  Bitmap Index Scan on sbtest5_pkey  (cost=0.00..34.00 rows=956 width=0)
	              Index Cond: ((id >= 8068201) AND (id <= 8069200))

table 6 : explain SELECT c FROM sbtest6 WHERE id BETWEEN 2547662 AND 2548661 ORDER BY c
	Sort  (cost=3912.64..3915.13 rows=995 width=121)
	  Sort Key: c
	  ->  Bitmap Heap Scan on sbtest6  (cost=34.63..3863.10 rows=995 width=121)
	        Recheck Cond: ((id >= 2547662) AND (id <= 2548661))
	        ->  Bitmap Index Scan on sbtest6_pkey  (cost=0.00..34.39 rows=995 width=0)
	              Index Cond: ((id >= 2547662) AND (id <= 2548661))

table 7 : explain SELECT c FROM sbtest7 WHERE id BETWEEN 4799756 AND 4800755 ORDER BY c
	Sort  (cost=3925.81..3928.28 rows=989 width=121)
	  Sort Key: c
	  ->  Index Scan using sbtest7_pkey on sbtest7  (cost=0.43..3876.61 rows=989 width=121)
	        Index Cond: ((id >= 4799756) AND (id <= 4800755))

table 8 : explain SELECT c FROM sbtest8 WHERE id BETWEEN 4633828 AND 4634827 ORDER BY c
	Sort  (cost=4219.39..4222.07 rows=1075 width=121)
	  Sort Key: c
	  ->  Bitmap Heap Scan on sbtest8  (cost=35.45..4165.26 rows=1075 width=121)
	        Recheck Cond: ((id >= 4633828) AND (id <= 4634827))
	        ->  Bitmap Index Scan on sbtest8_pkey  (cost=0.00..35.19 rows=1075 width=0)
	              Index Cond: ((id >= 4633828) AND (id <= 4634827))

for: sum_ranges
table 1 : explain SELECT SUM(k) FROM sbtest1 WHERE id BETWEEN 477180 AND 478179
	Aggregate  (cost=3737.95..3737.96 rows=1 width=8)
	  ->  Bitmap Heap Scan on sbtest1  (cost=34.31..3735.54 rows=963 width=4)
	        Recheck Cond: ((id >= 477180) AND (id <= 478179))
	        ->  Bitmap Index Scan on sbtest1_pkey  (cost=0.00..34.07 rows=963 width=0)
	              Index Cond: ((id >= 477180) AND (id <= 478179))

table 2 : explain SELECT SUM(k) FROM sbtest2 WHERE id BETWEEN 7749553 AND 7750552
	Aggregate  (cost=3911.89..3911.90 rows=1 width=8)
	  ->  Bitmap Heap Scan on sbtest2  (cost=34.77..3909.37 rows=1008 width=4)
	        Recheck Cond: ((id >= 7749553) AND (id <= 7750552))
	        ->  Bitmap Index Scan on sbtest2_pkey  (cost=0.00..34.52 rows=1008 width=0)
	              Index Cond: ((id >= 7749553) AND (id <= 7750552))

table 3 : explain SELECT SUM(k) FROM sbtest3 WHERE id BETWEEN 4863860 AND 4864859
	Aggregate  (cost=4076.97..4076.98 rows=1 width=8)
	  ->  Bitmap Heap Scan on sbtest3  (cost=35.22..4074.34 rows=1052 width=4)
	        Recheck Cond: ((id >= 4863860) AND (id <= 4864859))
	        ->  Bitmap Index Scan on sbtest3_pkey  (cost=0.00..34.95 rows=1052 width=0)
	              Index Cond: ((id >= 4863860) AND (id <= 4864859))

table 4 : explain SELECT SUM(k) FROM sbtest4 WHERE id BETWEEN 210852 AND 211851
	Aggregate  (cost=3777.05..3777.06 rows=1 width=8)
	  ->  Index Scan using sbtest4_pkey on sbtest4  (cost=0.43..3774.63 rows=966 width=4)
	        Index Cond: ((id >= 210852) AND (id <= 211851))

table 5 : explain SELECT SUM(k) FROM sbtest5 WHERE id BETWEEN 9964467 AND 9965466
	Aggregate  (cost=3717.55..3717.56 rows=1 width=8)
	  ->  Bitmap Heap Scan on sbtest5  (cost=34.23..3715.16 rows=956 width=4)
	        Recheck Cond: ((id >= 9964467) AND (id <= 9965466))
	        ->  Bitmap Index Scan on sbtest5_pkey  (cost=0.00..34.00 rows=956 width=0)
	              Index Cond: ((id >= 9964467) AND (id <= 9965466))

table 6 : explain SELECT SUM(k) FROM sbtest6 WHERE id BETWEEN 8990730 AND 8991729
	Aggregate  (cost=3695.24..3695.25 rows=1 width=8)
	  ->  Bitmap Heap Scan on sbtest6  (cost=34.17..3692.87 rows=950 width=4)
	        Recheck Cond: ((id >= 8990730) AND (id <= 8991729))
	        ->  Bitmap Index Scan on sbtest6_pkey  (cost=0.00..33.94 rows=950 width=0)
	              Index Cond: ((id >= 8990730) AND (id <= 8991729))

table 7 : explain SELECT SUM(k) FROM sbtest7 WHERE id BETWEEN 9381514 AND 9382513
	Aggregate  (cost=3979.22..3979.23 rows=1 width=8)
	  ->  Bitmap Heap Scan on sbtest7  (cost=34.94..3976.66 rows=1025 width=4)
	        Recheck Cond: ((id >= 9381514) AND (id <= 9382513))
	        ->  Bitmap Index Scan on sbtest7_pkey  (cost=0.00..34.69 rows=1025 width=0)
	              Index Cond: ((id >= 9381514) AND (id <= 9382513))

table 8 : explain SELECT SUM(k) FROM sbtest8 WHERE id BETWEEN 8731331 AND 8732330
	Aggregate  (cost=3831.66..3831.67 rows=1 width=8)
	  ->  Bitmap Heap Scan on sbtest8  (cost=34.54..3829.20 rows=986 width=4)
	        Recheck Cond: ((id >= 8731331) AND (id <= 8732330))
	        ->  Bitmap Index Scan on sbtest8_pkey  (cost=0.00..34.30 rows=986 width=0)
	              Index Cond: ((id >= 8731331) AND (id <= 8732330))

for: distinct_ranges
table 1 : explain SELECT DISTINCT c FROM sbtest1 WHERE id BETWEEN 9439984 AND 9440983 ORDER BY c
	Unique  (cost=3764.11..3768.90 rows=958 width=121)
	  ->  Sort  (cost=3764.11..3766.50 rows=958 width=121)
	        Sort Key: c
	        ->  Bitmap Heap Scan on sbtest1  (cost=34.25..3716.67 rows=958 width=121)
	              Recheck Cond: ((id >= 9439984) AND (id <= 9440983))
	              ->  Bitmap Index Scan on sbtest1_pkey  (cost=0.00..34.02 rows=958 width=0)
	                    Index Cond: ((id >= 9439984) AND (id <= 9440983))

table 2 : explain SELECT DISTINCT c FROM sbtest2 WHERE id BETWEEN 9412413 AND 9413412 ORDER BY c
	Unique  (cost=3510.41..3514.87 rows=892 width=121)
	  ->  Sort  (cost=3510.41..3512.64 rows=892 width=121)
	        Sort Key: c
	        ->  Bitmap Heap Scan on sbtest2  (cost=29.58..3466.70 rows=892 width=121)
	              Recheck Cond: ((id >= 9412413) AND (id <= 9413412))
	              ->  Bitmap Index Scan on sbtest2_pkey  (cost=0.00..29.36 rows=892 width=0)
	                    Index Cond: ((id >= 9412413) AND (id <= 9413412))

table 3 : explain SELECT DISTINCT c FROM sbtest3 WHERE id BETWEEN 9294563 AND 9295562 ORDER BY c
	Unique  (cost=3924.26..3929.26 rows=999 width=121)
	  ->  Sort  (cost=3924.26..3926.76 rows=999 width=121)
	        Sort Key: c
	        ->  Bitmap Heap Scan on sbtest3  (cost=34.67..3874.49 rows=999 width=121)
	              Recheck Cond: ((id >= 9294563) AND (id <= 9295562))
	              ->  Bitmap Index Scan on sbtest3_pkey  (cost=0.00..34.43 rows=999 width=0)
	                    Index Cond: ((id >= 9294563) AND (id <= 9295562))

table 4 : explain SELECT DISTINCT c FROM sbtest4 WHERE id BETWEEN 6788790 AND 6789789 ORDER BY c
	Unique  (cost=4023.60..4028.68 rows=1017 width=121)
	  ->  Sort  (cost=4023.60..4026.14 rows=1017 width=121)
	        Sort Key: c
	        ->  Index Scan using sbtest4_pkey on sbtest4  (cost=0.43..3972.80 rows=1017 width=121)
	              Index Cond: ((id >= 6788790) AND (id <= 6789789))

table 5 : explain SELECT DISTINCT c FROM sbtest5 WHERE id BETWEEN 5003219 AND 5004218 ORDER BY c
	Unique  (cost=3731.75..3736.49 rows=948 width=121)
	  ->  Sort  (cost=3731.75..3734.12 rows=948 width=121)
	        Sort Key: c
	        ->  Bitmap Heap Scan on sbtest5  (cost=34.15..3684.88 rows=948 width=121)
	              Recheck Cond: ((id >= 5003219) AND (id <= 5004218))
	              ->  Bitmap Index Scan on sbtest5_pkey  (cost=0.00..33.92 rows=948 width=0)
	                    Index Cond: ((id >= 5003219) AND (id <= 5004218))

table 6 : explain SELECT DISTINCT c FROM sbtest6 WHERE id BETWEEN 5610246 AND 5611245 ORDER BY c
	Unique  (cost=3809.00..3813.84 rows=968 width=121)
	  ->  Sort  (cost=3809.00..3811.42 rows=968 width=121)
	        Sort Key: c
	        ->  Bitmap Heap Scan on sbtest6  (cost=34.36..3760.99 rows=968 width=121)
	              Recheck Cond: ((id >= 5610246) AND (id <= 5611245))
	              ->  Bitmap Index Scan on sbtest6_pkey  (cost=0.00..34.12 rows=968 width=0)
	                    Index Cond: ((id >= 5610246) AND (id <= 5611245))

table 7 : explain SELECT DISTINCT c FROM sbtest7 WHERE id BETWEEN 4115431 AND 4116430 ORDER BY c
	Unique  (cost=3921.85..3926.79 rows=988 width=121)
	  ->  Sort  (cost=3921.85..3924.32 rows=988 width=121)
	        Sort Key: c
	        ->  Index Scan using sbtest7_pkey on sbtest7  (cost=0.43..3872.71 rows=988 width=121)
	              Index Cond: ((id >= 4115431) AND (id <= 4116430))

table 8 : explain SELECT DISTINCT c FROM sbtest8 WHERE id BETWEEN 1704258 AND 1705257 ORDER BY c
	Unique  (cost=4154.29..4159.58 rows=1058 width=121)
	  ->  Sort  (cost=4154.29..4156.94 rows=1058 width=121)
	        Sort Key: c
	        ->  Bitmap Heap Scan on sbtest8  (cost=35.28..4101.14 rows=1058 width=121)
	              Recheck Cond: ((id >= 1704258) AND (id <= 1705257))
	              ->  Bitmap Index Scan on sbtest8_pkey  (cost=0.00..35.02 rows=1058 width=0)
	                    Index Cond: ((id >= 1704258) AND (id <= 1705257))

for: distinct_ranges
table 1 : explain SELECT DISTINCT c FROM sbtest1 WHERE id BETWEEN 3806079 AND 3807078 ORDER BY c
	Unique  (cost=4410.15..4415.78 rows=1127 width=121)
	  ->  Sort  (cost=4410.15..4412.97 rows=1127 width=121)
	        Sort Key: c
	        ->  Bitmap Heap Scan on sbtest1  (cost=39.99..4353.02 rows=1127 width=121)
	              Recheck Cond: ((id >= 3806079) AND (id <= 3807078))
	              ->  Bitmap Index Scan on sbtest1_pkey  (cost=0.00..39.70 rows=1127 width=0)
	                    Index Cond: ((id >= 3806079) AND (id <= 3807078))

table 2 : explain SELECT DISTINCT c FROM sbtest2 WHERE id BETWEEN 9676888 AND 9677887 ORDER BY c
	Unique  (cost=3852.33..3857.23 rows=980 width=121)
	  ->  Sort  (cost=3852.33..3854.78 rows=980 width=121)
	        Sort Key: c
	        ->  Bitmap Heap Scan on sbtest2  (cost=34.48..3803.64 rows=980 width=121)
	              Recheck Cond: ((id >= 9676888) AND (id <= 9677887))
	              ->  Bitmap Index Scan on sbtest2_pkey  (cost=0.00..34.23 rows=980 width=0)
	                    Index Cond: ((id >= 9676888) AND (id <= 9677887))

table 3 : explain SELECT DISTINCT c FROM sbtest3 WHERE id BETWEEN 6913921 AND 6914920 ORDER BY c
	Unique  (cost=3671.15..3675.82 rows=933 width=121)
	  ->  Sort  (cost=3671.15..3673.48 rows=933 width=121)
	        Sort Key: c
	        ->  Bitmap Heap Scan on sbtest3  (cost=34.00..3625.13 rows=933 width=121)
	              Recheck Cond: ((id >= 6913921) AND (id <= 6914920))
	              ->  Bitmap Index Scan on sbtest3_pkey  (cost=0.00..33.77 rows=933 width=0)
	                    Index Cond: ((id >= 6913921) AND (id <= 6914920))

table 4 : explain SELECT DISTINCT c FROM sbtest4 WHERE id BETWEEN 5496110 AND 5497109 ORDER BY c
	Unique  (cost=3495.23..3499.65 rows=884 width=121)
	  ->  Sort  (cost=3495.23..3497.44 rows=884 width=121)
	        Sort Key: c
	        ->  Index Scan using sbtest4_pkey on sbtest4  (cost=0.43..3451.96 rows=884 width=121)
	              Index Cond: ((id >= 5496110) AND (id <= 5497109))

table 5 : explain SELECT DISTINCT c FROM sbtest5 WHERE id BETWEEN 6916873 AND 6917872 ORDER BY c
	Unique  (cost=4134.51..4139.77 rows=1053 width=121)
	  ->  Sort  (cost=4134.51..4137.14 rows=1053 width=121)
	        Sort Key: c
	        ->  Bitmap Heap Scan on sbtest5  (cost=35.23..4081.65 rows=1053 width=121)
	              Recheck Cond: ((id >= 6916873) AND (id <= 6917872))
	              ->  Bitmap Index Scan on sbtest5_pkey  (cost=0.00..34.97 rows=1053 width=0)
	                    Index Cond: ((id >= 6916873) AND (id <= 6917872))

table 6 : explain SELECT DISTINCT c FROM sbtest6 WHERE id BETWEEN 713776 AND 714775 ORDER BY c
	Unique  (cost=3562.83..3567.35 rows=905 width=121)
	  ->  Sort  (cost=3562.83..3565.09 rows=905 width=121)
	        Sort Key: c
	        ->  Bitmap Heap Scan on sbtest6  (cost=29.71..3518.38 rows=905 width=121)
	              Recheck Cond: ((id >= 713776) AND (id <= 714775))
	              ->  Bitmap Index Scan on sbtest6_pkey  (cost=0.00..29.48 rows=905 width=0)
	                    Index Cond: ((id >= 713776) AND (id <= 714775))

table 7 : explain SELECT DISTINCT c FROM sbtest7 WHERE id BETWEEN 9480026 AND 9481025 ORDER BY c
	Unique  (cost=3890.19..3895.09 rows=980 width=121)
	  ->  Sort  (cost=3890.19..3892.64 rows=980 width=121)
	        Sort Key: c
	        ->  Index Scan using sbtest7_pkey on sbtest7  (cost=0.43..3841.50 rows=980 width=121)
	              Index Cond: ((id >= 9480026) AND (id <= 9481025))

table 8 : explain SELECT DISTINCT c FROM sbtest8 WHERE id BETWEEN 9866810 AND 9867809 ORDER BY c
	Unique  (cost=4204.07..4209.43 rows=1071 width=121)
	  ->  Sort  (cost=4204.07..4206.75 rows=1071 width=121)
	        Sort Key: c
	        ->  Bitmap Heap Scan on sbtest8  (cost=35.41..4150.18 rows=1071 width=121)
	              Recheck Cond: ((id >= 9866810) AND (id <= 9867809))
	              ->  Bitmap Index Scan on sbtest8_pkey  (cost=0.00..35.15 rows=1071 width=0)
	                    Index Cond: ((id >= 9866810) AND (id <= 9867809))

for: distinct_ranges
table 1 : explain SELECT DISTINCT c FROM sbtest1 WHERE id BETWEEN 7550304 AND 7551303 ORDER BY c
	Unique  (cost=4028.18..4033.31 rows=1027 width=121)
	  ->  Sort  (cost=4028.18..4030.74 rows=1027 width=121)
	        Sort Key: c
	        ->  Bitmap Heap Scan on sbtest1  (cost=34.96..3976.81 rows=1027 width=121)
	              Recheck Cond: ((id >= 7550304) AND (id <= 7551303))
	              ->  Bitmap Index Scan on sbtest1_pkey  (cost=0.00..34.70 rows=1027 width=0)
	                    Index Cond: ((id >= 7550304) AND (id <= 7551303))

table 2 : explain SELECT DISTINCT c FROM sbtest2 WHERE id BETWEEN 775980 AND 776979 ORDER BY c
	Unique  (cost=3963.49..3968.53 rows=1009 width=121)
	  ->  Sort  (cost=3963.49..3966.01 rows=1009 width=121)
	        Sort Key: c
	        ->  Bitmap Heap Scan on sbtest2  (cost=34.78..3913.14 rows=1009 width=121)
	              Recheck Cond: ((id >= 775980) AND (id <= 776979))
	              ->  Bitmap Index Scan on sbtest2_pkey  (cost=0.00..34.53 rows=1009 width=0)
	                    Index Cond: ((id >= 775980) AND (id <= 776979))

table 3 : explain SELECT DISTINCT c FROM sbtest3 WHERE id BETWEEN 6702685 AND 6703684 ORDER BY c
	Unique  (cost=3920.43..3925.42 rows=998 width=121)
	  ->  Sort  (cost=3920.43..3922.92 rows=998 width=121)
	        Sort Key: c
	        ->  Bitmap Heap Scan on sbtest3  (cost=34.66..3870.72 rows=998 width=121)
	              Recheck Cond: ((id >= 6702685) AND (id <= 6703684))
	              ->  Bitmap Index Scan on sbtest3_pkey  (cost=0.00..34.42 rows=998 width=0)
	                    Index Cond: ((id >= 6702685) AND (id <= 6703684))

table 4 : explain SELECT DISTINCT c FROM sbtest4 WHERE id BETWEEN 889889 AND 890888 ORDER BY c
	Unique  (cost=4421.97..4427.56 rows=1117 width=121)
	  ->  Sort  (cost=4421.97..4424.77 rows=1117 width=121)
	        Sort Key: c
	        ->  Index Scan using sbtest4_pkey on sbtest4  (cost=0.43..4365.42 rows=1117 width=121)
	              Index Cond: ((id >= 889889) AND (id <= 890888))

table 5 : explain SELECT DISTINCT c FROM sbtest5 WHERE id BETWEEN 395001 AND 396000 ORDER BY c
	Unique  (cost=3797.05..3801.87 rows=965 width=121)
	  ->  Sort  (cost=3797.05..3799.46 rows=965 width=121)
	        Sort Key: c
	        ->  Bitmap Heap Scan on sbtest5  (cost=34.33..3749.21 rows=965 width=121)
	              Recheck Cond: ((id >= 395001) AND (id <= 396000))
	              ->  Bitmap Index Scan on sbtest5_pkey  (cost=0.00..34.09 rows=965 width=0)
	                    Index Cond: ((id >= 395001) AND (id <= 396000))

table 6 : explain SELECT DISTINCT c FROM sbtest6 WHERE id BETWEEN 6707245 AND 6708244 ORDER BY c
	Unique  (cost=3751.38..3756.15 rows=953 width=121)
	  ->  Sort  (cost=3751.38..3753.76 rows=953 width=121)
	        Sort Key: c
	        ->  Bitmap Heap Scan on sbtest6  (cost=34.20..3704.22 rows=953 width=121)
	              Recheck Cond: ((id >= 6707245) AND (id <= 6708244))
	              ->  Bitmap Index Scan on sbtest6_pkey  (cost=0.00..33.97 rows=953 width=0)
	                    Index Cond: ((id >= 6707245) AND (id <= 6708244))

table 7 : explain SELECT DISTINCT c FROM sbtest7 WHERE id BETWEEN 6275734 AND 6276733 ORDER BY c
	Unique  (cost=4008.75..4013.85 rows=1020 width=121)
	  ->  Sort  (cost=4008.75..4011.30 rows=1020 width=121)
	        Sort Key: c
	        ->  Bitmap Heap Scan on sbtest7  (cost=34.89..3957.78 rows=1020 width=121)
	              Recheck Cond: ((id >= 6275734) AND (id <= 6276733))
	              ->  Bitmap Index Scan on sbtest7_pkey  (cost=0.00..34.64 rows=1020 width=0)
	                    Index Cond: ((id >= 6275734) AND (id <= 6276733))

table 8 : explain SELECT DISTINCT c FROM sbtest8 WHERE id BETWEEN 3437902 AND 3438901 ORDER BY c
	Unique  (cost=3981.82..3986.89 rows=1013 width=121)
	  ->  Sort  (cost=3981.82..3984.35 rows=1013 width=121)
	        Sort Key: c
	        ->  Bitmap Heap Scan on sbtest8  (cost=34.82..3931.25 rows=1013 width=121)
	              Recheck Cond: ((id >= 3437902) AND (id <= 3438901))
	              ->  Bitmap Index Scan on sbtest8_pkey  (cost=0.00..34.57 rows=1013 width=0)
	                    Index Cond: ((id >= 3437902) AND (id <= 3438901))

for: distinct_ranges
table 1 : explain SELECT DISTINCT c FROM sbtest1 WHERE id BETWEEN 5901284 AND 5902283 ORDER BY c
	Unique  (cost=3737.29..3742.04 rows=951 width=121)
	  ->  Sort  (cost=3737.29..3739.67 rows=951 width=121)
	        Sort Key: c
	        ->  Bitmap Heap Scan on sbtest1  (cost=34.18..3690.25 rows=951 width=121)
	              Recheck Cond: ((id >= 5901284) AND (id <= 5902283))
	              ->  Bitmap Index Scan on sbtest1_pkey  (cost=0.00..33.95 rows=951 width=0)
	                    Index Cond: ((id >= 5901284) AND (id <= 5902283))

table 2 : explain SELECT DISTINCT c FROM sbtest2 WHERE id BETWEEN 8552415 AND 8553414 ORDER BY c
	Unique  (cost=3683.49..3688.17 rows=936 width=121)
	  ->  Sort  (cost=3683.49..3685.83 rows=936 width=121)
	        Sort Key: c
	        ->  Bitmap Heap Scan on sbtest2  (cost=34.03..3637.30 rows=936 width=121)
	              Recheck Cond: ((id >= 8552415) AND (id <= 8553414))
	              ->  Bitmap Index Scan on sbtest2_pkey  (cost=0.00..33.80 rows=936 width=0)
	                    Index Cond: ((id >= 8552415) AND (id <= 8553414))

table 3 : explain SELECT DISTINCT c FROM sbtest3 WHERE id BETWEEN 8148845 AND 8149844 ORDER BY c
	Unique  (cost=3747.91..3752.67 rows=953 width=121)
	  ->  Sort  (cost=3747.91..3750.29 rows=953 width=121)
	        Sort Key: c
	        ->  Bitmap Heap Scan on sbtest3  (cost=34.20..3700.75 rows=953 width=121)
	              Recheck Cond: ((id >= 8148845) AND (id <= 8149844))
	              ->  Bitmap Index Scan on sbtest3_pkey  (cost=0.00..33.97 rows=953 width=0)
	                    Index Cond: ((id >= 8148845) AND (id <= 8149844))

table 4 : explain SELECT DISTINCT c FROM sbtest4 WHERE id BETWEEN 8683357 AND 8684356 ORDER BY c
	Unique  (cost=4090.65..4095.82 rows=1034 width=121)
	  ->  Sort  (cost=4090.65..4093.23 rows=1034 width=121)
	        Sort Key: c
	        ->  Index Scan using sbtest4_pkey on sbtest4  (cost=0.43..4038.87 rows=1034 width=121)
	              Index Cond: ((id >= 8683357) AND (id <= 8684356))

table 5 : explain SELECT DISTINCT c FROM sbtest5 WHERE id BETWEEN 9083014 AND 9084013 ORDER BY c
	Unique  (cost=4046.39..4051.54 rows=1030 width=121)
	  ->  Sort  (cost=4046.39..4048.97 rows=1030 width=121)
	        Sort Key: c
	        ->  Bitmap Heap Scan on sbtest5  (cost=34.99..3994.85 rows=1030 width=121)
	              Recheck Cond: ((id >= 9083014) AND (id <= 9084013))
	              ->  Bitmap Index Scan on sbtest5_pkey  (cost=0.00..34.73 rows=1030 width=0)
	                    Index Cond: ((id >= 9083014) AND (id <= 9084013))

table 6 : explain SELECT DISTINCT c FROM sbtest6 WHERE id BETWEEN 8626434 AND 8627433 ORDER BY c
	Unique  (cost=3816.68..3821.53 rows=970 width=121)
	  ->  Sort  (cost=3816.68..3819.10 rows=970 width=121)
	        Sort Key: c
	        ->  Bitmap Heap Scan on sbtest6  (cost=34.38..3768.56 rows=970 width=121)
	              Recheck Cond: ((id >= 8626434) AND (id <= 8627433))
	              ->  Bitmap Index Scan on sbtest6_pkey  (cost=0.00..34.14 rows=970 width=0)
	                    Index Cond: ((id >= 8626434) AND (id <= 8627433))

table 7 : explain SELECT DISTINCT c FROM sbtest7 WHERE id BETWEEN 6018681 AND 6019680 ORDER BY c
	Unique  (cost=3874.37..3879.25 rows=976 width=121)
	  ->  Sort  (cost=3874.37..3876.81 rows=976 width=121)
	        Sort Key: c
	        ->  Index Scan using sbtest7_pkey on sbtest7  (cost=0.43..3825.90 rows=976 width=121)
	              Index Cond: ((id >= 6018681) AND (id <= 6019680))

table 8 : explain SELECT DISTINCT c FROM sbtest8 WHERE id BETWEEN 52094 AND 53093 ORDER BY c
	Unique  (cost=4418.48..4424.11 rows=1126 width=121)
	  ->  Sort  (cost=4418.48..4421.29 rows=1126 width=121)
	        Sort Key: c
	        ->  Bitmap Heap Scan on sbtest8  (cost=39.98..4361.41 rows=1126 width=121)
	              Recheck Cond: ((id >= 52094) AND (id <= 53093))
	              ->  Bitmap Index Scan on sbtest8_pkey  (cost=0.00..39.70 rows=1126 width=0)
	                    Index Cond: ((id >= 52094) AND (id <= 53093))

for: distinct_ranges
table 1 : explain SELECT DISTINCT c FROM sbtest1 WHERE id BETWEEN 2056741 AND 2057740 ORDER BY c
	Unique  (cost=4444.45..4450.13 rows=1136 width=121)
	  ->  Sort  (cost=4444.45..4447.29 rows=1136 width=121)
	        Sort Key: c
	        ->  Bitmap Heap Scan on sbtest1  (cost=40.08..4386.80 rows=1136 width=121)
	              Recheck Cond: ((id >= 2056741) AND (id <= 2057740))
	              ->  Bitmap Index Scan on sbtest1_pkey  (cost=0.00..39.80 rows=1136 width=0)
	                    Index Cond: ((id >= 2056741) AND (id <= 2057740))

table 2 : explain SELECT DISTINCT c FROM sbtest2 WHERE id BETWEEN 5330025 AND 5331024 ORDER BY c
	Unique  (cost=4242.85..4248.26 rows=1082 width=121)
	  ->  Sort  (cost=4242.85..4245.56 rows=1082 width=121)
	        Sort Key: c
	        ->  Bitmap Heap Scan on sbtest2  (cost=35.53..4188.32 rows=1082 width=121)
	              Recheck Cond: ((id >= 5330025) AND (id <= 5331024))
	              ->  Bitmap Index Scan on sbtest2_pkey  (cost=0.00..35.26 rows=1082 width=0)
	                    Index Cond: ((id >= 5330025) AND (id <= 5331024))

table 3 : explain SELECT DISTINCT c FROM sbtest3 WHERE id BETWEEN 4620815 AND 4621814 ORDER BY c
	Unique  (cost=3663.47..3668.13 rows=931 width=121)
	  ->  Sort  (cost=3663.47..3665.80 rows=931 width=121)
	        Sort Key: c
	        ->  Bitmap Heap Scan on sbtest3  (cost=33.98..3617.56 rows=931 width=121)
	              Recheck Cond: ((id >= 4620815) AND (id <= 4621814))
	              ->  Bitmap Index Scan on sbtest3_pkey  (cost=0.00..33.75 rows=931 width=0)
	                    Index Cond: ((id >= 4620815) AND (id <= 4621814))

table 4 : explain SELECT DISTINCT c FROM sbtest4 WHERE id BETWEEN 389912 AND 390911 ORDER BY c
	Unique  (cost=3846.17..3851.03 rows=972 width=121)
	  ->  Sort  (cost=3846.17..3848.60 rows=972 width=121)
	        Sort Key: c
	        ->  Index Scan using sbtest4_pkey on sbtest4  (cost=0.43..3797.94 rows=972 width=121)
	              Index Cond: ((id >= 389912) AND (id <= 390911))

table 5 : explain SELECT DISTINCT c FROM sbtest5 WHERE id BETWEEN 6674422 AND 6675421 ORDER BY c
	Unique  (cost=3658.73..3663.38 rows=929 width=121)
	  ->  Sort  (cost=3658.73..3661.05 rows=929 width=121)
	        Sort Key: c
	        ->  Bitmap Heap Scan on sbtest5  (cost=33.96..3612.93 rows=929 width=121)
	              Recheck Cond: ((id >= 6674422) AND (id <= 6675421))
	              ->  Bitmap Index Scan on sbtest5_pkey  (cost=0.00..33.73 rows=929 width=0)
	                    Index Cond: ((id >= 6674422) AND (id <= 6675421))

table 6 : explain SELECT DISTINCT c FROM sbtest6 WHERE id BETWEEN 2363109 AND 2364108 ORDER BY c
	Unique  (cost=3920.32..3925.30 rows=997 width=121)
	  ->  Sort  (cost=3920.32..3922.81 rows=997 width=121)
	        Sort Key: c
	        ->  Bitmap Heap Scan on sbtest6  (cost=34.65..3870.66 rows=997 width=121)
	              Recheck Cond: ((id >= 2363109) AND (id <= 2364108))
	              ->  Bitmap Index Scan on sbtest6_pkey  (cost=0.00..34.41 rows=997 width=0)
	                    Index Cond: ((id >= 2363109) AND (id <= 2364108))

table 7 : explain SELECT DISTINCT c FROM sbtest7 WHERE id BETWEEN 5020490 AND 5021489 ORDER BY c
	Unique  (cost=3724.06..3728.75 rows=938 width=121)
	  ->  Sort  (cost=3724.06..3726.41 rows=938 width=121)
	        Sort Key: c
	        ->  Index Scan using sbtest7_pkey on sbtest7  (cost=0.43..3677.76 rows=938 width=121)
	              Index Cond: ((id >= 5020490) AND (id <= 5021489))

table 8 : explain SELECT DISTINCT c FROM sbtest8 WHERE id BETWEEN 9466221 AND 9467220 ORDER BY c
	Unique  (cost=4066.17..4071.34 rows=1035 width=121)
	  ->  Sort  (cost=4066.17..4068.76 rows=1035 width=121)
	        Sort Key: c
	        ->  Bitmap Heap Scan on sbtest8  (cost=35.04..4014.34 rows=1035 width=121)
	              Recheck Cond: ((id >= 9466221) AND (id <= 9467220))
	              ->  Bitmap Index Scan on sbtest8_pkey  (cost=0.00..34.79 rows=1035 width=0)
	                    Index Cond: ((id >= 9466221) AND (id <= 9467220))

for: distinct_ranges
table 1 : explain SELECT DISTINCT c FROM sbtest1 WHERE id BETWEEN 778299 AND 779298 ORDER BY c
	Unique  (cost=3894.30..3899.26 rows=992 width=121)
	  ->  Sort  (cost=3894.30..3896.78 rows=992 width=121)
	        Sort Key: c
	        ->  Bitmap Heap Scan on sbtest1  (cost=34.60..3844.93 rows=992 width=121)
	              Recheck Cond: ((id >= 778299) AND (id <= 779298))
	              ->  Bitmap Index Scan on sbtest1_pkey  (cost=0.00..34.36 rows=992 width=0)
	                    Index Cond: ((id >= 778299) AND (id <= 779298))

table 2 : explain SELECT DISTINCT c FROM sbtest2 WHERE id BETWEEN 993296 AND 994295 ORDER BY c
	Unique  (cost=4361.49..4367.05 rows=1112 width=121)
	  ->  Sort  (cost=4361.49..4364.27 rows=1112 width=121)
	        Sort Key: c
	        ->  Bitmap Heap Scan on sbtest2  (cost=39.83..4305.23 rows=1112 width=121)
	              Recheck Cond: ((id >= 993296) AND (id <= 994295))
	              ->  Bitmap Index Scan on sbtest2_pkey  (cost=0.00..39.56 rows=1112 width=0)
	                    Index Cond: ((id >= 993296) AND (id <= 994295))

table 3 : explain SELECT DISTINCT c FROM sbtest3 WHERE id BETWEEN 1618311 AND 1619310 ORDER BY c
	Unique  (cost=3862.95..3867.86 rows=983 width=121)
	  ->  Sort  (cost=3862.95..3865.41 rows=983 width=121)
	        Sort Key: c
	        ->  Bitmap Heap Scan on sbtest3  (cost=34.51..3814.09 rows=983 width=121)
	              Recheck Cond: ((id >= 1618311) AND (id <= 1619310))
	              ->  Bitmap Index Scan on sbtest3_pkey  (cost=0.00..34.27 rows=983 width=0)
	                    Index Cond: ((id >= 1618311) AND (id <= 1619310))

table 4 : explain SELECT DISTINCT c FROM sbtest4 WHERE id BETWEEN 8658851 AND 8659850 ORDER BY c
	Unique  (cost=4090.65..4095.82 rows=1034 width=121)
	  ->  Sort  (cost=4090.65..4093.23 rows=1034 width=121)
	        Sort Key: c
	        ->  Index Scan using sbtest4_pkey on sbtest4  (cost=0.43..4038.87 rows=1034 width=121)
	              Index Cond: ((id >= 8658851) AND (id <= 8659850))

table 5 : explain SELECT DISTINCT c FROM sbtest5 WHERE id BETWEEN 7789523 AND 7790522 ORDER BY c
	Unique  (cost=4115.36..4120.60 rows=1048 width=121)
	  ->  Sort  (cost=4115.36..4117.98 rows=1048 width=121)
	        Sort Key: c
	        ->  Bitmap Heap Scan on sbtest5  (cost=35.18..4062.78 rows=1048 width=121)
	              Recheck Cond: ((id >= 7789523) AND (id <= 7790522))
	              ->  Bitmap Index Scan on sbtest5_pkey  (cost=0.00..34.92 rows=1048 width=0)
	                    Index Cond: ((id >= 7789523) AND (id <= 7790522))

table 6 : explain SELECT DISTINCT c FROM sbtest6 WHERE id BETWEEN 5700307 AND 5701306 ORDER BY c
	Unique  (cost=4100.52..4105.74 rows=1044 width=121)
	  ->  Sort  (cost=4100.52..4103.13 rows=1044 width=121)
	        Sort Key: c
	        ->  Bitmap Heap Scan on sbtest6  (cost=35.14..4048.18 rows=1044 width=121)
	              Recheck Cond: ((id >= 5700307) AND (id <= 5701306))
	              ->  Bitmap Index Scan on sbtest6_pkey  (cost=0.00..34.88 rows=1044 width=0)
	                    Index Cond: ((id >= 5700307) AND (id <= 5701306))

table 7 : explain SELECT DISTINCT c FROM sbtest7 WHERE id BETWEEN 1335380 AND 1336379 ORDER BY c
	Unique  (cost=3981.18..3986.19 rows=1003 width=121)
	  ->  Sort  (cost=3981.18..3983.68 rows=1003 width=121)
	        Sort Key: c
	        ->  Index Scan using sbtest7_pkey on sbtest7  (cost=0.43..3931.18 rows=1003 width=121)
	              Index Cond: ((id >= 1335380) AND (id <= 1336379))

table 8 : explain SELECT DISTINCT c FROM sbtest8 WHERE id BETWEEN 4962778 AND 4963777 ORDER BY c
	Unique  (cost=4265.32..4270.75 rows=1087 width=121)
	  ->  Sort  (cost=4265.32..4268.03 rows=1087 width=121)
	        Sort Key: c
	        ->  Bitmap Heap Scan on sbtest8  (cost=35.58..4210.50 rows=1087 width=121)
	              Recheck Cond: ((id >= 4962778) AND (id <= 4963777))
	              ->  Bitmap Index Scan on sbtest8_pkey  (cost=0.00..35.31 rows=1087 width=0)
	                    Index Cond: ((id >= 4962778) AND (id <= 4963777))

for: simple_ranges
table 1 : explain SELECT c FROM sbtest1 WHERE id BETWEEN 8152594 AND 8153593
	Bitmap Heap Scan on sbtest1  (cost=34.37..3758.18 rows=969 width=121)
	  Recheck Cond: ((id >= 8152594) AND (id <= 8153593))
	  ->  Bitmap Index Scan on sbtest1_pkey  (cost=0.00..34.12 rows=969 width=0)
	        Index Cond: ((id >= 8152594) AND (id <= 8153593))

table 2 : explain SELECT c FROM sbtest2 WHERE id BETWEEN 1520895 AND 1521894
	Bitmap Heap Scan on sbtest2  (cost=35.23..4079.08 rows=1053 width=121)
	  Recheck Cond: ((id >= 1520895) AND (id <= 1521894))
	  ->  Bitmap Index Scan on sbtest2_pkey  (cost=0.00..34.97 rows=1053 width=0)
	        Index Cond: ((id >= 1520895) AND (id <= 1521894))

table 3 : explain SELECT c FROM sbtest3 WHERE id BETWEEN 9473800 AND 9474799
	Bitmap Heap Scan on sbtest3  (cost=35.22..4074.34 rows=1052 width=121)
	  Recheck Cond: ((id >= 9473800) AND (id <= 9474799))
	  ->  Bitmap Index Scan on sbtest3_pkey  (cost=0.00..34.95 rows=1052 width=0)
	        Index Cond: ((id >= 9473800) AND (id <= 9474799))

table 4 : explain SELECT c FROM sbtest4 WHERE id BETWEEN 6324229 AND 6325228
	Index Scan using sbtest4_pkey on sbtest4  (cost=0.43..3716.32 rows=951 width=121)
	  Index Cond: ((id >= 6324229) AND (id <= 6325228))

table 5 : explain SELECT c FROM sbtest5 WHERE id BETWEEN 4569264 AND 4570263
	Bitmap Heap Scan on sbtest5  (cost=34.98..3991.08 rows=1029 width=121)
	  Recheck Cond: ((id >= 4569264) AND (id <= 4570263))
	  ->  Bitmap Index Scan on sbtest5_pkey  (cost=0.00..34.73 rows=1029 width=0)
	        Index Cond: ((id >= 4569264) AND (id <= 4570263))

table 6 : explain SELECT c FROM sbtest6 WHERE id BETWEEN 7916132 AND 7917131
	Bitmap Heap Scan on sbtest6  (cost=34.97..3987.77 rows=1028 width=121)
	  Recheck Cond: ((id >= 7916132) AND (id <= 7917131))
	  ->  Bitmap Index Scan on sbtest6_pkey  (cost=0.00..34.72 rows=1028 width=0)
	        Index Cond: ((id >= 7916132) AND (id <= 7917131))

table 7 : explain SELECT c FROM sbtest7 WHERE id BETWEEN 5817191 AND 5818190
	Index Scan using sbtest7_pkey on sbtest7  (cost=0.43..3981.88 rows=1016 width=121)
	  Index Cond: ((id >= 5817191) AND (id <= 5818190))

table 8 : explain SELECT c FROM sbtest8 WHERE id BETWEEN 9293388 AND 9294387
	Bitmap Heap Scan on sbtest8  (cost=34.97..3987.91 rows=1028 width=121)
	  Recheck Cond: ((id >= 9293388) AND (id <= 9294387))
	  ->  Bitmap Index Scan on sbtest8_pkey  (cost=0.00..34.72 rows=1028 width=0)
	        Index Cond: ((id >= 9293388) AND (id <= 9294387))

for: order_ranges
table 1 : explain SELECT c FROM sbtest1 WHERE id BETWEEN 8767617 AND 8768616 ORDER BY c
	Sort  (cost=3606.92..3609.22 rows=917 width=121)
	  Sort Key: c
	  ->  Bitmap Heap Scan on sbtest1  (cost=33.83..3561.80 rows=917 width=121)
	        Recheck Cond: ((id >= 8767617) AND (id <= 8768616))
	        ->  Bitmap Index Scan on sbtest1_pkey  (cost=0.00..33.61 rows=917 width=0)
	              Index Cond: ((id >= 8767617) AND (id <= 8768616))

table 2 : explain SELECT c FROM sbtest2 WHERE id BETWEEN 633250 AND 634249 ORDER BY c
	Sort  (cost=3833.16..3835.59 rows=975 width=121)
	  Sort Key: c
	  ->  Bitmap Heap Scan on sbtest2  (cost=34.43..3784.75 rows=975 width=121)
	        Recheck Cond: ((id >= 633250) AND (id <= 634249))
	        ->  Bitmap Index Scan on sbtest2_pkey  (cost=0.00..34.19 rows=975 width=0)
	              Index Cond: ((id >= 633250) AND (id <= 634249))

table 3 : explain SELECT c FROM sbtest3 WHERE id BETWEEN 6383640 AND 6384639 ORDER BY c
	Sort  (cost=3970.22..3972.75 rows=1011 width=121)
	  Sort Key: c
	  ->  Bitmap Heap Scan on sbtest3  (cost=34.80..3919.77 rows=1011 width=121)
	        Recheck Cond: ((id >= 6383640) AND (id <= 6384639))
	        ->  Bitmap Index Scan on sbtest3_pkey  (cost=0.00..34.55 rows=1011 width=0)
	              Index Cond: ((id >= 6383640) AND (id <= 6384639))

table 4 : explain SELECT c FROM sbtest4 WHERE id BETWEEN 1864321 AND 1865320 ORDER BY c
	Sort  (cost=4496.89..4499.73 rows=1136 width=121)
	  Sort Key: c
	  ->  Index Scan using sbtest4_pkey on sbtest4  (cost=0.43..4439.24 rows=1136 width=121)
	        Index Cond: ((id >= 1864321) AND (id <= 1865320))

table 5 : explain SELECT c FROM sbtest5 WHERE id BETWEEN 4327536 AND 4328535 ORDER BY c
	Sort  (cost=3962.05..3964.57 rows=1008 width=121)
	  Sort Key: c
	  ->  Bitmap Heap Scan on sbtest5  (cost=34.77..3911.77 rows=1008 width=121)
	        Recheck Cond: ((id >= 4327536) AND (id <= 4328535))
	        ->  Bitmap Index Scan on sbtest5_pkey  (cost=0.00..34.52 rows=1008 width=0)
	              Index Cond: ((id >= 4327536) AND (id <= 4328535))

table 6 : explain SELECT c FROM sbtest6 WHERE id BETWEEN 2488446 AND 2489445 ORDER BY c
	Sort  (cost=3655.29..3657.61 rows=928 width=121)
	  Sort Key: c
	  ->  Bitmap Heap Scan on sbtest6  (cost=33.95..3609.55 rows=928 width=121)
	        Recheck Cond: ((id >= 2488446) AND (id <= 2489445))
	        ->  Bitmap Index Scan on sbtest6_pkey  (cost=0.00..33.72 rows=928 width=0)
	              Index Cond: ((id >= 2488446) AND (id <= 2489445))

table 7 : explain SELECT c FROM sbtest7 WHERE id BETWEEN 7919498 AND 7920497 ORDER BY c
	Sort  (cost=4192.67..4195.34 rows=1068 width=121)
	  Sort Key: c
	  ->  Bitmap Heap Scan on sbtest7  (cost=35.38..4138.95 rows=1068 width=121)
	        Recheck Cond: ((id >= 7919498) AND (id <= 7920497))
	        ->  Bitmap Index Scan on sbtest7_pkey  (cost=0.00..35.12 rows=1068 width=0)
	              Index Cond: ((id >= 7919498) AND (id <= 7920497))

table 8 : explain SELECT c FROM sbtest8 WHERE id BETWEEN 9385993 AND 9386992 ORDER BY c
	Sort  (cost=3924.28..3926.78 rows=998 width=121)
	  Sort Key: c
	  ->  Bitmap Heap Scan on sbtest8  (cost=34.66..3874.57 rows=998 width=121)
	        Recheck Cond: ((id >= 9385993) AND (id <= 9386992))
	        ->  Bitmap Index Scan on sbtest8_pkey  (cost=0.00..34.42 rows=998 width=0)
	              Index Cond: ((id >= 9385993) AND (id <= 9386992))

for: distinct_ranges
table 1 : explain SELECT DISTINCT c FROM sbtest1 WHERE id BETWEEN 3815708 AND 3816707 ORDER BY c
	Unique  (cost=4410.15..4415.78 rows=1127 width=121)
	  ->  Sort  (cost=4410.15..4412.97 rows=1127 width=121)
	        Sort Key: c
	        ->  Bitmap Heap Scan on sbtest1  (cost=39.99..4353.02 rows=1127 width=121)
	              Recheck Cond: ((id >= 3815708) AND (id <= 3816707))
	              ->  Bitmap Index Scan on sbtest1_pkey  (cost=0.00..39.70 rows=1127 width=0)
	                    Index Cond: ((id >= 3815708) AND (id <= 3816707))

table 2 : explain SELECT DISTINCT c FROM sbtest2 WHERE id BETWEEN 5824709 AND 5825708 ORDER BY c
	Unique  (cost=4434.03..4439.69 rows=1131 width=121)
	  ->  Sort  (cost=4434.03..4436.86 rows=1131 width=121)
	        Sort Key: c
	        ->  Bitmap Heap Scan on sbtest2  (cost=40.03..4376.67 rows=1131 width=121)
	              Recheck Cond: ((id >= 5824709) AND (id <= 5825708))
	              ->  Bitmap Index Scan on sbtest2_pkey  (cost=0.00..39.75 rows=1131 width=0)
	                    Index Cond: ((id >= 5824709) AND (id <= 5825708))

table 3 : explain SELECT DISTINCT c FROM sbtest3 WHERE id BETWEEN 5561223 AND 5562222 ORDER BY c
	Unique  (cost=3793.94..3798.76 rows=965 width=121)
	  ->  Sort  (cost=3793.94..3796.35 rows=965 width=121)
	        Sort Key: c
	        ->  Bitmap Heap Scan on sbtest3  (cost=34.33..3746.10 rows=965 width=121)
	              Recheck Cond: ((id >= 5561223) AND (id <= 5562222))
	              ->  Bitmap Index Scan on sbtest3_pkey  (cost=0.00..34.09 rows=965 width=0)
	                    Index Cond: ((id >= 5561223) AND (id <= 5562222))

table 4 : explain SELECT DISTINCT c FROM sbtest4 WHERE id BETWEEN 6014113 AND 6015112 ORDER BY c
	Unique  (cost=4114.30..4119.50 rows=1040 width=121)
	  ->  Sort  (cost=4114.30..4116.90 rows=1040 width=121)
	        Sort Key: c
	        ->  Index Scan using sbtest4_pkey on sbtest4  (cost=0.43..4062.18 rows=1040 width=121)
	              Index Cond: ((id >= 6014113) AND (id <= 6015112))

table 5 : explain SELECT DISTINCT c FROM sbtest5 WHERE id BETWEEN 1456138 AND 1457137 ORDER BY c
	Unique  (cost=3988.90..3993.97 rows=1015 width=121)
	  ->  Sort  (cost=3988.90..3991.43 rows=1015 width=121)
	        Sort Key: c
	        ->  Bitmap Heap Scan on sbtest5  (cost=34.84..3938.21 rows=1015 width=121)
	              Recheck Cond: ((id >= 1456138) AND (id <= 1457137))
	              ->  Bitmap Index Scan on sbtest5_pkey  (cost=0.00..34.59 rows=1015 width=0)
	                    Index Cond: ((id >= 1456138) AND (id <= 1457137))

table 6 : explain SELECT DISTINCT c FROM sbtest6 WHERE id BETWEEN 924981 AND 925980 ORDER BY c
	Unique  (cost=3755.22..3759.99 rows=954 width=121)
	  ->  Sort  (cost=3755.22..3757.61 rows=954 width=121)
	        Sort Key: c
	        ->  Bitmap Heap Scan on sbtest6  (cost=34.21..3708.01 rows=954 width=121)
	              Recheck Cond: ((id >= 924981) AND (id <= 925980))
	              ->  Bitmap Index Scan on sbtest6_pkey  (cost=0.00..33.98 rows=954 width=0)
	                    Index Cond: ((id >= 924981) AND (id <= 925980))

table 7 : explain SELECT DISTINCT c FROM sbtest7 WHERE id BETWEEN 8690606 AND 8691605 ORDER BY c
	Unique  (cost=3502.52..3506.94 rows=883 width=121)
	  ->  Sort  (cost=3502.52..3504.73 rows=883 width=121)
	        Sort Key: c
	        ->  Index Scan using sbtest7_pkey on sbtest7  (cost=0.43..3459.32 rows=883 width=121)
	              Index Cond: ((id >= 8690606) AND (id <= 8691605))

table 8 : explain SELECT DISTINCT c FROM sbtest8 WHERE id BETWEEN 5743071 AND 5744070 ORDER BY c
	Unique  (cost=3633.42..3637.99 rows=914 width=121)
	  ->  Sort  (cost=3633.42..3635.71 rows=914 width=121)
	        Sort Key: c
	        ->  Index Scan using sbtest8_pkey on sbtest8  (cost=0.43..3588.47 rows=914 width=121)
	              Index Cond: ((id >= 5743071) AND (id <= 5744070))

for: order_ranges
table 1 : explain SELECT c FROM sbtest1 WHERE id BETWEEN 2349402 AND 2350401 ORDER BY c
	Sort  (cost=3441.68..3443.87 rows=875 width=121)
	  Sort Key: c
	  ->  Bitmap Heap Scan on sbtest1  (cost=29.40..3398.93 rows=875 width=121)
	        Recheck Cond: ((id >= 2349402) AND (id <= 2350401))
	        ->  Bitmap Index Scan on sbtest1_pkey  (cost=0.00..29.18 rows=875 width=0)
	              Index Cond: ((id >= 2349402) AND (id <= 2350401))

table 2 : explain SELECT c FROM sbtest2 WHERE id BETWEEN 8890740 AND 8891739 ORDER BY c
	Sort  (cost=3425.79..3427.96 rows=870 width=121)
	  Sort Key: c
	  ->  Bitmap Heap Scan on sbtest2  (cost=29.35..3383.31 rows=870 width=121)
	        Recheck Cond: ((id >= 8890740) AND (id <= 8891739))
	        ->  Bitmap Index Scan on sbtest2_pkey  (cost=0.00..29.14 rows=870 width=0)
	              Index Cond: ((id >= 8890740) AND (id <= 8891739))

table 3 : explain SELECT c FROM sbtest3 WHERE id BETWEEN 4541240 AND 4542239 ORDER BY c
	Sort  (cost=3663.47..3665.80 rows=931 width=121)
	  Sort Key: c
	  ->  Bitmap Heap Scan on sbtest3  (cost=33.98..3617.56 rows=931 width=121)
	        Recheck Cond: ((id >= 4541240) AND (id <= 4542239))
	        ->  Bitmap Index Scan on sbtest3_pkey  (cost=0.00..33.75 rows=931 width=0)
	              Index Cond: ((id >= 4541240) AND (id <= 4542239))

table 4 : explain SELECT c FROM sbtest4 WHERE id BETWEEN 1700623 AND 1701622 ORDER BY c
	Sort  (cost=4205.01..4207.66 rows=1063 width=121)
	  Sort Key: c
	  ->  Index Scan using sbtest4_pkey on sbtest4  (cost=0.43..4151.57 rows=1063 width=121)
	        Index Cond: ((id >= 1700623) AND (id <= 1701622))

table 5 : explain SELECT c FROM sbtest5 WHERE id BETWEEN 2554317 AND 2555316 ORDER BY c
	Sort  (cost=4046.39..4048.97 rows=1030 width=121)
	  Sort Key: c
	  ->  Bitmap Heap Scan on sbtest5  (cost=34.99..3994.85 rows=1030 width=121)
	        Recheck Cond: ((id >= 2554317) AND (id <= 2555316))
	        ->  Bitmap Index Scan on sbtest5_pkey  (cost=0.00..34.73 rows=1030 width=0)
	              Index Cond: ((id >= 2554317) AND (id <= 2555316))

table 6 : explain SELECT c FROM sbtest6 WHERE id BETWEEN 9517802 AND 9518801 ORDER BY c
	Sort  (cost=4039.20..4041.77 rows=1028 width=121)
	  Sort Key: c
	  ->  Bitmap Heap Scan on sbtest6  (cost=34.97..3987.77 rows=1028 width=121)
	        Recheck Cond: ((id >= 9517802) AND (id <= 9518801))
	        ->  Bitmap Index Scan on sbtest6_pkey  (cost=0.00..34.72 rows=1028 width=0)
	              Index Cond: ((id >= 9517802) AND (id <= 9518801))

table 7 : explain SELECT c FROM sbtest7 WHERE id BETWEEN 1423312 AND 1424311 ORDER BY c
	Sort  (cost=4445.33..4448.16 rows=1133 width=121)
	  Sort Key: c
	  ->  Bitmap Heap Scan on sbtest7  (cost=40.05..4387.85 rows=1133 width=121)
	        Recheck Cond: ((id >= 1423312) AND (id <= 1424311))
	        ->  Bitmap Index Scan on sbtest7_pkey  (cost=0.00..39.77 rows=1133 width=0)
	              Index Cond: ((id >= 1423312) AND (id <= 1424311))

table 8 : explain SELECT c FROM sbtest8 WHERE id BETWEEN 4808101 AND 4809100 ORDER BY c
	Sort  (cost=3954.97..3957.49 rows=1006 width=121)
	  Sort Key: c
	  ->  Bitmap Heap Scan on sbtest8  (cost=34.75..3904.80 rows=1006 width=121)
	        Recheck Cond: ((id >= 4808101) AND (id <= 4809100))
	        ->  Bitmap Index Scan on sbtest8_pkey  (cost=0.00..34.50 rows=1006 width=0)
	              Index Cond: ((id >= 4808101) AND (id <= 4809100))

for: sum_ranges
table 1 : explain SELECT SUM(k) FROM sbtest1 WHERE id BETWEEN 2226726 AND 2227725
	Aggregate  (cost=4058.48..4058.49 rows=1 width=8)
	  ->  Bitmap Heap Scan on sbtest1  (cost=35.18..4055.86 rows=1048 width=4)
	        Recheck Cond: ((id >= 2226726) AND (id <= 2227725))
	        ->  Bitmap Index Scan on sbtest1_pkey  (cost=0.00..34.92 rows=1048 width=0)
	              Index Cond: ((id >= 2226726) AND (id <= 2227725))

table 2 : explain SELECT SUM(k) FROM sbtest2 WHERE id BETWEEN 6167466 AND 6168465
	Aggregate  (cost=3779.63..3779.64 rows=1 width=8)
	  ->  Bitmap Heap Scan on sbtest2  (cost=34.41..3777.19 rows=973 width=4)
	        Recheck Cond: ((id >= 6167466) AND (id <= 6168465))
	        ->  Bitmap Index Scan on sbtest2_pkey  (cost=0.00..34.17 rows=973 width=0)
	              Index Cond: ((id >= 6167466) AND (id <= 6168465))

table 3 : explain SELECT SUM(k) FROM sbtest3 WHERE id BETWEEN 6196614 AND 6197613
	Aggregate  (cost=3839.22..3839.23 rows=1 width=8)
	  ->  Bitmap Heap Scan on sbtest3  (cost=34.57..3836.74 rows=989 width=4)
	        Recheck Cond: ((id >= 6196614) AND (id <= 6197613))
	        ->  Bitmap Index Scan on sbtest3_pkey  (cost=0.00..34.33 rows=989 width=0)
	              Index Cond: ((id >= 6196614) AND (id <= 6197613))

table 4 : explain SELECT SUM(k) FROM sbtest4 WHERE id BETWEEN 71608 AND 72607
	Aggregate  (cost=4088.11..4088.12 rows=1 width=8)
	  ->  Index Scan using sbtest4_pkey on sbtest4  (cost=0.43..4085.49 rows=1046 width=4)
	        Index Cond: ((id >= 71608) AND (id <= 72607))

table 5 : explain SELECT SUM(k) FROM sbtest5 WHERE id BETWEEN 1031022 AND 1032021
	Aggregate  (cost=3721.33..3721.34 rows=1 width=8)
	  ->  Bitmap Heap Scan on sbtest5  (cost=34.24..3718.94 rows=957 width=4)
	        Recheck Cond: ((id >= 1031022) AND (id <= 1032021))
	        ->  Bitmap Index Scan on sbtest5_pkey  (cost=0.00..34.01 rows=957 width=0)
	              Index Cond: ((id >= 1031022) AND (id <= 1032021))

table 6 : explain SELECT SUM(k) FROM sbtest6 WHERE id BETWEEN 6764716 AND 6765715
	Aggregate  (cost=4062.11..4062.12 rows=1 width=8)
	  ->  Bitmap Heap Scan on sbtest6  (cost=35.17..4059.50 rows=1047 width=4)
	        Recheck Cond: ((id >= 6764716) AND (id <= 6765715))
	        ->  Bitmap Index Scan on sbtest6_pkey  (cost=0.00..34.91 rows=1047 width=0)
	              Index Cond: ((id >= 6764716) AND (id <= 6765715))

table 7 : explain SELECT SUM(k) FROM sbtest7 WHERE id BETWEEN 1911668 AND 1912667
	Aggregate  (cost=3703.50..3703.51 rows=1 width=8)
	  ->  Index Scan using sbtest7_pkey on sbtest7  (cost=0.43..3701.14 rows=944 width=4)
	        Index Cond: ((id >= 1911668) AND (id <= 1912667))

table 8 : explain SELECT SUM(k) FROM sbtest8 WHERE id BETWEEN 925947 AND 926946
	Aggregate  (cost=3933.78..3933.79 rows=1 width=8)
	  ->  Bitmap Heap Scan on sbtest8  (cost=34.82..3931.25 rows=1013 width=4)
	        Recheck Cond: ((id >= 925947) AND (id <= 926946))
	        ->  Bitmap Index Scan on sbtest8_pkey  (cost=0.00..34.57 rows=1013 width=0)
	              Index Cond: ((id >= 925947) AND (id <= 926946))

for: distinct_ranges
table 1 : explain SELECT DISTINCT c FROM sbtest1 WHERE id BETWEEN 3014941 AND 3015940 ORDER BY c
	Unique  (cost=3947.87..3952.90 rows=1006 width=121)
	  ->  Sort  (cost=3947.87..3950.38 rows=1006 width=121)
	        Sort Key: c
	        ->  Bitmap Heap Scan on sbtest1  (cost=34.75..3897.70 rows=1006 width=121)
	              Recheck Cond: ((id >= 3014941) AND (id <= 3015940))
	              ->  Bitmap Index Scan on sbtest1_pkey  (cost=0.00..34.50 rows=1006 width=0)
	                    Index Cond: ((id >= 3014941) AND (id <= 3015940))

table 2 : explain SELECT DISTINCT c FROM sbtest2 WHERE id BETWEEN 6854009 AND 6855008 ORDER BY c
	Unique  (cost=3706.53..3711.24 rows=942 width=121)
	  ->  Sort  (cost=3706.53..3708.88 rows=942 width=121)
	        Sort Key: c
	        ->  Bitmap Heap Scan on sbtest2  (cost=34.09..3659.99 rows=942 width=121)
	              Recheck Cond: ((id >= 6854009) AND (id <= 6855008))
	              ->  Bitmap Index Scan on sbtest2_pkey  (cost=0.00..33.86 rows=942 width=0)
	                    Index Cond: ((id >= 6854009) AND (id <= 6855008))

table 3 : explain SELECT DISTINCT c FROM sbtest3 WHERE id BETWEEN 5459561 AND 5460560 ORDER BY c
	Unique  (cost=3774.76..3779.56 rows=960 width=121)
	  ->  Sort  (cost=3774.76..3777.16 rows=960 width=121)
	        Sort Key: c
	        ->  Bitmap Heap Scan on sbtest3  (cost=34.28..3727.21 rows=960 width=121)
	              Recheck Cond: ((id >= 5459561) AND (id <= 5460560))
	              ->  Bitmap Index Scan on sbtest3_pkey  (cost=0.00..34.04 rows=960 width=0)
	                    Index Cond: ((id >= 5459561) AND (id <= 5460560))

table 4 : explain SELECT DISTINCT c FROM sbtest4 WHERE id BETWEEN 316817 AND 317816 ORDER BY c
	Unique  (cost=3846.17..3851.03 rows=972 width=121)
	  ->  Sort  (cost=3846.17..3848.60 rows=972 width=121)
	        Sort Key: c
	        ->  Index Scan using sbtest4_pkey on sbtest4  (cost=0.43..3797.94 rows=972 width=121)
	              Index Cond: ((id >= 316817) AND (id <= 317816))

table 5 : explain SELECT DISTINCT c FROM sbtest5 WHERE id BETWEEN 3442816 AND 3443815 ORDER BY c
	Unique  (cost=3916.03..3921.01 rows=996 width=121)
	  ->  Sort  (cost=3916.03..3918.52 rows=996 width=121)
	        Sort Key: c
	        ->  Bitmap Heap Scan on sbtest5  (cost=34.64..3866.43 rows=996 width=121)
	              Recheck Cond: ((id >= 3442816) AND (id <= 3443815))
	              ->  Bitmap Index Scan on sbtest5_pkey  (cost=0.00..34.40 rows=996 width=0)
	                    Index Cond: ((id >= 3442816) AND (id <= 3443815))

table 6 : explain SELECT DISTINCT c FROM sbtest6 WHERE id BETWEEN 2258359 AND 2259358 ORDER BY c
	Unique  (cost=3789.79..3794.61 rows=963 width=121)
	  ->  Sort  (cost=3789.79..3792.20 rows=963 width=121)
	        Sort Key: c
	        ->  Bitmap Heap Scan on sbtest6  (cost=34.31..3742.07 rows=963 width=121)
	              Recheck Cond: ((id >= 2258359) AND (id <= 2259358))
	              ->  Bitmap Index Scan on sbtest6_pkey  (cost=0.00..34.07 rows=963 width=0)
	                    Index Cond: ((id >= 2258359) AND (id <= 2259358))

table 7 : explain SELECT DISTINCT c FROM sbtest7 WHERE id BETWEEN 7744921 AND 7745920 ORDER BY c
	Unique  (cost=4039.42..4044.56 rows=1028 width=121)
	  ->  Sort  (cost=4039.42..4041.99 rows=1028 width=121)
	        Sort Key: c
	        ->  Bitmap Heap Scan on sbtest7  (cost=34.97..3987.99 rows=1028 width=121)
	              Recheck Cond: ((id >= 7744921) AND (id <= 7745920))
	              ->  Bitmap Index Scan on sbtest7_pkey  (cost=0.00..34.72 rows=1028 width=0)
	                    Index Cond: ((id >= 7744921) AND (id <= 7745920))

table 8 : explain SELECT DISTINCT c FROM sbtest8 WHERE id BETWEEN 8347069 AND 8348068 ORDER BY c
	Unique  (cost=3797.60..3802.42 rows=965 width=121)
	  ->  Sort  (cost=3797.60..3800.01 rows=965 width=121)
	        Sort Key: c
	        ->  Bitmap Heap Scan on sbtest8  (cost=34.33..3749.76 rows=965 width=121)
	              Recheck Cond: ((id >= 8347069) AND (id <= 8348068))
	              ->  Bitmap Index Scan on sbtest8_pkey  (cost=0.00..34.09 rows=965 width=0)
	                    Index Cond: ((id >= 8347069) AND (id <= 8348068))

for: order_ranges
table 1 : explain SELECT c FROM sbtest1 WHERE id BETWEEN 4287767 AND 4288766 ORDER BY c
	Sort  (cost=3875.16..3877.63 rows=987 width=121)
	  Sort Key: c
	  ->  Bitmap Heap Scan on sbtest1  (cost=34.55..3826.08 rows=987 width=121)
	        Recheck Cond: ((id >= 4287767) AND (id <= 4288766))
	        ->  Bitmap Index Scan on sbtest1_pkey  (cost=0.00..34.31 rows=987 width=0)
	              Index Cond: ((id >= 4287767) AND (id <= 4288766))

table 2 : explain SELECT c FROM sbtest2 WHERE id BETWEEN 1471441 AND 1472440 ORDER BY c
	Sort  (cost=4028.60..4031.16 rows=1026 width=121)
	  Sort Key: c
	  ->  Bitmap Heap Scan on sbtest2  (cost=34.95..3977.28 rows=1026 width=121)
	        Recheck Cond: ((id >= 1471441) AND (id <= 1472440))
	        ->  Bitmap Index Scan on sbtest2_pkey  (cost=0.00..34.70 rows=1026 width=0)
	              Index Cond: ((id >= 1471441) AND (id <= 1472440))

table 3 : explain SELECT c FROM sbtest3 WHERE id BETWEEN 4916632 AND 4917631 ORDER BY c
	Sort  (cost=4127.14..4129.77 rows=1052 width=121)
	  Sort Key: c
	  ->  Bitmap Heap Scan on sbtest3  (cost=35.22..4074.34 rows=1052 width=121)
	        Recheck Cond: ((id >= 4916632) AND (id <= 4917631))
	        ->  Bitmap Index Scan on sbtest3_pkey  (cost=0.00..34.95 rows=1052 width=0)
	              Index Cond: ((id >= 4916632) AND (id <= 4917631))

table 4 : explain SELECT c FROM sbtest4 WHERE id BETWEEN 6859429 AND 6860428 ORDER BY c
	Sort  (cost=4051.22..4053.78 rows=1024 width=121)
	  Sort Key: c
	  ->  Index Scan using sbtest4_pkey on sbtest4  (cost=0.43..4000.02 rows=1024 width=121)
	        Index Cond: ((id >= 6859429) AND (id <= 6860428))

table 5 : explain SELECT c FROM sbtest5 WHERE id BETWEEN 2363192 AND 2364191 ORDER BY c
	Sort  (cost=3797.05..3799.46 rows=965 width=121)
	  Sort Key: c
	  ->  Bitmap Heap Scan on sbtest5  (cost=34.33..3749.21 rows=965 width=121)
	        Recheck Cond: ((id >= 2363192) AND (id <= 2364191))
	        ->  Bitmap Index Scan on sbtest5_pkey  (cost=0.00..34.09 rows=965 width=0)
	              Index Cond: ((id >= 2363192) AND (id <= 2364191))

table 6 : explain SELECT c FROM sbtest6 WHERE id BETWEEN 8453446 AND 8454445 ORDER BY c
	Sort  (cost=3889.62..3892.09 rows=989 width=121)
	  Sort Key: c
	  ->  Bitmap Heap Scan on sbtest6  (cost=34.57..3840.42 rows=989 width=121)
	        Recheck Cond: ((id >= 8453446) AND (id <= 8454445))
	        ->  Bitmap Index Scan on sbtest6_pkey  (cost=0.00..34.33 rows=989 width=0)
	              Index Cond: ((id >= 8453446) AND (id <= 8454445))

table 7 : explain SELECT c FROM sbtest7 WHERE id BETWEEN 5121737 AND 5122736 ORDER BY c
	Sort  (cost=3834.82..3837.24 rows=966 width=121)
	  Sort Key: c
	  ->  Index Scan using sbtest7_pkey on sbtest7  (cost=0.43..3786.93 rows=966 width=121)
	        Index Cond: ((id >= 5121737) AND (id <= 5122736))

table 8 : explain SELECT c FROM sbtest8 WHERE id BETWEEN 9991803 AND 9992802 ORDER BY c
	Sort  (cost=3908.93..3911.42 rows=994 width=121)
	  Sort Key: c
	  ->  Bitmap Heap Scan on sbtest8  (cost=34.62..3859.44 rows=994 width=121)
	        Recheck Cond: ((id >= 9991803) AND (id <= 9992802))
	        ->  Bitmap Index Scan on sbtest8_pkey  (cost=0.00..34.38 rows=994 width=0)
	              Index Cond: ((id >= 9991803) AND (id <= 9992802))

for: distinct_ranges
table 1 : explain SELECT DISTINCT c FROM sbtest1 WHERE id BETWEEN 8664027 AND 8665026 ORDER BY c
	Unique  (cost=3729.62..3734.37 rows=949 width=121)
	  ->  Sort  (cost=3729.62..3732.00 rows=949 width=121)
	        Sort Key: c
	        ->  Bitmap Heap Scan on sbtest1  (cost=34.16..3682.69 rows=949 width=121)
	              Recheck Cond: ((id >= 8664027) AND (id <= 8665026))
	              ->  Bitmap Index Scan on sbtest1_pkey  (cost=0.00..33.93 rows=949 width=0)
	                    Index Cond: ((id >= 8664027) AND (id <= 8665026))

table 2 : explain SELECT DISTINCT c FROM sbtest2 WHERE id BETWEEN 1012942 AND 1013941 ORDER BY c
	Unique  (cost=3871.50..3876.43 rows=985 width=121)
	  ->  Sort  (cost=3871.50..3873.96 rows=985 width=121)
	        Sort Key: c
	        ->  Bitmap Heap Scan on sbtest2  (cost=34.53..3822.53 rows=985 width=121)
	              Recheck Cond: ((id >= 1012942) AND (id <= 1013941))
	              ->  Bitmap Index Scan on sbtest2_pkey  (cost=0.00..34.29 rows=985 width=0)
	                    Index Cond: ((id >= 1012942) AND (id <= 1013941))

table 3 : explain SELECT DISTINCT c FROM sbtest3 WHERE id BETWEEN 6332251 AND 6333250 ORDER BY c
	Unique  (cost=3931.92..3936.93 rows=1001 width=121)
	  ->  Sort  (cost=3931.92..3934.43 rows=1001 width=121)
	        Sort Key: c
	        ->  Bitmap Heap Scan on sbtest3  (cost=34.70..3882.04 rows=1001 width=121)
	              Recheck Cond: ((id >= 6332251) AND (id <= 6333250))
	              ->  Bitmap Index Scan on sbtest3_pkey  (cost=0.00..34.45 rows=1001 width=0)
	                    Index Cond: ((id >= 6332251) AND (id <= 6333250))

table 4 : explain SELECT DISTINCT c FROM sbtest4 WHERE id BETWEEN 3601419 AND 3602418 ORDER BY c
	Unique  (cost=3779.13..3783.91 rows=955 width=121)
	  ->  Sort  (cost=3779.13..3781.52 rows=955 width=121)
	        Sort Key: c
	        ->  Index Scan using sbtest4_pkey on sbtest4  (cost=0.43..3731.86 rows=955 width=121)
	              Index Cond: ((id >= 3601419) AND (id <= 3602418))

table 5 : explain SELECT DISTINCT c FROM sbtest5 WHERE id BETWEEN 6062426 AND 6063425 ORDER BY c
	Unique  (cost=3843.12..3848.00 rows=977 width=121)
	  ->  Sort  (cost=3843.12..3845.56 rows=977 width=121)
	        Sort Key: c
	        ->  Bitmap Heap Scan on sbtest5  (cost=34.45..3794.60 rows=977 width=121)
	              Recheck Cond: ((id >= 6062426) AND (id <= 6063425))
	              ->  Bitmap Index Scan on sbtest5_pkey  (cost=0.00..34.20 rows=977 width=0)
	                    Index Cond: ((id >= 6062426) AND (id <= 6063425))

table 6 : explain SELECT DISTINCT c FROM sbtest6 WHERE id BETWEEN 4833576 AND 4834575 ORDER BY c
	Unique  (cost=3851.23..3856.13 rows=979 width=121)
	  ->  Sort  (cost=3851.23..3853.68 rows=979 width=121)
	        Sort Key: c
	        ->  Bitmap Heap Scan on sbtest6  (cost=34.47..3802.60 rows=979 width=121)
	              Recheck Cond: ((id >= 4833576) AND (id <= 4834575))
	              ->  Bitmap Index Scan on sbtest6_pkey  (cost=0.00..34.23 rows=979 width=0)
	                    Index Cond: ((id >= 4833576) AND (id <= 4834575))

table 7 : explain SELECT DISTINCT c FROM sbtest7 WHERE id BETWEEN 6569139 AND 6570138 ORDER BY c
	Unique  (cost=4207.99..4213.35 rows=1072 width=121)
	  ->  Sort  (cost=4207.99..4210.67 rows=1072 width=121)
	        Sort Key: c
	        ->  Bitmap Heap Scan on sbtest7  (cost=35.42..4154.03 rows=1072 width=121)
	              Recheck Cond: ((id >= 6569139) AND (id <= 6570138))
	              ->  Bitmap Index Scan on sbtest7_pkey  (cost=0.00..35.16 rows=1072 width=0)
	                    Index Cond: ((id >= 6569139) AND (id <= 6570138))

table 8 : explain SELECT DISTINCT c FROM sbtest8 WHERE id BETWEEN 4426139 AND 4427138 ORDER BY c
	Unique  (cost=3832.16..3837.03 rows=974 width=121)
	  ->  Sort  (cost=3832.16..3834.60 rows=974 width=121)
	        Sort Key: c
	        ->  Bitmap Heap Scan on sbtest8  (cost=34.42..3783.81 rows=974 width=121)
	              Recheck Cond: ((id >= 4426139) AND (id <= 4427138))
	              ->  Bitmap Index Scan on sbtest8_pkey  (cost=0.00..34.18 rows=974 width=0)
	                    Index Cond: ((id >= 4426139) AND (id <= 4427138))

Threads started!

Warming up for 5 seconds...

SQL statistics:
    queries performed:
        read:                            90506334
        write:                           0
        other:                           16455724
        total:                           106962058
    transactions:                        8227882 (13059.80 per sec.)
    queries:                             106962058 (169776.70 per sec.)
    ignored errors:                      0      (0.00 per sec.)
    reconnects:                          0      (0.00 per sec.)

Throughput:
    events/s (eps):                      13059.7963
    time elapsed:                        630.0162s
    total number of events:              8227882

Latency (ms):
         min:                                    0.53
         avg:                                    3.06
         max:                                   19.28
         95th percentile:                        3.25
         sum:                             25190871.77

Threads fairness:
    events (avg/stddev):           205696.8750/370.59
    execution time (avg/stddev):   629.7718/0.00

