LUA_PATH=/home/mdcallag/git/mytools/bench/sysbench.lua/lua/?.lua /home/mdcallag/git/mytools/bench/sysbench.lua/lua/sysbench --db-driver=pgsql --range-size=100 --table-size=10000000 --tables=8 --threads=40 --events=0 --warmup-time=5 --time=630 --pgsql_conn_id=true /home/mdcallag/git/mytools/bench/sysbench.lua/lua/oltp_range_covered.lua run --pgsql-user=root --pgsql-password=pw --pgsql-host=127.0.0.1 --pgsql-db=ib --rand-type=uniform --random-points=100 --skip-trx
48 CPUs
sysbench 1.1.0-9072687 (using bundled LuaJIT 2.1.0-beta3)

Running the test with following options:
Number of threads: 40
Warmup time: 5s
Initializing random number generator from current time


Initializing worker threads...

explain: for range-covered :: explain SELECT id FROM sbtest%d WHERE id BETWEEN 3544338 AND 3544438
explain: for range-covered :: explain SELECT id FROM sbtest%d WHERE id BETWEEN 4778858 AND 4778958
explain: for range-covered :: explain SELECT id FROM sbtest%d WHERE id BETWEEN 4721130 AND 4721230
for range-covered
table 1 : explain SELECT id FROM sbtest1 WHERE id BETWEEN 3544338 AND 3544438
	Index Only Scan using sbtest1_pkey on sbtest1  (cost=0.43..10.50 rows=103 width=4)
	  Index Cond: ((id >= 3544338) AND (id <= 3544438))

table 2 : explain SELECT id FROM sbtest2 WHERE id BETWEEN 3544338 AND 3544438
	Index Only Scan using sbtest2_pkey on sbtest2  (cost=0.43..6.45 rows=101 width=4)
	  Index Cond: ((id >= 3544338) AND (id <= 3544438))

table 3 : explain SELECT id FROM sbtest3 WHERE id BETWEEN 3544338 AND 3544438
	Index Only Scan using sbtest3_pkey on sbtest3  (cost=0.43..6.47 rows=102 width=4)
	  Index Cond: ((id >= 3544338) AND (id <= 3544438))

table 4 : explain SELECT id FROM sbtest4 WHERE id BETWEEN 3544338 AND 3544438
	Index Only Scan using sbtest4_pkey on sbtest4  (cost=0.43..6.37 rows=97 width=4)
	  Index Cond: ((id >= 3544338) AND (id <= 3544438))

table 5 : explain SELECT id FROM sbtest5 WHERE id BETWEEN 3544338 AND 3544438
	Index Only Scan using sbtest5_pkey on sbtest5  (cost=0.43..10.24 rows=90 width=4)
	  Index Cond: ((id >= 3544338) AND (id <= 3544438))

table 6 : explain SELECT id FROM sbtest6 WHERE id BETWEEN 3544338 AND 3544438
	Index Only Scan using sbtest6_pkey on sbtest6  (cost=0.43..6.25 rows=91 width=4)
	  Index Cond: ((id >= 3544338) AND (id <= 3544438))

table 7 : explain SELECT id FROM sbtest7 WHERE id BETWEEN 3544338 AND 3544438
	Index Only Scan using sbtest7_pkey on sbtest7  (cost=0.43..10.51 rows=104 width=4)
	  Index Cond: ((id >= 3544338) AND (id <= 3544438))

table 8 : explain SELECT id FROM sbtest8 WHERE id BETWEEN 3544338 AND 3544438
	Index Only Scan using sbtest8_pkey on sbtest8  (cost=0.43..10.72 rows=114 width=4)
	  Index Cond: ((id >= 3544338) AND (id <= 3544438))

explain: for range-covered :: explain SELECT id FROM sbtest%d WHERE id BETWEEN 3544338 AND 3544438
for range-covered
table 1 : explain SELECT id FROM sbtest1 WHERE id BETWEEN 3544338 AND 3544438
	Index Only Scan using sbtest1_pkey on sbtest1  (cost=0.43..10.50 rows=103 width=4)
	  Index Cond: ((id >= 3544338) AND (id <= 3544438))

table 2 : explain SELECT id FROM sbtest2 WHERE id BETWEEN 3544338 AND 3544438
	Index Only Scan using sbtest2_pkey on sbtest2  (cost=0.43..6.45 rows=101 width=4)
	  Index Cond: ((id >= 3544338) AND (id <= 3544438))

table 3 : explain SELECT id FROM sbtest3 WHERE id BETWEEN 3544338 AND 3544438
	Index Only Scan using sbtest3_pkey on sbtest3  (cost=0.43..6.47 rows=102 width=4)
	  Index Cond: ((id >= 3544338) AND (id <= 3544438))

table 4 : explain SELECT id FROM sbtest4 WHERE id BETWEEN 3544338 AND 3544438
	Index Only Scan using sbtest4_pkey on sbtest4  (cost=0.43..6.37 rows=97 width=4)
	  Index Cond: ((id >= 3544338) AND (id <= 3544438))

table 5 : explain SELECT id FROM sbtest5 WHERE id BETWEEN 3544338 AND 3544438
	Index Only Scan using sbtest5_pkey on sbtest5  (cost=0.43..10.24 rows=90 width=4)
	  Index Cond: ((id >= 3544338) AND (id <= 3544438))

table 6 : explain SELECT id FROM sbtest6 WHERE id BETWEEN 3544338 AND 3544438
	Index Only Scan using sbtest6_pkey on sbtest6  (cost=0.43..6.25 rows=91 width=4)
	  Index Cond: ((id >= 3544338) AND (id <= 3544438))

table 7 : explain SELECT id FROM sbtest7 WHERE id BETWEEN 3544338 AND 3544438
	Index Only Scan using sbtest7_pkey on sbtest7  (cost=0.43..10.51 rows=104 width=4)
	  Index Cond: ((id >= 3544338) AND (id <= 3544438))

table 8 : explain SELECT id FROM sbtest8 WHERE id BETWEEN 3544338 AND 3544438
	Index Only Scan using sbtest8_pkey on sbtest8  (cost=0.43..10.72 rows=114 width=4)
	  Index Cond: ((id >= 3544338) AND (id <= 3544438))

explain: for range-covered :: explain SELECT id FROM sbtest%d WHERE id BETWEEN 3544338 AND 3544438
for range-covered
table 1 : explain SELECT id FROM sbtest1 WHERE id BETWEEN 4721130 AND 4721230
	Index Only Scan using sbtest1_pkey on sbtest1  (cost=0.43..10.32 rows=94 width=4)
	  Index Cond: ((id >= 4721130) AND (id <= 4721230))

table 2 : explain SELECT id FROM sbtest2 WHERE id BETWEEN 4721130 AND 4721230
	Index Only Scan using sbtest2_pkey on sbtest2  (cost=0.43..6.53 rows=105 width=4)
	  Index Cond: ((id >= 4721130) AND (id <= 4721230))

table 3 : explain SELECT id FROM sbtest3 WHERE id BETWEEN 4721130 AND 4721230
	Index Only Scan using sbtest3_pkey on sbtest3  (cost=0.43..6.53 rows=105 width=4)
	  Index Cond: ((id >= 4721130) AND (id <= 4721230))

table 4 : explain SELECT id FROM sbtest4 WHERE id BETWEEN 4721130 AND 4721230
	Index Only Scan using sbtest4_pkey on sbtest4  (cost=0.43..6.47 rows=102 width=4)
	  Index Cond: ((id >= 4721130) AND (id <= 4721230))

table 5 : explain SELECT id FROM sbtest5 WHERE id BETWEEN 4721130 AND 4721230
	Index Only Scan using sbtest5_pkey on sbtest5  (cost=0.43..10.36 rows=96 width=4)
	  Index Cond: ((id >= 4721130) AND (id <= 4721230))

table 6 : explain SELECT id FROM sbtest6 WHERE id BETWEEN 4721130 AND 4721230
	Index Only Scan using sbtest6_pkey on sbtest6  (cost=0.43..6.58 rows=107 width=4)
	  Index Cond: ((id >= 4721130) AND (id <= 4721230))

table 7 : explain SELECT id FROM sbtest7 WHERE id BETWEEN 4721130 AND 4721230
	Index Only Scan using sbtest7_pkey on sbtest7  (cost=0.43..10.51 rows=104 width=4)
	  Index Cond: ((id >= 4721130) AND (id <= 4721230))

table 8 : explain SELECT id FROM sbtest8 WHERE id BETWEEN 4721130 AND 4721230
	Index Only Scan using sbtest8_pkey on sbtest8  (cost=0.43..10.62 rows=109 width=4)
	  Index Cond: ((id >= 4721130) AND (id <= 4721230))

explain: for range-covered :: explain SELECT id FROM sbtest%d WHERE id BETWEEN 4721130 AND 4721230
explain: for range-covered :: explain SELECT id FROM sbtest%d WHERE id BETWEEN 2833269 AND 2833369
for range-covered
table 1 : explain SELECT id FROM sbtest1 WHERE id BETWEEN 4721130 AND 4721230
	Index Only Scan using sbtest1_pkey on sbtest1  (cost=0.43..10.32 rows=94 width=4)
	  Index Cond: ((id >= 4721130) AND (id <= 4721230))

table 2 : explain SELECT id FROM sbtest2 WHERE id BETWEEN 4721130 AND 4721230
	Index Only Scan using sbtest2_pkey on sbtest2  (cost=0.43..6.53 rows=105 width=4)
	  Index Cond: ((id >= 4721130) AND (id <= 4721230))

table 3 : explain SELECT id FROM sbtest3 WHERE id BETWEEN 4721130 AND 4721230
	Index Only Scan using sbtest3_pkey on sbtest3  (cost=0.43..6.53 rows=105 width=4)
	  Index Cond: ((id >= 4721130) AND (id <= 4721230))

table 4 : explain SELECT id FROM sbtest4 WHERE id BETWEEN 4721130 AND 4721230
	Index Only Scan using sbtest4_pkey on sbtest4  (cost=0.43..6.47 rows=102 width=4)
	  Index Cond: ((id >= 4721130) AND (id <= 4721230))

table 5 : explain SELECT id FROM sbtest5 WHERE id BETWEEN 4721130 AND 4721230
	Index Only Scan using sbtest5_pkey on sbtest5  (cost=0.43..10.36 rows=96 width=4)
	  Index Cond: ((id >= 4721130) AND (id <= 4721230))

table 6 : explain SELECT id FROM sbtest6 WHERE id BETWEEN 4721130 AND 4721230
	Index Only Scan using sbtest6_pkey on sbtest6  (cost=0.43..6.58 rows=107 width=4)
	  Index Cond: ((id >= 4721130) AND (id <= 4721230))

table 7 : explain SELECT id FROM sbtest7 WHERE id BETWEEN 4721130 AND 4721230
	Index Only Scan using sbtest7_pkey on sbtest7  (cost=0.43..10.51 rows=104 width=4)
	  Index Cond: ((id >= 4721130) AND (id <= 4721230))

table 8 : explain SELECT id FROM sbtest8 WHERE id BETWEEN 4721130 AND 4721230
	Index Only Scan using sbtest8_pkey on sbtest8  (cost=0.43..10.62 rows=109 width=4)
	  Index Cond: ((id >= 4721130) AND (id <= 4721230))

explain: for range-covered :: explain SELECT id FROM sbtest%d WHERE id BETWEEN 4721130 AND 4721230
for range-covered
table 1 : explain SELECT id FROM sbtest1 WHERE id BETWEEN 3544338 AND 3544438
	Index Only Scan using sbtest1_pkey on sbtest1  (cost=0.43..10.50 rows=103 width=4)
	  Index Cond: ((id >= 3544338) AND (id <= 3544438))

table 2 : explain SELECT id FROM sbtest2 WHERE id BETWEEN 3544338 AND 3544438
	Index Only Scan using sbtest2_pkey on sbtest2  (cost=0.43..6.45 rows=101 width=4)
	  Index Cond: ((id >= 3544338) AND (id <= 3544438))

table 3 : explain SELECT id FROM sbtest3 WHERE id BETWEEN 3544338 AND 3544438
	Index Only Scan using sbtest3_pkey on sbtest3  (cost=0.43..6.47 rows=102 width=4)
	  Index Cond: ((id >= 3544338) AND (id <= 3544438))

table 4 : explain SELECT id FROM sbtest4 WHERE id BETWEEN 3544338 AND 3544438
	Index Only Scan using sbtest4_pkey on sbtest4  (cost=0.43..6.37 rows=97 width=4)
	  Index Cond: ((id >= 3544338) AND (id <= 3544438))

table 5 : explain SELECT id FROM sbtest5 WHERE id BETWEEN 3544338 AND 3544438
	Index Only Scan using sbtest5_pkey on sbtest5  (cost=0.43..10.24 rows=90 width=4)
	  Index Cond: ((id >= 3544338) AND (id <= 3544438))

table 6 : explain SELECT id FROM sbtest6 WHERE id BETWEEN 3544338 AND 3544438
	Index Only Scan using sbtest6_pkey on sbtest6  (cost=0.43..6.25 rows=91 width=4)
	  Index Cond: ((id >= 3544338) AND (id <= 3544438))

table 7 : explain SELECT id FROM sbtest7 WHERE id BETWEEN 3544338 AND 3544438
	Index Only Scan using sbtest7_pkey on sbtest7  (cost=0.43..10.51 rows=104 width=4)
	  Index Cond: ((id >= 3544338) AND (id <= 3544438))

table 8 : explain SELECT id FROM sbtest8 WHERE id BETWEEN 3544338 AND 3544438
	Index Only Scan using sbtest8_pkey on sbtest8  (cost=0.43..10.72 rows=114 width=4)
	  Index Cond: ((id >= 3544338) AND (id <= 3544438))

explain: for range-covered :: explain SELECT id FROM sbtest%d WHERE id BETWEEN 3544338 AND 3544438
for range-covered
table 1 : explain SELECT id FROM sbtest1 WHERE id BETWEEN 4721130 AND 4721230
	Index Only Scan using sbtest1_pkey on sbtest1  (cost=0.43..10.32 rows=94 width=4)
	  Index Cond: ((id >= 4721130) AND (id <= 4721230))

table 2 : explain SELECT id FROM sbtest2 WHERE id BETWEEN 4721130 AND 4721230
	Index Only Scan using sbtest2_pkey on sbtest2  (cost=0.43..6.53 rows=105 width=4)
	  Index Cond: ((id >= 4721130) AND (id <= 4721230))

table 3 : explain SELECT id FROM sbtest3 WHERE id BETWEEN 4721130 AND 4721230
	Index Only Scan using sbtest3_pkey on sbtest3  (cost=0.43..6.53 rows=105 width=4)
	  Index Cond: ((id >= 4721130) AND (id <= 4721230))

table 4 : explain SELECT id FROM sbtest4 WHERE id BETWEEN 4721130 AND 4721230
	Index Only Scan using sbtest4_pkey on sbtest4  (cost=0.43..6.47 rows=102 width=4)
	  Index Cond: ((id >= 4721130) AND (id <= 4721230))

table 5 : explain SELECT id FROM sbtest5 WHERE id BETWEEN 4721130 AND 4721230
	Index Only Scan using sbtest5_pkey on sbtest5  (cost=0.43..10.36 rows=96 width=4)
	  Index Cond: ((id >= 4721130) AND (id <= 4721230))

table 6 : explain SELECT id FROM sbtest6 WHERE id BETWEEN 4721130 AND 4721230
	Index Only Scan using sbtest6_pkey on sbtest6  (cost=0.43..6.58 rows=107 width=4)
	  Index Cond: ((id >= 4721130) AND (id <= 4721230))

table 7 : explain SELECT id FROM sbtest7 WHERE id BETWEEN 4721130 AND 4721230
	Index Only Scan using sbtest7_pkey on sbtest7  (cost=0.43..10.51 rows=104 width=4)
	  Index Cond: ((id >= 4721130) AND (id <= 4721230))

table 8 : explain SELECT id FROM sbtest8 WHERE id BETWEEN 4721130 AND 4721230
	Index Only Scan using sbtest8_pkey on sbtest8  (cost=0.43..10.62 rows=109 width=4)
	  Index Cond: ((id >= 4721130) AND (id <= 4721230))

explain: for range-covered :: explain SELECT id FROM sbtest%d WHERE id BETWEEN 4721130 AND 4721230
for range-covered
table 1 : explain SELECT id FROM sbtest1 WHERE id BETWEEN 3544338 AND 3544438
	Index Only Scan using sbtest1_pkey on sbtest1  (cost=0.43..10.50 rows=103 width=4)
	  Index Cond: ((id >= 3544338) AND (id <= 3544438))

table 2 : explain SELECT id FROM sbtest2 WHERE id BETWEEN 3544338 AND 3544438
	Index Only Scan using sbtest2_pkey on sbtest2  (cost=0.43..6.45 rows=101 width=4)
	  Index Cond: ((id >= 3544338) AND (id <= 3544438))

table 3 : explain SELECT id FROM sbtest3 WHERE id BETWEEN 3544338 AND 3544438
	Index Only Scan using sbtest3_pkey on sbtest3  (cost=0.43..6.47 rows=102 width=4)
	  Index Cond: ((id >= 3544338) AND (id <= 3544438))

table 4 : explain SELECT id FROM sbtest4 WHERE id BETWEEN 3544338 AND 3544438
	Index Only Scan using sbtest4_pkey on sbtest4  (cost=0.43..6.37 rows=97 width=4)
	  Index Cond: ((id >= 3544338) AND (id <= 3544438))

table 5 : explain SELECT id FROM sbtest5 WHERE id BETWEEN 3544338 AND 3544438
	Index Only Scan using sbtest5_pkey on sbtest5  (cost=0.43..10.24 rows=90 width=4)
	  Index Cond: ((id >= 3544338) AND (id <= 3544438))

table 6 : explain SELECT id FROM sbtest6 WHERE id BETWEEN 3544338 AND 3544438
	Index Only Scan using sbtest6_pkey on sbtest6  (cost=0.43..6.25 rows=91 width=4)
	  Index Cond: ((id >= 3544338) AND (id <= 3544438))

table 7 : explain SELECT id FROM sbtest7 WHERE id BETWEEN 3544338 AND 3544438
	Index Only Scan using sbtest7_pkey on sbtest7  (cost=0.43..10.51 rows=104 width=4)
	  Index Cond: ((id >= 3544338) AND (id <= 3544438))

table 8 : explain SELECT id FROM sbtest8 WHERE id BETWEEN 3544338 AND 3544438
	Index Only Scan using sbtest8_pkey on sbtest8  (cost=0.43..10.72 rows=114 width=4)
	  Index Cond: ((id >= 3544338) AND (id <= 3544438))

explain: for range-covered :: explain SELECT id FROM sbtest%d WHERE id BETWEEN 3544338 AND 3544438
for range-covered
table 1 : explain SELECT id FROM sbtest1 WHERE id BETWEEN 4721130 AND 4721230
	Index Only Scan using sbtest1_pkey on sbtest1  (cost=0.43..10.32 rows=94 width=4)
	  Index Cond: ((id >= 4721130) AND (id <= 4721230))

table 2 : explain SELECT id FROM sbtest2 WHERE id BETWEEN 4721130 AND 4721230
	Index Only Scan using sbtest2_pkey on sbtest2  (cost=0.43..6.53 rows=105 width=4)
	  Index Cond: ((id >= 4721130) AND (id <= 4721230))

table 3 : explain SELECT id FROM sbtest3 WHERE id BETWEEN 4721130 AND 4721230
	Index Only Scan using sbtest3_pkey on sbtest3  (cost=0.43..6.53 rows=105 width=4)
	  Index Cond: ((id >= 4721130) AND (id <= 4721230))

table 4 : explain SELECT id FROM sbtest4 WHERE id BETWEEN 4721130 AND 4721230
	Index Only Scan using sbtest4_pkey on sbtest4  (cost=0.43..6.47 rows=102 width=4)
	  Index Cond: ((id >= 4721130) AND (id <= 4721230))

table 5 : explain SELECT id FROM sbtest5 WHERE id BETWEEN 4721130 AND 4721230
	Index Only Scan using sbtest5_pkey on sbtest5  (cost=0.43..10.36 rows=96 width=4)
	  Index Cond: ((id >= 4721130) AND (id <= 4721230))

table 6 : explain SELECT id FROM sbtest6 WHERE id BETWEEN 4721130 AND 4721230
	Index Only Scan using sbtest6_pkey on sbtest6  (cost=0.43..6.58 rows=107 width=4)
	  Index Cond: ((id >= 4721130) AND (id <= 4721230))

table 7 : explain SELECT id FROM sbtest7 WHERE id BETWEEN 4721130 AND 4721230
	Index Only Scan using sbtest7_pkey on sbtest7  (cost=0.43..10.51 rows=104 width=4)
	  Index Cond: ((id >= 4721130) AND (id <= 4721230))

table 8 : explain SELECT id FROM sbtest8 WHERE id BETWEEN 4721130 AND 4721230
	Index Only Scan using sbtest8_pkey on sbtest8  (cost=0.43..10.62 rows=109 width=4)
	  Index Cond: ((id >= 4721130) AND (id <= 4721230))

explain: for range-covered :: explain SELECT id FROM sbtest%d WHERE id BETWEEN 4721130 AND 4721230
for range-covered
table 1 : explain SELECT id FROM sbtest1 WHERE id BETWEEN 3544338 AND 3544438
	Index Only Scan using sbtest1_pkey on sbtest1  (cost=0.43..10.50 rows=103 width=4)
	  Index Cond: ((id >= 3544338) AND (id <= 3544438))

table 2 : explain SELECT id FROM sbtest2 WHERE id BETWEEN 3544338 AND 3544438
	Index Only Scan using sbtest2_pkey on sbtest2  (cost=0.43..6.45 rows=101 width=4)
	  Index Cond: ((id >= 3544338) AND (id <= 3544438))

table 3 : explain SELECT id FROM sbtest3 WHERE id BETWEEN 3544338 AND 3544438
	Index Only Scan using sbtest3_pkey on sbtest3  (cost=0.43..6.47 rows=102 width=4)
	  Index Cond: ((id >= 3544338) AND (id <= 3544438))

table 4 : explain SELECT id FROM sbtest4 WHERE id BETWEEN 3544338 AND 3544438
	Index Only Scan using sbtest4_pkey on sbtest4  (cost=0.43..6.37 rows=97 width=4)
	  Index Cond: ((id >= 3544338) AND (id <= 3544438))

table 5 : explain SELECT id FROM sbtest5 WHERE id BETWEEN 3544338 AND 3544438
	Index Only Scan using sbtest5_pkey on sbtest5  (cost=0.43..10.24 rows=90 width=4)
	  Index Cond: ((id >= 3544338) AND (id <= 3544438))

table 6 : explain SELECT id FROM sbtest6 WHERE id BETWEEN 3544338 AND 3544438
	Index Only Scan using sbtest6_pkey on sbtest6  (cost=0.43..6.25 rows=91 width=4)
	  Index Cond: ((id >= 3544338) AND (id <= 3544438))

table 7 : explain SELECT id FROM sbtest7 WHERE id BETWEEN 3544338 AND 3544438
	Index Only Scan using sbtest7_pkey on sbtest7  (cost=0.43..10.51 rows=104 width=4)
	  Index Cond: ((id >= 3544338) AND (id <= 3544438))

table 8 : explain SELECT id FROM sbtest8 WHERE id BETWEEN 3544338 AND 3544438
	Index Only Scan using sbtest8_pkey on sbtest8  (cost=0.43..10.72 rows=114 width=4)
	  Index Cond: ((id >= 3544338) AND (id <= 3544438))

for range-covered
table 1 : explain SELECT id FROM sbtest1 WHERE id BETWEEN 4721130 AND 4721230
	Index Only Scan using sbtest1_pkey on sbtest1  (cost=0.43..10.32 rows=94 width=4)
	  Index Cond: ((id >= 4721130) AND (id <= 4721230))

table 2 : explain SELECT id FROM sbtest2 WHERE id BETWEEN 4721130 AND 4721230
	Index Only Scan using sbtest2_pkey on sbtest2  (cost=0.43..6.53 rows=105 width=4)
	  Index Cond: ((id >= 4721130) AND (id <= 4721230))

table 3 : explain SELECT id FROM sbtest3 WHERE id BETWEEN 4721130 AND 4721230
	Index Only Scan using sbtest3_pkey on sbtest3  (cost=0.43..6.53 rows=105 width=4)
	  Index Cond: ((id >= 4721130) AND (id <= 4721230))

table 4 : explain SELECT id FROM sbtest4 WHERE id BETWEEN 4721130 AND 4721230
	Index Only Scan using sbtest4_pkey on sbtest4  (cost=0.43..6.47 rows=102 width=4)
	  Index Cond: ((id >= 4721130) AND (id <= 4721230))

table 5 : explain SELECT id FROM sbtest5 WHERE id BETWEEN 4721130 AND 4721230
	Index Only Scan using sbtest5_pkey on sbtest5  (cost=0.43..10.36 rows=96 width=4)
	  Index Cond: ((id >= 4721130) AND (id <= 4721230))

table 6 : explain SELECT id FROM sbtest6 WHERE id BETWEEN 4721130 AND 4721230
	Index Only Scan using sbtest6_pkey on sbtest6  (cost=0.43..6.58 rows=107 width=4)
	  Index Cond: ((id >= 4721130) AND (id <= 4721230))

table 7 : explain SELECT id FROM sbtest7 WHERE id BETWEEN 4721130 AND 4721230
	Index Only Scan using sbtest7_pkey on sbtest7  (cost=0.43..10.51 rows=104 width=4)
	  Index Cond: ((id >= 4721130) AND (id <= 4721230))

table 8 : explain SELECT id FROM sbtest8 WHERE id BETWEEN 4721130 AND 4721230
	Index Only Scan using sbtest8_pkey on sbtest8  (cost=0.43..10.62 rows=109 width=4)
	  Index Cond: ((id >= 4721130) AND (id <= 4721230))

explain: for range-covered :: explain SELECT id FROM sbtest%d WHERE id BETWEEN 3544338 AND 3544438
explain: for range-covered :: explain SELECT id FROM sbtest%d WHERE id BETWEEN 4721130 AND 4721230
explain: for range-covered :: explain SELECT id FROM sbtest%d WHERE id BETWEEN 6934813 AND 6934913
for range-covered
table 1 : explain SELECT id FROM sbtest1 WHERE id BETWEEN 2833269 AND 2833369
	Index Only Scan using sbtest1_pkey on sbtest1  (cost=0.43..10.46 rows=101 width=4)
	  Index Cond: ((id >= 2833269) AND (id <= 2833369))

table 2 : explain SELECT id FROM sbtest2 WHERE id BETWEEN 2833269 AND 2833369
	Index Only Scan using sbtest2_pkey on sbtest2  (cost=0.43..6.56 rows=106 width=4)
	  Index Cond: ((id >= 2833269) AND (id <= 2833369))

table 3 : explain SELECT id FROM sbtest3 WHERE id BETWEEN 2833269 AND 2833369
	Index Only Scan using sbtest3_pkey on sbtest3  (cost=0.43..6.61 rows=109 width=4)
	  Index Cond: ((id >= 2833269) AND (id <= 2833369))

table 4 : explain SELECT id FROM sbtest4 WHERE id BETWEEN 2833269 AND 2833369
	Index Only Scan using sbtest4_pkey on sbtest4  (cost=0.43..6.50 rows=103 width=4)
	  Index Cond: ((id >= 2833269) AND (id <= 2833369))

table 5 : explain SELECT id FROM sbtest5 WHERE id BETWEEN 2833269 AND 2833369
	Index Only Scan using sbtest5_pkey on sbtest5  (cost=0.43..10.76 rows=116 width=4)
	  Index Cond: ((id >= 2833269) AND (id <= 2833369))

table 6 : explain SELECT id FROM sbtest6 WHERE id BETWEEN 2833269 AND 2833369
	Index Only Scan using sbtest6_pkey on sbtest6  (cost=0.43..6.40 rows=98 width=4)
	  Index Cond: ((id >= 2833269) AND (id <= 2833369))

table 7 : explain SELECT id FROM sbtest7 WHERE id BETWEEN 2833269 AND 2833369
	Index Only Scan using sbtest7_pkey on sbtest7  (cost=0.43..10.47 rows=102 width=4)
	  Index Cond: ((id >= 2833269) AND (id <= 2833369))

table 8 : explain SELECT id FROM sbtest8 WHERE id BETWEEN 2833269 AND 2833369
	Index Only Scan using sbtest8_pkey on sbtest8  (cost=0.43..10.33 rows=95 width=4)
	  Index Cond: ((id >= 2833269) AND (id <= 2833369))

explain: for range-covered :: explain SELECT id FROM sbtest%d WHERE id BETWEEN 2833269 AND 2833369
for range-covered
table 1 : explain SELECT id FROM sbtest1 WHERE id BETWEEN 3544338 AND 3544438
	Index Only Scan using sbtest1_pkey on sbtest1  (cost=0.43..10.50 rows=103 width=4)
	  Index Cond: ((id >= 3544338) AND (id <= 3544438))

table 2 : explain SELECT id FROM sbtest2 WHERE id BETWEEN 3544338 AND 3544438
	Index Only Scan using sbtest2_pkey on sbtest2  (cost=0.43..6.45 rows=101 width=4)
	  Index Cond: ((id >= 3544338) AND (id <= 3544438))

table 3 : explain SELECT id FROM sbtest3 WHERE id BETWEEN 3544338 AND 3544438
	Index Only Scan using sbtest3_pkey on sbtest3  (cost=0.43..6.47 rows=102 width=4)
	  Index Cond: ((id >= 3544338) AND (id <= 3544438))

table 4 : explain SELECT id FROM sbtest4 WHERE id BETWEEN 3544338 AND 3544438
	Index Only Scan using sbtest4_pkey on sbtest4  (cost=0.43..6.37 rows=97 width=4)
	  Index Cond: ((id >= 3544338) AND (id <= 3544438))

table 5 : explain SELECT id FROM sbtest5 WHERE id BETWEEN 3544338 AND 3544438
	Index Only Scan using sbtest5_pkey on sbtest5  (cost=0.43..10.24 rows=90 width=4)
	  Index Cond: ((id >= 3544338) AND (id <= 3544438))

table 6 : explain SELECT id FROM sbtest6 WHERE id BETWEEN 3544338 AND 3544438
	Index Only Scan using sbtest6_pkey on sbtest6  (cost=0.43..6.25 rows=91 width=4)
	  Index Cond: ((id >= 3544338) AND (id <= 3544438))

table 7 : explain SELECT id FROM sbtest7 WHERE id BETWEEN 3544338 AND 3544438
	Index Only Scan using sbtest7_pkey on sbtest7  (cost=0.43..10.51 rows=104 width=4)
	  Index Cond: ((id >= 3544338) AND (id <= 3544438))

table 8 : explain SELECT id FROM sbtest8 WHERE id BETWEEN 3544338 AND 3544438
	Index Only Scan using sbtest8_pkey on sbtest8  (cost=0.43..10.72 rows=114 width=4)
	  Index Cond: ((id >= 3544338) AND (id <= 3544438))

for range-covered
table 1 : explain SELECT id FROM sbtest1 WHERE id BETWEEN 4721130 AND 4721230
	Index Only Scan using sbtest1_pkey on sbtest1  (cost=0.43..10.32 rows=94 width=4)
	  Index Cond: ((id >= 4721130) AND (id <= 4721230))

table 2 : explain SELECT id FROM sbtest2 WHERE id BETWEEN 4721130 AND 4721230
	Index Only Scan using sbtest2_pkey on sbtest2  (cost=0.43..6.53 rows=105 width=4)
	  Index Cond: ((id >= 4721130) AND (id <= 4721230))

table 3 : explain SELECT id FROM sbtest3 WHERE id BETWEEN 4721130 AND 4721230
	Index Only Scan using sbtest3_pkey on sbtest3  (cost=0.43..6.53 rows=105 width=4)
	  Index Cond: ((id >= 4721130) AND (id <= 4721230))

table 4 : explain SELECT id FROM sbtest4 WHERE id BETWEEN 4721130 AND 4721230
	Index Only Scan using sbtest4_pkey on sbtest4  (cost=0.43..6.47 rows=102 width=4)
	  Index Cond: ((id >= 4721130) AND (id <= 4721230))

table 5 : explain SELECT id FROM sbtest5 WHERE id BETWEEN 4721130 AND 4721230
	Index Only Scan using sbtest5_pkey on sbtest5  (cost=0.43..10.36 rows=96 width=4)
	  Index Cond: ((id >= 4721130) AND (id <= 4721230))

table 6 : explain SELECT id FROM sbtest6 WHERE id BETWEEN 4721130 AND 4721230
	Index Only Scan using sbtest6_pkey on sbtest6  (cost=0.43..6.58 rows=107 width=4)
	  Index Cond: ((id >= 4721130) AND (id <= 4721230))

table 7 : explain SELECT id FROM sbtest7 WHERE id BETWEEN 4721130 AND 4721230
	Index Only Scan using sbtest7_pkey on sbtest7  (cost=0.43..10.51 rows=104 width=4)
	  Index Cond: ((id >= 4721130) AND (id <= 4721230))

table 8 : explain SELECT id FROM sbtest8 WHERE id BETWEEN 4721130 AND 4721230
	Index Only Scan using sbtest8_pkey on sbtest8  (cost=0.43..10.62 rows=109 width=4)
	  Index Cond: ((id >= 4721130) AND (id <= 4721230))

explain: for range-covered :: explain SELECT id FROM sbtest%d WHERE id BETWEEN 3544338 AND 3544438
explain: for range-covered :: explain SELECT id FROM sbtest%d WHERE id BETWEEN 4721130 AND 4721230
for range-covered
table 1 : explain SELECT id FROM sbtest1 WHERE id BETWEEN 2833269 AND 2833369
	Index Only Scan using sbtest1_pkey on sbtest1  (cost=0.43..10.46 rows=101 width=4)
	  Index Cond: ((id >= 2833269) AND (id <= 2833369))

table 2 : explain SELECT id FROM sbtest2 WHERE id BETWEEN 2833269 AND 2833369
	Index Only Scan using sbtest2_pkey on sbtest2  (cost=0.43..6.56 rows=106 width=4)
	  Index Cond: ((id >= 2833269) AND (id <= 2833369))

table 3 : explain SELECT id FROM sbtest3 WHERE id BETWEEN 2833269 AND 2833369
	Index Only Scan using sbtest3_pkey on sbtest3  (cost=0.43..6.61 rows=109 width=4)
	  Index Cond: ((id >= 2833269) AND (id <= 2833369))

table 4 : explain SELECT id FROM sbtest4 WHERE id BETWEEN 2833269 AND 2833369
	Index Only Scan using sbtest4_pkey on sbtest4  (cost=0.43..6.50 rows=103 width=4)
	  Index Cond: ((id >= 2833269) AND (id <= 2833369))

table 5 : explain SELECT id FROM sbtest5 WHERE id BETWEEN 2833269 AND 2833369
	Index Only Scan using sbtest5_pkey on sbtest5  (cost=0.43..10.76 rows=116 width=4)
	  Index Cond: ((id >= 2833269) AND (id <= 2833369))

table 6 : explain SELECT id FROM sbtest6 WHERE id BETWEEN 2833269 AND 2833369
	Index Only Scan using sbtest6_pkey on sbtest6  (cost=0.43..6.40 rows=98 width=4)
	  Index Cond: ((id >= 2833269) AND (id <= 2833369))

table 7 : explain SELECT id FROM sbtest7 WHERE id BETWEEN 2833269 AND 2833369
	Index Only Scan using sbtest7_pkey on sbtest7  (cost=0.43..10.47 rows=102 width=4)
	  Index Cond: ((id >= 2833269) AND (id <= 2833369))

table 8 : explain SELECT id FROM sbtest8 WHERE id BETWEEN 2833269 AND 2833369
	Index Only Scan using sbtest8_pkey on sbtest8  (cost=0.43..10.33 rows=95 width=4)
	  Index Cond: ((id >= 2833269) AND (id <= 2833369))

explain: for range-covered :: explain SELECT id FROM sbtest%d WHERE id BETWEEN 2833269 AND 2833369
for range-covered
table 1 : explain SELECT id FROM sbtest1 WHERE id BETWEEN 4721130 AND 4721230
	Index Only Scan using sbtest1_pkey on sbtest1  (cost=0.43..10.32 rows=94 width=4)
	  Index Cond: ((id >= 4721130) AND (id <= 4721230))

table 2 : explain SELECT id FROM sbtest2 WHERE id BETWEEN 4721130 AND 4721230
	Index Only Scan using sbtest2_pkey on sbtest2  (cost=0.43..6.53 rows=105 width=4)
	  Index Cond: ((id >= 4721130) AND (id <= 4721230))

table 3 : explain SELECT id FROM sbtest3 WHERE id BETWEEN 4721130 AND 4721230
	Index Only Scan using sbtest3_pkey on sbtest3  (cost=0.43..6.53 rows=105 width=4)
	  Index Cond: ((id >= 4721130) AND (id <= 4721230))

table 4 : explain SELECT id FROM sbtest4 WHERE id BETWEEN 4721130 AND 4721230
	Index Only Scan using sbtest4_pkey on sbtest4  (cost=0.43..6.47 rows=102 width=4)
	  Index Cond: ((id >= 4721130) AND (id <= 4721230))

table 5 : explain SELECT id FROM sbtest5 WHERE id BETWEEN 4721130 AND 4721230
	Index Only Scan using sbtest5_pkey on sbtest5  (cost=0.43..10.36 rows=96 width=4)
	  Index Cond: ((id >= 4721130) AND (id <= 4721230))

table 6 : explain SELECT id FROM sbtest6 WHERE id BETWEEN 4721130 AND 4721230
	Index Only Scan using sbtest6_pkey on sbtest6  (cost=0.43..6.58 rows=107 width=4)
	  Index Cond: ((id >= 4721130) AND (id <= 4721230))

table 7 : explain SELECT id FROM sbtest7 WHERE id BETWEEN 4721130 AND 4721230
	Index Only Scan using sbtest7_pkey on sbtest7  (cost=0.43..10.51 rows=104 width=4)
	  Index Cond: ((id >= 4721130) AND (id <= 4721230))

table 8 : explain SELECT id FROM sbtest8 WHERE id BETWEEN 4721130 AND 4721230
	Index Only Scan using sbtest8_pkey on sbtest8  (cost=0.43..10.62 rows=109 width=4)
	  Index Cond: ((id >= 4721130) AND (id <= 4721230))

for range-covered
table 1 : explain SELECT id FROM sbtest1 WHERE id BETWEEN 3544338 AND 3544438
	Index Only Scan using sbtest1_pkey on sbtest1  (cost=0.43..10.50 rows=103 width=4)
	  Index Cond: ((id >= 3544338) AND (id <= 3544438))

table 2 : explain SELECT id FROM sbtest2 WHERE id BETWEEN 3544338 AND 3544438
	Index Only Scan using sbtest2_pkey on sbtest2  (cost=0.43..6.45 rows=101 width=4)
	  Index Cond: ((id >= 3544338) AND (id <= 3544438))

table 3 : explain SELECT id FROM sbtest3 WHERE id BETWEEN 3544338 AND 3544438
	Index Only Scan using sbtest3_pkey on sbtest3  (cost=0.43..6.47 rows=102 width=4)
	  Index Cond: ((id >= 3544338) AND (id <= 3544438))

table 4 : explain SELECT id FROM sbtest4 WHERE id BETWEEN 3544338 AND 3544438
	Index Only Scan using sbtest4_pkey on sbtest4  (cost=0.43..6.37 rows=97 width=4)
	  Index Cond: ((id >= 3544338) AND (id <= 3544438))

table 5 : explain SELECT id FROM sbtest5 WHERE id BETWEEN 3544338 AND 3544438
	Index Only Scan using sbtest5_pkey on sbtest5  (cost=0.43..10.24 rows=90 width=4)
	  Index Cond: ((id >= 3544338) AND (id <= 3544438))

table 6 : explain SELECT id FROM sbtest6 WHERE id BETWEEN 3544338 AND 3544438
	Index Only Scan using sbtest6_pkey on sbtest6  (cost=0.43..6.25 rows=91 width=4)
	  Index Cond: ((id >= 3544338) AND (id <= 3544438))

table 7 : explain SELECT id FROM sbtest7 WHERE id BETWEEN 3544338 AND 3544438
	Index Only Scan using sbtest7_pkey on sbtest7  (cost=0.43..10.51 rows=104 width=4)
	  Index Cond: ((id >= 3544338) AND (id <= 3544438))

table 8 : explain SELECT id FROM sbtest8 WHERE id BETWEEN 3544338 AND 3544438
	Index Only Scan using sbtest8_pkey on sbtest8  (cost=0.43..10.72 rows=114 width=4)
	  Index Cond: ((id >= 3544338) AND (id <= 3544438))

explain: for range-covered :: explain SELECT id FROM sbtest%d WHERE id BETWEEN 4721130 AND 4721230
explain: for range-covered :: explain SELECT id FROM sbtest%d WHERE id BETWEEN 3544338 AND 3544438
for range-covered
table 1 : explain SELECT id FROM sbtest1 WHERE id BETWEEN 2833269 AND 2833369
	Index Only Scan using sbtest1_pkey on sbtest1  (cost=0.43..10.46 rows=101 width=4)
	  Index Cond: ((id >= 2833269) AND (id <= 2833369))

table 2 : explain SELECT id FROM sbtest2 WHERE id BETWEEN 2833269 AND 2833369
	Index Only Scan using sbtest2_pkey on sbtest2  (cost=0.43..6.56 rows=106 width=4)
	  Index Cond: ((id >= 2833269) AND (id <= 2833369))

table 3 : explain SELECT id FROM sbtest3 WHERE id BETWEEN 2833269 AND 2833369
	Index Only Scan using sbtest3_pkey on sbtest3  (cost=0.43..6.61 rows=109 width=4)
	  Index Cond: ((id >= 2833269) AND (id <= 2833369))

table 4 : explain SELECT id FROM sbtest4 WHERE id BETWEEN 2833269 AND 2833369
	Index Only Scan using sbtest4_pkey on sbtest4  (cost=0.43..6.50 rows=103 width=4)
	  Index Cond: ((id >= 2833269) AND (id <= 2833369))

table 5 : explain SELECT id FROM sbtest5 WHERE id BETWEEN 2833269 AND 2833369
	Index Only Scan using sbtest5_pkey on sbtest5  (cost=0.43..10.76 rows=116 width=4)
	  Index Cond: ((id >= 2833269) AND (id <= 2833369))

table 6 : explain SELECT id FROM sbtest6 WHERE id BETWEEN 2833269 AND 2833369
	Index Only Scan using sbtest6_pkey on sbtest6  (cost=0.43..6.40 rows=98 width=4)
	  Index Cond: ((id >= 2833269) AND (id <= 2833369))

table 7 : explain SELECT id FROM sbtest7 WHERE id BETWEEN 2833269 AND 2833369
	Index Only Scan using sbtest7_pkey on sbtest7  (cost=0.43..10.47 rows=102 width=4)
	  Index Cond: ((id >= 2833269) AND (id <= 2833369))

table 8 : explain SELECT id FROM sbtest8 WHERE id BETWEEN 2833269 AND 2833369
	Index Only Scan using sbtest8_pkey on sbtest8  (cost=0.43..10.33 rows=95 width=4)
	  Index Cond: ((id >= 2833269) AND (id <= 2833369))

explain: for range-covered :: explain SELECT id FROM sbtest%d WHERE id BETWEEN 2833269 AND 2833369
for range-covered
table 1 : explain SELECT id FROM sbtest1 WHERE id BETWEEN 4721130 AND 4721230
	Index Only Scan using sbtest1_pkey on sbtest1  (cost=0.43..10.32 rows=94 width=4)
	  Index Cond: ((id >= 4721130) AND (id <= 4721230))

table 2 : explain SELECT id FROM sbtest2 WHERE id BETWEEN 4721130 AND 4721230
	Index Only Scan using sbtest2_pkey on sbtest2  (cost=0.43..6.53 rows=105 width=4)
	  Index Cond: ((id >= 4721130) AND (id <= 4721230))

table 3 : explain SELECT id FROM sbtest3 WHERE id BETWEEN 4721130 AND 4721230
	Index Only Scan using sbtest3_pkey on sbtest3  (cost=0.43..6.53 rows=105 width=4)
	  Index Cond: ((id >= 4721130) AND (id <= 4721230))

table 4 : explain SELECT id FROM sbtest4 WHERE id BETWEEN 4721130 AND 4721230
	Index Only Scan using sbtest4_pkey on sbtest4  (cost=0.43..6.47 rows=102 width=4)
	  Index Cond: ((id >= 4721130) AND (id <= 4721230))

table 5 : explain SELECT id FROM sbtest5 WHERE id BETWEEN 4721130 AND 4721230
	Index Only Scan using sbtest5_pkey on sbtest5  (cost=0.43..10.36 rows=96 width=4)
	  Index Cond: ((id >= 4721130) AND (id <= 4721230))

table 6 : explain SELECT id FROM sbtest6 WHERE id BETWEEN 4721130 AND 4721230
	Index Only Scan using sbtest6_pkey on sbtest6  (cost=0.43..6.58 rows=107 width=4)
	  Index Cond: ((id >= 4721130) AND (id <= 4721230))

table 7 : explain SELECT id FROM sbtest7 WHERE id BETWEEN 4721130 AND 4721230
	Index Only Scan using sbtest7_pkey on sbtest7  (cost=0.43..10.51 rows=104 width=4)
	  Index Cond: ((id >= 4721130) AND (id <= 4721230))

table 8 : explain SELECT id FROM sbtest8 WHERE id BETWEEN 4721130 AND 4721230
	Index Only Scan using sbtest8_pkey on sbtest8  (cost=0.43..10.62 rows=109 width=4)
	  Index Cond: ((id >= 4721130) AND (id <= 4721230))

for range-covered
table 1 : explain SELECT id FROM sbtest1 WHERE id BETWEEN 3544338 AND 3544438
	Index Only Scan using sbtest1_pkey on sbtest1  (cost=0.43..10.50 rows=103 width=4)
	  Index Cond: ((id >= 3544338) AND (id <= 3544438))

table 2 : explain SELECT id FROM sbtest2 WHERE id BETWEEN 3544338 AND 3544438
	Index Only Scan using sbtest2_pkey on sbtest2  (cost=0.43..6.45 rows=101 width=4)
	  Index Cond: ((id >= 3544338) AND (id <= 3544438))

table 3 : explain SELECT id FROM sbtest3 WHERE id BETWEEN 3544338 AND 3544438
	Index Only Scan using sbtest3_pkey on sbtest3  (cost=0.43..6.47 rows=102 width=4)
	  Index Cond: ((id >= 3544338) AND (id <= 3544438))

table 4 : explain SELECT id FROM sbtest4 WHERE id BETWEEN 3544338 AND 3544438
	Index Only Scan using sbtest4_pkey on sbtest4  (cost=0.43..6.37 rows=97 width=4)
	  Index Cond: ((id >= 3544338) AND (id <= 3544438))

table 5 : explain SELECT id FROM sbtest5 WHERE id BETWEEN 3544338 AND 3544438
	Index Only Scan using sbtest5_pkey on sbtest5  (cost=0.43..10.24 rows=90 width=4)
	  Index Cond: ((id >= 3544338) AND (id <= 3544438))

table 6 : explain SELECT id FROM sbtest6 WHERE id BETWEEN 3544338 AND 3544438
	Index Only Scan using sbtest6_pkey on sbtest6  (cost=0.43..6.25 rows=91 width=4)
	  Index Cond: ((id >= 3544338) AND (id <= 3544438))

table 7 : explain SELECT id FROM sbtest7 WHERE id BETWEEN 3544338 AND 3544438
	Index Only Scan using sbtest7_pkey on sbtest7  (cost=0.43..10.51 rows=104 width=4)
	  Index Cond: ((id >= 3544338) AND (id <= 3544438))

table 8 : explain SELECT id FROM sbtest8 WHERE id BETWEEN 3544338 AND 3544438
	Index Only Scan using sbtest8_pkey on sbtest8  (cost=0.43..10.72 rows=114 width=4)
	  Index Cond: ((id >= 3544338) AND (id <= 3544438))

for range-covered
table 1 : explain SELECT id FROM sbtest1 WHERE id BETWEEN 2833269 AND 2833369
	Index Only Scan using sbtest1_pkey on sbtest1  (cost=0.43..10.46 rows=101 width=4)
	  Index Cond: ((id >= 2833269) AND (id <= 2833369))

table 2 : explain SELECT id FROM sbtest2 WHERE id BETWEEN 2833269 AND 2833369
	Index Only Scan using sbtest2_pkey on sbtest2  (cost=0.43..6.56 rows=106 width=4)
	  Index Cond: ((id >= 2833269) AND (id <= 2833369))

table 3 : explain SELECT id FROM sbtest3 WHERE id BETWEEN 2833269 AND 2833369
	Index Only Scan using sbtest3_pkey on sbtest3  (cost=0.43..6.61 rows=109 width=4)
	  Index Cond: ((id >= 2833269) AND (id <= 2833369))

table 4 : explain SELECT id FROM sbtest4 WHERE id BETWEEN 2833269 AND 2833369
	Index Only Scan using sbtest4_pkey on sbtest4  (cost=0.43..6.50 rows=103 width=4)
	  Index Cond: ((id >= 2833269) AND (id <= 2833369))

table 5 : explain SELECT id FROM sbtest5 WHERE id BETWEEN 2833269 AND 2833369
	Index Only Scan using sbtest5_pkey on sbtest5  (cost=0.43..10.76 rows=116 width=4)
	  Index Cond: ((id >= 2833269) AND (id <= 2833369))

table 6 : explain SELECT id FROM sbtest6 WHERE id BETWEEN 2833269 AND 2833369
	Index Only Scan using sbtest6_pkey on sbtest6  (cost=0.43..6.40 rows=98 width=4)
	  Index Cond: ((id >= 2833269) AND (id <= 2833369))

table 7 : explain SELECT id FROM sbtest7 WHERE id BETWEEN 2833269 AND 2833369
	Index Only Scan using sbtest7_pkey on sbtest7  (cost=0.43..10.47 rows=102 width=4)
	  Index Cond: ((id >= 2833269) AND (id <= 2833369))

table 8 : explain SELECT id FROM sbtest8 WHERE id BETWEEN 2833269 AND 2833369
	Index Only Scan using sbtest8_pkey on sbtest8  (cost=0.43..10.33 rows=95 width=4)
	  Index Cond: ((id >= 2833269) AND (id <= 2833369))

for range-covered
table 1 : explain SELECT id FROM sbtest1 WHERE id BETWEEN 6934813 AND 6934913
	Index Only Scan using sbtest1_pkey on sbtest1  (cost=0.43..10.40 rows=98 width=4)
	  Index Cond: ((id >= 6934813) AND (id <= 6934913))

table 2 : explain SELECT id FROM sbtest2 WHERE id BETWEEN 6934813 AND 6934913
	Index Only Scan using sbtest2_pkey on sbtest2  (cost=0.43..6.42 rows=99 width=4)
	  Index Cond: ((id >= 6934813) AND (id <= 6934913))

table 3 : explain SELECT id FROM sbtest3 WHERE id BETWEEN 6934813 AND 6934913
	Index Only Scan using sbtest3_pkey on sbtest3  (cost=0.43..6.32 rows=94 width=4)
	  Index Cond: ((id >= 6934813) AND (id <= 6934913))

table 4 : explain SELECT id FROM sbtest4 WHERE id BETWEEN 6934813 AND 6934913
	Index Only Scan using sbtest4_pkey on sbtest4  (cost=0.43..6.33 rows=95 width=4)
	  Index Cond: ((id >= 6934813) AND (id <= 6934913))

table 5 : explain SELECT id FROM sbtest5 WHERE id BETWEEN 6934813 AND 6934913
	Index Only Scan using sbtest5_pkey on sbtest5  (cost=0.43..10.56 rows=106 width=4)
	  Index Cond: ((id >= 6934813) AND (id <= 6934913))

table 6 : explain SELECT id FROM sbtest6 WHERE id BETWEEN 6934813 AND 6934913
	Index Only Scan using sbtest6_pkey on sbtest6  (cost=0.43..6.29 rows=93 width=4)
	  Index Cond: ((id >= 6934813) AND (id <= 6934913))

table 7 : explain SELECT id FROM sbtest7 WHERE id BETWEEN 6934813 AND 6934913
	Index Only Scan using sbtest7_pkey on sbtest7  (cost=0.43..10.51 rows=104 width=4)
	  Index Cond: ((id >= 6934813) AND (id <= 6934913))

table 8 : explain SELECT id FROM sbtest8 WHERE id BETWEEN 6934813 AND 6934913
	Index Only Scan using sbtest8_pkey on sbtest8  (cost=0.43..10.42 rows=99 width=4)
	  Index Cond: ((id >= 6934813) AND (id <= 6934913))

explain: for range-covered :: explain SELECT id FROM sbtest%d WHERE id BETWEEN 2833269 AND 2833369
explain: for range-covered :: explain SELECT id FROM sbtest%d WHERE id BETWEEN 6934813 AND 6934913
for range-covered
table 1 : explain SELECT id FROM sbtest1 WHERE id BETWEEN 2833269 AND 2833369
	Index Only Scan using sbtest1_pkey on sbtest1  (cost=0.43..10.46 rows=101 width=4)
	  Index Cond: ((id >= 2833269) AND (id <= 2833369))

table 2 : explain SELECT id FROM sbtest2 WHERE id BETWEEN 2833269 AND 2833369
	Index Only Scan using sbtest2_pkey on sbtest2  (cost=0.43..6.56 rows=106 width=4)
	  Index Cond: ((id >= 2833269) AND (id <= 2833369))

table 3 : explain SELECT id FROM sbtest3 WHERE id BETWEEN 2833269 AND 2833369
	Index Only Scan using sbtest3_pkey on sbtest3  (cost=0.43..6.61 rows=109 width=4)
	  Index Cond: ((id >= 2833269) AND (id <= 2833369))

table 4 : explain SELECT id FROM sbtest4 WHERE id BETWEEN 2833269 AND 2833369
	Index Only Scan using sbtest4_pkey on sbtest4  (cost=0.43..6.50 rows=103 width=4)
	  Index Cond: ((id >= 2833269) AND (id <= 2833369))

table 5 : explain SELECT id FROM sbtest5 WHERE id BETWEEN 2833269 AND 2833369
	Index Only Scan using sbtest5_pkey on sbtest5  (cost=0.43..10.76 rows=116 width=4)
	  Index Cond: ((id >= 2833269) AND (id <= 2833369))

table 6 : explain SELECT id FROM sbtest6 WHERE id BETWEEN 2833269 AND 2833369
	Index Only Scan using sbtest6_pkey on sbtest6  (cost=0.43..6.40 rows=98 width=4)
	  Index Cond: ((id >= 2833269) AND (id <= 2833369))

table 7 : explain SELECT id FROM sbtest7 WHERE id BETWEEN 2833269 AND 2833369
	Index Only Scan using sbtest7_pkey on sbtest7  (cost=0.43..10.47 rows=102 width=4)
	  Index Cond: ((id >= 2833269) AND (id <= 2833369))

table 8 : explain SELECT id FROM sbtest8 WHERE id BETWEEN 2833269 AND 2833369
	Index Only Scan using sbtest8_pkey on sbtest8  (cost=0.43..10.33 rows=95 width=4)
	  Index Cond: ((id >= 2833269) AND (id <= 2833369))

explain: for range-covered :: explain SELECT id FROM sbtest%d WHERE id BETWEEN 2833269 AND 2833369
for range-covered
table 1 : explain SELECT id FROM sbtest1 WHERE id BETWEEN 6934813 AND 6934913
	Index Only Scan using sbtest1_pkey on sbtest1  (cost=0.43..10.40 rows=98 width=4)
	  Index Cond: ((id >= 6934813) AND (id <= 6934913))

table 2 : explain SELECT id FROM sbtest2 WHERE id BETWEEN 6934813 AND 6934913
	Index Only Scan using sbtest2_pkey on sbtest2  (cost=0.43..6.42 rows=99 width=4)
	  Index Cond: ((id >= 6934813) AND (id <= 6934913))

table 3 : explain SELECT id FROM sbtest3 WHERE id BETWEEN 6934813 AND 6934913
	Index Only Scan using sbtest3_pkey on sbtest3  (cost=0.43..6.32 rows=94 width=4)
	  Index Cond: ((id >= 6934813) AND (id <= 6934913))

table 4 : explain SELECT id FROM sbtest4 WHERE id BETWEEN 6934813 AND 6934913
	Index Only Scan using sbtest4_pkey on sbtest4  (cost=0.43..6.33 rows=95 width=4)
	  Index Cond: ((id >= 6934813) AND (id <= 6934913))

table 5 : explain SELECT id FROM sbtest5 WHERE id BETWEEN 6934813 AND 6934913
	Index Only Scan using sbtest5_pkey on sbtest5  (cost=0.43..10.56 rows=106 width=4)
	  Index Cond: ((id >= 6934813) AND (id <= 6934913))

table 6 : explain SELECT id FROM sbtest6 WHERE id BETWEEN 6934813 AND 6934913
	Index Only Scan using sbtest6_pkey on sbtest6  (cost=0.43..6.29 rows=93 width=4)
	  Index Cond: ((id >= 6934813) AND (id <= 6934913))

table 7 : explain SELECT id FROM sbtest7 WHERE id BETWEEN 6934813 AND 6934913
	Index Only Scan using sbtest7_pkey on sbtest7  (cost=0.43..10.51 rows=104 width=4)
	  Index Cond: ((id >= 6934813) AND (id <= 6934913))

table 8 : explain SELECT id FROM sbtest8 WHERE id BETWEEN 6934813 AND 6934913
	Index Only Scan using sbtest8_pkey on sbtest8  (cost=0.43..10.42 rows=99 width=4)
	  Index Cond: ((id >= 6934813) AND (id <= 6934913))

explain: for range-covered :: explain SELECT id FROM sbtest%d WHERE id BETWEEN 6934813 AND 6934913
for range-covered
table 1 : explain SELECT id FROM sbtest1 WHERE id BETWEEN 4778858 AND 4778958
	Index Only Scan using sbtest1_pkey on sbtest1  (cost=0.43..10.32 rows=94 width=4)
	  Index Cond: ((id >= 4778858) AND (id <= 4778958))

table 2 : explain SELECT id FROM sbtest2 WHERE id BETWEEN 4778858 AND 4778958
	Index Only Scan using sbtest2_pkey on sbtest2  (cost=0.43..6.53 rows=105 width=4)
	  Index Cond: ((id >= 4778858) AND (id <= 4778958))

table 3 : explain SELECT id FROM sbtest3 WHERE id BETWEEN 4778858 AND 4778958
	Index Only Scan using sbtest3_pkey on sbtest3  (cost=0.43..6.32 rows=94 width=4)
	  Index Cond: ((id >= 4778858) AND (id <= 4778958))

table 4 : explain SELECT id FROM sbtest4 WHERE id BETWEEN 4778858 AND 4778958
	Index Only Scan using sbtest4_pkey on sbtest4  (cost=0.43..6.24 rows=90 width=4)
	  Index Cond: ((id >= 4778858) AND (id <= 4778958))

table 5 : explain SELECT id FROM sbtest5 WHERE id BETWEEN 4778858 AND 4778958
	Index Only Scan using sbtest5_pkey on sbtest5  (cost=0.43..10.50 rows=103 width=4)
	  Index Cond: ((id >= 4778858) AND (id <= 4778958))

table 6 : explain SELECT id FROM sbtest6 WHERE id BETWEEN 4778858 AND 4778958
	Index Only Scan using sbtest6_pkey on sbtest6  (cost=0.43..6.58 rows=107 width=4)
	  Index Cond: ((id >= 4778858) AND (id <= 4778958))

table 7 : explain SELECT id FROM sbtest7 WHERE id BETWEEN 4778858 AND 4778958
	Index Only Scan using sbtest7_pkey on sbtest7  (cost=0.43..10.44 rows=100 width=4)
	  Index Cond: ((id >= 4778858) AND (id <= 4778958))

table 8 : explain SELECT id FROM sbtest8 WHERE id BETWEEN 4778858 AND 4778958
	Index Only Scan using sbtest8_pkey on sbtest8  (cost=0.43..10.62 rows=109 width=4)
	  Index Cond: ((id >= 4778858) AND (id <= 4778958))

explain: for range-covered :: explain SELECT id FROM sbtest%d WHERE id BETWEEN 4778858 AND 4778958
for range-covered
table 1 : explain SELECT id FROM sbtest1 WHERE id BETWEEN 2833269 AND 2833369
	Index Only Scan using sbtest1_pkey on sbtest1  (cost=0.43..10.46 rows=101 width=4)
	  Index Cond: ((id >= 2833269) AND (id <= 2833369))

table 2 : explain SELECT id FROM sbtest2 WHERE id BETWEEN 2833269 AND 2833369
	Index Only Scan using sbtest2_pkey on sbtest2  (cost=0.43..6.56 rows=106 width=4)
	  Index Cond: ((id >= 2833269) AND (id <= 2833369))

table 3 : explain SELECT id FROM sbtest3 WHERE id BETWEEN 2833269 AND 2833369
	Index Only Scan using sbtest3_pkey on sbtest3  (cost=0.43..6.61 rows=109 width=4)
	  Index Cond: ((id >= 2833269) AND (id <= 2833369))

table 4 : explain SELECT id FROM sbtest4 WHERE id BETWEEN 2833269 AND 2833369
	Index Only Scan using sbtest4_pkey on sbtest4  (cost=0.43..6.50 rows=103 width=4)
	  Index Cond: ((id >= 2833269) AND (id <= 2833369))

table 5 : explain SELECT id FROM sbtest5 WHERE id BETWEEN 2833269 AND 2833369
	Index Only Scan using sbtest5_pkey on sbtest5  (cost=0.43..10.76 rows=116 width=4)
	  Index Cond: ((id >= 2833269) AND (id <= 2833369))

table 6 : explain SELECT id FROM sbtest6 WHERE id BETWEEN 2833269 AND 2833369
	Index Only Scan using sbtest6_pkey on sbtest6  (cost=0.43..6.40 rows=98 width=4)
	  Index Cond: ((id >= 2833269) AND (id <= 2833369))

table 7 : explain SELECT id FROM sbtest7 WHERE id BETWEEN 2833269 AND 2833369
	Index Only Scan using sbtest7_pkey on sbtest7  (cost=0.43..10.47 rows=102 width=4)
	  Index Cond: ((id >= 2833269) AND (id <= 2833369))

table 8 : explain SELECT id FROM sbtest8 WHERE id BETWEEN 2833269 AND 2833369
	Index Only Scan using sbtest8_pkey on sbtest8  (cost=0.43..10.33 rows=95 width=4)
	  Index Cond: ((id >= 2833269) AND (id <= 2833369))

explain: for range-covered :: explain SELECT id FROM sbtest%d WHERE id BETWEEN 2833269 AND 2833369
for range-covered
table 1 : explain SELECT id FROM sbtest1 WHERE id BETWEEN 6934813 AND 6934913
	Index Only Scan using sbtest1_pkey on sbtest1  (cost=0.43..10.40 rows=98 width=4)
	  Index Cond: ((id >= 6934813) AND (id <= 6934913))

table 2 : explain SELECT id FROM sbtest2 WHERE id BETWEEN 6934813 AND 6934913
	Index Only Scan using sbtest2_pkey on sbtest2  (cost=0.43..6.42 rows=99 width=4)
	  Index Cond: ((id >= 6934813) AND (id <= 6934913))

table 3 : explain SELECT id FROM sbtest3 WHERE id BETWEEN 6934813 AND 6934913
	Index Only Scan using sbtest3_pkey on sbtest3  (cost=0.43..6.32 rows=94 width=4)
	  Index Cond: ((id >= 6934813) AND (id <= 6934913))

table 4 : explain SELECT id FROM sbtest4 WHERE id BETWEEN 6934813 AND 6934913
	Index Only Scan using sbtest4_pkey on sbtest4  (cost=0.43..6.33 rows=95 width=4)
	  Index Cond: ((id >= 6934813) AND (id <= 6934913))

table 5 : explain SELECT id FROM sbtest5 WHERE id BETWEEN 6934813 AND 6934913
	Index Only Scan using sbtest5_pkey on sbtest5  (cost=0.43..10.56 rows=106 width=4)
	  Index Cond: ((id >= 6934813) AND (id <= 6934913))

table 6 : explain SELECT id FROM sbtest6 WHERE id BETWEEN 6934813 AND 6934913
	Index Only Scan using sbtest6_pkey on sbtest6  (cost=0.43..6.29 rows=93 width=4)
	  Index Cond: ((id >= 6934813) AND (id <= 6934913))

table 7 : explain SELECT id FROM sbtest7 WHERE id BETWEEN 6934813 AND 6934913
	Index Only Scan using sbtest7_pkey on sbtest7  (cost=0.43..10.51 rows=104 width=4)
	  Index Cond: ((id >= 6934813) AND (id <= 6934913))

table 8 : explain SELECT id FROM sbtest8 WHERE id BETWEEN 6934813 AND 6934913
	Index Only Scan using sbtest8_pkey on sbtest8  (cost=0.43..10.42 rows=99 width=4)
	  Index Cond: ((id >= 6934813) AND (id <= 6934913))

explain: for range-covered :: explain SELECT id FROM sbtest%d WHERE id BETWEEN 6934813 AND 6934913
for range-covered
table 1 : explain SELECT id FROM sbtest1 WHERE id BETWEEN 4778858 AND 4778958
	Index Only Scan using sbtest1_pkey on sbtest1  (cost=0.43..10.32 rows=94 width=4)
	  Index Cond: ((id >= 4778858) AND (id <= 4778958))

table 2 : explain SELECT id FROM sbtest2 WHERE id BETWEEN 4778858 AND 4778958
	Index Only Scan using sbtest2_pkey on sbtest2  (cost=0.43..6.53 rows=105 width=4)
	  Index Cond: ((id >= 4778858) AND (id <= 4778958))

table 3 : explain SELECT id FROM sbtest3 WHERE id BETWEEN 4778858 AND 4778958
	Index Only Scan using sbtest3_pkey on sbtest3  (cost=0.43..6.32 rows=94 width=4)
	  Index Cond: ((id >= 4778858) AND (id <= 4778958))

table 4 : explain SELECT id FROM sbtest4 WHERE id BETWEEN 4778858 AND 4778958
	Index Only Scan using sbtest4_pkey on sbtest4  (cost=0.43..6.24 rows=90 width=4)
	  Index Cond: ((id >= 4778858) AND (id <= 4778958))

table 5 : explain SELECT id FROM sbtest5 WHERE id BETWEEN 4778858 AND 4778958
	Index Only Scan using sbtest5_pkey on sbtest5  (cost=0.43..10.50 rows=103 width=4)
	  Index Cond: ((id >= 4778858) AND (id <= 4778958))

table 6 : explain SELECT id FROM sbtest6 WHERE id BETWEEN 4778858 AND 4778958
	Index Only Scan using sbtest6_pkey on sbtest6  (cost=0.43..6.58 rows=107 width=4)
	  Index Cond: ((id >= 4778858) AND (id <= 4778958))

table 7 : explain SELECT id FROM sbtest7 WHERE id BETWEEN 4778858 AND 4778958
	Index Only Scan using sbtest7_pkey on sbtest7  (cost=0.43..10.44 rows=100 width=4)
	  Index Cond: ((id >= 4778858) AND (id <= 4778958))

table 8 : explain SELECT id FROM sbtest8 WHERE id BETWEEN 4778858 AND 4778958
	Index Only Scan using sbtest8_pkey on sbtest8  (cost=0.43..10.62 rows=109 width=4)
	  Index Cond: ((id >= 4778858) AND (id <= 4778958))

explain: for range-covered :: explain SELECT id FROM sbtest%d WHERE id BETWEEN 4778858 AND 4778958
for range-covered
table 1 : explain SELECT id FROM sbtest1 WHERE id BETWEEN 2833269 AND 2833369
	Index Only Scan using sbtest1_pkey on sbtest1  (cost=0.43..10.46 rows=101 width=4)
	  Index Cond: ((id >= 2833269) AND (id <= 2833369))

table 2 : explain SELECT id FROM sbtest2 WHERE id BETWEEN 2833269 AND 2833369
	Index Only Scan using sbtest2_pkey on sbtest2  (cost=0.43..6.56 rows=106 width=4)
	  Index Cond: ((id >= 2833269) AND (id <= 2833369))

table 3 : explain SELECT id FROM sbtest3 WHERE id BETWEEN 2833269 AND 2833369
	Index Only Scan using sbtest3_pkey on sbtest3  (cost=0.43..6.61 rows=109 width=4)
	  Index Cond: ((id >= 2833269) AND (id <= 2833369))

table 4 : explain SELECT id FROM sbtest4 WHERE id BETWEEN 2833269 AND 2833369
	Index Only Scan using sbtest4_pkey on sbtest4  (cost=0.43..6.50 rows=103 width=4)
	  Index Cond: ((id >= 2833269) AND (id <= 2833369))

table 5 : explain SELECT id FROM sbtest5 WHERE id BETWEEN 2833269 AND 2833369
	Index Only Scan using sbtest5_pkey on sbtest5  (cost=0.43..10.76 rows=116 width=4)
	  Index Cond: ((id >= 2833269) AND (id <= 2833369))

table 6 : explain SELECT id FROM sbtest6 WHERE id BETWEEN 2833269 AND 2833369
	Index Only Scan using sbtest6_pkey on sbtest6  (cost=0.43..6.40 rows=98 width=4)
	  Index Cond: ((id >= 2833269) AND (id <= 2833369))

table 7 : explain SELECT id FROM sbtest7 WHERE id BETWEEN 2833269 AND 2833369
	Index Only Scan using sbtest7_pkey on sbtest7  (cost=0.43..10.47 rows=102 width=4)
	  Index Cond: ((id >= 2833269) AND (id <= 2833369))

table 8 : explain SELECT id FROM sbtest8 WHERE id BETWEEN 2833269 AND 2833369
	Index Only Scan using sbtest8_pkey on sbtest8  (cost=0.43..10.33 rows=95 width=4)
	  Index Cond: ((id >= 2833269) AND (id <= 2833369))

for range-covered
table 1 : explain SELECT id FROM sbtest1 WHERE id BETWEEN 6934813 AND 6934913
	Index Only Scan using sbtest1_pkey on sbtest1  (cost=0.43..10.40 rows=98 width=4)
	  Index Cond: ((id >= 6934813) AND (id <= 6934913))

table 2 : explain SELECT id FROM sbtest2 WHERE id BETWEEN 6934813 AND 6934913
	Index Only Scan using sbtest2_pkey on sbtest2  (cost=0.43..6.42 rows=99 width=4)
	  Index Cond: ((id >= 6934813) AND (id <= 6934913))

table 3 : explain SELECT id FROM sbtest3 WHERE id BETWEEN 6934813 AND 6934913
	Index Only Scan using sbtest3_pkey on sbtest3  (cost=0.43..6.32 rows=94 width=4)
	  Index Cond: ((id >= 6934813) AND (id <= 6934913))

table 4 : explain SELECT id FROM sbtest4 WHERE id BETWEEN 6934813 AND 6934913
	Index Only Scan using sbtest4_pkey on sbtest4  (cost=0.43..6.33 rows=95 width=4)
	  Index Cond: ((id >= 6934813) AND (id <= 6934913))

table 5 : explain SELECT id FROM sbtest5 WHERE id BETWEEN 6934813 AND 6934913
	Index Only Scan using sbtest5_pkey on sbtest5  (cost=0.43..10.56 rows=106 width=4)
	  Index Cond: ((id >= 6934813) AND (id <= 6934913))

table 6 : explain SELECT id FROM sbtest6 WHERE id BETWEEN 6934813 AND 6934913
	Index Only Scan using sbtest6_pkey on sbtest6  (cost=0.43..6.29 rows=93 width=4)
	  Index Cond: ((id >= 6934813) AND (id <= 6934913))

table 7 : explain SELECT id FROM sbtest7 WHERE id BETWEEN 6934813 AND 6934913
	Index Only Scan using sbtest7_pkey on sbtest7  (cost=0.43..10.51 rows=104 width=4)
	  Index Cond: ((id >= 6934813) AND (id <= 6934913))

table 8 : explain SELECT id FROM sbtest8 WHERE id BETWEEN 6934813 AND 6934913
	Index Only Scan using sbtest8_pkey on sbtest8  (cost=0.43..10.42 rows=99 width=4)
	  Index Cond: ((id >= 6934813) AND (id <= 6934913))

explain: for range-covered :: explain SELECT id FROM sbtest%d WHERE id BETWEEN 2833269 AND 2833369
explain: for range-covered :: explain SELECT id FROM sbtest%d WHERE id BETWEEN 6934813 AND 6934913
for range-covered
table 1 : explain SELECT id FROM sbtest1 WHERE id BETWEEN 6934813 AND 6934913
	Index Only Scan using sbtest1_pkey on sbtest1  (cost=0.43..10.40 rows=98 width=4)
	  Index Cond: ((id >= 6934813) AND (id <= 6934913))

table 2 : explain SELECT id FROM sbtest2 WHERE id BETWEEN 6934813 AND 6934913
	Index Only Scan using sbtest2_pkey on sbtest2  (cost=0.43..6.42 rows=99 width=4)
	  Index Cond: ((id >= 6934813) AND (id <= 6934913))

table 3 : explain SELECT id FROM sbtest3 WHERE id BETWEEN 6934813 AND 6934913
	Index Only Scan using sbtest3_pkey on sbtest3  (cost=0.43..6.32 rows=94 width=4)
	  Index Cond: ((id >= 6934813) AND (id <= 6934913))

table 4 : explain SELECT id FROM sbtest4 WHERE id BETWEEN 6934813 AND 6934913
	Index Only Scan using sbtest4_pkey on sbtest4  (cost=0.43..6.33 rows=95 width=4)
	  Index Cond: ((id >= 6934813) AND (id <= 6934913))

table 5 : explain SELECT id FROM sbtest5 WHERE id BETWEEN 6934813 AND 6934913
	Index Only Scan using sbtest5_pkey on sbtest5  (cost=0.43..10.56 rows=106 width=4)
	  Index Cond: ((id >= 6934813) AND (id <= 6934913))

table 6 : explain SELECT id FROM sbtest6 WHERE id BETWEEN 6934813 AND 6934913
	Index Only Scan using sbtest6_pkey on sbtest6  (cost=0.43..6.29 rows=93 width=4)
	  Index Cond: ((id >= 6934813) AND (id <= 6934913))

table 7 : explain SELECT id FROM sbtest7 WHERE id BETWEEN 6934813 AND 6934913
	Index Only Scan using sbtest7_pkey on sbtest7  (cost=0.43..10.51 rows=104 width=4)
	  Index Cond: ((id >= 6934813) AND (id <= 6934913))

table 8 : explain SELECT id FROM sbtest8 WHERE id BETWEEN 6934813 AND 6934913
	Index Only Scan using sbtest8_pkey on sbtest8  (cost=0.43..10.42 rows=99 width=4)
	  Index Cond: ((id >= 6934813) AND (id <= 6934913))

explain: for range-covered :: explain SELECT id FROM sbtest%d WHERE id BETWEEN 6934813 AND 6934913
for range-covered
table 1 : explain SELECT id FROM sbtest1 WHERE id BETWEEN 6934813 AND 6934913
	Index Only Scan using sbtest1_pkey on sbtest1  (cost=0.43..10.40 rows=98 width=4)
	  Index Cond: ((id >= 6934813) AND (id <= 6934913))

table 2 : explain SELECT id FROM sbtest2 WHERE id BETWEEN 6934813 AND 6934913
	Index Only Scan using sbtest2_pkey on sbtest2  (cost=0.43..6.42 rows=99 width=4)
	  Index Cond: ((id >= 6934813) AND (id <= 6934913))

table 3 : explain SELECT id FROM sbtest3 WHERE id BETWEEN 6934813 AND 6934913
	Index Only Scan using sbtest3_pkey on sbtest3  (cost=0.43..6.32 rows=94 width=4)
	  Index Cond: ((id >= 6934813) AND (id <= 6934913))

table 4 : explain SELECT id FROM sbtest4 WHERE id BETWEEN 6934813 AND 6934913
	Index Only Scan using sbtest4_pkey on sbtest4  (cost=0.43..6.33 rows=95 width=4)
	  Index Cond: ((id >= 6934813) AND (id <= 6934913))

table 5 : explain SELECT id FROM sbtest5 WHERE id BETWEEN 6934813 AND 6934913
	Index Only Scan using sbtest5_pkey on sbtest5  (cost=0.43..10.56 rows=106 width=4)
	  Index Cond: ((id >= 6934813) AND (id <= 6934913))

table 6 : explain SELECT id FROM sbtest6 WHERE id BETWEEN 6934813 AND 6934913
	Index Only Scan using sbtest6_pkey on sbtest6  (cost=0.43..6.29 rows=93 width=4)
	  Index Cond: ((id >= 6934813) AND (id <= 6934913))

table 7 : explain SELECT id FROM sbtest7 WHERE id BETWEEN 6934813 AND 6934913
	Index Only Scan using sbtest7_pkey on sbtest7  (cost=0.43..10.51 rows=104 width=4)
	  Index Cond: ((id >= 6934813) AND (id <= 6934913))

table 8 : explain SELECT id FROM sbtest8 WHERE id BETWEEN 6934813 AND 6934913
	Index Only Scan using sbtest8_pkey on sbtest8  (cost=0.43..10.42 rows=99 width=4)
	  Index Cond: ((id >= 6934813) AND (id <= 6934913))

explain: for range-covered :: explain SELECT id FROM sbtest%d WHERE id BETWEEN 6934813 AND 6934913
for range-covered
table 1 : explain SELECT id FROM sbtest1 WHERE id BETWEEN 6934813 AND 6934913
	Index Only Scan using sbtest1_pkey on sbtest1  (cost=0.43..10.40 rows=98 width=4)
	  Index Cond: ((id >= 6934813) AND (id <= 6934913))

table 2 : explain SELECT id FROM sbtest2 WHERE id BETWEEN 6934813 AND 6934913
	Index Only Scan using sbtest2_pkey on sbtest2  (cost=0.43..6.42 rows=99 width=4)
	  Index Cond: ((id >= 6934813) AND (id <= 6934913))

table 3 : explain SELECT id FROM sbtest3 WHERE id BETWEEN 6934813 AND 6934913
	Index Only Scan using sbtest3_pkey on sbtest3  (cost=0.43..6.32 rows=94 width=4)
	  Index Cond: ((id >= 6934813) AND (id <= 6934913))

table 4 : explain SELECT id FROM sbtest4 WHERE id BETWEEN 6934813 AND 6934913
	Index Only Scan using sbtest4_pkey on sbtest4  (cost=0.43..6.33 rows=95 width=4)
	  Index Cond: ((id >= 6934813) AND (id <= 6934913))

table 5 : explain SELECT id FROM sbtest5 WHERE id BETWEEN 6934813 AND 6934913
	Index Only Scan using sbtest5_pkey on sbtest5  (cost=0.43..10.56 rows=106 width=4)
	  Index Cond: ((id >= 6934813) AND (id <= 6934913))

table 6 : explain SELECT id FROM sbtest6 WHERE id BETWEEN 6934813 AND 6934913
	Index Only Scan using sbtest6_pkey on sbtest6  (cost=0.43..6.29 rows=93 width=4)
	  Index Cond: ((id >= 6934813) AND (id <= 6934913))

table 7 : explain SELECT id FROM sbtest7 WHERE id BETWEEN 6934813 AND 6934913
	Index Only Scan using sbtest7_pkey on sbtest7  (cost=0.43..10.51 rows=104 width=4)
	  Index Cond: ((id >= 6934813) AND (id <= 6934913))

table 8 : explain SELECT id FROM sbtest8 WHERE id BETWEEN 6934813 AND 6934913
	Index Only Scan using sbtest8_pkey on sbtest8  (cost=0.43..10.42 rows=99 width=4)
	  Index Cond: ((id >= 6934813) AND (id <= 6934913))

for range-covered
table 1 : explain SELECT id FROM sbtest1 WHERE id BETWEEN 4778858 AND 4778958
	Index Only Scan using sbtest1_pkey on sbtest1  (cost=0.43..10.32 rows=94 width=4)
	  Index Cond: ((id >= 4778858) AND (id <= 4778958))

table 2 : explain SELECT id FROM sbtest2 WHERE id BETWEEN 4778858 AND 4778958
	Index Only Scan using sbtest2_pkey on sbtest2  (cost=0.43..6.53 rows=105 width=4)
	  Index Cond: ((id >= 4778858) AND (id <= 4778958))

table 3 : explain SELECT id FROM sbtest3 WHERE id BETWEEN 4778858 AND 4778958
	Index Only Scan using sbtest3_pkey on sbtest3  (cost=0.43..6.32 rows=94 width=4)
	  Index Cond: ((id >= 4778858) AND (id <= 4778958))

table 4 : explain SELECT id FROM sbtest4 WHERE id BETWEEN 4778858 AND 4778958
	Index Only Scan using sbtest4_pkey on sbtest4  (cost=0.43..6.24 rows=90 width=4)
	  Index Cond: ((id >= 4778858) AND (id <= 4778958))

table 5 : explain SELECT id FROM sbtest5 WHERE id BETWEEN 4778858 AND 4778958
	Index Only Scan using sbtest5_pkey on sbtest5  (cost=0.43..10.50 rows=103 width=4)
	  Index Cond: ((id >= 4778858) AND (id <= 4778958))

table 6 : explain SELECT id FROM sbtest6 WHERE id BETWEEN 4778858 AND 4778958
	Index Only Scan using sbtest6_pkey on sbtest6  (cost=0.43..6.58 rows=107 width=4)
	  Index Cond: ((id >= 4778858) AND (id <= 4778958))

table 7 : explain SELECT id FROM sbtest7 WHERE id BETWEEN 4778858 AND 4778958
	Index Only Scan using sbtest7_pkey on sbtest7  (cost=0.43..10.44 rows=100 width=4)
	  Index Cond: ((id >= 4778858) AND (id <= 4778958))

table 8 : explain SELECT id FROM sbtest8 WHERE id BETWEEN 4778858 AND 4778958
	Index Only Scan using sbtest8_pkey on sbtest8  (cost=0.43..10.62 rows=109 width=4)
	  Index Cond: ((id >= 4778858) AND (id <= 4778958))

explain: for range-covered :: explain SELECT id FROM sbtest%d WHERE id BETWEEN 6934813 AND 6934913
explain: for range-covered :: explain SELECT id FROM sbtest%d WHERE id BETWEEN 4778858 AND 4778958
explain: for range-covered :: explain SELECT id FROM sbtest%d WHERE id BETWEEN 5198457 AND 5198557
for range-covered
table 1 : explain SELECT id FROM sbtest1 WHERE id BETWEEN 6934813 AND 6934913
	Index Only Scan using sbtest1_pkey on sbtest1  (cost=0.43..10.40 rows=98 width=4)
	  Index Cond: ((id >= 6934813) AND (id <= 6934913))

table 2 : explain SELECT id FROM sbtest2 WHERE id BETWEEN 6934813 AND 6934913
	Index Only Scan using sbtest2_pkey on sbtest2  (cost=0.43..6.42 rows=99 width=4)
	  Index Cond: ((id >= 6934813) AND (id <= 6934913))

table 3 : explain SELECT id FROM sbtest3 WHERE id BETWEEN 6934813 AND 6934913
	Index Only Scan using sbtest3_pkey on sbtest3  (cost=0.43..6.32 rows=94 width=4)
	  Index Cond: ((id >= 6934813) AND (id <= 6934913))

table 4 : explain SELECT id FROM sbtest4 WHERE id BETWEEN 6934813 AND 6934913
	Index Only Scan using sbtest4_pkey on sbtest4  (cost=0.43..6.33 rows=95 width=4)
	  Index Cond: ((id >= 6934813) AND (id <= 6934913))

table 5 : explain SELECT id FROM sbtest5 WHERE id BETWEEN 6934813 AND 6934913
	Index Only Scan using sbtest5_pkey on sbtest5  (cost=0.43..10.56 rows=106 width=4)
	  Index Cond: ((id >= 6934813) AND (id <= 6934913))

table 6 : explain SELECT id FROM sbtest6 WHERE id BETWEEN 6934813 AND 6934913
	Index Only Scan using sbtest6_pkey on sbtest6  (cost=0.43..6.29 rows=93 width=4)
	  Index Cond: ((id >= 6934813) AND (id <= 6934913))

table 7 : explain SELECT id FROM sbtest7 WHERE id BETWEEN 6934813 AND 6934913
	Index Only Scan using sbtest7_pkey on sbtest7  (cost=0.43..10.51 rows=104 width=4)
	  Index Cond: ((id >= 6934813) AND (id <= 6934913))

table 8 : explain SELECT id FROM sbtest8 WHERE id BETWEEN 6934813 AND 6934913
	Index Only Scan using sbtest8_pkey on sbtest8  (cost=0.43..10.42 rows=99 width=4)
	  Index Cond: ((id >= 6934813) AND (id <= 6934913))

for range-covered
table 1 : explain SELECT id FROM sbtest1 WHERE id BETWEEN 4778858 AND 4778958
	Index Only Scan using sbtest1_pkey on sbtest1  (cost=0.43..10.32 rows=94 width=4)
	  Index Cond: ((id >= 4778858) AND (id <= 4778958))

table 2 : explain SELECT id FROM sbtest2 WHERE id BETWEEN 4778858 AND 4778958
	Index Only Scan using sbtest2_pkey on sbtest2  (cost=0.43..6.53 rows=105 width=4)
	  Index Cond: ((id >= 4778858) AND (id <= 4778958))

table 3 : explain SELECT id FROM sbtest3 WHERE id BETWEEN 4778858 AND 4778958
	Index Only Scan using sbtest3_pkey on sbtest3  (cost=0.43..6.32 rows=94 width=4)
	  Index Cond: ((id >= 4778858) AND (id <= 4778958))

table 4 : explain SELECT id FROM sbtest4 WHERE id BETWEEN 4778858 AND 4778958
	Index Only Scan using sbtest4_pkey on sbtest4  (cost=0.43..6.24 rows=90 width=4)
	  Index Cond: ((id >= 4778858) AND (id <= 4778958))

table 5 : explain SELECT id FROM sbtest5 WHERE id BETWEEN 4778858 AND 4778958
	Index Only Scan using sbtest5_pkey on sbtest5  (cost=0.43..10.50 rows=103 width=4)
	  Index Cond: ((id >= 4778858) AND (id <= 4778958))

table 6 : explain SELECT id FROM sbtest6 WHERE id BETWEEN 4778858 AND 4778958
	Index Only Scan using sbtest6_pkey on sbtest6  (cost=0.43..6.58 rows=107 width=4)
	  Index Cond: ((id >= 4778858) AND (id <= 4778958))

table 7 : explain SELECT id FROM sbtest7 WHERE id BETWEEN 4778858 AND 4778958
	Index Only Scan using sbtest7_pkey on sbtest7  (cost=0.43..10.44 rows=100 width=4)
	  Index Cond: ((id >= 4778858) AND (id <= 4778958))

table 8 : explain SELECT id FROM sbtest8 WHERE id BETWEEN 4778858 AND 4778958
	Index Only Scan using sbtest8_pkey on sbtest8  (cost=0.43..10.62 rows=109 width=4)
	  Index Cond: ((id >= 4778858) AND (id <= 4778958))

explain: for range-covered :: explain SELECT id FROM sbtest%d WHERE id BETWEEN 4778858 AND 4778958
for range-covered
table 1 : explain SELECT id FROM sbtest1 WHERE id BETWEEN 4778858 AND 4778958
	Index Only Scan using sbtest1_pkey on sbtest1  (cost=0.43..10.32 rows=94 width=4)
	  Index Cond: ((id >= 4778858) AND (id <= 4778958))

table 2 : explain SELECT id FROM sbtest2 WHERE id BETWEEN 4778858 AND 4778958
	Index Only Scan using sbtest2_pkey on sbtest2  (cost=0.43..6.53 rows=105 width=4)
	  Index Cond: ((id >= 4778858) AND (id <= 4778958))

table 3 : explain SELECT id FROM sbtest3 WHERE id BETWEEN 4778858 AND 4778958
	Index Only Scan using sbtest3_pkey on sbtest3  (cost=0.43..6.32 rows=94 width=4)
	  Index Cond: ((id >= 4778858) AND (id <= 4778958))

table 4 : explain SELECT id FROM sbtest4 WHERE id BETWEEN 4778858 AND 4778958
	Index Only Scan using sbtest4_pkey on sbtest4  (cost=0.43..6.24 rows=90 width=4)
	  Index Cond: ((id >= 4778858) AND (id <= 4778958))

table 5 : explain SELECT id FROM sbtest5 WHERE id BETWEEN 4778858 AND 4778958
	Index Only Scan using sbtest5_pkey on sbtest5  (cost=0.43..10.50 rows=103 width=4)
	  Index Cond: ((id >= 4778858) AND (id <= 4778958))

table 6 : explain SELECT id FROM sbtest6 WHERE id BETWEEN 4778858 AND 4778958
	Index Only Scan using sbtest6_pkey on sbtest6  (cost=0.43..6.58 rows=107 width=4)
	  Index Cond: ((id >= 4778858) AND (id <= 4778958))

table 7 : explain SELECT id FROM sbtest7 WHERE id BETWEEN 4778858 AND 4778958
	Index Only Scan using sbtest7_pkey on sbtest7  (cost=0.43..10.44 rows=100 width=4)
	  Index Cond: ((id >= 4778858) AND (id <= 4778958))

table 8 : explain SELECT id FROM sbtest8 WHERE id BETWEEN 4778858 AND 4778958
	Index Only Scan using sbtest8_pkey on sbtest8  (cost=0.43..10.62 rows=109 width=4)
	  Index Cond: ((id >= 4778858) AND (id <= 4778958))

explain: for range-covered :: explain SELECT id FROM sbtest%d WHERE id BETWEEN 4778858 AND 4778958
for range-covered
table 1 : explain SELECT id FROM sbtest1 WHERE id BETWEEN 4778858 AND 4778958
	Index Only Scan using sbtest1_pkey on sbtest1  (cost=0.43..10.32 rows=94 width=4)
	  Index Cond: ((id >= 4778858) AND (id <= 4778958))

table 2 : explain SELECT id FROM sbtest2 WHERE id BETWEEN 4778858 AND 4778958
	Index Only Scan using sbtest2_pkey on sbtest2  (cost=0.43..6.53 rows=105 width=4)
	  Index Cond: ((id >= 4778858) AND (id <= 4778958))

table 3 : explain SELECT id FROM sbtest3 WHERE id BETWEEN 4778858 AND 4778958
	Index Only Scan using sbtest3_pkey on sbtest3  (cost=0.43..6.32 rows=94 width=4)
	  Index Cond: ((id >= 4778858) AND (id <= 4778958))

table 4 : explain SELECT id FROM sbtest4 WHERE id BETWEEN 4778858 AND 4778958
	Index Only Scan using sbtest4_pkey on sbtest4  (cost=0.43..6.24 rows=90 width=4)
	  Index Cond: ((id >= 4778858) AND (id <= 4778958))

table 5 : explain SELECT id FROM sbtest5 WHERE id BETWEEN 4778858 AND 4778958
	Index Only Scan using sbtest5_pkey on sbtest5  (cost=0.43..10.50 rows=103 width=4)
	  Index Cond: ((id >= 4778858) AND (id <= 4778958))

table 6 : explain SELECT id FROM sbtest6 WHERE id BETWEEN 4778858 AND 4778958
	Index Only Scan using sbtest6_pkey on sbtest6  (cost=0.43..6.58 rows=107 width=4)
	  Index Cond: ((id >= 4778858) AND (id <= 4778958))

table 7 : explain SELECT id FROM sbtest7 WHERE id BETWEEN 4778858 AND 4778958
	Index Only Scan using sbtest7_pkey on sbtest7  (cost=0.43..10.44 rows=100 width=4)
	  Index Cond: ((id >= 4778858) AND (id <= 4778958))

table 8 : explain SELECT id FROM sbtest8 WHERE id BETWEEN 4778858 AND 4778958
	Index Only Scan using sbtest8_pkey on sbtest8  (cost=0.43..10.62 rows=109 width=4)
	  Index Cond: ((id >= 4778858) AND (id <= 4778958))

explain: for range-covered :: explain SELECT id FROM sbtest%d WHERE id BETWEEN 4778858 AND 4778958
explain: for range-covered :: explain SELECT id FROM sbtest%d WHERE id BETWEEN 6387266 AND 6387366
explain: for range-covered :: explain SELECT id FROM sbtest%d WHERE id BETWEEN 2638045 AND 2638145
for range-covered
table 1 : explain SELECT id FROM sbtest1 WHERE id BETWEEN 5198457 AND 5198557
	Index Only Scan using sbtest1_pkey on sbtest1  (cost=0.43..10.63 rows=110 width=4)
	  Index Cond: ((id >= 5198457) AND (id <= 5198557))

table 2 : explain SELECT id FROM sbtest2 WHERE id BETWEEN 5198457 AND 5198557
	Index Only Scan using sbtest2_pkey on sbtest2  (cost=0.43..6.33 rows=95 width=4)
	  Index Cond: ((id >= 5198457) AND (id <= 5198557))

table 3 : explain SELECT id FROM sbtest3 WHERE id BETWEEN 5198457 AND 5198557
	Index Only Scan using sbtest3_pkey on sbtest3  (cost=0.43..6.51 rows=104 width=4)
	  Index Cond: ((id >= 5198457) AND (id <= 5198557))

table 4 : explain SELECT id FROM sbtest4 WHERE id BETWEEN 5198457 AND 5198557
	Index Only Scan using sbtest4_pkey on sbtest4  (cost=0.43..6.43 rows=100 width=4)
	  Index Cond: ((id >= 5198457) AND (id <= 5198557))

table 5 : explain SELECT id FROM sbtest5 WHERE id BETWEEN 5198457 AND 5198557
	Index Only Scan using sbtest5_pkey on sbtest5  (cost=0.43..10.33 rows=95 width=4)
	  Index Cond: ((id >= 5198457) AND (id <= 5198557))

table 6 : explain SELECT id FROM sbtest6 WHERE id BETWEEN 5198457 AND 5198557
	Index Only Scan using sbtest6_pkey on sbtest6  (cost=0.43..6.27 rows=92 width=4)
	  Index Cond: ((id >= 5198457) AND (id <= 5198557))

table 7 : explain SELECT id FROM sbtest7 WHERE id BETWEEN 5198457 AND 5198557
	Index Only Scan using sbtest7_pkey on sbtest7  (cost=0.43..10.50 rows=103 width=4)
	  Index Cond: ((id >= 5198457) AND (id <= 5198557))

table 8 : explain SELECT id FROM sbtest8 WHERE id BETWEEN 5198457 AND 5198557
	Index Only Scan using sbtest8_pkey on sbtest8  (cost=0.43..10.29 rows=93 width=4)
	  Index Cond: ((id >= 5198457) AND (id <= 5198557))

for range-covered
table 1 : explain SELECT id FROM sbtest1 WHERE id BETWEEN 4778858 AND 4778958
	Index Only Scan using sbtest1_pkey on sbtest1  (cost=0.43..10.32 rows=94 width=4)
	  Index Cond: ((id >= 4778858) AND (id <= 4778958))

table 2 : explain SELECT id FROM sbtest2 WHERE id BETWEEN 4778858 AND 4778958
	Index Only Scan using sbtest2_pkey on sbtest2  (cost=0.43..6.53 rows=105 width=4)
	  Index Cond: ((id >= 4778858) AND (id <= 4778958))

table 3 : explain SELECT id FROM sbtest3 WHERE id BETWEEN 4778858 AND 4778958
	Index Only Scan using sbtest3_pkey on sbtest3  (cost=0.43..6.32 rows=94 width=4)
	  Index Cond: ((id >= 4778858) AND (id <= 4778958))

table 4 : explain SELECT id FROM sbtest4 WHERE id BETWEEN 4778858 AND 4778958
	Index Only Scan using sbtest4_pkey on sbtest4  (cost=0.43..6.24 rows=90 width=4)
	  Index Cond: ((id >= 4778858) AND (id <= 4778958))

table 5 : explain SELECT id FROM sbtest5 WHERE id BETWEEN 4778858 AND 4778958
	Index Only Scan using sbtest5_pkey on sbtest5  (cost=0.43..10.50 rows=103 width=4)
	  Index Cond: ((id >= 4778858) AND (id <= 4778958))

table 6 : explain SELECT id FROM sbtest6 WHERE id BETWEEN 4778858 AND 4778958
	Index Only Scan using sbtest6_pkey on sbtest6  (cost=0.43..6.58 rows=107 width=4)
	  Index Cond: ((id >= 4778858) AND (id <= 4778958))

table 7 : explain SELECT id FROM sbtest7 WHERE id BETWEEN 4778858 AND 4778958
	Index Only Scan using sbtest7_pkey on sbtest7  (cost=0.43..10.44 rows=100 width=4)
	  Index Cond: ((id >= 4778858) AND (id <= 4778958))

table 8 : explain SELECT id FROM sbtest8 WHERE id BETWEEN 4778858 AND 4778958
	Index Only Scan using sbtest8_pkey on sbtest8  (cost=0.43..10.62 rows=109 width=4)
	  Index Cond: ((id >= 4778858) AND (id <= 4778958))

explain: for range-covered :: explain SELECT id FROM sbtest%d WHERE id BETWEEN 5198457 AND 5198557
explain: for range-covered :: explain SELECT id FROM sbtest%d WHERE id BETWEEN 4778858 AND 4778958
for range-covered
table 1 : explain SELECT id FROM sbtest1 WHERE id BETWEEN 4778858 AND 4778958
	Index Only Scan using sbtest1_pkey on sbtest1  (cost=0.43..10.32 rows=94 width=4)
	  Index Cond: ((id >= 4778858) AND (id <= 4778958))

table 2 : explain SELECT id FROM sbtest2 WHERE id BETWEEN 4778858 AND 4778958
	Index Only Scan using sbtest2_pkey on sbtest2  (cost=0.43..6.53 rows=105 width=4)
	  Index Cond: ((id >= 4778858) AND (id <= 4778958))

table 3 : explain SELECT id FROM sbtest3 WHERE id BETWEEN 4778858 AND 4778958
	Index Only Scan using sbtest3_pkey on sbtest3  (cost=0.43..6.32 rows=94 width=4)
	  Index Cond: ((id >= 4778858) AND (id <= 4778958))

table 4 : explain SELECT id FROM sbtest4 WHERE id BETWEEN 4778858 AND 4778958
	Index Only Scan using sbtest4_pkey on sbtest4  (cost=0.43..6.24 rows=90 width=4)
	  Index Cond: ((id >= 4778858) AND (id <= 4778958))

table 5 : explain SELECT id FROM sbtest5 WHERE id BETWEEN 4778858 AND 4778958
	Index Only Scan using sbtest5_pkey on sbtest5  (cost=0.43..10.50 rows=103 width=4)
	  Index Cond: ((id >= 4778858) AND (id <= 4778958))

table 6 : explain SELECT id FROM sbtest6 WHERE id BETWEEN 4778858 AND 4778958
	Index Only Scan using sbtest6_pkey on sbtest6  (cost=0.43..6.58 rows=107 width=4)
	  Index Cond: ((id >= 4778858) AND (id <= 4778958))

table 7 : explain SELECT id FROM sbtest7 WHERE id BETWEEN 4778858 AND 4778958
	Index Only Scan using sbtest7_pkey on sbtest7  (cost=0.43..10.44 rows=100 width=4)
	  Index Cond: ((id >= 4778858) AND (id <= 4778958))

table 8 : explain SELECT id FROM sbtest8 WHERE id BETWEEN 4778858 AND 4778958
	Index Only Scan using sbtest8_pkey on sbtest8  (cost=0.43..10.62 rows=109 width=4)
	  Index Cond: ((id >= 4778858) AND (id <= 4778958))

for range-covered
table 1 : explain SELECT id FROM sbtest1 WHERE id BETWEEN 5198457 AND 5198557
	Index Only Scan using sbtest1_pkey on sbtest1  (cost=0.43..10.63 rows=110 width=4)
	  Index Cond: ((id >= 5198457) AND (id <= 5198557))

table 2 : explain SELECT id FROM sbtest2 WHERE id BETWEEN 5198457 AND 5198557
	Index Only Scan using sbtest2_pkey on sbtest2  (cost=0.43..6.33 rows=95 width=4)
	  Index Cond: ((id >= 5198457) AND (id <= 5198557))

table 3 : explain SELECT id FROM sbtest3 WHERE id BETWEEN 5198457 AND 5198557
	Index Only Scan using sbtest3_pkey on sbtest3  (cost=0.43..6.51 rows=104 width=4)
	  Index Cond: ((id >= 5198457) AND (id <= 5198557))

table 4 : explain SELECT id FROM sbtest4 WHERE id BETWEEN 5198457 AND 5198557
	Index Only Scan using sbtest4_pkey on sbtest4  (cost=0.43..6.43 rows=100 width=4)
	  Index Cond: ((id >= 5198457) AND (id <= 5198557))

table 5 : explain SELECT id FROM sbtest5 WHERE id BETWEEN 5198457 AND 5198557
	Index Only Scan using sbtest5_pkey on sbtest5  (cost=0.43..10.33 rows=95 width=4)
	  Index Cond: ((id >= 5198457) AND (id <= 5198557))

table 6 : explain SELECT id FROM sbtest6 WHERE id BETWEEN 5198457 AND 5198557
	Index Only Scan using sbtest6_pkey on sbtest6  (cost=0.43..6.27 rows=92 width=4)
	  Index Cond: ((id >= 5198457) AND (id <= 5198557))

table 7 : explain SELECT id FROM sbtest7 WHERE id BETWEEN 5198457 AND 5198557
	Index Only Scan using sbtest7_pkey on sbtest7  (cost=0.43..10.50 rows=103 width=4)
	  Index Cond: ((id >= 5198457) AND (id <= 5198557))

table 8 : explain SELECT id FROM sbtest8 WHERE id BETWEEN 5198457 AND 5198557
	Index Only Scan using sbtest8_pkey on sbtest8  (cost=0.43..10.29 rows=93 width=4)
	  Index Cond: ((id >= 5198457) AND (id <= 5198557))

explain: for range-covered :: explain SELECT id FROM sbtest%d WHERE id BETWEEN 5198457 AND 5198557
for range-covered
table 1 : explain SELECT id FROM sbtest1 WHERE id BETWEEN 5198457 AND 5198557
	Index Only Scan using sbtest1_pkey on sbtest1  (cost=0.43..10.63 rows=110 width=4)
	  Index Cond: ((id >= 5198457) AND (id <= 5198557))

table 2 : explain SELECT id FROM sbtest2 WHERE id BETWEEN 5198457 AND 5198557
	Index Only Scan using sbtest2_pkey on sbtest2  (cost=0.43..6.33 rows=95 width=4)
	  Index Cond: ((id >= 5198457) AND (id <= 5198557))

table 3 : explain SELECT id FROM sbtest3 WHERE id BETWEEN 5198457 AND 5198557
	Index Only Scan using sbtest3_pkey on sbtest3  (cost=0.43..6.51 rows=104 width=4)
	  Index Cond: ((id >= 5198457) AND (id <= 5198557))

table 4 : explain SELECT id FROM sbtest4 WHERE id BETWEEN 5198457 AND 5198557
	Index Only Scan using sbtest4_pkey on sbtest4  (cost=0.43..6.43 rows=100 width=4)
	  Index Cond: ((id >= 5198457) AND (id <= 5198557))

table 5 : explain SELECT id FROM sbtest5 WHERE id BETWEEN 5198457 AND 5198557
	Index Only Scan using sbtest5_pkey on sbtest5  (cost=0.43..10.33 rows=95 width=4)
	  Index Cond: ((id >= 5198457) AND (id <= 5198557))

table 6 : explain SELECT id FROM sbtest6 WHERE id BETWEEN 5198457 AND 5198557
	Index Only Scan using sbtest6_pkey on sbtest6  (cost=0.43..6.27 rows=92 width=4)
	  Index Cond: ((id >= 5198457) AND (id <= 5198557))

table 7 : explain SELECT id FROM sbtest7 WHERE id BETWEEN 5198457 AND 5198557
	Index Only Scan using sbtest7_pkey on sbtest7  (cost=0.43..10.50 rows=103 width=4)
	  Index Cond: ((id >= 5198457) AND (id <= 5198557))

table 8 : explain SELECT id FROM sbtest8 WHERE id BETWEEN 5198457 AND 5198557
	Index Only Scan using sbtest8_pkey on sbtest8  (cost=0.43..10.29 rows=93 width=4)
	  Index Cond: ((id >= 5198457) AND (id <= 5198557))

explain: for range-covered :: explain SELECT id FROM sbtest%d WHERE id BETWEEN 5198457 AND 5198557
for range-covered
table 1 : explain SELECT id FROM sbtest1 WHERE id BETWEEN 2833269 AND 2833369
	Index Only Scan using sbtest1_pkey on sbtest1  (cost=0.43..10.46 rows=101 width=4)
	  Index Cond: ((id >= 2833269) AND (id <= 2833369))

table 2 : explain SELECT id FROM sbtest2 WHERE id BETWEEN 2833269 AND 2833369
	Index Only Scan using sbtest2_pkey on sbtest2  (cost=0.43..6.56 rows=106 width=4)
	  Index Cond: ((id >= 2833269) AND (id <= 2833369))

table 3 : explain SELECT id FROM sbtest3 WHERE id BETWEEN 2833269 AND 2833369
	Index Only Scan using sbtest3_pkey on sbtest3  (cost=0.43..6.61 rows=109 width=4)
	  Index Cond: ((id >= 2833269) AND (id <= 2833369))

table 4 : explain SELECT id FROM sbtest4 WHERE id BETWEEN 2833269 AND 2833369
	Index Only Scan using sbtest4_pkey on sbtest4  (cost=0.43..6.50 rows=103 width=4)
	  Index Cond: ((id >= 2833269) AND (id <= 2833369))

table 5 : explain SELECT id FROM sbtest5 WHERE id BETWEEN 2833269 AND 2833369
	Index Only Scan using sbtest5_pkey on sbtest5  (cost=0.43..10.76 rows=116 width=4)
	  Index Cond: ((id >= 2833269) AND (id <= 2833369))

table 6 : explain SELECT id FROM sbtest6 WHERE id BETWEEN 2833269 AND 2833369
	Index Only Scan using sbtest6_pkey on sbtest6  (cost=0.43..6.40 rows=98 width=4)
	  Index Cond: ((id >= 2833269) AND (id <= 2833369))

table 7 : explain SELECT id FROM sbtest7 WHERE id BETWEEN 2833269 AND 2833369
	Index Only Scan using sbtest7_pkey on sbtest7  (cost=0.43..10.47 rows=102 width=4)
	  Index Cond: ((id >= 2833269) AND (id <= 2833369))

table 8 : explain SELECT id FROM sbtest8 WHERE id BETWEEN 2833269 AND 2833369
	Index Only Scan using sbtest8_pkey on sbtest8  (cost=0.43..10.33 rows=95 width=4)
	  Index Cond: ((id >= 2833269) AND (id <= 2833369))

for range-covered
table 1 : explain SELECT id FROM sbtest1 WHERE id BETWEEN 5198457 AND 5198557
	Index Only Scan using sbtest1_pkey on sbtest1  (cost=0.43..10.63 rows=110 width=4)
	  Index Cond: ((id >= 5198457) AND (id <= 5198557))

table 2 : explain SELECT id FROM sbtest2 WHERE id BETWEEN 5198457 AND 5198557
	Index Only Scan using sbtest2_pkey on sbtest2  (cost=0.43..6.33 rows=95 width=4)
	  Index Cond: ((id >= 5198457) AND (id <= 5198557))

table 3 : explain SELECT id FROM sbtest3 WHERE id BETWEEN 5198457 AND 5198557
	Index Only Scan using sbtest3_pkey on sbtest3  (cost=0.43..6.51 rows=104 width=4)
	  Index Cond: ((id >= 5198457) AND (id <= 5198557))

table 4 : explain SELECT id FROM sbtest4 WHERE id BETWEEN 5198457 AND 5198557
	Index Only Scan using sbtest4_pkey on sbtest4  (cost=0.43..6.43 rows=100 width=4)
	  Index Cond: ((id >= 5198457) AND (id <= 5198557))

table 5 : explain SELECT id FROM sbtest5 WHERE id BETWEEN 5198457 AND 5198557
	Index Only Scan using sbtest5_pkey on sbtest5  (cost=0.43..10.33 rows=95 width=4)
	  Index Cond: ((id >= 5198457) AND (id <= 5198557))

table 6 : explain SELECT id FROM sbtest6 WHERE id BETWEEN 5198457 AND 5198557
	Index Only Scan using sbtest6_pkey on sbtest6  (cost=0.43..6.27 rows=92 width=4)
	  Index Cond: ((id >= 5198457) AND (id <= 5198557))

table 7 : explain SELECT id FROM sbtest7 WHERE id BETWEEN 5198457 AND 5198557
	Index Only Scan using sbtest7_pkey on sbtest7  (cost=0.43..10.50 rows=103 width=4)
	  Index Cond: ((id >= 5198457) AND (id <= 5198557))

table 8 : explain SELECT id FROM sbtest8 WHERE id BETWEEN 5198457 AND 5198557
	Index Only Scan using sbtest8_pkey on sbtest8  (cost=0.43..10.29 rows=93 width=4)
	  Index Cond: ((id >= 5198457) AND (id <= 5198557))

explain: for range-covered :: explain SELECT id FROM sbtest%d WHERE id BETWEEN 5198457 AND 5198557
for range-covered
table 1 : explain SELECT id FROM sbtest1 WHERE id BETWEEN 6387266 AND 6387366
	Index Only Scan using sbtest1_pkey on sbtest1  (cost=0.43..10.40 rows=98 width=4)
	  Index Cond: ((id >= 6387266) AND (id <= 6387366))

table 2 : explain SELECT id FROM sbtest2 WHERE id BETWEEN 6387266 AND 6387366
	Index Only Scan using sbtest2_pkey on sbtest2  (cost=0.43..6.40 rows=98 width=4)
	  Index Cond: ((id >= 6387266) AND (id <= 6387366))

table 3 : explain SELECT id FROM sbtest3 WHERE id BETWEEN 6387266 AND 6387366
	Index Only Scan using sbtest3_pkey on sbtest3  (cost=0.43..6.47 rows=102 width=4)
	  Index Cond: ((id >= 6387266) AND (id <= 6387366))

table 4 : explain SELECT id FROM sbtest4 WHERE id BETWEEN 6387266 AND 6387366
	Index Only Scan using sbtest4_pkey on sbtest4  (cost=0.43..6.37 rows=97 width=4)
	  Index Cond: ((id >= 6387266) AND (id <= 6387366))

table 5 : explain SELECT id FROM sbtest5 WHERE id BETWEEN 6387266 AND 6387366
	Index Only Scan using sbtest5_pkey on sbtest5  (cost=0.43..10.62 rows=109 width=4)
	  Index Cond: ((id >= 6387266) AND (id <= 6387366))

table 6 : explain SELECT id FROM sbtest6 WHERE id BETWEEN 6387266 AND 6387366
	Index Only Scan using sbtest6_pkey on sbtest6  (cost=0.43..6.58 rows=107 width=4)
	  Index Cond: ((id >= 6387266) AND (id <= 6387366))

table 7 : explain SELECT id FROM sbtest7 WHERE id BETWEEN 6387266 AND 6387366
	Index Only Scan using sbtest7_pkey on sbtest7  (cost=0.43..10.36 rows=96 width=4)
	  Index Cond: ((id >= 6387266) AND (id <= 6387366))

table 8 : explain SELECT id FROM sbtest8 WHERE id BETWEEN 6387266 AND 6387366
	Index Only Scan using sbtest8_pkey on sbtest8  (cost=0.43..10.54 rows=105 width=4)
	  Index Cond: ((id >= 6387266) AND (id <= 6387366))

explain: for range-covered :: explain SELECT id FROM sbtest%d WHERE id BETWEEN 6387266 AND 6387366
for range-covered
table 1 : explain SELECT id FROM sbtest1 WHERE id BETWEEN 2638045 AND 2638145
	Index Only Scan using sbtest1_pkey on sbtest1  (cost=0.43..10.60 rows=108 width=4)
	  Index Cond: ((id >= 2638045) AND (id <= 2638145))

table 2 : explain SELECT id FROM sbtest2 WHERE id BETWEEN 2638045 AND 2638145
	Index Only Scan using sbtest2_pkey on sbtest2  (cost=0.43..6.43 rows=100 width=4)
	  Index Cond: ((id >= 2638045) AND (id <= 2638145))

table 3 : explain SELECT id FROM sbtest3 WHERE id BETWEEN 2638045 AND 2638145
	Index Only Scan using sbtest3_pkey on sbtest3  (cost=0.43..6.35 rows=96 width=4)
	  Index Cond: ((id >= 2638045) AND (id <= 2638145))

table 4 : explain SELECT id FROM sbtest4 WHERE id BETWEEN 2638045 AND 2638145
	Index Only Scan using sbtest4_pkey on sbtest4  (cost=0.43..6.25 rows=91 width=4)
	  Index Cond: ((id >= 2638045) AND (id <= 2638145))

table 5 : explain SELECT id FROM sbtest5 WHERE id BETWEEN 2638045 AND 2638145
	Index Only Scan using sbtest5_pkey on sbtest5  (cost=0.43..10.44 rows=100 width=4)
	  Index Cond: ((id >= 2638045) AND (id <= 2638145))

table 6 : explain SELECT id FROM sbtest6 WHERE id BETWEEN 2638045 AND 2638145
	Index Only Scan using sbtest6_pkey on sbtest6  (cost=0.43..6.61 rows=109 width=4)
	  Index Cond: ((id >= 2638045) AND (id <= 2638145))

table 7 : explain SELECT id FROM sbtest7 WHERE id BETWEEN 2638045 AND 2638145
	Index Only Scan using sbtest7_pkey on sbtest7  (cost=0.43..10.47 rows=102 width=4)
	  Index Cond: ((id >= 2638045) AND (id <= 2638145))

table 8 : explain SELECT id FROM sbtest8 WHERE id BETWEEN 2638045 AND 2638145
	Index Only Scan using sbtest8_pkey on sbtest8  (cost=0.43..10.36 rows=96 width=4)
	  Index Cond: ((id >= 2638045) AND (id <= 2638145))

explain: for range-covered :: explain SELECT id FROM sbtest%d WHERE id BETWEEN 2638045 AND 2638145
for range-covered
table 1 : explain SELECT id FROM sbtest1 WHERE id BETWEEN 6387266 AND 6387366
	Index Only Scan using sbtest1_pkey on sbtest1  (cost=0.43..10.40 rows=98 width=4)
	  Index Cond: ((id >= 6387266) AND (id <= 6387366))

table 2 : explain SELECT id FROM sbtest2 WHERE id BETWEEN 6387266 AND 6387366
	Index Only Scan using sbtest2_pkey on sbtest2  (cost=0.43..6.40 rows=98 width=4)
	  Index Cond: ((id >= 6387266) AND (id <= 6387366))

table 3 : explain SELECT id FROM sbtest3 WHERE id BETWEEN 6387266 AND 6387366
	Index Only Scan using sbtest3_pkey on sbtest3  (cost=0.43..6.47 rows=102 width=4)
	  Index Cond: ((id >= 6387266) AND (id <= 6387366))

table 4 : explain SELECT id FROM sbtest4 WHERE id BETWEEN 6387266 AND 6387366
	Index Only Scan using sbtest4_pkey on sbtest4  (cost=0.43..6.37 rows=97 width=4)
	  Index Cond: ((id >= 6387266) AND (id <= 6387366))

table 5 : explain SELECT id FROM sbtest5 WHERE id BETWEEN 6387266 AND 6387366
	Index Only Scan using sbtest5_pkey on sbtest5  (cost=0.43..10.62 rows=109 width=4)
	  Index Cond: ((id >= 6387266) AND (id <= 6387366))

table 6 : explain SELECT id FROM sbtest6 WHERE id BETWEEN 6387266 AND 6387366
	Index Only Scan using sbtest6_pkey on sbtest6  (cost=0.43..6.58 rows=107 width=4)
	  Index Cond: ((id >= 6387266) AND (id <= 6387366))

table 7 : explain SELECT id FROM sbtest7 WHERE id BETWEEN 6387266 AND 6387366
	Index Only Scan using sbtest7_pkey on sbtest7  (cost=0.43..10.36 rows=96 width=4)
	  Index Cond: ((id >= 6387266) AND (id <= 6387366))

table 8 : explain SELECT id FROM sbtest8 WHERE id BETWEEN 6387266 AND 6387366
	Index Only Scan using sbtest8_pkey on sbtest8  (cost=0.43..10.54 rows=105 width=4)
	  Index Cond: ((id >= 6387266) AND (id <= 6387366))

explain: for range-covered :: explain SELECT id FROM sbtest%d WHERE id BETWEEN 6387266 AND 6387366
explain: for range-covered :: explain SELECT id FROM sbtest%d WHERE id BETWEEN 1741452 AND 1741552for range-covered
table 1 : explain SELECT id FROM sbtest1 WHERE id BETWEEN 5198457 AND 5198557
	Index Only Scan using sbtest1_pkey on sbtest1  (cost=0.43..10.63 rows=110 width=4)
	  Index Cond: ((id >= 5198457) AND (id <= 5198557))

table 2 : explain SELECT id FROM sbtest2 WHERE id BETWEEN 5198457 AND 5198557
	Index Only Scan using sbtest2_pkey on sbtest2  (cost=0.43..6.33 rows=95 width=4)
	  Index Cond: ((id >= 5198457) AND (id <= 5198557))

table 3 : explain SELECT id FROM sbtest3 WHERE id BETWEEN 5198457 AND 5198557
	Index Only Scan using sbtest3_pkey on sbtest3  (cost=0.43..6.51 rows=104 width=4)
	  Index Cond: ((id >= 5198457) AND (id <= 5198557))

table 4 : explain SELECT id FROM sbtest4 WHERE id BETWEEN 5198457 AND 5198557
	Index Only Scan using sbtest4_pkey on sbtest4  (cost=0.43..6.43 rows=100 width=4)
	  Index Cond: ((id >= 5198457) AND (id <= 5198557))

table 5 : explain SELECT id FROM sbtest5 WHERE id BETWEEN 5198457 AND 5198557
	Index Only Scan using sbtest5_pkey on sbtest5  (cost=0.43..10.33 rows=95 width=4)
	  Index Cond: ((id >= 5198457) AND (id <= 5198557))

table 6 : explain SELECT id FROM sbtest6 WHERE id BETWEEN 5198457 AND 5198557
	Index Only Scan using sbtest6_pkey on sbtest6  (cost=0.43..6.27 rows=92 width=4)
	  Index Cond: ((id >= 5198457) AND (id <= 5198557))

table 7 : explain SELECT id FROM sbtest7 WHERE id BETWEEN 5198457 AND 5198557
	Index Only Scan using sbtest7_pkey on sbtest7  (cost=0.43..10.50 rows=103 width=4)
	  Index Cond: ((id >= 5198457) AND (id <= 5198557))

table 8 : explain SELECT id FROM sbtest8 WHERE id BETWEEN 5198457 AND 5198557
	Index Only Scan using sbtest8_pkey on sbtest8  (cost=0.43..10.29 rows=93 width=4)
	  Index Cond: ((id >= 5198457) AND (id <= 5198557))


explain: for range-covered :: explain SELECT id FROM sbtest%d WHERE id BETWEEN 5198457 AND 5198557
for range-covered
table 1 : explain SELECT id FROM sbtest1 WHERE id BETWEEN 2638045 AND 2638145
	Index Only Scan using sbtest1_pkey on sbtest1  (cost=0.43..10.60 rows=108 width=4)
	  Index Cond: ((id >= 2638045) AND (id <= 2638145))

table 2 : explain SELECT id FROM sbtest2 WHERE id BETWEEN 2638045 AND 2638145
	Index Only Scan using sbtest2_pkey on sbtest2  (cost=0.43..6.43 rows=100 width=4)
	  Index Cond: ((id >= 2638045) AND (id <= 2638145))

table 3 : explain SELECT id FROM sbtest3 WHERE id BETWEEN 2638045 AND 2638145
	Index Only Scan using sbtest3_pkey on sbtest3  (cost=0.43..6.35 rows=96 width=4)
	  Index Cond: ((id >= 2638045) AND (id <= 2638145))

table 4 : explain SELECT id FROM sbtest4 WHERE id BETWEEN 2638045 AND 2638145
	Index Only Scan using sbtest4_pkey on sbtest4  (cost=0.43..6.25 rows=91 width=4)
	  Index Cond: ((id >= 2638045) AND (id <= 2638145))

table 5 : explain SELECT id FROM sbtest5 WHERE id BETWEEN 2638045 AND 2638145
	Index Only Scan using sbtest5_pkey on sbtest5  (cost=0.43..10.44 rows=100 width=4)
	  Index Cond: ((id >= 2638045) AND (id <= 2638145))

table 6 : explain SELECT id FROM sbtest6 WHERE id BETWEEN 2638045 AND 2638145
	Index Only Scan using sbtest6_pkey on sbtest6  (cost=0.43..6.61 rows=109 width=4)
	  Index Cond: ((id >= 2638045) AND (id <= 2638145))

table 7 : explain SELECT id FROM sbtest7 WHERE id BETWEEN 2638045 AND 2638145
	Index Only Scan using sbtest7_pkey on sbtest7  (cost=0.43..10.47 rows=102 width=4)
	  Index Cond: ((id >= 2638045) AND (id <= 2638145))

table 8 : explain SELECT id FROM sbtest8 WHERE id BETWEEN 2638045 AND 2638145
	Index Only Scan using sbtest8_pkey on sbtest8  (cost=0.43..10.36 rows=96 width=4)
	  Index Cond: ((id >= 2638045) AND (id <= 2638145))

explain: for range-covered :: explain SELECT id FROM sbtest%d WHERE id BETWEEN 2638045 AND 2638145
for range-covered
table 1 : explain SELECT id FROM sbtest1 WHERE id BETWEEN 6387266 AND 6387366
	Index Only Scan using sbtest1_pkey on sbtest1  (cost=0.43..10.40 rows=98 width=4)
	  Index Cond: ((id >= 6387266) AND (id <= 6387366))

table 2 : explain SELECT id FROM sbtest2 WHERE id BETWEEN 6387266 AND 6387366
	Index Only Scan using sbtest2_pkey on sbtest2  (cost=0.43..6.40 rows=98 width=4)
	  Index Cond: ((id >= 6387266) AND (id <= 6387366))

table 3 : explain SELECT id FROM sbtest3 WHERE id BETWEEN 6387266 AND 6387366
	Index Only Scan using sbtest3_pkey on sbtest3  (cost=0.43..6.47 rows=102 width=4)
	  Index Cond: ((id >= 6387266) AND (id <= 6387366))

table 4 : explain SELECT id FROM sbtest4 WHERE id BETWEEN 6387266 AND 6387366
	Index Only Scan using sbtest4_pkey on sbtest4  (cost=0.43..6.37 rows=97 width=4)
	  Index Cond: ((id >= 6387266) AND (id <= 6387366))

table 5 : explain SELECT id FROM sbtest5 WHERE id BETWEEN 6387266 AND 6387366
	Index Only Scan using sbtest5_pkey on sbtest5  (cost=0.43..10.62 rows=109 width=4)
	  Index Cond: ((id >= 6387266) AND (id <= 6387366))

table 6 : explain SELECT id FROM sbtest6 WHERE id BETWEEN 6387266 AND 6387366
	Index Only Scan using sbtest6_pkey on sbtest6  (cost=0.43..6.58 rows=107 width=4)
	  Index Cond: ((id >= 6387266) AND (id <= 6387366))

table 7 : explain SELECT id FROM sbtest7 WHERE id BETWEEN 6387266 AND 6387366
	Index Only Scan using sbtest7_pkey on sbtest7  (cost=0.43..10.36 rows=96 width=4)
	  Index Cond: ((id >= 6387266) AND (id <= 6387366))

table 8 : explain SELECT id FROM sbtest8 WHERE id BETWEEN 6387266 AND 6387366
	Index Only Scan using sbtest8_pkey on sbtest8  (cost=0.43..10.54 rows=105 width=4)
	  Index Cond: ((id >= 6387266) AND (id <= 6387366))

explain: for range-covered :: explain SELECT id FROM sbtest%d WHERE id BETWEEN 6387266 AND 6387366
for range-covered
table 1 : explain SELECT id FROM sbtest1 WHERE id BETWEEN 2638045 AND 2638145
	Index Only Scan using sbtest1_pkey on sbtest1  (cost=0.43..10.60 rows=108 width=4)
	  Index Cond: ((id >= 2638045) AND (id <= 2638145))

table 2 : explain SELECT id FROM sbtest2 WHERE id BETWEEN 2638045 AND 2638145
	Index Only Scan using sbtest2_pkey on sbtest2  (cost=0.43..6.43 rows=100 width=4)
	  Index Cond: ((id >= 2638045) AND (id <= 2638145))

table 3 : explain SELECT id FROM sbtest3 WHERE id BETWEEN 2638045 AND 2638145
	Index Only Scan using sbtest3_pkey on sbtest3  (cost=0.43..6.35 rows=96 width=4)
	  Index Cond: ((id >= 2638045) AND (id <= 2638145))

table 4 : explain SELECT id FROM sbtest4 WHERE id BETWEEN 2638045 AND 2638145
	Index Only Scan using sbtest4_pkey on sbtest4  (cost=0.43..6.25 rows=91 width=4)
	  Index Cond: ((id >= 2638045) AND (id <= 2638145))

table 5 : explain SELECT id FROM sbtest5 WHERE id BETWEEN 2638045 AND 2638145
	Index Only Scan using sbtest5_pkey on sbtest5  (cost=0.43..10.44 rows=100 width=4)
	  Index Cond: ((id >= 2638045) AND (id <= 2638145))

table 6 : explain SELECT id FROM sbtest6 WHERE id BETWEEN 2638045 AND 2638145
	Index Only Scan using sbtest6_pkey on sbtest6  (cost=0.43..6.61 rows=109 width=4)
	  Index Cond: ((id >= 2638045) AND (id <= 2638145))

table 7 : explain SELECT id FROM sbtest7 WHERE id BETWEEN 2638045 AND 2638145
	Index Only Scan using sbtest7_pkey on sbtest7  (cost=0.43..10.47 rows=102 width=4)
	  Index Cond: ((id >= 2638045) AND (id <= 2638145))

table 8 : explain SELECT id FROM sbtest8 WHERE id BETWEEN 2638045 AND 2638145
	Index Only Scan using sbtest8_pkey on sbtest8  (cost=0.43..10.36 rows=96 width=4)
	  Index Cond: ((id >= 2638045) AND (id <= 2638145))

explain: for range-covered :: explain SELECT id FROM sbtest%d WHERE id BETWEEN 2638045 AND 2638145
for range-covered
table 1 : explain SELECT id FROM sbtest1 WHERE id BETWEEN 5198457 AND 5198557
	Index Only Scan using sbtest1_pkey on sbtest1  (cost=0.43..10.63 rows=110 width=4)
	  Index Cond: ((id >= 5198457) AND (id <= 5198557))

table 2 : explain SELECT id FROM sbtest2 WHERE id BETWEEN 5198457 AND 5198557
	Index Only Scan using sbtest2_pkey on sbtest2  (cost=0.43..6.33 rows=95 width=4)
	  Index Cond: ((id >= 5198457) AND (id <= 5198557))

table 3 : explain SELECT id FROM sbtest3 WHERE id BETWEEN 5198457 AND 5198557
	Index Only Scan using sbtest3_pkey on sbtest3  (cost=0.43..6.51 rows=104 width=4)
	  Index Cond: ((id >= 5198457) AND (id <= 5198557))

table 4 : explain SELECT id FROM sbtest4 WHERE id BETWEEN 5198457 AND 5198557
	Index Only Scan using sbtest4_pkey on sbtest4  (cost=0.43..6.43 rows=100 width=4)
	  Index Cond: ((id >= 5198457) AND (id <= 5198557))

table 5 : explain SELECT id FROM sbtest5 WHERE id BETWEEN 5198457 AND 5198557
	Index Only Scan using sbtest5_pkey on sbtest5  (cost=0.43..10.33 rows=95 width=4)
	  Index Cond: ((id >= 5198457) AND (id <= 5198557))

table 6 : explain SELECT id FROM sbtest6 WHERE id BETWEEN 5198457 AND 5198557
	Index Only Scan using sbtest6_pkey on sbtest6  (cost=0.43..6.27 rows=92 width=4)
	  Index Cond: ((id >= 5198457) AND (id <= 5198557))

table 7 : explain SELECT id FROM sbtest7 WHERE id BETWEEN 5198457 AND 5198557
	Index Only Scan using sbtest7_pkey on sbtest7  (cost=0.43..10.50 rows=103 width=4)
	  Index Cond: ((id >= 5198457) AND (id <= 5198557))

table 8 : explain SELECT id FROM sbtest8 WHERE id BETWEEN 5198457 AND 5198557
	Index Only Scan using sbtest8_pkey on sbtest8  (cost=0.43..10.29 rows=93 width=4)
	  Index Cond: ((id >= 5198457) AND (id <= 5198557))

explain: for range-covered :: explain SELECT id FROM sbtest%d WHERE id BETWEEN 5198457 AND 5198557
for range-covered
table 1 : explain SELECT id FROM sbtest1 WHERE id BETWEEN 6387266 AND 6387366
	Index Only Scan using sbtest1_pkey on sbtest1  (cost=0.43..10.40 rows=98 width=4)
	  Index Cond: ((id >= 6387266) AND (id <= 6387366))

table 2 : explain SELECT id FROM sbtest2 WHERE id BETWEEN 6387266 AND 6387366
	Index Only Scan using sbtest2_pkey on sbtest2  (cost=0.43..6.40 rows=98 width=4)
	  Index Cond: ((id >= 6387266) AND (id <= 6387366))

table 3 : explain SELECT id FROM sbtest3 WHERE id BETWEEN 6387266 AND 6387366
	Index Only Scan using sbtest3_pkey on sbtest3  (cost=0.43..6.47 rows=102 width=4)
	  Index Cond: ((id >= 6387266) AND (id <= 6387366))

table 4 : explain SELECT id FROM sbtest4 WHERE id BETWEEN 6387266 AND 6387366
	Index Only Scan using sbtest4_pkey on sbtest4  (cost=0.43..6.37 rows=97 width=4)
	  Index Cond: ((id >= 6387266) AND (id <= 6387366))

table 5 : explain SELECT id FROM sbtest5 WHERE id BETWEEN 6387266 AND 6387366
	Index Only Scan using sbtest5_pkey on sbtest5  (cost=0.43..10.62 rows=109 width=4)
	  Index Cond: ((id >= 6387266) AND (id <= 6387366))

table 6 : explain SELECT id FROM sbtest6 WHERE id BETWEEN 6387266 AND 6387366
	Index Only Scan using sbtest6_pkey on sbtest6  (cost=0.43..6.58 rows=107 width=4)
	  Index Cond: ((id >= 6387266) AND (id <= 6387366))

table 7 : explain SELECT id FROM sbtest7 WHERE id BETWEEN 6387266 AND 6387366
	Index Only Scan using sbtest7_pkey on sbtest7  (cost=0.43..10.36 rows=96 width=4)
	  Index Cond: ((id >= 6387266) AND (id <= 6387366))

table 8 : explain SELECT id FROM sbtest8 WHERE id BETWEEN 6387266 AND 6387366
	Index Only Scan using sbtest8_pkey on sbtest8  (cost=0.43..10.54 rows=105 width=4)
	  Index Cond: ((id >= 6387266) AND (id <= 6387366))

explain: for range-covered :: explain SELECT id FROM sbtest%d WHERE id BETWEEN 6387266 AND 6387366
for range-covered
table 1 : explain SELECT id FROM sbtest1 WHERE id BETWEEN 2638045 AND 2638145
	Index Only Scan using sbtest1_pkey on sbtest1  (cost=0.43..10.60 rows=108 width=4)
	  Index Cond: ((id >= 2638045) AND (id <= 2638145))

table 2 : explain SELECT id FROM sbtest2 WHERE id BETWEEN 2638045 AND 2638145
	Index Only Scan using sbtest2_pkey on sbtest2  (cost=0.43..6.43 rows=100 width=4)
	  Index Cond: ((id >= 2638045) AND (id <= 2638145))

table 3 : explain SELECT id FROM sbtest3 WHERE id BETWEEN 2638045 AND 2638145
	Index Only Scan using sbtest3_pkey on sbtest3  (cost=0.43..6.35 rows=96 width=4)
	  Index Cond: ((id >= 2638045) AND (id <= 2638145))

table 4 : explain SELECT id FROM sbtest4 WHERE id BETWEEN 2638045 AND 2638145
	Index Only Scan using sbtest4_pkey on sbtest4  (cost=0.43..6.25 rows=91 width=4)
	  Index Cond: ((id >= 2638045) AND (id <= 2638145))

table 5 : explain SELECT id FROM sbtest5 WHERE id BETWEEN 2638045 AND 2638145
	Index Only Scan using sbtest5_pkey on sbtest5  (cost=0.43..10.44 rows=100 width=4)
	  Index Cond: ((id >= 2638045) AND (id <= 2638145))

table 6 : explain SELECT id FROM sbtest6 WHERE id BETWEEN 2638045 AND 2638145
	Index Only Scan using sbtest6_pkey on sbtest6  (cost=0.43..6.61 rows=109 width=4)
	  Index Cond: ((id >= 2638045) AND (id <= 2638145))

table 7 : explain SELECT id FROM sbtest7 WHERE id BETWEEN 2638045 AND 2638145
	Index Only Scan using sbtest7_pkey on sbtest7  (cost=0.43..10.47 rows=102 width=4)
	  Index Cond: ((id >= 2638045) AND (id <= 2638145))

table 8 : explain SELECT id FROM sbtest8 WHERE id BETWEEN 2638045 AND 2638145
	Index Only Scan using sbtest8_pkey on sbtest8  (cost=0.43..10.36 rows=96 width=4)
	  Index Cond: ((id >= 2638045) AND (id <= 2638145))

explain: for range-covered :: explain SELECT id FROM sbtest%d WHERE id BETWEEN 2638045 AND 2638145
for range-covered
table 1 : explain SELECT id FROM sbtest1 WHERE id BETWEEN 5198457 AND 5198557
	Index Only Scan using sbtest1_pkey on sbtest1  (cost=0.43..10.63 rows=110 width=4)
	  Index Cond: ((id >= 5198457) AND (id <= 5198557))

table 2 : explain SELECT id FROM sbtest2 WHERE id BETWEEN 5198457 AND 5198557
	Index Only Scan using sbtest2_pkey on sbtest2  (cost=0.43..6.33 rows=95 width=4)
	  Index Cond: ((id >= 5198457) AND (id <= 5198557))

table 3 : explain SELECT id FROM sbtest3 WHERE id BETWEEN 5198457 AND 5198557
	Index Only Scan using sbtest3_pkey on sbtest3  (cost=0.43..6.51 rows=104 width=4)
	  Index Cond: ((id >= 5198457) AND (id <= 5198557))

table 4 : explain SELECT id FROM sbtest4 WHERE id BETWEEN 5198457 AND 5198557
	Index Only Scan using sbtest4_pkey on sbtest4  (cost=0.43..6.43 rows=100 width=4)
	  Index Cond: ((id >= 5198457) AND (id <= 5198557))

table 5 : explain SELECT id FROM sbtest5 WHERE id BETWEEN 5198457 AND 5198557
	Index Only Scan using sbtest5_pkey on sbtest5  (cost=0.43..10.33 rows=95 width=4)
	  Index Cond: ((id >= 5198457) AND (id <= 5198557))

table 6 : explain SELECT id FROM sbtest6 WHERE id BETWEEN 5198457 AND 5198557
	Index Only Scan using sbtest6_pkey on sbtest6  (cost=0.43..6.27 rows=92 width=4)
	  Index Cond: ((id >= 5198457) AND (id <= 5198557))

table 7 : explain SELECT id FROM sbtest7 WHERE id BETWEEN 5198457 AND 5198557
	Index Only Scan using sbtest7_pkey on sbtest7  (cost=0.43..10.50 rows=103 width=4)
	  Index Cond: ((id >= 5198457) AND (id <= 5198557))

table 8 : explain SELECT id FROM sbtest8 WHERE id BETWEEN 5198457 AND 5198557
	Index Only Scan using sbtest8_pkey on sbtest8  (cost=0.43..10.29 rows=93 width=4)
	  Index Cond: ((id >= 5198457) AND (id <= 5198557))

explain: for range-covered :: explain SELECT id FROM sbtest%d WHERE id BETWEEN 5198457 AND 5198557
for range-covered
table 1 : explain SELECT id FROM sbtest1 WHERE id BETWEEN 6387266 AND 6387366
	Index Only Scan using sbtest1_pkey on sbtest1  (cost=0.43..10.40 rows=98 width=4)
	  Index Cond: ((id >= 6387266) AND (id <= 6387366))

table 2 : explain SELECT id FROM sbtest2 WHERE id BETWEEN 6387266 AND 6387366
	Index Only Scan using sbtest2_pkey on sbtest2  (cost=0.43..6.40 rows=98 width=4)
	  Index Cond: ((id >= 6387266) AND (id <= 6387366))

table 3 : explain SELECT id FROM sbtest3 WHERE id BETWEEN 6387266 AND 6387366
	Index Only Scan using sbtest3_pkey on sbtest3  (cost=0.43..6.47 rows=102 width=4)
	  Index Cond: ((id >= 6387266) AND (id <= 6387366))

table 4 : explain SELECT id FROM sbtest4 WHERE id BETWEEN 6387266 AND 6387366
	Index Only Scan using sbtest4_pkey on sbtest4  (cost=0.43..6.37 rows=97 width=4)
	  Index Cond: ((id >= 6387266) AND (id <= 6387366))

table 5 : explain SELECT id FROM sbtest5 WHERE id BETWEEN 6387266 AND 6387366
	Index Only Scan using sbtest5_pkey on sbtest5  (cost=0.43..10.62 rows=109 width=4)
	  Index Cond: ((id >= 6387266) AND (id <= 6387366))

table 6 : explain SELECT id FROM sbtest6 WHERE id BETWEEN 6387266 AND 6387366
	Index Only Scan using sbtest6_pkey on sbtest6  (cost=0.43..6.58 rows=107 width=4)
	  Index Cond: ((id >= 6387266) AND (id <= 6387366))

table 7 : explain SELECT id FROM sbtest7 WHERE id BETWEEN 6387266 AND 6387366
	Index Only Scan using sbtest7_pkey on sbtest7  (cost=0.43..10.36 rows=96 width=4)
	  Index Cond: ((id >= 6387266) AND (id <= 6387366))

table 8 : explain SELECT id FROM sbtest8 WHERE id BETWEEN 6387266 AND 6387366
	Index Only Scan using sbtest8_pkey on sbtest8  (cost=0.43..10.54 rows=105 width=4)
	  Index Cond: ((id >= 6387266) AND (id <= 6387366))

explain: for range-covered :: explain SELECT id FROM sbtest%d WHERE id BETWEEN 480732 AND 480832
explain: for range-covered :: explain SELECT id FROM sbtest%d WHERE id BETWEEN 6387266 AND 6387366
for range-covered
table 1 : explain SELECT id FROM sbtest1 WHERE id BETWEEN 2638045 AND 2638145
	Index Only Scan using sbtest1_pkey on sbtest1  (cost=0.43..10.60 rows=108 width=4)
	  Index Cond: ((id >= 2638045) AND (id <= 2638145))

table 2 : explain SELECT id FROM sbtest2 WHERE id BETWEEN 2638045 AND 2638145
	Index Only Scan using sbtest2_pkey on sbtest2  (cost=0.43..6.43 rows=100 width=4)
	  Index Cond: ((id >= 2638045) AND (id <= 2638145))

table 3 : explain SELECT id FROM sbtest3 WHERE id BETWEEN 2638045 AND 2638145
	Index Only Scan using sbtest3_pkey on sbtest3  (cost=0.43..6.35 rows=96 width=4)
	  Index Cond: ((id >= 2638045) AND (id <= 2638145))

table 4 : explain SELECT id FROM sbtest4 WHERE id BETWEEN 2638045 AND 2638145
	Index Only Scan using sbtest4_pkey on sbtest4  (cost=0.43..6.25 rows=91 width=4)
	  Index Cond: ((id >= 2638045) AND (id <= 2638145))

table 5 : explain SELECT id FROM sbtest5 WHERE id BETWEEN 2638045 AND 2638145
	Index Only Scan using sbtest5_pkey on sbtest5  (cost=0.43..10.44 rows=100 width=4)
	  Index Cond: ((id >= 2638045) AND (id <= 2638145))

table 6 : explain SELECT id FROM sbtest6 WHERE id BETWEEN 2638045 AND 2638145
	Index Only Scan using sbtest6_pkey on sbtest6  (cost=0.43..6.61 rows=109 width=4)
	  Index Cond: ((id >= 2638045) AND (id <= 2638145))

table 7 : explain SELECT id FROM sbtest7 WHERE id BETWEEN 2638045 AND 2638145
	Index Only Scan using sbtest7_pkey on sbtest7  (cost=0.43..10.47 rows=102 width=4)
	  Index Cond: ((id >= 2638045) AND (id <= 2638145))

table 8 : explain SELECT id FROM sbtest8 WHERE id BETWEEN 2638045 AND 2638145
	Index Only Scan using sbtest8_pkey on sbtest8  (cost=0.43..10.36 rows=96 width=4)
	  Index Cond: ((id >= 2638045) AND (id <= 2638145))

explain: for range-covered :: explain SELECT id FROM sbtest%d WHERE id BETWEEN 2638045 AND 2638145
explain: for range-covered :: explain SELECT id FROM sbtest%d WHERE id BETWEEN 5214003 AND 5214103
for range-covered
table 1 : explain SELECT id FROM sbtest1 WHERE id BETWEEN 6387266 AND 6387366
	Index Only Scan using sbtest1_pkey on sbtest1  (cost=0.43..10.40 rows=98 width=4)
	  Index Cond: ((id >= 6387266) AND (id <= 6387366))

table 2 : explain SELECT id FROM sbtest2 WHERE id BETWEEN 6387266 AND 6387366
	Index Only Scan using sbtest2_pkey on sbtest2  (cost=0.43..6.40 rows=98 width=4)
	  Index Cond: ((id >= 6387266) AND (id <= 6387366))

table 3 : explain SELECT id FROM sbtest3 WHERE id BETWEEN 6387266 AND 6387366
	Index Only Scan using sbtest3_pkey on sbtest3  (cost=0.43..6.47 rows=102 width=4)
	  Index Cond: ((id >= 6387266) AND (id <= 6387366))

table 4 : explain SELECT id FROM sbtest4 WHERE id BETWEEN 6387266 AND 6387366
	Index Only Scan using sbtest4_pkey on sbtest4  (cost=0.43..6.37 rows=97 width=4)
	  Index Cond: ((id >= 6387266) AND (id <= 6387366))

table 5 : explain SELECT id FROM sbtest5 WHERE id BETWEEN 6387266 AND 6387366
	Index Only Scan using sbtest5_pkey on sbtest5  (cost=0.43..10.62 rows=109 width=4)
	  Index Cond: ((id >= 6387266) AND (id <= 6387366))

table 6 : explain SELECT id FROM sbtest6 WHERE id BETWEEN 6387266 AND 6387366
	Index Only Scan using sbtest6_pkey on sbtest6  (cost=0.43..6.58 rows=107 width=4)
	  Index Cond: ((id >= 6387266) AND (id <= 6387366))

table 7 : explain SELECT id FROM sbtest7 WHERE id BETWEEN 6387266 AND 6387366
	Index Only Scan using sbtest7_pkey on sbtest7  (cost=0.43..10.36 rows=96 width=4)
	  Index Cond: ((id >= 6387266) AND (id <= 6387366))

table 8 : explain SELECT id FROM sbtest8 WHERE id BETWEEN 6387266 AND 6387366
	Index Only Scan using sbtest8_pkey on sbtest8  (cost=0.43..10.54 rows=105 width=4)
	  Index Cond: ((id >= 6387266) AND (id <= 6387366))

explain: for range-covered :: explain SELECT id FROM sbtest%d WHERE id BETWEEN 6387266 AND 6387366
for range-covered
table 1 : explain SELECT id FROM sbtest1 WHERE id BETWEEN 2638045 AND 2638145
	Index Only Scan using sbtest1_pkey on sbtest1  (cost=0.43..10.60 rows=108 width=4)
	  Index Cond: ((id >= 2638045) AND (id <= 2638145))

table 2 : explain SELECT id FROM sbtest2 WHERE id BETWEEN 2638045 AND 2638145
	Index Only Scan using sbtest2_pkey on sbtest2  (cost=0.43..6.43 rows=100 width=4)
	  Index Cond: ((id >= 2638045) AND (id <= 2638145))

table 3 : explain SELECT id FROM sbtest3 WHERE id BETWEEN 2638045 AND 2638145
	Index Only Scan using sbtest3_pkey on sbtest3  (cost=0.43..6.35 rows=96 width=4)
	  Index Cond: ((id >= 2638045) AND (id <= 2638145))

table 4 : explain SELECT id FROM sbtest4 WHERE id BETWEEN 2638045 AND 2638145
	Index Only Scan using sbtest4_pkey on sbtest4  (cost=0.43..6.25 rows=91 width=4)
	  Index Cond: ((id >= 2638045) AND (id <= 2638145))

table 5 : explain SELECT id FROM sbtest5 WHERE id BETWEEN 2638045 AND 2638145
	Index Only Scan using sbtest5_pkey on sbtest5  (cost=0.43..10.44 rows=100 width=4)
	  Index Cond: ((id >= 2638045) AND (id <= 2638145))

table 6 : explain SELECT id FROM sbtest6 WHERE id BETWEEN 2638045 AND 2638145
	Index Only Scan using sbtest6_pkey on sbtest6  (cost=0.43..6.61 rows=109 width=4)
	  Index Cond: ((id >= 2638045) AND (id <= 2638145))

table 7 : explain SELECT id FROM sbtest7 WHERE id BETWEEN 2638045 AND 2638145
	Index Only Scan using sbtest7_pkey on sbtest7  (cost=0.43..10.47 rows=102 width=4)
	  Index Cond: ((id >= 2638045) AND (id <= 2638145))

table 8 : explain SELECT id FROM sbtest8 WHERE id BETWEEN 2638045 AND 2638145
	Index Only Scan using sbtest8_pkey on sbtest8  (cost=0.43..10.36 rows=96 width=4)
	  Index Cond: ((id >= 2638045) AND (id <= 2638145))

for range-covered
table 1 : explain SELECT id FROM sbtest1 WHERE id BETWEEN 5198457 AND 5198557
	Index Only Scan using sbtest1_pkey on sbtest1  (cost=0.43..10.63 rows=110 width=4)
	  Index Cond: ((id >= 5198457) AND (id <= 5198557))

table 2 : explain SELECT id FROM sbtest2 WHERE id BETWEEN 5198457 AND 5198557
	Index Only Scan using sbtest2_pkey on sbtest2  (cost=0.43..6.33 rows=95 width=4)
	  Index Cond: ((id >= 5198457) AND (id <= 5198557))

table 3 : explain SELECT id FROM sbtest3 WHERE id BETWEEN 5198457 AND 5198557
	Index Only Scan using sbtest3_pkey on sbtest3  (cost=0.43..6.51 rows=104 width=4)
	  Index Cond: ((id >= 5198457) AND (id <= 5198557))

table 4 : explain SELECT id FROM sbtest4 WHERE id BETWEEN 5198457 AND 5198557
	Index Only Scan using sbtest4_pkey on sbtest4  (cost=0.43..6.43 rows=100 width=4)
	  Index Cond: ((id >= 5198457) AND (id <= 5198557))

table 5 : explain SELECT id FROM sbtest5 WHERE id BETWEEN 5198457 AND 5198557
	Index Only Scan using sbtest5_pkey on sbtest5  (cost=0.43..10.33 rows=95 width=4)
	  Index Cond: ((id >= 5198457) AND (id <= 5198557))

table 6 : explain SELECT id FROM sbtest6 WHERE id BETWEEN 5198457 AND 5198557
	Index Only Scan using sbtest6_pkey on sbtest6  (cost=0.43..6.27 rows=92 width=4)
	  Index Cond: ((id >= 5198457) AND (id <= 5198557))

table 7 : explain SELECT id FROM sbtest7 WHERE id BETWEEN 5198457 AND 5198557
	Index Only Scan using sbtest7_pkey on sbtest7  (cost=0.43..10.50 rows=103 width=4)
	  Index Cond: ((id >= 5198457) AND (id <= 5198557))

table 8 : explain SELECT id FROM sbtest8 WHERE id BETWEEN 5198457 AND 5198557
	Index Only Scan using sbtest8_pkey on sbtest8  (cost=0.43..10.29 rows=93 width=4)
	  Index Cond: ((id >= 5198457) AND (id <= 5198557))

explain: for range-covered :: explain SELECT id FROM sbtest%d WHERE id BETWEEN 2638045 AND 2638145
for range-covered
table 1 : explain SELECT id FROM sbtest1 WHERE id BETWEEN 6387266 AND 6387366
	Index Only Scan using sbtest1_pkey on sbtest1  (cost=0.43..10.40 rows=98 width=4)
	  Index Cond: ((id >= 6387266) AND (id <= 6387366))

table 2 : explain SELECT id FROM sbtest2 WHERE id BETWEEN 6387266 AND 6387366
	Index Only Scan using sbtest2_pkey on sbtest2  (cost=0.43..6.40 rows=98 width=4)
	  Index Cond: ((id >= 6387266) AND (id <= 6387366))

table 3 : explain SELECT id FROM sbtest3 WHERE id BETWEEN 6387266 AND 6387366
	Index Only Scan using sbtest3_pkey on sbtest3  (cost=0.43..6.47 rows=102 width=4)
	  Index Cond: ((id >= 6387266) AND (id <= 6387366))

table 4 : explain SELECT id FROM sbtest4 WHERE id BETWEEN 6387266 AND 6387366
	Index Only Scan using sbtest4_pkey on sbtest4  (cost=0.43..6.37 rows=97 width=4)
	  Index Cond: ((id >= 6387266) AND (id <= 6387366))

table 5 : explain SELECT id FROM sbtest5 WHERE id BETWEEN 6387266 AND 6387366
	Index Only Scan using sbtest5_pkey on sbtest5  (cost=0.43..10.62 rows=109 width=4)
	  Index Cond: ((id >= 6387266) AND (id <= 6387366))

table 6 : explain SELECT id FROM sbtest6 WHERE id BETWEEN 6387266 AND 6387366
	Index Only Scan using sbtest6_pkey on sbtest6  (cost=0.43..6.58 rows=107 width=4)
	  Index Cond: ((id >= 6387266) AND (id <= 6387366))

table 7 : explain SELECT id FROM sbtest7 WHERE id BETWEEN 6387266 AND 6387366
	Index Only Scan using sbtest7_pkey on sbtest7  (cost=0.43..10.36 rows=96 width=4)
	  Index Cond: ((id >= 6387266) AND (id <= 6387366))

table 8 : explain SELECT id FROM sbtest8 WHERE id BETWEEN 6387266 AND 6387366
	Index Only Scan using sbtest8_pkey on sbtest8  (cost=0.43..10.54 rows=105 width=4)
	  Index Cond: ((id >= 6387266) AND (id <= 6387366))

for range-covered
table 1 : explain SELECT id FROM sbtest1 WHERE id BETWEEN 2638045 AND 2638145
	Index Only Scan using sbtest1_pkey on sbtest1  (cost=0.43..10.60 rows=108 width=4)
	  Index Cond: ((id >= 2638045) AND (id <= 2638145))

table 2 : explain SELECT id FROM sbtest2 WHERE id BETWEEN 2638045 AND 2638145
	Index Only Scan using sbtest2_pkey on sbtest2  (cost=0.43..6.43 rows=100 width=4)
	  Index Cond: ((id >= 2638045) AND (id <= 2638145))

table 3 : explain SELECT id FROM sbtest3 WHERE id BETWEEN 2638045 AND 2638145
	Index Only Scan using sbtest3_pkey on sbtest3  (cost=0.43..6.35 rows=96 width=4)
	  Index Cond: ((id >= 2638045) AND (id <= 2638145))

table 4 : explain SELECT id FROM sbtest4 WHERE id BETWEEN 2638045 AND 2638145
	Index Only Scan using sbtest4_pkey on sbtest4  (cost=0.43..6.25 rows=91 width=4)
	  Index Cond: ((id >= 2638045) AND (id <= 2638145))

table 5 : explain SELECT id FROM sbtest5 WHERE id BETWEEN 2638045 AND 2638145
	Index Only Scan using sbtest5_pkey on sbtest5  (cost=0.43..10.44 rows=100 width=4)
	  Index Cond: ((id >= 2638045) AND (id <= 2638145))

table 6 : explain SELECT id FROM sbtest6 WHERE id BETWEEN 2638045 AND 2638145
	Index Only Scan using sbtest6_pkey on sbtest6  (cost=0.43..6.61 rows=109 width=4)
	  Index Cond: ((id >= 2638045) AND (id <= 2638145))

table 7 : explain SELECT id FROM sbtest7 WHERE id BETWEEN 2638045 AND 2638145
	Index Only Scan using sbtest7_pkey on sbtest7  (cost=0.43..10.47 rows=102 width=4)
	  Index Cond: ((id >= 2638045) AND (id <= 2638145))

table 8 : explain SELECT id FROM sbtest8 WHERE id BETWEEN 2638045 AND 2638145
	Index Only Scan using sbtest8_pkey on sbtest8  (cost=0.43..10.36 rows=96 width=4)
	  Index Cond: ((id >= 2638045) AND (id <= 2638145))

explain: for range-covered :: explain SELECT id FROM sbtest%d WHERE id BETWEEN 6387266 AND 6387366
explain: for range-covered :: explain SELECT id FROM sbtest%d WHERE id BETWEEN 2638045 AND 2638145
explain: for range-covered :: explain SELECT id FROM sbtest%d WHERE id BETWEEN 4982512 AND 4982612
for range-covered
table 1 : explain SELECT id FROM sbtest1 WHERE id BETWEEN 5214003 AND 5214103
	Index Only Scan using sbtest1_pkey on sbtest1  (cost=0.43..10.63 rows=110 width=4)
	  Index Cond: ((id >= 5214003) AND (id <= 5214103))

table 2 : explain SELECT id FROM sbtest2 WHERE id BETWEEN 5214003 AND 5214103
	Index Only Scan using sbtest2_pkey on sbtest2  (cost=0.43..6.33 rows=95 width=4)
	  Index Cond: ((id >= 5214003) AND (id <= 5214103))

table 3 : explain SELECT id FROM sbtest3 WHERE id BETWEEN 5214003 AND 5214103
	Index Only Scan using sbtest3_pkey on sbtest3  (cost=0.43..6.51 rows=104 width=4)
	  Index Cond: ((id >= 5214003) AND (id <= 5214103))

table 4 : explain SELECT id FROM sbtest4 WHERE id BETWEEN 5214003 AND 5214103
	Index Only Scan using sbtest4_pkey on sbtest4  (cost=0.43..6.43 rows=100 width=4)
	  Index Cond: ((id >= 5214003) AND (id <= 5214103))

table 5 : explain SELECT id FROM sbtest5 WHERE id BETWEEN 5214003 AND 5214103
	Index Only Scan using sbtest5_pkey on sbtest5  (cost=0.43..10.33 rows=95 width=4)
	  Index Cond: ((id >= 5214003) AND (id <= 5214103))

table 6 : explain SELECT id FROM sbtest6 WHERE id BETWEEN 5214003 AND 5214103
	Index Only Scan using sbtest6_pkey on sbtest6  (cost=0.43..6.58 rows=107 width=4)
	  Index Cond: ((id >= 5214003) AND (id <= 5214103))

table 7 : explain SELECT id FROM sbtest7 WHERE id BETWEEN 5214003 AND 5214103
	Index Only Scan using sbtest7_pkey on sbtest7  (cost=0.43..10.50 rows=103 width=4)
	  Index Cond: ((id >= 5214003) AND (id <= 5214103))

table 8 : explain SELECT id FROM sbtest8 WHERE id BETWEEN 5214003 AND 5214103
	Index Only Scan using sbtest8_pkey on sbtest8  (cost=0.43..10.29 rows=93 width=4)
	  Index Cond: ((id >= 5214003) AND (id <= 5214103))

explain: for range-covered :: explain SELECT id FROM sbtest%d WHERE id BETWEEN 5214003 AND 5214103
for range-covered
table 1 : explain SELECT id FROM sbtest1 WHERE id BETWEEN 5214003 AND 5214103
	Index Only Scan using sbtest1_pkey on sbtest1  (cost=0.43..10.63 rows=110 width=4)
	  Index Cond: ((id >= 5214003) AND (id <= 5214103))

table 2 : explain SELECT id FROM sbtest2 WHERE id BETWEEN 5214003 AND 5214103
	Index Only Scan using sbtest2_pkey on sbtest2  (cost=0.43..6.33 rows=95 width=4)
	  Index Cond: ((id >= 5214003) AND (id <= 5214103))

table 3 : explain SELECT id FROM sbtest3 WHERE id BETWEEN 5214003 AND 5214103
	Index Only Scan using sbtest3_pkey on sbtest3  (cost=0.43..6.51 rows=104 width=4)
	  Index Cond: ((id >= 5214003) AND (id <= 5214103))

table 4 : explain SELECT id FROM sbtest4 WHERE id BETWEEN 5214003 AND 5214103
	Index Only Scan using sbtest4_pkey on sbtest4  (cost=0.43..6.43 rows=100 width=4)
	  Index Cond: ((id >= 5214003) AND (id <= 5214103))

table 5 : explain SELECT id FROM sbtest5 WHERE id BETWEEN 5214003 AND 5214103
	Index Only Scan using sbtest5_pkey on sbtest5  (cost=0.43..10.33 rows=95 width=4)
	  Index Cond: ((id >= 5214003) AND (id <= 5214103))

table 6 : explain SELECT id FROM sbtest6 WHERE id BETWEEN 5214003 AND 5214103
	Index Only Scan using sbtest6_pkey on sbtest6  (cost=0.43..6.58 rows=107 width=4)
	  Index Cond: ((id >= 5214003) AND (id <= 5214103))

table 7 : explain SELECT id FROM sbtest7 WHERE id BETWEEN 5214003 AND 5214103
	Index Only Scan using sbtest7_pkey on sbtest7  (cost=0.43..10.50 rows=103 width=4)
	  Index Cond: ((id >= 5214003) AND (id <= 5214103))

table 8 : explain SELECT id FROM sbtest8 WHERE id BETWEEN 5214003 AND 5214103
	Index Only Scan using sbtest8_pkey on sbtest8  (cost=0.43..10.29 rows=93 width=4)
	  Index Cond: ((id >= 5214003) AND (id <= 5214103))

explain: for range-covered :: explain SELECT id FROM sbtest%d WHERE id BETWEEN 5214003 AND 5214103
explain: for range-covered :: explain SELECT id FROM sbtest%d WHERE id BETWEEN 2263076 AND 2263176
for range-covered
table 1 : explain SELECT id FROM sbtest1 WHERE id BETWEEN 5214003 AND 5214103
	Index Only Scan using sbtest1_pkey on sbtest1  (cost=0.43..10.63 rows=110 width=4)
	  Index Cond: ((id >= 5214003) AND (id <= 5214103))

table 2 : explain SELECT id FROM sbtest2 WHERE id BETWEEN 5214003 AND 5214103
	Index Only Scan using sbtest2_pkey on sbtest2  (cost=0.43..6.33 rows=95 width=4)
	  Index Cond: ((id >= 5214003) AND (id <= 5214103))

table 3 : explain SELECT id FROM sbtest3 WHERE id BETWEEN 5214003 AND 5214103
	Index Only Scan using sbtest3_pkey on sbtest3  (cost=0.43..6.51 rows=104 width=4)
	  Index Cond: ((id >= 5214003) AND (id <= 5214103))

table 4 : explain SELECT id FROM sbtest4 WHERE id BETWEEN 5214003 AND 5214103
	Index Only Scan using sbtest4_pkey on sbtest4  (cost=0.43..6.43 rows=100 width=4)
	  Index Cond: ((id >= 5214003) AND (id <= 5214103))

table 5 : explain SELECT id FROM sbtest5 WHERE id BETWEEN 5214003 AND 5214103
	Index Only Scan using sbtest5_pkey on sbtest5  (cost=0.43..10.33 rows=95 width=4)
	  Index Cond: ((id >= 5214003) AND (id <= 5214103))

table 6 : explain SELECT id FROM sbtest6 WHERE id BETWEEN 5214003 AND 5214103
	Index Only Scan using sbtest6_pkey on sbtest6  (cost=0.43..6.58 rows=107 width=4)
	  Index Cond: ((id >= 5214003) AND (id <= 5214103))

table 7 : explain SELECT id FROM sbtest7 WHERE id BETWEEN 5214003 AND 5214103
	Index Only Scan using sbtest7_pkey on sbtest7  (cost=0.43..10.50 rows=103 width=4)
	  Index Cond: ((id >= 5214003) AND (id <= 5214103))

table 8 : explain SELECT id FROM sbtest8 WHERE id BETWEEN 5214003 AND 5214103
	Index Only Scan using sbtest8_pkey on sbtest8  (cost=0.43..10.29 rows=93 width=4)
	  Index Cond: ((id >= 5214003) AND (id <= 5214103))

explain: for range-covered :: explain SELECT id FROM sbtest%d WHERE id BETWEEN 5214003 AND 5214103
explain: for range-covered :: explain SELECT id FROM sbtest%d WHERE id BETWEEN 5326794 AND 5326894
for range-covered
table 1 : explain SELECT id FROM sbtest1 WHERE id BETWEEN 1741452 AND 1741552
	Index Only Scan using sbtest1_pkey on sbtest1  (cost=0.43..10.38 rows=97 width=4)
	  Index Cond: ((id >= 1741452) AND (id <= 1741552))

table 2 : explain SELECT id FROM sbtest2 WHERE id BETWEEN 1741452 AND 1741552
	Index Only Scan using sbtest2_pkey on sbtest2  (cost=0.43..6.33 rows=95 width=4)
	  Index Cond: ((id >= 1741452) AND (id <= 1741552))

table 3 : explain SELECT id FROM sbtest3 WHERE id BETWEEN 1741452 AND 1741552
	Index Only Scan using sbtest3_pkey on sbtest3  (cost=0.43..6.66 rows=111 width=4)
	  Index Cond: ((id >= 1741452) AND (id <= 1741552))

table 4 : explain SELECT id FROM sbtest4 WHERE id BETWEEN 1741452 AND 1741552
	Index Only Scan using sbtest4_pkey on sbtest4  (cost=0.43..6.77 rows=117 width=4)
	  Index Cond: ((id >= 1741452) AND (id <= 1741552))

table 5 : explain SELECT id FROM sbtest5 WHERE id BETWEEN 1741452 AND 1741552
	Index Only Scan using sbtest5_pkey on sbtest5  (cost=0.43..10.46 rows=101 width=4)
	  Index Cond: ((id >= 1741452) AND (id <= 1741552))

table 6 : explain SELECT id FROM sbtest6 WHERE id BETWEEN 1741452 AND 1741552
	Index Only Scan using sbtest6_pkey on sbtest6  (cost=0.43..6.42 rows=99 width=4)
	  Index Cond: ((id >= 1741452) AND (id <= 1741552))

table 7 : explain SELECT id FROM sbtest7 WHERE id BETWEEN 1741452 AND 1741552
	Index Only Scan using sbtest7_pkey on sbtest7  (cost=0.43..10.26 rows=91 width=4)
	  Index Cond: ((id >= 1741452) AND (id <= 1741552))

table 8 : explain SELECT id FROM sbtest8 WHERE id BETWEEN 1741452 AND 1741552
	Index Only Scan using sbtest8_pkey on sbtest8  (cost=0.43..10.58 rows=107 width=4)
	  Index Cond: ((id >= 1741452) AND (id <= 1741552))

explain: for range-covered :: explain SELECT id FROM sbtest%d WHERE id BETWEEN 4779635 AND 4779735
explain: for range-covered :: explain SELECT id FROM sbtest%d WHERE id BETWEEN 1741452 AND 1741552
explain: for range-covered :: explain SELECT id FROM sbtest%d WHERE id BETWEEN 7088927 AND 7089027
for range-covered
table 1 : explain SELECT id FROM sbtest1 WHERE id BETWEEN 5214003 AND 5214103
	Index Only Scan using sbtest1_pkey on sbtest1  (cost=0.43..10.63 rows=110 width=4)
	  Index Cond: ((id >= 5214003) AND (id <= 5214103))

table 2 : explain SELECT id FROM sbtest2 WHERE id BETWEEN 5214003 AND 5214103
	Index Only Scan using sbtest2_pkey on sbtest2  (cost=0.43..6.33 rows=95 width=4)
	  Index Cond: ((id >= 5214003) AND (id <= 5214103))

table 3 : explain SELECT id FROM sbtest3 WHERE id BETWEEN 5214003 AND 5214103
	Index Only Scan using sbtest3_pkey on sbtest3  (cost=0.43..6.51 rows=104 width=4)
	  Index Cond: ((id >= 5214003) AND (id <= 5214103))

table 4 : explain SELECT id FROM sbtest4 WHERE id BETWEEN 5214003 AND 5214103
	Index Only Scan using sbtest4_pkey on sbtest4  (cost=0.43..6.43 rows=100 width=4)
	  Index Cond: ((id >= 5214003) AND (id <= 5214103))

table 5 : explain SELECT id FROM sbtest5 WHERE id BETWEEN 5214003 AND 5214103
	Index Only Scan using sbtest5_pkey on sbtest5  (cost=0.43..10.33 rows=95 width=4)
	  Index Cond: ((id >= 5214003) AND (id <= 5214103))

table 6 : explain SELECT id FROM sbtest6 WHERE id BETWEEN 5214003 AND 5214103
	Index Only Scan using sbtest6_pkey on sbtest6  (cost=0.43..6.58 rows=107 width=4)
	  Index Cond: ((id >= 5214003) AND (id <= 5214103))

table 7 : explain SELECT id FROM sbtest7 WHERE id BETWEEN 5214003 AND 5214103
	Index Only Scan using sbtest7_pkey on sbtest7  (cost=0.43..10.50 rows=103 width=4)
	  Index Cond: ((id >= 5214003) AND (id <= 5214103))

table 8 : explain SELECT id FROM sbtest8 WHERE id BETWEEN 5214003 AND 5214103
	Index Only Scan using sbtest8_pkey on sbtest8  (cost=0.43..10.29 rows=93 width=4)
	  Index Cond: ((id >= 5214003) AND (id <= 5214103))

for range-covered
table 1 : explain SELECT id FROM sbtest1 WHERE id BETWEEN 6387266 AND 6387366
	Index Only Scan using sbtest1_pkey on sbtest1  (cost=0.43..10.40 rows=98 width=4)
	  Index Cond: ((id >= 6387266) AND (id <= 6387366))

table 2 : explain SELECT id FROM sbtest2 WHERE id BETWEEN 6387266 AND 6387366
	Index Only Scan using sbtest2_pkey on sbtest2  (cost=0.43..6.40 rows=98 width=4)
	  Index Cond: ((id >= 6387266) AND (id <= 6387366))

table 3 : explain SELECT id FROM sbtest3 WHERE id BETWEEN 6387266 AND 6387366
	Index Only Scan using sbtest3_pkey on sbtest3  (cost=0.43..6.47 rows=102 width=4)
	  Index Cond: ((id >= 6387266) AND (id <= 6387366))

table 4 : explain SELECT id FROM sbtest4 WHERE id BETWEEN 6387266 AND 6387366
	Index Only Scan using sbtest4_pkey on sbtest4  (cost=0.43..6.37 rows=97 width=4)
	  Index Cond: ((id >= 6387266) AND (id <= 6387366))

table 5 : explain SELECT id FROM sbtest5 WHERE id BETWEEN 6387266 AND 6387366
	Index Only Scan using sbtest5_pkey on sbtest5  (cost=0.43..10.62 rows=109 width=4)
	  Index Cond: ((id >= 6387266) AND (id <= 6387366))

table 6 : explain SELECT id FROM sbtest6 WHERE id BETWEEN 6387266 AND 6387366
	Index Only Scan using sbtest6_pkey on sbtest6  (cost=0.43..6.58 rows=107 width=4)
	  Index Cond: ((id >= 6387266) AND (id <= 6387366))

table 7 : explain SELECT id FROM sbtest7 WHERE id BETWEEN 6387266 AND 6387366
	Index Only Scan using sbtest7_pkey on sbtest7  (cost=0.43..10.36 rows=96 width=4)
	  Index Cond: ((id >= 6387266) AND (id <= 6387366))

table 8 : explain SELECT id FROM sbtest8 WHERE id BETWEEN 6387266 AND 6387366
	Index Only Scan using sbtest8_pkey on sbtest8  (cost=0.43..10.54 rows=105 width=4)
	  Index Cond: ((id >= 6387266) AND (id <= 6387366))

explain: for range-covered :: explain SELECT id FROM sbtest%d WHERE id BETWEEN 5214003 AND 5214103
for range-covered
table 1 : explain SELECT id FROM sbtest1 WHERE id BETWEEN 480732 AND 480832
	Index Only Scan using sbtest1_pkey on sbtest1  (cost=0.43..10.38 rows=97 width=4)
	  Index Cond: ((id >= 480732) AND (id <= 480832))

table 2 : explain SELECT id FROM sbtest2 WHERE id BETWEEN 480732 AND 480832
	Index Only Scan using sbtest2_pkey on sbtest2  (cost=0.43..6.40 rows=98 width=4)
	  Index Cond: ((id >= 480732) AND (id <= 480832))

table 3 : explain SELECT id FROM sbtest3 WHERE id BETWEEN 480732 AND 480832
	Index Only Scan using sbtest3_pkey on sbtest3  (cost=0.43..6.37 rows=97 width=4)
	  Index Cond: ((id >= 480732) AND (id <= 480832))

table 4 : explain SELECT id FROM sbtest4 WHERE id BETWEEN 480732 AND 480832
	Index Only Scan using sbtest4_pkey on sbtest4  (cost=0.43..6.35 rows=96 width=4)
	  Index Cond: ((id >= 480732) AND (id <= 480832))

table 5 : explain SELECT id FROM sbtest5 WHERE id BETWEEN 480732 AND 480832
	Index Only Scan using sbtest5_pkey on sbtest5  (cost=0.43..10.38 rows=97 width=4)
	  Index Cond: ((id >= 480732) AND (id <= 480832))

table 6 : explain SELECT id FROM sbtest6 WHERE id BETWEEN 480732 AND 480832
	Index Only Scan using sbtest6_pkey on sbtest6  (cost=0.43..6.42 rows=99 width=4)
	  Index Cond: ((id >= 480732) AND (id <= 480832))

table 7 : explain SELECT id FROM sbtest7 WHERE id BETWEEN 480732 AND 480832
	Index Only Scan using sbtest7_pkey on sbtest7  (cost=0.43..10.51 rows=104 width=4)
	  Index Cond: ((id >= 480732) AND (id <= 480832))

table 8 : explain SELECT id FROM sbtest8 WHERE id BETWEEN 480732 AND 480832
	Index Only Scan using sbtest8_pkey on sbtest8  (cost=0.43..10.33 rows=95 width=4)
	  Index Cond: ((id >= 480732) AND (id <= 480832))

explain: for range-covered :: explain SELECT id FROM sbtest%d WHERE id BETWEEN 480732 AND 480832
for range-covered
table 1 : explain SELECT id FROM sbtest1 WHERE id BETWEEN 1741452 AND 1741552
	Index Only Scan using sbtest1_pkey on sbtest1  (cost=0.43..10.38 rows=97 width=4)
	  Index Cond: ((id >= 1741452) AND (id <= 1741552))

table 2 : explain SELECT id FROM sbtest2 WHERE id BETWEEN 1741452 AND 1741552
	Index Only Scan using sbtest2_pkey on sbtest2  (cost=0.43..6.33 rows=95 width=4)
	  Index Cond: ((id >= 1741452) AND (id <= 1741552))

table 3 : explain SELECT id FROM sbtest3 WHERE id BETWEEN 1741452 AND 1741552
	Index Only Scan using sbtest3_pkey on sbtest3  (cost=0.43..6.66 rows=111 width=4)
	  Index Cond: ((id >= 1741452) AND (id <= 1741552))

table 4 : explain SELECT id FROM sbtest4 WHERE id BETWEEN 1741452 AND 1741552
	Index Only Scan using sbtest4_pkey on sbtest4  (cost=0.43..6.77 rows=117 width=4)
	  Index Cond: ((id >= 1741452) AND (id <= 1741552))

table 5 : explain SELECT id FROM sbtest5 WHERE id BETWEEN 1741452 AND 1741552
	Index Only Scan using sbtest5_pkey on sbtest5  (cost=0.43..10.46 rows=101 width=4)
	  Index Cond: ((id >= 1741452) AND (id <= 1741552))

table 6 : explain SELECT id FROM sbtest6 WHERE id BETWEEN 1741452 AND 1741552
	Index Only Scan using sbtest6_pkey on sbtest6  (cost=0.43..6.42 rows=99 width=4)
	  Index Cond: ((id >= 1741452) AND (id <= 1741552))

table 7 : explain SELECT id FROM sbtest7 WHERE id BETWEEN 1741452 AND 1741552
	Index Only Scan using sbtest7_pkey on sbtest7  (cost=0.43..10.26 rows=91 width=4)
	  Index Cond: ((id >= 1741452) AND (id <= 1741552))

table 8 : explain SELECT id FROM sbtest8 WHERE id BETWEEN 1741452 AND 1741552
	Index Only Scan using sbtest8_pkey on sbtest8  (cost=0.43..10.58 rows=107 width=4)
	  Index Cond: ((id >= 1741452) AND (id <= 1741552))

explain: for range-covered :: explain SELECT id FROM sbtest%d WHERE id BETWEEN 1741452 AND 1741552
for range-covered
table 1 : explain SELECT id FROM sbtest1 WHERE id BETWEEN 5214003 AND 5214103
	Index Only Scan using sbtest1_pkey on sbtest1  (cost=0.43..10.63 rows=110 width=4)
	  Index Cond: ((id >= 5214003) AND (id <= 5214103))

table 2 : explain SELECT id FROM sbtest2 WHERE id BETWEEN 5214003 AND 5214103
	Index Only Scan using sbtest2_pkey on sbtest2  (cost=0.43..6.33 rows=95 width=4)
	  Index Cond: ((id >= 5214003) AND (id <= 5214103))

table 3 : explain SELECT id FROM sbtest3 WHERE id BETWEEN 5214003 AND 5214103
	Index Only Scan using sbtest3_pkey on sbtest3  (cost=0.43..6.51 rows=104 width=4)
	  Index Cond: ((id >= 5214003) AND (id <= 5214103))

table 4 : explain SELECT id FROM sbtest4 WHERE id BETWEEN 5214003 AND 5214103
	Index Only Scan using sbtest4_pkey on sbtest4  (cost=0.43..6.43 rows=100 width=4)
	  Index Cond: ((id >= 5214003) AND (id <= 5214103))

table 5 : explain SELECT id FROM sbtest5 WHERE id BETWEEN 5214003 AND 5214103
	Index Only Scan using sbtest5_pkey on sbtest5  (cost=0.43..10.33 rows=95 width=4)
	  Index Cond: ((id >= 5214003) AND (id <= 5214103))

table 6 : explain SELECT id FROM sbtest6 WHERE id BETWEEN 5214003 AND 5214103
	Index Only Scan using sbtest6_pkey on sbtest6  (cost=0.43..6.58 rows=107 width=4)
	  Index Cond: ((id >= 5214003) AND (id <= 5214103))

table 7 : explain SELECT id FROM sbtest7 WHERE id BETWEEN 5214003 AND 5214103
	Index Only Scan using sbtest7_pkey on sbtest7  (cost=0.43..10.50 rows=103 width=4)
	  Index Cond: ((id >= 5214003) AND (id <= 5214103))

table 8 : explain SELECT id FROM sbtest8 WHERE id BETWEEN 5214003 AND 5214103
	Index Only Scan using sbtest8_pkey on sbtest8  (cost=0.43..10.29 rows=93 width=4)
	  Index Cond: ((id >= 5214003) AND (id <= 5214103))

explain: for range-covered :: explain SELECT id FROM sbtest%d WHERE id BETWEEN 5214003 AND 5214103
for range-covered
table 1 : explain SELECT id FROM sbtest1 WHERE id BETWEEN 1741452 AND 1741552
	Index Only Scan using sbtest1_pkey on sbtest1  (cost=0.43..10.38 rows=97 width=4)
	  Index Cond: ((id >= 1741452) AND (id <= 1741552))

table 2 : explain SELECT id FROM sbtest2 WHERE id BETWEEN 1741452 AND 1741552
	Index Only Scan using sbtest2_pkey on sbtest2  (cost=0.43..6.33 rows=95 width=4)
	  Index Cond: ((id >= 1741452) AND (id <= 1741552))

table 3 : explain SELECT id FROM sbtest3 WHERE id BETWEEN 1741452 AND 1741552
	Index Only Scan using sbtest3_pkey on sbtest3  (cost=0.43..6.66 rows=111 width=4)
	  Index Cond: ((id >= 1741452) AND (id <= 1741552))

table 4 : explain SELECT id FROM sbtest4 WHERE id BETWEEN 1741452 AND 1741552
	Index Only Scan using sbtest4_pkey on sbtest4  (cost=0.43..6.77 rows=117 width=4)
	  Index Cond: ((id >= 1741452) AND (id <= 1741552))

table 5 : explain SELECT id FROM sbtest5 WHERE id BETWEEN 1741452 AND 1741552
	Index Only Scan using sbtest5_pkey on sbtest5  (cost=0.43..10.46 rows=101 width=4)
	  Index Cond: ((id >= 1741452) AND (id <= 1741552))

table 6 : explain SELECT id FROM sbtest6 WHERE id BETWEEN 1741452 AND 1741552
	Index Only Scan using sbtest6_pkey on sbtest6  (cost=0.43..6.42 rows=99 width=4)
	  Index Cond: ((id >= 1741452) AND (id <= 1741552))

table 7 : explain SELECT id FROM sbtest7 WHERE id BETWEEN 1741452 AND 1741552
	Index Only Scan using sbtest7_pkey on sbtest7  (cost=0.43..10.26 rows=91 width=4)
	  Index Cond: ((id >= 1741452) AND (id <= 1741552))

table 8 : explain SELECT id FROM sbtest8 WHERE id BETWEEN 1741452 AND 1741552
	Index Only Scan using sbtest8_pkey on sbtest8  (cost=0.43..10.58 rows=107 width=4)
	  Index Cond: ((id >= 1741452) AND (id <= 1741552))

explain: for range-covered :: explain SELECT id FROM sbtest%d WHERE id BETWEEN 1741452 AND 1741552
for range-covered
table 1 : explain SELECT id FROM sbtest1 WHERE id BETWEEN 5214003 AND 5214103
	Index Only Scan using sbtest1_pkey on sbtest1  (cost=0.43..10.63 rows=110 width=4)
	  Index Cond: ((id >= 5214003) AND (id <= 5214103))

table 2 : explain SELECT id FROM sbtest2 WHERE id BETWEEN 5214003 AND 5214103
	Index Only Scan using sbtest2_pkey on sbtest2  (cost=0.43..6.33 rows=95 width=4)
	  Index Cond: ((id >= 5214003) AND (id <= 5214103))

table 3 : explain SELECT id FROM sbtest3 WHERE id BETWEEN 5214003 AND 5214103
	Index Only Scan using sbtest3_pkey on sbtest3  (cost=0.43..6.51 rows=104 width=4)
	  Index Cond: ((id >= 5214003) AND (id <= 5214103))

table 4 : explain SELECT id FROM sbtest4 WHERE id BETWEEN 5214003 AND 5214103
	Index Only Scan using sbtest4_pkey on sbtest4  (cost=0.43..6.43 rows=100 width=4)
	  Index Cond: ((id >= 5214003) AND (id <= 5214103))

table 5 : explain SELECT id FROM sbtest5 WHERE id BETWEEN 5214003 AND 5214103
	Index Only Scan using sbtest5_pkey on sbtest5  (cost=0.43..10.33 rows=95 width=4)
	  Index Cond: ((id >= 5214003) AND (id <= 5214103))

table 6 : explain SELECT id FROM sbtest6 WHERE id BETWEEN 5214003 AND 5214103
	Index Only Scan using sbtest6_pkey on sbtest6  (cost=0.43..6.58 rows=107 width=4)
	  Index Cond: ((id >= 5214003) AND (id <= 5214103))

table 7 : explain SELECT id FROM sbtest7 WHERE id BETWEEN 5214003 AND 5214103
	Index Only Scan using sbtest7_pkey on sbtest7  (cost=0.43..10.50 rows=103 width=4)
	  Index Cond: ((id >= 5214003) AND (id <= 5214103))

table 8 : explain SELECT id FROM sbtest8 WHERE id BETWEEN 5214003 AND 5214103
	Index Only Scan using sbtest8_pkey on sbtest8  (cost=0.43..10.29 rows=93 width=4)
	  Index Cond: ((id >= 5214003) AND (id <= 5214103))

explain: for range-covered :: explain SELECT id FROM sbtest%d WHERE id BETWEEN 5214003 AND 5214103
for range-covered
table 1 : explain SELECT id FROM sbtest1 WHERE id BETWEEN 480732 AND 480832
	Index Only Scan using sbtest1_pkey on sbtest1  (cost=0.43..10.38 rows=97 width=4)
	  Index Cond: ((id >= 480732) AND (id <= 480832))

table 2 : explain SELECT id FROM sbtest2 WHERE id BETWEEN 480732 AND 480832
	Index Only Scan using sbtest2_pkey on sbtest2  (cost=0.43..6.40 rows=98 width=4)
	  Index Cond: ((id >= 480732) AND (id <= 480832))

table 3 : explain SELECT id FROM sbtest3 WHERE id BETWEEN 480732 AND 480832
	Index Only Scan using sbtest3_pkey on sbtest3  (cost=0.43..6.37 rows=97 width=4)
	  Index Cond: ((id >= 480732) AND (id <= 480832))

table 4 : explain SELECT id FROM sbtest4 WHERE id BETWEEN 480732 AND 480832
	Index Only Scan using sbtest4_pkey on sbtest4  (cost=0.43..6.35 rows=96 width=4)
	  Index Cond: ((id >= 480732) AND (id <= 480832))

table 5 : explain SELECT id FROM sbtest5 WHERE id BETWEEN 480732 AND 480832
	Index Only Scan using sbtest5_pkey on sbtest5  (cost=0.43..10.38 rows=97 width=4)
	  Index Cond: ((id >= 480732) AND (id <= 480832))

table 6 : explain SELECT id FROM sbtest6 WHERE id BETWEEN 480732 AND 480832
	Index Only Scan using sbtest6_pkey on sbtest6  (cost=0.43..6.42 rows=99 width=4)
	  Index Cond: ((id >= 480732) AND (id <= 480832))

table 7 : explain SELECT id FROM sbtest7 WHERE id BETWEEN 480732 AND 480832
	Index Only Scan using sbtest7_pkey on sbtest7  (cost=0.43..10.51 rows=104 width=4)
	  Index Cond: ((id >= 480732) AND (id <= 480832))

table 8 : explain SELECT id FROM sbtest8 WHERE id BETWEEN 480732 AND 480832
	Index Only Scan using sbtest8_pkey on sbtest8  (cost=0.43..10.33 rows=95 width=4)
	  Index Cond: ((id >= 480732) AND (id <= 480832))

explain: for range-covered :: explain SELECT id FROM sbtest%d WHERE id BETWEEN 480732 AND 480832
explain: for range-covered :: explain SELECT id FROM sbtest%d WHERE id BETWEEN 2616837 AND 2616937
for range-covered
table 1 : explain SELECT id FROM sbtest1 WHERE id BETWEEN 1741452 AND 1741552
	Index Only Scan using sbtest1_pkey on sbtest1  (cost=0.43..10.38 rows=97 width=4)
	  Index Cond: ((id >= 1741452) AND (id <= 1741552))

table 2 : explain SELECT id FROM sbtest2 WHERE id BETWEEN 1741452 AND 1741552
	Index Only Scan using sbtest2_pkey on sbtest2  (cost=0.43..6.33 rows=95 width=4)
	  Index Cond: ((id >= 1741452) AND (id <= 1741552))

table 3 : explain SELECT id FROM sbtest3 WHERE id BETWEEN 1741452 AND 1741552
	Index Only Scan using sbtest3_pkey on sbtest3  (cost=0.43..6.66 rows=111 width=4)
	  Index Cond: ((id >= 1741452) AND (id <= 1741552))

table 4 : explain SELECT id FROM sbtest4 WHERE id BETWEEN 1741452 AND 1741552
	Index Only Scan using sbtest4_pkey on sbtest4  (cost=0.43..6.77 rows=117 width=4)
	  Index Cond: ((id >= 1741452) AND (id <= 1741552))

table 5 : explain SELECT id FROM sbtest5 WHERE id BETWEEN 1741452 AND 1741552
	Index Only Scan using sbtest5_pkey on sbtest5  (cost=0.43..10.46 rows=101 width=4)
	  Index Cond: ((id >= 1741452) AND (id <= 1741552))

table 6 : explain SELECT id FROM sbtest6 WHERE id BETWEEN 1741452 AND 1741552
	Index Only Scan using sbtest6_pkey on sbtest6  (cost=0.43..6.42 rows=99 width=4)
	  Index Cond: ((id >= 1741452) AND (id <= 1741552))

table 7 : explain SELECT id FROM sbtest7 WHERE id BETWEEN 1741452 AND 1741552
	Index Only Scan using sbtest7_pkey on sbtest7  (cost=0.43..10.26 rows=91 width=4)
	  Index Cond: ((id >= 1741452) AND (id <= 1741552))

table 8 : explain SELECT id FROM sbtest8 WHERE id BETWEEN 1741452 AND 1741552
	Index Only Scan using sbtest8_pkey on sbtest8  (cost=0.43..10.58 rows=107 width=4)
	  Index Cond: ((id >= 1741452) AND (id <= 1741552))

explain: for range-covered :: explain SELECT id FROM sbtest%d WHERE id BETWEEN 1741452 AND 1741552
for range-covered
table 1 : explain SELECT id FROM sbtest1 WHERE id BETWEEN 5214003 AND 5214103
	Index Only Scan using sbtest1_pkey on sbtest1  (cost=0.43..10.63 rows=110 width=4)
	  Index Cond: ((id >= 5214003) AND (id <= 5214103))

table 2 : explain SELECT id FROM sbtest2 WHERE id BETWEEN 5214003 AND 5214103
	Index Only Scan using sbtest2_pkey on sbtest2  (cost=0.43..6.33 rows=95 width=4)
	  Index Cond: ((id >= 5214003) AND (id <= 5214103))

table 3 : explain SELECT id FROM sbtest3 WHERE id BETWEEN 5214003 AND 5214103
	Index Only Scan using sbtest3_pkey on sbtest3  (cost=0.43..6.51 rows=104 width=4)
	  Index Cond: ((id >= 5214003) AND (id <= 5214103))

table 4 : explain SELECT id FROM sbtest4 WHERE id BETWEEN 5214003 AND 5214103
	Index Only Scan using sbtest4_pkey on sbtest4  (cost=0.43..6.43 rows=100 width=4)
	  Index Cond: ((id >= 5214003) AND (id <= 5214103))

table 5 : explain SELECT id FROM sbtest5 WHERE id BETWEEN 5214003 AND 5214103
	Index Only Scan using sbtest5_pkey on sbtest5  (cost=0.43..10.33 rows=95 width=4)
	  Index Cond: ((id >= 5214003) AND (id <= 5214103))

table 6 : explain SELECT id FROM sbtest6 WHERE id BETWEEN 5214003 AND 5214103
	Index Only Scan using sbtest6_pkey on sbtest6  (cost=0.43..6.58 rows=107 width=4)
	  Index Cond: ((id >= 5214003) AND (id <= 5214103))

table 7 : explain SELECT id FROM sbtest7 WHERE id BETWEEN 5214003 AND 5214103
	Index Only Scan using sbtest7_pkey on sbtest7  (cost=0.43..10.50 rows=103 width=4)
	  Index Cond: ((id >= 5214003) AND (id <= 5214103))

table 8 : explain SELECT id FROM sbtest8 WHERE id BETWEEN 5214003 AND 5214103
	Index Only Scan using sbtest8_pkey on sbtest8  (cost=0.43..10.29 rows=93 width=4)
	  Index Cond: ((id >= 5214003) AND (id <= 5214103))

explain: for range-covered :: explain SELECT id FROM sbtest%d WHERE id BETWEEN 5214003 AND 5214103
for range-covered
table 1 : explain SELECT id FROM sbtest1 WHERE id BETWEEN 2638045 AND 2638145
	Index Only Scan using sbtest1_pkey on sbtest1  (cost=0.43..10.60 rows=108 width=4)
	  Index Cond: ((id >= 2638045) AND (id <= 2638145))

table 2 : explain SELECT id FROM sbtest2 WHERE id BETWEEN 2638045 AND 2638145
	Index Only Scan using sbtest2_pkey on sbtest2  (cost=0.43..6.43 rows=100 width=4)
	  Index Cond: ((id >= 2638045) AND (id <= 2638145))

table 3 : explain SELECT id FROM sbtest3 WHERE id BETWEEN 2638045 AND 2638145
	Index Only Scan using sbtest3_pkey on sbtest3  (cost=0.43..6.35 rows=96 width=4)
	  Index Cond: ((id >= 2638045) AND (id <= 2638145))

table 4 : explain SELECT id FROM sbtest4 WHERE id BETWEEN 2638045 AND 2638145
	Index Only Scan using sbtest4_pkey on sbtest4  (cost=0.43..6.25 rows=91 width=4)
	  Index Cond: ((id >= 2638045) AND (id <= 2638145))

table 5 : explain SELECT id FROM sbtest5 WHERE id BETWEEN 2638045 AND 2638145
	Index Only Scan using sbtest5_pkey on sbtest5  (cost=0.43..10.44 rows=100 width=4)
	  Index Cond: ((id >= 2638045) AND (id <= 2638145))

table 6 : explain SELECT id FROM sbtest6 WHERE id BETWEEN 2638045 AND 2638145
	Index Only Scan using sbtest6_pkey on sbtest6  (cost=0.43..6.61 rows=109 width=4)
	  Index Cond: ((id >= 2638045) AND (id <= 2638145))

table 7 : explain SELECT id FROM sbtest7 WHERE id BETWEEN 2638045 AND 2638145
	Index Only Scan using sbtest7_pkey on sbtest7  (cost=0.43..10.47 rows=102 width=4)
	  Index Cond: ((id >= 2638045) AND (id <= 2638145))

table 8 : explain SELECT id FROM sbtest8 WHERE id BETWEEN 2638045 AND 2638145
	Index Only Scan using sbtest8_pkey on sbtest8  (cost=0.43..10.36 rows=96 width=4)
	  Index Cond: ((id >= 2638045) AND (id <= 2638145))

for range-covered
table 1 : explain SELECT id FROM sbtest1 WHERE id BETWEEN 480732 AND 480832
	Index Only Scan using sbtest1_pkey on sbtest1  (cost=0.43..10.38 rows=97 width=4)
	  Index Cond: ((id >= 480732) AND (id <= 480832))

table 2 : explain SELECT id FROM sbtest2 WHERE id BETWEEN 480732 AND 480832
	Index Only Scan using sbtest2_pkey on sbtest2  (cost=0.43..6.40 rows=98 width=4)
	  Index Cond: ((id >= 480732) AND (id <= 480832))

table 3 : explain SELECT id FROM sbtest3 WHERE id BETWEEN 480732 AND 480832
	Index Only Scan using sbtest3_pkey on sbtest3  (cost=0.43..6.37 rows=97 width=4)
	  Index Cond: ((id >= 480732) AND (id <= 480832))

table 4 : explain SELECT id FROM sbtest4 WHERE id BETWEEN 480732 AND 480832
	Index Only Scan using sbtest4_pkey on sbtest4  (cost=0.43..6.35 rows=96 width=4)
	  Index Cond: ((id >= 480732) AND (id <= 480832))

table 5 : explain SELECT id FROM sbtest5 WHERE id BETWEEN 480732 AND 480832
	Index Only Scan using sbtest5_pkey on sbtest5  (cost=0.43..10.38 rows=97 width=4)
	  Index Cond: ((id >= 480732) AND (id <= 480832))

table 6 : explain SELECT id FROM sbtest6 WHERE id BETWEEN 480732 AND 480832
	Index Only Scan using sbtest6_pkey on sbtest6  (cost=0.43..6.42 rows=99 width=4)
	  Index Cond: ((id >= 480732) AND (id <= 480832))

table 7 : explain SELECT id FROM sbtest7 WHERE id BETWEEN 480732 AND 480832
	Index Only Scan using sbtest7_pkey on sbtest7  (cost=0.43..10.51 rows=104 width=4)
	  Index Cond: ((id >= 480732) AND (id <= 480832))

table 8 : explain SELECT id FROM sbtest8 WHERE id BETWEEN 480732 AND 480832
	Index Only Scan using sbtest8_pkey on sbtest8  (cost=0.43..10.33 rows=95 width=4)
	  Index Cond: ((id >= 480732) AND (id <= 480832))

explain: for range-covered :: explain SELECT id FROM sbtest%d WHERE id BETWEEN 480732 AND 480832
for range-covered
table 1 : explain SELECT id FROM sbtest1 WHERE id BETWEEN 1741452 AND 1741552
	Index Only Scan using sbtest1_pkey on sbtest1  (cost=0.43..10.38 rows=97 width=4)
	  Index Cond: ((id >= 1741452) AND (id <= 1741552))

table 2 : explain SELECT id FROM sbtest2 WHERE id BETWEEN 1741452 AND 1741552
	Index Only Scan using sbtest2_pkey on sbtest2  (cost=0.43..6.33 rows=95 width=4)
	  Index Cond: ((id >= 1741452) AND (id <= 1741552))

table 3 : explain SELECT id FROM sbtest3 WHERE id BETWEEN 1741452 AND 1741552
	Index Only Scan using sbtest3_pkey on sbtest3  (cost=0.43..6.66 rows=111 width=4)
	  Index Cond: ((id >= 1741452) AND (id <= 1741552))

table 4 : explain SELECT id FROM sbtest4 WHERE id BETWEEN 1741452 AND 1741552
	Index Only Scan using sbtest4_pkey on sbtest4  (cost=0.43..6.77 rows=117 width=4)
	  Index Cond: ((id >= 1741452) AND (id <= 1741552))

table 5 : explain SELECT id FROM sbtest5 WHERE id BETWEEN 1741452 AND 1741552
	Index Only Scan using sbtest5_pkey on sbtest5  (cost=0.43..10.46 rows=101 width=4)
	  Index Cond: ((id >= 1741452) AND (id <= 1741552))

table 6 : explain SELECT id FROM sbtest6 WHERE id BETWEEN 1741452 AND 1741552
	Index Only Scan using sbtest6_pkey on sbtest6  (cost=0.43..6.42 rows=99 width=4)
	  Index Cond: ((id >= 1741452) AND (id <= 1741552))

table 7 : explain SELECT id FROM sbtest7 WHERE id BETWEEN 1741452 AND 1741552
	Index Only Scan using sbtest7_pkey on sbtest7  (cost=0.43..10.26 rows=91 width=4)
	  Index Cond: ((id >= 1741452) AND (id <= 1741552))

table 8 : explain SELECT id FROM sbtest8 WHERE id BETWEEN 1741452 AND 1741552
	Index Only Scan using sbtest8_pkey on sbtest8  (cost=0.43..10.58 rows=107 width=4)
	  Index Cond: ((id >= 1741452) AND (id <= 1741552))

explain: for range-covered :: explain SELECT id FROM sbtest%d WHERE id BETWEEN 1741452 AND 1741552
explain: for range-covered :: explain SELECT id FROM sbtest%d WHERE id BETWEEN 1470935 AND 1471035
for range-covered
table 1 : explain SELECT id FROM sbtest1 WHERE id BETWEEN 480732 AND 480832
	Index Only Scan using sbtest1_pkey on sbtest1  (cost=0.43..10.38 rows=97 width=4)
	  Index Cond: ((id >= 480732) AND (id <= 480832))

table 2 : explain SELECT id FROM sbtest2 WHERE id BETWEEN 480732 AND 480832
	Index Only Scan using sbtest2_pkey on sbtest2  (cost=0.43..6.40 rows=98 width=4)
	  Index Cond: ((id >= 480732) AND (id <= 480832))

table 3 : explain SELECT id FROM sbtest3 WHERE id BETWEEN 480732 AND 480832
	Index Only Scan using sbtest3_pkey on sbtest3  (cost=0.43..6.37 rows=97 width=4)
	  Index Cond: ((id >= 480732) AND (id <= 480832))

table 4 : explain SELECT id FROM sbtest4 WHERE id BETWEEN 480732 AND 480832
	Index Only Scan using sbtest4_pkey on sbtest4  (cost=0.43..6.35 rows=96 width=4)
	  Index Cond: ((id >= 480732) AND (id <= 480832))

table 5 : explain SELECT id FROM sbtest5 WHERE id BETWEEN 480732 AND 480832
	Index Only Scan using sbtest5_pkey on sbtest5  (cost=0.43..10.38 rows=97 width=4)
	  Index Cond: ((id >= 480732) AND (id <= 480832))

table 6 : explain SELECT id FROM sbtest6 WHERE id BETWEEN 480732 AND 480832
	Index Only Scan using sbtest6_pkey on sbtest6  (cost=0.43..6.42 rows=99 width=4)
	  Index Cond: ((id >= 480732) AND (id <= 480832))

table 7 : explain SELECT id FROM sbtest7 WHERE id BETWEEN 480732 AND 480832
	Index Only Scan using sbtest7_pkey on sbtest7  (cost=0.43..10.51 rows=104 width=4)
	  Index Cond: ((id >= 480732) AND (id <= 480832))

table 8 : explain SELECT id FROM sbtest8 WHERE id BETWEEN 480732 AND 480832
	Index Only Scan using sbtest8_pkey on sbtest8  (cost=0.43..10.33 rows=95 width=4)
	  Index Cond: ((id >= 480732) AND (id <= 480832))

explain: for range-covered :: explain SELECT id FROM sbtest%d WHERE id BETWEEN 480732 AND 480832
for range-covered
table 1 : explain SELECT id FROM sbtest1 WHERE id BETWEEN 1741452 AND 1741552
	Index Only Scan using sbtest1_pkey on sbtest1  (cost=0.43..10.38 rows=97 width=4)
	  Index Cond: ((id >= 1741452) AND (id <= 1741552))

table 2 : explain SELECT id FROM sbtest2 WHERE id BETWEEN 1741452 AND 1741552
	Index Only Scan using sbtest2_pkey on sbtest2  (cost=0.43..6.33 rows=95 width=4)
	  Index Cond: ((id >= 1741452) AND (id <= 1741552))

table 3 : explain SELECT id FROM sbtest3 WHERE id BETWEEN 1741452 AND 1741552
	Index Only Scan using sbtest3_pkey on sbtest3  (cost=0.43..6.66 rows=111 width=4)
	  Index Cond: ((id >= 1741452) AND (id <= 1741552))

table 4 : explain SELECT id FROM sbtest4 WHERE id BETWEEN 1741452 AND 1741552
	Index Only Scan using sbtest4_pkey on sbtest4  (cost=0.43..6.77 rows=117 width=4)
	  Index Cond: ((id >= 1741452) AND (id <= 1741552))

table 5 : explain SELECT id FROM sbtest5 WHERE id BETWEEN 1741452 AND 1741552
	Index Only Scan using sbtest5_pkey on sbtest5  (cost=0.43..10.46 rows=101 width=4)
	  Index Cond: ((id >= 1741452) AND (id <= 1741552))

table 6 : explain SELECT id FROM sbtest6 WHERE id BETWEEN 1741452 AND 1741552
	Index Only Scan using sbtest6_pkey on sbtest6  (cost=0.43..6.42 rows=99 width=4)
	  Index Cond: ((id >= 1741452) AND (id <= 1741552))

table 7 : explain SELECT id FROM sbtest7 WHERE id BETWEEN 1741452 AND 1741552
	Index Only Scan using sbtest7_pkey on sbtest7  (cost=0.43..10.26 rows=91 width=4)
	  Index Cond: ((id >= 1741452) AND (id <= 1741552))

table 8 : explain SELECT id FROM sbtest8 WHERE id BETWEEN 1741452 AND 1741552
	Index Only Scan using sbtest8_pkey on sbtest8  (cost=0.43..10.58 rows=107 width=4)
	  Index Cond: ((id >= 1741452) AND (id <= 1741552))

explain: for range-covered :: explain SELECT id FROM sbtest%d WHERE id BETWEEN 1741452 AND 1741552
explain: for range-covered :: explain SELECT id FROM sbtest%d WHERE id BETWEEN 4944495 AND 4944595
for range-covered
table 1 : explain SELECT id FROM sbtest1 WHERE id BETWEEN 1741452 AND 1741552
	Index Only Scan using sbtest1_pkey on sbtest1  (cost=0.43..10.38 rows=97 width=4)
	  Index Cond: ((id >= 1741452) AND (id <= 1741552))

table 2 : explain SELECT id FROM sbtest2 WHERE id BETWEEN 1741452 AND 1741552
	Index Only Scan using sbtest2_pkey on sbtest2  (cost=0.43..6.33 rows=95 width=4)
	  Index Cond: ((id >= 1741452) AND (id <= 1741552))

table 3 : explain SELECT id FROM sbtest3 WHERE id BETWEEN 1741452 AND 1741552
	Index Only Scan using sbtest3_pkey on sbtest3  (cost=0.43..6.66 rows=111 width=4)
	  Index Cond: ((id >= 1741452) AND (id <= 1741552))

table 4 : explain SELECT id FROM sbtest4 WHERE id BETWEEN 1741452 AND 1741552
	Index Only Scan using sbtest4_pkey on sbtest4  (cost=0.43..6.77 rows=117 width=4)
	  Index Cond: ((id >= 1741452) AND (id <= 1741552))

table 5 : explain SELECT id FROM sbtest5 WHERE id BETWEEN 1741452 AND 1741552
	Index Only Scan using sbtest5_pkey on sbtest5  (cost=0.43..10.46 rows=101 width=4)
	  Index Cond: ((id >= 1741452) AND (id <= 1741552))

table 6 : explain SELECT id FROM sbtest6 WHERE id BETWEEN 1741452 AND 1741552
	Index Only Scan using sbtest6_pkey on sbtest6  (cost=0.43..6.42 rows=99 width=4)
	  Index Cond: ((id >= 1741452) AND (id <= 1741552))

table 7 : explain SELECT id FROM sbtest7 WHERE id BETWEEN 1741452 AND 1741552
	Index Only Scan using sbtest7_pkey on sbtest7  (cost=0.43..10.26 rows=91 width=4)
	  Index Cond: ((id >= 1741452) AND (id <= 1741552))

table 8 : explain SELECT id FROM sbtest8 WHERE id BETWEEN 1741452 AND 1741552
	Index Only Scan using sbtest8_pkey on sbtest8  (cost=0.43..10.58 rows=107 width=4)
	  Index Cond: ((id >= 1741452) AND (id <= 1741552))

explain: for range-covered :: explain SELECT id FROM sbtest%d WHERE id BETWEEN 1741452 AND 1741552
for range-covered
table 1 : explain SELECT id FROM sbtest1 WHERE id BETWEEN 4982512 AND 4982612
	Index Only Scan using sbtest1_pkey on sbtest1  (cost=0.43..10.50 rows=103 width=4)
	  Index Cond: ((id >= 4982512) AND (id <= 4982612))

table 2 : explain SELECT id FROM sbtest2 WHERE id BETWEEN 4982512 AND 4982612
	Index Only Scan using sbtest2_pkey on sbtest2  (cost=0.43..6.59 rows=108 width=4)
	  Index Cond: ((id >= 4982512) AND (id <= 4982612))

table 3 : explain SELECT id FROM sbtest3 WHERE id BETWEEN 4982512 AND 4982612
	Index Only Scan using sbtest3_pkey on sbtest3  (cost=0.43..6.50 rows=103 width=4)
	  Index Cond: ((id >= 4982512) AND (id <= 4982612))

table 4 : explain SELECT id FROM sbtest4 WHERE id BETWEEN 4982512 AND 4982612
	Index Only Scan using sbtest4_pkey on sbtest4  (cost=0.43..6.59 rows=108 width=4)
	  Index Cond: ((id >= 4982512) AND (id <= 4982612))

table 5 : explain SELECT id FROM sbtest5 WHERE id BETWEEN 4982512 AND 4982612
	Index Only Scan using sbtest5_pkey on sbtest5  (cost=0.43..10.36 rows=96 width=4)
	  Index Cond: ((id >= 4982512) AND (id <= 4982612))

table 6 : explain SELECT id FROM sbtest6 WHERE id BETWEEN 4982512 AND 4982612
	Index Only Scan using sbtest6_pkey on sbtest6  (cost=0.43..6.53 rows=105 width=4)
	  Index Cond: ((id >= 4982512) AND (id <= 4982612))

table 7 : explain SELECT id FROM sbtest7 WHERE id BETWEEN 4982512 AND 4982612
	Index Only Scan using sbtest7_pkey on sbtest7  (cost=0.43..10.33 rows=95 width=4)
	  Index Cond: ((id >= 4982512) AND (id <= 4982612))

table 8 : explain SELECT id FROM sbtest8 WHERE id BETWEEN 4982512 AND 4982612
	Index Only Scan using sbtest8_pkey on sbtest8  (cost=0.43..10.63 rows=110 width=4)
	  Index Cond: ((id >= 4982512) AND (id <= 4982612))

for range-covered
table 1 : explain SELECT id FROM sbtest1 WHERE id BETWEEN 2263076 AND 2263176
	Index Only Scan using sbtest1_pkey on sbtest1  (cost=0.43..10.56 rows=106 width=4)
	  Index Cond: ((id >= 2263076) AND (id <= 2263176))

table 2 : explain SELECT id FROM sbtest2 WHERE id BETWEEN 2263076 AND 2263176
	Index Only Scan using sbtest2_pkey on sbtest2  (cost=0.43..6.61 rows=109 width=4)
	  Index Cond: ((id >= 2263076) AND (id <= 2263176))

table 3 : explain SELECT id FROM sbtest3 WHERE id BETWEEN 2263076 AND 2263176
	Index Only Scan using sbtest3_pkey on sbtest3  (cost=0.43..6.59 rows=108 width=4)
	  Index Cond: ((id >= 2263076) AND (id <= 2263176))

table 4 : explain SELECT id FROM sbtest4 WHERE id BETWEEN 2263076 AND 2263176
	Index Only Scan using sbtest4_pkey on sbtest4  (cost=0.43..6.58 rows=107 width=4)
	  Index Cond: ((id >= 2263076) AND (id <= 2263176))

table 5 : explain SELECT id FROM sbtest5 WHERE id BETWEEN 2263076 AND 2263176
	Index Only Scan using sbtest5_pkey on sbtest5  (cost=0.43..10.51 rows=104 width=4)
	  Index Cond: ((id >= 2263076) AND (id <= 2263176))

table 6 : explain SELECT id FROM sbtest6 WHERE id BETWEEN 2263076 AND 2263176
	Index Only Scan using sbtest6_pkey on sbtest6  (cost=0.43..6.37 rows=97 width=4)
	  Index Cond: ((id >= 2263076) AND (id <= 2263176))

table 7 : explain SELECT id FROM sbtest7 WHERE id BETWEEN 2263076 AND 2263176
	Index Only Scan using sbtest7_pkey on sbtest7  (cost=0.43..10.68 rows=112 width=4)
	  Index Cond: ((id >= 2263076) AND (id <= 2263176))

table 8 : explain SELECT id FROM sbtest8 WHERE id BETWEEN 2263076 AND 2263176
	Index Only Scan using sbtest8_pkey on sbtest8  (cost=0.43..10.54 rows=105 width=4)
	  Index Cond: ((id >= 2263076) AND (id <= 2263176))

explain: for range-covered :: explain SELECT id FROM sbtest%d WHERE id BETWEEN 4982512 AND 4982612
for range-covered
table 1 : explain SELECT id FROM sbtest1 WHERE id BETWEEN 4779635 AND 4779735
	Index Only Scan using sbtest1_pkey on sbtest1  (cost=0.43..10.32 rows=94 width=4)
	  Index Cond: ((id >= 4779635) AND (id <= 4779735))

table 2 : explain SELECT id FROM sbtest2 WHERE id BETWEEN 4779635 AND 4779735
	Index Only Scan using sbtest2_pkey on sbtest2  (cost=0.43..6.53 rows=105 width=4)
	  Index Cond: ((id >= 4779635) AND (id <= 4779735))

table 3 : explain SELECT id FROM sbtest3 WHERE id BETWEEN 4779635 AND 4779735
	Index Only Scan using sbtest3_pkey on sbtest3  (cost=0.43..6.32 rows=94 width=4)
	  Index Cond: ((id >= 4779635) AND (id <= 4779735))

table 4 : explain SELECT id FROM sbtest4 WHERE id BETWEEN 4779635 AND 4779735
	Index Only Scan using sbtest4_pkey on sbtest4  (cost=0.43..6.24 rows=90 width=4)
	  Index Cond: ((id >= 4779635) AND (id <= 4779735))

table 5 : explain SELECT id FROM sbtest5 WHERE id BETWEEN 4779635 AND 4779735
	Index Only Scan using sbtest5_pkey on sbtest5  (cost=0.43..10.50 rows=103 width=4)
	  Index Cond: ((id >= 4779635) AND (id <= 4779735))

table 6 : explain SELECT id FROM sbtest6 WHERE id BETWEEN 4779635 AND 4779735
	Index Only Scan using sbtest6_pkey on sbtest6  (cost=0.43..6.58 rows=107 width=4)
	  Index Cond: ((id >= 4779635) AND (id <= 4779735))

table 7 : explain SELECT id FROM sbtest7 WHERE id BETWEEN 4779635 AND 4779735
	Index Only Scan using sbtest7_pkey on sbtest7  (cost=0.43..10.44 rows=100 width=4)
	  Index Cond: ((id >= 4779635) AND (id <= 4779735))

table 8 : explain SELECT id FROM sbtest8 WHERE id BETWEEN 4779635 AND 4779735
	Index Only Scan using sbtest8_pkey on sbtest8  (cost=0.43..10.62 rows=109 width=4)
	  Index Cond: ((id >= 4779635) AND (id <= 4779735))

explain: for range-covered :: explain SELECT id FROM sbtest%d WHERE id BETWEEN 2263076 AND 2263176
explain: for range-covered :: explain SELECT id FROM sbtest%d WHERE id BETWEEN 4779635 AND 4779735
for range-covered
table 1 : explain SELECT id FROM sbtest1 WHERE id BETWEEN 480732 AND 480832
	Index Only Scan using sbtest1_pkey on sbtest1  (cost=0.43..10.38 rows=97 width=4)
	  Index Cond: ((id >= 480732) AND (id <= 480832))

table 2 : explain SELECT id FROM sbtest2 WHERE id BETWEEN 480732 AND 480832
	Index Only Scan using sbtest2_pkey on sbtest2  (cost=0.43..6.40 rows=98 width=4)
	  Index Cond: ((id >= 480732) AND (id <= 480832))

table 3 : explain SELECT id FROM sbtest3 WHERE id BETWEEN 480732 AND 480832
	Index Only Scan using sbtest3_pkey on sbtest3  (cost=0.43..6.37 rows=97 width=4)
	  Index Cond: ((id >= 480732) AND (id <= 480832))

table 4 : explain SELECT id FROM sbtest4 WHERE id BETWEEN 480732 AND 480832
	Index Only Scan using sbtest4_pkey on sbtest4  (cost=0.43..6.35 rows=96 width=4)
	  Index Cond: ((id >= 480732) AND (id <= 480832))

table 5 : explain SELECT id FROM sbtest5 WHERE id BETWEEN 480732 AND 480832
	Index Only Scan using sbtest5_pkey on sbtest5  (cost=0.43..10.38 rows=97 width=4)
	  Index Cond: ((id >= 480732) AND (id <= 480832))

table 6 : explain SELECT id FROM sbtest6 WHERE id BETWEEN 480732 AND 480832
	Index Only Scan using sbtest6_pkey on sbtest6  (cost=0.43..6.42 rows=99 width=4)
	  Index Cond: ((id >= 480732) AND (id <= 480832))

table 7 : explain SELECT id FROM sbtest7 WHERE id BETWEEN 480732 AND 480832
	Index Only Scan using sbtest7_pkey on sbtest7  (cost=0.43..10.51 rows=104 width=4)
	  Index Cond: ((id >= 480732) AND (id <= 480832))

table 8 : explain SELECT id FROM sbtest8 WHERE id BETWEEN 480732 AND 480832
	Index Only Scan using sbtest8_pkey on sbtest8  (cost=0.43..10.33 rows=95 width=4)
	  Index Cond: ((id >= 480732) AND (id <= 480832))

explain: for range-covered :: explain SELECT id FROM sbtest%d WHERE id BETWEEN 480732 AND 480832
for range-covered
table 1 : explain SELECT id FROM sbtest1 WHERE id BETWEEN 4982512 AND 4982612
	Index Only Scan using sbtest1_pkey on sbtest1  (cost=0.43..10.50 rows=103 width=4)
	  Index Cond: ((id >= 4982512) AND (id <= 4982612))

table 2 : explain SELECT id FROM sbtest2 WHERE id BETWEEN 4982512 AND 4982612
	Index Only Scan using sbtest2_pkey on sbtest2  (cost=0.43..6.59 rows=108 width=4)
	  Index Cond: ((id >= 4982512) AND (id <= 4982612))

table 3 : explain SELECT id FROM sbtest3 WHERE id BETWEEN 4982512 AND 4982612
	Index Only Scan using sbtest3_pkey on sbtest3  (cost=0.43..6.50 rows=103 width=4)
	  Index Cond: ((id >= 4982512) AND (id <= 4982612))

table 4 : explain SELECT id FROM sbtest4 WHERE id BETWEEN 4982512 AND 4982612
	Index Only Scan using sbtest4_pkey on sbtest4  (cost=0.43..6.59 rows=108 width=4)
	  Index Cond: ((id >= 4982512) AND (id <= 4982612))

table 5 : explain SELECT id FROM sbtest5 WHERE id BETWEEN 4982512 AND 4982612
	Index Only Scan using sbtest5_pkey on sbtest5  (cost=0.43..10.36 rows=96 width=4)
	  Index Cond: ((id >= 4982512) AND (id <= 4982612))

table 6 : explain SELECT id FROM sbtest6 WHERE id BETWEEN 4982512 AND 4982612
	Index Only Scan using sbtest6_pkey on sbtest6  (cost=0.43..6.53 rows=105 width=4)
	  Index Cond: ((id >= 4982512) AND (id <= 4982612))

table 7 : explain SELECT id FROM sbtest7 WHERE id BETWEEN 4982512 AND 4982612
	Index Only Scan using sbtest7_pkey on sbtest7  (cost=0.43..10.33 rows=95 width=4)
	  Index Cond: ((id >= 4982512) AND (id <= 4982612))

table 8 : explain SELECT id FROM sbtest8 WHERE id BETWEEN 4982512 AND 4982612
	Index Only Scan using sbtest8_pkey on sbtest8  (cost=0.43..10.63 rows=110 width=4)
	  Index Cond: ((id >= 4982512) AND (id <= 4982612))

explain: for range-covered :: explain SELECT id FROM sbtest%d WHERE id BETWEEN 4982512 AND 4982612
for range-covered
table 1 : explain SELECT id FROM sbtest1 WHERE id BETWEEN 2263076 AND 2263176
	Index Only Scan using sbtest1_pkey on sbtest1  (cost=0.43..10.56 rows=106 width=4)
	  Index Cond: ((id >= 2263076) AND (id <= 2263176))

table 2 : explain SELECT id FROM sbtest2 WHERE id BETWEEN 2263076 AND 2263176
	Index Only Scan using sbtest2_pkey on sbtest2  (cost=0.43..6.61 rows=109 width=4)
	  Index Cond: ((id >= 2263076) AND (id <= 2263176))

table 3 : explain SELECT id FROM sbtest3 WHERE id BETWEEN 2263076 AND 2263176
	Index Only Scan using sbtest3_pkey on sbtest3  (cost=0.43..6.59 rows=108 width=4)
	  Index Cond: ((id >= 2263076) AND (id <= 2263176))

table 4 : explain SELECT id FROM sbtest4 WHERE id BETWEEN 2263076 AND 2263176
	Index Only Scan using sbtest4_pkey on sbtest4  (cost=0.43..6.58 rows=107 width=4)
	  Index Cond: ((id >= 2263076) AND (id <= 2263176))

table 5 : explain SELECT id FROM sbtest5 WHERE id BETWEEN 2263076 AND 2263176
	Index Only Scan using sbtest5_pkey on sbtest5  (cost=0.43..10.51 rows=104 width=4)
	  Index Cond: ((id >= 2263076) AND (id <= 2263176))

table 6 : explain SELECT id FROM sbtest6 WHERE id BETWEEN 2263076 AND 2263176
	Index Only Scan using sbtest6_pkey on sbtest6  (cost=0.43..6.37 rows=97 width=4)
	  Index Cond: ((id >= 2263076) AND (id <= 2263176))

table 7 : explain SELECT id FROM sbtest7 WHERE id BETWEEN 2263076 AND 2263176
	Index Only Scan using sbtest7_pkey on sbtest7  (cost=0.43..10.68 rows=112 width=4)
	  Index Cond: ((id >= 2263076) AND (id <= 2263176))

table 8 : explain SELECT id FROM sbtest8 WHERE id BETWEEN 2263076 AND 2263176
	Index Only Scan using sbtest8_pkey on sbtest8  (cost=0.43..10.54 rows=105 width=4)
	  Index Cond: ((id >= 2263076) AND (id <= 2263176))

explain: for range-covered :: explain SELECT id FROM sbtest%d WHERE id BETWEEN 2263076 AND 2263176
for range-covered
table 1 : explain SELECT id FROM sbtest1 WHERE id BETWEEN 4779635 AND 4779735
	Index Only Scan using sbtest1_pkey on sbtest1  (cost=0.43..10.32 rows=94 width=4)
	  Index Cond: ((id >= 4779635) AND (id <= 4779735))

table 2 : explain SELECT id FROM sbtest2 WHERE id BETWEEN 4779635 AND 4779735
	Index Only Scan using sbtest2_pkey on sbtest2  (cost=0.43..6.53 rows=105 width=4)
	  Index Cond: ((id >= 4779635) AND (id <= 4779735))

table 3 : explain SELECT id FROM sbtest3 WHERE id BETWEEN 4779635 AND 4779735
	Index Only Scan using sbtest3_pkey on sbtest3  (cost=0.43..6.32 rows=94 width=4)
	  Index Cond: ((id >= 4779635) AND (id <= 4779735))

table 4 : explain SELECT id FROM sbtest4 WHERE id BETWEEN 4779635 AND 4779735
	Index Only Scan using sbtest4_pkey on sbtest4  (cost=0.43..6.24 rows=90 width=4)
	  Index Cond: ((id >= 4779635) AND (id <= 4779735))

table 5 : explain SELECT id FROM sbtest5 WHERE id BETWEEN 4779635 AND 4779735
	Index Only Scan using sbtest5_pkey on sbtest5  (cost=0.43..10.50 rows=103 width=4)
	  Index Cond: ((id >= 4779635) AND (id <= 4779735))

table 6 : explain SELECT id FROM sbtest6 WHERE id BETWEEN 4779635 AND 4779735
	Index Only Scan using sbtest6_pkey on sbtest6  (cost=0.43..6.58 rows=107 width=4)
	  Index Cond: ((id >= 4779635) AND (id <= 4779735))

table 7 : explain SELECT id FROM sbtest7 WHERE id BETWEEN 4779635 AND 4779735
	Index Only Scan using sbtest7_pkey on sbtest7  (cost=0.43..10.44 rows=100 width=4)
	  Index Cond: ((id >= 4779635) AND (id <= 4779735))

table 8 : explain SELECT id FROM sbtest8 WHERE id BETWEEN 4779635 AND 4779735
	Index Only Scan using sbtest8_pkey on sbtest8  (cost=0.43..10.62 rows=109 width=4)
	  Index Cond: ((id >= 4779635) AND (id <= 4779735))

explain: for range-covered :: explain SELECT id FROM sbtest%d WHERE id BETWEEN 4779635 AND 4779735
for range-covered
table 1 : explain SELECT id FROM sbtest1 WHERE id BETWEEN 480732 AND 480832
	Index Only Scan using sbtest1_pkey on sbtest1  (cost=0.43..10.38 rows=97 width=4)
	  Index Cond: ((id >= 480732) AND (id <= 480832))

table 2 : explain SELECT id FROM sbtest2 WHERE id BETWEEN 480732 AND 480832
	Index Only Scan using sbtest2_pkey on sbtest2  (cost=0.43..6.40 rows=98 width=4)
	  Index Cond: ((id >= 480732) AND (id <= 480832))

table 3 : explain SELECT id FROM sbtest3 WHERE id BETWEEN 480732 AND 480832
	Index Only Scan using sbtest3_pkey on sbtest3  (cost=0.43..6.37 rows=97 width=4)
	  Index Cond: ((id >= 480732) AND (id <= 480832))

table 4 : explain SELECT id FROM sbtest4 WHERE id BETWEEN 480732 AND 480832
	Index Only Scan using sbtest4_pkey on sbtest4  (cost=0.43..6.35 rows=96 width=4)
	  Index Cond: ((id >= 480732) AND (id <= 480832))

table 5 : explain SELECT id FROM sbtest5 WHERE id BETWEEN 480732 AND 480832
	Index Only Scan using sbtest5_pkey on sbtest5  (cost=0.43..10.38 rows=97 width=4)
	  Index Cond: ((id >= 480732) AND (id <= 480832))

table 6 : explain SELECT id FROM sbtest6 WHERE id BETWEEN 480732 AND 480832
	Index Only Scan using sbtest6_pkey on sbtest6  (cost=0.43..6.42 rows=99 width=4)
	  Index Cond: ((id >= 480732) AND (id <= 480832))

table 7 : explain SELECT id FROM sbtest7 WHERE id BETWEEN 480732 AND 480832
	Index Only Scan using sbtest7_pkey on sbtest7  (cost=0.43..10.51 rows=104 width=4)
	  Index Cond: ((id >= 480732) AND (id <= 480832))

table 8 : explain SELECT id FROM sbtest8 WHERE id BETWEEN 480732 AND 480832
	Index Only Scan using sbtest8_pkey on sbtest8  (cost=0.43..10.33 rows=95 width=4)
	  Index Cond: ((id >= 480732) AND (id <= 480832))

explain: for range-covered :: explain SELECT id FROM sbtest%d WHERE id BETWEEN 7846950 AND 7847050
explain: for range-covered :: explain SELECT id FROM sbtest%d WHERE id BETWEEN 480732 AND 480832
for range-covered
table 1 : explain SELECT id FROM sbtest1 WHERE id BETWEEN 4982512 AND 4982612
	Index Only Scan using sbtest1_pkey on sbtest1  (cost=0.43..10.50 rows=103 width=4)
	  Index Cond: ((id >= 4982512) AND (id <= 4982612))

table 2 : explain SELECT id FROM sbtest2 WHERE id BETWEEN 4982512 AND 4982612
	Index Only Scan using sbtest2_pkey on sbtest2  (cost=0.43..6.59 rows=108 width=4)
	  Index Cond: ((id >= 4982512) AND (id <= 4982612))

table 3 : explain SELECT id FROM sbtest3 WHERE id BETWEEN 4982512 AND 4982612
	Index Only Scan using sbtest3_pkey on sbtest3  (cost=0.43..6.50 rows=103 width=4)
	  Index Cond: ((id >= 4982512) AND (id <= 4982612))

table 4 : explain SELECT id FROM sbtest4 WHERE id BETWEEN 4982512 AND 4982612
	Index Only Scan using sbtest4_pkey on sbtest4  (cost=0.43..6.59 rows=108 width=4)
	  Index Cond: ((id >= 4982512) AND (id <= 4982612))

table 5 : explain SELECT id FROM sbtest5 WHERE id BETWEEN 4982512 AND 4982612
	Index Only Scan using sbtest5_pkey on sbtest5  (cost=0.43..10.36 rows=96 width=4)
	  Index Cond: ((id >= 4982512) AND (id <= 4982612))

table 6 : explain SELECT id FROM sbtest6 WHERE id BETWEEN 4982512 AND 4982612
	Index Only Scan using sbtest6_pkey on sbtest6  (cost=0.43..6.53 rows=105 width=4)
	  Index Cond: ((id >= 4982512) AND (id <= 4982612))

table 7 : explain SELECT id FROM sbtest7 WHERE id BETWEEN 4982512 AND 4982612
	Index Only Scan using sbtest7_pkey on sbtest7  (cost=0.43..10.33 rows=95 width=4)
	  Index Cond: ((id >= 4982512) AND (id <= 4982612))

table 8 : explain SELECT id FROM sbtest8 WHERE id BETWEEN 4982512 AND 4982612
	Index Only Scan using sbtest8_pkey on sbtest8  (cost=0.43..10.63 rows=110 width=4)
	  Index Cond: ((id >= 4982512) AND (id <= 4982612))

explain: for range-covered :: explain SELECT id FROM sbtest%d WHERE id BETWEEN 4982512 AND 4982612
for range-covered
table 1 : explain SELECT id FROM sbtest1 WHERE id BETWEEN 2263076 AND 2263176
	Index Only Scan using sbtest1_pkey on sbtest1  (cost=0.43..10.56 rows=106 width=4)
	  Index Cond: ((id >= 2263076) AND (id <= 2263176))

table 2 : explain SELECT id FROM sbtest2 WHERE id BETWEEN 2263076 AND 2263176
	Index Only Scan using sbtest2_pkey on sbtest2  (cost=0.43..6.61 rows=109 width=4)
	  Index Cond: ((id >= 2263076) AND (id <= 2263176))

table 3 : explain SELECT id FROM sbtest3 WHERE id BETWEEN 2263076 AND 2263176
	Index Only Scan using sbtest3_pkey on sbtest3  (cost=0.43..6.59 rows=108 width=4)
	  Index Cond: ((id >= 2263076) AND (id <= 2263176))

table 4 : explain SELECT id FROM sbtest4 WHERE id BETWEEN 2263076 AND 2263176
	Index Only Scan using sbtest4_pkey on sbtest4  (cost=0.43..6.58 rows=107 width=4)
	  Index Cond: ((id >= 2263076) AND (id <= 2263176))

table 5 : explain SELECT id FROM sbtest5 WHERE id BETWEEN 2263076 AND 2263176
	Index Only Scan using sbtest5_pkey on sbtest5  (cost=0.43..10.51 rows=104 width=4)
	  Index Cond: ((id >= 2263076) AND (id <= 2263176))

table 6 : explain SELECT id FROM sbtest6 WHERE id BETWEEN 2263076 AND 2263176
	Index Only Scan using sbtest6_pkey on sbtest6  (cost=0.43..6.37 rows=97 width=4)
	  Index Cond: ((id >= 2263076) AND (id <= 2263176))

table 7 : explain SELECT id FROM sbtest7 WHERE id BETWEEN 2263076 AND 2263176
	Index Only Scan using sbtest7_pkey on sbtest7  (cost=0.43..10.68 rows=112 width=4)
	  Index Cond: ((id >= 2263076) AND (id <= 2263176))

table 8 : explain SELECT id FROM sbtest8 WHERE id BETWEEN 2263076 AND 2263176
	Index Only Scan using sbtest8_pkey on sbtest8  (cost=0.43..10.54 rows=105 width=4)
	  Index Cond: ((id >= 2263076) AND (id <= 2263176))

explain: for range-covered :: explain SELECT id FROM sbtest%d WHERE id BETWEEN 2263076 AND 2263176
for range-covered
table 1 : explain SELECT id FROM sbtest1 WHERE id BETWEEN 4779635 AND 4779735
	Index Only Scan using sbtest1_pkey on sbtest1  (cost=0.43..10.32 rows=94 width=4)
	  Index Cond: ((id >= 4779635) AND (id <= 4779735))

table 2 : explain SELECT id FROM sbtest2 WHERE id BETWEEN 4779635 AND 4779735
	Index Only Scan using sbtest2_pkey on sbtest2  (cost=0.43..6.53 rows=105 width=4)
	  Index Cond: ((id >= 4779635) AND (id <= 4779735))

table 3 : explain SELECT id FROM sbtest3 WHERE id BETWEEN 4779635 AND 4779735
	Index Only Scan using sbtest3_pkey on sbtest3  (cost=0.43..6.32 rows=94 width=4)
	  Index Cond: ((id >= 4779635) AND (id <= 4779735))

table 4 : explain SELECT id FROM sbtest4 WHERE id BETWEEN 4779635 AND 4779735
	Index Only Scan using sbtest4_pkey on sbtest4  (cost=0.43..6.24 rows=90 width=4)
	  Index Cond: ((id >= 4779635) AND (id <= 4779735))

table 5 : explain SELECT id FROM sbtest5 WHERE id BETWEEN 4779635 AND 4779735
	Index Only Scan using sbtest5_pkey on sbtest5  (cost=0.43..10.50 rows=103 width=4)
	  Index Cond: ((id >= 4779635) AND (id <= 4779735))

table 6 : explain SELECT id FROM sbtest6 WHERE id BETWEEN 4779635 AND 4779735
	Index Only Scan using sbtest6_pkey on sbtest6  (cost=0.43..6.58 rows=107 width=4)
	  Index Cond: ((id >= 4779635) AND (id <= 4779735))

table 7 : explain SELECT id FROM sbtest7 WHERE id BETWEEN 4779635 AND 4779735
	Index Only Scan using sbtest7_pkey on sbtest7  (cost=0.43..10.44 rows=100 width=4)
	  Index Cond: ((id >= 4779635) AND (id <= 4779735))

table 8 : explain SELECT id FROM sbtest8 WHERE id BETWEEN 4779635 AND 4779735
	Index Only Scan using sbtest8_pkey on sbtest8  (cost=0.43..10.62 rows=109 width=4)
	  Index Cond: ((id >= 4779635) AND (id <= 4779735))

explain: for range-covered :: explain SELECT id FROM sbtest%d WHERE id BETWEEN 4779635 AND 4779735
for range-covered
table 1 : explain SELECT id FROM sbtest1 WHERE id BETWEEN 480732 AND 480832
	Index Only Scan using sbtest1_pkey on sbtest1  (cost=0.43..10.38 rows=97 width=4)
	  Index Cond: ((id >= 480732) AND (id <= 480832))

table 2 : explain SELECT id FROM sbtest2 WHERE id BETWEEN 480732 AND 480832
	Index Only Scan using sbtest2_pkey on sbtest2  (cost=0.43..6.40 rows=98 width=4)
	  Index Cond: ((id >= 480732) AND (id <= 480832))

table 3 : explain SELECT id FROM sbtest3 WHERE id BETWEEN 480732 AND 480832
	Index Only Scan using sbtest3_pkey on sbtest3  (cost=0.43..6.37 rows=97 width=4)
	  Index Cond: ((id >= 480732) AND (id <= 480832))

table 4 : explain SELECT id FROM sbtest4 WHERE id BETWEEN 480732 AND 480832
	Index Only Scan using sbtest4_pkey on sbtest4  (cost=0.43..6.35 rows=96 width=4)
	  Index Cond: ((id >= 480732) AND (id <= 480832))

table 5 : explain SELECT id FROM sbtest5 WHERE id BETWEEN 480732 AND 480832
	Index Only Scan using sbtest5_pkey on sbtest5  (cost=0.43..10.38 rows=97 width=4)
	  Index Cond: ((id >= 480732) AND (id <= 480832))

table 6 : explain SELECT id FROM sbtest6 WHERE id BETWEEN 480732 AND 480832
	Index Only Scan using sbtest6_pkey on sbtest6  (cost=0.43..6.42 rows=99 width=4)
	  Index Cond: ((id >= 480732) AND (id <= 480832))

table 7 : explain SELECT id FROM sbtest7 WHERE id BETWEEN 480732 AND 480832
	Index Only Scan using sbtest7_pkey on sbtest7  (cost=0.43..10.51 rows=104 width=4)
	  Index Cond: ((id >= 480732) AND (id <= 480832))

table 8 : explain SELECT id FROM sbtest8 WHERE id BETWEEN 480732 AND 480832
	Index Only Scan using sbtest8_pkey on sbtest8  (cost=0.43..10.33 rows=95 width=4)
	  Index Cond: ((id >= 480732) AND (id <= 480832))

explain: for range-covered :: explain SELECT id FROM sbtest%d WHERE id BETWEEN 480732 AND 480832
for range-covered
table 1 : explain SELECT id FROM sbtest1 WHERE id BETWEEN 4982512 AND 4982612
	Index Only Scan using sbtest1_pkey on sbtest1  (cost=0.43..10.50 rows=103 width=4)
	  Index Cond: ((id >= 4982512) AND (id <= 4982612))

table 2 : explain SELECT id FROM sbtest2 WHERE id BETWEEN 4982512 AND 4982612
	Index Only Scan using sbtest2_pkey on sbtest2  (cost=0.43..6.59 rows=108 width=4)
	  Index Cond: ((id >= 4982512) AND (id <= 4982612))

table 3 : explain SELECT id FROM sbtest3 WHERE id BETWEEN 4982512 AND 4982612
	Index Only Scan using sbtest3_pkey on sbtest3  (cost=0.43..6.50 rows=103 width=4)
	  Index Cond: ((id >= 4982512) AND (id <= 4982612))

table 4 : explain SELECT id FROM sbtest4 WHERE id BETWEEN 4982512 AND 4982612
	Index Only Scan using sbtest4_pkey on sbtest4  (cost=0.43..6.59 rows=108 width=4)
	  Index Cond: ((id >= 4982512) AND (id <= 4982612))

table 5 : explain SELECT id FROM sbtest5 WHERE id BETWEEN 4982512 AND 4982612
	Index Only Scan using sbtest5_pkey on sbtest5  (cost=0.43..10.36 rows=96 width=4)
	  Index Cond: ((id >= 4982512) AND (id <= 4982612))

table 6 : explain SELECT id FROM sbtest6 WHERE id BETWEEN 4982512 AND 4982612
	Index Only Scan using sbtest6_pkey on sbtest6  (cost=0.43..6.53 rows=105 width=4)
	  Index Cond: ((id >= 4982512) AND (id <= 4982612))

table 7 : explain SELECT id FROM sbtest7 WHERE id BETWEEN 4982512 AND 4982612
	Index Only Scan using sbtest7_pkey on sbtest7  (cost=0.43..10.33 rows=95 width=4)
	  Index Cond: ((id >= 4982512) AND (id <= 4982612))

table 8 : explain SELECT id FROM sbtest8 WHERE id BETWEEN 4982512 AND 4982612
	Index Only Scan using sbtest8_pkey on sbtest8  (cost=0.43..10.63 rows=110 width=4)
	  Index Cond: ((id >= 4982512) AND (id <= 4982612))

explain: for range-covered :: explain SELECT id FROM sbtest%d WHERE id BETWEEN 4982512 AND 4982612
for range-covered
table 1 : explain SELECT id FROM sbtest1 WHERE id BETWEEN 2263076 AND 2263176
	Index Only Scan using sbtest1_pkey on sbtest1  (cost=0.43..10.56 rows=106 width=4)
	  Index Cond: ((id >= 2263076) AND (id <= 2263176))

table 2 : explain SELECT id FROM sbtest2 WHERE id BETWEEN 2263076 AND 2263176
	Index Only Scan using sbtest2_pkey on sbtest2  (cost=0.43..6.61 rows=109 width=4)
	  Index Cond: ((id >= 2263076) AND (id <= 2263176))

table 3 : explain SELECT id FROM sbtest3 WHERE id BETWEEN 2263076 AND 2263176
	Index Only Scan using sbtest3_pkey on sbtest3  (cost=0.43..6.59 rows=108 width=4)
	  Index Cond: ((id >= 2263076) AND (id <= 2263176))

table 4 : explain SELECT id FROM sbtest4 WHERE id BETWEEN 2263076 AND 2263176
	Index Only Scan using sbtest4_pkey on sbtest4  (cost=0.43..6.58 rows=107 width=4)
	  Index Cond: ((id >= 2263076) AND (id <= 2263176))

table 5 : explain SELECT id FROM sbtest5 WHERE id BETWEEN 2263076 AND 2263176
	Index Only Scan using sbtest5_pkey on sbtest5  (cost=0.43..10.51 rows=104 width=4)
	  Index Cond: ((id >= 2263076) AND (id <= 2263176))

table 6 : explain SELECT id FROM sbtest6 WHERE id BETWEEN 2263076 AND 2263176
	Index Only Scan using sbtest6_pkey on sbtest6  (cost=0.43..6.37 rows=97 width=4)
	  Index Cond: ((id >= 2263076) AND (id <= 2263176))

table 7 : explain SELECT id FROM sbtest7 WHERE id BETWEEN 2263076 AND 2263176
	Index Only Scan using sbtest7_pkey on sbtest7  (cost=0.43..10.68 rows=112 width=4)
	  Index Cond: ((id >= 2263076) AND (id <= 2263176))

table 8 : explain SELECT id FROM sbtest8 WHERE id BETWEEN 2263076 AND 2263176
	Index Only Scan using sbtest8_pkey on sbtest8  (cost=0.43..10.54 rows=105 width=4)
	  Index Cond: ((id >= 2263076) AND (id <= 2263176))

explain: for range-covered :: explain SELECT id FROM sbtest%d WHERE id BETWEEN 2263076 AND 2263176
for range-covered
table 1 : explain SELECT id FROM sbtest1 WHERE id BETWEEN 4779635 AND 4779735
	Index Only Scan using sbtest1_pkey on sbtest1  (cost=0.43..10.32 rows=94 width=4)
	  Index Cond: ((id >= 4779635) AND (id <= 4779735))

table 2 : explain SELECT id FROM sbtest2 WHERE id BETWEEN 4779635 AND 4779735
	Index Only Scan using sbtest2_pkey on sbtest2  (cost=0.43..6.53 rows=105 width=4)
	  Index Cond: ((id >= 4779635) AND (id <= 4779735))

table 3 : explain SELECT id FROM sbtest3 WHERE id BETWEEN 4779635 AND 4779735
	Index Only Scan using sbtest3_pkey on sbtest3  (cost=0.43..6.32 rows=94 width=4)
	  Index Cond: ((id >= 4779635) AND (id <= 4779735))

table 4 : explain SELECT id FROM sbtest4 WHERE id BETWEEN 4779635 AND 4779735
	Index Only Scan using sbtest4_pkey on sbtest4  (cost=0.43..6.24 rows=90 width=4)
	  Index Cond: ((id >= 4779635) AND (id <= 4779735))

table 5 : explain SELECT id FROM sbtest5 WHERE id BETWEEN 4779635 AND 4779735
	Index Only Scan using sbtest5_pkey on sbtest5  (cost=0.43..10.50 rows=103 width=4)
	  Index Cond: ((id >= 4779635) AND (id <= 4779735))

table 6 : explain SELECT id FROM sbtest6 WHERE id BETWEEN 4779635 AND 4779735
	Index Only Scan using sbtest6_pkey on sbtest6  (cost=0.43..6.58 rows=107 width=4)
	  Index Cond: ((id >= 4779635) AND (id <= 4779735))

table 7 : explain SELECT id FROM sbtest7 WHERE id BETWEEN 4779635 AND 4779735
	Index Only Scan using sbtest7_pkey on sbtest7  (cost=0.43..10.44 rows=100 width=4)
	  Index Cond: ((id >= 4779635) AND (id <= 4779735))

table 8 : explain SELECT id FROM sbtest8 WHERE id BETWEEN 4779635 AND 4779735
	Index Only Scan using sbtest8_pkey on sbtest8  (cost=0.43..10.62 rows=109 width=4)
	  Index Cond: ((id >= 4779635) AND (id <= 4779735))

explain: for range-covered :: explain SELECT id FROM sbtest%d WHERE id BETWEEN 4779635 AND 4779735
for range-covered
table 1 : explain SELECT id FROM sbtest1 WHERE id BETWEEN 4982512 AND 4982612
	Index Only Scan using sbtest1_pkey on sbtest1  (cost=0.43..10.50 rows=103 width=4)
	  Index Cond: ((id >= 4982512) AND (id <= 4982612))

table 2 : explain SELECT id FROM sbtest2 WHERE id BETWEEN 4982512 AND 4982612
	Index Only Scan using sbtest2_pkey on sbtest2  (cost=0.43..6.59 rows=108 width=4)
	  Index Cond: ((id >= 4982512) AND (id <= 4982612))

table 3 : explain SELECT id FROM sbtest3 WHERE id BETWEEN 4982512 AND 4982612
	Index Only Scan using sbtest3_pkey on sbtest3  (cost=0.43..6.50 rows=103 width=4)
	  Index Cond: ((id >= 4982512) AND (id <= 4982612))

table 4 : explain SELECT id FROM sbtest4 WHERE id BETWEEN 4982512 AND 4982612
	Index Only Scan using sbtest4_pkey on sbtest4  (cost=0.43..6.59 rows=108 width=4)
	  Index Cond: ((id >= 4982512) AND (id <= 4982612))

table 5 : explain SELECT id FROM sbtest5 WHERE id BETWEEN 4982512 AND 4982612
	Index Only Scan using sbtest5_pkey on sbtest5  (cost=0.43..10.36 rows=96 width=4)
	  Index Cond: ((id >= 4982512) AND (id <= 4982612))

table 6 : explain SELECT id FROM sbtest6 WHERE id BETWEEN 4982512 AND 4982612
	Index Only Scan using sbtest6_pkey on sbtest6  (cost=0.43..6.53 rows=105 width=4)
	  Index Cond: ((id >= 4982512) AND (id <= 4982612))

table 7 : explain SELECT id FROM sbtest7 WHERE id BETWEEN 4982512 AND 4982612
	Index Only Scan using sbtest7_pkey on sbtest7  (cost=0.43..10.33 rows=95 width=4)
	  Index Cond: ((id >= 4982512) AND (id <= 4982612))

table 8 : explain SELECT id FROM sbtest8 WHERE id BETWEEN 4982512 AND 4982612
	Index Only Scan using sbtest8_pkey on sbtest8  (cost=0.43..10.63 rows=110 width=4)
	  Index Cond: ((id >= 4982512) AND (id <= 4982612))

explain: for range-covered :: explain SELECT id FROM sbtest%d WHERE id BETWEEN 4982512 AND 4982612
for range-covered
table 1 : explain SELECT id FROM sbtest1 WHERE id BETWEEN 2263076 AND 2263176
	Index Only Scan using sbtest1_pkey on sbtest1  (cost=0.43..10.56 rows=106 width=4)
	  Index Cond: ((id >= 2263076) AND (id <= 2263176))

table 2 : explain SELECT id FROM sbtest2 WHERE id BETWEEN 2263076 AND 2263176
	Index Only Scan using sbtest2_pkey on sbtest2  (cost=0.43..6.61 rows=109 width=4)
	  Index Cond: ((id >= 2263076) AND (id <= 2263176))

table 3 : explain SELECT id FROM sbtest3 WHERE id BETWEEN 2263076 AND 2263176
	Index Only Scan using sbtest3_pkey on sbtest3  (cost=0.43..6.59 rows=108 width=4)
	  Index Cond: ((id >= 2263076) AND (id <= 2263176))

table 4 : explain SELECT id FROM sbtest4 WHERE id BETWEEN 2263076 AND 2263176
	Index Only Scan using sbtest4_pkey on sbtest4  (cost=0.43..6.58 rows=107 width=4)
	  Index Cond: ((id >= 2263076) AND (id <= 2263176))

table 5 : explain SELECT id FROM sbtest5 WHERE id BETWEEN 2263076 AND 2263176
	Index Only Scan using sbtest5_pkey on sbtest5  (cost=0.43..10.51 rows=104 width=4)
	  Index Cond: ((id >= 2263076) AND (id <= 2263176))

table 6 : explain SELECT id FROM sbtest6 WHERE id BETWEEN 2263076 AND 2263176
	Index Only Scan using sbtest6_pkey on sbtest6  (cost=0.43..6.37 rows=97 width=4)
	  Index Cond: ((id >= 2263076) AND (id <= 2263176))

table 7 : explain SELECT id FROM sbtest7 WHERE id BETWEEN 2263076 AND 2263176
	Index Only Scan using sbtest7_pkey on sbtest7  (cost=0.43..10.68 rows=112 width=4)
	  Index Cond: ((id >= 2263076) AND (id <= 2263176))

table 8 : explain SELECT id FROM sbtest8 WHERE id BETWEEN 2263076 AND 2263176
	Index Only Scan using sbtest8_pkey on sbtest8  (cost=0.43..10.54 rows=105 width=4)
	  Index Cond: ((id >= 2263076) AND (id <= 2263176))

explain: for range-covered :: explain SELECT id FROM sbtest%d WHERE id BETWEEN 2263076 AND 2263176
for range-covered
table 1 : explain SELECT id FROM sbtest1 WHERE id BETWEEN 4779635 AND 4779735
	Index Only Scan using sbtest1_pkey on sbtest1  (cost=0.43..10.32 rows=94 width=4)
	  Index Cond: ((id >= 4779635) AND (id <= 4779735))

table 2 : explain SELECT id FROM sbtest2 WHERE id BETWEEN 4779635 AND 4779735
	Index Only Scan using sbtest2_pkey on sbtest2  (cost=0.43..6.53 rows=105 width=4)
	  Index Cond: ((id >= 4779635) AND (id <= 4779735))

table 3 : explain SELECT id FROM sbtest3 WHERE id BETWEEN 4779635 AND 4779735
	Index Only Scan using sbtest3_pkey on sbtest3  (cost=0.43..6.32 rows=94 width=4)
	  Index Cond: ((id >= 4779635) AND (id <= 4779735))

table 4 : explain SELECT id FROM sbtest4 WHERE id BETWEEN 4779635 AND 4779735
	Index Only Scan using sbtest4_pkey on sbtest4  (cost=0.43..6.24 rows=90 width=4)
	  Index Cond: ((id >= 4779635) AND (id <= 4779735))

table 5 : explain SELECT id FROM sbtest5 WHERE id BETWEEN 4779635 AND 4779735
	Index Only Scan using sbtest5_pkey on sbtest5  (cost=0.43..10.50 rows=103 width=4)
	  Index Cond: ((id >= 4779635) AND (id <= 4779735))

table 6 : explain SELECT id FROM sbtest6 WHERE id BETWEEN 4779635 AND 4779735
	Index Only Scan using sbtest6_pkey on sbtest6  (cost=0.43..6.58 rows=107 width=4)
	  Index Cond: ((id >= 4779635) AND (id <= 4779735))

table 7 : explain SELECT id FROM sbtest7 WHERE id BETWEEN 4779635 AND 4779735
	Index Only Scan using sbtest7_pkey on sbtest7  (cost=0.43..10.44 rows=100 width=4)
	  Index Cond: ((id >= 4779635) AND (id <= 4779735))

table 8 : explain SELECT id FROM sbtest8 WHERE id BETWEEN 4779635 AND 4779735
	Index Only Scan using sbtest8_pkey on sbtest8  (cost=0.43..10.62 rows=109 width=4)
	  Index Cond: ((id >= 4779635) AND (id <= 4779735))

explain: for range-covered :: explain SELECT id FROM sbtest%d WHERE id BETWEEN 4779635 AND 4779735
for range-covered
table 1 : explain SELECT id FROM sbtest1 WHERE id BETWEEN 4982512 AND 4982612
	Index Only Scan using sbtest1_pkey on sbtest1  (cost=0.43..10.50 rows=103 width=4)
	  Index Cond: ((id >= 4982512) AND (id <= 4982612))

table 2 : explain SELECT id FROM sbtest2 WHERE id BETWEEN 4982512 AND 4982612
	Index Only Scan using sbtest2_pkey on sbtest2  (cost=0.43..6.59 rows=108 width=4)
	  Index Cond: ((id >= 4982512) AND (id <= 4982612))

table 3 : explain SELECT id FROM sbtest3 WHERE id BETWEEN 4982512 AND 4982612
	Index Only Scan using sbtest3_pkey on sbtest3  (cost=0.43..6.50 rows=103 width=4)
	  Index Cond: ((id >= 4982512) AND (id <= 4982612))

table 4 : explain SELECT id FROM sbtest4 WHERE id BETWEEN 4982512 AND 4982612
	Index Only Scan using sbtest4_pkey on sbtest4  (cost=0.43..6.59 rows=108 width=4)
	  Index Cond: ((id >= 4982512) AND (id <= 4982612))

table 5 : explain SELECT id FROM sbtest5 WHERE id BETWEEN 4982512 AND 4982612
	Index Only Scan using sbtest5_pkey on sbtest5  (cost=0.43..10.36 rows=96 width=4)
	  Index Cond: ((id >= 4982512) AND (id <= 4982612))

table 6 : explain SELECT id FROM sbtest6 WHERE id BETWEEN 4982512 AND 4982612
	Index Only Scan using sbtest6_pkey on sbtest6  (cost=0.43..6.53 rows=105 width=4)
	  Index Cond: ((id >= 4982512) AND (id <= 4982612))

table 7 : explain SELECT id FROM sbtest7 WHERE id BETWEEN 4982512 AND 4982612
	Index Only Scan using sbtest7_pkey on sbtest7  (cost=0.43..10.33 rows=95 width=4)
	  Index Cond: ((id >= 4982512) AND (id <= 4982612))

table 8 : explain SELECT id FROM sbtest8 WHERE id BETWEEN 4982512 AND 4982612
	Index Only Scan using sbtest8_pkey on sbtest8  (cost=0.43..10.63 rows=110 width=4)
	  Index Cond: ((id >= 4982512) AND (id <= 4982612))

explain: for range-covered :: explain SELECT id FROM sbtest%d WHERE id BETWEEN 4982512 AND 4982612
for range-covered
table 1 : explain SELECT id FROM sbtest1 WHERE id BETWEEN 2263076 AND 2263176
	Index Only Scan using sbtest1_pkey on sbtest1  (cost=0.43..10.56 rows=106 width=4)
	  Index Cond: ((id >= 2263076) AND (id <= 2263176))

table 2 : explain SELECT id FROM sbtest2 WHERE id BETWEEN 2263076 AND 2263176
	Index Only Scan using sbtest2_pkey on sbtest2  (cost=0.43..6.61 rows=109 width=4)
	  Index Cond: ((id >= 2263076) AND (id <= 2263176))

table 3 : explain SELECT id FROM sbtest3 WHERE id BETWEEN 2263076 AND 2263176
	Index Only Scan using sbtest3_pkey on sbtest3  (cost=0.43..6.59 rows=108 width=4)
	  Index Cond: ((id >= 2263076) AND (id <= 2263176))

table 4 : explain SELECT id FROM sbtest4 WHERE id BETWEEN 2263076 AND 2263176
	Index Only Scan using sbtest4_pkey on sbtest4  (cost=0.43..6.58 rows=107 width=4)
	  Index Cond: ((id >= 2263076) AND (id <= 2263176))

table 5 : explain SELECT id FROM sbtest5 WHERE id BETWEEN 2263076 AND 2263176
	Index Only Scan using sbtest5_pkey on sbtest5  (cost=0.43..10.51 rows=104 width=4)
	  Index Cond: ((id >= 2263076) AND (id <= 2263176))

table 6 : explain SELECT id FROM sbtest6 WHERE id BETWEEN 2263076 AND 2263176
	Index Only Scan using sbtest6_pkey on sbtest6  (cost=0.43..6.37 rows=97 width=4)
	  Index Cond: ((id >= 2263076) AND (id <= 2263176))

table 7 : explain SELECT id FROM sbtest7 WHERE id BETWEEN 2263076 AND 2263176
	Index Only Scan using sbtest7_pkey on sbtest7  (cost=0.43..10.68 rows=112 width=4)
	  Index Cond: ((id >= 2263076) AND (id <= 2263176))

table 8 : explain SELECT id FROM sbtest8 WHERE id BETWEEN 2263076 AND 2263176
	Index Only Scan using sbtest8_pkey on sbtest8  (cost=0.43..10.54 rows=105 width=4)
	  Index Cond: ((id >= 2263076) AND (id <= 2263176))

explain: for range-covered :: explain SELECT id FROM sbtest%d WHERE id BETWEEN 2263076 AND 2263176
for range-covered
table 1 : explain SELECT id FROM sbtest1 WHERE id BETWEEN 4779635 AND 4779735
	Index Only Scan using sbtest1_pkey on sbtest1  (cost=0.43..10.32 rows=94 width=4)
	  Index Cond: ((id >= 4779635) AND (id <= 4779735))

table 2 : explain SELECT id FROM sbtest2 WHERE id BETWEEN 4779635 AND 4779735
	Index Only Scan using sbtest2_pkey on sbtest2  (cost=0.43..6.53 rows=105 width=4)
	  Index Cond: ((id >= 4779635) AND (id <= 4779735))

table 3 : explain SELECT id FROM sbtest3 WHERE id BETWEEN 4779635 AND 4779735
	Index Only Scan using sbtest3_pkey on sbtest3  (cost=0.43..6.32 rows=94 width=4)
	  Index Cond: ((id >= 4779635) AND (id <= 4779735))

table 4 : explain SELECT id FROM sbtest4 WHERE id BETWEEN 4779635 AND 4779735
	Index Only Scan using sbtest4_pkey on sbtest4  (cost=0.43..6.24 rows=90 width=4)
	  Index Cond: ((id >= 4779635) AND (id <= 4779735))

table 5 : explain SELECT id FROM sbtest5 WHERE id BETWEEN 4779635 AND 4779735
	Index Only Scan using sbtest5_pkey on sbtest5  (cost=0.43..10.50 rows=103 width=4)
	  Index Cond: ((id >= 4779635) AND (id <= 4779735))

table 6 : explain SELECT id FROM sbtest6 WHERE id BETWEEN 4779635 AND 4779735
	Index Only Scan using sbtest6_pkey on sbtest6  (cost=0.43..6.58 rows=107 width=4)
	  Index Cond: ((id >= 4779635) AND (id <= 4779735))

table 7 : explain SELECT id FROM sbtest7 WHERE id BETWEEN 4779635 AND 4779735
	Index Only Scan using sbtest7_pkey on sbtest7  (cost=0.43..10.44 rows=100 width=4)
	  Index Cond: ((id >= 4779635) AND (id <= 4779735))

table 8 : explain SELECT id FROM sbtest8 WHERE id BETWEEN 4779635 AND 4779735
	Index Only Scan using sbtest8_pkey on sbtest8  (cost=0.43..10.62 rows=109 width=4)
	  Index Cond: ((id >= 4779635) AND (id <= 4779735))

explain: for range-covered :: explain SELECT id FROM sbtest%d WHERE id BETWEEN 4779635 AND 4779735
for range-covered
table 1 : explain SELECT id FROM sbtest1 WHERE id BETWEEN 4982512 AND 4982612
	Index Only Scan using sbtest1_pkey on sbtest1  (cost=0.43..10.50 rows=103 width=4)
	  Index Cond: ((id >= 4982512) AND (id <= 4982612))

table 2 : explain SELECT id FROM sbtest2 WHERE id BETWEEN 4982512 AND 4982612
	Index Only Scan using sbtest2_pkey on sbtest2  (cost=0.43..6.59 rows=108 width=4)
	  Index Cond: ((id >= 4982512) AND (id <= 4982612))

table 3 : explain SELECT id FROM sbtest3 WHERE id BETWEEN 4982512 AND 4982612
	Index Only Scan using sbtest3_pkey on sbtest3  (cost=0.43..6.50 rows=103 width=4)
	  Index Cond: ((id >= 4982512) AND (id <= 4982612))

table 4 : explain SELECT id FROM sbtest4 WHERE id BETWEEN 4982512 AND 4982612
	Index Only Scan using sbtest4_pkey on sbtest4  (cost=0.43..6.59 rows=108 width=4)
	  Index Cond: ((id >= 4982512) AND (id <= 4982612))

table 5 : explain SELECT id FROM sbtest5 WHERE id BETWEEN 4982512 AND 4982612
	Index Only Scan using sbtest5_pkey on sbtest5  (cost=0.43..10.36 rows=96 width=4)
	  Index Cond: ((id >= 4982512) AND (id <= 4982612))

table 6 : explain SELECT id FROM sbtest6 WHERE id BETWEEN 4982512 AND 4982612
	Index Only Scan using sbtest6_pkey on sbtest6  (cost=0.43..6.53 rows=105 width=4)
	  Index Cond: ((id >= 4982512) AND (id <= 4982612))

table 7 : explain SELECT id FROM sbtest7 WHERE id BETWEEN 4982512 AND 4982612
	Index Only Scan using sbtest7_pkey on sbtest7  (cost=0.43..10.33 rows=95 width=4)
	  Index Cond: ((id >= 4982512) AND (id <= 4982612))

table 8 : explain SELECT id FROM sbtest8 WHERE id BETWEEN 4982512 AND 4982612
	Index Only Scan using sbtest8_pkey on sbtest8  (cost=0.43..10.63 rows=110 width=4)
	  Index Cond: ((id >= 4982512) AND (id <= 4982612))

explain: for range-covered :: explain SELECT id FROM sbtest%d WHERE id BETWEEN 4982512 AND 4982612
for range-covered
table 1 : explain SELECT id FROM sbtest1 WHERE id BETWEEN 2263076 AND 2263176
	Index Only Scan using sbtest1_pkey on sbtest1  (cost=0.43..10.56 rows=106 width=4)
	  Index Cond: ((id >= 2263076) AND (id <= 2263176))

table 2 : explain SELECT id FROM sbtest2 WHERE id BETWEEN 2263076 AND 2263176
	Index Only Scan using sbtest2_pkey on sbtest2  (cost=0.43..6.61 rows=109 width=4)
	  Index Cond: ((id >= 2263076) AND (id <= 2263176))

table 3 : explain SELECT id FROM sbtest3 WHERE id BETWEEN 2263076 AND 2263176
	Index Only Scan using sbtest3_pkey on sbtest3  (cost=0.43..6.59 rows=108 width=4)
	  Index Cond: ((id >= 2263076) AND (id <= 2263176))

table 4 : explain SELECT id FROM sbtest4 WHERE id BETWEEN 2263076 AND 2263176
	Index Only Scan using sbtest4_pkey on sbtest4  (cost=0.43..6.58 rows=107 width=4)
	  Index Cond: ((id >= 2263076) AND (id <= 2263176))

table 5 : explain SELECT id FROM sbtest5 WHERE id BETWEEN 2263076 AND 2263176
	Index Only Scan using sbtest5_pkey on sbtest5  (cost=0.43..10.51 rows=104 width=4)
	  Index Cond: ((id >= 2263076) AND (id <= 2263176))

table 6 : explain SELECT id FROM sbtest6 WHERE id BETWEEN 2263076 AND 2263176
	Index Only Scan using sbtest6_pkey on sbtest6  (cost=0.43..6.37 rows=97 width=4)
	  Index Cond: ((id >= 2263076) AND (id <= 2263176))

table 7 : explain SELECT id FROM sbtest7 WHERE id BETWEEN 2263076 AND 2263176
	Index Only Scan using sbtest7_pkey on sbtest7  (cost=0.43..10.68 rows=112 width=4)
	  Index Cond: ((id >= 2263076) AND (id <= 2263176))

table 8 : explain SELECT id FROM sbtest8 WHERE id BETWEEN 2263076 AND 2263176
	Index Only Scan using sbtest8_pkey on sbtest8  (cost=0.43..10.54 rows=105 width=4)
	  Index Cond: ((id >= 2263076) AND (id <= 2263176))

explain: for range-covered :: explain SELECT id FROM sbtest%d WHERE id BETWEEN 2263076 AND 2263176
for range-covered
table 1 : explain SELECT id FROM sbtest1 WHERE id BETWEEN 4779635 AND 4779735
	Index Only Scan using sbtest1_pkey on sbtest1  (cost=0.43..10.32 rows=94 width=4)
	  Index Cond: ((id >= 4779635) AND (id <= 4779735))

table 2 : explain SELECT id FROM sbtest2 WHERE id BETWEEN 4779635 AND 4779735
	Index Only Scan using sbtest2_pkey on sbtest2  (cost=0.43..6.53 rows=105 width=4)
	  Index Cond: ((id >= 4779635) AND (id <= 4779735))

table 3 : explain SELECT id FROM sbtest3 WHERE id BETWEEN 4779635 AND 4779735
	Index Only Scan using sbtest3_pkey on sbtest3  (cost=0.43..6.32 rows=94 width=4)
	  Index Cond: ((id >= 4779635) AND (id <= 4779735))

table 4 : explain SELECT id FROM sbtest4 WHERE id BETWEEN 4779635 AND 4779735
	Index Only Scan using sbtest4_pkey on sbtest4  (cost=0.43..6.24 rows=90 width=4)
	  Index Cond: ((id >= 4779635) AND (id <= 4779735))

table 5 : explain SELECT id FROM sbtest5 WHERE id BETWEEN 4779635 AND 4779735
	Index Only Scan using sbtest5_pkey on sbtest5  (cost=0.43..10.50 rows=103 width=4)
	  Index Cond: ((id >= 4779635) AND (id <= 4779735))

table 6 : explain SELECT id FROM sbtest6 WHERE id BETWEEN 4779635 AND 4779735
	Index Only Scan using sbtest6_pkey on sbtest6  (cost=0.43..6.58 rows=107 width=4)
	  Index Cond: ((id >= 4779635) AND (id <= 4779735))

table 7 : explain SELECT id FROM sbtest7 WHERE id BETWEEN 4779635 AND 4779735
	Index Only Scan using sbtest7_pkey on sbtest7  (cost=0.43..10.44 rows=100 width=4)
	  Index Cond: ((id >= 4779635) AND (id <= 4779735))

table 8 : explain SELECT id FROM sbtest8 WHERE id BETWEEN 4779635 AND 4779735
	Index Only Scan using sbtest8_pkey on sbtest8  (cost=0.43..10.62 rows=109 width=4)
	  Index Cond: ((id >= 4779635) AND (id <= 4779735))

explain: for range-covered :: explain SELECT id FROM sbtest%d WHERE id BETWEEN 4779635 AND 4779735
explain: for range-covered :: explain SELECT id FROM sbtest%d WHERE id BETWEEN 6388535 AND 6388635
for range-covered
table 1 : explain SELECT id FROM sbtest1 WHERE id BETWEEN 5214003 AND 5214103
	Index Only Scan using sbtest1_pkey on sbtest1  (cost=0.43..10.63 rows=110 width=4)
	  Index Cond: ((id >= 5214003) AND (id <= 5214103))

table 2 : explain SELECT id FROM sbtest2 WHERE id BETWEEN 5214003 AND 5214103
	Index Only Scan using sbtest2_pkey on sbtest2  (cost=0.43..6.33 rows=95 width=4)
	  Index Cond: ((id >= 5214003) AND (id <= 5214103))

table 3 : explain SELECT id FROM sbtest3 WHERE id BETWEEN 5214003 AND 5214103
	Index Only Scan using sbtest3_pkey on sbtest3  (cost=0.43..6.51 rows=104 width=4)
	  Index Cond: ((id >= 5214003) AND (id <= 5214103))

table 4 : explain SELECT id FROM sbtest4 WHERE id BETWEEN 5214003 AND 5214103
	Index Only Scan using sbtest4_pkey on sbtest4  (cost=0.43..6.43 rows=100 width=4)
	  Index Cond: ((id >= 5214003) AND (id <= 5214103))

table 5 : explain SELECT id FROM sbtest5 WHERE id BETWEEN 5214003 AND 5214103
	Index Only Scan using sbtest5_pkey on sbtest5  (cost=0.43..10.33 rows=95 width=4)
	  Index Cond: ((id >= 5214003) AND (id <= 5214103))

table 6 : explain SELECT id FROM sbtest6 WHERE id BETWEEN 5214003 AND 5214103
	Index Only Scan using sbtest6_pkey on sbtest6  (cost=0.43..6.58 rows=107 width=4)
	  Index Cond: ((id >= 5214003) AND (id <= 5214103))

table 7 : explain SELECT id FROM sbtest7 WHERE id BETWEEN 5214003 AND 5214103
	Index Only Scan using sbtest7_pkey on sbtest7  (cost=0.43..10.50 rows=103 width=4)
	  Index Cond: ((id >= 5214003) AND (id <= 5214103))

table 8 : explain SELECT id FROM sbtest8 WHERE id BETWEEN 5214003 AND 5214103
	Index Only Scan using sbtest8_pkey on sbtest8  (cost=0.43..10.29 rows=93 width=4)
	  Index Cond: ((id >= 5214003) AND (id <= 5214103))

for range-covered
table 1 : explain SELECT id FROM sbtest1 WHERE id BETWEEN 7088927 AND 7089027
	Index Only Scan using sbtest1_pkey on sbtest1  (cost=0.43..10.51 rows=104 width=4)
	  Index Cond: ((id >= 7088927) AND (id <= 7089027))

table 2 : explain SELECT id FROM sbtest2 WHERE id BETWEEN 7088927 AND 7089027
	Index Only Scan using sbtest2_pkey on sbtest2  (cost=0.43..6.25 rows=91 width=4)
	  Index Cond: ((id >= 7088927) AND (id <= 7089027))

table 3 : explain SELECT id FROM sbtest3 WHERE id BETWEEN 7088927 AND 7089027
	Index Only Scan using sbtest3_pkey on sbtest3  (cost=0.43..6.58 rows=107 width=4)
	  Index Cond: ((id >= 7088927) AND (id <= 7089027))

table 4 : explain SELECT id FROM sbtest4 WHERE id BETWEEN 7088927 AND 7089027
	Index Only Scan using sbtest4_pkey on sbtest4  (cost=0.43..6.29 rows=93 width=4)
	  Index Cond: ((id >= 7088927) AND (id <= 7089027))

table 5 : explain SELECT id FROM sbtest5 WHERE id BETWEEN 7088927 AND 7089027
	Index Only Scan using sbtest5_pkey on sbtest5  (cost=0.43..10.18 rows=87 width=4)
	  Index Cond: ((id >= 7088927) AND (id <= 7089027))

table 6 : explain SELECT id FROM sbtest6 WHERE id BETWEEN 7088927 AND 7089027
	Index Only Scan using sbtest6_pkey on sbtest6  (cost=0.43..6.45 rows=101 width=4)
	  Index Cond: ((id >= 7088927) AND (id <= 7089027))

table 7 : explain SELECT id FROM sbtest7 WHERE id BETWEEN 7088927 AND 7089027
	Index Only Scan using sbtest7_pkey on sbtest7  (cost=0.43..10.44 rows=100 width=4)
	  Index Cond: ((id >= 7088927) AND (id <= 7089027))

table 8 : explain SELECT id FROM sbtest8 WHERE id BETWEEN 7088927 AND 7089027
	Index Only Scan using sbtest8_pkey on sbtest8  (cost=0.43..10.60 rows=108 width=4)
	  Index Cond: ((id >= 7088927) AND (id <= 7089027))

for range-covered
table 1 : explain SELECT id FROM sbtest1 WHERE id BETWEEN 480732 AND 480832
	Index Only Scan using sbtest1_pkey on sbtest1  (cost=0.43..10.38 rows=97 width=4)
	  Index Cond: ((id >= 480732) AND (id <= 480832))

table 2 : explain SELECT id FROM sbtest2 WHERE id BETWEEN 480732 AND 480832
	Index Only Scan using sbtest2_pkey on sbtest2  (cost=0.43..6.40 rows=98 width=4)
	  Index Cond: ((id >= 480732) AND (id <= 480832))

table 3 : explain SELECT id FROM sbtest3 WHERE id BETWEEN 480732 AND 480832
	Index Only Scan using sbtest3_pkey on sbtest3  (cost=0.43..6.37 rows=97 width=4)
	  Index Cond: ((id >= 480732) AND (id <= 480832))

table 4 : explain SELECT id FROM sbtest4 WHERE id BETWEEN 480732 AND 480832
	Index Only Scan using sbtest4_pkey on sbtest4  (cost=0.43..6.35 rows=96 width=4)
	  Index Cond: ((id >= 480732) AND (id <= 480832))

table 5 : explain SELECT id FROM sbtest5 WHERE id BETWEEN 480732 AND 480832
	Index Only Scan using sbtest5_pkey on sbtest5  (cost=0.43..10.38 rows=97 width=4)
	  Index Cond: ((id >= 480732) AND (id <= 480832))

table 6 : explain SELECT id FROM sbtest6 WHERE id BETWEEN 480732 AND 480832
	Index Only Scan using sbtest6_pkey on sbtest6  (cost=0.43..6.42 rows=99 width=4)
	  Index Cond: ((id >= 480732) AND (id <= 480832))

table 7 : explain SELECT id FROM sbtest7 WHERE id BETWEEN 480732 AND 480832
	Index Only Scan using sbtest7_pkey on sbtest7  (cost=0.43..10.51 rows=104 width=4)
	  Index Cond: ((id >= 480732) AND (id <= 480832))

table 8 : explain SELECT id FROM sbtest8 WHERE id BETWEEN 480732 AND 480832
	Index Only Scan using sbtest8_pkey on sbtest8  (cost=0.43..10.33 rows=95 width=4)
	  Index Cond: ((id >= 480732) AND (id <= 480832))

explain: for range-covered :: explain SELECT id FROM sbtest%d WHERE id BETWEEN 7088927 AND 7089027
for range-covered
table 1 : explain SELECT id FROM sbtest1 WHERE id BETWEEN 7088927 AND 7089027
	Index Only Scan using sbtest1_pkey on sbtest1  (cost=0.43..10.51 rows=104 width=4)
	  Index Cond: ((id >= 7088927) AND (id <= 7089027))

table 2 : explain SELECT id FROM sbtest2 WHERE id BETWEEN 7088927 AND 7089027
	Index Only Scan using sbtest2_pkey on sbtest2  (cost=0.43..6.25 rows=91 width=4)
	  Index Cond: ((id >= 7088927) AND (id <= 7089027))

table 3 : explain SELECT id FROM sbtest3 WHERE id BETWEEN 7088927 AND 7089027
	Index Only Scan using sbtest3_pkey on sbtest3  (cost=0.43..6.58 rows=107 width=4)
	  Index Cond: ((id >= 7088927) AND (id <= 7089027))

table 4 : explain SELECT id FROM sbtest4 WHERE id BETWEEN 7088927 AND 7089027
	Index Only Scan using sbtest4_pkey on sbtest4  (cost=0.43..6.29 rows=93 width=4)
	  Index Cond: ((id >= 7088927) AND (id <= 7089027))

table 5 : explain SELECT id FROM sbtest5 WHERE id BETWEEN 7088927 AND 7089027
	Index Only Scan using sbtest5_pkey on sbtest5  (cost=0.43..10.18 rows=87 width=4)
	  Index Cond: ((id >= 7088927) AND (id <= 7089027))

table 6 : explain SELECT id FROM sbtest6 WHERE id BETWEEN 7088927 AND 7089027
	Index Only Scan using sbtest6_pkey on sbtest6  (cost=0.43..6.45 rows=101 width=4)
	  Index Cond: ((id >= 7088927) AND (id <= 7089027))

table 7 : explain SELECT id FROM sbtest7 WHERE id BETWEEN 7088927 AND 7089027
	Index Only Scan using sbtest7_pkey on sbtest7  (cost=0.43..10.44 rows=100 width=4)
	  Index Cond: ((id >= 7088927) AND (id <= 7089027))

table 8 : explain SELECT id FROM sbtest8 WHERE id BETWEEN 7088927 AND 7089027
	Index Only Scan using sbtest8_pkey on sbtest8  (cost=0.43..10.60 rows=108 width=4)
	  Index Cond: ((id >= 7088927) AND (id <= 7089027))

explain: for range-covered :: explain SELECT id FROM sbtest%d WHERE id BETWEEN 7088927 AND 7089027
for range-covered
table 1 : explain SELECT id FROM sbtest1 WHERE id BETWEEN 7846950 AND 7847050
	Index Only Scan using sbtest1_pkey on sbtest1  (cost=0.43..10.29 rows=93 width=4)
	  Index Cond: ((id >= 7846950) AND (id <= 7847050))

table 2 : explain SELECT id FROM sbtest2 WHERE id BETWEEN 7846950 AND 7847050
	Index Only Scan using sbtest2_pkey on sbtest2  (cost=0.43..6.50 rows=103 width=4)
	  Index Cond: ((id >= 7846950) AND (id <= 7847050))

table 3 : explain SELECT id FROM sbtest3 WHERE id BETWEEN 7846950 AND 7847050
	Index Only Scan using sbtest3_pkey on sbtest3  (cost=0.43..6.51 rows=104 width=4)
	  Index Cond: ((id >= 7846950) AND (id <= 7847050))

table 4 : explain SELECT id FROM sbtest4 WHERE id BETWEEN 7846950 AND 7847050
	Index Only Scan using sbtest4_pkey on sbtest4  (cost=0.43..6.27 rows=92 width=4)
	  Index Cond: ((id >= 7846950) AND (id <= 7847050))

table 5 : explain SELECT id FROM sbtest5 WHERE id BETWEEN 7846950 AND 7847050
	Index Only Scan using sbtest5_pkey on sbtest5  (cost=0.43..10.51 rows=104 width=4)
	  Index Cond: ((id >= 7846950) AND (id <= 7847050))

table 6 : explain SELECT id FROM sbtest6 WHERE id BETWEEN 7846950 AND 7847050
	Index Only Scan using sbtest6_pkey on sbtest6  (cost=0.43..6.51 rows=104 width=4)
	  Index Cond: ((id >= 7846950) AND (id <= 7847050))

table 7 : explain SELECT id FROM sbtest7 WHERE id BETWEEN 7846950 AND 7847050
	Index Only Scan using sbtest7_pkey on sbtest7  (cost=0.43..10.54 rows=105 width=4)
	  Index Cond: ((id >= 7846950) AND (id <= 7847050))

table 8 : explain SELECT id FROM sbtest8 WHERE id BETWEEN 7846950 AND 7847050
	Index Only Scan using sbtest8_pkey on sbtest8  (cost=0.43..10.54 rows=105 width=4)
	  Index Cond: ((id >= 7846950) AND (id <= 7847050))

explain: for range-covered :: explain SELECT id FROM sbtest%d WHERE id BETWEEN 7846950 AND 7847050
for range-covered
table 1 : explain SELECT id FROM sbtest1 WHERE id BETWEEN 1470935 AND 1471035
	Index Only Scan using sbtest1_pkey on sbtest1  (cost=0.43..10.44 rows=100 width=4)
	  Index Cond: ((id >= 1470935) AND (id <= 1471035))

table 2 : explain SELECT id FROM sbtest2 WHERE id BETWEEN 1470935 AND 1471035
	Index Only Scan using sbtest2_pkey on sbtest2  (cost=0.43..6.51 rows=104 width=4)
	  Index Cond: ((id >= 1470935) AND (id <= 1471035))

table 3 : explain SELECT id FROM sbtest3 WHERE id BETWEEN 1470935 AND 1471035
	Index Only Scan using sbtest3_pkey on sbtest3  (cost=0.43..6.27 rows=92 width=4)
	  Index Cond: ((id >= 1470935) AND (id <= 1471035))

table 4 : explain SELECT id FROM sbtest4 WHERE id BETWEEN 1470935 AND 1471035
	Index Only Scan using sbtest4_pkey on sbtest4  (cost=0.43..6.43 rows=100 width=4)
	  Index Cond: ((id >= 1470935) AND (id <= 1471035))

table 5 : explain SELECT id FROM sbtest5 WHERE id BETWEEN 1470935 AND 1471035
	Index Only Scan using sbtest5_pkey on sbtest5  (cost=0.43..10.50 rows=103 width=4)
	  Index Cond: ((id >= 1470935) AND (id <= 1471035))

table 6 : explain SELECT id FROM sbtest6 WHERE id BETWEEN 1470935 AND 1471035
	Index Only Scan using sbtest6_pkey on sbtest6  (cost=0.43..6.47 rows=102 width=4)
	  Index Cond: ((id >= 1470935) AND (id <= 1471035))

table 7 : explain SELECT id FROM sbtest7 WHERE id BETWEEN 1470935 AND 1471035
	Index Only Scan using sbtest7_pkey on sbtest7  (cost=0.43..10.72 rows=114 width=4)
	  Index Cond: ((id >= 1470935) AND (id <= 1471035))

table 8 : explain SELECT id FROM sbtest8 WHERE id BETWEEN 1470935 AND 1471035
	Index Only Scan using sbtest8_pkey on sbtest8  (cost=0.43..10.51 rows=104 width=4)
	  Index Cond: ((id >= 1470935) AND (id <= 1471035))

for range-covered
table 1 : explain SELECT id FROM sbtest1 WHERE id BETWEEN 6388535 AND 6388635
	Index Only Scan using sbtest1_pkey on sbtest1  (cost=0.43..10.40 rows=98 width=4)
	  Index Cond: ((id >= 6388535) AND (id <= 6388635))

table 2 : explain SELECT id FROM sbtest2 WHERE id BETWEEN 6388535 AND 6388635
	Index Only Scan using sbtest2_pkey on sbtest2  (cost=0.43..6.40 rows=98 width=4)
	  Index Cond: ((id >= 6388535) AND (id <= 6388635))

table 3 : explain SELECT id FROM sbtest3 WHERE id BETWEEN 6388535 AND 6388635
	Index Only Scan using sbtest3_pkey on sbtest3  (cost=0.43..6.47 rows=102 width=4)
	  Index Cond: ((id >= 6388535) AND (id <= 6388635))

table 4 : explain SELECT id FROM sbtest4 WHERE id BETWEEN 6388535 AND 6388635
	Index Only Scan using sbtest4_pkey on sbtest4  (cost=0.43..6.37 rows=97 width=4)
	  Index Cond: ((id >= 6388535) AND (id <= 6388635))

table 5 : explain SELECT id FROM sbtest5 WHERE id BETWEEN 6388535 AND 6388635
	Index Only Scan using sbtest5_pkey on sbtest5  (cost=0.43..10.62 rows=109 width=4)
	  Index Cond: ((id >= 6388535) AND (id <= 6388635))

table 6 : explain SELECT id FROM sbtest6 WHERE id BETWEEN 6388535 AND 6388635
	Index Only Scan using sbtest6_pkey on sbtest6  (cost=0.43..6.58 rows=107 width=4)
	  Index Cond: ((id >= 6388535) AND (id <= 6388635))

table 7 : explain SELECT id FROM sbtest7 WHERE id BETWEEN 6388535 AND 6388635
	Index Only Scan using sbtest7_pkey on sbtest7  (cost=0.43..10.36 rows=96 width=4)
	  Index Cond: ((id >= 6388535) AND (id <= 6388635))

table 8 : explain SELECT id FROM sbtest8 WHERE id BETWEEN 6388535 AND 6388635
	Index Only Scan using sbtest8_pkey on sbtest8  (cost=0.43..10.54 rows=105 width=4)
	  Index Cond: ((id >= 6388535) AND (id <= 6388635))

explain: for range-covered :: explain SELECT id FROM sbtest%d WHERE id BETWEEN 1470935 AND 1471035
for range-covered
table 1 : explain SELECT id FROM sbtest1 WHERE id BETWEEN 7088927 AND 7089027
	Index Only Scan using sbtest1_pkey on sbtest1  (cost=0.43..10.51 rows=104 width=4)
	  Index Cond: ((id >= 7088927) AND (id <= 7089027))

table 2 : explain SELECT id FROM sbtest2 WHERE id BETWEEN 7088927 AND 7089027
	Index Only Scan using sbtest2_pkey on sbtest2  (cost=0.43..6.25 rows=91 width=4)
	  Index Cond: ((id >= 7088927) AND (id <= 7089027))

table 3 : explain SELECT id FROM sbtest3 WHERE id BETWEEN 7088927 AND 7089027
	Index Only Scan using sbtest3_pkey on sbtest3  (cost=0.43..6.58 rows=107 width=4)
	  Index Cond: ((id >= 7088927) AND (id <= 7089027))

table 4 : explain SELECT id FROM sbtest4 WHERE id BETWEEN 7088927 AND 7089027
	Index Only Scan using sbtest4_pkey on sbtest4  (cost=0.43..6.29 rows=93 width=4)
	  Index Cond: ((id >= 7088927) AND (id <= 7089027))

table 5 : explain SELECT id FROM sbtest5 WHERE id BETWEEN 7088927 AND 7089027
	Index Only Scan using sbtest5_pkey on sbtest5  (cost=0.43..10.18 rows=87 width=4)
	  Index Cond: ((id >= 7088927) AND (id <= 7089027))

table 6 : explain SELECT id FROM sbtest6 WHERE id BETWEEN 7088927 AND 7089027
	Index Only Scan using sbtest6_pkey on sbtest6  (cost=0.43..6.45 rows=101 width=4)
	  Index Cond: ((id >= 7088927) AND (id <= 7089027))

table 7 : explain SELECT id FROM sbtest7 WHERE id BETWEEN 7088927 AND 7089027
	Index Only Scan using sbtest7_pkey on sbtest7  (cost=0.43..10.44 rows=100 width=4)
	  Index Cond: ((id >= 7088927) AND (id <= 7089027))

table 8 : explain SELECT id FROM sbtest8 WHERE id BETWEEN 7088927 AND 7089027
	Index Only Scan using sbtest8_pkey on sbtest8  (cost=0.43..10.60 rows=108 width=4)
	  Index Cond: ((id >= 7088927) AND (id <= 7089027))

for range-covered
table 1 : explain SELECT id FROM sbtest1 WHERE id BETWEEN 4982512 AND 4982612
	Index Only Scan using sbtest1_pkey on sbtest1  (cost=0.43..10.50 rows=103 width=4)
	  Index Cond: ((id >= 4982512) AND (id <= 4982612))

table 2 : explain SELECT id FROM sbtest2 WHERE id BETWEEN 4982512 AND 4982612
	Index Only Scan using sbtest2_pkey on sbtest2  (cost=0.43..6.59 rows=108 width=4)
	  Index Cond: ((id >= 4982512) AND (id <= 4982612))

table 3 : explain SELECT id FROM sbtest3 WHERE id BETWEEN 4982512 AND 4982612
	Index Only Scan using sbtest3_pkey on sbtest3  (cost=0.43..6.50 rows=103 width=4)
	  Index Cond: ((id >= 4982512) AND (id <= 4982612))

table 4 : explain SELECT id FROM sbtest4 WHERE id BETWEEN 4982512 AND 4982612
	Index Only Scan using sbtest4_pkey on sbtest4  (cost=0.43..6.59 rows=108 width=4)
	  Index Cond: ((id >= 4982512) AND (id <= 4982612))

table 5 : explain SELECT id FROM sbtest5 WHERE id BETWEEN 4982512 AND 4982612
	Index Only Scan using sbtest5_pkey on sbtest5  (cost=0.43..10.36 rows=96 width=4)
	  Index Cond: ((id >= 4982512) AND (id <= 4982612))

table 6 : explain SELECT id FROM sbtest6 WHERE id BETWEEN 4982512 AND 4982612
	Index Only Scan using sbtest6_pkey on sbtest6  (cost=0.43..6.53 rows=105 width=4)
	  Index Cond: ((id >= 4982512) AND (id <= 4982612))

table 7 : explain SELECT id FROM sbtest7 WHERE id BETWEEN 4982512 AND 4982612
	Index Only Scan using sbtest7_pkey on sbtest7  (cost=0.43..10.33 rows=95 width=4)
	  Index Cond: ((id >= 4982512) AND (id <= 4982612))

table 8 : explain SELECT id FROM sbtest8 WHERE id BETWEEN 4982512 AND 4982612
	Index Only Scan using sbtest8_pkey on sbtest8  (cost=0.43..10.63 rows=110 width=4)
	  Index Cond: ((id >= 4982512) AND (id <= 4982612))

explain: for range-covered :: explain SELECT id FROM sbtest%d WHERE id BETWEEN 7088927 AND 7089027
explain: for range-covered :: explain SELECT id FROM sbtest%d WHERE id BETWEEN 6388535 AND 6388635
for range-covered
table 1 : explain SELECT id FROM sbtest1 WHERE id BETWEEN 2263076 AND 2263176
	Index Only Scan using sbtest1_pkey on sbtest1  (cost=0.43..10.56 rows=106 width=4)
	  Index Cond: ((id >= 2263076) AND (id <= 2263176))

table 2 : explain SELECT id FROM sbtest2 WHERE id BETWEEN 2263076 AND 2263176
	Index Only Scan using sbtest2_pkey on sbtest2  (cost=0.43..6.61 rows=109 width=4)
	  Index Cond: ((id >= 2263076) AND (id <= 2263176))

table 3 : explain SELECT id FROM sbtest3 WHERE id BETWEEN 2263076 AND 2263176
	Index Only Scan using sbtest3_pkey on sbtest3  (cost=0.43..6.59 rows=108 width=4)
	  Index Cond: ((id >= 2263076) AND (id <= 2263176))

table 4 : explain SELECT id FROM sbtest4 WHERE id BETWEEN 2263076 AND 2263176
	Index Only Scan using sbtest4_pkey on sbtest4  (cost=0.43..6.58 rows=107 width=4)
	  Index Cond: ((id >= 2263076) AND (id <= 2263176))

table 5 : explain SELECT id FROM sbtest5 WHERE id BETWEEN 2263076 AND 2263176
	Index Only Scan using sbtest5_pkey on sbtest5  (cost=0.43..10.51 rows=104 width=4)
	  Index Cond: ((id >= 2263076) AND (id <= 2263176))

table 6 : explain SELECT id FROM sbtest6 WHERE id BETWEEN 2263076 AND 2263176
	Index Only Scan using sbtest6_pkey on sbtest6  (cost=0.43..6.37 rows=97 width=4)
	  Index Cond: ((id >= 2263076) AND (id <= 2263176))

table 7 : explain SELECT id FROM sbtest7 WHERE id BETWEEN 2263076 AND 2263176
	Index Only Scan using sbtest7_pkey on sbtest7  (cost=0.43..10.68 rows=112 width=4)
	  Index Cond: ((id >= 2263076) AND (id <= 2263176))

table 8 : explain SELECT id FROM sbtest8 WHERE id BETWEEN 2263076 AND 2263176
	Index Only Scan using sbtest8_pkey on sbtest8  (cost=0.43..10.54 rows=105 width=4)
	  Index Cond: ((id >= 2263076) AND (id <= 2263176))

for range-covered
table 1 : explain SELECT id FROM sbtest1 WHERE id BETWEEN 7846950 AND 7847050
	Index Only Scan using sbtest1_pkey on sbtest1  (cost=0.43..10.29 rows=93 width=4)
	  Index Cond: ((id >= 7846950) AND (id <= 7847050))

table 2 : explain SELECT id FROM sbtest2 WHERE id BETWEEN 7846950 AND 7847050
	Index Only Scan using sbtest2_pkey on sbtest2  (cost=0.43..6.50 rows=103 width=4)
	  Index Cond: ((id >= 7846950) AND (id <= 7847050))

table 3 : explain SELECT id FROM sbtest3 WHERE id BETWEEN 7846950 AND 7847050
	Index Only Scan using sbtest3_pkey on sbtest3  (cost=0.43..6.51 rows=104 width=4)
	  Index Cond: ((id >= 7846950) AND (id <= 7847050))

table 4 : explain SELECT id FROM sbtest4 WHERE id BETWEEN 7846950 AND 7847050
	Index Only Scan using sbtest4_pkey on sbtest4  (cost=0.43..6.27 rows=92 width=4)
	  Index Cond: ((id >= 7846950) AND (id <= 7847050))

table 5 : explain SELECT id FROM sbtest5 WHERE id BETWEEN 7846950 AND 7847050
	Index Only Scan using sbtest5_pkey on sbtest5  (cost=0.43..10.51 rows=104 width=4)
	  Index Cond: ((id >= 7846950) AND (id <= 7847050))

table 6 : explain SELECT id FROM sbtest6 WHERE id BETWEEN 7846950 AND 7847050
	Index Only Scan using sbtest6_pkey on sbtest6  (cost=0.43..6.51 rows=104 width=4)
	  Index Cond: ((id >= 7846950) AND (id <= 7847050))

table 7 : explain SELECT id FROM sbtest7 WHERE id BETWEEN 7846950 AND 7847050
	Index Only Scan using sbtest7_pkey on sbtest7  (cost=0.43..10.54 rows=105 width=4)
	  Index Cond: ((id >= 7846950) AND (id <= 7847050))

table 8 : explain SELECT id FROM sbtest8 WHERE id BETWEEN 7846950 AND 7847050
	Index Only Scan using sbtest8_pkey on sbtest8  (cost=0.43..10.54 rows=105 width=4)
	  Index Cond: ((id >= 7846950) AND (id <= 7847050))

explain: for range-covered :: explain SELECT id FROM sbtest%d WHERE id BETWEEN 7846950 AND 7847050
for range-covered
table 1 : explain SELECT id FROM sbtest1 WHERE id BETWEEN 1470935 AND 1471035
	Index Only Scan using sbtest1_pkey on sbtest1  (cost=0.43..10.44 rows=100 width=4)
	  Index Cond: ((id >= 1470935) AND (id <= 1471035))

table 2 : explain SELECT id FROM sbtest2 WHERE id BETWEEN 1470935 AND 1471035
	Index Only Scan using sbtest2_pkey on sbtest2  (cost=0.43..6.51 rows=104 width=4)
	  Index Cond: ((id >= 1470935) AND (id <= 1471035))

table 3 : explain SELECT id FROM sbtest3 WHERE id BETWEEN 1470935 AND 1471035
	Index Only Scan using sbtest3_pkey on sbtest3  (cost=0.43..6.27 rows=92 width=4)
	  Index Cond: ((id >= 1470935) AND (id <= 1471035))

table 4 : explain SELECT id FROM sbtest4 WHERE id BETWEEN 1470935 AND 1471035
	Index Only Scan using sbtest4_pkey on sbtest4  (cost=0.43..6.43 rows=100 width=4)
	  Index Cond: ((id >= 1470935) AND (id <= 1471035))

table 5 : explain SELECT id FROM sbtest5 WHERE id BETWEEN 1470935 AND 1471035
	Index Only Scan using sbtest5_pkey on sbtest5  (cost=0.43..10.50 rows=103 width=4)
	  Index Cond: ((id >= 1470935) AND (id <= 1471035))

table 6 : explain SELECT id FROM sbtest6 WHERE id BETWEEN 1470935 AND 1471035
	Index Only Scan using sbtest6_pkey on sbtest6  (cost=0.43..6.47 rows=102 width=4)
	  Index Cond: ((id >= 1470935) AND (id <= 1471035))

table 7 : explain SELECT id FROM sbtest7 WHERE id BETWEEN 1470935 AND 1471035
	Index Only Scan using sbtest7_pkey on sbtest7  (cost=0.43..10.72 rows=114 width=4)
	  Index Cond: ((id >= 1470935) AND (id <= 1471035))

table 8 : explain SELECT id FROM sbtest8 WHERE id BETWEEN 1470935 AND 1471035
	Index Only Scan using sbtest8_pkey on sbtest8  (cost=0.43..10.51 rows=104 width=4)
	  Index Cond: ((id >= 1470935) AND (id <= 1471035))

explain: for range-covered :: explain SELECT id FROM sbtest%d WHERE id BETWEEN 1470935 AND 1471035
for range-covered
table 1 : explain SELECT id FROM sbtest1 WHERE id BETWEEN 7846950 AND 7847050
	Index Only Scan using sbtest1_pkey on sbtest1  (cost=0.43..10.29 rows=93 width=4)
	  Index Cond: ((id >= 7846950) AND (id <= 7847050))

table 2 : explain SELECT id FROM sbtest2 WHERE id BETWEEN 7846950 AND 7847050
	Index Only Scan using sbtest2_pkey on sbtest2  (cost=0.43..6.50 rows=103 width=4)
	  Index Cond: ((id >= 7846950) AND (id <= 7847050))

table 3 : explain SELECT id FROM sbtest3 WHERE id BETWEEN 7846950 AND 7847050
	Index Only Scan using sbtest3_pkey on sbtest3  (cost=0.43..6.51 rows=104 width=4)
	  Index Cond: ((id >= 7846950) AND (id <= 7847050))

table 4 : explain SELECT id FROM sbtest4 WHERE id BETWEEN 7846950 AND 7847050
	Index Only Scan using sbtest4_pkey on sbtest4  (cost=0.43..6.27 rows=92 width=4)
	  Index Cond: ((id >= 7846950) AND (id <= 7847050))

table 5 : explain SELECT id FROM sbtest5 WHERE id BETWEEN 7846950 AND 7847050
	Index Only Scan using sbtest5_pkey on sbtest5  (cost=0.43..10.51 rows=104 width=4)
	  Index Cond: ((id >= 7846950) AND (id <= 7847050))

table 6 : explain SELECT id FROM sbtest6 WHERE id BETWEEN 7846950 AND 7847050
	Index Only Scan using sbtest6_pkey on sbtest6  (cost=0.43..6.51 rows=104 width=4)
	  Index Cond: ((id >= 7846950) AND (id <= 7847050))

table 7 : explain SELECT id FROM sbtest7 WHERE id BETWEEN 7846950 AND 7847050
	Index Only Scan using sbtest7_pkey on sbtest7  (cost=0.43..10.54 rows=105 width=4)
	  Index Cond: ((id >= 7846950) AND (id <= 7847050))

table 8 : explain SELECT id FROM sbtest8 WHERE id BETWEEN 7846950 AND 7847050
	Index Only Scan using sbtest8_pkey on sbtest8  (cost=0.43..10.54 rows=105 width=4)
	  Index Cond: ((id >= 7846950) AND (id <= 7847050))

for range-covered
table 1 : explain SELECT id FROM sbtest1 WHERE id BETWEEN 7088927 AND 7089027
	Index Only Scan using sbtest1_pkey on sbtest1  (cost=0.43..10.51 rows=104 width=4)
	  Index Cond: ((id >= 7088927) AND (id <= 7089027))

table 2 : explain SELECT id FROM sbtest2 WHERE id BETWEEN 7088927 AND 7089027
	Index Only Scan using sbtest2_pkey on sbtest2  (cost=0.43..6.25 rows=91 width=4)
	  Index Cond: ((id >= 7088927) AND (id <= 7089027))

table 3 : explain SELECT id FROM sbtest3 WHERE id BETWEEN 7088927 AND 7089027
	Index Only Scan using sbtest3_pkey on sbtest3  (cost=0.43..6.58 rows=107 width=4)
	  Index Cond: ((id >= 7088927) AND (id <= 7089027))

table 4 : explain SELECT id FROM sbtest4 WHERE id BETWEEN 7088927 AND 7089027
	Index Only Scan using sbtest4_pkey on sbtest4  (cost=0.43..6.29 rows=93 width=4)
	  Index Cond: ((id >= 7088927) AND (id <= 7089027))

table 5 : explain SELECT id FROM sbtest5 WHERE id BETWEEN 7088927 AND 7089027
	Index Only Scan using sbtest5_pkey on sbtest5  (cost=0.43..10.18 rows=87 width=4)
	  Index Cond: ((id >= 7088927) AND (id <= 7089027))

table 6 : explain SELECT id FROM sbtest6 WHERE id BETWEEN 7088927 AND 7089027
	Index Only Scan using sbtest6_pkey on sbtest6  (cost=0.43..6.45 rows=101 width=4)
	  Index Cond: ((id >= 7088927) AND (id <= 7089027))

table 7 : explain SELECT id FROM sbtest7 WHERE id BETWEEN 7088927 AND 7089027
	Index Only Scan using sbtest7_pkey on sbtest7  (cost=0.43..10.44 rows=100 width=4)
	  Index Cond: ((id >= 7088927) AND (id <= 7089027))

table 8 : explain SELECT id FROM sbtest8 WHERE id BETWEEN 7088927 AND 7089027
	Index Only Scan using sbtest8_pkey on sbtest8  (cost=0.43..10.60 rows=108 width=4)
	  Index Cond: ((id >= 7088927) AND (id <= 7089027))

for range-covered
table 1 : explain SELECT id FROM sbtest1 WHERE id BETWEEN 6388535 AND 6388635
	Index Only Scan using sbtest1_pkey on sbtest1  (cost=0.43..10.40 rows=98 width=4)
	  Index Cond: ((id >= 6388535) AND (id <= 6388635))

table 2 : explain SELECT id FROM sbtest2 WHERE id BETWEEN 6388535 AND 6388635
	Index Only Scan using sbtest2_pkey on sbtest2  (cost=0.43..6.40 rows=98 width=4)
	  Index Cond: ((id >= 6388535) AND (id <= 6388635))

table 3 : explain SELECT id FROM sbtest3 WHERE id BETWEEN 6388535 AND 6388635
	Index Only Scan using sbtest3_pkey on sbtest3  (cost=0.43..6.47 rows=102 width=4)
	  Index Cond: ((id >= 6388535) AND (id <= 6388635))

table 4 : explain SELECT id FROM sbtest4 WHERE id BETWEEN 6388535 AND 6388635
	Index Only Scan using sbtest4_pkey on sbtest4  (cost=0.43..6.37 rows=97 width=4)
	  Index Cond: ((id >= 6388535) AND (id <= 6388635))

table 5 : explain SELECT id FROM sbtest5 WHERE id BETWEEN 6388535 AND 6388635
	Index Only Scan using sbtest5_pkey on sbtest5  (cost=0.43..10.62 rows=109 width=4)
	  Index Cond: ((id >= 6388535) AND (id <= 6388635))

table 6 : explain SELECT id FROM sbtest6 WHERE id BETWEEN 6388535 AND 6388635
	Index Only Scan using sbtest6_pkey on sbtest6  (cost=0.43..6.58 rows=107 width=4)
	  Index Cond: ((id >= 6388535) AND (id <= 6388635))

table 7 : explain SELECT id FROM sbtest7 WHERE id BETWEEN 6388535 AND 6388635
	Index Only Scan using sbtest7_pkey on sbtest7  (cost=0.43..10.36 rows=96 width=4)
	  Index Cond: ((id >= 6388535) AND (id <= 6388635))

table 8 : explain SELECT id FROM sbtest8 WHERE id BETWEEN 6388535 AND 6388635
	Index Only Scan using sbtest8_pkey on sbtest8  (cost=0.43..10.54 rows=105 width=4)
	  Index Cond: ((id >= 6388535) AND (id <= 6388635))

explain: for range-covered :: explain SELECT id FROM sbtest%d WHERE id BETWEEN 7846950 AND 7847050
for range-covered
table 1 : explain SELECT id FROM sbtest1 WHERE id BETWEEN 1470935 AND 1471035
	Index Only Scan using sbtest1_pkey on sbtest1  (cost=0.43..10.44 rows=100 width=4)
	  Index Cond: ((id >= 1470935) AND (id <= 1471035))

table 2 : explain SELECT id FROM sbtest2 WHERE id BETWEEN 1470935 AND 1471035
	Index Only Scan using sbtest2_pkey on sbtest2  (cost=0.43..6.51 rows=104 width=4)
	  Index Cond: ((id >= 1470935) AND (id <= 1471035))

table 3 : explain SELECT id FROM sbtest3 WHERE id BETWEEN 1470935 AND 1471035
	Index Only Scan using sbtest3_pkey on sbtest3  (cost=0.43..6.27 rows=92 width=4)
	  Index Cond: ((id >= 1470935) AND (id <= 1471035))

table 4 : explain SELECT id FROM sbtest4 WHERE id BETWEEN 1470935 AND 1471035
	Index Only Scan using sbtest4_pkey on sbtest4  (cost=0.43..6.43 rows=100 width=4)
	  Index Cond: ((id >= 1470935) AND (id <= 1471035))

table 5 : explain SELECT id FROM sbtest5 WHERE id BETWEEN 1470935 AND 1471035
	Index Only Scan using sbtest5_pkey on sbtest5  (cost=0.43..10.50 rows=103 width=4)
	  Index Cond: ((id >= 1470935) AND (id <= 1471035))

table 6 : explain SELECT id FROM sbtest6 WHERE id BETWEEN 1470935 AND 1471035
	Index Only Scan using sbtest6_pkey on sbtest6  (cost=0.43..6.47 rows=102 width=4)
	  Index Cond: ((id >= 1470935) AND (id <= 1471035))

table 7 : explain SELECT id FROM sbtest7 WHERE id BETWEEN 1470935 AND 1471035
	Index Only Scan using sbtest7_pkey on sbtest7  (cost=0.43..10.72 rows=114 width=4)
	  Index Cond: ((id >= 1470935) AND (id <= 1471035))

table 8 : explain SELECT id FROM sbtest8 WHERE id BETWEEN 1470935 AND 1471035
	Index Only Scan using sbtest8_pkey on sbtest8  (cost=0.43..10.51 rows=104 width=4)
	  Index Cond: ((id >= 1470935) AND (id <= 1471035))

explain: for range-covered :: explain SELECT id FROM sbtest%d WHERE id BETWEEN 7088927 AND 7089027
explain: for range-covered :: explain SELECT id FROM sbtest%d WHERE id BETWEEN 1470935 AND 1471035
for range-covered
table 1 : explain SELECT id FROM sbtest1 WHERE id BETWEEN 1741452 AND 1741552
	Index Only Scan using sbtest1_pkey on sbtest1  (cost=0.43..10.38 rows=97 width=4)
	  Index Cond: ((id >= 1741452) AND (id <= 1741552))

table 2 : explain SELECT id FROM sbtest2 WHERE id BETWEEN 1741452 AND 1741552
	Index Only Scan using sbtest2_pkey on sbtest2  (cost=0.43..6.33 rows=95 width=4)
	  Index Cond: ((id >= 1741452) AND (id <= 1741552))

table 3 : explain SELECT id FROM sbtest3 WHERE id BETWEEN 1741452 AND 1741552
	Index Only Scan using sbtest3_pkey on sbtest3  (cost=0.43..6.66 rows=111 width=4)
	  Index Cond: ((id >= 1741452) AND (id <= 1741552))

table 4 : explain SELECT id FROM sbtest4 WHERE id BETWEEN 1741452 AND 1741552
	Index Only Scan using sbtest4_pkey on sbtest4  (cost=0.43..6.77 rows=117 width=4)
	  Index Cond: ((id >= 1741452) AND (id <= 1741552))

table 5 : explain SELECT id FROM sbtest5 WHERE id BETWEEN 1741452 AND 1741552
	Index Only Scan using sbtest5_pkey on sbtest5  (cost=0.43..10.46 rows=101 width=4)
	  Index Cond: ((id >= 1741452) AND (id <= 1741552))

table 6 : explain SELECT id FROM sbtest6 WHERE id BETWEEN 1741452 AND 1741552
	Index Only Scan using sbtest6_pkey on sbtest6  (cost=0.43..6.42 rows=99 width=4)
	  Index Cond: ((id >= 1741452) AND (id <= 1741552))

table 7 : explain SELECT id FROM sbtest7 WHERE id BETWEEN 1741452 AND 1741552
	Index Only Scan using sbtest7_pkey on sbtest7  (cost=0.43..10.26 rows=91 width=4)
	  Index Cond: ((id >= 1741452) AND (id <= 1741552))

table 8 : explain SELECT id FROM sbtest8 WHERE id BETWEEN 1741452 AND 1741552
	Index Only Scan using sbtest8_pkey on sbtest8  (cost=0.43..10.58 rows=107 width=4)
	  Index Cond: ((id >= 1741452) AND (id <= 1741552))

for range-covered
table 1 : explain SELECT id FROM sbtest1 WHERE id BETWEEN 4944495 AND 4944595
	Index Only Scan using sbtest1_pkey on sbtest1  (cost=0.43..10.46 rows=101 width=4)
	  Index Cond: ((id >= 4944495) AND (id <= 4944595))

table 2 : explain SELECT id FROM sbtest2 WHERE id BETWEEN 4944495 AND 4944595
	Index Only Scan using sbtest2_pkey on sbtest2  (cost=0.43..6.59 rows=108 width=4)
	  Index Cond: ((id >= 4944495) AND (id <= 4944595))

table 3 : explain SELECT id FROM sbtest3 WHERE id BETWEEN 4944495 AND 4944595
	Index Only Scan using sbtest3_pkey on sbtest3  (cost=0.43..6.56 rows=106 width=4)
	  Index Cond: ((id >= 4944495) AND (id <= 4944595))

table 4 : explain SELECT id FROM sbtest4 WHERE id BETWEEN 4944495 AND 4944595
	Index Only Scan using sbtest4_pkey on sbtest4  (cost=0.43..6.59 rows=108 width=4)
	  Index Cond: ((id >= 4944495) AND (id <= 4944595))

table 5 : explain SELECT id FROM sbtest5 WHERE id BETWEEN 4944495 AND 4944595
	Index Only Scan using sbtest5_pkey on sbtest5  (cost=0.43..10.32 rows=94 width=4)
	  Index Cond: ((id >= 4944495) AND (id <= 4944595))

table 6 : explain SELECT id FROM sbtest6 WHERE id BETWEEN 4944495 AND 4944595
	Index Only Scan using sbtest6_pkey on sbtest6  (cost=0.43..6.53 rows=105 width=4)
	  Index Cond: ((id >= 4944495) AND (id <= 4944595))

table 7 : explain SELECT id FROM sbtest7 WHERE id BETWEEN 4944495 AND 4944595
	Index Only Scan using sbtest7_pkey on sbtest7  (cost=0.43..10.54 rows=105 width=4)
	  Index Cond: ((id >= 4944495) AND (id <= 4944595))

table 8 : explain SELECT id FROM sbtest8 WHERE id BETWEEN 4944495 AND 4944595
	Index Only Scan using sbtest8_pkey on sbtest8  (cost=0.43..10.63 rows=110 width=4)
	  Index Cond: ((id >= 4944495) AND (id <= 4944595))

explain: for range-covered :: explain SELECT id FROM sbtest%d WHERE id BETWEEN 4944495 AND 4944595
for range-covered
table 1 : explain SELECT id FROM sbtest1 WHERE id BETWEEN 7846950 AND 7847050
	Index Only Scan using sbtest1_pkey on sbtest1  (cost=0.43..10.29 rows=93 width=4)
	  Index Cond: ((id >= 7846950) AND (id <= 7847050))

table 2 : explain SELECT id FROM sbtest2 WHERE id BETWEEN 7846950 AND 7847050
	Index Only Scan using sbtest2_pkey on sbtest2  (cost=0.43..6.50 rows=103 width=4)
	  Index Cond: ((id >= 7846950) AND (id <= 7847050))

table 3 : explain SELECT id FROM sbtest3 WHERE id BETWEEN 7846950 AND 7847050
	Index Only Scan using sbtest3_pkey on sbtest3  (cost=0.43..6.51 rows=104 width=4)
	  Index Cond: ((id >= 7846950) AND (id <= 7847050))

table 4 : explain SELECT id FROM sbtest4 WHERE id BETWEEN 7846950 AND 7847050
	Index Only Scan using sbtest4_pkey on sbtest4  (cost=0.43..6.27 rows=92 width=4)
	  Index Cond: ((id >= 7846950) AND (id <= 7847050))

table 5 : explain SELECT id FROM sbtest5 WHERE id BETWEEN 7846950 AND 7847050
	Index Only Scan using sbtest5_pkey on sbtest5  (cost=0.43..10.51 rows=104 width=4)
	  Index Cond: ((id >= 7846950) AND (id <= 7847050))

table 6 : explain SELECT id FROM sbtest6 WHERE id BETWEEN 7846950 AND 7847050
	Index Only Scan using sbtest6_pkey on sbtest6  (cost=0.43..6.51 rows=104 width=4)
	  Index Cond: ((id >= 7846950) AND (id <= 7847050))

table 7 : explain SELECT id FROM sbtest7 WHERE id BETWEEN 7846950 AND 7847050
	Index Only Scan using sbtest7_pkey on sbtest7  (cost=0.43..10.54 rows=105 width=4)
	  Index Cond: ((id >= 7846950) AND (id <= 7847050))

table 8 : explain SELECT id FROM sbtest8 WHERE id BETWEEN 7846950 AND 7847050
	Index Only Scan using sbtest8_pkey on sbtest8  (cost=0.43..10.54 rows=105 width=4)
	  Index Cond: ((id >= 7846950) AND (id <= 7847050))

explain: for range-covered :: explain SELECT id FROM sbtest%d WHERE id BETWEEN 7846950 AND 7847050
for range-covered
table 1 : explain SELECT id FROM sbtest1 WHERE id BETWEEN 4779635 AND 4779735
	Index Only Scan using sbtest1_pkey on sbtest1  (cost=0.43..10.32 rows=94 width=4)
	  Index Cond: ((id >= 4779635) AND (id <= 4779735))

table 2 : explain SELECT id FROM sbtest2 WHERE id BETWEEN 4779635 AND 4779735
	Index Only Scan using sbtest2_pkey on sbtest2  (cost=0.43..6.53 rows=105 width=4)
	  Index Cond: ((id >= 4779635) AND (id <= 4779735))

table 3 : explain SELECT id FROM sbtest3 WHERE id BETWEEN 4779635 AND 4779735
	Index Only Scan using sbtest3_pkey on sbtest3  (cost=0.43..6.32 rows=94 width=4)
	  Index Cond: ((id >= 4779635) AND (id <= 4779735))

table 4 : explain SELECT id FROM sbtest4 WHERE id BETWEEN 4779635 AND 4779735
	Index Only Scan using sbtest4_pkey on sbtest4  (cost=0.43..6.24 rows=90 width=4)
	  Index Cond: ((id >= 4779635) AND (id <= 4779735))

table 5 : explain SELECT id FROM sbtest5 WHERE id BETWEEN 4779635 AND 4779735
	Index Only Scan using sbtest5_pkey on sbtest5  (cost=0.43..10.50 rows=103 width=4)
	  Index Cond: ((id >= 4779635) AND (id <= 4779735))

table 6 : explain SELECT id FROM sbtest6 WHERE id BETWEEN 4779635 AND 4779735
	Index Only Scan using sbtest6_pkey on sbtest6  (cost=0.43..6.58 rows=107 width=4)
	  Index Cond: ((id >= 4779635) AND (id <= 4779735))

table 7 : explain SELECT id FROM sbtest7 WHERE id BETWEEN 4779635 AND 4779735
	Index Only Scan using sbtest7_pkey on sbtest7  (cost=0.43..10.44 rows=100 width=4)
	  Index Cond: ((id >= 4779635) AND (id <= 4779735))

table 8 : explain SELECT id FROM sbtest8 WHERE id BETWEEN 4779635 AND 4779735
	Index Only Scan using sbtest8_pkey on sbtest8  (cost=0.43..10.62 rows=109 width=4)
	  Index Cond: ((id >= 4779635) AND (id <= 4779735))

for range-covered
table 1 : explain SELECT id FROM sbtest1 WHERE id BETWEEN 1470935 AND 1471035
	Index Only Scan using sbtest1_pkey on sbtest1  (cost=0.43..10.44 rows=100 width=4)
	  Index Cond: ((id >= 1470935) AND (id <= 1471035))

table 2 : explain SELECT id FROM sbtest2 WHERE id BETWEEN 1470935 AND 1471035
	Index Only Scan using sbtest2_pkey on sbtest2  (cost=0.43..6.51 rows=104 width=4)
	  Index Cond: ((id >= 1470935) AND (id <= 1471035))

table 3 : explain SELECT id FROM sbtest3 WHERE id BETWEEN 1470935 AND 1471035
	Index Only Scan using sbtest3_pkey on sbtest3  (cost=0.43..6.27 rows=92 width=4)
	  Index Cond: ((id >= 1470935) AND (id <= 1471035))

table 4 : explain SELECT id FROM sbtest4 WHERE id BETWEEN 1470935 AND 1471035
	Index Only Scan using sbtest4_pkey on sbtest4  (cost=0.43..6.43 rows=100 width=4)
	  Index Cond: ((id >= 1470935) AND (id <= 1471035))

table 5 : explain SELECT id FROM sbtest5 WHERE id BETWEEN 1470935 AND 1471035
	Index Only Scan using sbtest5_pkey on sbtest5  (cost=0.43..10.50 rows=103 width=4)
	  Index Cond: ((id >= 1470935) AND (id <= 1471035))

table 6 : explain SELECT id FROM sbtest6 WHERE id BETWEEN 1470935 AND 1471035
	Index Only Scan using sbtest6_pkey on sbtest6  (cost=0.43..6.47 rows=102 width=4)
	  Index Cond: ((id >= 1470935) AND (id <= 1471035))

table 7 : explain SELECT id FROM sbtest7 WHERE id BETWEEN 1470935 AND 1471035
	Index Only Scan using sbtest7_pkey on sbtest7  (cost=0.43..10.72 rows=114 width=4)
	  Index Cond: ((id >= 1470935) AND (id <= 1471035))

table 8 : explain SELECT id FROM sbtest8 WHERE id BETWEEN 1470935 AND 1471035
	Index Only Scan using sbtest8_pkey on sbtest8  (cost=0.43..10.51 rows=104 width=4)
	  Index Cond: ((id >= 1470935) AND (id <= 1471035))

for range-covered
table 1 : explain SELECT id FROM sbtest1 WHERE id BETWEEN 7088927 AND 7089027
	Index Only Scan using sbtest1_pkey on sbtest1  (cost=0.43..10.51 rows=104 width=4)
	  Index Cond: ((id >= 7088927) AND (id <= 7089027))

table 2 : explain SELECT id FROM sbtest2 WHERE id BETWEEN 7088927 AND 7089027
	Index Only Scan using sbtest2_pkey on sbtest2  (cost=0.43..6.25 rows=91 width=4)
	  Index Cond: ((id >= 7088927) AND (id <= 7089027))

table 3 : explain SELECT id FROM sbtest3 WHERE id BETWEEN 7088927 AND 7089027
	Index Only Scan using sbtest3_pkey on sbtest3  (cost=0.43..6.58 rows=107 width=4)
	  Index Cond: ((id >= 7088927) AND (id <= 7089027))

table 4 : explain SELECT id FROM sbtest4 WHERE id BETWEEN 7088927 AND 7089027
	Index Only Scan using sbtest4_pkey on sbtest4  (cost=0.43..6.29 rows=93 width=4)
	  Index Cond: ((id >= 7088927) AND (id <= 7089027))

table 5 : explain SELECT id FROM sbtest5 WHERE id BETWEEN 7088927 AND 7089027
	Index Only Scan using sbtest5_pkey on sbtest5  (cost=0.43..10.18 rows=87 width=4)
	  Index Cond: ((id >= 7088927) AND (id <= 7089027))

table 6 : explain SELECT id FROM sbtest6 WHERE id BETWEEN 7088927 AND 7089027
	Index Only Scan using sbtest6_pkey on sbtest6  (cost=0.43..6.45 rows=101 width=4)
	  Index Cond: ((id >= 7088927) AND (id <= 7089027))

table 7 : explain SELECT id FROM sbtest7 WHERE id BETWEEN 7088927 AND 7089027
	Index Only Scan using sbtest7_pkey on sbtest7  (cost=0.43..10.44 rows=100 width=4)
	  Index Cond: ((id >= 7088927) AND (id <= 7089027))

table 8 : explain SELECT id FROM sbtest8 WHERE id BETWEEN 7088927 AND 7089027
	Index Only Scan using sbtest8_pkey on sbtest8  (cost=0.43..10.60 rows=108 width=4)
	  Index Cond: ((id >= 7088927) AND (id <= 7089027))

explain: for range-covered :: explain SELECT id FROM sbtest%d WHERE id BETWEEN 1470935 AND 1471035
explain: for range-covered :: explain SELECT id FROM sbtest%d WHERE id BETWEEN 7088927 AND 7089027
explain: for range-covered :: explain SELECT id FROM sbtest%d WHERE id BETWEEN 6388535 AND 6388635
for range-covered
table 1 : explain SELECT id FROM sbtest1 WHERE id BETWEEN 7846950 AND 7847050
	Index Only Scan using sbtest1_pkey on sbtest1  (cost=0.43..10.29 rows=93 width=4)
	  Index Cond: ((id >= 7846950) AND (id <= 7847050))

table 2 : explain SELECT id FROM sbtest2 WHERE id BETWEEN 7846950 AND 7847050
	Index Only Scan using sbtest2_pkey on sbtest2  (cost=0.43..6.50 rows=103 width=4)
	  Index Cond: ((id >= 7846950) AND (id <= 7847050))

table 3 : explain SELECT id FROM sbtest3 WHERE id BETWEEN 7846950 AND 7847050
	Index Only Scan using sbtest3_pkey on sbtest3  (cost=0.43..6.51 rows=104 width=4)
	  Index Cond: ((id >= 7846950) AND (id <= 7847050))

table 4 : explain SELECT id FROM sbtest4 WHERE id BETWEEN 7846950 AND 7847050
	Index Only Scan using sbtest4_pkey on sbtest4  (cost=0.43..6.27 rows=92 width=4)
	  Index Cond: ((id >= 7846950) AND (id <= 7847050))

table 5 : explain SELECT id FROM sbtest5 WHERE id BETWEEN 7846950 AND 7847050
	Index Only Scan using sbtest5_pkey on sbtest5  (cost=0.43..10.51 rows=104 width=4)
	  Index Cond: ((id >= 7846950) AND (id <= 7847050))

table 6 : explain SELECT id FROM sbtest6 WHERE id BETWEEN 7846950 AND 7847050
	Index Only Scan using sbtest6_pkey on sbtest6  (cost=0.43..6.51 rows=104 width=4)
	  Index Cond: ((id >= 7846950) AND (id <= 7847050))

table 7 : explain SELECT id FROM sbtest7 WHERE id BETWEEN 7846950 AND 7847050
	Index Only Scan using sbtest7_pkey on sbtest7  (cost=0.43..10.54 rows=105 width=4)
	  Index Cond: ((id >= 7846950) AND (id <= 7847050))

table 8 : explain SELECT id FROM sbtest8 WHERE id BETWEEN 7846950 AND 7847050
	Index Only Scan using sbtest8_pkey on sbtest8  (cost=0.43..10.54 rows=105 width=4)
	  Index Cond: ((id >= 7846950) AND (id <= 7847050))

for range-covered
table 1 : explain SELECT id FROM sbtest1 WHERE id BETWEEN 4944495 AND 4944595
	Index Only Scan using sbtest1_pkey on sbtest1  (cost=0.43..10.46 rows=101 width=4)
	  Index Cond: ((id >= 4944495) AND (id <= 4944595))

table 2 : explain SELECT id FROM sbtest2 WHERE id BETWEEN 4944495 AND 4944595
	Index Only Scan using sbtest2_pkey on sbtest2  (cost=0.43..6.59 rows=108 width=4)
	  Index Cond: ((id >= 4944495) AND (id <= 4944595))

table 3 : explain SELECT id FROM sbtest3 WHERE id BETWEEN 4944495 AND 4944595
	Index Only Scan using sbtest3_pkey on sbtest3  (cost=0.43..6.56 rows=106 width=4)
	  Index Cond: ((id >= 4944495) AND (id <= 4944595))

table 4 : explain SELECT id FROM sbtest4 WHERE id BETWEEN 4944495 AND 4944595
	Index Only Scan using sbtest4_pkey on sbtest4  (cost=0.43..6.59 rows=108 width=4)
	  Index Cond: ((id >= 4944495) AND (id <= 4944595))

table 5 : explain SELECT id FROM sbtest5 WHERE id BETWEEN 4944495 AND 4944595
	Index Only Scan using sbtest5_pkey on sbtest5  (cost=0.43..10.32 rows=94 width=4)
	  Index Cond: ((id >= 4944495) AND (id <= 4944595))

table 6 : explain SELECT id FROM sbtest6 WHERE id BETWEEN 4944495 AND 4944595
	Index Only Scan using sbtest6_pkey on sbtest6  (cost=0.43..6.53 rows=105 width=4)
	  Index Cond: ((id >= 4944495) AND (id <= 4944595))

table 7 : explain SELECT id FROM sbtest7 WHERE id BETWEEN 4944495 AND 4944595
	Index Only Scan using sbtest7_pkey on sbtest7  (cost=0.43..10.54 rows=105 width=4)
	  Index Cond: ((id >= 4944495) AND (id <= 4944595))

table 8 : explain SELECT id FROM sbtest8 WHERE id BETWEEN 4944495 AND 4944595
	Index Only Scan using sbtest8_pkey on sbtest8  (cost=0.43..10.63 rows=110 width=4)
	  Index Cond: ((id >= 4944495) AND (id <= 4944595))

explain: for range-covered :: explain SELECT id FROM sbtest%d WHERE id BETWEEN 7846950 AND 7847050
for range-covered
table 1 : explain SELECT id FROM sbtest1 WHERE id BETWEEN 1470935 AND 1471035
	Index Only Scan using sbtest1_pkey on sbtest1  (cost=0.43..10.44 rows=100 width=4)
	  Index Cond: ((id >= 1470935) AND (id <= 1471035))

table 2 : explain SELECT id FROM sbtest2 WHERE id BETWEEN 1470935 AND 1471035
	Index Only Scan using sbtest2_pkey on sbtest2  (cost=0.43..6.51 rows=104 width=4)
	  Index Cond: ((id >= 1470935) AND (id <= 1471035))

table 3 : explain SELECT id FROM sbtest3 WHERE id BETWEEN 1470935 AND 1471035
	Index Only Scan using sbtest3_pkey on sbtest3  (cost=0.43..6.27 rows=92 width=4)
	  Index Cond: ((id >= 1470935) AND (id <= 1471035))

table 4 : explain SELECT id FROM sbtest4 WHERE id BETWEEN 1470935 AND 1471035
	Index Only Scan using sbtest4_pkey on sbtest4  (cost=0.43..6.43 rows=100 width=4)
	  Index Cond: ((id >= 1470935) AND (id <= 1471035))

table 5 : explain SELECT id FROM sbtest5 WHERE id BETWEEN 1470935 AND 1471035
	Index Only Scan using sbtest5_pkey on sbtest5  (cost=0.43..10.50 rows=103 width=4)
	  Index Cond: ((id >= 1470935) AND (id <= 1471035))

table 6 : explain SELECT id FROM sbtest6 WHERE id BETWEEN 1470935 AND 1471035
	Index Only Scan using sbtest6_pkey on sbtest6  (cost=0.43..6.47 rows=102 width=4)
	  Index Cond: ((id >= 1470935) AND (id <= 1471035))

table 7 : explain SELECT id FROM sbtest7 WHERE id BETWEEN 1470935 AND 1471035
	Index Only Scan using sbtest7_pkey on sbtest7  (cost=0.43..10.72 rows=114 width=4)
	  Index Cond: ((id >= 1470935) AND (id <= 1471035))

table 8 : explain SELECT id FROM sbtest8 WHERE id BETWEEN 1470935 AND 1471035
	Index Only Scan using sbtest8_pkey on sbtest8  (cost=0.43..10.51 rows=104 width=4)
	  Index Cond: ((id >= 1470935) AND (id <= 1471035))

explain: for range-covered :: explain SELECT id FROM sbtest%d WHERE id BETWEEN 4944495 AND 4944595
explain: for range-covered :: explain SELECT id FROM sbtest%d WHERE id BETWEEN 1470935 AND 1471035
explain: for range-covered :: explain SELECT id FROM sbtest%d WHERE id BETWEEN 1702348 AND 1702448
for range-covered
table 1 : explain SELECT id FROM sbtest1 WHERE id BETWEEN 7088927 AND 7089027
	Index Only Scan using sbtest1_pkey on sbtest1  (cost=0.43..10.51 rows=104 width=4)
	  Index Cond: ((id >= 7088927) AND (id <= 7089027))

table 2 : explain SELECT id FROM sbtest2 WHERE id BETWEEN 7088927 AND 7089027
	Index Only Scan using sbtest2_pkey on sbtest2  (cost=0.43..6.25 rows=91 width=4)
	  Index Cond: ((id >= 7088927) AND (id <= 7089027))

table 3 : explain SELECT id FROM sbtest3 WHERE id BETWEEN 7088927 AND 7089027
	Index Only Scan using sbtest3_pkey on sbtest3  (cost=0.43..6.58 rows=107 width=4)
	  Index Cond: ((id >= 7088927) AND (id <= 7089027))

table 4 : explain SELECT id FROM sbtest4 WHERE id BETWEEN 7088927 AND 7089027
	Index Only Scan using sbtest4_pkey on sbtest4  (cost=0.43..6.29 rows=93 width=4)
	  Index Cond: ((id >= 7088927) AND (id <= 7089027))

table 5 : explain SELECT id FROM sbtest5 WHERE id BETWEEN 7088927 AND 7089027
	Index Only Scan using sbtest5_pkey on sbtest5  (cost=0.43..10.18 rows=87 width=4)
	  Index Cond: ((id >= 7088927) AND (id <= 7089027))

table 6 : explain SELECT id FROM sbtest6 WHERE id BETWEEN 7088927 AND 7089027
	Index Only Scan using sbtest6_pkey on sbtest6  (cost=0.43..6.45 rows=101 width=4)
	  Index Cond: ((id >= 7088927) AND (id <= 7089027))

table 7 : explain SELECT id FROM sbtest7 WHERE id BETWEEN 7088927 AND 7089027
	Index Only Scan using sbtest7_pkey on sbtest7  (cost=0.43..10.44 rows=100 width=4)
	  Index Cond: ((id >= 7088927) AND (id <= 7089027))

table 8 : explain SELECT id FROM sbtest8 WHERE id BETWEEN 7088927 AND 7089027
	Index Only Scan using sbtest8_pkey on sbtest8  (cost=0.43..10.60 rows=108 width=4)
	  Index Cond: ((id >= 7088927) AND (id <= 7089027))

explain: for range-covered :: explain SELECT id FROM sbtest%d WHERE id BETWEEN 7088927 AND 7089027
for range-covered
table 1 : explain SELECT id FROM sbtest1 WHERE id BETWEEN 7846950 AND 7847050
	Index Only Scan using sbtest1_pkey on sbtest1  (cost=0.43..10.29 rows=93 width=4)
	  Index Cond: ((id >= 7846950) AND (id <= 7847050))

table 2 : explain SELECT id FROM sbtest2 WHERE id BETWEEN 7846950 AND 7847050
	Index Only Scan using sbtest2_pkey on sbtest2  (cost=0.43..6.50 rows=103 width=4)
	  Index Cond: ((id >= 7846950) AND (id <= 7847050))

table 3 : explain SELECT id FROM sbtest3 WHERE id BETWEEN 7846950 AND 7847050
	Index Only Scan using sbtest3_pkey on sbtest3  (cost=0.43..6.51 rows=104 width=4)
	  Index Cond: ((id >= 7846950) AND (id <= 7847050))

table 4 : explain SELECT id FROM sbtest4 WHERE id BETWEEN 7846950 AND 7847050
	Index Only Scan using sbtest4_pkey on sbtest4  (cost=0.43..6.27 rows=92 width=4)
	  Index Cond: ((id >= 7846950) AND (id <= 7847050))

table 5 : explain SELECT id FROM sbtest5 WHERE id BETWEEN 7846950 AND 7847050
	Index Only Scan using sbtest5_pkey on sbtest5  (cost=0.43..10.51 rows=104 width=4)
	  Index Cond: ((id >= 7846950) AND (id <= 7847050))

table 6 : explain SELECT id FROM sbtest6 WHERE id BETWEEN 7846950 AND 7847050
	Index Only Scan using sbtest6_pkey on sbtest6  (cost=0.43..6.51 rows=104 width=4)
	  Index Cond: ((id >= 7846950) AND (id <= 7847050))

table 7 : explain SELECT id FROM sbtest7 WHERE id BETWEEN 7846950 AND 7847050
	Index Only Scan using sbtest7_pkey on sbtest7  (cost=0.43..10.54 rows=105 width=4)
	  Index Cond: ((id >= 7846950) AND (id <= 7847050))

table 8 : explain SELECT id FROM sbtest8 WHERE id BETWEEN 7846950 AND 7847050
	Index Only Scan using sbtest8_pkey on sbtest8  (cost=0.43..10.54 rows=105 width=4)
	  Index Cond: ((id >= 7846950) AND (id <= 7847050))

explain: for range-covered :: explain SELECT id FROM sbtest%d WHERE id BETWEEN 5184076 AND 5184176
explain: for range-covered :: explain SELECT id FROM sbtest%d WHERE id BETWEEN 7846950 AND 7847050
for range-covered
table 1 : explain SELECT id FROM sbtest1 WHERE id BETWEEN 1470935 AND 1471035
	Index Only Scan using sbtest1_pkey on sbtest1  (cost=0.43..10.44 rows=100 width=4)
	  Index Cond: ((id >= 1470935) AND (id <= 1471035))

table 2 : explain SELECT id FROM sbtest2 WHERE id BETWEEN 1470935 AND 1471035
	Index Only Scan using sbtest2_pkey on sbtest2  (cost=0.43..6.51 rows=104 width=4)
	  Index Cond: ((id >= 1470935) AND (id <= 1471035))

table 3 : explain SELECT id FROM sbtest3 WHERE id BETWEEN 1470935 AND 1471035
	Index Only Scan using sbtest3_pkey on sbtest3  (cost=0.43..6.27 rows=92 width=4)
	  Index Cond: ((id >= 1470935) AND (id <= 1471035))

table 4 : explain SELECT id FROM sbtest4 WHERE id BETWEEN 1470935 AND 1471035
	Index Only Scan using sbtest4_pkey on sbtest4  (cost=0.43..6.43 rows=100 width=4)
	  Index Cond: ((id >= 1470935) AND (id <= 1471035))

table 5 : explain SELECT id FROM sbtest5 WHERE id BETWEEN 1470935 AND 1471035
	Index Only Scan using sbtest5_pkey on sbtest5  (cost=0.43..10.50 rows=103 width=4)
	  Index Cond: ((id >= 1470935) AND (id <= 1471035))

table 6 : explain SELECT id FROM sbtest6 WHERE id BETWEEN 1470935 AND 1471035
	Index Only Scan using sbtest6_pkey on sbtest6  (cost=0.43..6.47 rows=102 width=4)
	  Index Cond: ((id >= 1470935) AND (id <= 1471035))

table 7 : explain SELECT id FROM sbtest7 WHERE id BETWEEN 1470935 AND 1471035
	Index Only Scan using sbtest7_pkey on sbtest7  (cost=0.43..10.72 rows=114 width=4)
	  Index Cond: ((id >= 1470935) AND (id <= 1471035))

table 8 : explain SELECT id FROM sbtest8 WHERE id BETWEEN 1470935 AND 1471035
	Index Only Scan using sbtest8_pkey on sbtest8  (cost=0.43..10.51 rows=104 width=4)
	  Index Cond: ((id >= 1470935) AND (id <= 1471035))

explain: for range-covered :: explain SELECT id FROM sbtest%d WHERE id BETWEEN 1470935 AND 1471035
explain: for range-covered :: explain SELECT id FROM sbtest%d WHERE id BETWEEN 1347659 AND 1347759
for range-covered
table 1 : explain SELECT id FROM sbtest1 WHERE id BETWEEN 7846950 AND 7847050
	Index Only Scan using sbtest1_pkey on sbtest1  (cost=0.43..10.29 rows=93 width=4)
	  Index Cond: ((id >= 7846950) AND (id <= 7847050))

table 2 : explain SELECT id FROM sbtest2 WHERE id BETWEEN 7846950 AND 7847050
	Index Only Scan using sbtest2_pkey on sbtest2  (cost=0.43..6.50 rows=103 width=4)
	  Index Cond: ((id >= 7846950) AND (id <= 7847050))

table 3 : explain SELECT id FROM sbtest3 WHERE id BETWEEN 7846950 AND 7847050
	Index Only Scan using sbtest3_pkey on sbtest3  (cost=0.43..6.51 rows=104 width=4)
	  Index Cond: ((id >= 7846950) AND (id <= 7847050))

table 4 : explain SELECT id FROM sbtest4 WHERE id BETWEEN 7846950 AND 7847050
	Index Only Scan using sbtest4_pkey on sbtest4  (cost=0.43..6.27 rows=92 width=4)
	  Index Cond: ((id >= 7846950) AND (id <= 7847050))

table 5 : explain SELECT id FROM sbtest5 WHERE id BETWEEN 7846950 AND 7847050
	Index Only Scan using sbtest5_pkey on sbtest5  (cost=0.43..10.51 rows=104 width=4)
	  Index Cond: ((id >= 7846950) AND (id <= 7847050))

table 6 : explain SELECT id FROM sbtest6 WHERE id BETWEEN 7846950 AND 7847050
	Index Only Scan using sbtest6_pkey on sbtest6  (cost=0.43..6.51 rows=104 width=4)
	  Index Cond: ((id >= 7846950) AND (id <= 7847050))

table 7 : explain SELECT id FROM sbtest7 WHERE id BETWEEN 7846950 AND 7847050
	Index Only Scan using sbtest7_pkey on sbtest7  (cost=0.43..10.54 rows=105 width=4)
	  Index Cond: ((id >= 7846950) AND (id <= 7847050))

table 8 : explain SELECT id FROM sbtest8 WHERE id BETWEEN 7846950 AND 7847050
	Index Only Scan using sbtest8_pkey on sbtest8  (cost=0.43..10.54 rows=105 width=4)
	  Index Cond: ((id >= 7846950) AND (id <= 7847050))

for range-covered
table 1 : explain SELECT id FROM sbtest1 WHERE id BETWEEN 7088927 AND 7089027
	Index Only Scan using sbtest1_pkey on sbtest1  (cost=0.43..10.51 rows=104 width=4)
	  Index Cond: ((id >= 7088927) AND (id <= 7089027))

table 2 : explain SELECT id FROM sbtest2 WHERE id BETWEEN 7088927 AND 7089027
	Index Only Scan using sbtest2_pkey on sbtest2  (cost=0.43..6.25 rows=91 width=4)
	  Index Cond: ((id >= 7088927) AND (id <= 7089027))

table 3 : explain SELECT id FROM sbtest3 WHERE id BETWEEN 7088927 AND 7089027
	Index Only Scan using sbtest3_pkey on sbtest3  (cost=0.43..6.58 rows=107 width=4)
	  Index Cond: ((id >= 7088927) AND (id <= 7089027))

table 4 : explain SELECT id FROM sbtest4 WHERE id BETWEEN 7088927 AND 7089027
	Index Only Scan using sbtest4_pkey on sbtest4  (cost=0.43..6.29 rows=93 width=4)
	  Index Cond: ((id >= 7088927) AND (id <= 7089027))

table 5 : explain SELECT id FROM sbtest5 WHERE id BETWEEN 7088927 AND 7089027
	Index Only Scan using sbtest5_pkey on sbtest5  (cost=0.43..10.18 rows=87 width=4)
	  Index Cond: ((id >= 7088927) AND (id <= 7089027))

table 6 : explain SELECT id FROM sbtest6 WHERE id BETWEEN 7088927 AND 7089027
	Index Only Scan using sbtest6_pkey on sbtest6  (cost=0.43..6.45 rows=101 width=4)
	  Index Cond: ((id >= 7088927) AND (id <= 7089027))

table 7 : explain SELECT id FROM sbtest7 WHERE id BETWEEN 7088927 AND 7089027
	Index Only Scan using sbtest7_pkey on sbtest7  (cost=0.43..10.44 rows=100 width=4)
	  Index Cond: ((id >= 7088927) AND (id <= 7089027))

table 8 : explain SELECT id FROM sbtest8 WHERE id BETWEEN 7088927 AND 7089027
	Index Only Scan using sbtest8_pkey on sbtest8  (cost=0.43..10.60 rows=108 width=4)
	  Index Cond: ((id >= 7088927) AND (id <= 7089027))

explain: for range-covered :: explain SELECT id FROM sbtest%d WHERE id BETWEEN 7846950 AND 7847050
for range-covered
table 1 : explain SELECT id FROM sbtest1 WHERE id BETWEEN 1470935 AND 1471035
	Index Only Scan using sbtest1_pkey on sbtest1  (cost=0.43..10.44 rows=100 width=4)
	  Index Cond: ((id >= 1470935) AND (id <= 1471035))

table 2 : explain SELECT id FROM sbtest2 WHERE id BETWEEN 1470935 AND 1471035
	Index Only Scan using sbtest2_pkey on sbtest2  (cost=0.43..6.51 rows=104 width=4)
	  Index Cond: ((id >= 1470935) AND (id <= 1471035))

table 3 : explain SELECT id FROM sbtest3 WHERE id BETWEEN 1470935 AND 1471035
	Index Only Scan using sbtest3_pkey on sbtest3  (cost=0.43..6.27 rows=92 width=4)
	  Index Cond: ((id >= 1470935) AND (id <= 1471035))

table 4 : explain SELECT id FROM sbtest4 WHERE id BETWEEN 1470935 AND 1471035
	Index Only Scan using sbtest4_pkey on sbtest4  (cost=0.43..6.43 rows=100 width=4)
	  Index Cond: ((id >= 1470935) AND (id <= 1471035))

table 5 : explain SELECT id FROM sbtest5 WHERE id BETWEEN 1470935 AND 1471035
	Index Only Scan using sbtest5_pkey on sbtest5  (cost=0.43..10.50 rows=103 width=4)
	  Index Cond: ((id >= 1470935) AND (id <= 1471035))

table 6 : explain SELECT id FROM sbtest6 WHERE id BETWEEN 1470935 AND 1471035
	Index Only Scan using sbtest6_pkey on sbtest6  (cost=0.43..6.47 rows=102 width=4)
	  Index Cond: ((id >= 1470935) AND (id <= 1471035))

table 7 : explain SELECT id FROM sbtest7 WHERE id BETWEEN 1470935 AND 1471035
	Index Only Scan using sbtest7_pkey on sbtest7  (cost=0.43..10.72 rows=114 width=4)
	  Index Cond: ((id >= 1470935) AND (id <= 1471035))

table 8 : explain SELECT id FROM sbtest8 WHERE id BETWEEN 1470935 AND 1471035
	Index Only Scan using sbtest8_pkey on sbtest8  (cost=0.43..10.51 rows=104 width=4)
	  Index Cond: ((id >= 1470935) AND (id <= 1471035))

explain: for range-covered :: explain SELECT id FROM sbtest%d WHERE id BETWEEN 1470935 AND 1471035
explain: for range-covered :: explain SELECT id FROM sbtest%d WHERE id BETWEEN 7088927 AND 7089027
explain: for range-covered :: explain SELECT id FROM sbtest%d WHERE id BETWEEN 4859042 AND 4859142
for range-covered
table 1 : explain SELECT id FROM sbtest1 WHERE id BETWEEN 6388535 AND 6388635
	Index Only Scan using sbtest1_pkey on sbtest1  (cost=0.43..10.40 rows=98 width=4)
	  Index Cond: ((id >= 6388535) AND (id <= 6388635))

table 2 : explain SELECT id FROM sbtest2 WHERE id BETWEEN 6388535 AND 6388635
	Index Only Scan using sbtest2_pkey on sbtest2  (cost=0.43..6.40 rows=98 width=4)
	  Index Cond: ((id >= 6388535) AND (id <= 6388635))

table 3 : explain SELECT id FROM sbtest3 WHERE id BETWEEN 6388535 AND 6388635
	Index Only Scan using sbtest3_pkey on sbtest3  (cost=0.43..6.47 rows=102 width=4)
	  Index Cond: ((id >= 6388535) AND (id <= 6388635))

table 4 : explain SELECT id FROM sbtest4 WHERE id BETWEEN 6388535 AND 6388635
	Index Only Scan using sbtest4_pkey on sbtest4  (cost=0.43..6.37 rows=97 width=4)
	  Index Cond: ((id >= 6388535) AND (id <= 6388635))

table 5 : explain SELECT id FROM sbtest5 WHERE id BETWEEN 6388535 AND 6388635
	Index Only Scan using sbtest5_pkey on sbtest5  (cost=0.43..10.62 rows=109 width=4)
	  Index Cond: ((id >= 6388535) AND (id <= 6388635))

table 6 : explain SELECT id FROM sbtest6 WHERE id BETWEEN 6388535 AND 6388635
	Index Only Scan using sbtest6_pkey on sbtest6  (cost=0.43..6.58 rows=107 width=4)
	  Index Cond: ((id >= 6388535) AND (id <= 6388635))

table 7 : explain SELECT id FROM sbtest7 WHERE id BETWEEN 6388535 AND 6388635
	Index Only Scan using sbtest7_pkey on sbtest7  (cost=0.43..10.36 rows=96 width=4)
	  Index Cond: ((id >= 6388535) AND (id <= 6388635))

table 8 : explain SELECT id FROM sbtest8 WHERE id BETWEEN 6388535 AND 6388635
	Index Only Scan using sbtest8_pkey on sbtest8  (cost=0.43..10.54 rows=105 width=4)
	  Index Cond: ((id >= 6388535) AND (id <= 6388635))

for range-covered
table 1 : explain SELECT id FROM sbtest1 WHERE id BETWEEN 4944495 AND 4944595
	Index Only Scan using sbtest1_pkey on sbtest1  (cost=0.43..10.46 rows=101 width=4)
	  Index Cond: ((id >= 4944495) AND (id <= 4944595))

table 2 : explain SELECT id FROM sbtest2 WHERE id BETWEEN 4944495 AND 4944595
	Index Only Scan using sbtest2_pkey on sbtest2  (cost=0.43..6.59 rows=108 width=4)
	  Index Cond: ((id >= 4944495) AND (id <= 4944595))

table 3 : explain SELECT id FROM sbtest3 WHERE id BETWEEN 4944495 AND 4944595
	Index Only Scan using sbtest3_pkey on sbtest3  (cost=0.43..6.56 rows=106 width=4)
	  Index Cond: ((id >= 4944495) AND (id <= 4944595))

table 4 : explain SELECT id FROM sbtest4 WHERE id BETWEEN 4944495 AND 4944595
	Index Only Scan using sbtest4_pkey on sbtest4  (cost=0.43..6.59 rows=108 width=4)
	  Index Cond: ((id >= 4944495) AND (id <= 4944595))

table 5 : explain SELECT id FROM sbtest5 WHERE id BETWEEN 4944495 AND 4944595
	Index Only Scan using sbtest5_pkey on sbtest5  (cost=0.43..10.32 rows=94 width=4)
	  Index Cond: ((id >= 4944495) AND (id <= 4944595))

table 6 : explain SELECT id FROM sbtest6 WHERE id BETWEEN 4944495 AND 4944595
	Index Only Scan using sbtest6_pkey on sbtest6  (cost=0.43..6.53 rows=105 width=4)
	  Index Cond: ((id >= 4944495) AND (id <= 4944595))

table 7 : explain SELECT id FROM sbtest7 WHERE id BETWEEN 4944495 AND 4944595
	Index Only Scan using sbtest7_pkey on sbtest7  (cost=0.43..10.54 rows=105 width=4)
	  Index Cond: ((id >= 4944495) AND (id <= 4944595))

table 8 : explain SELECT id FROM sbtest8 WHERE id BETWEEN 4944495 AND 4944595
	Index Only Scan using sbtest8_pkey on sbtest8  (cost=0.43..10.63 rows=110 width=4)
	  Index Cond: ((id >= 4944495) AND (id <= 4944595))

explain: for range-covered :: explain SELECT id FROM sbtest%d WHERE id BETWEEN 6388535 AND 6388635
explain: for range-covered :: explain SELECT id FROM sbtest%d WHERE id BETWEEN 4944495 AND 4944595
for range-covered
table 1 : explain SELECT id FROM sbtest1 WHERE id BETWEEN 6388535 AND 6388635
	Index Only Scan using sbtest1_pkey on sbtest1  (cost=0.43..10.40 rows=98 width=4)
	  Index Cond: ((id >= 6388535) AND (id <= 6388635))

table 2 : explain SELECT id FROM sbtest2 WHERE id BETWEEN 6388535 AND 6388635
	Index Only Scan using sbtest2_pkey on sbtest2  (cost=0.43..6.40 rows=98 width=4)
	  Index Cond: ((id >= 6388535) AND (id <= 6388635))

table 3 : explain SELECT id FROM sbtest3 WHERE id BETWEEN 6388535 AND 6388635
	Index Only Scan using sbtest3_pkey on sbtest3  (cost=0.43..6.47 rows=102 width=4)
	  Index Cond: ((id >= 6388535) AND (id <= 6388635))

table 4 : explain SELECT id FROM sbtest4 WHERE id BETWEEN 6388535 AND 6388635
	Index Only Scan using sbtest4_pkey on sbtest4  (cost=0.43..6.37 rows=97 width=4)
	  Index Cond: ((id >= 6388535) AND (id <= 6388635))

table 5 : explain SELECT id FROM sbtest5 WHERE id BETWEEN 6388535 AND 6388635
	Index Only Scan using sbtest5_pkey on sbtest5  (cost=0.43..10.62 rows=109 width=4)
	  Index Cond: ((id >= 6388535) AND (id <= 6388635))

table 6 : explain SELECT id FROM sbtest6 WHERE id BETWEEN 6388535 AND 6388635
	Index Only Scan using sbtest6_pkey on sbtest6  (cost=0.43..6.58 rows=107 width=4)
	  Index Cond: ((id >= 6388535) AND (id <= 6388635))

table 7 : explain SELECT id FROM sbtest7 WHERE id BETWEEN 6388535 AND 6388635
	Index Only Scan using sbtest7_pkey on sbtest7  (cost=0.43..10.36 rows=96 width=4)
	  Index Cond: ((id >= 6388535) AND (id <= 6388635))

table 8 : explain SELECT id FROM sbtest8 WHERE id BETWEEN 6388535 AND 6388635
	Index Only Scan using sbtest8_pkey on sbtest8  (cost=0.43..10.54 rows=105 width=4)
	  Index Cond: ((id >= 6388535) AND (id <= 6388635))

explain: for range-covered :: explain SELECT id FROM sbtest%d WHERE id BETWEEN 6388535 AND 6388635
for range-covered
table 1 : explain SELECT id FROM sbtest1 WHERE id BETWEEN 4944495 AND 4944595
	Index Only Scan using sbtest1_pkey on sbtest1  (cost=0.43..10.46 rows=101 width=4)
	  Index Cond: ((id >= 4944495) AND (id <= 4944595))

table 2 : explain SELECT id FROM sbtest2 WHERE id BETWEEN 4944495 AND 4944595
	Index Only Scan using sbtest2_pkey on sbtest2  (cost=0.43..6.59 rows=108 width=4)
	  Index Cond: ((id >= 4944495) AND (id <= 4944595))

table 3 : explain SELECT id FROM sbtest3 WHERE id BETWEEN 4944495 AND 4944595
	Index Only Scan using sbtest3_pkey on sbtest3  (cost=0.43..6.56 rows=106 width=4)
	  Index Cond: ((id >= 4944495) AND (id <= 4944595))

table 4 : explain SELECT id FROM sbtest4 WHERE id BETWEEN 4944495 AND 4944595
	Index Only Scan using sbtest4_pkey on sbtest4  (cost=0.43..6.59 rows=108 width=4)
	  Index Cond: ((id >= 4944495) AND (id <= 4944595))

table 5 : explain SELECT id FROM sbtest5 WHERE id BETWEEN 4944495 AND 4944595
	Index Only Scan using sbtest5_pkey on sbtest5  (cost=0.43..10.32 rows=94 width=4)
	  Index Cond: ((id >= 4944495) AND (id <= 4944595))

table 6 : explain SELECT id FROM sbtest6 WHERE id BETWEEN 4944495 AND 4944595
	Index Only Scan using sbtest6_pkey on sbtest6  (cost=0.43..6.53 rows=105 width=4)
	  Index Cond: ((id >= 4944495) AND (id <= 4944595))

table 7 : explain SELECT id FROM sbtest7 WHERE id BETWEEN 4944495 AND 4944595
	Index Only Scan using sbtest7_pkey on sbtest7  (cost=0.43..10.54 rows=105 width=4)
	  Index Cond: ((id >= 4944495) AND (id <= 4944595))

table 8 : explain SELECT id FROM sbtest8 WHERE id BETWEEN 4944495 AND 4944595
	Index Only Scan using sbtest8_pkey on sbtest8  (cost=0.43..10.63 rows=110 width=4)
	  Index Cond: ((id >= 4944495) AND (id <= 4944595))

for range-covered
table 1 : explain SELECT id FROM sbtest1 WHERE id BETWEEN 1470935 AND 1471035
	Index Only Scan using sbtest1_pkey on sbtest1  (cost=0.43..10.44 rows=100 width=4)
	  Index Cond: ((id >= 1470935) AND (id <= 1471035))

table 2 : explain SELECT id FROM sbtest2 WHERE id BETWEEN 1470935 AND 1471035
	Index Only Scan using sbtest2_pkey on sbtest2  (cost=0.43..6.51 rows=104 width=4)
	  Index Cond: ((id >= 1470935) AND (id <= 1471035))

table 3 : explain SELECT id FROM sbtest3 WHERE id BETWEEN 1470935 AND 1471035
	Index Only Scan using sbtest3_pkey on sbtest3  (cost=0.43..6.27 rows=92 width=4)
	  Index Cond: ((id >= 1470935) AND (id <= 1471035))

table 4 : explain SELECT id FROM sbtest4 WHERE id BETWEEN 1470935 AND 1471035
	Index Only Scan using sbtest4_pkey on sbtest4  (cost=0.43..6.43 rows=100 width=4)
	  Index Cond: ((id >= 1470935) AND (id <= 1471035))

table 5 : explain SELECT id FROM sbtest5 WHERE id BETWEEN 1470935 AND 1471035
	Index Only Scan using sbtest5_pkey on sbtest5  (cost=0.43..10.50 rows=103 width=4)
	  Index Cond: ((id >= 1470935) AND (id <= 1471035))

table 6 : explain SELECT id FROM sbtest6 WHERE id BETWEEN 1470935 AND 1471035
	Index Only Scan using sbtest6_pkey on sbtest6  (cost=0.43..6.47 rows=102 width=4)
	  Index Cond: ((id >= 1470935) AND (id <= 1471035))

table 7 : explain SELECT id FROM sbtest7 WHERE id BETWEEN 1470935 AND 1471035
	Index Only Scan using sbtest7_pkey on sbtest7  (cost=0.43..10.72 rows=114 width=4)
	  Index Cond: ((id >= 1470935) AND (id <= 1471035))

table 8 : explain SELECT id FROM sbtest8 WHERE id BETWEEN 1470935 AND 1471035
	Index Only Scan using sbtest8_pkey on sbtest8  (cost=0.43..10.51 rows=104 width=4)
	  Index Cond: ((id >= 1470935) AND (id <= 1471035))

for range-covered
table 1 : explain SELECT id FROM sbtest1 WHERE id BETWEEN 7846950 AND 7847050
	Index Only Scan using sbtest1_pkey on sbtest1  (cost=0.43..10.29 rows=93 width=4)
	  Index Cond: ((id >= 7846950) AND (id <= 7847050))

table 2 : explain SELECT id FROM sbtest2 WHERE id BETWEEN 7846950 AND 7847050
	Index Only Scan using sbtest2_pkey on sbtest2  (cost=0.43..6.50 rows=103 width=4)
	  Index Cond: ((id >= 7846950) AND (id <= 7847050))

table 3 : explain SELECT id FROM sbtest3 WHERE id BETWEEN 7846950 AND 7847050
	Index Only Scan using sbtest3_pkey on sbtest3  (cost=0.43..6.51 rows=104 width=4)
	  Index Cond: ((id >= 7846950) AND (id <= 7847050))

table 4 : explain SELECT id FROM sbtest4 WHERE id BETWEEN 7846950 AND 7847050
	Index Only Scan using sbtest4_pkey on sbtest4  (cost=0.43..6.27 rows=92 width=4)
	  Index Cond: ((id >= 7846950) AND (id <= 7847050))

table 5 : explain SELECT id FROM sbtest5 WHERE id BETWEEN 7846950 AND 7847050
	Index Only Scan using sbtest5_pkey on sbtest5  (cost=0.43..10.51 rows=104 width=4)
	  Index Cond: ((id >= 7846950) AND (id <= 7847050))

table 6 : explain SELECT id FROM sbtest6 WHERE id BETWEEN 7846950 AND 7847050
	Index Only Scan using sbtest6_pkey on sbtest6  (cost=0.43..6.51 rows=104 width=4)
	  Index Cond: ((id >= 7846950) AND (id <= 7847050))

table 7 : explain SELECT id FROM sbtest7 WHERE id BETWEEN 7846950 AND 7847050
	Index Only Scan using sbtest7_pkey on sbtest7  (cost=0.43..10.54 rows=105 width=4)
	  Index Cond: ((id >= 7846950) AND (id <= 7847050))

table 8 : explain SELECT id FROM sbtest8 WHERE id BETWEEN 7846950 AND 7847050
	Index Only Scan using sbtest8_pkey on sbtest8  (cost=0.43..10.54 rows=105 width=4)
	  Index Cond: ((id >= 7846950) AND (id <= 7847050))

explain: for range-covered :: explain SELECT id FROM sbtest%d WHERE id BETWEEN 4944495 AND 4944595
explain: for range-covered :: explain SELECT id FROM sbtest%d WHERE id BETWEEN 5538663 AND 5538763
for range-covered
table 1 : explain SELECT id FROM sbtest1 WHERE id BETWEEN 7088927 AND 7089027
	Index Only Scan using sbtest1_pkey on sbtest1  (cost=0.43..10.51 rows=104 width=4)
	  Index Cond: ((id >= 7088927) AND (id <= 7089027))

table 2 : explain SELECT id FROM sbtest2 WHERE id BETWEEN 7088927 AND 7089027
	Index Only Scan using sbtest2_pkey on sbtest2  (cost=0.43..6.25 rows=91 width=4)
	  Index Cond: ((id >= 7088927) AND (id <= 7089027))

table 3 : explain SELECT id FROM sbtest3 WHERE id BETWEEN 7088927 AND 7089027
	Index Only Scan using sbtest3_pkey on sbtest3  (cost=0.43..6.58 rows=107 width=4)
	  Index Cond: ((id >= 7088927) AND (id <= 7089027))

table 4 : explain SELECT id FROM sbtest4 WHERE id BETWEEN 7088927 AND 7089027
	Index Only Scan using sbtest4_pkey on sbtest4  (cost=0.43..6.29 rows=93 width=4)
	  Index Cond: ((id >= 7088927) AND (id <= 7089027))

table 5 : explain SELECT id FROM sbtest5 WHERE id BETWEEN 7088927 AND 7089027
	Index Only Scan using sbtest5_pkey on sbtest5  (cost=0.43..10.18 rows=87 width=4)
	  Index Cond: ((id >= 7088927) AND (id <= 7089027))

table 6 : explain SELECT id FROM sbtest6 WHERE id BETWEEN 7088927 AND 7089027
	Index Only Scan using sbtest6_pkey on sbtest6  (cost=0.43..6.45 rows=101 width=4)
	  Index Cond: ((id >= 7088927) AND (id <= 7089027))

table 7 : explain SELECT id FROM sbtest7 WHERE id BETWEEN 7088927 AND 7089027
	Index Only Scan using sbtest7_pkey on sbtest7  (cost=0.43..10.44 rows=100 width=4)
	  Index Cond: ((id >= 7088927) AND (id <= 7089027))

table 8 : explain SELECT id FROM sbtest8 WHERE id BETWEEN 7088927 AND 7089027
	Index Only Scan using sbtest8_pkey on sbtest8  (cost=0.43..10.60 rows=108 width=4)
	  Index Cond: ((id >= 7088927) AND (id <= 7089027))

explain: for range-covered :: explain SELECT id FROM sbtest%d WHERE id BETWEEN 3499249 AND 3499349
for range-covered
table 1 : explain SELECT id FROM sbtest1 WHERE id BETWEEN 1702348 AND 1702448
	Index Only Scan using sbtest1_pkey on sbtest1  (cost=0.43..10.58 rows=107 width=4)
	  Index Cond: ((id >= 1702348) AND (id <= 1702448))

table 2 : explain SELECT id FROM sbtest2 WHERE id BETWEEN 1702348 AND 1702448
	Index Only Scan using sbtest2_pkey on sbtest2  (cost=0.43..6.33 rows=95 width=4)
	  Index Cond: ((id >= 1702348) AND (id <= 1702448))

table 3 : explain SELECT id FROM sbtest3 WHERE id BETWEEN 1702348 AND 1702448
	Index Only Scan using sbtest3_pkey on sbtest3  (cost=0.43..6.42 rows=99 width=4)
	  Index Cond: ((id >= 1702348) AND (id <= 1702448))

table 4 : explain SELECT id FROM sbtest4 WHERE id BETWEEN 1702348 AND 1702448
	Index Only Scan using sbtest4_pkey on sbtest4  (cost=0.43..6.77 rows=117 width=4)
	  Index Cond: ((id >= 1702348) AND (id <= 1702448))

table 5 : explain SELECT id FROM sbtest5 WHERE id BETWEEN 1702348 AND 1702448
	Index Only Scan using sbtest5_pkey on sbtest5  (cost=0.43..10.46 rows=101 width=4)
	  Index Cond: ((id >= 1702348) AND (id <= 1702448))

table 6 : explain SELECT id FROM sbtest6 WHERE id BETWEEN 1702348 AND 1702448
	Index Only Scan using sbtest6_pkey on sbtest6  (cost=0.43..6.42 rows=99 width=4)
	  Index Cond: ((id >= 1702348) AND (id <= 1702448))

table 7 : explain SELECT id FROM sbtest7 WHERE id BETWEEN 1702348 AND 1702448
	Index Only Scan using sbtest7_pkey on sbtest7  (cost=0.43..10.26 rows=91 width=4)
	  Index Cond: ((id >= 1702348) AND (id <= 1702448))

table 8 : explain SELECT id FROM sbtest8 WHERE id BETWEEN 1702348 AND 1702448
	Index Only Scan using sbtest8_pkey on sbtest8  (cost=0.43..10.58 rows=107 width=4)
	  Index Cond: ((id >= 1702348) AND (id <= 1702448))

for range-covered
table 1 : explain SELECT id FROM sbtest1 WHERE id BETWEEN 6388535 AND 6388635
	Index Only Scan using sbtest1_pkey on sbtest1  (cost=0.43..10.40 rows=98 width=4)
	  Index Cond: ((id >= 6388535) AND (id <= 6388635))

table 2 : explain SELECT id FROM sbtest2 WHERE id BETWEEN 6388535 AND 6388635
	Index Only Scan using sbtest2_pkey on sbtest2  (cost=0.43..6.40 rows=98 width=4)
	  Index Cond: ((id >= 6388535) AND (id <= 6388635))

table 3 : explain SELECT id FROM sbtest3 WHERE id BETWEEN 6388535 AND 6388635
	Index Only Scan using sbtest3_pkey on sbtest3  (cost=0.43..6.47 rows=102 width=4)
	  Index Cond: ((id >= 6388535) AND (id <= 6388635))

table 4 : explain SELECT id FROM sbtest4 WHERE id BETWEEN 6388535 AND 6388635
	Index Only Scan using sbtest4_pkey on sbtest4  (cost=0.43..6.37 rows=97 width=4)
	  Index Cond: ((id >= 6388535) AND (id <= 6388635))

table 5 : explain SELECT id FROM sbtest5 WHERE id BETWEEN 6388535 AND 6388635
	Index Only Scan using sbtest5_pkey on sbtest5  (cost=0.43..10.62 rows=109 width=4)
	  Index Cond: ((id >= 6388535) AND (id <= 6388635))

table 6 : explain SELECT id FROM sbtest6 WHERE id BETWEEN 6388535 AND 6388635
	Index Only Scan using sbtest6_pkey on sbtest6  (cost=0.43..6.58 rows=107 width=4)
	  Index Cond: ((id >= 6388535) AND (id <= 6388635))

table 7 : explain SELECT id FROM sbtest7 WHERE id BETWEEN 6388535 AND 6388635
	Index Only Scan using sbtest7_pkey on sbtest7  (cost=0.43..10.36 rows=96 width=4)
	  Index Cond: ((id >= 6388535) AND (id <= 6388635))

table 8 : explain SELECT id FROM sbtest8 WHERE id BETWEEN 6388535 AND 6388635
	Index Only Scan using sbtest8_pkey on sbtest8  (cost=0.43..10.54 rows=105 width=4)
	  Index Cond: ((id >= 6388535) AND (id <= 6388635))

explain: for range-covered :: explain SELECT id FROM sbtest%d WHERE id BETWEEN 6388535 AND 6388635
for range-covered
table 1 : explain SELECT id FROM sbtest1 WHERE id BETWEEN 1347659 AND 1347759
	Index Only Scan using sbtest1_pkey on sbtest1  (cost=0.43..10.44 rows=100 width=4)
	  Index Cond: ((id >= 1347659) AND (id <= 1347759))

table 2 : explain SELECT id FROM sbtest2 WHERE id BETWEEN 1347659 AND 1347759
	Index Only Scan using sbtest2_pkey on sbtest2  (cost=0.43..6.50 rows=103 width=4)
	  Index Cond: ((id >= 1347659) AND (id <= 1347759))

table 3 : explain SELECT id FROM sbtest3 WHERE id BETWEEN 1347659 AND 1347759
	Index Only Scan using sbtest3_pkey on sbtest3  (cost=0.43..6.66 rows=111 width=4)
	  Index Cond: ((id >= 1347659) AND (id <= 1347759))

table 4 : explain SELECT id FROM sbtest4 WHERE id BETWEEN 1347659 AND 1347759
	Index Only Scan using sbtest4_pkey on sbtest4  (cost=0.43..6.50 rows=103 width=4)
	  Index Cond: ((id >= 1347659) AND (id <= 1347759))

table 5 : explain SELECT id FROM sbtest5 WHERE id BETWEEN 1347659 AND 1347759
	Index Only Scan using sbtest5_pkey on sbtest5  (cost=0.43..10.51 rows=104 width=4)
	  Index Cond: ((id >= 1347659) AND (id <= 1347759))

table 6 : explain SELECT id FROM sbtest6 WHERE id BETWEEN 1347659 AND 1347759
	Index Only Scan using sbtest6_pkey on sbtest6  (cost=0.43..6.51 rows=104 width=4)
	  Index Cond: ((id >= 1347659) AND (id <= 1347759))

table 7 : explain SELECT id FROM sbtest7 WHERE id BETWEEN 1347659 AND 1347759
	Index Only Scan using sbtest7_pkey on sbtest7  (cost=0.43..10.46 rows=101 width=4)
	  Index Cond: ((id >= 1347659) AND (id <= 1347759))

table 8 : explain SELECT id FROM sbtest8 WHERE id BETWEEN 1347659 AND 1347759
	Index Only Scan using sbtest8_pkey on sbtest8  (cost=0.43..10.47 rows=102 width=4)
	  Index Cond: ((id >= 1347659) AND (id <= 1347759))

for range-covered
table 1 : explain SELECT id FROM sbtest1 WHERE id BETWEEN 5184076 AND 5184176
	Index Only Scan using sbtest1_pkey on sbtest1  (cost=0.43..10.33 rows=95 width=4)
	  Index Cond: ((id >= 5184076) AND (id <= 5184176))

table 2 : explain SELECT id FROM sbtest2 WHERE id BETWEEN 5184076 AND 5184176
	Index Only Scan using sbtest2_pkey on sbtest2  (cost=0.43..6.53 rows=105 width=4)
	  Index Cond: ((id >= 5184076) AND (id <= 5184176))

table 3 : explain SELECT id FROM sbtest3 WHERE id BETWEEN 5184076 AND 5184176
	Index Only Scan using sbtest3_pkey on sbtest3  (cost=0.43..6.51 rows=104 width=4)
	  Index Cond: ((id >= 5184076) AND (id <= 5184176))

table 4 : explain SELECT id FROM sbtest4 WHERE id BETWEEN 5184076 AND 5184176
	Index Only Scan using sbtest4_pkey on sbtest4  (cost=0.43..6.43 rows=100 width=4)
	  Index Cond: ((id >= 5184076) AND (id <= 5184176))

table 5 : explain SELECT id FROM sbtest5 WHERE id BETWEEN 5184076 AND 5184176
	Index Only Scan using sbtest5_pkey on sbtest5  (cost=0.43..10.36 rows=96 width=4)
	  Index Cond: ((id >= 5184076) AND (id <= 5184176))

table 6 : explain SELECT id FROM sbtest6 WHERE id BETWEEN 5184076 AND 5184176
	Index Only Scan using sbtest6_pkey on sbtest6  (cost=0.43..6.27 rows=92 width=4)
	  Index Cond: ((id >= 5184076) AND (id <= 5184176))

table 7 : explain SELECT id FROM sbtest7 WHERE id BETWEEN 5184076 AND 5184176
	Index Only Scan using sbtest7_pkey on sbtest7  (cost=0.43..10.50 rows=103 width=4)
	  Index Cond: ((id >= 5184076) AND (id <= 5184176))

table 8 : explain SELECT id FROM sbtest8 WHERE id BETWEEN 5184076 AND 5184176
	Index Only Scan using sbtest8_pkey on sbtest8  (cost=0.43..10.38 rows=97 width=4)
	  Index Cond: ((id >= 5184076) AND (id <= 5184176))

explain: for range-covered :: explain SELECT id FROM sbtest%d WHERE id BETWEEN 1347659 AND 1347759
explain: for range-covered :: explain SELECT id FROM sbtest%d WHERE id BETWEEN 1702348 AND 1702448
for range-covered
table 1 : explain SELECT id FROM sbtest1 WHERE id BETWEEN 4944495 AND 4944595
	Index Only Scan using sbtest1_pkey on sbtest1  (cost=0.43..10.46 rows=101 width=4)
	  Index Cond: ((id >= 4944495) AND (id <= 4944595))

table 2 : explain SELECT id FROM sbtest2 WHERE id BETWEEN 4944495 AND 4944595
	Index Only Scan using sbtest2_pkey on sbtest2  (cost=0.43..6.59 rows=108 width=4)
	  Index Cond: ((id >= 4944495) AND (id <= 4944595))

table 3 : explain SELECT id FROM sbtest3 WHERE id BETWEEN 4944495 AND 4944595
	Index Only Scan using sbtest3_pkey on sbtest3  (cost=0.43..6.56 rows=106 width=4)
	  Index Cond: ((id >= 4944495) AND (id <= 4944595))

table 4 : explain SELECT id FROM sbtest4 WHERE id BETWEEN 4944495 AND 4944595
	Index Only Scan using sbtest4_pkey on sbtest4  (cost=0.43..6.59 rows=108 width=4)
	  Index Cond: ((id >= 4944495) AND (id <= 4944595))

table 5 : explain SELECT id FROM sbtest5 WHERE id BETWEEN 4944495 AND 4944595
	Index Only Scan using sbtest5_pkey on sbtest5  (cost=0.43..10.32 rows=94 width=4)
	  Index Cond: ((id >= 4944495) AND (id <= 4944595))

table 6 : explain SELECT id FROM sbtest6 WHERE id BETWEEN 4944495 AND 4944595
	Index Only Scan using sbtest6_pkey on sbtest6  (cost=0.43..6.53 rows=105 width=4)
	  Index Cond: ((id >= 4944495) AND (id <= 4944595))

table 7 : explain SELECT id FROM sbtest7 WHERE id BETWEEN 4944495 AND 4944595
	Index Only Scan using sbtest7_pkey on sbtest7  (cost=0.43..10.54 rows=105 width=4)
	  Index Cond: ((id >= 4944495) AND (id <= 4944595))

table 8 : explain SELECT id FROM sbtest8 WHERE id BETWEEN 4944495 AND 4944595
	Index Only Scan using sbtest8_pkey on sbtest8  (cost=0.43..10.63 rows=110 width=4)
	  Index Cond: ((id >= 4944495) AND (id <= 4944595))

explain: for range-covered :: explain SELECT id FROM sbtest%d WHERE id BETWEEN 5184076 AND 5184176
explain: for range-covered :: explain SELECT id FROM sbtest%d WHERE id BETWEEN 4944495 AND 4944595
explain: for range-covered :: explain SELECT id FROM sbtest%d WHERE id BETWEEN 5928775 AND 5928875
for range-covered
table 1 : explain SELECT id FROM sbtest1 WHERE id BETWEEN 1347659 AND 1347759
	Index Only Scan using sbtest1_pkey on sbtest1  (cost=0.43..10.44 rows=100 width=4)
	  Index Cond: ((id >= 1347659) AND (id <= 1347759))

table 2 : explain SELECT id FROM sbtest2 WHERE id BETWEEN 1347659 AND 1347759
	Index Only Scan using sbtest2_pkey on sbtest2  (cost=0.43..6.50 rows=103 width=4)
	  Index Cond: ((id >= 1347659) AND (id <= 1347759))

table 3 : explain SELECT id FROM sbtest3 WHERE id BETWEEN 1347659 AND 1347759
	Index Only Scan using sbtest3_pkey on sbtest3  (cost=0.43..6.66 rows=111 width=4)
	  Index Cond: ((id >= 1347659) AND (id <= 1347759))

table 4 : explain SELECT id FROM sbtest4 WHERE id BETWEEN 1347659 AND 1347759
	Index Only Scan using sbtest4_pkey on sbtest4  (cost=0.43..6.50 rows=103 width=4)
	  Index Cond: ((id >= 1347659) AND (id <= 1347759))

table 5 : explain SELECT id FROM sbtest5 WHERE id BETWEEN 1347659 AND 1347759
	Index Only Scan using sbtest5_pkey on sbtest5  (cost=0.43..10.51 rows=104 width=4)
	  Index Cond: ((id >= 1347659) AND (id <= 1347759))

table 6 : explain SELECT id FROM sbtest6 WHERE id BETWEEN 1347659 AND 1347759
	Index Only Scan using sbtest6_pkey on sbtest6  (cost=0.43..6.51 rows=104 width=4)
	  Index Cond: ((id >= 1347659) AND (id <= 1347759))

table 7 : explain SELECT id FROM sbtest7 WHERE id BETWEEN 1347659 AND 1347759
	Index Only Scan using sbtest7_pkey on sbtest7  (cost=0.43..10.46 rows=101 width=4)
	  Index Cond: ((id >= 1347659) AND (id <= 1347759))

table 8 : explain SELECT id FROM sbtest8 WHERE id BETWEEN 1347659 AND 1347759
	Index Only Scan using sbtest8_pkey on sbtest8  (cost=0.43..10.47 rows=102 width=4)
	  Index Cond: ((id >= 1347659) AND (id <= 1347759))

explain: for range-covered :: explain SELECT id FROM sbtest%d WHERE id BETWEEN 1347659 AND 1347759for range-covered
table 1 : explain SELECT id FROM sbtest1 WHERE id BETWEEN 5184076 AND 5184176
	Index Only Scan using sbtest1_pkey on sbtest1  (cost=0.43..10.33 rows=95 width=4)
	  Index Cond: ((id >= 5184076) AND (id <= 5184176))

table 2 : explain SELECT id FROM sbtest2 WHERE id BETWEEN 5184076 AND 5184176
	Index Only Scan using sbtest2_pkey on sbtest2  (cost=0.43..6.53 rows=105 width=4)
	  Index Cond: ((id >= 5184076) AND (id <= 5184176))

table 3 : explain SELECT id FROM sbtest3 WHERE id BETWEEN 5184076 AND 5184176
	Index Only Scan using sbtest3_pkey on sbtest3  (cost=0.43..6.51 rows=104 width=4)
	  Index Cond: ((id >= 5184076) AND (id <= 5184176))

table 4 : explain SELECT id FROM sbtest4 WHERE id BETWEEN 5184076 AND 5184176
	Index Only Scan using sbtest4_pkey on sbtest4  (cost=0.43..6.43 rows=100 width=4)
	  Index Cond: ((id >= 5184076) AND (id <= 5184176))

table 5 : explain SELECT id FROM sbtest5 WHERE id BETWEEN 5184076 AND 5184176
	Index Only Scan using sbtest5_pkey on sbtest5  (cost=0.43..10.36 rows=96 width=4)
	  Index Cond: ((id >= 5184076) AND (id <= 5184176))

table 6 : explain SELECT id FROM sbtest6 WHERE id BETWEEN 5184076 AND 5184176
	Index Only Scan using sbtest6_pkey on sbtest6  (cost=0.43..6.27 rows=92 width=4)
	  Index Cond: ((id >= 5184076) AND (id <= 5184176))

table 7 : explain SELECT id FROM sbtest7 WHERE id BETWEEN 5184076 AND 5184176
	Index Only Scan using sbtest7_pkey on sbtest7  (cost=0.43..10.50 rows=103 width=4)
	  Index Cond: ((id >= 5184076) AND (id <= 5184176))

table 8 : explain SELECT id FROM sbtest8 WHERE id BETWEEN 5184076 AND 5184176
	Index Only Scan using sbtest8_pkey on sbtest8  (cost=0.43..10.38 rows=97 width=4)
	  Index Cond: ((id >= 5184076) AND (id <= 5184176))


explain: for range-covered :: explain SELECT id FROM sbtest%d WHERE id BETWEEN 5184076 AND 5184176
for range-covered
table 1 : explain SELECT id FROM sbtest1 WHERE id BETWEEN 4859042 AND 4859142
	Index Only Scan using sbtest1_pkey on sbtest1  (cost=0.43..10.50 rows=103 width=4)
	  Index Cond: ((id >= 4859042) AND (id <= 4859142))

table 2 : explain SELECT id FROM sbtest2 WHERE id BETWEEN 4859042 AND 4859142
	Index Only Scan using sbtest2_pkey on sbtest2  (cost=0.43..6.53 rows=105 width=4)
	  Index Cond: ((id >= 4859042) AND (id <= 4859142))

table 3 : explain SELECT id FROM sbtest3 WHERE id BETWEEN 4859042 AND 4859142
	Index Only Scan using sbtest3_pkey on sbtest3  (cost=0.43..6.56 rows=106 width=4)
	  Index Cond: ((id >= 4859042) AND (id <= 4859142))

table 4 : explain SELECT id FROM sbtest4 WHERE id BETWEEN 4859042 AND 4859142
	Index Only Scan using sbtest4_pkey on sbtest4  (cost=0.43..6.47 rows=102 width=4)
	  Index Cond: ((id >= 4859042) AND (id <= 4859142))

table 5 : explain SELECT id FROM sbtest5 WHERE id BETWEEN 4859042 AND 4859142
	Index Only Scan using sbtest5_pkey on sbtest5  (cost=0.43..10.50 rows=103 width=4)
	  Index Cond: ((id >= 4859042) AND (id <= 4859142))

table 6 : explain SELECT id FROM sbtest6 WHERE id BETWEEN 4859042 AND 4859142
	Index Only Scan using sbtest6_pkey on sbtest6  (cost=0.43..6.42 rows=99 width=4)
	  Index Cond: ((id >= 4859042) AND (id <= 4859142))

table 7 : explain SELECT id FROM sbtest7 WHERE id BETWEEN 4859042 AND 4859142
	Index Only Scan using sbtest7_pkey on sbtest7  (cost=0.43..10.44 rows=100 width=4)
	  Index Cond: ((id >= 4859042) AND (id <= 4859142))

table 8 : explain SELECT id FROM sbtest8 WHERE id BETWEEN 4859042 AND 4859142
	Index Only Scan using sbtest8_pkey on sbtest8  (cost=0.43..10.47 rows=102 width=4)
	  Index Cond: ((id >= 4859042) AND (id <= 4859142))

explain: for range-covered :: explain SELECT id FROM sbtest%d WHERE id BETWEEN 4859042 AND 4859142
for range-covered
table 1 : explain SELECT id FROM sbtest1 WHERE id BETWEEN 1347659 AND 1347759
	Index Only Scan using sbtest1_pkey on sbtest1  (cost=0.43..10.44 rows=100 width=4)
	  Index Cond: ((id >= 1347659) AND (id <= 1347759))

table 2 : explain SELECT id FROM sbtest2 WHERE id BETWEEN 1347659 AND 1347759
	Index Only Scan using sbtest2_pkey on sbtest2  (cost=0.43..6.50 rows=103 width=4)
	  Index Cond: ((id >= 1347659) AND (id <= 1347759))

table 3 : explain SELECT id FROM sbtest3 WHERE id BETWEEN 1347659 AND 1347759
	Index Only Scan using sbtest3_pkey on sbtest3  (cost=0.43..6.66 rows=111 width=4)
	  Index Cond: ((id >= 1347659) AND (id <= 1347759))

table 4 : explain SELECT id FROM sbtest4 WHERE id BETWEEN 1347659 AND 1347759
	Index Only Scan using sbtest4_pkey on sbtest4  (cost=0.43..6.50 rows=103 width=4)
	  Index Cond: ((id >= 1347659) AND (id <= 1347759))

table 5 : explain SELECT id FROM sbtest5 WHERE id BETWEEN 1347659 AND 1347759
	Index Only Scan using sbtest5_pkey on sbtest5  (cost=0.43..10.51 rows=104 width=4)
	  Index Cond: ((id >= 1347659) AND (id <= 1347759))

table 6 : explain SELECT id FROM sbtest6 WHERE id BETWEEN 1347659 AND 1347759
	Index Only Scan using sbtest6_pkey on sbtest6  (cost=0.43..6.51 rows=104 width=4)
	  Index Cond: ((id >= 1347659) AND (id <= 1347759))

table 7 : explain SELECT id FROM sbtest7 WHERE id BETWEEN 1347659 AND 1347759
	Index Only Scan using sbtest7_pkey on sbtest7  (cost=0.43..10.46 rows=101 width=4)
	  Index Cond: ((id >= 1347659) AND (id <= 1347759))

table 8 : explain SELECT id FROM sbtest8 WHERE id BETWEEN 1347659 AND 1347759
	Index Only Scan using sbtest8_pkey on sbtest8  (cost=0.43..10.47 rows=102 width=4)
	  Index Cond: ((id >= 1347659) AND (id <= 1347759))

for range-covered
table 1 : explain SELECT id FROM sbtest1 WHERE id BETWEEN 5184076 AND 5184176
	Index Only Scan using sbtest1_pkey on sbtest1  (cost=0.43..10.33 rows=95 width=4)
	  Index Cond: ((id >= 5184076) AND (id <= 5184176))

table 2 : explain SELECT id FROM sbtest2 WHERE id BETWEEN 5184076 AND 5184176
	Index Only Scan using sbtest2_pkey on sbtest2  (cost=0.43..6.53 rows=105 width=4)
	  Index Cond: ((id >= 5184076) AND (id <= 5184176))

table 3 : explain SELECT id FROM sbtest3 WHERE id BETWEEN 5184076 AND 5184176
	Index Only Scan using sbtest3_pkey on sbtest3  (cost=0.43..6.51 rows=104 width=4)
	  Index Cond: ((id >= 5184076) AND (id <= 5184176))

table 4 : explain SELECT id FROM sbtest4 WHERE id BETWEEN 5184076 AND 5184176
	Index Only Scan using sbtest4_pkey on sbtest4  (cost=0.43..6.43 rows=100 width=4)
	  Index Cond: ((id >= 5184076) AND (id <= 5184176))

table 5 : explain SELECT id FROM sbtest5 WHERE id BETWEEN 5184076 AND 5184176
	Index Only Scan using sbtest5_pkey on sbtest5  (cost=0.43..10.36 rows=96 width=4)
	  Index Cond: ((id >= 5184076) AND (id <= 5184176))

table 6 : explain SELECT id FROM sbtest6 WHERE id BETWEEN 5184076 AND 5184176
	Index Only Scan using sbtest6_pkey on sbtest6  (cost=0.43..6.27 rows=92 width=4)
	  Index Cond: ((id >= 5184076) AND (id <= 5184176))

table 7 : explain SELECT id FROM sbtest7 WHERE id BETWEEN 5184076 AND 5184176
	Index Only Scan using sbtest7_pkey on sbtest7  (cost=0.43..10.50 rows=103 width=4)
	  Index Cond: ((id >= 5184076) AND (id <= 5184176))

table 8 : explain SELECT id FROM sbtest8 WHERE id BETWEEN 5184076 AND 5184176
	Index Only Scan using sbtest8_pkey on sbtest8  (cost=0.43..10.38 rows=97 width=4)
	  Index Cond: ((id >= 5184076) AND (id <= 5184176))

explain: for range-covered :: explain SELECT id FROM sbtest%d WHERE id BETWEEN 1347659 AND 1347759
explain: for range-covered :: explain SELECT id FROM sbtest%d WHERE id BETWEEN 5184076 AND 5184176
for range-covered
table 1 : explain SELECT id FROM sbtest1 WHERE id BETWEEN 5538663 AND 5538763
	Index Only Scan using sbtest1_pkey on sbtest1  (cost=0.43..10.38 rows=97 width=4)
	  Index Cond: ((id >= 5538663) AND (id <= 5538763))

table 2 : explain SELECT id FROM sbtest2 WHERE id BETWEEN 5538663 AND 5538763
	Index Only Scan using sbtest2_pkey on sbtest2  (cost=0.43..6.56 rows=106 width=4)
	  Index Cond: ((id >= 5538663) AND (id <= 5538763))

table 3 : explain SELECT id FROM sbtest3 WHERE id BETWEEN 5538663 AND 5538763
	Index Only Scan using sbtest3_pkey on sbtest3  (cost=0.43..6.40 rows=98 width=4)
	  Index Cond: ((id >= 5538663) AND (id <= 5538763))

table 4 : explain SELECT id FROM sbtest4 WHERE id BETWEEN 5538663 AND 5538763
	Index Only Scan using sbtest4_pkey on sbtest4  (cost=0.43..6.43 rows=100 width=4)
	  Index Cond: ((id >= 5538663) AND (id <= 5538763))

table 5 : explain SELECT id FROM sbtest5 WHERE id BETWEEN 5538663 AND 5538763
	Index Only Scan using sbtest5_pkey on sbtest5  (cost=0.43..10.33 rows=95 width=4)
	  Index Cond: ((id >= 5538663) AND (id <= 5538763))

table 6 : explain SELECT id FROM sbtest6 WHERE id BETWEEN 5538663 AND 5538763
	Index Only Scan using sbtest6_pkey on sbtest6  (cost=0.43..6.37 rows=97 width=4)
	  Index Cond: ((id >= 5538663) AND (id <= 5538763))

table 7 : explain SELECT id FROM sbtest7 WHERE id BETWEEN 5538663 AND 5538763
	Index Only Scan using sbtest7_pkey on sbtest7  (cost=0.43..10.38 rows=97 width=4)
	  Index Cond: ((id >= 5538663) AND (id <= 5538763))

table 8 : explain SELECT id FROM sbtest8 WHERE id BETWEEN 5538663 AND 5538763
	Index Only Scan using sbtest8_pkey on sbtest8  (cost=0.43..10.32 rows=94 width=4)
	  Index Cond: ((id >= 5538663) AND (id <= 5538763))

explain: for range-covered :: explain SELECT id FROM sbtest%d WHERE id BETWEEN 5538663 AND 5538763
for range-covered
table 1 : explain SELECT id FROM sbtest1 WHERE id BETWEEN 4859042 AND 4859142
	Index Only Scan using sbtest1_pkey on sbtest1  (cost=0.43..10.50 rows=103 width=4)
	  Index Cond: ((id >= 4859042) AND (id <= 4859142))

table 2 : explain SELECT id FROM sbtest2 WHERE id BETWEEN 4859042 AND 4859142
	Index Only Scan using sbtest2_pkey on sbtest2  (cost=0.43..6.53 rows=105 width=4)
	  Index Cond: ((id >= 4859042) AND (id <= 4859142))

table 3 : explain SELECT id FROM sbtest3 WHERE id BETWEEN 4859042 AND 4859142
	Index Only Scan using sbtest3_pkey on sbtest3  (cost=0.43..6.56 rows=106 width=4)
	  Index Cond: ((id >= 4859042) AND (id <= 4859142))

table 4 : explain SELECT id FROM sbtest4 WHERE id BETWEEN 4859042 AND 4859142
	Index Only Scan using sbtest4_pkey on sbtest4  (cost=0.43..6.47 rows=102 width=4)
	  Index Cond: ((id >= 4859042) AND (id <= 4859142))

table 5 : explain SELECT id FROM sbtest5 WHERE id BETWEEN 4859042 AND 4859142
	Index Only Scan using sbtest5_pkey on sbtest5  (cost=0.43..10.50 rows=103 width=4)
	  Index Cond: ((id >= 4859042) AND (id <= 4859142))

table 6 : explain SELECT id FROM sbtest6 WHERE id BETWEEN 4859042 AND 4859142
	Index Only Scan using sbtest6_pkey on sbtest6  (cost=0.43..6.42 rows=99 width=4)
	  Index Cond: ((id >= 4859042) AND (id <= 4859142))

table 7 : explain SELECT id FROM sbtest7 WHERE id BETWEEN 4859042 AND 4859142
	Index Only Scan using sbtest7_pkey on sbtest7  (cost=0.43..10.44 rows=100 width=4)
	  Index Cond: ((id >= 4859042) AND (id <= 4859142))

table 8 : explain SELECT id FROM sbtest8 WHERE id BETWEEN 4859042 AND 4859142
	Index Only Scan using sbtest8_pkey on sbtest8  (cost=0.43..10.47 rows=102 width=4)
	  Index Cond: ((id >= 4859042) AND (id <= 4859142))

explain: for range-covered :: explain SELECT id FROM sbtest%d WHERE id BETWEEN 4859042 AND 4859142
for range-covered
table 1 : explain SELECT id FROM sbtest1 WHERE id BETWEEN 1347659 AND 1347759
	Index Only Scan using sbtest1_pkey on sbtest1  (cost=0.43..10.44 rows=100 width=4)
	  Index Cond: ((id >= 1347659) AND (id <= 1347759))

table 2 : explain SELECT id FROM sbtest2 WHERE id BETWEEN 1347659 AND 1347759
	Index Only Scan using sbtest2_pkey on sbtest2  (cost=0.43..6.50 rows=103 width=4)
	  Index Cond: ((id >= 1347659) AND (id <= 1347759))

table 3 : explain SELECT id FROM sbtest3 WHERE id BETWEEN 1347659 AND 1347759
	Index Only Scan using sbtest3_pkey on sbtest3  (cost=0.43..6.66 rows=111 width=4)
	  Index Cond: ((id >= 1347659) AND (id <= 1347759))

table 4 : explain SELECT id FROM sbtest4 WHERE id BETWEEN 1347659 AND 1347759
	Index Only Scan using sbtest4_pkey on sbtest4  (cost=0.43..6.50 rows=103 width=4)
	  Index Cond: ((id >= 1347659) AND (id <= 1347759))

table 5 : explain SELECT id FROM sbtest5 WHERE id BETWEEN 1347659 AND 1347759
	Index Only Scan using sbtest5_pkey on sbtest5  (cost=0.43..10.51 rows=104 width=4)
	  Index Cond: ((id >= 1347659) AND (id <= 1347759))

table 6 : explain SELECT id FROM sbtest6 WHERE id BETWEEN 1347659 AND 1347759
	Index Only Scan using sbtest6_pkey on sbtest6  (cost=0.43..6.51 rows=104 width=4)
	  Index Cond: ((id >= 1347659) AND (id <= 1347759))

table 7 : explain SELECT id FROM sbtest7 WHERE id BETWEEN 1347659 AND 1347759
	Index Only Scan using sbtest7_pkey on sbtest7  (cost=0.43..10.46 rows=101 width=4)
	  Index Cond: ((id >= 1347659) AND (id <= 1347759))

table 8 : explain SELECT id FROM sbtest8 WHERE id BETWEEN 1347659 AND 1347759
	Index Only Scan using sbtest8_pkey on sbtest8  (cost=0.43..10.47 rows=102 width=4)
	  Index Cond: ((id >= 1347659) AND (id <= 1347759))

for range-covered
table 1 : explain SELECT id FROM sbtest1 WHERE id BETWEEN 5184076 AND 5184176
	Index Only Scan using sbtest1_pkey on sbtest1  (cost=0.43..10.33 rows=95 width=4)
	  Index Cond: ((id >= 5184076) AND (id <= 5184176))

table 2 : explain SELECT id FROM sbtest2 WHERE id BETWEEN 5184076 AND 5184176
	Index Only Scan using sbtest2_pkey on sbtest2  (cost=0.43..6.53 rows=105 width=4)
	  Index Cond: ((id >= 5184076) AND (id <= 5184176))

table 3 : explain SELECT id FROM sbtest3 WHERE id BETWEEN 5184076 AND 5184176
	Index Only Scan using sbtest3_pkey on sbtest3  (cost=0.43..6.51 rows=104 width=4)
	  Index Cond: ((id >= 5184076) AND (id <= 5184176))

table 4 : explain SELECT id FROM sbtest4 WHERE id BETWEEN 5184076 AND 5184176
	Index Only Scan using sbtest4_pkey on sbtest4  (cost=0.43..6.43 rows=100 width=4)
	  Index Cond: ((id >= 5184076) AND (id <= 5184176))

table 5 : explain SELECT id FROM sbtest5 WHERE id BETWEEN 5184076 AND 5184176
	Index Only Scan using sbtest5_pkey on sbtest5  (cost=0.43..10.36 rows=96 width=4)
	  Index Cond: ((id >= 5184076) AND (id <= 5184176))

table 6 : explain SELECT id FROM sbtest6 WHERE id BETWEEN 5184076 AND 5184176
	Index Only Scan using sbtest6_pkey on sbtest6  (cost=0.43..6.27 rows=92 width=4)
	  Index Cond: ((id >= 5184076) AND (id <= 5184176))

table 7 : explain SELECT id FROM sbtest7 WHERE id BETWEEN 5184076 AND 5184176
	Index Only Scan using sbtest7_pkey on sbtest7  (cost=0.43..10.50 rows=103 width=4)
	  Index Cond: ((id >= 5184076) AND (id <= 5184176))

table 8 : explain SELECT id FROM sbtest8 WHERE id BETWEEN 5184076 AND 5184176
	Index Only Scan using sbtest8_pkey on sbtest8  (cost=0.43..10.38 rows=97 width=4)
	  Index Cond: ((id >= 5184076) AND (id <= 5184176))

explain: for range-covered :: explain SELECT id FROM sbtest%d WHERE id BETWEEN 1347659 AND 1347759
for range-covered
table 1 : explain SELECT id FROM sbtest1 WHERE id BETWEEN 1702348 AND 1702448
	Index Only Scan using sbtest1_pkey on sbtest1  (cost=0.43..10.58 rows=107 width=4)
	  Index Cond: ((id >= 1702348) AND (id <= 1702448))

table 2 : explain SELECT id FROM sbtest2 WHERE id BETWEEN 1702348 AND 1702448
	Index Only Scan using sbtest2_pkey on sbtest2  (cost=0.43..6.33 rows=95 width=4)
	  Index Cond: ((id >= 1702348) AND (id <= 1702448))

table 3 : explain SELECT id FROM sbtest3 WHERE id BETWEEN 1702348 AND 1702448
	Index Only Scan using sbtest3_pkey on sbtest3  (cost=0.43..6.42 rows=99 width=4)
	  Index Cond: ((id >= 1702348) AND (id <= 1702448))

table 4 : explain SELECT id FROM sbtest4 WHERE id BETWEEN 1702348 AND 1702448
	Index Only Scan using sbtest4_pkey on sbtest4  (cost=0.43..6.77 rows=117 width=4)
	  Index Cond: ((id >= 1702348) AND (id <= 1702448))

table 5 : explain SELECT id FROM sbtest5 WHERE id BETWEEN 1702348 AND 1702448
	Index Only Scan using sbtest5_pkey on sbtest5  (cost=0.43..10.46 rows=101 width=4)
	  Index Cond: ((id >= 1702348) AND (id <= 1702448))

table 6 : explain SELECT id FROM sbtest6 WHERE id BETWEEN 1702348 AND 1702448
	Index Only Scan using sbtest6_pkey on sbtest6  (cost=0.43..6.42 rows=99 width=4)
	  Index Cond: ((id >= 1702348) AND (id <= 1702448))

table 7 : explain SELECT id FROM sbtest7 WHERE id BETWEEN 1702348 AND 1702448
	Index Only Scan using sbtest7_pkey on sbtest7  (cost=0.43..10.26 rows=91 width=4)
	  Index Cond: ((id >= 1702348) AND (id <= 1702448))

table 8 : explain SELECT id FROM sbtest8 WHERE id BETWEEN 1702348 AND 1702448
	Index Only Scan using sbtest8_pkey on sbtest8  (cost=0.43..10.58 rows=107 width=4)
	  Index Cond: ((id >= 1702348) AND (id <= 1702448))

explain: for range-covered :: explain SELECT id FROM sbtest%d WHERE id BETWEEN 5184076 AND 5184176
explain: for range-covered :: explain SELECT id FROM sbtest%d WHERE id BETWEEN 1702348 AND 1702448
for range-covered
table 1 : explain SELECT id FROM sbtest1 WHERE id BETWEEN 5326794 AND 5326894
	Index Only Scan using sbtest1_pkey on sbtest1  (cost=0.43..10.47 rows=102 width=4)
	  Index Cond: ((id >= 5326794) AND (id <= 5326894))

table 2 : explain SELECT id FROM sbtest2 WHERE id BETWEEN 5326794 AND 5326894
	Index Only Scan using sbtest2_pkey on sbtest2  (cost=0.43..6.61 rows=109 width=4)
	  Index Cond: ((id >= 5326794) AND (id <= 5326894))

table 3 : explain SELECT id FROM sbtest3 WHERE id BETWEEN 5326794 AND 5326894
	Index Only Scan using sbtest3_pkey on sbtest3  (cost=0.43..6.32 rows=94 width=4)
	  Index Cond: ((id >= 5326794) AND (id <= 5326894))

table 4 : explain SELECT id FROM sbtest4 WHERE id BETWEEN 5326794 AND 5326894
	Index Only Scan using sbtest4_pkey on sbtest4  (cost=0.43..6.53 rows=105 width=4)
	  Index Cond: ((id >= 5326794) AND (id <= 5326894))

table 5 : explain SELECT id FROM sbtest5 WHERE id BETWEEN 5326794 AND 5326894
	Index Only Scan using sbtest5_pkey on sbtest5  (cost=0.43..10.46 rows=101 width=4)
	  Index Cond: ((id >= 5326794) AND (id <= 5326894))

table 6 : explain SELECT id FROM sbtest6 WHERE id BETWEEN 5326794 AND 5326894
	Index Only Scan using sbtest6_pkey on sbtest6  (cost=0.43..6.42 rows=99 width=4)
	  Index Cond: ((id >= 5326794) AND (id <= 5326894))

table 7 : explain SELECT id FROM sbtest7 WHERE id BETWEEN 5326794 AND 5326894
	Index Only Scan using sbtest7_pkey on sbtest7  (cost=0.43..10.42 rows=99 width=4)
	  Index Cond: ((id >= 5326794) AND (id <= 5326894))

table 8 : explain SELECT id FROM sbtest8 WHERE id BETWEEN 5326794 AND 5326894
	Index Only Scan using sbtest8_pkey on sbtest8  (cost=0.43..10.47 rows=102 width=4)
	  Index Cond: ((id >= 5326794) AND (id <= 5326894))

explain: for range-covered :: explain SELECT id FROM sbtest%d WHERE id BETWEEN 5326794 AND 5326894
for range-covered
table 1 : explain SELECT id FROM sbtest1 WHERE id BETWEEN 5538663 AND 5538763
	Index Only Scan using sbtest1_pkey on sbtest1  (cost=0.43..10.38 rows=97 width=4)
	  Index Cond: ((id >= 5538663) AND (id <= 5538763))

table 2 : explain SELECT id FROM sbtest2 WHERE id BETWEEN 5538663 AND 5538763
	Index Only Scan using sbtest2_pkey on sbtest2  (cost=0.43..6.56 rows=106 width=4)
	  Index Cond: ((id >= 5538663) AND (id <= 5538763))

table 3 : explain SELECT id FROM sbtest3 WHERE id BETWEEN 5538663 AND 5538763
	Index Only Scan using sbtest3_pkey on sbtest3  (cost=0.43..6.40 rows=98 width=4)
	  Index Cond: ((id >= 5538663) AND (id <= 5538763))

table 4 : explain SELECT id FROM sbtest4 WHERE id BETWEEN 5538663 AND 5538763
	Index Only Scan using sbtest4_pkey on sbtest4  (cost=0.43..6.43 rows=100 width=4)
	  Index Cond: ((id >= 5538663) AND (id <= 5538763))

table 5 : explain SELECT id FROM sbtest5 WHERE id BETWEEN 5538663 AND 5538763
	Index Only Scan using sbtest5_pkey on sbtest5  (cost=0.43..10.33 rows=95 width=4)
	  Index Cond: ((id >= 5538663) AND (id <= 5538763))

table 6 : explain SELECT id FROM sbtest6 WHERE id BETWEEN 5538663 AND 5538763
	Index Only Scan using sbtest6_pkey on sbtest6  (cost=0.43..6.37 rows=97 width=4)
	  Index Cond: ((id >= 5538663) AND (id <= 5538763))

table 7 : explain SELECT id FROM sbtest7 WHERE id BETWEEN 5538663 AND 5538763
	Index Only Scan using sbtest7_pkey on sbtest7  (cost=0.43..10.38 rows=97 width=4)
	  Index Cond: ((id >= 5538663) AND (id <= 5538763))

table 8 : explain SELECT id FROM sbtest8 WHERE id BETWEEN 5538663 AND 5538763
	Index Only Scan using sbtest8_pkey on sbtest8  (cost=0.43..10.32 rows=94 width=4)
	  Index Cond: ((id >= 5538663) AND (id <= 5538763))

for range-covered
table 1 : explain SELECT id FROM sbtest1 WHERE id BETWEEN 4859042 AND 4859142
	Index Only Scan using sbtest1_pkey on sbtest1  (cost=0.43..10.50 rows=103 width=4)
	  Index Cond: ((id >= 4859042) AND (id <= 4859142))

table 2 : explain SELECT id FROM sbtest2 WHERE id BETWEEN 4859042 AND 4859142
	Index Only Scan using sbtest2_pkey on sbtest2  (cost=0.43..6.53 rows=105 width=4)
	  Index Cond: ((id >= 4859042) AND (id <= 4859142))

table 3 : explain SELECT id FROM sbtest3 WHERE id BETWEEN 4859042 AND 4859142
	Index Only Scan using sbtest3_pkey on sbtest3  (cost=0.43..6.56 rows=106 width=4)
	  Index Cond: ((id >= 4859042) AND (id <= 4859142))

table 4 : explain SELECT id FROM sbtest4 WHERE id BETWEEN 4859042 AND 4859142
	Index Only Scan using sbtest4_pkey on sbtest4  (cost=0.43..6.47 rows=102 width=4)
	  Index Cond: ((id >= 4859042) AND (id <= 4859142))

table 5 : explain SELECT id FROM sbtest5 WHERE id BETWEEN 4859042 AND 4859142
	Index Only Scan using sbtest5_pkey on sbtest5  (cost=0.43..10.50 rows=103 width=4)
	  Index Cond: ((id >= 4859042) AND (id <= 4859142))

table 6 : explain SELECT id FROM sbtest6 WHERE id BETWEEN 4859042 AND 4859142
	Index Only Scan using sbtest6_pkey on sbtest6  (cost=0.43..6.42 rows=99 width=4)
	  Index Cond: ((id >= 4859042) AND (id <= 4859142))

table 7 : explain SELECT id FROM sbtest7 WHERE id BETWEEN 4859042 AND 4859142
	Index Only Scan using sbtest7_pkey on sbtest7  (cost=0.43..10.44 rows=100 width=4)
	  Index Cond: ((id >= 4859042) AND (id <= 4859142))

table 8 : explain SELECT id FROM sbtest8 WHERE id BETWEEN 4859042 AND 4859142
	Index Only Scan using sbtest8_pkey on sbtest8  (cost=0.43..10.47 rows=102 width=4)
	  Index Cond: ((id >= 4859042) AND (id <= 4859142))

explain: for range-covered :: explain SELECT id FROM sbtest%d WHERE id BETWEEN 5538663 AND 5538763
explain: for range-covered :: explain SELECT id FROM sbtest%d WHERE id BETWEEN 4859042 AND 4859142
for range-covered
table 1 : explain SELECT id FROM sbtest1 WHERE id BETWEEN 1347659 AND 1347759
	Index Only Scan using sbtest1_pkey on sbtest1  (cost=0.43..10.44 rows=100 width=4)
	  Index Cond: ((id >= 1347659) AND (id <= 1347759))

table 2 : explain SELECT id FROM sbtest2 WHERE id BETWEEN 1347659 AND 1347759
	Index Only Scan using sbtest2_pkey on sbtest2  (cost=0.43..6.50 rows=103 width=4)
	  Index Cond: ((id >= 1347659) AND (id <= 1347759))

table 3 : explain SELECT id FROM sbtest3 WHERE id BETWEEN 1347659 AND 1347759
	Index Only Scan using sbtest3_pkey on sbtest3  (cost=0.43..6.66 rows=111 width=4)
	  Index Cond: ((id >= 1347659) AND (id <= 1347759))

table 4 : explain SELECT id FROM sbtest4 WHERE id BETWEEN 1347659 AND 1347759
	Index Only Scan using sbtest4_pkey on sbtest4  (cost=0.43..6.50 rows=103 width=4)
	  Index Cond: ((id >= 1347659) AND (id <= 1347759))

table 5 : explain SELECT id FROM sbtest5 WHERE id BETWEEN 1347659 AND 1347759
	Index Only Scan using sbtest5_pkey on sbtest5  (cost=0.43..10.51 rows=104 width=4)
	  Index Cond: ((id >= 1347659) AND (id <= 1347759))

table 6 : explain SELECT id FROM sbtest6 WHERE id BETWEEN 1347659 AND 1347759
	Index Only Scan using sbtest6_pkey on sbtest6  (cost=0.43..6.51 rows=104 width=4)
	  Index Cond: ((id >= 1347659) AND (id <= 1347759))

table 7 : explain SELECT id FROM sbtest7 WHERE id BETWEEN 1347659 AND 1347759
	Index Only Scan using sbtest7_pkey on sbtest7  (cost=0.43..10.46 rows=101 width=4)
	  Index Cond: ((id >= 1347659) AND (id <= 1347759))

table 8 : explain SELECT id FROM sbtest8 WHERE id BETWEEN 1347659 AND 1347759
	Index Only Scan using sbtest8_pkey on sbtest8  (cost=0.43..10.47 rows=102 width=4)
	  Index Cond: ((id >= 1347659) AND (id <= 1347759))

for range-covered
table 1 : explain SELECT id FROM sbtest1 WHERE id BETWEEN 5928775 AND 5928875
	Index Only Scan using sbtest1_pkey on sbtest1  (cost=0.43..10.36 rows=96 width=4)
	  Index Cond: ((id >= 5928775) AND (id <= 5928875))

table 2 : explain SELECT id FROM sbtest2 WHERE id BETWEEN 5928775 AND 5928875
	Index Only Scan using sbtest2_pkey on sbtest2  (cost=0.43..6.50 rows=103 width=4)
	  Index Cond: ((id >= 5928775) AND (id <= 5928875))

table 3 : explain SELECT id FROM sbtest3 WHERE id BETWEEN 5928775 AND 5928875
	Index Only Scan using sbtest3_pkey on sbtest3  (cost=0.43..6.50 rows=103 width=4)
	  Index Cond: ((id >= 5928775) AND (id <= 5928875))

table 4 : explain SELECT id FROM sbtest4 WHERE id BETWEEN 5928775 AND 5928875
	Index Only Scan using sbtest4_pkey on sbtest4  (cost=0.43..6.53 rows=105 width=4)
	  Index Cond: ((id >= 5928775) AND (id <= 5928875))

table 5 : explain SELECT id FROM sbtest5 WHERE id BETWEEN 5928775 AND 5928875
	Index Only Scan using sbtest5_pkey on sbtest5  (cost=0.43..10.40 rows=98 width=4)
	  Index Cond: ((id >= 5928775) AND (id <= 5928875))

table 6 : explain SELECT id FROM sbtest6 WHERE id BETWEEN 5928775 AND 5928875
	Index Only Scan using sbtest6_pkey on sbtest6  (cost=0.43..6.19 rows=88 width=4)
	  Index Cond: ((id >= 5928775) AND (id <= 5928875))

table 7 : explain SELECT id FROM sbtest7 WHERE id BETWEEN 5928775 AND 5928875
	Index Only Scan using sbtest7_pkey on sbtest7  (cost=0.43..10.36 rows=96 width=4)
	  Index Cond: ((id >= 5928775) AND (id <= 5928875))

table 8 : explain SELECT id FROM sbtest8 WHERE id BETWEEN 5928775 AND 5928875
	Index Only Scan using sbtest8_pkey on sbtest8  (cost=0.43..10.44 rows=100 width=4)
	  Index Cond: ((id >= 5928775) AND (id <= 5928875))

for range-covered
table 1 : explain SELECT id FROM sbtest1 WHERE id BETWEEN 6388535 AND 6388635
	Index Only Scan using sbtest1_pkey on sbtest1  (cost=0.43..10.40 rows=98 width=4)
	  Index Cond: ((id >= 6388535) AND (id <= 6388635))

table 2 : explain SELECT id FROM sbtest2 WHERE id BETWEEN 6388535 AND 6388635
	Index Only Scan using sbtest2_pkey on sbtest2  (cost=0.43..6.40 rows=98 width=4)
	  Index Cond: ((id >= 6388535) AND (id <= 6388635))

table 3 : explain SELECT id FROM sbtest3 WHERE id BETWEEN 6388535 AND 6388635
	Index Only Scan using sbtest3_pkey on sbtest3  (cost=0.43..6.47 rows=102 width=4)
	  Index Cond: ((id >= 6388535) AND (id <= 6388635))

table 4 : explain SELECT id FROM sbtest4 WHERE id BETWEEN 6388535 AND 6388635
	Index Only Scan using sbtest4_pkey on sbtest4  (cost=0.43..6.37 rows=97 width=4)
	  Index Cond: ((id >= 6388535) AND (id <= 6388635))

table 5 : explain SELECT id FROM sbtest5 WHERE id BETWEEN 6388535 AND 6388635
	Index Only Scan using sbtest5_pkey on sbtest5  (cost=0.43..10.62 rows=109 width=4)
	  Index Cond: ((id >= 6388535) AND (id <= 6388635))

table 6 : explain SELECT id FROM sbtest6 WHERE id BETWEEN 6388535 AND 6388635
	Index Only Scan using sbtest6_pkey on sbtest6  (cost=0.43..6.58 rows=107 width=4)
	  Index Cond: ((id >= 6388535) AND (id <= 6388635))

table 7 : explain SELECT id FROM sbtest7 WHERE id BETWEEN 6388535 AND 6388635
	Index Only Scan using sbtest7_pkey on sbtest7  (cost=0.43..10.36 rows=96 width=4)
	  Index Cond: ((id >= 6388535) AND (id <= 6388635))

table 8 : explain SELECT id FROM sbtest8 WHERE id BETWEEN 6388535 AND 6388635
	Index Only Scan using sbtest8_pkey on sbtest8  (cost=0.43..10.54 rows=105 width=4)
	  Index Cond: ((id >= 6388535) AND (id <= 6388635))

explain: for range-covered :: explain SELECT id FROM sbtest%d WHERE id BETWEEN 1347659 AND 1347759
for range-covered
table 1 : explain SELECT id FROM sbtest1 WHERE id BETWEEN 1702348 AND 1702448
	Index Only Scan using sbtest1_pkey on sbtest1  (cost=0.43..10.58 rows=107 width=4)
	  Index Cond: ((id >= 1702348) AND (id <= 1702448))

table 2 : explain SELECT id FROM sbtest2 WHERE id BETWEEN 1702348 AND 1702448
	Index Only Scan using sbtest2_pkey on sbtest2  (cost=0.43..6.33 rows=95 width=4)
	  Index Cond: ((id >= 1702348) AND (id <= 1702448))

table 3 : explain SELECT id FROM sbtest3 WHERE id BETWEEN 1702348 AND 1702448
	Index Only Scan using sbtest3_pkey on sbtest3  (cost=0.43..6.42 rows=99 width=4)
	  Index Cond: ((id >= 1702348) AND (id <= 1702448))

table 4 : explain SELECT id FROM sbtest4 WHERE id BETWEEN 1702348 AND 1702448
	Index Only Scan using sbtest4_pkey on sbtest4  (cost=0.43..6.77 rows=117 width=4)
	  Index Cond: ((id >= 1702348) AND (id <= 1702448))

table 5 : explain SELECT id FROM sbtest5 WHERE id BETWEEN 1702348 AND 1702448
	Index Only Scan using sbtest5_pkey on sbtest5  (cost=0.43..10.46 rows=101 width=4)
	  Index Cond: ((id >= 1702348) AND (id <= 1702448))

table 6 : explain SELECT id FROM sbtest6 WHERE id BETWEEN 1702348 AND 1702448
	Index Only Scan using sbtest6_pkey on sbtest6  (cost=0.43..6.42 rows=99 width=4)
	  Index Cond: ((id >= 1702348) AND (id <= 1702448))

table 7 : explain SELECT id FROM sbtest7 WHERE id BETWEEN 1702348 AND 1702448
	Index Only Scan using sbtest7_pkey on sbtest7  (cost=0.43..10.26 rows=91 width=4)
	  Index Cond: ((id >= 1702348) AND (id <= 1702448))

table 8 : explain SELECT id FROM sbtest8 WHERE id BETWEEN 1702348 AND 1702448
	Index Only Scan using sbtest8_pkey on sbtest8  (cost=0.43..10.58 rows=107 width=4)
	  Index Cond: ((id >= 1702348) AND (id <= 1702448))

explain: for range-covered :: explain SELECT id FROM sbtest%d WHERE id BETWEEN 5928775 AND 5928875
explain: for range-covered :: explain SELECT id FROM sbtest%d WHERE id BETWEEN 1702348 AND 1702448
explain: for range-covered :: explain SELECT id FROM sbtest%d WHERE id BETWEEN 6388535 AND 6388635
for range-covered
table 1 : explain SELECT id FROM sbtest1 WHERE id BETWEEN 5538663 AND 5538763
	Index Only Scan using sbtest1_pkey on sbtest1  (cost=0.43..10.38 rows=97 width=4)
	  Index Cond: ((id >= 5538663) AND (id <= 5538763))

table 2 : explain SELECT id FROM sbtest2 WHERE id BETWEEN 5538663 AND 5538763
	Index Only Scan using sbtest2_pkey on sbtest2  (cost=0.43..6.56 rows=106 width=4)
	  Index Cond: ((id >= 5538663) AND (id <= 5538763))

table 3 : explain SELECT id FROM sbtest3 WHERE id BETWEEN 5538663 AND 5538763
	Index Only Scan using sbtest3_pkey on sbtest3  (cost=0.43..6.40 rows=98 width=4)
	  Index Cond: ((id >= 5538663) AND (id <= 5538763))

table 4 : explain SELECT id FROM sbtest4 WHERE id BETWEEN 5538663 AND 5538763
	Index Only Scan using sbtest4_pkey on sbtest4  (cost=0.43..6.43 rows=100 width=4)
	  Index Cond: ((id >= 5538663) AND (id <= 5538763))

table 5 : explain SELECT id FROM sbtest5 WHERE id BETWEEN 5538663 AND 5538763
	Index Only Scan using sbtest5_pkey on sbtest5  (cost=0.43..10.33 rows=95 width=4)
	  Index Cond: ((id >= 5538663) AND (id <= 5538763))

table 6 : explain SELECT id FROM sbtest6 WHERE id BETWEEN 5538663 AND 5538763
	Index Only Scan using sbtest6_pkey on sbtest6  (cost=0.43..6.37 rows=97 width=4)
	  Index Cond: ((id >= 5538663) AND (id <= 5538763))

table 7 : explain SELECT id FROM sbtest7 WHERE id BETWEEN 5538663 AND 5538763
	Index Only Scan using sbtest7_pkey on sbtest7  (cost=0.43..10.38 rows=97 width=4)
	  Index Cond: ((id >= 5538663) AND (id <= 5538763))

table 8 : explain SELECT id FROM sbtest8 WHERE id BETWEEN 5538663 AND 5538763
	Index Only Scan using sbtest8_pkey on sbtest8  (cost=0.43..10.32 rows=94 width=4)
	  Index Cond: ((id >= 5538663) AND (id <= 5538763))

for range-covered
table 1 : explain SELECT id FROM sbtest1 WHERE id BETWEEN 4859042 AND 4859142
	Index Only Scan using sbtest1_pkey on sbtest1  (cost=0.43..10.50 rows=103 width=4)
	  Index Cond: ((id >= 4859042) AND (id <= 4859142))

table 2 : explain SELECT id FROM sbtest2 WHERE id BETWEEN 4859042 AND 4859142
	Index Only Scan using sbtest2_pkey on sbtest2  (cost=0.43..6.53 rows=105 width=4)
	  Index Cond: ((id >= 4859042) AND (id <= 4859142))

table 3 : explain SELECT id FROM sbtest3 WHERE id BETWEEN 4859042 AND 4859142
	Index Only Scan using sbtest3_pkey on sbtest3  (cost=0.43..6.56 rows=106 width=4)
	  Index Cond: ((id >= 4859042) AND (id <= 4859142))

table 4 : explain SELECT id FROM sbtest4 WHERE id BETWEEN 4859042 AND 4859142
	Index Only Scan using sbtest4_pkey on sbtest4  (cost=0.43..6.47 rows=102 width=4)
	  Index Cond: ((id >= 4859042) AND (id <= 4859142))

table 5 : explain SELECT id FROM sbtest5 WHERE id BETWEEN 4859042 AND 4859142
	Index Only Scan using sbtest5_pkey on sbtest5  (cost=0.43..10.50 rows=103 width=4)
	  Index Cond: ((id >= 4859042) AND (id <= 4859142))

table 6 : explain SELECT id FROM sbtest6 WHERE id BETWEEN 4859042 AND 4859142
	Index Only Scan using sbtest6_pkey on sbtest6  (cost=0.43..6.42 rows=99 width=4)
	  Index Cond: ((id >= 4859042) AND (id <= 4859142))

table 7 : explain SELECT id FROM sbtest7 WHERE id BETWEEN 4859042 AND 4859142
	Index Only Scan using sbtest7_pkey on sbtest7  (cost=0.43..10.44 rows=100 width=4)
	  Index Cond: ((id >= 4859042) AND (id <= 4859142))

table 8 : explain SELECT id FROM sbtest8 WHERE id BETWEEN 4859042 AND 4859142
	Index Only Scan using sbtest8_pkey on sbtest8  (cost=0.43..10.47 rows=102 width=4)
	  Index Cond: ((id >= 4859042) AND (id <= 4859142))

for range-covered
table 1 : explain SELECT id FROM sbtest1 WHERE id BETWEEN 5326794 AND 5326894
	Index Only Scan using sbtest1_pkey on sbtest1  (cost=0.43..10.47 rows=102 width=4)
	  Index Cond: ((id >= 5326794) AND (id <= 5326894))

table 2 : explain SELECT id FROM sbtest2 WHERE id BETWEEN 5326794 AND 5326894
	Index Only Scan using sbtest2_pkey on sbtest2  (cost=0.43..6.61 rows=109 width=4)
	  Index Cond: ((id >= 5326794) AND (id <= 5326894))

table 3 : explain SELECT id FROM sbtest3 WHERE id BETWEEN 5326794 AND 5326894
	Index Only Scan using sbtest3_pkey on sbtest3  (cost=0.43..6.32 rows=94 width=4)
	  Index Cond: ((id >= 5326794) AND (id <= 5326894))

table 4 : explain SELECT id FROM sbtest4 WHERE id BETWEEN 5326794 AND 5326894
	Index Only Scan using sbtest4_pkey on sbtest4  (cost=0.43..6.53 rows=105 width=4)
	  Index Cond: ((id >= 5326794) AND (id <= 5326894))

table 5 : explain SELECT id FROM sbtest5 WHERE id BETWEEN 5326794 AND 5326894
	Index Only Scan using sbtest5_pkey on sbtest5  (cost=0.43..10.46 rows=101 width=4)
	  Index Cond: ((id >= 5326794) AND (id <= 5326894))

table 6 : explain SELECT id FROM sbtest6 WHERE id BETWEEN 5326794 AND 5326894
	Index Only Scan using sbtest6_pkey on sbtest6  (cost=0.43..6.42 rows=99 width=4)
	  Index Cond: ((id >= 5326794) AND (id <= 5326894))

table 7 : explain SELECT id FROM sbtest7 WHERE id BETWEEN 5326794 AND 5326894
	Index Only Scan using sbtest7_pkey on sbtest7  (cost=0.43..10.42 rows=99 width=4)
	  Index Cond: ((id >= 5326794) AND (id <= 5326894))

table 8 : explain SELECT id FROM sbtest8 WHERE id BETWEEN 5326794 AND 5326894
	Index Only Scan using sbtest8_pkey on sbtest8  (cost=0.43..10.47 rows=102 width=4)
	  Index Cond: ((id >= 5326794) AND (id <= 5326894))

explain: for range-covered :: explain SELECT id FROM sbtest%d WHERE id BETWEEN 4859042 AND 4859142
for range-covered
table 1 : explain SELECT id FROM sbtest1 WHERE id BETWEEN 4944495 AND 4944595
	Index Only Scan using sbtest1_pkey on sbtest1  (cost=0.43..10.46 rows=101 width=4)
	  Index Cond: ((id >= 4944495) AND (id <= 4944595))

table 2 : explain SELECT id FROM sbtest2 WHERE id BETWEEN 4944495 AND 4944595
	Index Only Scan using sbtest2_pkey on sbtest2  (cost=0.43..6.59 rows=108 width=4)
	  Index Cond: ((id >= 4944495) AND (id <= 4944595))

table 3 : explain SELECT id FROM sbtest3 WHERE id BETWEEN 4944495 AND 4944595
	Index Only Scan using sbtest3_pkey on sbtest3  (cost=0.43..6.56 rows=106 width=4)
	  Index Cond: ((id >= 4944495) AND (id <= 4944595))

table 4 : explain SELECT id FROM sbtest4 WHERE id BETWEEN 4944495 AND 4944595
	Index Only Scan using sbtest4_pkey on sbtest4  (cost=0.43..6.59 rows=108 width=4)
	  Index Cond: ((id >= 4944495) AND (id <= 4944595))

table 5 : explain SELECT id FROM sbtest5 WHERE id BETWEEN 4944495 AND 4944595
	Index Only Scan using sbtest5_pkey on sbtest5  (cost=0.43..10.32 rows=94 width=4)
	  Index Cond: ((id >= 4944495) AND (id <= 4944595))

table 6 : explain SELECT id FROM sbtest6 WHERE id BETWEEN 4944495 AND 4944595
	Index Only Scan using sbtest6_pkey on sbtest6  (cost=0.43..6.53 rows=105 width=4)
	  Index Cond: ((id >= 4944495) AND (id <= 4944595))

table 7 : explain SELECT id FROM sbtest7 WHERE id BETWEEN 4944495 AND 4944595
	Index Only Scan using sbtest7_pkey on sbtest7  (cost=0.43..10.54 rows=105 width=4)
	  Index Cond: ((id >= 4944495) AND (id <= 4944595))

table 8 : explain SELECT id FROM sbtest8 WHERE id BETWEEN 4944495 AND 4944595
	Index Only Scan using sbtest8_pkey on sbtest8  (cost=0.43..10.63 rows=110 width=4)
	  Index Cond: ((id >= 4944495) AND (id <= 4944595))

explain: for range-covered :: explain SELECT id FROM sbtest%d WHERE id BETWEEN 5538663 AND 5538763
for range-covered
table 1 : explain SELECT id FROM sbtest1 WHERE id BETWEEN 5184076 AND 5184176
	Index Only Scan using sbtest1_pkey on sbtest1  (cost=0.43..10.33 rows=95 width=4)
	  Index Cond: ((id >= 5184076) AND (id <= 5184176))

table 2 : explain SELECT id FROM sbtest2 WHERE id BETWEEN 5184076 AND 5184176
	Index Only Scan using sbtest2_pkey on sbtest2  (cost=0.43..6.53 rows=105 width=4)
	  Index Cond: ((id >= 5184076) AND (id <= 5184176))

table 3 : explain SELECT id FROM sbtest3 WHERE id BETWEEN 5184076 AND 5184176
	Index Only Scan using sbtest3_pkey on sbtest3  (cost=0.43..6.51 rows=104 width=4)
	  Index Cond: ((id >= 5184076) AND (id <= 5184176))

table 4 : explain SELECT id FROM sbtest4 WHERE id BETWEEN 5184076 AND 5184176
	Index Only Scan using sbtest4_pkey on sbtest4  (cost=0.43..6.43 rows=100 width=4)
	  Index Cond: ((id >= 5184076) AND (id <= 5184176))

table 5 : explain SELECT id FROM sbtest5 WHERE id BETWEEN 5184076 AND 5184176
	Index Only Scan using sbtest5_pkey on sbtest5  (cost=0.43..10.36 rows=96 width=4)
	  Index Cond: ((id >= 5184076) AND (id <= 5184176))

table 6 : explain SELECT id FROM sbtest6 WHERE id BETWEEN 5184076 AND 5184176
	Index Only Scan using sbtest6_pkey on sbtest6  (cost=0.43..6.27 rows=92 width=4)
	  Index Cond: ((id >= 5184076) AND (id <= 5184176))

table 7 : explain SELECT id FROM sbtest7 WHERE id BETWEEN 5184076 AND 5184176
	Index Only Scan using sbtest7_pkey on sbtest7  (cost=0.43..10.50 rows=103 width=4)
	  Index Cond: ((id >= 5184076) AND (id <= 5184176))

table 8 : explain SELECT id FROM sbtest8 WHERE id BETWEEN 5184076 AND 5184176
	Index Only Scan using sbtest8_pkey on sbtest8  (cost=0.43..10.38 rows=97 width=4)
	  Index Cond: ((id >= 5184076) AND (id <= 5184176))

explain: for range-covered :: explain SELECT id FROM sbtest%d WHERE id BETWEEN 5184076 AND 5184176
explain: for range-covered :: explain SELECT id FROM sbtest%d WHERE id BETWEEN 4944495 AND 4944595
explain: for range-covered :: explain SELECT id FROM sbtest%d WHERE id BETWEEN 5326794 AND 5326894
for range-covered
table 1 : explain SELECT id FROM sbtest1 WHERE id BETWEEN 1347659 AND 1347759
	Index Only Scan using sbtest1_pkey on sbtest1  (cost=0.43..10.44 rows=100 width=4)
	  Index Cond: ((id >= 1347659) AND (id <= 1347759))

table 2 : explain SELECT id FROM sbtest2 WHERE id BETWEEN 1347659 AND 1347759
	Index Only Scan using sbtest2_pkey on sbtest2  (cost=0.43..6.50 rows=103 width=4)
	  Index Cond: ((id >= 1347659) AND (id <= 1347759))

table 3 : explain SELECT id FROM sbtest3 WHERE id BETWEEN 1347659 AND 1347759
	Index Only Scan using sbtest3_pkey on sbtest3  (cost=0.43..6.66 rows=111 width=4)
	  Index Cond: ((id >= 1347659) AND (id <= 1347759))

table 4 : explain SELECT id FROM sbtest4 WHERE id BETWEEN 1347659 AND 1347759
	Index Only Scan using sbtest4_pkey on sbtest4  (cost=0.43..6.50 rows=103 width=4)
	  Index Cond: ((id >= 1347659) AND (id <= 1347759))

table 5 : explain SELECT id FROM sbtest5 WHERE id BETWEEN 1347659 AND 1347759
	Index Only Scan using sbtest5_pkey on sbtest5  (cost=0.43..10.51 rows=104 width=4)
	  Index Cond: ((id >= 1347659) AND (id <= 1347759))

table 6 : explain SELECT id FROM sbtest6 WHERE id BETWEEN 1347659 AND 1347759
	Index Only Scan using sbtest6_pkey on sbtest6  (cost=0.43..6.51 rows=104 width=4)
	  Index Cond: ((id >= 1347659) AND (id <= 1347759))

table 7 : explain SELECT id FROM sbtest7 WHERE id BETWEEN 1347659 AND 1347759
	Index Only Scan using sbtest7_pkey on sbtest7  (cost=0.43..10.46 rows=101 width=4)
	  Index Cond: ((id >= 1347659) AND (id <= 1347759))

table 8 : explain SELECT id FROM sbtest8 WHERE id BETWEEN 1347659 AND 1347759
	Index Only Scan using sbtest8_pkey on sbtest8  (cost=0.43..10.47 rows=102 width=4)
	  Index Cond: ((id >= 1347659) AND (id <= 1347759))

explain: for range-covered :: explain SELECT id FROM sbtest%d WHERE id BETWEEN 1347659 AND 1347759
for range-covered
table 1 : explain SELECT id FROM sbtest1 WHERE id BETWEEN 1702348 AND 1702448
	Index Only Scan using sbtest1_pkey on sbtest1  (cost=0.43..10.58 rows=107 width=4)
	  Index Cond: ((id >= 1702348) AND (id <= 1702448))

table 2 : explain SELECT id FROM sbtest2 WHERE id BETWEEN 1702348 AND 1702448
	Index Only Scan using sbtest2_pkey on sbtest2  (cost=0.43..6.33 rows=95 width=4)
	  Index Cond: ((id >= 1702348) AND (id <= 1702448))

table 3 : explain SELECT id FROM sbtest3 WHERE id BETWEEN 1702348 AND 1702448
	Index Only Scan using sbtest3_pkey on sbtest3  (cost=0.43..6.42 rows=99 width=4)
	  Index Cond: ((id >= 1702348) AND (id <= 1702448))

table 4 : explain SELECT id FROM sbtest4 WHERE id BETWEEN 1702348 AND 1702448
	Index Only Scan using sbtest4_pkey on sbtest4  (cost=0.43..6.77 rows=117 width=4)
	  Index Cond: ((id >= 1702348) AND (id <= 1702448))

table 5 : explain SELECT id FROM sbtest5 WHERE id BETWEEN 1702348 AND 1702448
	Index Only Scan using sbtest5_pkey on sbtest5  (cost=0.43..10.46 rows=101 width=4)
	  Index Cond: ((id >= 1702348) AND (id <= 1702448))

table 6 : explain SELECT id FROM sbtest6 WHERE id BETWEEN 1702348 AND 1702448
	Index Only Scan using sbtest6_pkey on sbtest6  (cost=0.43..6.42 rows=99 width=4)
	  Index Cond: ((id >= 1702348) AND (id <= 1702448))

table 7 : explain SELECT id FROM sbtest7 WHERE id BETWEEN 1702348 AND 1702448
	Index Only Scan using sbtest7_pkey on sbtest7  (cost=0.43..10.26 rows=91 width=4)
	  Index Cond: ((id >= 1702348) AND (id <= 1702448))

table 8 : explain SELECT id FROM sbtest8 WHERE id BETWEEN 1702348 AND 1702448
	Index Only Scan using sbtest8_pkey on sbtest8  (cost=0.43..10.58 rows=107 width=4)
	  Index Cond: ((id >= 1702348) AND (id <= 1702448))

for range-covered
table 1 : explain SELECT id FROM sbtest1 WHERE id BETWEEN 5928775 AND 5928875
	Index Only Scan using sbtest1_pkey on sbtest1  (cost=0.43..10.36 rows=96 width=4)
	  Index Cond: ((id >= 5928775) AND (id <= 5928875))

table 2 : explain SELECT id FROM sbtest2 WHERE id BETWEEN 5928775 AND 5928875
	Index Only Scan using sbtest2_pkey on sbtest2  (cost=0.43..6.50 rows=103 width=4)
	  Index Cond: ((id >= 5928775) AND (id <= 5928875))

table 3 : explain SELECT id FROM sbtest3 WHERE id BETWEEN 5928775 AND 5928875
	Index Only Scan using sbtest3_pkey on sbtest3  (cost=0.43..6.50 rows=103 width=4)
	  Index Cond: ((id >= 5928775) AND (id <= 5928875))

table 4 : explain SELECT id FROM sbtest4 WHERE id BETWEEN 5928775 AND 5928875
	Index Only Scan using sbtest4_pkey on sbtest4  (cost=0.43..6.53 rows=105 width=4)
	  Index Cond: ((id >= 5928775) AND (id <= 5928875))

table 5 : explain SELECT id FROM sbtest5 WHERE id BETWEEN 5928775 AND 5928875
	Index Only Scan using sbtest5_pkey on sbtest5  (cost=0.43..10.40 rows=98 width=4)
	  Index Cond: ((id >= 5928775) AND (id <= 5928875))

table 6 : explain SELECT id FROM sbtest6 WHERE id BETWEEN 5928775 AND 5928875
	Index Only Scan using sbtest6_pkey on sbtest6  (cost=0.43..6.19 rows=88 width=4)
	  Index Cond: ((id >= 5928775) AND (id <= 5928875))

table 7 : explain SELECT id FROM sbtest7 WHERE id BETWEEN 5928775 AND 5928875
	Index Only Scan using sbtest7_pkey on sbtest7  (cost=0.43..10.36 rows=96 width=4)
	  Index Cond: ((id >= 5928775) AND (id <= 5928875))

table 8 : explain SELECT id FROM sbtest8 WHERE id BETWEEN 5928775 AND 5928875
	Index Only Scan using sbtest8_pkey on sbtest8  (cost=0.43..10.44 rows=100 width=4)
	  Index Cond: ((id >= 5928775) AND (id <= 5928875))

explain: for range-covered :: explain SELECT id FROM sbtest%d WHERE id BETWEEN 1702348 AND 1702448
explain: for range-covered :: explain SELECT id FROM sbtest%d WHERE id BETWEEN 5928775 AND 5928875
for range-covered
table 1 : explain SELECT id FROM sbtest1 WHERE id BETWEEN 4859042 AND 4859142
	Index Only Scan using sbtest1_pkey on sbtest1  (cost=0.43..10.50 rows=103 width=4)
	  Index Cond: ((id >= 4859042) AND (id <= 4859142))

table 2 : explain SELECT id FROM sbtest2 WHERE id BETWEEN 4859042 AND 4859142
	Index Only Scan using sbtest2_pkey on sbtest2  (cost=0.43..6.53 rows=105 width=4)
	  Index Cond: ((id >= 4859042) AND (id <= 4859142))

table 3 : explain SELECT id FROM sbtest3 WHERE id BETWEEN 4859042 AND 4859142
	Index Only Scan using sbtest3_pkey on sbtest3  (cost=0.43..6.56 rows=106 width=4)
	  Index Cond: ((id >= 4859042) AND (id <= 4859142))

table 4 : explain SELECT id FROM sbtest4 WHERE id BETWEEN 4859042 AND 4859142
	Index Only Scan using sbtest4_pkey on sbtest4  (cost=0.43..6.47 rows=102 width=4)
	  Index Cond: ((id >= 4859042) AND (id <= 4859142))

table 5 : explain SELECT id FROM sbtest5 WHERE id BETWEEN 4859042 AND 4859142
	Index Only Scan using sbtest5_pkey on sbtest5  (cost=0.43..10.50 rows=103 width=4)
	  Index Cond: ((id >= 4859042) AND (id <= 4859142))

table 6 : explain SELECT id FROM sbtest6 WHERE id BETWEEN 4859042 AND 4859142
	Index Only Scan using sbtest6_pkey on sbtest6  (cost=0.43..6.42 rows=99 width=4)
	  Index Cond: ((id >= 4859042) AND (id <= 4859142))

table 7 : explain SELECT id FROM sbtest7 WHERE id BETWEEN 4859042 AND 4859142
	Index Only Scan using sbtest7_pkey on sbtest7  (cost=0.43..10.44 rows=100 width=4)
	  Index Cond: ((id >= 4859042) AND (id <= 4859142))

table 8 : explain SELECT id FROM sbtest8 WHERE id BETWEEN 4859042 AND 4859142
	Index Only Scan using sbtest8_pkey on sbtest8  (cost=0.43..10.47 rows=102 width=4)
	  Index Cond: ((id >= 4859042) AND (id <= 4859142))

for range-covered
table 1 : explain SELECT id FROM sbtest1 WHERE id BETWEEN 5538663 AND 5538763
	Index Only Scan using sbtest1_pkey on sbtest1  (cost=0.43..10.38 rows=97 width=4)
	  Index Cond: ((id >= 5538663) AND (id <= 5538763))

table 2 : explain SELECT id FROM sbtest2 WHERE id BETWEEN 5538663 AND 5538763
	Index Only Scan using sbtest2_pkey on sbtest2  (cost=0.43..6.56 rows=106 width=4)
	  Index Cond: ((id >= 5538663) AND (id <= 5538763))

table 3 : explain SELECT id FROM sbtest3 WHERE id BETWEEN 5538663 AND 5538763
	Index Only Scan using sbtest3_pkey on sbtest3  (cost=0.43..6.40 rows=98 width=4)
	  Index Cond: ((id >= 5538663) AND (id <= 5538763))

table 4 : explain SELECT id FROM sbtest4 WHERE id BETWEEN 5538663 AND 5538763
	Index Only Scan using sbtest4_pkey on sbtest4  (cost=0.43..6.43 rows=100 width=4)
	  Index Cond: ((id >= 5538663) AND (id <= 5538763))

table 5 : explain SELECT id FROM sbtest5 WHERE id BETWEEN 5538663 AND 5538763
	Index Only Scan using sbtest5_pkey on sbtest5  (cost=0.43..10.33 rows=95 width=4)
	  Index Cond: ((id >= 5538663) AND (id <= 5538763))

table 6 : explain SELECT id FROM sbtest6 WHERE id BETWEEN 5538663 AND 5538763
	Index Only Scan using sbtest6_pkey on sbtest6  (cost=0.43..6.37 rows=97 width=4)
	  Index Cond: ((id >= 5538663) AND (id <= 5538763))

table 7 : explain SELECT id FROM sbtest7 WHERE id BETWEEN 5538663 AND 5538763
	Index Only Scan using sbtest7_pkey on sbtest7  (cost=0.43..10.38 rows=97 width=4)
	  Index Cond: ((id >= 5538663) AND (id <= 5538763))

table 8 : explain SELECT id FROM sbtest8 WHERE id BETWEEN 5538663 AND 5538763
	Index Only Scan using sbtest8_pkey on sbtest8  (cost=0.43..10.32 rows=94 width=4)
	  Index Cond: ((id >= 5538663) AND (id <= 5538763))

explain: for range-covered :: explain SELECT id FROM sbtest%d WHERE id BETWEEN 4859042 AND 4859142
explain: for range-covered :: explain SELECT id FROM sbtest%d WHERE id BETWEEN 5538663 AND 5538763
for range-covered
table 1 : explain SELECT id FROM sbtest1 WHERE id BETWEEN 5326794 AND 5326894
	Index Only Scan using sbtest1_pkey on sbtest1  (cost=0.43..10.47 rows=102 width=4)
	  Index Cond: ((id >= 5326794) AND (id <= 5326894))

table 2 : explain SELECT id FROM sbtest2 WHERE id BETWEEN 5326794 AND 5326894
	Index Only Scan using sbtest2_pkey on sbtest2  (cost=0.43..6.61 rows=109 width=4)
	  Index Cond: ((id >= 5326794) AND (id <= 5326894))

table 3 : explain SELECT id FROM sbtest3 WHERE id BETWEEN 5326794 AND 5326894
	Index Only Scan using sbtest3_pkey on sbtest3  (cost=0.43..6.32 rows=94 width=4)
	  Index Cond: ((id >= 5326794) AND (id <= 5326894))

table 4 : explain SELECT id FROM sbtest4 WHERE id BETWEEN 5326794 AND 5326894
	Index Only Scan using sbtest4_pkey on sbtest4  (cost=0.43..6.53 rows=105 width=4)
	  Index Cond: ((id >= 5326794) AND (id <= 5326894))

table 5 : explain SELECT id FROM sbtest5 WHERE id BETWEEN 5326794 AND 5326894
	Index Only Scan using sbtest5_pkey on sbtest5  (cost=0.43..10.46 rows=101 width=4)
	  Index Cond: ((id >= 5326794) AND (id <= 5326894))

table 6 : explain SELECT id FROM sbtest6 WHERE id BETWEEN 5326794 AND 5326894
	Index Only Scan using sbtest6_pkey on sbtest6  (cost=0.43..6.42 rows=99 width=4)
	  Index Cond: ((id >= 5326794) AND (id <= 5326894))

table 7 : explain SELECT id FROM sbtest7 WHERE id BETWEEN 5326794 AND 5326894
	Index Only Scan using sbtest7_pkey on sbtest7  (cost=0.43..10.42 rows=99 width=4)
	  Index Cond: ((id >= 5326794) AND (id <= 5326894))

table 8 : explain SELECT id FROM sbtest8 WHERE id BETWEEN 5326794 AND 5326894
	Index Only Scan using sbtest8_pkey on sbtest8  (cost=0.43..10.47 rows=102 width=4)
	  Index Cond: ((id >= 5326794) AND (id <= 5326894))

explain: for range-covered :: explain SELECT id FROM sbtest%d WHERE id BETWEEN 5326794 AND 5326894
for range-covered
table 1 : explain SELECT id FROM sbtest1 WHERE id BETWEEN 1347659 AND 1347759
	Index Only Scan using sbtest1_pkey on sbtest1  (cost=0.43..10.44 rows=100 width=4)
	  Index Cond: ((id >= 1347659) AND (id <= 1347759))

table 2 : explain SELECT id FROM sbtest2 WHERE id BETWEEN 1347659 AND 1347759
	Index Only Scan using sbtest2_pkey on sbtest2  (cost=0.43..6.50 rows=103 width=4)
	  Index Cond: ((id >= 1347659) AND (id <= 1347759))

table 3 : explain SELECT id FROM sbtest3 WHERE id BETWEEN 1347659 AND 1347759
	Index Only Scan using sbtest3_pkey on sbtest3  (cost=0.43..6.66 rows=111 width=4)
	  Index Cond: ((id >= 1347659) AND (id <= 1347759))

table 4 : explain SELECT id FROM sbtest4 WHERE id BETWEEN 1347659 AND 1347759
	Index Only Scan using sbtest4_pkey on sbtest4  (cost=0.43..6.50 rows=103 width=4)
	  Index Cond: ((id >= 1347659) AND (id <= 1347759))

table 5 : explain SELECT id FROM sbtest5 WHERE id BETWEEN 1347659 AND 1347759
	Index Only Scan using sbtest5_pkey on sbtest5  (cost=0.43..10.51 rows=104 width=4)
	  Index Cond: ((id >= 1347659) AND (id <= 1347759))

table 6 : explain SELECT id FROM sbtest6 WHERE id BETWEEN 1347659 AND 1347759
	Index Only Scan using sbtest6_pkey on sbtest6  (cost=0.43..6.51 rows=104 width=4)
	  Index Cond: ((id >= 1347659) AND (id <= 1347759))

table 7 : explain SELECT id FROM sbtest7 WHERE id BETWEEN 1347659 AND 1347759
	Index Only Scan using sbtest7_pkey on sbtest7  (cost=0.43..10.46 rows=101 width=4)
	  Index Cond: ((id >= 1347659) AND (id <= 1347759))

table 8 : explain SELECT id FROM sbtest8 WHERE id BETWEEN 1347659 AND 1347759
	Index Only Scan using sbtest8_pkey on sbtest8  (cost=0.43..10.47 rows=102 width=4)
	  Index Cond: ((id >= 1347659) AND (id <= 1347759))

explain: for range-covered :: explain SELECT id FROM sbtest%d WHERE id BETWEEN 1347659 AND 1347759
for range-covered
table 1 : explain SELECT id FROM sbtest1 WHERE id BETWEEN 5928775 AND 5928875
	Index Only Scan using sbtest1_pkey on sbtest1  (cost=0.43..10.36 rows=96 width=4)
	  Index Cond: ((id >= 5928775) AND (id <= 5928875))

table 2 : explain SELECT id FROM sbtest2 WHERE id BETWEEN 5928775 AND 5928875
	Index Only Scan using sbtest2_pkey on sbtest2  (cost=0.43..6.50 rows=103 width=4)
	  Index Cond: ((id >= 5928775) AND (id <= 5928875))

table 3 : explain SELECT id FROM sbtest3 WHERE id BETWEEN 5928775 AND 5928875
	Index Only Scan using sbtest3_pkey on sbtest3  (cost=0.43..6.50 rows=103 width=4)
	  Index Cond: ((id >= 5928775) AND (id <= 5928875))

table 4 : explain SELECT id FROM sbtest4 WHERE id BETWEEN 5928775 AND 5928875
	Index Only Scan using sbtest4_pkey on sbtest4  (cost=0.43..6.53 rows=105 width=4)
	  Index Cond: ((id >= 5928775) AND (id <= 5928875))

table 5 : explain SELECT id FROM sbtest5 WHERE id BETWEEN 5928775 AND 5928875
	Index Only Scan using sbtest5_pkey on sbtest5  (cost=0.43..10.40 rows=98 width=4)
	  Index Cond: ((id >= 5928775) AND (id <= 5928875))

table 6 : explain SELECT id FROM sbtest6 WHERE id BETWEEN 5928775 AND 5928875
	Index Only Scan using sbtest6_pkey on sbtest6  (cost=0.43..6.19 rows=88 width=4)
	  Index Cond: ((id >= 5928775) AND (id <= 5928875))

table 7 : explain SELECT id FROM sbtest7 WHERE id BETWEEN 5928775 AND 5928875
	Index Only Scan using sbtest7_pkey on sbtest7  (cost=0.43..10.36 rows=96 width=4)
	  Index Cond: ((id >= 5928775) AND (id <= 5928875))

table 8 : explain SELECT id FROM sbtest8 WHERE id BETWEEN 5928775 AND 5928875
	Index Only Scan using sbtest8_pkey on sbtest8  (cost=0.43..10.44 rows=100 width=4)
	  Index Cond: ((id >= 5928775) AND (id <= 5928875))

for range-covered
table 1 : explain SELECT id FROM sbtest1 WHERE id BETWEEN 1702348 AND 1702448
	Index Only Scan using sbtest1_pkey on sbtest1  (cost=0.43..10.58 rows=107 width=4)
	  Index Cond: ((id >= 1702348) AND (id <= 1702448))

table 2 : explain SELECT id FROM sbtest2 WHERE id BETWEEN 1702348 AND 1702448
	Index Only Scan using sbtest2_pkey on sbtest2  (cost=0.43..6.33 rows=95 width=4)
	  Index Cond: ((id >= 1702348) AND (id <= 1702448))

table 3 : explain SELECT id FROM sbtest3 WHERE id BETWEEN 1702348 AND 1702448
	Index Only Scan using sbtest3_pkey on sbtest3  (cost=0.43..6.42 rows=99 width=4)
	  Index Cond: ((id >= 1702348) AND (id <= 1702448))

table 4 : explain SELECT id FROM sbtest4 WHERE id BETWEEN 1702348 AND 1702448
	Index Only Scan using sbtest4_pkey on sbtest4  (cost=0.43..6.77 rows=117 width=4)
	  Index Cond: ((id >= 1702348) AND (id <= 1702448))

table 5 : explain SELECT id FROM sbtest5 WHERE id BETWEEN 1702348 AND 1702448
	Index Only Scan using sbtest5_pkey on sbtest5  (cost=0.43..10.46 rows=101 width=4)
	  Index Cond: ((id >= 1702348) AND (id <= 1702448))

table 6 : explain SELECT id FROM sbtest6 WHERE id BETWEEN 1702348 AND 1702448
	Index Only Scan using sbtest6_pkey on sbtest6  (cost=0.43..6.42 rows=99 width=4)
	  Index Cond: ((id >= 1702348) AND (id <= 1702448))

table 7 : explain SELECT id FROM sbtest7 WHERE id BETWEEN 1702348 AND 1702448
	Index Only Scan using sbtest7_pkey on sbtest7  (cost=0.43..10.26 rows=91 width=4)
	  Index Cond: ((id >= 1702348) AND (id <= 1702448))

table 8 : explain SELECT id FROM sbtest8 WHERE id BETWEEN 1702348 AND 1702448
	Index Only Scan using sbtest8_pkey on sbtest8  (cost=0.43..10.58 rows=107 width=4)
	  Index Cond: ((id >= 1702348) AND (id <= 1702448))

explain: for range-covered :: explain SELECT id FROM sbtest%d WHERE id BETWEEN 5928775 AND 5928875
explain: for range-covered :: explain SELECT id FROM sbtest%d WHERE id BETWEEN 1702348 AND 1702448
for range-covered
table 1 : explain SELECT id FROM sbtest1 WHERE id BETWEEN 6388535 AND 6388635
	Index Only Scan using sbtest1_pkey on sbtest1  (cost=0.43..10.40 rows=98 width=4)
	  Index Cond: ((id >= 6388535) AND (id <= 6388635))

table 2 : explain SELECT id FROM sbtest2 WHERE id BETWEEN 6388535 AND 6388635
	Index Only Scan using sbtest2_pkey on sbtest2  (cost=0.43..6.40 rows=98 width=4)
	  Index Cond: ((id >= 6388535) AND (id <= 6388635))

table 3 : explain SELECT id FROM sbtest3 WHERE id BETWEEN 6388535 AND 6388635
	Index Only Scan using sbtest3_pkey on sbtest3  (cost=0.43..6.47 rows=102 width=4)
	  Index Cond: ((id >= 6388535) AND (id <= 6388635))

table 4 : explain SELECT id FROM sbtest4 WHERE id BETWEEN 6388535 AND 6388635
	Index Only Scan using sbtest4_pkey on sbtest4  (cost=0.43..6.37 rows=97 width=4)
	  Index Cond: ((id >= 6388535) AND (id <= 6388635))

table 5 : explain SELECT id FROM sbtest5 WHERE id BETWEEN 6388535 AND 6388635
	Index Only Scan using sbtest5_pkey on sbtest5  (cost=0.43..10.62 rows=109 width=4)
	  Index Cond: ((id >= 6388535) AND (id <= 6388635))

table 6 : explain SELECT id FROM sbtest6 WHERE id BETWEEN 6388535 AND 6388635
	Index Only Scan using sbtest6_pkey on sbtest6  (cost=0.43..6.58 rows=107 width=4)
	  Index Cond: ((id >= 6388535) AND (id <= 6388635))

table 7 : explain SELECT id FROM sbtest7 WHERE id BETWEEN 6388535 AND 6388635
	Index Only Scan using sbtest7_pkey on sbtest7  (cost=0.43..10.36 rows=96 width=4)
	  Index Cond: ((id >= 6388535) AND (id <= 6388635))

table 8 : explain SELECT id FROM sbtest8 WHERE id BETWEEN 6388535 AND 6388635
	Index Only Scan using sbtest8_pkey on sbtest8  (cost=0.43..10.54 rows=105 width=4)
	  Index Cond: ((id >= 6388535) AND (id <= 6388635))

for range-covered
table 1 : explain SELECT id FROM sbtest1 WHERE id BETWEEN 5184076 AND 5184176
	Index Only Scan using sbtest1_pkey on sbtest1  (cost=0.43..10.33 rows=95 width=4)
	  Index Cond: ((id >= 5184076) AND (id <= 5184176))

table 2 : explain SELECT id FROM sbtest2 WHERE id BETWEEN 5184076 AND 5184176
	Index Only Scan using sbtest2_pkey on sbtest2  (cost=0.43..6.53 rows=105 width=4)
	  Index Cond: ((id >= 5184076) AND (id <= 5184176))

table 3 : explain SELECT id FROM sbtest3 WHERE id BETWEEN 5184076 AND 5184176
	Index Only Scan using sbtest3_pkey on sbtest3  (cost=0.43..6.51 rows=104 width=4)
	  Index Cond: ((id >= 5184076) AND (id <= 5184176))

table 4 : explain SELECT id FROM sbtest4 WHERE id BETWEEN 5184076 AND 5184176
	Index Only Scan using sbtest4_pkey on sbtest4  (cost=0.43..6.43 rows=100 width=4)
	  Index Cond: ((id >= 5184076) AND (id <= 5184176))

table 5 : explain SELECT id FROM sbtest5 WHERE id BETWEEN 5184076 AND 5184176
	Index Only Scan using sbtest5_pkey on sbtest5  (cost=0.43..10.36 rows=96 width=4)
	  Index Cond: ((id >= 5184076) AND (id <= 5184176))

table 6 : explain SELECT id FROM sbtest6 WHERE id BETWEEN 5184076 AND 5184176
	Index Only Scan using sbtest6_pkey on sbtest6  (cost=0.43..6.27 rows=92 width=4)
	  Index Cond: ((id >= 5184076) AND (id <= 5184176))

table 7 : explain SELECT id FROM sbtest7 WHERE id BETWEEN 5184076 AND 5184176
	Index Only Scan using sbtest7_pkey on sbtest7  (cost=0.43..10.50 rows=103 width=4)
	  Index Cond: ((id >= 5184076) AND (id <= 5184176))

table 8 : explain SELECT id FROM sbtest8 WHERE id BETWEEN 5184076 AND 5184176
	Index Only Scan using sbtest8_pkey on sbtest8  (cost=0.43..10.38 rows=97 width=4)
	  Index Cond: ((id >= 5184076) AND (id <= 5184176))

for range-covered
table 1 : explain SELECT id FROM sbtest1 WHERE id BETWEEN 4859042 AND 4859142
	Index Only Scan using sbtest1_pkey on sbtest1  (cost=0.43..10.50 rows=103 width=4)
	  Index Cond: ((id >= 4859042) AND (id <= 4859142))

table 2 : explain SELECT id FROM sbtest2 WHERE id BETWEEN 4859042 AND 4859142
	Index Only Scan using sbtest2_pkey on sbtest2  (cost=0.43..6.53 rows=105 width=4)
	  Index Cond: ((id >= 4859042) AND (id <= 4859142))

table 3 : explain SELECT id FROM sbtest3 WHERE id BETWEEN 4859042 AND 4859142
	Index Only Scan using sbtest3_pkey on sbtest3  (cost=0.43..6.56 rows=106 width=4)
	  Index Cond: ((id >= 4859042) AND (id <= 4859142))

table 4 : explain SELECT id FROM sbtest4 WHERE id BETWEEN 4859042 AND 4859142
	Index Only Scan using sbtest4_pkey on sbtest4  (cost=0.43..6.47 rows=102 width=4)
	  Index Cond: ((id >= 4859042) AND (id <= 4859142))

table 5 : explain SELECT id FROM sbtest5 WHERE id BETWEEN 4859042 AND 4859142
	Index Only Scan using sbtest5_pkey on sbtest5  (cost=0.43..10.50 rows=103 width=4)
	  Index Cond: ((id >= 4859042) AND (id <= 4859142))

table 6 : explain SELECT id FROM sbtest6 WHERE id BETWEEN 4859042 AND 4859142
	Index Only Scan using sbtest6_pkey on sbtest6  (cost=0.43..6.42 rows=99 width=4)
	  Index Cond: ((id >= 4859042) AND (id <= 4859142))

table 7 : explain SELECT id FROM sbtest7 WHERE id BETWEEN 4859042 AND 4859142
	Index Only Scan using sbtest7_pkey on sbtest7  (cost=0.43..10.44 rows=100 width=4)
	  Index Cond: ((id >= 4859042) AND (id <= 4859142))

table 8 : explain SELECT id FROM sbtest8 WHERE id BETWEEN 4859042 AND 4859142
	Index Only Scan using sbtest8_pkey on sbtest8  (cost=0.43..10.47 rows=102 width=4)
	  Index Cond: ((id >= 4859042) AND (id <= 4859142))

explain: for range-covered :: explain SELECT id FROM sbtest%d WHERE id BETWEEN 5184076 AND 5184176
explain: for range-covered :: explain SELECT id FROM sbtest%d WHERE id BETWEEN 6388535 AND 6388635
explain: for range-covered :: explain SELECT id FROM sbtest%d WHERE id BETWEEN 4859042 AND 4859142
for range-covered
table 1 : explain SELECT id FROM sbtest1 WHERE id BETWEEN 5326794 AND 5326894
	Index Only Scan using sbtest1_pkey on sbtest1  (cost=0.43..10.47 rows=102 width=4)
	  Index Cond: ((id >= 5326794) AND (id <= 5326894))

table 2 : explain SELECT id FROM sbtest2 WHERE id BETWEEN 5326794 AND 5326894
	Index Only Scan using sbtest2_pkey on sbtest2  (cost=0.43..6.61 rows=109 width=4)
	  Index Cond: ((id >= 5326794) AND (id <= 5326894))

table 3 : explain SELECT id FROM sbtest3 WHERE id BETWEEN 5326794 AND 5326894
	Index Only Scan using sbtest3_pkey on sbtest3  (cost=0.43..6.32 rows=94 width=4)
	  Index Cond: ((id >= 5326794) AND (id <= 5326894))

table 4 : explain SELECT id FROM sbtest4 WHERE id BETWEEN 5326794 AND 5326894
	Index Only Scan using sbtest4_pkey on sbtest4  (cost=0.43..6.53 rows=105 width=4)
	  Index Cond: ((id >= 5326794) AND (id <= 5326894))

table 5 : explain SELECT id FROM sbtest5 WHERE id BETWEEN 5326794 AND 5326894
	Index Only Scan using sbtest5_pkey on sbtest5  (cost=0.43..10.46 rows=101 width=4)
	  Index Cond: ((id >= 5326794) AND (id <= 5326894))

table 6 : explain SELECT id FROM sbtest6 WHERE id BETWEEN 5326794 AND 5326894
	Index Only Scan using sbtest6_pkey on sbtest6  (cost=0.43..6.42 rows=99 width=4)
	  Index Cond: ((id >= 5326794) AND (id <= 5326894))

table 7 : explain SELECT id FROM sbtest7 WHERE id BETWEEN 5326794 AND 5326894
	Index Only Scan using sbtest7_pkey on sbtest7  (cost=0.43..10.42 rows=99 width=4)
	  Index Cond: ((id >= 5326794) AND (id <= 5326894))

table 8 : explain SELECT id FROM sbtest8 WHERE id BETWEEN 5326794 AND 5326894
	Index Only Scan using sbtest8_pkey on sbtest8  (cost=0.43..10.47 rows=102 width=4)
	  Index Cond: ((id >= 5326794) AND (id <= 5326894))

for range-covered
table 1 : explain SELECT id FROM sbtest1 WHERE id BETWEEN 2616837 AND 2616937
	Index Only Scan using sbtest1_pkey on sbtest1  (cost=0.43..10.60 rows=108 width=4)
	  Index Cond: ((id >= 2616837) AND (id <= 2616937))

table 2 : explain SELECT id FROM sbtest2 WHERE id BETWEEN 2616837 AND 2616937
	Index Only Scan using sbtest2_pkey on sbtest2  (cost=0.43..6.43 rows=100 width=4)
	  Index Cond: ((id >= 2616837) AND (id <= 2616937))

table 3 : explain SELECT id FROM sbtest3 WHERE id BETWEEN 2616837 AND 2616937
	Index Only Scan using sbtest3_pkey on sbtest3  (cost=0.43..6.35 rows=96 width=4)
	  Index Cond: ((id >= 2616837) AND (id <= 2616937))

table 4 : explain SELECT id FROM sbtest4 WHERE id BETWEEN 2616837 AND 2616937
	Index Only Scan using sbtest4_pkey on sbtest4  (cost=0.43..6.25 rows=91 width=4)
	  Index Cond: ((id >= 2616837) AND (id <= 2616937))

table 5 : explain SELECT id FROM sbtest5 WHERE id BETWEEN 2616837 AND 2616937
	Index Only Scan using sbtest5_pkey on sbtest5  (cost=0.43..10.44 rows=100 width=4)
	  Index Cond: ((id >= 2616837) AND (id <= 2616937))

table 6 : explain SELECT id FROM sbtest6 WHERE id BETWEEN 2616837 AND 2616937
	Index Only Scan using sbtest6_pkey on sbtest6  (cost=0.43..6.61 rows=109 width=4)
	  Index Cond: ((id >= 2616837) AND (id <= 2616937))

table 7 : explain SELECT id FROM sbtest7 WHERE id BETWEEN 2616837 AND 2616937
	Index Only Scan using sbtest7_pkey on sbtest7  (cost=0.43..10.47 rows=102 width=4)
	  Index Cond: ((id >= 2616837) AND (id <= 2616937))

table 8 : explain SELECT id FROM sbtest8 WHERE id BETWEEN 2616837 AND 2616937
	Index Only Scan using sbtest8_pkey on sbtest8  (cost=0.43..10.36 rows=96 width=4)
	  Index Cond: ((id >= 2616837) AND (id <= 2616937))

explain: for range-covered :: explain SELECT id FROM sbtest%d WHERE id BETWEEN 5326794 AND 5326894
for range-covered
table 1 : explain SELECT id FROM sbtest1 WHERE id BETWEEN 4944495 AND 4944595
	Index Only Scan using sbtest1_pkey on sbtest1  (cost=0.43..10.46 rows=101 width=4)
	  Index Cond: ((id >= 4944495) AND (id <= 4944595))

table 2 : explain SELECT id FROM sbtest2 WHERE id BETWEEN 4944495 AND 4944595
	Index Only Scan using sbtest2_pkey on sbtest2  (cost=0.43..6.59 rows=108 width=4)
	  Index Cond: ((id >= 4944495) AND (id <= 4944595))

table 3 : explain SELECT id FROM sbtest3 WHERE id BETWEEN 4944495 AND 4944595
	Index Only Scan using sbtest3_pkey on sbtest3  (cost=0.43..6.56 rows=106 width=4)
	  Index Cond: ((id >= 4944495) AND (id <= 4944595))

table 4 : explain SELECT id FROM sbtest4 WHERE id BETWEEN 4944495 AND 4944595
	Index Only Scan using sbtest4_pkey on sbtest4  (cost=0.43..6.59 rows=108 width=4)
	  Index Cond: ((id >= 4944495) AND (id <= 4944595))

table 5 : explain SELECT id FROM sbtest5 WHERE id BETWEEN 4944495 AND 4944595
	Index Only Scan using sbtest5_pkey on sbtest5  (cost=0.43..10.32 rows=94 width=4)
	  Index Cond: ((id >= 4944495) AND (id <= 4944595))

table 6 : explain SELECT id FROM sbtest6 WHERE id BETWEEN 4944495 AND 4944595
	Index Only Scan using sbtest6_pkey on sbtest6  (cost=0.43..6.53 rows=105 width=4)
	  Index Cond: ((id >= 4944495) AND (id <= 4944595))

table 7 : explain SELECT id FROM sbtest7 WHERE id BETWEEN 4944495 AND 4944595
	Index Only Scan using sbtest7_pkey on sbtest7  (cost=0.43..10.54 rows=105 width=4)
	  Index Cond: ((id >= 4944495) AND (id <= 4944595))

table 8 : explain SELECT id FROM sbtest8 WHERE id BETWEEN 4944495 AND 4944595
	Index Only Scan using sbtest8_pkey on sbtest8  (cost=0.43..10.63 rows=110 width=4)
	  Index Cond: ((id >= 4944495) AND (id <= 4944595))

for range-covered
table 1 : explain SELECT id FROM sbtest1 WHERE id BETWEEN 1347659 AND 1347759
	Index Only Scan using sbtest1_pkey on sbtest1  (cost=0.43..10.44 rows=100 width=4)
	  Index Cond: ((id >= 1347659) AND (id <= 1347759))

table 2 : explain SELECT id FROM sbtest2 WHERE id BETWEEN 1347659 AND 1347759
	Index Only Scan using sbtest2_pkey on sbtest2  (cost=0.43..6.50 rows=103 width=4)
	  Index Cond: ((id >= 1347659) AND (id <= 1347759))

table 3 : explain SELECT id FROM sbtest3 WHERE id BETWEEN 1347659 AND 1347759
	Index Only Scan using sbtest3_pkey on sbtest3  (cost=0.43..6.66 rows=111 width=4)
	  Index Cond: ((id >= 1347659) AND (id <= 1347759))

table 4 : explain SELECT id FROM sbtest4 WHERE id BETWEEN 1347659 AND 1347759
	Index Only Scan using sbtest4_pkey on sbtest4  (cost=0.43..6.50 rows=103 width=4)
	  Index Cond: ((id >= 1347659) AND (id <= 1347759))

table 5 : explain SELECT id FROM sbtest5 WHERE id BETWEEN 1347659 AND 1347759
	Index Only Scan using sbtest5_pkey on sbtest5  (cost=0.43..10.51 rows=104 width=4)
	  Index Cond: ((id >= 1347659) AND (id <= 1347759))

table 6 : explain SELECT id FROM sbtest6 WHERE id BETWEEN 1347659 AND 1347759
	Index Only Scan using sbtest6_pkey on sbtest6  (cost=0.43..6.51 rows=104 width=4)
	  Index Cond: ((id >= 1347659) AND (id <= 1347759))

table 7 : explain SELECT id FROM sbtest7 WHERE id BETWEEN 1347659 AND 1347759
	Index Only Scan using sbtest7_pkey on sbtest7  (cost=0.43..10.46 rows=101 width=4)
	  Index Cond: ((id >= 1347659) AND (id <= 1347759))

table 8 : explain SELECT id FROM sbtest8 WHERE id BETWEEN 1347659 AND 1347759
	Index Only Scan using sbtest8_pkey on sbtest8  (cost=0.43..10.47 rows=102 width=4)
	  Index Cond: ((id >= 1347659) AND (id <= 1347759))

for range-covered
table 1 : explain SELECT id FROM sbtest1 WHERE id BETWEEN 5928775 AND 5928875
	Index Only Scan using sbtest1_pkey on sbtest1  (cost=0.43..10.36 rows=96 width=4)
	  Index Cond: ((id >= 5928775) AND (id <= 5928875))

table 2 : explain SELECT id FROM sbtest2 WHERE id BETWEEN 5928775 AND 5928875
	Index Only Scan using sbtest2_pkey on sbtest2  (cost=0.43..6.50 rows=103 width=4)
	  Index Cond: ((id >= 5928775) AND (id <= 5928875))

table 3 : explain SELECT id FROM sbtest3 WHERE id BETWEEN 5928775 AND 5928875
	Index Only Scan using sbtest3_pkey on sbtest3  (cost=0.43..6.50 rows=103 width=4)
	  Index Cond: ((id >= 5928775) AND (id <= 5928875))

table 4 : explain SELECT id FROM sbtest4 WHERE id BETWEEN 5928775 AND 5928875
	Index Only Scan using sbtest4_pkey on sbtest4  (cost=0.43..6.53 rows=105 width=4)
	  Index Cond: ((id >= 5928775) AND (id <= 5928875))

table 5 : explain SELECT id FROM sbtest5 WHERE id BETWEEN 5928775 AND 5928875
	Index Only Scan using sbtest5_pkey on sbtest5  (cost=0.43..10.40 rows=98 width=4)
	  Index Cond: ((id >= 5928775) AND (id <= 5928875))

table 6 : explain SELECT id FROM sbtest6 WHERE id BETWEEN 5928775 AND 5928875
	Index Only Scan using sbtest6_pkey on sbtest6  (cost=0.43..6.19 rows=88 width=4)
	  Index Cond: ((id >= 5928775) AND (id <= 5928875))

table 7 : explain SELECT id FROM sbtest7 WHERE id BETWEEN 5928775 AND 5928875
	Index Only Scan using sbtest7_pkey on sbtest7  (cost=0.43..10.36 rows=96 width=4)
	  Index Cond: ((id >= 5928775) AND (id <= 5928875))

table 8 : explain SELECT id FROM sbtest8 WHERE id BETWEEN 5928775 AND 5928875
	Index Only Scan using sbtest8_pkey on sbtest8  (cost=0.43..10.44 rows=100 width=4)
	  Index Cond: ((id >= 5928775) AND (id <= 5928875))

explain: for range-covered :: explain SELECT id FROM sbtest%d WHERE id BETWEEN 4944495 AND 4944595
explain: for range-covered :: explain SELECT id FROM sbtest%d WHERE id BETWEEN 5928775 AND 5928875
explain: for range-covered :: explain SELECT id FROM sbtest%d WHERE id BETWEEN 2616837 AND 2616937
for range-covered
table 1 : explain SELECT id FROM sbtest1 WHERE id BETWEEN 1702348 AND 1702448
	Index Only Scan using sbtest1_pkey on sbtest1  (cost=0.43..10.58 rows=107 width=4)
	  Index Cond: ((id >= 1702348) AND (id <= 1702448))

table 2 : explain SELECT id FROM sbtest2 WHERE id BETWEEN 1702348 AND 1702448
	Index Only Scan using sbtest2_pkey on sbtest2  (cost=0.43..6.33 rows=95 width=4)
	  Index Cond: ((id >= 1702348) AND (id <= 1702448))

table 3 : explain SELECT id FROM sbtest3 WHERE id BETWEEN 1702348 AND 1702448
	Index Only Scan using sbtest3_pkey on sbtest3  (cost=0.43..6.42 rows=99 width=4)
	  Index Cond: ((id >= 1702348) AND (id <= 1702448))

table 4 : explain SELECT id FROM sbtest4 WHERE id BETWEEN 1702348 AND 1702448
	Index Only Scan using sbtest4_pkey on sbtest4  (cost=0.43..6.77 rows=117 width=4)
	  Index Cond: ((id >= 1702348) AND (id <= 1702448))

table 5 : explain SELECT id FROM sbtest5 WHERE id BETWEEN 1702348 AND 1702448
	Index Only Scan using sbtest5_pkey on sbtest5  (cost=0.43..10.46 rows=101 width=4)
	  Index Cond: ((id >= 1702348) AND (id <= 1702448))

table 6 : explain SELECT id FROM sbtest6 WHERE id BETWEEN 1702348 AND 1702448
	Index Only Scan using sbtest6_pkey on sbtest6  (cost=0.43..6.42 rows=99 width=4)
	  Index Cond: ((id >= 1702348) AND (id <= 1702448))

table 7 : explain SELECT id FROM sbtest7 WHERE id BETWEEN 1702348 AND 1702448
	Index Only Scan using sbtest7_pkey on sbtest7  (cost=0.43..10.26 rows=91 width=4)
	  Index Cond: ((id >= 1702348) AND (id <= 1702448))

table 8 : explain SELECT id FROM sbtest8 WHERE id BETWEEN 1702348 AND 1702448
	Index Only Scan using sbtest8_pkey on sbtest8  (cost=0.43..10.58 rows=107 width=4)
	  Index Cond: ((id >= 1702348) AND (id <= 1702448))

for range-covered
table 1 : explain SELECT id FROM sbtest1 WHERE id BETWEEN 5538663 AND 5538763
	Index Only Scan using sbtest1_pkey on sbtest1  (cost=0.43..10.38 rows=97 width=4)
	  Index Cond: ((id >= 5538663) AND (id <= 5538763))

table 2 : explain SELECT id FROM sbtest2 WHERE id BETWEEN 5538663 AND 5538763
	Index Only Scan using sbtest2_pkey on sbtest2  (cost=0.43..6.56 rows=106 width=4)
	  Index Cond: ((id >= 5538663) AND (id <= 5538763))

table 3 : explain SELECT id FROM sbtest3 WHERE id BETWEEN 5538663 AND 5538763
	Index Only Scan using sbtest3_pkey on sbtest3  (cost=0.43..6.40 rows=98 width=4)
	  Index Cond: ((id >= 5538663) AND (id <= 5538763))

table 4 : explain SELECT id FROM sbtest4 WHERE id BETWEEN 5538663 AND 5538763
	Index Only Scan using sbtest4_pkey on sbtest4  (cost=0.43..6.43 rows=100 width=4)
	  Index Cond: ((id >= 5538663) AND (id <= 5538763))

table 5 : explain SELECT id FROM sbtest5 WHERE id BETWEEN 5538663 AND 5538763
	Index Only Scan using sbtest5_pkey on sbtest5  (cost=0.43..10.33 rows=95 width=4)
	  Index Cond: ((id >= 5538663) AND (id <= 5538763))

table 6 : explain SELECT id FROM sbtest6 WHERE id BETWEEN 5538663 AND 5538763
	Index Only Scan using sbtest6_pkey on sbtest6  (cost=0.43..6.37 rows=97 width=4)
	  Index Cond: ((id >= 5538663) AND (id <= 5538763))

table 7 : explain SELECT id FROM sbtest7 WHERE id BETWEEN 5538663 AND 5538763
	Index Only Scan using sbtest7_pkey on sbtest7  (cost=0.43..10.38 rows=97 width=4)
	  Index Cond: ((id >= 5538663) AND (id <= 5538763))

table 8 : explain SELECT id FROM sbtest8 WHERE id BETWEEN 5538663 AND 5538763
	Index Only Scan using sbtest8_pkey on sbtest8  (cost=0.43..10.32 rows=94 width=4)
	  Index Cond: ((id >= 5538663) AND (id <= 5538763))

explain: for range-covered :: explain SELECT id FROM sbtest%d WHERE id BETWEEN 1702348 AND 1702448
for range-covered
table 1 : explain SELECT id FROM sbtest1 WHERE id BETWEEN 4859042 AND 4859142
	Index Only Scan using sbtest1_pkey on sbtest1  (cost=0.43..10.50 rows=103 width=4)
	  Index Cond: ((id >= 4859042) AND (id <= 4859142))

table 2 : explain SELECT id FROM sbtest2 WHERE id BETWEEN 4859042 AND 4859142
	Index Only Scan using sbtest2_pkey on sbtest2  (cost=0.43..6.53 rows=105 width=4)
	  Index Cond: ((id >= 4859042) AND (id <= 4859142))

table 3 : explain SELECT id FROM sbtest3 WHERE id BETWEEN 4859042 AND 4859142
	Index Only Scan using sbtest3_pkey on sbtest3  (cost=0.43..6.56 rows=106 width=4)
	  Index Cond: ((id >= 4859042) AND (id <= 4859142))

table 4 : explain SELECT id FROM sbtest4 WHERE id BETWEEN 4859042 AND 4859142
	Index Only Scan using sbtest4_pkey on sbtest4  (cost=0.43..6.47 rows=102 width=4)
	  Index Cond: ((id >= 4859042) AND (id <= 4859142))

table 5 : explain SELECT id FROM sbtest5 WHERE id BETWEEN 4859042 AND 4859142
	Index Only Scan using sbtest5_pkey on sbtest5  (cost=0.43..10.50 rows=103 width=4)
	  Index Cond: ((id >= 4859042) AND (id <= 4859142))

table 6 : explain SELECT id FROM sbtest6 WHERE id BETWEEN 4859042 AND 4859142
	Index Only Scan using sbtest6_pkey on sbtest6  (cost=0.43..6.42 rows=99 width=4)
	  Index Cond: ((id >= 4859042) AND (id <= 4859142))

table 7 : explain SELECT id FROM sbtest7 WHERE id BETWEEN 4859042 AND 4859142
	Index Only Scan using sbtest7_pkey on sbtest7  (cost=0.43..10.44 rows=100 width=4)
	  Index Cond: ((id >= 4859042) AND (id <= 4859142))

table 8 : explain SELECT id FROM sbtest8 WHERE id BETWEEN 4859042 AND 4859142
	Index Only Scan using sbtest8_pkey on sbtest8  (cost=0.43..10.47 rows=102 width=4)
	  Index Cond: ((id >= 4859042) AND (id <= 4859142))

explain: for range-covered :: explain SELECT id FROM sbtest%d WHERE id BETWEEN 5538663 AND 5538763
explain: for range-covered :: explain SELECT id FROM sbtest%d WHERE id BETWEEN 4859042 AND 4859142
for range-covered
table 1 : explain SELECT id FROM sbtest1 WHERE id BETWEEN 5326794 AND 5326894
	Index Only Scan using sbtest1_pkey on sbtest1  (cost=0.43..10.47 rows=102 width=4)
	  Index Cond: ((id >= 5326794) AND (id <= 5326894))

table 2 : explain SELECT id FROM sbtest2 WHERE id BETWEEN 5326794 AND 5326894
	Index Only Scan using sbtest2_pkey on sbtest2  (cost=0.43..6.61 rows=109 width=4)
	  Index Cond: ((id >= 5326794) AND (id <= 5326894))

table 3 : explain SELECT id FROM sbtest3 WHERE id BETWEEN 5326794 AND 5326894
	Index Only Scan using sbtest3_pkey on sbtest3  (cost=0.43..6.32 rows=94 width=4)
	  Index Cond: ((id >= 5326794) AND (id <= 5326894))

table 4 : explain SELECT id FROM sbtest4 WHERE id BETWEEN 5326794 AND 5326894
	Index Only Scan using sbtest4_pkey on sbtest4  (cost=0.43..6.53 rows=105 width=4)
	  Index Cond: ((id >= 5326794) AND (id <= 5326894))

table 5 : explain SELECT id FROM sbtest5 WHERE id BETWEEN 5326794 AND 5326894
	Index Only Scan using sbtest5_pkey on sbtest5  (cost=0.43..10.46 rows=101 width=4)
	  Index Cond: ((id >= 5326794) AND (id <= 5326894))

table 6 : explain SELECT id FROM sbtest6 WHERE id BETWEEN 5326794 AND 5326894
	Index Only Scan using sbtest6_pkey on sbtest6  (cost=0.43..6.42 rows=99 width=4)
	  Index Cond: ((id >= 5326794) AND (id <= 5326894))

table 7 : explain SELECT id FROM sbtest7 WHERE id BETWEEN 5326794 AND 5326894
	Index Only Scan using sbtest7_pkey on sbtest7  (cost=0.43..10.42 rows=99 width=4)
	  Index Cond: ((id >= 5326794) AND (id <= 5326894))

table 8 : explain SELECT id FROM sbtest8 WHERE id BETWEEN 5326794 AND 5326894
	Index Only Scan using sbtest8_pkey on sbtest8  (cost=0.43..10.47 rows=102 width=4)
	  Index Cond: ((id >= 5326794) AND (id <= 5326894))

explain: for range-covered :: explain SELECT id FROM sbtest%d WHERE id BETWEEN 5326794 AND 5326894
for range-covered
table 1 : explain SELECT id FROM sbtest1 WHERE id BETWEEN 5928775 AND 5928875
	Index Only Scan using sbtest1_pkey on sbtest1  (cost=0.43..10.36 rows=96 width=4)
	  Index Cond: ((id >= 5928775) AND (id <= 5928875))

table 2 : explain SELECT id FROM sbtest2 WHERE id BETWEEN 5928775 AND 5928875
	Index Only Scan using sbtest2_pkey on sbtest2  (cost=0.43..6.50 rows=103 width=4)
	  Index Cond: ((id >= 5928775) AND (id <= 5928875))

table 3 : explain SELECT id FROM sbtest3 WHERE id BETWEEN 5928775 AND 5928875
	Index Only Scan using sbtest3_pkey on sbtest3  (cost=0.43..6.50 rows=103 width=4)
	  Index Cond: ((id >= 5928775) AND (id <= 5928875))

table 4 : explain SELECT id FROM sbtest4 WHERE id BETWEEN 5928775 AND 5928875
	Index Only Scan using sbtest4_pkey on sbtest4  (cost=0.43..6.53 rows=105 width=4)
	  Index Cond: ((id >= 5928775) AND (id <= 5928875))

table 5 : explain SELECT id FROM sbtest5 WHERE id BETWEEN 5928775 AND 5928875
	Index Only Scan using sbtest5_pkey on sbtest5  (cost=0.43..10.40 rows=98 width=4)
	  Index Cond: ((id >= 5928775) AND (id <= 5928875))

table 6 : explain SELECT id FROM sbtest6 WHERE id BETWEEN 5928775 AND 5928875
	Index Only Scan using sbtest6_pkey on sbtest6  (cost=0.43..6.19 rows=88 width=4)
	  Index Cond: ((id >= 5928775) AND (id <= 5928875))

table 7 : explain SELECT id FROM sbtest7 WHERE id BETWEEN 5928775 AND 5928875
	Index Only Scan using sbtest7_pkey on sbtest7  (cost=0.43..10.36 rows=96 width=4)
	  Index Cond: ((id >= 5928775) AND (id <= 5928875))

table 8 : explain SELECT id FROM sbtest8 WHERE id BETWEEN 5928775 AND 5928875
	Index Only Scan using sbtest8_pkey on sbtest8  (cost=0.43..10.44 rows=100 width=4)
	  Index Cond: ((id >= 5928775) AND (id <= 5928875))

for range-covered
table 1 : explain SELECT id FROM sbtest1 WHERE id BETWEEN 5184076 AND 5184176
	Index Only Scan using sbtest1_pkey on sbtest1  (cost=0.43..10.33 rows=95 width=4)
	  Index Cond: ((id >= 5184076) AND (id <= 5184176))

table 2 : explain SELECT id FROM sbtest2 WHERE id BETWEEN 5184076 AND 5184176
	Index Only Scan using sbtest2_pkey on sbtest2  (cost=0.43..6.53 rows=105 width=4)
	  Index Cond: ((id >= 5184076) AND (id <= 5184176))

table 3 : explain SELECT id FROM sbtest3 WHERE id BETWEEN 5184076 AND 5184176
	Index Only Scan using sbtest3_pkey on sbtest3  (cost=0.43..6.51 rows=104 width=4)
	  Index Cond: ((id >= 5184076) AND (id <= 5184176))

table 4 : explain SELECT id FROM sbtest4 WHERE id BETWEEN 5184076 AND 5184176
	Index Only Scan using sbtest4_pkey on sbtest4  (cost=0.43..6.43 rows=100 width=4)
	  Index Cond: ((id >= 5184076) AND (id <= 5184176))

table 5 : explain SELECT id FROM sbtest5 WHERE id BETWEEN 5184076 AND 5184176
	Index Only Scan using sbtest5_pkey on sbtest5  (cost=0.43..10.36 rows=96 width=4)
	  Index Cond: ((id >= 5184076) AND (id <= 5184176))

table 6 : explain SELECT id FROM sbtest6 WHERE id BETWEEN 5184076 AND 5184176
	Index Only Scan using sbtest6_pkey on sbtest6  (cost=0.43..6.27 rows=92 width=4)
	  Index Cond: ((id >= 5184076) AND (id <= 5184176))

table 7 : explain SELECT id FROM sbtest7 WHERE id BETWEEN 5184076 AND 5184176
	Index Only Scan using sbtest7_pkey on sbtest7  (cost=0.43..10.50 rows=103 width=4)
	  Index Cond: ((id >= 5184076) AND (id <= 5184176))

table 8 : explain SELECT id FROM sbtest8 WHERE id BETWEEN 5184076 AND 5184176
	Index Only Scan using sbtest8_pkey on sbtest8  (cost=0.43..10.38 rows=97 width=4)
	  Index Cond: ((id >= 5184076) AND (id <= 5184176))

explain: for range-covered :: explain SELECT id FROM sbtest%d WHERE id BETWEEN 5928775 AND 5928875
for range-covered
table 1 : explain SELECT id FROM sbtest1 WHERE id BETWEEN 1702348 AND 1702448
	Index Only Scan using sbtest1_pkey on sbtest1  (cost=0.43..10.58 rows=107 width=4)
	  Index Cond: ((id >= 1702348) AND (id <= 1702448))

table 2 : explain SELECT id FROM sbtest2 WHERE id BETWEEN 1702348 AND 1702448
	Index Only Scan using sbtest2_pkey on sbtest2  (cost=0.43..6.33 rows=95 width=4)
	  Index Cond: ((id >= 1702348) AND (id <= 1702448))

table 3 : explain SELECT id FROM sbtest3 WHERE id BETWEEN 1702348 AND 1702448
	Index Only Scan using sbtest3_pkey on sbtest3  (cost=0.43..6.42 rows=99 width=4)
	  Index Cond: ((id >= 1702348) AND (id <= 1702448))

table 4 : explain SELECT id FROM sbtest4 WHERE id BETWEEN 1702348 AND 1702448
	Index Only Scan using sbtest4_pkey on sbtest4  (cost=0.43..6.77 rows=117 width=4)
	  Index Cond: ((id >= 1702348) AND (id <= 1702448))

table 5 : explain SELECT id FROM sbtest5 WHERE id BETWEEN 1702348 AND 1702448
	Index Only Scan using sbtest5_pkey on sbtest5  (cost=0.43..10.46 rows=101 width=4)
	  Index Cond: ((id >= 1702348) AND (id <= 1702448))

table 6 : explain SELECT id FROM sbtest6 WHERE id BETWEEN 1702348 AND 1702448
	Index Only Scan using sbtest6_pkey on sbtest6  (cost=0.43..6.42 rows=99 width=4)
	  Index Cond: ((id >= 1702348) AND (id <= 1702448))

table 7 : explain SELECT id FROM sbtest7 WHERE id BETWEEN 1702348 AND 1702448
	Index Only Scan using sbtest7_pkey on sbtest7  (cost=0.43..10.26 rows=91 width=4)
	  Index Cond: ((id >= 1702348) AND (id <= 1702448))

table 8 : explain SELECT id FROM sbtest8 WHERE id BETWEEN 1702348 AND 1702448
	Index Only Scan using sbtest8_pkey on sbtest8  (cost=0.43..10.58 rows=107 width=4)
	  Index Cond: ((id >= 1702348) AND (id <= 1702448))

explain: for range-covered :: explain SELECT id FROM sbtest%d WHERE id BETWEEN 1702348 AND 1702448
for range-covered
table 1 : explain SELECT id FROM sbtest1 WHERE id BETWEEN 6388535 AND 6388635
	Index Only Scan using sbtest1_pkey on sbtest1  (cost=0.43..10.40 rows=98 width=4)
	  Index Cond: ((id >= 6388535) AND (id <= 6388635))

table 2 : explain SELECT id FROM sbtest2 WHERE id BETWEEN 6388535 AND 6388635
	Index Only Scan using sbtest2_pkey on sbtest2  (cost=0.43..6.40 rows=98 width=4)
	  Index Cond: ((id >= 6388535) AND (id <= 6388635))

table 3 : explain SELECT id FROM sbtest3 WHERE id BETWEEN 6388535 AND 6388635
	Index Only Scan using sbtest3_pkey on sbtest3  (cost=0.43..6.47 rows=102 width=4)
	  Index Cond: ((id >= 6388535) AND (id <= 6388635))

table 4 : explain SELECT id FROM sbtest4 WHERE id BETWEEN 6388535 AND 6388635
	Index Only Scan using sbtest4_pkey on sbtest4  (cost=0.43..6.37 rows=97 width=4)
	  Index Cond: ((id >= 6388535) AND (id <= 6388635))

table 5 : explain SELECT id FROM sbtest5 WHERE id BETWEEN 6388535 AND 6388635
	Index Only Scan using sbtest5_pkey on sbtest5  (cost=0.43..10.62 rows=109 width=4)
	  Index Cond: ((id >= 6388535) AND (id <= 6388635))

table 6 : explain SELECT id FROM sbtest6 WHERE id BETWEEN 6388535 AND 6388635
	Index Only Scan using sbtest6_pkey on sbtest6  (cost=0.43..6.58 rows=107 width=4)
	  Index Cond: ((id >= 6388535) AND (id <= 6388635))

table 7 : explain SELECT id FROM sbtest7 WHERE id BETWEEN 6388535 AND 6388635
	Index Only Scan using sbtest7_pkey on sbtest7  (cost=0.43..10.36 rows=96 width=4)
	  Index Cond: ((id >= 6388535) AND (id <= 6388635))

table 8 : explain SELECT id FROM sbtest8 WHERE id BETWEEN 6388535 AND 6388635
	Index Only Scan using sbtest8_pkey on sbtest8  (cost=0.43..10.54 rows=105 width=4)
	  Index Cond: ((id >= 6388535) AND (id <= 6388635))

for range-covered
table 1 : explain SELECT id FROM sbtest1 WHERE id BETWEEN 4859042 AND 4859142
	Index Only Scan using sbtest1_pkey on sbtest1  (cost=0.43..10.50 rows=103 width=4)
	  Index Cond: ((id >= 4859042) AND (id <= 4859142))

table 2 : explain SELECT id FROM sbtest2 WHERE id BETWEEN 4859042 AND 4859142
	Index Only Scan using sbtest2_pkey on sbtest2  (cost=0.43..6.53 rows=105 width=4)
	  Index Cond: ((id >= 4859042) AND (id <= 4859142))

table 3 : explain SELECT id FROM sbtest3 WHERE id BETWEEN 4859042 AND 4859142
	Index Only Scan using sbtest3_pkey on sbtest3  (cost=0.43..6.56 rows=106 width=4)
	  Index Cond: ((id >= 4859042) AND (id <= 4859142))

table 4 : explain SELECT id FROM sbtest4 WHERE id BETWEEN 4859042 AND 4859142
	Index Only Scan using sbtest4_pkey on sbtest4  (cost=0.43..6.47 rows=102 width=4)
	  Index Cond: ((id >= 4859042) AND (id <= 4859142))

table 5 : explain SELECT id FROM sbtest5 WHERE id BETWEEN 4859042 AND 4859142
	Index Only Scan using sbtest5_pkey on sbtest5  (cost=0.43..10.50 rows=103 width=4)
	  Index Cond: ((id >= 4859042) AND (id <= 4859142))

table 6 : explain SELECT id FROM sbtest6 WHERE id BETWEEN 4859042 AND 4859142
	Index Only Scan using sbtest6_pkey on sbtest6  (cost=0.43..6.42 rows=99 width=4)
	  Index Cond: ((id >= 4859042) AND (id <= 4859142))

table 7 : explain SELECT id FROM sbtest7 WHERE id BETWEEN 4859042 AND 4859142
	Index Only Scan using sbtest7_pkey on sbtest7  (cost=0.43..10.44 rows=100 width=4)
	  Index Cond: ((id >= 4859042) AND (id <= 4859142))

table 8 : explain SELECT id FROM sbtest8 WHERE id BETWEEN 4859042 AND 4859142
	Index Only Scan using sbtest8_pkey on sbtest8  (cost=0.43..10.47 rows=102 width=4)
	  Index Cond: ((id >= 4859042) AND (id <= 4859142))

explain: for range-covered :: explain SELECT id FROM sbtest%d WHERE id BETWEEN 5184076 AND 5184176
for range-covered
table 1 : explain SELECT id FROM sbtest1 WHERE id BETWEEN 5326794 AND 5326894
	Index Only Scan using sbtest1_pkey on sbtest1  (cost=0.43..10.47 rows=102 width=4)
	  Index Cond: ((id >= 5326794) AND (id <= 5326894))

table 2 : explain SELECT id FROM sbtest2 WHERE id BETWEEN 5326794 AND 5326894
	Index Only Scan using sbtest2_pkey on sbtest2  (cost=0.43..6.61 rows=109 width=4)
	  Index Cond: ((id >= 5326794) AND (id <= 5326894))

table 3 : explain SELECT id FROM sbtest3 WHERE id BETWEEN 5326794 AND 5326894
	Index Only Scan using sbtest3_pkey on sbtest3  (cost=0.43..6.32 rows=94 width=4)
	  Index Cond: ((id >= 5326794) AND (id <= 5326894))

table 4 : explain SELECT id FROM sbtest4 WHERE id BETWEEN 5326794 AND 5326894
	Index Only Scan using sbtest4_pkey on sbtest4  (cost=0.43..6.53 rows=105 width=4)
	  Index Cond: ((id >= 5326794) AND (id <= 5326894))

table 5 : explain SELECT id FROM sbtest5 WHERE id BETWEEN 5326794 AND 5326894
	Index Only Scan using sbtest5_pkey on sbtest5  (cost=0.43..10.46 rows=101 width=4)
	  Index Cond: ((id >= 5326794) AND (id <= 5326894))

table 6 : explain SELECT id FROM sbtest6 WHERE id BETWEEN 5326794 AND 5326894
	Index Only Scan using sbtest6_pkey on sbtest6  (cost=0.43..6.42 rows=99 width=4)
	  Index Cond: ((id >= 5326794) AND (id <= 5326894))

table 7 : explain SELECT id FROM sbtest7 WHERE id BETWEEN 5326794 AND 5326894
	Index Only Scan using sbtest7_pkey on sbtest7  (cost=0.43..10.42 rows=99 width=4)
	  Index Cond: ((id >= 5326794) AND (id <= 5326894))

table 8 : explain SELECT id FROM sbtest8 WHERE id BETWEEN 5326794 AND 5326894
	Index Only Scan using sbtest8_pkey on sbtest8  (cost=0.43..10.47 rows=102 width=4)
	  Index Cond: ((id >= 5326794) AND (id <= 5326894))

explain: for range-covered :: explain SELECT id FROM sbtest%d WHERE id BETWEEN 5326794 AND 5326894
for range-covered
table 1 : explain SELECT id FROM sbtest1 WHERE id BETWEEN 5928775 AND 5928875
	Index Only Scan using sbtest1_pkey on sbtest1  (cost=0.43..10.36 rows=96 width=4)
	  Index Cond: ((id >= 5928775) AND (id <= 5928875))

table 2 : explain SELECT id FROM sbtest2 WHERE id BETWEEN 5928775 AND 5928875
	Index Only Scan using sbtest2_pkey on sbtest2  (cost=0.43..6.50 rows=103 width=4)
	  Index Cond: ((id >= 5928775) AND (id <= 5928875))

table 3 : explain SELECT id FROM sbtest3 WHERE id BETWEEN 5928775 AND 5928875
	Index Only Scan using sbtest3_pkey on sbtest3  (cost=0.43..6.50 rows=103 width=4)
	  Index Cond: ((id >= 5928775) AND (id <= 5928875))

table 4 : explain SELECT id FROM sbtest4 WHERE id BETWEEN 5928775 AND 5928875
	Index Only Scan using sbtest4_pkey on sbtest4  (cost=0.43..6.53 rows=105 width=4)
	  Index Cond: ((id >= 5928775) AND (id <= 5928875))

table 5 : explain SELECT id FROM sbtest5 WHERE id BETWEEN 5928775 AND 5928875
	Index Only Scan using sbtest5_pkey on sbtest5  (cost=0.43..10.40 rows=98 width=4)
	  Index Cond: ((id >= 5928775) AND (id <= 5928875))

table 6 : explain SELECT id FROM sbtest6 WHERE id BETWEEN 5928775 AND 5928875
	Index Only Scan using sbtest6_pkey on sbtest6  (cost=0.43..6.19 rows=88 width=4)
	  Index Cond: ((id >= 5928775) AND (id <= 5928875))

table 7 : explain SELECT id FROM sbtest7 WHERE id BETWEEN 5928775 AND 5928875
	Index Only Scan using sbtest7_pkey on sbtest7  (cost=0.43..10.36 rows=96 width=4)
	  Index Cond: ((id >= 5928775) AND (id <= 5928875))

table 8 : explain SELECT id FROM sbtest8 WHERE id BETWEEN 5928775 AND 5928875
	Index Only Scan using sbtest8_pkey on sbtest8  (cost=0.43..10.44 rows=100 width=4)
	  Index Cond: ((id >= 5928775) AND (id <= 5928875))

for range-covered
table 1 : explain SELECT id FROM sbtest1 WHERE id BETWEEN 4944495 AND 4944595
	Index Only Scan using sbtest1_pkey on sbtest1  (cost=0.43..10.46 rows=101 width=4)
	  Index Cond: ((id >= 4944495) AND (id <= 4944595))

table 2 : explain SELECT id FROM sbtest2 WHERE id BETWEEN 4944495 AND 4944595
	Index Only Scan using sbtest2_pkey on sbtest2  (cost=0.43..6.59 rows=108 width=4)
	  Index Cond: ((id >= 4944495) AND (id <= 4944595))

table 3 : explain SELECT id FROM sbtest3 WHERE id BETWEEN 4944495 AND 4944595
	Index Only Scan using sbtest3_pkey on sbtest3  (cost=0.43..6.56 rows=106 width=4)
	  Index Cond: ((id >= 4944495) AND (id <= 4944595))

table 4 : explain SELECT id FROM sbtest4 WHERE id BETWEEN 4944495 AND 4944595
	Index Only Scan using sbtest4_pkey on sbtest4  (cost=0.43..6.59 rows=108 width=4)
	  Index Cond: ((id >= 4944495) AND (id <= 4944595))

table 5 : explain SELECT id FROM sbtest5 WHERE id BETWEEN 4944495 AND 4944595
	Index Only Scan using sbtest5_pkey on sbtest5  (cost=0.43..10.32 rows=94 width=4)
	  Index Cond: ((id >= 4944495) AND (id <= 4944595))

table 6 : explain SELECT id FROM sbtest6 WHERE id BETWEEN 4944495 AND 4944595
	Index Only Scan using sbtest6_pkey on sbtest6  (cost=0.43..6.53 rows=105 width=4)
	  Index Cond: ((id >= 4944495) AND (id <= 4944595))

table 7 : explain SELECT id FROM sbtest7 WHERE id BETWEEN 4944495 AND 4944595
	Index Only Scan using sbtest7_pkey on sbtest7  (cost=0.43..10.54 rows=105 width=4)
	  Index Cond: ((id >= 4944495) AND (id <= 4944595))

table 8 : explain SELECT id FROM sbtest8 WHERE id BETWEEN 4944495 AND 4944595
	Index Only Scan using sbtest8_pkey on sbtest8  (cost=0.43..10.63 rows=110 width=4)
	  Index Cond: ((id >= 4944495) AND (id <= 4944595))

explain: for range-covered :: explain SELECT id FROM sbtest%d WHERE id BETWEEN 5928775 AND 5928875
for range-covered
table 1 : explain SELECT id FROM sbtest1 WHERE id BETWEEN 3499249 AND 3499349
	Index Only Scan using sbtest1_pkey on sbtest1  (cost=0.43..10.42 rows=99 width=4)
	  Index Cond: ((id >= 3499249) AND (id <= 3499349))

table 2 : explain SELECT id FROM sbtest2 WHERE id BETWEEN 3499249 AND 3499349
	Index Only Scan using sbtest2_pkey on sbtest2  (cost=0.43..6.45 rows=101 width=4)
	  Index Cond: ((id >= 3499249) AND (id <= 3499349))

table 3 : explain SELECT id FROM sbtest3 WHERE id BETWEEN 3499249 AND 3499349
	Index Only Scan using sbtest3_pkey on sbtest3  (cost=0.43..6.47 rows=102 width=4)
	  Index Cond: ((id >= 3499249) AND (id <= 3499349))

table 4 : explain SELECT id FROM sbtest4 WHERE id BETWEEN 3499249 AND 3499349
	Index Only Scan using sbtest4_pkey on sbtest4  (cost=0.43..6.35 rows=96 width=4)
	  Index Cond: ((id >= 3499249) AND (id <= 3499349))

table 5 : explain SELECT id FROM sbtest5 WHERE id BETWEEN 3499249 AND 3499349
	Index Only Scan using sbtest5_pkey on sbtest5  (cost=0.43..10.24 rows=90 width=4)
	  Index Cond: ((id >= 3499249) AND (id <= 3499349))

table 6 : explain SELECT id FROM sbtest6 WHERE id BETWEEN 3499249 AND 3499349
	Index Only Scan using sbtest6_pkey on sbtest6  (cost=0.43..6.25 rows=91 width=4)
	  Index Cond: ((id >= 3499249) AND (id <= 3499349))

table 7 : explain SELECT id FROM sbtest7 WHERE id BETWEEN 3499249 AND 3499349
	Index Only Scan using sbtest7_pkey on sbtest7  (cost=0.43..10.51 rows=104 width=4)
	  Index Cond: ((id >= 3499249) AND (id <= 3499349))

table 8 : explain SELECT id FROM sbtest8 WHERE id BETWEEN 3499249 AND 3499349
	Index Only Scan using sbtest8_pkey on sbtest8  (cost=0.43..10.72 rows=114 width=4)
	  Index Cond: ((id >= 3499249) AND (id <= 3499349))

for range-covered
table 1 : explain SELECT id FROM sbtest1 WHERE id BETWEEN 1702348 AND 1702448
	Index Only Scan using sbtest1_pkey on sbtest1  (cost=0.43..10.58 rows=107 width=4)
	  Index Cond: ((id >= 1702348) AND (id <= 1702448))

table 2 : explain SELECT id FROM sbtest2 WHERE id BETWEEN 1702348 AND 1702448
	Index Only Scan using sbtest2_pkey on sbtest2  (cost=0.43..6.33 rows=95 width=4)
	  Index Cond: ((id >= 1702348) AND (id <= 1702448))

table 3 : explain SELECT id FROM sbtest3 WHERE id BETWEEN 1702348 AND 1702448
	Index Only Scan using sbtest3_pkey on sbtest3  (cost=0.43..6.42 rows=99 width=4)
	  Index Cond: ((id >= 1702348) AND (id <= 1702448))

table 4 : explain SELECT id FROM sbtest4 WHERE id BETWEEN 1702348 AND 1702448
	Index Only Scan using sbtest4_pkey on sbtest4  (cost=0.43..6.77 rows=117 width=4)
	  Index Cond: ((id >= 1702348) AND (id <= 1702448))

table 5 : explain SELECT id FROM sbtest5 WHERE id BETWEEN 1702348 AND 1702448
	Index Only Scan using sbtest5_pkey on sbtest5  (cost=0.43..10.46 rows=101 width=4)
	  Index Cond: ((id >= 1702348) AND (id <= 1702448))

table 6 : explain SELECT id FROM sbtest6 WHERE id BETWEEN 1702348 AND 1702448
	Index Only Scan using sbtest6_pkey on sbtest6  (cost=0.43..6.42 rows=99 width=4)
	  Index Cond: ((id >= 1702348) AND (id <= 1702448))

table 7 : explain SELECT id FROM sbtest7 WHERE id BETWEEN 1702348 AND 1702448
	Index Only Scan using sbtest7_pkey on sbtest7  (cost=0.43..10.26 rows=91 width=4)
	  Index Cond: ((id >= 1702348) AND (id <= 1702448))

table 8 : explain SELECT id FROM sbtest8 WHERE id BETWEEN 1702348 AND 1702448
	Index Only Scan using sbtest8_pkey on sbtest8  (cost=0.43..10.58 rows=107 width=4)
	  Index Cond: ((id >= 1702348) AND (id <= 1702448))

for range-covered
table 1 : explain SELECT id FROM sbtest1 WHERE id BETWEEN 2616837 AND 2616937
	Index Only Scan using sbtest1_pkey on sbtest1  (cost=0.43..10.60 rows=108 width=4)
	  Index Cond: ((id >= 2616837) AND (id <= 2616937))

table 2 : explain SELECT id FROM sbtest2 WHERE id BETWEEN 2616837 AND 2616937
	Index Only Scan using sbtest2_pkey on sbtest2  (cost=0.43..6.43 rows=100 width=4)
	  Index Cond: ((id >= 2616837) AND (id <= 2616937))

table 3 : explain SELECT id FROM sbtest3 WHERE id BETWEEN 2616837 AND 2616937
	Index Only Scan using sbtest3_pkey on sbtest3  (cost=0.43..6.35 rows=96 width=4)
	  Index Cond: ((id >= 2616837) AND (id <= 2616937))

table 4 : explain SELECT id FROM sbtest4 WHERE id BETWEEN 2616837 AND 2616937
	Index Only Scan using sbtest4_pkey on sbtest4  (cost=0.43..6.25 rows=91 width=4)
	  Index Cond: ((id >= 2616837) AND (id <= 2616937))

table 5 : explain SELECT id FROM sbtest5 WHERE id BETWEEN 2616837 AND 2616937
	Index Only Scan using sbtest5_pkey on sbtest5  (cost=0.43..10.44 rows=100 width=4)
	  Index Cond: ((id >= 2616837) AND (id <= 2616937))

table 6 : explain SELECT id FROM sbtest6 WHERE id BETWEEN 2616837 AND 2616937
	Index Only Scan using sbtest6_pkey on sbtest6  (cost=0.43..6.61 rows=109 width=4)
	  Index Cond: ((id >= 2616837) AND (id <= 2616937))

table 7 : explain SELECT id FROM sbtest7 WHERE id BETWEEN 2616837 AND 2616937
	Index Only Scan using sbtest7_pkey on sbtest7  (cost=0.43..10.47 rows=102 width=4)
	  Index Cond: ((id >= 2616837) AND (id <= 2616937))

table 8 : explain SELECT id FROM sbtest8 WHERE id BETWEEN 2616837 AND 2616937
	Index Only Scan using sbtest8_pkey on sbtest8  (cost=0.43..10.36 rows=96 width=4)
	  Index Cond: ((id >= 2616837) AND (id <= 2616937))

for range-covered
table 1 : explain SELECT id FROM sbtest1 WHERE id BETWEEN 5538663 AND 5538763
	Index Only Scan using sbtest1_pkey on sbtest1  (cost=0.43..10.38 rows=97 width=4)
	  Index Cond: ((id >= 5538663) AND (id <= 5538763))

table 2 : explain SELECT id FROM sbtest2 WHERE id BETWEEN 5538663 AND 5538763
	Index Only Scan using sbtest2_pkey on sbtest2  (cost=0.43..6.56 rows=106 width=4)
	  Index Cond: ((id >= 5538663) AND (id <= 5538763))

table 3 : explain SELECT id FROM sbtest3 WHERE id BETWEEN 5538663 AND 5538763
	Index Only Scan using sbtest3_pkey on sbtest3  (cost=0.43..6.40 rows=98 width=4)
	  Index Cond: ((id >= 5538663) AND (id <= 5538763))

table 4 : explain SELECT id FROM sbtest4 WHERE id BETWEEN 5538663 AND 5538763
	Index Only Scan using sbtest4_pkey on sbtest4  (cost=0.43..6.43 rows=100 width=4)
	  Index Cond: ((id >= 5538663) AND (id <= 5538763))

table 5 : explain SELECT id FROM sbtest5 WHERE id BETWEEN 5538663 AND 5538763
	Index Only Scan using sbtest5_pkey on sbtest5  (cost=0.43..10.33 rows=95 width=4)
	  Index Cond: ((id >= 5538663) AND (id <= 5538763))

table 6 : explain SELECT id FROM sbtest6 WHERE id BETWEEN 5538663 AND 5538763
	Index Only Scan using sbtest6_pkey on sbtest6  (cost=0.43..6.37 rows=97 width=4)
	  Index Cond: ((id >= 5538663) AND (id <= 5538763))

table 7 : explain SELECT id FROM sbtest7 WHERE id BETWEEN 5538663 AND 5538763
	Index Only Scan using sbtest7_pkey on sbtest7  (cost=0.43..10.38 rows=97 width=4)
	  Index Cond: ((id >= 5538663) AND (id <= 5538763))

table 8 : explain SELECT id FROM sbtest8 WHERE id BETWEEN 5538663 AND 5538763
	Index Only Scan using sbtest8_pkey on sbtest8  (cost=0.43..10.32 rows=94 width=4)
	  Index Cond: ((id >= 5538663) AND (id <= 5538763))

explain: for range-covered :: explain SELECT id FROM sbtest%d WHERE id BETWEEN 2616837 AND 2616937
for range-covered
table 1 : explain SELECT id FROM sbtest1 WHERE id BETWEEN 5326794 AND 5326894
	Index Only Scan using sbtest1_pkey on sbtest1  (cost=0.43..10.47 rows=102 width=4)
	  Index Cond: ((id >= 5326794) AND (id <= 5326894))

table 2 : explain SELECT id FROM sbtest2 WHERE id BETWEEN 5326794 AND 5326894
	Index Only Scan using sbtest2_pkey on sbtest2  (cost=0.43..6.61 rows=109 width=4)
	  Index Cond: ((id >= 5326794) AND (id <= 5326894))

table 3 : explain SELECT id FROM sbtest3 WHERE id BETWEEN 5326794 AND 5326894
	Index Only Scan using sbtest3_pkey on sbtest3  (cost=0.43..6.32 rows=94 width=4)
	  Index Cond: ((id >= 5326794) AND (id <= 5326894))

table 4 : explain SELECT id FROM sbtest4 WHERE id BETWEEN 5326794 AND 5326894
	Index Only Scan using sbtest4_pkey on sbtest4  (cost=0.43..6.53 rows=105 width=4)
	  Index Cond: ((id >= 5326794) AND (id <= 5326894))

table 5 : explain SELECT id FROM sbtest5 WHERE id BETWEEN 5326794 AND 5326894
	Index Only Scan using sbtest5_pkey on sbtest5  (cost=0.43..10.46 rows=101 width=4)
	  Index Cond: ((id >= 5326794) AND (id <= 5326894))

table 6 : explain SELECT id FROM sbtest6 WHERE id BETWEEN 5326794 AND 5326894
	Index Only Scan using sbtest6_pkey on sbtest6  (cost=0.43..6.42 rows=99 width=4)
	  Index Cond: ((id >= 5326794) AND (id <= 5326894))

table 7 : explain SELECT id FROM sbtest7 WHERE id BETWEEN 5326794 AND 5326894
	Index Only Scan using sbtest7_pkey on sbtest7  (cost=0.43..10.42 rows=99 width=4)
	  Index Cond: ((id >= 5326794) AND (id <= 5326894))

table 8 : explain SELECT id FROM sbtest8 WHERE id BETWEEN 5326794 AND 5326894
	Index Only Scan using sbtest8_pkey on sbtest8  (cost=0.43..10.47 rows=102 width=4)
	  Index Cond: ((id >= 5326794) AND (id <= 5326894))

explain: for range-covered :: explain SELECT id FROM sbtest%d WHERE id BETWEEN 3499249 AND 3499349
explain: for range-covered :: explain SELECT id FROM sbtest%d WHERE id BETWEEN 5538663 AND 5538763
for range-covered
table 1 : explain SELECT id FROM sbtest1 WHERE id BETWEEN 5928775 AND 5928875
	Index Only Scan using sbtest1_pkey on sbtest1  (cost=0.43..10.36 rows=96 width=4)
	  Index Cond: ((id >= 5928775) AND (id <= 5928875))

table 2 : explain SELECT id FROM sbtest2 WHERE id BETWEEN 5928775 AND 5928875
	Index Only Scan using sbtest2_pkey on sbtest2  (cost=0.43..6.50 rows=103 width=4)
	  Index Cond: ((id >= 5928775) AND (id <= 5928875))

table 3 : explain SELECT id FROM sbtest3 WHERE id BETWEEN 5928775 AND 5928875
	Index Only Scan using sbtest3_pkey on sbtest3  (cost=0.43..6.50 rows=103 width=4)
	  Index Cond: ((id >= 5928775) AND (id <= 5928875))

table 4 : explain SELECT id FROM sbtest4 WHERE id BETWEEN 5928775 AND 5928875
	Index Only Scan using sbtest4_pkey on sbtest4  (cost=0.43..6.53 rows=105 width=4)
	  Index Cond: ((id >= 5928775) AND (id <= 5928875))

table 5 : explain SELECT id FROM sbtest5 WHERE id BETWEEN 5928775 AND 5928875
	Index Only Scan using sbtest5_pkey on sbtest5  (cost=0.43..10.40 rows=98 width=4)
	  Index Cond: ((id >= 5928775) AND (id <= 5928875))

table 6 : explain SELECT id FROM sbtest6 WHERE id BETWEEN 5928775 AND 5928875
	Index Only Scan using sbtest6_pkey on sbtest6  (cost=0.43..6.19 rows=88 width=4)
	  Index Cond: ((id >= 5928775) AND (id <= 5928875))

table 7 : explain SELECT id FROM sbtest7 WHERE id BETWEEN 5928775 AND 5928875
	Index Only Scan using sbtest7_pkey on sbtest7  (cost=0.43..10.36 rows=96 width=4)
	  Index Cond: ((id >= 5928775) AND (id <= 5928875))

table 8 : explain SELECT id FROM sbtest8 WHERE id BETWEEN 5928775 AND 5928875
	Index Only Scan using sbtest8_pkey on sbtest8  (cost=0.43..10.44 rows=100 width=4)
	  Index Cond: ((id >= 5928775) AND (id <= 5928875))

explain: for range-covered :: explain SELECT id FROM sbtest%d WHERE id BETWEEN 5928775 AND 5928875
for range-covered
table 1 : explain SELECT id FROM sbtest1 WHERE id BETWEEN 5184076 AND 5184176
	Index Only Scan using sbtest1_pkey on sbtest1  (cost=0.43..10.33 rows=95 width=4)
	  Index Cond: ((id >= 5184076) AND (id <= 5184176))

table 2 : explain SELECT id FROM sbtest2 WHERE id BETWEEN 5184076 AND 5184176
	Index Only Scan using sbtest2_pkey on sbtest2  (cost=0.43..6.53 rows=105 width=4)
	  Index Cond: ((id >= 5184076) AND (id <= 5184176))

table 3 : explain SELECT id FROM sbtest3 WHERE id BETWEEN 5184076 AND 5184176
	Index Only Scan using sbtest3_pkey on sbtest3  (cost=0.43..6.51 rows=104 width=4)
	  Index Cond: ((id >= 5184076) AND (id <= 5184176))

table 4 : explain SELECT id FROM sbtest4 WHERE id BETWEEN 5184076 AND 5184176
	Index Only Scan using sbtest4_pkey on sbtest4  (cost=0.43..6.43 rows=100 width=4)
	  Index Cond: ((id >= 5184076) AND (id <= 5184176))

table 5 : explain SELECT id FROM sbtest5 WHERE id BETWEEN 5184076 AND 5184176
	Index Only Scan using sbtest5_pkey on sbtest5  (cost=0.43..10.36 rows=96 width=4)
	  Index Cond: ((id >= 5184076) AND (id <= 5184176))

table 6 : explain SELECT id FROM sbtest6 WHERE id BETWEEN 5184076 AND 5184176
	Index Only Scan using sbtest6_pkey on sbtest6  (cost=0.43..6.27 rows=92 width=4)
	  Index Cond: ((id >= 5184076) AND (id <= 5184176))

table 7 : explain SELECT id FROM sbtest7 WHERE id BETWEEN 5184076 AND 5184176
	Index Only Scan using sbtest7_pkey on sbtest7  (cost=0.43..10.50 rows=103 width=4)
	  Index Cond: ((id >= 5184076) AND (id <= 5184176))

table 8 : explain SELECT id FROM sbtest8 WHERE id BETWEEN 5184076 AND 5184176
	Index Only Scan using sbtest8_pkey on sbtest8  (cost=0.43..10.38 rows=97 width=4)
	  Index Cond: ((id >= 5184076) AND (id <= 5184176))

for range-covered
table 1 : explain SELECT id FROM sbtest1 WHERE id BETWEEN 5928775 AND 5928875
	Index Only Scan using sbtest1_pkey on sbtest1  (cost=0.43..10.36 rows=96 width=4)
	  Index Cond: ((id >= 5928775) AND (id <= 5928875))

table 2 : explain SELECT id FROM sbtest2 WHERE id BETWEEN 5928775 AND 5928875
	Index Only Scan using sbtest2_pkey on sbtest2  (cost=0.43..6.50 rows=103 width=4)
	  Index Cond: ((id >= 5928775) AND (id <= 5928875))

table 3 : explain SELECT id FROM sbtest3 WHERE id BETWEEN 5928775 AND 5928875
	Index Only Scan using sbtest3_pkey on sbtest3  (cost=0.43..6.50 rows=103 width=4)
	  Index Cond: ((id >= 5928775) AND (id <= 5928875))

table 4 : explain SELECT id FROM sbtest4 WHERE id BETWEEN 5928775 AND 5928875
	Index Only Scan using sbtest4_pkey on sbtest4  (cost=0.43..6.53 rows=105 width=4)
	  Index Cond: ((id >= 5928775) AND (id <= 5928875))

table 5 : explain SELECT id FROM sbtest5 WHERE id BETWEEN 5928775 AND 5928875
	Index Only Scan using sbtest5_pkey on sbtest5  (cost=0.43..10.40 rows=98 width=4)
	  Index Cond: ((id >= 5928775) AND (id <= 5928875))

table 6 : explain SELECT id FROM sbtest6 WHERE id BETWEEN 5928775 AND 5928875
	Index Only Scan using sbtest6_pkey on sbtest6  (cost=0.43..6.19 rows=88 width=4)
	  Index Cond: ((id >= 5928775) AND (id <= 5928875))

table 7 : explain SELECT id FROM sbtest7 WHERE id BETWEEN 5928775 AND 5928875
	Index Only Scan using sbtest7_pkey on sbtest7  (cost=0.43..10.36 rows=96 width=4)
	  Index Cond: ((id >= 5928775) AND (id <= 5928875))

table 8 : explain SELECT id FROM sbtest8 WHERE id BETWEEN 5928775 AND 5928875
	Index Only Scan using sbtest8_pkey on sbtest8  (cost=0.43..10.44 rows=100 width=4)
	  Index Cond: ((id >= 5928775) AND (id <= 5928875))

for range-covered
table 1 : explain SELECT id FROM sbtest1 WHERE id BETWEEN 2616837 AND 2616937
	Index Only Scan using sbtest1_pkey on sbtest1  (cost=0.43..10.60 rows=108 width=4)
	  Index Cond: ((id >= 2616837) AND (id <= 2616937))

table 2 : explain SELECT id FROM sbtest2 WHERE id BETWEEN 2616837 AND 2616937
	Index Only Scan using sbtest2_pkey on sbtest2  (cost=0.43..6.43 rows=100 width=4)
	  Index Cond: ((id >= 2616837) AND (id <= 2616937))

table 3 : explain SELECT id FROM sbtest3 WHERE id BETWEEN 2616837 AND 2616937
	Index Only Scan using sbtest3_pkey on sbtest3  (cost=0.43..6.35 rows=96 width=4)
	  Index Cond: ((id >= 2616837) AND (id <= 2616937))

table 4 : explain SELECT id FROM sbtest4 WHERE id BETWEEN 2616837 AND 2616937
	Index Only Scan using sbtest4_pkey on sbtest4  (cost=0.43..6.25 rows=91 width=4)
	  Index Cond: ((id >= 2616837) AND (id <= 2616937))

table 5 : explain SELECT id FROM sbtest5 WHERE id BETWEEN 2616837 AND 2616937
	Index Only Scan using sbtest5_pkey on sbtest5  (cost=0.43..10.44 rows=100 width=4)
	  Index Cond: ((id >= 2616837) AND (id <= 2616937))

table 6 : explain SELECT id FROM sbtest6 WHERE id BETWEEN 2616837 AND 2616937
	Index Only Scan using sbtest6_pkey on sbtest6  (cost=0.43..6.61 rows=109 width=4)
	  Index Cond: ((id >= 2616837) AND (id <= 2616937))

table 7 : explain SELECT id FROM sbtest7 WHERE id BETWEEN 2616837 AND 2616937
	Index Only Scan using sbtest7_pkey on sbtest7  (cost=0.43..10.47 rows=102 width=4)
	  Index Cond: ((id >= 2616837) AND (id <= 2616937))

table 8 : explain SELECT id FROM sbtest8 WHERE id BETWEEN 2616837 AND 2616937
	Index Only Scan using sbtest8_pkey on sbtest8  (cost=0.43..10.36 rows=96 width=4)
	  Index Cond: ((id >= 2616837) AND (id <= 2616937))

explain: for range-covered :: explain SELECT id FROM sbtest%d WHERE id BETWEEN 2616837 AND 2616937
for range-covered
table 1 : explain SELECT id FROM sbtest1 WHERE id BETWEEN 3499249 AND 3499349
	Index Only Scan using sbtest1_pkey on sbtest1  (cost=0.43..10.42 rows=99 width=4)
	  Index Cond: ((id >= 3499249) AND (id <= 3499349))

table 2 : explain SELECT id FROM sbtest2 WHERE id BETWEEN 3499249 AND 3499349
	Index Only Scan using sbtest2_pkey on sbtest2  (cost=0.43..6.45 rows=101 width=4)
	  Index Cond: ((id >= 3499249) AND (id <= 3499349))

table 3 : explain SELECT id FROM sbtest3 WHERE id BETWEEN 3499249 AND 3499349
	Index Only Scan using sbtest3_pkey on sbtest3  (cost=0.43..6.47 rows=102 width=4)
	  Index Cond: ((id >= 3499249) AND (id <= 3499349))

table 4 : explain SELECT id FROM sbtest4 WHERE id BETWEEN 3499249 AND 3499349
	Index Only Scan using sbtest4_pkey on sbtest4  (cost=0.43..6.35 rows=96 width=4)
	  Index Cond: ((id >= 3499249) AND (id <= 3499349))

table 5 : explain SELECT id FROM sbtest5 WHERE id BETWEEN 3499249 AND 3499349
	Index Only Scan using sbtest5_pkey on sbtest5  (cost=0.43..10.24 rows=90 width=4)
	  Index Cond: ((id >= 3499249) AND (id <= 3499349))

table 6 : explain SELECT id FROM sbtest6 WHERE id BETWEEN 3499249 AND 3499349
	Index Only Scan using sbtest6_pkey on sbtest6  (cost=0.43..6.25 rows=91 width=4)
	  Index Cond: ((id >= 3499249) AND (id <= 3499349))

table 7 : explain SELECT id FROM sbtest7 WHERE id BETWEEN 3499249 AND 3499349
	Index Only Scan using sbtest7_pkey on sbtest7  (cost=0.43..10.51 rows=104 width=4)
	  Index Cond: ((id >= 3499249) AND (id <= 3499349))

table 8 : explain SELECT id FROM sbtest8 WHERE id BETWEEN 3499249 AND 3499349
	Index Only Scan using sbtest8_pkey on sbtest8  (cost=0.43..10.72 rows=114 width=4)
	  Index Cond: ((id >= 3499249) AND (id <= 3499349))

explain: for range-covered :: explain SELECT id FROM sbtest%d WHERE id BETWEEN 3499249 AND 3499349
for range-covered
table 1 : explain SELECT id FROM sbtest1 WHERE id BETWEEN 5538663 AND 5538763
	Index Only Scan using sbtest1_pkey on sbtest1  (cost=0.43..10.38 rows=97 width=4)
	  Index Cond: ((id >= 5538663) AND (id <= 5538763))

table 2 : explain SELECT id FROM sbtest2 WHERE id BETWEEN 5538663 AND 5538763
	Index Only Scan using sbtest2_pkey on sbtest2  (cost=0.43..6.56 rows=106 width=4)
	  Index Cond: ((id >= 5538663) AND (id <= 5538763))

table 3 : explain SELECT id FROM sbtest3 WHERE id BETWEEN 5538663 AND 5538763
	Index Only Scan using sbtest3_pkey on sbtest3  (cost=0.43..6.40 rows=98 width=4)
	  Index Cond: ((id >= 5538663) AND (id <= 5538763))

table 4 : explain SELECT id FROM sbtest4 WHERE id BETWEEN 5538663 AND 5538763
	Index Only Scan using sbtest4_pkey on sbtest4  (cost=0.43..6.43 rows=100 width=4)
	  Index Cond: ((id >= 5538663) AND (id <= 5538763))

table 5 : explain SELECT id FROM sbtest5 WHERE id BETWEEN 5538663 AND 5538763
	Index Only Scan using sbtest5_pkey on sbtest5  (cost=0.43..10.33 rows=95 width=4)
	  Index Cond: ((id >= 5538663) AND (id <= 5538763))

table 6 : explain SELECT id FROM sbtest6 WHERE id BETWEEN 5538663 AND 5538763
	Index Only Scan using sbtest6_pkey on sbtest6  (cost=0.43..6.37 rows=97 width=4)
	  Index Cond: ((id >= 5538663) AND (id <= 5538763))

table 7 : explain SELECT id FROM sbtest7 WHERE id BETWEEN 5538663 AND 5538763
	Index Only Scan using sbtest7_pkey on sbtest7  (cost=0.43..10.38 rows=97 width=4)
	  Index Cond: ((id >= 5538663) AND (id <= 5538763))

table 8 : explain SELECT id FROM sbtest8 WHERE id BETWEEN 5538663 AND 5538763
	Index Only Scan using sbtest8_pkey on sbtest8  (cost=0.43..10.32 rows=94 width=4)
	  Index Cond: ((id >= 5538663) AND (id <= 5538763))

explain: for range-covered :: explain SELECT id FROM sbtest%d WHERE id BETWEEN 5538663 AND 5538763
explain: for range-covered :: explain SELECT id FROM sbtest%d WHERE id BETWEEN 2670047 AND 2670147
explain: for range-covered :: explain SELECT id FROM sbtest%d WHERE id BETWEEN 2180033 AND 2180133
explain: for range-covered :: explain SELECT id FROM sbtest%d WHERE id BETWEEN 4301818 AND 4301918
for range-covered
table 1 : explain SELECT id FROM sbtest1 WHERE id BETWEEN 3499249 AND 3499349
	Index Only Scan using sbtest1_pkey on sbtest1  (cost=0.43..10.42 rows=99 width=4)
	  Index Cond: ((id >= 3499249) AND (id <= 3499349))

table 2 : explain SELECT id FROM sbtest2 WHERE id BETWEEN 3499249 AND 3499349
	Index Only Scan using sbtest2_pkey on sbtest2  (cost=0.43..6.45 rows=101 width=4)
	  Index Cond: ((id >= 3499249) AND (id <= 3499349))

table 3 : explain SELECT id FROM sbtest3 WHERE id BETWEEN 3499249 AND 3499349
	Index Only Scan using sbtest3_pkey on sbtest3  (cost=0.43..6.47 rows=102 width=4)
	  Index Cond: ((id >= 3499249) AND (id <= 3499349))

table 4 : explain SELECT id FROM sbtest4 WHERE id BETWEEN 3499249 AND 3499349
	Index Only Scan using sbtest4_pkey on sbtest4  (cost=0.43..6.35 rows=96 width=4)
	  Index Cond: ((id >= 3499249) AND (id <= 3499349))

table 5 : explain SELECT id FROM sbtest5 WHERE id BETWEEN 3499249 AND 3499349
	Index Only Scan using sbtest5_pkey on sbtest5  (cost=0.43..10.24 rows=90 width=4)
	  Index Cond: ((id >= 3499249) AND (id <= 3499349))

table 6 : explain SELECT id FROM sbtest6 WHERE id BETWEEN 3499249 AND 3499349
	Index Only Scan using sbtest6_pkey on sbtest6  (cost=0.43..6.25 rows=91 width=4)
	  Index Cond: ((id >= 3499249) AND (id <= 3499349))

table 7 : explain SELECT id FROM sbtest7 WHERE id BETWEEN 3499249 AND 3499349
	Index Only Scan using sbtest7_pkey on sbtest7  (cost=0.43..10.51 rows=104 width=4)
	  Index Cond: ((id >= 3499249) AND (id <= 3499349))

table 8 : explain SELECT id FROM sbtest8 WHERE id BETWEEN 3499249 AND 3499349
	Index Only Scan using sbtest8_pkey on sbtest8  (cost=0.43..10.72 rows=114 width=4)
	  Index Cond: ((id >= 3499249) AND (id <= 3499349))

explain: for range-covered :: explain SELECT id FROM sbtest%d WHERE id BETWEEN 3499249 AND 3499349
explain: for range-covered :: explain SELECT id FROM sbtest%d WHERE id BETWEEN 8080096 AND 8080196
for range-covered
table 1 : explain SELECT id FROM sbtest1 WHERE id BETWEEN 2616837 AND 2616937
	Index Only Scan using sbtest1_pkey on sbtest1  (cost=0.43..10.60 rows=108 width=4)
	  Index Cond: ((id >= 2616837) AND (id <= 2616937))

table 2 : explain SELECT id FROM sbtest2 WHERE id BETWEEN 2616837 AND 2616937
	Index Only Scan using sbtest2_pkey on sbtest2  (cost=0.43..6.43 rows=100 width=4)
	  Index Cond: ((id >= 2616837) AND (id <= 2616937))

table 3 : explain SELECT id FROM sbtest3 WHERE id BETWEEN 2616837 AND 2616937
	Index Only Scan using sbtest3_pkey on sbtest3  (cost=0.43..6.35 rows=96 width=4)
	  Index Cond: ((id >= 2616837) AND (id <= 2616937))

table 4 : explain SELECT id FROM sbtest4 WHERE id BETWEEN 2616837 AND 2616937
	Index Only Scan using sbtest4_pkey on sbtest4  (cost=0.43..6.25 rows=91 width=4)
	  Index Cond: ((id >= 2616837) AND (id <= 2616937))

table 5 : explain SELECT id FROM sbtest5 WHERE id BETWEEN 2616837 AND 2616937
	Index Only Scan using sbtest5_pkey on sbtest5  (cost=0.43..10.44 rows=100 width=4)
	  Index Cond: ((id >= 2616837) AND (id <= 2616937))

table 6 : explain SELECT id FROM sbtest6 WHERE id BETWEEN 2616837 AND 2616937
	Index Only Scan using sbtest6_pkey on sbtest6  (cost=0.43..6.61 rows=109 width=4)
	  Index Cond: ((id >= 2616837) AND (id <= 2616937))

table 7 : explain SELECT id FROM sbtest7 WHERE id BETWEEN 2616837 AND 2616937
	Index Only Scan using sbtest7_pkey on sbtest7  (cost=0.43..10.47 rows=102 width=4)
	  Index Cond: ((id >= 2616837) AND (id <= 2616937))

table 8 : explain SELECT id FROM sbtest8 WHERE id BETWEEN 2616837 AND 2616937
	Index Only Scan using sbtest8_pkey on sbtest8  (cost=0.43..10.36 rows=96 width=4)
	  Index Cond: ((id >= 2616837) AND (id <= 2616937))

for range-covered
table 1 : explain SELECT id FROM sbtest1 WHERE id BETWEEN 3499249 AND 3499349
	Index Only Scan using sbtest1_pkey on sbtest1  (cost=0.43..10.42 rows=99 width=4)
	  Index Cond: ((id >= 3499249) AND (id <= 3499349))

table 2 : explain SELECT id FROM sbtest2 WHERE id BETWEEN 3499249 AND 3499349
	Index Only Scan using sbtest2_pkey on sbtest2  (cost=0.43..6.45 rows=101 width=4)
	  Index Cond: ((id >= 3499249) AND (id <= 3499349))

table 3 : explain SELECT id FROM sbtest3 WHERE id BETWEEN 3499249 AND 3499349
	Index Only Scan using sbtest3_pkey on sbtest3  (cost=0.43..6.47 rows=102 width=4)
	  Index Cond: ((id >= 3499249) AND (id <= 3499349))

table 4 : explain SELECT id FROM sbtest4 WHERE id BETWEEN 3499249 AND 3499349
	Index Only Scan using sbtest4_pkey on sbtest4  (cost=0.43..6.35 rows=96 width=4)
	  Index Cond: ((id >= 3499249) AND (id <= 3499349))

table 5 : explain SELECT id FROM sbtest5 WHERE id BETWEEN 3499249 AND 3499349
	Index Only Scan using sbtest5_pkey on sbtest5  (cost=0.43..10.24 rows=90 width=4)
	  Index Cond: ((id >= 3499249) AND (id <= 3499349))

table 6 : explain SELECT id FROM sbtest6 WHERE id BETWEEN 3499249 AND 3499349
	Index Only Scan using sbtest6_pkey on sbtest6  (cost=0.43..6.25 rows=91 width=4)
	  Index Cond: ((id >= 3499249) AND (id <= 3499349))

table 7 : explain SELECT id FROM sbtest7 WHERE id BETWEEN 3499249 AND 3499349
	Index Only Scan using sbtest7_pkey on sbtest7  (cost=0.43..10.51 rows=104 width=4)
	  Index Cond: ((id >= 3499249) AND (id <= 3499349))

table 8 : explain SELECT id FROM sbtest8 WHERE id BETWEEN 3499249 AND 3499349
	Index Only Scan using sbtest8_pkey on sbtest8  (cost=0.43..10.72 rows=114 width=4)
	  Index Cond: ((id >= 3499249) AND (id <= 3499349))

explain: for range-covered :: explain SELECT id FROM sbtest%d WHERE id BETWEEN 2616837 AND 2616937
explain: for range-covered :: explain SELECT id FROM sbtest%d WHERE id BETWEEN 3499249 AND 3499349
for range-covered
table 1 : explain SELECT id FROM sbtest1 WHERE id BETWEEN 5538663 AND 5538763
	Index Only Scan using sbtest1_pkey on sbtest1  (cost=0.43..10.38 rows=97 width=4)
	  Index Cond: ((id >= 5538663) AND (id <= 5538763))

table 2 : explain SELECT id FROM sbtest2 WHERE id BETWEEN 5538663 AND 5538763
	Index Only Scan using sbtest2_pkey on sbtest2  (cost=0.43..6.56 rows=106 width=4)
	  Index Cond: ((id >= 5538663) AND (id <= 5538763))

table 3 : explain SELECT id FROM sbtest3 WHERE id BETWEEN 5538663 AND 5538763
	Index Only Scan using sbtest3_pkey on sbtest3  (cost=0.43..6.40 rows=98 width=4)
	  Index Cond: ((id >= 5538663) AND (id <= 5538763))

table 4 : explain SELECT id FROM sbtest4 WHERE id BETWEEN 5538663 AND 5538763
	Index Only Scan using sbtest4_pkey on sbtest4  (cost=0.43..6.43 rows=100 width=4)
	  Index Cond: ((id >= 5538663) AND (id <= 5538763))

table 5 : explain SELECT id FROM sbtest5 WHERE id BETWEEN 5538663 AND 5538763
	Index Only Scan using sbtest5_pkey on sbtest5  (cost=0.43..10.33 rows=95 width=4)
	  Index Cond: ((id >= 5538663) AND (id <= 5538763))

table 6 : explain SELECT id FROM sbtest6 WHERE id BETWEEN 5538663 AND 5538763
	Index Only Scan using sbtest6_pkey on sbtest6  (cost=0.43..6.37 rows=97 width=4)
	  Index Cond: ((id >= 5538663) AND (id <= 5538763))

table 7 : explain SELECT id FROM sbtest7 WHERE id BETWEEN 5538663 AND 5538763
	Index Only Scan using sbtest7_pkey on sbtest7  (cost=0.43..10.38 rows=97 width=4)
	  Index Cond: ((id >= 5538663) AND (id <= 5538763))

table 8 : explain SELECT id FROM sbtest8 WHERE id BETWEEN 5538663 AND 5538763
	Index Only Scan using sbtest8_pkey on sbtest8  (cost=0.43..10.32 rows=94 width=4)
	  Index Cond: ((id >= 5538663) AND (id <= 5538763))

for range-covered
table 1 : explain SELECT id FROM sbtest1 WHERE id BETWEEN 3499249 AND 3499349
	Index Only Scan using sbtest1_pkey on sbtest1  (cost=0.43..10.42 rows=99 width=4)
	  Index Cond: ((id >= 3499249) AND (id <= 3499349))

table 2 : explain SELECT id FROM sbtest2 WHERE id BETWEEN 3499249 AND 3499349
	Index Only Scan using sbtest2_pkey on sbtest2  (cost=0.43..6.45 rows=101 width=4)
	  Index Cond: ((id >= 3499249) AND (id <= 3499349))

table 3 : explain SELECT id FROM sbtest3 WHERE id BETWEEN 3499249 AND 3499349
	Index Only Scan using sbtest3_pkey on sbtest3  (cost=0.43..6.47 rows=102 width=4)
	  Index Cond: ((id >= 3499249) AND (id <= 3499349))

table 4 : explain SELECT id FROM sbtest4 WHERE id BETWEEN 3499249 AND 3499349
	Index Only Scan using sbtest4_pkey on sbtest4  (cost=0.43..6.35 rows=96 width=4)
	  Index Cond: ((id >= 3499249) AND (id <= 3499349))

table 5 : explain SELECT id FROM sbtest5 WHERE id BETWEEN 3499249 AND 3499349
	Index Only Scan using sbtest5_pkey on sbtest5  (cost=0.43..10.24 rows=90 width=4)
	  Index Cond: ((id >= 3499249) AND (id <= 3499349))

table 6 : explain SELECT id FROM sbtest6 WHERE id BETWEEN 3499249 AND 3499349
	Index Only Scan using sbtest6_pkey on sbtest6  (cost=0.43..6.25 rows=91 width=4)
	  Index Cond: ((id >= 3499249) AND (id <= 3499349))

table 7 : explain SELECT id FROM sbtest7 WHERE id BETWEEN 3499249 AND 3499349
	Index Only Scan using sbtest7_pkey on sbtest7  (cost=0.43..10.51 rows=104 width=4)
	  Index Cond: ((id >= 3499249) AND (id <= 3499349))

table 8 : explain SELECT id FROM sbtest8 WHERE id BETWEEN 3499249 AND 3499349
	Index Only Scan using sbtest8_pkey on sbtest8  (cost=0.43..10.72 rows=114 width=4)
	  Index Cond: ((id >= 3499249) AND (id <= 3499349))

explain: for range-covered :: explain SELECT id FROM sbtest%d WHERE id BETWEEN 3499249 AND 3499349
for range-covered
table 1 : explain SELECT id FROM sbtest1 WHERE id BETWEEN 2616837 AND 2616937
	Index Only Scan using sbtest1_pkey on sbtest1  (cost=0.43..10.60 rows=108 width=4)
	  Index Cond: ((id >= 2616837) AND (id <= 2616937))

table 2 : explain SELECT id FROM sbtest2 WHERE id BETWEEN 2616837 AND 2616937
	Index Only Scan using sbtest2_pkey on sbtest2  (cost=0.43..6.43 rows=100 width=4)
	  Index Cond: ((id >= 2616837) AND (id <= 2616937))

table 3 : explain SELECT id FROM sbtest3 WHERE id BETWEEN 2616837 AND 2616937
	Index Only Scan using sbtest3_pkey on sbtest3  (cost=0.43..6.35 rows=96 width=4)
	  Index Cond: ((id >= 2616837) AND (id <= 2616937))

table 4 : explain SELECT id FROM sbtest4 WHERE id BETWEEN 2616837 AND 2616937
	Index Only Scan using sbtest4_pkey on sbtest4  (cost=0.43..6.25 rows=91 width=4)
	  Index Cond: ((id >= 2616837) AND (id <= 2616937))

table 5 : explain SELECT id FROM sbtest5 WHERE id BETWEEN 2616837 AND 2616937
	Index Only Scan using sbtest5_pkey on sbtest5  (cost=0.43..10.44 rows=100 width=4)
	  Index Cond: ((id >= 2616837) AND (id <= 2616937))

table 6 : explain SELECT id FROM sbtest6 WHERE id BETWEEN 2616837 AND 2616937
	Index Only Scan using sbtest6_pkey on sbtest6  (cost=0.43..6.61 rows=109 width=4)
	  Index Cond: ((id >= 2616837) AND (id <= 2616937))

table 7 : explain SELECT id FROM sbtest7 WHERE id BETWEEN 2616837 AND 2616937
	Index Only Scan using sbtest7_pkey on sbtest7  (cost=0.43..10.47 rows=102 width=4)
	  Index Cond: ((id >= 2616837) AND (id <= 2616937))

table 8 : explain SELECT id FROM sbtest8 WHERE id BETWEEN 2616837 AND 2616937
	Index Only Scan using sbtest8_pkey on sbtest8  (cost=0.43..10.36 rows=96 width=4)
	  Index Cond: ((id >= 2616837) AND (id <= 2616937))

explain: for range-covered :: explain SELECT id FROM sbtest%d WHERE id BETWEEN 2616837 AND 2616937
for range-covered
table 1 : explain SELECT id FROM sbtest1 WHERE id BETWEEN 2670047 AND 2670147
	Index Only Scan using sbtest1_pkey on sbtest1  (cost=0.43..10.60 rows=108 width=4)
	  Index Cond: ((id >= 2670047) AND (id <= 2670147))

table 2 : explain SELECT id FROM sbtest2 WHERE id BETWEEN 2670047 AND 2670147
	Index Only Scan using sbtest2_pkey on sbtest2  (cost=0.43..6.43 rows=100 width=4)
	  Index Cond: ((id >= 2670047) AND (id <= 2670147))

table 3 : explain SELECT id FROM sbtest3 WHERE id BETWEEN 2670047 AND 2670147
	Index Only Scan using sbtest3_pkey on sbtest3  (cost=0.43..6.35 rows=96 width=4)
	  Index Cond: ((id >= 2670047) AND (id <= 2670147))

table 4 : explain SELECT id FROM sbtest4 WHERE id BETWEEN 2670047 AND 2670147
	Index Only Scan using sbtest4_pkey on sbtest4  (cost=0.43..6.25 rows=91 width=4)
	  Index Cond: ((id >= 2670047) AND (id <= 2670147))

table 5 : explain SELECT id FROM sbtest5 WHERE id BETWEEN 2670047 AND 2670147
	Index Only Scan using sbtest5_pkey on sbtest5  (cost=0.43..10.44 rows=100 width=4)
	  Index Cond: ((id >= 2670047) AND (id <= 2670147))

table 6 : explain SELECT id FROM sbtest6 WHERE id BETWEEN 2670047 AND 2670147
	Index Only Scan using sbtest6_pkey on sbtest6  (cost=0.43..6.61 rows=109 width=4)
	  Index Cond: ((id >= 2670047) AND (id <= 2670147))

table 7 : explain SELECT id FROM sbtest7 WHERE id BETWEEN 2670047 AND 2670147
	Index Only Scan using sbtest7_pkey on sbtest7  (cost=0.43..10.47 rows=102 width=4)
	  Index Cond: ((id >= 2670047) AND (id <= 2670147))

table 8 : explain SELECT id FROM sbtest8 WHERE id BETWEEN 2670047 AND 2670147
	Index Only Scan using sbtest8_pkey on sbtest8  (cost=0.43..10.36 rows=96 width=4)
	  Index Cond: ((id >= 2670047) AND (id <= 2670147))

explain: for range-covered :: explain SELECT id FROM sbtest%d WHERE id BETWEEN 2670047 AND 2670147
for range-covered
table 1 : explain SELECT id FROM sbtest1 WHERE id BETWEEN 3499249 AND 3499349
	Index Only Scan using sbtest1_pkey on sbtest1  (cost=0.43..10.42 rows=99 width=4)
	  Index Cond: ((id >= 3499249) AND (id <= 3499349))

table 2 : explain SELECT id FROM sbtest2 WHERE id BETWEEN 3499249 AND 3499349
	Index Only Scan using sbtest2_pkey on sbtest2  (cost=0.43..6.45 rows=101 width=4)
	  Index Cond: ((id >= 3499249) AND (id <= 3499349))

table 3 : explain SELECT id FROM sbtest3 WHERE id BETWEEN 3499249 AND 3499349
	Index Only Scan using sbtest3_pkey on sbtest3  (cost=0.43..6.47 rows=102 width=4)
	  Index Cond: ((id >= 3499249) AND (id <= 3499349))

table 4 : explain SELECT id FROM sbtest4 WHERE id BETWEEN 3499249 AND 3499349
	Index Only Scan using sbtest4_pkey on sbtest4  (cost=0.43..6.35 rows=96 width=4)
	  Index Cond: ((id >= 3499249) AND (id <= 3499349))

table 5 : explain SELECT id FROM sbtest5 WHERE id BETWEEN 3499249 AND 3499349
	Index Only Scan using sbtest5_pkey on sbtest5  (cost=0.43..10.24 rows=90 width=4)
	  Index Cond: ((id >= 3499249) AND (id <= 3499349))

table 6 : explain SELECT id FROM sbtest6 WHERE id BETWEEN 3499249 AND 3499349
	Index Only Scan using sbtest6_pkey on sbtest6  (cost=0.43..6.25 rows=91 width=4)
	  Index Cond: ((id >= 3499249) AND (id <= 3499349))

table 7 : explain SELECT id FROM sbtest7 WHERE id BETWEEN 3499249 AND 3499349
	Index Only Scan using sbtest7_pkey on sbtest7  (cost=0.43..10.51 rows=104 width=4)
	  Index Cond: ((id >= 3499249) AND (id <= 3499349))

table 8 : explain SELECT id FROM sbtest8 WHERE id BETWEEN 3499249 AND 3499349
	Index Only Scan using sbtest8_pkey on sbtest8  (cost=0.43..10.72 rows=114 width=4)
	  Index Cond: ((id >= 3499249) AND (id <= 3499349))

explain: for range-covered :: explain SELECT id FROM sbtest%d WHERE id BETWEEN 3499249 AND 3499349
for range-covered
table 1 : explain SELECT id FROM sbtest1 WHERE id BETWEEN 4301818 AND 4301918
	Index Only Scan using sbtest1_pkey on sbtest1  (cost=0.43..10.44 rows=100 width=4)
	  Index Cond: ((id >= 4301818) AND (id <= 4301918))

table 2 : explain SELECT id FROM sbtest2 WHERE id BETWEEN 4301818 AND 4301918
	Index Only Scan using sbtest2_pkey on sbtest2  (cost=0.43..6.45 rows=101 width=4)
	  Index Cond: ((id >= 4301818) AND (id <= 4301918))

table 3 : explain SELECT id FROM sbtest3 WHERE id BETWEEN 4301818 AND 4301918
	Index Only Scan using sbtest3_pkey on sbtest3  (cost=0.43..6.59 rows=108 width=4)
	  Index Cond: ((id >= 4301818) AND (id <= 4301918))

table 4 : explain SELECT id FROM sbtest4 WHERE id BETWEEN 4301818 AND 4301918
	Index Only Scan using sbtest4_pkey on sbtest4  (cost=0.43..6.51 rows=104 width=4)
	  Index Cond: ((id >= 4301818) AND (id <= 4301918))

table 5 : explain SELECT id FROM sbtest5 WHERE id BETWEEN 4301818 AND 4301918
	Index Only Scan using sbtest5_pkey on sbtest5  (cost=0.43..10.47 rows=102 width=4)
	  Index Cond: ((id >= 4301818) AND (id <= 4301918))

table 6 : explain SELECT id FROM sbtest6 WHERE id BETWEEN 4301818 AND 4301918
	Index Only Scan using sbtest6_pkey on sbtest6  (cost=0.43..6.37 rows=97 width=4)
	  Index Cond: ((id >= 4301818) AND (id <= 4301918))

table 7 : explain SELECT id FROM sbtest7 WHERE id BETWEEN 4301818 AND 4301918
	Index Only Scan using sbtest7_pkey on sbtest7  (cost=0.43..10.33 rows=95 width=4)
	  Index Cond: ((id >= 4301818) AND (id <= 4301918))

table 8 : explain SELECT id FROM sbtest8 WHERE id BETWEEN 4301818 AND 4301918
	Index Only Scan using sbtest8_pkey on sbtest8  (cost=0.43..10.29 rows=93 width=4)
	  Index Cond: ((id >= 4301818) AND (id <= 4301918))

explain: for range-covered :: explain SELECT id FROM sbtest%d WHERE id BETWEEN 4301818 AND 4301918
for range-covered
table 1 : explain SELECT id FROM sbtest1 WHERE id BETWEEN 2616837 AND 2616937
	Index Only Scan using sbtest1_pkey on sbtest1  (cost=0.43..10.60 rows=108 width=4)
	  Index Cond: ((id >= 2616837) AND (id <= 2616937))

table 2 : explain SELECT id FROM sbtest2 WHERE id BETWEEN 2616837 AND 2616937
	Index Only Scan using sbtest2_pkey on sbtest2  (cost=0.43..6.43 rows=100 width=4)
	  Index Cond: ((id >= 2616837) AND (id <= 2616937))

table 3 : explain SELECT id FROM sbtest3 WHERE id BETWEEN 2616837 AND 2616937
	Index Only Scan using sbtest3_pkey on sbtest3  (cost=0.43..6.35 rows=96 width=4)
	  Index Cond: ((id >= 2616837) AND (id <= 2616937))

table 4 : explain SELECT id FROM sbtest4 WHERE id BETWEEN 2616837 AND 2616937
	Index Only Scan using sbtest4_pkey on sbtest4  (cost=0.43..6.25 rows=91 width=4)
	  Index Cond: ((id >= 2616837) AND (id <= 2616937))

table 5 : explain SELECT id FROM sbtest5 WHERE id BETWEEN 2616837 AND 2616937
	Index Only Scan using sbtest5_pkey on sbtest5  (cost=0.43..10.44 rows=100 width=4)
	  Index Cond: ((id >= 2616837) AND (id <= 2616937))

table 6 : explain SELECT id FROM sbtest6 WHERE id BETWEEN 2616837 AND 2616937
	Index Only Scan using sbtest6_pkey on sbtest6  (cost=0.43..6.61 rows=109 width=4)
	  Index Cond: ((id >= 2616837) AND (id <= 2616937))

table 7 : explain SELECT id FROM sbtest7 WHERE id BETWEEN 2616837 AND 2616937
	Index Only Scan using sbtest7_pkey on sbtest7  (cost=0.43..10.47 rows=102 width=4)
	  Index Cond: ((id >= 2616837) AND (id <= 2616937))

table 8 : explain SELECT id FROM sbtest8 WHERE id BETWEEN 2616837 AND 2616937
	Index Only Scan using sbtest8_pkey on sbtest8  (cost=0.43..10.36 rows=96 width=4)
	  Index Cond: ((id >= 2616837) AND (id <= 2616937))

explain: for range-covered :: explain SELECT id FROM sbtest%d WHERE id BETWEEN 2616837 AND 2616937
for range-covered
table 1 : explain SELECT id FROM sbtest1 WHERE id BETWEEN 2670047 AND 2670147
	Index Only Scan using sbtest1_pkey on sbtest1  (cost=0.43..10.60 rows=108 width=4)
	  Index Cond: ((id >= 2670047) AND (id <= 2670147))

table 2 : explain SELECT id FROM sbtest2 WHERE id BETWEEN 2670047 AND 2670147
	Index Only Scan using sbtest2_pkey on sbtest2  (cost=0.43..6.43 rows=100 width=4)
	  Index Cond: ((id >= 2670047) AND (id <= 2670147))

table 3 : explain SELECT id FROM sbtest3 WHERE id BETWEEN 2670047 AND 2670147
	Index Only Scan using sbtest3_pkey on sbtest3  (cost=0.43..6.35 rows=96 width=4)
	  Index Cond: ((id >= 2670047) AND (id <= 2670147))

table 4 : explain SELECT id FROM sbtest4 WHERE id BETWEEN 2670047 AND 2670147
	Index Only Scan using sbtest4_pkey on sbtest4  (cost=0.43..6.25 rows=91 width=4)
	  Index Cond: ((id >= 2670047) AND (id <= 2670147))

table 5 : explain SELECT id FROM sbtest5 WHERE id BETWEEN 2670047 AND 2670147
	Index Only Scan using sbtest5_pkey on sbtest5  (cost=0.43..10.44 rows=100 width=4)
	  Index Cond: ((id >= 2670047) AND (id <= 2670147))

table 6 : explain SELECT id FROM sbtest6 WHERE id BETWEEN 2670047 AND 2670147
	Index Only Scan using sbtest6_pkey on sbtest6  (cost=0.43..6.61 rows=109 width=4)
	  Index Cond: ((id >= 2670047) AND (id <= 2670147))

table 7 : explain SELECT id FROM sbtest7 WHERE id BETWEEN 2670047 AND 2670147
	Index Only Scan using sbtest7_pkey on sbtest7  (cost=0.43..10.47 rows=102 width=4)
	  Index Cond: ((id >= 2670047) AND (id <= 2670147))

table 8 : explain SELECT id FROM sbtest8 WHERE id BETWEEN 2670047 AND 2670147
	Index Only Scan using sbtest8_pkey on sbtest8  (cost=0.43..10.36 rows=96 width=4)
	  Index Cond: ((id >= 2670047) AND (id <= 2670147))

explain: for range-covered :: explain SELECT id FROM sbtest%d WHERE id BETWEEN 2670047 AND 2670147
for range-covered
table 1 : explain SELECT id FROM sbtest1 WHERE id BETWEEN 3499249 AND 3499349
	Index Only Scan using sbtest1_pkey on sbtest1  (cost=0.43..10.42 rows=99 width=4)
	  Index Cond: ((id >= 3499249) AND (id <= 3499349))

table 2 : explain SELECT id FROM sbtest2 WHERE id BETWEEN 3499249 AND 3499349
	Index Only Scan using sbtest2_pkey on sbtest2  (cost=0.43..6.45 rows=101 width=4)
	  Index Cond: ((id >= 3499249) AND (id <= 3499349))

table 3 : explain SELECT id FROM sbtest3 WHERE id BETWEEN 3499249 AND 3499349
	Index Only Scan using sbtest3_pkey on sbtest3  (cost=0.43..6.47 rows=102 width=4)
	  Index Cond: ((id >= 3499249) AND (id <= 3499349))

table 4 : explain SELECT id FROM sbtest4 WHERE id BETWEEN 3499249 AND 3499349
	Index Only Scan using sbtest4_pkey on sbtest4  (cost=0.43..6.35 rows=96 width=4)
	  Index Cond: ((id >= 3499249) AND (id <= 3499349))

table 5 : explain SELECT id FROM sbtest5 WHERE id BETWEEN 3499249 AND 3499349
	Index Only Scan using sbtest5_pkey on sbtest5  (cost=0.43..10.24 rows=90 width=4)
	  Index Cond: ((id >= 3499249) AND (id <= 3499349))

table 6 : explain SELECT id FROM sbtest6 WHERE id BETWEEN 3499249 AND 3499349
	Index Only Scan using sbtest6_pkey on sbtest6  (cost=0.43..6.25 rows=91 width=4)
	  Index Cond: ((id >= 3499249) AND (id <= 3499349))

table 7 : explain SELECT id FROM sbtest7 WHERE id BETWEEN 3499249 AND 3499349
	Index Only Scan using sbtest7_pkey on sbtest7  (cost=0.43..10.51 rows=104 width=4)
	  Index Cond: ((id >= 3499249) AND (id <= 3499349))

table 8 : explain SELECT id FROM sbtest8 WHERE id BETWEEN 3499249 AND 3499349
	Index Only Scan using sbtest8_pkey on sbtest8  (cost=0.43..10.72 rows=114 width=4)
	  Index Cond: ((id >= 3499249) AND (id <= 3499349))

for range-covered
table 1 : explain SELECT id FROM sbtest1 WHERE id BETWEEN 8080096 AND 8080196
	Index Only Scan using sbtest1_pkey on sbtest1  (cost=0.43..10.40 rows=98 width=4)
	  Index Cond: ((id >= 8080096) AND (id <= 8080196))

table 2 : explain SELECT id FROM sbtest2 WHERE id BETWEEN 8080096 AND 8080196
	Index Only Scan using sbtest2_pkey on sbtest2  (cost=0.43..6.37 rows=97 width=4)
	  Index Cond: ((id >= 8080096) AND (id <= 8080196))

table 3 : explain SELECT id FROM sbtest3 WHERE id BETWEEN 8080096 AND 8080196
	Index Only Scan using sbtest3_pkey on sbtest3  (cost=0.43..6.32 rows=94 width=4)
	  Index Cond: ((id >= 8080096) AND (id <= 8080196))

table 4 : explain SELECT id FROM sbtest4 WHERE id BETWEEN 8080096 AND 8080196
	Index Only Scan using sbtest4_pkey on sbtest4  (cost=0.43..6.75 rows=116 width=4)
	  Index Cond: ((id >= 8080096) AND (id <= 8080196))

table 5 : explain SELECT id FROM sbtest5 WHERE id BETWEEN 8080096 AND 8080196
	Index Only Scan using sbtest5_pkey on sbtest5  (cost=0.43..10.38 rows=97 width=4)
	  Index Cond: ((id >= 8080096) AND (id <= 8080196))

table 6 : explain SELECT id FROM sbtest6 WHERE id BETWEEN 8080096 AND 8080196
	Index Only Scan using sbtest6_pkey on sbtest6  (cost=0.43..6.47 rows=102 width=4)
	  Index Cond: ((id >= 8080096) AND (id <= 8080196))

table 7 : explain SELECT id FROM sbtest7 WHERE id BETWEEN 8080096 AND 8080196
	Index Only Scan using sbtest7_pkey on sbtest7  (cost=0.43..10.60 rows=108 width=4)
	  Index Cond: ((id >= 8080096) AND (id <= 8080196))

table 8 : explain SELECT id FROM sbtest8 WHERE id BETWEEN 8080096 AND 8080196
	Index Only Scan using sbtest8_pkey on sbtest8  (cost=0.43..10.44 rows=100 width=4)
	  Index Cond: ((id >= 8080096) AND (id <= 8080196))

explain: for range-covered :: explain SELECT id FROM sbtest%d WHERE id BETWEEN 3499249 AND 3499349
explain: for range-covered :: explain SELECT id FROM sbtest%d WHERE id BETWEEN 6904482 AND 6904582
for range-covered
table 1 : explain SELECT id FROM sbtest1 WHERE id BETWEEN 2180033 AND 2180133
	Index Only Scan using sbtest1_pkey on sbtest1  (cost=0.43..10.65 rows=111 width=4)
	  Index Cond: ((id >= 2180033) AND (id <= 2180133))

table 2 : explain SELECT id FROM sbtest2 WHERE id BETWEEN 2180033 AND 2180133
	Index Only Scan using sbtest2_pkey on sbtest2  (cost=0.43..6.42 rows=99 width=4)
	  Index Cond: ((id >= 2180033) AND (id <= 2180133))

table 3 : explain SELECT id FROM sbtest3 WHERE id BETWEEN 2180033 AND 2180133
	Index Only Scan using sbtest3_pkey on sbtest3  (cost=0.43..6.37 rows=97 width=4)
	  Index Cond: ((id >= 2180033) AND (id <= 2180133))

table 4 : explain SELECT id FROM sbtest4 WHERE id BETWEEN 2180033 AND 2180133
	Index Only Scan using sbtest4_pkey on sbtest4  (cost=0.43..6.29 rows=93 width=4)
	  Index Cond: ((id >= 2180033) AND (id <= 2180133))

table 5 : explain SELECT id FROM sbtest5 WHERE id BETWEEN 2180033 AND 2180133
	Index Only Scan using sbtest5_pkey on sbtest5  (cost=0.43..10.50 rows=103 width=4)
	  Index Cond: ((id >= 2180033) AND (id <= 2180133))

table 6 : explain SELECT id FROM sbtest6 WHERE id BETWEEN 2180033 AND 2180133
	Index Only Scan using sbtest6_pkey on sbtest6  (cost=0.43..6.35 rows=96 width=4)
	  Index Cond: ((id >= 2180033) AND (id <= 2180133))

table 7 : explain SELECT id FROM sbtest7 WHERE id BETWEEN 2180033 AND 2180133
	Index Only Scan using sbtest7_pkey on sbtest7  (cost=0.43..10.46 rows=101 width=4)
	  Index Cond: ((id >= 2180033) AND (id <= 2180133))

table 8 : explain SELECT id FROM sbtest8 WHERE id BETWEEN 2180033 AND 2180133
	Index Only Scan using sbtest8_pkey on sbtest8  (cost=0.43..10.36 rows=96 width=4)
	  Index Cond: ((id >= 2180033) AND (id <= 2180133))

explain: for range-covered :: explain SELECT id FROM sbtest%d WHERE id BETWEEN 5326794 AND 5326894
for range-covered
table 1 : explain SELECT id FROM sbtest1 WHERE id BETWEEN 4301818 AND 4301918
	Index Only Scan using sbtest1_pkey on sbtest1  (cost=0.43..10.44 rows=100 width=4)
	  Index Cond: ((id >= 4301818) AND (id <= 4301918))

table 2 : explain SELECT id FROM sbtest2 WHERE id BETWEEN 4301818 AND 4301918
	Index Only Scan using sbtest2_pkey on sbtest2  (cost=0.43..6.45 rows=101 width=4)
	  Index Cond: ((id >= 4301818) AND (id <= 4301918))

table 3 : explain SELECT id FROM sbtest3 WHERE id BETWEEN 4301818 AND 4301918
	Index Only Scan using sbtest3_pkey on sbtest3  (cost=0.43..6.59 rows=108 width=4)
	  Index Cond: ((id >= 4301818) AND (id <= 4301918))

table 4 : explain SELECT id FROM sbtest4 WHERE id BETWEEN 4301818 AND 4301918
	Index Only Scan using sbtest4_pkey on sbtest4  (cost=0.43..6.51 rows=104 width=4)
	  Index Cond: ((id >= 4301818) AND (id <= 4301918))

table 5 : explain SELECT id FROM sbtest5 WHERE id BETWEEN 4301818 AND 4301918
	Index Only Scan using sbtest5_pkey on sbtest5  (cost=0.43..10.47 rows=102 width=4)
	  Index Cond: ((id >= 4301818) AND (id <= 4301918))

table 6 : explain SELECT id FROM sbtest6 WHERE id BETWEEN 4301818 AND 4301918
	Index Only Scan using sbtest6_pkey on sbtest6  (cost=0.43..6.37 rows=97 width=4)
	  Index Cond: ((id >= 4301818) AND (id <= 4301918))

table 7 : explain SELECT id FROM sbtest7 WHERE id BETWEEN 4301818 AND 4301918
	Index Only Scan using sbtest7_pkey on sbtest7  (cost=0.43..10.33 rows=95 width=4)
	  Index Cond: ((id >= 4301818) AND (id <= 4301918))

table 8 : explain SELECT id FROM sbtest8 WHERE id BETWEEN 4301818 AND 4301918
	Index Only Scan using sbtest8_pkey on sbtest8  (cost=0.43..10.29 rows=93 width=4)
	  Index Cond: ((id >= 4301818) AND (id <= 4301918))

explain: for range-covered :: explain SELECT id FROM sbtest%d WHERE id BETWEEN 8080096 AND 8080196
explain: for range-covered :: explain SELECT id FROM sbtest%d WHERE id BETWEEN 4301818 AND 4301918
for range-covered
table 1 : explain SELECT id FROM sbtest1 WHERE id BETWEEN 2616837 AND 2616937
	Index Only Scan using sbtest1_pkey on sbtest1  (cost=0.43..10.60 rows=108 width=4)
	  Index Cond: ((id >= 2616837) AND (id <= 2616937))

table 2 : explain SELECT id FROM sbtest2 WHERE id BETWEEN 2616837 AND 2616937
	Index Only Scan using sbtest2_pkey on sbtest2  (cost=0.43..6.43 rows=100 width=4)
	  Index Cond: ((id >= 2616837) AND (id <= 2616937))

table 3 : explain SELECT id FROM sbtest3 WHERE id BETWEEN 2616837 AND 2616937
	Index Only Scan using sbtest3_pkey on sbtest3  (cost=0.43..6.35 rows=96 width=4)
	  Index Cond: ((id >= 2616837) AND (id <= 2616937))

table 4 : explain SELECT id FROM sbtest4 WHERE id BETWEEN 2616837 AND 2616937
	Index Only Scan using sbtest4_pkey on sbtest4  (cost=0.43..6.25 rows=91 width=4)
	  Index Cond: ((id >= 2616837) AND (id <= 2616937))

table 5 : explain SELECT id FROM sbtest5 WHERE id BETWEEN 2616837 AND 2616937
	Index Only Scan using sbtest5_pkey on sbtest5  (cost=0.43..10.44 rows=100 width=4)
	  Index Cond: ((id >= 2616837) AND (id <= 2616937))

table 6 : explain SELECT id FROM sbtest6 WHERE id BETWEEN 2616837 AND 2616937
	Index Only Scan using sbtest6_pkey on sbtest6  (cost=0.43..6.61 rows=109 width=4)
	  Index Cond: ((id >= 2616837) AND (id <= 2616937))

table 7 : explain SELECT id FROM sbtest7 WHERE id BETWEEN 2616837 AND 2616937
	Index Only Scan using sbtest7_pkey on sbtest7  (cost=0.43..10.47 rows=102 width=4)
	  Index Cond: ((id >= 2616837) AND (id <= 2616937))

table 8 : explain SELECT id FROM sbtest8 WHERE id BETWEEN 2616837 AND 2616937
	Index Only Scan using sbtest8_pkey on sbtest8  (cost=0.43..10.36 rows=96 width=4)
	  Index Cond: ((id >= 2616837) AND (id <= 2616937))

explain: for range-covered :: explain SELECT id FROM sbtest%d WHERE id BETWEEN 2616837 AND 2616937
explain: for range-covered :: explain SELECT id FROM sbtest%d WHERE id BETWEEN 2180033 AND 2180133
for range-covered
table 1 : explain SELECT id FROM sbtest1 WHERE id BETWEEN 2670047 AND 2670147
	Index Only Scan using sbtest1_pkey on sbtest1  (cost=0.43..10.60 rows=108 width=4)
	  Index Cond: ((id >= 2670047) AND (id <= 2670147))

table 2 : explain SELECT id FROM sbtest2 WHERE id BETWEEN 2670047 AND 2670147
	Index Only Scan using sbtest2_pkey on sbtest2  (cost=0.43..6.43 rows=100 width=4)
	  Index Cond: ((id >= 2670047) AND (id <= 2670147))

table 3 : explain SELECT id FROM sbtest3 WHERE id BETWEEN 2670047 AND 2670147
	Index Only Scan using sbtest3_pkey on sbtest3  (cost=0.43..6.35 rows=96 width=4)
	  Index Cond: ((id >= 2670047) AND (id <= 2670147))

table 4 : explain SELECT id FROM sbtest4 WHERE id BETWEEN 2670047 AND 2670147
	Index Only Scan using sbtest4_pkey on sbtest4  (cost=0.43..6.25 rows=91 width=4)
	  Index Cond: ((id >= 2670047) AND (id <= 2670147))

table 5 : explain SELECT id FROM sbtest5 WHERE id BETWEEN 2670047 AND 2670147
	Index Only Scan using sbtest5_pkey on sbtest5  (cost=0.43..10.44 rows=100 width=4)
	  Index Cond: ((id >= 2670047) AND (id <= 2670147))

table 6 : explain SELECT id FROM sbtest6 WHERE id BETWEEN 2670047 AND 2670147
	Index Only Scan using sbtest6_pkey on sbtest6  (cost=0.43..6.61 rows=109 width=4)
	  Index Cond: ((id >= 2670047) AND (id <= 2670147))

table 7 : explain SELECT id FROM sbtest7 WHERE id BETWEEN 2670047 AND 2670147
	Index Only Scan using sbtest7_pkey on sbtest7  (cost=0.43..10.47 rows=102 width=4)
	  Index Cond: ((id >= 2670047) AND (id <= 2670147))

table 8 : explain SELECT id FROM sbtest8 WHERE id BETWEEN 2670047 AND 2670147
	Index Only Scan using sbtest8_pkey on sbtest8  (cost=0.43..10.36 rows=96 width=4)
	  Index Cond: ((id >= 2670047) AND (id <= 2670147))

explain: for range-covered :: explain SELECT id FROM sbtest%d WHERE id BETWEEN 7384090 AND 7384190
explain: for range-covered :: explain SELECT id FROM sbtest%d WHERE id BETWEEN 2670047 AND 2670147
for range-covered
table 1 : explain SELECT id FROM sbtest1 WHERE id BETWEEN 4301818 AND 4301918
	Index Only Scan using sbtest1_pkey on sbtest1  (cost=0.43..10.44 rows=100 width=4)
	  Index Cond: ((id >= 4301818) AND (id <= 4301918))

table 2 : explain SELECT id FROM sbtest2 WHERE id BETWEEN 4301818 AND 4301918
	Index Only Scan using sbtest2_pkey on sbtest2  (cost=0.43..6.45 rows=101 width=4)
	  Index Cond: ((id >= 4301818) AND (id <= 4301918))

table 3 : explain SELECT id FROM sbtest3 WHERE id BETWEEN 4301818 AND 4301918
	Index Only Scan using sbtest3_pkey on sbtest3  (cost=0.43..6.59 rows=108 width=4)
	  Index Cond: ((id >= 4301818) AND (id <= 4301918))

table 4 : explain SELECT id FROM sbtest4 WHERE id BETWEEN 4301818 AND 4301918
	Index Only Scan using sbtest4_pkey on sbtest4  (cost=0.43..6.51 rows=104 width=4)
	  Index Cond: ((id >= 4301818) AND (id <= 4301918))

table 5 : explain SELECT id FROM sbtest5 WHERE id BETWEEN 4301818 AND 4301918
	Index Only Scan using sbtest5_pkey on sbtest5  (cost=0.43..10.47 rows=102 width=4)
	  Index Cond: ((id >= 4301818) AND (id <= 4301918))

table 6 : explain SELECT id FROM sbtest6 WHERE id BETWEEN 4301818 AND 4301918
	Index Only Scan using sbtest6_pkey on sbtest6  (cost=0.43..6.37 rows=97 width=4)
	  Index Cond: ((id >= 4301818) AND (id <= 4301918))

table 7 : explain SELECT id FROM sbtest7 WHERE id BETWEEN 4301818 AND 4301918
	Index Only Scan using sbtest7_pkey on sbtest7  (cost=0.43..10.33 rows=95 width=4)
	  Index Cond: ((id >= 4301818) AND (id <= 4301918))

table 8 : explain SELECT id FROM sbtest8 WHERE id BETWEEN 4301818 AND 4301918
	Index Only Scan using sbtest8_pkey on sbtest8  (cost=0.43..10.29 rows=93 width=4)
	  Index Cond: ((id >= 4301818) AND (id <= 4301918))

explain: for range-covered :: explain SELECT id FROM sbtest%d WHERE id BETWEEN 4301818 AND 4301918
for range-covered
table 1 : explain SELECT id FROM sbtest1 WHERE id BETWEEN 8080096 AND 8080196
	Index Only Scan using sbtest1_pkey on sbtest1  (cost=0.43..10.40 rows=98 width=4)
	  Index Cond: ((id >= 8080096) AND (id <= 8080196))

table 2 : explain SELECT id FROM sbtest2 WHERE id BETWEEN 8080096 AND 8080196
	Index Only Scan using sbtest2_pkey on sbtest2  (cost=0.43..6.37 rows=97 width=4)
	  Index Cond: ((id >= 8080096) AND (id <= 8080196))

table 3 : explain SELECT id FROM sbtest3 WHERE id BETWEEN 8080096 AND 8080196
	Index Only Scan using sbtest3_pkey on sbtest3  (cost=0.43..6.32 rows=94 width=4)
	  Index Cond: ((id >= 8080096) AND (id <= 8080196))

table 4 : explain SELECT id FROM sbtest4 WHERE id BETWEEN 8080096 AND 8080196
	Index Only Scan using sbtest4_pkey on sbtest4  (cost=0.43..6.75 rows=116 width=4)
	  Index Cond: ((id >= 8080096) AND (id <= 8080196))

table 5 : explain SELECT id FROM sbtest5 WHERE id BETWEEN 8080096 AND 8080196
	Index Only Scan using sbtest5_pkey on sbtest5  (cost=0.43..10.38 rows=97 width=4)
	  Index Cond: ((id >= 8080096) AND (id <= 8080196))

table 6 : explain SELECT id FROM sbtest6 WHERE id BETWEEN 8080096 AND 8080196
	Index Only Scan using sbtest6_pkey on sbtest6  (cost=0.43..6.47 rows=102 width=4)
	  Index Cond: ((id >= 8080096) AND (id <= 8080196))

table 7 : explain SELECT id FROM sbtest7 WHERE id BETWEEN 8080096 AND 8080196
	Index Only Scan using sbtest7_pkey on sbtest7  (cost=0.43..10.60 rows=108 width=4)
	  Index Cond: ((id >= 8080096) AND (id <= 8080196))

table 8 : explain SELECT id FROM sbtest8 WHERE id BETWEEN 8080096 AND 8080196
	Index Only Scan using sbtest8_pkey on sbtest8  (cost=0.43..10.44 rows=100 width=4)
	  Index Cond: ((id >= 8080096) AND (id <= 8080196))

explain: for range-covered :: explain SELECT id FROM sbtest%d WHERE id BETWEEN 8080096 AND 8080196
for range-covered
table 1 : explain SELECT id FROM sbtest1 WHERE id BETWEEN 2616837 AND 2616937
	Index Only Scan using sbtest1_pkey on sbtest1  (cost=0.43..10.60 rows=108 width=4)
	  Index Cond: ((id >= 2616837) AND (id <= 2616937))

table 2 : explain SELECT id FROM sbtest2 WHERE id BETWEEN 2616837 AND 2616937
	Index Only Scan using sbtest2_pkey on sbtest2  (cost=0.43..6.43 rows=100 width=4)
	  Index Cond: ((id >= 2616837) AND (id <= 2616937))

table 3 : explain SELECT id FROM sbtest3 WHERE id BETWEEN 2616837 AND 2616937
	Index Only Scan using sbtest3_pkey on sbtest3  (cost=0.43..6.35 rows=96 width=4)
	  Index Cond: ((id >= 2616837) AND (id <= 2616937))

table 4 : explain SELECT id FROM sbtest4 WHERE id BETWEEN 2616837 AND 2616937
	Index Only Scan using sbtest4_pkey on sbtest4  (cost=0.43..6.25 rows=91 width=4)
	  Index Cond: ((id >= 2616837) AND (id <= 2616937))

table 5 : explain SELECT id FROM sbtest5 WHERE id BETWEEN 2616837 AND 2616937
	Index Only Scan using sbtest5_pkey on sbtest5  (cost=0.43..10.44 rows=100 width=4)
	  Index Cond: ((id >= 2616837) AND (id <= 2616937))

table 6 : explain SELECT id FROM sbtest6 WHERE id BETWEEN 2616837 AND 2616937
	Index Only Scan using sbtest6_pkey on sbtest6  (cost=0.43..6.61 rows=109 width=4)
	  Index Cond: ((id >= 2616837) AND (id <= 2616937))

table 7 : explain SELECT id FROM sbtest7 WHERE id BETWEEN 2616837 AND 2616937
	Index Only Scan using sbtest7_pkey on sbtest7  (cost=0.43..10.47 rows=102 width=4)
	  Index Cond: ((id >= 2616837) AND (id <= 2616937))

table 8 : explain SELECT id FROM sbtest8 WHERE id BETWEEN 2616837 AND 2616937
	Index Only Scan using sbtest8_pkey on sbtest8  (cost=0.43..10.36 rows=96 width=4)
	  Index Cond: ((id >= 2616837) AND (id <= 2616937))

explain: for range-covered :: explain SELECT id FROM sbtest%d WHERE id BETWEEN 5620870 AND 5620970
for range-covered
table 1 : explain SELECT id FROM sbtest1 WHERE id BETWEEN 2670047 AND 2670147
	Index Only Scan using sbtest1_pkey on sbtest1  (cost=0.43..10.60 rows=108 width=4)
	  Index Cond: ((id >= 2670047) AND (id <= 2670147))

table 2 : explain SELECT id FROM sbtest2 WHERE id BETWEEN 2670047 AND 2670147
	Index Only Scan using sbtest2_pkey on sbtest2  (cost=0.43..6.43 rows=100 width=4)
	  Index Cond: ((id >= 2670047) AND (id <= 2670147))

table 3 : explain SELECT id FROM sbtest3 WHERE id BETWEEN 2670047 AND 2670147
	Index Only Scan using sbtest3_pkey on sbtest3  (cost=0.43..6.35 rows=96 width=4)
	  Index Cond: ((id >= 2670047) AND (id <= 2670147))

table 4 : explain SELECT id FROM sbtest4 WHERE id BETWEEN 2670047 AND 2670147
	Index Only Scan using sbtest4_pkey on sbtest4  (cost=0.43..6.25 rows=91 width=4)
	  Index Cond: ((id >= 2670047) AND (id <= 2670147))

table 5 : explain SELECT id FROM sbtest5 WHERE id BETWEEN 2670047 AND 2670147
	Index Only Scan using sbtest5_pkey on sbtest5  (cost=0.43..10.44 rows=100 width=4)
	  Index Cond: ((id >= 2670047) AND (id <= 2670147))

table 6 : explain SELECT id FROM sbtest6 WHERE id BETWEEN 2670047 AND 2670147
	Index Only Scan using sbtest6_pkey on sbtest6  (cost=0.43..6.61 rows=109 width=4)
	  Index Cond: ((id >= 2670047) AND (id <= 2670147))

table 7 : explain SELECT id FROM sbtest7 WHERE id BETWEEN 2670047 AND 2670147
	Index Only Scan using sbtest7_pkey on sbtest7  (cost=0.43..10.47 rows=102 width=4)
	  Index Cond: ((id >= 2670047) AND (id <= 2670147))

table 8 : explain SELECT id FROM sbtest8 WHERE id BETWEEN 2670047 AND 2670147
	Index Only Scan using sbtest8_pkey on sbtest8  (cost=0.43..10.36 rows=96 width=4)
	  Index Cond: ((id >= 2670047) AND (id <= 2670147))

for range-covered
table 1 : explain SELECT id FROM sbtest1 WHERE id BETWEEN 4301818 AND 4301918
	Index Only Scan using sbtest1_pkey on sbtest1  (cost=0.43..10.44 rows=100 width=4)
	  Index Cond: ((id >= 4301818) AND (id <= 4301918))

table 2 : explain SELECT id FROM sbtest2 WHERE id BETWEEN 4301818 AND 4301918
	Index Only Scan using sbtest2_pkey on sbtest2  (cost=0.43..6.45 rows=101 width=4)
	  Index Cond: ((id >= 4301818) AND (id <= 4301918))

table 3 : explain SELECT id FROM sbtest3 WHERE id BETWEEN 4301818 AND 4301918
	Index Only Scan using sbtest3_pkey on sbtest3  (cost=0.43..6.59 rows=108 width=4)
	  Index Cond: ((id >= 4301818) AND (id <= 4301918))

table 4 : explain SELECT id FROM sbtest4 WHERE id BETWEEN 4301818 AND 4301918
	Index Only Scan using sbtest4_pkey on sbtest4  (cost=0.43..6.51 rows=104 width=4)
	  Index Cond: ((id >= 4301818) AND (id <= 4301918))

table 5 : explain SELECT id FROM sbtest5 WHERE id BETWEEN 4301818 AND 4301918
	Index Only Scan using sbtest5_pkey on sbtest5  (cost=0.43..10.47 rows=102 width=4)
	  Index Cond: ((id >= 4301818) AND (id <= 4301918))

table 6 : explain SELECT id FROM sbtest6 WHERE id BETWEEN 4301818 AND 4301918
	Index Only Scan using sbtest6_pkey on sbtest6  (cost=0.43..6.37 rows=97 width=4)
	  Index Cond: ((id >= 4301818) AND (id <= 4301918))

table 7 : explain SELECT id FROM sbtest7 WHERE id BETWEEN 4301818 AND 4301918
	Index Only Scan using sbtest7_pkey on sbtest7  (cost=0.43..10.33 rows=95 width=4)
	  Index Cond: ((id >= 4301818) AND (id <= 4301918))

table 8 : explain SELECT id FROM sbtest8 WHERE id BETWEEN 4301818 AND 4301918
	Index Only Scan using sbtest8_pkey on sbtest8  (cost=0.43..10.29 rows=93 width=4)
	  Index Cond: ((id >= 4301818) AND (id <= 4301918))

explain: for range-covered :: explain SELECT id FROM sbtest%d WHERE id BETWEEN 4301818 AND 4301918
for range-covered
table 1 : explain SELECT id FROM sbtest1 WHERE id BETWEEN 8080096 AND 8080196
	Index Only Scan using sbtest1_pkey on sbtest1  (cost=0.43..10.40 rows=98 width=4)
	  Index Cond: ((id >= 8080096) AND (id <= 8080196))

table 2 : explain SELECT id FROM sbtest2 WHERE id BETWEEN 8080096 AND 8080196
	Index Only Scan using sbtest2_pkey on sbtest2  (cost=0.43..6.37 rows=97 width=4)
	  Index Cond: ((id >= 8080096) AND (id <= 8080196))

table 3 : explain SELECT id FROM sbtest3 WHERE id BETWEEN 8080096 AND 8080196
	Index Only Scan using sbtest3_pkey on sbtest3  (cost=0.43..6.32 rows=94 width=4)
	  Index Cond: ((id >= 8080096) AND (id <= 8080196))

table 4 : explain SELECT id FROM sbtest4 WHERE id BETWEEN 8080096 AND 8080196
	Index Only Scan using sbtest4_pkey on sbtest4  (cost=0.43..6.75 rows=116 width=4)
	  Index Cond: ((id >= 8080096) AND (id <= 8080196))

table 5 : explain SELECT id FROM sbtest5 WHERE id BETWEEN 8080096 AND 8080196
	Index Only Scan using sbtest5_pkey on sbtest5  (cost=0.43..10.38 rows=97 width=4)
	  Index Cond: ((id >= 8080096) AND (id <= 8080196))

table 6 : explain SELECT id FROM sbtest6 WHERE id BETWEEN 8080096 AND 8080196
	Index Only Scan using sbtest6_pkey on sbtest6  (cost=0.43..6.47 rows=102 width=4)
	  Index Cond: ((id >= 8080096) AND (id <= 8080196))

table 7 : explain SELECT id FROM sbtest7 WHERE id BETWEEN 8080096 AND 8080196
	Index Only Scan using sbtest7_pkey on sbtest7  (cost=0.43..10.60 rows=108 width=4)
	  Index Cond: ((id >= 8080096) AND (id <= 8080196))

table 8 : explain SELECT id FROM sbtest8 WHERE id BETWEEN 8080096 AND 8080196
	Index Only Scan using sbtest8_pkey on sbtest8  (cost=0.43..10.44 rows=100 width=4)
	  Index Cond: ((id >= 8080096) AND (id <= 8080196))

explain: for range-covered :: explain SELECT id FROM sbtest%d WHERE id BETWEEN 8080096 AND 8080196
for range-covered
table 1 : explain SELECT id FROM sbtest1 WHERE id BETWEEN 4301818 AND 4301918
	Index Only Scan using sbtest1_pkey on sbtest1  (cost=0.43..10.44 rows=100 width=4)
	  Index Cond: ((id >= 4301818) AND (id <= 4301918))

table 2 : explain SELECT id FROM sbtest2 WHERE id BETWEEN 4301818 AND 4301918
	Index Only Scan using sbtest2_pkey on sbtest2  (cost=0.43..6.45 rows=101 width=4)
	  Index Cond: ((id >= 4301818) AND (id <= 4301918))

table 3 : explain SELECT id FROM sbtest3 WHERE id BETWEEN 4301818 AND 4301918
	Index Only Scan using sbtest3_pkey on sbtest3  (cost=0.43..6.59 rows=108 width=4)
	  Index Cond: ((id >= 4301818) AND (id <= 4301918))

table 4 : explain SELECT id FROM sbtest4 WHERE id BETWEEN 4301818 AND 4301918
	Index Only Scan using sbtest4_pkey on sbtest4  (cost=0.43..6.51 rows=104 width=4)
	  Index Cond: ((id >= 4301818) AND (id <= 4301918))

table 5 : explain SELECT id FROM sbtest5 WHERE id BETWEEN 4301818 AND 4301918
	Index Only Scan using sbtest5_pkey on sbtest5  (cost=0.43..10.47 rows=102 width=4)
	  Index Cond: ((id >= 4301818) AND (id <= 4301918))

table 6 : explain SELECT id FROM sbtest6 WHERE id BETWEEN 4301818 AND 4301918
	Index Only Scan using sbtest6_pkey on sbtest6  (cost=0.43..6.37 rows=97 width=4)
	  Index Cond: ((id >= 4301818) AND (id <= 4301918))

table 7 : explain SELECT id FROM sbtest7 WHERE id BETWEEN 4301818 AND 4301918
	Index Only Scan using sbtest7_pkey on sbtest7  (cost=0.43..10.33 rows=95 width=4)
	  Index Cond: ((id >= 4301818) AND (id <= 4301918))

table 8 : explain SELECT id FROM sbtest8 WHERE id BETWEEN 4301818 AND 4301918
	Index Only Scan using sbtest8_pkey on sbtest8  (cost=0.43..10.29 rows=93 width=4)
	  Index Cond: ((id >= 4301818) AND (id <= 4301918))

explain: for range-covered :: explain SELECT id FROM sbtest%d WHERE id BETWEEN 4301818 AND 4301918
for range-covered
table 1 : explain SELECT id FROM sbtest1 WHERE id BETWEEN 8080096 AND 8080196
	Index Only Scan using sbtest1_pkey on sbtest1  (cost=0.43..10.40 rows=98 width=4)
	  Index Cond: ((id >= 8080096) AND (id <= 8080196))

table 2 : explain SELECT id FROM sbtest2 WHERE id BETWEEN 8080096 AND 8080196
	Index Only Scan using sbtest2_pkey on sbtest2  (cost=0.43..6.37 rows=97 width=4)
	  Index Cond: ((id >= 8080096) AND (id <= 8080196))

table 3 : explain SELECT id FROM sbtest3 WHERE id BETWEEN 8080096 AND 8080196
	Index Only Scan using sbtest3_pkey on sbtest3  (cost=0.43..6.32 rows=94 width=4)
	  Index Cond: ((id >= 8080096) AND (id <= 8080196))

table 4 : explain SELECT id FROM sbtest4 WHERE id BETWEEN 8080096 AND 8080196
	Index Only Scan using sbtest4_pkey on sbtest4  (cost=0.43..6.75 rows=116 width=4)
	  Index Cond: ((id >= 8080096) AND (id <= 8080196))

table 5 : explain SELECT id FROM sbtest5 WHERE id BETWEEN 8080096 AND 8080196
	Index Only Scan using sbtest5_pkey on sbtest5  (cost=0.43..10.38 rows=97 width=4)
	  Index Cond: ((id >= 8080096) AND (id <= 8080196))

table 6 : explain SELECT id FROM sbtest6 WHERE id BETWEEN 8080096 AND 8080196
	Index Only Scan using sbtest6_pkey on sbtest6  (cost=0.43..6.47 rows=102 width=4)
	  Index Cond: ((id >= 8080096) AND (id <= 8080196))

table 7 : explain SELECT id FROM sbtest7 WHERE id BETWEEN 8080096 AND 8080196
	Index Only Scan using sbtest7_pkey on sbtest7  (cost=0.43..10.60 rows=108 width=4)
	  Index Cond: ((id >= 8080096) AND (id <= 8080196))

table 8 : explain SELECT id FROM sbtest8 WHERE id BETWEEN 8080096 AND 8080196
	Index Only Scan using sbtest8_pkey on sbtest8  (cost=0.43..10.44 rows=100 width=4)
	  Index Cond: ((id >= 8080096) AND (id <= 8080196))

for range-covered
table 1 : explain SELECT id FROM sbtest1 WHERE id BETWEEN 3499249 AND 3499349
	Index Only Scan using sbtest1_pkey on sbtest1  (cost=0.43..10.42 rows=99 width=4)
	  Index Cond: ((id >= 3499249) AND (id <= 3499349))

table 2 : explain SELECT id FROM sbtest2 WHERE id BETWEEN 3499249 AND 3499349
	Index Only Scan using sbtest2_pkey on sbtest2  (cost=0.43..6.45 rows=101 width=4)
	  Index Cond: ((id >= 3499249) AND (id <= 3499349))

table 3 : explain SELECT id FROM sbtest3 WHERE id BETWEEN 3499249 AND 3499349
	Index Only Scan using sbtest3_pkey on sbtest3  (cost=0.43..6.47 rows=102 width=4)
	  Index Cond: ((id >= 3499249) AND (id <= 3499349))

table 4 : explain SELECT id FROM sbtest4 WHERE id BETWEEN 3499249 AND 3499349
	Index Only Scan using sbtest4_pkey on sbtest4  (cost=0.43..6.35 rows=96 width=4)
	  Index Cond: ((id >= 3499249) AND (id <= 3499349))

table 5 : explain SELECT id FROM sbtest5 WHERE id BETWEEN 3499249 AND 3499349
	Index Only Scan using sbtest5_pkey on sbtest5  (cost=0.43..10.24 rows=90 width=4)
	  Index Cond: ((id >= 3499249) AND (id <= 3499349))

table 6 : explain SELECT id FROM sbtest6 WHERE id BETWEEN 3499249 AND 3499349
	Index Only Scan using sbtest6_pkey on sbtest6  (cost=0.43..6.25 rows=91 width=4)
	  Index Cond: ((id >= 3499249) AND (id <= 3499349))

table 7 : explain SELECT id FROM sbtest7 WHERE id BETWEEN 3499249 AND 3499349
	Index Only Scan using sbtest7_pkey on sbtest7  (cost=0.43..10.51 rows=104 width=4)
	  Index Cond: ((id >= 3499249) AND (id <= 3499349))

table 8 : explain SELECT id FROM sbtest8 WHERE id BETWEEN 3499249 AND 3499349
	Index Only Scan using sbtest8_pkey on sbtest8  (cost=0.43..10.72 rows=114 width=4)
	  Index Cond: ((id >= 3499249) AND (id <= 3499349))

explain: for range-covered :: explain SELECT id FROM sbtest%d WHERE id BETWEEN 8080096 AND 8080196
for range-covered
table 1 : explain SELECT id FROM sbtest1 WHERE id BETWEEN 6904482 AND 6904582
	Index Only Scan using sbtest1_pkey on sbtest1  (cost=0.43..10.40 rows=98 width=4)
	  Index Cond: ((id >= 6904482) AND (id <= 6904582))

table 2 : explain SELECT id FROM sbtest2 WHERE id BETWEEN 6904482 AND 6904582
	Index Only Scan using sbtest2_pkey on sbtest2  (cost=0.43..6.42 rows=99 width=4)
	  Index Cond: ((id >= 6904482) AND (id <= 6904582))

table 3 : explain SELECT id FROM sbtest3 WHERE id BETWEEN 6904482 AND 6904582
	Index Only Scan using sbtest3_pkey on sbtest3  (cost=0.43..6.32 rows=94 width=4)
	  Index Cond: ((id >= 6904482) AND (id <= 6904582))

table 4 : explain SELECT id FROM sbtest4 WHERE id BETWEEN 6904482 AND 6904582
	Index Only Scan using sbtest4_pkey on sbtest4  (cost=0.43..6.50 rows=103 width=4)
	  Index Cond: ((id >= 6904482) AND (id <= 6904582))

table 5 : explain SELECT id FROM sbtest5 WHERE id BETWEEN 6904482 AND 6904582
	Index Only Scan using sbtest5_pkey on sbtest5  (cost=0.43..10.56 rows=106 width=4)
	  Index Cond: ((id >= 6904482) AND (id <= 6904582))

table 6 : explain SELECT id FROM sbtest6 WHERE id BETWEEN 6904482 AND 6904582
	Index Only Scan using sbtest6_pkey on sbtest6  (cost=0.43..6.29 rows=93 width=4)
	  Index Cond: ((id >= 6904482) AND (id <= 6904582))

table 7 : explain SELECT id FROM sbtest7 WHERE id BETWEEN 6904482 AND 6904582
	Index Only Scan using sbtest7_pkey on sbtest7  (cost=0.43..10.47 rows=102 width=4)
	  Index Cond: ((id >= 6904482) AND (id <= 6904582))

table 8 : explain SELECT id FROM sbtest8 WHERE id BETWEEN 6904482 AND 6904582
	Index Only Scan using sbtest8_pkey on sbtest8  (cost=0.43..10.28 rows=92 width=4)
	  Index Cond: ((id >= 6904482) AND (id <= 6904582))

explain: for range-covered :: explain SELECT id FROM sbtest%d WHERE id BETWEEN 2670047 AND 2670147
explain: for range-covered :: explain SELECT id FROM sbtest%d WHERE id BETWEEN 6904482 AND 6904582
for range-covered
table 1 : explain SELECT id FROM sbtest1 WHERE id BETWEEN 4301818 AND 4301918
	Index Only Scan using sbtest1_pkey on sbtest1  (cost=0.43..10.44 rows=100 width=4)
	  Index Cond: ((id >= 4301818) AND (id <= 4301918))

table 2 : explain SELECT id FROM sbtest2 WHERE id BETWEEN 4301818 AND 4301918
	Index Only Scan using sbtest2_pkey on sbtest2  (cost=0.43..6.45 rows=101 width=4)
	  Index Cond: ((id >= 4301818) AND (id <= 4301918))

table 3 : explain SELECT id FROM sbtest3 WHERE id BETWEEN 4301818 AND 4301918
	Index Only Scan using sbtest3_pkey on sbtest3  (cost=0.43..6.59 rows=108 width=4)
	  Index Cond: ((id >= 4301818) AND (id <= 4301918))

table 4 : explain SELECT id FROM sbtest4 WHERE id BETWEEN 4301818 AND 4301918
	Index Only Scan using sbtest4_pkey on sbtest4  (cost=0.43..6.51 rows=104 width=4)
	  Index Cond: ((id >= 4301818) AND (id <= 4301918))

table 5 : explain SELECT id FROM sbtest5 WHERE id BETWEEN 4301818 AND 4301918
	Index Only Scan using sbtest5_pkey on sbtest5  (cost=0.43..10.47 rows=102 width=4)
	  Index Cond: ((id >= 4301818) AND (id <= 4301918))

table 6 : explain SELECT id FROM sbtest6 WHERE id BETWEEN 4301818 AND 4301918
	Index Only Scan using sbtest6_pkey on sbtest6  (cost=0.43..6.37 rows=97 width=4)
	  Index Cond: ((id >= 4301818) AND (id <= 4301918))

table 7 : explain SELECT id FROM sbtest7 WHERE id BETWEEN 4301818 AND 4301918
	Index Only Scan using sbtest7_pkey on sbtest7  (cost=0.43..10.33 rows=95 width=4)
	  Index Cond: ((id >= 4301818) AND (id <= 4301918))

table 8 : explain SELECT id FROM sbtest8 WHERE id BETWEEN 4301818 AND 4301918
	Index Only Scan using sbtest8_pkey on sbtest8  (cost=0.43..10.29 rows=93 width=4)
	  Index Cond: ((id >= 4301818) AND (id <= 4301918))

explain: for range-covered :: explain SELECT id FROM sbtest%d WHERE id BETWEEN 4301818 AND 4301918
for range-covered
table 1 : explain SELECT id FROM sbtest1 WHERE id BETWEEN 8080096 AND 8080196
	Index Only Scan using sbtest1_pkey on sbtest1  (cost=0.43..10.40 rows=98 width=4)
	  Index Cond: ((id >= 8080096) AND (id <= 8080196))

table 2 : explain SELECT id FROM sbtest2 WHERE id BETWEEN 8080096 AND 8080196
	Index Only Scan using sbtest2_pkey on sbtest2  (cost=0.43..6.37 rows=97 width=4)
	  Index Cond: ((id >= 8080096) AND (id <= 8080196))

table 3 : explain SELECT id FROM sbtest3 WHERE id BETWEEN 8080096 AND 8080196
	Index Only Scan using sbtest3_pkey on sbtest3  (cost=0.43..6.32 rows=94 width=4)
	  Index Cond: ((id >= 8080096) AND (id <= 8080196))

table 4 : explain SELECT id FROM sbtest4 WHERE id BETWEEN 8080096 AND 8080196
	Index Only Scan using sbtest4_pkey on sbtest4  (cost=0.43..6.75 rows=116 width=4)
	  Index Cond: ((id >= 8080096) AND (id <= 8080196))

table 5 : explain SELECT id FROM sbtest5 WHERE id BETWEEN 8080096 AND 8080196
	Index Only Scan using sbtest5_pkey on sbtest5  (cost=0.43..10.38 rows=97 width=4)
	  Index Cond: ((id >= 8080096) AND (id <= 8080196))

table 6 : explain SELECT id FROM sbtest6 WHERE id BETWEEN 8080096 AND 8080196
	Index Only Scan using sbtest6_pkey on sbtest6  (cost=0.43..6.47 rows=102 width=4)
	  Index Cond: ((id >= 8080096) AND (id <= 8080196))

table 7 : explain SELECT id FROM sbtest7 WHERE id BETWEEN 8080096 AND 8080196
	Index Only Scan using sbtest7_pkey on sbtest7  (cost=0.43..10.60 rows=108 width=4)
	  Index Cond: ((id >= 8080096) AND (id <= 8080196))

table 8 : explain SELECT id FROM sbtest8 WHERE id BETWEEN 8080096 AND 8080196
	Index Only Scan using sbtest8_pkey on sbtest8  (cost=0.43..10.44 rows=100 width=4)
	  Index Cond: ((id >= 8080096) AND (id <= 8080196))

explain: for range-covered :: explain SELECT id FROM sbtest%d WHERE id BETWEEN 8080096 AND 8080196
explain: for range-covered :: explain SELECT id FROM sbtest%d WHERE id BETWEEN 7138374 AND 7138474
explain: for range-covered :: explain SELECT id FROM sbtest%d WHERE id BETWEEN 5109498 AND 5109598
for range-covered
table 1 : explain SELECT id FROM sbtest1 WHERE id BETWEEN 2670047 AND 2670147
	Index Only Scan using sbtest1_pkey on sbtest1  (cost=0.43..10.60 rows=108 width=4)
	  Index Cond: ((id >= 2670047) AND (id <= 2670147))

table 2 : explain SELECT id FROM sbtest2 WHERE id BETWEEN 2670047 AND 2670147
	Index Only Scan using sbtest2_pkey on sbtest2  (cost=0.43..6.43 rows=100 width=4)
	  Index Cond: ((id >= 2670047) AND (id <= 2670147))

table 3 : explain SELECT id FROM sbtest3 WHERE id BETWEEN 2670047 AND 2670147
	Index Only Scan using sbtest3_pkey on sbtest3  (cost=0.43..6.35 rows=96 width=4)
	  Index Cond: ((id >= 2670047) AND (id <= 2670147))

table 4 : explain SELECT id FROM sbtest4 WHERE id BETWEEN 2670047 AND 2670147
	Index Only Scan using sbtest4_pkey on sbtest4  (cost=0.43..6.25 rows=91 width=4)
	  Index Cond: ((id >= 2670047) AND (id <= 2670147))

table 5 : explain SELECT id FROM sbtest5 WHERE id BETWEEN 2670047 AND 2670147
	Index Only Scan using sbtest5_pkey on sbtest5  (cost=0.43..10.44 rows=100 width=4)
	  Index Cond: ((id >= 2670047) AND (id <= 2670147))

table 6 : explain SELECT id FROM sbtest6 WHERE id BETWEEN 2670047 AND 2670147
	Index Only Scan using sbtest6_pkey on sbtest6  (cost=0.43..6.61 rows=109 width=4)
	  Index Cond: ((id >= 2670047) AND (id <= 2670147))

table 7 : explain SELECT id FROM sbtest7 WHERE id BETWEEN 2670047 AND 2670147
	Index Only Scan using sbtest7_pkey on sbtest7  (cost=0.43..10.47 rows=102 width=4)
	  Index Cond: ((id >= 2670047) AND (id <= 2670147))

table 8 : explain SELECT id FROM sbtest8 WHERE id BETWEEN 2670047 AND 2670147
	Index Only Scan using sbtest8_pkey on sbtest8  (cost=0.43..10.36 rows=96 width=4)
	  Index Cond: ((id >= 2670047) AND (id <= 2670147))

explain: for range-covered :: explain SELECT id FROM sbtest%d WHERE id BETWEEN 2670047 AND 2670147
for range-covered
table 1 : explain SELECT id FROM sbtest1 WHERE id BETWEEN 6904482 AND 6904582
	Index Only Scan using sbtest1_pkey on sbtest1  (cost=0.43..10.40 rows=98 width=4)
	  Index Cond: ((id >= 6904482) AND (id <= 6904582))

table 2 : explain SELECT id FROM sbtest2 WHERE id BETWEEN 6904482 AND 6904582
	Index Only Scan using sbtest2_pkey on sbtest2  (cost=0.43..6.42 rows=99 width=4)
	  Index Cond: ((id >= 6904482) AND (id <= 6904582))

table 3 : explain SELECT id FROM sbtest3 WHERE id BETWEEN 6904482 AND 6904582
	Index Only Scan using sbtest3_pkey on sbtest3  (cost=0.43..6.32 rows=94 width=4)
	  Index Cond: ((id >= 6904482) AND (id <= 6904582))

table 4 : explain SELECT id FROM sbtest4 WHERE id BETWEEN 6904482 AND 6904582
	Index Only Scan using sbtest4_pkey on sbtest4  (cost=0.43..6.50 rows=103 width=4)
	  Index Cond: ((id >= 6904482) AND (id <= 6904582))

table 5 : explain SELECT id FROM sbtest5 WHERE id BETWEEN 6904482 AND 6904582
	Index Only Scan using sbtest5_pkey on sbtest5  (cost=0.43..10.56 rows=106 width=4)
	  Index Cond: ((id >= 6904482) AND (id <= 6904582))

table 6 : explain SELECT id FROM sbtest6 WHERE id BETWEEN 6904482 AND 6904582
	Index Only Scan using sbtest6_pkey on sbtest6  (cost=0.43..6.29 rows=93 width=4)
	  Index Cond: ((id >= 6904482) AND (id <= 6904582))

table 7 : explain SELECT id FROM sbtest7 WHERE id BETWEEN 6904482 AND 6904582
	Index Only Scan using sbtest7_pkey on sbtest7  (cost=0.43..10.47 rows=102 width=4)
	  Index Cond: ((id >= 6904482) AND (id <= 6904582))

table 8 : explain SELECT id FROM sbtest8 WHERE id BETWEEN 6904482 AND 6904582
	Index Only Scan using sbtest8_pkey on sbtest8  (cost=0.43..10.28 rows=92 width=4)
	  Index Cond: ((id >= 6904482) AND (id <= 6904582))

for range-covered
table 1 : explain SELECT id FROM sbtest1 WHERE id BETWEEN 4301818 AND 4301918
	Index Only Scan using sbtest1_pkey on sbtest1  (cost=0.43..10.44 rows=100 width=4)
	  Index Cond: ((id >= 4301818) AND (id <= 4301918))

table 2 : explain SELECT id FROM sbtest2 WHERE id BETWEEN 4301818 AND 4301918
	Index Only Scan using sbtest2_pkey on sbtest2  (cost=0.43..6.45 rows=101 width=4)
	  Index Cond: ((id >= 4301818) AND (id <= 4301918))

table 3 : explain SELECT id FROM sbtest3 WHERE id BETWEEN 4301818 AND 4301918
	Index Only Scan using sbtest3_pkey on sbtest3  (cost=0.43..6.59 rows=108 width=4)
	  Index Cond: ((id >= 4301818) AND (id <= 4301918))

table 4 : explain SELECT id FROM sbtest4 WHERE id BETWEEN 4301818 AND 4301918
	Index Only Scan using sbtest4_pkey on sbtest4  (cost=0.43..6.51 rows=104 width=4)
	  Index Cond: ((id >= 4301818) AND (id <= 4301918))

table 5 : explain SELECT id FROM sbtest5 WHERE id BETWEEN 4301818 AND 4301918
	Index Only Scan using sbtest5_pkey on sbtest5  (cost=0.43..10.47 rows=102 width=4)
	  Index Cond: ((id >= 4301818) AND (id <= 4301918))

table 6 : explain SELECT id FROM sbtest6 WHERE id BETWEEN 4301818 AND 4301918
	Index Only Scan using sbtest6_pkey on sbtest6  (cost=0.43..6.37 rows=97 width=4)
	  Index Cond: ((id >= 4301818) AND (id <= 4301918))

table 7 : explain SELECT id FROM sbtest7 WHERE id BETWEEN 4301818 AND 4301918
	Index Only Scan using sbtest7_pkey on sbtest7  (cost=0.43..10.33 rows=95 width=4)
	  Index Cond: ((id >= 4301818) AND (id <= 4301918))

table 8 : explain SELECT id FROM sbtest8 WHERE id BETWEEN 4301818 AND 4301918
	Index Only Scan using sbtest8_pkey on sbtest8  (cost=0.43..10.29 rows=93 width=4)
	  Index Cond: ((id >= 4301818) AND (id <= 4301918))

explain: for range-covered :: explain SELECT id FROM sbtest%d WHERE id BETWEEN 6904482 AND 6904582
explain: for range-covered :: explain SELECT id FROM sbtest%d WHERE id BETWEEN 4301818 AND 4301918
for range-covered
table 1 : explain SELECT id FROM sbtest1 WHERE id BETWEEN 8080096 AND 8080196
	Index Only Scan using sbtest1_pkey on sbtest1  (cost=0.43..10.40 rows=98 width=4)
	  Index Cond: ((id >= 8080096) AND (id <= 8080196))

table 2 : explain SELECT id FROM sbtest2 WHERE id BETWEEN 8080096 AND 8080196
	Index Only Scan using sbtest2_pkey on sbtest2  (cost=0.43..6.37 rows=97 width=4)
	  Index Cond: ((id >= 8080096) AND (id <= 8080196))

table 3 : explain SELECT id FROM sbtest3 WHERE id BETWEEN 8080096 AND 8080196
	Index Only Scan using sbtest3_pkey on sbtest3  (cost=0.43..6.32 rows=94 width=4)
	  Index Cond: ((id >= 8080096) AND (id <= 8080196))

table 4 : explain SELECT id FROM sbtest4 WHERE id BETWEEN 8080096 AND 8080196
	Index Only Scan using sbtest4_pkey on sbtest4  (cost=0.43..6.75 rows=116 width=4)
	  Index Cond: ((id >= 8080096) AND (id <= 8080196))

table 5 : explain SELECT id FROM sbtest5 WHERE id BETWEEN 8080096 AND 8080196
	Index Only Scan using sbtest5_pkey on sbtest5  (cost=0.43..10.38 rows=97 width=4)
	  Index Cond: ((id >= 8080096) AND (id <= 8080196))

table 6 : explain SELECT id FROM sbtest6 WHERE id BETWEEN 8080096 AND 8080196
	Index Only Scan using sbtest6_pkey on sbtest6  (cost=0.43..6.47 rows=102 width=4)
	  Index Cond: ((id >= 8080096) AND (id <= 8080196))

table 7 : explain SELECT id FROM sbtest7 WHERE id BETWEEN 8080096 AND 8080196
	Index Only Scan using sbtest7_pkey on sbtest7  (cost=0.43..10.60 rows=108 width=4)
	  Index Cond: ((id >= 8080096) AND (id <= 8080196))

table 8 : explain SELECT id FROM sbtest8 WHERE id BETWEEN 8080096 AND 8080196
	Index Only Scan using sbtest8_pkey on sbtest8  (cost=0.43..10.44 rows=100 width=4)
	  Index Cond: ((id >= 8080096) AND (id <= 8080196))

explain: for range-covered :: explain SELECT id FROM sbtest%d WHERE id BETWEEN 8080096 AND 8080196
for range-covered
table 1 : explain SELECT id FROM sbtest1 WHERE id BETWEEN 5326794 AND 5326894
	Index Only Scan using sbtest1_pkey on sbtest1  (cost=0.43..10.47 rows=102 width=4)
	  Index Cond: ((id >= 5326794) AND (id <= 5326894))

table 2 : explain SELECT id FROM sbtest2 WHERE id BETWEEN 5326794 AND 5326894
	Index Only Scan using sbtest2_pkey on sbtest2  (cost=0.43..6.61 rows=109 width=4)
	  Index Cond: ((id >= 5326794) AND (id <= 5326894))

table 3 : explain SELECT id FROM sbtest3 WHERE id BETWEEN 5326794 AND 5326894
	Index Only Scan using sbtest3_pkey on sbtest3  (cost=0.43..6.32 rows=94 width=4)
	  Index Cond: ((id >= 5326794) AND (id <= 5326894))

table 4 : explain SELECT id FROM sbtest4 WHERE id BETWEEN 5326794 AND 5326894
	Index Only Scan using sbtest4_pkey on sbtest4  (cost=0.43..6.53 rows=105 width=4)
	  Index Cond: ((id >= 5326794) AND (id <= 5326894))

table 5 : explain SELECT id FROM sbtest5 WHERE id BETWEEN 5326794 AND 5326894
	Index Only Scan using sbtest5_pkey on sbtest5  (cost=0.43..10.46 rows=101 width=4)
	  Index Cond: ((id >= 5326794) AND (id <= 5326894))

table 6 : explain SELECT id FROM sbtest6 WHERE id BETWEEN 5326794 AND 5326894
	Index Only Scan using sbtest6_pkey on sbtest6  (cost=0.43..6.42 rows=99 width=4)
	  Index Cond: ((id >= 5326794) AND (id <= 5326894))

table 7 : explain SELECT id FROM sbtest7 WHERE id BETWEEN 5326794 AND 5326894
	Index Only Scan using sbtest7_pkey on sbtest7  (cost=0.43..10.42 rows=99 width=4)
	  Index Cond: ((id >= 5326794) AND (id <= 5326894))

table 8 : explain SELECT id FROM sbtest8 WHERE id BETWEEN 5326794 AND 5326894
	Index Only Scan using sbtest8_pkey on sbtest8  (cost=0.43..10.47 rows=102 width=4)
	  Index Cond: ((id >= 5326794) AND (id <= 5326894))

for range-covered
table 1 : explain SELECT id FROM sbtest1 WHERE id BETWEEN 2180033 AND 2180133
	Index Only Scan using sbtest1_pkey on sbtest1  (cost=0.43..10.65 rows=111 width=4)
	  Index Cond: ((id >= 2180033) AND (id <= 2180133))

table 2 : explain SELECT id FROM sbtest2 WHERE id BETWEEN 2180033 AND 2180133
	Index Only Scan using sbtest2_pkey on sbtest2  (cost=0.43..6.42 rows=99 width=4)
	  Index Cond: ((id >= 2180033) AND (id <= 2180133))

table 3 : explain SELECT id FROM sbtest3 WHERE id BETWEEN 2180033 AND 2180133
	Index Only Scan using sbtest3_pkey on sbtest3  (cost=0.43..6.37 rows=97 width=4)
	  Index Cond: ((id >= 2180033) AND (id <= 2180133))

table 4 : explain SELECT id FROM sbtest4 WHERE id BETWEEN 2180033 AND 2180133
	Index Only Scan using sbtest4_pkey on sbtest4  (cost=0.43..6.29 rows=93 width=4)
	  Index Cond: ((id >= 2180033) AND (id <= 2180133))

table 5 : explain SELECT id FROM sbtest5 WHERE id BETWEEN 2180033 AND 2180133
	Index Only Scan using sbtest5_pkey on sbtest5  (cost=0.43..10.50 rows=103 width=4)
	  Index Cond: ((id >= 2180033) AND (id <= 2180133))

table 6 : explain SELECT id FROM sbtest6 WHERE id BETWEEN 2180033 AND 2180133
	Index Only Scan using sbtest6_pkey on sbtest6  (cost=0.43..6.35 rows=96 width=4)
	  Index Cond: ((id >= 2180033) AND (id <= 2180133))

table 7 : explain SELECT id FROM sbtest7 WHERE id BETWEEN 2180033 AND 2180133
	Index Only Scan using sbtest7_pkey on sbtest7  (cost=0.43..10.46 rows=101 width=4)
	  Index Cond: ((id >= 2180033) AND (id <= 2180133))

table 8 : explain SELECT id FROM sbtest8 WHERE id BETWEEN 2180033 AND 2180133
	Index Only Scan using sbtest8_pkey on sbtest8  (cost=0.43..10.36 rows=96 width=4)
	  Index Cond: ((id >= 2180033) AND (id <= 2180133))

for range-covered
table 1 : explain SELECT id FROM sbtest1 WHERE id BETWEEN 2670047 AND 2670147
	Index Only Scan using sbtest1_pkey on sbtest1  (cost=0.43..10.60 rows=108 width=4)
	  Index Cond: ((id >= 2670047) AND (id <= 2670147))

table 2 : explain SELECT id FROM sbtest2 WHERE id BETWEEN 2670047 AND 2670147
	Index Only Scan using sbtest2_pkey on sbtest2  (cost=0.43..6.43 rows=100 width=4)
	  Index Cond: ((id >= 2670047) AND (id <= 2670147))

table 3 : explain SELECT id FROM sbtest3 WHERE id BETWEEN 2670047 AND 2670147
	Index Only Scan using sbtest3_pkey on sbtest3  (cost=0.43..6.35 rows=96 width=4)
	  Index Cond: ((id >= 2670047) AND (id <= 2670147))

table 4 : explain SELECT id FROM sbtest4 WHERE id BETWEEN 2670047 AND 2670147
	Index Only Scan using sbtest4_pkey on sbtest4  (cost=0.43..6.25 rows=91 width=4)
	  Index Cond: ((id >= 2670047) AND (id <= 2670147))

table 5 : explain SELECT id FROM sbtest5 WHERE id BETWEEN 2670047 AND 2670147
	Index Only Scan using sbtest5_pkey on sbtest5  (cost=0.43..10.44 rows=100 width=4)
	  Index Cond: ((id >= 2670047) AND (id <= 2670147))

table 6 : explain SELECT id FROM sbtest6 WHERE id BETWEEN 2670047 AND 2670147
	Index Only Scan using sbtest6_pkey on sbtest6  (cost=0.43..6.61 rows=109 width=4)
	  Index Cond: ((id >= 2670047) AND (id <= 2670147))

table 7 : explain SELECT id FROM sbtest7 WHERE id BETWEEN 2670047 AND 2670147
	Index Only Scan using sbtest7_pkey on sbtest7  (cost=0.43..10.47 rows=102 width=4)
	  Index Cond: ((id >= 2670047) AND (id <= 2670147))

table 8 : explain SELECT id FROM sbtest8 WHERE id BETWEEN 2670047 AND 2670147
	Index Only Scan using sbtest8_pkey on sbtest8  (cost=0.43..10.36 rows=96 width=4)
	  Index Cond: ((id >= 2670047) AND (id <= 2670147))

explain: for range-covered :: explain SELECT id FROM sbtest%d WHERE id BETWEEN 2670047 AND 2670147
for range-covered
table 1 : explain SELECT id FROM sbtest1 WHERE id BETWEEN 4301818 AND 4301918
	Index Only Scan using sbtest1_pkey on sbtest1  (cost=0.43..10.44 rows=100 width=4)
	  Index Cond: ((id >= 4301818) AND (id <= 4301918))

table 2 : explain SELECT id FROM sbtest2 WHERE id BETWEEN 4301818 AND 4301918
	Index Only Scan using sbtest2_pkey on sbtest2  (cost=0.43..6.45 rows=101 width=4)
	  Index Cond: ((id >= 4301818) AND (id <= 4301918))

table 3 : explain SELECT id FROM sbtest3 WHERE id BETWEEN 4301818 AND 4301918
	Index Only Scan using sbtest3_pkey on sbtest3  (cost=0.43..6.59 rows=108 width=4)
	  Index Cond: ((id >= 4301818) AND (id <= 4301918))

table 4 : explain SELECT id FROM sbtest4 WHERE id BETWEEN 4301818 AND 4301918
	Index Only Scan using sbtest4_pkey on sbtest4  (cost=0.43..6.51 rows=104 width=4)
	  Index Cond: ((id >= 4301818) AND (id <= 4301918))

table 5 : explain SELECT id FROM sbtest5 WHERE id BETWEEN 4301818 AND 4301918
	Index Only Scan using sbtest5_pkey on sbtest5  (cost=0.43..10.47 rows=102 width=4)
	  Index Cond: ((id >= 4301818) AND (id <= 4301918))

table 6 : explain SELECT id FROM sbtest6 WHERE id BETWEEN 4301818 AND 4301918
	Index Only Scan using sbtest6_pkey on sbtest6  (cost=0.43..6.37 rows=97 width=4)
	  Index Cond: ((id >= 4301818) AND (id <= 4301918))

table 7 : explain SELECT id FROM sbtest7 WHERE id BETWEEN 4301818 AND 4301918
	Index Only Scan using sbtest7_pkey on sbtest7  (cost=0.43..10.33 rows=95 width=4)
	  Index Cond: ((id >= 4301818) AND (id <= 4301918))

table 8 : explain SELECT id FROM sbtest8 WHERE id BETWEEN 4301818 AND 4301918
	Index Only Scan using sbtest8_pkey on sbtest8  (cost=0.43..10.29 rows=93 width=4)
	  Index Cond: ((id >= 4301818) AND (id <= 4301918))

for range-covered
table 1 : explain SELECT id FROM sbtest1 WHERE id BETWEEN 6904482 AND 6904582
	Index Only Scan using sbtest1_pkey on sbtest1  (cost=0.43..10.40 rows=98 width=4)
	  Index Cond: ((id >= 6904482) AND (id <= 6904582))

table 2 : explain SELECT id FROM sbtest2 WHERE id BETWEEN 6904482 AND 6904582
	Index Only Scan using sbtest2_pkey on sbtest2  (cost=0.43..6.42 rows=99 width=4)
	  Index Cond: ((id >= 6904482) AND (id <= 6904582))

table 3 : explain SELECT id FROM sbtest3 WHERE id BETWEEN 6904482 AND 6904582
	Index Only Scan using sbtest3_pkey on sbtest3  (cost=0.43..6.32 rows=94 width=4)
	  Index Cond: ((id >= 6904482) AND (id <= 6904582))

table 4 : explain SELECT id FROM sbtest4 WHERE id BETWEEN 6904482 AND 6904582
	Index Only Scan using sbtest4_pkey on sbtest4  (cost=0.43..6.50 rows=103 width=4)
	  Index Cond: ((id >= 6904482) AND (id <= 6904582))

table 5 : explain SELECT id FROM sbtest5 WHERE id BETWEEN 6904482 AND 6904582
	Index Only Scan using sbtest5_pkey on sbtest5  (cost=0.43..10.56 rows=106 width=4)
	  Index Cond: ((id >= 6904482) AND (id <= 6904582))

table 6 : explain SELECT id FROM sbtest6 WHERE id BETWEEN 6904482 AND 6904582
	Index Only Scan using sbtest6_pkey on sbtest6  (cost=0.43..6.29 rows=93 width=4)
	  Index Cond: ((id >= 6904482) AND (id <= 6904582))

table 7 : explain SELECT id FROM sbtest7 WHERE id BETWEEN 6904482 AND 6904582
	Index Only Scan using sbtest7_pkey on sbtest7  (cost=0.43..10.47 rows=102 width=4)
	  Index Cond: ((id >= 6904482) AND (id <= 6904582))

table 8 : explain SELECT id FROM sbtest8 WHERE id BETWEEN 6904482 AND 6904582
	Index Only Scan using sbtest8_pkey on sbtest8  (cost=0.43..10.28 rows=92 width=4)
	  Index Cond: ((id >= 6904482) AND (id <= 6904582))

for range-covered
table 1 : explain SELECT id FROM sbtest1 WHERE id BETWEEN 8080096 AND 8080196
	Index Only Scan using sbtest1_pkey on sbtest1  (cost=0.43..10.40 rows=98 width=4)
	  Index Cond: ((id >= 8080096) AND (id <= 8080196))

table 2 : explain SELECT id FROM sbtest2 WHERE id BETWEEN 8080096 AND 8080196
	Index Only Scan using sbtest2_pkey on sbtest2  (cost=0.43..6.37 rows=97 width=4)
	  Index Cond: ((id >= 8080096) AND (id <= 8080196))

table 3 : explain SELECT id FROM sbtest3 WHERE id BETWEEN 8080096 AND 8080196
	Index Only Scan using sbtest3_pkey on sbtest3  (cost=0.43..6.32 rows=94 width=4)
	  Index Cond: ((id >= 8080096) AND (id <= 8080196))

table 4 : explain SELECT id FROM sbtest4 WHERE id BETWEEN 8080096 AND 8080196
	Index Only Scan using sbtest4_pkey on sbtest4  (cost=0.43..6.75 rows=116 width=4)
	  Index Cond: ((id >= 8080096) AND (id <= 8080196))

table 5 : explain SELECT id FROM sbtest5 WHERE id BETWEEN 8080096 AND 8080196
	Index Only Scan using sbtest5_pkey on sbtest5  (cost=0.43..10.38 rows=97 width=4)
	  Index Cond: ((id >= 8080096) AND (id <= 8080196))

table 6 : explain SELECT id FROM sbtest6 WHERE id BETWEEN 8080096 AND 8080196
	Index Only Scan using sbtest6_pkey on sbtest6  (cost=0.43..6.47 rows=102 width=4)
	  Index Cond: ((id >= 8080096) AND (id <= 8080196))

table 7 : explain SELECT id FROM sbtest7 WHERE id BETWEEN 8080096 AND 8080196
	Index Only Scan using sbtest7_pkey on sbtest7  (cost=0.43..10.60 rows=108 width=4)
	  Index Cond: ((id >= 8080096) AND (id <= 8080196))

table 8 : explain SELECT id FROM sbtest8 WHERE id BETWEEN 8080096 AND 8080196
	Index Only Scan using sbtest8_pkey on sbtest8  (cost=0.43..10.44 rows=100 width=4)
	  Index Cond: ((id >= 8080096) AND (id <= 8080196))

explain: for range-covered :: explain SELECT id FROM sbtest%d WHERE id BETWEEN 2180033 AND 2180133
explain: for range-covered :: explain SELECT id FROM sbtest%d WHERE id BETWEEN 8080096 AND 8080196
explain: for range-covered :: explain SELECT id FROM sbtest%d WHERE id BETWEEN 6904482 AND 6904582
for range-covered
table 1 : explain SELECT id FROM sbtest1 WHERE id BETWEEN 2670047 AND 2670147
	Index Only Scan using sbtest1_pkey on sbtest1  (cost=0.43..10.60 rows=108 width=4)
	  Index Cond: ((id >= 2670047) AND (id <= 2670147))

table 2 : explain SELECT id FROM sbtest2 WHERE id BETWEEN 2670047 AND 2670147
	Index Only Scan using sbtest2_pkey on sbtest2  (cost=0.43..6.43 rows=100 width=4)
	  Index Cond: ((id >= 2670047) AND (id <= 2670147))

table 3 : explain SELECT id FROM sbtest3 WHERE id BETWEEN 2670047 AND 2670147
	Index Only Scan using sbtest3_pkey on sbtest3  (cost=0.43..6.35 rows=96 width=4)
	  Index Cond: ((id >= 2670047) AND (id <= 2670147))

table 4 : explain SELECT id FROM sbtest4 WHERE id BETWEEN 2670047 AND 2670147
	Index Only Scan using sbtest4_pkey on sbtest4  (cost=0.43..6.25 rows=91 width=4)
	  Index Cond: ((id >= 2670047) AND (id <= 2670147))

table 5 : explain SELECT id FROM sbtest5 WHERE id BETWEEN 2670047 AND 2670147
	Index Only Scan using sbtest5_pkey on sbtest5  (cost=0.43..10.44 rows=100 width=4)
	  Index Cond: ((id >= 2670047) AND (id <= 2670147))

table 6 : explain SELECT id FROM sbtest6 WHERE id BETWEEN 2670047 AND 2670147
	Index Only Scan using sbtest6_pkey on sbtest6  (cost=0.43..6.61 rows=109 width=4)
	  Index Cond: ((id >= 2670047) AND (id <= 2670147))

table 7 : explain SELECT id FROM sbtest7 WHERE id BETWEEN 2670047 AND 2670147
	Index Only Scan using sbtest7_pkey on sbtest7  (cost=0.43..10.47 rows=102 width=4)
	  Index Cond: ((id >= 2670047) AND (id <= 2670147))

table 8 : explain SELECT id FROM sbtest8 WHERE id BETWEEN 2670047 AND 2670147
	Index Only Scan using sbtest8_pkey on sbtest8  (cost=0.43..10.36 rows=96 width=4)
	  Index Cond: ((id >= 2670047) AND (id <= 2670147))

explain: for range-covered :: explain SELECT id FROM sbtest%d WHERE id BETWEEN 2670047 AND 2670147
for range-covered
table 1 : explain SELECT id FROM sbtest1 WHERE id BETWEEN 6904482 AND 6904582
	Index Only Scan using sbtest1_pkey on sbtest1  (cost=0.43..10.40 rows=98 width=4)
	  Index Cond: ((id >= 6904482) AND (id <= 6904582))

table 2 : explain SELECT id FROM sbtest2 WHERE id BETWEEN 6904482 AND 6904582
	Index Only Scan using sbtest2_pkey on sbtest2  (cost=0.43..6.42 rows=99 width=4)
	  Index Cond: ((id >= 6904482) AND (id <= 6904582))

table 3 : explain SELECT id FROM sbtest3 WHERE id BETWEEN 6904482 AND 6904582
	Index Only Scan using sbtest3_pkey on sbtest3  (cost=0.43..6.32 rows=94 width=4)
	  Index Cond: ((id >= 6904482) AND (id <= 6904582))

table 4 : explain SELECT id FROM sbtest4 WHERE id BETWEEN 6904482 AND 6904582
	Index Only Scan using sbtest4_pkey on sbtest4  (cost=0.43..6.50 rows=103 width=4)
	  Index Cond: ((id >= 6904482) AND (id <= 6904582))

table 5 : explain SELECT id FROM sbtest5 WHERE id BETWEEN 6904482 AND 6904582
	Index Only Scan using sbtest5_pkey on sbtest5  (cost=0.43..10.56 rows=106 width=4)
	  Index Cond: ((id >= 6904482) AND (id <= 6904582))

table 6 : explain SELECT id FROM sbtest6 WHERE id BETWEEN 6904482 AND 6904582
	Index Only Scan using sbtest6_pkey on sbtest6  (cost=0.43..6.29 rows=93 width=4)
	  Index Cond: ((id >= 6904482) AND (id <= 6904582))

table 7 : explain SELECT id FROM sbtest7 WHERE id BETWEEN 6904482 AND 6904582
	Index Only Scan using sbtest7_pkey on sbtest7  (cost=0.43..10.47 rows=102 width=4)
	  Index Cond: ((id >= 6904482) AND (id <= 6904582))

table 8 : explain SELECT id FROM sbtest8 WHERE id BETWEEN 6904482 AND 6904582
	Index Only Scan using sbtest8_pkey on sbtest8  (cost=0.43..10.28 rows=92 width=4)
	  Index Cond: ((id >= 6904482) AND (id <= 6904582))

for range-covered
table 1 : explain SELECT id FROM sbtest1 WHERE id BETWEEN 8080096 AND 8080196
	Index Only Scan using sbtest1_pkey on sbtest1  (cost=0.43..10.40 rows=98 width=4)
	  Index Cond: ((id >= 8080096) AND (id <= 8080196))

table 2 : explain SELECT id FROM sbtest2 WHERE id BETWEEN 8080096 AND 8080196
	Index Only Scan using sbtest2_pkey on sbtest2  (cost=0.43..6.37 rows=97 width=4)
	  Index Cond: ((id >= 8080096) AND (id <= 8080196))

table 3 : explain SELECT id FROM sbtest3 WHERE id BETWEEN 8080096 AND 8080196
	Index Only Scan using sbtest3_pkey on sbtest3  (cost=0.43..6.32 rows=94 width=4)
	  Index Cond: ((id >= 8080096) AND (id <= 8080196))

table 4 : explain SELECT id FROM sbtest4 WHERE id BETWEEN 8080096 AND 8080196
	Index Only Scan using sbtest4_pkey on sbtest4  (cost=0.43..6.75 rows=116 width=4)
	  Index Cond: ((id >= 8080096) AND (id <= 8080196))

table 5 : explain SELECT id FROM sbtest5 WHERE id BETWEEN 8080096 AND 8080196
	Index Only Scan using sbtest5_pkey on sbtest5  (cost=0.43..10.38 rows=97 width=4)
	  Index Cond: ((id >= 8080096) AND (id <= 8080196))

table 6 : explain SELECT id FROM sbtest6 WHERE id BETWEEN 8080096 AND 8080196
	Index Only Scan using sbtest6_pkey on sbtest6  (cost=0.43..6.47 rows=102 width=4)
	  Index Cond: ((id >= 8080096) AND (id <= 8080196))

table 7 : explain SELECT id FROM sbtest7 WHERE id BETWEEN 8080096 AND 8080196
	Index Only Scan using sbtest7_pkey on sbtest7  (cost=0.43..10.60 rows=108 width=4)
	  Index Cond: ((id >= 8080096) AND (id <= 8080196))

table 8 : explain SELECT id FROM sbtest8 WHERE id BETWEEN 8080096 AND 8080196
	Index Only Scan using sbtest8_pkey on sbtest8  (cost=0.43..10.44 rows=100 width=4)
	  Index Cond: ((id >= 8080096) AND (id <= 8080196))

explain: for range-covered :: explain SELECT id FROM sbtest%d WHERE id BETWEEN 6904482 AND 6904582
for range-covered
table 1 : explain SELECT id FROM sbtest1 WHERE id BETWEEN 5620870 AND 5620970
	Index Only Scan using sbtest1_pkey on sbtest1  (cost=0.43..10.47 rows=102 width=4)
	  Index Cond: ((id >= 5620870) AND (id <= 5620970))

table 2 : explain SELECT id FROM sbtest2 WHERE id BETWEEN 5620870 AND 5620970
	Index Only Scan using sbtest2_pkey on sbtest2  (cost=0.43..6.50 rows=103 width=4)
	  Index Cond: ((id >= 5620870) AND (id <= 5620970))

table 3 : explain SELECT id FROM sbtest3 WHERE id BETWEEN 5620870 AND 5620970
	Index Only Scan using sbtest3_pkey on sbtest3  (cost=0.43..6.37 rows=97 width=4)
	  Index Cond: ((id >= 5620870) AND (id <= 5620970))

table 4 : explain SELECT id FROM sbtest4 WHERE id BETWEEN 5620870 AND 5620970
	Index Only Scan using sbtest4_pkey on sbtest4  (cost=0.43..6.43 rows=100 width=4)
	  Index Cond: ((id >= 5620870) AND (id <= 5620970))

table 5 : explain SELECT id FROM sbtest5 WHERE id BETWEEN 5620870 AND 5620970
	Index Only Scan using sbtest5_pkey on sbtest5  (cost=0.43..10.40 rows=98 width=4)
	  Index Cond: ((id >= 5620870) AND (id <= 5620970))

table 6 : explain SELECT id FROM sbtest6 WHERE id BETWEEN 5620870 AND 5620970
	Index Only Scan using sbtest6_pkey on sbtest6  (cost=0.43..6.53 rows=105 width=4)
	  Index Cond: ((id >= 5620870) AND (id <= 5620970))

table 7 : explain SELECT id FROM sbtest7 WHERE id BETWEEN 5620870 AND 5620970
	Index Only Scan using sbtest7_pkey on sbtest7  (cost=0.43..10.38 rows=97 width=4)
	  Index Cond: ((id >= 5620870) AND (id <= 5620970))

table 8 : explain SELECT id FROM sbtest8 WHERE id BETWEEN 5620870 AND 5620970
	Index Only Scan using sbtest8_pkey on sbtest8  (cost=0.43..10.65 rows=111 width=4)
	  Index Cond: ((id >= 5620870) AND (id <= 5620970))

for range-covered
table 1 : explain SELECT id FROM sbtest1 WHERE id BETWEEN 7384090 AND 7384190
	Index Only Scan using sbtest1_pkey on sbtest1  (cost=0.43..10.24 rows=90 width=4)
	  Index Cond: ((id >= 7384090) AND (id <= 7384190))

table 2 : explain SELECT id FROM sbtest2 WHERE id BETWEEN 7384090 AND 7384190
	Index Only Scan using sbtest2_pkey on sbtest2  (cost=0.43..6.40 rows=98 width=4)
	  Index Cond: ((id >= 7384090) AND (id <= 7384190))

table 3 : explain SELECT id FROM sbtest3 WHERE id BETWEEN 7384090 AND 7384190
	Index Only Scan using sbtest3_pkey on sbtest3  (cost=0.43..6.29 rows=93 width=4)
	  Index Cond: ((id >= 7384090) AND (id <= 7384190))

table 4 : explain SELECT id FROM sbtest4 WHERE id BETWEEN 7384090 AND 7384190
	Index Only Scan using sbtest4_pkey on sbtest4  (cost=0.43..6.42 rows=99 width=4)
	  Index Cond: ((id >= 7384090) AND (id <= 7384190))

table 5 : explain SELECT id FROM sbtest5 WHERE id BETWEEN 7384090 AND 7384190
	Index Only Scan using sbtest5_pkey on sbtest5  (cost=0.43..10.62 rows=109 width=4)
	  Index Cond: ((id >= 7384090) AND (id <= 7384190))

table 6 : explain SELECT id FROM sbtest6 WHERE id BETWEEN 7384090 AND 7384190
	Index Only Scan using sbtest6_pkey on sbtest6  (cost=0.43..6.42 rows=99 width=4)
	  Index Cond: ((id >= 7384090) AND (id <= 7384190))

table 7 : explain SELECT id FROM sbtest7 WHERE id BETWEEN 7384090 AND 7384190
	Index Only Scan using sbtest7_pkey on sbtest7  (cost=0.43..10.44 rows=100 width=4)
	  Index Cond: ((id >= 7384090) AND (id <= 7384190))

table 8 : explain SELECT id FROM sbtest8 WHERE id BETWEEN 7384090 AND 7384190
	Index Only Scan using sbtest8_pkey on sbtest8  (cost=0.43..10.42 rows=99 width=4)
	  Index Cond: ((id >= 7384090) AND (id <= 7384190))

explain: for range-covered :: explain SELECT id FROM sbtest%d WHERE id BETWEEN 7384090 AND 7384190
explain: for range-covered :: explain SELECT id FROM sbtest%d WHERE id BETWEEN 5620870 AND 5620970
explain: for range-covered :: explain SELECT id FROM sbtest%d WHERE id BETWEEN 3326916 AND 3327016
for range-covered
table 1 : explain SELECT id FROM sbtest1 WHERE id BETWEEN 5109498 AND 5109598
	Index Only Scan using sbtest1_pkey on sbtest1  (cost=0.43..10.33 rows=95 width=4)
	  Index Cond: ((id >= 5109498) AND (id <= 5109598))

table 2 : explain SELECT id FROM sbtest2 WHERE id BETWEEN 5109498 AND 5109598
	Index Only Scan using sbtest2_pkey on sbtest2  (cost=0.43..6.53 rows=105 width=4)
	  Index Cond: ((id >= 5109498) AND (id <= 5109598))

table 3 : explain SELECT id FROM sbtest3 WHERE id BETWEEN 5109498 AND 5109598
	Index Only Scan using sbtest3_pkey on sbtest3  (cost=0.43..6.29 rows=93 width=4)
	  Index Cond: ((id >= 5109498) AND (id <= 5109598))

table 4 : explain SELECT id FROM sbtest4 WHERE id BETWEEN 5109498 AND 5109598
	Index Only Scan using sbtest4_pkey on sbtest4  (cost=0.43..6.58 rows=107 width=4)
	  Index Cond: ((id >= 5109498) AND (id <= 5109598))

table 5 : explain SELECT id FROM sbtest5 WHERE id BETWEEN 5109498 AND 5109598
	Index Only Scan using sbtest5_pkey on sbtest5  (cost=0.43..10.36 rows=96 width=4)
	  Index Cond: ((id >= 5109498) AND (id <= 5109598))

table 6 : explain SELECT id FROM sbtest6 WHERE id BETWEEN 5109498 AND 5109598
	Index Only Scan using sbtest6_pkey on sbtest6  (cost=0.43..6.27 rows=92 width=4)
	  Index Cond: ((id >= 5109498) AND (id <= 5109598))

table 7 : explain SELECT id FROM sbtest7 WHERE id BETWEEN 5109498 AND 5109598
	Index Only Scan using sbtest7_pkey on sbtest7  (cost=0.43..10.40 rows=98 width=4)
	  Index Cond: ((id >= 5109498) AND (id <= 5109598))

table 8 : explain SELECT id FROM sbtest8 WHERE id BETWEEN 5109498 AND 5109598
	Index Only Scan using sbtest8_pkey on sbtest8  (cost=0.43..10.38 rows=97 width=4)
	  Index Cond: ((id >= 5109498) AND (id <= 5109598))

explain: for range-covered :: explain SELECT id FROM sbtest%d WHERE id BETWEEN 5109498 AND 5109598
for range-covered
table 1 : explain SELECT id FROM sbtest1 WHERE id BETWEEN 6904482 AND 6904582
	Index Only Scan using sbtest1_pkey on sbtest1  (cost=0.43..10.40 rows=98 width=4)
	  Index Cond: ((id >= 6904482) AND (id <= 6904582))

table 2 : explain SELECT id FROM sbtest2 WHERE id BETWEEN 6904482 AND 6904582
	Index Only Scan using sbtest2_pkey on sbtest2  (cost=0.43..6.42 rows=99 width=4)
	  Index Cond: ((id >= 6904482) AND (id <= 6904582))

table 3 : explain SELECT id FROM sbtest3 WHERE id BETWEEN 6904482 AND 6904582
	Index Only Scan using sbtest3_pkey on sbtest3  (cost=0.43..6.32 rows=94 width=4)
	  Index Cond: ((id >= 6904482) AND (id <= 6904582))

table 4 : explain SELECT id FROM sbtest4 WHERE id BETWEEN 6904482 AND 6904582
	Index Only Scan using sbtest4_pkey on sbtest4  (cost=0.43..6.50 rows=103 width=4)
	  Index Cond: ((id >= 6904482) AND (id <= 6904582))

table 5 : explain SELECT id FROM sbtest5 WHERE id BETWEEN 6904482 AND 6904582
	Index Only Scan using sbtest5_pkey on sbtest5  (cost=0.43..10.56 rows=106 width=4)
	  Index Cond: ((id >= 6904482) AND (id <= 6904582))

table 6 : explain SELECT id FROM sbtest6 WHERE id BETWEEN 6904482 AND 6904582
	Index Only Scan using sbtest6_pkey on sbtest6  (cost=0.43..6.29 rows=93 width=4)
	  Index Cond: ((id >= 6904482) AND (id <= 6904582))

table 7 : explain SELECT id FROM sbtest7 WHERE id BETWEEN 6904482 AND 6904582
	Index Only Scan using sbtest7_pkey on sbtest7  (cost=0.43..10.47 rows=102 width=4)
	  Index Cond: ((id >= 6904482) AND (id <= 6904582))

table 8 : explain SELECT id FROM sbtest8 WHERE id BETWEEN 6904482 AND 6904582
	Index Only Scan using sbtest8_pkey on sbtest8  (cost=0.43..10.28 rows=92 width=4)
	  Index Cond: ((id >= 6904482) AND (id <= 6904582))

explain: for range-covered :: explain SELECT id FROM sbtest%d WHERE id BETWEEN 6904482 AND 6904582
for range-covered
table 1 : explain SELECT id FROM sbtest1 WHERE id BETWEEN 2670047 AND 2670147
	Index Only Scan using sbtest1_pkey on sbtest1  (cost=0.43..10.60 rows=108 width=4)
	  Index Cond: ((id >= 2670047) AND (id <= 2670147))

table 2 : explain SELECT id FROM sbtest2 WHERE id BETWEEN 2670047 AND 2670147
	Index Only Scan using sbtest2_pkey on sbtest2  (cost=0.43..6.43 rows=100 width=4)
	  Index Cond: ((id >= 2670047) AND (id <= 2670147))

table 3 : explain SELECT id FROM sbtest3 WHERE id BETWEEN 2670047 AND 2670147
	Index Only Scan using sbtest3_pkey on sbtest3  (cost=0.43..6.35 rows=96 width=4)
	  Index Cond: ((id >= 2670047) AND (id <= 2670147))

table 4 : explain SELECT id FROM sbtest4 WHERE id BETWEEN 2670047 AND 2670147
	Index Only Scan using sbtest4_pkey on sbtest4  (cost=0.43..6.25 rows=91 width=4)
	  Index Cond: ((id >= 2670047) AND (id <= 2670147))

table 5 : explain SELECT id FROM sbtest5 WHERE id BETWEEN 2670047 AND 2670147
	Index Only Scan using sbtest5_pkey on sbtest5  (cost=0.43..10.44 rows=100 width=4)
	  Index Cond: ((id >= 2670047) AND (id <= 2670147))

table 6 : explain SELECT id FROM sbtest6 WHERE id BETWEEN 2670047 AND 2670147
	Index Only Scan using sbtest6_pkey on sbtest6  (cost=0.43..6.61 rows=109 width=4)
	  Index Cond: ((id >= 2670047) AND (id <= 2670147))

table 7 : explain SELECT id FROM sbtest7 WHERE id BETWEEN 2670047 AND 2670147
	Index Only Scan using sbtest7_pkey on sbtest7  (cost=0.43..10.47 rows=102 width=4)
	  Index Cond: ((id >= 2670047) AND (id <= 2670147))

table 8 : explain SELECT id FROM sbtest8 WHERE id BETWEEN 2670047 AND 2670147
	Index Only Scan using sbtest8_pkey on sbtest8  (cost=0.43..10.36 rows=96 width=4)
	  Index Cond: ((id >= 2670047) AND (id <= 2670147))

for range-covered
table 1 : explain SELECT id FROM sbtest1 WHERE id BETWEEN 5109498 AND 5109598
	Index Only Scan using sbtest1_pkey on sbtest1  (cost=0.43..10.33 rows=95 width=4)
	  Index Cond: ((id >= 5109498) AND (id <= 5109598))

table 2 : explain SELECT id FROM sbtest2 WHERE id BETWEEN 5109498 AND 5109598
	Index Only Scan using sbtest2_pkey on sbtest2  (cost=0.43..6.53 rows=105 width=4)
	  Index Cond: ((id >= 5109498) AND (id <= 5109598))

table 3 : explain SELECT id FROM sbtest3 WHERE id BETWEEN 5109498 AND 5109598
	Index Only Scan using sbtest3_pkey on sbtest3  (cost=0.43..6.29 rows=93 width=4)
	  Index Cond: ((id >= 5109498) AND (id <= 5109598))

table 4 : explain SELECT id FROM sbtest4 WHERE id BETWEEN 5109498 AND 5109598
	Index Only Scan using sbtest4_pkey on sbtest4  (cost=0.43..6.58 rows=107 width=4)
	  Index Cond: ((id >= 5109498) AND (id <= 5109598))

table 5 : explain SELECT id FROM sbtest5 WHERE id BETWEEN 5109498 AND 5109598
	Index Only Scan using sbtest5_pkey on sbtest5  (cost=0.43..10.36 rows=96 width=4)
	  Index Cond: ((id >= 5109498) AND (id <= 5109598))

table 6 : explain SELECT id FROM sbtest6 WHERE id BETWEEN 5109498 AND 5109598
	Index Only Scan using sbtest6_pkey on sbtest6  (cost=0.43..6.27 rows=92 width=4)
	  Index Cond: ((id >= 5109498) AND (id <= 5109598))

table 7 : explain SELECT id FROM sbtest7 WHERE id BETWEEN 5109498 AND 5109598
	Index Only Scan using sbtest7_pkey on sbtest7  (cost=0.43..10.40 rows=98 width=4)
	  Index Cond: ((id >= 5109498) AND (id <= 5109598))

table 8 : explain SELECT id FROM sbtest8 WHERE id BETWEEN 5109498 AND 5109598
	Index Only Scan using sbtest8_pkey on sbtest8  (cost=0.43..10.38 rows=97 width=4)
	  Index Cond: ((id >= 5109498) AND (id <= 5109598))

explain: for range-covered :: explain SELECT id FROM sbtest%d WHERE id BETWEEN 4991830 AND 4991930
explain: for range-covered :: explain SELECT id FROM sbtest%d WHERE id BETWEEN 5109498 AND 5109598
for range-covered
table 1 : explain SELECT id FROM sbtest1 WHERE id BETWEEN 6904482 AND 6904582
	Index Only Scan using sbtest1_pkey on sbtest1  (cost=0.43..10.40 rows=98 width=4)
	  Index Cond: ((id >= 6904482) AND (id <= 6904582))

table 2 : explain SELECT id FROM sbtest2 WHERE id BETWEEN 6904482 AND 6904582
	Index Only Scan using sbtest2_pkey on sbtest2  (cost=0.43..6.42 rows=99 width=4)
	  Index Cond: ((id >= 6904482) AND (id <= 6904582))

table 3 : explain SELECT id FROM sbtest3 WHERE id BETWEEN 6904482 AND 6904582
	Index Only Scan using sbtest3_pkey on sbtest3  (cost=0.43..6.32 rows=94 width=4)
	  Index Cond: ((id >= 6904482) AND (id <= 6904582))

table 4 : explain SELECT id FROM sbtest4 WHERE id BETWEEN 6904482 AND 6904582
	Index Only Scan using sbtest4_pkey on sbtest4  (cost=0.43..6.50 rows=103 width=4)
	  Index Cond: ((id >= 6904482) AND (id <= 6904582))

table 5 : explain SELECT id FROM sbtest5 WHERE id BETWEEN 6904482 AND 6904582
	Index Only Scan using sbtest5_pkey on sbtest5  (cost=0.43..10.56 rows=106 width=4)
	  Index Cond: ((id >= 6904482) AND (id <= 6904582))

table 6 : explain SELECT id FROM sbtest6 WHERE id BETWEEN 6904482 AND 6904582
	Index Only Scan using sbtest6_pkey on sbtest6  (cost=0.43..6.29 rows=93 width=4)
	  Index Cond: ((id >= 6904482) AND (id <= 6904582))

table 7 : explain SELECT id FROM sbtest7 WHERE id BETWEEN 6904482 AND 6904582
	Index Only Scan using sbtest7_pkey on sbtest7  (cost=0.43..10.47 rows=102 width=4)
	  Index Cond: ((id >= 6904482) AND (id <= 6904582))

table 8 : explain SELECT id FROM sbtest8 WHERE id BETWEEN 6904482 AND 6904582
	Index Only Scan using sbtest8_pkey on sbtest8  (cost=0.43..10.28 rows=92 width=4)
	  Index Cond: ((id >= 6904482) AND (id <= 6904582))

explain: for range-covered :: explain SELECT id FROM sbtest%d WHERE id BETWEEN 6904482 AND 6904582
for range-covered
table 1 : explain SELECT id FROM sbtest1 WHERE id BETWEEN 2180033 AND 2180133
	Index Only Scan using sbtest1_pkey on sbtest1  (cost=0.43..10.65 rows=111 width=4)
	  Index Cond: ((id >= 2180033) AND (id <= 2180133))

table 2 : explain SELECT id FROM sbtest2 WHERE id BETWEEN 2180033 AND 2180133
	Index Only Scan using sbtest2_pkey on sbtest2  (cost=0.43..6.42 rows=99 width=4)
	  Index Cond: ((id >= 2180033) AND (id <= 2180133))

table 3 : explain SELECT id FROM sbtest3 WHERE id BETWEEN 2180033 AND 2180133
	Index Only Scan using sbtest3_pkey on sbtest3  (cost=0.43..6.37 rows=97 width=4)
	  Index Cond: ((id >= 2180033) AND (id <= 2180133))

table 4 : explain SELECT id FROM sbtest4 WHERE id BETWEEN 2180033 AND 2180133
	Index Only Scan using sbtest4_pkey on sbtest4  (cost=0.43..6.29 rows=93 width=4)
	  Index Cond: ((id >= 2180033) AND (id <= 2180133))

table 5 : explain SELECT id FROM sbtest5 WHERE id BETWEEN 2180033 AND 2180133
	Index Only Scan using sbtest5_pkey on sbtest5  (cost=0.43..10.50 rows=103 width=4)
	  Index Cond: ((id >= 2180033) AND (id <= 2180133))

table 6 : explain SELECT id FROM sbtest6 WHERE id BETWEEN 2180033 AND 2180133
	Index Only Scan using sbtest6_pkey on sbtest6  (cost=0.43..6.35 rows=96 width=4)
	  Index Cond: ((id >= 2180033) AND (id <= 2180133))

table 7 : explain SELECT id FROM sbtest7 WHERE id BETWEEN 2180033 AND 2180133
	Index Only Scan using sbtest7_pkey on sbtest7  (cost=0.43..10.46 rows=101 width=4)
	  Index Cond: ((id >= 2180033) AND (id <= 2180133))

table 8 : explain SELECT id FROM sbtest8 WHERE id BETWEEN 2180033 AND 2180133
	Index Only Scan using sbtest8_pkey on sbtest8  (cost=0.43..10.36 rows=96 width=4)
	  Index Cond: ((id >= 2180033) AND (id <= 2180133))

for range-covered
table 1 : explain SELECT id FROM sbtest1 WHERE id BETWEEN 5620870 AND 5620970
	Index Only Scan using sbtest1_pkey on sbtest1  (cost=0.43..10.47 rows=102 width=4)
	  Index Cond: ((id >= 5620870) AND (id <= 5620970))

table 2 : explain SELECT id FROM sbtest2 WHERE id BETWEEN 5620870 AND 5620970
	Index Only Scan using sbtest2_pkey on sbtest2  (cost=0.43..6.50 rows=103 width=4)
	  Index Cond: ((id >= 5620870) AND (id <= 5620970))

table 3 : explain SELECT id FROM sbtest3 WHERE id BETWEEN 5620870 AND 5620970
	Index Only Scan using sbtest3_pkey on sbtest3  (cost=0.43..6.37 rows=97 width=4)
	  Index Cond: ((id >= 5620870) AND (id <= 5620970))

table 4 : explain SELECT id FROM sbtest4 WHERE id BETWEEN 5620870 AND 5620970
	Index Only Scan using sbtest4_pkey on sbtest4  (cost=0.43..6.43 rows=100 width=4)
	  Index Cond: ((id >= 5620870) AND (id <= 5620970))

table 5 : explain SELECT id FROM sbtest5 WHERE id BETWEEN 5620870 AND 5620970
	Index Only Scan using sbtest5_pkey on sbtest5  (cost=0.43..10.40 rows=98 width=4)
	  Index Cond: ((id >= 5620870) AND (id <= 5620970))

table 6 : explain SELECT id FROM sbtest6 WHERE id BETWEEN 5620870 AND 5620970
	Index Only Scan using sbtest6_pkey on sbtest6  (cost=0.43..6.53 rows=105 width=4)
	  Index Cond: ((id >= 5620870) AND (id <= 5620970))

table 7 : explain SELECT id FROM sbtest7 WHERE id BETWEEN 5620870 AND 5620970
	Index Only Scan using sbtest7_pkey on sbtest7  (cost=0.43..10.38 rows=97 width=4)
	  Index Cond: ((id >= 5620870) AND (id <= 5620970))

table 8 : explain SELECT id FROM sbtest8 WHERE id BETWEEN 5620870 AND 5620970
	Index Only Scan using sbtest8_pkey on sbtest8  (cost=0.43..10.65 rows=111 width=4)
	  Index Cond: ((id >= 5620870) AND (id <= 5620970))

for range-covered
table 1 : explain SELECT id FROM sbtest1 WHERE id BETWEEN 7384090 AND 7384190
	Index Only Scan using sbtest1_pkey on sbtest1  (cost=0.43..10.24 rows=90 width=4)
	  Index Cond: ((id >= 7384090) AND (id <= 7384190))

table 2 : explain SELECT id FROM sbtest2 WHERE id BETWEEN 7384090 AND 7384190
	Index Only Scan using sbtest2_pkey on sbtest2  (cost=0.43..6.40 rows=98 width=4)
	  Index Cond: ((id >= 7384090) AND (id <= 7384190))

table 3 : explain SELECT id FROM sbtest3 WHERE id BETWEEN 7384090 AND 7384190
	Index Only Scan using sbtest3_pkey on sbtest3  (cost=0.43..6.29 rows=93 width=4)
	  Index Cond: ((id >= 7384090) AND (id <= 7384190))

table 4 : explain SELECT id FROM sbtest4 WHERE id BETWEEN 7384090 AND 7384190
	Index Only Scan using sbtest4_pkey on sbtest4  (cost=0.43..6.42 rows=99 width=4)
	  Index Cond: ((id >= 7384090) AND (id <= 7384190))

table 5 : explain SELECT id FROM sbtest5 WHERE id BETWEEN 7384090 AND 7384190
	Index Only Scan using sbtest5_pkey on sbtest5  (cost=0.43..10.62 rows=109 width=4)
	  Index Cond: ((id >= 7384090) AND (id <= 7384190))

table 6 : explain SELECT id FROM sbtest6 WHERE id BETWEEN 7384090 AND 7384190
	Index Only Scan using sbtest6_pkey on sbtest6  (cost=0.43..6.42 rows=99 width=4)
	  Index Cond: ((id >= 7384090) AND (id <= 7384190))

table 7 : explain SELECT id FROM sbtest7 WHERE id BETWEEN 7384090 AND 7384190
	Index Only Scan using sbtest7_pkey on sbtest7  (cost=0.43..10.44 rows=100 width=4)
	  Index Cond: ((id >= 7384090) AND (id <= 7384190))

table 8 : explain SELECT id FROM sbtest8 WHERE id BETWEEN 7384090 AND 7384190
	Index Only Scan using sbtest8_pkey on sbtest8  (cost=0.43..10.42 rows=99 width=4)
	  Index Cond: ((id >= 7384090) AND (id <= 7384190))

explain: for range-covered :: explain SELECT id FROM sbtest%d WHERE id BETWEEN 5620870 AND 5620970
explain: for range-covered :: explain SELECT id FROM sbtest%d WHERE id BETWEEN 2180033 AND 2180133
explain: for range-covered :: explain SELECT id FROM sbtest%d WHERE id BETWEEN 7384090 AND 7384190
for range-covered
table 1 : explain SELECT id FROM sbtest1 WHERE id BETWEEN 5109498 AND 5109598
	Index Only Scan using sbtest1_pkey on sbtest1  (cost=0.43..10.33 rows=95 width=4)
	  Index Cond: ((id >= 5109498) AND (id <= 5109598))

table 2 : explain SELECT id FROM sbtest2 WHERE id BETWEEN 5109498 AND 5109598
	Index Only Scan using sbtest2_pkey on sbtest2  (cost=0.43..6.53 rows=105 width=4)
	  Index Cond: ((id >= 5109498) AND (id <= 5109598))

table 3 : explain SELECT id FROM sbtest3 WHERE id BETWEEN 5109498 AND 5109598
	Index Only Scan using sbtest3_pkey on sbtest3  (cost=0.43..6.29 rows=93 width=4)
	  Index Cond: ((id >= 5109498) AND (id <= 5109598))

table 4 : explain SELECT id FROM sbtest4 WHERE id BETWEEN 5109498 AND 5109598
	Index Only Scan using sbtest4_pkey on sbtest4  (cost=0.43..6.58 rows=107 width=4)
	  Index Cond: ((id >= 5109498) AND (id <= 5109598))

table 5 : explain SELECT id FROM sbtest5 WHERE id BETWEEN 5109498 AND 5109598
	Index Only Scan using sbtest5_pkey on sbtest5  (cost=0.43..10.36 rows=96 width=4)
	  Index Cond: ((id >= 5109498) AND (id <= 5109598))

table 6 : explain SELECT id FROM sbtest6 WHERE id BETWEEN 5109498 AND 5109598
	Index Only Scan using sbtest6_pkey on sbtest6  (cost=0.43..6.27 rows=92 width=4)
	  Index Cond: ((id >= 5109498) AND (id <= 5109598))

table 7 : explain SELECT id FROM sbtest7 WHERE id BETWEEN 5109498 AND 5109598
	Index Only Scan using sbtest7_pkey on sbtest7  (cost=0.43..10.40 rows=98 width=4)
	  Index Cond: ((id >= 5109498) AND (id <= 5109598))

table 8 : explain SELECT id FROM sbtest8 WHERE id BETWEEN 5109498 AND 5109598
	Index Only Scan using sbtest8_pkey on sbtest8  (cost=0.43..10.38 rows=97 width=4)
	  Index Cond: ((id >= 5109498) AND (id <= 5109598))

explain: for range-covered :: explain SELECT id FROM sbtest%d WHERE id BETWEEN 5109498 AND 5109598
for range-covered
table 1 : explain SELECT id FROM sbtest1 WHERE id BETWEEN 6904482 AND 6904582
	Index Only Scan using sbtest1_pkey on sbtest1  (cost=0.43..10.40 rows=98 width=4)
	  Index Cond: ((id >= 6904482) AND (id <= 6904582))

table 2 : explain SELECT id FROM sbtest2 WHERE id BETWEEN 6904482 AND 6904582
	Index Only Scan using sbtest2_pkey on sbtest2  (cost=0.43..6.42 rows=99 width=4)
	  Index Cond: ((id >= 6904482) AND (id <= 6904582))

table 3 : explain SELECT id FROM sbtest3 WHERE id BETWEEN 6904482 AND 6904582
	Index Only Scan using sbtest3_pkey on sbtest3  (cost=0.43..6.32 rows=94 width=4)
	  Index Cond: ((id >= 6904482) AND (id <= 6904582))

table 4 : explain SELECT id FROM sbtest4 WHERE id BETWEEN 6904482 AND 6904582
	Index Only Scan using sbtest4_pkey on sbtest4  (cost=0.43..6.50 rows=103 width=4)
	  Index Cond: ((id >= 6904482) AND (id <= 6904582))

table 5 : explain SELECT id FROM sbtest5 WHERE id BETWEEN 6904482 AND 6904582
	Index Only Scan using sbtest5_pkey on sbtest5  (cost=0.43..10.56 rows=106 width=4)
	  Index Cond: ((id >= 6904482) AND (id <= 6904582))

table 6 : explain SELECT id FROM sbtest6 WHERE id BETWEEN 6904482 AND 6904582
	Index Only Scan using sbtest6_pkey on sbtest6  (cost=0.43..6.29 rows=93 width=4)
	  Index Cond: ((id >= 6904482) AND (id <= 6904582))

table 7 : explain SELECT id FROM sbtest7 WHERE id BETWEEN 6904482 AND 6904582
	Index Only Scan using sbtest7_pkey on sbtest7  (cost=0.43..10.47 rows=102 width=4)
	  Index Cond: ((id >= 6904482) AND (id <= 6904582))

table 8 : explain SELECT id FROM sbtest8 WHERE id BETWEEN 6904482 AND 6904582
	Index Only Scan using sbtest8_pkey on sbtest8  (cost=0.43..10.28 rows=92 width=4)
	  Index Cond: ((id >= 6904482) AND (id <= 6904582))

explain: for range-covered :: explain SELECT id FROM sbtest%d WHERE id BETWEEN 6904482 AND 6904582
for range-covered
table 1 : explain SELECT id FROM sbtest1 WHERE id BETWEEN 5109498 AND 5109598
	Index Only Scan using sbtest1_pkey on sbtest1  (cost=0.43..10.33 rows=95 width=4)
	  Index Cond: ((id >= 5109498) AND (id <= 5109598))

table 2 : explain SELECT id FROM sbtest2 WHERE id BETWEEN 5109498 AND 5109598
	Index Only Scan using sbtest2_pkey on sbtest2  (cost=0.43..6.53 rows=105 width=4)
	  Index Cond: ((id >= 5109498) AND (id <= 5109598))

table 3 : explain SELECT id FROM sbtest3 WHERE id BETWEEN 5109498 AND 5109598
	Index Only Scan using sbtest3_pkey on sbtest3  (cost=0.43..6.29 rows=93 width=4)
	  Index Cond: ((id >= 5109498) AND (id <= 5109598))

table 4 : explain SELECT id FROM sbtest4 WHERE id BETWEEN 5109498 AND 5109598
	Index Only Scan using sbtest4_pkey on sbtest4  (cost=0.43..6.58 rows=107 width=4)
	  Index Cond: ((id >= 5109498) AND (id <= 5109598))

table 5 : explain SELECT id FROM sbtest5 WHERE id BETWEEN 5109498 AND 5109598
	Index Only Scan using sbtest5_pkey on sbtest5  (cost=0.43..10.36 rows=96 width=4)
	  Index Cond: ((id >= 5109498) AND (id <= 5109598))

table 6 : explain SELECT id FROM sbtest6 WHERE id BETWEEN 5109498 AND 5109598
	Index Only Scan using sbtest6_pkey on sbtest6  (cost=0.43..6.27 rows=92 width=4)
	  Index Cond: ((id >= 5109498) AND (id <= 5109598))

table 7 : explain SELECT id FROM sbtest7 WHERE id BETWEEN 5109498 AND 5109598
	Index Only Scan using sbtest7_pkey on sbtest7  (cost=0.43..10.40 rows=98 width=4)
	  Index Cond: ((id >= 5109498) AND (id <= 5109598))

table 8 : explain SELECT id FROM sbtest8 WHERE id BETWEEN 5109498 AND 5109598
	Index Only Scan using sbtest8_pkey on sbtest8  (cost=0.43..10.38 rows=97 width=4)
	  Index Cond: ((id >= 5109498) AND (id <= 5109598))

explain: for range-covered :: explain SELECT id FROM sbtest%d WHERE id BETWEEN 5109498 AND 5109598
for range-covered
table 1 : explain SELECT id FROM sbtest1 WHERE id BETWEEN 6904482 AND 6904582
	Index Only Scan using sbtest1_pkey on sbtest1  (cost=0.43..10.40 rows=98 width=4)
	  Index Cond: ((id >= 6904482) AND (id <= 6904582))

table 2 : explain SELECT id FROM sbtest2 WHERE id BETWEEN 6904482 AND 6904582
	Index Only Scan using sbtest2_pkey on sbtest2  (cost=0.43..6.42 rows=99 width=4)
	  Index Cond: ((id >= 6904482) AND (id <= 6904582))

table 3 : explain SELECT id FROM sbtest3 WHERE id BETWEEN 6904482 AND 6904582
	Index Only Scan using sbtest3_pkey on sbtest3  (cost=0.43..6.32 rows=94 width=4)
	  Index Cond: ((id >= 6904482) AND (id <= 6904582))

table 4 : explain SELECT id FROM sbtest4 WHERE id BETWEEN 6904482 AND 6904582
	Index Only Scan using sbtest4_pkey on sbtest4  (cost=0.43..6.50 rows=103 width=4)
	  Index Cond: ((id >= 6904482) AND (id <= 6904582))

table 5 : explain SELECT id FROM sbtest5 WHERE id BETWEEN 6904482 AND 6904582
	Index Only Scan using sbtest5_pkey on sbtest5  (cost=0.43..10.56 rows=106 width=4)
	  Index Cond: ((id >= 6904482) AND (id <= 6904582))

table 6 : explain SELECT id FROM sbtest6 WHERE id BETWEEN 6904482 AND 6904582
	Index Only Scan using sbtest6_pkey on sbtest6  (cost=0.43..6.29 rows=93 width=4)
	  Index Cond: ((id >= 6904482) AND (id <= 6904582))

table 7 : explain SELECT id FROM sbtest7 WHERE id BETWEEN 6904482 AND 6904582
	Index Only Scan using sbtest7_pkey on sbtest7  (cost=0.43..10.47 rows=102 width=4)
	  Index Cond: ((id >= 6904482) AND (id <= 6904582))

table 8 : explain SELECT id FROM sbtest8 WHERE id BETWEEN 6904482 AND 6904582
	Index Only Scan using sbtest8_pkey on sbtest8  (cost=0.43..10.28 rows=92 width=4)
	  Index Cond: ((id >= 6904482) AND (id <= 6904582))

for range-covered
table 1 : explain SELECT id FROM sbtest1 WHERE id BETWEEN 7384090 AND 7384190
	Index Only Scan using sbtest1_pkey on sbtest1  (cost=0.43..10.24 rows=90 width=4)
	  Index Cond: ((id >= 7384090) AND (id <= 7384190))

table 2 : explain SELECT id FROM sbtest2 WHERE id BETWEEN 7384090 AND 7384190
	Index Only Scan using sbtest2_pkey on sbtest2  (cost=0.43..6.40 rows=98 width=4)
	  Index Cond: ((id >= 7384090) AND (id <= 7384190))

table 3 : explain SELECT id FROM sbtest3 WHERE id BETWEEN 7384090 AND 7384190
	Index Only Scan using sbtest3_pkey on sbtest3  (cost=0.43..6.29 rows=93 width=4)
	  Index Cond: ((id >= 7384090) AND (id <= 7384190))

table 4 : explain SELECT id FROM sbtest4 WHERE id BETWEEN 7384090 AND 7384190
	Index Only Scan using sbtest4_pkey on sbtest4  (cost=0.43..6.42 rows=99 width=4)
	  Index Cond: ((id >= 7384090) AND (id <= 7384190))

table 5 : explain SELECT id FROM sbtest5 WHERE id BETWEEN 7384090 AND 7384190
	Index Only Scan using sbtest5_pkey on sbtest5  (cost=0.43..10.62 rows=109 width=4)
	  Index Cond: ((id >= 7384090) AND (id <= 7384190))

table 6 : explain SELECT id FROM sbtest6 WHERE id BETWEEN 7384090 AND 7384190
	Index Only Scan using sbtest6_pkey on sbtest6  (cost=0.43..6.42 rows=99 width=4)
	  Index Cond: ((id >= 7384090) AND (id <= 7384190))

table 7 : explain SELECT id FROM sbtest7 WHERE id BETWEEN 7384090 AND 7384190
	Index Only Scan using sbtest7_pkey on sbtest7  (cost=0.43..10.44 rows=100 width=4)
	  Index Cond: ((id >= 7384090) AND (id <= 7384190))

table 8 : explain SELECT id FROM sbtest8 WHERE id BETWEEN 7384090 AND 7384190
	Index Only Scan using sbtest8_pkey on sbtest8  (cost=0.43..10.42 rows=99 width=4)
	  Index Cond: ((id >= 7384090) AND (id <= 7384190))

explain: for range-covered :: explain SELECT id FROM sbtest%d WHERE id BETWEEN 7384090 AND 7384190
for range-covered
table 1 : explain SELECT id FROM sbtest1 WHERE id BETWEEN 5620870 AND 5620970
	Index Only Scan using sbtest1_pkey on sbtest1  (cost=0.43..10.47 rows=102 width=4)
	  Index Cond: ((id >= 5620870) AND (id <= 5620970))

table 2 : explain SELECT id FROM sbtest2 WHERE id BETWEEN 5620870 AND 5620970
	Index Only Scan using sbtest2_pkey on sbtest2  (cost=0.43..6.50 rows=103 width=4)
	  Index Cond: ((id >= 5620870) AND (id <= 5620970))

table 3 : explain SELECT id FROM sbtest3 WHERE id BETWEEN 5620870 AND 5620970
	Index Only Scan using sbtest3_pkey on sbtest3  (cost=0.43..6.37 rows=97 width=4)
	  Index Cond: ((id >= 5620870) AND (id <= 5620970))

table 4 : explain SELECT id FROM sbtest4 WHERE id BETWEEN 5620870 AND 5620970
	Index Only Scan using sbtest4_pkey on sbtest4  (cost=0.43..6.43 rows=100 width=4)
	  Index Cond: ((id >= 5620870) AND (id <= 5620970))

table 5 : explain SELECT id FROM sbtest5 WHERE id BETWEEN 5620870 AND 5620970
	Index Only Scan using sbtest5_pkey on sbtest5  (cost=0.43..10.40 rows=98 width=4)
	  Index Cond: ((id >= 5620870) AND (id <= 5620970))

table 6 : explain SELECT id FROM sbtest6 WHERE id BETWEEN 5620870 AND 5620970
	Index Only Scan using sbtest6_pkey on sbtest6  (cost=0.43..6.53 rows=105 width=4)
	  Index Cond: ((id >= 5620870) AND (id <= 5620970))

table 7 : explain SELECT id FROM sbtest7 WHERE id BETWEEN 5620870 AND 5620970
	Index Only Scan using sbtest7_pkey on sbtest7  (cost=0.43..10.38 rows=97 width=4)
	  Index Cond: ((id >= 5620870) AND (id <= 5620970))

table 8 : explain SELECT id FROM sbtest8 WHERE id BETWEEN 5620870 AND 5620970
	Index Only Scan using sbtest8_pkey on sbtest8  (cost=0.43..10.65 rows=111 width=4)
	  Index Cond: ((id >= 5620870) AND (id <= 5620970))

for range-covered
table 1 : explain SELECT id FROM sbtest1 WHERE id BETWEEN 5109498 AND 5109598
	Index Only Scan using sbtest1_pkey on sbtest1  (cost=0.43..10.33 rows=95 width=4)
	  Index Cond: ((id >= 5109498) AND (id <= 5109598))

table 2 : explain SELECT id FROM sbtest2 WHERE id BETWEEN 5109498 AND 5109598
	Index Only Scan using sbtest2_pkey on sbtest2  (cost=0.43..6.53 rows=105 width=4)
	  Index Cond: ((id >= 5109498) AND (id <= 5109598))

table 3 : explain SELECT id FROM sbtest3 WHERE id BETWEEN 5109498 AND 5109598
	Index Only Scan using sbtest3_pkey on sbtest3  (cost=0.43..6.29 rows=93 width=4)
	  Index Cond: ((id >= 5109498) AND (id <= 5109598))

table 4 : explain SELECT id FROM sbtest4 WHERE id BETWEEN 5109498 AND 5109598
	Index Only Scan using sbtest4_pkey on sbtest4  (cost=0.43..6.58 rows=107 width=4)
	  Index Cond: ((id >= 5109498) AND (id <= 5109598))

table 5 : explain SELECT id FROM sbtest5 WHERE id BETWEEN 5109498 AND 5109598
	Index Only Scan using sbtest5_pkey on sbtest5  (cost=0.43..10.36 rows=96 width=4)
	  Index Cond: ((id >= 5109498) AND (id <= 5109598))

table 6 : explain SELECT id FROM sbtest6 WHERE id BETWEEN 5109498 AND 5109598
	Index Only Scan using sbtest6_pkey on sbtest6  (cost=0.43..6.27 rows=92 width=4)
	  Index Cond: ((id >= 5109498) AND (id <= 5109598))

table 7 : explain SELECT id FROM sbtest7 WHERE id BETWEEN 5109498 AND 5109598
	Index Only Scan using sbtest7_pkey on sbtest7  (cost=0.43..10.40 rows=98 width=4)
	  Index Cond: ((id >= 5109498) AND (id <= 5109598))

table 8 : explain SELECT id FROM sbtest8 WHERE id BETWEEN 5109498 AND 5109598
	Index Only Scan using sbtest8_pkey on sbtest8  (cost=0.43..10.38 rows=97 width=4)
	  Index Cond: ((id >= 5109498) AND (id <= 5109598))

explain: for range-covered :: explain SELECT id FROM sbtest%d WHERE id BETWEEN 5109498 AND 5109598
explain: for range-covered :: explain SELECT id FROM sbtest%d WHERE id BETWEEN 5620870 AND 5620970
for range-covered
table 1 : explain SELECT id FROM sbtest1 WHERE id BETWEEN 7138374 AND 7138474
	Index Only Scan using sbtest1_pkey on sbtest1  (cost=0.43..10.51 rows=104 width=4)
	  Index Cond: ((id >= 7138374) AND (id <= 7138474))

table 2 : explain SELECT id FROM sbtest2 WHERE id BETWEEN 7138374 AND 7138474
	Index Only Scan using sbtest2_pkey on sbtest2  (cost=0.43..6.25 rows=91 width=4)
	  Index Cond: ((id >= 7138374) AND (id <= 7138474))

table 3 : explain SELECT id FROM sbtest3 WHERE id BETWEEN 7138374 AND 7138474
	Index Only Scan using sbtest3_pkey on sbtest3  (cost=0.43..6.58 rows=107 width=4)
	  Index Cond: ((id >= 7138374) AND (id <= 7138474))

table 4 : explain SELECT id FROM sbtest4 WHERE id BETWEEN 7138374 AND 7138474
	Index Only Scan using sbtest4_pkey on sbtest4  (cost=0.43..6.53 rows=105 width=4)
	  Index Cond: ((id >= 7138374) AND (id <= 7138474))

table 5 : explain SELECT id FROM sbtest5 WHERE id BETWEEN 7138374 AND 7138474
	Index Only Scan using sbtest5_pkey on sbtest5  (cost=0.43..10.18 rows=87 width=4)
	  Index Cond: ((id >= 7138374) AND (id <= 7138474))

table 6 : explain SELECT id FROM sbtest6 WHERE id BETWEEN 7138374 AND 7138474
	Index Only Scan using sbtest6_pkey on sbtest6  (cost=0.43..6.45 rows=101 width=4)
	  Index Cond: ((id >= 7138374) AND (id <= 7138474))

table 7 : explain SELECT id FROM sbtest7 WHERE id BETWEEN 7138374 AND 7138474
	Index Only Scan using sbtest7_pkey on sbtest7  (cost=0.43..10.56 rows=106 width=4)
	  Index Cond: ((id >= 7138374) AND (id <= 7138474))

table 8 : explain SELECT id FROM sbtest8 WHERE id BETWEEN 7138374 AND 7138474
	Index Only Scan using sbtest8_pkey on sbtest8  (cost=0.43..10.44 rows=100 width=4)
	  Index Cond: ((id >= 7138374) AND (id <= 7138474))

for range-covered
table 1 : explain SELECT id FROM sbtest1 WHERE id BETWEEN 3326916 AND 3327016
	Index Only Scan using sbtest1_pkey on sbtest1  (cost=0.43..10.62 rows=109 width=4)
	  Index Cond: ((id >= 3326916) AND (id <= 3327016))

table 2 : explain SELECT id FROM sbtest2 WHERE id BETWEEN 3326916 AND 3327016
	Index Only Scan using sbtest2_pkey on sbtest2  (cost=0.43..6.58 rows=107 width=4)
	  Index Cond: ((id >= 3326916) AND (id <= 3327016))

table 3 : explain SELECT id FROM sbtest3 WHERE id BETWEEN 3326916 AND 3327016
	Index Only Scan using sbtest3_pkey on sbtest3  (cost=0.43..6.45 rows=101 width=4)
	  Index Cond: ((id >= 3326916) AND (id <= 3327016))

table 4 : explain SELECT id FROM sbtest4 WHERE id BETWEEN 3326916 AND 3327016
	Index Only Scan using sbtest4_pkey on sbtest4  (cost=0.43..6.51 rows=104 width=4)
	  Index Cond: ((id >= 3326916) AND (id <= 3327016))

table 5 : explain SELECT id FROM sbtest5 WHERE id BETWEEN 3326916 AND 3327016
	Index Only Scan using sbtest5_pkey on sbtest5  (cost=0.43..10.50 rows=103 width=4)
	  Index Cond: ((id >= 3326916) AND (id <= 3327016))

table 6 : explain SELECT id FROM sbtest6 WHERE id BETWEEN 3326916 AND 3327016
	Index Only Scan using sbtest6_pkey on sbtest6  (cost=0.43..6.40 rows=98 width=4)
	  Index Cond: ((id >= 3326916) AND (id <= 3327016))

table 7 : explain SELECT id FROM sbtest7 WHERE id BETWEEN 3326916 AND 3327016
	Index Only Scan using sbtest7_pkey on sbtest7  (cost=0.43..10.60 rows=108 width=4)
	  Index Cond: ((id >= 3326916) AND (id <= 3327016))

table 8 : explain SELECT id FROM sbtest8 WHERE id BETWEEN 3326916 AND 3327016
	Index Only Scan using sbtest8_pkey on sbtest8  (cost=0.43..10.63 rows=110 width=4)
	  Index Cond: ((id >= 3326916) AND (id <= 3327016))

explain: for range-covered :: explain SELECT id FROM sbtest%d WHERE id BETWEEN 3326916 AND 3327016
for range-covered
table 1 : explain SELECT id FROM sbtest1 WHERE id BETWEEN 5109498 AND 5109598
	Index Only Scan using sbtest1_pkey on sbtest1  (cost=0.43..10.33 rows=95 width=4)
	  Index Cond: ((id >= 5109498) AND (id <= 5109598))

table 2 : explain SELECT id FROM sbtest2 WHERE id BETWEEN 5109498 AND 5109598
	Index Only Scan using sbtest2_pkey on sbtest2  (cost=0.43..6.53 rows=105 width=4)
	  Index Cond: ((id >= 5109498) AND (id <= 5109598))

table 3 : explain SELECT id FROM sbtest3 WHERE id BETWEEN 5109498 AND 5109598
	Index Only Scan using sbtest3_pkey on sbtest3  (cost=0.43..6.29 rows=93 width=4)
	  Index Cond: ((id >= 5109498) AND (id <= 5109598))

table 4 : explain SELECT id FROM sbtest4 WHERE id BETWEEN 5109498 AND 5109598
	Index Only Scan using sbtest4_pkey on sbtest4  (cost=0.43..6.58 rows=107 width=4)
	  Index Cond: ((id >= 5109498) AND (id <= 5109598))

table 5 : explain SELECT id FROM sbtest5 WHERE id BETWEEN 5109498 AND 5109598
	Index Only Scan using sbtest5_pkey on sbtest5  (cost=0.43..10.36 rows=96 width=4)
	  Index Cond: ((id >= 5109498) AND (id <= 5109598))

table 6 : explain SELECT id FROM sbtest6 WHERE id BETWEEN 5109498 AND 5109598
	Index Only Scan using sbtest6_pkey on sbtest6  (cost=0.43..6.27 rows=92 width=4)
	  Index Cond: ((id >= 5109498) AND (id <= 5109598))

table 7 : explain SELECT id FROM sbtest7 WHERE id BETWEEN 5109498 AND 5109598
	Index Only Scan using sbtest7_pkey on sbtest7  (cost=0.43..10.40 rows=98 width=4)
	  Index Cond: ((id >= 5109498) AND (id <= 5109598))

table 8 : explain SELECT id FROM sbtest8 WHERE id BETWEEN 5109498 AND 5109598
	Index Only Scan using sbtest8_pkey on sbtest8  (cost=0.43..10.38 rows=97 width=4)
	  Index Cond: ((id >= 5109498) AND (id <= 5109598))

explain: for range-covered :: explain SELECT id FROM sbtest%d WHERE id BETWEEN 7138374 AND 7138474
explain: for range-covered :: explain SELECT id FROM sbtest%d WHERE id BETWEEN 5109498 AND 5109598
for range-covered
table 1 : explain SELECT id FROM sbtest1 WHERE id BETWEEN 2180033 AND 2180133
	Index Only Scan using sbtest1_pkey on sbtest1  (cost=0.43..10.65 rows=111 width=4)
	  Index Cond: ((id >= 2180033) AND (id <= 2180133))

table 2 : explain SELECT id FROM sbtest2 WHERE id BETWEEN 2180033 AND 2180133
	Index Only Scan using sbtest2_pkey on sbtest2  (cost=0.43..6.42 rows=99 width=4)
	  Index Cond: ((id >= 2180033) AND (id <= 2180133))

table 3 : explain SELECT id FROM sbtest3 WHERE id BETWEEN 2180033 AND 2180133
	Index Only Scan using sbtest3_pkey on sbtest3  (cost=0.43..6.37 rows=97 width=4)
	  Index Cond: ((id >= 2180033) AND (id <= 2180133))

table 4 : explain SELECT id FROM sbtest4 WHERE id BETWEEN 2180033 AND 2180133
	Index Only Scan using sbtest4_pkey on sbtest4  (cost=0.43..6.29 rows=93 width=4)
	  Index Cond: ((id >= 2180033) AND (id <= 2180133))

table 5 : explain SELECT id FROM sbtest5 WHERE id BETWEEN 2180033 AND 2180133
	Index Only Scan using sbtest5_pkey on sbtest5  (cost=0.43..10.50 rows=103 width=4)
	  Index Cond: ((id >= 2180033) AND (id <= 2180133))

table 6 : explain SELECT id FROM sbtest6 WHERE id BETWEEN 2180033 AND 2180133
	Index Only Scan using sbtest6_pkey on sbtest6  (cost=0.43..6.35 rows=96 width=4)
	  Index Cond: ((id >= 2180033) AND (id <= 2180133))

table 7 : explain SELECT id FROM sbtest7 WHERE id BETWEEN 2180033 AND 2180133
	Index Only Scan using sbtest7_pkey on sbtest7  (cost=0.43..10.46 rows=101 width=4)
	  Index Cond: ((id >= 2180033) AND (id <= 2180133))

table 8 : explain SELECT id FROM sbtest8 WHERE id BETWEEN 2180033 AND 2180133
	Index Only Scan using sbtest8_pkey on sbtest8  (cost=0.43..10.36 rows=96 width=4)
	  Index Cond: ((id >= 2180033) AND (id <= 2180133))

for range-covered
table 1 : explain SELECT id FROM sbtest1 WHERE id BETWEEN 3326916 AND 3327016
	Index Only Scan using sbtest1_pkey on sbtest1  (cost=0.43..10.62 rows=109 width=4)
	  Index Cond: ((id >= 3326916) AND (id <= 3327016))

table 2 : explain SELECT id FROM sbtest2 WHERE id BETWEEN 3326916 AND 3327016
	Index Only Scan using sbtest2_pkey on sbtest2  (cost=0.43..6.58 rows=107 width=4)
	  Index Cond: ((id >= 3326916) AND (id <= 3327016))

table 3 : explain SELECT id FROM sbtest3 WHERE id BETWEEN 3326916 AND 3327016
	Index Only Scan using sbtest3_pkey on sbtest3  (cost=0.43..6.45 rows=101 width=4)
	  Index Cond: ((id >= 3326916) AND (id <= 3327016))

table 4 : explain SELECT id FROM sbtest4 WHERE id BETWEEN 3326916 AND 3327016
	Index Only Scan using sbtest4_pkey on sbtest4  (cost=0.43..6.51 rows=104 width=4)
	  Index Cond: ((id >= 3326916) AND (id <= 3327016))

table 5 : explain SELECT id FROM sbtest5 WHERE id BETWEEN 3326916 AND 3327016
	Index Only Scan using sbtest5_pkey on sbtest5  (cost=0.43..10.50 rows=103 width=4)
	  Index Cond: ((id >= 3326916) AND (id <= 3327016))

table 6 : explain SELECT id FROM sbtest6 WHERE id BETWEEN 3326916 AND 3327016
	Index Only Scan using sbtest6_pkey on sbtest6  (cost=0.43..6.40 rows=98 width=4)
	  Index Cond: ((id >= 3326916) AND (id <= 3327016))

table 7 : explain SELECT id FROM sbtest7 WHERE id BETWEEN 3326916 AND 3327016
	Index Only Scan using sbtest7_pkey on sbtest7  (cost=0.43..10.60 rows=108 width=4)
	  Index Cond: ((id >= 3326916) AND (id <= 3327016))

table 8 : explain SELECT id FROM sbtest8 WHERE id BETWEEN 3326916 AND 3327016
	Index Only Scan using sbtest8_pkey on sbtest8  (cost=0.43..10.63 rows=110 width=4)
	  Index Cond: ((id >= 3326916) AND (id <= 3327016))

explain: for range-covered :: explain SELECT id FROM sbtest%d WHERE id BETWEEN 2180033 AND 2180133
explain: for range-covered :: explain SELECT id FROM sbtest%d WHERE id BETWEEN 3326916 AND 3327016
for range-covered
table 1 : explain SELECT id FROM sbtest1 WHERE id BETWEEN 7384090 AND 7384190
	Index Only Scan using sbtest1_pkey on sbtest1  (cost=0.43..10.24 rows=90 width=4)
	  Index Cond: ((id >= 7384090) AND (id <= 7384190))

table 2 : explain SELECT id FROM sbtest2 WHERE id BETWEEN 7384090 AND 7384190
	Index Only Scan using sbtest2_pkey on sbtest2  (cost=0.43..6.40 rows=98 width=4)
	  Index Cond: ((id >= 7384090) AND (id <= 7384190))

table 3 : explain SELECT id FROM sbtest3 WHERE id BETWEEN 7384090 AND 7384190
	Index Only Scan using sbtest3_pkey on sbtest3  (cost=0.43..6.29 rows=93 width=4)
	  Index Cond: ((id >= 7384090) AND (id <= 7384190))

table 4 : explain SELECT id FROM sbtest4 WHERE id BETWEEN 7384090 AND 7384190
	Index Only Scan using sbtest4_pkey on sbtest4  (cost=0.43..6.42 rows=99 width=4)
	  Index Cond: ((id >= 7384090) AND (id <= 7384190))

table 5 : explain SELECT id FROM sbtest5 WHERE id BETWEEN 7384090 AND 7384190
	Index Only Scan using sbtest5_pkey on sbtest5  (cost=0.43..10.62 rows=109 width=4)
	  Index Cond: ((id >= 7384090) AND (id <= 7384190))

table 6 : explain SELECT id FROM sbtest6 WHERE id BETWEEN 7384090 AND 7384190
	Index Only Scan using sbtest6_pkey on sbtest6  (cost=0.43..6.42 rows=99 width=4)
	  Index Cond: ((id >= 7384090) AND (id <= 7384190))

table 7 : explain SELECT id FROM sbtest7 WHERE id BETWEEN 7384090 AND 7384190
	Index Only Scan using sbtest7_pkey on sbtest7  (cost=0.43..10.44 rows=100 width=4)
	  Index Cond: ((id >= 7384090) AND (id <= 7384190))

table 8 : explain SELECT id FROM sbtest8 WHERE id BETWEEN 7384090 AND 7384190
	Index Only Scan using sbtest8_pkey on sbtest8  (cost=0.43..10.42 rows=99 width=4)
	  Index Cond: ((id >= 7384090) AND (id <= 7384190))

explain: for range-covered :: explain SELECT id FROM sbtest%d WHERE id BETWEEN 7384090 AND 7384190
for range-covered
table 1 : explain SELECT id FROM sbtest1 WHERE id BETWEEN 5620870 AND 5620970
	Index Only Scan using sbtest1_pkey on sbtest1  (cost=0.43..10.47 rows=102 width=4)
	  Index Cond: ((id >= 5620870) AND (id <= 5620970))

table 2 : explain SELECT id FROM sbtest2 WHERE id BETWEEN 5620870 AND 5620970
	Index Only Scan using sbtest2_pkey on sbtest2  (cost=0.43..6.50 rows=103 width=4)
	  Index Cond: ((id >= 5620870) AND (id <= 5620970))

table 3 : explain SELECT id FROM sbtest3 WHERE id BETWEEN 5620870 AND 5620970
	Index Only Scan using sbtest3_pkey on sbtest3  (cost=0.43..6.37 rows=97 width=4)
	  Index Cond: ((id >= 5620870) AND (id <= 5620970))

table 4 : explain SELECT id FROM sbtest4 WHERE id BETWEEN 5620870 AND 5620970
	Index Only Scan using sbtest4_pkey on sbtest4  (cost=0.43..6.43 rows=100 width=4)
	  Index Cond: ((id >= 5620870) AND (id <= 5620970))

table 5 : explain SELECT id FROM sbtest5 WHERE id BETWEEN 5620870 AND 5620970
	Index Only Scan using sbtest5_pkey on sbtest5  (cost=0.43..10.40 rows=98 width=4)
	  Index Cond: ((id >= 5620870) AND (id <= 5620970))

table 6 : explain SELECT id FROM sbtest6 WHERE id BETWEEN 5620870 AND 5620970
	Index Only Scan using sbtest6_pkey on sbtest6  (cost=0.43..6.53 rows=105 width=4)
	  Index Cond: ((id >= 5620870) AND (id <= 5620970))

table 7 : explain SELECT id FROM sbtest7 WHERE id BETWEEN 5620870 AND 5620970
	Index Only Scan using sbtest7_pkey on sbtest7  (cost=0.43..10.38 rows=97 width=4)
	  Index Cond: ((id >= 5620870) AND (id <= 5620970))

table 8 : explain SELECT id FROM sbtest8 WHERE id BETWEEN 5620870 AND 5620970
	Index Only Scan using sbtest8_pkey on sbtest8  (cost=0.43..10.65 rows=111 width=4)
	  Index Cond: ((id >= 5620870) AND (id <= 5620970))

explain: for range-covered :: explain SELECT id FROM sbtest%d WHERE id BETWEEN 6908836 AND 6908936
explain: for range-covered :: explain SELECT id FROM sbtest%d WHERE id BETWEEN 5620870 AND 5620970
for range-covered
table 1 : explain SELECT id FROM sbtest1 WHERE id BETWEEN 5109498 AND 5109598
	Index Only Scan using sbtest1_pkey on sbtest1  (cost=0.43..10.33 rows=95 width=4)
	  Index Cond: ((id >= 5109498) AND (id <= 5109598))

table 2 : explain SELECT id FROM sbtest2 WHERE id BETWEEN 5109498 AND 5109598
	Index Only Scan using sbtest2_pkey on sbtest2  (cost=0.43..6.53 rows=105 width=4)
	  Index Cond: ((id >= 5109498) AND (id <= 5109598))

table 3 : explain SELECT id FROM sbtest3 WHERE id BETWEEN 5109498 AND 5109598
	Index Only Scan using sbtest3_pkey on sbtest3  (cost=0.43..6.29 rows=93 width=4)
	  Index Cond: ((id >= 5109498) AND (id <= 5109598))

table 4 : explain SELECT id FROM sbtest4 WHERE id BETWEEN 5109498 AND 5109598
	Index Only Scan using sbtest4_pkey on sbtest4  (cost=0.43..6.58 rows=107 width=4)
	  Index Cond: ((id >= 5109498) AND (id <= 5109598))

table 5 : explain SELECT id FROM sbtest5 WHERE id BETWEEN 5109498 AND 5109598
	Index Only Scan using sbtest5_pkey on sbtest5  (cost=0.43..10.36 rows=96 width=4)
	  Index Cond: ((id >= 5109498) AND (id <= 5109598))

table 6 : explain SELECT id FROM sbtest6 WHERE id BETWEEN 5109498 AND 5109598
	Index Only Scan using sbtest6_pkey on sbtest6  (cost=0.43..6.27 rows=92 width=4)
	  Index Cond: ((id >= 5109498) AND (id <= 5109598))

table 7 : explain SELECT id FROM sbtest7 WHERE id BETWEEN 5109498 AND 5109598
	Index Only Scan using sbtest7_pkey on sbtest7  (cost=0.43..10.40 rows=98 width=4)
	  Index Cond: ((id >= 5109498) AND (id <= 5109598))

table 8 : explain SELECT id FROM sbtest8 WHERE id BETWEEN 5109498 AND 5109598
	Index Only Scan using sbtest8_pkey on sbtest8  (cost=0.43..10.38 rows=97 width=4)
	  Index Cond: ((id >= 5109498) AND (id <= 5109598))

explain: for range-covered :: explain SELECT id FROM sbtest%d WHERE id BETWEEN 5109498 AND 5109598
for range-covered
table 1 : explain SELECT id FROM sbtest1 WHERE id BETWEEN 3326916 AND 3327016
	Index Only Scan using sbtest1_pkey on sbtest1  (cost=0.43..10.62 rows=109 width=4)
	  Index Cond: ((id >= 3326916) AND (id <= 3327016))

table 2 : explain SELECT id FROM sbtest2 WHERE id BETWEEN 3326916 AND 3327016
	Index Only Scan using sbtest2_pkey on sbtest2  (cost=0.43..6.58 rows=107 width=4)
	  Index Cond: ((id >= 3326916) AND (id <= 3327016))

table 3 : explain SELECT id FROM sbtest3 WHERE id BETWEEN 3326916 AND 3327016
	Index Only Scan using sbtest3_pkey on sbtest3  (cost=0.43..6.45 rows=101 width=4)
	  Index Cond: ((id >= 3326916) AND (id <= 3327016))

table 4 : explain SELECT id FROM sbtest4 WHERE id BETWEEN 3326916 AND 3327016
	Index Only Scan using sbtest4_pkey on sbtest4  (cost=0.43..6.51 rows=104 width=4)
	  Index Cond: ((id >= 3326916) AND (id <= 3327016))

table 5 : explain SELECT id FROM sbtest5 WHERE id BETWEEN 3326916 AND 3327016
	Index Only Scan using sbtest5_pkey on sbtest5  (cost=0.43..10.50 rows=103 width=4)
	  Index Cond: ((id >= 3326916) AND (id <= 3327016))

table 6 : explain SELECT id FROM sbtest6 WHERE id BETWEEN 3326916 AND 3327016
	Index Only Scan using sbtest6_pkey on sbtest6  (cost=0.43..6.40 rows=98 width=4)
	  Index Cond: ((id >= 3326916) AND (id <= 3327016))

table 7 : explain SELECT id FROM sbtest7 WHERE id BETWEEN 3326916 AND 3327016
	Index Only Scan using sbtest7_pkey on sbtest7  (cost=0.43..10.60 rows=108 width=4)
	  Index Cond: ((id >= 3326916) AND (id <= 3327016))

table 8 : explain SELECT id FROM sbtest8 WHERE id BETWEEN 3326916 AND 3327016
	Index Only Scan using sbtest8_pkey on sbtest8  (cost=0.43..10.63 rows=110 width=4)
	  Index Cond: ((id >= 3326916) AND (id <= 3327016))

explain: for range-covered :: explain SELECT id FROM sbtest%d WHERE id BETWEEN 3326916 AND 3327016
for range-covered
table 1 : explain SELECT id FROM sbtest1 WHERE id BETWEEN 5620870 AND 5620970
	Index Only Scan using sbtest1_pkey on sbtest1  (cost=0.43..10.47 rows=102 width=4)
	  Index Cond: ((id >= 5620870) AND (id <= 5620970))

table 2 : explain SELECT id FROM sbtest2 WHERE id BETWEEN 5620870 AND 5620970
	Index Only Scan using sbtest2_pkey on sbtest2  (cost=0.43..6.50 rows=103 width=4)
	  Index Cond: ((id >= 5620870) AND (id <= 5620970))

table 3 : explain SELECT id FROM sbtest3 WHERE id BETWEEN 5620870 AND 5620970
	Index Only Scan using sbtest3_pkey on sbtest3  (cost=0.43..6.37 rows=97 width=4)
	  Index Cond: ((id >= 5620870) AND (id <= 5620970))

table 4 : explain SELECT id FROM sbtest4 WHERE id BETWEEN 5620870 AND 5620970
	Index Only Scan using sbtest4_pkey on sbtest4  (cost=0.43..6.43 rows=100 width=4)
	  Index Cond: ((id >= 5620870) AND (id <= 5620970))

table 5 : explain SELECT id FROM sbtest5 WHERE id BETWEEN 5620870 AND 5620970
	Index Only Scan using sbtest5_pkey on sbtest5  (cost=0.43..10.40 rows=98 width=4)
	  Index Cond: ((id >= 5620870) AND (id <= 5620970))

table 6 : explain SELECT id FROM sbtest6 WHERE id BETWEEN 5620870 AND 5620970
	Index Only Scan using sbtest6_pkey on sbtest6  (cost=0.43..6.53 rows=105 width=4)
	  Index Cond: ((id >= 5620870) AND (id <= 5620970))

table 7 : explain SELECT id FROM sbtest7 WHERE id BETWEEN 5620870 AND 5620970
	Index Only Scan using sbtest7_pkey on sbtest7  (cost=0.43..10.38 rows=97 width=4)
	  Index Cond: ((id >= 5620870) AND (id <= 5620970))

table 8 : explain SELECT id FROM sbtest8 WHERE id BETWEEN 5620870 AND 5620970
	Index Only Scan using sbtest8_pkey on sbtest8  (cost=0.43..10.65 rows=111 width=4)
	  Index Cond: ((id >= 5620870) AND (id <= 5620970))

explain: for range-covered :: explain SELECT id FROM sbtest%d WHERE id BETWEEN 5620870 AND 5620970
for range-covered
table 1 : explain SELECT id FROM sbtest1 WHERE id BETWEEN 5109498 AND 5109598
	Index Only Scan using sbtest1_pkey on sbtest1  (cost=0.43..10.33 rows=95 width=4)
	  Index Cond: ((id >= 5109498) AND (id <= 5109598))

table 2 : explain SELECT id FROM sbtest2 WHERE id BETWEEN 5109498 AND 5109598
	Index Only Scan using sbtest2_pkey on sbtest2  (cost=0.43..6.53 rows=105 width=4)
	  Index Cond: ((id >= 5109498) AND (id <= 5109598))

table 3 : explain SELECT id FROM sbtest3 WHERE id BETWEEN 5109498 AND 5109598
	Index Only Scan using sbtest3_pkey on sbtest3  (cost=0.43..6.29 rows=93 width=4)
	  Index Cond: ((id >= 5109498) AND (id <= 5109598))

table 4 : explain SELECT id FROM sbtest4 WHERE id BETWEEN 5109498 AND 5109598
	Index Only Scan using sbtest4_pkey on sbtest4  (cost=0.43..6.58 rows=107 width=4)
	  Index Cond: ((id >= 5109498) AND (id <= 5109598))

table 5 : explain SELECT id FROM sbtest5 WHERE id BETWEEN 5109498 AND 5109598
	Index Only Scan using sbtest5_pkey on sbtest5  (cost=0.43..10.36 rows=96 width=4)
	  Index Cond: ((id >= 5109498) AND (id <= 5109598))

table 6 : explain SELECT id FROM sbtest6 WHERE id BETWEEN 5109498 AND 5109598
	Index Only Scan using sbtest6_pkey on sbtest6  (cost=0.43..6.27 rows=92 width=4)
	  Index Cond: ((id >= 5109498) AND (id <= 5109598))

table 7 : explain SELECT id FROM sbtest7 WHERE id BETWEEN 5109498 AND 5109598
	Index Only Scan using sbtest7_pkey on sbtest7  (cost=0.43..10.40 rows=98 width=4)
	  Index Cond: ((id >= 5109498) AND (id <= 5109598))

table 8 : explain SELECT id FROM sbtest8 WHERE id BETWEEN 5109498 AND 5109598
	Index Only Scan using sbtest8_pkey on sbtest8  (cost=0.43..10.38 rows=97 width=4)
	  Index Cond: ((id >= 5109498) AND (id <= 5109598))

for range-covered
table 1 : explain SELECT id FROM sbtest1 WHERE id BETWEEN 7384090 AND 7384190
	Index Only Scan using sbtest1_pkey on sbtest1  (cost=0.43..10.24 rows=90 width=4)
	  Index Cond: ((id >= 7384090) AND (id <= 7384190))

table 2 : explain SELECT id FROM sbtest2 WHERE id BETWEEN 7384090 AND 7384190
	Index Only Scan using sbtest2_pkey on sbtest2  (cost=0.43..6.40 rows=98 width=4)
	  Index Cond: ((id >= 7384090) AND (id <= 7384190))

table 3 : explain SELECT id FROM sbtest3 WHERE id BETWEEN 7384090 AND 7384190
	Index Only Scan using sbtest3_pkey on sbtest3  (cost=0.43..6.29 rows=93 width=4)
	  Index Cond: ((id >= 7384090) AND (id <= 7384190))

table 4 : explain SELECT id FROM sbtest4 WHERE id BETWEEN 7384090 AND 7384190
	Index Only Scan using sbtest4_pkey on sbtest4  (cost=0.43..6.42 rows=99 width=4)
	  Index Cond: ((id >= 7384090) AND (id <= 7384190))

table 5 : explain SELECT id FROM sbtest5 WHERE id BETWEEN 7384090 AND 7384190
	Index Only Scan using sbtest5_pkey on sbtest5  (cost=0.43..10.62 rows=109 width=4)
	  Index Cond: ((id >= 7384090) AND (id <= 7384190))

table 6 : explain SELECT id FROM sbtest6 WHERE id BETWEEN 7384090 AND 7384190
	Index Only Scan using sbtest6_pkey on sbtest6  (cost=0.43..6.42 rows=99 width=4)
	  Index Cond: ((id >= 7384090) AND (id <= 7384190))

table 7 : explain SELECT id FROM sbtest7 WHERE id BETWEEN 7384090 AND 7384190
	Index Only Scan using sbtest7_pkey on sbtest7  (cost=0.43..10.44 rows=100 width=4)
	  Index Cond: ((id >= 7384090) AND (id <= 7384190))

table 8 : explain SELECT id FROM sbtest8 WHERE id BETWEEN 7384090 AND 7384190
	Index Only Scan using sbtest8_pkey on sbtest8  (cost=0.43..10.42 rows=99 width=4)
	  Index Cond: ((id >= 7384090) AND (id <= 7384190))

explain: for range-covered :: explain SELECT id FROM sbtest%d WHERE id BETWEEN 7384090 AND 7384190
for range-covered
table 1 : explain SELECT id FROM sbtest1 WHERE id BETWEEN 3326916 AND 3327016
	Index Only Scan using sbtest1_pkey on sbtest1  (cost=0.43..10.62 rows=109 width=4)
	  Index Cond: ((id >= 3326916) AND (id <= 3327016))

table 2 : explain SELECT id FROM sbtest2 WHERE id BETWEEN 3326916 AND 3327016
	Index Only Scan using sbtest2_pkey on sbtest2  (cost=0.43..6.58 rows=107 width=4)
	  Index Cond: ((id >= 3326916) AND (id <= 3327016))

table 3 : explain SELECT id FROM sbtest3 WHERE id BETWEEN 3326916 AND 3327016
	Index Only Scan using sbtest3_pkey on sbtest3  (cost=0.43..6.45 rows=101 width=4)
	  Index Cond: ((id >= 3326916) AND (id <= 3327016))

table 4 : explain SELECT id FROM sbtest4 WHERE id BETWEEN 3326916 AND 3327016
	Index Only Scan using sbtest4_pkey on sbtest4  (cost=0.43..6.51 rows=104 width=4)
	  Index Cond: ((id >= 3326916) AND (id <= 3327016))

table 5 : explain SELECT id FROM sbtest5 WHERE id BETWEEN 3326916 AND 3327016
	Index Only Scan using sbtest5_pkey on sbtest5  (cost=0.43..10.50 rows=103 width=4)
	  Index Cond: ((id >= 3326916) AND (id <= 3327016))

table 6 : explain SELECT id FROM sbtest6 WHERE id BETWEEN 3326916 AND 3327016
	Index Only Scan using sbtest6_pkey on sbtest6  (cost=0.43..6.40 rows=98 width=4)
	  Index Cond: ((id >= 3326916) AND (id <= 3327016))

table 7 : explain SELECT id FROM sbtest7 WHERE id BETWEEN 3326916 AND 3327016
	Index Only Scan using sbtest7_pkey on sbtest7  (cost=0.43..10.60 rows=108 width=4)
	  Index Cond: ((id >= 3326916) AND (id <= 3327016))

table 8 : explain SELECT id FROM sbtest8 WHERE id BETWEEN 3326916 AND 3327016
	Index Only Scan using sbtest8_pkey on sbtest8  (cost=0.43..10.63 rows=110 width=4)
	  Index Cond: ((id >= 3326916) AND (id <= 3327016))

explain: for range-covered :: explain SELECT id FROM sbtest%d WHERE id BETWEEN 3326916 AND 3327016
for range-covered
table 1 : explain SELECT id FROM sbtest1 WHERE id BETWEEN 7138374 AND 7138474
	Index Only Scan using sbtest1_pkey on sbtest1  (cost=0.43..10.51 rows=104 width=4)
	  Index Cond: ((id >= 7138374) AND (id <= 7138474))

table 2 : explain SELECT id FROM sbtest2 WHERE id BETWEEN 7138374 AND 7138474
	Index Only Scan using sbtest2_pkey on sbtest2  (cost=0.43..6.25 rows=91 width=4)
	  Index Cond: ((id >= 7138374) AND (id <= 7138474))

table 3 : explain SELECT id FROM sbtest3 WHERE id BETWEEN 7138374 AND 7138474
	Index Only Scan using sbtest3_pkey on sbtest3  (cost=0.43..6.58 rows=107 width=4)
	  Index Cond: ((id >= 7138374) AND (id <= 7138474))

table 4 : explain SELECT id FROM sbtest4 WHERE id BETWEEN 7138374 AND 7138474
	Index Only Scan using sbtest4_pkey on sbtest4  (cost=0.43..6.53 rows=105 width=4)
	  Index Cond: ((id >= 7138374) AND (id <= 7138474))

table 5 : explain SELECT id FROM sbtest5 WHERE id BETWEEN 7138374 AND 7138474
	Index Only Scan using sbtest5_pkey on sbtest5  (cost=0.43..10.18 rows=87 width=4)
	  Index Cond: ((id >= 7138374) AND (id <= 7138474))

table 6 : explain SELECT id FROM sbtest6 WHERE id BETWEEN 7138374 AND 7138474
	Index Only Scan using sbtest6_pkey on sbtest6  (cost=0.43..6.45 rows=101 width=4)
	  Index Cond: ((id >= 7138374) AND (id <= 7138474))

table 7 : explain SELECT id FROM sbtest7 WHERE id BETWEEN 7138374 AND 7138474
	Index Only Scan using sbtest7_pkey on sbtest7  (cost=0.43..10.56 rows=106 width=4)
	  Index Cond: ((id >= 7138374) AND (id <= 7138474))

table 8 : explain SELECT id FROM sbtest8 WHERE id BETWEEN 7138374 AND 7138474
	Index Only Scan using sbtest8_pkey on sbtest8  (cost=0.43..10.44 rows=100 width=4)
	  Index Cond: ((id >= 7138374) AND (id <= 7138474))

for range-covered
table 1 : explain SELECT id FROM sbtest1 WHERE id BETWEEN 2180033 AND 2180133
	Index Only Scan using sbtest1_pkey on sbtest1  (cost=0.43..10.65 rows=111 width=4)
	  Index Cond: ((id >= 2180033) AND (id <= 2180133))

table 2 : explain SELECT id FROM sbtest2 WHERE id BETWEEN 2180033 AND 2180133
	Index Only Scan using sbtest2_pkey on sbtest2  (cost=0.43..6.42 rows=99 width=4)
	  Index Cond: ((id >= 2180033) AND (id <= 2180133))

table 3 : explain SELECT id FROM sbtest3 WHERE id BETWEEN 2180033 AND 2180133
	Index Only Scan using sbtest3_pkey on sbtest3  (cost=0.43..6.37 rows=97 width=4)
	  Index Cond: ((id >= 2180033) AND (id <= 2180133))

table 4 : explain SELECT id FROM sbtest4 WHERE id BETWEEN 2180033 AND 2180133
	Index Only Scan using sbtest4_pkey on sbtest4  (cost=0.43..6.29 rows=93 width=4)
	  Index Cond: ((id >= 2180033) AND (id <= 2180133))

table 5 : explain SELECT id FROM sbtest5 WHERE id BETWEEN 2180033 AND 2180133
	Index Only Scan using sbtest5_pkey on sbtest5  (cost=0.43..10.50 rows=103 width=4)
	  Index Cond: ((id >= 2180033) AND (id <= 2180133))

table 6 : explain SELECT id FROM sbtest6 WHERE id BETWEEN 2180033 AND 2180133
	Index Only Scan using sbtest6_pkey on sbtest6  (cost=0.43..6.35 rows=96 width=4)
	  Index Cond: ((id >= 2180033) AND (id <= 2180133))

table 7 : explain SELECT id FROM sbtest7 WHERE id BETWEEN 2180033 AND 2180133
	Index Only Scan using sbtest7_pkey on sbtest7  (cost=0.43..10.46 rows=101 width=4)
	  Index Cond: ((id >= 2180033) AND (id <= 2180133))

table 8 : explain SELECT id FROM sbtest8 WHERE id BETWEEN 2180033 AND 2180133
	Index Only Scan using sbtest8_pkey on sbtest8  (cost=0.43..10.36 rows=96 width=4)
	  Index Cond: ((id >= 2180033) AND (id <= 2180133))

explain: for range-covered :: explain SELECT id FROM sbtest%d WHERE id BETWEEN 7138374 AND 7138474
for range-covered
table 1 : explain SELECT id FROM sbtest1 WHERE id BETWEEN 5620870 AND 5620970
	Index Only Scan using sbtest1_pkey on sbtest1  (cost=0.43..10.47 rows=102 width=4)
	  Index Cond: ((id >= 5620870) AND (id <= 5620970))

table 2 : explain SELECT id FROM sbtest2 WHERE id BETWEEN 5620870 AND 5620970
	Index Only Scan using sbtest2_pkey on sbtest2  (cost=0.43..6.50 rows=103 width=4)
	  Index Cond: ((id >= 5620870) AND (id <= 5620970))

table 3 : explain SELECT id FROM sbtest3 WHERE id BETWEEN 5620870 AND 5620970
	Index Only Scan using sbtest3_pkey on sbtest3  (cost=0.43..6.37 rows=97 width=4)
	  Index Cond: ((id >= 5620870) AND (id <= 5620970))

table 4 : explain SELECT id FROM sbtest4 WHERE id BETWEEN 5620870 AND 5620970
	Index Only Scan using sbtest4_pkey on sbtest4  (cost=0.43..6.43 rows=100 width=4)
	  Index Cond: ((id >= 5620870) AND (id <= 5620970))

table 5 : explain SELECT id FROM sbtest5 WHERE id BETWEEN 5620870 AND 5620970
	Index Only Scan using sbtest5_pkey on sbtest5  (cost=0.43..10.40 rows=98 width=4)
	  Index Cond: ((id >= 5620870) AND (id <= 5620970))

table 6 : explain SELECT id FROM sbtest6 WHERE id BETWEEN 5620870 AND 5620970
	Index Only Scan using sbtest6_pkey on sbtest6  (cost=0.43..6.53 rows=105 width=4)
	  Index Cond: ((id >= 5620870) AND (id <= 5620970))

table 7 : explain SELECT id FROM sbtest7 WHERE id BETWEEN 5620870 AND 5620970
	Index Only Scan using sbtest7_pkey on sbtest7  (cost=0.43..10.38 rows=97 width=4)
	  Index Cond: ((id >= 5620870) AND (id <= 5620970))

table 8 : explain SELECT id FROM sbtest8 WHERE id BETWEEN 5620870 AND 5620970
	Index Only Scan using sbtest8_pkey on sbtest8  (cost=0.43..10.65 rows=111 width=4)
	  Index Cond: ((id >= 5620870) AND (id <= 5620970))

explain: for range-covered :: explain SELECT id FROM sbtest%d WHERE id BETWEEN 2180033 AND 2180133
explain: for range-covered :: explain SELECT id FROM sbtest%d WHERE id BETWEEN 5620870 AND 5620970
for range-covered
table 1 : explain SELECT id FROM sbtest1 WHERE id BETWEEN 7384090 AND 7384190
	Index Only Scan using sbtest1_pkey on sbtest1  (cost=0.43..10.24 rows=90 width=4)
	  Index Cond: ((id >= 7384090) AND (id <= 7384190))

table 2 : explain SELECT id FROM sbtest2 WHERE id BETWEEN 7384090 AND 7384190
	Index Only Scan using sbtest2_pkey on sbtest2  (cost=0.43..6.40 rows=98 width=4)
	  Index Cond: ((id >= 7384090) AND (id <= 7384190))

table 3 : explain SELECT id FROM sbtest3 WHERE id BETWEEN 7384090 AND 7384190
	Index Only Scan using sbtest3_pkey on sbtest3  (cost=0.43..6.29 rows=93 width=4)
	  Index Cond: ((id >= 7384090) AND (id <= 7384190))

table 4 : explain SELECT id FROM sbtest4 WHERE id BETWEEN 7384090 AND 7384190
	Index Only Scan using sbtest4_pkey on sbtest4  (cost=0.43..6.42 rows=99 width=4)
	  Index Cond: ((id >= 7384090) AND (id <= 7384190))

table 5 : explain SELECT id FROM sbtest5 WHERE id BETWEEN 7384090 AND 7384190
	Index Only Scan using sbtest5_pkey on sbtest5  (cost=0.43..10.62 rows=109 width=4)
	  Index Cond: ((id >= 7384090) AND (id <= 7384190))

table 6 : explain SELECT id FROM sbtest6 WHERE id BETWEEN 7384090 AND 7384190
	Index Only Scan using sbtest6_pkey on sbtest6  (cost=0.43..6.42 rows=99 width=4)
	  Index Cond: ((id >= 7384090) AND (id <= 7384190))

table 7 : explain SELECT id FROM sbtest7 WHERE id BETWEEN 7384090 AND 7384190
	Index Only Scan using sbtest7_pkey on sbtest7  (cost=0.43..10.44 rows=100 width=4)
	  Index Cond: ((id >= 7384090) AND (id <= 7384190))

table 8 : explain SELECT id FROM sbtest8 WHERE id BETWEEN 7384090 AND 7384190
	Index Only Scan using sbtest8_pkey on sbtest8  (cost=0.43..10.42 rows=99 width=4)
	  Index Cond: ((id >= 7384090) AND (id <= 7384190))

for range-covered
table 1 : explain SELECT id FROM sbtest1 WHERE id BETWEEN 3326916 AND 3327016
	Index Only Scan using sbtest1_pkey on sbtest1  (cost=0.43..10.62 rows=109 width=4)
	  Index Cond: ((id >= 3326916) AND (id <= 3327016))

table 2 : explain SELECT id FROM sbtest2 WHERE id BETWEEN 3326916 AND 3327016
	Index Only Scan using sbtest2_pkey on sbtest2  (cost=0.43..6.58 rows=107 width=4)
	  Index Cond: ((id >= 3326916) AND (id <= 3327016))

table 3 : explain SELECT id FROM sbtest3 WHERE id BETWEEN 3326916 AND 3327016
	Index Only Scan using sbtest3_pkey on sbtest3  (cost=0.43..6.45 rows=101 width=4)
	  Index Cond: ((id >= 3326916) AND (id <= 3327016))

table 4 : explain SELECT id FROM sbtest4 WHERE id BETWEEN 3326916 AND 3327016
	Index Only Scan using sbtest4_pkey on sbtest4  (cost=0.43..6.51 rows=104 width=4)
	  Index Cond: ((id >= 3326916) AND (id <= 3327016))

table 5 : explain SELECT id FROM sbtest5 WHERE id BETWEEN 3326916 AND 3327016
	Index Only Scan using sbtest5_pkey on sbtest5  (cost=0.43..10.50 rows=103 width=4)
	  Index Cond: ((id >= 3326916) AND (id <= 3327016))

table 6 : explain SELECT id FROM sbtest6 WHERE id BETWEEN 3326916 AND 3327016
	Index Only Scan using sbtest6_pkey on sbtest6  (cost=0.43..6.40 rows=98 width=4)
	  Index Cond: ((id >= 3326916) AND (id <= 3327016))

table 7 : explain SELECT id FROM sbtest7 WHERE id BETWEEN 3326916 AND 3327016
	Index Only Scan using sbtest7_pkey on sbtest7  (cost=0.43..10.60 rows=108 width=4)
	  Index Cond: ((id >= 3326916) AND (id <= 3327016))

table 8 : explain SELECT id FROM sbtest8 WHERE id BETWEEN 3326916 AND 3327016
	Index Only Scan using sbtest8_pkey on sbtest8  (cost=0.43..10.63 rows=110 width=4)
	  Index Cond: ((id >= 3326916) AND (id <= 3327016))

explain: for range-covered :: explain SELECT id FROM sbtest%d WHERE id BETWEEN 7384090 AND 7384190
explain: for range-covered :: explain SELECT id FROM sbtest%d WHERE id BETWEEN 3326916 AND 3327016
for range-covered
table 1 : explain SELECT id FROM sbtest1 WHERE id BETWEEN 5620870 AND 5620970
	Index Only Scan using sbtest1_pkey on sbtest1  (cost=0.43..10.47 rows=102 width=4)
	  Index Cond: ((id >= 5620870) AND (id <= 5620970))

table 2 : explain SELECT id FROM sbtest2 WHERE id BETWEEN 5620870 AND 5620970
	Index Only Scan using sbtest2_pkey on sbtest2  (cost=0.43..6.50 rows=103 width=4)
	  Index Cond: ((id >= 5620870) AND (id <= 5620970))

table 3 : explain SELECT id FROM sbtest3 WHERE id BETWEEN 5620870 AND 5620970
	Index Only Scan using sbtest3_pkey on sbtest3  (cost=0.43..6.37 rows=97 width=4)
	  Index Cond: ((id >= 5620870) AND (id <= 5620970))

table 4 : explain SELECT id FROM sbtest4 WHERE id BETWEEN 5620870 AND 5620970
	Index Only Scan using sbtest4_pkey on sbtest4  (cost=0.43..6.43 rows=100 width=4)
	  Index Cond: ((id >= 5620870) AND (id <= 5620970))

table 5 : explain SELECT id FROM sbtest5 WHERE id BETWEEN 5620870 AND 5620970
	Index Only Scan using sbtest5_pkey on sbtest5  (cost=0.43..10.40 rows=98 width=4)
	  Index Cond: ((id >= 5620870) AND (id <= 5620970))

table 6 : explain SELECT id FROM sbtest6 WHERE id BETWEEN 5620870 AND 5620970
	Index Only Scan using sbtest6_pkey on sbtest6  (cost=0.43..6.53 rows=105 width=4)
	  Index Cond: ((id >= 5620870) AND (id <= 5620970))

table 7 : explain SELECT id FROM sbtest7 WHERE id BETWEEN 5620870 AND 5620970
	Index Only Scan using sbtest7_pkey on sbtest7  (cost=0.43..10.38 rows=97 width=4)
	  Index Cond: ((id >= 5620870) AND (id <= 5620970))

table 8 : explain SELECT id FROM sbtest8 WHERE id BETWEEN 5620870 AND 5620970
	Index Only Scan using sbtest8_pkey on sbtest8  (cost=0.43..10.65 rows=111 width=4)
	  Index Cond: ((id >= 5620870) AND (id <= 5620970))

explain: for range-covered :: explain SELECT id FROM sbtest%d WHERE id BETWEEN 5620870 AND 5620970
for range-covered
table 1 : explain SELECT id FROM sbtest1 WHERE id BETWEEN 6908836 AND 6908936
	Index Only Scan using sbtest1_pkey on sbtest1  (cost=0.43..10.40 rows=98 width=4)
	  Index Cond: ((id >= 6908836) AND (id <= 6908936))

table 2 : explain SELECT id FROM sbtest2 WHERE id BETWEEN 6908836 AND 6908936
	Index Only Scan using sbtest2_pkey on sbtest2  (cost=0.43..6.42 rows=99 width=4)
	  Index Cond: ((id >= 6908836) AND (id <= 6908936))

table 3 : explain SELECT id FROM sbtest3 WHERE id BETWEEN 6908836 AND 6908936
	Index Only Scan using sbtest3_pkey on sbtest3  (cost=0.43..6.32 rows=94 width=4)
	  Index Cond: ((id >= 6908836) AND (id <= 6908936))

table 4 : explain SELECT id FROM sbtest4 WHERE id BETWEEN 6908836 AND 6908936
	Index Only Scan using sbtest4_pkey on sbtest4  (cost=0.43..6.50 rows=103 width=4)
	  Index Cond: ((id >= 6908836) AND (id <= 6908936))

table 5 : explain SELECT id FROM sbtest5 WHERE id BETWEEN 6908836 AND 6908936
	Index Only Scan using sbtest5_pkey on sbtest5  (cost=0.43..10.56 rows=106 width=4)
	  Index Cond: ((id >= 6908836) AND (id <= 6908936))

table 6 : explain SELECT id FROM sbtest6 WHERE id BETWEEN 6908836 AND 6908936
	Index Only Scan using sbtest6_pkey on sbtest6  (cost=0.43..6.29 rows=93 width=4)
	  Index Cond: ((id >= 6908836) AND (id <= 6908936))

table 7 : explain SELECT id FROM sbtest7 WHERE id BETWEEN 6908836 AND 6908936
	Index Only Scan using sbtest7_pkey on sbtest7  (cost=0.43..10.51 rows=104 width=4)
	  Index Cond: ((id >= 6908836) AND (id <= 6908936))

table 8 : explain SELECT id FROM sbtest8 WHERE id BETWEEN 6908836 AND 6908936
	Index Only Scan using sbtest8_pkey on sbtest8  (cost=0.43..10.28 rows=92 width=4)
	  Index Cond: ((id >= 6908836) AND (id <= 6908936))

explain: for range-covered :: explain SELECT id FROM sbtest%d WHERE id BETWEEN 6908836 AND 6908936
for range-covered
table 1 : explain SELECT id FROM sbtest1 WHERE id BETWEEN 3326916 AND 3327016
	Index Only Scan using sbtest1_pkey on sbtest1  (cost=0.43..10.62 rows=109 width=4)
	  Index Cond: ((id >= 3326916) AND (id <= 3327016))

table 2 : explain SELECT id FROM sbtest2 WHERE id BETWEEN 3326916 AND 3327016
	Index Only Scan using sbtest2_pkey on sbtest2  (cost=0.43..6.58 rows=107 width=4)
	  Index Cond: ((id >= 3326916) AND (id <= 3327016))

table 3 : explain SELECT id FROM sbtest3 WHERE id BETWEEN 3326916 AND 3327016
	Index Only Scan using sbtest3_pkey on sbtest3  (cost=0.43..6.45 rows=101 width=4)
	  Index Cond: ((id >= 3326916) AND (id <= 3327016))

table 4 : explain SELECT id FROM sbtest4 WHERE id BETWEEN 3326916 AND 3327016
	Index Only Scan using sbtest4_pkey on sbtest4  (cost=0.43..6.51 rows=104 width=4)
	  Index Cond: ((id >= 3326916) AND (id <= 3327016))

table 5 : explain SELECT id FROM sbtest5 WHERE id BETWEEN 3326916 AND 3327016
	Index Only Scan using sbtest5_pkey on sbtest5  (cost=0.43..10.50 rows=103 width=4)
	  Index Cond: ((id >= 3326916) AND (id <= 3327016))

table 6 : explain SELECT id FROM sbtest6 WHERE id BETWEEN 3326916 AND 3327016
	Index Only Scan using sbtest6_pkey on sbtest6  (cost=0.43..6.40 rows=98 width=4)
	  Index Cond: ((id >= 3326916) AND (id <= 3327016))

table 7 : explain SELECT id FROM sbtest7 WHERE id BETWEEN 3326916 AND 3327016
	Index Only Scan using sbtest7_pkey on sbtest7  (cost=0.43..10.60 rows=108 width=4)
	  Index Cond: ((id >= 3326916) AND (id <= 3327016))

table 8 : explain SELECT id FROM sbtest8 WHERE id BETWEEN 3326916 AND 3327016
	Index Only Scan using sbtest8_pkey on sbtest8  (cost=0.43..10.63 rows=110 width=4)
	  Index Cond: ((id >= 3326916) AND (id <= 3327016))

for range-covered
table 1 : explain SELECT id FROM sbtest1 WHERE id BETWEEN 7384090 AND 7384190
	Index Only Scan using sbtest1_pkey on sbtest1  (cost=0.43..10.24 rows=90 width=4)
	  Index Cond: ((id >= 7384090) AND (id <= 7384190))

table 2 : explain SELECT id FROM sbtest2 WHERE id BETWEEN 7384090 AND 7384190
	Index Only Scan using sbtest2_pkey on sbtest2  (cost=0.43..6.40 rows=98 width=4)
	  Index Cond: ((id >= 7384090) AND (id <= 7384190))

table 3 : explain SELECT id FROM sbtest3 WHERE id BETWEEN 7384090 AND 7384190
	Index Only Scan using sbtest3_pkey on sbtest3  (cost=0.43..6.29 rows=93 width=4)
	  Index Cond: ((id >= 7384090) AND (id <= 7384190))

table 4 : explain SELECT id FROM sbtest4 WHERE id BETWEEN 7384090 AND 7384190
	Index Only Scan using sbtest4_pkey on sbtest4  (cost=0.43..6.42 rows=99 width=4)
	  Index Cond: ((id >= 7384090) AND (id <= 7384190))

table 5 : explain SELECT id FROM sbtest5 WHERE id BETWEEN 7384090 AND 7384190
	Index Only Scan using sbtest5_pkey on sbtest5  (cost=0.43..10.62 rows=109 width=4)
	  Index Cond: ((id >= 7384090) AND (id <= 7384190))

table 6 : explain SELECT id FROM sbtest6 WHERE id BETWEEN 7384090 AND 7384190
	Index Only Scan using sbtest6_pkey on sbtest6  (cost=0.43..6.42 rows=99 width=4)
	  Index Cond: ((id >= 7384090) AND (id <= 7384190))

table 7 : explain SELECT id FROM sbtest7 WHERE id BETWEEN 7384090 AND 7384190
	Index Only Scan using sbtest7_pkey on sbtest7  (cost=0.43..10.44 rows=100 width=4)
	  Index Cond: ((id >= 7384090) AND (id <= 7384190))

table 8 : explain SELECT id FROM sbtest8 WHERE id BETWEEN 7384090 AND 7384190
	Index Only Scan using sbtest8_pkey on sbtest8  (cost=0.43..10.42 rows=99 width=4)
	  Index Cond: ((id >= 7384090) AND (id <= 7384190))

explain: for range-covered :: explain SELECT id FROM sbtest%d WHERE id BETWEEN 3326916 AND 3327016
explain: for range-covered :: explain SELECT id FROM sbtest%d WHERE id BETWEEN 7384090 AND 7384190
for range-covered
table 1 : explain SELECT id FROM sbtest1 WHERE id BETWEEN 5620870 AND 5620970
	Index Only Scan using sbtest1_pkey on sbtest1  (cost=0.43..10.47 rows=102 width=4)
	  Index Cond: ((id >= 5620870) AND (id <= 5620970))

table 2 : explain SELECT id FROM sbtest2 WHERE id BETWEEN 5620870 AND 5620970
	Index Only Scan using sbtest2_pkey on sbtest2  (cost=0.43..6.50 rows=103 width=4)
	  Index Cond: ((id >= 5620870) AND (id <= 5620970))

table 3 : explain SELECT id FROM sbtest3 WHERE id BETWEEN 5620870 AND 5620970
	Index Only Scan using sbtest3_pkey on sbtest3  (cost=0.43..6.37 rows=97 width=4)
	  Index Cond: ((id >= 5620870) AND (id <= 5620970))

table 4 : explain SELECT id FROM sbtest4 WHERE id BETWEEN 5620870 AND 5620970
	Index Only Scan using sbtest4_pkey on sbtest4  (cost=0.43..6.43 rows=100 width=4)
	  Index Cond: ((id >= 5620870) AND (id <= 5620970))

table 5 : explain SELECT id FROM sbtest5 WHERE id BETWEEN 5620870 AND 5620970
	Index Only Scan using sbtest5_pkey on sbtest5  (cost=0.43..10.40 rows=98 width=4)
	  Index Cond: ((id >= 5620870) AND (id <= 5620970))

table 6 : explain SELECT id FROM sbtest6 WHERE id BETWEEN 5620870 AND 5620970
	Index Only Scan using sbtest6_pkey on sbtest6  (cost=0.43..6.53 rows=105 width=4)
	  Index Cond: ((id >= 5620870) AND (id <= 5620970))

table 7 : explain SELECT id FROM sbtest7 WHERE id BETWEEN 5620870 AND 5620970
	Index Only Scan using sbtest7_pkey on sbtest7  (cost=0.43..10.38 rows=97 width=4)
	  Index Cond: ((id >= 5620870) AND (id <= 5620970))

table 8 : explain SELECT id FROM sbtest8 WHERE id BETWEEN 5620870 AND 5620970
	Index Only Scan using sbtest8_pkey on sbtest8  (cost=0.43..10.65 rows=111 width=4)
	  Index Cond: ((id >= 5620870) AND (id <= 5620970))

for range-covered
table 1 : explain SELECT id FROM sbtest1 WHERE id BETWEEN 2180033 AND 2180133
	Index Only Scan using sbtest1_pkey on sbtest1  (cost=0.43..10.65 rows=111 width=4)
	  Index Cond: ((id >= 2180033) AND (id <= 2180133))

table 2 : explain SELECT id FROM sbtest2 WHERE id BETWEEN 2180033 AND 2180133
	Index Only Scan using sbtest2_pkey on sbtest2  (cost=0.43..6.42 rows=99 width=4)
	  Index Cond: ((id >= 2180033) AND (id <= 2180133))

table 3 : explain SELECT id FROM sbtest3 WHERE id BETWEEN 2180033 AND 2180133
	Index Only Scan using sbtest3_pkey on sbtest3  (cost=0.43..6.37 rows=97 width=4)
	  Index Cond: ((id >= 2180033) AND (id <= 2180133))

table 4 : explain SELECT id FROM sbtest4 WHERE id BETWEEN 2180033 AND 2180133
	Index Only Scan using sbtest4_pkey on sbtest4  (cost=0.43..6.29 rows=93 width=4)
	  Index Cond: ((id >= 2180033) AND (id <= 2180133))

table 5 : explain SELECT id FROM sbtest5 WHERE id BETWEEN 2180033 AND 2180133
	Index Only Scan using sbtest5_pkey on sbtest5  (cost=0.43..10.50 rows=103 width=4)
	  Index Cond: ((id >= 2180033) AND (id <= 2180133))

table 6 : explain SELECT id FROM sbtest6 WHERE id BETWEEN 2180033 AND 2180133
	Index Only Scan using sbtest6_pkey on sbtest6  (cost=0.43..6.35 rows=96 width=4)
	  Index Cond: ((id >= 2180033) AND (id <= 2180133))

table 7 : explain SELECT id FROM sbtest7 WHERE id BETWEEN 2180033 AND 2180133
	Index Only Scan using sbtest7_pkey on sbtest7  (cost=0.43..10.46 rows=101 width=4)
	  Index Cond: ((id >= 2180033) AND (id <= 2180133))

table 8 : explain SELECT id FROM sbtest8 WHERE id BETWEEN 2180033 AND 2180133
	Index Only Scan using sbtest8_pkey on sbtest8  (cost=0.43..10.36 rows=96 width=4)
	  Index Cond: ((id >= 2180033) AND (id <= 2180133))

explain: for range-covered :: explain SELECT id FROM sbtest%d WHERE id BETWEEN 2180033 AND 2180133
for range-covered
table 1 : explain SELECT id FROM sbtest1 WHERE id BETWEEN 6908836 AND 6908936
	Index Only Scan using sbtest1_pkey on sbtest1  (cost=0.43..10.40 rows=98 width=4)
	  Index Cond: ((id >= 6908836) AND (id <= 6908936))

table 2 : explain SELECT id FROM sbtest2 WHERE id BETWEEN 6908836 AND 6908936
	Index Only Scan using sbtest2_pkey on sbtest2  (cost=0.43..6.42 rows=99 width=4)
	  Index Cond: ((id >= 6908836) AND (id <= 6908936))

table 3 : explain SELECT id FROM sbtest3 WHERE id BETWEEN 6908836 AND 6908936
	Index Only Scan using sbtest3_pkey on sbtest3  (cost=0.43..6.32 rows=94 width=4)
	  Index Cond: ((id >= 6908836) AND (id <= 6908936))

table 4 : explain SELECT id FROM sbtest4 WHERE id BETWEEN 6908836 AND 6908936
	Index Only Scan using sbtest4_pkey on sbtest4  (cost=0.43..6.50 rows=103 width=4)
	  Index Cond: ((id >= 6908836) AND (id <= 6908936))

table 5 : explain SELECT id FROM sbtest5 WHERE id BETWEEN 6908836 AND 6908936
	Index Only Scan using sbtest5_pkey on sbtest5  (cost=0.43..10.56 rows=106 width=4)
	  Index Cond: ((id >= 6908836) AND (id <= 6908936))

table 6 : explain SELECT id FROM sbtest6 WHERE id BETWEEN 6908836 AND 6908936
	Index Only Scan using sbtest6_pkey on sbtest6  (cost=0.43..6.29 rows=93 width=4)
	  Index Cond: ((id >= 6908836) AND (id <= 6908936))

table 7 : explain SELECT id FROM sbtest7 WHERE id BETWEEN 6908836 AND 6908936
	Index Only Scan using sbtest7_pkey on sbtest7  (cost=0.43..10.51 rows=104 width=4)
	  Index Cond: ((id >= 6908836) AND (id <= 6908936))

table 8 : explain SELECT id FROM sbtest8 WHERE id BETWEEN 6908836 AND 6908936
	Index Only Scan using sbtest8_pkey on sbtest8  (cost=0.43..10.28 rows=92 width=4)
	  Index Cond: ((id >= 6908836) AND (id <= 6908936))

for range-covered
table 1 : explain SELECT id FROM sbtest1 WHERE id BETWEEN 7138374 AND 7138474
	Index Only Scan using sbtest1_pkey on sbtest1  (cost=0.43..10.51 rows=104 width=4)
	  Index Cond: ((id >= 7138374) AND (id <= 7138474))

table 2 : explain SELECT id FROM sbtest2 WHERE id BETWEEN 7138374 AND 7138474
	Index Only Scan using sbtest2_pkey on sbtest2  (cost=0.43..6.25 rows=91 width=4)
	  Index Cond: ((id >= 7138374) AND (id <= 7138474))

table 3 : explain SELECT id FROM sbtest3 WHERE id BETWEEN 7138374 AND 7138474
	Index Only Scan using sbtest3_pkey on sbtest3  (cost=0.43..6.58 rows=107 width=4)
	  Index Cond: ((id >= 7138374) AND (id <= 7138474))

table 4 : explain SELECT id FROM sbtest4 WHERE id BETWEEN 7138374 AND 7138474
	Index Only Scan using sbtest4_pkey on sbtest4  (cost=0.43..6.53 rows=105 width=4)
	  Index Cond: ((id >= 7138374) AND (id <= 7138474))

table 5 : explain SELECT id FROM sbtest5 WHERE id BETWEEN 7138374 AND 7138474
	Index Only Scan using sbtest5_pkey on sbtest5  (cost=0.43..10.18 rows=87 width=4)
	  Index Cond: ((id >= 7138374) AND (id <= 7138474))

table 6 : explain SELECT id FROM sbtest6 WHERE id BETWEEN 7138374 AND 7138474
	Index Only Scan using sbtest6_pkey on sbtest6  (cost=0.43..6.45 rows=101 width=4)
	  Index Cond: ((id >= 7138374) AND (id <= 7138474))

table 7 : explain SELECT id FROM sbtest7 WHERE id BETWEEN 7138374 AND 7138474
	Index Only Scan using sbtest7_pkey on sbtest7  (cost=0.43..10.56 rows=106 width=4)
	  Index Cond: ((id >= 7138374) AND (id <= 7138474))

table 8 : explain SELECT id FROM sbtest8 WHERE id BETWEEN 7138374 AND 7138474
	Index Only Scan using sbtest8_pkey on sbtest8  (cost=0.43..10.44 rows=100 width=4)
	  Index Cond: ((id >= 7138374) AND (id <= 7138474))

explain: for range-covered :: explain SELECT id FROM sbtest%d WHERE id BETWEEN 6908836 AND 6908936
for range-covered
table 1 : explain SELECT id FROM sbtest1 WHERE id BETWEEN 3326916 AND 3327016
	Index Only Scan using sbtest1_pkey on sbtest1  (cost=0.43..10.62 rows=109 width=4)
	  Index Cond: ((id >= 3326916) AND (id <= 3327016))

table 2 : explain SELECT id FROM sbtest2 WHERE id BETWEEN 3326916 AND 3327016
	Index Only Scan using sbtest2_pkey on sbtest2  (cost=0.43..6.58 rows=107 width=4)
	  Index Cond: ((id >= 3326916) AND (id <= 3327016))

table 3 : explain SELECT id FROM sbtest3 WHERE id BETWEEN 3326916 AND 3327016
	Index Only Scan using sbtest3_pkey on sbtest3  (cost=0.43..6.45 rows=101 width=4)
	  Index Cond: ((id >= 3326916) AND (id <= 3327016))

table 4 : explain SELECT id FROM sbtest4 WHERE id BETWEEN 3326916 AND 3327016
	Index Only Scan using sbtest4_pkey on sbtest4  (cost=0.43..6.51 rows=104 width=4)
	  Index Cond: ((id >= 3326916) AND (id <= 3327016))

table 5 : explain SELECT id FROM sbtest5 WHERE id BETWEEN 3326916 AND 3327016
	Index Only Scan using sbtest5_pkey on sbtest5  (cost=0.43..10.50 rows=103 width=4)
	  Index Cond: ((id >= 3326916) AND (id <= 3327016))

table 6 : explain SELECT id FROM sbtest6 WHERE id BETWEEN 3326916 AND 3327016
	Index Only Scan using sbtest6_pkey on sbtest6  (cost=0.43..6.40 rows=98 width=4)
	  Index Cond: ((id >= 3326916) AND (id <= 3327016))

table 7 : explain SELECT id FROM sbtest7 WHERE id BETWEEN 3326916 AND 3327016
	Index Only Scan using sbtest7_pkey on sbtest7  (cost=0.43..10.60 rows=108 width=4)
	  Index Cond: ((id >= 3326916) AND (id <= 3327016))

table 8 : explain SELECT id FROM sbtest8 WHERE id BETWEEN 3326916 AND 3327016
	Index Only Scan using sbtest8_pkey on sbtest8  (cost=0.43..10.63 rows=110 width=4)
	  Index Cond: ((id >= 3326916) AND (id <= 3327016))

explain: for range-covered :: explain SELECT id FROM sbtest%d WHERE id BETWEEN 3326916 AND 3327016
explain: for range-covered :: explain SELECT id FROM sbtest%d WHERE id BETWEEN 7138374 AND 7138474
for range-covered
table 1 : explain SELECT id FROM sbtest1 WHERE id BETWEEN 7384090 AND 7384190
	Index Only Scan using sbtest1_pkey on sbtest1  (cost=0.43..10.24 rows=90 width=4)
	  Index Cond: ((id >= 7384090) AND (id <= 7384190))

table 2 : explain SELECT id FROM sbtest2 WHERE id BETWEEN 7384090 AND 7384190
	Index Only Scan using sbtest2_pkey on sbtest2  (cost=0.43..6.40 rows=98 width=4)
	  Index Cond: ((id >= 7384090) AND (id <= 7384190))

table 3 : explain SELECT id FROM sbtest3 WHERE id BETWEEN 7384090 AND 7384190
	Index Only Scan using sbtest3_pkey on sbtest3  (cost=0.43..6.29 rows=93 width=4)
	  Index Cond: ((id >= 7384090) AND (id <= 7384190))

table 4 : explain SELECT id FROM sbtest4 WHERE id BETWEEN 7384090 AND 7384190
	Index Only Scan using sbtest4_pkey on sbtest4  (cost=0.43..6.42 rows=99 width=4)
	  Index Cond: ((id >= 7384090) AND (id <= 7384190))

table 5 : explain SELECT id FROM sbtest5 WHERE id BETWEEN 7384090 AND 7384190
	Index Only Scan using sbtest5_pkey on sbtest5  (cost=0.43..10.62 rows=109 width=4)
	  Index Cond: ((id >= 7384090) AND (id <= 7384190))

table 6 : explain SELECT id FROM sbtest6 WHERE id BETWEEN 7384090 AND 7384190
	Index Only Scan using sbtest6_pkey on sbtest6  (cost=0.43..6.42 rows=99 width=4)
	  Index Cond: ((id >= 7384090) AND (id <= 7384190))

table 7 : explain SELECT id FROM sbtest7 WHERE id BETWEEN 7384090 AND 7384190
	Index Only Scan using sbtest7_pkey on sbtest7  (cost=0.43..10.44 rows=100 width=4)
	  Index Cond: ((id >= 7384090) AND (id <= 7384190))

table 8 : explain SELECT id FROM sbtest8 WHERE id BETWEEN 7384090 AND 7384190
	Index Only Scan using sbtest8_pkey on sbtest8  (cost=0.43..10.42 rows=99 width=4)
	  Index Cond: ((id >= 7384090) AND (id <= 7384190))

for range-covered
table 1 : explain SELECT id FROM sbtest1 WHERE id BETWEEN 6908836 AND 6908936
	Index Only Scan using sbtest1_pkey on sbtest1  (cost=0.43..10.40 rows=98 width=4)
	  Index Cond: ((id >= 6908836) AND (id <= 6908936))

table 2 : explain SELECT id FROM sbtest2 WHERE id BETWEEN 6908836 AND 6908936
	Index Only Scan using sbtest2_pkey on sbtest2  (cost=0.43..6.42 rows=99 width=4)
	  Index Cond: ((id >= 6908836) AND (id <= 6908936))

table 3 : explain SELECT id FROM sbtest3 WHERE id BETWEEN 6908836 AND 6908936
	Index Only Scan using sbtest3_pkey on sbtest3  (cost=0.43..6.32 rows=94 width=4)
	  Index Cond: ((id >= 6908836) AND (id <= 6908936))

table 4 : explain SELECT id FROM sbtest4 WHERE id BETWEEN 6908836 AND 6908936
	Index Only Scan using sbtest4_pkey on sbtest4  (cost=0.43..6.50 rows=103 width=4)
	  Index Cond: ((id >= 6908836) AND (id <= 6908936))

table 5 : explain SELECT id FROM sbtest5 WHERE id BETWEEN 6908836 AND 6908936
	Index Only Scan using sbtest5_pkey on sbtest5  (cost=0.43..10.56 rows=106 width=4)
	  Index Cond: ((id >= 6908836) AND (id <= 6908936))

table 6 : explain SELECT id FROM sbtest6 WHERE id BETWEEN 6908836 AND 6908936
	Index Only Scan using sbtest6_pkey on sbtest6  (cost=0.43..6.29 rows=93 width=4)
	  Index Cond: ((id >= 6908836) AND (id <= 6908936))

table 7 : explain SELECT id FROM sbtest7 WHERE id BETWEEN 6908836 AND 6908936
	Index Only Scan using sbtest7_pkey on sbtest7  (cost=0.43..10.51 rows=104 width=4)
	  Index Cond: ((id >= 6908836) AND (id <= 6908936))

table 8 : explain SELECT id FROM sbtest8 WHERE id BETWEEN 6908836 AND 6908936
	Index Only Scan using sbtest8_pkey on sbtest8  (cost=0.43..10.28 rows=92 width=4)
	  Index Cond: ((id >= 6908836) AND (id <= 6908936))

explain: for range-covered :: explain SELECT id FROM sbtest%d WHERE id BETWEEN 6908836 AND 6908936
for range-covered
table 1 : explain SELECT id FROM sbtest1 WHERE id BETWEEN 3326916 AND 3327016
	Index Only Scan using sbtest1_pkey on sbtest1  (cost=0.43..10.62 rows=109 width=4)
	  Index Cond: ((id >= 3326916) AND (id <= 3327016))

table 2 : explain SELECT id FROM sbtest2 WHERE id BETWEEN 3326916 AND 3327016
	Index Only Scan using sbtest2_pkey on sbtest2  (cost=0.43..6.58 rows=107 width=4)
	  Index Cond: ((id >= 3326916) AND (id <= 3327016))

table 3 : explain SELECT id FROM sbtest3 WHERE id BETWEEN 3326916 AND 3327016
	Index Only Scan using sbtest3_pkey on sbtest3  (cost=0.43..6.45 rows=101 width=4)
	  Index Cond: ((id >= 3326916) AND (id <= 3327016))

table 4 : explain SELECT id FROM sbtest4 WHERE id BETWEEN 3326916 AND 3327016
	Index Only Scan using sbtest4_pkey on sbtest4  (cost=0.43..6.51 rows=104 width=4)
	  Index Cond: ((id >= 3326916) AND (id <= 3327016))

table 5 : explain SELECT id FROM sbtest5 WHERE id BETWEEN 3326916 AND 3327016
	Index Only Scan using sbtest5_pkey on sbtest5  (cost=0.43..10.50 rows=103 width=4)
	  Index Cond: ((id >= 3326916) AND (id <= 3327016))

table 6 : explain SELECT id FROM sbtest6 WHERE id BETWEEN 3326916 AND 3327016
	Index Only Scan using sbtest6_pkey on sbtest6  (cost=0.43..6.40 rows=98 width=4)
	  Index Cond: ((id >= 3326916) AND (id <= 3327016))

table 7 : explain SELECT id FROM sbtest7 WHERE id BETWEEN 3326916 AND 3327016
	Index Only Scan using sbtest7_pkey on sbtest7  (cost=0.43..10.60 rows=108 width=4)
	  Index Cond: ((id >= 3326916) AND (id <= 3327016))

table 8 : explain SELECT id FROM sbtest8 WHERE id BETWEEN 3326916 AND 3327016
	Index Only Scan using sbtest8_pkey on sbtest8  (cost=0.43..10.63 rows=110 width=4)
	  Index Cond: ((id >= 3326916) AND (id <= 3327016))

for range-covered
table 1 : explain SELECT id FROM sbtest1 WHERE id BETWEEN 2180033 AND 2180133
	Index Only Scan using sbtest1_pkey on sbtest1  (cost=0.43..10.65 rows=111 width=4)
	  Index Cond: ((id >= 2180033) AND (id <= 2180133))

table 2 : explain SELECT id FROM sbtest2 WHERE id BETWEEN 2180033 AND 2180133
	Index Only Scan using sbtest2_pkey on sbtest2  (cost=0.43..6.42 rows=99 width=4)
	  Index Cond: ((id >= 2180033) AND (id <= 2180133))

table 3 : explain SELECT id FROM sbtest3 WHERE id BETWEEN 2180033 AND 2180133
	Index Only Scan using sbtest3_pkey on sbtest3  (cost=0.43..6.37 rows=97 width=4)
	  Index Cond: ((id >= 2180033) AND (id <= 2180133))

table 4 : explain SELECT id FROM sbtest4 WHERE id BETWEEN 2180033 AND 2180133
	Index Only Scan using sbtest4_pkey on sbtest4  (cost=0.43..6.29 rows=93 width=4)
	  Index Cond: ((id >= 2180033) AND (id <= 2180133))

table 5 : explain SELECT id FROM sbtest5 WHERE id BETWEEN 2180033 AND 2180133
	Index Only Scan using sbtest5_pkey on sbtest5  (cost=0.43..10.50 rows=103 width=4)
	  Index Cond: ((id >= 2180033) AND (id <= 2180133))

table 6 : explain SELECT id FROM sbtest6 WHERE id BETWEEN 2180033 AND 2180133
	Index Only Scan using sbtest6_pkey on sbtest6  (cost=0.43..6.35 rows=96 width=4)
	  Index Cond: ((id >= 2180033) AND (id <= 2180133))

table 7 : explain SELECT id FROM sbtest7 WHERE id BETWEEN 2180033 AND 2180133
	Index Only Scan using sbtest7_pkey on sbtest7  (cost=0.43..10.46 rows=101 width=4)
	  Index Cond: ((id >= 2180033) AND (id <= 2180133))

table 8 : explain SELECT id FROM sbtest8 WHERE id BETWEEN 2180033 AND 2180133
	Index Only Scan using sbtest8_pkey on sbtest8  (cost=0.43..10.36 rows=96 width=4)
	  Index Cond: ((id >= 2180033) AND (id <= 2180133))

for range-covered
table 1 : explain SELECT id FROM sbtest1 WHERE id BETWEEN 6908836 AND 6908936
	Index Only Scan using sbtest1_pkey on sbtest1  (cost=0.43..10.40 rows=98 width=4)
	  Index Cond: ((id >= 6908836) AND (id <= 6908936))

table 2 : explain SELECT id FROM sbtest2 WHERE id BETWEEN 6908836 AND 6908936
	Index Only Scan using sbtest2_pkey on sbtest2  (cost=0.43..6.42 rows=99 width=4)
	  Index Cond: ((id >= 6908836) AND (id <= 6908936))

table 3 : explain SELECT id FROM sbtest3 WHERE id BETWEEN 6908836 AND 6908936
	Index Only Scan using sbtest3_pkey on sbtest3  (cost=0.43..6.32 rows=94 width=4)
	  Index Cond: ((id >= 6908836) AND (id <= 6908936))

table 4 : explain SELECT id FROM sbtest4 WHERE id BETWEEN 6908836 AND 6908936
	Index Only Scan using sbtest4_pkey on sbtest4  (cost=0.43..6.50 rows=103 width=4)
	  Index Cond: ((id >= 6908836) AND (id <= 6908936))

table 5 : explain SELECT id FROM sbtest5 WHERE id BETWEEN 6908836 AND 6908936
	Index Only Scan using sbtest5_pkey on sbtest5  (cost=0.43..10.56 rows=106 width=4)
	  Index Cond: ((id >= 6908836) AND (id <= 6908936))

table 6 : explain SELECT id FROM sbtest6 WHERE id BETWEEN 6908836 AND 6908936
	Index Only Scan using sbtest6_pkey on sbtest6  (cost=0.43..6.29 rows=93 width=4)
	  Index Cond: ((id >= 6908836) AND (id <= 6908936))

table 7 : explain SELECT id FROM sbtest7 WHERE id BETWEEN 6908836 AND 6908936
	Index Only Scan using sbtest7_pkey on sbtest7  (cost=0.43..10.51 rows=104 width=4)
	  Index Cond: ((id >= 6908836) AND (id <= 6908936))

table 8 : explain SELECT id FROM sbtest8 WHERE id BETWEEN 6908836 AND 6908936
	Index Only Scan using sbtest8_pkey on sbtest8  (cost=0.43..10.28 rows=92 width=4)
	  Index Cond: ((id >= 6908836) AND (id <= 6908936))
explain: for range-covered :: explain SELECT id FROM sbtest%d WHERE id BETWEEN 2180033 AND 2180133

explain: for range-covered :: explain SELECT id FROM sbtest%d WHERE id BETWEEN 6908836 AND 6908936
for range-covered
table 1 : explain SELECT id FROM sbtest1 WHERE id BETWEEN 4991830 AND 4991930
	Index Only Scan using sbtest1_pkey on sbtest1  (cost=0.43..10.50 rows=103 width=4)
	  Index Cond: ((id >= 4991830) AND (id <= 4991930))

table 2 : explain SELECT id FROM sbtest2 WHERE id BETWEEN 4991830 AND 4991930
	Index Only Scan using sbtest2_pkey on sbtest2  (cost=0.43..6.45 rows=101 width=4)
	  Index Cond: ((id >= 4991830) AND (id <= 4991930))

table 3 : explain SELECT id FROM sbtest3 WHERE id BETWEEN 4991830 AND 4991930
	Index Only Scan using sbtest3_pkey on sbtest3  (cost=0.43..6.50 rows=103 width=4)
	  Index Cond: ((id >= 4991830) AND (id <= 4991930))

table 4 : explain SELECT id FROM sbtest4 WHERE id BETWEEN 4991830 AND 4991930
	Index Only Scan using sbtest4_pkey on sbtest4  (cost=0.43..6.59 rows=108 width=4)
	  Index Cond: ((id >= 4991830) AND (id <= 4991930))

table 5 : explain SELECT id FROM sbtest5 WHERE id BETWEEN 4991830 AND 4991930
	Index Only Scan using sbtest5_pkey on sbtest5  (cost=0.43..10.36 rows=96 width=4)
	  Index Cond: ((id >= 4991830) AND (id <= 4991930))

table 6 : explain SELECT id FROM sbtest6 WHERE id BETWEEN 4991830 AND 4991930
	Index Only Scan using sbtest6_pkey on sbtest6  (cost=0.43..6.53 rows=105 width=4)
	  Index Cond: ((id >= 4991830) AND (id <= 4991930))

table 7 : explain SELECT id FROM sbtest7 WHERE id BETWEEN 4991830 AND 4991930
	Index Only Scan using sbtest7_pkey on sbtest7  (cost=0.43..10.33 rows=95 width=4)
	  Index Cond: ((id >= 4991830) AND (id <= 4991930))

table 8 : explain SELECT id FROM sbtest8 WHERE id BETWEEN 4991830 AND 4991930
	Index Only Scan using sbtest8_pkey on sbtest8  (cost=0.43..10.36 rows=96 width=4)
	  Index Cond: ((id >= 4991830) AND (id <= 4991930))

for range-covered
table 1 : explain SELECT id FROM sbtest1 WHERE id BETWEEN 7138374 AND 7138474
	Index Only Scan using sbtest1_pkey on sbtest1  (cost=0.43..10.51 rows=104 width=4)
	  Index Cond: ((id >= 7138374) AND (id <= 7138474))

table 2 : explain SELECT id FROM sbtest2 WHERE id BETWEEN 7138374 AND 7138474
	Index Only Scan using sbtest2_pkey on sbtest2  (cost=0.43..6.25 rows=91 width=4)
	  Index Cond: ((id >= 7138374) AND (id <= 7138474))

table 3 : explain SELECT id FROM sbtest3 WHERE id BETWEEN 7138374 AND 7138474
	Index Only Scan using sbtest3_pkey on sbtest3  (cost=0.43..6.58 rows=107 width=4)
	  Index Cond: ((id >= 7138374) AND (id <= 7138474))

table 4 : explain SELECT id FROM sbtest4 WHERE id BETWEEN 7138374 AND 7138474
	Index Only Scan using sbtest4_pkey on sbtest4  (cost=0.43..6.53 rows=105 width=4)
	  Index Cond: ((id >= 7138374) AND (id <= 7138474))

table 5 : explain SELECT id FROM sbtest5 WHERE id BETWEEN 7138374 AND 7138474
	Index Only Scan using sbtest5_pkey on sbtest5  (cost=0.43..10.18 rows=87 width=4)
	  Index Cond: ((id >= 7138374) AND (id <= 7138474))

table 6 : explain SELECT id FROM sbtest6 WHERE id BETWEEN 7138374 AND 7138474
	Index Only Scan using sbtest6_pkey on sbtest6  (cost=0.43..6.45 rows=101 width=4)
	  Index Cond: ((id >= 7138374) AND (id <= 7138474))

table 7 : explain SELECT id FROM sbtest7 WHERE id BETWEEN 7138374 AND 7138474
	Index Only Scan using sbtest7_pkey on sbtest7  (cost=0.43..10.56 rows=106 width=4)
	  Index Cond: ((id >= 7138374) AND (id <= 7138474))

table 8 : explain SELECT id FROM sbtest8 WHERE id BETWEEN 7138374 AND 7138474
	Index Only Scan using sbtest8_pkey on sbtest8  (cost=0.43..10.44 rows=100 width=4)
	  Index Cond: ((id >= 7138374) AND (id <= 7138474))

explain: for range-covered :: explain SELECT id FROM sbtest%d WHERE id BETWEEN 4991830 AND 4991930
explain: for range-covered :: explain SELECT id FROM sbtest%d WHERE id BETWEEN 7138374 AND 7138474
for range-covered
table 1 : explain SELECT id FROM sbtest1 WHERE id BETWEEN 6908836 AND 6908936
	Index Only Scan using sbtest1_pkey on sbtest1  (cost=0.43..10.40 rows=98 width=4)
	  Index Cond: ((id >= 6908836) AND (id <= 6908936))

table 2 : explain SELECT id FROM sbtest2 WHERE id BETWEEN 6908836 AND 6908936
	Index Only Scan using sbtest2_pkey on sbtest2  (cost=0.43..6.42 rows=99 width=4)
	  Index Cond: ((id >= 6908836) AND (id <= 6908936))

table 3 : explain SELECT id FROM sbtest3 WHERE id BETWEEN 6908836 AND 6908936
	Index Only Scan using sbtest3_pkey on sbtest3  (cost=0.43..6.32 rows=94 width=4)
	  Index Cond: ((id >= 6908836) AND (id <= 6908936))

table 4 : explain SELECT id FROM sbtest4 WHERE id BETWEEN 6908836 AND 6908936
	Index Only Scan using sbtest4_pkey on sbtest4  (cost=0.43..6.50 rows=103 width=4)
	  Index Cond: ((id >= 6908836) AND (id <= 6908936))

table 5 : explain SELECT id FROM sbtest5 WHERE id BETWEEN 6908836 AND 6908936
	Index Only Scan using sbtest5_pkey on sbtest5  (cost=0.43..10.56 rows=106 width=4)
	  Index Cond: ((id >= 6908836) AND (id <= 6908936))

table 6 : explain SELECT id FROM sbtest6 WHERE id BETWEEN 6908836 AND 6908936
	Index Only Scan using sbtest6_pkey on sbtest6  (cost=0.43..6.29 rows=93 width=4)
	  Index Cond: ((id >= 6908836) AND (id <= 6908936))

table 7 : explain SELECT id FROM sbtest7 WHERE id BETWEEN 6908836 AND 6908936
	Index Only Scan using sbtest7_pkey on sbtest7  (cost=0.43..10.51 rows=104 width=4)
	  Index Cond: ((id >= 6908836) AND (id <= 6908936))

table 8 : explain SELECT id FROM sbtest8 WHERE id BETWEEN 6908836 AND 6908936
	Index Only Scan using sbtest8_pkey on sbtest8  (cost=0.43..10.28 rows=92 width=4)
	  Index Cond: ((id >= 6908836) AND (id <= 6908936))

explain: for range-covered :: explain SELECT id FROM sbtest%d WHERE id BETWEEN 6908836 AND 6908936
for range-covered
table 1 : explain SELECT id FROM sbtest1 WHERE id BETWEEN 4991830 AND 4991930
	Index Only Scan using sbtest1_pkey on sbtest1  (cost=0.43..10.50 rows=103 width=4)
	  Index Cond: ((id >= 4991830) AND (id <= 4991930))

table 2 : explain SELECT id FROM sbtest2 WHERE id BETWEEN 4991830 AND 4991930
	Index Only Scan using sbtest2_pkey on sbtest2  (cost=0.43..6.45 rows=101 width=4)
	  Index Cond: ((id >= 4991830) AND (id <= 4991930))

table 3 : explain SELECT id FROM sbtest3 WHERE id BETWEEN 4991830 AND 4991930
	Index Only Scan using sbtest3_pkey on sbtest3  (cost=0.43..6.50 rows=103 width=4)
	  Index Cond: ((id >= 4991830) AND (id <= 4991930))

table 4 : explain SELECT id FROM sbtest4 WHERE id BETWEEN 4991830 AND 4991930
	Index Only Scan using sbtest4_pkey on sbtest4  (cost=0.43..6.59 rows=108 width=4)
	  Index Cond: ((id >= 4991830) AND (id <= 4991930))

table 5 : explain SELECT id FROM sbtest5 WHERE id BETWEEN 4991830 AND 4991930
	Index Only Scan using sbtest5_pkey on sbtest5  (cost=0.43..10.36 rows=96 width=4)
	  Index Cond: ((id >= 4991830) AND (id <= 4991930))

table 6 : explain SELECT id FROM sbtest6 WHERE id BETWEEN 4991830 AND 4991930
	Index Only Scan using sbtest6_pkey on sbtest6  (cost=0.43..6.53 rows=105 width=4)
	  Index Cond: ((id >= 4991830) AND (id <= 4991930))

table 7 : explain SELECT id FROM sbtest7 WHERE id BETWEEN 4991830 AND 4991930
	Index Only Scan using sbtest7_pkey on sbtest7  (cost=0.43..10.33 rows=95 width=4)
	  Index Cond: ((id >= 4991830) AND (id <= 4991930))

table 8 : explain SELECT id FROM sbtest8 WHERE id BETWEEN 4991830 AND 4991930
	Index Only Scan using sbtest8_pkey on sbtest8  (cost=0.43..10.36 rows=96 width=4)
	  Index Cond: ((id >= 4991830) AND (id <= 4991930))

explain: for range-covered :: explain SELECT id FROM sbtest%d WHERE id BETWEEN 4991830 AND 4991930
for range-covered
table 1 : explain SELECT id FROM sbtest1 WHERE id BETWEEN 2180033 AND 2180133
	Index Only Scan using sbtest1_pkey on sbtest1  (cost=0.43..10.65 rows=111 width=4)
	  Index Cond: ((id >= 2180033) AND (id <= 2180133))

table 2 : explain SELECT id FROM sbtest2 WHERE id BETWEEN 2180033 AND 2180133
	Index Only Scan using sbtest2_pkey on sbtest2  (cost=0.43..6.42 rows=99 width=4)
	  Index Cond: ((id >= 2180033) AND (id <= 2180133))

table 3 : explain SELECT id FROM sbtest3 WHERE id BETWEEN 2180033 AND 2180133
	Index Only Scan using sbtest3_pkey on sbtest3  (cost=0.43..6.37 rows=97 width=4)
	  Index Cond: ((id >= 2180033) AND (id <= 2180133))

table 4 : explain SELECT id FROM sbtest4 WHERE id BETWEEN 2180033 AND 2180133
	Index Only Scan using sbtest4_pkey on sbtest4  (cost=0.43..6.29 rows=93 width=4)
	  Index Cond: ((id >= 2180033) AND (id <= 2180133))

table 5 : explain SELECT id FROM sbtest5 WHERE id BETWEEN 2180033 AND 2180133
	Index Only Scan using sbtest5_pkey on sbtest5  (cost=0.43..10.50 rows=103 width=4)
	  Index Cond: ((id >= 2180033) AND (id <= 2180133))

table 6 : explain SELECT id FROM sbtest6 WHERE id BETWEEN 2180033 AND 2180133
	Index Only Scan using sbtest6_pkey on sbtest6  (cost=0.43..6.35 rows=96 width=4)
	  Index Cond: ((id >= 2180033) AND (id <= 2180133))

table 7 : explain SELECT id FROM sbtest7 WHERE id BETWEEN 2180033 AND 2180133
	Index Only Scan using sbtest7_pkey on sbtest7  (cost=0.43..10.46 rows=101 width=4)
	  Index Cond: ((id >= 2180033) AND (id <= 2180133))

table 8 : explain SELECT id FROM sbtest8 WHERE id BETWEEN 2180033 AND 2180133
	Index Only Scan using sbtest8_pkey on sbtest8  (cost=0.43..10.36 rows=96 width=4)
	  Index Cond: ((id >= 2180033) AND (id <= 2180133))

for range-covered
table 1 : explain SELECT id FROM sbtest1 WHERE id BETWEEN 6908836 AND 6908936
	Index Only Scan using sbtest1_pkey on sbtest1  (cost=0.43..10.40 rows=98 width=4)
	  Index Cond: ((id >= 6908836) AND (id <= 6908936))

table 2 : explain SELECT id FROM sbtest2 WHERE id BETWEEN 6908836 AND 6908936
	Index Only Scan using sbtest2_pkey on sbtest2  (cost=0.43..6.42 rows=99 width=4)
	  Index Cond: ((id >= 6908836) AND (id <= 6908936))

table 3 : explain SELECT id FROM sbtest3 WHERE id BETWEEN 6908836 AND 6908936
	Index Only Scan using sbtest3_pkey on sbtest3  (cost=0.43..6.32 rows=94 width=4)
	  Index Cond: ((id >= 6908836) AND (id <= 6908936))

table 4 : explain SELECT id FROM sbtest4 WHERE id BETWEEN 6908836 AND 6908936
	Index Only Scan using sbtest4_pkey on sbtest4  (cost=0.43..6.50 rows=103 width=4)
	  Index Cond: ((id >= 6908836) AND (id <= 6908936))

table 5 : explain SELECT id FROM sbtest5 WHERE id BETWEEN 6908836 AND 6908936
	Index Only Scan using sbtest5_pkey on sbtest5  (cost=0.43..10.56 rows=106 width=4)
	  Index Cond: ((id >= 6908836) AND (id <= 6908936))

table 6 : explain SELECT id FROM sbtest6 WHERE id BETWEEN 6908836 AND 6908936
	Index Only Scan using sbtest6_pkey on sbtest6  (cost=0.43..6.29 rows=93 width=4)
	  Index Cond: ((id >= 6908836) AND (id <= 6908936))

table 7 : explain SELECT id FROM sbtest7 WHERE id BETWEEN 6908836 AND 6908936
	Index Only Scan using sbtest7_pkey on sbtest7  (cost=0.43..10.51 rows=104 width=4)
	  Index Cond: ((id >= 6908836) AND (id <= 6908936))

table 8 : explain SELECT id FROM sbtest8 WHERE id BETWEEN 6908836 AND 6908936
	Index Only Scan using sbtest8_pkey on sbtest8  (cost=0.43..10.28 rows=92 width=4)
	  Index Cond: ((id >= 6908836) AND (id <= 6908936))

for range-covered
table 1 : explain SELECT id FROM sbtest1 WHERE id BETWEEN 7138374 AND 7138474
	Index Only Scan using sbtest1_pkey on sbtest1  (cost=0.43..10.51 rows=104 width=4)
	  Index Cond: ((id >= 7138374) AND (id <= 7138474))

table 2 : explain SELECT id FROM sbtest2 WHERE id BETWEEN 7138374 AND 7138474
	Index Only Scan using sbtest2_pkey on sbtest2  (cost=0.43..6.25 rows=91 width=4)
	  Index Cond: ((id >= 7138374) AND (id <= 7138474))

table 3 : explain SELECT id FROM sbtest3 WHERE id BETWEEN 7138374 AND 7138474
	Index Only Scan using sbtest3_pkey on sbtest3  (cost=0.43..6.58 rows=107 width=4)
	  Index Cond: ((id >= 7138374) AND (id <= 7138474))

table 4 : explain SELECT id FROM sbtest4 WHERE id BETWEEN 7138374 AND 7138474
	Index Only Scan using sbtest4_pkey on sbtest4  (cost=0.43..6.53 rows=105 width=4)
	  Index Cond: ((id >= 7138374) AND (id <= 7138474))

table 5 : explain SELECT id FROM sbtest5 WHERE id BETWEEN 7138374 AND 7138474
	Index Only Scan using sbtest5_pkey on sbtest5  (cost=0.43..10.18 rows=87 width=4)
	  Index Cond: ((id >= 7138374) AND (id <= 7138474))

table 6 : explain SELECT id FROM sbtest6 WHERE id BETWEEN 7138374 AND 7138474
	Index Only Scan using sbtest6_pkey on sbtest6  (cost=0.43..6.45 rows=101 width=4)
	  Index Cond: ((id >= 7138374) AND (id <= 7138474))

table 7 : explain SELECT id FROM sbtest7 WHERE id BETWEEN 7138374 AND 7138474
	Index Only Scan using sbtest7_pkey on sbtest7  (cost=0.43..10.56 rows=106 width=4)
	  Index Cond: ((id >= 7138374) AND (id <= 7138474))

table 8 : explain SELECT id FROM sbtest8 WHERE id BETWEEN 7138374 AND 7138474
	Index Only Scan using sbtest8_pkey on sbtest8  (cost=0.43..10.44 rows=100 width=4)
	  Index Cond: ((id >= 7138374) AND (id <= 7138474))

explain: for range-covered :: explain SELECT id FROM sbtest%d WHERE id BETWEEN 6908836 AND 6908936
explain: for range-covered :: explain SELECT id FROM sbtest%d WHERE id BETWEEN 7138374 AND 7138474
for range-covered
table 1 : explain SELECT id FROM sbtest1 WHERE id BETWEEN 4991830 AND 4991930
	Index Only Scan using sbtest1_pkey on sbtest1  (cost=0.43..10.50 rows=103 width=4)
	  Index Cond: ((id >= 4991830) AND (id <= 4991930))

table 2 : explain SELECT id FROM sbtest2 WHERE id BETWEEN 4991830 AND 4991930
	Index Only Scan using sbtest2_pkey on sbtest2  (cost=0.43..6.45 rows=101 width=4)
	  Index Cond: ((id >= 4991830) AND (id <= 4991930))

table 3 : explain SELECT id FROM sbtest3 WHERE id BETWEEN 4991830 AND 4991930
	Index Only Scan using sbtest3_pkey on sbtest3  (cost=0.43..6.50 rows=103 width=4)
	  Index Cond: ((id >= 4991830) AND (id <= 4991930))

table 4 : explain SELECT id FROM sbtest4 WHERE id BETWEEN 4991830 AND 4991930
	Index Only Scan using sbtest4_pkey on sbtest4  (cost=0.43..6.59 rows=108 width=4)
	  Index Cond: ((id >= 4991830) AND (id <= 4991930))

table 5 : explain SELECT id FROM sbtest5 WHERE id BETWEEN 4991830 AND 4991930
	Index Only Scan using sbtest5_pkey on sbtest5  (cost=0.43..10.36 rows=96 width=4)
	  Index Cond: ((id >= 4991830) AND (id <= 4991930))

table 6 : explain SELECT id FROM sbtest6 WHERE id BETWEEN 4991830 AND 4991930
	Index Only Scan using sbtest6_pkey on sbtest6  (cost=0.43..6.53 rows=105 width=4)
	  Index Cond: ((id >= 4991830) AND (id <= 4991930))

table 7 : explain SELECT id FROM sbtest7 WHERE id BETWEEN 4991830 AND 4991930
	Index Only Scan using sbtest7_pkey on sbtest7  (cost=0.43..10.33 rows=95 width=4)
	  Index Cond: ((id >= 4991830) AND (id <= 4991930))

table 8 : explain SELECT id FROM sbtest8 WHERE id BETWEEN 4991830 AND 4991930
	Index Only Scan using sbtest8_pkey on sbtest8  (cost=0.43..10.36 rows=96 width=4)
	  Index Cond: ((id >= 4991830) AND (id <= 4991930))

explain: for range-covered :: explain SELECT id FROM sbtest%d WHERE id BETWEEN 4991830 AND 4991930
for range-covered
table 1 : explain SELECT id FROM sbtest1 WHERE id BETWEEN 6908836 AND 6908936
	Index Only Scan using sbtest1_pkey on sbtest1  (cost=0.43..10.40 rows=98 width=4)
	  Index Cond: ((id >= 6908836) AND (id <= 6908936))

table 2 : explain SELECT id FROM sbtest2 WHERE id BETWEEN 6908836 AND 6908936
	Index Only Scan using sbtest2_pkey on sbtest2  (cost=0.43..6.42 rows=99 width=4)
	  Index Cond: ((id >= 6908836) AND (id <= 6908936))

table 3 : explain SELECT id FROM sbtest3 WHERE id BETWEEN 6908836 AND 6908936
	Index Only Scan using sbtest3_pkey on sbtest3  (cost=0.43..6.32 rows=94 width=4)
	  Index Cond: ((id >= 6908836) AND (id <= 6908936))

table 4 : explain SELECT id FROM sbtest4 WHERE id BETWEEN 6908836 AND 6908936
	Index Only Scan using sbtest4_pkey on sbtest4  (cost=0.43..6.50 rows=103 width=4)
	  Index Cond: ((id >= 6908836) AND (id <= 6908936))

table 5 : explain SELECT id FROM sbtest5 WHERE id BETWEEN 6908836 AND 6908936
	Index Only Scan using sbtest5_pkey on sbtest5  (cost=0.43..10.56 rows=106 width=4)
	  Index Cond: ((id >= 6908836) AND (id <= 6908936))

table 6 : explain SELECT id FROM sbtest6 WHERE id BETWEEN 6908836 AND 6908936
	Index Only Scan using sbtest6_pkey on sbtest6  (cost=0.43..6.29 rows=93 width=4)
	  Index Cond: ((id >= 6908836) AND (id <= 6908936))

table 7 : explain SELECT id FROM sbtest7 WHERE id BETWEEN 6908836 AND 6908936
	Index Only Scan using sbtest7_pkey on sbtest7  (cost=0.43..10.51 rows=104 width=4)
	  Index Cond: ((id >= 6908836) AND (id <= 6908936))

table 8 : explain SELECT id FROM sbtest8 WHERE id BETWEEN 6908836 AND 6908936
	Index Only Scan using sbtest8_pkey on sbtest8  (cost=0.43..10.28 rows=92 width=4)
	  Index Cond: ((id >= 6908836) AND (id <= 6908936))

explain: for range-covered :: explain SELECT id FROM sbtest%d WHERE id BETWEEN 6908836 AND 6908936
for range-covered
table 1 : explain SELECT id FROM sbtest1 WHERE id BETWEEN 7138374 AND 7138474
	Index Only Scan using sbtest1_pkey on sbtest1  (cost=0.43..10.51 rows=104 width=4)
	  Index Cond: ((id >= 7138374) AND (id <= 7138474))

table 2 : explain SELECT id FROM sbtest2 WHERE id BETWEEN 7138374 AND 7138474
	Index Only Scan using sbtest2_pkey on sbtest2  (cost=0.43..6.25 rows=91 width=4)
	  Index Cond: ((id >= 7138374) AND (id <= 7138474))

table 3 : explain SELECT id FROM sbtest3 WHERE id BETWEEN 7138374 AND 7138474
	Index Only Scan using sbtest3_pkey on sbtest3  (cost=0.43..6.58 rows=107 width=4)
	  Index Cond: ((id >= 7138374) AND (id <= 7138474))

table 4 : explain SELECT id FROM sbtest4 WHERE id BETWEEN 7138374 AND 7138474
	Index Only Scan using sbtest4_pkey on sbtest4  (cost=0.43..6.53 rows=105 width=4)
	  Index Cond: ((id >= 7138374) AND (id <= 7138474))

table 5 : explain SELECT id FROM sbtest5 WHERE id BETWEEN 7138374 AND 7138474
	Index Only Scan using sbtest5_pkey on sbtest5  (cost=0.43..10.18 rows=87 width=4)
	  Index Cond: ((id >= 7138374) AND (id <= 7138474))

table 6 : explain SELECT id FROM sbtest6 WHERE id BETWEEN 7138374 AND 7138474
	Index Only Scan using sbtest6_pkey on sbtest6  (cost=0.43..6.45 rows=101 width=4)
	  Index Cond: ((id >= 7138374) AND (id <= 7138474))

table 7 : explain SELECT id FROM sbtest7 WHERE id BETWEEN 7138374 AND 7138474
	Index Only Scan using sbtest7_pkey on sbtest7  (cost=0.43..10.56 rows=106 width=4)
	  Index Cond: ((id >= 7138374) AND (id <= 7138474))

table 8 : explain SELECT id FROM sbtest8 WHERE id BETWEEN 7138374 AND 7138474
	Index Only Scan using sbtest8_pkey on sbtest8  (cost=0.43..10.44 rows=100 width=4)
	  Index Cond: ((id >= 7138374) AND (id <= 7138474))

explain: for range-covered :: explain SELECT id FROM sbtest%d WHERE id BETWEEN 7138374 AND 7138474
for range-covered
table 1 : explain SELECT id FROM sbtest1 WHERE id BETWEEN 4991830 AND 4991930
	Index Only Scan using sbtest1_pkey on sbtest1  (cost=0.43..10.50 rows=103 width=4)
	  Index Cond: ((id >= 4991830) AND (id <= 4991930))

table 2 : explain SELECT id FROM sbtest2 WHERE id BETWEEN 4991830 AND 4991930
	Index Only Scan using sbtest2_pkey on sbtest2  (cost=0.43..6.45 rows=101 width=4)
	  Index Cond: ((id >= 4991830) AND (id <= 4991930))

table 3 : explain SELECT id FROM sbtest3 WHERE id BETWEEN 4991830 AND 4991930
	Index Only Scan using sbtest3_pkey on sbtest3  (cost=0.43..6.50 rows=103 width=4)
	  Index Cond: ((id >= 4991830) AND (id <= 4991930))

table 4 : explain SELECT id FROM sbtest4 WHERE id BETWEEN 4991830 AND 4991930
	Index Only Scan using sbtest4_pkey on sbtest4  (cost=0.43..6.59 rows=108 width=4)
	  Index Cond: ((id >= 4991830) AND (id <= 4991930))

table 5 : explain SELECT id FROM sbtest5 WHERE id BETWEEN 4991830 AND 4991930
	Index Only Scan using sbtest5_pkey on sbtest5  (cost=0.43..10.36 rows=96 width=4)
	  Index Cond: ((id >= 4991830) AND (id <= 4991930))

table 6 : explain SELECT id FROM sbtest6 WHERE id BETWEEN 4991830 AND 4991930
	Index Only Scan using sbtest6_pkey on sbtest6  (cost=0.43..6.53 rows=105 width=4)
	  Index Cond: ((id >= 4991830) AND (id <= 4991930))

table 7 : explain SELECT id FROM sbtest7 WHERE id BETWEEN 4991830 AND 4991930
	Index Only Scan using sbtest7_pkey on sbtest7  (cost=0.43..10.33 rows=95 width=4)
	  Index Cond: ((id >= 4991830) AND (id <= 4991930))

table 8 : explain SELECT id FROM sbtest8 WHERE id BETWEEN 4991830 AND 4991930
	Index Only Scan using sbtest8_pkey on sbtest8  (cost=0.43..10.36 rows=96 width=4)
	  Index Cond: ((id >= 4991830) AND (id <= 4991930))

explain: for range-covered :: explain SELECT id FROM sbtest%d WHERE id BETWEEN 4991830 AND 4991930
for range-covered
table 1 : explain SELECT id FROM sbtest1 WHERE id BETWEEN 6908836 AND 6908936
	Index Only Scan using sbtest1_pkey on sbtest1  (cost=0.43..10.40 rows=98 width=4)
	  Index Cond: ((id >= 6908836) AND (id <= 6908936))

table 2 : explain SELECT id FROM sbtest2 WHERE id BETWEEN 6908836 AND 6908936
	Index Only Scan using sbtest2_pkey on sbtest2  (cost=0.43..6.42 rows=99 width=4)
	  Index Cond: ((id >= 6908836) AND (id <= 6908936))

table 3 : explain SELECT id FROM sbtest3 WHERE id BETWEEN 6908836 AND 6908936
	Index Only Scan using sbtest3_pkey on sbtest3  (cost=0.43..6.32 rows=94 width=4)
	  Index Cond: ((id >= 6908836) AND (id <= 6908936))

table 4 : explain SELECT id FROM sbtest4 WHERE id BETWEEN 6908836 AND 6908936
	Index Only Scan using sbtest4_pkey on sbtest4  (cost=0.43..6.50 rows=103 width=4)
	  Index Cond: ((id >= 6908836) AND (id <= 6908936))

table 5 : explain SELECT id FROM sbtest5 WHERE id BETWEEN 6908836 AND 6908936
	Index Only Scan using sbtest5_pkey on sbtest5  (cost=0.43..10.56 rows=106 width=4)
	  Index Cond: ((id >= 6908836) AND (id <= 6908936))

table 6 : explain SELECT id FROM sbtest6 WHERE id BETWEEN 6908836 AND 6908936
	Index Only Scan using sbtest6_pkey on sbtest6  (cost=0.43..6.29 rows=93 width=4)
	  Index Cond: ((id >= 6908836) AND (id <= 6908936))

table 7 : explain SELECT id FROM sbtest7 WHERE id BETWEEN 6908836 AND 6908936
	Index Only Scan using sbtest7_pkey on sbtest7  (cost=0.43..10.51 rows=104 width=4)
	  Index Cond: ((id >= 6908836) AND (id <= 6908936))

table 8 : explain SELECT id FROM sbtest8 WHERE id BETWEEN 6908836 AND 6908936
	Index Only Scan using sbtest8_pkey on sbtest8  (cost=0.43..10.28 rows=92 width=4)
	  Index Cond: ((id >= 6908836) AND (id <= 6908936))

for range-covered
table 1 : explain SELECT id FROM sbtest1 WHERE id BETWEEN 7138374 AND 7138474
	Index Only Scan using sbtest1_pkey on sbtest1  (cost=0.43..10.51 rows=104 width=4)
	  Index Cond: ((id >= 7138374) AND (id <= 7138474))

table 2 : explain SELECT id FROM sbtest2 WHERE id BETWEEN 7138374 AND 7138474
	Index Only Scan using sbtest2_pkey on sbtest2  (cost=0.43..6.25 rows=91 width=4)
	  Index Cond: ((id >= 7138374) AND (id <= 7138474))

table 3 : explain SELECT id FROM sbtest3 WHERE id BETWEEN 7138374 AND 7138474
	Index Only Scan using sbtest3_pkey on sbtest3  (cost=0.43..6.58 rows=107 width=4)
	  Index Cond: ((id >= 7138374) AND (id <= 7138474))

table 4 : explain SELECT id FROM sbtest4 WHERE id BETWEEN 7138374 AND 7138474
	Index Only Scan using sbtest4_pkey on sbtest4  (cost=0.43..6.53 rows=105 width=4)
	  Index Cond: ((id >= 7138374) AND (id <= 7138474))

table 5 : explain SELECT id FROM sbtest5 WHERE id BETWEEN 7138374 AND 7138474
	Index Only Scan using sbtest5_pkey on sbtest5  (cost=0.43..10.18 rows=87 width=4)
	  Index Cond: ((id >= 7138374) AND (id <= 7138474))

table 6 : explain SELECT id FROM sbtest6 WHERE id BETWEEN 7138374 AND 7138474
	Index Only Scan using sbtest6_pkey on sbtest6  (cost=0.43..6.45 rows=101 width=4)
	  Index Cond: ((id >= 7138374) AND (id <= 7138474))

table 7 : explain SELECT id FROM sbtest7 WHERE id BETWEEN 7138374 AND 7138474
	Index Only Scan using sbtest7_pkey on sbtest7  (cost=0.43..10.56 rows=106 width=4)
	  Index Cond: ((id >= 7138374) AND (id <= 7138474))

table 8 : explain SELECT id FROM sbtest8 WHERE id BETWEEN 7138374 AND 7138474
	Index Only Scan using sbtest8_pkey on sbtest8  (cost=0.43..10.44 rows=100 width=4)
	  Index Cond: ((id >= 7138374) AND (id <= 7138474))

explain: for range-covered :: explain SELECT id FROM sbtest%d WHERE id BETWEEN 7138374 AND 7138474
for range-covered
table 1 : explain SELECT id FROM sbtest1 WHERE id BETWEEN 4991830 AND 4991930
	Index Only Scan using sbtest1_pkey on sbtest1  (cost=0.43..10.50 rows=103 width=4)
	  Index Cond: ((id >= 4991830) AND (id <= 4991930))

table 2 : explain SELECT id FROM sbtest2 WHERE id BETWEEN 4991830 AND 4991930
	Index Only Scan using sbtest2_pkey on sbtest2  (cost=0.43..6.45 rows=101 width=4)
	  Index Cond: ((id >= 4991830) AND (id <= 4991930))

table 3 : explain SELECT id FROM sbtest3 WHERE id BETWEEN 4991830 AND 4991930
	Index Only Scan using sbtest3_pkey on sbtest3  (cost=0.43..6.50 rows=103 width=4)
	  Index Cond: ((id >= 4991830) AND (id <= 4991930))

table 4 : explain SELECT id FROM sbtest4 WHERE id BETWEEN 4991830 AND 4991930
	Index Only Scan using sbtest4_pkey on sbtest4  (cost=0.43..6.59 rows=108 width=4)
	  Index Cond: ((id >= 4991830) AND (id <= 4991930))

table 5 : explain SELECT id FROM sbtest5 WHERE id BETWEEN 4991830 AND 4991930
	Index Only Scan using sbtest5_pkey on sbtest5  (cost=0.43..10.36 rows=96 width=4)
	  Index Cond: ((id >= 4991830) AND (id <= 4991930))

table 6 : explain SELECT id FROM sbtest6 WHERE id BETWEEN 4991830 AND 4991930
	Index Only Scan using sbtest6_pkey on sbtest6  (cost=0.43..6.53 rows=105 width=4)
	  Index Cond: ((id >= 4991830) AND (id <= 4991930))

table 7 : explain SELECT id FROM sbtest7 WHERE id BETWEEN 4991830 AND 4991930
	Index Only Scan using sbtest7_pkey on sbtest7  (cost=0.43..10.33 rows=95 width=4)
	  Index Cond: ((id >= 4991830) AND (id <= 4991930))

table 8 : explain SELECT id FROM sbtest8 WHERE id BETWEEN 4991830 AND 4991930
	Index Only Scan using sbtest8_pkey on sbtest8  (cost=0.43..10.36 rows=96 width=4)
	  Index Cond: ((id >= 4991830) AND (id <= 4991930))

explain: for range-covered :: explain SELECT id FROM sbtest%d WHERE id BETWEEN 4991830 AND 4991930
for range-covered
table 1 : explain SELECT id FROM sbtest1 WHERE id BETWEEN 7138374 AND 7138474
	Index Only Scan using sbtest1_pkey on sbtest1  (cost=0.43..10.51 rows=104 width=4)
	  Index Cond: ((id >= 7138374) AND (id <= 7138474))

table 2 : explain SELECT id FROM sbtest2 WHERE id BETWEEN 7138374 AND 7138474
	Index Only Scan using sbtest2_pkey on sbtest2  (cost=0.43..6.25 rows=91 width=4)
	  Index Cond: ((id >= 7138374) AND (id <= 7138474))

table 3 : explain SELECT id FROM sbtest3 WHERE id BETWEEN 7138374 AND 7138474
	Index Only Scan using sbtest3_pkey on sbtest3  (cost=0.43..6.58 rows=107 width=4)
	  Index Cond: ((id >= 7138374) AND (id <= 7138474))

table 4 : explain SELECT id FROM sbtest4 WHERE id BETWEEN 7138374 AND 7138474
	Index Only Scan using sbtest4_pkey on sbtest4  (cost=0.43..6.53 rows=105 width=4)
	  Index Cond: ((id >= 7138374) AND (id <= 7138474))

table 5 : explain SELECT id FROM sbtest5 WHERE id BETWEEN 7138374 AND 7138474
	Index Only Scan using sbtest5_pkey on sbtest5  (cost=0.43..10.18 rows=87 width=4)
	  Index Cond: ((id >= 7138374) AND (id <= 7138474))

table 6 : explain SELECT id FROM sbtest6 WHERE id BETWEEN 7138374 AND 7138474
	Index Only Scan using sbtest6_pkey on sbtest6  (cost=0.43..6.45 rows=101 width=4)
	  Index Cond: ((id >= 7138374) AND (id <= 7138474))

table 7 : explain SELECT id FROM sbtest7 WHERE id BETWEEN 7138374 AND 7138474
	Index Only Scan using sbtest7_pkey on sbtest7  (cost=0.43..10.56 rows=106 width=4)
	  Index Cond: ((id >= 7138374) AND (id <= 7138474))

table 8 : explain SELECT id FROM sbtest8 WHERE id BETWEEN 7138374 AND 7138474
	Index Only Scan using sbtest8_pkey on sbtest8  (cost=0.43..10.44 rows=100 width=4)
	  Index Cond: ((id >= 7138374) AND (id <= 7138474))

for range-covered
table 1 : explain SELECT id FROM sbtest1 WHERE id BETWEEN 4991830 AND 4991930
	Index Only Scan using sbtest1_pkey on sbtest1  (cost=0.43..10.50 rows=103 width=4)
	  Index Cond: ((id >= 4991830) AND (id <= 4991930))

table 2 : explain SELECT id FROM sbtest2 WHERE id BETWEEN 4991830 AND 4991930
	Index Only Scan using sbtest2_pkey on sbtest2  (cost=0.43..6.45 rows=101 width=4)
	  Index Cond: ((id >= 4991830) AND (id <= 4991930))

table 3 : explain SELECT id FROM sbtest3 WHERE id BETWEEN 4991830 AND 4991930
	Index Only Scan using sbtest3_pkey on sbtest3  (cost=0.43..6.50 rows=103 width=4)
	  Index Cond: ((id >= 4991830) AND (id <= 4991930))

table 4 : explain SELECT id FROM sbtest4 WHERE id BETWEEN 4991830 AND 4991930
	Index Only Scan using sbtest4_pkey on sbtest4  (cost=0.43..6.59 rows=108 width=4)
	  Index Cond: ((id >= 4991830) AND (id <= 4991930))

table 5 : explain SELECT id FROM sbtest5 WHERE id BETWEEN 4991830 AND 4991930
	Index Only Scan using sbtest5_pkey on sbtest5  (cost=0.43..10.36 rows=96 width=4)
	  Index Cond: ((id >= 4991830) AND (id <= 4991930))

table 6 : explain SELECT id FROM sbtest6 WHERE id BETWEEN 4991830 AND 4991930
	Index Only Scan using sbtest6_pkey on sbtest6  (cost=0.43..6.53 rows=105 width=4)
	  Index Cond: ((id >= 4991830) AND (id <= 4991930))

table 7 : explain SELECT id FROM sbtest7 WHERE id BETWEEN 4991830 AND 4991930
	Index Only Scan using sbtest7_pkey on sbtest7  (cost=0.43..10.33 rows=95 width=4)
	  Index Cond: ((id >= 4991830) AND (id <= 4991930))

table 8 : explain SELECT id FROM sbtest8 WHERE id BETWEEN 4991830 AND 4991930
	Index Only Scan using sbtest8_pkey on sbtest8  (cost=0.43..10.36 rows=96 width=4)
	  Index Cond: ((id >= 4991830) AND (id <= 4991930))

explain: for range-covered :: explain SELECT id FROM sbtest%d WHERE id BETWEEN 4991830 AND 4991930
for range-covered
table 1 : explain SELECT id FROM sbtest1 WHERE id BETWEEN 4991830 AND 4991930
	Index Only Scan using sbtest1_pkey on sbtest1  (cost=0.43..10.50 rows=103 width=4)
	  Index Cond: ((id >= 4991830) AND (id <= 4991930))

table 2 : explain SELECT id FROM sbtest2 WHERE id BETWEEN 4991830 AND 4991930
	Index Only Scan using sbtest2_pkey on sbtest2  (cost=0.43..6.45 rows=101 width=4)
	  Index Cond: ((id >= 4991830) AND (id <= 4991930))

table 3 : explain SELECT id FROM sbtest3 WHERE id BETWEEN 4991830 AND 4991930
	Index Only Scan using sbtest3_pkey on sbtest3  (cost=0.43..6.50 rows=103 width=4)
	  Index Cond: ((id >= 4991830) AND (id <= 4991930))

table 4 : explain SELECT id FROM sbtest4 WHERE id BETWEEN 4991830 AND 4991930
	Index Only Scan using sbtest4_pkey on sbtest4  (cost=0.43..6.59 rows=108 width=4)
	  Index Cond: ((id >= 4991830) AND (id <= 4991930))

table 5 : explain SELECT id FROM sbtest5 WHERE id BETWEEN 4991830 AND 4991930
	Index Only Scan using sbtest5_pkey on sbtest5  (cost=0.43..10.36 rows=96 width=4)
	  Index Cond: ((id >= 4991830) AND (id <= 4991930))

table 6 : explain SELECT id FROM sbtest6 WHERE id BETWEEN 4991830 AND 4991930
	Index Only Scan using sbtest6_pkey on sbtest6  (cost=0.43..6.53 rows=105 width=4)
	  Index Cond: ((id >= 4991830) AND (id <= 4991930))

table 7 : explain SELECT id FROM sbtest7 WHERE id BETWEEN 4991830 AND 4991930
	Index Only Scan using sbtest7_pkey on sbtest7  (cost=0.43..10.33 rows=95 width=4)
	  Index Cond: ((id >= 4991830) AND (id <= 4991930))

table 8 : explain SELECT id FROM sbtest8 WHERE id BETWEEN 4991830 AND 4991930
	Index Only Scan using sbtest8_pkey on sbtest8  (cost=0.43..10.36 rows=96 width=4)
	  Index Cond: ((id >= 4991830) AND (id <= 4991930))

explain: for range-covered :: explain SELECT id FROM sbtest%d WHERE id BETWEEN 4991830 AND 4991930
for range-covered
table 1 : explain SELECT id FROM sbtest1 WHERE id BETWEEN 4991830 AND 4991930
	Index Only Scan using sbtest1_pkey on sbtest1  (cost=0.43..10.50 rows=103 width=4)
	  Index Cond: ((id >= 4991830) AND (id <= 4991930))

table 2 : explain SELECT id FROM sbtest2 WHERE id BETWEEN 4991830 AND 4991930
	Index Only Scan using sbtest2_pkey on sbtest2  (cost=0.43..6.45 rows=101 width=4)
	  Index Cond: ((id >= 4991830) AND (id <= 4991930))

table 3 : explain SELECT id FROM sbtest3 WHERE id BETWEEN 4991830 AND 4991930
	Index Only Scan using sbtest3_pkey on sbtest3  (cost=0.43..6.50 rows=103 width=4)
	  Index Cond: ((id >= 4991830) AND (id <= 4991930))

table 4 : explain SELECT id FROM sbtest4 WHERE id BETWEEN 4991830 AND 4991930
	Index Only Scan using sbtest4_pkey on sbtest4  (cost=0.43..6.59 rows=108 width=4)
	  Index Cond: ((id >= 4991830) AND (id <= 4991930))

table 5 : explain SELECT id FROM sbtest5 WHERE id BETWEEN 4991830 AND 4991930
	Index Only Scan using sbtest5_pkey on sbtest5  (cost=0.43..10.36 rows=96 width=4)
	  Index Cond: ((id >= 4991830) AND (id <= 4991930))

table 6 : explain SELECT id FROM sbtest6 WHERE id BETWEEN 4991830 AND 4991930
	Index Only Scan using sbtest6_pkey on sbtest6  (cost=0.43..6.53 rows=105 width=4)
	  Index Cond: ((id >= 4991830) AND (id <= 4991930))

table 7 : explain SELECT id FROM sbtest7 WHERE id BETWEEN 4991830 AND 4991930
	Index Only Scan using sbtest7_pkey on sbtest7  (cost=0.43..10.33 rows=95 width=4)
	  Index Cond: ((id >= 4991830) AND (id <= 4991930))

table 8 : explain SELECT id FROM sbtest8 WHERE id BETWEEN 4991830 AND 4991930
	Index Only Scan using sbtest8_pkey on sbtest8  (cost=0.43..10.36 rows=96 width=4)
	  Index Cond: ((id >= 4991830) AND (id <= 4991930))

Threads started!

Warming up for 5 seconds...

SQL statistics:
    queries performed:
        read:                            253273357
        write:                           0
        other:                           0
        total:                           253273357
    transactions:                        253273357 (402017.76 per sec.)
    queries:                             253273357 (402017.76 per sec.)
    ignored errors:                      0      (0.00 per sec.)
    reconnects:                          0      (0.00 per sec.)

Throughput:
    events/s (eps):                      402017.7589
    time elapsed:                        630.0057s
    total number of events:              253273357

Latency (ms):
         min:                                    0.06
         avg:                                    0.10
         max:                                   24.10
         95th percentile:                        0.11
         sum:                             25117184.91

Threads fairness:
    events (avg/stddev):           6331828.1500/28329.05
    execution time (avg/stddev):   627.9296/0.05

