LUA_PATH=/home/mdcallag/git/mytools/bench/sysbench.lua/lua/?.lua /home/mdcallag/git/mytools/bench/sysbench.lua/lua/sysbench --db-driver=pgsql --range-size=100 --table-size=10000000 --tables=8 --threads=40 --events=0 --warmup-time=5 --time=930 --pgsql_conn_id=true /home/mdcallag/git/mytools/bench/sysbench.lua/lua/oltp_inlist_update.lua run --pgsql-user=root --pgsql-password=pw --pgsql-host=127.0.0.1 --pgsql-db=ib --rand-type=uniform
48 CPUs
sysbench 1.1.0-9072687 (using bundled LuaJIT 2.1.0-beta3)

Running the test with following options:
Number of threads: 40
Warmup time: 5s
Initializing random number generator from current time


Initializing worker threads...

explain: for update-inlist :: explain UPDATE sbtest%d set c=7 WHERE id IN ( 303083, 3901063, 435115, 9009699, 1045580, 5667573, 9006224, 3181457, 8404384, 5661819)
for update-inlist
table 1 : explain UPDATE sbtest1 set c=7 WHERE id IN ( 303083, 3901063, 435115, 9009699, 1045580, 5667573, 9006224, 3181457, 8404384, 5661819)
	Update on sbtest1  (cost=0.43..48.53 rows=10 width=559)
	  ->  Index Scan using sbtest1_pkey on sbtest1  (cost=0.43..48.53 rows=10 width=559)
	        Index Cond: (id = ANY ('{303083,3901063,435115,9009699,1045580,5667573,9006224,3181457,8404384,5661819}'::integer[]))

table 2 : explain UPDATE sbtest2 set c=7 WHERE id IN ( 303083, 3901063, 435115, 9009699, 1045580, 5667573, 9006224, 3181457, 8404384, 5661819)
	Update on sbtest2  (cost=0.43..48.53 rows=10 width=559)
	  ->  Index Scan using sbtest2_pkey on sbtest2  (cost=0.43..48.53 rows=10 width=559)
	        Index Cond: (id = ANY ('{303083,3901063,435115,9009699,1045580,5667573,9006224,3181457,8404384,5661819}'::integer[]))

table 3 : explain UPDATE sbtest3 set c=7 WHERE id IN ( 303083, 3901063, 435115, 9009699, 1045580, 5667573, 9006224, 3181457, 8404384, 5661819)
	Update on sbtest3  (cost=0.43..48.53 rows=10 width=559)
	  ->  Index Scan using sbtest3_pkey on sbtest3  (cost=0.43..48.53 rows=10 width=559)
	        Index Cond: (id = ANY ('{303083,3901063,435115,9009699,1045580,5667573,9006224,3181457,8404384,5661819}'::integer[]))

table 4 : explain UPDATE sbtest4 set c=7 WHERE id IN ( 303083, 3901063, 435115, 9009699, 1045580, 5667573, 9006224, 3181457, 8404384, 5661819)
	Update on sbtest4  (cost=0.43..48.53 rows=10 width=559)
	  ->  Index Scan using sbtest4_pkey on sbtest4  (cost=0.43..48.53 rows=10 width=559)
	        Index Cond: (id = ANY ('{303083,3901063,435115,9009699,1045580,5667573,9006224,3181457,8404384,5661819}'::integer[]))

table 5 : explain UPDATE sbtest5 set c=7 WHERE id IN ( 303083, 3901063, 435115, 9009699, 1045580, 5667573, 9006224, 3181457, 8404384, 5661819)
	Update on sbtest5  (cost=0.43..48.53 rows=10 width=559)
	  ->  Index Scan using sbtest5_pkey on sbtest5  (cost=0.43..48.53 rows=10 width=559)
	        Index Cond: (id = ANY ('{303083,3901063,435115,9009699,1045580,5667573,9006224,3181457,8404384,5661819}'::integer[]))

table 6 : explain UPDATE sbtest6 set c=7 WHERE id IN ( 303083, 3901063, 435115, 9009699, 1045580, 5667573, 9006224, 3181457, 8404384, 5661819)
	Update on sbtest6  (cost=0.43..48.53 rows=10 width=559)
	  ->  Index Scan using sbtest6_pkey on sbtest6  (cost=0.43..48.53 rows=10 width=559)
	        Index Cond: (id = ANY ('{303083,3901063,435115,9009699,1045580,5667573,9006224,3181457,8404384,5661819}'::integer[]))

table 7 : explain UPDATE sbtest7 set c=7 WHERE id IN ( 303083, 3901063, 435115, 9009699, 1045580, 5667573, 9006224, 3181457, 8404384, 5661819)
	Update on sbtest7  (cost=0.43..48.53 rows=10 width=559)
	  ->  Index Scan using sbtest7_pkey on sbtest7  (cost=0.43..48.53 rows=10 width=559)
	        Index Cond: (id = ANY ('{303083,3901063,435115,9009699,1045580,5667573,9006224,3181457,8404384,5661819}'::integer[]))

table 8 : explain UPDATE sbtest8 set c=7 WHERE id IN ( 303083, 3901063, 435115, 9009699, 1045580, 5667573, 9006224, 3181457, 8404384, 5661819)
	Update on sbtest8  (cost=0.43..48.53 rows=10 width=559)
	  ->  Index Scan using sbtest8_pkey on sbtest8  (cost=0.43..48.53 rows=10 width=559)
	        Index Cond: (id = ANY ('{303083,3901063,435115,9009699,1045580,5667573,9006224,3181457,8404384,5661819}'::integer[]))

explain: for update-inlist :: explain UPDATE sbtest%d set c=7 WHERE id IN ( 4968734, 7106700, 7064344, 7512103, 9367682, 5766079, 2099893, 6378947, 5619294, 8186102)
explain: for update-inlist :: explain UPDATE sbtest%d set c=7 WHERE id IN ( 7359974, 9180670, 6434487, 1469623, 6270290, 3263940, 423913, 4283996, 2105151, 175335)
explain: for update-inlist :: explain UPDATE sbtest%d set c=7 WHERE id IN ( 3565708, 9675858, 7585529, 4236242, 6347444, 5383485, 2223333, 7230275, 1161323, 1457434)
explain: for update-inlist :: explain UPDATE sbtest%d set c=7 WHERE id IN ( 8776534, 3322818, 1913128, 8320385, 2393505, 2184836, 7747691, 6690551, 808708, 7790812)
explain: for update-inlist :: explain UPDATE sbtest%d set c=7 WHERE id IN ( 9627013, 2975085, 6539532, 1549294, 3636935, 7297353, 3412413, 6876698, 8060200, 4111497)
for update-inlist
table 1 : explain UPDATE sbtest1 set c=7 WHERE id IN ( 3565708, 9675858, 7585529, 4236242, 6347444, 5383485, 2223333, 7230275, 1161323, 1457434)
	Update on sbtest1  (cost=0.43..48.53 rows=10 width=559)
	  ->  Index Scan using sbtest1_pkey on sbtest1  (cost=0.43..48.53 rows=10 width=559)
	        Index Cond: (id = ANY ('{3565708,9675858,7585529,4236242,6347444,5383485,2223333,7230275,1161323,1457434}'::integer[]))

table 2 : explain UPDATE sbtest2 set c=7 WHERE id IN ( 3565708, 9675858, 7585529, 4236242, 6347444, 5383485, 2223333, 7230275, 1161323, 1457434)
	Update on sbtest2  (cost=0.43..48.53 rows=10 width=559)
	  ->  Index Scan using sbtest2_pkey on sbtest2  (cost=0.43..48.53 rows=10 width=559)
	        Index Cond: (id = ANY ('{3565708,9675858,7585529,4236242,6347444,5383485,2223333,7230275,1161323,1457434}'::integer[]))

table 3 : explain UPDATE sbtest3 set c=7 WHERE id IN ( 3565708, 9675858, 7585529, 4236242, 6347444, 5383485, 2223333, 7230275, 1161323, 1457434)
	Update on sbtest3  (cost=0.43..48.53 rows=10 width=559)
	  ->  Index Scan using sbtest3_pkey on sbtest3  (cost=0.43..48.53 rows=10 width=559)
	        Index Cond: (id = ANY ('{3565708,9675858,7585529,4236242,6347444,5383485,2223333,7230275,1161323,1457434}'::integer[]))

table 4 : explain UPDATE sbtest4 set c=7 WHERE id IN ( 3565708, 9675858, 7585529, 4236242, 6347444, 5383485, 2223333, 7230275, 1161323, 1457434)
	Update on sbtest4  (cost=0.43..48.53 rows=10 width=559)
	  ->  Index Scan using sbtest4_pkey on sbtest4  (cost=0.43..48.53 rows=10 width=559)
	        Index Cond: (id = ANY ('{3565708,9675858,7585529,4236242,6347444,5383485,2223333,7230275,1161323,1457434}'::integer[]))

table 5 : explain UPDATE sbtest5 set c=7 WHERE id IN ( 3565708, 9675858, 7585529, 4236242, 6347444, 5383485, 2223333, 7230275, 1161323, 1457434)
	Update on sbtest5  (cost=0.43..48.53 rows=10 width=559)
	  ->  Index Scan using sbtest5_pkey on sbtest5  (cost=0.43..48.53 rows=10 width=559)
	        Index Cond: (id = ANY ('{3565708,9675858,7585529,4236242,6347444,5383485,2223333,7230275,1161323,1457434}'::integer[]))

table 6 : explain UPDATE sbtest6 set c=7 WHERE id IN ( 3565708, 9675858, 7585529, 4236242, 6347444, 5383485, 2223333, 7230275, 1161323, 1457434)
	Update on sbtest6  (cost=0.43..48.53 rows=10 width=559)
	  ->  Index Scan using sbtest6_pkey on sbtest6  (cost=0.43..48.53 rows=10 width=559)
	        Index Cond: (id = ANY ('{3565708,9675858,7585529,4236242,6347444,5383485,2223333,7230275,1161323,1457434}'::integer[]))

table 7 : explain UPDATE sbtest7 set c=7 WHERE id IN ( 3565708, 9675858, 7585529, 4236242, 6347444, 5383485, 2223333, 7230275, 1161323, 1457434)
	Update on sbtest7  (cost=0.43..48.53 rows=10 width=559)
	  ->  Index Scan using sbtest7_pkey on sbtest7  (cost=0.43..48.53 rows=10 width=559)
	        Index Cond: (id = ANY ('{3565708,9675858,7585529,4236242,6347444,5383485,2223333,7230275,1161323,1457434}'::integer[]))

table 8 : explain UPDATE sbtest8 set c=7 WHERE id IN ( 3565708, 9675858, 7585529, 4236242, 6347444, 5383485, 2223333, 7230275, 1161323, 1457434)
	Update on sbtest8  (cost=0.43..48.53 rows=10 width=559)
	  ->  Index Scan using sbtest8_pkey on sbtest8  (cost=0.43..48.53 rows=10 width=559)
	        Index Cond: (id = ANY ('{3565708,9675858,7585529,4236242,6347444,5383485,2223333,7230275,1161323,1457434}'::integer[]))

for update-inlist
table 1 : explain UPDATE sbtest1 set c=7 WHERE id IN ( 4968734, 7106700, 7064344, 7512103, 9367682, 5766079, 2099893, 6378947, 5619294, 8186102)
	Update on sbtest1  (cost=0.43..48.53 rows=10 width=559)
	  ->  Index Scan using sbtest1_pkey on sbtest1  (cost=0.43..48.53 rows=10 width=559)
	        Index Cond: (id = ANY ('{4968734,7106700,7064344,7512103,9367682,5766079,2099893,6378947,5619294,8186102}'::integer[]))

table 2 : explain UPDATE sbtest2 set c=7 WHERE id IN ( 4968734, 7106700, 7064344, 7512103, 9367682, 5766079, 2099893, 6378947, 5619294, 8186102)
	Update on sbtest2  (cost=0.43..48.53 rows=10 width=559)
	  ->  Index Scan using sbtest2_pkey on sbtest2  (cost=0.43..48.53 rows=10 width=559)
	        Index Cond: (id = ANY ('{4968734,7106700,7064344,7512103,9367682,5766079,2099893,6378947,5619294,8186102}'::integer[]))

table 3 : explain UPDATE sbtest3 set c=7 WHERE id IN ( 4968734, 7106700, 7064344, 7512103, 9367682, 5766079, 2099893, 6378947, 5619294, 8186102)
	Update on sbtest3  (cost=0.43..48.53 rows=10 width=559)
	  ->  Index Scan using sbtest3_pkey on sbtest3  (cost=0.43..48.53 rows=10 width=559)
	        Index Cond: (id = ANY ('{4968734,7106700,7064344,7512103,9367682,5766079,2099893,6378947,5619294,8186102}'::integer[]))

table 4 : explain UPDATE sbtest4 set c=7 WHERE id IN ( 4968734, 7106700, 7064344, 7512103, 9367682, 5766079, 2099893, 6378947, 5619294, 8186102)
	Update on sbtest4  (cost=0.43..48.53 rows=10 width=559)
	  ->  Index Scan using sbtest4_pkey on sbtest4  (cost=0.43..48.53 rows=10 width=559)
	        Index Cond: (id = ANY ('{4968734,7106700,7064344,7512103,9367682,5766079,2099893,6378947,5619294,8186102}'::integer[]))

table 5 : explain UPDATE sbtest5 set c=7 WHERE id IN ( 4968734, 7106700, 7064344, 7512103, 9367682, 5766079, 2099893, 6378947, 5619294, 8186102)
	Update on sbtest5  (cost=0.43..48.53 rows=10 width=559)
	  ->  Index Scan using sbtest5_pkey on sbtest5  (cost=0.43..48.53 rows=10 width=559)
	        Index Cond: (id = ANY ('{4968734,7106700,7064344,7512103,9367682,5766079,2099893,6378947,5619294,8186102}'::integer[]))

table 6 : explain UPDATE sbtest6 set c=7 WHERE id IN ( 4968734, 7106700, 7064344, 7512103, 9367682, 5766079, 2099893, 6378947, 5619294, 8186102)
	Update on sbtest6  (cost=0.43..48.53 rows=10 width=559)
	  ->  Index Scan using sbtest6_pkey on sbtest6  (cost=0.43..48.53 rows=10 width=559)
	        Index Cond: (id = ANY ('{4968734,7106700,7064344,7512103,9367682,5766079,2099893,6378947,5619294,8186102}'::integer[]))

table 7 : explain UPDATE sbtest7 set c=7 WHERE id IN ( 4968734, 7106700, 7064344, 7512103, 9367682, 5766079, 2099893, 6378947, 5619294, 8186102)
	Update on sbtest7  (cost=0.43..48.53 rows=10 width=559)
	  ->  Index Scan using sbtest7_pkey on sbtest7  (cost=0.43..48.53 rows=10 width=559)
	        Index Cond: (id = ANY ('{4968734,7106700,7064344,7512103,9367682,5766079,2099893,6378947,5619294,8186102}'::integer[]))

table 8 : explain UPDATE sbtest8 set c=7 WHERE id IN ( 4968734, 7106700, 7064344, 7512103, 9367682, 5766079, 2099893, 6378947, 5619294, 8186102)
	Update on sbtest8  (cost=0.43..48.53 rows=10 width=559)
	  ->  Index Scan using sbtest8_pkey on sbtest8  (cost=0.43..48.53 rows=10 width=559)
	        Index Cond: (id = ANY ('{4968734,7106700,7064344,7512103,9367682,5766079,2099893,6378947,5619294,8186102}'::integer[]))

for update-inlist
table 1 : explain UPDATE sbtest1 set c=7 WHERE id IN ( 8776534, 3322818, 1913128, 8320385, 2393505, 2184836, 7747691, 6690551, 808708, 7790812)
	Update on sbtest1  (cost=0.43..48.53 rows=10 width=559)
	  ->  Index Scan using sbtest1_pkey on sbtest1  (cost=0.43..48.53 rows=10 width=559)
	        Index Cond: (id = ANY ('{8776534,3322818,1913128,8320385,2393505,2184836,7747691,6690551,808708,7790812}'::integer[]))

table 2 : explain UPDATE sbtest2 set c=7 WHERE id IN ( 8776534, 3322818, 1913128, 8320385, 2393505, 2184836, 7747691, 6690551, 808708, 7790812)
	Update on sbtest2  (cost=0.43..48.53 rows=10 width=559)
	  ->  Index Scan using sbtest2_pkey on sbtest2  (cost=0.43..48.53 rows=10 width=559)
	        Index Cond: (id = ANY ('{8776534,3322818,1913128,8320385,2393505,2184836,7747691,6690551,808708,7790812}'::integer[]))

table 3 : explain UPDATE sbtest3 set c=7 WHERE id IN ( 8776534, 3322818, 1913128, 8320385, 2393505, 2184836, 7747691, 6690551, 808708, 7790812)
	Update on sbtest3  (cost=0.43..48.53 rows=10 width=559)
	  ->  Index Scan using sbtest3_pkey on sbtest3  (cost=0.43..48.53 rows=10 width=559)
	        Index Cond: (id = ANY ('{8776534,3322818,1913128,8320385,2393505,2184836,7747691,6690551,808708,7790812}'::integer[]))

table 4 : explain UPDATE sbtest4 set c=7 WHERE id IN ( 8776534, 3322818, 1913128, 8320385, 2393505, 2184836, 7747691, 6690551, 808708, 7790812)
	Update on sbtest4  (cost=0.43..48.53 rows=10 width=559)
	  ->  Index Scan using sbtest4_pkey on sbtest4  (cost=0.43..48.53 rows=10 width=559)
	        Index Cond: (id = ANY ('{8776534,3322818,1913128,8320385,2393505,2184836,7747691,6690551,808708,7790812}'::integer[]))

table 5 : explain UPDATE sbtest5 set c=7 WHERE id IN ( 8776534, 3322818, 1913128, 8320385, 2393505, 2184836, 7747691, 6690551, 808708, 7790812)
	Update on sbtest5  (cost=0.43..48.53 rows=10 width=559)
	  ->  Index Scan using sbtest5_pkey on sbtest5  (cost=0.43..48.53 rows=10 width=559)
	        Index Cond: (id = ANY ('{8776534,3322818,1913128,8320385,2393505,2184836,7747691,6690551,808708,7790812}'::integer[]))

table 6 : explain UPDATE sbtest6 set c=7 WHERE id IN ( 8776534, 3322818, 1913128, 8320385, 2393505, 2184836, 7747691, 6690551, 808708, 7790812)
	Update on sbtest6  (cost=0.43..48.53 rows=10 width=559)
	  ->  Index Scan using sbtest6_pkey on sbtest6  (cost=0.43..48.53 rows=10 width=559)
	        Index Cond: (id = ANY ('{8776534,3322818,1913128,8320385,2393505,2184836,7747691,6690551,808708,7790812}'::integer[]))

table 7 : explain UPDATE sbtest7 set c=7 WHERE id IN ( 8776534, 3322818, 1913128, 8320385, 2393505, 2184836, 7747691, 6690551, 808708, 7790812)
	Update on sbtest7  (cost=0.43..48.53 rows=10 width=559)
	  ->  Index Scan using sbtest7_pkey on sbtest7  (cost=0.43..48.53 rows=10 width=559)
	        Index Cond: (id = ANY ('{8776534,3322818,1913128,8320385,2393505,2184836,7747691,6690551,808708,7790812}'::integer[]))

table 8 : explain UPDATE sbtest8 set c=7 WHERE id IN ( 8776534, 3322818, 1913128, 8320385, 2393505, 2184836, 7747691, 6690551, 808708, 7790812)
	Update on sbtest8  (cost=0.43..48.53 rows=10 width=559)
	  ->  Index Scan using sbtest8_pkey on sbtest8  (cost=0.43..48.53 rows=10 width=559)
	        Index Cond: (id = ANY ('{8776534,3322818,1913128,8320385,2393505,2184836,7747691,6690551,808708,7790812}'::integer[]))

for update-inlist
table 1 : explain UPDATE sbtest1 set c=7 WHERE id IN ( 7359974, 9180670, 6434487, 1469623, 6270290, 3263940, 423913, 4283996, 2105151, 175335)
	Update on sbtest1  (cost=0.43..48.53 rows=10 width=559)
	  ->  Index Scan using sbtest1_pkey on sbtest1  (cost=0.43..48.53 rows=10 width=559)
	        Index Cond: (id = ANY ('{7359974,9180670,6434487,1469623,6270290,3263940,423913,4283996,2105151,175335}'::integer[]))

table 2 : explain UPDATE sbtest2 set c=7 WHERE id IN ( 7359974, 9180670, 6434487, 1469623, 6270290, 3263940, 423913, 4283996, 2105151, 175335)
	Update on sbtest2  (cost=0.43..48.53 rows=10 width=559)
	  ->  Index Scan using sbtest2_pkey on sbtest2  (cost=0.43..48.53 rows=10 width=559)
	        Index Cond: (id = ANY ('{7359974,9180670,6434487,1469623,6270290,3263940,423913,4283996,2105151,175335}'::integer[]))

table 3 : explain UPDATE sbtest3 set c=7 WHERE id IN ( 7359974, 9180670, 6434487, 1469623, 6270290, 3263940, 423913, 4283996, 2105151, 175335)
	Update on sbtest3  (cost=0.43..48.53 rows=10 width=559)
	  ->  Index Scan using sbtest3_pkey on sbtest3  (cost=0.43..48.53 rows=10 width=559)
	        Index Cond: (id = ANY ('{7359974,9180670,6434487,1469623,6270290,3263940,423913,4283996,2105151,175335}'::integer[]))

table 4 : explain UPDATE sbtest4 set c=7 WHERE id IN ( 7359974, 9180670, 6434487, 1469623, 6270290, 3263940, 423913, 4283996, 2105151, 175335)
	Update on sbtest4  (cost=0.43..48.53 rows=10 width=559)
	  ->  Index Scan using sbtest4_pkey on sbtest4  (cost=0.43..48.53 rows=10 width=559)
	        Index Cond: (id = ANY ('{7359974,9180670,6434487,1469623,6270290,3263940,423913,4283996,2105151,175335}'::integer[]))

table 5 : explain UPDATE sbtest5 set c=7 WHERE id IN ( 7359974, 9180670, 6434487, 1469623, 6270290, 3263940, 423913, 4283996, 2105151, 175335)
	Update on sbtest5  (cost=0.43..48.53 rows=10 width=559)
	  ->  Index Scan using sbtest5_pkey on sbtest5  (cost=0.43..48.53 rows=10 width=559)
	        Index Cond: (id = ANY ('{7359974,9180670,6434487,1469623,6270290,3263940,423913,4283996,2105151,175335}'::integer[]))

table 6 : explain UPDATE sbtest6 set c=7 WHERE id IN ( 7359974, 9180670, 6434487, 1469623, 6270290, 3263940, 423913, 4283996, 2105151, 175335)
	Update on sbtest6  (cost=0.43..48.53 rows=10 width=559)
	  ->  Index Scan using sbtest6_pkey on sbtest6  (cost=0.43..48.53 rows=10 width=559)
	        Index Cond: (id = ANY ('{7359974,9180670,6434487,1469623,6270290,3263940,423913,4283996,2105151,175335}'::integer[]))

table 7 : explain UPDATE sbtest7 set c=7 WHERE id IN ( 7359974, 9180670, 6434487, 1469623, 6270290, 3263940, 423913, 4283996, 2105151, 175335)
	Update on sbtest7  (cost=0.43..48.53 rows=10 width=559)
	  ->  Index Scan using sbtest7_pkey on sbtest7  (cost=0.43..48.53 rows=10 width=559)
	        Index Cond: (id = ANY ('{7359974,9180670,6434487,1469623,6270290,3263940,423913,4283996,2105151,175335}'::integer[]))

table 8 : explain UPDATE sbtest8 set c=7 WHERE id IN ( 7359974, 9180670, 6434487, 1469623, 6270290, 3263940, 423913, 4283996, 2105151, 175335)
	Update on sbtest8  (cost=0.43..48.53 rows=10 width=559)
	  ->  Index Scan using sbtest8_pkey on sbtest8  (cost=0.43..48.53 rows=10 width=559)
	        Index Cond: (id = ANY ('{7359974,9180670,6434487,1469623,6270290,3263940,423913,4283996,2105151,175335}'::integer[]))

explain: for update-inlist :: explain UPDATE sbtest%d set c=7 WHERE id IN ( 5686213, 7523016, 945719, 7276458, 7019616, 9153243, 723213, 8390019, 2999636, 2676701)
for update-inlist
table 1 : explain UPDATE sbtest1 set c=7 WHERE id IN ( 9627013, 2975085, 6539532, 1549294, 3636935, 7297353, 3412413, 6876698, 8060200, 4111497)
	Update on sbtest1  (cost=0.43..48.53 rows=10 width=559)
	  ->  Index Scan using sbtest1_pkey on sbtest1  (cost=0.43..48.53 rows=10 width=559)
	        Index Cond: (id = ANY ('{9627013,2975085,6539532,1549294,3636935,7297353,3412413,6876698,8060200,4111497}'::integer[]))

table 2 : explain UPDATE sbtest2 set c=7 WHERE id IN ( 9627013, 2975085, 6539532, 1549294, 3636935, 7297353, 3412413, 6876698, 8060200, 4111497)
	Update on sbtest2  (cost=0.43..48.53 rows=10 width=559)
	  ->  Index Scan using sbtest2_pkey on sbtest2  (cost=0.43..48.53 rows=10 width=559)
	        Index Cond: (id = ANY ('{9627013,2975085,6539532,1549294,3636935,7297353,3412413,6876698,8060200,4111497}'::integer[]))

table 3 : explain UPDATE sbtest3 set c=7 WHERE id IN ( 9627013, 2975085, 6539532, 1549294, 3636935, 7297353, 3412413, 6876698, 8060200, 4111497)
	Update on sbtest3  (cost=0.43..48.53 rows=10 width=559)
	  ->  Index Scan using sbtest3_pkey on sbtest3  (cost=0.43..48.53 rows=10 width=559)
	        Index Cond: (id = ANY ('{9627013,2975085,6539532,1549294,3636935,7297353,3412413,6876698,8060200,4111497}'::integer[]))

table 4 : explain UPDATE sbtest4 set c=7 WHERE id IN ( 9627013, 2975085, 6539532, 1549294, 3636935, 7297353, 3412413, 6876698, 8060200, 4111497)
	Update on sbtest4  (cost=0.43..48.53 rows=10 width=559)
	  ->  Index Scan using sbtest4_pkey on sbtest4  (cost=0.43..48.53 rows=10 width=559)
	        Index Cond: (id = ANY ('{9627013,2975085,6539532,1549294,3636935,7297353,3412413,6876698,8060200,4111497}'::integer[]))

table 5 : explain UPDATE sbtest5 set c=7 WHERE id IN ( 9627013, 2975085, 6539532, 1549294, 3636935, 7297353, 3412413, 6876698, 8060200, 4111497)
	Update on sbtest5  (cost=0.43..48.53 rows=10 width=559)
	  ->  Index Scan using sbtest5_pkey on sbtest5  (cost=0.43..48.53 rows=10 width=559)
	        Index Cond: (id = ANY ('{9627013,2975085,6539532,1549294,3636935,7297353,3412413,6876698,8060200,4111497}'::integer[]))

table 6 : explain UPDATE sbtest6 set c=7 WHERE id IN ( 9627013, 2975085, 6539532, 1549294, 3636935, 7297353, 3412413, 6876698, 8060200, 4111497)
	Update on sbtest6  (cost=0.43..48.53 rows=10 width=559)
	  ->  Index Scan using sbtest6_pkey on sbtest6  (cost=0.43..48.53 rows=10 width=559)
	        Index Cond: (id = ANY ('{9627013,2975085,6539532,1549294,3636935,7297353,3412413,6876698,8060200,4111497}'::integer[]))

table 7 : explain UPDATE sbtest7 set c=7 WHERE id IN ( 9627013, 2975085, 6539532, 1549294, 3636935, 7297353, 3412413, 6876698, 8060200, 4111497)
	Update on sbtest7  (cost=0.43..48.53 rows=10 width=559)
	  ->  Index Scan using sbtest7_pkey on sbtest7  (cost=0.43..48.53 rows=10 width=559)
	        Index Cond: (id = ANY ('{9627013,2975085,6539532,1549294,3636935,7297353,3412413,6876698,8060200,4111497}'::integer[]))

table 8 : explain UPDATE sbtest8 set c=7 WHERE id IN ( 9627013, 2975085, 6539532, 1549294, 3636935, 7297353, 3412413, 6876698, 8060200, 4111497)
	Update on sbtest8  (cost=0.43..48.53 rows=10 width=559)
	  ->  Index Scan using sbtest8_pkey on sbtest8  (cost=0.43..48.53 rows=10 width=559)
	        Index Cond: (id = ANY ('{9627013,2975085,6539532,1549294,3636935,7297353,3412413,6876698,8060200,4111497}'::integer[]))

explain: for update-inlist :: explain UPDATE sbtest%d set c=7 WHERE id IN ( 8332169, 4214008, 8632285, 9440141, 8703372, 2893061, 5151309, 2068643, 1487915, 3984923)
explain: for update-inlist :: explain UPDATE sbtest%d set c=7 WHERE id IN ( 6889407, 205875, 4911477, 2180030, 1407673, 2752865, 8916154, 8039580, 7552533, 7933652)
for update-inlist
table 1 : explain UPDATE sbtest1 set c=7 WHERE id IN ( 5686213, 7523016, 945719, 7276458, 7019616, 9153243, 723213, 8390019, 2999636, 2676701)
	Update on sbtest1  (cost=0.43..48.53 rows=10 width=559)
	  ->  Index Scan using sbtest1_pkey on sbtest1  (cost=0.43..48.53 rows=10 width=559)
	        Index Cond: (id = ANY ('{5686213,7523016,945719,7276458,7019616,9153243,723213,8390019,2999636,2676701}'::integer[]))

table 2 : explain UPDATE sbtest2 set c=7 WHERE id IN ( 5686213, 7523016, 945719, 7276458, 7019616, 9153243, 723213, 8390019, 2999636, 2676701)
	Update on sbtest2  (cost=0.43..48.53 rows=10 width=559)
	  ->  Index Scan using sbtest2_pkey on sbtest2  (cost=0.43..48.53 rows=10 width=559)
	        Index Cond: (id = ANY ('{5686213,7523016,945719,7276458,7019616,9153243,723213,8390019,2999636,2676701}'::integer[]))

table 3 : explain UPDATE sbtest3 set c=7 WHERE id IN ( 5686213, 7523016, 945719, 7276458, 7019616, 9153243, 723213, 8390019, 2999636, 2676701)
	Update on sbtest3  (cost=0.43..48.53 rows=10 width=559)
	  ->  Index Scan using sbtest3_pkey on sbtest3  (cost=0.43..48.53 rows=10 width=559)
	        Index Cond: (id = ANY ('{5686213,7523016,945719,7276458,7019616,9153243,723213,8390019,2999636,2676701}'::integer[]))

table 4 : explain UPDATE sbtest4 set c=7 WHERE id IN ( 5686213, 7523016, 945719, 7276458, 7019616, 9153243, 723213, 8390019, 2999636, 2676701)
	Update on sbtest4  (cost=0.43..48.53 rows=10 width=559)
	  ->  Index Scan using sbtest4_pkey on sbtest4  (cost=0.43..48.53 rows=10 width=559)
	        Index Cond: (id = ANY ('{5686213,7523016,945719,7276458,7019616,9153243,723213,8390019,2999636,2676701}'::integer[]))

table 5 : explain UPDATE sbtest5 set c=7 WHERE id IN ( 5686213, 7523016, 945719, 7276458, 7019616, 9153243, 723213, 8390019, 2999636, 2676701)
	Update on sbtest5  (cost=0.43..48.53 rows=10 width=559)
	  ->  Index Scan using sbtest5_pkey on sbtest5  (cost=0.43..48.53 rows=10 width=559)
	        Index Cond: (id = ANY ('{5686213,7523016,945719,7276458,7019616,9153243,723213,8390019,2999636,2676701}'::integer[]))

table 6 : explain UPDATE sbtest6 set c=7 WHERE id IN ( 5686213, 7523016, 945719, 7276458, 7019616, 9153243, 723213, 8390019, 2999636, 2676701)
	Update on sbtest6  (cost=0.43..48.53 rows=10 width=559)
	  ->  Index Scan using sbtest6_pkey on sbtest6  (cost=0.43..48.53 rows=10 width=559)
	        Index Cond: (id = ANY ('{5686213,7523016,945719,7276458,7019616,9153243,723213,8390019,2999636,2676701}'::integer[]))

table 7 : explain UPDATE sbtest7 set c=7 WHERE id IN ( 5686213, 7523016, 945719, 7276458, 7019616, 9153243, 723213, 8390019, 2999636, 2676701)
	Update on sbtest7  (cost=0.43..48.53 rows=10 width=559)
	  ->  Index Scan using sbtest7_pkey on sbtest7  (cost=0.43..48.53 rows=10 width=559)
	        Index Cond: (id = ANY ('{5686213,7523016,945719,7276458,7019616,9153243,723213,8390019,2999636,2676701}'::integer[]))

table 8 : explain UPDATE sbtest8 set c=7 WHERE id IN ( 5686213, 7523016, 945719, 7276458, 7019616, 9153243, 723213, 8390019, 2999636, 2676701)
	Update on sbtest8  (cost=0.43..48.53 rows=10 width=559)
	  ->  Index Scan using sbtest8_pkey on sbtest8  (cost=0.43..48.53 rows=10 width=559)
	        Index Cond: (id = ANY ('{5686213,7523016,945719,7276458,7019616,9153243,723213,8390019,2999636,2676701}'::integer[]))

explain: for update-inlist :: explain UPDATE sbtest%d set c=7 WHERE id IN ( 1133988, 3692184, 8084884, 4964710, 7756396, 4382274, 3704884, 8490754, 4835552, 2353414)
for update-inlist
table 1 : explain UPDATE sbtest1 set c=7 WHERE id IN ( 8332169, 4214008, 8632285, 9440141, 8703372, 2893061, 5151309, 2068643, 1487915, 3984923)
	Update on sbtest1  (cost=0.43..48.53 rows=10 width=559)
	  ->  Index Scan using sbtest1_pkey on sbtest1  (cost=0.43..48.53 rows=10 width=559)
	        Index Cond: (id = ANY ('{8332169,4214008,8632285,9440141,8703372,2893061,5151309,2068643,1487915,3984923}'::integer[]))

table 2 : explain UPDATE sbtest2 set c=7 WHERE id IN ( 8332169, 4214008, 8632285, 9440141, 8703372, 2893061, 5151309, 2068643, 1487915, 3984923)
	Update on sbtest2  (cost=0.43..48.53 rows=10 width=559)
	  ->  Index Scan using sbtest2_pkey on sbtest2  (cost=0.43..48.53 rows=10 width=559)
	        Index Cond: (id = ANY ('{8332169,4214008,8632285,9440141,8703372,2893061,5151309,2068643,1487915,3984923}'::integer[]))

table 3 : explain UPDATE sbtest3 set c=7 WHERE id IN ( 8332169, 4214008, 8632285, 9440141, 8703372, 2893061, 5151309, 2068643, 1487915, 3984923)
	Update on sbtest3  (cost=0.43..48.53 rows=10 width=559)
	  ->  Index Scan using sbtest3_pkey on sbtest3  (cost=0.43..48.53 rows=10 width=559)
	        Index Cond: (id = ANY ('{8332169,4214008,8632285,9440141,8703372,2893061,5151309,2068643,1487915,3984923}'::integer[]))

table 4 : explain UPDATE sbtest4 set c=7 WHERE id IN ( 8332169, 4214008, 8632285, 9440141, 8703372, 2893061, 5151309, 2068643, 1487915, 3984923)
	Update on sbtest4  (cost=0.43..48.53 rows=10 width=559)
	  ->  Index Scan using sbtest4_pkey on sbtest4  (cost=0.43..48.53 rows=10 width=559)
	        Index Cond: (id = ANY ('{8332169,4214008,8632285,9440141,8703372,2893061,5151309,2068643,1487915,3984923}'::integer[]))

table 5 : explain UPDATE sbtest5 set c=7 WHERE id IN ( 8332169, 4214008, 8632285, 9440141, 8703372, 2893061, 5151309, 2068643, 1487915, 3984923)
	Update on sbtest5  (cost=0.43..48.53 rows=10 width=559)
	  ->  Index Scan using sbtest5_pkey on sbtest5  (cost=0.43..48.53 rows=10 width=559)
	        Index Cond: (id = ANY ('{8332169,4214008,8632285,9440141,8703372,2893061,5151309,2068643,1487915,3984923}'::integer[]))

table 6 : explain UPDATE sbtest6 set c=7 WHERE id IN ( 8332169, 4214008, 8632285, 9440141, 8703372, 2893061, 5151309, 2068643, 1487915, 3984923)
	Update on sbtest6  (cost=0.43..48.53 rows=10 width=559)
	  ->  Index Scan using sbtest6_pkey on sbtest6  (cost=0.43..48.53 rows=10 width=559)
	        Index Cond: (id = ANY ('{8332169,4214008,8632285,9440141,8703372,2893061,5151309,2068643,1487915,3984923}'::integer[]))

table 7 : explain UPDATE sbtest7 set c=7 WHERE id IN ( 8332169, 4214008, 8632285, 9440141, 8703372, 2893061, 5151309, 2068643, 1487915, 3984923)
	Update on sbtest7  (cost=0.43..48.53 rows=10 width=559)
	  ->  Index Scan using sbtest7_pkey on sbtest7  (cost=0.43..48.53 rows=10 width=559)
	        Index Cond: (id = ANY ('{8332169,4214008,8632285,9440141,8703372,2893061,5151309,2068643,1487915,3984923}'::integer[]))

table 8 : explain UPDATE sbtest8 set c=7 WHERE id IN ( 8332169, 4214008, 8632285, 9440141, 8703372, 2893061, 5151309, 2068643, 1487915, 3984923)
	Update on sbtest8  (cost=0.43..48.53 rows=10 width=559)
	  ->  Index Scan using sbtest8_pkey on sbtest8  (cost=0.43..48.53 rows=10 width=559)
	        Index Cond: (id = ANY ('{8332169,4214008,8632285,9440141,8703372,2893061,5151309,2068643,1487915,3984923}'::integer[]))

explain: for update-inlist :: explain UPDATE sbtest%d set c=7 WHERE id IN ( 6161333, 5628314, 6737240, 4263651, 4540499, 3366602, 1728742, 7976796, 8834927, 1102028)
for update-inlist
table 1 : explain UPDATE sbtest1 set c=7 WHERE id IN ( 6889407, 205875, 4911477, 2180030, 1407673, 2752865, 8916154, 8039580, 7552533, 7933652)
	Update on sbtest1  (cost=0.43..48.53 rows=10 width=559)
	  ->  Index Scan using sbtest1_pkey on sbtest1  (cost=0.43..48.53 rows=10 width=559)
	        Index Cond: (id = ANY ('{6889407,205875,4911477,2180030,1407673,2752865,8916154,8039580,7552533,7933652}'::integer[]))

table 2 : explain UPDATE sbtest2 set c=7 WHERE id IN ( 6889407, 205875, 4911477, 2180030, 1407673, 2752865, 8916154, 8039580, 7552533, 7933652)
	Update on sbtest2  (cost=0.43..48.53 rows=10 width=559)
	  ->  Index Scan using sbtest2_pkey on sbtest2  (cost=0.43..48.53 rows=10 width=559)
	        Index Cond: (id = ANY ('{6889407,205875,4911477,2180030,1407673,2752865,8916154,8039580,7552533,7933652}'::integer[]))

table 3 : explain UPDATE sbtest3 set c=7 WHERE id IN ( 6889407, 205875, 4911477, 2180030, 1407673, 2752865, 8916154, 8039580, 7552533, 7933652)
	Update on sbtest3  (cost=0.43..48.53 rows=10 width=559)
	  ->  Index Scan using sbtest3_pkey on sbtest3  (cost=0.43..48.53 rows=10 width=559)
	        Index Cond: (id = ANY ('{6889407,205875,4911477,2180030,1407673,2752865,8916154,8039580,7552533,7933652}'::integer[]))

table 4 : explain UPDATE sbtest4 set c=7 WHERE id IN ( 6889407, 205875, 4911477, 2180030, 1407673, 2752865, 8916154, 8039580, 7552533, 7933652)
	Update on sbtest4  (cost=0.43..48.53 rows=10 width=559)
	  ->  Index Scan using sbtest4_pkey on sbtest4  (cost=0.43..48.53 rows=10 width=559)
	        Index Cond: (id = ANY ('{6889407,205875,4911477,2180030,1407673,2752865,8916154,8039580,7552533,7933652}'::integer[]))

table 5 : explain UPDATE sbtest5 set c=7 WHERE id IN ( 6889407, 205875, 4911477, 2180030, 1407673, 2752865, 8916154, 8039580, 7552533, 7933652)
	Update on sbtest5  (cost=0.43..48.53 rows=10 width=559)
	  ->  Index Scan using sbtest5_pkey on sbtest5  (cost=0.43..48.53 rows=10 width=559)
	        Index Cond: (id = ANY ('{6889407,205875,4911477,2180030,1407673,2752865,8916154,8039580,7552533,7933652}'::integer[]))

table 6 : explain UPDATE sbtest6 set c=7 WHERE id IN ( 6889407, 205875, 4911477, 2180030, 1407673, 2752865, 8916154, 8039580, 7552533, 7933652)
	Update on sbtest6  (cost=0.43..48.53 rows=10 width=559)
	  ->  Index Scan using sbtest6_pkey on sbtest6  (cost=0.43..48.53 rows=10 width=559)
	        Index Cond: (id = ANY ('{6889407,205875,4911477,2180030,1407673,2752865,8916154,8039580,7552533,7933652}'::integer[]))

table 7 : explain UPDATE sbtest7 set c=7 WHERE id IN ( 6889407, 205875, 4911477, 2180030, 1407673, 2752865, 8916154, 8039580, 7552533, 7933652)
	Update on sbtest7  (cost=0.43..48.53 rows=10 width=559)
	  ->  Index Scan using sbtest7_pkey on sbtest7  (cost=0.43..48.53 rows=10 width=559)
	        Index Cond: (id = ANY ('{6889407,205875,4911477,2180030,1407673,2752865,8916154,8039580,7552533,7933652}'::integer[]))

table 8 : explain UPDATE sbtest8 set c=7 WHERE id IN ( 6889407, 205875, 4911477, 2180030, 1407673, 2752865, 8916154, 8039580, 7552533, 7933652)
	Update on sbtest8  (cost=0.43..48.53 rows=10 width=559)
	  ->  Index Scan using sbtest8_pkey on sbtest8  (cost=0.43..48.53 rows=10 width=559)
	        Index Cond: (id = ANY ('{6889407,205875,4911477,2180030,1407673,2752865,8916154,8039580,7552533,7933652}'::integer[]))

explain: for update-inlist :: explain UPDATE sbtest%d set c=7 WHERE id IN ( 2783603, 7410005, 6455543, 5125177, 5400340, 5344380, 8240488, 7420130, 5548254, 8752024)
explain: for update-inlist :: explain UPDATE sbtest%d set c=7 WHERE id IN ( 7741870, 6728722, 8694962, 6210886, 371679, 8989263, 4552019, 6764263, 8582571, 4084821)
explain: for update-inlist :: explain UPDATE sbtest%d set c=7 WHERE id IN ( 1214146, 4350281, 2768954, 6432299, 3624859, 4922426, 4685666, 3258981, 5203449, 2611762)
for update-inlist
table 1 : explain UPDATE sbtest1 set c=7 WHERE id IN ( 2783603, 7410005, 6455543, 5125177, 5400340, 5344380, 8240488, 7420130, 5548254, 8752024)
	Update on sbtest1  (cost=0.43..48.53 rows=10 width=559)
	  ->  Index Scan using sbtest1_pkey on sbtest1  (cost=0.43..48.53 rows=10 width=559)
	        Index Cond: (id = ANY ('{2783603,7410005,6455543,5125177,5400340,5344380,8240488,7420130,5548254,8752024}'::integer[]))

table 2 : explain UPDATE sbtest2 set c=7 WHERE id IN ( 2783603, 7410005, 6455543, 5125177, 5400340, 5344380, 8240488, 7420130, 5548254, 8752024)
	Update on sbtest2  (cost=0.43..48.53 rows=10 width=559)
	  ->  Index Scan using sbtest2_pkey on sbtest2  (cost=0.43..48.53 rows=10 width=559)
	        Index Cond: (id = ANY ('{2783603,7410005,6455543,5125177,5400340,5344380,8240488,7420130,5548254,8752024}'::integer[]))

table 3 : explain UPDATE sbtest3 set c=7 WHERE id IN ( 2783603, 7410005, 6455543, 5125177, 5400340, 5344380, 8240488, 7420130, 5548254, 8752024)
	Update on sbtest3  (cost=0.43..48.53 rows=10 width=559)
	  ->  Index Scan using sbtest3_pkey on sbtest3  (cost=0.43..48.53 rows=10 width=559)
	        Index Cond: (id = ANY ('{2783603,7410005,6455543,5125177,5400340,5344380,8240488,7420130,5548254,8752024}'::integer[]))

table 4 : explain UPDATE sbtest4 set c=7 WHERE id IN ( 2783603, 7410005, 6455543, 5125177, 5400340, 5344380, 8240488, 7420130, 5548254, 8752024)
	Update on sbtest4  (cost=0.43..48.53 rows=10 width=559)
	  ->  Index Scan using sbtest4_pkey on sbtest4  (cost=0.43..48.53 rows=10 width=559)
	        Index Cond: (id = ANY ('{2783603,7410005,6455543,5125177,5400340,5344380,8240488,7420130,5548254,8752024}'::integer[]))

table 5 : explain UPDATE sbtest5 set c=7 WHERE id IN ( 2783603, 7410005, 6455543, 5125177, 5400340, 5344380, 8240488, 7420130, 5548254, 8752024)
	Update on sbtest5  (cost=0.43..48.53 rows=10 width=559)
	  ->  Index Scan using sbtest5_pkey on sbtest5  (cost=0.43..48.53 rows=10 width=559)
	        Index Cond: (id = ANY ('{2783603,7410005,6455543,5125177,5400340,5344380,8240488,7420130,5548254,8752024}'::integer[]))

table 6 : explain UPDATE sbtest6 set c=7 WHERE id IN ( 2783603, 7410005, 6455543, 5125177, 5400340, 5344380, 8240488, 7420130, 5548254, 8752024)
	Update on sbtest6  (cost=0.43..48.53 rows=10 width=559)
	  ->  Index Scan using sbtest6_pkey on sbtest6  (cost=0.43..48.53 rows=10 width=559)
	        Index Cond: (id = ANY ('{2783603,7410005,6455543,5125177,5400340,5344380,8240488,7420130,5548254,8752024}'::integer[]))

table 7 : explain UPDATE sbtest7 set c=7 WHERE id IN ( 2783603, 7410005, 6455543, 5125177, 5400340, 5344380, 8240488, 7420130, 5548254, 8752024)
	Update on sbtest7  (cost=0.43..48.53 rows=10 width=559)
	  ->  Index Scan using sbtest7_pkey on sbtest7  (cost=0.43..48.53 rows=10 width=559)
	        Index Cond: (id = ANY ('{2783603,7410005,6455543,5125177,5400340,5344380,8240488,7420130,5548254,8752024}'::integer[]))

table 8 : explain UPDATE sbtest8 set c=7 WHERE id IN ( 2783603, 7410005, 6455543, 5125177, 5400340, 5344380, 8240488, 7420130, 5548254, 8752024)
	Update on sbtest8  (cost=0.43..48.53 rows=10 width=559)
	  ->  Index Scan using sbtest8_pkey on sbtest8  (cost=0.43..48.53 rows=10 width=559)
	        Index Cond: (id = ANY ('{2783603,7410005,6455543,5125177,5400340,5344380,8240488,7420130,5548254,8752024}'::integer[]))

explain: for update-inlist :: explain UPDATE sbtest%d set c=7 WHERE id IN ( 1573047, 3401690, 3145430, 8868759, 7974090, 9554181, 9277220, 6129527, 2072473, 322095)
for update-inlist
table 1 : explain UPDATE sbtest1 set c=7 WHERE id IN ( 1214146, 4350281, 2768954, 6432299, 3624859, 4922426, 4685666, 3258981, 5203449, 2611762)
	Update on sbtest1  (cost=0.43..48.53 rows=10 width=559)
	  ->  Index Scan using sbtest1_pkey on sbtest1  (cost=0.43..48.53 rows=10 width=559)
	        Index Cond: (id = ANY ('{1214146,4350281,2768954,6432299,3624859,4922426,4685666,3258981,5203449,2611762}'::integer[]))

table 2 : explain UPDATE sbtest2 set c=7 WHERE id IN ( 1214146, 4350281, 2768954, 6432299, 3624859, 4922426, 4685666, 3258981, 5203449, 2611762)
	Update on sbtest2  (cost=0.43..48.53 rows=10 width=559)
	  ->  Index Scan using sbtest2_pkey on sbtest2  (cost=0.43..48.53 rows=10 width=559)
	        Index Cond: (id = ANY ('{1214146,4350281,2768954,6432299,3624859,4922426,4685666,3258981,5203449,2611762}'::integer[]))

table 3 : explain UPDATE sbtest3 set c=7 WHERE id IN ( 1214146, 4350281, 2768954, 6432299, 3624859, 4922426, 4685666, 3258981, 5203449, 2611762)
	Update on sbtest3  (cost=0.43..48.53 rows=10 width=559)
	  ->  Index Scan using sbtest3_pkey on sbtest3  (cost=0.43..48.53 rows=10 width=559)
	        Index Cond: (id = ANY ('{1214146,4350281,2768954,6432299,3624859,4922426,4685666,3258981,5203449,2611762}'::integer[]))

table 4 : explain UPDATE sbtest4 set c=7 WHERE id IN ( 1214146, 4350281, 2768954, 6432299, 3624859, 4922426, 4685666, 3258981, 5203449, 2611762)
	Update on sbtest4  (cost=0.43..48.53 rows=10 width=559)
	  ->  Index Scan using sbtest4_pkey on sbtest4  (cost=0.43..48.53 rows=10 width=559)
	        Index Cond: (id = ANY ('{1214146,4350281,2768954,6432299,3624859,4922426,4685666,3258981,5203449,2611762}'::integer[]))

table 5 : explain UPDATE sbtest5 set c=7 WHERE id IN ( 1214146, 4350281, 2768954, 6432299, 3624859, 4922426, 4685666, 3258981, 5203449, 2611762)
	Update on sbtest5  (cost=0.43..48.53 rows=10 width=559)
	  ->  Index Scan using sbtest5_pkey on sbtest5  (cost=0.43..48.53 rows=10 width=559)
	        Index Cond: (id = ANY ('{1214146,4350281,2768954,6432299,3624859,4922426,4685666,3258981,5203449,2611762}'::integer[]))

table 6 : explain UPDATE sbtest6 set c=7 WHERE id IN ( 1214146, 4350281, 2768954, 6432299, 3624859, 4922426, 4685666, 3258981, 5203449, 2611762)
	Update on sbtest6  (cost=0.43..48.53 rows=10 width=559)
	  ->  Index Scan using sbtest6_pkey on sbtest6  (cost=0.43..48.53 rows=10 width=559)
	        Index Cond: (id = ANY ('{1214146,4350281,2768954,6432299,3624859,4922426,4685666,3258981,5203449,2611762}'::integer[]))

table 7 : explain UPDATE sbtest7 set c=7 WHERE id IN ( 1214146, 4350281, 2768954, 6432299, 3624859, 4922426, 4685666, 3258981, 5203449, 2611762)
	Update on sbtest7  (cost=0.43..48.53 rows=10 width=559)
	  ->  Index Scan using sbtest7_pkey on sbtest7  (cost=0.43..48.53 rows=10 width=559)
	        Index Cond: (id = ANY ('{1214146,4350281,2768954,6432299,3624859,4922426,4685666,3258981,5203449,2611762}'::integer[]))

table 8 : explain UPDATE sbtest8 set c=7 WHERE id IN ( 1214146, 4350281, 2768954, 6432299, 3624859, 4922426, 4685666, 3258981, 5203449, 2611762)
	Update on sbtest8  (cost=0.43..48.53 rows=10 width=559)
	  ->  Index Scan using sbtest8_pkey on sbtest8  (cost=0.43..48.53 rows=10 width=559)
	        Index Cond: (id = ANY ('{1214146,4350281,2768954,6432299,3624859,4922426,4685666,3258981,5203449,2611762}'::integer[]))

explain: for update-inlist :: explain UPDATE sbtest%d set c=7 WHERE id IN ( 4925355, 5715615, 6166958, 1852782, 6205890, 41397, 1765628, 7302593, 6999183, 8145535)
for update-inlist
table 1 : explain UPDATE sbtest1 set c=7 WHERE id IN ( 7741870, 6728722, 8694962, 6210886, 371679, 8989263, 4552019, 6764263, 8582571, 4084821)
	Update on sbtest1  (cost=0.43..48.53 rows=10 width=559)
	  ->  Index Scan using sbtest1_pkey on sbtest1  (cost=0.43..48.53 rows=10 width=559)
	        Index Cond: (id = ANY ('{7741870,6728722,8694962,6210886,371679,8989263,4552019,6764263,8582571,4084821}'::integer[]))

table 2 : explain UPDATE sbtest2 set c=7 WHERE id IN ( 7741870, 6728722, 8694962, 6210886, 371679, 8989263, 4552019, 6764263, 8582571, 4084821)
	Update on sbtest2  (cost=0.43..48.53 rows=10 width=559)
	  ->  Index Scan using sbtest2_pkey on sbtest2  (cost=0.43..48.53 rows=10 width=559)
	        Index Cond: (id = ANY ('{7741870,6728722,8694962,6210886,371679,8989263,4552019,6764263,8582571,4084821}'::integer[]))

table 3 : explain UPDATE sbtest3 set c=7 WHERE id IN ( 7741870, 6728722, 8694962, 6210886, 371679, 8989263, 4552019, 6764263, 8582571, 4084821)
	Update on sbtest3  (cost=0.43..48.53 rows=10 width=559)
	  ->  Index Scan using sbtest3_pkey on sbtest3  (cost=0.43..48.53 rows=10 width=559)
	        Index Cond: (id = ANY ('{7741870,6728722,8694962,6210886,371679,8989263,4552019,6764263,8582571,4084821}'::integer[]))

table 4 : explain UPDATE sbtest4 set c=7 WHERE id IN ( 7741870, 6728722, 8694962, 6210886, 371679, 8989263, 4552019, 6764263, 8582571, 4084821)
	Update on sbtest4  (cost=0.43..48.53 rows=10 width=559)
	  ->  Index Scan using sbtest4_pkey on sbtest4  (cost=0.43..48.53 rows=10 width=559)
	        Index Cond: (id = ANY ('{7741870,6728722,8694962,6210886,371679,8989263,4552019,6764263,8582571,4084821}'::integer[]))

table 5 : explain UPDATE sbtest5 set c=7 WHERE id IN ( 7741870, 6728722, 8694962, 6210886, 371679, 8989263, 4552019, 6764263, 8582571, 4084821)
	Update on sbtest5  (cost=0.43..48.53 rows=10 width=559)
	  ->  Index Scan using sbtest5_pkey on sbtest5  (cost=0.43..48.53 rows=10 width=559)
	        Index Cond: (id = ANY ('{7741870,6728722,8694962,6210886,371679,8989263,4552019,6764263,8582571,4084821}'::integer[]))

table 6 : explain UPDATE sbtest6 set c=7 WHERE id IN ( 7741870, 6728722, 8694962, 6210886, 371679, 8989263, 4552019, 6764263, 8582571, 4084821)
	Update on sbtest6  (cost=0.43..48.53 rows=10 width=559)
	  ->  Index Scan using sbtest6_pkey on sbtest6  (cost=0.43..48.53 rows=10 width=559)
	        Index Cond: (id = ANY ('{7741870,6728722,8694962,6210886,371679,8989263,4552019,6764263,8582571,4084821}'::integer[]))

table 7 : explain UPDATE sbtest7 set c=7 WHERE id IN ( 7741870, 6728722, 8694962, 6210886, 371679, 8989263, 4552019, 6764263, 8582571, 4084821)
	Update on sbtest7  (cost=0.43..48.53 rows=10 width=559)
	  ->  Index Scan using sbtest7_pkey on sbtest7  (cost=0.43..48.53 rows=10 width=559)
	        Index Cond: (id = ANY ('{7741870,6728722,8694962,6210886,371679,8989263,4552019,6764263,8582571,4084821}'::integer[]))

table 8 : explain UPDATE sbtest8 set c=7 WHERE id IN ( 7741870, 6728722, 8694962, 6210886, 371679, 8989263, 4552019, 6764263, 8582571, 4084821)
	Update on sbtest8  (cost=0.43..48.53 rows=10 width=559)
	  ->  Index Scan using sbtest8_pkey on sbtest8  (cost=0.43..48.53 rows=10 width=559)
	        Index Cond: (id = ANY ('{7741870,6728722,8694962,6210886,371679,8989263,4552019,6764263,8582571,4084821}'::integer[]))

explain: for update-inlist :: explain UPDATE sbtest%d set c=7 WHERE id IN ( 4010014, 4996554, 5965660, 3229501, 3120922, 6509154, 5616371, 8247244, 3576077, 8439303)
for update-inlist
table 1 : explain UPDATE sbtest1 set c=7 WHERE id IN ( 6161333, 5628314, 6737240, 4263651, 4540499, 3366602, 1728742, 7976796, 8834927, 1102028)
	Update on sbtest1  (cost=0.43..48.53 rows=10 width=559)
	  ->  Index Scan using sbtest1_pkey on sbtest1  (cost=0.43..48.53 rows=10 width=559)
	        Index Cond: (id = ANY ('{6161333,5628314,6737240,4263651,4540499,3366602,1728742,7976796,8834927,1102028}'::integer[]))

table 2 : explain UPDATE sbtest2 set c=7 WHERE id IN ( 6161333, 5628314, 6737240, 4263651, 4540499, 3366602, 1728742, 7976796, 8834927, 1102028)
	Update on sbtest2  (cost=0.43..48.53 rows=10 width=559)
	  ->  Index Scan using sbtest2_pkey on sbtest2  (cost=0.43..48.53 rows=10 width=559)
	        Index Cond: (id = ANY ('{6161333,5628314,6737240,4263651,4540499,3366602,1728742,7976796,8834927,1102028}'::integer[]))

table 3 : explain UPDATE sbtest3 set c=7 WHERE id IN ( 6161333, 5628314, 6737240, 4263651, 4540499, 3366602, 1728742, 7976796, 8834927, 1102028)
	Update on sbtest3  (cost=0.43..48.53 rows=10 width=559)
	  ->  Index Scan using sbtest3_pkey on sbtest3  (cost=0.43..48.53 rows=10 width=559)
	        Index Cond: (id = ANY ('{6161333,5628314,6737240,4263651,4540499,3366602,1728742,7976796,8834927,1102028}'::integer[]))

table 4 : explain UPDATE sbtest4 set c=7 WHERE id IN ( 6161333, 5628314, 6737240, 4263651, 4540499, 3366602, 1728742, 7976796, 8834927, 1102028)
	Update on sbtest4  (cost=0.43..48.53 rows=10 width=559)
	  ->  Index Scan using sbtest4_pkey on sbtest4  (cost=0.43..48.53 rows=10 width=559)
	        Index Cond: (id = ANY ('{6161333,5628314,6737240,4263651,4540499,3366602,1728742,7976796,8834927,1102028}'::integer[]))

table 5 : explain UPDATE sbtest5 set c=7 WHERE id IN ( 6161333, 5628314, 6737240, 4263651, 4540499, 3366602, 1728742, 7976796, 8834927, 1102028)
	Update on sbtest5  (cost=0.43..48.53 rows=10 width=559)
	  ->  Index Scan using sbtest5_pkey on sbtest5  (cost=0.43..48.53 rows=10 width=559)
	        Index Cond: (id = ANY ('{6161333,5628314,6737240,4263651,4540499,3366602,1728742,7976796,8834927,1102028}'::integer[]))

table 6 : explain UPDATE sbtest6 set c=7 WHERE id IN ( 6161333, 5628314, 6737240, 4263651, 4540499, 3366602, 1728742, 7976796, 8834927, 1102028)
	Update on sbtest6  (cost=0.43..48.53 rows=10 width=559)
	  ->  Index Scan using sbtest6_pkey on sbtest6  (cost=0.43..48.53 rows=10 width=559)
	        Index Cond: (id = ANY ('{6161333,5628314,6737240,4263651,4540499,3366602,1728742,7976796,8834927,1102028}'::integer[]))

table 7 : explain UPDATE sbtest7 set c=7 WHERE id IN ( 6161333, 5628314, 6737240, 4263651, 4540499, 3366602, 1728742, 7976796, 8834927, 1102028)
	Update on sbtest7  (cost=0.43..48.53 rows=10 width=559)
	  ->  Index Scan using sbtest7_pkey on sbtest7  (cost=0.43..48.53 rows=10 width=559)
	        Index Cond: (id = ANY ('{6161333,5628314,6737240,4263651,4540499,3366602,1728742,7976796,8834927,1102028}'::integer[]))

table 8 : explain UPDATE sbtest8 set c=7 WHERE id IN ( 6161333, 5628314, 6737240, 4263651, 4540499, 3366602, 1728742, 7976796, 8834927, 1102028)
	Update on sbtest8  (cost=0.43..48.53 rows=10 width=559)
	  ->  Index Scan using sbtest8_pkey on sbtest8  (cost=0.43..48.53 rows=10 width=559)
	        Index Cond: (id = ANY ('{6161333,5628314,6737240,4263651,4540499,3366602,1728742,7976796,8834927,1102028}'::integer[]))

for update-inlist
table 1 : explain UPDATE sbtest1 set c=7 WHERE id IN ( 1133988, 3692184, 8084884, 4964710, 7756396, 4382274, 3704884, 8490754, 4835552, 2353414)
	Update on sbtest1  (cost=0.43..48.53 rows=10 width=559)
	  ->  Index Scan using sbtest1_pkey on sbtest1  (cost=0.43..48.53 rows=10 width=559)
	        Index Cond: (id = ANY ('{1133988,3692184,8084884,4964710,7756396,4382274,3704884,8490754,4835552,2353414}'::integer[]))

table 2 : explain UPDATE sbtest2 set c=7 WHERE id IN ( 1133988, 3692184, 8084884, 4964710, 7756396, 4382274, 3704884, 8490754, 4835552, 2353414)
	Update on sbtest2  (cost=0.43..48.53 rows=10 width=559)
	  ->  Index Scan using sbtest2_pkey on sbtest2  (cost=0.43..48.53 rows=10 width=559)
	        Index Cond: (id = ANY ('{1133988,3692184,8084884,4964710,7756396,4382274,3704884,8490754,4835552,2353414}'::integer[]))

table 3 : explain UPDATE sbtest3 set c=7 WHERE id IN ( 1133988, 3692184, 8084884, 4964710, 7756396, 4382274, 3704884, 8490754, 4835552, 2353414)
	Update on sbtest3  (cost=0.43..48.53 rows=10 width=559)
	  ->  Index Scan using sbtest3_pkey on sbtest3  (cost=0.43..48.53 rows=10 width=559)
	        Index Cond: (id = ANY ('{1133988,3692184,8084884,4964710,7756396,4382274,3704884,8490754,4835552,2353414}'::integer[]))

table 4 : explain UPDATE sbtest4 set c=7 WHERE id IN ( 1133988, 3692184, 8084884, 4964710, 7756396, 4382274, 3704884, 8490754, 4835552, 2353414)
	Update on sbtest4  (cost=0.43..48.53 rows=10 width=559)
	  ->  Index Scan using sbtest4_pkey on sbtest4  (cost=0.43..48.53 rows=10 width=559)
	        Index Cond: (id = ANY ('{1133988,3692184,8084884,4964710,7756396,4382274,3704884,8490754,4835552,2353414}'::integer[]))

table 5 : explain UPDATE sbtest5 set c=7 WHERE id IN ( 1133988, 3692184, 8084884, 4964710, 7756396, 4382274, 3704884, 8490754, 4835552, 2353414)
	Update on sbtest5  (cost=0.43..48.53 rows=10 width=559)
	  ->  Index Scan using sbtest5_pkey on sbtest5  (cost=0.43..48.53 rows=10 width=559)
	        Index Cond: (id = ANY ('{1133988,3692184,8084884,4964710,7756396,4382274,3704884,8490754,4835552,2353414}'::integer[]))

table 6 : explain UPDATE sbtest6 set c=7 WHERE id IN ( 1133988, 3692184, 8084884, 4964710, 7756396, 4382274, 3704884, 8490754, 4835552, 2353414)
	Update on sbtest6  (cost=0.43..48.53 rows=10 width=559)
	  ->  Index Scan using sbtest6_pkey on sbtest6  (cost=0.43..48.53 rows=10 width=559)
	        Index Cond: (id = ANY ('{1133988,3692184,8084884,4964710,7756396,4382274,3704884,8490754,4835552,2353414}'::integer[]))

table 7 : explain UPDATE sbtest7 set c=7 WHERE id IN ( 1133988, 3692184, 8084884, 4964710, 7756396, 4382274, 3704884, 8490754, 4835552, 2353414)
	Update on sbtest7  (cost=0.43..48.53 rows=10 width=559)
	  ->  Index Scan using sbtest7_pkey on sbtest7  (cost=0.43..48.53 rows=10 width=559)
	        Index Cond: (id = ANY ('{1133988,3692184,8084884,4964710,7756396,4382274,3704884,8490754,4835552,2353414}'::integer[]))

table 8 : explain UPDATE sbtest8 set c=7 WHERE id IN ( 1133988, 3692184, 8084884, 4964710, 7756396, 4382274, 3704884, 8490754, 4835552, 2353414)
	Update on sbtest8  (cost=0.43..48.53 rows=10 width=559)
	  ->  Index Scan using sbtest8_pkey on sbtest8  (cost=0.43..48.53 rows=10 width=559)
	        Index Cond: (id = ANY ('{1133988,3692184,8084884,4964710,7756396,4382274,3704884,8490754,4835552,2353414}'::integer[]))

explain: for update-inlist :: explain UPDATE sbtest%d set c=7 WHERE id IN ( 8801286, 4731081, 7421364, 6919121, 58158, 2160216, 6938864, 4916745, 5863651, 4469994)
for update-inlist
table 1 : explain UPDATE sbtest1 set c=7 WHERE id IN ( 4925355, 5715615, 6166958, 1852782, 6205890, 41397, 1765628, 7302593, 6999183, 8145535)
	Update on sbtest1  (cost=0.43..48.53 rows=10 width=559)
	  ->  Index Scan using sbtest1_pkey on sbtest1  (cost=0.43..48.53 rows=10 width=559)
	        Index Cond: (id = ANY ('{4925355,5715615,6166958,1852782,6205890,41397,1765628,7302593,6999183,8145535}'::integer[]))

table 2 : explain UPDATE sbtest2 set c=7 WHERE id IN ( 4925355, 5715615, 6166958, 1852782, 6205890, 41397, 1765628, 7302593, 6999183, 8145535)
	Update on sbtest2  (cost=0.43..48.53 rows=10 width=559)
	  ->  Index Scan using sbtest2_pkey on sbtest2  (cost=0.43..48.53 rows=10 width=559)
	        Index Cond: (id = ANY ('{4925355,5715615,6166958,1852782,6205890,41397,1765628,7302593,6999183,8145535}'::integer[]))

table 3 : explain UPDATE sbtest3 set c=7 WHERE id IN ( 4925355, 5715615, 6166958, 1852782, 6205890, 41397, 1765628, 7302593, 6999183, 8145535)
	Update on sbtest3  (cost=0.43..48.53 rows=10 width=559)
	  ->  Index Scan using sbtest3_pkey on sbtest3  (cost=0.43..48.53 rows=10 width=559)
	        Index Cond: (id = ANY ('{4925355,5715615,6166958,1852782,6205890,41397,1765628,7302593,6999183,8145535}'::integer[]))

table 4 : explain UPDATE sbtest4 set c=7 WHERE id IN ( 4925355, 5715615, 6166958, 1852782, 6205890, 41397, 1765628, 7302593, 6999183, 8145535)
	Update on sbtest4  (cost=0.43..48.53 rows=10 width=559)
	  ->  Index Scan using sbtest4_pkey on sbtest4  (cost=0.43..48.53 rows=10 width=559)
	        Index Cond: (id = ANY ('{4925355,5715615,6166958,1852782,6205890,41397,1765628,7302593,6999183,8145535}'::integer[]))

table 5 : explain UPDATE sbtest5 set c=7 WHERE id IN ( 4925355, 5715615, 6166958, 1852782, 6205890, 41397, 1765628, 7302593, 6999183, 8145535)
	Update on sbtest5  (cost=0.43..48.53 rows=10 width=559)
	  ->  Index Scan using sbtest5_pkey on sbtest5  (cost=0.43..48.53 rows=10 width=559)
	        Index Cond: (id = ANY ('{4925355,5715615,6166958,1852782,6205890,41397,1765628,7302593,6999183,8145535}'::integer[]))

table 6 : explain UPDATE sbtest6 set c=7 WHERE id IN ( 4925355, 5715615, 6166958, 1852782, 6205890, 41397, 1765628, 7302593, 6999183, 8145535)
	Update on sbtest6  (cost=0.43..48.53 rows=10 width=559)
	  ->  Index Scan using sbtest6_pkey on sbtest6  (cost=0.43..48.53 rows=10 width=559)
	        Index Cond: (id = ANY ('{4925355,5715615,6166958,1852782,6205890,41397,1765628,7302593,6999183,8145535}'::integer[]))

table 7 : explain UPDATE sbtest7 set c=7 WHERE id IN ( 4925355, 5715615, 6166958, 1852782, 6205890, 41397, 1765628, 7302593, 6999183, 8145535)
	Update on sbtest7  (cost=0.43..48.53 rows=10 width=559)
	  ->  Index Scan using sbtest7_pkey on sbtest7  (cost=0.43..48.53 rows=10 width=559)
	        Index Cond: (id = ANY ('{4925355,5715615,6166958,1852782,6205890,41397,1765628,7302593,6999183,8145535}'::integer[]))

table 8 : explain UPDATE sbtest8 set c=7 WHERE id IN ( 4925355, 5715615, 6166958, 1852782, 6205890, 41397, 1765628, 7302593, 6999183, 8145535)
	Update on sbtest8  (cost=0.43..48.53 rows=10 width=559)
	  ->  Index Scan using sbtest8_pkey on sbtest8  (cost=0.43..48.53 rows=10 width=559)
	        Index Cond: (id = ANY ('{4925355,5715615,6166958,1852782,6205890,41397,1765628,7302593,6999183,8145535}'::integer[]))

explain: for update-inlist :: explain UPDATE sbtest%d set c=7 WHERE id IN ( 1304840, 478755, 7804426, 5000889, 2284851, 374355, 2264903, 7419808, 8058284, 1191742)
for update-inlist
table 1 : explain UPDATE sbtest1 set c=7 WHERE id IN ( 1573047, 3401690, 3145430, 8868759, 7974090, 9554181, 9277220, 6129527, 2072473, 322095)
	Update on sbtest1  (cost=0.43..48.53 rows=10 width=559)
	  ->  Index Scan using sbtest1_pkey on sbtest1  (cost=0.43..48.53 rows=10 width=559)
	        Index Cond: (id = ANY ('{1573047,3401690,3145430,8868759,7974090,9554181,9277220,6129527,2072473,322095}'::integer[]))

table 2 : explain UPDATE sbtest2 set c=7 WHERE id IN ( 1573047, 3401690, 3145430, 8868759, 7974090, 9554181, 9277220, 6129527, 2072473, 322095)
	Update on sbtest2  (cost=0.43..48.53 rows=10 width=559)
	  ->  Index Scan using sbtest2_pkey on sbtest2  (cost=0.43..48.53 rows=10 width=559)
	        Index Cond: (id = ANY ('{1573047,3401690,3145430,8868759,7974090,9554181,9277220,6129527,2072473,322095}'::integer[]))

table 3 : explain UPDATE sbtest3 set c=7 WHERE id IN ( 1573047, 3401690, 3145430, 8868759, 7974090, 9554181, 9277220, 6129527, 2072473, 322095)
	Update on sbtest3  (cost=0.43..48.53 rows=10 width=559)
	  ->  Index Scan using sbtest3_pkey on sbtest3  (cost=0.43..48.53 rows=10 width=559)
	        Index Cond: (id = ANY ('{1573047,3401690,3145430,8868759,7974090,9554181,9277220,6129527,2072473,322095}'::integer[]))

table 4 : explain UPDATE sbtest4 set c=7 WHERE id IN ( 1573047, 3401690, 3145430, 8868759, 7974090, 9554181, 9277220, 6129527, 2072473, 322095)
	Update on sbtest4  (cost=0.43..48.53 rows=10 width=559)
	  ->  Index Scan using sbtest4_pkey on sbtest4  (cost=0.43..48.53 rows=10 width=559)
	        Index Cond: (id = ANY ('{1573047,3401690,3145430,8868759,7974090,9554181,9277220,6129527,2072473,322095}'::integer[]))

table 5 : explain UPDATE sbtest5 set c=7 WHERE id IN ( 1573047, 3401690, 3145430, 8868759, 7974090, 9554181, 9277220, 6129527, 2072473, 322095)
	Update on sbtest5  (cost=0.43..48.53 rows=10 width=559)
	  ->  Index Scan using sbtest5_pkey on sbtest5  (cost=0.43..48.53 rows=10 width=559)
	        Index Cond: (id = ANY ('{1573047,3401690,3145430,8868759,7974090,9554181,9277220,6129527,2072473,322095}'::integer[]))

table 6 : explain UPDATE sbtest6 set c=7 WHERE id IN ( 1573047, 3401690, 3145430, 8868759, 7974090, 9554181, 9277220, 6129527, 2072473, 322095)
	Update on sbtest6  (cost=0.43..48.53 rows=10 width=559)
	  ->  Index Scan using sbtest6_pkey on sbtest6  (cost=0.43..48.53 rows=10 width=559)
	        Index Cond: (id = ANY ('{1573047,3401690,3145430,8868759,7974090,9554181,9277220,6129527,2072473,322095}'::integer[]))

table 7 : explain UPDATE sbtest7 set c=7 WHERE id IN ( 1573047, 3401690, 3145430, 8868759, 7974090, 9554181, 9277220, 6129527, 2072473, 322095)
	Update on sbtest7  (cost=0.43..48.53 rows=10 width=559)
	  ->  Index Scan using sbtest7_pkey on sbtest7  (cost=0.43..48.53 rows=10 width=559)
	        Index Cond: (id = ANY ('{1573047,3401690,3145430,8868759,7974090,9554181,9277220,6129527,2072473,322095}'::integer[]))

table 8 : explain UPDATE sbtest8 set c=7 WHERE id IN ( 1573047, 3401690, 3145430, 8868759, 7974090, 9554181, 9277220, 6129527, 2072473, 322095)
	Update on sbtest8  (cost=0.43..48.53 rows=10 width=559)
	  ->  Index Scan using sbtest8_pkey on sbtest8  (cost=0.43..48.53 rows=10 width=559)
	        Index Cond: (id = ANY ('{1573047,3401690,3145430,8868759,7974090,9554181,9277220,6129527,2072473,322095}'::integer[]))

explain: for update-inlist :: explain UPDATE sbtest%d set c=7 WHERE id IN ( 9328962, 7015951, 3903647, 2766496, 7348185, 435491, 8371866, 4990756, 2124989, 3170476)
explain: for update-inlist :: explain UPDATE sbtest%d set c=7 WHERE id IN ( 6675413, 5637692, 312187, 3028980, 2671252, 4020498, 4869537, 9034793, 4307200, 3205098)
explain: for update-inlist :: explain UPDATE sbtest%d set c=7 WHERE id IN ( 3001777, 6074305, 7795130, 3445929, 2587161, 7104761, 3981856, 1194552, 4543809, 5815605)
explain: for update-inlist :: explain UPDATE sbtest%d set c=7 WHERE id IN ( 8787815, 1628535, 5093608, 7883407, 8139345, 1195240, 1903514, 7021970, 8203346, 7521204)
for update-inlist
table 1 : explain UPDATE sbtest1 set c=7 WHERE id IN ( 8801286, 4731081, 7421364, 6919121, 58158, 2160216, 6938864, 4916745, 5863651, 4469994)
	Update on sbtest1  (cost=0.43..48.53 rows=10 width=559)
	  ->  Index Scan using sbtest1_pkey on sbtest1  (cost=0.43..48.53 rows=10 width=559)
	        Index Cond: (id = ANY ('{8801286,4731081,7421364,6919121,58158,2160216,6938864,4916745,5863651,4469994}'::integer[]))

table 2 : explain UPDATE sbtest2 set c=7 WHERE id IN ( 8801286, 4731081, 7421364, 6919121, 58158, 2160216, 6938864, 4916745, 5863651, 4469994)
	Update on sbtest2  (cost=0.43..48.53 rows=10 width=559)
	  ->  Index Scan using sbtest2_pkey on sbtest2  (cost=0.43..48.53 rows=10 width=559)
	        Index Cond: (id = ANY ('{8801286,4731081,7421364,6919121,58158,2160216,6938864,4916745,5863651,4469994}'::integer[]))

table 3 : explain UPDATE sbtest3 set c=7 WHERE id IN ( 8801286, 4731081, 7421364, 6919121, 58158, 2160216, 6938864, 4916745, 5863651, 4469994)
	Update on sbtest3  (cost=0.43..48.53 rows=10 width=559)
	  ->  Index Scan using sbtest3_pkey on sbtest3  (cost=0.43..48.53 rows=10 width=559)
	        Index Cond: (id = ANY ('{8801286,4731081,7421364,6919121,58158,2160216,6938864,4916745,5863651,4469994}'::integer[]))

table 4 : explain UPDATE sbtest4 set c=7 WHERE id IN ( 8801286, 4731081, 7421364, 6919121, 58158, 2160216, 6938864, 4916745, 5863651, 4469994)
	Update on sbtest4  (cost=0.43..48.53 rows=10 width=559)
	  ->  Index Scan using sbtest4_pkey on sbtest4  (cost=0.43..48.53 rows=10 width=559)
	        Index Cond: (id = ANY ('{8801286,4731081,7421364,6919121,58158,2160216,6938864,4916745,5863651,4469994}'::integer[]))

table 5 : explain UPDATE sbtest5 set c=7 WHERE id IN ( 8801286, 4731081, 7421364, 6919121, 58158, 2160216, 6938864, 4916745, 5863651, 4469994)
	Update on sbtest5  (cost=0.43..48.53 rows=10 width=559)
	  ->  Index Scan using sbtest5_pkey on sbtest5  (cost=0.43..48.53 rows=10 width=559)
	        Index Cond: (id = ANY ('{8801286,4731081,7421364,6919121,58158,2160216,6938864,4916745,5863651,4469994}'::integer[]))

table 6 : explain UPDATE sbtest6 set c=7 WHERE id IN ( 8801286, 4731081, 7421364, 6919121, 58158, 2160216, 6938864, 4916745, 5863651, 4469994)
	Update on sbtest6  (cost=0.43..48.53 rows=10 width=559)
	  ->  Index Scan using sbtest6_pkey on sbtest6  (cost=0.43..48.53 rows=10 width=559)
	        Index Cond: (id = ANY ('{8801286,4731081,7421364,6919121,58158,2160216,6938864,4916745,5863651,4469994}'::integer[]))

table 7 : explain UPDATE sbtest7 set c=7 WHERE id IN ( 8801286, 4731081, 7421364, 6919121, 58158, 2160216, 6938864, 4916745, 5863651, 4469994)
	Update on sbtest7  (cost=0.43..48.53 rows=10 width=559)
	  ->  Index Scan using sbtest7_pkey on sbtest7  (cost=0.43..48.53 rows=10 width=559)
	        Index Cond: (id = ANY ('{8801286,4731081,7421364,6919121,58158,2160216,6938864,4916745,5863651,4469994}'::integer[]))

table 8 : explain UPDATE sbtest8 set c=7 WHERE id IN ( 8801286, 4731081, 7421364, 6919121, 58158, 2160216, 6938864, 4916745, 5863651, 4469994)
	Update on sbtest8  (cost=0.43..48.53 rows=10 width=559)
	  ->  Index Scan using sbtest8_pkey on sbtest8  (cost=0.43..48.53 rows=10 width=559)
	        Index Cond: (id = ANY ('{8801286,4731081,7421364,6919121,58158,2160216,6938864,4916745,5863651,4469994}'::integer[]))

explain: for update-inlist :: explain UPDATE sbtest%d set c=7 WHERE id IN ( 4173331, 8452317, 5960835, 3776723, 1283142, 9253720, 7499534, 7804807, 1422476, 8840304)
for update-inlist
table 1 : explain UPDATE sbtest1 set c=7 WHERE id IN ( 3001777, 6074305, 7795130, 3445929, 2587161, 7104761, 3981856, 1194552, 4543809, 5815605)
	Update on sbtest1  (cost=0.43..48.53 rows=10 width=559)
	  ->  Index Scan using sbtest1_pkey on sbtest1  (cost=0.43..48.53 rows=10 width=559)
	        Index Cond: (id = ANY ('{3001777,6074305,7795130,3445929,2587161,7104761,3981856,1194552,4543809,5815605}'::integer[]))

table 2 : explain UPDATE sbtest2 set c=7 WHERE id IN ( 3001777, 6074305, 7795130, 3445929, 2587161, 7104761, 3981856, 1194552, 4543809, 5815605)
	Update on sbtest2  (cost=0.43..48.53 rows=10 width=559)
	  ->  Index Scan using sbtest2_pkey on sbtest2  (cost=0.43..48.53 rows=10 width=559)
	        Index Cond: (id = ANY ('{3001777,6074305,7795130,3445929,2587161,7104761,3981856,1194552,4543809,5815605}'::integer[]))

table 3 : explain UPDATE sbtest3 set c=7 WHERE id IN ( 3001777, 6074305, 7795130, 3445929, 2587161, 7104761, 3981856, 1194552, 4543809, 5815605)
	Update on sbtest3  (cost=0.43..48.53 rows=10 width=559)
	  ->  Index Scan using sbtest3_pkey on sbtest3  (cost=0.43..48.53 rows=10 width=559)
	        Index Cond: (id = ANY ('{3001777,6074305,7795130,3445929,2587161,7104761,3981856,1194552,4543809,5815605}'::integer[]))

table 4 : explain UPDATE sbtest4 set c=7 WHERE id IN ( 3001777, 6074305, 7795130, 3445929, 2587161, 7104761, 3981856, 1194552, 4543809, 5815605)
	Update on sbtest4  (cost=0.43..48.53 rows=10 width=559)
	  ->  Index Scan using sbtest4_pkey on sbtest4  (cost=0.43..48.53 rows=10 width=559)
	        Index Cond: (id = ANY ('{3001777,6074305,7795130,3445929,2587161,7104761,3981856,1194552,4543809,5815605}'::integer[]))

table 5 : explain UPDATE sbtest5 set c=7 WHERE id IN ( 3001777, 6074305, 7795130, 3445929, 2587161, 7104761, 3981856, 1194552, 4543809, 5815605)
	Update on sbtest5  (cost=0.43..48.53 rows=10 width=559)
	  ->  Index Scan using sbtest5_pkey on sbtest5  (cost=0.43..48.53 rows=10 width=559)
	        Index Cond: (id = ANY ('{3001777,6074305,7795130,3445929,2587161,7104761,3981856,1194552,4543809,5815605}'::integer[]))

table 6 : explain UPDATE sbtest6 set c=7 WHERE id IN ( 3001777, 6074305, 7795130, 3445929, 2587161, 7104761, 3981856, 1194552, 4543809, 5815605)
	Update on sbtest6  (cost=0.43..48.53 rows=10 width=559)
	  ->  Index Scan using sbtest6_pkey on sbtest6  (cost=0.43..48.53 rows=10 width=559)
	        Index Cond: (id = ANY ('{3001777,6074305,7795130,3445929,2587161,7104761,3981856,1194552,4543809,5815605}'::integer[]))

table 7 : explain UPDATE sbtest7 set c=7 WHERE id IN ( 3001777, 6074305, 7795130, 3445929, 2587161, 7104761, 3981856, 1194552, 4543809, 5815605)
	Update on sbtest7  (cost=0.43..48.53 rows=10 width=559)
	  ->  Index Scan using sbtest7_pkey on sbtest7  (cost=0.43..48.53 rows=10 width=559)
	        Index Cond: (id = ANY ('{3001777,6074305,7795130,3445929,2587161,7104761,3981856,1194552,4543809,5815605}'::integer[]))

table 8 : explain UPDATE sbtest8 set c=7 WHERE id IN ( 3001777, 6074305, 7795130, 3445929, 2587161, 7104761, 3981856, 1194552, 4543809, 5815605)
	Update on sbtest8  (cost=0.43..48.53 rows=10 width=559)
	  ->  Index Scan using sbtest8_pkey on sbtest8  (cost=0.43..48.53 rows=10 width=559)
	        Index Cond: (id = ANY ('{3001777,6074305,7795130,3445929,2587161,7104761,3981856,1194552,4543809,5815605}'::integer[]))

for update-inlist
table 1 : explain UPDATE sbtest1 set c=7 WHERE id IN ( 6675413, 5637692, 312187, 3028980, 2671252, 4020498, 4869537, 9034793, 4307200, 3205098)
	Update on sbtest1  (cost=0.43..48.53 rows=10 width=559)
	  ->  Index Scan using sbtest1_pkey on sbtest1  (cost=0.43..48.53 rows=10 width=559)
	        Index Cond: (id = ANY ('{6675413,5637692,312187,3028980,2671252,4020498,4869537,9034793,4307200,3205098}'::integer[]))

table 2 : explain UPDATE sbtest2 set c=7 WHERE id IN ( 6675413, 5637692, 312187, 3028980, 2671252, 4020498, 4869537, 9034793, 4307200, 3205098)
	Update on sbtest2  (cost=0.43..48.53 rows=10 width=559)
	  ->  Index Scan using sbtest2_pkey on sbtest2  (cost=0.43..48.53 rows=10 width=559)
	        Index Cond: (id = ANY ('{6675413,5637692,312187,3028980,2671252,4020498,4869537,9034793,4307200,3205098}'::integer[]))

table 3 : explain UPDATE sbtest3 set c=7 WHERE id IN ( 6675413, 5637692, 312187, 3028980, 2671252, 4020498, 4869537, 9034793, 4307200, 3205098)
	Update on sbtest3  (cost=0.43..48.53 rows=10 width=559)
	  ->  Index Scan using sbtest3_pkey on sbtest3  (cost=0.43..48.53 rows=10 width=559)
	        Index Cond: (id = ANY ('{6675413,5637692,312187,3028980,2671252,4020498,4869537,9034793,4307200,3205098}'::integer[]))

table 4 : explain UPDATE sbtest4 set c=7 WHERE id IN ( 6675413, 5637692, 312187, 3028980, 2671252, 4020498, 4869537, 9034793, 4307200, 3205098)
	Update on sbtest4  (cost=0.43..48.53 rows=10 width=559)
	  ->  Index Scan using sbtest4_pkey on sbtest4  (cost=0.43..48.53 rows=10 width=559)
	        Index Cond: (id = ANY ('{6675413,5637692,312187,3028980,2671252,4020498,4869537,9034793,4307200,3205098}'::integer[]))

table 5 : explain UPDATE sbtest5 set c=7 WHERE id IN ( 6675413, 5637692, 312187, 3028980, 2671252, 4020498, 4869537, 9034793, 4307200, 3205098)
	Update on sbtest5  (cost=0.43..48.53 rows=10 width=559)
	  ->  Index Scan using sbtest5_pkey on sbtest5  (cost=0.43..48.53 rows=10 width=559)
	        Index Cond: (id = ANY ('{6675413,5637692,312187,3028980,2671252,4020498,4869537,9034793,4307200,3205098}'::integer[]))

table 6 : explain UPDATE sbtest6 set c=7 WHERE id IN ( 6675413, 5637692, 312187, 3028980, 2671252, 4020498, 4869537, 9034793, 4307200, 3205098)
	Update on sbtest6  (cost=0.43..48.53 rows=10 width=559)
	  ->  Index Scan using sbtest6_pkey on sbtest6  (cost=0.43..48.53 rows=10 width=559)
	        Index Cond: (id = ANY ('{6675413,5637692,312187,3028980,2671252,4020498,4869537,9034793,4307200,3205098}'::integer[]))

table 7 : explain UPDATE sbtest7 set c=7 WHERE id IN ( 6675413, 5637692, 312187, 3028980, 2671252, 4020498, 4869537, 9034793, 4307200, 3205098)
	Update on sbtest7  (cost=0.43..48.53 rows=10 width=559)
	  ->  Index Scan using sbtest7_pkey on sbtest7  (cost=0.43..48.53 rows=10 width=559)
	        Index Cond: (id = ANY ('{6675413,5637692,312187,3028980,2671252,4020498,4869537,9034793,4307200,3205098}'::integer[]))

table 8 : explain UPDATE sbtest8 set c=7 WHERE id IN ( 6675413, 5637692, 312187, 3028980, 2671252, 4020498, 4869537, 9034793, 4307200, 3205098)
	Update on sbtest8  (cost=0.43..48.53 rows=10 width=559)
	  ->  Index Scan using sbtest8_pkey on sbtest8  (cost=0.43..48.53 rows=10 width=559)
	        Index Cond: (id = ANY ('{6675413,5637692,312187,3028980,2671252,4020498,4869537,9034793,4307200,3205098}'::integer[]))

explain: for update-inlist :: explain UPDATE sbtest%d set c=7 WHERE id IN ( 7438722, 8899385, 3538014, 8341337, 3321737, 138746, 2868390, 8396146, 8350270, 2944805)
explain: for update-inlist :: explain UPDATE sbtest%d set c=7 WHERE id IN ( 3813144, 6111418, 5645745, 9951154, 7367790, 1699179, 6643851, 712339, 6012371, 1351870)
explain: for update-inlist :: explain UPDATE sbtest%d set c=7 WHERE id IN ( 5002056, 5749793, 3740780, 1551247, 3012303, 6083491, 5549627, 7151414, 1894152, 3062414)
for update-inlist
table 1 : explain UPDATE sbtest1 set c=7 WHERE id IN ( 8787815, 1628535, 5093608, 7883407, 8139345, 1195240, 1903514, 7021970, 8203346, 7521204)
	Update on sbtest1  (cost=0.43..48.53 rows=10 width=559)
	  ->  Index Scan using sbtest1_pkey on sbtest1  (cost=0.43..48.53 rows=10 width=559)
	        Index Cond: (id = ANY ('{8787815,1628535,5093608,7883407,8139345,1195240,1903514,7021970,8203346,7521204}'::integer[]))

table 2 : explain UPDATE sbtest2 set c=7 WHERE id IN ( 8787815, 1628535, 5093608, 7883407, 8139345, 1195240, 1903514, 7021970, 8203346, 7521204)
	Update on sbtest2  (cost=0.43..48.53 rows=10 width=559)
	  ->  Index Scan using sbtest2_pkey on sbtest2  (cost=0.43..48.53 rows=10 width=559)
	        Index Cond: (id = ANY ('{8787815,1628535,5093608,7883407,8139345,1195240,1903514,7021970,8203346,7521204}'::integer[]))

table 3 : explain UPDATE sbtest3 set c=7 WHERE id IN ( 8787815, 1628535, 5093608, 7883407, 8139345, 1195240, 1903514, 7021970, 8203346, 7521204)
	Update on sbtest3  (cost=0.43..48.53 rows=10 width=559)
	  ->  Index Scan using sbtest3_pkey on sbtest3  (cost=0.43..48.53 rows=10 width=559)
	        Index Cond: (id = ANY ('{8787815,1628535,5093608,7883407,8139345,1195240,1903514,7021970,8203346,7521204}'::integer[]))

table 4 : explain UPDATE sbtest4 set c=7 WHERE id IN ( 8787815, 1628535, 5093608, 7883407, 8139345, 1195240, 1903514, 7021970, 8203346, 7521204)
	Update on sbtest4  (cost=0.43..48.53 rows=10 width=559)
	  ->  Index Scan using sbtest4_pkey on sbtest4  (cost=0.43..48.53 rows=10 width=559)
	        Index Cond: (id = ANY ('{8787815,1628535,5093608,7883407,8139345,1195240,1903514,7021970,8203346,7521204}'::integer[]))

table 5 : explain UPDATE sbtest5 set c=7 WHERE id IN ( 8787815, 1628535, 5093608, 7883407, 8139345, 1195240, 1903514, 7021970, 8203346, 7521204)
	Update on sbtest5  (cost=0.43..48.53 rows=10 width=559)
	  ->  Index Scan using sbtest5_pkey on sbtest5  (cost=0.43..48.53 rows=10 width=559)
	        Index Cond: (id = ANY ('{8787815,1628535,5093608,7883407,8139345,1195240,1903514,7021970,8203346,7521204}'::integer[]))

table 6 : explain UPDATE sbtest6 set c=7 WHERE id IN ( 8787815, 1628535, 5093608, 7883407, 8139345, 1195240, 1903514, 7021970, 8203346, 7521204)
	Update on sbtest6  (cost=0.43..48.53 rows=10 width=559)
	  ->  Index Scan using sbtest6_pkey on sbtest6  (cost=0.43..48.53 rows=10 width=559)
	        Index Cond: (id = ANY ('{8787815,1628535,5093608,7883407,8139345,1195240,1903514,7021970,8203346,7521204}'::integer[]))

table 7 : explain UPDATE sbtest7 set c=7 WHERE id IN ( 8787815, 1628535, 5093608, 7883407, 8139345, 1195240, 1903514, 7021970, 8203346, 7521204)
	Update on sbtest7  (cost=0.43..48.53 rows=10 width=559)
	  ->  Index Scan using sbtest7_pkey on sbtest7  (cost=0.43..48.53 rows=10 width=559)
	        Index Cond: (id = ANY ('{8787815,1628535,5093608,7883407,8139345,1195240,1903514,7021970,8203346,7521204}'::integer[]))

table 8 : explain UPDATE sbtest8 set c=7 WHERE id IN ( 8787815, 1628535, 5093608, 7883407, 8139345, 1195240, 1903514, 7021970, 8203346, 7521204)
	Update on sbtest8  (cost=0.43..48.53 rows=10 width=559)
	  ->  Index Scan using sbtest8_pkey on sbtest8  (cost=0.43..48.53 rows=10 width=559)
	        Index Cond: (id = ANY ('{8787815,1628535,5093608,7883407,8139345,1195240,1903514,7021970,8203346,7521204}'::integer[]))

for update-inlist
table 1 : explain UPDATE sbtest1 set c=7 WHERE id IN ( 4010014, 4996554, 5965660, 3229501, 3120922, 6509154, 5616371, 8247244, 3576077, 8439303)
	Update on sbtest1  (cost=0.43..48.53 rows=10 width=559)
	  ->  Index Scan using sbtest1_pkey on sbtest1  (cost=0.43..48.53 rows=10 width=559)
	        Index Cond: (id = ANY ('{4010014,4996554,5965660,3229501,3120922,6509154,5616371,8247244,3576077,8439303}'::integer[]))

table 2 : explain UPDATE sbtest2 set c=7 WHERE id IN ( 4010014, 4996554, 5965660, 3229501, 3120922, 6509154, 5616371, 8247244, 3576077, 8439303)
	Update on sbtest2  (cost=0.43..48.53 rows=10 width=559)
	  ->  Index Scan using sbtest2_pkey on sbtest2  (cost=0.43..48.53 rows=10 width=559)
	        Index Cond: (id = ANY ('{4010014,4996554,5965660,3229501,3120922,6509154,5616371,8247244,3576077,8439303}'::integer[]))

table 3 : explain UPDATE sbtest3 set c=7 WHERE id IN ( 4010014, 4996554, 5965660, 3229501, 3120922, 6509154, 5616371, 8247244, 3576077, 8439303)
	Update on sbtest3  (cost=0.43..48.53 rows=10 width=559)
	  ->  Index Scan using sbtest3_pkey on sbtest3  (cost=0.43..48.53 rows=10 width=559)
	        Index Cond: (id = ANY ('{4010014,4996554,5965660,3229501,3120922,6509154,5616371,8247244,3576077,8439303}'::integer[]))

table 4 : explain UPDATE sbtest4 set c=7 WHERE id IN ( 4010014, 4996554, 5965660, 3229501, 3120922, 6509154, 5616371, 8247244, 3576077, 8439303)
	Update on sbtest4  (cost=0.43..48.53 rows=10 width=559)
	  ->  Index Scan using sbtest4_pkey on sbtest4  (cost=0.43..48.53 rows=10 width=559)
	        Index Cond: (id = ANY ('{4010014,4996554,5965660,3229501,3120922,6509154,5616371,8247244,3576077,8439303}'::integer[]))

table 5 : explain UPDATE sbtest5 set c=7 WHERE id IN ( 4010014, 4996554, 5965660, 3229501, 3120922, 6509154, 5616371, 8247244, 3576077, 8439303)
	Update on sbtest5  (cost=0.43..48.53 rows=10 width=559)
	  ->  Index Scan using sbtest5_pkey on sbtest5  (cost=0.43..48.53 rows=10 width=559)
	        Index Cond: (id = ANY ('{4010014,4996554,5965660,3229501,3120922,6509154,5616371,8247244,3576077,8439303}'::integer[]))

table 6 : explain UPDATE sbtest6 set c=7 WHERE id IN ( 4010014, 4996554, 5965660, 3229501, 3120922, 6509154, 5616371, 8247244, 3576077, 8439303)
	Update on sbtest6  (cost=0.43..48.53 rows=10 width=559)
	  ->  Index Scan using sbtest6_pkey on sbtest6  (cost=0.43..48.53 rows=10 width=559)
	        Index Cond: (id = ANY ('{4010014,4996554,5965660,3229501,3120922,6509154,5616371,8247244,3576077,8439303}'::integer[]))

table 7 : explain UPDATE sbtest7 set c=7 WHERE id IN ( 4010014, 4996554, 5965660, 3229501, 3120922, 6509154, 5616371, 8247244, 3576077, 8439303)
	Update on sbtest7  (cost=0.43..48.53 rows=10 width=559)
	  ->  Index Scan using sbtest7_pkey on sbtest7  (cost=0.43..48.53 rows=10 width=559)
	        Index Cond: (id = ANY ('{4010014,4996554,5965660,3229501,3120922,6509154,5616371,8247244,3576077,8439303}'::integer[]))

table 8 : explain UPDATE sbtest8 set c=7 WHERE id IN ( 4010014, 4996554, 5965660, 3229501, 3120922, 6509154, 5616371, 8247244, 3576077, 8439303)
	Update on sbtest8  (cost=0.43..48.53 rows=10 width=559)
	  ->  Index Scan using sbtest8_pkey on sbtest8  (cost=0.43..48.53 rows=10 width=559)
	        Index Cond: (id = ANY ('{4010014,4996554,5965660,3229501,3120922,6509154,5616371,8247244,3576077,8439303}'::integer[]))

explain: for update-inlist :: explain UPDATE sbtest%d set c=7 WHERE id IN ( 9635726, 3684793, 1605359, 1817820, 3999694, 598436, 699645, 4918582, 7822325, 288881)
explain: for update-inlist :: explain UPDATE sbtest%d set c=7 WHERE id IN ( 9788208, 9165209, 565731, 9346332, 4776808, 8299140, 9030485, 3614365, 3895647, 6040418)
explain: for update-inlist :: explain UPDATE sbtest%d set c=7 WHERE id IN ( 212091, 1621833, 6143082, 1749088, 6823816, 4540840, 1272869, 5828372, 5744439, 8767481)
for update-inlist
table 1 : explain UPDATE sbtest1 set c=7 WHERE id IN ( 1304840, 478755, 7804426, 5000889, 2284851, 374355, 2264903, 7419808, 8058284, 1191742)
	Update on sbtest1  (cost=0.43..48.53 rows=10 width=559)
	  ->  Index Scan using sbtest1_pkey on sbtest1  (cost=0.43..48.53 rows=10 width=559)
	        Index Cond: (id = ANY ('{1304840,478755,7804426,5000889,2284851,374355,2264903,7419808,8058284,1191742}'::integer[]))

table 2 : explain UPDATE sbtest2 set c=7 WHERE id IN ( 1304840, 478755, 7804426, 5000889, 2284851, 374355, 2264903, 7419808, 8058284, 1191742)
	Update on sbtest2  (cost=0.43..48.53 rows=10 width=559)
	  ->  Index Scan using sbtest2_pkey on sbtest2  (cost=0.43..48.53 rows=10 width=559)
	        Index Cond: (id = ANY ('{1304840,478755,7804426,5000889,2284851,374355,2264903,7419808,8058284,1191742}'::integer[]))

table 3 : explain UPDATE sbtest3 set c=7 WHERE id IN ( 1304840, 478755, 7804426, 5000889, 2284851, 374355, 2264903, 7419808, 8058284, 1191742)
	Update on sbtest3  (cost=0.43..48.53 rows=10 width=559)
	  ->  Index Scan using sbtest3_pkey on sbtest3  (cost=0.43..48.53 rows=10 width=559)
	        Index Cond: (id = ANY ('{1304840,478755,7804426,5000889,2284851,374355,2264903,7419808,8058284,1191742}'::integer[]))

table 4 : explain UPDATE sbtest4 set c=7 WHERE id IN ( 1304840, 478755, 7804426, 5000889, 2284851, 374355, 2264903, 7419808, 8058284, 1191742)
	Update on sbtest4  (cost=0.43..48.53 rows=10 width=559)
	  ->  Index Scan using sbtest4_pkey on sbtest4  (cost=0.43..48.53 rows=10 width=559)
	        Index Cond: (id = ANY ('{1304840,478755,7804426,5000889,2284851,374355,2264903,7419808,8058284,1191742}'::integer[]))

table 5 : explain UPDATE sbtest5 set c=7 WHERE id IN ( 1304840, 478755, 7804426, 5000889, 2284851, 374355, 2264903, 7419808, 8058284, 1191742)
	Update on sbtest5  (cost=0.43..48.53 rows=10 width=559)
	  ->  Index Scan using sbtest5_pkey on sbtest5  (cost=0.43..48.53 rows=10 width=559)
	        Index Cond: (id = ANY ('{1304840,478755,7804426,5000889,2284851,374355,2264903,7419808,8058284,1191742}'::integer[]))

table 6 : explain UPDATE sbtest6 set c=7 WHERE id IN ( 1304840, 478755, 7804426, 5000889, 2284851, 374355, 2264903, 7419808, 8058284, 1191742)
	Update on sbtest6  (cost=0.43..48.53 rows=10 width=559)
	  ->  Index Scan using sbtest6_pkey on sbtest6  (cost=0.43..48.53 rows=10 width=559)
	        Index Cond: (id = ANY ('{1304840,478755,7804426,5000889,2284851,374355,2264903,7419808,8058284,1191742}'::integer[]))

table 7 : explain UPDATE sbtest7 set c=7 WHERE id IN ( 1304840, 478755, 7804426, 5000889, 2284851, 374355, 2264903, 7419808, 8058284, 1191742)
	Update on sbtest7  (cost=0.43..48.53 rows=10 width=559)
	  ->  Index Scan using sbtest7_pkey on sbtest7  (cost=0.43..48.53 rows=10 width=559)
	        Index Cond: (id = ANY ('{1304840,478755,7804426,5000889,2284851,374355,2264903,7419808,8058284,1191742}'::integer[]))

table 8 : explain UPDATE sbtest8 set c=7 WHERE id IN ( 1304840, 478755, 7804426, 5000889, 2284851, 374355, 2264903, 7419808, 8058284, 1191742)
	Update on sbtest8  (cost=0.43..48.53 rows=10 width=559)
	  ->  Index Scan using sbtest8_pkey on sbtest8  (cost=0.43..48.53 rows=10 width=559)
	        Index Cond: (id = ANY ('{1304840,478755,7804426,5000889,2284851,374355,2264903,7419808,8058284,1191742}'::integer[]))

for update-inlist
table 1 : explain UPDATE sbtest1 set c=7 WHERE id IN ( 7438722, 8899385, 3538014, 8341337, 3321737, 138746, 2868390, 8396146, 8350270, 2944805)
	Update on sbtest1  (cost=0.43..48.53 rows=10 width=559)
	  ->  Index Scan using sbtest1_pkey on sbtest1  (cost=0.43..48.53 rows=10 width=559)
	        Index Cond: (id = ANY ('{7438722,8899385,3538014,8341337,3321737,138746,2868390,8396146,8350270,2944805}'::integer[]))

table 2 : explain UPDATE sbtest2 set c=7 WHERE id IN ( 7438722, 8899385, 3538014, 8341337, 3321737, 138746, 2868390, 8396146, 8350270, 2944805)
	Update on sbtest2  (cost=0.43..48.53 rows=10 width=559)
	  ->  Index Scan using sbtest2_pkey on sbtest2  (cost=0.43..48.53 rows=10 width=559)
	        Index Cond: (id = ANY ('{7438722,8899385,3538014,8341337,3321737,138746,2868390,8396146,8350270,2944805}'::integer[]))

table 3 : explain UPDATE sbtest3 set c=7 WHERE id IN ( 7438722, 8899385, 3538014, 8341337, 3321737, 138746, 2868390, 8396146, 8350270, 2944805)
	Update on sbtest3  (cost=0.43..48.53 rows=10 width=559)
	  ->  Index Scan using sbtest3_pkey on sbtest3  (cost=0.43..48.53 rows=10 width=559)
	        Index Cond: (id = ANY ('{7438722,8899385,3538014,8341337,3321737,138746,2868390,8396146,8350270,2944805}'::integer[]))

table 4 : explain UPDATE sbtest4 set c=7 WHERE id IN ( 7438722, 8899385, 3538014, 8341337, 3321737, 138746, 2868390, 8396146, 8350270, 2944805)
	Update on sbtest4  (cost=0.43..48.53 rows=10 width=559)
	  ->  Index Scan using sbtest4_pkey on sbtest4  (cost=0.43..48.53 rows=10 width=559)
	        Index Cond: (id = ANY ('{7438722,8899385,3538014,8341337,3321737,138746,2868390,8396146,8350270,2944805}'::integer[]))

table 5 : explain UPDATE sbtest5 set c=7 WHERE id IN ( 7438722, 8899385, 3538014, 8341337, 3321737, 138746, 2868390, 8396146, 8350270, 2944805)
	Update on sbtest5  (cost=0.43..48.53 rows=10 width=559)
	  ->  Index Scan using sbtest5_pkey on sbtest5  (cost=0.43..48.53 rows=10 width=559)
	        Index Cond: (id = ANY ('{7438722,8899385,3538014,8341337,3321737,138746,2868390,8396146,8350270,2944805}'::integer[]))

table 6 : explain UPDATE sbtest6 set c=7 WHERE id IN ( 7438722, 8899385, 3538014, 8341337, 3321737, 138746, 2868390, 8396146, 8350270, 2944805)
	Update on sbtest6  (cost=0.43..48.53 rows=10 width=559)
	  ->  Index Scan using sbtest6_pkey on sbtest6  (cost=0.43..48.53 rows=10 width=559)
	        Index Cond: (id = ANY ('{7438722,8899385,3538014,8341337,3321737,138746,2868390,8396146,8350270,2944805}'::integer[]))

table 7 : explain UPDATE sbtest7 set c=7 WHERE id IN ( 7438722, 8899385, 3538014, 8341337, 3321737, 138746, 2868390, 8396146, 8350270, 2944805)
	Update on sbtest7  (cost=0.43..48.53 rows=10 width=559)
	  ->  Index Scan using sbtest7_pkey on sbtest7  (cost=0.43..48.53 rows=10 width=559)
	        Index Cond: (id = ANY ('{7438722,8899385,3538014,8341337,3321737,138746,2868390,8396146,8350270,2944805}'::integer[]))

table 8 : explain UPDATE sbtest8 set c=7 WHERE id IN ( 7438722, 8899385, 3538014, 8341337, 3321737, 138746, 2868390, 8396146, 8350270, 2944805)
	Update on sbtest8  (cost=0.43..48.53 rows=10 width=559)
	  ->  Index Scan using sbtest8_pkey on sbtest8  (cost=0.43..48.53 rows=10 width=559)
	        Index Cond: (id = ANY ('{7438722,8899385,3538014,8341337,3321737,138746,2868390,8396146,8350270,2944805}'::integer[]))

explain: for update-inlist :: explain UPDATE sbtest%d set c=7 WHERE id IN ( 9190210, 4104936, 5344314, 8196914, 2059800, 1321956, 4974812, 6796453, 7808307, 5911767)
for update-inlist
table 1 : explain UPDATE sbtest1 set c=7 WHERE id IN ( 3813144, 6111418, 5645745, 9951154, 7367790, 1699179, 6643851, 712339, 6012371, 1351870)
	Update on sbtest1  (cost=0.43..48.53 rows=10 width=559)
	  ->  Index Scan using sbtest1_pkey on sbtest1  (cost=0.43..48.53 rows=10 width=559)
	        Index Cond: (id = ANY ('{3813144,6111418,5645745,9951154,7367790,1699179,6643851,712339,6012371,1351870}'::integer[]))

table 2 : explain UPDATE sbtest2 set c=7 WHERE id IN ( 3813144, 6111418, 5645745, 9951154, 7367790, 1699179, 6643851, 712339, 6012371, 1351870)
	Update on sbtest2  (cost=0.43..48.53 rows=10 width=559)
	  ->  Index Scan using sbtest2_pkey on sbtest2  (cost=0.43..48.53 rows=10 width=559)
	        Index Cond: (id = ANY ('{3813144,6111418,5645745,9951154,7367790,1699179,6643851,712339,6012371,1351870}'::integer[]))

table 3 : explain UPDATE sbtest3 set c=7 WHERE id IN ( 3813144, 6111418, 5645745, 9951154, 7367790, 1699179, 6643851, 712339, 6012371, 1351870)
	Update on sbtest3  (cost=0.43..48.53 rows=10 width=559)
	  ->  Index Scan using sbtest3_pkey on sbtest3  (cost=0.43..48.53 rows=10 width=559)
	        Index Cond: (id = ANY ('{3813144,6111418,5645745,9951154,7367790,1699179,6643851,712339,6012371,1351870}'::integer[]))

table 4 : explain UPDATE sbtest4 set c=7 WHERE id IN ( 3813144, 6111418, 5645745, 9951154, 7367790, 1699179, 6643851, 712339, 6012371, 1351870)
	Update on sbtest4  (cost=0.43..48.53 rows=10 width=559)
	  ->  Index Scan using sbtest4_pkey on sbtest4  (cost=0.43..48.53 rows=10 width=559)
	        Index Cond: (id = ANY ('{3813144,6111418,5645745,9951154,7367790,1699179,6643851,712339,6012371,1351870}'::integer[]))

table 5 : explain UPDATE sbtest5 set c=7 WHERE id IN ( 3813144, 6111418, 5645745, 9951154, 7367790, 1699179, 6643851, 712339, 6012371, 1351870)
	Update on sbtest5  (cost=0.43..48.53 rows=10 width=559)
	  ->  Index Scan using sbtest5_pkey on sbtest5  (cost=0.43..48.53 rows=10 width=559)
	        Index Cond: (id = ANY ('{3813144,6111418,5645745,9951154,7367790,1699179,6643851,712339,6012371,1351870}'::integer[]))

table 6 : explain UPDATE sbtest6 set c=7 WHERE id IN ( 3813144, 6111418, 5645745, 9951154, 7367790, 1699179, 6643851, 712339, 6012371, 1351870)
	Update on sbtest6  (cost=0.43..48.53 rows=10 width=559)
	  ->  Index Scan using sbtest6_pkey on sbtest6  (cost=0.43..48.53 rows=10 width=559)
	        Index Cond: (id = ANY ('{3813144,6111418,5645745,9951154,7367790,1699179,6643851,712339,6012371,1351870}'::integer[]))

table 7 : explain UPDATE sbtest7 set c=7 WHERE id IN ( 3813144, 6111418, 5645745, 9951154, 7367790, 1699179, 6643851, 712339, 6012371, 1351870)
	Update on sbtest7  (cost=0.43..48.53 rows=10 width=559)
	  ->  Index Scan using sbtest7_pkey on sbtest7  (cost=0.43..48.53 rows=10 width=559)
	        Index Cond: (id = ANY ('{3813144,6111418,5645745,9951154,7367790,1699179,6643851,712339,6012371,1351870}'::integer[]))

table 8 : explain UPDATE sbtest8 set c=7 WHERE id IN ( 3813144, 6111418, 5645745, 9951154, 7367790, 1699179, 6643851, 712339, 6012371, 1351870)
	Update on sbtest8  (cost=0.43..48.53 rows=10 width=559)
	  ->  Index Scan using sbtest8_pkey on sbtest8  (cost=0.43..48.53 rows=10 width=559)
	        Index Cond: (id = ANY ('{3813144,6111418,5645745,9951154,7367790,1699179,6643851,712339,6012371,1351870}'::integer[]))

explain: for update-inlist :: explain UPDATE sbtest%d set c=7 WHERE id IN ( 9802330, 7569870, 9962944, 8426528, 9976420, 9287155, 5398694, 9473911, 4492033, 9934093)
explain: for update-inlist :: explain UPDATE sbtest%d set c=7 WHERE id IN ( 5426597, 9785683, 4783814, 574928, 7518477, 5694358, 2549856, 9941771, 6210061, 6262897)
explain: for update-inlist :: explain UPDATE sbtest%d set c=7 WHERE id IN ( 3121034, 1874279, 4460718, 3117415, 3037776, 3115206, 6635183, 8773996, 1102888, 6215952)
explain: for update-inlist :: explain UPDATE sbtest%d set c=7 WHERE id IN ( 7624218, 6062349, 2156772, 1509906, 1365772, 7060638, 4492678, 1375372, 7356038, 9258102)
for update-inlist
table 1 : explain UPDATE sbtest1 set c=7 WHERE id IN ( 9788208, 9165209, 565731, 9346332, 4776808, 8299140, 9030485, 3614365, 3895647, 6040418)
	Update on sbtest1  (cost=0.43..48.53 rows=10 width=559)
	  ->  Index Scan using sbtest1_pkey on sbtest1  (cost=0.43..48.53 rows=10 width=559)
	        Index Cond: (id = ANY ('{9788208,9165209,565731,9346332,4776808,8299140,9030485,3614365,3895647,6040418}'::integer[]))

table 2 : explain UPDATE sbtest2 set c=7 WHERE id IN ( 9788208, 9165209, 565731, 9346332, 4776808, 8299140, 9030485, 3614365, 3895647, 6040418)
	Update on sbtest2  (cost=0.43..48.53 rows=10 width=559)
	  ->  Index Scan using sbtest2_pkey on sbtest2  (cost=0.43..48.53 rows=10 width=559)
	        Index Cond: (id = ANY ('{9788208,9165209,565731,9346332,4776808,8299140,9030485,3614365,3895647,6040418}'::integer[]))

table 3 : explain UPDATE sbtest3 set c=7 WHERE id IN ( 9788208, 9165209, 565731, 9346332, 4776808, 8299140, 9030485, 3614365, 3895647, 6040418)
	Update on sbtest3  (cost=0.43..48.53 rows=10 width=559)
	  ->  Index Scan using sbtest3_pkey on sbtest3  (cost=0.43..48.53 rows=10 width=559)
	        Index Cond: (id = ANY ('{9788208,9165209,565731,9346332,4776808,8299140,9030485,3614365,3895647,6040418}'::integer[]))

table 4 : explain UPDATE sbtest4 set c=7 WHERE id IN ( 9788208, 9165209, 565731, 9346332, 4776808, 8299140, 9030485, 3614365, 3895647, 6040418)
	Update on sbtest4  (cost=0.43..48.53 rows=10 width=559)
	  ->  Index Scan using sbtest4_pkey on sbtest4  (cost=0.43..48.53 rows=10 width=559)
	        Index Cond: (id = ANY ('{9788208,9165209,565731,9346332,4776808,8299140,9030485,3614365,3895647,6040418}'::integer[]))

table 5 : explain UPDATE sbtest5 set c=7 WHERE id IN ( 9788208, 9165209, 565731, 9346332, 4776808, 8299140, 9030485, 3614365, 3895647, 6040418)
	Update on sbtest5  (cost=0.43..48.53 rows=10 width=559)
	  ->  Index Scan using sbtest5_pkey on sbtest5  (cost=0.43..48.53 rows=10 width=559)
	        Index Cond: (id = ANY ('{9788208,9165209,565731,9346332,4776808,8299140,9030485,3614365,3895647,6040418}'::integer[]))

table 6 : explain UPDATE sbtest6 set c=7 WHERE id IN ( 9788208, 9165209, 565731, 9346332, 4776808, 8299140, 9030485, 3614365, 3895647, 6040418)
	Update on sbtest6  (cost=0.43..48.53 rows=10 width=559)
	  ->  Index Scan using sbtest6_pkey on sbtest6  (cost=0.43..48.53 rows=10 width=559)
	        Index Cond: (id = ANY ('{9788208,9165209,565731,9346332,4776808,8299140,9030485,3614365,3895647,6040418}'::integer[]))

table 7 : explain UPDATE sbtest7 set c=7 WHERE id IN ( 9788208, 9165209, 565731, 9346332, 4776808, 8299140, 9030485, 3614365, 3895647, 6040418)
	Update on sbtest7  (cost=0.43..48.53 rows=10 width=559)
	  ->  Index Scan using sbtest7_pkey on sbtest7  (cost=0.43..48.53 rows=10 width=559)
	        Index Cond: (id = ANY ('{9788208,9165209,565731,9346332,4776808,8299140,9030485,3614365,3895647,6040418}'::integer[]))

table 8 : explain UPDATE sbtest8 set c=7 WHERE id IN ( 9788208, 9165209, 565731, 9346332, 4776808, 8299140, 9030485, 3614365, 3895647, 6040418)
	Update on sbtest8  (cost=0.43..48.53 rows=10 width=559)
	  ->  Index Scan using sbtest8_pkey on sbtest8  (cost=0.43..48.53 rows=10 width=559)
	        Index Cond: (id = ANY ('{9788208,9165209,565731,9346332,4776808,8299140,9030485,3614365,3895647,6040418}'::integer[]))

for update-inlist
table 1 : explain UPDATE sbtest1 set c=7 WHERE id IN ( 212091, 1621833, 6143082, 1749088, 6823816, 4540840, 1272869, 5828372, 5744439, 8767481)
	Update on sbtest1  (cost=0.43..48.53 rows=10 width=559)
	  ->  Index Scan using sbtest1_pkey on sbtest1  (cost=0.43..48.53 rows=10 width=559)
	        Index Cond: (id = ANY ('{212091,1621833,6143082,1749088,6823816,4540840,1272869,5828372,5744439,8767481}'::integer[]))

table 2 : explain UPDATE sbtest2 set c=7 WHERE id IN ( 212091, 1621833, 6143082, 1749088, 6823816, 4540840, 1272869, 5828372, 5744439, 8767481)
	Update on sbtest2  (cost=0.43..48.53 rows=10 width=559)
	  ->  Index Scan using sbtest2_pkey on sbtest2  (cost=0.43..48.53 rows=10 width=559)
	        Index Cond: (id = ANY ('{212091,1621833,6143082,1749088,6823816,4540840,1272869,5828372,5744439,8767481}'::integer[]))

table 3 : explain UPDATE sbtest3 set c=7 WHERE id IN ( 212091, 1621833, 6143082, 1749088, 6823816, 4540840, 1272869, 5828372, 5744439, 8767481)
	Update on sbtest3  (cost=0.43..48.53 rows=10 width=559)
	  ->  Index Scan using sbtest3_pkey on sbtest3  (cost=0.43..48.53 rows=10 width=559)
	        Index Cond: (id = ANY ('{212091,1621833,6143082,1749088,6823816,4540840,1272869,5828372,5744439,8767481}'::integer[]))

table 4 : explain UPDATE sbtest4 set c=7 WHERE id IN ( 212091, 1621833, 6143082, 1749088, 6823816, 4540840, 1272869, 5828372, 5744439, 8767481)
	Update on sbtest4  (cost=0.43..48.53 rows=10 width=559)
	  ->  Index Scan using sbtest4_pkey on sbtest4  (cost=0.43..48.53 rows=10 width=559)
	        Index Cond: (id = ANY ('{212091,1621833,6143082,1749088,6823816,4540840,1272869,5828372,5744439,8767481}'::integer[]))

table 5 : explain UPDATE sbtest5 set c=7 WHERE id IN ( 212091, 1621833, 6143082, 1749088, 6823816, 4540840, 1272869, 5828372, 5744439, 8767481)
	Update on sbtest5  (cost=0.43..48.53 rows=10 width=559)
	  ->  Index Scan using sbtest5_pkey on sbtest5  (cost=0.43..48.53 rows=10 width=559)
	        Index Cond: (id = ANY ('{212091,1621833,6143082,1749088,6823816,4540840,1272869,5828372,5744439,8767481}'::integer[]))

table 6 : explain UPDATE sbtest6 set c=7 WHERE id IN ( 212091, 1621833, 6143082, 1749088, 6823816, 4540840, 1272869, 5828372, 5744439, 8767481)
	Update on sbtest6  (cost=0.43..48.53 rows=10 width=559)
	  ->  Index Scan using sbtest6_pkey on sbtest6  (cost=0.43..48.53 rows=10 width=559)
	        Index Cond: (id = ANY ('{212091,1621833,6143082,1749088,6823816,4540840,1272869,5828372,5744439,8767481}'::integer[]))

table 7 : explain UPDATE sbtest7 set c=7 WHERE id IN ( 212091, 1621833, 6143082, 1749088, 6823816, 4540840, 1272869, 5828372, 5744439, 8767481)
	Update on sbtest7  (cost=0.43..48.53 rows=10 width=559)
	  ->  Index Scan using sbtest7_pkey on sbtest7  (cost=0.43..48.53 rows=10 width=559)
	        Index Cond: (id = ANY ('{212091,1621833,6143082,1749088,6823816,4540840,1272869,5828372,5744439,8767481}'::integer[]))

table 8 : explain UPDATE sbtest8 set c=7 WHERE id IN ( 212091, 1621833, 6143082, 1749088, 6823816, 4540840, 1272869, 5828372, 5744439, 8767481)
	Update on sbtest8  (cost=0.43..48.53 rows=10 width=559)
	  ->  Index Scan using sbtest8_pkey on sbtest8  (cost=0.43..48.53 rows=10 width=559)
	        Index Cond: (id = ANY ('{212091,1621833,6143082,1749088,6823816,4540840,1272869,5828372,5744439,8767481}'::integer[]))

for update-inlist
table 1 : explain UPDATE sbtest1 set c=7 WHERE id IN ( 4173331, 8452317, 5960835, 3776723, 1283142, 9253720, 7499534, 7804807, 1422476, 8840304)
	Update on sbtest1  (cost=0.43..48.53 rows=10 width=559)
	  ->  Index Scan using sbtest1_pkey on sbtest1  (cost=0.43..48.53 rows=10 width=559)
	        Index Cond: (id = ANY ('{4173331,8452317,5960835,3776723,1283142,9253720,7499534,7804807,1422476,8840304}'::integer[]))

table 2 : explain UPDATE sbtest2 set c=7 WHERE id IN ( 4173331, 8452317, 5960835, 3776723, 1283142, 9253720, 7499534, 7804807, 1422476, 8840304)
	Update on sbtest2  (cost=0.43..48.53 rows=10 width=559)
	  ->  Index Scan using sbtest2_pkey on sbtest2  (cost=0.43..48.53 rows=10 width=559)
	        Index Cond: (id = ANY ('{4173331,8452317,5960835,3776723,1283142,9253720,7499534,7804807,1422476,8840304}'::integer[]))

table 3 : explain UPDATE sbtest3 set c=7 WHERE id IN ( 4173331, 8452317, 5960835, 3776723, 1283142, 9253720, 7499534, 7804807, 1422476, 8840304)
	Update on sbtest3  (cost=0.43..48.53 rows=10 width=559)
	  ->  Index Scan using sbtest3_pkey on sbtest3  (cost=0.43..48.53 rows=10 width=559)
	        Index Cond: (id = ANY ('{4173331,8452317,5960835,3776723,1283142,9253720,7499534,7804807,1422476,8840304}'::integer[]))

table 4 : explain UPDATE sbtest4 set c=7 WHERE id IN ( 4173331, 8452317, 5960835, 3776723, 1283142, 9253720, 7499534, 7804807, 1422476, 8840304)
	Update on sbtest4  (cost=0.43..48.53 rows=10 width=559)
	  ->  Index Scan using sbtest4_pkey on sbtest4  (cost=0.43..48.53 rows=10 width=559)
	        Index Cond: (id = ANY ('{4173331,8452317,5960835,3776723,1283142,9253720,7499534,7804807,1422476,8840304}'::integer[]))

table 5 : explain UPDATE sbtest5 set c=7 WHERE id IN ( 4173331, 8452317, 5960835, 3776723, 1283142, 9253720, 7499534, 7804807, 1422476, 8840304)
	Update on sbtest5  (cost=0.43..48.53 rows=10 width=559)
	  ->  Index Scan using sbtest5_pkey on sbtest5  (cost=0.43..48.53 rows=10 width=559)
	        Index Cond: (id = ANY ('{4173331,8452317,5960835,3776723,1283142,9253720,7499534,7804807,1422476,8840304}'::integer[]))

table 6 : explain UPDATE sbtest6 set c=7 WHERE id IN ( 4173331, 8452317, 5960835, 3776723, 1283142, 9253720, 7499534, 7804807, 1422476, 8840304)
	Update on sbtest6  (cost=0.43..48.53 rows=10 width=559)
	  ->  Index Scan using sbtest6_pkey on sbtest6  (cost=0.43..48.53 rows=10 width=559)
	        Index Cond: (id = ANY ('{4173331,8452317,5960835,3776723,1283142,9253720,7499534,7804807,1422476,8840304}'::integer[]))

table 7 : explain UPDATE sbtest7 set c=7 WHERE id IN ( 4173331, 8452317, 5960835, 3776723, 1283142, 9253720, 7499534, 7804807, 1422476, 8840304)
	Update on sbtest7  (cost=0.43..48.53 rows=10 width=559)
	  ->  Index Scan using sbtest7_pkey on sbtest7  (cost=0.43..48.53 rows=10 width=559)
	        Index Cond: (id = ANY ('{4173331,8452317,5960835,3776723,1283142,9253720,7499534,7804807,1422476,8840304}'::integer[]))

table 8 : explain UPDATE sbtest8 set c=7 WHERE id IN ( 4173331, 8452317, 5960835, 3776723, 1283142, 9253720, 7499534, 7804807, 1422476, 8840304)
	Update on sbtest8  (cost=0.43..48.53 rows=10 width=559)
	  ->  Index Scan using sbtest8_pkey on sbtest8  (cost=0.43..48.53 rows=10 width=559)
	        Index Cond: (id = ANY ('{4173331,8452317,5960835,3776723,1283142,9253720,7499534,7804807,1422476,8840304}'::integer[]))

for update-inlist
table 1 : explain UPDATE sbtest1 set c=7 WHERE id IN ( 9635726, 3684793, 1605359, 1817820, 3999694, 598436, 699645, 4918582, 7822325, 288881)
	Update on sbtest1  (cost=0.43..48.53 rows=10 width=559)
	  ->  Index Scan using sbtest1_pkey on sbtest1  (cost=0.43..48.53 rows=10 width=559)
	        Index Cond: (id = ANY ('{9635726,3684793,1605359,1817820,3999694,598436,699645,4918582,7822325,288881}'::integer[]))

table 2 : explain UPDATE sbtest2 set c=7 WHERE id IN ( 9635726, 3684793, 1605359, 1817820, 3999694, 598436, 699645, 4918582, 7822325, 288881)
	Update on sbtest2  (cost=0.43..48.53 rows=10 width=559)
	  ->  Index Scan using sbtest2_pkey on sbtest2  (cost=0.43..48.53 rows=10 width=559)
	        Index Cond: (id = ANY ('{9635726,3684793,1605359,1817820,3999694,598436,699645,4918582,7822325,288881}'::integer[]))

table 3 : explain UPDATE sbtest3 set c=7 WHERE id IN ( 9635726, 3684793, 1605359, 1817820, 3999694, 598436, 699645, 4918582, 7822325, 288881)
	Update on sbtest3  (cost=0.43..48.53 rows=10 width=559)
	  ->  Index Scan using sbtest3_pkey on sbtest3  (cost=0.43..48.53 rows=10 width=559)
	        Index Cond: (id = ANY ('{9635726,3684793,1605359,1817820,3999694,598436,699645,4918582,7822325,288881}'::integer[]))

table 4 : explain UPDATE sbtest4 set c=7 WHERE id IN ( 9635726, 3684793, 1605359, 1817820, 3999694, 598436, 699645, 4918582, 7822325, 288881)
	Update on sbtest4  (cost=0.43..48.53 rows=10 width=559)
	  ->  Index Scan using sbtest4_pkey on sbtest4  (cost=0.43..48.53 rows=10 width=559)
	        Index Cond: (id = ANY ('{9635726,3684793,1605359,1817820,3999694,598436,699645,4918582,7822325,288881}'::integer[]))

table 5 : explain UPDATE sbtest5 set c=7 WHERE id IN ( 9635726, 3684793, 1605359, 1817820, 3999694, 598436, 699645, 4918582, 7822325, 288881)
	Update on sbtest5  (cost=0.43..48.53 rows=10 width=559)
	  ->  Index Scan using sbtest5_pkey on sbtest5  (cost=0.43..48.53 rows=10 width=559)
	        Index Cond: (id = ANY ('{9635726,3684793,1605359,1817820,3999694,598436,699645,4918582,7822325,288881}'::integer[]))

table 6 : explain UPDATE sbtest6 set c=7 WHERE id IN ( 9635726, 3684793, 1605359, 1817820, 3999694, 598436, 699645, 4918582, 7822325, 288881)
	Update on sbtest6  (cost=0.43..48.53 rows=10 width=559)
	  ->  Index Scan using sbtest6_pkey on sbtest6  (cost=0.43..48.53 rows=10 width=559)
	        Index Cond: (id = ANY ('{9635726,3684793,1605359,1817820,3999694,598436,699645,4918582,7822325,288881}'::integer[]))

table 7 : explain UPDATE sbtest7 set c=7 WHERE id IN ( 9635726, 3684793, 1605359, 1817820, 3999694, 598436, 699645, 4918582, 7822325, 288881)
	Update on sbtest7  (cost=0.43..48.53 rows=10 width=559)
	  ->  Index Scan using sbtest7_pkey on sbtest7  (cost=0.43..48.53 rows=10 width=559)
	        Index Cond: (id = ANY ('{9635726,3684793,1605359,1817820,3999694,598436,699645,4918582,7822325,288881}'::integer[]))

table 8 : explain UPDATE sbtest8 set c=7 WHERE id IN ( 9635726, 3684793, 1605359, 1817820, 3999694, 598436, 699645, 4918582, 7822325, 288881)
	Update on sbtest8  (cost=0.43..48.53 rows=10 width=559)
	  ->  Index Scan using sbtest8_pkey on sbtest8  (cost=0.43..48.53 rows=10 width=559)
	        Index Cond: (id = ANY ('{9635726,3684793,1605359,1817820,3999694,598436,699645,4918582,7822325,288881}'::integer[]))

for update-inlist
table 1 : explain UPDATE sbtest1 set c=7 WHERE id IN ( 5002056, 5749793, 3740780, 1551247, 3012303, 6083491, 5549627, 7151414, 1894152, 3062414)
	Update on sbtest1  (cost=0.43..48.53 rows=10 width=559)
	  ->  Index Scan using sbtest1_pkey on sbtest1  (cost=0.43..48.53 rows=10 width=559)
	        Index Cond: (id = ANY ('{5002056,5749793,3740780,1551247,3012303,6083491,5549627,7151414,1894152,3062414}'::integer[]))

table 2 : explain UPDATE sbtest2 set c=7 WHERE id IN ( 5002056, 5749793, 3740780, 1551247, 3012303, 6083491, 5549627, 7151414, 1894152, 3062414)
	Update on sbtest2  (cost=0.43..48.53 rows=10 width=559)
	  ->  Index Scan using sbtest2_pkey on sbtest2  (cost=0.43..48.53 rows=10 width=559)
	        Index Cond: (id = ANY ('{5002056,5749793,3740780,1551247,3012303,6083491,5549627,7151414,1894152,3062414}'::integer[]))

table 3 : explain UPDATE sbtest3 set c=7 WHERE id IN ( 5002056, 5749793, 3740780, 1551247, 3012303, 6083491, 5549627, 7151414, 1894152, 3062414)
	Update on sbtest3  (cost=0.43..48.53 rows=10 width=559)
	  ->  Index Scan using sbtest3_pkey on sbtest3  (cost=0.43..48.53 rows=10 width=559)
	        Index Cond: (id = ANY ('{5002056,5749793,3740780,1551247,3012303,6083491,5549627,7151414,1894152,3062414}'::integer[]))

table 4 : explain UPDATE sbtest4 set c=7 WHERE id IN ( 5002056, 5749793, 3740780, 1551247, 3012303, 6083491, 5549627, 7151414, 1894152, 3062414)
	Update on sbtest4  (cost=0.43..48.53 rows=10 width=559)
	  ->  Index Scan using sbtest4_pkey on sbtest4  (cost=0.43..48.53 rows=10 width=559)
	        Index Cond: (id = ANY ('{5002056,5749793,3740780,1551247,3012303,6083491,5549627,7151414,1894152,3062414}'::integer[]))

table 5 : explain UPDATE sbtest5 set c=7 WHERE id IN ( 5002056, 5749793, 3740780, 1551247, 3012303, 6083491, 5549627, 7151414, 1894152, 3062414)
	Update on sbtest5  (cost=0.43..48.53 rows=10 width=559)
	  ->  Index Scan using sbtest5_pkey on sbtest5  (cost=0.43..48.53 rows=10 width=559)
	        Index Cond: (id = ANY ('{5002056,5749793,3740780,1551247,3012303,6083491,5549627,7151414,1894152,3062414}'::integer[]))

table 6 : explain UPDATE sbtest6 set c=7 WHERE id IN ( 5002056, 5749793, 3740780, 1551247, 3012303, 6083491, 5549627, 7151414, 1894152, 3062414)
	Update on sbtest6  (cost=0.43..48.53 rows=10 width=559)
	  ->  Index Scan using sbtest6_pkey on sbtest6  (cost=0.43..48.53 rows=10 width=559)
	        Index Cond: (id = ANY ('{5002056,5749793,3740780,1551247,3012303,6083491,5549627,7151414,1894152,3062414}'::integer[]))

table 7 : explain UPDATE sbtest7 set c=7 WHERE id IN ( 5002056, 5749793, 3740780, 1551247, 3012303, 6083491, 5549627, 7151414, 1894152, 3062414)
	Update on sbtest7  (cost=0.43..48.53 rows=10 width=559)
	  ->  Index Scan using sbtest7_pkey on sbtest7  (cost=0.43..48.53 rows=10 width=559)
	        Index Cond: (id = ANY ('{5002056,5749793,3740780,1551247,3012303,6083491,5549627,7151414,1894152,3062414}'::integer[]))

table 8 : explain UPDATE sbtest8 set c=7 WHERE id IN ( 5002056, 5749793, 3740780, 1551247, 3012303, 6083491, 5549627, 7151414, 1894152, 3062414)
	Update on sbtest8  (cost=0.43..48.53 rows=10 width=559)
	  ->  Index Scan using sbtest8_pkey on sbtest8  (cost=0.43..48.53 rows=10 width=559)
	        Index Cond: (id = ANY ('{5002056,5749793,3740780,1551247,3012303,6083491,5549627,7151414,1894152,3062414}'::integer[]))

for update-inlist
table 1 : explain UPDATE sbtest1 set c=7 WHERE id IN ( 9802330, 7569870, 9962944, 8426528, 9976420, 9287155, 5398694, 9473911, 4492033, 9934093)
	Update on sbtest1  (cost=0.43..48.53 rows=10 width=559)
	  ->  Index Scan using sbtest1_pkey on sbtest1  (cost=0.43..48.53 rows=10 width=559)
	        Index Cond: (id = ANY ('{9802330,7569870,9962944,8426528,9976420,9287155,5398694,9473911,4492033,9934093}'::integer[]))

table 2 : explain UPDATE sbtest2 set c=7 WHERE id IN ( 9802330, 7569870, 9962944, 8426528, 9976420, 9287155, 5398694, 9473911, 4492033, 9934093)
	Update on sbtest2  (cost=0.43..48.53 rows=10 width=559)
	  ->  Index Scan using sbtest2_pkey on sbtest2  (cost=0.43..48.53 rows=10 width=559)
	        Index Cond: (id = ANY ('{9802330,7569870,9962944,8426528,9976420,9287155,5398694,9473911,4492033,9934093}'::integer[]))

table 3 : explain UPDATE sbtest3 set c=7 WHERE id IN ( 9802330, 7569870, 9962944, 8426528, 9976420, 9287155, 5398694, 9473911, 4492033, 9934093)
	Update on sbtest3  (cost=0.43..48.53 rows=10 width=559)
	  ->  Index Scan using sbtest3_pkey on sbtest3  (cost=0.43..48.53 rows=10 width=559)
	        Index Cond: (id = ANY ('{9802330,7569870,9962944,8426528,9976420,9287155,5398694,9473911,4492033,9934093}'::integer[]))

table 4 : explain UPDATE sbtest4 set c=7 WHERE id IN ( 9802330, 7569870, 9962944, 8426528, 9976420, 9287155, 5398694, 9473911, 4492033, 9934093)
	Update on sbtest4  (cost=0.43..48.53 rows=10 width=559)
	  ->  Index Scan using sbtest4_pkey on sbtest4  (cost=0.43..48.53 rows=10 width=559)
	        Index Cond: (id = ANY ('{9802330,7569870,9962944,8426528,9976420,9287155,5398694,9473911,4492033,9934093}'::integer[]))

table 5 : explain UPDATE sbtest5 set c=7 WHERE id IN ( 9802330, 7569870, 9962944, 8426528, 9976420, 9287155, 5398694, 9473911, 4492033, 9934093)
	Update on sbtest5  (cost=0.43..48.53 rows=10 width=559)
	  ->  Index Scan using sbtest5_pkey on sbtest5  (cost=0.43..48.53 rows=10 width=559)
	        Index Cond: (id = ANY ('{9802330,7569870,9962944,8426528,9976420,9287155,5398694,9473911,4492033,9934093}'::integer[]))

table 6 : explain UPDATE sbtest6 set c=7 WHERE id IN ( 9802330, 7569870, 9962944, 8426528, 9976420, 9287155, 5398694, 9473911, 4492033, 9934093)
	Update on sbtest6  (cost=0.43..48.53 rows=10 width=559)
	  ->  Index Scan using sbtest6_pkey on sbtest6  (cost=0.43..48.53 rows=10 width=559)
	        Index Cond: (id = ANY ('{9802330,7569870,9962944,8426528,9976420,9287155,5398694,9473911,4492033,9934093}'::integer[]))

table 7 : explain UPDATE sbtest7 set c=7 WHERE id IN ( 9802330, 7569870, 9962944, 8426528, 9976420, 9287155, 5398694, 9473911, 4492033, 9934093)
	Update on sbtest7  (cost=0.43..48.53 rows=10 width=559)
	  ->  Index Scan using sbtest7_pkey on sbtest7  (cost=0.43..48.53 rows=10 width=559)
	        Index Cond: (id = ANY ('{9802330,7569870,9962944,8426528,9976420,9287155,5398694,9473911,4492033,9934093}'::integer[]))

table 8 : explain UPDATE sbtest8 set c=7 WHERE id IN ( 9802330, 7569870, 9962944, 8426528, 9976420, 9287155, 5398694, 9473911, 4492033, 9934093)
	Update on sbtest8  (cost=0.43..48.53 rows=10 width=559)
	  ->  Index Scan using sbtest8_pkey on sbtest8  (cost=0.43..48.53 rows=10 width=559)
	        Index Cond: (id = ANY ('{9802330,7569870,9962944,8426528,9976420,9287155,5398694,9473911,4492033,9934093}'::integer[]))

for update-inlist
table 1 : explain UPDATE sbtest1 set c=7 WHERE id IN ( 5426597, 9785683, 4783814, 574928, 7518477, 5694358, 2549856, 9941771, 6210061, 6262897)
	Update on sbtest1  (cost=0.43..48.53 rows=10 width=559)
	  ->  Index Scan using sbtest1_pkey on sbtest1  (cost=0.43..48.53 rows=10 width=559)
	        Index Cond: (id = ANY ('{5426597,9785683,4783814,574928,7518477,5694358,2549856,9941771,6210061,6262897}'::integer[]))

table 2 : explain UPDATE sbtest2 set c=7 WHERE id IN ( 5426597, 9785683, 4783814, 574928, 7518477, 5694358, 2549856, 9941771, 6210061, 6262897)
	Update on sbtest2  (cost=0.43..48.53 rows=10 width=559)
	  ->  Index Scan using sbtest2_pkey on sbtest2  (cost=0.43..48.53 rows=10 width=559)
	        Index Cond: (id = ANY ('{5426597,9785683,4783814,574928,7518477,5694358,2549856,9941771,6210061,6262897}'::integer[]))

table 3 : explain UPDATE sbtest3 set c=7 WHERE id IN ( 5426597, 9785683, 4783814, 574928, 7518477, 5694358, 2549856, 9941771, 6210061, 6262897)
	Update on sbtest3  (cost=0.43..48.53 rows=10 width=559)
	  ->  Index Scan using sbtest3_pkey on sbtest3  (cost=0.43..48.53 rows=10 width=559)
	        Index Cond: (id = ANY ('{5426597,9785683,4783814,574928,7518477,5694358,2549856,9941771,6210061,6262897}'::integer[]))

table 4 : explain UPDATE sbtest4 set c=7 WHERE id IN ( 5426597, 9785683, 4783814, 574928, 7518477, 5694358, 2549856, 9941771, 6210061, 6262897)
	Update on sbtest4  (cost=0.43..48.53 rows=10 width=559)
	  ->  Index Scan using sbtest4_pkey on sbtest4  (cost=0.43..48.53 rows=10 width=559)
	        Index Cond: (id = ANY ('{5426597,9785683,4783814,574928,7518477,5694358,2549856,9941771,6210061,6262897}'::integer[]))

table 5 : explain UPDATE sbtest5 set c=7 WHERE id IN ( 5426597, 9785683, 4783814, 574928, 7518477, 5694358, 2549856, 9941771, 6210061, 6262897)
	Update on sbtest5  (cost=0.43..48.53 rows=10 width=559)
	  ->  Index Scan using sbtest5_pkey on sbtest5  (cost=0.43..48.53 rows=10 width=559)
	        Index Cond: (id = ANY ('{5426597,9785683,4783814,574928,7518477,5694358,2549856,9941771,6210061,6262897}'::integer[]))

table 6 : explain UPDATE sbtest6 set c=7 WHERE id IN ( 5426597, 9785683, 4783814, 574928, 7518477, 5694358, 2549856, 9941771, 6210061, 6262897)
	Update on sbtest6  (cost=0.43..48.53 rows=10 width=559)
	  ->  Index Scan using sbtest6_pkey on sbtest6  (cost=0.43..48.53 rows=10 width=559)
	        Index Cond: (id = ANY ('{5426597,9785683,4783814,574928,7518477,5694358,2549856,9941771,6210061,6262897}'::integer[]))

table 7 : explain UPDATE sbtest7 set c=7 WHERE id IN ( 5426597, 9785683, 4783814, 574928, 7518477, 5694358, 2549856, 9941771, 6210061, 6262897)
	Update on sbtest7  (cost=0.43..48.53 rows=10 width=559)
	  ->  Index Scan using sbtest7_pkey on sbtest7  (cost=0.43..48.53 rows=10 width=559)
	        Index Cond: (id = ANY ('{5426597,9785683,4783814,574928,7518477,5694358,2549856,9941771,6210061,6262897}'::integer[]))

table 8 : explain UPDATE sbtest8 set c=7 WHERE id IN ( 5426597, 9785683, 4783814, 574928, 7518477, 5694358, 2549856, 9941771, 6210061, 6262897)
	Update on sbtest8  (cost=0.43..48.53 rows=10 width=559)
	  ->  Index Scan using sbtest8_pkey on sbtest8  (cost=0.43..48.53 rows=10 width=559)
	        Index Cond: (id = ANY ('{5426597,9785683,4783814,574928,7518477,5694358,2549856,9941771,6210061,6262897}'::integer[]))

for update-inlist
table 1 : explain UPDATE sbtest1 set c=7 WHERE id IN ( 3121034, 1874279, 4460718, 3117415, 3037776, 3115206, 6635183, 8773996, 1102888, 6215952)
	Update on sbtest1  (cost=0.43..48.53 rows=10 width=559)
	  ->  Index Scan using sbtest1_pkey on sbtest1  (cost=0.43..48.53 rows=10 width=559)
	        Index Cond: (id = ANY ('{3121034,1874279,4460718,3117415,3037776,3115206,6635183,8773996,1102888,6215952}'::integer[]))

table 2 : explain UPDATE sbtest2 set c=7 WHERE id IN ( 3121034, 1874279, 4460718, 3117415, 3037776, 3115206, 6635183, 8773996, 1102888, 6215952)
	Update on sbtest2  (cost=0.43..48.53 rows=10 width=559)
	  ->  Index Scan using sbtest2_pkey on sbtest2  (cost=0.43..48.53 rows=10 width=559)
	        Index Cond: (id = ANY ('{3121034,1874279,4460718,3117415,3037776,3115206,6635183,8773996,1102888,6215952}'::integer[]))

table 3 : explain UPDATE sbtest3 set c=7 WHERE id IN ( 3121034, 1874279, 4460718, 3117415, 3037776, 3115206, 6635183, 8773996, 1102888, 6215952)
	Update on sbtest3  (cost=0.43..48.53 rows=10 width=559)
	  ->  Index Scan using sbtest3_pkey on sbtest3  (cost=0.43..48.53 rows=10 width=559)
	        Index Cond: (id = ANY ('{3121034,1874279,4460718,3117415,3037776,3115206,6635183,8773996,1102888,6215952}'::integer[]))

table 4 : explain UPDATE sbtest4 set c=7 WHERE id IN ( 3121034, 1874279, 4460718, 3117415, 3037776, 3115206, 6635183, 8773996, 1102888, 6215952)
	Update on sbtest4  (cost=0.43..48.53 rows=10 width=559)
	  ->  Index Scan using sbtest4_pkey on sbtest4  (cost=0.43..48.53 rows=10 width=559)
	        Index Cond: (id = ANY ('{3121034,1874279,4460718,3117415,3037776,3115206,6635183,8773996,1102888,6215952}'::integer[]))

table 5 : explain UPDATE sbtest5 set c=7 WHERE id IN ( 3121034, 1874279, 4460718, 3117415, 3037776, 3115206, 6635183, 8773996, 1102888, 6215952)
	Update on sbtest5  (cost=0.43..48.53 rows=10 width=559)
	  ->  Index Scan using sbtest5_pkey on sbtest5  (cost=0.43..48.53 rows=10 width=559)
	        Index Cond: (id = ANY ('{3121034,1874279,4460718,3117415,3037776,3115206,6635183,8773996,1102888,6215952}'::integer[]))

table 6 : explain UPDATE sbtest6 set c=7 WHERE id IN ( 3121034, 1874279, 4460718, 3117415, 3037776, 3115206, 6635183, 8773996, 1102888, 6215952)
	Update on sbtest6  (cost=0.43..48.53 rows=10 width=559)
	  ->  Index Scan using sbtest6_pkey on sbtest6  (cost=0.43..48.53 rows=10 width=559)
	        Index Cond: (id = ANY ('{3121034,1874279,4460718,3117415,3037776,3115206,6635183,8773996,1102888,6215952}'::integer[]))

table 7 : explain UPDATE sbtest7 set c=7 WHERE id IN ( 3121034, 1874279, 4460718, 3117415, 3037776, 3115206, 6635183, 8773996, 1102888, 6215952)
	Update on sbtest7  (cost=0.43..48.53 rows=10 width=559)
	  ->  Index Scan using sbtest7_pkey on sbtest7  (cost=0.43..48.53 rows=10 width=559)
	        Index Cond: (id = ANY ('{3121034,1874279,4460718,3117415,3037776,3115206,6635183,8773996,1102888,6215952}'::integer[]))

table 8 : explain UPDATE sbtest8 set c=7 WHERE id IN ( 3121034, 1874279, 4460718, 3117415, 3037776, 3115206, 6635183, 8773996, 1102888, 6215952)
	Update on sbtest8  (cost=0.43..48.53 rows=10 width=559)
	  ->  Index Scan using sbtest8_pkey on sbtest8  (cost=0.43..48.53 rows=10 width=559)
	        Index Cond: (id = ANY ('{3121034,1874279,4460718,3117415,3037776,3115206,6635183,8773996,1102888,6215952}'::integer[]))

for update-inlist
table 1 : explain UPDATE sbtest1 set c=7 WHERE id IN ( 7624218, 6062349, 2156772, 1509906, 1365772, 7060638, 4492678, 1375372, 7356038, 9258102)
	Update on sbtest1  (cost=0.43..48.53 rows=10 width=559)
	  ->  Index Scan using sbtest1_pkey on sbtest1  (cost=0.43..48.53 rows=10 width=559)
	        Index Cond: (id = ANY ('{7624218,6062349,2156772,1509906,1365772,7060638,4492678,1375372,7356038,9258102}'::integer[]))

table 2 : explain UPDATE sbtest2 set c=7 WHERE id IN ( 7624218, 6062349, 2156772, 1509906, 1365772, 7060638, 4492678, 1375372, 7356038, 9258102)
	Update on sbtest2  (cost=0.43..48.53 rows=10 width=559)
	  ->  Index Scan using sbtest2_pkey on sbtest2  (cost=0.43..48.53 rows=10 width=559)
	        Index Cond: (id = ANY ('{7624218,6062349,2156772,1509906,1365772,7060638,4492678,1375372,7356038,9258102}'::integer[]))

table 3 : explain UPDATE sbtest3 set c=7 WHERE id IN ( 7624218, 6062349, 2156772, 1509906, 1365772, 7060638, 4492678, 1375372, 7356038, 9258102)
	Update on sbtest3  (cost=0.43..48.53 rows=10 width=559)
	  ->  Index Scan using sbtest3_pkey on sbtest3  (cost=0.43..48.53 rows=10 width=559)
	        Index Cond: (id = ANY ('{7624218,6062349,2156772,1509906,1365772,7060638,4492678,1375372,7356038,9258102}'::integer[]))

table 4 : explain UPDATE sbtest4 set c=7 WHERE id IN ( 7624218, 6062349, 2156772, 1509906, 1365772, 7060638, 4492678, 1375372, 7356038, 9258102)
	Update on sbtest4  (cost=0.43..48.53 rows=10 width=559)
	  ->  Index Scan using sbtest4_pkey on sbtest4  (cost=0.43..48.53 rows=10 width=559)
	        Index Cond: (id = ANY ('{7624218,6062349,2156772,1509906,1365772,7060638,4492678,1375372,7356038,9258102}'::integer[]))

table 5 : explain UPDATE sbtest5 set c=7 WHERE id IN ( 7624218, 6062349, 2156772, 1509906, 1365772, 7060638, 4492678, 1375372, 7356038, 9258102)
	Update on sbtest5  (cost=0.43..48.53 rows=10 width=559)
	  ->  Index Scan using sbtest5_pkey on sbtest5  (cost=0.43..48.53 rows=10 width=559)
	        Index Cond: (id = ANY ('{7624218,6062349,2156772,1509906,1365772,7060638,4492678,1375372,7356038,9258102}'::integer[]))

table 6 : explain UPDATE sbtest6 set c=7 WHERE id IN ( 7624218, 6062349, 2156772, 1509906, 1365772, 7060638, 4492678, 1375372, 7356038, 9258102)
	Update on sbtest6  (cost=0.43..48.53 rows=10 width=559)
	  ->  Index Scan using sbtest6_pkey on sbtest6  (cost=0.43..48.53 rows=10 width=559)
	        Index Cond: (id = ANY ('{7624218,6062349,2156772,1509906,1365772,7060638,4492678,1375372,7356038,9258102}'::integer[]))

table 7 : explain UPDATE sbtest7 set c=7 WHERE id IN ( 7624218, 6062349, 2156772, 1509906, 1365772, 7060638, 4492678, 1375372, 7356038, 9258102)
	Update on sbtest7  (cost=0.43..48.53 rows=10 width=559)
	  ->  Index Scan using sbtest7_pkey on sbtest7  (cost=0.43..48.53 rows=10 width=559)
	        Index Cond: (id = ANY ('{7624218,6062349,2156772,1509906,1365772,7060638,4492678,1375372,7356038,9258102}'::integer[]))

table 8 : explain UPDATE sbtest8 set c=7 WHERE id IN ( 7624218, 6062349, 2156772, 1509906, 1365772, 7060638, 4492678, 1375372, 7356038, 9258102)
	Update on sbtest8  (cost=0.43..48.53 rows=10 width=559)
	  ->  Index Scan using sbtest8_pkey on sbtest8  (cost=0.43..48.53 rows=10 width=559)
	        Index Cond: (id = ANY ('{7624218,6062349,2156772,1509906,1365772,7060638,4492678,1375372,7356038,9258102}'::integer[]))

for update-inlist
table 1 : explain UPDATE sbtest1 set c=7 WHERE id IN ( 9328962, 7015951, 3903647, 2766496, 7348185, 435491, 8371866, 4990756, 2124989, 3170476)
	Update on sbtest1  (cost=0.43..48.53 rows=10 width=559)
	  ->  Index Scan using sbtest1_pkey on sbtest1  (cost=0.43..48.53 rows=10 width=559)
	        Index Cond: (id = ANY ('{9328962,7015951,3903647,2766496,7348185,435491,8371866,4990756,2124989,3170476}'::integer[]))

table 2 : explain UPDATE sbtest2 set c=7 WHERE id IN ( 9328962, 7015951, 3903647, 2766496, 7348185, 435491, 8371866, 4990756, 2124989, 3170476)
	Update on sbtest2  (cost=0.43..48.53 rows=10 width=559)
	  ->  Index Scan using sbtest2_pkey on sbtest2  (cost=0.43..48.53 rows=10 width=559)
	        Index Cond: (id = ANY ('{9328962,7015951,3903647,2766496,7348185,435491,8371866,4990756,2124989,3170476}'::integer[]))

table 3 : explain UPDATE sbtest3 set c=7 WHERE id IN ( 9328962, 7015951, 3903647, 2766496, 7348185, 435491, 8371866, 4990756, 2124989, 3170476)
	Update on sbtest3  (cost=0.43..48.53 rows=10 width=559)
	  ->  Index Scan using sbtest3_pkey on sbtest3  (cost=0.43..48.53 rows=10 width=559)
	        Index Cond: (id = ANY ('{9328962,7015951,3903647,2766496,7348185,435491,8371866,4990756,2124989,3170476}'::integer[]))

table 4 : explain UPDATE sbtest4 set c=7 WHERE id IN ( 9328962, 7015951, 3903647, 2766496, 7348185, 435491, 8371866, 4990756, 2124989, 3170476)
	Update on sbtest4  (cost=0.43..48.53 rows=10 width=559)
	  ->  Index Scan using sbtest4_pkey on sbtest4  (cost=0.43..48.53 rows=10 width=559)
	        Index Cond: (id = ANY ('{9328962,7015951,3903647,2766496,7348185,435491,8371866,4990756,2124989,3170476}'::integer[]))

table 5 : explain UPDATE sbtest5 set c=7 WHERE id IN ( 9328962, 7015951, 3903647, 2766496, 7348185, 435491, 8371866, 4990756, 2124989, 3170476)
	Update on sbtest5  (cost=0.43..48.53 rows=10 width=559)
	  ->  Index Scan using sbtest5_pkey on sbtest5  (cost=0.43..48.53 rows=10 width=559)
	        Index Cond: (id = ANY ('{9328962,7015951,3903647,2766496,7348185,435491,8371866,4990756,2124989,3170476}'::integer[]))

table 6 : explain UPDATE sbtest6 set c=7 WHERE id IN ( 9328962, 7015951, 3903647, 2766496, 7348185, 435491, 8371866, 4990756, 2124989, 3170476)
	Update on sbtest6  (cost=0.43..48.53 rows=10 width=559)
	  ->  Index Scan using sbtest6_pkey on sbtest6  (cost=0.43..48.53 rows=10 width=559)
	        Index Cond: (id = ANY ('{9328962,7015951,3903647,2766496,7348185,435491,8371866,4990756,2124989,3170476}'::integer[]))

table 7 : explain UPDATE sbtest7 set c=7 WHERE id IN ( 9328962, 7015951, 3903647, 2766496, 7348185, 435491, 8371866, 4990756, 2124989, 3170476)
	Update on sbtest7  (cost=0.43..48.53 rows=10 width=559)
	  ->  Index Scan using sbtest7_pkey on sbtest7  (cost=0.43..48.53 rows=10 width=559)
	        Index Cond: (id = ANY ('{9328962,7015951,3903647,2766496,7348185,435491,8371866,4990756,2124989,3170476}'::integer[]))

table 8 : explain UPDATE sbtest8 set c=7 WHERE id IN ( 9328962, 7015951, 3903647, 2766496, 7348185, 435491, 8371866, 4990756, 2124989, 3170476)
	Update on sbtest8  (cost=0.43..48.53 rows=10 width=559)
	  ->  Index Scan using sbtest8_pkey on sbtest8  (cost=0.43..48.53 rows=10 width=559)
	        Index Cond: (id = ANY ('{9328962,7015951,3903647,2766496,7348185,435491,8371866,4990756,2124989,3170476}'::integer[]))

for update-inlist
table 1 : explain UPDATE sbtest1 set c=7 WHERE id IN ( 9190210, 4104936, 5344314, 8196914, 2059800, 1321956, 4974812, 6796453, 7808307, 5911767)
	Update on sbtest1  (cost=0.43..48.53 rows=10 width=559)
	  ->  Index Scan using sbtest1_pkey on sbtest1  (cost=0.43..48.53 rows=10 width=559)
	        Index Cond: (id = ANY ('{9190210,4104936,5344314,8196914,2059800,1321956,4974812,6796453,7808307,5911767}'::integer[]))

table 2 : explain UPDATE sbtest2 set c=7 WHERE id IN ( 9190210, 4104936, 5344314, 8196914, 2059800, 1321956, 4974812, 6796453, 7808307, 5911767)
	Update on sbtest2  (cost=0.43..48.53 rows=10 width=559)
	  ->  Index Scan using sbtest2_pkey on sbtest2  (cost=0.43..48.53 rows=10 width=559)
	        Index Cond: (id = ANY ('{9190210,4104936,5344314,8196914,2059800,1321956,4974812,6796453,7808307,5911767}'::integer[]))

table 3 : explain UPDATE sbtest3 set c=7 WHERE id IN ( 9190210, 4104936, 5344314, 8196914, 2059800, 1321956, 4974812, 6796453, 7808307, 5911767)
	Update on sbtest3  (cost=0.43..48.53 rows=10 width=559)
	  ->  Index Scan using sbtest3_pkey on sbtest3  (cost=0.43..48.53 rows=10 width=559)
	        Index Cond: (id = ANY ('{9190210,4104936,5344314,8196914,2059800,1321956,4974812,6796453,7808307,5911767}'::integer[]))

table 4 : explain UPDATE sbtest4 set c=7 WHERE id IN ( 9190210, 4104936, 5344314, 8196914, 2059800, 1321956, 4974812, 6796453, 7808307, 5911767)
	Update on sbtest4  (cost=0.43..48.53 rows=10 width=559)
	  ->  Index Scan using sbtest4_pkey on sbtest4  (cost=0.43..48.53 rows=10 width=559)
	        Index Cond: (id = ANY ('{9190210,4104936,5344314,8196914,2059800,1321956,4974812,6796453,7808307,5911767}'::integer[]))

table 5 : explain UPDATE sbtest5 set c=7 WHERE id IN ( 9190210, 4104936, 5344314, 8196914, 2059800, 1321956, 4974812, 6796453, 7808307, 5911767)
	Update on sbtest5  (cost=0.43..48.53 rows=10 width=559)
	  ->  Index Scan using sbtest5_pkey on sbtest5  (cost=0.43..48.53 rows=10 width=559)
	        Index Cond: (id = ANY ('{9190210,4104936,5344314,8196914,2059800,1321956,4974812,6796453,7808307,5911767}'::integer[]))

table 6 : explain UPDATE sbtest6 set c=7 WHERE id IN ( 9190210, 4104936, 5344314, 8196914, 2059800, 1321956, 4974812, 6796453, 7808307, 5911767)
	Update on sbtest6  (cost=0.43..48.53 rows=10 width=559)
	  ->  Index Scan using sbtest6_pkey on sbtest6  (cost=0.43..48.53 rows=10 width=559)
	        Index Cond: (id = ANY ('{9190210,4104936,5344314,8196914,2059800,1321956,4974812,6796453,7808307,5911767}'::integer[]))

table 7 : explain UPDATE sbtest7 set c=7 WHERE id IN ( 9190210, 4104936, 5344314, 8196914, 2059800, 1321956, 4974812, 6796453, 7808307, 5911767)
	Update on sbtest7  (cost=0.43..48.53 rows=10 width=559)
	  ->  Index Scan using sbtest7_pkey on sbtest7  (cost=0.43..48.53 rows=10 width=559)
	        Index Cond: (id = ANY ('{9190210,4104936,5344314,8196914,2059800,1321956,4974812,6796453,7808307,5911767}'::integer[]))

table 8 : explain UPDATE sbtest8 set c=7 WHERE id IN ( 9190210, 4104936, 5344314, 8196914, 2059800, 1321956, 4974812, 6796453, 7808307, 5911767)
	Update on sbtest8  (cost=0.43..48.53 rows=10 width=559)
	  ->  Index Scan using sbtest8_pkey on sbtest8  (cost=0.43..48.53 rows=10 width=559)
	        Index Cond: (id = ANY ('{9190210,4104936,5344314,8196914,2059800,1321956,4974812,6796453,7808307,5911767}'::integer[]))

explain: for update-inlist :: explain UPDATE sbtest%d set c=7 WHERE id IN ( 1464342, 3415583, 2358526, 3302928, 7628821, 6591906, 6312785, 5963557, 4866083, 680910)
explain: for update-inlist :: explain UPDATE sbtest%d set c=7 WHERE id IN ( 2522205, 3236863, 8552817, 9761116, 9321529, 5938572, 3112013, 9871931, 6054565, 5588078)
explain: for update-inlist :: explain UPDATE sbtest%d set c=7 WHERE id IN ( 5189522, 5251249, 9316816, 7283946, 9743157, 8353503, 7018383, 5079905, 5978899, 8400771)
for update-inlist
table 1 : explain UPDATE sbtest1 set c=7 WHERE id IN ( 1464342, 3415583, 2358526, 3302928, 7628821, 6591906, 6312785, 5963557, 4866083, 680910)
	Update on sbtest1  (cost=0.43..48.53 rows=10 width=559)
	  ->  Index Scan using sbtest1_pkey on sbtest1  (cost=0.43..48.53 rows=10 width=559)
	        Index Cond: (id = ANY ('{1464342,3415583,2358526,3302928,7628821,6591906,6312785,5963557,4866083,680910}'::integer[]))

table 2 : explain UPDATE sbtest2 set c=7 WHERE id IN ( 1464342, 3415583, 2358526, 3302928, 7628821, 6591906, 6312785, 5963557, 4866083, 680910)
	Update on sbtest2  (cost=0.43..48.53 rows=10 width=559)
	  ->  Index Scan using sbtest2_pkey on sbtest2  (cost=0.43..48.53 rows=10 width=559)
	        Index Cond: (id = ANY ('{1464342,3415583,2358526,3302928,7628821,6591906,6312785,5963557,4866083,680910}'::integer[]))

table 3 : explain UPDATE sbtest3 set c=7 WHERE id IN ( 1464342, 3415583, 2358526, 3302928, 7628821, 6591906, 6312785, 5963557, 4866083, 680910)
	Update on sbtest3  (cost=0.43..48.53 rows=10 width=559)
	  ->  Index Scan using sbtest3_pkey on sbtest3  (cost=0.43..48.53 rows=10 width=559)
	        Index Cond: (id = ANY ('{1464342,3415583,2358526,3302928,7628821,6591906,6312785,5963557,4866083,680910}'::integer[]))

table 4 : explain UPDATE sbtest4 set c=7 WHERE id IN ( 1464342, 3415583, 2358526, 3302928, 7628821, 6591906, 6312785, 5963557, 4866083, 680910)
	Update on sbtest4  (cost=0.43..48.53 rows=10 width=559)
	  ->  Index Scan using sbtest4_pkey on sbtest4  (cost=0.43..48.53 rows=10 width=559)
	        Index Cond: (id = ANY ('{1464342,3415583,2358526,3302928,7628821,6591906,6312785,5963557,4866083,680910}'::integer[]))

table 5 : explain UPDATE sbtest5 set c=7 WHERE id IN ( 1464342, 3415583, 2358526, 3302928, 7628821, 6591906, 6312785, 5963557, 4866083, 680910)
	Update on sbtest5  (cost=0.43..48.53 rows=10 width=559)
	  ->  Index Scan using sbtest5_pkey on sbtest5  (cost=0.43..48.53 rows=10 width=559)
	        Index Cond: (id = ANY ('{1464342,3415583,2358526,3302928,7628821,6591906,6312785,5963557,4866083,680910}'::integer[]))

table 6 : explain UPDATE sbtest6 set c=7 WHERE id IN ( 1464342, 3415583, 2358526, 3302928, 7628821, 6591906, 6312785, 5963557, 4866083, 680910)
	Update on sbtest6  (cost=0.43..48.53 rows=10 width=559)
	  ->  Index Scan using sbtest6_pkey on sbtest6  (cost=0.43..48.53 rows=10 width=559)
	        Index Cond: (id = ANY ('{1464342,3415583,2358526,3302928,7628821,6591906,6312785,5963557,4866083,680910}'::integer[]))

table 7 : explain UPDATE sbtest7 set c=7 WHERE id IN ( 1464342, 3415583, 2358526, 3302928, 7628821, 6591906, 6312785, 5963557, 4866083, 680910)
	Update on sbtest7  (cost=0.43..48.53 rows=10 width=559)
	  ->  Index Scan using sbtest7_pkey on sbtest7  (cost=0.43..48.53 rows=10 width=559)
	        Index Cond: (id = ANY ('{1464342,3415583,2358526,3302928,7628821,6591906,6312785,5963557,4866083,680910}'::integer[]))

table 8 : explain UPDATE sbtest8 set c=7 WHERE id IN ( 1464342, 3415583, 2358526, 3302928, 7628821, 6591906, 6312785, 5963557, 4866083, 680910)
	Update on sbtest8  (cost=0.43..48.53 rows=10 width=559)
	  ->  Index Scan using sbtest8_pkey on sbtest8  (cost=0.43..48.53 rows=10 width=559)
	        Index Cond: (id = ANY ('{1464342,3415583,2358526,3302928,7628821,6591906,6312785,5963557,4866083,680910}'::integer[]))

for update-inlist
table 1 : explain UPDATE sbtest1 set c=7 WHERE id IN ( 2522205, 3236863, 8552817, 9761116, 9321529, 5938572, 3112013, 9871931, 6054565, 5588078)
	Update on sbtest1  (cost=0.43..48.53 rows=10 width=559)
	  ->  Index Scan using sbtest1_pkey on sbtest1  (cost=0.43..48.53 rows=10 width=559)
	        Index Cond: (id = ANY ('{2522205,3236863,8552817,9761116,9321529,5938572,3112013,9871931,6054565,5588078}'::integer[]))

table 2 : explain UPDATE sbtest2 set c=7 WHERE id IN ( 2522205, 3236863, 8552817, 9761116, 9321529, 5938572, 3112013, 9871931, 6054565, 5588078)
	Update on sbtest2  (cost=0.43..48.53 rows=10 width=559)
	  ->  Index Scan using sbtest2_pkey on sbtest2  (cost=0.43..48.53 rows=10 width=559)
	        Index Cond: (id = ANY ('{2522205,3236863,8552817,9761116,9321529,5938572,3112013,9871931,6054565,5588078}'::integer[]))

table 3 : explain UPDATE sbtest3 set c=7 WHERE id IN ( 2522205, 3236863, 8552817, 9761116, 9321529, 5938572, 3112013, 9871931, 6054565, 5588078)
	Update on sbtest3  (cost=0.43..48.53 rows=10 width=559)
	  ->  Index Scan using sbtest3_pkey on sbtest3  (cost=0.43..48.53 rows=10 width=559)
	        Index Cond: (id = ANY ('{2522205,3236863,8552817,9761116,9321529,5938572,3112013,9871931,6054565,5588078}'::integer[]))

table 4 : explain UPDATE sbtest4 set c=7 WHERE id IN ( 2522205, 3236863, 8552817, 9761116, 9321529, 5938572, 3112013, 9871931, 6054565, 5588078)
	Update on sbtest4  (cost=0.43..48.53 rows=10 width=559)
	  ->  Index Scan using sbtest4_pkey on sbtest4  (cost=0.43..48.53 rows=10 width=559)
	        Index Cond: (id = ANY ('{2522205,3236863,8552817,9761116,9321529,5938572,3112013,9871931,6054565,5588078}'::integer[]))

table 5 : explain UPDATE sbtest5 set c=7 WHERE id IN ( 2522205, 3236863, 8552817, 9761116, 9321529, 5938572, 3112013, 9871931, 6054565, 5588078)
	Update on sbtest5  (cost=0.43..48.53 rows=10 width=559)
	  ->  Index Scan using sbtest5_pkey on sbtest5  (cost=0.43..48.53 rows=10 width=559)
	        Index Cond: (id = ANY ('{2522205,3236863,8552817,9761116,9321529,5938572,3112013,9871931,6054565,5588078}'::integer[]))

table 6 : explain UPDATE sbtest6 set c=7 WHERE id IN ( 2522205, 3236863, 8552817, 9761116, 9321529, 5938572, 3112013, 9871931, 6054565, 5588078)
	Update on sbtest6  (cost=0.43..48.53 rows=10 width=559)
	  ->  Index Scan using sbtest6_pkey on sbtest6  (cost=0.43..48.53 rows=10 width=559)
	        Index Cond: (id = ANY ('{2522205,3236863,8552817,9761116,9321529,5938572,3112013,9871931,6054565,5588078}'::integer[]))

table 7 : explain UPDATE sbtest7 set c=7 WHERE id IN ( 2522205, 3236863, 8552817, 9761116, 9321529, 5938572, 3112013, 9871931, 6054565, 5588078)
	Update on sbtest7  (cost=0.43..48.53 rows=10 width=559)
	  ->  Index Scan using sbtest7_pkey on sbtest7  (cost=0.43..48.53 rows=10 width=559)
	        Index Cond: (id = ANY ('{2522205,3236863,8552817,9761116,9321529,5938572,3112013,9871931,6054565,5588078}'::integer[]))

table 8 : explain UPDATE sbtest8 set c=7 WHERE id IN ( 2522205, 3236863, 8552817, 9761116, 9321529, 5938572, 3112013, 9871931, 6054565, 5588078)
	Update on sbtest8  (cost=0.43..48.53 rows=10 width=559)
	  ->  Index Scan using sbtest8_pkey on sbtest8  (cost=0.43..48.53 rows=10 width=559)
	        Index Cond: (id = ANY ('{2522205,3236863,8552817,9761116,9321529,5938572,3112013,9871931,6054565,5588078}'::integer[]))

for update-inlist
table 1 : explain UPDATE sbtest1 set c=7 WHERE id IN ( 5189522, 5251249, 9316816, 7283946, 9743157, 8353503, 7018383, 5079905, 5978899, 8400771)
	Update on sbtest1  (cost=0.43..48.53 rows=10 width=559)
	  ->  Index Scan using sbtest1_pkey on sbtest1  (cost=0.43..48.53 rows=10 width=559)
	        Index Cond: (id = ANY ('{5189522,5251249,9316816,7283946,9743157,8353503,7018383,5079905,5978899,8400771}'::integer[]))

table 2 : explain UPDATE sbtest2 set c=7 WHERE id IN ( 5189522, 5251249, 9316816, 7283946, 9743157, 8353503, 7018383, 5079905, 5978899, 8400771)
	Update on sbtest2  (cost=0.43..48.53 rows=10 width=559)
	  ->  Index Scan using sbtest2_pkey on sbtest2  (cost=0.43..48.53 rows=10 width=559)
	        Index Cond: (id = ANY ('{5189522,5251249,9316816,7283946,9743157,8353503,7018383,5079905,5978899,8400771}'::integer[]))

table 3 : explain UPDATE sbtest3 set c=7 WHERE id IN ( 5189522, 5251249, 9316816, 7283946, 9743157, 8353503, 7018383, 5079905, 5978899, 8400771)
	Update on sbtest3  (cost=0.43..48.53 rows=10 width=559)
	  ->  Index Scan using sbtest3_pkey on sbtest3  (cost=0.43..48.53 rows=10 width=559)
	        Index Cond: (id = ANY ('{5189522,5251249,9316816,7283946,9743157,8353503,7018383,5079905,5978899,8400771}'::integer[]))

table 4 : explain UPDATE sbtest4 set c=7 WHERE id IN ( 5189522, 5251249, 9316816, 7283946, 9743157, 8353503, 7018383, 5079905, 5978899, 8400771)
	Update on sbtest4  (cost=0.43..48.53 rows=10 width=559)
	  ->  Index Scan using sbtest4_pkey on sbtest4  (cost=0.43..48.53 rows=10 width=559)
	        Index Cond: (id = ANY ('{5189522,5251249,9316816,7283946,9743157,8353503,7018383,5079905,5978899,8400771}'::integer[]))

table 5 : explain UPDATE sbtest5 set c=7 WHERE id IN ( 5189522, 5251249, 9316816, 7283946, 9743157, 8353503, 7018383, 5079905, 5978899, 8400771)
	Update on sbtest5  (cost=0.43..48.53 rows=10 width=559)
	  ->  Index Scan using sbtest5_pkey on sbtest5  (cost=0.43..48.53 rows=10 width=559)
	        Index Cond: (id = ANY ('{5189522,5251249,9316816,7283946,9743157,8353503,7018383,5079905,5978899,8400771}'::integer[]))

table 6 : explain UPDATE sbtest6 set c=7 WHERE id IN ( 5189522, 5251249, 9316816, 7283946, 9743157, 8353503, 7018383, 5079905, 5978899, 8400771)
	Update on sbtest6  (cost=0.43..48.53 rows=10 width=559)
	  ->  Index Scan using sbtest6_pkey on sbtest6  (cost=0.43..48.53 rows=10 width=559)
	        Index Cond: (id = ANY ('{5189522,5251249,9316816,7283946,9743157,8353503,7018383,5079905,5978899,8400771}'::integer[]))

table 7 : explain UPDATE sbtest7 set c=7 WHERE id IN ( 5189522, 5251249, 9316816, 7283946, 9743157, 8353503, 7018383, 5079905, 5978899, 8400771)
	Update on sbtest7  (cost=0.43..48.53 rows=10 width=559)
	  ->  Index Scan using sbtest7_pkey on sbtest7  (cost=0.43..48.53 rows=10 width=559)
	        Index Cond: (id = ANY ('{5189522,5251249,9316816,7283946,9743157,8353503,7018383,5079905,5978899,8400771}'::integer[]))

table 8 : explain UPDATE sbtest8 set c=7 WHERE id IN ( 5189522, 5251249, 9316816, 7283946, 9743157, 8353503, 7018383, 5079905, 5978899, 8400771)
	Update on sbtest8  (cost=0.43..48.53 rows=10 width=559)
	  ->  Index Scan using sbtest8_pkey on sbtest8  (cost=0.43..48.53 rows=10 width=559)
	        Index Cond: (id = ANY ('{5189522,5251249,9316816,7283946,9743157,8353503,7018383,5079905,5978899,8400771}'::integer[]))

explain: for update-inlist :: explain UPDATE sbtest%d set c=7 WHERE id IN ( 7820540, 5145248, 3234534, 1207424, 252500, 4742662, 1605460, 9147627, 5505653, 2446455)
explain: for update-inlist :: explain UPDATE sbtest%d set c=7 WHERE id IN ( 8624079, 7172459, 6081172, 5254018, 2515960, 8384332, 7759600, 3317589, 9375976, 8412383)
for update-inlist
table 1 : explain UPDATE sbtest1 set c=7 WHERE id IN ( 7820540, 5145248, 3234534, 1207424, 252500, 4742662, 1605460, 9147627, 5505653, 2446455)
	Update on sbtest1  (cost=0.43..48.53 rows=10 width=559)
	  ->  Index Scan using sbtest1_pkey on sbtest1  (cost=0.43..48.53 rows=10 width=559)
	        Index Cond: (id = ANY ('{7820540,5145248,3234534,1207424,252500,4742662,1605460,9147627,5505653,2446455}'::integer[]))

table 2 : explain UPDATE sbtest2 set c=7 WHERE id IN ( 7820540, 5145248, 3234534, 1207424, 252500, 4742662, 1605460, 9147627, 5505653, 2446455)
	Update on sbtest2  (cost=0.43..48.53 rows=10 width=559)
	  ->  Index Scan using sbtest2_pkey on sbtest2  (cost=0.43..48.53 rows=10 width=559)
	        Index Cond: (id = ANY ('{7820540,5145248,3234534,1207424,252500,4742662,1605460,9147627,5505653,2446455}'::integer[]))

table 3 : explain UPDATE sbtest3 set c=7 WHERE id IN ( 7820540, 5145248, 3234534, 1207424, 252500, 4742662, 1605460, 9147627, 5505653, 2446455)
	Update on sbtest3  (cost=0.43..48.53 rows=10 width=559)
	  ->  Index Scan using sbtest3_pkey on sbtest3  (cost=0.43..48.53 rows=10 width=559)
	        Index Cond: (id = ANY ('{7820540,5145248,3234534,1207424,252500,4742662,1605460,9147627,5505653,2446455}'::integer[]))

table 4 : explain UPDATE sbtest4 set c=7 WHERE id IN ( 7820540, 5145248, 3234534, 1207424, 252500, 4742662, 1605460, 9147627, 5505653, 2446455)
	Update on sbtest4  (cost=0.43..48.53 rows=10 width=559)
	  ->  Index Scan using sbtest4_pkey on sbtest4  (cost=0.43..48.53 rows=10 width=559)
	        Index Cond: (id = ANY ('{7820540,5145248,3234534,1207424,252500,4742662,1605460,9147627,5505653,2446455}'::integer[]))

table 5 : explain UPDATE sbtest5 set c=7 WHERE id IN ( 7820540, 5145248, 3234534, 1207424, 252500, 4742662, 1605460, 9147627, 5505653, 2446455)
	Update on sbtest5  (cost=0.43..48.53 rows=10 width=559)
	  ->  Index Scan using sbtest5_pkey on sbtest5  (cost=0.43..48.53 rows=10 width=559)
	        Index Cond: (id = ANY ('{7820540,5145248,3234534,1207424,252500,4742662,1605460,9147627,5505653,2446455}'::integer[]))

table 6 : explain UPDATE sbtest6 set c=7 WHERE id IN ( 7820540, 5145248, 3234534, 1207424, 252500, 4742662, 1605460, 9147627, 5505653, 2446455)
	Update on sbtest6  (cost=0.43..48.53 rows=10 width=559)
	  ->  Index Scan using sbtest6_pkey on sbtest6  (cost=0.43..48.53 rows=10 width=559)
	        Index Cond: (id = ANY ('{7820540,5145248,3234534,1207424,252500,4742662,1605460,9147627,5505653,2446455}'::integer[]))

table 7 : explain UPDATE sbtest7 set c=7 WHERE id IN ( 7820540, 5145248, 3234534, 1207424, 252500, 4742662, 1605460, 9147627, 5505653, 2446455)
	Update on sbtest7  (cost=0.43..48.53 rows=10 width=559)
	  ->  Index Scan using sbtest7_pkey on sbtest7  (cost=0.43..48.53 rows=10 width=559)
	        Index Cond: (id = ANY ('{7820540,5145248,3234534,1207424,252500,4742662,1605460,9147627,5505653,2446455}'::integer[]))

table 8 : explain UPDATE sbtest8 set c=7 WHERE id IN ( 7820540, 5145248, 3234534, 1207424, 252500, 4742662, 1605460, 9147627, 5505653, 2446455)
	Update on sbtest8  (cost=0.43..48.53 rows=10 width=559)
	  ->  Index Scan using sbtest8_pkey on sbtest8  (cost=0.43..48.53 rows=10 width=559)
	        Index Cond: (id = ANY ('{7820540,5145248,3234534,1207424,252500,4742662,1605460,9147627,5505653,2446455}'::integer[]))

for update-inlist
table 1 : explain UPDATE sbtest1 set c=7 WHERE id IN ( 8624079, 7172459, 6081172, 5254018, 2515960, 8384332, 7759600, 3317589, 9375976, 8412383)
	Update on sbtest1  (cost=0.43..48.53 rows=10 width=559)
	  ->  Index Scan using sbtest1_pkey on sbtest1  (cost=0.43..48.53 rows=10 width=559)
	        Index Cond: (id = ANY ('{8624079,7172459,6081172,5254018,2515960,8384332,7759600,3317589,9375976,8412383}'::integer[]))

table 2 : explain UPDATE sbtest2 set c=7 WHERE id IN ( 8624079, 7172459, 6081172, 5254018, 2515960, 8384332, 7759600, 3317589, 9375976, 8412383)
	Update on sbtest2  (cost=0.43..48.53 rows=10 width=559)
	  ->  Index Scan using sbtest2_pkey on sbtest2  (cost=0.43..48.53 rows=10 width=559)
	        Index Cond: (id = ANY ('{8624079,7172459,6081172,5254018,2515960,8384332,7759600,3317589,9375976,8412383}'::integer[]))

table 3 : explain UPDATE sbtest3 set c=7 WHERE id IN ( 8624079, 7172459, 6081172, 5254018, 2515960, 8384332, 7759600, 3317589, 9375976, 8412383)
	Update on sbtest3  (cost=0.43..48.53 rows=10 width=559)
	  ->  Index Scan using sbtest3_pkey on sbtest3  (cost=0.43..48.53 rows=10 width=559)
	        Index Cond: (id = ANY ('{8624079,7172459,6081172,5254018,2515960,8384332,7759600,3317589,9375976,8412383}'::integer[]))

table 4 : explain UPDATE sbtest4 set c=7 WHERE id IN ( 8624079, 7172459, 6081172, 5254018, 2515960, 8384332, 7759600, 3317589, 9375976, 8412383)
	Update on sbtest4  (cost=0.43..48.53 rows=10 width=559)
	  ->  Index Scan using sbtest4_pkey on sbtest4  (cost=0.43..48.53 rows=10 width=559)
	        Index Cond: (id = ANY ('{8624079,7172459,6081172,5254018,2515960,8384332,7759600,3317589,9375976,8412383}'::integer[]))

table 5 : explain UPDATE sbtest5 set c=7 WHERE id IN ( 8624079, 7172459, 6081172, 5254018, 2515960, 8384332, 7759600, 3317589, 9375976, 8412383)
	Update on sbtest5  (cost=0.43..48.53 rows=10 width=559)
	  ->  Index Scan using sbtest5_pkey on sbtest5  (cost=0.43..48.53 rows=10 width=559)
	        Index Cond: (id = ANY ('{8624079,7172459,6081172,5254018,2515960,8384332,7759600,3317589,9375976,8412383}'::integer[]))

table 6 : explain UPDATE sbtest6 set c=7 WHERE id IN ( 8624079, 7172459, 6081172, 5254018, 2515960, 8384332, 7759600, 3317589, 9375976, 8412383)
	Update on sbtest6  (cost=0.43..48.53 rows=10 width=559)
	  ->  Index Scan using sbtest6_pkey on sbtest6  (cost=0.43..48.53 rows=10 width=559)
	        Index Cond: (id = ANY ('{8624079,7172459,6081172,5254018,2515960,8384332,7759600,3317589,9375976,8412383}'::integer[]))

table 7 : explain UPDATE sbtest7 set c=7 WHERE id IN ( 8624079, 7172459, 6081172, 5254018, 2515960, 8384332, 7759600, 3317589, 9375976, 8412383)
	Update on sbtest7  (cost=0.43..48.53 rows=10 width=559)
	  ->  Index Scan using sbtest7_pkey on sbtest7  (cost=0.43..48.53 rows=10 width=559)
	        Index Cond: (id = ANY ('{8624079,7172459,6081172,5254018,2515960,8384332,7759600,3317589,9375976,8412383}'::integer[]))

table 8 : explain UPDATE sbtest8 set c=7 WHERE id IN ( 8624079, 7172459, 6081172, 5254018, 2515960, 8384332, 7759600, 3317589, 9375976, 8412383)
	Update on sbtest8  (cost=0.43..48.53 rows=10 width=559)
	  ->  Index Scan using sbtest8_pkey on sbtest8  (cost=0.43..48.53 rows=10 width=559)
	        Index Cond: (id = ANY ('{8624079,7172459,6081172,5254018,2515960,8384332,7759600,3317589,9375976,8412383}'::integer[]))

Threads started!

Warming up for 5 seconds...

SQL statistics:
    queries performed:
        read:                            0
        write:                           101673143
        other:                           0
        total:                           101673143
    transactions:                        101673143 (109324.93 per sec.)
    queries:                             101673143 (109324.93 per sec.)
    ignored errors:                      0      (0.00 per sec.)
    reconnects:                          0      (0.00 per sec.)

Throughput:
    events/s (eps):                      109324.9315
    time elapsed:                        930.0089s
    total number of events:              101673143

Latency (ms):
         min:                                    0.12
         avg:                                    0.37
         max:                                  230.57
         95th percentile:                        0.57
         sum:                             37134004.98

Threads fairness:
    events (avg/stddev):           2541828.4000/10047.27
    execution time (avg/stddev):   928.3501/0.02

