LUA_PATH=/home/mdcallag/git/mytools/bench/sysbench.lua/lua/?.lua /home/mdcallag/git/mytools/bench/sysbench.lua/lua/sysbench --db-driver=pgsql --range-size=1000 --table-size=10000000 --tables=8 --threads=40 --events=0 --warmup-time=5 --time=630 --pgsql_conn_id=true /home/mdcallag/git/mytools/bench/sysbench.lua/lua/oltp_read_only.lua run --pgsql-user=root --pgsql-password=pw --pgsql-host=127.0.0.1 --pgsql-db=ib --rand-type=uniform --simple-ranges=1 --sum-ranges=0 --order-ranges=0 --distinct-ranges=0
48 CPUs
sysbench 1.1.0-9072687 (using bundled LuaJIT 2.1.0-beta3)

Running the test with following options:
Number of threads: 40
Warmup time: 5s
Initializing random number generator from current time


Initializing worker threads...

explain: for point_selects :: explain SELECT c FROM sbtest%u WHERE id=%u
explain: for point_selects :: explain SELECT c FROM sbtest%u WHERE id=%u
explain: for point_selects :: explain SELECT c FROM sbtest%u WHERE id=%u
explain: for point_selects :: explain SELECT c FROM sbtest%u WHERE id=%u
explain: for point_selects :: explain SELECT c FROM sbtest%u WHERE id=%u
explain: for point_selects :: explain SELECT c FROM sbtest%u WHERE id=%u
explain: for point_selects :: explain SELECT c FROM sbtest%u WHERE id=%u
for point_selects
table 1 : explain SELECT c FROM sbtest1 WHERE id=9442404
	Index Scan using sbtest1_pkey on sbtest1  (cost=0.43..8.45 rows=1 width=121)
	  Index Cond: (id = 9442404)

table 2 : explain SELECT c FROM sbtest2 WHERE id=4411480
	Index Scan using sbtest2_pkey on sbtest2  (cost=0.43..8.45 rows=1 width=121)
	  Index Cond: (id = 4411480)

table 3 : explain SELECT c FROM sbtest3 WHERE id=907354
	Index Scan using sbtest3_pkey on sbtest3  (cost=0.43..8.45 rows=1 width=121)
	  Index Cond: (id = 907354)

table 4 : explain SELECT c FROM sbtest4 WHERE id=2283244
	Index Scan using sbtest4_pkey on sbtest4  (cost=0.43..8.45 rows=1 width=121)
	  Index Cond: (id = 2283244)

table 5 : explain SELECT c FROM sbtest5 WHERE id=4404954
	Index Scan using sbtest5_pkey on sbtest5  (cost=0.43..8.45 rows=1 width=121)
	  Index Cond: (id = 4404954)

table 6 : explain SELECT c FROM sbtest6 WHERE id=6125739
	Index Scan using sbtest6_pkey on sbtest6  (cost=0.43..8.45 rows=1 width=121)
	  Index Cond: (id = 6125739)

table 7 : explain SELECT c FROM sbtest7 WHERE id=2015758
	Index Scan using sbtest7_pkey on sbtest7  (cost=0.43..8.45 rows=1 width=121)
	  Index Cond: (id = 2015758)

table 8 : explain SELECT c FROM sbtest8 WHERE id=5712841
	Index Scan using sbtest8_pkey on sbtest8  (cost=0.43..8.45 rows=1 width=121)
	  Index Cond: (id = 5712841)

for point_selects
table 1 : explain SELECT c FROM sbtest1 WHERE id=6974131
	Index Scan using sbtest1_pkey on sbtest1  (cost=0.43..8.45 rows=1 width=121)
	  Index Cond: (id = 6974131)

table 2 : explain SELECT c FROM sbtest2 WHERE id=2896528
	Index Scan using sbtest2_pkey on sbtest2  (cost=0.43..8.45 rows=1 width=121)
	  Index Cond: (id = 2896528)

table 3 : explain SELECT c FROM sbtest3 WHERE id=7766432
	Index Scan using sbtest3_pkey on sbtest3  (cost=0.43..8.45 rows=1 width=121)
	  Index Cond: (id = 7766432)

table 4 : explain SELECT c FROM sbtest4 WHERE id=6175553
	Index Scan using sbtest4_pkey on sbtest4  (cost=0.43..8.45 rows=1 width=121)
	  Index Cond: (id = 6175553)

table 5 : explain SELECT c FROM sbtest5 WHERE id=5833035
	Index Scan using sbtest5_pkey on sbtest5  (cost=0.43..8.45 rows=1 width=121)
	  Index Cond: (id = 5833035)

table 6 : explain SELECT c FROM sbtest6 WHERE id=3132466
	Index Scan using sbtest6_pkey on sbtest6  (cost=0.43..8.45 rows=1 width=121)
	  Index Cond: (id = 3132466)

table 7 : explain SELECT c FROM sbtest7 WHERE id=6322893
	Index Scan using sbtest7_pkey on sbtest7  (cost=0.43..8.45 rows=1 width=121)
	  Index Cond: (id = 6322893)

table 8 : explain SELECT c FROM sbtest8 WHERE id=387340
	Index Scan using sbtest8_pkey on sbtest8  (cost=0.43..8.45 rows=1 width=121)
	  Index Cond: (id = 387340)

for point_selects
table 1 : explain SELECT c FROM sbtest1 WHERE id=4987291
	Index Scan using sbtest1_pkey on sbtest1  (cost=0.43..8.45 rows=1 width=121)
	  Index Cond: (id = 4987291)

table 2 : explain SELECT c FROM sbtest2 WHERE id=7410939
	Index Scan using sbtest2_pkey on sbtest2  (cost=0.43..8.45 rows=1 width=121)
	  Index Cond: (id = 7410939)

table 3 : explain SELECT c FROM sbtest3 WHERE id=568374
	Index Scan using sbtest3_pkey on sbtest3  (cost=0.43..8.45 rows=1 width=121)
	  Index Cond: (id = 568374)

table 4 : explain SELECT c FROM sbtest4 WHERE id=5995558
	Index Scan using sbtest4_pkey on sbtest4  (cost=0.43..8.45 rows=1 width=121)
	  Index Cond: (id = 5995558)

table 5 : explain SELECT c FROM sbtest5 WHERE id=7328719
	Index Scan using sbtest5_pkey on sbtest5  (cost=0.43..8.45 rows=1 width=121)
	  Index Cond: (id = 7328719)

table 6 : explain SELECT c FROM sbtest6 WHERE id=2522658
	Index Scan using sbtest6_pkey on sbtest6  (cost=0.43..8.45 rows=1 width=121)
	  Index Cond: (id = 2522658)

table 7 : explain SELECT c FROM sbtest7 WHERE id=796888
	Index Scan using sbtest7_pkey on sbtest7  (cost=0.43..8.45 rows=1 width=121)
	  Index Cond: (id = 796888)

table 8 : explain SELECT c FROM sbtest8 WHERE id=681290
	Index Scan using sbtest8_pkey on sbtest8  (cost=0.43..8.45 rows=1 width=121)
	  Index Cond: (id = 681290)

for: simple_ranges
table 1 : explain SELECT c FROM sbtest1 WHERE id BETWEEN 1283388 AND 1284387
	Bitmap Heap Scan on sbtest1  (cost=34.90..3954.21 rows=1021 width=121)
	  Recheck Cond: ((id >= 1283388) AND (id <= 1284387))
	  ->  Bitmap Index Scan on sbtest1_pkey  (cost=0.00..34.65 rows=1021 width=0)
	        Index Cond: ((id >= 1283388) AND (id <= 1284387))

table 2 : explain SELECT c FROM sbtest2 WHERE id BETWEEN 5200145 AND 5201144
	Bitmap Heap Scan on sbtest2  (cost=34.04..3641.08 rows=937 width=121)
	  Recheck Cond: ((id >= 5200145) AND (id <= 5201144))
	  ->  Bitmap Index Scan on sbtest2_pkey  (cost=0.00..33.81 rows=937 width=0)
	        Index Cond: ((id >= 5200145) AND (id <= 5201144))

table 3 : explain SELECT c FROM sbtest3 WHERE id BETWEEN 924625 AND 925624
	Bitmap Heap Scan on sbtest3  (cost=35.31..4108.24 rows=1061 width=121)
	  Recheck Cond: ((id >= 924625) AND (id <= 925624))
	  ->  Bitmap Index Scan on sbtest3_pkey  (cost=0.00..35.05 rows=1061 width=0)
	        Index Cond: ((id >= 924625) AND (id <= 925624))

table 4 : explain SELECT c FROM sbtest4 WHERE id BETWEEN 7263720 AND 7264719
	Index Scan using sbtest4_pkey on sbtest4  (cost=0.43..4213.76 rows=1079 width=121)
	  Index Cond: ((id >= 7263720) AND (id <= 7264719))

table 5 : explain SELECT c FROM sbtest5 WHERE id BETWEEN 7796117 AND 7797116
	Bitmap Heap Scan on sbtest5  (cost=35.18..4062.78 rows=1048 width=121)
	  Recheck Cond: ((id >= 7796117) AND (id <= 7797116))
	  ->  Bitmap Index Scan on sbtest5_pkey  (cost=0.00..34.92 rows=1048 width=0)
	        Index Cond: ((id >= 7796117) AND (id <= 7797116))

table 6 : explain SELECT c FROM sbtest6 WHERE id BETWEEN 7023171 AND 7024170
	Bitmap Heap Scan on sbtest6  (cost=34.78..3916.01 rows=1009 width=121)
	  Recheck Cond: ((id >= 7023171) AND (id <= 7024170))
	  ->  Bitmap Index Scan on sbtest6_pkey  (cost=0.00..34.53 rows=1009 width=0)
	        Index Cond: ((id >= 7023171) AND (id <= 7024170))

table 7 : explain SELECT c FROM sbtest7 WHERE id BETWEEN 566909 AND 567908
	Index Scan using sbtest7_pkey on sbtest7  (cost=0.43..3989.67 rows=1018 width=121)
	  Index Cond: ((id >= 566909) AND (id <= 567908))

table 8 : explain SELECT c FROM sbtest8 WHERE id BETWEEN 3545463 AND 3546462
	Bitmap Heap Scan on sbtest8  (cost=40.01..4372.70 rows=1129 width=121)
	  Recheck Cond: ((id >= 3545463) AND (id <= 3546462))
	  ->  Bitmap Index Scan on sbtest8_pkey  (cost=0.00..39.73 rows=1129 width=0)
	        Index Cond: ((id >= 3545463) AND (id <= 3546462))

for point_selects
table 1 : explain SELECT c FROM sbtest1 WHERE id=3744404
	Index Scan using sbtest1_pkey on sbtest1  (cost=0.43..8.45 rows=1 width=121)
	  Index Cond: (id = 3744404)

table 2 : explain SELECT c FROM sbtest2 WHERE id=8996216
	Index Scan using sbtest2_pkey on sbtest2  (cost=0.43..8.45 rows=1 width=121)
	  Index Cond: (id = 8996216)

table 3 : explain SELECT c FROM sbtest3 WHERE id=9436828
	Index Scan using sbtest3_pkey on sbtest3  (cost=0.43..8.45 rows=1 width=121)
	  Index Cond: (id = 9436828)

table 4 : explain SELECT c FROM sbtest4 WHERE id=1569002
	Index Scan using sbtest4_pkey on sbtest4  (cost=0.43..8.45 rows=1 width=121)
	  Index Cond: (id = 1569002)

table 5 : explain SELECT c FROM sbtest5 WHERE id=9736044
	Index Scan using sbtest5_pkey on sbtest5  (cost=0.43..8.45 rows=1 width=121)
	  Index Cond: (id = 9736044)

table 6 : explain SELECT c FROM sbtest6 WHERE id=1993573
	Index Scan using sbtest6_pkey on sbtest6  (cost=0.43..8.45 rows=1 width=121)
	  Index Cond: (id = 1993573)

table 7 : explain SELECT c FROM sbtest7 WHERE id=2245926
	Index Scan using sbtest7_pkey on sbtest7  (cost=0.43..8.45 rows=1 width=121)
	  Index Cond: (id = 2245926)

table 8 : explain SELECT c FROM sbtest8 WHERE id=1314304
	Index Scan using sbtest8_pkey on sbtest8  (cost=0.43..8.45 rows=1 width=121)
	  Index Cond: (id = 1314304)

for: simple_ranges
table 1 : explain SELECT c FROM sbtest1 WHERE id BETWEEN 7678750 AND 7679749
	Bitmap Heap Scan on sbtest1  (cost=35.31..4104.76 rows=1061 width=121)
	  Recheck Cond: ((id >= 7678750) AND (id <= 7679749))
	  ->  Bitmap Index Scan on sbtest1_pkey  (cost=0.00..35.05 rows=1061 width=0)
	        Index Cond: ((id >= 7678750) AND (id <= 7679749))

table 2 : explain SELECT c FROM sbtest2 WHERE id BETWEEN 2856317 AND 2857316
	Bitmap Heap Scan on sbtest2  (cost=35.15..4048.93 rows=1045 width=121)
	  Recheck Cond: ((id >= 2856317) AND (id <= 2857316))
	  ->  Bitmap Index Scan on sbtest2_pkey  (cost=0.00..34.89 rows=1045 width=0)
	        Index Cond: ((id >= 2856317) AND (id <= 2857316))

table 3 : explain SELECT c FROM sbtest3 WHERE id BETWEEN 8723575 AND 8724574
	Bitmap Heap Scan on sbtest3  (cost=34.01..3628.91 rows=934 width=121)
	  Recheck Cond: ((id >= 8723575) AND (id <= 8724574))
	  ->  Bitmap Index Scan on sbtest3_pkey  (cost=0.00..33.78 rows=934 width=0)
	        Index Cond: ((id >= 8723575) AND (id <= 8724574))

table 4 : explain SELECT c FROM sbtest4 WHERE id BETWEEN 8391735 AND 8392734
	Index Scan using sbtest4_pkey on sbtest4  (cost=0.43..3992.25 rows=1022 width=121)
	  Index Cond: ((id >= 8391735) AND (id <= 8392734))

table 5 : explain SELECT c FROM sbtest5 WHERE id BETWEEN 949870 AND 950869
	Bitmap Heap Scan on sbtest5  (cost=34.23..3715.16 rows=956 width=121)
	  Recheck Cond: ((id >= 949870) AND (id <= 950869))
	  ->  Bitmap Index Scan on sbtest5_pkey  (cost=0.00..34.00 rows=956 width=0)
	        Index Cond: ((id >= 949870) AND (id <= 950869))

table 6 : explain SELECT c FROM sbtest6 WHERE id BETWEEN 505911 AND 506910
	Bitmap Heap Scan on sbtest6  (cost=40.05..4387.60 rows=1133 width=121)
	  Recheck Cond: ((id >= 505911) AND (id <= 506910))
	  ->  Bitmap Index Scan on sbtest6_pkey  (cost=0.00..39.77 rows=1133 width=0)
	        Index Cond: ((id >= 505911) AND (id <= 506910))

table 7 : explain SELECT c FROM sbtest7 WHERE id BETWEEN 5852890 AND 5853889
	Index Scan using sbtest7_pkey on sbtest7  (cost=0.43..3981.88 rows=1016 width=121)
	  Index Cond: ((id >= 5852890) AND (id <= 5853889))

table 8 : explain SELECT c FROM sbtest8 WHERE id BETWEEN 9156349 AND 9157348
	Bitmap Heap Scan on sbtest8  (cost=35.04..4014.34 rows=1035 width=121)
	  Recheck Cond: ((id >= 9156349) AND (id <= 9157348))
	  ->  Bitmap Index Scan on sbtest8_pkey  (cost=0.00..34.79 rows=1035 width=0)
	        Index Cond: ((id >= 9156349) AND (id <= 9157348))

explain: for point_selects :: explain SELECT c FROM sbtest%u WHERE id=%u
for: simple_ranges
table 1 : explain SELECT c FROM sbtest1 WHERE id BETWEEN 5713628 AND 5714627
	Bitmap Heap Scan on sbtest1  (cost=39.78..4281.66 rows=1107 width=121)
	  Recheck Cond: ((id >= 5713628) AND (id <= 5714627))
	  ->  Bitmap Index Scan on sbtest1_pkey  (cost=0.00..39.51 rows=1107 width=0)
	        Index Cond: ((id >= 5713628) AND (id <= 5714627))

table 2 : explain SELECT c FROM sbtest2 WHERE id BETWEEN 8333776 AND 8334775
	Bitmap Heap Scan on sbtest2  (cost=34.24..3716.72 rows=957 width=121)
	  Recheck Cond: ((id >= 8333776) AND (id <= 8334775))
	  ->  Bitmap Index Scan on sbtest2_pkey  (cost=0.00..34.01 rows=957 width=0)
	        Index Cond: ((id >= 8333776) AND (id <= 8334775))

table 3 : explain SELECT c FROM sbtest3 WHERE id BETWEEN 3221342 AND 3222341
	Bitmap Heap Scan on sbtest3  (cost=35.04..4010.27 rows=1035 width=121)
	  Recheck Cond: ((id >= 3221342) AND (id <= 3222341))
	  ->  Bitmap Index Scan on sbtest3_pkey  (cost=0.00..34.79 rows=1035 width=0)
	        Index Cond: ((id >= 3221342) AND (id <= 3222341))

table 4 : explain SELECT c FROM sbtest4 WHERE id BETWEEN 5678970 AND 5679969
	Index Scan using sbtest4_pkey on sbtest4  (cost=0.43..4027.22 rows=1031 width=121)
	  Index Cond: ((id >= 5678970) AND (id <= 5679969))

table 5 : explain SELECT c FROM sbtest5 WHERE id BETWEEN 4193527 AND 4194526
	Bitmap Heap Scan on sbtest5  (cost=34.80..3923.10 rows=1011 width=121)
	  Recheck Cond: ((id >= 4193527) AND (id <= 4194526))
	  ->  Bitmap Index Scan on sbtest5_pkey  (cost=0.00..34.55 rows=1011 width=0)
	        Index Cond: ((id >= 4193527) AND (id <= 4194526))

table 6 : explain SELECT c FROM sbtest6 WHERE id BETWEEN 5170688 AND 5171687
	Bitmap Heap Scan on sbtest6  (cost=29.77..3541.13 rows=911 width=121)
	  Recheck Cond: ((id >= 5170688) AND (id <= 5171687))
	  ->  Bitmap Index Scan on sbtest6_pkey  (cost=0.00..29.54 rows=911 width=0)
	        Index Cond: ((id >= 5170688) AND (id <= 5171687))

table 7 : explain SELECT c FROM sbtest7 WHERE id BETWEEN 2461273 AND 2462272
	Index Scan using sbtest7_pkey on sbtest7  (cost=0.43..3950.66 rows=1008 width=121)
	  Index Cond: ((id >= 2461273) AND (id <= 2462272))

table 8 : explain SELECT c FROM sbtest8 WHERE id BETWEEN 8735615 AND 8736614
	Bitmap Heap Scan on sbtest8  (cost=34.54..3829.20 rows=986 width=121)
	  Recheck Cond: ((id >= 8735615) AND (id <= 8736614))
	  ->  Bitmap Index Scan on sbtest8_pkey  (cost=0.00..34.30 rows=986 width=0)
	        Index Cond: ((id >= 8735615) AND (id <= 8736614))

explain: for point_selects :: explain SELECT c FROM sbtest%u WHERE id=%u
for: sum_ranges
table 1 : explain SELECT SUM(k) FROM sbtest1 WHERE id BETWEEN 3402050 AND 3403049
	Aggregate  (cost=3813.45..3813.46 rows=1 width=8)
	  ->  Bitmap Heap Scan on sbtest1  (cost=34.51..3810.99 rows=983 width=4)
	        Recheck Cond: ((id >= 3402050) AND (id <= 3403049))
	        ->  Bitmap Index Scan on sbtest1_pkey  (cost=0.00..34.27 rows=983 width=0)
	              Index Cond: ((id >= 3402050) AND (id <= 3403049))

table 2 : explain SELECT SUM(k) FROM sbtest2 WHERE id BETWEEN 2316971 AND 2317970
	Aggregate  (cost=4244.00..4244.01 rows=1 width=8)
	  ->  Bitmap Heap Scan on sbtest2  (cost=39.66..4241.26 rows=1095 width=4)
	        Recheck Cond: ((id >= 2316971) AND (id <= 2317970))
	        ->  Bitmap Index Scan on sbtest2_pkey  (cost=0.00..39.39 rows=1095 width=0)
	              Index Cond: ((id >= 2316971) AND (id <= 2317970))

table 3 : explain SELECT SUM(k) FROM sbtest3 WHERE id BETWEEN 4927895 AND 4928894
	Aggregate  (cost=4076.97..4076.98 rows=1 width=8)
	  ->  Bitmap Heap Scan on sbtest3  (cost=35.22..4074.34 rows=1052 width=4)
	        Recheck Cond: ((id >= 4927895) AND (id <= 4928894))
	        ->  Bitmap Index Scan on sbtest3_pkey  (cost=0.00..34.95 rows=1052 width=0)
	              Index Cond: ((id >= 4927895) AND (id <= 4928894))

table 4 : explain SELECT SUM(k) FROM sbtest4 WHERE id BETWEEN 9550898 AND 9551897
	Aggregate  (cost=3586.49..3586.50 rows=1 width=8)
	  ->  Index Scan using sbtest4_pkey on sbtest4  (cost=0.43..3584.20 rows=917 width=4)
	        Index Cond: ((id >= 9550898) AND (id <= 9551897))

table 5 : explain SELECT SUM(k) FROM sbtest5 WHERE id BETWEEN 4516024 AND 4517023
	Aggregate  (cost=3993.65..3993.66 rows=1 width=8)
	  ->  Bitmap Heap Scan on sbtest5  (cost=34.98..3991.08 rows=1029 width=4)
	        Recheck Cond: ((id >= 4516024) AND (id <= 4517023))
	        ->  Bitmap Index Scan on sbtest5_pkey  (cost=0.00..34.73 rows=1029 width=0)
	              Index Cond: ((id >= 4516024) AND (id <= 4517023))

table 6 : explain SELECT SUM(k) FROM sbtest6 WHERE id BETWEEN 2393859 AND 2394858
	Aggregate  (cost=3873.15..3873.16 rows=1 width=8)
	  ->  Bitmap Heap Scan on sbtest6  (cost=34.65..3870.66 rows=997 width=4)
	        Recheck Cond: ((id >= 2393859) AND (id <= 2394858))
	        ->  Bitmap Index Scan on sbtest6_pkey  (cost=0.00..34.41 rows=997 width=0)
	              Index Cond: ((id >= 2393859) AND (id <= 2394858))

table 7 : explain SELECT SUM(k) FROM sbtest7 WHERE id BETWEEN 5104762 AND 5105761
	Aggregate  (cost=3789.34..3789.35 rows=1 width=8)
	  ->  Index Scan using sbtest7_pkey on sbtest7  (cost=0.43..3786.93 rows=966 width=4)
	        Index Cond: ((id >= 5104762) AND (id <= 5105761))

table 8 : explain SELECT SUM(k) FROM sbtest8 WHERE id BETWEEN 3176102 AND 3177101
	Aggregate  (cost=3903.53..3903.54 rows=1 width=8)
	  ->  Bitmap Heap Scan on sbtest8  (cost=34.74..3901.02 rows=1005 width=4)
	        Recheck Cond: ((id >= 3176102) AND (id <= 3177101))
	        ->  Bitmap Index Scan on sbtest8_pkey  (cost=0.00..34.48 rows=1005 width=0)
	              Index Cond: ((id >= 3176102) AND (id <= 3177101))

for: simple_ranges
table 1 : explain SELECT c FROM sbtest1 WHERE id BETWEEN 1544239 AND 1545238
	Bitmap Heap Scan on sbtest1  (cost=35.46..4161.17 rows=1076 width=121)
	  Recheck Cond: ((id >= 1544239) AND (id <= 1545238))
	  ->  Bitmap Index Scan on sbtest1_pkey  (cost=0.00..35.20 rows=1076 width=0)
	        Index Cond: ((id >= 1544239) AND (id <= 1545238))

table 2 : explain SELECT c FROM sbtest2 WHERE id BETWEEN 720180 AND 721179
	Bitmap Heap Scan on sbtest2  (cost=34.78..3913.14 rows=1009 width=121)
	  Recheck Cond: ((id >= 720180) AND (id <= 721179))
	  ->  Bitmap Index Scan on sbtest2_pkey  (cost=0.00..34.53 rows=1009 width=0)
	        Index Cond: ((id >= 720180) AND (id <= 721179))

table 3 : explain SELECT c FROM sbtest3 WHERE id BETWEEN 4201082 AND 4202081
	Bitmap Heap Scan on sbtest3  (cost=34.29..3730.99 rows=961 width=121)
	  Recheck Cond: ((id >= 4201082) AND (id <= 4202081))
	  ->  Bitmap Index Scan on sbtest3_pkey  (cost=0.00..34.05 rows=961 width=0)
	        Index Cond: ((id >= 4201082) AND (id <= 4202081))

table 4 : explain SELECT c FROM sbtest4 WHERE id BETWEEN 8392831 AND 8393830
	Index Scan using sbtest4_pkey on sbtest4  (cost=0.43..3992.25 rows=1022 width=121)
	  Index Cond: ((id >= 8392831) AND (id <= 8393830))

table 5 : explain SELECT c FROM sbtest5 WHERE id BETWEEN 3187003 AND 3188002
	Bitmap Heap Scan on sbtest5  (cost=34.72..3892.88 rows=1003 width=121)
	  Recheck Cond: ((id >= 3187003) AND (id <= 3188002))
	  ->  Bitmap Index Scan on sbtest5_pkey  (cost=0.00..34.47 rows=1003 width=0)
	        Index Cond: ((id >= 3187003) AND (id <= 3188002))

table 6 : explain SELECT c FROM sbtest6 WHERE id BETWEEN 1895461 AND 1896460
	Bitmap Heap Scan on sbtest6  (cost=33.96..3613.34 rows=929 width=121)
	  Recheck Cond: ((id >= 1895461) AND (id <= 1896460))
	  ->  Bitmap Index Scan on sbtest6_pkey  (cost=0.00..33.73 rows=929 width=0)
	        Index Cond: ((id >= 1895461) AND (id <= 1896460))

table 7 : explain SELECT c FROM sbtest7 WHERE id BETWEEN 8632137 AND 8633136
	Index Scan using sbtest7_pkey on sbtest7  (cost=0.43..3459.32 rows=883 width=121)
	  Index Cond: ((id >= 8632137) AND (id <= 8633136))

table 8 : explain SELECT c FROM sbtest8 WHERE id BETWEEN 7717999 AND 7718998
	Index Scan using sbtest8_pkey on sbtest8  (cost=0.43..3764.14 rows=959 width=121)
	  Index Cond: ((id >= 7717999) AND (id <= 7718998))

for: sum_ranges
table 1 : explain SELECT SUM(k) FROM sbtest1 WHERE id BETWEEN 5404495 AND 5405494
	Aggregate  (cost=4114.94..4114.95 rows=1 width=8)
	  ->  Bitmap Heap Scan on sbtest1  (cost=35.33..4112.29 rows=1063 width=4)
	        Recheck Cond: ((id >= 5404495) AND (id <= 5405494))
	        ->  Bitmap Index Scan on sbtest1_pkey  (cost=0.00..35.07 rows=1063 width=0)
	              Index Cond: ((id >= 5404495) AND (id <= 5405494))

table 2 : explain SELECT SUM(k) FROM sbtest2 WHERE id BETWEEN 144043 AND 145042
	Aggregate  (cost=3650.99..3651.00 rows=1 width=8)
	  ->  Bitmap Heap Scan on sbtest2  (cost=34.06..3648.65 rows=939 width=4)
	        Recheck Cond: ((id >= 144043) AND (id <= 145042))
	        ->  Bitmap Index Scan on sbtest2_pkey  (cost=0.00..33.83 rows=939 width=0)
	              Index Cond: ((id >= 144043) AND (id <= 145042))

table 3 : explain SELECT SUM(k) FROM sbtest3 WHERE id BETWEEN 8806796 AND 8807795
	Aggregate  (cost=3631.25..3631.26 rows=1 width=8)
	  ->  Bitmap Heap Scan on sbtest3  (cost=34.01..3628.91 rows=934 width=4)
	        Recheck Cond: ((id >= 8806796) AND (id <= 8807795))
	        ->  Bitmap Index Scan on sbtest3_pkey  (cost=0.00..33.78 rows=934 width=0)
	              Index Cond: ((id >= 8806796) AND (id <= 8807795))

table 4 : explain SELECT SUM(k) FROM sbtest4 WHERE id BETWEEN 201109 AND 202108
	Aggregate  (cost=3633.18..3633.19 rows=1 width=8)
	  ->  Index Scan using sbtest4_pkey on sbtest4  (cost=0.43..3630.85 rows=929 width=4)
	        Index Cond: ((id >= 201109) AND (id <= 202108))

table 5 : explain SELECT SUM(k) FROM sbtest5 WHERE id BETWEEN 8834042 AND 8835041
	Aggregate  (cost=3808.39..3808.40 rows=1 width=8)
	  ->  Bitmap Heap Scan on sbtest5  (cost=34.48..3805.94 rows=980 width=4)
	        Recheck Cond: ((id >= 8834042) AND (id <= 8835041))
	        ->  Bitmap Index Scan on sbtest5_pkey  (cost=0.00..34.23 rows=980 width=0)
	              Index Cond: ((id >= 8834042) AND (id <= 8835041))

table 6 : explain SELECT SUM(k) FROM sbtest6 WHERE id BETWEEN 767070 AND 768069
	Aggregate  (cost=3520.65..3520.66 rows=1 width=8)
	  ->  Bitmap Heap Scan on sbtest6  (cost=29.71..3518.38 rows=905 width=4)
	        Recheck Cond: ((id >= 767070) AND (id <= 768069))
	        ->  Bitmap Index Scan on sbtest6_pkey  (cost=0.00..29.48 rows=905 width=0)
	              Index Cond: ((id >= 767070) AND (id <= 768069))

table 7 : explain SELECT SUM(k) FROM sbtest7 WHERE id BETWEEN 1757371 AND 1758370
	Aggregate  (cost=3539.56..3539.57 rows=1 width=8)
	  ->  Index Scan using sbtest7_pkey on sbtest7  (cost=0.43..3537.30 rows=903 width=4)
	        Index Cond: ((id >= 1757371) AND (id <= 1758370))

table 8 : explain SELECT SUM(k) FROM sbtest8 WHERE id BETWEEN 5825570 AND 5826569
	Aggregate  (cost=3850.58..3850.59 rows=1 width=8)
	  ->  Bitmap Heap Scan on sbtest8  (cost=34.59..3848.10 rows=991 width=4)
	        Recheck Cond: ((id >= 5825570) AND (id <= 5826569))
	        ->  Bitmap Index Scan on sbtest8_pkey  (cost=0.00..34.34 rows=991 width=0)
	              Index Cond: ((id >= 5825570) AND (id <= 5826569))

explain: for point_selects :: explain SELECT c FROM sbtest%u WHERE id=%u
for point_selects
table 1 : explain SELECT c FROM sbtest1 WHERE id=3447679
	Index Scan using sbtest1_pkey on sbtest1  (cost=0.43..8.45 rows=1 width=121)
	  Index Cond: (id = 3447679)

table 2 : explain SELECT c FROM sbtest2 WHERE id=4111630
	Index Scan using sbtest2_pkey on sbtest2  (cost=0.43..8.45 rows=1 width=121)
	  Index Cond: (id = 4111630)

table 3 : explain SELECT c FROM sbtest3 WHERE id=7838757
	Index Scan using sbtest3_pkey on sbtest3  (cost=0.43..8.45 rows=1 width=121)
	  Index Cond: (id = 7838757)

table 4 : explain SELECT c FROM sbtest4 WHERE id=8787174
	Index Scan using sbtest4_pkey on sbtest4  (cost=0.43..8.45 rows=1 width=121)
	  Index Cond: (id = 8787174)

table 5 : explain SELECT c FROM sbtest5 WHERE id=5011069
	Index Scan using sbtest5_pkey on sbtest5  (cost=0.43..8.45 rows=1 width=121)
	  Index Cond: (id = 5011069)

table 6 : explain SELECT c FROM sbtest6 WHERE id=8733126
	Index Scan using sbtest6_pkey on sbtest6  (cost=0.43..8.45 rows=1 width=121)
	  Index Cond: (id = 8733126)

table 7 : explain SELECT c FROM sbtest7 WHERE id=3106171
	Index Scan using sbtest7_pkey on sbtest7  (cost=0.43..8.45 rows=1 width=121)
	  Index Cond: (id = 3106171)

table 8 : explain SELECT c FROM sbtest8 WHERE id=2318914
	Index Scan using sbtest8_pkey on sbtest8  (cost=0.43..8.45 rows=1 width=121)
	  Index Cond: (id = 2318914)

for: sum_ranges
table 1 : explain SELECT SUM(k) FROM sbtest1 WHERE id BETWEEN 6637677 AND 6638676
	Aggregate  (cost=3726.62..3726.63 rows=1 width=8)
	  ->  Bitmap Heap Scan on sbtest1  (cost=34.28..3724.22 rows=960 width=4)
	        Recheck Cond: ((id >= 6637677) AND (id <= 6638676))
	        ->  Bitmap Index Scan on sbtest1_pkey  (cost=0.00..34.04 rows=960 width=0)
	              Index Cond: ((id >= 6637677) AND (id <= 6638676))

table 2 : explain SELECT SUM(k) FROM sbtest2 WHERE id BETWEEN 5170992 AND 5171991
	Aggregate  (cost=4017.59..4017.60 rows=1 width=8)
	  ->  Bitmap Heap Scan on sbtest2  (cost=35.05..4015.00 rows=1036 width=4)
	        Recheck Cond: ((id >= 5170992) AND (id <= 5171991))
	        ->  Bitmap Index Scan on sbtest2_pkey  (cost=0.00..34.80 rows=1036 width=0)
	              Index Cond: ((id >= 5170992) AND (id <= 5171991))

table 3 : explain SELECT SUM(k) FROM sbtest3 WHERE id BETWEEN 71493 AND 72492
	Aggregate  (cost=4058.11..4058.12 rows=1 width=8)
	  ->  Bitmap Heap Scan on sbtest3  (cost=35.17..4055.50 rows=1047 width=4)
	        Recheck Cond: ((id >= 71493) AND (id <= 72492))
	        ->  Bitmap Index Scan on sbtest3_pkey  (cost=0.00..34.91 rows=1047 width=0)
	              Index Cond: ((id >= 71493) AND (id <= 72492))

table 4 : explain SELECT SUM(k) FROM sbtest4 WHERE id BETWEEN 8002699 AND 8003698
	Aggregate  (cost=4305.98..4305.99 rows=1 width=8)
	  ->  Index Scan using sbtest4_pkey on sbtest4  (cost=0.43..4303.23 rows=1101 width=4)
	        Index Cond: ((id >= 8002699) AND (id <= 8003698))

table 5 : explain SELECT SUM(k) FROM sbtest5 WHERE id BETWEEN 9037360 AND 9038359
	Aggregate  (cost=3997.43..3997.44 rows=1 width=8)
	  ->  Bitmap Heap Scan on sbtest5  (cost=34.99..3994.85 rows=1030 width=4)
	        Recheck Cond: ((id >= 9037360) AND (id <= 9038359))
	        ->  Bitmap Index Scan on sbtest5_pkey  (cost=0.00..34.73 rows=1030 width=0)
	              Index Cond: ((id >= 9037360) AND (id <= 9038359))

table 6 : explain SELECT SUM(k) FROM sbtest6 WHERE id BETWEEN 5801624 AND 5802623
	Aggregate  (cost=3642.20..3642.21 rows=1 width=8)
	  ->  Bitmap Heap Scan on sbtest6  (cost=34.03..3639.86 rows=936 width=4)
	        Recheck Cond: ((id >= 5801624) AND (id <= 5802623))
	        ->  Bitmap Index Scan on sbtest6_pkey  (cost=0.00..33.80 rows=936 width=0)
	              Index Cond: ((id >= 5801624) AND (id <= 5802623))

table 7 : explain SELECT SUM(k) FROM sbtest7 WHERE id BETWEEN 8610296 AND 8611295
	Aggregate  (cost=3461.53..3461.54 rows=1 width=8)
	  ->  Index Scan using sbtest7_pkey on sbtest7  (cost=0.43..3459.32 rows=883 width=4)
	        Index Cond: ((id >= 8610296) AND (id <= 8611295))

table 8 : explain SELECT SUM(k) FROM sbtest8 WHERE id BETWEEN 3087542 AND 3088541
	Aggregate  (cost=3700.12..3700.13 rows=1 width=8)
	  ->  Index Scan using sbtest8_pkey on sbtest8  (cost=0.43..3697.77 rows=942 width=4)
	        Index Cond: ((id >= 3087542) AND (id <= 3088541))

for point_selects
table 1 : explain SELECT c FROM sbtest1 WHERE id=5698055
	Index Scan using sbtest1_pkey on sbtest1  (cost=0.43..8.45 rows=1 width=121)
	  Index Cond: (id = 5698055)

table 2 : explain SELECT c FROM sbtest2 WHERE id=6523695
	Index Scan using sbtest2_pkey on sbtest2  (cost=0.43..8.45 rows=1 width=121)
	  Index Cond: (id = 6523695)

table 3 : explain SELECT c FROM sbtest3 WHERE id=9204365
	Index Scan using sbtest3_pkey on sbtest3  (cost=0.43..8.45 rows=1 width=121)
	  Index Cond: (id = 9204365)

table 4 : explain SELECT c FROM sbtest4 WHERE id=8083243
	Index Scan using sbtest4_pkey on sbtest4  (cost=0.43..8.45 rows=1 width=121)
	  Index Cond: (id = 8083243)

table 5 : explain SELECT c FROM sbtest5 WHERE id=2800652
	Index Scan using sbtest5_pkey on sbtest5  (cost=0.43..8.45 rows=1 width=121)
	  Index Cond: (id = 2800652)

table 6 : explain SELECT c FROM sbtest6 WHERE id=6282144
	Index Scan using sbtest6_pkey on sbtest6  (cost=0.43..8.45 rows=1 width=121)
	  Index Cond: (id = 6282144)

table 7 : explain SELECT c FROM sbtest7 WHERE id=1598681
	Index Scan using sbtest7_pkey on sbtest7  (cost=0.43..8.45 rows=1 width=121)
	  Index Cond: (id = 1598681)

table 8 : explain SELECT c FROM sbtest8 WHERE id=102134
	Index Scan using sbtest8_pkey on sbtest8  (cost=0.43..8.45 rows=1 width=121)
	  Index Cond: (id = 102134)

explain: for point_selects :: explain SELECT c FROM sbtest%u WHERE id=%u
for: simple_ranges
table 1 : explain SELECT c FROM sbtest1 WHERE id BETWEEN 8523344 AND 8524343
	Bitmap Heap Scan on sbtest1  (cost=34.51..3810.99 rows=983 width=121)
	  Recheck Cond: ((id >= 8523344) AND (id <= 8524343))
	  ->  Bitmap Index Scan on sbtest1_pkey  (cost=0.00..34.27 rows=983 width=0)
	        Index Cond: ((id >= 8523344) AND (id <= 8524343))

table 2 : explain SELECT c FROM sbtest2 WHERE id BETWEEN 7144248 AND 7145247
	Bitmap Heap Scan on sbtest2  (cost=29.69..3508.37 rows=903 width=121)
	  Recheck Cond: ((id >= 7144248) AND (id <= 7145247))
	  ->  Bitmap Index Scan on sbtest2_pkey  (cost=0.00..29.46 rows=903 width=0)
	        Index Cond: ((id >= 7144248) AND (id <= 7145247))

table 3 : explain SELECT c FROM sbtest3 WHERE id BETWEEN 318644 AND 319643
	Bitmap Heap Scan on sbtest3  (cost=34.83..3931.08 rows=1014 width=121)
	  Recheck Cond: ((id >= 318644) AND (id <= 319643))
	  ->  Bitmap Index Scan on sbtest3_pkey  (cost=0.00..34.58 rows=1014 width=0)
	        Index Cond: ((id >= 318644) AND (id <= 319643))

table 4 : explain SELECT c FROM sbtest4 WHERE id BETWEEN 7139962 AND 7140961
	Index Scan using sbtest4_pkey on sbtest4  (cost=0.43..4058.30 rows=1039 width=121)
	  Index Cond: ((id >= 7139962) AND (id <= 7140961))

table 5 : explain SELECT c FROM sbtest5 WHERE id BETWEEN 6160403 AND 6161402
	Bitmap Heap Scan on sbtest5  (cost=35.59..4213.60 rows=1088 width=121)
	  Recheck Cond: ((id >= 6160403) AND (id <= 6161402))
	  ->  Bitmap Index Scan on sbtest5_pkey  (cost=0.00..35.32 rows=1088 width=0)
	        Index Cond: ((id >= 6160403) AND (id <= 6161402))

table 6 : explain SELECT c FROM sbtest6 WHERE id BETWEEN 3866600 AND 3867599
	Bitmap Heap Scan on sbtest6  (cost=34.01..3632.28 rows=934 width=121)
	  Recheck Cond: ((id >= 3866600) AND (id <= 3867599))
	  ->  Bitmap Index Scan on sbtest6_pkey  (cost=0.00..33.78 rows=934 width=0)
	        Index Cond: ((id >= 3866600) AND (id <= 3867599))

table 7 : explain SELECT c FROM sbtest7 WHERE id BETWEEN 456084 AND 457083
	Bitmap Heap Scan on sbtest7  (cost=35.02..4006.87 rows=1033 width=121)
	  Recheck Cond: ((id >= 456084) AND (id <= 457083))
	  ->  Bitmap Index Scan on sbtest7_pkey  (cost=0.00..34.77 rows=1033 width=0)
	        Index Cond: ((id >= 456084) AND (id <= 457083))

table 8 : explain SELECT c FROM sbtest8 WHERE id BETWEEN 8318364 AND 8319363
	Index Scan using sbtest8_pkey on sbtest8  (cost=0.43..3697.77 rows=942 width=121)
	  Index Cond: ((id >= 8318364) AND (id <= 8319363))

for point_selects
table 1 : explain SELECT c FROM sbtest1 WHERE id=4745406
	Index Scan using sbtest1_pkey on sbtest1  (cost=0.43..8.45 rows=1 width=121)
	  Index Cond: (id = 4745406)

table 2 : explain SELECT c FROM sbtest2 WHERE id=1955881
	Index Scan using sbtest2_pkey on sbtest2  (cost=0.43..8.45 rows=1 width=121)
	  Index Cond: (id = 1955881)

table 3 : explain SELECT c FROM sbtest3 WHERE id=7449836
	Index Scan using sbtest3_pkey on sbtest3  (cost=0.43..8.45 rows=1 width=121)
	  Index Cond: (id = 7449836)

table 4 : explain SELECT c FROM sbtest4 WHERE id=4691713
	Index Scan using sbtest4_pkey on sbtest4  (cost=0.43..8.45 rows=1 width=121)
	  Index Cond: (id = 4691713)

table 5 : explain SELECT c FROM sbtest5 WHERE id=5975817
	Index Scan using sbtest5_pkey on sbtest5  (cost=0.43..8.45 rows=1 width=121)
	  Index Cond: (id = 5975817)

table 6 : explain SELECT c FROM sbtest6 WHERE id=4423911
	Index Scan using sbtest6_pkey on sbtest6  (cost=0.43..8.45 rows=1 width=121)
	  Index Cond: (id = 4423911)

table 7 : explain SELECT c FROM sbtest7 WHERE id=896131
	Index Scan using sbtest7_pkey on sbtest7  (cost=0.43..8.45 rows=1 width=121)
	  Index Cond: (id = 896131)

table 8 : explain SELECT c FROM sbtest8 WHERE id=6543105
	Index Scan using sbtest8_pkey on sbtest8  (cost=0.43..8.45 rows=1 width=121)
	  Index Cond: (id = 6543105)

for: order_ranges
table 1 : explain SELECT c FROM sbtest1 WHERE id BETWEEN 7427836 AND 7428835 ORDER BY c
	Sort  (cost=3503.13..3505.36 rows=891 width=121)
	  Sort Key: c
	  ->  Bitmap Heap Scan on sbtest1  (cost=29.57..3459.48 rows=891 width=121)
	        Recheck Cond: ((id >= 7427836) AND (id <= 7428835))
	        ->  Bitmap Index Scan on sbtest1_pkey  (cost=0.00..29.34 rows=891 width=0)
	              Index Cond: ((id >= 7427836) AND (id <= 7428835))

table 2 : explain SELECT c FROM sbtest2 WHERE id BETWEEN 7638903 AND 7639902 ORDER BY c
	Sort  (cost=4193.15..4195.82 rows=1069 width=121)
	  Sort Key: c
	  ->  Bitmap Heap Scan on sbtest2  (cost=35.39..4139.37 rows=1069 width=121)
	        Recheck Cond: ((id >= 7638903) AND (id <= 7639902))
	        ->  Bitmap Index Scan on sbtest2_pkey  (cost=0.00..35.12 rows=1069 width=0)
	              Index Cond: ((id >= 7638903) AND (id <= 7639902))

table 3 : explain SELECT c FROM sbtest3 WHERE id BETWEEN 2630016 AND 2631015 ORDER BY c
	Sort  (cost=3728.72..3731.09 rows=948 width=121)
	  Sort Key: c
	  ->  Bitmap Heap Scan on sbtest3  (cost=34.15..3681.85 rows=948 width=121)
	        Recheck Cond: ((id >= 2630016) AND (id <= 2631015))
	        ->  Bitmap Index Scan on sbtest3_pkey  (cost=0.00..33.92 rows=948 width=0)
	              Index Cond: ((id >= 2630016) AND (id <= 2631015))

table 4 : explain SELECT c FROM sbtest4 WHERE id BETWEEN 1778885 AND 1779884 ORDER BY c
	Sort  (cost=4583.75..4586.64 rows=1159 width=121)
	  Sort Key: c
	  ->  Index Scan using sbtest4_pkey on sbtest4  (cost=0.43..4524.76 rows=1159 width=121)
	        Index Cond: ((id >= 1778885) AND (id <= 1779884))

table 5 : explain SELECT c FROM sbtest5 WHERE id BETWEEN 2707762 AND 2708761 ORDER BY c
	Sort  (cost=3477.77..3479.98 rows=883 width=121)
	  Sort Key: c
	  ->  Bitmap Heap Scan on sbtest5  (cost=29.49..3434.56 rows=883 width=121)
	        Recheck Cond: ((id >= 2707762) AND (id <= 2708761))
	        ->  Bitmap Index Scan on sbtest5_pkey  (cost=0.00..29.26 rows=883 width=0)
	              Index Cond: ((id >= 2707762) AND (id <= 2708761))

table 6 : explain SELECT c FROM sbtest6 WHERE id BETWEEN 2736486 AND 2737485 ORDER BY c
	Sort  (cost=3997.03..3999.57 rows=1017 width=121)
	  Sort Key: c
	  ->  Bitmap Heap Scan on sbtest6  (cost=34.86..3946.23 rows=1017 width=121)
	        Recheck Cond: ((id >= 2736486) AND (id <= 2737485))
	        ->  Bitmap Index Scan on sbtest6_pkey  (cost=0.00..34.61 rows=1017 width=0)
	              Index Cond: ((id >= 2736486) AND (id <= 2737485))

table 7 : explain SELECT c FROM sbtest7 WHERE id BETWEEN 1805713 AND 1806712 ORDER BY c
	Sort  (cost=3581.64..3583.89 rows=903 width=121)
	  Sort Key: c
	  ->  Index Scan using sbtest7_pkey on sbtest7  (cost=0.43..3537.30 rows=903 width=121)
	        Index Cond: ((id >= 1805713) AND (id <= 1806712))

table 8 : explain SELECT c FROM sbtest8 WHERE id BETWEEN 4913339 AND 4914338 ORDER BY c
	Sort  (cost=4265.32..4268.03 rows=1087 width=121)
	  Sort Key: c
	  ->  Bitmap Heap Scan on sbtest8  (cost=35.58..4210.50 rows=1087 width=121)
	        Recheck Cond: ((id >= 4913339) AND (id <= 4914338))
	        ->  Bitmap Index Scan on sbtest8_pkey  (cost=0.00..35.31 rows=1087 width=0)
	              Index Cond: ((id >= 4913339) AND (id <= 4914338))

for: sum_ranges
table 1 : explain SELECT SUM(k) FROM sbtest1 WHERE id BETWEEN 1778922 AND 1779921
	Aggregate  (cost=3726.62..3726.63 rows=1 width=8)
	  ->  Bitmap Heap Scan on sbtest1  (cost=34.28..3724.22 rows=960 width=4)
	        Recheck Cond: ((id >= 1778922) AND (id <= 1779921))
	        ->  Bitmap Index Scan on sbtest1_pkey  (cost=0.00..34.04 rows=960 width=0)
	              Index Cond: ((id >= 1778922) AND (id <= 1779921))

table 2 : explain SELECT SUM(k) FROM sbtest2 WHERE id BETWEEN 4223171 AND 4224170
	Aggregate  (cost=3783.41..3783.42 rows=1 width=8)
	  ->  Bitmap Heap Scan on sbtest2  (cost=34.42..3780.97 rows=974 width=4)
	        Recheck Cond: ((id >= 4223171) AND (id <= 4224170))
	        ->  Bitmap Index Scan on sbtest2_pkey  (cost=0.00..34.18 rows=974 width=0)
	              Index Cond: ((id >= 4223171) AND (id <= 4224170))

table 3 : explain SELECT SUM(k) FROM sbtest3 WHERE id BETWEEN 9841975 AND 9842974
	Aggregate  (cost=4065.66..4065.67 rows=1 width=8)
	  ->  Bitmap Heap Scan on sbtest3  (cost=35.19..4063.03 rows=1049 width=4)
	        Recheck Cond: ((id >= 9841975) AND (id <= 9842974))
	        ->  Bitmap Index Scan on sbtest3_pkey  (cost=0.00..34.93 rows=1049 width=0)
	              Index Cond: ((id >= 9841975) AND (id <= 9842974))

table 4 : explain SELECT SUM(k) FROM sbtest4 WHERE id BETWEEN 9114954 AND 9115953
	Aggregate  (cost=3695.38..3695.39 rows=1 width=8)
	  ->  Index Scan using sbtest4_pkey on sbtest4  (cost=0.43..3693.01 rows=945 width=4)
	        Index Cond: ((id >= 9114954) AND (id <= 9115953))

table 5 : explain SELECT SUM(k) FROM sbtest5 WHERE id BETWEEN 42356 AND 43355
	Aggregate  (cost=3656.94..3656.95 rows=1 width=8)
	  ->  Bitmap Heap Scan on sbtest5  (cost=34.07..3654.59 rows=940 width=4)
	        Recheck Cond: ((id >= 42356) AND (id <= 43355))
	        ->  Bitmap Index Scan on sbtest5_pkey  (cost=0.00..33.84 rows=940 width=0)
	              Index Cond: ((id >= 42356) AND (id <= 43355))

table 6 : explain SELECT SUM(k) FROM sbtest6 WHERE id BETWEEN 7712787 AND 7713786
	Aggregate  (cost=3937.43..3937.44 rows=1 width=8)
	  ->  Bitmap Heap Scan on sbtest6  (cost=34.83..3934.90 rows=1014 width=4)
	        Recheck Cond: ((id >= 7712787) AND (id <= 7713786))
	        ->  Bitmap Index Scan on sbtest6_pkey  (cost=0.00..34.58 rows=1014 width=0)
	              Index Cond: ((id >= 7712787) AND (id <= 7713786))

table 7 : explain SELECT SUM(k) FROM sbtest7 WHERE id BETWEEN 1248701 AND 1249700
	Aggregate  (cost=3968.82..3968.83 rows=1 width=8)
	  ->  Index Scan using sbtest7_pkey on sbtest7  (cost=0.43..3966.29 rows=1012 width=4)
	        Index Cond: ((id >= 1248701) AND (id <= 1249700))

table 8 : explain SELECT SUM(k) FROM sbtest8 WHERE id BETWEEN 2452373 AND 2453372
	Aggregate  (cost=3668.88..3668.89 rows=1 width=8)
	  ->  Index Scan using sbtest8_pkey on sbtest8  (cost=0.43..3666.55 rows=934 width=4)
	        Index Cond: ((id >= 2452373) AND (id <= 2453372))

for point_selects
table 1 : explain SELECT c FROM sbtest1 WHERE id=2603310
	Index Scan using sbtest1_pkey on sbtest1  (cost=0.43..8.45 rows=1 width=121)
	  Index Cond: (id = 2603310)

table 2 : explain SELECT c FROM sbtest2 WHERE id=9508794
	Index Scan using sbtest2_pkey on sbtest2  (cost=0.43..8.45 rows=1 width=121)
	  Index Cond: (id = 9508794)

table 3 : explain SELECT c FROM sbtest3 WHERE id=4975769
	Index Scan using sbtest3_pkey on sbtest3  (cost=0.43..8.45 rows=1 width=121)
	  Index Cond: (id = 4975769)

table 4 : explain SELECT c FROM sbtest4 WHERE id=9313504
	Index Scan using sbtest4_pkey on sbtest4  (cost=0.43..8.45 rows=1 width=121)
	  Index Cond: (id = 9313504)

table 5 : explain SELECT c FROM sbtest5 WHERE id=8474592
	Index Scan using sbtest5_pkey on sbtest5  (cost=0.43..8.45 rows=1 width=121)
	  Index Cond: (id = 8474592)

table 6 : explain SELECT c FROM sbtest6 WHERE id=6083693
	Index Scan using sbtest6_pkey on sbtest6  (cost=0.43..8.45 rows=1 width=121)
	  Index Cond: (id = 6083693)

table 7 : explain SELECT c FROM sbtest7 WHERE id=9679622
	Index Scan using sbtest7_pkey on sbtest7  (cost=0.43..8.45 rows=1 width=121)
	  Index Cond: (id = 9679622)

table 8 : explain SELECT c FROM sbtest8 WHERE id=511875
	Index Scan using sbtest8_pkey on sbtest8  (cost=0.43..8.45 rows=1 width=121)
	  Index Cond: (id = 511875)

for point_selects
table 1 : explain SELECT c FROM sbtest1 WHERE id=6694547
	Index Scan using sbtest1_pkey on sbtest1  (cost=0.43..8.45 rows=1 width=121)
	  Index Cond: (id = 6694547)

table 2 : explain SELECT c FROM sbtest2 WHERE id=6856020
	Index Scan using sbtest2_pkey on sbtest2  (cost=0.43..8.45 rows=1 width=121)
	  Index Cond: (id = 6856020)

table 3 : explain SELECT c FROM sbtest3 WHERE id=1605617
	Index Scan using sbtest3_pkey on sbtest3  (cost=0.43..8.45 rows=1 width=121)
	  Index Cond: (id = 1605617)

table 4 : explain SELECT c FROM sbtest4 WHERE id=9819530
	Index Scan using sbtest4_pkey on sbtest4  (cost=0.43..8.45 rows=1 width=121)
	  Index Cond: (id = 9819530)

table 5 : explain SELECT c FROM sbtest5 WHERE id=5860064
	Index Scan using sbtest5_pkey on sbtest5  (cost=0.43..8.45 rows=1 width=121)
	  Index Cond: (id = 5860064)

table 6 : explain SELECT c FROM sbtest6 WHERE id=1501256
	Index Scan using sbtest6_pkey on sbtest6  (cost=0.43..8.45 rows=1 width=121)
	  Index Cond: (id = 1501256)

table 7 : explain SELECT c FROM sbtest7 WHERE id=1710175
	Index Scan using sbtest7_pkey on sbtest7  (cost=0.43..8.45 rows=1 width=121)
	  Index Cond: (id = 1710175)

table 8 : explain SELECT c FROM sbtest8 WHERE id=5408472
	Index Scan using sbtest8_pkey on sbtest8  (cost=0.43..8.45 rows=1 width=121)
	  Index Cond: (id = 5408472)

for: simple_ranges
table 1 : explain SELECT c FROM sbtest1 WHERE id BETWEEN 92673 AND 93672
	Bitmap Heap Scan on sbtest1  (cost=34.77..3905.23 rows=1008 width=121)
	  Recheck Cond: ((id >= 92673) AND (id <= 93672))
	  ->  Bitmap Index Scan on sbtest1_pkey  (cost=0.00..34.52 rows=1008 width=0)
	        Index Cond: ((id >= 92673) AND (id <= 93672))

table 2 : explain SELECT c FROM sbtest2 WHERE id BETWEEN 3006488 AND 3007487
	Bitmap Heap Scan on sbtest2  (cost=34.64..3864.07 rows=996 width=121)
	  Recheck Cond: ((id >= 3006488) AND (id <= 3007487))
	  ->  Bitmap Index Scan on sbtest2_pkey  (cost=0.00..34.40 rows=996 width=0)
	        Index Cond: ((id >= 3006488) AND (id <= 3007487))

table 3 : explain SELECT c FROM sbtest3 WHERE id BETWEEN 2423357 AND 2424356
	Bitmap Heap Scan on sbtest3  (cost=34.76..3904.68 rows=1007 width=121)
	  Recheck Cond: ((id >= 2423357) AND (id <= 2424356))
	  ->  Bitmap Index Scan on sbtest3_pkey  (cost=0.00..34.51 rows=1007 width=0)
	        Index Cond: ((id >= 2423357) AND (id <= 2424356))

table 4 : explain SELECT c FROM sbtest4 WHERE id BETWEEN 8430307 AND 8431306
	Index Scan using sbtest4_pkey on sbtest4  (cost=0.43..4186.53 rows=1072 width=121)
	  Index Cond: ((id >= 8430307) AND (id <= 8431306))

table 5 : explain SELECT c FROM sbtest5 WHERE id BETWEEN 2378226 AND 2379225
	Bitmap Heap Scan on sbtest5  (cost=34.33..3749.21 rows=965 width=121)
	  Recheck Cond: ((id >= 2378226) AND (id <= 2379225))
	  ->  Bitmap Index Scan on sbtest5_pkey  (cost=0.00..34.09 rows=965 width=0)
	        Index Cond: ((id >= 2378226) AND (id <= 2379225))

table 6 : explain SELECT c FROM sbtest6 WHERE id BETWEEN 3905504 AND 3906503
	Bitmap Heap Scan on sbtest6  (cost=34.01..3632.28 rows=934 width=121)
	  Recheck Cond: ((id >= 3905504) AND (id <= 3906503))
	  ->  Bitmap Index Scan on sbtest6_pkey  (cost=0.00..33.78 rows=934 width=0)
	        Index Cond: ((id >= 3905504) AND (id <= 3906503))

table 7 : explain SELECT c FROM sbtest7 WHERE id BETWEEN 1540833 AND 1541832
	Index Scan using sbtest7_pkey on sbtest7  (cost=0.43..3779.13 rows=964 width=121)
	  Index Cond: ((id >= 1540833) AND (id <= 1541832))

table 8 : explain SELECT c FROM sbtest8 WHERE id BETWEEN 4086407 AND 4087406
	Bitmap Heap Scan on sbtest8  (cost=34.47..3802.72 rows=979 width=121)
	  Recheck Cond: ((id >= 4086407) AND (id <= 4087406))
	  ->  Bitmap Index Scan on sbtest8_pkey  (cost=0.00..34.23 rows=979 width=0)
	        Index Cond: ((id >= 4086407) AND (id <= 4087406))

for: simple_ranges
table 1 : explain SELECT c FROM sbtest1 WHERE id BETWEEN 5773768 AND 5774767
	Bitmap Heap Scan on sbtest1  (cost=34.52..3814.76 rows=984 width=121)
	  Recheck Cond: ((id >= 5773768) AND (id <= 5774767))
	  ->  Bitmap Index Scan on sbtest1_pkey  (cost=0.00..34.28 rows=984 width=0)
	        Index Cond: ((id >= 5773768) AND (id <= 5774767))

table 2 : explain SELECT c FROM sbtest2 WHERE id BETWEEN 5725211 AND 5726210
	Bitmap Heap Scan on sbtest2  (cost=34.43..3784.75 rows=975 width=121)
	  Recheck Cond: ((id >= 5725211) AND (id <= 5726210))
	  ->  Bitmap Index Scan on sbtest2_pkey  (cost=0.00..34.19 rows=975 width=0)
	        Index Cond: ((id >= 5725211) AND (id <= 5726210))

table 3 : explain SELECT c FROM sbtest3 WHERE id BETWEEN 7754895 AND 7755894
	Bitmap Heap Scan on sbtest3  (cost=33.92..3594.86 rows=925 width=121)
	  Recheck Cond: ((id >= 7754895) AND (id <= 7755894))
	  ->  Bitmap Index Scan on sbtest3_pkey  (cost=0.00..33.69 rows=925 width=0)
	        Index Cond: ((id >= 7754895) AND (id <= 7755894))

table 4 : explain SELECT c FROM sbtest4 WHERE id BETWEEN 3459542 AND 3460541
	Index Scan using sbtest4_pkey on sbtest4  (cost=0.43..3712.44 rows=950 width=121)
	  Index Cond: ((id >= 3459542) AND (id <= 3460541))

table 5 : explain SELECT c FROM sbtest5 WHERE id BETWEEN 5014720 AND 5015719
	Bitmap Heap Scan on sbtest5  (cost=34.15..3684.88 rows=948 width=121)
	  Recheck Cond: ((id >= 5014720) AND (id <= 5015719))
	  ->  Bitmap Index Scan on sbtest5_pkey  (cost=0.00..33.92 rows=948 width=0)
	        Index Cond: ((id >= 5014720) AND (id <= 5015719))

table 6 : explain SELECT c FROM sbtest6 WHERE id BETWEEN 2854872 AND 2855871
	Bitmap Heap Scan on sbtest6  (cost=34.41..3779.91 rows=973 width=121)
	  Recheck Cond: ((id >= 2854872) AND (id <= 2855871))
	  ->  Bitmap Index Scan on sbtest6_pkey  (cost=0.00..34.17 rows=973 width=0)
	        Index Cond: ((id >= 2854872) AND (id <= 2855871))

table 7 : explain SELECT c FROM sbtest7 WHERE id BETWEEN 9502437 AND 9503436
	Index Scan using sbtest7_pkey on sbtest7  (cost=0.43..3568.59 rows=910 width=121)
	  Index Cond: ((id >= 9502437) AND (id <= 9503436))

table 8 : explain SELECT c FROM sbtest8 WHERE id BETWEEN 6282294 AND 6283293
	Index Scan using sbtest8_pkey on sbtest8  (cost=0.43..3752.43 rows=956 width=121)
	  Index Cond: ((id >= 6282294) AND (id <= 6283293))

for: distinct_ranges
table 1 : explain SELECT DISTINCT c FROM sbtest1 WHERE id BETWEEN 4749972 AND 4750971 ORDER BY c
	Unique  (cost=3649.12..3653.76 rows=928 width=121)
	  ->  Sort  (cost=3649.12..3651.44 rows=928 width=121)
	        Sort Key: c
	        ->  Bitmap Heap Scan on sbtest1  (cost=33.95..3603.37 rows=928 width=121)
	              Recheck Cond: ((id >= 4749972) AND (id <= 4750971))
	              ->  Bitmap Index Scan on sbtest1_pkey  (cost=0.00..33.72 rows=928 width=0)
	                    Index Cond: ((id >= 4749972) AND (id <= 4750971))

table 2 : explain SELECT DISTINCT c FROM sbtest2 WHERE id BETWEEN 5566585 AND 5567584 ORDER BY c
	Unique  (cost=4135.77..4141.04 rows=1054 width=121)
	  ->  Sort  (cost=4135.77..4138.41 rows=1054 width=121)
	        Sort Key: c
	        ->  Bitmap Heap Scan on sbtest2  (cost=35.24..4082.85 rows=1054 width=121)
	              Recheck Cond: ((id >= 5566585) AND (id <= 5567584))
	              ->  Bitmap Index Scan on sbtest2_pkey  (cost=0.00..34.98 rows=1054 width=0)
	                    Index Cond: ((id >= 5566585) AND (id <= 5567584))

table 3 : explain SELECT DISTINCT c FROM sbtest3 WHERE id BETWEEN 2620468 AND 2621467 ORDER BY c
	Unique  (cost=3728.72..3733.46 rows=948 width=121)
	  ->  Sort  (cost=3728.72..3731.09 rows=948 width=121)
	        Sort Key: c
	        ->  Bitmap Heap Scan on sbtest3  (cost=34.15..3681.85 rows=948 width=121)
	              Recheck Cond: ((id >= 2620468) AND (id <= 2621467))
	              ->  Bitmap Index Scan on sbtest3_pkey  (cost=0.00..33.92 rows=948 width=0)
	                    Index Cond: ((id >= 2620468) AND (id <= 2621467))

table 4 : explain SELECT DISTINCT c FROM sbtest4 WHERE id BETWEEN 2697046 AND 2698045 ORDER BY c
	Unique  (cost=3554.38..3558.87 rows=899 width=121)
	  ->  Sort  (cost=3554.38..3556.63 rows=899 width=121)
	        Sort Key: c
	        ->  Index Scan using sbtest4_pkey on sbtest4  (cost=0.43..3510.27 rows=899 width=121)
	              Index Cond: ((id >= 2697046) AND (id <= 2698045))

table 5 : explain SELECT DISTINCT c FROM sbtest5 WHERE id BETWEEN 5367215 AND 5368214 ORDER BY c
	Unique  (cost=3942.88..3947.89 rows=1003 width=121)
	  ->  Sort  (cost=3942.88..3945.39 rows=1003 width=121)
	        Sort Key: c
	        ->  Bitmap Heap Scan on sbtest5  (cost=34.72..3892.88 rows=1003 width=121)
	              Recheck Cond: ((id >= 5367215) AND (id <= 5368214))
	              ->  Bitmap Index Scan on sbtest5_pkey  (cost=0.00..34.47 rows=1003 width=0)
	                    Index Cond: ((id >= 5367215) AND (id <= 5368214))

table 6 : explain SELECT DISTINCT c FROM sbtest6 WHERE id BETWEEN 6420886 AND 6421885 ORDER BY c
	Unique  (cost=4157.98..4163.28 rows=1059 width=121)
	  ->  Sort  (cost=4157.98..4160.63 rows=1059 width=121)
	        Sort Key: c
	        ->  Bitmap Heap Scan on sbtest6  (cost=35.29..4104.77 rows=1059 width=121)
	              Recheck Cond: ((id >= 6420886) AND (id <= 6421885))
	              ->  Bitmap Index Scan on sbtest6_pkey  (cost=0.00..35.03 rows=1059 width=0)
	                    Index Cond: ((id >= 6420886) AND (id <= 6421885))

table 7 : explain SELECT DISTINCT c FROM sbtest7 WHERE id BETWEEN 6155492 AND 6156491 ORDER BY c
	Unique  (cost=3838.77..3843.61 rows=967 width=121)
	  ->  Sort  (cost=3838.77..3841.19 rows=967 width=121)
	        Sort Key: c
	        ->  Index Scan using sbtest7_pkey on sbtest7  (cost=0.43..3790.82 rows=967 width=121)
	              Index Cond: ((id >= 6155492) AND (id <= 6156491))

table 8 : explain SELECT DISTINCT c FROM sbtest8 WHERE id BETWEEN 1939336 AND 1940335 ORDER BY c
	Unique  (cost=4215.56..4220.93 rows=1074 width=121)
	  ->  Sort  (cost=4215.56..4218.24 rows=1074 width=121)
	        Sort Key: c
	        ->  Bitmap Heap Scan on sbtest8  (cost=35.44..4161.49 rows=1074 width=121)
	              Recheck Cond: ((id >= 1939336) AND (id <= 1940335))
	              ->  Bitmap Index Scan on sbtest8_pkey  (cost=0.00..35.18 rows=1074 width=0)
	                    Index Cond: ((id >= 1939336) AND (id <= 1940335))

for: simple_ranges
table 1 : explain SELECT c FROM sbtest1 WHERE id BETWEEN 9761414 AND 9762413
	Bitmap Heap Scan on sbtest1  (cost=35.06..4014.46 rows=1037 width=121)
	  Recheck Cond: ((id >= 9761414) AND (id <= 9762413))
	  ->  Bitmap Index Scan on sbtest1_pkey  (cost=0.00..34.81 rows=1037 width=0)
	        Index Cond: ((id >= 9761414) AND (id <= 9762413))

table 2 : explain SELECT c FROM sbtest2 WHERE id BETWEEN 438859 AND 439858
	Bitmap Heap Scan on sbtest2  (cost=34.37..3762.08 rows=969 width=121)
	  Recheck Cond: ((id >= 438859) AND (id <= 439858))
	  ->  Bitmap Index Scan on sbtest2_pkey  (cost=0.00..34.12 rows=969 width=0)
	        Index Cond: ((id >= 438859) AND (id <= 439858))

table 3 : explain SELECT c FROM sbtest3 WHERE id BETWEEN 37340 AND 38339
	Bitmap Heap Scan on sbtest3  (cost=35.17..4055.50 rows=1047 width=121)
	  Recheck Cond: ((id >= 37340) AND (id <= 38339))
	  ->  Bitmap Index Scan on sbtest3_pkey  (cost=0.00..34.91 rows=1047 width=0)
	        Index Cond: ((id >= 37340) AND (id <= 38339))

table 4 : explain SELECT c FROM sbtest4 WHERE id BETWEEN 5942133 AND 5943132
	Index Scan using sbtest4_pkey on sbtest4  (cost=0.43..4062.18 rows=1040 width=121)
	  Index Cond: ((id >= 5942133) AND (id <= 5943132))

table 5 : explain SELECT c FROM sbtest5 WHERE id BETWEEN 4399101 AND 4400100
	Bitmap Heap Scan on sbtest5  (cost=35.60..4217.37 rows=1089 width=121)
	  Recheck Cond: ((id >= 4399101) AND (id <= 4400100))
	  ->  Bitmap Index Scan on sbtest5_pkey  (cost=0.00..35.33 rows=1089 width=0)
	        Index Cond: ((id >= 4399101) AND (id <= 4400100))

table 6 : explain SELECT c FROM sbtest6 WHERE id BETWEEN 276499 AND 277498
	Bitmap Heap Scan on sbtest6  (cost=35.01..4002.88 rows=1032 width=121)
	  Recheck Cond: ((id >= 276499) AND (id <= 277498))
	  ->  Bitmap Index Scan on sbtest6_pkey  (cost=0.00..34.76 rows=1032 width=0)
	        Index Cond: ((id >= 276499) AND (id <= 277498))

table 7 : explain SELECT c FROM sbtest7 WHERE id BETWEEN 6842586 AND 6843585
	Index Scan using sbtest7_pkey on sbtest7  (cost=0.43..3946.77 rows=1007 width=121)
	  Index Cond: ((id >= 6842586) AND (id <= 6843585))

table 8 : explain SELECT c FROM sbtest8 WHERE id BETWEEN 6514319 AND 6515318
	Bitmap Heap Scan on sbtest8  (cost=34.79..3919.92 rows=1010 width=121)
	  Recheck Cond: ((id >= 6514319) AND (id <= 6515318))
	  ->  Bitmap Index Scan on sbtest8_pkey  (cost=0.00..34.54 rows=1010 width=0)
	        Index Cond: ((id >= 6514319) AND (id <= 6515318))

for point_selects
table 1 : explain SELECT c FROM sbtest1 WHERE id=2251631
	Index Scan using sbtest1_pkey on sbtest1  (cost=0.43..8.45 rows=1 width=121)
	  Index Cond: (id = 2251631)

table 2 : explain SELECT c FROM sbtest2 WHERE id=7638591
	Index Scan using sbtest2_pkey on sbtest2  (cost=0.43..8.45 rows=1 width=121)
	  Index Cond: (id = 7638591)

table 3 : explain SELECT c FROM sbtest3 WHERE id=2431963
	Index Scan using sbtest3_pkey on sbtest3  (cost=0.43..8.45 rows=1 width=121)
	  Index Cond: (id = 2431963)

table 4 : explain SELECT c FROM sbtest4 WHERE id=2210972
	Index Scan using sbtest4_pkey on sbtest4  (cost=0.43..8.45 rows=1 width=121)
	  Index Cond: (id = 2210972)

table 5 : explain SELECT c FROM sbtest5 WHERE id=3496233
	Index Scan using sbtest5_pkey on sbtest5  (cost=0.43..8.45 rows=1 width=121)
	  Index Cond: (id = 3496233)

table 6 : explain SELECT c FROM sbtest6 WHERE id=6034201
	Index Scan using sbtest6_pkey on sbtest6  (cost=0.43..8.45 rows=1 width=121)
	  Index Cond: (id = 6034201)

table 7 : explain SELECT c FROM sbtest7 WHERE id=1941397
	Index Scan using sbtest7_pkey on sbtest7  (cost=0.43..8.45 rows=1 width=121)
	  Index Cond: (id = 1941397)

table 8 : explain SELECT c FROM sbtest8 WHERE id=6000353
	Index Scan using sbtest8_pkey on sbtest8  (cost=0.43..8.45 rows=1 width=121)
	  Index Cond: (id = 6000353)

for: simple_ranges
table 1 : explain SELECT c FROM sbtest1 WHERE id BETWEEN 9357060 AND 9358059
	Bitmap Heap Scan on sbtest1  (cost=34.88..3946.68 rows=1019 width=121)
	  Recheck Cond: ((id >= 9357060) AND (id <= 9358059))
	  ->  Bitmap Index Scan on sbtest1_pkey  (cost=0.00..34.62 rows=1019 width=0)
	        Index Cond: ((id >= 9357060) AND (id <= 9358059))

table 2 : explain SELECT c FROM sbtest2 WHERE id BETWEEN 7196461 AND 7197460
	Bitmap Heap Scan on sbtest2  (cost=34.58..3841.41 rows=990 width=121)
	  Recheck Cond: ((id >= 7196461) AND (id <= 7197460))
	  ->  Bitmap Index Scan on sbtest2_pkey  (cost=0.00..34.34 rows=990 width=0)
	        Index Cond: ((id >= 7196461) AND (id <= 7197460))

table 3 : explain SELECT c FROM sbtest3 WHERE id BETWEEN 3671782 AND 3672781
	Bitmap Heap Scan on sbtest3  (cost=35.22..4074.34 rows=1052 width=121)
	  Recheck Cond: ((id >= 3671782) AND (id <= 3672781))
	  ->  Bitmap Index Scan on sbtest3_pkey  (cost=0.00..34.95 rows=1052 width=0)
	        Index Cond: ((id >= 3671782) AND (id <= 3672781))

table 4 : explain SELECT c FROM sbtest4 WHERE id BETWEEN 5215367 AND 5216366
	Index Scan using sbtest4_pkey on sbtest4  (cost=0.43..3860.13 rows=988 width=121)
	  Index Cond: ((id >= 5215367) AND (id <= 5216366))

table 5 : explain SELECT c FROM sbtest5 WHERE id BETWEEN 7505849 AND 7506848
	Bitmap Heap Scan on sbtest5  (cost=29.73..3525.57 rows=907 width=121)
	  Recheck Cond: ((id >= 7505849) AND (id <= 7506848))
	  ->  Bitmap Index Scan on sbtest5_pkey  (cost=0.00..29.50 rows=907 width=0)
	        Index Cond: ((id >= 7505849) AND (id <= 7506848))

table 6 : explain SELECT c FROM sbtest6 WHERE id BETWEEN 5350198 AND 5351197
	Bitmap Heap Scan on sbtest6  (cost=34.47..3802.60 rows=979 width=121)
	  Recheck Cond: ((id >= 5350198) AND (id <= 5351197))
	  ->  Bitmap Index Scan on sbtest6_pkey  (cost=0.00..34.23 rows=979 width=0)
	        Index Cond: ((id >= 5350198) AND (id <= 5351197))

table 7 : explain SELECT c FROM sbtest7 WHERE id BETWEEN 6735145 AND 6736144
	Index Scan using sbtest7_pkey on sbtest7  (cost=0.43..3724.53 rows=950 width=121)
	  Index Cond: ((id >= 6735145) AND (id <= 6736144))

table 8 : explain SELECT c FROM sbtest8 WHERE id BETWEEN 5925665 AND 5926664
	Bitmap Heap Scan on sbtest8  (cost=34.55..3832.98 rows=987 width=121)
	  Recheck Cond: ((id >= 5925665) AND (id <= 5926664))
	  ->  Bitmap Index Scan on sbtest8_pkey  (cost=0.00..34.31 rows=987 width=0)
	        Index Cond: ((id >= 5925665) AND (id <= 5926664))

explain: for point_selects :: explain SELECT c FROM sbtest%u WHERE id=%u
explain: for point_selects :: explain SELECT c FROM sbtest%u WHERE id=%u
for: order_ranges
table 1 : explain SELECT c FROM sbtest1 WHERE id BETWEEN 5195042 AND 5196041 ORDER BY c
	Sort  (cost=4268.78..4271.51 rows=1090 width=121)
	  Sort Key: c
	  ->  Bitmap Heap Scan on sbtest1  (cost=35.61..4213.79 rows=1090 width=121)
	        Recheck Cond: ((id >= 5195042) AND (id <= 5196041))
	        ->  Bitmap Index Scan on sbtest1_pkey  (cost=0.00..35.34 rows=1090 width=0)
	              Index Cond: ((id >= 5195042) AND (id <= 5196041))

table 2 : explain SELECT c FROM sbtest2 WHERE id BETWEEN 8643802 AND 8644801 ORDER BY c
	Sort  (cost=4032.43..4035.00 rows=1027 width=121)
	  Sort Key: c
	  ->  Bitmap Heap Scan on sbtest2  (cost=34.96..3981.06 rows=1027 width=121)
	        Recheck Cond: ((id >= 8643802) AND (id <= 8644801))
	        ->  Bitmap Index Scan on sbtest2_pkey  (cost=0.00..34.70 rows=1027 width=0)
	              Index Cond: ((id >= 8643802) AND (id <= 8644801))

table 3 : explain SELECT c FROM sbtest3 WHERE id BETWEEN 6066722 AND 6067721 ORDER BY c
	Sort  (cost=3874.45..3876.91 rows=986 width=121)
	  Sort Key: c
	  ->  Bitmap Heap Scan on sbtest3  (cost=34.54..3825.42 rows=986 width=121)
	        Recheck Cond: ((id >= 6066722) AND (id <= 6067721))
	        ->  Bitmap Index Scan on sbtest3_pkey  (cost=0.00..34.30 rows=986 width=0)
	              Index Cond: ((id >= 6066722) AND (id <= 6067721))

table 4 : explain SELECT c FROM sbtest4 WHERE id BETWEEN 9986770 AND 9987769 ORDER BY c
	Sort  (cost=3976.29..3978.80 rows=1005 width=121)
	  Sort Key: c
	  ->  Index Scan using sbtest4_pkey on sbtest4  (cost=0.43..3926.18 rows=1005 width=121)
	        Index Cond: ((id >= 9986770) AND (id <= 9987769))

table 5 : explain SELECT c FROM sbtest5 WHERE id BETWEEN 2657332 AND 2658331 ORDER BY c
	Sort  (cost=3881.50..3883.96 rows=987 width=121)
	  Sort Key: c
	  ->  Bitmap Heap Scan on sbtest5  (cost=34.55..3832.41 rows=987 width=121)
	        Recheck Cond: ((id >= 2657332) AND (id <= 2658331))
	        ->  Bitmap Index Scan on sbtest5_pkey  (cost=0.00..34.31 rows=987 width=0)
	              Index Cond: ((id >= 2657332) AND (id <= 2658331))

table 6 : explain SELECT c FROM sbtest6 WHERE id BETWEEN 1493104 AND 1494103 ORDER BY c
	Sort  (cost=4039.20..4041.77 rows=1028 width=121)
	  Sort Key: c
	  ->  Bitmap Heap Scan on sbtest6  (cost=34.97..3987.77 rows=1028 width=121)
	        Recheck Cond: ((id >= 1493104) AND (id <= 1494103))
	        ->  Bitmap Index Scan on sbtest6_pkey  (cost=0.00..34.72 rows=1028 width=0)
	              Index Cond: ((id >= 1493104) AND (id <= 1494103))

table 7 : explain SELECT c FROM sbtest7 WHERE id BETWEEN 5569540 AND 5570539 ORDER BY c
	Sort  (cost=3803.18..3805.58 rows=958 width=121)
	  Sort Key: c
	  ->  Index Scan using sbtest7_pkey on sbtest7  (cost=0.43..3755.74 rows=958 width=121)
	        Index Cond: ((id >= 5569540) AND (id <= 5570539))

table 8 : explain SELECT c FROM sbtest8 WHERE id BETWEEN 8657171 AND 8658170 ORDER BY c
	Sort  (cost=3878.23..3880.69 rows=986 width=121)
	  Sort Key: c
	  ->  Bitmap Heap Scan on sbtest8  (cost=34.54..3829.20 rows=986 width=121)
	        Recheck Cond: ((id >= 8657171) AND (id <= 8658170))
	        ->  Bitmap Index Scan on sbtest8_pkey  (cost=0.00..34.30 rows=986 width=0)
	              Index Cond: ((id >= 8657171) AND (id <= 8658170))

for: order_ranges
table 1 : explain SELECT c FROM sbtest1 WHERE id BETWEEN 3372624 AND 3373623 ORDER BY c
	Sort  (cost=4226.81..4229.50 rows=1079 width=121)
	  Sort Key: c
	  ->  Bitmap Heap Scan on sbtest1  (cost=35.49..4172.45 rows=1079 width=121)
	        Recheck Cond: ((id >= 3372624) AND (id <= 3373623))
	        ->  Bitmap Index Scan on sbtest1_pkey  (cost=0.00..35.23 rows=1079 width=0)
	              Index Cond: ((id >= 3372624) AND (id <= 3373623))

table 2 : explain SELECT c FROM sbtest2 WHERE id BETWEEN 5862221 AND 5863220 ORDER BY c
	Sort  (cost=4434.03..4436.86 rows=1131 width=121)
	  Sort Key: c
	  ->  Bitmap Heap Scan on sbtest2  (cost=40.03..4376.67 rows=1131 width=121)
	        Recheck Cond: ((id >= 5862221) AND (id <= 5863220))
	        ->  Bitmap Index Scan on sbtest2_pkey  (cost=0.00..39.75 rows=1131 width=0)
	              Index Cond: ((id >= 5862221) AND (id <= 5863220))

table 3 : explain SELECT c FROM sbtest3 WHERE id BETWEEN 3831204 AND 3832203 ORDER BY c
	Sort  (cost=4505.51..4508.38 rows=1151 width=121)
	  Sort Key: c
	  ->  Bitmap Heap Scan on sbtest3  (cost=40.23..4446.99 rows=1151 width=121)
	        Recheck Cond: ((id >= 3831204) AND (id <= 3832203))
	        ->  Bitmap Index Scan on sbtest3_pkey  (cost=0.00..39.95 rows=1151 width=0)
	              Index Cond: ((id >= 3831204) AND (id <= 3832203))

table 4 : explain SELECT c FROM sbtest4 WHERE id BETWEEN 6067053 AND 6068052 ORDER BY c
	Sort  (cost=3921.10..3923.58 rows=991 width=121)
	  Sort Key: c
	  ->  Index Scan using sbtest4_pkey on sbtest4  (cost=0.43..3871.79 rows=991 width=121)
	        Index Cond: ((id >= 6067053) AND (id <= 6068052))

table 5 : explain SELECT c FROM sbtest5 WHERE id BETWEEN 518032 AND 519031 ORDER BY c
	Sort  (cost=3543.20..3545.45 rows=900 width=121)
	  Sort Key: c
	  ->  Bitmap Heap Scan on sbtest5  (cost=29.66..3499.04 rows=900 width=121)
	        Recheck Cond: ((id >= 518032) AND (id <= 519031))
	        ->  Bitmap Index Scan on sbtest5_pkey  (cost=0.00..29.43 rows=900 width=0)
	              Index Cond: ((id >= 518032) AND (id <= 519031))

table 6 : explain SELECT c FROM sbtest6 WHERE id BETWEEN 6444577 AND 6445576 ORDER BY c
	Sort  (cost=4023.87..4026.43 rows=1024 width=121)
	  Sort Key: c
	  ->  Bitmap Heap Scan on sbtest6  (cost=34.93..3972.67 rows=1024 width=121)
	        Recheck Cond: ((id >= 6444577) AND (id <= 6445576))
	        ->  Bitmap Index Scan on sbtest6_pkey  (cost=0.00..34.68 rows=1024 width=0)
	              Index Cond: ((id >= 6444577) AND (id <= 6445576))

table 7 : explain SELECT c FROM sbtest7 WHERE id BETWEEN 75605 AND 76604 ORDER BY c
	Sort  (cost=3949.54..3952.02 rows=995 width=121)
	  Sort Key: c
	  ->  Index Scan using sbtest7_pkey on sbtest7  (cost=0.43..3899.99 rows=995 width=121)
	        Index Cond: ((id >= 75605) AND (id <= 76604))

table 8 : explain SELECT c FROM sbtest8 WHERE id BETWEEN 2980826 AND 2981825 ORDER BY c
	Sort  (cost=3581.91..3584.17 rows=902 width=121)
	  Sort Key: c
	  ->  Index Scan using sbtest8_pkey on sbtest8  (cost=0.43..3537.64 rows=902 width=121)
	        Index Cond: ((id >= 2980826) AND (id <= 2981825))

for point_selects
table 1 : explain SELECT c FROM sbtest1 WHERE id=4101445
	Index Scan using sbtest1_pkey on sbtest1  (cost=0.43..8.45 rows=1 width=121)
	  Index Cond: (id = 4101445)

table 2 : explain SELECT c FROM sbtest2 WHERE id=8909219
	Index Scan using sbtest2_pkey on sbtest2  (cost=0.43..8.45 rows=1 width=121)
	  Index Cond: (id = 8909219)

table 3 : explain SELECT c FROM sbtest3 WHERE id=3538443
	Index Scan using sbtest3_pkey on sbtest3  (cost=0.43..8.45 rows=1 width=121)
	  Index Cond: (id = 3538443)

table 4 : explain SELECT c FROM sbtest4 WHERE id=5534929
	Index Scan using sbtest4_pkey on sbtest4  (cost=0.43..8.45 rows=1 width=121)
	  Index Cond: (id = 5534929)

table 5 : explain SELECT c FROM sbtest5 WHERE id=1474634
	Index Scan using sbtest5_pkey on sbtest5  (cost=0.43..8.45 rows=1 width=121)
	  Index Cond: (id = 1474634)

table 6 : explain SELECT c FROM sbtest6 WHERE id=4471113
	Index Scan using sbtest6_pkey on sbtest6  (cost=0.43..8.45 rows=1 width=121)
	  Index Cond: (id = 4471113)

table 7 : explain SELECT c FROM sbtest7 WHERE id=9586441
	Index Scan using sbtest7_pkey on sbtest7  (cost=0.43..8.45 rows=1 width=121)
	  Index Cond: (id = 9586441)

table 8 : explain SELECT c FROM sbtest8 WHERE id=7004928
	Index Scan using sbtest8_pkey on sbtest8  (cost=0.43..8.45 rows=1 width=121)
	  Index Cond: (id = 7004928)

for: simple_ranges
table 1 : explain SELECT c FROM sbtest1 WHERE id BETWEEN 1681814 AND 1682813
	Bitmap Heap Scan on sbtest1  (cost=35.28..4093.48 rows=1058 width=121)
	  Recheck Cond: ((id >= 1681814) AND (id <= 1682813))
	  ->  Bitmap Index Scan on sbtest1_pkey  (cost=0.00..35.02 rows=1058 width=0)
	        Index Cond: ((id >= 1681814) AND (id <= 1682813))

table 2 : explain SELECT c FROM sbtest2 WHERE id BETWEEN 6170298 AND 6171297
	Bitmap Heap Scan on sbtest2  (cost=34.41..3777.19 rows=973 width=121)
	  Recheck Cond: ((id >= 6170298) AND (id <= 6171297))
	  ->  Bitmap Index Scan on sbtest2_pkey  (cost=0.00..34.17 rows=973 width=0)
	        Index Cond: ((id >= 6170298) AND (id <= 6171297))

table 3 : explain SELECT c FROM sbtest3 WHERE id BETWEEN 6170020 AND 6171019
	Bitmap Heap Scan on sbtest3  (cost=35.68..4243.75 rows=1097 width=121)
	  Recheck Cond: ((id >= 6170020) AND (id <= 6171019))
	  ->  Bitmap Index Scan on sbtest3_pkey  (cost=0.00..35.41 rows=1097 width=0)
	        Index Cond: ((id >= 6170020) AND (id <= 6171019))

table 4 : explain SELECT c FROM sbtest4 WHERE id BETWEEN 1715697 AND 1716696
	Index Scan using sbtest4_pkey on sbtest4  (cost=0.43..4524.76 rows=1159 width=121)
	  Index Cond: ((id >= 1715697) AND (id <= 1716696))

table 5 : explain SELECT c FROM sbtest5 WHERE id BETWEEN 4016643 AND 4017642
	Bitmap Heap Scan on sbtest5  (cost=35.54..4194.76 rows=1083 width=121)
	  Recheck Cond: ((id >= 4016643) AND (id <= 4017642))
	  ->  Bitmap Index Scan on sbtest5_pkey  (cost=0.00..35.27 rows=1083 width=0)
	        Index Cond: ((id >= 4016643) AND (id <= 4017642))

table 6 : explain SELECT c FROM sbtest6 WHERE id BETWEEN 3545800 AND 3546799
	Bitmap Heap Scan on sbtest6  (cost=29.70..3514.59 rows=904 width=121)
	  Recheck Cond: ((id >= 3545800) AND (id <= 3546799))
	  ->  Bitmap Index Scan on sbtest6_pkey  (cost=0.00..29.47 rows=904 width=0)
	        Index Cond: ((id >= 3545800) AND (id <= 3546799))

table 7 : explain SELECT c FROM sbtest7 WHERE id BETWEEN 424105 AND 425104
	Bitmap Heap Scan on sbtest7  (cost=35.02..4006.87 rows=1033 width=121)
	  Recheck Cond: ((id >= 424105) AND (id <= 425104))
	  ->  Bitmap Index Scan on sbtest7_pkey  (cost=0.00..34.77 rows=1033 width=0)
	        Index Cond: ((id >= 424105) AND (id <= 425104))

table 8 : explain SELECT c FROM sbtest8 WHERE id BETWEEN 6039508 AND 6040507
	Bitmap Heap Scan on sbtest8  (cost=34.63..3863.23 rows=995 width=121)
	  Recheck Cond: ((id >= 6039508) AND (id <= 6040507))
	  ->  Bitmap Index Scan on sbtest8_pkey  (cost=0.00..34.39 rows=995 width=0)
	        Index Cond: ((id >= 6039508) AND (id <= 6040507))

explain: for point_selects :: explain SELECT c FROM sbtest%u WHERE id=%u
for point_selects
table 1 : explain SELECT c FROM sbtest1 WHERE id=2515662
	Index Scan using sbtest1_pkey on sbtest1  (cost=0.43..8.45 rows=1 width=121)
	  Index Cond: (id = 2515662)

table 2 : explain SELECT c FROM sbtest2 WHERE id=601891
	Index Scan using sbtest2_pkey on sbtest2  (cost=0.43..8.45 rows=1 width=121)
	  Index Cond: (id = 601891)

table 3 : explain SELECT c FROM sbtest3 WHERE id=8061044
	Index Scan using sbtest3_pkey on sbtest3  (cost=0.43..8.45 rows=1 width=121)
	  Index Cond: (id = 8061044)

table 4 : explain SELECT c FROM sbtest4 WHERE id=8662100
	Index Scan using sbtest4_pkey on sbtest4  (cost=0.43..8.45 rows=1 width=121)
	  Index Cond: (id = 8662100)

table 5 : explain SELECT c FROM sbtest5 WHERE id=6170329
	Index Scan using sbtest5_pkey on sbtest5  (cost=0.43..8.45 rows=1 width=121)
	  Index Cond: (id = 6170329)

table 6 : explain SELECT c FROM sbtest6 WHERE id=9069036
	Index Scan using sbtest6_pkey on sbtest6  (cost=0.43..8.45 rows=1 width=121)
	  Index Cond: (id = 9069036)

table 7 : explain SELECT c FROM sbtest7 WHERE id=179542
	Index Scan using sbtest7_pkey on sbtest7  (cost=0.43..8.45 rows=1 width=121)
	  Index Cond: (id = 179542)

table 8 : explain SELECT c FROM sbtest8 WHERE id=9195355
	Index Scan using sbtest8_pkey on sbtest8  (cost=0.43..8.45 rows=1 width=121)
	  Index Cond: (id = 9195355)

for: sum_ranges
table 1 : explain SELECT SUM(k) FROM sbtest1 WHERE id BETWEEN 6857605 AND 6858604
	Aggregate  (cost=4088.60..4088.61 rows=1 width=8)
	  ->  Bitmap Heap Scan on sbtest1  (cost=35.26..4085.96 rows=1056 width=4)
	        Recheck Cond: ((id >= 6857605) AND (id <= 6858604))
	        ->  Bitmap Index Scan on sbtest1_pkey  (cost=0.00..35.00 rows=1056 width=0)
	              Index Cond: ((id >= 6857605) AND (id <= 6858604))

table 2 : explain SELECT SUM(k) FROM sbtest2 WHERE id BETWEEN 3748296 AND 3749295
	Aggregate  (cost=4062.86..4062.87 rows=1 width=8)
	  ->  Bitmap Heap Scan on sbtest2  (cost=35.18..4060.24 rows=1048 width=4)
	        Recheck Cond: ((id >= 3748296) AND (id <= 3749295))
	        ->  Bitmap Index Scan on sbtest2_pkey  (cost=0.00..34.92 rows=1048 width=0)
	              Index Cond: ((id >= 3748296) AND (id <= 3749295))

table 3 : explain SELECT SUM(k) FROM sbtest3 WHERE id BETWEEN 6410095 AND 6411094
	Aggregate  (cost=3922.30..3922.31 rows=1 width=8)
	  ->  Bitmap Heap Scan on sbtest3  (cost=34.80..3919.77 rows=1011 width=4)
	        Recheck Cond: ((id >= 6410095) AND (id <= 6411094))
	        ->  Bitmap Index Scan on sbtest3_pkey  (cost=0.00..34.55 rows=1011 width=0)
	              Index Cond: ((id >= 6410095) AND (id <= 6411094))

table 4 : explain SELECT SUM(k) FROM sbtest4 WHERE id BETWEEN 7755586 AND 7756585
	Aggregate  (cost=3493.05..3493.06 rows=1 width=8)
	  ->  Index Scan using sbtest4_pkey on sbtest4  (cost=0.43..3490.81 rows=894 width=4)
	        Index Cond: ((id >= 7755586) AND (id <= 7756585))

table 5 : explain SELECT SUM(k) FROM sbtest5 WHERE id BETWEEN 3647931 AND 3648930
	Aggregate  (cost=3592.51..3592.52 rows=1 width=8)
	  ->  Bitmap Heap Scan on sbtest5  (cost=33.90..3590.20 rows=923 width=4)
	        Recheck Cond: ((id >= 3647931) AND (id <= 3648930))
	        ->  Bitmap Index Scan on sbtest5_pkey  (cost=0.00..33.67 rows=923 width=0)
	              Index Cond: ((id >= 3647931) AND (id <= 3648930))

table 6 : explain SELECT SUM(k) FROM sbtest6 WHERE id BETWEEN 4537928 AND 4538927
	Aggregate  (cost=3854.24..3854.25 rows=1 width=8)
	  ->  Bitmap Heap Scan on sbtest6  (cost=34.60..3851.76 rows=992 width=4)
	        Recheck Cond: ((id >= 4537928) AND (id <= 4538927))
	        ->  Bitmap Index Scan on sbtest6_pkey  (cost=0.00..34.36 rows=992 width=0)
	              Index Cond: ((id >= 4537928) AND (id <= 4538927))

table 7 : explain SELECT SUM(k) FROM sbtest7 WHERE id BETWEEN 3165931 AND 3166930
	Aggregate  (cost=4054.78..4054.79 rows=1 width=8)
	  ->  Bitmap Heap Scan on sbtest7  (cost=35.15..4052.17 rows=1045 width=4)
	        Recheck Cond: ((id >= 3165931) AND (id <= 3166930))
	        ->  Bitmap Index Scan on sbtest7_pkey  (cost=0.00..34.89 rows=1045 width=0)
	              Index Cond: ((id >= 3165931) AND (id <= 3166930))

table 8 : explain SELECT SUM(k) FROM sbtest8 WHERE id BETWEEN 2334156 AND 2335155
	Aggregate  (cost=3808.96..3808.97 rows=1 width=8)
	  ->  Bitmap Heap Scan on sbtest8  (cost=34.48..3806.51 rows=980 width=4)
	        Recheck Cond: ((id >= 2334156) AND (id <= 2335155))
	        ->  Bitmap Index Scan on sbtest8_pkey  (cost=0.00..34.23 rows=980 width=0)
	              Index Cond: ((id >= 2334156) AND (id <= 2335155))

for point_selects
table 1 : explain SELECT c FROM sbtest1 WHERE id=2407511
	Index Scan using sbtest1_pkey on sbtest1  (cost=0.43..8.45 rows=1 width=121)
	  Index Cond: (id = 2407511)

table 2 : explain SELECT c FROM sbtest2 WHERE id=469621
	Index Scan using sbtest2_pkey on sbtest2  (cost=0.43..8.45 rows=1 width=121)
	  Index Cond: (id = 469621)

table 3 : explain SELECT c FROM sbtest3 WHERE id=8753405
	Index Scan using sbtest3_pkey on sbtest3  (cost=0.43..8.45 rows=1 width=121)
	  Index Cond: (id = 8753405)

table 4 : explain SELECT c FROM sbtest4 WHERE id=8408317
	Index Scan using sbtest4_pkey on sbtest4  (cost=0.43..8.45 rows=1 width=121)
	  Index Cond: (id = 8408317)

table 5 : explain SELECT c FROM sbtest5 WHERE id=1598484
	Index Scan using sbtest5_pkey on sbtest5  (cost=0.43..8.45 rows=1 width=121)
	  Index Cond: (id = 1598484)

table 6 : explain SELECT c FROM sbtest6 WHERE id=9435338
	Index Scan using sbtest6_pkey on sbtest6  (cost=0.43..8.45 rows=1 width=121)
	  Index Cond: (id = 9435338)

table 7 : explain SELECT c FROM sbtest7 WHERE id=1166645
	Index Scan using sbtest7_pkey on sbtest7  (cost=0.43..8.45 rows=1 width=121)
	  Index Cond: (id = 1166645)

table 8 : explain SELECT c FROM sbtest8 WHERE id=759317
	Index Scan using sbtest8_pkey on sbtest8  (cost=0.43..8.45 rows=1 width=121)
	  Index Cond: (id = 759317)

for: distinct_ranges
table 1 : explain SELECT DISTINCT c FROM sbtest1 WHERE id BETWEEN 936297 AND 937296 ORDER BY c
	Unique  (cost=3810.08..3814.93 rows=970 width=121)
	  ->  Sort  (cost=3810.08..3812.50 rows=970 width=121)
	        Sort Key: c
	        ->  Bitmap Heap Scan on sbtest1  (cost=34.38..3761.96 rows=970 width=121)
	              Recheck Cond: ((id >= 936297) AND (id <= 937296))
	              ->  Bitmap Index Scan on sbtest1_pkey  (cost=0.00..34.14 rows=970 width=0)
	                    Index Cond: ((id >= 936297) AND (id <= 937296))

table 2 : explain SELECT DISTINCT c FROM sbtest2 WHERE id BETWEEN 8077898 AND 8078897 ORDER BY c
	Unique  (cost=3787.12..3791.94 rows=963 width=121)
	  ->  Sort  (cost=3787.12..3789.53 rows=963 width=121)
	        Sort Key: c
	        ->  Bitmap Heap Scan on sbtest2  (cost=34.31..3739.40 rows=963 width=121)
	              Recheck Cond: ((id >= 8077898) AND (id <= 8078897))
	              ->  Bitmap Index Scan on sbtest2_pkey  (cost=0.00..34.07 rows=963 width=0)
	                    Index Cond: ((id >= 8077898) AND (id <= 8078897))

table 3 : explain SELECT DISTINCT c FROM sbtest3 WHERE id BETWEEN 5213473 AND 5214472 ORDER BY c
	Unique  (cost=4042.97..4048.12 rows=1030 width=121)
	  ->  Sort  (cost=4042.97..4045.54 rows=1030 width=121)
	        Sort Key: c
	        ->  Bitmap Heap Scan on sbtest3  (cost=34.99..3991.42 rows=1030 width=121)
	              Recheck Cond: ((id >= 5213473) AND (id <= 5214472))
	              ->  Bitmap Index Scan on sbtest3_pkey  (cost=0.00..34.73 rows=1030 width=0)
	                    Index Cond: ((id >= 5213473) AND (id <= 5214472))

table 4 : explain SELECT DISTINCT c FROM sbtest4 WHERE id BETWEEN 446443 AND 447442 ORDER BY c
	Unique  (cost=3767.31..3772.07 rows=952 width=121)
	  ->  Sort  (cost=3767.31..3769.69 rows=952 width=121)
	        Sort Key: c
	        ->  Index Scan using sbtest4_pkey on sbtest4  (cost=0.43..3720.21 rows=952 width=121)
	              Index Cond: ((id >= 446443) AND (id <= 447442))

table 5 : explain SELECT DISTINCT c FROM sbtest5 WHERE id BETWEEN 2501907 AND 2502906 ORDER BY c
	Unique  (cost=4046.39..4051.54 rows=1030 width=121)
	  ->  Sort  (cost=4046.39..4048.97 rows=1030 width=121)
	        Sort Key: c
	        ->  Bitmap Heap Scan on sbtest5  (cost=34.99..3994.85 rows=1030 width=121)
	              Recheck Cond: ((id >= 2501907) AND (id <= 2502906))
	              ->  Bitmap Index Scan on sbtest5_pkey  (cost=0.00..34.73 rows=1030 width=0)
	                    Index Cond: ((id >= 2501907) AND (id <= 2502906))

table 6 : explain SELECT DISTINCT c FROM sbtest6 WHERE id BETWEEN 5690001 AND 5691000 ORDER BY c
	Unique  (cost=4100.52..4105.74 rows=1044 width=121)
	  ->  Sort  (cost=4100.52..4103.13 rows=1044 width=121)
	        Sort Key: c
	        ->  Bitmap Heap Scan on sbtest6  (cost=35.14..4048.18 rows=1044 width=121)
	              Recheck Cond: ((id >= 5690001) AND (id <= 5691000))
	              ->  Bitmap Index Scan on sbtest6_pkey  (cost=0.00..34.88 rows=1044 width=0)
	                    Index Cond: ((id >= 5690001) AND (id <= 5691000))

table 7 : explain SELECT DISTINCT c FROM sbtest7 WHERE id BETWEEN 3747945 AND 3748944 ORDER BY c
	Unique  (cost=4031.75..4036.88 rows=1026 width=121)
	  ->  Sort  (cost=4031.75..4034.32 rows=1026 width=121)
	        Sort Key: c
	        ->  Bitmap Heap Scan on sbtest7  (cost=34.95..3980.44 rows=1026 width=121)
	              Recheck Cond: ((id >= 3747945) AND (id <= 3748944))
	              ->  Bitmap Index Scan on sbtest7_pkey  (cost=0.00..34.70 rows=1026 width=0)
	                    Index Cond: ((id >= 3747945) AND (id <= 3748944))

table 8 : explain SELECT DISTINCT c FROM sbtest8 WHERE id BETWEEN 223499 AND 224498 ORDER BY c
	Unique  (cost=4165.78..4171.08 rows=1061 width=121)
	  ->  Sort  (cost=4165.78..4168.43 rows=1061 width=121)
	        Sort Key: c
	        ->  Bitmap Heap Scan on sbtest8  (cost=35.31..4112.46 rows=1061 width=121)
	              Recheck Cond: ((id >= 223499) AND (id <= 224498))
	              ->  Bitmap Index Scan on sbtest8_pkey  (cost=0.00..35.05 rows=1061 width=0)
	                    Index Cond: ((id >= 223499) AND (id <= 224498))

for: simple_ranges
table 1 : explain SELECT c FROM sbtest1 WHERE id BETWEEN 9966656 AND 9967655
	Bitmap Heap Scan on sbtest1  (cost=35.17..4052.09 rows=1047 width=121)
	  Recheck Cond: ((id >= 9966656) AND (id <= 9967655))
	  ->  Bitmap Index Scan on sbtest1_pkey  (cost=0.00..34.91 rows=1047 width=0)
	        Index Cond: ((id >= 9966656) AND (id <= 9967655))

table 2 : explain SELECT c FROM sbtest2 WHERE id BETWEEN 6668776 AND 6669775
	Bitmap Heap Scan on sbtest2  (cost=34.55..3830.08 rows=987 width=121)
	  Recheck Cond: ((id >= 6668776) AND (id <= 6669775))
	  ->  Bitmap Index Scan on sbtest2_pkey  (cost=0.00..34.31 rows=987 width=0)
	        Index Cond: ((id >= 6668776) AND (id <= 6669775))

table 3 : explain SELECT c FROM sbtest3 WHERE id BETWEEN 1600806 AND 1601805
	Bitmap Heap Scan on sbtest3  (cost=29.80..3549.24 rows=914 width=121)
	  Recheck Cond: ((id >= 1600806) AND (id <= 1601805))
	  ->  Bitmap Index Scan on sbtest3_pkey  (cost=0.00..29.57 rows=914 width=0)
	        Index Cond: ((id >= 1600806) AND (id <= 1601805))

table 4 : explain SELECT c FROM sbtest4 WHERE id BETWEEN 3132538 AND 3133537
	Index Scan using sbtest4_pkey on sbtest4  (cost=0.43..3867.90 rows=990 width=121)
	  Index Cond: ((id >= 3132538) AND (id <= 3133537))

table 5 : explain SELECT c FROM sbtest5 WHERE id BETWEEN 3435705 AND 3436704
	Bitmap Heap Scan on sbtest5  (cost=34.64..3866.43 rows=996 width=121)
	  Recheck Cond: ((id >= 3435705) AND (id <= 3436704))
	  ->  Bitmap Index Scan on sbtest5_pkey  (cost=0.00..34.40 rows=996 width=0)
	        Index Cond: ((id >= 3435705) AND (id <= 3436704))

table 6 : explain SELECT c FROM sbtest6 WHERE id BETWEEN 7605348 AND 7606347
	Bitmap Heap Scan on sbtest6  (cost=29.73..3525.97 rows=907 width=121)
	  Recheck Cond: ((id >= 7605348) AND (id <= 7606347))
	  ->  Bitmap Index Scan on sbtest6_pkey  (cost=0.00..29.50 rows=907 width=0)
	        Index Cond: ((id >= 7605348) AND (id <= 7606347))

table 7 : explain SELECT c FROM sbtest7 WHERE id BETWEEN 4141748 AND 4142747
	Index Scan using sbtest7_pkey on sbtest7  (cost=0.43..3872.71 rows=988 width=121)
	  Index Cond: ((id >= 4141748) AND (id <= 4142747))

table 8 : explain SELECT c FROM sbtest8 WHERE id BETWEEN 1592279 AND 1593278
	Index Scan using sbtest8_pkey on sbtest8  (cost=0.43..3588.47 rows=914 width=121)
	  Index Cond: ((id >= 1592279) AND (id <= 1593278))

for: sum_ranges
table 1 : explain SELECT SUM(k) FROM sbtest1 WHERE id BETWEEN 3198154 AND 3199153
	Aggregate  (cost=3518.48..3518.49 rows=1 width=8)
	  ->  Bitmap Heap Scan on sbtest1  (cost=29.72..3516.22 rows=906 width=4)
	        Recheck Cond: ((id >= 3198154) AND (id <= 3199153))
	        ->  Bitmap Index Scan on sbtest1_pkey  (cost=0.00..29.50 rows=906 width=0)
	              Index Cond: ((id >= 3198154) AND (id <= 3199153))

table 2 : explain SELECT SUM(k) FROM sbtest2 WHERE id BETWEEN 7528881 AND 7529880
	Aggregate  (cost=4070.40..4070.41 rows=1 width=8)
	  ->  Bitmap Heap Scan on sbtest2  (cost=35.20..4067.78 rows=1050 width=4)
	        Recheck Cond: ((id >= 7528881) AND (id <= 7529880))
	        ->  Bitmap Index Scan on sbtest2_pkey  (cost=0.00..34.94 rows=1050 width=0)
	              Index Cond: ((id >= 7528881) AND (id <= 7529880))

table 3 : explain SELECT SUM(k) FROM sbtest3 WHERE id BETWEEN 9546279 AND 9547278
	Aggregate  (cost=3880.76..3880.77 rows=1 width=8)
	  ->  Bitmap Heap Scan on sbtest3  (cost=34.69..3878.26 rows=1000 width=4)
	        Recheck Cond: ((id >= 9546279) AND (id <= 9547278))
	        ->  Bitmap Index Scan on sbtest3_pkey  (cost=0.00..34.44 rows=1000 width=0)
	              Index Cond: ((id >= 9546279) AND (id <= 9547278))

table 4 : explain SELECT SUM(k) FROM sbtest4 WHERE id BETWEEN 6294386 AND 6295385
	Aggregate  (cost=3718.70..3718.71 rows=1 width=8)
	  ->  Index Scan using sbtest4_pkey on sbtest4  (cost=0.43..3716.32 rows=951 width=4)
	        Index Cond: ((id >= 6294386) AND (id <= 6295385))

table 5 : explain SELECT SUM(k) FROM sbtest5 WHERE id BETWEEN 9110641 AND 9111640
	Aggregate  (cost=3759.19..3759.20 rows=1 width=8)
	  ->  Bitmap Heap Scan on sbtest5  (cost=34.35..3756.77 rows=967 width=4)
	        Recheck Cond: ((id >= 9110641) AND (id <= 9111640))
	        ->  Bitmap Index Scan on sbtest5_pkey  (cost=0.00..34.11 rows=967 width=0)
	              Index Cond: ((id >= 9110641) AND (id <= 9111640))

table 6 : explain SELECT SUM(k) FROM sbtest6 WHERE id BETWEEN 2688828 AND 2689827
	Aggregate  (cost=4182.89..4182.90 rows=1 width=8)
	  ->  Bitmap Heap Scan on sbtest6  (cost=35.49..4180.20 rows=1079 width=4)
	        Recheck Cond: ((id >= 2688828) AND (id <= 2689827))
	        ->  Bitmap Index Scan on sbtest6_pkey  (cost=0.00..35.23 rows=1079 width=0)
	              Index Cond: ((id >= 2688828) AND (id <= 2689827))

table 7 : explain SELECT SUM(k) FROM sbtest7 WHERE id BETWEEN 4609031 AND 4610030
	Aggregate  (cost=3645.00..3645.01 rows=1 width=8)
	  ->  Index Scan using sbtest7_pkey on sbtest7  (cost=0.43..3642.68 rows=929 width=4)
	        Index Cond: ((id >= 4609031) AND (id <= 4610030))

table 8 : explain SELECT SUM(k) FROM sbtest8 WHERE id BETWEEN 6094175 AND 6095174
	Aggregate  (cost=3865.71..3865.72 rows=1 width=8)
	  ->  Bitmap Heap Scan on sbtest8  (cost=34.63..3863.23 rows=995 width=4)
	        Recheck Cond: ((id >= 6094175) AND (id <= 6095174))
	        ->  Bitmap Index Scan on sbtest8_pkey  (cost=0.00..34.39 rows=995 width=0)
	              Index Cond: ((id >= 6094175) AND (id <= 6095174))

for: sum_ranges
table 1 : explain SELECT SUM(k) FROM sbtest1 WHERE id BETWEEN 6488962 AND 6489961
	Aggregate  (cost=3662.39..3662.40 rows=1 width=8)
	  ->  Bitmap Heap Scan on sbtest1  (cost=34.10..3660.04 rows=943 width=4)
	        Recheck Cond: ((id >= 6488962) AND (id <= 6489961))
	        ->  Bitmap Index Scan on sbtest1_pkey  (cost=0.00..33.87 rows=943 width=0)
	              Index Cond: ((id >= 6488962) AND (id <= 6489961))

table 2 : explain SELECT SUM(k) FROM sbtest2 WHERE id BETWEEN 8107500 AND 8108499
	Aggregate  (cost=3741.81..3741.82 rows=1 width=8)
	  ->  Bitmap Heap Scan on sbtest2  (cost=34.31..3739.40 rows=963 width=4)
	        Recheck Cond: ((id >= 8107500) AND (id <= 8108499))
	        ->  Bitmap Index Scan on sbtest2_pkey  (cost=0.00..34.07 rows=963 width=0)
	              Index Cond: ((id >= 8107500) AND (id <= 8108499))

table 3 : explain SELECT SUM(k) FROM sbtest3 WHERE id BETWEEN 8274195 AND 8275194
	Aggregate  (cost=3676.65..3676.66 rows=1 width=8)
	  ->  Bitmap Heap Scan on sbtest3  (cost=34.13..3674.29 rows=946 width=4)
	        Recheck Cond: ((id >= 8274195) AND (id <= 8275194))
	        ->  Bitmap Index Scan on sbtest3_pkey  (cost=0.00..33.90 rows=946 width=0)
	              Index Cond: ((id >= 8274195) AND (id <= 8275194))

table 4 : explain SELECT SUM(k) FROM sbtest4 WHERE id BETWEEN 1487279 AND 1488278
	Aggregate  (cost=3878.15..3878.16 rows=1 width=8)
	  ->  Index Scan using sbtest4_pkey on sbtest4  (cost=0.43..3875.67 rows=992 width=4)
	        Index Cond: ((id >= 1487279) AND (id <= 1488278))

table 5 : explain SELECT SUM(k) FROM sbtest5 WHERE id BETWEEN 4929292 AND 4930291
	Aggregate  (cost=3630.42..3630.43 rows=1 width=8)
	  ->  Bitmap Heap Scan on sbtest5  (cost=34.00..3628.08 rows=933 width=4)
	        Recheck Cond: ((id >= 4929292) AND (id <= 4930291))
	        ->  Bitmap Index Scan on sbtest5_pkey  (cost=0.00..33.77 rows=933 width=0)
	              Index Cond: ((id >= 4929292) AND (id <= 4930291))

table 6 : explain SELECT SUM(k) FROM sbtest6 WHERE id BETWEEN 6647796 AND 6648795
	Aggregate  (cost=3706.61..3706.62 rows=1 width=8)
	  ->  Bitmap Heap Scan on sbtest6  (cost=34.20..3704.22 rows=953 width=4)
	        Recheck Cond: ((id >= 6647796) AND (id <= 6648795))
	        ->  Bitmap Index Scan on sbtest6_pkey  (cost=0.00..33.97 rows=953 width=0)
	              Index Cond: ((id >= 6647796) AND (id <= 6648795))

table 7 : explain SELECT SUM(k) FROM sbtest7 WHERE id BETWEEN 6149290 AND 6150289
	Aggregate  (cost=3793.24..3793.25 rows=1 width=8)
	  ->  Index Scan using sbtest7_pkey on sbtest7  (cost=0.43..3790.82 rows=967 width=4)
	        Index Cond: ((id >= 6149290) AND (id <= 6150289))

table 8 : explain SELECT SUM(k) FROM sbtest8 WHERE id BETWEEN 8649649 AND 8650648
	Aggregate  (cost=3831.66..3831.67 rows=1 width=8)
	  ->  Bitmap Heap Scan on sbtest8  (cost=34.54..3829.20 rows=986 width=4)
	        Recheck Cond: ((id >= 8649649) AND (id <= 8650648))
	        ->  Bitmap Index Scan on sbtest8_pkey  (cost=0.00..34.30 rows=986 width=0)
	              Index Cond: ((id >= 8649649) AND (id <= 8650648))

for: distinct_ranges
table 1 : explain SELECT DISTINCT c FROM sbtest1 WHERE id BETWEEN 2192069 AND 2193068 ORDER BY c
	Unique  (cost=4322.38..4327.89 rows=1103 width=121)
	  ->  Sort  (cost=4322.38..4325.13 rows=1103 width=121)
	        Sort Key: c
	        ->  Bitmap Heap Scan on sbtest1  (cost=39.74..4266.63 rows=1103 width=121)
	              Recheck Cond: ((id >= 2192069) AND (id <= 2193068))
	              ->  Bitmap Index Scan on sbtest1_pkey  (cost=0.00..39.47 rows=1103 width=0)
	                    Index Cond: ((id >= 2192069) AND (id <= 2193068))

table 2 : explain SELECT DISTINCT c FROM sbtest2 WHERE id BETWEEN 8777789 AND 8778788 ORDER BY c
	Unique  (cost=4204.62..4209.98 rows=1072 width=121)
	  ->  Sort  (cost=4204.62..4207.30 rows=1072 width=121)
	        Sort Key: c
	        ->  Bitmap Heap Scan on sbtest2  (cost=35.42..4150.67 rows=1072 width=121)
	              Recheck Cond: ((id >= 8777789) AND (id <= 8778788))
	              ->  Bitmap Index Scan on sbtest2_pkey  (cost=0.00..35.16 rows=1072 width=0)
	                    Index Cond: ((id >= 8777789) AND (id <= 8778788))

table 3 : explain SELECT DISTINCT c FROM sbtest3 WHERE id BETWEEN 8993853 AND 8994852 ORDER BY c
	Unique  (cost=3889.78..3894.73 rows=990 width=121)
	  ->  Sort  (cost=3889.78..3892.25 rows=990 width=121)
	        Sort Key: c
	        ->  Bitmap Heap Scan on sbtest3  (cost=34.58..3840.52 rows=990 width=121)
	              Recheck Cond: ((id >= 8993853) AND (id <= 8994852))
	              ->  Bitmap Index Scan on sbtest3_pkey  (cost=0.00..34.34 rows=990 width=0)
	                    Index Cond: ((id >= 8993853) AND (id <= 8994852))

table 4 : explain SELECT DISTINCT c FROM sbtest4 WHERE id BETWEEN 5806058 AND 5807057 ORDER BY c
	Unique  (cost=4130.07..4135.29 rows=1044 width=121)
	  ->  Sort  (cost=4130.07..4132.68 rows=1044 width=121)
	        Sort Key: c
	        ->  Index Scan using sbtest4_pkey on sbtest4  (cost=0.43..4077.72 rows=1044 width=121)
	              Index Cond: ((id >= 5806058) AND (id <= 5807057))

table 5 : explain SELECT DISTINCT c FROM sbtest5 WHERE id BETWEEN 87334 AND 88333 ORDER BY c
	Unique  (cost=3701.01..3705.71 rows=940 width=121)
	  ->  Sort  (cost=3701.01..3703.36 rows=940 width=121)
	        Sort Key: c
	        ->  Bitmap Heap Scan on sbtest5  (cost=34.07..3654.59 rows=940 width=121)
	              Recheck Cond: ((id >= 87334) AND (id <= 88333))
	              ->  Bitmap Index Scan on sbtest5_pkey  (cost=0.00..33.84 rows=940 width=0)
	                    Index Cond: ((id >= 87334) AND (id <= 88333))

table 6 : explain SELECT DISTINCT c FROM sbtest6 WHERE id BETWEEN 431606 AND 432605 ORDER BY c
	Unique  (cost=3858.91..3863.82 rows=981 width=121)
	  ->  Sort  (cost=3858.91..3861.36 rows=981 width=121)
	        Sort Key: c
	        ->  Bitmap Heap Scan on sbtest6  (cost=34.49..3810.16 rows=981 width=121)
	              Recheck Cond: ((id >= 431606) AND (id <= 432605))
	              ->  Bitmap Index Scan on sbtest6_pkey  (cost=0.00..34.25 rows=981 width=0)
	                    Index Cond: ((id >= 431606) AND (id <= 432605))

table 7 : explain SELECT DISTINCT c FROM sbtest7 WHERE id BETWEEN 5410766 AND 5411765 ORDER BY c
	Unique  (cost=4165.87..4171.17 rows=1061 width=121)
	  ->  Sort  (cost=4165.87..4168.52 rows=1061 width=121)
	        Sort Key: c
	        ->  Bitmap Heap Scan on sbtest7  (cost=35.31..4112.54 rows=1061 width=121)
	              Recheck Cond: ((id >= 5410766) AND (id <= 5411765))
	              ->  Bitmap Index Scan on sbtest7_pkey  (cost=0.00..35.05 rows=1061 width=0)
	                    Index Cond: ((id >= 5410766) AND (id <= 5411765))

table 8 : explain SELECT DISTINCT c FROM sbtest8 WHERE id BETWEEN 2363015 AND 2364014 ORDER BY c
	Unique  (cost=3855.20..3860.10 rows=980 width=121)
	  ->  Sort  (cost=3855.20..3857.65 rows=980 width=121)
	        Sort Key: c
	        ->  Bitmap Heap Scan on sbtest8  (cost=34.48..3806.51 rows=980 width=121)
	              Recheck Cond: ((id >= 2363015) AND (id <= 2364014))
	              ->  Bitmap Index Scan on sbtest8_pkey  (cost=0.00..34.23 rows=980 width=0)
	                    Index Cond: ((id >= 2363015) AND (id <= 2364014))

for: simple_ranges
table 1 : explain SELECT c FROM sbtest1 WHERE id BETWEEN 5136461 AND 5137460
	Bitmap Heap Scan on sbtest1  (cost=34.05..3641.15 rows=938 width=121)
	  Recheck Cond: ((id >= 5136461) AND (id <= 5137460))
	  ->  Bitmap Index Scan on sbtest1_pkey  (cost=0.00..33.82 rows=938 width=0)
	        Index Cond: ((id >= 5136461) AND (id <= 5137460))

table 2 : explain SELECT c FROM sbtest2 WHERE id BETWEEN 7564201 AND 7565200
	Bitmap Heap Scan on sbtest2  (cost=35.20..4067.78 rows=1050 width=121)
	  Recheck Cond: ((id >= 7564201) AND (id <= 7565200))
	  ->  Bitmap Index Scan on sbtest2_pkey  (cost=0.00..34.94 rows=1050 width=0)
	        Index Cond: ((id >= 7564201) AND (id <= 7565200))

table 3 : explain SELECT c FROM sbtest3 WHERE id BETWEEN 7121434 AND 7122433
	Bitmap Heap Scan on sbtest3  (cost=35.28..4096.94 rows=1058 width=121)
	  Recheck Cond: ((id >= 7121434) AND (id <= 7122433))
	  ->  Bitmap Index Scan on sbtest3_pkey  (cost=0.00..35.02 rows=1058 width=0)
	        Index Cond: ((id >= 7121434) AND (id <= 7122433))

table 4 : explain SELECT c FROM sbtest4 WHERE id BETWEEN 8813471 AND 8814470
	Index Scan using sbtest4_pkey on sbtest4  (cost=0.43..3560.89 rows=911 width=121)
	  Index Cond: ((id >= 8813471) AND (id <= 8814470))

table 5 : explain SELECT c FROM sbtest5 WHERE id BETWEEN 7112739 AND 7113738
	Index Scan using sbtest5_pkey on sbtest5  (cost=0.43..3365.38 rows=856 width=121)
	  Index Cond: ((id >= 7112739) AND (id <= 7113738))

table 6 : explain SELECT c FROM sbtest6 WHERE id BETWEEN 1350781 AND 1351780
	Bitmap Heap Scan on sbtest6  (cost=35.00..3999.10 rows=1031 width=121)
	  Recheck Cond: ((id >= 1350781) AND (id <= 1351780))
	  ->  Bitmap Index Scan on sbtest6_pkey  (cost=0.00..34.75 rows=1031 width=0)
	        Index Cond: ((id >= 1350781) AND (id <= 1351780))

table 7 : explain SELECT c FROM sbtest7 WHERE id BETWEEN 6344045 AND 6345044
	Index Scan using sbtest7_pkey on sbtest7  (cost=0.43..3708.94 rows=946 width=121)
	  Index Cond: ((id >= 6344045) AND (id <= 6345044))

table 8 : explain SELECT c FROM sbtest8 WHERE id BETWEEN 8899780 AND 8900779
	Bitmap Heap Scan on sbtest8  (cost=35.26..4093.60 rows=1056 width=121)
	  Recheck Cond: ((id >= 8899780) AND (id <= 8900779))
	  ->  Bitmap Index Scan on sbtest8_pkey  (cost=0.00..35.00 rows=1056 width=0)
	        Index Cond: ((id >= 8899780) AND (id <= 8900779))

for: sum_ranges
table 1 : explain SELECT SUM(k) FROM sbtest1 WHERE id BETWEEN 217116 AND 218115
	Aggregate  (cost=3696.40..3696.41 rows=1 width=8)
	  ->  Bitmap Heap Scan on sbtest1  (cost=34.19..3694.02 rows=952 width=4)
	        Recheck Cond: ((id >= 217116) AND (id <= 218115))
	        ->  Bitmap Index Scan on sbtest1_pkey  (cost=0.00..33.95 rows=952 width=0)
	              Index Cond: ((id >= 217116) AND (id <= 218115))

table 2 : explain SELECT SUM(k) FROM sbtest2 WHERE id BETWEEN 8399779 AND 8400778
	Aggregate  (cost=4308.01..4308.02 rows=1 width=8)
	  ->  Bitmap Heap Scan on sbtest2  (cost=39.83..4305.23 rows=1112 width=4)
	        Recheck Cond: ((id >= 8399779) AND (id <= 8400778))
	        ->  Bitmap Index Scan on sbtest2_pkey  (cost=0.00..39.56 rows=1112 width=0)
	              Index Cond: ((id >= 8399779) AND (id <= 8400778))

table 3 : explain SELECT SUM(k) FROM sbtest3 WHERE id BETWEEN 314460 AND 315459
	Aggregate  (cost=3933.62..3933.63 rows=1 width=8)
	  ->  Bitmap Heap Scan on sbtest3  (cost=34.83..3931.08 rows=1014 width=4)
	        Recheck Cond: ((id >= 314460) AND (id <= 315459))
	        ->  Bitmap Index Scan on sbtest3_pkey  (cost=0.00..34.58 rows=1014 width=0)
	              Index Cond: ((id >= 314460) AND (id <= 315459))

table 4 : explain SELECT SUM(k) FROM sbtest4 WHERE id BETWEEN 6177993 AND 6178992
	Aggregate  (cost=3796.48..3796.49 rows=1 width=8)
	  ->  Index Scan using sbtest4_pkey on sbtest4  (cost=0.43..3794.05 rows=971 width=4)
	        Index Cond: ((id >= 6177993) AND (id <= 6178992))

table 5 : explain SELECT SUM(k) FROM sbtest5 WHERE id BETWEEN 673912 AND 674911
	Aggregate  (cost=3861.35..3861.36 rows=1 width=8)
	  ->  Bitmap Heap Scan on sbtest5  (cost=34.62..3858.87 rows=994 width=4)
	        Recheck Cond: ((id >= 673912) AND (id <= 674911))
	        ->  Bitmap Index Scan on sbtest5_pkey  (cost=0.00..34.38 rows=994 width=0)
	              Index Cond: ((id >= 673912) AND (id <= 674911))

table 6 : explain SELECT SUM(k) FROM sbtest6 WHERE id BETWEEN 6671863 AND 6672862
	Aggregate  (cost=3706.61..3706.62 rows=1 width=8)
	  ->  Bitmap Heap Scan on sbtest6  (cost=34.20..3704.22 rows=953 width=4)
	        Recheck Cond: ((id >= 6671863) AND (id <= 6672862))
	        ->  Bitmap Index Scan on sbtest6_pkey  (cost=0.00..33.97 rows=953 width=0)
	              Index Cond: ((id >= 6671863) AND (id <= 6672862))

table 7 : explain SELECT SUM(k) FROM sbtest7 WHERE id BETWEEN 7109027 AND 7110026
	Aggregate  (cost=4092.55..4092.56 rows=1 width=8)
	  ->  Bitmap Heap Scan on sbtest7  (cost=35.25..4089.91 rows=1055 width=4)
	        Recheck Cond: ((id >= 7109027) AND (id <= 7110026))
	        ->  Bitmap Index Scan on sbtest7_pkey  (cost=0.00..34.98 rows=1055 width=0)
	              Index Cond: ((id >= 7109027) AND (id <= 7110026))

table 8 : explain SELECT SUM(k) FROM sbtest8 WHERE id BETWEEN 8565469 AND 8566468
	Aggregate  (cost=3684.50..3684.51 rows=1 width=8)
	  ->  Index Scan using sbtest8_pkey on sbtest8  (cost=0.43..3682.16 rows=938 width=4)
	        Index Cond: ((id >= 8565469) AND (id <= 8566468))

for: order_ranges
table 1 : explain SELECT c FROM sbtest1 WHERE id BETWEEN 82570 AND 83569 ORDER BY c
	Sort  (cost=3955.52..3958.04 rows=1008 width=121)
	  Sort Key: c
	  ->  Bitmap Heap Scan on sbtest1  (cost=34.77..3905.23 rows=1008 width=121)
	        Recheck Cond: ((id >= 82570) AND (id <= 83569))
	        ->  Bitmap Index Scan on sbtest1_pkey  (cost=0.00..34.52 rows=1008 width=0)
	              Index Cond: ((id >= 82570) AND (id <= 83569))

table 2 : explain SELECT c FROM sbtest2 WHERE id BETWEEN 6499451 AND 6500450 ORDER BY c
	Sort  (cost=3618.19..3620.49 rows=919 width=121)
	  Sort Key: c
	  ->  Bitmap Heap Scan on sbtest2  (cost=33.85..3572.96 rows=919 width=121)
	        Recheck Cond: ((id >= 6499451) AND (id <= 6500450))
	        ->  Bitmap Index Scan on sbtest2_pkey  (cost=0.00..33.62 rows=919 width=0)
	              Index Cond: ((id >= 6499451) AND (id <= 6500450))

table 3 : explain SELECT c FROM sbtest3 WHERE id BETWEEN 7379046 AND 7380045 ORDER BY c
	Sort  (cost=3582.66..3584.94 rows=911 width=121)
	  Sort Key: c
	  ->  Bitmap Heap Scan on sbtest3  (cost=29.77..3537.88 rows=911 width=121)
	        Recheck Cond: ((id >= 7379046) AND (id <= 7380045))
	        ->  Bitmap Index Scan on sbtest3_pkey  (cost=0.00..29.54 rows=911 width=0)
	              Index Cond: ((id >= 7379046) AND (id <= 7380045))

table 4 : explain SELECT c FROM sbtest4 WHERE id BETWEEN 1573634 AND 1574633 ORDER BY c
	Sort  (cost=3720.01..3722.36 rows=940 width=121)
	  Sort Key: c
	  ->  Index Scan using sbtest4_pkey on sbtest4  (cost=0.43..3673.59 rows=940 width=121)
	        Index Cond: ((id >= 1573634) AND (id <= 1574633))

table 5 : explain SELECT c FROM sbtest5 WHERE id BETWEEN 2087274 AND 2088273 ORDER BY c
	Sort  (cost=4031.06..4033.63 rows=1026 width=121)
	  Sort Key: c
	  ->  Bitmap Heap Scan on sbtest5  (cost=34.95..3979.75 rows=1026 width=121)
	        Recheck Cond: ((id >= 2087274) AND (id <= 2088273))
	        ->  Bitmap Index Scan on sbtest5_pkey  (cost=0.00..34.70 rows=1026 width=0)
	              Index Cond: ((id >= 2087274) AND (id <= 2088273))

table 6 : explain SELECT c FROM sbtest6 WHERE id BETWEEN 3560312 AND 3561311 ORDER BY c
	Sort  (cost=3558.98..3561.24 rows=904 width=121)
	  Sort Key: c
	  ->  Bitmap Heap Scan on sbtest6  (cost=29.70..3514.59 rows=904 width=121)
	        Recheck Cond: ((id >= 3560312) AND (id <= 3561311))
	        ->  Bitmap Index Scan on sbtest6_pkey  (cost=0.00..29.47 rows=904 width=0)
	              Index Cond: ((id >= 3560312) AND (id <= 3561311))

table 7 : explain SELECT c FROM sbtest7 WHERE id BETWEEN 6608768 AND 6609767 ORDER BY c
	Sort  (cost=3791.32..3793.71 rows=955 width=121)
	  Sort Key: c
	  ->  Index Scan using sbtest7_pkey on sbtest7  (cost=0.43..3744.05 rows=955 width=121)
	        Index Cond: ((id >= 6608768) AND (id <= 6609767))

table 8 : explain SELECT c FROM sbtest8 WHERE id BETWEEN 2382842 AND 2383841 ORDER BY c
	Sort  (cost=3712.63..3714.96 rows=934 width=121)
	  Sort Key: c
	  ->  Index Scan using sbtest8_pkey on sbtest8  (cost=0.43..3666.55 rows=934 width=121)
	        Index Cond: ((id >= 2382842) AND (id <= 2383841))

for: simple_ranges
table 1 : explain SELECT c FROM sbtest1 WHERE id BETWEEN 4918343 AND 4919342
	Bitmap Heap Scan on sbtest1  (cost=34.71..3882.62 rows=1002 width=121)
	  Recheck Cond: ((id >= 4918343) AND (id <= 4919342))
	  ->  Bitmap Index Scan on sbtest1_pkey  (cost=0.00..34.45 rows=1002 width=0)
	        Index Cond: ((id >= 4918343) AND (id <= 4919342))

table 2 : explain SELECT c FROM sbtest2 WHERE id BETWEEN 9001936 AND 9002935
	Bitmap Heap Scan on sbtest2  (cost=34.76..3905.59 rows=1007 width=121)
	  Recheck Cond: ((id >= 9001936) AND (id <= 9002935))
	  ->  Bitmap Index Scan on sbtest2_pkey  (cost=0.00..34.51 rows=1007 width=0)
	        Index Cond: ((id >= 9001936) AND (id <= 9002935))

table 3 : explain SELECT c FROM sbtest3 WHERE id BETWEEN 3576062 AND 3577061
	Bitmap Heap Scan on sbtest3  (cost=34.81..3923.54 rows=1012 width=121)
	  Recheck Cond: ((id >= 3576062) AND (id <= 3577061))
	  ->  Bitmap Index Scan on sbtest3_pkey  (cost=0.00..34.56 rows=1012 width=0)
	        Index Cond: ((id >= 3576062) AND (id <= 3577061))

table 4 : explain SELECT c FROM sbtest4 WHERE id BETWEEN 594287 AND 595286
	Index Scan using sbtest4_pkey on sbtest4  (cost=0.43..4085.49 rows=1046 width=121)
	  Index Cond: ((id >= 594287) AND (id <= 595286))

table 5 : explain SELECT c FROM sbtest5 WHERE id BETWEEN 5941377 AND 5942376
	Bitmap Heap Scan on sbtest5  (cost=34.36..3760.56 rows=968 width=121)
	  Recheck Cond: ((id >= 5941377) AND (id <= 5942376))
	  ->  Bitmap Index Scan on sbtest5_pkey  (cost=0.00..34.12 rows=968 width=0)
	        Index Cond: ((id >= 5941377) AND (id <= 5942376))

table 6 : explain SELECT c FROM sbtest6 WHERE id BETWEEN 2663550 AND 2664549
	Bitmap Heap Scan on sbtest6  (cost=35.49..4180.20 rows=1079 width=121)
	  Recheck Cond: ((id >= 2663550) AND (id <= 2664549))
	  ->  Bitmap Index Scan on sbtest6_pkey  (cost=0.00..35.23 rows=1079 width=0)
	        Index Cond: ((id >= 2663550) AND (id <= 2664549))

table 7 : explain SELECT c FROM sbtest7 WHERE id BETWEEN 5878195 AND 5879194
	Index Scan using sbtest7_pkey on sbtest7  (cost=0.43..3981.88 rows=1016 width=121)
	  Index Cond: ((id >= 5878195) AND (id <= 5879194))

table 8 : explain SELECT c FROM sbtest8 WHERE id BETWEEN 9761546 AND 9762545
	Bitmap Heap Scan on sbtest8  (cost=34.89..3957.69 rows=1020 width=121)
	  Recheck Cond: ((id >= 9761546) AND (id <= 9762545))
	  ->  Bitmap Index Scan on sbtest8_pkey  (cost=0.00..34.64 rows=1020 width=0)
	        Index Cond: ((id >= 9761546) AND (id <= 9762545))

explain: for point_selects :: explain SELECT c FROM sbtest%u WHERE id=%u
explain: for point_selects :: explain SELECT c FROM sbtest%u WHERE id=%u
for: sum_ranges
table 1 : explain SELECT SUM(k) FROM sbtest1 WHERE id BETWEEN 6371916 AND 6372915
	Aggregate  (cost=3768.16..3768.17 rows=1 width=8)
	  ->  Bitmap Heap Scan on sbtest1  (cost=34.39..3765.73 rows=971 width=4)
	        Recheck Cond: ((id >= 6371916) AND (id <= 6372915))
	        ->  Bitmap Index Scan on sbtest1_pkey  (cost=0.00..34.15 rows=971 width=0)
	              Index Cond: ((id >= 6371916) AND (id <= 6372915))

table 2 : explain SELECT SUM(k) FROM sbtest2 WHERE id BETWEEN 748181 AND 749180
	Aggregate  (cost=3915.67..3915.68 rows=1 width=8)
	  ->  Bitmap Heap Scan on sbtest2  (cost=34.78..3913.14 rows=1009 width=4)
	        Recheck Cond: ((id >= 748181) AND (id <= 749180))
	        ->  Bitmap Index Scan on sbtest2_pkey  (cost=0.00..34.53 rows=1009 width=0)
	              Index Cond: ((id >= 748181) AND (id <= 749180))

table 3 : explain SELECT SUM(k) FROM sbtest3 WHERE id BETWEEN 6360476 AND 6361475
	Aggregate  (cost=3884.54..3884.55 rows=1 width=8)
	  ->  Bitmap Heap Scan on sbtest3  (cost=34.70..3882.04 rows=1001 width=4)
	        Recheck Cond: ((id >= 6360476) AND (id <= 6361475))
	        ->  Bitmap Index Scan on sbtest3_pkey  (cost=0.00..34.45 rows=1001 width=0)
	              Index Cond: ((id >= 6360476) AND (id <= 6361475))

table 4 : explain SELECT SUM(k) FROM sbtest4 WHERE id BETWEEN 3625857 AND 3626856
	Aggregate  (cost=3734.25..3734.26 rows=1 width=8)
	  ->  Index Scan using sbtest4_pkey on sbtest4  (cost=0.43..3731.86 rows=955 width=4)
	        Index Cond: ((id >= 3625857) AND (id <= 3626856))

table 5 : explain SELECT SUM(k) FROM sbtest5 WHERE id BETWEEN 3633380 AND 3634379
	Aggregate  (cost=3592.51..3592.52 rows=1 width=8)
	  ->  Bitmap Heap Scan on sbtest5  (cost=33.90..3590.20 rows=923 width=4)
	        Recheck Cond: ((id >= 3633380) AND (id <= 3634379))
	        ->  Bitmap Index Scan on sbtest5_pkey  (cost=0.00..33.67 rows=923 width=0)
	              Index Cond: ((id >= 3633380) AND (id <= 3634379))

table 6 : explain SELECT SUM(k) FROM sbtest6 WHERE id BETWEEN 564506 AND 565505
	Aggregate  (cost=4390.43..4390.44 rows=1 width=8)
	  ->  Bitmap Heap Scan on sbtest6  (cost=40.05..4387.60 rows=1133 width=4)
	        Recheck Cond: ((id >= 564506) AND (id <= 565505))
	        ->  Bitmap Index Scan on sbtest6_pkey  (cost=0.00..39.77 rows=1133 width=0)
	              Index Cond: ((id >= 564506) AND (id <= 565505))

table 7 : explain SELECT SUM(k) FROM sbtest7 WHERE id BETWEEN 9594022 AND 9595021
	Aggregate  (cost=3570.86..3570.87 rows=1 width=8)
	  ->  Index Scan using sbtest7_pkey on sbtest7  (cost=0.43..3568.59 rows=910 width=4)
	        Index Cond: ((id >= 9594022) AND (id <= 9595021))

table 8 : explain SELECT SUM(k) FROM sbtest8 WHERE id BETWEEN 8038822 AND 8039821
	Aggregate  (cost=3839.23..3839.24 rows=1 width=8)
	  ->  Bitmap Heap Scan on sbtest8  (cost=34.56..3836.76 rows=988 width=4)
	        Recheck Cond: ((id >= 8038822) AND (id <= 8039821))
	        ->  Bitmap Index Scan on sbtest8_pkey  (cost=0.00..34.32 rows=988 width=0)
	              Index Cond: ((id >= 8038822) AND (id <= 8039821))

for: sum_ranges
table 1 : explain SELECT SUM(k) FROM sbtest1 WHERE id BETWEEN 501777 AND 502776
	Aggregate  (cost=3737.95..3737.96 rows=1 width=8)
	  ->  Bitmap Heap Scan on sbtest1  (cost=34.31..3735.54 rows=963 width=4)
	        Recheck Cond: ((id >= 501777) AND (id <= 502776))
	        ->  Bitmap Index Scan on sbtest1_pkey  (cost=0.00..34.07 rows=963 width=0)
	              Index Cond: ((id >= 501777) AND (id <= 502776))

table 2 : explain SELECT SUM(k) FROM sbtest2 WHERE id BETWEEN 7955233 AND 7956232
	Aggregate  (cost=3806.09..3806.10 rows=1 width=8)
	  ->  Bitmap Heap Scan on sbtest2  (cost=34.48..3803.64 rows=980 width=4)
	        Recheck Cond: ((id >= 7955233) AND (id <= 7956232))
	        ->  Bitmap Index Scan on sbtest2_pkey  (cost=0.00..34.23 rows=980 width=0)
	              Index Cond: ((id >= 7955233) AND (id <= 7956232))

table 3 : explain SELECT SUM(k) FROM sbtest3 WHERE id BETWEEN 6161913 AND 6162912
	Aggregate  (cost=4246.49..4246.50 rows=1 width=8)
	  ->  Bitmap Heap Scan on sbtest3  (cost=35.68..4243.75 rows=1097 width=4)
	        Recheck Cond: ((id >= 6161913) AND (id <= 6162912))
	        ->  Bitmap Index Scan on sbtest3_pkey  (cost=0.00..35.41 rows=1097 width=0)
	              Index Cond: ((id >= 6161913) AND (id <= 6162912))

table 4 : explain SELECT SUM(k) FROM sbtest4 WHERE id BETWEEN 2767992 AND 2768991
	Aggregate  (cost=3302.53..3302.54 rows=1 width=8)
	  ->  Index Scan using sbtest4_pkey on sbtest4  (cost=0.43..3300.42 rows=845 width=4)
	        Index Cond: ((id >= 2767992) AND (id <= 2768991))

table 5 : explain SELECT SUM(k) FROM sbtest5 WHERE id BETWEEN 1585269 AND 1586268
	Aggregate  (cost=3865.13..3865.14 rows=1 width=8)
	  ->  Bitmap Heap Scan on sbtest5  (cost=34.63..3862.65 rows=995 width=4)
	        Recheck Cond: ((id >= 1585269) AND (id <= 1586268))
	        ->  Bitmap Index Scan on sbtest5_pkey  (cost=0.00..34.39 rows=995 width=0)
	              Index Cond: ((id >= 1585269) AND (id <= 1586268))

table 6 : explain SELECT SUM(k) FROM sbtest6 WHERE id BETWEEN 5292676 AND 5293675
	Aggregate  (cost=4114.97..4114.98 rows=1 width=8)
	  ->  Bitmap Heap Scan on sbtest6  (cost=35.31..4112.32 rows=1061 width=4)
	        Recheck Cond: ((id >= 5292676) AND (id <= 5293675))
	        ->  Bitmap Index Scan on sbtest6_pkey  (cost=0.00..35.05 rows=1061 width=0)
	              Index Cond: ((id >= 5292676) AND (id <= 5293675))

table 7 : explain SELECT SUM(k) FROM sbtest7 WHERE id BETWEEN 7110848 AND 7111847
	Aggregate  (cost=4092.55..4092.56 rows=1 width=8)
	  ->  Bitmap Heap Scan on sbtest7  (cost=35.25..4089.91 rows=1055 width=4)
	        Recheck Cond: ((id >= 7110848) AND (id <= 7111847))
	        ->  Bitmap Index Scan on sbtest7_pkey  (cost=0.00..34.98 rows=1055 width=0)
	              Index Cond: ((id >= 7110848) AND (id <= 7111847))

table 8 : explain SELECT SUM(k) FROM sbtest8 WHERE id BETWEEN 846057 AND 847056
	Aggregate  (cost=3869.50..3869.51 rows=1 width=8)
	  ->  Bitmap Heap Scan on sbtest8  (cost=34.64..3867.01 rows=996 width=4)
	        Recheck Cond: ((id >= 846057) AND (id <= 847056))
	        ->  Bitmap Index Scan on sbtest8_pkey  (cost=0.00..34.40 rows=996 width=0)
	              Index Cond: ((id >= 846057) AND (id <= 847056))

for: sum_ranges
table 1 : explain SELECT SUM(k) FROM sbtest1 WHERE id BETWEEN 6025117 AND 6026116
	Aggregate  (cost=3986.91..3986.92 rows=1 width=8)
	  ->  Bitmap Heap Scan on sbtest1  (cost=34.98..3984.34 rows=1029 width=4)
	        Recheck Cond: ((id >= 6025117) AND (id <= 6026116))
	        ->  Bitmap Index Scan on sbtest1_pkey  (cost=0.00..34.73 rows=1029 width=0)
	              Index Cond: ((id >= 6025117) AND (id <= 6026116))

table 2 : explain SELECT SUM(k) FROM sbtest2 WHERE id BETWEEN 845162 AND 846161
	Aggregate  (cost=3632.06..3632.07 rows=1 width=8)
	  ->  Bitmap Heap Scan on sbtest2  (cost=34.01..3629.73 rows=934 width=4)
	        Recheck Cond: ((id >= 845162) AND (id <= 846161))
	        ->  Bitmap Index Scan on sbtest2_pkey  (cost=0.00..33.78 rows=934 width=0)
	              Index Cond: ((id >= 845162) AND (id <= 846161))

table 3 : explain SELECT SUM(k) FROM sbtest3 WHERE id BETWEEN 7293871 AND 7294870
	Aggregate  (cost=3540.16..3540.17 rows=1 width=8)
	  ->  Bitmap Heap Scan on sbtest3  (cost=29.77..3537.88 rows=911 width=4)
	        Recheck Cond: ((id >= 7293871) AND (id <= 7294870))
	        ->  Bitmap Index Scan on sbtest3_pkey  (cost=0.00..29.54 rows=911 width=0)
	              Index Cond: ((id >= 7293871) AND (id <= 7294870))

table 4 : explain SELECT SUM(k) FROM sbtest4 WHERE id BETWEEN 8715259 AND 8716258
	Aggregate  (cost=4165.89..4165.90 rows=1 width=8)
	  ->  Index Scan using sbtest4_pkey on sbtest4  (cost=0.43..4163.22 rows=1066 width=4)
	        Index Cond: ((id >= 8715259) AND (id <= 8716258))

table 5 : explain SELECT SUM(k) FROM sbtest5 WHERE id BETWEEN 5408815 AND 5409814
	Aggregate  (cost=3694.82..3694.83 rows=1 width=8)
	  ->  Bitmap Heap Scan on sbtest5  (cost=34.17..3692.45 rows=950 width=4)
	        Recheck Cond: ((id >= 5408815) AND (id <= 5409814))
	        ->  Bitmap Index Scan on sbtest5_pkey  (cost=0.00..33.94 rows=950 width=0)
	              Index Cond: ((id >= 5408815) AND (id <= 5409814))

table 6 : explain SELECT SUM(k) FROM sbtest6 WHERE id BETWEEN 3278918 AND 3279917
	Aggregate  (cost=3918.53..3918.54 rows=1 width=8)
	  ->  Bitmap Heap Scan on sbtest6  (cost=34.78..3916.01 rows=1009 width=4)
	        Recheck Cond: ((id >= 3278918) AND (id <= 3279917))
	        ->  Bitmap Index Scan on sbtest6_pkey  (cost=0.00..34.53 rows=1009 width=0)
	              Index Cond: ((id >= 3278918) AND (id <= 3279917))

table 7 : explain SELECT SUM(k) FROM sbtest7 WHERE id BETWEEN 1652423 AND 1653422
	Aggregate  (cost=3785.44..3785.45 rows=1 width=8)
	  ->  Index Scan using sbtest7_pkey on sbtest7  (cost=0.43..3783.03 rows=965 width=4)
	        Index Cond: ((id >= 1652423) AND (id <= 1653422))

table 8 : explain SELECT SUM(k) FROM sbtest8 WHERE id BETWEEN 6640580 AND 6641579
	Aggregate  (cost=3895.97..3895.98 rows=1 width=8)
	  ->  Bitmap Heap Scan on sbtest8  (cost=34.72..3893.46 rows=1003 width=4)
	        Recheck Cond: ((id >= 6640580) AND (id <= 6641579))
	        ->  Bitmap Index Scan on sbtest8_pkey  (cost=0.00..34.47 rows=1003 width=0)
	              Index Cond: ((id >= 6640580) AND (id <= 6641579))

explain: for point_selects :: explain SELECT c FROM sbtest%u WHERE id=%u
for: order_ranges
table 1 : explain SELECT c FROM sbtest1 WHERE id BETWEEN 9367205 AND 9368204 ORDER BY c
	Sort  (cost=3997.59..4000.14 rows=1019 width=121)
	  Sort Key: c
	  ->  Bitmap Heap Scan on sbtest1  (cost=34.88..3946.68 rows=1019 width=121)
	        Recheck Cond: ((id >= 9367205) AND (id <= 9368204))
	        ->  Bitmap Index Scan on sbtest1_pkey  (cost=0.00..34.62 rows=1019 width=0)
	              Index Cond: ((id >= 9367205) AND (id <= 9368204))

table 2 : explain SELECT c FROM sbtest2 WHERE id BETWEEN 7978121 AND 7979120 ORDER BY c
	Sort  (cost=3967.32..3969.84 rows=1010 width=121)
	  Sort Key: c
	  ->  Bitmap Heap Scan on sbtest2  (cost=34.79..3916.92 rows=1010 width=121)
	        Recheck Cond: ((id >= 7978121) AND (id <= 7979120))
	        ->  Bitmap Index Scan on sbtest2_pkey  (cost=0.00..34.54 rows=1010 width=0)
	              Index Cond: ((id >= 7978121) AND (id <= 7979120))

table 3 : explain SELECT c FROM sbtest3 WHERE id BETWEEN 9928021 AND 9929020 ORDER BY c
	Sort  (cost=4142.44..4145.08 rows=1056 width=121)
	  Sort Key: c
	  ->  Bitmap Heap Scan on sbtest3  (cost=35.26..4089.40 rows=1056 width=121)
	        Recheck Cond: ((id >= 9928021) AND (id <= 9929020))
	        ->  Bitmap Index Scan on sbtest3_pkey  (cost=0.00..35.00 rows=1056 width=0)
	              Index Cond: ((id >= 9928021) AND (id <= 9929020))

table 4 : explain SELECT c FROM sbtest4 WHERE id BETWEEN 6605110 AND 6606109 ORDER BY c
	Sort  (cost=4260.20..4262.89 rows=1077 width=121)
	  Sort Key: c
	  ->  Index Scan using sbtest4_pkey on sbtest4  (cost=0.43..4205.96 rows=1077 width=121)
	        Index Cond: ((id >= 6605110) AND (id <= 6606109))

table 5 : explain SELECT c FROM sbtest5 WHERE id BETWEEN 5249498 AND 5250497 ORDER BY c
	Sort  (cost=3720.22..3722.59 rows=945 width=121)
	  Sort Key: c
	  ->  Bitmap Heap Scan on sbtest5  (cost=34.12..3673.52 rows=945 width=121)
	        Recheck Cond: ((id >= 5249498) AND (id <= 5250497))
	        ->  Bitmap Index Scan on sbtest5_pkey  (cost=0.00..33.89 rows=945 width=0)
	              Index Cond: ((id >= 5249498) AND (id <= 5250497))

table 6 : explain SELECT c FROM sbtest6 WHERE id BETWEEN 6393752 AND 6394751 ORDER BY c
	Sort  (cost=4157.98..4160.63 rows=1059 width=121)
	  Sort Key: c
	  ->  Bitmap Heap Scan on sbtest6  (cost=35.29..4104.77 rows=1059 width=121)
	        Recheck Cond: ((id >= 6393752) AND (id <= 6394751))
	        ->  Bitmap Index Scan on sbtest6_pkey  (cost=0.00..35.03 rows=1059 width=0)
	              Index Cond: ((id >= 6393752) AND (id <= 6394751))

table 7 : explain SELECT c FROM sbtest7 WHERE id BETWEEN 1005029 AND 1006028 ORDER BY c
	Sort  (cost=3625.18..3627.46 rows=913 width=121)
	  Sort Key: c
	  ->  Index Scan using sbtest7_pkey on sbtest7  (cost=0.43..3580.28 rows=913 width=121)
	        Index Cond: ((id >= 1005029) AND (id <= 1006028))

table 8 : explain SELECT c FROM sbtest8 WHERE id BETWEEN 8438127 AND 8439126 ORDER BY c
	Sort  (cost=3878.23..3880.69 rows=986 width=121)
	  Sort Key: c
	  ->  Bitmap Heap Scan on sbtest8  (cost=34.54..3829.20 rows=986 width=121)
	        Recheck Cond: ((id >= 8438127) AND (id <= 8439126))
	        ->  Bitmap Index Scan on sbtest8_pkey  (cost=0.00..34.30 rows=986 width=0)
	              Index Cond: ((id >= 8438127) AND (id <= 8439126))

for: order_ranges
table 1 : explain SELECT c FROM sbtest1 WHERE id BETWEEN 7079339 AND 7080338 ORDER BY c
	Sort  (cost=4043.47..4046.04 rows=1031 width=121)
	  Sort Key: c
	  ->  Bitmap Heap Scan on sbtest1  (cost=35.00..3991.87 rows=1031 width=121)
	        Recheck Cond: ((id >= 7079339) AND (id <= 7080338))
	        ->  Bitmap Index Scan on sbtest1_pkey  (cost=0.00..34.75 rows=1031 width=0)
	              Index Cond: ((id >= 7079339) AND (id <= 7080338))

table 2 : explain SELECT c FROM sbtest2 WHERE id BETWEEN 6975065 AND 6976064 ORDER BY c
	Sort  (cost=3986.47..3989.01 rows=1015 width=121)
	  Sort Key: c
	  ->  Bitmap Heap Scan on sbtest2  (cost=34.84..3935.78 rows=1015 width=121)
	        Recheck Cond: ((id >= 6975065) AND (id <= 6976064))
	        ->  Bitmap Index Scan on sbtest2_pkey  (cost=0.00..34.59 rows=1015 width=0)
	              Index Cond: ((id >= 6975065) AND (id <= 6976064))

table 3 : explain SELECT c FROM sbtest3 WHERE id BETWEEN 7290017 AND 7291016 ORDER BY c
	Sort  (cost=3582.66..3584.94 rows=911 width=121)
	  Sort Key: c
	  ->  Bitmap Heap Scan on sbtest3  (cost=29.77..3537.88 rows=911 width=121)
	        Recheck Cond: ((id >= 7290017) AND (id <= 7291016))
	        ->  Bitmap Index Scan on sbtest3_pkey  (cost=0.00..29.54 rows=911 width=0)
	              Index Cond: ((id >= 7290017) AND (id <= 7291016))

table 4 : explain SELECT c FROM sbtest4 WHERE id BETWEEN 6556223 AND 6557222 ORDER BY c
	Sort  (cost=4260.20..4262.89 rows=1077 width=121)
	  Sort Key: c
	  ->  Index Scan using sbtest4_pkey on sbtest4  (cost=0.43..4205.96 rows=1077 width=121)
	        Index Cond: ((id >= 6556223) AND (id <= 6557222))

table 5 : explain SELECT c FROM sbtest5 WHERE id BETWEEN 1331488 AND 1332487 ORDER BY c
	Sort  (cost=4061.72..4064.31 rows=1034 width=121)
	  Sort Key: c
	  ->  Bitmap Heap Scan on sbtest5  (cost=35.03..4009.95 rows=1034 width=121)
	        Recheck Cond: ((id >= 1331488) AND (id <= 1332487))
	        ->  Bitmap Index Scan on sbtest5_pkey  (cost=0.00..34.78 rows=1034 width=0)
	              Index Cond: ((id >= 1331488) AND (id <= 1332487))

table 6 : explain SELECT c FROM sbtest6 WHERE id BETWEEN 1485013 AND 1486012 ORDER BY c
	Sort  (cost=3974.02..3976.55 rows=1011 width=121)
	  Sort Key: c
	  ->  Bitmap Heap Scan on sbtest6  (cost=34.80..3923.56 rows=1011 width=121)
	        Recheck Cond: ((id >= 1485013) AND (id <= 1486012))
	        ->  Bitmap Index Scan on sbtest6_pkey  (cost=0.00..34.55 rows=1011 width=0)
	              Index Cond: ((id >= 1485013) AND (id <= 1486012))

table 7 : explain SELECT c FROM sbtest7 WHERE id BETWEEN 7139598 AND 7140597 ORDER BY c
	Sort  (cost=4142.89..4145.52 rows=1055 width=121)
	  Sort Key: c
	  ->  Bitmap Heap Scan on sbtest7  (cost=35.25..4089.91 rows=1055 width=121)
	        Recheck Cond: ((id >= 7139598) AND (id <= 7140597))
	        ->  Bitmap Index Scan on sbtest7_pkey  (cost=0.00..34.98 rows=1055 width=0)
	              Index Cond: ((id >= 7139598) AND (id <= 7140597))

table 8 : explain SELECT c FROM sbtest8 WHERE id BETWEEN 7157760 AND 7158759 ORDER BY c
	Sort  (cost=3893.58..3896.06 rows=990 width=121)
	  Sort Key: c
	  ->  Bitmap Heap Scan on sbtest8  (cost=34.58..3844.32 rows=990 width=121)
	        Recheck Cond: ((id >= 7157760) AND (id <= 7158759))
	        ->  Bitmap Index Scan on sbtest8_pkey  (cost=0.00..34.34 rows=990 width=0)
	              Index Cond: ((id >= 7157760) AND (id <= 7158759))

for: order_ranges
table 1 : explain SELECT c FROM sbtest1 WHERE id BETWEEN 3558166 AND 3559165 ORDER BY c
	Sort  (cost=4005.24..4007.79 rows=1021 width=121)
	  Sort Key: c
	  ->  Bitmap Heap Scan on sbtest1  (cost=34.90..3954.21 rows=1021 width=121)
	        Recheck Cond: ((id >= 3558166) AND (id <= 3559165))
	        ->  Bitmap Index Scan on sbtest1_pkey  (cost=0.00..34.65 rows=1021 width=0)
	              Index Cond: ((id >= 3558166) AND (id <= 3559165))

table 2 : explain SELECT c FROM sbtest2 WHERE id BETWEEN 3886337 AND 3887336 ORDER BY c
	Sort  (cost=3940.50..3943.00 rows=1003 width=121)
	  Sort Key: c
	  ->  Bitmap Heap Scan on sbtest2  (cost=34.72..3890.50 rows=1003 width=121)
	        Recheck Cond: ((id >= 3886337) AND (id <= 3887336))
	        ->  Bitmap Index Scan on sbtest2_pkey  (cost=0.00..34.47 rows=1003 width=0)
	              Index Cond: ((id >= 3886337) AND (id <= 3887336))

table 3 : explain SELECT c FROM sbtest3 WHERE id BETWEEN 1798518 AND 1799517 ORDER BY c
	Sort  (cost=4333.69..4336.46 rows=1105 width=121)
	  Sort Key: c
	  ->  Bitmap Heap Scan on sbtest3  (cost=39.76..4277.84 rows=1105 width=121)
	        Recheck Cond: ((id >= 1798518) AND (id <= 1799517))
	        ->  Bitmap Index Scan on sbtest3_pkey  (cost=0.00..39.48 rows=1105 width=0)
	              Index Cond: ((id >= 1798518) AND (id <= 1799517))

table 4 : explain SELECT c FROM sbtest4 WHERE id BETWEEN 2457530 AND 2458529 ORDER BY c
	Sort  (cost=3743.66..3746.02 rows=946 width=121)
	  Sort Key: c
	  ->  Index Scan using sbtest4_pkey on sbtest4  (cost=0.43..3696.90 rows=946 width=121)
	        Index Cond: ((id >= 2457530) AND (id <= 2458529))

table 5 : explain SELECT c FROM sbtest5 WHERE id BETWEEN 4703976 AND 4704975 ORDER BY c
	Sort  (cost=3754.80..3757.18 rows=954 width=121)
	  Sort Key: c
	  ->  Bitmap Heap Scan on sbtest5  (cost=34.21..3707.59 rows=954 width=121)
	        Recheck Cond: ((id >= 4703976) AND (id <= 4704975))
	        ->  Bitmap Index Scan on sbtest5_pkey  (cost=0.00..33.98 rows=954 width=0)
	              Index Cond: ((id >= 4703976) AND (id <= 4704975))

table 6 : explain SELECT c FROM sbtest6 WHERE id BETWEEN 1424471 AND 1425470 ORDER BY c
	Sort  (cost=3954.84..3957.36 rows=1006 width=121)
	  Sort Key: c
	  ->  Bitmap Heap Scan on sbtest6  (cost=34.75..3904.67 rows=1006 width=121)
	        Recheck Cond: ((id >= 1424471) AND (id <= 1425470))
	        ->  Bitmap Index Scan on sbtest6_pkey  (cost=0.00..34.50 rows=1006 width=0)
	              Index Cond: ((id >= 1424471) AND (id <= 1425470))

table 7 : explain SELECT c FROM sbtest7 WHERE id BETWEEN 9987821 AND 9988820 ORDER BY c
	Sort  (cost=3957.45..3959.94 rows=997 width=121)
	  Sort Key: c
	  ->  Index Scan using sbtest7_pkey on sbtest7  (cost=0.43..3907.79 rows=997 width=121)
	        Index Cond: ((id >= 9987821) AND (id <= 9988820))

table 8 : explain SELECT c FROM sbtest8 WHERE id BETWEEN 7169293 AND 7170292 ORDER BY c
	Sort  (cost=3893.58..3896.06 rows=990 width=121)
	  Sort Key: c
	  ->  Bitmap Heap Scan on sbtest8  (cost=34.58..3844.32 rows=990 width=121)
	        Recheck Cond: ((id >= 7169293) AND (id <= 7170292))
	        ->  Bitmap Index Scan on sbtest8_pkey  (cost=0.00..34.34 rows=990 width=0)
	              Index Cond: ((id >= 7169293) AND (id <= 7170292))

for point_selects
table 1 : explain SELECT c FROM sbtest1 WHERE id=8212967
	Index Scan using sbtest1_pkey on sbtest1  (cost=0.43..8.45 rows=1 width=121)
	  Index Cond: (id = 8212967)

table 2 : explain SELECT c FROM sbtest2 WHERE id=6259100
	Index Scan using sbtest2_pkey on sbtest2  (cost=0.43..8.45 rows=1 width=121)
	  Index Cond: (id = 6259100)

table 3 : explain SELECT c FROM sbtest3 WHERE id=3774628
	Index Scan using sbtest3_pkey on sbtest3  (cost=0.43..8.45 rows=1 width=121)
	  Index Cond: (id = 3774628)

table 4 : explain SELECT c FROM sbtest4 WHERE id=3562146
	Index Scan using sbtest4_pkey on sbtest4  (cost=0.43..8.45 rows=1 width=121)
	  Index Cond: (id = 3562146)

table 5 : explain SELECT c FROM sbtest5 WHERE id=433292
	Index Scan using sbtest5_pkey on sbtest5  (cost=0.43..8.45 rows=1 width=121)
	  Index Cond: (id = 433292)

table 6 : explain SELECT c FROM sbtest6 WHERE id=5820152
	Index Scan using sbtest6_pkey on sbtest6  (cost=0.43..8.45 rows=1 width=121)
	  Index Cond: (id = 5820152)

table 7 : explain SELECT c FROM sbtest7 WHERE id=9948619
	Index Scan using sbtest7_pkey on sbtest7  (cost=0.43..8.45 rows=1 width=121)
	  Index Cond: (id = 9948619)

table 8 : explain SELECT c FROM sbtest8 WHERE id=7389023
	Index Scan using sbtest8_pkey on sbtest8  (cost=0.43..8.45 rows=1 width=121)
	  Index Cond: (id = 7389023)

for: sum_ranges
table 1 : explain SELECT SUM(k) FROM sbtest1 WHERE id BETWEEN 3643118 AND 3644117
	Aggregate  (cost=3824.77..3824.78 rows=1 width=8)
	  ->  Bitmap Heap Scan on sbtest1  (cost=34.54..3822.31 rows=986 width=4)
	        Recheck Cond: ((id >= 3643118) AND (id <= 3644117))
	        ->  Bitmap Index Scan on sbtest1_pkey  (cost=0.00..34.30 rows=986 width=0)
	              Index Cond: ((id >= 3643118) AND (id <= 3644117))

table 2 : explain SELECT SUM(k) FROM sbtest2 WHERE id BETWEEN 3664929 AND 3665928
	Aggregate  (cost=3824.99..3825.00 rows=1 width=8)
	  ->  Bitmap Heap Scan on sbtest2  (cost=34.53..3822.53 rows=985 width=4)
	        Recheck Cond: ((id >= 3664929) AND (id <= 3665928))
	        ->  Bitmap Index Scan on sbtest2_pkey  (cost=0.00..34.29 rows=985 width=0)
	              Index Cond: ((id >= 3664929) AND (id <= 3665928))

table 3 : explain SELECT SUM(k) FROM sbtest3 WHERE id BETWEEN 3234136 AND 3235135
	Aggregate  (cost=4012.86..4012.87 rows=1 width=8)
	  ->  Bitmap Heap Scan on sbtest3  (cost=35.04..4010.27 rows=1035 width=4)
	        Recheck Cond: ((id >= 3234136) AND (id <= 3235135))
	        ->  Bitmap Index Scan on sbtest3_pkey  (cost=0.00..34.79 rows=1035 width=0)
	              Index Cond: ((id >= 3234136) AND (id <= 3235135))

table 4 : explain SELECT SUM(k) FROM sbtest4 WHERE id BETWEEN 4076291 AND 4077290
	Aggregate  (cost=3983.15..3983.16 rows=1 width=8)
	  ->  Index Scan using sbtest4_pkey on sbtest4  (cost=0.43..3980.60 rows=1019 width=4)
	        Index Cond: ((id >= 4076291) AND (id <= 4077290))

table 5 : explain SELECT SUM(k) FROM sbtest5 WHERE id BETWEEN 5750433 AND 5751432
	Aggregate  (cost=4110.70..4110.71 rows=1 width=8)
	  ->  Bitmap Heap Scan on sbtest5  (cost=35.30..4108.05 rows=1060 width=4)
	        Recheck Cond: ((id >= 5750433) AND (id <= 5751432))
	        ->  Bitmap Index Scan on sbtest5_pkey  (cost=0.00..35.04 rows=1060 width=0)
	              Index Cond: ((id >= 5750433) AND (id <= 5751432))

table 6 : explain SELECT SUM(k) FROM sbtest6 WHERE id BETWEEN 8367241 AND 8368240
	Aggregate  (cost=4216.84..4216.85 rows=1 width=8)
	  ->  Bitmap Heap Scan on sbtest6  (cost=35.59..4214.12 rows=1088 width=4)
	        Recheck Cond: ((id >= 8367241) AND (id <= 8368240))
	        ->  Bitmap Index Scan on sbtest6_pkey  (cost=0.00..35.32 rows=1088 width=0)
	              Index Cond: ((id >= 8367241) AND (id <= 8368240))

table 7 : explain SELECT SUM(k) FROM sbtest7 WHERE id BETWEEN 509164 AND 510163
	Aggregate  (cost=3992.22..3992.23 rows=1 width=8)
	  ->  Index Scan using sbtest7_pkey on sbtest7  (cost=0.43..3989.67 rows=1018 width=4)
	        Index Cond: ((id >= 509164) AND (id <= 510163))

table 8 : explain SELECT SUM(k) FROM sbtest8 WHERE id BETWEEN 7526616 AND 7527615
	Aggregate  (cost=3750.92..3750.93 rows=1 width=8)
	  ->  Index Scan using sbtest8_pkey on sbtest8  (cost=0.43..3748.53 rows=955 width=4)
	        Index Cond: ((id >= 7526616) AND (id <= 7527615))

for: order_ranges
table 1 : explain SELECT c FROM sbtest1 WHERE id BETWEEN 5428917 AND 5429916 ORDER BY c
	Sort  (cost=4165.72..4168.38 rows=1063 width=121)
	  Sort Key: c
	  ->  Bitmap Heap Scan on sbtest1  (cost=35.33..4112.29 rows=1063 width=121)
	        Recheck Cond: ((id >= 5428917) AND (id <= 5429916))
	        ->  Bitmap Index Scan on sbtest1_pkey  (cost=0.00..35.07 rows=1063 width=0)
	              Index Cond: ((id >= 5428917) AND (id <= 5429916))

table 2 : explain SELECT c FROM sbtest2 WHERE id BETWEEN 1808903 AND 1809902 ORDER BY c
	Sort  (cost=4239.03..4241.73 rows=1081 width=121)
	  Sort Key: c
	  ->  Bitmap Heap Scan on sbtest2  (cost=35.52..4184.56 rows=1081 width=121)
	        Recheck Cond: ((id >= 1808903) AND (id <= 1809902))
	        ->  Bitmap Index Scan on sbtest2_pkey  (cost=0.00..35.25 rows=1081 width=0)
	              Index Cond: ((id >= 1808903) AND (id <= 1809902))

table 3 : explain SELECT c FROM sbtest3 WHERE id BETWEEN 3806888 AND 3807887 ORDER BY c
	Sort  (cost=4505.51..4508.38 rows=1151 width=121)
	  Sort Key: c
	  ->  Bitmap Heap Scan on sbtest3  (cost=40.23..4446.99 rows=1151 width=121)
	        Recheck Cond: ((id >= 3806888) AND (id <= 3807887))
	        ->  Bitmap Index Scan on sbtest3_pkey  (cost=0.00..39.95 rows=1151 width=0)
	              Index Cond: ((id >= 3806888) AND (id <= 3807887))

table 4 : explain SELECT c FROM sbtest4 WHERE id BETWEEN 1510270 AND 1511269 ORDER BY c
	Sort  (cost=3720.01..3722.36 rows=940 width=121)
	  Sort Key: c
	  ->  Index Scan using sbtest4_pkey on sbtest4  (cost=0.43..3673.59 rows=940 width=121)
	        Index Cond: ((id >= 1510270) AND (id <= 1511269))

table 5 : explain SELECT c FROM sbtest5 WHERE id BETWEEN 6466748 AND 6467747 ORDER BY c
	Sort  (cost=4234.04..4236.74 rows=1079 width=121)
	  Sort Key: c
	  ->  Bitmap Heap Scan on sbtest5  (cost=35.49..4179.69 rows=1079 width=121)
	        Recheck Cond: ((id >= 6466748) AND (id <= 6467747))
	        ->  Bitmap Index Scan on sbtest5_pkey  (cost=0.00..35.23 rows=1079 width=0)
	              Index Cond: ((id >= 6466748) AND (id <= 6467747))

table 6 : explain SELECT c FROM sbtest6 WHERE id BETWEEN 7468992 AND 7469991 ORDER BY c
	Sort  (cost=4318.91..4321.66 rows=1100 width=121)
	  Sort Key: c
	  ->  Bitmap Heap Scan on sbtest6  (cost=39.71..4263.34 rows=1100 width=121)
	        Recheck Cond: ((id >= 7468992) AND (id <= 7469991))
	        ->  Bitmap Index Scan on sbtest6_pkey  (cost=0.00..39.44 rows=1100 width=0)
	              Index Cond: ((id >= 7468992) AND (id <= 7469991))

table 7 : explain SELECT c FROM sbtest7 WHERE id BETWEEN 778967 AND 779966 ORDER BY c
	Sort  (cost=3890.19..3892.64 rows=980 width=121)
	  Sort Key: c
	  ->  Index Scan using sbtest7_pkey on sbtest7  (cost=0.43..3841.50 rows=980 width=121)
	        Index Cond: ((id >= 778967) AND (id <= 779966))

table 8 : explain SELECT c FROM sbtest8 WHERE id BETWEEN 8930831 AND 8931830 ORDER BY c
	Sort  (cost=3889.74..3892.22 rows=989 width=121)
	  Sort Key: c
	  ->  Bitmap Heap Scan on sbtest8  (cost=34.57..3840.54 rows=989 width=121)
	        Recheck Cond: ((id >= 8930831) AND (id <= 8931830))
	        ->  Bitmap Index Scan on sbtest8_pkey  (cost=0.00..34.33 rows=989 width=0)
	              Index Cond: ((id >= 8930831) AND (id <= 8931830))

for: order_ranges
table 1 : explain SELECT c FROM sbtest1 WHERE id BETWEEN 2576841 AND 2577840 ORDER BY c
	Sort  (cost=3909.61..3912.10 rows=996 width=121)
	  Sort Key: c
	  ->  Bitmap Heap Scan on sbtest1  (cost=34.64..3860.01 rows=996 width=121)
	        Recheck Cond: ((id >= 2576841) AND (id <= 2577840))
	        ->  Bitmap Index Scan on sbtest1_pkey  (cost=0.00..34.40 rows=996 width=0)
	              Index Cond: ((id >= 2576841) AND (id <= 2577840))

table 2 : explain SELECT c FROM sbtest2 WHERE id BETWEEN 7645936 AND 7646935 ORDER BY c
	Sort  (cost=4193.15..4195.82 rows=1069 width=121)
	  Sort Key: c
	  ->  Bitmap Heap Scan on sbtest2  (cost=35.39..4139.37 rows=1069 width=121)
	        Recheck Cond: ((id >= 7645936) AND (id <= 7646935))
	        ->  Bitmap Index Scan on sbtest2_pkey  (cost=0.00..35.12 rows=1069 width=0)
	              Index Cond: ((id >= 7645936) AND (id <= 7646935))

table 3 : explain SELECT c FROM sbtest3 WHERE id BETWEEN 7184886 AND 7185885 ORDER BY c
	Sort  (cost=3993.20..3995.74 rows=1017 width=121)
	  Sort Key: c
	  ->  Bitmap Heap Scan on sbtest3  (cost=34.86..3942.40 rows=1017 width=121)
	        Recheck Cond: ((id >= 7184886) AND (id <= 7185885))
	        ->  Bitmap Index Scan on sbtest3_pkey  (cost=0.00..34.61 rows=1017 width=0)
	              Index Cond: ((id >= 7184886) AND (id <= 7185885))

table 4 : explain SELECT c FROM sbtest4 WHERE id BETWEEN 1299963 AND 1300962 ORDER BY c
	Sort  (cost=4165.58..4168.22 rows=1053 width=121)
	  Sort Key: c
	  ->  Index Scan using sbtest4_pkey on sbtest4  (cost=0.43..4112.72 rows=1053 width=121)
	        Index Cond: ((id >= 1299963) AND (id <= 1300962))

table 5 : explain SELECT c FROM sbtest5 WHERE id BETWEEN 3646535 AND 3647534 ORDER BY c
	Sort  (cost=3635.66..3637.97 rows=923 width=121)
	  Sort Key: c
	  ->  Bitmap Heap Scan on sbtest5  (cost=33.90..3590.20 rows=923 width=121)
	        Recheck Cond: ((id >= 3646535) AND (id <= 3647534))
	        ->  Bitmap Index Scan on sbtest5_pkey  (cost=0.00..33.67 rows=923 width=0)
	              Index Cond: ((id >= 3646535) AND (id <= 3647534))

table 6 : explain SELECT c FROM sbtest6 WHERE id BETWEEN 3880659 AND 3881658 ORDER BY c
	Sort  (cost=3678.36..3680.70 rows=934 width=121)
	  Sort Key: c
	  ->  Bitmap Heap Scan on sbtest6  (cost=34.01..3632.28 rows=934 width=121)
	        Recheck Cond: ((id >= 3880659) AND (id <= 3881658))
	        ->  Bitmap Index Scan on sbtest6_pkey  (cost=0.00..33.78 rows=934 width=0)
	              Index Cond: ((id >= 3880659) AND (id <= 3881658))

table 7 : explain SELECT c FROM sbtest7 WHERE id BETWEEN 604912 AND 605911 ORDER BY c
	Sort  (cost=3882.28..3884.72 rows=978 width=121)
	  Sort Key: c
	  ->  Index Scan using sbtest7_pkey on sbtest7  (cost=0.43..3833.70 rows=978 width=121)
	        Index Cond: ((id >= 604912) AND (id <= 605911))

table 8 : explain SELECT c FROM sbtest8 WHERE id BETWEEN 5526247 AND 5527246 ORDER BY c
	Sort  (cost=3696.79..3699.12 rows=930 width=121)
	  Sort Key: c
	  ->  Index Scan using sbtest8_pkey on sbtest8  (cost=0.43..3650.94 rows=930 width=121)
	        Index Cond: ((id >= 5526247) AND (id <= 5527246))

explain: for point_selects :: explain SELECT c FROM sbtest%u WHERE id=%u
for: distinct_ranges
table 1 : explain SELECT DISTINCT c FROM sbtest1 WHERE id BETWEEN 2530074 AND 2531073 ORDER BY c
	Unique  (cost=3909.61..3914.59 rows=996 width=121)
	  ->  Sort  (cost=3909.61..3912.10 rows=996 width=121)
	        Sort Key: c
	        ->  Bitmap Heap Scan on sbtest1  (cost=34.64..3860.01 rows=996 width=121)
	              Recheck Cond: ((id >= 2530074) AND (id <= 2531073))
	              ->  Bitmap Index Scan on sbtest1_pkey  (cost=0.00..34.40 rows=996 width=0)
	                    Index Cond: ((id >= 2530074) AND (id <= 2531073))

table 2 : explain SELECT DISTINCT c FROM sbtest2 WHERE id BETWEEN 754177 AND 755176 ORDER BY c
	Unique  (cost=3963.49..3968.53 rows=1009 width=121)
	  ->  Sort  (cost=3963.49..3966.01 rows=1009 width=121)
	        Sort Key: c
	        ->  Bitmap Heap Scan on sbtest2  (cost=34.78..3913.14 rows=1009 width=121)
	              Recheck Cond: ((id >= 754177) AND (id <= 755176))
	              ->  Bitmap Index Scan on sbtest2_pkey  (cost=0.00..34.53 rows=1009 width=0)
	                    Index Cond: ((id >= 754177) AND (id <= 755176))

table 3 : explain SELECT DISTINCT c FROM sbtest3 WHERE id BETWEEN 7008886 AND 7009885 ORDER BY c
	Unique  (cost=4050.62..4055.78 rows=1032 width=121)
	  ->  Sort  (cost=4050.62..4053.20 rows=1032 width=121)
	        Sort Key: c
	        ->  Bitmap Heap Scan on sbtest3  (cost=35.01..3998.96 rows=1032 width=121)
	              Recheck Cond: ((id >= 7008886) AND (id <= 7009885))
	              ->  Bitmap Index Scan on sbtest3_pkey  (cost=0.00..34.76 rows=1032 width=0)
	                    Index Cond: ((id >= 7008886) AND (id <= 7009885))

table 4 : explain SELECT DISTINCT c FROM sbtest4 WHERE id BETWEEN 5605912 AND 5606911 ORDER BY c
	Unique  (cost=3901.36..3906.29 rows=986 width=121)
	  ->  Sort  (cost=3901.36..3903.82 rows=986 width=121)
	        Sort Key: c
	        ->  Index Scan using sbtest4_pkey on sbtest4  (cost=0.43..3852.33 rows=986 width=121)
	              Index Cond: ((id >= 5605912) AND (id <= 5606911))

table 5 : explain SELECT DISTINCT c FROM sbtest5 WHERE id BETWEEN 2788203 AND 2789202 ORDER BY c
	Unique  (cost=3477.77..3482.18 rows=883 width=121)
	  ->  Sort  (cost=3477.77..3479.98 rows=883 width=121)
	        Sort Key: c
	        ->  Bitmap Heap Scan on sbtest5  (cost=29.49..3434.56 rows=883 width=121)
	              Recheck Cond: ((id >= 2788203) AND (id <= 2789202))
	              ->  Bitmap Index Scan on sbtest5_pkey  (cost=0.00..29.26 rows=883 width=0)
	                    Index Cond: ((id >= 2788203) AND (id <= 2789202))

table 6 : explain SELECT DISTINCT c FROM sbtest6 WHERE id BETWEEN 5270729 AND 5271728 ORDER BY c
	Unique  (cost=4165.64..4170.94 rows=1061 width=121)
	  ->  Sort  (cost=4165.64..4168.29 rows=1061 width=121)
	        Sort Key: c
	        ->  Bitmap Heap Scan on sbtest6  (cost=35.31..4112.32 rows=1061 width=121)
	              Recheck Cond: ((id >= 5270729) AND (id <= 5271728))
	              ->  Bitmap Index Scan on sbtest6_pkey  (cost=0.00..35.05 rows=1061 width=0)
	                    Index Cond: ((id >= 5270729) AND (id <= 5271728))

table 7 : explain SELECT DISTINCT c FROM sbtest7 WHERE id BETWEEN 4196600 AND 4197599 ORDER BY c
	Unique  (cost=3898.13..3903.04 rows=982 width=121)
	  ->  Sort  (cost=3898.13..3900.58 rows=982 width=121)
	        Sort Key: c
	        ->  Index Scan using sbtest7_pkey on sbtest7  (cost=0.43..3849.32 rows=982 width=121)
	              Index Cond: ((id >= 4196600) AND (id <= 4197599))

table 8 : explain SELECT DISTINCT c FROM sbtest8 WHERE id BETWEEN 8351769 AND 8352768 ORDER BY c
	Unique  (cost=3797.60..3802.42 rows=965 width=121)
	  ->  Sort  (cost=3797.60..3800.01 rows=965 width=121)
	        Sort Key: c
	        ->  Bitmap Heap Scan on sbtest8  (cost=34.33..3749.76 rows=965 width=121)
	              Recheck Cond: ((id >= 8351769) AND (id <= 8352768))
	              ->  Bitmap Index Scan on sbtest8_pkey  (cost=0.00..34.09 rows=965 width=0)
	                    Index Cond: ((id >= 8351769) AND (id <= 8352768))

for: order_ranges
table 1 : explain SELECT c FROM sbtest1 WHERE id BETWEEN 41594 AND 42593 ORDER BY c
	Sort  (cost=3955.52..3958.04 rows=1008 width=121)
	  Sort Key: c
	  ->  Bitmap Heap Scan on sbtest1  (cost=34.77..3905.23 rows=1008 width=121)
	        Recheck Cond: ((id >= 41594) AND (id <= 42593))
	        ->  Bitmap Index Scan on sbtest1_pkey  (cost=0.00..34.52 rows=1008 width=0)
	              Index Cond: ((id >= 41594) AND (id <= 42593))

table 2 : explain SELECT c FROM sbtest2 WHERE id BETWEEN 6877074 AND 6878073 ORDER BY c
	Sort  (cost=3871.50..3873.96 rows=985 width=121)
	  Sort Key: c
	  ->  Bitmap Heap Scan on sbtest2  (cost=34.53..3822.53 rows=985 width=121)
	        Recheck Cond: ((id >= 6877074) AND (id <= 6878073))
	        ->  Bitmap Index Scan on sbtest2_pkey  (cost=0.00..34.29 rows=985 width=0)
	              Index Cond: ((id >= 6877074) AND (id <= 6878073))

table 3 : explain SELECT c FROM sbtest3 WHERE id BETWEEN 1363742 AND 1364741 ORDER BY c
	Sort  (cost=4291.50..4294.24 rows=1095 width=121)
	  Sort Key: c
	  ->  Bitmap Heap Scan on sbtest3  (cost=35.66..4236.22 rows=1095 width=121)
	        Recheck Cond: ((id >= 1363742) AND (id <= 1364741))
	        ->  Bitmap Index Scan on sbtest3_pkey  (cost=0.00..35.39 rows=1095 width=0)
	              Index Cond: ((id >= 1363742) AND (id <= 1364741))

table 4 : explain SELECT c FROM sbtest4 WHERE id BETWEEN 2330483 AND 2331482 ORDER BY c
	Sort  (cost=4161.64..4164.27 rows=1052 width=121)
	  Sort Key: c
	  ->  Index Scan using sbtest4_pkey on sbtest4  (cost=0.43..4108.84 rows=1052 width=121)
	        Index Cond: ((id >= 2330483) AND (id <= 2331482))

table 5 : explain SELECT c FROM sbtest5 WHERE id BETWEEN 8250876 AND 8251875 ORDER BY c
	Sort  (cost=4188.11..4190.78 rows=1067 width=121)
	  Sort Key: c
	  ->  Bitmap Heap Scan on sbtest5  (cost=35.37..4134.45 rows=1067 width=121)
	        Recheck Cond: ((id >= 8250876) AND (id <= 8251875))
	        ->  Bitmap Index Scan on sbtest5_pkey  (cost=0.00..35.11 rows=1067 width=0)
	              Index Cond: ((id >= 8250876) AND (id <= 8251875))

table 6 : explain SELECT c FROM sbtest6 WHERE id BETWEEN 5275336 AND 5276335 ORDER BY c
	Sort  (cost=4165.64..4168.29 rows=1061 width=121)
	  Sort Key: c
	  ->  Bitmap Heap Scan on sbtest6  (cost=35.31..4112.32 rows=1061 width=121)
	        Recheck Cond: ((id >= 5275336) AND (id <= 5276335))
	        ->  Bitmap Index Scan on sbtest6_pkey  (cost=0.00..35.05 rows=1061 width=0)
	              Index Cond: ((id >= 5275336) AND (id <= 5276335))

table 7 : explain SELECT c FROM sbtest7 WHERE id BETWEEN 4729496 AND 4730495 ORDER BY c
	Sort  (cost=4062.42..4065.00 rows=1034 width=121)
	  Sort Key: c
	  ->  Bitmap Heap Scan on sbtest7  (cost=35.03..4010.65 rows=1034 width=121)
	        Recheck Cond: ((id >= 4729496) AND (id <= 4730495))
	        ->  Bitmap Index Scan on sbtest7_pkey  (cost=0.00..34.78 rows=1034 width=0)
	              Index Cond: ((id >= 4729496) AND (id <= 4730495))

table 8 : explain SELECT c FROM sbtest8 WHERE id BETWEEN 1212860 AND 1213859 ORDER BY c
	Sort  (cost=3732.43..3734.77 rows=939 width=121)
	  Sort Key: c
	  ->  Index Scan using sbtest8_pkey on sbtest8  (cost=0.43..3686.06 rows=939 width=121)
	        Index Cond: ((id >= 1212860) AND (id <= 1213859))

explain: for point_selects :: explain SELECT c FROM sbtest%u WHERE id=%u
for point_selects
table 1 : explain SELECT c FROM sbtest1 WHERE id=2423610
	Index Scan using sbtest1_pkey on sbtest1  (cost=0.43..8.45 rows=1 width=121)
	  Index Cond: (id = 2423610)

table 2 : explain SELECT c FROM sbtest2 WHERE id=1406531
	Index Scan using sbtest2_pkey on sbtest2  (cost=0.43..8.45 rows=1 width=121)
	  Index Cond: (id = 1406531)

table 3 : explain SELECT c FROM sbtest3 WHERE id=4632890
	Index Scan using sbtest3_pkey on sbtest3  (cost=0.43..8.45 rows=1 width=121)
	  Index Cond: (id = 4632890)

table 4 : explain SELECT c FROM sbtest4 WHERE id=6355354
	Index Scan using sbtest4_pkey on sbtest4  (cost=0.43..8.45 rows=1 width=121)
	  Index Cond: (id = 6355354)

table 5 : explain SELECT c FROM sbtest5 WHERE id=2469698
	Index Scan using sbtest5_pkey on sbtest5  (cost=0.43..8.45 rows=1 width=121)
	  Index Cond: (id = 2469698)

table 6 : explain SELECT c FROM sbtest6 WHERE id=7007830
	Index Scan using sbtest6_pkey on sbtest6  (cost=0.43..8.45 rows=1 width=121)
	  Index Cond: (id = 7007830)

table 7 : explain SELECT c FROM sbtest7 WHERE id=4497094
	Index Scan using sbtest7_pkey on sbtest7  (cost=0.43..8.45 rows=1 width=121)
	  Index Cond: (id = 4497094)

table 8 : explain SELECT c FROM sbtest8 WHERE id=8123659
	Index Scan using sbtest8_pkey on sbtest8  (cost=0.43..8.45 rows=1 width=121)
	  Index Cond: (id = 8123659)

for: distinct_ranges
table 1 : explain SELECT DISTINCT c FROM sbtest1 WHERE id BETWEEN 8759720 AND 8760719 ORDER BY c
	Unique  (cost=3606.92..3611.51 rows=917 width=121)
	  ->  Sort  (cost=3606.92..3609.22 rows=917 width=121)
	        Sort Key: c
	        ->  Bitmap Heap Scan on sbtest1  (cost=33.83..3561.80 rows=917 width=121)
	              Recheck Cond: ((id >= 8759720) AND (id <= 8760719))
	              ->  Bitmap Index Scan on sbtest1_pkey  (cost=0.00..33.61 rows=917 width=0)
	                    Index Cond: ((id >= 8759720) AND (id <= 8760719))

table 2 : explain SELECT DISTINCT c FROM sbtest2 WHERE id BETWEEN 8477592 AND 8478591 ORDER BY c
	Unique  (cost=3683.49..3688.17 rows=936 width=121)
	  ->  Sort  (cost=3683.49..3685.83 rows=936 width=121)
	        Sort Key: c
	        ->  Bitmap Heap Scan on sbtest2  (cost=34.03..3637.30 rows=936 width=121)
	              Recheck Cond: ((id >= 8477592) AND (id <= 8478591))
	              ->  Bitmap Index Scan on sbtest2_pkey  (cost=0.00..33.80 rows=936 width=0)
	                    Index Cond: ((id >= 8477592) AND (id <= 8478591))

table 3 : explain SELECT DISTINCT c FROM sbtest3 WHERE id BETWEEN 7300743 AND 7301742 ORDER BY c
	Unique  (cost=3582.66..3587.22 rows=911 width=121)
	  ->  Sort  (cost=3582.66..3584.94 rows=911 width=121)
	        Sort Key: c
	        ->  Bitmap Heap Scan on sbtest3  (cost=29.77..3537.88 rows=911 width=121)
	              Recheck Cond: ((id >= 7300743) AND (id <= 7301742))
	              ->  Bitmap Index Scan on sbtest3_pkey  (cost=0.00..29.54 rows=911 width=0)
	                    Index Cond: ((id >= 7300743) AND (id <= 7301742))

table 4 : explain SELECT DISTINCT c FROM sbtest4 WHERE id BETWEEN 5376363 AND 5377362 ORDER BY c
	Unique  (cost=4122.18..4127.39 rows=1042 width=121)
	  ->  Sort  (cost=4122.18..4124.79 rows=1042 width=121)
	        Sort Key: c
	        ->  Index Scan using sbtest4_pkey on sbtest4  (cost=0.43..4069.95 rows=1042 width=121)
	              Index Cond: ((id >= 5376363) AND (id <= 5377362))

table 5 : explain SELECT DISTINCT c FROM sbtest5 WHERE id BETWEEN 119259 AND 120258 ORDER BY c
	Unique  (cost=4364.27..4369.83 rows=1112 width=121)
	  ->  Sort  (cost=4364.27..4367.05 rows=1112 width=121)
	        Sort Key: c
	        ->  Bitmap Heap Scan on sbtest5  (cost=39.83..4308.01 rows=1112 width=121)
	              Recheck Cond: ((id >= 119259) AND (id <= 120258))
	              ->  Bitmap Index Scan on sbtest5_pkey  (cost=0.00..39.56 rows=1112 width=0)
	                    Index Cond: ((id >= 119259) AND (id <= 120258))

table 6 : explain SELECT DISTINCT c FROM sbtest6 WHERE id BETWEEN 7025128 AND 7026127 ORDER BY c
	Unique  (cost=3966.35..3971.39 rows=1009 width=121)
	  ->  Sort  (cost=3966.35..3968.87 rows=1009 width=121)
	        Sort Key: c
	        ->  Bitmap Heap Scan on sbtest6  (cost=34.78..3916.01 rows=1009 width=121)
	              Recheck Cond: ((id >= 7025128) AND (id <= 7026127))
	              ->  Bitmap Index Scan on sbtest6_pkey  (cost=0.00..34.53 rows=1009 width=0)
	                    Index Cond: ((id >= 7025128) AND (id <= 7026127))

table 7 : explain SELECT DISTINCT c FROM sbtest7 WHERE id BETWEEN 1740554 AND 1741553 ORDER BY c
	Unique  (cost=3581.64..3586.15 rows=903 width=121)
	  ->  Sort  (cost=3581.64..3583.89 rows=903 width=121)
	        Sort Key: c
	        ->  Index Scan using sbtest7_pkey on sbtest7  (cost=0.43..3537.30 rows=903 width=121)
	              Index Cond: ((id >= 1740554) AND (id <= 1741553))

table 8 : explain SELECT DISTINCT c FROM sbtest8 WHERE id BETWEEN 8187466 AND 8188465 ORDER BY c
	Unique  (cost=3977.99..3983.05 rows=1012 width=121)
	  ->  Sort  (cost=3977.99..3980.52 rows=1012 width=121)
	        Sort Key: c
	        ->  Bitmap Heap Scan on sbtest8  (cost=34.81..3927.47 rows=1012 width=121)
	              Recheck Cond: ((id >= 8187466) AND (id <= 8188465))
	              ->  Bitmap Index Scan on sbtest8_pkey  (cost=0.00..34.56 rows=1012 width=0)
	                    Index Cond: ((id >= 8187466) AND (id <= 8188465))

for: distinct_ranges
table 1 : explain SELECT DISTINCT c FROM sbtest1 WHERE id BETWEEN 6281509 AND 6282508 ORDER BY c
	Unique  (cost=3721.96..3726.69 rows=947 width=121)
	  ->  Sort  (cost=3721.96..3724.33 rows=947 width=121)
	        Sort Key: c
	        ->  Bitmap Heap Scan on sbtest1  (cost=34.14..3675.14 rows=947 width=121)
	              Recheck Cond: ((id >= 6281509) AND (id <= 6282508))
	              ->  Bitmap Index Scan on sbtest1_pkey  (cost=0.00..33.91 rows=947 width=0)
	                    Index Cond: ((id >= 6281509) AND (id <= 6282508))

table 2 : explain SELECT DISTINCT c FROM sbtest2 WHERE id BETWEEN 7574028 AND 7575027 ORDER BY c
	Unique  (cost=4193.15..4198.49 rows=1069 width=121)
	  ->  Sort  (cost=4193.15..4195.82 rows=1069 width=121)
	        Sort Key: c
	        ->  Bitmap Heap Scan on sbtest2  (cost=35.39..4139.37 rows=1069 width=121)
	              Recheck Cond: ((id >= 7574028) AND (id <= 7575027))
	              ->  Bitmap Index Scan on sbtest2_pkey  (cost=0.00..35.12 rows=1069 width=0)
	                    Index Cond: ((id >= 7574028) AND (id <= 7575027))

table 3 : explain SELECT DISTINCT c FROM sbtest3 WHERE id BETWEEN 413172 AND 414171 ORDER BY c
	Unique  (cost=3767.09..3771.88 rows=958 width=121)
	  ->  Sort  (cost=3767.09..3769.48 rows=958 width=121)
	        Sort Key: c
	        ->  Bitmap Heap Scan on sbtest3  (cost=34.25..3719.65 rows=958 width=121)
	              Recheck Cond: ((id >= 413172) AND (id <= 414171))
	              ->  Bitmap Index Scan on sbtest3_pkey  (cost=0.00..34.02 rows=958 width=0)
	                    Index Cond: ((id >= 413172) AND (id <= 414171))

table 4 : explain SELECT DISTINCT c FROM sbtest4 WHERE id BETWEEN 978096 AND 979095 ORDER BY c
	Unique  (cost=4031.51..4036.61 rows=1019 width=121)
	  ->  Sort  (cost=4031.51..4034.06 rows=1019 width=121)
	        Sort Key: c
	        ->  Index Scan using sbtest4_pkey on sbtest4  (cost=0.43..3980.60 rows=1019 width=121)
	              Index Cond: ((id >= 978096) AND (id <= 979095))

table 5 : explain SELECT DISTINCT c FROM sbtest5 WHERE id BETWEEN 3823947 AND 3824946 ORDER BY c
	Unique  (cost=3985.06..3990.13 rows=1014 width=121)
	  ->  Sort  (cost=3985.06..3987.60 rows=1014 width=121)
	        Sort Key: c
	        ->  Bitmap Heap Scan on sbtest5  (cost=34.83..3934.43 rows=1014 width=121)
	              Recheck Cond: ((id >= 3823947) AND (id <= 3824946))
	              ->  Bitmap Index Scan on sbtest5_pkey  (cost=0.00..34.58 rows=1014 width=0)
	                    Index Cond: ((id >= 3823947) AND (id <= 3824946))

table 6 : explain SELECT DISTINCT c FROM sbtest6 WHERE id BETWEEN 8283664 AND 8284663 ORDER BY c
	Unique  (cost=4196.27..4201.62 rows=1069 width=121)
	  ->  Sort  (cost=4196.27..4198.94 rows=1069 width=121)
	        Sort Key: c
	        ->  Bitmap Heap Scan on sbtest6  (cost=35.39..4142.49 rows=1069 width=121)
	              Recheck Cond: ((id >= 8283664) AND (id <= 8284663))
	              ->  Bitmap Index Scan on sbtest6_pkey  (cost=0.00..35.12 rows=1069 width=0)
	                    Index Cond: ((id >= 8283664) AND (id <= 8284663))

table 7 : explain SELECT DISTINCT c FROM sbtest7 WHERE id BETWEEN 8532664 AND 8533663 ORDER BY c
	Unique  (cost=3720.11..3724.79 rows=937 width=121)
	  ->  Sort  (cost=3720.11..3722.45 rows=937 width=121)
	        Sort Key: c
	        ->  Index Scan using sbtest7_pkey on sbtest7  (cost=0.43..3673.86 rows=937 width=121)
	              Index Cond: ((id >= 8532664) AND (id <= 8533663))

table 8 : explain SELECT DISTINCT c FROM sbtest8 WHERE id BETWEEN 4828857 AND 4829856 ORDER BY c
	Unique  (cost=3954.97..3960.00 rows=1006 width=121)
	  ->  Sort  (cost=3954.97..3957.49 rows=1006 width=121)
	        Sort Key: c
	        ->  Bitmap Heap Scan on sbtest8  (cost=34.75..3904.80 rows=1006 width=121)
	              Recheck Cond: ((id >= 4828857) AND (id <= 4829856))
	              ->  Bitmap Index Scan on sbtest8_pkey  (cost=0.00..34.50 rows=1006 width=0)
	                    Index Cond: ((id >= 4828857) AND (id <= 4829856))

for point_selects
table 1 : explain SELECT c FROM sbtest1 WHERE id=9135074
	Index Scan using sbtest1_pkey on sbtest1  (cost=0.43..8.45 rows=1 width=121)
	  Index Cond: (id = 9135074)

table 2 : explain SELECT c FROM sbtest2 WHERE id=498547
	Index Scan using sbtest2_pkey on sbtest2  (cost=0.43..8.45 rows=1 width=121)
	  Index Cond: (id = 498547)

table 3 : explain SELECT c FROM sbtest3 WHERE id=8288113
	Index Scan using sbtest3_pkey on sbtest3  (cost=0.43..8.45 rows=1 width=121)
	  Index Cond: (id = 8288113)

table 4 : explain SELECT c FROM sbtest4 WHERE id=7279967
	Index Scan using sbtest4_pkey on sbtest4  (cost=0.43..8.45 rows=1 width=121)
	  Index Cond: (id = 7279967)

table 5 : explain SELECT c FROM sbtest5 WHERE id=5839565
	Index Scan using sbtest5_pkey on sbtest5  (cost=0.43..8.45 rows=1 width=121)
	  Index Cond: (id = 5839565)

table 6 : explain SELECT c FROM sbtest6 WHERE id=3696790
	Index Scan using sbtest6_pkey on sbtest6  (cost=0.43..8.45 rows=1 width=121)
	  Index Cond: (id = 3696790)

table 7 : explain SELECT c FROM sbtest7 WHERE id=9055374
	Index Scan using sbtest7_pkey on sbtest7  (cost=0.43..8.45 rows=1 width=121)
	  Index Cond: (id = 9055374)

table 8 : explain SELECT c FROM sbtest8 WHERE id=915660
	Index Scan using sbtest8_pkey on sbtest8  (cost=0.43..8.45 rows=1 width=121)
	  Index Cond: (id = 915660)

for: distinct_ranges
table 1 : explain SELECT DISTINCT c FROM sbtest1 WHERE id BETWEEN 4600515 AND 4601514 ORDER BY c
	Unique  (cost=3955.52..3960.56 rows=1008 width=121)
	  ->  Sort  (cost=3955.52..3958.04 rows=1008 width=121)
	        Sort Key: c
	        ->  Bitmap Heap Scan on sbtest1  (cost=34.77..3905.23 rows=1008 width=121)
	              Recheck Cond: ((id >= 4600515) AND (id <= 4601514))
	              ->  Bitmap Index Scan on sbtest1_pkey  (cost=0.00..34.52 rows=1008 width=0)
	                    Index Cond: ((id >= 4600515) AND (id <= 4601514))

table 2 : explain SELECT DISTINCT c FROM sbtest2 WHERE id BETWEEN 3815773 AND 3816772 ORDER BY c
	Unique  (cost=3940.50..3945.51 rows=1003 width=121)
	  ->  Sort  (cost=3940.50..3943.00 rows=1003 width=121)
	        Sort Key: c
	        ->  Bitmap Heap Scan on sbtest2  (cost=34.72..3890.50 rows=1003 width=121)
	              Recheck Cond: ((id >= 3815773) AND (id <= 3816772))
	              ->  Bitmap Index Scan on sbtest2_pkey  (cost=0.00..34.47 rows=1003 width=0)
	                    Index Cond: ((id >= 3815773) AND (id <= 3816772))

table 3 : explain SELECT DISTINCT c FROM sbtest3 WHERE id BETWEEN 4995069 AND 4996068 ORDER BY c
	Unique  (cost=4008.51..4013.62 rows=1021 width=121)
	  ->  Sort  (cost=4008.51..4011.07 rows=1021 width=121)
	        Sort Key: c
	        ->  Bitmap Heap Scan on sbtest3  (cost=34.90..3957.49 rows=1021 width=121)
	              Recheck Cond: ((id >= 4995069) AND (id <= 4996068))
	              ->  Bitmap Index Scan on sbtest3_pkey  (cost=0.00..34.65 rows=1021 width=0)
	                    Index Cond: ((id >= 4995069) AND (id <= 4996068))

table 4 : explain SELECT DISTINCT c FROM sbtest4 WHERE id BETWEEN 1427222 AND 1428221 ORDER BY c
	Unique  (cost=3925.05..3930.01 rows=992 width=121)
	  ->  Sort  (cost=3925.05..3927.53 rows=992 width=121)
	        Sort Key: c
	        ->  Index Scan using sbtest4_pkey on sbtest4  (cost=0.43..3875.67 rows=992 width=121)
	              Index Cond: ((id >= 1427222) AND (id <= 1428221))

table 5 : explain SELECT DISTINCT c FROM sbtest5 WHERE id BETWEEN 4169638 AND 4170637 ORDER BY c
	Unique  (cost=3973.56..3978.61 rows=1011 width=121)
	  ->  Sort  (cost=3973.56..3976.09 rows=1011 width=121)
	        Sort Key: c
	        ->  Bitmap Heap Scan on sbtest5  (cost=34.80..3923.10 rows=1011 width=121)
	              Recheck Cond: ((id >= 4169638) AND (id <= 4170637))
	              ->  Bitmap Index Scan on sbtest5_pkey  (cost=0.00..34.55 rows=1011 width=0)
	                    Index Cond: ((id >= 4169638) AND (id <= 4170637))

table 6 : explain SELECT DISTINCT c FROM sbtest6 WHERE id BETWEEN 9195134 AND 9196133 ORDER BY c
	Unique  (cost=4257.52..4262.94 rows=1085 width=121)
	  ->  Sort  (cost=4257.52..4260.23 rows=1085 width=121)
	        Sort Key: c
	        ->  Bitmap Heap Scan on sbtest6  (cost=35.56..4202.81 rows=1085 width=121)
	              Recheck Cond: ((id >= 9195134) AND (id <= 9196133))
	              ->  Bitmap Index Scan on sbtest6_pkey  (cost=0.00..35.29 rows=1085 width=0)
	                    Index Cond: ((id >= 9195134) AND (id <= 9196133))

table 7 : explain SELECT DISTINCT c FROM sbtest7 WHERE id BETWEEN 4690120 AND 4691119 ORDER BY c
	Unique  (cost=4062.42..4067.59 rows=1034 width=121)
	  ->  Sort  (cost=4062.42..4065.00 rows=1034 width=121)
	        Sort Key: c
	        ->  Bitmap Heap Scan on sbtest7  (cost=35.03..4010.65 rows=1034 width=121)
	              Recheck Cond: ((id >= 4690120) AND (id <= 4691119))
	              ->  Bitmap Index Scan on sbtest7_pkey  (cost=0.00..34.78 rows=1034 width=0)
	                    Index Cond: ((id >= 4690120) AND (id <= 4691119))

table 8 : explain SELECT DISTINCT c FROM sbtest8 WHERE id BETWEEN 4304033 AND 4305032 ORDER BY c
	Unique  (cost=3673.04..3677.66 rows=924 width=121)
	  ->  Sort  (cost=3673.04..3675.35 rows=924 width=121)
	        Sort Key: c
	        ->  Index Scan using sbtest8_pkey on sbtest8  (cost=0.43..3627.52 rows=924 width=121)
	              Index Cond: ((id >= 4304033) AND (id <= 4305032))

for: simple_ranges
table 1 : explain SELECT c FROM sbtest1 WHERE id BETWEEN 1575405 AND 1576404
	Bitmap Heap Scan on sbtest1  (cost=35.46..4161.17 rows=1076 width=121)
	  Recheck Cond: ((id >= 1575405) AND (id <= 1576404))
	  ->  Bitmap Index Scan on sbtest1_pkey  (cost=0.00..35.20 rows=1076 width=0)
	        Index Cond: ((id >= 1575405) AND (id <= 1576404))

table 2 : explain SELECT c FROM sbtest2 WHERE id BETWEEN 6543345 AND 6544344
	Bitmap Heap Scan on sbtest2  (cost=33.85..3572.96 rows=919 width=121)
	  Recheck Cond: ((id >= 6543345) AND (id <= 6544344))
	  ->  Bitmap Index Scan on sbtest2_pkey  (cost=0.00..33.62 rows=919 width=0)
	        Index Cond: ((id >= 6543345) AND (id <= 6544344))

table 3 : explain SELECT c FROM sbtest3 WHERE id BETWEEN 9133494 AND 9134493
	Bitmap Heap Scan on sbtest3  (cost=39.85..4311.68 rows=1114 width=121)
	  Recheck Cond: ((id >= 9133494) AND (id <= 9134493))
	  ->  Bitmap Index Scan on sbtest3_pkey  (cost=0.00..39.58 rows=1114 width=0)
	        Index Cond: ((id >= 9133494) AND (id <= 9134493))

table 4 : explain SELECT c FROM sbtest4 WHERE id BETWEEN 2924552 AND 2925551
	Index Scan using sbtest4_pkey on sbtest4  (cost=0.43..3630.85 rows=929 width=121)
	  Index Cond: ((id >= 2924552) AND (id <= 2925551))

table 5 : explain SELECT c FROM sbtest5 WHERE id BETWEEN 9072995 AND 9073994
	Bitmap Heap Scan on sbtest5  (cost=34.99..3994.85 rows=1030 width=121)
	  Recheck Cond: ((id >= 9072995) AND (id <= 9073994))
	  ->  Bitmap Index Scan on sbtest5_pkey  (cost=0.00..34.73 rows=1030 width=0)
	        Index Cond: ((id >= 9072995) AND (id <= 9073994))

table 6 : explain SELECT c FROM sbtest6 WHERE id BETWEEN 362426 AND 363425
	Bitmap Heap Scan on sbtest6  (cost=34.30..3738.29 rows=962 width=121)
	  Recheck Cond: ((id >= 362426) AND (id <= 363425))
	  ->  Bitmap Index Scan on sbtest6_pkey  (cost=0.00..34.06 rows=962 width=0)
	        Index Cond: ((id >= 362426) AND (id <= 363425))

table 7 : explain SELECT c FROM sbtest7 WHERE id BETWEEN 1945807 AND 1946806
	Index Scan using sbtest7_pkey on sbtest7  (cost=0.43..3701.14 rows=944 width=121)
	  Index Cond: ((id >= 1945807) AND (id <= 1946806))

table 8 : explain SELECT c FROM sbtest8 WHERE id BETWEEN 1804127 AND 1805126
	Bitmap Heap Scan on sbtest8  (cost=34.77..3912.36 rows=1008 width=121)
	  Recheck Cond: ((id >= 1804127) AND (id <= 1805126))
	  ->  Bitmap Index Scan on sbtest8_pkey  (cost=0.00..34.52 rows=1008 width=0)
	        Index Cond: ((id >= 1804127) AND (id <= 1805126))

explain: for point_selects :: explain SELECT c FROM sbtest%u WHERE id=%u
for: order_ranges
table 1 : explain SELECT c FROM sbtest1 WHERE id BETWEEN 8328148 AND 8329147 ORDER BY c
	Sort  (cost=3368.67..3370.81 rows=856 width=121)
	  Sort Key: c
	  ->  Bitmap Heap Scan on sbtest1  (cost=29.21..3326.97 rows=856 width=121)
	        Recheck Cond: ((id >= 8328148) AND (id <= 8329147))
	        ->  Bitmap Index Scan on sbtest1_pkey  (cost=0.00..29.00 rows=856 width=0)
	              Index Cond: ((id >= 8328148) AND (id <= 8329147))

table 2 : explain SELECT c FROM sbtest2 WHERE id BETWEEN 2991600 AND 2992599 ORDER BY c
	Sort  (cost=3787.12..3789.53 rows=963 width=121)
	  Sort Key: c
	  ->  Bitmap Heap Scan on sbtest2  (cost=34.31..3739.40 rows=963 width=121)
	        Recheck Cond: ((id >= 2991600) AND (id <= 2992599))
	        ->  Bitmap Index Scan on sbtest2_pkey  (cost=0.00..34.07 rows=963 width=0)
	              Index Cond: ((id >= 2991600) AND (id <= 2992599))

table 3 : explain SELECT c FROM sbtest3 WHERE id BETWEEN 300898 AND 301897 ORDER BY c
	Sort  (cost=3981.71..3984.25 rows=1014 width=121)
	  Sort Key: c
	  ->  Bitmap Heap Scan on sbtest3  (cost=34.83..3931.08 rows=1014 width=121)
	        Recheck Cond: ((id >= 300898) AND (id <= 301897))
	        ->  Bitmap Index Scan on sbtest3_pkey  (cost=0.00..34.58 rows=1014 width=0)
	              Index Cond: ((id >= 300898) AND (id <= 301897))

table 4 : explain SELECT c FROM sbtest4 WHERE id BETWEEN 6519121 AND 6520120 ORDER BY c
	Sort  (cost=4256.26..4258.95 rows=1076 width=121)
	  Sort Key: c
	  ->  Index Scan using sbtest4_pkey on sbtest4  (cost=0.43..4202.07 rows=1076 width=121)
	        Index Cond: ((id >= 6519121) AND (id <= 6520120))

table 5 : explain SELECT c FROM sbtest5 WHERE id BETWEEN 5054479 AND 5055478 ORDER BY c
	Sort  (cost=3731.75..3734.12 rows=948 width=121)
	  Sort Key: c
	  ->  Bitmap Heap Scan on sbtest5  (cost=34.15..3684.88 rows=948 width=121)
	        Recheck Cond: ((id >= 5054479) AND (id <= 5055478))
	        ->  Bitmap Index Scan on sbtest5_pkey  (cost=0.00..33.92 rows=948 width=0)
	              Index Cond: ((id >= 5054479) AND (id <= 5055478))

table 6 : explain SELECT c FROM sbtest6 WHERE id BETWEEN 8990853 AND 8991852 ORDER BY c
	Sort  (cost=3739.85..3742.23 rows=950 width=121)
	  Sort Key: c
	  ->  Bitmap Heap Scan on sbtest6  (cost=34.17..3692.87 rows=950 width=121)
	        Recheck Cond: ((id >= 8990853) AND (id <= 8991852))
	        ->  Bitmap Index Scan on sbtest6_pkey  (cost=0.00..33.94 rows=950 width=0)
	              Index Cond: ((id >= 8990853) AND (id <= 8991852))

table 7 : explain SELECT c FROM sbtest7 WHERE id BETWEEN 1040846 AND 1041845 ORDER BY c
	Sort  (cost=3625.18..3627.46 rows=913 width=121)
	  Sort Key: c
	  ->  Index Scan using sbtest7_pkey on sbtest7  (cost=0.43..3580.28 rows=913 width=121)
	        Index Cond: ((id >= 1040846) AND (id <= 1041845))

table 8 : explain SELECT c FROM sbtest8 WHERE id BETWEEN 3429242 AND 3430241 ORDER BY c
	Sort  (cost=3981.82..3984.35 rows=1013 width=121)
	  Sort Key: c
	  ->  Bitmap Heap Scan on sbtest8  (cost=34.82..3931.25 rows=1013 width=121)
	        Recheck Cond: ((id >= 3429242) AND (id <= 3430241))
	        ->  Bitmap Index Scan on sbtest8_pkey  (cost=0.00..34.57 rows=1013 width=0)
	              Index Cond: ((id >= 3429242) AND (id <= 3430241))

explain: for point_selects :: explain SELECT c FROM sbtest%u WHERE id=%u
for: distinct_ranges
table 1 : explain SELECT DISTINCT c FROM sbtest1 WHERE id BETWEEN 6444384 AND 6445383 ORDER BY c
	Unique  (cost=3813.91..3818.76 rows=971 width=121)
	  ->  Sort  (cost=3813.91..3816.33 rows=971 width=121)
	        Sort Key: c
	        ->  Bitmap Heap Scan on sbtest1  (cost=34.39..3765.73 rows=971 width=121)
	              Recheck Cond: ((id >= 6444384) AND (id <= 6445383))
	              ->  Bitmap Index Scan on sbtest1_pkey  (cost=0.00..34.15 rows=971 width=0)
	                    Index Cond: ((id >= 6444384) AND (id <= 6445383))

table 2 : explain SELECT DISTINCT c FROM sbtest2 WHERE id BETWEEN 900556 AND 901555 ORDER BY c
	Unique  (cost=3675.81..3680.48 rows=934 width=121)
	  ->  Sort  (cost=3675.81..3678.15 rows=934 width=121)
	        Sort Key: c
	        ->  Bitmap Heap Scan on sbtest2  (cost=34.01..3629.73 rows=934 width=121)
	              Recheck Cond: ((id >= 900556) AND (id <= 901555))
	              ->  Bitmap Index Scan on sbtest2_pkey  (cost=0.00..33.78 rows=934 width=0)
	                    Index Cond: ((id >= 900556) AND (id <= 901555))

table 3 : explain SELECT DISTINCT c FROM sbtest3 WHERE id BETWEEN 6605325 AND 6606324 ORDER BY c
	Unique  (cost=4291.50..4296.98 rows=1095 width=121)
	  ->  Sort  (cost=4291.50..4294.24 rows=1095 width=121)
	        Sort Key: c
	        ->  Bitmap Heap Scan on sbtest3  (cost=35.66..4236.22 rows=1095 width=121)
	              Recheck Cond: ((id >= 6605325) AND (id <= 6606324))
	              ->  Bitmap Index Scan on sbtest3_pkey  (cost=0.00..35.39 rows=1095 width=0)
	                    Index Cond: ((id >= 6605325) AND (id <= 6606324))

table 4 : explain SELECT DISTINCT c FROM sbtest4 WHERE id BETWEEN 9778536 AND 9779535 ORDER BY c
	Unique  (cost=3885.59..3890.50 rows=982 width=121)
	  ->  Sort  (cost=3885.59..3888.05 rows=982 width=121)
	        Sort Key: c
	        ->  Index Scan using sbtest4_pkey on sbtest4  (cost=0.43..3836.79 rows=982 width=121)
	              Index Cond: ((id >= 9778536) AND (id <= 9779535))

table 5 : explain SELECT DISTINCT c FROM sbtest5 WHERE id BETWEEN 1912001 AND 1913000 ORDER BY c
	Unique  (cost=3916.03..3921.01 rows=996 width=121)
	  ->  Sort  (cost=3916.03..3918.52 rows=996 width=121)
	        Sort Key: c
	        ->  Bitmap Heap Scan on sbtest5  (cost=34.64..3866.43 rows=996 width=121)
	              Recheck Cond: ((id >= 1912001) AND (id <= 1913000))
	              ->  Bitmap Index Scan on sbtest5_pkey  (cost=0.00..34.40 rows=996 width=0)
	                    Index Cond: ((id >= 1912001) AND (id <= 1913000))

table 6 : explain SELECT DISTINCT c FROM sbtest6 WHERE id BETWEEN 7707271 AND 7708270 ORDER BY c
	Unique  (cost=3985.53..3990.60 rows=1014 width=121)
	  ->  Sort  (cost=3985.53..3988.06 rows=1014 width=121)
	        Sort Key: c
	        ->  Bitmap Heap Scan on sbtest6  (cost=34.83..3934.90 rows=1014 width=121)
	              Recheck Cond: ((id >= 7707271) AND (id <= 7708270))
	              ->  Bitmap Index Scan on sbtest6_pkey  (cost=0.00..34.58 rows=1014 width=0)
	                    Index Cond: ((id >= 7707271) AND (id <= 7708270))

table 7 : explain SELECT DISTINCT c FROM sbtest7 WHERE id BETWEEN 3276088 AND 3277087 ORDER BY c
	Unique  (cost=4058.59..4063.75 rows=1033 width=121)
	  ->  Sort  (cost=4058.59..4061.17 rows=1033 width=121)
	        Sort Key: c
	        ->  Bitmap Heap Scan on sbtest7  (cost=35.02..4006.87 rows=1033 width=121)
	              Recheck Cond: ((id >= 3276088) AND (id <= 3277087))
	              ->  Bitmap Index Scan on sbtest7_pkey  (cost=0.00..34.77 rows=1033 width=0)
	                    Index Cond: ((id >= 3276088) AND (id <= 3277087))

table 8 : explain SELECT DISTINCT c FROM sbtest8 WHERE id BETWEEN 1705554 AND 1706553 ORDER BY c
	Unique  (cost=4154.29..4159.58 rows=1058 width=121)
	  ->  Sort  (cost=4154.29..4156.94 rows=1058 width=121)
	        Sort Key: c
	        ->  Bitmap Heap Scan on sbtest8  (cost=35.28..4101.14 rows=1058 width=121)
	              Recheck Cond: ((id >= 1705554) AND (id <= 1706553))
	              ->  Bitmap Index Scan on sbtest8_pkey  (cost=0.00..35.02 rows=1058 width=0)
	                    Index Cond: ((id >= 1705554) AND (id <= 1706553))

explain: for point_selects :: explain SELECT c FROM sbtest%u WHERE id=%u
for point_selects
table 1 : explain SELECT c FROM sbtest1 WHERE id=6652871
	Index Scan using sbtest1_pkey on sbtest1  (cost=0.43..8.45 rows=1 width=121)
	  Index Cond: (id = 6652871)

table 2 : explain SELECT c FROM sbtest2 WHERE id=917048
	Index Scan using sbtest2_pkey on sbtest2  (cost=0.43..8.45 rows=1 width=121)
	  Index Cond: (id = 917048)

table 3 : explain SELECT c FROM sbtest3 WHERE id=49985
	Index Scan using sbtest3_pkey on sbtest3  (cost=0.43..8.45 rows=1 width=121)
	  Index Cond: (id = 49985)

table 4 : explain SELECT c FROM sbtest4 WHERE id=323411
	Index Scan using sbtest4_pkey on sbtest4  (cost=0.43..8.45 rows=1 width=121)
	  Index Cond: (id = 323411)

table 5 : explain SELECT c FROM sbtest5 WHERE id=6008582
	Index Scan using sbtest5_pkey on sbtest5  (cost=0.43..8.45 rows=1 width=121)
	  Index Cond: (id = 6008582)

table 6 : explain SELECT c FROM sbtest6 WHERE id=8169234
	Index Scan using sbtest6_pkey on sbtest6  (cost=0.43..8.45 rows=1 width=121)
	  Index Cond: (id = 8169234)

table 7 : explain SELECT c FROM sbtest7 WHERE id=6433315
	Index Scan using sbtest7_pkey on sbtest7  (cost=0.43..8.45 rows=1 width=121)
	  Index Cond: (id = 6433315)

table 8 : explain SELECT c FROM sbtest8 WHERE id=5385998
	Index Scan using sbtest8_pkey on sbtest8  (cost=0.43..8.45 rows=1 width=121)
	  Index Cond: (id = 5385998)

for: distinct_ranges
table 1 : explain SELECT DISTINCT c FROM sbtest1 WHERE id BETWEEN 8778250 AND 8779249 ORDER BY c
	Unique  (cost=3606.92..3611.51 rows=917 width=121)
	  ->  Sort  (cost=3606.92..3609.22 rows=917 width=121)
	        Sort Key: c
	        ->  Bitmap Heap Scan on sbtest1  (cost=33.83..3561.80 rows=917 width=121)
	              Recheck Cond: ((id >= 8778250) AND (id <= 8779249))
	              ->  Bitmap Index Scan on sbtest1_pkey  (cost=0.00..33.61 rows=917 width=0)
	                    Index Cond: ((id >= 8778250) AND (id <= 8779249))

table 2 : explain SELECT DISTINCT c FROM sbtest2 WHERE id BETWEEN 2537499 AND 2538498 ORDER BY c
	Unique  (cost=3587.30..3591.86 rows=912 width=121)
	  ->  Sort  (cost=3587.30..3589.58 rows=912 width=121)
	        Sort Key: c
	        ->  Bitmap Heap Scan on sbtest2  (cost=29.78..3542.46 rows=912 width=121)
	              Recheck Cond: ((id >= 2537499) AND (id <= 2538498))
	              ->  Bitmap Index Scan on sbtest2_pkey  (cost=0.00..29.55 rows=912 width=0)
	                    Index Cond: ((id >= 2537499) AND (id <= 2538498))

table 3 : explain SELECT DISTINCT c FROM sbtest3 WHERE id BETWEEN 3572182 AND 3573181 ORDER BY c
	Unique  (cost=3974.05..3979.11 rows=1012 width=121)
	  ->  Sort  (cost=3974.05..3976.58 rows=1012 width=121)
	        Sort Key: c
	        ->  Bitmap Heap Scan on sbtest3  (cost=34.81..3923.54 rows=1012 width=121)
	              Recheck Cond: ((id >= 3572182) AND (id <= 3573181))
	              ->  Bitmap Index Scan on sbtest3_pkey  (cost=0.00..34.56 rows=1012 width=0)
	                    Index Cond: ((id >= 3572182) AND (id <= 3573181))

table 4 : explain SELECT DISTINCT c FROM sbtest4 WHERE id BETWEEN 9541316 AND 9542315 ORDER BY c
	Unique  (cost=3629.32..3633.91 rows=917 width=121)
	  ->  Sort  (cost=3629.32..3631.61 rows=917 width=121)
	        Sort Key: c
	        ->  Index Scan using sbtest4_pkey on sbtest4  (cost=0.43..3584.20 rows=917 width=121)
	              Index Cond: ((id >= 9541316) AND (id <= 9542315))

table 5 : explain SELECT DISTINCT c FROM sbtest5 WHERE id BETWEEN 1285656 AND 1286655 ORDER BY c
	Unique  (cost=3612.59..3617.18 rows=917 width=121)
	  ->  Sort  (cost=3612.59..3614.88 rows=917 width=121)
	        Sort Key: c
	        ->  Bitmap Heap Scan on sbtest5  (cost=33.83..3567.47 rows=917 width=121)
	              Recheck Cond: ((id >= 1285656) AND (id <= 1286655))
	              ->  Bitmap Index Scan on sbtest5_pkey  (cost=0.00..33.61 rows=917 width=0)
	                    Index Cond: ((id >= 1285656) AND (id <= 1286655))

table 6 : explain SELECT DISTINCT c FROM sbtest6 WHERE id BETWEEN 1528462 AND 1529461 ORDER BY c
	Unique  (cost=4039.20..4044.34 rows=1028 width=121)
	  ->  Sort  (cost=4039.20..4041.77 rows=1028 width=121)
	        Sort Key: c
	        ->  Bitmap Heap Scan on sbtest6  (cost=34.97..3987.77 rows=1028 width=121)
	              Recheck Cond: ((id >= 1528462) AND (id <= 1529461))
	              ->  Bitmap Index Scan on sbtest6_pkey  (cost=0.00..34.72 rows=1028 width=0)
	                    Index Cond: ((id >= 1528462) AND (id <= 1529461))

table 7 : explain SELECT DISTINCT c FROM sbtest7 WHERE id BETWEEN 7014652 AND 7015651 ORDER BY c
	Unique  (cost=3917.90..3922.83 rows=987 width=121)
	  ->  Sort  (cost=3917.90..3920.37 rows=987 width=121)
	        Sort Key: c
	        ->  Index Scan using sbtest7_pkey on sbtest7  (cost=0.43..3868.81 rows=987 width=121)
	              Index Cond: ((id >= 7014652) AND (id <= 7015651))

table 8 : explain SELECT DISTINCT c FROM sbtest8 WHERE id BETWEEN 9421935 AND 9422934 ORDER BY c
	Unique  (cost=4066.17..4071.34 rows=1035 width=121)
	  ->  Sort  (cost=4066.17..4068.76 rows=1035 width=121)
	        Sort Key: c
	        ->  Bitmap Heap Scan on sbtest8  (cost=35.04..4014.34 rows=1035 width=121)
	              Recheck Cond: ((id >= 9421935) AND (id <= 9422934))
	              ->  Bitmap Index Scan on sbtest8_pkey  (cost=0.00..34.79 rows=1035 width=0)
	                    Index Cond: ((id >= 9421935) AND (id <= 9422934))

for point_selects
table 1 : explain SELECT c FROM sbtest1 WHERE id=1051154
	Index Scan using sbtest1_pkey on sbtest1  (cost=0.43..8.45 rows=1 width=121)
	  Index Cond: (id = 1051154)

table 2 : explain SELECT c FROM sbtest2 WHERE id=776810
	Index Scan using sbtest2_pkey on sbtest2  (cost=0.43..8.45 rows=1 width=121)
	  Index Cond: (id = 776810)

table 3 : explain SELECT c FROM sbtest3 WHERE id=7384366
	Index Scan using sbtest3_pkey on sbtest3  (cost=0.43..8.45 rows=1 width=121)
	  Index Cond: (id = 7384366)

table 4 : explain SELECT c FROM sbtest4 WHERE id=2574836
	Index Scan using sbtest4_pkey on sbtest4  (cost=0.43..8.45 rows=1 width=121)
	  Index Cond: (id = 2574836)

table 5 : explain SELECT c FROM sbtest5 WHERE id=5986400
	Index Scan using sbtest5_pkey on sbtest5  (cost=0.43..8.45 rows=1 width=121)
	  Index Cond: (id = 5986400)

table 6 : explain SELECT c FROM sbtest6 WHERE id=723906
	Index Scan using sbtest6_pkey on sbtest6  (cost=0.43..8.45 rows=1 width=121)
	  Index Cond: (id = 723906)

table 7 : explain SELECT c FROM sbtest7 WHERE id=5170903
	Index Scan using sbtest7_pkey on sbtest7  (cost=0.43..8.45 rows=1 width=121)
	  Index Cond: (id = 5170903)

table 8 : explain SELECT c FROM sbtest8 WHERE id=8755966
	Index Scan using sbtest8_pkey on sbtest8  (cost=0.43..8.45 rows=1 width=121)
	  Index Cond: (id = 8755966)

for: distinct_ranges
table 1 : explain SELECT DISTINCT c FROM sbtest1 WHERE id BETWEEN 8336765 AND 8337764 ORDER BY c
	Unique  (cost=3368.67..3372.95 rows=856 width=121)
	  ->  Sort  (cost=3368.67..3370.81 rows=856 width=121)
	        Sort Key: c
	        ->  Bitmap Heap Scan on sbtest1  (cost=29.21..3326.97 rows=856 width=121)
	              Recheck Cond: ((id >= 8336765) AND (id <= 8337764))
	              ->  Bitmap Index Scan on sbtest1_pkey  (cost=0.00..29.00 rows=856 width=0)
	                    Index Cond: ((id >= 8336765) AND (id <= 8337764))

table 2 : explain SELECT DISTINCT c FROM sbtest2 WHERE id BETWEEN 2868391 AND 2869390 ORDER BY c
	Unique  (cost=4101.33..4106.56 rows=1045 width=121)
	  ->  Sort  (cost=4101.33..4103.95 rows=1045 width=121)
	        Sort Key: c
	        ->  Bitmap Heap Scan on sbtest2  (cost=35.15..4048.93 rows=1045 width=121)
	              Recheck Cond: ((id >= 2868391) AND (id <= 2869390))
	              ->  Bitmap Index Scan on sbtest2_pkey  (cost=0.00..34.89 rows=1045 width=0)
	                    Index Cond: ((id >= 2868391) AND (id <= 2869390))

table 3 : explain SELECT DISTINCT c FROM sbtest3 WHERE id BETWEEN 7788006 AND 7789005 ORDER BY c
	Unique  (cost=3640.44..3645.06 rows=925 width=121)
	  ->  Sort  (cost=3640.44..3642.75 rows=925 width=121)
	        Sort Key: c
	        ->  Bitmap Heap Scan on sbtest3  (cost=33.92..3594.86 rows=925 width=121)
	              Recheck Cond: ((id >= 7788006) AND (id <= 7789005))
	              ->  Bitmap Index Scan on sbtest3_pkey  (cost=0.00..33.69 rows=925 width=0)
	                    Index Cond: ((id >= 7788006) AND (id <= 7789005))

table 4 : explain SELECT DISTINCT c FROM sbtest4 WHERE id BETWEEN 8299740 AND 8300739 ORDER BY c
	Unique  (cost=3479.46..3483.86 rows=880 width=121)
	  ->  Sort  (cost=3479.46..3481.66 rows=880 width=121)
	        Sort Key: c
	        ->  Index Scan using sbtest4_pkey on sbtest4  (cost=0.43..3436.42 rows=880 width=121)
	              Index Cond: ((id >= 8299740) AND (id <= 8300739))

table 5 : explain SELECT DISTINCT c FROM sbtest5 WHERE id BETWEEN 4158926 AND 4159925 ORDER BY c
	Unique  (cost=3973.56..3978.61 rows=1011 width=121)
	  ->  Sort  (cost=3973.56..3976.09 rows=1011 width=121)
	        Sort Key: c
	        ->  Bitmap Heap Scan on sbtest5  (cost=34.80..3923.10 rows=1011 width=121)
	              Recheck Cond: ((id >= 4158926) AND (id <= 4159925))
	              ->  Bitmap Index Scan on sbtest5_pkey  (cost=0.00..34.55 rows=1011 width=0)
	                    Index Cond: ((id >= 4158926) AND (id <= 4159925))

table 6 : explain SELECT DISTINCT c FROM sbtest6 WHERE id BETWEEN 5848622 AND 5849621 ORDER BY c
	Unique  (cost=3447.49..3451.82 rows=867 width=121)
	  ->  Sort  (cost=3447.49..3449.65 rows=867 width=121)
	        Sort Key: c
	        ->  Index Scan using sbtest6_pkey on sbtest6  (cost=0.43..3405.18 rows=867 width=121)
	              Index Cond: ((id >= 5848622) AND (id <= 5849621))

table 7 : explain SELECT DISTINCT c FROM sbtest7 WHERE id BETWEEN 3801077 AND 3802076 ORDER BY c
	Unique  (cost=4028.67..4033.74 rows=1015 width=121)
	  ->  Sort  (cost=4028.67..4031.20 rows=1015 width=121)
	        Sort Key: c
	        ->  Index Scan using sbtest7_pkey on sbtest7  (cost=0.43..3977.98 rows=1015 width=121)
	              Index Cond: ((id >= 3801077) AND (id <= 3802076))

table 8 : explain SELECT DISTINCT c FROM sbtest8 WHERE id BETWEEN 2764052 AND 2765051 ORDER BY c
	Unique  (cost=4540.74..4546.53 rows=1158 width=121)
	  ->  Sort  (cost=4540.74..4543.64 rows=1158 width=121)
	        Sort Key: c
	        ->  Bitmap Heap Scan on sbtest8  (cost=40.30..4481.82 rows=1158 width=121)
	              Recheck Cond: ((id >= 2764052) AND (id <= 2765051))
	              ->  Bitmap Index Scan on sbtest8_pkey  (cost=0.00..40.02 rows=1158 width=0)
	                    Index Cond: ((id >= 2764052) AND (id <= 2765051))

for: sum_ranges
table 1 : explain SELECT SUM(k) FROM sbtest1 WHERE id BETWEEN 3766730 AND 3767729
	Aggregate  (cost=4333.30..4333.31 rows=1 width=8)
	  ->  Bitmap Heap Scan on sbtest1  (cost=39.93..4330.50 rows=1121 width=4)
	        Recheck Cond: ((id >= 3766730) AND (id <= 3767729))
	        ->  Bitmap Index Scan on sbtest1_pkey  (cost=0.00..39.65 rows=1121 width=0)
	              Index Cond: ((id >= 3766730) AND (id <= 3767729))

table 2 : explain SELECT SUM(k) FROM sbtest2 WHERE id BETWEEN 1449387 AND 1450386
	Aggregate  (cost=3979.85..3979.86 rows=1 width=8)
	  ->  Bitmap Heap Scan on sbtest2  (cost=34.95..3977.28 rows=1026 width=4)
	        Recheck Cond: ((id >= 1449387) AND (id <= 1450386))
	        ->  Bitmap Index Scan on sbtest2_pkey  (cost=0.00..34.70 rows=1026 width=0)
	              Index Cond: ((id >= 1449387) AND (id <= 1450386))

table 3 : explain SELECT SUM(k) FROM sbtest3 WHERE id BETWEEN 8679515 AND 8680514
	Aggregate  (cost=3657.74..3657.75 rows=1 width=8)
	  ->  Bitmap Heap Scan on sbtest3  (cost=34.08..3655.38 rows=941 width=4)
	        Recheck Cond: ((id >= 8679515) AND (id <= 8680514))
	        ->  Bitmap Index Scan on sbtest3_pkey  (cost=0.00..33.84 rows=941 width=0)
	              Index Cond: ((id >= 8679515) AND (id <= 8680514))

table 4 : explain SELECT SUM(k) FROM sbtest4 WHERE id BETWEEN 7559737 AND 7560736
	Aggregate  (cost=3979.26..3979.27 rows=1 width=8)
	  ->  Index Scan using sbtest4_pkey on sbtest4  (cost=0.43..3976.71 rows=1018 width=4)
	        Index Cond: ((id >= 7559737) AND (id <= 7560736))

table 5 : explain SELECT SUM(k) FROM sbtest5 WHERE id BETWEEN 5598297 AND 5599296
	Aggregate  (cost=3664.52..3664.53 rows=1 width=8)
	  ->  Bitmap Heap Scan on sbtest5  (cost=34.09..3662.16 rows=942 width=4)
	        Recheck Cond: ((id >= 5598297) AND (id <= 5599296))
	        ->  Bitmap Index Scan on sbtest5_pkey  (cost=0.00..33.86 rows=942 width=0)
	              Index Cond: ((id >= 5598297) AND (id <= 5599296))

table 6 : explain SELECT SUM(k) FROM sbtest6 WHERE id BETWEEN 6220789 AND 6221788
	Aggregate  (cost=3786.12..3786.13 rows=1 width=8)
	  ->  Bitmap Heap Scan on sbtest6  (cost=34.42..3783.69 rows=974 width=4)
	        Recheck Cond: ((id >= 6220789) AND (id <= 6221788))
	        ->  Bitmap Index Scan on sbtest6_pkey  (cost=0.00..34.18 rows=974 width=0)
	              Index Cond: ((id >= 6220789) AND (id <= 6221788))

table 7 : explain SELECT SUM(k) FROM sbtest7 WHERE id BETWEEN 5723555 AND 5724554
	Aggregate  (cost=3656.70..3656.71 rows=1 width=8)
	  ->  Index Scan using sbtest7_pkey on sbtest7  (cost=0.43..3654.37 rows=932 width=4)
	        Index Cond: ((id >= 5723555) AND (id <= 5724554))

table 8 : explain SELECT SUM(k) FROM sbtest8 WHERE id BETWEEN 2993481 AND 2994480
	Aggregate  (cost=3539.89..3539.90 rows=1 width=8)
	  ->  Index Scan using sbtest8_pkey on sbtest8  (cost=0.43..3537.64 rows=902 width=4)
	        Index Cond: ((id >= 2993481) AND (id <= 2994480))

explain: for point_selects :: explain SELECT c FROM sbtest%u WHERE id=%u
explain: for point_selects :: explain SELECT c FROM sbtest%u WHERE id=%u
for: order_ranges
table 1 : explain SELECT c FROM sbtest1 WHERE id BETWEEN 5196012 AND 5197011 ORDER BY c
	Sort  (cost=4268.78..4271.51 rows=1090 width=121)
	  Sort Key: c
	  ->  Bitmap Heap Scan on sbtest1  (cost=35.61..4213.79 rows=1090 width=121)
	        Recheck Cond: ((id >= 5196012) AND (id <= 5197011))
	        ->  Bitmap Index Scan on sbtest1_pkey  (cost=0.00..35.34 rows=1090 width=0)
	              Index Cond: ((id >= 5196012) AND (id <= 5197011))

table 2 : explain SELECT c FROM sbtest2 WHERE id BETWEEN 3306451 AND 3307450 ORDER BY c
	Sort  (cost=4151.07..4153.72 rows=1058 width=121)
	  Sort Key: c
	  ->  Bitmap Heap Scan on sbtest2  (cost=35.28..4097.93 rows=1058 width=121)
	        Recheck Cond: ((id >= 3306451) AND (id <= 3307450))
	        ->  Bitmap Index Scan on sbtest2_pkey  (cost=0.00..35.02 rows=1058 width=0)
	              Index Cond: ((id >= 3306451) AND (id <= 3307450))

table 3 : explain SELECT c FROM sbtest3 WHERE id BETWEEN 1187085 AND 1188084 ORDER BY c
	Sort  (cost=3985.54..3988.08 rows=1015 width=121)
	  Sort Key: c
	  ->  Bitmap Heap Scan on sbtest3  (cost=34.84..3934.86 rows=1015 width=121)
	        Recheck Cond: ((id >= 1187085) AND (id <= 1188084))
	        ->  Bitmap Index Scan on sbtest3_pkey  (cost=0.00..34.59 rows=1015 width=0)
	              Index Cond: ((id >= 1187085) AND (id <= 1188084))

table 4 : explain SELECT c FROM sbtest4 WHERE id BETWEEN 2401216 AND 2402215 ORDER BY c
	Sort  (cost=3743.66..3746.02 rows=946 width=121)
	  Sort Key: c
	  ->  Index Scan using sbtest4_pkey on sbtest4  (cost=0.43..3696.90 rows=946 width=121)
	        Index Cond: ((id >= 2401216) AND (id <= 2402215))

table 5 : explain SELECT c FROM sbtest5 WHERE id BETWEEN 1688723 AND 1689722 ORDER BY c
	Sort  (cost=3969.72..3972.25 rows=1010 width=121)
	  Sort Key: c
	  ->  Bitmap Heap Scan on sbtest5  (cost=34.79..3919.32 rows=1010 width=121)
	        Recheck Cond: ((id >= 1688723) AND (id <= 1689722))
	        ->  Bitmap Index Scan on sbtest5_pkey  (cost=0.00..34.54 rows=1010 width=0)
	              Index Cond: ((id >= 1688723) AND (id <= 1689722))

table 6 : explain SELECT c FROM sbtest6 WHERE id BETWEEN 2464190 AND 2465189 ORDER BY c
	Sort  (cost=3655.29..3657.61 rows=928 width=121)
	  Sort Key: c
	  ->  Bitmap Heap Scan on sbtest6  (cost=33.95..3609.55 rows=928 width=121)
	        Recheck Cond: ((id >= 2464190) AND (id <= 2465189))
	        ->  Bitmap Index Scan on sbtest6_pkey  (cost=0.00..33.72 rows=928 width=0)
	              Index Cond: ((id >= 2464190) AND (id <= 2465189))

table 7 : explain SELECT c FROM sbtest7 WHERE id BETWEEN 8494991 AND 8495990 ORDER BY c
	Sort  (cost=3720.11..3722.45 rows=937 width=121)
	  Sort Key: c
	  ->  Index Scan using sbtest7_pkey on sbtest7  (cost=0.43..3673.86 rows=937 width=121)
	        Index Cond: ((id >= 8494991) AND (id <= 8495990))

table 8 : explain SELECT c FROM sbtest8 WHERE id BETWEEN 443530 AND 444529 ORDER BY c
	Sort  (cost=3720.55..3722.89 rows=936 width=121)
	  Sort Key: c
	  ->  Index Scan using sbtest8_pkey on sbtest8  (cost=0.43..3674.35 rows=936 width=121)
	        Index Cond: ((id >= 443530) AND (id <= 444529))

for: simple_ranges
table 1 : explain SELECT c FROM sbtest1 WHERE id BETWEEN 3078999 AND 3079998
	Bitmap Heap Scan on sbtest1  (cost=34.75..3897.70 rows=1006 width=121)
	  Recheck Cond: ((id >= 3078999) AND (id <= 3079998))
	  ->  Bitmap Index Scan on sbtest1_pkey  (cost=0.00..34.50 rows=1006 width=0)
	        Index Cond: ((id >= 3078999) AND (id <= 3079998))

table 2 : explain SELECT c FROM sbtest2 WHERE id BETWEEN 9199149 AND 9200148
	Bitmap Heap Scan on sbtest2  (cost=29.48..3428.80 rows=882 width=121)
	  Recheck Cond: ((id >= 9199149) AND (id <= 9200148))
	  ->  Bitmap Index Scan on sbtest2_pkey  (cost=0.00..29.25 rows=882 width=0)
	        Index Cond: ((id >= 9199149) AND (id <= 9200148))

table 3 : explain SELECT c FROM sbtest3 WHERE id BETWEEN 8899822 AND 8900821
	Bitmap Heap Scan on sbtest3  (cost=35.12..4036.66 rows=1042 width=121)
	  Recheck Cond: ((id >= 8899822) AND (id <= 8900821))
	  ->  Bitmap Index Scan on sbtest3_pkey  (cost=0.00..34.86 rows=1042 width=0)
	        Index Cond: ((id >= 8899822) AND (id <= 8900821))

table 4 : explain SELECT c FROM sbtest4 WHERE id BETWEEN 5632534 AND 5633533
	Index Scan using sbtest4_pkey on sbtest4  (cost=0.43..3867.90 rows=990 width=121)
	  Index Cond: ((id >= 5632534) AND (id <= 5633533))

table 5 : explain SELECT c FROM sbtest5 WHERE id BETWEEN 6162931 AND 6163930
	Bitmap Heap Scan on sbtest5  (cost=35.59..4213.60 rows=1088 width=121)
	  Recheck Cond: ((id >= 6162931) AND (id <= 6163930))
	  ->  Bitmap Index Scan on sbtest5_pkey  (cost=0.00..35.32 rows=1088 width=0)
	        Index Cond: ((id >= 6162931) AND (id <= 6163930))

table 6 : explain SELECT c FROM sbtest6 WHERE id BETWEEN 1540666 AND 1541665
	Bitmap Heap Scan on sbtest6  (cost=34.97..3987.77 rows=1028 width=121)
	  Recheck Cond: ((id >= 1540666) AND (id <= 1541665))
	  ->  Bitmap Index Scan on sbtest6_pkey  (cost=0.00..34.72 rows=1028 width=0)
	        Index Cond: ((id >= 1540666) AND (id <= 1541665))

table 7 : explain SELECT c FROM sbtest7 WHERE id BETWEEN 7101395 AND 7102394
	Index Scan using sbtest7_pkey on sbtest7  (cost=0.43..3950.66 rows=1008 width=121)
	  Index Cond: ((id >= 7101395) AND (id <= 7102394))

table 8 : explain SELECT c FROM sbtest8 WHERE id BETWEEN 8944338 AND 8945337
	Bitmap Heap Scan on sbtest8  (cost=34.57..3840.54 rows=989 width=121)
	  Recheck Cond: ((id >= 8944338) AND (id <= 8945337))
	  ->  Bitmap Index Scan on sbtest8_pkey  (cost=0.00..34.33 rows=989 width=0)
	        Index Cond: ((id >= 8944338) AND (id <= 8945337))

for: simple_ranges
table 1 : explain SELECT c FROM sbtest1 WHERE id BETWEEN 1253105 AND 1254104
	Bitmap Heap Scan on sbtest1  (cost=34.90..3954.21 rows=1021 width=121)
	  Recheck Cond: ((id >= 1253105) AND (id <= 1254104))
	  ->  Bitmap Index Scan on sbtest1_pkey  (cost=0.00..34.65 rows=1021 width=0)
	        Index Cond: ((id >= 1253105) AND (id <= 1254104))

table 2 : explain SELECT c FROM sbtest2 WHERE id BETWEEN 6398690 AND 6399689
	Bitmap Heap Scan on sbtest2  (cost=34.39..3769.64 rows=971 width=121)
	  Recheck Cond: ((id >= 6398690) AND (id <= 6399689))
	  ->  Bitmap Index Scan on sbtest2_pkey  (cost=0.00..34.15 rows=971 width=0)
	        Index Cond: ((id >= 6398690) AND (id <= 6399689))

table 3 : explain SELECT c FROM sbtest3 WHERE id BETWEEN 8421326 AND 8422325
	Bitmap Heap Scan on sbtest3  (cost=39.76..4277.84 rows=1105 width=121)
	  Recheck Cond: ((id >= 8421326) AND (id <= 8422325))
	  ->  Bitmap Index Scan on sbtest3_pkey  (cost=0.00..39.48 rows=1105 width=0)
	        Index Cond: ((id >= 8421326) AND (id <= 8422325))

table 4 : explain SELECT c FROM sbtest4 WHERE id BETWEEN 3267944 AND 3268943
	Index Scan using sbtest4_pkey on sbtest4  (cost=0.43..3727.98 rows=954 width=121)
	  Index Cond: ((id >= 3267944) AND (id <= 3268943))

table 5 : explain SELECT c FROM sbtest5 WHERE id BETWEEN 8798843 AND 8799842
	Bitmap Heap Scan on sbtest5  (cost=34.46..3798.38 rows=978 width=121)
	  Recheck Cond: ((id >= 8798843) AND (id <= 8799842))
	  ->  Bitmap Index Scan on sbtest5_pkey  (cost=0.00..34.22 rows=978 width=0)
	        Index Cond: ((id >= 8798843) AND (id <= 8799842))

table 6 : explain SELECT c FROM sbtest6 WHERE id BETWEEN 5487515 AND 5488514
	Bitmap Heap Scan on sbtest6  (cost=34.37..3764.77 rows=969 width=121)
	  Recheck Cond: ((id >= 5487515) AND (id <= 5488514))
	  ->  Bitmap Index Scan on sbtest6_pkey  (cost=0.00..34.12 rows=969 width=0)
	        Index Cond: ((id >= 5487515) AND (id <= 5488514))

table 7 : explain SELECT c FROM sbtest7 WHERE id BETWEEN 5621020 AND 5622019
	Index Scan using sbtest7_pkey on sbtest7  (cost=0.43..3763.54 rows=960 width=121)
	  Index Cond: ((id >= 5621020) AND (id <= 5622019))

table 8 : explain SELECT c FROM sbtest8 WHERE id BETWEEN 5393473 AND 5394472
	Bitmap Heap Scan on sbtest8  (cost=34.83..3935.03 rows=1014 width=121)
	  Recheck Cond: ((id >= 5393473) AND (id <= 5394472))
	  ->  Bitmap Index Scan on sbtest8_pkey  (cost=0.00..34.58 rows=1014 width=0)
	        Index Cond: ((id >= 5393473) AND (id <= 5394472))

for: distinct_ranges
table 1 : explain SELECT DISTINCT c FROM sbtest1 WHERE id BETWEEN 6923842 AND 6924841 ORDER BY c
	Unique  (cost=3817.74..3822.60 rows=972 width=121)
	  ->  Sort  (cost=3817.74..3820.17 rows=972 width=121)
	        Sort Key: c
	        ->  Bitmap Heap Scan on sbtest1  (cost=34.40..3769.50 rows=972 width=121)
	              Recheck Cond: ((id >= 6923842) AND (id <= 6924841))
	              ->  Bitmap Index Scan on sbtest1_pkey  (cost=0.00..34.16 rows=972 width=0)
	                    Index Cond: ((id >= 6923842) AND (id <= 6924841))

table 2 : explain SELECT DISTINCT c FROM sbtest2 WHERE id BETWEEN 8346347 AND 8347346 ORDER BY c
	Unique  (cost=3764.10..3768.89 rows=957 width=121)
	  ->  Sort  (cost=3764.10..3766.49 rows=957 width=121)
	        Sort Key: c
	        ->  Bitmap Heap Scan on sbtest2  (cost=34.24..3716.72 rows=957 width=121)
	              Recheck Cond: ((id >= 8346347) AND (id <= 8347346))
	              ->  Bitmap Index Scan on sbtest2_pkey  (cost=0.00..34.01 rows=957 width=0)
	                    Index Cond: ((id >= 8346347) AND (id <= 8347346))

table 3 : explain SELECT DISTINCT c FROM sbtest3 WHERE id BETWEEN 3567661 AND 3568660 ORDER BY c
	Unique  (cost=3974.05..3979.11 rows=1012 width=121)
	  ->  Sort  (cost=3974.05..3976.58 rows=1012 width=121)
	        Sort Key: c
	        ->  Bitmap Heap Scan on sbtest3  (cost=34.81..3923.54 rows=1012 width=121)
	              Recheck Cond: ((id >= 3567661) AND (id <= 3568660))
	              ->  Bitmap Index Scan on sbtest3_pkey  (cost=0.00..34.56 rows=1012 width=0)
	                    Index Cond: ((id >= 3567661) AND (id <= 3568660))

table 4 : explain SELECT DISTINCT c FROM sbtest4 WHERE id BETWEEN 9024069 AND 9025068 ORDER BY c
	Unique  (cost=3739.72..3744.44 rows=945 width=121)
	  ->  Sort  (cost=3739.72..3742.08 rows=945 width=121)
	        Sort Key: c
	        ->  Index Scan using sbtest4_pkey on sbtest4  (cost=0.43..3693.01 rows=945 width=121)
	              Index Cond: ((id >= 9024069) AND (id <= 9025068))

table 5 : explain SELECT DISTINCT c FROM sbtest5 WHERE id BETWEEN 1007925 AND 1008924 ORDER BY c
	Unique  (cost=3766.32..3771.11 rows=957 width=121)
	  ->  Sort  (cost=3766.32..3768.71 rows=957 width=121)
	        Sort Key: c
	        ->  Bitmap Heap Scan on sbtest5  (cost=34.24..3718.94 rows=957 width=121)
	              Recheck Cond: ((id >= 1007925) AND (id <= 1008924))
	              ->  Bitmap Index Scan on sbtest5_pkey  (cost=0.00..34.01 rows=957 width=0)
	                    Index Cond: ((id >= 1007925) AND (id <= 1008924))

table 6 : explain SELECT DISTINCT c FROM sbtest6 WHERE id BETWEEN 6722069 AND 6723068 ORDER BY c
	Unique  (cost=3751.38..3756.15 rows=953 width=121)
	  ->  Sort  (cost=3751.38..3753.76 rows=953 width=121)
	        Sort Key: c
	        ->  Bitmap Heap Scan on sbtest6  (cost=34.20..3704.22 rows=953 width=121)
	              Recheck Cond: ((id >= 6722069) AND (id <= 6723068))
	              ->  Bitmap Index Scan on sbtest6_pkey  (cost=0.00..33.97 rows=953 width=0)
	                    Index Cond: ((id >= 6722069) AND (id <= 6723068))

table 7 : explain SELECT DISTINCT c FROM sbtest7 WHERE id BETWEEN 9355446 AND 9356445 ORDER BY c
	Unique  (cost=4027.92..4033.04 rows=1025 width=121)
	  ->  Sort  (cost=4027.92..4030.48 rows=1025 width=121)
	        Sort Key: c
	        ->  Bitmap Heap Scan on sbtest7  (cost=34.94..3976.66 rows=1025 width=121)
	              Recheck Cond: ((id >= 9355446) AND (id <= 9356445))
	              ->  Bitmap Index Scan on sbtest7_pkey  (cost=0.00..34.69 rows=1025 width=0)
	                    Index Cond: ((id >= 9355446) AND (id <= 9356445))

table 8 : explain SELECT DISTINCT c FROM sbtest8 WHERE id BETWEEN 8049057 AND 8050056 ORDER BY c
	Unique  (cost=3885.91..3890.85 rows=988 width=121)
	  ->  Sort  (cost=3885.91..3888.38 rows=988 width=121)
	        Sort Key: c
	        ->  Bitmap Heap Scan on sbtest8  (cost=34.56..3836.76 rows=988 width=121)
	              Recheck Cond: ((id >= 8049057) AND (id <= 8050056))
	              ->  Bitmap Index Scan on sbtest8_pkey  (cost=0.00..34.32 rows=988 width=0)
	                    Index Cond: ((id >= 8049057) AND (id <= 8050056))

explain: for point_selects :: explain SELECT c FROM sbtest%u WHERE id=%u
for point_selects
table 1 : explain SELECT c FROM sbtest1 WHERE id=765309
	Index Scan using sbtest1_pkey on sbtest1  (cost=0.43..8.45 rows=1 width=121)
	  Index Cond: (id = 765309)

table 2 : explain SELECT c FROM sbtest2 WHERE id=5984506
	Index Scan using sbtest2_pkey on sbtest2  (cost=0.43..8.45 rows=1 width=121)
	  Index Cond: (id = 5984506)

table 3 : explain SELECT c FROM sbtest3 WHERE id=7738737
	Index Scan using sbtest3_pkey on sbtest3  (cost=0.43..8.45 rows=1 width=121)
	  Index Cond: (id = 7738737)

table 4 : explain SELECT c FROM sbtest4 WHERE id=4903629
	Index Scan using sbtest4_pkey on sbtest4  (cost=0.43..8.45 rows=1 width=121)
	  Index Cond: (id = 4903629)

table 5 : explain SELECT c FROM sbtest5 WHERE id=4718411
	Index Scan using sbtest5_pkey on sbtest5  (cost=0.43..8.45 rows=1 width=121)
	  Index Cond: (id = 4718411)

table 6 : explain SELECT c FROM sbtest6 WHERE id=2177349
	Index Scan using sbtest6_pkey on sbtest6  (cost=0.43..8.45 rows=1 width=121)
	  Index Cond: (id = 2177349)

table 7 : explain SELECT c FROM sbtest7 WHERE id=4011769
	Index Scan using sbtest7_pkey on sbtest7  (cost=0.43..8.45 rows=1 width=121)
	  Index Cond: (id = 4011769)

table 8 : explain SELECT c FROM sbtest8 WHERE id=6722829
	Index Scan using sbtest8_pkey on sbtest8  (cost=0.43..8.45 rows=1 width=121)
	  Index Cond: (id = 6722829)

for point_selects
table 1 : explain SELECT c FROM sbtest1 WHERE id=5189068
	Index Scan using sbtest1_pkey on sbtest1  (cost=0.43..8.45 rows=1 width=121)
	  Index Cond: (id = 5189068)

table 2 : explain SELECT c FROM sbtest2 WHERE id=559145
	Index Scan using sbtest2_pkey on sbtest2  (cost=0.43..8.45 rows=1 width=121)
	  Index Cond: (id = 559145)

table 3 : explain SELECT c FROM sbtest3 WHERE id=1707887
	Index Scan using sbtest3_pkey on sbtest3  (cost=0.43..8.45 rows=1 width=121)
	  Index Cond: (id = 1707887)

table 4 : explain SELECT c FROM sbtest4 WHERE id=136217
	Index Scan using sbtest4_pkey on sbtest4  (cost=0.43..8.45 rows=1 width=121)
	  Index Cond: (id = 136217)

table 5 : explain SELECT c FROM sbtest5 WHERE id=1995835
	Index Scan using sbtest5_pkey on sbtest5  (cost=0.43..8.45 rows=1 width=121)
	  Index Cond: (id = 1995835)

table 6 : explain SELECT c FROM sbtest6 WHERE id=2705222
	Index Scan using sbtest6_pkey on sbtest6  (cost=0.43..8.45 rows=1 width=121)
	  Index Cond: (id = 2705222)

table 7 : explain SELECT c FROM sbtest7 WHERE id=1732028
	Index Scan using sbtest7_pkey on sbtest7  (cost=0.43..8.45 rows=1 width=121)
	  Index Cond: (id = 1732028)

table 8 : explain SELECT c FROM sbtest8 WHERE id=2354419
	Index Scan using sbtest8_pkey on sbtest8  (cost=0.43..8.45 rows=1 width=121)
	  Index Cond: (id = 2354419)

for: distinct_ranges
table 1 : explain SELECT DISTINCT c FROM sbtest1 WHERE id BETWEEN 7115752 AND 7116751 ORDER BY c
	Unique  (cost=4043.47..4048.62 rows=1031 width=121)
	  ->  Sort  (cost=4043.47..4046.04 rows=1031 width=121)
	        Sort Key: c
	        ->  Bitmap Heap Scan on sbtest1  (cost=35.00..3991.87 rows=1031 width=121)
	              Recheck Cond: ((id >= 7115752) AND (id <= 7116751))
	              ->  Bitmap Index Scan on sbtest1_pkey  (cost=0.00..34.75 rows=1031 width=0)
	                    Index Cond: ((id >= 7115752) AND (id <= 7116751))

table 2 : explain SELECT DISTINCT c FROM sbtest2 WHERE id BETWEEN 5646295 AND 5647294 ORDER BY c
	Unique  (cost=3986.47..3991.55 rows=1015 width=121)
	  ->  Sort  (cost=3986.47..3989.01 rows=1015 width=121)
	        Sort Key: c
	        ->  Bitmap Heap Scan on sbtest2  (cost=34.84..3935.78 rows=1015 width=121)
	              Recheck Cond: ((id >= 5646295) AND (id <= 5647294))
	              ->  Bitmap Index Scan on sbtest2_pkey  (cost=0.00..34.59 rows=1015 width=0)
	                    Index Cond: ((id >= 5646295) AND (id <= 5647294))

table 3 : explain SELECT DISTINCT c FROM sbtest3 WHERE id BETWEEN 2942752 AND 2943751 ORDER BY c
	Unique  (cost=3916.60..3921.58 rows=997 width=121)
	  ->  Sort  (cost=3916.60..3919.09 rows=997 width=121)
	        Sort Key: c
	        ->  Bitmap Heap Scan on sbtest3  (cost=34.65..3866.94 rows=997 width=121)
	              Recheck Cond: ((id >= 2942752) AND (id <= 2943751))
	              ->  Bitmap Index Scan on sbtest3_pkey  (cost=0.00..34.41 rows=997 width=0)
	                    Index Cond: ((id >= 2942752) AND (id <= 2943751))

table 4 : explain SELECT DISTINCT c FROM sbtest4 WHERE id BETWEEN 6320723 AND 6321722 ORDER BY c
	Unique  (cost=3763.37..3768.12 rows=951 width=121)
	  ->  Sort  (cost=3763.37..3765.74 rows=951 width=121)
	        Sort Key: c
	        ->  Index Scan using sbtest4_pkey on sbtest4  (cost=0.43..3716.32 rows=951 width=121)
	              Index Cond: ((id >= 6320723) AND (id <= 6321722))

table 5 : explain SELECT DISTINCT c FROM sbtest5 WHERE id BETWEEN 1551511 AND 1552510 ORDER BY c
	Unique  (cost=3912.19..3917.17 rows=995 width=121)
	  ->  Sort  (cost=3912.19..3914.68 rows=995 width=121)
	        Sort Key: c
	        ->  Bitmap Heap Scan on sbtest5  (cost=34.63..3862.65 rows=995 width=121)
	              Recheck Cond: ((id >= 1551511) AND (id <= 1552510))
	              ->  Bitmap Index Scan on sbtest5_pkey  (cost=0.00..34.39 rows=995 width=0)
	                    Index Cond: ((id >= 1551511) AND (id <= 1552510))

table 6 : explain SELECT DISTINCT c FROM sbtest6 WHERE id BETWEEN 3533795 AND 3534794 ORDER BY c
	Unique  (cost=3558.98..3563.50 rows=904 width=121)
	  ->  Sort  (cost=3558.98..3561.24 rows=904 width=121)
	        Sort Key: c
	        ->  Bitmap Heap Scan on sbtest6  (cost=29.70..3514.59 rows=904 width=121)
	              Recheck Cond: ((id >= 3533795) AND (id <= 3534794))
	              ->  Bitmap Index Scan on sbtest6_pkey  (cost=0.00..29.47 rows=904 width=0)
	                    Index Cond: ((id >= 3533795) AND (id <= 3534794))

table 7 : explain SELECT DISTINCT c FROM sbtest7 WHERE id BETWEEN 3639276 AND 3640275 ORDER BY c
	Unique  (cost=3902.08..3907.00 rows=983 width=121)
	  ->  Sort  (cost=3902.08..3904.54 rows=983 width=121)
	        Sort Key: c
	        ->  Index Scan using sbtest7_pkey on sbtest7  (cost=0.43..3853.22 rows=983 width=121)
	              Index Cond: ((id >= 3639276) AND (id <= 3640275))

table 8 : explain SELECT DISTINCT c FROM sbtest8 WHERE id BETWEEN 4818702 AND 4819701 ORDER BY c
	Unique  (cost=3954.97..3960.00 rows=1006 width=121)
	  ->  Sort  (cost=3954.97..3957.49 rows=1006 width=121)
	        Sort Key: c
	        ->  Bitmap Heap Scan on sbtest8  (cost=34.75..3904.80 rows=1006 width=121)
	              Recheck Cond: ((id >= 4818702) AND (id <= 4819701))
	              ->  Bitmap Index Scan on sbtest8_pkey  (cost=0.00..34.50 rows=1006 width=0)
	                    Index Cond: ((id >= 4818702) AND (id <= 4819701))

for: order_ranges
table 1 : explain SELECT c FROM sbtest1 WHERE id BETWEEN 67264 AND 68263 ORDER BY c
	Sort  (cost=3955.52..3958.04 rows=1008 width=121)
	  Sort Key: c
	  ->  Bitmap Heap Scan on sbtest1  (cost=34.77..3905.23 rows=1008 width=121)
	        Recheck Cond: ((id >= 67264) AND (id <= 68263))
	        ->  Bitmap Index Scan on sbtest1_pkey  (cost=0.00..34.52 rows=1008 width=0)
	              Index Cond: ((id >= 67264) AND (id <= 68263))

table 2 : explain SELECT c FROM sbtest2 WHERE id BETWEEN 6793833 AND 6794832 ORDER BY c
	Sort  (cost=3706.53..3708.88 rows=942 width=121)
	  Sort Key: c
	  ->  Bitmap Heap Scan on sbtest2  (cost=34.09..3659.99 rows=942 width=121)
	        Recheck Cond: ((id >= 6793833) AND (id <= 6794832))
	        ->  Bitmap Index Scan on sbtest2_pkey  (cost=0.00..33.86 rows=942 width=0)
	              Index Cond: ((id >= 6793833) AND (id <= 6794832))

table 3 : explain SELECT c FROM sbtest3 WHERE id BETWEEN 9850938 AND 9851937 ORDER BY c
	Sort  (cost=4115.67..4118.29 rows=1049 width=121)
	  Sort Key: c
	  ->  Bitmap Heap Scan on sbtest3  (cost=35.19..4063.03 rows=1049 width=121)
	        Recheck Cond: ((id >= 9850938) AND (id <= 9851937))
	        ->  Bitmap Index Scan on sbtest3_pkey  (cost=0.00..34.93 rows=1049 width=0)
	              Index Cond: ((id >= 9850938) AND (id <= 9851937))

table 4 : explain SELECT c FROM sbtest4 WHERE id BETWEEN 9830402 AND 9831401 ORDER BY c
	Sort  (cost=4169.53..4172.16 rows=1054 width=121)
	  Sort Key: c
	  ->  Index Scan using sbtest4_pkey on sbtest4  (cost=0.43..4116.61 rows=1054 width=121)
	        Index Cond: ((id >= 9830402) AND (id <= 9831401))

table 5 : explain SELECT c FROM sbtest5 WHERE id BETWEEN 8088181 AND 8089180 ORDER BY c
	Sort  (cost=3762.48..3764.87 rows=956 width=121)
	  Sort Key: c
	  ->  Bitmap Heap Scan on sbtest5  (cost=34.23..3715.16 rows=956 width=121)
	        Recheck Cond: ((id >= 8088181) AND (id <= 8089180))
	        ->  Bitmap Index Scan on sbtest5_pkey  (cost=0.00..34.00 rows=956 width=0)
	              Index Cond: ((id >= 8088181) AND (id <= 8089180))

table 6 : explain SELECT c FROM sbtest6 WHERE id BETWEEN 2452168 AND 2453167 ORDER BY c
	Sort  (cost=3655.29..3657.61 rows=928 width=121)
	  Sort Key: c
	  ->  Bitmap Heap Scan on sbtest6  (cost=33.95..3609.55 rows=928 width=121)
	        Recheck Cond: ((id >= 2452168) AND (id <= 2453167))
	        ->  Bitmap Index Scan on sbtest6_pkey  (cost=0.00..33.72 rows=928 width=0)
	              Index Cond: ((id >= 2452168) AND (id <= 2453167))

table 7 : explain SELECT c FROM sbtest7 WHERE id BETWEEN 9424488 AND 9425487 ORDER BY c
	Sort  (cost=3890.19..3892.64 rows=980 width=121)
	  Sort Key: c
	  ->  Index Scan using sbtest7_pkey on sbtest7  (cost=0.43..3841.50 rows=980 width=121)
	        Index Cond: ((id >= 9424488) AND (id <= 9425487))

table 8 : explain SELECT c FROM sbtest8 WHERE id BETWEEN 2699206 AND 2700205 ORDER BY c
	Sort  (cost=4540.74..4543.64 rows=1158 width=121)
	  Sort Key: c
	  ->  Bitmap Heap Scan on sbtest8  (cost=40.30..4481.82 rows=1158 width=121)
	        Recheck Cond: ((id >= 2699206) AND (id <= 2700205))
	        ->  Bitmap Index Scan on sbtest8_pkey  (cost=0.00..40.02 rows=1158 width=0)
	              Index Cond: ((id >= 2699206) AND (id <= 2700205))

for: sum_ranges
table 1 : explain SELECT SUM(k) FROM sbtest1 WHERE id BETWEEN 3212165 AND 3213164
	Aggregate  (cost=3518.48..3518.49 rows=1 width=8)
	  ->  Bitmap Heap Scan on sbtest1  (cost=29.72..3516.22 rows=906 width=4)
	        Recheck Cond: ((id >= 3212165) AND (id <= 3213164))
	        ->  Bitmap Index Scan on sbtest1_pkey  (cost=0.00..29.50 rows=906 width=0)
	              Index Cond: ((id >= 3212165) AND (id <= 3213164))

table 2 : explain SELECT SUM(k) FROM sbtest2 WHERE id BETWEEN 8573428 AND 8574427
	Aggregate  (cost=3983.62..3983.63 rows=1 width=8)
	  ->  Bitmap Heap Scan on sbtest2  (cost=34.96..3981.06 rows=1027 width=4)
	        Recheck Cond: ((id >= 8573428) AND (id <= 8574427))
	        ->  Bitmap Index Scan on sbtest2_pkey  (cost=0.00..34.70 rows=1027 width=0)
	              Index Cond: ((id >= 8573428) AND (id <= 8574427))

table 3 : explain SELECT SUM(k) FROM sbtest3 WHERE id BETWEEN 8318036 AND 8319035
	Aggregate  (cost=3888.32..3888.33 rows=1 width=8)
	  ->  Bitmap Heap Scan on sbtest3  (cost=34.71..3885.81 rows=1002 width=4)
	        Recheck Cond: ((id >= 8318036) AND (id <= 8319035))
	        ->  Bitmap Index Scan on sbtest3_pkey  (cost=0.00..34.45 rows=1002 width=0)
	              Index Cond: ((id >= 8318036) AND (id <= 8319035))

table 4 : explain SELECT SUM(k) FROM sbtest4 WHERE id BETWEEN 9931238 AND 9932237
	Aggregate  (cost=3928.69..3928.70 rows=1 width=8)
	  ->  Index Scan using sbtest4_pkey on sbtest4  (cost=0.43..3926.18 rows=1005 width=4)
	        Index Cond: ((id >= 9931238) AND (id <= 9932237))

table 5 : explain SELECT SUM(k) FROM sbtest5 WHERE id BETWEEN 673939 AND 674938
	Aggregate  (cost=3861.35..3861.36 rows=1 width=8)
	  ->  Bitmap Heap Scan on sbtest5  (cost=34.62..3858.87 rows=994 width=4)
	        Recheck Cond: ((id >= 673939) AND (id <= 674938))
	        ->  Bitmap Index Scan on sbtest5_pkey  (cost=0.00..34.38 rows=994 width=0)
	              Index Cond: ((id >= 673939) AND (id <= 674938))

table 6 : explain SELECT SUM(k) FROM sbtest6 WHERE id BETWEEN 2954366 AND 2955365
	Aggregate  (cost=4443.15..4443.16 rows=1 width=8)
	  ->  Bitmap Heap Scan on sbtest6  (cost=40.19..4440.28 rows=1147 width=4)
	        Recheck Cond: ((id >= 2954366) AND (id <= 2955365))
	        ->  Bitmap Index Scan on sbtest6_pkey  (cost=0.00..39.91 rows=1147 width=0)
	              Index Cond: ((id >= 2954366) AND (id <= 2955365))

table 7 : explain SELECT SUM(k) FROM sbtest7 WHERE id BETWEEN 149930 AND 150929
	Aggregate  (cost=3863.48..3863.49 rows=1 width=8)
	  ->  Index Scan using sbtest7_pkey on sbtest7  (cost=0.43..3861.02 rows=985 width=4)
	        Index Cond: ((id >= 149930) AND (id <= 150929))

table 8 : explain SELECT SUM(k) FROM sbtest8 WHERE id BETWEEN 4396355 AND 4397354
	Aggregate  (cost=3945.12..3945.13 rows=1 width=8)
	  ->  Bitmap Heap Scan on sbtest8  (cost=34.85..3942.58 rows=1016 width=4)
	        Recheck Cond: ((id >= 4396355) AND (id <= 4397354))
	        ->  Bitmap Index Scan on sbtest8_pkey  (cost=0.00..34.59 rows=1016 width=0)
	              Index Cond: ((id >= 4396355) AND (id <= 4397354))

for point_selects
table 1 : explain SELECT c FROM sbtest1 WHERE id=5098308
	Index Scan using sbtest1_pkey on sbtest1  (cost=0.43..8.45 rows=1 width=121)
	  Index Cond: (id = 5098308)

table 2 : explain SELECT c FROM sbtest2 WHERE id=2159503
	Index Scan using sbtest2_pkey on sbtest2  (cost=0.43..8.45 rows=1 width=121)
	  Index Cond: (id = 2159503)

table 3 : explain SELECT c FROM sbtest3 WHERE id=7906297
	Index Scan using sbtest3_pkey on sbtest3  (cost=0.43..8.45 rows=1 width=121)
	  Index Cond: (id = 7906297)

table 4 : explain SELECT c FROM sbtest4 WHERE id=2367959
	Index Scan using sbtest4_pkey on sbtest4  (cost=0.43..8.45 rows=1 width=121)
	  Index Cond: (id = 2367959)

table 5 : explain SELECT c FROM sbtest5 WHERE id=1515056
	Index Scan using sbtest5_pkey on sbtest5  (cost=0.43..8.45 rows=1 width=121)
	  Index Cond: (id = 1515056)

table 6 : explain SELECT c FROM sbtest6 WHERE id=8120656
	Index Scan using sbtest6_pkey on sbtest6  (cost=0.43..8.45 rows=1 width=121)
	  Index Cond: (id = 8120656)

table 7 : explain SELECT c FROM sbtest7 WHERE id=4715517
	Index Scan using sbtest7_pkey on sbtest7  (cost=0.43..8.45 rows=1 width=121)
	  Index Cond: (id = 4715517)

table 8 : explain SELECT c FROM sbtest8 WHERE id=1986754
	Index Scan using sbtest8_pkey on sbtest8  (cost=0.43..8.45 rows=1 width=121)
	  Index Cond: (id = 1986754)

for: simple_ranges
table 1 : explain SELECT c FROM sbtest1 WHERE id BETWEEN 7348877 AND 7349876
	Bitmap Heap Scan on sbtest1  (cost=34.60..3844.93 rows=992 width=121)
	  Recheck Cond: ((id >= 7348877) AND (id <= 7349876))
	  ->  Bitmap Index Scan on sbtest1_pkey  (cost=0.00..34.36 rows=992 width=0)
	        Index Cond: ((id >= 7348877) AND (id <= 7349876))

table 2 : explain SELECT c FROM sbtest2 WHERE id BETWEEN 724322 AND 725321
	Bitmap Heap Scan on sbtest2  (cost=34.78..3913.14 rows=1009 width=121)
	  Recheck Cond: ((id >= 724322) AND (id <= 725321))
	  ->  Bitmap Index Scan on sbtest2_pkey  (cost=0.00..34.53 rows=1009 width=0)
	        Index Cond: ((id >= 724322) AND (id <= 725321))

table 3 : explain SELECT c FROM sbtest3 WHERE id BETWEEN 9803044 AND 9804043
	Bitmap Heap Scan on sbtest3  (cost=34.28..3727.21 rows=960 width=121)
	  Recheck Cond: ((id >= 9803044) AND (id <= 9804043))
	  ->  Bitmap Index Scan on sbtest3_pkey  (cost=0.00..34.04 rows=960 width=0)
	        Index Cond: ((id >= 9803044) AND (id <= 9804043))

table 4 : explain SELECT c FROM sbtest4 WHERE id BETWEEN 1793382 AND 1794381
	Index Scan using sbtest4_pkey on sbtest4  (cost=0.43..4439.24 rows=1136 width=121)
	  Index Cond: ((id >= 1793382) AND (id <= 1794381))

table 5 : explain SELECT c FROM sbtest5 WHERE id BETWEEN 6732624 AND 6733623
	Bitmap Heap Scan on sbtest5  (cost=34.17..3692.45 rows=950 width=121)
	  Recheck Cond: ((id >= 6732624) AND (id <= 6733623))
	  ->  Bitmap Index Scan on sbtest5_pkey  (cost=0.00..33.94 rows=950 width=0)
	        Index Cond: ((id >= 6732624) AND (id <= 6733623))

table 6 : explain SELECT c FROM sbtest6 WHERE id BETWEEN 5757275 AND 5758274
	Bitmap Heap Scan on sbtest6  (cost=34.03..3639.86 rows=936 width=121)
	  Recheck Cond: ((id >= 5757275) AND (id <= 5758274))
	  ->  Bitmap Index Scan on sbtest6_pkey  (cost=0.00..33.80 rows=936 width=0)
	        Index Cond: ((id >= 5757275) AND (id <= 5758274))

table 7 : explain SELECT c FROM sbtest7 WHERE id BETWEEN 307566 AND 308565
	Index Scan using sbtest7_pkey on sbtest7  (cost=0.43..3732.36 rows=952 width=121)
	  Index Cond: ((id >= 307566) AND (id <= 308565))

table 8 : explain SELECT c FROM sbtest8 WHERE id BETWEEN 9779028 AND 9780027
	Bitmap Heap Scan on sbtest8  (cost=34.89..3957.69 rows=1020 width=121)
	  Recheck Cond: ((id >= 9779028) AND (id <= 9780027))
	  ->  Bitmap Index Scan on sbtest8_pkey  (cost=0.00..34.64 rows=1020 width=0)
	        Index Cond: ((id >= 9779028) AND (id <= 9780027))

for point_selects
table 1 : explain SELECT c FROM sbtest1 WHERE id=6716763
	Index Scan using sbtest1_pkey on sbtest1  (cost=0.43..8.45 rows=1 width=121)
	  Index Cond: (id = 6716763)

table 2 : explain SELECT c FROM sbtest2 WHERE id=6367781
	Index Scan using sbtest2_pkey on sbtest2  (cost=0.43..8.45 rows=1 width=121)
	  Index Cond: (id = 6367781)

table 3 : explain SELECT c FROM sbtest3 WHERE id=7732872
	Index Scan using sbtest3_pkey on sbtest3  (cost=0.43..8.45 rows=1 width=121)
	  Index Cond: (id = 7732872)

table 4 : explain SELECT c FROM sbtest4 WHERE id=5882481
	Index Scan using sbtest4_pkey on sbtest4  (cost=0.43..8.45 rows=1 width=121)
	  Index Cond: (id = 5882481)

table 5 : explain SELECT c FROM sbtest5 WHERE id=720800
	Index Scan using sbtest5_pkey on sbtest5  (cost=0.43..8.45 rows=1 width=121)
	  Index Cond: (id = 720800)

table 6 : explain SELECT c FROM sbtest6 WHERE id=4359680
	Index Scan using sbtest6_pkey on sbtest6  (cost=0.43..8.45 rows=1 width=121)
	  Index Cond: (id = 4359680)

table 7 : explain SELECT c FROM sbtest7 WHERE id=3927997
	Index Scan using sbtest7_pkey on sbtest7  (cost=0.43..8.45 rows=1 width=121)
	  Index Cond: (id = 3927997)

table 8 : explain SELECT c FROM sbtest8 WHERE id=2253926
	Index Scan using sbtest8_pkey on sbtest8  (cost=0.43..8.45 rows=1 width=121)
	  Index Cond: (id = 2253926)

for point_selects
table 1 : explain SELECT c FROM sbtest1 WHERE id=3256992
	Index Scan using sbtest1_pkey on sbtest1  (cost=0.43..8.45 rows=1 width=121)
	  Index Cond: (id = 3256992)

table 2 : explain SELECT c FROM sbtest2 WHERE id=1119604
	Index Scan using sbtest2_pkey on sbtest2  (cost=0.43..8.45 rows=1 width=121)
	  Index Cond: (id = 1119604)

table 3 : explain SELECT c FROM sbtest3 WHERE id=7140638
	Index Scan using sbtest3_pkey on sbtest3  (cost=0.43..8.45 rows=1 width=121)
	  Index Cond: (id = 7140638)

table 4 : explain SELECT c FROM sbtest4 WHERE id=3295359
	Index Scan using sbtest4_pkey on sbtest4  (cost=0.43..8.45 rows=1 width=121)
	  Index Cond: (id = 3295359)

table 5 : explain SELECT c FROM sbtest5 WHERE id=5493292
	Index Scan using sbtest5_pkey on sbtest5  (cost=0.43..8.45 rows=1 width=121)
	  Index Cond: (id = 5493292)

table 6 : explain SELECT c FROM sbtest6 WHERE id=8068058
	Index Scan using sbtest6_pkey on sbtest6  (cost=0.43..8.45 rows=1 width=121)
	  Index Cond: (id = 8068058)

table 7 : explain SELECT c FROM sbtest7 WHERE id=7201645
	Index Scan using sbtest7_pkey on sbtest7  (cost=0.43..8.45 rows=1 width=121)
	  Index Cond: (id = 7201645)

table 8 : explain SELECT c FROM sbtest8 WHERE id=8970591
	Index Scan using sbtest8_pkey on sbtest8  (cost=0.43..8.45 rows=1 width=121)
	  Index Cond: (id = 8970591)

for: sum_ranges
table 1 : explain SELECT SUM(k) FROM sbtest1 WHERE id BETWEEN 3942704 AND 3943703
	Aggregate  (cost=4032.11..4032.12 rows=1 width=8)
	  ->  Bitmap Heap Scan on sbtest1  (cost=35.11..4029.51 rows=1041 width=4)
	        Recheck Cond: ((id >= 3942704) AND (id <= 3943703))
	        ->  Bitmap Index Scan on sbtest1_pkey  (cost=0.00..34.84 rows=1041 width=0)
	              Index Cond: ((id >= 3942704) AND (id <= 3943703))

table 2 : explain SELECT SUM(k) FROM sbtest2 WHERE id BETWEEN 2049008 AND 2050007
	Aggregate  (cost=3877.89..3877.90 rows=1 width=8)
	  ->  Bitmap Heap Scan on sbtest2  (cost=34.67..3875.40 rows=999 width=4)
	        Recheck Cond: ((id >= 2049008) AND (id <= 2050007))
	        ->  Bitmap Index Scan on sbtest2_pkey  (cost=0.00..34.43 rows=999 width=0)
	              Index Cond: ((id >= 2049008) AND (id <= 2050007))

table 3 : explain SELECT SUM(k) FROM sbtest3 WHERE id BETWEEN 8879331 AND 8880330
	Aggregate  (cost=4039.26..4039.27 rows=1 width=8)
	  ->  Bitmap Heap Scan on sbtest3  (cost=35.12..4036.66 rows=1042 width=4)
	        Recheck Cond: ((id >= 8879331) AND (id <= 8880330))
	        ->  Bitmap Index Scan on sbtest3_pkey  (cost=0.00..34.86 rows=1042 width=0)
	              Index Cond: ((id >= 8879331) AND (id <= 8880330))

table 4 : explain SELECT SUM(k) FROM sbtest4 WHERE id BETWEEN 2407011 AND 2408010
	Aggregate  (cost=3699.26..3699.27 rows=1 width=8)
	  ->  Index Scan using sbtest4_pkey on sbtest4  (cost=0.43..3696.90 rows=946 width=4)
	        Index Cond: ((id >= 2407011) AND (id <= 2408010))

table 5 : explain SELECT SUM(k) FROM sbtest5 WHERE id BETWEEN 3751148 AND 3752147
	Aggregate  (cost=4171.07..4171.08 rows=1 width=8)
	  ->  Bitmap Heap Scan on sbtest5  (cost=35.46..4168.38 rows=1076 width=4)
	        Recheck Cond: ((id >= 3751148) AND (id <= 3752147))
	        ->  Bitmap Index Scan on sbtest5_pkey  (cost=0.00..35.20 rows=1076 width=0)
	              Index Cond: ((id >= 3751148) AND (id <= 3752147))

table 6 : explain SELECT SUM(k) FROM sbtest6 WHERE id BETWEEN 1308659 AND 1309658
	Aggregate  (cost=4001.68..4001.69 rows=1 width=8)
	  ->  Bitmap Heap Scan on sbtest6  (cost=35.00..3999.10 rows=1031 width=4)
	        Recheck Cond: ((id >= 1308659) AND (id <= 1309658))
	        ->  Bitmap Index Scan on sbtest6_pkey  (cost=0.00..34.75 rows=1031 width=0)
	              Index Cond: ((id >= 1308659) AND (id <= 1309658))

table 7 : explain SELECT SUM(k) FROM sbtest7 WHERE id BETWEEN 5643136 AND 5644135
	Aggregate  (cost=3765.94..3765.95 rows=1 width=8)
	  ->  Index Scan using sbtest7_pkey on sbtest7  (cost=0.43..3763.54 rows=960 width=4)
	        Index Cond: ((id >= 5643136) AND (id <= 5644135))

table 8 : explain SELECT SUM(k) FROM sbtest8 WHERE id BETWEEN 8641712 AND 8642711
	Aggregate  (cost=3831.66..3831.67 rows=1 width=8)
	  ->  Bitmap Heap Scan on sbtest8  (cost=34.54..3829.20 rows=986 width=4)
	        Recheck Cond: ((id >= 8641712) AND (id <= 8642711))
	        ->  Bitmap Index Scan on sbtest8_pkey  (cost=0.00..34.30 rows=986 width=0)
	              Index Cond: ((id >= 8641712) AND (id <= 8642711))

for: simple_ranges
table 1 : explain SELECT c FROM sbtest1 WHERE id BETWEEN 9220435 AND 9221434
	Bitmap Heap Scan on sbtest1  (cost=40.02..4364.28 rows=1130 width=121)
	  Recheck Cond: ((id >= 9220435) AND (id <= 9221434))
	  ->  Bitmap Index Scan on sbtest1_pkey  (cost=0.00..39.73 rows=1130 width=0)
	        Index Cond: ((id >= 9220435) AND (id <= 9221434))

table 2 : explain SELECT c FROM sbtest2 WHERE id BETWEEN 1043968 AND 1044967
	Bitmap Heap Scan on sbtest2  (cost=34.53..3822.53 rows=985 width=121)
	  Recheck Cond: ((id >= 1043968) AND (id <= 1044967))
	  ->  Bitmap Index Scan on sbtest2_pkey  (cost=0.00..34.29 rows=985 width=0)
	        Index Cond: ((id >= 1043968) AND (id <= 1044967))

table 3 : explain SELECT c FROM sbtest3 WHERE id BETWEEN 4665213 AND 4666212
	Bitmap Heap Scan on sbtest3  (cost=35.05..4014.04 rows=1036 width=121)
	  Recheck Cond: ((id >= 4665213) AND (id <= 4666212))
	  ->  Bitmap Index Scan on sbtest3_pkey  (cost=0.00..34.80 rows=1036 width=0)
	        Index Cond: ((id >= 4665213) AND (id <= 4666212))

table 4 : explain SELECT c FROM sbtest4 WHERE id BETWEEN 4019658 AND 4020657
	Index Scan using sbtest4_pkey on sbtest4  (cost=0.43..3829.02 rows=980 width=121)
	  Index Cond: ((id >= 4019658) AND (id <= 4020657))

table 5 : explain SELECT c FROM sbtest5 WHERE id BETWEEN 3906713 AND 3907712
	Bitmap Heap Scan on sbtest5  (cost=34.63..3862.65 rows=995 width=121)
	  Recheck Cond: ((id >= 3906713) AND (id <= 3907712))
	  ->  Bitmap Index Scan on sbtest5_pkey  (cost=0.00..34.39 rows=995 width=0)
	        Index Cond: ((id >= 3906713) AND (id <= 3907712))

table 6 : explain SELECT c FROM sbtest6 WHERE id BETWEEN 8527767 AND 8528766
	Bitmap Heap Scan on sbtest6  (cost=34.53..3825.29 rows=985 width=121)
	  Recheck Cond: ((id >= 8527767) AND (id <= 8528766))
	  ->  Bitmap Index Scan on sbtest6_pkey  (cost=0.00..34.29 rows=985 width=0)
	        Index Cond: ((id >= 8527767) AND (id <= 8528766))

table 7 : explain SELECT c FROM sbtest7 WHERE id BETWEEN 5697917 AND 5698916
	Index Scan using sbtest7_pkey on sbtest7  (cost=0.43..3654.37 rows=932 width=121)
	  Index Cond: ((id >= 5697917) AND (id <= 5698916))

table 8 : explain SELECT c FROM sbtest8 WHERE id BETWEEN 4934282 AND 4935281
	Bitmap Heap Scan on sbtest8  (cost=35.58..4210.50 rows=1087 width=121)
	  Recheck Cond: ((id >= 4934282) AND (id <= 4935281))
	  ->  Bitmap Index Scan on sbtest8_pkey  (cost=0.00..35.31 rows=1087 width=0)
	        Index Cond: ((id >= 4934282) AND (id <= 4935281))

for: distinct_ranges
table 1 : explain SELECT DISTINCT c FROM sbtest1 WHERE id BETWEEN 2074434 AND 2075433 ORDER BY c
	Unique  (cost=4444.45..4450.13 rows=1136 width=121)
	  ->  Sort  (cost=4444.45..4447.29 rows=1136 width=121)
	        Sort Key: c
	        ->  Bitmap Heap Scan on sbtest1  (cost=40.08..4386.80 rows=1136 width=121)
	              Recheck Cond: ((id >= 2074434) AND (id <= 2075433))
	              ->  Bitmap Index Scan on sbtest1_pkey  (cost=0.00..39.80 rows=1136 width=0)
	                    Index Cond: ((id >= 2074434) AND (id <= 2075433))

table 2 : explain SELECT DISTINCT c FROM sbtest2 WHERE id BETWEEN 4467634 AND 4468633 ORDER BY c
	Unique  (cost=3844.66..3849.55 rows=978 width=121)
	  ->  Sort  (cost=3844.66..3847.11 rows=978 width=121)
	        Sort Key: c
	        ->  Bitmap Heap Scan on sbtest2  (cost=34.46..3796.09 rows=978 width=121)
	              Recheck Cond: ((id >= 4467634) AND (id <= 4468633))
	              ->  Bitmap Index Scan on sbtest2_pkey  (cost=0.00..34.22 rows=978 width=0)
	                    Index Cond: ((id >= 4467634) AND (id <= 4468633))

table 3 : explain SELECT DISTINCT c FROM sbtest3 WHERE id BETWEEN 8245092 AND 8246091 ORDER BY c
	Unique  (cost=3721.05..3725.78 rows=946 width=121)
	  ->  Sort  (cost=3721.05..3723.41 rows=946 width=121)
	        Sort Key: c
	        ->  Bitmap Heap Scan on sbtest3  (cost=34.13..3674.29 rows=946 width=121)
	              Recheck Cond: ((id >= 8245092) AND (id <= 8246091))
	              ->  Bitmap Index Scan on sbtest3_pkey  (cost=0.00..33.90 rows=946 width=0)
	                    Index Cond: ((id >= 8245092) AND (id <= 8246091))

table 4 : explain SELECT DISTINCT c FROM sbtest4 WHERE id BETWEEN 6469223 AND 6470222 ORDER BY c
	Unique  (cost=4256.26..4261.64 rows=1076 width=121)
	  ->  Sort  (cost=4256.26..4258.95 rows=1076 width=121)
	        Sort Key: c
	        ->  Index Scan using sbtest4_pkey on sbtest4  (cost=0.43..4202.07 rows=1076 width=121)
	              Index Cond: ((id >= 6469223) AND (id <= 6470222))

table 5 : explain SELECT DISTINCT c FROM sbtest5 WHERE id BETWEEN 2955760 AND 2956759 ORDER BY c
	Unique  (cost=3666.42..3671.07 rows=931 width=121)
	  ->  Sort  (cost=3666.42..3668.75 rows=931 width=121)
	        Sort Key: c
	        ->  Bitmap Heap Scan on sbtest5  (cost=33.98..3620.51 rows=931 width=121)
	              Recheck Cond: ((id >= 2955760) AND (id <= 2956759))
	              ->  Bitmap Index Scan on sbtest5_pkey  (cost=0.00..33.75 rows=931 width=0)
	                    Index Cond: ((id >= 2955760) AND (id <= 2956759))

table 6 : explain SELECT DISTINCT c FROM sbtest6 WHERE id BETWEEN 6411720 AND 6412719 ORDER BY c
	Unique  (cost=4157.98..4163.28 rows=1059 width=121)
	  ->  Sort  (cost=4157.98..4160.63 rows=1059 width=121)
	        Sort Key: c
	        ->  Bitmap Heap Scan on sbtest6  (cost=35.29..4104.77 rows=1059 width=121)
	              Recheck Cond: ((id >= 6411720) AND (id <= 6412719))
	              ->  Bitmap Index Scan on sbtest6_pkey  (cost=0.00..35.03 rows=1059 width=0)
	                    Index Cond: ((id >= 6411720) AND (id <= 6412719))

table 7 : explain SELECT DISTINCT c FROM sbtest7 WHERE id BETWEEN 3130289 AND 3131288 ORDER BY c
	Unique  (cost=4104.57..4109.80 rows=1045 width=121)
	  ->  Sort  (cost=4104.57..4107.19 rows=1045 width=121)
	        Sort Key: c
	        ->  Bitmap Heap Scan on sbtest7  (cost=35.15..4052.17 rows=1045 width=121)
	              Recheck Cond: ((id >= 3130289) AND (id <= 3131288))
	              ->  Bitmap Index Scan on sbtest7_pkey  (cost=0.00..34.89 rows=1045 width=0)
	                    Index Cond: ((id >= 3130289) AND (id <= 3131288))

table 8 : explain SELECT DISTINCT c FROM sbtest8 WHERE id BETWEEN 9560574 AND 9561573 ORDER BY c
	Unique  (cost=4020.17..4025.28 rows=1023 width=121)
	  ->  Sort  (cost=4020.17..4022.73 rows=1023 width=121)
	        Sort Key: c
	        ->  Bitmap Heap Scan on sbtest8  (cost=34.92..3969.02 rows=1023 width=121)
	              Recheck Cond: ((id >= 9560574) AND (id <= 9561573))
	              ->  Bitmap Index Scan on sbtest8_pkey  (cost=0.00..34.67 rows=1023 width=0)
	                    Index Cond: ((id >= 9560574) AND (id <= 9561573))

for point_selects
table 1 : explain SELECT c FROM sbtest1 WHERE id=7972693
	Index Scan using sbtest1_pkey on sbtest1  (cost=0.43..8.45 rows=1 width=121)
	  Index Cond: (id = 7972693)

table 2 : explain SELECT c FROM sbtest2 WHERE id=649049
	Index Scan using sbtest2_pkey on sbtest2  (cost=0.43..8.45 rows=1 width=121)
	  Index Cond: (id = 649049)

table 3 : explain SELECT c FROM sbtest3 WHERE id=1373702
	Index Scan using sbtest3_pkey on sbtest3  (cost=0.43..8.45 rows=1 width=121)
	  Index Cond: (id = 1373702)

table 4 : explain SELECT c FROM sbtest4 WHERE id=1878269
	Index Scan using sbtest4_pkey on sbtest4  (cost=0.43..8.45 rows=1 width=121)
	  Index Cond: (id = 1878269)

table 5 : explain SELECT c FROM sbtest5 WHERE id=9470118
	Index Scan using sbtest5_pkey on sbtest5  (cost=0.43..8.45 rows=1 width=121)
	  Index Cond: (id = 9470118)

table 6 : explain SELECT c FROM sbtest6 WHERE id=495574
	Index Scan using sbtest6_pkey on sbtest6  (cost=0.43..8.45 rows=1 width=121)
	  Index Cond: (id = 495574)

table 7 : explain SELECT c FROM sbtest7 WHERE id=3805239
	Index Scan using sbtest7_pkey on sbtest7  (cost=0.43..8.45 rows=1 width=121)
	  Index Cond: (id = 3805239)

table 8 : explain SELECT c FROM sbtest8 WHERE id=5595297
	Index Scan using sbtest8_pkey on sbtest8  (cost=0.43..8.45 rows=1 width=121)
	  Index Cond: (id = 5595297)

for: order_ranges
table 1 : explain SELECT c FROM sbtest1 WHERE id BETWEEN 6345821 AND 6346820 ORDER BY c
	Sort  (cost=3721.96..3724.33 rows=947 width=121)
	  Sort Key: c
	  ->  Bitmap Heap Scan on sbtest1  (cost=34.14..3675.14 rows=947 width=121)
	        Recheck Cond: ((id >= 6345821) AND (id <= 6346820))
	        ->  Bitmap Index Scan on sbtest1_pkey  (cost=0.00..33.91 rows=947 width=0)
	              Index Cond: ((id >= 6345821) AND (id <= 6346820))

table 2 : explain SELECT c FROM sbtest2 WHERE id BETWEEN 6862540 AND 6863539 ORDER BY c
	Sort  (cost=3706.53..3708.88 rows=942 width=121)
	  Sort Key: c
	  ->  Bitmap Heap Scan on sbtest2  (cost=34.09..3659.99 rows=942 width=121)
	        Recheck Cond: ((id >= 6862540) AND (id <= 6863539))
	        ->  Bitmap Index Scan on sbtest2_pkey  (cost=0.00..33.86 rows=942 width=0)
	              Index Cond: ((id >= 6862540) AND (id <= 6863539))

table 3 : explain SELECT c FROM sbtest3 WHERE id BETWEEN 7228381 AND 7229380 ORDER BY c
	Sort  (cost=3993.20..3995.74 rows=1017 width=121)
	  Sort Key: c
	  ->  Bitmap Heap Scan on sbtest3  (cost=34.86..3942.40 rows=1017 width=121)
	        Recheck Cond: ((id >= 7228381) AND (id <= 7229380))
	        ->  Bitmap Index Scan on sbtest3_pkey  (cost=0.00..34.61 rows=1017 width=0)
	              Index Cond: ((id >= 7228381) AND (id <= 7229380))

table 4 : explain SELECT c FROM sbtest4 WHERE id BETWEEN 7727988 AND 7728987 ORDER BY c
	Sort  (cost=3534.64..3536.87 rows=894 width=121)
	  Sort Key: c
	  ->  Index Scan using sbtest4_pkey on sbtest4  (cost=0.43..3490.81 rows=894 width=121)
	        Index Cond: ((id >= 7727988) AND (id <= 7728987))

table 5 : explain SELECT c FROM sbtest5 WHERE id BETWEEN 7276601 AND 7277600 ORDER BY c
	Sort  (cost=3758.64..3761.03 rows=955 width=121)
	  Sort Key: c
	  ->  Bitmap Heap Scan on sbtest5  (cost=34.22..3711.37 rows=955 width=121)
	        Recheck Cond: ((id >= 7276601) AND (id <= 7277600))
	        ->  Bitmap Index Scan on sbtest5_pkey  (cost=0.00..33.98 rows=955 width=0)
	              Index Cond: ((id >= 7276601) AND (id <= 7277600))

table 6 : explain SELECT c FROM sbtest6 WHERE id BETWEEN 480875 AND 481874 ORDER BY c
	Sort  (cost=3858.91..3861.36 rows=981 width=121)
	  Sort Key: c
	  ->  Bitmap Heap Scan on sbtest6  (cost=34.49..3810.16 rows=981 width=121)
	        Recheck Cond: ((id >= 480875) AND (id <= 481874))
	        ->  Bitmap Index Scan on sbtest6_pkey  (cost=0.00..34.25 rows=981 width=0)
	              Index Cond: ((id >= 480875) AND (id <= 481874))

table 7 : explain SELECT c FROM sbtest7 WHERE id BETWEEN 8584029 AND 8585028 ORDER BY c
	Sort  (cost=3720.11..3722.45 rows=937 width=121)
	  Sort Key: c
	  ->  Index Scan using sbtest7_pkey on sbtest7  (cost=0.43..3673.86 rows=937 width=121)
	        Index Cond: ((id >= 8584029) AND (id <= 8585028))

table 8 : explain SELECT c FROM sbtest8 WHERE id BETWEEN 5312770 AND 5313769 ORDER BY c
	Sort  (cost=3985.66..3988.19 rows=1014 width=121)
	  Sort Key: c
	  ->  Bitmap Heap Scan on sbtest8  (cost=34.83..3935.03 rows=1014 width=121)
	        Recheck Cond: ((id >= 5312770) AND (id <= 5313769))
	        ->  Bitmap Index Scan on sbtest8_pkey  (cost=0.00..34.58 rows=1014 width=0)
	              Index Cond: ((id >= 5312770) AND (id <= 5313769))

for: simple_ranges
table 1 : explain SELECT c FROM sbtest1 WHERE id BETWEEN 8203850 AND 8204849
	Bitmap Heap Scan on sbtest1  (cost=34.92..3961.74 rows=1023 width=121)
	  Recheck Cond: ((id >= 8203850) AND (id <= 8204849))
	  ->  Bitmap Index Scan on sbtest1_pkey  (cost=0.00..34.67 rows=1023 width=0)
	        Index Cond: ((id >= 8203850) AND (id <= 8204849))

table 2 : explain SELECT c FROM sbtest2 WHERE id BETWEEN 1290580 AND 1291579
	Bitmap Heap Scan on sbtest2  (cost=34.51..3814.97 rows=983 width=121)
	  Recheck Cond: ((id >= 1290580) AND (id <= 1291579))
	  ->  Bitmap Index Scan on sbtest2_pkey  (cost=0.00..34.27 rows=983 width=0)
	        Index Cond: ((id >= 1290580) AND (id <= 1291579))

table 3 : explain SELECT c FROM sbtest3 WHERE id BETWEEN 1958154 AND 1959153
	Bitmap Heap Scan on sbtest3  (cost=34.64..3863.17 rows=996 width=121)
	  Recheck Cond: ((id >= 1958154) AND (id <= 1959153))
	  ->  Bitmap Index Scan on sbtest3_pkey  (cost=0.00..34.40 rows=996 width=0)
	        Index Cond: ((id >= 1958154) AND (id <= 1959153))

table 4 : explain SELECT c FROM sbtest4 WHERE id BETWEEN 9851489 AND 9852488
	Index Scan using sbtest4_pkey on sbtest4  (cost=0.43..4116.61 rows=1054 width=121)
	  Index Cond: ((id >= 9851489) AND (id <= 9852488))

table 5 : explain SELECT c FROM sbtest5 WHERE id BETWEEN 5806032 AND 5807031
	Bitmap Heap Scan on sbtest5  (cost=35.30..4108.05 rows=1060 width=121)
	  Recheck Cond: ((id >= 5806032) AND (id <= 5807031))
	  ->  Bitmap Index Scan on sbtest5_pkey  (cost=0.00..35.04 rows=1060 width=0)
	        Index Cond: ((id >= 5806032) AND (id <= 5807031))

table 6 : explain SELECT c FROM sbtest6 WHERE id BETWEEN 7873516 AND 7874515
	Bitmap Heap Scan on sbtest6  (cost=34.97..3987.77 rows=1028 width=121)
	  Recheck Cond: ((id >= 7873516) AND (id <= 7874515))
	  ->  Bitmap Index Scan on sbtest6_pkey  (cost=0.00..34.72 rows=1028 width=0)
	        Index Cond: ((id >= 7873516) AND (id <= 7874515))

table 7 : explain SELECT c FROM sbtest7 WHERE id BETWEEN 8676354 AND 8677353
	Index Scan using sbtest7_pkey on sbtest7  (cost=0.43..3459.32 rows=883 width=121)
	  Index Cond: ((id >= 8676354) AND (id <= 8677353))

table 8 : explain SELECT c FROM sbtest8 WHERE id BETWEEN 3797799 AND 3798798
	Index Scan using sbtest8_pkey on sbtest8  (cost=0.43..3486.88 rows=889 width=121)
	  Index Cond: ((id >= 3797799) AND (id <= 3798798))

for: simple_ranges
table 1 : explain SELECT c FROM sbtest1 WHERE id BETWEEN 5636542 AND 5637541
	Bitmap Heap Scan on sbtest1  (cost=34.81..3920.31 rows=1012 width=121)
	  Recheck Cond: ((id >= 5636542) AND (id <= 5637541))
	  ->  Bitmap Index Scan on sbtest1_pkey  (cost=0.00..34.56 rows=1012 width=0)
	        Index Cond: ((id >= 5636542) AND (id <= 5637541))

table 2 : explain SELECT c FROM sbtest2 WHERE id BETWEEN 2695953 AND 2696952
	Bitmap Heap Scan on sbtest2  (cost=34.58..3841.41 rows=990 width=121)
	  Recheck Cond: ((id >= 2695953) AND (id <= 2696952))
	  ->  Bitmap Index Scan on sbtest2_pkey  (cost=0.00..34.34 rows=990 width=0)
	        Index Cond: ((id >= 2695953) AND (id <= 2696952))

table 3 : explain SELECT c FROM sbtest3 WHERE id BETWEEN 2349254 AND 2350253
	Bitmap Heap Scan on sbtest3  (cost=34.23..3712.09 rows=956 width=121)
	  Recheck Cond: ((id >= 2349254) AND (id <= 2350253))
	  ->  Bitmap Index Scan on sbtest3_pkey  (cost=0.00..34.00 rows=956 width=0)
	        Index Cond: ((id >= 2349254) AND (id <= 2350253))

table 4 : explain SELECT c FROM sbtest4 WHERE id BETWEEN 8785614 AND 8786613
	Index Scan using sbtest4_pkey on sbtest4  (cost=0.43..4276.04 rows=1094 width=121)
	  Index Cond: ((id >= 8785614) AND (id <= 8786613))

table 5 : explain SELECT c FROM sbtest5 WHERE id BETWEEN 4235611 AND 4236610
	Bitmap Heap Scan on sbtest5  (cost=35.64..4232.44 rows=1093 width=121)
	  Recheck Cond: ((id >= 4235611) AND (id <= 4236610))
	  ->  Bitmap Index Scan on sbtest5_pkey  (cost=0.00..35.37 rows=1093 width=0)
	        Index Cond: ((id >= 4235611) AND (id <= 4236610))

table 6 : explain SELECT c FROM sbtest6 WHERE id BETWEEN 7380389 AND 7381388
	Bitmap Heap Scan on sbtest6  (cost=34.44..3791.25 rows=976 width=121)
	  Recheck Cond: ((id >= 7380389) AND (id <= 7381388))
	  ->  Bitmap Index Scan on sbtest6_pkey  (cost=0.00..34.20 rows=976 width=0)
	        Index Cond: ((id >= 7380389) AND (id <= 7381388))

table 7 : explain SELECT c FROM sbtest7 WHERE id BETWEEN 9771543 AND 9772542
	Index Scan using sbtest7_pkey on sbtest7  (cost=0.43..3794.72 rows=968 width=121)
	  Index Cond: ((id >= 9771543) AND (id <= 9772542))

table 8 : explain SELECT c FROM sbtest8 WHERE id BETWEEN 7169973 AND 7170972
	Bitmap Heap Scan on sbtest8  (cost=34.58..3844.32 rows=990 width=121)
	  Recheck Cond: ((id >= 7169973) AND (id <= 7170972))
	  ->  Bitmap Index Scan on sbtest8_pkey  (cost=0.00..34.34 rows=990 width=0)
	        Index Cond: ((id >= 7169973) AND (id <= 7170972))

for: sum_ranges
table 1 : explain SELECT SUM(k) FROM sbtest1 WHERE id BETWEEN 6670484 AND 6671483
	Aggregate  (cost=3726.62..3726.63 rows=1 width=8)
	  ->  Bitmap Heap Scan on sbtest1  (cost=34.28..3724.22 rows=960 width=4)
	        Recheck Cond: ((id >= 6670484) AND (id <= 6671483))
	        ->  Bitmap Index Scan on sbtest1_pkey  (cost=0.00..34.04 rows=960 width=0)
	              Index Cond: ((id >= 6670484) AND (id <= 6671483))

table 2 : explain SELECT SUM(k) FROM sbtest2 WHERE id BETWEEN 2949056 AND 2950055
	Aggregate  (cost=3741.81..3741.82 rows=1 width=8)
	  ->  Bitmap Heap Scan on sbtest2  (cost=34.31..3739.40 rows=963 width=4)
	        Recheck Cond: ((id >= 2949056) AND (id <= 2950055))
	        ->  Bitmap Index Scan on sbtest2_pkey  (cost=0.00..34.07 rows=963 width=0)
	              Index Cond: ((id >= 2949056) AND (id <= 2950055))

table 3 : explain SELECT SUM(k) FROM sbtest3 WHERE id BETWEEN 2204649 AND 2205648
	Aggregate  (cost=4141.04..4141.05 rows=1 width=8)
	  ->  Bitmap Heap Scan on sbtest3  (cost=35.39..4138.36 rows=1069 width=4)
	        Recheck Cond: ((id >= 2204649) AND (id <= 2205648))
	        ->  Bitmap Index Scan on sbtest3_pkey  (cost=0.00..35.12 rows=1069 width=0)
	              Index Cond: ((id >= 2204649) AND (id <= 2205648))

table 4 : explain SELECT SUM(k) FROM sbtest4 WHERE id BETWEEN 7791100 AND 7792099
	Aggregate  (cost=3493.05..3493.06 rows=1 width=8)
	  ->  Index Scan using sbtest4_pkey on sbtest4  (cost=0.43..3490.81 rows=894 width=4)
	        Index Cond: ((id >= 7791100) AND (id <= 7792099))

table 5 : explain SELECT SUM(k) FROM sbtest5 WHERE id BETWEEN 1812921 AND 1813920
	Aggregate  (cost=3906.73..3906.74 rows=1 width=8)
	  ->  Bitmap Heap Scan on sbtest5  (cost=34.75..3904.21 rows=1006 width=4)
	        Recheck Cond: ((id >= 1812921) AND (id <= 1813920))
	        ->  Bitmap Index Scan on sbtest5_pkey  (cost=0.00..34.50 rows=1006 width=0)
	              Index Cond: ((id >= 1812921) AND (id <= 1813920))

table 6 : explain SELECT SUM(k) FROM sbtest6 WHERE id BETWEEN 3977524 AND 3978523
	Aggregate  (cost=4065.89..4065.90 rows=1 width=8)
	  ->  Bitmap Heap Scan on sbtest6  (cost=35.18..4063.27 rows=1048 width=4)
	        Recheck Cond: ((id >= 3977524) AND (id <= 3978523))
	        ->  Bitmap Index Scan on sbtest6_pkey  (cost=0.00..34.92 rows=1048 width=0)
	              Index Cond: ((id >= 3977524) AND (id <= 3978523))

table 7 : explain SELECT SUM(k) FROM sbtest7 WHERE id BETWEEN 7047659 AND 7048658
	Aggregate  (cost=3871.28..3871.29 rows=1 width=8)
	  ->  Index Scan using sbtest7_pkey on sbtest7  (cost=0.43..3868.81 rows=987 width=4)
	        Index Cond: ((id >= 7047659) AND (id <= 7048658))

table 8 : explain SELECT SUM(k) FROM sbtest8 WHERE id BETWEEN 5815589 AND 5816588
	Aggregate  (cost=3850.58..3850.59 rows=1 width=8)
	  ->  Bitmap Heap Scan on sbtest8  (cost=34.59..3848.10 rows=991 width=4)
	        Recheck Cond: ((id >= 5815589) AND (id <= 5816588))
	        ->  Bitmap Index Scan on sbtest8_pkey  (cost=0.00..34.34 rows=991 width=0)
	              Index Cond: ((id >= 5815589) AND (id <= 5816588))

for: simple_ranges
table 1 : explain SELECT c FROM sbtest1 WHERE id BETWEEN 4135461 AND 4136460
	Bitmap Heap Scan on sbtest1  (cost=34.06..3644.93 rows=939 width=121)
	  Recheck Cond: ((id >= 4135461) AND (id <= 4136460))
	  ->  Bitmap Index Scan on sbtest1_pkey  (cost=0.00..33.83 rows=939 width=0)
	        Index Cond: ((id >= 4135461) AND (id <= 4136460))

table 2 : explain SELECT c FROM sbtest2 WHERE id BETWEEN 7330045 AND 7331044
	Bitmap Heap Scan on sbtest2  (cost=35.54..4192.09 rows=1083 width=121)
	  Recheck Cond: ((id >= 7330045) AND (id <= 7331044))
	  ->  Bitmap Index Scan on sbtest2_pkey  (cost=0.00..35.27 rows=1083 width=0)
	        Index Cond: ((id >= 7330045) AND (id <= 7331044))

table 3 : explain SELECT c FROM sbtest3 WHERE id BETWEEN 9982002 AND 9983001
	Bitmap Heap Scan on sbtest3  (cost=35.26..4089.40 rows=1056 width=121)
	  Recheck Cond: ((id >= 9982002) AND (id <= 9983001))
	  ->  Bitmap Index Scan on sbtest3_pkey  (cost=0.00..35.00 rows=1056 width=0)
	        Index Cond: ((id >= 9982002) AND (id <= 9983001))

table 4 : explain SELECT c FROM sbtest4 WHERE id BETWEEN 5629418 AND 5630417
	Index Scan using sbtest4_pkey on sbtest4  (cost=0.43..3852.33 rows=986 width=121)
	  Index Cond: ((id >= 5629418) AND (id <= 5630417))

table 5 : explain SELECT c FROM sbtest5 WHERE id BETWEEN 9579870 AND 9580869
	Bitmap Heap Scan on sbtest5  (cost=35.34..4123.13 rows=1064 width=121)
	  Recheck Cond: ((id >= 9579870) AND (id <= 9580869))
	  ->  Bitmap Index Scan on sbtest5_pkey  (cost=0.00..35.08 rows=1064 width=0)
	        Index Cond: ((id >= 9579870) AND (id <= 9580869))

table 6 : explain SELECT c FROM sbtest6 WHERE id BETWEEN 140368 AND 141367
	Bitmap Heap Scan on sbtest6  (cost=34.85..3942.45 rows=1016 width=121)
	  Recheck Cond: ((id >= 140368) AND (id <= 141367))
	  ->  Bitmap Index Scan on sbtest6_pkey  (cost=0.00..34.59 rows=1016 width=0)
	        Index Cond: ((id >= 140368) AND (id <= 141367))

table 7 : explain SELECT c FROM sbtest7 WHERE id BETWEEN 833574 AND 834573
	Bitmap Heap Scan on sbtest7  (cost=35.13..4044.62 rows=1043 width=121)
	  Recheck Cond: ((id >= 833574) AND (id <= 834573))
	  ->  Bitmap Index Scan on sbtest7_pkey  (cost=0.00..34.87 rows=1043 width=0)
	        Index Cond: ((id >= 833574) AND (id <= 834573))

table 8 : explain SELECT c FROM sbtest8 WHERE id BETWEEN 1926824 AND 1927823
	Bitmap Heap Scan on sbtest8  (cost=35.44..4161.49 rows=1074 width=121)
	  Recheck Cond: ((id >= 1926824) AND (id <= 1927823))
	  ->  Bitmap Index Scan on sbtest8_pkey  (cost=0.00..35.18 rows=1074 width=0)
	        Index Cond: ((id >= 1926824) AND (id <= 1927823))

for: simple_ranges
table 1 : explain SELECT c FROM sbtest1 WHERE id BETWEEN 1759797 AND 1760796
	Bitmap Heap Scan on sbtest1  (cost=34.28..3724.22 rows=960 width=121)
	  Recheck Cond: ((id >= 1759797) AND (id <= 1760796))
	  ->  Bitmap Index Scan on sbtest1_pkey  (cost=0.00..34.04 rows=960 width=0)
	        Index Cond: ((id >= 1759797) AND (id <= 1760796))

table 2 : explain SELECT c FROM sbtest2 WHERE id BETWEEN 113710 AND 114709
	Bitmap Heap Scan on sbtest2  (cost=34.06..3648.65 rows=939 width=121)
	  Recheck Cond: ((id >= 113710) AND (id <= 114709))
	  ->  Bitmap Index Scan on sbtest2_pkey  (cost=0.00..33.83 rows=939 width=0)
	        Index Cond: ((id >= 113710) AND (id <= 114709))

table 3 : explain SELECT c FROM sbtest3 WHERE id BETWEEN 3668227 AND 3669226
	Bitmap Heap Scan on sbtest3  (cost=35.22..4074.34 rows=1052 width=121)
	  Recheck Cond: ((id >= 3668227) AND (id <= 3669226))
	  ->  Bitmap Index Scan on sbtest3_pkey  (cost=0.00..34.95 rows=1052 width=0)
	        Index Cond: ((id >= 3668227) AND (id <= 3669226))

table 4 : explain SELECT c FROM sbtest4 WHERE id BETWEEN 6677382 AND 6678381
	Index Scan using sbtest4_pkey on sbtest4  (cost=0.43..3770.75 rows=965 width=121)
	  Index Cond: ((id >= 6677382) AND (id <= 6678381))

table 5 : explain SELECT c FROM sbtest5 WHERE id BETWEEN 3565422 AND 3566421
	Bitmap Heap Scan on sbtest5  (cost=29.59..3472.49 rows=893 width=121)
	  Recheck Cond: ((id >= 3565422) AND (id <= 3566421))
	  ->  Bitmap Index Scan on sbtest5_pkey  (cost=0.00..29.36 rows=893 width=0)
	        Index Cond: ((id >= 3565422) AND (id <= 3566421))

table 6 : explain SELECT c FROM sbtest6 WHERE id BETWEEN 6760809 AND 6761808
	Bitmap Heap Scan on sbtest6  (cost=35.17..4059.50 rows=1047 width=121)
	  Recheck Cond: ((id >= 6760809) AND (id <= 6761808))
	  ->  Bitmap Index Scan on sbtest6_pkey  (cost=0.00..34.91 rows=1047 width=0)
	        Index Cond: ((id >= 6760809) AND (id <= 6761808))

table 7 : explain SELECT c FROM sbtest7 WHERE id BETWEEN 5652137 AND 5653136
	Index Scan using sbtest7_pkey on sbtest7  (cost=0.43..3763.54 rows=960 width=121)
	  Index Cond: ((id >= 5652137) AND (id <= 5653136))

table 8 : explain SELECT c FROM sbtest8 WHERE id BETWEEN 9728598 AND 9729597
	Bitmap Heap Scan on sbtest8  (cost=34.89..3957.69 rows=1020 width=121)
	  Recheck Cond: ((id >= 9728598) AND (id <= 9729597))
	  ->  Bitmap Index Scan on sbtest8_pkey  (cost=0.00..34.64 rows=1020 width=0)
	        Index Cond: ((id >= 9728598) AND (id <= 9729597))

for: sum_ranges
table 1 : explain SELECT SUM(k) FROM sbtest1 WHERE id BETWEEN 9322298 AND 9323297
	Aggregate  (cost=3949.22..3949.23 rows=1 width=8)
	  ->  Bitmap Heap Scan on sbtest1  (cost=34.88..3946.68 rows=1019 width=4)
	        Recheck Cond: ((id >= 9322298) AND (id <= 9323297))
	        ->  Bitmap Index Scan on sbtest1_pkey  (cost=0.00..34.62 rows=1019 width=0)
	              Index Cond: ((id >= 9322298) AND (id <= 9323297))

table 2 : explain SELECT SUM(k) FROM sbtest2 WHERE id BETWEEN 6845041 AND 6846040
	Aggregate  (cost=3662.35..3662.36 rows=1 width=8)
	  ->  Bitmap Heap Scan on sbtest2  (cost=34.09..3659.99 rows=942 width=4)
	        Recheck Cond: ((id >= 6845041) AND (id <= 6846040))
	        ->  Bitmap Index Scan on sbtest2_pkey  (cost=0.00..33.86 rows=942 width=0)
	              Index Cond: ((id >= 6845041) AND (id <= 6846040))

table 3 : explain SELECT SUM(k) FROM sbtest3 WHERE id BETWEEN 9359058 AND 9360057
	Aggregate  (cost=3808.99..3809.00 rows=1 width=8)
	  ->  Bitmap Heap Scan on sbtest3  (cost=34.49..3806.54 rows=981 width=4)
	        Recheck Cond: ((id >= 9359058) AND (id <= 9360057))
	        ->  Bitmap Index Scan on sbtest3_pkey  (cost=0.00..34.25 rows=981 width=0)
	              Index Cond: ((id >= 9359058) AND (id <= 9360057))

table 4 : explain SELECT SUM(k) FROM sbtest4 WHERE id BETWEEN 9638946 AND 9639945
	Aggregate  (cost=4200.88..4200.89 rows=1 width=8)
	  ->  Index Scan using sbtest4_pkey on sbtest4  (cost=0.43..4198.19 rows=1075 width=4)
	        Index Cond: ((id >= 9638946) AND (id <= 9639945))

table 5 : explain SELECT SUM(k) FROM sbtest5 WHERE id BETWEEN 2890111 AND 2891110
	Aggregate  (cost=4461.41..4461.42 rows=1 width=8)
	  ->  Bitmap Heap Scan on sbtest5  (cost=40.24..4458.53 rows=1152 width=4)
	        Recheck Cond: ((id >= 2890111) AND (id <= 2891110))
	        ->  Bitmap Index Scan on sbtest5_pkey  (cost=0.00..39.95 rows=1152 width=0)
	              Index Cond: ((id >= 2890111) AND (id <= 2891110))

table 6 : explain SELECT SUM(k) FROM sbtest6 WHERE id BETWEEN 9092018 AND 9093017
	Aggregate  (cost=4099.87..4099.88 rows=1 width=8)
	  ->  Bitmap Heap Scan on sbtest6  (cost=35.27..4097.23 rows=1057 width=4)
	        Recheck Cond: ((id >= 9092018) AND (id <= 9093017))
	        ->  Bitmap Index Scan on sbtest6_pkey  (cost=0.00..35.01 rows=1057 width=0)
	              Index Cond: ((id >= 9092018) AND (id <= 9093017))

table 7 : explain SELECT SUM(k) FROM sbtest7 WHERE id BETWEEN 8560198 AND 8561197
	Aggregate  (cost=3676.20..3676.21 rows=1 width=8)
	  ->  Index Scan using sbtest7_pkey on sbtest7  (cost=0.43..3673.86 rows=937 width=4)
	        Index Cond: ((id >= 8560198) AND (id <= 8561197))

table 8 : explain SELECT SUM(k) FROM sbtest8 WHERE id BETWEEN 9358549 AND 9359548
	Aggregate  (cost=3877.06..3877.07 rows=1 width=8)
	  ->  Bitmap Heap Scan on sbtest8  (cost=34.66..3874.57 rows=998 width=4)
	        Recheck Cond: ((id >= 9358549) AND (id <= 9359548))
	        ->  Bitmap Index Scan on sbtest8_pkey  (cost=0.00..34.42 rows=998 width=0)
	              Index Cond: ((id >= 9358549) AND (id <= 9359548))

for: order_ranges
table 1 : explain SELECT c FROM sbtest1 WHERE id BETWEEN 7921357 AND 7922356 ORDER BY c
	Sort  (cost=4081.69..4084.29 rows=1041 width=121)
	  Sort Key: c
	  ->  Bitmap Heap Scan on sbtest1  (cost=35.11..4029.51 rows=1041 width=121)
	        Recheck Cond: ((id >= 7921357) AND (id <= 7922356))
	        ->  Bitmap Index Scan on sbtest1_pkey  (cost=0.00..34.84 rows=1041 width=0)
	              Index Cond: ((id >= 7921357) AND (id <= 7922356))

table 2 : explain SELECT c FROM sbtest2 WHERE id BETWEEN 2507964 AND 2508963 ORDER BY c
	Sort  (cost=3587.30..3589.58 rows=912 width=121)
	  Sort Key: c
	  ->  Bitmap Heap Scan on sbtest2  (cost=29.78..3542.46 rows=912 width=121)
	        Recheck Cond: ((id >= 2507964) AND (id <= 2508963))
	        ->  Bitmap Index Scan on sbtest2_pkey  (cost=0.00..29.55 rows=912 width=0)
	              Index Cond: ((id >= 2507964) AND (id <= 2508963))

table 3 : explain SELECT c FROM sbtest3 WHERE id BETWEEN 944093 AND 945092 ORDER BY c
	Sort  (cost=4161.56..4164.21 rows=1061 width=121)
	  Sort Key: c
	  ->  Bitmap Heap Scan on sbtest3  (cost=35.31..4108.24 rows=1061 width=121)
	        Recheck Cond: ((id >= 944093) AND (id <= 945092))
	        ->  Bitmap Index Scan on sbtest3_pkey  (cost=0.00..35.05 rows=1061 width=0)
	              Index Cond: ((id >= 944093) AND (id <= 945092))

table 4 : explain SELECT c FROM sbtest4 WHERE id BETWEEN 9220505 AND 9221504 ORDER BY c
	Sort  (cost=3889.53..3891.99 rows=983 width=121)
	  Sort Key: c
	  ->  Index Scan using sbtest4_pkey on sbtest4  (cost=0.43..3840.67 rows=983 width=121)
	        Index Cond: ((id >= 9220505) AND (id <= 9221504))

table 5 : explain SELECT c FROM sbtest5 WHERE id BETWEEN 2206677 AND 2207676 ORDER BY c
	Sort  (cost=4050.23..4052.80 rows=1031 width=121)
	  Sort Key: c
	  ->  Bitmap Heap Scan on sbtest5  (cost=35.00..3998.63 rows=1031 width=121)
	        Recheck Cond: ((id >= 2206677) AND (id <= 2207676))
	        ->  Bitmap Index Scan on sbtest5_pkey  (cost=0.00..34.75 rows=1031 width=0)
	              Index Cond: ((id >= 2206677) AND (id <= 2207676))

table 6 : explain SELECT c FROM sbtest6 WHERE id BETWEEN 9450631 AND 9451630 ORDER BY c
	Sort  (cost=4230.73..4233.42 rows=1078 width=121)
	  Sort Key: c
	  ->  Bitmap Heap Scan on sbtest6  (cost=35.48..4176.43 rows=1078 width=121)
	        Recheck Cond: ((id >= 9450631) AND (id <= 9451630))
	        ->  Bitmap Index Scan on sbtest6_pkey  (cost=0.00..35.22 rows=1078 width=0)
	              Index Cond: ((id >= 9450631) AND (id <= 9451630))

table 7 : explain SELECT c FROM sbtest7 WHERE id BETWEEN 1639513 AND 1640512 ORDER BY c
	Sort  (cost=3830.87..3833.28 rows=965 width=121)
	  Sort Key: c
	  ->  Index Scan using sbtest7_pkey on sbtest7  (cost=0.43..3783.03 rows=965 width=121)
	        Index Cond: ((id >= 1639513) AND (id <= 1640512))

table 8 : explain SELECT c FROM sbtest8 WHERE id BETWEEN 2485571 AND 2486570 ORDER BY c
	Sort  (cost=3716.59..3718.93 rows=935 width=121)
	  Sort Key: c
	  ->  Index Scan using sbtest8_pkey on sbtest8  (cost=0.43..3670.45 rows=935 width=121)
	        Index Cond: ((id >= 2485571) AND (id <= 2486570))

for: sum_ranges
table 1 : explain SELECT SUM(k) FROM sbtest1 WHERE id BETWEEN 2261609 AND 2262608
	Aggregate  (cost=4058.48..4058.49 rows=1 width=8)
	  ->  Bitmap Heap Scan on sbtest1  (cost=35.18..4055.86 rows=1048 width=4)
	        Recheck Cond: ((id >= 2261609) AND (id <= 2262608))
	        ->  Bitmap Index Scan on sbtest1_pkey  (cost=0.00..34.92 rows=1048 width=0)
	              Index Cond: ((id >= 2261609) AND (id <= 2262608))

table 2 : explain SELECT SUM(k) FROM sbtest2 WHERE id BETWEEN 6595455 AND 6596454
	Aggregate  (cost=3715.33..3715.34 rows=1 width=8)
	  ->  Bitmap Heap Scan on sbtest2  (cost=34.23..3712.94 rows=956 width=4)
	        Recheck Cond: ((id >= 6595455) AND (id <= 6596454))
	        ->  Bitmap Index Scan on sbtest2_pkey  (cost=0.00..34.00 rows=956 width=0)
	              Index Cond: ((id >= 6595455) AND (id <= 6596454))

table 3 : explain SELECT SUM(k) FROM sbtest3 WHERE id BETWEEN 6531372 AND 6532371
	Aggregate  (cost=3861.88..3861.89 rows=1 width=8)
	  ->  Bitmap Heap Scan on sbtest3  (cost=34.63..3859.39 rows=995 width=4)
	        Recheck Cond: ((id >= 6531372) AND (id <= 6532371))
	        ->  Bitmap Index Scan on sbtest3_pkey  (cost=0.00..34.39 rows=995 width=0)
	              Index Cond: ((id >= 6531372) AND (id <= 6532371))

table 4 : explain SELECT SUM(k) FROM sbtest4 WHERE id BETWEEN 4547938 AND 4548937
	Aggregate  (cost=3788.71..3788.72 rows=1 width=8)
	  ->  Index Scan using sbtest4_pkey on sbtest4  (cost=0.43..3786.29 rows=969 width=4)
	        Index Cond: ((id >= 4547938) AND (id <= 4548937))

table 5 : explain SELECT SUM(k) FROM sbtest5 WHERE id BETWEEN 735482 AND 736481
	Aggregate  (cost=4152.21..4152.22 rows=1 width=8)
	  ->  Bitmap Heap Scan on sbtest5  (cost=35.41..4149.53 rows=1071 width=4)
	        Recheck Cond: ((id >= 735482) AND (id <= 736481))
	        ->  Bitmap Index Scan on sbtest5_pkey  (cost=0.00..35.15 rows=1071 width=0)
	              Index Cond: ((id >= 735482) AND (id <= 736481))

table 6 : explain SELECT SUM(k) FROM sbtest6 WHERE id BETWEEN 9157138 AND 9158137
	Aggregate  (cost=4205.53..4205.54 rows=1 width=8)
	  ->  Bitmap Heap Scan on sbtest6  (cost=35.56..4202.81 rows=1085 width=4)
	        Recheck Cond: ((id >= 9157138) AND (id <= 9158137))
	        ->  Bitmap Index Scan on sbtest6_pkey  (cost=0.00..35.29 rows=1085 width=0)
	              Index Cond: ((id >= 9157138) AND (id <= 9158137))

table 7 : explain SELECT SUM(k) FROM sbtest7 WHERE id BETWEEN 6482894 AND 6483893
	Aggregate  (cost=3765.94..3765.95 rows=1 width=8)
	  ->  Index Scan using sbtest7_pkey on sbtest7  (cost=0.43..3763.54 rows=960 width=4)
	        Index Cond: ((id >= 6482894) AND (id <= 6483893))

table 8 : explain SELECT SUM(k) FROM sbtest8 WHERE id BETWEEN 5454997 AND 5455996
	Aggregate  (cost=4379.29..4379.30 rows=1 width=8)
	  ->  Bitmap Heap Scan on sbtest8  (cost=40.02..4376.46 rows=1130 width=4)
	        Recheck Cond: ((id >= 5454997) AND (id <= 5455996))
	        ->  Bitmap Index Scan on sbtest8_pkey  (cost=0.00..39.73 rows=1130 width=0)
	              Index Cond: ((id >= 5454997) AND (id <= 5455996))

for: simple_ranges
table 1 : explain SELECT c FROM sbtest1 WHERE id BETWEEN 6371439 AND 6372438
	Bitmap Heap Scan on sbtest1  (cost=34.39..3765.73 rows=971 width=121)
	  Recheck Cond: ((id >= 6371439) AND (id <= 6372438))
	  ->  Bitmap Index Scan on sbtest1_pkey  (cost=0.00..34.15 rows=971 width=0)
	        Index Cond: ((id >= 6371439) AND (id <= 6372438))

table 2 : explain SELECT c FROM sbtest2 WHERE id BETWEEN 9029845 AND 9030844
	Bitmap Heap Scan on sbtest2  (cost=34.76..3905.59 rows=1007 width=121)
	  Recheck Cond: ((id >= 9029845) AND (id <= 9030844))
	  ->  Bitmap Index Scan on sbtest2_pkey  (cost=0.00..34.51 rows=1007 width=0)
	        Index Cond: ((id >= 9029845) AND (id <= 9030844))

table 3 : explain SELECT c FROM sbtest3 WHERE id BETWEEN 3038370 AND 3039369
	Bitmap Heap Scan on sbtest3  (cost=34.22..3708.31 rows=955 width=121)
	  Recheck Cond: ((id >= 3038370) AND (id <= 3039369))
	  ->  Bitmap Index Scan on sbtest3_pkey  (cost=0.00..33.98 rows=955 width=0)
	        Index Cond: ((id >= 3038370) AND (id <= 3039369))

table 4 : explain SELECT c FROM sbtest4 WHERE id BETWEEN 9428947 AND 9429946
	Index Scan using sbtest4_pkey on sbtest4  (cost=0.43..4089.38 rows=1047 width=121)
	  Index Cond: ((id >= 9428947) AND (id <= 9429946))

table 5 : explain SELECT c FROM sbtest5 WHERE id BETWEEN 9534991 AND 9535990
	Bitmap Heap Scan on sbtest5  (cost=35.34..4123.13 rows=1064 width=121)
	  Recheck Cond: ((id >= 9534991) AND (id <= 9535990))
	  ->  Bitmap Index Scan on sbtest5_pkey  (cost=0.00..35.08 rows=1064 width=0)
	        Index Cond: ((id >= 9534991) AND (id <= 9535990))

table 6 : explain SELECT c FROM sbtest6 WHERE id BETWEEN 6470339 AND 6471338
	Bitmap Heap Scan on sbtest6  (cost=34.93..3972.67 rows=1024 width=121)
	  Recheck Cond: ((id >= 6470339) AND (id <= 6471338))
	  ->  Bitmap Index Scan on sbtest6_pkey  (cost=0.00..34.68 rows=1024 width=0)
	        Index Cond: ((id >= 6470339) AND (id <= 6471338))

table 7 : explain SELECT c FROM sbtest7 WHERE id BETWEEN 4243745 AND 4244744
	Index Scan using sbtest7_pkey on sbtest7  (cost=0.43..3849.32 rows=982 width=121)
	  Index Cond: ((id >= 4243745) AND (id <= 4244744))

table 8 : explain SELECT c FROM sbtest8 WHERE id BETWEEN 3524623 AND 3525622
	Bitmap Heap Scan on sbtest8  (cost=40.01..4372.70 rows=1129 width=121)
	  Recheck Cond: ((id >= 3524623) AND (id <= 3525622))
	  ->  Bitmap Index Scan on sbtest8_pkey  (cost=0.00..39.73 rows=1129 width=0)
	        Index Cond: ((id >= 3524623) AND (id <= 3525622))

for: distinct_ranges
table 1 : explain SELECT DISTINCT c FROM sbtest1 WHERE id BETWEEN 9481611 AND 9482610 ORDER BY c
	Unique  (cost=3764.11..3768.90 rows=958 width=121)
	  ->  Sort  (cost=3764.11..3766.50 rows=958 width=121)
	        Sort Key: c
	        ->  Bitmap Heap Scan on sbtest1  (cost=34.25..3716.67 rows=958 width=121)
	              Recheck Cond: ((id >= 9481611) AND (id <= 9482610))
	              ->  Bitmap Index Scan on sbtest1_pkey  (cost=0.00..34.02 rows=958 width=0)
	                    Index Cond: ((id >= 9481611) AND (id <= 9482610))

table 2 : explain SELECT DISTINCT c FROM sbtest2 WHERE id BETWEEN 2971966 AND 2972965 ORDER BY c
	Unique  (cost=3787.12..3791.94 rows=963 width=121)
	  ->  Sort  (cost=3787.12..3789.53 rows=963 width=121)
	        Sort Key: c
	        ->  Bitmap Heap Scan on sbtest2  (cost=34.31..3739.40 rows=963 width=121)
	              Recheck Cond: ((id >= 2971966) AND (id <= 2972965))
	              ->  Bitmap Index Scan on sbtest2_pkey  (cost=0.00..34.07 rows=963 width=0)
	                    Index Cond: ((id >= 2971966) AND (id <= 2972965))

table 3 : explain SELECT DISTINCT c FROM sbtest3 WHERE id BETWEEN 9539791 AND 9540790 ORDER BY c
	Unique  (cost=3928.09..3933.09 rows=1000 width=121)
	  ->  Sort  (cost=3928.09..3930.59 rows=1000 width=121)
	        Sort Key: c
	        ->  Bitmap Heap Scan on sbtest3  (cost=34.69..3878.26 rows=1000 width=121)
	              Recheck Cond: ((id >= 9539791) AND (id <= 9540790))
	              ->  Bitmap Index Scan on sbtest3_pkey  (cost=0.00..34.44 rows=1000 width=0)
	                    Index Cond: ((id >= 9539791) AND (id <= 9540790))

table 4 : explain SELECT DISTINCT c FROM sbtest4 WHERE id BETWEEN 3518131 AND 3519130 ORDER BY c
	Unique  (cost=3759.42..3764.17 rows=950 width=121)
	  ->  Sort  (cost=3759.42..3761.80 rows=950 width=121)
	        Sort Key: c
	        ->  Index Scan using sbtest4_pkey on sbtest4  (cost=0.43..3712.44 rows=950 width=121)
	              Index Cond: ((id >= 3518131) AND (id <= 3519130))

table 5 : explain SELECT DISTINCT c FROM sbtest5 WHERE id BETWEEN 5353179 AND 5354178 ORDER BY c
	Unique  (cost=3942.88..3947.89 rows=1003 width=121)
	  ->  Sort  (cost=3942.88..3945.39 rows=1003 width=121)
	        Sort Key: c
	        ->  Bitmap Heap Scan on sbtest5  (cost=34.72..3892.88 rows=1003 width=121)
	              Recheck Cond: ((id >= 5353179) AND (id <= 5354178))
	              ->  Bitmap Index Scan on sbtest5_pkey  (cost=0.00..34.47 rows=1003 width=0)
	                    Index Cond: ((id >= 5353179) AND (id <= 5354178))

table 6 : explain SELECT DISTINCT c FROM sbtest6 WHERE id BETWEEN 6653836 AND 6654835 ORDER BY c
	Unique  (cost=3751.38..3756.15 rows=953 width=121)
	  ->  Sort  (cost=3751.38..3753.76 rows=953 width=121)
	        Sort Key: c
	        ->  Bitmap Heap Scan on sbtest6  (cost=34.20..3704.22 rows=953 width=121)
	              Recheck Cond: ((id >= 6653836) AND (id <= 6654835))
	              ->  Bitmap Index Scan on sbtest6_pkey  (cost=0.00..33.97 rows=953 width=0)
	                    Index Cond: ((id >= 6653836) AND (id <= 6654835))

table 7 : explain SELECT DISTINCT c FROM sbtest7 WHERE id BETWEEN 4507803 AND 4508802 ORDER BY c
	Unique  (cost=3925.81..3930.75 rows=989 width=121)
	  ->  Sort  (cost=3925.81..3928.28 rows=989 width=121)
	        Sort Key: c
	        ->  Index Scan using sbtest7_pkey on sbtest7  (cost=0.43..3876.61 rows=989 width=121)
	              Index Cond: ((id >= 4507803) AND (id <= 4508802))

table 8 : explain SELECT DISTINCT c FROM sbtest8 WHERE id BETWEEN 7619658 AND 7620657 ORDER BY c
	Unique  (cost=3799.76..3804.54 rows=956 width=121)
	  ->  Sort  (cost=3799.76..3802.15 rows=956 width=121)
	        Sort Key: c
	        ->  Index Scan using sbtest8_pkey on sbtest8  (cost=0.43..3752.43 rows=956 width=121)
	              Index Cond: ((id >= 7619658) AND (id <= 7620657))

for point_selects
table 1 : explain SELECT c FROM sbtest1 WHERE id=3950414
	Index Scan using sbtest1_pkey on sbtest1  (cost=0.43..8.45 rows=1 width=121)
	  Index Cond: (id = 3950414)

table 2 : explain SELECT c FROM sbtest2 WHERE id=8927197
	Index Scan using sbtest2_pkey on sbtest2  (cost=0.43..8.45 rows=1 width=121)
	  Index Cond: (id = 8927197)

table 3 : explain SELECT c FROM sbtest3 WHERE id=4866347
	Index Scan using sbtest3_pkey on sbtest3  (cost=0.43..8.45 rows=1 width=121)
	  Index Cond: (id = 4866347)

table 4 : explain SELECT c FROM sbtest4 WHERE id=3798477
	Index Scan using sbtest4_pkey on sbtest4  (cost=0.43..8.45 rows=1 width=121)
	  Index Cond: (id = 3798477)

table 5 : explain SELECT c FROM sbtest5 WHERE id=8040813
	Index Scan using sbtest5_pkey on sbtest5  (cost=0.43..8.45 rows=1 width=121)
	  Index Cond: (id = 8040813)

table 6 : explain SELECT c FROM sbtest6 WHERE id=3104854
	Index Scan using sbtest6_pkey on sbtest6  (cost=0.43..8.45 rows=1 width=121)
	  Index Cond: (id = 3104854)

table 7 : explain SELECT c FROM sbtest7 WHERE id=5632126
	Index Scan using sbtest7_pkey on sbtest7  (cost=0.43..8.45 rows=1 width=121)
	  Index Cond: (id = 5632126)

table 8 : explain SELECT c FROM sbtest8 WHERE id=7292132
	Index Scan using sbtest8_pkey on sbtest8  (cost=0.43..8.45 rows=1 width=121)
	  Index Cond: (id = 7292132)

for: sum_ranges
table 1 : explain SELECT SUM(k) FROM sbtest1 WHERE id BETWEEN 6302898 AND 6303897
	Aggregate  (cost=3677.51..3677.52 rows=1 width=8)
	  ->  Bitmap Heap Scan on sbtest1  (cost=34.14..3675.14 rows=947 width=4)
	        Recheck Cond: ((id >= 6302898) AND (id <= 6303897))
	        ->  Bitmap Index Scan on sbtest1_pkey  (cost=0.00..33.91 rows=947 width=0)
	              Index Cond: ((id >= 6302898) AND (id <= 6303897))

table 2 : explain SELECT SUM(k) FROM sbtest2 WHERE id BETWEEN 5729629 AND 5730628
	Aggregate  (cost=3787.19..3787.20 rows=1 width=8)
	  ->  Bitmap Heap Scan on sbtest2  (cost=34.43..3784.75 rows=975 width=4)
	        Recheck Cond: ((id >= 5729629) AND (id <= 5730628))
	        ->  Bitmap Index Scan on sbtest2_pkey  (cost=0.00..34.19 rows=975 width=0)
	              Index Cond: ((id >= 5729629) AND (id <= 5730628))

table 3 : explain SELECT SUM(k) FROM sbtest3 WHERE id BETWEEN 7928817 AND 7929816
	Aggregate  (cost=3910.97..3910.98 rows=1 width=8)
	  ->  Bitmap Heap Scan on sbtest3  (cost=34.77..3908.45 rows=1008 width=4)
	        Recheck Cond: ((id >= 7928817) AND (id <= 7929816))
	        ->  Bitmap Index Scan on sbtest3_pkey  (cost=0.00..34.52 rows=1008 width=0)
	              Index Cond: ((id >= 7928817) AND (id <= 7929816))

table 4 : explain SELECT SUM(k) FROM sbtest4 WHERE id BETWEEN 3892995 AND 3893994
	Aggregate  (cost=3854.79..3854.80 rows=1 width=8)
	  ->  Index Scan using sbtest4_pkey on sbtest4  (cost=0.43..3852.33 rows=986 width=4)
	        Index Cond: ((id >= 3892995) AND (id <= 3893994))

table 5 : explain SELECT SUM(k) FROM sbtest5 WHERE id BETWEEN 4369116 AND 4370115
	Aggregate  (cost=3914.29..3914.30 rows=1 width=8)
	  ->  Bitmap Heap Scan on sbtest5  (cost=34.77..3911.77 rows=1008 width=4)
	        Recheck Cond: ((id >= 4369116) AND (id <= 4370115))
	        ->  Bitmap Index Scan on sbtest5_pkey  (cost=0.00..34.52 rows=1008 width=0)
	              Index Cond: ((id >= 4369116) AND (id <= 4370115))

table 6 : explain SELECT SUM(k) FROM sbtest6 WHERE id BETWEEN 1175944 AND 1176943
	Aggregate  (cost=3653.57..3653.58 rows=1 width=8)
	  ->  Bitmap Heap Scan on sbtest6  (cost=34.06..3651.22 rows=939 width=4)
	        Recheck Cond: ((id >= 1175944) AND (id <= 1176943))
	        ->  Bitmap Index Scan on sbtest6_pkey  (cost=0.00..33.83 rows=939 width=0)
	              Index Cond: ((id >= 1175944) AND (id <= 1176943))

table 7 : explain SELECT SUM(k) FROM sbtest7 WHERE id BETWEEN 3015702 AND 3016701
	Aggregate  (cost=4247.48..4247.49 rows=1 width=8)
	  ->  Bitmap Heap Scan on sbtest7  (cost=39.66..4244.74 rows=1095 width=4)
	        Recheck Cond: ((id >= 3015702) AND (id <= 3016701))
	        ->  Bitmap Index Scan on sbtest7_pkey  (cost=0.00..39.39 rows=1095 width=0)
	              Index Cond: ((id >= 3015702) AND (id <= 3016701))

table 8 : explain SELECT SUM(k) FROM sbtest8 WHERE id BETWEEN 8278054 AND 8279053
	Aggregate  (cost=3700.12..3700.13 rows=1 width=8)
	  ->  Index Scan using sbtest8_pkey on sbtest8  (cost=0.43..3697.77 rows=942 width=4)
	        Index Cond: ((id >= 8278054) AND (id <= 8279053))

for: sum_ranges
table 1 : explain SELECT SUM(k) FROM sbtest1 WHERE id BETWEEN 677475 AND 678474
	Aggregate  (cost=3465.49..3465.50 rows=1 width=8)
	  ->  Bitmap Heap Scan on sbtest1  (cost=29.58..3463.26 rows=892 width=4)
	        Recheck Cond: ((id >= 677475) AND (id <= 678474))
	        ->  Bitmap Index Scan on sbtest1_pkey  (cost=0.00..29.36 rows=892 width=0)
	              Index Cond: ((id >= 677475) AND (id <= 678474))

table 2 : explain SELECT SUM(k) FROM sbtest2 WHERE id BETWEEN 2775905 AND 2776904
	Aggregate  (cost=4172.19..4172.20 rows=1 width=8)
	  ->  Bitmap Heap Scan on sbtest2  (cost=35.47..4169.50 rows=1077 width=4)
	        Recheck Cond: ((id >= 2775905) AND (id <= 2776904))
	        ->  Bitmap Index Scan on sbtest2_pkey  (cost=0.00..35.20 rows=1077 width=0)
	              Index Cond: ((id >= 2775905) AND (id <= 2776904))

table 3 : explain SELECT SUM(k) FROM sbtest3 WHERE id BETWEEN 2981649 AND 2982648
	Aggregate  (cost=3869.43..3869.44 rows=1 width=8)
	  ->  Bitmap Heap Scan on sbtest3  (cost=34.65..3866.94 rows=997 width=4)
	        Recheck Cond: ((id >= 2981649) AND (id <= 2982648))
	        ->  Bitmap Index Scan on sbtest3_pkey  (cost=0.00..34.41 rows=997 width=0)
	              Index Cond: ((id >= 2981649) AND (id <= 2982648))

table 4 : explain SELECT SUM(k) FROM sbtest4 WHERE id BETWEEN 1681874 AND 1682873
	Aggregate  (cost=4154.23..4154.24 rows=1 width=8)
	  ->  Index Scan using sbtest4_pkey on sbtest4  (cost=0.43..4151.57 rows=1063 width=4)
	        Index Cond: ((id >= 1681874) AND (id <= 1682873))

table 5 : explain SELECT SUM(k) FROM sbtest5 WHERE id BETWEEN 3145354 AND 3146353
	Aggregate  (cost=3895.39..3895.40 rows=1 width=8)
	  ->  Bitmap Heap Scan on sbtest5  (cost=34.72..3892.88 rows=1003 width=4)
	        Recheck Cond: ((id >= 3145354) AND (id <= 3146353))
	        ->  Bitmap Index Scan on sbtest5_pkey  (cost=0.00..34.47 rows=1003 width=0)
	              Index Cond: ((id >= 3145354) AND (id <= 3146353))

table 6 : explain SELECT SUM(k) FROM sbtest6 WHERE id BETWEEN 8541284 AND 8542283
	Aggregate  (cost=3827.75..3827.76 rows=1 width=8)
	  ->  Bitmap Heap Scan on sbtest6  (cost=34.53..3825.29 rows=985 width=4)
	        Recheck Cond: ((id >= 8541284) AND (id <= 8542283))
	        ->  Bitmap Index Scan on sbtest6_pkey  (cost=0.00..34.29 rows=985 width=0)
	              Index Cond: ((id >= 8541284) AND (id <= 8542283))

table 7 : explain SELECT SUM(k) FROM sbtest7 WHERE id BETWEEN 8680473 AND 8681472
	Aggregate  (cost=3461.53..3461.54 rows=1 width=8)
	  ->  Index Scan using sbtest7_pkey on sbtest7  (cost=0.43..3459.32 rows=883 width=4)
	        Index Cond: ((id >= 8680473) AND (id <= 8681472))

table 8 : explain SELECT SUM(k) FROM sbtest8 WHERE id BETWEEN 7185565 AND 7186564
	Aggregate  (cost=3846.80..3846.81 rows=1 width=8)
	  ->  Bitmap Heap Scan on sbtest8  (cost=34.58..3844.32 rows=990 width=4)
	        Recheck Cond: ((id >= 7185565) AND (id <= 7186564))
	        ->  Bitmap Index Scan on sbtest8_pkey  (cost=0.00..34.34 rows=990 width=0)
	              Index Cond: ((id >= 7185565) AND (id <= 7186564))

for: sum_ranges
table 1 : explain SELECT SUM(k) FROM sbtest1 WHERE id BETWEEN 4038696 AND 4039695
	Aggregate  (cost=4250.60..4250.61 rows=1 width=8)
	  ->  Bitmap Heap Scan on sbtest1  (cost=39.69..4247.85 rows=1098 width=4)
	        Recheck Cond: ((id >= 4038696) AND (id <= 4039695))
	        ->  Bitmap Index Scan on sbtest1_pkey  (cost=0.00..39.42 rows=1098 width=0)
	              Index Cond: ((id >= 4038696) AND (id <= 4039695))

table 2 : explain SELECT SUM(k) FROM sbtest2 WHERE id BETWEEN 1719231 AND 1720230
	Aggregate  (cost=3669.92..3669.93 rows=1 width=8)
	  ->  Bitmap Heap Scan on sbtest2  (cost=34.11..3667.56 rows=944 width=4)
	        Recheck Cond: ((id >= 1719231) AND (id <= 1720230))
	        ->  Bitmap Index Scan on sbtest2_pkey  (cost=0.00..33.88 rows=944 width=0)
	              Index Cond: ((id >= 1719231) AND (id <= 1720230))

table 3 : explain SELECT SUM(k) FROM sbtest3 WHERE id BETWEEN 8847711 AND 8848710
	Aggregate  (cost=4039.26..4039.27 rows=1 width=8)
	  ->  Bitmap Heap Scan on sbtest3  (cost=35.12..4036.66 rows=1042 width=4)
	        Recheck Cond: ((id >= 8847711) AND (id <= 8848710))
	        ->  Bitmap Index Scan on sbtest3_pkey  (cost=0.00..34.86 rows=1042 width=0)
	              Index Cond: ((id >= 8847711) AND (id <= 8848710))

table 4 : explain SELECT SUM(k) FROM sbtest4 WHERE id BETWEEN 653864 AND 654863
	Aggregate  (cost=4212.57..4212.58 rows=1 width=8)
	  ->  Index Scan using sbtest4_pkey on sbtest4  (cost=0.43..4209.88 rows=1078 width=4)
	        Index Cond: ((id >= 653864) AND (id <= 654863))

table 5 : explain SELECT SUM(k) FROM sbtest5 WHERE id BETWEEN 2971633 AND 2972632
	Aggregate  (cost=3622.84..3622.85 rows=1 width=8)
	  ->  Bitmap Heap Scan on sbtest5  (cost=33.98..3620.51 rows=931 width=4)
	        Recheck Cond: ((id >= 2971633) AND (id <= 2972632))
	        ->  Bitmap Index Scan on sbtest5_pkey  (cost=0.00..33.75 rows=931 width=0)
	              Index Cond: ((id >= 2971633) AND (id <= 2972632))

table 6 : explain SELECT SUM(k) FROM sbtest6 WHERE id BETWEEN 9997544 AND 9998543
	Aggregate  (cost=3933.65..3933.66 rows=1 width=8)
	  ->  Bitmap Heap Scan on sbtest6  (cost=34.82..3931.12 rows=1013 width=4)
	        Recheck Cond: ((id >= 9997544) AND (id <= 9998543))
	        ->  Bitmap Index Scan on sbtest6_pkey  (cost=0.00..34.57 rows=1013 width=0)
	              Index Cond: ((id >= 9997544) AND (id <= 9998543))

table 7 : explain SELECT SUM(k) FROM sbtest7 WHERE id BETWEEN 3643226 AND 3644225
	Aggregate  (cost=3855.68..3855.69 rows=1 width=8)
	  ->  Index Scan using sbtest7_pkey on sbtest7  (cost=0.43..3853.22 rows=983 width=4)
	        Index Cond: ((id >= 3643226) AND (id <= 3644225))

table 8 : explain SELECT SUM(k) FROM sbtest8 WHERE id BETWEEN 5391147 AND 5392146
	Aggregate  (cost=3937.56..3937.57 rows=1 width=8)
	  ->  Bitmap Heap Scan on sbtest8  (cost=34.83..3935.03 rows=1014 width=4)
	        Recheck Cond: ((id >= 5391147) AND (id <= 5392146))
	        ->  Bitmap Index Scan on sbtest8_pkey  (cost=0.00..34.58 rows=1014 width=0)
	              Index Cond: ((id >= 5391147) AND (id <= 5392146))

for: distinct_ranges
table 1 : explain SELECT DISTINCT c FROM sbtest1 WHERE id BETWEEN 8711284 AND 8712283 ORDER BY c
	Unique  (cost=3606.92..3611.51 rows=917 width=121)
	  ->  Sort  (cost=3606.92..3609.22 rows=917 width=121)
	        Sort Key: c
	        ->  Bitmap Heap Scan on sbtest1  (cost=33.83..3561.80 rows=917 width=121)
	              Recheck Cond: ((id >= 8711284) AND (id <= 8712283))
	              ->  Bitmap Index Scan on sbtest1_pkey  (cost=0.00..33.61 rows=917 width=0)
	                    Index Cond: ((id >= 8711284) AND (id <= 8712283))

table 2 : explain SELECT DISTINCT c FROM sbtest2 WHERE id BETWEEN 6135022 AND 6136021 ORDER BY c
	Unique  (cost=4174.03..4179.35 rows=1064 width=121)
	  ->  Sort  (cost=4174.03..4176.69 rows=1064 width=121)
	        Sort Key: c
	        ->  Bitmap Heap Scan on sbtest2  (cost=35.34..4120.53 rows=1064 width=121)
	              Recheck Cond: ((id >= 6135022) AND (id <= 6136021))
	              ->  Bitmap Index Scan on sbtest2_pkey  (cost=0.00..35.08 rows=1064 width=0)
	                    Index Cond: ((id >= 6135022) AND (id <= 6136021))

table 3 : explain SELECT DISTINCT c FROM sbtest3 WHERE id BETWEEN 6484065 AND 6485064 ORDER BY c
	Unique  (cost=3908.94..3913.91 rows=995 width=121)
	  ->  Sort  (cost=3908.94..3911.42 rows=995 width=121)
	        Sort Key: c
	        ->  Bitmap Heap Scan on sbtest3  (cost=34.63..3859.39 rows=995 width=121)
	              Recheck Cond: ((id >= 6484065) AND (id <= 6485064))
	              ->  Bitmap Index Scan on sbtest3_pkey  (cost=0.00..34.39 rows=995 width=0)
	                    Index Cond: ((id >= 6484065) AND (id <= 6485064))

table 4 : explain SELECT DISTINCT c FROM sbtest4 WHERE id BETWEEN 4773520 AND 4774519 ORDER BY c
	Unique  (cost=3530.70..3535.16 rows=893 width=121)
	  ->  Sort  (cost=3530.70..3532.93 rows=893 width=121)
	        Sort Key: c
	        ->  Index Scan using sbtest4_pkey on sbtest4  (cost=0.43..3486.93 rows=893 width=121)
	              Index Cond: ((id >= 4773520) AND (id <= 4774519))

table 5 : explain SELECT DISTINCT c FROM sbtest5 WHERE id BETWEEN 6427095 AND 6428094 ORDER BY c
	Unique  (cost=4234.04..4239.44 rows=1079 width=121)
	  ->  Sort  (cost=4234.04..4236.74 rows=1079 width=121)
	        Sort Key: c
	        ->  Bitmap Heap Scan on sbtest5  (cost=35.49..4179.69 rows=1079 width=121)
	              Recheck Cond: ((id >= 6427095) AND (id <= 6428094))
	              ->  Bitmap Index Scan on sbtest5_pkey  (cost=0.00..35.23 rows=1079 width=0)
	                    Index Cond: ((id >= 6427095) AND (id <= 6428094))

table 6 : explain SELECT DISTINCT c FROM sbtest6 WHERE id BETWEEN 481784 AND 482783 ORDER BY c
	Unique  (cost=3858.91..3863.82 rows=981 width=121)
	  ->  Sort  (cost=3858.91..3861.36 rows=981 width=121)
	        Sort Key: c
	        ->  Bitmap Heap Scan on sbtest6  (cost=34.49..3810.16 rows=981 width=121)
	              Recheck Cond: ((id >= 481784) AND (id <= 482783))
	              ->  Bitmap Index Scan on sbtest6_pkey  (cost=0.00..34.25 rows=981 width=0)
	                    Index Cond: ((id >= 481784) AND (id <= 482783))

table 7 : explain SELECT DISTINCT c FROM sbtest7 WHERE id BETWEEN 1732112 AND 1733111 ORDER BY c
	Unique  (cost=3581.64..3586.15 rows=903 width=121)
	  ->  Sort  (cost=3581.64..3583.89 rows=903 width=121)
	        Sort Key: c
	        ->  Index Scan using sbtest7_pkey on sbtest7  (cost=0.43..3537.30 rows=903 width=121)
	              Index Cond: ((id >= 1732112) AND (id <= 1733111))

table 8 : explain SELECT DISTINCT c FROM sbtest8 WHERE id BETWEEN 4480035 AND 4481034 ORDER BY c
	Unique  (cost=3832.16..3837.03 rows=974 width=121)
	  ->  Sort  (cost=3832.16..3834.60 rows=974 width=121)
	        Sort Key: c
	        ->  Bitmap Heap Scan on sbtest8  (cost=34.42..3783.81 rows=974 width=121)
	              Recheck Cond: ((id >= 4480035) AND (id <= 4481034))
	              ->  Bitmap Index Scan on sbtest8_pkey  (cost=0.00..34.18 rows=974 width=0)
	                    Index Cond: ((id >= 4480035) AND (id <= 4481034))

for: order_ranges
table 1 : explain SELECT c FROM sbtest1 WHERE id BETWEEN 8621137 AND 8622136 ORDER BY c
	Sort  (cost=3729.62..3732.00 rows=949 width=121)
	  Sort Key: c
	  ->  Bitmap Heap Scan on sbtest1  (cost=34.16..3682.69 rows=949 width=121)
	        Recheck Cond: ((id >= 8621137) AND (id <= 8622136))
	        ->  Bitmap Index Scan on sbtest1_pkey  (cost=0.00..33.93 rows=949 width=0)
	              Index Cond: ((id >= 8621137) AND (id <= 8622136))

table 2 : explain SELECT c FROM sbtest2 WHERE id BETWEEN 9945097 AND 9946096 ORDER BY c
	Sort  (cost=3840.83..3843.27 rows=977 width=121)
	  Sort Key: c
	  ->  Bitmap Heap Scan on sbtest2  (cost=34.45..3792.31 rows=977 width=121)
	        Recheck Cond: ((id >= 9945097) AND (id <= 9946096))
	        ->  Bitmap Index Scan on sbtest2_pkey  (cost=0.00..34.20 rows=977 width=0)
	              Index Cond: ((id >= 9945097) AND (id <= 9946096))

table 3 : explain SELECT c FROM sbtest3 WHERE id BETWEEN 1859538 AND 1860537 ORDER BY c
	Sort  (cost=4173.03..4175.69 rows=1064 width=121)
	  Sort Key: c
	  ->  Bitmap Heap Scan on sbtest3  (cost=35.34..4119.54 rows=1064 width=121)
	        Recheck Cond: ((id >= 1859538) AND (id <= 1860537))
	        ->  Bitmap Index Scan on sbtest3_pkey  (cost=0.00..35.08 rows=1064 width=0)
	              Index Cond: ((id >= 1859538) AND (id <= 1860537))

table 4 : explain SELECT c FROM sbtest4 WHERE id BETWEEN 8005436 AND 8006435 ORDER BY c
	Sort  (cost=4358.86..4361.61 rows=1101 width=121)
	  Sort Key: c
	  ->  Index Scan using sbtest4_pkey on sbtest4  (cost=0.43..4303.23 rows=1101 width=121)
	        Index Cond: ((id >= 8005436) AND (id <= 8006435))

table 5 : explain SELECT c FROM sbtest5 WHERE id BETWEEN 9589069 AND 9590068 ORDER BY c
	Sort  (cost=4176.63..4179.29 rows=1064 width=121)
	  Sort Key: c
	  ->  Bitmap Heap Scan on sbtest5  (cost=35.34..4123.13 rows=1064 width=121)
	        Recheck Cond: ((id >= 9589069) AND (id <= 9590068))
	        ->  Bitmap Index Scan on sbtest5_pkey  (cost=0.00..35.08 rows=1064 width=0)
	              Index Cond: ((id >= 9589069) AND (id <= 9590068))

table 6 : explain SELECT c FROM sbtest6 WHERE id BETWEEN 6231463 AND 6232462 ORDER BY c
	Sort  (cost=3832.04..3834.47 rows=974 width=121)
	  Sort Key: c
	  ->  Bitmap Heap Scan on sbtest6  (cost=34.42..3783.69 rows=974 width=121)
	        Recheck Cond: ((id >= 6231463) AND (id <= 6232462))
	        ->  Bitmap Index Scan on sbtest6_pkey  (cost=0.00..34.18 rows=974 width=0)
	              Index Cond: ((id >= 6231463) AND (id <= 6232462))

table 7 : explain SELECT c FROM sbtest7 WHERE id BETWEEN 3782974 AND 3783973 ORDER BY c
	Sort  (cost=4028.67..4031.20 rows=1015 width=121)
	  Sort Key: c
	  ->  Index Scan using sbtest7_pkey on sbtest7  (cost=0.43..3977.98 rows=1015 width=121)
	        Index Cond: ((id >= 3782974) AND (id <= 3783973))

table 8 : explain SELECT c FROM sbtest8 WHERE id BETWEEN 2765076 AND 2766075 ORDER BY c
	Sort  (cost=4540.74..4543.64 rows=1158 width=121)
	  Sort Key: c
	  ->  Bitmap Heap Scan on sbtest8  (cost=40.30..4481.82 rows=1158 width=121)
	        Recheck Cond: ((id >= 2765076) AND (id <= 2766075))
	        ->  Bitmap Index Scan on sbtest8_pkey  (cost=0.00..40.02 rows=1158 width=0)
	              Index Cond: ((id >= 2765076) AND (id <= 2766075))

for: order_ranges
table 1 : explain SELECT c FROM sbtest1 WHERE id BETWEEN 6844430 AND 6845429 ORDER BY c
	Sort  (cost=4138.99..4141.63 rows=1056 width=121)
	  Sort Key: c
	  ->  Bitmap Heap Scan on sbtest1  (cost=35.26..4085.96 rows=1056 width=121)
	        Recheck Cond: ((id >= 6844430) AND (id <= 6845429))
	        ->  Bitmap Index Scan on sbtest1_pkey  (cost=0.00..35.00 rows=1056 width=0)
	              Index Cond: ((id >= 6844430) AND (id <= 6845429))

table 2 : explain SELECT c FROM sbtest2 WHERE id BETWEEN 4833967 AND 4834966 ORDER BY c
	Sort  (cost=4093.68..4096.29 rows=1043 width=121)
	  Sort Key: c
	  ->  Bitmap Heap Scan on sbtest2  (cost=35.13..4041.39 rows=1043 width=121)
	        Recheck Cond: ((id >= 4833967) AND (id <= 4834966))
	        ->  Bitmap Index Scan on sbtest2_pkey  (cost=0.00..34.87 rows=1043 width=0)
	              Index Cond: ((id >= 4833967) AND (id <= 4834966))

table 3 : explain SELECT c FROM sbtest3 WHERE id BETWEEN 1521080 AND 1522079 ORDER BY c
	Sort  (cost=3594.19..3596.47 rows=914 width=121)
	  Sort Key: c
	  ->  Bitmap Heap Scan on sbtest3  (cost=29.80..3549.24 rows=914 width=121)
	        Recheck Cond: ((id >= 1521080) AND (id <= 1522079))
	        ->  Bitmap Index Scan on sbtest3_pkey  (cost=0.00..29.57 rows=914 width=0)
	              Index Cond: ((id >= 1521080) AND (id <= 1522079))

table 4 : explain SELECT c FROM sbtest4 WHERE id BETWEEN 5108935 AND 5109934 ORDER BY c
	Sort  (cost=4189.24..4191.88 rows=1059 width=121)
	  Sort Key: c
	  ->  Index Scan using sbtest4_pkey on sbtest4  (cost=0.43..4136.03 rows=1059 width=121)
	        Index Cond: ((id >= 5108935) AND (id <= 5109934))

table 5 : explain SELECT c FROM sbtest5 WHERE id BETWEEN 7431730 AND 7432729 ORDER BY c
	Sort  (cost=3977.39..3979.92 rows=1012 width=121)
	  Sort Key: c
	  ->  Bitmap Heap Scan on sbtest5  (cost=34.81..3926.88 rows=1012 width=121)
	        Recheck Cond: ((id >= 7431730) AND (id <= 7432729))
	        ->  Bitmap Index Scan on sbtest5_pkey  (cost=0.00..34.56 rows=1012 width=0)
	              Index Cond: ((id >= 7431730) AND (id <= 7432729))

table 6 : explain SELECT c FROM sbtest6 WHERE id BETWEEN 4013006 AND 4014005 ORDER BY c
	Sort  (cost=3966.35..3968.87 rows=1009 width=121)
	  Sort Key: c
	  ->  Bitmap Heap Scan on sbtest6  (cost=34.78..3916.01 rows=1009 width=121)
	        Recheck Cond: ((id >= 4013006) AND (id <= 4014005))
	        ->  Bitmap Index Scan on sbtest6_pkey  (cost=0.00..34.53 rows=1009 width=0)
	              Index Cond: ((id >= 4013006) AND (id <= 4014005))

table 7 : explain SELECT c FROM sbtest7 WHERE id BETWEEN 894989 AND 895988 ORDER BY c
	Sort  (cost=4096.91..4099.52 rows=1043 width=121)
	  Sort Key: c
	  ->  Bitmap Heap Scan on sbtest7  (cost=35.13..4044.62 rows=1043 width=121)
	        Recheck Cond: ((id >= 894989) AND (id <= 895988))
	        ->  Bitmap Index Scan on sbtest7_pkey  (cost=0.00..34.87 rows=1043 width=0)
	              Index Cond: ((id >= 894989) AND (id <= 895988))

table 8 : explain SELECT c FROM sbtest8 WHERE id BETWEEN 7942977 AND 7943976 ORDER BY c
	Sort  (cost=3752.22..3754.58 rows=944 width=121)
	  Sort Key: c
	  ->  Index Scan using sbtest8_pkey on sbtest8  (cost=0.43..3705.57 rows=944 width=121)
	        Index Cond: ((id >= 7942977) AND (id <= 7943976))

for: simple_ranges
table 1 : explain SELECT c FROM sbtest1 WHERE id BETWEEN 8524821 AND 8525820
	Bitmap Heap Scan on sbtest1  (cost=34.51..3810.99 rows=983 width=121)
	  Recheck Cond: ((id >= 8524821) AND (id <= 8525820))
	  ->  Bitmap Index Scan on sbtest1_pkey  (cost=0.00..34.27 rows=983 width=0)
	        Index Cond: ((id >= 8524821) AND (id <= 8525820))

table 2 : explain SELECT c FROM sbtest2 WHERE id BETWEEN 2351708 AND 2352707
	Bitmap Heap Scan on sbtest2  (cost=39.66..4241.26 rows=1095 width=121)
	  Recheck Cond: ((id >= 2351708) AND (id <= 2352707))
	  ->  Bitmap Index Scan on sbtest2_pkey  (cost=0.00..39.39 rows=1095 width=0)
	        Index Cond: ((id >= 2351708) AND (id <= 2352707))

table 3 : explain SELECT c FROM sbtest3 WHERE id BETWEEN 3420221 AND 3421220
	Bitmap Heap Scan on sbtest3  (cost=34.69..3878.26 rows=1000 width=121)
	  Recheck Cond: ((id >= 3420221) AND (id <= 3421220))
	  ->  Bitmap Index Scan on sbtest3_pkey  (cost=0.00..34.44 rows=1000 width=0)
	        Index Cond: ((id >= 3420221) AND (id <= 3421220))

table 4 : explain SELECT c FROM sbtest4 WHERE id BETWEEN 9027641 AND 9028640
	Index Scan using sbtest4_pkey on sbtest4  (cost=0.43..3693.01 rows=945 width=121)
	  Index Cond: ((id >= 9027641) AND (id <= 9028640))

table 5 : explain SELECT c FROM sbtest5 WHERE id BETWEEN 2086903 AND 2087902
	Bitmap Heap Scan on sbtest5  (cost=34.95..3979.75 rows=1026 width=121)
	  Recheck Cond: ((id >= 2086903) AND (id <= 2087902))
	  ->  Bitmap Index Scan on sbtest5_pkey  (cost=0.00..34.70 rows=1026 width=0)
	        Index Cond: ((id >= 2086903) AND (id <= 2087902))

table 6 : explain SELECT c FROM sbtest6 WHERE id BETWEEN 1218723 AND 1219722
	Bitmap Heap Scan on sbtest6  (cost=35.08..4029.30 rows=1039 width=121)
	  Recheck Cond: ((id >= 1218723) AND (id <= 1219722))
	  ->  Bitmap Index Scan on sbtest6_pkey  (cost=0.00..34.83 rows=1039 width=0)
	        Index Cond: ((id >= 1218723) AND (id <= 1219722))

table 7 : explain SELECT c FROM sbtest7 WHERE id BETWEEN 2343059 AND 2344058
	Index Scan using sbtest7_pkey on sbtest7  (cost=0.43..3970.18 rows=1013 width=121)
	  Index Cond: ((id >= 2343059) AND (id <= 2344058))

table 8 : explain SELECT c FROM sbtest8 WHERE id BETWEEN 1671835 AND 1672834
	Index Scan using sbtest8_pkey on sbtest8  (cost=0.43..3588.47 rows=914 width=121)
	  Index Cond: ((id >= 1671835) AND (id <= 1672834))

for: order_ranges
table 1 : explain SELECT c FROM sbtest1 WHERE id BETWEEN 6640965 AND 6641964 ORDER BY c
	Sort  (cost=3771.77..3774.17 rows=960 width=121)
	  Sort Key: c
	  ->  Bitmap Heap Scan on sbtest1  (cost=34.28..3724.22 rows=960 width=121)
	        Recheck Cond: ((id >= 6640965) AND (id <= 6641964))
	        ->  Bitmap Index Scan on sbtest1_pkey  (cost=0.00..34.04 rows=960 width=0)
	              Index Cond: ((id >= 6640965) AND (id <= 6641964))

table 2 : explain SELECT c FROM sbtest2 WHERE id BETWEEN 4253575 AND 4254574 ORDER BY c
	Sort  (cost=3829.32..3831.76 rows=974 width=121)
	  Sort Key: c
	  ->  Bitmap Heap Scan on sbtest2  (cost=34.42..3780.97 rows=974 width=121)
	        Recheck Cond: ((id >= 4253575) AND (id <= 4254574))
	        ->  Bitmap Index Scan on sbtest2_pkey  (cost=0.00..34.18 rows=974 width=0)
	              Index Cond: ((id >= 4253575) AND (id <= 4254574))

table 3 : explain SELECT c FROM sbtest3 WHERE id BETWEEN 9767521 AND 9768520 ORDER BY c
	Sort  (cost=3774.76..3777.16 rows=960 width=121)
	  Sort Key: c
	  ->  Bitmap Heap Scan on sbtest3  (cost=34.28..3727.21 rows=960 width=121)
	        Recheck Cond: ((id >= 9767521) AND (id <= 9768520))
	        ->  Bitmap Index Scan on sbtest3_pkey  (cost=0.00..34.04 rows=960 width=0)
	              Index Cond: ((id >= 9767521) AND (id <= 9768520))

table 4 : explain SELECT c FROM sbtest4 WHERE id BETWEEN 2816210 AND 2817209 ORDER BY c
	Sort  (cost=3822.52..3824.94 rows=966 width=121)
	  Sort Key: c
	  ->  Index Scan using sbtest4_pkey on sbtest4  (cost=0.43..3774.63 rows=966 width=121)
	        Index Cond: ((id >= 2816210) AND (id <= 2817209))

table 5 : explain SELECT c FROM sbtest5 WHERE id BETWEEN 720440 AND 721439 ORDER BY c
	Sort  (cost=4203.43..4206.10 rows=1071 width=121)
	  Sort Key: c
	  ->  Bitmap Heap Scan on sbtest5  (cost=35.41..4149.53 rows=1071 width=121)
	        Recheck Cond: ((id >= 720440) AND (id <= 721439))
	        ->  Bitmap Index Scan on sbtest5_pkey  (cost=0.00..35.15 rows=1071 width=0)
	              Index Cond: ((id >= 720440) AND (id <= 721439))

table 6 : explain SELECT c FROM sbtest6 WHERE id BETWEEN 3482105 AND 3483104 ORDER BY c
	Sort  (cost=3962.51..3965.03 rows=1008 width=121)
	  Sort Key: c
	  ->  Bitmap Heap Scan on sbtest6  (cost=34.77..3912.23 rows=1008 width=121)
	        Recheck Cond: ((id >= 3482105) AND (id <= 3483104))
	        ->  Bitmap Index Scan on sbtest6_pkey  (cost=0.00..34.52 rows=1008 width=0)
	              Index Cond: ((id >= 3482105) AND (id <= 3483104))

table 7 : explain SELECT c FROM sbtest7 WHERE id BETWEEN 5368823 AND 5369822 ORDER BY c
	Sort  (cost=3894.17..3896.62 rows=981 width=121)
	  Sort Key: c
	  ->  Index Scan using sbtest7_pkey on sbtest7  (cost=0.43..3845.42 rows=981 width=121)
	        Index Cond: ((id >= 5368823) AND (id <= 5369822))

table 8 : explain SELECT c FROM sbtest8 WHERE id BETWEEN 9365772 AND 9366771 ORDER BY c
	Sort  (cost=3924.28..3926.78 rows=998 width=121)
	  Sort Key: c
	  ->  Bitmap Heap Scan on sbtest8  (cost=34.66..3874.57 rows=998 width=121)
	        Recheck Cond: ((id >= 9365772) AND (id <= 9366771))
	        ->  Bitmap Index Scan on sbtest8_pkey  (cost=0.00..34.42 rows=998 width=0)
	              Index Cond: ((id >= 9365772) AND (id <= 9366771))

for: sum_ranges
table 1 : explain SELECT SUM(k) FROM sbtest1 WHERE id BETWEEN 3575136 AND 3576135
	Aggregate  (cost=3956.76..3956.77 rows=1 width=8)
	  ->  Bitmap Heap Scan on sbtest1  (cost=34.90..3954.21 rows=1021 width=4)
	        Recheck Cond: ((id >= 3575136) AND (id <= 3576135))
	        ->  Bitmap Index Scan on sbtest1_pkey  (cost=0.00..34.65 rows=1021 width=0)
	              Index Cond: ((id >= 3575136) AND (id <= 3576135))

table 2 : explain SELECT SUM(k) FROM sbtest2 WHERE id BETWEEN 6030377 AND 6031376
	Aggregate  (cost=4126.96..4126.97 rows=1 width=8)
	  ->  Bitmap Heap Scan on sbtest2  (cost=35.35..4124.30 rows=1065 width=4)
	        Recheck Cond: ((id >= 6030377) AND (id <= 6031376))
	        ->  Bitmap Index Scan on sbtest2_pkey  (cost=0.00..35.09 rows=1065 width=0)
	              Index Cond: ((id >= 6030377) AND (id <= 6031376))

table 3 : explain SELECT SUM(k) FROM sbtest3 WHERE id BETWEEN 9335370 AND 9336369
	Aggregate  (cost=3808.99..3809.00 rows=1 width=8)
	  ->  Bitmap Heap Scan on sbtest3  (cost=34.49..3806.54 rows=981 width=4)
	        Recheck Cond: ((id >= 9335370) AND (id <= 9336369))
	        ->  Bitmap Index Scan on sbtest3_pkey  (cost=0.00..34.25 rows=981 width=0)
	              Index Cond: ((id >= 9335370) AND (id <= 9336369))

table 4 : explain SELECT SUM(k) FROM sbtest4 WHERE id BETWEEN 4122799 AND 4123798
	Aggregate  (cost=4348.78..4348.79 rows=1 width=8)
	  ->  Index Scan using sbtest4_pkey on sbtest4  (cost=0.43..4346.00 rows=1112 width=4)
	        Index Cond: ((id >= 4122799) AND (id <= 4123798))

table 5 : explain SELECT SUM(k) FROM sbtest5 WHERE id BETWEEN 7862142 AND 7863141
	Aggregate  (cost=3997.43..3997.44 rows=1 width=8)
	  ->  Bitmap Heap Scan on sbtest5  (cost=34.99..3994.85 rows=1030 width=4)
	        Recheck Cond: ((id >= 7862142) AND (id <= 7863141))
	        ->  Bitmap Index Scan on sbtest5_pkey  (cost=0.00..34.73 rows=1030 width=0)
	              Index Cond: ((id >= 7862142) AND (id <= 7863141))

table 6 : explain SELECT SUM(k) FROM sbtest6 WHERE id BETWEEN 6543728 AND 6544727
	Aggregate  (cost=4201.75..4201.76 rows=1 width=8)
	  ->  Bitmap Heap Scan on sbtest6  (cost=35.55..4199.04 rows=1084 width=4)
	        Recheck Cond: ((id >= 6543728) AND (id <= 6544727))
	        ->  Bitmap Index Scan on sbtest6_pkey  (cost=0.00..35.28 rows=1084 width=0)
	              Index Cond: ((id >= 6543728) AND (id <= 6544727))

table 7 : explain SELECT SUM(k) FROM sbtest7 WHERE id BETWEEN 9024319 AND 9025318
	Aggregate  (cost=4051.01..4051.02 rows=1 width=8)
	  ->  Bitmap Heap Scan on sbtest7  (cost=35.14..4048.40 rows=1044 width=4)
	        Recheck Cond: ((id >= 9024319) AND (id <= 9025318))
	        ->  Bitmap Index Scan on sbtest7_pkey  (cost=0.00..34.88 rows=1044 width=0)
	              Index Cond: ((id >= 9024319) AND (id <= 9025318))

table 8 : explain SELECT SUM(k) FROM sbtest8 WHERE id BETWEEN 5787553 AND 5788552
	Aggregate  (cost=3590.75..3590.76 rows=1 width=8)
	  ->  Index Scan using sbtest8_pkey on sbtest8  (cost=0.43..3588.47 rows=914 width=4)
	        Index Cond: ((id >= 5787553) AND (id <= 5788552))

for: simple_ranges
table 1 : explain SELECT c FROM sbtest1 WHERE id BETWEEN 5008080 AND 5009079
	Bitmap Heap Scan on sbtest1  (cost=34.86..3939.14 rows=1017 width=121)
	  Recheck Cond: ((id >= 5008080) AND (id <= 5009079))
	  ->  Bitmap Index Scan on sbtest1_pkey  (cost=0.00..34.61 rows=1017 width=0)
	        Index Cond: ((id >= 5008080) AND (id <= 5009079))

table 2 : explain SELECT c FROM sbtest2 WHERE id BETWEEN 5418385 AND 5419384
	Bitmap Heap Scan on sbtest2  (cost=35.64..4229.73 rows=1093 width=121)
	  Recheck Cond: ((id >= 5418385) AND (id <= 5419384))
	  ->  Bitmap Index Scan on sbtest2_pkey  (cost=0.00..35.37 rows=1093 width=0)
	        Index Cond: ((id >= 5418385) AND (id <= 5419384))

table 3 : explain SELECT c FROM sbtest3 WHERE id BETWEEN 3374009 AND 3375008
	Bitmap Heap Scan on sbtest3  (cost=34.65..3866.94 rows=997 width=121)
	  Recheck Cond: ((id >= 3374009) AND (id <= 3375008))
	  ->  Bitmap Index Scan on sbtest3_pkey  (cost=0.00..34.41 rows=997 width=0)
	        Index Cond: ((id >= 3374009) AND (id <= 3375008))

table 4 : explain SELECT c FROM sbtest4 WHERE id BETWEEN 2516092 AND 2517091
	Index Scan using sbtest4_pkey on sbtest4  (cost=0.43..4038.87 rows=1034 width=121)
	  Index Cond: ((id >= 2516092) AND (id <= 2517091))

table 5 : explain SELECT c FROM sbtest5 WHERE id BETWEEN 3699799 AND 3700798
	Bitmap Heap Scan on sbtest5  (cost=33.90..3590.20 rows=923 width=121)
	  Recheck Cond: ((id >= 3699799) AND (id <= 3700798))
	  ->  Bitmap Index Scan on sbtest5_pkey  (cost=0.00..33.67 rows=923 width=0)
	        Index Cond: ((id >= 3699799) AND (id <= 3700798))

table 6 : explain SELECT c FROM sbtest6 WHERE id BETWEEN 8612463 AND 8613462
	Bitmap Heap Scan on sbtest6  (cost=34.53..3825.29 rows=985 width=121)
	  Recheck Cond: ((id >= 8612463) AND (id <= 8613462))
	  ->  Bitmap Index Scan on sbtest6_pkey  (cost=0.00..34.29 rows=985 width=0)
	        Index Cond: ((id >= 8612463) AND (id <= 8613462))

table 7 : explain SELECT c FROM sbtest7 WHERE id BETWEEN 4229093 AND 4230092
	Index Scan using sbtest7_pkey on sbtest7  (cost=0.43..3849.32 rows=982 width=121)
	  Index Cond: ((id >= 4229093) AND (id <= 4230092))

table 8 : explain SELECT c FROM sbtest8 WHERE id BETWEEN 7455351 AND 7456350
	Bitmap Heap Scan on sbtest8  (cost=35.30..4108.69 rows=1060 width=121)
	  Recheck Cond: ((id >= 7455351) AND (id <= 7456350))
	  ->  Bitmap Index Scan on sbtest8_pkey  (cost=0.00..35.04 rows=1060 width=0)
	        Index Cond: ((id >= 7455351) AND (id <= 7456350))

explain: for point_selects :: explain SELECT c FROM sbtest%u WHERE id=%u
for: distinct_ranges
table 1 : explain SELECT DISTINCT c FROM sbtest1 WHERE id BETWEEN 2717813 AND 2718812 ORDER BY c
	Unique  (cost=3748.78..3753.55 rows=954 width=121)
	  ->  Sort  (cost=3748.78..3751.17 rows=954 width=121)
	        Sort Key: c
	        ->  Bitmap Heap Scan on sbtest1  (cost=34.21..3701.57 rows=954 width=121)
	              Recheck Cond: ((id >= 2717813) AND (id <= 2718812))
	              ->  Bitmap Index Scan on sbtest1_pkey  (cost=0.00..33.98 rows=954 width=0)
	                    Index Cond: ((id >= 2717813) AND (id <= 2718812))

table 2 : explain SELECT DISTINCT c FROM sbtest2 WHERE id BETWEEN 7077510 AND 7078509 ORDER BY c
	Unique  (cost=3552.71..3557.22 rows=903 width=121)
	  ->  Sort  (cost=3552.71..3554.96 rows=903 width=121)
	        Sort Key: c
	        ->  Bitmap Heap Scan on sbtest2  (cost=29.69..3508.37 rows=903 width=121)
	              Recheck Cond: ((id >= 7077510) AND (id <= 7078509))
	              ->  Bitmap Index Scan on sbtest2_pkey  (cost=0.00..29.46 rows=903 width=0)
	                    Index Cond: ((id >= 7077510) AND (id <= 7078509))

table 3 : explain SELECT DISTINCT c FROM sbtest3 WHERE id BETWEEN 3837300 AND 3838299 ORDER BY c
	Unique  (cost=4505.51..4511.26 rows=1151 width=121)
	  ->  Sort  (cost=4505.51..4508.38 rows=1151 width=121)
	        Sort Key: c
	        ->  Bitmap Heap Scan on sbtest3  (cost=40.23..4446.99 rows=1151 width=121)
	              Recheck Cond: ((id >= 3837300) AND (id <= 3838299))
	              ->  Bitmap Index Scan on sbtest3_pkey  (cost=0.00..39.95 rows=1151 width=0)
	                    Index Cond: ((id >= 3837300) AND (id <= 3838299))

table 4 : explain SELECT DISTINCT c FROM sbtest4 WHERE id BETWEEN 4214621 AND 4215620 ORDER BY c
	Unique  (cost=4059.11..4064.24 rows=1026 width=121)
	  ->  Sort  (cost=4059.11..4061.67 rows=1026 width=121)
	        Sort Key: c
	        ->  Index Scan using sbtest4_pkey on sbtest4  (cost=0.43..4007.79 rows=1026 width=121)
	              Index Cond: ((id >= 4214621) AND (id <= 4215620))

table 5 : explain SELECT DISTINCT c FROM sbtest5 WHERE id BETWEEN 6277136 AND 6278135 ORDER BY c
	Unique  (cost=4352.80..4358.34 rows=1109 width=121)
	  ->  Sort  (cost=4352.80..4355.57 rows=1109 width=121)
	        Sort Key: c
	        ->  Bitmap Heap Scan on sbtest5  (cost=39.80..4296.71 rows=1109 width=121)
	              Recheck Cond: ((id >= 6277136) AND (id <= 6278135))
	              ->  Bitmap Index Scan on sbtest5_pkey  (cost=0.00..39.53 rows=1109 width=0)
	                    Index Cond: ((id >= 6277136) AND (id <= 6278135))

table 6 : explain SELECT DISTINCT c FROM sbtest6 WHERE id BETWEEN 348812 AND 349811 ORDER BY c
	Unique  (cost=3785.95..3790.76 rows=962 width=121)
	  ->  Sort  (cost=3785.95..3788.36 rows=962 width=121)
	        Sort Key: c
	        ->  Bitmap Heap Scan on sbtest6  (cost=34.30..3738.29 rows=962 width=121)
	              Recheck Cond: ((id >= 348812) AND (id <= 349811))
	              ->  Bitmap Index Scan on sbtest6_pkey  (cost=0.00..34.06 rows=962 width=0)
	                    Index Cond: ((id >= 348812) AND (id <= 349811))

table 7 : explain SELECT DISTINCT c FROM sbtest7 WHERE id BETWEEN 3748129 AND 3749128 ORDER BY c
	Unique  (cost=4031.75..4036.88 rows=1026 width=121)
	  ->  Sort  (cost=4031.75..4034.32 rows=1026 width=121)
	        Sort Key: c
	        ->  Bitmap Heap Scan on sbtest7  (cost=34.95..3980.44 rows=1026 width=121)
	              Recheck Cond: ((id >= 3748129) AND (id <= 3749128))
	              ->  Bitmap Index Scan on sbtest7_pkey  (cost=0.00..34.70 rows=1026 width=0)
	                    Index Cond: ((id >= 3748129) AND (id <= 3749128))

table 8 : explain SELECT DISTINCT c FROM sbtest8 WHERE id BETWEEN 2692803 AND 2693802 ORDER BY c
	Unique  (cost=4540.74..4546.53 rows=1158 width=121)
	  ->  Sort  (cost=4540.74..4543.64 rows=1158 width=121)
	        Sort Key: c
	        ->  Bitmap Heap Scan on sbtest8  (cost=40.30..4481.82 rows=1158 width=121)
	              Recheck Cond: ((id >= 2692803) AND (id <= 2693802))
	              ->  Bitmap Index Scan on sbtest8_pkey  (cost=0.00..40.02 rows=1158 width=0)
	                    Index Cond: ((id >= 2692803) AND (id <= 2693802))

explain: for point_selects :: explain SELECT c FROM sbtest%u WHERE id=%u
for: sum_ranges
table 1 : explain SELECT SUM(k) FROM sbtest1 WHERE id BETWEEN 2595835 AND 2596834
	Aggregate  (cost=3862.50..3862.51 rows=1 width=8)
	  ->  Bitmap Heap Scan on sbtest1  (cost=34.64..3860.01 rows=996 width=4)
	        Recheck Cond: ((id >= 2595835) AND (id <= 2596834))
	        ->  Bitmap Index Scan on sbtest1_pkey  (cost=0.00..34.40 rows=996 width=0)
	              Index Cond: ((id >= 2595835) AND (id <= 2596834))

table 2 : explain SELECT SUM(k) FROM sbtest2 WHERE id BETWEEN 6854469 AND 6855468
	Aggregate  (cost=3662.35..3662.36 rows=1 width=8)
	  ->  Bitmap Heap Scan on sbtest2  (cost=34.09..3659.99 rows=942 width=4)
	        Recheck Cond: ((id >= 6854469) AND (id <= 6855468))
	        ->  Bitmap Index Scan on sbtest2_pkey  (cost=0.00..33.86 rows=942 width=0)
	              Index Cond: ((id >= 6854469) AND (id <= 6855468))

table 3 : explain SELECT SUM(k) FROM sbtest3 WHERE id BETWEEN 2892105 AND 2893104
	Aggregate  (cost=3869.43..3869.44 rows=1 width=8)
	  ->  Bitmap Heap Scan on sbtest3  (cost=34.65..3866.94 rows=997 width=4)
	        Recheck Cond: ((id >= 2892105) AND (id <= 2893104))
	        ->  Bitmap Index Scan on sbtest3_pkey  (cost=0.00..34.41 rows=997 width=0)
	              Index Cond: ((id >= 2892105) AND (id <= 2893104))

table 4 : explain SELECT SUM(k) FROM sbtest4 WHERE id BETWEEN 7635120 AND 7636119
	Aggregate  (cost=4162.00..4162.01 rows=1 width=8)
	  ->  Index Scan using sbtest4_pkey on sbtest4  (cost=0.43..4159.34 rows=1065 width=4)
	        Index Cond: ((id >= 7635120) AND (id <= 7636119))

table 5 : explain SELECT SUM(k) FROM sbtest5 WHERE id BETWEEN 9569299 AND 9570298
	Aggregate  (cost=4125.79..4125.80 rows=1 width=8)
	  ->  Bitmap Heap Scan on sbtest5  (cost=35.34..4123.13 rows=1064 width=4)
	        Recheck Cond: ((id >= 9569299) AND (id <= 9570298))
	        ->  Bitmap Index Scan on sbtest5_pkey  (cost=0.00..35.08 rows=1064 width=0)
	              Index Cond: ((id >= 9569299) AND (id <= 9570298))

table 6 : explain SELECT SUM(k) FROM sbtest6 WHERE id BETWEEN 3669589 AND 3670588
	Aggregate  (cost=3903.40..3903.41 rows=1 width=8)
	  ->  Bitmap Heap Scan on sbtest6  (cost=34.74..3900.89 rows=1005 width=4)
	        Recheck Cond: ((id >= 3669589) AND (id <= 3670588))
	        ->  Bitmap Index Scan on sbtest6_pkey  (cost=0.00..34.48 rows=1005 width=0)
	              Index Cond: ((id >= 3669589) AND (id <= 3670588))

table 7 : explain SELECT SUM(k) FROM sbtest7 WHERE id BETWEEN 4585838 AND 4586837
	Aggregate  (cost=3645.00..3645.01 rows=1 width=8)
	  ->  Index Scan using sbtest7_pkey on sbtest7  (cost=0.43..3642.68 rows=929 width=4)
	        Index Cond: ((id >= 4585838) AND (id <= 4586837))

table 8 : explain SELECT SUM(k) FROM sbtest8 WHERE id BETWEEN 9718105 AND 9719104
	Aggregate  (cost=3960.24..3960.25 rows=1 width=8)
	  ->  Bitmap Heap Scan on sbtest8  (cost=34.89..3957.69 rows=1020 width=4)
	        Recheck Cond: ((id >= 9718105) AND (id <= 9719104))
	        ->  Bitmap Index Scan on sbtest8_pkey  (cost=0.00..34.64 rows=1020 width=0)
	              Index Cond: ((id >= 9718105) AND (id <= 9719104))

for: order_ranges
table 1 : explain SELECT c FROM sbtest1 WHERE id BETWEEN 8267444 AND 8268443 ORDER BY c
	Sort  (cost=4012.88..4015.44 rows=1023 width=121)
	  Sort Key: c
	  ->  Bitmap Heap Scan on sbtest1  (cost=34.92..3961.74 rows=1023 width=121)
	        Recheck Cond: ((id >= 8267444) AND (id <= 8268443))
	        ->  Bitmap Index Scan on sbtest1_pkey  (cost=0.00..34.67 rows=1023 width=0)
	              Index Cond: ((id >= 8267444) AND (id <= 8268443))

table 2 : explain SELECT c FROM sbtest2 WHERE id BETWEEN 37953 AND 38952 ORDER BY c
	Sort  (cost=3844.66..3847.11 rows=978 width=121)
	  Sort Key: c
	  ->  Bitmap Heap Scan on sbtest2  (cost=34.46..3796.09 rows=978 width=121)
	        Recheck Cond: ((id >= 37953) AND (id <= 38952))
	        ->  Bitmap Index Scan on sbtest2_pkey  (cost=0.00..34.22 rows=978 width=0)
	              Index Cond: ((id >= 37953) AND (id <= 38952))

table 3 : explain SELECT c FROM sbtest3 WHERE id BETWEEN 4626383 AND 4627382 ORDER BY c
	Sort  (cost=3663.47..3665.80 rows=931 width=121)
	  Sort Key: c
	  ->  Bitmap Heap Scan on sbtest3  (cost=33.98..3617.56 rows=931 width=121)
	        Recheck Cond: ((id >= 4626383) AND (id <= 4627382))
	        ->  Bitmap Index Scan on sbtest3_pkey  (cost=0.00..33.75 rows=931 width=0)
	              Index Cond: ((id >= 4626383) AND (id <= 4627382))

table 4 : explain SELECT c FROM sbtest4 WHERE id BETWEEN 9046813 AND 9047812 ORDER BY c
	Sort  (cost=3739.72..3742.08 rows=945 width=121)
	  Sort Key: c
	  ->  Index Scan using sbtest4_pkey on sbtest4  (cost=0.43..3693.01 rows=945 width=121)
	        Index Cond: ((id >= 9046813) AND (id <= 9047812))

table 5 : explain SELECT c FROM sbtest5 WHERE id BETWEEN 2966666 AND 2967665 ORDER BY c
	Sort  (cost=3666.42..3668.75 rows=931 width=121)
	  Sort Key: c
	  ->  Bitmap Heap Scan on sbtest5  (cost=33.98..3620.51 rows=931 width=121)
	        Recheck Cond: ((id >= 2966666) AND (id <= 2967665))
	        ->  Bitmap Index Scan on sbtest5_pkey  (cost=0.00..33.75 rows=931 width=0)
	              Index Cond: ((id >= 2966666) AND (id <= 2967665))

table 6 : explain SELECT c FROM sbtest6 WHERE id BETWEEN 7108878 AND 7109877 ORDER BY c
	Sort  (cost=3951.01..3953.52 rows=1005 width=121)
	  Sort Key: c
	  ->  Bitmap Heap Scan on sbtest6  (cost=34.74..3900.89 rows=1005 width=121)
	        Recheck Cond: ((id >= 7108878) AND (id <= 7109877))
	        ->  Bitmap Index Scan on sbtest6_pkey  (cost=0.00..34.48 rows=1005 width=0)
	              Index Cond: ((id >= 7108878) AND (id <= 7109877))

table 7 : explain SELECT c FROM sbtest7 WHERE id BETWEEN 5436459 AND 5437458 ORDER BY c
	Sort  (cost=4165.87..4168.52 rows=1061 width=121)
	  Sort Key: c
	  ->  Bitmap Heap Scan on sbtest7  (cost=35.31..4112.54 rows=1061 width=121)
	        Recheck Cond: ((id >= 5436459) AND (id <= 5437458))
	        ->  Bitmap Index Scan on sbtest7_pkey  (cost=0.00..35.05 rows=1061 width=0)
	              Index Cond: ((id >= 5436459) AND (id <= 5437458))

table 8 : explain SELECT c FROM sbtest8 WHERE id BETWEEN 6184156 AND 6185155 ORDER BY c
	Sort  (cost=3824.48..3826.91 rows=972 width=121)
	  Sort Key: c
	  ->  Bitmap Heap Scan on sbtest8  (cost=34.40..3776.25 rows=972 width=121)
	        Recheck Cond: ((id >= 6184156) AND (id <= 6185155))
	        ->  Bitmap Index Scan on sbtest8_pkey  (cost=0.00..34.16 rows=972 width=0)
	              Index Cond: ((id >= 6184156) AND (id <= 6185155))

for: order_ranges
table 1 : explain SELECT c FROM sbtest1 WHERE id BETWEEN 4934921 AND 4935920 ORDER BY c
	Sort  (cost=3932.57..3935.07 rows=1002 width=121)
	  Sort Key: c
	  ->  Bitmap Heap Scan on sbtest1  (cost=34.71..3882.62 rows=1002 width=121)
	        Recheck Cond: ((id >= 4934921) AND (id <= 4935920))
	        ->  Bitmap Index Scan on sbtest1_pkey  (cost=0.00..34.45 rows=1002 width=0)
	              Index Cond: ((id >= 4934921) AND (id <= 4935920))

table 2 : explain SELECT c FROM sbtest2 WHERE id BETWEEN 8958215 AND 8959214 ORDER BY c
	Sort  (cost=3425.79..3427.96 rows=870 width=121)
	  Sort Key: c
	  ->  Bitmap Heap Scan on sbtest2  (cost=29.35..3383.31 rows=870 width=121)
	        Recheck Cond: ((id >= 8958215) AND (id <= 8959214))
	        ->  Bitmap Index Scan on sbtest2_pkey  (cost=0.00..29.14 rows=870 width=0)
	              Index Cond: ((id >= 8958215) AND (id <= 8959214))

table 3 : explain SELECT c FROM sbtest3 WHERE id BETWEEN 5326164 AND 5327163 ORDER BY c
	Sort  (cost=3678.83..3681.17 rows=935 width=121)
	  Sort Key: c
	  ->  Bitmap Heap Scan on sbtest3  (cost=34.02..3632.69 rows=935 width=121)
	        Recheck Cond: ((id >= 5326164) AND (id <= 5327163))
	        ->  Bitmap Index Scan on sbtest3_pkey  (cost=0.00..33.79 rows=935 width=0)
	              Index Cond: ((id >= 5326164) AND (id <= 5327163))

table 4 : explain SELECT c FROM sbtest4 WHERE id BETWEEN 8659338 AND 8660337 ORDER BY c
	Sort  (cost=4090.65..4093.23 rows=1034 width=121)
	  Sort Key: c
	  ->  Index Scan using sbtest4_pkey on sbtest4  (cost=0.43..4038.87 rows=1034 width=121)
	        Index Cond: ((id >= 8659338) AND (id <= 8660337))

table 5 : explain SELECT c FROM sbtest5 WHERE id BETWEEN 9987804 AND 9988803 ORDER BY c
	Sort  (cost=3762.48..3764.87 rows=956 width=121)
	  Sort Key: c
	  ->  Bitmap Heap Scan on sbtest5  (cost=34.23..3715.16 rows=956 width=121)
	        Recheck Cond: ((id >= 9987804) AND (id <= 9988803))
	        ->  Bitmap Index Scan on sbtest5_pkey  (cost=0.00..34.00 rows=956 width=0)
	              Index Cond: ((id >= 9987804) AND (id <= 9988803))

table 6 : explain SELECT c FROM sbtest6 WHERE id BETWEEN 2898278 AND 2899277 ORDER BY c
	Sort  (cost=3828.20..3830.63 rows=973 width=121)
	  Sort Key: c
	  ->  Bitmap Heap Scan on sbtest6  (cost=34.41..3779.91 rows=973 width=121)
	        Recheck Cond: ((id >= 2898278) AND (id <= 2899277))
	        ->  Bitmap Index Scan on sbtest6_pkey  (cost=0.00..34.17 rows=973 width=0)
	              Index Cond: ((id >= 2898278) AND (id <= 2899277))

table 7 : explain SELECT c FROM sbtest7 WHERE id BETWEEN 9920554 AND 9921553 ORDER BY c
	Sort  (cost=3957.45..3959.94 rows=997 width=121)
	  Sort Key: c
	  ->  Index Scan using sbtest7_pkey on sbtest7  (cost=0.43..3907.79 rows=997 width=121)
	        Index Cond: ((id >= 9920554) AND (id <= 9921553))

table 8 : explain SELECT c FROM sbtest8 WHERE id BETWEEN 8217903 AND 8218902 ORDER BY c
	Sort  (cost=3977.99..3980.52 rows=1012 width=121)
	  Sort Key: c
	  ->  Bitmap Heap Scan on sbtest8  (cost=34.81..3927.47 rows=1012 width=121)
	        Recheck Cond: ((id >= 8217903) AND (id <= 8218902))
	        ->  Bitmap Index Scan on sbtest8_pkey  (cost=0.00..34.56 rows=1012 width=0)
	              Index Cond: ((id >= 8217903) AND (id <= 8218902))

for: distinct_ranges
table 1 : explain SELECT DISTINCT c FROM sbtest1 WHERE id BETWEEN 4648799 AND 4649798 ORDER BY c
	Unique  (cost=3955.52..3960.56 rows=1008 width=121)
	  ->  Sort  (cost=3955.52..3958.04 rows=1008 width=121)
	        Sort Key: c
	        ->  Bitmap Heap Scan on sbtest1  (cost=34.77..3905.23 rows=1008 width=121)
	              Recheck Cond: ((id >= 4648799) AND (id <= 4649798))
	              ->  Bitmap Index Scan on sbtest1_pkey  (cost=0.00..34.52 rows=1008 width=0)
	                    Index Cond: ((id >= 4648799) AND (id <= 4649798))

table 2 : explain SELECT DISTINCT c FROM sbtest2 WHERE id BETWEEN 6066236 AND 6067235 ORDER BY c
	Unique  (cost=4174.03..4179.35 rows=1064 width=121)
	  ->  Sort  (cost=4174.03..4176.69 rows=1064 width=121)
	        Sort Key: c
	        ->  Bitmap Heap Scan on sbtest2  (cost=35.34..4120.53 rows=1064 width=121)
	              Recheck Cond: ((id >= 6066236) AND (id <= 6067235))
	              ->  Bitmap Index Scan on sbtest2_pkey  (cost=0.00..35.08 rows=1064 width=0)
	                    Index Cond: ((id >= 6066236) AND (id <= 6067235))

table 3 : explain SELECT DISTINCT c FROM sbtest3 WHERE id BETWEEN 2740551 AND 2741550 ORDER BY c
	Unique  (cost=4264.76..4270.20 rows=1088 width=121)
	  ->  Sort  (cost=4264.76..4267.48 rows=1088 width=121)
	        Sort Key: c
	        ->  Bitmap Heap Scan on sbtest3  (cost=35.59..4209.88 rows=1088 width=121)
	              Recheck Cond: ((id >= 2740551) AND (id <= 2741550))
	              ->  Bitmap Index Scan on sbtest3_pkey  (cost=0.00..35.32 rows=1088 width=0)
	                    Index Cond: ((id >= 2740551) AND (id <= 2741550))

table 4 : explain SELECT DISTINCT c FROM sbtest4 WHERE id BETWEEN 9646277 AND 9647276 ORDER BY c
	Unique  (cost=4252.32..4257.69 rows=1075 width=121)
	  ->  Sort  (cost=4252.32..4255.00 rows=1075 width=121)
	        Sort Key: c
	        ->  Index Scan using sbtest4_pkey on sbtest4  (cost=0.43..4198.19 rows=1075 width=121)
	              Index Cond: ((id >= 9646277) AND (id <= 9647276))

table 5 : explain SELECT DISTINCT c FROM sbtest5 WHERE id BETWEEN 1823927 AND 1824926 ORDER BY c
	Unique  (cost=3954.38..3959.41 rows=1006 width=121)
	  ->  Sort  (cost=3954.38..3956.90 rows=1006 width=121)
	        Sort Key: c
	        ->  Bitmap Heap Scan on sbtest5  (cost=34.75..3904.21 rows=1006 width=121)
	              Recheck Cond: ((id >= 1823927) AND (id <= 1824926))
	              ->  Bitmap Index Scan on sbtest5_pkey  (cost=0.00..34.50 rows=1006 width=0)
	                    Index Cond: ((id >= 1823927) AND (id <= 1824926))

table 6 : explain SELECT DISTINCT c FROM sbtest6 WHERE id BETWEEN 5580825 AND 5581824 ORDER BY c
	Unique  (cost=3797.48..3802.30 rows=965 width=121)
	  ->  Sort  (cost=3797.48..3799.89 rows=965 width=121)
	        Sort Key: c
	        ->  Bitmap Heap Scan on sbtest6  (cost=34.33..3749.64 rows=965 width=121)
	              Recheck Cond: ((id >= 5580825) AND (id <= 5581824))
	              ->  Bitmap Index Scan on sbtest6_pkey  (cost=0.00..34.09 rows=965 width=0)
	                    Index Cond: ((id >= 5580825) AND (id <= 5581824))

table 7 : explain SELECT DISTINCT c FROM sbtest7 WHERE id BETWEEN 9404484 AND 9405483 ORDER BY c
	Unique  (cost=3890.19..3895.09 rows=980 width=121)
	  ->  Sort  (cost=3890.19..3892.64 rows=980 width=121)
	        Sort Key: c
	        ->  Index Scan using sbtest7_pkey on sbtest7  (cost=0.43..3841.50 rows=980 width=121)
	              Index Cond: ((id >= 9404484) AND (id <= 9405483))

table 8 : explain SELECT DISTINCT c FROM sbtest8 WHERE id BETWEEN 6559402 AND 6560401 ORDER BY c
	Unique  (cost=3970.32..3975.37 rows=1010 width=121)
	  ->  Sort  (cost=3970.32..3972.84 rows=1010 width=121)
	        Sort Key: c
	        ->  Bitmap Heap Scan on sbtest8  (cost=34.79..3919.92 rows=1010 width=121)
	              Recheck Cond: ((id >= 6559402) AND (id <= 6560401))
	              ->  Bitmap Index Scan on sbtest8_pkey  (cost=0.00..34.54 rows=1010 width=0)
	                    Index Cond: ((id >= 6559402) AND (id <= 6560401))

for: order_ranges
table 1 : explain SELECT c FROM sbtest1 WHERE id BETWEEN 787035 AND 788034 ORDER BY c
	Sort  (cost=3894.30..3896.78 rows=992 width=121)
	  Sort Key: c
	  ->  Bitmap Heap Scan on sbtest1  (cost=34.60..3844.93 rows=992 width=121)
	        Recheck Cond: ((id >= 787035) AND (id <= 788034))
	        ->  Bitmap Index Scan on sbtest1_pkey  (cost=0.00..34.36 rows=992 width=0)
	              Index Cond: ((id >= 787035) AND (id <= 788034))

table 2 : explain SELECT c FROM sbtest2 WHERE id BETWEEN 9044065 AND 9045064 ORDER BY c
	Sort  (cost=3955.82..3958.34 rows=1007 width=121)
	  Sort Key: c
	  ->  Bitmap Heap Scan on sbtest2  (cost=34.76..3905.59 rows=1007 width=121)
	        Recheck Cond: ((id >= 9044065) AND (id <= 9045064))
	        ->  Bitmap Index Scan on sbtest2_pkey  (cost=0.00..34.51 rows=1007 width=0)
	              Index Cond: ((id >= 9044065) AND (id <= 9045064))

table 3 : explain SELECT c FROM sbtest3 WHERE id BETWEEN 6510031 AND 6511030 ORDER BY c
	Sort  (cost=3908.94..3911.42 rows=995 width=121)
	  Sort Key: c
	  ->  Bitmap Heap Scan on sbtest3  (cost=34.63..3859.39 rows=995 width=121)
	        Recheck Cond: ((id >= 6510031) AND (id <= 6511030))
	        ->  Bitmap Index Scan on sbtest3_pkey  (cost=0.00..34.39 rows=995 width=0)
	              Index Cond: ((id >= 6510031) AND (id <= 6511030))

table 4 : explain SELECT c FROM sbtest4 WHERE id BETWEEN 3122623 AND 3123622 ORDER BY c
	Sort  (cost=3917.16..3919.64 rows=990 width=121)
	  Sort Key: c
	  ->  Index Scan using sbtest4_pkey on sbtest4  (cost=0.43..3867.90 rows=990 width=121)
	        Index Cond: ((id >= 3122623) AND (id <= 3123622))

table 5 : explain SELECT c FROM sbtest5 WHERE id BETWEEN 9632321 AND 9633320 ORDER BY c
	Sort  (cost=3985.06..3987.60 rows=1014 width=121)
	  Sort Key: c
	  ->  Bitmap Heap Scan on sbtest5  (cost=34.83..3934.43 rows=1014 width=121)
	        Recheck Cond: ((id >= 9632321) AND (id <= 9633320))
	        ->  Bitmap Index Scan on sbtest5_pkey  (cost=0.00..34.58 rows=1014 width=0)
	              Index Cond: ((id >= 9632321) AND (id <= 9633320))

table 6 : explain SELECT c FROM sbtest6 WHERE id BETWEEN 3514864 AND 3515863 ORDER BY c
	Sort  (cost=3558.98..3561.24 rows=904 width=121)
	  Sort Key: c
	  ->  Bitmap Heap Scan on sbtest6  (cost=29.70..3514.59 rows=904 width=121)
	        Recheck Cond: ((id >= 3514864) AND (id <= 3515863))
	        ->  Bitmap Index Scan on sbtest6_pkey  (cost=0.00..29.47 rows=904 width=0)
	              Index Cond: ((id >= 3514864) AND (id <= 3515863))

table 7 : explain SELECT c FROM sbtest7 WHERE id BETWEEN 4409396 AND 4410395 ORDER BY c
	Sort  (cost=4039.42..4041.99 rows=1028 width=121)
	  Sort Key: c
	  ->  Bitmap Heap Scan on sbtest7  (cost=34.97..3987.99 rows=1028 width=121)
	        Recheck Cond: ((id >= 4409396) AND (id <= 4410395))
	        ->  Bitmap Index Scan on sbtest7_pkey  (cost=0.00..34.72 rows=1028 width=0)
	              Index Cond: ((id >= 4409396) AND (id <= 4410395))

table 8 : explain SELECT c FROM sbtest8 WHERE id BETWEEN 5165244 AND 5166243 ORDER BY c
	Sort  (cost=3807.68..3810.07 rows=958 width=121)
	  Sort Key: c
	  ->  Index Scan using sbtest8_pkey on sbtest8  (cost=0.43..3760.24 rows=958 width=121)
	        Index Cond: ((id >= 5165244) AND (id <= 5166243))

for: sum_ranges
table 1 : explain SELECT SUM(k) FROM sbtest1 WHERE id BETWEEN 3758986 AND 3759985
	Aggregate  (cost=4333.30..4333.31 rows=1 width=8)
	  ->  Bitmap Heap Scan on sbtest1  (cost=39.93..4330.50 rows=1121 width=4)
	        Recheck Cond: ((id >= 3758986) AND (id <= 3759985))
	        ->  Bitmap Index Scan on sbtest1_pkey  (cost=0.00..39.65 rows=1121 width=0)
	              Index Cond: ((id >= 3758986) AND (id <= 3759985))

table 2 : explain SELECT SUM(k) FROM sbtest2 WHERE id BETWEEN 7418708 AND 7419707
	Aggregate  (cost=3783.41..3783.42 rows=1 width=8)
	  ->  Bitmap Heap Scan on sbtest2  (cost=34.42..3780.97 rows=974 width=4)
	        Recheck Cond: ((id >= 7418708) AND (id <= 7419707))
	        ->  Bitmap Index Scan on sbtest2_pkey  (cost=0.00..34.18 rows=974 width=0)
	              Index Cond: ((id >= 7418708) AND (id <= 7419707))

table 3 : explain SELECT SUM(k) FROM sbtest3 WHERE id BETWEEN 7763406 AND 7764405
	Aggregate  (cost=3597.18..3597.19 rows=1 width=8)
	  ->  Bitmap Heap Scan on sbtest3  (cost=33.92..3594.86 rows=925 width=4)
	        Recheck Cond: ((id >= 7763406) AND (id <= 7764405))
	        ->  Bitmap Index Scan on sbtest3_pkey  (cost=0.00..33.69 rows=925 width=0)
	              Index Cond: ((id >= 7763406) AND (id <= 7764405))

table 4 : explain SELECT SUM(k) FROM sbtest4 WHERE id BETWEEN 7138253 AND 7139252
	Aggregate  (cost=4060.90..4060.91 rows=1 width=8)
	  ->  Index Scan using sbtest4_pkey on sbtest4  (cost=0.43..4058.30 rows=1039 width=4)
	        Index Cond: ((id >= 7138253) AND (id <= 7139252))

table 5 : explain SELECT SUM(k) FROM sbtest5 WHERE id BETWEEN 4341178 AND 4342177
	Aggregate  (cost=3914.29..3914.30 rows=1 width=8)
	  ->  Bitmap Heap Scan on sbtest5  (cost=34.77..3911.77 rows=1008 width=4)
	        Recheck Cond: ((id >= 4341178) AND (id <= 4342177))
	        ->  Bitmap Index Scan on sbtest5_pkey  (cost=0.00..34.52 rows=1008 width=0)
	              Index Cond: ((id >= 4341178) AND (id <= 4342177))

table 6 : explain SELECT SUM(k) FROM sbtest6 WHERE id BETWEEN 6174903 AND 6175902
	Aggregate  (cost=3786.12..3786.13 rows=1 width=8)
	  ->  Bitmap Heap Scan on sbtest6  (cost=34.42..3783.69 rows=974 width=4)
	        Recheck Cond: ((id >= 6174903) AND (id <= 6175902))
	        ->  Bitmap Index Scan on sbtest6_pkey  (cost=0.00..34.18 rows=974 width=0)
	              Index Cond: ((id >= 6174903) AND (id <= 6175902))

table 7 : explain SELECT SUM(k) FROM sbtest7 WHERE id BETWEEN 7071268 AND 7072267
	Aggregate  (cost=3871.28..3871.29 rows=1 width=8)
	  ->  Index Scan using sbtest7_pkey on sbtest7  (cost=0.43..3868.81 rows=987 width=4)
	        Index Cond: ((id >= 7071268) AND (id <= 7072267))

table 8 : explain SELECT SUM(k) FROM sbtest8 WHERE id BETWEEN 3560284 AND 3561283
	Aggregate  (cost=4375.52..4375.53 rows=1 width=8)
	  ->  Bitmap Heap Scan on sbtest8  (cost=40.01..4372.70 rows=1129 width=4)
	        Recheck Cond: ((id >= 3560284) AND (id <= 3561283))
	        ->  Bitmap Index Scan on sbtest8_pkey  (cost=0.00..39.73 rows=1129 width=0)
	              Index Cond: ((id >= 3560284) AND (id <= 3561283))

explain: for point_selects :: explain SELECT c FROM sbtest%u WHERE id=%u
for: distinct_ranges
table 1 : explain SELECT DISTINCT c FROM sbtest1 WHERE id BETWEEN 9069617 AND 9070616 ORDER BY c
	Unique  (cost=4119.89..4125.15 rows=1051 width=121)
	  ->  Sort  (cost=4119.89..4122.52 rows=1051 width=121)
	        Sort Key: c
	        ->  Bitmap Heap Scan on sbtest1  (cost=35.21..4067.14 rows=1051 width=121)
	              Recheck Cond: ((id >= 9069617) AND (id <= 9070616))
	              ->  Bitmap Index Scan on sbtest1_pkey  (cost=0.00..34.95 rows=1051 width=0)
	                    Index Cond: ((id >= 9069617) AND (id <= 9070616))

table 2 : explain SELECT DISTINCT c FROM sbtest2 WHERE id BETWEEN 6406684 AND 6407683 ORDER BY c
	Unique  (cost=3817.81..3822.67 rows=971 width=121)
	  ->  Sort  (cost=3817.81..3820.24 rows=971 width=121)
	        Sort Key: c
	        ->  Bitmap Heap Scan on sbtest2  (cost=34.39..3769.64 rows=971 width=121)
	              Recheck Cond: ((id >= 6406684) AND (id <= 6407683))
	              ->  Bitmap Index Scan on sbtest2_pkey  (cost=0.00..34.15 rows=971 width=0)
	                    Index Cond: ((id >= 6406684) AND (id <= 6407683))

table 3 : explain SELECT DISTINCT c FROM sbtest3 WHERE id BETWEEN 9441825 AND 9442824 ORDER BY c
	Unique  (cost=4127.14..4132.40 rows=1052 width=121)
	  ->  Sort  (cost=4127.14..4129.77 rows=1052 width=121)
	        Sort Key: c
	        ->  Bitmap Heap Scan on sbtest3  (cost=35.22..4074.34 rows=1052 width=121)
	              Recheck Cond: ((id >= 9441825) AND (id <= 9442824))
	              ->  Bitmap Index Scan on sbtest3_pkey  (cost=0.00..34.95 rows=1052 width=0)
	                    Index Cond: ((id >= 9441825) AND (id <= 9442824))

table 4 : explain SELECT DISTINCT c FROM sbtest4 WHERE id BETWEEN 6354613 AND 6355612 ORDER BY c
	Unique  (cost=3818.58..3823.41 rows=965 width=121)
	  ->  Sort  (cost=3818.58..3820.99 rows=965 width=121)
	        Sort Key: c
	        ->  Index Scan using sbtest4_pkey on sbtest4  (cost=0.43..3770.75 rows=965 width=121)
	              Index Cond: ((id >= 6354613) AND (id <= 6355612))

table 5 : explain SELECT DISTINCT c FROM sbtest5 WHERE id BETWEEN 5497789 AND 5498788 ORDER BY c
	Unique  (cost=3739.43..3744.18 rows=950 width=121)
	  ->  Sort  (cost=3739.43..3741.81 rows=950 width=121)
	        Sort Key: c
	        ->  Bitmap Heap Scan on sbtest5  (cost=34.17..3692.45 rows=950 width=121)
	              Recheck Cond: ((id >= 5497789) AND (id <= 5498788))
	              ->  Bitmap Index Scan on sbtest5_pkey  (cost=0.00..33.94 rows=950 width=0)
	                    Index Cond: ((id >= 5497789) AND (id <= 5498788))

table 6 : explain SELECT DISTINCT c FROM sbtest6 WHERE id BETWEEN 6760754 AND 6761753 ORDER BY c
	Unique  (cost=4112.01..4117.25 rows=1047 width=121)
	  ->  Sort  (cost=4112.01..4114.63 rows=1047 width=121)
	        Sort Key: c
	        ->  Bitmap Heap Scan on sbtest6  (cost=35.17..4059.50 rows=1047 width=121)
	              Recheck Cond: ((id >= 6760754) AND (id <= 6761753))
	              ->  Bitmap Index Scan on sbtest6_pkey  (cost=0.00..34.91 rows=1047 width=0)
	                    Index Cond: ((id >= 6760754) AND (id <= 6761753))

table 7 : explain SELECT DISTINCT c FROM sbtest7 WHERE id BETWEEN 1265228 AND 1266227 ORDER BY c
	Unique  (cost=4016.80..4021.86 rows=1012 width=121)
	  ->  Sort  (cost=4016.80..4019.33 rows=1012 width=121)
	        Sort Key: c
	        ->  Index Scan using sbtest7_pkey on sbtest7  (cost=0.43..3966.29 rows=1012 width=121)
	              Index Cond: ((id >= 1265228) AND (id <= 1266227))

table 8 : explain SELECT DISTINCT c FROM sbtest8 WHERE id BETWEEN 7845529 AND 7846528 ORDER BY c
	Unique  (cost=4073.83..4079.02 rows=1037 width=121)
	  ->  Sort  (cost=4073.83..4076.43 rows=1037 width=121)
	        Sort Key: c
	        ->  Bitmap Heap Scan on sbtest8  (cost=35.06..4021.89 rows=1037 width=121)
	              Recheck Cond: ((id >= 7845529) AND (id <= 7846528))
	              ->  Bitmap Index Scan on sbtest8_pkey  (cost=0.00..34.81 rows=1037 width=0)
	                    Index Cond: ((id >= 7845529) AND (id <= 7846528))

explain: for point_selects :: explain SELECT c FROM sbtest%u WHERE id=%u
for: order_ranges
table 1 : explain SELECT c FROM sbtest1 WHERE id BETWEEN 4571287 AND 4572286 ORDER BY c
	Sort  (cost=4039.64..4042.22 rows=1030 width=121)
	  Sort Key: c
	  ->  Bitmap Heap Scan on sbtest1  (cost=34.99..3988.10 rows=1030 width=121)
	        Recheck Cond: ((id >= 4571287) AND (id <= 4572286))
	        ->  Bitmap Index Scan on sbtest1_pkey  (cost=0.00..34.73 rows=1030 width=0)
	              Index Cond: ((id >= 4571287) AND (id <= 4572286))

table 2 : explain SELECT c FROM sbtest2 WHERE id BETWEEN 5679224 AND 5680223 ORDER BY c
	Sort  (cost=3833.16..3835.59 rows=975 width=121)
	  Sort Key: c
	  ->  Bitmap Heap Scan on sbtest2  (cost=34.43..3784.75 rows=975 width=121)
	        Recheck Cond: ((id >= 5679224) AND (id <= 5680223))
	        ->  Bitmap Index Scan on sbtest2_pkey  (cost=0.00..34.19 rows=975 width=0)
	              Index Cond: ((id >= 5679224) AND (id <= 5680223))

table 3 : explain SELECT c FROM sbtest3 WHERE id BETWEEN 2125900 AND 2126899 ORDER BY c
	Sort  (cost=3790.10..3792.51 rows=964 width=121)
	  Sort Key: c
	  ->  Bitmap Heap Scan on sbtest3  (cost=34.32..3742.32 rows=964 width=121)
	        Recheck Cond: ((id >= 2125900) AND (id <= 2126899))
	        ->  Bitmap Index Scan on sbtest3_pkey  (cost=0.00..34.08 rows=964 width=0)
	              Index Cond: ((id >= 2125900) AND (id <= 2126899))

table 4 : explain SELECT c FROM sbtest4 WHERE id BETWEEN 9053576 AND 9054575 ORDER BY c
	Sort  (cost=3739.72..3742.08 rows=945 width=121)
	  Sort Key: c
	  ->  Index Scan using sbtest4_pkey on sbtest4  (cost=0.43..3693.01 rows=945 width=121)
	        Index Cond: ((id >= 9053576) AND (id <= 9054575))

table 5 : explain SELECT c FROM sbtest5 WHERE id BETWEEN 1360190 AND 1361189 ORDER BY c
	Sort  (cost=4061.72..4064.31 rows=1034 width=121)
	  Sort Key: c
	  ->  Bitmap Heap Scan on sbtest5  (cost=35.03..4009.95 rows=1034 width=121)
	        Recheck Cond: ((id >= 1360190) AND (id <= 1361189))
	        ->  Bitmap Index Scan on sbtest5_pkey  (cost=0.00..34.78 rows=1034 width=0)
	              Index Cond: ((id >= 1360190) AND (id <= 1361189))

table 6 : explain SELECT c FROM sbtest6 WHERE id BETWEEN 762501 AND 763500 ORDER BY c
	Sort  (cost=3562.83..3565.09 rows=905 width=121)
	  Sort Key: c
	  ->  Bitmap Heap Scan on sbtest6  (cost=29.71..3518.38 rows=905 width=121)
	        Recheck Cond: ((id >= 762501) AND (id <= 763500))
	        ->  Bitmap Index Scan on sbtest6_pkey  (cost=0.00..29.48 rows=905 width=0)
	              Index Cond: ((id >= 762501) AND (id <= 763500))

table 7 : explain SELECT c FROM sbtest7 WHERE id BETWEEN 3334595 AND 3335594 ORDER BY c
	Sort  (cost=4207.99..4210.67 rows=1072 width=121)
	  Sort Key: c
	  ->  Bitmap Heap Scan on sbtest7  (cost=35.42..4154.03 rows=1072 width=121)
	        Recheck Cond: ((id >= 3334595) AND (id <= 3335594))
	        ->  Bitmap Index Scan on sbtest7_pkey  (cost=0.00..35.16 rows=1072 width=0)
	              Index Cond: ((id >= 3334595) AND (id <= 3335594))

table 8 : explain SELECT c FROM sbtest8 WHERE id BETWEEN 680436 AND 681435 ORDER BY c
	Sort  (cost=3882.07..3884.53 rows=987 width=121)
	  Sort Key: c
	  ->  Bitmap Heap Scan on sbtest8  (cost=34.55..3832.98 rows=987 width=121)
	        Recheck Cond: ((id >= 680436) AND (id <= 681435))
	        ->  Bitmap Index Scan on sbtest8_pkey  (cost=0.00..34.31 rows=987 width=0)
	              Index Cond: ((id >= 680436) AND (id <= 681435))

explain: for point_selects :: explain SELECT c FROM sbtest%u WHERE id=%u
for: sum_ranges
table 1 : explain SELECT SUM(k) FROM sbtest1 WHERE id BETWEEN 8915427 AND 8916426
	Aggregate  (cost=3703.96..3703.97 rows=1 width=8)
	  ->  Bitmap Heap Scan on sbtest1  (cost=34.21..3701.57 rows=954 width=4)
	        Recheck Cond: ((id >= 8915427) AND (id <= 8916426))
	        ->  Bitmap Index Scan on sbtest1_pkey  (cost=0.00..33.98 rows=954 width=0)
	              Index Cond: ((id >= 8915427) AND (id <= 8916426))

table 2 : explain SELECT SUM(k) FROM sbtest2 WHERE id BETWEEN 9003163 AND 9004162
	Aggregate  (cost=3908.11..3908.12 rows=1 width=8)
	  ->  Bitmap Heap Scan on sbtest2  (cost=34.76..3905.59 rows=1007 width=4)
	        Recheck Cond: ((id >= 9003163) AND (id <= 9004162))
	        ->  Bitmap Index Scan on sbtest2_pkey  (cost=0.00..34.51 rows=1007 width=0)
	              Index Cond: ((id >= 9003163) AND (id <= 9004162))

table 3 : explain SELECT SUM(k) FROM sbtest3 WHERE id BETWEEN 2829210 AND 2830209
	Aggregate  (cost=4186.24..4186.25 rows=1 width=8)
	  ->  Bitmap Heap Scan on sbtest3  (cost=35.52..4183.54 rows=1081 width=4)
	        Recheck Cond: ((id >= 2829210) AND (id <= 2830209))
	        ->  Bitmap Index Scan on sbtest3_pkey  (cost=0.00..35.25 rows=1081 width=0)
	              Index Cond: ((id >= 2829210) AND (id <= 2830209))

table 4 : explain SELECT SUM(k) FROM sbtest4 WHERE id BETWEEN 4374118 AND 4375117
	Aggregate  (cost=3745.91..3745.92 rows=1 width=8)
	  ->  Index Scan using sbtest4_pkey on sbtest4  (cost=0.43..3743.52 rows=958 width=4)
	        Index Cond: ((id >= 4374118) AND (id <= 4375117))

table 5 : explain SELECT SUM(k) FROM sbtest5 WHERE id BETWEEN 8865246 AND 8866245
	Aggregate  (cost=3808.39..3808.40 rows=1 width=8)
	  ->  Bitmap Heap Scan on sbtest5  (cost=34.48..3805.94 rows=980 width=4)
	        Recheck Cond: ((id >= 8865246) AND (id <= 8866245))
	        ->  Bitmap Index Scan on sbtest5_pkey  (cost=0.00..34.23 rows=980 width=0)
	              Index Cond: ((id >= 8865246) AND (id <= 8866245))

table 6 : explain SELECT SUM(k) FROM sbtest6 WHERE id BETWEEN 9308906 AND 9309905
	Aggregate  (cost=4077.22..4077.23 rows=1 width=8)
	  ->  Bitmap Heap Scan on sbtest6  (cost=35.21..4074.59 rows=1051 width=4)
	        Recheck Cond: ((id >= 9308906) AND (id <= 9309905))
	        ->  Bitmap Index Scan on sbtest6_pkey  (cost=0.00..34.95 rows=1051 width=0)
	              Index Cond: ((id >= 9308906) AND (id <= 9309905))

table 7 : explain SELECT SUM(k) FROM sbtest7 WHERE id BETWEEN 4431412 AND 4432411
	Aggregate  (cost=3990.56..3990.57 rows=1 width=8)
	  ->  Bitmap Heap Scan on sbtest7  (cost=34.97..3987.99 rows=1028 width=4)
	        Recheck Cond: ((id >= 4431412) AND (id <= 4432411))
	        ->  Bitmap Index Scan on sbtest7_pkey  (cost=0.00..34.72 rows=1028 width=0)
	              Index Cond: ((id >= 4431412) AND (id <= 4432411))

table 8 : explain SELECT SUM(k) FROM sbtest8 WHERE id BETWEEN 7802538 AND 7803537
	Aggregate  (cost=3766.54..3766.55 rows=1 width=8)
	  ->  Index Scan using sbtest8_pkey on sbtest8  (cost=0.43..3764.14 rows=959 width=4)
	        Index Cond: ((id >= 7802538) AND (id <= 7803537))

for: distinct_ranges
table 1 : explain SELECT DISTINCT c FROM sbtest1 WHERE id BETWEEN 9056239 AND 9057238 ORDER BY c
	Unique  (cost=4119.89..4125.15 rows=1051 width=121)
	  ->  Sort  (cost=4119.89..4122.52 rows=1051 width=121)
	        Sort Key: c
	        ->  Bitmap Heap Scan on sbtest1  (cost=35.21..4067.14 rows=1051 width=121)
	              Recheck Cond: ((id >= 9056239) AND (id <= 9057238))
	              ->  Bitmap Index Scan on sbtest1_pkey  (cost=0.00..34.95 rows=1051 width=0)
	                    Index Cond: ((id >= 9056239) AND (id <= 9057238))

table 2 : explain SELECT DISTINCT c FROM sbtest2 WHERE id BETWEEN 8547215 AND 8548214 ORDER BY c
	Unique  (cost=3683.49..3688.17 rows=936 width=121)
	  ->  Sort  (cost=3683.49..3685.83 rows=936 width=121)
	        Sort Key: c
	        ->  Bitmap Heap Scan on sbtest2  (cost=34.03..3637.30 rows=936 width=121)
	              Recheck Cond: ((id >= 8547215) AND (id <= 8548214))
	              ->  Bitmap Index Scan on sbtest2_pkey  (cost=0.00..33.80 rows=936 width=0)
	                    Index Cond: ((id >= 8547215) AND (id <= 8548214))

table 3 : explain SELECT DISTINCT c FROM sbtest3 WHERE id BETWEEN 4748359 AND 4749358 ORDER BY c
	Unique  (cost=3674.99..3679.66 rows=934 width=121)
	  ->  Sort  (cost=3674.99..3677.33 rows=934 width=121)
	        Sort Key: c
	        ->  Bitmap Heap Scan on sbtest3  (cost=34.01..3628.91 rows=934 width=121)
	              Recheck Cond: ((id >= 4748359) AND (id <= 4749358))
	              ->  Bitmap Index Scan on sbtest3_pkey  (cost=0.00..33.78 rows=934 width=0)
	                    Index Cond: ((id >= 4748359) AND (id <= 4749358))

table 4 : explain SELECT DISTINCT c FROM sbtest4 WHERE id BETWEEN 6449265 AND 6450264 ORDER BY c
	Unique  (cost=4256.26..4261.64 rows=1076 width=121)
	  ->  Sort  (cost=4256.26..4258.95 rows=1076 width=121)
	        Sort Key: c
	        ->  Index Scan using sbtest4_pkey on sbtest4  (cost=0.43..4202.07 rows=1076 width=121)
	              Index Cond: ((id >= 6449265) AND (id <= 6450264))

table 5 : explain SELECT DISTINCT c FROM sbtest5 WHERE id BETWEEN 5853468 AND 5854467 ORDER BY c
	Unique  (cost=4272.31..4277.75 rows=1089 width=121)
	  ->  Sort  (cost=4272.31..4275.03 rows=1089 width=121)
	        Sort Key: c
	        ->  Bitmap Heap Scan on sbtest5  (cost=35.60..4217.37 rows=1089 width=121)
	              Recheck Cond: ((id >= 5853468) AND (id <= 5854467))
	              ->  Bitmap Index Scan on sbtest5_pkey  (cost=0.00..35.33 rows=1089 width=0)
	                    Index Cond: ((id >= 5853468) AND (id <= 5854467))

table 6 : explain SELECT DISTINCT c FROM sbtest6 WHERE id BETWEEN 957912 AND 958911 ORDER BY c
	Unique  (cost=3755.22..3759.99 rows=954 width=121)
	  ->  Sort  (cost=3755.22..3757.61 rows=954 width=121)
	        Sort Key: c
	        ->  Bitmap Heap Scan on sbtest6  (cost=34.21..3708.01 rows=954 width=121)
	              Recheck Cond: ((id >= 957912) AND (id <= 958911))
	              ->  Bitmap Index Scan on sbtest6_pkey  (cost=0.00..33.98 rows=954 width=0)
	                    Index Cond: ((id >= 957912) AND (id <= 958911))

table 7 : explain SELECT DISTINCT c FROM sbtest7 WHERE id BETWEEN 4874449 AND 4875448 ORDER BY c
	Unique  (cost=4089.25..4094.45 rows=1041 width=121)
	  ->  Sort  (cost=4089.25..4091.85 rows=1041 width=121)
	        Sort Key: c
	        ->  Bitmap Heap Scan on sbtest7  (cost=35.11..4037.07 rows=1041 width=121)
	              Recheck Cond: ((id >= 4874449) AND (id <= 4875448))
	              ->  Bitmap Index Scan on sbtest7_pkey  (cost=0.00..34.84 rows=1041 width=0)
	                    Index Cond: ((id >= 4874449) AND (id <= 4875448))

table 8 : explain SELECT DISTINCT c FROM sbtest8 WHERE id BETWEEN 3249993 AND 3250992 ORDER BY c
	Unique  (cost=3787.85..3792.62 rows=953 width=121)
	  ->  Sort  (cost=3787.85..3790.24 rows=953 width=121)
	        Sort Key: c
	        ->  Index Scan using sbtest8_pkey on sbtest8  (cost=0.43..3740.70 rows=953 width=121)
	              Index Cond: ((id >= 3249993) AND (id <= 3250992))

for: distinct_ranges
table 1 : explain SELECT DISTINCT c FROM sbtest1 WHERE id BETWEEN 519613 AND 520612 ORDER BY c
	Unique  (cost=4066.40..4071.58 rows=1037 width=121)
	  ->  Sort  (cost=4066.40..4068.99 rows=1037 width=121)
	        Sort Key: c
	        ->  Bitmap Heap Scan on sbtest1  (cost=35.06..4014.46 rows=1037 width=121)
	              Recheck Cond: ((id >= 519613) AND (id <= 520612))
	              ->  Bitmap Index Scan on sbtest1_pkey  (cost=0.00..34.81 rows=1037 width=0)
	                    Index Cond: ((id >= 519613) AND (id <= 520612))

table 2 : explain SELECT DISTINCT c FROM sbtest2 WHERE id BETWEEN 3183976 AND 3184975 ORDER BY c
	Unique  (cost=4174.03..4179.35 rows=1064 width=121)
	  ->  Sort  (cost=4174.03..4176.69 rows=1064 width=121)
	        Sort Key: c
	        ->  Bitmap Heap Scan on sbtest2  (cost=35.34..4120.53 rows=1064 width=121)
	              Recheck Cond: ((id >= 3183976) AND (id <= 3184975))
	              ->  Bitmap Index Scan on sbtest2_pkey  (cost=0.00..35.08 rows=1064 width=0)
	                    Index Cond: ((id >= 3183976) AND (id <= 3184975))

table 3 : explain SELECT DISTINCT c FROM sbtest3 WHERE id BETWEEN 1984103 AND 1985102 ORDER BY c
	Unique  (cost=3912.77..3917.75 rows=996 width=121)
	  ->  Sort  (cost=3912.77..3915.26 rows=996 width=121)
	        Sort Key: c
	        ->  Bitmap Heap Scan on sbtest3  (cost=34.64..3863.17 rows=996 width=121)
	              Recheck Cond: ((id >= 1984103) AND (id <= 1985102))
	              ->  Bitmap Index Scan on sbtest3_pkey  (cost=0.00..34.40 rows=996 width=0)
	                    Index Cond: ((id >= 1984103) AND (id <= 1985102))

table 4 : explain SELECT DISTINCT c FROM sbtest4 WHERE id BETWEEN 3142270 AND 3143269 ORDER BY c
	Unique  (cost=3917.16..3922.11 rows=990 width=121)
	  ->  Sort  (cost=3917.16..3919.64 rows=990 width=121)
	        Sort Key: c
	        ->  Index Scan using sbtest4_pkey on sbtest4  (cost=0.43..3867.90 rows=990 width=121)
	              Index Cond: ((id >= 3142270) AND (id <= 3143269))

table 5 : explain SELECT DISTINCT c FROM sbtest5 WHERE id BETWEEN 3137255 AND 3138254 ORDER BY c
	Unique  (cost=3942.88..3947.89 rows=1003 width=121)
	  ->  Sort  (cost=3942.88..3945.39 rows=1003 width=121)
	        Sort Key: c
	        ->  Bitmap Heap Scan on sbtest5  (cost=34.72..3892.88 rows=1003 width=121)
	              Recheck Cond: ((id >= 3137255) AND (id <= 3138254))
	              ->  Bitmap Index Scan on sbtest5_pkey  (cost=0.00..34.47 rows=1003 width=0)
	                    Index Cond: ((id >= 3137255) AND (id <= 3138254))

table 6 : explain SELECT DISTINCT c FROM sbtest6 WHERE id BETWEEN 64748 AND 65747 ORDER BY c
	Unique  (cost=4418.32..4423.95 rows=1126 width=121)
	  ->  Sort  (cost=4418.32..4421.14 rows=1126 width=121)
	        Sort Key: c
	        ->  Bitmap Heap Scan on sbtest6  (cost=39.98..4361.25 rows=1126 width=121)
	              Recheck Cond: ((id >= 64748) AND (id <= 65747))
	              ->  Bitmap Index Scan on sbtest6_pkey  (cost=0.00..39.70 rows=1126 width=0)
	                    Index Cond: ((id >= 64748) AND (id <= 65747))

table 7 : explain SELECT DISTINCT c FROM sbtest7 WHERE id BETWEEN 5935013 AND 5936012 ORDER BY c
	Unique  (cost=3775.50..3780.26 rows=951 width=121)
	  ->  Sort  (cost=3775.50..3777.88 rows=951 width=121)
	        Sort Key: c
	        ->  Index Scan using sbtest7_pkey on sbtest7  (cost=0.43..3728.46 rows=951 width=121)
	              Index Cond: ((id >= 5935013) AND (id <= 5936012))

table 8 : explain SELECT DISTINCT c FROM sbtest8 WHERE id BETWEEN 3666531 AND 3667530 ORDER BY c
	Unique  (cost=3558.16..3562.64 rows=896 width=121)
	  ->  Sort  (cost=3558.16..3560.40 rows=896 width=121)
	        Sort Key: c
	        ->  Index Scan using sbtest8_pkey on sbtest8  (cost=0.43..3514.22 rows=896 width=121)
	              Index Cond: ((id >= 3666531) AND (id <= 3667530))

for point_selects
table 1 : explain SELECT c FROM sbtest1 WHERE id=1659202
	Index Scan using sbtest1_pkey on sbtest1  (cost=0.43..8.45 rows=1 width=121)
	  Index Cond: (id = 1659202)

table 2 : explain SELECT c FROM sbtest2 WHERE id=1772782
	Index Scan using sbtest2_pkey on sbtest2  (cost=0.43..8.45 rows=1 width=121)
	  Index Cond: (id = 1772782)

table 3 : explain SELECT c FROM sbtest3 WHERE id=6242930
	Index Scan using sbtest3_pkey on sbtest3  (cost=0.43..8.45 rows=1 width=121)
	  Index Cond: (id = 6242930)

table 4 : explain SELECT c FROM sbtest4 WHERE id=7836951
	Index Scan using sbtest4_pkey on sbtest4  (cost=0.43..8.45 rows=1 width=121)
	  Index Cond: (id = 7836951)

table 5 : explain SELECT c FROM sbtest5 WHERE id=3570152
	Index Scan using sbtest5_pkey on sbtest5  (cost=0.43..8.45 rows=1 width=121)
	  Index Cond: (id = 3570152)

table 6 : explain SELECT c FROM sbtest6 WHERE id=8483995
	Index Scan using sbtest6_pkey on sbtest6  (cost=0.43..8.45 rows=1 width=121)
	  Index Cond: (id = 8483995)

table 7 : explain SELECT c FROM sbtest7 WHERE id=1691303
	Index Scan using sbtest7_pkey on sbtest7  (cost=0.43..8.45 rows=1 width=121)
	  Index Cond: (id = 1691303)

table 8 : explain SELECT c FROM sbtest8 WHERE id=7855490
	Index Scan using sbtest8_pkey on sbtest8  (cost=0.43..8.45 rows=1 width=121)
	  Index Cond: (id = 7855490)

for: distinct_ranges
table 1 : explain SELECT DISTINCT c FROM sbtest1 WHERE id BETWEEN 5139346 AND 5140345 ORDER BY c
	Unique  (cost=3687.46..3692.15 rows=938 width=121)
	  ->  Sort  (cost=3687.46..3689.80 rows=938 width=121)
	        Sort Key: c
	        ->  Bitmap Heap Scan on sbtest1  (cost=34.05..3641.15 rows=938 width=121)
	              Recheck Cond: ((id >= 5139346) AND (id <= 5140345))
	              ->  Bitmap Index Scan on sbtest1_pkey  (cost=0.00..33.82 rows=938 width=0)
	                    Index Cond: ((id >= 5139346) AND (id <= 5140345))

table 2 : explain SELECT DISTINCT c FROM sbtest2 WHERE id BETWEEN 1455497 AND 1456496 ORDER BY c
	Unique  (cost=4028.60..4033.73 rows=1026 width=121)
	  ->  Sort  (cost=4028.60..4031.16 rows=1026 width=121)
	        Sort Key: c
	        ->  Bitmap Heap Scan on sbtest2  (cost=34.95..3977.28 rows=1026 width=121)
	              Recheck Cond: ((id >= 1455497) AND (id <= 1456496))
	              ->  Bitmap Index Scan on sbtest2_pkey  (cost=0.00..34.70 rows=1026 width=0)
	                    Index Cond: ((id >= 1455497) AND (id <= 1456496))

table 3 : explain SELECT DISTINCT c FROM sbtest3 WHERE id BETWEEN 6984612 AND 6985611 ORDER BY c
	Unique  (cost=4050.62..4055.78 rows=1032 width=121)
	  ->  Sort  (cost=4050.62..4053.20 rows=1032 width=121)
	        Sort Key: c
	        ->  Bitmap Heap Scan on sbtest3  (cost=35.01..3998.96 rows=1032 width=121)
	              Recheck Cond: ((id >= 6984612) AND (id <= 6985611))
	              ->  Bitmap Index Scan on sbtest3_pkey  (cost=0.00..34.76 rows=1032 width=0)
	                    Index Cond: ((id >= 6984612) AND (id <= 6985611))

table 4 : explain SELECT DISTINCT c FROM sbtest4 WHERE id BETWEEN 3734911 AND 3735910 ORDER BY c
	Unique  (cost=4197.12..4202.43 rows=1061 width=121)
	  ->  Sort  (cost=4197.12..4199.77 rows=1061 width=121)
	        Sort Key: c
	        ->  Index Scan using sbtest4_pkey on sbtest4  (cost=0.43..4143.80 rows=1061 width=121)
	              Index Cond: ((id >= 3734911) AND (id <= 3735910))

table 5 : explain SELECT DISTINCT c FROM sbtest5 WHERE id BETWEEN 2199183 AND 2200182 ORDER BY c
	Unique  (cost=4050.23..4055.38 rows=1031 width=121)
	  ->  Sort  (cost=4050.23..4052.80 rows=1031 width=121)
	        Sort Key: c
	        ->  Bitmap Heap Scan on sbtest5  (cost=35.00..3998.63 rows=1031 width=121)
	              Recheck Cond: ((id >= 2199183) AND (id <= 2200182))
	              ->  Bitmap Index Scan on sbtest5_pkey  (cost=0.00..34.75 rows=1031 width=0)
	                    Index Cond: ((id >= 2199183) AND (id <= 2200182))

table 6 : explain SELECT DISTINCT c FROM sbtest6 WHERE id BETWEEN 8332951 AND 8333950 ORDER BY c
	Unique  (cost=4269.00..4274.44 rows=1088 width=121)
	  ->  Sort  (cost=4269.00..4271.72 rows=1088 width=121)
	        Sort Key: c
	        ->  Bitmap Heap Scan on sbtest6  (cost=35.59..4214.12 rows=1088 width=121)
	              Recheck Cond: ((id >= 8332951) AND (id <= 8333950))
	              ->  Bitmap Index Scan on sbtest6_pkey  (cost=0.00..35.32 rows=1088 width=0)
	                    Index Cond: ((id >= 8332951) AND (id <= 8333950))

table 7 : explain SELECT DISTINCT c FROM sbtest7 WHERE id BETWEEN 5914944 AND 5915943 ORDER BY c
	Unique  (cost=3775.50..3780.26 rows=951 width=121)
	  ->  Sort  (cost=3775.50..3777.88 rows=951 width=121)
	        Sort Key: c
	        ->  Index Scan using sbtest7_pkey on sbtest7  (cost=0.43..3728.46 rows=951 width=121)
	              Index Cond: ((id >= 5914944) AND (id <= 5915943))

table 8 : explain SELECT DISTINCT c FROM sbtest8 WHERE id BETWEEN 7266168 AND 7267167 ORDER BY c
	Unique  (cost=4215.56..4220.93 rows=1074 width=121)
	  ->  Sort  (cost=4215.56..4218.24 rows=1074 width=121)
	        Sort Key: c
	        ->  Bitmap Heap Scan on sbtest8  (cost=35.44..4161.49 rows=1074 width=121)
	              Recheck Cond: ((id >= 7266168) AND (id <= 7267167))
	              ->  Bitmap Index Scan on sbtest8_pkey  (cost=0.00..35.18 rows=1074 width=0)
	                    Index Cond: ((id >= 7266168) AND (id <= 7267167))

for point_selects
table 1 : explain SELECT c FROM sbtest1 WHERE id=1606066
	Index Scan using sbtest1_pkey on sbtest1  (cost=0.43..8.45 rows=1 width=121)
	  Index Cond: (id = 1606066)

table 2 : explain SELECT c FROM sbtest2 WHERE id=638680
	Index Scan using sbtest2_pkey on sbtest2  (cost=0.43..8.45 rows=1 width=121)
	  Index Cond: (id = 638680)

table 3 : explain SELECT c FROM sbtest3 WHERE id=4833081
	Index Scan using sbtest3_pkey on sbtest3  (cost=0.43..8.45 rows=1 width=121)
	  Index Cond: (id = 4833081)

table 4 : explain SELECT c FROM sbtest4 WHERE id=4481262
	Index Scan using sbtest4_pkey on sbtest4  (cost=0.43..8.45 rows=1 width=121)
	  Index Cond: (id = 4481262)

table 5 : explain SELECT c FROM sbtest5 WHERE id=1622859
	Index Scan using sbtest5_pkey on sbtest5  (cost=0.43..8.45 rows=1 width=121)
	  Index Cond: (id = 1622859)

table 6 : explain SELECT c FROM sbtest6 WHERE id=4315069
	Index Scan using sbtest6_pkey on sbtest6  (cost=0.43..8.45 rows=1 width=121)
	  Index Cond: (id = 4315069)

table 7 : explain SELECT c FROM sbtest7 WHERE id=3853255
	Index Scan using sbtest7_pkey on sbtest7  (cost=0.43..8.45 rows=1 width=121)
	  Index Cond: (id = 3853255)

table 8 : explain SELECT c FROM sbtest8 WHERE id=8448045
	Index Scan using sbtest8_pkey on sbtest8  (cost=0.43..8.45 rows=1 width=121)
	  Index Cond: (id = 8448045)

for: distinct_ranges
table 1 : explain SELECT DISTINCT c FROM sbtest1 WHERE id BETWEEN 8979199 AND 8980198 ORDER BY c
	Unique  (cost=3748.78..3753.55 rows=954 width=121)
	  ->  Sort  (cost=3748.78..3751.17 rows=954 width=121)
	        Sort Key: c
	        ->  Bitmap Heap Scan on sbtest1  (cost=34.21..3701.57 rows=954 width=121)
	              Recheck Cond: ((id >= 8979199) AND (id <= 8980198))
	              ->  Bitmap Index Scan on sbtest1_pkey  (cost=0.00..33.98 rows=954 width=0)
	                    Index Cond: ((id >= 8979199) AND (id <= 8980198))

table 2 : explain SELECT DISTINCT c FROM sbtest2 WHERE id BETWEEN 4062635 AND 4063634 ORDER BY c
	Unique  (cost=3794.80..3799.62 rows=965 width=121)
	  ->  Sort  (cost=3794.80..3797.21 rows=965 width=121)
	        Sort Key: c
	        ->  Bitmap Heap Scan on sbtest2  (cost=34.33..3746.96 rows=965 width=121)
	              Recheck Cond: ((id >= 4062635) AND (id <= 4063634))
	              ->  Bitmap Index Scan on sbtest2_pkey  (cost=0.00..34.09 rows=965 width=0)
	                    Index Cond: ((id >= 4062635) AND (id <= 4063634))

table 3 : explain SELECT DISTINCT c FROM sbtest3 WHERE id BETWEEN 6391836 AND 6392835 ORDER BY c
	Unique  (cost=3970.22..3975.28 rows=1011 width=121)
	  ->  Sort  (cost=3970.22..3972.75 rows=1011 width=121)
	        Sort Key: c
	        ->  Bitmap Heap Scan on sbtest3  (cost=34.80..3919.77 rows=1011 width=121)
	              Recheck Cond: ((id >= 6391836) AND (id <= 6392835))
	              ->  Bitmap Index Scan on sbtest3_pkey  (cost=0.00..34.55 rows=1011 width=0)
	                    Index Cond: ((id >= 6391836) AND (id <= 6392835))

table 4 : explain SELECT DISTINCT c FROM sbtest4 WHERE id BETWEEN 2917949 AND 2918948 ORDER BY c
	Unique  (cost=3676.65..3681.30 rows=929 width=121)
	  ->  Sort  (cost=3676.65..3678.97 rows=929 width=121)
	        Sort Key: c
	        ->  Index Scan using sbtest4_pkey on sbtest4  (cost=0.43..3630.85 rows=929 width=121)
	              Index Cond: ((id >= 2917949) AND (id <= 2918948))

table 5 : explain SELECT DISTINCT c FROM sbtest5 WHERE id BETWEEN 2334519 AND 2335518 ORDER BY c
	Unique  (cost=3797.05..3801.87 rows=965 width=121)
	  ->  Sort  (cost=3797.05..3799.46 rows=965 width=121)
	        Sort Key: c
	        ->  Bitmap Heap Scan on sbtest5  (cost=34.33..3749.21 rows=965 width=121)
	              Recheck Cond: ((id >= 2334519) AND (id <= 2335518))
	              ->  Bitmap Index Scan on sbtest5_pkey  (cost=0.00..34.09 rows=965 width=0)
	                    Index Cond: ((id >= 2334519) AND (id <= 2335518))

table 6 : explain SELECT DISTINCT c FROM sbtest6 WHERE id BETWEEN 6522761 AND 6523760 ORDER BY c
	Unique  (cost=4023.87..4028.99 rows=1024 width=121)
	  ->  Sort  (cost=4023.87..4026.43 rows=1024 width=121)
	        Sort Key: c
	        ->  Bitmap Heap Scan on sbtest6  (cost=34.93..3972.67 rows=1024 width=121)
	              Recheck Cond: ((id >= 6522761) AND (id <= 6523760))
	              ->  Bitmap Index Scan on sbtest6_pkey  (cost=0.00..34.68 rows=1024 width=0)
	                    Index Cond: ((id >= 6522761) AND (id <= 6523760))

table 7 : explain SELECT DISTINCT c FROM sbtest7 WHERE id BETWEEN 5035213 AND 5036212 ORDER BY c
	Unique  (cost=3724.06..3728.75 rows=938 width=121)
	  ->  Sort  (cost=3724.06..3726.41 rows=938 width=121)
	        Sort Key: c
	        ->  Index Scan using sbtest7_pkey on sbtest7  (cost=0.43..3677.76 rows=938 width=121)
	              Index Cond: ((id >= 5035213) AND (id <= 5036212))

table 8 : explain SELECT DISTINCT c FROM sbtest8 WHERE id BETWEEN 704984 AND 705983 ORDER BY c
	Unique  (cost=4020.17..4025.28 rows=1023 width=121)
	  ->  Sort  (cost=4020.17..4022.73 rows=1023 width=121)
	        Sort Key: c
	        ->  Bitmap Heap Scan on sbtest8  (cost=34.92..3969.02 rows=1023 width=121)
	              Recheck Cond: ((id >= 704984) AND (id <= 705983))
	              ->  Bitmap Index Scan on sbtest8_pkey  (cost=0.00..34.67 rows=1023 width=0)
	                    Index Cond: ((id >= 704984) AND (id <= 705983))

explain: for point_selects :: explain SELECT c FROM sbtest%u WHERE id=%u
for: order_ranges
table 1 : explain SELECT c FROM sbtest1 WHERE id BETWEEN 9034935 AND 9035934 ORDER BY c
	Sort  (cost=4119.89..4122.52 rows=1051 width=121)
	  Sort Key: c
	  ->  Bitmap Heap Scan on sbtest1  (cost=35.21..4067.14 rows=1051 width=121)
	        Recheck Cond: ((id >= 9034935) AND (id <= 9035934))
	        ->  Bitmap Index Scan on sbtest1_pkey  (cost=0.00..34.95 rows=1051 width=0)
	              Index Cond: ((id >= 9034935) AND (id <= 9035934))

table 2 : explain SELECT c FROM sbtest2 WHERE id BETWEEN 977618 AND 978617 ORDER BY c
	Sort  (cost=4361.49..4364.27 rows=1112 width=121)
	  Sort Key: c
	  ->  Bitmap Heap Scan on sbtest2  (cost=39.83..4305.23 rows=1112 width=121)
	        Recheck Cond: ((id >= 977618) AND (id <= 978617))
	        ->  Bitmap Index Scan on sbtest2_pkey  (cost=0.00..39.56 rows=1112 width=0)
	              Index Cond: ((id >= 977618) AND (id <= 978617))

table 3 : explain SELECT c FROM sbtest3 WHERE id BETWEEN 3240395 AND 3241394 ORDER BY c
	Sort  (cost=4062.10..4064.69 rows=1035 width=121)
	  Sort Key: c
	  ->  Bitmap Heap Scan on sbtest3  (cost=35.04..4010.27 rows=1035 width=121)
	        Recheck Cond: ((id >= 3240395) AND (id <= 3241394))
	        ->  Bitmap Index Scan on sbtest3_pkey  (cost=0.00..34.79 rows=1035 width=0)
	              Index Cond: ((id >= 3240395) AND (id <= 3241394))

table 4 : explain SELECT c FROM sbtest4 WHERE id BETWEEN 3598397 AND 3599396 ORDER BY c
	Sort  (cost=3779.13..3781.52 rows=955 width=121)
	  Sort Key: c
	  ->  Index Scan using sbtest4_pkey on sbtest4  (cost=0.43..3731.86 rows=955 width=121)
	        Index Cond: ((id >= 3598397) AND (id <= 3599396))

table 5 : explain SELECT c FROM sbtest5 WHERE id BETWEEN 7278141 AND 7279140 ORDER BY c
	Sort  (cost=3758.64..3761.03 rows=955 width=121)
	  Sort Key: c
	  ->  Bitmap Heap Scan on sbtest5  (cost=34.22..3711.37 rows=955 width=121)
	        Recheck Cond: ((id >= 7278141) AND (id <= 7279140))
	        ->  Bitmap Index Scan on sbtest5_pkey  (cost=0.00..33.98 rows=955 width=0)
	              Index Cond: ((id >= 7278141) AND (id <= 7279140))

table 6 : explain SELECT c FROM sbtest6 WHERE id BETWEEN 8494256 AND 8495255 ORDER BY c
	Sort  (cost=3889.62..3892.09 rows=989 width=121)
	  Sort Key: c
	  ->  Bitmap Heap Scan on sbtest6  (cost=34.57..3840.42 rows=989 width=121)
	        Recheck Cond: ((id >= 8494256) AND (id <= 8495255))
	        ->  Bitmap Index Scan on sbtest6_pkey  (cost=0.00..34.33 rows=989 width=0)
	              Index Cond: ((id >= 8494256) AND (id <= 8495255))

table 7 : explain SELECT c FROM sbtest7 WHERE id BETWEEN 3532533 AND 3533532 ORDER BY c
	Sort  (cost=4058.59..4061.17 rows=1033 width=121)
	  Sort Key: c
	  ->  Bitmap Heap Scan on sbtest7  (cost=35.02..4006.87 rows=1033 width=121)
	        Recheck Cond: ((id >= 3532533) AND (id <= 3533532))
	        ->  Bitmap Index Scan on sbtest7_pkey  (cost=0.00..34.77 rows=1033 width=0)
	              Index Cond: ((id >= 3532533) AND (id <= 3533532))

table 8 : explain SELECT c FROM sbtest8 WHERE id BETWEEN 9988493 AND 9989492 ORDER BY c
	Sort  (cost=3908.93..3911.42 rows=994 width=121)
	  Sort Key: c
	  ->  Bitmap Heap Scan on sbtest8  (cost=34.62..3859.44 rows=994 width=121)
	        Recheck Cond: ((id >= 9988493) AND (id <= 9989492))
	        ->  Bitmap Index Scan on sbtest8_pkey  (cost=0.00..34.38 rows=994 width=0)
	              Index Cond: ((id >= 9988493) AND (id <= 9989492))

for point_selects
table 1 : explain SELECT c FROM sbtest1 WHERE id=3892527
	Index Scan using sbtest1_pkey on sbtest1  (cost=0.43..8.45 rows=1 width=121)
	  Index Cond: (id = 3892527)

table 2 : explain SELECT c FROM sbtest2 WHERE id=1508634
	Index Scan using sbtest2_pkey on sbtest2  (cost=0.43..8.45 rows=1 width=121)
	  Index Cond: (id = 1508634)

table 3 : explain SELECT c FROM sbtest3 WHERE id=6602682
	Index Scan using sbtest3_pkey on sbtest3  (cost=0.43..8.45 rows=1 width=121)
	  Index Cond: (id = 6602682)

table 4 : explain SELECT c FROM sbtest4 WHERE id=9789630
	Index Scan using sbtest4_pkey on sbtest4  (cost=0.43..8.45 rows=1 width=121)
	  Index Cond: (id = 9789630)

table 5 : explain SELECT c FROM sbtest5 WHERE id=9576101
	Index Scan using sbtest5_pkey on sbtest5  (cost=0.43..8.45 rows=1 width=121)
	  Index Cond: (id = 9576101)

table 6 : explain SELECT c FROM sbtest6 WHERE id=3263536
	Index Scan using sbtest6_pkey on sbtest6  (cost=0.43..8.45 rows=1 width=121)
	  Index Cond: (id = 3263536)

table 7 : explain SELECT c FROM sbtest7 WHERE id=7459908
	Index Scan using sbtest7_pkey on sbtest7  (cost=0.43..8.45 rows=1 width=121)
	  Index Cond: (id = 7459908)

table 8 : explain SELECT c FROM sbtest8 WHERE id=5671389
	Index Scan using sbtest8_pkey on sbtest8  (cost=0.43..8.45 rows=1 width=121)
	  Index Cond: (id = 5671389)

for: simple_ranges
table 1 : explain SELECT c FROM sbtest1 WHERE id BETWEEN 5011933 AND 5012932
	Bitmap Heap Scan on sbtest1  (cost=34.86..3939.14 rows=1017 width=121)
	  Recheck Cond: ((id >= 5011933) AND (id <= 5012932))
	  ->  Bitmap Index Scan on sbtest1_pkey  (cost=0.00..34.61 rows=1017 width=0)
	        Index Cond: ((id >= 5011933) AND (id <= 5012932))

table 2 : explain SELECT c FROM sbtest2 WHERE id BETWEEN 9263143 AND 9264142
	Bitmap Heap Scan on sbtest2  (cost=29.48..3428.80 rows=882 width=121)
	  Recheck Cond: ((id >= 9263143) AND (id <= 9264142))
	  ->  Bitmap Index Scan on sbtest2_pkey  (cost=0.00..29.25 rows=882 width=0)
	        Index Cond: ((id >= 9263143) AND (id <= 9264142))

table 3 : explain SELECT c FROM sbtest3 WHERE id BETWEEN 8130480 AND 8131479
	Bitmap Heap Scan on sbtest3  (cost=34.20..3700.75 rows=953 width=121)
	  Recheck Cond: ((id >= 8130480) AND (id <= 8131479))
	  ->  Bitmap Index Scan on sbtest3_pkey  (cost=0.00..33.97 rows=953 width=0)
	        Index Cond: ((id >= 8130480) AND (id <= 8131479))

table 4 : explain SELECT c FROM sbtest4 WHERE id BETWEEN 1780192 AND 1781191
	Index Scan using sbtest4_pkey on sbtest4  (cost=0.43..4524.76 rows=1159 width=121)
	  Index Cond: ((id >= 1780192) AND (id <= 1781191))

table 5 : explain SELECT c FROM sbtest5 WHERE id BETWEEN 2458352 AND 2459351
	Bitmap Heap Scan on sbtest5  (cost=34.80..3923.10 rows=1011 width=121)
	  Recheck Cond: ((id >= 2458352) AND (id <= 2459351))
	  ->  Bitmap Index Scan on sbtest5_pkey  (cost=0.00..34.55 rows=1011 width=0)
	        Index Cond: ((id >= 2458352) AND (id <= 2459351))

table 6 : explain SELECT c FROM sbtest6 WHERE id BETWEEN 777875 AND 778874
	Bitmap Heap Scan on sbtest6  (cost=29.71..3518.38 rows=905 width=121)
	  Recheck Cond: ((id >= 777875) AND (id <= 778874))
	  ->  Bitmap Index Scan on sbtest6_pkey  (cost=0.00..29.48 rows=905 width=0)
	        Index Cond: ((id >= 777875) AND (id <= 778874))

table 7 : explain SELECT c FROM sbtest7 WHERE id BETWEEN 7403145 AND 7404144
	Index Scan using sbtest7_pkey on sbtest7  (cost=0.43..3899.99 rows=995 width=121)
	  Index Cond: ((id >= 7403145) AND (id <= 7404144))

table 8 : explain SELECT c FROM sbtest8 WHERE id BETWEEN 6854055 AND 6855054
	Index Scan using sbtest8_pkey on sbtest8  (cost=0.43..3568.86 rows=910 width=121)
	  Index Cond: ((id >= 6854055) AND (id <= 6855054))

explain: for point_selects :: explain SELECT c FROM sbtest%u WHERE id=%u
for: simple_ranges
table 1 : explain SELECT c FROM sbtest1 WHERE id BETWEEN 9060716 AND 9061715
	Bitmap Heap Scan on sbtest1  (cost=35.21..4067.14 rows=1051 width=121)
	  Recheck Cond: ((id >= 9060716) AND (id <= 9061715))
	  ->  Bitmap Index Scan on sbtest1_pkey  (cost=0.00..34.95 rows=1051 width=0)
	        Index Cond: ((id >= 9060716) AND (id <= 9061715))

table 2 : explain SELECT c FROM sbtest2 WHERE id BETWEEN 6872729 AND 6873728
	Bitmap Heap Scan on sbtest2  (cost=34.09..3659.99 rows=942 width=121)
	  Recheck Cond: ((id >= 6872729) AND (id <= 6873728))
	  ->  Bitmap Index Scan on sbtest2_pkey  (cost=0.00..33.86 rows=942 width=0)
	        Index Cond: ((id >= 6872729) AND (id <= 6873728))

table 3 : explain SELECT c FROM sbtest3 WHERE id BETWEEN 5250391 AND 5251390
	Bitmap Heap Scan on sbtest3  (cost=34.99..3991.42 rows=1030 width=121)
	  Recheck Cond: ((id >= 5250391) AND (id <= 5251390))
	  ->  Bitmap Index Scan on sbtest3_pkey  (cost=0.00..34.73 rows=1030 width=0)
	        Index Cond: ((id >= 5250391) AND (id <= 5251390))

table 4 : explain SELECT c FROM sbtest4 WHERE id BETWEEN 3631674 AND 3632673
	Index Scan using sbtest4_pkey on sbtest4  (cost=0.43..3996.14 rows=1023 width=121)
	  Index Cond: ((id >= 3631674) AND (id <= 3632673))

table 5 : explain SELECT c FROM sbtest5 WHERE id BETWEEN 703777 AND 704776
	Bitmap Heap Scan on sbtest5  (cost=35.41..4149.53 rows=1071 width=121)
	  Recheck Cond: ((id >= 703777) AND (id <= 704776))
	  ->  Bitmap Index Scan on sbtest5_pkey  (cost=0.00..35.15 rows=1071 width=0)
	        Index Cond: ((id >= 703777) AND (id <= 704776))

table 6 : explain SELECT c FROM sbtest6 WHERE id BETWEEN 1970827 AND 1971826
	Bitmap Heap Scan on sbtest6  (cost=34.52..3821.51 rows=984 width=121)
	  Recheck Cond: ((id >= 1970827) AND (id <= 1971826))
	  ->  Bitmap Index Scan on sbtest6_pkey  (cost=0.00..34.28 rows=984 width=0)
	        Index Cond: ((id >= 1970827) AND (id <= 1971826))

table 7 : explain SELECT c FROM sbtest7 WHERE id BETWEEN 5967811 AND 5968810
	Index Scan using sbtest7_pkey on sbtest7  (cost=0.43..3728.46 rows=951 width=121)
	  Index Cond: ((id >= 5967811) AND (id <= 5968810))

table 8 : explain SELECT c FROM sbtest8 WHERE id BETWEEN 4131024 AND 4132023
	Index Scan using sbtest8_pkey on sbtest8  (cost=0.43..3740.70 rows=953 width=121)
	  Index Cond: ((id >= 4131024) AND (id <= 4132023))

for: order_ranges
table 1 : explain SELECT c FROM sbtest1 WHERE id BETWEEN 4685412 AND 4686411 ORDER BY c
	Sort  (cost=3649.12..3651.44 rows=928 width=121)
	  Sort Key: c
	  ->  Bitmap Heap Scan on sbtest1  (cost=33.95..3603.37 rows=928 width=121)
	        Recheck Cond: ((id >= 4685412) AND (id <= 4686411))
	        ->  Bitmap Index Scan on sbtest1_pkey  (cost=0.00..33.72 rows=928 width=0)
	              Index Cond: ((id >= 4685412) AND (id <= 4686411))

table 2 : explain SELECT c FROM sbtest2 WHERE id BETWEEN 305121 AND 306120 ORDER BY c
	Sort  (cost=3921.33..3923.83 rows=998 width=121)
	  Sort Key: c
	  ->  Bitmap Heap Scan on sbtest2  (cost=34.66..3871.62 rows=998 width=121)
	        Recheck Cond: ((id >= 305121) AND (id <= 306120))
	        ->  Bitmap Index Scan on sbtest2_pkey  (cost=0.00..34.42 rows=998 width=0)
	              Index Cond: ((id >= 305121) AND (id <= 306120))

table 3 : explain SELECT c FROM sbtest3 WHERE id BETWEEN 643488 AND 644487 ORDER BY c
	Sort  (cost=3885.94..3888.42 rows=989 width=121)
	  Sort Key: c
	  ->  Bitmap Heap Scan on sbtest3  (cost=34.57..3836.74 rows=989 width=121)
	        Recheck Cond: ((id >= 643488) AND (id <= 644487))
	        ->  Bitmap Index Scan on sbtest3_pkey  (cost=0.00..34.33 rows=989 width=0)
	              Index Cond: ((id >= 643488) AND (id <= 644487))

table 4 : explain SELECT c FROM sbtest4 WHERE id BETWEEN 5374673 AND 5375672 ORDER BY c
	Sort  (cost=4122.18..4124.79 rows=1042 width=121)
	  Sort Key: c
	  ->  Index Scan using sbtest4_pkey on sbtest4  (cost=0.43..4069.95 rows=1042 width=121)
	        Index Cond: ((id >= 5374673) AND (id <= 5375672))

table 5 : explain SELECT c FROM sbtest5 WHERE id BETWEEN 5004050 AND 5005049 ORDER BY c
	Sort  (cost=3731.75..3734.12 rows=948 width=121)
	  Sort Key: c
	  ->  Bitmap Heap Scan on sbtest5  (cost=34.15..3684.88 rows=948 width=121)
	        Recheck Cond: ((id >= 5004050) AND (id <= 5005049))
	        ->  Bitmap Index Scan on sbtest5_pkey  (cost=0.00..33.92 rows=948 width=0)
	              Index Cond: ((id >= 5004050) AND (id <= 5005049))

table 6 : explain SELECT c FROM sbtest6 WHERE id BETWEEN 1128791 AND 1129790 ORDER BY c
	Sort  (cost=3697.58..3699.93 rows=939 width=121)
	  Sort Key: c
	  ->  Bitmap Heap Scan on sbtest6  (cost=34.06..3651.22 rows=939 width=121)
	        Recheck Cond: ((id >= 1128791) AND (id <= 1129790))
	        ->  Bitmap Index Scan on sbtest6_pkey  (cost=0.00..33.83 rows=939 width=0)
	              Index Cond: ((id >= 1128791) AND (id <= 1129790))

table 7 : explain SELECT c FROM sbtest7 WHERE id BETWEEN 387044 AND 388043 ORDER BY c
	Sort  (cost=3779.46..3781.84 rows=952 width=121)
	  Sort Key: c
	  ->  Index Scan using sbtest7_pkey on sbtest7  (cost=0.43..3732.36 rows=952 width=121)
	        Index Cond: ((id >= 387044) AND (id <= 388043))

table 8 : explain SELECT c FROM sbtest8 WHERE id BETWEEN 8213275 AND 8214274 ORDER BY c
	Sort  (cost=3977.99..3980.52 rows=1012 width=121)
	  Sort Key: c
	  ->  Bitmap Heap Scan on sbtest8  (cost=34.81..3927.47 rows=1012 width=121)
	        Recheck Cond: ((id >= 8213275) AND (id <= 8214274))
	        ->  Bitmap Index Scan on sbtest8_pkey  (cost=0.00..34.56 rows=1012 width=0)
	              Index Cond: ((id >= 8213275) AND (id <= 8214274))

explain: for point_selects :: explain SELECT c FROM sbtest%u WHERE id=%u
for: simple_ranges
table 1 : explain SELECT c FROM sbtest1 WHERE id BETWEEN 6147757 AND 6148756
	Bitmap Heap Scan on sbtest1  (cost=34.66..3867.55 rows=998 width=121)
	  Recheck Cond: ((id >= 6147757) AND (id <= 6148756))
	  ->  Bitmap Index Scan on sbtest1_pkey  (cost=0.00..34.42 rows=998 width=0)
	        Index Cond: ((id >= 6147757) AND (id <= 6148756))

table 2 : explain SELECT c FROM sbtest2 WHERE id BETWEEN 9249179 AND 9250178
	Bitmap Heap Scan on sbtest2  (cost=29.48..3428.80 rows=882 width=121)
	  Recheck Cond: ((id >= 9249179) AND (id <= 9250178))
	  ->  Bitmap Index Scan on sbtest2_pkey  (cost=0.00..29.25 rows=882 width=0)
	        Index Cond: ((id >= 9249179) AND (id <= 9250178))

table 3 : explain SELECT c FROM sbtest3 WHERE id BETWEEN 9039443 AND 9040442
	Bitmap Heap Scan on sbtest3  (cost=34.34..3749.88 rows=966 width=121)
	  Recheck Cond: ((id >= 9039443) AND (id <= 9040442))
	  ->  Bitmap Index Scan on sbtest3_pkey  (cost=0.00..34.09 rows=966 width=0)
	        Index Cond: ((id >= 9039443) AND (id <= 9040442))

table 4 : explain SELECT c FROM sbtest4 WHERE id BETWEEN 8583511 AND 8584510
	Index Scan using sbtest4_pkey on sbtest4  (cost=0.43..3762.98 rows=963 width=121)
	  Index Cond: ((id >= 8583511) AND (id <= 8584510))

table 5 : explain SELECT c FROM sbtest5 WHERE id BETWEEN 1444022 AND 1445021
	Bitmap Heap Scan on sbtest5  (cost=34.84..3938.21 rows=1015 width=121)
	  Recheck Cond: ((id >= 1444022) AND (id <= 1445021))
	  ->  Bitmap Index Scan on sbtest5_pkey  (cost=0.00..34.59 rows=1015 width=0)
	        Index Cond: ((id >= 1444022) AND (id <= 1445021))

table 6 : explain SELECT c FROM sbtest6 WHERE id BETWEEN 3729798 AND 3730797
	Bitmap Heap Scan on sbtest6  (cost=34.81..3927.34 rows=1012 width=121)
	  Recheck Cond: ((id >= 3729798) AND (id <= 3730797))
	  ->  Bitmap Index Scan on sbtest6_pkey  (cost=0.00..34.56 rows=1012 width=0)
	        Index Cond: ((id >= 3729798) AND (id <= 3730797))

table 7 : explain SELECT c FROM sbtest7 WHERE id BETWEEN 1051661 AND 1052660
	Index Scan using sbtest7_pkey on sbtest7  (cost=0.43..3580.28 rows=913 width=121)
	  Index Cond: ((id >= 1051661) AND (id <= 1052660))

table 8 : explain SELECT c FROM sbtest8 WHERE id BETWEEN 3927086 AND 3928085
	Bitmap Heap Scan on sbtest8  (cost=35.32..4116.23 rows=1062 width=121)
	  Recheck Cond: ((id >= 3927086) AND (id <= 3928085))
	  ->  Bitmap Index Scan on sbtest8_pkey  (cost=0.00..35.06 rows=1062 width=0)
	        Index Cond: ((id >= 3927086) AND (id <= 3928085))

for: distinct_ranges
table 1 : explain SELECT DISTINCT c FROM sbtest1 WHERE id BETWEEN 5682465 AND 5683464 ORDER BY c
	Unique  (cost=4337.63..4343.17 rows=1107 width=121)
	  ->  Sort  (cost=4337.63..4340.40 rows=1107 width=121)
	        Sort Key: c
	        ->  Bitmap Heap Scan on sbtest1  (cost=39.78..4281.66 rows=1107 width=121)
	              Recheck Cond: ((id >= 5682465) AND (id <= 5683464))
	              ->  Bitmap Index Scan on sbtest1_pkey  (cost=0.00..39.51 rows=1107 width=0)
	                    Index Cond: ((id >= 5682465) AND (id <= 5683464))

table 2 : explain SELECT DISTINCT c FROM sbtest2 WHERE id BETWEEN 3049630 AND 3050629 ORDER BY c
	Unique  (cost=3913.67..3918.65 rows=996 width=121)
	  ->  Sort  (cost=3913.67..3916.16 rows=996 width=121)
	        Sort Key: c
	        ->  Bitmap Heap Scan on sbtest2  (cost=34.64..3864.07 rows=996 width=121)
	              Recheck Cond: ((id >= 3049630) AND (id <= 3050629))
	              ->  Bitmap Index Scan on sbtest2_pkey  (cost=0.00..34.40 rows=996 width=0)
	                    Index Cond: ((id >= 3049630) AND (id <= 3050629))

table 3 : explain SELECT DISTINCT c FROM sbtest3 WHERE id BETWEEN 1969993 AND 1970992 ORDER BY c
	Unique  (cost=3912.77..3917.75 rows=996 width=121)
	  ->  Sort  (cost=3912.77..3915.26 rows=996 width=121)
	        Sort Key: c
	        ->  Bitmap Heap Scan on sbtest3  (cost=34.64..3863.17 rows=996 width=121)
	              Recheck Cond: ((id >= 1969993) AND (id <= 1970992))
	              ->  Bitmap Index Scan on sbtest3_pkey  (cost=0.00..34.40 rows=996 width=0)
	                    Index Cond: ((id >= 1969993) AND (id <= 1970992))

table 4 : explain SELECT DISTINCT c FROM sbtest4 WHERE id BETWEEN 5757704 AND 5758703 ORDER BY c
	Unique  (cost=4130.07..4135.29 rows=1044 width=121)
	  ->  Sort  (cost=4130.07..4132.68 rows=1044 width=121)
	        Sort Key: c
	        ->  Index Scan using sbtest4_pkey on sbtest4  (cost=0.43..4077.72 rows=1044 width=121)
	              Index Cond: ((id >= 5757704) AND (id <= 5758703))

table 5 : explain SELECT DISTINCT c FROM sbtest5 WHERE id BETWEEN 2166345 AND 2167344 ORDER BY c
	Unique  (cost=4019.56..4024.68 rows=1023 width=121)
	  ->  Sort  (cost=4019.56..4022.12 rows=1023 width=121)
	        Sort Key: c
	        ->  Bitmap Heap Scan on sbtest5  (cost=34.92..3968.42 rows=1023 width=121)
	              Recheck Cond: ((id >= 2166345) AND (id <= 2167344))
	              ->  Bitmap Index Scan on sbtest5_pkey  (cost=0.00..34.67 rows=1023 width=0)
	                    Index Cond: ((id >= 2166345) AND (id <= 2167344))

table 6 : explain SELECT DISTINCT c FROM sbtest6 WHERE id BETWEEN 6914331 AND 6915330 ORDER BY c
	Unique  (cost=3632.22..3636.83 rows=922 width=121)
	  ->  Sort  (cost=3632.22..3634.53 rows=922 width=121)
	        Sort Key: c
	        ->  Bitmap Heap Scan on sbtest6  (cost=33.89..3586.82 rows=922 width=121)
	              Recheck Cond: ((id >= 6914331) AND (id <= 6915330))
	              ->  Bitmap Index Scan on sbtest6_pkey  (cost=0.00..33.66 rows=922 width=0)
	                    Index Cond: ((id >= 6914331) AND (id <= 6915330))

table 7 : explain SELECT DISTINCT c FROM sbtest7 WHERE id BETWEEN 7651910 AND 7652909 ORDER BY c
	Unique  (cost=3720.11..3724.79 rows=937 width=121)
	  ->  Sort  (cost=3720.11..3722.45 rows=937 width=121)
	        Sort Key: c
	        ->  Index Scan using sbtest7_pkey on sbtest7  (cost=0.43..3673.86 rows=937 width=121)
	              Index Cond: ((id >= 7651910) AND (id <= 7652909))

table 8 : explain SELECT DISTINCT c FROM sbtest8 WHERE id BETWEEN 6506674 AND 6507673 ORDER BY c
	Unique  (cost=3815.60..3820.40 rows=960 width=121)
	  ->  Sort  (cost=3815.60..3818.00 rows=960 width=121)
	        Sort Key: c
	        ->  Index Scan using sbtest8_pkey on sbtest8  (cost=0.43..3768.04 rows=960 width=121)
	              Index Cond: ((id >= 6506674) AND (id <= 6507673))

for: sum_ranges
table 1 : explain SELECT SUM(k) FROM sbtest1 WHERE id BETWEEN 3578287 AND 3579286
	Aggregate  (cost=3956.76..3956.77 rows=1 width=8)
	  ->  Bitmap Heap Scan on sbtest1  (cost=34.90..3954.21 rows=1021 width=4)
	        Recheck Cond: ((id >= 3578287) AND (id <= 3579286))
	        ->  Bitmap Index Scan on sbtest1_pkey  (cost=0.00..34.65 rows=1021 width=0)
	              Index Cond: ((id >= 3578287) AND (id <= 3579286))

table 2 : explain SELECT SUM(k) FROM sbtest2 WHERE id BETWEEN 3707532 AND 3708531
	Aggregate  (cost=4062.86..4062.87 rows=1 width=8)
	  ->  Bitmap Heap Scan on sbtest2  (cost=35.18..4060.24 rows=1048 width=4)
	        Recheck Cond: ((id >= 3707532) AND (id <= 3708531))
	        ->  Bitmap Index Scan on sbtest2_pkey  (cost=0.00..34.92 rows=1048 width=0)
	              Index Cond: ((id >= 3707532) AND (id <= 3708531))

table 3 : explain SELECT SUM(k) FROM sbtest3 WHERE id BETWEEN 7490599 AND 7491598
	Aggregate  (cost=3997.77..3997.78 rows=1 width=8)
	  ->  Bitmap Heap Scan on sbtest3  (cost=35.00..3995.19 rows=1031 width=4)
	        Recheck Cond: ((id >= 7490599) AND (id <= 7491598))
	        ->  Bitmap Index Scan on sbtest3_pkey  (cost=0.00..34.75 rows=1031 width=0)
	              Index Cond: ((id >= 7490599) AND (id <= 7491598))

table 4 : explain SELECT SUM(k) FROM sbtest4 WHERE id BETWEEN 3119141 AND 3120140
	Aggregate  (cost=3870.38..3870.39 rows=1 width=8)
	  ->  Index Scan using sbtest4_pkey on sbtest4  (cost=0.43..3867.90 rows=990 width=4)
	        Index Cond: ((id >= 3119141) AND (id <= 3120140))

table 5 : explain SELECT SUM(k) FROM sbtest5 WHERE id BETWEEN 2501056 AND 2502055
	Aggregate  (cost=3997.43..3997.44 rows=1 width=8)
	  ->  Bitmap Heap Scan on sbtest5  (cost=34.99..3994.85 rows=1030 width=4)
	        Recheck Cond: ((id >= 2501056) AND (id <= 2502055))
	        ->  Bitmap Index Scan on sbtest5_pkey  (cost=0.00..34.73 rows=1030 width=0)
	              Index Cond: ((id >= 2501056) AND (id <= 2502055))

table 6 : explain SELECT SUM(k) FROM sbtest6 WHERE id BETWEEN 3789347 AND 3790346
	Aggregate  (cost=3929.87..3929.88 rows=1 width=8)
	  ->  Bitmap Heap Scan on sbtest6  (cost=34.81..3927.34 rows=1012 width=4)
	        Recheck Cond: ((id >= 3789347) AND (id <= 3790346))
	        ->  Bitmap Index Scan on sbtest6_pkey  (cost=0.00..34.56 rows=1012 width=0)
	              Index Cond: ((id >= 3789347) AND (id <= 3790346))

table 7 : explain SELECT SUM(k) FROM sbtest7 WHERE id BETWEEN 4266888 AND 4267887
	Aggregate  (cost=3703.50..3703.51 rows=1 width=8)
	  ->  Index Scan using sbtest7_pkey on sbtest7  (cost=0.43..3701.14 rows=944 width=4)
	        Index Cond: ((id >= 4266888) AND (id <= 4267887))

table 8 : explain SELECT SUM(k) FROM sbtest8 WHERE id BETWEEN 8183861 AND 8184860
	Aggregate  (cost=3930.00..3930.01 rows=1 width=8)
	  ->  Bitmap Heap Scan on sbtest8  (cost=34.81..3927.47 rows=1012 width=4)
	        Recheck Cond: ((id >= 8183861) AND (id <= 8184860))
	        ->  Bitmap Index Scan on sbtest8_pkey  (cost=0.00..34.56 rows=1012 width=0)
	              Index Cond: ((id >= 8183861) AND (id <= 8184860))

for: distinct_ranges
table 1 : explain SELECT DISTINCT c FROM sbtest1 WHERE id BETWEEN 8258474 AND 8259473 ORDER BY c
	Unique  (cost=4012.88..4018.00 rows=1023 width=121)
	  ->  Sort  (cost=4012.88..4015.44 rows=1023 width=121)
	        Sort Key: c
	        ->  Bitmap Heap Scan on sbtest1  (cost=34.92..3961.74 rows=1023 width=121)
	              Recheck Cond: ((id >= 8258474) AND (id <= 8259473))
	              ->  Bitmap Index Scan on sbtest1_pkey  (cost=0.00..34.67 rows=1023 width=0)
	                    Index Cond: ((id >= 8258474) AND (id <= 8259473))

table 2 : explain SELECT DISTINCT c FROM sbtest2 WHERE id BETWEEN 5583642 AND 5584641 ORDER BY c
	Unique  (cost=3986.47..3991.55 rows=1015 width=121)
	  ->  Sort  (cost=3986.47..3989.01 rows=1015 width=121)
	        Sort Key: c
	        ->  Bitmap Heap Scan on sbtest2  (cost=34.84..3935.78 rows=1015 width=121)
	              Recheck Cond: ((id >= 5583642) AND (id <= 5584641))
	              ->  Bitmap Index Scan on sbtest2_pkey  (cost=0.00..34.59 rows=1015 width=0)
	                    Index Cond: ((id >= 5583642) AND (id <= 5584641))

table 3 : explain SELECT DISTINCT c FROM sbtest3 WHERE id BETWEEN 2315772 AND 2316771 ORDER BY c
	Unique  (cost=3759.42..3764.20 rows=956 width=121)
	  ->  Sort  (cost=3759.42..3761.81 rows=956 width=121)
	        Sort Key: c
	        ->  Bitmap Heap Scan on sbtest3  (cost=34.23..3712.09 rows=956 width=121)
	              Recheck Cond: ((id >= 2315772) AND (id <= 2316771))
	              ->  Bitmap Index Scan on sbtest3_pkey  (cost=0.00..34.00 rows=956 width=0)
	                    Index Cond: ((id >= 2315772) AND (id <= 2316771))

table 4 : explain SELECT DISTINCT c FROM sbtest4 WHERE id BETWEEN 1946750 AND 1947749 ORDER BY c
	Unique  (cost=3940.81..3945.79 rows=996 width=121)
	  ->  Sort  (cost=3940.81..3943.30 rows=996 width=121)
	        Sort Key: c
	        ->  Index Scan using sbtest4_pkey on sbtest4  (cost=0.43..3891.21 rows=996 width=121)
	              Index Cond: ((id >= 1946750) AND (id <= 1947749))

table 5 : explain SELECT DISTINCT c FROM sbtest5 WHERE id BETWEEN 6436569 AND 6437568 ORDER BY c
	Unique  (cost=4234.04..4239.44 rows=1079 width=121)
	  ->  Sort  (cost=4234.04..4236.74 rows=1079 width=121)
	        Sort Key: c
	        ->  Bitmap Heap Scan on sbtest5  (cost=35.49..4179.69 rows=1079 width=121)
	              Recheck Cond: ((id >= 6436569) AND (id <= 6437568))
	              ->  Bitmap Index Scan on sbtest5_pkey  (cost=0.00..35.23 rows=1079 width=0)
	                    Index Cond: ((id >= 6436569) AND (id <= 6437568))

table 6 : explain SELECT DISTINCT c FROM sbtest6 WHERE id BETWEEN 5375358 AND 5376357 ORDER BY c
	Unique  (cost=3851.23..3856.13 rows=979 width=121)
	  ->  Sort  (cost=3851.23..3853.68 rows=979 width=121)
	        Sort Key: c
	        ->  Bitmap Heap Scan on sbtest6  (cost=34.47..3802.60 rows=979 width=121)
	              Recheck Cond: ((id >= 5375358) AND (id <= 5376357))
	              ->  Bitmap Index Scan on sbtest6_pkey  (cost=0.00..34.23 rows=979 width=0)
	                    Index Cond: ((id >= 5375358) AND (id <= 5376357))

table 7 : explain SELECT DISTINCT c FROM sbtest7 WHERE id BETWEEN 2623330 AND 2624329 ORDER BY c
	Unique  (cost=4008.89..4013.94 rows=1010 width=121)
	  ->  Sort  (cost=4008.89..4011.42 rows=1010 width=121)
	        Sort Key: c
	        ->  Index Scan using sbtest7_pkey on sbtest7  (cost=0.43..3958.49 rows=1010 width=121)
	              Index Cond: ((id >= 2623330) AND (id <= 2624329))

table 8 : explain SELECT DISTINCT c FROM sbtest8 WHERE id BETWEEN 6799890 AND 6800889 ORDER BY c
	Unique  (cost=3912.77..3917.74 rows=995 width=121)
	  ->  Sort  (cost=3912.77..3915.26 rows=995 width=121)
	        Sort Key: c
	        ->  Bitmap Heap Scan on sbtest8  (cost=34.63..3863.23 rows=995 width=121)
	              Recheck Cond: ((id >= 6799890) AND (id <= 6800889))
	              ->  Bitmap Index Scan on sbtest8_pkey  (cost=0.00..34.39 rows=995 width=0)
	                    Index Cond: ((id >= 6799890) AND (id <= 6800889))

for: sum_ranges
table 1 : explain SELECT SUM(k) FROM sbtest1 WHERE id BETWEEN 4643406 AND 4644405
	Aggregate  (cost=3907.75..3907.76 rows=1 width=8)
	  ->  Bitmap Heap Scan on sbtest1  (cost=34.77..3905.23 rows=1008 width=4)
	        Recheck Cond: ((id >= 4643406) AND (id <= 4644405))
	        ->  Bitmap Index Scan on sbtest1_pkey  (cost=0.00..34.52 rows=1008 width=0)
	              Index Cond: ((id >= 4643406) AND (id <= 4644405))

table 2 : explain SELECT SUM(k) FROM sbtest2 WHERE id BETWEEN 6679634 AND 6680633
	Aggregate  (cost=3832.55..3832.56 rows=1 width=8)
	  ->  Bitmap Heap Scan on sbtest2  (cost=34.55..3830.08 rows=987 width=4)
	        Recheck Cond: ((id >= 6679634) AND (id <= 6680633))
	        ->  Bitmap Index Scan on sbtest2_pkey  (cost=0.00..34.31 rows=987 width=0)
	              Index Cond: ((id >= 6679634) AND (id <= 6680633))

table 3 : explain SELECT SUM(k) FROM sbtest3 WHERE id BETWEEN 768927 AND 769926
	Aggregate  (cost=3490.91..3490.92 rows=1 width=8)
	  ->  Bitmap Heap Scan on sbtest3  (cost=29.64..3488.66 rows=898 width=4)
	        Recheck Cond: ((id >= 768927) AND (id <= 769926))
	        ->  Bitmap Index Scan on sbtest3_pkey  (cost=0.00..29.41 rows=898 width=0)
	              Index Cond: ((id >= 768927) AND (id <= 769926))

table 4 : explain SELECT SUM(k) FROM sbtest4 WHERE id BETWEEN 9937865 AND 9938864
	Aggregate  (cost=3928.69..3928.70 rows=1 width=8)
	  ->  Index Scan using sbtest4_pkey on sbtest4  (cost=0.43..3926.18 rows=1005 width=4)
	        Index Cond: ((id >= 9937865) AND (id <= 9938864))

table 5 : explain SELECT SUM(k) FROM sbtest5 WHERE id BETWEEN 5548825 AND 5549824
	Aggregate  (cost=3664.52..3664.53 rows=1 width=8)
	  ->  Bitmap Heap Scan on sbtest5  (cost=34.09..3662.16 rows=942 width=4)
	        Recheck Cond: ((id >= 5548825) AND (id <= 5549824))
	        ->  Bitmap Index Scan on sbtest5_pkey  (cost=0.00..33.86 rows=942 width=0)
	              Index Cond: ((id >= 5548825) AND (id <= 5549824))

table 6 : explain SELECT SUM(k) FROM sbtest6 WHERE id BETWEEN 9799240 AND 9800239
	Aggregate  (cost=3740.69..3740.70 rows=1 width=8)
	  ->  Bitmap Heap Scan on sbtest6  (cost=34.30..3738.29 rows=962 width=4)
	        Recheck Cond: ((id >= 9799240) AND (id <= 9800239))
	        ->  Bitmap Index Scan on sbtest6_pkey  (cost=0.00..34.06 rows=962 width=0)
	              Index Cond: ((id >= 9799240) AND (id <= 9800239))

table 7 : explain SELECT SUM(k) FROM sbtest7 WHERE id BETWEEN 5662615 AND 5663614
	Aggregate  (cost=3765.94..3765.95 rows=1 width=8)
	  ->  Index Scan using sbtest7_pkey on sbtest7  (cost=0.43..3763.54 rows=960 width=4)
	        Index Cond: ((id >= 5662615) AND (id <= 5663614))

table 8 : explain SELECT SUM(k) FROM sbtest8 WHERE id BETWEEN 383627 AND 384626
	Aggregate  (cost=3880.84..3880.85 rows=1 width=8)
	  ->  Bitmap Heap Scan on sbtest8  (cost=34.67..3878.35 rows=999 width=4)
	        Recheck Cond: ((id >= 383627) AND (id <= 384626))
	        ->  Bitmap Index Scan on sbtest8_pkey  (cost=0.00..34.43 rows=999 width=0)
	              Index Cond: ((id >= 383627) AND (id <= 384626))

for point_selects
table 1 : explain SELECT c FROM sbtest1 WHERE id=2266256
	Index Scan using sbtest1_pkey on sbtest1  (cost=0.43..8.45 rows=1 width=121)
	  Index Cond: (id = 2266256)

table 2 : explain SELECT c FROM sbtest2 WHERE id=3386458
	Index Scan using sbtest2_pkey on sbtest2  (cost=0.43..8.45 rows=1 width=121)
	  Index Cond: (id = 3386458)

table 3 : explain SELECT c FROM sbtest3 WHERE id=2495328
	Index Scan using sbtest3_pkey on sbtest3  (cost=0.43..8.45 rows=1 width=121)
	  Index Cond: (id = 2495328)

table 4 : explain SELECT c FROM sbtest4 WHERE id=5885612
	Index Scan using sbtest4_pkey on sbtest4  (cost=0.43..8.45 rows=1 width=121)
	  Index Cond: (id = 5885612)

table 5 : explain SELECT c FROM sbtest5 WHERE id=5317992
	Index Scan using sbtest5_pkey on sbtest5  (cost=0.43..8.45 rows=1 width=121)
	  Index Cond: (id = 5317992)

table 6 : explain SELECT c FROM sbtest6 WHERE id=3366179
	Index Scan using sbtest6_pkey on sbtest6  (cost=0.43..8.45 rows=1 width=121)
	  Index Cond: (id = 3366179)

table 7 : explain SELECT c FROM sbtest7 WHERE id=994263
	Index Scan using sbtest7_pkey on sbtest7  (cost=0.43..8.45 rows=1 width=121)
	  Index Cond: (id = 994263)

table 8 : explain SELECT c FROM sbtest8 WHERE id=8619509
	Index Scan using sbtest8_pkey on sbtest8  (cost=0.43..8.45 rows=1 width=121)
	  Index Cond: (id = 8619509)

for point_selects
table 1 : explain SELECT c FROM sbtest1 WHERE id=5220275
	Index Scan using sbtest1_pkey on sbtest1  (cost=0.43..8.45 rows=1 width=121)
	  Index Cond: (id = 5220275)

table 2 : explain SELECT c FROM sbtest2 WHERE id=4888194
	Index Scan using sbtest2_pkey on sbtest2  (cost=0.43..8.45 rows=1 width=121)
	  Index Cond: (id = 4888194)

table 3 : explain SELECT c FROM sbtest3 WHERE id=6264258
	Index Scan using sbtest3_pkey on sbtest3  (cost=0.43..8.45 rows=1 width=121)
	  Index Cond: (id = 6264258)

table 4 : explain SELECT c FROM sbtest4 WHERE id=486277
	Index Scan using sbtest4_pkey on sbtest4  (cost=0.43..8.45 rows=1 width=121)
	  Index Cond: (id = 486277)

table 5 : explain SELECT c FROM sbtest5 WHERE id=2981372
	Index Scan using sbtest5_pkey on sbtest5  (cost=0.43..8.45 rows=1 width=121)
	  Index Cond: (id = 2981372)

table 6 : explain SELECT c FROM sbtest6 WHERE id=7107464
	Index Scan using sbtest6_pkey on sbtest6  (cost=0.43..8.45 rows=1 width=121)
	  Index Cond: (id = 7107464)

table 7 : explain SELECT c FROM sbtest7 WHERE id=1973573
	Index Scan using sbtest7_pkey on sbtest7  (cost=0.43..8.45 rows=1 width=121)
	  Index Cond: (id = 1973573)

table 8 : explain SELECT c FROM sbtest8 WHERE id=7990098
	Index Scan using sbtest8_pkey on sbtest8  (cost=0.43..8.45 rows=1 width=121)
	  Index Cond: (id = 7990098)

for point_selects
table 1 : explain SELECT c FROM sbtest1 WHERE id=454575
	Index Scan using sbtest1_pkey on sbtest1  (cost=0.43..8.45 rows=1 width=121)
	  Index Cond: (id = 454575)

table 2 : explain SELECT c FROM sbtest2 WHERE id=417543
	Index Scan using sbtest2_pkey on sbtest2  (cost=0.43..8.45 rows=1 width=121)
	  Index Cond: (id = 417543)

table 3 : explain SELECT c FROM sbtest3 WHERE id=637845
	Index Scan using sbtest3_pkey on sbtest3  (cost=0.43..8.45 rows=1 width=121)
	  Index Cond: (id = 637845)

table 4 : explain SELECT c FROM sbtest4 WHERE id=2220991
	Index Scan using sbtest4_pkey on sbtest4  (cost=0.43..8.45 rows=1 width=121)
	  Index Cond: (id = 2220991)

table 5 : explain SELECT c FROM sbtest5 WHERE id=1260013
	Index Scan using sbtest5_pkey on sbtest5  (cost=0.43..8.45 rows=1 width=121)
	  Index Cond: (id = 1260013)

table 6 : explain SELECT c FROM sbtest6 WHERE id=888666
	Index Scan using sbtest6_pkey on sbtest6  (cost=0.43..8.45 rows=1 width=121)
	  Index Cond: (id = 888666)

table 7 : explain SELECT c FROM sbtest7 WHERE id=227017
	Index Scan using sbtest7_pkey on sbtest7  (cost=0.43..8.45 rows=1 width=121)
	  Index Cond: (id = 227017)

table 8 : explain SELECT c FROM sbtest8 WHERE id=2096471
	Index Scan using sbtest8_pkey on sbtest8  (cost=0.43..8.45 rows=1 width=121)
	  Index Cond: (id = 2096471)

explain: for point_selects :: explain SELECT c FROM sbtest%u WHERE id=%uexplain: for point_selects :: explain SELECT c FROM sbtest%u WHERE id=%u

for: sum_ranges
table 1 : explain SELECT SUM(k) FROM sbtest1 WHERE id BETWEEN 2489241 AND 2490240
	Aggregate  (cost=3979.37..3979.38 rows=1 width=8)
	  ->  Bitmap Heap Scan on sbtest1  (cost=34.96..3976.81 rows=1027 width=4)
	        Recheck Cond: ((id >= 2489241) AND (id <= 2490240))
	        ->  Bitmap Index Scan on sbtest1_pkey  (cost=0.00..34.70 rows=1027 width=0)
	              Index Cond: ((id >= 2489241) AND (id <= 2490240))

table 2 : explain SELECT SUM(k) FROM sbtest2 WHERE id BETWEEN 8896414 AND 8897413
	Aggregate  (cost=3385.48..3385.49 rows=1 width=8)
	  ->  Bitmap Heap Scan on sbtest2  (cost=29.35..3383.31 rows=870 width=4)
	        Recheck Cond: ((id >= 8896414) AND (id <= 8897413))
	        ->  Bitmap Index Scan on sbtest2_pkey  (cost=0.00..29.14 rows=870 width=0)
	              Index Cond: ((id >= 8896414) AND (id <= 8897413))

table 3 : explain SELECT SUM(k) FROM sbtest3 WHERE id BETWEEN 5910223 AND 5911222
	Aggregate  (cost=3948.72..3948.73 rows=1 width=8)
	  ->  Bitmap Heap Scan on sbtest3  (cost=34.87..3946.17 rows=1018 width=4)
	        Recheck Cond: ((id >= 5910223) AND (id <= 5911222))
	        ->  Bitmap Index Scan on sbtest3_pkey  (cost=0.00..34.62 rows=1018 width=0)
	              Index Cond: ((id >= 5910223) AND (id <= 5911222))

table 4 : explain SELECT SUM(k) FROM sbtest4 WHERE id BETWEEN 9947828 AND 9948827
	Aggregate  (cost=3928.69..3928.70 rows=1 width=8)
	  ->  Index Scan using sbtest4_pkey on sbtest4  (cost=0.43..3926.18 rows=1005 width=4)
	        Index Cond: ((id >= 9947828) AND (id <= 9948827))

table 5 : explain SELECT SUM(k) FROM sbtest5 WHERE id BETWEEN 1576221 AND 1577220
	Aggregate  (cost=3865.13..3865.14 rows=1 width=8)
	  ->  Bitmap Heap Scan on sbtest5  (cost=34.63..3862.65 rows=995 width=4)
	        Recheck Cond: ((id >= 1576221) AND (id <= 1577220))
	        ->  Bitmap Index Scan on sbtest5_pkey  (cost=0.00..34.39 rows=995 width=0)
	              Index Cond: ((id >= 1576221) AND (id <= 1577220))

table 6 : explain SELECT SUM(k) FROM sbtest6 WHERE id BETWEEN 6650304 AND 6651303
	Aggregate  (cost=3706.61..3706.62 rows=1 width=8)
	  ->  Bitmap Heap Scan on sbtest6  (cost=34.20..3704.22 rows=953 width=4)
	        Recheck Cond: ((id >= 6650304) AND (id <= 6651303))
	        ->  Bitmap Index Scan on sbtest6_pkey  (cost=0.00..33.97 rows=953 width=0)
	              Index Cond: ((id >= 6650304) AND (id <= 6651303))

table 7 : explain SELECT SUM(k) FROM sbtest7 WHERE id BETWEEN 8843512 AND 8844511
	Aggregate  (cost=4032.12..4032.13 rows=1 width=8)
	  ->  Bitmap Heap Scan on sbtest7  (cost=35.08..4029.52 rows=1039 width=4)
	        Recheck Cond: ((id >= 8843512) AND (id <= 8844511))
	        ->  Bitmap Index Scan on sbtest7_pkey  (cost=0.00..34.83 rows=1039 width=0)
	              Index Cond: ((id >= 8843512) AND (id <= 8844511))

table 8 : explain SELECT SUM(k) FROM sbtest8 WHERE id BETWEEN 725380 AND 726379
	Aggregate  (cost=3971.58..3971.59 rows=1 width=8)
	  ->  Bitmap Heap Scan on sbtest8  (cost=34.92..3969.02 rows=1023 width=4)
	        Recheck Cond: ((id >= 725380) AND (id <= 726379))
	        ->  Bitmap Index Scan on sbtest8_pkey  (cost=0.00..34.67 rows=1023 width=0)
	              Index Cond: ((id >= 725380) AND (id <= 726379))

explain: for point_selects :: explain SELECT c FROM sbtest%u WHERE id=%u
for: order_ranges
table 1 : explain SELECT c FROM sbtest1 WHERE id BETWEEN 3705220 AND 3706219 ORDER BY c
	Sort  (cost=4387.28..4390.08 rows=1121 width=121)
	  Sort Key: c
	  ->  Bitmap Heap Scan on sbtest1  (cost=39.93..4330.50 rows=1121 width=121)
	        Recheck Cond: ((id >= 3705220) AND (id <= 3706219))
	        ->  Bitmap Index Scan on sbtest1_pkey  (cost=0.00..39.65 rows=1121 width=0)
	              Index Cond: ((id >= 3705220) AND (id <= 3706219))

table 2 : explain SELECT c FROM sbtest2 WHERE id BETWEEN 3695300 AND 3696299 ORDER BY c
	Sort  (cost=3871.50..3873.96 rows=985 width=121)
	  Sort Key: c
	  ->  Bitmap Heap Scan on sbtest2  (cost=34.53..3822.53 rows=985 width=121)
	        Recheck Cond: ((id >= 3695300) AND (id <= 3696299))
	        ->  Bitmap Index Scan on sbtest2_pkey  (cost=0.00..34.29 rows=985 width=0)
	              Index Cond: ((id >= 3695300) AND (id <= 3696299))

table 3 : explain SELECT c FROM sbtest3 WHERE id BETWEEN 6378129 AND 6379128 ORDER BY c
	Sort  (cost=3970.22..3972.75 rows=1011 width=121)
	  Sort Key: c
	  ->  Bitmap Heap Scan on sbtest3  (cost=34.80..3919.77 rows=1011 width=121)
	        Recheck Cond: ((id >= 6378129) AND (id <= 6379128))
	        ->  Bitmap Index Scan on sbtest3_pkey  (cost=0.00..34.55 rows=1011 width=0)
	              Index Cond: ((id >= 6378129) AND (id <= 6379128))

table 4 : explain SELECT c FROM sbtest4 WHERE id BETWEEN 5448647 AND 5449646 ORDER BY c
	Sort  (cost=3495.23..3497.44 rows=884 width=121)
	  Sort Key: c
	  ->  Index Scan using sbtest4_pkey on sbtest4  (cost=0.43..3451.96 rows=884 width=121)
	        Index Cond: ((id >= 5448647) AND (id <= 5449646))

table 5 : explain SELECT c FROM sbtest5 WHERE id BETWEEN 4270009 AND 4271008 ORDER BY c
	Sort  (cost=4287.61..4290.34 rows=1093 width=121)
	  Sort Key: c
	  ->  Bitmap Heap Scan on sbtest5  (cost=35.64..4232.44 rows=1093 width=121)
	        Recheck Cond: ((id >= 4270009) AND (id <= 4271008))
	        ->  Bitmap Index Scan on sbtest5_pkey  (cost=0.00..35.37 rows=1093 width=0)
	              Index Cond: ((id >= 4270009) AND (id <= 4271008))

table 6 : explain SELECT c FROM sbtest6 WHERE id BETWEEN 9889311 AND 9890310 ORDER BY c
	Sort  (cost=4062.20..4064.79 rows=1034 width=121)
	  Sort Key: c
	  ->  Bitmap Heap Scan on sbtest6  (cost=35.03..4010.43 rows=1034 width=121)
	        Recheck Cond: ((id >= 9889311) AND (id <= 9890310))
	        ->  Bitmap Index Scan on sbtest6_pkey  (cost=0.00..34.78 rows=1034 width=0)
	              Index Cond: ((id >= 9889311) AND (id <= 9890310))

table 7 : explain SELECT c FROM sbtest7 WHERE id BETWEEN 127249 AND 128248 ORDER BY c
	Sort  (cost=3909.99..3912.45 rows=985 width=121)
	  Sort Key: c
	  ->  Index Scan using sbtest7_pkey on sbtest7  (cost=0.43..3861.02 rows=985 width=121)
	        Index Cond: ((id >= 127249) AND (id <= 128248))

table 8 : explain SELECT c FROM sbtest8 WHERE id BETWEEN 4187114 AND 4188113 ORDER BY c
	Sort  (cost=3787.85..3790.24 rows=953 width=121)
	  Sort Key: c
	  ->  Index Scan using sbtest8_pkey on sbtest8  (cost=0.43..3740.70 rows=953 width=121)
	        Index Cond: ((id >= 4187114) AND (id <= 4188113))

explain: for point_selects :: explain SELECT c FROM sbtest%u WHERE id=%u
for point_selects
table 1 : explain SELECT c FROM sbtest1 WHERE id=2054344
	Index Scan using sbtest1_pkey on sbtest1  (cost=0.43..8.45 rows=1 width=121)
	  Index Cond: (id = 2054344)

table 2 : explain SELECT c FROM sbtest2 WHERE id=7306367
	Index Scan using sbtest2_pkey on sbtest2  (cost=0.43..8.45 rows=1 width=121)
	  Index Cond: (id = 7306367)

table 3 : explain SELECT c FROM sbtest3 WHERE id=518262
	Index Scan using sbtest3_pkey on sbtest3  (cost=0.43..8.45 rows=1 width=121)
	  Index Cond: (id = 518262)

table 4 : explain SELECT c FROM sbtest4 WHERE id=657313
	Index Scan using sbtest4_pkey on sbtest4  (cost=0.43..8.45 rows=1 width=121)
	  Index Cond: (id = 657313)

table 5 : explain SELECT c FROM sbtest5 WHERE id=3060485
	Index Scan using sbtest5_pkey on sbtest5  (cost=0.43..8.45 rows=1 width=121)
	  Index Cond: (id = 3060485)

table 6 : explain SELECT c FROM sbtest6 WHERE id=9273645
	Index Scan using sbtest6_pkey on sbtest6  (cost=0.43..8.45 rows=1 width=121)
	  Index Cond: (id = 9273645)

table 7 : explain SELECT c FROM sbtest7 WHERE id=6740150
	Index Scan using sbtest7_pkey on sbtest7  (cost=0.43..8.45 rows=1 width=121)
	  Index Cond: (id = 6740150)

table 8 : explain SELECT c FROM sbtest8 WHERE id=6597636
	Index Scan using sbtest8_pkey on sbtest8  (cost=0.43..8.45 rows=1 width=121)
	  Index Cond: (id = 6597636)

for: order_ranges
table 1 : explain SELECT c FROM sbtest1 WHERE id BETWEEN 9881450 AND 9882449 ORDER BY c
	Sort  (cost=3560.72..3562.98 rows=906 width=121)
	  Sort Key: c
	  ->  Bitmap Heap Scan on sbtest1  (cost=29.72..3516.22 rows=906 width=121)
	        Recheck Cond: ((id >= 9881450) AND (id <= 9882449))
	        ->  Bitmap Index Scan on sbtest1_pkey  (cost=0.00..29.50 rows=906 width=0)
	              Index Cond: ((id >= 9881450) AND (id <= 9882449))

table 2 : explain SELECT c FROM sbtest2 WHERE id BETWEEN 917160 AND 918159 ORDER BY c
	Sort  (cost=4361.49..4364.27 rows=1112 width=121)
	  Sort Key: c
	  ->  Bitmap Heap Scan on sbtest2  (cost=39.83..4305.23 rows=1112 width=121)
	        Recheck Cond: ((id >= 917160) AND (id <= 918159))
	        ->  Bitmap Index Scan on sbtest2_pkey  (cost=0.00..39.56 rows=1112 width=0)
	              Index Cond: ((id >= 917160) AND (id <= 918159))

table 3 : explain SELECT c FROM sbtest3 WHERE id BETWEEN 8178453 AND 8179452 ORDER BY c
	Sort  (cost=3747.91..3750.29 rows=953 width=121)
	  Sort Key: c
	  ->  Bitmap Heap Scan on sbtest3  (cost=34.20..3700.75 rows=953 width=121)
	        Recheck Cond: ((id >= 8178453) AND (id <= 8179452))
	        ->  Bitmap Index Scan on sbtest3_pkey  (cost=0.00..33.97 rows=953 width=0)
	              Index Cond: ((id >= 8178453) AND (id <= 8179452))

table 4 : explain SELECT c FROM sbtest4 WHERE id BETWEEN 523089 AND 524088 ORDER BY c
	Sort  (cost=4137.95..4140.57 rows=1046 width=121)
	  Sort Key: c
	  ->  Index Scan using sbtest4_pkey on sbtest4  (cost=0.43..4085.49 rows=1046 width=121)
	        Index Cond: ((id >= 523089) AND (id <= 524088))

table 5 : explain SELECT c FROM sbtest5 WHERE id BETWEEN 6969506 AND 6970505 ORDER BY c
	Sort  (cost=4134.51..4137.14 rows=1053 width=121)
	  Sort Key: c
	  ->  Bitmap Heap Scan on sbtest5  (cost=35.23..4081.65 rows=1053 width=121)
	        Recheck Cond: ((id >= 6969506) AND (id <= 6970505))
	        ->  Bitmap Index Scan on sbtest5_pkey  (cost=0.00..34.97 rows=1053 width=0)
	              Index Cond: ((id >= 6969506) AND (id <= 6970505))

table 6 : explain SELECT c FROM sbtest6 WHERE id BETWEEN 9599019 AND 9600018 ORDER BY c
	Sort  (cost=4039.20..4041.77 rows=1028 width=121)
	  Sort Key: c
	  ->  Bitmap Heap Scan on sbtest6  (cost=34.97..3987.77 rows=1028 width=121)
	        Recheck Cond: ((id >= 9599019) AND (id <= 9600018))
	        ->  Bitmap Index Scan on sbtest6_pkey  (cost=0.00..34.72 rows=1028 width=0)
	              Index Cond: ((id >= 9599019) AND (id <= 9600018))

table 7 : explain SELECT c FROM sbtest7 WHERE id BETWEEN 7945654 AND 7946653 ORDER BY c
	Sort  (cost=4192.67..4195.34 rows=1068 width=121)
	  Sort Key: c
	  ->  Bitmap Heap Scan on sbtest7  (cost=35.38..4138.95 rows=1068 width=121)
	        Recheck Cond: ((id >= 7945654) AND (id <= 7946653))
	        ->  Bitmap Index Scan on sbtest7_pkey  (cost=0.00..35.12 rows=1068 width=0)
	              Index Cond: ((id >= 7945654) AND (id <= 7946653))

table 8 : explain SELECT c FROM sbtest8 WHERE id BETWEEN 6118279 AND 6119278 ORDER BY c
	Sort  (cost=3824.48..3826.91 rows=972 width=121)
	  Sort Key: c
	  ->  Bitmap Heap Scan on sbtest8  (cost=34.40..3776.25 rows=972 width=121)
	        Recheck Cond: ((id >= 6118279) AND (id <= 6119278))
	        ->  Bitmap Index Scan on sbtest8_pkey  (cost=0.00..34.16 rows=972 width=0)
	              Index Cond: ((id >= 6118279) AND (id <= 6119278))

explain: for point_selects :: explain SELECT c FROM sbtest%u WHERE id=%u
for: order_ranges
table 1 : explain SELECT c FROM sbtest1 WHERE id BETWEEN 3971194 AND 3972193 ORDER BY c
	Sort  (cost=4081.69..4084.29 rows=1041 width=121)
	  Sort Key: c
	  ->  Bitmap Heap Scan on sbtest1  (cost=35.11..4029.51 rows=1041 width=121)
	        Recheck Cond: ((id >= 3971194) AND (id <= 3972193))
	        ->  Bitmap Index Scan on sbtest1_pkey  (cost=0.00..34.84 rows=1041 width=0)
	              Index Cond: ((id >= 3971194) AND (id <= 3972193))

table 2 : explain SELECT c FROM sbtest2 WHERE id BETWEEN 2706471 AND 2707470 ORDER BY c
	Sort  (cost=4223.74..4226.43 rows=1077 width=121)
	  Sort Key: c
	  ->  Bitmap Heap Scan on sbtest2  (cost=35.47..4169.50 rows=1077 width=121)
	        Recheck Cond: ((id >= 2706471) AND (id <= 2707470))
	        ->  Bitmap Index Scan on sbtest2_pkey  (cost=0.00..35.20 rows=1077 width=0)
	              Index Cond: ((id >= 2706471) AND (id <= 2707470))

table 3 : explain SELECT c FROM sbtest3 WHERE id BETWEEN 4208525 AND 4209524 ORDER BY c
	Sort  (cost=3778.60..3781.00 rows=961 width=121)
	  Sort Key: c
	  ->  Bitmap Heap Scan on sbtest3  (cost=34.29..3730.99 rows=961 width=121)
	        Recheck Cond: ((id >= 4208525) AND (id <= 4209524))
	        ->  Bitmap Index Scan on sbtest3_pkey  (cost=0.00..34.05 rows=961 width=0)
	              Index Cond: ((id >= 4208525) AND (id <= 4209524))

table 4 : explain SELECT c FROM sbtest4 WHERE id BETWEEN 15998 AND 16997 ORDER BY c
	Sort  (cost=4137.95..4140.57 rows=1046 width=121)
	  Sort Key: c
	  ->  Index Scan using sbtest4_pkey on sbtest4  (cost=0.43..4085.49 rows=1046 width=121)
	        Index Cond: ((id >= 15998) AND (id <= 16997))

table 5 : explain SELECT c FROM sbtest5 WHERE id BETWEEN 4905796 AND 4906795 ORDER BY c
	Sort  (cost=3674.11..3676.44 rows=933 width=121)
	  Sort Key: c
	  ->  Bitmap Heap Scan on sbtest5  (cost=34.00..3628.08 rows=933 width=121)
	        Recheck Cond: ((id >= 4905796) AND (id <= 4906795))
	        ->  Bitmap Index Scan on sbtest5_pkey  (cost=0.00..33.77 rows=933 width=0)
	              Index Cond: ((id >= 4905796) AND (id <= 4906795))

table 6 : explain SELECT c FROM sbtest6 WHERE id BETWEEN 8589450 AND 8590449 ORDER BY c
	Sort  (cost=3874.26..3876.73 rows=985 width=121)
	  Sort Key: c
	  ->  Bitmap Heap Scan on sbtest6  (cost=34.53..3825.29 rows=985 width=121)
	        Recheck Cond: ((id >= 8589450) AND (id <= 8590449))
	        ->  Bitmap Index Scan on sbtest6_pkey  (cost=0.00..34.29 rows=985 width=0)
	              Index Cond: ((id >= 8589450) AND (id <= 8590449))

table 7 : explain SELECT c FROM sbtest7 WHERE id BETWEEN 8286616 AND 8287615 ORDER BY c
	Sort  (cost=3597.45..3599.72 rows=907 width=121)
	  Sort Key: c
	  ->  Index Scan using sbtest7_pkey on sbtest7  (cost=0.43..3552.90 rows=907 width=121)
	        Index Cond: ((id >= 8286616) AND (id <= 8287615))

table 8 : explain SELECT c FROM sbtest8 WHERE id BETWEEN 8044340 AND 8045339 ORDER BY c
	Sort  (cost=3885.91..3888.38 rows=988 width=121)
	  Sort Key: c
	  ->  Bitmap Heap Scan on sbtest8  (cost=34.56..3836.76 rows=988 width=121)
	        Recheck Cond: ((id >= 8044340) AND (id <= 8045339))
	        ->  Bitmap Index Scan on sbtest8_pkey  (cost=0.00..34.32 rows=988 width=0)
	              Index Cond: ((id >= 8044340) AND (id <= 8045339))

for: simple_ranges
table 1 : explain SELECT c FROM sbtest1 WHERE id BETWEEN 7746537 AND 7747536
	Bitmap Heap Scan on sbtest1  (cost=35.31..4104.76 rows=1061 width=121)
	  Recheck Cond: ((id >= 7746537) AND (id <= 7747536))
	  ->  Bitmap Index Scan on sbtest1_pkey  (cost=0.00..35.05 rows=1061 width=0)
	        Index Cond: ((id >= 7746537) AND (id <= 7747536))

table 2 : explain SELECT c FROM sbtest2 WHERE id BETWEEN 9142101 AND 9143100
	Bitmap Heap Scan on sbtest2  (cost=34.74..3898.05 rows=1005 width=121)
	  Recheck Cond: ((id >= 9142101) AND (id <= 9143100))
	  ->  Bitmap Index Scan on sbtest2_pkey  (cost=0.00..34.48 rows=1005 width=0)
	        Index Cond: ((id >= 9142101) AND (id <= 9143100))

table 3 : explain SELECT c FROM sbtest3 WHERE id BETWEEN 398653 AND 399652
	Bitmap Heap Scan on sbtest3  (cost=34.25..3719.65 rows=958 width=121)
	  Recheck Cond: ((id >= 398653) AND (id <= 399652))
	  ->  Bitmap Index Scan on sbtest3_pkey  (cost=0.00..34.02 rows=958 width=0)
	        Index Cond: ((id >= 398653) AND (id <= 399652))

table 4 : explain SELECT c FROM sbtest4 WHERE id BETWEEN 9787267 AND 9788266
	Index Scan using sbtest4_pkey on sbtest4  (cost=0.43..3836.79 rows=982 width=121)
	  Index Cond: ((id >= 9787267) AND (id <= 9788266))

table 5 : explain SELECT c FROM sbtest5 WHERE id BETWEEN 6617110 AND 6618109
	Bitmap Heap Scan on sbtest5  (cost=33.96..3612.93 rows=929 width=121)
	  Recheck Cond: ((id >= 6617110) AND (id <= 6618109))
	  ->  Bitmap Index Scan on sbtest5_pkey  (cost=0.00..33.73 rows=929 width=0)
	        Index Cond: ((id >= 6617110) AND (id <= 6618109))

table 6 : explain SELECT c FROM sbtest6 WHERE id BETWEEN 1548382 AND 1549381
	Bitmap Heap Scan on sbtest6  (cost=34.97..3987.77 rows=1028 width=121)
	  Recheck Cond: ((id >= 1548382) AND (id <= 1549381))
	  ->  Bitmap Index Scan on sbtest6_pkey  (cost=0.00..34.72 rows=1028 width=0)
	        Index Cond: ((id >= 1548382) AND (id <= 1549381))

table 7 : explain SELECT c FROM sbtest7 WHERE id BETWEEN 8776649 AND 8777648
	Index Scan using sbtest7_pkey on sbtest7  (cost=0.43..3810.31 rows=972 width=121)
	  Index Cond: ((id >= 8776649) AND (id <= 8777648))

table 8 : explain SELECT c FROM sbtest8 WHERE id BETWEEN 6110247 AND 6111246
	Bitmap Heap Scan on sbtest8  (cost=34.40..3776.25 rows=972 width=121)
	  Recheck Cond: ((id >= 6110247) AND (id <= 6111246))
	  ->  Bitmap Index Scan on sbtest8_pkey  (cost=0.00..34.16 rows=972 width=0)
	        Index Cond: ((id >= 6110247) AND (id <= 6111246))

for: simple_ranges
table 1 : explain SELECT c FROM sbtest1 WHERE id BETWEEN 5194342 AND 5195341
	Bitmap Heap Scan on sbtest1  (cost=35.61..4213.79 rows=1090 width=121)
	  Recheck Cond: ((id >= 5194342) AND (id <= 5195341))
	  ->  Bitmap Index Scan on sbtest1_pkey  (cost=0.00..35.34 rows=1090 width=0)
	        Index Cond: ((id >= 5194342) AND (id <= 5195341))

table 2 : explain SELECT c FROM sbtest2 WHERE id BETWEEN 5361515 AND 5362514
	Bitmap Heap Scan on sbtest2  (cost=35.53..4188.32 rows=1082 width=121)
	  Recheck Cond: ((id >= 5361515) AND (id <= 5362514))
	  ->  Bitmap Index Scan on sbtest2_pkey  (cost=0.00..35.26 rows=1082 width=0)
	        Index Cond: ((id >= 5361515) AND (id <= 5362514))

table 3 : explain SELECT c FROM sbtest3 WHERE id BETWEEN 6405712 AND 6406711
	Bitmap Heap Scan on sbtest3  (cost=34.80..3919.77 rows=1011 width=121)
	  Recheck Cond: ((id >= 6405712) AND (id <= 6406711))
	  ->  Bitmap Index Scan on sbtest3_pkey  (cost=0.00..34.55 rows=1011 width=0)
	        Index Cond: ((id >= 6405712) AND (id <= 6406711))

table 4 : explain SELECT c FROM sbtest4 WHERE id BETWEEN 6306083 AND 6307082
	Index Scan using sbtest4_pkey on sbtest4  (cost=0.43..3716.32 rows=951 width=121)
	  Index Cond: ((id >= 6306083) AND (id <= 6307082))

table 5 : explain SELECT c FROM sbtest5 WHERE id BETWEEN 3237653 AND 3238652
	Bitmap Heap Scan on sbtest5  (cost=35.00..3998.63 rows=1031 width=121)
	  Recheck Cond: ((id >= 3237653) AND (id <= 3238652))
	  ->  Bitmap Index Scan on sbtest5_pkey  (cost=0.00..34.75 rows=1031 width=0)
	        Index Cond: ((id >= 3237653) AND (id <= 3238652))

table 6 : explain SELECT c FROM sbtest6 WHERE id BETWEEN 1003947 AND 1004946
	Bitmap Heap Scan on sbtest6  (cost=35.13..4044.40 rows=1043 width=121)
	  Recheck Cond: ((id >= 1003947) AND (id <= 1004946))
	  ->  Bitmap Index Scan on sbtest6_pkey  (cost=0.00..34.87 rows=1043 width=0)
	        Index Cond: ((id >= 1003947) AND (id <= 1004946))

table 7 : explain SELECT c FROM sbtest7 WHERE id BETWEEN 4271406 AND 4272405
	Index Scan using sbtest7_pkey on sbtest7  (cost=0.43..3701.14 rows=944 width=121)
	  Index Cond: ((id >= 4271406) AND (id <= 4272405))

table 8 : explain SELECT c FROM sbtest8 WHERE id BETWEEN 2029937 AND 2030936
	Bitmap Heap Scan on sbtest8  (cost=34.98..3991.68 rows=1029 width=121)
	  Recheck Cond: ((id >= 2029937) AND (id <= 2030936))
	  ->  Bitmap Index Scan on sbtest8_pkey  (cost=0.00..34.73 rows=1029 width=0)
	        Index Cond: ((id >= 2029937) AND (id <= 2030936))

for: distinct_ranges
table 1 : explain SELECT DISTINCT c FROM sbtest1 WHERE id BETWEEN 4875567 AND 4876566 ORDER BY c
	Unique  (cost=4016.71..4021.83 rows=1024 width=121)
	  ->  Sort  (cost=4016.71..4019.27 rows=1024 width=121)
	        Sort Key: c
	        ->  Bitmap Heap Scan on sbtest1  (cost=34.93..3965.51 rows=1024 width=121)
	              Recheck Cond: ((id >= 4875567) AND (id <= 4876566))
	              ->  Bitmap Index Scan on sbtest1_pkey  (cost=0.00..34.68 rows=1024 width=0)
	                    Index Cond: ((id >= 4875567) AND (id <= 4876566))

table 2 : explain SELECT DISTINCT c FROM sbtest2 WHERE id BETWEEN 249820 AND 250819 ORDER BY c
	Unique  (cost=3921.33..3926.32 rows=998 width=121)
	  ->  Sort  (cost=3921.33..3923.83 rows=998 width=121)
	        Sort Key: c
	        ->  Bitmap Heap Scan on sbtest2  (cost=34.66..3871.62 rows=998 width=121)
	              Recheck Cond: ((id >= 249820) AND (id <= 250819))
	              ->  Bitmap Index Scan on sbtest2_pkey  (cost=0.00..34.42 rows=998 width=0)
	                    Index Cond: ((id >= 249820) AND (id <= 250819))

table 3 : explain SELECT DISTINCT c FROM sbtest3 WHERE id BETWEEN 9348287 AND 9349286 ORDER BY c
	Unique  (cost=3855.28..3860.19 rows=981 width=121)
	  ->  Sort  (cost=3855.28..3857.74 rows=981 width=121)
	        Sort Key: c
	        ->  Bitmap Heap Scan on sbtest3  (cost=34.49..3806.54 rows=981 width=121)
	              Recheck Cond: ((id >= 9348287) AND (id <= 9349286))
	              ->  Bitmap Index Scan on sbtest3_pkey  (cost=0.00..34.25 rows=981 width=0)
	                    Index Cond: ((id >= 9348287) AND (id <= 9349286))

table 4 : explain SELECT DISTINCT c FROM sbtest4 WHERE id BETWEEN 7467505 AND 7468504 ORDER BY c
	Unique  (cost=3826.47..3831.30 rows=967 width=121)
	  ->  Sort  (cost=3826.47..3828.88 rows=967 width=121)
	        Sort Key: c
	        ->  Index Scan using sbtest4_pkey on sbtest4  (cost=0.43..3778.52 rows=967 width=121)
	              Index Cond: ((id >= 7467505) AND (id <= 7468504))

table 5 : explain SELECT DISTINCT c FROM sbtest5 WHERE id BETWEEN 6445536 AND 6446535 ORDER BY c
	Unique  (cost=4234.04..4239.44 rows=1079 width=121)
	  ->  Sort  (cost=4234.04..4236.74 rows=1079 width=121)
	        Sort Key: c
	        ->  Bitmap Heap Scan on sbtest5  (cost=35.49..4179.69 rows=1079 width=121)
	              Recheck Cond: ((id >= 6445536) AND (id <= 6446535))
	              ->  Bitmap Index Scan on sbtest5_pkey  (cost=0.00..35.23 rows=1079 width=0)
	                    Index Cond: ((id >= 6445536) AND (id <= 6446535))

table 6 : explain SELECT DISTINCT c FROM sbtest6 WHERE id BETWEEN 7057348 AND 7058347 ORDER BY c
	Unique  (cost=3951.01..3956.03 rows=1005 width=121)
	  ->  Sort  (cost=3951.01..3953.52 rows=1005 width=121)
	        Sort Key: c
	        ->  Bitmap Heap Scan on sbtest6  (cost=34.74..3900.89 rows=1005 width=121)
	              Recheck Cond: ((id >= 7057348) AND (id <= 7058347))
	              ->  Bitmap Index Scan on sbtest6_pkey  (cost=0.00..34.48 rows=1005 width=0)
	                    Index Cond: ((id >= 7057348) AND (id <= 7058347))

table 7 : explain SELECT DISTINCT c FROM sbtest7 WHERE id BETWEEN 9003701 AND 9004700 ORDER BY c
	Unique  (cost=4035.59..4040.72 rows=1027 width=121)
	  ->  Sort  (cost=4035.59..4038.15 rows=1027 width=121)
	        Sort Key: c
	        ->  Bitmap Heap Scan on sbtest7  (cost=34.96..3984.21 rows=1027 width=121)
	              Recheck Cond: ((id >= 9003701) AND (id <= 9004700))
	              ->  Bitmap Index Scan on sbtest7_pkey  (cost=0.00..34.70 rows=1027 width=0)
	                    Index Cond: ((id >= 9003701) AND (id <= 9004700))

table 8 : explain SELECT DISTINCT c FROM sbtest8 WHERE id BETWEEN 1125883 AND 1126882 ORDER BY c
	Unique  (cost=4047.00..4052.15 rows=1030 width=121)
	  ->  Sort  (cost=4047.00..4049.58 rows=1030 width=121)
	        Sort Key: c
	        ->  Bitmap Heap Scan on sbtest8  (cost=34.99..3995.46 rows=1030 width=121)
	              Recheck Cond: ((id >= 1125883) AND (id <= 1126882))
	              ->  Bitmap Index Scan on sbtest8_pkey  (cost=0.00..34.73 rows=1030 width=0)
	                    Index Cond: ((id >= 1125883) AND (id <= 1126882))

for: order_ranges
table 1 : explain SELECT c FROM sbtest1 WHERE id BETWEEN 4852996 AND 4853995 ORDER BY c
	Sort  (cost=4016.71..4019.27 rows=1024 width=121)
	  Sort Key: c
	  ->  Bitmap Heap Scan on sbtest1  (cost=34.93..3965.51 rows=1024 width=121)
	        Recheck Cond: ((id >= 4852996) AND (id <= 4853995))
	        ->  Bitmap Index Scan on sbtest1_pkey  (cost=0.00..34.68 rows=1024 width=0)
	              Index Cond: ((id >= 4852996) AND (id <= 4853995))

table 2 : explain SELECT c FROM sbtest2 WHERE id BETWEEN 8349827 AND 8350826 ORDER BY c
	Sort  (cost=3764.10..3766.49 rows=957 width=121)
	  Sort Key: c
	  ->  Bitmap Heap Scan on sbtest2  (cost=34.24..3716.72 rows=957 width=121)
	        Recheck Cond: ((id >= 8349827) AND (id <= 8350826))
	        ->  Bitmap Index Scan on sbtest2_pkey  (cost=0.00..34.01 rows=957 width=0)
	              Index Cond: ((id >= 8349827) AND (id <= 8350826))

table 3 : explain SELECT c FROM sbtest3 WHERE id BETWEEN 1490203 AND 1491202 ORDER BY c
	Sort  (cost=3574.98..3577.25 rows=909 width=121)
	  Sort Key: c
	  ->  Bitmap Heap Scan on sbtest3  (cost=29.75..3530.31 rows=909 width=121)
	        Recheck Cond: ((id >= 1490203) AND (id <= 1491202))
	        ->  Bitmap Index Scan on sbtest3_pkey  (cost=0.00..29.52 rows=909 width=0)
	              Index Cond: ((id >= 1490203) AND (id <= 1491202))

table 4 : explain SELECT c FROM sbtest4 WHERE id BETWEEN 5531104 AND 5532103 ORDER BY c
	Sort  (cost=3495.23..3497.44 rows=884 width=121)
	  Sort Key: c
	  ->  Index Scan using sbtest4_pkey on sbtest4  (cost=0.43..3451.96 rows=884 width=121)
	        Index Cond: ((id >= 5531104) AND (id <= 5532103))

table 5 : explain SELECT c FROM sbtest5 WHERE id BETWEEN 6658439 AND 6659438 ORDER BY c
	Sort  (cost=3658.73..3661.05 rows=929 width=121)
	  Sort Key: c
	  ->  Bitmap Heap Scan on sbtest5  (cost=33.96..3612.93 rows=929 width=121)
	        Recheck Cond: ((id >= 6658439) AND (id <= 6659438))
	        ->  Bitmap Index Scan on sbtest5_pkey  (cost=0.00..33.73 rows=929 width=0)
	              Index Cond: ((id >= 6658439) AND (id <= 6659438))

table 6 : explain SELECT c FROM sbtest6 WHERE id BETWEEN 5489573 AND 5490572 ORDER BY c
	Sort  (cost=3812.84..3815.26 rows=969 width=121)
	  Sort Key: c
	  ->  Bitmap Heap Scan on sbtest6  (cost=34.37..3764.77 rows=969 width=121)
	        Recheck Cond: ((id >= 5489573) AND (id <= 5490572))
	        ->  Bitmap Index Scan on sbtest6_pkey  (cost=0.00..34.12 rows=969 width=0)
	              Index Cond: ((id >= 5489573) AND (id <= 5490572))

table 7 : explain SELECT c FROM sbtest7 WHERE id BETWEEN 8719365 AND 8720364 ORDER BY c
	Sort  (cost=3858.55..3860.98 rows=972 width=121)
	  Sort Key: c
	  ->  Index Scan using sbtest7_pkey on sbtest7  (cost=0.43..3810.31 rows=972 width=121)
	        Index Cond: ((id >= 8719365) AND (id <= 8720364))

table 8 : explain SELECT c FROM sbtest8 WHERE id BETWEEN 1622967 AND 1623966 ORDER BY c
	Sort  (cost=3633.42..3635.71 rows=914 width=121)
	  Sort Key: c
	  ->  Index Scan using sbtest8_pkey on sbtest8  (cost=0.43..3588.47 rows=914 width=121)
	        Index Cond: ((id >= 1622967) AND (id <= 1623966))

for: simple_ranges
table 1 : explain SELECT c FROM sbtest1 WHERE id BETWEEN 392393 AND 393392
	Bitmap Heap Scan on sbtest1  (cost=35.30..4101.00 rows=1060 width=121)
	  Recheck Cond: ((id >= 392393) AND (id <= 393392))
	  ->  Bitmap Index Scan on sbtest1_pkey  (cost=0.00..35.04 rows=1060 width=0)
	        Index Cond: ((id >= 392393) AND (id <= 393392))

table 2 : explain SELECT c FROM sbtest2 WHERE id BETWEEN 4430993 AND 4431992
	Bitmap Heap Scan on sbtest2  (cost=34.46..3796.09 rows=978 width=121)
	  Recheck Cond: ((id >= 4430993) AND (id <= 4431992))
	  ->  Bitmap Index Scan on sbtest2_pkey  (cost=0.00..34.22 rows=978 width=0)
	        Index Cond: ((id >= 4430993) AND (id <= 4431992))

table 3 : explain SELECT c FROM sbtest3 WHERE id BETWEEN 1167564 AND 1168563
	Bitmap Heap Scan on sbtest3  (cost=34.84..3934.86 rows=1015 width=121)
	  Recheck Cond: ((id >= 1167564) AND (id <= 1168563))
	  ->  Bitmap Index Scan on sbtest3_pkey  (cost=0.00..34.59 rows=1015 width=0)
	        Index Cond: ((id >= 1167564) AND (id <= 1168563))

table 4 : explain SELECT c FROM sbtest4 WHERE id BETWEEN 9878457 AND 9879456
	Index Scan using sbtest4_pkey on sbtest4  (cost=0.43..4116.61 rows=1054 width=121)
	  Index Cond: ((id >= 9878457) AND (id <= 9879456))

table 5 : explain SELECT c FROM sbtest5 WHERE id BETWEEN 8020683 AND 8021682
	Bitmap Heap Scan on sbtest5  (cost=34.23..3715.16 rows=956 width=121)
	  Recheck Cond: ((id >= 8020683) AND (id <= 8021682))
	  ->  Bitmap Index Scan on sbtest5_pkey  (cost=0.00..34.00 rows=956 width=0)
	        Index Cond: ((id >= 8020683) AND (id <= 8021682))

table 6 : explain SELECT c FROM sbtest6 WHERE id BETWEEN 636929 AND 637928
	Bitmap Heap Scan on sbtest6  (cost=34.94..3976.45 rows=1025 width=121)
	  Recheck Cond: ((id >= 636929) AND (id <= 637928))
	  ->  Bitmap Index Scan on sbtest6_pkey  (cost=0.00..34.69 rows=1025 width=0)
	        Index Cond: ((id >= 636929) AND (id <= 637928))

table 7 : explain SELECT c FROM sbtest7 WHERE id BETWEEN 9563791 AND 9564790
	Index Scan using sbtest7_pkey on sbtest7  (cost=0.43..3568.59 rows=910 width=121)
	  Index Cond: ((id >= 9563791) AND (id <= 9564790))

table 8 : explain SELECT c FROM sbtest8 WHERE id BETWEEN 5695983 AND 5696982
	Index Scan using sbtest8_pkey on sbtest8  (cost=0.43..3588.47 rows=914 width=121)
	  Index Cond: ((id >= 5695983) AND (id <= 5696982))

for: distinct_ranges
table 1 : explain SELECT DISTINCT c FROM sbtest1 WHERE id BETWEEN 2974826 AND 2975825 ORDER BY c
	Unique  (cost=4207.72..4213.09 rows=1074 width=121)
	  ->  Sort  (cost=4207.72..4210.41 rows=1074 width=121)
	        Sort Key: c
	        ->  Bitmap Heap Scan on sbtest1  (cost=35.44..4153.65 rows=1074 width=121)
	              Recheck Cond: ((id >= 2974826) AND (id <= 2975825))
	              ->  Bitmap Index Scan on sbtest1_pkey  (cost=0.00..35.18 rows=1074 width=0)
	                    Index Cond: ((id >= 2974826) AND (id <= 2975825))

table 2 : explain SELECT DISTINCT c FROM sbtest2 WHERE id BETWEEN 7778490 AND 7779489 ORDER BY c
	Unique  (cost=4017.11..4022.23 rows=1023 width=121)
	  ->  Sort  (cost=4017.11..4019.67 rows=1023 width=121)
	        Sort Key: c
	        ->  Bitmap Heap Scan on sbtest2  (cost=34.92..3965.97 rows=1023 width=121)
	              Recheck Cond: ((id >= 7778490) AND (id <= 7779489))
	              ->  Bitmap Index Scan on sbtest2_pkey  (cost=0.00..34.67 rows=1023 width=0)
	                    Index Cond: ((id >= 7778490) AND (id <= 7779489))

table 3 : explain SELECT DISTINCT c FROM sbtest3 WHERE id BETWEEN 1242297 AND 1243296 ORDER BY c
	Unique  (cost=3901.27..3906.24 rows=993 width=121)
	  ->  Sort  (cost=3901.27..3903.76 rows=993 width=121)
	        Sort Key: c
	        ->  Bitmap Heap Scan on sbtest3  (cost=34.61..3851.84 rows=993 width=121)
	              Recheck Cond: ((id >= 1242297) AND (id <= 1243296))
	              ->  Bitmap Index Scan on sbtest3_pkey  (cost=0.00..34.37 rows=993 width=0)
	                    Index Cond: ((id >= 1242297) AND (id <= 1243296))

table 4 : explain SELECT DISTINCT c FROM sbtest4 WHERE id BETWEEN 4543938 AND 4544937 ORDER BY c
	Unique  (cost=3834.35..3839.19 rows=969 width=121)
	  ->  Sort  (cost=3834.35..3836.77 rows=969 width=121)
	        Sort Key: c
	        ->  Index Scan using sbtest4_pkey on sbtest4  (cost=0.43..3786.29 rows=969 width=121)
	              Index Cond: ((id >= 4543938) AND (id <= 4544937))

table 5 : explain SELECT DISTINCT c FROM sbtest5 WHERE id BETWEEN 7933367 AND 7934366 ORDER BY c
	Unique  (cost=3935.21..3940.21 rows=1001 width=121)
	  ->  Sort  (cost=3935.21..3937.71 rows=1001 width=121)
	        Sort Key: c
	        ->  Bitmap Heap Scan on sbtest5  (cost=34.70..3885.32 rows=1001 width=121)
	              Recheck Cond: ((id >= 7933367) AND (id <= 7934366))
	              ->  Bitmap Index Scan on sbtest5_pkey  (cost=0.00..34.45 rows=1001 width=0)
	                    Index Cond: ((id >= 7933367) AND (id <= 7934366))

table 6 : explain SELECT DISTINCT c FROM sbtest6 WHERE id BETWEEN 7832693 AND 7833692 ORDER BY c
	Unique  (cost=3855.07..3859.97 rows=980 width=121)
	  ->  Sort  (cost=3855.07..3857.52 rows=980 width=121)
	        Sort Key: c
	        ->  Bitmap Heap Scan on sbtest6  (cost=34.48..3806.38 rows=980 width=121)
	              Recheck Cond: ((id >= 7832693) AND (id <= 7833692))
	              ->  Bitmap Index Scan on sbtest6_pkey  (cost=0.00..34.23 rows=980 width=0)
	                    Index Cond: ((id >= 7832693) AND (id <= 7833692))

table 7 : explain SELECT DISTINCT c FROM sbtest7 WHERE id BETWEEN 238489 AND 239488 ORDER BY c
	Unique  (cost=3906.03..3910.95 rows=984 width=121)
	  ->  Sort  (cost=3906.03..3908.49 rows=984 width=121)
	        Sort Key: c
	        ->  Index Scan using sbtest7_pkey on sbtest7  (cost=0.43..3857.12 rows=984 width=121)
	              Index Cond: ((id >= 238489) AND (id <= 239488))

table 8 : explain SELECT DISTINCT c FROM sbtest8 WHERE id BETWEEN 403439 AND 404438 ORDER BY c
	Unique  (cost=3720.55..3725.23 rows=936 width=121)
	  ->  Sort  (cost=3720.55..3722.89 rows=936 width=121)
	        Sort Key: c
	        ->  Index Scan using sbtest8_pkey on sbtest8  (cost=0.43..3674.35 rows=936 width=121)
	              Index Cond: ((id >= 403439) AND (id <= 404438))

for point_selects
table 1 : explain SELECT c FROM sbtest1 WHERE id=661704
	Index Scan using sbtest1_pkey on sbtest1  (cost=0.43..8.45 rows=1 width=121)
	  Index Cond: (id = 661704)

table 2 : explain SELECT c FROM sbtest2 WHERE id=7682295
	Index Scan using sbtest2_pkey on sbtest2  (cost=0.43..8.45 rows=1 width=121)
	  Index Cond: (id = 7682295)

table 3 : explain SELECT c FROM sbtest3 WHERE id=1820291
	Index Scan using sbtest3_pkey on sbtest3  (cost=0.43..8.45 rows=1 width=121)
	  Index Cond: (id = 1820291)

table 4 : explain SELECT c FROM sbtest4 WHERE id=6988195
	Index Scan using sbtest4_pkey on sbtest4  (cost=0.43..8.45 rows=1 width=121)
	  Index Cond: (id = 6988195)

table 5 : explain SELECT c FROM sbtest5 WHERE id=1062198
	Index Scan using sbtest5_pkey on sbtest5  (cost=0.43..8.45 rows=1 width=121)
	  Index Cond: (id = 1062198)

table 6 : explain SELECT c FROM sbtest6 WHERE id=1316470
	Index Scan using sbtest6_pkey on sbtest6  (cost=0.43..8.45 rows=1 width=121)
	  Index Cond: (id = 1316470)

table 7 : explain SELECT c FROM sbtest7 WHERE id=5216656
	Index Scan using sbtest7_pkey on sbtest7  (cost=0.43..8.45 rows=1 width=121)
	  Index Cond: (id = 5216656)

table 8 : explain SELECT c FROM sbtest8 WHERE id=910663
	Index Scan using sbtest8_pkey on sbtest8  (cost=0.43..8.45 rows=1 width=121)
	  Index Cond: (id = 910663)

for point_selects
table 1 : explain SELECT c FROM sbtest1 WHERE id=5282499
	Index Scan using sbtest1_pkey on sbtest1  (cost=0.43..8.45 rows=1 width=121)
	  Index Cond: (id = 5282499)

table 2 : explain SELECT c FROM sbtest2 WHERE id=3018715
	Index Scan using sbtest2_pkey on sbtest2  (cost=0.43..8.45 rows=1 width=121)
	  Index Cond: (id = 3018715)

table 3 : explain SELECT c FROM sbtest3 WHERE id=7448564
	Index Scan using sbtest3_pkey on sbtest3  (cost=0.43..8.45 rows=1 width=121)
	  Index Cond: (id = 7448564)

table 4 : explain SELECT c FROM sbtest4 WHERE id=6991698
	Index Scan using sbtest4_pkey on sbtest4  (cost=0.43..8.45 rows=1 width=121)
	  Index Cond: (id = 6991698)

table 5 : explain SELECT c FROM sbtest5 WHERE id=3875441
	Index Scan using sbtest5_pkey on sbtest5  (cost=0.43..8.45 rows=1 width=121)
	  Index Cond: (id = 3875441)

table 6 : explain SELECT c FROM sbtest6 WHERE id=5626699
	Index Scan using sbtest6_pkey on sbtest6  (cost=0.43..8.45 rows=1 width=121)
	  Index Cond: (id = 5626699)

table 7 : explain SELECT c FROM sbtest7 WHERE id=9350922
	Index Scan using sbtest7_pkey on sbtest7  (cost=0.43..8.45 rows=1 width=121)
	  Index Cond: (id = 9350922)

table 8 : explain SELECT c FROM sbtest8 WHERE id=873821
	Index Scan using sbtest8_pkey on sbtest8  (cost=0.43..8.45 rows=1 width=121)
	  Index Cond: (id = 873821)

for point_selects
table 1 : explain SELECT c FROM sbtest1 WHERE id=315881
	Index Scan using sbtest1_pkey on sbtest1  (cost=0.43..8.45 rows=1 width=121)
	  Index Cond: (id = 315881)

table 2 : explain SELECT c FROM sbtest2 WHERE id=5030994
	Index Scan using sbtest2_pkey on sbtest2  (cost=0.43..8.45 rows=1 width=121)
	  Index Cond: (id = 5030994)

table 3 : explain SELECT c FROM sbtest3 WHERE id=2071643
	Index Scan using sbtest3_pkey on sbtest3  (cost=0.43..8.45 rows=1 width=121)
	  Index Cond: (id = 2071643)

table 4 : explain SELECT c FROM sbtest4 WHERE id=4448919
	Index Scan using sbtest4_pkey on sbtest4  (cost=0.43..8.45 rows=1 width=121)
	  Index Cond: (id = 4448919)

table 5 : explain SELECT c FROM sbtest5 WHERE id=8632966
	Index Scan using sbtest5_pkey on sbtest5  (cost=0.43..8.45 rows=1 width=121)
	  Index Cond: (id = 8632966)

table 6 : explain SELECT c FROM sbtest6 WHERE id=4937247
	Index Scan using sbtest6_pkey on sbtest6  (cost=0.43..8.45 rows=1 width=121)
	  Index Cond: (id = 4937247)

table 7 : explain SELECT c FROM sbtest7 WHERE id=3350493
	Index Scan using sbtest7_pkey on sbtest7  (cost=0.43..8.45 rows=1 width=121)
	  Index Cond: (id = 3350493)

table 8 : explain SELECT c FROM sbtest8 WHERE id=2217266
	Index Scan using sbtest8_pkey on sbtest8  (cost=0.43..8.45 rows=1 width=121)
	  Index Cond: (id = 2217266)

for point_selects
table 1 : explain SELECT c FROM sbtest1 WHERE id=768001
	Index Scan using sbtest1_pkey on sbtest1  (cost=0.43..8.45 rows=1 width=121)
	  Index Cond: (id = 768001)

table 2 : explain SELECT c FROM sbtest2 WHERE id=1577090
	Index Scan using sbtest2_pkey on sbtest2  (cost=0.43..8.45 rows=1 width=121)
	  Index Cond: (id = 1577090)

table 3 : explain SELECT c FROM sbtest3 WHERE id=724615
	Index Scan using sbtest3_pkey on sbtest3  (cost=0.43..8.45 rows=1 width=121)
	  Index Cond: (id = 724615)

table 4 : explain SELECT c FROM sbtest4 WHERE id=5120112
	Index Scan using sbtest4_pkey on sbtest4  (cost=0.43..8.45 rows=1 width=121)
	  Index Cond: (id = 5120112)

table 5 : explain SELECT c FROM sbtest5 WHERE id=409595
	Index Scan using sbtest5_pkey on sbtest5  (cost=0.43..8.45 rows=1 width=121)
	  Index Cond: (id = 409595)

table 6 : explain SELECT c FROM sbtest6 WHERE id=2596812
	Index Scan using sbtest6_pkey on sbtest6  (cost=0.43..8.45 rows=1 width=121)
	  Index Cond: (id = 2596812)

table 7 : explain SELECT c FROM sbtest7 WHERE id=8093884
	Index Scan using sbtest7_pkey on sbtest7  (cost=0.43..8.45 rows=1 width=121)
	  Index Cond: (id = 8093884)

table 8 : explain SELECT c FROM sbtest8 WHERE id=7915148
	Index Scan using sbtest8_pkey on sbtest8  (cost=0.43..8.45 rows=1 width=121)
	  Index Cond: (id = 7915148)

for: sum_ranges
table 1 : explain SELECT SUM(k) FROM sbtest1 WHERE id BETWEEN 4487170 AND 4488169
	Aggregate  (cost=3990.68..3990.69 rows=1 width=8)
	  ->  Bitmap Heap Scan on sbtest1  (cost=34.99..3988.10 rows=1030 width=4)
	        Recheck Cond: ((id >= 4487170) AND (id <= 4488169))
	        ->  Bitmap Index Scan on sbtest1_pkey  (cost=0.00..34.73 rows=1030 width=0)
	              Index Cond: ((id >= 4487170) AND (id <= 4488169))

table 2 : explain SELECT SUM(k) FROM sbtest2 WHERE id BETWEEN 2623931 AND 2624930
	Aggregate  (cost=3843.89..3843.90 rows=1 width=8)
	  ->  Bitmap Heap Scan on sbtest2  (cost=34.58..3841.41 rows=990 width=4)
	        Recheck Cond: ((id >= 2623931) AND (id <= 2624930))
	        ->  Bitmap Index Scan on sbtest2_pkey  (cost=0.00..34.34 rows=990 width=0)
	              Index Cond: ((id >= 2623931) AND (id <= 2624930))

table 3 : explain SELECT SUM(k) FROM sbtest3 WHERE id BETWEEN 6167937 AND 6168936
	Aggregate  (cost=4246.49..4246.50 rows=1 width=8)
	  ->  Bitmap Heap Scan on sbtest3  (cost=35.68..4243.75 rows=1097 width=4)
	        Recheck Cond: ((id >= 6167937) AND (id <= 6168936))
	        ->  Bitmap Index Scan on sbtest3_pkey  (cost=0.00..35.41 rows=1097 width=0)
	              Index Cond: ((id >= 6167937) AND (id <= 6168936))

table 4 : explain SELECT SUM(k) FROM sbtest4 WHERE id BETWEEN 8785177 AND 8786176
	Aggregate  (cost=4278.77..4278.78 rows=1 width=8)
	  ->  Index Scan using sbtest4_pkey on sbtest4  (cost=0.43..4276.04 rows=1094 width=4)
	        Index Cond: ((id >= 8785177) AND (id <= 8786176))

table 5 : explain SELECT SUM(k) FROM sbtest5 WHERE id BETWEEN 4592302 AND 4593301
	Aggregate  (cost=4057.85..4057.86 rows=1 width=8)
	  ->  Bitmap Heap Scan on sbtest5  (cost=35.16..4055.24 rows=1046 width=4)
	        Recheck Cond: ((id >= 4592302) AND (id <= 4593301))
	        ->  Bitmap Index Scan on sbtest5_pkey  (cost=0.00..34.90 rows=1046 width=0)
	              Index Cond: ((id >= 4592302) AND (id <= 4593301))

table 6 : explain SELECT SUM(k) FROM sbtest6 WHERE id BETWEEN 702767 AND 703766
	Aggregate  (cost=3520.65..3520.66 rows=1 width=8)
	  ->  Bitmap Heap Scan on sbtest6  (cost=29.71..3518.38 rows=905 width=4)
	        Recheck Cond: ((id >= 702767) AND (id <= 703766))
	        ->  Bitmap Index Scan on sbtest6_pkey  (cost=0.00..29.48 rows=905 width=0)
	              Index Cond: ((id >= 702767) AND (id <= 703766))

table 7 : explain SELECT SUM(k) FROM sbtest7 WHERE id BETWEEN 6839908 AND 6840907
	Aggregate  (cost=3949.28..3949.29 rows=1 width=8)
	  ->  Index Scan using sbtest7_pkey on sbtest7  (cost=0.43..3946.77 rows=1007 width=4)
	        Index Cond: ((id >= 6839908) AND (id <= 6840907))

table 8 : explain SELECT SUM(k) FROM sbtest8 WHERE id BETWEEN 8100305 AND 8101304
	Aggregate  (cost=3839.23..3839.24 rows=1 width=8)
	  ->  Bitmap Heap Scan on sbtest8  (cost=34.56..3836.76 rows=988 width=4)
	        Recheck Cond: ((id >= 8100305) AND (id <= 8101304))
	        ->  Bitmap Index Scan on sbtest8_pkey  (cost=0.00..34.32 rows=988 width=0)
	              Index Cond: ((id >= 8100305) AND (id <= 8101304))

for: distinct_ranges
table 1 : explain SELECT DISTINCT c FROM sbtest1 WHERE id BETWEEN 1801795 AND 1802794 ORDER BY c
	Unique  (cost=3771.77..3776.57 rows=960 width=121)
	  ->  Sort  (cost=3771.77..3774.17 rows=960 width=121)
	        Sort Key: c
	        ->  Bitmap Heap Scan on sbtest1  (cost=34.28..3724.22 rows=960 width=121)
	              Recheck Cond: ((id >= 1801795) AND (id <= 1802794))
	              ->  Bitmap Index Scan on sbtest1_pkey  (cost=0.00..34.04 rows=960 width=0)
	                    Index Cond: ((id >= 1801795) AND (id <= 1802794))

table 2 : explain SELECT DISTINCT c FROM sbtest2 WHERE id BETWEEN 1552104 AND 1553103 ORDER BY c
	Unique  (cost=4131.95..4137.21 rows=1053 width=121)
	  ->  Sort  (cost=4131.95..4134.58 rows=1053 width=121)
	        Sort Key: c
	        ->  Bitmap Heap Scan on sbtest2  (cost=35.23..4079.08 rows=1053 width=121)
	              Recheck Cond: ((id >= 1552104) AND (id <= 1553103))
	              ->  Bitmap Index Scan on sbtest2_pkey  (cost=0.00..34.97 rows=1053 width=0)
	                    Index Cond: ((id >= 1552104) AND (id <= 1553103))

table 3 : explain SELECT DISTINCT c FROM sbtest3 WHERE id BETWEEN 186490 AND 187489 ORDER BY c
	Unique  (cost=4023.83..4028.95 rows=1025 width=121)
	  ->  Sort  (cost=4023.83..4026.39 rows=1025 width=121)
	        Sort Key: c
	        ->  Bitmap Heap Scan on sbtest3  (cost=34.94..3972.57 rows=1025 width=121)
	              Recheck Cond: ((id >= 186490) AND (id <= 187489))
	              ->  Bitmap Index Scan on sbtest3_pkey  (cost=0.00..34.69 rows=1025 width=0)
	                    Index Cond: ((id >= 186490) AND (id <= 187489))

table 4 : explain SELECT DISTINCT c FROM sbtest4 WHERE id BETWEEN 4477855 AND 4478854 ORDER BY c
	Unique  (cost=3688.48..3693.14 rows=932 width=121)
	  ->  Sort  (cost=3688.48..3690.81 rows=932 width=121)
	        Sort Key: c
	        ->  Index Scan using sbtest4_pkey on sbtest4  (cost=0.43..3642.51 rows=932 width=121)
	              Index Cond: ((id >= 4477855) AND (id <= 4478854))

table 5 : explain SELECT DISTINCT c FROM sbtest5 WHERE id BETWEEN 8286316 AND 8287315 ORDER BY c
	Unique  (cost=4188.11..4193.45 rows=1067 width=121)
	  ->  Sort  (cost=4188.11..4190.78 rows=1067 width=121)
	        Sort Key: c
	        ->  Bitmap Heap Scan on sbtest5  (cost=35.37..4134.45 rows=1067 width=121)
	              Recheck Cond: ((id >= 8286316) AND (id <= 8287315))
	              ->  Bitmap Index Scan on sbtest5_pkey  (cost=0.00..35.11 rows=1067 width=0)
	                    Index Cond: ((id >= 8286316) AND (id <= 8287315))

table 6 : explain SELECT DISTINCT c FROM sbtest6 WHERE id BETWEEN 6579654 AND 6580653 ORDER BY c
	Unique  (cost=4253.69..4259.11 rows=1084 width=121)
	  ->  Sort  (cost=4253.69..4256.40 rows=1084 width=121)
	        Sort Key: c
	        ->  Bitmap Heap Scan on sbtest6  (cost=35.55..4199.04 rows=1084 width=121)
	              Recheck Cond: ((id >= 6579654) AND (id <= 6580653))
	              ->  Bitmap Index Scan on sbtest6_pkey  (cost=0.00..35.28 rows=1084 width=0)
	                    Index Cond: ((id >= 6579654) AND (id <= 6580653))

table 7 : explain SELECT DISTINCT c FROM sbtest7 WHERE id BETWEEN 5056844 AND 5057843 ORDER BY c
	Unique  (cost=3724.06..3728.75 rows=938 width=121)
	  ->  Sort  (cost=3724.06..3726.41 rows=938 width=121)
	        Sort Key: c
	        ->  Index Scan using sbtest7_pkey on sbtest7  (cost=0.43..3677.76 rows=938 width=121)
	              Index Cond: ((id >= 5056844) AND (id <= 5057843))

table 8 : explain SELECT DISTINCT c FROM sbtest8 WHERE id BETWEEN 8381510 AND 8382509 ORDER BY c
	Unique  (cost=3797.60..3802.42 rows=965 width=121)
	  ->  Sort  (cost=3797.60..3800.01 rows=965 width=121)
	        Sort Key: c
	        ->  Bitmap Heap Scan on sbtest8  (cost=34.33..3749.76 rows=965 width=121)
	              Recheck Cond: ((id >= 8381510) AND (id <= 8382509))
	              ->  Bitmap Index Scan on sbtest8_pkey  (cost=0.00..34.09 rows=965 width=0)
	                    Index Cond: ((id >= 8381510) AND (id <= 8382509))

for: sum_ranges
table 1 : explain SELECT SUM(k) FROM sbtest1 WHERE id BETWEEN 7068269 AND 7069268
	Aggregate  (cost=4099.89..4099.90 rows=1 width=8)
	  ->  Bitmap Heap Scan on sbtest1  (cost=35.29..4097.24 rows=1059 width=4)
	        Recheck Cond: ((id >= 7068269) AND (id <= 7069268))
	        ->  Bitmap Index Scan on sbtest1_pkey  (cost=0.00..35.03 rows=1059 width=0)
	              Index Cond: ((id >= 7068269) AND (id <= 7069268))

table 2 : explain SELECT SUM(k) FROM sbtest2 WHERE id BETWEEN 3439972 AND 3440971
	Aggregate  (cost=3719.11..3719.12 rows=1 width=8)
	  ->  Bitmap Heap Scan on sbtest2  (cost=34.24..3716.72 rows=957 width=4)
	        Recheck Cond: ((id >= 3439972) AND (id <= 3440971))
	        ->  Bitmap Index Scan on sbtest2_pkey  (cost=0.00..34.01 rows=957 width=0)
	              Index Cond: ((id >= 3439972) AND (id <= 3440971))

table 3 : explain SELECT SUM(k) FROM sbtest3 WHERE id BETWEEN 1232501 AND 1233500
	Aggregate  (cost=3854.33..3854.34 rows=1 width=8)
	  ->  Bitmap Heap Scan on sbtest3  (cost=34.61..3851.84 rows=993 width=4)
	        Recheck Cond: ((id >= 1232501) AND (id <= 1233500))
	        ->  Bitmap Index Scan on sbtest3_pkey  (cost=0.00..34.37 rows=993 width=0)
	              Index Cond: ((id >= 1232501) AND (id <= 1233500))

table 4 : explain SELECT SUM(k) FROM sbtest4 WHERE id BETWEEN 6620946 AND 6621945
	Aggregate  (cost=3773.16..3773.17 rows=1 width=8)
	  ->  Index Scan using sbtest4_pkey on sbtest4  (cost=0.43..3770.75 rows=965 width=4)
	        Index Cond: ((id >= 6620946) AND (id <= 6621945))

table 5 : explain SELECT SUM(k) FROM sbtest5 WHERE id BETWEEN 1261458 AND 1262457
	Aggregate  (cost=3569.76..3569.77 rows=1 width=8)
	  ->  Bitmap Heap Scan on sbtest5  (cost=33.83..3567.47 rows=917 width=4)
	        Recheck Cond: ((id >= 1261458) AND (id <= 1262457))
	        ->  Bitmap Index Scan on sbtest5_pkey  (cost=0.00..33.61 rows=917 width=0)
	              Index Cond: ((id >= 1261458) AND (id <= 1262457))

table 6 : explain SELECT SUM(k) FROM sbtest6 WHERE id BETWEEN 1268067 AND 1269066
	Aggregate  (cost=4031.90..4031.91 rows=1 width=8)
	  ->  Bitmap Heap Scan on sbtest6  (cost=35.08..4029.30 rows=1039 width=4)
	        Recheck Cond: ((id >= 1268067) AND (id <= 1269066))
	        ->  Bitmap Index Scan on sbtest6_pkey  (cost=0.00..34.83 rows=1039 width=0)
	              Index Cond: ((id >= 1268067) AND (id <= 1269066))

table 7 : explain SELECT SUM(k) FROM sbtest7 WHERE id BETWEEN 6863852 AND 6864851
	Aggregate  (cost=3949.28..3949.29 rows=1 width=8)
	  ->  Index Scan using sbtest7_pkey on sbtest7  (cost=0.43..3946.77 rows=1007 width=4)
	        Index Cond: ((id >= 6863852) AND (id <= 6864851))

table 8 : explain SELECT SUM(k) FROM sbtest8 WHERE id BETWEEN 3267453 AND 3268452
	Aggregate  (cost=3743.08..3743.09 rows=1 width=8)
	  ->  Index Scan using sbtest8_pkey on sbtest8  (cost=0.43..3740.70 rows=953 width=4)
	        Index Cond: ((id >= 3267453) AND (id <= 3268452))

for: simple_ranges
table 1 : explain SELECT c FROM sbtest1 WHERE id BETWEEN 2889897 AND 2890896
	Bitmap Heap Scan on sbtest1  (cost=34.64..3860.01 rows=996 width=121)
	  Recheck Cond: ((id >= 2889897) AND (id <= 2890896))
	  ->  Bitmap Index Scan on sbtest1_pkey  (cost=0.00..34.40 rows=996 width=0)
	        Index Cond: ((id >= 2889897) AND (id <= 2890896))

table 2 : explain SELECT c FROM sbtest2 WHERE id BETWEEN 1807243 AND 1808242
	Bitmap Heap Scan on sbtest2  (cost=35.18..4060.24 rows=1048 width=121)
	  Recheck Cond: ((id >= 1807243) AND (id <= 1808242))
	  ->  Bitmap Index Scan on sbtest2_pkey  (cost=0.00..34.92 rows=1048 width=0)
	        Index Cond: ((id >= 1807243) AND (id <= 1808242))

table 3 : explain SELECT c FROM sbtest3 WHERE id BETWEEN 7249029 AND 7250028
	Bitmap Heap Scan on sbtest3  (cost=34.86..3942.40 rows=1017 width=121)
	  Recheck Cond: ((id >= 7249029) AND (id <= 7250028))
	  ->  Bitmap Index Scan on sbtest3_pkey  (cost=0.00..34.61 rows=1017 width=0)
	        Index Cond: ((id >= 7249029) AND (id <= 7250028))

table 4 : explain SELECT c FROM sbtest4 WHERE id BETWEEN 6526363 AND 6527362
	Index Scan using sbtest4_pkey on sbtest4  (cost=0.43..4205.96 rows=1077 width=121)
	  Index Cond: ((id >= 6526363) AND (id <= 6527362))

table 5 : explain SELECT c FROM sbtest5 WHERE id BETWEEN 8910217 AND 8911216
	Bitmap Heap Scan on sbtest5  (cost=34.89..3957.09 rows=1020 width=121)
	  Recheck Cond: ((id >= 8910217) AND (id <= 8911216))
	  ->  Bitmap Index Scan on sbtest5_pkey  (cost=0.00..34.64 rows=1020 width=0)
	        Index Cond: ((id >= 8910217) AND (id <= 8911216))

table 6 : explain SELECT c FROM sbtest6 WHERE id BETWEEN 1704766 AND 1705765
	Bitmap Heap Scan on sbtest6  (cost=34.47..3802.60 rows=979 width=121)
	  Recheck Cond: ((id >= 1704766) AND (id <= 1705765))
	  ->  Bitmap Index Scan on sbtest6_pkey  (cost=0.00..34.23 rows=979 width=0)
	        Index Cond: ((id >= 1704766) AND (id <= 1705765))

table 7 : explain SELECT c FROM sbtest7 WHERE id BETWEEN 8636093 AND 8637092
	Index Scan using sbtest7_pkey on sbtest7  (cost=0.43..3459.32 rows=883 width=121)
	  Index Cond: ((id >= 8636093) AND (id <= 8637092))

table 8 : explain SELECT c FROM sbtest8 WHERE id BETWEEN 5882686 AND 5883685
	Bitmap Heap Scan on sbtest8  (cost=34.59..3848.10 rows=991 width=121)
	  Recheck Cond: ((id >= 5882686) AND (id <= 5883685))
	  ->  Bitmap Index Scan on sbtest8_pkey  (cost=0.00..34.34 rows=991 width=0)
	        Index Cond: ((id >= 5882686) AND (id <= 5883685))

for: sum_ranges
table 1 : explain SELECT SUM(k) FROM sbtest1 WHERE id BETWEEN 1809624 AND 1810623
	Aggregate  (cost=3726.62..3726.63 rows=1 width=8)
	  ->  Bitmap Heap Scan on sbtest1  (cost=34.28..3724.22 rows=960 width=4)
	        Recheck Cond: ((id >= 1809624) AND (id <= 1810623))
	        ->  Bitmap Index Scan on sbtest1_pkey  (cost=0.00..34.04 rows=960 width=0)
	              Index Cond: ((id >= 1809624) AND (id <= 1810623))

table 2 : explain SELECT SUM(k) FROM sbtest2 WHERE id BETWEEN 8166894 AND 8167893
	Aggregate  (cost=4077.94..4077.95 rows=1 width=8)
	  ->  Bitmap Heap Scan on sbtest2  (cost=35.22..4075.31 rows=1052 width=4)
	        Recheck Cond: ((id >= 8166894) AND (id <= 8167893))
	        ->  Bitmap Index Scan on sbtest2_pkey  (cost=0.00..34.95 rows=1052 width=0)
	              Index Cond: ((id >= 8166894) AND (id <= 8167893))

table 3 : explain SELECT SUM(k) FROM sbtest3 WHERE id BETWEEN 723255 AND 724254
	Aggregate  (cost=3490.91..3490.92 rows=1 width=8)
	  ->  Bitmap Heap Scan on sbtest3  (cost=29.64..3488.66 rows=898 width=4)
	        Recheck Cond: ((id >= 723255) AND (id <= 724254))
	        ->  Bitmap Index Scan on sbtest3_pkey  (cost=0.00..29.41 rows=898 width=0)
	              Index Cond: ((id >= 723255) AND (id <= 724254))

table 4 : explain SELECT SUM(k) FROM sbtest4 WHERE id BETWEEN 523783 AND 524782
	Aggregate  (cost=4088.11..4088.12 rows=1 width=8)
	  ->  Index Scan using sbtest4_pkey on sbtest4  (cost=0.43..4085.49 rows=1046 width=4)
	        Index Cond: ((id >= 523783) AND (id <= 524782))

table 5 : explain SELECT SUM(k) FROM sbtest5 WHERE id BETWEEN 3662061 AND 3663060
	Aggregate  (cost=3592.51..3592.52 rows=1 width=8)
	  ->  Bitmap Heap Scan on sbtest5  (cost=33.90..3590.20 rows=923 width=4)
	        Recheck Cond: ((id >= 3662061) AND (id <= 3663060))
	        ->  Bitmap Index Scan on sbtest5_pkey  (cost=0.00..33.67 rows=923 width=0)
	              Index Cond: ((id >= 3662061) AND (id <= 3663060))

table 6 : explain SELECT SUM(k) FROM sbtest6 WHERE id BETWEEN 3659606 AND 3660605
	Aggregate  (cost=3903.40..3903.41 rows=1 width=8)
	  ->  Bitmap Heap Scan on sbtest6  (cost=34.74..3900.89 rows=1005 width=4)
	        Recheck Cond: ((id >= 3659606) AND (id <= 3660605))
	        ->  Bitmap Index Scan on sbtest6_pkey  (cost=0.00..34.48 rows=1005 width=0)
	              Index Cond: ((id >= 3659606) AND (id <= 3660605))

table 7 : explain SELECT SUM(k) FROM sbtest7 WHERE id BETWEEN 4831212 AND 4832211
	Aggregate  (cost=3879.08..3879.09 rows=1 width=8)
	  ->  Index Scan using sbtest7_pkey on sbtest7  (cost=0.43..3876.61 rows=989 width=4)
	        Index Cond: ((id >= 4831212) AND (id <= 4832211))

table 8 : explain SELECT SUM(k) FROM sbtest8 WHERE id BETWEEN 7900101 AND 7901100
	Aggregate  (cost=4024.48..4024.49 rows=1 width=8)
	  ->  Bitmap Heap Scan on sbtest8  (cost=35.06..4021.89 rows=1037 width=4)
	        Recheck Cond: ((id >= 7900101) AND (id <= 7901100))
	        ->  Bitmap Index Scan on sbtest8_pkey  (cost=0.00..34.81 rows=1037 width=0)
	              Index Cond: ((id >= 7900101) AND (id <= 7901100))

for point_selects
table 1 : explain SELECT c FROM sbtest1 WHERE id=6978769
	Index Scan using sbtest1_pkey on sbtest1  (cost=0.43..8.45 rows=1 width=121)
	  Index Cond: (id = 6978769)

table 2 : explain SELECT c FROM sbtest2 WHERE id=6762300
	Index Scan using sbtest2_pkey on sbtest2  (cost=0.43..8.45 rows=1 width=121)
	  Index Cond: (id = 6762300)

table 3 : explain SELECT c FROM sbtest3 WHERE id=1028610
	Index Scan using sbtest3_pkey on sbtest3  (cost=0.43..8.45 rows=1 width=121)
	  Index Cond: (id = 1028610)

table 4 : explain SELECT c FROM sbtest4 WHERE id=9608558
	Index Scan using sbtest4_pkey on sbtest4  (cost=0.43..8.45 rows=1 width=121)
	  Index Cond: (id = 9608558)

table 5 : explain SELECT c FROM sbtest5 WHERE id=898178
	Index Scan using sbtest5_pkey on sbtest5  (cost=0.43..8.45 rows=1 width=121)
	  Index Cond: (id = 898178)

table 6 : explain SELECT c FROM sbtest6 WHERE id=8326391
	Index Scan using sbtest6_pkey on sbtest6  (cost=0.43..8.45 rows=1 width=121)
	  Index Cond: (id = 8326391)

table 7 : explain SELECT c FROM sbtest7 WHERE id=2346413
	Index Scan using sbtest7_pkey on sbtest7  (cost=0.43..8.45 rows=1 width=121)
	  Index Cond: (id = 2346413)

table 8 : explain SELECT c FROM sbtest8 WHERE id=4968541
	Index Scan using sbtest8_pkey on sbtest8  (cost=0.43..8.45 rows=1 width=121)
	  Index Cond: (id = 4968541)

for: simple_ranges
table 1 : explain SELECT c FROM sbtest1 WHERE id BETWEEN 1417824 AND 1418823
	Bitmap Heap Scan on sbtest1  (cost=34.57..3833.62 rows=989 width=121)
	  Recheck Cond: ((id >= 1417824) AND (id <= 1418823))
	  ->  Bitmap Index Scan on sbtest1_pkey  (cost=0.00..34.33 rows=989 width=0)
	        Index Cond: ((id >= 1417824) AND (id <= 1418823))

table 2 : explain SELECT c FROM sbtest2 WHERE id BETWEEN 3690136 AND 3691135
	Bitmap Heap Scan on sbtest2  (cost=34.53..3822.53 rows=985 width=121)
	  Recheck Cond: ((id >= 3690136) AND (id <= 3691135))
	  ->  Bitmap Index Scan on sbtest2_pkey  (cost=0.00..34.29 rows=985 width=0)
	        Index Cond: ((id >= 3690136) AND (id <= 3691135))

table 3 : explain SELECT c FROM sbtest3 WHERE id BETWEEN 3519525 AND 3520524
	Bitmap Heap Scan on sbtest3  (cost=34.81..3923.54 rows=1012 width=121)
	  Recheck Cond: ((id >= 3519525) AND (id <= 3520524))
	  ->  Bitmap Index Scan on sbtest3_pkey  (cost=0.00..34.56 rows=1012 width=0)
	        Index Cond: ((id >= 3519525) AND (id <= 3520524))

table 4 : explain SELECT c FROM sbtest4 WHERE id BETWEEN 9959471 AND 9960470
	Index Scan using sbtest4_pkey on sbtest4  (cost=0.43..3926.18 rows=1005 width=121)
	  Index Cond: ((id >= 9959471) AND (id <= 9960470))

table 5 : explain SELECT c FROM sbtest5 WHERE id BETWEEN 4951543 AND 4952542
	Bitmap Heap Scan on sbtest5  (cost=34.00..3628.08 rows=933 width=121)
	  Recheck Cond: ((id >= 4951543) AND (id <= 4952542))
	  ->  Bitmap Index Scan on sbtest5_pkey  (cost=0.00..33.77 rows=933 width=0)
	        Index Cond: ((id >= 4951543) AND (id <= 4952542))

table 6 : explain SELECT c FROM sbtest6 WHERE id BETWEEN 8672910 AND 8673909
	Bitmap Heap Scan on sbtest6  (cost=34.38..3768.56 rows=970 width=121)
	  Recheck Cond: ((id >= 8672910) AND (id <= 8673909))
	  ->  Bitmap Index Scan on sbtest6_pkey  (cost=0.00..34.14 rows=970 width=0)
	        Index Cond: ((id >= 8672910) AND (id <= 8673909))

table 7 : explain SELECT c FROM sbtest7 WHERE id BETWEEN 5650755 AND 5651754
	Index Scan using sbtest7_pkey on sbtest7  (cost=0.43..3763.54 rows=960 width=121)
	  Index Cond: ((id >= 5650755) AND (id <= 5651754))

table 8 : explain SELECT c FROM sbtest8 WHERE id BETWEEN 1015558 AND 1016557
	Bitmap Heap Scan on sbtest8  (cost=34.78..3916.14 rows=1009 width=121)
	  Recheck Cond: ((id >= 1015558) AND (id <= 1016557))
	  ->  Bitmap Index Scan on sbtest8_pkey  (cost=0.00..34.53 rows=1009 width=0)
	        Index Cond: ((id >= 1015558) AND (id <= 1016557))

for: simple_ranges
table 1 : explain SELECT c FROM sbtest1 WHERE id BETWEEN 9555697 AND 9556696
	Bitmap Heap Scan on sbtest1  (cost=34.98..3984.34 rows=1029 width=121)
	  Recheck Cond: ((id >= 9555697) AND (id <= 9556696))
	  ->  Bitmap Index Scan on sbtest1_pkey  (cost=0.00..34.73 rows=1029 width=0)
	        Index Cond: ((id >= 9555697) AND (id <= 9556696))

table 2 : explain SELECT c FROM sbtest2 WHERE id BETWEEN 1523038 AND 1524037
	Bitmap Heap Scan on sbtest2  (cost=35.23..4079.08 rows=1053 width=121)
	  Recheck Cond: ((id >= 1523038) AND (id <= 1524037))
	  ->  Bitmap Index Scan on sbtest2_pkey  (cost=0.00..34.97 rows=1053 width=0)
	        Index Cond: ((id >= 1523038) AND (id <= 1524037))

table 3 : explain SELECT c FROM sbtest3 WHERE id BETWEEN 2409191 AND 2410190
	Bitmap Heap Scan on sbtest3  (cost=34.76..3904.68 rows=1007 width=121)
	  Recheck Cond: ((id >= 2409191) AND (id <= 2410190))
	  ->  Bitmap Index Scan on sbtest3_pkey  (cost=0.00..34.51 rows=1007 width=0)
	        Index Cond: ((id >= 2409191) AND (id <= 2410190))

table 4 : explain SELECT c FROM sbtest4 WHERE id BETWEEN 3398186 AND 3399185
	Index Scan using sbtest4_pkey on sbtest4  (cost=0.43..4015.56 rows=1028 width=121)
	  Index Cond: ((id >= 3398186) AND (id <= 3399185))

table 5 : explain SELECT c FROM sbtest5 WHERE id BETWEEN 4131536 AND 4132535
	Bitmap Heap Scan on sbtest5  (cost=34.80..3923.10 rows=1011 width=121)
	  Recheck Cond: ((id >= 4131536) AND (id <= 4132535))
	  ->  Bitmap Index Scan on sbtest5_pkey  (cost=0.00..34.55 rows=1011 width=0)
	        Index Cond: ((id >= 4131536) AND (id <= 4132535))

table 6 : explain SELECT c FROM sbtest6 WHERE id BETWEEN 1696573 AND 1697572
	Bitmap Heap Scan on sbtest6  (cost=34.47..3802.60 rows=979 width=121)
	  Recheck Cond: ((id >= 1696573) AND (id <= 1697572))
	  ->  Bitmap Index Scan on sbtest6_pkey  (cost=0.00..34.23 rows=979 width=0)
	        Index Cond: ((id >= 1696573) AND (id <= 1697572))

table 7 : explain SELECT c FROM sbtest7 WHERE id BETWEEN 8115353 AND 8116352
	Bitmap Heap Scan on sbtest7  (cost=34.88..3954.00 rows=1019 width=121)
	  Recheck Cond: ((id >= 8115353) AND (id <= 8116352))
	  ->  Bitmap Index Scan on sbtest7_pkey  (cost=0.00..34.62 rows=1019 width=0)
	        Index Cond: ((id >= 8115353) AND (id <= 8116352))

table 8 : explain SELECT c FROM sbtest8 WHERE id BETWEEN 7929985 AND 7930984
	Index Scan using sbtest8_pkey on sbtest8  (cost=0.43..3705.57 rows=944 width=121)
	  Index Cond: ((id >= 7929985) AND (id <= 7930984))

for: simple_ranges
table 1 : explain SELECT c FROM sbtest1 WHERE id BETWEEN 4373785 AND 4374784
	Bitmap Heap Scan on sbtest1  (cost=34.55..3826.08 rows=987 width=121)
	  Recheck Cond: ((id >= 4373785) AND (id <= 4374784))
	  ->  Bitmap Index Scan on sbtest1_pkey  (cost=0.00..34.31 rows=987 width=0)
	        Index Cond: ((id >= 4373785) AND (id <= 4374784))

table 2 : explain SELECT c FROM sbtest2 WHERE id BETWEEN 7177233 AND 7178232
	Bitmap Heap Scan on sbtest2  (cost=34.50..3811.20 rows=982 width=121)
	  Recheck Cond: ((id >= 7177233) AND (id <= 7178232))
	  ->  Bitmap Index Scan on sbtest2_pkey  (cost=0.00..34.26 rows=982 width=0)
	        Index Cond: ((id >= 7177233) AND (id <= 7178232))

table 3 : explain SELECT c FROM sbtest3 WHERE id BETWEEN 9164926 AND 9165925
	Bitmap Heap Scan on sbtest3  (cost=39.85..4311.68 rows=1114 width=121)
	  Recheck Cond: ((id >= 9164926) AND (id <= 9165925))
	  ->  Bitmap Index Scan on sbtest3_pkey  (cost=0.00..39.58 rows=1114 width=0)
	        Index Cond: ((id >= 9164926) AND (id <= 9165925))

table 4 : explain SELECT c FROM sbtest4 WHERE id BETWEEN 6749043 AND 6750042
	Index Scan using sbtest4_pkey on sbtest4  (cost=0.43..3972.80 rows=1017 width=121)
	  Index Cond: ((id >= 6749043) AND (id <= 6750042))

table 5 : explain SELECT c FROM sbtest5 WHERE id BETWEEN 9617736 AND 9618735
	Bitmap Heap Scan on sbtest5  (cost=34.83..3934.43 rows=1014 width=121)
	  Recheck Cond: ((id >= 9617736) AND (id <= 9618735))
	  ->  Bitmap Index Scan on sbtest5_pkey  (cost=0.00..34.58 rows=1014 width=0)
	        Index Cond: ((id >= 9617736) AND (id <= 9618735))

table 6 : explain SELECT c FROM sbtest6 WHERE id BETWEEN 8860141 AND 8861140
	Bitmap Heap Scan on sbtest6  (cost=35.25..4089.68 rows=1055 width=121)
	  Recheck Cond: ((id >= 8860141) AND (id <= 8861140))
	  ->  Bitmap Index Scan on sbtest6_pkey  (cost=0.00..34.98 rows=1055 width=0)
	        Index Cond: ((id >= 8860141) AND (id <= 8861140))

table 7 : explain SELECT c FROM sbtest7 WHERE id BETWEEN 1713609 AND 1714608
	Index Scan using sbtest7_pkey on sbtest7  (cost=0.43..3537.30 rows=903 width=121)
	  Index Cond: ((id >= 1713609) AND (id <= 1714608))

table 8 : explain SELECT c FROM sbtest8 WHERE id BETWEEN 4018161 AND 4019160
	Bitmap Heap Scan on sbtest8  (cost=34.47..3802.72 rows=979 width=121)
	  Recheck Cond: ((id >= 4018161) AND (id <= 4019160))
	  ->  Bitmap Index Scan on sbtest8_pkey  (cost=0.00..34.23 rows=979 width=0)
	        Index Cond: ((id >= 4018161) AND (id <= 4019160))

for point_selects
table 1 : explain SELECT c FROM sbtest1 WHERE id=1173553
	Index Scan using sbtest1_pkey on sbtest1  (cost=0.43..8.45 rows=1 width=121)
	  Index Cond: (id = 1173553)

table 2 : explain SELECT c FROM sbtest2 WHERE id=8764029
	Index Scan using sbtest2_pkey on sbtest2  (cost=0.43..8.45 rows=1 width=121)
	  Index Cond: (id = 8764029)

table 3 : explain SELECT c FROM sbtest3 WHERE id=5282150
	Index Scan using sbtest3_pkey on sbtest3  (cost=0.43..8.45 rows=1 width=121)
	  Index Cond: (id = 5282150)

table 4 : explain SELECT c FROM sbtest4 WHERE id=8308643
	Index Scan using sbtest4_pkey on sbtest4  (cost=0.43..8.45 rows=1 width=121)
	  Index Cond: (id = 8308643)

table 5 : explain SELECT c FROM sbtest5 WHERE id=9819069
	Index Scan using sbtest5_pkey on sbtest5  (cost=0.43..8.45 rows=1 width=121)
	  Index Cond: (id = 9819069)

table 6 : explain SELECT c FROM sbtest6 WHERE id=1461744
	Index Scan using sbtest6_pkey on sbtest6  (cost=0.43..8.45 rows=1 width=121)
	  Index Cond: (id = 1461744)

table 7 : explain SELECT c FROM sbtest7 WHERE id=9320654
	Index Scan using sbtest7_pkey on sbtest7  (cost=0.43..8.45 rows=1 width=121)
	  Index Cond: (id = 9320654)

table 8 : explain SELECT c FROM sbtest8 WHERE id=6940219
	Index Scan using sbtest8_pkey on sbtest8  (cost=0.43..8.45 rows=1 width=121)
	  Index Cond: (id = 6940219)

for: distinct_ranges
table 1 : explain SELECT DISTINCT c FROM sbtest1 WHERE id BETWEEN 3351451 AND 3352450 ORDER BY c
	Unique  (cost=4226.81..4232.20 rows=1079 width=121)
	  ->  Sort  (cost=4226.81..4229.50 rows=1079 width=121)
	        Sort Key: c
	        ->  Bitmap Heap Scan on sbtest1  (cost=35.49..4172.45 rows=1079 width=121)
	              Recheck Cond: ((id >= 3351451) AND (id <= 3352450))
	              ->  Bitmap Index Scan on sbtest1_pkey  (cost=0.00..35.23 rows=1079 width=0)
	                    Index Cond: ((id >= 3351451) AND (id <= 3352450))

table 2 : explain SELECT DISTINCT c FROM sbtest2 WHERE id BETWEEN 6270319 AND 6271318 ORDER BY c
	Unique  (cost=4020.94..4026.06 rows=1024 width=121)
	  ->  Sort  (cost=4020.94..4023.50 rows=1024 width=121)
	        Sort Key: c
	        ->  Bitmap Heap Scan on sbtest2  (cost=34.93..3969.74 rows=1024 width=121)
	              Recheck Cond: ((id >= 6270319) AND (id <= 6271318))
	              ->  Bitmap Index Scan on sbtest2_pkey  (cost=0.00..34.68 rows=1024 width=0)
	                    Index Cond: ((id >= 6270319) AND (id <= 6271318))

table 3 : explain SELECT DISTINCT c FROM sbtest3 WHERE id BETWEEN 9109159 AND 9110158 ORDER BY c
	Unique  (cost=3797.77..3802.60 rows=966 width=121)
	  ->  Sort  (cost=3797.77..3800.19 rows=966 width=121)
	        Sort Key: c
	        ->  Bitmap Heap Scan on sbtest3  (cost=34.34..3749.88 rows=966 width=121)
	              Recheck Cond: ((id >= 9109159) AND (id <= 9110158))
	              ->  Bitmap Index Scan on sbtest3_pkey  (cost=0.00..34.09 rows=966 width=0)
	                    Index Cond: ((id >= 9109159) AND (id <= 9110158))

table 4 : explain SELECT DISTINCT c FROM sbtest4 WHERE id BETWEEN 369125 AND 370124 ORDER BY c
	Unique  (cost=3846.17..3851.03 rows=972 width=121)
	  ->  Sort  (cost=3846.17..3848.60 rows=972 width=121)
	        Sort Key: c
	        ->  Index Scan using sbtest4_pkey on sbtest4  (cost=0.43..3797.94 rows=972 width=121)
	              Index Cond: ((id >= 369125) AND (id <= 370124))

table 5 : explain SELECT DISTINCT c FROM sbtest5 WHERE id BETWEEN 4245871 AND 4246870 ORDER BY c
	Unique  (cost=4287.61..4293.07 rows=1093 width=121)
	  ->  Sort  (cost=4287.61..4290.34 rows=1093 width=121)
	        Sort Key: c
	        ->  Bitmap Heap Scan on sbtest5  (cost=35.64..4232.44 rows=1093 width=121)
	              Recheck Cond: ((id >= 4245871) AND (id <= 4246870))
	              ->  Bitmap Index Scan on sbtest5_pkey  (cost=0.00..35.37 rows=1093 width=0)
	                    Index Cond: ((id >= 4245871) AND (id <= 4246870))

table 6 : explain SELECT DISTINCT c FROM sbtest6 WHERE id BETWEEN 1525490 AND 1526489 ORDER BY c
	Unique  (cost=4039.20..4044.34 rows=1028 width=121)
	  ->  Sort  (cost=4039.20..4041.77 rows=1028 width=121)
	        Sort Key: c
	        ->  Bitmap Heap Scan on sbtest6  (cost=34.97..3987.77 rows=1028 width=121)
	              Recheck Cond: ((id >= 1525490) AND (id <= 1526489))
	              ->  Bitmap Index Scan on sbtest6_pkey  (cost=0.00..34.72 rows=1028 width=0)
	                    Index Cond: ((id >= 1525490) AND (id <= 1526489))

table 7 : explain SELECT DISTINCT c FROM sbtest7 WHERE id BETWEEN 7545938 AND 7546937 ORDER BY c
	Unique  (cost=4319.15..4324.65 rows=1100 width=121)
	  ->  Sort  (cost=4319.15..4321.90 rows=1100 width=121)
	        Sort Key: c
	        ->  Bitmap Heap Scan on sbtest7  (cost=39.71..4263.58 rows=1100 width=121)
	              Recheck Cond: ((id >= 7545938) AND (id <= 7546937))
	              ->  Bitmap Index Scan on sbtest7_pkey  (cost=0.00..39.44 rows=1100 width=0)
	                    Index Cond: ((id >= 7545938) AND (id <= 7546937))

table 8 : explain SELECT DISTINCT c FROM sbtest8 WHERE id BETWEEN 8915493 AND 8916492 ORDER BY c
	Unique  (cost=4146.63..4151.91 rows=1056 width=121)
	  ->  Sort  (cost=4146.63..4149.27 rows=1056 width=121)
	        Sort Key: c
	        ->  Bitmap Heap Scan on sbtest8  (cost=35.26..4093.60 rows=1056 width=121)
	              Recheck Cond: ((id >= 8915493) AND (id <= 8916492))
	              ->  Bitmap Index Scan on sbtest8_pkey  (cost=0.00..35.00 rows=1056 width=0)
	                    Index Cond: ((id >= 8915493) AND (id <= 8916492))

for: simple_ranges
table 1 : explain SELECT c FROM sbtest1 WHERE id BETWEEN 826725 AND 827724
	Bitmap Heap Scan on sbtest1  (cost=34.72..3886.39 rows=1003 width=121)
	  Recheck Cond: ((id >= 826725) AND (id <= 827724))
	  ->  Bitmap Index Scan on sbtest1_pkey  (cost=0.00..34.47 rows=1003 width=0)
	        Index Cond: ((id >= 826725) AND (id <= 827724))

table 2 : explain SELECT c FROM sbtest2 WHERE id BETWEEN 9199347 AND 9200346
	Bitmap Heap Scan on sbtest2  (cost=29.48..3428.80 rows=882 width=121)
	  Recheck Cond: ((id >= 9199347) AND (id <= 9200346))
	  ->  Bitmap Index Scan on sbtest2_pkey  (cost=0.00..29.25 rows=882 width=0)
	        Index Cond: ((id >= 9199347) AND (id <= 9200346))

table 3 : explain SELECT c FROM sbtest3 WHERE id BETWEEN 6181326 AND 6182325
	Bitmap Heap Scan on sbtest3  (cost=34.57..3836.74 rows=989 width=121)
	  Recheck Cond: ((id >= 6181326) AND (id <= 6182325))
	  ->  Bitmap Index Scan on sbtest3_pkey  (cost=0.00..34.33 rows=989 width=0)
	        Index Cond: ((id >= 6181326) AND (id <= 6182325))

table 4 : explain SELECT c FROM sbtest4 WHERE id BETWEEN 8009221 AND 8010220
	Index Scan using sbtest4_pkey on sbtest4  (cost=0.43..4303.23 rows=1101 width=121)
	  Index Cond: ((id >= 8009221) AND (id <= 8010220))

table 5 : explain SELECT c FROM sbtest5 WHERE id BETWEEN 5532063 AND 5533062
	Bitmap Heap Scan on sbtest5  (cost=34.09..3662.16 rows=942 width=121)
	  Recheck Cond: ((id >= 5532063) AND (id <= 5533062))
	  ->  Bitmap Index Scan on sbtest5_pkey  (cost=0.00..33.86 rows=942 width=0)
	        Index Cond: ((id >= 5532063) AND (id <= 5533062))

table 6 : explain SELECT c FROM sbtest6 WHERE id BETWEEN 667512 AND 668511
	Bitmap Heap Scan on sbtest6  (cost=34.94..3976.45 rows=1025 width=121)
	  Recheck Cond: ((id >= 667512) AND (id <= 668511))
	  ->  Bitmap Index Scan on sbtest6_pkey  (cost=0.00..34.69 rows=1025 width=0)
	        Index Cond: ((id >= 667512) AND (id <= 668511))

table 7 : explain SELECT c FROM sbtest7 WHERE id BETWEEN 890622 AND 891621
	Bitmap Heap Scan on sbtest7  (cost=35.13..4044.62 rows=1043 width=121)
	  Recheck Cond: ((id >= 890622) AND (id <= 891621))
	  ->  Bitmap Index Scan on sbtest7_pkey  (cost=0.00..34.87 rows=1043 width=0)
	        Index Cond: ((id >= 890622) AND (id <= 891621))

table 8 : explain SELECT c FROM sbtest8 WHERE id BETWEEN 933251 AND 934250
	Bitmap Heap Scan on sbtest8  (cost=34.82..3931.25 rows=1013 width=121)
	  Recheck Cond: ((id >= 933251) AND (id <= 934250))
	  ->  Bitmap Index Scan on sbtest8_pkey  (cost=0.00..34.57 rows=1013 width=0)
	        Index Cond: ((id >= 933251) AND (id <= 934250))

for: sum_ranges
table 1 : explain SELECT SUM(k) FROM sbtest1 WHERE id BETWEEN 9246545 AND 9247544
	Aggregate  (cost=4367.10..4367.11 rows=1 width=8)
	  ->  Bitmap Heap Scan on sbtest1  (cost=40.02..4364.28 rows=1130 width=4)
	        Recheck Cond: ((id >= 9246545) AND (id <= 9247544))
	        ->  Bitmap Index Scan on sbtest1_pkey  (cost=0.00..39.73 rows=1130 width=0)
	              Index Cond: ((id >= 9246545) AND (id <= 9247544))

table 2 : explain SELECT SUM(k) FROM sbtest2 WHERE id BETWEEN 3331986 AND 3332985
	Aggregate  (cost=4100.57..4100.58 rows=1 width=8)
	  ->  Bitmap Heap Scan on sbtest2  (cost=35.28..4097.93 rows=1058 width=4)
	        Recheck Cond: ((id >= 3331986) AND (id <= 3332985))
	        ->  Bitmap Index Scan on sbtest2_pkey  (cost=0.00..35.02 rows=1058 width=0)
	              Index Cond: ((id >= 3331986) AND (id <= 3332985))

table 3 : explain SELECT SUM(k) FROM sbtest3 WHERE id BETWEEN 7706245 AND 7707244
	Aggregate  (cost=3597.18..3597.19 rows=1 width=8)
	  ->  Bitmap Heap Scan on sbtest3  (cost=33.92..3594.86 rows=925 width=4)
	        Recheck Cond: ((id >= 7706245) AND (id <= 7707244))
	        ->  Bitmap Index Scan on sbtest3_pkey  (cost=0.00..33.69 rows=925 width=0)
	              Index Cond: ((id >= 7706245) AND (id <= 7707244))

table 4 : explain SELECT SUM(k) FROM sbtest4 WHERE id BETWEEN 338464 AND 339463
	Aggregate  (cost=3800.37..3800.38 rows=1 width=8)
	  ->  Index Scan using sbtest4_pkey on sbtest4  (cost=0.43..3797.94 rows=972 width=4)
	        Index Cond: ((id >= 338464) AND (id <= 339463))

table 5 : explain SELECT SUM(k) FROM sbtest5 WHERE id BETWEEN 7984675 AND 7985674
	Aggregate  (cost=3887.82..3887.83 rows=1 width=8)
	  ->  Bitmap Heap Scan on sbtest5  (cost=34.70..3885.32 rows=1001 width=4)
	        Recheck Cond: ((id >= 7984675) AND (id <= 7985674))
	        ->  Bitmap Index Scan on sbtest5_pkey  (cost=0.00..34.45 rows=1001 width=0)
	              Index Cond: ((id >= 7984675) AND (id <= 7985674))

table 6 : explain SELECT SUM(k) FROM sbtest6 WHERE id BETWEEN 4816784 AND 4817783
	Aggregate  (cost=3805.05..3805.06 rows=1 width=8)
	  ->  Bitmap Heap Scan on sbtest6  (cost=34.47..3802.60 rows=979 width=4)
	        Recheck Cond: ((id >= 4816784) AND (id <= 4817783))
	        ->  Bitmap Index Scan on sbtest6_pkey  (cost=0.00..34.23 rows=979 width=0)
	              Index Cond: ((id >= 4816784) AND (id <= 4817783))

table 7 : explain SELECT SUM(k) FROM sbtest7 WHERE id BETWEEN 5816756 AND 5817755
	Aggregate  (cost=3984.42..3984.43 rows=1 width=8)
	  ->  Index Scan using sbtest7_pkey on sbtest7  (cost=0.43..3981.88 rows=1016 width=4)
	        Index Cond: ((id >= 5816756) AND (id <= 5817755))

table 8 : explain SELECT SUM(k) FROM sbtest8 WHERE id BETWEEN 1667588 AND 1668587
	Aggregate  (cost=3590.75..3590.76 rows=1 width=8)
	  ->  Index Scan using sbtest8_pkey on sbtest8  (cost=0.43..3588.47 rows=914 width=4)
	        Index Cond: ((id >= 1667588) AND (id <= 1668587))

for: order_ranges
table 1 : explain SELECT c FROM sbtest1 WHERE id BETWEEN 8084907 AND 8085906 ORDER BY c
	Sort  (cost=3806.25..3808.67 rows=969 width=121)
	  Sort Key: c
	  ->  Bitmap Heap Scan on sbtest1  (cost=34.37..3758.18 rows=969 width=121)
	        Recheck Cond: ((id >= 8084907) AND (id <= 8085906))
	        ->  Bitmap Index Scan on sbtest1_pkey  (cost=0.00..34.12 rows=969 width=0)
	              Index Cond: ((id >= 8084907) AND (id <= 8085906))

table 2 : explain SELECT c FROM sbtest2 WHERE id BETWEEN 1980430 AND 1981429 ORDER BY c
	Sort  (cost=3725.72..3728.09 rows=947 width=121)
	  Sort Key: c
	  ->  Bitmap Heap Scan on sbtest2  (cost=34.14..3678.91 rows=947 width=121)
	        Recheck Cond: ((id >= 1980430) AND (id <= 1981429))
	        ->  Bitmap Index Scan on sbtest2_pkey  (cost=0.00..33.91 rows=947 width=0)
	              Index Cond: ((id >= 1980430) AND (id <= 1981429))

table 3 : explain SELECT c FROM sbtest3 WHERE id BETWEEN 6961847 AND 6962846 ORDER BY c
	Sort  (cost=3671.15..3673.48 rows=933 width=121)
	  Sort Key: c
	  ->  Bitmap Heap Scan on sbtest3  (cost=34.00..3625.13 rows=933 width=121)
	        Recheck Cond: ((id >= 6961847) AND (id <= 6962846))
	        ->  Bitmap Index Scan on sbtest3_pkey  (cost=0.00..33.77 rows=933 width=0)
	              Index Cond: ((id >= 6961847) AND (id <= 6962846))

table 4 : explain SELECT c FROM sbtest4 WHERE id BETWEEN 9357946 AND 9358945 ORDER BY c
	Sort  (cost=4031.51..4034.06 rows=1019 width=121)
	  Sort Key: c
	  ->  Index Scan using sbtest4_pkey on sbtest4  (cost=0.43..3980.60 rows=1019 width=121)
	        Index Cond: ((id >= 9357946) AND (id <= 9358945))

table 5 : explain SELECT c FROM sbtest5 WHERE id BETWEEN 9302109 AND 9303108 ORDER BY c
	Sort  (cost=4004.23..4006.78 rows=1019 width=121)
	  Sort Key: c
	  ->  Bitmap Heap Scan on sbtest5  (cost=34.88..3953.32 rows=1019 width=121)
	        Recheck Cond: ((id >= 9302109) AND (id <= 9303108))
	        ->  Bitmap Index Scan on sbtest5_pkey  (cost=0.00..34.62 rows=1019 width=0)
	              Index Cond: ((id >= 9302109) AND (id <= 9303108))

table 6 : explain SELECT c FROM sbtest6 WHERE id BETWEEN 8671780 AND 8672779 ORDER BY c
	Sort  (cost=3816.68..3819.10 rows=970 width=121)
	  Sort Key: c
	  ->  Bitmap Heap Scan on sbtest6  (cost=34.38..3768.56 rows=970 width=121)
	        Recheck Cond: ((id >= 8671780) AND (id <= 8672779))
	        ->  Bitmap Index Scan on sbtest6_pkey  (cost=0.00..34.14 rows=970 width=0)
	              Index Cond: ((id >= 8671780) AND (id <= 8672779))

table 7 : explain SELECT c FROM sbtest7 WHERE id BETWEEN 9645381 AND 9646380 ORDER BY c
	Sort  (cost=4116.07..4118.69 rows=1048 width=121)
	  Sort Key: c
	  ->  Bitmap Heap Scan on sbtest7  (cost=35.18..4063.49 rows=1048 width=121)
	        Recheck Cond: ((id >= 9645381) AND (id <= 9646380))
	        ->  Bitmap Index Scan on sbtest7_pkey  (cost=0.00..34.92 rows=1048 width=0)
	              Index Cond: ((id >= 9645381) AND (id <= 9646380))

table 8 : explain SELECT c FROM sbtest8 WHERE id BETWEEN 6435109 AND 6436108 ORDER BY c
	Sort  (cost=3815.60..3818.00 rows=960 width=121)
	  Sort Key: c
	  ->  Index Scan using sbtest8_pkey on sbtest8  (cost=0.43..3768.04 rows=960 width=121)
	        Index Cond: ((id >= 6435109) AND (id <= 6436108))

for: simple_ranges
table 1 : explain SELECT c FROM sbtest1 WHERE id BETWEEN 9230072 AND 9231071
	Bitmap Heap Scan on sbtest1  (cost=40.02..4364.28 rows=1130 width=121)
	  Recheck Cond: ((id >= 9230072) AND (id <= 9231071))
	  ->  Bitmap Index Scan on sbtest1_pkey  (cost=0.00..39.73 rows=1130 width=0)
	        Index Cond: ((id >= 9230072) AND (id <= 9231071))

table 2 : explain SELECT c FROM sbtest2 WHERE id BETWEEN 7343855 AND 7344854
	Bitmap Heap Scan on sbtest2  (cost=35.54..4192.09 rows=1083 width=121)
	  Recheck Cond: ((id >= 7343855) AND (id <= 7344854))
	  ->  Bitmap Index Scan on sbtest2_pkey  (cost=0.00..35.27 rows=1083 width=0)
	        Index Cond: ((id >= 7343855) AND (id <= 7344854))

table 3 : explain SELECT c FROM sbtest3 WHERE id BETWEEN 1948091 AND 1949090
	Bitmap Heap Scan on sbtest3  (cost=34.64..3863.17 rows=996 width=121)
	  Recheck Cond: ((id >= 1948091) AND (id <= 1949090))
	  ->  Bitmap Index Scan on sbtest3_pkey  (cost=0.00..34.40 rows=996 width=0)
	        Index Cond: ((id >= 1948091) AND (id <= 1949090))

table 4 : explain SELECT c FROM sbtest4 WHERE id BETWEEN 9459710 AND 9460709
	Index Scan using sbtest4_pkey on sbtest4  (cost=0.43..4089.38 rows=1047 width=121)
	  Index Cond: ((id >= 9459710) AND (id <= 9460709))

table 5 : explain SELECT c FROM sbtest5 WHERE id BETWEEN 4727025 AND 4728024
	Bitmap Heap Scan on sbtest5  (cost=34.21..3707.59 rows=954 width=121)
	  Recheck Cond: ((id >= 4727025) AND (id <= 4728024))
	  ->  Bitmap Index Scan on sbtest5_pkey  (cost=0.00..33.98 rows=954 width=0)
	        Index Cond: ((id >= 4727025) AND (id <= 4728024))

table 6 : explain SELECT c FROM sbtest6 WHERE id BETWEEN 1065553 AND 1066552
	Bitmap Heap Scan on sbtest6  (cost=35.13..4044.40 rows=1043 width=121)
	  Recheck Cond: ((id >= 1065553) AND (id <= 1066552))
	  ->  Bitmap Index Scan on sbtest6_pkey  (cost=0.00..34.87 rows=1043 width=0)
	        Index Cond: ((id >= 1065553) AND (id <= 1066552))

table 7 : explain SELECT c FROM sbtest7 WHERE id BETWEEN 1418839 AND 1419838
	Bitmap Heap Scan on sbtest7  (cost=40.05..4387.85 rows=1133 width=121)
	  Recheck Cond: ((id >= 1418839) AND (id <= 1419838))
	  ->  Bitmap Index Scan on sbtest7_pkey  (cost=0.00..39.77 rows=1133 width=0)
	        Index Cond: ((id >= 1418839) AND (id <= 1419838))

table 8 : explain SELECT c FROM sbtest8 WHERE id BETWEEN 1641892 AND 1642891
	Index Scan using sbtest8_pkey on sbtest8  (cost=0.43..3588.47 rows=914 width=121)
	  Index Cond: ((id >= 1641892) AND (id <= 1642891))

for: sum_ranges
table 1 : explain SELECT SUM(k) FROM sbtest1 WHERE id BETWEEN 8564327 AND 8565326
	Aggregate  (cost=3813.45..3813.46 rows=1 width=8)
	  ->  Bitmap Heap Scan on sbtest1  (cost=34.51..3810.99 rows=983 width=4)
	        Recheck Cond: ((id >= 8564327) AND (id <= 8565326))
	        ->  Bitmap Index Scan on sbtest1_pkey  (cost=0.00..34.27 rows=983 width=0)
	              Index Cond: ((id >= 8564327) AND (id <= 8565326))

table 2 : explain SELECT SUM(k) FROM sbtest2 WHERE id BETWEEN 705481 AND 706480
	Aggregate  (cost=3915.67..3915.68 rows=1 width=8)
	  ->  Bitmap Heap Scan on sbtest2  (cost=34.78..3913.14 rows=1009 width=4)
	        Recheck Cond: ((id >= 705481) AND (id <= 706480))
	        ->  Bitmap Index Scan on sbtest2_pkey  (cost=0.00..34.53 rows=1009 width=0)
	              Index Cond: ((id >= 705481) AND (id <= 706480))

table 3 : explain SELECT SUM(k) FROM sbtest3 WHERE id BETWEEN 551217 AND 552216
	Aggregate  (cost=3582.03..3582.04 rows=1 width=8)
	  ->  Bitmap Heap Scan on sbtest3  (cost=33.88..3579.73 rows=921 width=4)
	        Recheck Cond: ((id >= 551217) AND (id <= 552216))
	        ->  Bitmap Index Scan on sbtest3_pkey  (cost=0.00..33.65 rows=921 width=0)
	              Index Cond: ((id >= 551217) AND (id <= 552216))

table 4 : explain SELECT SUM(k) FROM sbtest4 WHERE id BETWEEN 9345416 AND 9346415
	Aggregate  (cost=3983.15..3983.16 rows=1 width=8)
	  ->  Index Scan using sbtest4_pkey on sbtest4  (cost=0.43..3980.60 rows=1019 width=4)
	        Index Cond: ((id >= 9345416) AND (id <= 9346415))

table 5 : explain SELECT SUM(k) FROM sbtest5 WHERE id BETWEEN 2473433 AND 2474432
	Aggregate  (cost=3925.63..3925.64 rows=1 width=8)
	  ->  Bitmap Heap Scan on sbtest5  (cost=34.80..3923.10 rows=1011 width=4)
	        Recheck Cond: ((id >= 2473433) AND (id <= 2474432))
	        ->  Bitmap Index Scan on sbtest5_pkey  (cost=0.00..34.55 rows=1011 width=0)
	              Index Cond: ((id >= 2473433) AND (id <= 2474432))

table 6 : explain SELECT SUM(k) FROM sbtest6 WHERE id BETWEEN 2325519 AND 2326518
	Aggregate  (cost=3873.15..3873.16 rows=1 width=8)
	  ->  Bitmap Heap Scan on sbtest6  (cost=34.65..3870.66 rows=997 width=4)
	        Recheck Cond: ((id >= 2325519) AND (id <= 2326518))
	        ->  Bitmap Index Scan on sbtest6_pkey  (cost=0.00..34.41 rows=997 width=0)
	              Index Cond: ((id >= 2325519) AND (id <= 2326518))

table 7 : explain SELECT SUM(k) FROM sbtest7 WHERE id BETWEEN 6662792 AND 6663791
	Aggregate  (cost=3746.44..3746.45 rows=1 width=8)
	  ->  Index Scan using sbtest7_pkey on sbtest7  (cost=0.43..3744.05 rows=955 width=4)
	        Index Cond: ((id >= 6662792) AND (id <= 6663791))

table 8 : explain SELECT SUM(k) FROM sbtest8 WHERE id BETWEEN 8855302 AND 8856301
	Aggregate  (cost=4096.24..4096.25 rows=1 width=8)
	  ->  Bitmap Heap Scan on sbtest8  (cost=35.26..4093.60 rows=1056 width=4)
	        Recheck Cond: ((id >= 8855302) AND (id <= 8856301))
	        ->  Bitmap Index Scan on sbtest8_pkey  (cost=0.00..35.00 rows=1056 width=0)
	              Index Cond: ((id >= 8855302) AND (id <= 8856301))

for: simple_ranges
table 1 : explain SELECT c FROM sbtest1 WHERE id BETWEEN 819576 AND 820575
	Bitmap Heap Scan on sbtest1  (cost=34.72..3886.39 rows=1003 width=121)
	  Recheck Cond: ((id >= 819576) AND (id <= 820575))
	  ->  Bitmap Index Scan on sbtest1_pkey  (cost=0.00..34.47 rows=1003 width=0)
	        Index Cond: ((id >= 819576) AND (id <= 820575))

table 2 : explain SELECT c FROM sbtest2 WHERE id BETWEEN 6771350 AND 6772349
	Bitmap Heap Scan on sbtest2  (cost=34.09..3659.99 rows=942 width=121)
	  Recheck Cond: ((id >= 6771350) AND (id <= 6772349))
	  ->  Bitmap Index Scan on sbtest2_pkey  (cost=0.00..33.86 rows=942 width=0)
	        Index Cond: ((id >= 6771350) AND (id <= 6772349))

table 3 : explain SELECT c FROM sbtest3 WHERE id BETWEEN 6271119 AND 6272118
	Bitmap Heap Scan on sbtest3  (cost=34.57..3836.74 rows=989 width=121)
	  Recheck Cond: ((id >= 6271119) AND (id <= 6272118))
	  ->  Bitmap Index Scan on sbtest3_pkey  (cost=0.00..34.33 rows=989 width=0)
	        Index Cond: ((id >= 6271119) AND (id <= 6272118))

table 4 : explain SELECT c FROM sbtest4 WHERE id BETWEEN 2100550 AND 2101549
	Index Scan using sbtest4_pkey on sbtest4  (cost=0.43..3599.74 rows=921 width=121)
	  Index Cond: ((id >= 2100550) AND (id <= 2101549))

table 5 : explain SELECT c FROM sbtest5 WHERE id BETWEEN 7579896 AND 7580895
	Bitmap Heap Scan on sbtest5  (cost=29.73..3525.57 rows=907 width=121)
	  Recheck Cond: ((id >= 7579896) AND (id <= 7580895))
	  ->  Bitmap Index Scan on sbtest5_pkey  (cost=0.00..29.50 rows=907 width=0)
	        Index Cond: ((id >= 7579896) AND (id <= 7580895))

table 6 : explain SELECT c FROM sbtest6 WHERE id BETWEEN 3354811 AND 3355810
	Bitmap Heap Scan on sbtest6  (cost=34.35..3757.21 rows=967 width=121)
	  Recheck Cond: ((id >= 3354811) AND (id <= 3355810))
	  ->  Bitmap Index Scan on sbtest6_pkey  (cost=0.00..34.11 rows=967 width=0)
	        Index Cond: ((id >= 3354811) AND (id <= 3355810))

table 7 : explain SELECT c FROM sbtest7 WHERE id BETWEEN 3034761 AND 3035760
	Bitmap Heap Scan on sbtest7  (cost=39.66..4244.74 rows=1095 width=121)
	  Recheck Cond: ((id >= 3034761) AND (id <= 3035760))
	  ->  Bitmap Index Scan on sbtest7_pkey  (cost=0.00..39.39 rows=1095 width=0)
	        Index Cond: ((id >= 3034761) AND (id <= 3035760))

table 8 : explain SELECT c FROM sbtest8 WHERE id BETWEEN 9264674 AND 9265673
	Bitmap Heap Scan on sbtest8  (cost=34.97..3987.91 rows=1028 width=121)
	  Recheck Cond: ((id >= 9264674) AND (id <= 9265673))
	  ->  Bitmap Index Scan on sbtest8_pkey  (cost=0.00..34.72 rows=1028 width=0)
	        Index Cond: ((id >= 9264674) AND (id <= 9265673))

for: sum_ranges
table 1 : explain SELECT SUM(k) FROM sbtest1 WHERE id BETWEEN 48435 AND 49434
	Aggregate  (cost=3907.75..3907.76 rows=1 width=8)
	  ->  Bitmap Heap Scan on sbtest1  (cost=34.77..3905.23 rows=1008 width=4)
	        Recheck Cond: ((id >= 48435) AND (id <= 49434))
	        ->  Bitmap Index Scan on sbtest1_pkey  (cost=0.00..34.52 rows=1008 width=0)
	              Index Cond: ((id >= 48435) AND (id <= 49434))

table 2 : explain SELECT SUM(k) FROM sbtest2 WHERE id BETWEEN 9483288 AND 9484287
	Aggregate  (cost=3468.93..3468.94 rows=1 width=8)
	  ->  Bitmap Heap Scan on sbtest2  (cost=29.58..3466.70 rows=892 width=4)
	        Recheck Cond: ((id >= 9483288) AND (id <= 9484287))
	        ->  Bitmap Index Scan on sbtest2_pkey  (cost=0.00..29.36 rows=892 width=0)
	              Index Cond: ((id >= 9483288) AND (id <= 9484287))

table 3 : explain SELECT SUM(k) FROM sbtest3 WHERE id BETWEEN 4238864 AND 4239863
	Aggregate  (cost=3733.39..3733.40 rows=1 width=8)
	  ->  Bitmap Heap Scan on sbtest3  (cost=34.29..3730.99 rows=961 width=4)
	        Recheck Cond: ((id >= 4238864) AND (id <= 4239863))
	        ->  Bitmap Index Scan on sbtest3_pkey  (cost=0.00..34.05 rows=961 width=0)
	              Index Cond: ((id >= 4238864) AND (id <= 4239863))

table 4 : explain SELECT SUM(k) FROM sbtest4 WHERE id BETWEEN 3935596 AND 3936595
	Aggregate  (cost=3831.47..3831.48 rows=1 width=8)
	  ->  Index Scan using sbtest4_pkey on sbtest4  (cost=0.43..3829.02 rows=980 width=4)
	        Index Cond: ((id >= 3935596) AND (id <= 3936595))

table 5 : explain SELECT SUM(k) FROM sbtest5 WHERE id BETWEEN 7055476 AND 7056475
	Aggregate  (cost=3569.76..3569.77 rows=1 width=8)
	  ->  Bitmap Heap Scan on sbtest5  (cost=33.83..3567.47 rows=917 width=4)
	        Recheck Cond: ((id >= 7055476) AND (id <= 7056475))
	        ->  Bitmap Index Scan on sbtest5_pkey  (cost=0.00..33.61 rows=917 width=0)
	              Index Cond: ((id >= 7055476) AND (id <= 7056475))

table 6 : explain SELECT SUM(k) FROM sbtest6 WHERE id BETWEEN 23195 AND 24194
	Aggregate  (cost=4364.07..4364.08 rows=1 width=8)
	  ->  Bitmap Heap Scan on sbtest6  (cost=39.98..4361.25 rows=1126 width=4)
	        Recheck Cond: ((id >= 23195) AND (id <= 24194))
	        ->  Bitmap Index Scan on sbtest6_pkey  (cost=0.00..39.70 rows=1126 width=0)
	              Index Cond: ((id >= 23195) AND (id <= 24194))

table 7 : explain SELECT SUM(k) FROM sbtest7 WHERE id BETWEEN 7842689 AND 7843688
	Aggregate  (cost=4039.68..4039.69 rows=1 width=8)
	  ->  Bitmap Heap Scan on sbtest7  (cost=35.11..4037.07 rows=1041 width=4)
	        Recheck Cond: ((id >= 7842689) AND (id <= 7843688))
	        ->  Bitmap Index Scan on sbtest7_pkey  (cost=0.00..34.84 rows=1041 width=0)
	              Index Cond: ((id >= 7842689) AND (id <= 7843688))

table 8 : explain SELECT SUM(k) FROM sbtest8 WHERE id BETWEEN 7485061 AND 7486060
	Aggregate  (cost=4111.34..4111.35 rows=1 width=8)
	  ->  Bitmap Heap Scan on sbtest8  (cost=35.30..4108.69 rows=1060 width=4)
	        Recheck Cond: ((id >= 7485061) AND (id <= 7486060))
	        ->  Bitmap Index Scan on sbtest8_pkey  (cost=0.00..35.04 rows=1060 width=0)
	              Index Cond: ((id >= 7485061) AND (id <= 7486060))

for: sum_ranges
table 1 : explain SELECT SUM(k) FROM sbtest1 WHERE id BETWEEN 2665297 AND 2666296
	Aggregate  (cost=4133.76..4133.77 rows=1 width=8)
	  ->  Bitmap Heap Scan on sbtest1  (cost=35.38..4131.09 rows=1068 width=4)
	        Recheck Cond: ((id >= 2665297) AND (id <= 2666296))
	        ->  Bitmap Index Scan on sbtest1_pkey  (cost=0.00..35.12 rows=1068 width=0)
	              Index Cond: ((id >= 2665297) AND (id <= 2666296))

table 2 : explain SELECT SUM(k) FROM sbtest2 WHERE id BETWEEN 3030229 AND 3031228
	Aggregate  (cost=3866.56..3866.57 rows=1 width=8)
	  ->  Bitmap Heap Scan on sbtest2  (cost=34.64..3864.07 rows=996 width=4)
	        Recheck Cond: ((id >= 3030229) AND (id <= 3031228))
	        ->  Bitmap Index Scan on sbtest2_pkey  (cost=0.00..34.40 rows=996 width=0)
	              Index Cond: ((id >= 3030229) AND (id <= 3031228))

table 3 : explain SELECT SUM(k) FROM sbtest3 WHERE id BETWEEN 7327028 AND 7328027
	Aggregate  (cost=3540.16..3540.17 rows=1 width=8)
	  ->  Bitmap Heap Scan on sbtest3  (cost=29.77..3537.88 rows=911 width=4)
	        Recheck Cond: ((id >= 7327028) AND (id <= 7328027))
	        ->  Bitmap Index Scan on sbtest3_pkey  (cost=0.00..29.54 rows=911 width=0)
	              Index Cond: ((id >= 7327028) AND (id <= 7328027))

table 4 : explain SELECT SUM(k) FROM sbtest4 WHERE id BETWEEN 5625222 AND 5626221
	Aggregate  (cost=3854.79..3854.80 rows=1 width=8)
	  ->  Index Scan using sbtest4_pkey on sbtest4  (cost=0.43..3852.33 rows=986 width=4)
	        Index Cond: ((id >= 5625222) AND (id <= 5626221))

table 5 : explain SELECT SUM(k) FROM sbtest5 WHERE id BETWEEN 9208518 AND 9209517
	Aggregate  (cost=4122.02..4122.03 rows=1 width=8)
	  ->  Bitmap Heap Scan on sbtest5  (cost=35.33..4119.36 rows=1063 width=4)
	        Recheck Cond: ((id >= 9208518) AND (id <= 9209517))
	        ->  Bitmap Index Scan on sbtest5_pkey  (cost=0.00..35.07 rows=1063 width=0)
	              Index Cond: ((id >= 9208518) AND (id <= 9209517))

table 6 : explain SELECT SUM(k) FROM sbtest6 WHERE id BETWEEN 6380808 AND 6381807
	Aggregate  (cost=4107.42..4107.43 rows=1 width=8)
	  ->  Bitmap Heap Scan on sbtest6  (cost=35.29..4104.77 rows=1059 width=4)
	        Recheck Cond: ((id >= 6380808) AND (id <= 6381807))
	        ->  Bitmap Index Scan on sbtest6_pkey  (cost=0.00..35.03 rows=1059 width=0)
	              Index Cond: ((id >= 6380808) AND (id <= 6381807))

table 7 : explain SELECT SUM(k) FROM sbtest7 WHERE id BETWEEN 1639528 AND 1640527
	Aggregate  (cost=3785.44..3785.45 rows=1 width=8)
	  ->  Index Scan using sbtest7_pkey on sbtest7  (cost=0.43..3783.03 rows=965 width=4)
	        Index Cond: ((id >= 1639528) AND (id <= 1640527))

table 8 : explain SELECT SUM(k) FROM sbtest8 WHERE id BETWEEN 376048 AND 377047
	Aggregate  (cost=3880.84..3880.85 rows=1 width=8)
	  ->  Bitmap Heap Scan on sbtest8  (cost=34.67..3878.35 rows=999 width=4)
	        Recheck Cond: ((id >= 376048) AND (id <= 377047))
	        ->  Bitmap Index Scan on sbtest8_pkey  (cost=0.00..34.43 rows=999 width=0)
	              Index Cond: ((id >= 376048) AND (id <= 377047))

explain: for point_selects :: explain SELECT c FROM sbtest%u WHERE id=%u
for: sum_ranges
table 1 : explain SELECT SUM(k) FROM sbtest1 WHERE id BETWEEN 6555114 AND 6556113
	Aggregate  (cost=3662.39..3662.40 rows=1 width=8)
	  ->  Bitmap Heap Scan on sbtest1  (cost=34.10..3660.04 rows=943 width=4)
	        Recheck Cond: ((id >= 6555114) AND (id <= 6556113))
	        ->  Bitmap Index Scan on sbtest1_pkey  (cost=0.00..33.87 rows=943 width=0)
	              Index Cond: ((id >= 6555114) AND (id <= 6556113))

table 2 : explain SELECT SUM(k) FROM sbtest2 WHERE id BETWEEN 8510341 AND 8511340
	Aggregate  (cost=3639.64..3639.65 rows=1 width=8)
	  ->  Bitmap Heap Scan on sbtest2  (cost=34.03..3637.30 rows=936 width=4)
	        Recheck Cond: ((id >= 8510341) AND (id <= 8511340))
	        ->  Bitmap Index Scan on sbtest2_pkey  (cost=0.00..33.80 rows=936 width=0)
	              Index Cond: ((id >= 8510341) AND (id <= 8511340))

table 3 : explain SELECT SUM(k) FROM sbtest3 WHERE id BETWEEN 6411209 AND 6412208
	Aggregate  (cost=3922.30..3922.31 rows=1 width=8)
	  ->  Bitmap Heap Scan on sbtest3  (cost=34.80..3919.77 rows=1011 width=4)
	        Recheck Cond: ((id >= 6411209) AND (id <= 6412208))
	        ->  Bitmap Index Scan on sbtest3_pkey  (cost=0.00..34.55 rows=1011 width=0)
	              Index Cond: ((id >= 6411209) AND (id <= 6412208))

table 4 : explain SELECT SUM(k) FROM sbtest4 WHERE id BETWEEN 6400063 AND 6401062
	Aggregate  (cost=3773.16..3773.17 rows=1 width=8)
	  ->  Index Scan using sbtest4_pkey on sbtest4  (cost=0.43..3770.75 rows=965 width=4)
	        Index Cond: ((id >= 6400063) AND (id <= 6401062))

table 5 : explain SELECT SUM(k) FROM sbtest5 WHERE id BETWEEN 5354836 AND 5355835
	Aggregate  (cost=3895.39..3895.40 rows=1 width=8)
	  ->  Bitmap Heap Scan on sbtest5  (cost=34.72..3892.88 rows=1003 width=4)
	        Recheck Cond: ((id >= 5354836) AND (id <= 5355835))
	        ->  Bitmap Index Scan on sbtest5_pkey  (cost=0.00..34.47 rows=1003 width=0)
	              Index Cond: ((id >= 5354836) AND (id <= 5355835))

table 6 : explain SELECT SUM(k) FROM sbtest6 WHERE id BETWEEN 8466965 AND 8467964
	Aggregate  (cost=3842.89..3842.90 rows=1 width=8)
	  ->  Bitmap Heap Scan on sbtest6  (cost=34.57..3840.42 rows=989 width=4)
	        Recheck Cond: ((id >= 8466965) AND (id <= 8467964))
	        ->  Bitmap Index Scan on sbtest6_pkey  (cost=0.00..34.33 rows=989 width=0)
	              Index Cond: ((id >= 8466965) AND (id <= 8467964))

table 7 : explain SELECT SUM(k) FROM sbtest7 WHERE id BETWEEN 8946766 AND 8947765
	Aggregate  (cost=3967.88..3967.89 rows=1 width=8)
	  ->  Bitmap Heap Scan on sbtest7  (cost=34.91..3965.33 rows=1022 width=4)
	        Recheck Cond: ((id >= 8946766) AND (id <= 8947765))
	        ->  Bitmap Index Scan on sbtest7_pkey  (cost=0.00..34.66 rows=1022 width=0)
	              Index Cond: ((id >= 8946766) AND (id <= 8947765))

table 8 : explain SELECT SUM(k) FROM sbtest8 WHERE id BETWEEN 7682512 AND 7683511
	Aggregate  (cost=3754.82..3754.83 rows=1 width=8)
	  ->  Index Scan using sbtest8_pkey on sbtest8  (cost=0.43..3752.43 rows=956 width=4)
	        Index Cond: ((id >= 7682512) AND (id <= 7683511))

for: distinct_ranges
table 1 : explain SELECT DISTINCT c FROM sbtest1 WHERE id BETWEEN 8902641 AND 8903640 ORDER BY c
	Unique  (cost=3955.52..3960.56 rows=1008 width=121)
	  ->  Sort  (cost=3955.52..3958.04 rows=1008 width=121)
	        Sort Key: c
	        ->  Bitmap Heap Scan on sbtest1  (cost=34.77..3905.23 rows=1008 width=121)
	              Recheck Cond: ((id >= 8902641) AND (id <= 8903640))
	              ->  Bitmap Index Scan on sbtest1_pkey  (cost=0.00..34.52 rows=1008 width=0)
	                    Index Cond: ((id >= 8902641) AND (id <= 8903640))

table 2 : explain SELECT DISTINCT c FROM sbtest2 WHERE id BETWEEN 8582516 AND 8583515 ORDER BY c
	Unique  (cost=4032.43..4037.56 rows=1027 width=121)
	  ->  Sort  (cost=4032.43..4035.00 rows=1027 width=121)
	        Sort Key: c
	        ->  Bitmap Heap Scan on sbtest2  (cost=34.96..3981.06 rows=1027 width=121)
	              Recheck Cond: ((id >= 8582516) AND (id <= 8583515))
	              ->  Bitmap Index Scan on sbtest2_pkey  (cost=0.00..34.70 rows=1027 width=0)
	                    Index Cond: ((id >= 8582516) AND (id <= 8583515))

table 3 : explain SELECT DISTINCT c FROM sbtest3 WHERE id BETWEEN 6428784 AND 6429783 ORDER BY c
	Unique  (cost=3970.22..3975.28 rows=1011 width=121)
	  ->  Sort  (cost=3970.22..3972.75 rows=1011 width=121)
	        Sort Key: c
	        ->  Bitmap Heap Scan on sbtest3  (cost=34.80..3919.77 rows=1011 width=121)
	              Recheck Cond: ((id >= 6428784) AND (id <= 6429783))
	              ->  Bitmap Index Scan on sbtest3_pkey  (cost=0.00..34.55 rows=1011 width=0)
	                    Index Cond: ((id >= 6428784) AND (id <= 6429783))

table 4 : explain SELECT DISTINCT c FROM sbtest4 WHERE id BETWEEN 64405 AND 65404 ORDER BY c
	Unique  (cost=4137.95..4143.18 rows=1046 width=121)
	  ->  Sort  (cost=4137.95..4140.57 rows=1046 width=121)
	        Sort Key: c
	        ->  Index Scan using sbtest4_pkey on sbtest4  (cost=0.43..4085.49 rows=1046 width=121)
	              Index Cond: ((id >= 64405) AND (id <= 65404))

table 5 : explain SELECT DISTINCT c FROM sbtest5 WHERE id BETWEEN 8625834 AND 8626833 ORDER BY c
	Unique  (cost=3988.90..3993.97 rows=1015 width=121)
	  ->  Sort  (cost=3988.90..3991.43 rows=1015 width=121)
	        Sort Key: c
	        ->  Bitmap Heap Scan on sbtest5  (cost=34.84..3938.21 rows=1015 width=121)
	              Recheck Cond: ((id >= 8625834) AND (id <= 8626833))
	              ->  Bitmap Index Scan on sbtest5_pkey  (cost=0.00..34.59 rows=1015 width=0)
	                    Index Cond: ((id >= 8625834) AND (id <= 8626833))

table 6 : explain SELECT DISTINCT c FROM sbtest6 WHERE id BETWEEN 8533450 AND 8534449 ORDER BY c
	Unique  (cost=3874.26..3879.19 rows=985 width=121)
	  ->  Sort  (cost=3874.26..3876.73 rows=985 width=121)
	        Sort Key: c
	        ->  Bitmap Heap Scan on sbtest6  (cost=34.53..3825.29 rows=985 width=121)
	              Recheck Cond: ((id >= 8533450) AND (id <= 8534449))
	              ->  Bitmap Index Scan on sbtest6_pkey  (cost=0.00..34.29 rows=985 width=0)
	                    Index Cond: ((id >= 8533450) AND (id <= 8534449))

table 7 : explain SELECT DISTINCT c FROM sbtest7 WHERE id BETWEEN 7928155 AND 7929154 ORDER BY c
	Unique  (cost=4192.67..4198.01 rows=1068 width=121)
	  ->  Sort  (cost=4192.67..4195.34 rows=1068 width=121)
	        Sort Key: c
	        ->  Bitmap Heap Scan on sbtest7  (cost=35.38..4138.95 rows=1068 width=121)
	              Recheck Cond: ((id >= 7928155) AND (id <= 7929154))
	              ->  Bitmap Index Scan on sbtest7_pkey  (cost=0.00..35.12 rows=1068 width=0)
	                    Index Cond: ((id >= 7928155) AND (id <= 7929154))

table 8 : explain SELECT DISTINCT c FROM sbtest8 WHERE id BETWEEN 9797849 AND 9798848 ORDER BY c
	Unique  (cost=4008.67..4013.77 rows=1020 width=121)
	  ->  Sort  (cost=4008.67..4011.22 rows=1020 width=121)
	        Sort Key: c
	        ->  Bitmap Heap Scan on sbtest8  (cost=34.89..3957.69 rows=1020 width=121)
	              Recheck Cond: ((id >= 9797849) AND (id <= 9798848))
	              ->  Bitmap Index Scan on sbtest8_pkey  (cost=0.00..34.64 rows=1020 width=0)
	                    Index Cond: ((id >= 9797849) AND (id <= 9798848))

for: order_ranges
table 1 : explain SELECT c FROM sbtest1 WHERE id BETWEEN 9365944 AND 9366943 ORDER BY c
	Sort  (cost=3997.59..4000.14 rows=1019 width=121)
	  Sort Key: c
	  ->  Bitmap Heap Scan on sbtest1  (cost=34.88..3946.68 rows=1019 width=121)
	        Recheck Cond: ((id >= 9365944) AND (id <= 9366943))
	        ->  Bitmap Index Scan on sbtest1_pkey  (cost=0.00..34.62 rows=1019 width=0)
	              Index Cond: ((id >= 9365944) AND (id <= 9366943))

table 2 : explain SELECT c FROM sbtest2 WHERE id BETWEEN 1891401 AND 1892400 ORDER BY c
	Sort  (cost=4239.03..4241.73 rows=1081 width=121)
	  Sort Key: c
	  ->  Bitmap Heap Scan on sbtest2  (cost=35.52..4184.56 rows=1081 width=121)
	        Recheck Cond: ((id >= 1891401) AND (id <= 1892400))
	        ->  Bitmap Index Scan on sbtest2_pkey  (cost=0.00..35.25 rows=1081 width=0)
	              Index Cond: ((id >= 1891401) AND (id <= 1892400))

table 3 : explain SELECT c FROM sbtest3 WHERE id BETWEEN 5092834 AND 5093833 ORDER BY c
	Sort  (cost=3613.55..3615.85 rows=918 width=121)
	  Sort Key: c
	  ->  Bitmap Heap Scan on sbtest3  (cost=33.84..3568.38 rows=918 width=121)
	        Recheck Cond: ((id >= 5092834) AND (id <= 5093833))
	        ->  Bitmap Index Scan on sbtest3_pkey  (cost=0.00..33.62 rows=918 width=0)
	              Index Cond: ((id >= 5092834) AND (id <= 5093833))

table 4 : explain SELECT c FROM sbtest4 WHERE id BETWEEN 9414352 AND 9415351 ORDER BY c
	Sort  (cost=4141.90..4144.51 rows=1047 width=121)
	  Sort Key: c
	  ->  Index Scan using sbtest4_pkey on sbtest4  (cost=0.43..4089.38 rows=1047 width=121)
	        Index Cond: ((id >= 9414352) AND (id <= 9415351))

table 5 : explain SELECT c FROM sbtest5 WHERE id BETWEEN 7512437 AND 7513436 ORDER BY c
	Sort  (cost=3570.13..3572.40 rows=907 width=121)
	  Sort Key: c
	  ->  Bitmap Heap Scan on sbtest5  (cost=29.73..3525.57 rows=907 width=121)
	        Recheck Cond: ((id >= 7512437) AND (id <= 7513436))
	        ->  Bitmap Index Scan on sbtest5_pkey  (cost=0.00..29.50 rows=907 width=0)
	              Index Cond: ((id >= 7512437) AND (id <= 7513436))

table 6 : explain SELECT c FROM sbtest6 WHERE id BETWEEN 1972299 AND 1973298 ORDER BY c
	Sort  (cost=3870.43..3872.89 rows=984 width=121)
	  Sort Key: c
	  ->  Bitmap Heap Scan on sbtest6  (cost=34.52..3821.51 rows=984 width=121)
	        Recheck Cond: ((id >= 1972299) AND (id <= 1973298))
	        ->  Bitmap Index Scan on sbtest6_pkey  (cost=0.00..34.28 rows=984 width=0)
	              Index Cond: ((id >= 1972299) AND (id <= 1973298))

table 7 : explain SELECT c FROM sbtest7 WHERE id BETWEEN 3508985 AND 3509984 ORDER BY c
	Sort  (cost=4058.59..4061.17 rows=1033 width=121)
	  Sort Key: c
	  ->  Bitmap Heap Scan on sbtest7  (cost=35.02..4006.87 rows=1033 width=121)
	        Recheck Cond: ((id >= 3508985) AND (id <= 3509984))
	        ->  Bitmap Index Scan on sbtest7_pkey  (cost=0.00..34.77 rows=1033 width=0)
	              Index Cond: ((id >= 3508985) AND (id <= 3509984))

table 8 : explain SELECT c FROM sbtest8 WHERE id BETWEEN 254571 AND 255570 ORDER BY c
	Sort  (cost=4165.78..4168.43 rows=1061 width=121)
	  Sort Key: c
	  ->  Bitmap Heap Scan on sbtest8  (cost=35.31..4112.46 rows=1061 width=121)
	        Recheck Cond: ((id >= 254571) AND (id <= 255570))
	        ->  Bitmap Index Scan on sbtest8_pkey  (cost=0.00..35.05 rows=1061 width=0)
	              Index Cond: ((id >= 254571) AND (id <= 255570))

for: order_ranges
table 1 : explain SELECT c FROM sbtest1 WHERE id BETWEEN 1046540 AND 1047539 ORDER BY c
	Sort  (cost=3626.10..3628.41 rows=922 width=121)
	  Sort Key: c
	  ->  Bitmap Heap Scan on sbtest1  (cost=33.89..3580.70 rows=922 width=121)
	        Recheck Cond: ((id >= 1046540) AND (id <= 1047539))
	        ->  Bitmap Index Scan on sbtest1_pkey  (cost=0.00..33.66 rows=922 width=0)
	              Index Cond: ((id >= 1046540) AND (id <= 1047539))

table 2 : explain SELECT c FROM sbtest2 WHERE id BETWEEN 9524991 AND 9525990 ORDER BY c
	Sort  (cost=3767.94..3770.33 rows=958 width=121)
	  Sort Key: c
	  ->  Bitmap Heap Scan on sbtest2  (cost=34.25..3720.50 rows=958 width=121)
	        Recheck Cond: ((id >= 9524991) AND (id <= 9525990))
	        ->  Bitmap Index Scan on sbtest2_pkey  (cost=0.00..34.02 rows=958 width=0)
	              Index Cond: ((id >= 9524991) AND (id <= 9525990))

table 3 : explain SELECT c FROM sbtest3 WHERE id BETWEEN 5834123 AND 5835122 ORDER BY c
	Sort  (cost=3824.61..3827.05 rows=973 width=121)
	  Sort Key: c
	  ->  Bitmap Heap Scan on sbtest3  (cost=34.41..3776.32 rows=973 width=121)
	        Recheck Cond: ((id >= 5834123) AND (id <= 5835122))
	        ->  Bitmap Index Scan on sbtest3_pkey  (cost=0.00..34.17 rows=973 width=0)
	              Index Cond: ((id >= 5834123) AND (id <= 5835122))

table 4 : explain SELECT c FROM sbtest4 WHERE id BETWEEN 88971 AND 89970 ORDER BY c
	Sort  (cost=4137.95..4140.57 rows=1046 width=121)
	  Sort Key: c
	  ->  Index Scan using sbtest4_pkey on sbtest4  (cost=0.43..4085.49 rows=1046 width=121)
	        Index Cond: ((id >= 88971) AND (id <= 89970))

table 5 : explain SELECT c FROM sbtest5 WHERE id BETWEEN 2078850 AND 2079849 ORDER BY c
	Sort  (cost=4031.06..4033.63 rows=1026 width=121)
	  Sort Key: c
	  ->  Bitmap Heap Scan on sbtest5  (cost=34.95..3979.75 rows=1026 width=121)
	        Recheck Cond: ((id >= 2078850) AND (id <= 2079849))
	        ->  Bitmap Index Scan on sbtest5_pkey  (cost=0.00..34.70 rows=1026 width=0)
	              Index Cond: ((id >= 2078850) AND (id <= 2079849))

table 6 : explain SELECT c FROM sbtest6 WHERE id BETWEEN 4827683 AND 4828682 ORDER BY c
	Sort  (cost=3851.23..3853.68 rows=979 width=121)
	  Sort Key: c
	  ->  Bitmap Heap Scan on sbtest6  (cost=34.47..3802.60 rows=979 width=121)
	        Recheck Cond: ((id >= 4827683) AND (id <= 4828682))
	        ->  Bitmap Index Scan on sbtest6_pkey  (cost=0.00..34.23 rows=979 width=0)
	              Index Cond: ((id >= 4827683) AND (id <= 4828682))

table 7 : explain SELECT c FROM sbtest7 WHERE id BETWEEN 4107573 AND 4108572 ORDER BY c
	Sort  (cost=3921.85..3924.32 rows=988 width=121)
	  Sort Key: c
	  ->  Index Scan using sbtest7_pkey on sbtest7  (cost=0.43..3872.71 rows=988 width=121)
	        Index Cond: ((id >= 4107573) AND (id <= 4108572))

table 8 : explain SELECT c FROM sbtest8 WHERE id BETWEEN 3432400 AND 3433399 ORDER BY c
	Sort  (cost=3981.82..3984.35 rows=1013 width=121)
	  Sort Key: c
	  ->  Bitmap Heap Scan on sbtest8  (cost=34.82..3931.25 rows=1013 width=121)
	        Recheck Cond: ((id >= 3432400) AND (id <= 3433399))
	        ->  Bitmap Index Scan on sbtest8_pkey  (cost=0.00..34.57 rows=1013 width=0)
	              Index Cond: ((id >= 3432400) AND (id <= 3433399))

for: sum_ranges
table 1 : explain SELECT SUM(k) FROM sbtest1 WHERE id BETWEEN 5237305 AND 5238304
	Aggregate  (cost=4216.52..4216.53 rows=1 width=8)
	  ->  Bitmap Heap Scan on sbtest1  (cost=35.61..4213.79 rows=1090 width=4)
	        Recheck Cond: ((id >= 5237305) AND (id <= 5238304))
	        ->  Bitmap Index Scan on sbtest1_pkey  (cost=0.00..35.34 rows=1090 width=0)
	              Index Cond: ((id >= 5237305) AND (id <= 5238304))

table 2 : explain SELECT SUM(k) FROM sbtest2 WHERE id BETWEEN 8845902 AND 8846901
	Aggregate  (cost=4153.35..4153.36 rows=1 width=8)
	  ->  Bitmap Heap Scan on sbtest2  (cost=35.42..4150.67 rows=1072 width=4)
	        Recheck Cond: ((id >= 8845902) AND (id <= 8846901))
	        ->  Bitmap Index Scan on sbtest2_pkey  (cost=0.00..35.16 rows=1072 width=0)
	              Index Cond: ((id >= 8845902) AND (id <= 8846901))

table 3 : explain SELECT SUM(k) FROM sbtest3 WHERE id BETWEEN 9918355 AND 9919354
	Aggregate  (cost=4092.04..4092.05 rows=1 width=8)
	  ->  Bitmap Heap Scan on sbtest3  (cost=35.26..4089.40 rows=1056 width=4)
	        Recheck Cond: ((id >= 9918355) AND (id <= 9919354))
	        ->  Bitmap Index Scan on sbtest3_pkey  (cost=0.00..35.00 rows=1056 width=0)
	              Index Cond: ((id >= 9918355) AND (id <= 9919354))

table 4 : explain SELECT SUM(k) FROM sbtest4 WHERE id BETWEEN 6425694 AND 6426693
	Aggregate  (cost=3773.16..3773.17 rows=1 width=8)
	  ->  Index Scan using sbtest4_pkey on sbtest4  (cost=0.43..3770.75 rows=965 width=4)
	        Index Cond: ((id >= 6425694) AND (id <= 6426693))

table 5 : explain SELECT SUM(k) FROM sbtest5 WHERE id BETWEEN 7323141 AND 7324140
	Aggregate  (cost=4186.16..4186.17 rows=1 width=8)
	  ->  Bitmap Heap Scan on sbtest5  (cost=35.51..4183.46 rows=1080 width=4)
	        Recheck Cond: ((id >= 7323141) AND (id <= 7324140))
	        ->  Bitmap Index Scan on sbtest5_pkey  (cost=0.00..35.23 rows=1080 width=0)
	              Index Cond: ((id >= 7323141) AND (id <= 7324140))

table 6 : explain SELECT SUM(k) FROM sbtest6 WHERE id BETWEEN 6855782 AND 6856781
	Aggregate  (cost=3589.12..3589.13 rows=1 width=8)
	  ->  Bitmap Heap Scan on sbtest6  (cost=33.89..3586.82 rows=922 width=4)
	        Recheck Cond: ((id >= 6855782) AND (id <= 6856781))
	        ->  Bitmap Index Scan on sbtest6_pkey  (cost=0.00..33.66 rows=922 width=0)
	              Index Cond: ((id >= 6855782) AND (id <= 6856781))

table 7 : explain SELECT SUM(k) FROM sbtest7 WHERE id BETWEEN 8916441 AND 8917440
	Aggregate  (cost=3967.88..3967.89 rows=1 width=8)
	  ->  Bitmap Heap Scan on sbtest7  (cost=34.91..3965.33 rows=1022 width=4)
	        Recheck Cond: ((id >= 8916441) AND (id <= 8917440))
	        ->  Bitmap Index Scan on sbtest7_pkey  (cost=0.00..34.66 rows=1022 width=0)
	              Index Cond: ((id >= 8916441) AND (id <= 8917440))

table 8 : explain SELECT SUM(k) FROM sbtest8 WHERE id BETWEEN 1448001 AND 1449000
	Aggregate  (cost=3990.48..3990.49 rows=1 width=8)
	  ->  Bitmap Heap Scan on sbtest8  (cost=34.97..3987.91 rows=1028 width=4)
	        Recheck Cond: ((id >= 1448001) AND (id <= 1449000))
	        ->  Bitmap Index Scan on sbtest8_pkey  (cost=0.00..34.72 rows=1028 width=0)
	              Index Cond: ((id >= 1448001) AND (id <= 1449000))

for: order_ranges
table 1 : explain SELECT c FROM sbtest1 WHERE id BETWEEN 115499 AND 116498 ORDER BY c
	Sort  (cost=3603.09..3605.38 rows=916 width=121)
	  Sort Key: c
	  ->  Bitmap Heap Scan on sbtest1  (cost=33.82..3558.02 rows=916 width=121)
	        Recheck Cond: ((id >= 115499) AND (id <= 116498))
	        ->  Bitmap Index Scan on sbtest1_pkey  (cost=0.00..33.59 rows=916 width=0)
	              Index Cond: ((id >= 115499) AND (id <= 116498))

table 2 : explain SELECT c FROM sbtest2 WHERE id BETWEEN 62059 AND 63058 ORDER BY c
	Sort  (cost=3844.66..3847.11 rows=978 width=121)
	  Sort Key: c
	  ->  Bitmap Heap Scan on sbtest2  (cost=34.46..3796.09 rows=978 width=121)
	        Recheck Cond: ((id >= 62059) AND (id <= 63058))
	        ->  Bitmap Index Scan on sbtest2_pkey  (cost=0.00..34.22 rows=978 width=0)
	              Index Cond: ((id >= 62059) AND (id <= 63058))

table 3 : explain SELECT c FROM sbtest3 WHERE id BETWEEN 4923579 AND 4924578 ORDER BY c
	Sort  (cost=4127.14..4129.77 rows=1052 width=121)
	  Sort Key: c
	  ->  Bitmap Heap Scan on sbtest3  (cost=35.22..4074.34 rows=1052 width=121)
	        Recheck Cond: ((id >= 4923579) AND (id <= 4924578))
	        ->  Bitmap Index Scan on sbtest3_pkey  (cost=0.00..34.95 rows=1052 width=0)
	              Index Cond: ((id >= 4923579) AND (id <= 4924578))

table 4 : explain SELECT c FROM sbtest4 WHERE id BETWEEN 715429 AND 716428 ORDER BY c
	Sort  (cost=3700.30..3702.64 rows=935 width=121)
	  Sort Key: c
	  ->  Index Scan using sbtest4_pkey on sbtest4  (cost=0.43..3654.16 rows=935 width=121)
	        Index Cond: ((id >= 715429) AND (id <= 716428))

table 5 : explain SELECT c FROM sbtest5 WHERE id BETWEEN 7733341 AND 7734340 ORDER BY c
	Sort  (cost=4115.36..4117.98 rows=1048 width=121)
	  Sort Key: c
	  ->  Bitmap Heap Scan on sbtest5  (cost=35.18..4062.78 rows=1048 width=121)
	        Recheck Cond: ((id >= 7733341) AND (id <= 7734340))
	        ->  Bitmap Index Scan on sbtest5_pkey  (cost=0.00..34.92 rows=1048 width=0)
	              Index Cond: ((id >= 7733341) AND (id <= 7734340))

table 6 : explain SELECT c FROM sbtest6 WHERE id BETWEEN 4229907 AND 4230906 ORDER BY c
	Sort  (cost=4666.63..4669.61 rows=1192 width=121)
	  Sort Key: c
	  ->  Bitmap Heap Scan on sbtest6  (cost=40.65..4605.72 rows=1192 width=121)
	        Recheck Cond: ((id >= 4229907) AND (id <= 4230906))
	        ->  Bitmap Index Scan on sbtest6_pkey  (cost=0.00..40.36 rows=1192 width=0)
	              Index Cond: ((id >= 4229907) AND (id <= 4230906))

table 7 : explain SELECT c FROM sbtest7 WHERE id BETWEEN 1942567 AND 1943566 ORDER BY c
	Sort  (cost=3747.79..3750.15 rows=944 width=121)
	  Sort Key: c
	  ->  Index Scan using sbtest7_pkey on sbtest7  (cost=0.43..3701.14 rows=944 width=121)
	        Index Cond: ((id >= 1942567) AND (id <= 1943566))

table 8 : explain SELECT c FROM sbtest8 WHERE id BETWEEN 7856894 AND 7857893 ORDER BY c
	Sort  (cost=4073.83..4076.43 rows=1037 width=121)
	  Sort Key: c
	  ->  Bitmap Heap Scan on sbtest8  (cost=35.06..4021.89 rows=1037 width=121)
	        Recheck Cond: ((id >= 7856894) AND (id <= 7857893))
	        ->  Bitmap Index Scan on sbtest8_pkey  (cost=0.00..34.81 rows=1037 width=0)
	              Index Cond: ((id >= 7856894) AND (id <= 7857893))

for: order_ranges
table 1 : explain SELECT c FROM sbtest1 WHERE id BETWEEN 3634877 AND 3635876 ORDER BY c
	Sort  (cost=3871.34..3873.80 rows=986 width=121)
	  Sort Key: c
	  ->  Bitmap Heap Scan on sbtest1  (cost=34.54..3822.31 rows=986 width=121)
	        Recheck Cond: ((id >= 3634877) AND (id <= 3635876))
	        ->  Bitmap Index Scan on sbtest1_pkey  (cost=0.00..34.30 rows=986 width=0)
	              Index Cond: ((id >= 3634877) AND (id <= 3635876))

table 2 : explain SELECT c FROM sbtest2 WHERE id BETWEEN 1774001 AND 1775000 ORDER BY c
	Sort  (cost=3714.21..3716.57 rows=944 width=121)
	  Sort Key: c
	  ->  Bitmap Heap Scan on sbtest2  (cost=34.11..3667.56 rows=944 width=121)
	        Recheck Cond: ((id >= 1774001) AND (id <= 1775000))
	        ->  Bitmap Index Scan on sbtest2_pkey  (cost=0.00..33.88 rows=944 width=0)
	              Index Cond: ((id >= 1774001) AND (id <= 1775000))

table 3 : explain SELECT c FROM sbtest3 WHERE id BETWEEN 5314750 AND 5315749 ORDER BY c
	Sort  (cost=3678.83..3681.17 rows=935 width=121)
	  Sort Key: c
	  ->  Bitmap Heap Scan on sbtest3  (cost=34.02..3632.69 rows=935 width=121)
	        Recheck Cond: ((id >= 5314750) AND (id <= 5315749))
	        ->  Bitmap Index Scan on sbtest3_pkey  (cost=0.00..33.79 rows=935 width=0)
	              Index Cond: ((id >= 5314750) AND (id <= 5315749))

table 4 : explain SELECT c FROM sbtest4 WHERE id BETWEEN 5357573 AND 5358572 ORDER BY c
	Sort  (cost=4122.18..4124.79 rows=1042 width=121)
	  Sort Key: c
	  ->  Index Scan using sbtest4_pkey on sbtest4  (cost=0.43..4069.95 rows=1042 width=121)
	        Index Cond: ((id >= 5357573) AND (id <= 5358572))

table 5 : explain SELECT c FROM sbtest5 WHERE id BETWEEN 9780452 AND 9781451 ORDER BY c
	Sort  (cost=3935.21..3937.71 rows=1001 width=121)
	  Sort Key: c
	  ->  Bitmap Heap Scan on sbtest5  (cost=34.70..3885.32 rows=1001 width=121)
	        Recheck Cond: ((id >= 9780452) AND (id <= 9781451))
	        ->  Bitmap Index Scan on sbtest5_pkey  (cost=0.00..34.45 rows=1001 width=0)
	              Index Cond: ((id >= 9780452) AND (id <= 9781451))

table 6 : explain SELECT c FROM sbtest6 WHERE id BETWEEN 1686553 AND 1687552 ORDER BY c
	Sort  (cost=3720.64..3723.00 rows=945 width=121)
	  Sort Key: c
	  ->  Bitmap Heap Scan on sbtest6  (cost=34.12..3673.94 rows=945 width=121)
	        Recheck Cond: ((id >= 1686553) AND (id <= 1687552))
	        ->  Bitmap Index Scan on sbtest6_pkey  (cost=0.00..33.89 rows=945 width=0)
	              Index Cond: ((id >= 1686553) AND (id <= 1687552))

table 7 : explain SELECT c FROM sbtest7 WHERE id BETWEEN 6444409 AND 6445408 ORDER BY c
	Sort  (cost=3811.09..3813.49 rows=960 width=121)
	  Sort Key: c
	  ->  Index Scan using sbtest7_pkey on sbtest7  (cost=0.43..3763.54 rows=960 width=121)
	        Index Cond: ((id >= 6444409) AND (id <= 6445408))

table 8 : explain SELECT c FROM sbtest8 WHERE id BETWEEN 5674039 AND 5675038 ORDER BY c
	Sort  (cost=4307.58..4310.32 rows=1097 width=121)
	  Sort Key: c
	  ->  Bitmap Heap Scan on sbtest8  (cost=39.68..4252.18 rows=1097 width=121)
	        Recheck Cond: ((id >= 5674039) AND (id <= 5675038))
	        ->  Bitmap Index Scan on sbtest8_pkey  (cost=0.00..39.41 rows=1097 width=0)
	              Index Cond: ((id >= 5674039) AND (id <= 5675038))

for: order_ranges
table 1 : explain SELECT c FROM sbtest1 WHERE id BETWEEN 8475058 AND 8476057 ORDER BY c
	Sort  (cost=4001.41..4003.96 rows=1020 width=121)
	  Sort Key: c
	  ->  Bitmap Heap Scan on sbtest1  (cost=34.89..3950.44 rows=1020 width=121)
	        Recheck Cond: ((id >= 8475058) AND (id <= 8476057))
	        ->  Bitmap Index Scan on sbtest1_pkey  (cost=0.00..34.64 rows=1020 width=0)
	              Index Cond: ((id >= 8475058) AND (id <= 8476057))

table 2 : explain SELECT c FROM sbtest2 WHERE id BETWEEN 6945627 AND 6946626 ORDER BY c
	Sort  (cost=3871.50..3873.96 rows=985 width=121)
	  Sort Key: c
	  ->  Bitmap Heap Scan on sbtest2  (cost=34.53..3822.53 rows=985 width=121)
	        Recheck Cond: ((id >= 6945627) AND (id <= 6946626))
	        ->  Bitmap Index Scan on sbtest2_pkey  (cost=0.00..34.29 rows=985 width=0)
	              Index Cond: ((id >= 6945627) AND (id <= 6946626))

table 3 : explain SELECT c FROM sbtest3 WHERE id BETWEEN 9152338 AND 9153337 ORDER BY c
	Sort  (cost=4368.06..4370.84 rows=1114 width=121)
	  Sort Key: c
	  ->  Bitmap Heap Scan on sbtest3  (cost=39.85..4311.68 rows=1114 width=121)
	        Recheck Cond: ((id >= 9152338) AND (id <= 9153337))
	        ->  Bitmap Index Scan on sbtest3_pkey  (cost=0.00..39.58 rows=1114 width=0)
	              Index Cond: ((id >= 9152338) AND (id <= 9153337))

table 4 : explain SELECT c FROM sbtest4 WHERE id BETWEEN 5425911 AND 5426910 ORDER BY c
	Sort  (cost=3495.23..3497.44 rows=884 width=121)
	  Sort Key: c
	  ->  Index Scan using sbtest4_pkey on sbtest4  (cost=0.43..3451.96 rows=884 width=121)
	        Index Cond: ((id >= 5425911) AND (id <= 5426910))

table 5 : explain SELECT c FROM sbtest5 WHERE id BETWEEN 4342111 AND 4343110 ORDER BY c
	Sort  (cost=3962.05..3964.57 rows=1008 width=121)
	  Sort Key: c
	  ->  Bitmap Heap Scan on sbtest5  (cost=34.77..3911.77 rows=1008 width=121)
	        Recheck Cond: ((id >= 4342111) AND (id <= 4343110))
	        ->  Bitmap Index Scan on sbtest5_pkey  (cost=0.00..34.52 rows=1008 width=0)
	              Index Cond: ((id >= 4342111) AND (id <= 4343110))

table 6 : explain SELECT c FROM sbtest6 WHERE id BETWEEN 8370749 AND 8371748 ORDER BY c
	Sort  (cost=4269.00..4271.72 rows=1088 width=121)
	  Sort Key: c
	  ->  Bitmap Heap Scan on sbtest6  (cost=35.59..4214.12 rows=1088 width=121)
	        Recheck Cond: ((id >= 8370749) AND (id <= 8371748))
	        ->  Bitmap Index Scan on sbtest6_pkey  (cost=0.00..35.32 rows=1088 width=0)
	              Index Cond: ((id >= 8370749) AND (id <= 8371748))

table 7 : explain SELECT c FROM sbtest7 WHERE id BETWEEN 9856780 AND 9857779 ORDER BY c
	Sort  (cost=3834.82..3837.24 rows=966 width=121)
	  Sort Key: c
	  ->  Index Scan using sbtest7_pkey on sbtest7  (cost=0.43..3786.93 rows=966 width=121)
	        Index Cond: ((id >= 9856780) AND (id <= 9857779))

table 8 : explain SELECT c FROM sbtest8 WHERE id BETWEEN 4266834 AND 4267833 ORDER BY c
	Sort  (cost=3673.04..3675.35 rows=924 width=121)
	  Sort Key: c
	  ->  Index Scan using sbtest8_pkey on sbtest8  (cost=0.43..3627.52 rows=924 width=121)
	        Index Cond: ((id >= 4266834) AND (id <= 4267833))

explain: for point_selects :: explain SELECT c FROM sbtest%u WHERE id=%ufor: order_ranges
table 1 : explain SELECT c FROM sbtest1 WHERE id BETWEEN 518557 AND 519556 ORDER BY c
	Sort  (cost=4066.40..4068.99 rows=1037 width=121)
	  Sort Key: c
	  ->  Bitmap Heap Scan on sbtest1  (cost=35.06..4014.46 rows=1037 width=121)
	        Recheck Cond: ((id >= 518557) AND (id <= 519556))
	        ->  Bitmap Index Scan on sbtest1_pkey  (cost=0.00..34.81 rows=1037 width=0)
	              Index Cond: ((id >= 518557) AND (id <= 519556))

table 2 : explain SELECT c FROM sbtest2 WHERE id BETWEEN 9267861 AND 9268860 ORDER BY c
	Sort  (cost=3471.95..3474.16 rows=882 width=121)
	  Sort Key: c
	  ->  Bitmap Heap Scan on sbtest2  (cost=29.48..3428.80 rows=882 width=121)
	        Recheck Cond: ((id >= 9267861) AND (id <= 9268860))
	        ->  Bitmap Index Scan on sbtest2_pkey  (cost=0.00..29.25 rows=882 width=0)
	              Index Cond: ((id >= 9267861) AND (id <= 9268860))

table 3 : explain SELECT c FROM sbtest3 WHERE id BETWEEN 1843322 AND 1844321 ORDER BY c
	Sort  (cost=4173.03..4175.69 rows=1064 width=121)
	  Sort Key: c
	  ->  Bitmap Heap Scan on sbtest3  (cost=35.34..4119.54 rows=1064 width=121)
	        Recheck Cond: ((id >= 1843322) AND (id <= 1844321))
	        ->  Bitmap Index Scan on sbtest3_pkey  (cost=0.00..35.08 rows=1064 width=0)
	              Index Cond: ((id >= 1843322) AND (id <= 1844321))

table 4 : explain SELECT c FROM sbtest4 WHERE id BETWEEN 9502645 AND 9503644 ORDER BY c
	Sort  (cost=3629.32..3631.61 rows=917 width=121)
	  Sort Key: c
	  ->  Index Scan using sbtest4_pkey on sbtest4  (cost=0.43..3584.20 rows=917 width=121)
	        Index Cond: ((id >= 9502645) AND (id <= 9503644))

table 5 : explain SELECT c FROM sbtest5 WHERE id BETWEEN 6679881 AND 6680880 ORDER BY c
	Sort  (cost=3658.73..3661.05 rows=929 width=121)
	  Sort Key: c
	  ->  Bitmap Heap Scan on sbtest5  (cost=33.96..3612.93 rows=929 width=121)
	        Recheck Cond: ((id >= 6679881) AND (id <= 6680880))
	        ->  Bitmap Index Scan on sbtest5_pkey  (cost=0.00..33.73 rows=929 width=0)
	              Index Cond: ((id >= 6679881) AND (id <= 6680880))

table 6 : explain SELECT c FROM sbtest6 WHERE id BETWEEN 6134692 AND 6135691 ORDER BY c
	Sort  (cost=3582.30..3584.56 rows=901 width=121)
	  Sort Key: c
	  ->  Index Scan using sbtest6_pkey on sbtest6  (cost=0.43..3538.09 rows=901 width=121)
	        Index Cond: ((id >= 6134692) AND (id <= 6135691))

table 7 : explain SELECT c FROM sbtest7 WHERE id BETWEEN 7265552 AND 7266551 ORDER BY c
	Sort  (cost=3589.54..3591.81 rows=905 width=121)
	  Sort Key: c
	  ->  Index Scan using sbtest7_pkey on sbtest7  (cost=0.43..3545.10 rows=905 width=121)
	        Index Cond: ((id >= 7265552) AND (id <= 7266551))

table 8 : explain SELECT c FROM sbtest8 WHERE id BETWEEN 2698429 AND 2699428 ORDER BY c
	Sort  (cost=4540.74..4543.64 rows=1158 width=121)
	  Sort Key: c
	  ->  Bitmap Heap Scan on sbtest8  (cost=40.30..4481.82 rows=1158 width=121)
	        Recheck Cond: ((id >= 2698429) AND (id <= 2699428))
	        ->  Bitmap Index Scan on sbtest8_pkey  (cost=0.00..40.02 rows=1158 width=0)
	              Index Cond: ((id >= 2698429) AND (id <= 2699428))


for: sum_ranges
table 1 : explain SELECT SUM(k) FROM sbtest1 WHERE id BETWEEN 9697120 AND 9698119
	Aggregate  (cost=3700.18..3700.19 rows=1 width=8)
	  ->  Bitmap Heap Scan on sbtest1  (cost=34.20..3697.80 rows=953 width=4)
	        Recheck Cond: ((id >= 9697120) AND (id <= 9698119))
	        ->  Bitmap Index Scan on sbtest1_pkey  (cost=0.00..33.97 rows=953 width=0)
	              Index Cond: ((id >= 9697120) AND (id <= 9698119))

table 2 : explain SELECT SUM(k) FROM sbtest2 WHERE id BETWEEN 3619185 AND 3620184
	Aggregate  (cost=3824.99..3825.00 rows=1 width=8)
	  ->  Bitmap Heap Scan on sbtest2  (cost=34.53..3822.53 rows=985 width=4)
	        Recheck Cond: ((id >= 3619185) AND (id <= 3620184))
	        ->  Bitmap Index Scan on sbtest2_pkey  (cost=0.00..34.29 rows=985 width=0)
	              Index Cond: ((id >= 3619185) AND (id <= 3620184))

table 3 : explain SELECT SUM(k) FROM sbtest3 WHERE id BETWEEN 6533203 AND 6534202
	Aggregate  (cost=3861.88..3861.89 rows=1 width=8)
	  ->  Bitmap Heap Scan on sbtest3  (cost=34.63..3859.39 rows=995 width=4)
	        Recheck Cond: ((id >= 6533203) AND (id <= 6534202))
	        ->  Bitmap Index Scan on sbtest3_pkey  (cost=0.00..34.39 rows=995 width=0)
	              Index Cond: ((id >= 6533203) AND (id <= 6534202))

table 4 : explain SELECT SUM(k) FROM sbtest4 WHERE id BETWEEN 9355680 AND 9356679
	Aggregate  (cost=3983.15..3983.16 rows=1 width=8)
	  ->  Index Scan using sbtest4_pkey on sbtest4  (cost=0.43..3980.60 rows=1019 width=4)
	        Index Cond: ((id >= 9355680) AND (id <= 9356679))

table 5 : explain SELECT SUM(k) FROM sbtest5 WHERE id BETWEEN 4966869 AND 4967868
	Aggregate  (cost=3630.42..3630.43 rows=1 width=8)
	  ->  Bitmap Heap Scan on sbtest5  (cost=34.00..3628.08 rows=933 width=4)
	        Recheck Cond: ((id >= 4966869) AND (id <= 4967868))
	        ->  Bitmap Index Scan on sbtest5_pkey  (cost=0.00..33.77 rows=933 width=0)
	              Index Cond: ((id >= 4966869) AND (id <= 4967868))

table 6 : explain SELECT SUM(k) FROM sbtest6 WHERE id BETWEEN 7835543 AND 7836542
	Aggregate  (cost=3808.83..3808.84 rows=1 width=8)
	  ->  Bitmap Heap Scan on sbtest6  (cost=34.48..3806.38 rows=980 width=4)
	        Recheck Cond: ((id >= 7835543) AND (id <= 7836542))
	        ->  Bitmap Index Scan on sbtest6_pkey  (cost=0.00..34.23 rows=980 width=0)
	              Index Cond: ((id >= 7835543) AND (id <= 7836542))

table 7 : explain SELECT SUM(k) FROM sbtest7 WHERE id BETWEEN 4330080 AND 4331079
	Aggregate  (cost=3703.50..3703.51 rows=1 width=8)
	  ->  Index Scan using sbtest7_pkey on sbtest7  (cost=0.43..3701.14 rows=944 width=4)
	        Index Cond: ((id >= 4330080) AND (id <= 4331079))

table 8 : explain SELECT SUM(k) FROM sbtest8 WHERE id BETWEEN 1416063 AND 1417062
	Aggregate  (cost=3990.48..3990.49 rows=1 width=8)
	  ->  Bitmap Heap Scan on sbtest8  (cost=34.97..3987.91 rows=1028 width=4)
	        Recheck Cond: ((id >= 1416063) AND (id <= 1417062))
	        ->  Bitmap Index Scan on sbtest8_pkey  (cost=0.00..34.72 rows=1028 width=0)
	              Index Cond: ((id >= 1416063) AND (id <= 1417062))

for: distinct_ranges
table 1 : explain SELECT DISTINCT c FROM sbtest1 WHERE id BETWEEN 6405395 AND 6406394 ORDER BY c
	Unique  (cost=3813.91..3818.76 rows=971 width=121)
	  ->  Sort  (cost=3813.91..3816.33 rows=971 width=121)
	        Sort Key: c
	        ->  Bitmap Heap Scan on sbtest1  (cost=34.39..3765.73 rows=971 width=121)
	              Recheck Cond: ((id >= 6405395) AND (id <= 6406394))
	              ->  Bitmap Index Scan on sbtest1_pkey  (cost=0.00..34.15 rows=971 width=0)
	                    Index Cond: ((id >= 6405395) AND (id <= 6406394))

table 2 : explain SELECT DISTINCT c FROM sbtest2 WHERE id BETWEEN 3832097 AND 3833096 ORDER BY c
	Unique  (cost=3940.50..3945.51 rows=1003 width=121)
	  ->  Sort  (cost=3940.50..3943.00 rows=1003 width=121)
	        Sort Key: c
	        ->  Bitmap Heap Scan on sbtest2  (cost=34.72..3890.50 rows=1003 width=121)
	              Recheck Cond: ((id >= 3832097) AND (id <= 3833096))
	              ->  Bitmap Index Scan on sbtest2_pkey  (cost=0.00..34.47 rows=1003 width=0)
	                    Index Cond: ((id >= 3832097) AND (id <= 3833096))

table 3 : explain SELECT DISTINCT c FROM sbtest3 WHERE id BETWEEN 8484730 AND 8485729 ORDER BY c
	Unique  (cost=4333.69..4339.22 rows=1105 width=121)
	  ->  Sort  (cost=4333.69..4336.46 rows=1105 width=121)
	        Sort Key: c
	        ->  Bitmap Heap Scan on sbtest3  (cost=39.76..4277.84 rows=1105 width=121)
	              Recheck Cond: ((id >= 8484730) AND (id <= 8485729))
	              ->  Bitmap Index Scan on sbtest3_pkey  (cost=0.00..39.48 rows=1105 width=0)
	                    Index Cond: ((id >= 8484730) AND (id <= 8485729))

table 4 : explain SELECT DISTINCT c FROM sbtest4 WHERE id BETWEEN 4097816 AND 4098815 ORDER BY c
	Unique  (cost=4031.51..4036.61 rows=1019 width=121)
	  ->  Sort  (cost=4031.51..4034.06 rows=1019 width=121)
	        Sort Key: c
	        ->  Index Scan using sbtest4_pkey on sbtest4  (cost=0.43..3980.60 rows=1019 width=121)
	              Index Cond: ((id >= 4097816) AND (id <= 4098815))

table 5 : explain SELECT DISTINCT c FROM sbtest5 WHERE id BETWEEN 920297 AND 921296 ORDER BY c
	Unique  (cost=3762.48..3767.26 rows=956 width=121)
	  ->  Sort  (cost=3762.48..3764.87 rows=956 width=121)
	        Sort Key: c
	        ->  Bitmap Heap Scan on sbtest5  (cost=34.23..3715.16 rows=956 width=121)
	              Recheck Cond: ((id >= 920297) AND (id <= 921296))
	              ->  Bitmap Index Scan on sbtest5_pkey  (cost=0.00..34.00 rows=956 width=0)
	                    Index Cond: ((id >= 920297) AND (id <= 921296))

table 6 : explain SELECT DISTINCT c FROM sbtest6 WHERE id BETWEEN 3689465 AND 3690464 ORDER BY c
	Unique  (cost=3951.01..3956.03 rows=1005 width=121)
	  ->  Sort  (cost=3951.01..3953.52 rows=1005 width=121)
	        Sort Key: c
	        ->  Bitmap Heap Scan on sbtest6  (cost=34.74..3900.89 rows=1005 width=121)
	              Recheck Cond: ((id >= 3689465) AND (id <= 3690464))
	              ->  Bitmap Index Scan on sbtest6_pkey  (cost=0.00..34.48 rows=1005 width=0)
	                    Index Cond: ((id >= 3689465) AND (id <= 3690464))

table 7 : explain SELECT DISTINCT c FROM sbtest7 WHERE id BETWEEN 569401 AND 570400 ORDER BY c
	Unique  (cost=4040.53..4045.62 rows=1018 width=121)
	  ->  Sort  (cost=4040.53..4043.07 rows=1018 width=121)
	        Sort Key: c
	        ->  Index Scan using sbtest7_pkey on sbtest7  (cost=0.43..3989.67 rows=1018 width=121)
	              Index Cond: ((id >= 569401) AND (id <= 570400))

table 8 : explain SELECT DISTINCT c FROM sbtest8 WHERE id BETWEEN 1118735 AND 1119734 ORDER BY c
	Unique  (cost=4047.00..4052.15 rows=1030 width=121)
	  ->  Sort  (cost=4047.00..4049.58 rows=1030 width=121)
	        Sort Key: c
	        ->  Bitmap Heap Scan on sbtest8  (cost=34.99..3995.46 rows=1030 width=121)
	              Recheck Cond: ((id >= 1118735) AND (id <= 1119734))
	              ->  Bitmap Index Scan on sbtest8_pkey  (cost=0.00..34.73 rows=1030 width=0)
	                    Index Cond: ((id >= 1118735) AND (id <= 1119734))

for point_selects
table 1 : explain SELECT c FROM sbtest1 WHERE id=6630239
	Index Scan using sbtest1_pkey on sbtest1  (cost=0.43..8.45 rows=1 width=121)
	  Index Cond: (id = 6630239)

table 2 : explain SELECT c FROM sbtest2 WHERE id=4110051
	Index Scan using sbtest2_pkey on sbtest2  (cost=0.43..8.45 rows=1 width=121)
	  Index Cond: (id = 4110051)

table 3 : explain SELECT c FROM sbtest3 WHERE id=990528
	Index Scan using sbtest3_pkey on sbtest3  (cost=0.43..8.45 rows=1 width=121)
	  Index Cond: (id = 990528)

table 4 : explain SELECT c FROM sbtest4 WHERE id=3782572
	Index Scan using sbtest4_pkey on sbtest4  (cost=0.43..8.45 rows=1 width=121)
	  Index Cond: (id = 3782572)

table 5 : explain SELECT c FROM sbtest5 WHERE id=5109875
	Index Scan using sbtest5_pkey on sbtest5  (cost=0.43..8.45 rows=1 width=121)
	  Index Cond: (id = 5109875)

table 6 : explain SELECT c FROM sbtest6 WHERE id=3640020
	Index Scan using sbtest6_pkey on sbtest6  (cost=0.43..8.45 rows=1 width=121)
	  Index Cond: (id = 3640020)

table 7 : explain SELECT c FROM sbtest7 WHERE id=979618
	Index Scan using sbtest7_pkey on sbtest7  (cost=0.43..8.45 rows=1 width=121)
	  Index Cond: (id = 979618)

table 8 : explain SELECT c FROM sbtest8 WHERE id=5625321
	Index Scan using sbtest8_pkey on sbtest8  (cost=0.43..8.45 rows=1 width=121)
	  Index Cond: (id = 5625321)

for: order_ranges
table 1 : explain SELECT c FROM sbtest1 WHERE id BETWEEN 1909600 AND 1910599 ORDER BY c
	Sort  (cost=3963.17..3965.70 rows=1010 width=121)
	  Sort Key: c
	  ->  Bitmap Heap Scan on sbtest1  (cost=34.79..3912.77 rows=1010 width=121)
	        Recheck Cond: ((id >= 1909600) AND (id <= 1910599))
	        ->  Bitmap Index Scan on sbtest1_pkey  (cost=0.00..34.54 rows=1010 width=0)
	              Index Cond: ((id >= 1909600) AND (id <= 1910599))

table 2 : explain SELECT c FROM sbtest2 WHERE id BETWEEN 3458859 AND 3459858 ORDER BY c
	Sort  (cost=3764.10..3766.49 rows=957 width=121)
	  Sort Key: c
	  ->  Bitmap Heap Scan on sbtest2  (cost=34.24..3716.72 rows=957 width=121)
	        Recheck Cond: ((id >= 3458859) AND (id <= 3459858))
	        ->  Bitmap Index Scan on sbtest2_pkey  (cost=0.00..34.01 rows=957 width=0)
	              Index Cond: ((id >= 3458859) AND (id <= 3459858))

table 3 : explain SELECT c FROM sbtest3 WHERE id BETWEEN 2222437 AND 2223436 ORDER BY c
	Sort  (cost=4192.15..4194.82 rows=1069 width=121)
	  Sort Key: c
	  ->  Bitmap Heap Scan on sbtest3  (cost=35.39..4138.36 rows=1069 width=121)
	        Recheck Cond: ((id >= 2222437) AND (id <= 2223436))
	        ->  Bitmap Index Scan on sbtest3_pkey  (cost=0.00..35.12 rows=1069 width=0)
	              Index Cond: ((id >= 2222437) AND (id <= 2223436))

table 4 : explain SELECT c FROM sbtest4 WHERE id BETWEEN 7030161 AND 7031160 ORDER BY c
	Sort  (cost=3649.03..3651.33 rows=922 width=121)
	  Sort Key: c
	  ->  Index Scan using sbtest4_pkey on sbtest4  (cost=0.43..3603.63 rows=922 width=121)
	        Index Cond: ((id >= 7030161) AND (id <= 7031160))

table 5 : explain SELECT c FROM sbtest5 WHERE id BETWEEN 5801010 AND 5802009 ORDER BY c
	Sort  (cost=4161.31..4163.96 rows=1060 width=121)
	  Sort Key: c
	  ->  Bitmap Heap Scan on sbtest5  (cost=35.30..4108.05 rows=1060 width=121)
	        Recheck Cond: ((id >= 5801010) AND (id <= 5802009))
	        ->  Bitmap Index Scan on sbtest5_pkey  (cost=0.00..35.04 rows=1060 width=0)
	              Index Cond: ((id >= 5801010) AND (id <= 5802009))

table 6 : explain SELECT c FROM sbtest6 WHERE id BETWEEN 9314305 AND 9315304 ORDER BY c
	Sort  (cost=3878.10..3880.57 rows=986 width=121)
	  Sort Key: c
	  ->  Bitmap Heap Scan on sbtest6  (cost=34.54..3829.07 rows=986 width=121)
	        Recheck Cond: ((id >= 9314305) AND (id <= 9315304))
	        ->  Bitmap Index Scan on sbtest6_pkey  (cost=0.00..34.30 rows=986 width=0)
	              Index Cond: ((id >= 9314305) AND (id <= 9315304))

table 7 : explain SELECT c FROM sbtest7 WHERE id BETWEEN 1913848 AND 1914847 ORDER BY c
	Sort  (cost=3747.79..3750.15 rows=944 width=121)
	  Sort Key: c
	  ->  Index Scan using sbtest7_pkey on sbtest7  (cost=0.43..3701.14 rows=944 width=121)
	        Index Cond: ((id >= 1913848) AND (id <= 1914847))

table 8 : explain SELECT c FROM sbtest8 WHERE id BETWEEN 2470566 AND 2471565 ORDER BY c
	Sort  (cost=3712.63..3714.96 rows=934 width=121)
	  Sort Key: c
	  ->  Index Scan using sbtest8_pkey on sbtest8  (cost=0.43..3666.55 rows=934 width=121)
	        Index Cond: ((id >= 2470566) AND (id <= 2471565))

for: distinct_ranges
table 1 : explain SELECT DISTINCT c FROM sbtest1 WHERE id BETWEEN 6865870 AND 6866869 ORDER BY c
	Unique  (cost=4138.99..4144.27 rows=1056 width=121)
	  ->  Sort  (cost=4138.99..4141.63 rows=1056 width=121)
	        Sort Key: c
	        ->  Bitmap Heap Scan on sbtest1  (cost=35.26..4085.96 rows=1056 width=121)
	              Recheck Cond: ((id >= 6865870) AND (id <= 6866869))
	              ->  Bitmap Index Scan on sbtest1_pkey  (cost=0.00..35.00 rows=1056 width=0)
	                    Index Cond: ((id >= 6865870) AND (id <= 6866869))

table 2 : explain SELECT DISTINCT c FROM sbtest2 WHERE id BETWEEN 19645 AND 20644 ORDER BY c
	Unique  (cost=3844.66..3849.55 rows=978 width=121)
	  ->  Sort  (cost=3844.66..3847.11 rows=978 width=121)
	        Sort Key: c
	        ->  Bitmap Heap Scan on sbtest2  (cost=34.46..3796.09 rows=978 width=121)
	              Recheck Cond: ((id >= 19645) AND (id <= 20644))
	              ->  Bitmap Index Scan on sbtest2_pkey  (cost=0.00..34.22 rows=978 width=0)
	                    Index Cond: ((id >= 19645) AND (id <= 20644))

table 3 : explain SELECT DISTINCT c FROM sbtest3 WHERE id BETWEEN 4568550 AND 4569549 ORDER BY c
	Unique  (cost=3663.47..3668.13 rows=931 width=121)
	  ->  Sort  (cost=3663.47..3665.80 rows=931 width=121)
	        Sort Key: c
	        ->  Bitmap Heap Scan on sbtest3  (cost=33.98..3617.56 rows=931 width=121)
	              Recheck Cond: ((id >= 4568550) AND (id <= 4569549))
	              ->  Bitmap Index Scan on sbtest3_pkey  (cost=0.00..33.75 rows=931 width=0)
	                    Index Cond: ((id >= 4568550) AND (id <= 4569549))

table 4 : explain SELECT DISTINCT c FROM sbtest4 WHERE id BETWEEN 3695256 AND 3696255 ORDER BY c
	Unique  (cost=4047.28..4052.40 rows=1023 width=121)
	  ->  Sort  (cost=4047.28..4049.84 rows=1023 width=121)
	        Sort Key: c
	        ->  Index Scan using sbtest4_pkey on sbtest4  (cost=0.43..3996.14 rows=1023 width=121)
	              Index Cond: ((id >= 3695256) AND (id <= 3696255))

table 5 : explain SELECT DISTINCT c FROM sbtest5 WHERE id BETWEEN 5956350 AND 5957349 ORDER BY c
	Unique  (cost=3808.56..3813.40 rows=968 width=121)
	  ->  Sort  (cost=3808.56..3810.98 rows=968 width=121)
	        Sort Key: c
	        ->  Bitmap Heap Scan on sbtest5  (cost=34.36..3760.56 rows=968 width=121)
	              Recheck Cond: ((id >= 5956350) AND (id <= 5957349))
	              ->  Bitmap Index Scan on sbtest5_pkey  (cost=0.00..34.12 rows=968 width=0)
	                    Index Cond: ((id >= 5956350) AND (id <= 5957349))

table 6 : explain SELECT DISTINCT c FROM sbtest6 WHERE id BETWEEN 3987212 AND 3988211 ORDER BY c
	Unique  (cost=4115.85..4121.09 rows=1048 width=121)
	  ->  Sort  (cost=4115.85..4118.47 rows=1048 width=121)
	        Sort Key: c
	        ->  Bitmap Heap Scan on sbtest6  (cost=35.18..4063.27 rows=1048 width=121)
	              Recheck Cond: ((id >= 3987212) AND (id <= 3988211))
	              ->  Bitmap Index Scan on sbtest6_pkey  (cost=0.00..34.92 rows=1048 width=0)
	                    Index Cond: ((id >= 3987212) AND (id <= 3988211))

table 7 : explain SELECT DISTINCT c FROM sbtest7 WHERE id BETWEEN 8406009 AND 8407008 ORDER BY c
	Unique  (cost=3676.61..3681.24 rows=926 width=121)
	  ->  Sort  (cost=3676.61..3678.93 rows=926 width=121)
	        Sort Key: c
	        ->  Index Scan using sbtest7_pkey on sbtest7  (cost=0.43..3630.98 rows=926 width=121)
	              Index Cond: ((id >= 8406009) AND (id <= 8407008))

table 8 : explain SELECT DISTINCT c FROM sbtest8 WHERE id BETWEEN 7764778 AND 7765777 ORDER BY c
	Unique  (cost=3811.64..3816.43 rows=959 width=121)
	  ->  Sort  (cost=3811.64..3814.04 rows=959 width=121)
	        Sort Key: c
	        ->  Index Scan using sbtest8_pkey on sbtest8  (cost=0.43..3764.14 rows=959 width=121)
	              Index Cond: ((id >= 7764778) AND (id <= 7765777))

for: distinct_ranges
table 1 : explain SELECT DISTINCT c FROM sbtest1 WHERE id BETWEEN 2417882 AND 2418881 ORDER BY c
	Unique  (cost=4028.18..4033.31 rows=1027 width=121)
	  ->  Sort  (cost=4028.18..4030.74 rows=1027 width=121)
	        Sort Key: c
	        ->  Bitmap Heap Scan on sbtest1  (cost=34.96..3976.81 rows=1027 width=121)
	              Recheck Cond: ((id >= 2417882) AND (id <= 2418881))
	              ->  Bitmap Index Scan on sbtest1_pkey  (cost=0.00..34.70 rows=1027 width=0)
	                    Index Cond: ((id >= 2417882) AND (id <= 2418881))

table 2 : explain SELECT DISTINCT c FROM sbtest2 WHERE id BETWEEN 9442401 AND 9443400 ORDER BY c
	Unique  (cost=3510.41..3514.87 rows=892 width=121)
	  ->  Sort  (cost=3510.41..3512.64 rows=892 width=121)
	        Sort Key: c
	        ->  Bitmap Heap Scan on sbtest2  (cost=29.58..3466.70 rows=892 width=121)
	              Recheck Cond: ((id >= 9442401) AND (id <= 9443400))
	              ->  Bitmap Index Scan on sbtest2_pkey  (cost=0.00..29.36 rows=892 width=0)
	                    Index Cond: ((id >= 9442401) AND (id <= 9443400))

table 3 : explain SELECT DISTINCT c FROM sbtest3 WHERE id BETWEEN 7256852 AND 7257851 ORDER BY c
	Unique  (cost=3993.20..3998.29 rows=1017 width=121)
	  ->  Sort  (cost=3993.20..3995.74 rows=1017 width=121)
	        Sort Key: c
	        ->  Bitmap Heap Scan on sbtest3  (cost=34.86..3942.40 rows=1017 width=121)
	              Recheck Cond: ((id >= 7256852) AND (id <= 7257851))
	              ->  Bitmap Index Scan on sbtest3_pkey  (cost=0.00..34.61 rows=1017 width=0)
	                    Index Cond: ((id >= 7256852) AND (id <= 7257851))

table 4 : explain SELECT DISTINCT c FROM sbtest4 WHERE id BETWEEN 9573962 AND 9574961 ORDER BY c
	Unique  (cost=3629.32..3633.91 rows=917 width=121)
	  ->  Sort  (cost=3629.32..3631.61 rows=917 width=121)
	        Sort Key: c
	        ->  Index Scan using sbtest4_pkey on sbtest4  (cost=0.43..3584.20 rows=917 width=121)
	              Index Cond: ((id >= 9573962) AND (id <= 9574961))

table 5 : explain SELECT DISTINCT c FROM sbtest5 WHERE id BETWEEN 8404520 AND 8405519 ORDER BY c
	Unique  (cost=3942.88..3947.89 rows=1003 width=121)
	  ->  Sort  (cost=3942.88..3945.39 rows=1003 width=121)
	        Sort Key: c
	        ->  Bitmap Heap Scan on sbtest5  (cost=34.72..3892.88 rows=1003 width=121)
	              Recheck Cond: ((id >= 8404520) AND (id <= 8405519))
	              ->  Bitmap Index Scan on sbtest5_pkey  (cost=0.00..34.47 rows=1003 width=0)
	                    Index Cond: ((id >= 8404520) AND (id <= 8405519))

table 6 : explain SELECT DISTINCT c FROM sbtest6 WHERE id BETWEEN 294801 AND 295800 ORDER BY c
	Unique  (cost=3785.95..3790.76 rows=962 width=121)
	  ->  Sort  (cost=3785.95..3788.36 rows=962 width=121)
	        Sort Key: c
	        ->  Bitmap Heap Scan on sbtest6  (cost=34.30..3738.29 rows=962 width=121)
	              Recheck Cond: ((id >= 294801) AND (id <= 295800))
	              ->  Bitmap Index Scan on sbtest6_pkey  (cost=0.00..34.06 rows=962 width=0)
	                    Index Cond: ((id >= 294801) AND (id <= 295800))

table 7 : explain SELECT DISTINCT c FROM sbtest7 WHERE id BETWEEN 1729118 AND 1730117 ORDER BY c
	Unique  (cost=3581.64..3586.15 rows=903 width=121)
	  ->  Sort  (cost=3581.64..3583.89 rows=903 width=121)
	        Sort Key: c
	        ->  Index Scan using sbtest7_pkey on sbtest7  (cost=0.43..3537.30 rows=903 width=121)
	              Index Cond: ((id >= 1729118) AND (id <= 1730117))

table 8 : explain SELECT DISTINCT c FROM sbtest8 WHERE id BETWEEN 6845012 AND 6846011 ORDER BY c
	Unique  (cost=3613.58..3618.13 rows=910 width=121)
	  ->  Sort  (cost=3613.58..3615.86 rows=910 width=121)
	        Sort Key: c
	        ->  Index Scan using sbtest8_pkey on sbtest8  (cost=0.43..3568.86 rows=910 width=121)
	              Index Cond: ((id >= 6845012) AND (id <= 6846011))

for: distinct_ranges
table 1 : explain SELECT DISTINCT c FROM sbtest1 WHERE id BETWEEN 2112337 AND 2113336 ORDER BY c
	Unique  (cost=4322.38..4327.89 rows=1103 width=121)
	  ->  Sort  (cost=4322.38..4325.13 rows=1103 width=121)
	        Sort Key: c
	        ->  Bitmap Heap Scan on sbtest1  (cost=39.74..4266.63 rows=1103 width=121)
	              Recheck Cond: ((id >= 2112337) AND (id <= 2113336))
	              ->  Bitmap Index Scan on sbtest1_pkey  (cost=0.00..39.47 rows=1103 width=0)
	                    Index Cond: ((id >= 2112337) AND (id <= 2113336))

table 2 : explain SELECT DISTINCT c FROM sbtest2 WHERE id BETWEEN 9289417 AND 9290416 ORDER BY c
	Unique  (cost=4544.77..4550.58 rows=1161 width=121)
	  ->  Sort  (cost=4544.77..4547.68 rows=1161 width=121)
	        Sort Key: c
	        ->  Bitmap Heap Scan on sbtest2  (cost=40.34..4485.67 rows=1161 width=121)
	              Recheck Cond: ((id >= 9289417) AND (id <= 9290416))
	              ->  Bitmap Index Scan on sbtest2_pkey  (cost=0.00..40.05 rows=1161 width=0)
	                    Index Cond: ((id >= 9289417) AND (id <= 9290416))

table 3 : explain SELECT DISTINCT c FROM sbtest3 WHERE id BETWEEN 9338931 AND 9339930 ORDER BY c
	Unique  (cost=3855.28..3860.19 rows=981 width=121)
	  ->  Sort  (cost=3855.28..3857.74 rows=981 width=121)
	        Sort Key: c
	        ->  Bitmap Heap Scan on sbtest3  (cost=34.49..3806.54 rows=981 width=121)
	              Recheck Cond: ((id >= 9338931) AND (id <= 9339930))
	              ->  Bitmap Index Scan on sbtest3_pkey  (cost=0.00..34.25 rows=981 width=0)
	                    Index Cond: ((id >= 9338931) AND (id <= 9339930))

table 4 : explain SELECT DISTINCT c FROM sbtest4 WHERE id BETWEEN 6289475 AND 6290474 ORDER BY c
	Unique  (cost=3763.37..3768.12 rows=951 width=121)
	  ->  Sort  (cost=3763.37..3765.74 rows=951 width=121)
	        Sort Key: c
	        ->  Index Scan using sbtest4_pkey on sbtest4  (cost=0.43..3716.32 rows=951 width=121)
	              Index Cond: ((id >= 6289475) AND (id <= 6290474))

table 5 : explain SELECT DISTINCT c FROM sbtest5 WHERE id BETWEEN 1434456 AND 1435455 ORDER BY c
	Unique  (cost=3988.90..3993.97 rows=1015 width=121)
	  ->  Sort  (cost=3988.90..3991.43 rows=1015 width=121)
	        Sort Key: c
	        ->  Bitmap Heap Scan on sbtest5  (cost=34.84..3938.21 rows=1015 width=121)
	              Recheck Cond: ((id >= 1434456) AND (id <= 1435455))
	              ->  Bitmap Index Scan on sbtest5_pkey  (cost=0.00..34.59 rows=1015 width=0)
	                    Index Cond: ((id >= 1434456) AND (id <= 1435455))

table 6 : explain SELECT DISTINCT c FROM sbtest6 WHERE id BETWEEN 364396 AND 365395 ORDER BY c
	Unique  (cost=3785.95..3790.76 rows=962 width=121)
	  ->  Sort  (cost=3785.95..3788.36 rows=962 width=121)
	        Sort Key: c
	        ->  Bitmap Heap Scan on sbtest6  (cost=34.30..3738.29 rows=962 width=121)
	              Recheck Cond: ((id >= 364396) AND (id <= 365395))
	              ->  Bitmap Index Scan on sbtest6_pkey  (cost=0.00..34.06 rows=962 width=0)
	                    Index Cond: ((id >= 364396) AND (id <= 365395))

table 7 : explain SELECT DISTINCT c FROM sbtest7 WHERE id BETWEEN 8494599 AND 8495598 ORDER BY c
	Unique  (cost=3720.11..3724.79 rows=937 width=121)
	  ->  Sort  (cost=3720.11..3722.45 rows=937 width=121)
	        Sort Key: c
	        ->  Index Scan using sbtest7_pkey on sbtest7  (cost=0.43..3673.86 rows=937 width=121)
	              Index Cond: ((id >= 8494599) AND (id <= 8495598))

table 8 : explain SELECT DISTINCT c FROM sbtest8 WHERE id BETWEEN 34049 AND 35048 ORDER BY c
	Unique  (cost=4418.48..4424.11 rows=1126 width=121)
	  ->  Sort  (cost=4418.48..4421.29 rows=1126 width=121)
	        Sort Key: c
	        ->  Bitmap Heap Scan on sbtest8  (cost=39.98..4361.41 rows=1126 width=121)
	              Recheck Cond: ((id >= 34049) AND (id <= 35048))
	              ->  Bitmap Index Scan on sbtest8_pkey  (cost=0.00..39.70 rows=1126 width=0)
	                    Index Cond: ((id >= 34049) AND (id <= 35048))

for: distinct_ranges
table 1 : explain SELECT DISTINCT c FROM sbtest1 WHERE id BETWEEN 6281936 AND 6282935 ORDER BY c
	Unique  (cost=3721.96..3726.69 rows=947 width=121)
	  ->  Sort  (cost=3721.96..3724.33 rows=947 width=121)
	        Sort Key: c
	        ->  Bitmap Heap Scan on sbtest1  (cost=34.14..3675.14 rows=947 width=121)
	              Recheck Cond: ((id >= 6281936) AND (id <= 6282935))
	              ->  Bitmap Index Scan on sbtest1_pkey  (cost=0.00..33.91 rows=947 width=0)
	                    Index Cond: ((id >= 6281936) AND (id <= 6282935))

table 2 : explain SELECT DISTINCT c FROM sbtest2 WHERE id BETWEEN 9759893 AND 9760892 ORDER BY c
	Unique  (cost=3698.85..3703.55 rows=940 width=121)
	  ->  Sort  (cost=3698.85..3701.20 rows=940 width=121)
	        Sort Key: c
	        ->  Bitmap Heap Scan on sbtest2  (cost=34.07..3652.43 rows=940 width=121)
	              Recheck Cond: ((id >= 9759893) AND (id <= 9760892))
	              ->  Bitmap Index Scan on sbtest2_pkey  (cost=0.00..33.84 rows=940 width=0)
	                    Index Cond: ((id >= 9759893) AND (id <= 9760892))

table 3 : explain SELECT DISTINCT c FROM sbtest3 WHERE id BETWEEN 6292399 AND 6293398 ORDER BY c
	Unique  (cost=3931.92..3936.93 rows=1001 width=121)
	  ->  Sort  (cost=3931.92..3934.43 rows=1001 width=121)
	        Sort Key: c
	        ->  Bitmap Heap Scan on sbtest3  (cost=34.70..3882.04 rows=1001 width=121)
	              Recheck Cond: ((id >= 6292399) AND (id <= 6293398))
	              ->  Bitmap Index Scan on sbtest3_pkey  (cost=0.00..34.45 rows=1001 width=0)
	                    Index Cond: ((id >= 6292399) AND (id <= 6293398))

table 4 : explain SELECT DISTINCT c FROM sbtest4 WHERE id BETWEEN 7562843 AND 7563842 ORDER BY c
	Unique  (cost=4027.57..4032.66 rows=1018 width=121)
	  ->  Sort  (cost=4027.57..4030.12 rows=1018 width=121)
	        Sort Key: c
	        ->  Index Scan using sbtest4_pkey on sbtest4  (cost=0.43..3976.71 rows=1018 width=121)
	              Index Cond: ((id >= 7562843) AND (id <= 7563842))

table 5 : explain SELECT DISTINCT c FROM sbtest5 WHERE id BETWEEN 9393745 AND 9394744 ORDER BY c
	Unique  (cost=3651.04..3655.68 rows=927 width=121)
	  ->  Sort  (cost=3651.04..3653.36 rows=927 width=121)
	        Sort Key: c
	        ->  Bitmap Heap Scan on sbtest5  (cost=33.94..3605.36 rows=927 width=121)
	              Recheck Cond: ((id >= 9393745) AND (id <= 9394744))
	              ->  Bitmap Index Scan on sbtest5_pkey  (cost=0.00..33.70 rows=927 width=0)
	                    Index Cond: ((id >= 9393745) AND (id <= 9394744))

table 6 : explain SELECT DISTINCT c FROM sbtest6 WHERE id BETWEEN 6495967 AND 6496966 ORDER BY c
	Unique  (cost=4023.87..4028.99 rows=1024 width=121)
	  ->  Sort  (cost=4023.87..4026.43 rows=1024 width=121)
	        Sort Key: c
	        ->  Bitmap Heap Scan on sbtest6  (cost=34.93..3972.67 rows=1024 width=121)
	              Recheck Cond: ((id >= 6495967) AND (id <= 6496966))
	              ->  Bitmap Index Scan on sbtest6_pkey  (cost=0.00..34.68 rows=1024 width=0)
	                    Index Cond: ((id >= 6495967) AND (id <= 6496966))

table 7 : explain SELECT DISTINCT c FROM sbtest7 WHERE id BETWEEN 3216624 AND 3217623 ORDER BY c
	Unique  (cost=4058.59..4063.75 rows=1033 width=121)
	  ->  Sort  (cost=4058.59..4061.17 rows=1033 width=121)
	        Sort Key: c
	        ->  Bitmap Heap Scan on sbtest7  (cost=35.02..4006.87 rows=1033 width=121)
	              Recheck Cond: ((id >= 3216624) AND (id <= 3217623))
	              ->  Bitmap Index Scan on sbtest7_pkey  (cost=0.00..34.77 rows=1033 width=0)
	                    Index Cond: ((id >= 3216624) AND (id <= 3217623))

table 8 : explain SELECT DISTINCT c FROM sbtest8 WHERE id BETWEEN 1632780 AND 1633779 ORDER BY c
	Unique  (cost=3633.42..3637.99 rows=914 width=121)
	  ->  Sort  (cost=3633.42..3635.71 rows=914 width=121)
	        Sort Key: c
	        ->  Index Scan using sbtest8_pkey on sbtest8  (cost=0.43..3588.47 rows=914 width=121)
	              Index Cond: ((id >= 1632780) AND (id <= 1633779))

for: distinct_ranges
table 1 : explain SELECT DISTINCT c FROM sbtest1 WHERE id BETWEEN 428349 AND 429348 ORDER BY c
	Unique  (cost=3783.26..3788.08 rows=963 width=121)
	  ->  Sort  (cost=3783.26..3785.67 rows=963 width=121)
	        Sort Key: c
	        ->  Bitmap Heap Scan on sbtest1  (cost=34.31..3735.54 rows=963 width=121)
	              Recheck Cond: ((id >= 428349) AND (id <= 429348))
	              ->  Bitmap Index Scan on sbtest1_pkey  (cost=0.00..34.07 rows=963 width=0)
	                    Index Cond: ((id >= 428349) AND (id <= 429348))

table 2 : explain SELECT DISTINCT c FROM sbtest2 WHERE id BETWEEN 6717913 AND 6718912 ORDER BY c
	Unique  (cost=3879.17..3884.11 rows=987 width=121)
	  ->  Sort  (cost=3879.17..3881.64 rows=987 width=121)
	        Sort Key: c
	        ->  Bitmap Heap Scan on sbtest2  (cost=34.55..3830.08 rows=987 width=121)
	              Recheck Cond: ((id >= 6717913) AND (id <= 6718912))
	              ->  Bitmap Index Scan on sbtest2_pkey  (cost=0.00..34.31 rows=987 width=0)
	                    Index Cond: ((id >= 6717913) AND (id <= 6718912))

table 3 : explain SELECT DISTINCT c FROM sbtest3 WHERE id BETWEEN 7298691 AND 7299690 ORDER BY c
	Unique  (cost=3582.66..3587.22 rows=911 width=121)
	  ->  Sort  (cost=3582.66..3584.94 rows=911 width=121)
	        Sort Key: c
	        ->  Bitmap Heap Scan on sbtest3  (cost=29.77..3537.88 rows=911 width=121)
	              Recheck Cond: ((id >= 7298691) AND (id <= 7299690))
	              ->  Bitmap Index Scan on sbtest3_pkey  (cost=0.00..29.54 rows=911 width=0)
	                    Index Cond: ((id >= 7298691) AND (id <= 7299690))

table 4 : explain SELECT DISTINCT c FROM sbtest4 WHERE id BETWEEN 9457067 AND 9458066 ORDER BY c
	Unique  (cost=4141.90..4147.13 rows=1047 width=121)
	  ->  Sort  (cost=4141.90..4144.51 rows=1047 width=121)
	        Sort Key: c
	        ->  Index Scan using sbtest4_pkey on sbtest4  (cost=0.43..4089.38 rows=1047 width=121)
	              Index Cond: ((id >= 9457067) AND (id <= 9458066))

table 5 : explain SELECT DISTINCT c FROM sbtest5 WHERE id BETWEEN 8391720 AND 8392719 ORDER BY c
	Unique  (cost=3873.82..3878.75 rows=985 width=121)
	  ->  Sort  (cost=3873.82..3876.28 rows=985 width=121)
	        Sort Key: c
	        ->  Bitmap Heap Scan on sbtest5  (cost=34.53..3824.85 rows=985 width=121)
	              Recheck Cond: ((id >= 8391720) AND (id <= 8392719))
	              ->  Bitmap Index Scan on sbtest5_pkey  (cost=0.00..34.29 rows=985 width=0)
	                    Index Cond: ((id >= 8391720) AND (id <= 8392719))

table 6 : explain SELECT DISTINCT c FROM sbtest6 WHERE id BETWEEN 6232681 AND 6233680 ORDER BY c
	Unique  (cost=3832.04..3836.91 rows=974 width=121)
	  ->  Sort  (cost=3832.04..3834.47 rows=974 width=121)
	        Sort Key: c
	        ->  Bitmap Heap Scan on sbtest6  (cost=34.42..3783.69 rows=974 width=121)
	              Recheck Cond: ((id >= 6232681) AND (id <= 6233680))
	              ->  Bitmap Index Scan on sbtest6_pkey  (cost=0.00..34.18 rows=974 width=0)
	                    Index Cond: ((id >= 6232681) AND (id <= 6233680))

table 7 : explain SELECT DISTINCT c FROM sbtest7 WHERE id BETWEEN 1968795 AND 1969794 ORDER BY c
	Unique  (cost=3747.79..3752.51 rows=944 width=121)
	  ->  Sort  (cost=3747.79..3750.15 rows=944 width=121)
	        Sort Key: c
	        ->  Index Scan using sbtest7_pkey on sbtest7  (cost=0.43..3701.14 rows=944 width=121)
	              Index Cond: ((id >= 1968795) AND (id <= 1969794))

table 8 : explain SELECT DISTINCT c FROM sbtest8 WHERE id BETWEEN 808388 AND 809387 ORDER BY c
	Unique  (cost=3916.61..3921.59 rows=996 width=121)
	  ->  Sort  (cost=3916.61..3919.10 rows=996 width=121)
	        Sort Key: c
	        ->  Bitmap Heap Scan on sbtest8  (cost=34.64..3867.01 rows=996 width=121)
	              Recheck Cond: ((id >= 808388) AND (id <= 809387))
	              ->  Bitmap Index Scan on sbtest8_pkey  (cost=0.00..34.40 rows=996 width=0)
	                    Index Cond: ((id >= 808388) AND (id <= 809387))

for: simple_ranges
table 1 : explain SELECT c FROM sbtest1 WHERE id BETWEEN 1351363 AND 1352362
	Bitmap Heap Scan on sbtest1  (cost=34.57..3833.62 rows=989 width=121)
	  Recheck Cond: ((id >= 1351363) AND (id <= 1352362))
	  ->  Bitmap Index Scan on sbtest1_pkey  (cost=0.00..34.33 rows=989 width=0)
	        Index Cond: ((id >= 1351363) AND (id <= 1352362))

table 2 : explain SELECT c FROM sbtest2 WHERE id BETWEEN 3514391 AND 3515390
	Bitmap Heap Scan on sbtest2  (cost=34.66..3871.62 rows=998 width=121)
	  Recheck Cond: ((id >= 3514391) AND (id <= 3515390))
	  ->  Bitmap Index Scan on sbtest2_pkey  (cost=0.00..34.42 rows=998 width=0)
	        Index Cond: ((id >= 3514391) AND (id <= 3515390))

table 3 : explain SELECT c FROM sbtest3 WHERE id BETWEEN 7799167 AND 7800166
	Bitmap Heap Scan on sbtest3  (cost=34.97..3983.88 rows=1028 width=121)
	  Recheck Cond: ((id >= 7799167) AND (id <= 7800166))
	  ->  Bitmap Index Scan on sbtest3_pkey  (cost=0.00..34.72 rows=1028 width=0)
	        Index Cond: ((id >= 7799167) AND (id <= 7800166))

table 4 : explain SELECT c FROM sbtest4 WHERE id BETWEEN 9150562 AND 9151561
	Index Scan using sbtest4_pkey on sbtest4  (cost=0.43..4443.12 rows=1137 width=121)
	  Index Cond: ((id >= 9150562) AND (id <= 9151561))

table 5 : explain SELECT c FROM sbtest5 WHERE id BETWEEN 9088210 AND 9089209
	Bitmap Heap Scan on sbtest5  (cost=34.99..3994.85 rows=1030 width=121)
	  Recheck Cond: ((id >= 9088210) AND (id <= 9089209))
	  ->  Bitmap Index Scan on sbtest5_pkey  (cost=0.00..34.73 rows=1030 width=0)
	        Index Cond: ((id >= 9088210) AND (id <= 9089209))

table 6 : explain SELECT c FROM sbtest6 WHERE id BETWEEN 5061912 AND 5062911
	Bitmap Heap Scan on sbtest6  (cost=34.77..3912.23 rows=1008 width=121)
	  Recheck Cond: ((id >= 5061912) AND (id <= 5062911))
	  ->  Bitmap Index Scan on sbtest6_pkey  (cost=0.00..34.52 rows=1008 width=0)
	        Index Cond: ((id >= 5061912) AND (id <= 5062911))

table 7 : explain SELECT c FROM sbtest7 WHERE id BETWEEN 8705475 AND 8706474
	Index Scan using sbtest7_pkey on sbtest7  (cost=0.43..3459.32 rows=883 width=121)
	  Index Cond: ((id >= 8705475) AND (id <= 8706474))

table 8 : explain SELECT c FROM sbtest8 WHERE id BETWEEN 3530780 AND 3531779
	Bitmap Heap Scan on sbtest8  (cost=40.01..4372.70 rows=1129 width=121)
	  Recheck Cond: ((id >= 3530780) AND (id <= 3531779))
	  ->  Bitmap Index Scan on sbtest8_pkey  (cost=0.00..39.73 rows=1129 width=0)
	        Index Cond: ((id >= 3530780) AND (id <= 3531779))

for: distinct_ranges
table 1 : explain SELECT DISTINCT c FROM sbtest1 WHERE id BETWEEN 3290353 AND 3291352 ORDER BY c
	Unique  (cost=3560.72..3565.25 rows=906 width=121)
	  ->  Sort  (cost=3560.72..3562.98 rows=906 width=121)
	        Sort Key: c
	        ->  Bitmap Heap Scan on sbtest1  (cost=29.72..3516.22 rows=906 width=121)
	              Recheck Cond: ((id >= 3290353) AND (id <= 3291352))
	              ->  Bitmap Index Scan on sbtest1_pkey  (cost=0.00..29.50 rows=906 width=0)
	                    Index Cond: ((id >= 3290353) AND (id <= 3291352))

table 2 : explain SELECT DISTINCT c FROM sbtest2 WHERE id BETWEEN 1085423 AND 1086422 ORDER BY c
	Unique  (cost=3871.50..3876.43 rows=985 width=121)
	  ->  Sort  (cost=3871.50..3873.96 rows=985 width=121)
	        Sort Key: c
	        ->  Bitmap Heap Scan on sbtest2  (cost=34.53..3822.53 rows=985 width=121)
	              Recheck Cond: ((id >= 1085423) AND (id <= 1086422))
	              ->  Bitmap Index Scan on sbtest2_pkey  (cost=0.00..34.29 rows=985 width=0)
	                    Index Cond: ((id >= 1085423) AND (id <= 1086422))

table 3 : explain SELECT DISTINCT c FROM sbtest3 WHERE id BETWEEN 9658265 AND 9659264 ORDER BY c
	Unique  (cost=3962.57..3967.61 rows=1009 width=121)
	  ->  Sort  (cost=3962.57..3965.09 rows=1009 width=121)
	        Sort Key: c
	        ->  Bitmap Heap Scan on sbtest3  (cost=34.78..3912.22 rows=1009 width=121)
	              Recheck Cond: ((id >= 9658265) AND (id <= 9659264))
	              ->  Bitmap Index Scan on sbtest3_pkey  (cost=0.00..34.53 rows=1009 width=0)
	                    Index Cond: ((id >= 9658265) AND (id <= 9659264))

table 4 : explain SELECT DISTINCT c FROM sbtest4 WHERE id BETWEEN 4353855 AND 4354854 ORDER BY c
	Unique  (cost=3790.96..3795.75 rows=958 width=121)
	  ->  Sort  (cost=3790.96..3793.35 rows=958 width=121)
	        Sort Key: c
	        ->  Index Scan using sbtest4_pkey on sbtest4  (cost=0.43..3743.52 rows=958 width=121)
	              Index Cond: ((id >= 4353855) AND (id <= 4354854))

table 5 : explain SELECT DISTINCT c FROM sbtest5 WHERE id BETWEEN 3644715 AND 3645714 ORDER BY c
	Unique  (cost=3635.66..3640.28 rows=923 width=121)
	  ->  Sort  (cost=3635.66..3637.97 rows=923 width=121)
	        Sort Key: c
	        ->  Bitmap Heap Scan on sbtest5  (cost=33.90..3590.20 rows=923 width=121)
	              Recheck Cond: ((id >= 3644715) AND (id <= 3645714))
	              ->  Bitmap Index Scan on sbtest5_pkey  (cost=0.00..33.67 rows=923 width=0)
	                    Index Cond: ((id >= 3644715) AND (id <= 3645714))

table 6 : explain SELECT DISTINCT c FROM sbtest6 WHERE id BETWEEN 1192816 AND 1193815 ORDER BY c
	Unique  (cost=4081.36..4086.56 rows=1039 width=121)
	  ->  Sort  (cost=4081.36..4083.96 rows=1039 width=121)
	        Sort Key: c
	        ->  Bitmap Heap Scan on sbtest6  (cost=35.08..4029.30 rows=1039 width=121)
	              Recheck Cond: ((id >= 1192816) AND (id <= 1193815))
	              ->  Bitmap Index Scan on sbtest6_pkey  (cost=0.00..34.83 rows=1039 width=0)
	                    Index Cond: ((id >= 1192816) AND (id <= 1193815))

table 7 : explain SELECT DISTINCT c FROM sbtest7 WHERE id BETWEEN 3230816 AND 3231815 ORDER BY c
	Unique  (cost=4058.59..4063.75 rows=1033 width=121)
	  ->  Sort  (cost=4058.59..4061.17 rows=1033 width=121)
	        Sort Key: c
	        ->  Bitmap Heap Scan on sbtest7  (cost=35.02..4006.87 rows=1033 width=121)
	              Recheck Cond: ((id >= 3230816) AND (id <= 3231815))
	              ->  Bitmap Index Scan on sbtest7_pkey  (cost=0.00..34.77 rows=1033 width=0)
	                    Index Cond: ((id >= 3230816) AND (id <= 3231815))

table 8 : explain SELECT DISTINCT c FROM sbtest8 WHERE id BETWEEN 6830760 AND 6831759 ORDER BY c
	Unique  (cost=3613.58..3618.13 rows=910 width=121)
	  ->  Sort  (cost=3613.58..3615.86 rows=910 width=121)
	        Sort Key: c
	        ->  Index Scan using sbtest8_pkey on sbtest8  (cost=0.43..3568.86 rows=910 width=121)
	              Index Cond: ((id >= 6830760) AND (id <= 6831759))

for point_selects
table 1 : explain SELECT c FROM sbtest1 WHERE id=3644930
	Index Scan using sbtest1_pkey on sbtest1  (cost=0.43..8.45 rows=1 width=121)
	  Index Cond: (id = 3644930)

table 2 : explain SELECT c FROM sbtest2 WHERE id=2150389
	Index Scan using sbtest2_pkey on sbtest2  (cost=0.43..8.45 rows=1 width=121)
	  Index Cond: (id = 2150389)

table 3 : explain SELECT c FROM sbtest3 WHERE id=8571809
	Index Scan using sbtest3_pkey on sbtest3  (cost=0.43..8.45 rows=1 width=121)
	  Index Cond: (id = 8571809)

table 4 : explain SELECT c FROM sbtest4 WHERE id=3667211
	Index Scan using sbtest4_pkey on sbtest4  (cost=0.43..8.45 rows=1 width=121)
	  Index Cond: (id = 3667211)

table 5 : explain SELECT c FROM sbtest5 WHERE id=1404809
	Index Scan using sbtest5_pkey on sbtest5  (cost=0.43..8.45 rows=1 width=121)
	  Index Cond: (id = 1404809)

table 6 : explain SELECT c FROM sbtest6 WHERE id=3940369
	Index Scan using sbtest6_pkey on sbtest6  (cost=0.43..8.45 rows=1 width=121)
	  Index Cond: (id = 3940369)

table 7 : explain SELECT c FROM sbtest7 WHERE id=7742505
	Index Scan using sbtest7_pkey on sbtest7  (cost=0.43..8.45 rows=1 width=121)
	  Index Cond: (id = 7742505)

table 8 : explain SELECT c FROM sbtest8 WHERE id=256252
	Index Scan using sbtest8_pkey on sbtest8  (cost=0.43..8.45 rows=1 width=121)
	  Index Cond: (id = 256252)

for: order_ranges
table 1 : explain SELECT c FROM sbtest1 WHERE id BETWEEN 8058864 AND 8059863 ORDER BY c
	Sort  (cost=3844.54..3846.99 rows=979 width=121)
	  Sort Key: c
	  ->  Bitmap Heap Scan on sbtest1  (cost=34.47..3795.91 rows=979 width=121)
	        Recheck Cond: ((id >= 8058864) AND (id <= 8059863))
	        ->  Bitmap Index Scan on sbtest1_pkey  (cost=0.00..34.23 rows=979 width=0)
	              Index Cond: ((id >= 8058864) AND (id <= 8059863))

table 2 : explain SELECT c FROM sbtest2 WHERE id BETWEEN 6365608 AND 6366607 ORDER BY c
	Sort  (cost=3817.81..3820.24 rows=971 width=121)
	  Sort Key: c
	  ->  Bitmap Heap Scan on sbtest2  (cost=34.39..3769.64 rows=971 width=121)
	        Recheck Cond: ((id >= 6365608) AND (id <= 6366607))
	        ->  Bitmap Index Scan on sbtest2_pkey  (cost=0.00..34.15 rows=971 width=0)
	              Index Cond: ((id >= 6365608) AND (id <= 6366607))

table 3 : explain SELECT c FROM sbtest3 WHERE id BETWEEN 5644580 AND 5645579 ORDER BY c
	Sort  (cost=3774.76..3777.16 rows=960 width=121)
	  Sort Key: c
	  ->  Bitmap Heap Scan on sbtest3  (cost=34.28..3727.21 rows=960 width=121)
	        Recheck Cond: ((id >= 5644580) AND (id <= 5645579))
	        ->  Bitmap Index Scan on sbtest3_pkey  (cost=0.00..34.04 rows=960 width=0)
	              Index Cond: ((id >= 5644580) AND (id <= 5645579))

table 4 : explain SELECT c FROM sbtest4 WHERE id BETWEEN 6580340 AND 6581339 ORDER BY c
	Sort  (cost=4260.20..4262.89 rows=1077 width=121)
	  Sort Key: c
	  ->  Index Scan using sbtest4_pkey on sbtest4  (cost=0.43..4205.96 rows=1077 width=121)
	        Index Cond: ((id >= 6580340) AND (id <= 6581339))

table 5 : explain SELECT c FROM sbtest5 WHERE id BETWEEN 9514635 AND 9515634 ORDER BY c
	Sort  (cost=4176.63..4179.29 rows=1064 width=121)
	  Sort Key: c
	  ->  Bitmap Heap Scan on sbtest5  (cost=35.34..4123.13 rows=1064 width=121)
	        Recheck Cond: ((id >= 9514635) AND (id <= 9515634))
	        ->  Bitmap Index Scan on sbtest5_pkey  (cost=0.00..35.08 rows=1064 width=0)
	              Index Cond: ((id >= 9514635) AND (id <= 9515634))

table 6 : explain SELECT c FROM sbtest6 WHERE id BETWEEN 2063174 AND 2064173 ORDER BY c
	Sort  (cost=4483.29..4486.15 rows=1143 width=121)
	  Sort Key: c
	  ->  Bitmap Heap Scan on sbtest6  (cost=40.15..4425.23 rows=1143 width=121)
	        Recheck Cond: ((id >= 2063174) AND (id <= 2064173))
	        ->  Bitmap Index Scan on sbtest6_pkey  (cost=0.00..39.87 rows=1143 width=0)
	              Index Cond: ((id >= 2063174) AND (id <= 2064173))

table 7 : explain SELECT c FROM sbtest7 WHERE id BETWEEN 3708893 AND 3709892 ORDER BY c
	Sort  (cost=4031.75..4034.32 rows=1026 width=121)
	  Sort Key: c
	  ->  Bitmap Heap Scan on sbtest7  (cost=34.95..3980.44 rows=1026 width=121)
	        Recheck Cond: ((id >= 3708893) AND (id <= 3709892))
	        ->  Bitmap Index Scan on sbtest7_pkey  (cost=0.00..34.70 rows=1026 width=0)
	              Index Cond: ((id >= 3708893) AND (id <= 3709892))

table 8 : explain SELECT c FROM sbtest8 WHERE id BETWEEN 4170202 AND 4171201 ORDER BY c
	Sort  (cost=3787.85..3790.24 rows=953 width=121)
	  Sort Key: c
	  ->  Index Scan using sbtest8_pkey on sbtest8  (cost=0.43..3740.70 rows=953 width=121)
	        Index Cond: ((id >= 4170202) AND (id <= 4171201))

for: sum_ranges
table 1 : explain SELECT SUM(k) FROM sbtest1 WHERE id BETWEEN 259357 AND 260356
	Aggregate  (cost=3696.40..3696.41 rows=1 width=8)
	  ->  Bitmap Heap Scan on sbtest1  (cost=34.19..3694.02 rows=952 width=4)
	        Recheck Cond: ((id >= 259357) AND (id <= 260356))
	        ->  Bitmap Index Scan on sbtest1_pkey  (cost=0.00..33.95 rows=952 width=0)
	              Index Cond: ((id >= 259357) AND (id <= 260356))

table 2 : explain SELECT SUM(k) FROM sbtest2 WHERE id BETWEEN 197041 AND 198040
	Aggregate  (cost=3650.99..3651.00 rows=1 width=8)
	  ->  Bitmap Heap Scan on sbtest2  (cost=34.06..3648.65 rows=939 width=4)
	        Recheck Cond: ((id >= 197041) AND (id <= 198040))
	        ->  Bitmap Index Scan on sbtest2_pkey  (cost=0.00..33.83 rows=939 width=0)
	              Index Cond: ((id >= 197041) AND (id <= 198040))

table 3 : explain SELECT SUM(k) FROM sbtest3 WHERE id BETWEEN 818502 AND 819501
	Aggregate  (cost=4171.17..4171.18 rows=1 width=8)
	  ->  Bitmap Heap Scan on sbtest3  (cost=35.47..4168.48 rows=1077 width=4)
	        Recheck Cond: ((id >= 818502) AND (id <= 819501))
	        ->  Bitmap Index Scan on sbtest3_pkey  (cost=0.00..35.20 rows=1077 width=0)
	              Index Cond: ((id >= 818502) AND (id <= 819501))

table 4 : explain SELECT SUM(k) FROM sbtest4 WHERE id BETWEEN 7825255 AND 7826254
	Aggregate  (cost=3493.05..3493.06 rows=1 width=8)
	  ->  Index Scan using sbtest4_pkey on sbtest4  (cost=0.43..3490.81 rows=894 width=4)
	        Index Cond: ((id >= 7825255) AND (id <= 7826254))

table 5 : explain SELECT SUM(k) FROM sbtest5 WHERE id BETWEEN 5523898 AND 5524897
	Aggregate  (cost=3664.52..3664.53 rows=1 width=8)
	  ->  Bitmap Heap Scan on sbtest5  (cost=34.09..3662.16 rows=942 width=4)
	        Recheck Cond: ((id >= 5523898) AND (id <= 5524897))
	        ->  Bitmap Index Scan on sbtest5_pkey  (cost=0.00..33.86 rows=942 width=0)
	              Index Cond: ((id >= 5523898) AND (id <= 5524897))

table 6 : explain SELECT SUM(k) FROM sbtest6 WHERE id BETWEEN 4055336 AND 4056335
	Aggregate  (cost=3918.53..3918.54 rows=1 width=8)
	  ->  Bitmap Heap Scan on sbtest6  (cost=34.78..3916.01 rows=1009 width=4)
	        Recheck Cond: ((id >= 4055336) AND (id <= 4056335))
	        ->  Bitmap Index Scan on sbtest6_pkey  (cost=0.00..34.53 rows=1009 width=0)
	              Index Cond: ((id >= 4055336) AND (id <= 4056335))

table 7 : explain SELECT SUM(k) FROM sbtest7 WHERE id BETWEEN 3069017 AND 3070016
	Aggregate  (cost=4247.48..4247.49 rows=1 width=8)
	  ->  Bitmap Heap Scan on sbtest7  (cost=39.66..4244.74 rows=1095 width=4)
	        Recheck Cond: ((id >= 3069017) AND (id <= 3070016))
	        ->  Bitmap Index Scan on sbtest7_pkey  (cost=0.00..39.39 rows=1095 width=0)
	              Index Cond: ((id >= 3069017) AND (id <= 3070016))

table 8 : explain SELECT SUM(k) FROM sbtest8 WHERE id BETWEEN 4568402 AND 4569401
	Aggregate  (cost=3743.11..3743.12 rows=1 width=8)
	  ->  Index Scan using sbtest8_pkey on sbtest8  (cost=0.43..3740.73 rows=953 width=4)
	        Index Cond: ((id >= 4568402) AND (id <= 4569401))

for: simple_ranges
table 1 : explain SELECT c FROM sbtest1 WHERE id BETWEEN 2481497 AND 2482496
	Bitmap Heap Scan on sbtest1  (cost=34.96..3976.81 rows=1027 width=121)
	  Recheck Cond: ((id >= 2481497) AND (id <= 2482496))
	  ->  Bitmap Index Scan on sbtest1_pkey  (cost=0.00..34.70 rows=1027 width=0)
	        Index Cond: ((id >= 2481497) AND (id <= 2482496))

table 2 : explain SELECT c FROM sbtest2 WHERE id BETWEEN 8367394 AND 8368393
	Bitmap Heap Scan on sbtest2  (cost=39.83..4305.23 rows=1112 width=121)
	  Recheck Cond: ((id >= 8367394) AND (id <= 8368393))
	  ->  Bitmap Index Scan on sbtest2_pkey  (cost=0.00..39.56 rows=1112 width=0)
	        Index Cond: ((id >= 8367394) AND (id <= 8368393))

table 3 : explain SELECT c FROM sbtest3 WHERE id BETWEEN 7910020 AND 7911019
	Bitmap Heap Scan on sbtest3  (cost=34.77..3908.45 rows=1008 width=121)
	  Recheck Cond: ((id >= 7910020) AND (id <= 7911019))
	  ->  Bitmap Index Scan on sbtest3_pkey  (cost=0.00..34.52 rows=1008 width=0)
	        Index Cond: ((id >= 7910020) AND (id <= 7911019))

table 4 : explain SELECT c FROM sbtest4 WHERE id BETWEEN 8635520 AND 8636519
	Index Scan using sbtest4_pkey on sbtest4  (cost=0.43..4038.87 rows=1034 width=121)
	  Index Cond: ((id >= 8635520) AND (id <= 8636519))

table 5 : explain SELECT c FROM sbtest5 WHERE id BETWEEN 7413965 AND 7414964
	Bitmap Heap Scan on sbtest5  (cost=34.81..3926.88 rows=1012 width=121)
	  Recheck Cond: ((id >= 7413965) AND (id <= 7414964))
	  ->  Bitmap Index Scan on sbtest5_pkey  (cost=0.00..34.56 rows=1012 width=0)
	        Index Cond: ((id >= 7413965) AND (id <= 7414964))

table 6 : explain SELECT c FROM sbtest6 WHERE id BETWEEN 5561642 AND 5562641
	Bitmap Heap Scan on sbtest6  (cost=34.33..3749.64 rows=965 width=121)
	  Recheck Cond: ((id >= 5561642) AND (id <= 5562641))
	  ->  Bitmap Index Scan on sbtest6_pkey  (cost=0.00..34.09 rows=965 width=0)
	        Index Cond: ((id >= 5561642) AND (id <= 5562641))

table 7 : explain SELECT c FROM sbtest7 WHERE id BETWEEN 7412438 AND 7413437
	Index Scan using sbtest7_pkey on sbtest7  (cost=0.43..3864.91 rows=986 width=121)
	  Index Cond: ((id >= 7412438) AND (id <= 7413437))

table 8 : explain SELECT c FROM sbtest8 WHERE id BETWEEN 887209 AND 888208
	Bitmap Heap Scan on sbtest8  (cost=34.64..3867.01 rows=996 width=121)
	  Recheck Cond: ((id >= 887209) AND (id <= 888208))
	  ->  Bitmap Index Scan on sbtest8_pkey  (cost=0.00..34.40 rows=996 width=0)
	        Index Cond: ((id >= 887209) AND (id <= 888208))

for: distinct_ranges
table 1 : explain SELECT DISTINCT c FROM sbtest1 WHERE id BETWEEN 9735153 AND 9736152 ORDER BY c
	Unique  (cost=4066.40..4071.58 rows=1037 width=121)
	  ->  Sort  (cost=4066.40..4068.99 rows=1037 width=121)
	        Sort Key: c
	        ->  Bitmap Heap Scan on sbtest1  (cost=35.06..4014.46 rows=1037 width=121)
	              Recheck Cond: ((id >= 9735153) AND (id <= 9736152))
	              ->  Bitmap Index Scan on sbtest1_pkey  (cost=0.00..34.81 rows=1037 width=0)
	                    Index Cond: ((id >= 9735153) AND (id <= 9736152))

table 2 : explain SELECT DISTINCT c FROM sbtest2 WHERE id BETWEEN 2554480 AND 2555479 ORDER BY c
	Unique  (cost=3587.30..3591.86 rows=912 width=121)
	  ->  Sort  (cost=3587.30..3589.58 rows=912 width=121)
	        Sort Key: c
	        ->  Bitmap Heap Scan on sbtest2  (cost=29.78..3542.46 rows=912 width=121)
	              Recheck Cond: ((id >= 2554480) AND (id <= 2555479))
	              ->  Bitmap Index Scan on sbtest2_pkey  (cost=0.00..29.55 rows=912 width=0)
	                    Index Cond: ((id >= 2554480) AND (id <= 2555479))

table 3 : explain SELECT DISTINCT c FROM sbtest3 WHERE id BETWEEN 4180677 AND 4181676 ORDER BY c
	Unique  (cost=3778.60..3783.40 rows=961 width=121)
	  ->  Sort  (cost=3778.60..3781.00 rows=961 width=121)
	        Sort Key: c
	        ->  Bitmap Heap Scan on sbtest3  (cost=34.29..3730.99 rows=961 width=121)
	              Recheck Cond: ((id >= 4180677) AND (id <= 4181676))
	              ->  Bitmap Index Scan on sbtest3_pkey  (cost=0.00..34.05 rows=961 width=0)
	                    Index Cond: ((id >= 4180677) AND (id <= 4181676))

table 4 : explain SELECT DISTINCT c FROM sbtest4 WHERE id BETWEEN 1750524 AND 1751523 ORDER BY c
	Unique  (cost=4583.75..4589.54 rows=1159 width=121)
	  ->  Sort  (cost=4583.75..4586.64 rows=1159 width=121)
	        Sort Key: c
	        ->  Index Scan using sbtest4_pkey on sbtest4  (cost=0.43..4524.76 rows=1159 width=121)
	              Index Cond: ((id >= 1750524) AND (id <= 1751523))

table 5 : explain SELECT DISTINCT c FROM sbtest5 WHERE id BETWEEN 7739621 AND 7740620 ORDER BY c
	Unique  (cost=4115.36..4120.60 rows=1048 width=121)
	  ->  Sort  (cost=4115.36..4117.98 rows=1048 width=121)
	        Sort Key: c
	        ->  Bitmap Heap Scan on sbtest5  (cost=35.18..4062.78 rows=1048 width=121)
	              Recheck Cond: ((id >= 7739621) AND (id <= 7740620))
	              ->  Bitmap Index Scan on sbtest5_pkey  (cost=0.00..34.92 rows=1048 width=0)
	                    Index Cond: ((id >= 7739621) AND (id <= 7740620))

table 6 : explain SELECT DISTINCT c FROM sbtest6 WHERE id BETWEEN 2184812 AND 2185811 ORDER BY c
	Unique  (cost=3736.01..3740.76 rows=949 width=121)
	  ->  Sort  (cost=3736.01..3738.38 rows=949 width=121)
	        Sort Key: c
	        ->  Bitmap Heap Scan on sbtest6  (cost=34.16..3689.08 rows=949 width=121)
	              Recheck Cond: ((id >= 2184812) AND (id <= 2185811))
	              ->  Bitmap Index Scan on sbtest6_pkey  (cost=0.00..33.93 rows=949 width=0)
	                    Index Cond: ((id >= 2184812) AND (id <= 2185811))

table 7 : explain SELECT DISTINCT c FROM sbtest7 WHERE id BETWEEN 4330480 AND 4331479 ORDER BY c
	Unique  (cost=3747.79..3752.51 rows=944 width=121)
	  ->  Sort  (cost=3747.79..3750.15 rows=944 width=121)
	        Sort Key: c
	        ->  Index Scan using sbtest7_pkey on sbtest7  (cost=0.43..3701.14 rows=944 width=121)
	              Index Cond: ((id >= 4330480) AND (id <= 4331479))

table 8 : explain SELECT DISTINCT c FROM sbtest8 WHERE id BETWEEN 6482206 AND 6483205 ORDER BY c
	Unique  (cost=3815.60..3820.40 rows=960 width=121)
	  ->  Sort  (cost=3815.60..3818.00 rows=960 width=121)
	        Sort Key: c
	        ->  Index Scan using sbtest8_pkey on sbtest8  (cost=0.43..3768.04 rows=960 width=121)
	              Index Cond: ((id >= 6482206) AND (id <= 6483205))

for: order_ranges
table 1 : explain SELECT c FROM sbtest1 WHERE id BETWEEN 5025688 AND 5026687 ORDER BY c
	Sort  (cost=3989.94..3992.48 rows=1017 width=121)
	  Sort Key: c
	  ->  Bitmap Heap Scan on sbtest1  (cost=34.86..3939.14 rows=1017 width=121)
	        Recheck Cond: ((id >= 5025688) AND (id <= 5026687))
	        ->  Bitmap Index Scan on sbtest1_pkey  (cost=0.00..34.61 rows=1017 width=0)
	              Index Cond: ((id >= 5025688) AND (id <= 5026687))

table 2 : explain SELECT c FROM sbtest2 WHERE id BETWEEN 1510899 AND 1511898 ORDER BY c
	Sort  (cost=4131.95..4134.58 rows=1053 width=121)
	  Sort Key: c
	  ->  Bitmap Heap Scan on sbtest2  (cost=35.23..4079.08 rows=1053 width=121)
	        Recheck Cond: ((id >= 1510899) AND (id <= 1511898))
	        ->  Bitmap Index Scan on sbtest2_pkey  (cost=0.00..34.97 rows=1053 width=0)
	              Index Cond: ((id >= 1510899) AND (id <= 1511898))

table 3 : explain SELECT c FROM sbtest3 WHERE id BETWEEN 5190828 AND 5191827 ORDER BY c
	Sort  (cost=4042.97..4045.54 rows=1030 width=121)
	  Sort Key: c
	  ->  Bitmap Heap Scan on sbtest3  (cost=34.99..3991.42 rows=1030 width=121)
	        Recheck Cond: ((id >= 5190828) AND (id <= 5191827))
	        ->  Bitmap Index Scan on sbtest3_pkey  (cost=0.00..34.73 rows=1030 width=0)
	              Index Cond: ((id >= 5190828) AND (id <= 5191827))

table 4 : explain SELECT c FROM sbtest4 WHERE id BETWEEN 7747109 AND 7748108 ORDER BY c
	Sort  (cost=3534.64..3536.87 rows=894 width=121)
	  Sort Key: c
	  ->  Index Scan using sbtest4_pkey on sbtest4  (cost=0.43..3490.81 rows=894 width=121)
	        Index Cond: ((id >= 7747109) AND (id <= 7748108))

table 5 : explain SELECT c FROM sbtest5 WHERE id BETWEEN 8336108 AND 8337107 ORDER BY c
	Sort  (cost=3873.82..3876.28 rows=985 width=121)
	  Sort Key: c
	  ->  Bitmap Heap Scan on sbtest5  (cost=34.53..3824.85 rows=985 width=121)
	        Recheck Cond: ((id >= 8336108) AND (id <= 8337107))
	        ->  Bitmap Index Scan on sbtest5_pkey  (cost=0.00..34.29 rows=985 width=0)
	              Index Cond: ((id >= 8336108) AND (id <= 8337107))

table 6 : explain SELECT c FROM sbtest6 WHERE id BETWEEN 8206988 AND 8207987 ORDER BY c
	Sort  (cost=3770.59..3772.98 rows=958 width=121)
	  Sort Key: c
	  ->  Bitmap Heap Scan on sbtest6  (cost=34.25..3723.15 rows=958 width=121)
	        Recheck Cond: ((id >= 8206988) AND (id <= 8207987))
	        ->  Bitmap Index Scan on sbtest6_pkey  (cost=0.00..34.02 rows=958 width=0)
	              Index Cond: ((id >= 8206988) AND (id <= 8207987))

table 7 : explain SELECT c FROM sbtest7 WHERE id BETWEEN 2074227 AND 2075226 ORDER BY c
	Sort  (cost=4112.24..4114.85 rows=1047 width=121)
	  Sort Key: c
	  ->  Bitmap Heap Scan on sbtest7  (cost=35.17..4059.72 rows=1047 width=121)
	        Recheck Cond: ((id >= 2074227) AND (id <= 2075226))
	        ->  Bitmap Index Scan on sbtest7_pkey  (cost=0.00..34.91 rows=1047 width=0)
	              Index Cond: ((id >= 2074227) AND (id <= 2075226))

table 8 : explain SELECT c FROM sbtest8 WHERE id BETWEEN 4245712 AND 4246711 ORDER BY c
	Sort  (cost=3673.04..3675.35 rows=924 width=121)
	  Sort Key: c
	  ->  Index Scan using sbtest8_pkey on sbtest8  (cost=0.43..3627.52 rows=924 width=121)
	        Index Cond: ((id >= 4245712) AND (id <= 4246711))

for: order_ranges
table 1 : explain SELECT c FROM sbtest1 WHERE id BETWEEN 853448 AND 854447 ORDER BY c
	Sort  (cost=3936.39..3938.90 rows=1003 width=121)
	  Sort Key: c
	  ->  Bitmap Heap Scan on sbtest1  (cost=34.72..3886.39 rows=1003 width=121)
	        Recheck Cond: ((id >= 853448) AND (id <= 854447))
	        ->  Bitmap Index Scan on sbtest1_pkey  (cost=0.00..34.47 rows=1003 width=0)
	              Index Cond: ((id >= 853448) AND (id <= 854447))

table 2 : explain SELECT c FROM sbtest2 WHERE id BETWEEN 5701179 AND 5702178 ORDER BY c
	Sort  (cost=3833.16..3835.59 rows=975 width=121)
	  Sort Key: c
	  ->  Bitmap Heap Scan on sbtest2  (cost=34.43..3784.75 rows=975 width=121)
	        Recheck Cond: ((id >= 5701179) AND (id <= 5702178))
	        ->  Bitmap Index Scan on sbtest2_pkey  (cost=0.00..34.19 rows=975 width=0)
	              Index Cond: ((id >= 5701179) AND (id <= 5702178))

table 3 : explain SELECT c FROM sbtest3 WHERE id BETWEEN 9975207 AND 9976206 ORDER BY c
	Sort  (cost=4142.44..4145.08 rows=1056 width=121)
	  Sort Key: c
	  ->  Bitmap Heap Scan on sbtest3  (cost=35.26..4089.40 rows=1056 width=121)
	        Recheck Cond: ((id >= 9975207) AND (id <= 9976206))
	        ->  Bitmap Index Scan on sbtest3_pkey  (cost=0.00..35.00 rows=1056 width=0)
	              Index Cond: ((id >= 9975207) AND (id <= 9976206))

table 4 : explain SELECT c FROM sbtest4 WHERE id BETWEEN 8758667 AND 8759666 ORDER BY c
	Sort  (cost=4331.26..4333.99 rows=1094 width=121)
	  Sort Key: c
	  ->  Index Scan using sbtest4_pkey on sbtest4  (cost=0.43..4276.04 rows=1094 width=121)
	        Index Cond: ((id >= 8758667) AND (id <= 8759666))

table 5 : explain SELECT c FROM sbtest5 WHERE id BETWEEN 9564753 AND 9565752 ORDER BY c
	Sort  (cost=4176.63..4179.29 rows=1064 width=121)
	  Sort Key: c
	  ->  Bitmap Heap Scan on sbtest5  (cost=35.34..4123.13 rows=1064 width=121)
	        Recheck Cond: ((id >= 9564753) AND (id <= 9565752))
	        ->  Bitmap Index Scan on sbtest5_pkey  (cost=0.00..35.08 rows=1064 width=0)
	              Index Cond: ((id >= 9564753) AND (id <= 9565752))

table 6 : explain SELECT c FROM sbtest6 WHERE id BETWEEN 9874429 AND 9875428 ORDER BY c
	Sort  (cost=4062.20..4064.79 rows=1034 width=121)
	  Sort Key: c
	  ->  Bitmap Heap Scan on sbtest6  (cost=35.03..4010.43 rows=1034 width=121)
	        Recheck Cond: ((id >= 9874429) AND (id <= 9875428))
	        ->  Bitmap Index Scan on sbtest6_pkey  (cost=0.00..34.78 rows=1034 width=0)
	              Index Cond: ((id >= 9874429) AND (id <= 9875428))

table 7 : explain SELECT c FROM sbtest7 WHERE id BETWEEN 7560901 AND 7561900 ORDER BY c
	Sort  (cost=4319.15..4321.90 rows=1100 width=121)
	  Sort Key: c
	  ->  Bitmap Heap Scan on sbtest7  (cost=39.71..4263.58 rows=1100 width=121)
	        Recheck Cond: ((id >= 7560901) AND (id <= 7561900))
	        ->  Bitmap Index Scan on sbtest7_pkey  (cost=0.00..39.44 rows=1100 width=0)
	              Index Cond: ((id >= 7560901) AND (id <= 7561900))

table 8 : explain SELECT c FROM sbtest8 WHERE id BETWEEN 3789072 AND 3790071 ORDER BY c
	Sort  (cost=3530.42..3532.64 rows=889 width=121)
	  Sort Key: c
	  ->  Index Scan using sbtest8_pkey on sbtest8  (cost=0.43..3486.88 rows=889 width=121)
	        Index Cond: ((id >= 3789072) AND (id <= 3790071))

for: sum_ranges
table 1 : explain SELECT SUM(k) FROM sbtest1 WHERE id BETWEEN 8825713 AND 8826712
	Aggregate  (cost=3907.75..3907.76 rows=1 width=8)
	  ->  Bitmap Heap Scan on sbtest1  (cost=34.77..3905.23 rows=1008 width=4)
	        Recheck Cond: ((id >= 8825713) AND (id <= 8826712))
	        ->  Bitmap Index Scan on sbtest1_pkey  (cost=0.00..34.52 rows=1008 width=0)
	              Index Cond: ((id >= 8825713) AND (id <= 8826712))

table 2 : explain SELECT SUM(k) FROM sbtest2 WHERE id BETWEEN 8312550 AND 8313549
	Aggregate  (cost=3719.11..3719.12 rows=1 width=8)
	  ->  Bitmap Heap Scan on sbtest2  (cost=34.24..3716.72 rows=957 width=4)
	        Recheck Cond: ((id >= 8312550) AND (id <= 8313549))
	        ->  Bitmap Index Scan on sbtest2_pkey  (cost=0.00..34.01 rows=957 width=0)
	              Index Cond: ((id >= 8312550) AND (id <= 8313549))

table 3 : explain SELECT SUM(k) FROM sbtest3 WHERE id BETWEEN 2057738 AND 2058737
	Aggregate  (cost=4201.31..4201.32 rows=1 width=8)
	  ->  Bitmap Heap Scan on sbtest3  (cost=35.56..4198.59 rows=1085 width=4)
	        Recheck Cond: ((id >= 2057738) AND (id <= 2058737))
	        ->  Bitmap Index Scan on sbtest3_pkey  (cost=0.00..35.29 rows=1085 width=0)
	              Index Cond: ((id >= 2057738) AND (id <= 2058737))

table 4 : explain SELECT SUM(k) FROM sbtest4 WHERE id BETWEEN 4636829 AND 4637828
	Aggregate  (cost=3948.13..3948.14 rows=1 width=8)
	  ->  Index Scan using sbtest4_pkey on sbtest4  (cost=0.43..3945.60 rows=1010 width=4)
	        Index Cond: ((id >= 4636829) AND (id <= 4637828))

table 5 : explain SELECT SUM(k) FROM sbtest5 WHERE id BETWEEN 248776 AND 249775
	Aggregate  (cost=4163.52..4163.53 rows=1 width=8)
	  ->  Bitmap Heap Scan on sbtest5  (cost=35.44..4160.84 rows=1074 width=4)
	        Recheck Cond: ((id >= 248776) AND (id <= 249775))
	        ->  Bitmap Index Scan on sbtest5_pkey  (cost=0.00..35.18 rows=1074 width=0)
	              Index Cond: ((id >= 248776) AND (id <= 249775))

table 6 : explain SELECT SUM(k) FROM sbtest6 WHERE id BETWEEN 5260428 AND 5261427
	Aggregate  (cost=4114.97..4114.98 rows=1 width=8)
	  ->  Bitmap Heap Scan on sbtest6  (cost=35.31..4112.32 rows=1061 width=4)
	        Recheck Cond: ((id >= 5260428) AND (id <= 5261427))
	        ->  Bitmap Index Scan on sbtest6_pkey  (cost=0.00..35.05 rows=1061 width=0)
	              Index Cond: ((id >= 5260428) AND (id <= 5261427))

table 7 : explain SELECT SUM(k) FROM sbtest7 WHERE id BETWEEN 9962955 AND 9963954
	Aggregate  (cost=3910.28..3910.29 rows=1 width=8)
	  ->  Index Scan using sbtest7_pkey on sbtest7  (cost=0.43..3907.79 rows=997 width=4)
	        Index Cond: ((id >= 9962955) AND (id <= 9963954))

table 8 : explain SELECT SUM(k) FROM sbtest8 WHERE id BETWEEN 6664486 AND 6665485
	Aggregate  (cost=3895.97..3895.98 rows=1 width=8)
	  ->  Bitmap Heap Scan on sbtest8  (cost=34.72..3893.46 rows=1003 width=4)
	        Recheck Cond: ((id >= 6664486) AND (id <= 6665485))
	        ->  Bitmap Index Scan on sbtest8_pkey  (cost=0.00..34.47 rows=1003 width=0)
	              Index Cond: ((id >= 6664486) AND (id <= 6665485))

for: distinct_ranges
table 1 : explain SELECT DISTINCT c FROM sbtest1 WHERE id BETWEEN 6898567 AND 6899566 ORDER BY c
	Unique  (cost=3817.74..3822.60 rows=972 width=121)
	  ->  Sort  (cost=3817.74..3820.17 rows=972 width=121)
	        Sort Key: c
	        ->  Bitmap Heap Scan on sbtest1  (cost=34.40..3769.50 rows=972 width=121)
	              Recheck Cond: ((id >= 6898567) AND (id <= 6899566))
	              ->  Bitmap Index Scan on sbtest1_pkey  (cost=0.00..34.16 rows=972 width=0)
	                    Index Cond: ((id >= 6898567) AND (id <= 6899566))

table 2 : explain SELECT DISTINCT c FROM sbtest2 WHERE id BETWEEN 2348686 AND 2349685 ORDER BY c
	Unique  (cost=4296.54..4302.02 rows=1095 width=121)
	  ->  Sort  (cost=4296.54..4299.28 rows=1095 width=121)
	        Sort Key: c
	        ->  Bitmap Heap Scan on sbtest2  (cost=39.66..4241.26 rows=1095 width=121)
	              Recheck Cond: ((id >= 2348686) AND (id <= 2349685))
	              ->  Bitmap Index Scan on sbtest2_pkey  (cost=0.00..39.39 rows=1095 width=0)
	                    Index Cond: ((id >= 2348686) AND (id <= 2349685))

table 3 : explain SELECT DISTINCT c FROM sbtest3 WHERE id BETWEEN 9017923 AND 9018922 ORDER BY c
	Unique  (cost=3797.77..3802.60 rows=966 width=121)
	  ->  Sort  (cost=3797.77..3800.19 rows=966 width=121)
	        Sort Key: c
	        ->  Bitmap Heap Scan on sbtest3  (cost=34.34..3749.88 rows=966 width=121)
	              Recheck Cond: ((id >= 9017923) AND (id <= 9018922))
	              ->  Bitmap Index Scan on sbtest3_pkey  (cost=0.00..34.09 rows=966 width=0)
	                    Index Cond: ((id >= 9017923) AND (id <= 9018922))

table 4 : explain SELECT DISTINCT c FROM sbtest4 WHERE id BETWEEN 5806221 AND 5807220 ORDER BY c
	Unique  (cost=4130.07..4135.29 rows=1044 width=121)
	  ->  Sort  (cost=4130.07..4132.68 rows=1044 width=121)
	        Sort Key: c
	        ->  Index Scan using sbtest4_pkey on sbtest4  (cost=0.43..4077.72 rows=1044 width=121)
	              Index Cond: ((id >= 5806221) AND (id <= 5807220))

table 5 : explain SELECT DISTINCT c FROM sbtest5 WHERE id BETWEEN 1096776 AND 1097775 ORDER BY c
	Unique  (cost=3766.32..3771.11 rows=957 width=121)
	  ->  Sort  (cost=3766.32..3768.71 rows=957 width=121)
	        Sort Key: c
	        ->  Bitmap Heap Scan on sbtest5  (cost=34.24..3718.94 rows=957 width=121)
	              Recheck Cond: ((id >= 1096776) AND (id <= 1097775))
	              ->  Bitmap Index Scan on sbtest5_pkey  (cost=0.00..34.01 rows=957 width=0)
	                    Index Cond: ((id >= 1096776) AND (id <= 1097775))

table 6 : explain SELECT DISTINCT c FROM sbtest6 WHERE id BETWEEN 6455135 AND 6456134 ORDER BY c
	Unique  (cost=4023.87..4028.99 rows=1024 width=121)
	  ->  Sort  (cost=4023.87..4026.43 rows=1024 width=121)
	        Sort Key: c
	        ->  Bitmap Heap Scan on sbtest6  (cost=34.93..3972.67 rows=1024 width=121)
	              Recheck Cond: ((id >= 6455135) AND (id <= 6456134))
	              ->  Bitmap Index Scan on sbtest6_pkey  (cost=0.00..34.68 rows=1024 width=0)
	                    Index Cond: ((id >= 6455135) AND (id <= 6456134))

table 7 : explain SELECT DISTINCT c FROM sbtest7 WHERE id BETWEEN 236071 AND 237070 ORDER BY c
	Unique  (cost=3906.03..3910.95 rows=984 width=121)
	  ->  Sort  (cost=3906.03..3908.49 rows=984 width=121)
	        Sort Key: c
	        ->  Index Scan using sbtest7_pkey on sbtest7  (cost=0.43..3857.12 rows=984 width=121)
	              Index Cond: ((id >= 236071) AND (id <= 237070))

table 8 : explain SELECT DISTINCT c FROM sbtest8 WHERE id BETWEEN 322162 AND 323161 ORDER BY c
	Unique  (cost=3928.12..3933.11 rows=999 width=121)
	  ->  Sort  (cost=3928.12..3930.61 rows=999 width=121)
	        Sort Key: c
	        ->  Bitmap Heap Scan on sbtest8  (cost=34.67..3878.35 rows=999 width=121)
	              Recheck Cond: ((id >= 322162) AND (id <= 323161))
	              ->  Bitmap Index Scan on sbtest8_pkey  (cost=0.00..34.43 rows=999 width=0)
	                    Index Cond: ((id >= 322162) AND (id <= 323161))

for: distinct_ranges
table 1 : explain SELECT DISTINCT c FROM sbtest1 WHERE id BETWEEN 1409052 AND 1410051 ORDER BY c
	Unique  (cost=3882.82..3887.77 rows=989 width=121)
	  ->  Sort  (cost=3882.82..3885.29 rows=989 width=121)
	        Sort Key: c
	        ->  Bitmap Heap Scan on sbtest1  (cost=34.57..3833.62 rows=989 width=121)
	              Recheck Cond: ((id >= 1409052) AND (id <= 1410051))
	              ->  Bitmap Index Scan on sbtest1_pkey  (cost=0.00..34.33 rows=989 width=0)
	                    Index Cond: ((id >= 1409052) AND (id <= 1410051))

table 2 : explain SELECT DISTINCT c FROM sbtest2 WHERE id BETWEEN 4943474 AND 4944473 ORDER BY c
	Unique  (cost=4185.50..4190.83 rows=1067 width=121)
	  ->  Sort  (cost=4185.50..4188.17 rows=1067 width=121)
	        Sort Key: c
	        ->  Bitmap Heap Scan on sbtest2  (cost=35.37..4131.83 rows=1067 width=121)
	              Recheck Cond: ((id >= 4943474) AND (id <= 4944473))
	              ->  Bitmap Index Scan on sbtest2_pkey  (cost=0.00..35.11 rows=1067 width=0)
	                    Index Cond: ((id >= 4943474) AND (id <= 4944473))

table 3 : explain SELECT DISTINCT c FROM sbtest3 WHERE id BETWEEN 6619043 AND 6620042 ORDER BY c
	Unique  (cost=4291.50..4296.98 rows=1095 width=121)
	  ->  Sort  (cost=4291.50..4294.24 rows=1095 width=121)
	        Sort Key: c
	        ->  Bitmap Heap Scan on sbtest3  (cost=35.66..4236.22 rows=1095 width=121)
	              Recheck Cond: ((id >= 6619043) AND (id <= 6620042))
	              ->  Bitmap Index Scan on sbtest3_pkey  (cost=0.00..35.39 rows=1095 width=0)
	                    Index Cond: ((id >= 6619043) AND (id <= 6620042))

table 4 : explain SELECT DISTINCT c FROM sbtest4 WHERE id BETWEEN 6840390 AND 6841389 ORDER BY c
	Unique  (cost=4051.22..4056.34 rows=1024 width=121)
	  ->  Sort  (cost=4051.22..4053.78 rows=1024 width=121)
	        Sort Key: c
	        ->  Index Scan using sbtest4_pkey on sbtest4  (cost=0.43..4000.02 rows=1024 width=121)
	              Index Cond: ((id >= 6840390) AND (id <= 6841389))

table 5 : explain SELECT DISTINCT c FROM sbtest5 WHERE id BETWEEN 2577458 AND 2578457 ORDER BY c
	Unique  (cost=4046.39..4051.54 rows=1030 width=121)
	  ->  Sort  (cost=4046.39..4048.97 rows=1030 width=121)
	        Sort Key: c
	        ->  Bitmap Heap Scan on sbtest5  (cost=34.99..3994.85 rows=1030 width=121)
	              Recheck Cond: ((id >= 2577458) AND (id <= 2578457))
	              ->  Bitmap Index Scan on sbtest5_pkey  (cost=0.00..34.73 rows=1030 width=0)
	                    Index Cond: ((id >= 2577458) AND (id <= 2578457))

table 6 : explain SELECT DISTINCT c FROM sbtest6 WHERE id BETWEEN 3717052 AND 3718051 ORDER BY c
	Unique  (cost=3977.86..3982.92 rows=1012 width=121)
	  ->  Sort  (cost=3977.86..3980.39 rows=1012 width=121)
	        Sort Key: c
	        ->  Bitmap Heap Scan on sbtest6  (cost=34.81..3927.34 rows=1012 width=121)
	              Recheck Cond: ((id >= 3717052) AND (id <= 3718051))
	              ->  Bitmap Index Scan on sbtest6_pkey  (cost=0.00..34.56 rows=1012 width=0)
	                    Index Cond: ((id >= 3717052) AND (id <= 3718051))

table 7 : explain SELECT DISTINCT c FROM sbtest7 WHERE id BETWEEN 6764136 AND 6765135 ORDER BY c
	Unique  (cost=3771.52..3776.27 rows=950 width=121)
	  ->  Sort  (cost=3771.52..3773.89 rows=950 width=121)
	        Sort Key: c
	        ->  Index Scan using sbtest7_pkey on sbtest7  (cost=0.43..3724.53 rows=950 width=121)
	              Index Cond: ((id >= 6764136) AND (id <= 6765135))

table 8 : explain SELECT DISTINCT c FROM sbtest8 WHERE id BETWEEN 8800167 AND 8801166 ORDER BY c
	Unique  (cost=4089.16..4094.37 rows=1041 width=121)
	  ->  Sort  (cost=4089.16..4091.76 rows=1041 width=121)
	        Sort Key: c
	        ->  Bitmap Heap Scan on sbtest8  (cost=35.11..4036.99 rows=1041 width=121)
	              Recheck Cond: ((id >= 8800167) AND (id <= 8801166))
	              ->  Bitmap Index Scan on sbtest8_pkey  (cost=0.00..34.84 rows=1041 width=0)
	                    Index Cond: ((id >= 8800167) AND (id <= 8801166))

for: order_ranges
table 1 : explain SELECT c FROM sbtest1 WHERE id BETWEEN 4961383 AND 4962382 ORDER BY c
	Sort  (cost=3932.57..3935.07 rows=1002 width=121)
	  Sort Key: c
	  ->  Bitmap Heap Scan on sbtest1  (cost=34.71..3882.62 rows=1002 width=121)
	        Recheck Cond: ((id >= 4961383) AND (id <= 4962382))
	        ->  Bitmap Index Scan on sbtest1_pkey  (cost=0.00..34.45 rows=1002 width=0)
	              Index Cond: ((id >= 4961383) AND (id <= 4962382))

table 2 : explain SELECT c FROM sbtest2 WHERE id BETWEEN 5275271 AND 5276270 ORDER BY c
	Sort  (cost=3687.33..3689.67 rows=937 width=121)
	  Sort Key: c
	  ->  Bitmap Heap Scan on sbtest2  (cost=34.04..3641.08 rows=937 width=121)
	        Recheck Cond: ((id >= 5275271) AND (id <= 5276270))
	        ->  Bitmap Index Scan on sbtest2_pkey  (cost=0.00..33.81 rows=937 width=0)
	              Index Cond: ((id >= 5275271) AND (id <= 5276270))

table 3 : explain SELECT c FROM sbtest3 WHERE id BETWEEN 8824457 AND 8825456 ORDER BY c
	Sort  (cost=4088.89..4091.49 rows=1042 width=121)
	  Sort Key: c
	  ->  Bitmap Heap Scan on sbtest3  (cost=35.12..4036.66 rows=1042 width=121)
	        Recheck Cond: ((id >= 8824457) AND (id <= 8825456))
	        ->  Bitmap Index Scan on sbtest3_pkey  (cost=0.00..34.86 rows=1042 width=0)
	              Index Cond: ((id >= 8824457) AND (id <= 8825456))

table 4 : explain SELECT c FROM sbtest4 WHERE id BETWEEN 8021704 AND 8022703 ORDER BY c
	Sort  (cost=4358.86..4361.61 rows=1101 width=121)
	  Sort Key: c
	  ->  Index Scan using sbtest4_pkey on sbtest4  (cost=0.43..4303.23 rows=1101 width=121)
	        Index Cond: ((id >= 8021704) AND (id <= 8022703))

table 5 : explain SELECT c FROM sbtest5 WHERE id BETWEEN 7580901 AND 7581900 ORDER BY c
	Sort  (cost=3570.13..3572.40 rows=907 width=121)
	  Sort Key: c
	  ->  Bitmap Heap Scan on sbtest5  (cost=29.73..3525.57 rows=907 width=121)
	        Recheck Cond: ((id >= 7580901) AND (id <= 7581900))
	        ->  Bitmap Index Scan on sbtest5_pkey  (cost=0.00..29.50 rows=907 width=0)
	              Index Cond: ((id >= 7580901) AND (id <= 7581900))

table 6 : explain SELECT c FROM sbtest6 WHERE id BETWEEN 7608090 AND 7609089 ORDER BY c
	Sort  (cost=3570.52..3572.79 rows=907 width=121)
	  Sort Key: c
	  ->  Bitmap Heap Scan on sbtest6  (cost=29.73..3525.97 rows=907 width=121)
	        Recheck Cond: ((id >= 7608090) AND (id <= 7609089))
	        ->  Bitmap Index Scan on sbtest6_pkey  (cost=0.00..29.50 rows=907 width=0)
	              Index Cond: ((id >= 7608090) AND (id <= 7609089))

table 7 : explain SELECT c FROM sbtest7 WHERE id BETWEEN 3888729 AND 3889728 ORDER BY c
	Sort  (cost=4131.39..4134.02 rows=1052 width=121)
	  Sort Key: c
	  ->  Bitmap Heap Scan on sbtest7  (cost=35.22..4078.59 rows=1052 width=121)
	        Recheck Cond: ((id >= 3888729) AND (id <= 3889728))
	        ->  Bitmap Index Scan on sbtest7_pkey  (cost=0.00..34.95 rows=1052 width=0)
	              Index Cond: ((id >= 3888729) AND (id <= 3889728))

table 8 : explain SELECT c FROM sbtest8 WHERE id BETWEEN 7915506 AND 7916505 ORDER BY c
	Sort  (cost=3752.22..3754.58 rows=944 width=121)
	  Sort Key: c
	  ->  Index Scan using sbtest8_pkey on sbtest8  (cost=0.43..3705.57 rows=944 width=121)
	        Index Cond: ((id >= 7915506) AND (id <= 7916505))

for: distinct_ranges
table 1 : explain SELECT DISTINCT c FROM sbtest1 WHERE id BETWEEN 1183792 AND 1184791 ORDER BY c
	Unique  (cost=4005.24..4010.34 rows=1021 width=121)
	  ->  Sort  (cost=4005.24..4007.79 rows=1021 width=121)
	        Sort Key: c
	        ->  Bitmap Heap Scan on sbtest1  (cost=34.90..3954.21 rows=1021 width=121)
	              Recheck Cond: ((id >= 1183792) AND (id <= 1184791))
	              ->  Bitmap Index Scan on sbtest1_pkey  (cost=0.00..34.65 rows=1021 width=0)
	                    Index Cond: ((id >= 1183792) AND (id <= 1184791))

table 2 : explain SELECT DISTINCT c FROM sbtest2 WHERE id BETWEEN 4594980 AND 4595979 ORDER BY c
	Unique  (cost=3787.12..3791.94 rows=963 width=121)
	  ->  Sort  (cost=3787.12..3789.53 rows=963 width=121)
	        Sort Key: c
	        ->  Bitmap Heap Scan on sbtest2  (cost=34.31..3739.40 rows=963 width=121)
	              Recheck Cond: ((id >= 4594980) AND (id <= 4595979))
	              ->  Bitmap Index Scan on sbtest2_pkey  (cost=0.00..34.07 rows=963 width=0)
	                    Index Cond: ((id >= 4594980) AND (id <= 4595979))

table 3 : explain SELECT DISTINCT c FROM sbtest3 WHERE id BETWEEN 7289031 AND 7290030 ORDER BY c
	Unique  (cost=3582.66..3587.22 rows=911 width=121)
	  ->  Sort  (cost=3582.66..3584.94 rows=911 width=121)
	        Sort Key: c
	        ->  Bitmap Heap Scan on sbtest3  (cost=29.77..3537.88 rows=911 width=121)
	              Recheck Cond: ((id >= 7289031) AND (id <= 7290030))
	              ->  Bitmap Index Scan on sbtest3_pkey  (cost=0.00..29.54 rows=911 width=0)
	                    Index Cond: ((id >= 7289031) AND (id <= 7290030))

table 4 : explain SELECT DISTINCT c FROM sbtest4 WHERE id BETWEEN 512050 AND 513049 ORDER BY c
	Unique  (cost=3767.31..3772.07 rows=952 width=121)
	  ->  Sort  (cost=3767.31..3769.69 rows=952 width=121)
	        Sort Key: c
	        ->  Index Scan using sbtest4_pkey on sbtest4  (cost=0.43..3720.21 rows=952 width=121)
	              Index Cond: ((id >= 512050) AND (id <= 513049))

table 5 : explain SELECT DISTINCT c FROM sbtest5 WHERE id BETWEEN 121662 AND 122661 ORDER BY c
	Unique  (cost=4364.27..4369.83 rows=1112 width=121)
	  ->  Sort  (cost=4364.27..4367.05 rows=1112 width=121)
	        Sort Key: c
	        ->  Bitmap Heap Scan on sbtest5  (cost=39.83..4308.01 rows=1112 width=121)
	              Recheck Cond: ((id >= 121662) AND (id <= 122661))
	              ->  Bitmap Index Scan on sbtest5_pkey  (cost=0.00..39.56 rows=1112 width=0)
	                    Index Cond: ((id >= 121662) AND (id <= 122661))

table 6 : explain SELECT DISTINCT c FROM sbtest6 WHERE id BETWEEN 4596334 AND 4597333 ORDER BY c
	Unique  (cost=3901.13..3906.09 rows=992 width=121)
	  ->  Sort  (cost=3901.13..3903.61 rows=992 width=121)
	        Sort Key: c
	        ->  Bitmap Heap Scan on sbtest6  (cost=34.60..3851.76 rows=992 width=121)
	              Recheck Cond: ((id >= 4596334) AND (id <= 4597333))
	              ->  Bitmap Index Scan on sbtest6_pkey  (cost=0.00..34.36 rows=992 width=0)
	                    Index Cond: ((id >= 4596334) AND (id <= 4597333))

table 7 : explain SELECT DISTINCT c FROM sbtest7 WHERE id BETWEEN 2101854 AND 2102853 ORDER BY c
	Unique  (cost=4112.24..4117.47 rows=1047 width=121)
	  ->  Sort  (cost=4112.24..4114.85 rows=1047 width=121)
	        Sort Key: c
	        ->  Bitmap Heap Scan on sbtest7  (cost=35.17..4059.72 rows=1047 width=121)
	              Recheck Cond: ((id >= 2101854) AND (id <= 2102853))
	              ->  Bitmap Index Scan on sbtest7_pkey  (cost=0.00..34.91 rows=1047 width=0)
	                    Index Cond: ((id >= 2101854) AND (id <= 2102853))

table 8 : explain SELECT DISTINCT c FROM sbtest8 WHERE id BETWEEN 1961916 AND 1962915 ORDER BY c
	Unique  (cost=4215.56..4220.93 rows=1074 width=121)
	  ->  Sort  (cost=4215.56..4218.24 rows=1074 width=121)
	        Sort Key: c
	        ->  Bitmap Heap Scan on sbtest8  (cost=35.44..4161.49 rows=1074 width=121)
	              Recheck Cond: ((id >= 1961916) AND (id <= 1962915))
	              ->  Bitmap Index Scan on sbtest8_pkey  (cost=0.00..35.18 rows=1074 width=0)
	                    Index Cond: ((id >= 1961916) AND (id <= 1962915))

Threads started!

Warming up for 5 seconds...

SQL statistics:
    queries performed:
        read:                            129732957
        write:                           0
        other:                           23587836
        total:                           153320793
    transactions:                        11793938 (18720.31 per sec.)
    queries:                             153320793 (243363.37 per sec.)
    ignored errors:                      0      (0.00 per sec.)
    reconnects:                          0      (0.00 per sec.)

Throughput:
    events/s (eps):                      18720.3080
    time elapsed:                        630.0078s
    total number of events:              11793938

Latency (ms):
         min:                                    0.50
         avg:                                    2.14
         max:                                   26.45
         95th percentile:                        2.30
         sum:                             25187585.15

Threads fairness:
    events (avg/stddev):           294848.0750/1608.50
    execution time (avg/stddev):   629.6896/0.01

