LUA_PATH=/home/mdcallag/git/mytools/bench/sysbench.lua/lua/?.lua /home/mdcallag/git/mytools/bench/sysbench.lua/lua/sysbench --db-driver=pgsql --range-size=1000 --table-size=10000000 --tables=8 --threads=40 --events=0 --warmup-time=5 --time=630 --pgsql_conn_id=true /home/mdcallag/git/mytools/bench/sysbench.lua/lua/oltp_read_only.lua run --pgsql-user=root --pgsql-password=pw --pgsql-host=127.0.0.1 --pgsql-db=ib --rand-type=uniform --simple-ranges=0 --sum-ranges=0 --order-ranges=1 --distinct-ranges=0
48 CPUs
sysbench 1.1.0-9072687 (using bundled LuaJIT 2.1.0-beta3)

Running the test with following options:
Number of threads: 40
Warmup time: 5s
Initializing random number generator from current time


Initializing worker threads...

explain: for point_selects :: explain SELECT c FROM sbtest%u WHERE id=%u
explain: for point_selects :: explain SELECT c FROM sbtest%u WHERE id=%u
explain: for point_selects :: explain SELECT c FROM sbtest%u WHERE id=%u
for point_selects
table 1 : explain SELECT c FROM sbtest1 WHERE id=4987889
	Index Scan using sbtest1_pkey on sbtest1  (cost=0.43..8.45 rows=1 width=121)
	  Index Cond: (id = 4987889)

table 2 : explain SELECT c FROM sbtest2 WHERE id=84757
	Index Scan using sbtest2_pkey on sbtest2  (cost=0.43..8.45 rows=1 width=121)
	  Index Cond: (id = 84757)

table 3 : explain SELECT c FROM sbtest3 WHERE id=7793616
	Index Scan using sbtest3_pkey on sbtest3  (cost=0.43..8.45 rows=1 width=121)
	  Index Cond: (id = 7793616)

table 4 : explain SELECT c FROM sbtest4 WHERE id=8983129
	Index Scan using sbtest4_pkey on sbtest4  (cost=0.43..8.45 rows=1 width=121)
	  Index Cond: (id = 8983129)

table 5 : explain SELECT c FROM sbtest5 WHERE id=9647490
	Index Scan using sbtest5_pkey on sbtest5  (cost=0.43..8.45 rows=1 width=121)
	  Index Cond: (id = 9647490)

table 6 : explain SELECT c FROM sbtest6 WHERE id=8683786
	Index Scan using sbtest6_pkey on sbtest6  (cost=0.43..8.45 rows=1 width=121)
	  Index Cond: (id = 8683786)

table 7 : explain SELECT c FROM sbtest7 WHERE id=5252994
	Index Scan using sbtest7_pkey on sbtest7  (cost=0.43..8.45 rows=1 width=121)
	  Index Cond: (id = 5252994)

table 8 : explain SELECT c FROM sbtest8 WHERE id=341260
	Index Scan using sbtest8_pkey on sbtest8  (cost=0.43..8.45 rows=1 width=121)
	  Index Cond: (id = 341260)

explain: for point_selects :: explain SELECT c FROM sbtest%u WHERE id=%u
explain: for point_selects :: explain SELECT c FROM sbtest%u WHERE id=%u
explain: for point_selects :: explain SELECT c FROM sbtest%u WHERE id=%u
for: simple_ranges
table 1 : explain SELECT c FROM sbtest1 WHERE id BETWEEN 8711979 AND 8712978
	Bitmap Heap Scan on sbtest1  (cost=33.83..3561.80 rows=917 width=121)
	  Recheck Cond: ((id >= 8711979) AND (id <= 8712978))
	  ->  Bitmap Index Scan on sbtest1_pkey  (cost=0.00..33.61 rows=917 width=0)
	        Index Cond: ((id >= 8711979) AND (id <= 8712978))

table 2 : explain SELECT c FROM sbtest2 WHERE id BETWEEN 3180463 AND 3181462
	Bitmap Heap Scan on sbtest2  (cost=35.34..4120.53 rows=1064 width=121)
	  Recheck Cond: ((id >= 3180463) AND (id <= 3181462))
	  ->  Bitmap Index Scan on sbtest2_pkey  (cost=0.00..35.08 rows=1064 width=0)
	        Index Cond: ((id >= 3180463) AND (id <= 3181462))

table 3 : explain SELECT c FROM sbtest3 WHERE id BETWEEN 4615196 AND 4616195
	Bitmap Heap Scan on sbtest3  (cost=33.98..3617.56 rows=931 width=121)
	  Recheck Cond: ((id >= 4615196) AND (id <= 4616195))
	  ->  Bitmap Index Scan on sbtest3_pkey  (cost=0.00..33.75 rows=931 width=0)
	        Index Cond: ((id >= 4615196) AND (id <= 4616195))

table 4 : explain SELECT c FROM sbtest4 WHERE id BETWEEN 581053 AND 582052
	Index Scan using sbtest4_pkey on sbtest4  (cost=0.43..4085.49 rows=1046 width=121)
	  Index Cond: ((id >= 581053) AND (id <= 582052))

table 5 : explain SELECT c FROM sbtest5 WHERE id BETWEEN 2821328 AND 2822327
	Bitmap Heap Scan on sbtest5  (cost=40.24..4458.53 rows=1152 width=121)
	  Recheck Cond: ((id >= 2821328) AND (id <= 2822327))
	  ->  Bitmap Index Scan on sbtest5_pkey  (cost=0.00..39.95 rows=1152 width=0)
	        Index Cond: ((id >= 2821328) AND (id <= 2822327))

table 6 : explain SELECT c FROM sbtest6 WHERE id BETWEEN 4183199 AND 4184198
	Bitmap Heap Scan on sbtest6  (cost=34.71..3889.56 rows=1002 width=121)
	  Recheck Cond: ((id >= 4183199) AND (id <= 4184198))
	  ->  Bitmap Index Scan on sbtest6_pkey  (cost=0.00..34.45 rows=1002 width=0)
	        Index Cond: ((id >= 4183199) AND (id <= 4184198))

table 7 : explain SELECT c FROM sbtest7 WHERE id BETWEEN 9651909 AND 9652908
	Bitmap Heap Scan on sbtest7  (cost=35.18..4063.49 rows=1048 width=121)
	  Recheck Cond: ((id >= 9651909) AND (id <= 9652908))
	  ->  Bitmap Index Scan on sbtest7_pkey  (cost=0.00..34.92 rows=1048 width=0)
	        Index Cond: ((id >= 9651909) AND (id <= 9652908))

table 8 : explain SELECT c FROM sbtest8 WHERE id BETWEEN 8887054 AND 8888053
	Bitmap Heap Scan on sbtest8  (cost=35.26..4093.60 rows=1056 width=121)
	  Recheck Cond: ((id >= 8887054) AND (id <= 8888053))
	  ->  Bitmap Index Scan on sbtest8_pkey  (cost=0.00..35.00 rows=1056 width=0)
	        Index Cond: ((id >= 8887054) AND (id <= 8888053))

for point_selects
table 1 : explain SELECT c FROM sbtest1 WHERE id=4214613
	Index Scan using sbtest1_pkey on sbtest1  (cost=0.43..8.45 rows=1 width=121)
	  Index Cond: (id = 4214613)

table 2 : explain SELECT c FROM sbtest2 WHERE id=1447263
	Index Scan using sbtest2_pkey on sbtest2  (cost=0.43..8.45 rows=1 width=121)
	  Index Cond: (id = 1447263)

table 3 : explain SELECT c FROM sbtest3 WHERE id=3786993
	Index Scan using sbtest3_pkey on sbtest3  (cost=0.43..8.45 rows=1 width=121)
	  Index Cond: (id = 3786993)

table 4 : explain SELECT c FROM sbtest4 WHERE id=5813266
	Index Scan using sbtest4_pkey on sbtest4  (cost=0.43..8.45 rows=1 width=121)
	  Index Cond: (id = 5813266)

table 5 : explain SELECT c FROM sbtest5 WHERE id=9912441
	Index Scan using sbtest5_pkey on sbtest5  (cost=0.43..8.45 rows=1 width=121)
	  Index Cond: (id = 9912441)

table 6 : explain SELECT c FROM sbtest6 WHERE id=4750567
	Index Scan using sbtest6_pkey on sbtest6  (cost=0.43..8.45 rows=1 width=121)
	  Index Cond: (id = 4750567)

table 7 : explain SELECT c FROM sbtest7 WHERE id=3659598
	Index Scan using sbtest7_pkey on sbtest7  (cost=0.43..8.45 rows=1 width=121)
	  Index Cond: (id = 3659598)

table 8 : explain SELECT c FROM sbtest8 WHERE id=5601489
	Index Scan using sbtest8_pkey on sbtest8  (cost=0.43..8.45 rows=1 width=121)
	  Index Cond: (id = 5601489)

for: sum_ranges
table 1 : explain SELECT SUM(k) FROM sbtest1 WHERE id BETWEEN 8079566 AND 8080565
	Aggregate  (cost=3760.60..3760.61 rows=1 width=8)
	  ->  Bitmap Heap Scan on sbtest1  (cost=34.37..3758.18 rows=969 width=4)
	        Recheck Cond: ((id >= 8079566) AND (id <= 8080565))
	        ->  Bitmap Index Scan on sbtest1_pkey  (cost=0.00..34.12 rows=969 width=0)
	              Index Cond: ((id >= 8079566) AND (id <= 8080565))

table 2 : explain SELECT SUM(k) FROM sbtest2 WHERE id BETWEEN 8400669 AND 8401668
	Aggregate  (cost=4308.01..4308.02 rows=1 width=8)
	  ->  Bitmap Heap Scan on sbtest2  (cost=39.83..4305.23 rows=1112 width=4)
	        Recheck Cond: ((id >= 8400669) AND (id <= 8401668))
	        ->  Bitmap Index Scan on sbtest2_pkey  (cost=0.00..39.56 rows=1112 width=0)
	              Index Cond: ((id >= 8400669) AND (id <= 8401668))

table 3 : explain SELECT SUM(k) FROM sbtest3 WHERE id BETWEEN 3375661 AND 3376660
	Aggregate  (cost=3869.43..3869.44 rows=1 width=8)
	  ->  Bitmap Heap Scan on sbtest3  (cost=34.65..3866.94 rows=997 width=4)
	        Recheck Cond: ((id >= 3375661) AND (id <= 3376660))
	        ->  Bitmap Index Scan on sbtest3_pkey  (cost=0.00..34.41 rows=997 width=0)
	              Index Cond: ((id >= 3375661) AND (id <= 3376660))

table 4 : explain SELECT SUM(k) FROM sbtest4 WHERE id BETWEEN 8252632 AND 8253631
	Aggregate  (cost=3438.62..3438.63 rows=1 width=8)
	  ->  Index Scan using sbtest4_pkey on sbtest4  (cost=0.43..3436.42 rows=880 width=4)
	        Index Cond: ((id >= 8252632) AND (id <= 8253631))

table 5 : explain SELECT SUM(k) FROM sbtest5 WHERE id BETWEEN 2847091 AND 2848090
	Aggregate  (cost=4461.41..4461.42 rows=1 width=8)
	  ->  Bitmap Heap Scan on sbtest5  (cost=40.24..4458.53 rows=1152 width=4)
	        Recheck Cond: ((id >= 2847091) AND (id <= 2848090))
	        ->  Bitmap Index Scan on sbtest5_pkey  (cost=0.00..39.95 rows=1152 width=0)
	              Index Cond: ((id >= 2847091) AND (id <= 2848090))

table 6 : explain SELECT SUM(k) FROM sbtest6 WHERE id BETWEEN 9145650 AND 9146649
	Aggregate  (cost=4205.53..4205.54 rows=1 width=8)
	  ->  Bitmap Heap Scan on sbtest6  (cost=35.56..4202.81 rows=1085 width=4)
	        Recheck Cond: ((id >= 9145650) AND (id <= 9146649))
	        ->  Bitmap Index Scan on sbtest6_pkey  (cost=0.00..35.29 rows=1085 width=0)
	              Index Cond: ((id >= 9145650) AND (id <= 9146649))

table 7 : explain SELECT SUM(k) FROM sbtest7 WHERE id BETWEEN 1031893 AND 1032892
	Aggregate  (cost=3582.56..3582.57 rows=1 width=8)
	  ->  Index Scan using sbtest7_pkey on sbtest7  (cost=0.43..3580.28 rows=913 width=4)
	        Index Cond: ((id >= 1031893) AND (id <= 1032892))

table 8 : explain SELECT SUM(k) FROM sbtest8 WHERE id BETWEEN 2085970 AND 2086969
	Aggregate  (cost=3743.11..3743.12 rows=1 width=8)
	  ->  Index Scan using sbtest8_pkey on sbtest8  (cost=0.43..3740.73 rows=953 width=4)
	        Index Cond: ((id >= 2085970) AND (id <= 2086969))

for point_selects
table 1 : explain SELECT c FROM sbtest1 WHERE id=5914883
	Index Scan using sbtest1_pkey on sbtest1  (cost=0.43..8.45 rows=1 width=121)
	  Index Cond: (id = 5914883)

table 2 : explain SELECT c FROM sbtest2 WHERE id=4164202
	Index Scan using sbtest2_pkey on sbtest2  (cost=0.43..8.45 rows=1 width=121)
	  Index Cond: (id = 4164202)

table 3 : explain SELECT c FROM sbtest3 WHERE id=2950796
	Index Scan using sbtest3_pkey on sbtest3  (cost=0.43..8.45 rows=1 width=121)
	  Index Cond: (id = 2950796)

table 4 : explain SELECT c FROM sbtest4 WHERE id=8971635
	Index Scan using sbtest4_pkey on sbtest4  (cost=0.43..8.45 rows=1 width=121)
	  Index Cond: (id = 8971635)

table 5 : explain SELECT c FROM sbtest5 WHERE id=1068449
	Index Scan using sbtest5_pkey on sbtest5  (cost=0.43..8.45 rows=1 width=121)
	  Index Cond: (id = 1068449)

table 6 : explain SELECT c FROM sbtest6 WHERE id=5108414
	Index Scan using sbtest6_pkey on sbtest6  (cost=0.43..8.45 rows=1 width=121)
	  Index Cond: (id = 5108414)

table 7 : explain SELECT c FROM sbtest7 WHERE id=7317410
	Index Scan using sbtest7_pkey on sbtest7  (cost=0.43..8.45 rows=1 width=121)
	  Index Cond: (id = 7317410)

table 8 : explain SELECT c FROM sbtest8 WHERE id=2776353
	Index Scan using sbtest8_pkey on sbtest8  (cost=0.43..8.45 rows=1 width=121)
	  Index Cond: (id = 2776353)

for: simple_ranges
table 1 : explain SELECT c FROM sbtest1 WHERE id BETWEEN 3247381 AND 3248380
	Bitmap Heap Scan on sbtest1  (cost=29.72..3516.22 rows=906 width=121)
	  Recheck Cond: ((id >= 3247381) AND (id <= 3248380))
	  ->  Bitmap Index Scan on sbtest1_pkey  (cost=0.00..29.50 rows=906 width=0)
	        Index Cond: ((id >= 3247381) AND (id <= 3248380))

table 2 : explain SELECT c FROM sbtest2 WHERE id BETWEEN 4034921 AND 4035920
	Bitmap Heap Scan on sbtest2  (cost=34.33..3746.96 rows=965 width=121)
	  Recheck Cond: ((id >= 4034921) AND (id <= 4035920))
	  ->  Bitmap Index Scan on sbtest2_pkey  (cost=0.00..34.09 rows=965 width=0)
	        Index Cond: ((id >= 4034921) AND (id <= 4035920))

table 3 : explain SELECT c FROM sbtest3 WHERE id BETWEEN 9335627 AND 9336626
	Bitmap Heap Scan on sbtest3  (cost=34.49..3806.54 rows=981 width=121)
	  Recheck Cond: ((id >= 9335627) AND (id <= 9336626))
	  ->  Bitmap Index Scan on sbtest3_pkey  (cost=0.00..34.25 rows=981 width=0)
	        Index Cond: ((id >= 9335627) AND (id <= 9336626))

table 4 : explain SELECT c FROM sbtest4 WHERE id BETWEEN 1048751 AND 1049750
	Index Scan using sbtest4_pkey on sbtest4  (cost=0.43..3650.28 rows=934 width=121)
	  Index Cond: ((id >= 1048751) AND (id <= 1049750))

table 5 : explain SELECT c FROM sbtest5 WHERE id BETWEEN 2383919 AND 2384918
	Bitmap Heap Scan on sbtest5  (cost=34.33..3749.21 rows=965 width=121)
	  Recheck Cond: ((id >= 2383919) AND (id <= 2384918))
	  ->  Bitmap Index Scan on sbtest5_pkey  (cost=0.00..34.09 rows=965 width=0)
	        Index Cond: ((id >= 2383919) AND (id <= 2384918))

table 6 : explain SELECT c FROM sbtest6 WHERE id BETWEEN 4779086 AND 4780085
	Bitmap Heap Scan on sbtest6  (cost=35.29..4104.77 rows=1059 width=121)
	  Recheck Cond: ((id >= 4779086) AND (id <= 4780085))
	  ->  Bitmap Index Scan on sbtest6_pkey  (cost=0.00..35.03 rows=1059 width=0)
	        Index Cond: ((id >= 4779086) AND (id <= 4780085))

table 7 : explain SELECT c FROM sbtest7 WHERE id BETWEEN 432 AND 1431
	Index Scan using sbtest7_pkey on sbtest7  (cost=0.43..3899.99 rows=995 width=121)
	  Index Cond: ((id >= 432) AND (id <= 1431))

table 8 : explain SELECT c FROM sbtest8 WHERE id BETWEEN 7129201 AND 7130200
	Bitmap Heap Scan on sbtest8  (cost=34.58..3844.32 rows=990 width=121)
	  Recheck Cond: ((id >= 7129201) AND (id <= 7130200))
	  ->  Bitmap Index Scan on sbtest8_pkey  (cost=0.00..34.34 rows=990 width=0)
	        Index Cond: ((id >= 7129201) AND (id <= 7130200))

explain: for point_selects :: explain SELECT c FROM sbtest%u WHERE id=%u
for: order_ranges
table 1 : explain SELECT c FROM sbtest1 WHERE id BETWEEN 3231943 AND 3232942 ORDER BY c
	Sort  (cost=3560.72..3562.98 rows=906 width=121)
	  Sort Key: c
	  ->  Bitmap Heap Scan on sbtest1  (cost=29.72..3516.22 rows=906 width=121)
	        Recheck Cond: ((id >= 3231943) AND (id <= 3232942))
	        ->  Bitmap Index Scan on sbtest1_pkey  (cost=0.00..29.50 rows=906 width=0)
	              Index Cond: ((id >= 3231943) AND (id <= 3232942))

table 2 : explain SELECT c FROM sbtest2 WHERE id BETWEEN 9960170 AND 9961169 ORDER BY c
	Sort  (cost=3840.83..3843.27 rows=977 width=121)
	  Sort Key: c
	  ->  Bitmap Heap Scan on sbtest2  (cost=34.45..3792.31 rows=977 width=121)
	        Recheck Cond: ((id >= 9960170) AND (id <= 9961169))
	        ->  Bitmap Index Scan on sbtest2_pkey  (cost=0.00..34.20 rows=977 width=0)
	              Index Cond: ((id >= 9960170) AND (id <= 9961169))

table 3 : explain SELECT c FROM sbtest3 WHERE id BETWEEN 3370125 AND 3371124 ORDER BY c
	Sort  (cost=3916.60..3919.09 rows=997 width=121)
	  Sort Key: c
	  ->  Bitmap Heap Scan on sbtest3  (cost=34.65..3866.94 rows=997 width=121)
	        Recheck Cond: ((id >= 3370125) AND (id <= 3371124))
	        ->  Bitmap Index Scan on sbtest3_pkey  (cost=0.00..34.41 rows=997 width=0)
	              Index Cond: ((id >= 3370125) AND (id <= 3371124))

table 4 : explain SELECT c FROM sbtest4 WHERE id BETWEEN 1511744 AND 1512743 ORDER BY c
	Sort  (cost=3720.01..3722.36 rows=940 width=121)
	  Sort Key: c
	  ->  Index Scan using sbtest4_pkey on sbtest4  (cost=0.43..3673.59 rows=940 width=121)
	        Index Cond: ((id >= 1511744) AND (id <= 1512743))

table 5 : explain SELECT c FROM sbtest5 WHERE id BETWEEN 1155089 AND 1156088 ORDER BY c
	Sort  (cost=4257.00..4259.72 rows=1085 width=121)
	  Sort Key: c
	  ->  Bitmap Heap Scan on sbtest5  (cost=35.56..4202.30 rows=1085 width=121)
	        Recheck Cond: ((id >= 1155089) AND (id <= 1156088))
	        ->  Bitmap Index Scan on sbtest5_pkey  (cost=0.00..35.29 rows=1085 width=0)
	              Index Cond: ((id >= 1155089) AND (id <= 1156088))

table 6 : explain SELECT c FROM sbtest6 WHERE id BETWEEN 4045782 AND 4046781 ORDER BY c
	Sort  (cost=3966.35..3968.87 rows=1009 width=121)
	  Sort Key: c
	  ->  Bitmap Heap Scan on sbtest6  (cost=34.78..3916.01 rows=1009 width=121)
	        Recheck Cond: ((id >= 4045782) AND (id <= 4046781))
	        ->  Bitmap Index Scan on sbtest6_pkey  (cost=0.00..34.53 rows=1009 width=0)
	              Index Cond: ((id >= 4045782) AND (id <= 4046781))

table 7 : explain SELECT c FROM sbtest7 WHERE id BETWEEN 4779679 AND 4780678 ORDER BY c
	Sort  (cost=3925.81..3928.28 rows=989 width=121)
	  Sort Key: c
	  ->  Index Scan using sbtest7_pkey on sbtest7  (cost=0.43..3876.61 rows=989 width=121)
	        Index Cond: ((id >= 4779679) AND (id <= 4780678))

table 8 : explain SELECT c FROM sbtest8 WHERE id BETWEEN 1662384 AND 1663383 ORDER BY c
	Sort  (cost=3633.42..3635.71 rows=914 width=121)
	  Sort Key: c
	  ->  Index Scan using sbtest8_pkey on sbtest8  (cost=0.43..3588.47 rows=914 width=121)
	        Index Cond: ((id >= 1662384) AND (id <= 1663383))

for: simple_ranges
table 1 : explain SELECT c FROM sbtest1 WHERE id BETWEEN 6804842 AND 6805841
	Bitmap Heap Scan on sbtest1  (cost=35.26..4085.96 rows=1056 width=121)
	  Recheck Cond: ((id >= 6804842) AND (id <= 6805841))
	  ->  Bitmap Index Scan on sbtest1_pkey  (cost=0.00..35.00 rows=1056 width=0)
	        Index Cond: ((id >= 6804842) AND (id <= 6805841))

table 2 : explain SELECT c FROM sbtest2 WHERE id BETWEEN 8107436 AND 8108435
	Bitmap Heap Scan on sbtest2  (cost=34.31..3739.40 rows=963 width=121)
	  Recheck Cond: ((id >= 8107436) AND (id <= 8108435))
	  ->  Bitmap Index Scan on sbtest2_pkey  (cost=0.00..34.07 rows=963 width=0)
	        Index Cond: ((id >= 8107436) AND (id <= 8108435))

table 3 : explain SELECT c FROM sbtest3 WHERE id BETWEEN 856430 AND 857429
	Bitmap Heap Scan on sbtest3  (cost=35.47..4168.48 rows=1077 width=121)
	  Recheck Cond: ((id >= 856430) AND (id <= 857429))
	  ->  Bitmap Index Scan on sbtest3_pkey  (cost=0.00..35.20 rows=1077 width=0)
	        Index Cond: ((id >= 856430) AND (id <= 857429))

table 4 : explain SELECT c FROM sbtest4 WHERE id BETWEEN 7243413 AND 7244412
	Index Scan using sbtest4_pkey on sbtest4  (cost=0.43..4213.76 rows=1079 width=121)
	  Index Cond: ((id >= 7243413) AND (id <= 7244412))

table 5 : explain SELECT c FROM sbtest5 WHERE id BETWEEN 1239019 AND 1240018
	Bitmap Heap Scan on sbtest5  (cost=33.83..3567.47 rows=917 width=121)
	  Recheck Cond: ((id >= 1239019) AND (id <= 1240018))
	  ->  Bitmap Index Scan on sbtest5_pkey  (cost=0.00..33.61 rows=917 width=0)
	        Index Cond: ((id >= 1239019) AND (id <= 1240018))

table 6 : explain SELECT c FROM sbtest6 WHERE id BETWEEN 9928241 AND 9929240
	Bitmap Heap Scan on sbtest6  (cost=34.82..3931.12 rows=1013 width=121)
	  Recheck Cond: ((id >= 9928241) AND (id <= 9929240))
	  ->  Bitmap Index Scan on sbtest6_pkey  (cost=0.00..34.57 rows=1013 width=0)
	        Index Cond: ((id >= 9928241) AND (id <= 9929240))

table 7 : explain SELECT c FROM sbtest7 WHERE id BETWEEN 9171074 AND 9172073
	Bitmap Heap Scan on sbtest7  (cost=35.25..4089.91 rows=1055 width=121)
	  Recheck Cond: ((id >= 9171074) AND (id <= 9172073))
	  ->  Bitmap Index Scan on sbtest7_pkey  (cost=0.00..34.98 rows=1055 width=0)
	        Index Cond: ((id >= 9171074) AND (id <= 9172073))

table 8 : explain SELECT c FROM sbtest8 WHERE id BETWEEN 2437833 AND 2438832
	Index Scan using sbtest8_pkey on sbtest8  (cost=0.43..3666.55 rows=934 width=121)
	  Index Cond: ((id >= 2437833) AND (id <= 2438832))

for: sum_ranges
table 1 : explain SELECT SUM(k) FROM sbtest1 WHERE id BETWEEN 8101256 AND 8102255
	Aggregate  (cost=3760.60..3760.61 rows=1 width=8)
	  ->  Bitmap Heap Scan on sbtest1  (cost=34.37..3758.18 rows=969 width=4)
	        Recheck Cond: ((id >= 8101256) AND (id <= 8102255))
	        ->  Bitmap Index Scan on sbtest1_pkey  (cost=0.00..34.12 rows=969 width=0)
	              Index Cond: ((id >= 8101256) AND (id <= 8102255))

table 2 : explain SELECT SUM(k) FROM sbtest2 WHERE id BETWEEN 5721156 AND 5722155
	Aggregate  (cost=3787.19..3787.20 rows=1 width=8)
	  ->  Bitmap Heap Scan on sbtest2  (cost=34.43..3784.75 rows=975 width=4)
	        Recheck Cond: ((id >= 5721156) AND (id <= 5722155))
	        ->  Bitmap Index Scan on sbtest2_pkey  (cost=0.00..34.19 rows=975 width=0)
	              Index Cond: ((id >= 5721156) AND (id <= 5722155))

table 3 : explain SELECT SUM(k) FROM sbtest3 WHERE id BETWEEN 7398693 AND 7399692
	Aggregate  (cost=3574.46..3574.47 rows=1 width=8)
	  ->  Bitmap Heap Scan on sbtest3  (cost=33.85..3572.16 rows=919 width=4)
	        Recheck Cond: ((id >= 7398693) AND (id <= 7399692))
	        ->  Bitmap Index Scan on sbtest3_pkey  (cost=0.00..33.62 rows=919 width=0)
	              Index Cond: ((id >= 7398693) AND (id <= 7399692))

table 4 : explain SELECT SUM(k) FROM sbtest4 WHERE id BETWEEN 4473635 AND 4474634
	Aggregate  (cost=3644.84..3644.85 rows=1 width=8)
	  ->  Index Scan using sbtest4_pkey on sbtest4  (cost=0.43..3642.51 rows=932 width=4)
	        Index Cond: ((id >= 4473635) AND (id <= 4474634))

table 5 : explain SELECT SUM(k) FROM sbtest5 WHERE id BETWEEN 8556483 AND 8557482
	Aggregate  (cost=3876.48..3876.49 rows=1 width=8)
	  ->  Bitmap Heap Scan on sbtest5  (cost=34.66..3873.98 rows=998 width=4)
	        Recheck Cond: ((id >= 8556483) AND (id <= 8557482))
	        ->  Bitmap Index Scan on sbtest5_pkey  (cost=0.00..34.42 rows=998 width=0)
	              Index Cond: ((id >= 8556483) AND (id <= 8557482))

table 6 : explain SELECT SUM(k) FROM sbtest6 WHERE id BETWEEN 6722868 AND 6723867
	Aggregate  (cost=3706.61..3706.62 rows=1 width=8)
	  ->  Bitmap Heap Scan on sbtest6  (cost=34.20..3704.22 rows=953 width=4)
	        Recheck Cond: ((id >= 6722868) AND (id <= 6723867))
	        ->  Bitmap Index Scan on sbtest6_pkey  (cost=0.00..33.97 rows=953 width=0)
	              Index Cond: ((id >= 6722868) AND (id <= 6723867))

table 7 : explain SELECT SUM(k) FROM sbtest7 WHERE id BETWEEN 5581317 AND 5582316
	Aggregate  (cost=3765.94..3765.95 rows=1 width=8)
	  ->  Index Scan using sbtest7_pkey on sbtest7  (cost=0.43..3763.54 rows=960 width=4)
	        Index Cond: ((id >= 5581317) AND (id <= 5582316))

table 8 : explain SELECT SUM(k) FROM sbtest8 WHERE id BETWEEN 7654572 AND 7655571
	Aggregate  (cost=3754.82..3754.83 rows=1 width=8)
	  ->  Index Scan using sbtest8_pkey on sbtest8  (cost=0.43..3752.43 rows=956 width=4)
	        Index Cond: ((id >= 7654572) AND (id <= 7655571))

explain: for point_selects :: explain SELECT c FROM sbtest%u WHERE id=%u
for: distinct_ranges
table 1 : explain SELECT DISTINCT c FROM sbtest1 WHERE id BETWEEN 1853166 AND 1854165 ORDER BY c
	Unique  (cost=3963.17..3968.22 rows=1010 width=121)
	  ->  Sort  (cost=3963.17..3965.70 rows=1010 width=121)
	        Sort Key: c
	        ->  Bitmap Heap Scan on sbtest1  (cost=34.79..3912.77 rows=1010 width=121)
	              Recheck Cond: ((id >= 1853166) AND (id <= 1854165))
	              ->  Bitmap Index Scan on sbtest1_pkey  (cost=0.00..34.54 rows=1010 width=0)
	                    Index Cond: ((id >= 1853166) AND (id <= 1854165))

table 2 : explain SELECT DISTINCT c FROM sbtest2 WHERE id BETWEEN 4037957 AND 4038956 ORDER BY c
	Unique  (cost=3794.80..3799.62 rows=965 width=121)
	  ->  Sort  (cost=3794.80..3797.21 rows=965 width=121)
	        Sort Key: c
	        ->  Bitmap Heap Scan on sbtest2  (cost=34.33..3746.96 rows=965 width=121)
	              Recheck Cond: ((id >= 4037957) AND (id <= 4038956))
	              ->  Bitmap Index Scan on sbtest2_pkey  (cost=0.00..34.09 rows=965 width=0)
	                    Index Cond: ((id >= 4037957) AND (id <= 4038956))

table 3 : explain SELECT DISTINCT c FROM sbtest3 WHERE id BETWEEN 7608991 AND 7609990 ORDER BY c
	Unique  (cost=3882.11..3887.05 rows=988 width=121)
	  ->  Sort  (cost=3882.11..3884.58 rows=988 width=121)
	        Sort Key: c
	        ->  Bitmap Heap Scan on sbtest3  (cost=34.56..3832.97 rows=988 width=121)
	              Recheck Cond: ((id >= 7608991) AND (id <= 7609990))
	              ->  Bitmap Index Scan on sbtest3_pkey  (cost=0.00..34.32 rows=988 width=0)
	                    Index Cond: ((id >= 7608991) AND (id <= 7609990))

table 4 : explain SELECT DISTINCT c FROM sbtest4 WHERE id BETWEEN 1294982 AND 1295981 ORDER BY c
	Unique  (cost=4165.58..4170.85 rows=1053 width=121)
	  ->  Sort  (cost=4165.58..4168.22 rows=1053 width=121)
	        Sort Key: c
	        ->  Index Scan using sbtest4_pkey on sbtest4  (cost=0.43..4112.72 rows=1053 width=121)
	              Index Cond: ((id >= 1294982) AND (id <= 1295981))

table 5 : explain SELECT DISTINCT c FROM sbtest5 WHERE id BETWEEN 6895503 AND 6896502 ORDER BY c
	Unique  (cost=4134.51..4139.77 rows=1053 width=121)
	  ->  Sort  (cost=4134.51..4137.14 rows=1053 width=121)
	        Sort Key: c
	        ->  Bitmap Heap Scan on sbtest5  (cost=35.23..4081.65 rows=1053 width=121)
	              Recheck Cond: ((id >= 6895503) AND (id <= 6896502))
	              ->  Bitmap Index Scan on sbtest5_pkey  (cost=0.00..34.97 rows=1053 width=0)
	                    Index Cond: ((id >= 6895503) AND (id <= 6896502))

table 6 : explain SELECT DISTINCT c FROM sbtest6 WHERE id BETWEEN 4246146 AND 4247145 ORDER BY c
	Unique  (cost=4666.63..4672.59 rows=1192 width=121)
	  ->  Sort  (cost=4666.63..4669.61 rows=1192 width=121)
	        Sort Key: c
	        ->  Bitmap Heap Scan on sbtest6  (cost=40.65..4605.72 rows=1192 width=121)
	              Recheck Cond: ((id >= 4246146) AND (id <= 4247145))
	              ->  Bitmap Index Scan on sbtest6_pkey  (cost=0.00..40.36 rows=1192 width=0)
	                    Index Cond: ((id >= 4246146) AND (id <= 4247145))

table 7 : explain SELECT DISTINCT c FROM sbtest7 WHERE id BETWEEN 8063428 AND 8064427 ORDER BY c
	Unique  (cost=4181.18..4186.51 rows=1065 width=121)
	  ->  Sort  (cost=4181.18..4183.85 rows=1065 width=121)
	        Sort Key: c
	        ->  Bitmap Heap Scan on sbtest7  (cost=35.35..4127.63 rows=1065 width=121)
	              Recheck Cond: ((id >= 8063428) AND (id <= 8064427))
	              ->  Bitmap Index Scan on sbtest7_pkey  (cost=0.00..35.09 rows=1065 width=0)
	                    Index Cond: ((id >= 8063428) AND (id <= 8064427))

table 8 : explain SELECT DISTINCT c FROM sbtest8 WHERE id BETWEEN 6847031 AND 6848030 ORDER BY c
	Unique  (cost=3613.58..3618.13 rows=910 width=121)
	  ->  Sort  (cost=3613.58..3615.86 rows=910 width=121)
	        Sort Key: c
	        ->  Index Scan using sbtest8_pkey on sbtest8  (cost=0.43..3568.86 rows=910 width=121)
	              Index Cond: ((id >= 6847031) AND (id <= 6848030))

for point_selects
table 1 : explain SELECT c FROM sbtest1 WHERE id=7011782
	Index Scan using sbtest1_pkey on sbtest1  (cost=0.43..8.45 rows=1 width=121)
	  Index Cond: (id = 7011782)

table 2 : explain SELECT c FROM sbtest2 WHERE id=456524
	Index Scan using sbtest2_pkey on sbtest2  (cost=0.43..8.45 rows=1 width=121)
	  Index Cond: (id = 456524)

table 3 : explain SELECT c FROM sbtest3 WHERE id=6646996
	Index Scan using sbtest3_pkey on sbtest3  (cost=0.43..8.45 rows=1 width=121)
	  Index Cond: (id = 6646996)

table 4 : explain SELECT c FROM sbtest4 WHERE id=5349428
	Index Scan using sbtest4_pkey on sbtest4  (cost=0.43..8.45 rows=1 width=121)
	  Index Cond: (id = 5349428)

table 5 : explain SELECT c FROM sbtest5 WHERE id=6982097
	Index Scan using sbtest5_pkey on sbtest5  (cost=0.43..8.45 rows=1 width=121)
	  Index Cond: (id = 6982097)

table 6 : explain SELECT c FROM sbtest6 WHERE id=1879872
	Index Scan using sbtest6_pkey on sbtest6  (cost=0.43..8.45 rows=1 width=121)
	  Index Cond: (id = 1879872)

table 7 : explain SELECT c FROM sbtest7 WHERE id=6402133
	Index Scan using sbtest7_pkey on sbtest7  (cost=0.43..8.45 rows=1 width=121)
	  Index Cond: (id = 6402133)

table 8 : explain SELECT c FROM sbtest8 WHERE id=3757399
	Index Scan using sbtest8_pkey on sbtest8  (cost=0.43..8.45 rows=1 width=121)
	  Index Cond: (id = 3757399)

for point_selects
table 1 : explain SELECT c FROM sbtest1 WHERE id=33420
	Index Scan using sbtest1_pkey on sbtest1  (cost=0.43..8.45 rows=1 width=121)
	  Index Cond: (id = 33420)

table 2 : explain SELECT c FROM sbtest2 WHERE id=4612709
	Index Scan using sbtest2_pkey on sbtest2  (cost=0.43..8.45 rows=1 width=121)
	  Index Cond: (id = 4612709)

table 3 : explain SELECT c FROM sbtest3 WHERE id=3235204
	Index Scan using sbtest3_pkey on sbtest3  (cost=0.43..8.45 rows=1 width=121)
	  Index Cond: (id = 3235204)

table 4 : explain SELECT c FROM sbtest4 WHERE id=3198242
	Index Scan using sbtest4_pkey on sbtest4  (cost=0.43..8.45 rows=1 width=121)
	  Index Cond: (id = 3198242)

table 5 : explain SELECT c FROM sbtest5 WHERE id=7142759
	Index Scan using sbtest5_pkey on sbtest5  (cost=0.43..8.45 rows=1 width=121)
	  Index Cond: (id = 7142759)

table 6 : explain SELECT c FROM sbtest6 WHERE id=8399618
	Index Scan using sbtest6_pkey on sbtest6  (cost=0.43..8.45 rows=1 width=121)
	  Index Cond: (id = 8399618)

table 7 : explain SELECT c FROM sbtest7 WHERE id=9002640
	Index Scan using sbtest7_pkey on sbtest7  (cost=0.43..8.45 rows=1 width=121)
	  Index Cond: (id = 9002640)

table 8 : explain SELECT c FROM sbtest8 WHERE id=5555358
	Index Scan using sbtest8_pkey on sbtest8  (cost=0.43..8.45 rows=1 width=121)
	  Index Cond: (id = 5555358)

for: simple_ranges
table 1 : explain SELECT c FROM sbtest1 WHERE id BETWEEN 4735957 AND 4736956
	Bitmap Heap Scan on sbtest1  (cost=33.95..3603.37 rows=928 width=121)
	  Recheck Cond: ((id >= 4735957) AND (id <= 4736956))
	  ->  Bitmap Index Scan on sbtest1_pkey  (cost=0.00..33.72 rows=928 width=0)
	        Index Cond: ((id >= 4735957) AND (id <= 4736956))

table 2 : explain SELECT c FROM sbtest2 WHERE id BETWEEN 3022700 AND 3023699
	Bitmap Heap Scan on sbtest2  (cost=34.64..3864.07 rows=996 width=121)
	  Recheck Cond: ((id >= 3022700) AND (id <= 3023699))
	  ->  Bitmap Index Scan on sbtest2_pkey  (cost=0.00..34.40 rows=996 width=0)
	        Index Cond: ((id >= 3022700) AND (id <= 3023699))

table 3 : explain SELECT c FROM sbtest3 WHERE id BETWEEN 7840979 AND 7841978
	Bitmap Heap Scan on sbtest3  (cost=34.97..3983.88 rows=1028 width=121)
	  Recheck Cond: ((id >= 7840979) AND (id <= 7841978))
	  ->  Bitmap Index Scan on sbtest3_pkey  (cost=0.00..34.72 rows=1028 width=0)
	        Index Cond: ((id >= 7840979) AND (id <= 7841978))

table 4 : explain SELECT c FROM sbtest4 WHERE id BETWEEN 4352096 AND 4353095
	Index Scan using sbtest4_pkey on sbtest4  (cost=0.43..3743.52 rows=958 width=121)
	  Index Cond: ((id >= 4352096) AND (id <= 4353095))

table 5 : explain SELECT c FROM sbtest5 WHERE id BETWEEN 4858190 AND 4859189
	Bitmap Heap Scan on sbtest5  (cost=34.90..3960.87 rows=1021 width=121)
	  Recheck Cond: ((id >= 4858190) AND (id <= 4859189))
	  ->  Bitmap Index Scan on sbtest5_pkey  (cost=0.00..34.65 rows=1021 width=0)
	        Index Cond: ((id >= 4858190) AND (id <= 4859189))

table 6 : explain SELECT c FROM sbtest6 WHERE id BETWEEN 9986983 AND 9987982
	Bitmap Heap Scan on sbtest6  (cost=34.82..3931.12 rows=1013 width=121)
	  Recheck Cond: ((id >= 9986983) AND (id <= 9987982))
	  ->  Bitmap Index Scan on sbtest6_pkey  (cost=0.00..34.57 rows=1013 width=0)
	        Index Cond: ((id >= 9986983) AND (id <= 9987982))

table 7 : explain SELECT c FROM sbtest7 WHERE id BETWEEN 3100581 AND 3101580
	Bitmap Heap Scan on sbtest7  (cost=35.15..4052.17 rows=1045 width=121)
	  Recheck Cond: ((id >= 3100581) AND (id <= 3101580))
	  ->  Bitmap Index Scan on sbtest7_pkey  (cost=0.00..34.89 rows=1045 width=0)
	        Index Cond: ((id >= 3100581) AND (id <= 3101580))

table 8 : explain SELECT c FROM sbtest8 WHERE id BETWEEN 3465564 AND 3466563
	Bitmap Heap Scan on sbtest8  (cost=34.82..3931.25 rows=1013 width=121)
	  Recheck Cond: ((id >= 3465564) AND (id <= 3466563))
	  ->  Bitmap Index Scan on sbtest8_pkey  (cost=0.00..34.57 rows=1013 width=0)
	        Index Cond: ((id >= 3465564) AND (id <= 3466563))

for point_selects
table 1 : explain SELECT c FROM sbtest1 WHERE id=7718112
	Index Scan using sbtest1_pkey on sbtest1  (cost=0.43..8.45 rows=1 width=121)
	  Index Cond: (id = 7718112)

table 2 : explain SELECT c FROM sbtest2 WHERE id=1878991
	Index Scan using sbtest2_pkey on sbtest2  (cost=0.43..8.45 rows=1 width=121)
	  Index Cond: (id = 1878991)

table 3 : explain SELECT c FROM sbtest3 WHERE id=6678025
	Index Scan using sbtest3_pkey on sbtest3  (cost=0.43..8.45 rows=1 width=121)
	  Index Cond: (id = 6678025)

table 4 : explain SELECT c FROM sbtest4 WHERE id=7431314
	Index Scan using sbtest4_pkey on sbtest4  (cost=0.43..8.45 rows=1 width=121)
	  Index Cond: (id = 7431314)

table 5 : explain SELECT c FROM sbtest5 WHERE id=1371290
	Index Scan using sbtest5_pkey on sbtest5  (cost=0.43..8.45 rows=1 width=121)
	  Index Cond: (id = 1371290)

table 6 : explain SELECT c FROM sbtest6 WHERE id=8139346
	Index Scan using sbtest6_pkey on sbtest6  (cost=0.43..8.45 rows=1 width=121)
	  Index Cond: (id = 8139346)

table 7 : explain SELECT c FROM sbtest7 WHERE id=2637208
	Index Scan using sbtest7_pkey on sbtest7  (cost=0.43..8.45 rows=1 width=121)
	  Index Cond: (id = 2637208)

table 8 : explain SELECT c FROM sbtest8 WHERE id=4616203
	Index Scan using sbtest8_pkey on sbtest8  (cost=0.43..8.45 rows=1 width=121)
	  Index Cond: (id = 4616203)

explain: for point_selects :: explain SELECT c FROM sbtest%u WHERE id=%u
for: sum_ranges
table 1 : explain SELECT SUM(k) FROM sbtest1 WHERE id BETWEEN 236910 AND 237909
	Aggregate  (cost=3696.40..3696.41 rows=1 width=8)
	  ->  Bitmap Heap Scan on sbtest1  (cost=34.19..3694.02 rows=952 width=4)
	        Recheck Cond: ((id >= 236910) AND (id <= 237909))
	        ->  Bitmap Index Scan on sbtest1_pkey  (cost=0.00..33.95 rows=952 width=0)
	              Index Cond: ((id >= 236910) AND (id <= 237909))

table 2 : explain SELECT SUM(k) FROM sbtest2 WHERE id BETWEEN 6601998 AND 6602997
	Aggregate  (cost=3715.33..3715.34 rows=1 width=8)
	  ->  Bitmap Heap Scan on sbtest2  (cost=34.23..3712.94 rows=956 width=4)
	        Recheck Cond: ((id >= 6601998) AND (id <= 6602997))
	        ->  Bitmap Index Scan on sbtest2_pkey  (cost=0.00..34.00 rows=956 width=0)
	              Index Cond: ((id >= 6601998) AND (id <= 6602997))

table 3 : explain SELECT SUM(k) FROM sbtest3 WHERE id BETWEEN 1571970 AND 1572969
	Aggregate  (cost=3551.52..3551.53 rows=1 width=8)
	  ->  Bitmap Heap Scan on sbtest3  (cost=29.80..3549.24 rows=914 width=4)
	        Recheck Cond: ((id >= 1571970) AND (id <= 1572969))
	        ->  Bitmap Index Scan on sbtest3_pkey  (cost=0.00..29.57 rows=914 width=0)
	              Index Cond: ((id >= 1571970) AND (id <= 1572969))

table 4 : explain SELECT SUM(k) FROM sbtest4 WHERE id BETWEEN 1443868 AND 1444867
	Aggregate  (cost=3878.15..3878.16 rows=1 width=8)
	  ->  Index Scan using sbtest4_pkey on sbtest4  (cost=0.43..3875.67 rows=992 width=4)
	        Index Cond: ((id >= 1443868) AND (id <= 1444867))

table 5 : explain SELECT SUM(k) FROM sbtest5 WHERE id BETWEEN 4677394 AND 4678393
	Aggregate  (cost=3709.97..3709.98 rows=1 width=8)
	  ->  Bitmap Heap Scan on sbtest5  (cost=34.21..3707.59 rows=954 width=4)
	        Recheck Cond: ((id >= 4677394) AND (id <= 4678393))
	        ->  Bitmap Index Scan on sbtest5_pkey  (cost=0.00..33.98 rows=954 width=0)
	              Index Cond: ((id >= 4677394) AND (id <= 4678393))

table 6 : explain SELECT SUM(k) FROM sbtest6 WHERE id BETWEEN 5373810 AND 5374809
	Aggregate  (cost=3805.05..3805.06 rows=1 width=8)
	  ->  Bitmap Heap Scan on sbtest6  (cost=34.47..3802.60 rows=979 width=4)
	        Recheck Cond: ((id >= 5373810) AND (id <= 5374809))
	        ->  Bitmap Index Scan on sbtest6_pkey  (cost=0.00..34.23 rows=979 width=0)
	              Index Cond: ((id >= 5373810) AND (id <= 5374809))

table 7 : explain SELECT SUM(k) FROM sbtest7 WHERE id BETWEEN 9495109 AND 9496108
	Aggregate  (cost=3570.86..3570.87 rows=1 width=8)
	  ->  Index Scan using sbtest7_pkey on sbtest7  (cost=0.43..3568.59 rows=910 width=4)
	        Index Cond: ((id >= 9495109) AND (id <= 9496108))

table 8 : explain SELECT SUM(k) FROM sbtest8 WHERE id BETWEEN 1959476 AND 1960475
	Aggregate  (cost=4164.17..4164.18 rows=1 width=8)
	  ->  Bitmap Heap Scan on sbtest8  (cost=35.44..4161.49 rows=1074 width=4)
	        Recheck Cond: ((id >= 1959476) AND (id <= 1960475))
	        ->  Bitmap Index Scan on sbtest8_pkey  (cost=0.00..35.18 rows=1074 width=0)
	              Index Cond: ((id >= 1959476) AND (id <= 1960475))

for: simple_ranges
table 1 : explain SELECT c FROM sbtest1 WHERE id BETWEEN 1301978 AND 1302977
	Bitmap Heap Scan on sbtest1  (cost=34.90..3954.21 rows=1021 width=121)
	  Recheck Cond: ((id >= 1301978) AND (id <= 1302977))
	  ->  Bitmap Index Scan on sbtest1_pkey  (cost=0.00..34.65 rows=1021 width=0)
	        Index Cond: ((id >= 1301978) AND (id <= 1302977))

table 2 : explain SELECT c FROM sbtest2 WHERE id BETWEEN 7963198 AND 7964197
	Bitmap Heap Scan on sbtest2  (cost=34.79..3916.92 rows=1010 width=121)
	  Recheck Cond: ((id >= 7963198) AND (id <= 7964197))
	  ->  Bitmap Index Scan on sbtest2_pkey  (cost=0.00..34.54 rows=1010 width=0)
	        Index Cond: ((id >= 7963198) AND (id <= 7964197))

table 3 : explain SELECT c FROM sbtest3 WHERE id BETWEEN 4587553 AND 4588552
	Bitmap Heap Scan on sbtest3  (cost=33.98..3617.56 rows=931 width=121)
	  Recheck Cond: ((id >= 4587553) AND (id <= 4588552))
	  ->  Bitmap Index Scan on sbtest3_pkey  (cost=0.00..33.75 rows=931 width=0)
	        Index Cond: ((id >= 4587553) AND (id <= 4588552))

table 4 : explain SELECT c FROM sbtest4 WHERE id BETWEEN 2278055 AND 2279054
	Index Scan using sbtest4_pkey on sbtest4  (cost=0.43..4151.57 rows=1063 width=121)
	  Index Cond: ((id >= 2278055) AND (id <= 2279054))

table 5 : explain SELECT c FROM sbtest5 WHERE id BETWEEN 7145072 AND 7146071
	Index Scan using sbtest5_pkey on sbtest5  (cost=0.43..3365.38 rows=856 width=121)
	  Index Cond: ((id >= 7145072) AND (id <= 7146071))

table 6 : explain SELECT c FROM sbtest6 WHERE id BETWEEN 9021768 AND 9022767
	Bitmap Heap Scan on sbtest6  (cost=34.17..3692.87 rows=950 width=121)
	  Recheck Cond: ((id >= 9021768) AND (id <= 9022767))
	  ->  Bitmap Index Scan on sbtest6_pkey  (cost=0.00..33.94 rows=950 width=0)
	        Index Cond: ((id >= 9021768) AND (id <= 9022767))

table 7 : explain SELECT c FROM sbtest7 WHERE id BETWEEN 8503311 AND 8504310
	Index Scan using sbtest7_pkey on sbtest7  (cost=0.43..3673.86 rows=937 width=121)
	  Index Cond: ((id >= 8503311) AND (id <= 8504310))

table 8 : explain SELECT c FROM sbtest8 WHERE id BETWEEN 6901252 AND 6902251
	Index Scan using sbtest8_pkey on sbtest8  (cost=0.43..3568.86 rows=910 width=121)
	  Index Cond: ((id >= 6901252) AND (id <= 6902251))

for point_selects
table 1 : explain SELECT c FROM sbtest1 WHERE id=301586
	Index Scan using sbtest1_pkey on sbtest1  (cost=0.43..8.45 rows=1 width=121)
	  Index Cond: (id = 301586)

table 2 : explain SELECT c FROM sbtest2 WHERE id=5671939
	Index Scan using sbtest2_pkey on sbtest2  (cost=0.43..8.45 rows=1 width=121)
	  Index Cond: (id = 5671939)

table 3 : explain SELECT c FROM sbtest3 WHERE id=3310512
	Index Scan using sbtest3_pkey on sbtest3  (cost=0.43..8.45 rows=1 width=121)
	  Index Cond: (id = 3310512)

table 4 : explain SELECT c FROM sbtest4 WHERE id=890117
	Index Scan using sbtest4_pkey on sbtest4  (cost=0.43..8.45 rows=1 width=121)
	  Index Cond: (id = 890117)

table 5 : explain SELECT c FROM sbtest5 WHERE id=1320258
	Index Scan using sbtest5_pkey on sbtest5  (cost=0.43..8.45 rows=1 width=121)
	  Index Cond: (id = 1320258)

table 6 : explain SELECT c FROM sbtest6 WHERE id=1364243
	Index Scan using sbtest6_pkey on sbtest6  (cost=0.43..8.45 rows=1 width=121)
	  Index Cond: (id = 1364243)

table 7 : explain SELECT c FROM sbtest7 WHERE id=5556441
	Index Scan using sbtest7_pkey on sbtest7  (cost=0.43..8.45 rows=1 width=121)
	  Index Cond: (id = 5556441)

table 8 : explain SELECT c FROM sbtest8 WHERE id=1222492
	Index Scan using sbtest8_pkey on sbtest8  (cost=0.43..8.45 rows=1 width=121)
	  Index Cond: (id = 1222492)

for point_selects
table 1 : explain SELECT c FROM sbtest1 WHERE id=5090486
	Index Scan using sbtest1_pkey on sbtest1  (cost=0.43..8.45 rows=1 width=121)
	  Index Cond: (id = 5090486)

table 2 : explain SELECT c FROM sbtest2 WHERE id=7014447
	Index Scan using sbtest2_pkey on sbtest2  (cost=0.43..8.45 rows=1 width=121)
	  Index Cond: (id = 7014447)

table 3 : explain SELECT c FROM sbtest3 WHERE id=7119872
	Index Scan using sbtest3_pkey on sbtest3  (cost=0.43..8.45 rows=1 width=121)
	  Index Cond: (id = 7119872)

table 4 : explain SELECT c FROM sbtest4 WHERE id=6548556
	Index Scan using sbtest4_pkey on sbtest4  (cost=0.43..8.45 rows=1 width=121)
	  Index Cond: (id = 6548556)

table 5 : explain SELECT c FROM sbtest5 WHERE id=7875728
	Index Scan using sbtest5_pkey on sbtest5  (cost=0.43..8.45 rows=1 width=121)
	  Index Cond: (id = 7875728)

table 6 : explain SELECT c FROM sbtest6 WHERE id=4165337
	Index Scan using sbtest6_pkey on sbtest6  (cost=0.43..8.45 rows=1 width=121)
	  Index Cond: (id = 4165337)

table 7 : explain SELECT c FROM sbtest7 WHERE id=5400452
	Index Scan using sbtest7_pkey on sbtest7  (cost=0.43..8.45 rows=1 width=121)
	  Index Cond: (id = 5400452)

table 8 : explain SELECT c FROM sbtest8 WHERE id=8181443
	Index Scan using sbtest8_pkey on sbtest8  (cost=0.43..8.45 rows=1 width=121)
	  Index Cond: (id = 8181443)

for: simple_ranges
table 1 : explain SELECT c FROM sbtest1 WHERE id BETWEEN 1124593 AND 1125592
	Bitmap Heap Scan on sbtest1  (cost=33.89..3580.70 rows=922 width=121)
	  Recheck Cond: ((id >= 1124593) AND (id <= 1125592))
	  ->  Bitmap Index Scan on sbtest1_pkey  (cost=0.00..33.66 rows=922 width=0)
	        Index Cond: ((id >= 1124593) AND (id <= 1125592))

table 2 : explain SELECT c FROM sbtest2 WHERE id BETWEEN 8247785 AND 8248784
	Bitmap Heap Scan on sbtest2  (cost=35.22..4075.31 rows=1052 width=121)
	  Recheck Cond: ((id >= 8247785) AND (id <= 8248784))
	  ->  Bitmap Index Scan on sbtest2_pkey  (cost=0.00..34.95 rows=1052 width=0)
	        Index Cond: ((id >= 8247785) AND (id <= 8248784))

table 3 : explain SELECT c FROM sbtest3 WHERE id BETWEEN 7660903 AND 7661902
	Bitmap Heap Scan on sbtest3  (cost=34.56..3832.97 rows=988 width=121)
	  Recheck Cond: ((id >= 7660903) AND (id <= 7661902))
	  ->  Bitmap Index Scan on sbtest3_pkey  (cost=0.00..34.32 rows=988 width=0)
	        Index Cond: ((id >= 7660903) AND (id <= 7661902))

table 4 : explain SELECT c FROM sbtest4 WHERE id BETWEEN 974264 AND 975263
	Index Scan using sbtest4_pkey on sbtest4  (cost=0.43..3980.60 rows=1019 width=121)
	  Index Cond: ((id >= 974264) AND (id <= 975263))

table 5 : explain SELECT c FROM sbtest5 WHERE id BETWEEN 971948 AND 972947
	Bitmap Heap Scan on sbtest5  (cost=34.23..3715.16 rows=956 width=121)
	  Recheck Cond: ((id >= 971948) AND (id <= 972947))
	  ->  Bitmap Index Scan on sbtest5_pkey  (cost=0.00..34.00 rows=956 width=0)
	        Index Cond: ((id >= 971948) AND (id <= 972947))

table 6 : explain SELECT c FROM sbtest6 WHERE id BETWEEN 6516656 AND 6517655
	Bitmap Heap Scan on sbtest6  (cost=34.93..3972.67 rows=1024 width=121)
	  Recheck Cond: ((id >= 6516656) AND (id <= 6517655))
	  ->  Bitmap Index Scan on sbtest6_pkey  (cost=0.00..34.68 rows=1024 width=0)
	        Index Cond: ((id >= 6516656) AND (id <= 6517655))

table 7 : explain SELECT c FROM sbtest7 WHERE id BETWEEN 8679363 AND 8680362
	Index Scan using sbtest7_pkey on sbtest7  (cost=0.43..3459.32 rows=883 width=121)
	  Index Cond: ((id >= 8679363) AND (id <= 8680362))

table 8 : explain SELECT c FROM sbtest8 WHERE id BETWEEN 854577 AND 855576
	Bitmap Heap Scan on sbtest8  (cost=34.64..3867.01 rows=996 width=121)
	  Recheck Cond: ((id >= 854577) AND (id <= 855576))
	  ->  Bitmap Index Scan on sbtest8_pkey  (cost=0.00..34.40 rows=996 width=0)
	        Index Cond: ((id >= 854577) AND (id <= 855576))

for point_selects
table 1 : explain SELECT c FROM sbtest1 WHERE id=8240241
	Index Scan using sbtest1_pkey on sbtest1  (cost=0.43..8.45 rows=1 width=121)
	  Index Cond: (id = 8240241)

table 2 : explain SELECT c FROM sbtest2 WHERE id=2465320
	Index Scan using sbtest2_pkey on sbtest2  (cost=0.43..8.45 rows=1 width=121)
	  Index Cond: (id = 2465320)

table 3 : explain SELECT c FROM sbtest3 WHERE id=5143551
	Index Scan using sbtest3_pkey on sbtest3  (cost=0.43..8.45 rows=1 width=121)
	  Index Cond: (id = 5143551)

table 4 : explain SELECT c FROM sbtest4 WHERE id=411663
	Index Scan using sbtest4_pkey on sbtest4  (cost=0.43..8.45 rows=1 width=121)
	  Index Cond: (id = 411663)

table 5 : explain SELECT c FROM sbtest5 WHERE id=9019373
	Index Scan using sbtest5_pkey on sbtest5  (cost=0.43..8.45 rows=1 width=121)
	  Index Cond: (id = 9019373)

table 6 : explain SELECT c FROM sbtest6 WHERE id=5300476
	Index Scan using sbtest6_pkey on sbtest6  (cost=0.43..8.45 rows=1 width=121)
	  Index Cond: (id = 5300476)

table 7 : explain SELECT c FROM sbtest7 WHERE id=2857145
	Index Scan using sbtest7_pkey on sbtest7  (cost=0.43..8.45 rows=1 width=121)
	  Index Cond: (id = 2857145)

table 8 : explain SELECT c FROM sbtest8 WHERE id=9501460
	Index Scan using sbtest8_pkey on sbtest8  (cost=0.43..8.45 rows=1 width=121)
	  Index Cond: (id = 9501460)

for: simple_ranges
table 1 : explain SELECT c FROM sbtest1 WHERE id BETWEEN 6835094 AND 6836093
	Bitmap Heap Scan on sbtest1  (cost=35.26..4085.96 rows=1056 width=121)
	  Recheck Cond: ((id >= 6835094) AND (id <= 6836093))
	  ->  Bitmap Index Scan on sbtest1_pkey  (cost=0.00..35.00 rows=1056 width=0)
	        Index Cond: ((id >= 6835094) AND (id <= 6836093))

table 2 : explain SELECT c FROM sbtest2 WHERE id BETWEEN 8258888 AND 8259887
	Bitmap Heap Scan on sbtest2  (cost=35.22..4075.31 rows=1052 width=121)
	  Recheck Cond: ((id >= 8258888) AND (id <= 8259887))
	  ->  Bitmap Index Scan on sbtest2_pkey  (cost=0.00..34.95 rows=1052 width=0)
	        Index Cond: ((id >= 8258888) AND (id <= 8259887))

table 3 : explain SELECT c FROM sbtest3 WHERE id BETWEEN 9849541 AND 9850540
	Bitmap Heap Scan on sbtest3  (cost=35.19..4063.03 rows=1049 width=121)
	  Recheck Cond: ((id >= 9849541) AND (id <= 9850540))
	  ->  Bitmap Index Scan on sbtest3_pkey  (cost=0.00..34.93 rows=1049 width=0)
	        Index Cond: ((id >= 9849541) AND (id <= 9850540))

table 4 : explain SELECT c FROM sbtest4 WHERE id BETWEEN 4572204 AND 4573203
	Index Scan using sbtest4_pkey on sbtest4  (cost=0.43..3786.29 rows=969 width=121)
	  Index Cond: ((id >= 4572204) AND (id <= 4573203))

table 5 : explain SELECT c FROM sbtest5 WHERE id BETWEEN 3395642 AND 3396641
	Bitmap Heap Scan on sbtest5  (cost=34.64..3866.43 rows=996 width=121)
	  Recheck Cond: ((id >= 3395642) AND (id <= 3396641))
	  ->  Bitmap Index Scan on sbtest5_pkey  (cost=0.00..34.40 rows=996 width=0)
	        Index Cond: ((id >= 3395642) AND (id <= 3396641))

table 6 : explain SELECT c FROM sbtest6 WHERE id BETWEEN 6514135 AND 6515134
	Bitmap Heap Scan on sbtest6  (cost=34.93..3972.67 rows=1024 width=121)
	  Recheck Cond: ((id >= 6514135) AND (id <= 6515134))
	  ->  Bitmap Index Scan on sbtest6_pkey  (cost=0.00..34.68 rows=1024 width=0)
	        Index Cond: ((id >= 6514135) AND (id <= 6515134))

table 7 : explain SELECT c FROM sbtest7 WHERE id BETWEEN 8040110 AND 8041109
	Bitmap Heap Scan on sbtest7  (cost=35.35..4127.63 rows=1065 width=121)
	  Recheck Cond: ((id >= 8040110) AND (id <= 8041109))
	  ->  Bitmap Index Scan on sbtest7_pkey  (cost=0.00..35.09 rows=1065 width=0)
	        Index Cond: ((id >= 8040110) AND (id <= 8041109))

table 8 : explain SELECT c FROM sbtest8 WHERE id BETWEEN 8168102 AND 8169101
	Bitmap Heap Scan on sbtest8  (cost=34.81..3927.47 rows=1012 width=121)
	  Recheck Cond: ((id >= 8168102) AND (id <= 8169101))
	  ->  Bitmap Index Scan on sbtest8_pkey  (cost=0.00..34.56 rows=1012 width=0)
	        Index Cond: ((id >= 8168102) AND (id <= 8169101))

for: simple_ranges
table 1 : explain SELECT c FROM sbtest1 WHERE id BETWEEN 8013161 AND 8014160
	Bitmap Heap Scan on sbtest1  (cost=34.47..3795.91 rows=979 width=121)
	  Recheck Cond: ((id >= 8013161) AND (id <= 8014160))
	  ->  Bitmap Index Scan on sbtest1_pkey  (cost=0.00..34.23 rows=979 width=0)
	        Index Cond: ((id >= 8013161) AND (id <= 8014160))

table 2 : explain SELECT c FROM sbtest2 WHERE id BETWEEN 8684774 AND 8685773
	Bitmap Heap Scan on sbtest2  (cost=33.87..3576.75 rows=920 width=121)
	  Recheck Cond: ((id >= 8684774) AND (id <= 8685773))
	  ->  Bitmap Index Scan on sbtest2_pkey  (cost=0.00..33.64 rows=920 width=0)
	        Index Cond: ((id >= 8684774) AND (id <= 8685773))

table 3 : explain SELECT c FROM sbtest3 WHERE id BETWEEN 4970647 AND 4971646
	Bitmap Heap Scan on sbtest3  (cost=34.90..3957.49 rows=1021 width=121)
	  Recheck Cond: ((id >= 4970647) AND (id <= 4971646))
	  ->  Bitmap Index Scan on sbtest3_pkey  (cost=0.00..34.65 rows=1021 width=0)
	        Index Cond: ((id >= 4970647) AND (id <= 4971646))

table 4 : explain SELECT c FROM sbtest4 WHERE id BETWEEN 9282845 AND 9283844
	Index Scan using sbtest4_pkey on sbtest4  (cost=0.43..3840.67 rows=983 width=121)
	  Index Cond: ((id >= 9282845) AND (id <= 9283844))

table 5 : explain SELECT c FROM sbtest5 WHERE id BETWEEN 9794977 AND 9795976
	Bitmap Heap Scan on sbtest5  (cost=34.42..3783.25 rows=974 width=121)
	  Recheck Cond: ((id >= 9794977) AND (id <= 9795976))
	  ->  Bitmap Index Scan on sbtest5_pkey  (cost=0.00..34.18 rows=974 width=0)
	        Index Cond: ((id >= 9794977) AND (id <= 9795976))

table 6 : explain SELECT c FROM sbtest6 WHERE id BETWEEN 6444984 AND 6445983
	Bitmap Heap Scan on sbtest6  (cost=34.93..3972.67 rows=1024 width=121)
	  Recheck Cond: ((id >= 6444984) AND (id <= 6445983))
	  ->  Bitmap Index Scan on sbtest6_pkey  (cost=0.00..34.68 rows=1024 width=0)
	        Index Cond: ((id >= 6444984) AND (id <= 6445983))

table 7 : explain SELECT c FROM sbtest7 WHERE id BETWEEN 7264540 AND 7265539
	Index Scan using sbtest7_pkey on sbtest7  (cost=0.43..3545.10 rows=905 width=121)
	  Index Cond: ((id >= 7264540) AND (id <= 7265539))

table 8 : explain SELECT c FROM sbtest8 WHERE id BETWEEN 9963614 AND 9964613
	Bitmap Heap Scan on sbtest8  (cost=34.62..3859.44 rows=994 width=121)
	  Recheck Cond: ((id >= 9963614) AND (id <= 9964613))
	  ->  Bitmap Index Scan on sbtest8_pkey  (cost=0.00..34.38 rows=994 width=0)
	        Index Cond: ((id >= 9963614) AND (id <= 9964613))

explain: for point_selects :: explain SELECT c FROM sbtest%u WHERE id=%u
explain: for point_selects :: explain SELECT c FROM sbtest%u WHERE id=%u
for: order_ranges
table 1 : explain SELECT c FROM sbtest1 WHERE id BETWEEN 8779760 AND 8780759 ORDER BY c
	Sort  (cost=3606.92..3609.22 rows=917 width=121)
	  Sort Key: c
	  ->  Bitmap Heap Scan on sbtest1  (cost=33.83..3561.80 rows=917 width=121)
	        Recheck Cond: ((id >= 8779760) AND (id <= 8780759))
	        ->  Bitmap Index Scan on sbtest1_pkey  (cost=0.00..33.61 rows=917 width=0)
	              Index Cond: ((id >= 8779760) AND (id <= 8780759))

table 2 : explain SELECT c FROM sbtest2 WHERE id BETWEEN 8399042 AND 8400041 ORDER BY c
	Sort  (cost=4361.49..4364.27 rows=1112 width=121)
	  Sort Key: c
	  ->  Bitmap Heap Scan on sbtest2  (cost=39.83..4305.23 rows=1112 width=121)
	        Recheck Cond: ((id >= 8399042) AND (id <= 8400041))
	        ->  Bitmap Index Scan on sbtest2_pkey  (cost=0.00..39.56 rows=1112 width=0)
	              Index Cond: ((id >= 8399042) AND (id <= 8400041))

table 3 : explain SELECT c FROM sbtest3 WHERE id BETWEEN 6670749 AND 6671748 ORDER BY c
	Sort  (cost=3920.43..3922.92 rows=998 width=121)
	  Sort Key: c
	  ->  Bitmap Heap Scan on sbtest3  (cost=34.66..3870.72 rows=998 width=121)
	        Recheck Cond: ((id >= 6670749) AND (id <= 6671748))
	        ->  Bitmap Index Scan on sbtest3_pkey  (cost=0.00..34.42 rows=998 width=0)
	              Index Cond: ((id >= 6670749) AND (id <= 6671748))

table 4 : explain SELECT c FROM sbtest4 WHERE id BETWEEN 5951138 AND 5952137 ORDER BY c
	Sort  (cost=4114.30..4116.90 rows=1040 width=121)
	  Sort Key: c
	  ->  Index Scan using sbtest4_pkey on sbtest4  (cost=0.43..4062.18 rows=1040 width=121)
	        Index Cond: ((id >= 5951138) AND (id <= 5952137))

table 5 : explain SELECT c FROM sbtest5 WHERE id BETWEEN 5087407 AND 5088406 ORDER BY c
	Sort  (cost=3739.43..3741.81 rows=950 width=121)
	  Sort Key: c
	  ->  Bitmap Heap Scan on sbtest5  (cost=34.17..3692.45 rows=950 width=121)
	        Recheck Cond: ((id >= 5087407) AND (id <= 5088406))
	        ->  Bitmap Index Scan on sbtest5_pkey  (cost=0.00..33.94 rows=950 width=0)
	              Index Cond: ((id >= 5087407) AND (id <= 5088406))

table 6 : explain SELECT c FROM sbtest6 WHERE id BETWEEN 8527789 AND 8528788 ORDER BY c
	Sort  (cost=3874.26..3876.73 rows=985 width=121)
	  Sort Key: c
	  ->  Bitmap Heap Scan on sbtest6  (cost=34.53..3825.29 rows=985 width=121)
	        Recheck Cond: ((id >= 8527789) AND (id <= 8528788))
	        ->  Bitmap Index Scan on sbtest6_pkey  (cost=0.00..34.29 rows=985 width=0)
	              Index Cond: ((id >= 8527789) AND (id <= 8528788))

table 7 : explain SELECT c FROM sbtest7 WHERE id BETWEEN 2610652 AND 2611651 ORDER BY c
	Sort  (cost=4008.89..4011.42 rows=1010 width=121)
	  Sort Key: c
	  ->  Index Scan using sbtest7_pkey on sbtest7  (cost=0.43..3958.49 rows=1010 width=121)
	        Index Cond: ((id >= 2610652) AND (id <= 2611651))

table 8 : explain SELECT c FROM sbtest8 WHERE id BETWEEN 7674729 AND 7675728 ORDER BY c
	Sort  (cost=3799.76..3802.15 rows=956 width=121)
	  Sort Key: c
	  ->  Index Scan using sbtest8_pkey on sbtest8  (cost=0.43..3752.43 rows=956 width=121)
	        Index Cond: ((id >= 7674729) AND (id <= 7675728))

for: simple_ranges
table 1 : explain SELECT c FROM sbtest1 WHERE id BETWEEN 626806 AND 627805
	Bitmap Heap Scan on sbtest1  (cost=29.58..3463.26 rows=892 width=121)
	  Recheck Cond: ((id >= 626806) AND (id <= 627805))
	  ->  Bitmap Index Scan on sbtest1_pkey  (cost=0.00..29.36 rows=892 width=0)
	        Index Cond: ((id >= 626806) AND (id <= 627805))

table 2 : explain SELECT c FROM sbtest2 WHERE id BETWEEN 1725425 AND 1726424
	Bitmap Heap Scan on sbtest2  (cost=34.11..3667.56 rows=944 width=121)
	  Recheck Cond: ((id >= 1725425) AND (id <= 1726424))
	  ->  Bitmap Index Scan on sbtest2_pkey  (cost=0.00..33.88 rows=944 width=0)
	        Index Cond: ((id >= 1725425) AND (id <= 1726424))

table 3 : explain SELECT c FROM sbtest3 WHERE id BETWEEN 7233608 AND 7234607
	Bitmap Heap Scan on sbtest3  (cost=34.86..3942.40 rows=1017 width=121)
	  Recheck Cond: ((id >= 7233608) AND (id <= 7234607))
	  ->  Bitmap Index Scan on sbtest3_pkey  (cost=0.00..34.61 rows=1017 width=0)
	        Index Cond: ((id >= 7233608) AND (id <= 7234607))

table 4 : explain SELECT c FROM sbtest4 WHERE id BETWEEN 6336957 AND 6337956
	Index Scan using sbtest4_pkey on sbtest4  (cost=0.43..3770.75 rows=965 width=121)
	  Index Cond: ((id >= 6336957) AND (id <= 6337956))

table 5 : explain SELECT c FROM sbtest5 WHERE id BETWEEN 5539855 AND 5540854
	Bitmap Heap Scan on sbtest5  (cost=34.09..3662.16 rows=942 width=121)
	  Recheck Cond: ((id >= 5539855) AND (id <= 5540854))
	  ->  Bitmap Index Scan on sbtest5_pkey  (cost=0.00..33.86 rows=942 width=0)
	        Index Cond: ((id >= 5539855) AND (id <= 5540854))

table 6 : explain SELECT c FROM sbtest6 WHERE id BETWEEN 3791464 AND 3792463
	Bitmap Heap Scan on sbtest6  (cost=34.81..3927.34 rows=1012 width=121)
	  Recheck Cond: ((id >= 3791464) AND (id <= 3792463))
	  ->  Bitmap Index Scan on sbtest6_pkey  (cost=0.00..34.56 rows=1012 width=0)
	        Index Cond: ((id >= 3791464) AND (id <= 3792463))

table 7 : explain SELECT c FROM sbtest7 WHERE id BETWEEN 7202755 AND 7203754
	Index Scan using sbtest7_pkey on sbtest7  (cost=0.43..3545.10 rows=905 width=121)
	  Index Cond: ((id >= 7202755) AND (id <= 7203754))

table 8 : explain SELECT c FROM sbtest8 WHERE id BETWEEN 8423924 AND 8424923
	Bitmap Heap Scan on sbtest8  (cost=34.33..3749.76 rows=965 width=121)
	  Recheck Cond: ((id >= 8423924) AND (id <= 8424923))
	  ->  Bitmap Index Scan on sbtest8_pkey  (cost=0.00..34.09 rows=965 width=0)
	        Index Cond: ((id >= 8423924) AND (id <= 8424923))

explain: for point_selects :: explain SELECT c FROM sbtest%u WHERE id=%u
explain: for point_selects :: explain SELECT c FROM sbtest%u WHERE id=%u
for: sum_ranges
table 1 : explain SELECT SUM(k) FROM sbtest1 WHERE id BETWEEN 4543440 AND 4544439
	Aggregate  (cost=3990.68..3990.69 rows=1 width=8)
	  ->  Bitmap Heap Scan on sbtest1  (cost=34.99..3988.10 rows=1030 width=4)
	        Recheck Cond: ((id >= 4543440) AND (id <= 4544439))
	        ->  Bitmap Index Scan on sbtest1_pkey  (cost=0.00..34.73 rows=1030 width=0)
	              Index Cond: ((id >= 4543440) AND (id <= 4544439))

table 2 : explain SELECT SUM(k) FROM sbtest2 WHERE id BETWEEN 1220866 AND 1221865
	Aggregate  (cost=3817.43..3817.44 rows=1 width=8)
	  ->  Bitmap Heap Scan on sbtest2  (cost=34.51..3814.97 rows=983 width=4)
	        Recheck Cond: ((id >= 1220866) AND (id <= 1221865))
	        ->  Bitmap Index Scan on sbtest2_pkey  (cost=0.00..34.27 rows=983 width=0)
	              Index Cond: ((id >= 1220866) AND (id <= 1221865))

table 3 : explain SELECT SUM(k) FROM sbtest3 WHERE id BETWEEN 2662631 AND 2663630
	Aggregate  (cost=3684.22..3684.23 rows=1 width=8)
	  ->  Bitmap Heap Scan on sbtest3  (cost=34.15..3681.85 rows=948 width=4)
	        Recheck Cond: ((id >= 2662631) AND (id <= 2663630))
	        ->  Bitmap Index Scan on sbtest3_pkey  (cost=0.00..33.92 rows=948 width=0)
	              Index Cond: ((id >= 2662631) AND (id <= 2663630))

table 4 : explain SELECT SUM(k) FROM sbtest4 WHERE id BETWEEN 5205189 AND 5206188
	Aggregate  (cost=3862.60..3862.61 rows=1 width=8)
	  ->  Index Scan using sbtest4_pkey on sbtest4  (cost=0.43..3860.13 rows=988 width=4)
	        Index Cond: ((id >= 5205189) AND (id <= 5206188))

table 5 : explain SELECT SUM(k) FROM sbtest5 WHERE id BETWEEN 8268854 AND 8269853
	Aggregate  (cost=4137.11..4137.12 rows=1 width=8)
	  ->  Bitmap Heap Scan on sbtest5  (cost=35.37..4134.45 rows=1067 width=4)
	        Recheck Cond: ((id >= 8268854) AND (id <= 8269853))
	        ->  Bitmap Index Scan on sbtest5_pkey  (cost=0.00..35.11 rows=1067 width=0)
	              Index Cond: ((id >= 8268854) AND (id <= 8269853))

table 6 : explain SELECT SUM(k) FROM sbtest6 WHERE id BETWEEN 3707021 AND 3708020
	Aggregate  (cost=3903.40..3903.41 rows=1 width=8)
	  ->  Bitmap Heap Scan on sbtest6  (cost=34.74..3900.89 rows=1005 width=4)
	        Recheck Cond: ((id >= 3707021) AND (id <= 3708020))
	        ->  Bitmap Index Scan on sbtest6_pkey  (cost=0.00..34.48 rows=1005 width=0)
	              Index Cond: ((id >= 3707021) AND (id <= 3708020))

table 7 : explain SELECT SUM(k) FROM sbtest7 WHERE id BETWEEN 2568649 AND 2569648
	Aggregate  (cost=3707.40..3707.41 rows=1 width=8)
	  ->  Index Scan using sbtest7_pkey on sbtest7  (cost=0.43..3705.04 rows=945 width=4)
	        Index Cond: ((id >= 2568649) AND (id <= 2569648))

table 8 : explain SELECT SUM(k) FROM sbtest8 WHERE id BETWEEN 1451154 AND 1452153
	Aggregate  (cost=3990.48..3990.49 rows=1 width=8)
	  ->  Bitmap Heap Scan on sbtest8  (cost=34.97..3987.91 rows=1028 width=4)
	        Recheck Cond: ((id >= 1451154) AND (id <= 1452153))
	        ->  Bitmap Index Scan on sbtest8_pkey  (cost=0.00..34.72 rows=1028 width=0)
	              Index Cond: ((id >= 1451154) AND (id <= 1452153))

explain: for point_selects :: explain SELECT c FROM sbtest%u WHERE id=%u
for: sum_ranges
table 1 : explain SELECT SUM(k) FROM sbtest1 WHERE id BETWEEN 7474020 AND 7475019
	Aggregate  (cost=3461.71..3461.72 rows=1 width=8)
	  ->  Bitmap Heap Scan on sbtest1  (cost=29.57..3459.48 rows=891 width=4)
	        Recheck Cond: ((id >= 7474020) AND (id <= 7475019))
	        ->  Bitmap Index Scan on sbtest1_pkey  (cost=0.00..29.34 rows=891 width=0)
	              Index Cond: ((id >= 7474020) AND (id <= 7475019))

table 2 : explain SELECT SUM(k) FROM sbtest2 WHERE id BETWEEN 2420771 AND 2421770
	Aggregate  (cost=3983.62..3983.63 rows=1 width=8)
	  ->  Bitmap Heap Scan on sbtest2  (cost=34.96..3981.06 rows=1027 width=4)
	        Recheck Cond: ((id >= 2420771) AND (id <= 2421770))
	        ->  Bitmap Index Scan on sbtest2_pkey  (cost=0.00..34.70 rows=1027 width=0)
	              Index Cond: ((id >= 2420771) AND (id <= 2421770))

table 3 : explain SELECT SUM(k) FROM sbtest3 WHERE id BETWEEN 8756738 AND 8757737
	Aggregate  (cost=3631.25..3631.26 rows=1 width=8)
	  ->  Bitmap Heap Scan on sbtest3  (cost=34.01..3628.91 rows=934 width=4)
	        Recheck Cond: ((id >= 8756738) AND (id <= 8757737))
	        ->  Bitmap Index Scan on sbtest3_pkey  (cost=0.00..33.78 rows=934 width=0)
	              Index Cond: ((id >= 8756738) AND (id <= 8757737))

table 4 : explain SELECT SUM(k) FROM sbtest4 WHERE id BETWEEN 6892546 AND 6893545
	Aggregate  (cost=4002.58..4002.59 rows=1 width=8)
	  ->  Index Scan using sbtest4_pkey on sbtest4  (cost=0.43..4000.02 rows=1024 width=4)
	        Index Cond: ((id >= 6892546) AND (id <= 6893545))

table 5 : explain SELECT SUM(k) FROM sbtest5 WHERE id BETWEEN 3972332 AND 3973331
	Aggregate  (cost=3865.13..3865.14 rows=1 width=8)
	  ->  Bitmap Heap Scan on sbtest5  (cost=34.63..3862.65 rows=995 width=4)
	        Recheck Cond: ((id >= 3972332) AND (id <= 3973331))
	        ->  Bitmap Index Scan on sbtest5_pkey  (cost=0.00..34.39 rows=995 width=0)
	              Index Cond: ((id >= 3972332) AND (id <= 3973331))

table 6 : explain SELECT SUM(k) FROM sbtest6 WHERE id BETWEEN 7209699 AND 7210698
	Aggregate  (cost=3914.75..3914.76 rows=1 width=8)
	  ->  Bitmap Heap Scan on sbtest6  (cost=34.77..3912.23 rows=1008 width=4)
	        Recheck Cond: ((id >= 7209699) AND (id <= 7210698))
	        ->  Bitmap Index Scan on sbtest6_pkey  (cost=0.00..34.52 rows=1008 width=0)
	              Index Cond: ((id >= 7209699) AND (id <= 7210698))

table 7 : explain SELECT SUM(k) FROM sbtest7 WHERE id BETWEEN 9954641 AND 9955640
	Aggregate  (cost=3910.28..3910.29 rows=1 width=8)
	  ->  Index Scan using sbtest7_pkey on sbtest7  (cost=0.43..3907.79 rows=997 width=4)
	        Index Cond: ((id >= 9954641) AND (id <= 9955640))

table 8 : explain SELECT SUM(k) FROM sbtest8 WHERE id BETWEEN 9406379 AND 9407378
	Aggregate  (cost=3877.06..3877.07 rows=1 width=8)
	  ->  Bitmap Heap Scan on sbtest8  (cost=34.66..3874.57 rows=998 width=4)
	        Recheck Cond: ((id >= 9406379) AND (id <= 9407378))
	        ->  Bitmap Index Scan on sbtest8_pkey  (cost=0.00..34.42 rows=998 width=0)
	              Index Cond: ((id >= 9406379) AND (id <= 9407378))

for point_selects
table 1 : explain SELECT c FROM sbtest1 WHERE id=8978437
	Index Scan using sbtest1_pkey on sbtest1  (cost=0.43..8.45 rows=1 width=121)
	  Index Cond: (id = 8978437)

table 2 : explain SELECT c FROM sbtest2 WHERE id=199222
	Index Scan using sbtest2_pkey on sbtest2  (cost=0.43..8.45 rows=1 width=121)
	  Index Cond: (id = 199222)

table 3 : explain SELECT c FROM sbtest3 WHERE id=7309657
	Index Scan using sbtest3_pkey on sbtest3  (cost=0.43..8.45 rows=1 width=121)
	  Index Cond: (id = 7309657)

table 4 : explain SELECT c FROM sbtest4 WHERE id=8350874
	Index Scan using sbtest4_pkey on sbtest4  (cost=0.43..8.45 rows=1 width=121)
	  Index Cond: (id = 8350874)

table 5 : explain SELECT c FROM sbtest5 WHERE id=1088480
	Index Scan using sbtest5_pkey on sbtest5  (cost=0.43..8.45 rows=1 width=121)
	  Index Cond: (id = 1088480)

table 6 : explain SELECT c FROM sbtest6 WHERE id=3834128
	Index Scan using sbtest6_pkey on sbtest6  (cost=0.43..8.45 rows=1 width=121)
	  Index Cond: (id = 3834128)

table 7 : explain SELECT c FROM sbtest7 WHERE id=997082
	Index Scan using sbtest7_pkey on sbtest7  (cost=0.43..8.45 rows=1 width=121)
	  Index Cond: (id = 997082)

table 8 : explain SELECT c FROM sbtest8 WHERE id=237503
	Index Scan using sbtest8_pkey on sbtest8  (cost=0.43..8.45 rows=1 width=121)
	  Index Cond: (id = 237503)

for: distinct_ranges
table 1 : explain SELECT DISTINCT c FROM sbtest1 WHERE id BETWEEN 7987751 AND 7988750 ORDER BY c
	Unique  (cost=3844.54..3849.43 rows=979 width=121)
	  ->  Sort  (cost=3844.54..3846.99 rows=979 width=121)
	        Sort Key: c
	        ->  Bitmap Heap Scan on sbtest1  (cost=34.47..3795.91 rows=979 width=121)
	              Recheck Cond: ((id >= 7987751) AND (id <= 7988750))
	              ->  Bitmap Index Scan on sbtest1_pkey  (cost=0.00..34.23 rows=979 width=0)
	                    Index Cond: ((id >= 7987751) AND (id <= 7988750))

table 2 : explain SELECT DISTINCT c FROM sbtest2 WHERE id BETWEEN 76717 AND 77716 ORDER BY c
	Unique  (cost=3844.66..3849.55 rows=978 width=121)
	  ->  Sort  (cost=3844.66..3847.11 rows=978 width=121)
	        Sort Key: c
	        ->  Bitmap Heap Scan on sbtest2  (cost=34.46..3796.09 rows=978 width=121)
	              Recheck Cond: ((id >= 76717) AND (id <= 77716))
	              ->  Bitmap Index Scan on sbtest2_pkey  (cost=0.00..34.22 rows=978 width=0)
	                    Index Cond: ((id >= 76717) AND (id <= 77716))

table 3 : explain SELECT DISTINCT c FROM sbtest3 WHERE id BETWEEN 1301189 AND 1302188 ORDER BY c
	Unique  (cost=4291.50..4296.98 rows=1095 width=121)
	  ->  Sort  (cost=4291.50..4294.24 rows=1095 width=121)
	        Sort Key: c
	        ->  Bitmap Heap Scan on sbtest3  (cost=35.66..4236.22 rows=1095 width=121)
	              Recheck Cond: ((id >= 1301189) AND (id <= 1302188))
	              ->  Bitmap Index Scan on sbtest3_pkey  (cost=0.00..35.39 rows=1095 width=0)
	                    Index Cond: ((id >= 1301189) AND (id <= 1302188))

table 4 : explain SELECT DISTINCT c FROM sbtest4 WHERE id BETWEEN 5715074 AND 5716073 ORDER BY c
	Unique  (cost=4078.82..4083.97 rows=1031 width=121)
	  ->  Sort  (cost=4078.82..4081.40 rows=1031 width=121)
	        Sort Key: c
	        ->  Index Scan using sbtest4_pkey on sbtest4  (cost=0.43..4027.22 rows=1031 width=121)
	              Index Cond: ((id >= 5715074) AND (id <= 5716073))

table 5 : explain SELECT DISTINCT c FROM sbtest5 WHERE id BETWEEN 8427660 AND 8428659 ORDER BY c
	Unique  (cost=3942.88..3947.89 rows=1003 width=121)
	  ->  Sort  (cost=3942.88..3945.39 rows=1003 width=121)
	        Sort Key: c
	        ->  Bitmap Heap Scan on sbtest5  (cost=34.72..3892.88 rows=1003 width=121)
	              Recheck Cond: ((id >= 8427660) AND (id <= 8428659))
	              ->  Bitmap Index Scan on sbtest5_pkey  (cost=0.00..34.47 rows=1003 width=0)
	                    Index Cond: ((id >= 8427660) AND (id <= 8428659))

table 6 : explain SELECT DISTINCT c FROM sbtest6 WHERE id BETWEEN 1528265 AND 1529264 ORDER BY c
	Unique  (cost=4039.20..4044.34 rows=1028 width=121)
	  ->  Sort  (cost=4039.20..4041.77 rows=1028 width=121)
	        Sort Key: c
	        ->  Bitmap Heap Scan on sbtest6  (cost=34.97..3987.77 rows=1028 width=121)
	              Recheck Cond: ((id >= 1528265) AND (id <= 1529264))
	              ->  Bitmap Index Scan on sbtest6_pkey  (cost=0.00..34.72 rows=1028 width=0)
	                    Index Cond: ((id >= 1528265) AND (id <= 1529264))

table 7 : explain SELECT DISTINCT c FROM sbtest7 WHERE id BETWEEN 6929468 AND 6930467 ORDER BY c
	Unique  (cost=4066.25..4071.43 rows=1035 width=121)
	  ->  Sort  (cost=4066.25..4068.84 rows=1035 width=121)
	        Sort Key: c
	        ->  Bitmap Heap Scan on sbtest7  (cost=35.04..4014.42 rows=1035 width=121)
	              Recheck Cond: ((id >= 6929468) AND (id <= 6930467))
	              ->  Bitmap Index Scan on sbtest7_pkey  (cost=0.00..34.79 rows=1035 width=0)
	                    Index Cond: ((id >= 6929468) AND (id <= 6930467))

table 8 : explain SELECT DISTINCT c FROM sbtest8 WHERE id BETWEEN 6065619 AND 6066618 ORDER BY c
	Unique  (cost=3912.77..3917.74 rows=995 width=121)
	  ->  Sort  (cost=3912.77..3915.26 rows=995 width=121)
	        Sort Key: c
	        ->  Bitmap Heap Scan on sbtest8  (cost=34.63..3863.23 rows=995 width=121)
	              Recheck Cond: ((id >= 6065619) AND (id <= 6066618))
	              ->  Bitmap Index Scan on sbtest8_pkey  (cost=0.00..34.39 rows=995 width=0)
	                    Index Cond: ((id >= 6065619) AND (id <= 6066618))

for point_selects
table 1 : explain SELECT c FROM sbtest1 WHERE id=81475
	Index Scan using sbtest1_pkey on sbtest1  (cost=0.43..8.45 rows=1 width=121)
	  Index Cond: (id = 81475)

table 2 : explain SELECT c FROM sbtest2 WHERE id=8778015
	Index Scan using sbtest2_pkey on sbtest2  (cost=0.43..8.45 rows=1 width=121)
	  Index Cond: (id = 8778015)

table 3 : explain SELECT c FROM sbtest3 WHERE id=1174449
	Index Scan using sbtest3_pkey on sbtest3  (cost=0.43..8.45 rows=1 width=121)
	  Index Cond: (id = 1174449)

table 4 : explain SELECT c FROM sbtest4 WHERE id=7080024
	Index Scan using sbtest4_pkey on sbtest4  (cost=0.43..8.45 rows=1 width=121)
	  Index Cond: (id = 7080024)

table 5 : explain SELECT c FROM sbtest5 WHERE id=5054737
	Index Scan using sbtest5_pkey on sbtest5  (cost=0.43..8.45 rows=1 width=121)
	  Index Cond: (id = 5054737)

table 6 : explain SELECT c FROM sbtest6 WHERE id=4287983
	Index Scan using sbtest6_pkey on sbtest6  (cost=0.43..8.45 rows=1 width=121)
	  Index Cond: (id = 4287983)

table 7 : explain SELECT c FROM sbtest7 WHERE id=9162008
	Index Scan using sbtest7_pkey on sbtest7  (cost=0.43..8.45 rows=1 width=121)
	  Index Cond: (id = 9162008)

table 8 : explain SELECT c FROM sbtest8 WHERE id=8629227
	Index Scan using sbtest8_pkey on sbtest8  (cost=0.43..8.45 rows=1 width=121)
	  Index Cond: (id = 8629227)

for: order_ranges
table 1 : explain SELECT c FROM sbtest1 WHERE id BETWEEN 5018981 AND 5019980 ORDER BY c
	Sort  (cost=3989.94..3992.48 rows=1017 width=121)
	  Sort Key: c
	  ->  Bitmap Heap Scan on sbtest1  (cost=34.86..3939.14 rows=1017 width=121)
	        Recheck Cond: ((id >= 5018981) AND (id <= 5019980))
	        ->  Bitmap Index Scan on sbtest1_pkey  (cost=0.00..34.61 rows=1017 width=0)
	              Index Cond: ((id >= 5018981) AND (id <= 5019980))

table 2 : explain SELECT c FROM sbtest2 WHERE id BETWEEN 7293838 AND 7294837 ORDER BY c
	Sort  (cost=4246.68..4249.38 rows=1083 width=121)
	  Sort Key: c
	  ->  Bitmap Heap Scan on sbtest2  (cost=35.54..4192.09 rows=1083 width=121)
	        Recheck Cond: ((id >= 7293838) AND (id <= 7294837))
	        ->  Bitmap Index Scan on sbtest2_pkey  (cost=0.00..35.27 rows=1083 width=0)
	              Index Cond: ((id >= 7293838) AND (id <= 7294837))

table 3 : explain SELECT c FROM sbtest3 WHERE id BETWEEN 2604896 AND 2605895 ORDER BY c
	Sort  (cost=3728.72..3731.09 rows=948 width=121)
	  Sort Key: c
	  ->  Bitmap Heap Scan on sbtest3  (cost=34.15..3681.85 rows=948 width=121)
	        Recheck Cond: ((id >= 2604896) AND (id <= 2605895))
	        ->  Bitmap Index Scan on sbtest3_pkey  (cost=0.00..33.92 rows=948 width=0)
	              Index Cond: ((id >= 2604896) AND (id <= 2605895))

table 4 : explain SELECT c FROM sbtest4 WHERE id BETWEEN 9166561 AND 9167560 ORDER BY c
	Sort  (cost=4500.83..4503.67 rows=1137 width=121)
	  Sort Key: c
	  ->  Index Scan using sbtest4_pkey on sbtest4  (cost=0.43..4443.12 rows=1137 width=121)
	        Index Cond: ((id >= 9166561) AND (id <= 9167560))

table 5 : explain SELECT c FROM sbtest5 WHERE id BETWEEN 674626 AND 675625 ORDER BY c
	Sort  (cost=3908.35..3910.84 rows=994 width=121)
	  Sort Key: c
	  ->  Bitmap Heap Scan on sbtest5  (cost=34.62..3858.87 rows=994 width=121)
	        Recheck Cond: ((id >= 674626) AND (id <= 675625))
	        ->  Bitmap Index Scan on sbtest5_pkey  (cost=0.00..34.38 rows=994 width=0)
	              Index Cond: ((id >= 674626) AND (id <= 675625))

table 6 : explain SELECT c FROM sbtest6 WHERE id BETWEEN 3061174 AND 3062173 ORDER BY c
	Sort  (cost=4150.32..4152.96 rows=1057 width=121)
	  Sort Key: c
	  ->  Bitmap Heap Scan on sbtest6  (cost=35.27..4097.23 rows=1057 width=121)
	        Recheck Cond: ((id >= 3061174) AND (id <= 3062173))
	        ->  Bitmap Index Scan on sbtest6_pkey  (cost=0.00..35.01 rows=1057 width=0)
	              Index Cond: ((id >= 3061174) AND (id <= 3062173))

table 7 : explain SELECT c FROM sbtest7 WHERE id BETWEEN 7850263 AND 7851262 ORDER BY c
	Sort  (cost=4089.25..4091.85 rows=1041 width=121)
	  Sort Key: c
	  ->  Bitmap Heap Scan on sbtest7  (cost=35.11..4037.07 rows=1041 width=121)
	        Recheck Cond: ((id >= 7850263) AND (id <= 7851262))
	        ->  Bitmap Index Scan on sbtest7_pkey  (cost=0.00..34.84 rows=1041 width=0)
	              Index Cond: ((id >= 7850263) AND (id <= 7851262))

table 8 : explain SELECT c FROM sbtest8 WHERE id BETWEEN 2467649 AND 2468648 ORDER BY c
	Sort  (cost=3712.63..3714.96 rows=934 width=121)
	  Sort Key: c
	  ->  Index Scan using sbtest8_pkey on sbtest8  (cost=0.43..3666.55 rows=934 width=121)
	        Index Cond: ((id >= 2467649) AND (id <= 2468648))

for point_selects
table 1 : explain SELECT c FROM sbtest1 WHERE id=6327407
	Index Scan using sbtest1_pkey on sbtest1  (cost=0.43..8.45 rows=1 width=121)
	  Index Cond: (id = 6327407)

table 2 : explain SELECT c FROM sbtest2 WHERE id=9455260
	Index Scan using sbtest2_pkey on sbtest2  (cost=0.43..8.45 rows=1 width=121)
	  Index Cond: (id = 9455260)

table 3 : explain SELECT c FROM sbtest3 WHERE id=8498474
	Index Scan using sbtest3_pkey on sbtest3  (cost=0.43..8.45 rows=1 width=121)
	  Index Cond: (id = 8498474)

table 4 : explain SELECT c FROM sbtest4 WHERE id=5741372
	Index Scan using sbtest4_pkey on sbtest4  (cost=0.43..8.45 rows=1 width=121)
	  Index Cond: (id = 5741372)

table 5 : explain SELECT c FROM sbtest5 WHERE id=8816183
	Index Scan using sbtest5_pkey on sbtest5  (cost=0.43..8.45 rows=1 width=121)
	  Index Cond: (id = 8816183)

table 6 : explain SELECT c FROM sbtest6 WHERE id=8284028
	Index Scan using sbtest6_pkey on sbtest6  (cost=0.43..8.45 rows=1 width=121)
	  Index Cond: (id = 8284028)

table 7 : explain SELECT c FROM sbtest7 WHERE id=3027612
	Index Scan using sbtest7_pkey on sbtest7  (cost=0.43..8.45 rows=1 width=121)
	  Index Cond: (id = 3027612)

table 8 : explain SELECT c FROM sbtest8 WHERE id=4341755
	Index Scan using sbtest8_pkey on sbtest8  (cost=0.43..8.45 rows=1 width=121)
	  Index Cond: (id = 4341755)

for point_selects
table 1 : explain SELECT c FROM sbtest1 WHERE id=5493131
	Index Scan using sbtest1_pkey on sbtest1  (cost=0.43..8.45 rows=1 width=121)
	  Index Cond: (id = 5493131)

table 2 : explain SELECT c FROM sbtest2 WHERE id=5392496
	Index Scan using sbtest2_pkey on sbtest2  (cost=0.43..8.45 rows=1 width=121)
	  Index Cond: (id = 5392496)

table 3 : explain SELECT c FROM sbtest3 WHERE id=7478465
	Index Scan using sbtest3_pkey on sbtest3  (cost=0.43..8.45 rows=1 width=121)
	  Index Cond: (id = 7478465)

table 4 : explain SELECT c FROM sbtest4 WHERE id=9919184
	Index Scan using sbtest4_pkey on sbtest4  (cost=0.43..8.45 rows=1 width=121)
	  Index Cond: (id = 9919184)

table 5 : explain SELECT c FROM sbtest5 WHERE id=1580273
	Index Scan using sbtest5_pkey on sbtest5  (cost=0.43..8.45 rows=1 width=121)
	  Index Cond: (id = 1580273)

table 6 : explain SELECT c FROM sbtest6 WHERE id=2317189
	Index Scan using sbtest6_pkey on sbtest6  (cost=0.43..8.45 rows=1 width=121)
	  Index Cond: (id = 2317189)

table 7 : explain SELECT c FROM sbtest7 WHERE id=2670777
	Index Scan using sbtest7_pkey on sbtest7  (cost=0.43..8.45 rows=1 width=121)
	  Index Cond: (id = 2670777)

table 8 : explain SELECT c FROM sbtest8 WHERE id=7828315
	Index Scan using sbtest8_pkey on sbtest8  (cost=0.43..8.45 rows=1 width=121)
	  Index Cond: (id = 7828315)

explain: for point_selects :: explain SELECT c FROM sbtest%u WHERE id=%u
for: sum_ranges
table 1 : explain SELECT SUM(k) FROM sbtest1 WHERE id BETWEEN 6377880 AND 6378879
	Aggregate  (cost=3768.16..3768.17 rows=1 width=8)
	  ->  Bitmap Heap Scan on sbtest1  (cost=34.39..3765.73 rows=971 width=4)
	        Recheck Cond: ((id >= 6377880) AND (id <= 6378879))
	        ->  Bitmap Index Scan on sbtest1_pkey  (cost=0.00..34.15 rows=971 width=0)
	              Index Cond: ((id >= 6377880) AND (id <= 6378879))

table 2 : explain SELECT SUM(k) FROM sbtest2 WHERE id BETWEEN 7765444 AND 7766443
	Aggregate  (cost=3968.53..3968.54 rows=1 width=8)
	  ->  Bitmap Heap Scan on sbtest2  (cost=34.92..3965.97 rows=1023 width=4)
	        Recheck Cond: ((id >= 7765444) AND (id <= 7766443))
	        ->  Bitmap Index Scan on sbtest2_pkey  (cost=0.00..34.67 rows=1023 width=0)
	              Index Cond: ((id >= 7765444) AND (id <= 7766443))

table 3 : explain SELECT SUM(k) FROM sbtest3 WHERE id BETWEEN 6773331 AND 6774330
	Aggregate  (cost=3676.65..3676.66 rows=1 width=8)
	  ->  Bitmap Heap Scan on sbtest3  (cost=34.13..3674.29 rows=946 width=4)
	        Recheck Cond: ((id >= 6773331) AND (id <= 6774330))
	        ->  Bitmap Index Scan on sbtest3_pkey  (cost=0.00..33.90 rows=946 width=0)
	              Index Cond: ((id >= 6773331) AND (id <= 6774330))

table 4 : explain SELECT SUM(k) FROM sbtest4 WHERE id BETWEEN 3641125 AND 3642124
	Aggregate  (cost=3998.70..3998.71 rows=1 width=8)
	  ->  Index Scan using sbtest4_pkey on sbtest4  (cost=0.43..3996.14 rows=1023 width=4)
	        Index Cond: ((id >= 3641125) AND (id <= 3642124))

table 5 : explain SELECT SUM(k) FROM sbtest5 WHERE id BETWEEN 3727720 AND 3728719
	Aggregate  (cost=4171.07..4171.08 rows=1 width=8)
	  ->  Bitmap Heap Scan on sbtest5  (cost=35.46..4168.38 rows=1076 width=4)
	        Recheck Cond: ((id >= 3727720) AND (id <= 3728719))
	        ->  Bitmap Index Scan on sbtest5_pkey  (cost=0.00..35.20 rows=1076 width=0)
	              Index Cond: ((id >= 3727720) AND (id <= 3728719))

table 6 : explain SELECT SUM(k) FROM sbtest6 WHERE id BETWEEN 4515709 AND 4516708
	Aggregate  (cost=3854.24..3854.25 rows=1 width=8)
	  ->  Bitmap Heap Scan on sbtest6  (cost=34.60..3851.76 rows=992 width=4)
	        Recheck Cond: ((id >= 4515709) AND (id <= 4516708))
	        ->  Bitmap Index Scan on sbtest6_pkey  (cost=0.00..34.36 rows=992 width=0)
	              Index Cond: ((id >= 4515709) AND (id <= 4516708))

table 7 : explain SELECT SUM(k) FROM sbtest7 WHERE id BETWEEN 3764432 AND 3765431
	Aggregate  (cost=3983.00..3983.01 rows=1 width=8)
	  ->  Bitmap Heap Scan on sbtest7  (cost=34.95..3980.44 rows=1026 width=4)
	        Recheck Cond: ((id >= 3764432) AND (id <= 3765431))
	        ->  Bitmap Index Scan on sbtest7_pkey  (cost=0.00..34.70 rows=1026 width=0)
	              Index Cond: ((id >= 3764432) AND (id <= 3765431))

table 8 : explain SELECT SUM(k) FROM sbtest8 WHERE id BETWEEN 7119675 AND 7120674
	Aggregate  (cost=3846.80..3846.81 rows=1 width=8)
	  ->  Bitmap Heap Scan on sbtest8  (cost=34.58..3844.32 rows=990 width=4)
	        Recheck Cond: ((id >= 7119675) AND (id <= 7120674))
	        ->  Bitmap Index Scan on sbtest8_pkey  (cost=0.00..34.34 rows=990 width=0)
	              Index Cond: ((id >= 7119675) AND (id <= 7120674))

for: simple_ranges
table 1 : explain SELECT c FROM sbtest1 WHERE id BETWEEN 1822501 AND 1823500
	Bitmap Heap Scan on sbtest1  (cost=34.79..3912.77 rows=1010 width=121)
	  Recheck Cond: ((id >= 1822501) AND (id <= 1823500))
	  ->  Bitmap Index Scan on sbtest1_pkey  (cost=0.00..34.54 rows=1010 width=0)
	        Index Cond: ((id >= 1822501) AND (id <= 1823500))

table 2 : explain SELECT c FROM sbtest2 WHERE id BETWEEN 9851592 AND 9852591
	Bitmap Heap Scan on sbtest2  (cost=34.98..3988.60 rows=1029 width=121)
	  Recheck Cond: ((id >= 9851592) AND (id <= 9852591))
	  ->  Bitmap Index Scan on sbtest2_pkey  (cost=0.00..34.73 rows=1029 width=0)
	        Index Cond: ((id >= 9851592) AND (id <= 9852591))

table 3 : explain SELECT c FROM sbtest3 WHERE id BETWEEN 5812884 AND 5813883
	Bitmap Heap Scan on sbtest3  (cost=34.41..3776.32 rows=973 width=121)
	  Recheck Cond: ((id >= 5812884) AND (id <= 5813883))
	  ->  Bitmap Index Scan on sbtest3_pkey  (cost=0.00..34.17 rows=973 width=0)
	        Index Cond: ((id >= 5812884) AND (id <= 5813883))

table 4 : explain SELECT c FROM sbtest4 WHERE id BETWEEN 2429529 AND 2430528
	Index Scan using sbtest4_pkey on sbtest4  (cost=0.43..3696.90 rows=946 width=121)
	  Index Cond: ((id >= 2429529) AND (id <= 2430528))

table 5 : explain SELECT c FROM sbtest5 WHERE id BETWEEN 3237442 AND 3238441
	Bitmap Heap Scan on sbtest5  (cost=35.00..3998.63 rows=1031 width=121)
	  Recheck Cond: ((id >= 3237442) AND (id <= 3238441))
	  ->  Bitmap Index Scan on sbtest5_pkey  (cost=0.00..34.75 rows=1031 width=0)
	        Index Cond: ((id >= 3237442) AND (id <= 3238441))

table 6 : explain SELECT c FROM sbtest6 WHERE id BETWEEN 6841282 AND 6842281
	Bitmap Heap Scan on sbtest6  (cost=33.89..3586.82 rows=922 width=121)
	  Recheck Cond: ((id >= 6841282) AND (id <= 6842281))
	  ->  Bitmap Index Scan on sbtest6_pkey  (cost=0.00..33.66 rows=922 width=0)
	        Index Cond: ((id >= 6841282) AND (id <= 6842281))

table 7 : explain SELECT c FROM sbtest7 WHERE id BETWEEN 8210824 AND 8211823
	Bitmap Heap Scan on sbtest7  (cost=40.03..4380.32 rows=1131 width=121)
	  Recheck Cond: ((id >= 8210824) AND (id <= 8211823))
	  ->  Bitmap Index Scan on sbtest7_pkey  (cost=0.00..39.75 rows=1131 width=0)
	        Index Cond: ((id >= 8210824) AND (id <= 8211823))

table 8 : explain SELECT c FROM sbtest8 WHERE id BETWEEN 4320913 AND 4321912
	Bitmap Heap Scan on sbtest8  (cost=34.85..3942.58 rows=1016 width=121)
	  Recheck Cond: ((id >= 4320913) AND (id <= 4321912))
	  ->  Bitmap Index Scan on sbtest8_pkey  (cost=0.00..34.59 rows=1016 width=0)
	        Index Cond: ((id >= 4320913) AND (id <= 4321912))

for: simple_ranges
table 1 : explain SELECT c FROM sbtest1 WHERE id BETWEEN 1414337 AND 1415336
	Bitmap Heap Scan on sbtest1  (cost=34.57..3833.62 rows=989 width=121)
	  Recheck Cond: ((id >= 1414337) AND (id <= 1415336))
	  ->  Bitmap Index Scan on sbtest1_pkey  (cost=0.00..34.33 rows=989 width=0)
	        Index Cond: ((id >= 1414337) AND (id <= 1415336))

table 2 : explain SELECT c FROM sbtest2 WHERE id BETWEEN 1482263 AND 1483262
	Bitmap Heap Scan on sbtest2  (cost=34.95..3977.28 rows=1026 width=121)
	  Recheck Cond: ((id >= 1482263) AND (id <= 1483262))
	  ->  Bitmap Index Scan on sbtest2_pkey  (cost=0.00..34.70 rows=1026 width=0)
	        Index Cond: ((id >= 1482263) AND (id <= 1483262))

table 3 : explain SELECT c FROM sbtest3 WHERE id BETWEEN 4157623 AND 4158622
	Bitmap Heap Scan on sbtest3  (cost=34.75..3900.90 rows=1006 width=121)
	  Recheck Cond: ((id >= 4157623) AND (id <= 4158622))
	  ->  Bitmap Index Scan on sbtest3_pkey  (cost=0.00..34.50 rows=1006 width=0)
	        Index Cond: ((id >= 4157623) AND (id <= 4158622))

table 4 : explain SELECT c FROM sbtest4 WHERE id BETWEEN 3122232 AND 3123231
	Index Scan using sbtest4_pkey on sbtest4  (cost=0.43..3867.90 rows=990 width=121)
	  Index Cond: ((id >= 3122232) AND (id <= 3123231))

table 5 : explain SELECT c FROM sbtest5 WHERE id BETWEEN 2694057 AND 2695056
	Bitmap Heap Scan on sbtest5  (cost=29.49..3434.56 rows=883 width=121)
	  Recheck Cond: ((id >= 2694057) AND (id <= 2695056))
	  ->  Bitmap Index Scan on sbtest5_pkey  (cost=0.00..29.26 rows=883 width=0)
	        Index Cond: ((id >= 2694057) AND (id <= 2695056))

table 6 : explain SELECT c FROM sbtest6 WHERE id BETWEEN 8009410 AND 8010409
	Bitmap Heap Scan on sbtest6  (cost=35.07..4025.53 rows=1038 width=121)
	  Recheck Cond: ((id >= 8009410) AND (id <= 8010409))
	  ->  Bitmap Index Scan on sbtest6_pkey  (cost=0.00..34.82 rows=1038 width=0)
	        Index Cond: ((id >= 8009410) AND (id <= 8010409))

table 7 : explain SELECT c FROM sbtest7 WHERE id BETWEEN 7712648 AND 7713647
	Bitmap Heap Scan on sbtest7  (cost=34.97..3987.99 rows=1028 width=121)
	  Recheck Cond: ((id >= 7712648) AND (id <= 7713647))
	  ->  Bitmap Index Scan on sbtest7_pkey  (cost=0.00..34.72 rows=1028 width=0)
	        Index Cond: ((id >= 7712648) AND (id <= 7713647))

table 8 : explain SELECT c FROM sbtest8 WHERE id BETWEEN 6475409 AND 6476408
	Index Scan using sbtest8_pkey on sbtest8  (cost=0.43..3768.04 rows=960 width=121)
	  Index Cond: ((id >= 6475409) AND (id <= 6476408))

for: distinct_ranges
table 1 : explain SELECT DISTINCT c FROM sbtest1 WHERE id BETWEEN 8138680 AND 8139679 ORDER BY c
	Unique  (cost=3806.25..3811.09 rows=969 width=121)
	  ->  Sort  (cost=3806.25..3808.67 rows=969 width=121)
	        Sort Key: c
	        ->  Bitmap Heap Scan on sbtest1  (cost=34.37..3758.18 rows=969 width=121)
	              Recheck Cond: ((id >= 8138680) AND (id <= 8139679))
	              ->  Bitmap Index Scan on sbtest1_pkey  (cost=0.00..34.12 rows=969 width=0)
	                    Index Cond: ((id >= 8138680) AND (id <= 8139679))

table 2 : explain SELECT DISTINCT c FROM sbtest2 WHERE id BETWEEN 151054 AND 152053 ORDER BY c
	Unique  (cost=3695.01..3699.70 rows=939 width=121)
	  ->  Sort  (cost=3695.01..3697.36 rows=939 width=121)
	        Sort Key: c
	        ->  Bitmap Heap Scan on sbtest2  (cost=34.06..3648.65 rows=939 width=121)
	              Recheck Cond: ((id >= 151054) AND (id <= 152053))
	              ->  Bitmap Index Scan on sbtest2_pkey  (cost=0.00..33.83 rows=939 width=0)
	                    Index Cond: ((id >= 151054) AND (id <= 152053))

table 3 : explain SELECT DISTINCT c FROM sbtest3 WHERE id BETWEEN 7780026 AND 7781025 ORDER BY c
	Unique  (cost=3640.44..3645.06 rows=925 width=121)
	  ->  Sort  (cost=3640.44..3642.75 rows=925 width=121)
	        Sort Key: c
	        ->  Bitmap Heap Scan on sbtest3  (cost=33.92..3594.86 rows=925 width=121)
	              Recheck Cond: ((id >= 7780026) AND (id <= 7781025))
	              ->  Bitmap Index Scan on sbtest3_pkey  (cost=0.00..33.69 rows=925 width=0)
	                    Index Cond: ((id >= 7780026) AND (id <= 7781025))

table 4 : explain SELECT DISTINCT c FROM sbtest4 WHERE id BETWEEN 3047540 AND 3048539 ORDER BY c
	Unique  (cost=4185.29..4190.58 rows=1058 width=121)
	  ->  Sort  (cost=4185.29..4187.94 rows=1058 width=121)
	        Sort Key: c
	        ->  Index Scan using sbtest4_pkey on sbtest4  (cost=0.43..4132.15 rows=1058 width=121)
	              Index Cond: ((id >= 3047540) AND (id <= 3048539))

table 5 : explain SELECT DISTINCT c FROM sbtest5 WHERE id BETWEEN 7950658 AND 7951657 ORDER BY c
	Unique  (cost=3935.21..3940.21 rows=1001 width=121)
	  ->  Sort  (cost=3935.21..3937.71 rows=1001 width=121)
	        Sort Key: c
	        ->  Bitmap Heap Scan on sbtest5  (cost=34.70..3885.32 rows=1001 width=121)
	              Recheck Cond: ((id >= 7950658) AND (id <= 7951657))
	              ->  Bitmap Index Scan on sbtest5_pkey  (cost=0.00..34.45 rows=1001 width=0)
	                    Index Cond: ((id >= 7950658) AND (id <= 7951657))

table 6 : explain SELECT DISTINCT c FROM sbtest6 WHERE id BETWEEN 6151757 AND 6152756 ORDER BY c
	Unique  (cost=3693.74..3698.43 rows=938 width=121)
	  ->  Sort  (cost=3693.74..3696.08 rows=938 width=121)
	        Sort Key: c
	        ->  Bitmap Heap Scan on sbtest6  (cost=34.05..3647.43 rows=938 width=121)
	              Recheck Cond: ((id >= 6151757) AND (id <= 6152756))
	              ->  Bitmap Index Scan on sbtest6_pkey  (cost=0.00..33.82 rows=938 width=0)
	                    Index Cond: ((id >= 6151757) AND (id <= 6152756))

table 7 : explain SELECT DISTINCT c FROM sbtest7 WHERE id BETWEEN 1882638 AND 1883637 ORDER BY c
	Unique  (cost=4036.58..4041.66 rows=1017 width=121)
	  ->  Sort  (cost=4036.58..4039.12 rows=1017 width=121)
	        Sort Key: c
	        ->  Index Scan using sbtest7_pkey on sbtest7  (cost=0.43..3985.78 rows=1017 width=121)
	              Index Cond: ((id >= 1882638) AND (id <= 1883637))

table 8 : explain SELECT DISTINCT c FROM sbtest8 WHERE id BETWEEN 3126907 AND 3127906 ORDER BY c
	Unique  (cost=3951.14..3956.16 rows=1005 width=121)
	  ->  Sort  (cost=3951.14..3953.65 rows=1005 width=121)
	        Sort Key: c
	        ->  Bitmap Heap Scan on sbtest8  (cost=34.74..3901.02 rows=1005 width=121)
	              Recheck Cond: ((id >= 3126907) AND (id <= 3127906))
	              ->  Bitmap Index Scan on sbtest8_pkey  (cost=0.00..34.48 rows=1005 width=0)
	                    Index Cond: ((id >= 3126907) AND (id <= 3127906))

for: simple_ranges
table 1 : explain SELECT c FROM sbtest1 WHERE id BETWEEN 421119 AND 422118
	Bitmap Heap Scan on sbtest1  (cost=34.31..3735.54 rows=963 width=121)
	  Recheck Cond: ((id >= 421119) AND (id <= 422118))
	  ->  Bitmap Index Scan on sbtest1_pkey  (cost=0.00..34.07 rows=963 width=0)
	        Index Cond: ((id >= 421119) AND (id <= 422118))

table 2 : explain SELECT c FROM sbtest2 WHERE id BETWEEN 3527410 AND 3528409
	Bitmap Heap Scan on sbtest2  (cost=34.66..3871.62 rows=998 width=121)
	  Recheck Cond: ((id >= 3527410) AND (id <= 3528409))
	  ->  Bitmap Index Scan on sbtest2_pkey  (cost=0.00..34.42 rows=998 width=0)
	        Index Cond: ((id >= 3527410) AND (id <= 3528409))

table 3 : explain SELECT c FROM sbtest3 WHERE id BETWEEN 1675802 AND 1676801
	Bitmap Heap Scan on sbtest3  (cost=34.51..3814.09 rows=983 width=121)
	  Recheck Cond: ((id >= 1675802) AND (id <= 1676801))
	  ->  Bitmap Index Scan on sbtest3_pkey  (cost=0.00..34.27 rows=983 width=0)
	        Index Cond: ((id >= 1675802) AND (id <= 1676801))

table 4 : explain SELECT c FROM sbtest4 WHERE id BETWEEN 5073042 AND 5074041
	Index Scan using sbtest4_pkey on sbtest4  (cost=0.43..4136.03 rows=1059 width=121)
	  Index Cond: ((id >= 5073042) AND (id <= 5074041))

table 5 : explain SELECT c FROM sbtest5 WHERE id BETWEEN 5738782 AND 5739781
	Bitmap Heap Scan on sbtest5  (cost=35.30..4108.05 rows=1060 width=121)
	  Recheck Cond: ((id >= 5738782) AND (id <= 5739781))
	  ->  Bitmap Index Scan on sbtest5_pkey  (cost=0.00..35.04 rows=1060 width=0)
	        Index Cond: ((id >= 5738782) AND (id <= 5739781))

table 6 : explain SELECT c FROM sbtest6 WHERE id BETWEEN 3263997 AND 3264996
	Bitmap Heap Scan on sbtest6  (cost=34.78..3916.01 rows=1009 width=121)
	  Recheck Cond: ((id >= 3263997) AND (id <= 3264996))
	  ->  Bitmap Index Scan on sbtest6_pkey  (cost=0.00..34.53 rows=1009 width=0)
	        Index Cond: ((id >= 3263997) AND (id <= 3264996))

table 7 : explain SELECT c FROM sbtest7 WHERE id BETWEEN 7518722 AND 7519721
	Bitmap Heap Scan on sbtest7  (cost=39.71..4263.58 rows=1100 width=121)
	  Recheck Cond: ((id >= 7518722) AND (id <= 7519721))
	  ->  Bitmap Index Scan on sbtest7_pkey  (cost=0.00..39.44 rows=1100 width=0)
	        Index Cond: ((id >= 7518722) AND (id <= 7519721))

table 8 : explain SELECT c FROM sbtest8 WHERE id BETWEEN 5280594 AND 5281593
	Index Scan using sbtest8_pkey on sbtest8  (cost=0.43..3623.62 rows=923 width=121)
	  Index Cond: ((id >= 5280594) AND (id <= 5281593))

explain: for point_selects :: explain SELECT c FROM sbtest%u WHERE id=%u
for point_selects
table 1 : explain SELECT c FROM sbtest1 WHERE id=7501335
	Index Scan using sbtest1_pkey on sbtest1  (cost=0.43..8.45 rows=1 width=121)
	  Index Cond: (id = 7501335)

table 2 : explain SELECT c FROM sbtest2 WHERE id=9729345
	Index Scan using sbtest2_pkey on sbtest2  (cost=0.43..8.45 rows=1 width=121)
	  Index Cond: (id = 9729345)

table 3 : explain SELECT c FROM sbtest3 WHERE id=8393772
	Index Scan using sbtest3_pkey on sbtest3  (cost=0.43..8.45 rows=1 width=121)
	  Index Cond: (id = 8393772)

table 4 : explain SELECT c FROM sbtest4 WHERE id=5190935
	Index Scan using sbtest4_pkey on sbtest4  (cost=0.43..8.45 rows=1 width=121)
	  Index Cond: (id = 5190935)

table 5 : explain SELECT c FROM sbtest5 WHERE id=6620324
	Index Scan using sbtest5_pkey on sbtest5  (cost=0.43..8.45 rows=1 width=121)
	  Index Cond: (id = 6620324)

table 6 : explain SELECT c FROM sbtest6 WHERE id=7900126
	Index Scan using sbtest6_pkey on sbtest6  (cost=0.43..8.45 rows=1 width=121)
	  Index Cond: (id = 7900126)

table 7 : explain SELECT c FROM sbtest7 WHERE id=6426122
	Index Scan using sbtest7_pkey on sbtest7  (cost=0.43..8.45 rows=1 width=121)
	  Index Cond: (id = 6426122)

table 8 : explain SELECT c FROM sbtest8 WHERE id=243418
	Index Scan using sbtest8_pkey on sbtest8  (cost=0.43..8.45 rows=1 width=121)
	  Index Cond: (id = 243418)

for: sum_ranges
table 1 : explain SELECT SUM(k) FROM sbtest1 WHERE id BETWEEN 8094517 AND 8095516
	Aggregate  (cost=3760.60..3760.61 rows=1 width=8)
	  ->  Bitmap Heap Scan on sbtest1  (cost=34.37..3758.18 rows=969 width=4)
	        Recheck Cond: ((id >= 8094517) AND (id <= 8095516))
	        ->  Bitmap Index Scan on sbtest1_pkey  (cost=0.00..34.12 rows=969 width=0)
	              Index Cond: ((id >= 8094517) AND (id <= 8095516))

table 2 : explain SELECT SUM(k) FROM sbtest2 WHERE id BETWEEN 8831264 AND 8832263
	Aggregate  (cost=4153.35..4153.36 rows=1 width=8)
	  ->  Bitmap Heap Scan on sbtest2  (cost=35.42..4150.67 rows=1072 width=4)
	        Recheck Cond: ((id >= 8831264) AND (id <= 8832263))
	        ->  Bitmap Index Scan on sbtest2_pkey  (cost=0.00..35.16 rows=1072 width=0)
	              Index Cond: ((id >= 8831264) AND (id <= 8832263))

table 3 : explain SELECT SUM(k) FROM sbtest3 WHERE id BETWEEN 3654721 AND 3655720
	Aggregate  (cost=4076.97..4076.98 rows=1 width=8)
	  ->  Bitmap Heap Scan on sbtest3  (cost=35.22..4074.34 rows=1052 width=4)
	        Recheck Cond: ((id >= 3654721) AND (id <= 3655720))
	        ->  Bitmap Index Scan on sbtest3_pkey  (cost=0.00..34.95 rows=1052 width=0)
	              Index Cond: ((id >= 3654721) AND (id <= 3655720))

table 4 : explain SELECT SUM(k) FROM sbtest4 WHERE id BETWEEN 3999273 AND 4000272
	Aggregate  (cost=3831.47..3831.48 rows=1 width=8)
	  ->  Index Scan using sbtest4_pkey on sbtest4  (cost=0.43..3829.02 rows=980 width=4)
	        Index Cond: ((id >= 3999273) AND (id <= 4000272))

table 5 : explain SELECT SUM(k) FROM sbtest5 WHERE id BETWEEN 6336608 AND 6337607
	Aggregate  (cost=4061.63..4061.64 rows=1 width=8)
	  ->  Bitmap Heap Scan on sbtest5  (cost=35.17..4059.01 rows=1047 width=4)
	        Recheck Cond: ((id >= 6336608) AND (id <= 6337607))
	        ->  Bitmap Index Scan on sbtest5_pkey  (cost=0.00..34.91 rows=1047 width=0)
	              Index Cond: ((id >= 6336608) AND (id <= 6337607))

table 6 : explain SELECT SUM(k) FROM sbtest6 WHERE id BETWEEN 7130278 AND 7131277
	Aggregate  (cost=3903.40..3903.41 rows=1 width=8)
	  ->  Bitmap Heap Scan on sbtest6  (cost=34.74..3900.89 rows=1005 width=4)
	        Recheck Cond: ((id >= 7130278) AND (id <= 7131277))
	        ->  Bitmap Index Scan on sbtest6_pkey  (cost=0.00..34.48 rows=1005 width=0)
	              Index Cond: ((id >= 7130278) AND (id <= 7131277))

table 7 : explain SELECT SUM(k) FROM sbtest7 WHERE id BETWEEN 1123860 AND 1124859
	Aggregate  (cost=3898.58..3898.59 rows=1 width=8)
	  ->  Index Scan using sbtest7_pkey on sbtest7  (cost=0.43..3896.10 rows=994 width=4)
	        Index Cond: ((id >= 1123860) AND (id <= 1124859))

table 8 : explain SELECT SUM(k) FROM sbtest8 WHERE id BETWEEN 3314047 AND 3315046
	Aggregate  (cost=4228.30..4228.31 rows=1 width=8)
	  ->  Bitmap Heap Scan on sbtest8  (cost=35.62..4225.57 rows=1091 width=4)
	        Recheck Cond: ((id >= 3314047) AND (id <= 3315046))
	        ->  Bitmap Index Scan on sbtest8_pkey  (cost=0.00..35.34 rows=1091 width=0)
	              Index Cond: ((id >= 3314047) AND (id <= 3315046))

for: simple_ranges
table 1 : explain SELECT c FROM sbtest1 WHERE id BETWEEN 1418920 AND 1419919
	Bitmap Heap Scan on sbtest1  (cost=34.57..3833.62 rows=989 width=121)
	  Recheck Cond: ((id >= 1418920) AND (id <= 1419919))
	  ->  Bitmap Index Scan on sbtest1_pkey  (cost=0.00..34.33 rows=989 width=0)
	        Index Cond: ((id >= 1418920) AND (id <= 1419919))

table 2 : explain SELECT c FROM sbtest2 WHERE id BETWEEN 1356780 AND 1357779
	Bitmap Heap Scan on sbtest2  (cost=34.92..3965.97 rows=1023 width=121)
	  Recheck Cond: ((id >= 1356780) AND (id <= 1357779))
	  ->  Bitmap Index Scan on sbtest2_pkey  (cost=0.00..34.67 rows=1023 width=0)
	        Index Cond: ((id >= 1356780) AND (id <= 1357779))

table 3 : explain SELECT c FROM sbtest3 WHERE id BETWEEN 7324767 AND 7325766
	Bitmap Heap Scan on sbtest3  (cost=29.77..3537.88 rows=911 width=121)
	  Recheck Cond: ((id >= 7324767) AND (id <= 7325766))
	  ->  Bitmap Index Scan on sbtest3_pkey  (cost=0.00..29.54 rows=911 width=0)
	        Index Cond: ((id >= 7324767) AND (id <= 7325766))

table 4 : explain SELECT c FROM sbtest4 WHERE id BETWEEN 3416606 AND 3417605
	Index Scan using sbtest4_pkey on sbtest4  (cost=0.43..4015.56 rows=1028 width=121)
	  Index Cond: ((id >= 3416606) AND (id <= 3417605))

table 5 : explain SELECT c FROM sbtest5 WHERE id BETWEEN 7957962 AND 7958961
	Bitmap Heap Scan on sbtest5  (cost=34.70..3885.32 rows=1001 width=121)
	  Recheck Cond: ((id >= 7957962) AND (id <= 7958961))
	  ->  Bitmap Index Scan on sbtest5_pkey  (cost=0.00..34.45 rows=1001 width=0)
	        Index Cond: ((id >= 7957962) AND (id <= 7958961))

table 6 : explain SELECT c FROM sbtest6 WHERE id BETWEEN 6914336 AND 6915335
	Bitmap Heap Scan on sbtest6  (cost=33.89..3586.82 rows=922 width=121)
	  Recheck Cond: ((id >= 6914336) AND (id <= 6915335))
	  ->  Bitmap Index Scan on sbtest6_pkey  (cost=0.00..33.66 rows=922 width=0)
	        Index Cond: ((id >= 6914336) AND (id <= 6915335))

table 7 : explain SELECT c FROM sbtest7 WHERE id BETWEEN 2403955 AND 2404954
	Index Scan using sbtest7_pkey on sbtest7  (cost=0.43..3950.66 rows=1008 width=121)
	  Index Cond: ((id >= 2403955) AND (id <= 2404954))

table 8 : explain SELECT c FROM sbtest8 WHERE id BETWEEN 5265481 AND 5266480
	Index Scan using sbtest8_pkey on sbtest8  (cost=0.43..3623.62 rows=923 width=121)
	  Index Cond: ((id >= 5265481) AND (id <= 5266480))

for: sum_ranges
table 1 : explain SELECT SUM(k) FROM sbtest1 WHERE id BETWEEN 7452493 AND 7453492
	Aggregate  (cost=3461.71..3461.72 rows=1 width=8)
	  ->  Bitmap Heap Scan on sbtest1  (cost=29.57..3459.48 rows=891 width=4)
	        Recheck Cond: ((id >= 7452493) AND (id <= 7453492))
	        ->  Bitmap Index Scan on sbtest1_pkey  (cost=0.00..29.34 rows=891 width=0)
	              Index Cond: ((id >= 7452493) AND (id <= 7453492))

table 2 : explain SELECT SUM(k) FROM sbtest2 WHERE id BETWEEN 7288728 AND 7289727
	Aggregate  (cost=4194.80..4194.81 rows=1 width=8)
	  ->  Bitmap Heap Scan on sbtest2  (cost=35.54..4192.09 rows=1083 width=4)
	        Recheck Cond: ((id >= 7288728) AND (id <= 7289727))
	        ->  Bitmap Index Scan on sbtest2_pkey  (cost=0.00..35.27 rows=1083 width=0)
	              Index Cond: ((id >= 7288728) AND (id <= 7289727))

table 3 : explain SELECT SUM(k) FROM sbtest3 WHERE id BETWEEN 848619 AND 849618
	Aggregate  (cost=4171.17..4171.18 rows=1 width=8)
	  ->  Bitmap Heap Scan on sbtest3  (cost=35.47..4168.48 rows=1077 width=4)
	        Recheck Cond: ((id >= 848619) AND (id <= 849618))
	        ->  Bitmap Index Scan on sbtest3_pkey  (cost=0.00..35.20 rows=1077 width=0)
	              Index Cond: ((id >= 848619) AND (id <= 849618))

table 4 : explain SELECT SUM(k) FROM sbtest4 WHERE id BETWEEN 3339265 AND 3340264
	Aggregate  (cost=4018.13..4018.14 rows=1 width=8)
	  ->  Index Scan using sbtest4_pkey on sbtest4  (cost=0.43..4015.56 rows=1028 width=4)
	        Index Cond: ((id >= 3339265) AND (id <= 3340264))

table 5 : explain SELECT SUM(k) FROM sbtest5 WHERE id BETWEEN 2555076 AND 2556075
	Aggregate  (cost=3997.43..3997.44 rows=1 width=8)
	  ->  Bitmap Heap Scan on sbtest5  (cost=34.99..3994.85 rows=1030 width=4)
	        Recheck Cond: ((id >= 2555076) AND (id <= 2556075))
	        ->  Bitmap Index Scan on sbtest5_pkey  (cost=0.00..34.73 rows=1030 width=0)
	              Index Cond: ((id >= 2555076) AND (id <= 2556075))

table 6 : explain SELECT SUM(k) FROM sbtest6 WHERE id BETWEEN 550837 AND 551836
	Aggregate  (cost=4390.43..4390.44 rows=1 width=8)
	  ->  Bitmap Heap Scan on sbtest6  (cost=40.05..4387.60 rows=1133 width=4)
	        Recheck Cond: ((id >= 550837) AND (id <= 551836))
	        ->  Bitmap Index Scan on sbtest6_pkey  (cost=0.00..39.77 rows=1133 width=0)
	              Index Cond: ((id >= 550837) AND (id <= 551836))

table 7 : explain SELECT SUM(k) FROM sbtest7 WHERE id BETWEEN 735791 AND 736790
	Aggregate  (cost=3843.95..3843.96 rows=1 width=8)
	  ->  Index Scan using sbtest7_pkey on sbtest7  (cost=0.43..3841.50 rows=980 width=4)
	        Index Cond: ((id >= 735791) AND (id <= 736790))

table 8 : explain SELECT SUM(k) FROM sbtest8 WHERE id BETWEEN 5570437 AND 5571436
	Aggregate  (cost=3653.26..3653.27 rows=1 width=8)
	  ->  Index Scan using sbtest8_pkey on sbtest8  (cost=0.43..3650.94 rows=930 width=4)
	        Index Cond: ((id >= 5570437) AND (id <= 5571436))

for: simple_ranges
table 1 : explain SELECT c FROM sbtest1 WHERE id BETWEEN 5677075 AND 5678074
	Bitmap Heap Scan on sbtest1  (cost=39.78..4281.66 rows=1107 width=121)
	  Recheck Cond: ((id >= 5677075) AND (id <= 5678074))
	  ->  Bitmap Index Scan on sbtest1_pkey  (cost=0.00..39.51 rows=1107 width=0)
	        Index Cond: ((id >= 5677075) AND (id <= 5678074))

table 2 : explain SELECT c FROM sbtest2 WHERE id BETWEEN 5799955 AND 5800954
	Bitmap Heap Scan on sbtest2  (cost=40.03..4376.67 rows=1131 width=121)
	  Recheck Cond: ((id >= 5799955) AND (id <= 5800954))
	  ->  Bitmap Index Scan on sbtest2_pkey  (cost=0.00..39.75 rows=1131 width=0)
	        Index Cond: ((id >= 5799955) AND (id <= 5800954))

table 3 : explain SELECT c FROM sbtest3 WHERE id BETWEEN 3649496 AND 3650495
	Bitmap Heap Scan on sbtest3  (cost=35.22..4074.34 rows=1052 width=121)
	  Recheck Cond: ((id >= 3649496) AND (id <= 3650495))
	  ->  Bitmap Index Scan on sbtest3_pkey  (cost=0.00..34.95 rows=1052 width=0)
	        Index Cond: ((id >= 3649496) AND (id <= 3650495))

table 4 : explain SELECT c FROM sbtest4 WHERE id BETWEEN 8576608 AND 8577607
	Index Scan using sbtest4_pkey on sbtest4  (cost=0.43..3762.98 rows=963 width=121)
	  Index Cond: ((id >= 8576608) AND (id <= 8577607))

table 5 : explain SELECT c FROM sbtest5 WHERE id BETWEEN 8640711 AND 8641710
	Bitmap Heap Scan on sbtest5  (cost=34.84..3938.21 rows=1015 width=121)
	  Recheck Cond: ((id >= 8640711) AND (id <= 8641710))
	  ->  Bitmap Index Scan on sbtest5_pkey  (cost=0.00..34.59 rows=1015 width=0)
	        Index Cond: ((id >= 8640711) AND (id <= 8641710))

table 6 : explain SELECT c FROM sbtest6 WHERE id BETWEEN 9210508 AND 9211507
	Bitmap Heap Scan on sbtest6  (cost=35.56..4202.81 rows=1085 width=121)
	  Recheck Cond: ((id >= 9210508) AND (id <= 9211507))
	  ->  Bitmap Index Scan on sbtest6_pkey  (cost=0.00..35.29 rows=1085 width=0)
	        Index Cond: ((id >= 9210508) AND (id <= 9211507))

table 7 : explain SELECT c FROM sbtest7 WHERE id BETWEEN 996674 AND 997673
	Index Scan using sbtest7_pkey on sbtest7  (cost=0.43..3580.28 rows=913 width=121)
	  Index Cond: ((id >= 996674) AND (id <= 997673))

table 8 : explain SELECT c FROM sbtest8 WHERE id BETWEEN 8893410 AND 8894409
	Bitmap Heap Scan on sbtest8  (cost=35.26..4093.60 rows=1056 width=121)
	  Recheck Cond: ((id >= 8893410) AND (id <= 8894409))
	  ->  Bitmap Index Scan on sbtest8_pkey  (cost=0.00..35.00 rows=1056 width=0)
	        Index Cond: ((id >= 8893410) AND (id <= 8894409))

explain: for point_selects :: explain SELECT c FROM sbtest%u WHERE id=%u
for: sum_ranges
table 1 : explain SELECT SUM(k) FROM sbtest1 WHERE id BETWEEN 8071974 AND 8072973
	Aggregate  (cost=3798.35..3798.36 rows=1 width=8)
	  ->  Bitmap Heap Scan on sbtest1  (cost=34.47..3795.91 rows=979 width=4)
	        Recheck Cond: ((id >= 8071974) AND (id <= 8072973))
	        ->  Bitmap Index Scan on sbtest1_pkey  (cost=0.00..34.23 rows=979 width=0)
	              Index Cond: ((id >= 8071974) AND (id <= 8072973))

table 2 : explain SELECT SUM(k) FROM sbtest2 WHERE id BETWEEN 7026637 AND 7027636
	Aggregate  (cost=4277.89..4277.90 rows=1 width=8)
	  ->  Bitmap Heap Scan on sbtest2  (cost=39.75..4275.13 rows=1104 width=4)
	        Recheck Cond: ((id >= 7026637) AND (id <= 7027636))
	        ->  Bitmap Index Scan on sbtest2_pkey  (cost=0.00..39.48 rows=1104 width=0)
	              Index Cond: ((id >= 7026637) AND (id <= 7027636))

table 3 : explain SELECT SUM(k) FROM sbtest3 WHERE id BETWEEN 2344422 AND 2345421
	Aggregate  (cost=3714.48..3714.49 rows=1 width=8)
	  ->  Bitmap Heap Scan on sbtest3  (cost=34.23..3712.09 rows=956 width=4)
	        Recheck Cond: ((id >= 2344422) AND (id <= 2345421))
	        ->  Bitmap Index Scan on sbtest3_pkey  (cost=0.00..34.00 rows=956 width=0)
	              Index Cond: ((id >= 2344422) AND (id <= 2345421))

table 4 : explain SELECT SUM(k) FROM sbtest4 WHERE id BETWEEN 2789 AND 3788
	Aggregate  (cost=4088.11..4088.12 rows=1 width=8)
	  ->  Index Scan using sbtest4_pkey on sbtest4  (cost=0.43..4085.49 rows=1046 width=4)
	        Index Cond: ((id >= 2789) AND (id <= 3788))

table 5 : explain SELECT SUM(k) FROM sbtest5 WHERE id BETWEEN 842990 AND 843989
	Aggregate  (cost=3993.65..3993.66 rows=1 width=8)
	  ->  Bitmap Heap Scan on sbtest5  (cost=34.98..3991.08 rows=1029 width=4)
	        Recheck Cond: ((id >= 842990) AND (id <= 843989))
	        ->  Bitmap Index Scan on sbtest5_pkey  (cost=0.00..34.73 rows=1029 width=0)
	              Index Cond: ((id >= 842990) AND (id <= 843989))

table 6 : explain SELECT SUM(k) FROM sbtest6 WHERE id BETWEEN 3782809 AND 3783808
	Aggregate  (cost=3929.87..3929.88 rows=1 width=8)
	  ->  Bitmap Heap Scan on sbtest6  (cost=34.81..3927.34 rows=1012 width=4)
	        Recheck Cond: ((id >= 3782809) AND (id <= 3783808))
	        ->  Bitmap Index Scan on sbtest6_pkey  (cost=0.00..34.56 rows=1012 width=0)
	              Index Cond: ((id >= 3782809) AND (id <= 3783808))

table 7 : explain SELECT SUM(k) FROM sbtest7 WHERE id BETWEEN 4717784 AND 4718783
	Aggregate  (cost=4013.23..4013.24 rows=1 width=8)
	  ->  Bitmap Heap Scan on sbtest7  (cost=35.03..4010.65 rows=1034 width=4)
	        Recheck Cond: ((id >= 4717784) AND (id <= 4718783))
	        ->  Bitmap Index Scan on sbtest7_pkey  (cost=0.00..34.78 rows=1034 width=0)
	              Index Cond: ((id >= 4717784) AND (id <= 4718783))

table 8 : explain SELECT SUM(k) FROM sbtest8 WHERE id BETWEEN 2860002 AND 2861001
	Aggregate  (cost=3672.79..3672.80 rows=1 width=8)
	  ->  Index Scan using sbtest8_pkey on sbtest8  (cost=0.43..3670.45 rows=935 width=4)
	        Index Cond: ((id >= 2860002) AND (id <= 2861001))

for: order_ranges
table 1 : explain SELECT c FROM sbtest1 WHERE id BETWEEN 4703270 AND 4704269 ORDER BY c
	Sort  (cost=3649.12..3651.44 rows=928 width=121)
	  Sort Key: c
	  ->  Bitmap Heap Scan on sbtest1  (cost=33.95..3603.37 rows=928 width=121)
	        Recheck Cond: ((id >= 4703270) AND (id <= 4704269))
	        ->  Bitmap Index Scan on sbtest1_pkey  (cost=0.00..33.72 rows=928 width=0)
	              Index Cond: ((id >= 4703270) AND (id <= 4704269))

table 2 : explain SELECT c FROM sbtest2 WHERE id BETWEEN 640541 AND 641540 ORDER BY c
	Sort  (cost=3833.16..3835.59 rows=975 width=121)
	  Sort Key: c
	  ->  Bitmap Heap Scan on sbtest2  (cost=34.43..3784.75 rows=975 width=121)
	        Recheck Cond: ((id >= 640541) AND (id <= 641540))
	        ->  Bitmap Index Scan on sbtest2_pkey  (cost=0.00..34.19 rows=975 width=0)
	              Index Cond: ((id >= 640541) AND (id <= 641540))

table 3 : explain SELECT c FROM sbtest3 WHERE id BETWEEN 606298 AND 607297 ORDER BY c
	Sort  (cost=3885.94..3888.42 rows=989 width=121)
	  Sort Key: c
	  ->  Bitmap Heap Scan on sbtest3  (cost=34.57..3836.74 rows=989 width=121)
	        Recheck Cond: ((id >= 606298) AND (id <= 607297))
	        ->  Bitmap Index Scan on sbtest3_pkey  (cost=0.00..34.33 rows=989 width=0)
	              Index Cond: ((id >= 606298) AND (id <= 607297))

table 4 : explain SELECT c FROM sbtest4 WHERE id BETWEEN 7518479 AND 7519478 ORDER BY c
	Sort  (cost=3826.47..3828.88 rows=967 width=121)
	  Sort Key: c
	  ->  Index Scan using sbtest4_pkey on sbtest4  (cost=0.43..3778.52 rows=967 width=121)
	        Index Cond: ((id >= 7518479) AND (id <= 7519478))

table 5 : explain SELECT c FROM sbtest5 WHERE id BETWEEN 8743571 AND 8744570 ORDER BY c
	Sort  (cost=3843.12..3845.56 rows=977 width=121)
	  Sort Key: c
	  ->  Bitmap Heap Scan on sbtest5  (cost=34.45..3794.60 rows=977 width=121)
	        Recheck Cond: ((id >= 8743571) AND (id <= 8744570))
	        ->  Bitmap Index Scan on sbtest5_pkey  (cost=0.00..34.20 rows=977 width=0)
	              Index Cond: ((id >= 8743571) AND (id <= 8744570))

table 6 : explain SELECT c FROM sbtest6 WHERE id BETWEEN 3035183 AND 3036182 ORDER BY c
	Sort  (cost=4150.32..4152.96 rows=1057 width=121)
	  Sort Key: c
	  ->  Bitmap Heap Scan on sbtest6  (cost=35.27..4097.23 rows=1057 width=121)
	        Recheck Cond: ((id >= 3035183) AND (id <= 3036182))
	        ->  Bitmap Index Scan on sbtest6_pkey  (cost=0.00..35.01 rows=1057 width=0)
	              Index Cond: ((id >= 3035183) AND (id <= 3036182))

table 7 : explain SELECT c FROM sbtest7 WHERE id BETWEEN 5154708 AND 5155707 ORDER BY c
	Sort  (cost=3834.82..3837.24 rows=966 width=121)
	  Sort Key: c
	  ->  Index Scan using sbtest7_pkey on sbtest7  (cost=0.43..3786.93 rows=966 width=121)
	        Index Cond: ((id >= 5154708) AND (id <= 5155707))

table 8 : explain SELECT c FROM sbtest8 WHERE id BETWEEN 9418814 AND 9419813 ORDER BY c
	Sort  (cost=4066.17..4068.76 rows=1035 width=121)
	  Sort Key: c
	  ->  Bitmap Heap Scan on sbtest8  (cost=35.04..4014.34 rows=1035 width=121)
	        Recheck Cond: ((id >= 9418814) AND (id <= 9419813))
	        ->  Bitmap Index Scan on sbtest8_pkey  (cost=0.00..34.79 rows=1035 width=0)
	              Index Cond: ((id >= 9418814) AND (id <= 9419813))

for: sum_ranges
table 1 : explain SELECT SUM(k) FROM sbtest1 WHERE id BETWEEN 432516 AND 433515
	Aggregate  (cost=3737.95..3737.96 rows=1 width=8)
	  ->  Bitmap Heap Scan on sbtest1  (cost=34.31..3735.54 rows=963 width=4)
	        Recheck Cond: ((id >= 432516) AND (id <= 433515))
	        ->  Bitmap Index Scan on sbtest1_pkey  (cost=0.00..34.07 rows=963 width=0)
	              Index Cond: ((id >= 432516) AND (id <= 433515))

table 2 : explain SELECT SUM(k) FROM sbtest2 WHERE id BETWEEN 190528 AND 191527
	Aggregate  (cost=3650.99..3651.00 rows=1 width=8)
	  ->  Bitmap Heap Scan on sbtest2  (cost=34.06..3648.65 rows=939 width=4)
	        Recheck Cond: ((id >= 190528) AND (id <= 191527))
	        ->  Bitmap Index Scan on sbtest2_pkey  (cost=0.00..33.83 rows=939 width=0)
	              Index Cond: ((id >= 190528) AND (id <= 191527))

table 3 : explain SELECT SUM(k) FROM sbtest3 WHERE id BETWEEN 1089995 AND 1090994
	Aggregate  (cost=4254.25..4254.26 rows=1 width=8)
	  ->  Bitmap Heap Scan on sbtest3  (cost=39.69..4251.51 rows=1098 width=4)
	        Recheck Cond: ((id >= 1089995) AND (id <= 1090994))
	        ->  Bitmap Index Scan on sbtest3_pkey  (cost=0.00..39.42 rows=1098 width=0)
	              Index Cond: ((id >= 1089995) AND (id <= 1090994))

table 4 : explain SELECT SUM(k) FROM sbtest4 WHERE id BETWEEN 6046998 AND 6047997
	Aggregate  (cost=3874.26..3874.27 rows=1 width=8)
	  ->  Index Scan using sbtest4_pkey on sbtest4  (cost=0.43..3871.79 rows=991 width=4)
	        Index Cond: ((id >= 6046998) AND (id <= 6047997))

table 5 : explain SELECT SUM(k) FROM sbtest5 WHERE id BETWEEN 2913541 AND 2914540
	Aggregate  (cost=3622.84..3622.85 rows=1 width=8)
	  ->  Bitmap Heap Scan on sbtest5  (cost=33.98..3620.51 rows=931 width=4)
	        Recheck Cond: ((id >= 2913541) AND (id <= 2914540))
	        ->  Bitmap Index Scan on sbtest5_pkey  (cost=0.00..33.75 rows=931 width=0)
	              Index Cond: ((id >= 2913541) AND (id <= 2914540))

table 6 : explain SELECT SUM(k) FROM sbtest6 WHERE id BETWEEN 5304442 AND 5305441
	Aggregate  (cost=3805.05..3805.06 rows=1 width=8)
	  ->  Bitmap Heap Scan on sbtest6  (cost=34.47..3802.60 rows=979 width=4)
	        Recheck Cond: ((id >= 5304442) AND (id <= 5305441))
	        ->  Bitmap Index Scan on sbtest6_pkey  (cost=0.00..34.23 rows=979 width=0)
	              Index Cond: ((id >= 5304442) AND (id <= 5305441))

table 7 : explain SELECT SUM(k) FROM sbtest7 WHERE id BETWEEN 9249592 AND 9250591
	Aggregate  (cost=4069.89..4069.90 rows=1 width=8)
	  ->  Bitmap Heap Scan on sbtest7  (cost=35.19..4067.27 rows=1049 width=4)
	        Recheck Cond: ((id >= 9249592) AND (id <= 9250591))
	        ->  Bitmap Index Scan on sbtest7_pkey  (cost=0.00..34.93 rows=1049 width=0)
	              Index Cond: ((id >= 9249592) AND (id <= 9250591))

table 8 : explain SELECT SUM(k) FROM sbtest8 WHERE id BETWEEN 9516440 AND 9517439
	Aggregate  (cost=3971.58..3971.59 rows=1 width=8)
	  ->  Bitmap Heap Scan on sbtest8  (cost=34.92..3969.02 rows=1023 width=4)
	        Recheck Cond: ((id >= 9516440) AND (id <= 9517439))
	        ->  Bitmap Index Scan on sbtest8_pkey  (cost=0.00..34.67 rows=1023 width=0)
	              Index Cond: ((id >= 9516440) AND (id <= 9517439))

for point_selects
table 1 : explain SELECT c FROM sbtest1 WHERE id=3865300
	Index Scan using sbtest1_pkey on sbtest1  (cost=0.43..8.45 rows=1 width=121)
	  Index Cond: (id = 3865300)

table 2 : explain SELECT c FROM sbtest2 WHERE id=1834543
	Index Scan using sbtest2_pkey on sbtest2  (cost=0.43..8.45 rows=1 width=121)
	  Index Cond: (id = 1834543)

table 3 : explain SELECT c FROM sbtest3 WHERE id=9554461
	Index Scan using sbtest3_pkey on sbtest3  (cost=0.43..8.45 rows=1 width=121)
	  Index Cond: (id = 9554461)

table 4 : explain SELECT c FROM sbtest4 WHERE id=5427094
	Index Scan using sbtest4_pkey on sbtest4  (cost=0.43..8.45 rows=1 width=121)
	  Index Cond: (id = 5427094)

table 5 : explain SELECT c FROM sbtest5 WHERE id=8274966
	Index Scan using sbtest5_pkey on sbtest5  (cost=0.43..8.45 rows=1 width=121)
	  Index Cond: (id = 8274966)

table 6 : explain SELECT c FROM sbtest6 WHERE id=2327547
	Index Scan using sbtest6_pkey on sbtest6  (cost=0.43..8.45 rows=1 width=121)
	  Index Cond: (id = 2327547)

table 7 : explain SELECT c FROM sbtest7 WHERE id=7374439
	Index Scan using sbtest7_pkey on sbtest7  (cost=0.43..8.45 rows=1 width=121)
	  Index Cond: (id = 7374439)

table 8 : explain SELECT c FROM sbtest8 WHERE id=6444064
	Index Scan using sbtest8_pkey on sbtest8  (cost=0.43..8.45 rows=1 width=121)
	  Index Cond: (id = 6444064)

explain: for point_selects :: explain SELECT c FROM sbtest%u WHERE id=%u
for: order_ranges
table 1 : explain SELECT c FROM sbtest1 WHERE id BETWEEN 4898457 AND 4899456 ORDER BY c
	Sort  (cost=3932.57..3935.07 rows=1002 width=121)
	  Sort Key: c
	  ->  Bitmap Heap Scan on sbtest1  (cost=34.71..3882.62 rows=1002 width=121)
	        Recheck Cond: ((id >= 4898457) AND (id <= 4899456))
	        ->  Bitmap Index Scan on sbtest1_pkey  (cost=0.00..34.45 rows=1002 width=0)
	              Index Cond: ((id >= 4898457) AND (id <= 4899456))

table 2 : explain SELECT c FROM sbtest2 WHERE id BETWEEN 314147 AND 315146 ORDER BY c
	Sort  (cost=4124.29..4126.92 rows=1051 width=121)
	  Sort Key: c
	  ->  Bitmap Heap Scan on sbtest2  (cost=35.21..4071.55 rows=1051 width=121)
	        Recheck Cond: ((id >= 314147) AND (id <= 315146))
	        ->  Bitmap Index Scan on sbtest2_pkey  (cost=0.00..34.95 rows=1051 width=0)
	              Index Cond: ((id >= 314147) AND (id <= 315146))

table 3 : explain SELECT c FROM sbtest3 WHERE id BETWEEN 721714 AND 722713 ORDER BY c
	Sort  (cost=3532.71..3534.96 rows=898 width=121)
	  Sort Key: c
	  ->  Bitmap Heap Scan on sbtest3  (cost=29.64..3488.66 rows=898 width=121)
	        Recheck Cond: ((id >= 721714) AND (id <= 722713))
	        ->  Bitmap Index Scan on sbtest3_pkey  (cost=0.00..29.41 rows=898 width=0)
	              Index Cond: ((id >= 721714) AND (id <= 722713))

table 4 : explain SELECT c FROM sbtest4 WHERE id BETWEEN 677485 AND 678484 ORDER BY c
	Sort  (cost=4264.18..4266.87 rows=1078 width=121)
	  Sort Key: c
	  ->  Index Scan using sbtest4_pkey on sbtest4  (cost=0.43..4209.88 rows=1078 width=121)
	        Index Cond: ((id >= 677485) AND (id <= 678484))

table 5 : explain SELECT c FROM sbtest5 WHERE id BETWEEN 4449676 AND 4450675 ORDER BY c
	Sort  (cost=4272.31..4275.03 rows=1089 width=121)
	  Sort Key: c
	  ->  Bitmap Heap Scan on sbtest5  (cost=35.60..4217.37 rows=1089 width=121)
	        Recheck Cond: ((id >= 4449676) AND (id <= 4450675))
	        ->  Bitmap Index Scan on sbtest5_pkey  (cost=0.00..35.33 rows=1089 width=0)
	              Index Cond: ((id >= 4449676) AND (id <= 4450675))

table 6 : explain SELECT c FROM sbtest6 WHERE id BETWEEN 159405 AND 160404 ORDER BY c
	Sort  (cost=3993.20..3995.74 rows=1016 width=121)
	  Sort Key: c
	  ->  Bitmap Heap Scan on sbtest6  (cost=34.85..3942.45 rows=1016 width=121)
	        Recheck Cond: ((id >= 159405) AND (id <= 160404))
	        ->  Bitmap Index Scan on sbtest6_pkey  (cost=0.00..34.59 rows=1016 width=0)
	              Index Cond: ((id >= 159405) AND (id <= 160404))

table 7 : explain SELECT c FROM sbtest7 WHERE id BETWEEN 6347713 AND 6348712 ORDER BY c
	Sort  (cost=3755.70..3758.06 rows=946 width=121)
	  Sort Key: c
	  ->  Index Scan using sbtest7_pkey on sbtest7  (cost=0.43..3708.94 rows=946 width=121)
	        Index Cond: ((id >= 6347713) AND (id <= 6348712))

table 8 : explain SELECT c FROM sbtest8 WHERE id BETWEEN 6085089 AND 6086088 ORDER BY c
	Sort  (cost=3912.77..3915.26 rows=995 width=121)
	  Sort Key: c
	  ->  Bitmap Heap Scan on sbtest8  (cost=34.63..3863.23 rows=995 width=121)
	        Recheck Cond: ((id >= 6085089) AND (id <= 6086088))
	        ->  Bitmap Index Scan on sbtest8_pkey  (cost=0.00..34.39 rows=995 width=0)
	              Index Cond: ((id >= 6085089) AND (id <= 6086088))

for: order_ranges
table 1 : explain SELECT c FROM sbtest1 WHERE id BETWEEN 6180088 AND 6181087 ORDER BY c
	Sort  (cost=4264.97..4267.69 rows=1089 width=121)
	  Sort Key: c
	  ->  Bitmap Heap Scan on sbtest1  (cost=35.60..4210.04 rows=1089 width=121)
	        Recheck Cond: ((id >= 6180088) AND (id <= 6181087))
	        ->  Bitmap Index Scan on sbtest1_pkey  (cost=0.00..35.33 rows=1089 width=0)
	              Index Cond: ((id >= 6180088) AND (id <= 6181087))

table 2 : explain SELECT c FROM sbtest2 WHERE id BETWEEN 6615826 AND 6616825 ORDER BY c
	Sort  (cost=3760.26..3762.65 rows=956 width=121)
	  Sort Key: c
	  ->  Bitmap Heap Scan on sbtest2  (cost=34.23..3712.94 rows=956 width=121)
	        Recheck Cond: ((id >= 6615826) AND (id <= 6616825))
	        ->  Bitmap Index Scan on sbtest2_pkey  (cost=0.00..34.00 rows=956 width=0)
	              Index Cond: ((id >= 6615826) AND (id <= 6616825))

table 3 : explain SELECT c FROM sbtest3 WHERE id BETWEEN 7849168 AND 7850167 ORDER BY c
	Sort  (cost=4035.31..4037.88 rows=1028 width=121)
	  Sort Key: c
	  ->  Bitmap Heap Scan on sbtest3  (cost=34.97..3983.88 rows=1028 width=121)
	        Recheck Cond: ((id >= 7849168) AND (id <= 7850167))
	        ->  Bitmap Index Scan on sbtest3_pkey  (cost=0.00..34.72 rows=1028 width=0)
	              Index Cond: ((id >= 7849168) AND (id <= 7850167))

table 4 : explain SELECT c FROM sbtest4 WHERE id BETWEEN 4766537 AND 4767536 ORDER BY c
	Sort  (cost=3530.70..3532.93 rows=893 width=121)
	  Sort Key: c
	  ->  Index Scan using sbtest4_pkey on sbtest4  (cost=0.43..3486.93 rows=893 width=121)
	        Index Cond: ((id >= 4766537) AND (id <= 4767536))

table 5 : explain SELECT c FROM sbtest5 WHERE id BETWEEN 2874745 AND 2875744 ORDER BY c
	Sort  (cost=4517.11..4519.99 rows=1152 width=121)
	  Sort Key: c
	  ->  Bitmap Heap Scan on sbtest5  (cost=40.24..4458.53 rows=1152 width=121)
	        Recheck Cond: ((id >= 2874745) AND (id <= 2875744))
	        ->  Bitmap Index Scan on sbtest5_pkey  (cost=0.00..39.95 rows=1152 width=0)
	              Index Cond: ((id >= 2874745) AND (id <= 2875744))

table 6 : explain SELECT c FROM sbtest6 WHERE id BETWEEN 8617334 AND 8618333 ORDER BY c
	Sort  (cost=3874.26..3876.73 rows=985 width=121)
	  Sort Key: c
	  ->  Bitmap Heap Scan on sbtest6  (cost=34.53..3825.29 rows=985 width=121)
	        Recheck Cond: ((id >= 8617334) AND (id <= 8618333))
	        ->  Bitmap Index Scan on sbtest6_pkey  (cost=0.00..34.29 rows=985 width=0)
	              Index Cond: ((id >= 8617334) AND (id <= 8618333))

table 7 : explain SELECT c FROM sbtest7 WHERE id BETWEEN 9939136 AND 9940135 ORDER BY c
	Sort  (cost=3957.45..3959.94 rows=997 width=121)
	  Sort Key: c
	  ->  Index Scan using sbtest7_pkey on sbtest7  (cost=0.43..3907.79 rows=997 width=121)
	        Index Cond: ((id >= 9939136) AND (id <= 9940135))

table 8 : explain SELECT c FROM sbtest8 WHERE id BETWEEN 1574851 AND 1575850 ORDER BY c
	Sort  (cost=4280.62..4283.35 rows=1091 width=121)
	  Sort Key: c
	  ->  Bitmap Heap Scan on sbtest8  (cost=35.62..4225.57 rows=1091 width=121)
	        Recheck Cond: ((id >= 1574851) AND (id <= 1575850))
	        ->  Bitmap Index Scan on sbtest8_pkey  (cost=0.00..35.34 rows=1091 width=0)
	              Index Cond: ((id >= 1574851) AND (id <= 1575850))

for: sum_ranges
table 1 : explain SELECT SUM(k) FROM sbtest1 WHERE id BETWEEN 9127124 AND 9128123
	Aggregate  (cost=3930.38..3930.39 rows=1 width=8)
	  ->  Bitmap Heap Scan on sbtest1  (cost=34.83..3927.84 rows=1014 width=4)
	        Recheck Cond: ((id >= 9127124) AND (id <= 9128123))
	        ->  Bitmap Index Scan on sbtest1_pkey  (cost=0.00..34.58 rows=1014 width=0)
	              Index Cond: ((id >= 9127124) AND (id <= 9128123))

table 2 : explain SELECT SUM(k) FROM sbtest2 WHERE id BETWEEN 5107977 AND 5108976
	Aggregate  (cost=4017.59..4017.60 rows=1 width=8)
	  ->  Bitmap Heap Scan on sbtest2  (cost=35.05..4015.00 rows=1036 width=4)
	        Recheck Cond: ((id >= 5107977) AND (id <= 5108976))
	        ->  Bitmap Index Scan on sbtest2_pkey  (cost=0.00..34.80 rows=1036 width=0)
	              Index Cond: ((id >= 5107977) AND (id <= 5108976))

table 3 : explain SELECT SUM(k) FROM sbtest3 WHERE id BETWEEN 9457382 AND 9458381
	Aggregate  (cost=4076.97..4076.98 rows=1 width=8)
	  ->  Bitmap Heap Scan on sbtest3  (cost=35.22..4074.34 rows=1052 width=4)
	        Recheck Cond: ((id >= 9457382) AND (id <= 9458381))
	        ->  Bitmap Index Scan on sbtest3_pkey  (cost=0.00..34.95 rows=1052 width=0)
	              Index Cond: ((id >= 9457382) AND (id <= 9458381))

table 4 : explain SELECT SUM(k) FROM sbtest4 WHERE id BETWEEN 5669591 AND 5670590
	Aggregate  (cost=4029.80..4029.81 rows=1 width=8)
	  ->  Index Scan using sbtest4_pkey on sbtest4  (cost=0.43..4027.22 rows=1031 width=4)
	        Index Cond: ((id >= 5669591) AND (id <= 5670590))

table 5 : explain SELECT SUM(k) FROM sbtest5 WHERE id BETWEEN 4346273 AND 4347272
	Aggregate  (cost=3914.29..3914.30 rows=1 width=8)
	  ->  Bitmap Heap Scan on sbtest5  (cost=34.77..3911.77 rows=1008 width=4)
	        Recheck Cond: ((id >= 4346273) AND (id <= 4347272))
	        ->  Bitmap Index Scan on sbtest5_pkey  (cost=0.00..34.52 rows=1008 width=0)
	              Index Cond: ((id >= 4346273) AND (id <= 4347272))

table 6 : explain SELECT SUM(k) FROM sbtest6 WHERE id BETWEEN 1594112 AND 1595111
	Aggregate  (cost=3676.30..3676.31 rows=1 width=8)
	  ->  Bitmap Heap Scan on sbtest6  (cost=34.12..3673.94 rows=945 width=4)
	        Recheck Cond: ((id >= 1594112) AND (id <= 1595111))
	        ->  Bitmap Index Scan on sbtest6_pkey  (cost=0.00..33.89 rows=945 width=0)
	              Index Cond: ((id >= 1594112) AND (id <= 1595111))

table 7 : explain SELECT SUM(k) FROM sbtest7 WHERE id BETWEEN 2023650 AND 2024649
	Aggregate  (cost=4062.34..4062.35 rows=1 width=8)
	  ->  Bitmap Heap Scan on sbtest7  (cost=35.17..4059.72 rows=1047 width=4)
	        Recheck Cond: ((id >= 2023650) AND (id <= 2024649))
	        ->  Bitmap Index Scan on sbtest7_pkey  (cost=0.00..34.91 rows=1047 width=0)
	              Index Cond: ((id >= 2023650) AND (id <= 2024649))

table 8 : explain SELECT SUM(k) FROM sbtest8 WHERE id BETWEEN 995973 AND 996972
	Aggregate  (cost=3918.66..3918.67 rows=1 width=8)
	  ->  Bitmap Heap Scan on sbtest8  (cost=34.78..3916.14 rows=1009 width=4)
	        Recheck Cond: ((id >= 995973) AND (id <= 996972))
	        ->  Bitmap Index Scan on sbtest8_pkey  (cost=0.00..34.53 rows=1009 width=0)
	              Index Cond: ((id >= 995973) AND (id <= 996972))

for: sum_ranges
table 1 : explain SELECT SUM(k) FROM sbtest1 WHERE id BETWEEN 5878545 AND 5879544
	Aggregate  (cost=3692.62..3692.63 rows=1 width=8)
	  ->  Bitmap Heap Scan on sbtest1  (cost=34.18..3690.25 rows=951 width=4)
	        Recheck Cond: ((id >= 5878545) AND (id <= 5879544))
	        ->  Bitmap Index Scan on sbtest1_pkey  (cost=0.00..33.95 rows=951 width=0)
	              Index Cond: ((id >= 5878545) AND (id <= 5879544))

table 2 : explain SELECT SUM(k) FROM sbtest2 WHERE id BETWEEN 1529412 AND 1530411
	Aggregate  (cost=4081.72..4081.73 rows=1 width=8)
	  ->  Bitmap Heap Scan on sbtest2  (cost=35.23..4079.08 rows=1053 width=4)
	        Recheck Cond: ((id >= 1529412) AND (id <= 1530411))
	        ->  Bitmap Index Scan on sbtest2_pkey  (cost=0.00..34.97 rows=1053 width=0)
	              Index Cond: ((id >= 1529412) AND (id <= 1530411))

table 3 : explain SELECT SUM(k) FROM sbtest3 WHERE id BETWEEN 5567244 AND 5568243
	Aggregate  (cost=3748.51..3748.52 rows=1 width=8)
	  ->  Bitmap Heap Scan on sbtest3  (cost=34.33..3746.10 rows=965 width=4)
	        Recheck Cond: ((id >= 5567244) AND (id <= 5568243))
	        ->  Bitmap Index Scan on sbtest3_pkey  (cost=0.00..34.09 rows=965 width=0)
	              Index Cond: ((id >= 5567244) AND (id <= 5568243))

table 4 : explain SELECT SUM(k) FROM sbtest4 WHERE id BETWEEN 1829022 AND 1830021
	Aggregate  (cost=4442.08..4442.09 rows=1 width=8)
	  ->  Index Scan using sbtest4_pkey on sbtest4  (cost=0.43..4439.24 rows=1136 width=4)
	        Index Cond: ((id >= 1829022) AND (id <= 1830021))

table 5 : explain SELECT SUM(k) FROM sbtest5 WHERE id BETWEEN 1654708 AND 1655707
	Aggregate  (cost=3921.85..3921.86 rows=1 width=8)
	  ->  Bitmap Heap Scan on sbtest5  (cost=34.79..3919.32 rows=1010 width=4)
	        Recheck Cond: ((id >= 1654708) AND (id <= 1655707))
	        ->  Bitmap Index Scan on sbtest5_pkey  (cost=0.00..34.54 rows=1010 width=0)
	              Index Cond: ((id >= 1654708) AND (id <= 1655707))

table 6 : explain SELECT SUM(k) FROM sbtest6 WHERE id BETWEEN 5349992 AND 5350991
	Aggregate  (cost=3805.05..3805.06 rows=1 width=8)
	  ->  Bitmap Heap Scan on sbtest6  (cost=34.47..3802.60 rows=979 width=4)
	        Recheck Cond: ((id >= 5349992) AND (id <= 5350991))
	        ->  Bitmap Index Scan on sbtest6_pkey  (cost=0.00..34.23 rows=979 width=0)
	              Index Cond: ((id >= 5349992) AND (id <= 5350991))

table 7 : explain SELECT SUM(k) FROM sbtest7 WHERE id BETWEEN 5047954 AND 5048953
	Aggregate  (cost=3680.10..3680.11 rows=1 width=8)
	  ->  Index Scan using sbtest7_pkey on sbtest7  (cost=0.43..3677.76 rows=938 width=4)
	        Index Cond: ((id >= 5047954) AND (id <= 5048953))

table 8 : explain SELECT SUM(k) FROM sbtest8 WHERE id BETWEEN 1570860 AND 1571859
	Aggregate  (cost=4228.30..4228.31 rows=1 width=8)
	  ->  Bitmap Heap Scan on sbtest8  (cost=35.62..4225.57 rows=1091 width=4)
	        Recheck Cond: ((id >= 1570860) AND (id <= 1571859))
	        ->  Bitmap Index Scan on sbtest8_pkey  (cost=0.00..35.34 rows=1091 width=0)
	              Index Cond: ((id >= 1570860) AND (id <= 1571859))

for: order_ranges
table 1 : explain SELECT c FROM sbtest1 WHERE id BETWEEN 7333892 AND 7334891 ORDER BY c
	Sort  (cost=3894.30..3896.78 rows=992 width=121)
	  Sort Key: c
	  ->  Bitmap Heap Scan on sbtest1  (cost=34.60..3844.93 rows=992 width=121)
	        Recheck Cond: ((id >= 7333892) AND (id <= 7334891))
	        ->  Bitmap Index Scan on sbtest1_pkey  (cost=0.00..34.36 rows=992 width=0)
	              Index Cond: ((id >= 7333892) AND (id <= 7334891))

table 2 : explain SELECT c FROM sbtest2 WHERE id BETWEEN 9944415 AND 9945414 ORDER BY c
	Sort  (cost=3840.83..3843.27 rows=977 width=121)
	  Sort Key: c
	  ->  Bitmap Heap Scan on sbtest2  (cost=34.45..3792.31 rows=977 width=121)
	        Recheck Cond: ((id >= 9944415) AND (id <= 9945414))
	        ->  Bitmap Index Scan on sbtest2_pkey  (cost=0.00..34.20 rows=977 width=0)
	              Index Cond: ((id >= 9944415) AND (id <= 9945414))

table 3 : explain SELECT c FROM sbtest3 WHERE id BETWEEN 5853289 AND 5854288 ORDER BY c
	Sort  (cost=3824.61..3827.05 rows=973 width=121)
	  Sort Key: c
	  ->  Bitmap Heap Scan on sbtest3  (cost=34.41..3776.32 rows=973 width=121)
	        Recheck Cond: ((id >= 5853289) AND (id <= 5854288))
	        ->  Bitmap Index Scan on sbtest3_pkey  (cost=0.00..34.17 rows=973 width=0)
	              Index Cond: ((id >= 5853289) AND (id <= 5854288))

table 4 : explain SELECT c FROM sbtest4 WHERE id BETWEEN 8046677 AND 8047676 ORDER BY c
	Sort  (cost=4540.29..4543.16 rows=1147 width=121)
	  Sort Key: c
	  ->  Index Scan using sbtest4_pkey on sbtest4  (cost=0.43..4482.01 rows=1147 width=121)
	        Index Cond: ((id >= 8046677) AND (id <= 8047676))

table 5 : explain SELECT c FROM sbtest5 WHERE id BETWEEN 9627790 AND 9628789 ORDER BY c
	Sort  (cost=3985.06..3987.60 rows=1014 width=121)
	  Sort Key: c
	  ->  Bitmap Heap Scan on sbtest5  (cost=34.83..3934.43 rows=1014 width=121)
	        Recheck Cond: ((id >= 9627790) AND (id <= 9628789))
	        ->  Bitmap Index Scan on sbtest5_pkey  (cost=0.00..34.58 rows=1014 width=0)
	              Index Cond: ((id >= 9627790) AND (id <= 9628789))

table 6 : explain SELECT c FROM sbtest6 WHERE id BETWEEN 1187310 AND 1188309 ORDER BY c
	Sort  (cost=3697.58..3699.93 rows=939 width=121)
	  Sort Key: c
	  ->  Bitmap Heap Scan on sbtest6  (cost=34.06..3651.22 rows=939 width=121)
	        Recheck Cond: ((id >= 1187310) AND (id <= 1188309))
	        ->  Bitmap Index Scan on sbtest6_pkey  (cost=0.00..33.83 rows=939 width=0)
	              Index Cond: ((id >= 1187310) AND (id <= 1188309))

table 7 : explain SELECT c FROM sbtest7 WHERE id BETWEEN 9120388 AND 9121387 ORDER BY c
	Sort  (cost=4142.89..4145.52 rows=1055 width=121)
	  Sort Key: c
	  ->  Bitmap Heap Scan on sbtest7  (cost=35.25..4089.91 rows=1055 width=121)
	        Recheck Cond: ((id >= 9120388) AND (id <= 9121387))
	        ->  Bitmap Index Scan on sbtest7_pkey  (cost=0.00..34.98 rows=1055 width=0)
	              Index Cond: ((id >= 9120388) AND (id <= 9121387))

table 8 : explain SELECT c FROM sbtest8 WHERE id BETWEEN 6013691 AND 6014690 ORDER BY c
	Sort  (cost=3912.77..3915.26 rows=995 width=121)
	  Sort Key: c
	  ->  Bitmap Heap Scan on sbtest8  (cost=34.63..3863.23 rows=995 width=121)
	        Recheck Cond: ((id >= 6013691) AND (id <= 6014690))
	        ->  Bitmap Index Scan on sbtest8_pkey  (cost=0.00..34.39 rows=995 width=0)
	              Index Cond: ((id >= 6013691) AND (id <= 6014690))

for: distinct_ranges
table 1 : explain SELECT DISTINCT c FROM sbtest1 WHERE id BETWEEN 6267957 AND 6268956 ORDER BY c
	Unique  (cost=3721.96..3726.69 rows=947 width=121)
	  ->  Sort  (cost=3721.96..3724.33 rows=947 width=121)
	        Sort Key: c
	        ->  Bitmap Heap Scan on sbtest1  (cost=34.14..3675.14 rows=947 width=121)
	              Recheck Cond: ((id >= 6267957) AND (id <= 6268956))
	              ->  Bitmap Index Scan on sbtest1_pkey  (cost=0.00..33.91 rows=947 width=0)
	                    Index Cond: ((id >= 6267957) AND (id <= 6268956))

table 2 : explain SELECT DISTINCT c FROM sbtest2 WHERE id BETWEEN 1412946 AND 1413945 ORDER BY c
	Unique  (cost=4028.60..4033.73 rows=1026 width=121)
	  ->  Sort  (cost=4028.60..4031.16 rows=1026 width=121)
	        Sort Key: c
	        ->  Bitmap Heap Scan on sbtest2  (cost=34.95..3977.28 rows=1026 width=121)
	              Recheck Cond: ((id >= 1412946) AND (id <= 1413945))
	              ->  Bitmap Index Scan on sbtest2_pkey  (cost=0.00..34.70 rows=1026 width=0)
	                    Index Cond: ((id >= 1412946) AND (id <= 1413945))

table 3 : explain SELECT DISTINCT c FROM sbtest3 WHERE id BETWEEN 212342 AND 213341 ORDER BY c
	Unique  (cost=4050.62..4055.78 rows=1032 width=121)
	  ->  Sort  (cost=4050.62..4053.20 rows=1032 width=121)
	        Sort Key: c
	        ->  Bitmap Heap Scan on sbtest3  (cost=35.01..3998.96 rows=1032 width=121)
	              Recheck Cond: ((id >= 212342) AND (id <= 213341))
	              ->  Bitmap Index Scan on sbtest3_pkey  (cost=0.00..34.76 rows=1032 width=0)
	                    Index Cond: ((id >= 212342) AND (id <= 213341))

table 4 : explain SELECT DISTINCT c FROM sbtest4 WHERE id BETWEEN 4469381 AND 4470380 ORDER BY c
	Unique  (cost=3688.48..3693.14 rows=932 width=121)
	  ->  Sort  (cost=3688.48..3690.81 rows=932 width=121)
	        Sort Key: c
	        ->  Index Scan using sbtest4_pkey on sbtest4  (cost=0.43..3642.51 rows=932 width=121)
	              Index Cond: ((id >= 4469381) AND (id <= 4470380))

table 5 : explain SELECT DISTINCT c FROM sbtest5 WHERE id BETWEEN 9871035 AND 9872034 ORDER BY c
	Unique  (cost=3831.60..3836.47 rows=974 width=121)
	  ->  Sort  (cost=3831.60..3834.04 rows=974 width=121)
	        Sort Key: c
	        ->  Bitmap Heap Scan on sbtest5  (cost=34.42..3783.25 rows=974 width=121)
	              Recheck Cond: ((id >= 9871035) AND (id <= 9872034))
	              ->  Bitmap Index Scan on sbtest5_pkey  (cost=0.00..34.18 rows=974 width=0)
	                    Index Cond: ((id >= 9871035) AND (id <= 9872034))

table 6 : explain SELECT DISTINCT c FROM sbtest6 WHERE id BETWEEN 1965639 AND 1966638 ORDER BY c
	Unique  (cost=3870.43..3875.35 rows=984 width=121)
	  ->  Sort  (cost=3870.43..3872.89 rows=984 width=121)
	        Sort Key: c
	        ->  Bitmap Heap Scan on sbtest6  (cost=34.52..3821.51 rows=984 width=121)
	              Recheck Cond: ((id >= 1965639) AND (id <= 1966638))
	              ->  Bitmap Index Scan on sbtest6_pkey  (cost=0.00..34.28 rows=984 width=0)
	                    Index Cond: ((id >= 1965639) AND (id <= 1966638))

table 7 : explain SELECT DISTINCT c FROM sbtest7 WHERE id BETWEEN 8921386 AND 8922385 ORDER BY c
	Unique  (cost=4016.42..4021.53 rows=1022 width=121)
	  ->  Sort  (cost=4016.42..4018.97 rows=1022 width=121)
	        Sort Key: c
	        ->  Bitmap Heap Scan on sbtest7  (cost=34.91..3965.33 rows=1022 width=121)
	              Recheck Cond: ((id >= 8921386) AND (id <= 8922385))
	              ->  Bitmap Index Scan on sbtest7_pkey  (cost=0.00..34.66 rows=1022 width=0)
	                    Index Cond: ((id >= 8921386) AND (id <= 8922385))

table 8 : explain SELECT DISTINCT c FROM sbtest8 WHERE id BETWEEN 9710613 AND 9711612 ORDER BY c
	Unique  (cost=4008.67..4013.77 rows=1020 width=121)
	  ->  Sort  (cost=4008.67..4011.22 rows=1020 width=121)
	        Sort Key: c
	        ->  Bitmap Heap Scan on sbtest8  (cost=34.89..3957.69 rows=1020 width=121)
	              Recheck Cond: ((id >= 9710613) AND (id <= 9711612))
	              ->  Bitmap Index Scan on sbtest8_pkey  (cost=0.00..34.64 rows=1020 width=0)
	                    Index Cond: ((id >= 9710613) AND (id <= 9711612))

for: order_ranges
table 1 : explain SELECT c FROM sbtest1 WHERE id BETWEEN 9936190 AND 9937189 ORDER BY c
	Sort  (cost=4104.61..4107.23 rows=1047 width=121)
	  Sort Key: c
	  ->  Bitmap Heap Scan on sbtest1  (cost=35.17..4052.09 rows=1047 width=121)
	        Recheck Cond: ((id >= 9936190) AND (id <= 9937189))
	        ->  Bitmap Index Scan on sbtest1_pkey  (cost=0.00..34.91 rows=1047 width=0)
	              Index Cond: ((id >= 9936190) AND (id <= 9937189))

table 2 : explain SELECT c FROM sbtest2 WHERE id BETWEEN 9547384 AND 9548383 ORDER BY c
	Sort  (cost=3767.94..3770.33 rows=958 width=121)
	  Sort Key: c
	  ->  Bitmap Heap Scan on sbtest2  (cost=34.25..3720.50 rows=958 width=121)
	        Recheck Cond: ((id >= 9547384) AND (id <= 9548383))
	        ->  Bitmap Index Scan on sbtest2_pkey  (cost=0.00..34.02 rows=958 width=0)
	              Index Cond: ((id >= 9547384) AND (id <= 9548383))

table 3 : explain SELECT c FROM sbtest3 WHERE id BETWEEN 4538542 AND 4539541 ORDER BY c
	Sort  (cost=4226.55..4229.24 rows=1078 width=121)
	  Sort Key: c
	  ->  Bitmap Heap Scan on sbtest3  (cost=35.48..4172.25 rows=1078 width=121)
	        Recheck Cond: ((id >= 4538542) AND (id <= 4539541))
	        ->  Bitmap Index Scan on sbtest3_pkey  (cost=0.00..35.22 rows=1078 width=0)
	              Index Cond: ((id >= 4538542) AND (id <= 4539541))

table 4 : explain SELECT c FROM sbtest4 WHERE id BETWEEN 6825791 AND 6826790 ORDER BY c
	Sort  (cost=4051.22..4053.78 rows=1024 width=121)
	  Sort Key: c
	  ->  Index Scan using sbtest4_pkey on sbtest4  (cost=0.43..4000.02 rows=1024 width=121)
	        Index Cond: ((id >= 6825791) AND (id <= 6826790))

table 5 : explain SELECT c FROM sbtest5 WHERE id BETWEEN 982565 AND 983564 ORDER BY c
	Sort  (cost=3762.48..3764.87 rows=956 width=121)
	  Sort Key: c
	  ->  Bitmap Heap Scan on sbtest5  (cost=34.23..3715.16 rows=956 width=121)
	        Recheck Cond: ((id >= 982565) AND (id <= 983564))
	        ->  Bitmap Index Scan on sbtest5_pkey  (cost=0.00..34.00 rows=956 width=0)
	              Index Cond: ((id >= 982565) AND (id <= 983564))

table 6 : explain SELECT c FROM sbtest6 WHERE id BETWEEN 2979787 AND 2980786 ORDER BY c
	Sort  (cost=4498.57..4501.44 rows=1147 width=121)
	  Sort Key: c
	  ->  Bitmap Heap Scan on sbtest6  (cost=40.19..4440.28 rows=1147 width=121)
	        Recheck Cond: ((id >= 2979787) AND (id <= 2980786))
	        ->  Bitmap Index Scan on sbtest6_pkey  (cost=0.00..39.91 rows=1147 width=0)
	              Index Cond: ((id >= 2979787) AND (id <= 2980786))

table 7 : explain SELECT c FROM sbtest7 WHERE id BETWEEN 7896204 AND 7897203 ORDER BY c
	Sort  (cost=4089.25..4091.85 rows=1041 width=121)
	  Sort Key: c
	  ->  Bitmap Heap Scan on sbtest7  (cost=35.11..4037.07 rows=1041 width=121)
	        Recheck Cond: ((id >= 7896204) AND (id <= 7897203))
	        ->  Bitmap Index Scan on sbtest7_pkey  (cost=0.00..34.84 rows=1041 width=0)
	              Index Cond: ((id >= 7896204) AND (id <= 7897203))

table 8 : explain SELECT c FROM sbtest8 WHERE id BETWEEN 1986815 AND 1987814 ORDER BY c
	Sort  (cost=4043.17..4045.74 rows=1029 width=121)
	  Sort Key: c
	  ->  Bitmap Heap Scan on sbtest8  (cost=34.98..3991.68 rows=1029 width=121)
	        Recheck Cond: ((id >= 1986815) AND (id <= 1987814))
	        ->  Bitmap Index Scan on sbtest8_pkey  (cost=0.00..34.73 rows=1029 width=0)
	              Index Cond: ((id >= 1986815) AND (id <= 1987814))

for: sum_ranges
table 1 : explain SELECT SUM(k) FROM sbtest1 WHERE id BETWEEN 7108760 AND 7109759
	Aggregate  (cost=3994.44..3994.45 rows=1 width=8)
	  ->  Bitmap Heap Scan on sbtest1  (cost=35.00..3991.87 rows=1031 width=4)
	        Recheck Cond: ((id >= 7108760) AND (id <= 7109759))
	        ->  Bitmap Index Scan on sbtest1_pkey  (cost=0.00..34.75 rows=1031 width=0)
	              Index Cond: ((id >= 7108760) AND (id <= 7109759))

table 2 : explain SELECT SUM(k) FROM sbtest2 WHERE id BETWEEN 9822492 AND 9823491
	Aggregate  (cost=3991.17..3991.18 rows=1 width=8)
	  ->  Bitmap Heap Scan on sbtest2  (cost=34.98..3988.60 rows=1029 width=4)
	        Recheck Cond: ((id >= 9822492) AND (id <= 9823491))
	        ->  Bitmap Index Scan on sbtest2_pkey  (cost=0.00..34.73 rows=1029 width=0)
	              Index Cond: ((id >= 9822492) AND (id <= 9823491))

table 3 : explain SELECT SUM(k) FROM sbtest3 WHERE id BETWEEN 6350266 AND 6351265
	Aggregate  (cost=3884.54..3884.55 rows=1 width=8)
	  ->  Bitmap Heap Scan on sbtest3  (cost=34.70..3882.04 rows=1001 width=4)
	        Recheck Cond: ((id >= 6350266) AND (id <= 6351265))
	        ->  Bitmap Index Scan on sbtest3_pkey  (cost=0.00..34.45 rows=1001 width=0)
	              Index Cond: ((id >= 6350266) AND (id <= 6351265))

table 4 : explain SELECT SUM(k) FROM sbtest4 WHERE id BETWEEN 8904894 AND 8905893
	Aggregate  (cost=3563.17..3563.18 rows=1 width=8)
	  ->  Index Scan using sbtest4_pkey on sbtest4  (cost=0.43..3560.89 rows=911 width=4)
	        Index Cond: ((id >= 8904894) AND (id <= 8905893))

table 5 : explain SELECT SUM(k) FROM sbtest5 WHERE id BETWEEN 4912681 AND 4913680
	Aggregate  (cost=3630.42..3630.43 rows=1 width=8)
	  ->  Bitmap Heap Scan on sbtest5  (cost=34.00..3628.08 rows=933 width=4)
	        Recheck Cond: ((id >= 4912681) AND (id <= 4913680))
	        ->  Bitmap Index Scan on sbtest5_pkey  (cost=0.00..33.77 rows=933 width=0)
	              Index Cond: ((id >= 4912681) AND (id <= 4913680))

table 6 : explain SELECT SUM(k) FROM sbtest6 WHERE id BETWEEN 8521488 AND 8522487
	Aggregate  (cost=3842.89..3842.90 rows=1 width=8)
	  ->  Bitmap Heap Scan on sbtest6  (cost=34.57..3840.42 rows=989 width=4)
	        Recheck Cond: ((id >= 8521488) AND (id <= 8522487))
	        ->  Bitmap Index Scan on sbtest6_pkey  (cost=0.00..34.33 rows=989 width=0)
	              Index Cond: ((id >= 8521488) AND (id <= 8522487))

table 7 : explain SELECT SUM(k) FROM sbtest7 WHERE id BETWEEN 5737549 AND 5738548
	Aggregate  (cost=3656.70..3656.71 rows=1 width=8)
	  ->  Index Scan using sbtest7_pkey on sbtest7  (cost=0.43..3654.37 rows=932 width=4)
	        Index Cond: ((id >= 5737549) AND (id <= 5738548))

table 8 : explain SELECT SUM(k) FROM sbtest8 WHERE id BETWEEN 5675151 AND 5676150
	Aggregate  (cost=4254.93..4254.94 rows=1 width=8)
	  ->  Bitmap Heap Scan on sbtest8  (cost=39.68..4252.18 rows=1097 width=4)
	        Recheck Cond: ((id >= 5675151) AND (id <= 5676150))
	        ->  Bitmap Index Scan on sbtest8_pkey  (cost=0.00..39.41 rows=1097 width=0)
	              Index Cond: ((id >= 5675151) AND (id <= 5676150))

for: order_ranges
table 1 : explain SELECT c FROM sbtest1 WHERE id BETWEEN 6822705 AND 6823704 ORDER BY c
	Sort  (cost=4138.99..4141.63 rows=1056 width=121)
	  Sort Key: c
	  ->  Bitmap Heap Scan on sbtest1  (cost=35.26..4085.96 rows=1056 width=121)
	        Recheck Cond: ((id >= 6822705) AND (id <= 6823704))
	        ->  Bitmap Index Scan on sbtest1_pkey  (cost=0.00..35.00 rows=1056 width=0)
	              Index Cond: ((id >= 6822705) AND (id <= 6823704))

table 2 : explain SELECT c FROM sbtest2 WHERE id BETWEEN 5758562 AND 5759561 ORDER BY c
	Sort  (cost=3833.16..3835.59 rows=975 width=121)
	  Sort Key: c
	  ->  Bitmap Heap Scan on sbtest2  (cost=34.43..3784.75 rows=975 width=121)
	        Recheck Cond: ((id >= 5758562) AND (id <= 5759561))
	        ->  Bitmap Index Scan on sbtest2_pkey  (cost=0.00..34.19 rows=975 width=0)
	              Index Cond: ((id >= 5758562) AND (id <= 5759561))

table 3 : explain SELECT c FROM sbtest3 WHERE id BETWEEN 2014374 AND 2015373 ORDER BY c
	Sort  (cost=4253.30..4256.01 rows=1085 width=121)
	  Sort Key: c
	  ->  Bitmap Heap Scan on sbtest3  (cost=35.56..4198.59 rows=1085 width=121)
	        Recheck Cond: ((id >= 2014374) AND (id <= 2015373))
	        ->  Bitmap Index Scan on sbtest3_pkey  (cost=0.00..35.29 rows=1085 width=0)
	              Index Cond: ((id >= 2014374) AND (id <= 2015373))

table 4 : explain SELECT c FROM sbtest4 WHERE id BETWEEN 2337045 AND 2338044 ORDER BY c
	Sort  (cost=4161.64..4164.27 rows=1052 width=121)
	  Sort Key: c
	  ->  Index Scan using sbtest4_pkey on sbtest4  (cost=0.43..4108.84 rows=1052 width=121)
	        Index Cond: ((id >= 2337045) AND (id <= 2338044))

table 5 : explain SELECT c FROM sbtest5 WHERE id BETWEEN 201263 AND 202262 ORDER BY c
	Sort  (cost=4214.91..4217.59 rows=1074 width=121)
	  Sort Key: c
	  ->  Bitmap Heap Scan on sbtest5  (cost=35.44..4160.84 rows=1074 width=121)
	        Recheck Cond: ((id >= 201263) AND (id <= 202262))
	        ->  Bitmap Index Scan on sbtest5_pkey  (cost=0.00..35.18 rows=1074 width=0)
	              Index Cond: ((id >= 201263) AND (id <= 202262))

table 6 : explain SELECT c FROM sbtest6 WHERE id BETWEEN 7105290 AND 7106289 ORDER BY c
	Sort  (cost=3951.01..3953.52 rows=1005 width=121)
	  Sort Key: c
	  ->  Bitmap Heap Scan on sbtest6  (cost=34.74..3900.89 rows=1005 width=121)
	        Recheck Cond: ((id >= 7105290) AND (id <= 7106289))
	        ->  Bitmap Index Scan on sbtest6_pkey  (cost=0.00..34.48 rows=1005 width=0)
	              Index Cond: ((id >= 7105290) AND (id <= 7106289))

table 7 : explain SELECT c FROM sbtest7 WHERE id BETWEEN 2170324 AND 2171323 ORDER BY c
	Sort  (cost=3977.22..3979.73 rows=1002 width=121)
	  Sort Key: c
	  ->  Index Scan using sbtest7_pkey on sbtest7  (cost=0.43..3927.28 rows=1002 width=121)
	        Index Cond: ((id >= 2170324) AND (id <= 2171323))

table 8 : explain SELECT c FROM sbtest8 WHERE id BETWEEN 3784568 AND 3785567 ORDER BY c
	Sort  (cost=3530.42..3532.64 rows=889 width=121)
	  Sort Key: c
	  ->  Index Scan using sbtest8_pkey on sbtest8  (cost=0.43..3486.88 rows=889 width=121)
	        Index Cond: ((id >= 3784568) AND (id <= 3785567))

explain: for point_selects :: explain SELECT c FROM sbtest%u WHERE id=%u
for: distinct_ranges
table 1 : explain SELECT DISTINCT c FROM sbtest1 WHERE id BETWEEN 8082378 AND 8083377 ORDER BY c
	Unique  (cost=3806.25..3811.09 rows=969 width=121)
	  ->  Sort  (cost=3806.25..3808.67 rows=969 width=121)
	        Sort Key: c
	        ->  Bitmap Heap Scan on sbtest1  (cost=34.37..3758.18 rows=969 width=121)
	              Recheck Cond: ((id >= 8082378) AND (id <= 8083377))
	              ->  Bitmap Index Scan on sbtest1_pkey  (cost=0.00..34.12 rows=969 width=0)
	                    Index Cond: ((id >= 8082378) AND (id <= 8083377))

table 2 : explain SELECT DISTINCT c FROM sbtest2 WHERE id BETWEEN 2423952 AND 2424951 ORDER BY c
	Unique  (cost=4032.43..4037.56 rows=1027 width=121)
	  ->  Sort  (cost=4032.43..4035.00 rows=1027 width=121)
	        Sort Key: c
	        ->  Bitmap Heap Scan on sbtest2  (cost=34.96..3981.06 rows=1027 width=121)
	              Recheck Cond: ((id >= 2423952) AND (id <= 2424951))
	              ->  Bitmap Index Scan on sbtest2_pkey  (cost=0.00..34.70 rows=1027 width=0)
	                    Index Cond: ((id >= 2423952) AND (id <= 2424951))

table 3 : explain SELECT DISTINCT c FROM sbtest3 WHERE id BETWEEN 8613314 AND 8614313 ORDER BY c
	Unique  (cost=3701.86..3706.57 rows=941 width=121)
	  ->  Sort  (cost=3701.86..3704.21 rows=941 width=121)
	        Sort Key: c
	        ->  Bitmap Heap Scan on sbtest3  (cost=34.08..3655.38 rows=941 width=121)
	              Recheck Cond: ((id >= 8613314) AND (id <= 8614313))
	              ->  Bitmap Index Scan on sbtest3_pkey  (cost=0.00..33.84 rows=941 width=0)
	                    Index Cond: ((id >= 8613314) AND (id <= 8614313))

table 4 : explain SELECT DISTINCT c FROM sbtest4 WHERE id BETWEEN 2411166 AND 2412165 ORDER BY c
	Unique  (cost=3743.66..3748.39 rows=946 width=121)
	  ->  Sort  (cost=3743.66..3746.02 rows=946 width=121)
	        Sort Key: c
	        ->  Index Scan using sbtest4_pkey on sbtest4  (cost=0.43..3696.90 rows=946 width=121)
	              Index Cond: ((id >= 2411166) AND (id <= 2412165))

table 5 : explain SELECT DISTINCT c FROM sbtest5 WHERE id BETWEEN 9209538 AND 9210537 ORDER BY c
	Unique  (cost=4172.80..4178.12 rows=1063 width=121)
	  ->  Sort  (cost=4172.80..4175.46 rows=1063 width=121)
	        Sort Key: c
	        ->  Bitmap Heap Scan on sbtest5  (cost=35.33..4119.36 rows=1063 width=121)
	              Recheck Cond: ((id >= 9209538) AND (id <= 9210537))
	              ->  Bitmap Index Scan on sbtest5_pkey  (cost=0.00..35.07 rows=1063 width=0)
	                    Index Cond: ((id >= 9209538) AND (id <= 9210537))

table 6 : explain SELECT DISTINCT c FROM sbtest6 WHERE id BETWEEN 8582298 AND 8583297 ORDER BY c
	Unique  (cost=3874.26..3879.19 rows=985 width=121)
	  ->  Sort  (cost=3874.26..3876.73 rows=985 width=121)
	        Sort Key: c
	        ->  Bitmap Heap Scan on sbtest6  (cost=34.53..3825.29 rows=985 width=121)
	              Recheck Cond: ((id >= 8582298) AND (id <= 8583297))
	              ->  Bitmap Index Scan on sbtest6_pkey  (cost=0.00..34.29 rows=985 width=0)
	                    Index Cond: ((id >= 8582298) AND (id <= 8583297))

table 7 : explain SELECT DISTINCT c FROM sbtest7 WHERE id BETWEEN 8620265 AND 8621264 ORDER BY c
	Unique  (cost=3502.52..3506.94 rows=883 width=121)
	  ->  Sort  (cost=3502.52..3504.73 rows=883 width=121)
	        Sort Key: c
	        ->  Index Scan using sbtest7_pkey on sbtest7  (cost=0.43..3459.32 rows=883 width=121)
	              Index Cond: ((id >= 8620265) AND (id <= 8621264))

table 8 : explain SELECT DISTINCT c FROM sbtest8 WHERE id BETWEEN 278361 AND 279360 ORDER BY c
	Unique  (cost=4165.78..4171.08 rows=1061 width=121)
	  ->  Sort  (cost=4165.78..4168.43 rows=1061 width=121)
	        Sort Key: c
	        ->  Bitmap Heap Scan on sbtest8  (cost=35.31..4112.46 rows=1061 width=121)
	              Recheck Cond: ((id >= 278361) AND (id <= 279360))
	              ->  Bitmap Index Scan on sbtest8_pkey  (cost=0.00..35.05 rows=1061 width=0)
	                    Index Cond: ((id >= 278361) AND (id <= 279360))

for point_selects
table 1 : explain SELECT c FROM sbtest1 WHERE id=5634651
	Index Scan using sbtest1_pkey on sbtest1  (cost=0.43..8.45 rows=1 width=121)
	  Index Cond: (id = 5634651)

table 2 : explain SELECT c FROM sbtest2 WHERE id=3064644
	Index Scan using sbtest2_pkey on sbtest2  (cost=0.43..8.45 rows=1 width=121)
	  Index Cond: (id = 3064644)

table 3 : explain SELECT c FROM sbtest3 WHERE id=9372503
	Index Scan using sbtest3_pkey on sbtest3  (cost=0.43..8.45 rows=1 width=121)
	  Index Cond: (id = 9372503)

table 4 : explain SELECT c FROM sbtest4 WHERE id=8433545
	Index Scan using sbtest4_pkey on sbtest4  (cost=0.43..8.45 rows=1 width=121)
	  Index Cond: (id = 8433545)

table 5 : explain SELECT c FROM sbtest5 WHERE id=6908127
	Index Scan using sbtest5_pkey on sbtest5  (cost=0.43..8.45 rows=1 width=121)
	  Index Cond: (id = 6908127)

table 6 : explain SELECT c FROM sbtest6 WHERE id=760026
	Index Scan using sbtest6_pkey on sbtest6  (cost=0.43..8.45 rows=1 width=121)
	  Index Cond: (id = 760026)

table 7 : explain SELECT c FROM sbtest7 WHERE id=5668104
	Index Scan using sbtest7_pkey on sbtest7  (cost=0.43..8.45 rows=1 width=121)
	  Index Cond: (id = 5668104)

table 8 : explain SELECT c FROM sbtest8 WHERE id=1291400
	Index Scan using sbtest8_pkey on sbtest8  (cost=0.43..8.45 rows=1 width=121)
	  Index Cond: (id = 1291400)

explain: for point_selects :: explain SELECT c FROM sbtest%u WHERE id=%u
for: simple_ranges
table 1 : explain SELECT c FROM sbtest1 WHERE id BETWEEN 8775212 AND 8776211
	Bitmap Heap Scan on sbtest1  (cost=33.83..3561.80 rows=917 width=121)
	  Recheck Cond: ((id >= 8775212) AND (id <= 8776211))
	  ->  Bitmap Index Scan on sbtest1_pkey  (cost=0.00..33.61 rows=917 width=0)
	        Index Cond: ((id >= 8775212) AND (id <= 8776211))

table 2 : explain SELECT c FROM sbtest2 WHERE id BETWEEN 7583342 AND 7584341
	Bitmap Heap Scan on sbtest2  (cost=35.39..4139.37 rows=1069 width=121)
	  Recheck Cond: ((id >= 7583342) AND (id <= 7584341))
	  ->  Bitmap Index Scan on sbtest2_pkey  (cost=0.00..35.12 rows=1069 width=0)
	        Index Cond: ((id >= 7583342) AND (id <= 7584341))

table 3 : explain SELECT c FROM sbtest3 WHERE id BETWEEN 6443070 AND 6444069
	Bitmap Heap Scan on sbtest3  (cost=34.80..3919.77 rows=1011 width=121)
	  Recheck Cond: ((id >= 6443070) AND (id <= 6444069))
	  ->  Bitmap Index Scan on sbtest3_pkey  (cost=0.00..34.55 rows=1011 width=0)
	        Index Cond: ((id >= 6443070) AND (id <= 6444069))

table 4 : explain SELECT c FROM sbtest4 WHERE id BETWEEN 8692188 AND 8693187
	Index Scan using sbtest4_pkey on sbtest4  (cost=0.43..4038.87 rows=1034 width=121)
	  Index Cond: ((id >= 8692188) AND (id <= 8693187))

table 5 : explain SELECT c FROM sbtest5 WHERE id BETWEEN 9776233 AND 9777232
	Bitmap Heap Scan on sbtest5  (cost=34.70..3885.32 rows=1001 width=121)
	  Recheck Cond: ((id >= 9776233) AND (id <= 9777232))
	  ->  Bitmap Index Scan on sbtest5_pkey  (cost=0.00..34.45 rows=1001 width=0)
	        Index Cond: ((id >= 9776233) AND (id <= 9777232))

table 6 : explain SELECT c FROM sbtest6 WHERE id BETWEEN 9070689 AND 9071688
	Bitmap Heap Scan on sbtest6  (cost=35.27..4097.23 rows=1057 width=121)
	  Recheck Cond: ((id >= 9070689) AND (id <= 9071688))
	  ->  Bitmap Index Scan on sbtest6_pkey  (cost=0.00..35.01 rows=1057 width=0)
	        Index Cond: ((id >= 9070689) AND (id <= 9071688))

table 7 : explain SELECT c FROM sbtest7 WHERE id BETWEEN 300857 AND 301856
	Index Scan using sbtest7_pkey on sbtest7  (cost=0.43..3857.12 rows=984 width=121)
	  Index Cond: ((id >= 300857) AND (id <= 301856))

table 8 : explain SELECT c FROM sbtest8 WHERE id BETWEEN 1472851 AND 1473850
	Bitmap Heap Scan on sbtest8  (cost=34.97..3987.91 rows=1028 width=121)
	  Recheck Cond: ((id >= 1472851) AND (id <= 1473850))
	  ->  Bitmap Index Scan on sbtest8_pkey  (cost=0.00..34.72 rows=1028 width=0)
	        Index Cond: ((id >= 1472851) AND (id <= 1473850))

explain: for point_selects :: explain SELECT c FROM sbtest%u WHERE id=%u
for: distinct_ranges
table 1 : explain SELECT DISTINCT c FROM sbtest1 WHERE id BETWEEN 1207444 AND 1208443 ORDER BY c
	Unique  (cost=4005.24..4010.34 rows=1021 width=121)
	  ->  Sort  (cost=4005.24..4007.79 rows=1021 width=121)
	        Sort Key: c
	        ->  Bitmap Heap Scan on sbtest1  (cost=34.90..3954.21 rows=1021 width=121)
	              Recheck Cond: ((id >= 1207444) AND (id <= 1208443))
	              ->  Bitmap Index Scan on sbtest1_pkey  (cost=0.00..34.65 rows=1021 width=0)
	                    Index Cond: ((id >= 1207444) AND (id <= 1208443))

table 2 : explain SELECT DISTINCT c FROM sbtest2 WHERE id BETWEEN 2739994 AND 2740993 ORDER BY c
	Unique  (cost=4223.74..4229.12 rows=1077 width=121)
	  ->  Sort  (cost=4223.74..4226.43 rows=1077 width=121)
	        Sort Key: c
	        ->  Bitmap Heap Scan on sbtest2  (cost=35.47..4169.50 rows=1077 width=121)
	              Recheck Cond: ((id >= 2739994) AND (id <= 2740993))
	              ->  Bitmap Index Scan on sbtest2_pkey  (cost=0.00..35.20 rows=1077 width=0)
	                    Index Cond: ((id >= 2739994) AND (id <= 2740993))

table 3 : explain SELECT DISTINCT c FROM sbtest3 WHERE id BETWEEN 8871800 AND 8872799 ORDER BY c
	Unique  (cost=4088.89..4094.10 rows=1042 width=121)
	  ->  Sort  (cost=4088.89..4091.49 rows=1042 width=121)
	        Sort Key: c
	        ->  Bitmap Heap Scan on sbtest3  (cost=35.12..4036.66 rows=1042 width=121)
	              Recheck Cond: ((id >= 8871800) AND (id <= 8872799))
	              ->  Bitmap Index Scan on sbtest3_pkey  (cost=0.00..34.86 rows=1042 width=0)
	                    Index Cond: ((id >= 8871800) AND (id <= 8872799))

table 4 : explain SELECT DISTINCT c FROM sbtest4 WHERE id BETWEEN 2370335 AND 2371334 ORDER BY c
	Unique  (cost=4161.64..4166.90 rows=1052 width=121)
	  ->  Sort  (cost=4161.64..4164.27 rows=1052 width=121)
	        Sort Key: c
	        ->  Index Scan using sbtest4_pkey on sbtest4  (cost=0.43..4108.84 rows=1052 width=121)
	              Index Cond: ((id >= 2370335) AND (id <= 2371334))

table 5 : explain SELECT DISTINCT c FROM sbtest5 WHERE id BETWEEN 1031922 AND 1032921 ORDER BY c
	Unique  (cost=3766.32..3771.11 rows=957 width=121)
	  ->  Sort  (cost=3766.32..3768.71 rows=957 width=121)
	        Sort Key: c
	        ->  Bitmap Heap Scan on sbtest5  (cost=34.24..3718.94 rows=957 width=121)
	              Recheck Cond: ((id >= 1031922) AND (id <= 1032921))
	              ->  Bitmap Index Scan on sbtest5_pkey  (cost=0.00..34.01 rows=957 width=0)
	                    Index Cond: ((id >= 1031922) AND (id <= 1032921))

table 6 : explain SELECT DISTINCT c FROM sbtest6 WHERE id BETWEEN 2040840 AND 2041839 ORDER BY c
	Unique  (cost=4483.29..4489.00 rows=1143 width=121)
	  ->  Sort  (cost=4483.29..4486.15 rows=1143 width=121)
	        Sort Key: c
	        ->  Bitmap Heap Scan on sbtest6  (cost=40.15..4425.23 rows=1143 width=121)
	              Recheck Cond: ((id >= 2040840) AND (id <= 2041839))
	              ->  Bitmap Index Scan on sbtest6_pkey  (cost=0.00..39.87 rows=1143 width=0)
	                    Index Cond: ((id >= 2040840) AND (id <= 2041839))

table 7 : explain SELECT DISTINCT c FROM sbtest7 WHERE id BETWEEN 5955219 AND 5956218 ORDER BY c
	Unique  (cost=3775.50..3780.26 rows=951 width=121)
	  ->  Sort  (cost=3775.50..3777.88 rows=951 width=121)
	        Sort Key: c
	        ->  Index Scan using sbtest7_pkey on sbtest7  (cost=0.43..3728.46 rows=951 width=121)
	              Index Cond: ((id >= 5955219) AND (id <= 5956218))

table 8 : explain SELECT DISTINCT c FROM sbtest8 WHERE id BETWEEN 2240321 AND 2241320 ORDER BY c
	Unique  (cost=4073.83..4079.02 rows=1037 width=121)
	  ->  Sort  (cost=4073.83..4076.43 rows=1037 width=121)
	        Sort Key: c
	        ->  Bitmap Heap Scan on sbtest8  (cost=35.06..4021.89 rows=1037 width=121)
	              Recheck Cond: ((id >= 2240321) AND (id <= 2241320))
	              ->  Bitmap Index Scan on sbtest8_pkey  (cost=0.00..34.81 rows=1037 width=0)
	                    Index Cond: ((id >= 2240321) AND (id <= 2241320))

for: distinct_ranges
table 1 : explain SELECT DISTINCT c FROM sbtest1 WHERE id BETWEEN 6997395 AND 6998394 ORDER BY c
	Unique  (cost=4161.91..4167.22 rows=1062 width=121)
	  ->  Sort  (cost=4161.91..4164.56 rows=1062 width=121)
	        Sort Key: c
	        ->  Bitmap Heap Scan on sbtest1  (cost=35.32..4108.53 rows=1062 width=121)
	              Recheck Cond: ((id >= 6997395) AND (id <= 6998394))
	              ->  Bitmap Index Scan on sbtest1_pkey  (cost=0.00..35.06 rows=1062 width=0)
	                    Index Cond: ((id >= 6997395) AND (id <= 6998394))

table 2 : explain SELECT DISTINCT c FROM sbtest2 WHERE id BETWEEN 1690341 AND 1691340 ORDER BY c
	Unique  (cost=3752.59..3757.36 rows=954 width=121)
	  ->  Sort  (cost=3752.59..3754.97 rows=954 width=121)
	        Sort Key: c
	        ->  Bitmap Heap Scan on sbtest2  (cost=34.21..3705.38 rows=954 width=121)
	              Recheck Cond: ((id >= 1690341) AND (id <= 1691340))
	              ->  Bitmap Index Scan on sbtest2_pkey  (cost=0.00..33.98 rows=954 width=0)
	                    Index Cond: ((id >= 1690341) AND (id <= 1691340))

table 3 : explain SELECT DISTINCT c FROM sbtest3 WHERE id BETWEEN 5155730 AND 5156729 ORDER BY c
	Unique  (cost=4008.51..4013.62 rows=1021 width=121)
	  ->  Sort  (cost=4008.51..4011.07 rows=1021 width=121)
	        Sort Key: c
	        ->  Bitmap Heap Scan on sbtest3  (cost=34.90..3957.49 rows=1021 width=121)
	              Recheck Cond: ((id >= 5155730) AND (id <= 5156729))
	              ->  Bitmap Index Scan on sbtest3_pkey  (cost=0.00..34.65 rows=1021 width=0)
	                    Index Cond: ((id >= 5155730) AND (id <= 5156729))

table 4 : explain SELECT DISTINCT c FROM sbtest4 WHERE id BETWEEN 4396108 AND 4397107 ORDER BY c
	Unique  (cost=3790.96..3795.75 rows=958 width=121)
	  ->  Sort  (cost=3790.96..3793.35 rows=958 width=121)
	        Sort Key: c
	        ->  Index Scan using sbtest4_pkey on sbtest4  (cost=0.43..3743.52 rows=958 width=121)
	              Index Cond: ((id >= 4396108) AND (id <= 4397107))

table 5 : explain SELECT DISTINCT c FROM sbtest5 WHERE id BETWEEN 8070566 AND 8071565 ORDER BY c
	Unique  (cost=3762.48..3767.26 rows=956 width=121)
	  ->  Sort  (cost=3762.48..3764.87 rows=956 width=121)
	        Sort Key: c
	        ->  Bitmap Heap Scan on sbtest5  (cost=34.23..3715.16 rows=956 width=121)
	              Recheck Cond: ((id >= 8070566) AND (id <= 8071565))
	              ->  Bitmap Index Scan on sbtest5_pkey  (cost=0.00..34.00 rows=956 width=0)
	                    Index Cond: ((id >= 8070566) AND (id <= 8071565))

table 6 : explain SELECT DISTINCT c FROM sbtest6 WHERE id BETWEEN 3168431 AND 3169430 ORDER BY c
	Unique  (cost=3574.38..3578.87 rows=899 width=121)
	  ->  Sort  (cost=3574.38..3576.62 rows=899 width=121)
	        Sort Key: c
	        ->  Index Scan using sbtest6_pkey on sbtest6  (cost=0.43..3530.27 rows=899 width=121)
	              Index Cond: ((id >= 3168431) AND (id <= 3169430))

table 7 : explain SELECT DISTINCT c FROM sbtest7 WHERE id BETWEEN 4253349 AND 4254348 ORDER BY c
	Unique  (cost=3898.13..3903.04 rows=982 width=121)
	  ->  Sort  (cost=3898.13..3900.58 rows=982 width=121)
	        Sort Key: c
	        ->  Index Scan using sbtest7_pkey on sbtest7  (cost=0.43..3849.32 rows=982 width=121)
	              Index Cond: ((id >= 4253349) AND (id <= 4254348))

table 8 : explain SELECT DISTINCT c FROM sbtest8 WHERE id BETWEEN 9409601 AND 9410600 ORDER BY c
	Unique  (cost=3924.28..3929.27 rows=998 width=121)
	  ->  Sort  (cost=3924.28..3926.78 rows=998 width=121)
	        Sort Key: c
	        ->  Bitmap Heap Scan on sbtest8  (cost=34.66..3874.57 rows=998 width=121)
	              Recheck Cond: ((id >= 9409601) AND (id <= 9410600))
	              ->  Bitmap Index Scan on sbtest8_pkey  (cost=0.00..34.42 rows=998 width=0)
	                    Index Cond: ((id >= 9409601) AND (id <= 9410600))

explain: for point_selects :: explain SELECT c FROM sbtest%u WHERE id=%u
for: order_ranges
table 1 : explain SELECT c FROM sbtest1 WHERE id BETWEEN 6188177 AND 6189176 ORDER BY c
	Sort  (cost=4264.97..4267.69 rows=1089 width=121)
	  Sort Key: c
	  ->  Bitmap Heap Scan on sbtest1  (cost=35.60..4210.04 rows=1089 width=121)
	        Recheck Cond: ((id >= 6188177) AND (id <= 6189176))
	        ->  Bitmap Index Scan on sbtest1_pkey  (cost=0.00..35.33 rows=1089 width=0)
	              Index Cond: ((id >= 6188177) AND (id <= 6189176))

table 2 : explain SELECT c FROM sbtest2 WHERE id BETWEEN 9047572 AND 9048571 ORDER BY c
	Sort  (cost=3955.82..3958.34 rows=1007 width=121)
	  Sort Key: c
	  ->  Bitmap Heap Scan on sbtest2  (cost=34.76..3905.59 rows=1007 width=121)
	        Recheck Cond: ((id >= 9047572) AND (id <= 9048571))
	        ->  Bitmap Index Scan on sbtest2_pkey  (cost=0.00..34.51 rows=1007 width=0)
	              Index Cond: ((id >= 9047572) AND (id <= 9048571))

table 3 : explain SELECT c FROM sbtest3 WHERE id BETWEEN 2526902 AND 2527901 ORDER BY c
	Sort  (cost=3801.61..3804.02 rows=967 width=121)
	  Sort Key: c
	  ->  Bitmap Heap Scan on sbtest3  (cost=34.35..3753.66 rows=967 width=121)
	        Recheck Cond: ((id >= 2526902) AND (id <= 2527901))
	        ->  Bitmap Index Scan on sbtest3_pkey  (cost=0.00..34.11 rows=967 width=0)
	              Index Cond: ((id >= 2526902) AND (id <= 2527901))

table 4 : explain SELECT c FROM sbtest4 WHERE id BETWEEN 6547052 AND 6548051 ORDER BY c
	Sort  (cost=4260.20..4262.89 rows=1077 width=121)
	  Sort Key: c
	  ->  Index Scan using sbtest4_pkey on sbtest4  (cost=0.43..4205.96 rows=1077 width=121)
	        Index Cond: ((id >= 6547052) AND (id <= 6548051))

table 5 : explain SELECT c FROM sbtest5 WHERE id BETWEEN 2621100 AND 2622099 ORDER BY c
	Sort  (cost=3881.50..3883.96 rows=987 width=121)
	  Sort Key: c
	  ->  Bitmap Heap Scan on sbtest5  (cost=34.55..3832.41 rows=987 width=121)
	        Recheck Cond: ((id >= 2621100) AND (id <= 2622099))
	        ->  Bitmap Index Scan on sbtest5_pkey  (cost=0.00..34.31 rows=987 width=0)
	              Index Cond: ((id >= 2621100) AND (id <= 2622099))

table 6 : explain SELECT c FROM sbtest6 WHERE id BETWEEN 4158717 AND 4159716 ORDER BY c
	Sort  (cost=3939.50..3942.00 rows=1002 width=121)
	  Sort Key: c
	  ->  Bitmap Heap Scan on sbtest6  (cost=34.71..3889.56 rows=1002 width=121)
	        Recheck Cond: ((id >= 4158717) AND (id <= 4159716))
	        ->  Bitmap Index Scan on sbtest6_pkey  (cost=0.00..34.45 rows=1002 width=0)
	              Index Cond: ((id >= 4158717) AND (id <= 4159716))

table 7 : explain SELECT c FROM sbtest7 WHERE id BETWEEN 6703800 AND 6704799 ORDER BY c
	Sort  (cost=3771.52..3773.89 rows=950 width=121)
	  Sort Key: c
	  ->  Index Scan using sbtest7_pkey on sbtest7  (cost=0.43..3724.53 rows=950 width=121)
	        Index Cond: ((id >= 6703800) AND (id <= 6704799))

table 8 : explain SELECT c FROM sbtest8 WHERE id BETWEEN 7186122 AND 7187121 ORDER BY c
	Sort  (cost=3893.58..3896.06 rows=990 width=121)
	  Sort Key: c
	  ->  Bitmap Heap Scan on sbtest8  (cost=34.58..3844.32 rows=990 width=121)
	        Recheck Cond: ((id >= 7186122) AND (id <= 7187121))
	        ->  Bitmap Index Scan on sbtest8_pkey  (cost=0.00..34.34 rows=990 width=0)
	              Index Cond: ((id >= 7186122) AND (id <= 7187121))

for: order_ranges
table 1 : explain SELECT c FROM sbtest1 WHERE id BETWEEN 8523160 AND 8524159 ORDER BY c
	Sort  (cost=3859.85..3862.31 rows=983 width=121)
	  Sort Key: c
	  ->  Bitmap Heap Scan on sbtest1  (cost=34.51..3810.99 rows=983 width=121)
	        Recheck Cond: ((id >= 8523160) AND (id <= 8524159))
	        ->  Bitmap Index Scan on sbtest1_pkey  (cost=0.00..34.27 rows=983 width=0)
	              Index Cond: ((id >= 8523160) AND (id <= 8524159))

table 2 : explain SELECT c FROM sbtest2 WHERE id BETWEEN 9568298 AND 9569297 ORDER BY c
	Sort  (cost=3767.94..3770.33 rows=958 width=121)
	  Sort Key: c
	  ->  Bitmap Heap Scan on sbtest2  (cost=34.25..3720.50 rows=958 width=121)
	        Recheck Cond: ((id >= 9568298) AND (id <= 9569297))
	        ->  Bitmap Index Scan on sbtest2_pkey  (cost=0.00..34.02 rows=958 width=0)
	              Index Cond: ((id >= 9568298) AND (id <= 9569297))

table 3 : explain SELECT c FROM sbtest3 WHERE id BETWEEN 2804302 AND 2805301 ORDER BY c
	Sort  (cost=4238.01..4240.71 rows=1081 width=121)
	  Sort Key: c
	  ->  Bitmap Heap Scan on sbtest3  (cost=35.52..4183.54 rows=1081 width=121)
	        Recheck Cond: ((id >= 2804302) AND (id <= 2805301))
	        ->  Bitmap Index Scan on sbtest3_pkey  (cost=0.00..35.25 rows=1081 width=0)
	              Index Cond: ((id >= 2804302) AND (id <= 2805301))

table 4 : explain SELECT c FROM sbtest4 WHERE id BETWEEN 9961743 AND 9962742 ORDER BY c
	Sort  (cost=3976.29..3978.80 rows=1005 width=121)
	  Sort Key: c
	  ->  Index Scan using sbtest4_pkey on sbtest4  (cost=0.43..3926.18 rows=1005 width=121)
	        Index Cond: ((id >= 9961743) AND (id <= 9962742))

table 5 : explain SELECT c FROM sbtest5 WHERE id BETWEEN 9031618 AND 9032617 ORDER BY c
	Sort  (cost=4046.39..4048.97 rows=1030 width=121)
	  Sort Key: c
	  ->  Bitmap Heap Scan on sbtest5  (cost=34.99..3994.85 rows=1030 width=121)
	        Recheck Cond: ((id >= 9031618) AND (id <= 9032617))
	        ->  Bitmap Index Scan on sbtest5_pkey  (cost=0.00..34.73 rows=1030 width=0)
	              Index Cond: ((id >= 9031618) AND (id <= 9032617))

table 6 : explain SELECT c FROM sbtest6 WHERE id BETWEEN 190862 AND 191861 ORDER BY c
	Sort  (cost=4054.54..4057.12 rows=1032 width=121)
	  Sort Key: c
	  ->  Bitmap Heap Scan on sbtest6  (cost=35.01..4002.88 rows=1032 width=121)
	        Recheck Cond: ((id >= 190862) AND (id <= 191861))
	        ->  Bitmap Index Scan on sbtest6_pkey  (cost=0.00..34.76 rows=1032 width=0)
	              Index Cond: ((id >= 190862) AND (id <= 191861))

table 7 : explain SELECT c FROM sbtest7 WHERE id BETWEEN 2119243 AND 2120242 ORDER BY c
	Sort  (cost=3977.22..3979.73 rows=1002 width=121)
	  Sort Key: c
	  ->  Index Scan using sbtest7_pkey on sbtest7  (cost=0.43..3927.28 rows=1002 width=121)
	        Index Cond: ((id >= 2119243) AND (id <= 2120242))

table 8 : explain SELECT c FROM sbtest8 WHERE id BETWEEN 7331365 AND 7332364 ORDER BY c
	Sort  (cost=3859.04..3861.49 rows=981 width=121)
	  Sort Key: c
	  ->  Bitmap Heap Scan on sbtest8  (cost=34.49..3810.29 rows=981 width=121)
	        Recheck Cond: ((id >= 7331365) AND (id <= 7332364))
	        ->  Bitmap Index Scan on sbtest8_pkey  (cost=0.00..34.25 rows=981 width=0)
	              Index Cond: ((id >= 7331365) AND (id <= 7332364))

for: order_ranges
table 1 : explain SELECT c FROM sbtest1 WHERE id BETWEEN 7327776 AND 7328775 ORDER BY c
	Sort  (cost=3894.30..3896.78 rows=992 width=121)
	  Sort Key: c
	  ->  Bitmap Heap Scan on sbtest1  (cost=34.60..3844.93 rows=992 width=121)
	        Recheck Cond: ((id >= 7327776) AND (id <= 7328775))
	        ->  Bitmap Index Scan on sbtest1_pkey  (cost=0.00..34.36 rows=992 width=0)
	              Index Cond: ((id >= 7327776) AND (id <= 7328775))

table 2 : explain SELECT c FROM sbtest2 WHERE id BETWEEN 8780269 AND 8781268 ORDER BY c
	Sort  (cost=4204.62..4207.30 rows=1072 width=121)
	  Sort Key: c
	  ->  Bitmap Heap Scan on sbtest2  (cost=35.42..4150.67 rows=1072 width=121)
	        Recheck Cond: ((id >= 8780269) AND (id <= 8781268))
	        ->  Bitmap Index Scan on sbtest2_pkey  (cost=0.00..35.16 rows=1072 width=0)
	              Index Cond: ((id >= 8780269) AND (id <= 8781268))

table 3 : explain SELECT c FROM sbtest3 WHERE id BETWEEN 516597 AND 517596 ORDER BY c
	Sort  (cost=3625.08..3627.38 rows=921 width=121)
	  Sort Key: c
	  ->  Bitmap Heap Scan on sbtest3  (cost=33.88..3579.73 rows=921 width=121)
	        Recheck Cond: ((id >= 516597) AND (id <= 517596))
	        ->  Bitmap Index Scan on sbtest3_pkey  (cost=0.00..33.65 rows=921 width=0)
	              Index Cond: ((id >= 516597) AND (id <= 517596))

table 4 : explain SELECT c FROM sbtest4 WHERE id BETWEEN 9230738 AND 9231737 ORDER BY c
	Sort  (cost=3889.53..3891.99 rows=983 width=121)
	  Sort Key: c
	  ->  Index Scan using sbtest4_pkey on sbtest4  (cost=0.43..3840.67 rows=983 width=121)
	        Index Cond: ((id >= 9230738) AND (id <= 9231737))

table 5 : explain SELECT c FROM sbtest5 WHERE id BETWEEN 3519535 AND 3520534 ORDER BY c
	Sort  (cost=3516.26..3518.49 rows=893 width=121)
	  Sort Key: c
	  ->  Bitmap Heap Scan on sbtest5  (cost=29.59..3472.49 rows=893 width=121)
	        Recheck Cond: ((id >= 3519535) AND (id <= 3520534))
	        ->  Bitmap Index Scan on sbtest5_pkey  (cost=0.00..29.36 rows=893 width=0)
	              Index Cond: ((id >= 3519535) AND (id <= 3520534))

table 6 : explain SELECT c FROM sbtest6 WHERE id BETWEEN 4620861 AND 4621860 ORDER BY c
	Sort  (cost=3701.42..3703.77 rows=940 width=121)
	  Sort Key: c
	  ->  Bitmap Heap Scan on sbtest6  (cost=34.07..3655.00 rows=940 width=121)
	        Recheck Cond: ((id >= 4620861) AND (id <= 4621860))
	        ->  Bitmap Index Scan on sbtest6_pkey  (cost=0.00..33.84 rows=940 width=0)
	              Index Cond: ((id >= 4620861) AND (id <= 4621860))

table 7 : explain SELECT c FROM sbtest7 WHERE id BETWEEN 6548490 AND 6549489 ORDER BY c
	Sort  (cost=4207.99..4210.67 rows=1072 width=121)
	  Sort Key: c
	  ->  Bitmap Heap Scan on sbtest7  (cost=35.42..4154.03 rows=1072 width=121)
	        Recheck Cond: ((id >= 6548490) AND (id <= 6549489))
	        ->  Bitmap Index Scan on sbtest7_pkey  (cost=0.00..35.16 rows=1072 width=0)
	              Index Cond: ((id >= 6548490) AND (id <= 6549489))

table 8 : explain SELECT c FROM sbtest8 WHERE id BETWEEN 7831409 AND 7832408 ORDER BY c
	Sort  (cost=4073.83..4076.43 rows=1037 width=121)
	  Sort Key: c
	  ->  Bitmap Heap Scan on sbtest8  (cost=35.06..4021.89 rows=1037 width=121)
	        Recheck Cond: ((id >= 7831409) AND (id <= 7832408))
	        ->  Bitmap Index Scan on sbtest8_pkey  (cost=0.00..34.81 rows=1037 width=0)
	              Index Cond: ((id >= 7831409) AND (id <= 7832408))

for: distinct_ranges
table 1 : explain SELECT DISTINCT c FROM sbtest1 WHERE id BETWEEN 4563172 AND 4564171 ORDER BY c
	Unique  (cost=4039.64..4044.79 rows=1030 width=121)
	  ->  Sort  (cost=4039.64..4042.22 rows=1030 width=121)
	        Sort Key: c
	        ->  Bitmap Heap Scan on sbtest1  (cost=34.99..3988.10 rows=1030 width=121)
	              Recheck Cond: ((id >= 4563172) AND (id <= 4564171))
	              ->  Bitmap Index Scan on sbtest1_pkey  (cost=0.00..34.73 rows=1030 width=0)
	                    Index Cond: ((id >= 4563172) AND (id <= 4564171))

table 2 : explain SELECT DISTINCT c FROM sbtest2 WHERE id BETWEEN 5081132 AND 5082131 ORDER BY c
	Unique  (cost=3948.16..3953.18 rows=1005 width=121)
	  ->  Sort  (cost=3948.16..3950.67 rows=1005 width=121)
	        Sort Key: c
	        ->  Bitmap Heap Scan on sbtest2  (cost=34.74..3898.05 rows=1005 width=121)
	              Recheck Cond: ((id >= 5081132) AND (id <= 5082131))
	              ->  Bitmap Index Scan on sbtest2_pkey  (cost=0.00..34.48 rows=1005 width=0)
	                    Index Cond: ((id >= 5081132) AND (id <= 5082131))

table 3 : explain SELECT DISTINCT c FROM sbtest3 WHERE id BETWEEN 372845 AND 373844 ORDER BY c
	Unique  (cost=3981.71..3986.78 rows=1014 width=121)
	  ->  Sort  (cost=3981.71..3984.25 rows=1014 width=121)
	        Sort Key: c
	        ->  Bitmap Heap Scan on sbtest3  (cost=34.83..3931.08 rows=1014 width=121)
	              Recheck Cond: ((id >= 372845) AND (id <= 373844))
	              ->  Bitmap Index Scan on sbtest3_pkey  (cost=0.00..34.58 rows=1014 width=0)
	                    Index Cond: ((id >= 372845) AND (id <= 373844))

table 4 : explain SELECT DISTINCT c FROM sbtest4 WHERE id BETWEEN 1895238 AND 1896237 ORDER BY c
	Unique  (cost=3940.81..3945.79 rows=996 width=121)
	  ->  Sort  (cost=3940.81..3943.30 rows=996 width=121)
	        Sort Key: c
	        ->  Index Scan using sbtest4_pkey on sbtest4  (cost=0.43..3891.21 rows=996 width=121)
	              Index Cond: ((id >= 1895238) AND (id <= 1896237))

table 5 : explain SELECT DISTINCT c FROM sbtest5 WHERE id BETWEEN 449850 AND 450849 ORDER BY c
	Unique  (cost=3797.05..3801.87 rows=965 width=121)
	  ->  Sort  (cost=3797.05..3799.46 rows=965 width=121)
	        Sort Key: c
	        ->  Bitmap Heap Scan on sbtest5  (cost=34.33..3749.21 rows=965 width=121)
	              Recheck Cond: ((id >= 449850) AND (id <= 450849))
	              ->  Bitmap Index Scan on sbtest5_pkey  (cost=0.00..34.09 rows=965 width=0)
	                    Index Cond: ((id >= 449850) AND (id <= 450849))

table 6 : explain SELECT DISTINCT c FROM sbtest6 WHERE id BETWEEN 7419153 AND 7420152 ORDER BY c
	Unique  (cost=3839.72..3844.60 rows=976 width=121)
	  ->  Sort  (cost=3839.72..3842.16 rows=976 width=121)
	        Sort Key: c
	        ->  Bitmap Heap Scan on sbtest6  (cost=34.44..3791.25 rows=976 width=121)
	              Recheck Cond: ((id >= 7419153) AND (id <= 7420152))
	              ->  Bitmap Index Scan on sbtest6_pkey  (cost=0.00..34.20 rows=976 width=0)
	                    Index Cond: ((id >= 7419153) AND (id <= 7420152))

table 7 : explain SELECT DISTINCT c FROM sbtest7 WHERE id BETWEEN 605605 AND 606604 ORDER BY c
	Unique  (cost=3882.28..3887.17 rows=978 width=121)
	  ->  Sort  (cost=3882.28..3884.72 rows=978 width=121)
	        Sort Key: c
	        ->  Index Scan using sbtest7_pkey on sbtest7  (cost=0.43..3833.70 rows=978 width=121)
	              Index Cond: ((id >= 605605) AND (id <= 606604))

table 8 : explain SELECT DISTINCT c FROM sbtest8 WHERE id BETWEEN 5244365 AND 5245364 ORDER BY c
	Unique  (cost=3669.08..3673.70 rows=923 width=121)
	  ->  Sort  (cost=3669.08..3671.39 rows=923 width=121)
	        Sort Key: c
	        ->  Index Scan using sbtest8_pkey on sbtest8  (cost=0.43..3623.62 rows=923 width=121)
	              Index Cond: ((id >= 5244365) AND (id <= 5245364))

for: sum_ranges
table 1 : explain SELECT SUM(k) FROM sbtest1 WHERE id BETWEEN 1241969 AND 1242968
	Aggregate  (cost=3956.76..3956.77 rows=1 width=8)
	  ->  Bitmap Heap Scan on sbtest1  (cost=34.90..3954.21 rows=1021 width=4)
	        Recheck Cond: ((id >= 1241969) AND (id <= 1242968))
	        ->  Bitmap Index Scan on sbtest1_pkey  (cost=0.00..34.65 rows=1021 width=0)
	              Index Cond: ((id >= 1241969) AND (id <= 1242968))

table 2 : explain SELECT SUM(k) FROM sbtest2 WHERE id BETWEEN 1753024 AND 1754023
	Aggregate  (cost=3669.92..3669.93 rows=1 width=8)
	  ->  Bitmap Heap Scan on sbtest2  (cost=34.11..3667.56 rows=944 width=4)
	        Recheck Cond: ((id >= 1753024) AND (id <= 1754023))
	        ->  Bitmap Index Scan on sbtest2_pkey  (cost=0.00..33.88 rows=944 width=0)
	              Index Cond: ((id >= 1753024) AND (id <= 1754023))

table 3 : explain SELECT SUM(k) FROM sbtest3 WHERE id BETWEEN 8999016 AND 9000015
	Aggregate  (cost=3842.99..3843.00 rows=1 width=8)
	  ->  Bitmap Heap Scan on sbtest3  (cost=34.58..3840.52 rows=990 width=4)
	        Recheck Cond: ((id >= 8999016) AND (id <= 9000015))
	        ->  Bitmap Index Scan on sbtest3_pkey  (cost=0.00..34.34 rows=990 width=0)
	              Index Cond: ((id >= 8999016) AND (id <= 9000015))

table 4 : explain SELECT SUM(k) FROM sbtest4 WHERE id BETWEEN 7152571 AND 7153570
	Aggregate  (cost=4060.90..4060.91 rows=1 width=8)
	  ->  Index Scan using sbtest4_pkey on sbtest4  (cost=0.43..4058.30 rows=1039 width=4)
	        Index Cond: ((id >= 7152571) AND (id <= 7153570))

table 5 : explain SELECT SUM(k) FROM sbtest5 WHERE id BETWEEN 7563749 AND 7564748
	Aggregate  (cost=3527.84..3527.85 rows=1 width=8)
	  ->  Bitmap Heap Scan on sbtest5  (cost=29.73..3525.57 rows=907 width=4)
	        Recheck Cond: ((id >= 7563749) AND (id <= 7564748))
	        ->  Bitmap Index Scan on sbtest5_pkey  (cost=0.00..29.50 rows=907 width=0)
	              Index Cond: ((id >= 7563749) AND (id <= 7564748))

table 6 : explain SELECT SUM(k) FROM sbtest6 WHERE id BETWEEN 9331453 AND 9332452
	Aggregate  (cost=3831.54..3831.55 rows=1 width=8)
	  ->  Bitmap Heap Scan on sbtest6  (cost=34.54..3829.07 rows=986 width=4)
	        Recheck Cond: ((id >= 9331453) AND (id <= 9332452))
	        ->  Bitmap Index Scan on sbtest6_pkey  (cost=0.00..34.30 rows=986 width=0)
	              Index Cond: ((id >= 9331453) AND (id <= 9332452))

table 7 : explain SELECT SUM(k) FROM sbtest7 WHERE id BETWEEN 4428895 AND 4429894
	Aggregate  (cost=3990.56..3990.57 rows=1 width=8)
	  ->  Bitmap Heap Scan on sbtest7  (cost=34.97..3987.99 rows=1028 width=4)
	        Recheck Cond: ((id >= 4428895) AND (id <= 4429894))
	        ->  Bitmap Index Scan on sbtest7_pkey  (cost=0.00..34.72 rows=1028 width=0)
	              Index Cond: ((id >= 4428895) AND (id <= 4429894))

table 8 : explain SELECT SUM(k) FROM sbtest8 WHERE id BETWEEN 3276207 AND 3277206
	Aggregate  (cost=3743.08..3743.09 rows=1 width=8)
	  ->  Index Scan using sbtest8_pkey on sbtest8  (cost=0.43..3740.70 rows=953 width=4)
	        Index Cond: ((id >= 3276207) AND (id <= 3277206))

for: order_ranges
table 1 : explain SELECT c FROM sbtest1 WHERE id BETWEEN 4925818 AND 4926817 ORDER BY c
	Sort  (cost=3932.57..3935.07 rows=1002 width=121)
	  Sort Key: c
	  ->  Bitmap Heap Scan on sbtest1  (cost=34.71..3882.62 rows=1002 width=121)
	        Recheck Cond: ((id >= 4925818) AND (id <= 4926817))
	        ->  Bitmap Index Scan on sbtest1_pkey  (cost=0.00..34.45 rows=1002 width=0)
	              Index Cond: ((id >= 4925818) AND (id <= 4926817))

table 2 : explain SELECT c FROM sbtest2 WHERE id BETWEEN 5016408 AND 5017407 ORDER BY c
	Sort  (cost=3948.16..3950.67 rows=1005 width=121)
	  Sort Key: c
	  ->  Bitmap Heap Scan on sbtest2  (cost=34.74..3898.05 rows=1005 width=121)
	        Recheck Cond: ((id >= 5016408) AND (id <= 5017407))
	        ->  Bitmap Index Scan on sbtest2_pkey  (cost=0.00..34.48 rows=1005 width=0)
	              Index Cond: ((id >= 5016408) AND (id <= 5017407))

table 3 : explain SELECT c FROM sbtest3 WHERE id BETWEEN 6157063 AND 6158062 ORDER BY c
	Sort  (cost=4299.14..4301.88 rows=1097 width=121)
	  Sort Key: c
	  ->  Bitmap Heap Scan on sbtest3  (cost=35.68..4243.75 rows=1097 width=121)
	        Recheck Cond: ((id >= 6157063) AND (id <= 6158062))
	        ->  Bitmap Index Scan on sbtest3_pkey  (cost=0.00..35.41 rows=1097 width=0)
	              Index Cond: ((id >= 6157063) AND (id <= 6158062))

table 4 : explain SELECT c FROM sbtest4 WHERE id BETWEEN 6957848 AND 6958847 ORDER BY c
	Sort  (cost=3716.07..3718.41 rows=939 width=121)
	  Sort Key: c
	  ->  Index Scan using sbtest4_pkey on sbtest4  (cost=0.43..3669.70 rows=939 width=121)
	        Index Cond: ((id >= 6957848) AND (id <= 6958847))

table 5 : explain SELECT c FROM sbtest5 WHERE id BETWEEN 5881785 AND 5882784 ORDER BY c
	Sort  (cost=4272.31..4275.03 rows=1089 width=121)
	  Sort Key: c
	  ->  Bitmap Heap Scan on sbtest5  (cost=35.60..4217.37 rows=1089 width=121)
	        Recheck Cond: ((id >= 5881785) AND (id <= 5882784))
	        ->  Bitmap Index Scan on sbtest5_pkey  (cost=0.00..35.33 rows=1089 width=0)
	              Index Cond: ((id >= 5881785) AND (id <= 5882784))

table 6 : explain SELECT c FROM sbtest6 WHERE id BETWEEN 4379533 AND 4380532 ORDER BY c
	Sort  (cost=3797.48..3799.89 rows=965 width=121)
	  Sort Key: c
	  ->  Bitmap Heap Scan on sbtest6  (cost=34.33..3749.64 rows=965 width=121)
	        Recheck Cond: ((id >= 4379533) AND (id <= 4380532))
	        ->  Bitmap Index Scan on sbtest6_pkey  (cost=0.00..34.09 rows=965 width=0)
	              Index Cond: ((id >= 4379533) AND (id <= 4380532))

table 7 : explain SELECT c FROM sbtest7 WHERE id BETWEEN 4750291 AND 4751290 ORDER BY c
	Sort  (cost=4062.42..4065.00 rows=1034 width=121)
	  Sort Key: c
	  ->  Bitmap Heap Scan on sbtest7  (cost=35.03..4010.65 rows=1034 width=121)
	        Recheck Cond: ((id >= 4750291) AND (id <= 4751290))
	        ->  Bitmap Index Scan on sbtest7_pkey  (cost=0.00..34.78 rows=1034 width=0)
	              Index Cond: ((id >= 4750291) AND (id <= 4751290))

table 8 : explain SELECT c FROM sbtest8 WHERE id BETWEEN 3698148 AND 3699147 ORDER BY c
	Sort  (cost=3530.42..3532.64 rows=889 width=121)
	  Sort Key: c
	  ->  Index Scan using sbtest8_pkey on sbtest8  (cost=0.43..3486.88 rows=889 width=121)
	        Index Cond: ((id >= 3698148) AND (id <= 3699147))

for: distinct_ranges
table 1 : explain SELECT DISTINCT c FROM sbtest1 WHERE id BETWEEN 7356109 AND 7357108 ORDER BY c
	Unique  (cost=3894.30..3899.26 rows=992 width=121)
	  ->  Sort  (cost=3894.30..3896.78 rows=992 width=121)
	        Sort Key: c
	        ->  Bitmap Heap Scan on sbtest1  (cost=34.60..3844.93 rows=992 width=121)
	              Recheck Cond: ((id >= 7356109) AND (id <= 7357108))
	              ->  Bitmap Index Scan on sbtest1_pkey  (cost=0.00..34.36 rows=992 width=0)
	                    Index Cond: ((id >= 7356109) AND (id <= 7357108))

table 2 : explain SELECT DISTINCT c FROM sbtest2 WHERE id BETWEEN 3115765 AND 3116764 ORDER BY c
	Unique  (cost=4174.03..4179.35 rows=1064 width=121)
	  ->  Sort  (cost=4174.03..4176.69 rows=1064 width=121)
	        Sort Key: c
	        ->  Bitmap Heap Scan on sbtest2  (cost=35.34..4120.53 rows=1064 width=121)
	              Recheck Cond: ((id >= 3115765) AND (id <= 3116764))
	              ->  Bitmap Index Scan on sbtest2_pkey  (cost=0.00..35.08 rows=1064 width=0)
	                    Index Cond: ((id >= 3115765) AND (id <= 3116764))

table 3 : explain SELECT DISTINCT c FROM sbtest3 WHERE id BETWEEN 1509417 AND 1510416 ORDER BY c
	Unique  (cost=3594.19..3598.76 rows=914 width=121)
	  ->  Sort  (cost=3594.19..3596.47 rows=914 width=121)
	        Sort Key: c
	        ->  Bitmap Heap Scan on sbtest3  (cost=29.80..3549.24 rows=914 width=121)
	              Recheck Cond: ((id >= 1509417) AND (id <= 1510416))
	              ->  Bitmap Index Scan on sbtest3_pkey  (cost=0.00..29.57 rows=914 width=0)
	                    Index Cond: ((id >= 1509417) AND (id <= 1510416))

table 4 : explain SELECT DISTINCT c FROM sbtest4 WHERE id BETWEEN 5516278 AND 5517277 ORDER BY c
	Unique  (cost=3495.23..3499.65 rows=884 width=121)
	  ->  Sort  (cost=3495.23..3497.44 rows=884 width=121)
	        Sort Key: c
	        ->  Index Scan using sbtest4_pkey on sbtest4  (cost=0.43..3451.96 rows=884 width=121)
	              Index Cond: ((id >= 5516278) AND (id <= 5517277))

table 5 : explain SELECT DISTINCT c FROM sbtest5 WHERE id BETWEEN 9346376 AND 9347375 ORDER BY c
	Unique  (cost=4004.23..4009.33 rows=1019 width=121)
	  ->  Sort  (cost=4004.23..4006.78 rows=1019 width=121)
	        Sort Key: c
	        ->  Bitmap Heap Scan on sbtest5  (cost=34.88..3953.32 rows=1019 width=121)
	              Recheck Cond: ((id >= 9346376) AND (id <= 9347375))
	              ->  Bitmap Index Scan on sbtest5_pkey  (cost=0.00..34.62 rows=1019 width=0)
	                    Index Cond: ((id >= 9346376) AND (id <= 9347375))

table 6 : explain SELECT DISTINCT c FROM sbtest6 WHERE id BETWEEN 4898517 AND 4899516 ORDER BY c
	Unique  (cost=3851.23..3856.13 rows=979 width=121)
	  ->  Sort  (cost=3851.23..3853.68 rows=979 width=121)
	        Sort Key: c
	        ->  Bitmap Heap Scan on sbtest6  (cost=34.47..3802.60 rows=979 width=121)
	              Recheck Cond: ((id >= 4898517) AND (id <= 4899516))
	              ->  Bitmap Index Scan on sbtest6_pkey  (cost=0.00..34.23 rows=979 width=0)
	                    Index Cond: ((id >= 4898517) AND (id <= 4899516))

table 7 : explain SELECT DISTINCT c FROM sbtest7 WHERE id BETWEEN 7283866 AND 7284865 ORDER BY c
	Unique  (cost=3589.54..3594.07 rows=905 width=121)
	  ->  Sort  (cost=3589.54..3591.81 rows=905 width=121)
	        Sort Key: c
	        ->  Index Scan using sbtest7_pkey on sbtest7  (cost=0.43..3545.10 rows=905 width=121)
	              Index Cond: ((id >= 7283866) AND (id <= 7284865))

table 8 : explain SELECT DISTINCT c FROM sbtest8 WHERE id BETWEEN 5759199 AND 5760198 ORDER BY c
	Unique  (cost=3633.42..3637.99 rows=914 width=121)
	  ->  Sort  (cost=3633.42..3635.71 rows=914 width=121)
	        Sort Key: c
	        ->  Index Scan using sbtest8_pkey on sbtest8  (cost=0.43..3588.47 rows=914 width=121)
	              Index Cond: ((id >= 5759199) AND (id <= 5760198))

for: sum_ranges
table 1 : explain SELECT SUM(k) FROM sbtest1 WHERE id BETWEEN 8920078 AND 8921077
	Aggregate  (cost=3703.96..3703.97 rows=1 width=8)
	  ->  Bitmap Heap Scan on sbtest1  (cost=34.21..3701.57 rows=954 width=4)
	        Recheck Cond: ((id >= 8920078) AND (id <= 8921077))
	        ->  Bitmap Index Scan on sbtest1_pkey  (cost=0.00..33.98 rows=954 width=0)
	              Index Cond: ((id >= 8920078) AND (id <= 8921077))

table 2 : explain SELECT SUM(k) FROM sbtest2 WHERE id BETWEEN 3599230 AND 3600229
	Aggregate  (cost=3824.99..3825.00 rows=1 width=8)
	  ->  Bitmap Heap Scan on sbtest2  (cost=34.53..3822.53 rows=985 width=4)
	        Recheck Cond: ((id >= 3599230) AND (id <= 3600229))
	        ->  Bitmap Index Scan on sbtest2_pkey  (cost=0.00..34.29 rows=985 width=0)
	              Index Cond: ((id >= 3599230) AND (id <= 3600229))

table 3 : explain SELECT SUM(k) FROM sbtest3 WHERE id BETWEEN 2801913 AND 2802912
	Aggregate  (cost=4186.24..4186.25 rows=1 width=8)
	  ->  Bitmap Heap Scan on sbtest3  (cost=35.52..4183.54 rows=1081 width=4)
	        Recheck Cond: ((id >= 2801913) AND (id <= 2802912))
	        ->  Bitmap Index Scan on sbtest3_pkey  (cost=0.00..35.25 rows=1081 width=0)
	              Index Cond: ((id >= 2801913) AND (id <= 2802912))

table 4 : explain SELECT SUM(k) FROM sbtest4 WHERE id BETWEEN 8740879 AND 8741878
	Aggregate  (cost=4278.77..4278.78 rows=1 width=8)
	  ->  Index Scan using sbtest4_pkey on sbtest4  (cost=0.43..4276.04 rows=1094 width=4)
	        Index Cond: ((id >= 8740879) AND (id <= 8741878))

table 5 : explain SELECT SUM(k) FROM sbtest5 WHERE id BETWEEN 8292062 AND 8293061
	Aggregate  (cost=4137.11..4137.12 rows=1 width=8)
	  ->  Bitmap Heap Scan on sbtest5  (cost=35.37..4134.45 rows=1067 width=4)
	        Recheck Cond: ((id >= 8292062) AND (id <= 8293061))
	        ->  Bitmap Index Scan on sbtest5_pkey  (cost=0.00..35.11 rows=1067 width=0)
	              Index Cond: ((id >= 8292062) AND (id <= 8293061))

table 6 : explain SELECT SUM(k) FROM sbtest6 WHERE id BETWEEN 9766353 AND 9767352
	Aggregate  (cost=3740.69..3740.70 rows=1 width=8)
	  ->  Bitmap Heap Scan on sbtest6  (cost=34.30..3738.29 rows=962 width=4)
	        Recheck Cond: ((id >= 9766353) AND (id <= 9767352))
	        ->  Bitmap Index Scan on sbtest6_pkey  (cost=0.00..34.06 rows=962 width=0)
	              Index Cond: ((id >= 9766353) AND (id <= 9767352))

table 7 : explain SELECT SUM(k) FROM sbtest7 WHERE id BETWEEN 9091564 AND 9092563
	Aggregate  (cost=4051.01..4051.02 rows=1 width=8)
	  ->  Bitmap Heap Scan on sbtest7  (cost=35.14..4048.40 rows=1044 width=4)
	        Recheck Cond: ((id >= 9091564) AND (id <= 9092563))
	        ->  Bitmap Index Scan on sbtest7_pkey  (cost=0.00..34.88 rows=1044 width=0)
	              Index Cond: ((id >= 9091564) AND (id <= 9092563))

table 8 : explain SELECT SUM(k) FROM sbtest8 WHERE id BETWEEN 2201548 AND 2202547
	Aggregate  (cost=4024.48..4024.49 rows=1 width=8)
	  ->  Bitmap Heap Scan on sbtest8  (cost=35.06..4021.89 rows=1037 width=4)
	        Recheck Cond: ((id >= 2201548) AND (id <= 2202547))
	        ->  Bitmap Index Scan on sbtest8_pkey  (cost=0.00..34.81 rows=1037 width=0)
	              Index Cond: ((id >= 2201548) AND (id <= 2202547))

for point_selects
table 1 : explain SELECT c FROM sbtest1 WHERE id=9081868
	Index Scan using sbtest1_pkey on sbtest1  (cost=0.43..8.45 rows=1 width=121)
	  Index Cond: (id = 9081868)

table 2 : explain SELECT c FROM sbtest2 WHERE id=2887113
	Index Scan using sbtest2_pkey on sbtest2  (cost=0.43..8.45 rows=1 width=121)
	  Index Cond: (id = 2887113)

table 3 : explain SELECT c FROM sbtest3 WHERE id=4327479
	Index Scan using sbtest3_pkey on sbtest3  (cost=0.43..8.45 rows=1 width=121)
	  Index Cond: (id = 4327479)

table 4 : explain SELECT c FROM sbtest4 WHERE id=3097387
	Index Scan using sbtest4_pkey on sbtest4  (cost=0.43..8.45 rows=1 width=121)
	  Index Cond: (id = 3097387)

table 5 : explain SELECT c FROM sbtest5 WHERE id=3155244
	Index Scan using sbtest5_pkey on sbtest5  (cost=0.43..8.45 rows=1 width=121)
	  Index Cond: (id = 3155244)

table 6 : explain SELECT c FROM sbtest6 WHERE id=4118882
	Index Scan using sbtest6_pkey on sbtest6  (cost=0.43..8.45 rows=1 width=121)
	  Index Cond: (id = 4118882)

table 7 : explain SELECT c FROM sbtest7 WHERE id=5069661
	Index Scan using sbtest7_pkey on sbtest7  (cost=0.43..8.45 rows=1 width=121)
	  Index Cond: (id = 5069661)

table 8 : explain SELECT c FROM sbtest8 WHERE id=6070683
	Index Scan using sbtest8_pkey on sbtest8  (cost=0.43..8.45 rows=1 width=121)
	  Index Cond: (id = 6070683)

for: simple_ranges
table 1 : explain SELECT c FROM sbtest1 WHERE id BETWEEN 807748 AND 808747
	Bitmap Heap Scan on sbtest1  (cost=34.60..3844.93 rows=992 width=121)
	  Recheck Cond: ((id >= 807748) AND (id <= 808747))
	  ->  Bitmap Index Scan on sbtest1_pkey  (cost=0.00..34.36 rows=992 width=0)
	        Index Cond: ((id >= 807748) AND (id <= 808747))

table 2 : explain SELECT c FROM sbtest2 WHERE id BETWEEN 8626142 AND 8627141
	Bitmap Heap Scan on sbtest2  (cost=34.96..3981.06 rows=1027 width=121)
	  Recheck Cond: ((id >= 8626142) AND (id <= 8627141))
	  ->  Bitmap Index Scan on sbtest2_pkey  (cost=0.00..34.70 rows=1027 width=0)
	        Index Cond: ((id >= 8626142) AND (id <= 8627141))

table 3 : explain SELECT c FROM sbtest3 WHERE id BETWEEN 3098109 AND 3099108
	Bitmap Heap Scan on sbtest3  (cost=35.38..4134.60 rows=1068 width=121)
	  Recheck Cond: ((id >= 3098109) AND (id <= 3099108))
	  ->  Bitmap Index Scan on sbtest3_pkey  (cost=0.00..35.12 rows=1068 width=0)
	        Index Cond: ((id >= 3098109) AND (id <= 3099108))

table 4 : explain SELECT c FROM sbtest4 WHERE id BETWEEN 6512256 AND 6513255
	Index Scan using sbtest4_pkey on sbtest4  (cost=0.43..4202.07 rows=1076 width=121)
	  Index Cond: ((id >= 6512256) AND (id <= 6513255))

table 5 : explain SELECT c FROM sbtest5 WHERE id BETWEEN 8480220 AND 8481219
	Bitmap Heap Scan on sbtest5  (cost=34.72..3892.88 rows=1003 width=121)
	  Recheck Cond: ((id >= 8480220) AND (id <= 8481219))
	  ->  Bitmap Index Scan on sbtest5_pkey  (cost=0.00..34.47 rows=1003 width=0)
	        Index Cond: ((id >= 8480220) AND (id <= 8481219))

table 6 : explain SELECT c FROM sbtest6 WHERE id BETWEEN 2883967 AND 2884966
	Bitmap Heap Scan on sbtest6  (cost=34.41..3779.91 rows=973 width=121)
	  Recheck Cond: ((id >= 2883967) AND (id <= 2884966))
	  ->  Bitmap Index Scan on sbtest6_pkey  (cost=0.00..34.17 rows=973 width=0)
	        Index Cond: ((id >= 2883967) AND (id <= 2884966))

table 7 : explain SELECT c FROM sbtest7 WHERE id BETWEEN 5182407 AND 5183406
	Index Scan using sbtest7_pkey on sbtest7  (cost=0.43..3985.78 rows=1017 width=121)
	  Index Cond: ((id >= 5182407) AND (id <= 5183406))

table 8 : explain SELECT c FROM sbtest8 WHERE id BETWEEN 5106033 AND 5107032
	Index Scan using sbtest8_pkey on sbtest8  (cost=0.43..3760.24 rows=958 width=121)
	  Index Cond: ((id >= 5106033) AND (id <= 5107032))

for: distinct_ranges
table 1 : explain SELECT DISTINCT c FROM sbtest1 WHERE id BETWEEN 7910086 AND 7911085 ORDER BY c
	Unique  (cost=4081.69..4086.89 rows=1041 width=121)
	  ->  Sort  (cost=4081.69..4084.29 rows=1041 width=121)
	        Sort Key: c
	        ->  Bitmap Heap Scan on sbtest1  (cost=35.11..4029.51 rows=1041 width=121)
	              Recheck Cond: ((id >= 7910086) AND (id <= 7911085))
	              ->  Bitmap Index Scan on sbtest1_pkey  (cost=0.00..34.84 rows=1041 width=0)
	                    Index Cond: ((id >= 7910086) AND (id <= 7911085))

table 2 : explain SELECT DISTINCT c FROM sbtest2 WHERE id BETWEEN 2777635 AND 2778634 ORDER BY c
	Unique  (cost=4223.74..4229.12 rows=1077 width=121)
	  ->  Sort  (cost=4223.74..4226.43 rows=1077 width=121)
	        Sort Key: c
	        ->  Bitmap Heap Scan on sbtest2  (cost=35.47..4169.50 rows=1077 width=121)
	              Recheck Cond: ((id >= 2777635) AND (id <= 2778634))
	              ->  Bitmap Index Scan on sbtest2_pkey  (cost=0.00..35.20 rows=1077 width=0)
	                    Index Cond: ((id >= 2777635) AND (id <= 2778634))

table 3 : explain SELECT DISTINCT c FROM sbtest3 WHERE id BETWEEN 5910709 AND 5911708 ORDER BY c
	Unique  (cost=3997.03..4002.12 rows=1018 width=121)
	  ->  Sort  (cost=3997.03..3999.57 rows=1018 width=121)
	        Sort Key: c
	        ->  Bitmap Heap Scan on sbtest3  (cost=34.87..3946.17 rows=1018 width=121)
	              Recheck Cond: ((id >= 5910709) AND (id <= 5911708))
	              ->  Bitmap Index Scan on sbtest3_pkey  (cost=0.00..34.62 rows=1018 width=0)
	                    Index Cond: ((id >= 5910709) AND (id <= 5911708))

table 4 : explain SELECT DISTINCT c FROM sbtest4 WHERE id BETWEEN 8743870 AND 8744869 ORDER BY c
	Unique  (cost=4331.26..4336.73 rows=1094 width=121)
	  ->  Sort  (cost=4331.26..4333.99 rows=1094 width=121)
	        Sort Key: c
	        ->  Index Scan using sbtest4_pkey on sbtest4  (cost=0.43..4276.04 rows=1094 width=121)
	              Index Cond: ((id >= 8743870) AND (id <= 8744869))

table 5 : explain SELECT DISTINCT c FROM sbtest5 WHERE id BETWEEN 7483402 AND 7484401 ORDER BY c
	Unique  (cost=3977.39..3982.45 rows=1012 width=121)
	  ->  Sort  (cost=3977.39..3979.92 rows=1012 width=121)
	        Sort Key: c
	        ->  Bitmap Heap Scan on sbtest5  (cost=34.81..3926.88 rows=1012 width=121)
	              Recheck Cond: ((id >= 7483402) AND (id <= 7484401))
	              ->  Bitmap Index Scan on sbtest5_pkey  (cost=0.00..34.56 rows=1012 width=0)
	                    Index Cond: ((id >= 7483402) AND (id <= 7484401))

table 6 : explain SELECT DISTINCT c FROM sbtest6 WHERE id BETWEEN 7839072 AND 7840071 ORDER BY c
	Unique  (cost=3908.80..3913.77 rows=994 width=121)
	  ->  Sort  (cost=3908.80..3911.29 rows=994 width=121)
	        Sort Key: c
	        ->  Bitmap Heap Scan on sbtest6  (cost=34.62..3859.32 rows=994 width=121)
	              Recheck Cond: ((id >= 7839072) AND (id <= 7840071))
	              ->  Bitmap Index Scan on sbtest6_pkey  (cost=0.00..34.38 rows=994 width=0)
	                    Index Cond: ((id >= 7839072) AND (id <= 7840071))

table 7 : explain SELECT DISTINCT c FROM sbtest7 WHERE id BETWEEN 9782735 AND 9783734 ORDER BY c
	Unique  (cost=3842.73..3847.57 rows=968 width=121)
	  ->  Sort  (cost=3842.73..3845.15 rows=968 width=121)
	        Sort Key: c
	        ->  Index Scan using sbtest7_pkey on sbtest7  (cost=0.43..3794.72 rows=968 width=121)
	              Index Cond: ((id >= 9782735) AND (id <= 9783734))

table 8 : explain SELECT DISTINCT c FROM sbtest8 WHERE id BETWEEN 8409347 AND 8410346 ORDER BY c
	Unique  (cost=3797.60..3802.42 rows=965 width=121)
	  ->  Sort  (cost=3797.60..3800.01 rows=965 width=121)
	        Sort Key: c
	        ->  Bitmap Heap Scan on sbtest8  (cost=34.33..3749.76 rows=965 width=121)
	              Recheck Cond: ((id >= 8409347) AND (id <= 8410346))
	              ->  Bitmap Index Scan on sbtest8_pkey  (cost=0.00..34.09 rows=965 width=0)
	                    Index Cond: ((id >= 8409347) AND (id <= 8410346))

for: distinct_ranges
table 1 : explain SELECT DISTINCT c FROM sbtest1 WHERE id BETWEEN 834449 AND 835448 ORDER BY c
	Unique  (cost=3936.39..3941.41 rows=1003 width=121)
	  ->  Sort  (cost=3936.39..3938.90 rows=1003 width=121)
	        Sort Key: c
	        ->  Bitmap Heap Scan on sbtest1  (cost=34.72..3886.39 rows=1003 width=121)
	              Recheck Cond: ((id >= 834449) AND (id <= 835448))
	              ->  Bitmap Index Scan on sbtest1_pkey  (cost=0.00..34.47 rows=1003 width=0)
	                    Index Cond: ((id >= 834449) AND (id <= 835448))

table 2 : explain SELECT DISTINCT c FROM sbtest2 WHERE id BETWEEN 8984376 AND 8985375 ORDER BY c
	Unique  (cost=3955.82..3960.86 rows=1007 width=121)
	  ->  Sort  (cost=3955.82..3958.34 rows=1007 width=121)
	        Sort Key: c
	        ->  Bitmap Heap Scan on sbtest2  (cost=34.76..3905.59 rows=1007 width=121)
	              Recheck Cond: ((id >= 8984376) AND (id <= 8985375))
	              ->  Bitmap Index Scan on sbtest2_pkey  (cost=0.00..34.51 rows=1007 width=0)
	                    Index Cond: ((id >= 8984376) AND (id <= 8985375))

table 3 : explain SELECT DISTINCT c FROM sbtest3 WHERE id BETWEEN 5330929 AND 5331928 ORDER BY c
	Unique  (cost=3678.83..3683.50 rows=935 width=121)
	  ->  Sort  (cost=3678.83..3681.17 rows=935 width=121)
	        Sort Key: c
	        ->  Bitmap Heap Scan on sbtest3  (cost=34.02..3632.69 rows=935 width=121)
	              Recheck Cond: ((id >= 5330929) AND (id <= 5331928))
	              ->  Bitmap Index Scan on sbtest3_pkey  (cost=0.00..33.79 rows=935 width=0)
	                    Index Cond: ((id >= 5330929) AND (id <= 5331928))

table 4 : explain SELECT DISTINCT c FROM sbtest4 WHERE id BETWEEN 3405583 AND 3406582 ORDER BY c
	Unique  (cost=4066.99..4072.13 rows=1028 width=121)
	  ->  Sort  (cost=4066.99..4069.56 rows=1028 width=121)
	        Sort Key: c
	        ->  Index Scan using sbtest4_pkey on sbtest4  (cost=0.43..4015.56 rows=1028 width=121)
	              Index Cond: ((id >= 3405583) AND (id <= 3406582))

table 5 : explain SELECT DISTINCT c FROM sbtest5 WHERE id BETWEEN 1383565 AND 1384564 ORDER BY c
	Unique  (cost=4061.72..4066.89 rows=1034 width=121)
	  ->  Sort  (cost=4061.72..4064.31 rows=1034 width=121)
	        Sort Key: c
	        ->  Bitmap Heap Scan on sbtest5  (cost=35.03..4009.95 rows=1034 width=121)
	              Recheck Cond: ((id >= 1383565) AND (id <= 1384564))
	              ->  Bitmap Index Scan on sbtest5_pkey  (cost=0.00..34.78 rows=1034 width=0)
	                    Index Cond: ((id >= 1383565) AND (id <= 1384564))

table 6 : explain SELECT DISTINCT c FROM sbtest6 WHERE id BETWEEN 925814 AND 926813 ORDER BY c
	Unique  (cost=3755.22..3759.99 rows=954 width=121)
	  ->  Sort  (cost=3755.22..3757.61 rows=954 width=121)
	        Sort Key: c
	        ->  Bitmap Heap Scan on sbtest6  (cost=34.21..3708.01 rows=954 width=121)
	              Recheck Cond: ((id >= 925814) AND (id <= 926813))
	              ->  Bitmap Index Scan on sbtest6_pkey  (cost=0.00..33.98 rows=954 width=0)
	                    Index Cond: ((id >= 925814) AND (id <= 926813))

table 7 : explain SELECT DISTINCT c FROM sbtest7 WHERE id BETWEEN 3747079 AND 3748078 ORDER BY c
	Unique  (cost=4031.75..4036.88 rows=1026 width=121)
	  ->  Sort  (cost=4031.75..4034.32 rows=1026 width=121)
	        Sort Key: c
	        ->  Bitmap Heap Scan on sbtest7  (cost=34.95..3980.44 rows=1026 width=121)
	              Recheck Cond: ((id >= 3747079) AND (id <= 3748078))
	              ->  Bitmap Index Scan on sbtest7_pkey  (cost=0.00..34.70 rows=1026 width=0)
	                    Index Cond: ((id >= 3747079) AND (id <= 3748078))

table 8 : explain SELECT DISTINCT c FROM sbtest8 WHERE id BETWEEN 8720993 AND 8721992 ORDER BY c
	Unique  (cost=3878.23..3883.16 rows=986 width=121)
	  ->  Sort  (cost=3878.23..3880.69 rows=986 width=121)
	        Sort Key: c
	        ->  Bitmap Heap Scan on sbtest8  (cost=34.54..3829.20 rows=986 width=121)
	              Recheck Cond: ((id >= 8720993) AND (id <= 8721992))
	              ->  Bitmap Index Scan on sbtest8_pkey  (cost=0.00..34.30 rows=986 width=0)
	                    Index Cond: ((id >= 8720993) AND (id <= 8721992))

for: distinct_ranges
table 1 : explain SELECT DISTINCT c FROM sbtest1 WHERE id BETWEEN 2747308 AND 2748307 ORDER BY c
	Unique  (cost=3748.78..3753.55 rows=954 width=121)
	  ->  Sort  (cost=3748.78..3751.17 rows=954 width=121)
	        Sort Key: c
	        ->  Bitmap Heap Scan on sbtest1  (cost=34.21..3701.57 rows=954 width=121)
	              Recheck Cond: ((id >= 2747308) AND (id <= 2748307))
	              ->  Bitmap Index Scan on sbtest1_pkey  (cost=0.00..33.98 rows=954 width=0)
	                    Index Cond: ((id >= 2747308) AND (id <= 2748307))

table 2 : explain SELECT DISTINCT c FROM sbtest2 WHERE id BETWEEN 6851019 AND 6852018 ORDER BY c
	Unique  (cost=3706.53..3711.24 rows=942 width=121)
	  ->  Sort  (cost=3706.53..3708.88 rows=942 width=121)
	        Sort Key: c
	        ->  Bitmap Heap Scan on sbtest2  (cost=34.09..3659.99 rows=942 width=121)
	              Recheck Cond: ((id >= 6851019) AND (id <= 6852018))
	              ->  Bitmap Index Scan on sbtest2_pkey  (cost=0.00..33.86 rows=942 width=0)
	                    Index Cond: ((id >= 6851019) AND (id <= 6852018))

table 3 : explain SELECT DISTINCT c FROM sbtest3 WHERE id BETWEEN 4572360 AND 4573359 ORDER BY c
	Unique  (cost=3663.47..3668.13 rows=931 width=121)
	  ->  Sort  (cost=3663.47..3665.80 rows=931 width=121)
	        Sort Key: c
	        ->  Bitmap Heap Scan on sbtest3  (cost=33.98..3617.56 rows=931 width=121)
	              Recheck Cond: ((id >= 4572360) AND (id <= 4573359))
	              ->  Bitmap Index Scan on sbtest3_pkey  (cost=0.00..33.75 rows=931 width=0)
	                    Index Cond: ((id >= 4572360) AND (id <= 4573359))

table 4 : explain SELECT DISTINCT c FROM sbtest4 WHERE id BETWEEN 9999768 AND 10000767 ORDER BY c
	Unique  (cost=927.09..928.26 rows=234 width=121)
	  ->  Sort  (cost=927.09..927.67 rows=234 width=121)
	        Sort Key: c
	        ->  Index Scan using sbtest4_pkey on sbtest4  (cost=0.43..917.88 rows=234 width=121)
	              Index Cond: ((id >= 9999768) AND (id <= 10000767))

table 5 : explain SELECT DISTINCT c FROM sbtest5 WHERE id BETWEEN 9317281 AND 9318280 ORDER BY c
	Unique  (cost=4004.23..4009.33 rows=1019 width=121)
	  ->  Sort  (cost=4004.23..4006.78 rows=1019 width=121)
	        Sort Key: c
	        ->  Bitmap Heap Scan on sbtest5  (cost=34.88..3953.32 rows=1019 width=121)
	              Recheck Cond: ((id >= 9317281) AND (id <= 9318280))
	              ->  Bitmap Index Scan on sbtest5_pkey  (cost=0.00..34.62 rows=1019 width=0)
	                    Index Cond: ((id >= 9317281) AND (id <= 9318280))

table 6 : explain SELECT DISTINCT c FROM sbtest6 WHERE id BETWEEN 2854030 AND 2855029 ORDER BY c
	Unique  (cost=3828.20..3833.06 rows=973 width=121)
	  ->  Sort  (cost=3828.20..3830.63 rows=973 width=121)
	        Sort Key: c
	        ->  Bitmap Heap Scan on sbtest6  (cost=34.41..3779.91 rows=973 width=121)
	              Recheck Cond: ((id >= 2854030) AND (id <= 2855029))
	              ->  Bitmap Index Scan on sbtest6_pkey  (cost=0.00..34.17 rows=973 width=0)
	                    Index Cond: ((id >= 2854030) AND (id <= 2855029))

table 7 : explain SELECT DISTINCT c FROM sbtest7 WHERE id BETWEEN 4884102 AND 4885101 ORDER BY c
	Unique  (cost=4089.25..4094.45 rows=1041 width=121)
	  ->  Sort  (cost=4089.25..4091.85 rows=1041 width=121)
	        Sort Key: c
	        ->  Bitmap Heap Scan on sbtest7  (cost=35.11..4037.07 rows=1041 width=121)
	              Recheck Cond: ((id >= 4884102) AND (id <= 4885101))
	              ->  Bitmap Index Scan on sbtest7_pkey  (cost=0.00..34.84 rows=1041 width=0)
	                    Index Cond: ((id >= 4884102) AND (id <= 4885101))

table 8 : explain SELECT DISTINCT c FROM sbtest8 WHERE id BETWEEN 9931899 AND 9932898 ORDER BY c
	Unique  (cost=3908.93..3913.90 rows=994 width=121)
	  ->  Sort  (cost=3908.93..3911.42 rows=994 width=121)
	        Sort Key: c
	        ->  Bitmap Heap Scan on sbtest8  (cost=34.62..3859.44 rows=994 width=121)
	              Recheck Cond: ((id >= 9931899) AND (id <= 9932898))
	              ->  Bitmap Index Scan on sbtest8_pkey  (cost=0.00..34.38 rows=994 width=0)
	                    Index Cond: ((id >= 9931899) AND (id <= 9932898))

for: distinct_ranges
table 1 : explain SELECT DISTINCT c FROM sbtest1 WHERE id BETWEEN 9892000 AND 9892999 ORDER BY c
	Unique  (cost=3560.72..3565.25 rows=906 width=121)
	  ->  Sort  (cost=3560.72..3562.98 rows=906 width=121)
	        Sort Key: c
	        ->  Bitmap Heap Scan on sbtest1  (cost=29.72..3516.22 rows=906 width=121)
	              Recheck Cond: ((id >= 9892000) AND (id <= 9892999))
	              ->  Bitmap Index Scan on sbtest1_pkey  (cost=0.00..29.50 rows=906 width=0)
	                    Index Cond: ((id >= 9892000) AND (id <= 9892999))

table 2 : explain SELECT DISTINCT c FROM sbtest2 WHERE id BETWEEN 79953 AND 80952 ORDER BY c
	Unique  (cost=3844.66..3849.55 rows=978 width=121)
	  ->  Sort  (cost=3844.66..3847.11 rows=978 width=121)
	        Sort Key: c
	        ->  Bitmap Heap Scan on sbtest2  (cost=34.46..3796.09 rows=978 width=121)
	              Recheck Cond: ((id >= 79953) AND (id <= 80952))
	              ->  Bitmap Index Scan on sbtest2_pkey  (cost=0.00..34.22 rows=978 width=0)
	                    Index Cond: ((id >= 79953) AND (id <= 80952))

table 3 : explain SELECT DISTINCT c FROM sbtest3 WHERE id BETWEEN 3037677 AND 3038676 ORDER BY c
	Unique  (cost=3755.58..3760.36 rows=955 width=121)
	  ->  Sort  (cost=3755.58..3757.97 rows=955 width=121)
	        Sort Key: c
	        ->  Bitmap Heap Scan on sbtest3  (cost=34.22..3708.31 rows=955 width=121)
	              Recheck Cond: ((id >= 3037677) AND (id <= 3038676))
	              ->  Bitmap Index Scan on sbtest3_pkey  (cost=0.00..33.98 rows=955 width=0)
	                    Index Cond: ((id >= 3037677) AND (id <= 3038676))

table 4 : explain SELECT DISTINCT c FROM sbtest4 WHERE id BETWEEN 4564693 AND 4565692 ORDER BY c
	Unique  (cost=3834.35..3839.19 rows=969 width=121)
	  ->  Sort  (cost=3834.35..3836.77 rows=969 width=121)
	        Sort Key: c
	        ->  Index Scan using sbtest4_pkey on sbtest4  (cost=0.43..3786.29 rows=969 width=121)
	              Index Cond: ((id >= 4564693) AND (id <= 4565692))

table 5 : explain SELECT DISTINCT c FROM sbtest5 WHERE id BETWEEN 7479356 AND 7480355 ORDER BY c
	Unique  (cost=3977.39..3982.45 rows=1012 width=121)
	  ->  Sort  (cost=3977.39..3979.92 rows=1012 width=121)
	        Sort Key: c
	        ->  Bitmap Heap Scan on sbtest5  (cost=34.81..3926.88 rows=1012 width=121)
	              Recheck Cond: ((id >= 7479356) AND (id <= 7480355))
	              ->  Bitmap Index Scan on sbtest5_pkey  (cost=0.00..34.56 rows=1012 width=0)
	                    Index Cond: ((id >= 7479356) AND (id <= 7480355))

table 6 : explain SELECT DISTINCT c FROM sbtest6 WHERE id BETWEEN 7092926 AND 7093925 ORDER BY c
	Unique  (cost=3951.01..3956.03 rows=1005 width=121)
	  ->  Sort  (cost=3951.01..3953.52 rows=1005 width=121)
	        Sort Key: c
	        ->  Bitmap Heap Scan on sbtest6  (cost=34.74..3900.89 rows=1005 width=121)
	              Recheck Cond: ((id >= 7092926) AND (id <= 7093925))
	              ->  Bitmap Index Scan on sbtest6_pkey  (cost=0.00..34.48 rows=1005 width=0)
	                    Index Cond: ((id >= 7092926) AND (id <= 7093925))

table 7 : explain SELECT DISTINCT c FROM sbtest7 WHERE id BETWEEN 3446415 AND 3447414 ORDER BY c
	Unique  (cost=4085.41..4090.61 rows=1040 width=121)
	  ->  Sort  (cost=4085.41..4088.01 rows=1040 width=121)
	        Sort Key: c
	        ->  Bitmap Heap Scan on sbtest7  (cost=35.09..4033.30 rows=1040 width=121)
	              Recheck Cond: ((id >= 3446415) AND (id <= 3447414))
	              ->  Bitmap Index Scan on sbtest7_pkey  (cost=0.00..34.84 rows=1040 width=0)
	                    Index Cond: ((id >= 3446415) AND (id <= 3447414))

table 8 : explain SELECT DISTINCT c FROM sbtest8 WHERE id BETWEEN 2905318 AND 2906317 ORDER BY c
	Unique  (cost=3581.91..3586.42 rows=902 width=121)
	  ->  Sort  (cost=3581.91..3584.17 rows=902 width=121)
	        Sort Key: c
	        ->  Index Scan using sbtest8_pkey on sbtest8  (cost=0.43..3537.64 rows=902 width=121)
	              Index Cond: ((id >= 2905318) AND (id <= 2906317))

for: simple_ranges
table 1 : explain SELECT c FROM sbtest1 WHERE id BETWEEN 4807994 AND 4808993
	Bitmap Heap Scan on sbtest1  (cost=34.93..3965.51 rows=1024 width=121)
	  Recheck Cond: ((id >= 4807994) AND (id <= 4808993))
	  ->  Bitmap Index Scan on sbtest1_pkey  (cost=0.00..34.68 rows=1024 width=0)
	        Index Cond: ((id >= 4807994) AND (id <= 4808993))

table 2 : explain SELECT c FROM sbtest2 WHERE id BETWEEN 7733170 AND 7734169
	Bitmap Heap Scan on sbtest2  (cost=34.77..3909.37 rows=1008 width=121)
	  Recheck Cond: ((id >= 7733170) AND (id <= 7734169))
	  ->  Bitmap Index Scan on sbtest2_pkey  (cost=0.00..34.52 rows=1008 width=0)
	        Index Cond: ((id >= 7733170) AND (id <= 7734169))

table 3 : explain SELECT c FROM sbtest3 WHERE id BETWEEN 7298477 AND 7299476
	Bitmap Heap Scan on sbtest3  (cost=29.77..3537.88 rows=911 width=121)
	  Recheck Cond: ((id >= 7298477) AND (id <= 7299476))
	  ->  Bitmap Index Scan on sbtest3_pkey  (cost=0.00..29.54 rows=911 width=0)
	        Index Cond: ((id >= 7298477) AND (id <= 7299476))

table 4 : explain SELECT c FROM sbtest4 WHERE id BETWEEN 8382985 AND 8383984
	Index Scan using sbtest4_pkey on sbtest4  (cost=0.43..3992.25 rows=1022 width=121)
	  Index Cond: ((id >= 8382985) AND (id <= 8383984))

table 5 : explain SELECT c FROM sbtest5 WHERE id BETWEEN 2451106 AND 2452105
	Bitmap Heap Scan on sbtest5  (cost=34.80..3923.10 rows=1011 width=121)
	  Recheck Cond: ((id >= 2451106) AND (id <= 2452105))
	  ->  Bitmap Index Scan on sbtest5_pkey  (cost=0.00..34.55 rows=1011 width=0)
	        Index Cond: ((id >= 2451106) AND (id <= 2452105))

table 6 : explain SELECT c FROM sbtest6 WHERE id BETWEEN 3473676 AND 3474675
	Bitmap Heap Scan on sbtest6  (cost=34.77..3912.23 rows=1008 width=121)
	  Recheck Cond: ((id >= 3473676) AND (id <= 3474675))
	  ->  Bitmap Index Scan on sbtest6_pkey  (cost=0.00..34.52 rows=1008 width=0)
	        Index Cond: ((id >= 3473676) AND (id <= 3474675))

table 7 : explain SELECT c FROM sbtest7 WHERE id BETWEEN 8638181 AND 8639180
	Index Scan using sbtest7_pkey on sbtest7  (cost=0.43..3459.32 rows=883 width=121)
	  Index Cond: ((id >= 8638181) AND (id <= 8639180))

table 8 : explain SELECT c FROM sbtest8 WHERE id BETWEEN 1396384 AND 1397383
	Bitmap Heap Scan on sbtest8  (cost=34.97..3987.91 rows=1028 width=121)
	  Recheck Cond: ((id >= 1396384) AND (id <= 1397383))
	  ->  Bitmap Index Scan on sbtest8_pkey  (cost=0.00..34.72 rows=1028 width=0)
	        Index Cond: ((id >= 1396384) AND (id <= 1397383))

for: order_ranges
table 1 : explain SELECT c FROM sbtest1 WHERE id BETWEEN 2681016 AND 2682015 ORDER BY c
	Sort  (cost=4184.82..4187.49 rows=1068 width=121)
	  Sort Key: c
	  ->  Bitmap Heap Scan on sbtest1  (cost=35.38..4131.09 rows=1068 width=121)
	        Recheck Cond: ((id >= 2681016) AND (id <= 2682015))
	        ->  Bitmap Index Scan on sbtest1_pkey  (cost=0.00..35.12 rows=1068 width=0)
	              Index Cond: ((id >= 2681016) AND (id <= 2682015))

table 2 : explain SELECT c FROM sbtest2 WHERE id BETWEEN 9440453 AND 9441452 ORDER BY c
	Sort  (cost=3510.41..3512.64 rows=892 width=121)
	  Sort Key: c
	  ->  Bitmap Heap Scan on sbtest2  (cost=29.58..3466.70 rows=892 width=121)
	        Recheck Cond: ((id >= 9440453) AND (id <= 9441452))
	        ->  Bitmap Index Scan on sbtest2_pkey  (cost=0.00..29.36 rows=892 width=0)
	              Index Cond: ((id >= 9440453) AND (id <= 9441452))

table 3 : explain SELECT c FROM sbtest3 WHERE id BETWEEN 1809909 AND 1810908 ORDER BY c
	Sort  (cost=4173.03..4175.69 rows=1064 width=121)
	  Sort Key: c
	  ->  Bitmap Heap Scan on sbtest3  (cost=35.34..4119.54 rows=1064 width=121)
	        Recheck Cond: ((id >= 1809909) AND (id <= 1810908))
	        ->  Bitmap Index Scan on sbtest3_pkey  (cost=0.00..35.08 rows=1064 width=0)
	              Index Cond: ((id >= 1809909) AND (id <= 1810908))

table 4 : explain SELECT c FROM sbtest4 WHERE id BETWEEN 6805431 AND 6806430 ORDER BY c
	Sort  (cost=4023.60..4026.14 rows=1017 width=121)
	  Sort Key: c
	  ->  Index Scan using sbtest4_pkey on sbtest4  (cost=0.43..3972.80 rows=1017 width=121)
	        Index Cond: ((id >= 6805431) AND (id <= 6806430))

table 5 : explain SELECT c FROM sbtest5 WHERE id BETWEEN 3030471 AND 3031470 ORDER BY c
	Sort  (cost=4027.23..4029.79 rows=1025 width=121)
	  Sort Key: c
	  ->  Bitmap Heap Scan on sbtest5  (cost=34.94..3975.97 rows=1025 width=121)
	        Recheck Cond: ((id >= 3030471) AND (id <= 3031470))
	        ->  Bitmap Index Scan on sbtest5_pkey  (cost=0.00..34.69 rows=1025 width=0)
	              Index Cond: ((id >= 3030471) AND (id <= 3031470))

table 6 : explain SELECT c FROM sbtest6 WHERE id BETWEEN 1736937 AND 1737936 ORDER BY c
	Sort  (cost=3851.23..3853.68 rows=979 width=121)
	  Sort Key: c
	  ->  Bitmap Heap Scan on sbtest6  (cost=34.47..3802.60 rows=979 width=121)
	        Recheck Cond: ((id >= 1736937) AND (id <= 1737936))
	        ->  Bitmap Index Scan on sbtest6_pkey  (cost=0.00..34.23 rows=979 width=0)
	              Index Cond: ((id >= 1736937) AND (id <= 1737936))

table 7 : explain SELECT c FROM sbtest7 WHERE id BETWEEN 7454593 AND 7455592 ORDER BY c
	Sort  (cost=3913.94..3916.41 rows=986 width=121)
	  Sort Key: c
	  ->  Index Scan using sbtest7_pkey on sbtest7  (cost=0.43..3864.91 rows=986 width=121)
	        Index Cond: ((id >= 7454593) AND (id <= 7455592))

table 8 : explain SELECT c FROM sbtest8 WHERE id BETWEEN 523056 AND 524055 ORDER BY c
	Sort  (cost=4050.84..4053.41 rows=1031 width=121)
	  Sort Key: c
	  ->  Bitmap Heap Scan on sbtest8  (cost=35.00..3999.24 rows=1031 width=121)
	        Recheck Cond: ((id >= 523056) AND (id <= 524055))
	        ->  Bitmap Index Scan on sbtest8_pkey  (cost=0.00..34.75 rows=1031 width=0)
	              Index Cond: ((id >= 523056) AND (id <= 524055))

for: order_ranges
table 1 : explain SELECT c FROM sbtest1 WHERE id BETWEEN 9369681 AND 9370680 ORDER BY c
	Sort  (cost=3997.59..4000.14 rows=1019 width=121)
	  Sort Key: c
	  ->  Bitmap Heap Scan on sbtest1  (cost=34.88..3946.68 rows=1019 width=121)
	        Recheck Cond: ((id >= 9369681) AND (id <= 9370680))
	        ->  Bitmap Index Scan on sbtest1_pkey  (cost=0.00..34.62 rows=1019 width=0)
	              Index Cond: ((id >= 9369681) AND (id <= 9370680))

table 2 : explain SELECT c FROM sbtest2 WHERE id BETWEEN 7783218 AND 7784217 ORDER BY c
	Sort  (cost=4017.11..4019.67 rows=1023 width=121)
	  Sort Key: c
	  ->  Bitmap Heap Scan on sbtest2  (cost=34.92..3965.97 rows=1023 width=121)
	        Recheck Cond: ((id >= 7783218) AND (id <= 7784217))
	        ->  Bitmap Index Scan on sbtest2_pkey  (cost=0.00..34.67 rows=1023 width=0)
	              Index Cond: ((id >= 7783218) AND (id <= 7784217))

table 3 : explain SELECT c FROM sbtest3 WHERE id BETWEEN 1517320 AND 1518319 ORDER BY c
	Sort  (cost=3594.19..3596.47 rows=914 width=121)
	  Sort Key: c
	  ->  Bitmap Heap Scan on sbtest3  (cost=29.80..3549.24 rows=914 width=121)
	        Recheck Cond: ((id >= 1517320) AND (id <= 1518319))
	        ->  Bitmap Index Scan on sbtest3_pkey  (cost=0.00..29.57 rows=914 width=0)
	              Index Cond: ((id >= 1517320) AND (id <= 1518319))

table 4 : explain SELECT c FROM sbtest4 WHERE id BETWEEN 8644812 AND 8645811 ORDER BY c
	Sort  (cost=4090.65..4093.23 rows=1034 width=121)
	  Sort Key: c
	  ->  Index Scan using sbtest4_pkey on sbtest4  (cost=0.43..4038.87 rows=1034 width=121)
	        Index Cond: ((id >= 8644812) AND (id <= 8645811))

table 5 : explain SELECT c FROM sbtest5 WHERE id BETWEEN 2729052 AND 2730051 ORDER BY c
	Sort  (cost=3477.77..3479.98 rows=883 width=121)
	  Sort Key: c
	  ->  Bitmap Heap Scan on sbtest5  (cost=29.49..3434.56 rows=883 width=121)
	        Recheck Cond: ((id >= 2729052) AND (id <= 2730051))
	        ->  Bitmap Index Scan on sbtest5_pkey  (cost=0.00..29.26 rows=883 width=0)
	              Index Cond: ((id >= 2729052) AND (id <= 2730051))

table 6 : explain SELECT c FROM sbtest6 WHERE id BETWEEN 1969918 AND 1970917 ORDER BY c
	Sort  (cost=3870.43..3872.89 rows=984 width=121)
	  Sort Key: c
	  ->  Bitmap Heap Scan on sbtest6  (cost=34.52..3821.51 rows=984 width=121)
	        Recheck Cond: ((id >= 1969918) AND (id <= 1970917))
	        ->  Bitmap Index Scan on sbtest6_pkey  (cost=0.00..34.28 rows=984 width=0)
	              Index Cond: ((id >= 1969918) AND (id <= 1970917))

table 7 : explain SELECT c FROM sbtest7 WHERE id BETWEEN 5497294 AND 5498293 ORDER BY c
	Sort  (cost=3803.18..3805.58 rows=958 width=121)
	  Sort Key: c
	  ->  Index Scan using sbtest7_pkey on sbtest7  (cost=0.43..3755.74 rows=958 width=121)
	        Index Cond: ((id >= 5497294) AND (id <= 5498293))

table 8 : explain SELECT c FROM sbtest8 WHERE id BETWEEN 8227737 AND 8228736 ORDER BY c
	Sort  (cost=3744.30..3746.66 rows=942 width=121)
	  Sort Key: c
	  ->  Index Scan using sbtest8_pkey on sbtest8  (cost=0.43..3697.77 rows=942 width=121)
	        Index Cond: ((id >= 8227737) AND (id <= 8228736))

for: sum_ranges
table 1 : explain SELECT SUM(k) FROM sbtest1 WHERE id BETWEEN 1523847 AND 1524846
	Aggregate  (cost=3821.00..3821.01 rows=1 width=8)
	  ->  Bitmap Heap Scan on sbtest1  (cost=34.53..3818.54 rows=985 width=4)
	        Recheck Cond: ((id >= 1523847) AND (id <= 1524846))
	        ->  Bitmap Index Scan on sbtest1_pkey  (cost=0.00..34.29 rows=985 width=0)
	              Index Cond: ((id >= 1523847) AND (id <= 1524846))

table 2 : explain SELECT SUM(k) FROM sbtest2 WHERE id BETWEEN 7047233 AND 7048232
	Aggregate  (cost=4277.89..4277.90 rows=1 width=8)
	  ->  Bitmap Heap Scan on sbtest2  (cost=39.75..4275.13 rows=1104 width=4)
	        Recheck Cond: ((id >= 7047233) AND (id <= 7048232))
	        ->  Bitmap Index Scan on sbtest2_pkey  (cost=0.00..39.48 rows=1104 width=0)
	              Index Cond: ((id >= 7047233) AND (id <= 7048232))

table 3 : explain SELECT SUM(k) FROM sbtest3 WHERE id BETWEEN 7927486 AND 7928485
	Aggregate  (cost=3910.97..3910.98 rows=1 width=8)
	  ->  Bitmap Heap Scan on sbtest3  (cost=34.77..3908.45 rows=1008 width=4)
	        Recheck Cond: ((id >= 7927486) AND (id <= 7928485))
	        ->  Bitmap Index Scan on sbtest3_pkey  (cost=0.00..34.52 rows=1008 width=0)
	              Index Cond: ((id >= 7927486) AND (id <= 7928485))

table 4 : explain SELECT SUM(k) FROM sbtest4 WHERE id BETWEEN 4551579 AND 4552578
	Aggregate  (cost=3788.71..3788.72 rows=1 width=8)
	  ->  Index Scan using sbtest4_pkey on sbtest4  (cost=0.43..3786.29 rows=969 width=4)
	        Index Cond: ((id >= 4551579) AND (id <= 4552578))

table 5 : explain SELECT SUM(k) FROM sbtest5 WHERE id BETWEEN 1500595 AND 1501594
	Aggregate  (cost=3865.13..3865.14 rows=1 width=8)
	  ->  Bitmap Heap Scan on sbtest5  (cost=34.63..3862.65 rows=995 width=4)
	        Recheck Cond: ((id >= 1500595) AND (id <= 1501594))
	        ->  Bitmap Index Scan on sbtest5_pkey  (cost=0.00..34.39 rows=995 width=0)
	              Index Cond: ((id >= 1500595) AND (id <= 1501594))

table 6 : explain SELECT SUM(k) FROM sbtest6 WHERE id BETWEEN 3863258 AND 3864257
	Aggregate  (cost=3634.62..3634.63 rows=1 width=8)
	  ->  Bitmap Heap Scan on sbtest6  (cost=34.01..3632.28 rows=934 width=4)
	        Recheck Cond: ((id >= 3863258) AND (id <= 3864257))
	        ->  Bitmap Index Scan on sbtest6_pkey  (cost=0.00..33.78 rows=934 width=0)
	              Index Cond: ((id >= 3863258) AND (id <= 3864257))

table 7 : explain SELECT SUM(k) FROM sbtest7 WHERE id BETWEEN 6573512 AND 6574511
	Aggregate  (cost=4156.71..4156.72 rows=1 width=8)
	  ->  Bitmap Heap Scan on sbtest7  (cost=35.42..4154.03 rows=1072 width=4)
	        Recheck Cond: ((id >= 6573512) AND (id <= 6574511))
	        ->  Bitmap Index Scan on sbtest7_pkey  (cost=0.00..35.16 rows=1072 width=0)
	              Index Cond: ((id >= 6573512) AND (id <= 6574511))

table 8 : explain SELECT SUM(k) FROM sbtest8 WHERE id BETWEEN 965832 AND 966831
	Aggregate  (cost=3933.78..3933.79 rows=1 width=8)
	  ->  Bitmap Heap Scan on sbtest8  (cost=34.82..3931.25 rows=1013 width=4)
	        Recheck Cond: ((id >= 965832) AND (id <= 966831))
	        ->  Bitmap Index Scan on sbtest8_pkey  (cost=0.00..34.57 rows=1013 width=0)
	              Index Cond: ((id >= 965832) AND (id <= 966831))

for point_selects
table 1 : explain SELECT c FROM sbtest1 WHERE id=2465079
	Index Scan using sbtest1_pkey on sbtest1  (cost=0.43..8.45 rows=1 width=121)
	  Index Cond: (id = 2465079)

table 2 : explain SELECT c FROM sbtest2 WHERE id=4568672
	Index Scan using sbtest2_pkey on sbtest2  (cost=0.43..8.45 rows=1 width=121)
	  Index Cond: (id = 4568672)

table 3 : explain SELECT c FROM sbtest3 WHERE id=6237364
	Index Scan using sbtest3_pkey on sbtest3  (cost=0.43..8.45 rows=1 width=121)
	  Index Cond: (id = 6237364)

table 4 : explain SELECT c FROM sbtest4 WHERE id=8554660
	Index Scan using sbtest4_pkey on sbtest4  (cost=0.43..8.45 rows=1 width=121)
	  Index Cond: (id = 8554660)

table 5 : explain SELECT c FROM sbtest5 WHERE id=1646305
	Index Scan using sbtest5_pkey on sbtest5  (cost=0.43..8.45 rows=1 width=121)
	  Index Cond: (id = 1646305)

table 6 : explain SELECT c FROM sbtest6 WHERE id=6770250
	Index Scan using sbtest6_pkey on sbtest6  (cost=0.43..8.45 rows=1 width=121)
	  Index Cond: (id = 6770250)

table 7 : explain SELECT c FROM sbtest7 WHERE id=4739945
	Index Scan using sbtest7_pkey on sbtest7  (cost=0.43..8.45 rows=1 width=121)
	  Index Cond: (id = 4739945)

table 8 : explain SELECT c FROM sbtest8 WHERE id=3853903
	Index Scan using sbtest8_pkey on sbtest8  (cost=0.43..8.45 rows=1 width=121)
	  Index Cond: (id = 3853903)

for point_selects
table 1 : explain SELECT c FROM sbtest1 WHERE id=5712363
	Index Scan using sbtest1_pkey on sbtest1  (cost=0.43..8.45 rows=1 width=121)
	  Index Cond: (id = 5712363)

table 2 : explain SELECT c FROM sbtest2 WHERE id=9324902
	Index Scan using sbtest2_pkey on sbtest2  (cost=0.43..8.45 rows=1 width=121)
	  Index Cond: (id = 9324902)

table 3 : explain SELECT c FROM sbtest3 WHERE id=2423597
	Index Scan using sbtest3_pkey on sbtest3  (cost=0.43..8.45 rows=1 width=121)
	  Index Cond: (id = 2423597)

table 4 : explain SELECT c FROM sbtest4 WHERE id=447722
	Index Scan using sbtest4_pkey on sbtest4  (cost=0.43..8.45 rows=1 width=121)
	  Index Cond: (id = 447722)

table 5 : explain SELECT c FROM sbtest5 WHERE id=6142495
	Index Scan using sbtest5_pkey on sbtest5  (cost=0.43..8.45 rows=1 width=121)
	  Index Cond: (id = 6142495)

table 6 : explain SELECT c FROM sbtest6 WHERE id=6605496
	Index Scan using sbtest6_pkey on sbtest6  (cost=0.43..8.45 rows=1 width=121)
	  Index Cond: (id = 6605496)

table 7 : explain SELECT c FROM sbtest7 WHERE id=2441405
	Index Scan using sbtest7_pkey on sbtest7  (cost=0.43..8.45 rows=1 width=121)
	  Index Cond: (id = 2441405)

table 8 : explain SELECT c FROM sbtest8 WHERE id=9178116
	Index Scan using sbtest8_pkey on sbtest8  (cost=0.43..8.45 rows=1 width=121)
	  Index Cond: (id = 9178116)

for: sum_ranges
table 1 : explain SELECT SUM(k) FROM sbtest1 WHERE id BETWEEN 2054993 AND 2055992
	Aggregate  (cost=4389.64..4389.65 rows=1 width=8)
	  ->  Bitmap Heap Scan on sbtest1  (cost=40.08..4386.80 rows=1136 width=4)
	        Recheck Cond: ((id >= 2054993) AND (id <= 2055992))
	        ->  Bitmap Index Scan on sbtest1_pkey  (cost=0.00..39.80 rows=1136 width=0)
	              Index Cond: ((id >= 2054993) AND (id <= 2055992))

table 2 : explain SELECT SUM(k) FROM sbtest2 WHERE id BETWEEN 3790344 AND 3791343
	Aggregate  (cost=4062.86..4062.87 rows=1 width=8)
	  ->  Bitmap Heap Scan on sbtest2  (cost=35.18..4060.24 rows=1048 width=4)
	        Recheck Cond: ((id >= 3790344) AND (id <= 3791343))
	        ->  Bitmap Index Scan on sbtest2_pkey  (cost=0.00..34.92 rows=1048 width=0)
	              Index Cond: ((id >= 3790344) AND (id <= 3791343))

table 3 : explain SELECT SUM(k) FROM sbtest3 WHERE id BETWEEN 4796577 AND 4797576
	Aggregate  (cost=3631.25..3631.26 rows=1 width=8)
	  ->  Bitmap Heap Scan on sbtest3  (cost=34.01..3628.91 rows=934 width=4)
	        Recheck Cond: ((id >= 4796577) AND (id <= 4797576))
	        ->  Bitmap Index Scan on sbtest3_pkey  (cost=0.00..33.78 rows=934 width=0)
	              Index Cond: ((id >= 4796577) AND (id <= 4797576))

table 4 : explain SELECT SUM(k) FROM sbtest4 WHERE id BETWEEN 398656 AND 399655
	Aggregate  (cost=3800.37..3800.38 rows=1 width=8)
	  ->  Index Scan using sbtest4_pkey on sbtest4  (cost=0.43..3797.94 rows=972 width=4)
	        Index Cond: ((id >= 398656) AND (id <= 399655))

table 5 : explain SELECT SUM(k) FROM sbtest5 WHERE id BETWEEN 222119 AND 223118
	Aggregate  (cost=4163.52..4163.53 rows=1 width=8)
	  ->  Bitmap Heap Scan on sbtest5  (cost=35.44..4160.84 rows=1074 width=4)
	        Recheck Cond: ((id >= 222119) AND (id <= 223118))
	        ->  Bitmap Index Scan on sbtest5_pkey  (cost=0.00..35.18 rows=1074 width=0)
	              Index Cond: ((id >= 222119) AND (id <= 223118))

table 6 : explain SELECT SUM(k) FROM sbtest6 WHERE id BETWEEN 3474378 AND 3475377
	Aggregate  (cost=3914.75..3914.76 rows=1 width=8)
	  ->  Bitmap Heap Scan on sbtest6  (cost=34.77..3912.23 rows=1008 width=4)
	        Recheck Cond: ((id >= 3474378) AND (id <= 3475377))
	        ->  Bitmap Index Scan on sbtest6_pkey  (cost=0.00..34.52 rows=1008 width=0)
	              Index Cond: ((id >= 3474378) AND (id <= 3475377))

table 7 : explain SELECT SUM(k) FROM sbtest7 WHERE id BETWEEN 2277212 AND 2278211
	Aggregate  (cost=4319.10..4319.11 rows=1 width=8)
	  ->  Bitmap Heap Scan on sbtest7  (cost=39.85..4316.32 rows=1114 width=4)
	        Recheck Cond: ((id >= 2277212) AND (id <= 2278211))
	        ->  Bitmap Index Scan on sbtest7_pkey  (cost=0.00..39.58 rows=1114 width=0)
	              Index Cond: ((id >= 2277212) AND (id <= 2278211))

table 8 : explain SELECT SUM(k) FROM sbtest8 WHERE id BETWEEN 8124441 AND 8125440
	Aggregate  (cost=3930.00..3930.01 rows=1 width=8)
	  ->  Bitmap Heap Scan on sbtest8  (cost=34.81..3927.47 rows=1012 width=4)
	        Recheck Cond: ((id >= 8124441) AND (id <= 8125440))
	        ->  Bitmap Index Scan on sbtest8_pkey  (cost=0.00..34.56 rows=1012 width=0)
	              Index Cond: ((id >= 8124441) AND (id <= 8125440))

for point_selects
table 1 : explain SELECT c FROM sbtest1 WHERE id=1135437
	Index Scan using sbtest1_pkey on sbtest1  (cost=0.43..8.45 rows=1 width=121)
	  Index Cond: (id = 1135437)

table 2 : explain SELECT c FROM sbtest2 WHERE id=5988201
	Index Scan using sbtest2_pkey on sbtest2  (cost=0.43..8.45 rows=1 width=121)
	  Index Cond: (id = 5988201)

table 3 : explain SELECT c FROM sbtest3 WHERE id=6302014
	Index Scan using sbtest3_pkey on sbtest3  (cost=0.43..8.45 rows=1 width=121)
	  Index Cond: (id = 6302014)

table 4 : explain SELECT c FROM sbtest4 WHERE id=8771948
	Index Scan using sbtest4_pkey on sbtest4  (cost=0.43..8.45 rows=1 width=121)
	  Index Cond: (id = 8771948)

table 5 : explain SELECT c FROM sbtest5 WHERE id=7526503
	Index Scan using sbtest5_pkey on sbtest5  (cost=0.43..8.45 rows=1 width=121)
	  Index Cond: (id = 7526503)

table 6 : explain SELECT c FROM sbtest6 WHERE id=2689448
	Index Scan using sbtest6_pkey on sbtest6  (cost=0.43..8.45 rows=1 width=121)
	  Index Cond: (id = 2689448)

table 7 : explain SELECT c FROM sbtest7 WHERE id=2735012
	Index Scan using sbtest7_pkey on sbtest7  (cost=0.43..8.45 rows=1 width=121)
	  Index Cond: (id = 2735012)

table 8 : explain SELECT c FROM sbtest8 WHERE id=5333295
	Index Scan using sbtest8_pkey on sbtest8  (cost=0.43..8.45 rows=1 width=121)
	  Index Cond: (id = 5333295)

for: distinct_ranges
table 1 : explain SELECT DISTINCT c FROM sbtest1 WHERE id BETWEEN 2405235 AND 2406234 ORDER BY c
	Unique  (cost=4028.18..4033.31 rows=1027 width=121)
	  ->  Sort  (cost=4028.18..4030.74 rows=1027 width=121)
	        Sort Key: c
	        ->  Bitmap Heap Scan on sbtest1  (cost=34.96..3976.81 rows=1027 width=121)
	              Recheck Cond: ((id >= 2405235) AND (id <= 2406234))
	              ->  Bitmap Index Scan on sbtest1_pkey  (cost=0.00..34.70 rows=1027 width=0)
	                    Index Cond: ((id >= 2405235) AND (id <= 2406234))

table 2 : explain SELECT DISTINCT c FROM sbtest2 WHERE id BETWEEN 1317284 AND 1318283 ORDER BY c
	Unique  (cost=4017.11..4022.23 rows=1023 width=121)
	  ->  Sort  (cost=4017.11..4019.67 rows=1023 width=121)
	        Sort Key: c
	        ->  Bitmap Heap Scan on sbtest2  (cost=34.92..3965.97 rows=1023 width=121)
	              Recheck Cond: ((id >= 1317284) AND (id <= 1318283))
	              ->  Bitmap Index Scan on sbtest2_pkey  (cost=0.00..34.67 rows=1023 width=0)
	                    Index Cond: ((id >= 1317284) AND (id <= 1318283))

table 3 : explain SELECT DISTINCT c FROM sbtest3 WHERE id BETWEEN 7496298 AND 7497297 ORDER BY c
	Unique  (cost=4046.79..4051.95 rows=1031 width=121)
	  ->  Sort  (cost=4046.79..4049.37 rows=1031 width=121)
	        Sort Key: c
	        ->  Bitmap Heap Scan on sbtest3  (cost=35.00..3995.19 rows=1031 width=121)
	              Recheck Cond: ((id >= 7496298) AND (id <= 7497297))
	              ->  Bitmap Index Scan on sbtest3_pkey  (cost=0.00..34.75 rows=1031 width=0)
	                    Index Cond: ((id >= 7496298) AND (id <= 7497297))

table 4 : explain SELECT DISTINCT c FROM sbtest4 WHERE id BETWEEN 9581037 AND 9582036 ORDER BY c
	Unique  (cost=3629.32..3633.91 rows=917 width=121)
	  ->  Sort  (cost=3629.32..3631.61 rows=917 width=121)
	        Sort Key: c
	        ->  Index Scan using sbtest4_pkey on sbtest4  (cost=0.43..3584.20 rows=917 width=121)
	              Index Cond: ((id >= 9581037) AND (id <= 9582036))

table 5 : explain SELECT DISTINCT c FROM sbtest5 WHERE id BETWEEN 4969586 AND 4970585 ORDER BY c
	Unique  (cost=3674.11..3678.77 rows=933 width=121)
	  ->  Sort  (cost=3674.11..3676.44 rows=933 width=121)
	        Sort Key: c
	        ->  Bitmap Heap Scan on sbtest5  (cost=34.00..3628.08 rows=933 width=121)
	              Recheck Cond: ((id >= 4969586) AND (id <= 4970585))
	              ->  Bitmap Index Scan on sbtest5_pkey  (cost=0.00..33.77 rows=933 width=0)
	                    Index Cond: ((id >= 4969586) AND (id <= 4970585))

table 6 : explain SELECT DISTINCT c FROM sbtest6 WHERE id BETWEEN 34125 AND 35124 ORDER BY c
	Unique  (cost=4418.32..4423.95 rows=1126 width=121)
	  ->  Sort  (cost=4418.32..4421.14 rows=1126 width=121)
	        Sort Key: c
	        ->  Bitmap Heap Scan on sbtest6  (cost=39.98..4361.25 rows=1126 width=121)
	              Recheck Cond: ((id >= 34125) AND (id <= 35124))
	              ->  Bitmap Index Scan on sbtest6_pkey  (cost=0.00..39.70 rows=1126 width=0)
	                    Index Cond: ((id >= 34125) AND (id <= 35124))

table 7 : explain SELECT DISTINCT c FROM sbtest7 WHERE id BETWEEN 1544166 AND 1545165 ORDER BY c
	Unique  (cost=3826.91..3831.73 rows=964 width=121)
	  ->  Sort  (cost=3826.91..3829.32 rows=964 width=121)
	        Sort Key: c
	        ->  Index Scan using sbtest7_pkey on sbtest7  (cost=0.43..3779.13 rows=964 width=121)
	              Index Cond: ((id >= 1544166) AND (id <= 1545165))

table 8 : explain SELECT DISTINCT c FROM sbtest8 WHERE id BETWEEN 9477754 AND 9478753 ORDER BY c
	Unique  (cost=4066.17..4071.34 rows=1035 width=121)
	  ->  Sort  (cost=4066.17..4068.76 rows=1035 width=121)
	        Sort Key: c
	        ->  Bitmap Heap Scan on sbtest8  (cost=35.04..4014.34 rows=1035 width=121)
	              Recheck Cond: ((id >= 9477754) AND (id <= 9478753))
	              ->  Bitmap Index Scan on sbtest8_pkey  (cost=0.00..34.79 rows=1035 width=0)
	                    Index Cond: ((id >= 9477754) AND (id <= 9478753))

for: simple_ranges
table 1 : explain SELECT c FROM sbtest1 WHERE id BETWEEN 7091082 AND 7092081
	Bitmap Heap Scan on sbtest1  (cost=35.00..3991.87 rows=1031 width=121)
	  Recheck Cond: ((id >= 7091082) AND (id <= 7092081))
	  ->  Bitmap Index Scan on sbtest1_pkey  (cost=0.00..34.75 rows=1031 width=0)
	        Index Cond: ((id >= 7091082) AND (id <= 7092081))

table 2 : explain SELECT c FROM sbtest2 WHERE id BETWEEN 5495227 AND 5496226
	Bitmap Heap Scan on sbtest2  (cost=35.24..4082.85 rows=1054 width=121)
	  Recheck Cond: ((id >= 5495227) AND (id <= 5496226))
	  ->  Bitmap Index Scan on sbtest2_pkey  (cost=0.00..34.98 rows=1054 width=0)
	        Index Cond: ((id >= 5495227) AND (id <= 5496226))

table 3 : explain SELECT c FROM sbtest3 WHERE id BETWEEN 15889 AND 16888
	Bitmap Heap Scan on sbtest3  (cost=35.17..4055.50 rows=1047 width=121)
	  Recheck Cond: ((id >= 15889) AND (id <= 16888))
	  ->  Bitmap Index Scan on sbtest3_pkey  (cost=0.00..34.91 rows=1047 width=0)
	        Index Cond: ((id >= 15889) AND (id <= 16888))

table 4 : explain SELECT c FROM sbtest4 WHERE id BETWEEN 5574915 AND 5575914
	Index Scan using sbtest4_pkey on sbtest4  (cost=0.43..3852.33 rows=986 width=121)
	  Index Cond: ((id >= 5574915) AND (id <= 5575914))

table 5 : explain SELECT c FROM sbtest5 WHERE id BETWEEN 8117867 AND 8118866
	Bitmap Heap Scan on sbtest5  (cost=34.32..3745.43 rows=964 width=121)
	  Recheck Cond: ((id >= 8117867) AND (id <= 8118866))
	  ->  Bitmap Index Scan on sbtest5_pkey  (cost=0.00..34.08 rows=964 width=0)
	        Index Cond: ((id >= 8117867) AND (id <= 8118866))

table 6 : explain SELECT c FROM sbtest6 WHERE id BETWEEN 1230640 AND 1231639
	Bitmap Heap Scan on sbtest6  (cost=35.08..4029.30 rows=1039 width=121)
	  Recheck Cond: ((id >= 1230640) AND (id <= 1231639))
	  ->  Bitmap Index Scan on sbtest6_pkey  (cost=0.00..34.83 rows=1039 width=0)
	        Index Cond: ((id >= 1230640) AND (id <= 1231639))

table 7 : explain SELECT c FROM sbtest7 WHERE id BETWEEN 3744196 AND 3745195
	Bitmap Heap Scan on sbtest7  (cost=34.95..3980.44 rows=1026 width=121)
	  Recheck Cond: ((id >= 3744196) AND (id <= 3745195))
	  ->  Bitmap Index Scan on sbtest7_pkey  (cost=0.00..34.70 rows=1026 width=0)
	        Index Cond: ((id >= 3744196) AND (id <= 3745195))

table 8 : explain SELECT c FROM sbtest8 WHERE id BETWEEN 1172985 AND 1173984
	Bitmap Heap Scan on sbtest8  (cost=34.99..3995.46 rows=1030 width=121)
	  Recheck Cond: ((id >= 1172985) AND (id <= 1173984))
	  ->  Bitmap Index Scan on sbtest8_pkey  (cost=0.00..34.73 rows=1030 width=0)
	        Index Cond: ((id >= 1172985) AND (id <= 1173984))

for: simple_ranges
table 1 : explain SELECT c FROM sbtest1 WHERE id BETWEEN 6134162 AND 6135161
	Bitmap Heap Scan on sbtest1  (cost=34.66..3867.55 rows=998 width=121)
	  Recheck Cond: ((id >= 6134162) AND (id <= 6135161))
	  ->  Bitmap Index Scan on sbtest1_pkey  (cost=0.00..34.42 rows=998 width=0)
	        Index Cond: ((id >= 6134162) AND (id <= 6135161))

table 2 : explain SELECT c FROM sbtest2 WHERE id BETWEEN 8688699 AND 8689698
	Bitmap Heap Scan on sbtest2  (cost=33.87..3576.75 rows=920 width=121)
	  Recheck Cond: ((id >= 8688699) AND (id <= 8689698))
	  ->  Bitmap Index Scan on sbtest2_pkey  (cost=0.00..33.64 rows=920 width=0)
	        Index Cond: ((id >= 8688699) AND (id <= 8689698))

table 3 : explain SELECT c FROM sbtest3 WHERE id BETWEEN 5718101 AND 5719100
	Bitmap Heap Scan on sbtest3  (cost=34.17..3689.41 rows=950 width=121)
	  Recheck Cond: ((id >= 5718101) AND (id <= 5719100))
	  ->  Bitmap Index Scan on sbtest3_pkey  (cost=0.00..33.94 rows=950 width=0)
	        Index Cond: ((id >= 5718101) AND (id <= 5719100))

table 4 : explain SELECT c FROM sbtest4 WHERE id BETWEEN 2231299 AND 2232298
	Index Scan using sbtest4_pkey on sbtest4  (cost=0.43..4151.57 rows=1063 width=121)
	  Index Cond: ((id >= 2231299) AND (id <= 2232298))

table 5 : explain SELECT c FROM sbtest5 WHERE id BETWEEN 8773655 AND 8774654
	Bitmap Heap Scan on sbtest5  (cost=34.45..3794.60 rows=977 width=121)
	  Recheck Cond: ((id >= 8773655) AND (id <= 8774654))
	  ->  Bitmap Index Scan on sbtest5_pkey  (cost=0.00..34.20 rows=977 width=0)
	        Index Cond: ((id >= 8773655) AND (id <= 8774654))

table 6 : explain SELECT c FROM sbtest6 WHERE id BETWEEN 8827577 AND 8828576
	Bitmap Heap Scan on sbtest6  (cost=35.25..4089.68 rows=1055 width=121)
	  Recheck Cond: ((id >= 8827577) AND (id <= 8828576))
	  ->  Bitmap Index Scan on sbtest6_pkey  (cost=0.00..34.98 rows=1055 width=0)
	        Index Cond: ((id >= 8827577) AND (id <= 8828576))

table 7 : explain SELECT c FROM sbtest7 WHERE id BETWEEN 617880 AND 618879
	Index Scan using sbtest7_pkey on sbtest7  (cost=0.43..3833.70 rows=978 width=121)
	  Index Cond: ((id >= 617880) AND (id <= 618879))

table 8 : explain SELECT c FROM sbtest8 WHERE id BETWEEN 5942039 AND 5943038
	Bitmap Heap Scan on sbtest8  (cost=34.55..3832.98 rows=987 width=121)
	  Recheck Cond: ((id >= 5942039) AND (id <= 5943038))
	  ->  Bitmap Index Scan on sbtest8_pkey  (cost=0.00..34.31 rows=987 width=0)
	        Index Cond: ((id >= 5942039) AND (id <= 5943038))

for: order_ranges
table 1 : explain SELECT c FROM sbtest1 WHERE id BETWEEN 2811707 AND 2812706 ORDER BY c
	Sort  (cost=3909.61..3912.10 rows=996 width=121)
	  Sort Key: c
	  ->  Bitmap Heap Scan on sbtest1  (cost=34.64..3860.01 rows=996 width=121)
	        Recheck Cond: ((id >= 2811707) AND (id <= 2812706))
	        ->  Bitmap Index Scan on sbtest1_pkey  (cost=0.00..34.40 rows=996 width=0)
	              Index Cond: ((id >= 2811707) AND (id <= 2812706))

table 2 : explain SELECT c FROM sbtest2 WHERE id BETWEEN 9853171 AND 9854170 ORDER BY c
	Sort  (cost=4040.09..4042.66 rows=1029 width=121)
	  Sort Key: c
	  ->  Bitmap Heap Scan on sbtest2  (cost=34.98..3988.60 rows=1029 width=121)
	        Recheck Cond: ((id >= 9853171) AND (id <= 9854170))
	        ->  Bitmap Index Scan on sbtest2_pkey  (cost=0.00..34.73 rows=1029 width=0)
	              Index Cond: ((id >= 9853171) AND (id <= 9854170))

table 3 : explain SELECT c FROM sbtest3 WHERE id BETWEEN 5407534 AND 5408533 ORDER BY c
	Sort  (cost=3774.76..3777.16 rows=960 width=121)
	  Sort Key: c
	  ->  Bitmap Heap Scan on sbtest3  (cost=34.28..3727.21 rows=960 width=121)
	        Recheck Cond: ((id >= 5407534) AND (id <= 5408533))
	        ->  Bitmap Index Scan on sbtest3_pkey  (cost=0.00..34.04 rows=960 width=0)
	              Index Cond: ((id >= 5407534) AND (id <= 5408533))

table 4 : explain SELECT c FROM sbtest4 WHERE id BETWEEN 3535101 AND 3536100 ORDER BY c
	Sort  (cost=3779.13..3781.52 rows=955 width=121)
	  Sort Key: c
	  ->  Index Scan using sbtest4_pkey on sbtest4  (cost=0.43..3731.86 rows=955 width=121)
	        Index Cond: ((id >= 3535101) AND (id <= 3536100))

table 5 : explain SELECT c FROM sbtest5 WHERE id BETWEEN 6739126 AND 6740125 ORDER BY c
	Sort  (cost=3739.43..3741.81 rows=950 width=121)
	  Sort Key: c
	  ->  Bitmap Heap Scan on sbtest5  (cost=34.17..3692.45 rows=950 width=121)
	        Recheck Cond: ((id >= 6739126) AND (id <= 6740125))
	        ->  Bitmap Index Scan on sbtest5_pkey  (cost=0.00..33.94 rows=950 width=0)
	              Index Cond: ((id >= 6739126) AND (id <= 6740125))

table 6 : explain SELECT c FROM sbtest6 WHERE id BETWEEN 7812763 AND 7813762 ORDER BY c
	Sort  (cost=3855.07..3857.52 rows=980 width=121)
	  Sort Key: c
	  ->  Bitmap Heap Scan on sbtest6  (cost=34.48..3806.38 rows=980 width=121)
	        Recheck Cond: ((id >= 7812763) AND (id <= 7813762))
	        ->  Bitmap Index Scan on sbtest6_pkey  (cost=0.00..34.23 rows=980 width=0)
	              Index Cond: ((id >= 7812763) AND (id <= 7813762))

table 7 : explain SELECT c FROM sbtest7 WHERE id BETWEEN 2682236 AND 2683235 ORDER BY c
	Sort  (cost=4008.89..4011.42 rows=1010 width=121)
	  Sort Key: c
	  ->  Index Scan using sbtest7_pkey on sbtest7  (cost=0.43..3958.49 rows=1010 width=121)
	        Index Cond: ((id >= 2682236) AND (id <= 2683235))

table 8 : explain SELECT c FROM sbtest8 WHERE id BETWEEN 8847206 AND 8848205 ORDER BY c
	Sort  (cost=4146.63..4149.27 rows=1056 width=121)
	  Sort Key: c
	  ->  Bitmap Heap Scan on sbtest8  (cost=35.26..4093.60 rows=1056 width=121)
	        Recheck Cond: ((id >= 8847206) AND (id <= 8848205))
	        ->  Bitmap Index Scan on sbtest8_pkey  (cost=0.00..35.00 rows=1056 width=0)
	              Index Cond: ((id >= 8847206) AND (id <= 8848205))
for: distinct_ranges
table 1 : explain SELECT DISTINCT c FROM sbtest1 WHERE id BETWEEN 688613 AND 689612 ORDER BY c
	Unique  (cost=3506.97..3511.43 rows=892 width=121)
	  ->  Sort  (cost=3506.97..3509.20 rows=892 width=121)
	        Sort Key: c
	        ->  Bitmap Heap Scan on sbtest1  (cost=29.58..3463.26 rows=892 width=121)
	              Recheck Cond: ((id >= 688613) AND (id <= 689612))
	              ->  Bitmap Index Scan on sbtest1_pkey  (cost=0.00..29.36 rows=892 width=0)
	                    Index Cond: ((id >= 688613) AND (id <= 689612))

table 2 : explain SELECT DISTINCT c FROM sbtest2 WHERE id BETWEEN 2138990 AND 2139989 ORDER BY c
	Unique  (cost=3844.66..3849.55 rows=978 width=121)
	  ->  Sort  (cost=3844.66..3847.11 rows=978 width=121)
	        Sort Key: c
	        ->  Bitmap Heap Scan on sbtest2  (cost=34.46..3796.09 rows=978 width=121)
	              Recheck Cond: ((id >= 2138990) AND (id <= 2139989))
	              ->  Bitmap Index Scan on sbtest2_pkey  (cost=0.00..34.22 rows=978 width=0)
	                    Index Cond: ((id >= 2138990) AND (id <= 2139989))

table 3 : explain SELECT DISTINCT c FROM sbtest3 WHERE id BETWEEN 8814985 AND 8815984 ORDER BY c
	Unique  (cost=3674.99..3679.66 rows=934 width=121)
	  ->  Sort  (cost=3674.99..3677.33 rows=934 width=121)
	        Sort Key: c
	        ->  Bitmap Heap Scan on sbtest3  (cost=34.01..3628.91 rows=934 width=121)
	              Recheck Cond: ((id >= 8814985) AND (id <= 8815984))
	              ->  Bitmap Index Scan on sbtest3_pkey  (cost=0.00..33.78 rows=934 width=0)
	                    Index Cond: ((id >= 8814985) AND (id <= 8815984))

table 4 : explain SELECT DISTINCT c FROM sbtest4 WHERE id BETWEEN 6767864 AND 6768863 ORDER BY c
	Unique  (cost=4023.60..4028.68 rows=1017 width=121)
	  ->  Sort  (cost=4023.60..4026.14 rows=1017 width=121)
	        Sort Key: c
	        ->  Index Scan using sbtest4_pkey on sbtest4  (cost=0.43..3972.80 rows=1017 width=121)
	              Index Cond: ((id >= 6767864) AND (id <= 6768863))

table 5 : explain SELECT DISTINCT c FROM sbtest5 WHERE id BETWEEN 3855624 AND 3856623 ORDER BY c
	Unique  (cost=3985.06..3990.13 rows=1014 width=121)
	  ->  Sort  (cost=3985.06..3987.60 rows=1014 width=121)
	        Sort Key: c
	        ->  Bitmap Heap Scan on sbtest5  (cost=34.83..3934.43 rows=1014 width=121)
	              Recheck Cond: ((id >= 3855624) AND (id <= 3856623))
	              ->  Bitmap Index Scan on sbtest5_pkey  (cost=0.00..34.58 rows=1014 width=0)
	                    Index Cond: ((id >= 3855624) AND (id <= 3856623))

table 6 : explain SELECT DISTINCT c FROM sbtest6 WHERE id BETWEEN 7070801 AND 7071800 ORDER BY c
	Unique  (cost=3951.01..3956.03 rows=1005 width=121)
	  ->  Sort  (cost=3951.01..3953.52 rows=1005 width=121)
	        Sort Key: c
	        ->  Bitmap Heap Scan on sbtest6  (cost=34.74..3900.89 rows=1005 width=121)
	              Recheck Cond: ((id >= 7070801) AND (id <= 7071800))
	              ->  Bitmap Index Scan on sbtest6_pkey  (cost=0.00..34.48 rows=1005 width=0)
	                    Index Cond: ((id >= 7070801) AND (id <= 7071800))

table 7 : explain SELECT DISTINCT c FROM sbtest7 WHERE id BETWEEN 2888650 AND 2889649 ORDER BY c
	Unique  (cost=3993.04..3998.07 rows=1006 width=121)
	  ->  Sort  (cost=3993.04..3995.56 rows=1006 width=121)
	        Sort Key: c
	        ->  Index Scan using sbtest7_pkey on sbtest7  (cost=0.43..3942.87 rows=1006 width=121)
	              Index Cond: ((id >= 2888650) AND (id <= 2889649))

table 8 : explain SELECT DISTINCT c FROM sbtest8 WHERE id BETWEEN 3597755 AND 3598754 ORDER BY c
	Unique  (cost=3558.16..3562.64 rows=896 width=121)
	  ->  Sort  (cost=3558.16..3560.40 rows=896 width=121)
	        Sort Key: c
	        ->  Index Scan using sbtest8_pkey on sbtest8  (cost=0.43..3514.22 rows=896 width=121)
	              Index Cond: ((id >= 3597755) AND (id <= 3598754))


for point_selects
table 1 : explain SELECT c FROM sbtest1 WHERE id=7597060
	Index Scan using sbtest1_pkey on sbtest1  (cost=0.43..8.45 rows=1 width=121)
	  Index Cond: (id = 7597060)

table 2 : explain SELECT c FROM sbtest2 WHERE id=1020070
	Index Scan using sbtest2_pkey on sbtest2  (cost=0.43..8.45 rows=1 width=121)
	  Index Cond: (id = 1020070)

table 3 : explain SELECT c FROM sbtest3 WHERE id=9290298
	Index Scan using sbtest3_pkey on sbtest3  (cost=0.43..8.45 rows=1 width=121)
	  Index Cond: (id = 9290298)

table 4 : explain SELECT c FROM sbtest4 WHERE id=1053752
	Index Scan using sbtest4_pkey on sbtest4  (cost=0.43..8.45 rows=1 width=121)
	  Index Cond: (id = 1053752)

table 5 : explain SELECT c FROM sbtest5 WHERE id=2635912
	Index Scan using sbtest5_pkey on sbtest5  (cost=0.43..8.45 rows=1 width=121)
	  Index Cond: (id = 2635912)

table 6 : explain SELECT c FROM sbtest6 WHERE id=8741360
	Index Scan using sbtest6_pkey on sbtest6  (cost=0.43..8.45 rows=1 width=121)
	  Index Cond: (id = 8741360)

table 7 : explain SELECT c FROM sbtest7 WHERE id=6198928
	Index Scan using sbtest7_pkey on sbtest7  (cost=0.43..8.45 rows=1 width=121)
	  Index Cond: (id = 6198928)

table 8 : explain SELECT c FROM sbtest8 WHERE id=3289811
	Index Scan using sbtest8_pkey on sbtest8  (cost=0.43..8.45 rows=1 width=121)
	  Index Cond: (id = 3289811)

for point_selects
table 1 : explain SELECT c FROM sbtest1 WHERE id=6950202
	Index Scan using sbtest1_pkey on sbtest1  (cost=0.43..8.45 rows=1 width=121)
	  Index Cond: (id = 6950202)

table 2 : explain SELECT c FROM sbtest2 WHERE id=7195416
	Index Scan using sbtest2_pkey on sbtest2  (cost=0.43..8.45 rows=1 width=121)
	  Index Cond: (id = 7195416)

table 3 : explain SELECT c FROM sbtest3 WHERE id=9885534
	Index Scan using sbtest3_pkey on sbtest3  (cost=0.43..8.45 rows=1 width=121)
	  Index Cond: (id = 9885534)

table 4 : explain SELECT c FROM sbtest4 WHERE id=7551604
	Index Scan using sbtest4_pkey on sbtest4  (cost=0.43..8.45 rows=1 width=121)
	  Index Cond: (id = 7551604)

table 5 : explain SELECT c FROM sbtest5 WHERE id=871517
	Index Scan using sbtest5_pkey on sbtest5  (cost=0.43..8.45 rows=1 width=121)
	  Index Cond: (id = 871517)

table 6 : explain SELECT c FROM sbtest6 WHERE id=5156661
	Index Scan using sbtest6_pkey on sbtest6  (cost=0.43..8.45 rows=1 width=121)
	  Index Cond: (id = 5156661)

table 7 : explain SELECT c FROM sbtest7 WHERE id=3806252
	Index Scan using sbtest7_pkey on sbtest7  (cost=0.43..8.45 rows=1 width=121)
	  Index Cond: (id = 3806252)

table 8 : explain SELECT c FROM sbtest8 WHERE id=8456549
	Index Scan using sbtest8_pkey on sbtest8  (cost=0.43..8.45 rows=1 width=121)
	  Index Cond: (id = 8456549)

for: simple_ranges
table 1 : explain SELECT c FROM sbtest1 WHERE id BETWEEN 6183877 AND 6184876
	Bitmap Heap Scan on sbtest1  (cost=35.60..4210.04 rows=1089 width=121)
	  Recheck Cond: ((id >= 6183877) AND (id <= 6184876))
	  ->  Bitmap Index Scan on sbtest1_pkey  (cost=0.00..35.33 rows=1089 width=0)
	        Index Cond: ((id >= 6183877) AND (id <= 6184876))

table 2 : explain SELECT c FROM sbtest2 WHERE id BETWEEN 1848738 AND 1849737
	Bitmap Heap Scan on sbtest2  (cost=35.52..4184.56 rows=1081 width=121)
	  Recheck Cond: ((id >= 1848738) AND (id <= 1849737))
	  ->  Bitmap Index Scan on sbtest2_pkey  (cost=0.00..35.25 rows=1081 width=0)
	        Index Cond: ((id >= 1848738) AND (id <= 1849737))

table 3 : explain SELECT c FROM sbtest3 WHERE id BETWEEN 3653434 AND 3654433
	Bitmap Heap Scan on sbtest3  (cost=35.22..4074.34 rows=1052 width=121)
	  Recheck Cond: ((id >= 3653434) AND (id <= 3654433))
	  ->  Bitmap Index Scan on sbtest3_pkey  (cost=0.00..34.95 rows=1052 width=0)
	        Index Cond: ((id >= 3653434) AND (id <= 3654433))

table 4 : explain SELECT c FROM sbtest4 WHERE id BETWEEN 8592895 AND 8593894
	Index Scan using sbtest4_pkey on sbtest4  (cost=0.43..3762.98 rows=963 width=121)
	  Index Cond: ((id >= 8592895) AND (id <= 8593894))

table 5 : explain SELECT c FROM sbtest5 WHERE id BETWEEN 3255240 AND 3256239
	Bitmap Heap Scan on sbtest5  (cost=35.00..3998.63 rows=1031 width=121)
	  Recheck Cond: ((id >= 3255240) AND (id <= 3256239))
	  ->  Bitmap Index Scan on sbtest5_pkey  (cost=0.00..34.75 rows=1031 width=0)
	        Index Cond: ((id >= 3255240) AND (id <= 3256239))

table 6 : explain SELECT c FROM sbtest6 WHERE id BETWEEN 6710291 AND 6711290
	Bitmap Heap Scan on sbtest6  (cost=34.20..3704.22 rows=953 width=121)
	  Recheck Cond: ((id >= 6710291) AND (id <= 6711290))
	  ->  Bitmap Index Scan on sbtest6_pkey  (cost=0.00..33.97 rows=953 width=0)
	        Index Cond: ((id >= 6710291) AND (id <= 6711290))

table 7 : explain SELECT c FROM sbtest7 WHERE id BETWEEN 113788 AND 114787
	Index Scan using sbtest7_pkey on sbtest7  (cost=0.43..3861.02 rows=985 width=121)
	  Index Cond: ((id >= 113788) AND (id <= 114787))

table 8 : explain SELECT c FROM sbtest8 WHERE id BETWEEN 3177932 AND 3178931
	Bitmap Heap Scan on sbtest8  (cost=34.74..3901.02 rows=1005 width=121)
	  Recheck Cond: ((id >= 3177932) AND (id <= 3178931))
	  ->  Bitmap Index Scan on sbtest8_pkey  (cost=0.00..34.48 rows=1005 width=0)
	        Index Cond: ((id >= 3177932) AND (id <= 3178931))

for: order_ranges
table 1 : explain SELECT c FROM sbtest1 WHERE id BETWEEN 2582370 AND 2583369 ORDER BY c
	Sort  (cost=3909.61..3912.10 rows=996 width=121)
	  Sort Key: c
	  ->  Bitmap Heap Scan on sbtest1  (cost=34.64..3860.01 rows=996 width=121)
	        Recheck Cond: ((id >= 2582370) AND (id <= 2583369))
	        ->  Bitmap Index Scan on sbtest1_pkey  (cost=0.00..34.40 rows=996 width=0)
	              Index Cond: ((id >= 2582370) AND (id <= 2583369))

table 2 : explain SELECT c FROM sbtest2 WHERE id BETWEEN 6422233 AND 6423232 ORDER BY c
	Sort  (cost=3817.81..3820.24 rows=971 width=121)
	  Sort Key: c
	  ->  Bitmap Heap Scan on sbtest2  (cost=34.39..3769.64 rows=971 width=121)
	        Recheck Cond: ((id >= 6422233) AND (id <= 6423232))
	        ->  Bitmap Index Scan on sbtest2_pkey  (cost=0.00..34.15 rows=971 width=0)
	              Index Cond: ((id >= 6422233) AND (id <= 6423232))

table 3 : explain SELECT c FROM sbtest3 WHERE id BETWEEN 1421445 AND 1422444 ORDER BY c
	Sort  (cost=3574.98..3577.25 rows=909 width=121)
	  Sort Key: c
	  ->  Bitmap Heap Scan on sbtest3  (cost=29.75..3530.31 rows=909 width=121)
	        Recheck Cond: ((id >= 1421445) AND (id <= 1422444))
	        ->  Bitmap Index Scan on sbtest3_pkey  (cost=0.00..29.52 rows=909 width=0)
	              Index Cond: ((id >= 1421445) AND (id <= 1422444))

table 4 : explain SELECT c FROM sbtest4 WHERE id BETWEEN 878876 AND 879875 ORDER BY c
	Sort  (cost=4421.97..4424.77 rows=1117 width=121)
	  Sort Key: c
	  ->  Index Scan using sbtest4_pkey on sbtest4  (cost=0.43..4365.42 rows=1117 width=121)
	        Index Cond: ((id >= 878876) AND (id <= 879875))

table 5 : explain SELECT c FROM sbtest5 WHERE id BETWEEN 3847001 AND 3848000 ORDER BY c
	Sort  (cost=3985.06..3987.60 rows=1014 width=121)
	  Sort Key: c
	  ->  Bitmap Heap Scan on sbtest5  (cost=34.83..3934.43 rows=1014 width=121)
	        Recheck Cond: ((id >= 3847001) AND (id <= 3848000))
	        ->  Bitmap Index Scan on sbtest5_pkey  (cost=0.00..34.58 rows=1014 width=0)
	              Index Cond: ((id >= 3847001) AND (id <= 3848000))

table 6 : explain SELECT c FROM sbtest6 WHERE id BETWEEN 933886 AND 934885 ORDER BY c
	Sort  (cost=3755.22..3757.61 rows=954 width=121)
	  Sort Key: c
	  ->  Bitmap Heap Scan on sbtest6  (cost=34.21..3708.01 rows=954 width=121)
	        Recheck Cond: ((id >= 933886) AND (id <= 934885))
	        ->  Bitmap Index Scan on sbtest6_pkey  (cost=0.00..33.98 rows=954 width=0)
	              Index Cond: ((id >= 933886) AND (id <= 934885))

table 7 : explain SELECT c FROM sbtest7 WHERE id BETWEEN 3743498 AND 3744497 ORDER BY c
	Sort  (cost=4031.75..4034.32 rows=1026 width=121)
	  Sort Key: c
	  ->  Bitmap Heap Scan on sbtest7  (cost=34.95..3980.44 rows=1026 width=121)
	        Recheck Cond: ((id >= 3743498) AND (id <= 3744497))
	        ->  Bitmap Index Scan on sbtest7_pkey  (cost=0.00..34.70 rows=1026 width=0)
	              Index Cond: ((id >= 3743498) AND (id <= 3744497))

table 8 : explain SELECT c FROM sbtest8 WHERE id BETWEEN 9156172 AND 9157171 ORDER BY c
	Sort  (cost=4066.17..4068.76 rows=1035 width=121)
	  Sort Key: c
	  ->  Bitmap Heap Scan on sbtest8  (cost=35.04..4014.34 rows=1035 width=121)
	        Recheck Cond: ((id >= 9156172) AND (id <= 9157171))
	        ->  Bitmap Index Scan on sbtest8_pkey  (cost=0.00..34.79 rows=1035 width=0)
	              Index Cond: ((id >= 9156172) AND (id <= 9157171))

explain: for point_selects :: explain SELECT c FROM sbtest%u WHERE id=%u
for: distinct_ranges
table 1 : explain SELECT DISTINCT c FROM sbtest1 WHERE id BETWEEN 2961318 AND 2962317 ORDER BY c
	Unique  (cost=4207.72..4213.09 rows=1074 width=121)
	  ->  Sort  (cost=4207.72..4210.41 rows=1074 width=121)
	        Sort Key: c
	        ->  Bitmap Heap Scan on sbtest1  (cost=35.44..4153.65 rows=1074 width=121)
	              Recheck Cond: ((id >= 2961318) AND (id <= 2962317))
	              ->  Bitmap Index Scan on sbtest1_pkey  (cost=0.00..35.18 rows=1074 width=0)
	                    Index Cond: ((id >= 2961318) AND (id <= 2962317))

table 2 : explain SELECT DISTINCT c FROM sbtest2 WHERE id BETWEEN 4985786 AND 4986785 ORDER BY c
	Unique  (cost=4185.50..4190.83 rows=1067 width=121)
	  ->  Sort  (cost=4185.50..4188.17 rows=1067 width=121)
	        Sort Key: c
	        ->  Bitmap Heap Scan on sbtest2  (cost=35.37..4131.83 rows=1067 width=121)
	              Recheck Cond: ((id >= 4985786) AND (id <= 4986785))
	              ->  Bitmap Index Scan on sbtest2_pkey  (cost=0.00..35.11 rows=1067 width=0)
	                    Index Cond: ((id >= 4985786) AND (id <= 4986785))

table 3 : explain SELECT DISTINCT c FROM sbtest3 WHERE id BETWEEN 4585029 AND 4586028 ORDER BY c
	Unique  (cost=3663.47..3668.13 rows=931 width=121)
	  ->  Sort  (cost=3663.47..3665.80 rows=931 width=121)
	        Sort Key: c
	        ->  Bitmap Heap Scan on sbtest3  (cost=33.98..3617.56 rows=931 width=121)
	              Recheck Cond: ((id >= 4585029) AND (id <= 4586028))
	              ->  Bitmap Index Scan on sbtest3_pkey  (cost=0.00..33.75 rows=931 width=0)
	                    Index Cond: ((id >= 4585029) AND (id <= 4586028))

table 4 : explain SELECT DISTINCT c FROM sbtest4 WHERE id BETWEEN 9274347 AND 9275346 ORDER BY c
	Unique  (cost=3889.53..3894.45 rows=983 width=121)
	  ->  Sort  (cost=3889.53..3891.99 rows=983 width=121)
	        Sort Key: c
	        ->  Index Scan using sbtest4_pkey on sbtest4  (cost=0.43..3840.67 rows=983 width=121)
	              Index Cond: ((id >= 9274347) AND (id <= 9275346))

table 5 : explain SELECT DISTINCT c FROM sbtest5 WHERE id BETWEEN 3497897 AND 3498896 ORDER BY c
	Unique  (cost=3516.26..3520.73 rows=893 width=121)
	  ->  Sort  (cost=3516.26..3518.49 rows=893 width=121)
	        Sort Key: c
	        ->  Bitmap Heap Scan on sbtest5  (cost=29.59..3472.49 rows=893 width=121)
	              Recheck Cond: ((id >= 3497897) AND (id <= 3498896))
	              ->  Bitmap Index Scan on sbtest5_pkey  (cost=0.00..29.36 rows=893 width=0)
	                    Index Cond: ((id >= 3497897) AND (id <= 3498896))

table 6 : explain SELECT DISTINCT c FROM sbtest6 WHERE id BETWEEN 1414080 AND 1415079 ORDER BY c
	Unique  (cost=3954.84..3959.87 rows=1006 width=121)
	  ->  Sort  (cost=3954.84..3957.36 rows=1006 width=121)
	        Sort Key: c
	        ->  Bitmap Heap Scan on sbtest6  (cost=34.75..3904.67 rows=1006 width=121)
	              Recheck Cond: ((id >= 1414080) AND (id <= 1415079))
	              ->  Bitmap Index Scan on sbtest6_pkey  (cost=0.00..34.50 rows=1006 width=0)
	                    Index Cond: ((id >= 1414080) AND (id <= 1415079))

table 7 : explain SELECT DISTINCT c FROM sbtest7 WHERE id BETWEEN 6455695 AND 6456694 ORDER BY c
	Unique  (cost=3811.09..3815.89 rows=960 width=121)
	  ->  Sort  (cost=3811.09..3813.49 rows=960 width=121)
	        Sort Key: c
	        ->  Index Scan using sbtest7_pkey on sbtest7  (cost=0.43..3763.54 rows=960 width=121)
	              Index Cond: ((id >= 6455695) AND (id <= 6456694))

table 8 : explain SELECT DISTINCT c FROM sbtest8 WHERE id BETWEEN 2274725 AND 2275724 ORDER BY c
	Unique  (cost=4073.83..4079.02 rows=1037 width=121)
	  ->  Sort  (cost=4073.83..4076.43 rows=1037 width=121)
	        Sort Key: c
	        ->  Bitmap Heap Scan on sbtest8  (cost=35.06..4021.89 rows=1037 width=121)
	              Recheck Cond: ((id >= 2274725) AND (id <= 2275724))
	              ->  Bitmap Index Scan on sbtest8_pkey  (cost=0.00..34.81 rows=1037 width=0)
	                    Index Cond: ((id >= 2274725) AND (id <= 2275724))

explain: for point_selects :: explain SELECT c FROM sbtest%u WHERE id=%u
for: sum_ranges
table 1 : explain SELECT SUM(k) FROM sbtest1 WHERE id BETWEEN 3630659 AND 3631658
	Aggregate  (cost=3824.77..3824.78 rows=1 width=8)
	  ->  Bitmap Heap Scan on sbtest1  (cost=34.54..3822.31 rows=986 width=4)
	        Recheck Cond: ((id >= 3630659) AND (id <= 3631658))
	        ->  Bitmap Index Scan on sbtest1_pkey  (cost=0.00..34.30 rows=986 width=0)
	              Index Cond: ((id >= 3630659) AND (id <= 3631658))

table 2 : explain SELECT SUM(k) FROM sbtest2 WHERE id BETWEEN 3883769 AND 3884768
	Aggregate  (cost=3893.00..3893.01 rows=1 width=8)
	  ->  Bitmap Heap Scan on sbtest2  (cost=34.72..3890.50 rows=1003 width=4)
	        Recheck Cond: ((id >= 3883769) AND (id <= 3884768))
	        ->  Bitmap Index Scan on sbtest2_pkey  (cost=0.00..34.47 rows=1003 width=0)
	              Index Cond: ((id >= 3883769) AND (id <= 3884768))

table 3 : explain SELECT SUM(k) FROM sbtest3 WHERE id BETWEEN 2466120 AND 2467119
	Aggregate  (cost=3907.19..3907.20 rows=1 width=8)
	  ->  Bitmap Heap Scan on sbtest3  (cost=34.76..3904.68 rows=1007 width=4)
	        Recheck Cond: ((id >= 2466120) AND (id <= 2467119))
	        ->  Bitmap Index Scan on sbtest3_pkey  (cost=0.00..34.51 rows=1007 width=0)
	              Index Cond: ((id >= 2466120) AND (id <= 2467119))

table 4 : explain SELECT SUM(k) FROM sbtest4 WHERE id BETWEEN 44412 AND 45411
	Aggregate  (cost=4088.11..4088.12 rows=1 width=8)
	  ->  Index Scan using sbtest4_pkey on sbtest4  (cost=0.43..4085.49 rows=1046 width=4)
	        Index Cond: ((id >= 44412) AND (id <= 45411))

table 5 : explain SELECT SUM(k) FROM sbtest5 WHERE id BETWEEN 1717112 AND 1718111
	Aggregate  (cost=3895.39..3895.40 rows=1 width=8)
	  ->  Bitmap Heap Scan on sbtest5  (cost=34.72..3892.88 rows=1003 width=4)
	        Recheck Cond: ((id >= 1717112) AND (id <= 1718111))
	        ->  Bitmap Index Scan on sbtest5_pkey  (cost=0.00..34.47 rows=1003 width=0)
	              Index Cond: ((id >= 1717112) AND (id <= 1718111))

table 6 : explain SELECT SUM(k) FROM sbtest6 WHERE id BETWEEN 813668 AND 814667
	Aggregate  (cost=4016.79..4016.80 rows=1 width=8)
	  ->  Bitmap Heap Scan on sbtest6  (cost=35.04..4014.20 rows=1035 width=4)
	        Recheck Cond: ((id >= 813668) AND (id <= 814667))
	        ->  Bitmap Index Scan on sbtest6_pkey  (cost=0.00..34.79 rows=1035 width=0)
	              Index Cond: ((id >= 813668) AND (id <= 814667))

table 7 : explain SELECT SUM(k) FROM sbtest7 WHERE id BETWEEN 5016167 AND 5017166
	Aggregate  (cost=3680.10..3680.11 rows=1 width=8)
	  ->  Index Scan using sbtest7_pkey on sbtest7  (cost=0.43..3677.76 rows=938 width=4)
	        Index Cond: ((id >= 5016167) AND (id <= 5017166))

table 8 : explain SELECT SUM(k) FROM sbtest8 WHERE id BETWEEN 4221249 AND 4222248
	Aggregate  (cost=3629.83..3629.84 rows=1 width=8)
	  ->  Index Scan using sbtest8_pkey on sbtest8  (cost=0.43..3627.52 rows=924 width=4)
	        Index Cond: ((id >= 4221249) AND (id <= 4222248))

for: distinct_ranges
table 1 : explain SELECT DISTINCT c FROM sbtest1 WHERE id BETWEEN 7311514 AND 7312513 ORDER BY c
	Unique  (cost=3894.30..3899.26 rows=992 width=121)
	  ->  Sort  (cost=3894.30..3896.78 rows=992 width=121)
	        Sort Key: c
	        ->  Bitmap Heap Scan on sbtest1  (cost=34.60..3844.93 rows=992 width=121)
	              Recheck Cond: ((id >= 7311514) AND (id <= 7312513))
	              ->  Bitmap Index Scan on sbtest1_pkey  (cost=0.00..34.36 rows=992 width=0)
	                    Index Cond: ((id >= 7311514) AND (id <= 7312513))

table 2 : explain SELECT DISTINCT c FROM sbtest2 WHERE id BETWEEN 2524589 AND 2525588 ORDER BY c
	Unique  (cost=3587.30..3591.86 rows=912 width=121)
	  ->  Sort  (cost=3587.30..3589.58 rows=912 width=121)
	        Sort Key: c
	        ->  Bitmap Heap Scan on sbtest2  (cost=29.78..3542.46 rows=912 width=121)
	              Recheck Cond: ((id >= 2524589) AND (id <= 2525588))
	              ->  Bitmap Index Scan on sbtest2_pkey  (cost=0.00..29.55 rows=912 width=0)
	                    Index Cond: ((id >= 2524589) AND (id <= 2525588))

table 3 : explain SELECT DISTINCT c FROM sbtest3 WHERE id BETWEEN 1219142 AND 1220141 ORDER BY c
	Unique  (cost=3901.27..3906.24 rows=993 width=121)
	  ->  Sort  (cost=3901.27..3903.76 rows=993 width=121)
	        Sort Key: c
	        ->  Bitmap Heap Scan on sbtest3  (cost=34.61..3851.84 rows=993 width=121)
	              Recheck Cond: ((id >= 1219142) AND (id <= 1220141))
	              ->  Bitmap Index Scan on sbtest3_pkey  (cost=0.00..34.37 rows=993 width=0)
	                    Index Cond: ((id >= 1219142) AND (id <= 1220141))

table 4 : explain SELECT DISTINCT c FROM sbtest4 WHERE id BETWEEN 6963527 AND 6964526 ORDER BY c
	Unique  (cost=3716.07..3720.76 rows=939 width=121)
	  ->  Sort  (cost=3716.07..3718.41 rows=939 width=121)
	        Sort Key: c
	        ->  Index Scan using sbtest4_pkey on sbtest4  (cost=0.43..3669.70 rows=939 width=121)
	              Index Cond: ((id >= 6963527) AND (id <= 6964526))

table 5 : explain SELECT DISTINCT c FROM sbtest5 WHERE id BETWEEN 7633714 AND 7634713 ORDER BY c
	Unique  (cost=4260.83..4266.26 rows=1086 width=121)
	  ->  Sort  (cost=4260.83..4263.54 rows=1086 width=121)
	        Sort Key: c
	        ->  Bitmap Heap Scan on sbtest5  (cost=35.57..4206.07 rows=1086 width=121)
	              Recheck Cond: ((id >= 7633714) AND (id <= 7634713))
	              ->  Bitmap Index Scan on sbtest5_pkey  (cost=0.00..35.30 rows=1086 width=0)
	                    Index Cond: ((id >= 7633714) AND (id <= 7634713))

table 6 : explain SELECT DISTINCT c FROM sbtest6 WHERE id BETWEEN 7026149 AND 7027148 ORDER BY c
	Unique  (cost=3966.35..3971.39 rows=1009 width=121)
	  ->  Sort  (cost=3966.35..3968.87 rows=1009 width=121)
	        Sort Key: c
	        ->  Bitmap Heap Scan on sbtest6  (cost=34.78..3916.01 rows=1009 width=121)
	              Recheck Cond: ((id >= 7026149) AND (id <= 7027148))
	              ->  Bitmap Index Scan on sbtest6_pkey  (cost=0.00..34.53 rows=1009 width=0)
	                    Index Cond: ((id >= 7026149) AND (id <= 7027148))

table 7 : explain SELECT DISTINCT c FROM sbtest7 WHERE id BETWEEN 7803962 AND 7804961 ORDER BY c
	Unique  (cost=4089.25..4094.45 rows=1041 width=121)
	  ->  Sort  (cost=4089.25..4091.85 rows=1041 width=121)
	        Sort Key: c
	        ->  Bitmap Heap Scan on sbtest7  (cost=35.11..4037.07 rows=1041 width=121)
	              Recheck Cond: ((id >= 7803962) AND (id <= 7804961))
	              ->  Bitmap Index Scan on sbtest7_pkey  (cost=0.00..34.84 rows=1041 width=0)
	                    Index Cond: ((id >= 7803962) AND (id <= 7804961))

table 8 : explain SELECT DISTINCT c FROM sbtest8 WHERE id BETWEEN 7896411 AND 7897410 ORDER BY c
	Unique  (cost=4073.83..4079.02 rows=1037 width=121)
	  ->  Sort  (cost=4073.83..4076.43 rows=1037 width=121)
	        Sort Key: c
	        ->  Bitmap Heap Scan on sbtest8  (cost=35.06..4021.89 rows=1037 width=121)
	              Recheck Cond: ((id >= 7896411) AND (id <= 7897410))
	              ->  Bitmap Index Scan on sbtest8_pkey  (cost=0.00..34.81 rows=1037 width=0)
	                    Index Cond: ((id >= 7896411) AND (id <= 7897410))

for: sum_ranges
table 1 : explain SELECT SUM(k) FROM sbtest1 WHERE id BETWEEN 7559182 AND 7560181
	Aggregate  (cost=3979.37..3979.38 rows=1 width=8)
	  ->  Bitmap Heap Scan on sbtest1  (cost=34.96..3976.81 rows=1027 width=4)
	        Recheck Cond: ((id >= 7559182) AND (id <= 7560181))
	        ->  Bitmap Index Scan on sbtest1_pkey  (cost=0.00..34.70 rows=1027 width=0)
	              Index Cond: ((id >= 7559182) AND (id <= 7560181))

table 2 : explain SELECT SUM(k) FROM sbtest2 WHERE id BETWEEN 6691988 AND 6692987
	Aggregate  (cost=3832.55..3832.56 rows=1 width=8)
	  ->  Bitmap Heap Scan on sbtest2  (cost=34.55..3830.08 rows=987 width=4)
	        Recheck Cond: ((id >= 6691988) AND (id <= 6692987))
	        ->  Bitmap Index Scan on sbtest2_pkey  (cost=0.00..34.31 rows=987 width=0)
	              Index Cond: ((id >= 6691988) AND (id <= 6692987))

table 3 : explain SELECT SUM(k) FROM sbtest3 WHERE id BETWEEN 3044191 AND 3045190
	Aggregate  (cost=3710.70..3710.71 rows=1 width=8)
	  ->  Bitmap Heap Scan on sbtest3  (cost=34.22..3708.31 rows=955 width=4)
	        Recheck Cond: ((id >= 3044191) AND (id <= 3045190))
	        ->  Bitmap Index Scan on sbtest3_pkey  (cost=0.00..33.98 rows=955 width=0)
	              Index Cond: ((id >= 3044191) AND (id <= 3045190))

table 4 : explain SELECT SUM(k) FROM sbtest4 WHERE id BETWEEN 2791507 AND 2792506
	Aggregate  (cost=3302.53..3302.54 rows=1 width=8)
	  ->  Index Scan using sbtest4_pkey on sbtest4  (cost=0.43..3300.42 rows=845 width=4)
	        Index Cond: ((id >= 2791507) AND (id <= 2792506))

table 5 : explain SELECT SUM(k) FROM sbtest5 WHERE id BETWEEN 5171397 AND 5172396
	Aggregate  (cost=3698.61..3698.62 rows=1 width=8)
	  ->  Bitmap Heap Scan on sbtest5  (cost=34.18..3696.23 rows=951 width=4)
	        Recheck Cond: ((id >= 5171397) AND (id <= 5172396))
	        ->  Bitmap Index Scan on sbtest5_pkey  (cost=0.00..33.95 rows=951 width=0)
	              Index Cond: ((id >= 5171397) AND (id <= 5172396))

table 6 : explain SELECT SUM(k) FROM sbtest6 WHERE id BETWEEN 356166 AND 357165
	Aggregate  (cost=3740.69..3740.70 rows=1 width=8)
	  ->  Bitmap Heap Scan on sbtest6  (cost=34.30..3738.29 rows=962 width=4)
	        Recheck Cond: ((id >= 356166) AND (id <= 357165))
	        ->  Bitmap Index Scan on sbtest6_pkey  (cost=0.00..34.06 rows=962 width=0)
	              Index Cond: ((id >= 356166) AND (id <= 357165))

table 7 : explain SELECT SUM(k) FROM sbtest7 WHERE id BETWEEN 9664253 AND 9665252
	Aggregate  (cost=4066.11..4066.12 rows=1 width=8)
	  ->  Bitmap Heap Scan on sbtest7  (cost=35.18..4063.49 rows=1048 width=4)
	        Recheck Cond: ((id >= 9664253) AND (id <= 9665252))
	        ->  Bitmap Index Scan on sbtest7_pkey  (cost=0.00..34.92 rows=1048 width=0)
	              Index Cond: ((id >= 9664253) AND (id <= 9665252))

table 8 : explain SELECT SUM(k) FROM sbtest8 WHERE id BETWEEN 2982246 AND 2983245
	Aggregate  (cost=3539.89..3539.90 rows=1 width=8)
	  ->  Index Scan using sbtest8_pkey on sbtest8  (cost=0.43..3537.64 rows=902 width=4)
	        Index Cond: ((id >= 2982246) AND (id <= 2983245))

for: simple_ranges
table 1 : explain SELECT c FROM sbtest1 WHERE id BETWEEN 9552408 AND 9553407
	Bitmap Heap Scan on sbtest1  (cost=34.98..3984.34 rows=1029 width=121)
	  Recheck Cond: ((id >= 9552408) AND (id <= 9553407))
	  ->  Bitmap Index Scan on sbtest1_pkey  (cost=0.00..34.73 rows=1029 width=0)
	        Index Cond: ((id >= 9552408) AND (id <= 9553407))

table 2 : explain SELECT c FROM sbtest2 WHERE id BETWEEN 9538205 AND 9539204
	Bitmap Heap Scan on sbtest2  (cost=34.25..3720.50 rows=958 width=121)
	  Recheck Cond: ((id >= 9538205) AND (id <= 9539204))
	  ->  Bitmap Index Scan on sbtest2_pkey  (cost=0.00..34.02 rows=958 width=0)
	        Index Cond: ((id >= 9538205) AND (id <= 9539204))

table 3 : explain SELECT c FROM sbtest3 WHERE id BETWEEN 3153475 AND 3154474
	Bitmap Heap Scan on sbtest3  (cost=35.38..4134.60 rows=1068 width=121)
	  Recheck Cond: ((id >= 3153475) AND (id <= 3154474))
	  ->  Bitmap Index Scan on sbtest3_pkey  (cost=0.00..35.12 rows=1068 width=0)
	        Index Cond: ((id >= 3153475) AND (id <= 3154474))

table 4 : explain SELECT c FROM sbtest4 WHERE id BETWEEN 4762413 AND 4763412
	Index Scan using sbtest4_pkey on sbtest4  (cost=0.43..3486.93 rows=893 width=121)
	  Index Cond: ((id >= 4762413) AND (id <= 4763412))

table 5 : explain SELECT c FROM sbtest5 WHERE id BETWEEN 3067566 AND 3068565
	Bitmap Heap Scan on sbtest5  (cost=34.94..3975.97 rows=1025 width=121)
	  Recheck Cond: ((id >= 3067566) AND (id <= 3068565))
	  ->  Bitmap Index Scan on sbtest5_pkey  (cost=0.00..34.69 rows=1025 width=0)
	        Index Cond: ((id >= 3067566) AND (id <= 3068565))

table 6 : explain SELECT c FROM sbtest6 WHERE id BETWEEN 6837819 AND 6838818
	Bitmap Heap Scan on sbtest6  (cost=33.89..3586.82 rows=922 width=121)
	  Recheck Cond: ((id >= 6837819) AND (id <= 6838818))
	  ->  Bitmap Index Scan on sbtest6_pkey  (cost=0.00..33.66 rows=922 width=0)
	        Index Cond: ((id >= 6837819) AND (id <= 6838818))

table 7 : explain SELECT c FROM sbtest7 WHERE id BETWEEN 4338582 AND 4339581
	Index Scan using sbtest7_pkey on sbtest7  (cost=0.43..3701.14 rows=944 width=121)
	  Index Cond: ((id >= 4338582) AND (id <= 4339581))

table 8 : explain SELECT c FROM sbtest8 WHERE id BETWEEN 7622737 AND 7623736
	Index Scan using sbtest8_pkey on sbtest8  (cost=0.43..3752.43 rows=956 width=121)
	  Index Cond: ((id >= 7622737) AND (id <= 7623736))

for point_selects
table 1 : explain SELECT c FROM sbtest1 WHERE id=2030124
	Index Scan using sbtest1_pkey on sbtest1  (cost=0.43..8.45 rows=1 width=121)
	  Index Cond: (id = 2030124)

table 2 : explain SELECT c FROM sbtest2 WHERE id=4844998
	Index Scan using sbtest2_pkey on sbtest2  (cost=0.43..8.45 rows=1 width=121)
	  Index Cond: (id = 4844998)

table 3 : explain SELECT c FROM sbtest3 WHERE id=2328886
	Index Scan using sbtest3_pkey on sbtest3  (cost=0.43..8.45 rows=1 width=121)
	  Index Cond: (id = 2328886)

table 4 : explain SELECT c FROM sbtest4 WHERE id=7631271
	Index Scan using sbtest4_pkey on sbtest4  (cost=0.43..8.45 rows=1 width=121)
	  Index Cond: (id = 7631271)

table 5 : explain SELECT c FROM sbtest5 WHERE id=3080828
	Index Scan using sbtest5_pkey on sbtest5  (cost=0.43..8.45 rows=1 width=121)
	  Index Cond: (id = 3080828)

table 6 : explain SELECT c FROM sbtest6 WHERE id=9452233
	Index Scan using sbtest6_pkey on sbtest6  (cost=0.43..8.45 rows=1 width=121)
	  Index Cond: (id = 9452233)

table 7 : explain SELECT c FROM sbtest7 WHERE id=1664184
	Index Scan using sbtest7_pkey on sbtest7  (cost=0.43..8.45 rows=1 width=121)
	  Index Cond: (id = 1664184)

table 8 : explain SELECT c FROM sbtest8 WHERE id=8080770
	Index Scan using sbtest8_pkey on sbtest8  (cost=0.43..8.45 rows=1 width=121)
	  Index Cond: (id = 8080770)

for: sum_ranges
table 1 : explain SELECT SUM(k) FROM sbtest1 WHERE id BETWEEN 8316695 AND 8317694
	Aggregate  (cost=3329.11..3329.12 rows=1 width=8)
	  ->  Bitmap Heap Scan on sbtest1  (cost=29.21..3326.97 rows=856 width=4)
	        Recheck Cond: ((id >= 8316695) AND (id <= 8317694))
	        ->  Bitmap Index Scan on sbtest1_pkey  (cost=0.00..29.00 rows=856 width=0)
	              Index Cond: ((id >= 8316695) AND (id <= 8317694))

table 2 : explain SELECT SUM(k) FROM sbtest2 WHERE id BETWEEN 3514551 AND 3515550
	Aggregate  (cost=3874.11..3874.12 rows=1 width=8)
	  ->  Bitmap Heap Scan on sbtest2  (cost=34.66..3871.62 rows=998 width=4)
	        Recheck Cond: ((id >= 3514551) AND (id <= 3515550))
	        ->  Bitmap Index Scan on sbtest2_pkey  (cost=0.00..34.42 rows=998 width=0)
	              Index Cond: ((id >= 3514551) AND (id <= 3515550))

table 3 : explain SELECT SUM(k) FROM sbtest3 WHERE id BETWEEN 2585866 AND 2586865
	Aggregate  (cost=3756.07..3756.08 rows=1 width=8)
	  ->  Bitmap Heap Scan on sbtest3  (cost=34.35..3753.66 rows=967 width=4)
	        Recheck Cond: ((id >= 2585866) AND (id <= 2586865))
	        ->  Bitmap Index Scan on sbtest3_pkey  (cost=0.00..34.11 rows=967 width=0)
	              Index Cond: ((id >= 2585866) AND (id <= 2586865))

table 4 : explain SELECT SUM(k) FROM sbtest4 WHERE id BETWEEN 4870302 AND 4871301
	Aggregate  (cost=3963.68..3963.69 rows=1 width=8)
	  ->  Index Scan using sbtest4_pkey on sbtest4  (cost=0.43..3961.14 rows=1014 width=4)
	        Index Cond: ((id >= 4870302) AND (id <= 4871301))

table 5 : explain SELECT SUM(k) FROM sbtest5 WHERE id BETWEEN 5918420 AND 5919419
	Aggregate  (cost=3762.98..3762.99 rows=1 width=8)
	  ->  Bitmap Heap Scan on sbtest5  (cost=34.36..3760.56 rows=968 width=4)
	        Recheck Cond: ((id >= 5918420) AND (id <= 5919419))
	        ->  Bitmap Index Scan on sbtest5_pkey  (cost=0.00..34.12 rows=968 width=0)
	              Index Cond: ((id >= 5918420) AND (id <= 5919419))

table 6 : explain SELECT SUM(k) FROM sbtest6 WHERE id BETWEEN 2423007 AND 2424006
	Aggregate  (cost=3611.87..3611.88 rows=1 width=8)
	  ->  Bitmap Heap Scan on sbtest6  (cost=33.95..3609.55 rows=928 width=4)
	        Recheck Cond: ((id >= 2423007) AND (id <= 2424006))
	        ->  Bitmap Index Scan on sbtest6_pkey  (cost=0.00..33.72 rows=928 width=0)
	              Index Cond: ((id >= 2423007) AND (id <= 2424006))

table 7 : explain SELECT SUM(k) FROM sbtest7 WHERE id BETWEEN 9159468 AND 9160467
	Aggregate  (cost=4092.55..4092.56 rows=1 width=8)
	  ->  Bitmap Heap Scan on sbtest7  (cost=35.25..4089.91 rows=1055 width=4)
	        Recheck Cond: ((id >= 9159468) AND (id <= 9160467))
	        ->  Bitmap Index Scan on sbtest7_pkey  (cost=0.00..34.98 rows=1055 width=0)
	              Index Cond: ((id >= 9159468) AND (id <= 9160467))

table 8 : explain SELECT SUM(k) FROM sbtest8 WHERE id BETWEEN 1912420 AND 1913419
	Aggregate  (cost=4164.17..4164.18 rows=1 width=8)
	  ->  Bitmap Heap Scan on sbtest8  (cost=35.44..4161.49 rows=1074 width=4)
	        Recheck Cond: ((id >= 1912420) AND (id <= 1913419))
	        ->  Bitmap Index Scan on sbtest8_pkey  (cost=0.00..35.18 rows=1074 width=0)
	              Index Cond: ((id >= 1912420) AND (id <= 1913419))

for: simple_ranges
table 1 : explain SELECT c FROM sbtest1 WHERE id BETWEEN 6517526 AND 6518525
	Bitmap Heap Scan on sbtest1  (cost=34.10..3660.04 rows=943 width=121)
	  Recheck Cond: ((id >= 6517526) AND (id <= 6518525))
	  ->  Bitmap Index Scan on sbtest1_pkey  (cost=0.00..33.87 rows=943 width=0)
	        Index Cond: ((id >= 6517526) AND (id <= 6518525))

table 2 : explain SELECT c FROM sbtest2 WHERE id BETWEEN 405574 AND 406573
	Bitmap Heap Scan on sbtest2  (cost=34.37..3762.08 rows=969 width=121)
	  Recheck Cond: ((id >= 405574) AND (id <= 406573))
	  ->  Bitmap Index Scan on sbtest2_pkey  (cost=0.00..34.12 rows=969 width=0)
	        Index Cond: ((id >= 405574) AND (id <= 406573))

table 3 : explain SELECT c FROM sbtest3 WHERE id BETWEEN 729328 AND 730327
	Bitmap Heap Scan on sbtest3  (cost=29.64..3488.66 rows=898 width=121)
	  Recheck Cond: ((id >= 729328) AND (id <= 730327))
	  ->  Bitmap Index Scan on sbtest3_pkey  (cost=0.00..29.41 rows=898 width=0)
	        Index Cond: ((id >= 729328) AND (id <= 730327))

table 4 : explain SELECT c FROM sbtest4 WHERE id BETWEEN 1672974 AND 1673973
	Index Scan using sbtest4_pkey on sbtest4  (cost=0.43..4151.57 rows=1063 width=121)
	  Index Cond: ((id >= 1672974) AND (id <= 1673973))

table 5 : explain SELECT c FROM sbtest5 WHERE id BETWEEN 2766567 AND 2767566
	Bitmap Heap Scan on sbtest5  (cost=29.49..3434.56 rows=883 width=121)
	  Recheck Cond: ((id >= 2766567) AND (id <= 2767566))
	  ->  Bitmap Index Scan on sbtest5_pkey  (cost=0.00..29.26 rows=883 width=0)
	        Index Cond: ((id >= 2766567) AND (id <= 2767566))

table 6 : explain SELECT c FROM sbtest6 WHERE id BETWEEN 4128716 AND 4129715
	Bitmap Heap Scan on sbtest6  (cost=34.71..3889.56 rows=1002 width=121)
	  Recheck Cond: ((id >= 4128716) AND (id <= 4129715))
	  ->  Bitmap Index Scan on sbtest6_pkey  (cost=0.00..34.45 rows=1002 width=0)
	        Index Cond: ((id >= 4128716) AND (id <= 4129715))

table 7 : explain SELECT c FROM sbtest7 WHERE id BETWEEN 3313010 AND 3314009
	Bitmap Heap Scan on sbtest7  (cost=35.42..4154.03 rows=1072 width=121)
	  Recheck Cond: ((id >= 3313010) AND (id <= 3314009))
	  ->  Bitmap Index Scan on sbtest7_pkey  (cost=0.00..35.16 rows=1072 width=0)
	        Index Cond: ((id >= 3313010) AND (id <= 3314009))

table 8 : explain SELECT c FROM sbtest8 WHERE id BETWEEN 5488170 AND 5489169
	Bitmap Heap Scan on sbtest8  (cost=40.02..4376.46 rows=1130 width=121)
	  Recheck Cond: ((id >= 5488170) AND (id <= 5489169))
	  ->  Bitmap Index Scan on sbtest8_pkey  (cost=0.00..39.73 rows=1130 width=0)
	        Index Cond: ((id >= 5488170) AND (id <= 5489169))

for: order_ranges
table 1 : explain SELECT c FROM sbtest1 WHERE id BETWEEN 2485395 AND 2486394 ORDER BY c
	Sort  (cost=4028.18..4030.74 rows=1027 width=121)
	  Sort Key: c
	  ->  Bitmap Heap Scan on sbtest1  (cost=34.96..3976.81 rows=1027 width=121)
	        Recheck Cond: ((id >= 2485395) AND (id <= 2486394))
	        ->  Bitmap Index Scan on sbtest1_pkey  (cost=0.00..34.70 rows=1027 width=0)
	              Index Cond: ((id >= 2485395) AND (id <= 2486394))

table 2 : explain SELECT c FROM sbtest2 WHERE id BETWEEN 4971950 AND 4972949 ORDER BY c
	Sort  (cost=4185.50..4188.17 rows=1067 width=121)
	  Sort Key: c
	  ->  Bitmap Heap Scan on sbtest2  (cost=35.37..4131.83 rows=1067 width=121)
	        Recheck Cond: ((id >= 4971950) AND (id <= 4972949))
	        ->  Bitmap Index Scan on sbtest2_pkey  (cost=0.00..35.11 rows=1067 width=0)
	              Index Cond: ((id >= 4971950) AND (id <= 4972949))

table 3 : explain SELECT c FROM sbtest3 WHERE id BETWEEN 2223411 AND 2224410 ORDER BY c
	Sort  (cost=4192.15..4194.82 rows=1069 width=121)
	  Sort Key: c
	  ->  Bitmap Heap Scan on sbtest3  (cost=35.39..4138.36 rows=1069 width=121)
	        Recheck Cond: ((id >= 2223411) AND (id <= 2224410))
	        ->  Bitmap Index Scan on sbtest3_pkey  (cost=0.00..35.12 rows=1069 width=0)
	              Index Cond: ((id >= 2223411) AND (id <= 2224410))

table 4 : explain SELECT c FROM sbtest4 WHERE id BETWEEN 131824 AND 132823 ORDER BY c
	Sort  (cost=3676.65..3678.97 rows=929 width=121)
	  Sort Key: c
	  ->  Index Scan using sbtest4_pkey on sbtest4  (cost=0.43..3630.85 rows=929 width=121)
	        Index Cond: ((id >= 131824) AND (id <= 132823))

table 5 : explain SELECT c FROM sbtest5 WHERE id BETWEEN 9167208 AND 9168207 ORDER BY c
	Sort  (cost=3804.73..3807.14 rows=967 width=121)
	  Sort Key: c
	  ->  Bitmap Heap Scan on sbtest5  (cost=34.35..3756.77 rows=967 width=121)
	        Recheck Cond: ((id >= 9167208) AND (id <= 9168207))
	        ->  Bitmap Index Scan on sbtest5_pkey  (cost=0.00..34.11 rows=967 width=0)
	              Index Cond: ((id >= 9167208) AND (id <= 9168207))

table 6 : explain SELECT c FROM sbtest6 WHERE id BETWEEN 4670061 AND 4671060 ORDER BY c
	Sort  (cost=3701.42..3703.77 rows=940 width=121)
	  Sort Key: c
	  ->  Bitmap Heap Scan on sbtest6  (cost=34.07..3655.00 rows=940 width=121)
	        Recheck Cond: ((id >= 4670061) AND (id <= 4671060))
	        ->  Bitmap Index Scan on sbtest6_pkey  (cost=0.00..33.84 rows=940 width=0)
	              Index Cond: ((id >= 4670061) AND (id <= 4671060))

table 7 : explain SELECT c FROM sbtest7 WHERE id BETWEEN 4576325 AND 4577324 ORDER BY c
	Sort  (cost=3688.48..3690.80 rows=929 width=121)
	  Sort Key: c
	  ->  Index Scan using sbtest7_pkey on sbtest7  (cost=0.43..3642.68 rows=929 width=121)
	        Index Cond: ((id >= 4576325) AND (id <= 4577324))

table 8 : explain SELECT c FROM sbtest8 WHERE id BETWEEN 6240405 AND 6241404 ORDER BY c
	Sort  (cost=3799.76..3802.15 rows=956 width=121)
	  Sort Key: c
	  ->  Index Scan using sbtest8_pkey on sbtest8  (cost=0.43..3752.43 rows=956 width=121)
	        Index Cond: ((id >= 6240405) AND (id <= 6241404))

explain: for point_selects :: explain SELECT c FROM sbtest%u WHERE id=%u
for: order_ranges
table 1 : explain SELECT c FROM sbtest1 WHERE id BETWEEN 4379733 AND 4380732 ORDER BY c
	Sort  (cost=3767.94..3770.34 rows=959 width=121)
	  Sort Key: c
	  ->  Bitmap Heap Scan on sbtest1  (cost=34.26..3720.44 rows=959 width=121)
	        Recheck Cond: ((id >= 4379733) AND (id <= 4380732))
	        ->  Bitmap Index Scan on sbtest1_pkey  (cost=0.00..34.03 rows=959 width=0)
	              Index Cond: ((id >= 4379733) AND (id <= 4380732))

table 2 : explain SELECT c FROM sbtest2 WHERE id BETWEEN 8113900 AND 8114899 ORDER BY c
	Sort  (cost=3787.12..3789.53 rows=963 width=121)
	  Sort Key: c
	  ->  Bitmap Heap Scan on sbtest2  (cost=34.31..3739.40 rows=963 width=121)
	        Recheck Cond: ((id >= 8113900) AND (id <= 8114899))
	        ->  Bitmap Index Scan on sbtest2_pkey  (cost=0.00..34.07 rows=963 width=0)
	              Index Cond: ((id >= 8113900) AND (id <= 8114899))

table 3 : explain SELECT c FROM sbtest3 WHERE id BETWEEN 2392595 AND 2393594 ORDER BY c
	Sort  (cost=3954.91..3957.42 rows=1007 width=121)
	  Sort Key: c
	  ->  Bitmap Heap Scan on sbtest3  (cost=34.76..3904.68 rows=1007 width=121)
	        Recheck Cond: ((id >= 2392595) AND (id <= 2393594))
	        ->  Bitmap Index Scan on sbtest3_pkey  (cost=0.00..34.51 rows=1007 width=0)
	              Index Cond: ((id >= 2392595) AND (id <= 2393594))

table 4 : explain SELECT c FROM sbtest4 WHERE id BETWEEN 7684503 AND 7685502 ORDER BY c
	Sort  (cost=4212.89..4215.55 rows=1065 width=121)
	  Sort Key: c
	  ->  Index Scan using sbtest4_pkey on sbtest4  (cost=0.43..4159.34 rows=1065 width=121)
	        Index Cond: ((id >= 7684503) AND (id <= 7685502))

table 5 : explain SELECT c FROM sbtest5 WHERE id BETWEEN 696091 AND 697090 ORDER BY c
	Sort  (cost=3908.35..3910.84 rows=994 width=121)
	  Sort Key: c
	  ->  Bitmap Heap Scan on sbtest5  (cost=34.62..3858.87 rows=994 width=121)
	        Recheck Cond: ((id >= 696091) AND (id <= 697090))
	        ->  Bitmap Index Scan on sbtest5_pkey  (cost=0.00..34.38 rows=994 width=0)
	              Index Cond: ((id >= 696091) AND (id <= 697090))

table 6 : explain SELECT c FROM sbtest6 WHERE id BETWEEN 5380904 AND 5381903 ORDER BY c
	Sort  (cost=3851.23..3853.68 rows=979 width=121)
	  Sort Key: c
	  ->  Bitmap Heap Scan on sbtest6  (cost=34.47..3802.60 rows=979 width=121)
	        Recheck Cond: ((id >= 5380904) AND (id <= 5381903))
	        ->  Bitmap Index Scan on sbtest6_pkey  (cost=0.00..34.23 rows=979 width=0)
	              Index Cond: ((id >= 5380904) AND (id <= 5381903))

table 7 : explain SELECT c FROM sbtest7 WHERE id BETWEEN 8911725 AND 8912724 ORDER BY c
	Sort  (cost=4016.42..4018.97 rows=1022 width=121)
	  Sort Key: c
	  ->  Bitmap Heap Scan on sbtest7  (cost=34.91..3965.33 rows=1022 width=121)
	        Recheck Cond: ((id >= 8911725) AND (id <= 8912724))
	        ->  Bitmap Index Scan on sbtest7_pkey  (cost=0.00..34.66 rows=1022 width=0)
	              Index Cond: ((id >= 8911725) AND (id <= 8912724))

table 8 : explain SELECT c FROM sbtest8 WHERE id BETWEEN 7791780 AND 7792779 ORDER BY c
	Sort  (cost=3811.64..3814.04 rows=959 width=121)
	  Sort Key: c
	  ->  Index Scan using sbtest8_pkey on sbtest8  (cost=0.43..3764.14 rows=959 width=121)
	        Index Cond: ((id >= 7791780) AND (id <= 7792779))

for point_selects
table 1 : explain SELECT c FROM sbtest1 WHERE id=9577988
	Index Scan using sbtest1_pkey on sbtest1  (cost=0.43..8.45 rows=1 width=121)
	  Index Cond: (id = 9577988)

table 2 : explain SELECT c FROM sbtest2 WHERE id=5030523
	Index Scan using sbtest2_pkey on sbtest2  (cost=0.43..8.45 rows=1 width=121)
	  Index Cond: (id = 5030523)

table 3 : explain SELECT c FROM sbtest3 WHERE id=7635869
	Index Scan using sbtest3_pkey on sbtest3  (cost=0.43..8.45 rows=1 width=121)
	  Index Cond: (id = 7635869)

table 4 : explain SELECT c FROM sbtest4 WHERE id=2012720
	Index Scan using sbtest4_pkey on sbtest4  (cost=0.43..8.45 rows=1 width=121)
	  Index Cond: (id = 2012720)

table 5 : explain SELECT c FROM sbtest5 WHERE id=7235124
	Index Scan using sbtest5_pkey on sbtest5  (cost=0.43..8.45 rows=1 width=121)
	  Index Cond: (id = 7235124)

table 6 : explain SELECT c FROM sbtest6 WHERE id=2652935
	Index Scan using sbtest6_pkey on sbtest6  (cost=0.43..8.45 rows=1 width=121)
	  Index Cond: (id = 2652935)

table 7 : explain SELECT c FROM sbtest7 WHERE id=9255378
	Index Scan using sbtest7_pkey on sbtest7  (cost=0.43..8.45 rows=1 width=121)
	  Index Cond: (id = 9255378)

table 8 : explain SELECT c FROM sbtest8 WHERE id=6591342
	Index Scan using sbtest8_pkey on sbtest8  (cost=0.43..8.45 rows=1 width=121)
	  Index Cond: (id = 6591342)

explain: for point_selects :: explain SELECT c FROM sbtest%u WHERE id=%u
for: simple_ranges
table 1 : explain SELECT c FROM sbtest1 WHERE id BETWEEN 2875297 AND 2876296
	Bitmap Heap Scan on sbtest1  (cost=34.64..3860.01 rows=996 width=121)
	  Recheck Cond: ((id >= 2875297) AND (id <= 2876296))
	  ->  Bitmap Index Scan on sbtest1_pkey  (cost=0.00..34.40 rows=996 width=0)
	        Index Cond: ((id >= 2875297) AND (id <= 2876296))

table 2 : explain SELECT c FROM sbtest2 WHERE id BETWEEN 8600585 AND 8601584
	Bitmap Heap Scan on sbtest2  (cost=34.96..3981.06 rows=1027 width=121)
	  Recheck Cond: ((id >= 8600585) AND (id <= 8601584))
	  ->  Bitmap Index Scan on sbtest2_pkey  (cost=0.00..34.70 rows=1027 width=0)
	        Index Cond: ((id >= 8600585) AND (id <= 8601584))

table 3 : explain SELECT c FROM sbtest3 WHERE id BETWEEN 6720125 AND 6721124
	Bitmap Heap Scan on sbtest3  (cost=34.66..3870.72 rows=998 width=121)
	  Recheck Cond: ((id >= 6720125) AND (id <= 6721124))
	  ->  Bitmap Index Scan on sbtest3_pkey  (cost=0.00..34.42 rows=998 width=0)
	        Index Cond: ((id >= 6720125) AND (id <= 6721124))

table 4 : explain SELECT c FROM sbtest4 WHERE id BETWEEN 8073465 AND 8074464
	Index Scan using sbtest4_pkey on sbtest4  (cost=0.43..4482.01 rows=1147 width=121)
	  Index Cond: ((id >= 8073465) AND (id <= 8074464))

table 5 : explain SELECT c FROM sbtest5 WHERE id BETWEEN 8225326 AND 8226325
	Bitmap Heap Scan on sbtest5  (cost=35.37..4134.45 rows=1067 width=121)
	  Recheck Cond: ((id >= 8225326) AND (id <= 8226325))
	  ->  Bitmap Index Scan on sbtest5_pkey  (cost=0.00..35.11 rows=1067 width=0)
	        Index Cond: ((id >= 8225326) AND (id <= 8226325))

table 6 : explain SELECT c FROM sbtest6 WHERE id BETWEEN 9172025 AND 9173024
	Bitmap Heap Scan on sbtest6  (cost=35.56..4202.81 rows=1085 width=121)
	  Recheck Cond: ((id >= 9172025) AND (id <= 9173024))
	  ->  Bitmap Index Scan on sbtest6_pkey  (cost=0.00..35.29 rows=1085 width=0)
	        Index Cond: ((id >= 9172025) AND (id <= 9173024))

table 7 : explain SELECT c FROM sbtest7 WHERE id BETWEEN 3352148 AND 3353147
	Bitmap Heap Scan on sbtest7  (cost=35.42..4154.03 rows=1072 width=121)
	  Recheck Cond: ((id >= 3352148) AND (id <= 3353147))
	  ->  Bitmap Index Scan on sbtest7_pkey  (cost=0.00..35.16 rows=1072 width=0)
	        Index Cond: ((id >= 3352148) AND (id <= 3353147))

table 8 : explain SELECT c FROM sbtest8 WHERE id BETWEEN 7706193 AND 7707192
	Index Scan using sbtest8_pkey on sbtest8  (cost=0.43..3752.43 rows=956 width=121)
	  Index Cond: ((id >= 7706193) AND (id <= 7707192))

for: distinct_ranges
table 1 : explain SELECT DISTINCT c FROM sbtest1 WHERE id BETWEEN 9432004 AND 9433003 ORDER BY c
	Unique  (cost=3764.11..3768.90 rows=958 width=121)
	  ->  Sort  (cost=3764.11..3766.50 rows=958 width=121)
	        Sort Key: c
	        ->  Bitmap Heap Scan on sbtest1  (cost=34.25..3716.67 rows=958 width=121)
	              Recheck Cond: ((id >= 9432004) AND (id <= 9433003))
	              ->  Bitmap Index Scan on sbtest1_pkey  (cost=0.00..34.02 rows=958 width=0)
	                    Index Cond: ((id >= 9432004) AND (id <= 9433003))

table 2 : explain SELECT DISTINCT c FROM sbtest2 WHERE id BETWEEN 9577535 AND 9578534 ORDER BY c
	Unique  (cost=3767.94..3772.73 rows=958 width=121)
	  ->  Sort  (cost=3767.94..3770.33 rows=958 width=121)
	        Sort Key: c
	        ->  Bitmap Heap Scan on sbtest2  (cost=34.25..3720.50 rows=958 width=121)
	              Recheck Cond: ((id >= 9577535) AND (id <= 9578534))
	              ->  Bitmap Index Scan on sbtest2_pkey  (cost=0.00..34.02 rows=958 width=0)
	                    Index Cond: ((id >= 9577535) AND (id <= 9578534))

table 3 : explain SELECT DISTINCT c FROM sbtest3 WHERE id BETWEEN 2620441 AND 2621440 ORDER BY c
	Unique  (cost=3728.72..3733.46 rows=948 width=121)
	  ->  Sort  (cost=3728.72..3731.09 rows=948 width=121)
	        Sort Key: c
	        ->  Bitmap Heap Scan on sbtest3  (cost=34.15..3681.85 rows=948 width=121)
	              Recheck Cond: ((id >= 2620441) AND (id <= 2621440))
	              ->  Bitmap Index Scan on sbtest3_pkey  (cost=0.00..33.92 rows=948 width=0)
	                    Index Cond: ((id >= 2620441) AND (id <= 2621440))

table 4 : explain SELECT DISTINCT c FROM sbtest4 WHERE id BETWEEN 7047985 AND 7048984 ORDER BY c
	Unique  (cost=3649.03..3653.64 rows=922 width=121)
	  ->  Sort  (cost=3649.03..3651.33 rows=922 width=121)
	        Sort Key: c
	        ->  Index Scan using sbtest4_pkey on sbtest4  (cost=0.43..3603.63 rows=922 width=121)
	              Index Cond: ((id >= 7047985) AND (id <= 7048984))

table 5 : explain SELECT DISTINCT c FROM sbtest5 WHERE id BETWEEN 4372808 AND 4373807 ORDER BY c
	Unique  (cost=3962.05..3967.09 rows=1008 width=121)
	  ->  Sort  (cost=3962.05..3964.57 rows=1008 width=121)
	        Sort Key: c
	        ->  Bitmap Heap Scan on sbtest5  (cost=34.77..3911.77 rows=1008 width=121)
	              Recheck Cond: ((id >= 4372808) AND (id <= 4373807))
	              ->  Bitmap Index Scan on sbtest5_pkey  (cost=0.00..34.52 rows=1008 width=0)
	                    Index Cond: ((id >= 4372808) AND (id <= 4373807))

table 6 : explain SELECT DISTINCT c FROM sbtest6 WHERE id BETWEEN 7595057 AND 7596056 ORDER BY c
	Unique  (cost=3570.52..3575.06 rows=907 width=121)
	  ->  Sort  (cost=3570.52..3572.79 rows=907 width=121)
	        Sort Key: c
	        ->  Bitmap Heap Scan on sbtest6  (cost=29.73..3525.97 rows=907 width=121)
	              Recheck Cond: ((id >= 7595057) AND (id <= 7596056))
	              ->  Bitmap Index Scan on sbtest6_pkey  (cost=0.00..29.50 rows=907 width=0)
	                    Index Cond: ((id >= 7595057) AND (id <= 7596056))

table 7 : explain SELECT DISTINCT c FROM sbtest7 WHERE id BETWEEN 6577519 AND 6578518 ORDER BY c
	Unique  (cost=4207.99..4213.35 rows=1072 width=121)
	  ->  Sort  (cost=4207.99..4210.67 rows=1072 width=121)
	        Sort Key: c
	        ->  Bitmap Heap Scan on sbtest7  (cost=35.42..4154.03 rows=1072 width=121)
	              Recheck Cond: ((id >= 6577519) AND (id <= 6578518))
	              ->  Bitmap Index Scan on sbtest7_pkey  (cost=0.00..35.16 rows=1072 width=0)
	                    Index Cond: ((id >= 6577519) AND (id <= 6578518))

table 8 : explain SELECT DISTINCT c FROM sbtest8 WHERE id BETWEEN 2767094 AND 2768093 ORDER BY c
	Unique  (cost=4540.74..4546.53 rows=1158 width=121)
	  ->  Sort  (cost=4540.74..4543.64 rows=1158 width=121)
	        Sort Key: c
	        ->  Bitmap Heap Scan on sbtest8  (cost=40.30..4481.82 rows=1158 width=121)
	              Recheck Cond: ((id >= 2767094) AND (id <= 2768093))
	              ->  Bitmap Index Scan on sbtest8_pkey  (cost=0.00..40.02 rows=1158 width=0)
	                    Index Cond: ((id >= 2767094) AND (id <= 2768093))

for: order_ranges
table 1 : explain SELECT c FROM sbtest1 WHERE id BETWEEN 1850873 AND 1851872 ORDER BY c
	Sort  (cost=3963.17..3965.70 rows=1010 width=121)
	  Sort Key: c
	  ->  Bitmap Heap Scan on sbtest1  (cost=34.79..3912.77 rows=1010 width=121)
	        Recheck Cond: ((id >= 1850873) AND (id <= 1851872))
	        ->  Bitmap Index Scan on sbtest1_pkey  (cost=0.00..34.54 rows=1010 width=0)
	              Index Cond: ((id >= 1850873) AND (id <= 1851872))

table 2 : explain SELECT c FROM sbtest2 WHERE id BETWEEN 2570607 AND 2571606 ORDER BY c
	Sort  (cost=3587.30..3589.58 rows=912 width=121)
	  Sort Key: c
	  ->  Bitmap Heap Scan on sbtest2  (cost=29.78..3542.46 rows=912 width=121)
	        Recheck Cond: ((id >= 2570607) AND (id <= 2571606))
	        ->  Bitmap Index Scan on sbtest2_pkey  (cost=0.00..29.55 rows=912 width=0)
	              Index Cond: ((id >= 2570607) AND (id <= 2571606))

table 3 : explain SELECT c FROM sbtest3 WHERE id BETWEEN 3605925 AND 3606924 ORDER BY c
	Sort  (cost=4127.14..4129.77 rows=1052 width=121)
	  Sort Key: c
	  ->  Bitmap Heap Scan on sbtest3  (cost=35.22..4074.34 rows=1052 width=121)
	        Recheck Cond: ((id >= 3605925) AND (id <= 3606924))
	        ->  Bitmap Index Scan on sbtest3_pkey  (cost=0.00..34.95 rows=1052 width=0)
	              Index Cond: ((id >= 3605925) AND (id <= 3606924))

table 4 : explain SELECT c FROM sbtest4 WHERE id BETWEEN 4335995 AND 4336994 ORDER BY c
	Sort  (cost=3790.96..3793.35 rows=958 width=121)
	  Sort Key: c
	  ->  Index Scan using sbtest4_pkey on sbtest4  (cost=0.43..3743.52 rows=958 width=121)
	        Index Cond: ((id >= 4335995) AND (id <= 4336994))

table 5 : explain SELECT c FROM sbtest5 WHERE id BETWEEN 5143348 AND 5144347 ORDER BY c
	Sort  (cost=3743.27..3745.65 rows=951 width=121)
	  Sort Key: c
	  ->  Bitmap Heap Scan on sbtest5  (cost=34.18..3696.23 rows=951 width=121)
	        Recheck Cond: ((id >= 5143348) AND (id <= 5144347))
	        ->  Bitmap Index Scan on sbtest5_pkey  (cost=0.00..33.95 rows=951 width=0)
	              Index Cond: ((id >= 5143348) AND (id <= 5144347))

table 6 : explain SELECT c FROM sbtest6 WHERE id BETWEEN 6352189 AND 6353188 ORDER BY c
	Sort  (cost=4157.98..4160.63 rows=1059 width=121)
	  Sort Key: c
	  ->  Bitmap Heap Scan on sbtest6  (cost=35.29..4104.77 rows=1059 width=121)
	        Recheck Cond: ((id >= 6352189) AND (id <= 6353188))
	        ->  Bitmap Index Scan on sbtest6_pkey  (cost=0.00..35.03 rows=1059 width=0)
	              Index Cond: ((id >= 6352189) AND (id <= 6353188))

table 7 : explain SELECT c FROM sbtest7 WHERE id BETWEEN 7020387 AND 7021386 ORDER BY c
	Sort  (cost=3917.90..3920.37 rows=987 width=121)
	  Sort Key: c
	  ->  Index Scan using sbtest7_pkey on sbtest7  (cost=0.43..3868.81 rows=987 width=121)
	        Index Cond: ((id >= 7020387) AND (id <= 7021386))

table 8 : explain SELECT c FROM sbtest8 WHERE id BETWEEN 5301440 AND 5302439 ORDER BY c
	Sort  (cost=3669.08..3671.39 rows=923 width=121)
	  Sort Key: c
	  ->  Index Scan using sbtest8_pkey on sbtest8  (cost=0.43..3623.62 rows=923 width=121)
	        Index Cond: ((id >= 5301440) AND (id <= 5302439))

for: distinct_ranges
table 1 : explain SELECT DISTINCT c FROM sbtest1 WHERE id BETWEEN 7000789 AND 7001788 ORDER BY c
	Unique  (cost=4161.91..4167.22 rows=1062 width=121)
	  ->  Sort  (cost=4161.91..4164.56 rows=1062 width=121)
	        Sort Key: c
	        ->  Bitmap Heap Scan on sbtest1  (cost=35.32..4108.53 rows=1062 width=121)
	              Recheck Cond: ((id >= 7000789) AND (id <= 7001788))
	              ->  Bitmap Index Scan on sbtest1_pkey  (cost=0.00..35.06 rows=1062 width=0)
	                    Index Cond: ((id >= 7000789) AND (id <= 7001788))

table 2 : explain SELECT DISTINCT c FROM sbtest2 WHERE id BETWEEN 3414666 AND 3415665 ORDER BY c
	Unique  (cost=3764.10..3768.89 rows=957 width=121)
	  ->  Sort  (cost=3764.10..3766.49 rows=957 width=121)
	        Sort Key: c
	        ->  Bitmap Heap Scan on sbtest2  (cost=34.24..3716.72 rows=957 width=121)
	              Recheck Cond: ((id >= 3414666) AND (id <= 3415665))
	              ->  Bitmap Index Scan on sbtest2_pkey  (cost=0.00..34.01 rows=957 width=0)
	                    Index Cond: ((id >= 3414666) AND (id <= 3415665))

table 3 : explain SELECT DISTINCT c FROM sbtest3 WHERE id BETWEEN 5773698 AND 5774697 ORDER BY c
	Unique  (cost=3736.40..3741.15 rows=950 width=121)
	  ->  Sort  (cost=3736.40..3738.77 rows=950 width=121)
	        Sort Key: c
	        ->  Bitmap Heap Scan on sbtest3  (cost=34.17..3689.41 rows=950 width=121)
	              Recheck Cond: ((id >= 5773698) AND (id <= 5774697))
	              ->  Bitmap Index Scan on sbtest3_pkey  (cost=0.00..33.94 rows=950 width=0)
	                    Index Cond: ((id >= 5773698) AND (id <= 5774697))

table 4 : explain SELECT DISTINCT c FROM sbtest4 WHERE id BETWEEN 5648535 AND 5649534 ORDER BY c
	Unique  (cost=4078.82..4083.97 rows=1031 width=121)
	  ->  Sort  (cost=4078.82..4081.40 rows=1031 width=121)
	        Sort Key: c
	        ->  Index Scan using sbtest4_pkey on sbtest4  (cost=0.43..4027.22 rows=1031 width=121)
	              Index Cond: ((id >= 5648535) AND (id <= 5649534))

table 5 : explain SELECT DISTINCT c FROM sbtest5 WHERE id BETWEEN 7737840 AND 7738839 ORDER BY c
	Unique  (cost=4115.36..4120.60 rows=1048 width=121)
	  ->  Sort  (cost=4115.36..4117.98 rows=1048 width=121)
	        Sort Key: c
	        ->  Bitmap Heap Scan on sbtest5  (cost=35.18..4062.78 rows=1048 width=121)
	              Recheck Cond: ((id >= 7737840) AND (id <= 7738839))
	              ->  Bitmap Index Scan on sbtest5_pkey  (cost=0.00..34.92 rows=1048 width=0)
	                    Index Cond: ((id >= 7737840) AND (id <= 7738839))

table 6 : explain SELECT DISTINCT c FROM sbtest6 WHERE id BETWEEN 3795222 AND 3796221 ORDER BY c
	Unique  (cost=3977.86..3982.92 rows=1012 width=121)
	  ->  Sort  (cost=3977.86..3980.39 rows=1012 width=121)
	        Sort Key: c
	        ->  Bitmap Heap Scan on sbtest6  (cost=34.81..3927.34 rows=1012 width=121)
	              Recheck Cond: ((id >= 3795222) AND (id <= 3796221))
	              ->  Bitmap Index Scan on sbtest6_pkey  (cost=0.00..34.56 rows=1012 width=0)
	                    Index Cond: ((id >= 3795222) AND (id <= 3796221))

table 7 : explain SELECT DISTINCT c FROM sbtest7 WHERE id BETWEEN 7439179 AND 7440178 ORDER BY c
	Unique  (cost=3913.94..3918.87 rows=986 width=121)
	  ->  Sort  (cost=3913.94..3916.41 rows=986 width=121)
	        Sort Key: c
	        ->  Index Scan using sbtest7_pkey on sbtest7  (cost=0.43..3864.91 rows=986 width=121)
	              Index Cond: ((id >= 7439179) AND (id <= 7440178))

table 8 : explain SELECT DISTINCT c FROM sbtest8 WHERE id BETWEEN 7147182 AND 7148181 ORDER BY c
	Unique  (cost=3893.58..3898.53 rows=990 width=121)
	  ->  Sort  (cost=3893.58..3896.06 rows=990 width=121)
	        Sort Key: c
	        ->  Bitmap Heap Scan on sbtest8  (cost=34.58..3844.32 rows=990 width=121)
	              Recheck Cond: ((id >= 7147182) AND (id <= 7148181))
	              ->  Bitmap Index Scan on sbtest8_pkey  (cost=0.00..34.34 rows=990 width=0)
	                    Index Cond: ((id >= 7147182) AND (id <= 7148181))

for: simple_ranges
table 1 : explain SELECT c FROM sbtest1 WHERE id BETWEEN 8038822 AND 8039821
	Bitmap Heap Scan on sbtest1  (cost=34.47..3795.91 rows=979 width=121)
	  Recheck Cond: ((id >= 8038822) AND (id <= 8039821))
	  ->  Bitmap Index Scan on sbtest1_pkey  (cost=0.00..34.23 rows=979 width=0)
	        Index Cond: ((id >= 8038822) AND (id <= 8039821))

table 2 : explain SELECT c FROM sbtest2 WHERE id BETWEEN 6945636 AND 6946635
	Bitmap Heap Scan on sbtest2  (cost=34.53..3822.53 rows=985 width=121)
	  Recheck Cond: ((id >= 6945636) AND (id <= 6946635))
	  ->  Bitmap Index Scan on sbtest2_pkey  (cost=0.00..34.29 rows=985 width=0)
	        Index Cond: ((id >= 6945636) AND (id <= 6946635))

table 3 : explain SELECT c FROM sbtest3 WHERE id BETWEEN 1682895 AND 1683894
	Bitmap Heap Scan on sbtest3  (cost=34.51..3814.09 rows=983 width=121)
	  Recheck Cond: ((id >= 1682895) AND (id <= 1683894))
	  ->  Bitmap Index Scan on sbtest3_pkey  (cost=0.00..34.27 rows=983 width=0)
	        Index Cond: ((id >= 1682895) AND (id <= 1683894))

table 4 : explain SELECT c FROM sbtest4 WHERE id BETWEEN 448124 AND 449123
	Index Scan using sbtest4_pkey on sbtest4  (cost=0.43..3720.21 rows=952 width=121)
	  Index Cond: ((id >= 448124) AND (id <= 449123))

table 5 : explain SELECT c FROM sbtest5 WHERE id BETWEEN 279804 AND 280803
	Bitmap Heap Scan on sbtest5  (cost=35.44..4160.84 rows=1074 width=121)
	  Recheck Cond: ((id >= 279804) AND (id <= 280803))
	  ->  Bitmap Index Scan on sbtest5_pkey  (cost=0.00..35.18 rows=1074 width=0)
	        Index Cond: ((id >= 279804) AND (id <= 280803))

table 6 : explain SELECT c FROM sbtest6 WHERE id BETWEEN 1958429 AND 1959428
	Bitmap Heap Scan on sbtest6  (cost=34.52..3821.51 rows=984 width=121)
	  Recheck Cond: ((id >= 1958429) AND (id <= 1959428))
	  ->  Bitmap Index Scan on sbtest6_pkey  (cost=0.00..34.28 rows=984 width=0)
	        Index Cond: ((id >= 1958429) AND (id <= 1959428))

table 7 : explain SELECT c FROM sbtest7 WHERE id BETWEEN 2300024 AND 2301023
	Index Scan using sbtest7_pkey on sbtest7  (cost=0.43..3970.18 rows=1013 width=121)
	  Index Cond: ((id >= 2300024) AND (id <= 2301023))

table 8 : explain SELECT c FROM sbtest8 WHERE id BETWEEN 4344427 AND 4345426
	Bitmap Heap Scan on sbtest8  (cost=34.85..3942.58 rows=1016 width=121)
	  Recheck Cond: ((id >= 4344427) AND (id <= 4345426))
	  ->  Bitmap Index Scan on sbtest8_pkey  (cost=0.00..34.59 rows=1016 width=0)
	        Index Cond: ((id >= 4344427) AND (id <= 4345426))

explain: for point_selects :: explain SELECT c FROM sbtest%u WHERE id=%u
explain: for point_selects :: explain SELECT c FROM sbtest%u WHERE id=%u
explain: for point_selects :: explain SELECT c FROM sbtest%u WHERE id=%u
for point_selects
table 1 : explain SELECT c FROM sbtest1 WHERE id=7274495
	Index Scan using sbtest1_pkey on sbtest1  (cost=0.43..8.45 rows=1 width=121)
	  Index Cond: (id = 7274495)

table 2 : explain SELECT c FROM sbtest2 WHERE id=7777343
	Index Scan using sbtest2_pkey on sbtest2  (cost=0.43..8.45 rows=1 width=121)
	  Index Cond: (id = 7777343)

table 3 : explain SELECT c FROM sbtest3 WHERE id=4063485
	Index Scan using sbtest3_pkey on sbtest3  (cost=0.43..8.45 rows=1 width=121)
	  Index Cond: (id = 4063485)

table 4 : explain SELECT c FROM sbtest4 WHERE id=2187476
	Index Scan using sbtest4_pkey on sbtest4  (cost=0.43..8.45 rows=1 width=121)
	  Index Cond: (id = 2187476)

table 5 : explain SELECT c FROM sbtest5 WHERE id=9707757
	Index Scan using sbtest5_pkey on sbtest5  (cost=0.43..8.45 rows=1 width=121)
	  Index Cond: (id = 9707757)

table 6 : explain SELECT c FROM sbtest6 WHERE id=7808636
	Index Scan using sbtest6_pkey on sbtest6  (cost=0.43..8.45 rows=1 width=121)
	  Index Cond: (id = 7808636)

table 7 : explain SELECT c FROM sbtest7 WHERE id=560684
	Index Scan using sbtest7_pkey on sbtest7  (cost=0.43..8.45 rows=1 width=121)
	  Index Cond: (id = 560684)

table 8 : explain SELECT c FROM sbtest8 WHERE id=8972080
	Index Scan using sbtest8_pkey on sbtest8  (cost=0.43..8.45 rows=1 width=121)
	  Index Cond: (id = 8972080)

for: sum_ranges
table 1 : explain SELECT SUM(k) FROM sbtest1 WHERE id BETWEEN 4130713 AND 4131712
	Aggregate  (cost=3647.28..3647.29 rows=1 width=8)
	  ->  Bitmap Heap Scan on sbtest1  (cost=34.06..3644.93 rows=939 width=4)
	        Recheck Cond: ((id >= 4130713) AND (id <= 4131712))
	        ->  Bitmap Index Scan on sbtest1_pkey  (cost=0.00..33.83 rows=939 width=0)
	              Index Cond: ((id >= 4130713) AND (id <= 4131712))

table 2 : explain SELECT SUM(k) FROM sbtest2 WHERE id BETWEEN 6290655 AND 6291654
	Aggregate  (cost=3972.30..3972.31 rows=1 width=8)
	  ->  Bitmap Heap Scan on sbtest2  (cost=34.93..3969.74 rows=1024 width=4)
	        Recheck Cond: ((id >= 6290655) AND (id <= 6291654))
	        ->  Bitmap Index Scan on sbtest2_pkey  (cost=0.00..34.68 rows=1024 width=0)
	              Index Cond: ((id >= 6290655) AND (id <= 6291654))

table 3 : explain SELECT SUM(k) FROM sbtest3 WHERE id BETWEEN 4121728 AND 4122727
	Aggregate  (cost=3948.72..3948.73 rows=1 width=8)
	  ->  Bitmap Heap Scan on sbtest3  (cost=34.87..3946.17 rows=1018 width=4)
	        Recheck Cond: ((id >= 4121728) AND (id <= 4122727))
	        ->  Bitmap Index Scan on sbtest3_pkey  (cost=0.00..34.62 rows=1018 width=0)
	              Index Cond: ((id >= 4121728) AND (id <= 4122727))

table 4 : explain SELECT SUM(k) FROM sbtest4 WHERE id BETWEEN 7047669 AND 7048668
	Aggregate  (cost=3605.93..3605.94 rows=1 width=8)
	  ->  Index Scan using sbtest4_pkey on sbtest4  (cost=0.43..3603.63 rows=922 width=4)
	        Index Cond: ((id >= 7047669) AND (id <= 7048668))

table 5 : explain SELECT SUM(k) FROM sbtest5 WHERE id BETWEEN 5483812 AND 5484811
	Aggregate  (cost=3694.82..3694.83 rows=1 width=8)
	  ->  Bitmap Heap Scan on sbtest5  (cost=34.17..3692.45 rows=950 width=4)
	        Recheck Cond: ((id >= 5483812) AND (id <= 5484811))
	        ->  Bitmap Index Scan on sbtest5_pkey  (cost=0.00..33.94 rows=950 width=0)
	              Index Cond: ((id >= 5483812) AND (id <= 5484811))

table 6 : explain SELECT SUM(k) FROM sbtest6 WHERE id BETWEEN 2825311 AND 2826310
	Aggregate  (cost=3782.34..3782.35 rows=1 width=8)
	  ->  Bitmap Heap Scan on sbtest6  (cost=34.41..3779.91 rows=973 width=4)
	        Recheck Cond: ((id >= 2825311) AND (id <= 2826310))
	        ->  Bitmap Index Scan on sbtest6_pkey  (cost=0.00..34.17 rows=973 width=0)
	              Index Cond: ((id >= 2825311) AND (id <= 2826310))

table 7 : explain SELECT SUM(k) FROM sbtest7 WHERE id BETWEEN 1477968 AND 1478967
	Aggregate  (cost=4390.68..4390.69 rows=1 width=8)
	  ->  Bitmap Heap Scan on sbtest7  (cost=40.05..4387.85 rows=1133 width=4)
	        Recheck Cond: ((id >= 1477968) AND (id <= 1478967))
	        ->  Bitmap Index Scan on sbtest7_pkey  (cost=0.00..39.77 rows=1133 width=0)
	              Index Cond: ((id >= 1477968) AND (id <= 1478967))

table 8 : explain SELECT SUM(k) FROM sbtest8 WHERE id BETWEEN 5656564 AND 5657563
	Aggregate  (cost=4254.93..4254.94 rows=1 width=8)
	  ->  Bitmap Heap Scan on sbtest8  (cost=39.68..4252.18 rows=1097 width=4)
	        Recheck Cond: ((id >= 5656564) AND (id <= 5657563))
	        ->  Bitmap Index Scan on sbtest8_pkey  (cost=0.00..39.41 rows=1097 width=0)
	              Index Cond: ((id >= 5656564) AND (id <= 5657563))

for: distinct_ranges
table 1 : explain SELECT DISTINCT c FROM sbtest1 WHERE id BETWEEN 593329 AND 594328 ORDER BY c
	Unique  (cost=4066.40..4071.58 rows=1037 width=121)
	  ->  Sort  (cost=4066.40..4068.99 rows=1037 width=121)
	        Sort Key: c
	        ->  Bitmap Heap Scan on sbtest1  (cost=35.06..4014.46 rows=1037 width=121)
	              Recheck Cond: ((id >= 593329) AND (id <= 594328))
	              ->  Bitmap Index Scan on sbtest1_pkey  (cost=0.00..34.81 rows=1037 width=0)
	                    Index Cond: ((id >= 593329) AND (id <= 594328))

table 2 : explain SELECT DISTINCT c FROM sbtest2 WHERE id BETWEEN 9882102 AND 9883101 ORDER BY c
	Unique  (cost=4040.09..4045.23 rows=1029 width=121)
	  ->  Sort  (cost=4040.09..4042.66 rows=1029 width=121)
	        Sort Key: c
	        ->  Bitmap Heap Scan on sbtest2  (cost=34.98..3988.60 rows=1029 width=121)
	              Recheck Cond: ((id >= 9882102) AND (id <= 9883101))
	              ->  Bitmap Index Scan on sbtest2_pkey  (cost=0.00..34.73 rows=1029 width=0)
	                    Index Cond: ((id >= 9882102) AND (id <= 9883101))

table 3 : explain SELECT DISTINCT c FROM sbtest3 WHERE id BETWEEN 6284859 AND 6285858 ORDER BY c
	Unique  (cost=3931.92..3936.93 rows=1001 width=121)
	  ->  Sort  (cost=3931.92..3934.43 rows=1001 width=121)
	        Sort Key: c
	        ->  Bitmap Heap Scan on sbtest3  (cost=34.70..3882.04 rows=1001 width=121)
	              Recheck Cond: ((id >= 6284859) AND (id <= 6285858))
	              ->  Bitmap Index Scan on sbtest3_pkey  (cost=0.00..34.45 rows=1001 width=0)
	                    Index Cond: ((id >= 6284859) AND (id <= 6285858))

table 4 : explain SELECT DISTINCT c FROM sbtest4 WHERE id BETWEEN 4864882 AND 4865881 ORDER BY c
	Unique  (cost=4011.77..4016.84 rows=1014 width=121)
	  ->  Sort  (cost=4011.77..4014.30 rows=1014 width=121)
	        Sort Key: c
	        ->  Index Scan using sbtest4_pkey on sbtest4  (cost=0.43..3961.14 rows=1014 width=121)
	              Index Cond: ((id >= 4864882) AND (id <= 4865881))

table 5 : explain SELECT DISTINCT c FROM sbtest5 WHERE id BETWEEN 2506355 AND 2507354 ORDER BY c
	Unique  (cost=4046.39..4051.54 rows=1030 width=121)
	  ->  Sort  (cost=4046.39..4048.97 rows=1030 width=121)
	        Sort Key: c
	        ->  Bitmap Heap Scan on sbtest5  (cost=34.99..3994.85 rows=1030 width=121)
	              Recheck Cond: ((id >= 2506355) AND (id <= 2507354))
	              ->  Bitmap Index Scan on sbtest5_pkey  (cost=0.00..34.73 rows=1030 width=0)
	                    Index Cond: ((id >= 2506355) AND (id <= 2507354))

table 6 : explain SELECT DISTINCT c FROM sbtest6 WHERE id BETWEEN 1533712 AND 1534711 ORDER BY c
	Unique  (cost=4039.20..4044.34 rows=1028 width=121)
	  ->  Sort  (cost=4039.20..4041.77 rows=1028 width=121)
	        Sort Key: c
	        ->  Bitmap Heap Scan on sbtest6  (cost=34.97..3987.77 rows=1028 width=121)
	              Recheck Cond: ((id >= 1533712) AND (id <= 1534711))
	              ->  Bitmap Index Scan on sbtest6_pkey  (cost=0.00..34.72 rows=1028 width=0)
	                    Index Cond: ((id >= 1533712) AND (id <= 1534711))

table 7 : explain SELECT DISTINCT c FROM sbtest7 WHERE id BETWEEN 3156470 AND 3157469 ORDER BY c
	Unique  (cost=4104.57..4109.80 rows=1045 width=121)
	  ->  Sort  (cost=4104.57..4107.19 rows=1045 width=121)
	        Sort Key: c
	        ->  Bitmap Heap Scan on sbtest7  (cost=35.15..4052.17 rows=1045 width=121)
	              Recheck Cond: ((id >= 3156470) AND (id <= 3157469))
	              ->  Bitmap Index Scan on sbtest7_pkey  (cost=0.00..34.89 rows=1045 width=0)
	                    Index Cond: ((id >= 3156470) AND (id <= 3157469))

table 8 : explain SELECT DISTINCT c FROM sbtest8 WHERE id BETWEEN 9637419 AND 9638418 ORDER BY c
	Unique  (cost=4035.50..4040.64 rows=1027 width=121)
	  ->  Sort  (cost=4035.50..4038.07 rows=1027 width=121)
	        Sort Key: c
	        ->  Bitmap Heap Scan on sbtest8  (cost=34.96..3984.13 rows=1027 width=121)
	              Recheck Cond: ((id >= 9637419) AND (id <= 9638418))
	              ->  Bitmap Index Scan on sbtest8_pkey  (cost=0.00..34.70 rows=1027 width=0)
	                    Index Cond: ((id >= 9637419) AND (id <= 9638418))

for: sum_ranges
table 1 : explain SELECT SUM(k) FROM sbtest1 WHERE id BETWEEN 3654756 AND 3655755
	Aggregate  (cost=3824.77..3824.78 rows=1 width=8)
	  ->  Bitmap Heap Scan on sbtest1  (cost=34.54..3822.31 rows=986 width=4)
	        Recheck Cond: ((id >= 3654756) AND (id <= 3655755))
	        ->  Bitmap Index Scan on sbtest1_pkey  (cost=0.00..34.30 rows=986 width=0)
	              Index Cond: ((id >= 3654756) AND (id <= 3655755))

table 2 : explain SELECT SUM(k) FROM sbtest2 WHERE id BETWEEN 1166950 AND 1167949
	Aggregate  (cost=3772.06..3772.07 rows=1 width=8)
	  ->  Bitmap Heap Scan on sbtest2  (cost=34.39..3769.64 rows=971 width=4)
	        Recheck Cond: ((id >= 1166950) AND (id <= 1167949))
	        ->  Bitmap Index Scan on sbtest2_pkey  (cost=0.00..34.15 rows=971 width=0)
	              Index Cond: ((id >= 1166950) AND (id <= 1167949))

table 3 : explain SELECT SUM(k) FROM sbtest3 WHERE id BETWEEN 954607 AND 955606
	Aggregate  (cost=4110.89..4110.90 rows=1 width=8)
	  ->  Bitmap Heap Scan on sbtest3  (cost=35.31..4108.24 rows=1061 width=4)
	        Recheck Cond: ((id >= 954607) AND (id <= 955606))
	        ->  Bitmap Index Scan on sbtest3_pkey  (cost=0.00..35.05 rows=1061 width=0)
	              Index Cond: ((id >= 954607) AND (id <= 955606))

table 4 : explain SELECT SUM(k) FROM sbtest4 WHERE id BETWEEN 3415149 AND 3416148
	Aggregate  (cost=4018.13..4018.14 rows=1 width=8)
	  ->  Index Scan using sbtest4_pkey on sbtest4  (cost=0.43..4015.56 rows=1028 width=4)
	        Index Cond: ((id >= 3415149) AND (id <= 3416148))

table 5 : explain SELECT SUM(k) FROM sbtest5 WHERE id BETWEEN 5039386 AND 5040385
	Aggregate  (cost=3687.25..3687.26 rows=1 width=8)
	  ->  Bitmap Heap Scan on sbtest5  (cost=34.15..3684.88 rows=948 width=4)
	        Recheck Cond: ((id >= 5039386) AND (id <= 5040385))
	        ->  Bitmap Index Scan on sbtest5_pkey  (cost=0.00..33.92 rows=948 width=0)
	              Index Cond: ((id >= 5039386) AND (id <= 5040385))

table 6 : explain SELECT SUM(k) FROM sbtest6 WHERE id BETWEEN 8439142 AND 8440141
	Aggregate  (cost=3842.89..3842.90 rows=1 width=8)
	  ->  Bitmap Heap Scan on sbtest6  (cost=34.57..3840.42 rows=989 width=4)
	        Recheck Cond: ((id >= 8439142) AND (id <= 8440141))
	        ->  Bitmap Index Scan on sbtest6_pkey  (cost=0.00..34.33 rows=989 width=0)
	              Index Cond: ((id >= 8439142) AND (id <= 8440141))

table 7 : explain SELECT SUM(k) FROM sbtest7 WHERE id BETWEEN 5773206 AND 5774205
	Aggregate  (cost=3656.70..3656.71 rows=1 width=8)
	  ->  Index Scan using sbtest7_pkey on sbtest7  (cost=0.43..3654.37 rows=932 width=4)
	        Index Cond: ((id >= 5773206) AND (id <= 5774205))

table 8 : explain SELECT SUM(k) FROM sbtest8 WHERE id BETWEEN 3296950 AND 3297949
	Aggregate  (cost=3743.08..3743.09 rows=1 width=8)
	  ->  Index Scan using sbtest8_pkey on sbtest8  (cost=0.43..3740.70 rows=953 width=4)
	        Index Cond: ((id >= 3296950) AND (id <= 3297949))

for point_selects
table 1 : explain SELECT c FROM sbtest1 WHERE id=6131020
	Index Scan using sbtest1_pkey on sbtest1  (cost=0.43..8.45 rows=1 width=121)
	  Index Cond: (id = 6131020)

table 2 : explain SELECT c FROM sbtest2 WHERE id=8225254
	Index Scan using sbtest2_pkey on sbtest2  (cost=0.43..8.45 rows=1 width=121)
	  Index Cond: (id = 8225254)

table 3 : explain SELECT c FROM sbtest3 WHERE id=7038638
	Index Scan using sbtest3_pkey on sbtest3  (cost=0.43..8.45 rows=1 width=121)
	  Index Cond: (id = 7038638)

table 4 : explain SELECT c FROM sbtest4 WHERE id=158677
	Index Scan using sbtest4_pkey on sbtest4  (cost=0.43..8.45 rows=1 width=121)
	  Index Cond: (id = 158677)

table 5 : explain SELECT c FROM sbtest5 WHERE id=2027903
	Index Scan using sbtest5_pkey on sbtest5  (cost=0.43..8.45 rows=1 width=121)
	  Index Cond: (id = 2027903)

table 6 : explain SELECT c FROM sbtest6 WHERE id=4439039
	Index Scan using sbtest6_pkey on sbtest6  (cost=0.43..8.45 rows=1 width=121)
	  Index Cond: (id = 4439039)

table 7 : explain SELECT c FROM sbtest7 WHERE id=8201926
	Index Scan using sbtest7_pkey on sbtest7  (cost=0.43..8.45 rows=1 width=121)
	  Index Cond: (id = 8201926)

table 8 : explain SELECT c FROM sbtest8 WHERE id=2114336
	Index Scan using sbtest8_pkey on sbtest8  (cost=0.43..8.45 rows=1 width=121)
	  Index Cond: (id = 2114336)

for: sum_ranges
table 1 : explain SELECT SUM(k) FROM sbtest1 WHERE id BETWEEN 2628687 AND 2629686
	Aggregate  (cost=4133.76..4133.77 rows=1 width=8)
	  ->  Bitmap Heap Scan on sbtest1  (cost=35.38..4131.09 rows=1068 width=4)
	        Recheck Cond: ((id >= 2628687) AND (id <= 2629686))
	        ->  Bitmap Index Scan on sbtest1_pkey  (cost=0.00..35.12 rows=1068 width=0)
	              Index Cond: ((id >= 2628687) AND (id <= 2629686))

table 2 : explain SELECT SUM(k) FROM sbtest2 WHERE id BETWEEN 8596504 AND 8597503
	Aggregate  (cost=3983.62..3983.63 rows=1 width=8)
	  ->  Bitmap Heap Scan on sbtest2  (cost=34.96..3981.06 rows=1027 width=4)
	        Recheck Cond: ((id >= 8596504) AND (id <= 8597503))
	        ->  Bitmap Index Scan on sbtest2_pkey  (cost=0.00..34.70 rows=1027 width=0)
	              Index Cond: ((id >= 8596504) AND (id <= 8597503))

table 3 : explain SELECT SUM(k) FROM sbtest3 WHERE id BETWEEN 8008642 AND 8009641
	Aggregate  (cost=3616.11..3616.12 rows=1 width=8)
	  ->  Bitmap Heap Scan on sbtest3  (cost=33.97..3613.78 rows=930 width=4)
	        Recheck Cond: ((id >= 8008642) AND (id <= 8009641))
	        ->  Bitmap Index Scan on sbtest3_pkey  (cost=0.00..33.73 rows=930 width=0)
	              Index Cond: ((id >= 8008642) AND (id <= 8009641))

table 4 : explain SELECT SUM(k) FROM sbtest4 WHERE id BETWEEN 8200560 AND 8201559
	Aggregate  (cost=4196.99..4197.00 rows=1 width=8)
	  ->  Index Scan using sbtest4_pkey on sbtest4  (cost=0.43..4194.30 rows=1074 width=4)
	        Index Cond: ((id >= 8200560) AND (id <= 8201559))

table 5 : explain SELECT SUM(k) FROM sbtest5 WHERE id BETWEEN 766448 AND 767447
	Aggregate  (cost=4152.21..4152.22 rows=1 width=8)
	  ->  Bitmap Heap Scan on sbtest5  (cost=35.41..4149.53 rows=1071 width=4)
	        Recheck Cond: ((id >= 766448) AND (id <= 767447))
	        ->  Bitmap Index Scan on sbtest5_pkey  (cost=0.00..35.15 rows=1071 width=0)
	              Index Cond: ((id >= 766448) AND (id <= 767447))

table 6 : explain SELECT SUM(k) FROM sbtest6 WHERE id BETWEEN 7520932 AND 7521931
	Aggregate  (cost=4266.09..4266.10 rows=1 width=8)
	  ->  Bitmap Heap Scan on sbtest6  (cost=39.71..4263.34 rows=1100 width=4)
	        Recheck Cond: ((id >= 7520932) AND (id <= 7521931))
	        ->  Bitmap Index Scan on sbtest6_pkey  (cost=0.00..39.44 rows=1100 width=0)
	              Index Cond: ((id >= 7520932) AND (id <= 7521931))

table 7 : explain SELECT SUM(k) FROM sbtest7 WHERE id BETWEEN 9105151 AND 9106150
	Aggregate  (cost=4092.55..4092.56 rows=1 width=8)
	  ->  Bitmap Heap Scan on sbtest7  (cost=35.25..4089.91 rows=1055 width=4)
	        Recheck Cond: ((id >= 9105151) AND (id <= 9106150))
	        ->  Bitmap Index Scan on sbtest7_pkey  (cost=0.00..34.98 rows=1055 width=0)
	              Index Cond: ((id >= 9105151) AND (id <= 9106150))

table 8 : explain SELECT SUM(k) FROM sbtest8 WHERE id BETWEEN 7890592 AND 7891591
	Aggregate  (cost=4024.48..4024.49 rows=1 width=8)
	  ->  Bitmap Heap Scan on sbtest8  (cost=35.06..4021.89 rows=1037 width=4)
	        Recheck Cond: ((id >= 7890592) AND (id <= 7891591))
	        ->  Bitmap Index Scan on sbtest8_pkey  (cost=0.00..34.81 rows=1037 width=0)
	              Index Cond: ((id >= 7890592) AND (id <= 7891591))

for: sum_ranges
table 1 : explain SELECT SUM(k) FROM sbtest1 WHERE id BETWEEN 5879707 AND 5880706
	Aggregate  (cost=3692.62..3692.63 rows=1 width=8)
	  ->  Bitmap Heap Scan on sbtest1  (cost=34.18..3690.25 rows=951 width=4)
	        Recheck Cond: ((id >= 5879707) AND (id <= 5880706))
	        ->  Bitmap Index Scan on sbtest1_pkey  (cost=0.00..33.95 rows=951 width=0)
	              Index Cond: ((id >= 5879707) AND (id <= 5880706))

table 2 : explain SELECT SUM(k) FROM sbtest2 WHERE id BETWEEN 9685310 AND 9686309
	Aggregate  (cost=3806.09..3806.10 rows=1 width=8)
	  ->  Bitmap Heap Scan on sbtest2  (cost=34.48..3803.64 rows=980 width=4)
	        Recheck Cond: ((id >= 9685310) AND (id <= 9686309))
	        ->  Bitmap Index Scan on sbtest2_pkey  (cost=0.00..34.23 rows=980 width=0)
	              Index Cond: ((id >= 9685310) AND (id <= 9686309))

table 3 : explain SELECT SUM(k) FROM sbtest3 WHERE id BETWEEN 635493 AND 636492
	Aggregate  (cost=3839.22..3839.23 rows=1 width=8)
	  ->  Bitmap Heap Scan on sbtest3  (cost=34.57..3836.74 rows=989 width=4)
	        Recheck Cond: ((id >= 635493) AND (id <= 636492))
	        ->  Bitmap Index Scan on sbtest3_pkey  (cost=0.00..34.33 rows=989 width=0)
	              Index Cond: ((id >= 635493) AND (id <= 636492))

table 4 : explain SELECT SUM(k) FROM sbtest4 WHERE id BETWEEN 9590406 AND 9591405
	Aggregate  (cost=3586.49..3586.50 rows=1 width=8)
	  ->  Index Scan using sbtest4_pkey on sbtest4  (cost=0.43..3584.20 rows=917 width=4)
	        Index Cond: ((id >= 9590406) AND (id <= 9591405))

table 5 : explain SELECT SUM(k) FROM sbtest5 WHERE id BETWEEN 2848591 AND 2849590
	Aggregate  (cost=4461.41..4461.42 rows=1 width=8)
	  ->  Bitmap Heap Scan on sbtest5  (cost=40.24..4458.53 rows=1152 width=4)
	        Recheck Cond: ((id >= 2848591) AND (id <= 2849590))
	        ->  Bitmap Index Scan on sbtest5_pkey  (cost=0.00..39.95 rows=1152 width=0)
	              Index Cond: ((id >= 2848591) AND (id <= 2849590))

table 6 : explain SELECT SUM(k) FROM sbtest6 WHERE id BETWEEN 3232415 AND 3233414
	Aggregate  (cost=3918.53..3918.54 rows=1 width=8)
	  ->  Bitmap Heap Scan on sbtest6  (cost=34.78..3916.01 rows=1009 width=4)
	        Recheck Cond: ((id >= 3232415) AND (id <= 3233414))
	        ->  Bitmap Index Scan on sbtest6_pkey  (cost=0.00..34.53 rows=1009 width=0)
	              Index Cond: ((id >= 3232415) AND (id <= 3233414))

table 7 : explain SELECT SUM(k) FROM sbtest7 WHERE id BETWEEN 6029393 AND 6030392
	Aggregate  (cost=3828.34..3828.35 rows=1 width=8)
	  ->  Index Scan using sbtest7_pkey on sbtest7  (cost=0.43..3825.90 rows=976 width=4)
	        Index Cond: ((id >= 6029393) AND (id <= 6030392))

table 8 : explain SELECT SUM(k) FROM sbtest8 WHERE id BETWEEN 500504 AND 501503
	Aggregate  (cost=4001.81..4001.82 rows=1 width=8)
	  ->  Bitmap Heap Scan on sbtest8  (cost=35.00..3999.24 rows=1031 width=4)
	        Recheck Cond: ((id >= 500504) AND (id <= 501503))
	        ->  Bitmap Index Scan on sbtest8_pkey  (cost=0.00..34.75 rows=1031 width=0)
	              Index Cond: ((id >= 500504) AND (id <= 501503))

for: simple_ranges
table 1 : explain SELECT c FROM sbtest1 WHERE id BETWEEN 7798619 AND 7799618
	Bitmap Heap Scan on sbtest1  (cost=33.89..3580.70 rows=922 width=121)
	  Recheck Cond: ((id >= 7798619) AND (id <= 7799618))
	  ->  Bitmap Index Scan on sbtest1_pkey  (cost=0.00..33.66 rows=922 width=0)
	        Index Cond: ((id >= 7798619) AND (id <= 7799618))

table 2 : explain SELECT c FROM sbtest2 WHERE id BETWEEN 3398526 AND 3399525
	Bitmap Heap Scan on sbtest2  (cost=34.24..3716.72 rows=957 width=121)
	  Recheck Cond: ((id >= 3398526) AND (id <= 3399525))
	  ->  Bitmap Index Scan on sbtest2_pkey  (cost=0.00..34.01 rows=957 width=0)
	        Index Cond: ((id >= 3398526) AND (id <= 3399525))

table 3 : explain SELECT c FROM sbtest3 WHERE id BETWEEN 2390545 AND 2391544
	Bitmap Heap Scan on sbtest3  (cost=34.76..3904.68 rows=1007 width=121)
	  Recheck Cond: ((id >= 2390545) AND (id <= 2391544))
	  ->  Bitmap Index Scan on sbtest3_pkey  (cost=0.00..34.51 rows=1007 width=0)
	        Index Cond: ((id >= 2390545) AND (id <= 2391544))

table 4 : explain SELECT c FROM sbtest4 WHERE id BETWEEN 8729477 AND 8730476
	Index Scan using sbtest4_pkey on sbtest4  (cost=0.43..4276.04 rows=1094 width=121)
	  Index Cond: ((id >= 8729477) AND (id <= 8730476))

table 5 : explain SELECT c FROM sbtest5 WHERE id BETWEEN 6366669 AND 6367668
	Bitmap Heap Scan on sbtest5  (cost=35.17..4059.01 rows=1047 width=121)
	  Recheck Cond: ((id >= 6366669) AND (id <= 6367668))
	  ->  Bitmap Index Scan on sbtest5_pkey  (cost=0.00..34.91 rows=1047 width=0)
	        Index Cond: ((id >= 6366669) AND (id <= 6367668))

table 6 : explain SELECT c FROM sbtest6 WHERE id BETWEEN 2671525 AND 2672524
	Bitmap Heap Scan on sbtest6  (cost=35.49..4180.20 rows=1079 width=121)
	  Recheck Cond: ((id >= 2671525) AND (id <= 2672524))
	  ->  Bitmap Index Scan on sbtest6_pkey  (cost=0.00..35.23 rows=1079 width=0)
	        Index Cond: ((id >= 2671525) AND (id <= 2672524))

table 7 : explain SELECT c FROM sbtest7 WHERE id BETWEEN 338524 AND 339523
	Index Scan using sbtest7_pkey on sbtest7  (cost=0.43..3732.36 rows=952 width=121)
	  Index Cond: ((id >= 338524) AND (id <= 339523))

table 8 : explain SELECT c FROM sbtest8 WHERE id BETWEEN 6459099 AND 6460098
	Index Scan using sbtest8_pkey on sbtest8  (cost=0.43..3768.04 rows=960 width=121)
	  Index Cond: ((id >= 6459099) AND (id <= 6460098))

for point_selects
table 1 : explain SELECT c FROM sbtest1 WHERE id=6459464
	Index Scan using sbtest1_pkey on sbtest1  (cost=0.43..8.45 rows=1 width=121)
	  Index Cond: (id = 6459464)

table 2 : explain SELECT c FROM sbtest2 WHERE id=3421059
	Index Scan using sbtest2_pkey on sbtest2  (cost=0.43..8.45 rows=1 width=121)
	  Index Cond: (id = 3421059)

table 3 : explain SELECT c FROM sbtest3 WHERE id=4503999
	Index Scan using sbtest3_pkey on sbtest3  (cost=0.43..8.45 rows=1 width=121)
	  Index Cond: (id = 4503999)

table 4 : explain SELECT c FROM sbtest4 WHERE id=8935223
	Index Scan using sbtest4_pkey on sbtest4  (cost=0.43..8.45 rows=1 width=121)
	  Index Cond: (id = 8935223)

table 5 : explain SELECT c FROM sbtest5 WHERE id=4108616
	Index Scan using sbtest5_pkey on sbtest5  (cost=0.43..8.45 rows=1 width=121)
	  Index Cond: (id = 4108616)

table 6 : explain SELECT c FROM sbtest6 WHERE id=7998504
	Index Scan using sbtest6_pkey on sbtest6  (cost=0.43..8.45 rows=1 width=121)
	  Index Cond: (id = 7998504)

table 7 : explain SELECT c FROM sbtest7 WHERE id=419346
	Index Scan using sbtest7_pkey on sbtest7  (cost=0.43..8.45 rows=1 width=121)
	  Index Cond: (id = 419346)

table 8 : explain SELECT c FROM sbtest8 WHERE id=3763510
	Index Scan using sbtest8_pkey on sbtest8  (cost=0.43..8.45 rows=1 width=121)
	  Index Cond: (id = 3763510)

for: order_ranges
table 1 : explain SELECT c FROM sbtest1 WHERE id BETWEEN 1837539 AND 1838538 ORDER BY c
	Sort  (cost=3963.17..3965.70 rows=1010 width=121)
	  Sort Key: c
	  ->  Bitmap Heap Scan on sbtest1  (cost=34.79..3912.77 rows=1010 width=121)
	        Recheck Cond: ((id >= 1837539) AND (id <= 1838538))
	        ->  Bitmap Index Scan on sbtest1_pkey  (cost=0.00..34.54 rows=1010 width=0)
	              Index Cond: ((id >= 1837539) AND (id <= 1838538))

table 2 : explain SELECT c FROM sbtest2 WHERE id BETWEEN 8808551 AND 8809550 ORDER BY c
	Sort  (cost=4204.62..4207.30 rows=1072 width=121)
	  Sort Key: c
	  ->  Bitmap Heap Scan on sbtest2  (cost=35.42..4150.67 rows=1072 width=121)
	        Recheck Cond: ((id >= 8808551) AND (id <= 8809550))
	        ->  Bitmap Index Scan on sbtest2_pkey  (cost=0.00..35.16 rows=1072 width=0)
	              Index Cond: ((id >= 8808551) AND (id <= 8809550))

table 3 : explain SELECT c FROM sbtest3 WHERE id BETWEEN 2874375 AND 2875374 ORDER BY c
	Sort  (cost=4238.01..4240.71 rows=1081 width=121)
	  Sort Key: c
	  ->  Bitmap Heap Scan on sbtest3  (cost=35.52..4183.54 rows=1081 width=121)
	        Recheck Cond: ((id >= 2874375) AND (id <= 2875374))
	        ->  Bitmap Index Scan on sbtest3_pkey  (cost=0.00..35.25 rows=1081 width=0)
	              Index Cond: ((id >= 2874375) AND (id <= 2875374))

table 4 : explain SELECT c FROM sbtest4 WHERE id BETWEEN 5893731 AND 5894730 ORDER BY c
	Sort  (cost=3984.17..3986.69 rows=1007 width=121)
	  Sort Key: c
	  ->  Index Scan using sbtest4_pkey on sbtest4  (cost=0.43..3933.95 rows=1007 width=121)
	        Index Cond: ((id >= 5893731) AND (id <= 5894730))

table 5 : explain SELECT c FROM sbtest5 WHERE id BETWEEN 5264887 AND 5265886 ORDER BY c
	Sort  (cost=3720.22..3722.59 rows=945 width=121)
	  Sort Key: c
	  ->  Bitmap Heap Scan on sbtest5  (cost=34.12..3673.52 rows=945 width=121)
	        Recheck Cond: ((id >= 5264887) AND (id <= 5265886))
	        ->  Bitmap Index Scan on sbtest5_pkey  (cost=0.00..33.89 rows=945 width=0)
	              Index Cond: ((id >= 5264887) AND (id <= 5265886))

table 6 : explain SELECT c FROM sbtest6 WHERE id BETWEEN 2980332 AND 2981331 ORDER BY c
	Sort  (cost=4498.57..4501.44 rows=1147 width=121)
	  Sort Key: c
	  ->  Bitmap Heap Scan on sbtest6  (cost=40.19..4440.28 rows=1147 width=121)
	        Recheck Cond: ((id >= 2980332) AND (id <= 2981331))
	        ->  Bitmap Index Scan on sbtest6_pkey  (cost=0.00..39.91 rows=1147 width=0)
	              Index Cond: ((id >= 2980332) AND (id <= 2981331))

table 7 : explain SELECT c FROM sbtest7 WHERE id BETWEEN 9169018 AND 9170017 ORDER BY c
	Sort  (cost=4142.89..4145.52 rows=1055 width=121)
	  Sort Key: c
	  ->  Bitmap Heap Scan on sbtest7  (cost=35.25..4089.91 rows=1055 width=121)
	        Recheck Cond: ((id >= 9169018) AND (id <= 9170017))
	        ->  Bitmap Index Scan on sbtest7_pkey  (cost=0.00..34.98 rows=1055 width=0)
	              Index Cond: ((id >= 9169018) AND (id <= 9170017))

table 8 : explain SELECT c FROM sbtest8 WHERE id BETWEEN 4282647 AND 4283646 ORDER BY c
	Sort  (cost=3673.04..3675.35 rows=924 width=121)
	  Sort Key: c
	  ->  Index Scan using sbtest8_pkey on sbtest8  (cost=0.43..3627.52 rows=924 width=121)
	        Index Cond: ((id >= 4282647) AND (id <= 4283646))

for point_selects
table 1 : explain SELECT c FROM sbtest1 WHERE id=7393318
	Index Scan using sbtest1_pkey on sbtest1  (cost=0.43..8.45 rows=1 width=121)
	  Index Cond: (id = 7393318)

table 2 : explain SELECT c FROM sbtest2 WHERE id=8002444
	Index Scan using sbtest2_pkey on sbtest2  (cost=0.43..8.45 rows=1 width=121)
	  Index Cond: (id = 8002444)

table 3 : explain SELECT c FROM sbtest3 WHERE id=3439127
	Index Scan using sbtest3_pkey on sbtest3  (cost=0.43..8.45 rows=1 width=121)
	  Index Cond: (id = 3439127)

table 4 : explain SELECT c FROM sbtest4 WHERE id=4612213
	Index Scan using sbtest4_pkey on sbtest4  (cost=0.43..8.45 rows=1 width=121)
	  Index Cond: (id = 4612213)

table 5 : explain SELECT c FROM sbtest5 WHERE id=5749704
	Index Scan using sbtest5_pkey on sbtest5  (cost=0.43..8.45 rows=1 width=121)
	  Index Cond: (id = 5749704)

table 6 : explain SELECT c FROM sbtest6 WHERE id=9537810
	Index Scan using sbtest6_pkey on sbtest6  (cost=0.43..8.45 rows=1 width=121)
	  Index Cond: (id = 9537810)

table 7 : explain SELECT c FROM sbtest7 WHERE id=12957
	Index Scan using sbtest7_pkey on sbtest7  (cost=0.43..8.45 rows=1 width=121)
	  Index Cond: (id = 12957)

table 8 : explain SELECT c FROM sbtest8 WHERE id=7601893
	Index Scan using sbtest8_pkey on sbtest8  (cost=0.43..8.45 rows=1 width=121)
	  Index Cond: (id = 7601893)

for point_selects
table 1 : explain SELECT c FROM sbtest1 WHERE id=1486948
	Index Scan using sbtest1_pkey on sbtest1  (cost=0.43..8.45 rows=1 width=121)
	  Index Cond: (id = 1486948)

table 2 : explain SELECT c FROM sbtest2 WHERE id=5414262
	Index Scan using sbtest2_pkey on sbtest2  (cost=0.43..8.45 rows=1 width=121)
	  Index Cond: (id = 5414262)

table 3 : explain SELECT c FROM sbtest3 WHERE id=7496536
	Index Scan using sbtest3_pkey on sbtest3  (cost=0.43..8.45 rows=1 width=121)
	  Index Cond: (id = 7496536)

table 4 : explain SELECT c FROM sbtest4 WHERE id=8252417
	Index Scan using sbtest4_pkey on sbtest4  (cost=0.43..8.45 rows=1 width=121)
	  Index Cond: (id = 8252417)

table 5 : explain SELECT c FROM sbtest5 WHERE id=5854085
	Index Scan using sbtest5_pkey on sbtest5  (cost=0.43..8.45 rows=1 width=121)
	  Index Cond: (id = 5854085)

table 6 : explain SELECT c FROM sbtest6 WHERE id=3133405
	Index Scan using sbtest6_pkey on sbtest6  (cost=0.43..8.45 rows=1 width=121)
	  Index Cond: (id = 3133405)

table 7 : explain SELECT c FROM sbtest7 WHERE id=79663
	Index Scan using sbtest7_pkey on sbtest7  (cost=0.43..8.45 rows=1 width=121)
	  Index Cond: (id = 79663)

table 8 : explain SELECT c FROM sbtest8 WHERE id=4245664
	Index Scan using sbtest8_pkey on sbtest8  (cost=0.43..8.45 rows=1 width=121)
	  Index Cond: (id = 4245664)

explain: for point_selects :: explain SELECT c FROM sbtest%u WHERE id=%u
for: order_ranges
table 1 : explain SELECT c FROM sbtest1 WHERE id BETWEEN 526961 AND 527960 ORDER BY c
	Sort  (cost=4066.40..4068.99 rows=1037 width=121)
	  Sort Key: c
	  ->  Bitmap Heap Scan on sbtest1  (cost=35.06..4014.46 rows=1037 width=121)
	        Recheck Cond: ((id >= 526961) AND (id <= 527960))
	        ->  Bitmap Index Scan on sbtest1_pkey  (cost=0.00..34.81 rows=1037 width=0)
	              Index Cond: ((id >= 526961) AND (id <= 527960))

table 2 : explain SELECT c FROM sbtest2 WHERE id BETWEEN 283526 AND 284525 ORDER BY c
	Sort  (cost=3921.33..3923.83 rows=998 width=121)
	  Sort Key: c
	  ->  Bitmap Heap Scan on sbtest2  (cost=34.66..3871.62 rows=998 width=121)
	        Recheck Cond: ((id >= 283526) AND (id <= 284525))
	        ->  Bitmap Index Scan on sbtest2_pkey  (cost=0.00..34.42 rows=998 width=0)
	              Index Cond: ((id >= 283526) AND (id <= 284525))

table 3 : explain SELECT c FROM sbtest3 WHERE id BETWEEN 4352580 AND 4353579 ORDER BY c
	Sort  (cost=4195.97..4198.64 rows=1070 width=121)
	  Sort Key: c
	  ->  Bitmap Heap Scan on sbtest3  (cost=35.40..4142.13 rows=1070 width=121)
	        Recheck Cond: ((id >= 4352580) AND (id <= 4353579))
	        ->  Bitmap Index Scan on sbtest3_pkey  (cost=0.00..35.14 rows=1070 width=0)
	              Index Cond: ((id >= 4352580) AND (id <= 4353579))

table 4 : explain SELECT c FROM sbtest4 WHERE id BETWEEN 8321541 AND 8322540 ORDER BY c
	Sort  (cost=3479.46..3481.66 rows=880 width=121)
	  Sort Key: c
	  ->  Index Scan using sbtest4_pkey on sbtest4  (cost=0.43..3436.42 rows=880 width=121)
	        Index Cond: ((id >= 8321541) AND (id <= 8322540))

table 5 : explain SELECT c FROM sbtest5 WHERE id BETWEEN 3366460 AND 3367459 ORDER BY c
	Sort  (cost=4000.40..4002.94 rows=1018 width=121)
	  Sort Key: c
	  ->  Bitmap Heap Scan on sbtest5  (cost=34.87..3949.54 rows=1018 width=121)
	        Recheck Cond: ((id >= 3366460) AND (id <= 3367459))
	        ->  Bitmap Index Scan on sbtest5_pkey  (cost=0.00..34.62 rows=1018 width=0)
	              Index Cond: ((id >= 3366460) AND (id <= 3367459))

table 6 : explain SELECT c FROM sbtest6 WHERE id BETWEEN 2708993 AND 2709992 ORDER BY c
	Sort  (cost=3997.03..3999.57 rows=1017 width=121)
	  Sort Key: c
	  ->  Bitmap Heap Scan on sbtest6  (cost=34.86..3946.23 rows=1017 width=121)
	        Recheck Cond: ((id >= 2708993) AND (id <= 2709992))
	        ->  Bitmap Index Scan on sbtest6_pkey  (cost=0.00..34.61 rows=1017 width=0)
	              Index Cond: ((id >= 2708993) AND (id <= 2709992))

table 7 : explain SELECT c FROM sbtest7 WHERE id BETWEEN 296248 AND 297247 ORDER BY c
	Sort  (cost=3906.03..3908.49 rows=984 width=121)
	  Sort Key: c
	  ->  Index Scan using sbtest7_pkey on sbtest7  (cost=0.43..3857.12 rows=984 width=121)
	        Index Cond: ((id >= 296248) AND (id <= 297247))

table 8 : explain SELECT c FROM sbtest8 WHERE id BETWEEN 7851542 AND 7852541 ORDER BY c
	Sort  (cost=4073.83..4076.43 rows=1037 width=121)
	  Sort Key: c
	  ->  Bitmap Heap Scan on sbtest8  (cost=35.06..4021.89 rows=1037 width=121)
	        Recheck Cond: ((id >= 7851542) AND (id <= 7852541))
	        ->  Bitmap Index Scan on sbtest8_pkey  (cost=0.00..34.81 rows=1037 width=0)
	              Index Cond: ((id >= 7851542) AND (id <= 7852541))

explain: for point_selects :: explain SELECT c FROM sbtest%u WHERE id=%u
explain: for point_selects :: explain SELECT c FROM sbtest%u WHERE id=%u
explain: for point_selects :: explain SELECT c FROM sbtest%u WHERE id=%u
for: sum_ranges
table 1 : explain SELECT SUM(k) FROM sbtest1 WHERE id BETWEEN 6409184 AND 6410183
	Aggregate  (cost=3768.16..3768.17 rows=1 width=8)
	  ->  Bitmap Heap Scan on sbtest1  (cost=34.39..3765.73 rows=971 width=4)
	        Recheck Cond: ((id >= 6409184) AND (id <= 6410183))
	        ->  Bitmap Index Scan on sbtest1_pkey  (cost=0.00..34.15 rows=971 width=0)
	              Index Cond: ((id >= 6409184) AND (id <= 6410183))

table 2 : explain SELECT SUM(k) FROM sbtest2 WHERE id BETWEEN 7037796 AND 7038795
	Aggregate  (cost=4277.89..4277.90 rows=1 width=8)
	  ->  Bitmap Heap Scan on sbtest2  (cost=39.75..4275.13 rows=1104 width=4)
	        Recheck Cond: ((id >= 7037796) AND (id <= 7038795))
	        ->  Bitmap Index Scan on sbtest2_pkey  (cost=0.00..39.48 rows=1104 width=0)
	              Index Cond: ((id >= 7037796) AND (id <= 7038795))

table 3 : explain SELECT SUM(k) FROM sbtest3 WHERE id BETWEEN 5374047 AND 5375046
	Aggregate  (cost=3729.61..3729.62 rows=1 width=8)
	  ->  Bitmap Heap Scan on sbtest3  (cost=34.28..3727.21 rows=960 width=4)
	        Recheck Cond: ((id >= 5374047) AND (id <= 5375046))
	        ->  Bitmap Index Scan on sbtest3_pkey  (cost=0.00..34.04 rows=960 width=0)
	              Index Cond: ((id >= 5374047) AND (id <= 5375046))

table 4 : explain SELECT SUM(k) FROM sbtest4 WHERE id BETWEEN 9911567 AND 9912566
	Aggregate  (cost=3928.69..3928.70 rows=1 width=8)
	  ->  Index Scan using sbtest4_pkey on sbtest4  (cost=0.43..3926.18 rows=1005 width=4)
	        Index Cond: ((id >= 9911567) AND (id <= 9912566))

table 5 : explain SELECT SUM(k) FROM sbtest5 WHERE id BETWEEN 555782 AND 556781
	Aggregate  (cost=3501.29..3501.30 rows=1 width=8)
	  ->  Bitmap Heap Scan on sbtest5  (cost=29.66..3499.04 rows=900 width=4)
	        Recheck Cond: ((id >= 555782) AND (id <= 556781))
	        ->  Bitmap Index Scan on sbtest5_pkey  (cost=0.00..29.43 rows=900 width=0)
	              Index Cond: ((id >= 555782) AND (id <= 556781))

table 6 : explain SELECT SUM(k) FROM sbtest6 WHERE id BETWEEN 8139571 AND 8140570
	Aggregate  (cost=3725.54..3725.55 rows=1 width=8)
	  ->  Bitmap Heap Scan on sbtest6  (cost=34.25..3723.15 rows=958 width=4)
	        Recheck Cond: ((id >= 8139571) AND (id <= 8140570))
	        ->  Bitmap Index Scan on sbtest6_pkey  (cost=0.00..34.02 rows=958 width=0)
	              Index Cond: ((id >= 8139571) AND (id <= 8140570))

table 7 : explain SELECT SUM(k) FROM sbtest7 WHERE id BETWEEN 9467631 AND 9468630
	Aggregate  (cost=3843.95..3843.96 rows=1 width=8)
	  ->  Index Scan using sbtest7_pkey on sbtest7  (cost=0.43..3841.50 rows=980 width=4)
	        Index Cond: ((id >= 9467631) AND (id <= 9468630))

table 8 : explain SELECT SUM(k) FROM sbtest8 WHERE id BETWEEN 8214651 AND 8215650
	Aggregate  (cost=3930.00..3930.01 rows=1 width=8)
	  ->  Bitmap Heap Scan on sbtest8  (cost=34.81..3927.47 rows=1012 width=4)
	        Recheck Cond: ((id >= 8214651) AND (id <= 8215650))
	        ->  Bitmap Index Scan on sbtest8_pkey  (cost=0.00..34.56 rows=1012 width=0)
	              Index Cond: ((id >= 8214651) AND (id <= 8215650))

for: simple_ranges
table 1 : explain SELECT c FROM sbtest1 WHERE id BETWEEN 4743409 AND 4744408
	Bitmap Heap Scan on sbtest1  (cost=33.95..3603.37 rows=928 width=121)
	  Recheck Cond: ((id >= 4743409) AND (id <= 4744408))
	  ->  Bitmap Index Scan on sbtest1_pkey  (cost=0.00..33.72 rows=928 width=0)
	        Index Cond: ((id >= 4743409) AND (id <= 4744408))

table 2 : explain SELECT c FROM sbtest2 WHERE id BETWEEN 9484871 AND 9485870
	Bitmap Heap Scan on sbtest2  (cost=29.58..3466.70 rows=892 width=121)
	  Recheck Cond: ((id >= 9484871) AND (id <= 9485870))
	  ->  Bitmap Index Scan on sbtest2_pkey  (cost=0.00..29.36 rows=892 width=0)
	        Index Cond: ((id >= 9484871) AND (id <= 9485870))

table 3 : explain SELECT c FROM sbtest3 WHERE id BETWEEN 592159 AND 593158
	Bitmap Heap Scan on sbtest3  (cost=33.88..3579.73 rows=921 width=121)
	  Recheck Cond: ((id >= 592159) AND (id <= 593158))
	  ->  Bitmap Index Scan on sbtest3_pkey  (cost=0.00..33.65 rows=921 width=0)
	        Index Cond: ((id >= 592159) AND (id <= 593158))

table 4 : explain SELECT c FROM sbtest4 WHERE id BETWEEN 836594 AND 837593
	Index Scan using sbtest4_pkey on sbtest4  (cost=0.43..4365.42 rows=1117 width=121)
	  Index Cond: ((id >= 836594) AND (id <= 837593))

table 5 : explain SELECT c FROM sbtest5 WHERE id BETWEEN 24717 AND 25716
	Bitmap Heap Scan on sbtest5  (cost=34.07..3654.59 rows=940 width=121)
	  Recheck Cond: ((id >= 24717) AND (id <= 25716))
	  ->  Bitmap Index Scan on sbtest5_pkey  (cost=0.00..33.84 rows=940 width=0)
	        Index Cond: ((id >= 24717) AND (id <= 25716))

table 6 : explain SELECT c FROM sbtest6 WHERE id BETWEEN 2978355 AND 2979354
	Bitmap Heap Scan on sbtest6  (cost=40.19..4440.28 rows=1147 width=121)
	  Recheck Cond: ((id >= 2978355) AND (id <= 2979354))
	  ->  Bitmap Index Scan on sbtest6_pkey  (cost=0.00..39.91 rows=1147 width=0)
	        Index Cond: ((id >= 2978355) AND (id <= 2979354))

table 7 : explain SELECT c FROM sbtest7 WHERE id BETWEEN 882836 AND 883835
	Bitmap Heap Scan on sbtest7  (cost=35.13..4044.62 rows=1043 width=121)
	  Recheck Cond: ((id >= 882836) AND (id <= 883835))
	  ->  Bitmap Index Scan on sbtest7_pkey  (cost=0.00..34.87 rows=1043 width=0)
	        Index Cond: ((id >= 882836) AND (id <= 883835))

table 8 : explain SELECT c FROM sbtest8 WHERE id BETWEEN 402250 AND 403249
	Index Scan using sbtest8_pkey on sbtest8  (cost=0.43..3674.35 rows=936 width=121)
	  Index Cond: ((id >= 402250) AND (id <= 403249))

for: simple_ranges
table 1 : explain SELECT c FROM sbtest1 WHERE id BETWEEN 7007960 AND 7008959
	Bitmap Heap Scan on sbtest1  (cost=35.32..4108.53 rows=1062 width=121)
	  Recheck Cond: ((id >= 7007960) AND (id <= 7008959))
	  ->  Bitmap Index Scan on sbtest1_pkey  (cost=0.00..35.06 rows=1062 width=0)
	        Index Cond: ((id >= 7007960) AND (id <= 7008959))

table 2 : explain SELECT c FROM sbtest2 WHERE id BETWEEN 1371518 AND 1372517
	Bitmap Heap Scan on sbtest2  (cost=34.92..3965.97 rows=1023 width=121)
	  Recheck Cond: ((id >= 1371518) AND (id <= 1372517))
	  ->  Bitmap Index Scan on sbtest2_pkey  (cost=0.00..34.67 rows=1023 width=0)
	        Index Cond: ((id >= 1371518) AND (id <= 1372517))

table 3 : explain SELECT c FROM sbtest3 WHERE id BETWEEN 5264931 AND 5265930
	Bitmap Heap Scan on sbtest3  (cost=34.02..3632.69 rows=935 width=121)
	  Recheck Cond: ((id >= 5264931) AND (id <= 5265930))
	  ->  Bitmap Index Scan on sbtest3_pkey  (cost=0.00..33.79 rows=935 width=0)
	        Index Cond: ((id >= 5264931) AND (id <= 5265930))

table 4 : explain SELECT c FROM sbtest4 WHERE id BETWEEN 5109795 AND 5110794
	Index Scan using sbtest4_pkey on sbtest4  (cost=0.43..4136.03 rows=1059 width=121)
	  Index Cond: ((id >= 5109795) AND (id <= 5110794))

table 5 : explain SELECT c FROM sbtest5 WHERE id BETWEEN 1677422 AND 1678421
	Bitmap Heap Scan on sbtest5  (cost=34.79..3919.32 rows=1010 width=121)
	  Recheck Cond: ((id >= 1677422) AND (id <= 1678421))
	  ->  Bitmap Index Scan on sbtest5_pkey  (cost=0.00..34.54 rows=1010 width=0)
	        Index Cond: ((id >= 1677422) AND (id <= 1678421))

table 6 : explain SELECT c FROM sbtest6 WHERE id BETWEEN 1260303 AND 1261302
	Bitmap Heap Scan on sbtest6  (cost=35.08..4029.30 rows=1039 width=121)
	  Recheck Cond: ((id >= 1260303) AND (id <= 1261302))
	  ->  Bitmap Index Scan on sbtest6_pkey  (cost=0.00..34.83 rows=1039 width=0)
	        Index Cond: ((id >= 1260303) AND (id <= 1261302))

table 7 : explain SELECT c FROM sbtest7 WHERE id BETWEEN 2382973 AND 2383972
	Index Scan using sbtest7_pkey on sbtest7  (cost=0.43..3970.18 rows=1013 width=121)
	  Index Cond: ((id >= 2382973) AND (id <= 2383972))

table 8 : explain SELECT c FROM sbtest8 WHERE id BETWEEN 6689129 AND 6690128
	Bitmap Heap Scan on sbtest8  (cost=34.72..3893.46 rows=1003 width=121)
	  Recheck Cond: ((id >= 6689129) AND (id <= 6690128))
	  ->  Bitmap Index Scan on sbtest8_pkey  (cost=0.00..34.47 rows=1003 width=0)
	        Index Cond: ((id >= 6689129) AND (id <= 6690128))

for: distinct_ranges
table 1 : explain SELECT DISTINCT c FROM sbtest1 WHERE id BETWEEN 4661006 AND 4662005 ORDER BY c
	Unique  (cost=3955.52..3960.56 rows=1008 width=121)
	  ->  Sort  (cost=3955.52..3958.04 rows=1008 width=121)
	        Sort Key: c
	        ->  Bitmap Heap Scan on sbtest1  (cost=34.77..3905.23 rows=1008 width=121)
	              Recheck Cond: ((id >= 4661006) AND (id <= 4662005))
	              ->  Bitmap Index Scan on sbtest1_pkey  (cost=0.00..34.52 rows=1008 width=0)
	                    Index Cond: ((id >= 4661006) AND (id <= 4662005))

table 2 : explain SELECT DISTINCT c FROM sbtest2 WHERE id BETWEEN 3330141 AND 3331140 ORDER BY c
	Unique  (cost=4151.07..4156.36 rows=1058 width=121)
	  ->  Sort  (cost=4151.07..4153.72 rows=1058 width=121)
	        Sort Key: c
	        ->  Bitmap Heap Scan on sbtest2  (cost=35.28..4097.93 rows=1058 width=121)
	              Recheck Cond: ((id >= 3330141) AND (id <= 3331140))
	              ->  Bitmap Index Scan on sbtest2_pkey  (cost=0.00..35.02 rows=1058 width=0)
	                    Index Cond: ((id >= 3330141) AND (id <= 3331140))

table 3 : explain SELECT DISTINCT c FROM sbtest3 WHERE id BETWEEN 3253078 AND 3254077 ORDER BY c
	Unique  (cost=4062.10..4067.28 rows=1035 width=121)
	  ->  Sort  (cost=4062.10..4064.69 rows=1035 width=121)
	        Sort Key: c
	        ->  Bitmap Heap Scan on sbtest3  (cost=35.04..4010.27 rows=1035 width=121)
	              Recheck Cond: ((id >= 3253078) AND (id <= 3254077))
	              ->  Bitmap Index Scan on sbtest3_pkey  (cost=0.00..34.79 rows=1035 width=0)
	                    Index Cond: ((id >= 3253078) AND (id <= 3254077))

table 4 : explain SELECT DISTINCT c FROM sbtest4 WHERE id BETWEEN 1567088 AND 1568087 ORDER BY c
	Unique  (cost=3720.01..3724.71 rows=940 width=121)
	  ->  Sort  (cost=3720.01..3722.36 rows=940 width=121)
	        Sort Key: c
	        ->  Index Scan using sbtest4_pkey on sbtest4  (cost=0.43..3673.59 rows=940 width=121)
	              Index Cond: ((id >= 1567088) AND (id <= 1568087))

table 5 : explain SELECT DISTINCT c FROM sbtest5 WHERE id BETWEEN 3986157 AND 3987156 ORDER BY c
	Unique  (cost=3912.19..3917.17 rows=995 width=121)
	  ->  Sort  (cost=3912.19..3914.68 rows=995 width=121)
	        Sort Key: c
	        ->  Bitmap Heap Scan on sbtest5  (cost=34.63..3862.65 rows=995 width=121)
	              Recheck Cond: ((id >= 3986157) AND (id <= 3987156))
	              ->  Bitmap Index Scan on sbtest5_pkey  (cost=0.00..34.39 rows=995 width=0)
	                    Index Cond: ((id >= 3986157) AND (id <= 3987156))

table 6 : explain SELECT DISTINCT c FROM sbtest6 WHERE id BETWEEN 156537 AND 157536 ORDER BY c
	Unique  (cost=3993.20..3998.28 rows=1016 width=121)
	  ->  Sort  (cost=3993.20..3995.74 rows=1016 width=121)
	        Sort Key: c
	        ->  Bitmap Heap Scan on sbtest6  (cost=34.85..3942.45 rows=1016 width=121)
	              Recheck Cond: ((id >= 156537) AND (id <= 157536))
	              ->  Bitmap Index Scan on sbtest6_pkey  (cost=0.00..34.59 rows=1016 width=0)
	                    Index Cond: ((id >= 156537) AND (id <= 157536))

table 7 : explain SELECT DISTINCT c FROM sbtest7 WHERE id BETWEEN 7391218 AND 7392217 ORDER BY c
	Unique  (cost=3949.54..3954.51 rows=995 width=121)
	  ->  Sort  (cost=3949.54..3952.02 rows=995 width=121)
	        Sort Key: c
	        ->  Index Scan using sbtest7_pkey on sbtest7  (cost=0.43..3899.99 rows=995 width=121)
	              Index Cond: ((id >= 7391218) AND (id <= 7392217))

table 8 : explain SELECT DISTINCT c FROM sbtest8 WHERE id BETWEEN 9856814 AND 9857813 ORDER BY c
	Unique  (cost=4204.07..4209.43 rows=1071 width=121)
	  ->  Sort  (cost=4204.07..4206.75 rows=1071 width=121)
	        Sort Key: c
	        ->  Bitmap Heap Scan on sbtest8  (cost=35.41..4150.18 rows=1071 width=121)
	              Recheck Cond: ((id >= 9856814) AND (id <= 9857813))
	              ->  Bitmap Index Scan on sbtest8_pkey  (cost=0.00..35.15 rows=1071 width=0)
	                    Index Cond: ((id >= 9856814) AND (id <= 9857813))

for: simple_ranges
table 1 : explain SELECT c FROM sbtest1 WHERE id BETWEEN 3974232 AND 3975231
	Bitmap Heap Scan on sbtest1  (cost=39.67..4240.34 rows=1096 width=121)
	  Recheck Cond: ((id >= 3974232) AND (id <= 3975231))
	  ->  Bitmap Index Scan on sbtest1_pkey  (cost=0.00..39.40 rows=1096 width=0)
	        Index Cond: ((id >= 3974232) AND (id <= 3975231))

table 2 : explain SELECT c FROM sbtest2 WHERE id BETWEEN 6067749 AND 6068748
	Bitmap Heap Scan on sbtest2  (cost=35.34..4120.53 rows=1064 width=121)
	  Recheck Cond: ((id >= 6067749) AND (id <= 6068748))
	  ->  Bitmap Index Scan on sbtest2_pkey  (cost=0.00..35.08 rows=1064 width=0)
	        Index Cond: ((id >= 6067749) AND (id <= 6068748))

table 3 : explain SELECT c FROM sbtest3 WHERE id BETWEEN 1951999 AND 1952998
	Bitmap Heap Scan on sbtest3  (cost=34.64..3863.17 rows=996 width=121)
	  Recheck Cond: ((id >= 1951999) AND (id <= 1952998))
	  ->  Bitmap Index Scan on sbtest3_pkey  (cost=0.00..34.40 rows=996 width=0)
	        Index Cond: ((id >= 1951999) AND (id <= 1952998))

table 4 : explain SELECT c FROM sbtest4 WHERE id BETWEEN 4434138 AND 4435137
	Index Scan using sbtest4_pkey on sbtest4  (cost=0.43..3642.51 rows=932 width=121)
	  Index Cond: ((id >= 4434138) AND (id <= 4435137))

table 5 : explain SELECT c FROM sbtest5 WHERE id BETWEEN 1648119 AND 1649118
	Bitmap Heap Scan on sbtest5  (cost=34.79..3919.32 rows=1010 width=121)
	  Recheck Cond: ((id >= 1648119) AND (id <= 1649118))
	  ->  Bitmap Index Scan on sbtest5_pkey  (cost=0.00..34.54 rows=1010 width=0)
	        Index Cond: ((id >= 1648119) AND (id <= 1649118))

table 6 : explain SELECT c FROM sbtest6 WHERE id BETWEEN 7537603 AND 7538602
	Bitmap Heap Scan on sbtest6  (cost=29.73..3525.97 rows=907 width=121)
	  Recheck Cond: ((id >= 7537603) AND (id <= 7538602))
	  ->  Bitmap Index Scan on sbtest6_pkey  (cost=0.00..29.50 rows=907 width=0)
	        Index Cond: ((id >= 7537603) AND (id <= 7538602))

table 7 : explain SELECT c FROM sbtest7 WHERE id BETWEEN 3384513 AND 3385512
	Bitmap Heap Scan on sbtest7  (cost=35.09..4033.30 rows=1040 width=121)
	  Recheck Cond: ((id >= 3384513) AND (id <= 3385512))
	  ->  Bitmap Index Scan on sbtest7_pkey  (cost=0.00..34.84 rows=1040 width=0)
	        Index Cond: ((id >= 3384513) AND (id <= 3385512))

table 8 : explain SELECT c FROM sbtest8 WHERE id BETWEEN 2543809 AND 2544808
	Bitmap Heap Scan on sbtest8  (cost=34.66..3874.57 rows=998 width=121)
	  Recheck Cond: ((id >= 2543809) AND (id <= 2544808))
	  ->  Bitmap Index Scan on sbtest8_pkey  (cost=0.00..34.42 rows=998 width=0)
	        Index Cond: ((id >= 2543809) AND (id <= 2544808))

for: order_ranges
table 1 : explain SELECT c FROM sbtest1 WHERE id BETWEEN 2006323 AND 2007322 ORDER BY c
	Sort  (cost=3940.22..3942.73 rows=1004 width=121)
	  Sort Key: c
	  ->  Bitmap Heap Scan on sbtest1  (cost=34.73..3890.16 rows=1004 width=121)
	        Recheck Cond: ((id >= 2006323) AND (id <= 2007322))
	        ->  Bitmap Index Scan on sbtest1_pkey  (cost=0.00..34.48 rows=1004 width=0)
	              Index Cond: ((id >= 2006323) AND (id <= 2007322))

table 2 : explain SELECT c FROM sbtest2 WHERE id BETWEEN 9683367 AND 9684366 ORDER BY c
	Sort  (cost=3852.33..3854.78 rows=980 width=121)
	  Sort Key: c
	  ->  Bitmap Heap Scan on sbtest2  (cost=34.48..3803.64 rows=980 width=121)
	        Recheck Cond: ((id >= 9683367) AND (id <= 9684366))
	        ->  Bitmap Index Scan on sbtest2_pkey  (cost=0.00..34.23 rows=980 width=0)
	              Index Cond: ((id >= 9683367) AND (id <= 9684366))

table 3 : explain SELECT c FROM sbtest3 WHERE id BETWEEN 1900597 AND 1901596 ORDER BY c
	Sort  (cost=3912.77..3915.26 rows=996 width=121)
	  Sort Key: c
	  ->  Bitmap Heap Scan on sbtest3  (cost=34.64..3863.17 rows=996 width=121)
	        Recheck Cond: ((id >= 1900597) AND (id <= 1901596))
	        ->  Bitmap Index Scan on sbtest3_pkey  (cost=0.00..34.40 rows=996 width=0)
	              Index Cond: ((id >= 1900597) AND (id <= 1901596))

table 4 : explain SELECT c FROM sbtest4 WHERE id BETWEEN 3991311 AND 3992310 ORDER BY c
	Sort  (cost=3877.71..3880.16 rows=980 width=121)
	  Sort Key: c
	  ->  Index Scan using sbtest4_pkey on sbtest4  (cost=0.43..3829.02 rows=980 width=121)
	        Index Cond: ((id >= 3991311) AND (id <= 3992310))

table 5 : explain SELECT c FROM sbtest5 WHERE id BETWEEN 4248327 AND 4249326 ORDER BY c
	Sort  (cost=4287.61..4290.34 rows=1093 width=121)
	  Sort Key: c
	  ->  Bitmap Heap Scan on sbtest5  (cost=35.64..4232.44 rows=1093 width=121)
	        Recheck Cond: ((id >= 4248327) AND (id <= 4249326))
	        ->  Bitmap Index Scan on sbtest5_pkey  (cost=0.00..35.37 rows=1093 width=0)
	              Index Cond: ((id >= 4248327) AND (id <= 4249326))

table 6 : explain SELECT c FROM sbtest6 WHERE id BETWEEN 4553416 AND 4554415 ORDER BY c
	Sort  (cost=3901.13..3903.61 rows=992 width=121)
	  Sort Key: c
	  ->  Bitmap Heap Scan on sbtest6  (cost=34.60..3851.76 rows=992 width=121)
	        Recheck Cond: ((id >= 4553416) AND (id <= 4554415))
	        ->  Bitmap Index Scan on sbtest6_pkey  (cost=0.00..34.36 rows=992 width=0)
	              Index Cond: ((id >= 4553416) AND (id <= 4554415))

table 7 : explain SELECT c FROM sbtest7 WHERE id BETWEEN 7718952 AND 7719951 ORDER BY c
	Sort  (cost=4039.42..4041.99 rows=1028 width=121)
	  Sort Key: c
	  ->  Bitmap Heap Scan on sbtest7  (cost=34.97..3987.99 rows=1028 width=121)
	        Recheck Cond: ((id >= 7718952) AND (id <= 7719951))
	        ->  Bitmap Index Scan on sbtest7_pkey  (cost=0.00..34.72 rows=1028 width=0)
	              Index Cond: ((id >= 7718952) AND (id <= 7719951))

table 8 : explain SELECT c FROM sbtest8 WHERE id BETWEEN 6642074 AND 6643073 ORDER BY c
	Sort  (cost=3943.46..3945.97 rows=1003 width=121)
	  Sort Key: c
	  ->  Bitmap Heap Scan on sbtest8  (cost=34.72..3893.46 rows=1003 width=121)
	        Recheck Cond: ((id >= 6642074) AND (id <= 6643073))
	        ->  Bitmap Index Scan on sbtest8_pkey  (cost=0.00..34.47 rows=1003 width=0)
	              Index Cond: ((id >= 6642074) AND (id <= 6643073))

for: order_ranges
table 1 : explain SELECT c FROM sbtest1 WHERE id BETWEEN 125043 AND 126042 ORDER BY c
	Sort  (cost=3603.09..3605.38 rows=916 width=121)
	  Sort Key: c
	  ->  Bitmap Heap Scan on sbtest1  (cost=33.82..3558.02 rows=916 width=121)
	        Recheck Cond: ((id >= 125043) AND (id <= 126042))
	        ->  Bitmap Index Scan on sbtest1_pkey  (cost=0.00..33.59 rows=916 width=0)
	              Index Cond: ((id >= 125043) AND (id <= 126042))

table 2 : explain SELECT c FROM sbtest2 WHERE id BETWEEN 7614565 AND 7615564 ORDER BY c
	Sort  (cost=4193.15..4195.82 rows=1069 width=121)
	  Sort Key: c
	  ->  Bitmap Heap Scan on sbtest2  (cost=35.39..4139.37 rows=1069 width=121)
	        Recheck Cond: ((id >= 7614565) AND (id <= 7615564))
	        ->  Bitmap Index Scan on sbtest2_pkey  (cost=0.00..35.12 rows=1069 width=0)
	              Index Cond: ((id >= 7614565) AND (id <= 7615564))

table 3 : explain SELECT c FROM sbtest3 WHERE id BETWEEN 2534436 AND 2535435 ORDER BY c
	Sort  (cost=3801.61..3804.02 rows=967 width=121)
	  Sort Key: c
	  ->  Bitmap Heap Scan on sbtest3  (cost=34.35..3753.66 rows=967 width=121)
	        Recheck Cond: ((id >= 2534436) AND (id <= 2535435))
	        ->  Bitmap Index Scan on sbtest3_pkey  (cost=0.00..34.11 rows=967 width=0)
	              Index Cond: ((id >= 2534436) AND (id <= 2535435))

table 4 : explain SELECT c FROM sbtest4 WHERE id BETWEEN 9869539 AND 9870538 ORDER BY c
	Sort  (cost=4169.53..4172.16 rows=1054 width=121)
	  Sort Key: c
	  ->  Index Scan using sbtest4_pkey on sbtest4  (cost=0.43..4116.61 rows=1054 width=121)
	        Index Cond: ((id >= 9869539) AND (id <= 9870538))

table 5 : explain SELECT c FROM sbtest5 WHERE id BETWEEN 1472130 AND 1473129 ORDER BY c
	Sort  (cost=3988.90..3991.43 rows=1015 width=121)
	  Sort Key: c
	  ->  Bitmap Heap Scan on sbtest5  (cost=34.84..3938.21 rows=1015 width=121)
	        Recheck Cond: ((id >= 1472130) AND (id <= 1473129))
	        ->  Bitmap Index Scan on sbtest5_pkey  (cost=0.00..34.59 rows=1015 width=0)
	              Index Cond: ((id >= 1472130) AND (id <= 1473129))

table 6 : explain SELECT c FROM sbtest6 WHERE id BETWEEN 5856722 AND 5857721 ORDER BY c
	Sort  (cost=3447.49..3449.65 rows=867 width=121)
	  Sort Key: c
	  ->  Index Scan using sbtest6_pkey on sbtest6  (cost=0.43..3405.18 rows=867 width=121)
	        Index Cond: ((id >= 5856722) AND (id <= 5857721))

table 7 : explain SELECT c FROM sbtest7 WHERE id BETWEEN 5279316 AND 5280315 ORDER BY c
	Sort  (cost=3894.17..3896.62 rows=981 width=121)
	  Sort Key: c
	  ->  Index Scan using sbtest7_pkey on sbtest7  (cost=0.43..3845.42 rows=981 width=121)
	        Index Cond: ((id >= 5279316) AND (id <= 5280315))

table 8 : explain SELECT c FROM sbtest8 WHERE id BETWEEN 7386371 AND 7387370 ORDER BY c
	Sort  (cost=3859.04..3861.49 rows=981 width=121)
	  Sort Key: c
	  ->  Bitmap Heap Scan on sbtest8  (cost=34.49..3810.29 rows=981 width=121)
	        Recheck Cond: ((id >= 7386371) AND (id <= 7387370))
	        ->  Bitmap Index Scan on sbtest8_pkey  (cost=0.00..34.25 rows=981 width=0)
	              Index Cond: ((id >= 7386371) AND (id <= 7387370))

for: distinct_ranges
table 1 : explain SELECT DISTINCT c FROM sbtest1 WHERE id BETWEEN 7365344 AND 7366343 ORDER BY c
	Unique  (cost=3503.13..3507.59 rows=891 width=121)
	  ->  Sort  (cost=3503.13..3505.36 rows=891 width=121)
	        Sort Key: c
	        ->  Bitmap Heap Scan on sbtest1  (cost=29.57..3459.48 rows=891 width=121)
	              Recheck Cond: ((id >= 7365344) AND (id <= 7366343))
	              ->  Bitmap Index Scan on sbtest1_pkey  (cost=0.00..29.34 rows=891 width=0)
	                    Index Cond: ((id >= 7365344) AND (id <= 7366343))

table 2 : explain SELECT DISTINCT c FROM sbtest2 WHERE id BETWEEN 7427838 AND 7428837 ORDER BY c
	Unique  (cost=3829.32..3834.19 rows=974 width=121)
	  ->  Sort  (cost=3829.32..3831.76 rows=974 width=121)
	        Sort Key: c
	        ->  Bitmap Heap Scan on sbtest2  (cost=34.42..3780.97 rows=974 width=121)
	              Recheck Cond: ((id >= 7427838) AND (id <= 7428837))
	              ->  Bitmap Index Scan on sbtest2_pkey  (cost=0.00..34.18 rows=974 width=0)
	                    Index Cond: ((id >= 7427838) AND (id <= 7428837))

table 3 : explain SELECT DISTINCT c FROM sbtest3 WHERE id BETWEEN 6146724 AND 6147723 ORDER BY c
	Unique  (cost=4299.14..4304.63 rows=1097 width=121)
	  ->  Sort  (cost=4299.14..4301.88 rows=1097 width=121)
	        Sort Key: c
	        ->  Bitmap Heap Scan on sbtest3  (cost=35.68..4243.75 rows=1097 width=121)
	              Recheck Cond: ((id >= 6146724) AND (id <= 6147723))
	              ->  Bitmap Index Scan on sbtest3_pkey  (cost=0.00..35.41 rows=1097 width=0)
	                    Index Cond: ((id >= 6146724) AND (id <= 6147723))

table 4 : explain SELECT DISTINCT c FROM sbtest4 WHERE id BETWEEN 2403957 AND 2404956 ORDER BY c
	Unique  (cost=3743.66..3748.39 rows=946 width=121)
	  ->  Sort  (cost=3743.66..3746.02 rows=946 width=121)
	        Sort Key: c
	        ->  Index Scan using sbtest4_pkey on sbtest4  (cost=0.43..3696.90 rows=946 width=121)
	              Index Cond: ((id >= 2403957) AND (id <= 2404956))

table 5 : explain SELECT DISTINCT c FROM sbtest5 WHERE id BETWEEN 8484719 AND 8485718 ORDER BY c
	Unique  (cost=3942.88..3947.89 rows=1003 width=121)
	  ->  Sort  (cost=3942.88..3945.39 rows=1003 width=121)
	        Sort Key: c
	        ->  Bitmap Heap Scan on sbtest5  (cost=34.72..3892.88 rows=1003 width=121)
	              Recheck Cond: ((id >= 8484719) AND (id <= 8485718))
	              ->  Bitmap Index Scan on sbtest5_pkey  (cost=0.00..34.47 rows=1003 width=0)
	                    Index Cond: ((id >= 8484719) AND (id <= 8485718))

table 6 : explain SELECT DISTINCT c FROM sbtest6 WHERE id BETWEEN 7227258 AND 7228257 ORDER BY c
	Unique  (cost=3962.51..3967.55 rows=1008 width=121)
	  ->  Sort  (cost=3962.51..3965.03 rows=1008 width=121)
	        Sort Key: c
	        ->  Bitmap Heap Scan on sbtest6  (cost=34.77..3912.23 rows=1008 width=121)
	              Recheck Cond: ((id >= 7227258) AND (id <= 7228257))
	              ->  Bitmap Index Scan on sbtest6_pkey  (cost=0.00..34.52 rows=1008 width=0)
	                    Index Cond: ((id >= 7227258) AND (id <= 7228257))

table 7 : explain SELECT DISTINCT c FROM sbtest7 WHERE id BETWEEN 633888 AND 634887 ORDER BY c
	Unique  (cost=3882.28..3887.17 rows=978 width=121)
	  ->  Sort  (cost=3882.28..3884.72 rows=978 width=121)
	        Sort Key: c
	        ->  Index Scan using sbtest7_pkey on sbtest7  (cost=0.43..3833.70 rows=978 width=121)
	              Index Cond: ((id >= 633888) AND (id <= 634887))

table 8 : explain SELECT DISTINCT c FROM sbtest8 WHERE id BETWEEN 589728 AND 590727 ORDER BY c
	Unique  (cost=4050.84..4055.99 rows=1031 width=121)
	  ->  Sort  (cost=4050.84..4053.41 rows=1031 width=121)
	        Sort Key: c
	        ->  Bitmap Heap Scan on sbtest8  (cost=35.00..3999.24 rows=1031 width=121)
	              Recheck Cond: ((id >= 589728) AND (id <= 590727))
	              ->  Bitmap Index Scan on sbtest8_pkey  (cost=0.00..34.75 rows=1031 width=0)
	                    Index Cond: ((id >= 589728) AND (id <= 590727))

for: simple_ranges
table 1 : explain SELECT c FROM sbtest1 WHERE id BETWEEN 7498528 AND 7499527
	Bitmap Heap Scan on sbtest1  (cost=34.96..3976.81 rows=1027 width=121)
	  Recheck Cond: ((id >= 7498528) AND (id <= 7499527))
	  ->  Bitmap Index Scan on sbtest1_pkey  (cost=0.00..34.70 rows=1027 width=0)
	        Index Cond: ((id >= 7498528) AND (id <= 7499527))

table 2 : explain SELECT c FROM sbtest2 WHERE id BETWEEN 7748885 AND 7749884
	Bitmap Heap Scan on sbtest2  (cost=34.77..3909.37 rows=1008 width=121)
	  Recheck Cond: ((id >= 7748885) AND (id <= 7749884))
	  ->  Bitmap Index Scan on sbtest2_pkey  (cost=0.00..34.52 rows=1008 width=0)
	        Index Cond: ((id >= 7748885) AND (id <= 7749884))

table 3 : explain SELECT c FROM sbtest3 WHERE id BETWEEN 1540416 AND 1541415
	Bitmap Heap Scan on sbtest3  (cost=29.80..3549.24 rows=914 width=121)
	  Recheck Cond: ((id >= 1540416) AND (id <= 1541415))
	  ->  Bitmap Index Scan on sbtest3_pkey  (cost=0.00..29.57 rows=914 width=0)
	        Index Cond: ((id >= 1540416) AND (id <= 1541415))

table 4 : explain SELECT c FROM sbtest4 WHERE id BETWEEN 7808945 AND 7809944
	Index Scan using sbtest4_pkey on sbtest4  (cost=0.43..3490.81 rows=894 width=121)
	  Index Cond: ((id >= 7808945) AND (id <= 7809944))

table 5 : explain SELECT c FROM sbtest5 WHERE id BETWEEN 4559300 AND 4560299
	Bitmap Heap Scan on sbtest5  (cost=34.98..3991.08 rows=1029 width=121)
	  Recheck Cond: ((id >= 4559300) AND (id <= 4560299))
	  ->  Bitmap Index Scan on sbtest5_pkey  (cost=0.00..34.73 rows=1029 width=0)
	        Index Cond: ((id >= 4559300) AND (id <= 4560299))

table 6 : explain SELECT c FROM sbtest6 WHERE id BETWEEN 6047877 AND 6048876
	Index Scan using sbtest6_pkey on sbtest6  (cost=0.43..3538.09 rows=901 width=121)
	  Index Cond: ((id >= 6047877) AND (id <= 6048876))

table 7 : explain SELECT c FROM sbtest7 WHERE id BETWEEN 9166763 AND 9167762
	Bitmap Heap Scan on sbtest7  (cost=35.25..4089.91 rows=1055 width=121)
	  Recheck Cond: ((id >= 9166763) AND (id <= 9167762))
	  ->  Bitmap Index Scan on sbtest7_pkey  (cost=0.00..34.98 rows=1055 width=0)
	        Index Cond: ((id >= 9166763) AND (id <= 9167762))

table 8 : explain SELECT c FROM sbtest8 WHERE id BETWEEN 8723894 AND 8724893
	Bitmap Heap Scan on sbtest8  (cost=34.54..3829.20 rows=986 width=121)
	  Recheck Cond: ((id >= 8723894) AND (id <= 8724893))
	  ->  Bitmap Index Scan on sbtest8_pkey  (cost=0.00..34.30 rows=986 width=0)
	        Index Cond: ((id >= 8723894) AND (id <= 8724893))

for point_selects
table 1 : explain SELECT c FROM sbtest1 WHERE id=985884
	Index Scan using sbtest1_pkey on sbtest1  (cost=0.43..8.45 rows=1 width=121)
	  Index Cond: (id = 985884)

table 2 : explain SELECT c FROM sbtest2 WHERE id=7003276
	Index Scan using sbtest2_pkey on sbtest2  (cost=0.43..8.45 rows=1 width=121)
	  Index Cond: (id = 7003276)

table 3 : explain SELECT c FROM sbtest3 WHERE id=4091502
	Index Scan using sbtest3_pkey on sbtest3  (cost=0.43..8.45 rows=1 width=121)
	  Index Cond: (id = 4091502)

table 4 : explain SELECT c FROM sbtest4 WHERE id=3063202
	Index Scan using sbtest4_pkey on sbtest4  (cost=0.43..8.45 rows=1 width=121)
	  Index Cond: (id = 3063202)

table 5 : explain SELECT c FROM sbtest5 WHERE id=6214978
	Index Scan using sbtest5_pkey on sbtest5  (cost=0.43..8.45 rows=1 width=121)
	  Index Cond: (id = 6214978)

table 6 : explain SELECT c FROM sbtest6 WHERE id=5977187
	Index Scan using sbtest6_pkey on sbtest6  (cost=0.43..8.45 rows=1 width=121)
	  Index Cond: (id = 5977187)

table 7 : explain SELECT c FROM sbtest7 WHERE id=5914069
	Index Scan using sbtest7_pkey on sbtest7  (cost=0.43..8.45 rows=1 width=121)
	  Index Cond: (id = 5914069)

table 8 : explain SELECT c FROM sbtest8 WHERE id=303023
	Index Scan using sbtest8_pkey on sbtest8  (cost=0.43..8.45 rows=1 width=121)
	  Index Cond: (id = 303023)

for: order_ranges
table 1 : explain SELECT c FROM sbtest1 WHERE id BETWEEN 6321408 AND 6322407 ORDER BY c
	Sort  (cost=3721.96..3724.33 rows=947 width=121)
	  Sort Key: c
	  ->  Bitmap Heap Scan on sbtest1  (cost=34.14..3675.14 rows=947 width=121)
	        Recheck Cond: ((id >= 6321408) AND (id <= 6322407))
	        ->  Bitmap Index Scan on sbtest1_pkey  (cost=0.00..33.91 rows=947 width=0)
	              Index Cond: ((id >= 6321408) AND (id <= 6322407))

table 2 : explain SELECT c FROM sbtest2 WHERE id BETWEEN 5376155 AND 5377154 ORDER BY c
	Sort  (cost=4242.85..4245.56 rows=1082 width=121)
	  Sort Key: c
	  ->  Bitmap Heap Scan on sbtest2  (cost=35.53..4188.32 rows=1082 width=121)
	        Recheck Cond: ((id >= 5376155) AND (id <= 5377154))
	        ->  Bitmap Index Scan on sbtest2_pkey  (cost=0.00..35.26 rows=1082 width=0)
	              Index Cond: ((id >= 5376155) AND (id <= 5377154))

table 3 : explain SELECT c FROM sbtest3 WHERE id BETWEEN 8924845 AND 8925844 ORDER BY c
	Sort  (cost=3889.78..3892.25 rows=990 width=121)
	  Sort Key: c
	  ->  Bitmap Heap Scan on sbtest3  (cost=34.58..3840.52 rows=990 width=121)
	        Recheck Cond: ((id >= 8924845) AND (id <= 8925844))
	        ->  Bitmap Index Scan on sbtest3_pkey  (cost=0.00..34.34 rows=990 width=0)
	              Index Cond: ((id >= 8924845) AND (id <= 8925844))

table 4 : explain SELECT c FROM sbtest4 WHERE id BETWEEN 2737830 AND 2738829 ORDER BY c
	Sort  (cost=3341.50..3343.61 rows=845 width=121)
	  Sort Key: c
	  ->  Index Scan using sbtest4_pkey on sbtest4  (cost=0.43..3300.42 rows=845 width=121)
	        Index Cond: ((id >= 2737830) AND (id <= 2738829))

table 5 : explain SELECT c FROM sbtest5 WHERE id BETWEEN 5273813 AND 5274812 ORDER BY c
	Sort  (cost=3720.22..3722.59 rows=945 width=121)
	  Sort Key: c
	  ->  Bitmap Heap Scan on sbtest5  (cost=34.12..3673.52 rows=945 width=121)
	        Recheck Cond: ((id >= 5273813) AND (id <= 5274812))
	        ->  Bitmap Index Scan on sbtest5_pkey  (cost=0.00..33.89 rows=945 width=0)
	              Index Cond: ((id >= 5273813) AND (id <= 5274812))

table 6 : explain SELECT c FROM sbtest6 WHERE id BETWEEN 1396818 AND 1397817 ORDER BY c
	Sort  (cost=3954.84..3957.36 rows=1006 width=121)
	  Sort Key: c
	  ->  Bitmap Heap Scan on sbtest6  (cost=34.75..3904.67 rows=1006 width=121)
	        Recheck Cond: ((id >= 1396818) AND (id <= 1397817))
	        ->  Bitmap Index Scan on sbtest6_pkey  (cost=0.00..34.50 rows=1006 width=0)
	              Index Cond: ((id >= 1396818) AND (id <= 1397817))

table 7 : explain SELECT c FROM sbtest7 WHERE id BETWEEN 761571 AND 762570 ORDER BY c
	Sort  (cost=3890.19..3892.64 rows=980 width=121)
	  Sort Key: c
	  ->  Index Scan using sbtest7_pkey on sbtest7  (cost=0.43..3841.50 rows=980 width=121)
	        Index Cond: ((id >= 761571) AND (id <= 762570))

table 8 : explain SELECT c FROM sbtest8 WHERE id BETWEEN 2722558 AND 2723557 ORDER BY c
	Sort  (cost=4540.74..4543.64 rows=1158 width=121)
	  Sort Key: c
	  ->  Bitmap Heap Scan on sbtest8  (cost=40.30..4481.82 rows=1158 width=121)
	        Recheck Cond: ((id >= 2722558) AND (id <= 2723557))
	        ->  Bitmap Index Scan on sbtest8_pkey  (cost=0.00..40.02 rows=1158 width=0)
	              Index Cond: ((id >= 2722558) AND (id <= 2723557))

for: sum_ranges
table 1 : explain SELECT SUM(k) FROM sbtest1 WHERE id BETWEEN 1430136 AND 1431135
	Aggregate  (cost=3821.00..3821.01 rows=1 width=8)
	  ->  Bitmap Heap Scan on sbtest1  (cost=34.53..3818.54 rows=985 width=4)
	        Recheck Cond: ((id >= 1430136) AND (id <= 1431135))
	        ->  Bitmap Index Scan on sbtest1_pkey  (cost=0.00..34.29 rows=985 width=0)
	              Index Cond: ((id >= 1430136) AND (id <= 1431135))

table 2 : explain SELECT SUM(k) FROM sbtest2 WHERE id BETWEEN 7218026 AND 7219025
	Aggregate  (cost=3843.89..3843.90 rows=1 width=8)
	  ->  Bitmap Heap Scan on sbtest2  (cost=34.58..3841.41 rows=990 width=4)
	        Recheck Cond: ((id >= 7218026) AND (id <= 7219025))
	        ->  Bitmap Index Scan on sbtest2_pkey  (cost=0.00..34.34 rows=990 width=0)
	              Index Cond: ((id >= 7218026) AND (id <= 7219025))

table 3 : explain SELECT SUM(k) FROM sbtest3 WHERE id BETWEEN 8650806 AND 8651805
	Aggregate  (cost=3657.74..3657.75 rows=1 width=8)
	  ->  Bitmap Heap Scan on sbtest3  (cost=34.08..3655.38 rows=941 width=4)
	        Recheck Cond: ((id >= 8650806) AND (id <= 8651805))
	        ->  Bitmap Index Scan on sbtest3_pkey  (cost=0.00..33.84 rows=941 width=0)
	              Index Cond: ((id >= 8650806) AND (id <= 8651805))

table 4 : explain SELECT SUM(k) FROM sbtest4 WHERE id BETWEEN 1631672 AND 1632671
	Aggregate  (cost=4154.23..4154.24 rows=1 width=8)
	  ->  Index Scan using sbtest4_pkey on sbtest4  (cost=0.43..4151.57 rows=1063 width=4)
	        Index Cond: ((id >= 1631672) AND (id <= 1632671))

table 5 : explain SELECT SUM(k) FROM sbtest5 WHERE id BETWEEN 1952129 AND 1953128
	Aggregate  (cost=3868.92..3868.93 rows=1 width=8)
	  ->  Bitmap Heap Scan on sbtest5  (cost=34.64..3866.43 rows=996 width=4)
	        Recheck Cond: ((id >= 1952129) AND (id <= 1953128))
	        ->  Bitmap Index Scan on sbtest5_pkey  (cost=0.00..34.40 rows=996 width=0)
	              Index Cond: ((id >= 1952129) AND (id <= 1953128))

table 6 : explain SELECT SUM(k) FROM sbtest6 WHERE id BETWEEN 4673265 AND 4674264
	Aggregate  (cost=3657.35..3657.36 rows=1 width=8)
	  ->  Bitmap Heap Scan on sbtest6  (cost=34.07..3655.00 rows=940 width=4)
	        Recheck Cond: ((id >= 4673265) AND (id <= 4674264))
	        ->  Bitmap Index Scan on sbtest6_pkey  (cost=0.00..33.84 rows=940 width=0)
	              Index Cond: ((id >= 4673265) AND (id <= 4674264))

table 7 : explain SELECT SUM(k) FROM sbtest7 WHERE id BETWEEN 7545115 AND 7546114
	Aggregate  (cost=4266.33..4266.34 rows=1 width=8)
	  ->  Bitmap Heap Scan on sbtest7  (cost=39.71..4263.58 rows=1100 width=4)
	        Recheck Cond: ((id >= 7545115) AND (id <= 7546114))
	        ->  Bitmap Index Scan on sbtest7_pkey  (cost=0.00..39.44 rows=1100 width=0)
	              Index Cond: ((id >= 7545115) AND (id <= 7546114))

table 8 : explain SELECT SUM(k) FROM sbtest8 WHERE id BETWEEN 6234781 AND 6235780
	Aggregate  (cost=3754.82..3754.83 rows=1 width=8)
	  ->  Index Scan using sbtest8_pkey on sbtest8  (cost=0.43..3752.43 rows=956 width=4)
	        Index Cond: ((id >= 6234781) AND (id <= 6235780))

for: sum_ranges
table 1 : explain SELECT SUM(k) FROM sbtest1 WHERE id BETWEEN 3005958 AND 3006957
	Aggregate  (cost=3900.21..3900.22 rows=1 width=8)
	  ->  Bitmap Heap Scan on sbtest1  (cost=34.75..3897.70 rows=1006 width=4)
	        Recheck Cond: ((id >= 3005958) AND (id <= 3006957))
	        ->  Bitmap Index Scan on sbtest1_pkey  (cost=0.00..34.50 rows=1006 width=0)
	              Index Cond: ((id >= 3005958) AND (id <= 3006957))

table 2 : explain SELECT SUM(k) FROM sbtest2 WHERE id BETWEEN 772506 AND 773505
	Aggregate  (cost=3915.67..3915.68 rows=1 width=8)
	  ->  Bitmap Heap Scan on sbtest2  (cost=34.78..3913.14 rows=1009 width=4)
	        Recheck Cond: ((id >= 772506) AND (id <= 773505))
	        ->  Bitmap Index Scan on sbtest2_pkey  (cost=0.00..34.53 rows=1009 width=0)
	              Index Cond: ((id >= 772506) AND (id <= 773505))

table 3 : explain SELECT SUM(k) FROM sbtest3 WHERE id BETWEEN 6885905 AND 6886904
	Aggregate  (cost=3627.46..3627.47 rows=1 width=8)
	  ->  Bitmap Heap Scan on sbtest3  (cost=34.00..3625.13 rows=933 width=4)
	        Recheck Cond: ((id >= 6885905) AND (id <= 6886904))
	        ->  Bitmap Index Scan on sbtest3_pkey  (cost=0.00..33.77 rows=933 width=0)
	              Index Cond: ((id >= 6885905) AND (id <= 6886904))

table 4 : explain SELECT SUM(k) FROM sbtest4 WHERE id BETWEEN 7643684 AND 7644683
	Aggregate  (cost=4162.00..4162.01 rows=1 width=8)
	  ->  Index Scan using sbtest4_pkey on sbtest4  (cost=0.43..4159.34 rows=1065 width=4)
	        Index Cond: ((id >= 7643684) AND (id <= 7644683))

table 5 : explain SELECT SUM(k) FROM sbtest5 WHERE id BETWEEN 6808840 AND 6809839
	Aggregate  (cost=4061.63..4061.64 rows=1 width=8)
	  ->  Bitmap Heap Scan on sbtest5  (cost=35.17..4059.01 rows=1047 width=4)
	        Recheck Cond: ((id >= 6808840) AND (id <= 6809839))
	        ->  Bitmap Index Scan on sbtest5_pkey  (cost=0.00..34.91 rows=1047 width=0)
	              Index Cond: ((id >= 6808840) AND (id <= 6809839))

table 6 : explain SELECT SUM(k) FROM sbtest6 WHERE id BETWEEN 6798102 AND 6799101
	Aggregate  (cost=4062.11..4062.12 rows=1 width=8)
	  ->  Bitmap Heap Scan on sbtest6  (cost=35.17..4059.50 rows=1047 width=4)
	        Recheck Cond: ((id >= 6798102) AND (id <= 6799101))
	        ->  Bitmap Index Scan on sbtest6_pkey  (cost=0.00..34.91 rows=1047 width=0)
	              Index Cond: ((id >= 6798102) AND (id <= 6799101))

table 7 : explain SELECT SUM(k) FROM sbtest7 WHERE id BETWEEN 4544739 AND 4545738
	Aggregate  (cost=3879.08..3879.09 rows=1 width=8)
	  ->  Index Scan using sbtest7_pkey on sbtest7  (cost=0.43..3876.61 rows=989 width=4)
	        Index Cond: ((id >= 4544739) AND (id <= 4545738))

table 8 : explain SELECT SUM(k) FROM sbtest8 WHERE id BETWEEN 3254506 AND 3255505
	Aggregate  (cost=3743.08..3743.09 rows=1 width=8)
	  ->  Index Scan using sbtest8_pkey on sbtest8  (cost=0.43..3740.70 rows=953 width=4)
	        Index Cond: ((id >= 3254506) AND (id <= 3255505))

for: sum_ranges
table 1 : explain SELECT SUM(k) FROM sbtest1 WHERE id BETWEEN 1333501 AND 1334500
	Aggregate  (cost=3836.09..3836.10 rows=1 width=8)
	  ->  Bitmap Heap Scan on sbtest1  (cost=34.57..3833.62 rows=989 width=4)
	        Recheck Cond: ((id >= 1333501) AND (id <= 1334500))
	        ->  Bitmap Index Scan on sbtest1_pkey  (cost=0.00..34.33 rows=989 width=0)
	              Index Cond: ((id >= 1333501) AND (id <= 1334500))

table 2 : explain SELECT SUM(k) FROM sbtest2 WHERE id BETWEEN 4072035 AND 4073034
	Aggregate  (cost=3749.37..3749.38 rows=1 width=8)
	  ->  Bitmap Heap Scan on sbtest2  (cost=34.33..3746.96 rows=965 width=4)
	        Recheck Cond: ((id >= 4072035) AND (id <= 4073034))
	        ->  Bitmap Index Scan on sbtest2_pkey  (cost=0.00..34.09 rows=965 width=0)
	              Index Cond: ((id >= 4072035) AND (id <= 4073034))

table 3 : explain SELECT SUM(k) FROM sbtest3 WHERE id BETWEEN 4767773 AND 4768772
	Aggregate  (cost=3631.25..3631.26 rows=1 width=8)
	  ->  Bitmap Heap Scan on sbtest3  (cost=34.01..3628.91 rows=934 width=4)
	        Recheck Cond: ((id >= 4767773) AND (id <= 4768772))
	        ->  Bitmap Index Scan on sbtest3_pkey  (cost=0.00..33.78 rows=934 width=0)
	              Index Cond: ((id >= 4767773) AND (id <= 4768772))

table 4 : explain SELECT SUM(k) FROM sbtest4 WHERE id BETWEEN 8407324 AND 8408323
	Aggregate  (cost=3994.81..3994.82 rows=1 width=8)
	  ->  Index Scan using sbtest4_pkey on sbtest4  (cost=0.43..3992.25 rows=1022 width=4)
	        Index Cond: ((id >= 8407324) AND (id <= 8408323))

table 5 : explain SELECT SUM(k) FROM sbtest5 WHERE id BETWEEN 3361964 AND 3362963
	Aggregate  (cost=3952.09..3952.10 rows=1 width=8)
	  ->  Bitmap Heap Scan on sbtest5  (cost=34.87..3949.54 rows=1018 width=4)
	        Recheck Cond: ((id >= 3361964) AND (id <= 3362963))
	        ->  Bitmap Index Scan on sbtest5_pkey  (cost=0.00..34.62 rows=1018 width=0)
	              Index Cond: ((id >= 3361964) AND (id <= 3362963))

table 6 : explain SELECT SUM(k) FROM sbtest6 WHERE id BETWEEN 422166 AND 423165
	Aggregate  (cost=3812.62..3812.63 rows=1 width=8)
	  ->  Bitmap Heap Scan on sbtest6  (cost=34.49..3810.16 rows=981 width=4)
	        Recheck Cond: ((id >= 422166) AND (id <= 423165))
	        ->  Bitmap Index Scan on sbtest6_pkey  (cost=0.00..34.25 rows=981 width=0)
	              Index Cond: ((id >= 422166) AND (id <= 423165))

table 7 : explain SELECT SUM(k) FROM sbtest7 WHERE id BETWEEN 9667461 AND 9668460
	Aggregate  (cost=4066.11..4066.12 rows=1 width=8)
	  ->  Bitmap Heap Scan on sbtest7  (cost=35.18..4063.49 rows=1048 width=4)
	        Recheck Cond: ((id >= 9667461) AND (id <= 9668460))
	        ->  Bitmap Index Scan on sbtest7_pkey  (cost=0.00..34.92 rows=1048 width=0)
	              Index Cond: ((id >= 9667461) AND (id <= 9668460))

table 8 : explain SELECT SUM(k) FROM sbtest8 WHERE id BETWEEN 7008035 AND 7009034
	Aggregate  (cost=3820.31..3820.32 rows=1 width=8)
	  ->  Bitmap Heap Scan on sbtest8  (cost=34.51..3817.85 rows=983 width=4)
	        Recheck Cond: ((id >= 7008035) AND (id <= 7009034))
	        ->  Bitmap Index Scan on sbtest8_pkey  (cost=0.00..34.27 rows=983 width=0)
	              Index Cond: ((id >= 7008035) AND (id <= 7009034))

for point_selects
table 1 : explain SELECT c FROM sbtest1 WHERE id=880538
	Index Scan using sbtest1_pkey on sbtest1  (cost=0.43..8.45 rows=1 width=121)
	  Index Cond: (id = 880538)

table 2 : explain SELECT c FROM sbtest2 WHERE id=1817111
	Index Scan using sbtest2_pkey on sbtest2  (cost=0.43..8.45 rows=1 width=121)
	  Index Cond: (id = 1817111)

table 3 : explain SELECT c FROM sbtest3 WHERE id=806965
	Index Scan using sbtest3_pkey on sbtest3  (cost=0.43..8.45 rows=1 width=121)
	  Index Cond: (id = 806965)

table 4 : explain SELECT c FROM sbtest4 WHERE id=7323507
	Index Scan using sbtest4_pkey on sbtest4  (cost=0.43..8.45 rows=1 width=121)
	  Index Cond: (id = 7323507)

table 5 : explain SELECT c FROM sbtest5 WHERE id=1286996
	Index Scan using sbtest5_pkey on sbtest5  (cost=0.43..8.45 rows=1 width=121)
	  Index Cond: (id = 1286996)

table 6 : explain SELECT c FROM sbtest6 WHERE id=869000
	Index Scan using sbtest6_pkey on sbtest6  (cost=0.43..8.45 rows=1 width=121)
	  Index Cond: (id = 869000)

table 7 : explain SELECT c FROM sbtest7 WHERE id=1753664
	Index Scan using sbtest7_pkey on sbtest7  (cost=0.43..8.45 rows=1 width=121)
	  Index Cond: (id = 1753664)

table 8 : explain SELECT c FROM sbtest8 WHERE id=1410177
	Index Scan using sbtest8_pkey on sbtest8  (cost=0.43..8.45 rows=1 width=121)
	  Index Cond: (id = 1410177)

for point_selects
table 1 : explain SELECT c FROM sbtest1 WHERE id=2150187
	Index Scan using sbtest1_pkey on sbtest1  (cost=0.43..8.45 rows=1 width=121)
	  Index Cond: (id = 2150187)

table 2 : explain SELECT c FROM sbtest2 WHERE id=668156
	Index Scan using sbtest2_pkey on sbtest2  (cost=0.43..8.45 rows=1 width=121)
	  Index Cond: (id = 668156)

table 3 : explain SELECT c FROM sbtest3 WHERE id=1895619
	Index Scan using sbtest3_pkey on sbtest3  (cost=0.43..8.45 rows=1 width=121)
	  Index Cond: (id = 1895619)

table 4 : explain SELECT c FROM sbtest4 WHERE id=293685
	Index Scan using sbtest4_pkey on sbtest4  (cost=0.43..8.45 rows=1 width=121)
	  Index Cond: (id = 293685)

table 5 : explain SELECT c FROM sbtest5 WHERE id=182690
	Index Scan using sbtest5_pkey on sbtest5  (cost=0.43..8.45 rows=1 width=121)
	  Index Cond: (id = 182690)

table 6 : explain SELECT c FROM sbtest6 WHERE id=7654242
	Index Scan using sbtest6_pkey on sbtest6  (cost=0.43..8.45 rows=1 width=121)
	  Index Cond: (id = 7654242)

table 7 : explain SELECT c FROM sbtest7 WHERE id=4546887
	Index Scan using sbtest7_pkey on sbtest7  (cost=0.43..8.45 rows=1 width=121)
	  Index Cond: (id = 4546887)

table 8 : explain SELECT c FROM sbtest8 WHERE id=4754845
	Index Scan using sbtest8_pkey on sbtest8  (cost=0.43..8.45 rows=1 width=121)
	  Index Cond: (id = 4754845)

for point_selects
table 1 : explain SELECT c FROM sbtest1 WHERE id=3362375
	Index Scan using sbtest1_pkey on sbtest1  (cost=0.43..8.45 rows=1 width=121)
	  Index Cond: (id = 3362375)

table 2 : explain SELECT c FROM sbtest2 WHERE id=703503
	Index Scan using sbtest2_pkey on sbtest2  (cost=0.43..8.45 rows=1 width=121)
	  Index Cond: (id = 703503)

table 3 : explain SELECT c FROM sbtest3 WHERE id=2857146
	Index Scan using sbtest3_pkey on sbtest3  (cost=0.43..8.45 rows=1 width=121)
	  Index Cond: (id = 2857146)

table 4 : explain SELECT c FROM sbtest4 WHERE id=5017949
	Index Scan using sbtest4_pkey on sbtest4  (cost=0.43..8.45 rows=1 width=121)
	  Index Cond: (id = 5017949)

table 5 : explain SELECT c FROM sbtest5 WHERE id=1119735
	Index Scan using sbtest5_pkey on sbtest5  (cost=0.43..8.45 rows=1 width=121)
	  Index Cond: (id = 1119735)

table 6 : explain SELECT c FROM sbtest6 WHERE id=5349489
	Index Scan using sbtest6_pkey on sbtest6  (cost=0.43..8.45 rows=1 width=121)
	  Index Cond: (id = 5349489)

table 7 : explain SELECT c FROM sbtest7 WHERE id=3664178
	Index Scan using sbtest7_pkey on sbtest7  (cost=0.43..8.45 rows=1 width=121)
	  Index Cond: (id = 3664178)

table 8 : explain SELECT c FROM sbtest8 WHERE id=2124571
	Index Scan using sbtest8_pkey on sbtest8  (cost=0.43..8.45 rows=1 width=121)
	  Index Cond: (id = 2124571)

for: simple_ranges
table 1 : explain SELECT c FROM sbtest1 WHERE id BETWEEN 3001420 AND 3002419
	Bitmap Heap Scan on sbtest1  (cost=34.75..3897.70 rows=1006 width=121)
	  Recheck Cond: ((id >= 3001420) AND (id <= 3002419))
	  ->  Bitmap Index Scan on sbtest1_pkey  (cost=0.00..34.50 rows=1006 width=0)
	        Index Cond: ((id >= 3001420) AND (id <= 3002419))

table 2 : explain SELECT c FROM sbtest2 WHERE id BETWEEN 6236531 AND 6237530
	Bitmap Heap Scan on sbtest2  (cost=34.41..3777.19 rows=973 width=121)
	  Recheck Cond: ((id >= 6236531) AND (id <= 6237530))
	  ->  Bitmap Index Scan on sbtest2_pkey  (cost=0.00..34.17 rows=973 width=0)
	        Index Cond: ((id >= 6236531) AND (id <= 6237530))

table 3 : explain SELECT c FROM sbtest3 WHERE id BETWEEN 8967921 AND 8968920
	Bitmap Heap Scan on sbtest3  (cost=34.58..3840.52 rows=990 width=121)
	  Recheck Cond: ((id >= 8967921) AND (id <= 8968920))
	  ->  Bitmap Index Scan on sbtest3_pkey  (cost=0.00..34.34 rows=990 width=0)
	        Index Cond: ((id >= 8967921) AND (id <= 8968920))

table 4 : explain SELECT c FROM sbtest4 WHERE id BETWEEN 7444109 AND 7445108
	Index Scan using sbtest4_pkey on sbtest4  (cost=0.43..3778.52 rows=967 width=121)
	  Index Cond: ((id >= 7444109) AND (id <= 7445108))

table 5 : explain SELECT c FROM sbtest5 WHERE id BETWEEN 8666175 AND 8667174
	Bitmap Heap Scan on sbtest5  (cost=34.84..3938.21 rows=1015 width=121)
	  Recheck Cond: ((id >= 8666175) AND (id <= 8667174))
	  ->  Bitmap Index Scan on sbtest5_pkey  (cost=0.00..34.59 rows=1015 width=0)
	        Index Cond: ((id >= 8666175) AND (id <= 8667174))

table 6 : explain SELECT c FROM sbtest6 WHERE id BETWEEN 4406195 AND 4407194
	Bitmap Heap Scan on sbtest6  (cost=34.75..3904.67 rows=1006 width=121)
	  Recheck Cond: ((id >= 4406195) AND (id <= 4407194))
	  ->  Bitmap Index Scan on sbtest6_pkey  (cost=0.00..34.50 rows=1006 width=0)
	        Index Cond: ((id >= 4406195) AND (id <= 4407194))

table 7 : explain SELECT c FROM sbtest7 WHERE id BETWEEN 9678475 AND 9679474
	Bitmap Heap Scan on sbtest7  (cost=35.18..4063.49 rows=1048 width=121)
	  Recheck Cond: ((id >= 9678475) AND (id <= 9679474))
	  ->  Bitmap Index Scan on sbtest7_pkey  (cost=0.00..34.92 rows=1048 width=0)
	        Index Cond: ((id >= 9678475) AND (id <= 9679474))

table 8 : explain SELECT c FROM sbtest8 WHERE id BETWEEN 6232572 AND 6233571
	Index Scan using sbtest8_pkey on sbtest8  (cost=0.43..3752.43 rows=956 width=121)
	  Index Cond: ((id >= 6232572) AND (id <= 6233571))

explain: for point_selects :: explain SELECT c FROM sbtest%u WHERE id=%u
explain: for point_selects :: explain SELECT c FROM sbtest%u WHERE id=%u
for: distinct_ranges
table 1 : explain SELECT DISTINCT c FROM sbtest1 WHERE id BETWEEN 9061546 AND 9062545 ORDER BY c
	Unique  (cost=4119.89..4125.15 rows=1051 width=121)
	  ->  Sort  (cost=4119.89..4122.52 rows=1051 width=121)
	        Sort Key: c
	        ->  Bitmap Heap Scan on sbtest1  (cost=35.21..4067.14 rows=1051 width=121)
	              Recheck Cond: ((id >= 9061546) AND (id <= 9062545))
	              ->  Bitmap Index Scan on sbtest1_pkey  (cost=0.00..34.95 rows=1051 width=0)
	                    Index Cond: ((id >= 9061546) AND (id <= 9062545))

table 2 : explain SELECT DISTINCT c FROM sbtest2 WHERE id BETWEEN 7165089 AND 7166088 ORDER BY c
	Unique  (cost=3552.71..3557.22 rows=903 width=121)
	  ->  Sort  (cost=3552.71..3554.96 rows=903 width=121)
	        Sort Key: c
	        ->  Bitmap Heap Scan on sbtest2  (cost=29.69..3508.37 rows=903 width=121)
	              Recheck Cond: ((id >= 7165089) AND (id <= 7166088))
	              ->  Bitmap Index Scan on sbtest2_pkey  (cost=0.00..29.46 rows=903 width=0)
	                    Index Cond: ((id >= 7165089) AND (id <= 7166088))

table 3 : explain SELECT DISTINCT c FROM sbtest3 WHERE id BETWEEN 4870268 AND 4871267 ORDER BY c
	Unique  (cost=4127.14..4132.40 rows=1052 width=121)
	  ->  Sort  (cost=4127.14..4129.77 rows=1052 width=121)
	        Sort Key: c
	        ->  Bitmap Heap Scan on sbtest3  (cost=35.22..4074.34 rows=1052 width=121)
	              Recheck Cond: ((id >= 4870268) AND (id <= 4871267))
	              ->  Bitmap Index Scan on sbtest3_pkey  (cost=0.00..34.95 rows=1052 width=0)
	                    Index Cond: ((id >= 4870268) AND (id <= 4871267))

table 4 : explain SELECT DISTINCT c FROM sbtest4 WHERE id BETWEEN 8974757 AND 8975756 ORDER BY c
	Unique  (cost=4086.70..4091.87 rows=1033 width=121)
	  ->  Sort  (cost=4086.70..4089.29 rows=1033 width=121)
	        Sort Key: c
	        ->  Index Scan using sbtest4_pkey on sbtest4  (cost=0.43..4034.99 rows=1033 width=121)
	              Index Cond: ((id >= 8974757) AND (id <= 8975756))

table 5 : explain SELECT DISTINCT c FROM sbtest5 WHERE id BETWEEN 891805 AND 892804 ORDER BY c
	Unique  (cost=4042.56..4047.71 rows=1029 width=121)
	  ->  Sort  (cost=4042.56..4045.13 rows=1029 width=121)
	        Sort Key: c
	        ->  Bitmap Heap Scan on sbtest5  (cost=34.98..3991.08 rows=1029 width=121)
	              Recheck Cond: ((id >= 891805) AND (id <= 892804))
	              ->  Bitmap Index Scan on sbtest5_pkey  (cost=0.00..34.73 rows=1029 width=0)
	                    Index Cond: ((id >= 891805) AND (id <= 892804))

table 6 : explain SELECT DISTINCT c FROM sbtest6 WHERE id BETWEEN 3080641 AND 3081640 ORDER BY c
	Unique  (cost=4150.32..4155.61 rows=1057 width=121)
	  ->  Sort  (cost=4150.32..4152.96 rows=1057 width=121)
	        Sort Key: c
	        ->  Bitmap Heap Scan on sbtest6  (cost=35.27..4097.23 rows=1057 width=121)
	              Recheck Cond: ((id >= 3080641) AND (id <= 3081640))
	              ->  Bitmap Index Scan on sbtest6_pkey  (cost=0.00..35.01 rows=1057 width=0)
	                    Index Cond: ((id >= 3080641) AND (id <= 3081640))

table 7 : explain SELECT DISTINCT c FROM sbtest7 WHERE id BETWEEN 828879 AND 829878 ORDER BY c
	Unique  (cost=4096.91..4102.13 rows=1043 width=121)
	  ->  Sort  (cost=4096.91..4099.52 rows=1043 width=121)
	        Sort Key: c
	        ->  Bitmap Heap Scan on sbtest7  (cost=35.13..4044.62 rows=1043 width=121)
	              Recheck Cond: ((id >= 828879) AND (id <= 829878))
	              ->  Bitmap Index Scan on sbtest7_pkey  (cost=0.00..34.87 rows=1043 width=0)
	                    Index Cond: ((id >= 828879) AND (id <= 829878))

table 8 : explain SELECT DISTINCT c FROM sbtest8 WHERE id BETWEEN 3111794 AND 3112793 ORDER BY c
	Unique  (cost=3951.14..3956.16 rows=1005 width=121)
	  ->  Sort  (cost=3951.14..3953.65 rows=1005 width=121)
	        Sort Key: c
	        ->  Bitmap Heap Scan on sbtest8  (cost=34.74..3901.02 rows=1005 width=121)
	              Recheck Cond: ((id >= 3111794) AND (id <= 3112793))
	              ->  Bitmap Index Scan on sbtest8_pkey  (cost=0.00..34.48 rows=1005 width=0)
	                    Index Cond: ((id >= 3111794) AND (id <= 3112793))

for: sum_ranges
table 1 : explain SELECT SUM(k) FROM sbtest1 WHERE id BETWEEN 5014277 AND 5015276
	Aggregate  (cost=3941.68..3941.69 rows=1 width=8)
	  ->  Bitmap Heap Scan on sbtest1  (cost=34.86..3939.14 rows=1017 width=4)
	        Recheck Cond: ((id >= 5014277) AND (id <= 5015276))
	        ->  Bitmap Index Scan on sbtest1_pkey  (cost=0.00..34.61 rows=1017 width=0)
	              Index Cond: ((id >= 5014277) AND (id <= 5015276))

table 2 : explain SELECT SUM(k) FROM sbtest2 WHERE id BETWEEN 9896715 AND 9897714
	Aggregate  (cost=3957.20..3957.21 rows=1 width=8)
	  ->  Bitmap Heap Scan on sbtest2  (cost=34.89..3954.65 rows=1020 width=4)
	        Recheck Cond: ((id >= 9896715) AND (id <= 9897714))
	        ->  Bitmap Index Scan on sbtest2_pkey  (cost=0.00..34.64 rows=1020 width=0)
	              Index Cond: ((id >= 9896715) AND (id <= 9897714))

table 3 : explain SELECT SUM(k) FROM sbtest3 WHERE id BETWEEN 4434354 AND 4435353
	Aggregate  (cost=4235.19..4235.20 rows=1 width=8)
	  ->  Bitmap Heap Scan on sbtest3  (cost=35.65..4232.46 rows=1094 width=4)
	        Recheck Cond: ((id >= 4434354) AND (id <= 4435353))
	        ->  Bitmap Index Scan on sbtest3_pkey  (cost=0.00..35.38 rows=1094 width=0)
	              Index Cond: ((id >= 4434354) AND (id <= 4435353))

table 4 : explain SELECT SUM(k) FROM sbtest4 WHERE id BETWEEN 6894125 AND 6895124
	Aggregate  (cost=4002.58..4002.59 rows=1 width=8)
	  ->  Index Scan using sbtest4_pkey on sbtest4  (cost=0.43..4000.02 rows=1024 width=4)
	        Index Cond: ((id >= 6894125) AND (id <= 6895124))

table 5 : explain SELECT SUM(k) FROM sbtest5 WHERE id BETWEEN 6469846 AND 6470845
	Aggregate  (cost=4182.38..4182.39 rows=1 width=8)
	  ->  Bitmap Heap Scan on sbtest5  (cost=35.49..4179.69 rows=1079 width=4)
	        Recheck Cond: ((id >= 6469846) AND (id <= 6470845))
	        ->  Bitmap Index Scan on sbtest5_pkey  (cost=0.00..35.23 rows=1079 width=0)
	              Index Cond: ((id >= 6469846) AND (id <= 6470845))

table 6 : explain SELECT SUM(k) FROM sbtest6 WHERE id BETWEEN 3529809 AND 3530808
	Aggregate  (cost=3516.85..3516.86 rows=1 width=8)
	  ->  Bitmap Heap Scan on sbtest6  (cost=29.70..3514.59 rows=904 width=4)
	        Recheck Cond: ((id >= 3529809) AND (id <= 3530808))
	        ->  Bitmap Index Scan on sbtest6_pkey  (cost=0.00..29.47 rows=904 width=0)
	              Index Cond: ((id >= 3529809) AND (id <= 3530808))

table 7 : explain SELECT SUM(k) FROM sbtest7 WHERE id BETWEEN 4479434 AND 4480433
	Aggregate  (cost=3879.08..3879.09 rows=1 width=8)
	  ->  Index Scan using sbtest7_pkey on sbtest7  (cost=0.43..3876.61 rows=989 width=4)
	        Index Cond: ((id >= 4479434) AND (id <= 4480433))

table 8 : explain SELECT SUM(k) FROM sbtest8 WHERE id BETWEEN 8236320 AND 8237319
	Aggregate  (cost=3700.12..3700.13 rows=1 width=8)
	  ->  Index Scan using sbtest8_pkey on sbtest8  (cost=0.43..3697.77 rows=942 width=4)
	        Index Cond: ((id >= 8236320) AND (id <= 8237319))

explain: for point_selects :: explain SELECT c FROM sbtest%u WHERE id=%u
for: distinct_ranges
table 1 : explain SELECT DISTINCT c FROM sbtest1 WHERE id BETWEEN 7348351 AND 7349350 ORDER BY c
	Unique  (cost=3894.30..3899.26 rows=992 width=121)
	  ->  Sort  (cost=3894.30..3896.78 rows=992 width=121)
	        Sort Key: c
	        ->  Bitmap Heap Scan on sbtest1  (cost=34.60..3844.93 rows=992 width=121)
	              Recheck Cond: ((id >= 7348351) AND (id <= 7349350))
	              ->  Bitmap Index Scan on sbtest1_pkey  (cost=0.00..34.36 rows=992 width=0)
	                    Index Cond: ((id >= 7348351) AND (id <= 7349350))

table 2 : explain SELECT DISTINCT c FROM sbtest2 WHERE id BETWEEN 5943397 AND 5944396 ORDER BY c
	Unique  (cost=4017.11..4022.23 rows=1023 width=121)
	  ->  Sort  (cost=4017.11..4019.67 rows=1023 width=121)
	        Sort Key: c
	        ->  Bitmap Heap Scan on sbtest2  (cost=34.92..3965.97 rows=1023 width=121)
	              Recheck Cond: ((id >= 5943397) AND (id <= 5944396))
	              ->  Bitmap Index Scan on sbtest2_pkey  (cost=0.00..34.67 rows=1023 width=0)
	                    Index Cond: ((id >= 5943397) AND (id <= 5944396))

table 3 : explain SELECT DISTINCT c FROM sbtest3 WHERE id BETWEEN 3319103 AND 3320102 ORDER BY c
	Unique  (cost=3916.60..3921.58 rows=997 width=121)
	  ->  Sort  (cost=3916.60..3919.09 rows=997 width=121)
	        Sort Key: c
	        ->  Bitmap Heap Scan on sbtest3  (cost=34.65..3866.94 rows=997 width=121)
	              Recheck Cond: ((id >= 3319103) AND (id <= 3320102))
	              ->  Bitmap Index Scan on sbtest3_pkey  (cost=0.00..34.41 rows=997 width=0)
	                    Index Cond: ((id >= 3319103) AND (id <= 3320102))

table 4 : explain SELECT DISTINCT c FROM sbtest4 WHERE id BETWEEN 1270860 AND 1271859 ORDER BY c
	Unique  (cost=4165.58..4170.85 rows=1053 width=121)
	  ->  Sort  (cost=4165.58..4168.22 rows=1053 width=121)
	        Sort Key: c
	        ->  Index Scan using sbtest4_pkey on sbtest4  (cost=0.43..4112.72 rows=1053 width=121)
	              Index Cond: ((id >= 1270860) AND (id <= 1271859))

table 5 : explain SELECT DISTINCT c FROM sbtest5 WHERE id BETWEEN 7980786 AND 7981785 ORDER BY c
	Unique  (cost=3935.21..3940.21 rows=1001 width=121)
	  ->  Sort  (cost=3935.21..3937.71 rows=1001 width=121)
	        Sort Key: c
	        ->  Bitmap Heap Scan on sbtest5  (cost=34.70..3885.32 rows=1001 width=121)
	              Recheck Cond: ((id >= 7980786) AND (id <= 7981785))
	              ->  Bitmap Index Scan on sbtest5_pkey  (cost=0.00..34.45 rows=1001 width=0)
	                    Index Cond: ((id >= 7980786) AND (id <= 7981785))

table 6 : explain SELECT DISTINCT c FROM sbtest6 WHERE id BETWEEN 269061 AND 270060 ORDER BY c
	Unique  (cost=4054.54..4059.70 rows=1032 width=121)
	  ->  Sort  (cost=4054.54..4057.12 rows=1032 width=121)
	        Sort Key: c
	        ->  Bitmap Heap Scan on sbtest6  (cost=35.01..4002.88 rows=1032 width=121)
	              Recheck Cond: ((id >= 269061) AND (id <= 270060))
	              ->  Bitmap Index Scan on sbtest6_pkey  (cost=0.00..34.76 rows=1032 width=0)
	                    Index Cond: ((id >= 269061) AND (id <= 270060))

table 7 : explain SELECT DISTINCT c FROM sbtest7 WHERE id BETWEEN 2442540 AND 2443539 ORDER BY c
	Unique  (cost=4000.95..4005.99 rows=1008 width=121)
	  ->  Sort  (cost=4000.95..4003.47 rows=1008 width=121)
	        Sort Key: c
	        ->  Index Scan using sbtest7_pkey on sbtest7  (cost=0.43..3950.66 rows=1008 width=121)
	              Index Cond: ((id >= 2442540) AND (id <= 2443539))

table 8 : explain SELECT DISTINCT c FROM sbtest8 WHERE id BETWEEN 512892 AND 513891 ORDER BY c
	Unique  (cost=4050.84..4055.99 rows=1031 width=121)
	  ->  Sort  (cost=4050.84..4053.41 rows=1031 width=121)
	        Sort Key: c
	        ->  Bitmap Heap Scan on sbtest8  (cost=35.00..3999.24 rows=1031 width=121)
	              Recheck Cond: ((id >= 512892) AND (id <= 513891))
	              ->  Bitmap Index Scan on sbtest8_pkey  (cost=0.00..34.75 rows=1031 width=0)
	                    Index Cond: ((id >= 512892) AND (id <= 513891))

explain: for point_selects :: explain SELECT c FROM sbtest%u WHERE id=%u
for: simple_ranges
table 1 : explain SELECT c FROM sbtest1 WHERE id BETWEEN 5710750 AND 5711749
	Bitmap Heap Scan on sbtest1  (cost=39.78..4281.66 rows=1107 width=121)
	  Recheck Cond: ((id >= 5710750) AND (id <= 5711749))
	  ->  Bitmap Index Scan on sbtest1_pkey  (cost=0.00..39.51 rows=1107 width=0)
	        Index Cond: ((id >= 5710750) AND (id <= 5711749))

table 2 : explain SELECT c FROM sbtest2 WHERE id BETWEEN 9475972 AND 9476971
	Bitmap Heap Scan on sbtest2  (cost=29.58..3466.70 rows=892 width=121)
	  Recheck Cond: ((id >= 9475972) AND (id <= 9476971))
	  ->  Bitmap Index Scan on sbtest2_pkey  (cost=0.00..29.36 rows=892 width=0)
	        Index Cond: ((id >= 9475972) AND (id <= 9476971))

table 3 : explain SELECT c FROM sbtest3 WHERE id BETWEEN 963817 AND 964816
	Bitmap Heap Scan on sbtest3  (cost=35.31..4108.24 rows=1061 width=121)
	  Recheck Cond: ((id >= 963817) AND (id <= 964816))
	  ->  Bitmap Index Scan on sbtest3_pkey  (cost=0.00..35.05 rows=1061 width=0)
	        Index Cond: ((id >= 963817) AND (id <= 964816))

table 4 : explain SELECT c FROM sbtest4 WHERE id BETWEEN 6813015 AND 6814014
	Index Scan using sbtest4_pkey on sbtest4  (cost=0.43..3972.80 rows=1017 width=121)
	  Index Cond: ((id >= 6813015) AND (id <= 6814014))

table 5 : explain SELECT c FROM sbtest5 WHERE id BETWEEN 4648803 AND 4649802
	Bitmap Heap Scan on sbtest5  (cost=35.16..4055.24 rows=1046 width=121)
	  Recheck Cond: ((id >= 4648803) AND (id <= 4649802))
	  ->  Bitmap Index Scan on sbtest5_pkey  (cost=0.00..34.90 rows=1046 width=0)
	        Index Cond: ((id >= 4648803) AND (id <= 4649802))

table 6 : explain SELECT c FROM sbtest6 WHERE id BETWEEN 1179468 AND 1180467
	Bitmap Heap Scan on sbtest6  (cost=34.06..3651.22 rows=939 width=121)
	  Recheck Cond: ((id >= 1179468) AND (id <= 1180467))
	  ->  Bitmap Index Scan on sbtest6_pkey  (cost=0.00..33.83 rows=939 width=0)
	        Index Cond: ((id >= 1179468) AND (id <= 1180467))

table 7 : explain SELECT c FROM sbtest7 WHERE id BETWEEN 6199642 AND 6200641
	Bitmap Heap Scan on sbtest7  (cost=34.89..3957.78 rows=1020 width=121)
	  Recheck Cond: ((id >= 6199642) AND (id <= 6200641))
	  ->  Bitmap Index Scan on sbtest7_pkey  (cost=0.00..34.64 rows=1020 width=0)
	        Index Cond: ((id >= 6199642) AND (id <= 6200641))

table 8 : explain SELECT c FROM sbtest8 WHERE id BETWEEN 6762182 AND 6763181
	Bitmap Heap Scan on sbtest8  (cost=34.63..3863.23 rows=995 width=121)
	  Recheck Cond: ((id >= 6762182) AND (id <= 6763181))
	  ->  Bitmap Index Scan on sbtest8_pkey  (cost=0.00..34.39 rows=995 width=0)
	        Index Cond: ((id >= 6762182) AND (id <= 6763181))

for: simple_ranges
table 1 : explain SELECT c FROM sbtest1 WHERE id BETWEEN 7929197 AND 7930196
	Bitmap Heap Scan on sbtest1  (cost=35.11..4029.51 rows=1041 width=121)
	  Recheck Cond: ((id >= 7929197) AND (id <= 7930196))
	  ->  Bitmap Index Scan on sbtest1_pkey  (cost=0.00..34.84 rows=1041 width=0)
	        Index Cond: ((id >= 7929197) AND (id <= 7930196))

table 2 : explain SELECT c FROM sbtest2 WHERE id BETWEEN 7692584 AND 7693583
	Bitmap Heap Scan on sbtest2  (cost=34.77..3909.37 rows=1008 width=121)
	  Recheck Cond: ((id >= 7692584) AND (id <= 7693583))
	  ->  Bitmap Index Scan on sbtest2_pkey  (cost=0.00..34.52 rows=1008 width=0)
	        Index Cond: ((id >= 7692584) AND (id <= 7693583))

table 3 : explain SELECT c FROM sbtest3 WHERE id BETWEEN 4507171 AND 4508170
	Bitmap Heap Scan on sbtest3  (cost=35.48..4172.25 rows=1078 width=121)
	  Recheck Cond: ((id >= 4507171) AND (id <= 4508170))
	  ->  Bitmap Index Scan on sbtest3_pkey  (cost=0.00..35.22 rows=1078 width=0)
	        Index Cond: ((id >= 4507171) AND (id <= 4508170))

table 4 : explain SELECT c FROM sbtest4 WHERE id BETWEEN 2577234 AND 2578233
	Index Scan using sbtest4_pkey on sbtest4  (cost=0.43..4038.87 rows=1034 width=121)
	  Index Cond: ((id >= 2577234) AND (id <= 2578233))

table 5 : explain SELECT c FROM sbtest5 WHERE id BETWEEN 3986980 AND 3987979
	Bitmap Heap Scan on sbtest5  (cost=34.63..3862.65 rows=995 width=121)
	  Recheck Cond: ((id >= 3986980) AND (id <= 3987979))
	  ->  Bitmap Index Scan on sbtest5_pkey  (cost=0.00..34.39 rows=995 width=0)
	        Index Cond: ((id >= 3986980) AND (id <= 3987979))

table 6 : explain SELECT c FROM sbtest6 WHERE id BETWEEN 3503717 AND 3504716
	Bitmap Heap Scan on sbtest6  (cost=29.70..3514.59 rows=904 width=121)
	  Recheck Cond: ((id >= 3503717) AND (id <= 3504716))
	  ->  Bitmap Index Scan on sbtest6_pkey  (cost=0.00..29.47 rows=904 width=0)
	        Index Cond: ((id >= 3503717) AND (id <= 3504716))

table 7 : explain SELECT c FROM sbtest7 WHERE id BETWEEN 5732408 AND 5733407
	Index Scan using sbtest7_pkey on sbtest7  (cost=0.43..3654.37 rows=932 width=121)
	  Index Cond: ((id >= 5732408) AND (id <= 5733407))

table 8 : explain SELECT c FROM sbtest8 WHERE id BETWEEN 4340622 AND 4341621
	Bitmap Heap Scan on sbtest8  (cost=34.85..3942.58 rows=1016 width=121)
	  Recheck Cond: ((id >= 4340622) AND (id <= 4341621))
	  ->  Bitmap Index Scan on sbtest8_pkey  (cost=0.00..34.59 rows=1016 width=0)
	        Index Cond: ((id >= 4340622) AND (id <= 4341621))

for: distinct_ranges
table 1 : explain SELECT DISTINCT c FROM sbtest1 WHERE id BETWEEN 3776258 AND 3777257 ORDER BY c
	Unique  (cost=4387.28..4392.88 rows=1121 width=121)
	  ->  Sort  (cost=4387.28..4390.08 rows=1121 width=121)
	        Sort Key: c
	        ->  Bitmap Heap Scan on sbtest1  (cost=39.93..4330.50 rows=1121 width=121)
	              Recheck Cond: ((id >= 3776258) AND (id <= 3777257))
	              ->  Bitmap Index Scan on sbtest1_pkey  (cost=0.00..39.65 rows=1121 width=0)
	                    Index Cond: ((id >= 3776258) AND (id <= 3777257))

table 2 : explain SELECT DISTINCT c FROM sbtest2 WHERE id BETWEEN 8782405 AND 8783404 ORDER BY c
	Unique  (cost=4204.62..4209.98 rows=1072 width=121)
	  ->  Sort  (cost=4204.62..4207.30 rows=1072 width=121)
	        Sort Key: c
	        ->  Bitmap Heap Scan on sbtest2  (cost=35.42..4150.67 rows=1072 width=121)
	              Recheck Cond: ((id >= 8782405) AND (id <= 8783404))
	              ->  Bitmap Index Scan on sbtest2_pkey  (cost=0.00..35.16 rows=1072 width=0)
	                    Index Cond: ((id >= 8782405) AND (id <= 8783404))

table 3 : explain SELECT DISTINCT c FROM sbtest3 WHERE id BETWEEN 2184037 AND 2185036 ORDER BY c
	Unique  (cost=3790.10..3794.92 rows=964 width=121)
	  ->  Sort  (cost=3790.10..3792.51 rows=964 width=121)
	        Sort Key: c
	        ->  Bitmap Heap Scan on sbtest3  (cost=34.32..3742.32 rows=964 width=121)
	              Recheck Cond: ((id >= 2184037) AND (id <= 2185036))
	              ->  Bitmap Index Scan on sbtest3_pkey  (cost=0.00..34.08 rows=964 width=0)
	                    Index Cond: ((id >= 2184037) AND (id <= 2185036))

table 4 : explain SELECT DISTINCT c FROM sbtest4 WHERE id BETWEEN 5452600 AND 5453599 ORDER BY c
	Unique  (cost=3495.23..3499.65 rows=884 width=121)
	  ->  Sort  (cost=3495.23..3497.44 rows=884 width=121)
	        Sort Key: c
	        ->  Index Scan using sbtest4_pkey on sbtest4  (cost=0.43..3451.96 rows=884 width=121)
	              Index Cond: ((id >= 5452600) AND (id <= 5453599))

table 5 : explain SELECT DISTINCT c FROM sbtest5 WHERE id BETWEEN 9221468 AND 9222467 ORDER BY c
	Unique  (cost=4172.80..4178.12 rows=1063 width=121)
	  ->  Sort  (cost=4172.80..4175.46 rows=1063 width=121)
	        Sort Key: c
	        ->  Bitmap Heap Scan on sbtest5  (cost=35.33..4119.36 rows=1063 width=121)
	              Recheck Cond: ((id >= 9221468) AND (id <= 9222467))
	              ->  Bitmap Index Scan on sbtest5_pkey  (cost=0.00..35.07 rows=1063 width=0)
	                    Index Cond: ((id >= 9221468) AND (id <= 9222467))

table 6 : explain SELECT DISTINCT c FROM sbtest6 WHERE id BETWEEN 6783445 AND 6784444 ORDER BY c
	Unique  (cost=4112.01..4117.25 rows=1047 width=121)
	  ->  Sort  (cost=4112.01..4114.63 rows=1047 width=121)
	        Sort Key: c
	        ->  Bitmap Heap Scan on sbtest6  (cost=35.17..4059.50 rows=1047 width=121)
	              Recheck Cond: ((id >= 6783445) AND (id <= 6784444))
	              ->  Bitmap Index Scan on sbtest6_pkey  (cost=0.00..34.91 rows=1047 width=0)
	                    Index Cond: ((id >= 6783445) AND (id <= 6784444))

table 7 : explain SELECT DISTINCT c FROM sbtest7 WHERE id BETWEEN 9382667 AND 9383666 ORDER BY c
	Unique  (cost=4027.92..4033.04 rows=1025 width=121)
	  ->  Sort  (cost=4027.92..4030.48 rows=1025 width=121)
	        Sort Key: c
	        ->  Bitmap Heap Scan on sbtest7  (cost=34.94..3976.66 rows=1025 width=121)
	              Recheck Cond: ((id >= 9382667) AND (id <= 9383666))
	              ->  Bitmap Index Scan on sbtest7_pkey  (cost=0.00..34.69 rows=1025 width=0)
	                    Index Cond: ((id >= 9382667) AND (id <= 9383666))

table 8 : explain SELECT DISTINCT c FROM sbtest8 WHERE id BETWEEN 2286566 AND 2287565 ORDER BY c
	Unique  (cost=3855.20..3860.10 rows=980 width=121)
	  ->  Sort  (cost=3855.20..3857.65 rows=980 width=121)
	        Sort Key: c
	        ->  Bitmap Heap Scan on sbtest8  (cost=34.48..3806.51 rows=980 width=121)
	              Recheck Cond: ((id >= 2286566) AND (id <= 2287565))
	              ->  Bitmap Index Scan on sbtest8_pkey  (cost=0.00..34.23 rows=980 width=0)
	                    Index Cond: ((id >= 2286566) AND (id <= 2287565))

for: simple_ranges
table 1 : explain SELECT c FROM sbtest1 WHERE id BETWEEN 6766204 AND 6767203
	Bitmap Heap Scan on sbtest1  (cost=34.45..3788.36 rows=977 width=121)
	  Recheck Cond: ((id >= 6766204) AND (id <= 6767203))
	  ->  Bitmap Index Scan on sbtest1_pkey  (cost=0.00..34.20 rows=977 width=0)
	        Index Cond: ((id >= 6766204) AND (id <= 6767203))

table 2 : explain SELECT c FROM sbtest2 WHERE id BETWEEN 4134299 AND 4135298
	Bitmap Heap Scan on sbtest2  (cost=34.55..3830.08 rows=987 width=121)
	  Recheck Cond: ((id >= 4134299) AND (id <= 4135298))
	  ->  Bitmap Index Scan on sbtest2_pkey  (cost=0.00..34.31 rows=987 width=0)
	        Index Cond: ((id >= 4134299) AND (id <= 4135298))

table 3 : explain SELECT c FROM sbtest3 WHERE id BETWEEN 4248934 AND 4249933
	Bitmap Heap Scan on sbtest3  (cost=34.29..3730.99 rows=961 width=121)
	  Recheck Cond: ((id >= 4248934) AND (id <= 4249933))
	  ->  Bitmap Index Scan on sbtest3_pkey  (cost=0.00..34.05 rows=961 width=0)
	        Index Cond: ((id >= 4248934) AND (id <= 4249933))

table 4 : explain SELECT c FROM sbtest4 WHERE id BETWEEN 3296244 AND 3297243
	Index Scan using sbtest4_pkey on sbtest4  (cost=0.43..3727.98 rows=954 width=121)
	  Index Cond: ((id >= 3296244) AND (id <= 3297243))

table 5 : explain SELECT c FROM sbtest5 WHERE id BETWEEN 2359208 AND 2360207
	Bitmap Heap Scan on sbtest5  (cost=34.33..3749.21 rows=965 width=121)
	  Recheck Cond: ((id >= 2359208) AND (id <= 2360207))
	  ->  Bitmap Index Scan on sbtest5_pkey  (cost=0.00..34.09 rows=965 width=0)
	        Index Cond: ((id >= 2359208) AND (id <= 2360207))

table 6 : explain SELECT c FROM sbtest6 WHERE id BETWEEN 2234144 AND 2235143
	Bitmap Heap Scan on sbtest6  (cost=34.31..3742.07 rows=963 width=121)
	  Recheck Cond: ((id >= 2234144) AND (id <= 2235143))
	  ->  Bitmap Index Scan on sbtest6_pkey  (cost=0.00..34.07 rows=963 width=0)
	        Index Cond: ((id >= 2234144) AND (id <= 2235143))

table 7 : explain SELECT c FROM sbtest7 WHERE id BETWEEN 9877665 AND 9878664
	Index Scan using sbtest7_pkey on sbtest7  (cost=0.43..3786.93 rows=966 width=121)
	  Index Cond: ((id >= 9877665) AND (id <= 9878664))

table 8 : explain SELECT c FROM sbtest8 WHERE id BETWEEN 7741950 AND 7742949
	Index Scan using sbtest8_pkey on sbtest8  (cost=0.43..3764.14 rows=959 width=121)
	  Index Cond: ((id >= 7741950) AND (id <= 7742949))

for: order_ranges
table 1 : explain SELECT c FROM sbtest1 WHERE id BETWEEN 6275274 AND 6276273 ORDER BY c
	Sort  (cost=3721.96..3724.33 rows=947 width=121)
	  Sort Key: c
	  ->  Bitmap Heap Scan on sbtest1  (cost=34.14..3675.14 rows=947 width=121)
	        Recheck Cond: ((id >= 6275274) AND (id <= 6276273))
	        ->  Bitmap Index Scan on sbtest1_pkey  (cost=0.00..33.91 rows=947 width=0)
	              Index Cond: ((id >= 6275274) AND (id <= 6276273))

table 2 : explain SELECT c FROM sbtest2 WHERE id BETWEEN 3830778 AND 3831777 ORDER BY c
	Sort  (cost=3940.50..3943.00 rows=1003 width=121)
	  Sort Key: c
	  ->  Bitmap Heap Scan on sbtest2  (cost=34.72..3890.50 rows=1003 width=121)
	        Recheck Cond: ((id >= 3830778) AND (id <= 3831777))
	        ->  Bitmap Index Scan on sbtest2_pkey  (cost=0.00..34.47 rows=1003 width=0)
	              Index Cond: ((id >= 3830778) AND (id <= 3831777))

table 3 : explain SELECT c FROM sbtest3 WHERE id BETWEEN 6512265 AND 6513264 ORDER BY c
	Sort  (cost=3908.94..3911.42 rows=995 width=121)
	  Sort Key: c
	  ->  Bitmap Heap Scan on sbtest3  (cost=34.63..3859.39 rows=995 width=121)
	        Recheck Cond: ((id >= 6512265) AND (id <= 6513264))
	        ->  Bitmap Index Scan on sbtest3_pkey  (cost=0.00..34.39 rows=995 width=0)
	              Index Cond: ((id >= 6512265) AND (id <= 6513264))

table 4 : explain SELECT c FROM sbtest4 WHERE id BETWEEN 6035114 AND 6036113 ORDER BY c
	Sort  (cost=3921.10..3923.58 rows=991 width=121)
	  Sort Key: c
	  ->  Index Scan using sbtest4_pkey on sbtest4  (cost=0.43..3871.79 rows=991 width=121)
	        Index Cond: ((id >= 6035114) AND (id <= 6036113))

table 5 : explain SELECT c FROM sbtest5 WHERE id BETWEEN 6869082 AND 6870081 ORDER BY c
	Sort  (cost=4111.53..4114.15 rows=1047 width=121)
	  Sort Key: c
	  ->  Bitmap Heap Scan on sbtest5  (cost=35.17..4059.01 rows=1047 width=121)
	        Recheck Cond: ((id >= 6869082) AND (id <= 6870081))
	        ->  Bitmap Index Scan on sbtest5_pkey  (cost=0.00..34.91 rows=1047 width=0)
	              Index Cond: ((id >= 6869082) AND (id <= 6870081))

table 6 : explain SELECT c FROM sbtest6 WHERE id BETWEEN 3143685 AND 3144684 ORDER BY c
	Sort  (cost=3574.38..3576.62 rows=899 width=121)
	  Sort Key: c
	  ->  Index Scan using sbtest6_pkey on sbtest6  (cost=0.43..3530.27 rows=899 width=121)
	        Index Cond: ((id >= 3143685) AND (id <= 3144684))

table 7 : explain SELECT c FROM sbtest7 WHERE id BETWEEN 1323618 AND 1324617 ORDER BY c
	Sort  (cost=3981.18..3983.68 rows=1003 width=121)
	  Sort Key: c
	  ->  Index Scan using sbtest7_pkey on sbtest7  (cost=0.43..3931.18 rows=1003 width=121)
	        Index Cond: ((id >= 1323618) AND (id <= 1324617))

table 8 : explain SELECT c FROM sbtest8 WHERE id BETWEEN 8117182 AND 8118181 ORDER BY c
	Sort  (cost=3885.91..3888.38 rows=988 width=121)
	  Sort Key: c
	  ->  Bitmap Heap Scan on sbtest8  (cost=34.56..3836.76 rows=988 width=121)
	        Recheck Cond: ((id >= 8117182) AND (id <= 8118181))
	        ->  Bitmap Index Scan on sbtest8_pkey  (cost=0.00..34.32 rows=988 width=0)
	              Index Cond: ((id >= 8117182) AND (id <= 8118181))

for: order_ranges
table 1 : explain SELECT c FROM sbtest1 WHERE id BETWEEN 4113280 AND 4114279 ORDER BY c
	Sort  (cost=3691.29..3693.64 rows=939 width=121)
	  Sort Key: c
	  ->  Bitmap Heap Scan on sbtest1  (cost=34.06..3644.93 rows=939 width=121)
	        Recheck Cond: ((id >= 4113280) AND (id <= 4114279))
	        ->  Bitmap Index Scan on sbtest1_pkey  (cost=0.00..33.83 rows=939 width=0)
	              Index Cond: ((id >= 4113280) AND (id <= 4114279))

table 2 : explain SELECT c FROM sbtest2 WHERE id BETWEEN 44399 AND 45398 ORDER BY c
	Sort  (cost=3844.66..3847.11 rows=978 width=121)
	  Sort Key: c
	  ->  Bitmap Heap Scan on sbtest2  (cost=34.46..3796.09 rows=978 width=121)
	        Recheck Cond: ((id >= 44399) AND (id <= 45398))
	        ->  Bitmap Index Scan on sbtest2_pkey  (cost=0.00..34.22 rows=978 width=0)
	              Index Cond: ((id >= 44399) AND (id <= 45398))

table 3 : explain SELECT c FROM sbtest3 WHERE id BETWEEN 5970803 AND 5971802 ORDER BY c
	Sort  (cost=3997.03..3999.57 rows=1018 width=121)
	  Sort Key: c
	  ->  Bitmap Heap Scan on sbtest3  (cost=34.87..3946.17 rows=1018 width=121)
	        Recheck Cond: ((id >= 5970803) AND (id <= 5971802))
	        ->  Bitmap Index Scan on sbtest3_pkey  (cost=0.00..34.62 rows=1018 width=0)
	              Index Cond: ((id >= 5970803) AND (id <= 5971802))

table 4 : explain SELECT c FROM sbtest4 WHERE id BETWEEN 6591708 AND 6592707 ORDER BY c
	Sort  (cost=4260.20..4262.89 rows=1077 width=121)
	  Sort Key: c
	  ->  Index Scan using sbtest4_pkey on sbtest4  (cost=0.43..4205.96 rows=1077 width=121)
	        Index Cond: ((id >= 6591708) AND (id <= 6592707))

table 5 : explain SELECT c FROM sbtest5 WHERE id BETWEEN 5385602 AND 5386601 ORDER BY c
	Sort  (cost=3942.88..3945.39 rows=1003 width=121)
	  Sort Key: c
	  ->  Bitmap Heap Scan on sbtest5  (cost=34.72..3892.88 rows=1003 width=121)
	        Recheck Cond: ((id >= 5385602) AND (id <= 5386601))
	        ->  Bitmap Index Scan on sbtest5_pkey  (cost=0.00..34.47 rows=1003 width=0)
	              Index Cond: ((id >= 5385602) AND (id <= 5386601))

table 6 : explain SELECT c FROM sbtest6 WHERE id BETWEEN 5763869 AND 5764868 ORDER BY c
	Sort  (cost=3686.05..3688.39 rows=936 width=121)
	  Sort Key: c
	  ->  Bitmap Heap Scan on sbtest6  (cost=34.03..3639.86 rows=936 width=121)
	        Recheck Cond: ((id >= 5763869) AND (id <= 5764868))
	        ->  Bitmap Index Scan on sbtest6_pkey  (cost=0.00..33.80 rows=936 width=0)
	              Index Cond: ((id >= 5763869) AND (id <= 5764868))

table 7 : explain SELECT c FROM sbtest7 WHERE id BETWEEN 1484550 AND 1485549 ORDER BY c
	Sort  (cost=4445.33..4448.16 rows=1133 width=121)
	  Sort Key: c
	  ->  Bitmap Heap Scan on sbtest7  (cost=40.05..4387.85 rows=1133 width=121)
	        Recheck Cond: ((id >= 1484550) AND (id <= 1485549))
	        ->  Bitmap Index Scan on sbtest7_pkey  (cost=0.00..39.77 rows=1133 width=0)
	              Index Cond: ((id >= 1484550) AND (id <= 1485549))

table 8 : explain SELECT c FROM sbtest8 WHERE id BETWEEN 3517020 AND 3518019 ORDER BY c
	Sort  (cost=4429.95..4432.77 rows=1129 width=121)
	  Sort Key: c
	  ->  Bitmap Heap Scan on sbtest8  (cost=40.01..4372.70 rows=1129 width=121)
	        Recheck Cond: ((id >= 3517020) AND (id <= 3518019))
	        ->  Bitmap Index Scan on sbtest8_pkey  (cost=0.00..39.73 rows=1129 width=0)
	              Index Cond: ((id >= 3517020) AND (id <= 3518019))

for: order_ranges
table 1 : explain SELECT c FROM sbtest1 WHERE id BETWEEN 4934321 AND 4935320 ORDER BY c
	Sort  (cost=3932.57..3935.07 rows=1002 width=121)
	  Sort Key: c
	  ->  Bitmap Heap Scan on sbtest1  (cost=34.71..3882.62 rows=1002 width=121)
	        Recheck Cond: ((id >= 4934321) AND (id <= 4935320))
	        ->  Bitmap Index Scan on sbtest1_pkey  (cost=0.00..34.45 rows=1002 width=0)
	              Index Cond: ((id >= 4934321) AND (id <= 4935320))

table 2 : explain SELECT c FROM sbtest2 WHERE id BETWEEN 5764629 AND 5765628 ORDER BY c
	Sort  (cost=3833.16..3835.59 rows=975 width=121)
	  Sort Key: c
	  ->  Bitmap Heap Scan on sbtest2  (cost=34.43..3784.75 rows=975 width=121)
	        Recheck Cond: ((id >= 5764629) AND (id <= 5765628))
	        ->  Bitmap Index Scan on sbtest2_pkey  (cost=0.00..34.19 rows=975 width=0)
	              Index Cond: ((id >= 5764629) AND (id <= 5765628))

table 3 : explain SELECT c FROM sbtest3 WHERE id BETWEEN 1299915 AND 1300914 ORDER BY c
	Sort  (cost=4291.50..4294.24 rows=1095 width=121)
	  Sort Key: c
	  ->  Bitmap Heap Scan on sbtest3  (cost=35.66..4236.22 rows=1095 width=121)
	        Recheck Cond: ((id >= 1299915) AND (id <= 1300914))
	        ->  Bitmap Index Scan on sbtest3_pkey  (cost=0.00..35.39 rows=1095 width=0)
	              Index Cond: ((id >= 1299915) AND (id <= 1300914))

table 4 : explain SELECT c FROM sbtest4 WHERE id BETWEEN 9167465 AND 9168464 ORDER BY c
	Sort  (cost=4500.83..4503.67 rows=1137 width=121)
	  Sort Key: c
	  ->  Index Scan using sbtest4_pkey on sbtest4  (cost=0.43..4443.12 rows=1137 width=121)
	        Index Cond: ((id >= 9167465) AND (id <= 9168464))

table 5 : explain SELECT c FROM sbtest5 WHERE id BETWEEN 8106313 AND 8107312 ORDER BY c
	Sort  (cost=3793.21..3795.62 rows=964 width=121)
	  Sort Key: c
	  ->  Bitmap Heap Scan on sbtest5  (cost=34.32..3745.43 rows=964 width=121)
	        Recheck Cond: ((id >= 8106313) AND (id <= 8107312))
	        ->  Bitmap Index Scan on sbtest5_pkey  (cost=0.00..34.08 rows=964 width=0)
	              Index Cond: ((id >= 8106313) AND (id <= 8107312))

table 6 : explain SELECT c FROM sbtest6 WHERE id BETWEEN 3756642 AND 3757641 ORDER BY c
	Sort  (cost=3977.86..3980.39 rows=1012 width=121)
	  Sort Key: c
	  ->  Bitmap Heap Scan on sbtest6  (cost=34.81..3927.34 rows=1012 width=121)
	        Recheck Cond: ((id >= 3756642) AND (id <= 3757641))
	        ->  Bitmap Index Scan on sbtest6_pkey  (cost=0.00..34.56 rows=1012 width=0)
	              Index Cond: ((id >= 3756642) AND (id <= 3757641))

table 7 : explain SELECT c FROM sbtest7 WHERE id BETWEEN 6374152 AND 6375151 ORDER BY c
	Sort  (cost=3755.70..3758.06 rows=946 width=121)
	  Sort Key: c
	  ->  Index Scan using sbtest7_pkey on sbtest7  (cost=0.43..3708.94 rows=946 width=121)
	        Index Cond: ((id >= 6374152) AND (id <= 6375151))

table 8 : explain SELECT c FROM sbtest8 WHERE id BETWEEN 2086253 AND 2087252 ORDER BY c
	Sort  (cost=3787.88..3790.27 rows=953 width=121)
	  Sort Key: c
	  ->  Index Scan using sbtest8_pkey on sbtest8  (cost=0.43..3740.73 rows=953 width=121)
	        Index Cond: ((id >= 2086253) AND (id <= 2087252))

for: order_ranges
table 1 : explain SELECT c FROM sbtest1 WHERE id BETWEEN 7128606 AND 7129605 ORDER BY c
	Sort  (cost=4043.47..4046.04 rows=1031 width=121)
	  Sort Key: c
	  ->  Bitmap Heap Scan on sbtest1  (cost=35.00..3991.87 rows=1031 width=121)
	        Recheck Cond: ((id >= 7128606) AND (id <= 7129605))
	        ->  Bitmap Index Scan on sbtest1_pkey  (cost=0.00..34.75 rows=1031 width=0)
	              Index Cond: ((id >= 7128606) AND (id <= 7129605))

table 2 : explain SELECT c FROM sbtest2 WHERE id BETWEEN 566205 AND 567204 ORDER BY c
	Sort  (cost=4219.92..4222.61 rows=1076 width=121)
	  Sort Key: c
	  ->  Bitmap Heap Scan on sbtest2  (cost=35.46..4165.73 rows=1076 width=121)
	        Recheck Cond: ((id >= 566205) AND (id <= 567204))
	        ->  Bitmap Index Scan on sbtest2_pkey  (cost=0.00..35.20 rows=1076 width=0)
	              Index Cond: ((id >= 566205) AND (id <= 567204))

table 3 : explain SELECT c FROM sbtest3 WHERE id BETWEEN 9091657 AND 9092656 ORDER BY c
	Sort  (cost=3797.77..3800.19 rows=966 width=121)
	  Sort Key: c
	  ->  Bitmap Heap Scan on sbtest3  (cost=34.34..3749.88 rows=966 width=121)
	        Recheck Cond: ((id >= 9091657) AND (id <= 9092656))
	        ->  Bitmap Index Scan on sbtest3_pkey  (cost=0.00..34.09 rows=966 width=0)
	              Index Cond: ((id >= 9091657) AND (id <= 9092656))

table 4 : explain SELECT c FROM sbtest4 WHERE id BETWEEN 6189084 AND 6190083 ORDER BY c
	Sort  (cost=3842.23..3844.66 rows=971 width=121)
	  Sort Key: c
	  ->  Index Scan using sbtest4_pkey on sbtest4  (cost=0.43..3794.05 rows=971 width=121)
	        Index Cond: ((id >= 6189084) AND (id <= 6190083))

table 5 : explain SELECT c FROM sbtest5 WHERE id BETWEEN 2808569 AND 2809568 ORDER BY c
	Sort  (cost=4517.11..4519.99 rows=1152 width=121)
	  Sort Key: c
	  ->  Bitmap Heap Scan on sbtest5  (cost=40.24..4458.53 rows=1152 width=121)
	        Recheck Cond: ((id >= 2808569) AND (id <= 2809568))
	        ->  Bitmap Index Scan on sbtest5_pkey  (cost=0.00..39.95 rows=1152 width=0)
	              Index Cond: ((id >= 2808569) AND (id <= 2809568))

table 6 : explain SELECT c FROM sbtest6 WHERE id BETWEEN 3345296 AND 3346295 ORDER BY c
	Sort  (cost=3805.16..3807.57 rows=967 width=121)
	  Sort Key: c
	  ->  Bitmap Heap Scan on sbtest6  (cost=34.35..3757.21 rows=967 width=121)
	        Recheck Cond: ((id >= 3345296) AND (id <= 3346295))
	        ->  Bitmap Index Scan on sbtest6_pkey  (cost=0.00..34.11 rows=967 width=0)
	              Index Cond: ((id >= 3345296) AND (id <= 3346295))

table 7 : explain SELECT c FROM sbtest7 WHERE id BETWEEN 8589283 AND 8590282 ORDER BY c
	Sort  (cost=3720.11..3722.45 rows=937 width=121)
	  Sort Key: c
	  ->  Index Scan using sbtest7_pkey on sbtest7  (cost=0.43..3673.86 rows=937 width=121)
	        Index Cond: ((id >= 8589283) AND (id <= 8590282))

table 8 : explain SELECT c FROM sbtest8 WHERE id BETWEEN 8895097 AND 8896096 ORDER BY c
	Sort  (cost=4146.63..4149.27 rows=1056 width=121)
	  Sort Key: c
	  ->  Bitmap Heap Scan on sbtest8  (cost=35.26..4093.60 rows=1056 width=121)
	        Recheck Cond: ((id >= 8895097) AND (id <= 8896096))
	        ->  Bitmap Index Scan on sbtest8_pkey  (cost=0.00..35.00 rows=1056 width=0)
	              Index Cond: ((id >= 8895097) AND (id <= 8896096))

for: sum_ranges
table 1 : explain SELECT SUM(k) FROM sbtest1 WHERE id BETWEEN 9977082 AND 9978081
	Aggregate  (cost=4054.71..4054.72 rows=1 width=8)
	  ->  Bitmap Heap Scan on sbtest1  (cost=35.17..4052.09 rows=1047 width=4)
	        Recheck Cond: ((id >= 9977082) AND (id <= 9978081))
	        ->  Bitmap Index Scan on sbtest1_pkey  (cost=0.00..34.91 rows=1047 width=0)
	              Index Cond: ((id >= 9977082) AND (id <= 9978081))

table 2 : explain SELECT SUM(k) FROM sbtest2 WHERE id BETWEEN 839222 AND 840221
	Aggregate  (cost=3632.06..3632.07 rows=1 width=8)
	  ->  Bitmap Heap Scan on sbtest2  (cost=34.01..3629.73 rows=934 width=4)
	        Recheck Cond: ((id >= 839222) AND (id <= 840221))
	        ->  Bitmap Index Scan on sbtest2_pkey  (cost=0.00..33.78 rows=934 width=0)
	              Index Cond: ((id >= 839222) AND (id <= 840221))

table 3 : explain SELECT SUM(k) FROM sbtest3 WHERE id BETWEEN 6709863 AND 6710862
	Aggregate  (cost=3873.21..3873.22 rows=1 width=8)
	  ->  Bitmap Heap Scan on sbtest3  (cost=34.66..3870.72 rows=998 width=4)
	        Recheck Cond: ((id >= 6709863) AND (id <= 6710862))
	        ->  Bitmap Index Scan on sbtest3_pkey  (cost=0.00..34.42 rows=998 width=0)
	              Index Cond: ((id >= 6709863) AND (id <= 6710862))

table 4 : explain SELECT SUM(k) FROM sbtest4 WHERE id BETWEEN 1937868 AND 1938867
	Aggregate  (cost=3893.70..3893.71 rows=1 width=8)
	  ->  Index Scan using sbtest4_pkey on sbtest4  (cost=0.43..3891.21 rows=996 width=4)
	        Index Cond: ((id >= 1937868) AND (id <= 1938867))

table 5 : explain SELECT SUM(k) FROM sbtest5 WHERE id BETWEEN 5256380 AND 5257379
	Aggregate  (cost=3675.88..3675.89 rows=1 width=8)
	  ->  Bitmap Heap Scan on sbtest5  (cost=34.12..3673.52 rows=945 width=4)
	        Recheck Cond: ((id >= 5256380) AND (id <= 5257379))
	        ->  Bitmap Index Scan on sbtest5_pkey  (cost=0.00..33.89 rows=945 width=0)
	              Index Cond: ((id >= 5256380) AND (id <= 5257379))

table 6 : explain SELECT SUM(k) FROM sbtest6 WHERE id BETWEEN 7511453 AND 7512452
	Aggregate  (cost=4266.09..4266.10 rows=1 width=8)
	  ->  Bitmap Heap Scan on sbtest6  (cost=39.71..4263.34 rows=1100 width=4)
	        Recheck Cond: ((id >= 7511453) AND (id <= 7512452))
	        ->  Bitmap Index Scan on sbtest6_pkey  (cost=0.00..39.44 rows=1100 width=0)
	              Index Cond: ((id >= 7511453) AND (id <= 7512452))

table 7 : explain SELECT SUM(k) FROM sbtest7 WHERE id BETWEEN 6961406 AND 6962405
	Aggregate  (cost=4017.01..4017.02 rows=1 width=8)
	  ->  Bitmap Heap Scan on sbtest7  (cost=35.04..4014.42 rows=1035 width=4)
	        Recheck Cond: ((id >= 6961406) AND (id <= 6962405))
	        ->  Bitmap Index Scan on sbtest7_pkey  (cost=0.00..34.79 rows=1035 width=0)
	              Index Cond: ((id >= 6961406) AND (id <= 6962405))

table 8 : explain SELECT SUM(k) FROM sbtest8 WHERE id BETWEEN 7755493 AND 7756492
	Aggregate  (cost=3766.54..3766.55 rows=1 width=8)
	  ->  Index Scan using sbtest8_pkey on sbtest8  (cost=0.43..3764.14 rows=959 width=4)
	        Index Cond: ((id >= 7755493) AND (id <= 7756492))

for point_selects
table 1 : explain SELECT c FROM sbtest1 WHERE id=1370390
	Index Scan using sbtest1_pkey on sbtest1  (cost=0.43..8.45 rows=1 width=121)
	  Index Cond: (id = 1370390)

table 2 : explain SELECT c FROM sbtest2 WHERE id=2120616
	Index Scan using sbtest2_pkey on sbtest2  (cost=0.43..8.45 rows=1 width=121)
	  Index Cond: (id = 2120616)

table 3 : explain SELECT c FROM sbtest3 WHERE id=6478062
	Index Scan using sbtest3_pkey on sbtest3  (cost=0.43..8.45 rows=1 width=121)
	  Index Cond: (id = 6478062)

table 4 : explain SELECT c FROM sbtest4 WHERE id=9803189
	Index Scan using sbtest4_pkey on sbtest4  (cost=0.43..8.45 rows=1 width=121)
	  Index Cond: (id = 9803189)

table 5 : explain SELECT c FROM sbtest5 WHERE id=4854945
	Index Scan using sbtest5_pkey on sbtest5  (cost=0.43..8.45 rows=1 width=121)
	  Index Cond: (id = 4854945)

table 6 : explain SELECT c FROM sbtest6 WHERE id=8056024
	Index Scan using sbtest6_pkey on sbtest6  (cost=0.43..8.45 rows=1 width=121)
	  Index Cond: (id = 8056024)

table 7 : explain SELECT c FROM sbtest7 WHERE id=3701989
	Index Scan using sbtest7_pkey on sbtest7  (cost=0.43..8.45 rows=1 width=121)
	  Index Cond: (id = 3701989)

table 8 : explain SELECT c FROM sbtest8 WHERE id=1183701
	Index Scan using sbtest8_pkey on sbtest8  (cost=0.43..8.45 rows=1 width=121)
	  Index Cond: (id = 1183701)

for: distinct_ranges
table 1 : explain SELECT DISTINCT c FROM sbtest1 WHERE id BETWEEN 5994650 AND 5995649 ORDER BY c
	Unique  (cost=4035.82..4040.97 rows=1029 width=121)
	  ->  Sort  (cost=4035.82..4038.39 rows=1029 width=121)
	        Sort Key: c
	        ->  Bitmap Heap Scan on sbtest1  (cost=34.98..3984.34 rows=1029 width=121)
	              Recheck Cond: ((id >= 5994650) AND (id <= 5995649))
	              ->  Bitmap Index Scan on sbtest1_pkey  (cost=0.00..34.73 rows=1029 width=0)
	                    Index Cond: ((id >= 5994650) AND (id <= 5995649))

table 2 : explain SELECT DISTINCT c FROM sbtest2 WHERE id BETWEEN 2063872 AND 2064871 ORDER BY c
	Unique  (cost=3925.17..3930.16 rows=999 width=121)
	  ->  Sort  (cost=3925.17..3927.66 rows=999 width=121)
	        Sort Key: c
	        ->  Bitmap Heap Scan on sbtest2  (cost=34.67..3875.40 rows=999 width=121)
	              Recheck Cond: ((id >= 2063872) AND (id <= 2064871))
	              ->  Bitmap Index Scan on sbtest2_pkey  (cost=0.00..34.43 rows=999 width=0)
	                    Index Cond: ((id >= 2063872) AND (id <= 2064871))

table 3 : explain SELECT DISTINCT c FROM sbtest3 WHERE id BETWEEN 1056875 AND 1057874 ORDER BY c
	Unique  (cost=4306.96..4312.45 rows=1098 width=121)
	  ->  Sort  (cost=4306.96..4309.70 rows=1098 width=121)
	        Sort Key: c
	        ->  Bitmap Heap Scan on sbtest3  (cost=39.69..4251.51 rows=1098 width=121)
	              Recheck Cond: ((id >= 1056875) AND (id <= 1057874))
	              ->  Bitmap Index Scan on sbtest3_pkey  (cost=0.00..39.42 rows=1098 width=0)
	                    Index Cond: ((id >= 1056875) AND (id <= 1057874))

table 4 : explain SELECT DISTINCT c FROM sbtest4 WHERE id BETWEEN 8687775 AND 8688774 ORDER BY c
	Unique  (cost=4090.65..4095.82 rows=1034 width=121)
	  ->  Sort  (cost=4090.65..4093.23 rows=1034 width=121)
	        Sort Key: c
	        ->  Index Scan using sbtest4_pkey on sbtest4  (cost=0.43..4038.87 rows=1034 width=121)
	              Index Cond: ((id >= 8687775) AND (id <= 8688774))

table 5 : explain SELECT DISTINCT c FROM sbtest5 WHERE id BETWEEN 1032765 AND 1033764 ORDER BY c
	Unique  (cost=3766.32..3771.11 rows=957 width=121)
	  ->  Sort  (cost=3766.32..3768.71 rows=957 width=121)
	        Sort Key: c
	        ->  Bitmap Heap Scan on sbtest5  (cost=34.24..3718.94 rows=957 width=121)
	              Recheck Cond: ((id >= 1032765) AND (id <= 1033764))
	              ->  Bitmap Index Scan on sbtest5_pkey  (cost=0.00..34.01 rows=957 width=0)
	                    Index Cond: ((id >= 1032765) AND (id <= 1033764))

table 6 : explain SELECT DISTINCT c FROM sbtest6 WHERE id BETWEEN 215663 AND 216662 ORDER BY c
	Unique  (cost=4054.54..4059.70 rows=1032 width=121)
	  ->  Sort  (cost=4054.54..4057.12 rows=1032 width=121)
	        Sort Key: c
	        ->  Bitmap Heap Scan on sbtest6  (cost=35.01..4002.88 rows=1032 width=121)
	              Recheck Cond: ((id >= 215663) AND (id <= 216662))
	              ->  Bitmap Index Scan on sbtest6_pkey  (cost=0.00..34.76 rows=1032 width=0)
	                    Index Cond: ((id >= 215663) AND (id <= 216662))

table 7 : explain SELECT DISTINCT c FROM sbtest7 WHERE id BETWEEN 9576579 AND 9577578 ORDER BY c
	Unique  (cost=3613.31..3617.86 rows=910 width=121)
	  ->  Sort  (cost=3613.31..3615.59 rows=910 width=121)
	        Sort Key: c
	        ->  Index Scan using sbtest7_pkey on sbtest7  (cost=0.43..3568.59 rows=910 width=121)
	              Index Cond: ((id >= 9576579) AND (id <= 9577578))

table 8 : explain SELECT DISTINCT c FROM sbtest8 WHERE id BETWEEN 681667 AND 682666 ORDER BY c
	Unique  (cost=3882.07..3887.00 rows=987 width=121)
	  ->  Sort  (cost=3882.07..3884.53 rows=987 width=121)
	        Sort Key: c
	        ->  Bitmap Heap Scan on sbtest8  (cost=34.55..3832.98 rows=987 width=121)
	              Recheck Cond: ((id >= 681667) AND (id <= 682666))
	              ->  Bitmap Index Scan on sbtest8_pkey  (cost=0.00..34.31 rows=987 width=0)
	                    Index Cond: ((id >= 681667) AND (id <= 682666))

for: sum_ranges
table 1 : explain SELECT SUM(k) FROM sbtest1 WHERE id BETWEEN 7514908 AND 7515907
	Aggregate  (cost=3979.37..3979.38 rows=1 width=8)
	  ->  Bitmap Heap Scan on sbtest1  (cost=34.96..3976.81 rows=1027 width=4)
	        Recheck Cond: ((id >= 7514908) AND (id <= 7515907))
	        ->  Bitmap Index Scan on sbtest1_pkey  (cost=0.00..34.70 rows=1027 width=0)
	              Index Cond: ((id >= 7514908) AND (id <= 7515907))

table 2 : explain SELECT SUM(k) FROM sbtest2 WHERE id BETWEEN 3188700 AND 3189699
	Aggregate  (cost=3503.05..3503.06 rows=1 width=8)
	  ->  Bitmap Heap Scan on sbtest2  (cost=29.67..3500.80 rows=901 width=4)
	        Recheck Cond: ((id >= 3188700) AND (id <= 3189699))
	        ->  Bitmap Index Scan on sbtest2_pkey  (cost=0.00..29.44 rows=901 width=0)
	              Index Cond: ((id >= 3188700) AND (id <= 3189699))

table 3 : explain SELECT SUM(k) FROM sbtest3 WHERE id BETWEEN 5556585 AND 5557584
	Aggregate  (cost=3748.51..3748.52 rows=1 width=8)
	  ->  Bitmap Heap Scan on sbtest3  (cost=34.33..3746.10 rows=965 width=4)
	        Recheck Cond: ((id >= 5556585) AND (id <= 5557584))
	        ->  Bitmap Index Scan on sbtest3_pkey  (cost=0.00..34.09 rows=965 width=0)
	              Index Cond: ((id >= 5556585) AND (id <= 5557584))

table 4 : explain SELECT SUM(k) FROM sbtest4 WHERE id BETWEEN 7992967 AND 7993966
	Aggregate  (cost=4305.98..4305.99 rows=1 width=8)
	  ->  Index Scan using sbtest4_pkey on sbtest4  (cost=0.43..4303.23 rows=1101 width=4)
	        Index Cond: ((id >= 7992967) AND (id <= 7993966))

table 5 : explain SELECT SUM(k) FROM sbtest5 WHERE id BETWEEN 6729538 AND 6730537
	Aggregate  (cost=3694.82..3694.83 rows=1 width=8)
	  ->  Bitmap Heap Scan on sbtest5  (cost=34.17..3692.45 rows=950 width=4)
	        Recheck Cond: ((id >= 6729538) AND (id <= 6730537))
	        ->  Bitmap Index Scan on sbtest5_pkey  (cost=0.00..33.94 rows=950 width=0)
	              Index Cond: ((id >= 6729538) AND (id <= 6730537))

table 6 : explain SELECT SUM(k) FROM sbtest6 WHERE id BETWEEN 4600564 AND 4601563
	Aggregate  (cost=3657.35..3657.36 rows=1 width=8)
	  ->  Bitmap Heap Scan on sbtest6  (cost=34.07..3655.00 rows=940 width=4)
	        Recheck Cond: ((id >= 4600564) AND (id <= 4601563))
	        ->  Bitmap Index Scan on sbtest6_pkey  (cost=0.00..33.84 rows=940 width=0)
	              Index Cond: ((id >= 4600564) AND (id <= 4601563))

table 7 : explain SELECT SUM(k) FROM sbtest7 WHERE id BETWEEN 7118231 AND 7119230
	Aggregate  (cost=4092.55..4092.56 rows=1 width=8)
	  ->  Bitmap Heap Scan on sbtest7  (cost=35.25..4089.91 rows=1055 width=4)
	        Recheck Cond: ((id >= 7118231) AND (id <= 7119230))
	        ->  Bitmap Index Scan on sbtest7_pkey  (cost=0.00..34.98 rows=1055 width=0)
	              Index Cond: ((id >= 7118231) AND (id <= 7119230))

table 8 : explain SELECT SUM(k) FROM sbtest8 WHERE id BETWEEN 1164409 AND 1165408
	Aggregate  (cost=3998.03..3998.04 rows=1 width=8)
	  ->  Bitmap Heap Scan on sbtest8  (cost=34.99..3995.46 rows=1030 width=4)
	        Recheck Cond: ((id >= 1164409) AND (id <= 1165408))
	        ->  Bitmap Index Scan on sbtest8_pkey  (cost=0.00..34.73 rows=1030 width=0)
	              Index Cond: ((id >= 1164409) AND (id <= 1165408))

for: distinct_ranges
table 1 : explain SELECT DISTINCT c FROM sbtest1 WHERE id BETWEEN 2424240 AND 2425239 ORDER BY c
	Unique  (cost=4028.18..4033.31 rows=1027 width=121)
	  ->  Sort  (cost=4028.18..4030.74 rows=1027 width=121)
	        Sort Key: c
	        ->  Bitmap Heap Scan on sbtest1  (cost=34.96..3976.81 rows=1027 width=121)
	              Recheck Cond: ((id >= 2424240) AND (id <= 2425239))
	              ->  Bitmap Index Scan on sbtest1_pkey  (cost=0.00..34.70 rows=1027 width=0)
	                    Index Cond: ((id >= 2424240) AND (id <= 2425239))

table 2 : explain SELECT DISTINCT c FROM sbtest2 WHERE id BETWEEN 3723733 AND 3724732 ORDER BY c
	Unique  (cost=4112.81..4118.05 rows=1048 width=121)
	  ->  Sort  (cost=4112.81..4115.43 rows=1048 width=121)
	        Sort Key: c
	        ->  Bitmap Heap Scan on sbtest2  (cost=35.18..4060.24 rows=1048 width=121)
	              Recheck Cond: ((id >= 3723733) AND (id <= 3724732))
	              ->  Bitmap Index Scan on sbtest2_pkey  (cost=0.00..34.92 rows=1048 width=0)
	                    Index Cond: ((id >= 3723733) AND (id <= 3724732))

table 3 : explain SELECT DISTINCT c FROM sbtest3 WHERE id BETWEEN 519553 AND 520552 ORDER BY c
	Unique  (cost=3625.08..3629.68 rows=921 width=121)
	  ->  Sort  (cost=3625.08..3627.38 rows=921 width=121)
	        Sort Key: c
	        ->  Bitmap Heap Scan on sbtest3  (cost=33.88..3579.73 rows=921 width=121)
	              Recheck Cond: ((id >= 519553) AND (id <= 520552))
	              ->  Bitmap Index Scan on sbtest3_pkey  (cost=0.00..33.65 rows=921 width=0)
	                    Index Cond: ((id >= 519553) AND (id <= 520552))

table 4 : explain SELECT DISTINCT c FROM sbtest4 WHERE id BETWEEN 4776222 AND 4777221 ORDER BY c
	Unique  (cost=3530.70..3535.16 rows=893 width=121)
	  ->  Sort  (cost=3530.70..3532.93 rows=893 width=121)
	        Sort Key: c
	        ->  Index Scan using sbtest4_pkey on sbtest4  (cost=0.43..3486.93 rows=893 width=121)
	              Index Cond: ((id >= 4776222) AND (id <= 4777221))

table 5 : explain SELECT DISTINCT c FROM sbtest5 WHERE id BETWEEN 5268555 AND 5269554 ORDER BY c
	Unique  (cost=3720.22..3724.95 rows=945 width=121)
	  ->  Sort  (cost=3720.22..3722.59 rows=945 width=121)
	        Sort Key: c
	        ->  Bitmap Heap Scan on sbtest5  (cost=34.12..3673.52 rows=945 width=121)
	              Recheck Cond: ((id >= 5268555) AND (id <= 5269554))
	              ->  Bitmap Index Scan on sbtest5_pkey  (cost=0.00..33.89 rows=945 width=0)
	                    Index Cond: ((id >= 5268555) AND (id <= 5269554))

table 6 : explain SELECT DISTINCT c FROM sbtest6 WHERE id BETWEEN 6902297 AND 6903296 ORDER BY c
	Unique  (cost=3632.22..3636.83 rows=922 width=121)
	  ->  Sort  (cost=3632.22..3634.53 rows=922 width=121)
	        Sort Key: c
	        ->  Bitmap Heap Scan on sbtest6  (cost=33.89..3586.82 rows=922 width=121)
	              Recheck Cond: ((id >= 6902297) AND (id <= 6903296))
	              ->  Bitmap Index Scan on sbtest6_pkey  (cost=0.00..33.66 rows=922 width=0)
	                    Index Cond: ((id >= 6902297) AND (id <= 6903296))

table 7 : explain SELECT DISTINCT c FROM sbtest7 WHERE id BETWEEN 7775158 AND 7776157 ORDER BY c
	Unique  (cost=4039.42..4044.56 rows=1028 width=121)
	  ->  Sort  (cost=4039.42..4041.99 rows=1028 width=121)
	        Sort Key: c
	        ->  Bitmap Heap Scan on sbtest7  (cost=34.97..3987.99 rows=1028 width=121)
	              Recheck Cond: ((id >= 7775158) AND (id <= 7776157))
	              ->  Bitmap Index Scan on sbtest7_pkey  (cost=0.00..34.72 rows=1028 width=0)
	                    Index Cond: ((id >= 7775158) AND (id <= 7776157))

table 8 : explain SELECT DISTINCT c FROM sbtest8 WHERE id BETWEEN 5195784 AND 5196783 ORDER BY c
	Unique  (cost=3807.68..3812.47 rows=958 width=121)
	  ->  Sort  (cost=3807.68..3810.07 rows=958 width=121)
	        Sort Key: c
	        ->  Index Scan using sbtest8_pkey on sbtest8  (cost=0.43..3760.24 rows=958 width=121)
	              Index Cond: ((id >= 5195784) AND (id <= 5196783))

for point_selects
table 1 : explain SELECT c FROM sbtest1 WHERE id=9949596
	Index Scan using sbtest1_pkey on sbtest1  (cost=0.43..8.45 rows=1 width=121)
	  Index Cond: (id = 9949596)

table 2 : explain SELECT c FROM sbtest2 WHERE id=625659
	Index Scan using sbtest2_pkey on sbtest2  (cost=0.43..8.45 rows=1 width=121)
	  Index Cond: (id = 625659)

table 3 : explain SELECT c FROM sbtest3 WHERE id=2830669
	Index Scan using sbtest3_pkey on sbtest3  (cost=0.43..8.45 rows=1 width=121)
	  Index Cond: (id = 2830669)

table 4 : explain SELECT c FROM sbtest4 WHERE id=5998897
	Index Scan using sbtest4_pkey on sbtest4  (cost=0.43..8.45 rows=1 width=121)
	  Index Cond: (id = 5998897)

table 5 : explain SELECT c FROM sbtest5 WHERE id=9056101
	Index Scan using sbtest5_pkey on sbtest5  (cost=0.43..8.45 rows=1 width=121)
	  Index Cond: (id = 9056101)

table 6 : explain SELECT c FROM sbtest6 WHERE id=3971477
	Index Scan using sbtest6_pkey on sbtest6  (cost=0.43..8.45 rows=1 width=121)
	  Index Cond: (id = 3971477)

table 7 : explain SELECT c FROM sbtest7 WHERE id=5693009
	Index Scan using sbtest7_pkey on sbtest7  (cost=0.43..8.45 rows=1 width=121)
	  Index Cond: (id = 5693009)

table 8 : explain SELECT c FROM sbtest8 WHERE id=8443443
	Index Scan using sbtest8_pkey on sbtest8  (cost=0.43..8.45 rows=1 width=121)
	  Index Cond: (id = 8443443)

for: sum_ranges
table 1 : explain SELECT SUM(k) FROM sbtest1 WHERE id BETWEEN 1024255 AND 1025254
	Aggregate  (cost=3583.01..3583.02 rows=1 width=8)
	  ->  Bitmap Heap Scan on sbtest1  (cost=33.89..3580.70 rows=922 width=4)
	        Recheck Cond: ((id >= 1024255) AND (id <= 1025254))
	        ->  Bitmap Index Scan on sbtest1_pkey  (cost=0.00..33.66 rows=922 width=0)
	              Index Cond: ((id >= 1024255) AND (id <= 1025254))

table 2 : explain SELECT SUM(k) FROM sbtest2 WHERE id BETWEEN 3291085 AND 3292084
	Aggregate  (cost=3503.05..3503.06 rows=1 width=8)
	  ->  Bitmap Heap Scan on sbtest2  (cost=29.67..3500.80 rows=901 width=4)
	        Recheck Cond: ((id >= 3291085) AND (id <= 3292084))
	        ->  Bitmap Index Scan on sbtest2_pkey  (cost=0.00..29.44 rows=901 width=0)
	              Index Cond: ((id >= 3291085) AND (id <= 3292084))

table 3 : explain SELECT SUM(k) FROM sbtest3 WHERE id BETWEEN 576717 AND 577716
	Aggregate  (cost=3582.03..3582.04 rows=1 width=8)
	  ->  Bitmap Heap Scan on sbtest3  (cost=33.88..3579.73 rows=921 width=4)
	        Recheck Cond: ((id >= 576717) AND (id <= 577716))
	        ->  Bitmap Index Scan on sbtest3_pkey  (cost=0.00..33.65 rows=921 width=0)
	              Index Cond: ((id >= 576717) AND (id <= 577716))

table 4 : explain SELECT SUM(k) FROM sbtest4 WHERE id BETWEEN 6593683 AND 6594682
	Aggregate  (cost=4208.65..4208.66 rows=1 width=8)
	  ->  Index Scan using sbtest4_pkey on sbtest4  (cost=0.43..4205.96 rows=1077 width=4)
	        Index Cond: ((id >= 6593683) AND (id <= 6594682))

table 5 : explain SELECT SUM(k) FROM sbtest5 WHERE id BETWEEN 3486763 AND 3487762
	Aggregate  (cost=3868.92..3868.93 rows=1 width=8)
	  ->  Bitmap Heap Scan on sbtest5  (cost=34.64..3866.43 rows=996 width=4)
	        Recheck Cond: ((id >= 3486763) AND (id <= 3487762))
	        ->  Bitmap Index Scan on sbtest5_pkey  (cost=0.00..34.40 rows=996 width=0)
	              Index Cond: ((id >= 3486763) AND (id <= 3487762))

table 6 : explain SELECT SUM(k) FROM sbtest6 WHERE id BETWEEN 322724 AND 323723
	Aggregate  (cost=3740.69..3740.70 rows=1 width=8)
	  ->  Bitmap Heap Scan on sbtest6  (cost=34.30..3738.29 rows=962 width=4)
	        Recheck Cond: ((id >= 322724) AND (id <= 323723))
	        ->  Bitmap Index Scan on sbtest6_pkey  (cost=0.00..34.06 rows=962 width=0)
	              Index Cond: ((id >= 322724) AND (id <= 323723))

table 7 : explain SELECT SUM(k) FROM sbtest7 WHERE id BETWEEN 9864463 AND 9865462
	Aggregate  (cost=3789.34..3789.35 rows=1 width=8)
	  ->  Index Scan using sbtest7_pkey on sbtest7  (cost=0.43..3786.93 rows=966 width=4)
	        Index Cond: ((id >= 9864463) AND (id <= 9865462))

table 8 : explain SELECT SUM(k) FROM sbtest8 WHERE id BETWEEN 7267777 AND 7268776
	Aggregate  (cost=4164.17..4164.18 rows=1 width=8)
	  ->  Bitmap Heap Scan on sbtest8  (cost=35.44..4161.49 rows=1074 width=4)
	        Recheck Cond: ((id >= 7267777) AND (id <= 7268776))
	        ->  Bitmap Index Scan on sbtest8_pkey  (cost=0.00..35.18 rows=1074 width=0)
	              Index Cond: ((id >= 7267777) AND (id <= 7268776))

for: sum_ranges
table 1 : explain SELECT SUM(k) FROM sbtest1 WHERE id BETWEEN 391960 AND 392959
	Aggregate  (cost=4103.65..4103.66 rows=1 width=8)
	  ->  Bitmap Heap Scan on sbtest1  (cost=35.30..4101.00 rows=1060 width=4)
	        Recheck Cond: ((id >= 391960) AND (id <= 392959))
	        ->  Bitmap Index Scan on sbtest1_pkey  (cost=0.00..35.04 rows=1060 width=0)
	              Index Cond: ((id >= 391960) AND (id <= 392959))

table 2 : explain SELECT SUM(k) FROM sbtest2 WHERE id BETWEEN 9805567 AND 9806566
	Aggregate  (cost=3991.17..3991.18 rows=1 width=8)
	  ->  Bitmap Heap Scan on sbtest2  (cost=34.98..3988.60 rows=1029 width=4)
	        Recheck Cond: ((id >= 9805567) AND (id <= 9806566))
	        ->  Bitmap Index Scan on sbtest2_pkey  (cost=0.00..34.73 rows=1029 width=0)
	              Index Cond: ((id >= 9805567) AND (id <= 9806566))

table 3 : explain SELECT SUM(k) FROM sbtest3 WHERE id BETWEEN 2973926 AND 2974925
	Aggregate  (cost=3869.43..3869.44 rows=1 width=8)
	  ->  Bitmap Heap Scan on sbtest3  (cost=34.65..3866.94 rows=997 width=4)
	        Recheck Cond: ((id >= 2973926) AND (id <= 2974925))
	        ->  Bitmap Index Scan on sbtest3_pkey  (cost=0.00..34.41 rows=997 width=0)
	              Index Cond: ((id >= 2973926) AND (id <= 2974925))

table 4 : explain SELECT SUM(k) FROM sbtest4 WHERE id BETWEEN 5758100 AND 5759099
	Aggregate  (cost=4080.33..4080.34 rows=1 width=8)
	  ->  Index Scan using sbtest4_pkey on sbtest4  (cost=0.43..4077.72 rows=1044 width=4)
	        Index Cond: ((id >= 5758100) AND (id <= 5759099))

table 5 : explain SELECT SUM(k) FROM sbtest5 WHERE id BETWEEN 1345000 AND 1345999
	Aggregate  (cost=4012.54..4012.55 rows=1 width=8)
	  ->  Bitmap Heap Scan on sbtest5  (cost=35.03..4009.95 rows=1034 width=4)
	        Recheck Cond: ((id >= 1345000) AND (id <= 1345999))
	        ->  Bitmap Index Scan on sbtest5_pkey  (cost=0.00..34.78 rows=1034 width=0)
	              Index Cond: ((id >= 1345000) AND (id <= 1345999))

table 6 : explain SELECT SUM(k) FROM sbtest6 WHERE id BETWEEN 2230508 AND 2231507
	Aggregate  (cost=3744.48..3744.49 rows=1 width=8)
	  ->  Bitmap Heap Scan on sbtest6  (cost=34.31..3742.07 rows=963 width=4)
	        Recheck Cond: ((id >= 2230508) AND (id <= 2231507))
	        ->  Bitmap Index Scan on sbtest6_pkey  (cost=0.00..34.07 rows=963 width=0)
	              Index Cond: ((id >= 2230508) AND (id <= 2231507))

table 7 : explain SELECT SUM(k) FROM sbtest7 WHERE id BETWEEN 4489940 AND 4490939
	Aggregate  (cost=3879.08..3879.09 rows=1 width=8)
	  ->  Index Scan using sbtest7_pkey on sbtest7  (cost=0.43..3876.61 rows=989 width=4)
	        Index Cond: ((id >= 4489940) AND (id <= 4490939))

table 8 : explain SELECT SUM(k) FROM sbtest8 WHERE id BETWEEN 5065637 AND 5066636
	Aggregate  (cost=3739.18..3739.19 rows=1 width=8)
	  ->  Index Scan using sbtest8_pkey on sbtest8  (cost=0.43..3736.80 rows=952 width=4)
	        Index Cond: ((id >= 5065637) AND (id <= 5066636))

for: distinct_ranges
table 1 : explain SELECT DISTINCT c FROM sbtest1 WHERE id BETWEEN 16297 AND 17296 ORDER BY c
	Unique  (cost=3955.52..3960.56 rows=1008 width=121)
	  ->  Sort  (cost=3955.52..3958.04 rows=1008 width=121)
	        Sort Key: c
	        ->  Bitmap Heap Scan on sbtest1  (cost=34.77..3905.23 rows=1008 width=121)
	              Recheck Cond: ((id >= 16297) AND (id <= 17296))
	              ->  Bitmap Index Scan on sbtest1_pkey  (cost=0.00..34.52 rows=1008 width=0)
	                    Index Cond: ((id >= 16297) AND (id <= 17296))

table 2 : explain SELECT DISTINCT c FROM sbtest2 WHERE id BETWEEN 3919492 AND 3920491 ORDER BY c
	Unique  (cost=3974.98..3980.04 rows=1012 width=121)
	  ->  Sort  (cost=3974.98..3977.51 rows=1012 width=121)
	        Sort Key: c
	        ->  Bitmap Heap Scan on sbtest2  (cost=34.81..3924.46 rows=1012 width=121)
	              Recheck Cond: ((id >= 3919492) AND (id <= 3920491))
	              ->  Bitmap Index Scan on sbtest2_pkey  (cost=0.00..34.56 rows=1012 width=0)
	                    Index Cond: ((id >= 3919492) AND (id <= 3920491))

table 3 : explain SELECT DISTINCT c FROM sbtest3 WHERE id BETWEEN 943695 AND 944694 ORDER BY c
	Unique  (cost=4161.56..4166.86 rows=1061 width=121)
	  ->  Sort  (cost=4161.56..4164.21 rows=1061 width=121)
	        Sort Key: c
	        ->  Bitmap Heap Scan on sbtest3  (cost=35.31..4108.24 rows=1061 width=121)
	              Recheck Cond: ((id >= 943695) AND (id <= 944694))
	              ->  Bitmap Index Scan on sbtest3_pkey  (cost=0.00..35.05 rows=1061 width=0)
	                    Index Cond: ((id >= 943695) AND (id <= 944694))

table 4 : explain SELECT DISTINCT c FROM sbtest4 WHERE id BETWEEN 7466013 AND 7467012 ORDER BY c
	Unique  (cost=3826.47..3831.30 rows=967 width=121)
	  ->  Sort  (cost=3826.47..3828.88 rows=967 width=121)
	        Sort Key: c
	        ->  Index Scan using sbtest4_pkey on sbtest4  (cost=0.43..3778.52 rows=967 width=121)
	              Index Cond: ((id >= 7466013) AND (id <= 7467012))

table 5 : explain SELECT DISTINCT c FROM sbtest5 WHERE id BETWEEN 6146954 AND 6147953 ORDER BY c
	Unique  (cost=4268.48..4273.92 rows=1088 width=121)
	  ->  Sort  (cost=4268.48..4271.20 rows=1088 width=121)
	        Sort Key: c
	        ->  Bitmap Heap Scan on sbtest5  (cost=35.59..4213.60 rows=1088 width=121)
	              Recheck Cond: ((id >= 6146954) AND (id <= 6147953))
	              ->  Bitmap Index Scan on sbtest5_pkey  (cost=0.00..35.32 rows=1088 width=0)
	                    Index Cond: ((id >= 6146954) AND (id <= 6147953))

table 6 : explain SELECT DISTINCT c FROM sbtest6 WHERE id BETWEEN 1950960 AND 1951959 ORDER BY c
	Unique  (cost=3870.43..3875.35 rows=984 width=121)
	  ->  Sort  (cost=3870.43..3872.89 rows=984 width=121)
	        Sort Key: c
	        ->  Bitmap Heap Scan on sbtest6  (cost=34.52..3821.51 rows=984 width=121)
	              Recheck Cond: ((id >= 1950960) AND (id <= 1951959))
	              ->  Bitmap Index Scan on sbtest6_pkey  (cost=0.00..34.28 rows=984 width=0)
	                    Index Cond: ((id >= 1950960) AND (id <= 1951959))

table 7 : explain SELECT DISTINCT c FROM sbtest7 WHERE id BETWEEN 2538027 AND 2539026 ORDER BY c
	Unique  (cost=3751.75..3756.47 rows=945 width=121)
	  ->  Sort  (cost=3751.75..3754.11 rows=945 width=121)
	        Sort Key: c
	        ->  Index Scan using sbtest7_pkey on sbtest7  (cost=0.43..3705.04 rows=945 width=121)
	              Index Cond: ((id >= 2538027) AND (id <= 2539026))

table 8 : explain SELECT DISTINCT c FROM sbtest8 WHERE id BETWEEN 1566639 AND 1567638 ORDER BY c
	Unique  (cost=4280.62..4286.08 rows=1091 width=121)
	  ->  Sort  (cost=4280.62..4283.35 rows=1091 width=121)
	        Sort Key: c
	        ->  Bitmap Heap Scan on sbtest8  (cost=35.62..4225.57 rows=1091 width=121)
	              Recheck Cond: ((id >= 1566639) AND (id <= 1567638))
	              ->  Bitmap Index Scan on sbtest8_pkey  (cost=0.00..35.34 rows=1091 width=0)
	                    Index Cond: ((id >= 1566639) AND (id <= 1567638))

for point_selects
table 1 : explain SELECT c FROM sbtest1 WHERE id=8818576
	Index Scan using sbtest1_pkey on sbtest1  (cost=0.43..8.45 rows=1 width=121)
	  Index Cond: (id = 8818576)

table 2 : explain SELECT c FROM sbtest2 WHERE id=233822
	Index Scan using sbtest2_pkey on sbtest2  (cost=0.43..8.45 rows=1 width=121)
	  Index Cond: (id = 233822)

table 3 : explain SELECT c FROM sbtest3 WHERE id=4980760
	Index Scan using sbtest3_pkey on sbtest3  (cost=0.43..8.45 rows=1 width=121)
	  Index Cond: (id = 4980760)

table 4 : explain SELECT c FROM sbtest4 WHERE id=7514725
	Index Scan using sbtest4_pkey on sbtest4  (cost=0.43..8.45 rows=1 width=121)
	  Index Cond: (id = 7514725)

table 5 : explain SELECT c FROM sbtest5 WHERE id=550149
	Index Scan using sbtest5_pkey on sbtest5  (cost=0.43..8.45 rows=1 width=121)
	  Index Cond: (id = 550149)

table 6 : explain SELECT c FROM sbtest6 WHERE id=5545935
	Index Scan using sbtest6_pkey on sbtest6  (cost=0.43..8.45 rows=1 width=121)
	  Index Cond: (id = 5545935)

table 7 : explain SELECT c FROM sbtest7 WHERE id=9532678
	Index Scan using sbtest7_pkey on sbtest7  (cost=0.43..8.45 rows=1 width=121)
	  Index Cond: (id = 9532678)

table 8 : explain SELECT c FROM sbtest8 WHERE id=1327887
	Index Scan using sbtest8_pkey on sbtest8  (cost=0.43..8.45 rows=1 width=121)
	  Index Cond: (id = 1327887)

explain: for point_selects :: explain SELECT c FROM sbtest%u WHERE id=%u
for: distinct_ranges
table 1 : explain SELECT DISTINCT c FROM sbtest1 WHERE id BETWEEN 970388 AND 971387 ORDER BY c
	Unique  (cost=3810.08..3814.93 rows=970 width=121)
	  ->  Sort  (cost=3810.08..3812.50 rows=970 width=121)
	        Sort Key: c
	        ->  Bitmap Heap Scan on sbtest1  (cost=34.38..3761.96 rows=970 width=121)
	              Recheck Cond: ((id >= 970388) AND (id <= 971387))
	              ->  Bitmap Index Scan on sbtest1_pkey  (cost=0.00..34.14 rows=970 width=0)
	                    Index Cond: ((id >= 970388) AND (id <= 971387))

table 2 : explain SELECT DISTINCT c FROM sbtest2 WHERE id BETWEEN 1785681 AND 1786680 ORDER BY c
	Unique  (cost=3714.21..3718.93 rows=944 width=121)
	  ->  Sort  (cost=3714.21..3716.57 rows=944 width=121)
	        Sort Key: c
	        ->  Bitmap Heap Scan on sbtest2  (cost=34.11..3667.56 rows=944 width=121)
	              Recheck Cond: ((id >= 1785681) AND (id <= 1786680))
	              ->  Bitmap Index Scan on sbtest2_pkey  (cost=0.00..33.88 rows=944 width=0)
	                    Index Cond: ((id >= 1785681) AND (id <= 1786680))

table 3 : explain SELECT DISTINCT c FROM sbtest3 WHERE id BETWEEN 7133227 AND 7134226 ORDER BY c
	Unique  (cost=4150.09..4155.38 rows=1058 width=121)
	  ->  Sort  (cost=4150.09..4152.73 rows=1058 width=121)
	        Sort Key: c
	        ->  Bitmap Heap Scan on sbtest3  (cost=35.28..4096.94 rows=1058 width=121)
	              Recheck Cond: ((id >= 7133227) AND (id <= 7134226))
	              ->  Bitmap Index Scan on sbtest3_pkey  (cost=0.00..35.02 rows=1058 width=0)
	                    Index Cond: ((id >= 7133227) AND (id <= 7134226))

table 4 : explain SELECT DISTINCT c FROM sbtest4 WHERE id BETWEEN 6508428 AND 6509427 ORDER BY c
	Unique  (cost=4256.26..4261.64 rows=1076 width=121)
	  ->  Sort  (cost=4256.26..4258.95 rows=1076 width=121)
	        Sort Key: c
	        ->  Index Scan using sbtest4_pkey on sbtest4  (cost=0.43..4202.07 rows=1076 width=121)
	              Index Cond: ((id >= 6508428) AND (id <= 6509427))

table 5 : explain SELECT DISTINCT c FROM sbtest5 WHERE id BETWEEN 9156491 AND 9157490 ORDER BY c
	Unique  (cost=3804.73..3809.56 rows=967 width=121)
	  ->  Sort  (cost=3804.73..3807.14 rows=967 width=121)
	        Sort Key: c
	        ->  Bitmap Heap Scan on sbtest5  (cost=34.35..3756.77 rows=967 width=121)
	              Recheck Cond: ((id >= 9156491) AND (id <= 9157490))
	              ->  Bitmap Index Scan on sbtest5_pkey  (cost=0.00..34.11 rows=967 width=0)
	                    Index Cond: ((id >= 9156491) AND (id <= 9157490))

table 6 : explain SELECT DISTINCT c FROM sbtest6 WHERE id BETWEEN 5087422 AND 5088421 ORDER BY c
	Unique  (cost=3962.51..3967.55 rows=1008 width=121)
	  ->  Sort  (cost=3962.51..3965.03 rows=1008 width=121)
	        Sort Key: c
	        ->  Bitmap Heap Scan on sbtest6  (cost=34.77..3912.23 rows=1008 width=121)
	              Recheck Cond: ((id >= 5087422) AND (id <= 5088421))
	              ->  Bitmap Index Scan on sbtest6_pkey  (cost=0.00..34.52 rows=1008 width=0)
	                    Index Cond: ((id >= 5087422) AND (id <= 5088421))

table 7 : explain SELECT DISTINCT c FROM sbtest7 WHERE id BETWEEN 6821713 AND 6822712 ORDER BY c
	Unique  (cost=3997.00..4002.03 rows=1007 width=121)
	  ->  Sort  (cost=3997.00..3999.51 rows=1007 width=121)
	        Sort Key: c
	        ->  Index Scan using sbtest7_pkey on sbtest7  (cost=0.43..3946.77 rows=1007 width=121)
	              Index Cond: ((id >= 6821713) AND (id <= 6822712))

table 8 : explain SELECT DISTINCT c FROM sbtest8 WHERE id BETWEEN 4799335 AND 4800334 ORDER BY c
	Unique  (cost=3954.97..3960.00 rows=1006 width=121)
	  ->  Sort  (cost=3954.97..3957.49 rows=1006 width=121)
	        Sort Key: c
	        ->  Bitmap Heap Scan on sbtest8  (cost=34.75..3904.80 rows=1006 width=121)
	              Recheck Cond: ((id >= 4799335) AND (id <= 4800334))
	              ->  Bitmap Index Scan on sbtest8_pkey  (cost=0.00..34.50 rows=1006 width=0)
	                    Index Cond: ((id >= 4799335) AND (id <= 4800334))

explain: for point_selects :: explain SELECT c FROM sbtest%u WHERE id=%u
for: order_ranges
table 1 : explain SELECT c FROM sbtest1 WHERE id BETWEEN 2211782 AND 2212781 ORDER BY c
	Sort  (cost=4108.43..4111.05 rows=1048 width=121)
	  Sort Key: c
	  ->  Bitmap Heap Scan on sbtest1  (cost=35.18..4055.86 rows=1048 width=121)
	        Recheck Cond: ((id >= 2211782) AND (id <= 2212781))
	        ->  Bitmap Index Scan on sbtest1_pkey  (cost=0.00..34.92 rows=1048 width=0)
	              Index Cond: ((id >= 2211782) AND (id <= 2212781))

table 2 : explain SELECT c FROM sbtest2 WHERE id BETWEEN 7503198 AND 7504197 ORDER BY c
	Sort  (cost=4120.47..4123.09 rows=1050 width=121)
	  Sort Key: c
	  ->  Bitmap Heap Scan on sbtest2  (cost=35.20..4067.78 rows=1050 width=121)
	        Recheck Cond: ((id >= 7503198) AND (id <= 7504197))
	        ->  Bitmap Index Scan on sbtest2_pkey  (cost=0.00..34.94 rows=1050 width=0)
	              Index Cond: ((id >= 7503198) AND (id <= 7504197))

table 3 : explain SELECT c FROM sbtest3 WHERE id BETWEEN 2717515 AND 2718514 ORDER BY c
	Sort  (cost=4264.76..4267.48 rows=1088 width=121)
	  Sort Key: c
	  ->  Bitmap Heap Scan on sbtest3  (cost=35.59..4209.88 rows=1088 width=121)
	        Recheck Cond: ((id >= 2717515) AND (id <= 2718514))
	        ->  Bitmap Index Scan on sbtest3_pkey  (cost=0.00..35.32 rows=1088 width=0)
	              Index Cond: ((id >= 2717515) AND (id <= 2718514))

table 4 : explain SELECT c FROM sbtest4 WHERE id BETWEEN 8114040 AND 8115039 ORDER BY c
	Sort  (cost=4540.29..4543.16 rows=1147 width=121)
	  Sort Key: c
	  ->  Index Scan using sbtest4_pkey on sbtest4  (cost=0.43..4482.01 rows=1147 width=121)
	        Index Cond: ((id >= 8114040) AND (id <= 8115039))

table 5 : explain SELECT c FROM sbtest5 WHERE id BETWEEN 7685275 AND 7686274 ORDER BY c
	Sort  (cost=4260.83..4263.54 rows=1086 width=121)
	  Sort Key: c
	  ->  Bitmap Heap Scan on sbtest5  (cost=35.57..4206.07 rows=1086 width=121)
	        Recheck Cond: ((id >= 7685275) AND (id <= 7686274))
	        ->  Bitmap Index Scan on sbtest5_pkey  (cost=0.00..35.30 rows=1086 width=0)
	              Index Cond: ((id >= 7685275) AND (id <= 7686274))

table 6 : explain SELECT c FROM sbtest6 WHERE id BETWEEN 993848 AND 994847 ORDER BY c
	Sort  (cost=4096.69..4099.30 rows=1043 width=121)
	  Sort Key: c
	  ->  Bitmap Heap Scan on sbtest6  (cost=35.13..4044.40 rows=1043 width=121)
	        Recheck Cond: ((id >= 993848) AND (id <= 994847))
	        ->  Bitmap Index Scan on sbtest6_pkey  (cost=0.00..34.87 rows=1043 width=0)
	              Index Cond: ((id >= 993848) AND (id <= 994847))

table 7 : explain SELECT c FROM sbtest7 WHERE id BETWEEN 7101346 AND 7102345 ORDER BY c
	Sort  (cost=3985.13..3987.64 rows=1004 width=121)
	  Sort Key: c
	  ->  Index Scan using sbtest7_pkey on sbtest7  (cost=0.43..3935.07 rows=1004 width=121)
	        Index Cond: ((id >= 7101346) AND (id <= 7102345))

table 8 : explain SELECT c FROM sbtest8 WHERE id BETWEEN 1633525 AND 1634524 ORDER BY c
	Sort  (cost=3633.42..3635.71 rows=914 width=121)
	  Sort Key: c
	  ->  Index Scan using sbtest8_pkey on sbtest8  (cost=0.43..3588.47 rows=914 width=121)
	        Index Cond: ((id >= 1633525) AND (id <= 1634524))

for: simple_ranges
table 1 : explain SELECT c FROM sbtest1 WHERE id BETWEEN 5059449 AND 5060448
	Bitmap Heap Scan on sbtest1  (cost=34.86..3939.14 rows=1017 width=121)
	  Recheck Cond: ((id >= 5059449) AND (id <= 5060448))
	  ->  Bitmap Index Scan on sbtest1_pkey  (cost=0.00..34.61 rows=1017 width=0)
	        Index Cond: ((id >= 5059449) AND (id <= 5060448))

table 2 : explain SELECT c FROM sbtest2 WHERE id BETWEEN 665510 AND 666509
	Bitmap Heap Scan on sbtest2  (cost=34.43..3784.75 rows=975 width=121)
	  Recheck Cond: ((id >= 665510) AND (id <= 666509))
	  ->  Bitmap Index Scan on sbtest2_pkey  (cost=0.00..34.19 rows=975 width=0)
	        Index Cond: ((id >= 665510) AND (id <= 666509))

table 3 : explain SELECT c FROM sbtest3 WHERE id BETWEEN 4370503 AND 4371502
	Bitmap Heap Scan on sbtest3  (cost=35.65..4232.46 rows=1094 width=121)
	  Recheck Cond: ((id >= 4370503) AND (id <= 4371502))
	  ->  Bitmap Index Scan on sbtest3_pkey  (cost=0.00..35.38 rows=1094 width=0)
	        Index Cond: ((id >= 4370503) AND (id <= 4371502))

table 4 : explain SELECT c FROM sbtest4 WHERE id BETWEEN 5819074 AND 5820073
	Index Scan using sbtest4_pkey on sbtest4  (cost=0.43..4077.72 rows=1044 width=121)
	  Index Cond: ((id >= 5819074) AND (id <= 5820073))

table 5 : explain SELECT c FROM sbtest5 WHERE id BETWEEN 3604244 AND 3605243
	Bitmap Heap Scan on sbtest5  (cost=29.73..3525.57 rows=907 width=121)
	  Recheck Cond: ((id >= 3604244) AND (id <= 3605243))
	  ->  Bitmap Index Scan on sbtest5_pkey  (cost=0.00..29.50 rows=907 width=0)
	        Index Cond: ((id >= 3604244) AND (id <= 3605243))

table 6 : explain SELECT c FROM sbtest6 WHERE id BETWEEN 9335315 AND 9336314
	Bitmap Heap Scan on sbtest6  (cost=34.54..3829.07 rows=986 width=121)
	  Recheck Cond: ((id >= 9335315) AND (id <= 9336314))
	  ->  Bitmap Index Scan on sbtest6_pkey  (cost=0.00..34.30 rows=986 width=0)
	        Index Cond: ((id >= 9335315) AND (id <= 9336314))

table 7 : explain SELECT c FROM sbtest7 WHERE id BETWEEN 18314 AND 19313
	Index Scan using sbtest7_pkey on sbtest7  (cost=0.43..3899.99 rows=995 width=121)
	  Index Cond: ((id >= 18314) AND (id <= 19313))

table 8 : explain SELECT c FROM sbtest8 WHERE id BETWEEN 9605585 AND 9606584
	Bitmap Heap Scan on sbtest8  (cost=34.92..3969.02 rows=1023 width=121)
	  Recheck Cond: ((id >= 9605585) AND (id <= 9606584))
	  ->  Bitmap Index Scan on sbtest8_pkey  (cost=0.00..34.67 rows=1023 width=0)
	        Index Cond: ((id >= 9605585) AND (id <= 9606584))

for: simple_ranges
table 1 : explain SELECT c FROM sbtest1 WHERE id BETWEEN 8324194 AND 8325193
	Bitmap Heap Scan on sbtest1  (cost=29.21..3326.97 rows=856 width=121)
	  Recheck Cond: ((id >= 8324194) AND (id <= 8325193))
	  ->  Bitmap Index Scan on sbtest1_pkey  (cost=0.00..29.00 rows=856 width=0)
	        Index Cond: ((id >= 8324194) AND (id <= 8325193))

table 2 : explain SELECT c FROM sbtest2 WHERE id BETWEEN 8204421 AND 8205420
	Bitmap Heap Scan on sbtest2  (cost=35.22..4075.31 rows=1052 width=121)
	  Recheck Cond: ((id >= 8204421) AND (id <= 8205420))
	  ->  Bitmap Index Scan on sbtest2_pkey  (cost=0.00..34.95 rows=1052 width=0)
	        Index Cond: ((id >= 8204421) AND (id <= 8205420))

table 3 : explain SELECT c FROM sbtest3 WHERE id BETWEEN 8278410 AND 8279409
	Bitmap Heap Scan on sbtest3  (cost=34.13..3674.29 rows=946 width=121)
	  Recheck Cond: ((id >= 8278410) AND (id <= 8279409))
	  ->  Bitmap Index Scan on sbtest3_pkey  (cost=0.00..33.90 rows=946 width=0)
	        Index Cond: ((id >= 8278410) AND (id <= 8279409))

table 4 : explain SELECT c FROM sbtest4 WHERE id BETWEEN 3411545 AND 3412544
	Index Scan using sbtest4_pkey on sbtest4  (cost=0.43..4015.56 rows=1028 width=121)
	  Index Cond: ((id >= 3411545) AND (id <= 3412544))

table 5 : explain SELECT c FROM sbtest5 WHERE id BETWEEN 9827564 AND 9828563
	Bitmap Heap Scan on sbtest5  (cost=34.42..3783.25 rows=974 width=121)
	  Recheck Cond: ((id >= 9827564) AND (id <= 9828563))
	  ->  Bitmap Index Scan on sbtest5_pkey  (cost=0.00..34.18 rows=974 width=0)
	        Index Cond: ((id >= 9827564) AND (id <= 9828563))

table 6 : explain SELECT c FROM sbtest6 WHERE id BETWEEN 1852863 AND 1853862
	Bitmap Heap Scan on sbtest6  (cost=33.96..3613.34 rows=929 width=121)
	  Recheck Cond: ((id >= 1852863) AND (id <= 1853862))
	  ->  Bitmap Index Scan on sbtest6_pkey  (cost=0.00..33.73 rows=929 width=0)
	        Index Cond: ((id >= 1852863) AND (id <= 1853862))

table 7 : explain SELECT c FROM sbtest7 WHERE id BETWEEN 6702342 AND 6703341
	Index Scan using sbtest7_pkey on sbtest7  (cost=0.43..3724.53 rows=950 width=121)
	  Index Cond: ((id >= 6702342) AND (id <= 6703341))

table 8 : explain SELECT c FROM sbtest8 WHERE id BETWEEN 5776943 AND 5777942
	Index Scan using sbtest8_pkey on sbtest8  (cost=0.43..3588.47 rows=914 width=121)
	  Index Cond: ((id >= 5776943) AND (id <= 5777942))

explain: for point_selects :: explain SELECT c FROM sbtest%u WHERE id=%u
for: order_ranges
table 1 : explain SELECT c FROM sbtest1 WHERE id BETWEEN 4546704 AND 4547703 ORDER BY c
	Sort  (cost=4039.64..4042.22 rows=1030 width=121)
	  Sort Key: c
	  ->  Bitmap Heap Scan on sbtest1  (cost=34.99..3988.10 rows=1030 width=121)
	        Recheck Cond: ((id >= 4546704) AND (id <= 4547703))
	        ->  Bitmap Index Scan on sbtest1_pkey  (cost=0.00..34.73 rows=1030 width=0)
	              Index Cond: ((id >= 4546704) AND (id <= 4547703))

table 2 : explain SELECT c FROM sbtest2 WHERE id BETWEEN 6178156 AND 6179155 ORDER BY c
	Sort  (cost=3825.49..3827.92 rows=973 width=121)
	  Sort Key: c
	  ->  Bitmap Heap Scan on sbtest2  (cost=34.41..3777.19 rows=973 width=121)
	        Recheck Cond: ((id >= 6178156) AND (id <= 6179155))
	        ->  Bitmap Index Scan on sbtest2_pkey  (cost=0.00..34.17 rows=973 width=0)
	              Index Cond: ((id >= 6178156) AND (id <= 6179155))

table 3 : explain SELECT c FROM sbtest3 WHERE id BETWEEN 6968262 AND 6969261 ORDER BY c
	Sort  (cost=3671.15..3673.48 rows=933 width=121)
	  Sort Key: c
	  ->  Bitmap Heap Scan on sbtest3  (cost=34.00..3625.13 rows=933 width=121)
	        Recheck Cond: ((id >= 6968262) AND (id <= 6969261))
	        ->  Bitmap Index Scan on sbtest3_pkey  (cost=0.00..33.77 rows=933 width=0)
	              Index Cond: ((id >= 6968262) AND (id <= 6969261))

table 4 : explain SELECT c FROM sbtest4 WHERE id BETWEEN 1023161 AND 1024160 ORDER BY c
	Sort  (cost=3696.36..3698.69 rows=934 width=121)
	  Sort Key: c
	  ->  Index Scan using sbtest4_pkey on sbtest4  (cost=0.43..3650.28 rows=934 width=121)
	        Index Cond: ((id >= 1023161) AND (id <= 1024160))

table 5 : explain SELECT c FROM sbtest5 WHERE id BETWEEN 8035221 AND 8036220 ORDER BY c
	Sort  (cost=3762.48..3764.87 rows=956 width=121)
	  Sort Key: c
	  ->  Bitmap Heap Scan on sbtest5  (cost=34.23..3715.16 rows=956 width=121)
	        Recheck Cond: ((id >= 8035221) AND (id <= 8036220))
	        ->  Bitmap Index Scan on sbtest5_pkey  (cost=0.00..34.00 rows=956 width=0)
	              Index Cond: ((id >= 8035221) AND (id <= 8036220))

table 6 : explain SELECT c FROM sbtest6 WHERE id BETWEEN 7208923 AND 7209922 ORDER BY c
	Sort  (cost=3962.51..3965.03 rows=1008 width=121)
	  Sort Key: c
	  ->  Bitmap Heap Scan on sbtest6  (cost=34.77..3912.23 rows=1008 width=121)
	        Recheck Cond: ((id >= 7208923) AND (id <= 7209922))
	        ->  Bitmap Index Scan on sbtest6_pkey  (cost=0.00..34.52 rows=1008 width=0)
	              Index Cond: ((id >= 7208923) AND (id <= 7209922))

table 7 : explain SELECT c FROM sbtest7 WHERE id BETWEEN 6723870 AND 6724869 ORDER BY c
	Sort  (cost=3771.52..3773.89 rows=950 width=121)
	  Sort Key: c
	  ->  Index Scan using sbtest7_pkey on sbtest7  (cost=0.43..3724.53 rows=950 width=121)
	        Index Cond: ((id >= 6723870) AND (id <= 6724869))

table 8 : explain SELECT c FROM sbtest8 WHERE id BETWEEN 1817019 AND 1818018 ORDER BY c
	Sort  (cost=3962.64..3965.16 rows=1008 width=121)
	  Sort Key: c
	  ->  Bitmap Heap Scan on sbtest8  (cost=34.77..3912.36 rows=1008 width=121)
	        Recheck Cond: ((id >= 1817019) AND (id <= 1818018))
	        ->  Bitmap Index Scan on sbtest8_pkey  (cost=0.00..34.52 rows=1008 width=0)
	              Index Cond: ((id >= 1817019) AND (id <= 1818018))

for: order_ranges
table 1 : explain SELECT c FROM sbtest1 WHERE id BETWEEN 8699057 AND 8700056 ORDER BY c
	Sort  (cost=3721.96..3724.33 rows=947 width=121)
	  Sort Key: c
	  ->  Bitmap Heap Scan on sbtest1  (cost=34.14..3675.14 rows=947 width=121)
	        Recheck Cond: ((id >= 8699057) AND (id <= 8700056))
	        ->  Bitmap Index Scan on sbtest1_pkey  (cost=0.00..33.91 rows=947 width=0)
	              Index Cond: ((id >= 8699057) AND (id <= 8700056))

table 2 : explain SELECT c FROM sbtest2 WHERE id BETWEEN 9438929 AND 9439928 ORDER BY c
	Sort  (cost=3510.41..3512.64 rows=892 width=121)
	  Sort Key: c
	  ->  Bitmap Heap Scan on sbtest2  (cost=29.58..3466.70 rows=892 width=121)
	        Recheck Cond: ((id >= 9438929) AND (id <= 9439928))
	        ->  Bitmap Index Scan on sbtest2_pkey  (cost=0.00..29.36 rows=892 width=0)
	              Index Cond: ((id >= 9438929) AND (id <= 9439928))

table 3 : explain SELECT c FROM sbtest3 WHERE id BETWEEN 3457603 AND 3458602 ORDER BY c
	Sort  (cost=3928.09..3930.59 rows=1000 width=121)
	  Sort Key: c
	  ->  Bitmap Heap Scan on sbtest3  (cost=34.69..3878.26 rows=1000 width=121)
	        Recheck Cond: ((id >= 3457603) AND (id <= 3458602))
	        ->  Bitmap Index Scan on sbtest3_pkey  (cost=0.00..34.44 rows=1000 width=0)
	              Index Cond: ((id >= 3457603) AND (id <= 3458602))

table 4 : explain SELECT c FROM sbtest4 WHERE id BETWEEN 6059107 AND 6060106 ORDER BY c
	Sort  (cost=3921.10..3923.58 rows=991 width=121)
	  Sort Key: c
	  ->  Index Scan using sbtest4_pkey on sbtest4  (cost=0.43..3871.79 rows=991 width=121)
	        Index Cond: ((id >= 6059107) AND (id <= 6060106))

table 5 : explain SELECT c FROM sbtest5 WHERE id BETWEEN 9903184 AND 9904183 ORDER BY c
	Sort  (cost=3762.48..3764.87 rows=956 width=121)
	  Sort Key: c
	  ->  Bitmap Heap Scan on sbtest5  (cost=34.23..3715.16 rows=956 width=121)
	        Recheck Cond: ((id >= 9903184) AND (id <= 9904183))
	        ->  Bitmap Index Scan on sbtest5_pkey  (cost=0.00..34.00 rows=956 width=0)
	              Index Cond: ((id >= 9903184) AND (id <= 9904183))

table 6 : explain SELECT c FROM sbtest6 WHERE id BETWEEN 7409504 AND 7410503 ORDER BY c
	Sort  (cost=3839.72..3842.16 rows=976 width=121)
	  Sort Key: c
	  ->  Bitmap Heap Scan on sbtest6  (cost=34.44..3791.25 rows=976 width=121)
	        Recheck Cond: ((id >= 7409504) AND (id <= 7410503))
	        ->  Bitmap Index Scan on sbtest6_pkey  (cost=0.00..34.20 rows=976 width=0)
	              Index Cond: ((id >= 7409504) AND (id <= 7410503))

table 7 : explain SELECT c FROM sbtest7 WHERE id BETWEEN 878588 AND 879587 ORDER BY c
	Sort  (cost=4096.91..4099.52 rows=1043 width=121)
	  Sort Key: c
	  ->  Bitmap Heap Scan on sbtest7  (cost=35.13..4044.62 rows=1043 width=121)
	        Recheck Cond: ((id >= 878588) AND (id <= 879587))
	        ->  Bitmap Index Scan on sbtest7_pkey  (cost=0.00..34.87 rows=1043 width=0)
	              Index Cond: ((id >= 878588) AND (id <= 879587))

table 8 : explain SELECT c FROM sbtest8 WHERE id BETWEEN 1729261 AND 1730260 ORDER BY c
	Sort  (cost=4154.29..4156.94 rows=1058 width=121)
	  Sort Key: c
	  ->  Bitmap Heap Scan on sbtest8  (cost=35.28..4101.14 rows=1058 width=121)
	        Recheck Cond: ((id >= 1729261) AND (id <= 1730260))
	        ->  Bitmap Index Scan on sbtest8_pkey  (cost=0.00..35.02 rows=1058 width=0)
	              Index Cond: ((id >= 1729261) AND (id <= 1730260))

for: simple_ranges
table 1 : explain SELECT c FROM sbtest1 WHERE id BETWEEN 2408915 AND 2409914
	Bitmap Heap Scan on sbtest1  (cost=34.96..3976.81 rows=1027 width=121)
	  Recheck Cond: ((id >= 2408915) AND (id <= 2409914))
	  ->  Bitmap Index Scan on sbtest1_pkey  (cost=0.00..34.70 rows=1027 width=0)
	        Index Cond: ((id >= 2408915) AND (id <= 2409914))

table 2 : explain SELECT c FROM sbtest2 WHERE id BETWEEN 9122129 AND 9123128
	Bitmap Heap Scan on sbtest2  (cost=34.74..3898.05 rows=1005 width=121)
	  Recheck Cond: ((id >= 9122129) AND (id <= 9123128))
	  ->  Bitmap Index Scan on sbtest2_pkey  (cost=0.00..34.48 rows=1005 width=0)
	        Index Cond: ((id >= 9122129) AND (id <= 9123128))

table 3 : explain SELECT c FROM sbtest3 WHERE id BETWEEN 9006165 AND 9007164
	Bitmap Heap Scan on sbtest3  (cost=34.58..3840.52 rows=990 width=121)
	  Recheck Cond: ((id >= 9006165) AND (id <= 9007164))
	  ->  Bitmap Index Scan on sbtest3_pkey  (cost=0.00..34.34 rows=990 width=0)
	        Index Cond: ((id >= 9006165) AND (id <= 9007164))

table 4 : explain SELECT c FROM sbtest4 WHERE id BETWEEN 3204427 AND 3205426
	Index Scan using sbtest4_pkey on sbtest4  (cost=0.43..3867.90 rows=990 width=121)
	  Index Cond: ((id >= 3204427) AND (id <= 3205426))

table 5 : explain SELECT c FROM sbtest5 WHERE id BETWEEN 6058233 AND 6059232
	Bitmap Heap Scan on sbtest5  (cost=34.45..3794.60 rows=977 width=121)
	  Recheck Cond: ((id >= 6058233) AND (id <= 6059232))
	  ->  Bitmap Index Scan on sbtest5_pkey  (cost=0.00..34.20 rows=977 width=0)
	        Index Cond: ((id >= 6058233) AND (id <= 6059232))

table 6 : explain SELECT c FROM sbtest6 WHERE id BETWEEN 3136333 AND 3137332
	Index Scan using sbtest6_pkey on sbtest6  (cost=0.43..3530.27 rows=899 width=121)
	  Index Cond: ((id >= 3136333) AND (id <= 3137332))

table 7 : explain SELECT c FROM sbtest7 WHERE id BETWEEN 2545164 AND 2546163
	Index Scan using sbtest7_pkey on sbtest7  (cost=0.43..3705.04 rows=945 width=121)
	  Index Cond: ((id >= 2545164) AND (id <= 2546163))

table 8 : explain SELECT c FROM sbtest8 WHERE id BETWEEN 7301741 AND 7302740
	Bitmap Heap Scan on sbtest8  (cost=35.44..4161.49 rows=1074 width=121)
	  Recheck Cond: ((id >= 7301741) AND (id <= 7302740))
	  ->  Bitmap Index Scan on sbtest8_pkey  (cost=0.00..35.18 rows=1074 width=0)
	        Index Cond: ((id >= 7301741) AND (id <= 7302740))

for: order_ranges
table 1 : explain SELECT c FROM sbtest1 WHERE id BETWEEN 3198120 AND 3199119 ORDER BY c
	Sort  (cost=3560.72..3562.98 rows=906 width=121)
	  Sort Key: c
	  ->  Bitmap Heap Scan on sbtest1  (cost=29.72..3516.22 rows=906 width=121)
	        Recheck Cond: ((id >= 3198120) AND (id <= 3199119))
	        ->  Bitmap Index Scan on sbtest1_pkey  (cost=0.00..29.50 rows=906 width=0)
	              Index Cond: ((id >= 3198120) AND (id <= 3199119))

table 2 : explain SELECT c FROM sbtest2 WHERE id BETWEEN 5291340 AND 5292339 ORDER BY c
	Sort  (cost=3687.33..3689.67 rows=937 width=121)
	  Sort Key: c
	  ->  Bitmap Heap Scan on sbtest2  (cost=34.04..3641.08 rows=937 width=121)
	        Recheck Cond: ((id >= 5291340) AND (id <= 5292339))
	        ->  Bitmap Index Scan on sbtest2_pkey  (cost=0.00..33.81 rows=937 width=0)
	              Index Cond: ((id >= 5291340) AND (id <= 5292339))

table 3 : explain SELECT c FROM sbtest3 WHERE id BETWEEN 272588 AND 273587 ORDER BY c
	Sort  (cost=4050.62..4053.20 rows=1032 width=121)
	  Sort Key: c
	  ->  Bitmap Heap Scan on sbtest3  (cost=35.01..3998.96 rows=1032 width=121)
	        Recheck Cond: ((id >= 272588) AND (id <= 273587))
	        ->  Bitmap Index Scan on sbtest3_pkey  (cost=0.00..34.76 rows=1032 width=0)
	              Index Cond: ((id >= 272588) AND (id <= 273587))

table 4 : explain SELECT c FROM sbtest4 WHERE id BETWEEN 7469443 AND 7470442 ORDER BY c
	Sort  (cost=3826.47..3828.88 rows=967 width=121)
	  Sort Key: c
	  ->  Index Scan using sbtest4_pkey on sbtest4  (cost=0.43..3778.52 rows=967 width=121)
	        Index Cond: ((id >= 7469443) AND (id <= 7470442))

table 5 : explain SELECT c FROM sbtest5 WHERE id BETWEEN 8532511 AND 8533510 ORDER BY c
	Sort  (cost=3923.70..3926.19 rows=998 width=121)
	  Sort Key: c
	  ->  Bitmap Heap Scan on sbtest5  (cost=34.66..3873.98 rows=998 width=121)
	        Recheck Cond: ((id >= 8532511) AND (id <= 8533510))
	        ->  Bitmap Index Scan on sbtest5_pkey  (cost=0.00..34.42 rows=998 width=0)
	              Index Cond: ((id >= 8532511) AND (id <= 8533510))

table 6 : explain SELECT c FROM sbtest6 WHERE id BETWEEN 9869321 AND 9870320 ORDER BY c
	Sort  (cost=4062.20..4064.79 rows=1034 width=121)
	  Sort Key: c
	  ->  Bitmap Heap Scan on sbtest6  (cost=35.03..4010.43 rows=1034 width=121)
	        Recheck Cond: ((id >= 9869321) AND (id <= 9870320))
	        ->  Bitmap Index Scan on sbtest6_pkey  (cost=0.00..34.78 rows=1034 width=0)
	              Index Cond: ((id >= 9869321) AND (id <= 9870320))

table 7 : explain SELECT c FROM sbtest7 WHERE id BETWEEN 4901451 AND 4902450 ORDER BY c
	Sort  (cost=4089.25..4091.85 rows=1041 width=121)
	  Sort Key: c
	  ->  Bitmap Heap Scan on sbtest7  (cost=35.11..4037.07 rows=1041 width=121)
	        Recheck Cond: ((id >= 4901451) AND (id <= 4902450))
	        ->  Bitmap Index Scan on sbtest7_pkey  (cost=0.00..34.84 rows=1041 width=0)
	              Index Cond: ((id >= 4901451) AND (id <= 4902450))

table 8 : explain SELECT c FROM sbtest8 WHERE id BETWEEN 7254652 AND 7255651 ORDER BY c
	Sort  (cost=4215.56..4218.24 rows=1074 width=121)
	  Sort Key: c
	  ->  Bitmap Heap Scan on sbtest8  (cost=35.44..4161.49 rows=1074 width=121)
	        Recheck Cond: ((id >= 7254652) AND (id <= 7255651))
	        ->  Bitmap Index Scan on sbtest8_pkey  (cost=0.00..35.18 rows=1074 width=0)
	              Index Cond: ((id >= 7254652) AND (id <= 7255651))

for: distinct_ranges
table 1 : explain SELECT DISTINCT c FROM sbtest1 WHERE id BETWEEN 5870192 AND 5871191 ORDER BY c
	Unique  (cost=3737.29..3742.04 rows=951 width=121)
	  ->  Sort  (cost=3737.29..3739.67 rows=951 width=121)
	        Sort Key: c
	        ->  Bitmap Heap Scan on sbtest1  (cost=34.18..3690.25 rows=951 width=121)
	              Recheck Cond: ((id >= 5870192) AND (id <= 5871191))
	              ->  Bitmap Index Scan on sbtest1_pkey  (cost=0.00..33.95 rows=951 width=0)
	                    Index Cond: ((id >= 5870192) AND (id <= 5871191))

table 2 : explain SELECT DISTINCT c FROM sbtest2 WHERE id BETWEEN 4273676 AND 4274675 ORDER BY c
	Unique  (cost=3829.32..3834.19 rows=974 width=121)
	  ->  Sort  (cost=3829.32..3831.76 rows=974 width=121)
	        Sort Key: c
	        ->  Bitmap Heap Scan on sbtest2  (cost=34.42..3780.97 rows=974 width=121)
	              Recheck Cond: ((id >= 4273676) AND (id <= 4274675))
	              ->  Bitmap Index Scan on sbtest2_pkey  (cost=0.00..34.18 rows=974 width=0)
	                    Index Cond: ((id >= 4273676) AND (id <= 4274675))

table 3 : explain SELECT DISTINCT c FROM sbtest3 WHERE id BETWEEN 5972802 AND 5973801 ORDER BY c
	Unique  (cost=3997.03..4002.12 rows=1018 width=121)
	  ->  Sort  (cost=3997.03..3999.57 rows=1018 width=121)
	        Sort Key: c
	        ->  Bitmap Heap Scan on sbtest3  (cost=34.87..3946.17 rows=1018 width=121)
	              Recheck Cond: ((id >= 5972802) AND (id <= 5973801))
	              ->  Bitmap Index Scan on sbtest3_pkey  (cost=0.00..34.62 rows=1018 width=0)
	                    Index Cond: ((id >= 5972802) AND (id <= 5973801))

table 4 : explain SELECT DISTINCT c FROM sbtest4 WHERE id BETWEEN 1081612 AND 1082611 ORDER BY c
	Unique  (cost=3696.36..3701.03 rows=934 width=121)
	  ->  Sort  (cost=3696.36..3698.69 rows=934 width=121)
	        Sort Key: c
	        ->  Index Scan using sbtest4_pkey on sbtest4  (cost=0.43..3650.28 rows=934 width=121)
	              Index Cond: ((id >= 1081612) AND (id <= 1082611))

table 5 : explain SELECT DISTINCT c FROM sbtest5 WHERE id BETWEEN 4130369 AND 4131368 ORDER BY c
	Unique  (cost=3973.56..3978.61 rows=1011 width=121)
	  ->  Sort  (cost=3973.56..3976.09 rows=1011 width=121)
	        Sort Key: c
	        ->  Bitmap Heap Scan on sbtest5  (cost=34.80..3923.10 rows=1011 width=121)
	              Recheck Cond: ((id >= 4130369) AND (id <= 4131368))
	              ->  Bitmap Index Scan on sbtest5_pkey  (cost=0.00..34.55 rows=1011 width=0)
	                    Index Cond: ((id >= 4130369) AND (id <= 4131368))

table 6 : explain SELECT DISTINCT c FROM sbtest6 WHERE id BETWEEN 9733576 AND 9734575 ORDER BY c
	Unique  (cost=3785.95..3790.76 rows=962 width=121)
	  ->  Sort  (cost=3785.95..3788.36 rows=962 width=121)
	        Sort Key: c
	        ->  Bitmap Heap Scan on sbtest6  (cost=34.30..3738.29 rows=962 width=121)
	              Recheck Cond: ((id >= 9733576) AND (id <= 9734575))
	              ->  Bitmap Index Scan on sbtest6_pkey  (cost=0.00..34.06 rows=962 width=0)
	                    Index Cond: ((id >= 9733576) AND (id <= 9734575))

table 7 : explain SELECT DISTINCT c FROM sbtest7 WHERE id BETWEEN 3339700 AND 3340699 ORDER BY c
	Unique  (cost=4207.99..4213.35 rows=1072 width=121)
	  ->  Sort  (cost=4207.99..4210.67 rows=1072 width=121)
	        Sort Key: c
	        ->  Bitmap Heap Scan on sbtest7  (cost=35.42..4154.03 rows=1072 width=121)
	              Recheck Cond: ((id >= 3339700) AND (id <= 3340699))
	              ->  Bitmap Index Scan on sbtest7_pkey  (cost=0.00..35.16 rows=1072 width=0)
	                    Index Cond: ((id >= 3339700) AND (id <= 3340699))

table 8 : explain SELECT DISTINCT c FROM sbtest8 WHERE id BETWEEN 2112445 AND 2113444 ORDER BY c
	Unique  (cost=3787.88..3792.65 rows=953 width=121)
	  ->  Sort  (cost=3787.88..3790.27 rows=953 width=121)
	        Sort Key: c
	        ->  Index Scan using sbtest8_pkey on sbtest8  (cost=0.43..3740.73 rows=953 width=121)
	              Index Cond: ((id >= 2112445) AND (id <= 2113444))

for point_selects
table 1 : explain SELECT c FROM sbtest1 WHERE id=4019089
	Index Scan using sbtest1_pkey on sbtest1  (cost=0.43..8.45 rows=1 width=121)
	  Index Cond: (id = 4019089)

table 2 : explain SELECT c FROM sbtest2 WHERE id=2420906
	Index Scan using sbtest2_pkey on sbtest2  (cost=0.43..8.45 rows=1 width=121)
	  Index Cond: (id = 2420906)

table 3 : explain SELECT c FROM sbtest3 WHERE id=1685158
	Index Scan using sbtest3_pkey on sbtest3  (cost=0.43..8.45 rows=1 width=121)
	  Index Cond: (id = 1685158)

table 4 : explain SELECT c FROM sbtest4 WHERE id=5917148
	Index Scan using sbtest4_pkey on sbtest4  (cost=0.43..8.45 rows=1 width=121)
	  Index Cond: (id = 5917148)

table 5 : explain SELECT c FROM sbtest5 WHERE id=3955648
	Index Scan using sbtest5_pkey on sbtest5  (cost=0.43..8.45 rows=1 width=121)
	  Index Cond: (id = 3955648)

table 6 : explain SELECT c FROM sbtest6 WHERE id=5650625
	Index Scan using sbtest6_pkey on sbtest6  (cost=0.43..8.45 rows=1 width=121)
	  Index Cond: (id = 5650625)

table 7 : explain SELECT c FROM sbtest7 WHERE id=9395841
	Index Scan using sbtest7_pkey on sbtest7  (cost=0.43..8.45 rows=1 width=121)
	  Index Cond: (id = 9395841)

table 8 : explain SELECT c FROM sbtest8 WHERE id=3550326
	Index Scan using sbtest8_pkey on sbtest8  (cost=0.43..8.45 rows=1 width=121)
	  Index Cond: (id = 3550326)

for: sum_ranges
table 1 : explain SELECT SUM(k) FROM sbtest1 WHERE id BETWEEN 9973290 AND 9974289
	Aggregate  (cost=4054.71..4054.72 rows=1 width=8)
	  ->  Bitmap Heap Scan on sbtest1  (cost=35.17..4052.09 rows=1047 width=4)
	        Recheck Cond: ((id >= 9973290) AND (id <= 9974289))
	        ->  Bitmap Index Scan on sbtest1_pkey  (cost=0.00..34.91 rows=1047 width=0)
	              Index Cond: ((id >= 9973290) AND (id <= 9974289))

table 2 : explain SELECT SUM(k) FROM sbtest2 WHERE id BETWEEN 8033878 AND 8034877
	Aggregate  (cost=3919.44..3919.45 rows=1 width=8)
	  ->  Bitmap Heap Scan on sbtest2  (cost=34.79..3916.92 rows=1010 width=4)
	        Recheck Cond: ((id >= 8033878) AND (id <= 8034877))
	        ->  Bitmap Index Scan on sbtest2_pkey  (cost=0.00..34.54 rows=1010 width=0)
	              Index Cond: ((id >= 8033878) AND (id <= 8034877))

table 3 : explain SELECT SUM(k) FROM sbtest3 WHERE id BETWEEN 4070798 AND 4071797
	Aggregate  (cost=3948.72..3948.73 rows=1 width=8)
	  ->  Bitmap Heap Scan on sbtest3  (cost=34.87..3946.17 rows=1018 width=4)
	        Recheck Cond: ((id >= 4070798) AND (id <= 4071797))
	        ->  Bitmap Index Scan on sbtest3_pkey  (cost=0.00..34.62 rows=1018 width=0)
	              Index Cond: ((id >= 4070798) AND (id <= 4071797))

table 4 : explain SELECT SUM(k) FROM sbtest4 WHERE id BETWEEN 9659486 AND 9660485
	Aggregate  (cost=4200.88..4200.89 rows=1 width=8)
	  ->  Index Scan using sbtest4_pkey on sbtest4  (cost=0.43..4198.19 rows=1075 width=4)
	        Index Cond: ((id >= 9659486) AND (id <= 9660485))

table 5 : explain SELECT SUM(k) FROM sbtest5 WHERE id BETWEEN 5901655 AND 5902654
	Aggregate  (cost=3762.98..3762.99 rows=1 width=8)
	  ->  Bitmap Heap Scan on sbtest5  (cost=34.36..3760.56 rows=968 width=4)
	        Recheck Cond: ((id >= 5901655) AND (id <= 5902654))
	        ->  Bitmap Index Scan on sbtest5_pkey  (cost=0.00..34.12 rows=968 width=0)
	              Index Cond: ((id >= 5901655) AND (id <= 5902654))

table 6 : explain SELECT SUM(k) FROM sbtest6 WHERE id BETWEEN 5772957 AND 5773956
	Aggregate  (cost=3642.20..3642.21 rows=1 width=8)
	  ->  Bitmap Heap Scan on sbtest6  (cost=34.03..3639.86 rows=936 width=4)
	        Recheck Cond: ((id >= 5772957) AND (id <= 5773956))
	        ->  Bitmap Index Scan on sbtest6_pkey  (cost=0.00..33.80 rows=936 width=0)
	              Index Cond: ((id >= 5772957) AND (id <= 5773956))

table 7 : explain SELECT SUM(k) FROM sbtest7 WHERE id BETWEEN 7235198 AND 7236197
	Aggregate  (cost=3547.36..3547.37 rows=1 width=8)
	  ->  Index Scan using sbtest7_pkey on sbtest7  (cost=0.43..3545.10 rows=905 width=4)
	        Index Cond: ((id >= 7235198) AND (id <= 7236197))

table 8 : explain SELECT SUM(k) FROM sbtest8 WHERE id BETWEEN 1189 AND 2188
	Aggregate  (cost=4364.22..4364.23 rows=1 width=8)
	  ->  Bitmap Heap Scan on sbtest8  (cost=39.98..4361.41 rows=1126 width=4)
	        Recheck Cond: ((id >= 1189) AND (id <= 2188))
	        ->  Bitmap Index Scan on sbtest8_pkey  (cost=0.00..39.70 rows=1126 width=0)
	              Index Cond: ((id >= 1189) AND (id <= 2188))

for: distinct_ranges
table 1 : explain SELECT DISTINCT c FROM sbtest1 WHERE id BETWEEN 6721627 AND 6722626 ORDER BY c
	Unique  (cost=3836.88..3841.77 rows=977 width=121)
	  ->  Sort  (cost=3836.88..3839.32 rows=977 width=121)
	        Sort Key: c
	        ->  Bitmap Heap Scan on sbtest1  (cost=34.45..3788.36 rows=977 width=121)
	              Recheck Cond: ((id >= 6721627) AND (id <= 6722626))
	              ->  Bitmap Index Scan on sbtest1_pkey  (cost=0.00..34.20 rows=977 width=0)
	                    Index Cond: ((id >= 6721627) AND (id <= 6722626))

table 2 : explain SELECT DISTINCT c FROM sbtest2 WHERE id BETWEEN 7987069 AND 7988068 ORDER BY c
	Unique  (cost=3967.32..3972.37 rows=1010 width=121)
	  ->  Sort  (cost=3967.32..3969.84 rows=1010 width=121)
	        Sort Key: c
	        ->  Bitmap Heap Scan on sbtest2  (cost=34.79..3916.92 rows=1010 width=121)
	              Recheck Cond: ((id >= 7987069) AND (id <= 7988068))
	              ->  Bitmap Index Scan on sbtest2_pkey  (cost=0.00..34.54 rows=1010 width=0)
	                    Index Cond: ((id >= 7987069) AND (id <= 7988068))

table 3 : explain SELECT DISTINCT c FROM sbtest3 WHERE id BETWEEN 3908093 AND 3909092 ORDER BY c
	Unique  (cost=4352.79..4358.34 rows=1110 width=121)
	  ->  Sort  (cost=4352.79..4355.56 rows=1110 width=121)
	        Sort Key: c
	        ->  Bitmap Heap Scan on sbtest3  (cost=39.81..4296.64 rows=1110 width=121)
	              Recheck Cond: ((id >= 3908093) AND (id <= 3909092))
	              ->  Bitmap Index Scan on sbtest3_pkey  (cost=0.00..39.54 rows=1110 width=0)
	                    Index Cond: ((id >= 3908093) AND (id <= 3909092))

table 4 : explain SELECT DISTINCT c FROM sbtest4 WHERE id BETWEEN 523720 AND 524719 ORDER BY c
	Unique  (cost=4137.95..4143.18 rows=1046 width=121)
	  ->  Sort  (cost=4137.95..4140.57 rows=1046 width=121)
	        Sort Key: c
	        ->  Index Scan using sbtest4_pkey on sbtest4  (cost=0.43..4085.49 rows=1046 width=121)
	              Index Cond: ((id >= 523720) AND (id <= 524719))

table 5 : explain SELECT DISTINCT c FROM sbtest5 WHERE id BETWEEN 8847446 AND 8848445 ORDER BY c
	Unique  (cost=3854.63..3859.53 rows=980 width=121)
	  ->  Sort  (cost=3854.63..3857.08 rows=980 width=121)
	        Sort Key: c
	        ->  Bitmap Heap Scan on sbtest5  (cost=34.48..3805.94 rows=980 width=121)
	              Recheck Cond: ((id >= 8847446) AND (id <= 8848445))
	              ->  Bitmap Index Scan on sbtest5_pkey  (cost=0.00..34.23 rows=980 width=0)
	                    Index Cond: ((id >= 8847446) AND (id <= 8848445))

table 6 : explain SELECT DISTINCT c FROM sbtest6 WHERE id BETWEEN 2418554 AND 2419553 ORDER BY c
	Unique  (cost=3655.29..3659.93 rows=928 width=121)
	  ->  Sort  (cost=3655.29..3657.61 rows=928 width=121)
	        Sort Key: c
	        ->  Bitmap Heap Scan on sbtest6  (cost=33.95..3609.55 rows=928 width=121)
	              Recheck Cond: ((id >= 2418554) AND (id <= 2419553))
	              ->  Bitmap Index Scan on sbtest6_pkey  (cost=0.00..33.72 rows=928 width=0)
	                    Index Cond: ((id >= 2418554) AND (id <= 2419553))

table 7 : explain SELECT DISTINCT c FROM sbtest7 WHERE id BETWEEN 5555152 AND 5556151 ORDER BY c
	Unique  (cost=3803.18..3807.97 rows=958 width=121)
	  ->  Sort  (cost=3803.18..3805.58 rows=958 width=121)
	        Sort Key: c
	        ->  Index Scan using sbtest7_pkey on sbtest7  (cost=0.43..3755.74 rows=958 width=121)
	              Index Cond: ((id >= 5555152) AND (id <= 5556151))

table 8 : explain SELECT DISTINCT c FROM sbtest8 WHERE id BETWEEN 3785446 AND 3786445 ORDER BY c
	Unique  (cost=3530.42..3534.87 rows=889 width=121)
	  ->  Sort  (cost=3530.42..3532.64 rows=889 width=121)
	        Sort Key: c
	        ->  Index Scan using sbtest8_pkey on sbtest8  (cost=0.43..3486.88 rows=889 width=121)
	              Index Cond: ((id >= 3785446) AND (id <= 3786445))

for: distinct_ranges
table 1 : explain SELECT DISTINCT c FROM sbtest1 WHERE id BETWEEN 6641200 AND 6642199 ORDER BY c
	Unique  (cost=3771.77..3776.57 rows=960 width=121)
	  ->  Sort  (cost=3771.77..3774.17 rows=960 width=121)
	        Sort Key: c
	        ->  Bitmap Heap Scan on sbtest1  (cost=34.28..3724.22 rows=960 width=121)
	              Recheck Cond: ((id >= 6641200) AND (id <= 6642199))
	              ->  Bitmap Index Scan on sbtest1_pkey  (cost=0.00..34.04 rows=960 width=0)
	                    Index Cond: ((id >= 6641200) AND (id <= 6642199))

table 2 : explain SELECT DISTINCT c FROM sbtest2 WHERE id BETWEEN 2432410 AND 2433409 ORDER BY c
	Unique  (cost=4032.43..4037.56 rows=1027 width=121)
	  ->  Sort  (cost=4032.43..4035.00 rows=1027 width=121)
	        Sort Key: c
	        ->  Bitmap Heap Scan on sbtest2  (cost=34.96..3981.06 rows=1027 width=121)
	              Recheck Cond: ((id >= 2432410) AND (id <= 2433409))
	              ->  Bitmap Index Scan on sbtest2_pkey  (cost=0.00..34.70 rows=1027 width=0)
	                    Index Cond: ((id >= 2432410) AND (id <= 2433409))

table 3 : explain SELECT DISTINCT c FROM sbtest3 WHERE id BETWEEN 8408828 AND 8409827 ORDER BY c
	Unique  (cost=3935.75..3940.76 rows=1002 width=121)
	  ->  Sort  (cost=3935.75..3938.26 rows=1002 width=121)
	        Sort Key: c
	        ->  Bitmap Heap Scan on sbtest3  (cost=34.71..3885.81 rows=1002 width=121)
	              Recheck Cond: ((id >= 8408828) AND (id <= 8409827))
	              ->  Bitmap Index Scan on sbtest3_pkey  (cost=0.00..34.45 rows=1002 width=0)
	                    Index Cond: ((id >= 8408828) AND (id <= 8409827))

table 4 : explain SELECT DISTINCT c FROM sbtest4 WHERE id BETWEEN 1857728 AND 1858727 ORDER BY c
	Unique  (cost=4496.89..4502.57 rows=1136 width=121)
	  ->  Sort  (cost=4496.89..4499.73 rows=1136 width=121)
	        Sort Key: c
	        ->  Index Scan using sbtest4_pkey on sbtest4  (cost=0.43..4439.24 rows=1136 width=121)
	              Index Cond: ((id >= 1857728) AND (id <= 1858727))

table 5 : explain SELECT DISTINCT c FROM sbtest5 WHERE id BETWEEN 1005153 AND 1006152 ORDER BY c
	Unique  (cost=3766.32..3771.11 rows=957 width=121)
	  ->  Sort  (cost=3766.32..3768.71 rows=957 width=121)
	        Sort Key: c
	        ->  Bitmap Heap Scan on sbtest5  (cost=34.24..3718.94 rows=957 width=121)
	              Recheck Cond: ((id >= 1005153) AND (id <= 1006152))
	              ->  Bitmap Index Scan on sbtest5_pkey  (cost=0.00..34.01 rows=957 width=0)
	                    Index Cond: ((id >= 1005153) AND (id <= 1006152))

table 6 : explain SELECT DISTINCT c FROM sbtest6 WHERE id BETWEEN 5086726 AND 5087725 ORDER BY c
	Unique  (cost=3962.51..3967.55 rows=1008 width=121)
	  ->  Sort  (cost=3962.51..3965.03 rows=1008 width=121)
	        Sort Key: c
	        ->  Bitmap Heap Scan on sbtest6  (cost=34.77..3912.23 rows=1008 width=121)
	              Recheck Cond: ((id >= 5086726) AND (id <= 5087725))
	              ->  Bitmap Index Scan on sbtest6_pkey  (cost=0.00..34.52 rows=1008 width=0)
	                    Index Cond: ((id >= 5086726) AND (id <= 5087725))

table 7 : explain SELECT DISTINCT c FROM sbtest7 WHERE id BETWEEN 3782495 AND 3783494 ORDER BY c
	Unique  (cost=4028.67..4033.74 rows=1015 width=121)
	  ->  Sort  (cost=4028.67..4031.20 rows=1015 width=121)
	        Sort Key: c
	        ->  Index Scan using sbtest7_pkey on sbtest7  (cost=0.43..3977.98 rows=1015 width=121)
	              Index Cond: ((id >= 3782495) AND (id <= 3783494))

table 8 : explain SELECT DISTINCT c FROM sbtest8 WHERE id BETWEEN 124429 AND 125428 ORDER BY c
	Unique  (cost=3629.46..3634.03 rows=913 width=121)
	  ->  Sort  (cost=3629.46..3631.74 rows=913 width=121)
	        Sort Key: c
	        ->  Index Scan using sbtest8_pkey on sbtest8  (cost=0.43..3584.57 rows=913 width=121)
	              Index Cond: ((id >= 124429) AND (id <= 125428))

for point_selects
table 1 : explain SELECT c FROM sbtest1 WHERE id=1365597
	Index Scan using sbtest1_pkey on sbtest1  (cost=0.43..8.45 rows=1 width=121)
	  Index Cond: (id = 1365597)

table 2 : explain SELECT c FROM sbtest2 WHERE id=80344
	Index Scan using sbtest2_pkey on sbtest2  (cost=0.43..8.45 rows=1 width=121)
	  Index Cond: (id = 80344)

table 3 : explain SELECT c FROM sbtest3 WHERE id=5730362
	Index Scan using sbtest3_pkey on sbtest3  (cost=0.43..8.45 rows=1 width=121)
	  Index Cond: (id = 5730362)

table 4 : explain SELECT c FROM sbtest4 WHERE id=5458239
	Index Scan using sbtest4_pkey on sbtest4  (cost=0.43..8.45 rows=1 width=121)
	  Index Cond: (id = 5458239)

table 5 : explain SELECT c FROM sbtest5 WHERE id=5860152
	Index Scan using sbtest5_pkey on sbtest5  (cost=0.43..8.45 rows=1 width=121)
	  Index Cond: (id = 5860152)

table 6 : explain SELECT c FROM sbtest6 WHERE id=1777556
	Index Scan using sbtest6_pkey on sbtest6  (cost=0.43..8.45 rows=1 width=121)
	  Index Cond: (id = 1777556)

table 7 : explain SELECT c FROM sbtest7 WHERE id=6630932
	Index Scan using sbtest7_pkey on sbtest7  (cost=0.43..8.45 rows=1 width=121)
	  Index Cond: (id = 6630932)

table 8 : explain SELECT c FROM sbtest8 WHERE id=9857832
	Index Scan using sbtest8_pkey on sbtest8  (cost=0.43..8.45 rows=1 width=121)
	  Index Cond: (id = 9857832)

for: distinct_ranges
table 1 : explain SELECT DISTINCT c FROM sbtest1 WHERE id BETWEEN 728298 AND 729297 ORDER BY c
	Unique  (cost=3894.30..3899.26 rows=992 width=121)
	  ->  Sort  (cost=3894.30..3896.78 rows=992 width=121)
	        Sort Key: c
	        ->  Bitmap Heap Scan on sbtest1  (cost=34.60..3844.93 rows=992 width=121)
	              Recheck Cond: ((id >= 728298) AND (id <= 729297))
	              ->  Bitmap Index Scan on sbtest1_pkey  (cost=0.00..34.36 rows=992 width=0)
	                    Index Cond: ((id >= 728298) AND (id <= 729297))

table 2 : explain SELECT DISTINCT c FROM sbtest2 WHERE id BETWEEN 3553303 AND 3554302 ORDER BY c
	Unique  (cost=3921.33..3926.32 rows=998 width=121)
	  ->  Sort  (cost=3921.33..3923.83 rows=998 width=121)
	        Sort Key: c
	        ->  Bitmap Heap Scan on sbtest2  (cost=34.66..3871.62 rows=998 width=121)
	              Recheck Cond: ((id >= 3553303) AND (id <= 3554302))
	              ->  Bitmap Index Scan on sbtest2_pkey  (cost=0.00..34.42 rows=998 width=0)
	                    Index Cond: ((id >= 3553303) AND (id <= 3554302))

table 3 : explain SELECT DISTINCT c FROM sbtest3 WHERE id BETWEEN 1919990 AND 1920989 ORDER BY c
	Unique  (cost=3912.77..3917.75 rows=996 width=121)
	  ->  Sort  (cost=3912.77..3915.26 rows=996 width=121)
	        Sort Key: c
	        ->  Bitmap Heap Scan on sbtest3  (cost=34.64..3863.17 rows=996 width=121)
	              Recheck Cond: ((id >= 1919990) AND (id <= 1920989))
	              ->  Bitmap Index Scan on sbtest3_pkey  (cost=0.00..34.40 rows=996 width=0)
	                    Index Cond: ((id >= 1919990) AND (id <= 1920989))

table 4 : explain SELECT DISTINCT c FROM sbtest4 WHERE id BETWEEN 7168951 AND 7169950 ORDER BY c
	Unique  (cost=4110.36..4115.55 rows=1039 width=121)
	  ->  Sort  (cost=4110.36..4112.95 rows=1039 width=121)
	        Sort Key: c
	        ->  Index Scan using sbtest4_pkey on sbtest4  (cost=0.43..4058.30 rows=1039 width=121)
	              Index Cond: ((id >= 7168951) AND (id <= 7169950))

table 5 : explain SELECT DISTINCT c FROM sbtest5 WHERE id BETWEEN 3459950 AND 3460949 ORDER BY c
	Unique  (cost=3916.03..3921.01 rows=996 width=121)
	  ->  Sort  (cost=3916.03..3918.52 rows=996 width=121)
	        Sort Key: c
	        ->  Bitmap Heap Scan on sbtest5  (cost=34.64..3866.43 rows=996 width=121)
	              Recheck Cond: ((id >= 3459950) AND (id <= 3460949))
	              ->  Bitmap Index Scan on sbtest5_pkey  (cost=0.00..34.40 rows=996 width=0)
	                    Index Cond: ((id >= 3459950) AND (id <= 3460949))

table 6 : explain SELECT DISTINCT c FROM sbtest6 WHERE id BETWEEN 1749088 AND 1750087 ORDER BY c
	Unique  (cost=3851.23..3856.13 rows=979 width=121)
	  ->  Sort  (cost=3851.23..3853.68 rows=979 width=121)
	        Sort Key: c
	        ->  Bitmap Heap Scan on sbtest6  (cost=34.47..3802.60 rows=979 width=121)
	              Recheck Cond: ((id >= 1749088) AND (id <= 1750087))
	              ->  Bitmap Index Scan on sbtest6_pkey  (cost=0.00..34.23 rows=979 width=0)
	                    Index Cond: ((id >= 1749088) AND (id <= 1750087))

table 7 : explain SELECT DISTINCT c FROM sbtest7 WHERE id BETWEEN 2738780 AND 2739779 ORDER BY c
	Unique  (cost=3858.55..3863.41 rows=972 width=121)
	  ->  Sort  (cost=3858.55..3860.98 rows=972 width=121)
	        Sort Key: c
	        ->  Index Scan using sbtest7_pkey on sbtest7  (cost=0.43..3810.31 rows=972 width=121)
	              Index Cond: ((id >= 2738780) AND (id <= 2739779))

table 8 : explain SELECT DISTINCT c FROM sbtest8 WHERE id BETWEEN 4909685 AND 4910684 ORDER BY c
	Unique  (cost=4265.32..4270.75 rows=1087 width=121)
	  ->  Sort  (cost=4265.32..4268.03 rows=1087 width=121)
	        Sort Key: c
	        ->  Bitmap Heap Scan on sbtest8  (cost=35.58..4210.50 rows=1087 width=121)
	              Recheck Cond: ((id >= 4909685) AND (id <= 4910684))
	              ->  Bitmap Index Scan on sbtest8_pkey  (cost=0.00..35.31 rows=1087 width=0)
	                    Index Cond: ((id >= 4909685) AND (id <= 4910684))

for: sum_ranges
table 1 : explain SELECT SUM(k) FROM sbtest1 WHERE id BETWEEN 2374965 AND 2375964
	Aggregate  (cost=3401.11..3401.12 rows=1 width=8)
	  ->  Bitmap Heap Scan on sbtest1  (cost=29.40..3398.93 rows=875 width=4)
	        Recheck Cond: ((id >= 2374965) AND (id <= 2375964))
	        ->  Bitmap Index Scan on sbtest1_pkey  (cost=0.00..29.18 rows=875 width=0)
	              Index Cond: ((id >= 2374965) AND (id <= 2375964))

table 2 : explain SELECT SUM(k) FROM sbtest2 WHERE id BETWEEN 970990 AND 971989
	Aggregate  (cost=4308.01..4308.02 rows=1 width=8)
	  ->  Bitmap Heap Scan on sbtest2  (cost=39.83..4305.23 rows=1112 width=4)
	        Recheck Cond: ((id >= 970990) AND (id <= 971989))
	        ->  Bitmap Index Scan on sbtest2_pkey  (cost=0.00..39.56 rows=1112 width=0)
	              Index Cond: ((id >= 970990) AND (id <= 971989))

table 3 : explain SELECT SUM(k) FROM sbtest3 WHERE id BETWEEN 3836758 AND 3837757
	Aggregate  (cost=4449.86..4449.87 rows=1 width=8)
	  ->  Bitmap Heap Scan on sbtest3  (cost=40.23..4446.99 rows=1151 width=4)
	        Recheck Cond: ((id >= 3836758) AND (id <= 3837757))
	        ->  Bitmap Index Scan on sbtest3_pkey  (cost=0.00..39.95 rows=1151 width=0)
	              Index Cond: ((id >= 3836758) AND (id <= 3837757))

table 4 : explain SELECT SUM(k) FROM sbtest4 WHERE id BETWEEN 3730144 AND 3731143
	Aggregate  (cost=4146.45..4146.46 rows=1 width=8)
	  ->  Index Scan using sbtest4_pkey on sbtest4  (cost=0.43..4143.80 rows=1061 width=4)
	        Index Cond: ((id >= 3730144) AND (id <= 3731143))

table 5 : explain SELECT SUM(k) FROM sbtest5 WHERE id BETWEEN 6768434 AND 6769433
	Aggregate  (cost=3694.82..3694.83 rows=1 width=8)
	  ->  Bitmap Heap Scan on sbtest5  (cost=34.17..3692.45 rows=950 width=4)
	        Recheck Cond: ((id >= 6768434) AND (id <= 6769433))
	        ->  Bitmap Index Scan on sbtest5_pkey  (cost=0.00..33.94 rows=950 width=0)
	              Index Cond: ((id >= 6768434) AND (id <= 6769433))

table 6 : explain SELECT SUM(k) FROM sbtest6 WHERE id BETWEEN 8216126 AND 8217125
	Aggregate  (cost=3725.54..3725.55 rows=1 width=8)
	  ->  Bitmap Heap Scan on sbtest6  (cost=34.25..3723.15 rows=958 width=4)
	        Recheck Cond: ((id >= 8216126) AND (id <= 8217125))
	        ->  Bitmap Index Scan on sbtest6_pkey  (cost=0.00..34.02 rows=958 width=0)
	              Index Cond: ((id >= 8216126) AND (id <= 8217125))

table 7 : explain SELECT SUM(k) FROM sbtest7 WHERE id BETWEEN 9809799 AND 9810798
	Aggregate  (cost=3789.34..3789.35 rows=1 width=8)
	  ->  Index Scan using sbtest7_pkey on sbtest7  (cost=0.43..3786.93 rows=966 width=4)
	        Index Cond: ((id >= 9809799) AND (id <= 9810798))

table 8 : explain SELECT SUM(k) FROM sbtest8 WHERE id BETWEEN 4874536 AND 4875535
	Aggregate  (cost=3907.32..3907.33 rows=1 width=8)
	  ->  Bitmap Heap Scan on sbtest8  (cost=34.75..3904.80 rows=1006 width=4)
	        Recheck Cond: ((id >= 4874536) AND (id <= 4875535))
	        ->  Bitmap Index Scan on sbtest8_pkey  (cost=0.00..34.50 rows=1006 width=0)
	              Index Cond: ((id >= 4874536) AND (id <= 4875535))

for: sum_ranges
table 1 : explain SELECT SUM(k) FROM sbtest1 WHERE id BETWEEN 2765269 AND 2766268
	Aggregate  (cost=3703.96..3703.97 rows=1 width=8)
	  ->  Bitmap Heap Scan on sbtest1  (cost=34.21..3701.57 rows=954 width=4)
	        Recheck Cond: ((id >= 2765269) AND (id <= 2766268))
	        ->  Bitmap Index Scan on sbtest1_pkey  (cost=0.00..33.98 rows=954 width=0)
	              Index Cond: ((id >= 2765269) AND (id <= 2766268))

table 2 : explain SELECT SUM(k) FROM sbtest2 WHERE id BETWEEN 5262804 AND 5263803
	Aggregate  (cost=3643.42..3643.43 rows=1 width=8)
	  ->  Bitmap Heap Scan on sbtest2  (cost=34.04..3641.08 rows=937 width=4)
	        Recheck Cond: ((id >= 5262804) AND (id <= 5263803))
	        ->  Bitmap Index Scan on sbtest2_pkey  (cost=0.00..33.81 rows=937 width=0)
	              Index Cond: ((id >= 5262804) AND (id <= 5263803))

table 3 : explain SELECT SUM(k) FROM sbtest3 WHERE id BETWEEN 6073341 AND 6074340
	Aggregate  (cost=3827.88..3827.89 rows=1 width=8)
	  ->  Bitmap Heap Scan on sbtest3  (cost=34.54..3825.42 rows=986 width=4)
	        Recheck Cond: ((id >= 6073341) AND (id <= 6074340))
	        ->  Bitmap Index Scan on sbtest3_pkey  (cost=0.00..34.30 rows=986 width=0)
	              Index Cond: ((id >= 6073341) AND (id <= 6074340))

table 4 : explain SELECT SUM(k) FROM sbtest4 WHERE id BETWEEN 7271546 AND 7272545
	Aggregate  (cost=4216.46..4216.47 rows=1 width=8)
	  ->  Index Scan using sbtest4_pkey on sbtest4  (cost=0.43..4213.76 rows=1079 width=4)
	        Index Cond: ((id >= 7271546) AND (id <= 7272545))

table 5 : explain SELECT SUM(k) FROM sbtest5 WHERE id BETWEEN 3017583 AND 3018582
	Aggregate  (cost=3978.54..3978.55 rows=1 width=8)
	  ->  Bitmap Heap Scan on sbtest5  (cost=34.94..3975.97 rows=1025 width=4)
	        Recheck Cond: ((id >= 3017583) AND (id <= 3018582))
	        ->  Bitmap Index Scan on sbtest5_pkey  (cost=0.00..34.69 rows=1025 width=0)
	              Index Cond: ((id >= 3017583) AND (id <= 3018582))

table 6 : explain SELECT SUM(k) FROM sbtest6 WHERE id BETWEEN 824214 AND 825213
	Aggregate  (cost=4016.79..4016.80 rows=1 width=8)
	  ->  Bitmap Heap Scan on sbtest6  (cost=35.04..4014.20 rows=1035 width=4)
	        Recheck Cond: ((id >= 824214) AND (id <= 825213))
	        ->  Bitmap Index Scan on sbtest6_pkey  (cost=0.00..34.79 rows=1035 width=0)
	              Index Cond: ((id >= 824214) AND (id <= 825213))

table 7 : explain SELECT SUM(k) FROM sbtest7 WHERE id BETWEEN 1022409 AND 1023408
	Aggregate  (cost=3582.56..3582.57 rows=1 width=8)
	  ->  Index Scan using sbtest7_pkey on sbtest7  (cost=0.43..3580.28 rows=913 width=4)
	        Index Cond: ((id >= 1022409) AND (id <= 1023408))

table 8 : explain SELECT SUM(k) FROM sbtest8 WHERE id BETWEEN 7927877 AND 7928876
	Aggregate  (cost=3707.93..3707.94 rows=1 width=8)
	  ->  Index Scan using sbtest8_pkey on sbtest8  (cost=0.43..3705.57 rows=944 width=4)
	        Index Cond: ((id >= 7927877) AND (id <= 7928876))

for point_selects
table 1 : explain SELECT c FROM sbtest1 WHERE id=3267833
	Index Scan using sbtest1_pkey on sbtest1  (cost=0.43..8.45 rows=1 width=121)
	  Index Cond: (id = 3267833)

table 2 : explain SELECT c FROM sbtest2 WHERE id=3763215
	Index Scan using sbtest2_pkey on sbtest2  (cost=0.43..8.45 rows=1 width=121)
	  Index Cond: (id = 3763215)

table 3 : explain SELECT c FROM sbtest3 WHERE id=9209774
	Index Scan using sbtest3_pkey on sbtest3  (cost=0.43..8.45 rows=1 width=121)
	  Index Cond: (id = 9209774)

table 4 : explain SELECT c FROM sbtest4 WHERE id=9778247
	Index Scan using sbtest4_pkey on sbtest4  (cost=0.43..8.45 rows=1 width=121)
	  Index Cond: (id = 9778247)

table 5 : explain SELECT c FROM sbtest5 WHERE id=3361912
	Index Scan using sbtest5_pkey on sbtest5  (cost=0.43..8.45 rows=1 width=121)
	  Index Cond: (id = 3361912)

table 6 : explain SELECT c FROM sbtest6 WHERE id=9433946
	Index Scan using sbtest6_pkey on sbtest6  (cost=0.43..8.45 rows=1 width=121)
	  Index Cond: (id = 9433946)

table 7 : explain SELECT c FROM sbtest7 WHERE id=3469835
	Index Scan using sbtest7_pkey on sbtest7  (cost=0.43..8.45 rows=1 width=121)
	  Index Cond: (id = 3469835)

table 8 : explain SELECT c FROM sbtest8 WHERE id=7996252
	Index Scan using sbtest8_pkey on sbtest8  (cost=0.43..8.45 rows=1 width=121)
	  Index Cond: (id = 7996252)

for: simple_ranges
table 1 : explain SELECT c FROM sbtest1 WHERE id BETWEEN 7749044 AND 7750043
	Bitmap Heap Scan on sbtest1  (cost=35.31..4104.76 rows=1061 width=121)
	  Recheck Cond: ((id >= 7749044) AND (id <= 7750043))
	  ->  Bitmap Index Scan on sbtest1_pkey  (cost=0.00..35.05 rows=1061 width=0)
	        Index Cond: ((id >= 7749044) AND (id <= 7750043))

table 2 : explain SELECT c FROM sbtest2 WHERE id BETWEEN 4840717 AND 4841716
	Bitmap Heap Scan on sbtest2  (cost=35.13..4041.39 rows=1043 width=121)
	  Recheck Cond: ((id >= 4840717) AND (id <= 4841716))
	  ->  Bitmap Index Scan on sbtest2_pkey  (cost=0.00..34.87 rows=1043 width=0)
	        Index Cond: ((id >= 4840717) AND (id <= 4841716))

table 3 : explain SELECT c FROM sbtest3 WHERE id BETWEEN 8609922 AND 8610921
	Bitmap Heap Scan on sbtest3  (cost=34.08..3655.38 rows=941 width=121)
	  Recheck Cond: ((id >= 8609922) AND (id <= 8610921))
	  ->  Bitmap Index Scan on sbtest3_pkey  (cost=0.00..33.84 rows=941 width=0)
	        Index Cond: ((id >= 8609922) AND (id <= 8610921))

table 4 : explain SELECT c FROM sbtest4 WHERE id BETWEEN 1487919 AND 1488918
	Index Scan using sbtest4_pkey on sbtest4  (cost=0.43..3875.67 rows=992 width=121)
	  Index Cond: ((id >= 1487919) AND (id <= 1488918))

table 5 : explain SELECT c FROM sbtest5 WHERE id BETWEEN 9641981 AND 9642980
	Bitmap Heap Scan on sbtest5  (cost=34.83..3934.43 rows=1014 width=121)
	  Recheck Cond: ((id >= 9641981) AND (id <= 9642980))
	  ->  Bitmap Index Scan on sbtest5_pkey  (cost=0.00..34.58 rows=1014 width=0)
	        Index Cond: ((id >= 9641981) AND (id <= 9642980))

table 6 : explain SELECT c FROM sbtest6 WHERE id BETWEEN 9939878 AND 9940877
	Bitmap Heap Scan on sbtest6  (cost=34.82..3931.12 rows=1013 width=121)
	  Recheck Cond: ((id >= 9939878) AND (id <= 9940877))
	  ->  Bitmap Index Scan on sbtest6_pkey  (cost=0.00..34.57 rows=1013 width=0)
	        Index Cond: ((id >= 9939878) AND (id <= 9940877))

table 7 : explain SELECT c FROM sbtest7 WHERE id BETWEEN 3853286 AND 3854285
	Index Scan using sbtest7_pkey on sbtest7  (cost=0.43..3977.98 rows=1015 width=121)
	  Index Cond: ((id >= 3853286) AND (id <= 3854285))

table 8 : explain SELECT c FROM sbtest8 WHERE id BETWEEN 5166109 AND 5167108
	Index Scan using sbtest8_pkey on sbtest8  (cost=0.43..3760.24 rows=958 width=121)
	  Index Cond: ((id >= 5166109) AND (id <= 5167108))

for: simple_ranges
table 1 : explain SELECT c FROM sbtest1 WHERE id BETWEEN 1840601 AND 1841600
	Bitmap Heap Scan on sbtest1  (cost=34.79..3912.77 rows=1010 width=121)
	  Recheck Cond: ((id >= 1840601) AND (id <= 1841600))
	  ->  Bitmap Index Scan on sbtest1_pkey  (cost=0.00..34.54 rows=1010 width=0)
	        Index Cond: ((id >= 1840601) AND (id <= 1841600))

table 2 : explain SELECT c FROM sbtest2 WHERE id BETWEEN 957529 AND 958528
	Bitmap Heap Scan on sbtest2  (cost=39.83..4305.23 rows=1112 width=121)
	  Recheck Cond: ((id >= 957529) AND (id <= 958528))
	  ->  Bitmap Index Scan on sbtest2_pkey  (cost=0.00..39.56 rows=1112 width=0)
	        Index Cond: ((id >= 957529) AND (id <= 958528))

table 3 : explain SELECT c FROM sbtest3 WHERE id BETWEEN 4388592 AND 4389591
	Bitmap Heap Scan on sbtest3  (cost=35.65..4232.46 rows=1094 width=121)
	  Recheck Cond: ((id >= 4388592) AND (id <= 4389591))
	  ->  Bitmap Index Scan on sbtest3_pkey  (cost=0.00..35.38 rows=1094 width=0)
	        Index Cond: ((id >= 4388592) AND (id <= 4389591))

table 4 : explain SELECT c FROM sbtest4 WHERE id BETWEEN 1118557 AND 1119556
	Index Scan using sbtest4_pkey on sbtest4  (cost=0.43..3731.86 rows=955 width=121)
	  Index Cond: ((id >= 1118557) AND (id <= 1119556))

table 5 : explain SELECT c FROM sbtest5 WHERE id BETWEEN 7221270 AND 7222269
	Bitmap Heap Scan on sbtest5  (cost=34.22..3711.37 rows=955 width=121)
	  Recheck Cond: ((id >= 7221270) AND (id <= 7222269))
	  ->  Bitmap Index Scan on sbtest5_pkey  (cost=0.00..33.98 rows=955 width=0)
	        Index Cond: ((id >= 7221270) AND (id <= 7222269))

table 6 : explain SELECT c FROM sbtest6 WHERE id BETWEEN 3500813 AND 3501812
	Bitmap Heap Scan on sbtest6  (cost=29.70..3514.59 rows=904 width=121)
	  Recheck Cond: ((id >= 3500813) AND (id <= 3501812))
	  ->  Bitmap Index Scan on sbtest6_pkey  (cost=0.00..29.47 rows=904 width=0)
	        Index Cond: ((id >= 3500813) AND (id <= 3501812))

table 7 : explain SELECT c FROM sbtest7 WHERE id BETWEEN 4083541 AND 4084540
	Index Scan using sbtest7_pkey on sbtest7  (cost=0.43..3872.71 rows=988 width=121)
	  Index Cond: ((id >= 4083541) AND (id <= 4084540))

table 8 : explain SELECT c FROM sbtest8 WHERE id BETWEEN 2162621 AND 2163620
	Index Scan using sbtest8_pkey on sbtest8  (cost=0.43..3740.73 rows=953 width=121)
	  Index Cond: ((id >= 2162621) AND (id <= 2163620))

for: order_ranges
table 1 : explain SELECT c FROM sbtest1 WHERE id BETWEEN 2693307 AND 2694306 ORDER BY c
	Sort  (cost=4184.82..4187.49 rows=1068 width=121)
	  Sort Key: c
	  ->  Bitmap Heap Scan on sbtest1  (cost=35.38..4131.09 rows=1068 width=121)
	        Recheck Cond: ((id >= 2693307) AND (id <= 2694306))
	        ->  Bitmap Index Scan on sbtest1_pkey  (cost=0.00..35.12 rows=1068 width=0)
	              Index Cond: ((id >= 2693307) AND (id <= 2694306))

table 2 : explain SELECT c FROM sbtest2 WHERE id BETWEEN 6293079 AND 6294078 ORDER BY c
	Sort  (cost=4020.94..4023.50 rows=1024 width=121)
	  Sort Key: c
	  ->  Bitmap Heap Scan on sbtest2  (cost=34.93..3969.74 rows=1024 width=121)
	        Recheck Cond: ((id >= 6293079) AND (id <= 6294078))
	        ->  Bitmap Index Scan on sbtest2_pkey  (cost=0.00..34.68 rows=1024 width=0)
	              Index Cond: ((id >= 6293079) AND (id <= 6294078))

table 3 : explain SELECT c FROM sbtest3 WHERE id BETWEEN 2116125 AND 2117124 ORDER BY c
	Sort  (cost=3790.10..3792.51 rows=964 width=121)
	  Sort Key: c
	  ->  Bitmap Heap Scan on sbtest3  (cost=34.32..3742.32 rows=964 width=121)
	        Recheck Cond: ((id >= 2116125) AND (id <= 2117124))
	        ->  Bitmap Index Scan on sbtest3_pkey  (cost=0.00..34.08 rows=964 width=0)
	              Index Cond: ((id >= 2116125) AND (id <= 2117124))

table 4 : explain SELECT c FROM sbtest4 WHERE id BETWEEN 228913 AND 229912 ORDER BY c
	Sort  (cost=3822.52..3824.94 rows=966 width=121)
	  Sort Key: c
	  ->  Index Scan using sbtest4_pkey on sbtest4  (cost=0.43..3774.63 rows=966 width=121)
	        Index Cond: ((id >= 228913) AND (id <= 229912))

table 5 : explain SELECT c FROM sbtest5 WHERE id BETWEEN 9239930 AND 9240929 ORDER BY c
	Sort  (cost=4172.80..4175.46 rows=1063 width=121)
	  Sort Key: c
	  ->  Bitmap Heap Scan on sbtest5  (cost=35.33..4119.36 rows=1063 width=121)
	        Recheck Cond: ((id >= 9239930) AND (id <= 9240929))
	        ->  Bitmap Index Scan on sbtest5_pkey  (cost=0.00..35.07 rows=1063 width=0)
	              Index Cond: ((id >= 9239930) AND (id <= 9240929))

table 6 : explain SELECT c FROM sbtest6 WHERE id BETWEEN 7851773 AND 7852772 ORDER BY c
	Sort  (cost=4039.20..4041.77 rows=1028 width=121)
	  Sort Key: c
	  ->  Bitmap Heap Scan on sbtest6  (cost=34.97..3987.77 rows=1028 width=121)
	        Recheck Cond: ((id >= 7851773) AND (id <= 7852772))
	        ->  Bitmap Index Scan on sbtest6_pkey  (cost=0.00..34.72 rows=1028 width=0)
	              Index Cond: ((id >= 7851773) AND (id <= 7852772))

table 7 : explain SELECT c FROM sbtest7 WHERE id BETWEEN 8849820 AND 8850819 ORDER BY c
	Sort  (cost=4081.58..4084.18 rows=1039 width=121)
	  Sort Key: c
	  ->  Bitmap Heap Scan on sbtest7  (cost=35.08..4029.52 rows=1039 width=121)
	        Recheck Cond: ((id >= 8849820) AND (id <= 8850819))
	        ->  Bitmap Index Scan on sbtest7_pkey  (cost=0.00..34.83 rows=1039 width=0)
	              Index Cond: ((id >= 8849820) AND (id <= 8850819))

table 8 : explain SELECT c FROM sbtest8 WHERE id BETWEEN 5500128 AND 5501127 ORDER BY c
	Sort  (cost=3696.79..3699.12 rows=930 width=121)
	  Sort Key: c
	  ->  Index Scan using sbtest8_pkey on sbtest8  (cost=0.43..3650.94 rows=930 width=121)
	        Index Cond: ((id >= 5500128) AND (id <= 5501127))

for: order_ranges
table 1 : explain SELECT c FROM sbtest1 WHERE id BETWEEN 2770408 AND 2771407 ORDER BY c
	Sort  (cost=3748.78..3751.17 rows=954 width=121)
	  Sort Key: c
	  ->  Bitmap Heap Scan on sbtest1  (cost=34.21..3701.57 rows=954 width=121)
	        Recheck Cond: ((id >= 2770408) AND (id <= 2771407))
	        ->  Bitmap Index Scan on sbtest1_pkey  (cost=0.00..33.98 rows=954 width=0)
	              Index Cond: ((id >= 2770408) AND (id <= 2771407))

table 2 : explain SELECT c FROM sbtest2 WHERE id BETWEEN 1004359 AND 1005358 ORDER BY c
	Sort  (cost=3871.50..3873.96 rows=985 width=121)
	  Sort Key: c
	  ->  Bitmap Heap Scan on sbtest2  (cost=34.53..3822.53 rows=985 width=121)
	        Recheck Cond: ((id >= 1004359) AND (id <= 1005358))
	        ->  Bitmap Index Scan on sbtest2_pkey  (cost=0.00..34.29 rows=985 width=0)
	              Index Cond: ((id >= 1004359) AND (id <= 1005358))

table 3 : explain SELECT c FROM sbtest3 WHERE id BETWEEN 4817363 AND 4818362 ORDER BY c
	Sort  (cost=3674.99..3677.33 rows=934 width=121)
	  Sort Key: c
	  ->  Bitmap Heap Scan on sbtest3  (cost=34.01..3628.91 rows=934 width=121)
	        Recheck Cond: ((id >= 4817363) AND (id <= 4818362))
	        ->  Bitmap Index Scan on sbtest3_pkey  (cost=0.00..33.78 rows=934 width=0)
	              Index Cond: ((id >= 4817363) AND (id <= 4818362))

table 4 : explain SELECT c FROM sbtest4 WHERE id BETWEEN 1546665 AND 1547664 ORDER BY c
	Sort  (cost=3720.01..3722.36 rows=940 width=121)
	  Sort Key: c
	  ->  Index Scan using sbtest4_pkey on sbtest4  (cost=0.43..3673.59 rows=940 width=121)
	        Index Cond: ((id >= 1546665) AND (id <= 1547664))

table 5 : explain SELECT c FROM sbtest5 WHERE id BETWEEN 2278531 AND 2279530 ORDER BY c
	Sort  (cost=4050.23..4052.80 rows=1031 width=121)
	  Sort Key: c
	  ->  Bitmap Heap Scan on sbtest5  (cost=35.00..3998.63 rows=1031 width=121)
	        Recheck Cond: ((id >= 2278531) AND (id <= 2279530))
	        ->  Bitmap Index Scan on sbtest5_pkey  (cost=0.00..34.75 rows=1031 width=0)
	              Index Cond: ((id >= 2278531) AND (id <= 2279530))

table 6 : explain SELECT c FROM sbtest6 WHERE id BETWEEN 8140971 AND 8141970 ORDER BY c
	Sort  (cost=3770.59..3772.98 rows=958 width=121)
	  Sort Key: c
	  ->  Bitmap Heap Scan on sbtest6  (cost=34.25..3723.15 rows=958 width=121)
	        Recheck Cond: ((id >= 8140971) AND (id <= 8141970))
	        ->  Bitmap Index Scan on sbtest6_pkey  (cost=0.00..34.02 rows=958 width=0)
	              Index Cond: ((id >= 8140971) AND (id <= 8141970))

table 7 : explain SELECT c FROM sbtest7 WHERE id BETWEEN 4210923 AND 4211922 ORDER BY c
	Sort  (cost=3898.13..3900.58 rows=982 width=121)
	  Sort Key: c
	  ->  Index Scan using sbtest7_pkey on sbtest7  (cost=0.43..3849.32 rows=982 width=121)
	        Index Cond: ((id >= 4210923) AND (id <= 4211922))

table 8 : explain SELECT c FROM sbtest8 WHERE id BETWEEN 3480457 AND 3481456 ORDER BY c
	Sort  (cost=3981.82..3984.35 rows=1013 width=121)
	  Sort Key: c
	  ->  Bitmap Heap Scan on sbtest8  (cost=34.82..3931.25 rows=1013 width=121)
	        Recheck Cond: ((id >= 3480457) AND (id <= 3481456))
	        ->  Bitmap Index Scan on sbtest8_pkey  (cost=0.00..34.57 rows=1013 width=0)
	              Index Cond: ((id >= 3480457) AND (id <= 3481456))

for: order_ranges
table 1 : explain SELECT c FROM sbtest1 WHERE id BETWEEN 461406 AND 462405 ORDER BY c
	Sort  (cost=3783.26..3785.67 rows=963 width=121)
	  Sort Key: c
	  ->  Bitmap Heap Scan on sbtest1  (cost=34.31..3735.54 rows=963 width=121)
	        Recheck Cond: ((id >= 461406) AND (id <= 462405))
	        ->  Bitmap Index Scan on sbtest1_pkey  (cost=0.00..34.07 rows=963 width=0)
	              Index Cond: ((id >= 461406) AND (id <= 462405))

table 2 : explain SELECT c FROM sbtest2 WHERE id BETWEEN 5137753 AND 5138752 ORDER BY c
	Sort  (cost=4066.89..4069.48 rows=1036 width=121)
	  Sort Key: c
	  ->  Bitmap Heap Scan on sbtest2  (cost=35.05..4015.00 rows=1036 width=121)
	        Recheck Cond: ((id >= 5137753) AND (id <= 5138752))
	        ->  Bitmap Index Scan on sbtest2_pkey  (cost=0.00..34.80 rows=1036 width=0)
	              Index Cond: ((id >= 5137753) AND (id <= 5138752))

table 3 : explain SELECT c FROM sbtest3 WHERE id BETWEEN 4609805 AND 4610804 ORDER BY c
	Sort  (cost=3663.47..3665.80 rows=931 width=121)
	  Sort Key: c
	  ->  Bitmap Heap Scan on sbtest3  (cost=33.98..3617.56 rows=931 width=121)
	        Recheck Cond: ((id >= 4609805) AND (id <= 4610804))
	        ->  Bitmap Index Scan on sbtest3_pkey  (cost=0.00..33.75 rows=931 width=0)
	              Index Cond: ((id >= 4609805) AND (id <= 4610804))

table 4 : explain SELECT c FROM sbtest4 WHERE id BETWEEN 7537024 AND 7538023 ORDER BY c
	Sort  (cost=4027.57..4030.12 rows=1018 width=121)
	  Sort Key: c
	  ->  Index Scan using sbtest4_pkey on sbtest4  (cost=0.43..3976.71 rows=1018 width=121)
	        Index Cond: ((id >= 7537024) AND (id <= 7538023))

table 5 : explain SELECT c FROM sbtest5 WHERE id BETWEEN 8247695 AND 8248694 ORDER BY c
	Sort  (cost=4188.11..4190.78 rows=1067 width=121)
	  Sort Key: c
	  ->  Bitmap Heap Scan on sbtest5  (cost=35.37..4134.45 rows=1067 width=121)
	        Recheck Cond: ((id >= 8247695) AND (id <= 8248694))
	        ->  Bitmap Index Scan on sbtest5_pkey  (cost=0.00..35.11 rows=1067 width=0)
	              Index Cond: ((id >= 8247695) AND (id <= 8248694))

table 6 : explain SELECT c FROM sbtest6 WHERE id BETWEEN 2162636 AND 2163635 ORDER BY c
	Sort  (cost=3736.01..3738.38 rows=949 width=121)
	  Sort Key: c
	  ->  Bitmap Heap Scan on sbtest6  (cost=34.16..3689.08 rows=949 width=121)
	        Recheck Cond: ((id >= 2162636) AND (id <= 2163635))
	        ->  Bitmap Index Scan on sbtest6_pkey  (cost=0.00..33.93 rows=949 width=0)
	              Index Cond: ((id >= 2162636) AND (id <= 2163635))

table 7 : explain SELECT c FROM sbtest7 WHERE id BETWEEN 9922701 AND 9923700 ORDER BY c
	Sort  (cost=3957.45..3959.94 rows=997 width=121)
	  Sort Key: c
	  ->  Index Scan using sbtest7_pkey on sbtest7  (cost=0.43..3907.79 rows=997 width=121)
	        Index Cond: ((id >= 9922701) AND (id <= 9923700))

table 8 : explain SELECT c FROM sbtest8 WHERE id BETWEEN 1672937 AND 1673936 ORDER BY c
	Sort  (cost=3633.42..3635.71 rows=914 width=121)
	  Sort Key: c
	  ->  Index Scan using sbtest8_pkey on sbtest8  (cost=0.43..3588.47 rows=914 width=121)
	        Index Cond: ((id >= 1672937) AND (id <= 1673936))

for: simple_ranges
table 1 : explain SELECT c FROM sbtest1 WHERE id BETWEEN 8030060 AND 8031059
	Bitmap Heap Scan on sbtest1  (cost=34.47..3795.91 rows=979 width=121)
	  Recheck Cond: ((id >= 8030060) AND (id <= 8031059))
	  ->  Bitmap Index Scan on sbtest1_pkey  (cost=0.00..34.23 rows=979 width=0)
	        Index Cond: ((id >= 8030060) AND (id <= 8031059))

table 2 : explain SELECT c FROM sbtest2 WHERE id BETWEEN 4727462 AND 4728461
	Bitmap Heap Scan on sbtest2  (cost=35.04..4011.23 rows=1035 width=121)
	  Recheck Cond: ((id >= 4727462) AND (id <= 4728461))
	  ->  Bitmap Index Scan on sbtest2_pkey  (cost=0.00..34.79 rows=1035 width=0)
	        Index Cond: ((id >= 4727462) AND (id <= 4728461))

table 3 : explain SELECT c FROM sbtest3 WHERE id BETWEEN 6806623 AND 6807622
	Bitmap Heap Scan on sbtest3  (cost=34.13..3674.29 rows=946 width=121)
	  Recheck Cond: ((id >= 6806623) AND (id <= 6807622))
	  ->  Bitmap Index Scan on sbtest3_pkey  (cost=0.00..33.90 rows=946 width=0)
	        Index Cond: ((id >= 6806623) AND (id <= 6807622))

table 4 : explain SELECT c FROM sbtest4 WHERE id BETWEEN 6832107 AND 6833106
	Index Scan using sbtest4_pkey on sbtest4  (cost=0.43..4000.02 rows=1024 width=121)
	  Index Cond: ((id >= 6832107) AND (id <= 6833106))

table 5 : explain SELECT c FROM sbtest5 WHERE id BETWEEN 2835909 AND 2836908
	Bitmap Heap Scan on sbtest5  (cost=40.24..4458.53 rows=1152 width=121)
	  Recheck Cond: ((id >= 2835909) AND (id <= 2836908))
	  ->  Bitmap Index Scan on sbtest5_pkey  (cost=0.00..39.95 rows=1152 width=0)
	        Index Cond: ((id >= 2835909) AND (id <= 2836908))

table 6 : explain SELECT c FROM sbtest6 WHERE id BETWEEN 221402 AND 222401
	Bitmap Heap Scan on sbtest6  (cost=35.01..4002.88 rows=1032 width=121)
	  Recheck Cond: ((id >= 221402) AND (id <= 222401))
	  ->  Bitmap Index Scan on sbtest6_pkey  (cost=0.00..34.76 rows=1032 width=0)
	        Index Cond: ((id >= 221402) AND (id <= 222401))

table 7 : explain SELECT c FROM sbtest7 WHERE id BETWEEN 6873778 AND 6874777
	Index Scan using sbtest7_pkey on sbtest7  (cost=0.43..3946.77 rows=1007 width=121)
	  Index Cond: ((id >= 6873778) AND (id <= 6874777))

table 8 : explain SELECT c FROM sbtest8 WHERE id BETWEEN 9322693 AND 9323692
	Bitmap Heap Scan on sbtest8  (cost=34.66..3874.57 rows=998 width=121)
	  Recheck Cond: ((id >= 9322693) AND (id <= 9323692))
	  ->  Bitmap Index Scan on sbtest8_pkey  (cost=0.00..34.42 rows=998 width=0)
	        Index Cond: ((id >= 9322693) AND (id <= 9323692))

for: sum_ranges
table 1 : explain SELECT SUM(k) FROM sbtest1 WHERE id BETWEEN 2631139 AND 2632138
	Aggregate  (cost=4133.76..4133.77 rows=1 width=8)
	  ->  Bitmap Heap Scan on sbtest1  (cost=35.38..4131.09 rows=1068 width=4)
	        Recheck Cond: ((id >= 2631139) AND (id <= 2632138))
	        ->  Bitmap Index Scan on sbtest1_pkey  (cost=0.00..35.12 rows=1068 width=0)
	              Index Cond: ((id >= 2631139) AND (id <= 2632138))

table 2 : explain SELECT SUM(k) FROM sbtest2 WHERE id BETWEEN 5686604 AND 5687603
	Aggregate  (cost=3787.19..3787.20 rows=1 width=8)
	  ->  Bitmap Heap Scan on sbtest2  (cost=34.43..3784.75 rows=975 width=4)
	        Recheck Cond: ((id >= 5686604) AND (id <= 5687603))
	        ->  Bitmap Index Scan on sbtest2_pkey  (cost=0.00..34.19 rows=975 width=0)
	              Index Cond: ((id >= 5686604) AND (id <= 5687603))

table 3 : explain SELECT SUM(k) FROM sbtest3 WHERE id BETWEEN 118220 AND 119219
	Aggregate  (cost=3975.13..3975.14 rows=1 width=8)
	  ->  Bitmap Heap Scan on sbtest3  (cost=34.94..3972.57 rows=1025 width=4)
	        Recheck Cond: ((id >= 118220) AND (id <= 119219))
	        ->  Bitmap Index Scan on sbtest3_pkey  (cost=0.00..34.69 rows=1025 width=0)
	              Index Cond: ((id >= 118220) AND (id <= 119219))

table 4 : explain SELECT SUM(k) FROM sbtest4 WHERE id BETWEEN 2733071 AND 2734070
	Aggregate  (cost=3302.53..3302.54 rows=1 width=8)
	  ->  Index Scan using sbtest4_pkey on sbtest4  (cost=0.43..3300.42 rows=845 width=4)
	        Index Cond: ((id >= 2733071) AND (id <= 2734070))

table 5 : explain SELECT SUM(k) FROM sbtest5 WHERE id BETWEEN 4284125 AND 4285124
	Aggregate  (cost=4235.18..4235.19 rows=1 width=8)
	  ->  Bitmap Heap Scan on sbtest5  (cost=35.64..4232.44 rows=1093 width=4)
	        Recheck Cond: ((id >= 4284125) AND (id <= 4285124))
	        ->  Bitmap Index Scan on sbtest5_pkey  (cost=0.00..35.37 rows=1093 width=0)
	              Index Cond: ((id >= 4284125) AND (id <= 4285124))

table 6 : explain SELECT SUM(k) FROM sbtest6 WHERE id BETWEEN 1059882 AND 1060881
	Aggregate  (cost=4047.01..4047.02 rows=1 width=8)
	  ->  Bitmap Heap Scan on sbtest6  (cost=35.13..4044.40 rows=1043 width=4)
	        Recheck Cond: ((id >= 1059882) AND (id <= 1060881))
	        ->  Bitmap Index Scan on sbtest6_pkey  (cost=0.00..34.87 rows=1043 width=0)
	              Index Cond: ((id >= 1059882) AND (id <= 1060881))

table 7 : explain SELECT SUM(k) FROM sbtest7 WHERE id BETWEEN 6018666 AND 6019665
	Aggregate  (cost=3828.34..3828.35 rows=1 width=8)
	  ->  Index Scan using sbtest7_pkey on sbtest7  (cost=0.43..3825.90 rows=976 width=4)
	        Index Cond: ((id >= 6018666) AND (id <= 6019665))

table 8 : explain SELECT SUM(k) FROM sbtest8 WHERE id BETWEEN 2080256 AND 2081255
	Aggregate  (cost=3743.11..3743.12 rows=1 width=8)
	  ->  Index Scan using sbtest8_pkey on sbtest8  (cost=0.43..3740.73 rows=953 width=4)
	        Index Cond: ((id >= 2080256) AND (id <= 2081255))

for: distinct_ranges
table 1 : explain SELECT DISTINCT c FROM sbtest1 WHERE id BETWEEN 7920261 AND 7921260 ORDER BY c
	Unique  (cost=4081.69..4086.89 rows=1041 width=121)
	  ->  Sort  (cost=4081.69..4084.29 rows=1041 width=121)
	        Sort Key: c
	        ->  Bitmap Heap Scan on sbtest1  (cost=35.11..4029.51 rows=1041 width=121)
	              Recheck Cond: ((id >= 7920261) AND (id <= 7921260))
	              ->  Bitmap Index Scan on sbtest1_pkey  (cost=0.00..34.84 rows=1041 width=0)
	                    Index Cond: ((id >= 7920261) AND (id <= 7921260))

table 2 : explain SELECT DISTINCT c FROM sbtest2 WHERE id BETWEEN 637098 AND 638097 ORDER BY c
	Unique  (cost=3833.16..3838.03 rows=975 width=121)
	  ->  Sort  (cost=3833.16..3835.59 rows=975 width=121)
	        Sort Key: c
	        ->  Bitmap Heap Scan on sbtest2  (cost=34.43..3784.75 rows=975 width=121)
	              Recheck Cond: ((id >= 637098) AND (id <= 638097))
	              ->  Bitmap Index Scan on sbtest2_pkey  (cost=0.00..34.19 rows=975 width=0)
	                    Index Cond: ((id >= 637098) AND (id <= 638097))

table 3 : explain SELECT DISTINCT c FROM sbtest3 WHERE id BETWEEN 8319369 AND 8320368 ORDER BY c
	Unique  (cost=3935.75..3940.76 rows=1002 width=121)
	  ->  Sort  (cost=3935.75..3938.26 rows=1002 width=121)
	        Sort Key: c
	        ->  Bitmap Heap Scan on sbtest3  (cost=34.71..3885.81 rows=1002 width=121)
	              Recheck Cond: ((id >= 8319369) AND (id <= 8320368))
	              ->  Bitmap Index Scan on sbtest3_pkey  (cost=0.00..34.45 rows=1002 width=0)
	                    Index Cond: ((id >= 8319369) AND (id <= 8320368))

table 4 : explain SELECT DISTINCT c FROM sbtest4 WHERE id BETWEEN 2330804 AND 2331803 ORDER BY c
	Unique  (cost=4161.64..4166.90 rows=1052 width=121)
	  ->  Sort  (cost=4161.64..4164.27 rows=1052 width=121)
	        Sort Key: c
	        ->  Index Scan using sbtest4_pkey on sbtest4  (cost=0.43..4108.84 rows=1052 width=121)
	              Index Cond: ((id >= 2330804) AND (id <= 2331803))

table 5 : explain SELECT DISTINCT c FROM sbtest5 WHERE id BETWEEN 2978525 AND 2979524 ORDER BY c
	Unique  (cost=3666.42..3671.07 rows=931 width=121)
	  ->  Sort  (cost=3666.42..3668.75 rows=931 width=121)
	        Sort Key: c
	        ->  Bitmap Heap Scan on sbtest5  (cost=33.98..3620.51 rows=931 width=121)
	              Recheck Cond: ((id >= 2978525) AND (id <= 2979524))
	              ->  Bitmap Index Scan on sbtest5_pkey  (cost=0.00..33.75 rows=931 width=0)
	                    Index Cond: ((id >= 2978525) AND (id <= 2979524))

table 6 : explain SELECT DISTINCT c FROM sbtest6 WHERE id BETWEEN 8193017 AND 8194016 ORDER BY c
	Unique  (cost=3770.59..3775.38 rows=958 width=121)
	  ->  Sort  (cost=3770.59..3772.98 rows=958 width=121)
	        Sort Key: c
	        ->  Bitmap Heap Scan on sbtest6  (cost=34.25..3723.15 rows=958 width=121)
	              Recheck Cond: ((id >= 8193017) AND (id <= 8194016))
	              ->  Bitmap Index Scan on sbtest6_pkey  (cost=0.00..34.02 rows=958 width=0)
	                    Index Cond: ((id >= 8193017) AND (id <= 8194016))

table 7 : explain SELECT DISTINCT c FROM sbtest7 WHERE id BETWEEN 97977 AND 98976 ORDER BY c
	Unique  (cost=3949.54..3954.51 rows=995 width=121)
	  ->  Sort  (cost=3949.54..3952.02 rows=995 width=121)
	        Sort Key: c
	        ->  Index Scan using sbtest7_pkey on sbtest7  (cost=0.43..3899.99 rows=995 width=121)
	              Index Cond: ((id >= 97977) AND (id <= 98976))

table 8 : explain SELECT DISTINCT c FROM sbtest8 WHERE id BETWEEN 4501068 AND 4502067 ORDER BY c
	Unique  (cost=3832.16..3837.03 rows=974 width=121)
	  ->  Sort  (cost=3832.16..3834.60 rows=974 width=121)
	        Sort Key: c
	        ->  Bitmap Heap Scan on sbtest8  (cost=34.42..3783.81 rows=974 width=121)
	              Recheck Cond: ((id >= 4501068) AND (id <= 4502067))
	              ->  Bitmap Index Scan on sbtest8_pkey  (cost=0.00..34.18 rows=974 width=0)
	                    Index Cond: ((id >= 4501068) AND (id <= 4502067))

for point_selects
table 1 : explain SELECT c FROM sbtest1 WHERE id=314825
	Index Scan using sbtest1_pkey on sbtest1  (cost=0.43..8.45 rows=1 width=121)
	  Index Cond: (id = 314825)

table 2 : explain SELECT c FROM sbtest2 WHERE id=5437885
	Index Scan using sbtest2_pkey on sbtest2  (cost=0.43..8.45 rows=1 width=121)
	  Index Cond: (id = 5437885)

table 3 : explain SELECT c FROM sbtest3 WHERE id=7627507
	Index Scan using sbtest3_pkey on sbtest3  (cost=0.43..8.45 rows=1 width=121)
	  Index Cond: (id = 7627507)

table 4 : explain SELECT c FROM sbtest4 WHERE id=7643280
	Index Scan using sbtest4_pkey on sbtest4  (cost=0.43..8.45 rows=1 width=121)
	  Index Cond: (id = 7643280)

table 5 : explain SELECT c FROM sbtest5 WHERE id=3931445
	Index Scan using sbtest5_pkey on sbtest5  (cost=0.43..8.45 rows=1 width=121)
	  Index Cond: (id = 3931445)

table 6 : explain SELECT c FROM sbtest6 WHERE id=6137289
	Index Scan using sbtest6_pkey on sbtest6  (cost=0.43..8.45 rows=1 width=121)
	  Index Cond: (id = 6137289)

table 7 : explain SELECT c FROM sbtest7 WHERE id=5493457
	Index Scan using sbtest7_pkey on sbtest7  (cost=0.43..8.45 rows=1 width=121)
	  Index Cond: (id = 5493457)

table 8 : explain SELECT c FROM sbtest8 WHERE id=4401177
	Index Scan using sbtest8_pkey on sbtest8  (cost=0.43..8.45 rows=1 width=121)
	  Index Cond: (id = 4401177)

for: sum_ranges
table 1 : explain SELECT SUM(k) FROM sbtest1 WHERE id BETWEEN 8689102 AND 8690101
	Aggregate  (cost=3685.07..3685.08 rows=1 width=8)
	  ->  Bitmap Heap Scan on sbtest1  (cost=34.16..3682.69 rows=949 width=4)
	        Recheck Cond: ((id >= 8689102) AND (id <= 8690101))
	        ->  Bitmap Index Scan on sbtest1_pkey  (cost=0.00..33.93 rows=949 width=0)
	              Index Cond: ((id >= 8689102) AND (id <= 8690101))

table 2 : explain SELECT SUM(k) FROM sbtest2 WHERE id BETWEEN 757915 AND 758914
	Aggregate  (cost=3915.67..3915.68 rows=1 width=8)
	  ->  Bitmap Heap Scan on sbtest2  (cost=34.78..3913.14 rows=1009 width=4)
	        Recheck Cond: ((id >= 757915) AND (id <= 758914))
	        ->  Bitmap Index Scan on sbtest2_pkey  (cost=0.00..34.53 rows=1009 width=0)
	              Index Cond: ((id >= 757915) AND (id <= 758914))

table 3 : explain SELECT SUM(k) FROM sbtest3 WHERE id BETWEEN 7798988 AND 7799987
	Aggregate  (cost=3986.45..3986.46 rows=1 width=8)
	  ->  Bitmap Heap Scan on sbtest3  (cost=34.97..3983.88 rows=1028 width=4)
	        Recheck Cond: ((id >= 7798988) AND (id <= 7799987))
	        ->  Bitmap Index Scan on sbtest3_pkey  (cost=0.00..34.72 rows=1028 width=0)
	              Index Cond: ((id >= 7798988) AND (id <= 7799987))

table 4 : explain SELECT SUM(k) FROM sbtest4 WHERE id BETWEEN 756866 AND 757865
	Aggregate  (cost=3656.50..3656.51 rows=1 width=8)
	  ->  Index Scan using sbtest4_pkey on sbtest4  (cost=0.43..3654.16 rows=935 width=4)
	        Index Cond: ((id >= 756866) AND (id <= 757865))

table 5 : explain SELECT SUM(k) FROM sbtest5 WHERE id BETWEEN 4305685 AND 4306684
	Aggregate  (cost=3914.29..3914.30 rows=1 width=8)
	  ->  Bitmap Heap Scan on sbtest5  (cost=34.77..3911.77 rows=1008 width=4)
	        Recheck Cond: ((id >= 4305685) AND (id <= 4306684))
	        ->  Bitmap Index Scan on sbtest5_pkey  (cost=0.00..34.52 rows=1008 width=0)
	              Index Cond: ((id >= 4305685) AND (id <= 4306684))

table 6 : explain SELECT SUM(k) FROM sbtest6 WHERE id BETWEEN 5488310 AND 5489309
	Aggregate  (cost=3767.20..3767.21 rows=1 width=8)
	  ->  Bitmap Heap Scan on sbtest6  (cost=34.37..3764.77 rows=969 width=4)
	        Recheck Cond: ((id >= 5488310) AND (id <= 5489309))
	        ->  Bitmap Index Scan on sbtest6_pkey  (cost=0.00..34.12 rows=969 width=0)
	              Index Cond: ((id >= 5488310) AND (id <= 5489309))

table 7 : explain SELECT SUM(k) FROM sbtest7 WHERE id BETWEEN 9823968 AND 9824967
	Aggregate  (cost=3789.34..3789.35 rows=1 width=8)
	  ->  Index Scan using sbtest7_pkey on sbtest7  (cost=0.43..3786.93 rows=966 width=4)
	        Index Cond: ((id >= 9823968) AND (id <= 9824967))

table 8 : explain SELECT SUM(k) FROM sbtest8 WHERE id BETWEEN 3653936 AND 3654935
	Aggregate  (cost=3516.46..3516.47 rows=1 width=8)
	  ->  Index Scan using sbtest8_pkey on sbtest8  (cost=0.43..3514.22 rows=896 width=4)
	        Index Cond: ((id >= 3653936) AND (id <= 3654935))

for: distinct_ranges
table 1 : explain SELECT DISTINCT c FROM sbtest1 WHERE id BETWEEN 3562875 AND 3563874 ORDER BY c
	Unique  (cost=4005.24..4010.34 rows=1021 width=121)
	  ->  Sort  (cost=4005.24..4007.79 rows=1021 width=121)
	        Sort Key: c
	        ->  Bitmap Heap Scan on sbtest1  (cost=34.90..3954.21 rows=1021 width=121)
	              Recheck Cond: ((id >= 3562875) AND (id <= 3563874))
	              ->  Bitmap Index Scan on sbtest1_pkey  (cost=0.00..34.65 rows=1021 width=0)
	                    Index Cond: ((id >= 3562875) AND (id <= 3563874))

table 2 : explain SELECT DISTINCT c FROM sbtest2 WHERE id BETWEEN 1681522 AND 1682521 ORDER BY c
	Unique  (cost=3752.59..3757.36 rows=954 width=121)
	  ->  Sort  (cost=3752.59..3754.97 rows=954 width=121)
	        Sort Key: c
	        ->  Bitmap Heap Scan on sbtest2  (cost=34.21..3705.38 rows=954 width=121)
	              Recheck Cond: ((id >= 1681522) AND (id <= 1682521))
	              ->  Bitmap Index Scan on sbtest2_pkey  (cost=0.00..33.98 rows=954 width=0)
	                    Index Cond: ((id >= 1681522) AND (id <= 1682521))

table 3 : explain SELECT DISTINCT c FROM sbtest3 WHERE id BETWEEN 8453813 AND 8454812 ORDER BY c
	Unique  (cost=4333.69..4339.22 rows=1105 width=121)
	  ->  Sort  (cost=4333.69..4336.46 rows=1105 width=121)
	        Sort Key: c
	        ->  Bitmap Heap Scan on sbtest3  (cost=39.76..4277.84 rows=1105 width=121)
	              Recheck Cond: ((id >= 8453813) AND (id <= 8454812))
	              ->  Bitmap Index Scan on sbtest3_pkey  (cost=0.00..39.48 rows=1105 width=0)
	                    Index Cond: ((id >= 8453813) AND (id <= 8454812))

table 4 : explain SELECT DISTINCT c FROM sbtest4 WHERE id BETWEEN 4516462 AND 4517461 ORDER BY c
	Unique  (cost=3688.48..3693.14 rows=932 width=121)
	  ->  Sort  (cost=3688.48..3690.81 rows=932 width=121)
	        Sort Key: c
	        ->  Index Scan using sbtest4_pkey on sbtest4  (cost=0.43..3642.51 rows=932 width=121)
	              Index Cond: ((id >= 4516462) AND (id <= 4517461))

table 5 : explain SELECT DISTINCT c FROM sbtest5 WHERE id BETWEEN 7079821 AND 7080820 ORDER BY c
	Unique  (cost=3612.59..3617.18 rows=917 width=121)
	  ->  Sort  (cost=3612.59..3614.88 rows=917 width=121)
	        Sort Key: c
	        ->  Bitmap Heap Scan on sbtest5  (cost=33.83..3567.47 rows=917 width=121)
	              Recheck Cond: ((id >= 7079821) AND (id <= 7080820))
	              ->  Bitmap Index Scan on sbtest5_pkey  (cost=0.00..33.61 rows=917 width=0)
	                    Index Cond: ((id >= 7079821) AND (id <= 7080820))

table 6 : explain SELECT DISTINCT c FROM sbtest6 WHERE id BETWEEN 7188665 AND 7189664 ORDER BY c
	Unique  (cost=3962.51..3967.55 rows=1008 width=121)
	  ->  Sort  (cost=3962.51..3965.03 rows=1008 width=121)
	        Sort Key: c
	        ->  Bitmap Heap Scan on sbtest6  (cost=34.77..3912.23 rows=1008 width=121)
	              Recheck Cond: ((id >= 7188665) AND (id <= 7189664))
	              ->  Bitmap Index Scan on sbtest6_pkey  (cost=0.00..34.52 rows=1008 width=0)
	                    Index Cond: ((id >= 7188665) AND (id <= 7189664))

table 7 : explain SELECT DISTINCT c FROM sbtest7 WHERE id BETWEEN 899974 AND 900973 ORDER BY c
	Unique  (cost=4096.91..4102.13 rows=1043 width=121)
	  ->  Sort  (cost=4096.91..4099.52 rows=1043 width=121)
	        Sort Key: c
	        ->  Bitmap Heap Scan on sbtest7  (cost=35.13..4044.62 rows=1043 width=121)
	              Recheck Cond: ((id >= 899974) AND (id <= 900973))
	              ->  Bitmap Index Scan on sbtest7_pkey  (cost=0.00..34.87 rows=1043 width=0)
	                    Index Cond: ((id >= 899974) AND (id <= 900973))

table 8 : explain SELECT DISTINCT c FROM sbtest8 WHERE id BETWEEN 383839 AND 384838 ORDER BY c
	Unique  (cost=3928.12..3933.11 rows=999 width=121)
	  ->  Sort  (cost=3928.12..3930.61 rows=999 width=121)
	        Sort Key: c
	        ->  Bitmap Heap Scan on sbtest8  (cost=34.67..3878.35 rows=999 width=121)
	              Recheck Cond: ((id >= 383839) AND (id <= 384838))
	              ->  Bitmap Index Scan on sbtest8_pkey  (cost=0.00..34.43 rows=999 width=0)
	                    Index Cond: ((id >= 383839) AND (id <= 384838))

for: distinct_ranges
table 1 : explain SELECT DISTINCT c FROM sbtest1 WHERE id BETWEEN 7299968 AND 7300967 ORDER BY c
	Unique  (cost=3894.30..3899.26 rows=992 width=121)
	  ->  Sort  (cost=3894.30..3896.78 rows=992 width=121)
	        Sort Key: c
	        ->  Bitmap Heap Scan on sbtest1  (cost=34.60..3844.93 rows=992 width=121)
	              Recheck Cond: ((id >= 7299968) AND (id <= 7300967))
	              ->  Bitmap Index Scan on sbtest1_pkey  (cost=0.00..34.36 rows=992 width=0)
	                    Index Cond: ((id >= 7299968) AND (id <= 7300967))

table 2 : explain SELECT DISTINCT c FROM sbtest2 WHERE id BETWEEN 9844889 AND 9845888 ORDER BY c
	Unique  (cost=4040.09..4045.23 rows=1029 width=121)
	  ->  Sort  (cost=4040.09..4042.66 rows=1029 width=121)
	        Sort Key: c
	        ->  Bitmap Heap Scan on sbtest2  (cost=34.98..3988.60 rows=1029 width=121)
	              Recheck Cond: ((id >= 9844889) AND (id <= 9845888))
	              ->  Bitmap Index Scan on sbtest2_pkey  (cost=0.00..34.73 rows=1029 width=0)
	                    Index Cond: ((id >= 9844889) AND (id <= 9845888))

table 3 : explain SELECT DISTINCT c FROM sbtest3 WHERE id BETWEEN 8943234 AND 8944233 ORDER BY c
	Unique  (cost=3889.78..3894.73 rows=990 width=121)
	  ->  Sort  (cost=3889.78..3892.25 rows=990 width=121)
	        Sort Key: c
	        ->  Bitmap Heap Scan on sbtest3  (cost=34.58..3840.52 rows=990 width=121)
	              Recheck Cond: ((id >= 8943234) AND (id <= 8944233))
	              ->  Bitmap Index Scan on sbtest3_pkey  (cost=0.00..34.34 rows=990 width=0)
	                    Index Cond: ((id >= 8943234) AND (id <= 8944233))

table 4 : explain SELECT DISTINCT c FROM sbtest4 WHERE id BETWEEN 9517064 AND 9518063 ORDER BY c
	Unique  (cost=3629.32..3633.91 rows=917 width=121)
	  ->  Sort  (cost=3629.32..3631.61 rows=917 width=121)
	        Sort Key: c
	        ->  Index Scan using sbtest4_pkey on sbtest4  (cost=0.43..3584.20 rows=917 width=121)
	              Index Cond: ((id >= 9517064) AND (id <= 9518063))

table 5 : explain SELECT DISTINCT c FROM sbtest5 WHERE id BETWEEN 4581372 AND 4582371 ORDER BY c
	Unique  (cost=4107.70..4112.93 rows=1046 width=121)
	  ->  Sort  (cost=4107.70..4110.31 rows=1046 width=121)
	        Sort Key: c
	        ->  Bitmap Heap Scan on sbtest5  (cost=35.16..4055.24 rows=1046 width=121)
	              Recheck Cond: ((id >= 4581372) AND (id <= 4582371))
	              ->  Bitmap Index Scan on sbtest5_pkey  (cost=0.00..34.90 rows=1046 width=0)
	                    Index Cond: ((id >= 4581372) AND (id <= 4582371))

table 6 : explain SELECT DISTINCT c FROM sbtest6 WHERE id BETWEEN 9608255 AND 9609254 ORDER BY c
	Unique  (cost=4027.70..4032.83 rows=1025 width=121)
	  ->  Sort  (cost=4027.70..4030.26 rows=1025 width=121)
	        Sort Key: c
	        ->  Bitmap Heap Scan on sbtest6  (cost=34.94..3976.45 rows=1025 width=121)
	              Recheck Cond: ((id >= 9608255) AND (id <= 9609254))
	              ->  Bitmap Index Scan on sbtest6_pkey  (cost=0.00..34.69 rows=1025 width=0)
	                    Index Cond: ((id >= 9608255) AND (id <= 9609254))

table 7 : explain SELECT DISTINCT c FROM sbtest7 WHERE id BETWEEN 2658436 AND 2659435 ORDER BY c
	Unique  (cost=4008.89..4013.94 rows=1010 width=121)
	  ->  Sort  (cost=4008.89..4011.42 rows=1010 width=121)
	        Sort Key: c
	        ->  Index Scan using sbtest7_pkey on sbtest7  (cost=0.43..3958.49 rows=1010 width=121)
	              Index Cond: ((id >= 2658436) AND (id <= 2659435))

table 8 : explain SELECT DISTINCT c FROM sbtest8 WHERE id BETWEEN 1241914 AND 1242913 ORDER BY c
	Unique  (cost=3732.43..3737.12 rows=939 width=121)
	  ->  Sort  (cost=3732.43..3734.77 rows=939 width=121)
	        Sort Key: c
	        ->  Index Scan using sbtest8_pkey on sbtest8  (cost=0.43..3686.06 rows=939 width=121)
	              Index Cond: ((id >= 1241914) AND (id <= 1242913))

for: sum_ranges
table 1 : explain SELECT SUM(k) FROM sbtest1 WHERE id BETWEEN 379372 AND 380371
	Aggregate  (cost=4103.65..4103.66 rows=1 width=8)
	  ->  Bitmap Heap Scan on sbtest1  (cost=35.30..4101.00 rows=1060 width=4)
	        Recheck Cond: ((id >= 379372) AND (id <= 380371))
	        ->  Bitmap Index Scan on sbtest1_pkey  (cost=0.00..35.04 rows=1060 width=0)
	              Index Cond: ((id >= 379372) AND (id <= 380371))

table 2 : explain SELECT SUM(k) FROM sbtest2 WHERE id BETWEEN 6566965 AND 6567964
	Aggregate  (cost=3715.33..3715.34 rows=1 width=8)
	  ->  Bitmap Heap Scan on sbtest2  (cost=34.23..3712.94 rows=956 width=4)
	        Recheck Cond: ((id >= 6566965) AND (id <= 6567964))
	        ->  Bitmap Index Scan on sbtest2_pkey  (cost=0.00..34.00 rows=956 width=0)
	              Index Cond: ((id >= 6566965) AND (id <= 6567964))

table 3 : explain SELECT SUM(k) FROM sbtest3 WHERE id BETWEEN 5884186 AND 5885185
	Aggregate  (cost=3948.72..3948.73 rows=1 width=8)
	  ->  Bitmap Heap Scan on sbtest3  (cost=34.87..3946.17 rows=1018 width=4)
	        Recheck Cond: ((id >= 5884186) AND (id <= 5885185))
	        ->  Bitmap Index Scan on sbtest3_pkey  (cost=0.00..34.62 rows=1018 width=0)
	              Index Cond: ((id >= 5884186) AND (id <= 5885185))

table 4 : explain SELECT SUM(k) FROM sbtest4 WHERE id BETWEEN 306385 AND 307384
	Aggregate  (cost=3796.48..3796.49 rows=1 width=8)
	  ->  Index Scan using sbtest4_pkey on sbtest4  (cost=0.43..3794.05 rows=971 width=4)
	        Index Cond: ((id >= 306385) AND (id <= 307384))

table 5 : explain SELECT SUM(k) FROM sbtest5 WHERE id BETWEEN 9766108 AND 9767107
	Aggregate  (cost=3887.82..3887.83 rows=1 width=8)
	  ->  Bitmap Heap Scan on sbtest5  (cost=34.70..3885.32 rows=1001 width=4)
	        Recheck Cond: ((id >= 9766108) AND (id <= 9767107))
	        ->  Bitmap Index Scan on sbtest5_pkey  (cost=0.00..34.45 rows=1001 width=0)
	              Index Cond: ((id >= 9766108) AND (id <= 9767107))

table 6 : explain SELECT SUM(k) FROM sbtest6 WHERE id BETWEEN 8636478 AND 8637477
	Aggregate  (cost=3770.98..3770.99 rows=1 width=8)
	  ->  Bitmap Heap Scan on sbtest6  (cost=34.38..3768.56 rows=970 width=4)
	        Recheck Cond: ((id >= 8636478) AND (id <= 8637477))
	        ->  Bitmap Index Scan on sbtest6_pkey  (cost=0.00..34.14 rows=970 width=0)
	              Index Cond: ((id >= 8636478) AND (id <= 8637477))

table 7 : explain SELECT SUM(k) FROM sbtest7 WHERE id BETWEEN 2062719 AND 2063718
	Aggregate  (cost=4062.34..4062.35 rows=1 width=8)
	  ->  Bitmap Heap Scan on sbtest7  (cost=35.17..4059.72 rows=1047 width=4)
	        Recheck Cond: ((id >= 2062719) AND (id <= 2063718))
	        ->  Bitmap Index Scan on sbtest7_pkey  (cost=0.00..34.91 rows=1047 width=0)
	              Index Cond: ((id >= 2062719) AND (id <= 2063718))

table 8 : explain SELECT SUM(k) FROM sbtest8 WHERE id BETWEEN 7473571 AND 7474570
	Aggregate  (cost=4111.34..4111.35 rows=1 width=8)
	  ->  Bitmap Heap Scan on sbtest8  (cost=35.30..4108.69 rows=1060 width=4)
	        Recheck Cond: ((id >= 7473571) AND (id <= 7474570))
	        ->  Bitmap Index Scan on sbtest8_pkey  (cost=0.00..35.04 rows=1060 width=0)
	              Index Cond: ((id >= 7473571) AND (id <= 7474570))

for: simple_ranges
table 1 : explain SELECT c FROM sbtest1 WHERE id BETWEEN 9236383 AND 9237382
	Bitmap Heap Scan on sbtest1  (cost=40.02..4364.28 rows=1130 width=121)
	  Recheck Cond: ((id >= 9236383) AND (id <= 9237382))
	  ->  Bitmap Index Scan on sbtest1_pkey  (cost=0.00..39.73 rows=1130 width=0)
	        Index Cond: ((id >= 9236383) AND (id <= 9237382))

table 2 : explain SELECT c FROM sbtest2 WHERE id BETWEEN 9172913 AND 9173912
	Bitmap Heap Scan on sbtest2  (cost=34.74..3898.05 rows=1005 width=121)
	  Recheck Cond: ((id >= 9172913) AND (id <= 9173912))
	  ->  Bitmap Index Scan on sbtest2_pkey  (cost=0.00..34.48 rows=1005 width=0)
	        Index Cond: ((id >= 9172913) AND (id <= 9173912))

table 3 : explain SELECT c FROM sbtest3 WHERE id BETWEEN 3096532 AND 3097531
	Bitmap Heap Scan on sbtest3  (cost=35.38..4134.60 rows=1068 width=121)
	  Recheck Cond: ((id >= 3096532) AND (id <= 3097531))
	  ->  Bitmap Index Scan on sbtest3_pkey  (cost=0.00..35.12 rows=1068 width=0)
	        Index Cond: ((id >= 3096532) AND (id <= 3097531))

table 4 : explain SELECT c FROM sbtest4 WHERE id BETWEEN 2805675 AND 2806674
	Index Scan using sbtest4_pkey on sbtest4  (cost=0.43..3300.42 rows=845 width=121)
	  Index Cond: ((id >= 2805675) AND (id <= 2806674))

table 5 : explain SELECT c FROM sbtest5 WHERE id BETWEEN 1053207 AND 1054206
	Bitmap Heap Scan on sbtest5  (cost=34.24..3718.94 rows=957 width=121)
	  Recheck Cond: ((id >= 1053207) AND (id <= 1054206))
	  ->  Bitmap Index Scan on sbtest5_pkey  (cost=0.00..34.01 rows=957 width=0)
	        Index Cond: ((id >= 1053207) AND (id <= 1054206))

table 6 : explain SELECT c FROM sbtest6 WHERE id BETWEEN 9280915 AND 9281914
	Bitmap Heap Scan on sbtest6  (cost=35.21..4074.59 rows=1051 width=121)
	  Recheck Cond: ((id >= 9280915) AND (id <= 9281914))
	  ->  Bitmap Index Scan on sbtest6_pkey  (cost=0.00..34.95 rows=1051 width=0)
	        Index Cond: ((id >= 9280915) AND (id <= 9281914))

table 7 : explain SELECT c FROM sbtest7 WHERE id BETWEEN 2149338 AND 2150337
	Index Scan using sbtest7_pkey on sbtest7  (cost=0.43..3927.28 rows=1002 width=121)
	  Index Cond: ((id >= 2149338) AND (id <= 2150337))

table 8 : explain SELECT c FROM sbtest8 WHERE id BETWEEN 6805683 AND 6806682
	Bitmap Heap Scan on sbtest8  (cost=34.63..3863.23 rows=995 width=121)
	  Recheck Cond: ((id >= 6805683) AND (id <= 6806682))
	  ->  Bitmap Index Scan on sbtest8_pkey  (cost=0.00..34.39 rows=995 width=0)
	        Index Cond: ((id >= 6805683) AND (id <= 6806682))

for: order_ranges
table 1 : explain SELECT c FROM sbtest1 WHERE id BETWEEN 8290882 AND 8291881 ORDER BY c
	Sort  (cost=3368.67..3370.81 rows=856 width=121)
	  Sort Key: c
	  ->  Bitmap Heap Scan on sbtest1  (cost=29.21..3326.97 rows=856 width=121)
	        Recheck Cond: ((id >= 8290882) AND (id <= 8291881))
	        ->  Bitmap Index Scan on sbtest1_pkey  (cost=0.00..29.00 rows=856 width=0)
	              Index Cond: ((id >= 8290882) AND (id <= 8291881))

table 2 : explain SELECT c FROM sbtest2 WHERE id BETWEEN 793906 AND 794905 ORDER BY c
	Sort  (cost=3963.49..3966.01 rows=1009 width=121)
	  Sort Key: c
	  ->  Bitmap Heap Scan on sbtest2  (cost=34.78..3913.14 rows=1009 width=121)
	        Recheck Cond: ((id >= 793906) AND (id <= 794905))
	        ->  Bitmap Index Scan on sbtest2_pkey  (cost=0.00..34.53 rows=1009 width=0)
	              Index Cond: ((id >= 793906) AND (id <= 794905))

table 3 : explain SELECT c FROM sbtest3 WHERE id BETWEEN 5790386 AND 5791385 ORDER BY c
	Sort  (cost=3824.61..3827.05 rows=973 width=121)
	  Sort Key: c
	  ->  Bitmap Heap Scan on sbtest3  (cost=34.41..3776.32 rows=973 width=121)
	        Recheck Cond: ((id >= 5790386) AND (id <= 5791385))
	        ->  Bitmap Index Scan on sbtest3_pkey  (cost=0.00..34.17 rows=973 width=0)
	              Index Cond: ((id >= 5790386) AND (id <= 5791385))

table 4 : explain SELECT c FROM sbtest4 WHERE id BETWEEN 9637464 AND 9638463 ORDER BY c
	Sort  (cost=4252.32..4255.00 rows=1075 width=121)
	  Sort Key: c
	  ->  Index Scan using sbtest4_pkey on sbtest4  (cost=0.43..4198.19 rows=1075 width=121)
	        Index Cond: ((id >= 9637464) AND (id <= 9638463))

table 5 : explain SELECT c FROM sbtest5 WHERE id BETWEEN 7241812 AND 7242811 ORDER BY c
	Sort  (cost=3758.64..3761.03 rows=955 width=121)
	  Sort Key: c
	  ->  Bitmap Heap Scan on sbtest5  (cost=34.22..3711.37 rows=955 width=121)
	        Recheck Cond: ((id >= 7241812) AND (id <= 7242811))
	        ->  Bitmap Index Scan on sbtest5_pkey  (cost=0.00..33.98 rows=955 width=0)
	              Index Cond: ((id >= 7241812) AND (id <= 7242811))

table 6 : explain SELECT c FROM sbtest6 WHERE id BETWEEN 5046390 AND 5047389 ORDER BY c
	Sort  (cost=3962.51..3965.03 rows=1008 width=121)
	  Sort Key: c
	  ->  Bitmap Heap Scan on sbtest6  (cost=34.77..3912.23 rows=1008 width=121)
	        Recheck Cond: ((id >= 5046390) AND (id <= 5047389))
	        ->  Bitmap Index Scan on sbtest6_pkey  (cost=0.00..34.52 rows=1008 width=0)
	              Index Cond: ((id >= 5046390) AND (id <= 5047389))

table 7 : explain SELECT c FROM sbtest7 WHERE id BETWEEN 7893712 AND 7894711 ORDER BY c
	Sort  (cost=4089.25..4091.85 rows=1041 width=121)
	  Sort Key: c
	  ->  Bitmap Heap Scan on sbtest7  (cost=35.11..4037.07 rows=1041 width=121)
	        Recheck Cond: ((id >= 7893712) AND (id <= 7894711))
	        ->  Bitmap Index Scan on sbtest7_pkey  (cost=0.00..34.84 rows=1041 width=0)
	              Index Cond: ((id >= 7893712) AND (id <= 7894711))

table 8 : explain SELECT c FROM sbtest8 WHERE id BETWEEN 8475942 AND 8476941 ORDER BY c
	Sort  (cost=3878.23..3880.69 rows=986 width=121)
	  Sort Key: c
	  ->  Bitmap Heap Scan on sbtest8  (cost=34.54..3829.20 rows=986 width=121)
	        Recheck Cond: ((id >= 8475942) AND (id <= 8476941))
	        ->  Bitmap Index Scan on sbtest8_pkey  (cost=0.00..34.30 rows=986 width=0)
	              Index Cond: ((id >= 8475942) AND (id <= 8476941))

for: order_ranges
table 1 : explain SELECT c FROM sbtest1 WHERE id BETWEEN 4461198 AND 4462197 ORDER BY c
	Sort  (cost=3767.94..3770.34 rows=959 width=121)
	  Sort Key: c
	  ->  Bitmap Heap Scan on sbtest1  (cost=34.26..3720.44 rows=959 width=121)
	        Recheck Cond: ((id >= 4461198) AND (id <= 4462197))
	        ->  Bitmap Index Scan on sbtest1_pkey  (cost=0.00..34.03 rows=959 width=0)
	              Index Cond: ((id >= 4461198) AND (id <= 4462197))

table 2 : explain SELECT c FROM sbtest2 WHERE id BETWEEN 4553559 AND 4554558 ORDER BY c
	Sort  (cost=3787.12..3789.53 rows=963 width=121)
	  Sort Key: c
	  ->  Bitmap Heap Scan on sbtest2  (cost=34.31..3739.40 rows=963 width=121)
	        Recheck Cond: ((id >= 4553559) AND (id <= 4554558))
	        ->  Bitmap Index Scan on sbtest2_pkey  (cost=0.00..34.07 rows=963 width=0)
	              Index Cond: ((id >= 4553559) AND (id <= 4554558))

table 3 : explain SELECT c FROM sbtest3 WHERE id BETWEEN 2678202 AND 2679201 ORDER BY c
	Sort  (cost=3728.72..3731.09 rows=948 width=121)
	  Sort Key: c
	  ->  Bitmap Heap Scan on sbtest3  (cost=34.15..3681.85 rows=948 width=121)
	        Recheck Cond: ((id >= 2678202) AND (id <= 2679201))
	        ->  Bitmap Index Scan on sbtest3_pkey  (cost=0.00..33.92 rows=948 width=0)
	              Index Cond: ((id >= 2678202) AND (id <= 2679201))

table 4 : explain SELECT c FROM sbtest4 WHERE id BETWEEN 6015030 AND 6016029 ORDER BY c
	Sort  (cost=4114.30..4116.90 rows=1040 width=121)
	  Sort Key: c
	  ->  Index Scan using sbtest4_pkey on sbtest4  (cost=0.43..4062.18 rows=1040 width=121)
	        Index Cond: ((id >= 6015030) AND (id <= 6016029))

table 5 : explain SELECT c FROM sbtest5 WHERE id BETWEEN 7144099 AND 7145098 ORDER BY c
	Sort  (cost=3407.08..3409.22 rows=856 width=121)
	  Sort Key: c
	  ->  Index Scan using sbtest5_pkey on sbtest5  (cost=0.43..3365.38 rows=856 width=121)
	        Index Cond: ((id >= 7144099) AND (id <= 7145098))

table 6 : explain SELECT c FROM sbtest6 WHERE id BETWEEN 3035959 AND 3036958 ORDER BY c
	Sort  (cost=4150.32..4152.96 rows=1057 width=121)
	  Sort Key: c
	  ->  Bitmap Heap Scan on sbtest6  (cost=35.27..4097.23 rows=1057 width=121)
	        Recheck Cond: ((id >= 3035959) AND (id <= 3036958))
	        ->  Bitmap Index Scan on sbtest6_pkey  (cost=0.00..35.01 rows=1057 width=0)
	              Index Cond: ((id >= 3035959) AND (id <= 3036958))

table 7 : explain SELECT c FROM sbtest7 WHERE id BETWEEN 8689186 AND 8690185 ORDER BY c
	Sort  (cost=3502.52..3504.73 rows=883 width=121)
	  Sort Key: c
	  ->  Index Scan using sbtest7_pkey on sbtest7  (cost=0.43..3459.32 rows=883 width=121)
	        Index Cond: ((id >= 8689186) AND (id <= 8690185))

table 8 : explain SELECT c FROM sbtest8 WHERE id BETWEEN 3130872 AND 3131871 ORDER BY c
	Sort  (cost=3951.14..3953.65 rows=1005 width=121)
	  Sort Key: c
	  ->  Bitmap Heap Scan on sbtest8  (cost=34.74..3901.02 rows=1005 width=121)
	        Recheck Cond: ((id >= 3130872) AND (id <= 3131871))
	        ->  Bitmap Index Scan on sbtest8_pkey  (cost=0.00..34.48 rows=1005 width=0)
	              Index Cond: ((id >= 3130872) AND (id <= 3131871))

for: order_ranges
table 1 : explain SELECT c FROM sbtest1 WHERE id BETWEEN 7641336 AND 7642335 ORDER BY c
	Sort  (cost=3737.29..3739.67 rows=951 width=121)
	  Sort Key: c
	  ->  Bitmap Heap Scan on sbtest1  (cost=34.18..3690.25 rows=951 width=121)
	        Recheck Cond: ((id >= 7641336) AND (id <= 7642335))
	        ->  Bitmap Index Scan on sbtest1_pkey  (cost=0.00..33.95 rows=951 width=0)
	              Index Cond: ((id >= 7641336) AND (id <= 7642335))

table 2 : explain SELECT c FROM sbtest2 WHERE id BETWEEN 2397843 AND 2398842 ORDER BY c
	Sort  (cost=4032.43..4035.00 rows=1027 width=121)
	  Sort Key: c
	  ->  Bitmap Heap Scan on sbtest2  (cost=34.96..3981.06 rows=1027 width=121)
	        Recheck Cond: ((id >= 2397843) AND (id <= 2398842))
	        ->  Bitmap Index Scan on sbtest2_pkey  (cost=0.00..34.70 rows=1027 width=0)
	              Index Cond: ((id >= 2397843) AND (id <= 2398842))

table 3 : explain SELECT c FROM sbtest3 WHERE id BETWEEN 9927871 AND 9928870 ORDER BY c
	Sort  (cost=4142.44..4145.08 rows=1056 width=121)
	  Sort Key: c
	  ->  Bitmap Heap Scan on sbtest3  (cost=35.26..4089.40 rows=1056 width=121)
	        Recheck Cond: ((id >= 9927871) AND (id <= 9928870))
	        ->  Bitmap Index Scan on sbtest3_pkey  (cost=0.00..35.00 rows=1056 width=0)
	              Index Cond: ((id >= 9927871) AND (id <= 9928870))

table 4 : explain SELECT c FROM sbtest4 WHERE id BETWEEN 850304 AND 851303 ORDER BY c
	Sort  (cost=4421.97..4424.77 rows=1117 width=121)
	  Sort Key: c
	  ->  Index Scan using sbtest4_pkey on sbtest4  (cost=0.43..4365.42 rows=1117 width=121)
	        Index Cond: ((id >= 850304) AND (id <= 851303))

table 5 : explain SELECT c FROM sbtest5 WHERE id BETWEEN 1261794 AND 1262793 ORDER BY c
	Sort  (cost=3612.59..3614.88 rows=917 width=121)
	  Sort Key: c
	  ->  Bitmap Heap Scan on sbtest5  (cost=33.83..3567.47 rows=917 width=121)
	        Recheck Cond: ((id >= 1261794) AND (id <= 1262793))
	        ->  Bitmap Index Scan on sbtest5_pkey  (cost=0.00..33.61 rows=917 width=0)
	              Index Cond: ((id >= 1261794) AND (id <= 1262793))

table 6 : explain SELECT c FROM sbtest6 WHERE id BETWEEN 4110023 AND 4111022 ORDER BY c
	Sort  (cost=3939.50..3942.00 rows=1002 width=121)
	  Sort Key: c
	  ->  Bitmap Heap Scan on sbtest6  (cost=34.71..3889.56 rows=1002 width=121)
	        Recheck Cond: ((id >= 4110023) AND (id <= 4111022))
	        ->  Bitmap Index Scan on sbtest6_pkey  (cost=0.00..34.45 rows=1002 width=0)
	              Index Cond: ((id >= 4110023) AND (id <= 4111022))

table 7 : explain SELECT c FROM sbtest7 WHERE id BETWEEN 6566402 AND 6567401 ORDER BY c
	Sort  (cost=4207.99..4210.67 rows=1072 width=121)
	  Sort Key: c
	  ->  Bitmap Heap Scan on sbtest7  (cost=35.42..4154.03 rows=1072 width=121)
	        Recheck Cond: ((id >= 6566402) AND (id <= 6567401))
	        ->  Bitmap Index Scan on sbtest7_pkey  (cost=0.00..35.16 rows=1072 width=0)
	              Index Cond: ((id >= 6566402) AND (id <= 6567401))

table 8 : explain SELECT c FROM sbtest8 WHERE id BETWEEN 3520426 AND 3521425 ORDER BY c
	Sort  (cost=4429.95..4432.77 rows=1129 width=121)
	  Sort Key: c
	  ->  Bitmap Heap Scan on sbtest8  (cost=40.01..4372.70 rows=1129 width=121)
	        Recheck Cond: ((id >= 3520426) AND (id <= 3521425))
	        ->  Bitmap Index Scan on sbtest8_pkey  (cost=0.00..39.73 rows=1129 width=0)
	              Index Cond: ((id >= 3520426) AND (id <= 3521425))

for: distinct_ranges
table 1 : explain SELECT DISTINCT c FROM sbtest1 WHERE id BETWEEN 907032 AND 908031 ORDER BY c
	Unique  (cost=3936.39..3941.41 rows=1003 width=121)
	  ->  Sort  (cost=3936.39..3938.90 rows=1003 width=121)
	        Sort Key: c
	        ->  Bitmap Heap Scan on sbtest1  (cost=34.72..3886.39 rows=1003 width=121)
	              Recheck Cond: ((id >= 907032) AND (id <= 908031))
	              ->  Bitmap Index Scan on sbtest1_pkey  (cost=0.00..34.47 rows=1003 width=0)
	                    Index Cond: ((id >= 907032) AND (id <= 908031))

table 2 : explain SELECT DISTINCT c FROM sbtest2 WHERE id BETWEEN 1062224 AND 1063223 ORDER BY c
	Unique  (cost=3871.50..3876.43 rows=985 width=121)
	  ->  Sort  (cost=3871.50..3873.96 rows=985 width=121)
	        Sort Key: c
	        ->  Bitmap Heap Scan on sbtest2  (cost=34.53..3822.53 rows=985 width=121)
	              Recheck Cond: ((id >= 1062224) AND (id <= 1063223))
	              ->  Bitmap Index Scan on sbtest2_pkey  (cost=0.00..34.29 rows=985 width=0)
	                    Index Cond: ((id >= 1062224) AND (id <= 1063223))

table 3 : explain SELECT DISTINCT c FROM sbtest3 WHERE id BETWEEN 6844915 AND 6845914 ORDER BY c
	Unique  (cost=3721.05..3725.78 rows=946 width=121)
	  ->  Sort  (cost=3721.05..3723.41 rows=946 width=121)
	        Sort Key: c
	        ->  Bitmap Heap Scan on sbtest3  (cost=34.13..3674.29 rows=946 width=121)
	              Recheck Cond: ((id >= 6844915) AND (id <= 6845914))
	              ->  Bitmap Index Scan on sbtest3_pkey  (cost=0.00..33.90 rows=946 width=0)
	                    Index Cond: ((id >= 6844915) AND (id <= 6845914))

table 4 : explain SELECT DISTINCT c FROM sbtest4 WHERE id BETWEEN 1959974 AND 1960973 ORDER BY c
	Unique  (cost=3940.81..3945.79 rows=996 width=121)
	  ->  Sort  (cost=3940.81..3943.30 rows=996 width=121)
	        Sort Key: c
	        ->  Index Scan using sbtest4_pkey on sbtest4  (cost=0.43..3891.21 rows=996 width=121)
	              Index Cond: ((id >= 1959974) AND (id <= 1960973))

table 5 : explain SELECT DISTINCT c FROM sbtest5 WHERE id BETWEEN 1761238 AND 1762237 ORDER BY c
	Unique  (cost=3942.88..3947.89 rows=1003 width=121)
	  ->  Sort  (cost=3942.88..3945.39 rows=1003 width=121)
	        Sort Key: c
	        ->  Bitmap Heap Scan on sbtest5  (cost=34.72..3892.88 rows=1003 width=121)
	              Recheck Cond: ((id >= 1761238) AND (id <= 1762237))
	              ->  Bitmap Index Scan on sbtest5_pkey  (cost=0.00..34.47 rows=1003 width=0)
	                    Index Cond: ((id >= 1761238) AND (id <= 1762237))

table 6 : explain SELECT DISTINCT c FROM sbtest6 WHERE id BETWEEN 1388969 AND 1389968 ORDER BY c
	Unique  (cost=3954.84..3959.87 rows=1006 width=121)
	  ->  Sort  (cost=3954.84..3957.36 rows=1006 width=121)
	        Sort Key: c
	        ->  Bitmap Heap Scan on sbtest6  (cost=34.75..3904.67 rows=1006 width=121)
	              Recheck Cond: ((id >= 1388969) AND (id <= 1389968))
	              ->  Bitmap Index Scan on sbtest6_pkey  (cost=0.00..34.50 rows=1006 width=0)
	                    Index Cond: ((id >= 1388969) AND (id <= 1389968))

table 7 : explain SELECT DISTINCT c FROM sbtest7 WHERE id BETWEEN 7902111 AND 7903110 ORDER BY c
	Unique  (cost=4192.67..4198.01 rows=1068 width=121)
	  ->  Sort  (cost=4192.67..4195.34 rows=1068 width=121)
	        Sort Key: c
	        ->  Bitmap Heap Scan on sbtest7  (cost=35.38..4138.95 rows=1068 width=121)
	              Recheck Cond: ((id >= 7902111) AND (id <= 7903110))
	              ->  Bitmap Index Scan on sbtest7_pkey  (cost=0.00..35.12 rows=1068 width=0)
	                    Index Cond: ((id >= 7902111) AND (id <= 7903110))

table 8 : explain SELECT DISTINCT c FROM sbtest8 WHERE id BETWEEN 7272713 AND 7273712 ORDER BY c
	Unique  (cost=4215.56..4220.93 rows=1074 width=121)
	  ->  Sort  (cost=4215.56..4218.24 rows=1074 width=121)
	        Sort Key: c
	        ->  Bitmap Heap Scan on sbtest8  (cost=35.44..4161.49 rows=1074 width=121)
	              Recheck Cond: ((id >= 7272713) AND (id <= 7273712))
	              ->  Bitmap Index Scan on sbtest8_pkey  (cost=0.00..35.18 rows=1074 width=0)
	                    Index Cond: ((id >= 7272713) AND (id <= 7273712))

for: distinct_ranges
table 1 : explain SELECT DISTINCT c FROM sbtest1 WHERE id BETWEEN 4529594 AND 4530593 ORDER BY c
	Unique  (cost=4039.64..4044.79 rows=1030 width=121)
	  ->  Sort  (cost=4039.64..4042.22 rows=1030 width=121)
	        Sort Key: c
	        ->  Bitmap Heap Scan on sbtest1  (cost=34.99..3988.10 rows=1030 width=121)
	              Recheck Cond: ((id >= 4529594) AND (id <= 4530593))
	              ->  Bitmap Index Scan on sbtest1_pkey  (cost=0.00..34.73 rows=1030 width=0)
	                    Index Cond: ((id >= 4529594) AND (id <= 4530593))

table 2 : explain SELECT DISTINCT c FROM sbtest2 WHERE id BETWEEN 8021016 AND 8022015 ORDER BY c
	Unique  (cost=3967.32..3972.37 rows=1010 width=121)
	  ->  Sort  (cost=3967.32..3969.84 rows=1010 width=121)
	        Sort Key: c
	        ->  Bitmap Heap Scan on sbtest2  (cost=34.79..3916.92 rows=1010 width=121)
	              Recheck Cond: ((id >= 8021016) AND (id <= 8022015))
	              ->  Bitmap Index Scan on sbtest2_pkey  (cost=0.00..34.54 rows=1010 width=0)
	                    Index Cond: ((id >= 8021016) AND (id <= 8022015))

table 3 : explain SELECT DISTINCT c FROM sbtest3 WHERE id BETWEEN 4641842 AND 4642841 ORDER BY c
	Unique  (cost=3663.47..3668.13 rows=931 width=121)
	  ->  Sort  (cost=3663.47..3665.80 rows=931 width=121)
	        Sort Key: c
	        ->  Bitmap Heap Scan on sbtest3  (cost=33.98..3617.56 rows=931 width=121)
	              Recheck Cond: ((id >= 4641842) AND (id <= 4642841))
	              ->  Bitmap Index Scan on sbtest3_pkey  (cost=0.00..33.75 rows=931 width=0)
	                    Index Cond: ((id >= 4641842) AND (id <= 4642841))

table 4 : explain SELECT DISTINCT c FROM sbtest4 WHERE id BETWEEN 3789955 AND 3790954 ORDER BY c
	Unique  (cost=4197.12..4202.43 rows=1061 width=121)
	  ->  Sort  (cost=4197.12..4199.77 rows=1061 width=121)
	        Sort Key: c
	        ->  Index Scan using sbtest4_pkey on sbtest4  (cost=0.43..4143.80 rows=1061 width=121)
	              Index Cond: ((id >= 3789955) AND (id <= 3790954))

table 5 : explain SELECT DISTINCT c FROM sbtest5 WHERE id BETWEEN 6480205 AND 6481204 ORDER BY c
	Unique  (cost=3965.89..3970.93 rows=1009 width=121)
	  ->  Sort  (cost=3965.89..3968.41 rows=1009 width=121)
	        Sort Key: c
	        ->  Bitmap Heap Scan on sbtest5  (cost=34.78..3915.55 rows=1009 width=121)
	              Recheck Cond: ((id >= 6480205) AND (id <= 6481204))
	              ->  Bitmap Index Scan on sbtest5_pkey  (cost=0.00..34.53 rows=1009 width=0)
	                    Index Cond: ((id >= 6480205) AND (id <= 6481204))

table 6 : explain SELECT DISTINCT c FROM sbtest6 WHERE id BETWEEN 3618972 AND 3619971 ORDER BY c
	Unique  (cost=3951.01..3956.03 rows=1005 width=121)
	  ->  Sort  (cost=3951.01..3953.52 rows=1005 width=121)
	        Sort Key: c
	        ->  Bitmap Heap Scan on sbtest6  (cost=34.74..3900.89 rows=1005 width=121)
	              Recheck Cond: ((id >= 3618972) AND (id <= 3619971))
	              ->  Bitmap Index Scan on sbtest6_pkey  (cost=0.00..34.48 rows=1005 width=0)
	                    Index Cond: ((id >= 3618972) AND (id <= 3619971))

table 7 : explain SELECT DISTINCT c FROM sbtest7 WHERE id BETWEEN 3260115 AND 3261114 ORDER BY c
	Unique  (cost=4058.59..4063.75 rows=1033 width=121)
	  ->  Sort  (cost=4058.59..4061.17 rows=1033 width=121)
	        Sort Key: c
	        ->  Bitmap Heap Scan on sbtest7  (cost=35.02..4006.87 rows=1033 width=121)
	              Recheck Cond: ((id >= 3260115) AND (id <= 3261114))
	              ->  Bitmap Index Scan on sbtest7_pkey  (cost=0.00..34.77 rows=1033 width=0)
	                    Index Cond: ((id >= 3260115) AND (id <= 3261114))

table 8 : explain SELECT DISTINCT c FROM sbtest8 WHERE id BETWEEN 6108743 AND 6109742 ORDER BY c
	Unique  (cost=3824.48..3829.34 rows=972 width=121)
	  ->  Sort  (cost=3824.48..3826.91 rows=972 width=121)
	        Sort Key: c
	        ->  Bitmap Heap Scan on sbtest8  (cost=34.40..3776.25 rows=972 width=121)
	              Recheck Cond: ((id >= 6108743) AND (id <= 6109742))
	              ->  Bitmap Index Scan on sbtest8_pkey  (cost=0.00..34.16 rows=972 width=0)
	                    Index Cond: ((id >= 6108743) AND (id <= 6109742))

for: sum_ranges
table 1 : explain SELECT SUM(k) FROM sbtest1 WHERE id BETWEEN 6771287 AND 6772286
	Aggregate  (cost=3790.81..3790.82 rows=1 width=8)
	  ->  Bitmap Heap Scan on sbtest1  (cost=34.45..3788.36 rows=977 width=4)
	        Recheck Cond: ((id >= 6771287) AND (id <= 6772286))
	        ->  Bitmap Index Scan on sbtest1_pkey  (cost=0.00..34.20 rows=977 width=0)
	              Index Cond: ((id >= 6771287) AND (id <= 6772286))

table 2 : explain SELECT SUM(k) FROM sbtest2 WHERE id BETWEEN 8839427 AND 8840426
	Aggregate  (cost=4153.35..4153.36 rows=1 width=8)
	  ->  Bitmap Heap Scan on sbtest2  (cost=35.42..4150.67 rows=1072 width=4)
	        Recheck Cond: ((id >= 8839427) AND (id <= 8840426))
	        ->  Bitmap Index Scan on sbtest2_pkey  (cost=0.00..35.16 rows=1072 width=0)
	              Index Cond: ((id >= 8839427) AND (id <= 8840426))

table 3 : explain SELECT SUM(k) FROM sbtest3 WHERE id BETWEEN 3865675 AND 3866674
	Aggregate  (cost=4299.42..4299.43 rows=1 width=8)
	  ->  Bitmap Heap Scan on sbtest3  (cost=39.81..4296.64 rows=1110 width=4)
	        Recheck Cond: ((id >= 3865675) AND (id <= 3866674))
	        ->  Bitmap Index Scan on sbtest3_pkey  (cost=0.00..39.54 rows=1110 width=0)
	              Index Cond: ((id >= 3865675) AND (id <= 3866674))

table 4 : explain SELECT SUM(k) FROM sbtest4 WHERE id BETWEEN 3637015 AND 3638014
	Aggregate  (cost=3998.70..3998.71 rows=1 width=8)
	  ->  Index Scan using sbtest4_pkey on sbtest4  (cost=0.43..3996.14 rows=1023 width=4)
	        Index Cond: ((id >= 3637015) AND (id <= 3638014))

table 5 : explain SELECT SUM(k) FROM sbtest5 WHERE id BETWEEN 4241578 AND 4242577
	Aggregate  (cost=4235.18..4235.19 rows=1 width=8)
	  ->  Bitmap Heap Scan on sbtest5  (cost=35.64..4232.44 rows=1093 width=4)
	        Recheck Cond: ((id >= 4241578) AND (id <= 4242577))
	        ->  Bitmap Index Scan on sbtest5_pkey  (cost=0.00..35.37 rows=1093 width=0)
	              Index Cond: ((id >= 4241578) AND (id <= 4242577))

table 6 : explain SELECT SUM(k) FROM sbtest6 WHERE id BETWEEN 5990343 AND 5991342
	Aggregate  (cost=3536.43..3536.44 rows=1 width=8)
	  ->  Index Scan using sbtest6_pkey on sbtest6  (cost=0.43..3534.18 rows=900 width=4)
	        Index Cond: ((id >= 5990343) AND (id <= 5991342))

table 7 : explain SELECT SUM(k) FROM sbtest7 WHERE id BETWEEN 9609527 AND 9610526
	Aggregate  (cost=4066.11..4066.12 rows=1 width=8)
	  ->  Bitmap Heap Scan on sbtest7  (cost=35.18..4063.49 rows=1048 width=4)
	        Recheck Cond: ((id >= 9609527) AND (id <= 9610526))
	        ->  Bitmap Index Scan on sbtest7_pkey  (cost=0.00..34.92 rows=1048 width=0)
	              Index Cond: ((id >= 9609527) AND (id <= 9610526))

table 8 : explain SELECT SUM(k) FROM sbtest8 WHERE id BETWEEN 1302596 AND 1303595
	Aggregate  (cost=3926.22..3926.23 rows=1 width=8)
	  ->  Bitmap Heap Scan on sbtest8  (cost=34.80..3923.69 rows=1011 width=4)
	        Recheck Cond: ((id >= 1302596) AND (id <= 1303595))
	        ->  Bitmap Index Scan on sbtest8_pkey  (cost=0.00..34.55 rows=1011 width=0)
	              Index Cond: ((id >= 1302596) AND (id <= 1303595))

for: distinct_ranges
table 1 : explain SELECT DISTINCT c FROM sbtest1 WHERE id BETWEEN 9343931 AND 9344930 ORDER BY c
	Unique  (cost=3997.59..4002.68 rows=1019 width=121)
	  ->  Sort  (cost=3997.59..4000.14 rows=1019 width=121)
	        Sort Key: c
	        ->  Bitmap Heap Scan on sbtest1  (cost=34.88..3946.68 rows=1019 width=121)
	              Recheck Cond: ((id >= 9343931) AND (id <= 9344930))
	              ->  Bitmap Index Scan on sbtest1_pkey  (cost=0.00..34.62 rows=1019 width=0)
	                    Index Cond: ((id >= 9343931) AND (id <= 9344930))

table 2 : explain SELECT DISTINCT c FROM sbtest2 WHERE id BETWEEN 3421608 AND 3422607 ORDER BY c
	Unique  (cost=3764.10..3768.89 rows=957 width=121)
	  ->  Sort  (cost=3764.10..3766.49 rows=957 width=121)
	        Sort Key: c
	        ->  Bitmap Heap Scan on sbtest2  (cost=34.24..3716.72 rows=957 width=121)
	              Recheck Cond: ((id >= 3421608) AND (id <= 3422607))
	              ->  Bitmap Index Scan on sbtest2_pkey  (cost=0.00..34.01 rows=957 width=0)
	                    Index Cond: ((id >= 3421608) AND (id <= 3422607))

table 3 : explain SELECT DISTINCT c FROM sbtest3 WHERE id BETWEEN 9911656 AND 9912655 ORDER BY c
	Unique  (cost=4142.44..4147.72 rows=1056 width=121)
	  ->  Sort  (cost=4142.44..4145.08 rows=1056 width=121)
	        Sort Key: c
	        ->  Bitmap Heap Scan on sbtest3  (cost=35.26..4089.40 rows=1056 width=121)
	              Recheck Cond: ((id >= 9911656) AND (id <= 9912655))
	              ->  Bitmap Index Scan on sbtest3_pkey  (cost=0.00..35.00 rows=1056 width=0)
	                    Index Cond: ((id >= 9911656) AND (id <= 9912655))

table 4 : explain SELECT DISTINCT c FROM sbtest4 WHERE id BETWEEN 6488746 AND 6489745 ORDER BY c
	Unique  (cost=4256.26..4261.64 rows=1076 width=121)
	  ->  Sort  (cost=4256.26..4258.95 rows=1076 width=121)
	        Sort Key: c
	        ->  Index Scan using sbtest4_pkey on sbtest4  (cost=0.43..4202.07 rows=1076 width=121)
	              Index Cond: ((id >= 6488746) AND (id <= 6489745))

table 5 : explain SELECT DISTINCT c FROM sbtest5 WHERE id BETWEEN 9172716 AND 9173715 ORDER BY c
	Unique  (cost=3804.73..3809.56 rows=967 width=121)
	  ->  Sort  (cost=3804.73..3807.14 rows=967 width=121)
	        Sort Key: c
	        ->  Bitmap Heap Scan on sbtest5  (cost=34.35..3756.77 rows=967 width=121)
	              Recheck Cond: ((id >= 9172716) AND (id <= 9173715))
	              ->  Bitmap Index Scan on sbtest5_pkey  (cost=0.00..34.11 rows=967 width=0)
	                    Index Cond: ((id >= 9172716) AND (id <= 9173715))

table 6 : explain SELECT DISTINCT c FROM sbtest6 WHERE id BETWEEN 7460127 AND 7461126 ORDER BY c
	Unique  (cost=4318.91..4324.41 rows=1100 width=121)
	  ->  Sort  (cost=4318.91..4321.66 rows=1100 width=121)
	        Sort Key: c
	        ->  Bitmap Heap Scan on sbtest6  (cost=39.71..4263.34 rows=1100 width=121)
	              Recheck Cond: ((id >= 7460127) AND (id <= 7461126))
	              ->  Bitmap Index Scan on sbtest6_pkey  (cost=0.00..39.44 rows=1100 width=0)
	                    Index Cond: ((id >= 7460127) AND (id <= 7461126))

table 7 : explain SELECT DISTINCT c FROM sbtest7 WHERE id BETWEEN 794002 AND 795001 ORDER BY c
	Unique  (cost=3890.19..3895.09 rows=980 width=121)
	  ->  Sort  (cost=3890.19..3892.64 rows=980 width=121)
	        Sort Key: c
	        ->  Index Scan using sbtest7_pkey on sbtest7  (cost=0.43..3841.50 rows=980 width=121)
	              Index Cond: ((id >= 794002) AND (id <= 795001))

table 8 : explain SELECT DISTINCT c FROM sbtest8 WHERE id BETWEEN 9585351 AND 9586350 ORDER BY c
	Unique  (cost=4020.17..4025.28 rows=1023 width=121)
	  ->  Sort  (cost=4020.17..4022.73 rows=1023 width=121)
	        Sort Key: c
	        ->  Bitmap Heap Scan on sbtest8  (cost=34.92..3969.02 rows=1023 width=121)
	              Recheck Cond: ((id >= 9585351) AND (id <= 9586350))
	              ->  Bitmap Index Scan on sbtest8_pkey  (cost=0.00..34.67 rows=1023 width=0)
	                    Index Cond: ((id >= 9585351) AND (id <= 9586350))

for: order_ranges
table 1 : explain SELECT c FROM sbtest1 WHERE id BETWEEN 3214680 AND 3215679 ORDER BY c
	Sort  (cost=3560.72..3562.98 rows=906 width=121)
	  Sort Key: c
	  ->  Bitmap Heap Scan on sbtest1  (cost=29.72..3516.22 rows=906 width=121)
	        Recheck Cond: ((id >= 3214680) AND (id <= 3215679))
	        ->  Bitmap Index Scan on sbtest1_pkey  (cost=0.00..29.50 rows=906 width=0)
	              Index Cond: ((id >= 3214680) AND (id <= 3215679))

table 2 : explain SELECT c FROM sbtest2 WHERE id BETWEEN 2702568 AND 2703567 ORDER BY c
	Sort  (cost=4223.74..4226.43 rows=1077 width=121)
	  Sort Key: c
	  ->  Bitmap Heap Scan on sbtest2  (cost=35.47..4169.50 rows=1077 width=121)
	        Recheck Cond: ((id >= 2702568) AND (id <= 2703567))
	        ->  Bitmap Index Scan on sbtest2_pkey  (cost=0.00..35.20 rows=1077 width=0)
	              Index Cond: ((id >= 2702568) AND (id <= 2703567))

table 3 : explain SELECT c FROM sbtest3 WHERE id BETWEEN 1882185 AND 1883184 ORDER BY c
	Sort  (cost=4173.03..4175.69 rows=1064 width=121)
	  Sort Key: c
	  ->  Bitmap Heap Scan on sbtest3  (cost=35.34..4119.54 rows=1064 width=121)
	        Recheck Cond: ((id >= 1882185) AND (id <= 1883184))
	        ->  Bitmap Index Scan on sbtest3_pkey  (cost=0.00..35.08 rows=1064 width=0)
	              Index Cond: ((id >= 1882185) AND (id <= 1883184))

table 4 : explain SELECT c FROM sbtest4 WHERE id BETWEEN 841414 AND 842413 ORDER BY c
	Sort  (cost=4421.97..4424.77 rows=1117 width=121)
	  Sort Key: c
	  ->  Index Scan using sbtest4_pkey on sbtest4  (cost=0.43..4365.42 rows=1117 width=121)
	        Index Cond: ((id >= 841414) AND (id <= 842413))

table 5 : explain SELECT c FROM sbtest5 WHERE id BETWEEN 3632771 AND 3633770 ORDER BY c
	Sort  (cost=3635.66..3637.97 rows=923 width=121)
	  Sort Key: c
	  ->  Bitmap Heap Scan on sbtest5  (cost=33.90..3590.20 rows=923 width=121)
	        Recheck Cond: ((id >= 3632771) AND (id <= 3633770))
	        ->  Bitmap Index Scan on sbtest5_pkey  (cost=0.00..33.67 rows=923 width=0)
	              Index Cond: ((id >= 3632771) AND (id <= 3633770))

table 6 : explain SELECT c FROM sbtest6 WHERE id BETWEEN 6775845 AND 6776844 ORDER BY c
	Sort  (cost=4112.01..4114.63 rows=1047 width=121)
	  Sort Key: c
	  ->  Bitmap Heap Scan on sbtest6  (cost=35.17..4059.50 rows=1047 width=121)
	        Recheck Cond: ((id >= 6775845) AND (id <= 6776844))
	        ->  Bitmap Index Scan on sbtest6_pkey  (cost=0.00..34.91 rows=1047 width=0)
	              Index Cond: ((id >= 6775845) AND (id <= 6776844))

table 7 : explain SELECT c FROM sbtest7 WHERE id BETWEEN 3300002 AND 3301001 ORDER BY c
	Sort  (cost=4207.99..4210.67 rows=1072 width=121)
	  Sort Key: c
	  ->  Bitmap Heap Scan on sbtest7  (cost=35.42..4154.03 rows=1072 width=121)
	        Recheck Cond: ((id >= 3300002) AND (id <= 3301001))
	        ->  Bitmap Index Scan on sbtest7_pkey  (cost=0.00..35.16 rows=1072 width=0)
	              Index Cond: ((id >= 3300002) AND (id <= 3301001))

table 8 : explain SELECT c FROM sbtest8 WHERE id BETWEEN 6776993 AND 6777992 ORDER BY c
	Sort  (cost=3912.77..3915.26 rows=995 width=121)
	  Sort Key: c
	  ->  Bitmap Heap Scan on sbtest8  (cost=34.63..3863.23 rows=995 width=121)
	        Recheck Cond: ((id >= 6776993) AND (id <= 6777992))
	        ->  Bitmap Index Scan on sbtest8_pkey  (cost=0.00..34.39 rows=995 width=0)
	              Index Cond: ((id >= 6776993) AND (id <= 6777992))

for: distinct_ranges
table 1 : explain SELECT DISTINCT c FROM sbtest1 WHERE id BETWEEN 1130944 AND 1131943 ORDER BY c
	Unique  (cost=4005.24..4010.34 rows=1021 width=121)
	  ->  Sort  (cost=4005.24..4007.79 rows=1021 width=121)
	        Sort Key: c
	        ->  Bitmap Heap Scan on sbtest1  (cost=34.90..3954.21 rows=1021 width=121)
	              Recheck Cond: ((id >= 1130944) AND (id <= 1131943))
	              ->  Bitmap Index Scan on sbtest1_pkey  (cost=0.00..34.65 rows=1021 width=0)
	                    Index Cond: ((id >= 1130944) AND (id <= 1131943))

table 2 : explain SELECT DISTINCT c FROM sbtest2 WHERE id BETWEEN 3440749 AND 3441748 ORDER BY c
	Unique  (cost=3764.10..3768.89 rows=957 width=121)
	  ->  Sort  (cost=3764.10..3766.49 rows=957 width=121)
	        Sort Key: c
	        ->  Bitmap Heap Scan on sbtest2  (cost=34.24..3716.72 rows=957 width=121)
	              Recheck Cond: ((id >= 3440749) AND (id <= 3441748))
	              ->  Bitmap Index Scan on sbtest2_pkey  (cost=0.00..34.01 rows=957 width=0)
	                    Index Cond: ((id >= 3440749) AND (id <= 3441748))

table 3 : explain SELECT DISTINCT c FROM sbtest3 WHERE id BETWEEN 259897 AND 260896 ORDER BY c
	Unique  (cost=4050.62..4055.78 rows=1032 width=121)
	  ->  Sort  (cost=4050.62..4053.20 rows=1032 width=121)
	        Sort Key: c
	        ->  Bitmap Heap Scan on sbtest3  (cost=35.01..3998.96 rows=1032 width=121)
	              Recheck Cond: ((id >= 259897) AND (id <= 260896))
	              ->  Bitmap Index Scan on sbtest3_pkey  (cost=0.00..34.76 rows=1032 width=0)
	                    Index Cond: ((id >= 259897) AND (id <= 260896))

table 4 : explain SELECT DISTINCT c FROM sbtest4 WHERE id BETWEEN 8565203 AND 8566202 ORDER BY c
	Unique  (cost=3810.70..3815.51 rows=963 width=121)
	  ->  Sort  (cost=3810.70..3813.11 rows=963 width=121)
	        Sort Key: c
	        ->  Index Scan using sbtest4_pkey on sbtest4  (cost=0.43..3762.98 rows=963 width=121)
	              Index Cond: ((id >= 8565203) AND (id <= 8566202))

table 5 : explain SELECT DISTINCT c FROM sbtest5 WHERE id BETWEEN 9671149 AND 9672148 ORDER BY c
	Unique  (cost=3985.06..3990.13 rows=1014 width=121)
	  ->  Sort  (cost=3985.06..3987.60 rows=1014 width=121)
	        Sort Key: c
	        ->  Bitmap Heap Scan on sbtest5  (cost=34.83..3934.43 rows=1014 width=121)
	              Recheck Cond: ((id >= 9671149) AND (id <= 9672148))
	              ->  Bitmap Index Scan on sbtest5_pkey  (cost=0.00..34.58 rows=1014 width=0)
	                    Index Cond: ((id >= 9671149) AND (id <= 9672148))

table 6 : explain SELECT DISTINCT c FROM sbtest6 WHERE id BETWEEN 1511761 AND 1512760 ORDER BY c
	Unique  (cost=4039.20..4044.34 rows=1028 width=121)
	  ->  Sort  (cost=4039.20..4041.77 rows=1028 width=121)
	        Sort Key: c
	        ->  Bitmap Heap Scan on sbtest6  (cost=34.97..3987.77 rows=1028 width=121)
	              Recheck Cond: ((id >= 1511761) AND (id <= 1512760))
	              ->  Bitmap Index Scan on sbtest6_pkey  (cost=0.00..34.72 rows=1028 width=0)
	                    Index Cond: ((id >= 1511761) AND (id <= 1512760))

table 7 : explain SELECT DISTINCT c FROM sbtest7 WHERE id BETWEEN 5695683 AND 5696682 ORDER BY c
	Unique  (cost=3700.34..3705.00 rows=932 width=121)
	  ->  Sort  (cost=3700.34..3702.67 rows=932 width=121)
	        Sort Key: c
	        ->  Index Scan using sbtest7_pkey on sbtest7  (cost=0.43..3654.37 rows=932 width=121)
	              Index Cond: ((id >= 5695683) AND (id <= 5696682))

table 8 : explain SELECT DISTINCT c FROM sbtest8 WHERE id BETWEEN 2605927 AND 2606926 ORDER BY c
	Unique  (cost=3787.88..3792.65 rows=953 width=121)
	  ->  Sort  (cost=3787.88..3790.27 rows=953 width=121)
	        Sort Key: c
	        ->  Index Scan using sbtest8_pkey on sbtest8  (cost=0.43..3740.73 rows=953 width=121)
	              Index Cond: ((id >= 2605927) AND (id <= 2606926))

Threads started!

Warming up for 5 seconds...

SQL statistics:
    queries performed:
        read:                            92304917
        write:                           0
        other:                           16782737
        total:                           109087654
    transactions:                        8391388 (13319.49 per sec.)
    queries:                             109087654 (173152.79 per sec.)
    ignored errors:                      0      (0.00 per sec.)
    reconnects:                          0      (0.00 per sec.)

Throughput:
    events/s (eps):                      13319.4929
    time elapsed:                        630.0082s
    total number of events:              8391388

Latency (ms):
         min:                                    0.54
         avg:                                    3.00
         max:                                   26.86
         95th percentile:                        3.19
         sum:                             25191188.91

Threads fairness:
    events (avg/stddev):           209784.5000/544.14
    execution time (avg/stddev):   629.7797/0.00

