LUA_PATH=/home/mdcallag/git/mytools/bench/sysbench.lua/lua/?.lua /home/mdcallag/git/mytools/bench/sysbench.lua/lua/sysbench --db-driver=pgsql --range-size=100 --table-size=10000000 --tables=8 --threads=40 --events=0 --warmup-time=5 --time=60 --pgsql_conn_id=true /home/mdcallag/git/mytools/bench/sysbench.lua/lua/oltp_scan.lua run --pgsql-user=root --pgsql-password=pw --pgsql-host=127.0.0.1 --pgsql-db=ib --rand-type=uniform
48 CPUs
sysbench 1.1.0-9072687 (using bundled LuaJIT 2.1.0-beta3)

Running the test with following options:
Number of threads: 40
Warmup time: 5s
Initializing random number generator from current time


Initializing worker threads...

explain: for scan :: explain SELECT * from sbtest%d WHERE LENGTH(c) < 0
explain: for scan :: explain SELECT * from sbtest%d WHERE LENGTH(c) < 0
explain: for scan :: explain SELECT * from sbtest%d WHERE LENGTH(c) < 0
explain: for scan :: explain SELECT * from sbtest%d WHERE LENGTH(c) < 0
explain: for scan :: explain SELECT * from sbtest%d WHERE LENGTH(c) < 0
explain: for scan :: explain SELECT * from sbtest%d WHERE LENGTH(c) < 0
explain: for scan :: explain SELECT * from sbtest%d WHERE LENGTH(c) < 0
explain: for scan :: explain SELECT * from sbtest%d WHERE LENGTH(c) < 0
explain: for scan :: explain SELECT * from sbtest%d WHERE LENGTH(c) < 0
explain: for scan :: explain SELECT * from sbtest%d WHERE LENGTH(c) < 0
explain: for scan :: explain SELECT * from sbtest%d WHERE LENGTH(c) < 0
explain: for scan :: explain SELECT * from sbtest%d WHERE LENGTH(c) < 0
explain: for scan :: explain SELECT * from sbtest%d WHERE LENGTH(c) < 0
explain: for scan :: explain SELECT * from sbtest%d WHERE LENGTH(c) < 0
explain: for scan :: explain SELECT * from sbtest%d WHERE LENGTH(c) < 0
explain: for scan :: explain SELECT * from sbtest%d WHERE LENGTH(c) < 0
explain: for scan :: explain SELECT * from sbtest%d WHERE LENGTH(c) < 0
explain: for scan :: explain SELECT * from sbtest%d WHERE LENGTH(c) < 0
explain: for scan :: explain SELECT * from sbtest%d WHERE LENGTH(c) < 0
explain: for scan :: explain SELECT * from sbtest%d WHERE LENGTH(c) < 0
explain: for scan :: explain SELECT * from sbtest%d WHERE LENGTH(c) < 0
explain: for scan :: explain SELECT * from sbtest%d WHERE LENGTH(c) < 0
explain: for scan :: explain SELECT * from sbtest%d WHERE LENGTH(c) < 0
explain: for scan :: explain SELECT * from sbtest%d WHERE LENGTH(c) < 0
explain: for scan :: explain SELECT * from sbtest%d WHERE LENGTH(c) < 0
explain: for scan :: explain SELECT * from sbtest%d WHERE LENGTH(c) < 0
explain: for scan :: explain SELECT * from sbtest%d WHERE LENGTH(c) < 0
explain: for scan :: explain SELECT * from sbtest%d WHERE LENGTH(c) < 0
explain: for scan :: explain SELECT * from sbtest%d WHERE LENGTH(c) < 0
explain: for scan :: explain SELECT * from sbtest%d WHERE LENGTH(c) < 0
explain: for scan :: explain SELECT * from sbtest%d WHERE LENGTH(c) < 0
explain: for scan :: explain SELECT * from sbtest%d WHERE LENGTH(c) < 0
explain: for scan :: explain SELECT * from sbtest%d WHERE LENGTH(c) < 0
explain: for scan :: explain SELECT * from sbtest%d WHERE LENGTH(c) < 0
explain: for scan :: explain SELECT * from sbtest%d WHERE LENGTH(c) < 0
explain: for scan :: explain SELECT * from sbtest%d WHERE LENGTH(c) < 0
explain: for scan :: explain SELECT * from sbtest%d WHERE LENGTH(c) < 0
for scan
table 1 : explain SELECT * from sbtest1 WHERE LENGTH(c) < 0
	Seq Scan on sbtest1  (cost=0.00..458024.93 rows=3327021 width=190)
	  Filter: (length(c) < 0)

table 2 : explain SELECT * from sbtest2 WHERE LENGTH(c) < 0
	Seq Scan on sbtest2  (cost=0.00..473751.85 rows=3336263 width=190)
	  Filter: (length(c) < 0)

table 3 : explain SELECT * from sbtest3 WHERE LENGTH(c) < 0
	Seq Scan on sbtest3  (cost=0.00..470546.51 rows=3342789 width=190)
	  Filter: (length(c) < 0)

table 4 : explain SELECT * from sbtest4 WHERE LENGTH(c) < 0
	Seq Scan on sbtest4  (cost=0.00..483583.32 rows=3330163 width=190)
	  Filter: (length(c) < 0)

table 5 : explain SELECT * from sbtest5 WHERE LENGTH(c) < 0
	Seq Scan on sbtest5  (cost=0.00..483068.58 rows=3333991 width=190)
	  Filter: (length(c) < 0)

table 6 : explain SELECT * from sbtest6 WHERE LENGTH(c) < 0
	Seq Scan on sbtest6  (cost=0.00..485187.23 rows=3339916 width=190)
	  Filter: (length(c) < 0)

table 7 : explain SELECT * from sbtest7 WHERE LENGTH(c) < 0
	Seq Scan on sbtest7  (cost=0.00..485334.36 rows=3324275 width=190)
	  Filter: (length(c) < 0)

table 8 : explain SELECT * from sbtest8 WHERE LENGTH(c) < 0
	Seq Scan on sbtest8  (cost=0.00..485258.67 rows=3329815 width=190)
	  Filter: (length(c) < 0)

explain: for scan :: explain SELECT * from sbtest%d WHERE LENGTH(c) < 0
explain: for scan :: explain SELECT * from sbtest%d WHERE LENGTH(c) < 0
for scan
table 1 : explain SELECT * from sbtest1 WHERE LENGTH(c) < 0
	Seq Scan on sbtest1  (cost=0.00..458024.93 rows=3327021 width=190)
	  Filter: (length(c) < 0)

table 2 : explain SELECT * from sbtest2 WHERE LENGTH(c) < 0
	Seq Scan on sbtest2  (cost=0.00..473751.85 rows=3336263 width=190)
	  Filter: (length(c) < 0)

table 3 : explain SELECT * from sbtest3 WHERE LENGTH(c) < 0
	Seq Scan on sbtest3  (cost=0.00..470546.51 rows=3342789 width=190)
	  Filter: (length(c) < 0)

table 4 : explain SELECT * from sbtest4 WHERE LENGTH(c) < 0
	Seq Scan on sbtest4  (cost=0.00..483583.32 rows=3330163 width=190)
	  Filter: (length(c) < 0)

table 5 : explain SELECT * from sbtest5 WHERE LENGTH(c) < 0
	Seq Scan on sbtest5  (cost=0.00..483068.58 rows=3333991 width=190)
	  Filter: (length(c) < 0)

table 6 : explain SELECT * from sbtest6 WHERE LENGTH(c) < 0
	Seq Scan on sbtest6  (cost=0.00..485187.23 rows=3339916 width=190)
	  Filter: (length(c) < 0)

table 7 : explain SELECT * from sbtest7 WHERE LENGTH(c) < 0
	Seq Scan on sbtest7  (cost=0.00..485334.36 rows=3324275 width=190)
	  Filter: (length(c) < 0)

table 8 : explain SELECT * from sbtest8 WHERE LENGTH(c) < 0
	Seq Scan on sbtest8  (cost=0.00..485258.67 rows=3329815 width=190)
	  Filter: (length(c) < 0)
for scan
table 1 : explain SELECT * from sbtest1 WHERE LENGTH(c) < 0
	Seq Scan on sbtest1  (cost=0.00..458024.93 rows=3327021 width=190)
	  Filter: (length(c) < 0)

table 2 : explain SELECT * from sbtest2 WHERE LENGTH(c) < 0
	Seq Scan on sbtest2  (cost=0.00..473751.85 rows=3336263 width=190)
	  Filter: (length(c) < 0)

table 3 : explain SELECT * from sbtest3 WHERE LENGTH(c) < 0
	Seq Scan on sbtest3  (cost=0.00..470546.51 rows=3342789 width=190)
	  Filter: (length(c) < 0)

table 4 : explain SELECT * from sbtest4 WHERE LENGTH(c) < 0
	Seq Scan on sbtest4  (cost=0.00..483583.32 rows=3330163 width=190)
	  Filter: (length(c) < 0)

table 5 : explain SELECT * from sbtest5 WHERE LENGTH(c) < 0
	Seq Scan on sbtest5  (cost=0.00..483068.58 rows=3333991 width=190)
	  Filter: (length(c) < 0)

table 6 : explain SELECT * from sbtest6 WHERE LENGTH(c) < 0
	Seq Scan on sbtest6  (cost=0.00..485187.23 rows=3339916 width=190)
	  Filter: (length(c) < 0)

table 7 : explain SELECT * from sbtest7 WHERE LENGTH(c) < 0
	Seq Scan on sbtest7  (cost=0.00..485334.36 rows=3324275 width=190)
	  Filter: (length(c) < 0)

table 8 : explain SELECT * from sbtest8 WHERE LENGTH(c) < 0
	Seq Scan on sbtest8  (cost=0.00..485258.67 rows=3329815 width=190)
	  Filter: (length(c) < 0)
for scan
table 1 : explain SELECT * from sbtest1 WHERE LENGTH(c) < 0
	Seq Scan on sbtest1  (cost=0.00..458024.93 rows=3327021 width=190)
	  Filter: (length(c) < 0)

table 2 : explain SELECT * from sbtest2 WHERE LENGTH(c) < 0
	Seq Scan on sbtest2  (cost=0.00..473751.85 rows=3336263 width=190)
	  Filter: (length(c) < 0)

table 3 : explain SELECT * from sbtest3 WHERE LENGTH(c) < 0
	Seq Scan on sbtest3  (cost=0.00..470546.51 rows=3342789 width=190)
	  Filter: (length(c) < 0)

table 4 : explain SELECT * from sbtest4 WHERE LENGTH(c) < 0
	Seq Scan on sbtest4  (cost=0.00..483583.32 rows=3330163 width=190)
	  Filter: (length(c) < 0)

table 5 : explain SELECT * from sbtest5 WHERE LENGTH(c) < 0
	Seq Scan on sbtest5  (cost=0.00..483068.58 rows=3333991 width=190)
	  Filter: (length(c) < 0)

table 6 : explain SELECT * from sbtest6 WHERE LENGTH(c) < 0
	Seq Scan on sbtest6  (cost=0.00..485187.23 rows=3339916 width=190)
	  Filter: (length(c) < 0)

table 7 : explain SELECT * from sbtest7 WHERE LENGTH(c) < 0
	Seq Scan on sbtest7  (cost=0.00..485334.36 rows=3324275 width=190)
	  Filter: (length(c) < 0)

table 8 : explain SELECT * from sbtest8 WHERE LENGTH(c) < 0
	Seq Scan on sbtest8  (cost=0.00..485258.67 rows=3329815 width=190)
	  Filter: (length(c) < 0)

for scan
table 1 : explain SELECT * from sbtest1 WHERE LENGTH(c) < 0
	Seq Scan on sbtest1  (cost=0.00..458024.93 rows=3327021 width=190)
	  Filter: (length(c) < 0)

table 2 : explain SELECT * from sbtest2 WHERE LENGTH(c) < 0
	Seq Scan on sbtest2  (cost=0.00..473751.85 rows=3336263 width=190)
	  Filter: (length(c) < 0)

table 3 : explain SELECT * from sbtest3 WHERE LENGTH(c) < 0
	Seq Scan on sbtest3  (cost=0.00..470546.51 rows=3342789 width=190)
	  Filter: (length(c) < 0)

table 4 : explain SELECT * from sbtest4 WHERE LENGTH(c) < 0
	Seq Scan on sbtest4  (cost=0.00..483583.32 rows=3330163 width=190)
	  Filter: (length(c) < 0)

table 5 : explain SELECT * from sbtest5 WHERE LENGTH(c) < 0
	Seq Scan on sbtest5  (cost=0.00..483068.58 rows=3333991 width=190)
	  Filter: (length(c) < 0)

table 6 : explain SELECT * from sbtest6 WHERE LENGTH(c) < 0
	Seq Scan on sbtest6  (cost=0.00..485187.23 rows=3339916 width=190)
	  Filter: (length(c) < 0)

table 7 : explain SELECT * from sbtest7 WHERE LENGTH(c) < 0
	Seq Scan on sbtest7  (cost=0.00..485334.36 rows=3324275 width=190)
	  Filter: (length(c) < 0)

table 8 : explain SELECT * from sbtest8 WHERE LENGTH(c) < 0
	Seq Scan on sbtest8  (cost=0.00..485258.67 rows=3329815 width=190)
	  Filter: (length(c) < 0)
for scan
table 1 : explain SELECT * from sbtest1 WHERE LENGTH(c) < 0
	Seq Scan on sbtest1  (cost=0.00..458024.93 rows=3327021 width=190)
	  Filter: (length(c) < 0)

table 2 : explain SELECT * from sbtest2 WHERE LENGTH(c) < 0
	Seq Scan on sbtest2  (cost=0.00..473751.85 rows=3336263 width=190)
	  Filter: (length(c) < 0)

table 3 : explain SELECT * from sbtest3 WHERE LENGTH(c) < 0
	Seq Scan on sbtest3  (cost=0.00..470546.51 rows=3342789 width=190)
	  Filter: (length(c) < 0)

table 4 : explain SELECT * from sbtest4 WHERE LENGTH(c) < 0
	Seq Scan on sbtest4  (cost=0.00..483583.32 rows=3330163 width=190)
	  Filter: (length(c) < 0)

table 5 : explain SELECT * from sbtest5 WHERE LENGTH(c) < 0
	Seq Scan on sbtest5  (cost=0.00..483068.58 rows=3333991 width=190)
	  Filter: (length(c) < 0)

table 6 : explain SELECT * from sbtest6 WHERE LENGTH(c) < 0
	Seq Scan on sbtest6  (cost=0.00..485187.23 rows=3339916 width=190)
	  Filter: (length(c) < 0)

table 7 : explain SELECT * from sbtest7 WHERE LENGTH(c) < 0
	Seq Scan on sbtest7  (cost=0.00..485334.36 rows=3324275 width=190)
	  Filter: (length(c) < 0)

table 8 : explain SELECT * from sbtest8 WHERE LENGTH(c) < 0
	Seq Scan on sbtest8  (cost=0.00..485258.67 rows=3329815 width=190)
	  Filter: (length(c) < 0)

for scan
table 1 : explain SELECT * from sbtest1 WHERE LENGTH(c) < 0
	Seq Scan on sbtest1  (cost=0.00..458024.93 rows=3327021 width=190)
	  Filter: (length(c) < 0)

table 2 : explain SELECT * from sbtest2 WHERE LENGTH(c) < 0
	Seq Scan on sbtest2  (cost=0.00..473751.85 rows=3336263 width=190)
	  Filter: (length(c) < 0)

table 3 : explain SELECT * from sbtest3 WHERE LENGTH(c) < 0
	Seq Scan on sbtest3  (cost=0.00..470546.51 rows=3342789 width=190)
	  Filter: (length(c) < 0)

table 4 : explain SELECT * from sbtest4 WHERE LENGTH(c) < 0
	Seq Scan on sbtest4  (cost=0.00..483583.32 rows=3330163 width=190)
	  Filter: (length(c) < 0)

table 5 : explain SELECT * from sbtest5 WHERE LENGTH(c) < 0
	Seq Scan on sbtest5  (cost=0.00..483068.58 rows=3333991 width=190)
	  Filter: (length(c) < 0)

table 6 : explain SELECT * from sbtest6 WHERE LENGTH(c) < 0
	Seq Scan on sbtest6  (cost=0.00..485187.23 rows=3339916 width=190)
	  Filter: (length(c) < 0)

table 7 : explain SELECT * from sbtest7 WHERE LENGTH(c) < 0
	Seq Scan on sbtest7  (cost=0.00..485334.36 rows=3324275 width=190)
	  Filter: (length(c) < 0)

table 8 : explain SELECT * from sbtest8 WHERE LENGTH(c) < 0
	Seq Scan on sbtest8  (cost=0.00..485258.67 rows=3329815 width=190)
	  Filter: (length(c) < 0)

for scan
table 1 : explain SELECT * from sbtest1 WHERE LENGTH(c) < 0
	Seq Scan on sbtest1  (cost=0.00..458024.93 rows=3327021 width=190)
	  Filter: (length(c) < 0)

table 2 : explain SELECT * from sbtest2 WHERE LENGTH(c) < 0
	Seq Scan on sbtest2  (cost=0.00..473751.85 rows=3336263 width=190)
	  Filter: (length(c) < 0)

table 3 : explain SELECT * from sbtest3 WHERE LENGTH(c) < 0
	Seq Scan on sbtest3  (cost=0.00..470546.51 rows=3342789 width=190)
	  Filter: (length(c) < 0)

table 4 : explain SELECT * from sbtest4 WHERE LENGTH(c) < 0
	Seq Scan on sbtest4  (cost=0.00..483583.32 rows=3330163 width=190)
	  Filter: (length(c) < 0)

table 5 : explain SELECT * from sbtest5 WHERE LENGTH(c) < 0
	Seq Scan on sbtest5  (cost=0.00..483068.58 rows=3333991 width=190)
	  Filter: (length(c) < 0)

table 6 : explain SELECT * from sbtest6 WHERE LENGTH(c) < 0
	Seq Scan on sbtest6  (cost=0.00..485187.23 rows=3339916 width=190)
	  Filter: (length(c) < 0)

table 7 : explain SELECT * from sbtest7 WHERE LENGTH(c) < 0
	Seq Scan on sbtest7  (cost=0.00..485334.36 rows=3324275 width=190)
	  Filter: (length(c) < 0)

table 8 : explain SELECT * from sbtest8 WHERE LENGTH(c) < 0
	Seq Scan on sbtest8  (cost=0.00..485258.67 rows=3329815 width=190)
	  Filter: (length(c) < 0)

for scan
table 1 : explain SELECT * from sbtest1 WHERE LENGTH(c) < 0
	Seq Scan on sbtest1  (cost=0.00..458024.93 rows=3327021 width=190)
	  Filter: (length(c) < 0)

table 2 : explain SELECT * from sbtest2 WHERE LENGTH(c) < 0
	Seq Scan on sbtest2  (cost=0.00..473751.85 rows=3336263 width=190)
	  Filter: (length(c) < 0)

table 3 : explain SELECT * from sbtest3 WHERE LENGTH(c) < 0
	Seq Scan on sbtest3  (cost=0.00..470546.51 rows=3342789 width=190)
	  Filter: (length(c) < 0)

table 4 : explain SELECT * from sbtest4 WHERE LENGTH(c) < 0
	Seq Scan on sbtest4  (cost=0.00..483583.32 rows=3330163 width=190)
	  Filter: (length(c) < 0)

table 5 : explain SELECT * from sbtest5 WHERE LENGTH(c) < 0
	Seq Scan on sbtest5  (cost=0.00..483068.58 rows=3333991 width=190)
	  Filter: (length(c) < 0)

table 6 : explain SELECT * from sbtest6 WHERE LENGTH(c) < 0
	Seq Scan on sbtest6  (cost=0.00..485187.23 rows=3339916 width=190)
	  Filter: (length(c) < 0)

table 7 : explain SELECT * from sbtest7 WHERE LENGTH(c) < 0
	Seq Scan on sbtest7  (cost=0.00..485334.36 rows=3324275 width=190)
	  Filter: (length(c) < 0)

table 8 : explain SELECT * from sbtest8 WHERE LENGTH(c) < 0
	Seq Scan on sbtest8  (cost=0.00..485258.67 rows=3329815 width=190)
	  Filter: (length(c) < 0)


for scan
table 1 : explain SELECT * from sbtest1 WHERE LENGTH(c) < 0
	Seq Scan on sbtest1  (cost=0.00..458024.93 rows=3327021 width=190)
	  Filter: (length(c) < 0)

table 2 : explain SELECT * from sbtest2 WHERE LENGTH(c) < 0
	Seq Scan on sbtest2  (cost=0.00..473751.85 rows=3336263 width=190)
	  Filter: (length(c) < 0)

table 3 : explain SELECT * from sbtest3 WHERE LENGTH(c) < 0
	Seq Scan on sbtest3  (cost=0.00..470546.51 rows=3342789 width=190)
	  Filter: (length(c) < 0)

table 4 : explain SELECT * from sbtest4 WHERE LENGTH(c) < 0
	Seq Scan on sbtest4  (cost=0.00..483583.32 rows=3330163 width=190)
	  Filter: (length(c) < 0)

table 5 : explain SELECT * from sbtest5 WHERE LENGTH(c) < 0
	Seq Scan on sbtest5  (cost=0.00..483068.58 rows=3333991 width=190)
	  Filter: (length(c) < 0)

table 6 : explain SELECT * from sbtest6 WHERE LENGTH(c) < 0
	Seq Scan on sbtest6  (cost=0.00..485187.23 rows=3339916 width=190)
	  Filter: (length(c) < 0)

table 7 : explain SELECT * from sbtest7 WHERE LENGTH(c) < 0
	Seq Scan on sbtest7  (cost=0.00..485334.36 rows=3324275 width=190)
	  Filter: (length(c) < 0)

table 8 : explain SELECT * from sbtest8 WHERE LENGTH(c) < 0
	Seq Scan on sbtest8  (cost=0.00..485258.67 rows=3329815 width=190)
	  Filter: (length(c) < 0)

for scan
table 1 : explain SELECT * from sbtest1 WHERE LENGTH(c) < 0
	Seq Scan on sbtest1  (cost=0.00..458024.93 rows=3327021 width=190)
	  Filter: (length(c) < 0)

table 2 : explain SELECT * from sbtest2 WHERE LENGTH(c) < 0
	Seq Scan on sbtest2  (cost=0.00..473751.85 rows=3336263 width=190)
	  Filter: (length(c) < 0)

table 3 : explain SELECT * from sbtest3 WHERE LENGTH(c) < 0
	Seq Scan on sbtest3  (cost=0.00..470546.51 rows=3342789 width=190)
	  Filter: (length(c) < 0)

table 4 : explain SELECT * from sbtest4 WHERE LENGTH(c) < 0
	Seq Scan on sbtest4  (cost=0.00..483583.32 rows=3330163 width=190)
	  Filter: (length(c) < 0)

table 5 : explain SELECT * from sbtest5 WHERE LENGTH(c) < 0
	Seq Scan on sbtest5  (cost=0.00..483068.58 rows=3333991 width=190)
	  Filter: (length(c) < 0)

table 6 : explain SELECT * from sbtest6 WHERE LENGTH(c) < 0
	Seq Scan on sbtest6  (cost=0.00..485187.23 rows=3339916 width=190)
	  Filter: (length(c) < 0)

table 7 : explain SELECT * from sbtest7 WHERE LENGTH(c) < 0
	Seq Scan on sbtest7  (cost=0.00..485334.36 rows=3324275 width=190)
	  Filter: (length(c) < 0)

table 8 : explain SELECT * from sbtest8 WHERE LENGTH(c) < 0
	Seq Scan on sbtest8  (cost=0.00..485258.67 rows=3329815 width=190)
	  Filter: (length(c) < 0)

for scan
table 1 : explain SELECT * from sbtest1 WHERE LENGTH(c) < 0
	Seq Scan on sbtest1  (cost=0.00..458024.93 rows=3327021 width=190)
	  Filter: (length(c) < 0)

table 2 : explain SELECT * from sbtest2 WHERE LENGTH(c) < 0
	Seq Scan on sbtest2  (cost=0.00..473751.85 rows=3336263 width=190)
	  Filter: (length(c) < 0)

table 3 : explain SELECT * from sbtest3 WHERE LENGTH(c) < 0
	Seq Scan on sbtest3  (cost=0.00..470546.51 rows=3342789 width=190)
	  Filter: (length(c) < 0)

table 4 : explain SELECT * from sbtest4 WHERE LENGTH(c) < 0
	Seq Scan on sbtest4  (cost=0.00..483583.32 rows=3330163 width=190)
	  Filter: (length(c) < 0)

table 5 : explain SELECT * from sbtest5 WHERE LENGTH(c) < 0
	Seq Scan on sbtest5  (cost=0.00..483068.58 rows=3333991 width=190)
	  Filter: (length(c) < 0)

table 6 : explain SELECT * from sbtest6 WHERE LENGTH(c) < 0
	Seq Scan on sbtest6  (cost=0.00..485187.23 rows=3339916 width=190)
	  Filter: (length(c) < 0)

table 7 : explain SELECT * from sbtest7 WHERE LENGTH(c) < 0
	Seq Scan on sbtest7  (cost=0.00..485334.36 rows=3324275 width=190)
	  Filter: (length(c) < 0)

table 8 : explain SELECT * from sbtest8 WHERE LENGTH(c) < 0
	Seq Scan on sbtest8  (cost=0.00..485258.67 rows=3329815 width=190)
	  Filter: (length(c) < 0)



for scan
table 1 : explain SELECT * from sbtest1 WHERE LENGTH(c) < 0
	Seq Scan on sbtest1  (cost=0.00..458024.93 rows=3327021 width=190)
	  Filter: (length(c) < 0)

table 2 : explain SELECT * from sbtest2 WHERE LENGTH(c) < 0
	Seq Scan on sbtest2  (cost=0.00..473751.85 rows=3336263 width=190)
	  Filter: (length(c) < 0)

table 3 : explain SELECT * from sbtest3 WHERE LENGTH(c) < 0
	Seq Scan on sbtest3  (cost=0.00..470546.51 rows=3342789 width=190)
	  Filter: (length(c) < 0)

table 4 : explain SELECT * from sbtest4 WHERE LENGTH(c) < 0
	Seq Scan on sbtest4  (cost=0.00..483583.32 rows=3330163 width=190)
	  Filter: (length(c) < 0)

table 5 : explain SELECT * from sbtest5 WHERE LENGTH(c) < 0
	Seq Scan on sbtest5  (cost=0.00..483068.58 rows=3333991 width=190)
	  Filter: (length(c) < 0)

table 6 : explain SELECT * from sbtest6 WHERE LENGTH(c) < 0
	Seq Scan on sbtest6  (cost=0.00..485187.23 rows=3339916 width=190)
	  Filter: (length(c) < 0)

table 7 : explain SELECT * from sbtest7 WHERE LENGTH(c) < 0
	Seq Scan on sbtest7  (cost=0.00..485334.36 rows=3324275 width=190)
	  Filter: (length(c) < 0)

table 8 : explain SELECT * from sbtest8 WHERE LENGTH(c) < 0
	Seq Scan on sbtest8  (cost=0.00..485258.67 rows=3329815 width=190)
	  Filter: (length(c) < 0)

for scan
table 1 : explain SELECT * from sbtest1 WHERE LENGTH(c) < 0
	Seq Scan on sbtest1  (cost=0.00..458024.93 rows=3327021 width=190)
	  Filter: (length(c) < 0)

table 2 : explain SELECT * from sbtest2 WHERE LENGTH(c) < 0
	Seq Scan on sbtest2  (cost=0.00..473751.85 rows=3336263 width=190)
	  Filter: (length(c) < 0)

table 3 : explain SELECT * from sbtest3 WHERE LENGTH(c) < 0
	Seq Scan on sbtest3  (cost=0.00..470546.51 rows=3342789 width=190)
	  Filter: (length(c) < 0)

table 4 : explain SELECT * from sbtest4 WHERE LENGTH(c) < 0
	Seq Scan on sbtest4  (cost=0.00..483583.32 rows=3330163 width=190)
	  Filter: (length(c) < 0)

table 5 : explain SELECT * from sbtest5 WHERE LENGTH(c) < 0
	Seq Scan on sbtest5  (cost=0.00..483068.58 rows=3333991 width=190)
	  Filter: (length(c) < 0)

table 6 : explain SELECT * from sbtest6 WHERE LENGTH(c) < 0
	Seq Scan on sbtest6  (cost=0.00..485187.23 rows=3339916 width=190)
	  Filter: (length(c) < 0)

table 7 : explain SELECT * from sbtest7 WHERE LENGTH(c) < 0
	Seq Scan on sbtest7  (cost=0.00..485334.36 rows=3324275 width=190)
	  Filter: (length(c) < 0)

table 8 : explain SELECT * from sbtest8 WHERE LENGTH(c) < 0
	Seq Scan on sbtest8  (cost=0.00..485258.67 rows=3329815 width=190)
	  Filter: (length(c) < 0)

for scan
table 1 : explain SELECT * from sbtest1 WHERE LENGTH(c) < 0
	Seq Scan on sbtest1  (cost=0.00..458024.93 rows=3327021 width=190)
	  Filter: (length(c) < 0)

table 2 : explain SELECT * from sbtest2 WHERE LENGTH(c) < 0
	Seq Scan on sbtest2  (cost=0.00..473751.85 rows=3336263 width=190)
	  Filter: (length(c) < 0)

table 3 : explain SELECT * from sbtest3 WHERE LENGTH(c) < 0
	Seq Scan on sbtest3  (cost=0.00..470546.51 rows=3342789 width=190)
	  Filter: (length(c) < 0)

table 4 : explain SELECT * from sbtest4 WHERE LENGTH(c) < 0
	Seq Scan on sbtest4  (cost=0.00..483583.32 rows=3330163 width=190)
	  Filter: (length(c) < 0)

table 5 : explain SELECT * from sbtest5 WHERE LENGTH(c) < 0
	Seq Scan on sbtest5  (cost=0.00..483068.58 rows=3333991 width=190)
	  Filter: (length(c) < 0)

table 6 : explain SELECT * from sbtest6 WHERE LENGTH(c) < 0
	Seq Scan on sbtest6  (cost=0.00..485187.23 rows=3339916 width=190)
	  Filter: (length(c) < 0)

table 7 : explain SELECT * from sbtest7 WHERE LENGTH(c) < 0
	Seq Scan on sbtest7  (cost=0.00..485334.36 rows=3324275 width=190)
	  Filter: (length(c) < 0)

table 8 : explain SELECT * from sbtest8 WHERE LENGTH(c) < 0
	Seq Scan on sbtest8  (cost=0.00..485258.67 rows=3329815 width=190)
	  Filter: (length(c) < 0)

for scan
table 1 : explain SELECT * from sbtest1 WHERE LENGTH(c) < 0
	Seq Scan on sbtest1  (cost=0.00..458024.93 rows=3327021 width=190)
	  Filter: (length(c) < 0)

table 2 : explain SELECT * from sbtest2 WHERE LENGTH(c) < 0
	Seq Scan on sbtest2  (cost=0.00..473751.85 rows=3336263 width=190)
	  Filter: (length(c) < 0)

table 3 : explain SELECT * from sbtest3 WHERE LENGTH(c) < 0
	Seq Scan on sbtest3  (cost=0.00..470546.51 rows=3342789 width=190)
	  Filter: (length(c) < 0)

table 4 : explain SELECT * from sbtest4 WHERE LENGTH(c) < 0
	Seq Scan on sbtest4  (cost=0.00..483583.32 rows=3330163 width=190)
	  Filter: (length(c) < 0)

table 5 : explain SELECT * from sbtest5 WHERE LENGTH(c) < 0
	Seq Scan on sbtest5  (cost=0.00..483068.58 rows=3333991 width=190)
	  Filter: (length(c) < 0)

table 6 : explain SELECT * from sbtest6 WHERE LENGTH(c) < 0
	Seq Scan on sbtest6  (cost=0.00..485187.23 rows=3339916 width=190)
	  Filter: (length(c) < 0)

table 7 : explain SELECT * from sbtest7 WHERE LENGTH(c) < 0
	Seq Scan on sbtest7  (cost=0.00..485334.36 rows=3324275 width=190)
	  Filter: (length(c) < 0)

table 8 : explain SELECT * from sbtest8 WHERE LENGTH(c) < 0
	Seq Scan on sbtest8  (cost=0.00..485258.67 rows=3329815 width=190)
	  Filter: (length(c) < 0)

for scan
table 1 : explain SELECT * from sbtest1 WHERE LENGTH(c) < 0
	Seq Scan on sbtest1  (cost=0.00..458024.93 rows=3327021 width=190)
	  Filter: (length(c) < 0)

table 2 : explain SELECT * from sbtest2 WHERE LENGTH(c) < 0
	Seq Scan on sbtest2  (cost=0.00..473751.85 rows=3336263 width=190)
	  Filter: (length(c) < 0)

table 3 : explain SELECT * from sbtest3 WHERE LENGTH(c) < 0
	Seq Scan on sbtest3  (cost=0.00..470546.51 rows=3342789 width=190)
	  Filter: (length(c) < 0)

table 4 : explain SELECT * from sbtest4 WHERE LENGTH(c) < 0
	Seq Scan on sbtest4  (cost=0.00..483583.32 rows=3330163 width=190)
	  Filter: (length(c) < 0)

table 5 : explain SELECT * from sbtest5 WHERE LENGTH(c) < 0
	Seq Scan on sbtest5  (cost=0.00..483068.58 rows=3333991 width=190)
	  Filter: (length(c) < 0)

table 6 : explain SELECT * from sbtest6 WHERE LENGTH(c) < 0
	Seq Scan on sbtest6  (cost=0.00..485187.23 rows=3339916 width=190)
	  Filter: (length(c) < 0)

table 7 : explain SELECT * from sbtest7 WHERE LENGTH(c) < 0
	Seq Scan on sbtest7  (cost=0.00..485334.36 rows=3324275 width=190)
	  Filter: (length(c) < 0)

table 8 : explain SELECT * from sbtest8 WHERE LENGTH(c) < 0
	Seq Scan on sbtest8  (cost=0.00..485258.67 rows=3329815 width=190)
	  Filter: (length(c) < 0)

for scan
table 1 : explain SELECT * from sbtest1 WHERE LENGTH(c) < 0
	Seq Scan on sbtest1  (cost=0.00..458024.93 rows=3327021 width=190)
	  Filter: (length(c) < 0)

table 2 : explain SELECT * from sbtest2 WHERE LENGTH(c) < 0
	Seq Scan on sbtest2  (cost=0.00..473751.85 rows=3336263 width=190)
	  Filter: (length(c) < 0)

table 3 : explain SELECT * from sbtest3 WHERE LENGTH(c) < 0
	Seq Scan on sbtest3  (cost=0.00..470546.51 rows=3342789 width=190)
	  Filter: (length(c) < 0)

table 4 : explain SELECT * from sbtest4 WHERE LENGTH(c) < 0
	Seq Scan on sbtest4  (cost=0.00..483583.32 rows=3330163 width=190)
	  Filter: (length(c) < 0)

table 5 : explain SELECT * from sbtest5 WHERE LENGTH(c) < 0
	Seq Scan on sbtest5  (cost=0.00..483068.58 rows=3333991 width=190)
	  Filter: (length(c) < 0)

table 6 : explain SELECT * from sbtest6 WHERE LENGTH(c) < 0
	Seq Scan on sbtest6  (cost=0.00..485187.23 rows=3339916 width=190)
	  Filter: (length(c) < 0)

table 7 : explain SELECT * from sbtest7 WHERE LENGTH(c) < 0
	Seq Scan on sbtest7  (cost=0.00..485334.36 rows=3324275 width=190)
	  Filter: (length(c) < 0)

table 8 : explain SELECT * from sbtest8 WHERE LENGTH(c) < 0
	Seq Scan on sbtest8  (cost=0.00..485258.67 rows=3329815 width=190)
	  Filter: (length(c) < 0)

for scan
table 1 : explain SELECT * from sbtest1 WHERE LENGTH(c) < 0
	Seq Scan on sbtest1  (cost=0.00..458024.93 rows=3327021 width=190)
	  Filter: (length(c) < 0)

table 2 : explain SELECT * from sbtest2 WHERE LENGTH(c) < 0
	Seq Scan on sbtest2  (cost=0.00..473751.85 rows=3336263 width=190)
	  Filter: (length(c) < 0)

table 3 : explain SELECT * from sbtest3 WHERE LENGTH(c) < 0
	Seq Scan on sbtest3  (cost=0.00..470546.51 rows=3342789 width=190)
	  Filter: (length(c) < 0)

table 4 : explain SELECT * from sbtest4 WHERE LENGTH(c) < 0
	Seq Scan on sbtest4  (cost=0.00..483583.32 rows=3330163 width=190)
	  Filter: (length(c) < 0)

table 5 : explain SELECT * from sbtest5 WHERE LENGTH(c) < 0
	Seq Scan on sbtest5  (cost=0.00..483068.58 rows=3333991 width=190)
	  Filter: (length(c) < 0)

table 6 : explain SELECT * from sbtest6 WHERE LENGTH(c) < 0
	Seq Scan on sbtest6  (cost=0.00..485187.23 rows=3339916 width=190)
	  Filter: (length(c) < 0)

table 7 : explain SELECT * from sbtest7 WHERE LENGTH(c) < 0
	Seq Scan on sbtest7  (cost=0.00..485334.36 rows=3324275 width=190)
	  Filter: (length(c) < 0)

table 8 : explain SELECT * from sbtest8 WHERE LENGTH(c) < 0
	Seq Scan on sbtest8  (cost=0.00..485258.67 rows=3329815 width=190)
	  Filter: (length(c) < 0)

for scan
table 1 : explain SELECT * from sbtest1 WHERE LENGTH(c) < 0
	Seq Scan on sbtest1  (cost=0.00..458024.93 rows=3327021 width=190)
	  Filter: (length(c) < 0)

table 2 : explain SELECT * from sbtest2 WHERE LENGTH(c) < 0
	Seq Scan on sbtest2  (cost=0.00..473751.85 rows=3336263 width=190)
	  Filter: (length(c) < 0)

table 3 : explain SELECT * from sbtest3 WHERE LENGTH(c) < 0
	Seq Scan on sbtest3  (cost=0.00..470546.51 rows=3342789 width=190)
	  Filter: (length(c) < 0)

table 4 : explain SELECT * from sbtest4 WHERE LENGTH(c) < 0
	Seq Scan on sbtest4  (cost=0.00..483583.32 rows=3330163 width=190)
	  Filter: (length(c) < 0)

table 5 : explain SELECT * from sbtest5 WHERE LENGTH(c) < 0
	Seq Scan on sbtest5  (cost=0.00..483068.58 rows=3333991 width=190)
	  Filter: (length(c) < 0)

table 6 : explain SELECT * from sbtest6 WHERE LENGTH(c) < 0
	Seq Scan on sbtest6  (cost=0.00..485187.23 rows=3339916 width=190)
	  Filter: (length(c) < 0)

table 7 : explain SELECT * from sbtest7 WHERE LENGTH(c) < 0
	Seq Scan on sbtest7  (cost=0.00..485334.36 rows=3324275 width=190)
	  Filter: (length(c) < 0)

table 8 : explain SELECT * from sbtest8 WHERE LENGTH(c) < 0
	Seq Scan on sbtest8  (cost=0.00..485258.67 rows=3329815 width=190)
	  Filter: (length(c) < 0)

for scan
table 1 : explain SELECT * from sbtest1 WHERE LENGTH(c) < 0
	Seq Scan on sbtest1  (cost=0.00..458024.93 rows=3327021 width=190)
	  Filter: (length(c) < 0)

table 2 : explain SELECT * from sbtest2 WHERE LENGTH(c) < 0
	Seq Scan on sbtest2  (cost=0.00..473751.85 rows=3336263 width=190)
	  Filter: (length(c) < 0)

table 3 : explain SELECT * from sbtest3 WHERE LENGTH(c) < 0
	Seq Scan on sbtest3  (cost=0.00..470546.51 rows=3342789 width=190)
	  Filter: (length(c) < 0)

table 4 : explain SELECT * from sbtest4 WHERE LENGTH(c) < 0
	Seq Scan on sbtest4  (cost=0.00..483583.32 rows=3330163 width=190)
	  Filter: (length(c) < 0)

table 5 : explain SELECT * from sbtest5 WHERE LENGTH(c) < 0
	Seq Scan on sbtest5  (cost=0.00..483068.58 rows=3333991 width=190)
	  Filter: (length(c) < 0)

table 6 : explain SELECT * from sbtest6 WHERE LENGTH(c) < 0
	Seq Scan on sbtest6  (cost=0.00..485187.23 rows=3339916 width=190)
	  Filter: (length(c) < 0)

table 7 : explain SELECT * from sbtest7 WHERE LENGTH(c) < 0
	Seq Scan on sbtest7  (cost=0.00..485334.36 rows=3324275 width=190)
	  Filter: (length(c) < 0)

table 8 : explain SELECT * from sbtest8 WHERE LENGTH(c) < 0
	Seq Scan on sbtest8  (cost=0.00..485258.67 rows=3329815 width=190)
	  Filter: (length(c) < 0)
for scan
table 1 : explain SELECT * from sbtest1 WHERE LENGTH(c) < 0
	Seq Scan on sbtest1  (cost=0.00..458024.93 rows=3327021 width=190)
	  Filter: (length(c) < 0)

table 2 : explain SELECT * from sbtest2 WHERE LENGTH(c) < 0
	Seq Scan on sbtest2  (cost=0.00..473751.85 rows=3336263 width=190)
	  Filter: (length(c) < 0)

table 3 : explain SELECT * from sbtest3 WHERE LENGTH(c) < 0
	Seq Scan on sbtest3  (cost=0.00..470546.51 rows=3342789 width=190)
	  Filter: (length(c) < 0)

table 4 : explain SELECT * from sbtest4 WHERE LENGTH(c) < 0
	Seq Scan on sbtest4  (cost=0.00..483583.32 rows=3330163 width=190)
	  Filter: (length(c) < 0)

table 5 : explain SELECT * from sbtest5 WHERE LENGTH(c) < 0
	Seq Scan on sbtest5  (cost=0.00..483068.58 rows=3333991 width=190)
	  Filter: (length(c) < 0)

table 6 : explain SELECT * from sbtest6 WHERE LENGTH(c) < 0
	Seq Scan on sbtest6  (cost=0.00..485187.23 rows=3339916 width=190)
	  Filter: (length(c) < 0)

table 7 : explain SELECT * from sbtest7 WHERE LENGTH(c) < 0
	Seq Scan on sbtest7  (cost=0.00..485334.36 rows=3324275 width=190)
	  Filter: (length(c) < 0)

table 8 : explain SELECT * from sbtest8 WHERE LENGTH(c) < 0
	Seq Scan on sbtest8  (cost=0.00..485258.67 rows=3329815 width=190)
	  Filter: (length(c) < 0)
for scan
table 1 : explain SELECT * from sbtest1 WHERE LENGTH(c) < 0
	Seq Scan on sbtest1  (cost=0.00..458024.93 rows=3327021 width=190)
	  Filter: (length(c) < 0)

table 2 : explain SELECT * from sbtest2 WHERE LENGTH(c) < 0
	Seq Scan on sbtest2  (cost=0.00..473751.85 rows=3336263 width=190)
	  Filter: (length(c) < 0)

table 3 : explain SELECT * from sbtest3 WHERE LENGTH(c) < 0
	Seq Scan on sbtest3  (cost=0.00..470546.51 rows=3342789 width=190)
	  Filter: (length(c) < 0)

table 4 : explain SELECT * from sbtest4 WHERE LENGTH(c) < 0
	Seq Scan on sbtest4  (cost=0.00..483583.32 rows=3330163 width=190)
	  Filter: (length(c) < 0)

table 5 : explain SELECT * from sbtest5 WHERE LENGTH(c) < 0
	Seq Scan on sbtest5  (cost=0.00..483068.58 rows=3333991 width=190)
	  Filter: (length(c) < 0)

table 6 : explain SELECT * from sbtest6 WHERE LENGTH(c) < 0
	Seq Scan on sbtest6  (cost=0.00..485187.23 rows=3339916 width=190)
	  Filter: (length(c) < 0)

table 7 : explain SELECT * from sbtest7 WHERE LENGTH(c) < 0
	Seq Scan on sbtest7  (cost=0.00..485334.36 rows=3324275 width=190)
	  Filter: (length(c) < 0)

table 8 : explain SELECT * from sbtest8 WHERE LENGTH(c) < 0
	Seq Scan on sbtest8  (cost=0.00..485258.67 rows=3329815 width=190)
	  Filter: (length(c) < 0)



for scan
table 1 : explain SELECT * from sbtest1 WHERE LENGTH(c) < 0
	Seq Scan on sbtest1  (cost=0.00..458024.93 rows=3327021 width=190)
	  Filter: (length(c) < 0)

table 2 : explain SELECT * from sbtest2 WHERE LENGTH(c) < 0
	Seq Scan on sbtest2  (cost=0.00..473751.85 rows=3336263 width=190)
	  Filter: (length(c) < 0)

table 3 : explain SELECT * from sbtest3 WHERE LENGTH(c) < 0
	Seq Scan on sbtest3  (cost=0.00..470546.51 rows=3342789 width=190)
	  Filter: (length(c) < 0)

table 4 : explain SELECT * from sbtest4 WHERE LENGTH(c) < 0
	Seq Scan on sbtest4  (cost=0.00..483583.32 rows=3330163 width=190)
	  Filter: (length(c) < 0)

table 5 : explain SELECT * from sbtest5 WHERE LENGTH(c) < 0
	Seq Scan on sbtest5  (cost=0.00..483068.58 rows=3333991 width=190)
	  Filter: (length(c) < 0)

table 6 : explain SELECT * from sbtest6 WHERE LENGTH(c) < 0
	Seq Scan on sbtest6  (cost=0.00..485187.23 rows=3339916 width=190)
	  Filter: (length(c) < 0)

table 7 : explain SELECT * from sbtest7 WHERE LENGTH(c) < 0
	Seq Scan on sbtest7  (cost=0.00..485334.36 rows=3324275 width=190)
	  Filter: (length(c) < 0)

table 8 : explain SELECT * from sbtest8 WHERE LENGTH(c) < 0
	Seq Scan on sbtest8  (cost=0.00..485258.67 rows=3329815 width=190)
	  Filter: (length(c) < 0)

for scan
table 1 : explain SELECT * from sbtest1 WHERE LENGTH(c) < 0
	Seq Scan on sbtest1  (cost=0.00..458024.93 rows=3327021 width=190)
	  Filter: (length(c) < 0)

table 2 : explain SELECT * from sbtest2 WHERE LENGTH(c) < 0
	Seq Scan on sbtest2  (cost=0.00..473751.85 rows=3336263 width=190)
	  Filter: (length(c) < 0)

table 3 : explain SELECT * from sbtest3 WHERE LENGTH(c) < 0
	Seq Scan on sbtest3  (cost=0.00..470546.51 rows=3342789 width=190)
	  Filter: (length(c) < 0)

table 4 : explain SELECT * from sbtest4 WHERE LENGTH(c) < 0
	Seq Scan on sbtest4  (cost=0.00..483583.32 rows=3330163 width=190)
	  Filter: (length(c) < 0)

table 5 : explain SELECT * from sbtest5 WHERE LENGTH(c) < 0
	Seq Scan on sbtest5  (cost=0.00..483068.58 rows=3333991 width=190)
	  Filter: (length(c) < 0)

table 6 : explain SELECT * from sbtest6 WHERE LENGTH(c) < 0
	Seq Scan on sbtest6  (cost=0.00..485187.23 rows=3339916 width=190)
	  Filter: (length(c) < 0)

table 7 : explain SELECT * from sbtest7 WHERE LENGTH(c) < 0
	Seq Scan on sbtest7  (cost=0.00..485334.36 rows=3324275 width=190)
	  Filter: (length(c) < 0)

table 8 : explain SELECT * from sbtest8 WHERE LENGTH(c) < 0
	Seq Scan on sbtest8  (cost=0.00..485258.67 rows=3329815 width=190)
	  Filter: (length(c) < 0)

for scan
table 1 : explain SELECT * from sbtest1 WHERE LENGTH(c) < 0
	Seq Scan on sbtest1  (cost=0.00..458024.93 rows=3327021 width=190)
	  Filter: (length(c) < 0)

table 2 : explain SELECT * from sbtest2 WHERE LENGTH(c) < 0
	Seq Scan on sbtest2  (cost=0.00..473751.85 rows=3336263 width=190)
	  Filter: (length(c) < 0)

table 3 : explain SELECT * from sbtest3 WHERE LENGTH(c) < 0
	Seq Scan on sbtest3  (cost=0.00..470546.51 rows=3342789 width=190)
	  Filter: (length(c) < 0)

table 4 : explain SELECT * from sbtest4 WHERE LENGTH(c) < 0
	Seq Scan on sbtest4  (cost=0.00..483583.32 rows=3330163 width=190)
	  Filter: (length(c) < 0)

table 5 : explain SELECT * from sbtest5 WHERE LENGTH(c) < 0
	Seq Scan on sbtest5  (cost=0.00..483068.58 rows=3333991 width=190)
	  Filter: (length(c) < 0)

table 6 : explain SELECT * from sbtest6 WHERE LENGTH(c) < 0
	Seq Scan on sbtest6  (cost=0.00..485187.23 rows=3339916 width=190)
	  Filter: (length(c) < 0)

table 7 : explain SELECT * from sbtest7 WHERE LENGTH(c) < 0
	Seq Scan on sbtest7  (cost=0.00..485334.36 rows=3324275 width=190)
	  Filter: (length(c) < 0)

table 8 : explain SELECT * from sbtest8 WHERE LENGTH(c) < 0
	Seq Scan on sbtest8  (cost=0.00..485258.67 rows=3329815 width=190)
	  Filter: (length(c) < 0)

for scan
table 1 : explain SELECT * from sbtest1 WHERE LENGTH(c) < 0
	Seq Scan on sbtest1  (cost=0.00..458024.93 rows=3327021 width=190)
	  Filter: (length(c) < 0)

table 2 : explain SELECT * from sbtest2 WHERE LENGTH(c) < 0
	Seq Scan on sbtest2  (cost=0.00..473751.85 rows=3336263 width=190)
	  Filter: (length(c) < 0)

table 3 : explain SELECT * from sbtest3 WHERE LENGTH(c) < 0
	Seq Scan on sbtest3  (cost=0.00..470546.51 rows=3342789 width=190)
	  Filter: (length(c) < 0)

table 4 : explain SELECT * from sbtest4 WHERE LENGTH(c) < 0
	Seq Scan on sbtest4  (cost=0.00..483583.32 rows=3330163 width=190)
	  Filter: (length(c) < 0)

table 5 : explain SELECT * from sbtest5 WHERE LENGTH(c) < 0
	Seq Scan on sbtest5  (cost=0.00..483068.58 rows=3333991 width=190)
	  Filter: (length(c) < 0)

table 6 : explain SELECT * from sbtest6 WHERE LENGTH(c) < 0
	Seq Scan on sbtest6  (cost=0.00..485187.23 rows=3339916 width=190)
	  Filter: (length(c) < 0)

table 7 : explain SELECT * from sbtest7 WHERE LENGTH(c) < 0
	Seq Scan on sbtest7  (cost=0.00..485334.36 rows=3324275 width=190)
	  Filter: (length(c) < 0)

table 8 : explain SELECT * from sbtest8 WHERE LENGTH(c) < 0
	Seq Scan on sbtest8  (cost=0.00..485258.67 rows=3329815 width=190)
	  Filter: (length(c) < 0)

for scan
table 1 : explain SELECT * from sbtest1 WHERE LENGTH(c) < 0
	Seq Scan on sbtest1  (cost=0.00..458024.93 rows=3327021 width=190)
	  Filter: (length(c) < 0)

table 2 : explain SELECT * from sbtest2 WHERE LENGTH(c) < 0
	Seq Scan on sbtest2  (cost=0.00..473751.85 rows=3336263 width=190)
	  Filter: (length(c) < 0)

table 3 : explain SELECT * from sbtest3 WHERE LENGTH(c) < 0
	Seq Scan on sbtest3  (cost=0.00..470546.51 rows=3342789 width=190)
	  Filter: (length(c) < 0)

table 4 : explain SELECT * from sbtest4 WHERE LENGTH(c) < 0
	Seq Scan on sbtest4  (cost=0.00..483583.32 rows=3330163 width=190)
	  Filter: (length(c) < 0)

table 5 : explain SELECT * from sbtest5 WHERE LENGTH(c) < 0
	Seq Scan on sbtest5  (cost=0.00..483068.58 rows=3333991 width=190)
	  Filter: (length(c) < 0)

table 6 : explain SELECT * from sbtest6 WHERE LENGTH(c) < 0
	Seq Scan on sbtest6  (cost=0.00..485187.23 rows=3339916 width=190)
	  Filter: (length(c) < 0)

table 7 : explain SELECT * from sbtest7 WHERE LENGTH(c) < 0
	Seq Scan on sbtest7  (cost=0.00..485334.36 rows=3324275 width=190)
	  Filter: (length(c) < 0)

table 8 : explain SELECT * from sbtest8 WHERE LENGTH(c) < 0
	Seq Scan on sbtest8  (cost=0.00..485258.67 rows=3329815 width=190)
	  Filter: (length(c) < 0)

for scan
table 1 : explain SELECT * from sbtest1 WHERE LENGTH(c) < 0
	Seq Scan on sbtest1  (cost=0.00..458024.93 rows=3327021 width=190)
	  Filter: (length(c) < 0)

table 2 : explain SELECT * from sbtest2 WHERE LENGTH(c) < 0
	Seq Scan on sbtest2  (cost=0.00..473751.85 rows=3336263 width=190)
	  Filter: (length(c) < 0)

table 3 : explain SELECT * from sbtest3 WHERE LENGTH(c) < 0
	Seq Scan on sbtest3  (cost=0.00..470546.51 rows=3342789 width=190)
	  Filter: (length(c) < 0)

table 4 : explain SELECT * from sbtest4 WHERE LENGTH(c) < 0
	Seq Scan on sbtest4  (cost=0.00..483583.32 rows=3330163 width=190)
	  Filter: (length(c) < 0)

table 5 : explain SELECT * from sbtest5 WHERE LENGTH(c) < 0
	Seq Scan on sbtest5  (cost=0.00..483068.58 rows=3333991 width=190)
	  Filter: (length(c) < 0)

table 6 : explain SELECT * from sbtest6 WHERE LENGTH(c) < 0
	Seq Scan on sbtest6  (cost=0.00..485187.23 rows=3339916 width=190)
	  Filter: (length(c) < 0)

table 7 : explain SELECT * from sbtest7 WHERE LENGTH(c) < 0
	Seq Scan on sbtest7  (cost=0.00..485334.36 rows=3324275 width=190)
	  Filter: (length(c) < 0)

table 8 : explain SELECT * from sbtest8 WHERE LENGTH(c) < 0
	Seq Scan on sbtest8  (cost=0.00..485258.67 rows=3329815 width=190)
	  Filter: (length(c) < 0)

for scan
table 1 : explain SELECT * from sbtest1 WHERE LENGTH(c) < 0
	Seq Scan on sbtest1  (cost=0.00..458024.93 rows=3327021 width=190)
	  Filter: (length(c) < 0)

table 2 : explain SELECT * from sbtest2 WHERE LENGTH(c) < 0
	Seq Scan on sbtest2  (cost=0.00..473751.85 rows=3336263 width=190)
	  Filter: (length(c) < 0)

table 3 : explain SELECT * from sbtest3 WHERE LENGTH(c) < 0
	Seq Scan on sbtest3  (cost=0.00..470546.51 rows=3342789 width=190)
	  Filter: (length(c) < 0)

table 4 : explain SELECT * from sbtest4 WHERE LENGTH(c) < 0
	Seq Scan on sbtest4  (cost=0.00..483583.32 rows=3330163 width=190)
	  Filter: (length(c) < 0)

table 5 : explain SELECT * from sbtest5 WHERE LENGTH(c) < 0
	Seq Scan on sbtest5  (cost=0.00..483068.58 rows=3333991 width=190)
	  Filter: (length(c) < 0)

table 6 : explain SELECT * from sbtest6 WHERE LENGTH(c) < 0
	Seq Scan on sbtest6  (cost=0.00..485187.23 rows=3339916 width=190)
	  Filter: (length(c) < 0)

table 7 : explain SELECT * from sbtest7 WHERE LENGTH(c) < 0
	Seq Scan on sbtest7  (cost=0.00..485334.36 rows=3324275 width=190)
	  Filter: (length(c) < 0)

table 8 : explain SELECT * from sbtest8 WHERE LENGTH(c) < 0
	Seq Scan on sbtest8  (cost=0.00..485258.67 rows=3329815 width=190)
	  Filter: (length(c) < 0)
for scan
table 1 : explain SELECT * from sbtest1 WHERE LENGTH(c) < 0
	Seq Scan on sbtest1  (cost=0.00..458024.93 rows=3327021 width=190)
	  Filter: (length(c) < 0)

table 2 : explain SELECT * from sbtest2 WHERE LENGTH(c) < 0
	Seq Scan on sbtest2  (cost=0.00..473751.85 rows=3336263 width=190)
	  Filter: (length(c) < 0)

table 3 : explain SELECT * from sbtest3 WHERE LENGTH(c) < 0
	Seq Scan on sbtest3  (cost=0.00..470546.51 rows=3342789 width=190)
	  Filter: (length(c) < 0)

table 4 : explain SELECT * from sbtest4 WHERE LENGTH(c) < 0
	Seq Scan on sbtest4  (cost=0.00..483583.32 rows=3330163 width=190)
	  Filter: (length(c) < 0)

table 5 : explain SELECT * from sbtest5 WHERE LENGTH(c) < 0
	Seq Scan on sbtest5  (cost=0.00..483068.58 rows=3333991 width=190)
	  Filter: (length(c) < 0)

table 6 : explain SELECT * from sbtest6 WHERE LENGTH(c) < 0
	Seq Scan on sbtest6  (cost=0.00..485187.23 rows=3339916 width=190)
	  Filter: (length(c) < 0)

table 7 : explain SELECT * from sbtest7 WHERE LENGTH(c) < 0
	Seq Scan on sbtest7  (cost=0.00..485334.36 rows=3324275 width=190)
	  Filter: (length(c) < 0)

table 8 : explain SELECT * from sbtest8 WHERE LENGTH(c) < 0
	Seq Scan on sbtest8  (cost=0.00..485258.67 rows=3329815 width=190)
	  Filter: (length(c) < 0)
for scan
table 1 : explain SELECT * from sbtest1 WHERE LENGTH(c) < 0
	Seq Scan on sbtest1  (cost=0.00..458024.93 rows=3327021 width=190)
	  Filter: (length(c) < 0)

table 2 : explain SELECT * from sbtest2 WHERE LENGTH(c) < 0
	Seq Scan on sbtest2  (cost=0.00..473751.85 rows=3336263 width=190)
	  Filter: (length(c) < 0)

table 3 : explain SELECT * from sbtest3 WHERE LENGTH(c) < 0
	Seq Scan on sbtest3  (cost=0.00..470546.51 rows=3342789 width=190)
	  Filter: (length(c) < 0)

table 4 : explain SELECT * from sbtest4 WHERE LENGTH(c) < 0
	Seq Scan on sbtest4  (cost=0.00..483583.32 rows=3330163 width=190)
	  Filter: (length(c) < 0)

table 5 : explain SELECT * from sbtest5 WHERE LENGTH(c) < 0
	Seq Scan on sbtest5  (cost=0.00..483068.58 rows=3333991 width=190)
	  Filter: (length(c) < 0)

table 6 : explain SELECT * from sbtest6 WHERE LENGTH(c) < 0
	Seq Scan on sbtest6  (cost=0.00..485187.23 rows=3339916 width=190)
	  Filter: (length(c) < 0)

table 7 : explain SELECT * from sbtest7 WHERE LENGTH(c) < 0
	Seq Scan on sbtest7  (cost=0.00..485334.36 rows=3324275 width=190)
	  Filter: (length(c) < 0)

table 8 : explain SELECT * from sbtest8 WHERE LENGTH(c) < 0
	Seq Scan on sbtest8  (cost=0.00..485258.67 rows=3329815 width=190)
	  Filter: (length(c) < 0)



explain: for scan :: explain SELECT * from sbtest%d WHERE LENGTH(c) < 0
for scan
table 1 : explain SELECT * from sbtest1 WHERE LENGTH(c) < 0
	Seq Scan on sbtest1  (cost=0.00..458024.93 rows=3327021 width=190)
	  Filter: (length(c) < 0)

table 2 : explain SELECT * from sbtest2 WHERE LENGTH(c) < 0
	Seq Scan on sbtest2  (cost=0.00..473751.85 rows=3336263 width=190)
	  Filter: (length(c) < 0)

table 3 : explain SELECT * from sbtest3 WHERE LENGTH(c) < 0
	Seq Scan on sbtest3  (cost=0.00..470546.51 rows=3342789 width=190)
	  Filter: (length(c) < 0)

table 4 : explain SELECT * from sbtest4 WHERE LENGTH(c) < 0
	Seq Scan on sbtest4  (cost=0.00..483583.32 rows=3330163 width=190)
	  Filter: (length(c) < 0)

table 5 : explain SELECT * from sbtest5 WHERE LENGTH(c) < 0
	Seq Scan on sbtest5  (cost=0.00..483068.58 rows=3333991 width=190)
	  Filter: (length(c) < 0)

table 6 : explain SELECT * from sbtest6 WHERE LENGTH(c) < 0
	Seq Scan on sbtest6  (cost=0.00..485187.23 rows=3339916 width=190)
	  Filter: (length(c) < 0)

table 7 : explain SELECT * from sbtest7 WHERE LENGTH(c) < 0
	Seq Scan on sbtest7  (cost=0.00..485334.36 rows=3324275 width=190)
	  Filter: (length(c) < 0)

table 8 : explain SELECT * from sbtest8 WHERE LENGTH(c) < 0
	Seq Scan on sbtest8  (cost=0.00..485258.67 rows=3329815 width=190)
	  Filter: (length(c) < 0)

for scan
table 1 : explain SELECT * from sbtest1 WHERE LENGTH(c) < 0
	Seq Scan on sbtest1  (cost=0.00..458024.93 rows=3327021 width=190)
	  Filter: (length(c) < 0)

table 2 : explain SELECT * from sbtest2 WHERE LENGTH(c) < 0
	Seq Scan on sbtest2  (cost=0.00..473751.85 rows=3336263 width=190)
	  Filter: (length(c) < 0)

table 3 : explain SELECT * from sbtest3 WHERE LENGTH(c) < 0
	Seq Scan on sbtest3  (cost=0.00..470546.51 rows=3342789 width=190)
	  Filter: (length(c) < 0)

table 4 : explain SELECT * from sbtest4 WHERE LENGTH(c) < 0
	Seq Scan on sbtest4  (cost=0.00..483583.32 rows=3330163 width=190)
	  Filter: (length(c) < 0)

table 5 : explain SELECT * from sbtest5 WHERE LENGTH(c) < 0
	Seq Scan on sbtest5  (cost=0.00..483068.58 rows=3333991 width=190)
	  Filter: (length(c) < 0)

table 6 : explain SELECT * from sbtest6 WHERE LENGTH(c) < 0
	Seq Scan on sbtest6  (cost=0.00..485187.23 rows=3339916 width=190)
	  Filter: (length(c) < 0)

table 7 : explain SELECT * from sbtest7 WHERE LENGTH(c) < 0
	Seq Scan on sbtest7  (cost=0.00..485334.36 rows=3324275 width=190)
	  Filter: (length(c) < 0)

table 8 : explain SELECT * from sbtest8 WHERE LENGTH(c) < 0
	Seq Scan on sbtest8  (cost=0.00..485258.67 rows=3329815 width=190)
	  Filter: (length(c) < 0)

for scan
table 1 : explain SELECT * from sbtest1 WHERE LENGTH(c) < 0
	Seq Scan on sbtest1  (cost=0.00..458024.93 rows=3327021 width=190)
	  Filter: (length(c) < 0)

table 2 : explain SELECT * from sbtest2 WHERE LENGTH(c) < 0
	Seq Scan on sbtest2  (cost=0.00..473751.85 rows=3336263 width=190)
	  Filter: (length(c) < 0)

table 3 : explain SELECT * from sbtest3 WHERE LENGTH(c) < 0
	Seq Scan on sbtest3  (cost=0.00..470546.51 rows=3342789 width=190)
	  Filter: (length(c) < 0)

table 4 : explain SELECT * from sbtest4 WHERE LENGTH(c) < 0
	Seq Scan on sbtest4  (cost=0.00..483583.32 rows=3330163 width=190)
	  Filter: (length(c) < 0)

table 5 : explain SELECT * from sbtest5 WHERE LENGTH(c) < 0
	Seq Scan on sbtest5  (cost=0.00..483068.58 rows=3333991 width=190)
	  Filter: (length(c) < 0)

table 6 : explain SELECT * from sbtest6 WHERE LENGTH(c) < 0
	Seq Scan on sbtest6  (cost=0.00..485187.23 rows=3339916 width=190)
	  Filter: (length(c) < 0)

table 7 : explain SELECT * from sbtest7 WHERE LENGTH(c) < 0
	Seq Scan on sbtest7  (cost=0.00..485334.36 rows=3324275 width=190)
	  Filter: (length(c) < 0)

table 8 : explain SELECT * from sbtest8 WHERE LENGTH(c) < 0
	Seq Scan on sbtest8  (cost=0.00..485258.67 rows=3329815 width=190)
	  Filter: (length(c) < 0)

for scan
table 1 : explain SELECT * from sbtest1 WHERE LENGTH(c) < 0
	Seq Scan on sbtest1  (cost=0.00..458024.93 rows=3327021 width=190)
	  Filter: (length(c) < 0)

table 2 : explain SELECT * from sbtest2 WHERE LENGTH(c) < 0
	Seq Scan on sbtest2  (cost=0.00..473751.85 rows=3336263 width=190)
	  Filter: (length(c) < 0)

table 3 : explain SELECT * from sbtest3 WHERE LENGTH(c) < 0
	Seq Scan on sbtest3  (cost=0.00..470546.51 rows=3342789 width=190)
	  Filter: (length(c) < 0)

table 4 : explain SELECT * from sbtest4 WHERE LENGTH(c) < 0
	Seq Scan on sbtest4  (cost=0.00..483583.32 rows=3330163 width=190)
	  Filter: (length(c) < 0)

table 5 : explain SELECT * from sbtest5 WHERE LENGTH(c) < 0
	Seq Scan on sbtest5  (cost=0.00..483068.58 rows=3333991 width=190)
	  Filter: (length(c) < 0)

table 6 : explain SELECT * from sbtest6 WHERE LENGTH(c) < 0
	Seq Scan on sbtest6  (cost=0.00..485187.23 rows=3339916 width=190)
	  Filter: (length(c) < 0)

table 7 : explain SELECT * from sbtest7 WHERE LENGTH(c) < 0
	Seq Scan on sbtest7  (cost=0.00..485334.36 rows=3324275 width=190)
	  Filter: (length(c) < 0)

table 8 : explain SELECT * from sbtest8 WHERE LENGTH(c) < 0
	Seq Scan on sbtest8  (cost=0.00..485258.67 rows=3329815 width=190)
	  Filter: (length(c) < 0)

for scan
table 1 : explain SELECT * from sbtest1 WHERE LENGTH(c) < 0
	Seq Scan on sbtest1  (cost=0.00..458024.93 rows=3327021 width=190)
	  Filter: (length(c) < 0)

table 2 : explain SELECT * from sbtest2 WHERE LENGTH(c) < 0
	Seq Scan on sbtest2  (cost=0.00..473751.85 rows=3336263 width=190)
	  Filter: (length(c) < 0)

table 3 : explain SELECT * from sbtest3 WHERE LENGTH(c) < 0
	Seq Scan on sbtest3  (cost=0.00..470546.51 rows=3342789 width=190)
	  Filter: (length(c) < 0)

table 4 : explain SELECT * from sbtest4 WHERE LENGTH(c) < 0
	Seq Scan on sbtest4  (cost=0.00..483583.32 rows=3330163 width=190)
	  Filter: (length(c) < 0)

table 5 : explain SELECT * from sbtest5 WHERE LENGTH(c) < 0
	Seq Scan on sbtest5  (cost=0.00..483068.58 rows=3333991 width=190)
	  Filter: (length(c) < 0)

table 6 : explain SELECT * from sbtest6 WHERE LENGTH(c) < 0
	Seq Scan on sbtest6  (cost=0.00..485187.23 rows=3339916 width=190)
	  Filter: (length(c) < 0)

table 7 : explain SELECT * from sbtest7 WHERE LENGTH(c) < 0
	Seq Scan on sbtest7  (cost=0.00..485334.36 rows=3324275 width=190)
	  Filter: (length(c) < 0)

table 8 : explain SELECT * from sbtest8 WHERE LENGTH(c) < 0
	Seq Scan on sbtest8  (cost=0.00..485258.67 rows=3329815 width=190)
	  Filter: (length(c) < 0)

for scan
table 1 : explain SELECT * from sbtest1 WHERE LENGTH(c) < 0
	Seq Scan on sbtest1  (cost=0.00..458024.93 rows=3327021 width=190)
	  Filter: (length(c) < 0)

table 2 : explain SELECT * from sbtest2 WHERE LENGTH(c) < 0
	Seq Scan on sbtest2  (cost=0.00..473751.85 rows=3336263 width=190)
	  Filter: (length(c) < 0)

table 3 : explain SELECT * from sbtest3 WHERE LENGTH(c) < 0
	Seq Scan on sbtest3  (cost=0.00..470546.51 rows=3342789 width=190)
	  Filter: (length(c) < 0)

table 4 : explain SELECT * from sbtest4 WHERE LENGTH(c) < 0
	Seq Scan on sbtest4  (cost=0.00..483583.32 rows=3330163 width=190)
	  Filter: (length(c) < 0)

table 5 : explain SELECT * from sbtest5 WHERE LENGTH(c) < 0
	Seq Scan on sbtest5  (cost=0.00..483068.58 rows=3333991 width=190)
	  Filter: (length(c) < 0)

table 6 : explain SELECT * from sbtest6 WHERE LENGTH(c) < 0
	Seq Scan on sbtest6  (cost=0.00..485187.23 rows=3339916 width=190)
	  Filter: (length(c) < 0)

table 7 : explain SELECT * from sbtest7 WHERE LENGTH(c) < 0
	Seq Scan on sbtest7  (cost=0.00..485334.36 rows=3324275 width=190)
	  Filter: (length(c) < 0)

table 8 : explain SELECT * from sbtest8 WHERE LENGTH(c) < 0
	Seq Scan on sbtest8  (cost=0.00..485258.67 rows=3329815 width=190)
	  Filter: (length(c) < 0)

for scan
table 1 : explain SELECT * from sbtest1 WHERE LENGTH(c) < 0
	Seq Scan on sbtest1  (cost=0.00..458024.93 rows=3327021 width=190)
	  Filter: (length(c) < 0)

table 2 : explain SELECT * from sbtest2 WHERE LENGTH(c) < 0
	Seq Scan on sbtest2  (cost=0.00..473751.85 rows=3336263 width=190)
	  Filter: (length(c) < 0)

table 3 : explain SELECT * from sbtest3 WHERE LENGTH(c) < 0
	Seq Scan on sbtest3  (cost=0.00..470546.51 rows=3342789 width=190)
	  Filter: (length(c) < 0)

table 4 : explain SELECT * from sbtest4 WHERE LENGTH(c) < 0
	Seq Scan on sbtest4  (cost=0.00..483583.32 rows=3330163 width=190)
	  Filter: (length(c) < 0)

table 5 : explain SELECT * from sbtest5 WHERE LENGTH(c) < 0
	Seq Scan on sbtest5  (cost=0.00..483068.58 rows=3333991 width=190)
	  Filter: (length(c) < 0)

table 6 : explain SELECT * from sbtest6 WHERE LENGTH(c) < 0
	Seq Scan on sbtest6  (cost=0.00..485187.23 rows=3339916 width=190)
	  Filter: (length(c) < 0)

table 7 : explain SELECT * from sbtest7 WHERE LENGTH(c) < 0
	Seq Scan on sbtest7  (cost=0.00..485334.36 rows=3324275 width=190)
	  Filter: (length(c) < 0)

table 8 : explain SELECT * from sbtest8 WHERE LENGTH(c) < 0
	Seq Scan on sbtest8  (cost=0.00..485258.67 rows=3329815 width=190)
	  Filter: (length(c) < 0)

for scan
table 1 : explain SELECT * from sbtest1 WHERE LENGTH(c) < 0
	Seq Scan on sbtest1  (cost=0.00..458024.93 rows=3327021 width=190)
	  Filter: (length(c) < 0)

table 2 : explain SELECT * from sbtest2 WHERE LENGTH(c) < 0
	Seq Scan on sbtest2  (cost=0.00..473751.85 rows=3336263 width=190)
	  Filter: (length(c) < 0)

table 3 : explain SELECT * from sbtest3 WHERE LENGTH(c) < 0
	Seq Scan on sbtest3  (cost=0.00..470546.51 rows=3342789 width=190)
	  Filter: (length(c) < 0)

table 4 : explain SELECT * from sbtest4 WHERE LENGTH(c) < 0
	Seq Scan on sbtest4  (cost=0.00..483583.32 rows=3330163 width=190)
	  Filter: (length(c) < 0)

table 5 : explain SELECT * from sbtest5 WHERE LENGTH(c) < 0
	Seq Scan on sbtest5  (cost=0.00..483068.58 rows=3333991 width=190)
	  Filter: (length(c) < 0)

table 6 : explain SELECT * from sbtest6 WHERE LENGTH(c) < 0
	Seq Scan on sbtest6  (cost=0.00..485187.23 rows=3339916 width=190)
	  Filter: (length(c) < 0)

table 7 : explain SELECT * from sbtest7 WHERE LENGTH(c) < 0
	Seq Scan on sbtest7  (cost=0.00..485334.36 rows=3324275 width=190)
	  Filter: (length(c) < 0)

table 8 : explain SELECT * from sbtest8 WHERE LENGTH(c) < 0
	Seq Scan on sbtest8  (cost=0.00..485258.67 rows=3329815 width=190)
	  Filter: (length(c) < 0)

Threads started!

Warming up for 5 seconds...

SQL statistics:
    queries performed:
        read:                            600
        write:                           0
        other:                           0
        total:                           600
    transactions:                        600    (9.56 per sec.)
    queries:                             600    (9.56 per sec.)
    ignored errors:                      0      (0.00 per sec.)
    reconnects:                          0      (0.00 per sec.)

Throughput:
    events/s (eps):                      9.5554
    time elapsed:                        62.7915s
    total number of events:              600

Latency (ms):
         min:                                 4041.75
         avg:                                 4121.72
         max:                                 4226.23
         95th percentile:                     4203.93
         sum:                              2473030.30

Threads fairness:
    events (avg/stddev):           15.0000/0.00
    execution time (avg/stddev):   61.8258/0.73

