LUA_PATH=/home/mdcallag/git/mytools/bench/sysbench.lua/lua/?.lua /home/mdcallag/git/mytools/bench/sysbench.lua/lua/sysbench --db-driver=pgsql --range-size=100 --table-size=10000000 --tables=8 --threads=40 --events=0 --warmup-time=5 --time=930 --pgsql_conn_id=true /home/mdcallag/git/mytools/bench/sysbench.lua/lua/oltp_read_write.lua run --pgsql-user=root --pgsql-password=pw --pgsql-host=127.0.0.1 --pgsql-db=ib --rand-type=uniform
48 CPUs
sysbench 1.1.0-9072687 (using bundled LuaJIT 2.1.0-beta3)

Running the test with following options:
Number of threads: 40
Warmup time: 5s
Initializing random number generator from current time


Initializing worker threads...

explain: for point_selects :: explain SELECT c FROM sbtest%u WHERE id=%u
explain: for point_selects :: explain SELECT c FROM sbtest%u WHERE id=%u
explain: for point_selects :: explain SELECT c FROM sbtest%u WHERE id=%u
explain: for point_selects :: explain SELECT c FROM sbtest%u WHERE id=%u
for point_selects
table 1 : explain SELECT c FROM sbtest1 WHERE id=4698821
	Index Scan using sbtest1_pkey on sbtest1  (cost=0.43..8.45 rows=1 width=121)
	  Index Cond: (id = 4698821)

table 2 : explain SELECT c FROM sbtest2 WHERE id=289199
	Index Scan using sbtest2_pkey on sbtest2  (cost=0.43..8.45 rows=1 width=121)
	  Index Cond: (id = 289199)

table 3 : explain SELECT c FROM sbtest3 WHERE id=8959323
	Index Scan using sbtest3_pkey on sbtest3  (cost=0.43..8.45 rows=1 width=121)
	  Index Cond: (id = 8959323)

table 4 : explain SELECT c FROM sbtest4 WHERE id=6738210
	Index Scan using sbtest4_pkey on sbtest4  (cost=0.43..8.45 rows=1 width=121)
	  Index Cond: (id = 6738210)

table 5 : explain SELECT c FROM sbtest5 WHERE id=3793696
	Index Scan using sbtest5_pkey on sbtest5  (cost=0.43..8.45 rows=1 width=121)
	  Index Cond: (id = 3793696)

table 6 : explain SELECT c FROM sbtest6 WHERE id=5818792
	Index Scan using sbtest6_pkey on sbtest6  (cost=0.43..8.45 rows=1 width=121)
	  Index Cond: (id = 5818792)

table 7 : explain SELECT c FROM sbtest7 WHERE id=9773463
	Index Scan using sbtest7_pkey on sbtest7  (cost=0.43..8.45 rows=1 width=121)
	  Index Cond: (id = 9773463)

table 8 : explain SELECT c FROM sbtest8 WHERE id=6679280
	Index Scan using sbtest8_pkey on sbtest8  (cost=0.43..8.45 rows=1 width=121)
	  Index Cond: (id = 6679280)

for: simple_ranges
table 1 : explain SELECT c FROM sbtest1 WHERE id BETWEEN 390486 AND 390585
	Index Scan using sbtest1_pkey on sbtest1  (cost=0.43..352.89 rows=92 width=121)
	  Index Cond: ((id >= 390486) AND (id <= 390585))

table 2 : explain SELECT c FROM sbtest2 WHERE id BETWEEN 2759122 AND 2759221
	Index Scan using sbtest2_pkey on sbtest2  (cost=0.43..392.10 rows=102 width=121)
	  Index Cond: ((id >= 2759122) AND (id <= 2759221))

table 3 : explain SELECT c FROM sbtest3 WHERE id BETWEEN 5399599 AND 5399698
	Index Scan using sbtest3_pkey on sbtest3  (cost=0.43..367.96 rows=96 width=121)
	  Index Cond: ((id >= 5399599) AND (id <= 5399698))

table 4 : explain SELECT c FROM sbtest4 WHERE id BETWEEN 8023406 AND 8023505
	Index Scan using sbtest4_pkey on sbtest4  (cost=0.43..402.98 rows=106 width=121)
	  Index Cond: ((id >= 8023406) AND (id <= 8023505))

table 5 : explain SELECT c FROM sbtest5 WHERE id BETWEEN 6672030 AND 6672129
	Index Scan using sbtest5_pkey on sbtest5  (cost=0.43..358.20 rows=94 width=121)
	  Index Cond: ((id >= 6672030) AND (id <= 6672129))

table 6 : explain SELECT c FROM sbtest6 WHERE id BETWEEN 9228415 AND 9228514
	Index Scan using sbtest6_pkey on sbtest6  (cost=0.43..403.76 rows=106 width=121)
	  Index Cond: ((id >= 9228415) AND (id <= 9228514))

table 7 : explain SELECT c FROM sbtest7 WHERE id BETWEEN 7227811 AND 7227910
	Index Scan using sbtest7_pkey on sbtest7  (cost=0.43..379.55 rows=100 width=121)
	  Index Cond: ((id >= 7227811) AND (id <= 7227910))

table 8 : explain SELECT c FROM sbtest8 WHERE id BETWEEN 4295123 AND 4295222
	Index Scan using sbtest8_pkey on sbtest8  (cost=0.43..381.89 rows=100 width=121)
	  Index Cond: ((id >= 4295123) AND (id <= 4295222))

explain: for point_selects :: explain SELECT c FROM sbtest%u WHERE id=%u
for point_selects
table 1 : explain SELECT c FROM sbtest1 WHERE id=2301791
	Index Scan using sbtest1_pkey on sbtest1  (cost=0.43..8.45 rows=1 width=121)
	  Index Cond: (id = 2301791)

table 2 : explain SELECT c FROM sbtest2 WHERE id=8129797
	Index Scan using sbtest2_pkey on sbtest2  (cost=0.43..8.45 rows=1 width=121)
	  Index Cond: (id = 8129797)

table 3 : explain SELECT c FROM sbtest3 WHERE id=210856
	Index Scan using sbtest3_pkey on sbtest3  (cost=0.43..8.45 rows=1 width=121)
	  Index Cond: (id = 210856)

table 4 : explain SELECT c FROM sbtest4 WHERE id=5603064
	Index Scan using sbtest4_pkey on sbtest4  (cost=0.43..8.45 rows=1 width=121)
	  Index Cond: (id = 5603064)

table 5 : explain SELECT c FROM sbtest5 WHERE id=4618845
	Index Scan using sbtest5_pkey on sbtest5  (cost=0.43..8.45 rows=1 width=121)
	  Index Cond: (id = 4618845)

table 6 : explain SELECT c FROM sbtest6 WHERE id=8251452
	Index Scan using sbtest6_pkey on sbtest6  (cost=0.43..8.45 rows=1 width=121)
	  Index Cond: (id = 8251452)

table 7 : explain SELECT c FROM sbtest7 WHERE id=398546
	Index Scan using sbtest7_pkey on sbtest7  (cost=0.43..8.45 rows=1 width=121)
	  Index Cond: (id = 398546)

table 8 : explain SELECT c FROM sbtest8 WHERE id=5883850
	Index Scan using sbtest8_pkey on sbtest8  (cost=0.43..8.45 rows=1 width=121)
	  Index Cond: (id = 5883850)

explain: for point_selects :: explain SELECT c FROM sbtest%u WHERE id=%u
for point_selects
table 1 : explain SELECT c FROM sbtest1 WHERE id=1497683
	Index Scan using sbtest1_pkey on sbtest1  (cost=0.43..8.45 rows=1 width=121)
	  Index Cond: (id = 1497683)

table 2 : explain SELECT c FROM sbtest2 WHERE id=7268923
	Index Scan using sbtest2_pkey on sbtest2  (cost=0.43..8.45 rows=1 width=121)
	  Index Cond: (id = 7268923)

table 3 : explain SELECT c FROM sbtest3 WHERE id=3287072
	Index Scan using sbtest3_pkey on sbtest3  (cost=0.43..8.45 rows=1 width=121)
	  Index Cond: (id = 3287072)

table 4 : explain SELECT c FROM sbtest4 WHERE id=7039206
	Index Scan using sbtest4_pkey on sbtest4  (cost=0.43..8.45 rows=1 width=121)
	  Index Cond: (id = 7039206)

table 5 : explain SELECT c FROM sbtest5 WHERE id=8487956
	Index Scan using sbtest5_pkey on sbtest5  (cost=0.43..8.45 rows=1 width=121)
	  Index Cond: (id = 8487956)

table 6 : explain SELECT c FROM sbtest6 WHERE id=9966800
	Index Scan using sbtest6_pkey on sbtest6  (cost=0.43..8.45 rows=1 width=121)
	  Index Cond: (id = 9966800)

table 7 : explain SELECT c FROM sbtest7 WHERE id=6675987
	Index Scan using sbtest7_pkey on sbtest7  (cost=0.43..8.45 rows=1 width=121)
	  Index Cond: (id = 6675987)

table 8 : explain SELECT c FROM sbtest8 WHERE id=9642898
	Index Scan using sbtest8_pkey on sbtest8  (cost=0.43..8.45 rows=1 width=121)
	  Index Cond: (id = 9642898)

for point_selects
table 1 : explain SELECT c FROM sbtest1 WHERE id=6529411
	Index Scan using sbtest1_pkey on sbtest1  (cost=0.43..8.45 rows=1 width=121)
	  Index Cond: (id = 6529411)

table 2 : explain SELECT c FROM sbtest2 WHERE id=7940885
	Index Scan using sbtest2_pkey on sbtest2  (cost=0.43..8.45 rows=1 width=121)
	  Index Cond: (id = 7940885)

table 3 : explain SELECT c FROM sbtest3 WHERE id=4286953
	Index Scan using sbtest3_pkey on sbtest3  (cost=0.43..8.45 rows=1 width=121)
	  Index Cond: (id = 4286953)

table 4 : explain SELECT c FROM sbtest4 WHERE id=708666
	Index Scan using sbtest4_pkey on sbtest4  (cost=0.43..8.45 rows=1 width=121)
	  Index Cond: (id = 708666)

table 5 : explain SELECT c FROM sbtest5 WHERE id=3650902
	Index Scan using sbtest5_pkey on sbtest5  (cost=0.43..8.45 rows=1 width=121)
	  Index Cond: (id = 3650902)

table 6 : explain SELECT c FROM sbtest6 WHERE id=8897910
	Index Scan using sbtest6_pkey on sbtest6  (cost=0.43..8.45 rows=1 width=121)
	  Index Cond: (id = 8897910)

table 7 : explain SELECT c FROM sbtest7 WHERE id=8045238
	Index Scan using sbtest7_pkey on sbtest7  (cost=0.43..8.45 rows=1 width=121)
	  Index Cond: (id = 8045238)

table 8 : explain SELECT c FROM sbtest8 WHERE id=3742181
	Index Scan using sbtest8_pkey on sbtest8  (cost=0.43..8.45 rows=1 width=121)
	  Index Cond: (id = 3742181)

explain: for point_selects :: explain SELECT c FROM sbtest%u WHERE id=%u
for: simple_ranges
table 1 : explain SELECT c FROM sbtest1 WHERE id BETWEEN 6703885 AND 6703984
	Index Scan using sbtest1_pkey on sbtest1  (cost=0.43..417.27 rows=109 width=121)
	  Index Cond: ((id >= 6703885) AND (id <= 6703984))

table 2 : explain SELECT c FROM sbtest2 WHERE id BETWEEN 6855603 AND 6855702
	Index Scan using sbtest2_pkey on sbtest2  (cost=0.43..376.91 rows=98 width=121)
	  Index Cond: ((id >= 6855603) AND (id <= 6855702))

table 3 : explain SELECT c FROM sbtest3 WHERE id BETWEEN 7637824 AND 7637923
	Index Scan using sbtest3_pkey on sbtest3  (cost=0.43..371.74 rows=97 width=121)
	  Index Cond: ((id >= 7637824) AND (id <= 7637923))

table 4 : explain SELECT c FROM sbtest4 WHERE id BETWEEN 9014845 AND 9014944
	Index Scan using sbtest4_pkey on sbtest4  (cost=0.43..342.83 rows=90 width=121)
	  Index Cond: ((id >= 9014845) AND (id <= 9014944))

table 5 : explain SELECT c FROM sbtest5 WHERE id BETWEEN 6674768 AND 6674867
	Index Scan using sbtest5_pkey on sbtest5  (cost=0.43..358.20 rows=94 width=121)
	  Index Cond: ((id >= 6674768) AND (id <= 6674867))

table 6 : explain SELECT c FROM sbtest6 WHERE id BETWEEN 6396622 AND 6396721
	Index Scan using sbtest6_pkey on sbtest6  (cost=0.43..354.84 rows=93 width=121)
	  Index Cond: ((id >= 6396622) AND (id <= 6396721))

table 7 : explain SELECT c FROM sbtest7 WHERE id BETWEEN 1205809 AND 1205908
	Index Scan using sbtest7_pkey on sbtest7  (cost=0.43..345.83 rows=91 width=121)
	  Index Cond: ((id >= 1205809) AND (id <= 1205908))

table 8 : explain SELECT c FROM sbtest8 WHERE id BETWEEN 9718995 AND 9719094
	Index Scan using sbtest8_pkey on sbtest8  (cost=0.43..381.89 rows=100 width=121)
	  Index Cond: ((id >= 9718995) AND (id <= 9719094))

for: simple_ranges
table 1 : explain SELECT c FROM sbtest1 WHERE id BETWEEN 5557387 AND 5557486
	Index Scan using sbtest1_pkey on sbtest1  (cost=0.43..371.81 rows=97 width=121)
	  Index Cond: ((id >= 5557387) AND (id <= 5557486))

table 2 : explain SELECT c FROM sbtest2 WHERE id BETWEEN 3507538 AND 3507637
	Index Scan using sbtest2_pkey on sbtest2  (cost=0.43..373.12 rows=97 width=121)
	  Index Cond: ((id >= 3507538) AND (id <= 3507637))

table 3 : explain SELECT c FROM sbtest3 WHERE id BETWEEN 7943616 AND 7943715
	Index Scan using sbtest3_pkey on sbtest3  (cost=0.43..383.09 rows=100 width=121)
	  Index Cond: ((id >= 7943616) AND (id <= 7943715))

table 4 : explain SELECT c FROM sbtest4 WHERE id BETWEEN 2358471 AND 2358570
	Index Scan using sbtest4_pkey on sbtest4  (cost=0.43..391.71 rows=103 width=121)
	  Index Cond: ((id >= 2358471) AND (id <= 2358570))

table 5 : explain SELECT c FROM sbtest5 WHERE id BETWEEN 4484148 AND 4484247
	Index Scan using sbtest5_pkey on sbtest5  (cost=0.43..358.20 rows=94 width=121)
	  Index Cond: ((id >= 4484148) AND (id <= 4484247))

table 6 : explain SELECT c FROM sbtest6 WHERE id BETWEEN 1705205 AND 1705304
	Index Scan using sbtest6_pkey on sbtest6  (cost=0.43..415.05 rows=109 width=121)
	  Index Cond: ((id >= 1705205) AND (id <= 1705304))

table 7 : explain SELECT c FROM sbtest7 WHERE id BETWEEN 6267839 AND 6267938
	Index Scan using sbtest7_pkey on sbtest7  (cost=0.43..398.28 rows=105 width=121)
	  Index Cond: ((id >= 6267839) AND (id <= 6267938))

table 8 : explain SELECT c FROM sbtest8 WHERE id BETWEEN 9236555 AND 9236654
	Index Scan using sbtest8_pkey on sbtest8  (cost=0.43..366.81 rows=96 width=121)
	  Index Cond: ((id >= 9236555) AND (id <= 9236654))

for: simple_ranges
table 1 : explain SELECT c FROM sbtest1 WHERE id BETWEEN 4330689 AND 4330788
	Index Scan using sbtest1_pkey on sbtest1  (cost=0.43..394.57 rows=103 width=121)
	  Index Cond: ((id >= 4330689) AND (id <= 4330788))

table 2 : explain SELECT c FROM sbtest2 WHERE id BETWEEN 3099674 AND 3099773
	Index Scan using sbtest2_pkey on sbtest2  (cost=0.43..365.52 rows=95 width=121)
	  Index Cond: ((id >= 3099674) AND (id <= 3099773))

table 3 : explain SELECT c FROM sbtest3 WHERE id BETWEEN 6491789 AND 6491888
	Index Scan using sbtest3_pkey on sbtest3  (cost=0.43..371.74 rows=97 width=121)
	  Index Cond: ((id >= 6491789) AND (id <= 6491888))

table 4 : explain SELECT c FROM sbtest4 WHERE id BETWEEN 5605999 AND 5606098
	Index Scan using sbtest4_pkey on sbtest4  (cost=0.43..410.49 rows=108 width=121)
	  Index Cond: ((id >= 5605999) AND (id <= 5606098))

table 5 : explain SELECT c FROM sbtest5 WHERE id BETWEEN 9476894 AND 9476993
	Index Scan using sbtest5_pkey on sbtest5  (cost=0.43..395.79 rows=104 width=121)
	  Index Cond: ((id >= 9476894) AND (id <= 9476993))

table 6 : explain SELECT c FROM sbtest6 WHERE id BETWEEN 1479060 AND 1479159
	Index Scan using sbtest6_pkey on sbtest6  (cost=0.43..400.00 rows=105 width=121)
	  Index Cond: ((id >= 1479060) AND (id <= 1479159))

table 7 : explain SELECT c FROM sbtest7 WHERE id BETWEEN 6961560 AND 6961659
	Index Scan using sbtest7_pkey on sbtest7  (cost=0.43..372.06 rows=98 width=121)
	  Index Cond: ((id >= 6961560) AND (id <= 6961659))

table 8 : explain SELECT c FROM sbtest8 WHERE id BETWEEN 3714997 AND 3715096
	Index Scan using sbtest8_pkey on sbtest8  (cost=0.43..317.74 rows=83 width=121)
	  Index Cond: ((id >= 3714997) AND (id <= 3715096))

explain: for point_selects :: explain SELECT c FROM sbtest%u WHERE id=%u
for: sum_ranges
table 1 : explain SELECT SUM(k) FROM sbtest1 WHERE id BETWEEN 4601898 AND 4601997
	Aggregate  (cost=364.48..364.49 rows=1 width=8)
	  ->  Index Scan using sbtest1_pkey on sbtest1  (cost=0.43..364.24 rows=95 width=4)
	        Index Cond: ((id >= 4601898) AND (id <= 4601997))

table 2 : explain SELECT SUM(k) FROM sbtest2 WHERE id BETWEEN 1828004 AND 1828103
	Aggregate  (cost=369.56..369.57 rows=1 width=8)
	  ->  Index Scan using sbtest2_pkey on sbtest2  (cost=0.43..369.32 rows=96 width=4)
	        Index Cond: ((id >= 1828004) AND (id <= 1828103))

table 3 : explain SELECT SUM(k) FROM sbtest3 WHERE id BETWEEN 9920963 AND 9921062
	Aggregate  (cost=394.70..394.71 rows=1 width=8)
	  ->  Index Scan using sbtest3_pkey on sbtest3  (cost=0.43..394.44 rows=103 width=4)
	        Index Cond: ((id >= 9920963) AND (id <= 9921062))

table 4 : explain SELECT SUM(k) FROM sbtest4 WHERE id BETWEEN 657955 AND 658054
	Aggregate  (cost=365.67..365.68 rows=1 width=8)
	  ->  Index Scan using sbtest4_pkey on sbtest4  (cost=0.43..365.43 rows=96 width=4)
	        Index Cond: ((id >= 657955) AND (id <= 658054))

table 5 : explain SELECT SUM(k) FROM sbtest5 WHERE id BETWEEN 2328290 AND 2328389
	Aggregate  (cost=388.53..388.54 rows=1 width=8)
	  ->  Index Scan using sbtest5_pkey on sbtest5  (cost=0.43..388.27 rows=102 width=4)
	        Index Cond: ((id >= 2328290) AND (id <= 2328389))

table 6 : explain SELECT SUM(k) FROM sbtest6 WHERE id BETWEEN 8065051 AND 8065150
	Aggregate  (cost=366.37..366.38 rows=1 width=8)
	  ->  Index Scan using sbtest6_pkey on sbtest6  (cost=0.43..366.13 rows=96 width=4)
	        Index Cond: ((id >= 8065051) AND (id <= 8065150))

table 7 : explain SELECT SUM(k) FROM sbtest7 WHERE id BETWEEN 5461742 AND 5461841
	Aggregate  (cost=368.55..368.56 rows=1 width=8)
	  ->  Index Scan using sbtest7_pkey on sbtest7  (cost=0.43..368.31 rows=97 width=4)
	        Index Cond: ((id >= 5461742) AND (id <= 5461841))

table 8 : explain SELECT SUM(k) FROM sbtest8 WHERE id BETWEEN 1218608 AND 1218707
	Aggregate  (cost=397.24..397.25 rows=1 width=8)
	  ->  Index Scan using sbtest8_pkey on sbtest8  (cost=0.43..396.98 rows=104 width=4)
	        Index Cond: ((id >= 1218608) AND (id <= 1218707))

explain: for point_selects :: explain SELECT c FROM sbtest%u WHERE id=%u
explain: for point_selects :: explain SELECT c FROM sbtest%u WHERE id=%u
explain: for point_selects :: explain SELECT c FROM sbtest%u WHERE id=%u
for: sum_ranges
table 1 : explain SELECT SUM(k) FROM sbtest1 WHERE id BETWEEN 5256087 AND 5256186
	Aggregate  (cost=394.83..394.84 rows=1 width=8)
	  ->  Index Scan using sbtest1_pkey on sbtest1  (cost=0.43..394.57 rows=103 width=4)
	        Index Cond: ((id >= 5256087) AND (id <= 5256186))

table 2 : explain SELECT SUM(k) FROM sbtest2 WHERE id BETWEEN 6983267 AND 6983366
	Aggregate  (cost=365.76..365.77 rows=1 width=8)
	  ->  Index Scan using sbtest2_pkey on sbtest2  (cost=0.43..365.52 rows=95 width=4)
	        Index Cond: ((id >= 6983267) AND (id <= 6983366))

table 3 : explain SELECT SUM(k) FROM sbtest3 WHERE id BETWEEN 9063156 AND 9063255
	Aggregate  (cost=383.34..383.35 rows=1 width=8)
	  ->  Index Scan using sbtest3_pkey on sbtest3  (cost=0.43..383.09 rows=100 width=4)
	        Index Cond: ((id >= 9063156) AND (id <= 9063255))

table 4 : explain SELECT SUM(k) FROM sbtest4 WHERE id BETWEEN 5902904 AND 5903003
	Aggregate  (cost=358.15..358.16 rows=1 width=8)
	  ->  Index Scan using sbtest4_pkey on sbtest4  (cost=0.43..357.91 rows=94 width=4)
	        Index Cond: ((id >= 5902904) AND (id <= 5903003))

table 5 : explain SELECT SUM(k) FROM sbtest5 WHERE id BETWEEN 7280858 AND 7280957
	Aggregate  (cost=399.81..399.82 rows=1 width=8)
	  ->  Index Scan using sbtest5_pkey on sbtest5  (cost=0.43..399.55 rows=105 width=4)
	        Index Cond: ((id >= 7280858) AND (id <= 7280957))

table 6 : explain SELECT SUM(k) FROM sbtest6 WHERE id BETWEEN 6708541 AND 6708640
	Aggregate  (cost=373.90..373.91 rows=1 width=8)
	  ->  Index Scan using sbtest6_pkey on sbtest6  (cost=0.43..373.65 rows=98 width=4)
	        Index Cond: ((id >= 6708541) AND (id <= 6708640))

table 7 : explain SELECT SUM(k) FROM sbtest7 WHERE id BETWEEN 5040077 AND 5040176
	Aggregate  (cost=383.55..383.56 rows=1 width=8)
	  ->  Index Scan using sbtest7_pkey on sbtest7  (cost=0.43..383.29 rows=101 width=4)
	        Index Cond: ((id >= 5040077) AND (id <= 5040176))

table 8 : explain SELECT SUM(k) FROM sbtest8 WHERE id BETWEEN 1768892 AND 1768991
	Aggregate  (cost=401.01..401.02 rows=1 width=8)
	  ->  Index Scan using sbtest8_pkey on sbtest8  (cost=0.43..400.75 rows=105 width=4)
	        Index Cond: ((id >= 1768892) AND (id <= 1768991))

for point_selects
table 1 : explain SELECT c FROM sbtest1 WHERE id=4345840
	Index Scan using sbtest1_pkey on sbtest1  (cost=0.43..8.45 rows=1 width=121)
	  Index Cond: (id = 4345840)

table 2 : explain SELECT c FROM sbtest2 WHERE id=1485154
	Index Scan using sbtest2_pkey on sbtest2  (cost=0.43..8.45 rows=1 width=121)
	  Index Cond: (id = 1485154)

table 3 : explain SELECT c FROM sbtest3 WHERE id=9335569
	Index Scan using sbtest3_pkey on sbtest3  (cost=0.43..8.45 rows=1 width=121)
	  Index Cond: (id = 9335569)

table 4 : explain SELECT c FROM sbtest4 WHERE id=3727965
	Index Scan using sbtest4_pkey on sbtest4  (cost=0.43..8.45 rows=1 width=121)
	  Index Cond: (id = 3727965)

table 5 : explain SELECT c FROM sbtest5 WHERE id=4711443
	Index Scan using sbtest5_pkey on sbtest5  (cost=0.43..8.45 rows=1 width=121)
	  Index Cond: (id = 4711443)

table 6 : explain SELECT c FROM sbtest6 WHERE id=5640708
	Index Scan using sbtest6_pkey on sbtest6  (cost=0.43..8.45 rows=1 width=121)
	  Index Cond: (id = 5640708)

table 7 : explain SELECT c FROM sbtest7 WHERE id=6841576
	Index Scan using sbtest7_pkey on sbtest7  (cost=0.43..8.45 rows=1 width=121)
	  Index Cond: (id = 6841576)

table 8 : explain SELECT c FROM sbtest8 WHERE id=1270889
	Index Scan using sbtest8_pkey on sbtest8  (cost=0.43..8.45 rows=1 width=121)
	  Index Cond: (id = 1270889)

for point_selects
table 1 : explain SELECT c FROM sbtest1 WHERE id=6221902
	Index Scan using sbtest1_pkey on sbtest1  (cost=0.43..8.45 rows=1 width=121)
	  Index Cond: (id = 6221902)

table 2 : explain SELECT c FROM sbtest2 WHERE id=2902825
	Index Scan using sbtest2_pkey on sbtest2  (cost=0.43..8.45 rows=1 width=121)
	  Index Cond: (id = 2902825)

table 3 : explain SELECT c FROM sbtest3 WHERE id=4677228
	Index Scan using sbtest3_pkey on sbtest3  (cost=0.43..8.45 rows=1 width=121)
	  Index Cond: (id = 4677228)

table 4 : explain SELECT c FROM sbtest4 WHERE id=6742134
	Index Scan using sbtest4_pkey on sbtest4  (cost=0.43..8.45 rows=1 width=121)
	  Index Cond: (id = 6742134)

table 5 : explain SELECT c FROM sbtest5 WHERE id=8481815
	Index Scan using sbtest5_pkey on sbtest5  (cost=0.43..8.45 rows=1 width=121)
	  Index Cond: (id = 8481815)

table 6 : explain SELECT c FROM sbtest6 WHERE id=988363
	Index Scan using sbtest6_pkey on sbtest6  (cost=0.43..8.45 rows=1 width=121)
	  Index Cond: (id = 988363)

table 7 : explain SELECT c FROM sbtest7 WHERE id=2257320
	Index Scan using sbtest7_pkey on sbtest7  (cost=0.43..8.45 rows=1 width=121)
	  Index Cond: (id = 2257320)

table 8 : explain SELECT c FROM sbtest8 WHERE id=4478530
	Index Scan using sbtest8_pkey on sbtest8  (cost=0.43..8.45 rows=1 width=121)
	  Index Cond: (id = 4478530)

for point_selects
table 1 : explain SELECT c FROM sbtest1 WHERE id=8462710
	Index Scan using sbtest1_pkey on sbtest1  (cost=0.43..8.45 rows=1 width=121)
	  Index Cond: (id = 8462710)

table 2 : explain SELECT c FROM sbtest2 WHERE id=4745850
	Index Scan using sbtest2_pkey on sbtest2  (cost=0.43..8.45 rows=1 width=121)
	  Index Cond: (id = 4745850)

table 3 : explain SELECT c FROM sbtest3 WHERE id=4066663
	Index Scan using sbtest3_pkey on sbtest3  (cost=0.43..8.45 rows=1 width=121)
	  Index Cond: (id = 4066663)

table 4 : explain SELECT c FROM sbtest4 WHERE id=939558
	Index Scan using sbtest4_pkey on sbtest4  (cost=0.43..8.45 rows=1 width=121)
	  Index Cond: (id = 939558)

table 5 : explain SELECT c FROM sbtest5 WHERE id=5814456
	Index Scan using sbtest5_pkey on sbtest5  (cost=0.43..8.45 rows=1 width=121)
	  Index Cond: (id = 5814456)

table 6 : explain SELECT c FROM sbtest6 WHERE id=5530210
	Index Scan using sbtest6_pkey on sbtest6  (cost=0.43..8.45 rows=1 width=121)
	  Index Cond: (id = 5530210)

table 7 : explain SELECT c FROM sbtest7 WHERE id=3600840
	Index Scan using sbtest7_pkey on sbtest7  (cost=0.43..8.45 rows=1 width=121)
	  Index Cond: (id = 3600840)

table 8 : explain SELECT c FROM sbtest8 WHERE id=3752295
	Index Scan using sbtest8_pkey on sbtest8  (cost=0.43..8.45 rows=1 width=121)
	  Index Cond: (id = 3752295)

for point_selects
table 1 : explain SELECT c FROM sbtest1 WHERE id=8938138
	Index Scan using sbtest1_pkey on sbtest1  (cost=0.43..8.45 rows=1 width=121)
	  Index Cond: (id = 8938138)

table 2 : explain SELECT c FROM sbtest2 WHERE id=6520351
	Index Scan using sbtest2_pkey on sbtest2  (cost=0.43..8.45 rows=1 width=121)
	  Index Cond: (id = 6520351)

table 3 : explain SELECT c FROM sbtest3 WHERE id=9432157
	Index Scan using sbtest3_pkey on sbtest3  (cost=0.43..8.45 rows=1 width=121)
	  Index Cond: (id = 9432157)

table 4 : explain SELECT c FROM sbtest4 WHERE id=1009397
	Index Scan using sbtest4_pkey on sbtest4  (cost=0.43..8.45 rows=1 width=121)
	  Index Cond: (id = 1009397)

table 5 : explain SELECT c FROM sbtest5 WHERE id=2758090
	Index Scan using sbtest5_pkey on sbtest5  (cost=0.43..8.45 rows=1 width=121)
	  Index Cond: (id = 2758090)

table 6 : explain SELECT c FROM sbtest6 WHERE id=7358427
	Index Scan using sbtest6_pkey on sbtest6  (cost=0.43..8.45 rows=1 width=121)
	  Index Cond: (id = 7358427)

table 7 : explain SELECT c FROM sbtest7 WHERE id=8288108
	Index Scan using sbtest7_pkey on sbtest7  (cost=0.43..8.45 rows=1 width=121)
	  Index Cond: (id = 8288108)

table 8 : explain SELECT c FROM sbtest8 WHERE id=4818679
	Index Scan using sbtest8_pkey on sbtest8  (cost=0.43..8.45 rows=1 width=121)
	  Index Cond: (id = 4818679)

for: simple_ranges
table 1 : explain SELECT c FROM sbtest1 WHERE id BETWEEN 7249461 AND 7249560
	Index Scan using sbtest1_pkey on sbtest1  (cost=0.43..413.49 rows=108 width=121)
	  Index Cond: ((id >= 7249461) AND (id <= 7249560))

table 2 : explain SELECT c FROM sbtest2 WHERE id BETWEEN 5806245 AND 5806344
	Index Scan using sbtest2_pkey on sbtest2  (cost=0.43..388.31 rows=101 width=121)
	  Index Cond: ((id >= 5806245) AND (id <= 5806344))

table 3 : explain SELECT c FROM sbtest3 WHERE id BETWEEN 5374808 AND 5374907
	Index Scan using sbtest3_pkey on sbtest3  (cost=0.43..330.08 rows=86 width=121)
	  Index Cond: ((id >= 5374808) AND (id <= 5374907))

table 4 : explain SELECT c FROM sbtest4 WHERE id BETWEEN 783900 AND 783999
	Index Scan using sbtest4_pkey on sbtest4  (cost=0.43..410.49 rows=108 width=121)
	  Index Cond: ((id >= 783900) AND (id <= 783999))

table 5 : explain SELECT c FROM sbtest5 WHERE id BETWEEN 3386293 AND 3386392
	Index Scan using sbtest5_pkey on sbtest5  (cost=0.43..433.38 rows=114 width=121)
	  Index Cond: ((id >= 3386293) AND (id <= 3386392))

table 6 : explain SELECT c FROM sbtest6 WHERE id BETWEEN 2733937 AND 2734036
	Index Scan using sbtest6_pkey on sbtest6  (cost=0.43..388.71 rows=102 width=121)
	  Index Cond: ((id >= 2733937) AND (id <= 2734036))

table 7 : explain SELECT c FROM sbtest7 WHERE id BETWEEN 4386468 AND 4386567
	Index Scan using sbtest7_pkey on sbtest7  (cost=0.43..338.27 rows=89 width=121)
	  Index Cond: ((id >= 4386468) AND (id <= 4386567))

table 8 : explain SELECT c FROM sbtest8 WHERE id BETWEEN 2060764 AND 2060863
	Index Scan using sbtest8_pkey on sbtest8  (cost=0.43..457.36 rows=120 width=121)
	  Index Cond: ((id >= 2060764) AND (id <= 2060863))

for: simple_ranges
table 1 : explain SELECT c FROM sbtest1 WHERE id BETWEEN 4265139 AND 4265238
	Index Scan using sbtest1_pkey on sbtest1  (cost=0.43..383.22 rows=100 width=121)
	  Index Cond: ((id >= 4265139) AND (id <= 4265238))

table 2 : explain SELECT c FROM sbtest2 WHERE id BETWEEN 7584461 AND 7584560
	Index Scan using sbtest2_pkey on sbtest2  (cost=0.43..407.29 rows=106 width=121)
	  Index Cond: ((id >= 7584461) AND (id <= 7584560))

table 3 : explain SELECT c FROM sbtest3 WHERE id BETWEEN 4055273 AND 4055372
	Index Scan using sbtest3_pkey on sbtest3  (cost=0.43..383.09 rows=100 width=121)
	  Index Cond: ((id >= 4055273) AND (id <= 4055372))

table 4 : explain SELECT c FROM sbtest4 WHERE id BETWEEN 4276187 AND 4276286
	Index Scan using sbtest4_pkey on sbtest4  (cost=0.43..410.49 rows=108 width=121)
	  Index Cond: ((id >= 4276187) AND (id <= 4276286))

table 5 : explain SELECT c FROM sbtest5 WHERE id BETWEEN 4145817 AND 4145916
	Index Scan using sbtest5_pkey on sbtest5  (cost=0.43..365.72 rows=96 width=121)
	  Index Cond: ((id >= 4145817) AND (id <= 4145916))

table 6 : explain SELECT c FROM sbtest6 WHERE id BETWEEN 9030917 AND 9031016
	Index Scan using sbtest6_pkey on sbtest6  (cost=0.43..403.76 rows=106 width=121)
	  Index Cond: ((id >= 9030917) AND (id <= 9031016))

table 7 : explain SELECT c FROM sbtest7 WHERE id BETWEEN 9395604 AND 9395703
	Index Scan using sbtest7_pkey on sbtest7  (cost=0.43..417.01 rows=110 width=121)
	  Index Cond: ((id >= 9395604) AND (id <= 9395703))

table 8 : explain SELECT c FROM sbtest8 WHERE id BETWEEN 9310605 AND 9310704
	Index Scan using sbtest8_pkey on sbtest8  (cost=0.43..378.12 rows=99 width=121)
	  Index Cond: ((id >= 9310605) AND (id <= 9310704))

for: simple_ranges
table 1 : explain SELECT c FROM sbtest1 WHERE id BETWEEN 7066886 AND 7066985
	Index Scan using sbtest1_pkey on sbtest1  (cost=0.43..341.54 rows=89 width=121)
	  Index Cond: ((id >= 7066886) AND (id <= 7066985))

table 2 : explain SELECT c FROM sbtest2 WHERE id BETWEEN 6526369 AND 6526468
	Index Scan using sbtest2_pkey on sbtest2  (cost=0.43..365.52 rows=95 width=121)
	  Index Cond: ((id >= 6526369) AND (id <= 6526468))

table 3 : explain SELECT c FROM sbtest3 WHERE id BETWEEN 6866027 AND 6866126
	Index Scan using sbtest3_pkey on sbtest3  (cost=0.43..398.22 rows=104 width=121)
	  Index Cond: ((id >= 6866027) AND (id <= 6866126))

table 4 : explain SELECT c FROM sbtest4 WHERE id BETWEEN 8822730 AND 8822829
	Index Scan using sbtest4_pkey on sbtest4  (cost=0.43..384.20 rows=101 width=121)
	  Index Cond: ((id >= 8822730) AND (id <= 8822829))

table 5 : explain SELECT c FROM sbtest5 WHERE id BETWEEN 504118 AND 504217
	Index Scan using sbtest5_pkey on sbtest5  (cost=0.43..365.72 rows=96 width=121)
	  Index Cond: ((id >= 504118) AND (id <= 504217))

table 6 : explain SELECT c FROM sbtest6 WHERE id BETWEEN 6163502 AND 6163601
	Index Scan using sbtest6_pkey on sbtest6  (cost=0.43..377.42 rows=99 width=121)
	  Index Cond: ((id >= 6163502) AND (id <= 6163601))

table 7 : explain SELECT c FROM sbtest7 WHERE id BETWEEN 395090 AND 395189
	Index Scan using sbtest7_pkey on sbtest7  (cost=0.43..402.03 rows=106 width=121)
	  Index Cond: ((id >= 395090) AND (id <= 395189))

table 8 : explain SELECT c FROM sbtest8 WHERE id BETWEEN 9286793 AND 9286892
	Index Scan using sbtest8_pkey on sbtest8  (cost=0.43..366.81 rows=96 width=121)
	  Index Cond: ((id >= 9286793) AND (id <= 9286892))

for: simple_ranges
table 1 : explain SELECT c FROM sbtest1 WHERE id BETWEEN 8374843 AND 8374942
	Index Scan using sbtest1_pkey on sbtest1  (cost=0.43..413.49 rows=108 width=121)
	  Index Cond: ((id >= 8374843) AND (id <= 8374942))

table 2 : explain SELECT c FROM sbtest2 WHERE id BETWEEN 3035882 AND 3035981
	Index Scan using sbtest2_pkey on sbtest2  (cost=0.43..365.52 rows=95 width=121)
	  Index Cond: ((id >= 3035882) AND (id <= 3035981))

table 3 : explain SELECT c FROM sbtest3 WHERE id BETWEEN 8317629 AND 8317728
	Index Scan using sbtest3_pkey on sbtest3  (cost=0.43..390.66 rows=102 width=121)
	  Index Cond: ((id >= 8317629) AND (id <= 8317728))

table 4 : explain SELECT c FROM sbtest4 WHERE id BETWEEN 8830237 AND 8830336
	Index Scan using sbtest4_pkey on sbtest4  (cost=0.43..384.20 rows=101 width=121)
	  Index Cond: ((id >= 8830237) AND (id <= 8830336))

table 5 : explain SELECT c FROM sbtest5 WHERE id BETWEEN 1135584 AND 1135683
	Index Scan using sbtest5_pkey on sbtest5  (cost=0.43..395.79 rows=104 width=121)
	  Index Cond: ((id >= 1135584) AND (id <= 1135683))

table 6 : explain SELECT c FROM sbtest6 WHERE id BETWEEN 494773 AND 494872
	Index Scan using sbtest6_pkey on sbtest6  (cost=0.43..366.13 rows=96 width=121)
	  Index Cond: ((id >= 494773) AND (id <= 494872))

table 7 : explain SELECT c FROM sbtest7 WHERE id BETWEEN 2959751 AND 2959850
	Index Scan using sbtest7_pkey on sbtest7  (cost=0.43..405.77 rows=107 width=121)
	  Index Cond: ((id >= 2959751) AND (id <= 2959850))

table 8 : explain SELECT c FROM sbtest8 WHERE id BETWEEN 9185692 AND 9185791
	Index Scan using sbtest8_pkey on sbtest8  (cost=0.43..363.04 rows=95 width=121)
	  Index Cond: ((id >= 9185692) AND (id <= 9185791))

for: sum_ranges
table 1 : explain SELECT SUM(k) FROM sbtest1 WHERE id BETWEEN 4834334 AND 4834433
	Aggregate  (cost=417.55..417.56 rows=1 width=8)
	  ->  Index Scan using sbtest1_pkey on sbtest1  (cost=0.43..417.27 rows=109 width=4)
	        Index Cond: ((id >= 4834334) AND (id <= 4834433))

table 2 : explain SELECT SUM(k) FROM sbtest2 WHERE id BETWEEN 1228951 AND 1229050
	Aggregate  (cost=373.36..373.37 rows=1 width=8)
	  ->  Index Scan using sbtest2_pkey on sbtest2  (cost=0.43..373.12 rows=97 width=4)
	        Index Cond: ((id >= 1228951) AND (id <= 1229050))

table 3 : explain SELECT SUM(k) FROM sbtest3 WHERE id BETWEEN 4453202 AND 4453301
	Aggregate  (cost=394.70..394.71 rows=1 width=8)
	  ->  Index Scan using sbtest3_pkey on sbtest3  (cost=0.43..394.44 rows=103 width=4)
	        Index Cond: ((id >= 4453202) AND (id <= 4453301))

table 4 : explain SELECT SUM(k) FROM sbtest4 WHERE id BETWEEN 4026377 AND 4026476
	Aggregate  (cost=399.49..399.50 rows=1 width=8)
	  ->  Index Scan using sbtest4_pkey on sbtest4  (cost=0.43..399.22 rows=105 width=4)
	        Index Cond: ((id >= 4026377) AND (id <= 4026476))

table 5 : explain SELECT SUM(k) FROM sbtest5 WHERE id BETWEEN 9551498 AND 9551597
	Aggregate  (cost=388.53..388.54 rows=1 width=8)
	  ->  Index Scan using sbtest5_pkey on sbtest5  (cost=0.43..388.27 rows=102 width=4)
	        Index Cond: ((id >= 9551498) AND (id <= 9551597))

table 6 : explain SELECT SUM(k) FROM sbtest6 WHERE id BETWEEN 9442806 AND 9442905
	Aggregate  (cost=366.37..366.38 rows=1 width=8)
	  ->  Index Scan using sbtest6_pkey on sbtest6  (cost=0.43..366.13 rows=96 width=4)
	        Index Cond: ((id >= 9442806) AND (id <= 9442905))

table 7 : explain SELECT SUM(k) FROM sbtest7 WHERE id BETWEEN 8461672 AND 8461771
	Aggregate  (cost=372.30..372.31 rows=1 width=8)
	  ->  Index Scan using sbtest7_pkey on sbtest7  (cost=0.43..372.06 rows=98 width=4)
	        Index Cond: ((id >= 8461672) AND (id <= 8461771))

table 8 : explain SELECT SUM(k) FROM sbtest8 WHERE id BETWEEN 462288 AND 462387
	Aggregate  (cost=416.10..416.11 rows=1 width=8)
	  ->  Index Scan using sbtest8_pkey on sbtest8  (cost=0.43..415.83 rows=109 width=4)
	        Index Cond: ((id >= 462288) AND (id <= 462387))

for point_selects
table 1 : explain SELECT c FROM sbtest1 WHERE id=3612453
	Index Scan using sbtest1_pkey on sbtest1  (cost=0.43..8.45 rows=1 width=121)
	  Index Cond: (id = 3612453)

table 2 : explain SELECT c FROM sbtest2 WHERE id=2768094
	Index Scan using sbtest2_pkey on sbtest2  (cost=0.43..8.45 rows=1 width=121)
	  Index Cond: (id = 2768094)

table 3 : explain SELECT c FROM sbtest3 WHERE id=8049365
	Index Scan using sbtest3_pkey on sbtest3  (cost=0.43..8.45 rows=1 width=121)
	  Index Cond: (id = 8049365)

table 4 : explain SELECT c FROM sbtest4 WHERE id=8855897
	Index Scan using sbtest4_pkey on sbtest4  (cost=0.43..8.45 rows=1 width=121)
	  Index Cond: (id = 8855897)

table 5 : explain SELECT c FROM sbtest5 WHERE id=6501567
	Index Scan using sbtest5_pkey on sbtest5  (cost=0.43..8.45 rows=1 width=121)
	  Index Cond: (id = 6501567)

table 6 : explain SELECT c FROM sbtest6 WHERE id=9388793
	Index Scan using sbtest6_pkey on sbtest6  (cost=0.43..8.45 rows=1 width=121)
	  Index Cond: (id = 9388793)

table 7 : explain SELECT c FROM sbtest7 WHERE id=954802
	Index Scan using sbtest7_pkey on sbtest7  (cost=0.43..8.45 rows=1 width=121)
	  Index Cond: (id = 954802)

table 8 : explain SELECT c FROM sbtest8 WHERE id=2678205
	Index Scan using sbtest8_pkey on sbtest8  (cost=0.43..8.45 rows=1 width=121)
	  Index Cond: (id = 2678205)

for: order_ranges
table 1 : explain SELECT c FROM sbtest1 WHERE id BETWEEN 8570221 AND 8570320 ORDER BY c
	Sort  (cost=382.72..382.96 rows=99 width=121)
	  Sort Key: c
	  ->  Index Scan using sbtest1_pkey on sbtest1  (cost=0.43..379.44 rows=99 width=121)
	        Index Cond: ((id >= 8570221) AND (id <= 8570320))

table 2 : explain SELECT c FROM sbtest2 WHERE id BETWEEN 299088 AND 299187 ORDER BY c
	Sort  (cost=414.69..414.96 rows=107 width=121)
	  Sort Key: c
	  ->  Index Scan using sbtest2_pkey on sbtest2  (cost=0.43..411.09 rows=107 width=121)
	        Index Cond: ((id >= 299088) AND (id <= 299187))

table 3 : explain SELECT c FROM sbtest3 WHERE id BETWEEN 6098780 AND 6098879 ORDER BY c
	Sort  (cost=409.35..409.62 rows=106 width=121)
	  Sort Key: c
	  ->  Index Scan using sbtest3_pkey on sbtest3  (cost=0.43..405.79 rows=106 width=121)
	        Index Cond: ((id >= 6098780) AND (id <= 6098879))

table 4 : explain SELECT c FROM sbtest4 WHERE id BETWEEN 999543 AND 999642 ORDER BY c
	Sort  (cost=402.75..403.01 rows=105 width=121)
	  Sort Key: c
	  ->  Index Scan using sbtest4_pkey on sbtest4  (cost=0.43..399.22 rows=105 width=121)
	        Index Cond: ((id >= 999543) AND (id <= 999642))

table 5 : explain SELECT c FROM sbtest5 WHERE id BETWEEN 2052539 AND 2052638 ORDER BY c
	Sort  (cost=406.87..407.14 rows=106 width=121)
	  Sort Key: c
	  ->  Index Scan using sbtest5_pkey on sbtest5  (cost=0.43..403.31 rows=106 width=121)
	        Index Cond: ((id >= 2052539) AND (id <= 2052638))

table 6 : explain SELECT c FROM sbtest6 WHERE id BETWEEN 4947561 AND 4947660 ORDER BY c
	Sort  (cost=426.34..426.62 rows=111 width=121)
	  Sort Key: c
	  ->  Index Scan using sbtest6_pkey on sbtest6  (cost=0.43..422.57 rows=111 width=121)
	        Index Cond: ((id >= 4947561) AND (id <= 4947660))

table 7 : explain SELECT c FROM sbtest7 WHERE id BETWEEN 113731 AND 113830 ORDER BY c
	Sort  (cost=367.72..367.96 rows=96 width=121)
	  Sort Key: c
	  ->  Index Scan using sbtest7_pkey on sbtest7  (cost=0.43..364.56 rows=96 width=121)
	        Index Cond: ((id >= 113731) AND (id <= 113830))

table 8 : explain SELECT c FROM sbtest8 WHERE id BETWEEN 8994167 AND 8994266 ORDER BY c
	Sort  (cost=385.22..385.47 rows=100 width=121)
	  Sort Key: c
	  ->  Index Scan using sbtest8_pkey on sbtest8  (cost=0.43..381.89 rows=100 width=121)
	        Index Cond: ((id >= 8994167) AND (id <= 8994266))

explain: for point_selects :: explain SELECT c FROM sbtest%u WHERE id=%u
for point_selects
table 1 : explain SELECT c FROM sbtest1 WHERE id=9054049
	Index Scan using sbtest1_pkey on sbtest1  (cost=0.43..8.45 rows=1 width=121)
	  Index Cond: (id = 9054049)

table 2 : explain SELECT c FROM sbtest2 WHERE id=7321949
	Index Scan using sbtest2_pkey on sbtest2  (cost=0.43..8.45 rows=1 width=121)
	  Index Cond: (id = 7321949)

table 3 : explain SELECT c FROM sbtest3 WHERE id=8580657
	Index Scan using sbtest3_pkey on sbtest3  (cost=0.43..8.45 rows=1 width=121)
	  Index Cond: (id = 8580657)

table 4 : explain SELECT c FROM sbtest4 WHERE id=2715554
	Index Scan using sbtest4_pkey on sbtest4  (cost=0.43..8.45 rows=1 width=121)
	  Index Cond: (id = 2715554)

table 5 : explain SELECT c FROM sbtest5 WHERE id=2074215
	Index Scan using sbtest5_pkey on sbtest5  (cost=0.43..8.45 rows=1 width=121)
	  Index Cond: (id = 2074215)

table 6 : explain SELECT c FROM sbtest6 WHERE id=6291996
	Index Scan using sbtest6_pkey on sbtest6  (cost=0.43..8.45 rows=1 width=121)
	  Index Cond: (id = 6291996)

table 7 : explain SELECT c FROM sbtest7 WHERE id=7313594
	Index Scan using sbtest7_pkey on sbtest7  (cost=0.43..8.45 rows=1 width=121)
	  Index Cond: (id = 7313594)

table 8 : explain SELECT c FROM sbtest8 WHERE id=2387239
	Index Scan using sbtest8_pkey on sbtest8  (cost=0.43..8.45 rows=1 width=121)
	  Index Cond: (id = 2387239)

for: sum_ranges
table 1 : explain SELECT SUM(k) FROM sbtest1 WHERE id BETWEEN 3675722 AND 3675821
	Aggregate  (cost=391.04..391.05 rows=1 width=8)
	  ->  Index Scan using sbtest1_pkey on sbtest1  (cost=0.43..390.79 rows=102 width=4)
	        Index Cond: ((id >= 3675722) AND (id <= 3675821))

table 2 : explain SELECT SUM(k) FROM sbtest2 WHERE id BETWEEN 9706415 AND 9706514
	Aggregate  (cost=354.31..354.32 rows=1 width=8)
	  ->  Index Scan using sbtest2_pkey on sbtest2  (cost=0.43..354.08 rows=92 width=4)
	        Index Cond: ((id >= 9706415) AND (id <= 9706514))

table 3 : explain SELECT SUM(k) FROM sbtest3 WHERE id BETWEEN 2110741 AND 2110840
	Aggregate  (cost=390.91..390.92 rows=1 width=8)
	  ->  Index Scan using sbtest3_pkey on sbtest3  (cost=0.43..390.66 rows=102 width=4)
	        Index Cond: ((id >= 2110741) AND (id <= 2110840))

table 4 : explain SELECT SUM(k) FROM sbtest4 WHERE id BETWEEN 2539352 AND 2539451
	Aggregate  (cost=361.91..361.92 rows=1 width=8)
	  ->  Index Scan using sbtest4_pkey on sbtest4  (cost=0.43..361.67 rows=95 width=4)
	        Index Cond: ((id >= 2539352) AND (id <= 2539451))

table 5 : explain SELECT SUM(k) FROM sbtest5 WHERE id BETWEEN 1898317 AND 1898416
	Aggregate  (cost=358.44..358.45 rows=1 width=8)
	  ->  Index Scan using sbtest5_pkey on sbtest5  (cost=0.43..358.20 rows=94 width=4)
	        Index Cond: ((id >= 1898317) AND (id <= 1898416))

table 6 : explain SELECT SUM(k) FROM sbtest6 WHERE id BETWEEN 8041670 AND 8041769
	Aggregate  (cost=366.37..366.38 rows=1 width=8)
	  ->  Index Scan using sbtest6_pkey on sbtest6  (cost=0.43..366.13 rows=96 width=4)
	        Index Cond: ((id >= 8041670) AND (id <= 8041769))

table 7 : explain SELECT SUM(k) FROM sbtest7 WHERE id BETWEEN 9455787 AND 9455886
	Aggregate  (cost=424.78..424.79 rows=1 width=8)
	  ->  Index Scan using sbtest7_pkey on sbtest7  (cost=0.43..424.50 rows=112 width=4)
	        Index Cond: ((id >= 9455787) AND (id <= 9455886))

table 8 : explain SELECT SUM(k) FROM sbtest8 WHERE id BETWEEN 6060080 AND 6060179
	Aggregate  (cost=355.74..355.75 rows=1 width=8)
	  ->  Index Scan using sbtest8_pkey on sbtest8  (cost=0.43..355.50 rows=93 width=4)
	        Index Cond: ((id >= 6060080) AND (id <= 6060179))

for point_selects
table 1 : explain SELECT c FROM sbtest1 WHERE id=9699248
	Index Scan using sbtest1_pkey on sbtest1  (cost=0.43..8.45 rows=1 width=121)
	  Index Cond: (id = 9699248)

table 2 : explain SELECT c FROM sbtest2 WHERE id=2690702
	Index Scan using sbtest2_pkey on sbtest2  (cost=0.43..8.45 rows=1 width=121)
	  Index Cond: (id = 2690702)

table 3 : explain SELECT c FROM sbtest3 WHERE id=3001519
	Index Scan using sbtest3_pkey on sbtest3  (cost=0.43..8.45 rows=1 width=121)
	  Index Cond: (id = 3001519)

table 4 : explain SELECT c FROM sbtest4 WHERE id=8173823
	Index Scan using sbtest4_pkey on sbtest4  (cost=0.43..8.45 rows=1 width=121)
	  Index Cond: (id = 8173823)

table 5 : explain SELECT c FROM sbtest5 WHERE id=115345
	Index Scan using sbtest5_pkey on sbtest5  (cost=0.43..8.45 rows=1 width=121)
	  Index Cond: (id = 115345)

table 6 : explain SELECT c FROM sbtest6 WHERE id=7083396
	Index Scan using sbtest6_pkey on sbtest6  (cost=0.43..8.45 rows=1 width=121)
	  Index Cond: (id = 7083396)

table 7 : explain SELECT c FROM sbtest7 WHERE id=6634748
	Index Scan using sbtest7_pkey on sbtest7  (cost=0.43..8.45 rows=1 width=121)
	  Index Cond: (id = 6634748)

table 8 : explain SELECT c FROM sbtest8 WHERE id=1493730
	Index Scan using sbtest8_pkey on sbtest8  (cost=0.43..8.45 rows=1 width=121)
	  Index Cond: (id = 1493730)

for: sum_ranges
table 1 : explain SELECT SUM(k) FROM sbtest1 WHERE id BETWEEN 9209232 AND 9209331
	Aggregate  (cost=421.33..421.34 rows=1 width=8)
	  ->  Index Scan using sbtest1_pkey on sbtest1  (cost=0.43..421.06 rows=110 width=4)
	        Index Cond: ((id >= 9209232) AND (id <= 9209331))

table 2 : explain SELECT SUM(k) FROM sbtest2 WHERE id BETWEEN 2690777 AND 2690876
	Aggregate  (cost=396.16..396.17 rows=1 width=8)
	  ->  Index Scan using sbtest2_pkey on sbtest2  (cost=0.43..395.90 rows=103 width=4)
	        Index Cond: ((id >= 2690777) AND (id <= 2690876))

table 3 : explain SELECT SUM(k) FROM sbtest3 WHERE id BETWEEN 8106443 AND 8106542
	Aggregate  (cost=375.77..375.78 rows=1 width=8)
	  ->  Index Scan using sbtest3_pkey on sbtest3  (cost=0.43..375.53 rows=98 width=4)
	        Index Cond: ((id >= 8106443) AND (id <= 8106542))

table 4 : explain SELECT SUM(k) FROM sbtest4 WHERE id BETWEEN 5061153 AND 5061252
	Aggregate  (cost=335.54..335.55 rows=1 width=8)
	  ->  Index Scan using sbtest4_pkey on sbtest4  (cost=0.43..335.32 rows=88 width=4)
	        Index Cond: ((id >= 5061153) AND (id <= 5061252))

table 5 : explain SELECT SUM(k) FROM sbtest5 WHERE id BETWEEN 1582102 AND 1582201
	Aggregate  (cost=339.57..339.58 rows=1 width=8)
	  ->  Index Scan using sbtest5_pkey on sbtest5  (cost=0.43..339.34 rows=89 width=4)
	        Index Cond: ((id >= 1582102) AND (id <= 1582201))

table 6 : explain SELECT SUM(k) FROM sbtest6 WHERE id BETWEEN 4576955 AND 4577054
	Aggregate  (cost=388.96..388.97 rows=1 width=8)
	  ->  Index Scan using sbtest6_pkey on sbtest6  (cost=0.43..388.71 rows=102 width=4)
	        Index Cond: ((id >= 4576955) AND (id <= 4577054))

table 7 : explain SELECT SUM(k) FROM sbtest7 WHERE id BETWEEN 7070293 AND 7070392
	Aggregate  (cost=406.04..406.05 rows=1 width=8)
	  ->  Index Scan using sbtest7_pkey on sbtest7  (cost=0.43..405.77 rows=107 width=4)
	        Index Cond: ((id >= 7070293) AND (id <= 7070392))

table 8 : explain SELECT SUM(k) FROM sbtest8 WHERE id BETWEEN 8148999 AND 8149098
	Aggregate  (cost=363.28..363.29 rows=1 width=8)
	  ->  Index Scan using sbtest8_pkey on sbtest8  (cost=0.43..363.04 rows=95 width=4)
	        Index Cond: ((id >= 8148999) AND (id <= 8149098))

for: order_ranges
table 1 : explain SELECT c FROM sbtest1 WHERE id BETWEEN 1551443 AND 1551542 ORDER BY c
	Sort  (cost=394.19..394.44 rows=102 width=121)
	  Sort Key: c
	  ->  Index Scan using sbtest1_pkey on sbtest1  (cost=0.43..390.79 rows=102 width=121)
	        Index Cond: ((id >= 1551443) AND (id <= 1551542))

table 2 : explain SELECT c FROM sbtest2 WHERE id BETWEEN 9763582 AND 9763681 ORDER BY c
	Sort  (cost=357.08..357.31 rows=92 width=121)
	  Sort Key: c
	  ->  Index Scan using sbtest2_pkey on sbtest2  (cost=0.43..354.08 rows=92 width=121)
	        Index Cond: ((id >= 9763582) AND (id <= 9763681))

table 3 : explain SELECT c FROM sbtest3 WHERE id BETWEEN 7116662 AND 7116761 ORDER BY c
	Sort  (cost=401.71..401.97 rows=104 width=121)
	  Sort Key: c
	  ->  Index Scan using sbtest3_pkey on sbtest3  (cost=0.43..398.22 rows=104 width=121)
	        Index Cond: ((id >= 7116662) AND (id <= 7116761))

table 4 : explain SELECT c FROM sbtest4 WHERE id BETWEEN 1963995 AND 1964094 ORDER BY c
	Sort  (cost=391.36..391.62 rows=102 width=121)
	  Sort Key: c
	  ->  Index Scan using sbtest4_pkey on sbtest4  (cost=0.43..387.96 rows=102 width=121)
	        Index Cond: ((id >= 1963995) AND (id <= 1964094))

table 5 : explain SELECT c FROM sbtest5 WHERE id BETWEEN 3374262 AND 3374361 ORDER BY c
	Sort  (cost=437.27..437.56 rows=114 width=121)
	  Sort Key: c
	  ->  Index Scan using sbtest5_pkey on sbtest5  (cost=0.43..433.38 rows=114 width=121)
	        Index Cond: ((id >= 3374262) AND (id <= 3374361))

table 6 : explain SELECT c FROM sbtest6 WHERE id BETWEEN 7472403 AND 7472502 ORDER BY c
	Sort  (cost=399.72..399.98 rows=104 width=121)
	  Sort Key: c
	  ->  Index Scan using sbtest6_pkey on sbtest6  (cost=0.43..396.23 rows=104 width=121)
	        Index Cond: ((id >= 7472403) AND (id <= 7472502))

table 7 : explain SELECT c FROM sbtest7 WHERE id BETWEEN 5386653 AND 5386752 ORDER BY c
	Sort  (cost=416.95..417.23 rows=109 width=121)
	  Sort Key: c
	  ->  Index Scan using sbtest7_pkey on sbtest7  (cost=0.43..413.27 rows=109 width=121)
	        Index Cond: ((id >= 5386653) AND (id <= 5386752))

table 8 : explain SELECT c FROM sbtest8 WHERE id BETWEEN 5053664 AND 5053763 ORDER BY c
	Sort  (cost=392.84..393.09 rows=102 width=121)
	  Sort Key: c
	  ->  Index Scan using sbtest8_pkey on sbtest8  (cost=0.43..389.43 rows=102 width=121)
	        Index Cond: ((id >= 5053664) AND (id <= 5053763))

for: sum_ranges
table 1 : explain SELECT SUM(k) FROM sbtest1 WHERE id BETWEEN 2843495 AND 2843594
	Aggregate  (cost=425.12..425.13 rows=1 width=8)
	  ->  Index Scan using sbtest1_pkey on sbtest1  (cost=0.43..424.84 rows=111 width=4)
	        Index Cond: ((id >= 2843495) AND (id <= 2843594))

table 2 : explain SELECT SUM(k) FROM sbtest2 WHERE id BETWEEN 6669720 AND 6669819
	Aggregate  (cost=396.16..396.17 rows=1 width=8)
	  ->  Index Scan using sbtest2_pkey on sbtest2  (cost=0.43..395.90 rows=103 width=4)
	        Index Cond: ((id >= 6669720) AND (id <= 6669819))

table 3 : explain SELECT SUM(k) FROM sbtest3 WHERE id BETWEEN 5726835 AND 5726934
	Aggregate  (cost=379.56..379.57 rows=1 width=8)
	  ->  Index Scan using sbtest3_pkey on sbtest3  (cost=0.43..379.31 rows=99 width=4)
	        Index Cond: ((id >= 5726835) AND (id <= 5726934))

table 4 : explain SELECT SUM(k) FROM sbtest4 WHERE id BETWEEN 3815241 AND 3815340
	Aggregate  (cost=410.76..410.77 rows=1 width=8)
	  ->  Index Scan using sbtest4_pkey on sbtest4  (cost=0.43..410.49 rows=108 width=4)
	        Index Cond: ((id >= 3815241) AND (id <= 3815340))

table 5 : explain SELECT SUM(k) FROM sbtest5 WHERE id BETWEEN 3363926 AND 3364025
	Aggregate  (cost=433.66..433.67 rows=1 width=8)
	  ->  Index Scan using sbtest5_pkey on sbtest5  (cost=0.43..433.38 rows=114 width=4)
	        Index Cond: ((id >= 3363926) AND (id <= 3364025))

table 6 : explain SELECT SUM(k) FROM sbtest6 WHERE id BETWEEN 665517 AND 665616
	Aggregate  (cost=347.54..347.55 rows=1 width=8)
	  ->  Index Scan using sbtest6_pkey on sbtest6  (cost=0.43..347.31 rows=91 width=4)
	        Index Cond: ((id >= 665517) AND (id <= 665616))

table 7 : explain SELECT SUM(k) FROM sbtest7 WHERE id BETWEEN 9655899 AND 9655998
	Aggregate  (cost=432.28..432.29 rows=1 width=8)
	  ->  Index Scan using sbtest7_pkey on sbtest7  (cost=0.43..432.00 rows=114 width=4)
	        Index Cond: ((id >= 9655899) AND (id <= 9655998))

table 8 : explain SELECT SUM(k) FROM sbtest8 WHERE id BETWEEN 8220159 AND 8220258
	Aggregate  (cost=363.28..363.29 rows=1 width=8)
	  ->  Index Scan using sbtest8_pkey on sbtest8  (cost=0.43..363.04 rows=95 width=4)
	        Index Cond: ((id >= 8220159) AND (id <= 8220258))

explain: for point_selects :: explain SELECT c FROM sbtest%u WHERE id=%u
explain: for point_selects :: explain SELECT c FROM sbtest%u WHERE id=%u
for: simple_ranges
table 1 : explain SELECT c FROM sbtest1 WHERE id BETWEEN 7033986 AND 7034085
	Index Scan using sbtest1_pkey on sbtest1  (cost=0.43..341.54 rows=89 width=121)
	  Index Cond: ((id >= 7033986) AND (id <= 7034085))

table 2 : explain SELECT c FROM sbtest2 WHERE id BETWEEN 7338034 AND 7338133
	Index Scan using sbtest2_pkey on sbtest2  (cost=0.43..407.29 rows=106 width=121)
	  Index Cond: ((id >= 7338034) AND (id <= 7338133))

table 3 : explain SELECT c FROM sbtest3 WHERE id BETWEEN 5749781 AND 5749880
	Index Scan using sbtest3_pkey on sbtest3  (cost=0.43..379.31 rows=99 width=121)
	  Index Cond: ((id >= 5749781) AND (id <= 5749880))

table 4 : explain SELECT c FROM sbtest4 WHERE id BETWEEN 4738080 AND 4738179
	Index Scan using sbtest4_pkey on sbtest4  (cost=0.43..376.69 rows=99 width=121)
	  Index Cond: ((id >= 4738080) AND (id <= 4738179))

table 5 : explain SELECT c FROM sbtest5 WHERE id BETWEEN 2507604 AND 2507703
	Index Scan using sbtest5_pkey on sbtest5  (cost=0.43..392.03 rows=103 width=121)
	  Index Cond: ((id >= 2507604) AND (id <= 2507703))

table 6 : explain SELECT c FROM sbtest6 WHERE id BETWEEN 9524943 AND 9525042
	Index Scan using sbtest6_pkey on sbtest6  (cost=0.43..388.71 rows=102 width=121)
	  Index Cond: ((id >= 9524943) AND (id <= 9525042))

table 7 : explain SELECT c FROM sbtest7 WHERE id BETWEEN 1499493 AND 1499592
	Index Scan using sbtest7_pkey on sbtest7  (cost=0.43..413.27 rows=109 width=121)
	  Index Cond: ((id >= 1499493) AND (id <= 1499592))

table 8 : explain SELECT c FROM sbtest8 WHERE id BETWEEN 4185887 AND 4185986
	Index Scan using sbtest8_pkey on sbtest8  (cost=0.43..381.89 rows=100 width=121)
	  Index Cond: ((id >= 4185887) AND (id <= 4185986))

for: simple_ranges
table 1 : explain SELECT c FROM sbtest1 WHERE id BETWEEN 2043309 AND 2043408
	Index Scan using sbtest1_pkey on sbtest1  (cost=0.43..364.24 rows=95 width=121)
	  Index Cond: ((id >= 2043309) AND (id <= 2043408))

table 2 : explain SELECT c FROM sbtest2 WHERE id BETWEEN 4657463 AND 4657562
	Index Scan using sbtest2_pkey on sbtest2  (cost=0.43..373.12 rows=97 width=121)
	  Index Cond: ((id >= 4657463) AND (id <= 4657562))

table 3 : explain SELECT c FROM sbtest3 WHERE id BETWEEN 5668041 AND 5668140
	Index Scan using sbtest3_pkey on sbtest3  (cost=0.43..409.57 rows=107 width=121)
	  Index Cond: ((id >= 5668041) AND (id <= 5668140))

table 4 : explain SELECT c FROM sbtest4 WHERE id BETWEEN 4879882 AND 4879981
	Index Scan using sbtest4_pkey on sbtest4  (cost=0.43..395.47 rows=104 width=121)
	  Index Cond: ((id >= 4879882) AND (id <= 4879981))

table 5 : explain SELECT c FROM sbtest5 WHERE id BETWEEN 8357331 AND 8357430
	Index Scan using sbtest5_pkey on sbtest5  (cost=0.43..369.48 rows=97 width=121)
	  Index Cond: ((id >= 8357331) AND (id <= 8357430))

table 6 : explain SELECT c FROM sbtest6 WHERE id BETWEEN 6833558 AND 6833657
	Index Scan using sbtest6_pkey on sbtest6  (cost=0.43..396.23 rows=104 width=121)
	  Index Cond: ((id >= 6833558) AND (id <= 6833657))

table 7 : explain SELECT c FROM sbtest7 WHERE id BETWEEN 3755632 AND 3755731
	Index Scan using sbtest7_pkey on sbtest7  (cost=0.43..405.77 rows=107 width=121)
	  Index Cond: ((id >= 3755632) AND (id <= 3755731))

table 8 : explain SELECT c FROM sbtest8 WHERE id BETWEEN 7583438 AND 7583537
	Index Scan using sbtest8_pkey on sbtest8  (cost=0.43..344.19 rows=90 width=121)
	  Index Cond: ((id >= 7583438) AND (id <= 7583537))

for: simple_ranges
table 1 : explain SELECT c FROM sbtest1 WHERE id BETWEEN 1974142 AND 1974241
	Index Scan using sbtest1_pkey on sbtest1  (cost=0.43..417.27 rows=109 width=121)
	  Index Cond: ((id >= 1974142) AND (id <= 1974241))

table 2 : explain SELECT c FROM sbtest2 WHERE id BETWEEN 2418476 AND 2418575
	Index Scan using sbtest2_pkey on sbtest2  (cost=0.43..373.12 rows=97 width=121)
	  Index Cond: ((id >= 2418476) AND (id <= 2418575))

table 3 : explain SELECT c FROM sbtest3 WHERE id BETWEEN 9726267 AND 9726366
	Index Scan using sbtest3_pkey on sbtest3  (cost=0.43..356.56 rows=93 width=121)
	  Index Cond: ((id >= 9726267) AND (id <= 9726366))

table 4 : explain SELECT c FROM sbtest4 WHERE id BETWEEN 5423900 AND 5423999
	Index Scan using sbtest4_pkey on sbtest4  (cost=0.43..399.22 rows=105 width=121)
	  Index Cond: ((id >= 5423900) AND (id <= 5423999))

table 5 : explain SELECT c FROM sbtest5 WHERE id BETWEEN 390321 AND 390420
	Index Scan using sbtest5_pkey on sbtest5  (cost=0.43..418.34 rows=110 width=121)
	  Index Cond: ((id >= 390321) AND (id <= 390420))

table 6 : explain SELECT c FROM sbtest6 WHERE id BETWEEN 4930499 AND 4930598
	Index Scan using sbtest6_pkey on sbtest6  (cost=0.43..422.57 rows=111 width=121)
	  Index Cond: ((id >= 4930499) AND (id <= 4930598))

table 7 : explain SELECT c FROM sbtest7 WHERE id BETWEEN 3554175 AND 3554274
	Index Scan using sbtest7_pkey on sbtest7  (cost=0.43..398.28 rows=105 width=121)
	  Index Cond: ((id >= 3554175) AND (id <= 3554274))

table 8 : explain SELECT c FROM sbtest8 WHERE id BETWEEN 8645870 AND 8645969
	Index Scan using sbtest8_pkey on sbtest8  (cost=0.43..404.52 rows=106 width=121)
	  Index Cond: ((id >= 8645870) AND (id <= 8645969))

explain: for point_selects :: explain SELECT c FROM sbtest%u WHERE id=%u
for: sum_ranges
table 1 : explain SELECT SUM(k) FROM sbtest1 WHERE id BETWEEN 2874254 AND 2874353
	Aggregate  (cost=425.12..425.13 rows=1 width=8)
	  ->  Index Scan using sbtest1_pkey on sbtest1  (cost=0.43..424.84 rows=111 width=4)
	        Index Cond: ((id >= 2874254) AND (id <= 2874353))

table 2 : explain SELECT SUM(k) FROM sbtest2 WHERE id BETWEEN 625658 AND 625757
	Aggregate  (cost=384.76..384.77 rows=1 width=8)
	  ->  Index Scan using sbtest2_pkey on sbtest2  (cost=0.43..384.51 rows=100 width=4)
	        Index Cond: ((id >= 625658) AND (id <= 625757))

table 3 : explain SELECT SUM(k) FROM sbtest3 WHERE id BETWEEN 5861532 AND 5861631
	Aggregate  (cost=375.77..375.78 rows=1 width=8)
	  ->  Index Scan using sbtest3_pkey on sbtest3  (cost=0.43..375.53 rows=98 width=4)
	        Index Cond: ((id >= 5861532) AND (id <= 5861631))

table 4 : explain SELECT SUM(k) FROM sbtest4 WHERE id BETWEEN 723694 AND 723793
	Aggregate  (cost=410.76..410.77 rows=1 width=8)
	  ->  Index Scan using sbtest4_pkey on sbtest4  (cost=0.43..410.49 rows=108 width=4)
	        Index Cond: ((id >= 723694) AND (id <= 723793))

table 5 : explain SELECT SUM(k) FROM sbtest5 WHERE id BETWEEN 4328366 AND 4328465
	Aggregate  (cost=384.77..384.78 rows=1 width=8)
	  ->  Index Scan using sbtest5_pkey on sbtest5  (cost=0.43..384.51 rows=101 width=4)
	        Index Cond: ((id >= 4328366) AND (id <= 4328465))

table 6 : explain SELECT SUM(k) FROM sbtest6 WHERE id BETWEEN 3949383 AND 3949482
	Aggregate  (cost=411.55..411.56 rows=1 width=8)
	  ->  Index Scan using sbtest6_pkey on sbtest6  (cost=0.43..411.28 rows=108 width=4)
	        Index Cond: ((id >= 3949383) AND (id <= 3949482))

table 7 : explain SELECT SUM(k) FROM sbtest7 WHERE id BETWEEN 9221790 AND 9221889
	Aggregate  (cost=421.04..421.05 rows=1 width=8)
	  ->  Index Scan using sbtest7_pkey on sbtest7  (cost=0.43..420.76 rows=111 width=4)
	        Index Cond: ((id >= 9221790) AND (id <= 9221889))

table 8 : explain SELECT SUM(k) FROM sbtest8 WHERE id BETWEEN 7417935 AND 7418034
	Aggregate  (cost=389.69..389.70 rows=1 width=8)
	  ->  Index Scan using sbtest8_pkey on sbtest8  (cost=0.43..389.43 rows=102 width=4)
	        Index Cond: ((id >= 7417935) AND (id <= 7418034))

explain: for point_selects :: explain SELECT c FROM sbtest%u WHERE id=%u
for: order_ranges
table 1 : explain SELECT c FROM sbtest1 WHERE id BETWEEN 9429273 AND 9429372 ORDER BY c
	Sort  (cost=405.66..405.93 rows=105 width=121)
	  Sort Key: c
	  ->  Index Scan using sbtest1_pkey on sbtest1  (cost=0.43..402.14 rows=105 width=121)
	        Index Cond: ((id >= 9429273) AND (id <= 9429372))

table 2 : explain SELECT c FROM sbtest2 WHERE id BETWEEN 1499380 AND 1499479 ORDER BY c
	Sort  (cost=376.32..376.56 rows=97 width=121)
	  Sort Key: c
	  ->  Index Scan using sbtest2_pkey on sbtest2  (cost=0.43..373.12 rows=97 width=121)
	        Index Cond: ((id >= 1499380) AND (id <= 1499479))

table 3 : explain SELECT c FROM sbtest3 WHERE id BETWEEN 4688549 AND 4688648 ORDER BY c
	Sort  (cost=386.41..386.66 rows=100 width=121)
	  Sort Key: c
	  ->  Index Scan using sbtest3_pkey on sbtest3  (cost=0.43..383.09 rows=100 width=121)
	        Index Cond: ((id >= 4688549) AND (id <= 4688648))

table 4 : explain SELECT c FROM sbtest4 WHERE id BETWEEN 1241047 AND 1241146 ORDER BY c
	Sort  (cost=383.77..384.02 rows=100 width=121)
	  Sort Key: c
	  ->  Index Scan using sbtest4_pkey on sbtest4  (cost=0.43..380.45 rows=100 width=121)
	        Index Cond: ((id >= 1241047) AND (id <= 1241146))

table 5 : explain SELECT c FROM sbtest5 WHERE id BETWEEN 928319 AND 928418 ORDER BY c
	Sort  (cost=372.68..372.92 rows=97 width=121)
	  Sort Key: c
	  ->  Index Scan using sbtest5_pkey on sbtest5  (cost=0.43..369.48 rows=97 width=121)
	        Index Cond: ((id >= 928319) AND (id <= 928418))

table 6 : explain SELECT c FROM sbtest6 WHERE id BETWEEN 9165174 AND 9165273 ORDER BY c
	Sort  (cost=384.50..384.75 rows=100 width=121)
	  Sort Key: c
	  ->  Index Scan using sbtest6_pkey on sbtest6  (cost=0.43..381.18 rows=100 width=121)
	        Index Cond: ((id >= 9165174) AND (id <= 9165273))

table 7 : explain SELECT c FROM sbtest7 WHERE id BETWEEN 3622993 AND 3623092 ORDER BY c
	Sort  (cost=367.72..367.96 rows=96 width=121)
	  Sort Key: c
	  ->  Index Scan using sbtest7_pkey on sbtest7  (cost=0.43..364.56 rows=96 width=121)
	        Index Cond: ((id >= 3622993) AND (id <= 3623092))

table 8 : explain SELECT c FROM sbtest8 WHERE id BETWEEN 4525289 AND 4525388 ORDER BY c
	Sort  (cost=396.65..396.91 rows=103 width=121)
	  Sort Key: c
	  ->  Index Scan using sbtest8_pkey on sbtest8  (cost=0.43..393.21 rows=103 width=121)
	        Index Cond: ((id >= 4525289) AND (id <= 4525388))

explain: for point_selects :: explain SELECT c FROM sbtest%u WHERE id=%u
explain: for point_selects :: explain SELECT c FROM sbtest%u WHERE id=%u
explain: for point_selects :: explain SELECT c FROM sbtest%u WHERE id=%u
for: sum_ranges
table 1 : explain SELECT SUM(k) FROM sbtest1 WHERE id BETWEEN 9507794 AND 9507893
	Aggregate  (cost=425.12..425.13 rows=1 width=8)
	  ->  Index Scan using sbtest1_pkey on sbtest1  (cost=0.43..424.84 rows=111 width=4)
	        Index Cond: ((id >= 9507794) AND (id <= 9507893))

table 2 : explain SELECT SUM(k) FROM sbtest2 WHERE id BETWEEN 820198 AND 820297
	Aggregate  (cost=377.16..377.17 rows=1 width=8)
	  ->  Index Scan using sbtest2_pkey on sbtest2  (cost=0.43..376.91 rows=98 width=4)
	        Index Cond: ((id >= 820198) AND (id <= 820297))

table 3 : explain SELECT SUM(k) FROM sbtest3 WHERE id BETWEEN 3555283 AND 3555382
	Aggregate  (cost=390.91..390.92 rows=1 width=8)
	  ->  Index Scan using sbtest3_pkey on sbtest3  (cost=0.43..390.66 rows=102 width=4)
	        Index Cond: ((id >= 3555283) AND (id <= 3555382))

table 4 : explain SELECT SUM(k) FROM sbtest4 WHERE id BETWEEN 3938105 AND 3938204
	Aggregate  (cost=346.88..346.89 rows=1 width=8)
	  ->  Index Scan using sbtest4_pkey on sbtest4  (cost=0.43..346.65 rows=91 width=4)
	        Index Cond: ((id >= 3938105) AND (id <= 3938204))

table 5 : explain SELECT SUM(k) FROM sbtest5 WHERE id BETWEEN 3940553 AND 3940652
	Aggregate  (cost=365.96..365.97 rows=1 width=8)
	  ->  Index Scan using sbtest5_pkey on sbtest5  (cost=0.43..365.72 rows=96 width=4)
	        Index Cond: ((id >= 3940553) AND (id <= 3940652))

table 6 : explain SELECT SUM(k) FROM sbtest6 WHERE id BETWEEN 64333 AND 64432
	Aggregate  (cost=373.90..373.91 rows=1 width=8)
	  ->  Index Scan using sbtest6_pkey on sbtest6  (cost=0.43..373.65 rows=98 width=4)
	        Index Cond: ((id >= 64333) AND (id <= 64432))

table 7 : explain SELECT SUM(k) FROM sbtest7 WHERE id BETWEEN 1992771 AND 1992870
	Aggregate  (cost=357.31..357.32 rows=1 width=8)
	  ->  Index Scan using sbtest7_pkey on sbtest7  (cost=0.43..357.07 rows=94 width=4)
	        Index Cond: ((id >= 1992771) AND (id <= 1992870))

table 8 : explain SELECT SUM(k) FROM sbtest8 WHERE id BETWEEN 7921886 AND 7921985
	Aggregate  (cost=385.92..385.93 rows=1 width=8)
	  ->  Index Scan using sbtest8_pkey on sbtest8  (cost=0.43..385.66 rows=101 width=4)
	        Index Cond: ((id >= 7921886) AND (id <= 7921985))

explain: for point_selects :: explain SELECT c FROM sbtest%u WHERE id=%u
explain: for point_selects :: explain SELECT c FROM sbtest%u WHERE id=%u
for: sum_ranges
table 1 : explain SELECT SUM(k) FROM sbtest1 WHERE id BETWEEN 3051755 AND 3051854
	Aggregate  (cost=375.90..375.91 rows=1 width=8)
	  ->  Index Scan using sbtest1_pkey on sbtest1  (cost=0.43..375.65 rows=98 width=4)
	        Index Cond: ((id >= 3051755) AND (id <= 3051854))

table 2 : explain SELECT SUM(k) FROM sbtest2 WHERE id BETWEEN 6186875 AND 6186974
	Aggregate  (cost=403.75..403.76 rows=1 width=8)
	  ->  Index Scan using sbtest2_pkey on sbtest2  (cost=0.43..403.49 rows=105 width=4)
	        Index Cond: ((id >= 6186875) AND (id <= 6186974))

table 3 : explain SELECT SUM(k) FROM sbtest3 WHERE id BETWEEN 8855002 AND 8855101
	Aggregate  (cost=364.42..364.43 rows=1 width=8)
	  ->  Index Scan using sbtest3_pkey on sbtest3  (cost=0.43..364.18 rows=95 width=4)
	        Index Cond: ((id >= 8855002) AND (id <= 8855101))

table 4 : explain SELECT SUM(k) FROM sbtest4 WHERE id BETWEEN 4727114 AND 4727213
	Aggregate  (cost=376.94..376.95 rows=1 width=8)
	  ->  Index Scan using sbtest4_pkey on sbtest4  (cost=0.43..376.69 rows=99 width=4)
	        Index Cond: ((id >= 4727114) AND (id <= 4727213))

table 5 : explain SELECT SUM(k) FROM sbtest5 WHERE id BETWEEN 7377600 AND 7377699
	Aggregate  (cost=396.05..396.06 rows=1 width=8)
	  ->  Index Scan using sbtest5_pkey on sbtest5  (cost=0.43..395.79 rows=104 width=4)
	        Index Cond: ((id >= 7377600) AND (id <= 7377699))

table 6 : explain SELECT SUM(k) FROM sbtest6 WHERE id BETWEEN 2078051 AND 2078150
	Aggregate  (cost=373.90..373.91 rows=1 width=8)
	  ->  Index Scan using sbtest6_pkey on sbtest6  (cost=0.43..373.65 rows=98 width=4)
	        Index Cond: ((id >= 2078051) AND (id <= 2078150))

table 7 : explain SELECT SUM(k) FROM sbtest7 WHERE id BETWEEN 4791238 AND 4791337
	Aggregate  (cost=379.80..379.81 rows=1 width=8)
	  ->  Index Scan using sbtest7_pkey on sbtest7  (cost=0.43..379.55 rows=100 width=4)
	        Index Cond: ((id >= 4791238) AND (id <= 4791337))

table 8 : explain SELECT SUM(k) FROM sbtest8 WHERE id BETWEEN 9305535 AND 9305634
	Aggregate  (cost=367.05..367.06 rows=1 width=8)
	  ->  Index Scan using sbtest8_pkey on sbtest8  (cost=0.43..366.81 rows=96 width=4)
	        Index Cond: ((id >= 9305535) AND (id <= 9305634))

for: sum_ranges
table 1 : explain SELECT SUM(k) FROM sbtest1 WHERE id BETWEEN 7868608 AND 7868707
	Aggregate  (cost=364.48..364.49 rows=1 width=8)
	  ->  Index Scan using sbtest1_pkey on sbtest1  (cost=0.43..364.24 rows=95 width=4)
	        Index Cond: ((id >= 7868608) AND (id <= 7868707))

table 2 : explain SELECT SUM(k) FROM sbtest2 WHERE id BETWEEN 4300223 AND 4300322
	Aggregate  (cost=422.75..422.76 rows=1 width=8)
	  ->  Index Scan using sbtest2_pkey on sbtest2  (cost=0.43..422.48 rows=110 width=4)
	        Index Cond: ((id >= 4300223) AND (id <= 4300322))

table 3 : explain SELECT SUM(k) FROM sbtest3 WHERE id BETWEEN 8106554 AND 8106653
	Aggregate  (cost=375.77..375.78 rows=1 width=8)
	  ->  Index Scan using sbtest3_pkey on sbtest3  (cost=0.43..375.53 rows=98 width=4)
	        Index Cond: ((id >= 8106554) AND (id <= 8106653))

table 4 : explain SELECT SUM(k) FROM sbtest4 WHERE id BETWEEN 6388666 AND 6388765
	Aggregate  (cost=354.39..354.40 rows=1 width=8)
	  ->  Index Scan using sbtest4_pkey on sbtest4  (cost=0.43..354.16 rows=93 width=4)
	        Index Cond: ((id >= 6388666) AND (id <= 6388765))

table 5 : explain SELECT SUM(k) FROM sbtest5 WHERE id BETWEEN 7938256 AND 7938355
	Aggregate  (cost=396.05..396.06 rows=1 width=8)
	  ->  Index Scan using sbtest5_pkey on sbtest5  (cost=0.43..395.79 rows=104 width=4)
	        Index Cond: ((id >= 7938256) AND (id <= 7938355))

table 6 : explain SELECT SUM(k) FROM sbtest6 WHERE id BETWEEN 1313519 AND 1313618
	Aggregate  (cost=422.85..422.86 rows=1 width=8)
	  ->  Index Scan using sbtest6_pkey on sbtest6  (cost=0.43..422.57 rows=111 width=4)
	        Index Cond: ((id >= 1313519) AND (id <= 1313618))

table 7 : explain SELECT SUM(k) FROM sbtest7 WHERE id BETWEEN 7923412 AND 7923511
	Aggregate  (cost=357.31..357.32 rows=1 width=8)
	  ->  Index Scan using sbtest7_pkey on sbtest7  (cost=0.43..357.07 rows=94 width=4)
	        Index Cond: ((id >= 7923412) AND (id <= 7923511))

table 8 : explain SELECT SUM(k) FROM sbtest8 WHERE id BETWEEN 1966421 AND 1966520
	Aggregate  (cost=385.92..385.93 rows=1 width=8)
	  ->  Index Scan using sbtest8_pkey on sbtest8  (cost=0.43..385.66 rows=101 width=4)
	        Index Cond: ((id >= 1966421) AND (id <= 1966520))

for point_selects
table 1 : explain SELECT c FROM sbtest1 WHERE id=3109426
	Index Scan using sbtest1_pkey on sbtest1  (cost=0.43..8.45 rows=1 width=121)
	  Index Cond: (id = 3109426)

table 2 : explain SELECT c FROM sbtest2 WHERE id=7796383
	Index Scan using sbtest2_pkey on sbtest2  (cost=0.43..8.45 rows=1 width=121)
	  Index Cond: (id = 7796383)

table 3 : explain SELECT c FROM sbtest3 WHERE id=4309065
	Index Scan using sbtest3_pkey on sbtest3  (cost=0.43..8.45 rows=1 width=121)
	  Index Cond: (id = 4309065)

table 4 : explain SELECT c FROM sbtest4 WHERE id=23639
	Index Scan using sbtest4_pkey on sbtest4  (cost=0.43..8.45 rows=1 width=121)
	  Index Cond: (id = 23639)

table 5 : explain SELECT c FROM sbtest5 WHERE id=1082306
	Index Scan using sbtest5_pkey on sbtest5  (cost=0.43..8.45 rows=1 width=121)
	  Index Cond: (id = 1082306)

table 6 : explain SELECT c FROM sbtest6 WHERE id=8667445
	Index Scan using sbtest6_pkey on sbtest6  (cost=0.43..8.45 rows=1 width=121)
	  Index Cond: (id = 8667445)

table 7 : explain SELECT c FROM sbtest7 WHERE id=4251037
	Index Scan using sbtest7_pkey on sbtest7  (cost=0.43..8.45 rows=1 width=121)
	  Index Cond: (id = 4251037)

table 8 : explain SELECT c FROM sbtest8 WHERE id=4274500
	Index Scan using sbtest8_pkey on sbtest8  (cost=0.43..8.45 rows=1 width=121)
	  Index Cond: (id = 4274500)

for: distinct_ranges
table 1 : explain SELECT DISTINCT c FROM sbtest1 WHERE id BETWEEN 4928347 AND 4928446 ORDER BY c
	Unique  (cost=355.89..356.35 rows=92 width=121)
	  ->  Sort  (cost=355.89..356.12 rows=92 width=121)
	        Sort Key: c
	        ->  Index Scan using sbtest1_pkey on sbtest1  (cost=0.43..352.89 rows=92 width=121)
	              Index Cond: ((id >= 4928347) AND (id <= 4928446))

table 2 : explain SELECT DISTINCT c FROM sbtest2 WHERE id BETWEEN 4095183 AND 4095282 ORDER BY c
	Unique  (cost=372.48..372.96 rows=96 width=121)
	  ->  Sort  (cost=372.48..372.72 rows=96 width=121)
	        Sort Key: c
	        ->  Index Scan using sbtest2_pkey on sbtest2  (cost=0.43..369.32 rows=96 width=121)
	              Index Cond: ((id >= 4095183) AND (id <= 4095282))

table 3 : explain SELECT DISTINCT c FROM sbtest3 WHERE id BETWEEN 5766297 AND 5766396 ORDER BY c
	Unique  (cost=382.59..383.09 rows=99 width=121)
	  ->  Sort  (cost=382.59..382.84 rows=99 width=121)
	        Sort Key: c
	        ->  Index Scan using sbtest3_pkey on sbtest3  (cost=0.43..379.31 rows=99 width=121)
	              Index Cond: ((id >= 5766297) AND (id <= 5766396))

table 4 : explain SELECT DISTINCT c FROM sbtest4 WHERE id BETWEEN 1179556 AND 1179655 ORDER BY c
	Unique  (cost=383.77..384.27 rows=100 width=121)
	  ->  Sort  (cost=383.77..384.02 rows=100 width=121)
	        Sort Key: c
	        ->  Index Scan using sbtest4_pkey on sbtest4  (cost=0.43..380.45 rows=100 width=121)
	              Index Cond: ((id >= 1179556) AND (id <= 1179655))

table 5 : explain SELECT DISTINCT c FROM sbtest5 WHERE id BETWEEN 247054 AND 247153 ORDER BY c
	Unique  (cost=380.28..380.77 rows=99 width=121)
	  ->  Sort  (cost=380.28..380.53 rows=99 width=121)
	        Sort Key: c
	        ->  Index Scan using sbtest5_pkey on sbtest5  (cost=0.43..377.00 rows=99 width=121)
	              Index Cond: ((id >= 247054) AND (id <= 247153))

table 6 : explain SELECT DISTINCT c FROM sbtest6 WHERE id BETWEEN 7100745 AND 7100844 ORDER BY c
	Unique  (cost=392.11..392.62 rows=102 width=121)
	  ->  Sort  (cost=392.11..392.36 rows=102 width=121)
	        Sort Key: c
	        ->  Index Scan using sbtest6_pkey on sbtest6  (cost=0.43..388.71 rows=102 width=121)
	              Index Cond: ((id >= 7100745) AND (id <= 7100844))

table 7 : explain SELECT DISTINCT c FROM sbtest7 WHERE id BETWEEN 3755486 AND 3755585 ORDER BY c
	Unique  (cost=409.38..409.91 rows=107 width=121)
	  ->  Sort  (cost=409.38..409.65 rows=107 width=121)
	        Sort Key: c
	        ->  Index Scan using sbtest7_pkey on sbtest7  (cost=0.43..405.77 rows=107 width=121)
	              Index Cond: ((id >= 3755486) AND (id <= 3755585))

table 8 : explain SELECT DISTINCT c FROM sbtest8 WHERE id BETWEEN 163641 AND 163740 ORDER BY c
	Unique  (cost=423.33..423.88 rows=110 width=121)
	  ->  Sort  (cost=423.33..423.60 rows=110 width=121)
	        Sort Key: c
	        ->  Index Scan using sbtest8_pkey on sbtest8  (cost=0.43..419.60 rows=110 width=121)
	              Index Cond: ((id >= 163641) AND (id <= 163740))

for: order_ranges
table 1 : explain SELECT c FROM sbtest1 WHERE id BETWEEN 947601 AND 947700 ORDER BY c
	Sort  (cost=375.01..375.25 rows=97 width=121)
	  Sort Key: c
	  ->  Index Scan using sbtest1_pkey on sbtest1  (cost=0.43..371.81 rows=97 width=121)
	        Index Cond: ((id >= 947601) AND (id <= 947700))

table 2 : explain SELECT c FROM sbtest2 WHERE id BETWEEN 9001473 AND 9001572 ORDER BY c
	Sort  (cost=349.41..349.63 rows=90 width=121)
	  Sort Key: c
	  ->  Index Scan using sbtest2_pkey on sbtest2  (cost=0.43..346.48 rows=90 width=121)
	        Index Cond: ((id >= 9001473) AND (id <= 9001572))

table 3 : explain SELECT c FROM sbtest3 WHERE id BETWEEN 1113652 AND 1113751 ORDER BY c
	Sort  (cost=378.77..379.01 rows=98 width=121)
	  Sort Key: c
	  ->  Index Scan using sbtest3_pkey on sbtest3  (cost=0.43..375.53 rows=98 width=121)
	        Index Cond: ((id >= 1113652) AND (id <= 1113751))

table 4 : explain SELECT c FROM sbtest4 WHERE id BETWEEN 502616 AND 502715 ORDER BY c
	Sort  (cost=421.73..422.01 rows=110 width=121)
	  Sort Key: c
	  ->  Index Scan using sbtest4_pkey on sbtest4  (cost=0.43..418.00 rows=110 width=121)
	        Index Cond: ((id >= 502616) AND (id <= 502715))

table 5 : explain SELECT c FROM sbtest5 WHERE id BETWEEN 2945202 AND 2945301 ORDER BY c
	Sort  (cost=365.08..365.32 rows=95 width=121)
	  Sort Key: c
	  ->  Index Scan using sbtest5_pkey on sbtest5  (cost=0.43..361.96 rows=95 width=121)
	        Index Cond: ((id >= 2945202) AND (id <= 2945301))

table 6 : explain SELECT c FROM sbtest6 WHERE id BETWEEN 4033515 AND 4033614 ORDER BY c
	Sort  (cost=384.50..384.75 rows=100 width=121)
	  Sort Key: c
	  ->  Index Scan using sbtest6_pkey on sbtest6  (cost=0.43..381.18 rows=100 width=121)
	        Index Cond: ((id >= 4033515) AND (id <= 4033614))

table 7 : explain SELECT c FROM sbtest7 WHERE id BETWEEN 7029774 AND 7029873 ORDER BY c
	Sort  (cost=375.30..375.54 rows=98 width=121)
	  Sort Key: c
	  ->  Index Scan using sbtest7_pkey on sbtest7  (cost=0.43..372.06 rows=98 width=121)
	        Index Cond: ((id >= 7029774) AND (id <= 7029873))

table 8 : explain SELECT c FROM sbtest8 WHERE id BETWEEN 987326 AND 987425 ORDER BY c
	Sort  (cost=389.03..389.28 rows=101 width=121)
	  Sort Key: c
	  ->  Index Scan using sbtest8_pkey on sbtest8  (cost=0.43..385.66 rows=101 width=121)
	        Index Cond: ((id >= 987326) AND (id <= 987425))

for: distinct_ranges
table 1 : explain SELECT DISTINCT c FROM sbtest1 WHERE id BETWEEN 3669829 AND 3669928 ORDER BY c
	Unique  (cost=394.19..394.70 rows=102 width=121)
	  ->  Sort  (cost=394.19..394.44 rows=102 width=121)
	        Sort Key: c
	        ->  Index Scan using sbtest1_pkey on sbtest1  (cost=0.43..390.79 rows=102 width=121)
	              Index Cond: ((id >= 3669829) AND (id <= 3669928))

table 2 : explain SELECT DISTINCT c FROM sbtest2 WHERE id BETWEEN 8976222 AND 8976321 ORDER BY c
	Unique  (cost=395.50..396.01 rows=102 width=121)
	  ->  Sort  (cost=395.50..395.76 rows=102 width=121)
	        Sort Key: c
	        ->  Index Scan using sbtest2_pkey on sbtest2  (cost=0.43..392.10 rows=102 width=121)
	              Index Cond: ((id >= 8976222) AND (id <= 8976321))

table 3 : explain SELECT DISTINCT c FROM sbtest3 WHERE id BETWEEN 500106 AND 500205 ORDER BY c
	Unique  (cost=363.48..363.95 rows=94 width=121)
	  ->  Sort  (cost=363.48..363.71 rows=94 width=121)
	        Sort Key: c
	        ->  Index Scan using sbtest3_pkey on sbtest3  (cost=0.43..360.40 rows=94 width=121)
	              Index Cond: ((id >= 500106) AND (id <= 500205))

table 4 : explain SELECT DISTINCT c FROM sbtest4 WHERE id BETWEEN 3475558 AND 3475657 ORDER BY c
	Unique  (cost=383.77..384.27 rows=100 width=121)
	  ->  Sort  (cost=383.77..384.02 rows=100 width=121)
	        Sort Key: c
	        ->  Index Scan using sbtest4_pkey on sbtest4  (cost=0.43..380.45 rows=100 width=121)
	              Index Cond: ((id >= 3475558) AND (id <= 3475657))

table 5 : explain SELECT DISTINCT c FROM sbtest5 WHERE id BETWEEN 6198521 AND 6198620 ORDER BY c
	Unique  (cost=406.87..407.40 rows=106 width=121)
	  ->  Sort  (cost=406.87..407.14 rows=106 width=121)
	        Sort Key: c
	        ->  Index Scan using sbtest5_pkey on sbtest5  (cost=0.43..403.31 rows=106 width=121)
	              Index Cond: ((id >= 6198521) AND (id <= 6198620))

table 6 : explain SELECT DISTINCT c FROM sbtest6 WHERE id BETWEEN 4884434 AND 4884533 ORDER BY c
	Unique  (cost=426.34..426.90 rows=111 width=121)
	  ->  Sort  (cost=426.34..426.62 rows=111 width=121)
	        Sort Key: c
	        ->  Index Scan using sbtest6_pkey on sbtest6  (cost=0.43..422.57 rows=111 width=121)
	              Index Cond: ((id >= 4884434) AND (id <= 4884533))

table 7 : explain SELECT DISTINCT c FROM sbtest7 WHERE id BETWEEN 8068542 AND 8068641 ORDER BY c
	Unique  (cost=394.23..394.75 rows=103 width=121)
	  ->  Sort  (cost=394.23..394.49 rows=103 width=121)
	        Sort Key: c
	        ->  Index Scan using sbtest7_pkey on sbtest7  (cost=0.43..390.79 rows=103 width=121)
	              Index Cond: ((id >= 8068542) AND (id <= 8068641))

table 8 : explain SELECT DISTINCT c FROM sbtest8 WHERE id BETWEEN 1083970 AND 1084069 ORDER BY c
	Unique  (cost=366.16..366.64 rows=95 width=121)
	  ->  Sort  (cost=366.16..366.40 rows=95 width=121)
	        Sort Key: c
	        ->  Index Scan using sbtest8_pkey on sbtest8  (cost=0.43..363.04 rows=95 width=121)
	              Index Cond: ((id >= 1083970) AND (id <= 1084069))

explain: for index_updates :: explain UPDATE sbtest%u SET k=k+1 WHERE id=%u
for: order_ranges
table 1 : explain SELECT c FROM sbtest1 WHERE id BETWEEN 8754313 AND 8754412 ORDER BY c
	Sort  (cost=405.66..405.93 rows=105 width=121)
	  Sort Key: c
	  ->  Index Scan using sbtest1_pkey on sbtest1  (cost=0.43..402.14 rows=105 width=121)
	        Index Cond: ((id >= 8754313) AND (id <= 8754412))

table 2 : explain SELECT c FROM sbtest2 WHERE id BETWEEN 5321137 AND 5321236 ORDER BY c
	Sort  (cost=383.99..384.24 rows=99 width=121)
	  Sort Key: c
	  ->  Index Scan using sbtest2_pkey on sbtest2  (cost=0.43..380.71 rows=99 width=121)
	        Index Cond: ((id >= 5321137) AND (id <= 5321236))

table 3 : explain SELECT c FROM sbtest3 WHERE id BETWEEN 5305732 AND 5305831 ORDER BY c
	Sort  (cost=332.84..333.06 rows=86 width=121)
	  Sort Key: c
	  ->  Index Scan using sbtest3_pkey on sbtest3  (cost=0.43..330.08 rows=86 width=121)
	        Index Cond: ((id >= 5305732) AND (id <= 5305831))

table 4 : explain SELECT c FROM sbtest4 WHERE id BETWEEN 6342095 AND 6342194 ORDER BY c
	Sort  (cost=357.20..357.43 rows=93 width=121)
	  Sort Key: c
	  ->  Index Scan using sbtest4_pkey on sbtest4  (cost=0.43..354.16 rows=93 width=121)
	        Index Cond: ((id >= 6342095) AND (id <= 6342194))

table 5 : explain SELECT c FROM sbtest5 WHERE id BETWEEN 3907540 AND 3907639 ORDER BY c
	Sort  (cost=357.49..357.72 rows=93 width=121)
	  Sort Key: c
	  ->  Index Scan using sbtest5_pkey on sbtest5  (cost=0.43..354.44 rows=93 width=121)
	        Index Cond: ((id >= 3907540) AND (id <= 3907639))

table 6 : explain SELECT c FROM sbtest6 WHERE id BETWEEN 6627563 AND 6627662 ORDER BY c
	Sort  (cost=373.09..373.34 rows=97 width=121)
	  Sort Key: c
	  ->  Index Scan using sbtest6_pkey on sbtest6  (cost=0.43..369.89 rows=97 width=121)
	        Index Cond: ((id >= 6627563) AND (id <= 6627662))

table 7 : explain SELECT c FROM sbtest7 WHERE id BETWEEN 8855897 AND 8855996 ORDER BY c
	Sort  (cost=394.23..394.49 rows=103 width=121)
	  Sort Key: c
	  ->  Index Scan using sbtest7_pkey on sbtest7  (cost=0.43..390.79 rows=103 width=121)
	        Index Cond: ((id >= 8855897) AND (id <= 8855996))

table 8 : explain SELECT c FROM sbtest8 WHERE id BETWEEN 7897596 AND 7897695 ORDER BY c
	Sort  (cost=400.46..400.72 rows=104 width=121)
	  Sort Key: c
	  ->  Index Scan using sbtest8_pkey on sbtest8  (cost=0.43..396.98 rows=104 width=121)
	        Index Cond: ((id >= 7897596) AND (id <= 7897695))

for point_selects
table 1 : explain SELECT c FROM sbtest1 WHERE id=8826388
	Index Scan using sbtest1_pkey on sbtest1  (cost=0.43..8.45 rows=1 width=121)
	  Index Cond: (id = 8826388)

table 2 : explain SELECT c FROM sbtest2 WHERE id=6798573
	Index Scan using sbtest2_pkey on sbtest2  (cost=0.43..8.45 rows=1 width=121)
	  Index Cond: (id = 6798573)

table 3 : explain SELECT c FROM sbtest3 WHERE id=4127443
	Index Scan using sbtest3_pkey on sbtest3  (cost=0.43..8.45 rows=1 width=121)
	  Index Cond: (id = 4127443)

table 4 : explain SELECT c FROM sbtest4 WHERE id=7962124
	Index Scan using sbtest4_pkey on sbtest4  (cost=0.43..8.45 rows=1 width=121)
	  Index Cond: (id = 7962124)

table 5 : explain SELECT c FROM sbtest5 WHERE id=6086321
	Index Scan using sbtest5_pkey on sbtest5  (cost=0.43..8.45 rows=1 width=121)
	  Index Cond: (id = 6086321)

table 6 : explain SELECT c FROM sbtest6 WHERE id=4815811
	Index Scan using sbtest6_pkey on sbtest6  (cost=0.43..8.45 rows=1 width=121)
	  Index Cond: (id = 4815811)

table 7 : explain SELECT c FROM sbtest7 WHERE id=7133109
	Index Scan using sbtest7_pkey on sbtest7  (cost=0.43..8.45 rows=1 width=121)
	  Index Cond: (id = 7133109)

table 8 : explain SELECT c FROM sbtest8 WHERE id=481850
	Index Scan using sbtest8_pkey on sbtest8  (cost=0.43..8.45 rows=1 width=121)
	  Index Cond: (id = 481850)

explain: for index_updates :: explain UPDATE sbtest%u SET k=k+1 WHERE id=%u
for: simple_ranges
table 1 : explain SELECT c FROM sbtest1 WHERE id BETWEEN 403950 AND 404049
	Index Scan using sbtest1_pkey on sbtest1  (cost=0.43..375.65 rows=98 width=121)
	  Index Cond: ((id >= 403950) AND (id <= 404049))

table 2 : explain SELECT c FROM sbtest2 WHERE id BETWEEN 6510431 AND 6510530
	Index Scan using sbtest2_pkey on sbtest2  (cost=0.43..388.31 rows=101 width=121)
	  Index Cond: ((id >= 6510431) AND (id <= 6510530))

table 3 : explain SELECT c FROM sbtest3 WHERE id BETWEEN 5517122 AND 5517221
	Index Scan using sbtest3_pkey on sbtest3  (cost=0.43..383.09 rows=100 width=121)
	  Index Cond: ((id >= 5517122) AND (id <= 5517221))

table 4 : explain SELECT c FROM sbtest4 WHERE id BETWEEN 3610685 AND 3610784
	Index Scan using sbtest4_pkey on sbtest4  (cost=0.43..399.22 rows=105 width=121)
	  Index Cond: ((id >= 3610685) AND (id <= 3610784))

table 5 : explain SELECT c FROM sbtest5 WHERE id BETWEEN 5502325 AND 5502424
	Index Scan using sbtest5_pkey on sbtest5  (cost=0.43..365.72 rows=96 width=121)
	  Index Cond: ((id >= 5502325) AND (id <= 5502424))

table 6 : explain SELECT c FROM sbtest6 WHERE id BETWEEN 574072 AND 574171
	Index Scan using sbtest6_pkey on sbtest6  (cost=0.43..366.13 rows=96 width=121)
	  Index Cond: ((id >= 574072) AND (id <= 574171))

table 7 : explain SELECT c FROM sbtest7 WHERE id BETWEEN 5230105 AND 5230204
	Index Scan using sbtest7_pkey on sbtest7  (cost=0.43..364.56 rows=96 width=121)
	  Index Cond: ((id >= 5230105) AND (id <= 5230204))

table 8 : explain SELECT c FROM sbtest8 WHERE id BETWEEN 7729780 AND 7729879
	Index Scan using sbtest8_pkey on sbtest8  (cost=0.43..442.22 rows=116 width=121)
	  Index Cond: ((id >= 7729780) AND (id <= 7729879))

for: order_ranges
table 1 : explain SELECT c FROM sbtest1 WHERE id BETWEEN 1318335 AND 1318434 ORDER BY c
	Sort  (cost=348.24..348.47 rows=90 width=121)
	  Sort Key: c
	  ->  Index Scan using sbtest1_pkey on sbtest1  (cost=0.43..345.32 rows=90 width=121)
	        Index Cond: ((id >= 1318335) AND (id <= 1318434))

table 2 : explain SELECT c FROM sbtest2 WHERE id BETWEEN 3858437 AND 3858536 ORDER BY c
	Sort  (cost=380.16..380.40 rows=98 width=121)
	  Sort Key: c
	  ->  Index Scan using sbtest2_pkey on sbtest2  (cost=0.43..376.91 rows=98 width=121)
	        Index Cond: ((id >= 3858437) AND (id <= 3858536))

table 3 : explain SELECT c FROM sbtest3 WHERE id BETWEEN 6989039 AND 6989138 ORDER BY c
	Sort  (cost=401.71..401.97 rows=104 width=121)
	  Sort Key: c
	  ->  Index Scan using sbtest3_pkey on sbtest3  (cost=0.43..398.22 rows=104 width=121)
	        Index Cond: ((id >= 6989039) AND (id <= 6989138))

table 4 : explain SELECT c FROM sbtest4 WHERE id BETWEEN 7099592 AND 7099691 ORDER BY c
	Sort  (cost=357.20..357.43 rows=93 width=121)
	  Sort Key: c
	  ->  Index Scan using sbtest4_pkey on sbtest4  (cost=0.43..354.16 rows=93 width=121)
	        Index Cond: ((id >= 7099592) AND (id <= 7099691))

table 5 : explain SELECT c FROM sbtest5 WHERE id BETWEEN 8764309 AND 8764408 ORDER BY c
	Sort  (cost=403.07..403.34 rows=105 width=121)
	  Sort Key: c
	  ->  Index Scan using sbtest5_pkey on sbtest5  (cost=0.43..399.55 rows=105 width=121)
	        Index Cond: ((id >= 8764309) AND (id <= 8764408))

table 6 : explain SELECT c FROM sbtest6 WHERE id BETWEEN 9621224 AND 9621323 ORDER BY c
	Sort  (cost=388.31..388.56 rows=101 width=121)
	  Sort Key: c
	  ->  Index Scan using sbtest6_pkey on sbtest6  (cost=0.43..384.94 rows=101 width=121)
	        Index Cond: ((id >= 9621224) AND (id <= 9621323))

table 7 : explain SELECT c FROM sbtest7 WHERE id BETWEEN 4969234 AND 4969333 ORDER BY c
	Sort  (cost=367.72..367.96 rows=96 width=121)
	  Sort Key: c
	  ->  Index Scan using sbtest7_pkey on sbtest7  (cost=0.43..364.56 rows=96 width=121)
	        Index Cond: ((id >= 4969234) AND (id <= 4969333))

table 8 : explain SELECT c FROM sbtest8 WHERE id BETWEEN 4611667 AND 4611766 ORDER BY c
	Sort  (cost=404.27..404.53 rows=105 width=121)
	  Sort Key: c
	  ->  Index Scan using sbtest8_pkey on sbtest8  (cost=0.43..400.75 rows=105 width=121)
	        Index Cond: ((id >= 4611667) AND (id <= 4611766))

for point_selects
table 1 : explain SELECT c FROM sbtest1 WHERE id=1310987
	Index Scan using sbtest1_pkey on sbtest1  (cost=0.43..8.45 rows=1 width=121)
	  Index Cond: (id = 1310987)

table 2 : explain SELECT c FROM sbtest2 WHERE id=2398986
	Index Scan using sbtest2_pkey on sbtest2  (cost=0.43..8.45 rows=1 width=121)
	  Index Cond: (id = 2398986)

table 3 : explain SELECT c FROM sbtest3 WHERE id=549526
	Index Scan using sbtest3_pkey on sbtest3  (cost=0.43..8.45 rows=1 width=121)
	  Index Cond: (id = 549526)

table 4 : explain SELECT c FROM sbtest4 WHERE id=3186526
	Index Scan using sbtest4_pkey on sbtest4  (cost=0.43..8.45 rows=1 width=121)
	  Index Cond: (id = 3186526)

table 5 : explain SELECT c FROM sbtest5 WHERE id=7545859
	Index Scan using sbtest5_pkey on sbtest5  (cost=0.43..8.45 rows=1 width=121)
	  Index Cond: (id = 7545859)

table 6 : explain SELECT c FROM sbtest6 WHERE id=3020591
	Index Scan using sbtest6_pkey on sbtest6  (cost=0.43..8.45 rows=1 width=121)
	  Index Cond: (id = 3020591)

table 7 : explain SELECT c FROM sbtest7 WHERE id=4293414
	Index Scan using sbtest7_pkey on sbtest7  (cost=0.43..8.45 rows=1 width=121)
	  Index Cond: (id = 4293414)

table 8 : explain SELECT c FROM sbtest8 WHERE id=912713
	Index Scan using sbtest8_pkey on sbtest8  (cost=0.43..8.45 rows=1 width=121)
	  Index Cond: (id = 912713)

for: distinct_ranges
table 1 : explain SELECT DISTINCT c FROM sbtest1 WHERE id BETWEEN 8717902 AND 8718001 ORDER BY c
	Unique  (cost=405.66..406.19 rows=105 width=121)
	  ->  Sort  (cost=405.66..405.93 rows=105 width=121)
	        Sort Key: c
	        ->  Index Scan using sbtest1_pkey on sbtest1  (cost=0.43..402.14 rows=105 width=121)
	              Index Cond: ((id >= 8717902) AND (id <= 8718001))

table 2 : explain SELECT DISTINCT c FROM sbtest2 WHERE id BETWEEN 1428434 AND 1428533 ORDER BY c
	Unique  (cost=376.32..376.80 rows=97 width=121)
	  ->  Sort  (cost=376.32..376.56 rows=97 width=121)
	        Sort Key: c
	        ->  Index Scan using sbtest2_pkey on sbtest2  (cost=0.43..373.12 rows=97 width=121)
	              Index Cond: ((id >= 1428434) AND (id <= 1428533))

table 3 : explain SELECT DISTINCT c FROM sbtest3 WHERE id BETWEEN 4066075 AND 4066174 ORDER BY c
	Unique  (cost=386.41..386.91 rows=100 width=121)
	  ->  Sort  (cost=386.41..386.66 rows=100 width=121)
	        Sort Key: c
	        ->  Index Scan using sbtest3_pkey on sbtest3  (cost=0.43..383.09 rows=100 width=121)
	              Index Cond: ((id >= 4066075) AND (id <= 4066174))

table 4 : explain SELECT DISTINCT c FROM sbtest4 WHERE id BETWEEN 5680860 AND 5680959 ORDER BY c
	Unique  (cost=345.81..346.26 rows=90 width=121)
	  ->  Sort  (cost=345.81..346.04 rows=90 width=121)
	        Sort Key: c
	        ->  Index Scan using sbtest4_pkey on sbtest4  (cost=0.43..342.89 rows=90 width=121)
	              Index Cond: ((id >= 5680860) AND (id <= 5680959))

table 5 : explain SELECT DISTINCT c FROM sbtest5 WHERE id BETWEEN 6320488 AND 6320587 ORDER BY c
	Unique  (cost=365.08..365.56 rows=95 width=121)
	  ->  Sort  (cost=365.08..365.32 rows=95 width=121)
	        Sort Key: c
	        ->  Index Scan using sbtest5_pkey on sbtest5  (cost=0.43..361.96 rows=95 width=121)
	              Index Cond: ((id >= 6320488) AND (id <= 6320587))

table 6 : explain SELECT DISTINCT c FROM sbtest6 WHERE id BETWEEN 1291078 AND 1291177 ORDER BY c
	Unique  (cost=376.90..377.39 rows=98 width=121)
	  ->  Sort  (cost=376.90..377.14 rows=98 width=121)
	        Sort Key: c
	        ->  Index Scan using sbtest6_pkey on sbtest6  (cost=0.43..373.65 rows=98 width=121)
	              Index Cond: ((id >= 1291078) AND (id <= 1291177))

table 7 : explain SELECT DISTINCT c FROM sbtest7 WHERE id BETWEEN 8152688 AND 8152787 ORDER BY c
	Unique  (cost=398.02..398.54 rows=104 width=121)
	  ->  Sort  (cost=398.02..398.28 rows=104 width=121)
	        Sort Key: c
	        ->  Index Scan using sbtest7_pkey on sbtest7  (cost=0.43..394.53 rows=104 width=121)
	              Index Cond: ((id >= 8152688) AND (id <= 8152787))

table 8 : explain SELECT DISTINCT c FROM sbtest8 WHERE id BETWEEN 9998502 AND 9998601 ORDER BY c
	Unique  (cost=381.41..381.90 rows=99 width=121)
	  ->  Sort  (cost=381.41..381.65 rows=99 width=121)
	        Sort Key: c
	        ->  Index Scan using sbtest8_pkey on sbtest8  (cost=0.43..378.12 rows=99 width=121)
	              Index Cond: ((id >= 9998502) AND (id <= 9998601))

for point_selects
table 1 : explain SELECT c FROM sbtest1 WHERE id=5083663
	Index Scan using sbtest1_pkey on sbtest1  (cost=0.43..8.45 rows=1 width=121)
	  Index Cond: (id = 5083663)

table 2 : explain SELECT c FROM sbtest2 WHERE id=4472749
	Index Scan using sbtest2_pkey on sbtest2  (cost=0.43..8.45 rows=1 width=121)
	  Index Cond: (id = 4472749)

table 3 : explain SELECT c FROM sbtest3 WHERE id=2522549
	Index Scan using sbtest3_pkey on sbtest3  (cost=0.43..8.45 rows=1 width=121)
	  Index Cond: (id = 2522549)

table 4 : explain SELECT c FROM sbtest4 WHERE id=2789252
	Index Scan using sbtest4_pkey on sbtest4  (cost=0.43..8.45 rows=1 width=121)
	  Index Cond: (id = 2789252)

table 5 : explain SELECT c FROM sbtest5 WHERE id=7912216
	Index Scan using sbtest5_pkey on sbtest5  (cost=0.43..8.45 rows=1 width=121)
	  Index Cond: (id = 7912216)

table 6 : explain SELECT c FROM sbtest6 WHERE id=6254252
	Index Scan using sbtest6_pkey on sbtest6  (cost=0.43..8.45 rows=1 width=121)
	  Index Cond: (id = 6254252)

table 7 : explain SELECT c FROM sbtest7 WHERE id=3738245
	Index Scan using sbtest7_pkey on sbtest7  (cost=0.43..8.45 rows=1 width=121)
	  Index Cond: (id = 3738245)

table 8 : explain SELECT c FROM sbtest8 WHERE id=2758094
	Index Scan using sbtest8_pkey on sbtest8  (cost=0.43..8.45 rows=1 width=121)
	  Index Cond: (id = 2758094)

for: order_ranges
table 1 : explain SELECT c FROM sbtest1 WHERE id BETWEEN 1505142 AND 1505241 ORDER BY c
	Sort  (cost=363.54..363.77 rows=94 width=121)
	  Sort Key: c
	  ->  Index Scan using sbtest1_pkey on sbtest1  (cost=0.43..360.46 rows=94 width=121)
	        Index Cond: ((id >= 1505142) AND (id <= 1505241))

table 2 : explain SELECT c FROM sbtest2 WHERE id BETWEEN 7522345 AND 7522444 ORDER BY c
	Sort  (cost=410.86..411.12 rows=106 width=121)
	  Sort Key: c
	  ->  Index Scan using sbtest2_pkey on sbtest2  (cost=0.43..407.29 rows=106 width=121)
	        Index Cond: ((id >= 7522345) AND (id <= 7522444))

table 3 : explain SELECT c FROM sbtest3 WHERE id BETWEEN 8770637 AND 8770736 ORDER BY c
	Sort  (cost=374.95..375.19 rows=97 width=121)
	  Sort Key: c
	  ->  Index Scan using sbtest3_pkey on sbtest3  (cost=0.43..371.74 rows=97 width=121)
	        Index Cond: ((id >= 8770637) AND (id <= 8770736))

table 4 : explain SELECT c FROM sbtest4 WHERE id BETWEEN 1364219 AND 1364318 ORDER BY c
	Sort  (cost=425.53..425.81 rows=111 width=121)
	  Sort Key: c
	  ->  Index Scan using sbtest4_pkey on sbtest4  (cost=0.43..421.76 rows=111 width=121)
	        Index Cond: ((id >= 1364219) AND (id <= 1364318))

table 5 : explain SELECT c FROM sbtest5 WHERE id BETWEEN 4090602 AND 4090701 ORDER BY c
	Sort  (cost=406.87..407.14 rows=106 width=121)
	  Sort Key: c
	  ->  Index Scan using sbtest5_pkey on sbtest5  (cost=0.43..403.31 rows=106 width=121)
	        Index Cond: ((id >= 4090602) AND (id <= 4090701))

table 6 : explain SELECT c FROM sbtest6 WHERE id BETWEEN 9510866 AND 9510965 ORDER BY c
	Sort  (cost=392.11..392.36 rows=102 width=121)
	  Sort Key: c
	  ->  Index Scan using sbtest6_pkey on sbtest6  (cost=0.43..388.71 rows=102 width=121)
	        Index Cond: ((id >= 9510866) AND (id <= 9510965))

table 7 : explain SELECT c FROM sbtest7 WHERE id BETWEEN 9820374 AND 9820473 ORDER BY c
	Sort  (cost=382.87..383.12 rows=100 width=121)
	  Sort Key: c
	  ->  Index Scan using sbtest7_pkey on sbtest7  (cost=0.43..379.55 rows=100 width=121)
	        Index Cond: ((id >= 9820374) AND (id <= 9820473))

table 8 : explain SELECT c FROM sbtest8 WHERE id BETWEEN 8226391 AND 8226490 ORDER BY c
	Sort  (cost=366.16..366.40 rows=95 width=121)
	  Sort Key: c
	  ->  Index Scan using sbtest8_pkey on sbtest8  (cost=0.43..363.04 rows=95 width=121)
	        Index Cond: ((id >= 8226391) AND (id <= 8226490))

for point_selects
table 1 : explain SELECT c FROM sbtest1 WHERE id=6228198
	Index Scan using sbtest1_pkey on sbtest1  (cost=0.43..8.45 rows=1 width=121)
	  Index Cond: (id = 6228198)

table 2 : explain SELECT c FROM sbtest2 WHERE id=1737780
	Index Scan using sbtest2_pkey on sbtest2  (cost=0.43..8.45 rows=1 width=121)
	  Index Cond: (id = 1737780)

table 3 : explain SELECT c FROM sbtest3 WHERE id=5504922
	Index Scan using sbtest3_pkey on sbtest3  (cost=0.43..8.45 rows=1 width=121)
	  Index Cond: (id = 5504922)

table 4 : explain SELECT c FROM sbtest4 WHERE id=1054379
	Index Scan using sbtest4_pkey on sbtest4  (cost=0.43..8.45 rows=1 width=121)
	  Index Cond: (id = 1054379)

table 5 : explain SELECT c FROM sbtest5 WHERE id=913962
	Index Scan using sbtest5_pkey on sbtest5  (cost=0.43..8.45 rows=1 width=121)
	  Index Cond: (id = 913962)

table 6 : explain SELECT c FROM sbtest6 WHERE id=9521878
	Index Scan using sbtest6_pkey on sbtest6  (cost=0.43..8.45 rows=1 width=121)
	  Index Cond: (id = 9521878)

table 7 : explain SELECT c FROM sbtest7 WHERE id=90763
	Index Scan using sbtest7_pkey on sbtest7  (cost=0.43..8.45 rows=1 width=121)
	  Index Cond: (id = 90763)

table 8 : explain SELECT c FROM sbtest8 WHERE id=8943240
	Index Scan using sbtest8_pkey on sbtest8  (cost=0.43..8.45 rows=1 width=121)
	  Index Cond: (id = 8943240)

for: order_ranges
table 1 : explain SELECT c FROM sbtest1 WHERE id BETWEEN 8157669 AND 8157768 ORDER BY c
	Sort  (cost=394.19..394.44 rows=102 width=121)
	  Sort Key: c
	  ->  Index Scan using sbtest1_pkey on sbtest1  (cost=0.43..390.79 rows=102 width=121)
	        Index Cond: ((id >= 8157669) AND (id <= 8157768))

table 2 : explain SELECT c FROM sbtest2 WHERE id BETWEEN 1440763 AND 1440862 ORDER BY c
	Sort  (cost=376.32..376.56 rows=97 width=121)
	  Sort Key: c
	  ->  Index Scan using sbtest2_pkey on sbtest2  (cost=0.43..373.12 rows=97 width=121)
	        Index Cond: ((id >= 1440763) AND (id <= 1440862))

table 3 : explain SELECT c FROM sbtest3 WHERE id BETWEEN 215022 AND 215121 ORDER BY c
	Sort  (cost=428.47..428.75 rows=111 width=121)
	  Sort Key: c
	  ->  Index Scan using sbtest3_pkey on sbtest3  (cost=0.43..424.70 rows=111 width=121)
	        Index Cond: ((id >= 215022) AND (id <= 215121))

table 4 : explain SELECT c FROM sbtest4 WHERE id BETWEEN 5009328 AND 5009427 ORDER BY c
	Sort  (cost=379.97..380.22 rows=99 width=121)
	  Sort Key: c
	  ->  Index Scan using sbtest4_pkey on sbtest4  (cost=0.43..376.69 rows=99 width=121)
	        Index Cond: ((id >= 5009328) AND (id <= 5009427))

table 5 : explain SELECT c FROM sbtest5 WHERE id BETWEEN 5523432 AND 5523531 ORDER BY c
	Sort  (cost=368.88..369.12 rows=96 width=121)
	  Sort Key: c
	  ->  Index Scan using sbtest5_pkey on sbtest5  (cost=0.43..365.72 rows=96 width=121)
	        Index Cond: ((id >= 5523432) AND (id <= 5523531))

table 6 : explain SELECT c FROM sbtest6 WHERE id BETWEEN 5864969 AND 5865068 ORDER BY c
	Sort  (cost=373.09..373.34 rows=97 width=121)
	  Sort Key: c
	  ->  Index Scan using sbtest6_pkey on sbtest6  (cost=0.43..369.89 rows=97 width=121)
	        Index Cond: ((id >= 5864969) AND (id <= 5865068))

table 7 : explain SELECT c FROM sbtest7 WHERE id BETWEEN 1750364 AND 1750463 ORDER BY c
	Sort  (cost=356.36..356.60 rows=93 width=121)
	  Sort Key: c
	  ->  Index Scan using sbtest7_pkey on sbtest7  (cost=0.43..353.32 rows=93 width=121)
	        Index Cond: ((id >= 1750364) AND (id <= 1750463))

table 8 : explain SELECT c FROM sbtest8 WHERE id BETWEEN 1787150 AND 1787249 ORDER BY c
	Sort  (cost=404.27..404.53 rows=105 width=121)
	  Sort Key: c
	  ->  Index Scan using sbtest8_pkey on sbtest8  (cost=0.43..400.75 rows=105 width=121)
	        Index Cond: ((id >= 1787150) AND (id <= 1787249))

for: distinct_ranges
table 1 : explain SELECT DISTINCT c FROM sbtest1 WHERE id BETWEEN 8992134 AND 8992233 ORDER BY c
	Unique  (cost=382.72..383.21 rows=99 width=121)
	  ->  Sort  (cost=382.72..382.96 rows=99 width=121)
	        Sort Key: c
	        ->  Index Scan using sbtest1_pkey on sbtest1  (cost=0.43..379.44 rows=99 width=121)
	              Index Cond: ((id >= 8992134) AND (id <= 8992233))

table 2 : explain SELECT DISTINCT c FROM sbtest2 WHERE id BETWEEN 2214405 AND 2214504 ORDER BY c
	Unique  (cost=387.83..388.33 rows=100 width=121)
	  ->  Sort  (cost=387.83..388.08 rows=100 width=121)
	        Sort Key: c
	        ->  Index Scan using sbtest2_pkey on sbtest2  (cost=0.43..384.51 rows=100 width=121)
	              Index Cond: ((id >= 2214405) AND (id <= 2214504))

table 3 : explain SELECT DISTINCT c FROM sbtest3 WHERE id BETWEEN 6344172 AND 6344271 ORDER BY c
	Unique  (cost=332.84..333.27 rows=86 width=121)
	  ->  Sort  (cost=332.84..333.06 rows=86 width=121)
	        Sort Key: c
	        ->  Index Scan using sbtest3_pkey on sbtest3  (cost=0.43..330.08 rows=86 width=121)
	              Index Cond: ((id >= 6344172) AND (id <= 6344271))

table 4 : explain SELECT DISTINCT c FROM sbtest4 WHERE id BETWEEN 2459362 AND 2459461 ORDER BY c
	Unique  (cost=391.36..391.87 rows=102 width=121)
	  ->  Sort  (cost=391.36..391.62 rows=102 width=121)
	        Sort Key: c
	        ->  Index Scan using sbtest4_pkey on sbtest4  (cost=0.43..387.96 rows=102 width=121)
	              Index Cond: ((id >= 2459362) AND (id <= 2459461))

table 5 : explain SELECT DISTINCT c FROM sbtest5 WHERE id BETWEEN 9029941 AND 9030040 ORDER BY c
	Unique  (cost=395.47..395.99 rows=103 width=121)
	  ->  Sort  (cost=395.47..395.73 rows=103 width=121)
	        Sort Key: c
	        ->  Index Scan using sbtest5_pkey on sbtest5  (cost=0.43..392.03 rows=103 width=121)
	              Index Cond: ((id >= 9029941) AND (id <= 9030040))

table 6 : explain SELECT DISTINCT c FROM sbtest6 WHERE id BETWEEN 8523355 AND 8523454 ORDER BY c
	Unique  (cost=369.29..369.77 rows=96 width=121)
	  ->  Sort  (cost=369.29..369.53 rows=96 width=121)
	        Sort Key: c
	        ->  Index Scan using sbtest6_pkey on sbtest6  (cost=0.43..366.13 rows=96 width=121)
	              Index Cond: ((id >= 8523355) AND (id <= 8523454))

table 7 : explain SELECT DISTINCT c FROM sbtest7 WHERE id BETWEEN 4207993 AND 4208092 ORDER BY c
	Unique  (cost=386.66..387.16 rows=101 width=121)
	  ->  Sort  (cost=386.66..386.91 rows=101 width=121)
	        Sort Key: c
	        ->  Index Scan using sbtest7_pkey on sbtest7  (cost=0.43..383.29 rows=101 width=121)
	              Index Cond: ((id >= 4207993) AND (id <= 4208092))

table 8 : explain SELECT DISTINCT c FROM sbtest8 WHERE id BETWEEN 6670740 AND 6670839 ORDER BY c
	Unique  (cost=358.54..359.01 rows=93 width=121)
	  ->  Sort  (cost=358.54..358.78 rows=93 width=121)
	        Sort Key: c
	        ->  Index Scan using sbtest8_pkey on sbtest8  (cost=0.43..355.50 rows=93 width=121)
	              Index Cond: ((id >= 6670740) AND (id <= 6670839))

explain: for index_updates :: explain UPDATE sbtest%u SET k=k+1 WHERE id=%ufor index_updates
table 1 : explain UPDATE sbtest1 SET k=k+1 WHERE id=1197172
	Update on sbtest1  (cost=0.43..8.46 rows=1 width=196)
	  ->  Index Scan using sbtest1_pkey on sbtest1  (cost=0.43..8.46 rows=1 width=196)
	        Index Cond: (id = 1197172)

table 2 : explain UPDATE sbtest2 SET k=k+1 WHERE id=9496431
	Update on sbtest2  (cost=0.43..8.46 rows=1 width=196)
	  ->  Index Scan using sbtest2_pkey on sbtest2  (cost=0.43..8.46 rows=1 width=196)
	        Index Cond: (id = 9496431)

table 3 : explain UPDATE sbtest3 SET k=k+1 WHERE id=4042682
	Update on sbtest3  (cost=0.43..8.46 rows=1 width=196)
	  ->  Index Scan using sbtest3_pkey on sbtest3  (cost=0.43..8.46 rows=1 width=196)
	        Index Cond: (id = 4042682)

table 4 : explain UPDATE sbtest4 SET k=k+1 WHERE id=8051840
	Update on sbtest4  (cost=0.43..8.46 rows=1 width=196)
	  ->  Index Scan using sbtest4_pkey on sbtest4  (cost=0.43..8.46 rows=1 width=196)
	        Index Cond: (id = 8051840)

table 5 : explain UPDATE sbtest5 SET k=k+1 WHERE id=7978235
	Update on sbtest5  (cost=0.43..8.46 rows=1 width=196)
	  ->  Index Scan using sbtest5_pkey on sbtest5  (cost=0.43..8.46 rows=1 width=196)
	        Index Cond: (id = 7978235)

table 6 : explain UPDATE sbtest6 SET k=k+1 WHERE id=9956544
	Update on sbtest6  (cost=0.43..8.46 rows=1 width=196)
	  ->  Index Scan using sbtest6_pkey on sbtest6  (cost=0.43..8.46 rows=1 width=196)
	        Index Cond: (id = 9956544)

table 7 : explain UPDATE sbtest7 SET k=k+1 WHERE id=3506639
	Update on sbtest7  (cost=0.43..8.46 rows=1 width=196)
	  ->  Index Scan using sbtest7_pkey on sbtest7  (cost=0.43..8.46 rows=1 width=196)
	        Index Cond: (id = 3506639)

table 8 : explain UPDATE sbtest8 SET k=k+1 WHERE id=8558856
	Update on sbtest8  (cost=0.43..8.46 rows=1 width=196)
	  ->  Index Scan using sbtest8_pkey on sbtest8  (cost=0.43..8.46 rows=1 width=196)
	        Index Cond: (id = 8558856)


for: simple_ranges
table 1 : explain SELECT c FROM sbtest1 WHERE id BETWEEN 1438247 AND 1438346
	Index Scan using sbtest1_pkey on sbtest1  (cost=0.43..360.46 rows=94 width=121)
	  Index Cond: ((id >= 1438247) AND (id <= 1438346))

table 2 : explain SELECT c FROM sbtest2 WHERE id BETWEEN 8563385 AND 8563484
	Index Scan using sbtest2_pkey on sbtest2  (cost=0.43..403.49 rows=105 width=121)
	  Index Cond: ((id >= 8563385) AND (id <= 8563484))

table 3 : explain SELECT c FROM sbtest3 WHERE id BETWEEN 1439325 AND 1439424
	Index Scan using sbtest3_pkey on sbtest3  (cost=0.43..394.44 rows=103 width=121)
	  Index Cond: ((id >= 1439325) AND (id <= 1439424))

table 4 : explain SELECT c FROM sbtest4 WHERE id BETWEEN 8098435 AND 8098534
	Index Scan using sbtest4_pkey on sbtest4  (cost=0.43..402.98 rows=106 width=121)
	  Index Cond: ((id >= 8098435) AND (id <= 8098534))

table 5 : explain SELECT c FROM sbtest5 WHERE id BETWEEN 7512289 AND 7512388
	Index Scan using sbtest5_pkey on sbtest5  (cost=0.43..354.44 rows=93 width=121)
	  Index Cond: ((id >= 7512289) AND (id <= 7512388))

table 6 : explain SELECT c FROM sbtest6 WHERE id BETWEEN 816053 AND 816152
	Index Scan using sbtest6_pkey on sbtest6  (cost=0.43..388.71 rows=102 width=121)
	  Index Cond: ((id >= 816053) AND (id <= 816152))

table 7 : explain SELECT c FROM sbtest7 WHERE id BETWEEN 6007684 AND 6007783
	Index Scan using sbtest7_pkey on sbtest7  (cost=0.43..349.58 rows=92 width=121)
	  Index Cond: ((id >= 6007684) AND (id <= 6007783))

table 8 : explain SELECT c FROM sbtest8 WHERE id BETWEEN 360631 AND 360730
	Index Scan using sbtest8_pkey on sbtest8  (cost=0.43..344.19 rows=90 width=121)
	  Index Cond: ((id >= 360631) AND (id <= 360730))

for index_updates
table 1 : explain UPDATE sbtest1 SET k=k+1 WHERE id=5721849
	Update on sbtest1  (cost=0.43..8.46 rows=1 width=196)
	  ->  Index Scan using sbtest1_pkey on sbtest1  (cost=0.43..8.46 rows=1 width=196)
	        Index Cond: (id = 5721849)

table 2 : explain UPDATE sbtest2 SET k=k+1 WHERE id=9596601
	Update on sbtest2  (cost=0.43..8.46 rows=1 width=196)
	  ->  Index Scan using sbtest2_pkey on sbtest2  (cost=0.43..8.46 rows=1 width=196)
	        Index Cond: (id = 9596601)

table 3 : explain UPDATE sbtest3 SET k=k+1 WHERE id=4242933
	Update on sbtest3  (cost=0.43..8.46 rows=1 width=196)
	  ->  Index Scan using sbtest3_pkey on sbtest3  (cost=0.43..8.46 rows=1 width=196)
	        Index Cond: (id = 4242933)

table 4 : explain UPDATE sbtest4 SET k=k+1 WHERE id=4165115
	Update on sbtest4  (cost=0.43..8.46 rows=1 width=196)
	  ->  Index Scan using sbtest4_pkey on sbtest4  (cost=0.43..8.46 rows=1 width=196)
	        Index Cond: (id = 4165115)

table 5 : explain UPDATE sbtest5 SET k=k+1 WHERE id=3395414
	Update on sbtest5  (cost=0.43..8.46 rows=1 width=196)
	  ->  Index Scan using sbtest5_pkey on sbtest5  (cost=0.43..8.46 rows=1 width=196)
	        Index Cond: (id = 3395414)

table 6 : explain UPDATE sbtest6 SET k=k+1 WHERE id=6857810
	Update on sbtest6  (cost=0.43..8.46 rows=1 width=196)
	  ->  Index Scan using sbtest6_pkey on sbtest6  (cost=0.43..8.46 rows=1 width=196)
	        Index Cond: (id = 6857810)

table 7 : explain UPDATE sbtest7 SET k=k+1 WHERE id=2494770
	Update on sbtest7  (cost=0.43..8.46 rows=1 width=196)
	  ->  Index Scan using sbtest7_pkey on sbtest7  (cost=0.43..8.46 rows=1 width=196)
	        Index Cond: (id = 2494770)

table 8 : explain UPDATE sbtest8 SET k=k+1 WHERE id=7348693
	Update on sbtest8  (cost=0.43..8.46 rows=1 width=196)
	  ->  Index Scan using sbtest8_pkey on sbtest8  (cost=0.43..8.46 rows=1 width=196)
	        Index Cond: (id = 7348693)

explain: for point_selects :: explain SELECT c FROM sbtest%u WHERE id=%u
for: order_ranges
table 1 : explain SELECT c FROM sbtest1 WHERE id BETWEEN 7562809 AND 7562908 ORDER BY c
	Sort  (cost=375.07..375.31 rows=97 width=121)
	  Sort Key: c
	  ->  Index Scan using sbtest1_pkey on sbtest1  (cost=0.43..371.87 rows=97 width=121)
	        Index Cond: ((id >= 7562809) AND (id <= 7562908))

table 2 : explain SELECT c FROM sbtest2 WHERE id BETWEEN 1327266 AND 1327365 ORDER BY c
	Sort  (cost=399.34..399.60 rows=103 width=121)
	  Sort Key: c
	  ->  Index Scan using sbtest2_pkey on sbtest2  (cost=0.43..395.90 rows=103 width=121)
	        Index Cond: ((id >= 1327266) AND (id <= 1327365))

table 3 : explain SELECT c FROM sbtest3 WHERE id BETWEEN 6825200 AND 6825299 ORDER BY c
	Sort  (cost=401.71..401.97 rows=104 width=121)
	  Sort Key: c
	  ->  Index Scan using sbtest3_pkey on sbtest3  (cost=0.43..398.22 rows=104 width=121)
	        Index Cond: ((id >= 6825200) AND (id <= 6825299))

table 4 : explain SELECT c FROM sbtest4 WHERE id BETWEEN 8307976 AND 8308075 ORDER BY c
	Sort  (cost=368.59..368.83 rows=96 width=121)
	  Sort Key: c
	  ->  Index Scan using sbtest4_pkey on sbtest4  (cost=0.43..365.43 rows=96 width=121)
	        Index Cond: ((id >= 8307976) AND (id <= 8308075))

table 5 : explain SELECT c FROM sbtest5 WHERE id BETWEEN 4472034 AND 4472133 ORDER BY c
	Sort  (cost=361.28..361.52 rows=94 width=121)
	  Sort Key: c
	  ->  Index Scan using sbtest5_pkey on sbtest5  (cost=0.43..358.20 rows=94 width=121)
	        Index Cond: ((id >= 4472034) AND (id <= 4472133))

table 6 : explain SELECT c FROM sbtest6 WHERE id BETWEEN 1608712 AND 1608811 ORDER BY c
	Sort  (cost=365.49..365.72 rows=95 width=121)
	  Sort Key: c
	  ->  Index Scan using sbtest6_pkey on sbtest6  (cost=0.43..362.37 rows=95 width=121)
	        Index Cond: ((id >= 1608712) AND (id <= 1608811))

table 7 : explain SELECT c FROM sbtest7 WHERE id BETWEEN 9417943 AND 9418042 ORDER BY c
	Sort  (cost=420.74..421.02 rows=110 width=121)
	  Sort Key: c
	  ->  Index Scan using sbtest7_pkey on sbtest7  (cost=0.43..417.01 rows=110 width=121)
	        Index Cond: ((id >= 9417943) AND (id <= 9418042))

table 8 : explain SELECT c FROM sbtest8 WHERE id BETWEEN 785626 AND 785725 ORDER BY c
	Sort  (cost=362.35..362.59 rows=94 width=121)
	  Sort Key: c
	  ->  Index Scan using sbtest8_pkey on sbtest8  (cost=0.43..359.27 rows=94 width=121)
	        Index Cond: ((id >= 785626) AND (id <= 785725))

explain: for index_updates :: explain UPDATE sbtest%u SET k=k+1 WHERE id=%u
for: simple_ranges
table 1 : explain SELECT c FROM sbtest1 WHERE id BETWEEN 6657585 AND 6657684
	Index Scan using sbtest1_pkey on sbtest1  (cost=0.43..333.97 rows=87 width=121)
	  Index Cond: ((id >= 6657585) AND (id <= 6657684))

table 2 : explain SELECT c FROM sbtest2 WHERE id BETWEEN 2586880 AND 2586979
	Index Scan using sbtest2_pkey on sbtest2  (cost=0.43..414.88 rows=108 width=121)
	  Index Cond: ((id >= 2586880) AND (id <= 2586979))

table 3 : explain SELECT c FROM sbtest3 WHERE id BETWEEN 7457837 AND 7457936
	Index Scan using sbtest3_pkey on sbtest3  (cost=0.43..390.66 rows=102 width=121)
	  Index Cond: ((id >= 7457837) AND (id <= 7457936))

table 4 : explain SELECT c FROM sbtest4 WHERE id BETWEEN 2781466 AND 2781565
	Index Scan using sbtest4_pkey on sbtest4  (cost=0.43..357.91 rows=94 width=121)
	  Index Cond: ((id >= 2781466) AND (id <= 2781565))

table 5 : explain SELECT c FROM sbtest5 WHERE id BETWEEN 8937086 AND 8937185
	Index Scan using sbtest5_pkey on sbtest5  (cost=0.43..418.34 rows=110 width=121)
	  Index Cond: ((id >= 8937086) AND (id <= 8937185))

table 6 : explain SELECT c FROM sbtest6 WHERE id BETWEEN 3533308 AND 3533407
	Index Scan using sbtest6_pkey on sbtest6  (cost=0.43..430.10 rows=113 width=121)
	  Index Cond: ((id >= 3533308) AND (id <= 3533407))

table 7 : explain SELECT c FROM sbtest7 WHERE id BETWEEN 9499553 AND 9499652
	Index Scan using sbtest7_pkey on sbtest7  (cost=0.43..424.50 rows=112 width=121)
	  Index Cond: ((id >= 9499553) AND (id <= 9499652))

table 8 : explain SELECT c FROM sbtest8 WHERE id BETWEEN 9170837 AND 9170936
	Index Scan using sbtest8_pkey on sbtest8  (cost=0.43..363.04 rows=95 width=121)
	  Index Cond: ((id >= 9170837) AND (id <= 9170936))
for point_selects
table 1 : explain SELECT c FROM sbtest1 WHERE id=3657315
	Index Scan using sbtest1_pkey on sbtest1  (cost=0.43..8.45 rows=1 width=121)
	  Index Cond: (id = 3657315)

table 2 : explain SELECT c FROM sbtest2 WHERE id=8197858
	Index Scan using sbtest2_pkey on sbtest2  (cost=0.43..8.45 rows=1 width=121)
	  Index Cond: (id = 8197858)

table 3 : explain SELECT c FROM sbtest3 WHERE id=8379300
	Index Scan using sbtest3_pkey on sbtest3  (cost=0.43..8.45 rows=1 width=121)
	  Index Cond: (id = 8379300)

table 4 : explain SELECT c FROM sbtest4 WHERE id=9811403
	Index Scan using sbtest4_pkey on sbtest4  (cost=0.43..8.45 rows=1 width=121)
	  Index Cond: (id = 9811403)

table 5 : explain SELECT c FROM sbtest5 WHERE id=3699765
	Index Scan using sbtest5_pkey on sbtest5  (cost=0.43..8.45 rows=1 width=121)
	  Index Cond: (id = 3699765)

table 6 : explain SELECT c FROM sbtest6 WHERE id=9424654
	Index Scan using sbtest6_pkey on sbtest6  (cost=0.43..8.45 rows=1 width=121)
	  Index Cond: (id = 9424654)

table 7 : explain SELECT c FROM sbtest7 WHERE id=4931428
	Index Scan using sbtest7_pkey on sbtest7  (cost=0.43..8.45 rows=1 width=121)
	  Index Cond: (id = 4931428)

table 8 : explain SELECT c FROM sbtest8 WHERE id=5952460
	Index Scan using sbtest8_pkey on sbtest8  (cost=0.43..8.45 rows=1 width=121)
	  Index Cond: (id = 5952460)


for: simple_ranges
table 1 : explain SELECT c FROM sbtest1 WHERE id BETWEEN 555439 AND 555538
	Index Scan using sbtest1_pkey on sbtest1  (cost=0.43..409.71 rows=107 width=121)
	  Index Cond: ((id >= 555439) AND (id <= 555538))

table 2 : explain SELECT c FROM sbtest2 WHERE id BETWEEN 1964691 AND 1964790
	Index Scan using sbtest2_pkey on sbtest2  (cost=0.43..376.91 rows=98 width=121)
	  Index Cond: ((id >= 1964691) AND (id <= 1964790))

table 3 : explain SELECT c FROM sbtest3 WHERE id BETWEEN 7772144 AND 7772243
	Index Scan using sbtest3_pkey on sbtest3  (cost=0.43..405.79 rows=106 width=121)
	  Index Cond: ((id >= 7772144) AND (id <= 7772243))

table 4 : explain SELECT c FROM sbtest4 WHERE id BETWEEN 5089942 AND 5090041
	Index Scan using sbtest4_pkey on sbtest4  (cost=0.43..335.32 rows=88 width=121)
	  Index Cond: ((id >= 5089942) AND (id <= 5090041))

table 5 : explain SELECT c FROM sbtest5 WHERE id BETWEEN 9876264 AND 9876363
	Index Scan using sbtest5_pkey on sbtest5  (cost=0.43..399.55 rows=105 width=121)
	  Index Cond: ((id >= 9876264) AND (id <= 9876363))

table 6 : explain SELECT c FROM sbtest6 WHERE id BETWEEN 7033742 AND 7033841
	Index Scan using sbtest6_pkey on sbtest6  (cost=0.43..396.23 rows=104 width=121)
	  Index Cond: ((id >= 7033742) AND (id <= 7033841))

table 7 : explain SELECT c FROM sbtest7 WHERE id BETWEEN 5983477 AND 5983576
	Index Scan using sbtest7_pkey on sbtest7  (cost=0.43..349.58 rows=92 width=121)
	  Index Cond: ((id >= 5983477) AND (id <= 5983576))

table 8 : explain SELECT c FROM sbtest8 WHERE id BETWEEN 8502210 AND 8502309
	Index Scan using sbtest8_pkey on sbtest8  (cost=0.43..381.89 rows=100 width=121)
	  Index Cond: ((id >= 8502210) AND (id <= 8502309))

for: sum_ranges
table 1 : explain SELECT SUM(k) FROM sbtest1 WHERE id BETWEEN 1185608 AND 1185707
	Aggregate  (cost=394.83..394.84 rows=1 width=8)
	  ->  Index Scan using sbtest1_pkey on sbtest1  (cost=0.43..394.57 rows=103 width=4)
	        Index Cond: ((id >= 1185608) AND (id <= 1185707))

table 2 : explain SELECT SUM(k) FROM sbtest2 WHERE id BETWEEN 706249 AND 706348
	Aggregate  (cost=365.76..365.77 rows=1 width=8)
	  ->  Index Scan using sbtest2_pkey on sbtest2  (cost=0.43..365.52 rows=95 width=4)
	        Index Cond: ((id >= 706249) AND (id <= 706348))

table 3 : explain SELECT SUM(k) FROM sbtest3 WHERE id BETWEEN 9694354 AND 9694453
	Aggregate  (cost=379.56..379.57 rows=1 width=8)
	  ->  Index Scan using sbtest3_pkey on sbtest3  (cost=0.43..379.31 rows=99 width=4)
	        Index Cond: ((id >= 9694354) AND (id <= 9694453))

table 4 : explain SELECT SUM(k) FROM sbtest4 WHERE id BETWEEN 5697198 AND 5697297
	Aggregate  (cost=343.12..343.13 rows=1 width=8)
	  ->  Index Scan using sbtest4_pkey on sbtest4  (cost=0.43..342.89 rows=90 width=4)
	        Index Cond: ((id >= 5697198) AND (id <= 5697297))

table 5 : explain SELECT SUM(k) FROM sbtest5 WHERE id BETWEEN 2245703 AND 2245802
	Aggregate  (cost=388.53..388.54 rows=1 width=8)
	  ->  Index Scan using sbtest5_pkey on sbtest5  (cost=0.43..388.27 rows=102 width=4)
	        Index Cond: ((id >= 2245703) AND (id <= 2245802))

table 6 : explain SELECT SUM(k) FROM sbtest6 WHERE id BETWEEN 7811576 AND 7811675
	Aggregate  (cost=396.49..396.50 rows=1 width=8)
	  ->  Index Scan using sbtest6_pkey on sbtest6  (cost=0.43..396.23 rows=104 width=4)
	        Index Cond: ((id >= 7811576) AND (id <= 7811675))

table 7 : explain SELECT SUM(k) FROM sbtest7 WHERE id BETWEEN 1353523 AND 1353622
	Aggregate  (cost=413.54..413.55 rows=1 width=8)
	  ->  Index Scan using sbtest7_pkey on sbtest7  (cost=0.43..413.27 rows=109 width=4)
	        Index Cond: ((id >= 1353523) AND (id <= 1353622))

table 8 : explain SELECT SUM(k) FROM sbtest8 WHERE id BETWEEN 914422 AND 914521
	Aggregate  (cost=385.92..385.93 rows=1 width=8)
	  ->  Index Scan using sbtest8_pkey on sbtest8  (cost=0.43..385.66 rows=101 width=4)
	        Index Cond: ((id >= 914422) AND (id <= 914521))

explain: for non_index_updates :: explain UPDATE sbtest%u SET c='foobar' WHERE id=%u
for: distinct_ranges
table 1 : explain SELECT DISTINCT c FROM sbtest1 WHERE id BETWEEN 7180154 AND 7180253 ORDER BY c
	Unique  (cost=401.84..402.36 rows=104 width=121)
	  ->  Sort  (cost=401.84..402.10 rows=104 width=121)
	        Sort Key: c
	        ->  Index Scan using sbtest1_pkey on sbtest1  (cost=0.43..398.35 rows=104 width=121)
	              Index Cond: ((id >= 7180154) AND (id <= 7180253))

table 2 : explain SELECT DISTINCT c FROM sbtest2 WHERE id BETWEEN 5197565 AND 5197664 ORDER BY c
	Unique  (cost=399.34..399.86 rows=103 width=121)
	  ->  Sort  (cost=399.34..399.60 rows=103 width=121)
	        Sort Key: c
	        ->  Index Scan using sbtest2_pkey on sbtest2  (cost=0.43..395.90 rows=103 width=121)
	              Index Cond: ((id >= 5197565) AND (id <= 5197664))

table 3 : explain SELECT DISTINCT c FROM sbtest3 WHERE id BETWEEN 6718063 AND 6718162 ORDER BY c
	Unique  (cost=409.35..409.88 rows=106 width=121)
	  ->  Sort  (cost=409.35..409.62 rows=106 width=121)
	        Sort Key: c
	        ->  Index Scan using sbtest3_pkey on sbtest3  (cost=0.43..405.79 rows=106 width=121)
	              Index Cond: ((id >= 6718063) AND (id <= 6718162))

table 4 : explain SELECT DISTINCT c FROM sbtest4 WHERE id BETWEEN 8802111 AND 8802210 ORDER BY c
	Unique  (cost=387.57..388.07 rows=101 width=121)
	  ->  Sort  (cost=387.57..387.82 rows=101 width=121)
	        Sort Key: c
	        ->  Index Scan using sbtest4_pkey on sbtest4  (cost=0.43..384.20 rows=101 width=121)
	              Index Cond: ((id >= 8802111) AND (id <= 8802210))

table 5 : explain SELECT DISTINCT c FROM sbtest5 WHERE id BETWEEN 9706922 AND 9707021 ORDER BY c
	Unique  (cost=406.87..407.40 rows=106 width=121)
	  ->  Sort  (cost=406.87..407.14 rows=106 width=121)
	        Sort Key: c
	        ->  Index Scan using sbtest5_pkey on sbtest5  (cost=0.43..403.31 rows=106 width=121)
	              Index Cond: ((id >= 9706922) AND (id <= 9707021))

table 6 : explain SELECT DISTINCT c FROM sbtest6 WHERE id BETWEEN 5559803 AND 5559902 ORDER BY c
	Unique  (cost=373.09..373.58 rows=97 width=121)
	  ->  Sort  (cost=373.09..373.34 rows=97 width=121)
	        Sort Key: c
	        ->  Index Scan using sbtest6_pkey on sbtest6  (cost=0.43..369.89 rows=97 width=121)
	              Index Cond: ((id >= 5559803) AND (id <= 5559902))

table 7 : explain SELECT DISTINCT c FROM sbtest7 WHERE id BETWEEN 7748545 AND 7748644 ORDER BY c
	Unique  (cost=398.02..398.54 rows=104 width=121)
	  ->  Sort  (cost=398.02..398.28 rows=104 width=121)
	        Sort Key: c
	        ->  Index Scan using sbtest7_pkey on sbtest7  (cost=0.43..394.53 rows=104 width=121)
	              Index Cond: ((id >= 7748545) AND (id <= 7748644))

table 8 : explain SELECT DISTINCT c FROM sbtest8 WHERE id BETWEEN 940013 AND 940112 ORDER BY c
	Unique  (cost=389.03..389.53 rows=101 width=121)
	  ->  Sort  (cost=389.03..389.28 rows=101 width=121)
	        Sort Key: c
	        ->  Index Scan using sbtest8_pkey on sbtest8  (cost=0.43..385.66 rows=101 width=121)
	              Index Cond: ((id >= 940013) AND (id <= 940112))

for: simple_ranges
table 1 : explain SELECT c FROM sbtest1 WHERE id BETWEEN 9997870 AND 9997969
	Index Scan using sbtest1_pkey on sbtest1  (cost=0.43..390.79 rows=102 width=121)
	  Index Cond: ((id >= 9997870) AND (id <= 9997969))

table 2 : explain SELECT c FROM sbtest2 WHERE id BETWEEN 2648827 AND 2648926
	Index Scan using sbtest2_pkey on sbtest2  (cost=0.43..395.90 rows=103 width=121)
	  Index Cond: ((id >= 2648827) AND (id <= 2648926))

table 3 : explain SELECT c FROM sbtest3 WHERE id BETWEEN 4848809 AND 4848908
	Index Scan using sbtest3_pkey on sbtest3  (cost=0.43..390.66 rows=102 width=121)
	  Index Cond: ((id >= 4848809) AND (id <= 4848908))

table 4 : explain SELECT c FROM sbtest4 WHERE id BETWEEN 1230300 AND 1230399
	Index Scan using sbtest4_pkey on sbtest4  (cost=0.43..380.45 rows=100 width=121)
	  Index Cond: ((id >= 1230300) AND (id <= 1230399))

table 5 : explain SELECT c FROM sbtest5 WHERE id BETWEEN 2660780 AND 2660879
	Index Scan using sbtest5_pkey on sbtest5  (cost=0.43..377.00 rows=99 width=121)
	  Index Cond: ((id >= 2660780) AND (id <= 2660879))

table 6 : explain SELECT c FROM sbtest6 WHERE id BETWEEN 2110332 AND 2110431
	Index Scan using sbtest6_pkey on sbtest6  (cost=0.43..373.65 rows=98 width=121)
	  Index Cond: ((id >= 2110332) AND (id <= 2110431))

table 7 : explain SELECT c FROM sbtest7 WHERE id BETWEEN 1437911 AND 1438010
	Index Scan using sbtest7_pkey on sbtest7  (cost=0.43..394.53 rows=104 width=121)
	  Index Cond: ((id >= 1437911) AND (id <= 1438010))

table 8 : explain SELECT c FROM sbtest8 WHERE id BETWEEN 3870777 AND 3870876
	Index Scan using sbtest8_pkey on sbtest8  (cost=0.43..389.43 rows=102 width=121)
	  Index Cond: ((id >= 3870777) AND (id <= 3870876))

for: distinct_ranges
table 1 : explain SELECT DISTINCT c FROM sbtest1 WHERE id BETWEEN 5421397 AND 5421496 ORDER BY c
	Unique  (cost=390.37..390.87 rows=101 width=121)
	  ->  Sort  (cost=390.37..390.62 rows=101 width=121)
	        Sort Key: c
	        ->  Index Scan using sbtest1_pkey on sbtest1  (cost=0.43..387.00 rows=101 width=121)
	              Index Cond: ((id >= 5421397) AND (id <= 5421496))

table 2 : explain SELECT DISTINCT c FROM sbtest2 WHERE id BETWEEN 8278585 AND 8278684 ORDER BY c
	Unique  (cost=433.88..434.44 rows=112 width=121)
	  ->  Sort  (cost=433.88..434.16 rows=112 width=121)
	        Sort Key: c
	        ->  Index Scan using sbtest2_pkey on sbtest2  (cost=0.43..430.07 rows=112 width=121)
	              Index Cond: ((id >= 8278585) AND (id <= 8278684))

table 3 : explain SELECT DISTINCT c FROM sbtest3 WHERE id BETWEEN 6601035 AND 6601134 ORDER BY c
	Unique  (cost=401.71..402.23 rows=104 width=121)
	  ->  Sort  (cost=401.71..401.97 rows=104 width=121)
	        Sort Key: c
	        ->  Index Scan using sbtest3_pkey on sbtest3  (cost=0.43..398.22 rows=104 width=121)
	              Index Cond: ((id >= 6601035) AND (id <= 6601134))

table 4 : explain SELECT DISTINCT c FROM sbtest4 WHERE id BETWEEN 8873619 AND 8873718 ORDER BY c
	Unique  (cost=387.57..388.07 rows=101 width=121)
	  ->  Sort  (cost=387.57..387.82 rows=101 width=121)
	        Sort Key: c
	        ->  Index Scan using sbtest4_pkey on sbtest4  (cost=0.43..384.20 rows=101 width=121)
	              Index Cond: ((id >= 8873619) AND (id <= 8873718))

table 5 : explain SELECT DISTINCT c FROM sbtest5 WHERE id BETWEEN 9486021 AND 9486120 ORDER BY c
	Unique  (cost=399.27..399.79 rows=104 width=121)
	  ->  Sort  (cost=399.27..399.53 rows=104 width=121)
	        Sort Key: c
	        ->  Index Scan using sbtest5_pkey on sbtest5  (cost=0.43..395.79 rows=104 width=121)
	              Index Cond: ((id >= 9486021) AND (id <= 9486120))

table 6 : explain SELECT DISTINCT c FROM sbtest6 WHERE id BETWEEN 4596921 AND 4597020 ORDER BY c
	Unique  (cost=392.11..392.62 rows=102 width=121)
	  ->  Sort  (cost=392.11..392.36 rows=102 width=121)
	        Sort Key: c
	        ->  Index Scan using sbtest6_pkey on sbtest6  (cost=0.43..388.71 rows=102 width=121)
	              Index Cond: ((id >= 4596921) AND (id <= 4597020))

table 7 : explain SELECT DISTINCT c FROM sbtest7 WHERE id BETWEEN 7965507 AND 7965606 ORDER BY c
	Unique  (cost=375.30..375.79 rows=98 width=121)
	  ->  Sort  (cost=375.30..375.54 rows=98 width=121)
	        Sort Key: c
	        ->  Index Scan using sbtest7_pkey on sbtest7  (cost=0.43..372.06 rows=98 width=121)
	              Index Cond: ((id >= 7965507) AND (id <= 7965606))

table 8 : explain SELECT DISTINCT c FROM sbtest8 WHERE id BETWEEN 9218085 AND 9218184 ORDER BY c
	Unique  (cost=369.97..370.45 rows=96 width=121)
	  ->  Sort  (cost=369.97..370.21 rows=96 width=121)
	        Sort Key: c
	        ->  Index Scan using sbtest8_pkey on sbtest8  (cost=0.43..366.81 rows=96 width=121)
	              Index Cond: ((id >= 9218085) AND (id <= 9218184))

for index_updates
table 1 : explain UPDATE sbtest1 SET k=k+1 WHERE id=5574399
	Update on sbtest1  (cost=0.43..8.46 rows=1 width=196)
	  ->  Index Scan using sbtest1_pkey on sbtest1  (cost=0.43..8.46 rows=1 width=196)
	        Index Cond: (id = 5574399)

table 2 : explain UPDATE sbtest2 SET k=k+1 WHERE id=1286319
	Update on sbtest2  (cost=0.43..8.46 rows=1 width=196)
	  ->  Index Scan using sbtest2_pkey on sbtest2  (cost=0.43..8.46 rows=1 width=196)
	        Index Cond: (id = 1286319)

table 3 : explain UPDATE sbtest3 SET k=k+1 WHERE id=7130545
	Update on sbtest3  (cost=0.43..8.46 rows=1 width=196)
	  ->  Index Scan using sbtest3_pkey on sbtest3  (cost=0.43..8.46 rows=1 width=196)
	        Index Cond: (id = 7130545)

table 4 : explain UPDATE sbtest4 SET k=k+1 WHERE id=3333851
	Update on sbtest4  (cost=0.43..8.46 rows=1 width=196)
	  ->  Index Scan using sbtest4_pkey on sbtest4  (cost=0.43..8.46 rows=1 width=196)
	        Index Cond: (id = 3333851)

table 5 : explain UPDATE sbtest5 SET k=k+1 WHERE id=3474369
	Update on sbtest5  (cost=0.43..8.46 rows=1 width=196)
	  ->  Index Scan using sbtest5_pkey on sbtest5  (cost=0.43..8.46 rows=1 width=196)
	        Index Cond: (id = 3474369)

table 6 : explain UPDATE sbtest6 SET k=k+1 WHERE id=3608538
	Update on sbtest6  (cost=0.43..8.46 rows=1 width=196)
	  ->  Index Scan using sbtest6_pkey on sbtest6  (cost=0.43..8.46 rows=1 width=196)
	        Index Cond: (id = 3608538)

table 7 : explain UPDATE sbtest7 SET k=k+1 WHERE id=8188765
	Update on sbtest7  (cost=0.43..8.46 rows=1 width=196)
	  ->  Index Scan using sbtest7_pkey on sbtest7  (cost=0.43..8.46 rows=1 width=196)
	        Index Cond: (id = 8188765)

table 8 : explain UPDATE sbtest8 SET k=k+1 WHERE id=4908408
	Update on sbtest8  (cost=0.43..8.46 rows=1 width=196)
	  ->  Index Scan using sbtest8_pkey on sbtest8  (cost=0.43..8.46 rows=1 width=196)
	        Index Cond: (id = 4908408)

explain: for index_updates :: explain UPDATE sbtest%u SET k=k+1 WHERE id=%u
explain: for index_updates :: explain UPDATE sbtest%u SET k=k+1 WHERE id=%u
explain: for point_selects :: explain SELECT c FROM sbtest%u WHERE id=%u
explain: for point_selects :: explain SELECT c FROM sbtest%u WHERE id=%u
for: simple_ranges
table 1 : explain SELECT c FROM sbtest1 WHERE id BETWEEN 1331489 AND 1331588
	Index Scan using sbtest1_pkey on sbtest1  (cost=0.43..345.32 rows=90 width=121)
	  Index Cond: ((id >= 1331489) AND (id <= 1331588))

table 2 : explain SELECT c FROM sbtest2 WHERE id BETWEEN 4339749 AND 4339848
	Index Scan using sbtest2_pkey on sbtest2  (cost=0.43..380.71 rows=99 width=121)
	  Index Cond: ((id >= 4339749) AND (id <= 4339848))

table 3 : explain SELECT c FROM sbtest3 WHERE id BETWEEN 7755965 AND 7756064
	Index Scan using sbtest3_pkey on sbtest3  (cost=0.43..405.79 rows=106 width=121)
	  Index Cond: ((id >= 7755965) AND (id <= 7756064))

table 4 : explain SELECT c FROM sbtest4 WHERE id BETWEEN 1536565 AND 1536664
	Index Scan using sbtest4_pkey on sbtest4  (cost=0.43..402.98 rows=106 width=121)
	  Index Cond: ((id >= 1536565) AND (id <= 1536664))

table 5 : explain SELECT c FROM sbtest5 WHERE id BETWEEN 4122310 AND 4122409
	Index Scan using sbtest5_pkey on sbtest5  (cost=0.43..403.31 rows=106 width=121)
	  Index Cond: ((id >= 4122310) AND (id <= 4122409))

table 6 : explain SELECT c FROM sbtest6 WHERE id BETWEEN 8912251 AND 8912350
	Index Scan using sbtest6_pkey on sbtest6  (cost=0.43..366.13 rows=96 width=121)
	  Index Cond: ((id >= 8912251) AND (id <= 8912350))

table 7 : explain SELECT c FROM sbtest7 WHERE id BETWEEN 1123958 AND 1124057
	Index Scan using sbtest7_pkey on sbtest7  (cost=0.43..345.83 rows=91 width=121)
	  Index Cond: ((id >= 1123958) AND (id <= 1124057))

table 8 : explain SELECT c FROM sbtest8 WHERE id BETWEEN 1013171 AND 1013270
	Index Scan using sbtest8_pkey on sbtest8  (cost=0.43..363.04 rows=95 width=121)
	  Index Cond: ((id >= 1013171) AND (id <= 1013270))

for: sum_ranges
table 1 : explain SELECT SUM(k) FROM sbtest1 WHERE id BETWEEN 8342634 AND 8342733
	Aggregate  (cost=413.76..413.77 rows=1 width=8)
	  ->  Index Scan using sbtest1_pkey on sbtest1  (cost=0.43..413.49 rows=108 width=4)
	        Index Cond: ((id >= 8342634) AND (id <= 8342733))

table 2 : explain SELECT SUM(k) FROM sbtest2 WHERE id BETWEEN 2233437 AND 2233536
	Aggregate  (cost=384.76..384.77 rows=1 width=8)
	  ->  Index Scan using sbtest2_pkey on sbtest2  (cost=0.43..384.51 rows=100 width=4)
	        Index Cond: ((id >= 2233437) AND (id <= 2233536))

table 3 : explain SELECT SUM(k) FROM sbtest3 WHERE id BETWEEN 5761799 AND 5761898
	Aggregate  (cost=379.56..379.57 rows=1 width=8)
	  ->  Index Scan using sbtest3_pkey on sbtest3  (cost=0.43..379.31 rows=99 width=4)
	        Index Cond: ((id >= 5761799) AND (id <= 5761898))

table 4 : explain SELECT SUM(k) FROM sbtest4 WHERE id BETWEEN 7973599 AND 7973698
	Aggregate  (cost=346.88..346.89 rows=1 width=8)
	  ->  Index Scan using sbtest4_pkey on sbtest4  (cost=0.43..346.65 rows=91 width=4)
	        Index Cond: ((id >= 7973599) AND (id <= 7973698))

table 5 : explain SELECT SUM(k) FROM sbtest5 WHERE id BETWEEN 9674 AND 9773
	Aggregate  (cost=369.72..369.73 rows=1 width=8)
	  ->  Index Scan using sbtest5_pkey on sbtest5  (cost=0.43..369.48 rows=97 width=4)
	        Index Cond: ((id >= 9674) AND (id <= 9773))

table 6 : explain SELECT SUM(k) FROM sbtest6 WHERE id BETWEEN 4955594 AND 4955693
	Aggregate  (cost=422.85..422.86 rows=1 width=8)
	  ->  Index Scan using sbtest6_pkey on sbtest6  (cost=0.43..422.57 rows=111 width=4)
	        Index Cond: ((id >= 4955594) AND (id <= 4955693))

table 7 : explain SELECT SUM(k) FROM sbtest7 WHERE id BETWEEN 3813355 AND 3813454
	Aggregate  (cost=361.05..361.06 rows=1 width=8)
	  ->  Index Scan using sbtest7_pkey on sbtest7  (cost=0.43..360.82 rows=95 width=4)
	        Index Cond: ((id >= 3813355) AND (id <= 3813454))

table 8 : explain SELECT SUM(k) FROM sbtest8 WHERE id BETWEEN 6215620 AND 6215719
	Aggregate  (cost=363.28..363.29 rows=1 width=8)
	  ->  Index Scan using sbtest8_pkey on sbtest8  (cost=0.43..363.04 rows=95 width=4)
	        Index Cond: ((id >= 6215620) AND (id <= 6215719))

for: sum_ranges
table 1 : explain SELECT SUM(k) FROM sbtest1 WHERE id BETWEEN 5105728 AND 5105827
	Aggregate  (cost=372.11..372.12 rows=1 width=8)
	  ->  Index Scan using sbtest1_pkey on sbtest1  (cost=0.43..371.87 rows=97 width=4)
	        Index Cond: ((id >= 5105728) AND (id <= 5105827))

table 2 : explain SELECT SUM(k) FROM sbtest2 WHERE id BETWEEN 1569643 AND 1569742
	Aggregate  (cost=392.36..392.37 rows=1 width=8)
	  ->  Index Scan using sbtest2_pkey on sbtest2  (cost=0.43..392.10 rows=102 width=4)
	        Index Cond: ((id >= 1569643) AND (id <= 1569742))

table 3 : explain SELECT SUM(k) FROM sbtest3 WHERE id BETWEEN 4793460 AND 4793559
	Aggregate  (cost=390.91..390.92 rows=1 width=8)
	  ->  Index Scan using sbtest3_pkey on sbtest3  (cost=0.43..390.66 rows=102 width=4)
	        Index Cond: ((id >= 4793460) AND (id <= 4793559))

table 4 : explain SELECT SUM(k) FROM sbtest4 WHERE id BETWEEN 1332985 AND 1333084
	Aggregate  (cost=422.04..422.05 rows=1 width=8)
	  ->  Index Scan using sbtest4_pkey on sbtest4  (cost=0.43..421.76 rows=111 width=4)
	        Index Cond: ((id >= 1332985) AND (id <= 1333084))

table 5 : explain SELECT SUM(k) FROM sbtest5 WHERE id BETWEEN 4495646 AND 4495745
	Aggregate  (cost=358.44..358.45 rows=1 width=8)
	  ->  Index Scan using sbtest5_pkey on sbtest5  (cost=0.43..358.20 rows=94 width=4)
	        Index Cond: ((id >= 4495646) AND (id <= 4495745))

table 6 : explain SELECT SUM(k) FROM sbtest6 WHERE id BETWEEN 6621927 AND 6622026
	Aggregate  (cost=370.13..370.14 rows=1 width=8)
	  ->  Index Scan using sbtest6_pkey on sbtest6  (cost=0.43..369.89 rows=97 width=4)
	        Index Cond: ((id >= 6621927) AND (id <= 6622026))

table 7 : explain SELECT SUM(k) FROM sbtest7 WHERE id BETWEEN 2501542 AND 2501641
	Aggregate  (cost=391.04..391.05 rows=1 width=8)
	  ->  Index Scan using sbtest7_pkey on sbtest7  (cost=0.43..390.79 rows=103 width=4)
	        Index Cond: ((id >= 2501542) AND (id <= 2501641))

table 8 : explain SELECT SUM(k) FROM sbtest8 WHERE id BETWEEN 7240890 AND 7240989
	Aggregate  (cost=374.60..374.61 rows=1 width=8)
	  ->  Index Scan using sbtest8_pkey on sbtest8  (cost=0.43..374.35 rows=98 width=4)
	        Index Cond: ((id >= 7240890) AND (id <= 7240989))

for: order_ranges
table 1 : explain SELECT c FROM sbtest1 WHERE id BETWEEN 8240412 AND 8240511 ORDER BY c
	Sort  (cost=378.89..379.14 rows=98 width=121)
	  Sort Key: c
	  ->  Index Scan using sbtest1_pkey on sbtest1  (cost=0.43..375.65 rows=98 width=121)
	        Index Cond: ((id >= 8240412) AND (id <= 8240511))

table 2 : explain SELECT c FROM sbtest2 WHERE id BETWEEN 1270862 AND 1270961 ORDER BY c
	Sort  (cost=376.32..376.56 rows=97 width=121)
	  Sort Key: c
	  ->  Index Scan using sbtest2_pkey on sbtest2  (cost=0.43..373.12 rows=97 width=121)
	        Index Cond: ((id >= 1270862) AND (id <= 1270961))

table 3 : explain SELECT c FROM sbtest3 WHERE id BETWEEN 2793404 AND 2793503 ORDER BY c
	Sort  (cost=417.00..417.27 rows=108 width=121)
	  Sort Key: c
	  ->  Index Scan using sbtest3_pkey on sbtest3  (cost=0.43..413.35 rows=108 width=121)
	        Index Cond: ((id >= 2793404) AND (id <= 2793503))

table 4 : explain SELECT c FROM sbtest4 WHERE id BETWEEN 6326370 AND 6326469 ORDER BY c
	Sort  (cost=357.20..357.43 rows=93 width=121)
	  Sort Key: c
	  ->  Index Scan using sbtest4_pkey on sbtest4  (cost=0.43..354.16 rows=93 width=121)
	        Index Cond: ((id >= 6326370) AND (id <= 6326469))

table 5 : explain SELECT c FROM sbtest5 WHERE id BETWEEN 5066884 AND 5066983 ORDER BY c
	Sort  (cost=410.67..410.94 rows=107 width=121)
	  Sort Key: c
	  ->  Index Scan using sbtest5_pkey on sbtest5  (cost=0.43..407.07 rows=107 width=121)
	        Index Cond: ((id >= 5066884) AND (id <= 5066983))

table 6 : explain SELECT c FROM sbtest6 WHERE id BETWEEN 1177179 AND 1177278 ORDER BY c
	Sort  (cost=388.31..388.56 rows=101 width=121)
	  Sort Key: c
	  ->  Index Scan using sbtest6_pkey on sbtest6  (cost=0.43..384.94 rows=101 width=121)
	        Index Cond: ((id >= 1177179) AND (id <= 1177278))

table 7 : explain SELECT c FROM sbtest7 WHERE id BETWEEN 6003900 AND 6003999 ORDER BY c
	Sort  (cost=352.58..352.81 rows=92 width=121)
	  Sort Key: c
	  ->  Index Scan using sbtest7_pkey on sbtest7  (cost=0.43..349.58 rows=92 width=121)
	        Index Cond: ((id >= 6003900) AND (id <= 6003999))

table 8 : explain SELECT c FROM sbtest8 WHERE id BETWEEN 3877013 AND 3877112 ORDER BY c
	Sort  (cost=392.84..393.09 rows=102 width=121)
	  Sort Key: c
	  ->  Index Scan using sbtest8_pkey on sbtest8  (cost=0.43..389.43 rows=102 width=121)
	        Index Cond: ((id >= 3877013) AND (id <= 3877112))

for index_updates
table 1 : explain UPDATE sbtest1 SET k=k+1 WHERE id=8621871
	Update on sbtest1  (cost=0.43..8.46 rows=1 width=196)
	  ->  Index Scan using sbtest1_pkey on sbtest1  (cost=0.43..8.46 rows=1 width=196)
	        Index Cond: (id = 8621871)

table 2 : explain UPDATE sbtest2 SET k=k+1 WHERE id=9128201
	Update on sbtest2  (cost=0.43..8.46 rows=1 width=196)
	  ->  Index Scan using sbtest2_pkey on sbtest2  (cost=0.43..8.46 rows=1 width=196)
	        Index Cond: (id = 9128201)

table 3 : explain UPDATE sbtest3 SET k=k+1 WHERE id=4722554
	Update on sbtest3  (cost=0.43..8.46 rows=1 width=196)
	  ->  Index Scan using sbtest3_pkey on sbtest3  (cost=0.43..8.46 rows=1 width=196)
	        Index Cond: (id = 4722554)

table 4 : explain UPDATE sbtest4 SET k=k+1 WHERE id=9763825
	Update on sbtest4  (cost=0.43..8.46 rows=1 width=196)
	  ->  Index Scan using sbtest4_pkey on sbtest4  (cost=0.43..8.46 rows=1 width=196)
	        Index Cond: (id = 9763825)

table 5 : explain UPDATE sbtest5 SET k=k+1 WHERE id=9754961
	Update on sbtest5  (cost=0.43..8.46 rows=1 width=196)
	  ->  Index Scan using sbtest5_pkey on sbtest5  (cost=0.43..8.46 rows=1 width=196)
	        Index Cond: (id = 9754961)

table 6 : explain UPDATE sbtest6 SET k=k+1 WHERE id=9834869
	Update on sbtest6  (cost=0.43..8.46 rows=1 width=196)
	  ->  Index Scan using sbtest6_pkey on sbtest6  (cost=0.43..8.46 rows=1 width=196)
	        Index Cond: (id = 9834869)

table 7 : explain UPDATE sbtest7 SET k=k+1 WHERE id=4910568
	Update on sbtest7  (cost=0.43..8.46 rows=1 width=196)
	  ->  Index Scan using sbtest7_pkey on sbtest7  (cost=0.43..8.46 rows=1 width=196)
	        Index Cond: (id = 4910568)

table 8 : explain UPDATE sbtest8 SET k=k+1 WHERE id=8132546
	Update on sbtest8  (cost=0.43..8.46 rows=1 width=196)
	  ->  Index Scan using sbtest8_pkey on sbtest8  (cost=0.43..8.46 rows=1 width=196)
	        Index Cond: (id = 8132546)

explain: for non_index_updates :: explain UPDATE sbtest%u SET c='foobar' WHERE id=%u
for: sum_ranges
table 1 : explain SELECT SUM(k) FROM sbtest1 WHERE id BETWEEN 2011485 AND 2011584
	Aggregate  (cost=364.48..364.49 rows=1 width=8)
	  ->  Index Scan using sbtest1_pkey on sbtest1  (cost=0.43..364.24 rows=95 width=4)
	        Index Cond: ((id >= 2011485) AND (id <= 2011584))

table 2 : explain SELECT SUM(k) FROM sbtest2 WHERE id BETWEEN 5235573 AND 5235672
	Aggregate  (cost=380.96..380.97 rows=1 width=8)
	  ->  Index Scan using sbtest2_pkey on sbtest2  (cost=0.43..380.71 rows=99 width=4)
	        Index Cond: ((id >= 5235573) AND (id <= 5235672))

table 3 : explain SELECT SUM(k) FROM sbtest3 WHERE id BETWEEN 3824712 AND 3824811
	Aggregate  (cost=390.91..390.92 rows=1 width=8)
	  ->  Index Scan using sbtest3_pkey on sbtest3  (cost=0.43..390.66 rows=102 width=4)
	        Index Cond: ((id >= 3824712) AND (id <= 3824811))

table 4 : explain SELECT SUM(k) FROM sbtest4 WHERE id BETWEEN 6534011 AND 6534110
	Aggregate  (cost=369.42..369.43 rows=1 width=8)
	  ->  Index Scan using sbtest4_pkey on sbtest4  (cost=0.43..369.18 rows=97 width=4)
	        Index Cond: ((id >= 6534011) AND (id <= 6534110))

table 5 : explain SELECT SUM(k) FROM sbtest5 WHERE id BETWEEN 6289409 AND 6289508
	Aggregate  (cost=384.77..384.78 rows=1 width=8)
	  ->  Index Scan using sbtest5_pkey on sbtest5  (cost=0.43..384.51 rows=101 width=4)
	        Index Cond: ((id >= 6289409) AND (id <= 6289508))

table 6 : explain SELECT SUM(k) FROM sbtest6 WHERE id BETWEEN 2186514 AND 2186613
	Aggregate  (cost=373.90..373.91 rows=1 width=8)
	  ->  Index Scan using sbtest6_pkey on sbtest6  (cost=0.43..373.65 rows=98 width=4)
	        Index Cond: ((id >= 2186514) AND (id <= 2186613))

table 7 : explain SELECT SUM(k) FROM sbtest7 WHERE id BETWEEN 2406756 AND 2406855
	Aggregate  (cost=330.99..331.00 rows=1 width=8)
	  ->  Index Scan using sbtest7_pkey on sbtest7  (cost=0.43..330.78 rows=87 width=4)
	        Index Cond: ((id >= 2406756) AND (id <= 2406855))

table 8 : explain SELECT SUM(k) FROM sbtest8 WHERE id BETWEEN 4134752 AND 4134851
	Aggregate  (cost=382.14..382.15 rows=1 width=8)
	  ->  Index Scan using sbtest8_pkey on sbtest8  (cost=0.43..381.89 rows=100 width=4)
	        Index Cond: ((id >= 4134752) AND (id <= 4134851))

for: sum_ranges
table 1 : explain SELECT SUM(k) FROM sbtest1 WHERE id BETWEEN 6429848 AND 6429947
	Aggregate  (cost=372.05..372.06 rows=1 width=8)
	  ->  Index Scan using sbtest1_pkey on sbtest1  (cost=0.43..371.81 rows=97 width=4)
	        Index Cond: ((id >= 6429848) AND (id <= 6429947))

table 2 : explain SELECT SUM(k) FROM sbtest2 WHERE id BETWEEN 5803734 AND 5803833
	Aggregate  (cost=388.56..388.57 rows=1 width=8)
	  ->  Index Scan using sbtest2_pkey on sbtest2  (cost=0.43..388.31 rows=101 width=4)
	        Index Cond: ((id >= 5803734) AND (id <= 5803833))

table 3 : explain SELECT SUM(k) FROM sbtest3 WHERE id BETWEEN 9560290 AND 9560389
	Aggregate  (cost=375.77..375.78 rows=1 width=8)
	  ->  Index Scan using sbtest3_pkey on sbtest3  (cost=0.43..375.53 rows=98 width=4)
	        Index Cond: ((id >= 9560290) AND (id <= 9560389))

table 4 : explain SELECT SUM(k) FROM sbtest4 WHERE id BETWEEN 8691209 AND 8691308
	Aggregate  (cost=399.49..399.50 rows=1 width=8)
	  ->  Index Scan using sbtest4_pkey on sbtest4  (cost=0.43..399.22 rows=105 width=4)
	        Index Cond: ((id >= 8691209) AND (id <= 8691308))

table 5 : explain SELECT SUM(k) FROM sbtest5 WHERE id BETWEEN 4812505 AND 4812604
	Aggregate  (cost=392.29..392.30 rows=1 width=8)
	  ->  Index Scan using sbtest5_pkey on sbtest5  (cost=0.43..392.03 rows=103 width=4)
	        Index Cond: ((id >= 4812505) AND (id <= 4812604))

table 6 : explain SELECT SUM(k) FROM sbtest6 WHERE id BETWEEN 6501484 AND 6501583
	Aggregate  (cost=373.90..373.91 rows=1 width=8)
	  ->  Index Scan using sbtest6_pkey on sbtest6  (cost=0.43..373.65 rows=98 width=4)
	        Index Cond: ((id >= 6501484) AND (id <= 6501583))

table 7 : explain SELECT SUM(k) FROM sbtest7 WHERE id BETWEEN 8155452 AND 8155551
	Aggregate  (cost=394.79..394.80 rows=1 width=8)
	  ->  Index Scan using sbtest7_pkey on sbtest7  (cost=0.43..394.53 rows=104 width=4)
	        Index Cond: ((id >= 8155452) AND (id <= 8155551))

table 8 : explain SELECT SUM(k) FROM sbtest8 WHERE id BETWEEN 9804110 AND 9804209
	Aggregate  (cost=389.69..389.70 rows=1 width=8)
	  ->  Index Scan using sbtest8_pkey on sbtest8  (cost=0.43..389.43 rows=102 width=4)
	        Index Cond: ((id >= 9804110) AND (id <= 9804209))

for: distinct_ranges
table 1 : explain SELECT DISTINCT c FROM sbtest1 WHERE id BETWEEN 515725 AND 515824 ORDER BY c
	Unique  (cost=413.31..413.85 rows=107 width=121)
	  ->  Sort  (cost=413.31..413.58 rows=107 width=121)
	        Sort Key: c
	        ->  Index Scan using sbtest1_pkey on sbtest1  (cost=0.43..409.71 rows=107 width=121)
	              Index Cond: ((id >= 515725) AND (id <= 515824))

table 2 : explain SELECT DISTINCT c FROM sbtest2 WHERE id BETWEEN 653704 AND 653803 ORDER BY c
	Unique  (cost=387.83..388.33 rows=100 width=121)
	  ->  Sort  (cost=387.83..388.08 rows=100 width=121)
	        Sort Key: c
	        ->  Index Scan using sbtest2_pkey on sbtest2  (cost=0.43..384.51 rows=100 width=121)
	              Index Cond: ((id >= 653704) AND (id <= 653803))

table 3 : explain SELECT DISTINCT c FROM sbtest3 WHERE id BETWEEN 7526597 AND 7526696 ORDER BY c
	Unique  (cost=329.02..329.44 rows=85 width=121)
	  ->  Sort  (cost=329.02..329.23 rows=85 width=121)
	        Sort Key: c
	        ->  Index Scan using sbtest3_pkey on sbtest3  (cost=0.43..326.30 rows=85 width=121)
	              Index Cond: ((id >= 7526597) AND (id <= 7526696))

table 4 : explain SELECT DISTINCT c FROM sbtest4 WHERE id BETWEEN 4959152 AND 4959251 ORDER BY c
	Unique  (cost=379.97..380.47 rows=99 width=121)
	  ->  Sort  (cost=379.97..380.22 rows=99 width=121)
	        Sort Key: c
	        ->  Index Scan using sbtest4_pkey on sbtest4  (cost=0.43..376.69 rows=99 width=121)
	              Index Cond: ((id >= 4959152) AND (id <= 4959251))

table 5 : explain SELECT DISTINCT c FROM sbtest5 WHERE id BETWEEN 7933305 AND 7933404 ORDER BY c
	Unique  (cost=399.27..399.79 rows=104 width=121)
	  ->  Sort  (cost=399.27..399.53 rows=104 width=121)
	        Sort Key: c
	        ->  Index Scan using sbtest5_pkey on sbtest5  (cost=0.43..395.79 rows=104 width=121)
	              Index Cond: ((id >= 7933305) AND (id <= 7933404))

table 6 : explain SELECT DISTINCT c FROM sbtest6 WHERE id BETWEEN 6289317 AND 6289416 ORDER BY c
	Unique  (cost=418.74..419.28 rows=109 width=121)
	  ->  Sort  (cost=418.74..419.01 rows=109 width=121)
	        Sort Key: c
	        ->  Index Scan using sbtest6_pkey on sbtest6  (cost=0.43..415.05 rows=109 width=121)
	              Index Cond: ((id >= 6289317) AND (id <= 6289416))

table 7 : explain SELECT DISTINCT c FROM sbtest7 WHERE id BETWEEN 4166250 AND 4166349 ORDER BY c
	Unique  (cost=398.02..398.54 rows=104 width=121)
	  ->  Sort  (cost=398.02..398.28 rows=104 width=121)
	        Sort Key: c
	        ->  Index Scan using sbtest7_pkey on sbtest7  (cost=0.43..394.53 rows=104 width=121)
	              Index Cond: ((id >= 4166250) AND (id <= 4166349))

table 8 : explain SELECT DISTINCT c FROM sbtest8 WHERE id BETWEEN 4676763 AND 4676862 ORDER BY c
	Unique  (cost=404.27..404.80 rows=105 width=121)
	  ->  Sort  (cost=404.27..404.53 rows=105 width=121)
	        Sort Key: c
	        ->  Index Scan using sbtest8_pkey on sbtest8  (cost=0.43..400.75 rows=105 width=121)
	              Index Cond: ((id >= 4676763) AND (id <= 4676862))

for index_updates
table 1 : explain UPDATE sbtest1 SET k=k+1 WHERE id=6527794
	Update on sbtest1  (cost=0.43..8.46 rows=1 width=196)
	  ->  Index Scan using sbtest1_pkey on sbtest1  (cost=0.43..8.46 rows=1 width=196)
	        Index Cond: (id = 6527794)

table 2 : explain UPDATE sbtest2 SET k=k+1 WHERE id=6117233
	Update on sbtest2  (cost=0.43..8.46 rows=1 width=196)
	  ->  Index Scan using sbtest2_pkey on sbtest2  (cost=0.43..8.46 rows=1 width=196)
	        Index Cond: (id = 6117233)

table 3 : explain UPDATE sbtest3 SET k=k+1 WHERE id=11289
	Update on sbtest3  (cost=0.43..8.46 rows=1 width=196)
	  ->  Index Scan using sbtest3_pkey on sbtest3  (cost=0.43..8.46 rows=1 width=196)
	        Index Cond: (id = 11289)

table 4 : explain UPDATE sbtest4 SET k=k+1 WHERE id=8225820
	Update on sbtest4  (cost=0.43..8.46 rows=1 width=196)
	  ->  Index Scan using sbtest4_pkey on sbtest4  (cost=0.43..8.46 rows=1 width=196)
	        Index Cond: (id = 8225820)

table 5 : explain UPDATE sbtest5 SET k=k+1 WHERE id=7022830
	Update on sbtest5  (cost=0.43..8.46 rows=1 width=196)
	  ->  Index Scan using sbtest5_pkey on sbtest5  (cost=0.43..8.46 rows=1 width=196)
	        Index Cond: (id = 7022830)

table 6 : explain UPDATE sbtest6 SET k=k+1 WHERE id=8640157
	Update on sbtest6  (cost=0.43..8.46 rows=1 width=196)
	  ->  Index Scan using sbtest6_pkey on sbtest6  (cost=0.43..8.46 rows=1 width=196)
	        Index Cond: (id = 8640157)

table 7 : explain UPDATE sbtest7 SET k=k+1 WHERE id=269327
	Update on sbtest7  (cost=0.43..8.46 rows=1 width=196)
	  ->  Index Scan using sbtest7_pkey on sbtest7  (cost=0.43..8.46 rows=1 width=196)
	        Index Cond: (id = 269327)

table 8 : explain UPDATE sbtest8 SET k=k+1 WHERE id=6294479
	Update on sbtest8  (cost=0.43..8.46 rows=1 width=196)
	  ->  Index Scan using sbtest8_pkey on sbtest8  (cost=0.43..8.46 rows=1 width=196)
	        Index Cond: (id = 6294479)

explain: for non_index_updates :: explain UPDATE sbtest%u SET c='foobar' WHERE id=%u
for non_index_updates
table 1 : explain UPDATE sbtest1 SET c='foobar' WHERE id=5524230
	Update on sbtest1  (cost=0.43..8.45 rows=1 width=559)
	  ->  Index Scan using sbtest1_pkey on sbtest1  (cost=0.43..8.45 rows=1 width=559)
	        Index Cond: (id = 5524230)

table 2 : explain UPDATE sbtest2 SET c='foobar' WHERE id=5335413
	Update on sbtest2  (cost=0.43..8.45 rows=1 width=559)
	  ->  Index Scan using sbtest2_pkey on sbtest2  (cost=0.43..8.45 rows=1 width=559)
	        Index Cond: (id = 5335413)

table 3 : explain UPDATE sbtest3 SET c='foobar' WHERE id=7943275
	Update on sbtest3  (cost=0.43..8.45 rows=1 width=559)
	  ->  Index Scan using sbtest3_pkey on sbtest3  (cost=0.43..8.45 rows=1 width=559)
	        Index Cond: (id = 7943275)

table 4 : explain UPDATE sbtest4 SET c='foobar' WHERE id=5332069
	Update on sbtest4  (cost=0.43..8.45 rows=1 width=559)
	  ->  Index Scan using sbtest4_pkey on sbtest4  (cost=0.43..8.45 rows=1 width=559)
	        Index Cond: (id = 5332069)

table 5 : explain UPDATE sbtest5 SET c='foobar' WHERE id=936796
	Update on sbtest5  (cost=0.43..8.45 rows=1 width=559)
	  ->  Index Scan using sbtest5_pkey on sbtest5  (cost=0.43..8.45 rows=1 width=559)
	        Index Cond: (id = 936796)

table 6 : explain UPDATE sbtest6 SET c='foobar' WHERE id=2545191
	Update on sbtest6  (cost=0.43..8.45 rows=1 width=559)
	  ->  Index Scan using sbtest6_pkey on sbtest6  (cost=0.43..8.45 rows=1 width=559)
	        Index Cond: (id = 2545191)

table 7 : explain UPDATE sbtest7 SET c='foobar' WHERE id=2781241
	Update on sbtest7  (cost=0.43..8.45 rows=1 width=559)
	  ->  Index Scan using sbtest7_pkey on sbtest7  (cost=0.43..8.45 rows=1 width=559)
	        Index Cond: (id = 2781241)

table 8 : explain UPDATE sbtest8 SET c='foobar' WHERE id=2466629
	Update on sbtest8  (cost=0.43..8.45 rows=1 width=559)
	  ->  Index Scan using sbtest8_pkey on sbtest8  (cost=0.43..8.45 rows=1 width=559)
	        Index Cond: (id = 2466629)

for: sum_ranges
table 1 : explain SELECT SUM(k) FROM sbtest1 WHERE id BETWEEN 1309244 AND 1309343
	Aggregate  (cost=345.55..345.56 rows=1 width=8)
	  ->  Index Scan using sbtest1_pkey on sbtest1  (cost=0.43..345.32 rows=90 width=4)
	        Index Cond: ((id >= 1309244) AND (id <= 1309343))

table 2 : explain SELECT SUM(k) FROM sbtest2 WHERE id BETWEEN 3042926 AND 3043025
	Aggregate  (cost=365.76..365.77 rows=1 width=8)
	  ->  Index Scan using sbtest2_pkey on sbtest2  (cost=0.43..365.52 rows=95 width=4)
	        Index Cond: ((id >= 3042926) AND (id <= 3043025))

table 3 : explain SELECT SUM(k) FROM sbtest3 WHERE id BETWEEN 930769 AND 930868
	Aggregate  (cost=371.99..372.00 rows=1 width=8)
	  ->  Index Scan using sbtest3_pkey on sbtest3  (cost=0.43..371.74 rows=97 width=4)
	        Index Cond: ((id >= 930769) AND (id <= 930868))

table 4 : explain SELECT SUM(k) FROM sbtest4 WHERE id BETWEEN 9662315 AND 9662414
	Aggregate  (cost=407.00..407.01 rows=1 width=8)
	  ->  Index Scan using sbtest4_pkey on sbtest4  (cost=0.43..406.74 rows=107 width=4)
	        Index Cond: ((id >= 9662315) AND (id <= 9662414))

table 5 : explain SELECT SUM(k) FROM sbtest5 WHERE id BETWEEN 2302051 AND 2302150
	Aggregate  (cost=388.53..388.54 rows=1 width=8)
	  ->  Index Scan using sbtest5_pkey on sbtest5  (cost=0.43..388.27 rows=102 width=4)
	        Index Cond: ((id >= 2302051) AND (id <= 2302150))

table 6 : explain SELECT SUM(k) FROM sbtest6 WHERE id BETWEEN 488848 AND 488947
	Aggregate  (cost=415.32..415.33 rows=1 width=8)
	  ->  Index Scan using sbtest6_pkey on sbtest6  (cost=0.43..415.05 rows=109 width=4)
	        Index Cond: ((id >= 488848) AND (id <= 488947))

table 7 : explain SELECT SUM(k) FROM sbtest7 WHERE id BETWEEN 10317 AND 10416
	Aggregate  (cost=383.55..383.56 rows=1 width=8)
	  ->  Index Scan using sbtest7_pkey on sbtest7  (cost=0.43..383.29 rows=101 width=4)
	        Index Cond: ((id >= 10317) AND (id <= 10416))

table 8 : explain SELECT SUM(k) FROM sbtest8 WHERE id BETWEEN 9933248 AND 9933347
	Aggregate  (cost=378.37..378.38 rows=1 width=8)
	  ->  Index Scan using sbtest8_pkey on sbtest8  (cost=0.43..378.12 rows=99 width=4)
	        Index Cond: ((id >= 9933248) AND (id <= 9933347))

explain: for non_index_updates :: explain UPDATE sbtest%u SET c='foobar' WHERE id=%u
for index_updates
table 1 : explain UPDATE sbtest1 SET k=k+1 WHERE id=5501923
	Update on sbtest1  (cost=0.43..8.46 rows=1 width=196)
	  ->  Index Scan using sbtest1_pkey on sbtest1  (cost=0.43..8.46 rows=1 width=196)
	        Index Cond: (id = 5501923)

table 2 : explain UPDATE sbtest2 SET k=k+1 WHERE id=8720588
	Update on sbtest2  (cost=0.43..8.46 rows=1 width=196)
	  ->  Index Scan using sbtest2_pkey on sbtest2  (cost=0.43..8.46 rows=1 width=196)
	        Index Cond: (id = 8720588)

table 3 : explain UPDATE sbtest3 SET k=k+1 WHERE id=4912968
	Update on sbtest3  (cost=0.43..8.46 rows=1 width=196)
	  ->  Index Scan using sbtest3_pkey on sbtest3  (cost=0.43..8.46 rows=1 width=196)
	        Index Cond: (id = 4912968)

table 4 : explain UPDATE sbtest4 SET k=k+1 WHERE id=9043808
	Update on sbtest4  (cost=0.43..8.46 rows=1 width=196)
	  ->  Index Scan using sbtest4_pkey on sbtest4  (cost=0.43..8.46 rows=1 width=196)
	        Index Cond: (id = 9043808)

table 5 : explain UPDATE sbtest5 SET k=k+1 WHERE id=9324512
	Update on sbtest5  (cost=0.43..8.46 rows=1 width=196)
	  ->  Index Scan using sbtest5_pkey on sbtest5  (cost=0.43..8.46 rows=1 width=196)
	        Index Cond: (id = 9324512)

table 6 : explain UPDATE sbtest6 SET k=k+1 WHERE id=2112654
	Update on sbtest6  (cost=0.43..8.46 rows=1 width=196)
	  ->  Index Scan using sbtest6_pkey on sbtest6  (cost=0.43..8.46 rows=1 width=196)
	        Index Cond: (id = 2112654)

table 7 : explain UPDATE sbtest7 SET k=k+1 WHERE id=1619154
	Update on sbtest7  (cost=0.43..8.46 rows=1 width=196)
	  ->  Index Scan using sbtest7_pkey on sbtest7  (cost=0.43..8.46 rows=1 width=196)
	        Index Cond: (id = 1619154)

table 8 : explain UPDATE sbtest8 SET k=k+1 WHERE id=6118366
	Update on sbtest8  (cost=0.43..8.46 rows=1 width=196)
	  ->  Index Scan using sbtest8_pkey on sbtest8  (cost=0.43..8.46 rows=1 width=196)
	        Index Cond: (id = 6118366)

explain: for index_updates :: explain UPDATE sbtest%u SET k=k+1 WHERE id=%u
explain: for deletes :: explain DELETE FROM sbtest%u WHERE id=%u
for: distinct_ranges
table 1 : explain SELECT DISTINCT c FROM sbtest1 WHERE id BETWEEN 2366671 AND 2366770 ORDER BY c
	Unique  (cost=386.54..387.04 rows=100 width=121)
	  ->  Sort  (cost=386.54..386.79 rows=100 width=121)
	        Sort Key: c
	        ->  Index Scan using sbtest1_pkey on sbtest1  (cost=0.43..383.22 rows=100 width=121)
	              Index Cond: ((id >= 2366671) AND (id <= 2366770))

table 2 : explain SELECT DISTINCT c FROM sbtest2 WHERE id BETWEEN 7616113 AND 7616212 ORDER BY c
	Unique  (cost=368.64..369.12 rows=95 width=121)
	  ->  Sort  (cost=368.64..368.88 rows=95 width=121)
	        Sort Key: c
	        ->  Index Scan using sbtest2_pkey on sbtest2  (cost=0.43..365.52 rows=95 width=121)
	              Index Cond: ((id >= 7616113) AND (id <= 7616212))

table 3 : explain SELECT DISTINCT c FROM sbtest3 WHERE id BETWEEN 9982821 AND 9982920 ORDER BY c
	Unique  (cost=397.88..398.40 rows=103 width=121)
	  ->  Sort  (cost=397.88..398.14 rows=103 width=121)
	        Sort Key: c
	        ->  Index Scan using sbtest3_pkey on sbtest3  (cost=0.43..394.44 rows=103 width=121)
	              Index Cond: ((id >= 9982821) AND (id <= 9982920))

table 4 : explain SELECT DISTINCT c FROM sbtest4 WHERE id BETWEEN 249995 AND 250094 ORDER BY c
	Unique  (cost=410.34..410.88 rows=107 width=121)
	  ->  Sort  (cost=410.34..410.61 rows=107 width=121)
	        Sort Key: c
	        ->  Index Scan using sbtest4_pkey on sbtest4  (cost=0.43..406.74 rows=107 width=121)
	              Index Cond: ((id >= 249995) AND (id <= 250094))

table 5 : explain SELECT DISTINCT c FROM sbtest5 WHERE id BETWEEN 5167775 AND 5167874 ORDER BY c
	Unique  (cost=357.49..357.95 rows=93 width=121)
	  ->  Sort  (cost=357.49..357.72 rows=93 width=121)
	        Sort Key: c
	        ->  Index Scan using sbtest5_pkey on sbtest5  (cost=0.43..354.44 rows=93 width=121)
	              Index Cond: ((id >= 5167775) AND (id <= 5167874))

table 6 : explain SELECT DISTINCT c FROM sbtest6 WHERE id BETWEEN 1335909 AND 1336008 ORDER BY c
	Unique  (cost=426.34..426.90 rows=111 width=121)
	  ->  Sort  (cost=426.34..426.62 rows=111 width=121)
	        Sort Key: c
	        ->  Index Scan using sbtest6_pkey on sbtest6  (cost=0.43..422.57 rows=111 width=121)
	              Index Cond: ((id >= 1335909) AND (id <= 1336008))

table 7 : explain SELECT DISTINCT c FROM sbtest7 WHERE id BETWEEN 5970629 AND 5970728 ORDER BY c
	Unique  (cost=352.58..353.04 rows=92 width=121)
	  ->  Sort  (cost=352.58..352.81 rows=92 width=121)
	        Sort Key: c
	        ->  Index Scan using sbtest7_pkey on sbtest7  (cost=0.43..349.58 rows=92 width=121)
	              Index Cond: ((id >= 5970629) AND (id <= 5970728))

table 8 : explain SELECT DISTINCT c FROM sbtest8 WHERE id BETWEEN 2971362 AND 2971461 ORDER BY c
	Unique  (cost=381.41..381.90 rows=99 width=121)
	  ->  Sort  (cost=381.41..381.65 rows=99 width=121)
	        Sort Key: c
	        ->  Index Scan using sbtest8_pkey on sbtest8  (cost=0.43..378.12 rows=99 width=121)
	              Index Cond: ((id >= 2971362) AND (id <= 2971461))
for: order_ranges
table 1 : explain SELECT c FROM sbtest1 WHERE id BETWEEN 1155302 AND 1155401 ORDER BY c
	Sort  (cost=398.01..398.27 rows=103 width=121)
	  Sort Key: c
	  ->  Index Scan using sbtest1_pkey on sbtest1  (cost=0.43..394.57 rows=103 width=121)
	        Index Cond: ((id >= 1155302) AND (id <= 1155401))

table 2 : explain SELECT c FROM sbtest2 WHERE id BETWEEN 5044815 AND 5044914 ORDER BY c
	Sort  (cost=414.69..414.96 rows=107 width=121)
	  Sort Key: c
	  ->  Index Scan using sbtest2_pkey on sbtest2  (cost=0.43..411.09 rows=107 width=121)
	        Index Cond: ((id >= 5044815) AND (id <= 5044914))

table 3 : explain SELECT c FROM sbtest3 WHERE id BETWEEN 6682786 AND 6682885 ORDER BY c
	Sort  (cost=390.24..390.49 rows=101 width=121)
	  Sort Key: c
	  ->  Index Scan using sbtest3_pkey on sbtest3  (cost=0.43..386.87 rows=101 width=121)
	        Index Cond: ((id >= 6682786) AND (id <= 6682885))

table 4 : explain SELECT c FROM sbtest4 WHERE id BETWEEN 9077705 AND 9077804 ORDER BY c
	Sort  (cost=345.75..345.97 rows=90 width=121)
	  Sort Key: c
	  ->  Index Scan using sbtest4_pkey on sbtest4  (cost=0.43..342.83 rows=90 width=121)
	        Index Cond: ((id >= 9077705) AND (id <= 9077804))

table 5 : explain SELECT c FROM sbtest5 WHERE id BETWEEN 619152 AND 619251 ORDER BY c
	Sort  (cost=384.08..384.33 rows=100 width=121)
	  Sort Key: c
	  ->  Index Scan using sbtest5_pkey on sbtest5  (cost=0.43..380.75 rows=100 width=121)
	        Index Cond: ((id >= 619152) AND (id <= 619251))

table 6 : explain SELECT c FROM sbtest6 WHERE id BETWEEN 1864348 AND 1864447 ORDER BY c
	Sort  (cost=418.74..419.01 rows=109 width=121)
	  Sort Key: c
	  ->  Index Scan using sbtest6_pkey on sbtest6  (cost=0.43..415.05 rows=109 width=121)
	        Index Cond: ((id >= 1864348) AND (id <= 1864447))

table 7 : explain SELECT c FROM sbtest7 WHERE id BETWEEN 8162939 AND 8163038 ORDER BY c
	Sort  (cost=398.02..398.28 rows=104 width=121)
	  Sort Key: c
	  ->  Index Scan using sbtest7_pkey on sbtest7  (cost=0.43..394.53 rows=104 width=121)
	        Index Cond: ((id >= 8162939) AND (id <= 8163038))

table 8 : explain SELECT c FROM sbtest8 WHERE id BETWEEN 9199007 AND 9199106 ORDER BY c
	Sort  (cost=366.16..366.40 rows=95 width=121)
	  Sort Key: c
	  ->  Index Scan using sbtest8_pkey on sbtest8  (cost=0.43..363.04 rows=95 width=121)
	        Index Cond: ((id >= 9199007) AND (id <= 9199106))


for: distinct_ranges
table 1 : explain SELECT DISTINCT c FROM sbtest1 WHERE id BETWEEN 7916582 AND 7916681 ORDER BY c
	Unique  (cost=363.54..364.01 rows=94 width=121)
	  ->  Sort  (cost=363.54..363.77 rows=94 width=121)
	        Sort Key: c
	        ->  Index Scan using sbtest1_pkey on sbtest1  (cost=0.43..360.46 rows=94 width=121)
	              Index Cond: ((id >= 7916582) AND (id <= 7916681))

table 2 : explain SELECT DISTINCT c FROM sbtest2 WHERE id BETWEEN 3503137 AND 3503236 ORDER BY c
	Unique  (cost=376.32..376.80 rows=97 width=121)
	  ->  Sort  (cost=376.32..376.56 rows=97 width=121)
	        Sort Key: c
	        ->  Index Scan using sbtest2_pkey on sbtest2  (cost=0.43..373.12 rows=97 width=121)
	              Index Cond: ((id >= 3503137) AND (id <= 3503236))

table 3 : explain SELECT DISTINCT c FROM sbtest3 WHERE id BETWEEN 230767 AND 230866 ORDER BY c
	Unique  (cost=428.47..429.02 rows=111 width=121)
	  ->  Sort  (cost=428.47..428.75 rows=111 width=121)
	        Sort Key: c
	        ->  Index Scan using sbtest3_pkey on sbtest3  (cost=0.43..424.70 rows=111 width=121)
	              Index Cond: ((id >= 230767) AND (id <= 230866))

table 4 : explain SELECT DISTINCT c FROM sbtest4 WHERE id BETWEEN 1120796 AND 1120895 ORDER BY c
	Unique  (cost=398.95..399.47 rows=104 width=121)
	  ->  Sort  (cost=398.95..399.21 rows=104 width=121)
	        Sort Key: c
	        ->  Index Scan using sbtest4_pkey on sbtest4  (cost=0.43..395.47 rows=104 width=121)
	              Index Cond: ((id >= 1120796) AND (id <= 1120895))

table 5 : explain SELECT DISTINCT c FROM sbtest5 WHERE id BETWEEN 3019071 AND 3019170 ORDER BY c
	Unique  (cost=361.28..361.75 rows=94 width=121)
	  ->  Sort  (cost=361.28..361.52 rows=94 width=121)
	        Sort Key: c
	        ->  Index Scan using sbtest5_pkey on sbtest5  (cost=0.43..358.20 rows=94 width=121)
	              Index Cond: ((id >= 3019071) AND (id <= 3019170))

table 6 : explain SELECT DISTINCT c FROM sbtest6 WHERE id BETWEEN 6011381 AND 6011480 ORDER BY c
	Unique  (cost=384.50..385.00 rows=100 width=121)
	  ->  Sort  (cost=384.50..384.75 rows=100 width=121)
	        Sort Key: c
	        ->  Index Scan using sbtest6_pkey on sbtest6  (cost=0.43..381.18 rows=100 width=121)
	              Index Cond: ((id >= 6011381) AND (id <= 6011480))

table 7 : explain SELECT DISTINCT c FROM sbtest7 WHERE id BETWEEN 1804253 AND 1804352 ORDER BY c
	Unique  (cost=379.08..379.58 rows=99 width=121)
	  ->  Sort  (cost=379.08..379.33 rows=99 width=121)
	        Sort Key: c
	        ->  Index Scan using sbtest7_pkey on sbtest7  (cost=0.43..375.80 rows=99 width=121)
	              Index Cond: ((id >= 1804253) AND (id <= 1804352))

table 8 : explain SELECT DISTINCT c FROM sbtest8 WHERE id BETWEEN 4741549 AND 4741648 ORDER BY c
	Unique  (cost=377.60..378.09 rows=98 width=121)
	  ->  Sort  (cost=377.60..377.84 rows=98 width=121)
	        Sort Key: c
	        ->  Index Scan using sbtest8_pkey on sbtest8  (cost=0.43..374.35 rows=98 width=121)
	              Index Cond: ((id >= 4741549) AND (id <= 4741648))

explain: for non_index_updates :: explain UPDATE sbtest%u SET c='foobar' WHERE id=%u
for: sum_ranges
table 1 : explain SELECT SUM(k) FROM sbtest1 WHERE id BETWEEN 7878138 AND 7878237
	Aggregate  (cost=364.48..364.49 rows=1 width=8)
	  ->  Index Scan using sbtest1_pkey on sbtest1  (cost=0.43..364.24 rows=95 width=4)
	        Index Cond: ((id >= 7878138) AND (id <= 7878237))

table 2 : explain SELECT SUM(k) FROM sbtest2 WHERE id BETWEEN 9080643 AND 9080742
	Aggregate  (cost=346.71..346.72 rows=1 width=8)
	  ->  Index Scan using sbtest2_pkey on sbtest2  (cost=0.43..346.48 rows=90 width=4)
	        Index Cond: ((id >= 9080643) AND (id <= 9080742))

table 3 : explain SELECT SUM(k) FROM sbtest3 WHERE id BETWEEN 5169871 AND 5169970
	Aggregate  (cost=409.84..409.85 rows=1 width=8)
	  ->  Index Scan using sbtest3_pkey on sbtest3  (cost=0.43..409.57 rows=107 width=4)
	        Index Cond: ((id >= 5169871) AND (id <= 5169970))

table 4 : explain SELECT SUM(k) FROM sbtest4 WHERE id BETWEEN 8320906 AND 8321005
	Aggregate  (cost=365.67..365.68 rows=1 width=8)
	  ->  Index Scan using sbtest4_pkey on sbtest4  (cost=0.43..365.43 rows=96 width=4)
	        Index Cond: ((id >= 8320906) AND (id <= 8321005))

table 5 : explain SELECT SUM(k) FROM sbtest5 WHERE id BETWEEN 7434221 AND 7434320
	Aggregate  (cost=354.68..354.69 rows=1 width=8)
	  ->  Index Scan using sbtest5_pkey on sbtest5  (cost=0.43..354.44 rows=93 width=4)
	        Index Cond: ((id >= 7434221) AND (id <= 7434320))

table 6 : explain SELECT SUM(k) FROM sbtest6 WHERE id BETWEEN 9109625 AND 9109724
	Aggregate  (cost=381.43..381.44 rows=1 width=8)
	  ->  Index Scan using sbtest6_pkey on sbtest6  (cost=0.43..381.18 rows=100 width=4)
	        Index Cond: ((id >= 9109625) AND (id <= 9109724))

table 7 : explain SELECT SUM(k) FROM sbtest7 WHERE id BETWEEN 4209570 AND 4209669
	Aggregate  (cost=383.55..383.56 rows=1 width=8)
	  ->  Index Scan using sbtest7_pkey on sbtest7  (cost=0.43..383.29 rows=101 width=4)
	        Index Cond: ((id >= 4209570) AND (id <= 4209669))

table 8 : explain SELECT SUM(k) FROM sbtest8 WHERE id BETWEEN 3835102 AND 3835201
	Aggregate  (cost=389.69..389.70 rows=1 width=8)
	  ->  Index Scan using sbtest8_pkey on sbtest8  (cost=0.43..389.43 rows=102 width=4)
	        Index Cond: ((id >= 3835102) AND (id <= 3835201))

for non_index_updates
table 1 : explain UPDATE sbtest1 SET c='foobar' WHERE id=1522639
	Update on sbtest1  (cost=0.43..8.45 rows=1 width=559)
	  ->  Index Scan using sbtest1_pkey on sbtest1  (cost=0.43..8.45 rows=1 width=559)
	        Index Cond: (id = 1522639)

table 2 : explain UPDATE sbtest2 SET c='foobar' WHERE id=2052966
	Update on sbtest2  (cost=0.43..8.45 rows=1 width=559)
	  ->  Index Scan using sbtest2_pkey on sbtest2  (cost=0.43..8.45 rows=1 width=559)
	        Index Cond: (id = 2052966)

table 3 : explain UPDATE sbtest3 SET c='foobar' WHERE id=5804180
	Update on sbtest3  (cost=0.43..8.45 rows=1 width=559)
	  ->  Index Scan using sbtest3_pkey on sbtest3  (cost=0.43..8.45 rows=1 width=559)
	        Index Cond: (id = 5804180)

table 4 : explain UPDATE sbtest4 SET c='foobar' WHERE id=76958
	Update on sbtest4  (cost=0.43..8.45 rows=1 width=559)
	  ->  Index Scan using sbtest4_pkey on sbtest4  (cost=0.43..8.45 rows=1 width=559)
	        Index Cond: (id = 76958)

table 5 : explain UPDATE sbtest5 SET c='foobar' WHERE id=7176999
	Update on sbtest5  (cost=0.43..8.45 rows=1 width=559)
	  ->  Index Scan using sbtest5_pkey on sbtest5  (cost=0.43..8.45 rows=1 width=559)
	        Index Cond: (id = 7176999)

table 6 : explain UPDATE sbtest6 SET c='foobar' WHERE id=7368235
	Update on sbtest6  (cost=0.43..8.45 rows=1 width=559)
	  ->  Index Scan using sbtest6_pkey on sbtest6  (cost=0.43..8.45 rows=1 width=559)
	        Index Cond: (id = 7368235)

table 7 : explain UPDATE sbtest7 SET c='foobar' WHERE id=709283
	Update on sbtest7  (cost=0.43..8.45 rows=1 width=559)
	  ->  Index Scan using sbtest7_pkey on sbtest7  (cost=0.43..8.45 rows=1 width=559)
	        Index Cond: (id = 709283)

table 8 : explain UPDATE sbtest8 SET c='foobar' WHERE id=1048261
	Update on sbtest8  (cost=0.43..8.45 rows=1 width=559)
	  ->  Index Scan using sbtest8_pkey on sbtest8  (cost=0.43..8.45 rows=1 width=559)
	        Index Cond: (id = 1048261)

for: order_ranges
table 1 : explain SELECT c FROM sbtest1 WHERE id BETWEEN 5646672 AND 5646771 ORDER BY c
	Sort  (cost=352.07..352.30 rows=91 width=121)
	  Sort Key: c
	  ->  Index Scan using sbtest1_pkey on sbtest1  (cost=0.43..349.11 rows=91 width=121)
	        Index Cond: ((id >= 5646672) AND (id <= 5646771))

table 2 : explain SELECT c FROM sbtest2 WHERE id BETWEEN 8465207 AND 8465306 ORDER BY c
	Sort  (cost=399.34..399.60 rows=103 width=121)
	  Sort Key: c
	  ->  Index Scan using sbtest2_pkey on sbtest2  (cost=0.43..395.90 rows=103 width=121)
	        Index Cond: ((id >= 8465207) AND (id <= 8465306))

table 3 : explain SELECT c FROM sbtest3 WHERE id BETWEEN 8072593 AND 8072692 ORDER BY c
	Sort  (cost=378.77..379.01 rows=98 width=121)
	  Sort Key: c
	  ->  Index Scan using sbtest3_pkey on sbtest3  (cost=0.43..375.53 rows=98 width=121)
	        Index Cond: ((id >= 8072593) AND (id <= 8072692))

table 4 : explain SELECT c FROM sbtest4 WHERE id BETWEEN 690286 AND 690385 ORDER BY c
	Sort  (cost=368.59..368.83 rows=96 width=121)
	  Sort Key: c
	  ->  Index Scan using sbtest4_pkey on sbtest4  (cost=0.43..365.43 rows=96 width=121)
	        Index Cond: ((id >= 690286) AND (id <= 690385))

table 5 : explain SELECT c FROM sbtest5 WHERE id BETWEEN 2876936 AND 2877035 ORDER BY c
	Sort  (cost=365.08..365.32 rows=95 width=121)
	  Sort Key: c
	  ->  Index Scan using sbtest5_pkey on sbtest5  (cost=0.43..361.96 rows=95 width=121)
	        Index Cond: ((id >= 2876936) AND (id <= 2877035))

table 6 : explain SELECT c FROM sbtest6 WHERE id BETWEEN 8118625 AND 8118724 ORDER BY c
	Sort  (cost=388.31..388.56 rows=101 width=121)
	  Sort Key: c
	  ->  Index Scan using sbtest6_pkey on sbtest6  (cost=0.43..384.94 rows=101 width=121)
	        Index Cond: ((id >= 8118625) AND (id <= 8118724))

table 7 : explain SELECT c FROM sbtest7 WHERE id BETWEEN 4035827 AND 4035926 ORDER BY c
	Sort  (cost=398.02..398.28 rows=104 width=121)
	  Sort Key: c
	  ->  Index Scan using sbtest7_pkey on sbtest7  (cost=0.43..394.53 rows=104 width=121)
	        Index Cond: ((id >= 4035827) AND (id <= 4035926))

table 8 : explain SELECT c FROM sbtest8 WHERE id BETWEEN 4444114 AND 4444213 ORDER BY c
	Sort  (cost=354.73..354.96 rows=92 width=121)
	  Sort Key: c
	  ->  Index Scan using sbtest8_pkey on sbtest8  (cost=0.43..351.73 rows=92 width=121)
	        Index Cond: ((id >= 4444114) AND (id <= 4444213))

explain: for non_index_updates :: explain UPDATE sbtest%u SET c='foobar' WHERE id=%u
for non_index_updates
table 1 : explain UPDATE sbtest1 SET c='foobar' WHERE id=7353087
	Update on sbtest1  (cost=0.43..8.45 rows=1 width=559)
	  ->  Index Scan using sbtest1_pkey on sbtest1  (cost=0.43..8.45 rows=1 width=559)
	        Index Cond: (id = 7353087)

table 2 : explain UPDATE sbtest2 SET c='foobar' WHERE id=4066031
	Update on sbtest2  (cost=0.43..8.45 rows=1 width=559)
	  ->  Index Scan using sbtest2_pkey on sbtest2  (cost=0.43..8.45 rows=1 width=559)
	        Index Cond: (id = 4066031)

table 3 : explain UPDATE sbtest3 SET c='foobar' WHERE id=9036326
	Update on sbtest3  (cost=0.43..8.45 rows=1 width=559)
	  ->  Index Scan using sbtest3_pkey on sbtest3  (cost=0.43..8.45 rows=1 width=559)
	        Index Cond: (id = 9036326)

table 4 : explain UPDATE sbtest4 SET c='foobar' WHERE id=4388393
	Update on sbtest4  (cost=0.43..8.45 rows=1 width=559)
	  ->  Index Scan using sbtest4_pkey on sbtest4  (cost=0.43..8.45 rows=1 width=559)
	        Index Cond: (id = 4388393)

table 5 : explain UPDATE sbtest5 SET c='foobar' WHERE id=1417024
	Update on sbtest5  (cost=0.43..8.45 rows=1 width=559)
	  ->  Index Scan using sbtest5_pkey on sbtest5  (cost=0.43..8.45 rows=1 width=559)
	        Index Cond: (id = 1417024)

table 6 : explain UPDATE sbtest6 SET c='foobar' WHERE id=2673308
	Update on sbtest6  (cost=0.43..8.45 rows=1 width=559)
	  ->  Index Scan using sbtest6_pkey on sbtest6  (cost=0.43..8.45 rows=1 width=559)
	        Index Cond: (id = 2673308)

table 7 : explain UPDATE sbtest7 SET c='foobar' WHERE id=7706801
	Update on sbtest7  (cost=0.43..8.45 rows=1 width=559)
	  ->  Index Scan using sbtest7_pkey on sbtest7  (cost=0.43..8.45 rows=1 width=559)
	        Index Cond: (id = 7706801)

table 8 : explain UPDATE sbtest8 SET c='foobar' WHERE id=157880
	Update on sbtest8  (cost=0.43..8.45 rows=1 width=559)
	  ->  Index Scan using sbtest8_pkey on sbtest8  (cost=0.43..8.45 rows=1 width=559)
	        Index Cond: (id = 157880)

for: order_ranges
table 1 : explain SELECT c FROM sbtest1 WHERE id BETWEEN 3785590 AND 3785689 ORDER BY c
	Sort  (cost=371.19..371.43 rows=96 width=121)
	  Sort Key: c
	  ->  Index Scan using sbtest1_pkey on sbtest1  (cost=0.43..368.03 rows=96 width=121)
	        Index Cond: ((id >= 3785590) AND (id <= 3785689))

table 2 : explain SELECT c FROM sbtest2 WHERE id BETWEEN 115427 AND 115526 ORDER BY c
	Sort  (cost=414.69..414.96 rows=107 width=121)
	  Sort Key: c
	  ->  Index Scan using sbtest2_pkey on sbtest2  (cost=0.43..411.09 rows=107 width=121)
	        Index Cond: ((id >= 115427) AND (id <= 115526))

table 3 : explain SELECT c FROM sbtest3 WHERE id BETWEEN 7583812 AND 7583911 ORDER BY c
	Sort  (cost=329.02..329.23 rows=85 width=121)
	  Sort Key: c
	  ->  Index Scan using sbtest3_pkey on sbtest3  (cost=0.43..326.30 rows=85 width=121)
	        Index Cond: ((id >= 7583812) AND (id <= 7583911))

table 4 : explain SELECT c FROM sbtest4 WHERE id BETWEEN 5462994 AND 5463093 ORDER BY c
	Sort  (cost=341.95..342.18 rows=89 width=121)
	  Sort Key: c
	  ->  Index Scan using sbtest4_pkey on sbtest4  (cost=0.43..339.07 rows=89 width=121)
	        Index Cond: ((id >= 5462994) AND (id <= 5463093))

table 5 : explain SELECT c FROM sbtest5 WHERE id BETWEEN 9916079 AND 9916178 ORDER BY c
	Sort  (cost=361.28..361.52 rows=94 width=121)
	  Sort Key: c
	  ->  Index Scan using sbtest5_pkey on sbtest5  (cost=0.43..358.20 rows=94 width=121)
	        Index Cond: ((id >= 9916079) AND (id <= 9916178))

table 6 : explain SELECT c FROM sbtest6 WHERE id BETWEEN 1587868 AND 1587967 ORDER BY c
	Sort  (cost=365.49..365.72 rows=95 width=121)
	  Sort Key: c
	  ->  Index Scan using sbtest6_pkey on sbtest6  (cost=0.43..362.37 rows=95 width=121)
	        Index Cond: ((id >= 1587868) AND (id <= 1587967))

table 7 : explain SELECT c FROM sbtest7 WHERE id BETWEEN 9920634 AND 9920733 ORDER BY c
	Sort  (cost=401.80..402.07 rows=105 width=121)
	  Sort Key: c
	  ->  Index Scan using sbtest7_pkey on sbtest7  (cost=0.43..398.28 rows=105 width=121)
	        Index Cond: ((id >= 9920634) AND (id <= 9920733))

table 8 : explain SELECT c FROM sbtest8 WHERE id BETWEEN 9082360 AND 9082459 ORDER BY c
	Sort  (cost=381.41..381.65 rows=99 width=121)
	  Sort Key: c
	  ->  Index Scan using sbtest8_pkey on sbtest8  (cost=0.43..378.12 rows=99 width=121)
	        Index Cond: ((id >= 9082360) AND (id <= 9082459))

explain: for index_updates :: explain UPDATE sbtest%u SET k=k+1 WHERE id=%u
explain: for deletes :: explain DELETE FROM sbtest%u WHERE id=%u
for: order_ranges
table 1 : explain SELECT c FROM sbtest1 WHERE id BETWEEN 5981771 AND 5981870 ORDER BY c
	Sort  (cost=363.54..363.77 rows=94 width=121)
	  Sort Key: c
	  ->  Index Scan using sbtest1_pkey on sbtest1  (cost=0.43..360.46 rows=94 width=121)
	        Index Cond: ((id >= 5981771) AND (id <= 5981870))

table 2 : explain SELECT c FROM sbtest2 WHERE id BETWEEN 9982722 AND 9982821 ORDER BY c
	Sort  (cost=368.64..368.88 rows=95 width=121)
	  Sort Key: c
	  ->  Index Scan using sbtest2_pkey on sbtest2  (cost=0.43..365.52 rows=95 width=121)
	        Index Cond: ((id >= 9982722) AND (id <= 9982821))

table 3 : explain SELECT c FROM sbtest3 WHERE id BETWEEN 699029 AND 699128 ORDER BY c
	Sort  (cost=397.88..398.14 rows=103 width=121)
	  Sort Key: c
	  ->  Index Scan using sbtest3_pkey on sbtest3  (cost=0.43..394.44 rows=103 width=121)
	        Index Cond: ((id >= 699029) AND (id <= 699128))

table 4 : explain SELECT c FROM sbtest4 WHERE id BETWEEN 9616451 AND 9616550 ORDER BY c
	Sort  (cost=410.34..410.61 rows=107 width=121)
	  Sort Key: c
	  ->  Index Scan using sbtest4_pkey on sbtest4  (cost=0.43..406.74 rows=107 width=121)
	        Index Cond: ((id >= 9616451) AND (id <= 9616550))

table 5 : explain SELECT c FROM sbtest5 WHERE id BETWEEN 2980730 AND 2980829 ORDER BY c
	Sort  (cost=361.28..361.52 rows=94 width=121)
	  Sort Key: c
	  ->  Index Scan using sbtest5_pkey on sbtest5  (cost=0.43..358.20 rows=94 width=121)
	        Index Cond: ((id >= 2980730) AND (id <= 2980829))

table 6 : explain SELECT c FROM sbtest6 WHERE id BETWEEN 250164 AND 250263 ORDER BY c
	Sort  (cost=392.11..392.36 rows=102 width=121)
	  Sort Key: c
	  ->  Index Scan using sbtest6_pkey on sbtest6  (cost=0.43..388.71 rows=102 width=121)
	        Index Cond: ((id >= 250164) AND (id <= 250263))

table 7 : explain SELECT c FROM sbtest7 WHERE id BETWEEN 13662 AND 13761 ORDER BY c
	Sort  (cost=390.44..390.70 rows=102 width=121)
	  Sort Key: c
	  ->  Index Scan using sbtest7_pkey on sbtest7  (cost=0.43..387.04 rows=102 width=121)
	        Index Cond: ((id >= 13662) AND (id <= 13761))

table 8 : explain SELECT c FROM sbtest8 WHERE id BETWEEN 1764641 AND 1764740 ORDER BY c
	Sort  (cost=404.27..404.53 rows=105 width=121)
	  Sort Key: c
	  ->  Index Scan using sbtest8_pkey on sbtest8  (cost=0.43..400.75 rows=105 width=121)
	        Index Cond: ((id >= 1764641) AND (id <= 1764740))

for non_index_updates
table 1 : explain UPDATE sbtest1 SET c='foobar' WHERE id=7709480
	Update on sbtest1  (cost=0.43..8.45 rows=1 width=559)
	  ->  Index Scan using sbtest1_pkey on sbtest1  (cost=0.43..8.45 rows=1 width=559)
	        Index Cond: (id = 7709480)

table 2 : explain UPDATE sbtest2 SET c='foobar' WHERE id=6150769
	Update on sbtest2  (cost=0.43..8.45 rows=1 width=559)
	  ->  Index Scan using sbtest2_pkey on sbtest2  (cost=0.43..8.45 rows=1 width=559)
	        Index Cond: (id = 6150769)

table 3 : explain UPDATE sbtest3 SET c='foobar' WHERE id=2994849
	Update on sbtest3  (cost=0.43..8.45 rows=1 width=559)
	  ->  Index Scan using sbtest3_pkey on sbtest3  (cost=0.43..8.45 rows=1 width=559)
	        Index Cond: (id = 2994849)

table 4 : explain UPDATE sbtest4 SET c='foobar' WHERE id=9921718
	Update on sbtest4  (cost=0.43..8.45 rows=1 width=559)
	  ->  Index Scan using sbtest4_pkey on sbtest4  (cost=0.43..8.45 rows=1 width=559)
	        Index Cond: (id = 9921718)

table 5 : explain UPDATE sbtest5 SET c='foobar' WHERE id=2845374
	Update on sbtest5  (cost=0.43..8.45 rows=1 width=559)
	  ->  Index Scan using sbtest5_pkey on sbtest5  (cost=0.43..8.45 rows=1 width=559)
	        Index Cond: (id = 2845374)

table 6 : explain UPDATE sbtest6 SET c='foobar' WHERE id=6117092
	Update on sbtest6  (cost=0.43..8.45 rows=1 width=559)
	  ->  Index Scan using sbtest6_pkey on sbtest6  (cost=0.43..8.45 rows=1 width=559)
	        Index Cond: (id = 6117092)

table 7 : explain UPDATE sbtest7 SET c='foobar' WHERE id=1300537
	Update on sbtest7  (cost=0.43..8.45 rows=1 width=559)
	  ->  Index Scan using sbtest7_pkey on sbtest7  (cost=0.43..8.45 rows=1 width=559)
	        Index Cond: (id = 1300537)

table 8 : explain UPDATE sbtest8 SET c='foobar' WHERE id=6245498
	Update on sbtest8  (cost=0.43..8.45 rows=1 width=559)
	  ->  Index Scan using sbtest8_pkey on sbtest8  (cost=0.43..8.45 rows=1 width=559)
	        Index Cond: (id = 6245498)

explain: for deletes :: explain DELETE FROM sbtest%u WHERE id=%u
for: order_ranges
table 1 : explain SELECT c FROM sbtest1 WHERE id BETWEEN 3226016 AND 3226115 ORDER BY c
	Sort  (cost=401.84..402.10 rows=104 width=121)
	  Sort Key: c
	  ->  Index Scan using sbtest1_pkey on sbtest1  (cost=0.43..398.35 rows=104 width=121)
	        Index Cond: ((id >= 3226016) AND (id <= 3226115))

table 2 : explain SELECT c FROM sbtest2 WHERE id BETWEEN 3543057 AND 3543156 ORDER BY c
	Sort  (cost=376.32..376.56 rows=97 width=121)
	  Sort Key: c
	  ->  Index Scan using sbtest2_pkey on sbtest2  (cost=0.43..373.12 rows=97 width=121)
	        Index Cond: ((id >= 3543057) AND (id <= 3543156))

table 3 : explain SELECT c FROM sbtest3 WHERE id BETWEEN 1933941 AND 1934040 ORDER BY c
	Sort  (cost=348.13..348.35 rows=90 width=121)
	  Sort Key: c
	  ->  Index Scan using sbtest3_pkey on sbtest3  (cost=0.43..345.21 rows=90 width=121)
	        Index Cond: ((id >= 1933941) AND (id <= 1934040))

table 4 : explain SELECT c FROM sbtest4 WHERE id BETWEEN 1324275 AND 1324374 ORDER BY c
	Sort  (cost=425.53..425.81 rows=111 width=121)
	  Sort Key: c
	  ->  Index Scan using sbtest4_pkey on sbtest4  (cost=0.43..421.76 rows=111 width=121)
	        Index Cond: ((id >= 1324275) AND (id <= 1324374))

table 5 : explain SELECT c FROM sbtest5 WHERE id BETWEEN 6661996 AND 6662095 ORDER BY c
	Sort  (cost=361.28..361.52 rows=94 width=121)
	  Sort Key: c
	  ->  Index Scan using sbtest5_pkey on sbtest5  (cost=0.43..358.20 rows=94 width=121)
	        Index Cond: ((id >= 6661996) AND (id <= 6662095))

table 6 : explain SELECT c FROM sbtest6 WHERE id BETWEEN 1166026 AND 1166125 ORDER BY c
	Sort  (cost=388.31..388.56 rows=101 width=121)
	  Sort Key: c
	  ->  Index Scan using sbtest6_pkey on sbtest6  (cost=0.43..384.94 rows=101 width=121)
	        Index Cond: ((id >= 1166026) AND (id <= 1166125))

table 7 : explain SELECT c FROM sbtest7 WHERE id BETWEEN 433044 AND 433143 ORDER BY c
	Sort  (cost=409.38..409.65 rows=107 width=121)
	  Sort Key: c
	  ->  Index Scan using sbtest7_pkey on sbtest7  (cost=0.43..405.77 rows=107 width=121)
	        Index Cond: ((id >= 433044) AND (id <= 433143))

table 8 : explain SELECT c FROM sbtest8 WHERE id BETWEEN 4980802 AND 4980901 ORDER BY c
	Sort  (cost=354.73..354.96 rows=92 width=121)
	  Sort Key: c
	  ->  Index Scan using sbtest8_pkey on sbtest8  (cost=0.43..351.73 rows=92 width=121)
	        Index Cond: ((id >= 4980802) AND (id <= 4980901))

for: order_ranges
table 1 : explain SELECT c FROM sbtest1 WHERE id BETWEEN 6647183 AND 6647282 ORDER BY c
	Sort  (cost=336.77..336.99 rows=87 width=121)
	  Sort Key: c
	  ->  Index Scan using sbtest1_pkey on sbtest1  (cost=0.43..333.97 rows=87 width=121)
	        Index Cond: ((id >= 6647183) AND (id <= 6647282))

table 2 : explain SELECT c FROM sbtest2 WHERE id BETWEEN 7527464 AND 7527563 ORDER BY c
	Sort  (cost=410.86..411.12 rows=106 width=121)
	  Sort Key: c
	  ->  Index Scan using sbtest2_pkey on sbtest2  (cost=0.43..407.29 rows=106 width=121)
	        Index Cond: ((id >= 7527464) AND (id <= 7527563))

table 3 : explain SELECT c FROM sbtest3 WHERE id BETWEEN 2712245 AND 2712344 ORDER BY c
	Sort  (cost=405.53..405.79 rows=105 width=121)
	  Sort Key: c
	  ->  Index Scan using sbtest3_pkey on sbtest3  (cost=0.43..402.00 rows=105 width=121)
	        Index Cond: ((id >= 2712245) AND (id <= 2712344))

table 4 : explain SELECT c FROM sbtest4 WHERE id BETWEEN 6462348 AND 6462447 ORDER BY c
	Sort  (cost=379.97..380.22 rows=99 width=121)
	  Sort Key: c
	  ->  Index Scan using sbtest4_pkey on sbtest4  (cost=0.43..376.69 rows=99 width=121)
	        Index Cond: ((id >= 6462348) AND (id <= 6462447))

table 5 : explain SELECT c FROM sbtest5 WHERE id BETWEEN 6784478 AND 6784577 ORDER BY c
	Sort  (cost=376.48..376.72 rows=98 width=121)
	  Sort Key: c
	  ->  Index Scan using sbtest5_pkey on sbtest5  (cost=0.43..373.24 rows=98 width=121)
	        Index Cond: ((id >= 6784478) AND (id <= 6784577))

table 6 : explain SELECT c FROM sbtest6 WHERE id BETWEEN 6401142 AND 6401241 ORDER BY c
	Sort  (cost=357.88..358.11 rows=93 width=121)
	  Sort Key: c
	  ->  Index Scan using sbtest6_pkey on sbtest6  (cost=0.43..354.84 rows=93 width=121)
	        Index Cond: ((id >= 6401142) AND (id <= 6401241))

table 7 : explain SELECT c FROM sbtest7 WHERE id BETWEEN 2693478 AND 2693577 ORDER BY c
	Sort  (cost=386.66..386.91 rows=101 width=121)
	  Sort Key: c
	  ->  Index Scan using sbtest7_pkey on sbtest7  (cost=0.43..383.29 rows=101 width=121)
	        Index Cond: ((id >= 2693478) AND (id <= 2693577))

table 8 : explain SELECT c FROM sbtest8 WHERE id BETWEEN 3535690 AND 3535789 ORDER BY c
	Sort  (cost=392.84..393.09 rows=102 width=121)
	  Sort Key: c
	  ->  Index Scan using sbtest8_pkey on sbtest8  (cost=0.43..389.43 rows=102 width=121)
	        Index Cond: ((id >= 3535690) AND (id <= 3535789))

for non_index_updates
table 1 : explain UPDATE sbtest1 SET c='foobar' WHERE id=8776737
	Update on sbtest1  (cost=0.43..8.45 rows=1 width=559)
	  ->  Index Scan using sbtest1_pkey on sbtest1  (cost=0.43..8.45 rows=1 width=559)
	        Index Cond: (id = 8776737)

table 2 : explain UPDATE sbtest2 SET c='foobar' WHERE id=7371565
	Update on sbtest2  (cost=0.43..8.45 rows=1 width=559)
	  ->  Index Scan using sbtest2_pkey on sbtest2  (cost=0.43..8.45 rows=1 width=559)
	        Index Cond: (id = 7371565)

table 3 : explain UPDATE sbtest3 SET c='foobar' WHERE id=925746
	Update on sbtest3  (cost=0.43..8.45 rows=1 width=559)
	  ->  Index Scan using sbtest3_pkey on sbtest3  (cost=0.43..8.45 rows=1 width=559)
	        Index Cond: (id = 925746)

table 4 : explain UPDATE sbtest4 SET c='foobar' WHERE id=2393671
	Update on sbtest4  (cost=0.43..8.45 rows=1 width=559)
	  ->  Index Scan using sbtest4_pkey on sbtest4  (cost=0.43..8.45 rows=1 width=559)
	        Index Cond: (id = 2393671)

table 5 : explain UPDATE sbtest5 SET c='foobar' WHERE id=6997820
	Update on sbtest5  (cost=0.43..8.45 rows=1 width=559)
	  ->  Index Scan using sbtest5_pkey on sbtest5  (cost=0.43..8.45 rows=1 width=559)
	        Index Cond: (id = 6997820)

table 6 : explain UPDATE sbtest6 SET c='foobar' WHERE id=6100583
	Update on sbtest6  (cost=0.43..8.45 rows=1 width=559)
	  ->  Index Scan using sbtest6_pkey on sbtest6  (cost=0.43..8.45 rows=1 width=559)
	        Index Cond: (id = 6100583)

table 7 : explain UPDATE sbtest7 SET c='foobar' WHERE id=7183904
	Update on sbtest7  (cost=0.43..8.45 rows=1 width=559)
	  ->  Index Scan using sbtest7_pkey on sbtest7  (cost=0.43..8.45 rows=1 width=559)
	        Index Cond: (id = 7183904)

table 8 : explain UPDATE sbtest8 SET c='foobar' WHERE id=2960618
	Update on sbtest8  (cost=0.43..8.45 rows=1 width=559)
	  ->  Index Scan using sbtest8_pkey on sbtest8  (cost=0.43..8.45 rows=1 width=559)
	        Index Cond: (id = 2960618)

for deletes
table 1 : explain DELETE FROM sbtest1 WHERE id=7036316
	Delete on sbtest1  (cost=0.43..8.45 rows=1 width=6)
	  ->  Index Scan using sbtest1_pkey on sbtest1  (cost=0.43..8.45 rows=1 width=6)
	        Index Cond: (id = 7036316)

table 2 : explain DELETE FROM sbtest2 WHERE id=2449198
	Delete on sbtest2  (cost=0.43..8.45 rows=1 width=6)
	  ->  Index Scan using sbtest2_pkey on sbtest2  (cost=0.43..8.45 rows=1 width=6)
	        Index Cond: (id = 2449198)

table 3 : explain DELETE FROM sbtest3 WHERE id=4372453
	Delete on sbtest3  (cost=0.43..8.45 rows=1 width=6)
	  ->  Index Scan using sbtest3_pkey on sbtest3  (cost=0.43..8.45 rows=1 width=6)
	        Index Cond: (id = 4372453)

table 4 : explain DELETE FROM sbtest4 WHERE id=6871930
	Delete on sbtest4  (cost=0.43..8.45 rows=1 width=6)
	  ->  Index Scan using sbtest4_pkey on sbtest4  (cost=0.43..8.45 rows=1 width=6)
	        Index Cond: (id = 6871930)

table 5 : explain DELETE FROM sbtest5 WHERE id=5851740
	Delete on sbtest5  (cost=0.43..8.45 rows=1 width=6)
	  ->  Index Scan using sbtest5_pkey on sbtest5  (cost=0.43..8.45 rows=1 width=6)
	        Index Cond: (id = 5851740)

table 6 : explain DELETE FROM sbtest6 WHERE id=1614200
	Delete on sbtest6  (cost=0.43..8.45 rows=1 width=6)
	  ->  Index Scan using sbtest6_pkey on sbtest6  (cost=0.43..8.45 rows=1 width=6)
	        Index Cond: (id = 1614200)

table 7 : explain DELETE FROM sbtest7 WHERE id=568647
	Delete on sbtest7  (cost=0.43..8.45 rows=1 width=6)
	  ->  Index Scan using sbtest7_pkey on sbtest7  (cost=0.43..8.45 rows=1 width=6)
	        Index Cond: (id = 568647)

table 8 : explain DELETE FROM sbtest8 WHERE id=7307617
	Delete on sbtest8  (cost=0.43..8.45 rows=1 width=6)
	  ->  Index Scan using sbtest8_pkey on sbtest8  (cost=0.43..8.45 rows=1 width=6)
	        Index Cond: (id = 7307617)

for non_index_updates
table 1 : explain UPDATE sbtest1 SET c='foobar' WHERE id=1452902
	Update on sbtest1  (cost=0.43..8.45 rows=1 width=559)
	  ->  Index Scan using sbtest1_pkey on sbtest1  (cost=0.43..8.45 rows=1 width=559)
	        Index Cond: (id = 1452902)

table 2 : explain UPDATE sbtest2 SET c='foobar' WHERE id=117076
	Update on sbtest2  (cost=0.43..8.45 rows=1 width=559)
	  ->  Index Scan using sbtest2_pkey on sbtest2  (cost=0.43..8.45 rows=1 width=559)
	        Index Cond: (id = 117076)

table 3 : explain UPDATE sbtest3 SET c='foobar' WHERE id=5431767
	Update on sbtest3  (cost=0.43..8.45 rows=1 width=559)
	  ->  Index Scan using sbtest3_pkey on sbtest3  (cost=0.43..8.45 rows=1 width=559)
	        Index Cond: (id = 5431767)

table 4 : explain UPDATE sbtest4 SET c='foobar' WHERE id=5049528
	Update on sbtest4  (cost=0.43..8.45 rows=1 width=559)
	  ->  Index Scan using sbtest4_pkey on sbtest4  (cost=0.43..8.45 rows=1 width=559)
	        Index Cond: (id = 5049528)

table 5 : explain UPDATE sbtest5 SET c='foobar' WHERE id=6987495
	Update on sbtest5  (cost=0.43..8.45 rows=1 width=559)
	  ->  Index Scan using sbtest5_pkey on sbtest5  (cost=0.43..8.45 rows=1 width=559)
	        Index Cond: (id = 6987495)

table 6 : explain UPDATE sbtest6 SET c='foobar' WHERE id=7564428
	Update on sbtest6  (cost=0.43..8.45 rows=1 width=559)
	  ->  Index Scan using sbtest6_pkey on sbtest6  (cost=0.43..8.45 rows=1 width=559)
	        Index Cond: (id = 7564428)

table 7 : explain UPDATE sbtest7 SET c='foobar' WHERE id=1035274
	Update on sbtest7  (cost=0.43..8.45 rows=1 width=559)
	  ->  Index Scan using sbtest7_pkey on sbtest7  (cost=0.43..8.45 rows=1 width=559)
	        Index Cond: (id = 1035274)

table 8 : explain UPDATE sbtest8 SET c='foobar' WHERE id=4533952
	Update on sbtest8  (cost=0.43..8.45 rows=1 width=559)
	  ->  Index Scan using sbtest8_pkey on sbtest8  (cost=0.43..8.45 rows=1 width=559)
	        Index Cond: (id = 4533952)

explain: for index_updates :: explain UPDATE sbtest%u SET k=k+1 WHERE id=%u
explain: for deletes :: explain DELETE FROM sbtest%u WHERE id=%u
explain: for deletes :: explain DELETE FROM sbtest%u WHERE id=%u
for deletes
table 1 : explain DELETE FROM sbtest1 WHERE id=6181438
	Delete on sbtest1  (cost=0.43..8.45 rows=1 width=6)
	  ->  Index Scan using sbtest1_pkey on sbtest1  (cost=0.43..8.45 rows=1 width=6)
	        Index Cond: (id = 6181438)

table 2 : explain DELETE FROM sbtest2 WHERE id=5074215
	Delete on sbtest2  (cost=0.43..8.45 rows=1 width=6)
	  ->  Index Scan using sbtest2_pkey on sbtest2  (cost=0.43..8.45 rows=1 width=6)
	        Index Cond: (id = 5074215)

table 3 : explain DELETE FROM sbtest3 WHERE id=9040818
	Delete on sbtest3  (cost=0.43..8.45 rows=1 width=6)
	  ->  Index Scan using sbtest3_pkey on sbtest3  (cost=0.43..8.45 rows=1 width=6)
	        Index Cond: (id = 9040818)

table 4 : explain DELETE FROM sbtest4 WHERE id=1616540
	Delete on sbtest4  (cost=0.43..8.45 rows=1 width=6)
	  ->  Index Scan using sbtest4_pkey on sbtest4  (cost=0.43..8.45 rows=1 width=6)
	        Index Cond: (id = 1616540)

table 5 : explain DELETE FROM sbtest5 WHERE id=6989489
	Delete on sbtest5  (cost=0.43..8.45 rows=1 width=6)
	  ->  Index Scan using sbtest5_pkey on sbtest5  (cost=0.43..8.45 rows=1 width=6)
	        Index Cond: (id = 6989489)

table 6 : explain DELETE FROM sbtest6 WHERE id=6879251
	Delete on sbtest6  (cost=0.43..8.45 rows=1 width=6)
	  ->  Index Scan using sbtest6_pkey on sbtest6  (cost=0.43..8.45 rows=1 width=6)
	        Index Cond: (id = 6879251)

table 7 : explain DELETE FROM sbtest7 WHERE id=8537354
	Delete on sbtest7  (cost=0.43..8.45 rows=1 width=6)
	  ->  Index Scan using sbtest7_pkey on sbtest7  (cost=0.43..8.45 rows=1 width=6)
	        Index Cond: (id = 8537354)

table 8 : explain DELETE FROM sbtest8 WHERE id=5669531
	Delete on sbtest8  (cost=0.43..8.45 rows=1 width=6)
	  ->  Index Scan using sbtest8_pkey on sbtest8  (cost=0.43..8.45 rows=1 width=6)
	        Index Cond: (id = 5669531)

for deletes
table 1 : explain DELETE FROM sbtest1 WHERE id=8039370
	Delete on sbtest1  (cost=0.43..8.45 rows=1 width=6)
	  ->  Index Scan using sbtest1_pkey on sbtest1  (cost=0.43..8.45 rows=1 width=6)
	        Index Cond: (id = 8039370)

table 2 : explain DELETE FROM sbtest2 WHERE id=9831769
	Delete on sbtest2  (cost=0.43..8.45 rows=1 width=6)
	  ->  Index Scan using sbtest2_pkey on sbtest2  (cost=0.43..8.45 rows=1 width=6)
	        Index Cond: (id = 9831769)

table 3 : explain DELETE FROM sbtest3 WHERE id=852044
	Delete on sbtest3  (cost=0.43..8.45 rows=1 width=6)
	  ->  Index Scan using sbtest3_pkey on sbtest3  (cost=0.43..8.45 rows=1 width=6)
	        Index Cond: (id = 852044)

table 4 : explain DELETE FROM sbtest4 WHERE id=2271557
	Delete on sbtest4  (cost=0.43..8.45 rows=1 width=6)
	  ->  Index Scan using sbtest4_pkey on sbtest4  (cost=0.43..8.45 rows=1 width=6)
	        Index Cond: (id = 2271557)

table 5 : explain DELETE FROM sbtest5 WHERE id=7338651
	Delete on sbtest5  (cost=0.43..8.45 rows=1 width=6)
	  ->  Index Scan using sbtest5_pkey on sbtest5  (cost=0.43..8.45 rows=1 width=6)
	        Index Cond: (id = 7338651)

table 6 : explain DELETE FROM sbtest6 WHERE id=791953
	Delete on sbtest6  (cost=0.43..8.45 rows=1 width=6)
	  ->  Index Scan using sbtest6_pkey on sbtest6  (cost=0.43..8.45 rows=1 width=6)
	        Index Cond: (id = 791953)

table 7 : explain DELETE FROM sbtest7 WHERE id=5536133
	Delete on sbtest7  (cost=0.43..8.45 rows=1 width=6)
	  ->  Index Scan using sbtest7_pkey on sbtest7  (cost=0.43..8.45 rows=1 width=6)
	        Index Cond: (id = 5536133)

table 8 : explain DELETE FROM sbtest8 WHERE id=6389457
	Delete on sbtest8  (cost=0.43..8.45 rows=1 width=6)
	  ->  Index Scan using sbtest8_pkey on sbtest8  (cost=0.43..8.45 rows=1 width=6)
	        Index Cond: (id = 6389457)

for index_updates
table 1 : explain UPDATE sbtest1 SET k=k+1 WHERE id=5039999
	Update on sbtest1  (cost=0.43..8.46 rows=1 width=196)
	  ->  Index Scan using sbtest1_pkey on sbtest1  (cost=0.43..8.46 rows=1 width=196)
	        Index Cond: (id = 5039999)

table 2 : explain UPDATE sbtest2 SET k=k+1 WHERE id=9454020
	Update on sbtest2  (cost=0.43..8.46 rows=1 width=196)
	  ->  Index Scan using sbtest2_pkey on sbtest2  (cost=0.43..8.46 rows=1 width=196)
	        Index Cond: (id = 9454020)

table 3 : explain UPDATE sbtest3 SET k=k+1 WHERE id=7398733
	Update on sbtest3  (cost=0.43..8.46 rows=1 width=196)
	  ->  Index Scan using sbtest3_pkey on sbtest3  (cost=0.43..8.46 rows=1 width=196)
	        Index Cond: (id = 7398733)

table 4 : explain UPDATE sbtest4 SET k=k+1 WHERE id=495408
	Update on sbtest4  (cost=0.43..8.46 rows=1 width=196)
	  ->  Index Scan using sbtest4_pkey on sbtest4  (cost=0.43..8.46 rows=1 width=196)
	        Index Cond: (id = 495408)

table 5 : explain UPDATE sbtest5 SET k=k+1 WHERE id=3230927
	Update on sbtest5  (cost=0.43..8.46 rows=1 width=196)
	  ->  Index Scan using sbtest5_pkey on sbtest5  (cost=0.43..8.46 rows=1 width=196)
	        Index Cond: (id = 3230927)

table 6 : explain UPDATE sbtest6 SET k=k+1 WHERE id=2173650
	Update on sbtest6  (cost=0.43..8.46 rows=1 width=196)
	  ->  Index Scan using sbtest6_pkey on sbtest6  (cost=0.43..8.46 rows=1 width=196)
	        Index Cond: (id = 2173650)

table 7 : explain UPDATE sbtest7 SET k=k+1 WHERE id=3356397
	Update on sbtest7  (cost=0.43..8.46 rows=1 width=196)
	  ->  Index Scan using sbtest7_pkey on sbtest7  (cost=0.43..8.46 rows=1 width=196)
	        Index Cond: (id = 3356397)

table 8 : explain UPDATE sbtest8 SET k=k+1 WHERE id=9657739
	Update on sbtest8  (cost=0.43..8.46 rows=1 width=196)
	  ->  Index Scan using sbtest8_pkey on sbtest8  (cost=0.43..8.46 rows=1 width=196)
	        Index Cond: (id = 9657739)

for index_updates
table 1 : explain UPDATE sbtest1 SET k=k+1 WHERE id=9036848
	Update on sbtest1  (cost=0.43..8.46 rows=1 width=196)
	  ->  Index Scan using sbtest1_pkey on sbtest1  (cost=0.43..8.46 rows=1 width=196)
	        Index Cond: (id = 9036848)

table 2 : explain UPDATE sbtest2 SET k=k+1 WHERE id=1571825
	Update on sbtest2  (cost=0.43..8.46 rows=1 width=196)
	  ->  Index Scan using sbtest2_pkey on sbtest2  (cost=0.43..8.46 rows=1 width=196)
	        Index Cond: (id = 1571825)

table 3 : explain UPDATE sbtest3 SET k=k+1 WHERE id=4659393
	Update on sbtest3  (cost=0.43..8.46 rows=1 width=196)
	  ->  Index Scan using sbtest3_pkey on sbtest3  (cost=0.43..8.46 rows=1 width=196)
	        Index Cond: (id = 4659393)

table 4 : explain UPDATE sbtest4 SET k=k+1 WHERE id=8767169
	Update on sbtest4  (cost=0.43..8.46 rows=1 width=196)
	  ->  Index Scan using sbtest4_pkey on sbtest4  (cost=0.43..8.46 rows=1 width=196)
	        Index Cond: (id = 8767169)

table 5 : explain UPDATE sbtest5 SET k=k+1 WHERE id=4276038
	Update on sbtest5  (cost=0.43..8.46 rows=1 width=196)
	  ->  Index Scan using sbtest5_pkey on sbtest5  (cost=0.43..8.46 rows=1 width=196)
	        Index Cond: (id = 4276038)

table 6 : explain UPDATE sbtest6 SET k=k+1 WHERE id=2818587
	Update on sbtest6  (cost=0.43..8.46 rows=1 width=196)
	  ->  Index Scan using sbtest6_pkey on sbtest6  (cost=0.43..8.46 rows=1 width=196)
	        Index Cond: (id = 2818587)

table 7 : explain UPDATE sbtest7 SET k=k+1 WHERE id=8463306
	Update on sbtest7  (cost=0.43..8.46 rows=1 width=196)
	  ->  Index Scan using sbtest7_pkey on sbtest7  (cost=0.43..8.46 rows=1 width=196)
	        Index Cond: (id = 8463306)

table 8 : explain UPDATE sbtest8 SET k=k+1 WHERE id=6000167
	Update on sbtest8  (cost=0.43..8.46 rows=1 width=196)
	  ->  Index Scan using sbtest8_pkey on sbtest8  (cost=0.43..8.46 rows=1 width=196)
	        Index Cond: (id = 6000167)

for: distinct_ranges
table 1 : explain SELECT DISTINCT c FROM sbtest1 WHERE id BETWEEN 8905912 AND 8906011 ORDER BY c
	Unique  (cost=363.54..364.01 rows=94 width=121)
	  ->  Sort  (cost=363.54..363.77 rows=94 width=121)
	        Sort Key: c
	        ->  Index Scan using sbtest1_pkey on sbtest1  (cost=0.43..360.46 rows=94 width=121)
	              Index Cond: ((id >= 8905912) AND (id <= 8906011))

table 2 : explain SELECT DISTINCT c FROM sbtest2 WHERE id BETWEEN 9453922 AND 9454021 ORDER BY c
	Unique  (cost=383.99..384.49 rows=99 width=121)
	  ->  Sort  (cost=383.99..384.24 rows=99 width=121)
	        Sort Key: c
	        ->  Index Scan using sbtest2_pkey on sbtest2  (cost=0.43..380.71 rows=99 width=121)
	              Index Cond: ((id >= 9453922) AND (id <= 9454021))

table 3 : explain SELECT DISTINCT c FROM sbtest3 WHERE id BETWEEN 3580862 AND 3580961 ORDER BY c
	Unique  (cost=394.06..394.57 rows=102 width=121)
	  ->  Sort  (cost=394.06..394.31 rows=102 width=121)
	        Sort Key: c
	        ->  Index Scan using sbtest3_pkey on sbtest3  (cost=0.43..390.66 rows=102 width=121)
	              Index Cond: ((id >= 3580862) AND (id <= 3580961))

table 4 : explain SELECT DISTINCT c FROM sbtest4 WHERE id BETWEEN 3022152 AND 3022251 ORDER BY c
	Unique  (cost=357.20..357.66 rows=93 width=121)
	  ->  Sort  (cost=357.20..357.43 rows=93 width=121)
	        Sort Key: c
	        ->  Index Scan using sbtest4_pkey on sbtest4  (cost=0.43..354.16 rows=93 width=121)
	              Index Cond: ((id >= 3022152) AND (id <= 3022251))

table 5 : explain SELECT DISTINCT c FROM sbtest5 WHERE id BETWEEN 3993470 AND 3993569 ORDER BY c
	Unique  (cost=368.88..369.36 rows=96 width=121)
	  ->  Sort  (cost=368.88..369.12 rows=96 width=121)
	        Sort Key: c
	        ->  Index Scan using sbtest5_pkey on sbtest5  (cost=0.43..365.72 rows=96 width=121)
	              Index Cond: ((id >= 3993470) AND (id <= 3993569))

table 6 : explain SELECT DISTINCT c FROM sbtest6 WHERE id BETWEEN 5003361 AND 5003460 ORDER BY c
	Unique  (cost=365.49..365.96 rows=95 width=121)
	  ->  Sort  (cost=365.49..365.72 rows=95 width=121)
	        Sort Key: c
	        ->  Index Scan using sbtest6_pkey on sbtest6  (cost=0.43..362.37 rows=95 width=121)
	              Index Cond: ((id >= 5003361) AND (id <= 5003460))

table 7 : explain SELECT DISTINCT c FROM sbtest7 WHERE id BETWEEN 8746891 AND 8746990 ORDER BY c
	Unique  (cost=413.17..413.71 rows=108 width=121)
	  ->  Sort  (cost=413.17..413.44 rows=108 width=121)
	        Sort Key: c
	        ->  Index Scan using sbtest7_pkey on sbtest7  (cost=0.43..409.52 rows=108 width=121)
	              Index Cond: ((id >= 8746891) AND (id <= 8746990))

table 8 : explain SELECT DISTINCT c FROM sbtest8 WHERE id BETWEEN 8055212 AND 8055311 ORDER BY c
	Unique  (cost=389.03..389.53 rows=101 width=121)
	  ->  Sort  (cost=389.03..389.28 rows=101 width=121)
	        Sort Key: c
	        ->  Index Scan using sbtest8_pkey on sbtest8  (cost=0.43..385.66 rows=101 width=121)
	              Index Cond: ((id >= 8055212) AND (id <= 8055311))

for deletes
table 1 : explain DELETE FROM sbtest1 WHERE id=803488
	Delete on sbtest1  (cost=0.43..8.45 rows=1 width=6)
	  ->  Index Scan using sbtest1_pkey on sbtest1  (cost=0.43..8.45 rows=1 width=6)
	        Index Cond: (id = 803488)

table 2 : explain DELETE FROM sbtest2 WHERE id=5207203
	Delete on sbtest2  (cost=0.43..8.45 rows=1 width=6)
	  ->  Index Scan using sbtest2_pkey on sbtest2  (cost=0.43..8.45 rows=1 width=6)
	        Index Cond: (id = 5207203)

table 3 : explain DELETE FROM sbtest3 WHERE id=3885657
	Delete on sbtest3  (cost=0.43..8.45 rows=1 width=6)
	  ->  Index Scan using sbtest3_pkey on sbtest3  (cost=0.43..8.45 rows=1 width=6)
	        Index Cond: (id = 3885657)

table 4 : explain DELETE FROM sbtest4 WHERE id=2514318
	Delete on sbtest4  (cost=0.43..8.45 rows=1 width=6)
	  ->  Index Scan using sbtest4_pkey on sbtest4  (cost=0.43..8.45 rows=1 width=6)
	        Index Cond: (id = 2514318)

table 5 : explain DELETE FROM sbtest5 WHERE id=2775425
	Delete on sbtest5  (cost=0.43..8.45 rows=1 width=6)
	  ->  Index Scan using sbtest5_pkey on sbtest5  (cost=0.43..8.45 rows=1 width=6)
	        Index Cond: (id = 2775425)

table 6 : explain DELETE FROM sbtest6 WHERE id=3396303
	Delete on sbtest6  (cost=0.43..8.45 rows=1 width=6)
	  ->  Index Scan using sbtest6_pkey on sbtest6  (cost=0.43..8.45 rows=1 width=6)
	        Index Cond: (id = 3396303)

table 7 : explain DELETE FROM sbtest7 WHERE id=2848614
	Delete on sbtest7  (cost=0.43..8.45 rows=1 width=6)
	  ->  Index Scan using sbtest7_pkey on sbtest7  (cost=0.43..8.45 rows=1 width=6)
	        Index Cond: (id = 2848614)

table 8 : explain DELETE FROM sbtest8 WHERE id=5968308
	Delete on sbtest8  (cost=0.43..8.45 rows=1 width=6)
	  ->  Index Scan using sbtest8_pkey on sbtest8  (cost=0.43..8.45 rows=1 width=6)
	        Index Cond: (id = 5968308)

for point_selects
table 1 : explain SELECT c FROM sbtest1 WHERE id=4871781
	Index Scan using sbtest1_pkey on sbtest1  (cost=0.43..8.45 rows=1 width=121)
	  Index Cond: (id = 4871781)

table 2 : explain SELECT c FROM sbtest2 WHERE id=8916360
	Index Scan using sbtest2_pkey on sbtest2  (cost=0.43..8.45 rows=1 width=121)
	  Index Cond: (id = 8916360)

table 3 : explain SELECT c FROM sbtest3 WHERE id=7993193
	Index Scan using sbtest3_pkey on sbtest3  (cost=0.43..8.45 rows=1 width=121)
	  Index Cond: (id = 7993193)

table 4 : explain SELECT c FROM sbtest4 WHERE id=7633532
	Index Scan using sbtest4_pkey on sbtest4  (cost=0.43..8.45 rows=1 width=121)
	  Index Cond: (id = 7633532)

table 5 : explain SELECT c FROM sbtest5 WHERE id=6604852
	Index Scan using sbtest5_pkey on sbtest5  (cost=0.43..8.45 rows=1 width=121)
	  Index Cond: (id = 6604852)

table 6 : explain SELECT c FROM sbtest6 WHERE id=3422626
	Index Scan using sbtest6_pkey on sbtest6  (cost=0.43..8.45 rows=1 width=121)
	  Index Cond: (id = 3422626)

table 7 : explain SELECT c FROM sbtest7 WHERE id=4413428
	Index Scan using sbtest7_pkey on sbtest7  (cost=0.43..8.45 rows=1 width=121)
	  Index Cond: (id = 4413428)

table 8 : explain SELECT c FROM sbtest8 WHERE id=2176288
	Index Scan using sbtest8_pkey on sbtest8  (cost=0.43..8.45 rows=1 width=121)
	  Index Cond: (id = 2176288)

explain: for index_updates :: explain UPDATE sbtest%u SET k=k+1 WHERE id=%u
explain: for non_index_updates :: explain UPDATE sbtest%u SET c='foobar' WHERE id=%u
for: distinct_ranges
table 1 : explain SELECT DISTINCT c FROM sbtest1 WHERE id BETWEEN 8162304 AND 8162403 ORDER BY c
	Unique  (cost=394.19..394.70 rows=102 width=121)
	  ->  Sort  (cost=394.19..394.44 rows=102 width=121)
	        Sort Key: c
	        ->  Index Scan using sbtest1_pkey on sbtest1  (cost=0.43..390.79 rows=102 width=121)
	              Index Cond: ((id >= 8162304) AND (id <= 8162403))

table 2 : explain SELECT DISTINCT c FROM sbtest2 WHERE id BETWEEN 1717090 AND 1717189 ORDER BY c
	Unique  (cost=399.34..399.86 rows=103 width=121)
	  ->  Sort  (cost=399.34..399.60 rows=103 width=121)
	        Sort Key: c
	        ->  Index Scan using sbtest2_pkey on sbtest2  (cost=0.43..395.90 rows=103 width=121)
	              Index Cond: ((id >= 1717090) AND (id <= 1717189))

table 3 : explain SELECT DISTINCT c FROM sbtest3 WHERE id BETWEEN 8767725 AND 8767824 ORDER BY c
	Unique  (cost=374.95..375.43 rows=97 width=121)
	  ->  Sort  (cost=374.95..375.19 rows=97 width=121)
	        Sort Key: c
	        ->  Index Scan using sbtest3_pkey on sbtest3  (cost=0.43..371.74 rows=97 width=121)
	              Index Cond: ((id >= 8767725) AND (id <= 8767824))

table 4 : explain SELECT DISTINCT c FROM sbtest4 WHERE id BETWEEN 520346 AND 520445 ORDER BY c
	Unique  (cost=421.73..422.28 rows=110 width=121)
	  ->  Sort  (cost=421.73..422.01 rows=110 width=121)
	        Sort Key: c
	        ->  Index Scan using sbtest4_pkey on sbtest4  (cost=0.43..418.00 rows=110 width=121)
	              Index Cond: ((id >= 520346) AND (id <= 520445))

table 5 : explain SELECT DISTINCT c FROM sbtest5 WHERE id BETWEEN 2873133 AND 2873232 ORDER BY c
	Unique  (cost=365.08..365.56 rows=95 width=121)
	  ->  Sort  (cost=365.08..365.32 rows=95 width=121)
	        Sort Key: c
	        ->  Index Scan using sbtest5_pkey on sbtest5  (cost=0.43..361.96 rows=95 width=121)
	              Index Cond: ((id >= 2873133) AND (id <= 2873232))

table 6 : explain SELECT DISTINCT c FROM sbtest6 WHERE id BETWEEN 9507189 AND 9507288 ORDER BY c
	Unique  (cost=392.11..392.62 rows=102 width=121)
	  ->  Sort  (cost=392.11..392.36 rows=102 width=121)
	        Sort Key: c
	        ->  Index Scan using sbtest6_pkey on sbtest6  (cost=0.43..388.71 rows=102 width=121)
	              Index Cond: ((id >= 9507189) AND (id <= 9507288))

table 7 : explain SELECT DISTINCT c FROM sbtest7 WHERE id BETWEEN 8933288 AND 8933387 ORDER BY c
	Unique  (cost=367.72..368.20 rows=96 width=121)
	  ->  Sort  (cost=367.72..367.96 rows=96 width=121)
	        Sort Key: c
	        ->  Index Scan using sbtest7_pkey on sbtest7  (cost=0.43..364.56 rows=96 width=121)
	              Index Cond: ((id >= 8933288) AND (id <= 8933387))

table 8 : explain SELECT DISTINCT c FROM sbtest8 WHERE id BETWEEN 5917024 AND 5917123 ORDER BY c
	Unique  (cost=396.65..397.16 rows=103 width=121)
	  ->  Sort  (cost=396.65..396.91 rows=103 width=121)
	        Sort Key: c
	        ->  Index Scan using sbtest8_pkey on sbtest8  (cost=0.43..393.21 rows=103 width=121)
	              Index Cond: ((id >= 5917024) AND (id <= 5917123))

for point_selects
table 1 : explain SELECT c FROM sbtest1 WHERE id=1839657
	Index Scan using sbtest1_pkey on sbtest1  (cost=0.43..8.45 rows=1 width=121)
	  Index Cond: (id = 1839657)

table 2 : explain SELECT c FROM sbtest2 WHERE id=4052841
	Index Scan using sbtest2_pkey on sbtest2  (cost=0.43..8.45 rows=1 width=121)
	  Index Cond: (id = 4052841)

table 3 : explain SELECT c FROM sbtest3 WHERE id=3257546
	Index Scan using sbtest3_pkey on sbtest3  (cost=0.43..8.45 rows=1 width=121)
	  Index Cond: (id = 3257546)

table 4 : explain SELECT c FROM sbtest4 WHERE id=8433832
	Index Scan using sbtest4_pkey on sbtest4  (cost=0.43..8.45 rows=1 width=121)
	  Index Cond: (id = 8433832)

table 5 : explain SELECT c FROM sbtest5 WHERE id=2234231
	Index Scan using sbtest5_pkey on sbtest5  (cost=0.43..8.45 rows=1 width=121)
	  Index Cond: (id = 2234231)

table 6 : explain SELECT c FROM sbtest6 WHERE id=1408027
	Index Scan using sbtest6_pkey on sbtest6  (cost=0.43..8.45 rows=1 width=121)
	  Index Cond: (id = 1408027)

table 7 : explain SELECT c FROM sbtest7 WHERE id=6894331
	Index Scan using sbtest7_pkey on sbtest7  (cost=0.43..8.45 rows=1 width=121)
	  Index Cond: (id = 6894331)

table 8 : explain SELECT c FROM sbtest8 WHERE id=2732242
	Index Scan using sbtest8_pkey on sbtest8  (cost=0.43..8.45 rows=1 width=121)
	  Index Cond: (id = 2732242)

for index_updates
table 1 : explain UPDATE sbtest1 SET k=k+1 WHERE id=5967838
	Update on sbtest1  (cost=0.43..8.46 rows=1 width=196)
	  ->  Index Scan using sbtest1_pkey on sbtest1  (cost=0.43..8.46 rows=1 width=196)
	        Index Cond: (id = 5967838)

table 2 : explain UPDATE sbtest2 SET k=k+1 WHERE id=5289127
	Update on sbtest2  (cost=0.43..8.46 rows=1 width=196)
	  ->  Index Scan using sbtest2_pkey on sbtest2  (cost=0.43..8.46 rows=1 width=196)
	        Index Cond: (id = 5289127)

table 3 : explain UPDATE sbtest3 SET k=k+1 WHERE id=5702065
	Update on sbtest3  (cost=0.43..8.46 rows=1 width=196)
	  ->  Index Scan using sbtest3_pkey on sbtest3  (cost=0.43..8.46 rows=1 width=196)
	        Index Cond: (id = 5702065)

table 4 : explain UPDATE sbtest4 SET k=k+1 WHERE id=72423
	Update on sbtest4  (cost=0.43..8.46 rows=1 width=196)
	  ->  Index Scan using sbtest4_pkey on sbtest4  (cost=0.43..8.46 rows=1 width=196)
	        Index Cond: (id = 72423)

table 5 : explain UPDATE sbtest5 SET k=k+1 WHERE id=8374160
	Update on sbtest5  (cost=0.43..8.46 rows=1 width=196)
	  ->  Index Scan using sbtest5_pkey on sbtest5  (cost=0.43..8.46 rows=1 width=196)
	        Index Cond: (id = 8374160)

table 6 : explain UPDATE sbtest6 SET k=k+1 WHERE id=719915
	Update on sbtest6  (cost=0.43..8.46 rows=1 width=196)
	  ->  Index Scan using sbtest6_pkey on sbtest6  (cost=0.43..8.46 rows=1 width=196)
	        Index Cond: (id = 719915)

table 7 : explain UPDATE sbtest7 SET k=k+1 WHERE id=6544039
	Update on sbtest7  (cost=0.43..8.46 rows=1 width=196)
	  ->  Index Scan using sbtest7_pkey on sbtest7  (cost=0.43..8.46 rows=1 width=196)
	        Index Cond: (id = 6544039)

table 8 : explain UPDATE sbtest8 SET k=k+1 WHERE id=9122423
	Update on sbtest8  (cost=0.43..8.46 rows=1 width=196)
	  ->  Index Scan using sbtest8_pkey on sbtest8  (cost=0.43..8.46 rows=1 width=196)
	        Index Cond: (id = 9122423)

explain: for inserts :: explain INSERT INTO sbtest%u (id, k, c, pad) VALUES (%u, 13, 'foobar', 'foobar')
explain: for index_updates :: explain UPDATE sbtest%u SET k=k+1 WHERE id=%u
for point_selects
table 1 : explain SELECT c FROM sbtest1 WHERE id=7991066
	Index Scan using sbtest1_pkey on sbtest1  (cost=0.43..8.45 rows=1 width=121)
	  Index Cond: (id = 7991066)

table 2 : explain SELECT c FROM sbtest2 WHERE id=6385045
	Index Scan using sbtest2_pkey on sbtest2  (cost=0.43..8.45 rows=1 width=121)
	  Index Cond: (id = 6385045)

table 3 : explain SELECT c FROM sbtest3 WHERE id=914925
	Index Scan using sbtest3_pkey on sbtest3  (cost=0.43..8.45 rows=1 width=121)
	  Index Cond: (id = 914925)

table 4 : explain SELECT c FROM sbtest4 WHERE id=9602261
	Index Scan using sbtest4_pkey on sbtest4  (cost=0.43..8.45 rows=1 width=121)
	  Index Cond: (id = 9602261)

table 5 : explain SELECT c FROM sbtest5 WHERE id=2113238
	Index Scan using sbtest5_pkey on sbtest5  (cost=0.43..8.45 rows=1 width=121)
	  Index Cond: (id = 2113238)

table 6 : explain SELECT c FROM sbtest6 WHERE id=4073340
	Index Scan using sbtest6_pkey on sbtest6  (cost=0.43..8.45 rows=1 width=121)
	  Index Cond: (id = 4073340)

table 7 : explain SELECT c FROM sbtest7 WHERE id=5419079
	Index Scan using sbtest7_pkey on sbtest7  (cost=0.43..8.45 rows=1 width=121)
	  Index Cond: (id = 5419079)

table 8 : explain SELECT c FROM sbtest8 WHERE id=4300798
	Index Scan using sbtest8_pkey on sbtest8  (cost=0.43..8.45 rows=1 width=121)
	  Index Cond: (id = 4300798)

explain: for point_selects :: explain SELECT c FROM sbtest%u WHERE id=%u
for non_index_updates
table 1 : explain UPDATE sbtest1 SET c='foobar' WHERE id=458850
	Update on sbtest1  (cost=0.43..8.45 rows=1 width=559)
	  ->  Index Scan using sbtest1_pkey on sbtest1  (cost=0.43..8.45 rows=1 width=559)
	        Index Cond: (id = 458850)

table 2 : explain UPDATE sbtest2 SET c='foobar' WHERE id=6899557
	Update on sbtest2  (cost=0.43..8.45 rows=1 width=559)
	  ->  Index Scan using sbtest2_pkey on sbtest2  (cost=0.43..8.45 rows=1 width=559)
	        Index Cond: (id = 6899557)

table 3 : explain UPDATE sbtest3 SET c='foobar' WHERE id=7122342
	Update on sbtest3  (cost=0.43..8.45 rows=1 width=559)
	  ->  Index Scan using sbtest3_pkey on sbtest3  (cost=0.43..8.45 rows=1 width=559)
	        Index Cond: (id = 7122342)

table 4 : explain UPDATE sbtest4 SET c='foobar' WHERE id=5457517
	Update on sbtest4  (cost=0.43..8.45 rows=1 width=559)
	  ->  Index Scan using sbtest4_pkey on sbtest4  (cost=0.43..8.45 rows=1 width=559)
	        Index Cond: (id = 5457517)

table 5 : explain UPDATE sbtest5 SET c='foobar' WHERE id=1226375
	Update on sbtest5  (cost=0.43..8.45 rows=1 width=559)
	  ->  Index Scan using sbtest5_pkey on sbtest5  (cost=0.43..8.45 rows=1 width=559)
	        Index Cond: (id = 1226375)

table 6 : explain UPDATE sbtest6 SET c='foobar' WHERE id=481857
	Update on sbtest6  (cost=0.43..8.45 rows=1 width=559)
	  ->  Index Scan using sbtest6_pkey on sbtest6  (cost=0.43..8.45 rows=1 width=559)
	        Index Cond: (id = 481857)

table 7 : explain UPDATE sbtest7 SET c='foobar' WHERE id=7829596
	Update on sbtest7  (cost=0.43..8.45 rows=1 width=559)
	  ->  Index Scan using sbtest7_pkey on sbtest7  (cost=0.43..8.45 rows=1 width=559)
	        Index Cond: (id = 7829596)

table 8 : explain UPDATE sbtest8 SET c='foobar' WHERE id=8736385
	Update on sbtest8  (cost=0.43..8.45 rows=1 width=559)
	  ->  Index Scan using sbtest8_pkey on sbtest8  (cost=0.43..8.45 rows=1 width=559)
	        Index Cond: (id = 8736385)

for deletes
table 1 : explain DELETE FROM sbtest1 WHERE id=2685049
	Delete on sbtest1  (cost=0.43..8.45 rows=1 width=6)
	  ->  Index Scan using sbtest1_pkey on sbtest1  (cost=0.43..8.45 rows=1 width=6)
	        Index Cond: (id = 2685049)

table 2 : explain DELETE FROM sbtest2 WHERE id=6886822
	Delete on sbtest2  (cost=0.43..8.45 rows=1 width=6)
	  ->  Index Scan using sbtest2_pkey on sbtest2  (cost=0.43..8.45 rows=1 width=6)
	        Index Cond: (id = 6886822)

table 3 : explain DELETE FROM sbtest3 WHERE id=8390572
	Delete on sbtest3  (cost=0.43..8.45 rows=1 width=6)
	  ->  Index Scan using sbtest3_pkey on sbtest3  (cost=0.43..8.45 rows=1 width=6)
	        Index Cond: (id = 8390572)

table 4 : explain DELETE FROM sbtest4 WHERE id=384286
	Delete on sbtest4  (cost=0.43..8.45 rows=1 width=6)
	  ->  Index Scan using sbtest4_pkey on sbtest4  (cost=0.43..8.45 rows=1 width=6)
	        Index Cond: (id = 384286)

table 5 : explain DELETE FROM sbtest5 WHERE id=852809
	Delete on sbtest5  (cost=0.43..8.45 rows=1 width=6)
	  ->  Index Scan using sbtest5_pkey on sbtest5  (cost=0.43..8.45 rows=1 width=6)
	        Index Cond: (id = 852809)

table 6 : explain DELETE FROM sbtest6 WHERE id=7129603
	Delete on sbtest6  (cost=0.43..8.45 rows=1 width=6)
	  ->  Index Scan using sbtest6_pkey on sbtest6  (cost=0.43..8.45 rows=1 width=6)
	        Index Cond: (id = 7129603)

table 7 : explain DELETE FROM sbtest7 WHERE id=1300972
	Delete on sbtest7  (cost=0.43..8.45 rows=1 width=6)
	  ->  Index Scan using sbtest7_pkey on sbtest7  (cost=0.43..8.45 rows=1 width=6)
	        Index Cond: (id = 1300972)

table 8 : explain DELETE FROM sbtest8 WHERE id=7377376
	Delete on sbtest8  (cost=0.43..8.45 rows=1 width=6)
	  ->  Index Scan using sbtest8_pkey on sbtest8  (cost=0.43..8.45 rows=1 width=6)
	        Index Cond: (id = 7377376)

explain: for non_index_updates :: explain UPDATE sbtest%u SET c='foobar' WHERE id=%u
explain: for point_selects :: explain SELECT c FROM sbtest%u WHERE id=%u
for index_updates
table 1 : explain UPDATE sbtest1 SET k=k+1 WHERE id=3502795
	Update on sbtest1  (cost=0.43..8.46 rows=1 width=196)
	  ->  Index Scan using sbtest1_pkey on sbtest1  (cost=0.43..8.46 rows=1 width=196)
	        Index Cond: (id = 3502795)

table 2 : explain UPDATE sbtest2 SET k=k+1 WHERE id=7358247
	Update on sbtest2  (cost=0.43..8.46 rows=1 width=196)
	  ->  Index Scan using sbtest2_pkey on sbtest2  (cost=0.43..8.46 rows=1 width=196)
	        Index Cond: (id = 7358247)

table 3 : explain UPDATE sbtest3 SET k=k+1 WHERE id=7484065
	Update on sbtest3  (cost=0.43..8.46 rows=1 width=196)
	  ->  Index Scan using sbtest3_pkey on sbtest3  (cost=0.43..8.46 rows=1 width=196)
	        Index Cond: (id = 7484065)

table 4 : explain UPDATE sbtest4 SET k=k+1 WHERE id=7307953
	Update on sbtest4  (cost=0.43..8.46 rows=1 width=196)
	  ->  Index Scan using sbtest4_pkey on sbtest4  (cost=0.43..8.46 rows=1 width=196)
	        Index Cond: (id = 7307953)

table 5 : explain UPDATE sbtest5 SET k=k+1 WHERE id=7686543
	Update on sbtest5  (cost=0.43..8.46 rows=1 width=196)
	  ->  Index Scan using sbtest5_pkey on sbtest5  (cost=0.43..8.46 rows=1 width=196)
	        Index Cond: (id = 7686543)

table 6 : explain UPDATE sbtest6 SET k=k+1 WHERE id=998384
	Update on sbtest6  (cost=0.43..8.46 rows=1 width=196)
	  ->  Index Scan using sbtest6_pkey on sbtest6  (cost=0.43..8.46 rows=1 width=196)
	        Index Cond: (id = 998384)

table 7 : explain UPDATE sbtest7 SET k=k+1 WHERE id=3466404
	Update on sbtest7  (cost=0.43..8.46 rows=1 width=196)
	  ->  Index Scan using sbtest7_pkey on sbtest7  (cost=0.43..8.46 rows=1 width=196)
	        Index Cond: (id = 3466404)

table 8 : explain UPDATE sbtest8 SET k=k+1 WHERE id=5040462
	Update on sbtest8  (cost=0.43..8.46 rows=1 width=196)
	  ->  Index Scan using sbtest8_pkey on sbtest8  (cost=0.43..8.46 rows=1 width=196)
	        Index Cond: (id = 5040462)

for inserts
table 1 : explain INSERT INTO sbtest1 (id, k, c, pad) VALUES (7494678, 13, 'foobar', 'foobar')
	Insert on sbtest1  (cost=0.00..0.01 rows=1 width=736)
	  ->  Result  (cost=0.00..0.01 rows=1 width=736)

table 2 : explain INSERT INTO sbtest2 (id, k, c, pad) VALUES (7481580, 13, 'foobar', 'foobar')
	Insert on sbtest2  (cost=0.00..0.01 rows=1 width=736)
	  ->  Result  (cost=0.00..0.01 rows=1 width=736)

table 3 : explain INSERT INTO sbtest3 (id, k, c, pad) VALUES (7802924, 13, 'foobar', 'foobar')
	Insert on sbtest3  (cost=0.00..0.01 rows=1 width=736)
	  ->  Result  (cost=0.00..0.01 rows=1 width=736)

table 4 : explain INSERT INTO sbtest4 (id, k, c, pad) VALUES (9639510, 13, 'foobar', 'foobar')
	Insert on sbtest4  (cost=0.00..0.01 rows=1 width=736)
	  ->  Result  (cost=0.00..0.01 rows=1 width=736)

table 5 : explain INSERT INTO sbtest5 (id, k, c, pad) VALUES (7912310, 13, 'foobar', 'foobar')
	Insert on sbtest5  (cost=0.00..0.01 rows=1 width=736)
	  ->  Result  (cost=0.00..0.01 rows=1 width=736)

table 6 : explain INSERT INTO sbtest6 (id, k, c, pad) VALUES (4412320, 13, 'foobar', 'foobar')
	Insert on sbtest6  (cost=0.00..0.01 rows=1 width=736)
	  ->  Result  (cost=0.00..0.01 rows=1 width=736)

table 7 : explain INSERT INTO sbtest7 (id, k, c, pad) VALUES (9437039, 13, 'foobar', 'foobar')
	Insert on sbtest7  (cost=0.00..0.01 rows=1 width=736)
	  ->  Result  (cost=0.00..0.01 rows=1 width=736)

table 8 : explain INSERT INTO sbtest8 (id, k, c, pad) VALUES (7312757, 13, 'foobar', 'foobar')
	Insert on sbtest8  (cost=0.00..0.01 rows=1 width=736)
	  ->  Result  (cost=0.00..0.01 rows=1 width=736)

explain: for point_selects :: explain SELECT c FROM sbtest%u WHERE id=%u
for point_selects
table 1 : explain SELECT c FROM sbtest1 WHERE id=8806376
	Index Scan using sbtest1_pkey on sbtest1  (cost=0.43..8.45 rows=1 width=121)
	  Index Cond: (id = 8806376)

table 2 : explain SELECT c FROM sbtest2 WHERE id=6845188
	Index Scan using sbtest2_pkey on sbtest2  (cost=0.43..8.45 rows=1 width=121)
	  Index Cond: (id = 6845188)

table 3 : explain SELECT c FROM sbtest3 WHERE id=5550650
	Index Scan using sbtest3_pkey on sbtest3  (cost=0.43..8.45 rows=1 width=121)
	  Index Cond: (id = 5550650)

table 4 : explain SELECT c FROM sbtest4 WHERE id=7567556
	Index Scan using sbtest4_pkey on sbtest4  (cost=0.43..8.45 rows=1 width=121)
	  Index Cond: (id = 7567556)

table 5 : explain SELECT c FROM sbtest5 WHERE id=9830407
	Index Scan using sbtest5_pkey on sbtest5  (cost=0.43..8.45 rows=1 width=121)
	  Index Cond: (id = 9830407)

table 6 : explain SELECT c FROM sbtest6 WHERE id=60040
	Index Scan using sbtest6_pkey on sbtest6  (cost=0.43..8.45 rows=1 width=121)
	  Index Cond: (id = 60040)

table 7 : explain SELECT c FROM sbtest7 WHERE id=4430727
	Index Scan using sbtest7_pkey on sbtest7  (cost=0.43..8.45 rows=1 width=121)
	  Index Cond: (id = 4430727)

table 8 : explain SELECT c FROM sbtest8 WHERE id=1350932
	Index Scan using sbtest8_pkey on sbtest8  (cost=0.43..8.45 rows=1 width=121)
	  Index Cond: (id = 1350932)

for point_selects
table 1 : explain SELECT c FROM sbtest1 WHERE id=9735464
	Index Scan using sbtest1_pkey on sbtest1  (cost=0.43..8.45 rows=1 width=121)
	  Index Cond: (id = 9735464)

table 2 : explain SELECT c FROM sbtest2 WHERE id=4489802
	Index Scan using sbtest2_pkey on sbtest2  (cost=0.43..8.45 rows=1 width=121)
	  Index Cond: (id = 4489802)

table 3 : explain SELECT c FROM sbtest3 WHERE id=4989521
	Index Scan using sbtest3_pkey on sbtest3  (cost=0.43..8.45 rows=1 width=121)
	  Index Cond: (id = 4989521)

table 4 : explain SELECT c FROM sbtest4 WHERE id=1181124
	Index Scan using sbtest4_pkey on sbtest4  (cost=0.43..8.45 rows=1 width=121)
	  Index Cond: (id = 1181124)

table 5 : explain SELECT c FROM sbtest5 WHERE id=8232974
	Index Scan using sbtest5_pkey on sbtest5  (cost=0.43..8.45 rows=1 width=121)
	  Index Cond: (id = 8232974)

table 6 : explain SELECT c FROM sbtest6 WHERE id=3457579
	Index Scan using sbtest6_pkey on sbtest6  (cost=0.43..8.45 rows=1 width=121)
	  Index Cond: (id = 3457579)

table 7 : explain SELECT c FROM sbtest7 WHERE id=6216449
	Index Scan using sbtest7_pkey on sbtest7  (cost=0.43..8.45 rows=1 width=121)
	  Index Cond: (id = 6216449)

table 8 : explain SELECT c FROM sbtest8 WHERE id=5311594
	Index Scan using sbtest8_pkey on sbtest8  (cost=0.43..8.45 rows=1 width=121)
	  Index Cond: (id = 5311594)

for index_updates
table 1 : explain UPDATE sbtest1 SET k=k+1 WHERE id=8809969
	Update on sbtest1  (cost=0.43..8.46 rows=1 width=196)
	  ->  Index Scan using sbtest1_pkey on sbtest1  (cost=0.43..8.46 rows=1 width=196)
	        Index Cond: (id = 8809969)

table 2 : explain UPDATE sbtest2 SET k=k+1 WHERE id=5568931
	Update on sbtest2  (cost=0.43..8.46 rows=1 width=196)
	  ->  Index Scan using sbtest2_pkey on sbtest2  (cost=0.43..8.46 rows=1 width=196)
	        Index Cond: (id = 5568931)

table 3 : explain UPDATE sbtest3 SET k=k+1 WHERE id=5399807
	Update on sbtest3  (cost=0.43..8.46 rows=1 width=196)
	  ->  Index Scan using sbtest3_pkey on sbtest3  (cost=0.43..8.46 rows=1 width=196)
	        Index Cond: (id = 5399807)

table 4 : explain UPDATE sbtest4 SET k=k+1 WHERE id=1812848
	Update on sbtest4  (cost=0.43..8.46 rows=1 width=196)
	  ->  Index Scan using sbtest4_pkey on sbtest4  (cost=0.43..8.46 rows=1 width=196)
	        Index Cond: (id = 1812848)

table 5 : explain UPDATE sbtest5 SET k=k+1 WHERE id=4068125
	Update on sbtest5  (cost=0.43..8.46 rows=1 width=196)
	  ->  Index Scan using sbtest5_pkey on sbtest5  (cost=0.43..8.46 rows=1 width=196)
	        Index Cond: (id = 4068125)

table 6 : explain UPDATE sbtest6 SET k=k+1 WHERE id=2808902
	Update on sbtest6  (cost=0.43..8.46 rows=1 width=196)
	  ->  Index Scan using sbtest6_pkey on sbtest6  (cost=0.43..8.46 rows=1 width=196)
	        Index Cond: (id = 2808902)

table 7 : explain UPDATE sbtest7 SET k=k+1 WHERE id=3439591
	Update on sbtest7  (cost=0.43..8.46 rows=1 width=196)
	  ->  Index Scan using sbtest7_pkey on sbtest7  (cost=0.43..8.46 rows=1 width=196)
	        Index Cond: (id = 3439591)

table 8 : explain UPDATE sbtest8 SET k=k+1 WHERE id=9070091
	Update on sbtest8  (cost=0.43..8.46 rows=1 width=196)
	  ->  Index Scan using sbtest8_pkey on sbtest8  (cost=0.43..8.46 rows=1 width=196)
	        Index Cond: (id = 9070091)

for non_index_updates
table 1 : explain UPDATE sbtest1 SET c='foobar' WHERE id=7687152
	Update on sbtest1  (cost=0.43..8.45 rows=1 width=559)
	  ->  Index Scan using sbtest1_pkey on sbtest1  (cost=0.43..8.45 rows=1 width=559)
	        Index Cond: (id = 7687152)

table 2 : explain UPDATE sbtest2 SET c='foobar' WHERE id=2582986
	Update on sbtest2  (cost=0.43..8.45 rows=1 width=559)
	  ->  Index Scan using sbtest2_pkey on sbtest2  (cost=0.43..8.45 rows=1 width=559)
	        Index Cond: (id = 2582986)

table 3 : explain UPDATE sbtest3 SET c='foobar' WHERE id=7247198
	Update on sbtest3  (cost=0.43..8.45 rows=1 width=559)
	  ->  Index Scan using sbtest3_pkey on sbtest3  (cost=0.43..8.45 rows=1 width=559)
	        Index Cond: (id = 7247198)

table 4 : explain UPDATE sbtest4 SET c='foobar' WHERE id=8594831
	Update on sbtest4  (cost=0.43..8.45 rows=1 width=559)
	  ->  Index Scan using sbtest4_pkey on sbtest4  (cost=0.43..8.45 rows=1 width=559)
	        Index Cond: (id = 8594831)

table 5 : explain UPDATE sbtest5 SET c='foobar' WHERE id=2215333
	Update on sbtest5  (cost=0.43..8.45 rows=1 width=559)
	  ->  Index Scan using sbtest5_pkey on sbtest5  (cost=0.43..8.45 rows=1 width=559)
	        Index Cond: (id = 2215333)

table 6 : explain UPDATE sbtest6 SET c='foobar' WHERE id=1746289
	Update on sbtest6  (cost=0.43..8.45 rows=1 width=559)
	  ->  Index Scan using sbtest6_pkey on sbtest6  (cost=0.43..8.45 rows=1 width=559)
	        Index Cond: (id = 1746289)

table 7 : explain UPDATE sbtest7 SET c='foobar' WHERE id=6141859
	Update on sbtest7  (cost=0.43..8.45 rows=1 width=559)
	  ->  Index Scan using sbtest7_pkey on sbtest7  (cost=0.43..8.45 rows=1 width=559)
	        Index Cond: (id = 6141859)

table 8 : explain UPDATE sbtest8 SET c='foobar' WHERE id=1345701
	Update on sbtest8  (cost=0.43..8.45 rows=1 width=559)
	  ->  Index Scan using sbtest8_pkey on sbtest8  (cost=0.43..8.45 rows=1 width=559)
	        Index Cond: (id = 1345701)

explain: for inserts :: explain INSERT INTO sbtest%u (id, k, c, pad) VALUES (%u, 13, 'foobar', 'foobar')
for: simple_ranges
table 1 : explain SELECT c FROM sbtest1 WHERE id BETWEEN 4437998 AND 4438097
	Index Scan using sbtest1_pkey on sbtest1  (cost=0.43..405.92 rows=106 width=121)
	  Index Cond: ((id >= 4437998) AND (id <= 4438097))

table 2 : explain SELECT c FROM sbtest2 WHERE id BETWEEN 378253 AND 378352
	Index Scan using sbtest2_pkey on sbtest2  (cost=0.43..411.09 rows=107 width=121)
	  Index Cond: ((id >= 378253) AND (id <= 378352))

table 3 : explain SELECT c FROM sbtest3 WHERE id BETWEEN 3939324 AND 3939423
	Index Scan using sbtest3_pkey on sbtest3  (cost=0.43..360.40 rows=94 width=121)
	  Index Cond: ((id >= 3939324) AND (id <= 3939423))

table 4 : explain SELECT c FROM sbtest4 WHERE id BETWEEN 3628652 AND 3628751
	Index Scan using sbtest4_pkey on sbtest4  (cost=0.43..399.22 rows=105 width=121)
	  Index Cond: ((id >= 3628652) AND (id <= 3628751))

table 5 : explain SELECT c FROM sbtest5 WHERE id BETWEEN 9083471 AND 9083570
	Index Scan using sbtest5_pkey on sbtest5  (cost=0.43..392.03 rows=103 width=121)
	  Index Cond: ((id >= 9083471) AND (id <= 9083570))

table 6 : explain SELECT c FROM sbtest6 WHERE id BETWEEN 6219472 AND 6219571
	Index Scan using sbtest6_pkey on sbtest6  (cost=0.43..369.89 rows=97 width=121)
	  Index Cond: ((id >= 6219472) AND (id <= 6219571))

table 7 : explain SELECT c FROM sbtest7 WHERE id BETWEEN 1123663 AND 1123762
	Index Scan using sbtest7_pkey on sbtest7  (cost=0.43..363.58 rows=95 width=121)
	  Index Cond: ((id >= 1123663) AND (id <= 1123762))

table 8 : explain SELECT c FROM sbtest8 WHERE id BETWEEN 4296413 AND 4296512
	Index Scan using sbtest8_pkey on sbtest8  (cost=0.43..381.89 rows=100 width=121)
	  Index Cond: ((id >= 4296413) AND (id <= 4296512))

explain: for deletes :: explain DELETE FROM sbtest%u WHERE id=%u
explain: for non_index_updates :: explain UPDATE sbtest%u SET c='foobar' WHERE id=%u
for: simple_ranges
table 1 : explain SELECT c FROM sbtest1 WHERE id BETWEEN 3851826 AND 3851925
	Index Scan using sbtest1_pkey on sbtest1  (cost=0.43..428.62 rows=112 width=121)
	  Index Cond: ((id >= 3851826) AND (id <= 3851925))

table 2 : explain SELECT c FROM sbtest2 WHERE id BETWEEN 6612841 AND 6612940
	Index Scan using sbtest2_pkey on sbtest2  (cost=0.43..365.52 rows=95 width=121)
	  Index Cond: ((id >= 6612841) AND (id <= 6612940))

table 3 : explain SELECT c FROM sbtest3 WHERE id BETWEEN 2009842 AND 2009941
	Index Scan using sbtest3_pkey on sbtest3  (cost=0.43..383.09 rows=100 width=121)
	  Index Cond: ((id >= 2009842) AND (id <= 2009941))

table 4 : explain SELECT c FROM sbtest4 WHERE id BETWEEN 1216531 AND 1216630
	Index Scan using sbtest4_pkey on sbtest4  (cost=0.43..380.45 rows=100 width=121)
	  Index Cond: ((id >= 1216531) AND (id <= 1216630))

table 5 : explain SELECT c FROM sbtest5 WHERE id BETWEEN 1690479 AND 1690578
	Index Scan using sbtest5_pkey on sbtest5  (cost=0.43..365.72 rows=96 width=121)
	  Index Cond: ((id >= 1690479) AND (id <= 1690578))

table 6 : explain SELECT c FROM sbtest6 WHERE id BETWEEN 1334433 AND 1334532
	Index Scan using sbtest6_pkey on sbtest6  (cost=0.43..422.57 rows=111 width=121)
	  Index Cond: ((id >= 1334433) AND (id <= 1334532))

table 7 : explain SELECT c FROM sbtest7 WHERE id BETWEEN 9810607 AND 9810706
	Index Scan using sbtest7_pkey on sbtest7  (cost=0.43..382.46 rows=100 width=121)
	  Index Cond: ((id >= 9810607) AND (id <= 9810706))

table 8 : explain SELECT c FROM sbtest8 WHERE id BETWEEN 4703031 AND 4703130
	Index Scan using sbtest8_pkey on sbtest8  (cost=0.43..374.35 rows=98 width=121)
	  Index Cond: ((id >= 4703031) AND (id <= 4703130))

for deletes
table 1 : explain DELETE FROM sbtest1 WHERE id=1139243
	Delete on sbtest1  (cost=0.43..8.45 rows=1 width=6)
	  ->  Index Scan using sbtest1_pkey on sbtest1  (cost=0.43..8.45 rows=1 width=6)
	        Index Cond: (id = 1139243)

table 2 : explain DELETE FROM sbtest2 WHERE id=2959142
	Delete on sbtest2  (cost=0.43..8.45 rows=1 width=6)
	  ->  Index Scan using sbtest2_pkey on sbtest2  (cost=0.43..8.45 rows=1 width=6)
	        Index Cond: (id = 2959142)

table 3 : explain DELETE FROM sbtest3 WHERE id=487751
	Delete on sbtest3  (cost=0.43..8.45 rows=1 width=6)
	  ->  Index Scan using sbtest3_pkey on sbtest3  (cost=0.43..8.45 rows=1 width=6)
	        Index Cond: (id = 487751)

table 4 : explain DELETE FROM sbtest4 WHERE id=4016358
	Delete on sbtest4  (cost=0.43..8.45 rows=1 width=6)
	  ->  Index Scan using sbtest4_pkey on sbtest4  (cost=0.43..8.45 rows=1 width=6)
	        Index Cond: (id = 4016358)

table 5 : explain DELETE FROM sbtest5 WHERE id=1843271
	Delete on sbtest5  (cost=0.43..8.45 rows=1 width=6)
	  ->  Index Scan using sbtest5_pkey on sbtest5  (cost=0.43..8.45 rows=1 width=6)
	        Index Cond: (id = 1843271)

table 6 : explain DELETE FROM sbtest6 WHERE id=2755622
	Delete on sbtest6  (cost=0.43..8.45 rows=1 width=6)
	  ->  Index Scan using sbtest6_pkey on sbtest6  (cost=0.43..8.45 rows=1 width=6)
	        Index Cond: (id = 2755622)

table 7 : explain DELETE FROM sbtest7 WHERE id=3548074
	Delete on sbtest7  (cost=0.43..8.45 rows=1 width=6)
	  ->  Index Scan using sbtest7_pkey on sbtest7  (cost=0.43..8.45 rows=1 width=6)
	        Index Cond: (id = 3548074)

table 8 : explain DELETE FROM sbtest8 WHERE id=3971417
	Delete on sbtest8  (cost=0.43..8.45 rows=1 width=6)
	  ->  Index Scan using sbtest8_pkey on sbtest8  (cost=0.43..8.45 rows=1 width=6)
	        Index Cond: (id = 3971417)

for: simple_ranges
table 1 : explain SELECT c FROM sbtest1 WHERE id BETWEEN 5427018 AND 5427117
	Index Scan using sbtest1_pkey on sbtest1  (cost=0.43..387.00 rows=101 width=121)
	  Index Cond: ((id >= 5427018) AND (id <= 5427117))

table 2 : explain SELECT c FROM sbtest2 WHERE id BETWEEN 4045082 AND 4045181
	Index Scan using sbtest2_pkey on sbtest2  (cost=0.43..369.32 rows=96 width=121)
	  Index Cond: ((id >= 4045082) AND (id <= 4045181))

table 3 : explain SELECT c FROM sbtest3 WHERE id BETWEEN 2484238 AND 2484337
	Index Scan using sbtest3_pkey on sbtest3  (cost=0.43..413.35 rows=108 width=121)
	  Index Cond: ((id >= 2484238) AND (id <= 2484337))

table 4 : explain SELECT c FROM sbtest4 WHERE id BETWEEN 910694 AND 910793
	Index Scan using sbtest4_pkey on sbtest4  (cost=0.43..380.45 rows=100 width=121)
	  Index Cond: ((id >= 910694) AND (id <= 910793))

table 5 : explain SELECT c FROM sbtest5 WHERE id BETWEEN 8329511 AND 8329610
	Index Scan using sbtest5_pkey on sbtest5  (cost=0.43..369.48 rows=97 width=121)
	  Index Cond: ((id >= 8329511) AND (id <= 8329610))

table 6 : explain SELECT c FROM sbtest6 WHERE id BETWEEN 7219870 AND 7219969
	Index Scan using sbtest6_pkey on sbtest6  (cost=0.43..351.08 rows=92 width=121)
	  Index Cond: ((id >= 7219870) AND (id <= 7219969))

table 7 : explain SELECT c FROM sbtest7 WHERE id BETWEEN 1008337 AND 1008436
	Index Scan using sbtest7_pkey on sbtest7  (cost=0.43..401.34 rows=105 width=121)
	  Index Cond: ((id >= 1008337) AND (id <= 1008436))

table 8 : explain SELECT c FROM sbtest8 WHERE id BETWEEN 1122704 AND 1122803
	Index Scan using sbtest8_pkey on sbtest8  (cost=0.43..370.58 rows=97 width=121)
	  Index Cond: ((id >= 1122704) AND (id <= 1122803))

for inserts
table 1 : explain INSERT INTO sbtest1 (id, k, c, pad) VALUES (9748422, 13, 'foobar', 'foobar')
	Insert on sbtest1  (cost=0.00..0.01 rows=1 width=736)
	  ->  Result  (cost=0.00..0.01 rows=1 width=736)

table 2 : explain INSERT INTO sbtest2 (id, k, c, pad) VALUES (281695, 13, 'foobar', 'foobar')
	Insert on sbtest2  (cost=0.00..0.01 rows=1 width=736)
	  ->  Result  (cost=0.00..0.01 rows=1 width=736)

table 3 : explain INSERT INTO sbtest3 (id, k, c, pad) VALUES (2982034, 13, 'foobar', 'foobar')
	Insert on sbtest3  (cost=0.00..0.01 rows=1 width=736)
	  ->  Result  (cost=0.00..0.01 rows=1 width=736)

table 4 : explain INSERT INTO sbtest4 (id, k, c, pad) VALUES (9449790, 13, 'foobar', 'foobar')
	Insert on sbtest4  (cost=0.00..0.01 rows=1 width=736)
	  ->  Result  (cost=0.00..0.01 rows=1 width=736)

table 5 : explain INSERT INTO sbtest5 (id, k, c, pad) VALUES (5204008, 13, 'foobar', 'foobar')
	Insert on sbtest5  (cost=0.00..0.01 rows=1 width=736)
	  ->  Result  (cost=0.00..0.01 rows=1 width=736)

table 6 : explain INSERT INTO sbtest6 (id, k, c, pad) VALUES (867686, 13, 'foobar', 'foobar')
	Insert on sbtest6  (cost=0.00..0.01 rows=1 width=736)
	  ->  Result  (cost=0.00..0.01 rows=1 width=736)

table 7 : explain INSERT INTO sbtest7 (id, k, c, pad) VALUES (8394372, 13, 'foobar', 'foobar')
	Insert on sbtest7  (cost=0.00..0.01 rows=1 width=736)
	  ->  Result  (cost=0.00..0.01 rows=1 width=736)

table 8 : explain INSERT INTO sbtest8 (id, k, c, pad) VALUES (4106625, 13, 'foobar', 'foobar')
	Insert on sbtest8  (cost=0.00..0.01 rows=1 width=736)
	  ->  Result  (cost=0.00..0.01 rows=1 width=736)

for non_index_updates
table 1 : explain UPDATE sbtest1 SET c='foobar' WHERE id=5450287
	Update on sbtest1  (cost=0.43..8.45 rows=1 width=559)
	  ->  Index Scan using sbtest1_pkey on sbtest1  (cost=0.43..8.45 rows=1 width=559)
	        Index Cond: (id = 5450287)

table 2 : explain UPDATE sbtest2 SET c='foobar' WHERE id=9068209
	Update on sbtest2  (cost=0.43..8.45 rows=1 width=559)
	  ->  Index Scan using sbtest2_pkey on sbtest2  (cost=0.43..8.45 rows=1 width=559)
	        Index Cond: (id = 9068209)

table 3 : explain UPDATE sbtest3 SET c='foobar' WHERE id=3620917
	Update on sbtest3  (cost=0.43..8.45 rows=1 width=559)
	  ->  Index Scan using sbtest3_pkey on sbtest3  (cost=0.43..8.45 rows=1 width=559)
	        Index Cond: (id = 3620917)

table 4 : explain UPDATE sbtest4 SET c='foobar' WHERE id=8977539
	Update on sbtest4  (cost=0.43..8.45 rows=1 width=559)
	  ->  Index Scan using sbtest4_pkey on sbtest4  (cost=0.43..8.45 rows=1 width=559)
	        Index Cond: (id = 8977539)

table 5 : explain UPDATE sbtest5 SET c='foobar' WHERE id=3263746
	Update on sbtest5  (cost=0.43..8.45 rows=1 width=559)
	  ->  Index Scan using sbtest5_pkey on sbtest5  (cost=0.43..8.45 rows=1 width=559)
	        Index Cond: (id = 3263746)

table 6 : explain UPDATE sbtest6 SET c='foobar' WHERE id=486177
	Update on sbtest6  (cost=0.43..8.45 rows=1 width=559)
	  ->  Index Scan using sbtest6_pkey on sbtest6  (cost=0.43..8.45 rows=1 width=559)
	        Index Cond: (id = 486177)

table 7 : explain UPDATE sbtest7 SET c='foobar' WHERE id=5269836
	Update on sbtest7  (cost=0.43..8.45 rows=1 width=559)
	  ->  Index Scan using sbtest7_pkey on sbtest7  (cost=0.43..8.45 rows=1 width=559)
	        Index Cond: (id = 5269836)

table 8 : explain UPDATE sbtest8 SET c='foobar' WHERE id=925553
	Update on sbtest8  (cost=0.43..8.45 rows=1 width=559)
	  ->  Index Scan using sbtest8_pkey on sbtest8  (cost=0.43..8.45 rows=1 width=559)
	        Index Cond: (id = 925553)

explain: for deletes :: explain DELETE FROM sbtest%u WHERE id=%u
for: distinct_ranges
table 1 : explain SELECT DISTINCT c FROM sbtest1 WHERE id BETWEEN 7372559 AND 7372658 ORDER BY c
	Unique  (cost=363.54..364.01 rows=94 width=121)
	  ->  Sort  (cost=363.54..363.77 rows=94 width=121)
	        Sort Key: c
	        ->  Index Scan using sbtest1_pkey on sbtest1  (cost=0.43..360.46 rows=94 width=121)
	              Index Cond: ((id >= 7372559) AND (id <= 7372658))

table 2 : explain SELECT DISTINCT c FROM sbtest2 WHERE id BETWEEN 3617509 AND 3617608 ORDER BY c
	Unique  (cost=387.83..388.33 rows=100 width=121)
	  ->  Sort  (cost=387.83..388.08 rows=100 width=121)
	        Sort Key: c
	        ->  Index Scan using sbtest2_pkey on sbtest2  (cost=0.43..384.51 rows=100 width=121)
	              Index Cond: ((id >= 3617509) AND (id <= 3617608))

table 3 : explain SELECT DISTINCT c FROM sbtest3 WHERE id BETWEEN 1589834 AND 1589933 ORDER BY c
	Unique  (cost=363.48..363.95 rows=94 width=121)
	  ->  Sort  (cost=363.48..363.71 rows=94 width=121)
	        Sort Key: c
	        ->  Index Scan using sbtest3_pkey on sbtest3  (cost=0.43..360.40 rows=94 width=121)
	              Index Cond: ((id >= 1589834) AND (id <= 1589933))

table 4 : explain SELECT DISTINCT c FROM sbtest4 WHERE id BETWEEN 7520467 AND 7520566 ORDER BY c
	Unique  (cost=387.57..388.07 rows=101 width=121)
	  ->  Sort  (cost=387.57..387.82 rows=101 width=121)
	        Sort Key: c
	        ->  Index Scan using sbtest4_pkey on sbtest4  (cost=0.43..384.20 rows=101 width=121)
	              Index Cond: ((id >= 7520467) AND (id <= 7520566))

table 5 : explain SELECT DISTINCT c FROM sbtest5 WHERE id BETWEEN 8210078 AND 8210177 ORDER BY c
	Unique  (cost=380.28..380.77 rows=99 width=121)
	  ->  Sort  (cost=380.28..380.53 rows=99 width=121)
	        Sort Key: c
	        ->  Index Scan using sbtest5_pkey on sbtest5  (cost=0.43..377.00 rows=99 width=121)
	              Index Cond: ((id >= 8210078) AND (id <= 8210177))

table 6 : explain SELECT DISTINCT c FROM sbtest6 WHERE id BETWEEN 7643569 AND 7643668 ORDER BY c
	Unique  (cost=373.09..373.58 rows=97 width=121)
	  ->  Sort  (cost=373.09..373.34 rows=97 width=121)
	        Sort Key: c
	        ->  Index Scan using sbtest6_pkey on sbtest6  (cost=0.43..369.89 rows=97 width=121)
	              Index Cond: ((id >= 7643569) AND (id <= 7643668))

table 7 : explain SELECT DISTINCT c FROM sbtest7 WHERE id BETWEEN 3452890 AND 3452989 ORDER BY c
	Unique  (cost=394.23..394.75 rows=103 width=121)
	  ->  Sort  (cost=394.23..394.49 rows=103 width=121)
	        Sort Key: c
	        ->  Index Scan using sbtest7_pkey on sbtest7  (cost=0.43..390.79 rows=103 width=121)
	              Index Cond: ((id >= 3452890) AND (id <= 3452989))

table 8 : explain SELECT DISTINCT c FROM sbtest8 WHERE id BETWEEN 9559805 AND 9559904 ORDER BY c
	Unique  (cost=430.95..431.51 rows=112 width=121)
	  ->  Sort  (cost=430.95..431.23 rows=112 width=121)
	        Sort Key: c
	        ->  Index Scan using sbtest8_pkey on sbtest8  (cost=0.43..427.14 rows=112 width=121)
	              Index Cond: ((id >= 9559805) AND (id <= 9559904))

for point_selects
table 1 : explain SELECT c FROM sbtest1 WHERE id=8875091
	Index Scan using sbtest1_pkey on sbtest1  (cost=0.43..8.45 rows=1 width=121)
	  Index Cond: (id = 8875091)

table 2 : explain SELECT c FROM sbtest2 WHERE id=7060302
	Index Scan using sbtest2_pkey on sbtest2  (cost=0.43..8.45 rows=1 width=121)
	  Index Cond: (id = 7060302)

table 3 : explain SELECT c FROM sbtest3 WHERE id=103503
	Index Scan using sbtest3_pkey on sbtest3  (cost=0.43..8.45 rows=1 width=121)
	  Index Cond: (id = 103503)

table 4 : explain SELECT c FROM sbtest4 WHERE id=6383039
	Index Scan using sbtest4_pkey on sbtest4  (cost=0.43..8.45 rows=1 width=121)
	  Index Cond: (id = 6383039)

table 5 : explain SELECT c FROM sbtest5 WHERE id=9054186
	Index Scan using sbtest5_pkey on sbtest5  (cost=0.43..8.45 rows=1 width=121)
	  Index Cond: (id = 9054186)

table 6 : explain SELECT c FROM sbtest6 WHERE id=9692195
	Index Scan using sbtest6_pkey on sbtest6  (cost=0.43..8.45 rows=1 width=121)
	  Index Cond: (id = 9692195)

table 7 : explain SELECT c FROM sbtest7 WHERE id=6791159
	Index Scan using sbtest7_pkey on sbtest7  (cost=0.43..8.45 rows=1 width=121)
	  Index Cond: (id = 6791159)

table 8 : explain SELECT c FROM sbtest8 WHERE id=8613033
	Index Scan using sbtest8_pkey on sbtest8  (cost=0.43..8.45 rows=1 width=121)
	  Index Cond: (id = 8613033)

explain: for deletes :: explain DELETE FROM sbtest%u WHERE id=%u
for: distinct_ranges
table 1 : explain SELECT DISTINCT c FROM sbtest1 WHERE id BETWEEN 8298483 AND 8298582 ORDER BY c
	Unique  (cost=378.89..379.38 rows=98 width=121)
	  ->  Sort  (cost=378.89..379.14 rows=98 width=121)
	        Sort Key: c
	        ->  Index Scan using sbtest1_pkey on sbtest1  (cost=0.43..375.65 rows=98 width=121)
	              Index Cond: ((id >= 8298483) AND (id <= 8298582))

table 2 : explain SELECT DISTINCT c FROM sbtest2 WHERE id BETWEEN 5797305 AND 5797404 ORDER BY c
	Unique  (cost=391.67..392.17 rows=101 width=121)
	  ->  Sort  (cost=391.67..391.92 rows=101 width=121)
	        Sort Key: c
	        ->  Index Scan using sbtest2_pkey on sbtest2  (cost=0.43..388.31 rows=101 width=121)
	              Index Cond: ((id >= 5797305) AND (id <= 5797404))

table 3 : explain SELECT DISTINCT c FROM sbtest3 WHERE id BETWEEN 4382779 AND 4382878 ORDER BY c
	Unique  (cost=443.76..444.34 rows=115 width=121)
	  ->  Sort  (cost=443.76..444.05 rows=115 width=121)
	        Sort Key: c
	        ->  Index Scan using sbtest3_pkey on sbtest3  (cost=0.43..439.83 rows=115 width=121)
	              Index Cond: ((id >= 4382779) AND (id <= 4382878))

table 4 : explain SELECT DISTINCT c FROM sbtest4 WHERE id BETWEEN 916138 AND 916237 ORDER BY c
	Unique  (cost=383.77..384.27 rows=100 width=121)
	  ->  Sort  (cost=383.77..384.02 rows=100 width=121)
	        Sort Key: c
	        ->  Index Scan using sbtest4_pkey on sbtest4  (cost=0.43..380.45 rows=100 width=121)
	              Index Cond: ((id >= 916138) AND (id <= 916237))

table 5 : explain SELECT DISTINCT c FROM sbtest5 WHERE id BETWEEN 7333854 AND 7333953 ORDER BY c
	Unique  (cost=399.27..399.79 rows=104 width=121)
	  ->  Sort  (cost=399.27..399.53 rows=104 width=121)
	        Sort Key: c
	        ->  Index Scan using sbtest5_pkey on sbtest5  (cost=0.43..395.79 rows=104 width=121)
	              Index Cond: ((id >= 7333854) AND (id <= 7333953))

table 6 : explain SELECT DISTINCT c FROM sbtest6 WHERE id BETWEEN 7576499 AND 7576598 ORDER BY c
	Unique  (cost=380.70..381.19 rows=99 width=121)
	  ->  Sort  (cost=380.70..380.95 rows=99 width=121)
	        Sort Key: c
	        ->  Index Scan using sbtest6_pkey on sbtest6  (cost=0.43..377.42 rows=99 width=121)
	              Index Cond: ((id >= 7576499) AND (id <= 7576598))

table 7 : explain SELECT DISTINCT c FROM sbtest7 WHERE id BETWEEN 3677558 AND 3677657 ORDER BY c
	Unique  (cost=363.94..364.41 rows=95 width=121)
	  ->  Sort  (cost=363.94..364.17 rows=95 width=121)
	        Sort Key: c
	        ->  Index Scan using sbtest7_pkey on sbtest7  (cost=0.43..360.82 rows=95 width=121)
	              Index Cond: ((id >= 3677558) AND (id <= 3677657))

table 8 : explain SELECT DISTINCT c FROM sbtest8 WHERE id BETWEEN 8710043 AND 8710142 ORDER BY c
	Unique  (cost=434.76..435.33 rows=113 width=121)
	  ->  Sort  (cost=434.76..435.04 rows=113 width=121)
	        Sort Key: c
	        ->  Index Scan using sbtest8_pkey on sbtest8  (cost=0.43..430.91 rows=113 width=121)
	              Index Cond: ((id >= 8710043) AND (id <= 8710142))

explain: for non_index_updates :: explain UPDATE sbtest%u SET c='foobar' WHERE id=%u
explain: for deletes :: explain DELETE FROM sbtest%u WHERE id=%u
explain: for point_selects :: explain SELECT c FROM sbtest%u WHERE id=%u
for point_selects
table 1 : explain SELECT c FROM sbtest1 WHERE id=5006336
	Index Scan using sbtest1_pkey on sbtest1  (cost=0.43..8.45 rows=1 width=121)
	  Index Cond: (id = 5006336)

table 2 : explain SELECT c FROM sbtest2 WHERE id=2354722
	Index Scan using sbtest2_pkey on sbtest2  (cost=0.43..8.45 rows=1 width=121)
	  Index Cond: (id = 2354722)

table 3 : explain SELECT c FROM sbtest3 WHERE id=6560219
	Index Scan using sbtest3_pkey on sbtest3  (cost=0.43..8.45 rows=1 width=121)
	  Index Cond: (id = 6560219)

table 4 : explain SELECT c FROM sbtest4 WHERE id=8478201
	Index Scan using sbtest4_pkey on sbtest4  (cost=0.43..8.45 rows=1 width=121)
	  Index Cond: (id = 8478201)

table 5 : explain SELECT c FROM sbtest5 WHERE id=4488139
	Index Scan using sbtest5_pkey on sbtest5  (cost=0.43..8.45 rows=1 width=121)
	  Index Cond: (id = 4488139)

table 6 : explain SELECT c FROM sbtest6 WHERE id=7196729
	Index Scan using sbtest6_pkey on sbtest6  (cost=0.43..8.45 rows=1 width=121)
	  Index Cond: (id = 7196729)

table 7 : explain SELECT c FROM sbtest7 WHERE id=5856589
	Index Scan using sbtest7_pkey on sbtest7  (cost=0.43..8.45 rows=1 width=121)
	  Index Cond: (id = 5856589)

table 8 : explain SELECT c FROM sbtest8 WHERE id=8546841
	Index Scan using sbtest8_pkey on sbtest8  (cost=0.43..8.45 rows=1 width=121)
	  Index Cond: (id = 8546841)

explain: for index_updates :: explain UPDATE sbtest%u SET k=k+1 WHERE id=%u
explain: for inserts :: explain INSERT INTO sbtest%u (id, k, c, pad) VALUES (%u, 13, 'foobar', 'foobar')
explain: for index_updates :: explain UPDATE sbtest%u SET k=k+1 WHERE id=%u
for deletes
table 1 : explain DELETE FROM sbtest1 WHERE id=7400282
	Delete on sbtest1  (cost=0.43..8.45 rows=1 width=6)
	  ->  Index Scan using sbtest1_pkey on sbtest1  (cost=0.43..8.45 rows=1 width=6)
	        Index Cond: (id = 7400282)

table 2 : explain DELETE FROM sbtest2 WHERE id=5568745
	Delete on sbtest2  (cost=0.43..8.45 rows=1 width=6)
	  ->  Index Scan using sbtest2_pkey on sbtest2  (cost=0.43..8.45 rows=1 width=6)
	        Index Cond: (id = 5568745)

table 3 : explain DELETE FROM sbtest3 WHERE id=8464366
	Delete on sbtest3  (cost=0.43..8.45 rows=1 width=6)
	  ->  Index Scan using sbtest3_pkey on sbtest3  (cost=0.43..8.45 rows=1 width=6)
	        Index Cond: (id = 8464366)

table 4 : explain DELETE FROM sbtest4 WHERE id=2133304
	Delete on sbtest4  (cost=0.43..8.45 rows=1 width=6)
	  ->  Index Scan using sbtest4_pkey on sbtest4  (cost=0.43..8.45 rows=1 width=6)
	        Index Cond: (id = 2133304)

table 5 : explain DELETE FROM sbtest5 WHERE id=3982546
	Delete on sbtest5  (cost=0.43..8.45 rows=1 width=6)
	  ->  Index Scan using sbtest5_pkey on sbtest5  (cost=0.43..8.45 rows=1 width=6)
	        Index Cond: (id = 3982546)

table 6 : explain DELETE FROM sbtest6 WHERE id=1720691
	Delete on sbtest6  (cost=0.43..8.45 rows=1 width=6)
	  ->  Index Scan using sbtest6_pkey on sbtest6  (cost=0.43..8.45 rows=1 width=6)
	        Index Cond: (id = 1720691)

table 7 : explain DELETE FROM sbtest7 WHERE id=2854744
	Delete on sbtest7  (cost=0.43..8.45 rows=1 width=6)
	  ->  Index Scan using sbtest7_pkey on sbtest7  (cost=0.43..8.45 rows=1 width=6)
	        Index Cond: (id = 2854744)

table 8 : explain DELETE FROM sbtest8 WHERE id=6782084
	Delete on sbtest8  (cost=0.43..8.45 rows=1 width=6)
	  ->  Index Scan using sbtest8_pkey on sbtest8  (cost=0.43..8.45 rows=1 width=6)
	        Index Cond: (id = 6782084)

for deletes
table 1 : explain DELETE FROM sbtest1 WHERE id=7087877
	Delete on sbtest1  (cost=0.43..8.45 rows=1 width=6)
	  ->  Index Scan using sbtest1_pkey on sbtest1  (cost=0.43..8.45 rows=1 width=6)
	        Index Cond: (id = 7087877)

table 2 : explain DELETE FROM sbtest2 WHERE id=3483400
	Delete on sbtest2  (cost=0.43..8.45 rows=1 width=6)
	  ->  Index Scan using sbtest2_pkey on sbtest2  (cost=0.43..8.45 rows=1 width=6)
	        Index Cond: (id = 3483400)

table 3 : explain DELETE FROM sbtest3 WHERE id=3790086
	Delete on sbtest3  (cost=0.43..8.45 rows=1 width=6)
	  ->  Index Scan using sbtest3_pkey on sbtest3  (cost=0.43..8.45 rows=1 width=6)
	        Index Cond: (id = 3790086)

table 4 : explain DELETE FROM sbtest4 WHERE id=2329524
	Delete on sbtest4  (cost=0.43..8.45 rows=1 width=6)
	  ->  Index Scan using sbtest4_pkey on sbtest4  (cost=0.43..8.45 rows=1 width=6)
	        Index Cond: (id = 2329524)

table 5 : explain DELETE FROM sbtest5 WHERE id=5078204
	Delete on sbtest5  (cost=0.43..8.45 rows=1 width=6)
	  ->  Index Scan using sbtest5_pkey on sbtest5  (cost=0.43..8.45 rows=1 width=6)
	        Index Cond: (id = 5078204)

table 6 : explain DELETE FROM sbtest6 WHERE id=2294305
	Delete on sbtest6  (cost=0.43..8.45 rows=1 width=6)
	  ->  Index Scan using sbtest6_pkey on sbtest6  (cost=0.43..8.45 rows=1 width=6)
	        Index Cond: (id = 2294305)

table 7 : explain DELETE FROM sbtest7 WHERE id=1053872
	Delete on sbtest7  (cost=0.43..8.45 rows=1 width=6)
	  ->  Index Scan using sbtest7_pkey on sbtest7  (cost=0.43..8.45 rows=1 width=6)
	        Index Cond: (id = 1053872)

table 8 : explain DELETE FROM sbtest8 WHERE id=8084629
	Delete on sbtest8  (cost=0.43..8.45 rows=1 width=6)
	  ->  Index Scan using sbtest8_pkey on sbtest8  (cost=0.43..8.45 rows=1 width=6)
	        Index Cond: (id = 8084629)

for point_selects
table 1 : explain SELECT c FROM sbtest1 WHERE id=9306613
	Index Scan using sbtest1_pkey on sbtest1  (cost=0.43..8.45 rows=1 width=121)
	  Index Cond: (id = 9306613)

table 2 : explain SELECT c FROM sbtest2 WHERE id=471635
	Index Scan using sbtest2_pkey on sbtest2  (cost=0.43..8.45 rows=1 width=121)
	  Index Cond: (id = 471635)

table 3 : explain SELECT c FROM sbtest3 WHERE id=1946252
	Index Scan using sbtest3_pkey on sbtest3  (cost=0.43..8.45 rows=1 width=121)
	  Index Cond: (id = 1946252)

table 4 : explain SELECT c FROM sbtest4 WHERE id=4937511
	Index Scan using sbtest4_pkey on sbtest4  (cost=0.43..8.45 rows=1 width=121)
	  Index Cond: (id = 4937511)

table 5 : explain SELECT c FROM sbtest5 WHERE id=9711331
	Index Scan using sbtest5_pkey on sbtest5  (cost=0.43..8.45 rows=1 width=121)
	  Index Cond: (id = 9711331)

table 6 : explain SELECT c FROM sbtest6 WHERE id=1799731
	Index Scan using sbtest6_pkey on sbtest6  (cost=0.43..8.45 rows=1 width=121)
	  Index Cond: (id = 1799731)

table 7 : explain SELECT c FROM sbtest7 WHERE id=189227
	Index Scan using sbtest7_pkey on sbtest7  (cost=0.43..8.45 rows=1 width=121)
	  Index Cond: (id = 189227)

table 8 : explain SELECT c FROM sbtest8 WHERE id=3210259
	Index Scan using sbtest8_pkey on sbtest8  (cost=0.43..8.45 rows=1 width=121)
	  Index Cond: (id = 3210259)

for deletes
table 1 : explain DELETE FROM sbtest1 WHERE id=5631245
	Delete on sbtest1  (cost=0.43..8.45 rows=1 width=6)
	  ->  Index Scan using sbtest1_pkey on sbtest1  (cost=0.43..8.45 rows=1 width=6)
	        Index Cond: (id = 5631245)

table 2 : explain DELETE FROM sbtest2 WHERE id=1527570
	Delete on sbtest2  (cost=0.43..8.45 rows=1 width=6)
	  ->  Index Scan using sbtest2_pkey on sbtest2  (cost=0.43..8.45 rows=1 width=6)
	        Index Cond: (id = 1527570)

table 3 : explain DELETE FROM sbtest3 WHERE id=4474710
	Delete on sbtest3  (cost=0.43..8.45 rows=1 width=6)
	  ->  Index Scan using sbtest3_pkey on sbtest3  (cost=0.43..8.45 rows=1 width=6)
	        Index Cond: (id = 4474710)

table 4 : explain DELETE FROM sbtest4 WHERE id=4326815
	Delete on sbtest4  (cost=0.43..8.45 rows=1 width=6)
	  ->  Index Scan using sbtest4_pkey on sbtest4  (cost=0.43..8.45 rows=1 width=6)
	        Index Cond: (id = 4326815)

table 5 : explain DELETE FROM sbtest5 WHERE id=7935660
	Delete on sbtest5  (cost=0.43..8.45 rows=1 width=6)
	  ->  Index Scan using sbtest5_pkey on sbtest5  (cost=0.43..8.45 rows=1 width=6)
	        Index Cond: (id = 7935660)

table 6 : explain DELETE FROM sbtest6 WHERE id=9268082
	Delete on sbtest6  (cost=0.43..8.45 rows=1 width=6)
	  ->  Index Scan using sbtest6_pkey on sbtest6  (cost=0.43..8.45 rows=1 width=6)
	        Index Cond: (id = 9268082)

table 7 : explain DELETE FROM sbtest7 WHERE id=1201160
	Delete on sbtest7  (cost=0.43..8.45 rows=1 width=6)
	  ->  Index Scan using sbtest7_pkey on sbtest7  (cost=0.43..8.45 rows=1 width=6)
	        Index Cond: (id = 1201160)

table 8 : explain DELETE FROM sbtest8 WHERE id=1863074
	Delete on sbtest8  (cost=0.43..8.45 rows=1 width=6)
	  ->  Index Scan using sbtest8_pkey on sbtest8  (cost=0.43..8.45 rows=1 width=6)
	        Index Cond: (id = 1863074)

for: simple_ranges
table 1 : explain SELECT c FROM sbtest1 WHERE id BETWEEN 2927875 AND 2927974
	Index Scan using sbtest1_pkey on sbtest1  (cost=0.43..371.81 rows=97 width=121)
	  Index Cond: ((id >= 2927875) AND (id <= 2927974))

table 2 : explain SELECT c FROM sbtest2 WHERE id BETWEEN 9484222 AND 9484321
	Index Scan using sbtest2_pkey on sbtest2  (cost=0.43..380.71 rows=99 width=121)
	  Index Cond: ((id >= 9484222) AND (id <= 9484321))

table 3 : explain SELECT c FROM sbtest3 WHERE id BETWEEN 8314423 AND 8314522
	Index Scan using sbtest3_pkey on sbtest3  (cost=0.43..390.66 rows=102 width=121)
	  Index Cond: ((id >= 8314423) AND (id <= 8314522))

table 4 : explain SELECT c FROM sbtest4 WHERE id BETWEEN 2550373 AND 2550472
	Index Scan using sbtest4_pkey on sbtest4  (cost=0.43..361.67 rows=95 width=121)
	  Index Cond: ((id >= 2550373) AND (id <= 2550472))

table 5 : explain SELECT c FROM sbtest5 WHERE id BETWEEN 2464646 AND 2464745
	Index Scan using sbtest5_pkey on sbtest5  (cost=0.43..392.03 rows=103 width=121)
	  Index Cond: ((id >= 2464646) AND (id <= 2464745))

table 6 : explain SELECT c FROM sbtest6 WHERE id BETWEEN 9297015 AND 9297114
	Index Scan using sbtest6_pkey on sbtest6  (cost=0.43..369.89 rows=97 width=121)
	  Index Cond: ((id >= 9297015) AND (id <= 9297114))

table 7 : explain SELECT c FROM sbtest7 WHERE id BETWEEN 6936691 AND 6936790
	Index Scan using sbtest7_pkey on sbtest7  (cost=0.43..367.36 rows=96 width=121)
	  Index Cond: ((id >= 6936691) AND (id <= 6936790))

table 8 : explain SELECT c FROM sbtest8 WHERE id BETWEEN 2019966 AND 2020065
	Index Scan using sbtest8_pkey on sbtest8  (cost=0.43..457.36 rows=120 width=121)
	  Index Cond: ((id >= 2019966) AND (id <= 2020065))

for non_index_updates
table 1 : explain UPDATE sbtest1 SET c='foobar' WHERE id=8401833
	Update on sbtest1  (cost=0.43..8.45 rows=1 width=559)
	  ->  Index Scan using sbtest1_pkey on sbtest1  (cost=0.43..8.45 rows=1 width=559)
	        Index Cond: (id = 8401833)

table 2 : explain UPDATE sbtest2 SET c='foobar' WHERE id=5013496
	Update on sbtest2  (cost=0.43..8.45 rows=1 width=559)
	  ->  Index Scan using sbtest2_pkey on sbtest2  (cost=0.43..8.45 rows=1 width=559)
	        Index Cond: (id = 5013496)

table 3 : explain UPDATE sbtest3 SET c='foobar' WHERE id=5613672
	Update on sbtest3  (cost=0.43..8.45 rows=1 width=559)
	  ->  Index Scan using sbtest3_pkey on sbtest3  (cost=0.43..8.45 rows=1 width=559)
	        Index Cond: (id = 5613672)

table 4 : explain UPDATE sbtest4 SET c='foobar' WHERE id=396564
	Update on sbtest4  (cost=0.43..8.45 rows=1 width=559)
	  ->  Index Scan using sbtest4_pkey on sbtest4  (cost=0.43..8.45 rows=1 width=559)
	        Index Cond: (id = 396564)

table 5 : explain UPDATE sbtest5 SET c='foobar' WHERE id=6335776
	Update on sbtest5  (cost=0.43..8.45 rows=1 width=559)
	  ->  Index Scan using sbtest5_pkey on sbtest5  (cost=0.43..8.45 rows=1 width=559)
	        Index Cond: (id = 6335776)

table 6 : explain UPDATE sbtest6 SET c='foobar' WHERE id=7990499
	Update on sbtest6  (cost=0.43..8.45 rows=1 width=559)
	  ->  Index Scan using sbtest6_pkey on sbtest6  (cost=0.43..8.45 rows=1 width=559)
	        Index Cond: (id = 7990499)

table 7 : explain UPDATE sbtest7 SET c='foobar' WHERE id=6153732
	Update on sbtest7  (cost=0.43..8.45 rows=1 width=559)
	  ->  Index Scan using sbtest7_pkey on sbtest7  (cost=0.43..8.45 rows=1 width=559)
	        Index Cond: (id = 6153732)

table 8 : explain UPDATE sbtest8 SET c='foobar' WHERE id=5480476
	Update on sbtest8  (cost=0.43..8.45 rows=1 width=559)
	  ->  Index Scan using sbtest8_pkey on sbtest8  (cost=0.43..8.45 rows=1 width=559)
	        Index Cond: (id = 5480476)

for: simple_ranges
table 1 : explain SELECT c FROM sbtest1 WHERE id BETWEEN 7638250 AND 7638349
	Index Scan using sbtest1_pkey on sbtest1  (cost=0.43..394.57 rows=103 width=121)
	  Index Cond: ((id >= 7638250) AND (id <= 7638349))

table 2 : explain SELECT c FROM sbtest2 WHERE id BETWEEN 464769 AND 464868
	Index Scan using sbtest2_pkey on sbtest2  (cost=0.43..380.71 rows=99 width=121)
	  Index Cond: ((id >= 464769) AND (id <= 464868))

table 3 : explain SELECT c FROM sbtest3 WHERE id BETWEEN 9738818 AND 9738917
	Index Scan using sbtest3_pkey on sbtest3  (cost=0.43..356.56 rows=93 width=121)
	  Index Cond: ((id >= 9738818) AND (id <= 9738917))

table 4 : explain SELECT c FROM sbtest4 WHERE id BETWEEN 659757 AND 659856
	Index Scan using sbtest4_pkey on sbtest4  (cost=0.43..365.43 rows=96 width=121)
	  Index Cond: ((id >= 659757) AND (id <= 659856))

table 5 : explain SELECT c FROM sbtest5 WHERE id BETWEEN 6738951 AND 6739050
	Index Scan using sbtest5_pkey on sbtest5  (cost=0.43..373.24 rows=98 width=121)
	  Index Cond: ((id >= 6738951) AND (id <= 6739050))

table 6 : explain SELECT c FROM sbtest6 WHERE id BETWEEN 2764141 AND 2764240
	Index Scan using sbtest6_pkey on sbtest6  (cost=0.43..388.71 rows=102 width=121)
	  Index Cond: ((id >= 2764141) AND (id <= 2764240))

table 7 : explain SELECT c FROM sbtest7 WHERE id BETWEEN 9110223 AND 9110322
	Index Scan using sbtest7_pkey on sbtest7  (cost=0.43..408.89 rows=107 width=121)
	  Index Cond: ((id >= 9110223) AND (id <= 9110322))

table 8 : explain SELECT c FROM sbtest8 WHERE id BETWEEN 5342858 AND 5342957
	Index Scan using sbtest8_pkey on sbtest8  (cost=0.43..385.66 rows=101 width=121)
	  Index Cond: ((id >= 5342858) AND (id <= 5342957))

for: simple_ranges
table 1 : explain SELECT c FROM sbtest1 WHERE id BETWEEN 7583770 AND 7583869
	Index Scan using sbtest1_pkey on sbtest1  (cost=0.43..371.87 rows=97 width=121)
	  Index Cond: ((id >= 7583770) AND (id <= 7583869))

table 2 : explain SELECT c FROM sbtest2 WHERE id BETWEEN 7999485 AND 7999584
	Index Scan using sbtest2_pkey on sbtest2  (cost=0.43..388.31 rows=101 width=121)
	  Index Cond: ((id >= 7999485) AND (id <= 7999584))

table 3 : explain SELECT c FROM sbtest3 WHERE id BETWEEN 6940288 AND 6940387
	Index Scan using sbtest3_pkey on sbtest3  (cost=0.43..398.22 rows=104 width=121)
	  Index Cond: ((id >= 6940288) AND (id <= 6940387))

table 4 : explain SELECT c FROM sbtest4 WHERE id BETWEEN 8032458 AND 8032557
	Index Scan using sbtest4_pkey on sbtest4  (cost=0.43..402.98 rows=106 width=121)
	  Index Cond: ((id >= 8032458) AND (id <= 8032557))

table 5 : explain SELECT c FROM sbtest5 WHERE id BETWEEN 6792517 AND 6792616
	Index Scan using sbtest5_pkey on sbtest5  (cost=0.43..373.24 rows=98 width=121)
	  Index Cond: ((id >= 6792517) AND (id <= 6792616))

table 6 : explain SELECT c FROM sbtest6 WHERE id BETWEEN 6233616 AND 6233715
	Index Scan using sbtest6_pkey on sbtest6  (cost=0.43..369.89 rows=97 width=121)
	  Index Cond: ((id >= 6233616) AND (id <= 6233715))

table 7 : explain SELECT c FROM sbtest7 WHERE id BETWEEN 4973293 AND 4973392
	Index Scan using sbtest7_pkey on sbtest7  (cost=0.43..390.01 rows=102 width=121)
	  Index Cond: ((id >= 4973293) AND (id <= 4973392))

table 8 : explain SELECT c FROM sbtest8 WHERE id BETWEEN 3784254 AND 3784353
	Index Scan using sbtest8_pkey on sbtest8  (cost=0.43..389.43 rows=102 width=121)
	  Index Cond: ((id >= 3784254) AND (id <= 3784353))

explain: for inserts :: explain INSERT INTO sbtest%u (id, k, c, pad) VALUES (%u, 13, 'foobar', 'foobar')
explain: for deletes :: explain DELETE FROM sbtest%u WHERE id=%u
explain: for point_selects :: explain SELECT c FROM sbtest%u WHERE id=%u
for: order_ranges
table 1 : explain SELECT c FROM sbtest1 WHERE id BETWEEN 2785880 AND 2785979 ORDER BY c
	Sort  (cost=363.54..363.77 rows=94 width=121)
	  Sort Key: c
	  ->  Index Scan using sbtest1_pkey on sbtest1  (cost=0.43..360.46 rows=94 width=121)
	        Index Cond: ((id >= 2785880) AND (id <= 2785979))

table 2 : explain SELECT c FROM sbtest2 WHERE id BETWEEN 2322960 AND 2323059 ORDER BY c
	Sort  (cost=395.50..395.76 rows=102 width=121)
	  Sort Key: c
	  ->  Index Scan using sbtest2_pkey on sbtest2  (cost=0.43..392.10 rows=102 width=121)
	        Index Cond: ((id >= 2322960) AND (id <= 2323059))

table 3 : explain SELECT c FROM sbtest3 WHERE id BETWEEN 4180432 AND 4180531 ORDER BY c
	Sort  (cost=394.06..394.31 rows=102 width=121)
	  Sort Key: c
	  ->  Index Scan using sbtest3_pkey on sbtest3  (cost=0.43..390.66 rows=102 width=121)
	        Index Cond: ((id >= 4180432) AND (id <= 4180531))

table 4 : explain SELECT c FROM sbtest4 WHERE id BETWEEN 2954031 AND 2954130 ORDER BY c
	Sort  (cost=406.55..406.81 rows=106 width=121)
	  Sort Key: c
	  ->  Index Scan using sbtest4_pkey on sbtest4  (cost=0.43..402.98 rows=106 width=121)
	        Index Cond: ((id >= 2954031) AND (id <= 2954130))

table 5 : explain SELECT c FROM sbtest5 WHERE id BETWEEN 2322161 AND 2322260 ORDER BY c
	Sort  (cost=391.68..391.93 rows=102 width=121)
	  Sort Key: c
	  ->  Index Scan using sbtest5_pkey on sbtest5  (cost=0.43..388.27 rows=102 width=121)
	        Index Cond: ((id >= 2322161) AND (id <= 2322260))

table 6 : explain SELECT c FROM sbtest6 WHERE id BETWEEN 9978542 AND 9978641 ORDER BY c
	Sort  (cost=354.08..354.31 rows=92 width=121)
	  Sort Key: c
	  ->  Index Scan using sbtest6_pkey on sbtest6  (cost=0.43..351.08 rows=92 width=121)
	        Index Cond: ((id >= 9978542) AND (id <= 9978641))

table 7 : explain SELECT c FROM sbtest7 WHERE id BETWEEN 9671177 AND 9671276 ORDER BY c
	Sort  (cost=408.68..408.95 rows=106 width=121)
	  Sort Key: c
	  ->  Index Scan using sbtest7_pkey on sbtest7  (cost=0.43..405.12 rows=106 width=121)
	        Index Cond: ((id >= 9671177) AND (id <= 9671276))

table 8 : explain SELECT c FROM sbtest8 WHERE id BETWEEN 8306159 AND 8306258 ORDER BY c
	Sort  (cost=366.16..366.40 rows=95 width=121)
	  Sort Key: c
	  ->  Index Scan using sbtest8_pkey on sbtest8  (cost=0.43..363.04 rows=95 width=121)
	        Index Cond: ((id >= 8306159) AND (id <= 8306258))
for index_updates
table 1 : explain UPDATE sbtest1 SET k=k+1 WHERE id=606378
	Update on sbtest1  (cost=0.43..8.46 rows=1 width=196)
	  ->  Index Scan using sbtest1_pkey on sbtest1  (cost=0.43..8.46 rows=1 width=196)
	        Index Cond: (id = 606378)

table 2 : explain UPDATE sbtest2 SET k=k+1 WHERE id=2474093
	Update on sbtest2  (cost=0.43..8.46 rows=1 width=196)
	  ->  Index Scan using sbtest2_pkey on sbtest2  (cost=0.43..8.46 rows=1 width=196)
	        Index Cond: (id = 2474093)

table 3 : explain UPDATE sbtest3 SET k=k+1 WHERE id=6802912
	Update on sbtest3  (cost=0.43..8.46 rows=1 width=196)
	  ->  Index Scan using sbtest3_pkey on sbtest3  (cost=0.43..8.46 rows=1 width=196)
	        Index Cond: (id = 6802912)

table 4 : explain UPDATE sbtest4 SET k=k+1 WHERE id=6723761
	Update on sbtest4  (cost=0.43..8.46 rows=1 width=196)
	  ->  Index Scan using sbtest4_pkey on sbtest4  (cost=0.43..8.46 rows=1 width=196)
	        Index Cond: (id = 6723761)

table 5 : explain UPDATE sbtest5 SET k=k+1 WHERE id=3199260
	Update on sbtest5  (cost=0.43..8.46 rows=1 width=196)
	  ->  Index Scan using sbtest5_pkey on sbtest5  (cost=0.43..8.46 rows=1 width=196)
	        Index Cond: (id = 3199260)

table 6 : explain UPDATE sbtest6 SET k=k+1 WHERE id=7606268
	Update on sbtest6  (cost=0.43..8.46 rows=1 width=196)
	  ->  Index Scan using sbtest6_pkey on sbtest6  (cost=0.43..8.46 rows=1 width=196)
	        Index Cond: (id = 7606268)

table 7 : explain UPDATE sbtest7 SET k=k+1 WHERE id=5933230
	Update on sbtest7  (cost=0.43..8.46 rows=1 width=196)
	  ->  Index Scan using sbtest7_pkey on sbtest7  (cost=0.43..8.46 rows=1 width=196)
	        Index Cond: (id = 5933230)

table 8 : explain UPDATE sbtest8 SET k=k+1 WHERE id=7750630
	Update on sbtest8  (cost=0.43..8.46 rows=1 width=196)
	  ->  Index Scan using sbtest8_pkey on sbtest8  (cost=0.43..8.46 rows=1 width=196)
	        Index Cond: (id = 7750630)


for index_updates
table 1 : explain UPDATE sbtest1 SET k=k+1 WHERE id=443897
	Update on sbtest1  (cost=0.43..8.46 rows=1 width=196)
	  ->  Index Scan using sbtest1_pkey on sbtest1  (cost=0.43..8.46 rows=1 width=196)
	        Index Cond: (id = 443897)

table 2 : explain UPDATE sbtest2 SET k=k+1 WHERE id=7006456
	Update on sbtest2  (cost=0.43..8.46 rows=1 width=196)
	  ->  Index Scan using sbtest2_pkey on sbtest2  (cost=0.43..8.46 rows=1 width=196)
	        Index Cond: (id = 7006456)

table 3 : explain UPDATE sbtest3 SET k=k+1 WHERE id=552540
	Update on sbtest3  (cost=0.43..8.46 rows=1 width=196)
	  ->  Index Scan using sbtest3_pkey on sbtest3  (cost=0.43..8.46 rows=1 width=196)
	        Index Cond: (id = 552540)

table 4 : explain UPDATE sbtest4 SET k=k+1 WHERE id=5380908
	Update on sbtest4  (cost=0.43..8.46 rows=1 width=196)
	  ->  Index Scan using sbtest4_pkey on sbtest4  (cost=0.43..8.46 rows=1 width=196)
	        Index Cond: (id = 5380908)

table 5 : explain UPDATE sbtest5 SET k=k+1 WHERE id=702082
	Update on sbtest5  (cost=0.43..8.46 rows=1 width=196)
	  ->  Index Scan using sbtest5_pkey on sbtest5  (cost=0.43..8.46 rows=1 width=196)
	        Index Cond: (id = 702082)

table 6 : explain UPDATE sbtest6 SET k=k+1 WHERE id=3641430
	Update on sbtest6  (cost=0.43..8.46 rows=1 width=196)
	  ->  Index Scan using sbtest6_pkey on sbtest6  (cost=0.43..8.46 rows=1 width=196)
	        Index Cond: (id = 3641430)

table 7 : explain UPDATE sbtest7 SET k=k+1 WHERE id=8076334
	Update on sbtest7  (cost=0.43..8.46 rows=1 width=196)
	  ->  Index Scan using sbtest7_pkey on sbtest7  (cost=0.43..8.46 rows=1 width=196)
	        Index Cond: (id = 8076334)

table 8 : explain UPDATE sbtest8 SET k=k+1 WHERE id=5538066
	Update on sbtest8  (cost=0.43..8.46 rows=1 width=196)
	  ->  Index Scan using sbtest8_pkey on sbtest8  (cost=0.43..8.46 rows=1 width=196)
	        Index Cond: (id = 5538066)

for: distinct_ranges
table 1 : explain SELECT DISTINCT c FROM sbtest1 WHERE id BETWEEN 5107349 AND 5107448 ORDER BY c
	Unique  (cost=375.07..375.55 rows=97 width=121)
	  ->  Sort  (cost=375.07..375.31 rows=97 width=121)
	        Sort Key: c
	        ->  Index Scan using sbtest1_pkey on sbtest1  (cost=0.43..371.87 rows=97 width=121)
	              Index Cond: ((id >= 5107349) AND (id <= 5107448))

table 2 : explain SELECT DISTINCT c FROM sbtest2 WHERE id BETWEEN 2204680 AND 2204779 ORDER BY c
	Unique  (cost=380.16..380.65 rows=98 width=121)
	  ->  Sort  (cost=380.16..380.40 rows=98 width=121)
	        Sort Key: c
	        ->  Index Scan using sbtest2_pkey on sbtest2  (cost=0.43..376.91 rows=98 width=121)
	              Index Cond: ((id >= 2204680) AND (id <= 2204779))

table 3 : explain SELECT DISTINCT c FROM sbtest3 WHERE id BETWEEN 7209086 AND 7209185 ORDER BY c
	Unique  (cost=405.53..406.05 rows=105 width=121)
	  ->  Sort  (cost=405.53..405.79 rows=105 width=121)
	        Sort Key: c
	        ->  Index Scan using sbtest3_pkey on sbtest3  (cost=0.43..402.00 rows=105 width=121)
	              Index Cond: ((id >= 7209086) AND (id <= 7209185))

table 4 : explain SELECT DISTINCT c FROM sbtest4 WHERE id BETWEEN 6208222 AND 6208321 ORDER BY c
	Unique  (cost=361.00..361.47 rows=94 width=121)
	  ->  Sort  (cost=361.00..361.23 rows=94 width=121)
	        Sort Key: c
	        ->  Index Scan using sbtest4_pkey on sbtest4  (cost=0.43..357.91 rows=94 width=121)
	              Index Cond: ((id >= 6208222) AND (id <= 6208321))

table 5 : explain SELECT DISTINCT c FROM sbtest5 WHERE id BETWEEN 8725307 AND 8725406 ORDER BY c
	Unique  (cost=361.28..361.75 rows=94 width=121)
	  ->  Sort  (cost=361.28..361.52 rows=94 width=121)
	        Sort Key: c
	        ->  Index Scan using sbtest5_pkey on sbtest5  (cost=0.43..358.20 rows=94 width=121)
	              Index Cond: ((id >= 8725307) AND (id <= 8725406))

table 6 : explain SELECT DISTINCT c FROM sbtest6 WHERE id BETWEEN 4847064 AND 4847163 ORDER BY c
	Unique  (cost=361.68..362.15 rows=94 width=121)
	  ->  Sort  (cost=361.68..361.92 rows=94 width=121)
	        Sort Key: c
	        ->  Index Scan using sbtest6_pkey on sbtest6  (cost=0.43..358.60 rows=94 width=121)
	              Index Cond: ((id >= 4847064) AND (id <= 4847163))

table 7 : explain SELECT DISTINCT c FROM sbtest7 WHERE id BETWEEN 2083136 AND 2083235 ORDER BY c
	Unique  (cost=371.51..372.00 rows=97 width=121)
	  ->  Sort  (cost=371.51..371.75 rows=97 width=121)
	        Sort Key: c
	        ->  Index Scan using sbtest7_pkey on sbtest7  (cost=0.43..368.31 rows=97 width=121)
	              Index Cond: ((id >= 2083136) AND (id <= 2083235))

table 8 : explain SELECT DISTINCT c FROM sbtest8 WHERE id BETWEEN 5962152 AND 5962251 ORDER BY c
	Unique  (cost=396.65..397.16 rows=103 width=121)
	  ->  Sort  (cost=396.65..396.91 rows=103 width=121)
	        Sort Key: c
	        ->  Index Scan using sbtest8_pkey on sbtest8  (cost=0.43..393.21 rows=103 width=121)
	              Index Cond: ((id >= 5962152) AND (id <= 5962251))

for: sum_ranges
table 1 : explain SELECT SUM(k) FROM sbtest1 WHERE id BETWEEN 3295576 AND 3295675
	Aggregate  (cost=360.69..360.70 rows=1 width=8)
	  ->  Index Scan using sbtest1_pkey on sbtest1  (cost=0.43..360.46 rows=94 width=4)
	        Index Cond: ((id >= 3295576) AND (id <= 3295675))

table 2 : explain SELECT SUM(k) FROM sbtest2 WHERE id BETWEEN 2565687 AND 2565786
	Aggregate  (cost=415.15..415.16 rows=1 width=8)
	  ->  Index Scan using sbtest2_pkey on sbtest2  (cost=0.43..414.88 rows=108 width=4)
	        Index Cond: ((id >= 2565687) AND (id <= 2565786))

table 3 : explain SELECT SUM(k) FROM sbtest3 WHERE id BETWEEN 2584342 AND 2584441
	Aggregate  (cost=379.56..379.57 rows=1 width=8)
	  ->  Index Scan using sbtest3_pkey on sbtest3  (cost=0.43..379.31 rows=99 width=4)
	        Index Cond: ((id >= 2584342) AND (id <= 2584441))

table 4 : explain SELECT SUM(k) FROM sbtest4 WHERE id BETWEEN 5427358 AND 5427457
	Aggregate  (cost=399.49..399.50 rows=1 width=8)
	  ->  Index Scan using sbtest4_pkey on sbtest4  (cost=0.43..399.22 rows=105 width=4)
	        Index Cond: ((id >= 5427358) AND (id <= 5427457))

table 5 : explain SELECT SUM(k) FROM sbtest5 WHERE id BETWEEN 8224859 AND 8224958
	Aggregate  (cost=377.24..377.25 rows=1 width=8)
	  ->  Index Scan using sbtest5_pkey on sbtest5  (cost=0.43..377.00 rows=99 width=4)
	        Index Cond: ((id >= 8224859) AND (id <= 8224958))

table 6 : explain SELECT SUM(k) FROM sbtest6 WHERE id BETWEEN 2994642 AND 2994741
	Aggregate  (cost=370.13..370.14 rows=1 width=8)
	  ->  Index Scan using sbtest6_pkey on sbtest6  (cost=0.43..369.89 rows=97 width=4)
	        Index Cond: ((id >= 2994642) AND (id <= 2994741))

table 7 : explain SELECT SUM(k) FROM sbtest7 WHERE id BETWEEN 5222858 AND 5222957
	Aggregate  (cost=363.82..363.83 rows=1 width=8)
	  ->  Index Scan using sbtest7_pkey on sbtest7  (cost=0.43..363.58 rows=95 width=4)
	        Index Cond: ((id >= 5222858) AND (id <= 5222957))

table 8 : explain SELECT SUM(k) FROM sbtest8 WHERE id BETWEEN 1053355 AND 1053454
	Aggregate  (cost=363.28..363.29 rows=1 width=8)
	  ->  Index Scan using sbtest8_pkey on sbtest8  (cost=0.43..363.04 rows=95 width=4)
	        Index Cond: ((id >= 1053355) AND (id <= 1053454))

for deletes
table 1 : explain DELETE FROM sbtest1 WHERE id=4676348
	Delete on sbtest1  (cost=0.43..8.45 rows=1 width=6)
	  ->  Index Scan using sbtest1_pkey on sbtest1  (cost=0.43..8.45 rows=1 width=6)
	        Index Cond: (id = 4676348)

table 2 : explain DELETE FROM sbtest2 WHERE id=7520236
	Delete on sbtest2  (cost=0.43..8.45 rows=1 width=6)
	  ->  Index Scan using sbtest2_pkey on sbtest2  (cost=0.43..8.45 rows=1 width=6)
	        Index Cond: (id = 7520236)

table 3 : explain DELETE FROM sbtest3 WHERE id=6921216
	Delete on sbtest3  (cost=0.43..8.45 rows=1 width=6)
	  ->  Index Scan using sbtest3_pkey on sbtest3  (cost=0.43..8.45 rows=1 width=6)
	        Index Cond: (id = 6921216)

table 4 : explain DELETE FROM sbtest4 WHERE id=7408678
	Delete on sbtest4  (cost=0.43..8.45 rows=1 width=6)
	  ->  Index Scan using sbtest4_pkey on sbtest4  (cost=0.43..8.45 rows=1 width=6)
	        Index Cond: (id = 7408678)

table 5 : explain DELETE FROM sbtest5 WHERE id=8309742
	Delete on sbtest5  (cost=0.43..8.45 rows=1 width=6)
	  ->  Index Scan using sbtest5_pkey on sbtest5  (cost=0.43..8.45 rows=1 width=6)
	        Index Cond: (id = 8309742)

table 6 : explain DELETE FROM sbtest6 WHERE id=3109085
	Delete on sbtest6  (cost=0.43..8.45 rows=1 width=6)
	  ->  Index Scan using sbtest6_pkey on sbtest6  (cost=0.43..8.45 rows=1 width=6)
	        Index Cond: (id = 3109085)

table 7 : explain DELETE FROM sbtest7 WHERE id=7453777
	Delete on sbtest7  (cost=0.43..8.45 rows=1 width=6)
	  ->  Index Scan using sbtest7_pkey on sbtest7  (cost=0.43..8.45 rows=1 width=6)
	        Index Cond: (id = 7453777)

table 8 : explain DELETE FROM sbtest8 WHERE id=4964268
	Delete on sbtest8  (cost=0.43..8.45 rows=1 width=6)
	  ->  Index Scan using sbtest8_pkey on sbtest8  (cost=0.43..8.45 rows=1 width=6)
	        Index Cond: (id = 4964268)

explain: for inserts :: explain INSERT INTO sbtest%u (id, k, c, pad) VALUES (%u, 13, 'foobar', 'foobar')
for: simple_ranges
table 1 : explain SELECT c FROM sbtest1 WHERE id BETWEEN 6623033 AND 6623132
	Index Scan using sbtest1_pkey on sbtest1  (cost=0.43..333.97 rows=87 width=121)
	  Index Cond: ((id >= 6623033) AND (id <= 6623132))

table 2 : explain SELECT c FROM sbtest2 WHERE id BETWEEN 5866147 AND 5866246
	Index Scan using sbtest2_pkey on sbtest2  (cost=0.43..395.90 rows=103 width=121)
	  Index Cond: ((id >= 5866147) AND (id <= 5866246))

table 3 : explain SELECT c FROM sbtest3 WHERE id BETWEEN 7793809 AND 7793908
	Index Scan using sbtest3_pkey on sbtest3  (cost=0.43..405.79 rows=106 width=121)
	  Index Cond: ((id >= 7793809) AND (id <= 7793908))

table 4 : explain SELECT c FROM sbtest4 WHERE id BETWEEN 9366003 AND 9366102
	Index Scan using sbtest4_pkey on sbtest4  (cost=0.43..369.18 rows=97 width=121)
	  Index Cond: ((id >= 9366003) AND (id <= 9366102))

table 5 : explain SELECT c FROM sbtest5 WHERE id BETWEEN 8901011 AND 8901110
	Index Scan using sbtest5_pkey on sbtest5  (cost=0.43..380.75 rows=100 width=121)
	  Index Cond: ((id >= 8901011) AND (id <= 8901110))

table 6 : explain SELECT c FROM sbtest6 WHERE id BETWEEN 7692522 AND 7692621
	Index Scan using sbtest6_pkey on sbtest6  (cost=0.43..377.42 rows=99 width=121)
	  Index Cond: ((id >= 7692522) AND (id <= 7692621))

table 7 : explain SELECT c FROM sbtest7 WHERE id BETWEEN 8609801 AND 8609900
	Index Scan using sbtest7_pkey on sbtest7  (cost=0.43..405.12 rows=106 width=121)
	  Index Cond: ((id >= 8609801) AND (id <= 8609900))

table 8 : explain SELECT c FROM sbtest8 WHERE id BETWEEN 2877504 AND 2877603
	Index Scan using sbtest8_pkey on sbtest8  (cost=0.43..404.52 rows=106 width=121)
	  Index Cond: ((id >= 2877504) AND (id <= 2877603))
for: distinct_ranges
table 1 : explain SELECT DISTINCT c FROM sbtest1 WHERE id BETWEEN 5206494 AND 5206593 ORDER BY c
	Unique  (cost=398.01..398.53 rows=103 width=121)
	  ->  Sort  (cost=398.01..398.27 rows=103 width=121)
	        Sort Key: c
	        ->  Index Scan using sbtest1_pkey on sbtest1  (cost=0.43..394.57 rows=103 width=121)
	              Index Cond: ((id >= 5206494) AND (id <= 5206593))

table 2 : explain SELECT DISTINCT c FROM sbtest2 WHERE id BETWEEN 5243449 AND 5243548 ORDER BY c
	Unique  (cost=383.99..384.49 rows=99 width=121)
	  ->  Sort  (cost=383.99..384.24 rows=99 width=121)
	        Sort Key: c
	        ->  Index Scan using sbtest2_pkey on sbtest2  (cost=0.43..380.71 rows=99 width=121)
	              Index Cond: ((id >= 5243449) AND (id <= 5243548))

table 3 : explain SELECT DISTINCT c FROM sbtest3 WHERE id BETWEEN 691429 AND 691528 ORDER BY c
	Unique  (cost=397.88..398.40 rows=103 width=121)
	  ->  Sort  (cost=397.88..398.14 rows=103 width=121)
	        Sort Key: c
	        ->  Index Scan using sbtest3_pkey on sbtest3  (cost=0.43..394.44 rows=103 width=121)
	              Index Cond: ((id >= 691429) AND (id <= 691528))

table 4 : explain SELECT DISTINCT c FROM sbtest4 WHERE id BETWEEN 3966395 AND 3966494 ORDER BY c
	Unique  (cost=349.61..350.06 rows=91 width=121)
	  ->  Sort  (cost=349.61..349.84 rows=91 width=121)
	        Sort Key: c
	        ->  Index Scan using sbtest4_pkey on sbtest4  (cost=0.43..346.65 rows=91 width=121)
	              Index Cond: ((id >= 3966395) AND (id <= 3966494))

table 5 : explain SELECT DISTINCT c FROM sbtest5 WHERE id BETWEEN 6360135 AND 6360234 ORDER BY c
	Unique  (cost=365.08..365.56 rows=95 width=121)
	  ->  Sort  (cost=365.08..365.32 rows=95 width=121)
	        Sort Key: c
	        ->  Index Scan using sbtest5_pkey on sbtest5  (cost=0.43..361.96 rows=95 width=121)
	              Index Cond: ((id >= 6360135) AND (id <= 6360234))

table 6 : explain SELECT DISTINCT c FROM sbtest6 WHERE id BETWEEN 6922801 AND 6922900 ORDER BY c
	Unique  (cost=365.49..365.96 rows=95 width=121)
	  ->  Sort  (cost=365.49..365.72 rows=95 width=121)
	        Sort Key: c
	        ->  Index Scan using sbtest6_pkey on sbtest6  (cost=0.43..362.37 rows=95 width=121)
	              Index Cond: ((id >= 6922801) AND (id <= 6922900))

table 7 : explain SELECT DISTINCT c FROM sbtest7 WHERE id BETWEEN 9099834 AND 9099933 ORDER BY c
	Unique  (cost=412.50..413.03 rows=107 width=121)
	  ->  Sort  (cost=412.50..412.77 rows=107 width=121)
	        Sort Key: c
	        ->  Index Scan using sbtest7_pkey on sbtest7  (cost=0.43..408.89 rows=107 width=121)
	              Index Cond: ((id >= 9099834) AND (id <= 9099933))

table 8 : explain SELECT DISTINCT c FROM sbtest8 WHERE id BETWEEN 3489956 AND 3490055 ORDER BY c
	Unique  (cost=392.84..393.35 rows=102 width=121)
	  ->  Sort  (cost=392.84..393.09 rows=102 width=121)
	        Sort Key: c
	        ->  Index Scan using sbtest8_pkey on sbtest8  (cost=0.43..389.43 rows=102 width=121)
	              Index Cond: ((id >= 3489956) AND (id <= 3490055))


explain: for inserts :: explain INSERT INTO sbtest%u (id, k, c, pad) VALUES (%u, 13, 'foobar', 'foobar')
for inserts
table 1 : explain INSERT INTO sbtest1 (id, k, c, pad) VALUES (5324042, 13, 'foobar', 'foobar')
	Insert on sbtest1  (cost=0.00..0.01 rows=1 width=736)
	  ->  Result  (cost=0.00..0.01 rows=1 width=736)

table 2 : explain INSERT INTO sbtest2 (id, k, c, pad) VALUES (3239956, 13, 'foobar', 'foobar')
	Insert on sbtest2  (cost=0.00..0.01 rows=1 width=736)
	  ->  Result  (cost=0.00..0.01 rows=1 width=736)

table 3 : explain INSERT INTO sbtest3 (id, k, c, pad) VALUES (6652463, 13, 'foobar', 'foobar')
	Insert on sbtest3  (cost=0.00..0.01 rows=1 width=736)
	  ->  Result  (cost=0.00..0.01 rows=1 width=736)

table 4 : explain INSERT INTO sbtest4 (id, k, c, pad) VALUES (304247, 13, 'foobar', 'foobar')
	Insert on sbtest4  (cost=0.00..0.01 rows=1 width=736)
	  ->  Result  (cost=0.00..0.01 rows=1 width=736)

table 5 : explain INSERT INTO sbtest5 (id, k, c, pad) VALUES (3377680, 13, 'foobar', 'foobar')
	Insert on sbtest5  (cost=0.00..0.01 rows=1 width=736)
	  ->  Result  (cost=0.00..0.01 rows=1 width=736)

table 6 : explain INSERT INTO sbtest6 (id, k, c, pad) VALUES (299451, 13, 'foobar', 'foobar')
	Insert on sbtest6  (cost=0.00..0.01 rows=1 width=736)
	  ->  Result  (cost=0.00..0.01 rows=1 width=736)

table 7 : explain INSERT INTO sbtest7 (id, k, c, pad) VALUES (8667356, 13, 'foobar', 'foobar')
	Insert on sbtest7  (cost=0.00..0.01 rows=1 width=736)
	  ->  Result  (cost=0.00..0.01 rows=1 width=736)

table 8 : explain INSERT INTO sbtest8 (id, k, c, pad) VALUES (7186547, 13, 'foobar', 'foobar')
	Insert on sbtest8  (cost=0.00..0.01 rows=1 width=736)
	  ->  Result  (cost=0.00..0.01 rows=1 width=736)

explain: for non_index_updates :: explain UPDATE sbtest%u SET c='foobar' WHERE id=%u
explain: for inserts :: explain INSERT INTO sbtest%u (id, k, c, pad) VALUES (%u, 13, 'foobar', 'foobar')
explain: for non_index_updates :: explain UPDATE sbtest%u SET c='foobar' WHERE id=%u
explain: for index_updates :: explain UPDATE sbtest%u SET k=k+1 WHERE id=%u
explain: for index_updates :: explain UPDATE sbtest%u SET k=k+1 WHERE id=%u
for: sum_ranges
table 1 : explain SELECT SUM(k) FROM sbtest1 WHERE id BETWEEN 5322147 AND 5322246
	Aggregate  (cost=379.68..379.69 rows=1 width=8)
	  ->  Index Scan using sbtest1_pkey on sbtest1  (cost=0.43..379.44 rows=99 width=4)
	        Index Cond: ((id >= 5322147) AND (id <= 5322246))

table 2 : explain SELECT SUM(k) FROM sbtest2 WHERE id BETWEEN 4417984 AND 4418083
	Aggregate  (cost=354.31..354.32 rows=1 width=8)
	  ->  Index Scan using sbtest2_pkey on sbtest2  (cost=0.43..354.08 rows=92 width=4)
	        Index Cond: ((id >= 4417984) AND (id <= 4418083))

table 3 : explain SELECT SUM(k) FROM sbtest3 WHERE id BETWEEN 7905569 AND 7905668
	Aggregate  (cost=383.34..383.35 rows=1 width=8)
	  ->  Index Scan using sbtest3_pkey on sbtest3  (cost=0.43..383.09 rows=100 width=4)
	        Index Cond: ((id >= 7905569) AND (id <= 7905668))

table 4 : explain SELECT SUM(k) FROM sbtest4 WHERE id BETWEEN 6499685 AND 6499784
	Aggregate  (cost=369.42..369.43 rows=1 width=8)
	  ->  Index Scan using sbtest4_pkey on sbtest4  (cost=0.43..369.18 rows=97 width=4)
	        Index Cond: ((id >= 6499685) AND (id <= 6499784))

table 5 : explain SELECT SUM(k) FROM sbtest5 WHERE id BETWEEN 4281377 AND 4281476
	Aggregate  (cost=384.77..384.78 rows=1 width=8)
	  ->  Index Scan using sbtest5_pkey on sbtest5  (cost=0.43..384.51 rows=101 width=4)
	        Index Cond: ((id >= 4281377) AND (id <= 4281476))

table 6 : explain SELECT SUM(k) FROM sbtest6 WHERE id BETWEEN 6847866 AND 6847965
	Aggregate  (cost=396.49..396.50 rows=1 width=8)
	  ->  Index Scan using sbtest6_pkey on sbtest6  (cost=0.43..396.23 rows=104 width=4)
	        Index Cond: ((id >= 6847866) AND (id <= 6847965))

table 7 : explain SELECT SUM(k) FROM sbtest7 WHERE id BETWEEN 714803 AND 714902
	Aggregate  (cost=401.60..401.61 rows=1 width=8)
	  ->  Index Scan using sbtest7_pkey on sbtest7  (cost=0.43..401.34 rows=105 width=4)
	        Index Cond: ((id >= 714803) AND (id <= 714902))

table 8 : explain SELECT SUM(k) FROM sbtest8 WHERE id BETWEEN 2584770 AND 2584869
	Aggregate  (cost=389.69..389.70 rows=1 width=8)
	  ->  Index Scan using sbtest8_pkey on sbtest8  (cost=0.43..389.43 rows=102 width=4)
	        Index Cond: ((id >= 2584770) AND (id <= 2584869))

for point_selects
table 1 : explain SELECT c FROM sbtest1 WHERE id=7987581
	Index Scan using sbtest1_pkey on sbtest1  (cost=0.43..8.45 rows=1 width=121)
	  Index Cond: (id = 7987581)

table 2 : explain SELECT c FROM sbtest2 WHERE id=987551
	Index Scan using sbtest2_pkey on sbtest2  (cost=0.43..8.45 rows=1 width=121)
	  Index Cond: (id = 987551)

table 3 : explain SELECT c FROM sbtest3 WHERE id=1040712
	Index Scan using sbtest3_pkey on sbtest3  (cost=0.43..8.45 rows=1 width=121)
	  Index Cond: (id = 1040712)

table 4 : explain SELECT c FROM sbtest4 WHERE id=9674828
	Index Scan using sbtest4_pkey on sbtest4  (cost=0.43..8.45 rows=1 width=121)
	  Index Cond: (id = 9674828)

table 5 : explain SELECT c FROM sbtest5 WHERE id=8571754
	Index Scan using sbtest5_pkey on sbtest5  (cost=0.43..8.45 rows=1 width=121)
	  Index Cond: (id = 8571754)

table 6 : explain SELECT c FROM sbtest6 WHERE id=765016
	Index Scan using sbtest6_pkey on sbtest6  (cost=0.43..8.45 rows=1 width=121)
	  Index Cond: (id = 765016)

table 7 : explain SELECT c FROM sbtest7 WHERE id=3148117
	Index Scan using sbtest7_pkey on sbtest7  (cost=0.43..8.45 rows=1 width=121)
	  Index Cond: (id = 3148117)

table 8 : explain SELECT c FROM sbtest8 WHERE id=9455272
	Index Scan using sbtest8_pkey on sbtest8  (cost=0.43..8.45 rows=1 width=121)
	  Index Cond: (id = 9455272)

for inserts
table 1 : explain INSERT INTO sbtest1 (id, k, c, pad) VALUES (4100905, 13, 'foobar', 'foobar')
	Insert on sbtest1  (cost=0.00..0.01 rows=1 width=736)
	  ->  Result  (cost=0.00..0.01 rows=1 width=736)

table 2 : explain INSERT INTO sbtest2 (id, k, c, pad) VALUES (5941414, 13, 'foobar', 'foobar')
	Insert on sbtest2  (cost=0.00..0.01 rows=1 width=736)
	  ->  Result  (cost=0.00..0.01 rows=1 width=736)

table 3 : explain INSERT INTO sbtest3 (id, k, c, pad) VALUES (6982023, 13, 'foobar', 'foobar')
	Insert on sbtest3  (cost=0.00..0.01 rows=1 width=736)
	  ->  Result  (cost=0.00..0.01 rows=1 width=736)

table 4 : explain INSERT INTO sbtest4 (id, k, c, pad) VALUES (5889, 13, 'foobar', 'foobar')
	Insert on sbtest4  (cost=0.00..0.01 rows=1 width=736)
	  ->  Result  (cost=0.00..0.01 rows=1 width=736)

table 5 : explain INSERT INTO sbtest5 (id, k, c, pad) VALUES (3779595, 13, 'foobar', 'foobar')
	Insert on sbtest5  (cost=0.00..0.01 rows=1 width=736)
	  ->  Result  (cost=0.00..0.01 rows=1 width=736)

table 6 : explain INSERT INTO sbtest6 (id, k, c, pad) VALUES (4175356, 13, 'foobar', 'foobar')
	Insert on sbtest6  (cost=0.00..0.01 rows=1 width=736)
	  ->  Result  (cost=0.00..0.01 rows=1 width=736)

table 7 : explain INSERT INTO sbtest7 (id, k, c, pad) VALUES (717269, 13, 'foobar', 'foobar')
	Insert on sbtest7  (cost=0.00..0.01 rows=1 width=736)
	  ->  Result  (cost=0.00..0.01 rows=1 width=736)

table 8 : explain INSERT INTO sbtest8 (id, k, c, pad) VALUES (6892488, 13, 'foobar', 'foobar')
	Insert on sbtest8  (cost=0.00..0.01 rows=1 width=736)
	  ->  Result  (cost=0.00..0.01 rows=1 width=736)

for: sum_ranges
table 1 : explain SELECT SUM(k) FROM sbtest1 WHERE id BETWEEN 2721870 AND 2721969
	Aggregate  (cost=360.69..360.70 rows=1 width=8)
	  ->  Index Scan using sbtest1_pkey on sbtest1  (cost=0.43..360.46 rows=94 width=4)
	        Index Cond: ((id >= 2721870) AND (id <= 2721969))

table 2 : explain SELECT SUM(k) FROM sbtest2 WHERE id BETWEEN 5043863 AND 5043962
	Aggregate  (cost=411.35..411.36 rows=1 width=8)
	  ->  Index Scan using sbtest2_pkey on sbtest2  (cost=0.43..411.09 rows=107 width=4)
	        Index Cond: ((id >= 5043863) AND (id <= 5043962))

table 3 : explain SELECT SUM(k) FROM sbtest3 WHERE id BETWEEN 4366317 AND 4366416
	Aggregate  (cost=440.11..440.12 rows=1 width=8)
	  ->  Index Scan using sbtest3_pkey on sbtest3  (cost=0.43..439.83 rows=115 width=4)
	        Index Cond: ((id >= 4366317) AND (id <= 4366416))

table 4 : explain SELECT SUM(k) FROM sbtest4 WHERE id BETWEEN 7462123 AND 7462222
	Aggregate  (cost=376.94..376.95 rows=1 width=8)
	  ->  Index Scan using sbtest4_pkey on sbtest4  (cost=0.43..376.69 rows=99 width=4)
	        Index Cond: ((id >= 7462123) AND (id <= 7462222))

table 5 : explain SELECT SUM(k) FROM sbtest5 WHERE id BETWEEN 3368359 AND 3368458
	Aggregate  (cost=433.66..433.67 rows=1 width=8)
	  ->  Index Scan using sbtest5_pkey on sbtest5  (cost=0.43..433.38 rows=114 width=4)
	        Index Cond: ((id >= 3368359) AND (id <= 3368458))

table 6 : explain SELECT SUM(k) FROM sbtest6 WHERE id BETWEEN 8890334 AND 8890433
	Aggregate  (cost=381.43..381.44 rows=1 width=8)
	  ->  Index Scan using sbtest6_pkey on sbtest6  (cost=0.43..381.18 rows=100 width=4)
	        Index Cond: ((id >= 8890334) AND (id <= 8890433))

table 7 : explain SELECT SUM(k) FROM sbtest7 WHERE id BETWEEN 2600826 AND 2600925
	Aggregate  (cost=352.48..352.49 rows=1 width=8)
	  ->  Index Scan using sbtest7_pkey on sbtest7  (cost=0.43..352.25 rows=92 width=4)
	        Index Cond: ((id >= 2600826) AND (id <= 2600925))

table 8 : explain SELECT SUM(k) FROM sbtest8 WHERE id BETWEEN 1057616 AND 1057715
	Aggregate  (cost=363.28..363.29 rows=1 width=8)
	  ->  Index Scan using sbtest8_pkey on sbtest8  (cost=0.43..363.04 rows=95 width=4)
	        Index Cond: ((id >= 1057616) AND (id <= 1057715))

for non_index_updates
table 1 : explain UPDATE sbtest1 SET c='foobar' WHERE id=7187772
	Update on sbtest1  (cost=0.43..8.45 rows=1 width=559)
	  ->  Index Scan using sbtest1_pkey on sbtest1  (cost=0.43..8.45 rows=1 width=559)
	        Index Cond: (id = 7187772)

table 2 : explain UPDATE sbtest2 SET c='foobar' WHERE id=5466076
	Update on sbtest2  (cost=0.43..8.45 rows=1 width=559)
	  ->  Index Scan using sbtest2_pkey on sbtest2  (cost=0.43..8.45 rows=1 width=559)
	        Index Cond: (id = 5466076)

table 3 : explain UPDATE sbtest3 SET c='foobar' WHERE id=985692
	Update on sbtest3  (cost=0.43..8.45 rows=1 width=559)
	  ->  Index Scan using sbtest3_pkey on sbtest3  (cost=0.43..8.45 rows=1 width=559)
	        Index Cond: (id = 985692)

table 4 : explain UPDATE sbtest4 SET c='foobar' WHERE id=1340246
	Update on sbtest4  (cost=0.43..8.45 rows=1 width=559)
	  ->  Index Scan using sbtest4_pkey on sbtest4  (cost=0.43..8.45 rows=1 width=559)
	        Index Cond: (id = 1340246)

table 5 : explain UPDATE sbtest5 SET c='foobar' WHERE id=129450
	Update on sbtest5  (cost=0.43..8.45 rows=1 width=559)
	  ->  Index Scan using sbtest5_pkey on sbtest5  (cost=0.43..8.45 rows=1 width=559)
	        Index Cond: (id = 129450)

table 6 : explain UPDATE sbtest6 SET c='foobar' WHERE id=1424788
	Update on sbtest6  (cost=0.43..8.45 rows=1 width=559)
	  ->  Index Scan using sbtest6_pkey on sbtest6  (cost=0.43..8.45 rows=1 width=559)
	        Index Cond: (id = 1424788)

table 7 : explain UPDATE sbtest7 SET c='foobar' WHERE id=2601181
	Update on sbtest7  (cost=0.43..8.45 rows=1 width=559)
	  ->  Index Scan using sbtest7_pkey on sbtest7  (cost=0.43..8.45 rows=1 width=559)
	        Index Cond: (id = 2601181)

table 8 : explain UPDATE sbtest8 SET c='foobar' WHERE id=8357833
	Update on sbtest8  (cost=0.43..8.45 rows=1 width=559)
	  ->  Index Scan using sbtest8_pkey on sbtest8  (cost=0.43..8.45 rows=1 width=559)
	        Index Cond: (id = 8357833)

explain: for inserts :: explain INSERT INTO sbtest%u (id, k, c, pad) VALUES (%u, 13, 'foobar', 'foobar')
for point_selects
table 1 : explain SELECT c FROM sbtest1 WHERE id=5458234
	Index Scan using sbtest1_pkey on sbtest1  (cost=0.43..8.45 rows=1 width=121)
	  Index Cond: (id = 5458234)

table 2 : explain SELECT c FROM sbtest2 WHERE id=3537900
	Index Scan using sbtest2_pkey on sbtest2  (cost=0.43..8.45 rows=1 width=121)
	  Index Cond: (id = 3537900)

table 3 : explain SELECT c FROM sbtest3 WHERE id=4351128
	Index Scan using sbtest3_pkey on sbtest3  (cost=0.43..8.45 rows=1 width=121)
	  Index Cond: (id = 4351128)

table 4 : explain SELECT c FROM sbtest4 WHERE id=2812173
	Index Scan using sbtest4_pkey on sbtest4  (cost=0.43..8.45 rows=1 width=121)
	  Index Cond: (id = 2812173)

table 5 : explain SELECT c FROM sbtest5 WHERE id=9922256
	Index Scan using sbtest5_pkey on sbtest5  (cost=0.43..8.45 rows=1 width=121)
	  Index Cond: (id = 9922256)

table 6 : explain SELECT c FROM sbtest6 WHERE id=6007164
	Index Scan using sbtest6_pkey on sbtest6  (cost=0.43..8.45 rows=1 width=121)
	  Index Cond: (id = 6007164)

table 7 : explain SELECT c FROM sbtest7 WHERE id=6425718
	Index Scan using sbtest7_pkey on sbtest7  (cost=0.43..8.45 rows=1 width=121)
	  Index Cond: (id = 6425718)

table 8 : explain SELECT c FROM sbtest8 WHERE id=1253203
	Index Scan using sbtest8_pkey on sbtest8  (cost=0.43..8.45 rows=1 width=121)
	  Index Cond: (id = 1253203)

for: sum_ranges
table 1 : explain SELECT SUM(k) FROM sbtest1 WHERE id BETWEEN 7485456 AND 7485555
	Aggregate  (cost=391.04..391.05 rows=1 width=8)
	  ->  Index Scan using sbtest1_pkey on sbtest1  (cost=0.43..390.79 rows=102 width=4)
	        Index Cond: ((id >= 7485456) AND (id <= 7485555))

table 2 : explain SELECT SUM(k) FROM sbtest2 WHERE id BETWEEN 5770213 AND 5770312
	Aggregate  (cost=388.56..388.57 rows=1 width=8)
	  ->  Index Scan using sbtest2_pkey on sbtest2  (cost=0.43..388.31 rows=101 width=4)
	        Index Cond: ((id >= 5770213) AND (id <= 5770312))

table 3 : explain SELECT SUM(k) FROM sbtest3 WHERE id BETWEEN 2219728 AND 2219827
	Aggregate  (cost=421.19..421.20 rows=1 width=8)
	  ->  Index Scan using sbtest3_pkey on sbtest3  (cost=0.43..420.92 rows=110 width=4)
	        Index Cond: ((id >= 2219728) AND (id <= 2219827))

table 4 : explain SELECT SUM(k) FROM sbtest4 WHERE id BETWEEN 7493707 AND 7493806
	Aggregate  (cost=384.46..384.47 rows=1 width=8)
	  ->  Index Scan using sbtest4_pkey on sbtest4  (cost=0.43..384.20 rows=101 width=4)
	        Index Cond: ((id >= 7493707) AND (id <= 7493806))

table 5 : explain SELECT SUM(k) FROM sbtest5 WHERE id BETWEEN 4554000 AND 4554099
	Aggregate  (cost=365.96..365.97 rows=1 width=8)
	  ->  Index Scan using sbtest5_pkey on sbtest5  (cost=0.43..365.72 rows=96 width=4)
	        Index Cond: ((id >= 4554000) AND (id <= 4554099))

table 6 : explain SELECT SUM(k) FROM sbtest6 WHERE id BETWEEN 1161175 AND 1161274
	Aggregate  (cost=385.20..385.21 rows=1 width=8)
	  ->  Index Scan using sbtest6_pkey on sbtest6  (cost=0.43..384.94 rows=101 width=4)
	        Index Cond: ((id >= 1161175) AND (id <= 1161274))

table 7 : explain SELECT SUM(k) FROM sbtest7 WHERE id BETWEEN 9268452 AND 9268551
	Aggregate  (cost=367.60..367.61 rows=1 width=8)
	  ->  Index Scan using sbtest7_pkey on sbtest7  (cost=0.43..367.36 rows=96 width=4)
	        Index Cond: ((id >= 9268452) AND (id <= 9268551))

table 8 : explain SELECT SUM(k) FROM sbtest8 WHERE id BETWEEN 9450915 AND 9451014
	Aggregate  (cost=401.01..401.02 rows=1 width=8)
	  ->  Index Scan using sbtest8_pkey on sbtest8  (cost=0.43..400.75 rows=105 width=4)
	        Index Cond: ((id >= 9450915) AND (id <= 9451014))

for non_index_updates
table 1 : explain UPDATE sbtest1 SET c='foobar' WHERE id=2802817
	Update on sbtest1  (cost=0.43..8.45 rows=1 width=559)
	  ->  Index Scan using sbtest1_pkey on sbtest1  (cost=0.43..8.45 rows=1 width=559)
	        Index Cond: (id = 2802817)

table 2 : explain UPDATE sbtest2 SET c='foobar' WHERE id=2078880
	Update on sbtest2  (cost=0.43..8.45 rows=1 width=559)
	  ->  Index Scan using sbtest2_pkey on sbtest2  (cost=0.43..8.45 rows=1 width=559)
	        Index Cond: (id = 2078880)

table 3 : explain UPDATE sbtest3 SET c='foobar' WHERE id=3482389
	Update on sbtest3  (cost=0.43..8.45 rows=1 width=559)
	  ->  Index Scan using sbtest3_pkey on sbtest3  (cost=0.43..8.45 rows=1 width=559)
	        Index Cond: (id = 3482389)

table 4 : explain UPDATE sbtest4 SET c='foobar' WHERE id=2551157
	Update on sbtest4  (cost=0.43..8.45 rows=1 width=559)
	  ->  Index Scan using sbtest4_pkey on sbtest4  (cost=0.43..8.45 rows=1 width=559)
	        Index Cond: (id = 2551157)

table 5 : explain UPDATE sbtest5 SET c='foobar' WHERE id=7086622
	Update on sbtest5  (cost=0.43..8.45 rows=1 width=559)
	  ->  Index Scan using sbtest5_pkey on sbtest5  (cost=0.43..8.45 rows=1 width=559)
	        Index Cond: (id = 7086622)

table 6 : explain UPDATE sbtest6 SET c='foobar' WHERE id=4798131
	Update on sbtest6  (cost=0.43..8.45 rows=1 width=559)
	  ->  Index Scan using sbtest6_pkey on sbtest6  (cost=0.43..8.45 rows=1 width=559)
	        Index Cond: (id = 4798131)

table 7 : explain UPDATE sbtest7 SET c='foobar' WHERE id=3265355
	Update on sbtest7  (cost=0.43..8.45 rows=1 width=559)
	  ->  Index Scan using sbtest7_pkey on sbtest7  (cost=0.43..8.45 rows=1 width=559)
	        Index Cond: (id = 3265355)

table 8 : explain UPDATE sbtest8 SET c='foobar' WHERE id=9860503
	Update on sbtest8  (cost=0.43..8.45 rows=1 width=559)
	  ->  Index Scan using sbtest8_pkey on sbtest8  (cost=0.43..8.45 rows=1 width=559)
	        Index Cond: (id = 9860503)

for: distinct_ranges
table 1 : explain SELECT DISTINCT c FROM sbtest1 WHERE id BETWEEN 8273347 AND 8273446 ORDER BY c
	Unique  (cost=378.89..379.38 rows=98 width=121)
	  ->  Sort  (cost=378.89..379.14 rows=98 width=121)
	        Sort Key: c
	        ->  Index Scan using sbtest1_pkey on sbtest1  (cost=0.43..375.65 rows=98 width=121)
	              Index Cond: ((id >= 8273347) AND (id <= 8273446))

table 2 : explain SELECT DISTINCT c FROM sbtest2 WHERE id BETWEEN 7241642 AND 7241741 ORDER BY c
	Unique  (cost=372.48..372.96 rows=96 width=121)
	  ->  Sort  (cost=372.48..372.72 rows=96 width=121)
	        Sort Key: c
	        ->  Index Scan using sbtest2_pkey on sbtest2  (cost=0.43..369.32 rows=96 width=121)
	              Index Cond: ((id >= 7241642) AND (id <= 7241741))

table 3 : explain SELECT DISTINCT c FROM sbtest3 WHERE id BETWEEN 2772823 AND 2772922 ORDER BY c
	Unique  (cost=405.53..406.05 rows=105 width=121)
	  ->  Sort  (cost=405.53..405.79 rows=105 width=121)
	        Sort Key: c
	        ->  Index Scan using sbtest3_pkey on sbtest3  (cost=0.43..402.00 rows=105 width=121)
	              Index Cond: ((id >= 2772823) AND (id <= 2772922))

table 4 : explain SELECT DISTINCT c FROM sbtest4 WHERE id BETWEEN 5545501 AND 5545600 ORDER BY c
	Unique  (cost=341.95..342.40 rows=89 width=121)
	  ->  Sort  (cost=341.95..342.18 rows=89 width=121)
	        Sort Key: c
	        ->  Index Scan using sbtest4_pkey on sbtest4  (cost=0.43..339.07 rows=89 width=121)
	              Index Cond: ((id >= 5545501) AND (id <= 5545600))

table 5 : explain SELECT DISTINCT c FROM sbtest5 WHERE id BETWEEN 7550987 AND 7551086 ORDER BY c
	Unique  (cost=410.67..411.21 rows=107 width=121)
	  ->  Sort  (cost=410.67..410.94 rows=107 width=121)
	        Sort Key: c
	        ->  Index Scan using sbtest5_pkey on sbtest5  (cost=0.43..407.07 rows=107 width=121)
	              Index Cond: ((id >= 7550987) AND (id <= 7551086))

table 6 : explain SELECT DISTINCT c FROM sbtest6 WHERE id BETWEEN 9641087 AND 9641186 ORDER BY c
	Unique  (cost=388.31..388.81 rows=101 width=121)
	  ->  Sort  (cost=388.31..388.56 rows=101 width=121)
	        Sort Key: c
	        ->  Index Scan using sbtest6_pkey on sbtest6  (cost=0.43..384.94 rows=101 width=121)
	              Index Cond: ((id >= 9641087) AND (id <= 9641186))

table 7 : explain SELECT DISTINCT c FROM sbtest7 WHERE id BETWEEN 279454 AND 279553 ORDER BY c
	Unique  (cost=401.05..401.57 rows=104 width=121)
	  ->  Sort  (cost=401.05..401.31 rows=104 width=121)
	        Sort Key: c
	        ->  Index Scan using sbtest7_pkey on sbtest7  (cost=0.43..397.56 rows=104 width=121)
	              Index Cond: ((id >= 279454) AND (id <= 279553))

table 8 : explain SELECT DISTINCT c FROM sbtest8 WHERE id BETWEEN 2869520 AND 2869619 ORDER BY c
	Unique  (cost=438.57..439.14 rows=114 width=121)
	  ->  Sort  (cost=438.57..438.86 rows=114 width=121)
	        Sort Key: c
	        ->  Index Scan using sbtest8_pkey on sbtest8  (cost=0.43..434.68 rows=114 width=121)
	              Index Cond: ((id >= 2869520) AND (id <= 2869619))

explain: for deletes :: explain DELETE FROM sbtest%u WHERE id=%u
for inserts
table 1 : explain INSERT INTO sbtest1 (id, k, c, pad) VALUES (2419142, 13, 'foobar', 'foobar')
	Insert on sbtest1  (cost=0.00..0.01 rows=1 width=736)
	  ->  Result  (cost=0.00..0.01 rows=1 width=736)

table 2 : explain INSERT INTO sbtest2 (id, k, c, pad) VALUES (9207744, 13, 'foobar', 'foobar')
	Insert on sbtest2  (cost=0.00..0.01 rows=1 width=736)
	  ->  Result  (cost=0.00..0.01 rows=1 width=736)

table 3 : explain INSERT INTO sbtest3 (id, k, c, pad) VALUES (2965224, 13, 'foobar', 'foobar')
	Insert on sbtest3  (cost=0.00..0.01 rows=1 width=736)
	  ->  Result  (cost=0.00..0.01 rows=1 width=736)

table 4 : explain INSERT INTO sbtest4 (id, k, c, pad) VALUES (1449040, 13, 'foobar', 'foobar')
	Insert on sbtest4  (cost=0.00..0.01 rows=1 width=736)
	  ->  Result  (cost=0.00..0.01 rows=1 width=736)

table 5 : explain INSERT INTO sbtest5 (id, k, c, pad) VALUES (4152830, 13, 'foobar', 'foobar')
	Insert on sbtest5  (cost=0.00..0.01 rows=1 width=736)
	  ->  Result  (cost=0.00..0.01 rows=1 width=736)

table 6 : explain INSERT INTO sbtest6 (id, k, c, pad) VALUES (4095517, 13, 'foobar', 'foobar')
	Insert on sbtest6  (cost=0.00..0.01 rows=1 width=736)
	  ->  Result  (cost=0.00..0.01 rows=1 width=736)

table 7 : explain INSERT INTO sbtest7 (id, k, c, pad) VALUES (4730916, 13, 'foobar', 'foobar')
	Insert on sbtest7  (cost=0.00..0.01 rows=1 width=736)
	  ->  Result  (cost=0.00..0.01 rows=1 width=736)

table 8 : explain INSERT INTO sbtest8 (id, k, c, pad) VALUES (9277762, 13, 'foobar', 'foobar')
	Insert on sbtest8  (cost=0.00..0.01 rows=1 width=736)
	  ->  Result  (cost=0.00..0.01 rows=1 width=736)

explain: for deletes :: explain DELETE FROM sbtest%u WHERE id=%u
explain: for index_updates :: explain UPDATE sbtest%u SET k=k+1 WHERE id=%u
for inserts
table 1 : explain INSERT INTO sbtest1 (id, k, c, pad) VALUES (5886476, 13, 'foobar', 'foobar')
	Insert on sbtest1  (cost=0.00..0.01 rows=1 width=736)
	  ->  Result  (cost=0.00..0.01 rows=1 width=736)

table 2 : explain INSERT INTO sbtest2 (id, k, c, pad) VALUES (8119473, 13, 'foobar', 'foobar')
	Insert on sbtest2  (cost=0.00..0.01 rows=1 width=736)
	  ->  Result  (cost=0.00..0.01 rows=1 width=736)

table 3 : explain INSERT INTO sbtest3 (id, k, c, pad) VALUES (9000318, 13, 'foobar', 'foobar')
	Insert on sbtest3  (cost=0.00..0.01 rows=1 width=736)
	  ->  Result  (cost=0.00..0.01 rows=1 width=736)

table 4 : explain INSERT INTO sbtest4 (id, k, c, pad) VALUES (5219174, 13, 'foobar', 'foobar')
	Insert on sbtest4  (cost=0.00..0.01 rows=1 width=736)
	  ->  Result  (cost=0.00..0.01 rows=1 width=736)

table 5 : explain INSERT INTO sbtest5 (id, k, c, pad) VALUES (9316553, 13, 'foobar', 'foobar')
	Insert on sbtest5  (cost=0.00..0.01 rows=1 width=736)
	  ->  Result  (cost=0.00..0.01 rows=1 width=736)

table 6 : explain INSERT INTO sbtest6 (id, k, c, pad) VALUES (1259868, 13, 'foobar', 'foobar')
	Insert on sbtest6  (cost=0.00..0.01 rows=1 width=736)
	  ->  Result  (cost=0.00..0.01 rows=1 width=736)

table 7 : explain INSERT INTO sbtest7 (id, k, c, pad) VALUES (7029413, 13, 'foobar', 'foobar')
	Insert on sbtest7  (cost=0.00..0.01 rows=1 width=736)
	  ->  Result  (cost=0.00..0.01 rows=1 width=736)

table 8 : explain INSERT INTO sbtest8 (id, k, c, pad) VALUES (9748387, 13, 'foobar', 'foobar')
	Insert on sbtest8  (cost=0.00..0.01 rows=1 width=736)
	  ->  Result  (cost=0.00..0.01 rows=1 width=736)

for: sum_ranges
table 1 : explain SELECT SUM(k) FROM sbtest1 WHERE id BETWEEN 5539993 AND 5540092
	Aggregate  (cost=372.05..372.06 rows=1 width=8)
	  ->  Index Scan using sbtest1_pkey on sbtest1  (cost=0.43..371.81 rows=97 width=4)
	        Index Cond: ((id >= 5539993) AND (id <= 5540092))

table 2 : explain SELECT SUM(k) FROM sbtest2 WHERE id BETWEEN 8119476 AND 8119575
	Aggregate  (cost=358.16..358.17 rows=1 width=8)
	  ->  Index Scan using sbtest2_pkey on sbtest2  (cost=0.43..357.93 rows=93 width=4)
	        Index Cond: ((id >= 8119476) AND (id <= 8119575))

table 3 : explain SELECT SUM(k) FROM sbtest3 WHERE id BETWEEN 1973191 AND 1973290
	Aggregate  (cost=345.43..345.44 rows=1 width=8)
	  ->  Index Scan using sbtest3_pkey on sbtest3  (cost=0.43..345.21 rows=90 width=4)
	        Index Cond: ((id >= 1973191) AND (id <= 1973290))

table 4 : explain SELECT SUM(k) FROM sbtest4 WHERE id BETWEEN 6408119 AND 6408218
	Aggregate  (cost=376.94..376.95 rows=1 width=8)
	  ->  Index Scan using sbtest4_pkey on sbtest4  (cost=0.43..376.69 rows=99 width=4)
	        Index Cond: ((id >= 6408119) AND (id <= 6408218))

table 5 : explain SELECT SUM(k) FROM sbtest5 WHERE id BETWEEN 1594327 AND 1594426
	Aggregate  (cost=339.57..339.58 rows=1 width=8)
	  ->  Index Scan using sbtest5_pkey on sbtest5  (cost=0.43..339.34 rows=89 width=4)
	        Index Cond: ((id >= 1594327) AND (id <= 1594426))

table 6 : explain SELECT SUM(k) FROM sbtest6 WHERE id BETWEEN 2896761 AND 2896860
	Aggregate  (cost=366.37..366.38 rows=1 width=8)
	  ->  Index Scan using sbtest6_pkey on sbtest6  (cost=0.43..366.13 rows=96 width=4)
	        Index Cond: ((id >= 2896761) AND (id <= 2896860))

table 7 : explain SELECT SUM(k) FROM sbtest7 WHERE id BETWEEN 2341680 AND 2341779
	Aggregate  (cost=397.82..397.83 rows=1 width=8)
	  ->  Index Scan using sbtest7_pkey on sbtest7  (cost=0.43..397.56 rows=104 width=4)
	        Index Cond: ((id >= 2341680) AND (id <= 2341779))

table 8 : explain SELECT SUM(k) FROM sbtest8 WHERE id BETWEEN 3697542 AND 3697641
	Aggregate  (cost=317.95..317.96 rows=1 width=8)
	  ->  Index Scan using sbtest8_pkey on sbtest8  (cost=0.43..317.74 rows=83 width=4)
	        Index Cond: ((id >= 3697542) AND (id <= 3697641))

for point_selects
table 1 : explain SELECT c FROM sbtest1 WHERE id=8458033
	Index Scan using sbtest1_pkey on sbtest1  (cost=0.43..8.45 rows=1 width=121)
	  Index Cond: (id = 8458033)

table 2 : explain SELECT c FROM sbtest2 WHERE id=8582749
	Index Scan using sbtest2_pkey on sbtest2  (cost=0.43..8.45 rows=1 width=121)
	  Index Cond: (id = 8582749)

table 3 : explain SELECT c FROM sbtest3 WHERE id=9028522
	Index Scan using sbtest3_pkey on sbtest3  (cost=0.43..8.45 rows=1 width=121)
	  Index Cond: (id = 9028522)

table 4 : explain SELECT c FROM sbtest4 WHERE id=5205944
	Index Scan using sbtest4_pkey on sbtest4  (cost=0.43..8.45 rows=1 width=121)
	  Index Cond: (id = 5205944)

table 5 : explain SELECT c FROM sbtest5 WHERE id=5723706
	Index Scan using sbtest5_pkey on sbtest5  (cost=0.43..8.45 rows=1 width=121)
	  Index Cond: (id = 5723706)

table 6 : explain SELECT c FROM sbtest6 WHERE id=6414273
	Index Scan using sbtest6_pkey on sbtest6  (cost=0.43..8.45 rows=1 width=121)
	  Index Cond: (id = 6414273)

table 7 : explain SELECT c FROM sbtest7 WHERE id=194652
	Index Scan using sbtest7_pkey on sbtest7  (cost=0.43..8.45 rows=1 width=121)
	  Index Cond: (id = 194652)

table 8 : explain SELECT c FROM sbtest8 WHERE id=5921882
	Index Scan using sbtest8_pkey on sbtest8  (cost=0.43..8.45 rows=1 width=121)
	  Index Cond: (id = 5921882)

for: sum_ranges
table 1 : explain SELECT SUM(k) FROM sbtest1 WHERE id BETWEEN 4899025 AND 4899124
	Aggregate  (cost=353.12..353.13 rows=1 width=8)
	  ->  Index Scan using sbtest1_pkey on sbtest1  (cost=0.43..352.89 rows=92 width=4)
	        Index Cond: ((id >= 4899025) AND (id <= 4899124))

table 2 : explain SELECT SUM(k) FROM sbtest2 WHERE id BETWEEN 7094638 AND 7094737
	Aggregate  (cost=384.76..384.77 rows=1 width=8)
	  ->  Index Scan using sbtest2_pkey on sbtest2  (cost=0.43..384.51 rows=100 width=4)
	        Index Cond: ((id >= 7094638) AND (id <= 7094737))

table 3 : explain SELECT SUM(k) FROM sbtest3 WHERE id BETWEEN 3377837 AND 3377936
	Aggregate  (cost=383.34..383.35 rows=1 width=8)
	  ->  Index Scan using sbtest3_pkey on sbtest3  (cost=0.43..383.09 rows=100 width=4)
	        Index Cond: ((id >= 3377837) AND (id <= 3377936))

table 4 : explain SELECT SUM(k) FROM sbtest4 WHERE id BETWEEN 5634052 AND 5634151
	Aggregate  (cost=410.76..410.77 rows=1 width=8)
	  ->  Index Scan using sbtest4_pkey on sbtest4  (cost=0.43..410.49 rows=108 width=4)
	        Index Cond: ((id >= 5634052) AND (id <= 5634151))

table 5 : explain SELECT SUM(k) FROM sbtest5 WHERE id BETWEEN 2065524 AND 2065623
	Aggregate  (cost=403.57..403.58 rows=1 width=8)
	  ->  Index Scan using sbtest5_pkey on sbtest5  (cost=0.43..403.31 rows=106 width=4)
	        Index Cond: ((id >= 2065524) AND (id <= 2065623))

table 6 : explain SELECT SUM(k) FROM sbtest6 WHERE id BETWEEN 6430981 AND 6431080
	Aggregate  (cost=355.07..355.08 rows=1 width=8)
	  ->  Index Scan using sbtest6_pkey on sbtest6  (cost=0.43..354.84 rows=93 width=4)
	        Index Cond: ((id >= 6430981) AND (id <= 6431080))

table 7 : explain SELECT SUM(k) FROM sbtest7 WHERE id BETWEEN 2117393 AND 2117492
	Aggregate  (cost=394.05..394.06 rows=1 width=8)
	  ->  Index Scan using sbtest7_pkey on sbtest7  (cost=0.43..393.79 rows=103 width=4)
	        Index Cond: ((id >= 2117393) AND (id <= 2117492))

table 8 : explain SELECT SUM(k) FROM sbtest8 WHERE id BETWEEN 4507849 AND 4507948
	Aggregate  (cost=393.46..393.47 rows=1 width=8)
	  ->  Index Scan using sbtest8_pkey on sbtest8  (cost=0.43..393.21 rows=103 width=4)
	        Index Cond: ((id >= 4507849) AND (id <= 4507948))

for inserts
table 1 : explain INSERT INTO sbtest1 (id, k, c, pad) VALUES (1087661, 13, 'foobar', 'foobar')
	Insert on sbtest1  (cost=0.00..0.01 rows=1 width=736)
	  ->  Result  (cost=0.00..0.01 rows=1 width=736)

table 2 : explain INSERT INTO sbtest2 (id, k, c, pad) VALUES (4205815, 13, 'foobar', 'foobar')
	Insert on sbtest2  (cost=0.00..0.01 rows=1 width=736)
	  ->  Result  (cost=0.00..0.01 rows=1 width=736)

table 3 : explain INSERT INTO sbtest3 (id, k, c, pad) VALUES (6725896, 13, 'foobar', 'foobar')
	Insert on sbtest3  (cost=0.00..0.01 rows=1 width=736)
	  ->  Result  (cost=0.00..0.01 rows=1 width=736)

table 4 : explain INSERT INTO sbtest4 (id, k, c, pad) VALUES (2270367, 13, 'foobar', 'foobar')
	Insert on sbtest4  (cost=0.00..0.01 rows=1 width=736)
	  ->  Result  (cost=0.00..0.01 rows=1 width=736)

table 5 : explain INSERT INTO sbtest5 (id, k, c, pad) VALUES (8271993, 13, 'foobar', 'foobar')
	Insert on sbtest5  (cost=0.00..0.01 rows=1 width=736)
	  ->  Result  (cost=0.00..0.01 rows=1 width=736)

table 6 : explain INSERT INTO sbtest6 (id, k, c, pad) VALUES (9236204, 13, 'foobar', 'foobar')
	Insert on sbtest6  (cost=0.00..0.01 rows=1 width=736)
	  ->  Result  (cost=0.00..0.01 rows=1 width=736)

table 7 : explain INSERT INTO sbtest7 (id, k, c, pad) VALUES (4099287, 13, 'foobar', 'foobar')
	Insert on sbtest7  (cost=0.00..0.01 rows=1 width=736)
	  ->  Result  (cost=0.00..0.01 rows=1 width=736)

table 8 : explain INSERT INTO sbtest8 (id, k, c, pad) VALUES (5523080, 13, 'foobar', 'foobar')
	Insert on sbtest8  (cost=0.00..0.01 rows=1 width=736)
	  ->  Result  (cost=0.00..0.01 rows=1 width=736)

for index_updates
table 1 : explain UPDATE sbtest1 SET k=k+1 WHERE id=2051092
	Update on sbtest1  (cost=0.43..8.46 rows=1 width=196)
	  ->  Index Scan using sbtest1_pkey on sbtest1  (cost=0.43..8.46 rows=1 width=196)
	        Index Cond: (id = 2051092)

table 2 : explain UPDATE sbtest2 SET k=k+1 WHERE id=9786944
	Update on sbtest2  (cost=0.43..8.46 rows=1 width=196)
	  ->  Index Scan using sbtest2_pkey on sbtest2  (cost=0.43..8.46 rows=1 width=196)
	        Index Cond: (id = 9786944)

table 3 : explain UPDATE sbtest3 SET k=k+1 WHERE id=8736579
	Update on sbtest3  (cost=0.43..8.46 rows=1 width=196)
	  ->  Index Scan using sbtest3_pkey on sbtest3  (cost=0.43..8.46 rows=1 width=196)
	        Index Cond: (id = 8736579)

table 4 : explain UPDATE sbtest4 SET k=k+1 WHERE id=8120066
	Update on sbtest4  (cost=0.43..8.46 rows=1 width=196)
	  ->  Index Scan using sbtest4_pkey on sbtest4  (cost=0.43..8.46 rows=1 width=196)
	        Index Cond: (id = 8120066)

table 5 : explain UPDATE sbtest5 SET k=k+1 WHERE id=5883256
	Update on sbtest5  (cost=0.43..8.46 rows=1 width=196)
	  ->  Index Scan using sbtest5_pkey on sbtest5  (cost=0.43..8.46 rows=1 width=196)
	        Index Cond: (id = 5883256)

table 6 : explain UPDATE sbtest6 SET k=k+1 WHERE id=4564821
	Update on sbtest6  (cost=0.43..8.46 rows=1 width=196)
	  ->  Index Scan using sbtest6_pkey on sbtest6  (cost=0.43..8.46 rows=1 width=196)
	        Index Cond: (id = 4564821)

table 7 : explain UPDATE sbtest7 SET k=k+1 WHERE id=1480003
	Update on sbtest7  (cost=0.43..8.46 rows=1 width=196)
	  ->  Index Scan using sbtest7_pkey on sbtest7  (cost=0.43..8.46 rows=1 width=196)
	        Index Cond: (id = 1480003)

table 8 : explain UPDATE sbtest8 SET k=k+1 WHERE id=1260512
	Update on sbtest8  (cost=0.43..8.46 rows=1 width=196)
	  ->  Index Scan using sbtest8_pkey on sbtest8  (cost=0.43..8.46 rows=1 width=196)
	        Index Cond: (id = 1260512)

for inserts
table 1 : explain INSERT INTO sbtest1 (id, k, c, pad) VALUES (56755, 13, 'foobar', 'foobar')
	Insert on sbtest1  (cost=0.00..0.01 rows=1 width=736)
	  ->  Result  (cost=0.00..0.01 rows=1 width=736)

table 2 : explain INSERT INTO sbtest2 (id, k, c, pad) VALUES (8236602, 13, 'foobar', 'foobar')
	Insert on sbtest2  (cost=0.00..0.01 rows=1 width=736)
	  ->  Result  (cost=0.00..0.01 rows=1 width=736)

table 3 : explain INSERT INTO sbtest3 (id, k, c, pad) VALUES (861857, 13, 'foobar', 'foobar')
	Insert on sbtest3  (cost=0.00..0.01 rows=1 width=736)
	  ->  Result  (cost=0.00..0.01 rows=1 width=736)

table 4 : explain INSERT INTO sbtest4 (id, k, c, pad) VALUES (9029880, 13, 'foobar', 'foobar')
	Insert on sbtest4  (cost=0.00..0.01 rows=1 width=736)
	  ->  Result  (cost=0.00..0.01 rows=1 width=736)

table 5 : explain INSERT INTO sbtest5 (id, k, c, pad) VALUES (6899473, 13, 'foobar', 'foobar')
	Insert on sbtest5  (cost=0.00..0.01 rows=1 width=736)
	  ->  Result  (cost=0.00..0.01 rows=1 width=736)

table 6 : explain INSERT INTO sbtest6 (id, k, c, pad) VALUES (6204174, 13, 'foobar', 'foobar')
	Insert on sbtest6  (cost=0.00..0.01 rows=1 width=736)
	  ->  Result  (cost=0.00..0.01 rows=1 width=736)

table 7 : explain INSERT INTO sbtest7 (id, k, c, pad) VALUES (9949480, 13, 'foobar', 'foobar')
	Insert on sbtest7  (cost=0.00..0.01 rows=1 width=736)
	  ->  Result  (cost=0.00..0.01 rows=1 width=736)

table 8 : explain INSERT INTO sbtest8 (id, k, c, pad) VALUES (8504111, 13, 'foobar', 'foobar')
	Insert on sbtest8  (cost=0.00..0.01 rows=1 width=736)
	  ->  Result  (cost=0.00..0.01 rows=1 width=736)

for deletes
table 1 : explain DELETE FROM sbtest1 WHERE id=9068898
	Delete on sbtest1  (cost=0.43..8.45 rows=1 width=6)
	  ->  Index Scan using sbtest1_pkey on sbtest1  (cost=0.43..8.45 rows=1 width=6)
	        Index Cond: (id = 9068898)

table 2 : explain DELETE FROM sbtest2 WHERE id=1686570
	Delete on sbtest2  (cost=0.43..8.45 rows=1 width=6)
	  ->  Index Scan using sbtest2_pkey on sbtest2  (cost=0.43..8.45 rows=1 width=6)
	        Index Cond: (id = 1686570)

table 3 : explain DELETE FROM sbtest3 WHERE id=7142315
	Delete on sbtest3  (cost=0.43..8.45 rows=1 width=6)
	  ->  Index Scan using sbtest3_pkey on sbtest3  (cost=0.43..8.45 rows=1 width=6)
	        Index Cond: (id = 7142315)

table 4 : explain DELETE FROM sbtest4 WHERE id=8840274
	Delete on sbtest4  (cost=0.43..8.45 rows=1 width=6)
	  ->  Index Scan using sbtest4_pkey on sbtest4  (cost=0.43..8.45 rows=1 width=6)
	        Index Cond: (id = 8840274)

table 5 : explain DELETE FROM sbtest5 WHERE id=4046830
	Delete on sbtest5  (cost=0.43..8.45 rows=1 width=6)
	  ->  Index Scan using sbtest5_pkey on sbtest5  (cost=0.43..8.45 rows=1 width=6)
	        Index Cond: (id = 4046830)

table 6 : explain DELETE FROM sbtest6 WHERE id=6668271
	Delete on sbtest6  (cost=0.43..8.45 rows=1 width=6)
	  ->  Index Scan using sbtest6_pkey on sbtest6  (cost=0.43..8.45 rows=1 width=6)
	        Index Cond: (id = 6668271)

table 7 : explain DELETE FROM sbtest7 WHERE id=8198388
	Delete on sbtest7  (cost=0.43..8.45 rows=1 width=6)
	  ->  Index Scan using sbtest7_pkey on sbtest7  (cost=0.43..8.45 rows=1 width=6)
	        Index Cond: (id = 8198388)

table 8 : explain DELETE FROM sbtest8 WHERE id=2477677
	Delete on sbtest8  (cost=0.43..8.45 rows=1 width=6)
	  ->  Index Scan using sbtest8_pkey on sbtest8  (cost=0.43..8.45 rows=1 width=6)
	        Index Cond: (id = 2477677)

for: distinct_ranges
table 1 : explain SELECT DISTINCT c FROM sbtest1 WHERE id BETWEEN 3263829 AND 3263928 ORDER BY c
	Unique  (cost=401.84..402.36 rows=104 width=121)
	  ->  Sort  (cost=401.84..402.10 rows=104 width=121)
	        Sort Key: c
	        ->  Index Scan using sbtest1_pkey on sbtest1  (cost=0.43..398.35 rows=104 width=121)
	              Index Cond: ((id >= 3263829) AND (id <= 3263928))

table 2 : explain SELECT DISTINCT c FROM sbtest2 WHERE id BETWEEN 7458083 AND 7458182 ORDER BY c
	Unique  (cost=407.02..407.54 rows=105 width=121)
	  ->  Sort  (cost=407.02..407.28 rows=105 width=121)
	        Sort Key: c
	        ->  Index Scan using sbtest2_pkey on sbtest2  (cost=0.43..403.49 rows=105 width=121)
	              Index Cond: ((id >= 7458083) AND (id <= 7458182))

table 3 : explain SELECT DISTINCT c FROM sbtest3 WHERE id BETWEEN 4110266 AND 4110365 ORDER BY c
	Unique  (cost=394.06..394.57 rows=102 width=121)
	  ->  Sort  (cost=394.06..394.31 rows=102 width=121)
	        Sort Key: c
	        ->  Index Scan using sbtest3_pkey on sbtest3  (cost=0.43..390.66 rows=102 width=121)
	              Index Cond: ((id >= 4110266) AND (id <= 4110365))

table 4 : explain SELECT DISTINCT c FROM sbtest4 WHERE id BETWEEN 2789655 AND 2789754 ORDER BY c
	Unique  (cost=361.00..361.47 rows=94 width=121)
	  ->  Sort  (cost=361.00..361.23 rows=94 width=121)
	        Sort Key: c
	        ->  Index Scan using sbtest4_pkey on sbtest4  (cost=0.43..357.91 rows=94 width=121)
	              Index Cond: ((id >= 2789655) AND (id <= 2789754))

table 5 : explain SELECT DISTINCT c FROM sbtest5 WHERE id BETWEEN 98308 AND 98407 ORDER BY c
	Unique  (cost=372.68..373.17 rows=97 width=121)
	  ->  Sort  (cost=372.68..372.92 rows=97 width=121)
	        Sort Key: c
	        ->  Index Scan using sbtest5_pkey on sbtest5  (cost=0.43..369.48 rows=97 width=121)
	              Index Cond: ((id >= 98308) AND (id <= 98407))

table 6 : explain SELECT DISTINCT c FROM sbtest6 WHERE id BETWEEN 5413720 AND 5413819 ORDER BY c
	Unique  (cost=388.31..388.81 rows=101 width=121)
	  ->  Sort  (cost=388.31..388.56 rows=101 width=121)
	        Sort Key: c
	        ->  Index Scan using sbtest6_pkey on sbtest6  (cost=0.43..384.94 rows=101 width=121)
	              Index Cond: ((id >= 5413720) AND (id <= 5413819))

table 7 : explain SELECT DISTINCT c FROM sbtest7 WHERE id BETWEEN 653370 AND 653469 ORDER BY c
	Unique  (cost=404.87..405.39 rows=105 width=121)
	  ->  Sort  (cost=404.87..405.13 rows=105 width=121)
	        Sort Key: c
	        ->  Index Scan using sbtest7_pkey on sbtest7  (cost=0.43..401.34 rows=105 width=121)
	              Index Cond: ((id >= 653370) AND (id <= 653469))

table 8 : explain SELECT DISTINCT c FROM sbtest8 WHERE id BETWEEN 482729 AND 482828 ORDER BY c
	Unique  (cost=419.52..420.06 rows=109 width=121)
	  ->  Sort  (cost=419.52..419.79 rows=109 width=121)
	        Sort Key: c
	        ->  Index Scan using sbtest8_pkey on sbtest8  (cost=0.43..415.83 rows=109 width=121)
	              Index Cond: ((id >= 482729) AND (id <= 482828))

explain: for inserts :: explain INSERT INTO sbtest%u (id, k, c, pad) VALUES (%u, 13, 'foobar', 'foobar')
for: simple_ranges
table 1 : explain SELECT c FROM sbtest1 WHERE id BETWEEN 4869684 AND 4869783
	Index Scan using sbtest1_pkey on sbtest1  (cost=0.43..352.89 rows=92 width=121)
	  Index Cond: ((id >= 4869684) AND (id <= 4869783))

table 2 : explain SELECT c FROM sbtest2 WHERE id BETWEEN 9296893 AND 9296992
	Index Scan using sbtest2_pkey on sbtest2  (cost=0.43..392.10 rows=102 width=121)
	  Index Cond: ((id >= 9296893) AND (id <= 9296992))

table 3 : explain SELECT c FROM sbtest3 WHERE id BETWEEN 4526183 AND 4526282
	Index Scan using sbtest3_pkey on sbtest3  (cost=0.43..386.87 rows=101 width=121)
	  Index Cond: ((id >= 4526183) AND (id <= 4526282))

table 4 : explain SELECT c FROM sbtest4 WHERE id BETWEEN 1645905 AND 1646004
	Index Scan using sbtest4_pkey on sbtest4  (cost=0.43..365.43 rows=96 width=121)
	  Index Cond: ((id >= 1645905) AND (id <= 1646004))

table 5 : explain SELECT c FROM sbtest5 WHERE id BETWEEN 6960931 AND 6961030
	Index Scan using sbtest5_pkey on sbtest5  (cost=0.43..365.72 rows=96 width=121)
	  Index Cond: ((id >= 6960931) AND (id <= 6961030))

table 6 : explain SELECT c FROM sbtest6 WHERE id BETWEEN 1909881 AND 1909980
	Index Scan using sbtest6_pkey on sbtest6  (cost=0.43..403.76 rows=106 width=121)
	  Index Cond: ((id >= 1909881) AND (id <= 1909980))

table 7 : explain SELECT c FROM sbtest7 WHERE id BETWEEN 5933430 AND 5933529
	Index Scan using sbtest7_pkey on sbtest7  (cost=0.43..412.67 rows=108 width=121)
	  Index Cond: ((id >= 5933430) AND (id <= 5933529))

table 8 : explain SELECT c FROM sbtest8 WHERE id BETWEEN 1897566 AND 1897665
	Index Scan using sbtest8_pkey on sbtest8  (cost=0.43..370.58 rows=97 width=121)
	  Index Cond: ((id >= 1897566) AND (id <= 1897665))

for index_updates
table 1 : explain UPDATE sbtest1 SET k=k+1 WHERE id=4795858
	Update on sbtest1  (cost=0.43..8.46 rows=1 width=196)
	  ->  Index Scan using sbtest1_pkey on sbtest1  (cost=0.43..8.46 rows=1 width=196)
	        Index Cond: (id = 4795858)

table 2 : explain UPDATE sbtest2 SET k=k+1 WHERE id=6615458
	Update on sbtest2  (cost=0.43..8.46 rows=1 width=196)
	  ->  Index Scan using sbtest2_pkey on sbtest2  (cost=0.43..8.46 rows=1 width=196)
	        Index Cond: (id = 6615458)

table 3 : explain UPDATE sbtest3 SET k=k+1 WHERE id=8178536
	Update on sbtest3  (cost=0.43..8.46 rows=1 width=196)
	  ->  Index Scan using sbtest3_pkey on sbtest3  (cost=0.43..8.46 rows=1 width=196)
	        Index Cond: (id = 8178536)

table 4 : explain UPDATE sbtest4 SET k=k+1 WHERE id=9318303
	Update on sbtest4  (cost=0.43..8.46 rows=1 width=196)
	  ->  Index Scan using sbtest4_pkey on sbtest4  (cost=0.43..8.46 rows=1 width=196)
	        Index Cond: (id = 9318303)

table 5 : explain UPDATE sbtest5 SET k=k+1 WHERE id=5016105
	Update on sbtest5  (cost=0.43..8.46 rows=1 width=196)
	  ->  Index Scan using sbtest5_pkey on sbtest5  (cost=0.43..8.46 rows=1 width=196)
	        Index Cond: (id = 5016105)

table 6 : explain UPDATE sbtest6 SET k=k+1 WHERE id=8107624
	Update on sbtest6  (cost=0.43..8.46 rows=1 width=196)
	  ->  Index Scan using sbtest6_pkey on sbtest6  (cost=0.43..8.46 rows=1 width=196)
	        Index Cond: (id = 8107624)

table 7 : explain UPDATE sbtest7 SET k=k+1 WHERE id=6869925
	Update on sbtest7  (cost=0.43..8.46 rows=1 width=196)
	  ->  Index Scan using sbtest7_pkey on sbtest7  (cost=0.43..8.46 rows=1 width=196)
	        Index Cond: (id = 6869925)

table 8 : explain UPDATE sbtest8 SET k=k+1 WHERE id=3349458
	Update on sbtest8  (cost=0.43..8.46 rows=1 width=196)
	  ->  Index Scan using sbtest8_pkey on sbtest8  (cost=0.43..8.46 rows=1 width=196)
	        Index Cond: (id = 3349458)

for: order_ranges
table 1 : explain SELECT c FROM sbtest1 WHERE id BETWEEN 8857785 AND 8857884 ORDER BY c
	Sort  (cost=363.54..363.77 rows=94 width=121)
	  Sort Key: c
	  ->  Index Scan using sbtest1_pkey on sbtest1  (cost=0.43..360.46 rows=94 width=121)
	        Index Cond: ((id >= 8857785) AND (id <= 8857884))

table 2 : explain SELECT c FROM sbtest2 WHERE id BETWEEN 9479447 AND 9479546 ORDER BY c
	Sort  (cost=383.99..384.24 rows=99 width=121)
	  Sort Key: c
	  ->  Index Scan using sbtest2_pkey on sbtest2  (cost=0.43..380.71 rows=99 width=121)
	        Index Cond: ((id >= 9479447) AND (id <= 9479546))

table 3 : explain SELECT c FROM sbtest3 WHERE id BETWEEN 5420428 AND 5420527 ORDER BY c
	Sort  (cost=371.12..371.36 rows=96 width=121)
	  Sort Key: c
	  ->  Index Scan using sbtest3_pkey on sbtest3  (cost=0.43..367.96 rows=96 width=121)
	        Index Cond: ((id >= 5420428) AND (id <= 5420527))

table 4 : explain SELECT c FROM sbtest4 WHERE id BETWEEN 6519938 AND 6520037 ORDER BY c
	Sort  (cost=372.38..372.62 rows=97 width=121)
	  Sort Key: c
	  ->  Index Scan using sbtest4_pkey on sbtest4  (cost=0.43..369.18 rows=97 width=121)
	        Index Cond: ((id >= 6519938) AND (id <= 6520037))

table 5 : explain SELECT c FROM sbtest5 WHERE id BETWEEN 5390260 AND 5390359 ORDER BY c
	Sort  (cost=376.48..376.72 rows=98 width=121)
	  Sort Key: c
	  ->  Index Scan using sbtest5_pkey on sbtest5  (cost=0.43..373.24 rows=98 width=121)
	        Index Cond: ((id >= 5390260) AND (id <= 5390359))

table 6 : explain SELECT c FROM sbtest6 WHERE id BETWEEN 6925237 AND 6925336 ORDER BY c
	Sort  (cost=365.49..365.72 rows=95 width=121)
	  Sort Key: c
	  ->  Index Scan using sbtest6_pkey on sbtest6  (cost=0.43..362.37 rows=95 width=121)
	        Index Cond: ((id >= 6925237) AND (id <= 6925336))

table 7 : explain SELECT c FROM sbtest7 WHERE id BETWEEN 6260620 AND 6260719 ORDER BY c
	Sort  (cost=362.88..363.12 rows=94 width=121)
	  Sort Key: c
	  ->  Index Scan using sbtest7_pkey on sbtest7  (cost=0.43..359.80 rows=94 width=121)
	        Index Cond: ((id >= 6260620) AND (id <= 6260719))

table 8 : explain SELECT c FROM sbtest8 WHERE id BETWEEN 5389892 AND 5389991 ORDER BY c
	Sort  (cost=389.03..389.28 rows=101 width=121)
	  Sort Key: c
	  ->  Index Scan using sbtest8_pkey on sbtest8  (cost=0.43..385.66 rows=101 width=121)
	        Index Cond: ((id >= 5389892) AND (id <= 5389991))

explain: for non_index_updates :: explain UPDATE sbtest%u SET c='foobar' WHERE id=%u
for: simple_ranges
table 1 : explain SELECT c FROM sbtest1 WHERE id BETWEEN 2638530 AND 2638629
	Index Scan using sbtest1_pkey on sbtest1  (cost=0.43..394.57 rows=103 width=121)
	  Index Cond: ((id >= 2638530) AND (id <= 2638629))

table 2 : explain SELECT c FROM sbtest2 WHERE id BETWEEN 4660810 AND 4660909
	Index Scan using sbtest2_pkey on sbtest2  (cost=0.43..373.12 rows=97 width=121)
	  Index Cond: ((id >= 4660810) AND (id <= 4660909))

table 3 : explain SELECT c FROM sbtest3 WHERE id BETWEEN 5322362 AND 5322461
	Index Scan using sbtest3_pkey on sbtest3  (cost=0.43..330.08 rows=86 width=121)
	  Index Cond: ((id >= 5322362) AND (id <= 5322461))

table 4 : explain SELECT c FROM sbtest4 WHERE id BETWEEN 3604788 AND 3604887
	Index Scan using sbtest4_pkey on sbtest4  (cost=0.43..399.22 rows=105 width=121)
	  Index Cond: ((id >= 3604788) AND (id <= 3604887))

table 5 : explain SELECT c FROM sbtest5 WHERE id BETWEEN 4296773 AND 4296872
	Index Scan using sbtest5_pkey on sbtest5  (cost=0.43..384.51 rows=101 width=121)
	  Index Cond: ((id >= 4296773) AND (id <= 4296872))

table 6 : explain SELECT c FROM sbtest6 WHERE id BETWEEN 4605740 AND 4605839
	Index Scan using sbtest6_pkey on sbtest6  (cost=0.43..388.71 rows=102 width=121)
	  Index Cond: ((id >= 4605740) AND (id <= 4605839))

table 7 : explain SELECT c FROM sbtest7 WHERE id BETWEEN 4470024 AND 4470123
	Index Scan using sbtest7_pkey on sbtest7  (cost=0.43..371.13 rows=97 width=121)
	  Index Cond: ((id >= 4470024) AND (id <= 4470123))

table 8 : explain SELECT c FROM sbtest8 WHERE id BETWEEN 2543740 AND 2543839
	Index Scan using sbtest8_pkey on sbtest8  (cost=0.43..351.73 rows=92 width=121)
	  Index Cond: ((id >= 2543740) AND (id <= 2543839))

explain: for index_updates :: explain UPDATE sbtest%u SET k=k+1 WHERE id=%u
for deletes
table 1 : explain DELETE FROM sbtest1 WHERE id=7541325
	Delete on sbtest1  (cost=0.43..8.45 rows=1 width=6)
	  ->  Index Scan using sbtest1_pkey on sbtest1  (cost=0.43..8.45 rows=1 width=6)
	        Index Cond: (id = 7541325)

table 2 : explain DELETE FROM sbtest2 WHERE id=2445613
	Delete on sbtest2  (cost=0.43..8.45 rows=1 width=6)
	  ->  Index Scan using sbtest2_pkey on sbtest2  (cost=0.43..8.45 rows=1 width=6)
	        Index Cond: (id = 2445613)

table 3 : explain DELETE FROM sbtest3 WHERE id=9046856
	Delete on sbtest3  (cost=0.43..8.45 rows=1 width=6)
	  ->  Index Scan using sbtest3_pkey on sbtest3  (cost=0.43..8.45 rows=1 width=6)
	        Index Cond: (id = 9046856)

table 4 : explain DELETE FROM sbtest4 WHERE id=8242455
	Delete on sbtest4  (cost=0.43..8.45 rows=1 width=6)
	  ->  Index Scan using sbtest4_pkey on sbtest4  (cost=0.43..8.45 rows=1 width=6)
	        Index Cond: (id = 8242455)

table 5 : explain DELETE FROM sbtest5 WHERE id=7241282
	Delete on sbtest5  (cost=0.43..8.45 rows=1 width=6)
	  ->  Index Scan using sbtest5_pkey on sbtest5  (cost=0.43..8.45 rows=1 width=6)
	        Index Cond: (id = 7241282)

table 6 : explain DELETE FROM sbtest6 WHERE id=4290434
	Delete on sbtest6  (cost=0.43..8.45 rows=1 width=6)
	  ->  Index Scan using sbtest6_pkey on sbtest6  (cost=0.43..8.45 rows=1 width=6)
	        Index Cond: (id = 4290434)

table 7 : explain DELETE FROM sbtest7 WHERE id=1971594
	Delete on sbtest7  (cost=0.43..8.45 rows=1 width=6)
	  ->  Index Scan using sbtest7_pkey on sbtest7  (cost=0.43..8.45 rows=1 width=6)
	        Index Cond: (id = 1971594)

table 8 : explain DELETE FROM sbtest8 WHERE id=9592641
	Delete on sbtest8  (cost=0.43..8.45 rows=1 width=6)
	  ->  Index Scan using sbtest8_pkey on sbtest8  (cost=0.43..8.45 rows=1 width=6)
	        Index Cond: (id = 9592641)

explain: for inserts :: explain INSERT INTO sbtest%u (id, k, c, pad) VALUES (%u, 13, 'foobar', 'foobar')
explain: for non_index_updates :: explain UPDATE sbtest%u SET c='foobar' WHERE id=%u
for index_updates
table 1 : explain UPDATE sbtest1 SET k=k+1 WHERE id=1973618
	Update on sbtest1  (cost=0.43..8.46 rows=1 width=196)
	  ->  Index Scan using sbtest1_pkey on sbtest1  (cost=0.43..8.46 rows=1 width=196)
	        Index Cond: (id = 1973618)

table 2 : explain UPDATE sbtest2 SET k=k+1 WHERE id=1177885
	Update on sbtest2  (cost=0.43..8.46 rows=1 width=196)
	  ->  Index Scan using sbtest2_pkey on sbtest2  (cost=0.43..8.46 rows=1 width=196)
	        Index Cond: (id = 1177885)

table 3 : explain UPDATE sbtest3 SET k=k+1 WHERE id=7672534
	Update on sbtest3  (cost=0.43..8.46 rows=1 width=196)
	  ->  Index Scan using sbtest3_pkey on sbtest3  (cost=0.43..8.46 rows=1 width=196)
	        Index Cond: (id = 7672534)

table 4 : explain UPDATE sbtest4 SET k=k+1 WHERE id=4587420
	Update on sbtest4  (cost=0.43..8.46 rows=1 width=196)
	  ->  Index Scan using sbtest4_pkey on sbtest4  (cost=0.43..8.46 rows=1 width=196)
	        Index Cond: (id = 4587420)

table 5 : explain UPDATE sbtest5 SET k=k+1 WHERE id=6279966
	Update on sbtest5  (cost=0.43..8.46 rows=1 width=196)
	  ->  Index Scan using sbtest5_pkey on sbtest5  (cost=0.43..8.46 rows=1 width=196)
	        Index Cond: (id = 6279966)

table 6 : explain UPDATE sbtest6 SET k=k+1 WHERE id=5212799
	Update on sbtest6  (cost=0.43..8.46 rows=1 width=196)
	  ->  Index Scan using sbtest6_pkey on sbtest6  (cost=0.43..8.46 rows=1 width=196)
	        Index Cond: (id = 5212799)

table 7 : explain UPDATE sbtest7 SET k=k+1 WHERE id=2977544
	Update on sbtest7  (cost=0.43..8.46 rows=1 width=196)
	  ->  Index Scan using sbtest7_pkey on sbtest7  (cost=0.43..8.46 rows=1 width=196)
	        Index Cond: (id = 2977544)

table 8 : explain UPDATE sbtest8 SET k=k+1 WHERE id=8670767
	Update on sbtest8  (cost=0.43..8.46 rows=1 width=196)
	  ->  Index Scan using sbtest8_pkey on sbtest8  (cost=0.43..8.46 rows=1 width=196)
	        Index Cond: (id = 8670767)

for point_selects
table 1 : explain SELECT c FROM sbtest1 WHERE id=147332
	Index Scan using sbtest1_pkey on sbtest1  (cost=0.43..8.45 rows=1 width=121)
	  Index Cond: (id = 147332)

table 2 : explain SELECT c FROM sbtest2 WHERE id=9097622
	Index Scan using sbtest2_pkey on sbtest2  (cost=0.43..8.45 rows=1 width=121)
	  Index Cond: (id = 9097622)

table 3 : explain SELECT c FROM sbtest3 WHERE id=293854
	Index Scan using sbtest3_pkey on sbtest3  (cost=0.43..8.45 rows=1 width=121)
	  Index Cond: (id = 293854)

table 4 : explain SELECT c FROM sbtest4 WHERE id=441312
	Index Scan using sbtest4_pkey on sbtest4  (cost=0.43..8.45 rows=1 width=121)
	  Index Cond: (id = 441312)

table 5 : explain SELECT c FROM sbtest5 WHERE id=829414
	Index Scan using sbtest5_pkey on sbtest5  (cost=0.43..8.45 rows=1 width=121)
	  Index Cond: (id = 829414)

table 6 : explain SELECT c FROM sbtest6 WHERE id=9066849
	Index Scan using sbtest6_pkey on sbtest6  (cost=0.43..8.45 rows=1 width=121)
	  Index Cond: (id = 9066849)

table 7 : explain SELECT c FROM sbtest7 WHERE id=6845463
	Index Scan using sbtest7_pkey on sbtest7  (cost=0.43..8.45 rows=1 width=121)
	  Index Cond: (id = 6845463)

table 8 : explain SELECT c FROM sbtest8 WHERE id=1542526
	Index Scan using sbtest8_pkey on sbtest8  (cost=0.43..8.45 rows=1 width=121)
	  Index Cond: (id = 1542526)

explain: for non_index_updates :: explain UPDATE sbtest%u SET c='foobar' WHERE id=%u
for inserts
table 1 : explain INSERT INTO sbtest1 (id, k, c, pad) VALUES (5289455, 13, 'foobar', 'foobar')
	Insert on sbtest1  (cost=0.00..0.01 rows=1 width=736)
	  ->  Result  (cost=0.00..0.01 rows=1 width=736)

table 2 : explain INSERT INTO sbtest2 (id, k, c, pad) VALUES (5203550, 13, 'foobar', 'foobar')
	Insert on sbtest2  (cost=0.00..0.01 rows=1 width=736)
	  ->  Result  (cost=0.00..0.01 rows=1 width=736)

table 3 : explain INSERT INTO sbtest3 (id, k, c, pad) VALUES (2046687, 13, 'foobar', 'foobar')
	Insert on sbtest3  (cost=0.00..0.01 rows=1 width=736)
	  ->  Result  (cost=0.00..0.01 rows=1 width=736)

table 4 : explain INSERT INTO sbtest4 (id, k, c, pad) VALUES (5998240, 13, 'foobar', 'foobar')
	Insert on sbtest4  (cost=0.00..0.01 rows=1 width=736)
	  ->  Result  (cost=0.00..0.01 rows=1 width=736)

table 5 : explain INSERT INTO sbtest5 (id, k, c, pad) VALUES (43678, 13, 'foobar', 'foobar')
	Insert on sbtest5  (cost=0.00..0.01 rows=1 width=736)
	  ->  Result  (cost=0.00..0.01 rows=1 width=736)

table 6 : explain INSERT INTO sbtest6 (id, k, c, pad) VALUES (655305, 13, 'foobar', 'foobar')
	Insert on sbtest6  (cost=0.00..0.01 rows=1 width=736)
	  ->  Result  (cost=0.00..0.01 rows=1 width=736)

table 7 : explain INSERT INTO sbtest7 (id, k, c, pad) VALUES (9164163, 13, 'foobar', 'foobar')
	Insert on sbtest7  (cost=0.00..0.01 rows=1 width=736)
	  ->  Result  (cost=0.00..0.01 rows=1 width=736)

table 8 : explain INSERT INTO sbtest8 (id, k, c, pad) VALUES (905681, 13, 'foobar', 'foobar')
	Insert on sbtest8  (cost=0.00..0.01 rows=1 width=736)
	  ->  Result  (cost=0.00..0.01 rows=1 width=736)

for non_index_updates
table 1 : explain UPDATE sbtest1 SET c='foobar' WHERE id=5757921
	Update on sbtest1  (cost=0.43..8.45 rows=1 width=559)
	  ->  Index Scan using sbtest1_pkey on sbtest1  (cost=0.43..8.45 rows=1 width=559)
	        Index Cond: (id = 5757921)

table 2 : explain UPDATE sbtest2 SET c='foobar' WHERE id=308700
	Update on sbtest2  (cost=0.43..8.45 rows=1 width=559)
	  ->  Index Scan using sbtest2_pkey on sbtest2  (cost=0.43..8.45 rows=1 width=559)
	        Index Cond: (id = 308700)

table 3 : explain UPDATE sbtest3 SET c='foobar' WHERE id=5112554
	Update on sbtest3  (cost=0.43..8.45 rows=1 width=559)
	  ->  Index Scan using sbtest3_pkey on sbtest3  (cost=0.43..8.45 rows=1 width=559)
	        Index Cond: (id = 5112554)

table 4 : explain UPDATE sbtest4 SET c='foobar' WHERE id=4871529
	Update on sbtest4  (cost=0.43..8.45 rows=1 width=559)
	  ->  Index Scan using sbtest4_pkey on sbtest4  (cost=0.43..8.45 rows=1 width=559)
	        Index Cond: (id = 4871529)

table 5 : explain UPDATE sbtest5 SET c='foobar' WHERE id=4594298
	Update on sbtest5  (cost=0.43..8.45 rows=1 width=559)
	  ->  Index Scan using sbtest5_pkey on sbtest5  (cost=0.43..8.45 rows=1 width=559)
	        Index Cond: (id = 4594298)

table 6 : explain UPDATE sbtest6 SET c='foobar' WHERE id=5971624
	Update on sbtest6  (cost=0.43..8.45 rows=1 width=559)
	  ->  Index Scan using sbtest6_pkey on sbtest6  (cost=0.43..8.45 rows=1 width=559)
	        Index Cond: (id = 5971624)

table 7 : explain UPDATE sbtest7 SET c='foobar' WHERE id=2704574
	Update on sbtest7  (cost=0.43..8.45 rows=1 width=559)
	  ->  Index Scan using sbtest7_pkey on sbtest7  (cost=0.43..8.45 rows=1 width=559)
	        Index Cond: (id = 2704574)

table 8 : explain UPDATE sbtest8 SET c='foobar' WHERE id=319346
	Update on sbtest8  (cost=0.43..8.45 rows=1 width=559)
	  ->  Index Scan using sbtest8_pkey on sbtest8  (cost=0.43..8.45 rows=1 width=559)
	        Index Cond: (id = 319346)

explain: for non_index_updates :: explain UPDATE sbtest%u SET c='foobar' WHERE id=%u
for: order_ranges
table 1 : explain SELECT c FROM sbtest1 WHERE id BETWEEN 1997964 AND 1998063 ORDER BY c
	Sort  (cost=367.36..367.60 rows=95 width=121)
	  Sort Key: c
	  ->  Index Scan using sbtest1_pkey on sbtest1  (cost=0.43..364.24 rows=95 width=121)
	        Index Cond: ((id >= 1997964) AND (id <= 1998063))

table 2 : explain SELECT c FROM sbtest2 WHERE id BETWEEN 3296443 AND 3296542 ORDER BY c
	Sort  (cost=407.02..407.28 rows=105 width=121)
	  Sort Key: c
	  ->  Index Scan using sbtest2_pkey on sbtest2  (cost=0.43..403.49 rows=105 width=121)
	        Index Cond: ((id >= 3296443) AND (id <= 3296542))

table 3 : explain SELECT c FROM sbtest3 WHERE id BETWEEN 8011102 AND 8011201 ORDER BY c
	Sort  (cost=378.77..379.01 rows=98 width=121)
	  Sort Key: c
	  ->  Index Scan using sbtest3_pkey on sbtest3  (cost=0.43..375.53 rows=98 width=121)
	        Index Cond: ((id >= 8011102) AND (id <= 8011201))

table 4 : explain SELECT c FROM sbtest4 WHERE id BETWEEN 6144356 AND 6144455 ORDER BY c
	Sort  (cost=383.77..384.02 rows=100 width=121)
	  Sort Key: c
	  ->  Index Scan using sbtest4_pkey on sbtest4  (cost=0.43..380.45 rows=100 width=121)
	        Index Cond: ((id >= 6144356) AND (id <= 6144455))

table 5 : explain SELECT c FROM sbtest5 WHERE id BETWEEN 1602206 AND 1602305 ORDER BY c
	Sort  (cost=342.23..342.45 rows=89 width=121)
	  Sort Key: c
	  ->  Index Scan using sbtest5_pkey on sbtest5  (cost=0.43..339.34 rows=89 width=121)
	        Index Cond: ((id >= 1602206) AND (id <= 1602305))

table 6 : explain SELECT c FROM sbtest6 WHERE id BETWEEN 6961802 AND 6961901 ORDER BY c
	Sort  (cost=365.49..365.72 rows=95 width=121)
	  Sort Key: c
	  ->  Index Scan using sbtest6_pkey on sbtest6  (cost=0.43..362.37 rows=95 width=121)
	        Index Cond: ((id >= 6961802) AND (id <= 6961901))

table 7 : explain SELECT c FROM sbtest7 WHERE id BETWEEN 5075215 AND 5075314 ORDER BY c
	Sort  (cost=370.52..370.76 rows=96 width=121)
	  Sort Key: c
	  ->  Index Scan using sbtest7_pkey on sbtest7  (cost=0.43..367.36 rows=96 width=121)
	        Index Cond: ((id >= 5075215) AND (id <= 5075314))

table 8 : explain SELECT c FROM sbtest8 WHERE id BETWEEN 9267582 AND 9267681 ORDER BY c
	Sort  (cost=369.97..370.21 rows=96 width=121)
	  Sort Key: c
	  ->  Index Scan using sbtest8_pkey on sbtest8  (cost=0.43..366.81 rows=96 width=121)
	        Index Cond: ((id >= 9267582) AND (id <= 9267681))

explain: for inserts :: explain INSERT INTO sbtest%u (id, k, c, pad) VALUES (%u, 13, 'foobar', 'foobar')
for: simple_ranges
table 1 : explain SELECT c FROM sbtest1 WHERE id BETWEEN 4592694 AND 4592793
	Index Scan using sbtest1_pkey on sbtest1  (cost=0.43..364.24 rows=95 width=121)
	  Index Cond: ((id >= 4592694) AND (id <= 4592793))

table 2 : explain SELECT c FROM sbtest2 WHERE id BETWEEN 1237268 AND 1237367
	Index Scan using sbtest2_pkey on sbtest2  (cost=0.43..373.12 rows=97 width=121)
	  Index Cond: ((id >= 1237268) AND (id <= 1237367))

table 3 : explain SELECT c FROM sbtest3 WHERE id BETWEEN 844226 AND 844325
	Index Scan using sbtest3_pkey on sbtest3  (cost=0.43..356.56 rows=93 width=121)
	  Index Cond: ((id >= 844226) AND (id <= 844325))

table 4 : explain SELECT c FROM sbtest4 WHERE id BETWEEN 4062298 AND 4062397
	Index Scan using sbtest4_pkey on sbtest4  (cost=0.43..399.22 rows=105 width=121)
	  Index Cond: ((id >= 4062298) AND (id <= 4062397))

table 5 : explain SELECT c FROM sbtest5 WHERE id BETWEEN 9242914 AND 9243013
	Index Scan using sbtest5_pkey on sbtest5  (cost=0.43..403.31 rows=106 width=121)
	  Index Cond: ((id >= 9242914) AND (id <= 9243013))

table 6 : explain SELECT c FROM sbtest6 WHERE id BETWEEN 5529636 AND 5529735
	Index Scan using sbtest6_pkey on sbtest6  (cost=0.43..369.89 rows=97 width=121)
	  Index Cond: ((id >= 5529636) AND (id <= 5529735))

table 7 : explain SELECT c FROM sbtest7 WHERE id BETWEEN 3856816 AND 3856915
	Index Scan using sbtest7_pkey on sbtest7  (cost=0.43..416.44 rows=109 width=121)
	  Index Cond: ((id >= 3856816) AND (id <= 3856915))

table 8 : explain SELECT c FROM sbtest8 WHERE id BETWEEN 2120371 AND 2120470
	Index Scan using sbtest8_pkey on sbtest8  (cost=0.43..400.75 rows=105 width=121)
	  Index Cond: ((id >= 2120371) AND (id <= 2120470))

for non_index_updates
table 1 : explain UPDATE sbtest1 SET c='foobar' WHERE id=2366983
	Update on sbtest1  (cost=0.43..8.45 rows=1 width=559)
	  ->  Index Scan using sbtest1_pkey on sbtest1  (cost=0.43..8.45 rows=1 width=559)
	        Index Cond: (id = 2366983)

table 2 : explain UPDATE sbtest2 SET c='foobar' WHERE id=8548786
	Update on sbtest2  (cost=0.43..8.45 rows=1 width=559)
	  ->  Index Scan using sbtest2_pkey on sbtest2  (cost=0.43..8.45 rows=1 width=559)
	        Index Cond: (id = 8548786)

table 3 : explain UPDATE sbtest3 SET c='foobar' WHERE id=6101970
	Update on sbtest3  (cost=0.43..8.45 rows=1 width=559)
	  ->  Index Scan using sbtest3_pkey on sbtest3  (cost=0.43..8.45 rows=1 width=559)
	        Index Cond: (id = 6101970)

table 4 : explain UPDATE sbtest4 SET c='foobar' WHERE id=3916692
	Update on sbtest4  (cost=0.43..8.45 rows=1 width=559)
	  ->  Index Scan using sbtest4_pkey on sbtest4  (cost=0.43..8.45 rows=1 width=559)
	        Index Cond: (id = 3916692)

table 5 : explain UPDATE sbtest5 SET c='foobar' WHERE id=9839392
	Update on sbtest5  (cost=0.43..8.45 rows=1 width=559)
	  ->  Index Scan using sbtest5_pkey on sbtest5  (cost=0.43..8.45 rows=1 width=559)
	        Index Cond: (id = 9839392)

table 6 : explain UPDATE sbtest6 SET c='foobar' WHERE id=6199217
	Update on sbtest6  (cost=0.43..8.45 rows=1 width=559)
	  ->  Index Scan using sbtest6_pkey on sbtest6  (cost=0.43..8.45 rows=1 width=559)
	        Index Cond: (id = 6199217)

table 7 : explain UPDATE sbtest7 SET c='foobar' WHERE id=8218591
	Update on sbtest7  (cost=0.43..8.45 rows=1 width=559)
	  ->  Index Scan using sbtest7_pkey on sbtest7  (cost=0.43..8.45 rows=1 width=559)
	        Index Cond: (id = 8218591)

table 8 : explain UPDATE sbtest8 SET c='foobar' WHERE id=2648123
	Update on sbtest8  (cost=0.43..8.45 rows=1 width=559)
	  ->  Index Scan using sbtest8_pkey on sbtest8  (cost=0.43..8.45 rows=1 width=559)
	        Index Cond: (id = 2648123)
explain: for deletes :: explain DELETE FROM sbtest%u WHERE id=%u
for index_updates
table 1 : explain UPDATE sbtest1 SET k=k+1 WHERE id=1611940
	Update on sbtest1  (cost=0.43..8.46 rows=1 width=196)
	  ->  Index Scan using sbtest1_pkey on sbtest1  (cost=0.43..8.46 rows=1 width=196)
	        Index Cond: (id = 1611940)

table 2 : explain UPDATE sbtest2 SET k=k+1 WHERE id=5044344
	Update on sbtest2  (cost=0.43..8.46 rows=1 width=196)
	  ->  Index Scan using sbtest2_pkey on sbtest2  (cost=0.43..8.46 rows=1 width=196)
	        Index Cond: (id = 5044344)

table 3 : explain UPDATE sbtest3 SET k=k+1 WHERE id=2983070
	Update on sbtest3  (cost=0.43..8.46 rows=1 width=196)
	  ->  Index Scan using sbtest3_pkey on sbtest3  (cost=0.43..8.46 rows=1 width=196)
	        Index Cond: (id = 2983070)

table 4 : explain UPDATE sbtest4 SET k=k+1 WHERE id=9181279
	Update on sbtest4  (cost=0.43..8.46 rows=1 width=196)
	  ->  Index Scan using sbtest4_pkey on sbtest4  (cost=0.43..8.46 rows=1 width=196)
	        Index Cond: (id = 9181279)

table 5 : explain UPDATE sbtest5 SET k=k+1 WHERE id=5909465
	Update on sbtest5  (cost=0.43..8.46 rows=1 width=196)
	  ->  Index Scan using sbtest5_pkey on sbtest5  (cost=0.43..8.46 rows=1 width=196)
	        Index Cond: (id = 5909465)

table 6 : explain UPDATE sbtest6 SET k=k+1 WHERE id=7838587
	Update on sbtest6  (cost=0.43..8.46 rows=1 width=196)
	  ->  Index Scan using sbtest6_pkey on sbtest6  (cost=0.43..8.46 rows=1 width=196)
	        Index Cond: (id = 7838587)

table 7 : explain UPDATE sbtest7 SET k=k+1 WHERE id=6981768
	Update on sbtest7  (cost=0.43..8.46 rows=1 width=196)
	  ->  Index Scan using sbtest7_pkey on sbtest7  (cost=0.43..8.46 rows=1 width=196)
	        Index Cond: (id = 6981768)

table 8 : explain UPDATE sbtest8 SET k=k+1 WHERE id=9790963
	Update on sbtest8  (cost=0.43..8.46 rows=1 width=196)
	  ->  Index Scan using sbtest8_pkey on sbtest8  (cost=0.43..8.46 rows=1 width=196)
	        Index Cond: (id = 9790963)


for inserts
table 1 : explain INSERT INTO sbtest1 (id, k, c, pad) VALUES (9595145, 13, 'foobar', 'foobar')
	Insert on sbtest1  (cost=0.00..0.01 rows=1 width=736)
	  ->  Result  (cost=0.00..0.01 rows=1 width=736)

table 2 : explain INSERT INTO sbtest2 (id, k, c, pad) VALUES (711229, 13, 'foobar', 'foobar')
	Insert on sbtest2  (cost=0.00..0.01 rows=1 width=736)
	  ->  Result  (cost=0.00..0.01 rows=1 width=736)

table 3 : explain INSERT INTO sbtest3 (id, k, c, pad) VALUES (75829, 13, 'foobar', 'foobar')
	Insert on sbtest3  (cost=0.00..0.01 rows=1 width=736)
	  ->  Result  (cost=0.00..0.01 rows=1 width=736)

table 4 : explain INSERT INTO sbtest4 (id, k, c, pad) VALUES (1779793, 13, 'foobar', 'foobar')
	Insert on sbtest4  (cost=0.00..0.01 rows=1 width=736)
	  ->  Result  (cost=0.00..0.01 rows=1 width=736)

table 5 : explain INSERT INTO sbtest5 (id, k, c, pad) VALUES (4622510, 13, 'foobar', 'foobar')
	Insert on sbtest5  (cost=0.00..0.01 rows=1 width=736)
	  ->  Result  (cost=0.00..0.01 rows=1 width=736)

table 6 : explain INSERT INTO sbtest6 (id, k, c, pad) VALUES (5714478, 13, 'foobar', 'foobar')
	Insert on sbtest6  (cost=0.00..0.01 rows=1 width=736)
	  ->  Result  (cost=0.00..0.01 rows=1 width=736)

table 7 : explain INSERT INTO sbtest7 (id, k, c, pad) VALUES (5367608, 13, 'foobar', 'foobar')
	Insert on sbtest7  (cost=0.00..0.01 rows=1 width=736)
	  ->  Result  (cost=0.00..0.01 rows=1 width=736)

table 8 : explain INSERT INTO sbtest8 (id, k, c, pad) VALUES (4725956, 13, 'foobar', 'foobar')
	Insert on sbtest8  (cost=0.00..0.01 rows=1 width=736)
	  ->  Result  (cost=0.00..0.01 rows=1 width=736)

for: order_ranges
table 1 : explain SELECT c FROM sbtest1 WHERE id BETWEEN 4175005 AND 4175104 ORDER BY c
	Sort  (cost=375.01..375.25 rows=97 width=121)
	  Sort Key: c
	  ->  Index Scan using sbtest1_pkey on sbtest1  (cost=0.43..371.81 rows=97 width=121)
	        Index Cond: ((id >= 4175005) AND (id <= 4175104))

table 2 : explain SELECT c FROM sbtest2 WHERE id BETWEEN 1228462 AND 1228561 ORDER BY c
	Sort  (cost=376.32..376.56 rows=97 width=121)
	  Sort Key: c
	  ->  Index Scan using sbtest2_pkey on sbtest2  (cost=0.43..373.12 rows=97 width=121)
	        Index Cond: ((id >= 1228462) AND (id <= 1228561))

table 3 : explain SELECT c FROM sbtest3 WHERE id BETWEEN 4592868 AND 4592967 ORDER BY c
	Sort  (cost=394.06..394.31 rows=102 width=121)
	  Sort Key: c
	  ->  Index Scan using sbtest3_pkey on sbtest3  (cost=0.43..390.66 rows=102 width=121)
	        Index Cond: ((id >= 4592868) AND (id <= 4592967))

table 4 : explain SELECT c FROM sbtest4 WHERE id BETWEEN 3999729 AND 3999828 ORDER BY c
	Sort  (cost=402.75..403.01 rows=105 width=121)
	  Sort Key: c
	  ->  Index Scan using sbtest4_pkey on sbtest4  (cost=0.43..399.22 rows=105 width=121)
	        Index Cond: ((id >= 3999729) AND (id <= 3999828))

table 5 : explain SELECT c FROM sbtest5 WHERE id BETWEEN 9920702 AND 9920801 ORDER BY c
	Sort  (cost=361.28..361.52 rows=94 width=121)
	  Sort Key: c
	  ->  Index Scan using sbtest5_pkey on sbtest5  (cost=0.43..358.20 rows=94 width=121)
	        Index Cond: ((id >= 9920702) AND (id <= 9920801))

table 6 : explain SELECT c FROM sbtest6 WHERE id BETWEEN 1156689 AND 1156788 ORDER BY c
	Sort  (cost=388.31..388.56 rows=101 width=121)
	  Sort Key: c
	  ->  Index Scan using sbtest6_pkey on sbtest6  (cost=0.43..384.94 rows=101 width=121)
	        Index Cond: ((id >= 1156689) AND (id <= 1156788))

table 7 : explain SELECT c FROM sbtest7 WHERE id BETWEEN 3396041 AND 3396140 ORDER BY c
	Sort  (cost=381.97..382.21 rows=99 width=121)
	  Sort Key: c
	  ->  Index Scan using sbtest7_pkey on sbtest7  (cost=0.43..378.68 rows=99 width=121)
	        Index Cond: ((id >= 3396041) AND (id <= 3396140))

table 8 : explain SELECT c FROM sbtest8 WHERE id BETWEEN 6516862 AND 6516961 ORDER BY c
	Sort  (cost=331.81..332.03 rows=86 width=121)
	  Sort Key: c
	  ->  Index Scan using sbtest8_pkey on sbtest8  (cost=0.43..329.05 rows=86 width=121)
	        Index Cond: ((id >= 6516862) AND (id <= 6516961))
for inserts
table 1 : explain INSERT INTO sbtest1 (id, k, c, pad) VALUES (7132121, 13, 'foobar', 'foobar')
	Insert on sbtest1  (cost=0.00..0.01 rows=1 width=736)
	  ->  Result  (cost=0.00..0.01 rows=1 width=736)

table 2 : explain INSERT INTO sbtest2 (id, k, c, pad) VALUES (102369, 13, 'foobar', 'foobar')
	Insert on sbtest2  (cost=0.00..0.01 rows=1 width=736)
	  ->  Result  (cost=0.00..0.01 rows=1 width=736)

table 3 : explain INSERT INTO sbtest3 (id, k, c, pad) VALUES (3143131, 13, 'foobar', 'foobar')
	Insert on sbtest3  (cost=0.00..0.01 rows=1 width=736)
	  ->  Result  (cost=0.00..0.01 rows=1 width=736)

table 4 : explain INSERT INTO sbtest4 (id, k, c, pad) VALUES (6678049, 13, 'foobar', 'foobar')
	Insert on sbtest4  (cost=0.00..0.01 rows=1 width=736)
	  ->  Result  (cost=0.00..0.01 rows=1 width=736)

table 5 : explain INSERT INTO sbtest5 (id, k, c, pad) VALUES (6823542, 13, 'foobar', 'foobar')
	Insert on sbtest5  (cost=0.00..0.01 rows=1 width=736)
	  ->  Result  (cost=0.00..0.01 rows=1 width=736)

table 6 : explain INSERT INTO sbtest6 (id, k, c, pad) VALUES (7318939, 13, 'foobar', 'foobar')
	Insert on sbtest6  (cost=0.00..0.01 rows=1 width=736)
	  ->  Result  (cost=0.00..0.01 rows=1 width=736)

table 7 : explain INSERT INTO sbtest7 (id, k, c, pad) VALUES (3335806, 13, 'foobar', 'foobar')
	Insert on sbtest7  (cost=0.00..0.01 rows=1 width=736)
	  ->  Result  (cost=0.00..0.01 rows=1 width=736)

table 8 : explain INSERT INTO sbtest8 (id, k, c, pad) VALUES (7205393, 13, 'foobar', 'foobar')
	Insert on sbtest8  (cost=0.00..0.01 rows=1 width=736)
	  ->  Result  (cost=0.00..0.01 rows=1 width=736)
for: sum_ranges
table 1 : explain SELECT SUM(k) FROM sbtest1 WHERE id BETWEEN 5653878 AND 5653977
	Aggregate  (cost=349.33..349.34 rows=1 width=8)
	  ->  Index Scan using sbtest1_pkey on sbtest1  (cost=0.43..349.11 rows=91 width=4)
	        Index Cond: ((id >= 5653878) AND (id <= 5653977))

table 2 : explain SELECT SUM(k) FROM sbtest2 WHERE id BETWEEN 4347646 AND 4347745
	Aggregate  (cost=380.96..380.97 rows=1 width=8)
	  ->  Index Scan using sbtest2_pkey on sbtest2  (cost=0.43..380.71 rows=99 width=4)
	        Index Cond: ((id >= 4347646) AND (id <= 4347745))

table 3 : explain SELECT SUM(k) FROM sbtest3 WHERE id BETWEEN 4156325 AND 4156424
	Aggregate  (cost=390.91..390.92 rows=1 width=8)
	  ->  Index Scan using sbtest3_pkey on sbtest3  (cost=0.43..390.66 rows=102 width=4)
	        Index Cond: ((id >= 4156325) AND (id <= 4156424))

table 4 : explain SELECT SUM(k) FROM sbtest4 WHERE id BETWEEN 9144513 AND 9144612
	Aggregate  (cost=354.39..354.40 rows=1 width=8)
	  ->  Index Scan using sbtest4_pkey on sbtest4  (cost=0.43..354.16 rows=93 width=4)
	        Index Cond: ((id >= 9144513) AND (id <= 9144612))

table 5 : explain SELECT SUM(k) FROM sbtest5 WHERE id BETWEEN 7237200 AND 7237299
	Aggregate  (cost=399.81..399.82 rows=1 width=8)
	  ->  Index Scan using sbtest5_pkey on sbtest5  (cost=0.43..399.55 rows=105 width=4)
	        Index Cond: ((id >= 7237200) AND (id <= 7237299))

table 6 : explain SELECT SUM(k) FROM sbtest6 WHERE id BETWEEN 2668517 AND 2668616
	Aggregate  (cost=388.96..388.97 rows=1 width=8)
	  ->  Index Scan using sbtest6_pkey on sbtest6  (cost=0.43..388.71 rows=102 width=4)
	        Index Cond: ((id >= 2668517) AND (id <= 2668616))

table 7 : explain SELECT SUM(k) FROM sbtest7 WHERE id BETWEEN 8124070 AND 8124169
	Aggregate  (cost=409.16..409.17 rows=1 width=8)
	  ->  Index Scan using sbtest7_pkey on sbtest7  (cost=0.43..408.89 rows=107 width=4)
	        Index Cond: ((id >= 8124070) AND (id <= 8124169))

table 8 : explain SELECT SUM(k) FROM sbtest8 WHERE id BETWEEN 2660027 AND 2660126
	Aggregate  (cost=389.69..389.70 rows=1 width=8)
	  ->  Index Scan using sbtest8_pkey on sbtest8  (cost=0.43..389.43 rows=102 width=4)
	        Index Cond: ((id >= 2660027) AND (id <= 2660126))

for: order_ranges
table 1 : explain SELECT c FROM sbtest1 WHERE id BETWEEN 2014681 AND 2014780 ORDER BY c
	Sort  (cost=367.36..367.60 rows=95 width=121)
	  Sort Key: c
	  ->  Index Scan using sbtest1_pkey on sbtest1  (cost=0.43..364.24 rows=95 width=121)
	        Index Cond: ((id >= 2014681) AND (id <= 2014780))

table 2 : explain SELECT c FROM sbtest2 WHERE id BETWEEN 9132561 AND 9132660 ORDER BY c
	Sort  (cost=426.21..426.48 rows=110 width=121)
	  Sort Key: c
	  ->  Index Scan using sbtest2_pkey on sbtest2  (cost=0.43..422.48 rows=110 width=121)
	        Index Cond: ((id >= 9132561) AND (id <= 9132660))

table 3 : explain SELECT c FROM sbtest3 WHERE id BETWEEN 2297727 AND 2297826 ORDER BY c
	Sort  (cost=424.65..424.92 rows=110 width=121)
	  Sort Key: c
	  ->  Index Scan using sbtest3_pkey on sbtest3  (cost=0.43..420.92 rows=110 width=121)
	        Index Cond: ((id >= 2297727) AND (id <= 2297826))

table 4 : explain SELECT c FROM sbtest4 WHERE id BETWEEN 6940371 AND 6940470 ORDER BY c
	Sort  (cost=417.94..418.21 rows=109 width=121)
	  Sort Key: c
	  ->  Index Scan using sbtest4_pkey on sbtest4  (cost=0.43..414.25 rows=109 width=121)
	        Index Cond: ((id >= 6940371) AND (id <= 6940470))

table 5 : explain SELECT c FROM sbtest5 WHERE id BETWEEN 8669796 AND 8669895 ORDER BY c
	Sort  (cost=361.28..361.52 rows=94 width=121)
	  Sort Key: c
	  ->  Index Scan using sbtest5_pkey on sbtest5  (cost=0.43..358.20 rows=94 width=121)
	        Index Cond: ((id >= 8669796) AND (id <= 8669895))

table 6 : explain SELECT c FROM sbtest6 WHERE id BETWEEN 8942578 AND 8942677 ORDER BY c
	Sort  (cost=369.29..369.53 rows=96 width=121)
	  Sort Key: c
	  ->  Index Scan using sbtest6_pkey on sbtest6  (cost=0.43..366.13 rows=96 width=121)
	        Index Cond: ((id >= 8942578) AND (id <= 8942677))

table 7 : explain SELECT c FROM sbtest7 WHERE id BETWEEN 1301633 AND 1301732 ORDER BY c
	Sort  (cost=359.07..359.30 rows=93 width=121)
	  Sort Key: c
	  ->  Index Scan using sbtest7_pkey on sbtest7  (cost=0.43..356.03 rows=93 width=121)
	        Index Cond: ((id >= 1301633) AND (id <= 1301732))

table 8 : explain SELECT c FROM sbtest8 WHERE id BETWEEN 8651119 AND 8651218 ORDER BY c
	Sort  (cost=408.08..408.35 rows=106 width=121)
	  Sort Key: c
	  ->  Index Scan using sbtest8_pkey on sbtest8  (cost=0.43..404.52 rows=106 width=121)
	        Index Cond: ((id >= 8651119) AND (id <= 8651218))


for: distinct_ranges
table 1 : explain SELECT DISTINCT c FROM sbtest1 WHERE id BETWEEN 579158 AND 579257 ORDER BY c
	Unique  (cost=413.31..413.85 rows=107 width=121)
	  ->  Sort  (cost=413.31..413.58 rows=107 width=121)
	        Sort Key: c
	        ->  Index Scan using sbtest1_pkey on sbtest1  (cost=0.43..409.71 rows=107 width=121)
	              Index Cond: ((id >= 579158) AND (id <= 579257))

table 2 : explain SELECT DISTINCT c FROM sbtest2 WHERE id BETWEEN 660153 AND 660252 ORDER BY c
	Unique  (cost=387.83..388.33 rows=100 width=121)
	  ->  Sort  (cost=387.83..388.08 rows=100 width=121)
	        Sort Key: c
	        ->  Index Scan using sbtest2_pkey on sbtest2  (cost=0.43..384.51 rows=100 width=121)
	              Index Cond: ((id >= 660153) AND (id <= 660252))

table 3 : explain SELECT DISTINCT c FROM sbtest3 WHERE id BETWEEN 6325724 AND 6325823 ORDER BY c
	Unique  (cost=332.84..333.27 rows=86 width=121)
	  ->  Sort  (cost=332.84..333.06 rows=86 width=121)
	        Sort Key: c
	        ->  Index Scan using sbtest3_pkey on sbtest3  (cost=0.43..330.08 rows=86 width=121)
	              Index Cond: ((id >= 6325724) AND (id <= 6325823))

table 4 : explain SELECT DISTINCT c FROM sbtest4 WHERE id BETWEEN 7626596 AND 7626695 ORDER BY c
	Unique  (cost=372.38..372.87 rows=97 width=121)
	  ->  Sort  (cost=372.38..372.62 rows=97 width=121)
	        Sort Key: c
	        ->  Index Scan using sbtest4_pkey on sbtest4  (cost=0.43..369.18 rows=97 width=121)
	              Index Cond: ((id >= 7626596) AND (id <= 7626695))

table 5 : explain SELECT DISTINCT c FROM sbtest5 WHERE id BETWEEN 7909495 AND 7909594 ORDER BY c
	Unique  (cost=391.68..392.19 rows=102 width=121)
	  ->  Sort  (cost=391.68..391.93 rows=102 width=121)
	        Sort Key: c
	        ->  Index Scan using sbtest5_pkey on sbtest5  (cost=0.43..388.27 rows=102 width=121)
	              Index Cond: ((id >= 7909495) AND (id <= 7909594))

table 6 : explain SELECT DISTINCT c FROM sbtest6 WHERE id BETWEEN 2099604 AND 2099703 ORDER BY c
	Unique  (cost=376.90..377.39 rows=98 width=121)
	  ->  Sort  (cost=376.90..377.14 rows=98 width=121)
	        Sort Key: c
	        ->  Index Scan using sbtest6_pkey on sbtest6  (cost=0.43..373.65 rows=98 width=121)
	              Index Cond: ((id >= 2099604) AND (id <= 2099703))

table 7 : explain SELECT DISTINCT c FROM sbtest7 WHERE id BETWEEN 889983 AND 890082 ORDER BY c
	Unique  (cost=389.60..390.10 rows=101 width=121)
	  ->  Sort  (cost=389.60..389.85 rows=101 width=121)
	        Sort Key: c
	        ->  Index Scan using sbtest7_pkey on sbtest7  (cost=0.43..386.24 rows=101 width=121)
	              Index Cond: ((id >= 889983) AND (id <= 890082))

table 8 : explain SELECT DISTINCT c FROM sbtest8 WHERE id BETWEEN 2447840 AND 2447939 ORDER BY c
	Unique  (cost=381.41..381.90 rows=99 width=121)
	  ->  Sort  (cost=381.41..381.65 rows=99 width=121)
	        Sort Key: c
	        ->  Index Scan using sbtest8_pkey on sbtest8  (cost=0.43..378.12 rows=99 width=121)
	              Index Cond: ((id >= 2447840) AND (id <= 2447939))

for non_index_updates
table 1 : explain UPDATE sbtest1 SET c='foobar' WHERE id=6405949
	Update on sbtest1  (cost=0.43..8.45 rows=1 width=559)
	  ->  Index Scan using sbtest1_pkey on sbtest1  (cost=0.43..8.45 rows=1 width=559)
	        Index Cond: (id = 6405949)

table 2 : explain UPDATE sbtest2 SET c='foobar' WHERE id=9231247
	Update on sbtest2  (cost=0.43..8.45 rows=1 width=559)
	  ->  Index Scan using sbtest2_pkey on sbtest2  (cost=0.43..8.45 rows=1 width=559)
	        Index Cond: (id = 9231247)

table 3 : explain UPDATE sbtest3 SET c='foobar' WHERE id=6480573
	Update on sbtest3  (cost=0.43..8.45 rows=1 width=559)
	  ->  Index Scan using sbtest3_pkey on sbtest3  (cost=0.43..8.45 rows=1 width=559)
	        Index Cond: (id = 6480573)

table 4 : explain UPDATE sbtest4 SET c='foobar' WHERE id=4712892
	Update on sbtest4  (cost=0.43..8.45 rows=1 width=559)
	  ->  Index Scan using sbtest4_pkey on sbtest4  (cost=0.43..8.45 rows=1 width=559)
	        Index Cond: (id = 4712892)

table 5 : explain UPDATE sbtest5 SET c='foobar' WHERE id=7482717
	Update on sbtest5  (cost=0.43..8.45 rows=1 width=559)
	  ->  Index Scan using sbtest5_pkey on sbtest5  (cost=0.43..8.45 rows=1 width=559)
	        Index Cond: (id = 7482717)

table 6 : explain UPDATE sbtest6 SET c='foobar' WHERE id=7629826
	Update on sbtest6  (cost=0.43..8.45 rows=1 width=559)
	  ->  Index Scan using sbtest6_pkey on sbtest6  (cost=0.43..8.45 rows=1 width=559)
	        Index Cond: (id = 7629826)

table 7 : explain UPDATE sbtest7 SET c='foobar' WHERE id=8194983
	Update on sbtest7  (cost=0.43..8.45 rows=1 width=559)
	  ->  Index Scan using sbtest7_pkey on sbtest7  (cost=0.43..8.45 rows=1 width=559)
	        Index Cond: (id = 8194983)

table 8 : explain UPDATE sbtest8 SET c='foobar' WHERE id=4453666
	Update on sbtest8  (cost=0.43..8.45 rows=1 width=559)
	  ->  Index Scan using sbtest8_pkey on sbtest8  (cost=0.43..8.45 rows=1 width=559)
	        Index Cond: (id = 4453666)

for: order_ranges
table 1 : explain SELECT c FROM sbtest1 WHERE id BETWEEN 1570966 AND 1571065 ORDER BY c
	Sort  (cost=394.19..394.44 rows=102 width=121)
	  Sort Key: c
	  ->  Index Scan using sbtest1_pkey on sbtest1  (cost=0.43..390.79 rows=102 width=121)
	        Index Cond: ((id >= 1570966) AND (id <= 1571065))

table 2 : explain SELECT c FROM sbtest2 WHERE id BETWEEN 7557587 AND 7557686 ORDER BY c
	Sort  (cost=410.86..411.12 rows=106 width=121)
	  Sort Key: c
	  ->  Index Scan using sbtest2_pkey on sbtest2  (cost=0.43..407.29 rows=106 width=121)
	        Index Cond: ((id >= 7557587) AND (id <= 7557686))

table 3 : explain SELECT c FROM sbtest3 WHERE id BETWEEN 6497083 AND 6497182 ORDER BY c
	Sort  (cost=374.95..375.19 rows=97 width=121)
	  Sort Key: c
	  ->  Index Scan using sbtest3_pkey on sbtest3  (cost=0.43..371.74 rows=97 width=121)
	        Index Cond: ((id >= 6497083) AND (id <= 6497182))

table 4 : explain SELECT c FROM sbtest4 WHERE id BETWEEN 2614454 AND 2614553 ORDER BY c
	Sort  (cost=357.20..357.43 rows=93 width=121)
	  Sort Key: c
	  ->  Index Scan using sbtest4_pkey on sbtest4  (cost=0.43..354.16 rows=93 width=121)
	        Index Cond: ((id >= 2614454) AND (id <= 2614553))

table 5 : explain SELECT c FROM sbtest5 WHERE id BETWEEN 5143410 AND 5143509 ORDER BY c
	Sort  (cost=357.49..357.72 rows=93 width=121)
	  Sort Key: c
	  ->  Index Scan using sbtest5_pkey on sbtest5  (cost=0.43..354.44 rows=93 width=121)
	        Index Cond: ((id >= 5143410) AND (id <= 5143509))

table 6 : explain SELECT c FROM sbtest6 WHERE id BETWEEN 9351686 AND 9351785 ORDER BY c
	Sort  (cost=373.09..373.34 rows=97 width=121)
	  Sort Key: c
	  ->  Index Scan using sbtest6_pkey on sbtest6  (cost=0.43..369.89 rows=97 width=121)
	        Index Cond: ((id >= 9351686) AND (id <= 9351785))

table 7 : explain SELECT c FROM sbtest7 WHERE id BETWEEN 5876119 AND 5876218 ORDER BY c
	Sort  (cost=343.81..344.03 rows=89 width=121)
	  Sort Key: c
	  ->  Index Scan using sbtest7_pkey on sbtest7  (cost=0.43..340.92 rows=89 width=121)
	        Index Cond: ((id >= 5876119) AND (id <= 5876218))

table 8 : explain SELECT c FROM sbtest8 WHERE id BETWEEN 9276844 AND 9276943 ORDER BY c
	Sort  (cost=369.97..370.21 rows=96 width=121)
	  Sort Key: c
	  ->  Index Scan using sbtest8_pkey on sbtest8  (cost=0.43..366.81 rows=96 width=121)
	        Index Cond: ((id >= 9276844) AND (id <= 9276943))


for: order_ranges
table 1 : explain SELECT c FROM sbtest1 WHERE id BETWEEN 6422818 AND 6422917 ORDER BY c
	Sort  (cost=375.01..375.25 rows=97 width=121)
	  Sort Key: c
	  ->  Index Scan using sbtest1_pkey on sbtest1  (cost=0.43..371.81 rows=97 width=121)
	        Index Cond: ((id >= 6422818) AND (id <= 6422917))

table 2 : explain SELECT c FROM sbtest2 WHERE id BETWEEN 1998789 AND 1998888 ORDER BY c
	Sort  (cost=380.16..380.40 rows=98 width=121)
	  Sort Key: c
	  ->  Index Scan using sbtest2_pkey on sbtest2  (cost=0.43..376.91 rows=98 width=121)
	        Index Cond: ((id >= 1998789) AND (id <= 1998888))

table 3 : explain SELECT c FROM sbtest3 WHERE id BETWEEN 8221042 AND 8221141 ORDER BY c
	Sort  (cost=436.12..436.40 rows=113 width=121)
	  Sort Key: c
	  ->  Index Scan using sbtest3_pkey on sbtest3  (cost=0.43..432.26 rows=113 width=121)
	        Index Cond: ((id >= 8221042) AND (id <= 8221141))

table 4 : explain SELECT c FROM sbtest4 WHERE id BETWEEN 8015316 AND 8015415 ORDER BY c
	Sort  (cost=406.55..406.81 rows=106 width=121)
	  Sort Key: c
	  ->  Index Scan using sbtest4_pkey on sbtest4  (cost=0.43..402.98 rows=106 width=121)
	        Index Cond: ((id >= 8015316) AND (id <= 8015415))

table 5 : explain SELECT c FROM sbtest5 WHERE id BETWEEN 1741305 AND 1741404 ORDER BY c
	Sort  (cost=338.43..338.65 rows=88 width=121)
	  Sort Key: c
	  ->  Index Scan using sbtest5_pkey on sbtest5  (cost=0.43..335.59 rows=88 width=121)
	        Index Cond: ((id >= 1741305) AND (id <= 1741404))

table 6 : explain SELECT c FROM sbtest6 WHERE id BETWEEN 1632664 AND 1632763 ORDER BY c
	Sort  (cost=365.49..365.72 rows=95 width=121)
	  Sort Key: c
	  ->  Index Scan using sbtest6_pkey on sbtest6  (cost=0.43..362.37 rows=95 width=121)
	        Index Cond: ((id >= 1632664) AND (id <= 1632763))

table 7 : explain SELECT c FROM sbtest7 WHERE id BETWEEN 348661 AND 348760 ORDER BY c
	Sort  (cost=393.42..393.67 rows=102 width=121)
	  Sort Key: c
	  ->  Index Scan using sbtest7_pkey on sbtest7  (cost=0.43..390.01 rows=102 width=121)
	        Index Cond: ((id >= 348661) AND (id <= 348760))

table 8 : explain SELECT c FROM sbtest8 WHERE id BETWEEN 2980345 AND 2980444 ORDER BY c
	Sort  (cost=381.41..381.65 rows=99 width=121)
	  Sort Key: c
	  ->  Index Scan using sbtest8_pkey on sbtest8  (cost=0.43..378.12 rows=99 width=121)
	        Index Cond: ((id >= 2980345) AND (id <= 2980444))

for: sum_ranges
table 1 : explain SELECT SUM(k) FROM sbtest1 WHERE id BETWEEN 4207279 AND 4207378
	Aggregate  (cost=383.47..383.48 rows=1 width=8)
	  ->  Index Scan using sbtest1_pkey on sbtest1  (cost=0.43..383.22 rows=100 width=4)
	        Index Cond: ((id >= 4207279) AND (id <= 4207378))

table 2 : explain SELECT SUM(k) FROM sbtest2 WHERE id BETWEEN 2768917 AND 2769016
	Aggregate  (cost=392.36..392.37 rows=1 width=8)
	  ->  Index Scan using sbtest2_pkey on sbtest2  (cost=0.43..392.10 rows=102 width=4)
	        Index Cond: ((id >= 2768917) AND (id <= 2769016))

table 3 : explain SELECT SUM(k) FROM sbtest3 WHERE id BETWEEN 7761498 AND 7761597
	Aggregate  (cost=406.05..406.06 rows=1 width=8)
	  ->  Index Scan using sbtest3_pkey on sbtest3  (cost=0.43..405.79 rows=106 width=4)
	        Index Cond: ((id >= 7761498) AND (id <= 7761597))

table 4 : explain SELECT SUM(k) FROM sbtest4 WHERE id BETWEEN 5038537 AND 5038636
	Aggregate  (cost=376.94..376.95 rows=1 width=8)
	  ->  Index Scan using sbtest4_pkey on sbtest4  (cost=0.43..376.69 rows=99 width=4)
	        Index Cond: ((id >= 5038537) AND (id <= 5038636))

table 5 : explain SELECT SUM(k) FROM sbtest5 WHERE id BETWEEN 1401201 AND 1401300
	Aggregate  (cost=332.04..332.05 rows=1 width=8)
	  ->  Index Scan using sbtest5_pkey on sbtest5  (cost=0.43..331.83 rows=87 width=4)
	        Index Cond: ((id >= 1401201) AND (id <= 1401300))

table 6 : explain SELECT SUM(k) FROM sbtest6 WHERE id BETWEEN 6072764 AND 6072863
	Aggregate  (cost=377.67..377.68 rows=1 width=8)
	  ->  Index Scan using sbtest6_pkey on sbtest6  (cost=0.43..377.42 rows=99 width=4)
	        Index Cond: ((id >= 6072764) AND (id <= 6072863))

table 7 : explain SELECT SUM(k) FROM sbtest7 WHERE id BETWEEN 7255733 AND 7255832
	Aggregate  (cost=363.82..363.83 rows=1 width=8)
	  ->  Index Scan using sbtest7_pkey on sbtest7  (cost=0.43..363.58 rows=95 width=4)
	        Index Cond: ((id >= 7255733) AND (id <= 7255832))

table 8 : explain SELECT SUM(k) FROM sbtest8 WHERE id BETWEEN 1039479 AND 1039578
	Aggregate  (cost=363.28..363.29 rows=1 width=8)
	  ->  Index Scan using sbtest8_pkey on sbtest8  (cost=0.43..363.04 rows=95 width=4)
	        Index Cond: ((id >= 1039479) AND (id <= 1039578))

for non_index_updates
table 1 : explain UPDATE sbtest1 SET c='foobar' WHERE id=5498414
	Update on sbtest1  (cost=0.43..8.45 rows=1 width=559)
	  ->  Index Scan using sbtest1_pkey on sbtest1  (cost=0.43..8.45 rows=1 width=559)
	        Index Cond: (id = 5498414)

table 2 : explain UPDATE sbtest2 SET c='foobar' WHERE id=1189672
	Update on sbtest2  (cost=0.43..8.45 rows=1 width=559)
	  ->  Index Scan using sbtest2_pkey on sbtest2  (cost=0.43..8.45 rows=1 width=559)
	        Index Cond: (id = 1189672)

table 3 : explain UPDATE sbtest3 SET c='foobar' WHERE id=120128
	Update on sbtest3  (cost=0.43..8.45 rows=1 width=559)
	  ->  Index Scan using sbtest3_pkey on sbtest3  (cost=0.43..8.45 rows=1 width=559)
	        Index Cond: (id = 120128)

table 4 : explain UPDATE sbtest4 SET c='foobar' WHERE id=5045133
	Update on sbtest4  (cost=0.43..8.45 rows=1 width=559)
	  ->  Index Scan using sbtest4_pkey on sbtest4  (cost=0.43..8.45 rows=1 width=559)
	        Index Cond: (id = 5045133)

table 5 : explain UPDATE sbtest5 SET c='foobar' WHERE id=1020507
	Update on sbtest5  (cost=0.43..8.45 rows=1 width=559)
	  ->  Index Scan using sbtest5_pkey on sbtest5  (cost=0.43..8.45 rows=1 width=559)
	        Index Cond: (id = 1020507)

table 6 : explain UPDATE sbtest6 SET c='foobar' WHERE id=2497056
	Update on sbtest6  (cost=0.43..8.45 rows=1 width=559)
	  ->  Index Scan using sbtest6_pkey on sbtest6  (cost=0.43..8.45 rows=1 width=559)
	        Index Cond: (id = 2497056)

table 7 : explain UPDATE sbtest7 SET c='foobar' WHERE id=1709264
	Update on sbtest7  (cost=0.43..8.45 rows=1 width=559)
	  ->  Index Scan using sbtest7_pkey on sbtest7  (cost=0.43..8.45 rows=1 width=559)
	        Index Cond: (id = 1709264)

table 8 : explain UPDATE sbtest8 SET c='foobar' WHERE id=2113796
	Update on sbtest8  (cost=0.43..8.45 rows=1 width=559)
	  ->  Index Scan using sbtest8_pkey on sbtest8  (cost=0.43..8.45 rows=1 width=559)
	        Index Cond: (id = 2113796)

explain: for non_index_updates :: explain UPDATE sbtest%u SET c='foobar' WHERE id=%u
for: simple_ranges
table 1 : explain SELECT c FROM sbtest1 WHERE id BETWEEN 579206 AND 579305
	Index Scan using sbtest1_pkey on sbtest1  (cost=0.43..409.71 rows=107 width=121)
	  Index Cond: ((id >= 579206) AND (id <= 579305))

table 2 : explain SELECT c FROM sbtest2 WHERE id BETWEEN 5826221 AND 5826320
	Index Scan using sbtest2_pkey on sbtest2  (cost=0.43..395.90 rows=103 width=121)
	  Index Cond: ((id >= 5826221) AND (id <= 5826320))

table 3 : explain SELECT c FROM sbtest3 WHERE id BETWEEN 493172 AND 493271
	Index Scan using sbtest3_pkey on sbtest3  (cost=0.43..360.40 rows=94 width=121)
	  Index Cond: ((id >= 493172) AND (id <= 493271))

table 4 : explain SELECT c FROM sbtest4 WHERE id BETWEEN 6156397 AND 6156496
	Index Scan using sbtest4_pkey on sbtest4  (cost=0.43..380.45 rows=100 width=121)
	  Index Cond: ((id >= 6156397) AND (id <= 6156496))

table 5 : explain SELECT c FROM sbtest5 WHERE id BETWEEN 1640953 AND 1641052
	Index Scan using sbtest5_pkey on sbtest5  (cost=0.43..365.72 rows=96 width=121)
	  Index Cond: ((id >= 1640953) AND (id <= 1641052))

table 6 : explain SELECT c FROM sbtest6 WHERE id BETWEEN 6138637 AND 6138736
	Index Scan using sbtest6_pkey on sbtest6  (cost=0.43..377.42 rows=99 width=121)
	  Index Cond: ((id >= 6138637) AND (id <= 6138736))

table 7 : explain SELECT c FROM sbtest7 WHERE id BETWEEN 6708185 AND 6708284
	Index Scan using sbtest7_pkey on sbtest7  (cost=0.43..356.03 rows=93 width=121)
	  Index Cond: ((id >= 6708185) AND (id <= 6708284))

table 8 : explain SELECT c FROM sbtest8 WHERE id BETWEEN 5304397 AND 5304496
	Index Scan using sbtest8_pkey on sbtest8  (cost=0.43..378.12 rows=99 width=121)
	  Index Cond: ((id >= 5304397) AND (id <= 5304496))

explain: for deletes :: explain DELETE FROM sbtest%u WHERE id=%u
explain: for deletes :: explain DELETE FROM sbtest%u WHERE id=%u
for: simple_ranges
table 1 : explain SELECT c FROM sbtest1 WHERE id BETWEEN 4240305 AND 4240404
	Index Scan using sbtest1_pkey on sbtest1  (cost=0.43..383.22 rows=100 width=121)
	  Index Cond: ((id >= 4240305) AND (id <= 4240404))

table 2 : explain SELECT c FROM sbtest2 WHERE id BETWEEN 5084260 AND 5084359
	Index Scan using sbtest2_pkey on sbtest2  (cost=0.43..411.09 rows=107 width=121)
	  Index Cond: ((id >= 5084260) AND (id <= 5084359))

table 3 : explain SELECT c FROM sbtest3 WHERE id BETWEEN 5507635 AND 5507734
	Index Scan using sbtest3_pkey on sbtest3  (cost=0.43..383.09 rows=100 width=121)
	  Index Cond: ((id >= 5507635) AND (id <= 5507734))

table 4 : explain SELECT c FROM sbtest4 WHERE id BETWEEN 794931 AND 795030
	Index Scan using sbtest4_pkey on sbtest4  (cost=0.43..384.20 rows=101 width=121)
	  Index Cond: ((id >= 794931) AND (id <= 795030))

table 5 : explain SELECT c FROM sbtest5 WHERE id BETWEEN 7997006 AND 7997105
	Index Scan using sbtest5_pkey on sbtest5  (cost=0.43..395.79 rows=104 width=121)
	  Index Cond: ((id >= 7997006) AND (id <= 7997105))

table 6 : explain SELECT c FROM sbtest6 WHERE id BETWEEN 156192 AND 156291
	Index Scan using sbtest6_pkey on sbtest6  (cost=0.43..392.47 rows=103 width=121)
	  Index Cond: ((id >= 156192) AND (id <= 156291))

table 7 : explain SELECT c FROM sbtest7 WHERE id BETWEEN 4826125 AND 4826224
	Index Scan using sbtest7_pkey on sbtest7  (cost=0.43..348.48 rows=91 width=121)
	  Index Cond: ((id >= 4826125) AND (id <= 4826224))

table 8 : explain SELECT c FROM sbtest8 WHERE id BETWEEN 5347003 AND 5347102
	Index Scan using sbtest8_pkey on sbtest8  (cost=0.43..385.66 rows=101 width=121)
	  Index Cond: ((id >= 5347003) AND (id <= 5347102))

explain: for index_updates :: explain UPDATE sbtest%u SET k=k+1 WHERE id=%u
for: distinct_ranges
table 1 : explain SELECT DISTINCT c FROM sbtest1 WHERE id BETWEEN 1423982 AND 1424081 ORDER BY c
	Unique  (cost=363.54..364.01 rows=94 width=121)
	  ->  Sort  (cost=363.54..363.77 rows=94 width=121)
	        Sort Key: c
	        ->  Index Scan using sbtest1_pkey on sbtest1  (cost=0.43..360.46 rows=94 width=121)
	              Index Cond: ((id >= 1423982) AND (id <= 1424081))

table 2 : explain SELECT DISTINCT c FROM sbtest2 WHERE id BETWEEN 8104433 AND 8104532 ORDER BY c
	Unique  (cost=376.32..376.80 rows=97 width=121)
	  ->  Sort  (cost=376.32..376.56 rows=97 width=121)
	        Sort Key: c
	        ->  Index Scan using sbtest2_pkey on sbtest2  (cost=0.43..373.12 rows=97 width=121)
	              Index Cond: ((id >= 8104433) AND (id <= 8104532))

table 3 : explain SELECT DISTINCT c FROM sbtest3 WHERE id BETWEEN 2226879 AND 2226978 ORDER BY c
	Unique  (cost=424.65..425.20 rows=110 width=121)
	  ->  Sort  (cost=424.65..424.92 rows=110 width=121)
	        Sort Key: c
	        ->  Index Scan using sbtest3_pkey on sbtest3  (cost=0.43..420.92 rows=110 width=121)
	              Index Cond: ((id >= 2226879) AND (id <= 2226978))

table 4 : explain SELECT DISTINCT c FROM sbtest4 WHERE id BETWEEN 1104500 AND 1104599 ORDER BY c
	Unique  (cost=398.95..399.47 rows=104 width=121)
	  ->  Sort  (cost=398.95..399.21 rows=104 width=121)
	        Sort Key: c
	        ->  Index Scan using sbtest4_pkey on sbtest4  (cost=0.43..395.47 rows=104 width=121)
	              Index Cond: ((id >= 1104500) AND (id <= 1104599))

table 5 : explain SELECT DISTINCT c FROM sbtest5 WHERE id BETWEEN 1571420 AND 1571519 ORDER BY c
	Unique  (cost=342.23..342.67 rows=89 width=121)
	  ->  Sort  (cost=342.23..342.45 rows=89 width=121)
	        Sort Key: c
	        ->  Index Scan using sbtest5_pkey on sbtest5  (cost=0.43..339.34 rows=89 width=121)
	              Index Cond: ((id >= 1571420) AND (id <= 1571519))

table 6 : explain SELECT DISTINCT c FROM sbtest6 WHERE id BETWEEN 6816285 AND 6816384 ORDER BY c
	Unique  (cost=399.72..400.24 rows=104 width=121)
	  ->  Sort  (cost=399.72..399.98 rows=104 width=121)
	        Sort Key: c
	        ->  Index Scan using sbtest6_pkey on sbtest6  (cost=0.43..396.23 rows=104 width=121)
	              Index Cond: ((id >= 6816285) AND (id <= 6816384))

table 7 : explain SELECT DISTINCT c FROM sbtest7 WHERE id BETWEEN 4006987 AND 4007086 ORDER BY c
	Unique  (cost=359.07..359.53 rows=93 width=121)
	  ->  Sort  (cost=359.07..359.30 rows=93 width=121)
	        Sort Key: c
	        ->  Index Scan using sbtest7_pkey on sbtest7  (cost=0.43..356.03 rows=93 width=121)
	              Index Cond: ((id >= 4006987) AND (id <= 4007086))

table 8 : explain SELECT DISTINCT c FROM sbtest8 WHERE id BETWEEN 9326502 AND 9326601 ORDER BY c
	Unique  (cost=381.41..381.90 rows=99 width=121)
	  ->  Sort  (cost=381.41..381.65 rows=99 width=121)
	        Sort Key: c
	        ->  Index Scan using sbtest8_pkey on sbtest8  (cost=0.43..378.12 rows=99 width=121)
	              Index Cond: ((id >= 9326502) AND (id <= 9326601))

for deletes
table 1 : explain DELETE FROM sbtest1 WHERE id=3875632
	Delete on sbtest1  (cost=0.43..8.45 rows=1 width=6)
	  ->  Index Scan using sbtest1_pkey on sbtest1  (cost=0.43..8.45 rows=1 width=6)
	        Index Cond: (id = 3875632)

table 2 : explain DELETE FROM sbtest2 WHERE id=1780176
	Delete on sbtest2  (cost=0.43..8.45 rows=1 width=6)
	  ->  Index Scan using sbtest2_pkey on sbtest2  (cost=0.43..8.45 rows=1 width=6)
	        Index Cond: (id = 1780176)

table 3 : explain DELETE FROM sbtest3 WHERE id=755855
	Delete on sbtest3  (cost=0.43..8.45 rows=1 width=6)
	  ->  Index Scan using sbtest3_pkey on sbtest3  (cost=0.43..8.45 rows=1 width=6)
	        Index Cond: (id = 755855)

table 4 : explain DELETE FROM sbtest4 WHERE id=5790680
	Delete on sbtest4  (cost=0.43..8.45 rows=1 width=6)
	  ->  Index Scan using sbtest4_pkey on sbtest4  (cost=0.43..8.45 rows=1 width=6)
	        Index Cond: (id = 5790680)

table 5 : explain DELETE FROM sbtest5 WHERE id=6801934
	Delete on sbtest5  (cost=0.43..8.45 rows=1 width=6)
	  ->  Index Scan using sbtest5_pkey on sbtest5  (cost=0.43..8.45 rows=1 width=6)
	        Index Cond: (id = 6801934)

table 6 : explain DELETE FROM sbtest6 WHERE id=756347
	Delete on sbtest6  (cost=0.43..8.45 rows=1 width=6)
	  ->  Index Scan using sbtest6_pkey on sbtest6  (cost=0.43..8.45 rows=1 width=6)
	        Index Cond: (id = 756347)

table 7 : explain DELETE FROM sbtest7 WHERE id=5096423
	Delete on sbtest7  (cost=0.43..8.45 rows=1 width=6)
	  ->  Index Scan using sbtest7_pkey on sbtest7  (cost=0.43..8.45 rows=1 width=6)
	        Index Cond: (id = 5096423)

table 8 : explain DELETE FROM sbtest8 WHERE id=1615411
	Delete on sbtest8  (cost=0.43..8.45 rows=1 width=6)
	  ->  Index Scan using sbtest8_pkey on sbtest8  (cost=0.43..8.45 rows=1 width=6)
	        Index Cond: (id = 1615411)

for deletes
table 1 : explain DELETE FROM sbtest1 WHERE id=4099117
	Delete on sbtest1  (cost=0.43..8.45 rows=1 width=6)
	  ->  Index Scan using sbtest1_pkey on sbtest1  (cost=0.43..8.45 rows=1 width=6)
	        Index Cond: (id = 4099117)

table 2 : explain DELETE FROM sbtest2 WHERE id=5503943
	Delete on sbtest2  (cost=0.43..8.45 rows=1 width=6)
	  ->  Index Scan using sbtest2_pkey on sbtest2  (cost=0.43..8.45 rows=1 width=6)
	        Index Cond: (id = 5503943)

table 3 : explain DELETE FROM sbtest3 WHERE id=7847099
	Delete on sbtest3  (cost=0.43..8.45 rows=1 width=6)
	  ->  Index Scan using sbtest3_pkey on sbtest3  (cost=0.43..8.45 rows=1 width=6)
	        Index Cond: (id = 7847099)

table 4 : explain DELETE FROM sbtest4 WHERE id=2186753
	Delete on sbtest4  (cost=0.43..8.45 rows=1 width=6)
	  ->  Index Scan using sbtest4_pkey on sbtest4  (cost=0.43..8.45 rows=1 width=6)
	        Index Cond: (id = 2186753)

table 5 : explain DELETE FROM sbtest5 WHERE id=1102111
	Delete on sbtest5  (cost=0.43..8.45 rows=1 width=6)
	  ->  Index Scan using sbtest5_pkey on sbtest5  (cost=0.43..8.45 rows=1 width=6)
	        Index Cond: (id = 1102111)

table 6 : explain DELETE FROM sbtest6 WHERE id=6735863
	Delete on sbtest6  (cost=0.43..8.45 rows=1 width=6)
	  ->  Index Scan using sbtest6_pkey on sbtest6  (cost=0.43..8.45 rows=1 width=6)
	        Index Cond: (id = 6735863)

table 7 : explain DELETE FROM sbtest7 WHERE id=3596042
	Delete on sbtest7  (cost=0.43..8.45 rows=1 width=6)
	  ->  Index Scan using sbtest7_pkey on sbtest7  (cost=0.43..8.45 rows=1 width=6)
	        Index Cond: (id = 3596042)

table 8 : explain DELETE FROM sbtest8 WHERE id=7423341
	Delete on sbtest8  (cost=0.43..8.45 rows=1 width=6)
	  ->  Index Scan using sbtest8_pkey on sbtest8  (cost=0.43..8.45 rows=1 width=6)
	        Index Cond: (id = 7423341)

for deletes
table 1 : explain DELETE FROM sbtest1 WHERE id=1174738
	Delete on sbtest1  (cost=0.43..8.45 rows=1 width=6)
	  ->  Index Scan using sbtest1_pkey on sbtest1  (cost=0.43..8.45 rows=1 width=6)
	        Index Cond: (id = 1174738)

table 2 : explain DELETE FROM sbtest2 WHERE id=6751166
	Delete on sbtest2  (cost=0.43..8.45 rows=1 width=6)
	  ->  Index Scan using sbtest2_pkey on sbtest2  (cost=0.43..8.45 rows=1 width=6)
	        Index Cond: (id = 6751166)

table 3 : explain DELETE FROM sbtest3 WHERE id=326362
	Delete on sbtest3  (cost=0.43..8.45 rows=1 width=6)
	  ->  Index Scan using sbtest3_pkey on sbtest3  (cost=0.43..8.45 rows=1 width=6)
	        Index Cond: (id = 326362)

table 4 : explain DELETE FROM sbtest4 WHERE id=3307877
	Delete on sbtest4  (cost=0.43..8.45 rows=1 width=6)
	  ->  Index Scan using sbtest4_pkey on sbtest4  (cost=0.43..8.45 rows=1 width=6)
	        Index Cond: (id = 3307877)

table 5 : explain DELETE FROM sbtest5 WHERE id=3420419
	Delete on sbtest5  (cost=0.43..8.45 rows=1 width=6)
	  ->  Index Scan using sbtest5_pkey on sbtest5  (cost=0.43..8.45 rows=1 width=6)
	        Index Cond: (id = 3420419)

table 6 : explain DELETE FROM sbtest6 WHERE id=9975772
	Delete on sbtest6  (cost=0.43..8.45 rows=1 width=6)
	  ->  Index Scan using sbtest6_pkey on sbtest6  (cost=0.43..8.45 rows=1 width=6)
	        Index Cond: (id = 9975772)

table 7 : explain DELETE FROM sbtest7 WHERE id=5109880
	Delete on sbtest7  (cost=0.43..8.45 rows=1 width=6)
	  ->  Index Scan using sbtest7_pkey on sbtest7  (cost=0.43..8.45 rows=1 width=6)
	        Index Cond: (id = 5109880)

table 8 : explain DELETE FROM sbtest8 WHERE id=8711853
	Delete on sbtest8  (cost=0.43..8.45 rows=1 width=6)
	  ->  Index Scan using sbtest8_pkey on sbtest8  (cost=0.43..8.45 rows=1 width=6)
	        Index Cond: (id = 8711853)

explain: for index_updates :: explain UPDATE sbtest%u SET k=k+1 WHERE id=%u
for: sum_ranges
table 1 : explain SELECT SUM(k) FROM sbtest1 WHERE id BETWEEN 3304464 AND 3304563
	Aggregate  (cost=360.69..360.70 rows=1 width=8)
	  ->  Index Scan using sbtest1_pkey on sbtest1  (cost=0.43..360.46 rows=94 width=4)
	        Index Cond: ((id >= 3304464) AND (id <= 3304563))

table 2 : explain SELECT SUM(k) FROM sbtest2 WHERE id BETWEEN 7946447 AND 7946546
	Aggregate  (cost=388.56..388.57 rows=1 width=8)
	  ->  Index Scan using sbtest2_pkey on sbtest2  (cost=0.43..388.31 rows=101 width=4)
	        Index Cond: ((id >= 7946447) AND (id <= 7946546))

table 3 : explain SELECT SUM(k) FROM sbtest3 WHERE id BETWEEN 2687504 AND 2687603
	Aggregate  (cost=371.99..372.00 rows=1 width=8)
	  ->  Index Scan using sbtest3_pkey on sbtest3  (cost=0.43..371.74 rows=97 width=4)
	        Index Cond: ((id >= 2687504) AND (id <= 2687603))

table 4 : explain SELECT SUM(k) FROM sbtest4 WHERE id BETWEEN 1697492 AND 1697591
	Aggregate  (cost=350.63..350.64 rows=1 width=8)
	  ->  Index Scan using sbtest4_pkey on sbtest4  (cost=0.43..350.40 rows=92 width=4)
	        Index Cond: ((id >= 1697492) AND (id <= 1697591))

table 5 : explain SELECT SUM(k) FROM sbtest5 WHERE id BETWEEN 6434177 AND 6434276
	Aggregate  (cost=407.33..407.34 rows=1 width=8)
	  ->  Index Scan using sbtest5_pkey on sbtest5  (cost=0.43..407.07 rows=107 width=4)
	        Index Cond: ((id >= 6434177) AND (id <= 6434276))

table 6 : explain SELECT SUM(k) FROM sbtest6 WHERE id BETWEEN 3636470 AND 3636569
	Aggregate  (cost=343.78..343.79 rows=1 width=8)
	  ->  Index Scan using sbtest6_pkey on sbtest6  (cost=0.43..343.55 rows=90 width=4)
	        Index Cond: ((id >= 3636470) AND (id <= 3636569))

table 7 : explain SELECT SUM(k) FROM sbtest7 WHERE id BETWEEN 6980646 AND 6980745
	Aggregate  (cost=367.60..367.61 rows=1 width=8)
	  ->  Index Scan using sbtest7_pkey on sbtest7  (cost=0.43..367.36 rows=96 width=4)
	        Index Cond: ((id >= 6980646) AND (id <= 6980745))

table 8 : explain SELECT SUM(k) FROM sbtest8 WHERE id BETWEEN 9517333 AND 9517432
	Aggregate  (cost=427.42..427.43 rows=1 width=8)
	  ->  Index Scan using sbtest8_pkey on sbtest8  (cost=0.43..427.14 rows=112 width=4)
	        Index Cond: ((id >= 9517333) AND (id <= 9517432))

for: order_ranges
table 1 : explain SELECT c FROM sbtest1 WHERE id BETWEEN 7272174 AND 7272273 ORDER BY c
	Sort  (cost=417.14..417.41 rows=108 width=121)
	  Sort Key: c
	  ->  Index Scan using sbtest1_pkey on sbtest1  (cost=0.43..413.49 rows=108 width=121)
	        Index Cond: ((id >= 7272174) AND (id <= 7272273))

table 2 : explain SELECT c FROM sbtest2 WHERE id BETWEEN 2445104 AND 2445203 ORDER BY c
	Sort  (cost=376.32..376.56 rows=97 width=121)
	  Sort Key: c
	  ->  Index Scan using sbtest2_pkey on sbtest2  (cost=0.43..373.12 rows=97 width=121)
	        Index Cond: ((id >= 2445104) AND (id <= 2445203))

table 3 : explain SELECT c FROM sbtest3 WHERE id BETWEEN 1998869 AND 1998968 ORDER BY c
	Sort  (cost=348.13..348.35 rows=90 width=121)
	  Sort Key: c
	  ->  Index Scan using sbtest3_pkey on sbtest3  (cost=0.43..345.21 rows=90 width=121)
	        Index Cond: ((id >= 1998869) AND (id <= 1998968))

table 4 : explain SELECT c FROM sbtest4 WHERE id BETWEEN 5597980 AND 5598079 ORDER BY c
	Sort  (cost=414.14..414.41 rows=108 width=121)
	  Sort Key: c
	  ->  Index Scan using sbtest4_pkey on sbtest4  (cost=0.43..410.49 rows=108 width=121)
	        Index Cond: ((id >= 5597980) AND (id <= 5598079))

table 5 : explain SELECT c FROM sbtest5 WHERE id BETWEEN 6157517 AND 6157616 ORDER BY c
	Sort  (cost=406.87..407.14 rows=106 width=121)
	  Sort Key: c
	  ->  Index Scan using sbtest5_pkey on sbtest5  (cost=0.43..403.31 rows=106 width=121)
	        Index Cond: ((id >= 6157517) AND (id <= 6157616))

table 6 : explain SELECT c FROM sbtest6 WHERE id BETWEEN 7316495 AND 7316594 ORDER BY c
	Sort  (cost=365.49..365.72 rows=95 width=121)
	  Sort Key: c
	  ->  Index Scan using sbtest6_pkey on sbtest6  (cost=0.43..362.37 rows=95 width=121)
	        Index Cond: ((id >= 7316495) AND (id <= 7316594))

table 7 : explain SELECT c FROM sbtest7 WHERE id BETWEEN 5925114 AND 5925213 ORDER BY c
	Sort  (cost=416.32..416.59 rows=108 width=121)
	  Sort Key: c
	  ->  Index Scan using sbtest7_pkey on sbtest7  (cost=0.43..412.67 rows=108 width=121)
	        Index Cond: ((id >= 5925114) AND (id <= 5925213))

table 8 : explain SELECT c FROM sbtest8 WHERE id BETWEEN 5856816 AND 5856915 ORDER BY c
	Sort  (cost=389.03..389.28 rows=101 width=121)
	  Sort Key: c
	  ->  Index Scan using sbtest8_pkey on sbtest8  (cost=0.43..385.66 rows=101 width=121)
	        Index Cond: ((id >= 5856816) AND (id <= 5856915))

explain: for inserts :: explain INSERT INTO sbtest%u (id, k, c, pad) VALUES (%u, 13, 'foobar', 'foobar')
for: distinct_ranges
table 1 : explain SELECT DISTINCT c FROM sbtest1 WHERE id BETWEEN 7366688 AND 7366787 ORDER BY c
	Unique  (cost=363.54..364.01 rows=94 width=121)
	  ->  Sort  (cost=363.54..363.77 rows=94 width=121)
	        Sort Key: c
	        ->  Index Scan using sbtest1_pkey on sbtest1  (cost=0.43..360.46 rows=94 width=121)
	              Index Cond: ((id >= 7366688) AND (id <= 7366787))

table 2 : explain SELECT DISTINCT c FROM sbtest2 WHERE id BETWEEN 8192448 AND 8192547 ORDER BY c
	Unique  (cost=360.97..361.44 rows=93 width=121)
	  ->  Sort  (cost=360.97..361.20 rows=93 width=121)
	        Sort Key: c
	        ->  Index Scan using sbtest2_pkey on sbtest2  (cost=0.43..357.93 rows=93 width=121)
	              Index Cond: ((id >= 8192448) AND (id <= 8192547))

table 3 : explain SELECT DISTINCT c FROM sbtest3 WHERE id BETWEEN 6089219 AND 6089318 ORDER BY c
	Unique  (cost=409.35..409.88 rows=106 width=121)
	  ->  Sort  (cost=409.35..409.62 rows=106 width=121)
	        Sort Key: c
	        ->  Index Scan using sbtest3_pkey on sbtest3  (cost=0.43..405.79 rows=106 width=121)
	              Index Cond: ((id >= 6089219) AND (id <= 6089318))

table 4 : explain SELECT DISTINCT c FROM sbtest4 WHERE id BETWEEN 8020228 AND 8020327 ORDER BY c
	Unique  (cost=406.55..407.08 rows=106 width=121)
	  ->  Sort  (cost=406.55..406.81 rows=106 width=121)
	        Sort Key: c
	        ->  Index Scan using sbtest4_pkey on sbtest4  (cost=0.43..402.98 rows=106 width=121)
	              Index Cond: ((id >= 8020228) AND (id <= 8020327))

table 5 : explain SELECT DISTINCT c FROM sbtest5 WHERE id BETWEEN 1684946 AND 1685045 ORDER BY c
	Unique  (cost=368.88..369.36 rows=96 width=121)
	  ->  Sort  (cost=368.88..369.12 rows=96 width=121)
	        Sort Key: c
	        ->  Index Scan using sbtest5_pkey on sbtest5  (cost=0.43..365.72 rows=96 width=121)
	              Index Cond: ((id >= 1684946) AND (id <= 1685045))

table 6 : explain SELECT DISTINCT c FROM sbtest6 WHERE id BETWEEN 6094185 AND 6094284 ORDER BY c
	Unique  (cost=380.70..381.19 rows=99 width=121)
	  ->  Sort  (cost=380.70..380.95 rows=99 width=121)
	        Sort Key: c
	        ->  Index Scan using sbtest6_pkey on sbtest6  (cost=0.43..377.42 rows=99 width=121)
	              Index Cond: ((id >= 6094185) AND (id <= 6094284))

table 7 : explain SELECT DISTINCT c FROM sbtest7 WHERE id BETWEEN 2742108 AND 2742207 ORDER BY c
	Unique  (cost=385.78..386.28 rows=100 width=121)
	  ->  Sort  (cost=385.78..386.03 rows=100 width=121)
	        Sort Key: c
	        ->  Index Scan using sbtest7_pkey on sbtest7  (cost=0.43..382.46 rows=100 width=121)
	              Index Cond: ((id >= 2742108) AND (id <= 2742207))

table 8 : explain SELECT DISTINCT c FROM sbtest8 WHERE id BETWEEN 9466043 AND 9466142 ORDER BY c
	Unique  (cost=404.27..404.80 rows=105 width=121)
	  ->  Sort  (cost=404.27..404.53 rows=105 width=121)
	        Sort Key: c
	        ->  Index Scan using sbtest8_pkey on sbtest8  (cost=0.43..400.75 rows=105 width=121)
	              Index Cond: ((id >= 9466043) AND (id <= 9466142))

explain: for inserts :: explain INSERT INTO sbtest%u (id, k, c, pad) VALUES (%u, 13, 'foobar', 'foobar')
for: order_ranges
table 1 : explain SELECT c FROM sbtest1 WHERE id BETWEEN 9583609 AND 9583708 ORDER BY c
	Sort  (cost=428.61..428.89 rows=111 width=121)
	  Sort Key: c
	  ->  Index Scan using sbtest1_pkey on sbtest1  (cost=0.43..424.84 rows=111 width=121)
	        Index Cond: ((id >= 9583609) AND (id <= 9583708))

table 2 : explain SELECT c FROM sbtest2 WHERE id BETWEEN 8103000 AND 8103099 ORDER BY c
	Sort  (cost=376.32..376.56 rows=97 width=121)
	  Sort Key: c
	  ->  Index Scan using sbtest2_pkey on sbtest2  (cost=0.43..373.12 rows=97 width=121)
	        Index Cond: ((id >= 8103000) AND (id <= 8103099))

table 3 : explain SELECT c FROM sbtest3 WHERE id BETWEEN 848197 AND 848296 ORDER BY c
	Sort  (cost=359.60..359.83 rows=93 width=121)
	  Sort Key: c
	  ->  Index Scan using sbtest3_pkey on sbtest3  (cost=0.43..356.56 rows=93 width=121)
	        Index Cond: ((id >= 848197) AND (id <= 848296))

table 4 : explain SELECT c FROM sbtest4 WHERE id BETWEEN 194336 AND 194435 ORDER BY c
	Sort  (cost=364.79..365.03 rows=95 width=121)
	  Sort Key: c
	  ->  Index Scan using sbtest4_pkey on sbtest4  (cost=0.43..361.67 rows=95 width=121)
	        Index Cond: ((id >= 194336) AND (id <= 194435))

table 5 : explain SELECT c FROM sbtest5 WHERE id BETWEEN 6523346 AND 6523445 ORDER BY c
	Sort  (cost=368.88..369.12 rows=96 width=121)
	  Sort Key: c
	  ->  Index Scan using sbtest5_pkey on sbtest5  (cost=0.43..365.72 rows=96 width=121)
	        Index Cond: ((id >= 6523346) AND (id <= 6523445))

table 6 : explain SELECT c FROM sbtest6 WHERE id BETWEEN 6094807 AND 6094906 ORDER BY c
	Sort  (cost=380.70..380.95 rows=99 width=121)
	  Sort Key: c
	  ->  Index Scan using sbtest6_pkey on sbtest6  (cost=0.43..377.42 rows=99 width=121)
	        Index Cond: ((id >= 6094807) AND (id <= 6094906))

table 7 : explain SELECT c FROM sbtest7 WHERE id BETWEEN 9790982 AND 9791081 ORDER BY c
	Sort  (cost=393.42..393.67 rows=102 width=121)
	  Sort Key: c
	  ->  Index Scan using sbtest7_pkey on sbtest7  (cost=0.43..390.01 rows=102 width=121)
	        Index Cond: ((id >= 9790982) AND (id <= 9791081))

table 8 : explain SELECT c FROM sbtest8 WHERE id BETWEEN 77049 AND 77148 ORDER BY c
	Sort  (cost=381.41..381.65 rows=99 width=121)
	  Sort Key: c
	  ->  Index Scan using sbtest8_pkey on sbtest8  (cost=0.43..378.12 rows=99 width=121)
	        Index Cond: ((id >= 77049) AND (id <= 77148))

for index_updates
table 1 : explain UPDATE sbtest1 SET k=k+1 WHERE id=9159474
	Update on sbtest1  (cost=0.43..8.46 rows=1 width=196)
	  ->  Index Scan using sbtest1_pkey on sbtest1  (cost=0.43..8.46 rows=1 width=196)
	        Index Cond: (id = 9159474)

table 2 : explain UPDATE sbtest2 SET k=k+1 WHERE id=5361120
	Update on sbtest2  (cost=0.43..8.46 rows=1 width=196)
	  ->  Index Scan using sbtest2_pkey on sbtest2  (cost=0.43..8.46 rows=1 width=196)
	        Index Cond: (id = 5361120)

table 3 : explain UPDATE sbtest3 SET k=k+1 WHERE id=6952567
	Update on sbtest3  (cost=0.43..8.46 rows=1 width=196)
	  ->  Index Scan using sbtest3_pkey on sbtest3  (cost=0.43..8.46 rows=1 width=196)
	        Index Cond: (id = 6952567)

table 4 : explain UPDATE sbtest4 SET k=k+1 WHERE id=6795835
	Update on sbtest4  (cost=0.43..8.46 rows=1 width=196)
	  ->  Index Scan using sbtest4_pkey on sbtest4  (cost=0.43..8.46 rows=1 width=196)
	        Index Cond: (id = 6795835)

table 5 : explain UPDATE sbtest5 SET k=k+1 WHERE id=8639815
	Update on sbtest5  (cost=0.43..8.46 rows=1 width=196)
	  ->  Index Scan using sbtest5_pkey on sbtest5  (cost=0.43..8.46 rows=1 width=196)
	        Index Cond: (id = 8639815)

table 6 : explain UPDATE sbtest6 SET k=k+1 WHERE id=1007221
	Update on sbtest6  (cost=0.43..8.46 rows=1 width=196)
	  ->  Index Scan using sbtest6_pkey on sbtest6  (cost=0.43..8.46 rows=1 width=196)
	        Index Cond: (id = 1007221)

table 7 : explain UPDATE sbtest7 SET k=k+1 WHERE id=6061686
	Update on sbtest7  (cost=0.43..8.46 rows=1 width=196)
	  ->  Index Scan using sbtest7_pkey on sbtest7  (cost=0.43..8.46 rows=1 width=196)
	        Index Cond: (id = 6061686)

table 8 : explain UPDATE sbtest8 SET k=k+1 WHERE id=1979097
	Update on sbtest8  (cost=0.43..8.46 rows=1 width=196)
	  ->  Index Scan using sbtest8_pkey on sbtest8  (cost=0.43..8.46 rows=1 width=196)
	        Index Cond: (id = 1979097)

explain: for inserts :: explain INSERT INTO sbtest%u (id, k, c, pad) VALUES (%u, 13, 'foobar', 'foobar')
explain: for point_selects :: explain SELECT c FROM sbtest%u WHERE id=%u
for: sum_ranges
table 1 : explain SELECT SUM(k) FROM sbtest1 WHERE id BETWEEN 4685520 AND 4685619
	Aggregate  (cost=387.26..387.27 rows=1 width=8)
	  ->  Index Scan using sbtest1_pkey on sbtest1  (cost=0.43..387.00 rows=101 width=4)
	        Index Cond: ((id >= 4685520) AND (id <= 4685619))

table 2 : explain SELECT SUM(k) FROM sbtest2 WHERE id BETWEEN 7197723 AND 7197822
	Aggregate  (cost=426.55..426.56 rows=1 width=8)
	  ->  Index Scan using sbtest2_pkey on sbtest2  (cost=0.43..426.27 rows=111 width=4)
	        Index Cond: ((id >= 7197723) AND (id <= 7197822))

table 3 : explain SELECT SUM(k) FROM sbtest3 WHERE id BETWEEN 4334878 AND 4334977
	Aggregate  (cost=440.11..440.12 rows=1 width=8)
	  ->  Index Scan using sbtest3_pkey on sbtest3  (cost=0.43..439.83 rows=115 width=4)
	        Index Cond: ((id >= 4334878) AND (id <= 4334977))

table 4 : explain SELECT SUM(k) FROM sbtest4 WHERE id BETWEEN 1678777 AND 1678876
	Aggregate  (cost=350.63..350.64 rows=1 width=8)
	  ->  Index Scan using sbtest4_pkey on sbtest4  (cost=0.43..350.40 rows=92 width=4)
	        Index Cond: ((id >= 1678777) AND (id <= 1678876))

table 5 : explain SELECT SUM(k) FROM sbtest5 WHERE id BETWEEN 1893006 AND 1893105
	Aggregate  (cost=358.44..358.45 rows=1 width=8)
	  ->  Index Scan using sbtest5_pkey on sbtest5  (cost=0.43..358.20 rows=94 width=4)
	        Index Cond: ((id >= 1893006) AND (id <= 1893105))

table 6 : explain SELECT SUM(k) FROM sbtest6 WHERE id BETWEEN 3866028 AND 3866127
	Aggregate  (cost=388.96..388.97 rows=1 width=8)
	  ->  Index Scan using sbtest6_pkey on sbtest6  (cost=0.43..388.71 rows=102 width=4)
	        Index Cond: ((id >= 3866028) AND (id <= 3866127))

table 7 : explain SELECT SUM(k) FROM sbtest7 WHERE id BETWEEN 2084049 AND 2084148
	Aggregate  (cost=390.27..390.28 rows=1 width=8)
	  ->  Index Scan using sbtest7_pkey on sbtest7  (cost=0.43..390.01 rows=102 width=4)
	        Index Cond: ((id >= 2084049) AND (id <= 2084148))

table 8 : explain SELECT SUM(k) FROM sbtest8 WHERE id BETWEEN 2051023 AND 2051122
	Aggregate  (cost=457.66..457.67 rows=1 width=8)
	  ->  Index Scan using sbtest8_pkey on sbtest8  (cost=0.43..457.36 rows=120 width=4)
	        Index Cond: ((id >= 2051023) AND (id <= 2051122))

explain: for point_selects :: explain SELECT c FROM sbtest%u WHERE id=%u
explain: for point_selects :: explain SELECT c FROM sbtest%u WHERE id=%u
for inserts
table 1 : explain INSERT INTO sbtest1 (id, k, c, pad) VALUES (4946909, 13, 'foobar', 'foobar')
	Insert on sbtest1  (cost=0.00..0.01 rows=1 width=736)
	  ->  Result  (cost=0.00..0.01 rows=1 width=736)

table 2 : explain INSERT INTO sbtest2 (id, k, c, pad) VALUES (5814322, 13, 'foobar', 'foobar')
	Insert on sbtest2  (cost=0.00..0.01 rows=1 width=736)
	  ->  Result  (cost=0.00..0.01 rows=1 width=736)

table 3 : explain INSERT INTO sbtest3 (id, k, c, pad) VALUES (2614771, 13, 'foobar', 'foobar')
	Insert on sbtest3  (cost=0.00..0.01 rows=1 width=736)
	  ->  Result  (cost=0.00..0.01 rows=1 width=736)

table 4 : explain INSERT INTO sbtest4 (id, k, c, pad) VALUES (4107055, 13, 'foobar', 'foobar')
	Insert on sbtest4  (cost=0.00..0.01 rows=1 width=736)
	  ->  Result  (cost=0.00..0.01 rows=1 width=736)

table 5 : explain INSERT INTO sbtest5 (id, k, c, pad) VALUES (7579336, 13, 'foobar', 'foobar')
	Insert on sbtest5  (cost=0.00..0.01 rows=1 width=736)
	  ->  Result  (cost=0.00..0.01 rows=1 width=736)

table 6 : explain INSERT INTO sbtest6 (id, k, c, pad) VALUES (6353138, 13, 'foobar', 'foobar')
	Insert on sbtest6  (cost=0.00..0.01 rows=1 width=736)
	  ->  Result  (cost=0.00..0.01 rows=1 width=736)

table 7 : explain INSERT INTO sbtest7 (id, k, c, pad) VALUES (9559225, 13, 'foobar', 'foobar')
	Insert on sbtest7  (cost=0.00..0.01 rows=1 width=736)
	  ->  Result  (cost=0.00..0.01 rows=1 width=736)

table 8 : explain INSERT INTO sbtest8 (id, k, c, pad) VALUES (647606, 13, 'foobar', 'foobar')
	Insert on sbtest8  (cost=0.00..0.01 rows=1 width=736)
	  ->  Result  (cost=0.00..0.01 rows=1 width=736)

explain: for point_selects :: explain SELECT c FROM sbtest%u WHERE id=%u
for inserts
table 1 : explain INSERT INTO sbtest1 (id, k, c, pad) VALUES (6131606, 13, 'foobar', 'foobar')
	Insert on sbtest1  (cost=0.00..0.01 rows=1 width=736)
	  ->  Result  (cost=0.00..0.01 rows=1 width=736)

table 2 : explain INSERT INTO sbtest2 (id, k, c, pad) VALUES (7348360, 13, 'foobar', 'foobar')
	Insert on sbtest2  (cost=0.00..0.01 rows=1 width=736)
	  ->  Result  (cost=0.00..0.01 rows=1 width=736)

table 3 : explain INSERT INTO sbtest3 (id, k, c, pad) VALUES (6202835, 13, 'foobar', 'foobar')
	Insert on sbtest3  (cost=0.00..0.01 rows=1 width=736)
	  ->  Result  (cost=0.00..0.01 rows=1 width=736)

table 4 : explain INSERT INTO sbtest4 (id, k, c, pad) VALUES (7976162, 13, 'foobar', 'foobar')
	Insert on sbtest4  (cost=0.00..0.01 rows=1 width=736)
	  ->  Result  (cost=0.00..0.01 rows=1 width=736)

table 5 : explain INSERT INTO sbtest5 (id, k, c, pad) VALUES (7122914, 13, 'foobar', 'foobar')
	Insert on sbtest5  (cost=0.00..0.01 rows=1 width=736)
	  ->  Result  (cost=0.00..0.01 rows=1 width=736)

table 6 : explain INSERT INTO sbtest6 (id, k, c, pad) VALUES (6155471, 13, 'foobar', 'foobar')
	Insert on sbtest6  (cost=0.00..0.01 rows=1 width=736)
	  ->  Result  (cost=0.00..0.01 rows=1 width=736)

table 7 : explain INSERT INTO sbtest7 (id, k, c, pad) VALUES (389267, 13, 'foobar', 'foobar')
	Insert on sbtest7  (cost=0.00..0.01 rows=1 width=736)
	  ->  Result  (cost=0.00..0.01 rows=1 width=736)

table 8 : explain INSERT INTO sbtest8 (id, k, c, pad) VALUES (3210129, 13, 'foobar', 'foobar')
	Insert on sbtest8  (cost=0.00..0.01 rows=1 width=736)
	  ->  Result  (cost=0.00..0.01 rows=1 width=736)

explain: for non_index_updates :: explain UPDATE sbtest%u SET c='foobar' WHERE id=%u
for index_updates
table 1 : explain UPDATE sbtest1 SET k=k+1 WHERE id=8606414
	Update on sbtest1  (cost=0.43..8.46 rows=1 width=196)
	  ->  Index Scan using sbtest1_pkey on sbtest1  (cost=0.43..8.46 rows=1 width=196)
	        Index Cond: (id = 8606414)

table 2 : explain UPDATE sbtest2 SET k=k+1 WHERE id=2093512
	Update on sbtest2  (cost=0.43..8.46 rows=1 width=196)
	  ->  Index Scan using sbtest2_pkey on sbtest2  (cost=0.43..8.46 rows=1 width=196)
	        Index Cond: (id = 2093512)

table 3 : explain UPDATE sbtest3 SET k=k+1 WHERE id=4719577
	Update on sbtest3  (cost=0.43..8.46 rows=1 width=196)
	  ->  Index Scan using sbtest3_pkey on sbtest3  (cost=0.43..8.46 rows=1 width=196)
	        Index Cond: (id = 4719577)

table 4 : explain UPDATE sbtest4 SET k=k+1 WHERE id=3996936
	Update on sbtest4  (cost=0.43..8.46 rows=1 width=196)
	  ->  Index Scan using sbtest4_pkey on sbtest4  (cost=0.43..8.46 rows=1 width=196)
	        Index Cond: (id = 3996936)

table 5 : explain UPDATE sbtest5 SET k=k+1 WHERE id=3125458
	Update on sbtest5  (cost=0.43..8.46 rows=1 width=196)
	  ->  Index Scan using sbtest5_pkey on sbtest5  (cost=0.43..8.46 rows=1 width=196)
	        Index Cond: (id = 3125458)

table 6 : explain UPDATE sbtest6 SET k=k+1 WHERE id=5085070
	Update on sbtest6  (cost=0.43..8.46 rows=1 width=196)
	  ->  Index Scan using sbtest6_pkey on sbtest6  (cost=0.43..8.46 rows=1 width=196)
	        Index Cond: (id = 5085070)

table 7 : explain UPDATE sbtest7 SET k=k+1 WHERE id=3720909
	Update on sbtest7  (cost=0.43..8.46 rows=1 width=196)
	  ->  Index Scan using sbtest7_pkey on sbtest7  (cost=0.43..8.46 rows=1 width=196)
	        Index Cond: (id = 3720909)

table 8 : explain UPDATE sbtest8 SET k=k+1 WHERE id=2901745
	Update on sbtest8  (cost=0.43..8.46 rows=1 width=196)
	  ->  Index Scan using sbtest8_pkey on sbtest8  (cost=0.43..8.46 rows=1 width=196)
	        Index Cond: (id = 2901745)

explain: for inserts :: explain INSERT INTO sbtest%u (id, k, c, pad) VALUES (%u, 13, 'foobar', 'foobar')
for: sum_ranges
table 1 : explain SELECT SUM(k) FROM sbtest1 WHERE id BETWEEN 925604 AND 925703
	Aggregate  (cost=372.05..372.06 rows=1 width=8)
	  ->  Index Scan using sbtest1_pkey on sbtest1  (cost=0.43..371.81 rows=97 width=4)
	        Index Cond: ((id >= 925604) AND (id <= 925703))

table 2 : explain SELECT SUM(k) FROM sbtest2 WHERE id BETWEEN 4380356 AND 4380455
	Aggregate  (cost=380.96..380.97 rows=1 width=8)
	  ->  Index Scan using sbtest2_pkey on sbtest2  (cost=0.43..380.71 rows=99 width=4)
	        Index Cond: ((id >= 4380356) AND (id <= 4380455))

table 3 : explain SELECT SUM(k) FROM sbtest3 WHERE id BETWEEN 257096 AND 257195
	Aggregate  (cost=424.98..424.99 rows=1 width=8)
	  ->  Index Scan using sbtest3_pkey on sbtest3  (cost=0.43..424.70 rows=111 width=4)
	        Index Cond: ((id >= 257096) AND (id <= 257195))

table 4 : explain SELECT SUM(k) FROM sbtest4 WHERE id BETWEEN 2082779 AND 2082878
	Aggregate  (cost=373.18..373.19 rows=1 width=8)
	  ->  Index Scan using sbtest4_pkey on sbtest4  (cost=0.43..372.94 rows=98 width=4)
	        Index Cond: ((id >= 2082779) AND (id <= 2082878))

table 5 : explain SELECT SUM(k) FROM sbtest5 WHERE id BETWEEN 9811651 AND 9811750
	Aggregate  (cost=399.81..399.82 rows=1 width=8)
	  ->  Index Scan using sbtest5_pkey on sbtest5  (cost=0.43..399.55 rows=105 width=4)
	        Index Cond: ((id >= 9811651) AND (id <= 9811750))

table 6 : explain SELECT SUM(k) FROM sbtest6 WHERE id BETWEEN 2827021 AND 2827120
	Aggregate  (cost=362.60..362.61 rows=1 width=8)
	  ->  Index Scan using sbtest6_pkey on sbtest6  (cost=0.43..362.37 rows=95 width=4)
	        Index Cond: ((id >= 2827021) AND (id <= 2827120))

table 7 : explain SELECT SUM(k) FROM sbtest7 WHERE id BETWEEN 6758217 AND 6758316
	Aggregate  (cost=397.82..397.83 rows=1 width=8)
	  ->  Index Scan using sbtest7_pkey on sbtest7  (cost=0.43..397.56 rows=104 width=4)
	        Index Cond: ((id >= 6758217) AND (id <= 6758316))

table 8 : explain SELECT SUM(k) FROM sbtest8 WHERE id BETWEEN 2945727 AND 2945826
	Aggregate  (cost=404.78..404.79 rows=1 width=8)
	  ->  Index Scan using sbtest8_pkey on sbtest8  (cost=0.43..404.52 rows=106 width=4)
	        Index Cond: ((id >= 2945727) AND (id <= 2945826))

for inserts
table 1 : explain INSERT INTO sbtest1 (id, k, c, pad) VALUES (606223, 13, 'foobar', 'foobar')
	Insert on sbtest1  (cost=0.00..0.01 rows=1 width=736)
	  ->  Result  (cost=0.00..0.01 rows=1 width=736)

table 2 : explain INSERT INTO sbtest2 (id, k, c, pad) VALUES (4057056, 13, 'foobar', 'foobar')
	Insert on sbtest2  (cost=0.00..0.01 rows=1 width=736)
	  ->  Result  (cost=0.00..0.01 rows=1 width=736)

table 3 : explain INSERT INTO sbtest3 (id, k, c, pad) VALUES (1360727, 13, 'foobar', 'foobar')
	Insert on sbtest3  (cost=0.00..0.01 rows=1 width=736)
	  ->  Result  (cost=0.00..0.01 rows=1 width=736)

table 4 : explain INSERT INTO sbtest4 (id, k, c, pad) VALUES (6377646, 13, 'foobar', 'foobar')
	Insert on sbtest4  (cost=0.00..0.01 rows=1 width=736)
	  ->  Result  (cost=0.00..0.01 rows=1 width=736)

table 5 : explain INSERT INTO sbtest5 (id, k, c, pad) VALUES (2170741, 13, 'foobar', 'foobar')
	Insert on sbtest5  (cost=0.00..0.01 rows=1 width=736)
	  ->  Result  (cost=0.00..0.01 rows=1 width=736)

table 6 : explain INSERT INTO sbtest6 (id, k, c, pad) VALUES (2201040, 13, 'foobar', 'foobar')
	Insert on sbtest6  (cost=0.00..0.01 rows=1 width=736)
	  ->  Result  (cost=0.00..0.01 rows=1 width=736)

table 7 : explain INSERT INTO sbtest7 (id, k, c, pad) VALUES (5275813, 13, 'foobar', 'foobar')
	Insert on sbtest7  (cost=0.00..0.01 rows=1 width=736)
	  ->  Result  (cost=0.00..0.01 rows=1 width=736)

table 8 : explain INSERT INTO sbtest8 (id, k, c, pad) VALUES (1840039, 13, 'foobar', 'foobar')
	Insert on sbtest8  (cost=0.00..0.01 rows=1 width=736)
	  ->  Result  (cost=0.00..0.01 rows=1 width=736)

explain: for point_selects :: explain SELECT c FROM sbtest%u WHERE id=%u
for: order_ranges
table 1 : explain SELECT c FROM sbtest1 WHERE id BETWEEN 7114146 AND 7114245 ORDER BY c
	Sort  (cost=344.42..344.64 rows=89 width=121)
	  Sort Key: c
	  ->  Index Scan using sbtest1_pkey on sbtest1  (cost=0.43..341.54 rows=89 width=121)
	        Index Cond: ((id >= 7114146) AND (id <= 7114245))

table 2 : explain SELECT c FROM sbtest2 WHERE id BETWEEN 942068 AND 942167 ORDER BY c
	Sort  (cost=383.99..384.24 rows=99 width=121)
	  Sort Key: c
	  ->  Index Scan using sbtest2_pkey on sbtest2  (cost=0.43..380.71 rows=99 width=121)
	        Index Cond: ((id >= 942068) AND (id <= 942167))

table 3 : explain SELECT c FROM sbtest3 WHERE id BETWEEN 6347996 AND 6348095 ORDER BY c
	Sort  (cost=332.84..333.06 rows=86 width=121)
	  Sort Key: c
	  ->  Index Scan using sbtest3_pkey on sbtest3  (cost=0.43..330.08 rows=86 width=121)
	        Index Cond: ((id >= 6347996) AND (id <= 6348095))

table 4 : explain SELECT c FROM sbtest4 WHERE id BETWEEN 6756124 AND 6756223 ORDER BY c
	Sort  (cost=395.16..395.42 rows=103 width=121)
	  Sort Key: c
	  ->  Index Scan using sbtest4_pkey on sbtest4  (cost=0.43..391.71 rows=103 width=121)
	        Index Cond: ((id >= 6756124) AND (id <= 6756223))

table 5 : explain SELECT c FROM sbtest5 WHERE id BETWEEN 9394260 AND 9394359 ORDER BY c
	Sort  (cost=399.27..399.53 rows=104 width=121)
	  Sort Key: c
	  ->  Index Scan using sbtest5_pkey on sbtest5  (cost=0.43..395.79 rows=104 width=121)
	        Index Cond: ((id >= 9394260) AND (id <= 9394359))

table 6 : explain SELECT c FROM sbtest6 WHERE id BETWEEN 642788 AND 642887 ORDER BY c
	Sort  (cost=350.28..350.50 rows=91 width=121)
	  Sort Key: c
	  ->  Index Scan using sbtest6_pkey on sbtest6  (cost=0.43..347.31 rows=91 width=121)
	        Index Cond: ((id >= 642788) AND (id <= 642887))

table 7 : explain SELECT c FROM sbtest7 WHERE id BETWEEN 8268352 AND 8268451 ORDER BY c
	Sort  (cost=370.52..370.76 rows=96 width=121)
	  Sort Key: c
	  ->  Index Scan using sbtest7_pkey on sbtest7  (cost=0.43..367.36 rows=96 width=121)
	        Index Cond: ((id >= 8268352) AND (id <= 8268451))

table 8 : explain SELECT c FROM sbtest8 WHERE id BETWEEN 7043359 AND 7043458 ORDER BY c
	Sort  (cost=373.78..374.03 rows=97 width=121)
	  Sort Key: c
	  ->  Index Scan using sbtest8_pkey on sbtest8  (cost=0.43..370.58 rows=97 width=121)
	        Index Cond: ((id >= 7043359) AND (id <= 7043458))

explain: for non_index_updates :: explain UPDATE sbtest%u SET c='foobar' WHERE id=%u
for: distinct_ranges
table 1 : explain SELECT DISTINCT c FROM sbtest1 WHERE id BETWEEN 4748507 AND 4748606 ORDER BY c
	Unique  (cost=390.37..390.87 rows=101 width=121)
	  ->  Sort  (cost=390.37..390.62 rows=101 width=121)
	        Sort Key: c
	        ->  Index Scan using sbtest1_pkey on sbtest1  (cost=0.43..387.00 rows=101 width=121)
	              Index Cond: ((id >= 4748507) AND (id <= 4748606))

table 2 : explain SELECT DISTINCT c FROM sbtest2 WHERE id BETWEEN 373231 AND 373330 ORDER BY c
	Unique  (cost=414.69..415.23 rows=107 width=121)
	  ->  Sort  (cost=414.69..414.96 rows=107 width=121)
	        Sort Key: c
	        ->  Index Scan using sbtest2_pkey on sbtest2  (cost=0.43..411.09 rows=107 width=121)
	              Index Cond: ((id >= 373231) AND (id <= 373330))

table 3 : explain SELECT DISTINCT c FROM sbtest3 WHERE id BETWEEN 2526076 AND 2526175 ORDER BY c
	Unique  (cost=382.59..383.09 rows=99 width=121)
	  ->  Sort  (cost=382.59..382.84 rows=99 width=121)
	        Sort Key: c
	        ->  Index Scan using sbtest3_pkey on sbtest3  (cost=0.43..379.31 rows=99 width=121)
	              Index Cond: ((id >= 2526076) AND (id <= 2526175))

table 4 : explain SELECT DISTINCT c FROM sbtest4 WHERE id BETWEEN 6292772 AND 6292871 ORDER BY c
	Unique  (cost=357.20..357.66 rows=93 width=121)
	  ->  Sort  (cost=357.20..357.43 rows=93 width=121)
	        Sort Key: c
	        ->  Index Scan using sbtest4_pkey on sbtest4  (cost=0.43..354.16 rows=93 width=121)
	              Index Cond: ((id >= 6292772) AND (id <= 6292871))

table 5 : explain SELECT DISTINCT c FROM sbtest5 WHERE id BETWEEN 9969656 AND 9969755 ORDER BY c
	Unique  (cost=361.28..361.75 rows=94 width=121)
	  ->  Sort  (cost=361.28..361.52 rows=94 width=121)
	        Sort Key: c
	        ->  Index Scan using sbtest5_pkey on sbtest5  (cost=0.43..358.20 rows=94 width=121)
	              Index Cond: ((id >= 9969656) AND (id <= 9969755))

table 6 : explain SELECT DISTINCT c FROM sbtest6 WHERE id BETWEEN 1573058 AND 1573157 ORDER BY c
	Unique  (cost=437.76..438.33 rows=114 width=121)
	  ->  Sort  (cost=437.76..438.04 rows=114 width=121)
	        Sort Key: c
	        ->  Index Scan using sbtest6_pkey on sbtest6  (cost=0.43..433.86 rows=114 width=121)
	              Index Cond: ((id >= 1573058) AND (id <= 1573157))

table 7 : explain SELECT DISTINCT c FROM sbtest7 WHERE id BETWEEN 4529688 AND 4529787 ORDER BY c
	Unique  (cost=404.87..405.39 rows=105 width=121)
	  ->  Sort  (cost=404.87..405.13 rows=105 width=121)
	        Sort Key: c
	        ->  Index Scan using sbtest7_pkey on sbtest7  (cost=0.43..401.34 rows=105 width=121)
	              Index Cond: ((id >= 4529688) AND (id <= 4529787))

table 8 : explain SELECT DISTINCT c FROM sbtest8 WHERE id BETWEEN 6223943 AND 6224042 ORDER BY c
	Unique  (cost=366.16..366.64 rows=95 width=121)
	  ->  Sort  (cost=366.16..366.40 rows=95 width=121)
	        Sort Key: c
	        ->  Index Scan using sbtest8_pkey on sbtest8  (cost=0.43..363.04 rows=95 width=121)
	              Index Cond: ((id >= 6223943) AND (id <= 6224042))

for: order_ranges
table 1 : explain SELECT c FROM sbtest1 WHERE id BETWEEN 2487185 AND 2487284 ORDER BY c
	Sort  (cost=378.89..379.14 rows=98 width=121)
	  Sort Key: c
	  ->  Index Scan using sbtest1_pkey on sbtest1  (cost=0.43..375.65 rows=98 width=121)
	        Index Cond: ((id >= 2487185) AND (id <= 2487284))

table 2 : explain SELECT c FROM sbtest2 WHERE id BETWEEN 8118277 AND 8118376 ORDER BY c
	Sort  (cost=376.32..376.56 rows=97 width=121)
	  Sort Key: c
	  ->  Index Scan using sbtest2_pkey on sbtest2  (cost=0.43..373.12 rows=97 width=121)
	        Index Cond: ((id >= 8118277) AND (id <= 8118376))

table 3 : explain SELECT c FROM sbtest3 WHERE id BETWEEN 359614 AND 359713 ORDER BY c
	Sort  (cost=371.12..371.36 rows=96 width=121)
	  Sort Key: c
	  ->  Index Scan using sbtest3_pkey on sbtest3  (cost=0.43..367.96 rows=96 width=121)
	        Index Cond: ((id >= 359614) AND (id <= 359713))

table 4 : explain SELECT c FROM sbtest4 WHERE id BETWEEN 4749479 AND 4749578 ORDER BY c
	Sort  (cost=361.00..361.23 rows=94 width=121)
	  Sort Key: c
	  ->  Index Scan using sbtest4_pkey on sbtest4  (cost=0.43..357.91 rows=94 width=121)
	        Index Cond: ((id >= 4749479) AND (id <= 4749578))

table 5 : explain SELECT c FROM sbtest5 WHERE id BETWEEN 991309 AND 991408 ORDER BY c
	Sort  (cost=372.68..372.92 rows=97 width=121)
	  Sort Key: c
	  ->  Index Scan using sbtest5_pkey on sbtest5  (cost=0.43..369.48 rows=97 width=121)
	        Index Cond: ((id >= 991309) AND (id <= 991408))

table 6 : explain SELECT c FROM sbtest6 WHERE id BETWEEN 6708894 AND 6708993 ORDER BY c
	Sort  (cost=376.90..377.14 rows=98 width=121)
	  Sort Key: c
	  ->  Index Scan using sbtest6_pkey on sbtest6  (cost=0.43..373.65 rows=98 width=121)
	        Index Cond: ((id >= 6708894) AND (id <= 6708993))

table 7 : explain SELECT c FROM sbtest7 WHERE id BETWEEN 267944 AND 268043 ORDER BY c
	Sort  (cost=401.05..401.31 rows=104 width=121)
	  Sort Key: c
	  ->  Index Scan using sbtest7_pkey on sbtest7  (cost=0.43..397.56 rows=104 width=121)
	        Index Cond: ((id >= 267944) AND (id <= 268043))

table 8 : explain SELECT c FROM sbtest8 WHERE id BETWEEN 7532193 AND 7532292 ORDER BY c
	Sort  (cost=347.11..347.34 rows=90 width=121)
	  Sort Key: c
	  ->  Index Scan using sbtest8_pkey on sbtest8  (cost=0.43..344.19 rows=90 width=121)
	        Index Cond: ((id >= 7532193) AND (id <= 7532292))

for: distinct_ranges
table 1 : explain SELECT DISTINCT c FROM sbtest1 WHERE id BETWEEN 5450654 AND 5450753 ORDER BY c
	Unique  (cost=390.37..390.87 rows=101 width=121)
	  ->  Sort  (cost=390.37..390.62 rows=101 width=121)
	        Sort Key: c
	        ->  Index Scan using sbtest1_pkey on sbtest1  (cost=0.43..387.00 rows=101 width=121)
	              Index Cond: ((id >= 5450654) AND (id <= 5450753))

table 2 : explain SELECT DISTINCT c FROM sbtest2 WHERE id BETWEEN 448714 AND 448813 ORDER BY c
	Unique  (cost=383.99..384.49 rows=99 width=121)
	  ->  Sort  (cost=383.99..384.24 rows=99 width=121)
	        Sort Key: c
	        ->  Index Scan using sbtest2_pkey on sbtest2  (cost=0.43..380.71 rows=99 width=121)
	              Index Cond: ((id >= 448714) AND (id <= 448813))

table 3 : explain SELECT DISTINCT c FROM sbtest3 WHERE id BETWEEN 1821815 AND 1821914 ORDER BY c
	Unique  (cost=451.41..452.00 rows=117 width=121)
	  ->  Sort  (cost=451.41..451.70 rows=117 width=121)
	        Sort Key: c
	        ->  Index Scan using sbtest3_pkey on sbtest3  (cost=0.43..447.39 rows=117 width=121)
	              Index Cond: ((id >= 1821815) AND (id <= 1821914))

table 4 : explain SELECT DISTINCT c FROM sbtest4 WHERE id BETWEEN 970176 AND 970275 ORDER BY c
	Unique  (cost=383.77..384.27 rows=100 width=121)
	  ->  Sort  (cost=383.77..384.02 rows=100 width=121)
	        Sort Key: c
	        ->  Index Scan using sbtest4_pkey on sbtest4  (cost=0.43..380.45 rows=100 width=121)
	              Index Cond: ((id >= 970176) AND (id <= 970275))

table 5 : explain SELECT DISTINCT c FROM sbtest5 WHERE id BETWEEN 3985355 AND 3985454 ORDER BY c
	Unique  (cost=368.88..369.36 rows=96 width=121)
	  ->  Sort  (cost=368.88..369.12 rows=96 width=121)
	        Sort Key: c
	        ->  Index Scan using sbtest5_pkey on sbtest5  (cost=0.43..365.72 rows=96 width=121)
	              Index Cond: ((id >= 3985355) AND (id <= 3985454))

table 6 : explain SELECT DISTINCT c FROM sbtest6 WHERE id BETWEEN 7106819 AND 7106918 ORDER BY c
	Unique  (cost=392.11..392.62 rows=102 width=121)
	  ->  Sort  (cost=392.11..392.36 rows=102 width=121)
	        Sort Key: c
	        ->  Index Scan using sbtest6_pkey on sbtest6  (cost=0.43..388.71 rows=102 width=121)
	              Index Cond: ((id >= 7106819) AND (id <= 7106918))

table 7 : explain SELECT DISTINCT c FROM sbtest7 WHERE id BETWEEN 4988276 AND 4988375 ORDER BY c
	Unique  (cost=393.42..393.93 rows=102 width=121)
	  ->  Sort  (cost=393.42..393.67 rows=102 width=121)
	        Sort Key: c
	        ->  Index Scan using sbtest7_pkey on sbtest7  (cost=0.43..390.01 rows=102 width=121)
	              Index Cond: ((id >= 4988276) AND (id <= 4988375))

table 8 : explain SELECT DISTINCT c FROM sbtest8 WHERE id BETWEEN 954085 AND 954184 ORDER BY c
	Unique  (cost=389.03..389.53 rows=101 width=121)
	  ->  Sort  (cost=389.03..389.28 rows=101 width=121)
	        Sort Key: c
	        ->  Index Scan using sbtest8_pkey on sbtest8  (cost=0.43..385.66 rows=101 width=121)
	              Index Cond: ((id >= 954085) AND (id <= 954184))

for non_index_updates
table 1 : explain UPDATE sbtest1 SET c='foobar' WHERE id=5258813
	Update on sbtest1  (cost=0.43..8.45 rows=1 width=559)
	  ->  Index Scan using sbtest1_pkey on sbtest1  (cost=0.43..8.45 rows=1 width=559)
	        Index Cond: (id = 5258813)

table 2 : explain UPDATE sbtest2 SET c='foobar' WHERE id=6945856
	Update on sbtest2  (cost=0.43..8.45 rows=1 width=559)
	  ->  Index Scan using sbtest2_pkey on sbtest2  (cost=0.43..8.45 rows=1 width=559)
	        Index Cond: (id = 6945856)

table 3 : explain UPDATE sbtest3 SET c='foobar' WHERE id=303941
	Update on sbtest3  (cost=0.43..8.45 rows=1 width=559)
	  ->  Index Scan using sbtest3_pkey on sbtest3  (cost=0.43..8.45 rows=1 width=559)
	        Index Cond: (id = 303941)

table 4 : explain UPDATE sbtest4 SET c='foobar' WHERE id=6199138
	Update on sbtest4  (cost=0.43..8.45 rows=1 width=559)
	  ->  Index Scan using sbtest4_pkey on sbtest4  (cost=0.43..8.45 rows=1 width=559)
	        Index Cond: (id = 6199138)

table 5 : explain UPDATE sbtest5 SET c='foobar' WHERE id=6721753
	Update on sbtest5  (cost=0.43..8.45 rows=1 width=559)
	  ->  Index Scan using sbtest5_pkey on sbtest5  (cost=0.43..8.45 rows=1 width=559)
	        Index Cond: (id = 6721753)

table 6 : explain UPDATE sbtest6 SET c='foobar' WHERE id=7050299
	Update on sbtest6  (cost=0.43..8.45 rows=1 width=559)
	  ->  Index Scan using sbtest6_pkey on sbtest6  (cost=0.43..8.45 rows=1 width=559)
	        Index Cond: (id = 7050299)

table 7 : explain UPDATE sbtest7 SET c='foobar' WHERE id=8300515
	Update on sbtest7  (cost=0.43..8.45 rows=1 width=559)
	  ->  Index Scan using sbtest7_pkey on sbtest7  (cost=0.43..8.45 rows=1 width=559)
	        Index Cond: (id = 8300515)

table 8 : explain UPDATE sbtest8 SET c='foobar' WHERE id=1545984
	Update on sbtest8  (cost=0.43..8.45 rows=1 width=559)
	  ->  Index Scan using sbtest8_pkey on sbtest8  (cost=0.43..8.45 rows=1 width=559)
	        Index Cond: (id = 1545984)

for: distinct_ranges
table 1 : explain SELECT DISTINCT c FROM sbtest1 WHERE id BETWEEN 1927419 AND 1927518 ORDER BY c
	Unique  (cost=420.96..421.51 rows=109 width=121)
	  ->  Sort  (cost=420.96..421.23 rows=109 width=121)
	        Sort Key: c
	        ->  Index Scan using sbtest1_pkey on sbtest1  (cost=0.43..417.27 rows=109 width=121)
	              Index Cond: ((id >= 1927419) AND (id <= 1927518))

table 2 : explain SELECT DISTINCT c FROM sbtest2 WHERE id BETWEEN 7802279 AND 7802378 ORDER BY c
	Unique  (cost=368.64..369.12 rows=95 width=121)
	  ->  Sort  (cost=368.64..368.88 rows=95 width=121)
	        Sort Key: c
	        ->  Index Scan using sbtest2_pkey on sbtest2  (cost=0.43..365.52 rows=95 width=121)
	              Index Cond: ((id >= 7802279) AND (id <= 7802378))

table 3 : explain SELECT DISTINCT c FROM sbtest3 WHERE id BETWEEN 6776478 AND 6776577 ORDER BY c
	Unique  (cost=409.35..409.88 rows=106 width=121)
	  ->  Sort  (cost=409.35..409.62 rows=106 width=121)
	        Sort Key: c
	        ->  Index Scan using sbtest3_pkey on sbtest3  (cost=0.43..405.79 rows=106 width=121)
	              Index Cond: ((id >= 6776478) AND (id <= 6776577))

table 4 : explain SELECT DISTINCT c FROM sbtest4 WHERE id BETWEEN 6789523 AND 6789622 ORDER BY c
	Unique  (cost=395.16..395.67 rows=103 width=121)
	  ->  Sort  (cost=395.16..395.42 rows=103 width=121)
	        Sort Key: c
	        ->  Index Scan using sbtest4_pkey on sbtest4  (cost=0.43..391.71 rows=103 width=121)
	              Index Cond: ((id >= 6789523) AND (id <= 6789622))

table 5 : explain SELECT DISTINCT c FROM sbtest5 WHERE id BETWEEN 2656174 AND 2656273 ORDER BY c
	Unique  (cost=380.28..380.77 rows=99 width=121)
	  ->  Sort  (cost=380.28..380.53 rows=99 width=121)
	        Sort Key: c
	        ->  Index Scan using sbtest5_pkey on sbtest5  (cost=0.43..377.00 rows=99 width=121)
	              Index Cond: ((id >= 2656174) AND (id <= 2656273))

table 6 : explain SELECT DISTINCT c FROM sbtest6 WHERE id BETWEEN 4055034 AND 4055133 ORDER BY c
	Unique  (cost=384.50..385.00 rows=100 width=121)
	  ->  Sort  (cost=384.50..384.75 rows=100 width=121)
	        Sort Key: c
	        ->  Index Scan using sbtest6_pkey on sbtest6  (cost=0.43..381.18 rows=100 width=121)
	              Index Cond: ((id >= 4055034) AND (id <= 4055133))

table 7 : explain SELECT DISTINCT c FROM sbtest7 WHERE id BETWEEN 3808946 AND 3809045 ORDER BY c
	Unique  (cost=370.52..371.00 rows=96 width=121)
	  ->  Sort  (cost=370.52..370.76 rows=96 width=121)
	        Sort Key: c
	        ->  Index Scan using sbtest7_pkey on sbtest7  (cost=0.43..367.36 rows=96 width=121)
	              Index Cond: ((id >= 3808946) AND (id <= 3809045))

table 8 : explain SELECT DISTINCT c FROM sbtest8 WHERE id BETWEEN 7070305 AND 7070404 ORDER BY c
	Unique  (cost=373.78..374.27 rows=97 width=121)
	  ->  Sort  (cost=373.78..374.03 rows=97 width=121)
	        Sort Key: c
	        ->  Index Scan using sbtest8_pkey on sbtest8  (cost=0.43..370.58 rows=97 width=121)
	              Index Cond: ((id >= 7070305) AND (id <= 7070404))

for non_index_updates
table 1 : explain UPDATE sbtest1 SET c='foobar' WHERE id=7343161
	Update on sbtest1  (cost=0.43..8.45 rows=1 width=559)
	  ->  Index Scan using sbtest1_pkey on sbtest1  (cost=0.43..8.45 rows=1 width=559)
	        Index Cond: (id = 7343161)

table 2 : explain UPDATE sbtest2 SET c='foobar' WHERE id=9646451
	Update on sbtest2  (cost=0.43..8.45 rows=1 width=559)
	  ->  Index Scan using sbtest2_pkey on sbtest2  (cost=0.43..8.45 rows=1 width=559)
	        Index Cond: (id = 9646451)

table 3 : explain UPDATE sbtest3 SET c='foobar' WHERE id=4191682
	Update on sbtest3  (cost=0.43..8.45 rows=1 width=559)
	  ->  Index Scan using sbtest3_pkey on sbtest3  (cost=0.43..8.45 rows=1 width=559)
	        Index Cond: (id = 4191682)

table 4 : explain UPDATE sbtest4 SET c='foobar' WHERE id=3379751
	Update on sbtest4  (cost=0.43..8.45 rows=1 width=559)
	  ->  Index Scan using sbtest4_pkey on sbtest4  (cost=0.43..8.45 rows=1 width=559)
	        Index Cond: (id = 3379751)

table 5 : explain UPDATE sbtest5 SET c='foobar' WHERE id=5507008
	Update on sbtest5  (cost=0.43..8.45 rows=1 width=559)
	  ->  Index Scan using sbtest5_pkey on sbtest5  (cost=0.43..8.45 rows=1 width=559)
	        Index Cond: (id = 5507008)

table 6 : explain UPDATE sbtest6 SET c='foobar' WHERE id=43273
	Update on sbtest6  (cost=0.43..8.45 rows=1 width=559)
	  ->  Index Scan using sbtest6_pkey on sbtest6  (cost=0.43..8.45 rows=1 width=559)
	        Index Cond: (id = 43273)

table 7 : explain UPDATE sbtest7 SET c='foobar' WHERE id=448560
	Update on sbtest7  (cost=0.43..8.45 rows=1 width=559)
	  ->  Index Scan using sbtest7_pkey on sbtest7  (cost=0.43..8.45 rows=1 width=559)
	        Index Cond: (id = 448560)

table 8 : explain UPDATE sbtest8 SET c='foobar' WHERE id=500051
	Update on sbtest8  (cost=0.43..8.45 rows=1 width=559)
	  ->  Index Scan using sbtest8_pkey on sbtest8  (cost=0.43..8.45 rows=1 width=559)
	        Index Cond: (id = 500051)

for: distinct_ranges
table 1 : explain SELECT DISTINCT c FROM sbtest1 WHERE id BETWEEN 1017764 AND 1017863 ORDER BY c
	Unique  (cost=355.89..356.35 rows=92 width=121)
	  ->  Sort  (cost=355.89..356.12 rows=92 width=121)
	        Sort Key: c
	        ->  Index Scan using sbtest1_pkey on sbtest1  (cost=0.43..352.89 rows=92 width=121)
	              Index Cond: ((id >= 1017764) AND (id <= 1017863))

table 2 : explain SELECT DISTINCT c FROM sbtest2 WHERE id BETWEEN 3357827 AND 3357926 ORDER BY c
	Unique  (cost=383.99..384.49 rows=99 width=121)
	  ->  Sort  (cost=383.99..384.24 rows=99 width=121)
	        Sort Key: c
	        ->  Index Scan using sbtest2_pkey on sbtest2  (cost=0.43..380.71 rows=99 width=121)
	              Index Cond: ((id >= 3357827) AND (id <= 3357926))

table 3 : explain SELECT DISTINCT c FROM sbtest3 WHERE id BETWEEN 5371049 AND 5371148 ORDER BY c
	Unique  (cost=332.84..333.27 rows=86 width=121)
	  ->  Sort  (cost=332.84..333.06 rows=86 width=121)
	        Sort Key: c
	        ->  Index Scan using sbtest3_pkey on sbtest3  (cost=0.43..330.08 rows=86 width=121)
	              Index Cond: ((id >= 5371049) AND (id <= 5371148))

table 4 : explain SELECT DISTINCT c FROM sbtest4 WHERE id BETWEEN 6062904 AND 6063003 ORDER BY c
	Unique  (cost=383.77..384.27 rows=100 width=121)
	  ->  Sort  (cost=383.77..384.02 rows=100 width=121)
	        Sort Key: c
	        ->  Index Scan using sbtest4_pkey on sbtest4  (cost=0.43..380.45 rows=100 width=121)
	              Index Cond: ((id >= 6062904) AND (id <= 6063003))

table 5 : explain SELECT DISTINCT c FROM sbtest5 WHERE id BETWEEN 275863 AND 275962 ORDER BY c
	Unique  (cost=380.28..380.77 rows=99 width=121)
	  ->  Sort  (cost=380.28..380.53 rows=99 width=121)
	        Sort Key: c
	        ->  Index Scan using sbtest5_pkey on sbtest5  (cost=0.43..377.00 rows=99 width=121)
	              Index Cond: ((id >= 275863) AND (id <= 275962))

table 6 : explain SELECT DISTINCT c FROM sbtest6 WHERE id BETWEEN 290782 AND 290881 ORDER BY c
	Unique  (cost=392.11..392.62 rows=102 width=121)
	  ->  Sort  (cost=392.11..392.36 rows=102 width=121)
	        Sort Key: c
	        ->  Index Scan using sbtest6_pkey on sbtest6  (cost=0.43..388.71 rows=102 width=121)
	              Index Cond: ((id >= 290782) AND (id <= 290881))

table 7 : explain SELECT DISTINCT c FROM sbtest7 WHERE id BETWEEN 922829 AND 922928 ORDER BY c
	Unique  (cost=378.15..378.64 rows=98 width=121)
	  ->  Sort  (cost=378.15..378.39 rows=98 width=121)
	        Sort Key: c
	        ->  Index Scan using sbtest7_pkey on sbtest7  (cost=0.43..374.91 rows=98 width=121)
	              Index Cond: ((id >= 922829) AND (id <= 922928))

table 8 : explain SELECT DISTINCT c FROM sbtest8 WHERE id BETWEEN 5452682 AND 5452781 ORDER BY c
	Unique  (cost=389.03..389.53 rows=101 width=121)
	  ->  Sort  (cost=389.03..389.28 rows=101 width=121)
	        Sort Key: c
	        ->  Index Scan using sbtest8_pkey on sbtest8  (cost=0.43..385.66 rows=101 width=121)
	              Index Cond: ((id >= 5452682) AND (id <= 5452781))

for inserts
table 1 : explain INSERT INTO sbtest1 (id, k, c, pad) VALUES (1726117, 13, 'foobar', 'foobar')
	Insert on sbtest1  (cost=0.00..0.01 rows=1 width=736)
	  ->  Result  (cost=0.00..0.01 rows=1 width=736)

table 2 : explain INSERT INTO sbtest2 (id, k, c, pad) VALUES (2664604, 13, 'foobar', 'foobar')
	Insert on sbtest2  (cost=0.00..0.01 rows=1 width=736)
	  ->  Result  (cost=0.00..0.01 rows=1 width=736)

table 3 : explain INSERT INTO sbtest3 (id, k, c, pad) VALUES (9870694, 13, 'foobar', 'foobar')
	Insert on sbtest3  (cost=0.00..0.01 rows=1 width=736)
	  ->  Result  (cost=0.00..0.01 rows=1 width=736)

table 4 : explain INSERT INTO sbtest4 (id, k, c, pad) VALUES (4779156, 13, 'foobar', 'foobar')
	Insert on sbtest4  (cost=0.00..0.01 rows=1 width=736)
	  ->  Result  (cost=0.00..0.01 rows=1 width=736)

table 5 : explain INSERT INTO sbtest5 (id, k, c, pad) VALUES (8536380, 13, 'foobar', 'foobar')
	Insert on sbtest5  (cost=0.00..0.01 rows=1 width=736)
	  ->  Result  (cost=0.00..0.01 rows=1 width=736)

table 6 : explain INSERT INTO sbtest6 (id, k, c, pad) VALUES (4128903, 13, 'foobar', 'foobar')
	Insert on sbtest6  (cost=0.00..0.01 rows=1 width=736)
	  ->  Result  (cost=0.00..0.01 rows=1 width=736)

table 7 : explain INSERT INTO sbtest7 (id, k, c, pad) VALUES (866681, 13, 'foobar', 'foobar')
	Insert on sbtest7  (cost=0.00..0.01 rows=1 width=736)
	  ->  Result  (cost=0.00..0.01 rows=1 width=736)

table 8 : explain INSERT INTO sbtest8 (id, k, c, pad) VALUES (4648198, 13, 'foobar', 'foobar')
	Insert on sbtest8  (cost=0.00..0.01 rows=1 width=736)
	  ->  Result  (cost=0.00..0.01 rows=1 width=736)

for non_index_updates
table 1 : explain UPDATE sbtest1 SET c='foobar' WHERE id=9259693
	Update on sbtest1  (cost=0.43..8.45 rows=1 width=559)
	  ->  Index Scan using sbtest1_pkey on sbtest1  (cost=0.43..8.45 rows=1 width=559)
	        Index Cond: (id = 9259693)

table 2 : explain UPDATE sbtest2 SET c='foobar' WHERE id=5368312
	Update on sbtest2  (cost=0.43..8.45 rows=1 width=559)
	  ->  Index Scan using sbtest2_pkey on sbtest2  (cost=0.43..8.45 rows=1 width=559)
	        Index Cond: (id = 5368312)

table 3 : explain UPDATE sbtest3 SET c='foobar' WHERE id=3397527
	Update on sbtest3  (cost=0.43..8.45 rows=1 width=559)
	  ->  Index Scan using sbtest3_pkey on sbtest3  (cost=0.43..8.45 rows=1 width=559)
	        Index Cond: (id = 3397527)

table 4 : explain UPDATE sbtest4 SET c='foobar' WHERE id=8115986
	Update on sbtest4  (cost=0.43..8.45 rows=1 width=559)
	  ->  Index Scan using sbtest4_pkey on sbtest4  (cost=0.43..8.45 rows=1 width=559)
	        Index Cond: (id = 8115986)

table 5 : explain UPDATE sbtest5 SET c='foobar' WHERE id=4155969
	Update on sbtest5  (cost=0.43..8.45 rows=1 width=559)
	  ->  Index Scan using sbtest5_pkey on sbtest5  (cost=0.43..8.45 rows=1 width=559)
	        Index Cond: (id = 4155969)

table 6 : explain UPDATE sbtest6 SET c='foobar' WHERE id=6567123
	Update on sbtest6  (cost=0.43..8.45 rows=1 width=559)
	  ->  Index Scan using sbtest6_pkey on sbtest6  (cost=0.43..8.45 rows=1 width=559)
	        Index Cond: (id = 6567123)

table 7 : explain UPDATE sbtest7 SET c='foobar' WHERE id=3189709
	Update on sbtest7  (cost=0.43..8.45 rows=1 width=559)
	  ->  Index Scan using sbtest7_pkey on sbtest7  (cost=0.43..8.45 rows=1 width=559)
	        Index Cond: (id = 3189709)

table 8 : explain UPDATE sbtest8 SET c='foobar' WHERE id=1525855
	Update on sbtest8  (cost=0.43..8.45 rows=1 width=559)
	  ->  Index Scan using sbtest8_pkey on sbtest8  (cost=0.43..8.45 rows=1 width=559)
	        Index Cond: (id = 1525855)

explain: for index_updates :: explain UPDATE sbtest%u SET k=k+1 WHERE id=%u
explain: for index_updates :: explain UPDATE sbtest%u SET k=k+1 WHERE id=%u
explain: for deletes :: explain DELETE FROM sbtest%u WHERE id=%u
explain: for index_updates :: explain UPDATE sbtest%u SET k=k+1 WHERE id=%u
for: order_ranges
table 1 : explain SELECT c FROM sbtest1 WHERE id BETWEEN 3391369 AND 3391468 ORDER BY c
	Sort  (cost=363.54..363.77 rows=94 width=121)
	  Sort Key: c
	  ->  Index Scan using sbtest1_pkey on sbtest1  (cost=0.43..360.46 rows=94 width=121)
	        Index Cond: ((id >= 3391369) AND (id <= 3391468))

table 2 : explain SELECT c FROM sbtest2 WHERE id BETWEEN 5283816 AND 5283915 ORDER BY c
	Sort  (cost=383.99..384.24 rows=99 width=121)
	  Sort Key: c
	  ->  Index Scan using sbtest2_pkey on sbtest2  (cost=0.43..380.71 rows=99 width=121)
	        Index Cond: ((id >= 5283816) AND (id <= 5283915))

table 3 : explain SELECT c FROM sbtest3 WHERE id BETWEEN 8962518 AND 8962617 ORDER BY c
	Sort  (cost=351.95..352.18 rows=91 width=121)
	  Sort Key: c
	  ->  Index Scan using sbtest3_pkey on sbtest3  (cost=0.43..348.99 rows=91 width=121)
	        Index Cond: ((id >= 8962518) AND (id <= 8962617))

table 4 : explain SELECT c FROM sbtest4 WHERE id BETWEEN 1927669 AND 1927768 ORDER BY c
	Sort  (cost=391.36..391.62 rows=102 width=121)
	  Sort Key: c
	  ->  Index Scan using sbtest4_pkey on sbtest4  (cost=0.43..387.96 rows=102 width=121)
	        Index Cond: ((id >= 1927669) AND (id <= 1927768))

table 5 : explain SELECT c FROM sbtest5 WHERE id BETWEEN 5778086 AND 5778185 ORDER BY c
	Sort  (cost=365.08..365.32 rows=95 width=121)
	  Sort Key: c
	  ->  Index Scan using sbtest5_pkey on sbtest5  (cost=0.43..361.96 rows=95 width=121)
	        Index Cond: ((id >= 5778086) AND (id <= 5778185))

table 6 : explain SELECT c FROM sbtest6 WHERE id BETWEEN 5290542 AND 5290641 ORDER BY c
	Sort  (cost=407.32..407.59 rows=106 width=121)
	  Sort Key: c
	  ->  Index Scan using sbtest6_pkey on sbtest6  (cost=0.43..403.76 rows=106 width=121)
	        Index Cond: ((id >= 5290542) AND (id <= 5290641))

table 7 : explain SELECT c FROM sbtest7 WHERE id BETWEEN 9801877 AND 9801976 ORDER BY c
	Sort  (cost=393.42..393.67 rows=102 width=121)
	  Sort Key: c
	  ->  Index Scan using sbtest7_pkey on sbtest7  (cost=0.43..390.01 rows=102 width=121)
	        Index Cond: ((id >= 9801877) AND (id <= 9801976))

table 8 : explain SELECT c FROM sbtest8 WHERE id BETWEEN 309818 AND 309917 ORDER BY c
	Sort  (cost=347.11..347.34 rows=90 width=121)
	  Sort Key: c
	  ->  Index Scan using sbtest8_pkey on sbtest8  (cost=0.43..344.19 rows=90 width=121)
	        Index Cond: ((id >= 309818) AND (id <= 309917))

explain: for deletes :: explain DELETE FROM sbtest%u WHERE id=%u
explain: for deletes :: explain DELETE FROM sbtest%u WHERE id=%u
explain: for index_updates :: explain UPDATE sbtest%u SET k=k+1 WHERE id=%u
for point_selects
table 1 : explain SELECT c FROM sbtest1 WHERE id=8505119
	Index Scan using sbtest1_pkey on sbtest1  (cost=0.43..8.45 rows=1 width=121)
	  Index Cond: (id = 8505119)

table 2 : explain SELECT c FROM sbtest2 WHERE id=8028820
	Index Scan using sbtest2_pkey on sbtest2  (cost=0.43..8.45 rows=1 width=121)
	  Index Cond: (id = 8028820)

table 3 : explain SELECT c FROM sbtest3 WHERE id=5374953
	Index Scan using sbtest3_pkey on sbtest3  (cost=0.43..8.45 rows=1 width=121)
	  Index Cond: (id = 5374953)

table 4 : explain SELECT c FROM sbtest4 WHERE id=2163419
	Index Scan using sbtest4_pkey on sbtest4  (cost=0.43..8.45 rows=1 width=121)
	  Index Cond: (id = 2163419)

table 5 : explain SELECT c FROM sbtest5 WHERE id=8544404
	Index Scan using sbtest5_pkey on sbtest5  (cost=0.43..8.45 rows=1 width=121)
	  Index Cond: (id = 8544404)

table 6 : explain SELECT c FROM sbtest6 WHERE id=4038029
	Index Scan using sbtest6_pkey on sbtest6  (cost=0.43..8.45 rows=1 width=121)
	  Index Cond: (id = 4038029)

table 7 : explain SELECT c FROM sbtest7 WHERE id=9013172
	Index Scan using sbtest7_pkey on sbtest7  (cost=0.43..8.45 rows=1 width=121)
	  Index Cond: (id = 9013172)

table 8 : explain SELECT c FROM sbtest8 WHERE id=6151907
	Index Scan using sbtest8_pkey on sbtest8  (cost=0.43..8.45 rows=1 width=121)
	  Index Cond: (id = 6151907)

explain: for index_updates :: explain UPDATE sbtest%u SET k=k+1 WHERE id=%u
for deletes
table 1 : explain DELETE FROM sbtest1 WHERE id=4425417
	Delete on sbtest1  (cost=0.43..8.45 rows=1 width=6)
	  ->  Index Scan using sbtest1_pkey on sbtest1  (cost=0.43..8.45 rows=1 width=6)
	        Index Cond: (id = 4425417)

table 2 : explain DELETE FROM sbtest2 WHERE id=7943312
	Delete on sbtest2  (cost=0.43..8.45 rows=1 width=6)
	  ->  Index Scan using sbtest2_pkey on sbtest2  (cost=0.43..8.45 rows=1 width=6)
	        Index Cond: (id = 7943312)

table 3 : explain DELETE FROM sbtest3 WHERE id=3364911
	Delete on sbtest3  (cost=0.43..8.45 rows=1 width=6)
	  ->  Index Scan using sbtest3_pkey on sbtest3  (cost=0.43..8.45 rows=1 width=6)
	        Index Cond: (id = 3364911)

table 4 : explain DELETE FROM sbtest4 WHERE id=4062479
	Delete on sbtest4  (cost=0.43..8.45 rows=1 width=6)
	  ->  Index Scan using sbtest4_pkey on sbtest4  (cost=0.43..8.45 rows=1 width=6)
	        Index Cond: (id = 4062479)

table 5 : explain DELETE FROM sbtest5 WHERE id=2635495
	Delete on sbtest5  (cost=0.43..8.45 rows=1 width=6)
	  ->  Index Scan using sbtest5_pkey on sbtest5  (cost=0.43..8.45 rows=1 width=6)
	        Index Cond: (id = 2635495)

table 6 : explain DELETE FROM sbtest6 WHERE id=8272345
	Delete on sbtest6  (cost=0.43..8.45 rows=1 width=6)
	  ->  Index Scan using sbtest6_pkey on sbtest6  (cost=0.43..8.45 rows=1 width=6)
	        Index Cond: (id = 8272345)

table 7 : explain DELETE FROM sbtest7 WHERE id=6621826
	Delete on sbtest7  (cost=0.43..8.45 rows=1 width=6)
	  ->  Index Scan using sbtest7_pkey on sbtest7  (cost=0.43..8.45 rows=1 width=6)
	        Index Cond: (id = 6621826)

table 8 : explain DELETE FROM sbtest8 WHERE id=9050817
	Delete on sbtest8  (cost=0.43..8.45 rows=1 width=6)
	  ->  Index Scan using sbtest8_pkey on sbtest8  (cost=0.43..8.45 rows=1 width=6)
	        Index Cond: (id = 9050817)

for point_selects
table 1 : explain SELECT c FROM sbtest1 WHERE id=975715
	Index Scan using sbtest1_pkey on sbtest1  (cost=0.43..8.45 rows=1 width=121)
	  Index Cond: (id = 975715)

table 2 : explain SELECT c FROM sbtest2 WHERE id=561476
	Index Scan using sbtest2_pkey on sbtest2  (cost=0.43..8.45 rows=1 width=121)
	  Index Cond: (id = 561476)

table 3 : explain SELECT c FROM sbtest3 WHERE id=7720177
	Index Scan using sbtest3_pkey on sbtest3  (cost=0.43..8.45 rows=1 width=121)
	  Index Cond: (id = 7720177)

table 4 : explain SELECT c FROM sbtest4 WHERE id=5037854
	Index Scan using sbtest4_pkey on sbtest4  (cost=0.43..8.45 rows=1 width=121)
	  Index Cond: (id = 5037854)

table 5 : explain SELECT c FROM sbtest5 WHERE id=1040462
	Index Scan using sbtest5_pkey on sbtest5  (cost=0.43..8.45 rows=1 width=121)
	  Index Cond: (id = 1040462)

table 6 : explain SELECT c FROM sbtest6 WHERE id=4438780
	Index Scan using sbtest6_pkey on sbtest6  (cost=0.43..8.45 rows=1 width=121)
	  Index Cond: (id = 4438780)

table 7 : explain SELECT c FROM sbtest7 WHERE id=9300473
	Index Scan using sbtest7_pkey on sbtest7  (cost=0.43..8.45 rows=1 width=121)
	  Index Cond: (id = 9300473)

table 8 : explain SELECT c FROM sbtest8 WHERE id=5829285
	Index Scan using sbtest8_pkey on sbtest8  (cost=0.43..8.45 rows=1 width=121)
	  Index Cond: (id = 5829285)
for: distinct_ranges
table 1 : explain SELECT DISTINCT c FROM sbtest1 WHERE id BETWEEN 3545014 AND 3545113 ORDER BY c
	Unique  (cost=382.72..383.21 rows=99 width=121)
	  ->  Sort  (cost=382.72..382.96 rows=99 width=121)
	        Sort Key: c
	        ->  Index Scan using sbtest1_pkey on sbtest1  (cost=0.43..379.44 rows=99 width=121)
	              Index Cond: ((id >= 3545014) AND (id <= 3545113))

table 2 : explain SELECT DISTINCT c FROM sbtest2 WHERE id BETWEEN 3382003 AND 3382102 ORDER BY c
	Unique  (cost=383.99..384.49 rows=99 width=121)
	  ->  Sort  (cost=383.99..384.24 rows=99 width=121)
	        Sort Key: c
	        ->  Index Scan using sbtest2_pkey on sbtest2  (cost=0.43..380.71 rows=99 width=121)
	              Index Cond: ((id >= 3382003) AND (id <= 3382102))

table 3 : explain SELECT DISTINCT c FROM sbtest3 WHERE id BETWEEN 9514001 AND 9514100 ORDER BY c
	Unique  (cost=378.77..379.26 rows=98 width=121)
	  ->  Sort  (cost=378.77..379.01 rows=98 width=121)
	        Sort Key: c
	        ->  Index Scan using sbtest3_pkey on sbtest3  (cost=0.43..375.53 rows=98 width=121)
	              Index Cond: ((id >= 9514001) AND (id <= 9514100))

table 4 : explain SELECT DISTINCT c FROM sbtest4 WHERE id BETWEEN 4483225 AND 4483324 ORDER BY c
	Unique  (cost=417.94..418.48 rows=109 width=121)
	  ->  Sort  (cost=417.94..418.21 rows=109 width=121)
	        Sort Key: c
	        ->  Index Scan using sbtest4_pkey on sbtest4  (cost=0.43..414.25 rows=109 width=121)
	              Index Cond: ((id >= 4483225) AND (id <= 4483324))

table 5 : explain SELECT DISTINCT c FROM sbtest5 WHERE id BETWEEN 6666170 AND 6666269 ORDER BY c
	Unique  (cost=361.28..361.75 rows=94 width=121)
	  ->  Sort  (cost=361.28..361.52 rows=94 width=121)
	        Sort Key: c
	        ->  Index Scan using sbtest5_pkey on sbtest5  (cost=0.43..358.20 rows=94 width=121)
	              Index Cond: ((id >= 6666170) AND (id <= 6666269))

table 6 : explain SELECT DISTINCT c FROM sbtest6 WHERE id BETWEEN 2528492 AND 2528591 ORDER BY c
	Unique  (cost=388.31..388.81 rows=101 width=121)
	  ->  Sort  (cost=388.31..388.56 rows=101 width=121)
	        Sort Key: c
	        ->  Index Scan using sbtest6_pkey on sbtest6  (cost=0.43..384.94 rows=101 width=121)
	              Index Cond: ((id >= 2528492) AND (id <= 2528591))

table 7 : explain SELECT DISTINCT c FROM sbtest7 WHERE id BETWEEN 7645571 AND 7645670 ORDER BY c
	Unique  (cost=355.25..355.71 rows=92 width=121)
	  ->  Sort  (cost=355.25..355.48 rows=92 width=121)
	        Sort Key: c
	        ->  Index Scan using sbtest7_pkey on sbtest7  (cost=0.43..352.25 rows=92 width=121)
	              Index Cond: ((id >= 7645571) AND (id <= 7645670))

table 8 : explain SELECT DISTINCT c FROM sbtest8 WHERE id BETWEEN 7873886 AND 7873985 ORDER BY c
	Unique  (cost=400.46..400.98 rows=104 width=121)
	  ->  Sort  (cost=400.46..400.72 rows=104 width=121)
	        Sort Key: c
	        ->  Index Scan using sbtest8_pkey on sbtest8  (cost=0.43..396.98 rows=104 width=121)
	              Index Cond: ((id >= 7873886) AND (id <= 7873985))
explain: for point_selects :: explain SELECT c FROM sbtest%u WHERE id=%u
for point_selects
table 1 : explain SELECT c FROM sbtest1 WHERE id=48642
	Index Scan using sbtest1_pkey on sbtest1  (cost=0.43..8.45 rows=1 width=121)
	  Index Cond: (id = 48642)

table 2 : explain SELECT c FROM sbtest2 WHERE id=6771772
	Index Scan using sbtest2_pkey on sbtest2  (cost=0.43..8.45 rows=1 width=121)
	  Index Cond: (id = 6771772)

table 3 : explain SELECT c FROM sbtest3 WHERE id=4340241
	Index Scan using sbtest3_pkey on sbtest3  (cost=0.43..8.45 rows=1 width=121)
	  Index Cond: (id = 4340241)

table 4 : explain SELECT c FROM sbtest4 WHERE id=7138758
	Index Scan using sbtest4_pkey on sbtest4  (cost=0.43..8.45 rows=1 width=121)
	  Index Cond: (id = 7138758)

table 5 : explain SELECT c FROM sbtest5 WHERE id=3288229
	Index Scan using sbtest5_pkey on sbtest5  (cost=0.43..8.45 rows=1 width=121)
	  Index Cond: (id = 3288229)

table 6 : explain SELECT c FROM sbtest6 WHERE id=4943111
	Index Scan using sbtest6_pkey on sbtest6  (cost=0.43..8.45 rows=1 width=121)
	  Index Cond: (id = 4943111)

table 7 : explain SELECT c FROM sbtest7 WHERE id=9505277
	Index Scan using sbtest7_pkey on sbtest7  (cost=0.43..8.45 rows=1 width=121)
	  Index Cond: (id = 9505277)

table 8 : explain SELECT c FROM sbtest8 WHERE id=1049239
	Index Scan using sbtest8_pkey on sbtest8  (cost=0.43..8.45 rows=1 width=121)
	  Index Cond: (id = 1049239)



for deletes
table 1 : explain DELETE FROM sbtest1 WHERE id=480999
	Delete on sbtest1  (cost=0.43..8.45 rows=1 width=6)
	  ->  Index Scan using sbtest1_pkey on sbtest1  (cost=0.43..8.45 rows=1 width=6)
	        Index Cond: (id = 480999)

table 2 : explain DELETE FROM sbtest2 WHERE id=9449522
	Delete on sbtest2  (cost=0.43..8.45 rows=1 width=6)
	  ->  Index Scan using sbtest2_pkey on sbtest2  (cost=0.43..8.45 rows=1 width=6)
	        Index Cond: (id = 9449522)

table 3 : explain DELETE FROM sbtest3 WHERE id=7494016
	Delete on sbtest3  (cost=0.43..8.45 rows=1 width=6)
	  ->  Index Scan using sbtest3_pkey on sbtest3  (cost=0.43..8.45 rows=1 width=6)
	        Index Cond: (id = 7494016)

table 4 : explain DELETE FROM sbtest4 WHERE id=7812085
	Delete on sbtest4  (cost=0.43..8.45 rows=1 width=6)
	  ->  Index Scan using sbtest4_pkey on sbtest4  (cost=0.43..8.45 rows=1 width=6)
	        Index Cond: (id = 7812085)

table 5 : explain DELETE FROM sbtest5 WHERE id=5027044
	Delete on sbtest5  (cost=0.43..8.45 rows=1 width=6)
	  ->  Index Scan using sbtest5_pkey on sbtest5  (cost=0.43..8.45 rows=1 width=6)
	        Index Cond: (id = 5027044)

table 6 : explain DELETE FROM sbtest6 WHERE id=6971486
	Delete on sbtest6  (cost=0.43..8.45 rows=1 width=6)
	  ->  Index Scan using sbtest6_pkey on sbtest6  (cost=0.43..8.45 rows=1 width=6)
	        Index Cond: (id = 6971486)

table 7 : explain DELETE FROM sbtest7 WHERE id=8292528
	Delete on sbtest7  (cost=0.43..8.45 rows=1 width=6)
	  ->  Index Scan using sbtest7_pkey on sbtest7  (cost=0.43..8.45 rows=1 width=6)
	        Index Cond: (id = 8292528)

table 8 : explain DELETE FROM sbtest8 WHERE id=2170239
	Delete on sbtest8  (cost=0.43..8.45 rows=1 width=6)
	  ->  Index Scan using sbtest8_pkey on sbtest8  (cost=0.43..8.45 rows=1 width=6)
	        Index Cond: (id = 2170239)

for point_selects
table 1 : explain SELECT c FROM sbtest1 WHERE id=3758800
	Index Scan using sbtest1_pkey on sbtest1  (cost=0.43..8.45 rows=1 width=121)
	  Index Cond: (id = 3758800)

table 2 : explain SELECT c FROM sbtest2 WHERE id=7471620
	Index Scan using sbtest2_pkey on sbtest2  (cost=0.43..8.45 rows=1 width=121)
	  Index Cond: (id = 7471620)

table 3 : explain SELECT c FROM sbtest3 WHERE id=9179678
	Index Scan using sbtest3_pkey on sbtest3  (cost=0.43..8.45 rows=1 width=121)
	  Index Cond: (id = 9179678)

table 4 : explain SELECT c FROM sbtest4 WHERE id=3215202
	Index Scan using sbtest4_pkey on sbtest4  (cost=0.43..8.45 rows=1 width=121)
	  Index Cond: (id = 3215202)

table 5 : explain SELECT c FROM sbtest5 WHERE id=2772392
	Index Scan using sbtest5_pkey on sbtest5  (cost=0.43..8.45 rows=1 width=121)
	  Index Cond: (id = 2772392)

table 6 : explain SELECT c FROM sbtest6 WHERE id=6069193
	Index Scan using sbtest6_pkey on sbtest6  (cost=0.43..8.45 rows=1 width=121)
	  Index Cond: (id = 6069193)

table 7 : explain SELECT c FROM sbtest7 WHERE id=5980904
	Index Scan using sbtest7_pkey on sbtest7  (cost=0.43..8.45 rows=1 width=121)
	  Index Cond: (id = 5980904)

table 8 : explain SELECT c FROM sbtest8 WHERE id=8952856
	Index Scan using sbtest8_pkey on sbtest8  (cost=0.43..8.45 rows=1 width=121)
	  Index Cond: (id = 8952856)

for index_updates
table 1 : explain UPDATE sbtest1 SET k=k+1 WHERE id=449758
	Update on sbtest1  (cost=0.43..8.46 rows=1 width=196)
	  ->  Index Scan using sbtest1_pkey on sbtest1  (cost=0.43..8.46 rows=1 width=196)
	        Index Cond: (id = 449758)

table 2 : explain UPDATE sbtest2 SET k=k+1 WHERE id=7804342
	Update on sbtest2  (cost=0.43..8.46 rows=1 width=196)
	  ->  Index Scan using sbtest2_pkey on sbtest2  (cost=0.43..8.46 rows=1 width=196)
	        Index Cond: (id = 7804342)

table 3 : explain UPDATE sbtest3 SET k=k+1 WHERE id=3472164
	Update on sbtest3  (cost=0.43..8.46 rows=1 width=196)
	  ->  Index Scan using sbtest3_pkey on sbtest3  (cost=0.43..8.46 rows=1 width=196)
	        Index Cond: (id = 3472164)

table 4 : explain UPDATE sbtest4 SET k=k+1 WHERE id=4988646
	Update on sbtest4  (cost=0.43..8.46 rows=1 width=196)
	  ->  Index Scan using sbtest4_pkey on sbtest4  (cost=0.43..8.46 rows=1 width=196)
	        Index Cond: (id = 4988646)

table 5 : explain UPDATE sbtest5 SET k=k+1 WHERE id=614219
	Update on sbtest5  (cost=0.43..8.46 rows=1 width=196)
	  ->  Index Scan using sbtest5_pkey on sbtest5  (cost=0.43..8.46 rows=1 width=196)
	        Index Cond: (id = 614219)

table 6 : explain UPDATE sbtest6 SET k=k+1 WHERE id=1451910
	Update on sbtest6  (cost=0.43..8.46 rows=1 width=196)
	  ->  Index Scan using sbtest6_pkey on sbtest6  (cost=0.43..8.46 rows=1 width=196)
	        Index Cond: (id = 1451910)

table 7 : explain UPDATE sbtest7 SET k=k+1 WHERE id=8840609
	Update on sbtest7  (cost=0.43..8.46 rows=1 width=196)
	  ->  Index Scan using sbtest7_pkey on sbtest7  (cost=0.43..8.46 rows=1 width=196)
	        Index Cond: (id = 8840609)

table 8 : explain UPDATE sbtest8 SET k=k+1 WHERE id=244333
	Update on sbtest8  (cost=0.43..8.46 rows=1 width=196)
	  ->  Index Scan using sbtest8_pkey on sbtest8  (cost=0.43..8.46 rows=1 width=196)
	        Index Cond: (id = 244333)

for index_updates
table 1 : explain UPDATE sbtest1 SET k=k+1 WHERE id=1528278
	Update on sbtest1  (cost=0.43..8.46 rows=1 width=196)
	  ->  Index Scan using sbtest1_pkey on sbtest1  (cost=0.43..8.46 rows=1 width=196)
	        Index Cond: (id = 1528278)

table 2 : explain UPDATE sbtest2 SET k=k+1 WHERE id=5492266
	Update on sbtest2  (cost=0.43..8.46 rows=1 width=196)
	  ->  Index Scan using sbtest2_pkey on sbtest2  (cost=0.43..8.46 rows=1 width=196)
	        Index Cond: (id = 5492266)

table 3 : explain UPDATE sbtest3 SET k=k+1 WHERE id=1867523
	Update on sbtest3  (cost=0.43..8.46 rows=1 width=196)
	  ->  Index Scan using sbtest3_pkey on sbtest3  (cost=0.43..8.46 rows=1 width=196)
	        Index Cond: (id = 1867523)

table 4 : explain UPDATE sbtest4 SET k=k+1 WHERE id=3813690
	Update on sbtest4  (cost=0.43..8.46 rows=1 width=196)
	  ->  Index Scan using sbtest4_pkey on sbtest4  (cost=0.43..8.46 rows=1 width=196)
	        Index Cond: (id = 3813690)

table 5 : explain UPDATE sbtest5 SET k=k+1 WHERE id=2289635
	Update on sbtest5  (cost=0.43..8.46 rows=1 width=196)
	  ->  Index Scan using sbtest5_pkey on sbtest5  (cost=0.43..8.46 rows=1 width=196)
	        Index Cond: (id = 2289635)

table 6 : explain UPDATE sbtest6 SET k=k+1 WHERE id=9396807
	Update on sbtest6  (cost=0.43..8.46 rows=1 width=196)
	  ->  Index Scan using sbtest6_pkey on sbtest6  (cost=0.43..8.46 rows=1 width=196)
	        Index Cond: (id = 9396807)

table 7 : explain UPDATE sbtest7 SET k=k+1 WHERE id=4736823
	Update on sbtest7  (cost=0.43..8.46 rows=1 width=196)
	  ->  Index Scan using sbtest7_pkey on sbtest7  (cost=0.43..8.46 rows=1 width=196)
	        Index Cond: (id = 4736823)

table 8 : explain UPDATE sbtest8 SET k=k+1 WHERE id=3397821
	Update on sbtest8  (cost=0.43..8.46 rows=1 width=196)
	  ->  Index Scan using sbtest8_pkey on sbtest8  (cost=0.43..8.46 rows=1 width=196)
	        Index Cond: (id = 3397821)

for: distinct_ranges
table 1 : explain SELECT DISTINCT c FROM sbtest1 WHERE id BETWEEN 5402382 AND 5402481 ORDER BY c
	Unique  (cost=390.37..390.87 rows=101 width=121)
	  ->  Sort  (cost=390.37..390.62 rows=101 width=121)
	        Sort Key: c
	        ->  Index Scan using sbtest1_pkey on sbtest1  (cost=0.43..387.00 rows=101 width=121)
	              Index Cond: ((id >= 5402382) AND (id <= 5402481))

table 2 : explain SELECT DISTINCT c FROM sbtest2 WHERE id BETWEEN 8286399 AND 8286498 ORDER BY c
	Unique  (cost=433.88..434.44 rows=112 width=121)
	  ->  Sort  (cost=433.88..434.16 rows=112 width=121)
	        Sort Key: c
	        ->  Index Scan using sbtest2_pkey on sbtest2  (cost=0.43..430.07 rows=112 width=121)
	              Index Cond: ((id >= 8286399) AND (id <= 8286498))

table 3 : explain SELECT DISTINCT c FROM sbtest3 WHERE id BETWEEN 8670461 AND 8670560 ORDER BY c
	Unique  (cost=363.42..363.89 rows=94 width=121)
	  ->  Sort  (cost=363.42..363.65 rows=94 width=121)
	        Sort Key: c
	        ->  Index Scan using sbtest3_pkey on sbtest3  (cost=0.43..360.34 rows=94 width=121)
	              Index Cond: ((id >= 8670461) AND (id <= 8670560))

table 4 : explain SELECT DISTINCT c FROM sbtest4 WHERE id BETWEEN 2091267 AND 2091366 ORDER BY c
	Unique  (cost=376.18..376.67 rows=98 width=121)
	  ->  Sort  (cost=376.18..376.42 rows=98 width=121)
	        Sort Key: c
	        ->  Index Scan using sbtest4_pkey on sbtest4  (cost=0.43..372.94 rows=98 width=121)
	              Index Cond: ((id >= 2091267) AND (id <= 2091366))

table 5 : explain SELECT DISTINCT c FROM sbtest5 WHERE id BETWEEN 6992263 AND 6992362 ORDER BY c
	Unique  (cost=368.88..369.36 rows=96 width=121)
	  ->  Sort  (cost=368.88..369.12 rows=96 width=121)
	        Sort Key: c
	        ->  Index Scan using sbtest5_pkey on sbtest5  (cost=0.43..365.72 rows=96 width=121)
	              Index Cond: ((id >= 6992263) AND (id <= 6992362))

table 6 : explain SELECT DISTINCT c FROM sbtest6 WHERE id BETWEEN 8455792 AND 8455891 ORDER BY c
	Unique  (cost=373.09..373.58 rows=97 width=121)
	  ->  Sort  (cost=373.09..373.34 rows=97 width=121)
	        Sort Key: c
	        ->  Index Scan using sbtest6_pkey on sbtest6  (cost=0.43..369.89 rows=97 width=121)
	              Index Cond: ((id >= 8455792) AND (id <= 8455891))

table 7 : explain SELECT DISTINCT c FROM sbtest7 WHERE id BETWEEN 3993109 AND 3993208 ORDER BY c
	Unique  (cost=359.07..359.53 rows=93 width=121)
	  ->  Sort  (cost=359.07..359.30 rows=93 width=121)
	        Sort Key: c
	        ->  Index Scan using sbtest7_pkey on sbtest7  (cost=0.43..356.03 rows=93 width=121)
	              Index Cond: ((id >= 3993109) AND (id <= 3993208))

table 8 : explain SELECT DISTINCT c FROM sbtest8 WHERE id BETWEEN 5440835 AND 5440934 ORDER BY c
	Unique  (cost=389.03..389.53 rows=101 width=121)
	  ->  Sort  (cost=389.03..389.28 rows=101 width=121)
	        Sort Key: c
	        ->  Index Scan using sbtest8_pkey on sbtest8  (cost=0.43..385.66 rows=101 width=121)
	              Index Cond: ((id >= 5440835) AND (id <= 5440934))

for index_updates
table 1 : explain UPDATE sbtest1 SET k=k+1 WHERE id=5777187
	Update on sbtest1  (cost=0.43..8.46 rows=1 width=196)
	  ->  Index Scan using sbtest1_pkey on sbtest1  (cost=0.43..8.46 rows=1 width=196)
	        Index Cond: (id = 5777187)

table 2 : explain UPDATE sbtest2 SET k=k+1 WHERE id=8749007
	Update on sbtest2  (cost=0.43..8.46 rows=1 width=196)
	  ->  Index Scan using sbtest2_pkey on sbtest2  (cost=0.43..8.46 rows=1 width=196)
	        Index Cond: (id = 8749007)

table 3 : explain UPDATE sbtest3 SET k=k+1 WHERE id=9185179
	Update on sbtest3  (cost=0.43..8.46 rows=1 width=196)
	  ->  Index Scan using sbtest3_pkey on sbtest3  (cost=0.43..8.46 rows=1 width=196)
	        Index Cond: (id = 9185179)

table 4 : explain UPDATE sbtest4 SET k=k+1 WHERE id=1314402
	Update on sbtest4  (cost=0.43..8.46 rows=1 width=196)
	  ->  Index Scan using sbtest4_pkey on sbtest4  (cost=0.43..8.46 rows=1 width=196)
	        Index Cond: (id = 1314402)

table 5 : explain UPDATE sbtest5 SET k=k+1 WHERE id=3122556
	Update on sbtest5  (cost=0.43..8.46 rows=1 width=196)
	  ->  Index Scan using sbtest5_pkey on sbtest5  (cost=0.43..8.46 rows=1 width=196)
	        Index Cond: (id = 3122556)

table 6 : explain UPDATE sbtest6 SET k=k+1 WHERE id=3752435
	Update on sbtest6  (cost=0.43..8.46 rows=1 width=196)
	  ->  Index Scan using sbtest6_pkey on sbtest6  (cost=0.43..8.46 rows=1 width=196)
	        Index Cond: (id = 3752435)

table 7 : explain UPDATE sbtest7 SET k=k+1 WHERE id=4980296
	Update on sbtest7  (cost=0.43..8.46 rows=1 width=196)
	  ->  Index Scan using sbtest7_pkey on sbtest7  (cost=0.43..8.46 rows=1 width=196)
	        Index Cond: (id = 4980296)

table 8 : explain UPDATE sbtest8 SET k=k+1 WHERE id=585617
	Update on sbtest8  (cost=0.43..8.46 rows=1 width=196)
	  ->  Index Scan using sbtest8_pkey on sbtest8  (cost=0.43..8.46 rows=1 width=196)
	        Index Cond: (id = 585617)

explain: for deletes :: explain DELETE FROM sbtest%u WHERE id=%u
for point_selects
table 1 : explain SELECT c FROM sbtest1 WHERE id=6988880
	Index Scan using sbtest1_pkey on sbtest1  (cost=0.43..8.45 rows=1 width=121)
	  Index Cond: (id = 6988880)

table 2 : explain SELECT c FROM sbtest2 WHERE id=2317431
	Index Scan using sbtest2_pkey on sbtest2  (cost=0.43..8.45 rows=1 width=121)
	  Index Cond: (id = 2317431)

table 3 : explain SELECT c FROM sbtest3 WHERE id=1488967
	Index Scan using sbtest3_pkey on sbtest3  (cost=0.43..8.45 rows=1 width=121)
	  Index Cond: (id = 1488967)

table 4 : explain SELECT c FROM sbtest4 WHERE id=3102955
	Index Scan using sbtest4_pkey on sbtest4  (cost=0.43..8.45 rows=1 width=121)
	  Index Cond: (id = 3102955)

table 5 : explain SELECT c FROM sbtest5 WHERE id=7608559
	Index Scan using sbtest5_pkey on sbtest5  (cost=0.43..8.45 rows=1 width=121)
	  Index Cond: (id = 7608559)

table 6 : explain SELECT c FROM sbtest6 WHERE id=7837541
	Index Scan using sbtest6_pkey on sbtest6  (cost=0.43..8.45 rows=1 width=121)
	  Index Cond: (id = 7837541)

table 7 : explain SELECT c FROM sbtest7 WHERE id=9389696
	Index Scan using sbtest7_pkey on sbtest7  (cost=0.43..8.45 rows=1 width=121)
	  Index Cond: (id = 9389696)

table 8 : explain SELECT c FROM sbtest8 WHERE id=2082138
	Index Scan using sbtest8_pkey on sbtest8  (cost=0.43..8.45 rows=1 width=121)
	  Index Cond: (id = 2082138)

explain: for point_selects :: explain SELECT c FROM sbtest%u WHERE id=%u
for deletes
table 1 : explain DELETE FROM sbtest1 WHERE id=4703492
	Delete on sbtest1  (cost=0.43..8.45 rows=1 width=6)
	  ->  Index Scan using sbtest1_pkey on sbtest1  (cost=0.43..8.45 rows=1 width=6)
	        Index Cond: (id = 4703492)

table 2 : explain DELETE FROM sbtest2 WHERE id=6413887
	Delete on sbtest2  (cost=0.43..8.45 rows=1 width=6)
	  ->  Index Scan using sbtest2_pkey on sbtest2  (cost=0.43..8.45 rows=1 width=6)
	        Index Cond: (id = 6413887)

table 3 : explain DELETE FROM sbtest3 WHERE id=7024897
	Delete on sbtest3  (cost=0.43..8.45 rows=1 width=6)
	  ->  Index Scan using sbtest3_pkey on sbtest3  (cost=0.43..8.45 rows=1 width=6)
	        Index Cond: (id = 7024897)

table 4 : explain DELETE FROM sbtest4 WHERE id=7470849
	Delete on sbtest4  (cost=0.43..8.45 rows=1 width=6)
	  ->  Index Scan using sbtest4_pkey on sbtest4  (cost=0.43..8.45 rows=1 width=6)
	        Index Cond: (id = 7470849)

table 5 : explain DELETE FROM sbtest5 WHERE id=264393
	Delete on sbtest5  (cost=0.43..8.45 rows=1 width=6)
	  ->  Index Scan using sbtest5_pkey on sbtest5  (cost=0.43..8.45 rows=1 width=6)
	        Index Cond: (id = 264393)

table 6 : explain DELETE FROM sbtest6 WHERE id=8633507
	Delete on sbtest6  (cost=0.43..8.45 rows=1 width=6)
	  ->  Index Scan using sbtest6_pkey on sbtest6  (cost=0.43..8.45 rows=1 width=6)
	        Index Cond: (id = 8633507)

table 7 : explain DELETE FROM sbtest7 WHERE id=7776065
	Delete on sbtest7  (cost=0.43..8.45 rows=1 width=6)
	  ->  Index Scan using sbtest7_pkey on sbtest7  (cost=0.43..8.45 rows=1 width=6)
	        Index Cond: (id = 7776065)

table 8 : explain DELETE FROM sbtest8 WHERE id=5766941
	Delete on sbtest8  (cost=0.43..8.45 rows=1 width=6)
	  ->  Index Scan using sbtest8_pkey on sbtest8  (cost=0.43..8.45 rows=1 width=6)
	        Index Cond: (id = 5766941)

explain: for non_index_updates :: explain UPDATE sbtest%u SET c='foobar' WHERE id=%u
explain: for index_updates :: explain UPDATE sbtest%u SET k=k+1 WHERE id=%u
explain: for inserts :: explain INSERT INTO sbtest%u (id, k, c, pad) VALUES (%u, 13, 'foobar', 'foobar')
explain: for non_index_updates :: explain UPDATE sbtest%u SET c='foobar' WHERE id=%u
explain: for non_index_updates :: explain UPDATE sbtest%u SET c='foobar' WHERE id=%u
explain: for index_updates :: explain UPDATE sbtest%u SET k=k+1 WHERE id=%u
for: simple_ranges
table 1 : explain SELECT c FROM sbtest1 WHERE id BETWEEN 1007197 AND 1007296
	Index Scan using sbtest1_pkey on sbtest1  (cost=0.43..352.89 rows=92 width=121)
	  Index Cond: ((id >= 1007197) AND (id <= 1007296))

table 2 : explain SELECT c FROM sbtest2 WHERE id BETWEEN 5018385 AND 5018484
	Index Scan using sbtest2_pkey on sbtest2  (cost=0.43..388.31 rows=101 width=121)
	  Index Cond: ((id >= 5018385) AND (id <= 5018484))

table 3 : explain SELECT c FROM sbtest3 WHERE id BETWEEN 3927373 AND 3927472
	Index Scan using sbtest3_pkey on sbtest3  (cost=0.43..360.40 rows=94 width=121)
	  Index Cond: ((id >= 3927373) AND (id <= 3927472))

table 4 : explain SELECT c FROM sbtest4 WHERE id BETWEEN 877855 AND 877954
	Index Scan using sbtest4_pkey on sbtest4  (cost=0.43..384.20 rows=101 width=121)
	  Index Cond: ((id >= 877855) AND (id <= 877954))

table 5 : explain SELECT c FROM sbtest5 WHERE id BETWEEN 7510350 AND 7510449
	Index Scan using sbtest5_pkey on sbtest5  (cost=0.43..354.44 rows=93 width=121)
	  Index Cond: ((id >= 7510350) AND (id <= 7510449))

table 6 : explain SELECT c FROM sbtest6 WHERE id BETWEEN 6948608 AND 6948707
	Index Scan using sbtest6_pkey on sbtest6  (cost=0.43..362.37 rows=95 width=121)
	  Index Cond: ((id >= 6948608) AND (id <= 6948707))

table 7 : explain SELECT c FROM sbtest7 WHERE id BETWEEN 2260471 AND 2260570
	Index Scan using sbtest7_pkey on sbtest7  (cost=0.43..367.36 rows=96 width=121)
	  Index Cond: ((id >= 2260471) AND (id <= 2260570))

table 8 : explain SELECT c FROM sbtest8 WHERE id BETWEEN 3846444 AND 3846543
	Index Scan using sbtest8_pkey on sbtest8  (cost=0.43..389.43 rows=102 width=121)
	  Index Cond: ((id >= 3846444) AND (id <= 3846543))

for: simple_ranges
table 1 : explain SELECT c FROM sbtest1 WHERE id BETWEEN 8061769 AND 8061868
	Index Scan using sbtest1_pkey on sbtest1  (cost=0.43..379.44 rows=99 width=121)
	  Index Cond: ((id >= 8061769) AND (id <= 8061868))

table 2 : explain SELECT c FROM sbtest2 WHERE id BETWEEN 281856 AND 281955
	Index Scan using sbtest2_pkey on sbtest2  (cost=0.43..395.90 rows=103 width=121)
	  Index Cond: ((id >= 281856) AND (id <= 281955))

table 3 : explain SELECT c FROM sbtest3 WHERE id BETWEEN 674715 AND 674814
	Index Scan using sbtest3_pkey on sbtest3  (cost=0.43..394.44 rows=103 width=121)
	  Index Cond: ((id >= 674715) AND (id <= 674814))

table 4 : explain SELECT c FROM sbtest4 WHERE id BETWEEN 8753041 AND 8753140
	Index Scan using sbtest4_pkey on sbtest4  (cost=0.43..399.22 rows=105 width=121)
	  Index Cond: ((id >= 8753041) AND (id <= 8753140))

table 5 : explain SELECT c FROM sbtest5 WHERE id BETWEEN 9051764 AND 9051863
	Index Scan using sbtest5_pkey on sbtest5  (cost=0.43..392.03 rows=103 width=121)
	  Index Cond: ((id >= 9051764) AND (id <= 9051863))

table 6 : explain SELECT c FROM sbtest6 WHERE id BETWEEN 9515500 AND 9515599
	Index Scan using sbtest6_pkey on sbtest6  (cost=0.43..388.71 rows=102 width=121)
	  Index Cond: ((id >= 9515500) AND (id <= 9515599))

table 7 : explain SELECT c FROM sbtest7 WHERE id BETWEEN 1598780 AND 1598879
	Index Scan using sbtest7_pkey on sbtest7  (cost=0.43..356.03 rows=93 width=121)
	  Index Cond: ((id >= 1598780) AND (id <= 1598879))

table 8 : explain SELECT c FROM sbtest8 WHERE id BETWEEN 4252509 AND 4252608
	Index Scan using sbtest8_pkey on sbtest8  (cost=0.43..412.06 rows=108 width=121)
	  Index Cond: ((id >= 4252509) AND (id <= 4252608))

for: sum_ranges
table 1 : explain SELECT SUM(k) FROM sbtest1 WHERE id BETWEEN 7422871 AND 7422970
	Aggregate  (cost=391.04..391.05 rows=1 width=8)
	  ->  Index Scan using sbtest1_pkey on sbtest1  (cost=0.43..390.79 rows=102 width=4)
	        Index Cond: ((id >= 7422871) AND (id <= 7422970))

table 2 : explain SELECT SUM(k) FROM sbtest2 WHERE id BETWEEN 2826899 AND 2826998
	Aggregate  (cost=354.31..354.32 rows=1 width=8)
	  ->  Index Scan using sbtest2_pkey on sbtest2  (cost=0.43..354.08 rows=92 width=4)
	        Index Cond: ((id >= 2826899) AND (id <= 2826998))

table 3 : explain SELECT SUM(k) FROM sbtest3 WHERE id BETWEEN 8824425 AND 8824524
	Aggregate  (cost=364.42..364.43 rows=1 width=8)
	  ->  Index Scan using sbtest3_pkey on sbtest3  (cost=0.43..364.18 rows=95 width=4)
	        Index Cond: ((id >= 8824425) AND (id <= 8824524))

table 4 : explain SELECT SUM(k) FROM sbtest4 WHERE id BETWEEN 7391613 AND 7391712
	Aggregate  (cost=376.94..376.95 rows=1 width=8)
	  ->  Index Scan using sbtest4_pkey on sbtest4  (cost=0.43..376.69 rows=99 width=4)
	        Index Cond: ((id >= 7391613) AND (id <= 7391712))

table 5 : explain SELECT SUM(k) FROM sbtest5 WHERE id BETWEEN 7254793 AND 7254892
	Aggregate  (cost=399.81..399.82 rows=1 width=8)
	  ->  Index Scan using sbtest5_pkey on sbtest5  (cost=0.43..399.55 rows=105 width=4)
	        Index Cond: ((id >= 7254793) AND (id <= 7254892))

table 6 : explain SELECT SUM(k) FROM sbtest6 WHERE id BETWEEN 7768608 AND 7768707
	Aggregate  (cost=377.67..377.68 rows=1 width=8)
	  ->  Index Scan using sbtest6_pkey on sbtest6  (cost=0.43..377.42 rows=99 width=4)
	        Index Cond: ((id >= 7768608) AND (id <= 7768707))

table 7 : explain SELECT SUM(k) FROM sbtest7 WHERE id BETWEEN 8628218 AND 8628317
	Aggregate  (cost=352.48..352.49 rows=1 width=8)
	  ->  Index Scan using sbtest7_pkey on sbtest7  (cost=0.43..352.25 rows=92 width=4)
	        Index Cond: ((id >= 8628218) AND (id <= 8628317))

table 8 : explain SELECT SUM(k) FROM sbtest8 WHERE id BETWEEN 9855708 AND 9855807
	Aggregate  (cost=389.69..389.70 rows=1 width=8)
	  ->  Index Scan using sbtest8_pkey on sbtest8  (cost=0.43..389.43 rows=102 width=4)
	        Index Cond: ((id >= 9855708) AND (id <= 9855807))

for inserts
table 1 : explain INSERT INTO sbtest1 (id, k, c, pad) VALUES (6375592, 13, 'foobar', 'foobar')
	Insert on sbtest1  (cost=0.00..0.01 rows=1 width=736)
	  ->  Result  (cost=0.00..0.01 rows=1 width=736)

table 2 : explain INSERT INTO sbtest2 (id, k, c, pad) VALUES (504597, 13, 'foobar', 'foobar')
	Insert on sbtest2  (cost=0.00..0.01 rows=1 width=736)
	  ->  Result  (cost=0.00..0.01 rows=1 width=736)

table 3 : explain INSERT INTO sbtest3 (id, k, c, pad) VALUES (9536011, 13, 'foobar', 'foobar')
	Insert on sbtest3  (cost=0.00..0.01 rows=1 width=736)
	  ->  Result  (cost=0.00..0.01 rows=1 width=736)

table 4 : explain INSERT INTO sbtest4 (id, k, c, pad) VALUES (453152, 13, 'foobar', 'foobar')
	Insert on sbtest4  (cost=0.00..0.01 rows=1 width=736)
	  ->  Result  (cost=0.00..0.01 rows=1 width=736)

table 5 : explain INSERT INTO sbtest5 (id, k, c, pad) VALUES (3090227, 13, 'foobar', 'foobar')
	Insert on sbtest5  (cost=0.00..0.01 rows=1 width=736)
	  ->  Result  (cost=0.00..0.01 rows=1 width=736)

table 6 : explain INSERT INTO sbtest6 (id, k, c, pad) VALUES (2843454, 13, 'foobar', 'foobar')
	Insert on sbtest6  (cost=0.00..0.01 rows=1 width=736)
	  ->  Result  (cost=0.00..0.01 rows=1 width=736)

table 7 : explain INSERT INTO sbtest7 (id, k, c, pad) VALUES (7110767, 13, 'foobar', 'foobar')
	Insert on sbtest7  (cost=0.00..0.01 rows=1 width=736)
	  ->  Result  (cost=0.00..0.01 rows=1 width=736)

table 8 : explain INSERT INTO sbtest8 (id, k, c, pad) VALUES (1039282, 13, 'foobar', 'foobar')
	Insert on sbtest8  (cost=0.00..0.01 rows=1 width=736)
	  ->  Result  (cost=0.00..0.01 rows=1 width=736)

for non_index_updates
table 1 : explain UPDATE sbtest1 SET c='foobar' WHERE id=3536895
	Update on sbtest1  (cost=0.43..8.45 rows=1 width=559)
	  ->  Index Scan using sbtest1_pkey on sbtest1  (cost=0.43..8.45 rows=1 width=559)
	        Index Cond: (id = 3536895)

table 2 : explain UPDATE sbtest2 SET c='foobar' WHERE id=4460372
	Update on sbtest2  (cost=0.43..8.45 rows=1 width=559)
	  ->  Index Scan using sbtest2_pkey on sbtest2  (cost=0.43..8.45 rows=1 width=559)
	        Index Cond: (id = 4460372)

table 3 : explain UPDATE sbtest3 SET c='foobar' WHERE id=5066393
	Update on sbtest3  (cost=0.43..8.45 rows=1 width=559)
	  ->  Index Scan using sbtest3_pkey on sbtest3  (cost=0.43..8.45 rows=1 width=559)
	        Index Cond: (id = 5066393)

table 4 : explain UPDATE sbtest4 SET c='foobar' WHERE id=2453312
	Update on sbtest4  (cost=0.43..8.45 rows=1 width=559)
	  ->  Index Scan using sbtest4_pkey on sbtest4  (cost=0.43..8.45 rows=1 width=559)
	        Index Cond: (id = 2453312)

table 5 : explain UPDATE sbtest5 SET c='foobar' WHERE id=4313614
	Update on sbtest5  (cost=0.43..8.45 rows=1 width=559)
	  ->  Index Scan using sbtest5_pkey on sbtest5  (cost=0.43..8.45 rows=1 width=559)
	        Index Cond: (id = 4313614)

table 6 : explain UPDATE sbtest6 SET c='foobar' WHERE id=2441104
	Update on sbtest6  (cost=0.43..8.45 rows=1 width=559)
	  ->  Index Scan using sbtest6_pkey on sbtest6  (cost=0.43..8.45 rows=1 width=559)
	        Index Cond: (id = 2441104)

table 7 : explain UPDATE sbtest7 SET c='foobar' WHERE id=7568852
	Update on sbtest7  (cost=0.43..8.45 rows=1 width=559)
	  ->  Index Scan using sbtest7_pkey on sbtest7  (cost=0.43..8.45 rows=1 width=559)
	        Index Cond: (id = 7568852)

table 8 : explain UPDATE sbtest8 SET c='foobar' WHERE id=4483444
	Update on sbtest8  (cost=0.43..8.45 rows=1 width=559)
	  ->  Index Scan using sbtest8_pkey on sbtest8  (cost=0.43..8.45 rows=1 width=559)
	        Index Cond: (id = 4483444)

for: simple_ranges
table 1 : explain SELECT c FROM sbtest1 WHERE id BETWEEN 1403639 AND 1403738
	Index Scan using sbtest1_pkey on sbtest1  (cost=0.43..345.32 rows=90 width=121)
	  Index Cond: ((id >= 1403639) AND (id <= 1403738))

table 2 : explain SELECT c FROM sbtest2 WHERE id BETWEEN 1855740 AND 1855839
	Index Scan using sbtest2_pkey on sbtest2  (cost=0.43..369.32 rows=96 width=121)
	  Index Cond: ((id >= 1855740) AND (id <= 1855839))

table 3 : explain SELECT c FROM sbtest3 WHERE id BETWEEN 7100160 AND 7100259
	Index Scan using sbtest3_pkey on sbtest3  (cost=0.43..326.30 rows=85 width=121)
	  Index Cond: ((id >= 7100160) AND (id <= 7100259))

table 4 : explain SELECT c FROM sbtest4 WHERE id BETWEEN 4610011 AND 4610110
	Index Scan using sbtest4_pkey on sbtest4  (cost=0.43..399.22 rows=105 width=121)
	  Index Cond: ((id >= 4610011) AND (id <= 4610110))

table 5 : explain SELECT c FROM sbtest5 WHERE id BETWEEN 7001424 AND 7001523
	Index Scan using sbtest5_pkey on sbtest5  (cost=0.43..365.72 rows=96 width=121)
	  Index Cond: ((id >= 7001424) AND (id <= 7001523))

table 6 : explain SELECT c FROM sbtest6 WHERE id BETWEEN 7245903 AND 7246002
	Index Scan using sbtest6_pkey on sbtest6  (cost=0.43..351.08 rows=92 width=121)
	  Index Cond: ((id >= 7245903) AND (id <= 7246002))

table 7 : explain SELECT c FROM sbtest7 WHERE id BETWEEN 3496292 AND 3496391
	Index Scan using sbtest7_pkey on sbtest7  (cost=0.43..386.24 rows=101 width=121)
	  Index Cond: ((id >= 3496292) AND (id <= 3496391))

table 8 : explain SELECT c FROM sbtest8 WHERE id BETWEEN 4066453 AND 4066552
	Index Scan using sbtest8_pkey on sbtest8  (cost=0.43..347.96 rows=91 width=121)
	  Index Cond: ((id >= 4066453) AND (id <= 4066552))

for: distinct_ranges
table 1 : explain SELECT DISTINCT c FROM sbtest1 WHERE id BETWEEN 8358642 AND 8358741 ORDER BY c
	Unique  (cost=417.14..417.68 rows=108 width=121)
	  ->  Sort  (cost=417.14..417.41 rows=108 width=121)
	        Sort Key: c
	        ->  Index Scan using sbtest1_pkey on sbtest1  (cost=0.43..413.49 rows=108 width=121)
	              Index Cond: ((id >= 8358642) AND (id <= 8358741))

table 2 : explain SELECT DISTINCT c FROM sbtest2 WHERE id BETWEEN 1148206 AND 1148305 ORDER BY c
	Unique  (cost=410.86..411.39 rows=106 width=121)
	  ->  Sort  (cost=410.86..411.12 rows=106 width=121)
	        Sort Key: c
	        ->  Index Scan using sbtest2_pkey on sbtest2  (cost=0.43..407.29 rows=106 width=121)
	              Index Cond: ((id >= 1148206) AND (id <= 1148305))

table 3 : explain SELECT DISTINCT c FROM sbtest3 WHERE id BETWEEN 801652 AND 801751 ORDER BY c
	Unique  (cost=359.60..360.06 rows=93 width=121)
	  ->  Sort  (cost=359.60..359.83 rows=93 width=121)
	        Sort Key: c
	        ->  Index Scan using sbtest3_pkey on sbtest3  (cost=0.43..356.56 rows=93 width=121)
	              Index Cond: ((id >= 801652) AND (id <= 801751))

table 4 : explain SELECT DISTINCT c FROM sbtest4 WHERE id BETWEEN 3265694 AND 3265793 ORDER BY c
	Unique  (cost=402.75..403.27 rows=105 width=121)
	  ->  Sort  (cost=402.75..403.01 rows=105 width=121)
	        Sort Key: c
	        ->  Index Scan using sbtest4_pkey on sbtest4  (cost=0.43..399.22 rows=105 width=121)
	              Index Cond: ((id >= 3265694) AND (id <= 3265793))

table 5 : explain SELECT DISTINCT c FROM sbtest5 WHERE id BETWEEN 6362785 AND 6362884 ORDER BY c
	Unique  (cost=365.08..365.56 rows=95 width=121)
	  ->  Sort  (cost=365.08..365.32 rows=95 width=121)
	        Sort Key: c
	        ->  Index Scan using sbtest5_pkey on sbtest5  (cost=0.43..361.96 rows=95 width=121)
	              Index Cond: ((id >= 6362785) AND (id <= 6362884))

table 6 : explain SELECT DISTINCT c FROM sbtest6 WHERE id BETWEEN 3017684 AND 3017783 ORDER BY c
	Unique  (cost=373.09..373.58 rows=97 width=121)
	  ->  Sort  (cost=373.09..373.34 rows=97 width=121)
	        Sort Key: c
	        ->  Index Scan using sbtest6_pkey on sbtest6  (cost=0.43..369.89 rows=97 width=121)
	              Index Cond: ((id >= 3017684) AND (id <= 3017783))

table 7 : explain SELECT DISTINCT c FROM sbtest7 WHERE id BETWEEN 7280843 AND 7280942 ORDER BY c
	Unique  (cost=366.70..367.18 rows=95 width=121)
	  ->  Sort  (cost=366.70..366.94 rows=95 width=121)
	        Sort Key: c
	        ->  Index Scan using sbtest7_pkey on sbtest7  (cost=0.43..363.58 rows=95 width=121)
	              Index Cond: ((id >= 7280843) AND (id <= 7280942))

table 8 : explain SELECT DISTINCT c FROM sbtest8 WHERE id BETWEEN 8080569 AND 8080668 ORDER BY c
	Unique  (cost=389.03..389.53 rows=101 width=121)
	  ->  Sort  (cost=389.03..389.28 rows=101 width=121)
	        Sort Key: c
	        ->  Index Scan using sbtest8_pkey on sbtest8  (cost=0.43..385.66 rows=101 width=121)
	              Index Cond: ((id >= 8080569) AND (id <= 8080668))

for index_updates
table 1 : explain UPDATE sbtest1 SET k=k+1 WHERE id=9006447
	Update on sbtest1  (cost=0.43..8.46 rows=1 width=196)
	  ->  Index Scan using sbtest1_pkey on sbtest1  (cost=0.43..8.46 rows=1 width=196)
	        Index Cond: (id = 9006447)

table 2 : explain UPDATE sbtest2 SET k=k+1 WHERE id=6402020
	Update on sbtest2  (cost=0.43..8.46 rows=1 width=196)
	  ->  Index Scan using sbtest2_pkey on sbtest2  (cost=0.43..8.46 rows=1 width=196)
	        Index Cond: (id = 6402020)

table 3 : explain UPDATE sbtest3 SET k=k+1 WHERE id=8498271
	Update on sbtest3  (cost=0.43..8.46 rows=1 width=196)
	  ->  Index Scan using sbtest3_pkey on sbtest3  (cost=0.43..8.46 rows=1 width=196)
	        Index Cond: (id = 8498271)

table 4 : explain UPDATE sbtest4 SET k=k+1 WHERE id=3965781
	Update on sbtest4  (cost=0.43..8.46 rows=1 width=196)
	  ->  Index Scan using sbtest4_pkey on sbtest4  (cost=0.43..8.46 rows=1 width=196)
	        Index Cond: (id = 3965781)

table 5 : explain UPDATE sbtest5 SET k=k+1 WHERE id=7855010
	Update on sbtest5  (cost=0.43..8.46 rows=1 width=196)
	  ->  Index Scan using sbtest5_pkey on sbtest5  (cost=0.43..8.46 rows=1 width=196)
	        Index Cond: (id = 7855010)

table 6 : explain UPDATE sbtest6 SET k=k+1 WHERE id=7520888
	Update on sbtest6  (cost=0.43..8.46 rows=1 width=196)
	  ->  Index Scan using sbtest6_pkey on sbtest6  (cost=0.43..8.46 rows=1 width=196)
	        Index Cond: (id = 7520888)

table 7 : explain UPDATE sbtest7 SET k=k+1 WHERE id=5277062
	Update on sbtest7  (cost=0.43..8.46 rows=1 width=196)
	  ->  Index Scan using sbtest7_pkey on sbtest7  (cost=0.43..8.46 rows=1 width=196)
	        Index Cond: (id = 5277062)

table 8 : explain UPDATE sbtest8 SET k=k+1 WHERE id=7553403
	Update on sbtest8  (cost=0.43..8.46 rows=1 width=196)
	  ->  Index Scan using sbtest8_pkey on sbtest8  (cost=0.43..8.46 rows=1 width=196)
	        Index Cond: (id = 7553403)

for index_updates
table 1 : explain UPDATE sbtest1 SET k=k+1 WHERE id=1051244
	Update on sbtest1  (cost=0.43..8.46 rows=1 width=196)
	  ->  Index Scan using sbtest1_pkey on sbtest1  (cost=0.43..8.46 rows=1 width=196)
	        Index Cond: (id = 1051244)

table 2 : explain UPDATE sbtest2 SET k=k+1 WHERE id=3582309
	Update on sbtest2  (cost=0.43..8.46 rows=1 width=196)
	  ->  Index Scan using sbtest2_pkey on sbtest2  (cost=0.43..8.46 rows=1 width=196)
	        Index Cond: (id = 3582309)

table 3 : explain UPDATE sbtest3 SET k=k+1 WHERE id=5838464
	Update on sbtest3  (cost=0.43..8.46 rows=1 width=196)
	  ->  Index Scan using sbtest3_pkey on sbtest3  (cost=0.43..8.46 rows=1 width=196)
	        Index Cond: (id = 5838464)

table 4 : explain UPDATE sbtest4 SET k=k+1 WHERE id=7976993
	Update on sbtest4  (cost=0.43..8.46 rows=1 width=196)
	  ->  Index Scan using sbtest4_pkey on sbtest4  (cost=0.43..8.46 rows=1 width=196)
	        Index Cond: (id = 7976993)

table 5 : explain UPDATE sbtest5 SET k=k+1 WHERE id=9677959
	Update on sbtest5  (cost=0.43..8.46 rows=1 width=196)
	  ->  Index Scan using sbtest5_pkey on sbtest5  (cost=0.43..8.46 rows=1 width=196)
	        Index Cond: (id = 9677959)

table 6 : explain UPDATE sbtest6 SET k=k+1 WHERE id=9246483
	Update on sbtest6  (cost=0.43..8.46 rows=1 width=196)
	  ->  Index Scan using sbtest6_pkey on sbtest6  (cost=0.43..8.46 rows=1 width=196)
	        Index Cond: (id = 9246483)

table 7 : explain UPDATE sbtest7 SET k=k+1 WHERE id=1983382
	Update on sbtest7  (cost=0.43..8.46 rows=1 width=196)
	  ->  Index Scan using sbtest7_pkey on sbtest7  (cost=0.43..8.46 rows=1 width=196)
	        Index Cond: (id = 1983382)

table 8 : explain UPDATE sbtest8 SET k=k+1 WHERE id=7967827
	Update on sbtest8  (cost=0.43..8.46 rows=1 width=196)
	  ->  Index Scan using sbtest8_pkey on sbtest8  (cost=0.43..8.46 rows=1 width=196)
	        Index Cond: (id = 7967827)

for: simple_ranges
table 1 : explain SELECT c FROM sbtest1 WHERE id BETWEEN 1651758 AND 1651857
	Index Scan using sbtest1_pkey on sbtest1  (cost=0.43..402.14 rows=105 width=121)
	  Index Cond: ((id >= 1651758) AND (id <= 1651857))

table 2 : explain SELECT c FROM sbtest2 WHERE id BETWEEN 8621146 AND 8621245
	Index Scan using sbtest2_pkey on sbtest2  (cost=0.43..392.10 rows=102 width=121)
	  Index Cond: ((id >= 8621146) AND (id <= 8621245))

table 3 : explain SELECT c FROM sbtest3 WHERE id BETWEEN 803750 AND 803849
	Index Scan using sbtest3_pkey on sbtest3  (cost=0.43..356.56 rows=93 width=121)
	  Index Cond: ((id >= 803750) AND (id <= 803849))

table 4 : explain SELECT c FROM sbtest4 WHERE id BETWEEN 9072710 AND 9072809
	Index Scan using sbtest4_pkey on sbtest4  (cost=0.43..342.83 rows=90 width=121)
	  Index Cond: ((id >= 9072710) AND (id <= 9072809))

table 5 : explain SELECT c FROM sbtest5 WHERE id BETWEEN 1619378 AND 1619477
	Index Scan using sbtest5_pkey on sbtest5  (cost=0.43..339.34 rows=89 width=121)
	  Index Cond: ((id >= 1619378) AND (id <= 1619477))

table 6 : explain SELECT c FROM sbtest6 WHERE id BETWEEN 7268112 AND 7268211
	Index Scan using sbtest6_pkey on sbtest6  (cost=0.43..351.08 rows=92 width=121)
	  Index Cond: ((id >= 7268112) AND (id <= 7268211))

table 7 : explain SELECT c FROM sbtest7 WHERE id BETWEEN 1933291 AND 1933390
	Index Scan using sbtest7_pkey on sbtest7  (cost=0.43..348.48 rows=91 width=121)
	  Index Cond: ((id >= 1933291) AND (id <= 1933390))

table 8 : explain SELECT c FROM sbtest8 WHERE id BETWEEN 9779747 AND 9779846
	Index Scan using sbtest8_pkey on sbtest8  (cost=0.43..381.89 rows=100 width=121)
	  Index Cond: ((id >= 9779747) AND (id <= 9779846))
explain: for inserts :: explain INSERT INTO sbtest%u (id, k, c, pad) VALUES (%u, 13, 'foobar', 'foobar')

for: simple_ranges
table 1 : explain SELECT c FROM sbtest1 WHERE id BETWEEN 6274610 AND 6274709
	Index Scan using sbtest1_pkey on sbtest1  (cost=0.43..409.71 rows=107 width=121)
	  Index Cond: ((id >= 6274610) AND (id <= 6274709))

table 2 : explain SELECT c FROM sbtest2 WHERE id BETWEEN 53922 AND 54021
	Index Scan using sbtest2_pkey on sbtest2  (cost=0.43..369.32 rows=96 width=121)
	  Index Cond: ((id >= 53922) AND (id <= 54021))

table 3 : explain SELECT c FROM sbtest3 WHERE id BETWEEN 9403816 AND 9403915
	Index Scan using sbtest3_pkey on sbtest3  (cost=0.43..390.66 rows=102 width=121)
	  Index Cond: ((id >= 9403816) AND (id <= 9403915))

table 4 : explain SELECT c FROM sbtest4 WHERE id BETWEEN 663931 AND 664030
	Index Scan using sbtest4_pkey on sbtest4  (cost=0.43..365.43 rows=96 width=121)
	  Index Cond: ((id >= 663931) AND (id <= 664030))

table 5 : explain SELECT c FROM sbtest5 WHERE id BETWEEN 9943660 AND 9943759
	Index Scan using sbtest5_pkey on sbtest5  (cost=0.43..358.20 rows=94 width=121)
	  Index Cond: ((id >= 9943660) AND (id <= 9943759))

table 6 : explain SELECT c FROM sbtest6 WHERE id BETWEEN 6104643 AND 6104742
	Index Scan using sbtest6_pkey on sbtest6  (cost=0.43..377.42 rows=99 width=121)
	  Index Cond: ((id >= 6104643) AND (id <= 6104742))

table 7 : explain SELECT c FROM sbtest7 WHERE id BETWEEN 2768887 AND 2768986
	Index Scan using sbtest7_pkey on sbtest7  (cost=0.43..382.46 rows=100 width=121)
	  Index Cond: ((id >= 2768887) AND (id <= 2768986))

table 8 : explain SELECT c FROM sbtest8 WHERE id BETWEEN 949 AND 1048
	Index Scan using sbtest8_pkey on sbtest8  (cost=0.43..378.12 rows=99 width=121)
	  Index Cond: ((id >= 949) AND (id <= 1048))

explain: for deletes :: explain DELETE FROM sbtest%u WHERE id=%u
for index_updates
table 1 : explain UPDATE sbtest1 SET k=k+1 WHERE id=1751710
	Update on sbtest1  (cost=0.43..8.46 rows=1 width=196)
	  ->  Index Scan using sbtest1_pkey on sbtest1  (cost=0.43..8.46 rows=1 width=196)
	        Index Cond: (id = 1751710)

table 2 : explain UPDATE sbtest2 SET k=k+1 WHERE id=5118157
	Update on sbtest2  (cost=0.43..8.46 rows=1 width=196)
	  ->  Index Scan using sbtest2_pkey on sbtest2  (cost=0.43..8.46 rows=1 width=196)
	        Index Cond: (id = 5118157)

table 3 : explain UPDATE sbtest3 SET k=k+1 WHERE id=4569407
	Update on sbtest3  (cost=0.43..8.46 rows=1 width=196)
	  ->  Index Scan using sbtest3_pkey on sbtest3  (cost=0.43..8.46 rows=1 width=196)
	        Index Cond: (id = 4569407)

table 4 : explain UPDATE sbtest4 SET k=k+1 WHERE id=9555183
	Update on sbtest4  (cost=0.43..8.46 rows=1 width=196)
	  ->  Index Scan using sbtest4_pkey on sbtest4  (cost=0.43..8.46 rows=1 width=196)
	        Index Cond: (id = 9555183)

table 5 : explain UPDATE sbtest5 SET k=k+1 WHERE id=3053947
	Update on sbtest5  (cost=0.43..8.46 rows=1 width=196)
	  ->  Index Scan using sbtest5_pkey on sbtest5  (cost=0.43..8.46 rows=1 width=196)
	        Index Cond: (id = 3053947)

table 6 : explain UPDATE sbtest6 SET k=k+1 WHERE id=7848437
	Update on sbtest6  (cost=0.43..8.46 rows=1 width=196)
	  ->  Index Scan using sbtest6_pkey on sbtest6  (cost=0.43..8.46 rows=1 width=196)
	        Index Cond: (id = 7848437)

table 7 : explain UPDATE sbtest7 SET k=k+1 WHERE id=3200670
	Update on sbtest7  (cost=0.43..8.46 rows=1 width=196)
	  ->  Index Scan using sbtest7_pkey on sbtest7  (cost=0.43..8.46 rows=1 width=196)
	        Index Cond: (id = 3200670)

table 8 : explain UPDATE sbtest8 SET k=k+1 WHERE id=5597762
	Update on sbtest8  (cost=0.43..8.46 rows=1 width=196)
	  ->  Index Scan using sbtest8_pkey on sbtest8  (cost=0.43..8.46 rows=1 width=196)
	        Index Cond: (id = 5597762)

for non_index_updates
table 1 : explain UPDATE sbtest1 SET c='foobar' WHERE id=8343458
	Update on sbtest1  (cost=0.43..8.45 rows=1 width=559)
	  ->  Index Scan using sbtest1_pkey on sbtest1  (cost=0.43..8.45 rows=1 width=559)
	        Index Cond: (id = 8343458)

table 2 : explain UPDATE sbtest2 SET c='foobar' WHERE id=5097108
	Update on sbtest2  (cost=0.43..8.45 rows=1 width=559)
	  ->  Index Scan using sbtest2_pkey on sbtest2  (cost=0.43..8.45 rows=1 width=559)
	        Index Cond: (id = 5097108)

table 3 : explain UPDATE sbtest3 SET c='foobar' WHERE id=5567616
	Update on sbtest3  (cost=0.43..8.45 rows=1 width=559)
	  ->  Index Scan using sbtest3_pkey on sbtest3  (cost=0.43..8.45 rows=1 width=559)
	        Index Cond: (id = 5567616)

table 4 : explain UPDATE sbtest4 SET c='foobar' WHERE id=9027417
	Update on sbtest4  (cost=0.43..8.45 rows=1 width=559)
	  ->  Index Scan using sbtest4_pkey on sbtest4  (cost=0.43..8.45 rows=1 width=559)
	        Index Cond: (id = 9027417)

table 5 : explain UPDATE sbtest5 SET c='foobar' WHERE id=3430714
	Update on sbtest5  (cost=0.43..8.45 rows=1 width=559)
	  ->  Index Scan using sbtest5_pkey on sbtest5  (cost=0.43..8.45 rows=1 width=559)
	        Index Cond: (id = 3430714)

table 6 : explain UPDATE sbtest6 SET c='foobar' WHERE id=2254993
	Update on sbtest6  (cost=0.43..8.45 rows=1 width=559)
	  ->  Index Scan using sbtest6_pkey on sbtest6  (cost=0.43..8.45 rows=1 width=559)
	        Index Cond: (id = 2254993)

table 7 : explain UPDATE sbtest7 SET c='foobar' WHERE id=548936
	Update on sbtest7  (cost=0.43..8.45 rows=1 width=559)
	  ->  Index Scan using sbtest7_pkey on sbtest7  (cost=0.43..8.45 rows=1 width=559)
	        Index Cond: (id = 548936)

table 8 : explain UPDATE sbtest8 SET c='foobar' WHERE id=5898821
	Update on sbtest8  (cost=0.43..8.45 rows=1 width=559)
	  ->  Index Scan using sbtest8_pkey on sbtest8  (cost=0.43..8.45 rows=1 width=559)
	        Index Cond: (id = 5898821)

for non_index_updates
table 1 : explain UPDATE sbtest1 SET c='foobar' WHERE id=8726709
	Update on sbtest1  (cost=0.43..8.45 rows=1 width=559)
	  ->  Index Scan using sbtest1_pkey on sbtest1  (cost=0.43..8.45 rows=1 width=559)
	        Index Cond: (id = 8726709)

table 2 : explain UPDATE sbtest2 SET c='foobar' WHERE id=7399102
	Update on sbtest2  (cost=0.43..8.45 rows=1 width=559)
	  ->  Index Scan using sbtest2_pkey on sbtest2  (cost=0.43..8.45 rows=1 width=559)
	        Index Cond: (id = 7399102)

table 3 : explain UPDATE sbtest3 SET c='foobar' WHERE id=8376677
	Update on sbtest3  (cost=0.43..8.45 rows=1 width=559)
	  ->  Index Scan using sbtest3_pkey on sbtest3  (cost=0.43..8.45 rows=1 width=559)
	        Index Cond: (id = 8376677)

table 4 : explain UPDATE sbtest4 SET c='foobar' WHERE id=5589287
	Update on sbtest4  (cost=0.43..8.45 rows=1 width=559)
	  ->  Index Scan using sbtest4_pkey on sbtest4  (cost=0.43..8.45 rows=1 width=559)
	        Index Cond: (id = 5589287)

table 5 : explain UPDATE sbtest5 SET c='foobar' WHERE id=3173782
	Update on sbtest5  (cost=0.43..8.45 rows=1 width=559)
	  ->  Index Scan using sbtest5_pkey on sbtest5  (cost=0.43..8.45 rows=1 width=559)
	        Index Cond: (id = 3173782)

table 6 : explain UPDATE sbtest6 SET c='foobar' WHERE id=7197714
	Update on sbtest6  (cost=0.43..8.45 rows=1 width=559)
	  ->  Index Scan using sbtest6_pkey on sbtest6  (cost=0.43..8.45 rows=1 width=559)
	        Index Cond: (id = 7197714)

table 7 : explain UPDATE sbtest7 SET c='foobar' WHERE id=8037588
	Update on sbtest7  (cost=0.43..8.45 rows=1 width=559)
	  ->  Index Scan using sbtest7_pkey on sbtest7  (cost=0.43..8.45 rows=1 width=559)
	        Index Cond: (id = 8037588)

table 8 : explain UPDATE sbtest8 SET c='foobar' WHERE id=9114898
	Update on sbtest8  (cost=0.43..8.45 rows=1 width=559)
	  ->  Index Scan using sbtest8_pkey on sbtest8  (cost=0.43..8.45 rows=1 width=559)
	        Index Cond: (id = 9114898)

for deletes
table 1 : explain DELETE FROM sbtest1 WHERE id=9996982
	Delete on sbtest1  (cost=0.43..8.45 rows=1 width=6)
	  ->  Index Scan using sbtest1_pkey on sbtest1  (cost=0.43..8.45 rows=1 width=6)
	        Index Cond: (id = 9996982)

table 2 : explain DELETE FROM sbtest2 WHERE id=1765793
	Delete on sbtest2  (cost=0.43..8.45 rows=1 width=6)
	  ->  Index Scan using sbtest2_pkey on sbtest2  (cost=0.43..8.45 rows=1 width=6)
	        Index Cond: (id = 1765793)

table 3 : explain DELETE FROM sbtest3 WHERE id=2569652
	Delete on sbtest3  (cost=0.43..8.45 rows=1 width=6)
	  ->  Index Scan using sbtest3_pkey on sbtest3  (cost=0.43..8.45 rows=1 width=6)
	        Index Cond: (id = 2569652)

table 4 : explain DELETE FROM sbtest4 WHERE id=8936331
	Delete on sbtest4  (cost=0.43..8.45 rows=1 width=6)
	  ->  Index Scan using sbtest4_pkey on sbtest4  (cost=0.43..8.45 rows=1 width=6)
	        Index Cond: (id = 8936331)

table 5 : explain DELETE FROM sbtest5 WHERE id=1724472
	Delete on sbtest5  (cost=0.43..8.45 rows=1 width=6)
	  ->  Index Scan using sbtest5_pkey on sbtest5  (cost=0.43..8.45 rows=1 width=6)
	        Index Cond: (id = 1724472)

table 6 : explain DELETE FROM sbtest6 WHERE id=5824224
	Delete on sbtest6  (cost=0.43..8.45 rows=1 width=6)
	  ->  Index Scan using sbtest6_pkey on sbtest6  (cost=0.43..8.45 rows=1 width=6)
	        Index Cond: (id = 5824224)

table 7 : explain DELETE FROM sbtest7 WHERE id=879365
	Delete on sbtest7  (cost=0.43..8.45 rows=1 width=6)
	  ->  Index Scan using sbtest7_pkey on sbtest7  (cost=0.43..8.45 rows=1 width=6)
	        Index Cond: (id = 879365)

table 8 : explain DELETE FROM sbtest8 WHERE id=7955774
	Delete on sbtest8  (cost=0.43..8.45 rows=1 width=6)
	  ->  Index Scan using sbtest8_pkey on sbtest8  (cost=0.43..8.45 rows=1 width=6)
	        Index Cond: (id = 7955774)

explain: for non_index_updates :: explain UPDATE sbtest%u SET c='foobar' WHERE id=%u
for point_selects
table 1 : explain SELECT c FROM sbtest1 WHERE id=7149050
	Index Scan using sbtest1_pkey on sbtest1  (cost=0.43..8.45 rows=1 width=121)
	  Index Cond: (id = 7149050)

table 2 : explain SELECT c FROM sbtest2 WHERE id=8835093
	Index Scan using sbtest2_pkey on sbtest2  (cost=0.43..8.45 rows=1 width=121)
	  Index Cond: (id = 8835093)

table 3 : explain SELECT c FROM sbtest3 WHERE id=432949
	Index Scan using sbtest3_pkey on sbtest3  (cost=0.43..8.45 rows=1 width=121)
	  Index Cond: (id = 432949)

table 4 : explain SELECT c FROM sbtest4 WHERE id=4639668
	Index Scan using sbtest4_pkey on sbtest4  (cost=0.43..8.45 rows=1 width=121)
	  Index Cond: (id = 4639668)

table 5 : explain SELECT c FROM sbtest5 WHERE id=4790736
	Index Scan using sbtest5_pkey on sbtest5  (cost=0.43..8.45 rows=1 width=121)
	  Index Cond: (id = 4790736)

table 6 : explain SELECT c FROM sbtest6 WHERE id=2582775
	Index Scan using sbtest6_pkey on sbtest6  (cost=0.43..8.45 rows=1 width=121)
	  Index Cond: (id = 2582775)

table 7 : explain SELECT c FROM sbtest7 WHERE id=7453776
	Index Scan using sbtest7_pkey on sbtest7  (cost=0.43..8.45 rows=1 width=121)
	  Index Cond: (id = 7453776)

table 8 : explain SELECT c FROM sbtest8 WHERE id=5871392
	Index Scan using sbtest8_pkey on sbtest8  (cost=0.43..8.45 rows=1 width=121)
	  Index Cond: (id = 5871392)

explain: for deletes :: explain DELETE FROM sbtest%u WHERE id=%u
explain: for deletes :: explain DELETE FROM sbtest%u WHERE id=%u
for deletes
table 1 : explain DELETE FROM sbtest1 WHERE id=9400324
	Delete on sbtest1  (cost=0.43..8.45 rows=1 width=6)
	  ->  Index Scan using sbtest1_pkey on sbtest1  (cost=0.43..8.45 rows=1 width=6)
	        Index Cond: (id = 9400324)

table 2 : explain DELETE FROM sbtest2 WHERE id=1150533
	Delete on sbtest2  (cost=0.43..8.45 rows=1 width=6)
	  ->  Index Scan using sbtest2_pkey on sbtest2  (cost=0.43..8.45 rows=1 width=6)
	        Index Cond: (id = 1150533)

table 3 : explain DELETE FROM sbtest3 WHERE id=2045738
	Delete on sbtest3  (cost=0.43..8.45 rows=1 width=6)
	  ->  Index Scan using sbtest3_pkey on sbtest3  (cost=0.43..8.45 rows=1 width=6)
	        Index Cond: (id = 2045738)

table 4 : explain DELETE FROM sbtest4 WHERE id=1428740
	Delete on sbtest4  (cost=0.43..8.45 rows=1 width=6)
	  ->  Index Scan using sbtest4_pkey on sbtest4  (cost=0.43..8.45 rows=1 width=6)
	        Index Cond: (id = 1428740)

table 5 : explain DELETE FROM sbtest5 WHERE id=2876937
	Delete on sbtest5  (cost=0.43..8.45 rows=1 width=6)
	  ->  Index Scan using sbtest5_pkey on sbtest5  (cost=0.43..8.45 rows=1 width=6)
	        Index Cond: (id = 2876937)

table 6 : explain DELETE FROM sbtest6 WHERE id=7546935
	Delete on sbtest6  (cost=0.43..8.45 rows=1 width=6)
	  ->  Index Scan using sbtest6_pkey on sbtest6  (cost=0.43..8.45 rows=1 width=6)
	        Index Cond: (id = 7546935)

table 7 : explain DELETE FROM sbtest7 WHERE id=4020355
	Delete on sbtest7  (cost=0.43..8.45 rows=1 width=6)
	  ->  Index Scan using sbtest7_pkey on sbtest7  (cost=0.43..8.45 rows=1 width=6)
	        Index Cond: (id = 4020355)

table 8 : explain DELETE FROM sbtest8 WHERE id=5997778
	Delete on sbtest8  (cost=0.43..8.45 rows=1 width=6)
	  ->  Index Scan using sbtest8_pkey on sbtest8  (cost=0.43..8.45 rows=1 width=6)
	        Index Cond: (id = 5997778)

for index_updates
table 1 : explain UPDATE sbtest1 SET k=k+1 WHERE id=5344264
	Update on sbtest1  (cost=0.43..8.46 rows=1 width=196)
	  ->  Index Scan using sbtest1_pkey on sbtest1  (cost=0.43..8.46 rows=1 width=196)
	        Index Cond: (id = 5344264)

table 2 : explain UPDATE sbtest2 SET k=k+1 WHERE id=3252782
	Update on sbtest2  (cost=0.43..8.46 rows=1 width=196)
	  ->  Index Scan using sbtest2_pkey on sbtest2  (cost=0.43..8.46 rows=1 width=196)
	        Index Cond: (id = 3252782)

table 3 : explain UPDATE sbtest3 SET k=k+1 WHERE id=9136430
	Update on sbtest3  (cost=0.43..8.46 rows=1 width=196)
	  ->  Index Scan using sbtest3_pkey on sbtest3  (cost=0.43..8.46 rows=1 width=196)
	        Index Cond: (id = 9136430)

table 4 : explain UPDATE sbtest4 SET k=k+1 WHERE id=3533778
	Update on sbtest4  (cost=0.43..8.46 rows=1 width=196)
	  ->  Index Scan using sbtest4_pkey on sbtest4  (cost=0.43..8.46 rows=1 width=196)
	        Index Cond: (id = 3533778)

table 5 : explain UPDATE sbtest5 SET k=k+1 WHERE id=4364503
	Update on sbtest5  (cost=0.43..8.46 rows=1 width=196)
	  ->  Index Scan using sbtest5_pkey on sbtest5  (cost=0.43..8.46 rows=1 width=196)
	        Index Cond: (id = 4364503)

table 6 : explain UPDATE sbtest6 SET k=k+1 WHERE id=3783402
	Update on sbtest6  (cost=0.43..8.46 rows=1 width=196)
	  ->  Index Scan using sbtest6_pkey on sbtest6  (cost=0.43..8.46 rows=1 width=196)
	        Index Cond: (id = 3783402)

table 7 : explain UPDATE sbtest7 SET k=k+1 WHERE id=2974951
	Update on sbtest7  (cost=0.43..8.46 rows=1 width=196)
	  ->  Index Scan using sbtest7_pkey on sbtest7  (cost=0.43..8.46 rows=1 width=196)
	        Index Cond: (id = 2974951)

table 8 : explain UPDATE sbtest8 SET k=k+1 WHERE id=5834907
	Update on sbtest8  (cost=0.43..8.46 rows=1 width=196)
	  ->  Index Scan using sbtest8_pkey on sbtest8  (cost=0.43..8.46 rows=1 width=196)
	        Index Cond: (id = 5834907)

for: sum_ranges
table 1 : explain SELECT SUM(k) FROM sbtest1 WHERE id BETWEEN 1026643 AND 1026742
	Aggregate  (cost=353.12..353.13 rows=1 width=8)
	  ->  Index Scan using sbtest1_pkey on sbtest1  (cost=0.43..352.89 rows=92 width=4)
	        Index Cond: ((id >= 1026643) AND (id <= 1026742))

table 2 : explain SELECT SUM(k) FROM sbtest2 WHERE id BETWEEN 6261132 AND 6261231
	Aggregate  (cost=358.16..358.17 rows=1 width=8)
	  ->  Index Scan using sbtest2_pkey on sbtest2  (cost=0.43..357.93 rows=93 width=4)
	        Index Cond: ((id >= 6261132) AND (id <= 6261231))

table 3 : explain SELECT SUM(k) FROM sbtest3 WHERE id BETWEEN 2056293 AND 2056392
	Aggregate  (cost=383.34..383.35 rows=1 width=8)
	  ->  Index Scan using sbtest3_pkey on sbtest3  (cost=0.43..383.09 rows=100 width=4)
	        Index Cond: ((id >= 2056293) AND (id <= 2056392))

table 4 : explain SELECT SUM(k) FROM sbtest4 WHERE id BETWEEN 4630463 AND 4630562
	Aggregate  (cost=399.49..399.50 rows=1 width=8)
	  ->  Index Scan using sbtest4_pkey on sbtest4  (cost=0.43..399.22 rows=105 width=4)
	        Index Cond: ((id >= 4630463) AND (id <= 4630562))

table 5 : explain SELECT SUM(k) FROM sbtest5 WHERE id BETWEEN 6190378 AND 6190477
	Aggregate  (cost=403.57..403.58 rows=1 width=8)
	  ->  Index Scan using sbtest5_pkey on sbtest5  (cost=0.43..403.31 rows=106 width=4)
	        Index Cond: ((id >= 6190378) AND (id <= 6190477))

table 6 : explain SELECT SUM(k) FROM sbtest6 WHERE id BETWEEN 2105561 AND 2105660
	Aggregate  (cost=373.90..373.91 rows=1 width=8)
	  ->  Index Scan using sbtest6_pkey on sbtest6  (cost=0.43..373.65 rows=98 width=4)
	        Index Cond: ((id >= 2105561) AND (id <= 2105660))

table 7 : explain SELECT SUM(k) FROM sbtest7 WHERE id BETWEEN 3216694 AND 3216793
	Aggregate  (cost=367.60..367.61 rows=1 width=8)
	  ->  Index Scan using sbtest7_pkey on sbtest7  (cost=0.43..367.36 rows=96 width=4)
	        Index Cond: ((id >= 3216694) AND (id <= 3216793))

table 8 : explain SELECT SUM(k) FROM sbtest8 WHERE id BETWEEN 5107407 AND 5107506
	Aggregate  (cost=359.51..359.52 rows=1 width=8)
	  ->  Index Scan using sbtest8_pkey on sbtest8  (cost=0.43..359.27 rows=94 width=4)
	        Index Cond: ((id >= 5107407) AND (id <= 5107506))

explain: for non_index_updates :: explain UPDATE sbtest%u SET c='foobar' WHERE id=%u
for: sum_ranges
table 1 : explain SELECT SUM(k) FROM sbtest1 WHERE id BETWEEN 6673496 AND 6673595
	Aggregate  (cost=334.19..334.20 rows=1 width=8)
	  ->  Index Scan using sbtest1_pkey on sbtest1  (cost=0.43..333.97 rows=87 width=4)
	        Index Cond: ((id >= 6673496) AND (id <= 6673595))

table 2 : explain SELECT SUM(k) FROM sbtest2 WHERE id BETWEEN 6016994 AND 6017093
	Aggregate  (cost=350.51..350.52 rows=1 width=8)
	  ->  Index Scan using sbtest2_pkey on sbtest2  (cost=0.43..350.28 rows=91 width=4)
	        Index Cond: ((id >= 6016994) AND (id <= 6017093))

table 3 : explain SELECT SUM(k) FROM sbtest3 WHERE id BETWEEN 8970742 AND 8970841
	Aggregate  (cost=349.22..349.23 rows=1 width=8)
	  ->  Index Scan using sbtest3_pkey on sbtest3  (cost=0.43..348.99 rows=91 width=4)
	        Index Cond: ((id >= 8970742) AND (id <= 8970841))

table 4 : explain SELECT SUM(k) FROM sbtest4 WHERE id BETWEEN 1091956 AND 1092055
	Aggregate  (cost=395.73..395.74 rows=1 width=8)
	  ->  Index Scan using sbtest4_pkey on sbtest4  (cost=0.43..395.47 rows=104 width=4)
	        Index Cond: ((id >= 1091956) AND (id <= 1092055))

table 5 : explain SELECT SUM(k) FROM sbtest5 WHERE id BETWEEN 5346608 AND 5346707
	Aggregate  (cost=373.48..373.49 rows=1 width=8)
	  ->  Index Scan using sbtest5_pkey on sbtest5  (cost=0.43..373.24 rows=98 width=4)
	        Index Cond: ((id >= 5346608) AND (id <= 5346707))

table 6 : explain SELECT SUM(k) FROM sbtest6 WHERE id BETWEEN 3009067 AND 3009166
	Aggregate  (cost=370.13..370.14 rows=1 width=8)
	  ->  Index Scan using sbtest6_pkey on sbtest6  (cost=0.43..369.89 rows=97 width=4)
	        Index Cond: ((id >= 3009067) AND (id <= 3009166))

table 7 : explain SELECT SUM(k) FROM sbtest7 WHERE id BETWEEN 3453265 AND 3453364
	Aggregate  (cost=386.49..386.50 rows=1 width=8)
	  ->  Index Scan using sbtest7_pkey on sbtest7  (cost=0.43..386.24 rows=101 width=4)
	        Index Cond: ((id >= 3453265) AND (id <= 3453364))

table 8 : explain SELECT SUM(k) FROM sbtest8 WHERE id BETWEEN 284147 AND 284246
	Aggregate  (cost=389.69..389.70 rows=1 width=8)
	  ->  Index Scan using sbtest8_pkey on sbtest8  (cost=0.43..389.43 rows=102 width=4)
	        Index Cond: ((id >= 284147) AND (id <= 284246))

explain: for non_index_updates :: explain UPDATE sbtest%u SET c='foobar' WHERE id=%u
for deletes
table 1 : explain DELETE FROM sbtest1 WHERE id=6574436
	Delete on sbtest1  (cost=0.43..8.45 rows=1 width=6)
	  ->  Index Scan using sbtest1_pkey on sbtest1  (cost=0.43..8.45 rows=1 width=6)
	        Index Cond: (id = 6574436)

table 2 : explain DELETE FROM sbtest2 WHERE id=5020027
	Delete on sbtest2  (cost=0.43..8.45 rows=1 width=6)
	  ->  Index Scan using sbtest2_pkey on sbtest2  (cost=0.43..8.45 rows=1 width=6)
	        Index Cond: (id = 5020027)

table 3 : explain DELETE FROM sbtest3 WHERE id=8554036
	Delete on sbtest3  (cost=0.43..8.45 rows=1 width=6)
	  ->  Index Scan using sbtest3_pkey on sbtest3  (cost=0.43..8.45 rows=1 width=6)
	        Index Cond: (id = 8554036)

table 4 : explain DELETE FROM sbtest4 WHERE id=7615256
	Delete on sbtest4  (cost=0.43..8.45 rows=1 width=6)
	  ->  Index Scan using sbtest4_pkey on sbtest4  (cost=0.43..8.45 rows=1 width=6)
	        Index Cond: (id = 7615256)

table 5 : explain DELETE FROM sbtest5 WHERE id=9170347
	Delete on sbtest5  (cost=0.43..8.45 rows=1 width=6)
	  ->  Index Scan using sbtest5_pkey on sbtest5  (cost=0.43..8.45 rows=1 width=6)
	        Index Cond: (id = 9170347)

table 6 : explain DELETE FROM sbtest6 WHERE id=7434638
	Delete on sbtest6  (cost=0.43..8.45 rows=1 width=6)
	  ->  Index Scan using sbtest6_pkey on sbtest6  (cost=0.43..8.45 rows=1 width=6)
	        Index Cond: (id = 7434638)

table 7 : explain DELETE FROM sbtest7 WHERE id=5032772
	Delete on sbtest7  (cost=0.43..8.45 rows=1 width=6)
	  ->  Index Scan using sbtest7_pkey on sbtest7  (cost=0.43..8.45 rows=1 width=6)
	        Index Cond: (id = 5032772)

table 8 : explain DELETE FROM sbtest8 WHERE id=6516463
	Delete on sbtest8  (cost=0.43..8.45 rows=1 width=6)
	  ->  Index Scan using sbtest8_pkey on sbtest8  (cost=0.43..8.45 rows=1 width=6)
	        Index Cond: (id = 6516463)

for non_index_updates
table 1 : explain UPDATE sbtest1 SET c='foobar' WHERE id=1140317
	Update on sbtest1  (cost=0.43..8.45 rows=1 width=559)
	  ->  Index Scan using sbtest1_pkey on sbtest1  (cost=0.43..8.45 rows=1 width=559)
	        Index Cond: (id = 1140317)

table 2 : explain UPDATE sbtest2 SET c='foobar' WHERE id=6080413
	Update on sbtest2  (cost=0.43..8.45 rows=1 width=559)
	  ->  Index Scan using sbtest2_pkey on sbtest2  (cost=0.43..8.45 rows=1 width=559)
	        Index Cond: (id = 6080413)

table 3 : explain UPDATE sbtest3 SET c='foobar' WHERE id=7918057
	Update on sbtest3  (cost=0.43..8.45 rows=1 width=559)
	  ->  Index Scan using sbtest3_pkey on sbtest3  (cost=0.43..8.45 rows=1 width=559)
	        Index Cond: (id = 7918057)

table 4 : explain UPDATE sbtest4 SET c='foobar' WHERE id=3088186
	Update on sbtest4  (cost=0.43..8.45 rows=1 width=559)
	  ->  Index Scan using sbtest4_pkey on sbtest4  (cost=0.43..8.45 rows=1 width=559)
	        Index Cond: (id = 3088186)

table 5 : explain UPDATE sbtest5 SET c='foobar' WHERE id=4951967
	Update on sbtest5  (cost=0.43..8.45 rows=1 width=559)
	  ->  Index Scan using sbtest5_pkey on sbtest5  (cost=0.43..8.45 rows=1 width=559)
	        Index Cond: (id = 4951967)

table 6 : explain UPDATE sbtest6 SET c='foobar' WHERE id=8334676
	Update on sbtest6  (cost=0.43..8.45 rows=1 width=559)
	  ->  Index Scan using sbtest6_pkey on sbtest6  (cost=0.43..8.45 rows=1 width=559)
	        Index Cond: (id = 8334676)

table 7 : explain UPDATE sbtest7 SET c='foobar' WHERE id=2635444
	Update on sbtest7  (cost=0.43..8.45 rows=1 width=559)
	  ->  Index Scan using sbtest7_pkey on sbtest7  (cost=0.43..8.45 rows=1 width=559)
	        Index Cond: (id = 2635444)

table 8 : explain UPDATE sbtest8 SET c='foobar' WHERE id=7926135
	Update on sbtest8  (cost=0.43..8.45 rows=1 width=559)
	  ->  Index Scan using sbtest8_pkey on sbtest8  (cost=0.43..8.45 rows=1 width=559)
	        Index Cond: (id = 7926135)

for point_selects
table 1 : explain SELECT c FROM sbtest1 WHERE id=3603659
	Index Scan using sbtest1_pkey on sbtest1  (cost=0.43..8.45 rows=1 width=121)
	  Index Cond: (id = 3603659)

table 2 : explain SELECT c FROM sbtest2 WHERE id=8879932
	Index Scan using sbtest2_pkey on sbtest2  (cost=0.43..8.45 rows=1 width=121)
	  Index Cond: (id = 8879932)

table 3 : explain SELECT c FROM sbtest3 WHERE id=4740476
	Index Scan using sbtest3_pkey on sbtest3  (cost=0.43..8.45 rows=1 width=121)
	  Index Cond: (id = 4740476)

table 4 : explain SELECT c FROM sbtest4 WHERE id=6088222
	Index Scan using sbtest4_pkey on sbtest4  (cost=0.43..8.45 rows=1 width=121)
	  Index Cond: (id = 6088222)

table 5 : explain SELECT c FROM sbtest5 WHERE id=5428873
	Index Scan using sbtest5_pkey on sbtest5  (cost=0.43..8.45 rows=1 width=121)
	  Index Cond: (id = 5428873)

table 6 : explain SELECT c FROM sbtest6 WHERE id=8531948
	Index Scan using sbtest6_pkey on sbtest6  (cost=0.43..8.45 rows=1 width=121)
	  Index Cond: (id = 8531948)

table 7 : explain SELECT c FROM sbtest7 WHERE id=9109611
	Index Scan using sbtest7_pkey on sbtest7  (cost=0.43..8.45 rows=1 width=121)
	  Index Cond: (id = 9109611)

table 8 : explain SELECT c FROM sbtest8 WHERE id=3188702
	Index Scan using sbtest8_pkey on sbtest8  (cost=0.43..8.45 rows=1 width=121)
	  Index Cond: (id = 3188702)

explain: for inserts :: explain INSERT INTO sbtest%u (id, k, c, pad) VALUES (%u, 13, 'foobar', 'foobar')
for inserts
table 1 : explain INSERT INTO sbtest1 (id, k, c, pad) VALUES (7732357, 13, 'foobar', 'foobar')
	Insert on sbtest1  (cost=0.00..0.01 rows=1 width=736)
	  ->  Result  (cost=0.00..0.01 rows=1 width=736)

table 2 : explain INSERT INTO sbtest2 (id, k, c, pad) VALUES (3051530, 13, 'foobar', 'foobar')
	Insert on sbtest2  (cost=0.00..0.01 rows=1 width=736)
	  ->  Result  (cost=0.00..0.01 rows=1 width=736)

table 3 : explain INSERT INTO sbtest3 (id, k, c, pad) VALUES (7802043, 13, 'foobar', 'foobar')
	Insert on sbtest3  (cost=0.00..0.01 rows=1 width=736)
	  ->  Result  (cost=0.00..0.01 rows=1 width=736)

table 4 : explain INSERT INTO sbtest4 (id, k, c, pad) VALUES (5146762, 13, 'foobar', 'foobar')
	Insert on sbtest4  (cost=0.00..0.01 rows=1 width=736)
	  ->  Result  (cost=0.00..0.01 rows=1 width=736)

table 5 : explain INSERT INTO sbtest5 (id, k, c, pad) VALUES (7233256, 13, 'foobar', 'foobar')
	Insert on sbtest5  (cost=0.00..0.01 rows=1 width=736)
	  ->  Result  (cost=0.00..0.01 rows=1 width=736)

table 6 : explain INSERT INTO sbtest6 (id, k, c, pad) VALUES (618385, 13, 'foobar', 'foobar')
	Insert on sbtest6  (cost=0.00..0.01 rows=1 width=736)
	  ->  Result  (cost=0.00..0.01 rows=1 width=736)

table 7 : explain INSERT INTO sbtest7 (id, k, c, pad) VALUES (8924471, 13, 'foobar', 'foobar')
	Insert on sbtest7  (cost=0.00..0.01 rows=1 width=736)
	  ->  Result  (cost=0.00..0.01 rows=1 width=736)

table 8 : explain INSERT INTO sbtest8 (id, k, c, pad) VALUES (3697400, 13, 'foobar', 'foobar')
	Insert on sbtest8  (cost=0.00..0.01 rows=1 width=736)
	  ->  Result  (cost=0.00..0.01 rows=1 width=736)

explain: for deletes :: explain DELETE FROM sbtest%u WHERE id=%u
explain: for index_updates :: explain UPDATE sbtest%u SET k=k+1 WHERE id=%u
for: simple_ranges
table 1 : explain SELECT c FROM sbtest1 WHERE id BETWEEN 1561583 AND 1561682
	Index Scan using sbtest1_pkey on sbtest1  (cost=0.43..390.79 rows=102 width=121)
	  Index Cond: ((id >= 1561583) AND (id <= 1561682))

table 2 : explain SELECT c FROM sbtest2 WHERE id BETWEEN 6555217 AND 6555316
	Index Scan using sbtest2_pkey on sbtest2  (cost=0.43..365.52 rows=95 width=121)
	  Index Cond: ((id >= 6555217) AND (id <= 6555316))

table 3 : explain SELECT c FROM sbtest3 WHERE id BETWEEN 1545948 AND 1546047
	Index Scan using sbtest3_pkey on sbtest3  (cost=0.43..360.40 rows=94 width=121)
	  Index Cond: ((id >= 1545948) AND (id <= 1546047))

table 4 : explain SELECT c FROM sbtest4 WHERE id BETWEEN 576913 AND 577012
	Index Scan using sbtest4_pkey on sbtest4  (cost=0.43..418.00 rows=110 width=121)
	  Index Cond: ((id >= 576913) AND (id <= 577012))

table 5 : explain SELECT c FROM sbtest5 WHERE id BETWEEN 4553557 AND 4553656
	Index Scan using sbtest5_pkey on sbtest5  (cost=0.43..365.72 rows=96 width=121)
	  Index Cond: ((id >= 4553557) AND (id <= 4553656))

table 6 : explain SELECT c FROM sbtest6 WHERE id BETWEEN 6839563 AND 6839662
	Index Scan using sbtest6_pkey on sbtest6  (cost=0.43..396.23 rows=104 width=121)
	  Index Cond: ((id >= 6839563) AND (id <= 6839662))

table 7 : explain SELECT c FROM sbtest7 WHERE id BETWEEN 9713524 AND 9713623
	Index Scan using sbtest7_pkey on sbtest7  (cost=0.43..390.01 rows=102 width=121)
	  Index Cond: ((id >= 9713524) AND (id <= 9713623))

table 8 : explain SELECT c FROM sbtest8 WHERE id BETWEEN 7606322 AND 7606421
	Index Scan using sbtest8_pkey on sbtest8  (cost=0.43..344.19 rows=90 width=121)
	  Index Cond: ((id >= 7606322) AND (id <= 7606421))

for deletes
table 1 : explain DELETE FROM sbtest1 WHERE id=386693
	Delete on sbtest1  (cost=0.43..8.45 rows=1 width=6)
	  ->  Index Scan using sbtest1_pkey on sbtest1  (cost=0.43..8.45 rows=1 width=6)
	        Index Cond: (id = 386693)

table 2 : explain DELETE FROM sbtest2 WHERE id=5347595
	Delete on sbtest2  (cost=0.43..8.45 rows=1 width=6)
	  ->  Index Scan using sbtest2_pkey on sbtest2  (cost=0.43..8.45 rows=1 width=6)
	        Index Cond: (id = 5347595)

table 3 : explain DELETE FROM sbtest3 WHERE id=8432508
	Delete on sbtest3  (cost=0.43..8.45 rows=1 width=6)
	  ->  Index Scan using sbtest3_pkey on sbtest3  (cost=0.43..8.45 rows=1 width=6)
	        Index Cond: (id = 8432508)

table 4 : explain DELETE FROM sbtest4 WHERE id=8936020
	Delete on sbtest4  (cost=0.43..8.45 rows=1 width=6)
	  ->  Index Scan using sbtest4_pkey on sbtest4  (cost=0.43..8.45 rows=1 width=6)
	        Index Cond: (id = 8936020)

table 5 : explain DELETE FROM sbtest5 WHERE id=3876222
	Delete on sbtest5  (cost=0.43..8.45 rows=1 width=6)
	  ->  Index Scan using sbtest5_pkey on sbtest5  (cost=0.43..8.45 rows=1 width=6)
	        Index Cond: (id = 3876222)

table 6 : explain DELETE FROM sbtest6 WHERE id=7906076
	Delete on sbtest6  (cost=0.43..8.45 rows=1 width=6)
	  ->  Index Scan using sbtest6_pkey on sbtest6  (cost=0.43..8.45 rows=1 width=6)
	        Index Cond: (id = 7906076)

table 7 : explain DELETE FROM sbtest7 WHERE id=7867396
	Delete on sbtest7  (cost=0.43..8.45 rows=1 width=6)
	  ->  Index Scan using sbtest7_pkey on sbtest7  (cost=0.43..8.45 rows=1 width=6)
	        Index Cond: (id = 7867396)

table 8 : explain DELETE FROM sbtest8 WHERE id=7345781
	Delete on sbtest8  (cost=0.43..8.45 rows=1 width=6)
	  ->  Index Scan using sbtest8_pkey on sbtest8  (cost=0.43..8.45 rows=1 width=6)
	        Index Cond: (id = 7345781)

for: sum_ranges
table 1 : explain SELECT SUM(k) FROM sbtest1 WHERE id BETWEEN 2770198 AND 2770297
	Aggregate  (cost=360.69..360.70 rows=1 width=8)
	  ->  Index Scan using sbtest1_pkey on sbtest1  (cost=0.43..360.46 rows=94 width=4)
	        Index Cond: ((id >= 2770198) AND (id <= 2770297))

table 2 : explain SELECT SUM(k) FROM sbtest2 WHERE id BETWEEN 3206811 AND 3206910
	Aggregate  (cost=411.35..411.36 rows=1 width=8)
	  ->  Index Scan using sbtest2_pkey on sbtest2  (cost=0.43..411.09 rows=107 width=4)
	        Index Cond: ((id >= 3206811) AND (id <= 3206910))

table 3 : explain SELECT SUM(k) FROM sbtest3 WHERE id BETWEEN 6298230 AND 6298329
	Aggregate  (cost=330.29..330.30 rows=1 width=8)
	  ->  Index Scan using sbtest3_pkey on sbtest3  (cost=0.43..330.08 rows=86 width=4)
	        Index Cond: ((id >= 6298230) AND (id <= 6298329))

table 4 : explain SELECT SUM(k) FROM sbtest4 WHERE id BETWEEN 9112406 AND 9112505
	Aggregate  (cost=354.39..354.40 rows=1 width=8)
	  ->  Index Scan using sbtest4_pkey on sbtest4  (cost=0.43..354.16 rows=93 width=4)
	        Index Cond: ((id >= 9112406) AND (id <= 9112505))

table 5 : explain SELECT SUM(k) FROM sbtest5 WHERE id BETWEEN 9896113 AND 9896212
	Aggregate  (cost=358.44..358.45 rows=1 width=8)
	  ->  Index Scan using sbtest5_pkey on sbtest5  (cost=0.43..358.20 rows=94 width=4)
	        Index Cond: ((id >= 9896113) AND (id <= 9896212))

table 6 : explain SELECT SUM(k) FROM sbtest6 WHERE id BETWEEN 243726 AND 243825
	Aggregate  (cost=388.96..388.97 rows=1 width=8)
	  ->  Index Scan using sbtest6_pkey on sbtest6  (cost=0.43..388.71 rows=102 width=4)
	        Index Cond: ((id >= 243726) AND (id <= 243825))

table 7 : explain SELECT SUM(k) FROM sbtest7 WHERE id BETWEEN 3915818 AND 3915917
	Aggregate  (cost=356.26..356.27 rows=1 width=8)
	  ->  Index Scan using sbtest7_pkey on sbtest7  (cost=0.43..356.03 rows=93 width=4)
	        Index Cond: ((id >= 3915818) AND (id <= 3915917))

table 8 : explain SELECT SUM(k) FROM sbtest8 WHERE id BETWEEN 2416460 AND 2416559
	Aggregate  (cost=378.37..378.38 rows=1 width=8)
	  ->  Index Scan using sbtest8_pkey on sbtest8  (cost=0.43..378.12 rows=99 width=4)
	        Index Cond: ((id >= 2416460) AND (id <= 2416559))

for: sum_ranges
table 1 : explain SELECT SUM(k) FROM sbtest1 WHERE id BETWEEN 8248329 AND 8248428
	Aggregate  (cost=375.90..375.91 rows=1 width=8)
	  ->  Index Scan using sbtest1_pkey on sbtest1  (cost=0.43..375.65 rows=98 width=4)
	        Index Cond: ((id >= 8248329) AND (id <= 8248428))

table 2 : explain SELECT SUM(k) FROM sbtest2 WHERE id BETWEEN 9414606 AND 9414705
	Aggregate  (cost=380.96..380.97 rows=1 width=8)
	  ->  Index Scan using sbtest2_pkey on sbtest2  (cost=0.43..380.71 rows=99 width=4)
	        Index Cond: ((id >= 9414606) AND (id <= 9414705))

table 3 : explain SELECT SUM(k) FROM sbtest3 WHERE id BETWEEN 6960140 AND 6960239
	Aggregate  (cost=398.48..398.49 rows=1 width=8)
	  ->  Index Scan using sbtest3_pkey on sbtest3  (cost=0.43..398.22 rows=104 width=4)
	        Index Cond: ((id >= 6960140) AND (id <= 6960239))

table 4 : explain SELECT SUM(k) FROM sbtest4 WHERE id BETWEEN 9241137 AND 9241236
	Aggregate  (cost=384.46..384.47 rows=1 width=8)
	  ->  Index Scan using sbtest4_pkey on sbtest4  (cost=0.43..384.20 rows=101 width=4)
	        Index Cond: ((id >= 9241137) AND (id <= 9241236))

table 5 : explain SELECT SUM(k) FROM sbtest5 WHERE id BETWEEN 7329864 AND 7329963
	Aggregate  (cost=396.05..396.06 rows=1 width=8)
	  ->  Index Scan using sbtest5_pkey on sbtest5  (cost=0.43..395.79 rows=104 width=4)
	        Index Cond: ((id >= 7329864) AND (id <= 7329963))

table 6 : explain SELECT SUM(k) FROM sbtest6 WHERE id BETWEEN 1282738 AND 1282837
	Aggregate  (cost=373.90..373.91 rows=1 width=8)
	  ->  Index Scan using sbtest6_pkey on sbtest6  (cost=0.43..373.65 rows=98 width=4)
	        Index Cond: ((id >= 1282738) AND (id <= 1282837))

table 7 : explain SELECT SUM(k) FROM sbtest7 WHERE id BETWEEN 6578872 AND 6578971
	Aggregate  (cost=367.60..367.61 rows=1 width=8)
	  ->  Index Scan using sbtest7_pkey on sbtest7  (cost=0.43..367.36 rows=96 width=4)
	        Index Cond: ((id >= 6578872) AND (id <= 6578971))

table 8 : explain SELECT SUM(k) FROM sbtest8 WHERE id BETWEEN 3321956 AND 3322055
	Aggregate  (cost=355.74..355.75 rows=1 width=8)
	  ->  Index Scan using sbtest8_pkey on sbtest8  (cost=0.43..355.50 rows=93 width=4)
	        Index Cond: ((id >= 3321956) AND (id <= 3322055))

for inserts
table 1 : explain INSERT INTO sbtest1 (id, k, c, pad) VALUES (4806835, 13, 'foobar', 'foobar')
	Insert on sbtest1  (cost=0.00..0.01 rows=1 width=736)
	  ->  Result  (cost=0.00..0.01 rows=1 width=736)

table 2 : explain INSERT INTO sbtest2 (id, k, c, pad) VALUES (4084798, 13, 'foobar', 'foobar')
	Insert on sbtest2  (cost=0.00..0.01 rows=1 width=736)
	  ->  Result  (cost=0.00..0.01 rows=1 width=736)

table 3 : explain INSERT INTO sbtest3 (id, k, c, pad) VALUES (6155909, 13, 'foobar', 'foobar')
	Insert on sbtest3  (cost=0.00..0.01 rows=1 width=736)
	  ->  Result  (cost=0.00..0.01 rows=1 width=736)

table 4 : explain INSERT INTO sbtest4 (id, k, c, pad) VALUES (7624249, 13, 'foobar', 'foobar')
	Insert on sbtest4  (cost=0.00..0.01 rows=1 width=736)
	  ->  Result  (cost=0.00..0.01 rows=1 width=736)

table 5 : explain INSERT INTO sbtest5 (id, k, c, pad) VALUES (4126392, 13, 'foobar', 'foobar')
	Insert on sbtest5  (cost=0.00..0.01 rows=1 width=736)
	  ->  Result  (cost=0.00..0.01 rows=1 width=736)

table 6 : explain INSERT INTO sbtest6 (id, k, c, pad) VALUES (2229094, 13, 'foobar', 'foobar')
	Insert on sbtest6  (cost=0.00..0.01 rows=1 width=736)
	  ->  Result  (cost=0.00..0.01 rows=1 width=736)

table 7 : explain INSERT INTO sbtest7 (id, k, c, pad) VALUES (3633005, 13, 'foobar', 'foobar')
	Insert on sbtest7  (cost=0.00..0.01 rows=1 width=736)
	  ->  Result  (cost=0.00..0.01 rows=1 width=736)

table 8 : explain INSERT INTO sbtest8 (id, k, c, pad) VALUES (1254309, 13, 'foobar', 'foobar')
	Insert on sbtest8  (cost=0.00..0.01 rows=1 width=736)
	  ->  Result  (cost=0.00..0.01 rows=1 width=736)

explain: for point_selects :: explain SELECT c FROM sbtest%u WHERE id=%u
for deletes
table 1 : explain DELETE FROM sbtest1 WHERE id=1165774
	Delete on sbtest1  (cost=0.43..8.45 rows=1 width=6)
	  ->  Index Scan using sbtest1_pkey on sbtest1  (cost=0.43..8.45 rows=1 width=6)
	        Index Cond: (id = 1165774)

table 2 : explain DELETE FROM sbtest2 WHERE id=8482108
	Delete on sbtest2  (cost=0.43..8.45 rows=1 width=6)
	  ->  Index Scan using sbtest2_pkey on sbtest2  (cost=0.43..8.45 rows=1 width=6)
	        Index Cond: (id = 8482108)

table 3 : explain DELETE FROM sbtest3 WHERE id=5629281
	Delete on sbtest3  (cost=0.43..8.45 rows=1 width=6)
	  ->  Index Scan using sbtest3_pkey on sbtest3  (cost=0.43..8.45 rows=1 width=6)
	        Index Cond: (id = 5629281)

table 4 : explain DELETE FROM sbtest4 WHERE id=9075181
	Delete on sbtest4  (cost=0.43..8.45 rows=1 width=6)
	  ->  Index Scan using sbtest4_pkey on sbtest4  (cost=0.43..8.45 rows=1 width=6)
	        Index Cond: (id = 9075181)

table 5 : explain DELETE FROM sbtest5 WHERE id=6589759
	Delete on sbtest5  (cost=0.43..8.45 rows=1 width=6)
	  ->  Index Scan using sbtest5_pkey on sbtest5  (cost=0.43..8.45 rows=1 width=6)
	        Index Cond: (id = 6589759)

table 6 : explain DELETE FROM sbtest6 WHERE id=1094925
	Delete on sbtest6  (cost=0.43..8.45 rows=1 width=6)
	  ->  Index Scan using sbtest6_pkey on sbtest6  (cost=0.43..8.45 rows=1 width=6)
	        Index Cond: (id = 1094925)

table 7 : explain DELETE FROM sbtest7 WHERE id=1454494
	Delete on sbtest7  (cost=0.43..8.45 rows=1 width=6)
	  ->  Index Scan using sbtest7_pkey on sbtest7  (cost=0.43..8.45 rows=1 width=6)
	        Index Cond: (id = 1454494)

table 8 : explain DELETE FROM sbtest8 WHERE id=3397842
	Delete on sbtest8  (cost=0.43..8.45 rows=1 width=6)
	  ->  Index Scan using sbtest8_pkey on sbtest8  (cost=0.43..8.45 rows=1 width=6)
	        Index Cond: (id = 3397842)

explain: for inserts :: explain INSERT INTO sbtest%u (id, k, c, pad) VALUES (%u, 13, 'foobar', 'foobar')
for: sum_ranges
table 1 : explain SELECT SUM(k) FROM sbtest1 WHERE id BETWEEN 5899612 AND 5899711
	Aggregate  (cost=360.69..360.70 rows=1 width=8)
	  ->  Index Scan using sbtest1_pkey on sbtest1  (cost=0.43..360.46 rows=94 width=4)
	        Index Cond: ((id >= 5899612) AND (id <= 5899711))

table 2 : explain SELECT SUM(k) FROM sbtest2 WHERE id BETWEEN 9241911 AND 9242010
	Aggregate  (cost=392.36..392.37 rows=1 width=8)
	  ->  Index Scan using sbtest2_pkey on sbtest2  (cost=0.43..392.10 rows=102 width=4)
	        Index Cond: ((id >= 9241911) AND (id <= 9242010))

table 3 : explain SELECT SUM(k) FROM sbtest3 WHERE id BETWEEN 6385168 AND 6385267
	Aggregate  (cost=330.29..330.30 rows=1 width=8)
	  ->  Index Scan using sbtest3_pkey on sbtest3  (cost=0.43..330.08 rows=86 width=4)
	        Index Cond: ((id >= 6385168) AND (id <= 6385267))

table 4 : explain SELECT SUM(k) FROM sbtest4 WHERE id BETWEEN 5805097 AND 5805196
	Aggregate  (cost=369.42..369.43 rows=1 width=8)
	  ->  Index Scan using sbtest4_pkey on sbtest4  (cost=0.43..369.18 rows=97 width=4)
	        Index Cond: ((id >= 5805097) AND (id <= 5805196))

table 5 : explain SELECT SUM(k) FROM sbtest5 WHERE id BETWEEN 5981865 AND 5981964
	Aggregate  (cost=411.09..411.10 rows=1 width=8)
	  ->  Index Scan using sbtest5_pkey on sbtest5  (cost=0.43..410.82 rows=108 width=4)
	        Index Cond: ((id >= 5981865) AND (id <= 5981964))

table 6 : explain SELECT SUM(k) FROM sbtest6 WHERE id BETWEEN 8090893 AND 8090992
	Aggregate  (cost=366.37..366.38 rows=1 width=8)
	  ->  Index Scan using sbtest6_pkey on sbtest6  (cost=0.43..366.13 rows=96 width=4)
	        Index Cond: ((id >= 8090893) AND (id <= 8090992))

table 7 : explain SELECT SUM(k) FROM sbtest7 WHERE id BETWEEN 4317377 AND 4317476
	Aggregate  (cost=348.70..348.71 rows=1 width=8)
	  ->  Index Scan using sbtest7_pkey on sbtest7  (cost=0.43..348.48 rows=91 width=4)
	        Index Cond: ((id >= 4317377) AND (id <= 4317476))

table 8 : explain SELECT SUM(k) FROM sbtest8 WHERE id BETWEEN 8861923 AND 8862022
	Aggregate  (cost=389.69..389.70 rows=1 width=8)
	  ->  Index Scan using sbtest8_pkey on sbtest8  (cost=0.43..389.43 rows=102 width=4)
	        Index Cond: ((id >= 8861923) AND (id <= 8862022))

explain: for point_selects :: explain SELECT c FROM sbtest%u WHERE id=%u
for non_index_updates
table 1 : explain UPDATE sbtest1 SET c='foobar' WHERE id=2320124
	Update on sbtest1  (cost=0.43..8.45 rows=1 width=559)
	  ->  Index Scan using sbtest1_pkey on sbtest1  (cost=0.43..8.45 rows=1 width=559)
	        Index Cond: (id = 2320124)

table 2 : explain UPDATE sbtest2 SET c='foobar' WHERE id=2032311
	Update on sbtest2  (cost=0.43..8.45 rows=1 width=559)
	  ->  Index Scan using sbtest2_pkey on sbtest2  (cost=0.43..8.45 rows=1 width=559)
	        Index Cond: (id = 2032311)

table 3 : explain UPDATE sbtest3 SET c='foobar' WHERE id=5194203
	Update on sbtest3  (cost=0.43..8.45 rows=1 width=559)
	  ->  Index Scan using sbtest3_pkey on sbtest3  (cost=0.43..8.45 rows=1 width=559)
	        Index Cond: (id = 5194203)

table 4 : explain UPDATE sbtest4 SET c='foobar' WHERE id=6134189
	Update on sbtest4  (cost=0.43..8.45 rows=1 width=559)
	  ->  Index Scan using sbtest4_pkey on sbtest4  (cost=0.43..8.45 rows=1 width=559)
	        Index Cond: (id = 6134189)

table 5 : explain UPDATE sbtest5 SET c='foobar' WHERE id=6528698
	Update on sbtest5  (cost=0.43..8.45 rows=1 width=559)
	  ->  Index Scan using sbtest5_pkey on sbtest5  (cost=0.43..8.45 rows=1 width=559)
	        Index Cond: (id = 6528698)

table 6 : explain UPDATE sbtest6 SET c='foobar' WHERE id=3884120
	Update on sbtest6  (cost=0.43..8.45 rows=1 width=559)
	  ->  Index Scan using sbtest6_pkey on sbtest6  (cost=0.43..8.45 rows=1 width=559)
	        Index Cond: (id = 3884120)

table 7 : explain UPDATE sbtest7 SET c='foobar' WHERE id=5878512
	Update on sbtest7  (cost=0.43..8.45 rows=1 width=559)
	  ->  Index Scan using sbtest7_pkey on sbtest7  (cost=0.43..8.45 rows=1 width=559)
	        Index Cond: (id = 5878512)

table 8 : explain UPDATE sbtest8 SET c='foobar' WHERE id=2203269
	Update on sbtest8  (cost=0.43..8.45 rows=1 width=559)
	  ->  Index Scan using sbtest8_pkey on sbtest8  (cost=0.43..8.45 rows=1 width=559)
	        Index Cond: (id = 2203269)

for non_index_updates
table 1 : explain UPDATE sbtest1 SET c='foobar' WHERE id=6810706
	Update on sbtest1  (cost=0.43..8.45 rows=1 width=559)
	  ->  Index Scan using sbtest1_pkey on sbtest1  (cost=0.43..8.45 rows=1 width=559)
	        Index Cond: (id = 6810706)

table 2 : explain UPDATE sbtest2 SET c='foobar' WHERE id=6402433
	Update on sbtest2  (cost=0.43..8.45 rows=1 width=559)
	  ->  Index Scan using sbtest2_pkey on sbtest2  (cost=0.43..8.45 rows=1 width=559)
	        Index Cond: (id = 6402433)

table 3 : explain UPDATE sbtest3 SET c='foobar' WHERE id=7687030
	Update on sbtest3  (cost=0.43..8.45 rows=1 width=559)
	  ->  Index Scan using sbtest3_pkey on sbtest3  (cost=0.43..8.45 rows=1 width=559)
	        Index Cond: (id = 7687030)

table 4 : explain UPDATE sbtest4 SET c='foobar' WHERE id=5721301
	Update on sbtest4  (cost=0.43..8.45 rows=1 width=559)
	  ->  Index Scan using sbtest4_pkey on sbtest4  (cost=0.43..8.45 rows=1 width=559)
	        Index Cond: (id = 5721301)

table 5 : explain UPDATE sbtest5 SET c='foobar' WHERE id=501070
	Update on sbtest5  (cost=0.43..8.45 rows=1 width=559)
	  ->  Index Scan using sbtest5_pkey on sbtest5  (cost=0.43..8.45 rows=1 width=559)
	        Index Cond: (id = 501070)

table 6 : explain UPDATE sbtest6 SET c='foobar' WHERE id=5822163
	Update on sbtest6  (cost=0.43..8.45 rows=1 width=559)
	  ->  Index Scan using sbtest6_pkey on sbtest6  (cost=0.43..8.45 rows=1 width=559)
	        Index Cond: (id = 5822163)

table 7 : explain UPDATE sbtest7 SET c='foobar' WHERE id=3542867
	Update on sbtest7  (cost=0.43..8.45 rows=1 width=559)
	  ->  Index Scan using sbtest7_pkey on sbtest7  (cost=0.43..8.45 rows=1 width=559)
	        Index Cond: (id = 3542867)

table 8 : explain UPDATE sbtest8 SET c='foobar' WHERE id=6890434
	Update on sbtest8  (cost=0.43..8.45 rows=1 width=559)
	  ->  Index Scan using sbtest8_pkey on sbtest8  (cost=0.43..8.45 rows=1 width=559)
	        Index Cond: (id = 6890434)

explain: for non_index_updates :: explain UPDATE sbtest%u SET c='foobar' WHERE id=%u
for: order_ranges
table 1 : explain SELECT c FROM sbtest1 WHERE id BETWEEN 8941128 AND 8941227 ORDER BY c
	Sort  (cost=382.72..382.96 rows=99 width=121)
	  Sort Key: c
	  ->  Index Scan using sbtest1_pkey on sbtest1  (cost=0.43..379.44 rows=99 width=121)
	        Index Cond: ((id >= 8941128) AND (id <= 8941227))

table 2 : explain SELECT c FROM sbtest2 WHERE id BETWEEN 1817736 AND 1817835 ORDER BY c
	Sort  (cost=372.48..372.72 rows=96 width=121)
	  Sort Key: c
	  ->  Index Scan using sbtest2_pkey on sbtest2  (cost=0.43..369.32 rows=96 width=121)
	        Index Cond: ((id >= 1817736) AND (id <= 1817835))

table 3 : explain SELECT c FROM sbtest3 WHERE id BETWEEN 78908 AND 79007 ORDER BY c
	Sort  (cost=390.24..390.49 rows=101 width=121)
	  Sort Key: c
	  ->  Index Scan using sbtest3_pkey on sbtest3  (cost=0.43..386.87 rows=101 width=121)
	        Index Cond: ((id >= 78908) AND (id <= 79007))

table 4 : explain SELECT c FROM sbtest4 WHERE id BETWEEN 9789162 AND 9789261 ORDER BY c
	Sort  (cost=395.16..395.42 rows=103 width=121)
	  Sort Key: c
	  ->  Index Scan using sbtest4_pkey on sbtest4  (cost=0.43..391.71 rows=103 width=121)
	        Index Cond: ((id >= 9789162) AND (id <= 9789261))

table 5 : explain SELECT c FROM sbtest5 WHERE id BETWEEN 932295 AND 932394 ORDER BY c
	Sort  (cost=372.68..372.92 rows=97 width=121)
	  Sort Key: c
	  ->  Index Scan using sbtest5_pkey on sbtest5  (cost=0.43..369.48 rows=97 width=121)
	        Index Cond: ((id >= 932295) AND (id <= 932394))

table 6 : explain SELECT c FROM sbtest6 WHERE id BETWEEN 1689973 AND 1690072 ORDER BY c
	Sort  (cost=418.74..419.01 rows=109 width=121)
	  Sort Key: c
	  ->  Index Scan using sbtest6_pkey on sbtest6  (cost=0.43..415.05 rows=109 width=121)
	        Index Cond: ((id >= 1689973) AND (id <= 1690072))

table 7 : explain SELECT c FROM sbtest7 WHERE id BETWEEN 2071860 AND 2071959 ORDER BY c
	Sort  (cost=393.42..393.67 rows=102 width=121)
	  Sort Key: c
	  ->  Index Scan using sbtest7_pkey on sbtest7  (cost=0.43..390.01 rows=102 width=121)
	        Index Cond: ((id >= 2071860) AND (id <= 2071959))

table 8 : explain SELECT c FROM sbtest8 WHERE id BETWEEN 9384086 AND 9384185 ORDER BY c
	Sort  (cost=381.41..381.65 rows=99 width=121)
	  Sort Key: c
	  ->  Index Scan using sbtest8_pkey on sbtest8  (cost=0.43..378.12 rows=99 width=121)
	        Index Cond: ((id >= 9384086) AND (id <= 9384185))

for: simple_ranges
table 1 : explain SELECT c FROM sbtest1 WHERE id BETWEEN 8112675 AND 8112774
	Index Scan using sbtest1_pkey on sbtest1  (cost=0.43..379.44 rows=99 width=121)
	  Index Cond: ((id >= 8112675) AND (id <= 8112774))

table 2 : explain SELECT c FROM sbtest2 WHERE id BETWEEN 6219907 AND 6220006
	Index Scan using sbtest2_pkey on sbtest2  (cost=0.43..357.93 rows=93 width=121)
	  Index Cond: ((id >= 6219907) AND (id <= 6220006))

table 3 : explain SELECT c FROM sbtest3 WHERE id BETWEEN 618795 AND 618894
	Index Scan using sbtest3_pkey on sbtest3  (cost=0.43..394.44 rows=103 width=121)
	  Index Cond: ((id >= 618795) AND (id <= 618894))

table 4 : explain SELECT c FROM sbtest4 WHERE id BETWEEN 3008378 AND 3008477
	Index Scan using sbtest4_pkey on sbtest4  (cost=0.43..354.16 rows=93 width=121)
	  Index Cond: ((id >= 3008378) AND (id <= 3008477))

table 5 : explain SELECT c FROM sbtest5 WHERE id BETWEEN 4737711 AND 4737810
	Index Scan using sbtest5_pkey on sbtest5  (cost=0.43..395.79 rows=104 width=121)
	  Index Cond: ((id >= 4737711) AND (id <= 4737810))

table 6 : explain SELECT c FROM sbtest6 WHERE id BETWEEN 4276151 AND 4276250
	Index Scan using sbtest6_pkey on sbtest6  (cost=0.43..396.23 rows=104 width=121)
	  Index Cond: ((id >= 4276151) AND (id <= 4276250))

table 7 : explain SELECT c FROM sbtest7 WHERE id BETWEEN 1037476 AND 1037575
	Index Scan using sbtest7_pkey on sbtest7  (cost=0.43..401.34 rows=105 width=121)
	  Index Cond: ((id >= 1037476) AND (id <= 1037575))

table 8 : explain SELECT c FROM sbtest8 WHERE id BETWEEN 1270362 AND 1270461
	Index Scan using sbtest8_pkey on sbtest8  (cost=0.43..396.98 rows=104 width=121)
	  Index Cond: ((id >= 1270362) AND (id <= 1270461))

explain: for inserts :: explain INSERT INTO sbtest%u (id, k, c, pad) VALUES (%u, 13, 'foobar', 'foobar')
for: order_ranges
table 1 : explain SELECT c FROM sbtest1 WHERE id BETWEEN 2395717 AND 2395816 ORDER BY c
	Sort  (cost=386.54..386.79 rows=100 width=121)
	  Sort Key: c
	  ->  Index Scan using sbtest1_pkey on sbtest1  (cost=0.43..383.22 rows=100 width=121)
	        Index Cond: ((id >= 2395717) AND (id <= 2395816))

table 2 : explain SELECT c FROM sbtest2 WHERE id BETWEEN 7622584 AND 7622683 ORDER BY c
	Sort  (cost=368.64..368.88 rows=95 width=121)
	  Sort Key: c
	  ->  Index Scan using sbtest2_pkey on sbtest2  (cost=0.43..365.52 rows=95 width=121)
	        Index Cond: ((id >= 7622584) AND (id <= 7622683))

table 3 : explain SELECT c FROM sbtest3 WHERE id BETWEEN 6536198 AND 6536297 ORDER BY c
	Sort  (cost=401.71..401.97 rows=104 width=121)
	  Sort Key: c
	  ->  Index Scan using sbtest3_pkey on sbtest3  (cost=0.43..398.22 rows=104 width=121)
	        Index Cond: ((id >= 6536198) AND (id <= 6536297))

table 4 : explain SELECT c FROM sbtest4 WHERE id BETWEEN 710169 AND 710268 ORDER BY c
	Sort  (cost=414.14..414.41 rows=108 width=121)
	  Sort Key: c
	  ->  Index Scan using sbtest4_pkey on sbtest4  (cost=0.43..410.49 rows=108 width=121)
	        Index Cond: ((id >= 710169) AND (id <= 710268))

table 5 : explain SELECT c FROM sbtest5 WHERE id BETWEEN 55295 AND 55394 ORDER BY c
	Sort  (cost=372.68..372.92 rows=97 width=121)
	  Sort Key: c
	  ->  Index Scan using sbtest5_pkey on sbtest5  (cost=0.43..369.48 rows=97 width=121)
	        Index Cond: ((id >= 55295) AND (id <= 55394))

table 6 : explain SELECT c FROM sbtest6 WHERE id BETWEEN 7461053 AND 7461152 ORDER BY c
	Sort  (cost=399.72..399.98 rows=104 width=121)
	  Sort Key: c
	  ->  Index Scan using sbtest6_pkey on sbtest6  (cost=0.43..396.23 rows=104 width=121)
	        Index Cond: ((id >= 7461053) AND (id <= 7461152))

table 7 : explain SELECT c FROM sbtest7 WHERE id BETWEEN 3660710 AND 3660809 ORDER BY c
	Sort  (cost=378.15..378.39 rows=98 width=121)
	  Sort Key: c
	  ->  Index Scan using sbtest7_pkey on sbtest7  (cost=0.43..374.91 rows=98 width=121)
	        Index Cond: ((id >= 3660710) AND (id <= 3660809))

table 8 : explain SELECT c FROM sbtest8 WHERE id BETWEEN 8232575 AND 8232674 ORDER BY c
	Sort  (cost=366.16..366.40 rows=95 width=121)
	  Sort Key: c
	  ->  Index Scan using sbtest8_pkey on sbtest8  (cost=0.43..363.04 rows=95 width=121)
	        Index Cond: ((id >= 8232575) AND (id <= 8232674))

explain: for deletes :: explain DELETE FROM sbtest%u WHERE id=%u
explain: for inserts :: explain INSERT INTO sbtest%u (id, k, c, pad) VALUES (%u, 13, 'foobar', 'foobar')
explain: for deletes :: explain DELETE FROM sbtest%u WHERE id=%u
for inserts
table 1 : explain INSERT INTO sbtest1 (id, k, c, pad) VALUES (5539421, 13, 'foobar', 'foobar')
	Insert on sbtest1  (cost=0.00..0.01 rows=1 width=736)
	  ->  Result  (cost=0.00..0.01 rows=1 width=736)

table 2 : explain INSERT INTO sbtest2 (id, k, c, pad) VALUES (6535601, 13, 'foobar', 'foobar')
	Insert on sbtest2  (cost=0.00..0.01 rows=1 width=736)
	  ->  Result  (cost=0.00..0.01 rows=1 width=736)

table 3 : explain INSERT INTO sbtest3 (id, k, c, pad) VALUES (8560902, 13, 'foobar', 'foobar')
	Insert on sbtest3  (cost=0.00..0.01 rows=1 width=736)
	  ->  Result  (cost=0.00..0.01 rows=1 width=736)

table 4 : explain INSERT INTO sbtest4 (id, k, c, pad) VALUES (7168798, 13, 'foobar', 'foobar')
	Insert on sbtest4  (cost=0.00..0.01 rows=1 width=736)
	  ->  Result  (cost=0.00..0.01 rows=1 width=736)

table 5 : explain INSERT INTO sbtest5 (id, k, c, pad) VALUES (3731697, 13, 'foobar', 'foobar')
	Insert on sbtest5  (cost=0.00..0.01 rows=1 width=736)
	  ->  Result  (cost=0.00..0.01 rows=1 width=736)

table 6 : explain INSERT INTO sbtest6 (id, k, c, pad) VALUES (9398689, 13, 'foobar', 'foobar')
	Insert on sbtest6  (cost=0.00..0.01 rows=1 width=736)
	  ->  Result  (cost=0.00..0.01 rows=1 width=736)

table 7 : explain INSERT INTO sbtest7 (id, k, c, pad) VALUES (8230102, 13, 'foobar', 'foobar')
	Insert on sbtest7  (cost=0.00..0.01 rows=1 width=736)
	  ->  Result  (cost=0.00..0.01 rows=1 width=736)

table 8 : explain INSERT INTO sbtest8 (id, k, c, pad) VALUES (8585960, 13, 'foobar', 'foobar')
	Insert on sbtest8  (cost=0.00..0.01 rows=1 width=736)
	  ->  Result  (cost=0.00..0.01 rows=1 width=736)

for: order_ranges
table 1 : explain SELECT c FROM sbtest1 WHERE id BETWEEN 4583095 AND 4583194 ORDER BY c
	Sort  (cost=367.36..367.60 rows=95 width=121)
	  Sort Key: c
	  ->  Index Scan using sbtest1_pkey on sbtest1  (cost=0.43..364.24 rows=95 width=121)
	        Index Cond: ((id >= 4583095) AND (id <= 4583194))

table 2 : explain SELECT c FROM sbtest2 WHERE id BETWEEN 3203039 AND 3203138 ORDER BY c
	Sort  (cost=414.69..414.96 rows=107 width=121)
	  Sort Key: c
	  ->  Index Scan using sbtest2_pkey on sbtest2  (cost=0.43..411.09 rows=107 width=121)
	        Index Cond: ((id >= 3203039) AND (id <= 3203138))

table 3 : explain SELECT c FROM sbtest3 WHERE id BETWEEN 5414810 AND 5414909 ORDER BY c
	Sort  (cost=371.12..371.36 rows=96 width=121)
	  Sort Key: c
	  ->  Index Scan using sbtest3_pkey on sbtest3  (cost=0.43..367.96 rows=96 width=121)
	        Index Cond: ((id >= 5414810) AND (id <= 5414909))

table 4 : explain SELECT c FROM sbtest4 WHERE id BETWEEN 3911265 AND 3911364 ORDER BY c
	Sort  (cost=349.61..349.84 rows=91 width=121)
	  Sort Key: c
	  ->  Index Scan using sbtest4_pkey on sbtest4  (cost=0.43..346.65 rows=91 width=121)
	        Index Cond: ((id >= 3911265) AND (id <= 3911364))

table 5 : explain SELECT c FROM sbtest5 WHERE id BETWEEN 2659700 AND 2659799 ORDER BY c
	Sort  (cost=380.28..380.53 rows=99 width=121)
	  Sort Key: c
	  ->  Index Scan using sbtest5_pkey on sbtest5  (cost=0.43..377.00 rows=99 width=121)
	        Index Cond: ((id >= 2659700) AND (id <= 2659799))

table 6 : explain SELECT c FROM sbtest6 WHERE id BETWEEN 9946822 AND 9946921 ORDER BY c
	Sort  (cost=354.08..354.31 rows=92 width=121)
	  Sort Key: c
	  ->  Index Scan using sbtest6_pkey on sbtest6  (cost=0.43..351.08 rows=92 width=121)
	        Index Cond: ((id >= 9946822) AND (id <= 9946921))

table 7 : explain SELECT c FROM sbtest7 WHERE id BETWEEN 7587321 AND 7587420 ORDER BY c
	Sort  (cost=378.15..378.39 rows=98 width=121)
	  Sort Key: c
	  ->  Index Scan using sbtest7_pkey on sbtest7  (cost=0.43..374.91 rows=98 width=121)
	        Index Cond: ((id >= 7587321) AND (id <= 7587420))

table 8 : explain SELECT c FROM sbtest8 WHERE id BETWEEN 537282 AND 537381 ORDER BY c
	Sort  (cost=362.35..362.59 rows=94 width=121)
	  Sort Key: c
	  ->  Index Scan using sbtest8_pkey on sbtest8  (cost=0.43..359.27 rows=94 width=121)
	        Index Cond: ((id >= 537282) AND (id <= 537381))

for: order_ranges
table 1 : explain SELECT c FROM sbtest1 WHERE id BETWEEN 7446461 AND 7446560 ORDER BY c
	Sort  (cost=394.19..394.44 rows=102 width=121)
	  Sort Key: c
	  ->  Index Scan using sbtest1_pkey on sbtest1  (cost=0.43..390.79 rows=102 width=121)
	        Index Cond: ((id >= 7446461) AND (id <= 7446560))

table 2 : explain SELECT c FROM sbtest2 WHERE id BETWEEN 5097916 AND 5098015 ORDER BY c
	Sort  (cost=414.69..414.96 rows=107 width=121)
	  Sort Key: c
	  ->  Index Scan using sbtest2_pkey on sbtest2  (cost=0.43..411.09 rows=107 width=121)
	        Index Cond: ((id >= 5097916) AND (id <= 5098015))

table 3 : explain SELECT c FROM sbtest3 WHERE id BETWEEN 9296135 AND 9296234 ORDER BY c
	Sort  (cost=390.24..390.49 rows=101 width=121)
	  Sort Key: c
	  ->  Index Scan using sbtest3_pkey on sbtest3  (cost=0.43..386.87 rows=101 width=121)
	        Index Cond: ((id >= 9296135) AND (id <= 9296234))

table 4 : explain SELECT c FROM sbtest4 WHERE id BETWEEN 1357746 AND 1357845 ORDER BY c
	Sort  (cost=425.53..425.81 rows=111 width=121)
	  Sort Key: c
	  ->  Index Scan using sbtest4_pkey on sbtest4  (cost=0.43..421.76 rows=111 width=121)
	        Index Cond: ((id >= 1357746) AND (id <= 1357845))

table 5 : explain SELECT c FROM sbtest5 WHERE id BETWEEN 4153187 AND 4153286 ORDER BY c
	Sort  (cost=368.88..369.12 rows=96 width=121)
	  Sort Key: c
	  ->  Index Scan using sbtest5_pkey on sbtest5  (cost=0.43..365.72 rows=96 width=121)
	        Index Cond: ((id >= 4153187) AND (id <= 4153286))

table 6 : explain SELECT c FROM sbtest6 WHERE id BETWEEN 3983194 AND 3983293 ORDER BY c
	Sort  (cost=384.50..384.75 rows=100 width=121)
	  Sort Key: c
	  ->  Index Scan using sbtest6_pkey on sbtest6  (cost=0.43..381.18 rows=100 width=121)
	        Index Cond: ((id >= 3983194) AND (id <= 3983293))

table 7 : explain SELECT c FROM sbtest7 WHERE id BETWEEN 2880084 AND 2880183 ORDER BY c
	Sort  (cost=408.68..408.95 rows=106 width=121)
	  Sort Key: c
	  ->  Index Scan using sbtest7_pkey on sbtest7  (cost=0.43..405.12 rows=106 width=121)
	        Index Cond: ((id >= 2880084) AND (id <= 2880183))

table 8 : explain SELECT c FROM sbtest8 WHERE id BETWEEN 4533902 AND 4534001 ORDER BY c
	Sort  (cost=396.65..396.91 rows=103 width=121)
	  Sort Key: c
	  ->  Index Scan using sbtest8_pkey on sbtest8  (cost=0.43..393.21 rows=103 width=121)
	        Index Cond: ((id >= 4533902) AND (id <= 4534001))

for: sum_ranges
table 1 : explain SELECT SUM(k) FROM sbtest1 WHERE id BETWEEN 7021360 AND 7021459
	Aggregate  (cost=341.76..341.77 rows=1 width=8)
	  ->  Index Scan using sbtest1_pkey on sbtest1  (cost=0.43..341.54 rows=89 width=4)
	        Index Cond: ((id >= 7021360) AND (id <= 7021459))

table 2 : explain SELECT SUM(k) FROM sbtest2 WHERE id BETWEEN 9387119 AND 9387218
	Aggregate  (cost=418.95..418.96 rows=1 width=8)
	  ->  Index Scan using sbtest2_pkey on sbtest2  (cost=0.43..418.68 rows=109 width=4)
	        Index Cond: ((id >= 9387119) AND (id <= 9387218))

table 3 : explain SELECT SUM(k) FROM sbtest3 WHERE id BETWEEN 8598371 AND 8598470
	Aggregate  (cost=360.57..360.58 rows=1 width=8)
	  ->  Index Scan using sbtest3_pkey on sbtest3  (cost=0.43..360.34 rows=94 width=4)
	        Index Cond: ((id >= 8598371) AND (id <= 8598470))

table 4 : explain SELECT SUM(k) FROM sbtest4 WHERE id BETWEEN 9428738 AND 9428837
	Aggregate  (cost=350.63..350.64 rows=1 width=8)
	  ->  Index Scan using sbtest4_pkey on sbtest4  (cost=0.43..350.40 rows=92 width=4)
	        Index Cond: ((id >= 9428738) AND (id <= 9428837))

table 5 : explain SELECT SUM(k) FROM sbtest5 WHERE id BETWEEN 240854 AND 240953
	Aggregate  (cost=377.24..377.25 rows=1 width=8)
	  ->  Index Scan using sbtest5_pkey on sbtest5  (cost=0.43..377.00 rows=99 width=4)
	        Index Cond: ((id >= 240854) AND (id <= 240953))

table 6 : explain SELECT SUM(k) FROM sbtest6 WHERE id BETWEEN 3738522 AND 3738621
	Aggregate  (cost=385.20..385.21 rows=1 width=8)
	  ->  Index Scan using sbtest6_pkey on sbtest6  (cost=0.43..384.94 rows=101 width=4)
	        Index Cond: ((id >= 3738522) AND (id <= 3738621))

table 7 : explain SELECT SUM(k) FROM sbtest7 WHERE id BETWEEN 641511 AND 641610
	Aggregate  (cost=401.60..401.61 rows=1 width=8)
	  ->  Index Scan using sbtest7_pkey on sbtest7  (cost=0.43..401.34 rows=105 width=4)
	        Index Cond: ((id >= 641511) AND (id <= 641610))

table 8 : explain SELECT SUM(k) FROM sbtest8 WHERE id BETWEEN 3113830 AND 3113929
	Aggregate  (cost=404.78..404.79 rows=1 width=8)
	  ->  Index Scan using sbtest8_pkey on sbtest8  (cost=0.43..404.52 rows=106 width=4)
	        Index Cond: ((id >= 3113830) AND (id <= 3113929))

for inserts
table 1 : explain INSERT INTO sbtest1 (id, k, c, pad) VALUES (4727012, 13, 'foobar', 'foobar')
	Insert on sbtest1  (cost=0.00..0.01 rows=1 width=736)
	  ->  Result  (cost=0.00..0.01 rows=1 width=736)

table 2 : explain INSERT INTO sbtest2 (id, k, c, pad) VALUES (8007507, 13, 'foobar', 'foobar')
	Insert on sbtest2  (cost=0.00..0.01 rows=1 width=736)
	  ->  Result  (cost=0.00..0.01 rows=1 width=736)

table 3 : explain INSERT INTO sbtest3 (id, k, c, pad) VALUES (6721568, 13, 'foobar', 'foobar')
	Insert on sbtest3  (cost=0.00..0.01 rows=1 width=736)
	  ->  Result  (cost=0.00..0.01 rows=1 width=736)

table 4 : explain INSERT INTO sbtest4 (id, k, c, pad) VALUES (888, 13, 'foobar', 'foobar')
	Insert on sbtest4  (cost=0.00..0.01 rows=1 width=736)
	  ->  Result  (cost=0.00..0.01 rows=1 width=736)

table 5 : explain INSERT INTO sbtest5 (id, k, c, pad) VALUES (4729849, 13, 'foobar', 'foobar')
	Insert on sbtest5  (cost=0.00..0.01 rows=1 width=736)
	  ->  Result  (cost=0.00..0.01 rows=1 width=736)

table 6 : explain INSERT INTO sbtest6 (id, k, c, pad) VALUES (7579925, 13, 'foobar', 'foobar')
	Insert on sbtest6  (cost=0.00..0.01 rows=1 width=736)
	  ->  Result  (cost=0.00..0.01 rows=1 width=736)

table 7 : explain INSERT INTO sbtest7 (id, k, c, pad) VALUES (7986276, 13, 'foobar', 'foobar')
	Insert on sbtest7  (cost=0.00..0.01 rows=1 width=736)
	  ->  Result  (cost=0.00..0.01 rows=1 width=736)

table 8 : explain INSERT INTO sbtest8 (id, k, c, pad) VALUES (2538321, 13, 'foobar', 'foobar')
	Insert on sbtest8  (cost=0.00..0.01 rows=1 width=736)
	  ->  Result  (cost=0.00..0.01 rows=1 width=736)

for non_index_updates
table 1 : explain UPDATE sbtest1 SET c='foobar' WHERE id=8145580
	Update on sbtest1  (cost=0.43..8.45 rows=1 width=559)
	  ->  Index Scan using sbtest1_pkey on sbtest1  (cost=0.43..8.45 rows=1 width=559)
	        Index Cond: (id = 8145580)

table 2 : explain UPDATE sbtest2 SET c='foobar' WHERE id=8584642
	Update on sbtest2  (cost=0.43..8.45 rows=1 width=559)
	  ->  Index Scan using sbtest2_pkey on sbtest2  (cost=0.43..8.45 rows=1 width=559)
	        Index Cond: (id = 8584642)

table 3 : explain UPDATE sbtest3 SET c='foobar' WHERE id=7167422
	Update on sbtest3  (cost=0.43..8.45 rows=1 width=559)
	  ->  Index Scan using sbtest3_pkey on sbtest3  (cost=0.43..8.45 rows=1 width=559)
	        Index Cond: (id = 7167422)

table 4 : explain UPDATE sbtest4 SET c='foobar' WHERE id=7831189
	Update on sbtest4  (cost=0.43..8.45 rows=1 width=559)
	  ->  Index Scan using sbtest4_pkey on sbtest4  (cost=0.43..8.45 rows=1 width=559)
	        Index Cond: (id = 7831189)

table 5 : explain UPDATE sbtest5 SET c='foobar' WHERE id=8002282
	Update on sbtest5  (cost=0.43..8.45 rows=1 width=559)
	  ->  Index Scan using sbtest5_pkey on sbtest5  (cost=0.43..8.45 rows=1 width=559)
	        Index Cond: (id = 8002282)

table 6 : explain UPDATE sbtest6 SET c='foobar' WHERE id=6083060
	Update on sbtest6  (cost=0.43..8.45 rows=1 width=559)
	  ->  Index Scan using sbtest6_pkey on sbtest6  (cost=0.43..8.45 rows=1 width=559)
	        Index Cond: (id = 6083060)

table 7 : explain UPDATE sbtest7 SET c='foobar' WHERE id=8662094
	Update on sbtest7  (cost=0.43..8.45 rows=1 width=559)
	  ->  Index Scan using sbtest7_pkey on sbtest7  (cost=0.43..8.45 rows=1 width=559)
	        Index Cond: (id = 8662094)

table 8 : explain UPDATE sbtest8 SET c='foobar' WHERE id=743055
	Update on sbtest8  (cost=0.43..8.45 rows=1 width=559)
	  ->  Index Scan using sbtest8_pkey on sbtest8  (cost=0.43..8.45 rows=1 width=559)
	        Index Cond: (id = 743055)

explain: for inserts :: explain INSERT INTO sbtest%u (id, k, c, pad) VALUES (%u, 13, 'foobar', 'foobar')
for index_updates
table 1 : explain UPDATE sbtest1 SET k=k+1 WHERE id=8218303
	Update on sbtest1  (cost=0.43..8.46 rows=1 width=196)
	  ->  Index Scan using sbtest1_pkey on sbtest1  (cost=0.43..8.46 rows=1 width=196)
	        Index Cond: (id = 8218303)

table 2 : explain UPDATE sbtest2 SET k=k+1 WHERE id=7450111
	Update on sbtest2  (cost=0.43..8.46 rows=1 width=196)
	  ->  Index Scan using sbtest2_pkey on sbtest2  (cost=0.43..8.46 rows=1 width=196)
	        Index Cond: (id = 7450111)

table 3 : explain UPDATE sbtest3 SET k=k+1 WHERE id=5639687
	Update on sbtest3  (cost=0.43..8.46 rows=1 width=196)
	  ->  Index Scan using sbtest3_pkey on sbtest3  (cost=0.43..8.46 rows=1 width=196)
	        Index Cond: (id = 5639687)

table 4 : explain UPDATE sbtest4 SET k=k+1 WHERE id=4421893
	Update on sbtest4  (cost=0.43..8.46 rows=1 width=196)
	  ->  Index Scan using sbtest4_pkey on sbtest4  (cost=0.43..8.46 rows=1 width=196)
	        Index Cond: (id = 4421893)

table 5 : explain UPDATE sbtest5 SET k=k+1 WHERE id=6848068
	Update on sbtest5  (cost=0.43..8.46 rows=1 width=196)
	  ->  Index Scan using sbtest5_pkey on sbtest5  (cost=0.43..8.46 rows=1 width=196)
	        Index Cond: (id = 6848068)

table 6 : explain UPDATE sbtest6 SET k=k+1 WHERE id=9734098
	Update on sbtest6  (cost=0.43..8.46 rows=1 width=196)
	  ->  Index Scan using sbtest6_pkey on sbtest6  (cost=0.43..8.46 rows=1 width=196)
	        Index Cond: (id = 9734098)

table 7 : explain UPDATE sbtest7 SET k=k+1 WHERE id=8577789
	Update on sbtest7  (cost=0.43..8.46 rows=1 width=196)
	  ->  Index Scan using sbtest7_pkey on sbtest7  (cost=0.43..8.46 rows=1 width=196)
	        Index Cond: (id = 8577789)

table 8 : explain UPDATE sbtest8 SET k=k+1 WHERE id=9723345
	Update on sbtest8  (cost=0.43..8.46 rows=1 width=196)
	  ->  Index Scan using sbtest8_pkey on sbtest8  (cost=0.43..8.46 rows=1 width=196)
	        Index Cond: (id = 9723345)

for: distinct_ranges
table 1 : explain SELECT DISTINCT c FROM sbtest1 WHERE id BETWEEN 6460656 AND 6460755 ORDER BY c
	Unique  (cost=375.01..375.50 rows=97 width=121)
	  ->  Sort  (cost=375.01..375.25 rows=97 width=121)
	        Sort Key: c
	        ->  Index Scan using sbtest1_pkey on sbtest1  (cost=0.43..371.81 rows=97 width=121)
	              Index Cond: ((id >= 6460656) AND (id <= 6460755))

table 2 : explain SELECT DISTINCT c FROM sbtest2 WHERE id BETWEEN 9034332 AND 9034431 ORDER BY c
	Unique  (cost=349.41..349.86 rows=90 width=121)
	  ->  Sort  (cost=349.41..349.63 rows=90 width=121)
	        Sort Key: c
	        ->  Index Scan using sbtest2_pkey on sbtest2  (cost=0.43..346.48 rows=90 width=121)
	              Index Cond: ((id >= 9034332) AND (id <= 9034431))

table 3 : explain SELECT DISTINCT c FROM sbtest3 WHERE id BETWEEN 7417260 AND 7417359 ORDER BY c
	Unique  (cost=394.06..394.57 rows=102 width=121)
	  ->  Sort  (cost=394.06..394.31 rows=102 width=121)
	        Sort Key: c
	        ->  Index Scan using sbtest3_pkey on sbtest3  (cost=0.43..390.66 rows=102 width=121)
	              Index Cond: ((id >= 7417260) AND (id <= 7417359))

table 4 : explain SELECT DISTINCT c FROM sbtest4 WHERE id BETWEEN 6059275 AND 6059374 ORDER BY c
	Unique  (cost=383.77..384.27 rows=100 width=121)
	  ->  Sort  (cost=383.77..384.02 rows=100 width=121)
	        Sort Key: c
	        ->  Index Scan using sbtest4_pkey on sbtest4  (cost=0.43..380.45 rows=100 width=121)
	              Index Cond: ((id >= 6059275) AND (id <= 6059374))

table 5 : explain SELECT DISTINCT c FROM sbtest5 WHERE id BETWEEN 3079392 AND 3079491 ORDER BY c
	Unique  (cost=418.27..418.82 rows=109 width=121)
	  ->  Sort  (cost=418.27..418.54 rows=109 width=121)
	        Sort Key: c
	        ->  Index Scan using sbtest5_pkey on sbtest5  (cost=0.43..414.58 rows=109 width=121)
	              Index Cond: ((id >= 3079392) AND (id <= 3079491))

table 6 : explain SELECT DISTINCT c FROM sbtest6 WHERE id BETWEEN 2199848 AND 2199947 ORDER BY c
	Unique  (cost=376.90..377.39 rows=98 width=121)
	  ->  Sort  (cost=376.90..377.14 rows=98 width=121)
	        Sort Key: c
	        ->  Index Scan using sbtest6_pkey on sbtest6  (cost=0.43..373.65 rows=98 width=121)
	              Index Cond: ((id >= 2199848) AND (id <= 2199947))

table 7 : explain SELECT DISTINCT c FROM sbtest7 WHERE id BETWEEN 736022 AND 736121 ORDER BY c
	Unique  (cost=404.87..405.39 rows=105 width=121)
	  ->  Sort  (cost=404.87..405.13 rows=105 width=121)
	        Sort Key: c
	        ->  Index Scan using sbtest7_pkey on sbtest7  (cost=0.43..401.34 rows=105 width=121)
	              Index Cond: ((id >= 736022) AND (id <= 736121))

table 8 : explain SELECT DISTINCT c FROM sbtest8 WHERE id BETWEEN 1065950 AND 1066049 ORDER BY c
	Unique  (cost=366.16..366.64 rows=95 width=121)
	  ->  Sort  (cost=366.16..366.40 rows=95 width=121)
	        Sort Key: c
	        ->  Index Scan using sbtest8_pkey on sbtest8  (cost=0.43..363.04 rows=95 width=121)
	              Index Cond: ((id >= 1065950) AND (id <= 1066049))

for: order_ranges
table 1 : explain SELECT c FROM sbtest1 WHERE id BETWEEN 4646479 AND 4646578 ORDER BY c
	Sort  (cost=367.36..367.60 rows=95 width=121)
	  Sort Key: c
	  ->  Index Scan using sbtest1_pkey on sbtest1  (cost=0.43..364.24 rows=95 width=121)
	        Index Cond: ((id >= 4646479) AND (id <= 4646578))

table 2 : explain SELECT c FROM sbtest2 WHERE id BETWEEN 5929690 AND 5929789 ORDER BY c
	Sort  (cost=399.34..399.60 rows=103 width=121)
	  Sort Key: c
	  ->  Index Scan using sbtest2_pkey on sbtest2  (cost=0.43..395.90 rows=103 width=121)
	        Index Cond: ((id >= 5929690) AND (id <= 5929789))

table 3 : explain SELECT c FROM sbtest3 WHERE id BETWEEN 2865850 AND 2865949 ORDER BY c
	Sort  (cost=417.00..417.27 rows=108 width=121)
	  Sort Key: c
	  ->  Index Scan using sbtest3_pkey on sbtest3  (cost=0.43..413.35 rows=108 width=121)
	        Index Cond: ((id >= 2865850) AND (id <= 2865949))

table 4 : explain SELECT c FROM sbtest4 WHERE id BETWEEN 1063189 AND 1063288 ORDER BY c
	Sort  (cost=402.75..403.01 rows=105 width=121)
	  Sort Key: c
	  ->  Index Scan using sbtest4_pkey on sbtest4  (cost=0.43..399.22 rows=105 width=121)
	        Index Cond: ((id >= 1063189) AND (id <= 1063288))

table 5 : explain SELECT c FROM sbtest5 WHERE id BETWEEN 6875778 AND 6875877 ORDER BY c
	Sort  (cost=395.47..395.73 rows=103 width=121)
	  Sort Key: c
	  ->  Index Scan using sbtest5_pkey on sbtest5  (cost=0.43..392.03 rows=103 width=121)
	        Index Cond: ((id >= 6875778) AND (id <= 6875877))

table 6 : explain SELECT c FROM sbtest6 WHERE id BETWEEN 4858887 AND 4858986 ORDER BY c
	Sort  (cost=361.68..361.92 rows=94 width=121)
	  Sort Key: c
	  ->  Index Scan using sbtest6_pkey on sbtest6  (cost=0.43..358.60 rows=94 width=121)
	        Index Cond: ((id >= 4858887) AND (id <= 4858986))

table 7 : explain SELECT c FROM sbtest7 WHERE id BETWEEN 187650 AND 187749 ORDER BY c
	Sort  (cost=359.07..359.30 rows=93 width=121)
	  Sort Key: c
	  ->  Index Scan using sbtest7_pkey on sbtest7  (cost=0.43..356.03 rows=93 width=121)
	        Index Cond: ((id >= 187650) AND (id <= 187749))

table 8 : explain SELECT c FROM sbtest8 WHERE id BETWEEN 2218787 AND 2218886 ORDER BY c
	Sort  (cost=415.70..415.97 rows=108 width=121)
	  Sort Key: c
	  ->  Index Scan using sbtest8_pkey on sbtest8  (cost=0.43..412.06 rows=108 width=121)
	        Index Cond: ((id >= 2218787) AND (id <= 2218886))

explain: for deletes :: explain DELETE FROM sbtest%u WHERE id=%u
for: distinct_ranges
table 1 : explain SELECT DISTINCT c FROM sbtest1 WHERE id BETWEEN 5152086 AND 5152185 ORDER BY c
	Unique  (cost=375.07..375.55 rows=97 width=121)
	  ->  Sort  (cost=375.07..375.31 rows=97 width=121)
	        Sort Key: c
	        ->  Index Scan using sbtest1_pkey on sbtest1  (cost=0.43..371.87 rows=97 width=121)
	              Index Cond: ((id >= 5152086) AND (id <= 5152185))

table 2 : explain SELECT DISTINCT c FROM sbtest2 WHERE id BETWEEN 6260771 AND 6260870 ORDER BY c
	Unique  (cost=360.97..361.44 rows=93 width=121)
	  ->  Sort  (cost=360.97..361.20 rows=93 width=121)
	        Sort Key: c
	        ->  Index Scan using sbtest2_pkey on sbtest2  (cost=0.43..357.93 rows=93 width=121)
	              Index Cond: ((id >= 6260771) AND (id <= 6260870))

table 3 : explain SELECT DISTINCT c FROM sbtest3 WHERE id BETWEEN 778468 AND 778567 ORDER BY c
	Unique  (cost=405.53..406.05 rows=105 width=121)
	  ->  Sort  (cost=405.53..405.79 rows=105 width=121)
	        Sort Key: c
	        ->  Index Scan using sbtest3_pkey on sbtest3  (cost=0.43..402.00 rows=105 width=121)
	              Index Cond: ((id >= 778468) AND (id <= 778567))

table 4 : explain SELECT DISTINCT c FROM sbtest4 WHERE id BETWEEN 6726495 AND 6726594 ORDER BY c
	Unique  (cost=395.16..395.67 rows=103 width=121)
	  ->  Sort  (cost=395.16..395.42 rows=103 width=121)
	        Sort Key: c
	        ->  Index Scan using sbtest4_pkey on sbtest4  (cost=0.43..391.71 rows=103 width=121)
	              Index Cond: ((id >= 6726495) AND (id <= 6726594))

table 5 : explain SELECT DISTINCT c FROM sbtest5 WHERE id BETWEEN 7556319 AND 7556418 ORDER BY c
	Unique  (cost=410.67..411.21 rows=107 width=121)
	  ->  Sort  (cost=410.67..410.94 rows=107 width=121)
	        Sort Key: c
	        ->  Index Scan using sbtest5_pkey on sbtest5  (cost=0.43..407.07 rows=107 width=121)
	              Index Cond: ((id >= 7556319) AND (id <= 7556418))

table 6 : explain SELECT DISTINCT c FROM sbtest6 WHERE id BETWEEN 9384484 AND 9384583 ORDER BY c
	Unique  (cost=373.09..373.58 rows=97 width=121)
	  ->  Sort  (cost=373.09..373.34 rows=97 width=121)
	        Sort Key: c
	        ->  Index Scan using sbtest6_pkey on sbtest6  (cost=0.43..369.89 rows=97 width=121)
	              Index Cond: ((id >= 9384484) AND (id <= 9384583))

table 7 : explain SELECT DISTINCT c FROM sbtest7 WHERE id BETWEEN 1543161 AND 1543260 ORDER BY c
	Unique  (cost=351.44..351.89 rows=91 width=121)
	  ->  Sort  (cost=351.44..351.66 rows=91 width=121)
	        Sort Key: c
	        ->  Index Scan using sbtest7_pkey on sbtest7  (cost=0.43..348.48 rows=91 width=121)
	              Index Cond: ((id >= 1543161) AND (id <= 1543260))

table 8 : explain SELECT DISTINCT c FROM sbtest8 WHERE id BETWEEN 7509899 AND 7509998 ORDER BY c
	Unique  (cost=392.84..393.35 rows=102 width=121)
	  ->  Sort  (cost=392.84..393.09 rows=102 width=121)
	        Sort Key: c
	        ->  Index Scan using sbtest8_pkey on sbtest8  (cost=0.43..389.43 rows=102 width=121)
	              Index Cond: ((id >= 7509899) AND (id <= 7509998))

for: order_ranges
table 1 : explain SELECT c FROM sbtest1 WHERE id BETWEEN 5278622 AND 5278721 ORDER BY c
	Sort  (cost=382.72..382.96 rows=99 width=121)
	  Sort Key: c
	  ->  Index Scan using sbtest1_pkey on sbtest1  (cost=0.43..379.44 rows=99 width=121)
	        Index Cond: ((id >= 5278622) AND (id <= 5278721))

table 2 : explain SELECT c FROM sbtest2 WHERE id BETWEEN 2668168 AND 2668267 ORDER BY c
	Sort  (cost=399.34..399.60 rows=103 width=121)
	  Sort Key: c
	  ->  Index Scan using sbtest2_pkey on sbtest2  (cost=0.43..395.90 rows=103 width=121)
	        Index Cond: ((id >= 2668168) AND (id <= 2668267))

table 3 : explain SELECT c FROM sbtest3 WHERE id BETWEEN 1420170 AND 1420269 ORDER BY c
	Sort  (cost=397.88..398.14 rows=103 width=121)
	  Sort Key: c
	  ->  Index Scan using sbtest3_pkey on sbtest3  (cost=0.43..394.44 rows=103 width=121)
	        Index Cond: ((id >= 1420170) AND (id <= 1420269))

table 4 : explain SELECT c FROM sbtest4 WHERE id BETWEEN 9662911 AND 9663010 ORDER BY c
	Sort  (cost=410.34..410.61 rows=107 width=121)
	  Sort Key: c
	  ->  Index Scan using sbtest4_pkey on sbtest4  (cost=0.43..406.74 rows=107 width=121)
	        Index Cond: ((id >= 9662911) AND (id <= 9663010))

table 5 : explain SELECT c FROM sbtest5 WHERE id BETWEEN 8405009 AND 8405108 ORDER BY c
	Sort  (cost=372.68..372.92 rows=97 width=121)
	  Sort Key: c
	  ->  Index Scan using sbtest5_pkey on sbtest5  (cost=0.43..369.48 rows=97 width=121)
	        Index Cond: ((id >= 8405009) AND (id <= 8405108))

table 6 : explain SELECT c FROM sbtest6 WHERE id BETWEEN 7747062 AND 7747161 ORDER BY c
	Sort  (cost=380.70..380.95 rows=99 width=121)
	  Sort Key: c
	  ->  Index Scan using sbtest6_pkey on sbtest6  (cost=0.43..377.42 rows=99 width=121)
	        Index Cond: ((id >= 7747062) AND (id <= 7747161))

table 7 : explain SELECT c FROM sbtest7 WHERE id BETWEEN 479736 AND 479835 ORDER BY c
	Sort  (cost=389.60..389.85 rows=101 width=121)
	  Sort Key: c
	  ->  Index Scan using sbtest7_pkey on sbtest7  (cost=0.43..386.24 rows=101 width=121)
	        Index Cond: ((id >= 479736) AND (id <= 479835))

table 8 : explain SELECT c FROM sbtest8 WHERE id BETWEEN 3605718 AND 3605817 ORDER BY c
	Sort  (cost=385.22..385.47 rows=100 width=121)
	  Sort Key: c
	  ->  Index Scan using sbtest8_pkey on sbtest8  (cost=0.43..381.89 rows=100 width=121)
	        Index Cond: ((id >= 3605718) AND (id <= 3605817))

for deletes
table 1 : explain DELETE FROM sbtest1 WHERE id=8803760
	Delete on sbtest1  (cost=0.43..8.45 rows=1 width=6)
	  ->  Index Scan using sbtest1_pkey on sbtest1  (cost=0.43..8.45 rows=1 width=6)
	        Index Cond: (id = 8803760)

table 2 : explain DELETE FROM sbtest2 WHERE id=4607127
	Delete on sbtest2  (cost=0.43..8.45 rows=1 width=6)
	  ->  Index Scan using sbtest2_pkey on sbtest2  (cost=0.43..8.45 rows=1 width=6)
	        Index Cond: (id = 4607127)

table 3 : explain DELETE FROM sbtest3 WHERE id=5806376
	Delete on sbtest3  (cost=0.43..8.45 rows=1 width=6)
	  ->  Index Scan using sbtest3_pkey on sbtest3  (cost=0.43..8.45 rows=1 width=6)
	        Index Cond: (id = 5806376)

table 4 : explain DELETE FROM sbtest4 WHERE id=2474541
	Delete on sbtest4  (cost=0.43..8.45 rows=1 width=6)
	  ->  Index Scan using sbtest4_pkey on sbtest4  (cost=0.43..8.45 rows=1 width=6)
	        Index Cond: (id = 2474541)

table 5 : explain DELETE FROM sbtest5 WHERE id=5435200
	Delete on sbtest5  (cost=0.43..8.45 rows=1 width=6)
	  ->  Index Scan using sbtest5_pkey on sbtest5  (cost=0.43..8.45 rows=1 width=6)
	        Index Cond: (id = 5435200)

table 6 : explain DELETE FROM sbtest6 WHERE id=4340329
	Delete on sbtest6  (cost=0.43..8.45 rows=1 width=6)
	  ->  Index Scan using sbtest6_pkey on sbtest6  (cost=0.43..8.45 rows=1 width=6)
	        Index Cond: (id = 4340329)

table 7 : explain DELETE FROM sbtest7 WHERE id=126678
	Delete on sbtest7  (cost=0.43..8.45 rows=1 width=6)
	  ->  Index Scan using sbtest7_pkey on sbtest7  (cost=0.43..8.45 rows=1 width=6)
	        Index Cond: (id = 126678)

table 8 : explain DELETE FROM sbtest8 WHERE id=5372618
	Delete on sbtest8  (cost=0.43..8.45 rows=1 width=6)
	  ->  Index Scan using sbtest8_pkey on sbtest8  (cost=0.43..8.45 rows=1 width=6)
	        Index Cond: (id = 5372618)

for inserts
table 1 : explain INSERT INTO sbtest1 (id, k, c, pad) VALUES (983845, 13, 'foobar', 'foobar')
	Insert on sbtest1  (cost=0.00..0.01 rows=1 width=736)
	  ->  Result  (cost=0.00..0.01 rows=1 width=736)

table 2 : explain INSERT INTO sbtest2 (id, k, c, pad) VALUES (8955936, 13, 'foobar', 'foobar')
	Insert on sbtest2  (cost=0.00..0.01 rows=1 width=736)
	  ->  Result  (cost=0.00..0.01 rows=1 width=736)

table 3 : explain INSERT INTO sbtest3 (id, k, c, pad) VALUES (7686123, 13, 'foobar', 'foobar')
	Insert on sbtest3  (cost=0.00..0.01 rows=1 width=736)
	  ->  Result  (cost=0.00..0.01 rows=1 width=736)

table 4 : explain INSERT INTO sbtest4 (id, k, c, pad) VALUES (7744558, 13, 'foobar', 'foobar')
	Insert on sbtest4  (cost=0.00..0.01 rows=1 width=736)
	  ->  Result  (cost=0.00..0.01 rows=1 width=736)

table 5 : explain INSERT INTO sbtest5 (id, k, c, pad) VALUES (8613278, 13, 'foobar', 'foobar')
	Insert on sbtest5  (cost=0.00..0.01 rows=1 width=736)
	  ->  Result  (cost=0.00..0.01 rows=1 width=736)

table 6 : explain INSERT INTO sbtest6 (id, k, c, pad) VALUES (2678562, 13, 'foobar', 'foobar')
	Insert on sbtest6  (cost=0.00..0.01 rows=1 width=736)
	  ->  Result  (cost=0.00..0.01 rows=1 width=736)

table 7 : explain INSERT INTO sbtest7 (id, k, c, pad) VALUES (9874881, 13, 'foobar', 'foobar')
	Insert on sbtest7  (cost=0.00..0.01 rows=1 width=736)
	  ->  Result  (cost=0.00..0.01 rows=1 width=736)

table 8 : explain INSERT INTO sbtest8 (id, k, c, pad) VALUES (8288905, 13, 'foobar', 'foobar')
	Insert on sbtest8  (cost=0.00..0.01 rows=1 width=736)
	  ->  Result  (cost=0.00..0.01 rows=1 width=736)

for: sum_ranges
table 1 : explain SELECT SUM(k) FROM sbtest1 WHERE id BETWEEN 850864 AND 850963
	Aggregate  (cost=368.27..368.28 rows=1 width=8)
	  ->  Index Scan using sbtest1_pkey on sbtest1  (cost=0.43..368.03 rows=96 width=4)
	        Index Cond: ((id >= 850864) AND (id <= 850963))

table 2 : explain SELECT SUM(k) FROM sbtest2 WHERE id BETWEEN 6662474 AND 6662573
	Aggregate  (cost=396.16..396.17 rows=1 width=8)
	  ->  Index Scan using sbtest2_pkey on sbtest2  (cost=0.43..395.90 rows=103 width=4)
	        Index Cond: ((id >= 6662474) AND (id <= 6662573))

table 3 : explain SELECT SUM(k) FROM sbtest3 WHERE id BETWEEN 3398733 AND 3398832
	Aggregate  (cost=341.65..341.66 rows=1 width=8)
	  ->  Index Scan using sbtest3_pkey on sbtest3  (cost=0.43..341.43 rows=89 width=4)
	        Index Cond: ((id >= 3398733) AND (id <= 3398832))

table 4 : explain SELECT SUM(k) FROM sbtest4 WHERE id BETWEEN 8787722 AND 8787821
	Aggregate  (cost=384.46..384.47 rows=1 width=8)
	  ->  Index Scan using sbtest4_pkey on sbtest4  (cost=0.43..384.20 rows=101 width=4)
	        Index Cond: ((id >= 8787722) AND (id <= 8787821))

table 5 : explain SELECT SUM(k) FROM sbtest5 WHERE id BETWEEN 2322686 AND 2322785
	Aggregate  (cost=388.53..388.54 rows=1 width=8)
	  ->  Index Scan using sbtest5_pkey on sbtest5  (cost=0.43..388.27 rows=102 width=4)
	        Index Cond: ((id >= 2322686) AND (id <= 2322785))

table 6 : explain SELECT SUM(k) FROM sbtest6 WHERE id BETWEEN 3870324 AND 3870423
	Aggregate  (cost=388.96..388.97 rows=1 width=8)
	  ->  Index Scan using sbtest6_pkey on sbtest6  (cost=0.43..388.71 rows=102 width=4)
	        Index Cond: ((id >= 3870324) AND (id <= 3870423))

table 7 : explain SELECT SUM(k) FROM sbtest7 WHERE id BETWEEN 1182981 AND 1183080
	Aggregate  (cost=363.82..363.83 rows=1 width=8)
	  ->  Index Scan using sbtest7_pkey on sbtest7  (cost=0.43..363.58 rows=95 width=4)
	        Index Cond: ((id >= 1182981) AND (id <= 1183080))

table 8 : explain SELECT SUM(k) FROM sbtest8 WHERE id BETWEEN 1243859 AND 1243958
	Aggregate  (cost=397.24..397.25 rows=1 width=8)
	  ->  Index Scan using sbtest8_pkey on sbtest8  (cost=0.43..396.98 rows=104 width=4)
	        Index Cond: ((id >= 1243859) AND (id <= 1243958))

explain: for index_updates :: explain UPDATE sbtest%u SET k=k+1 WHERE id=%ufor deletes
table 1 : explain DELETE FROM sbtest1 WHERE id=1046582
	Delete on sbtest1  (cost=0.43..8.45 rows=1 width=6)
	  ->  Index Scan using sbtest1_pkey on sbtest1  (cost=0.43..8.45 rows=1 width=6)
	        Index Cond: (id = 1046582)

table 2 : explain DELETE FROM sbtest2 WHERE id=5440817
	Delete on sbtest2  (cost=0.43..8.45 rows=1 width=6)
	  ->  Index Scan using sbtest2_pkey on sbtest2  (cost=0.43..8.45 rows=1 width=6)
	        Index Cond: (id = 5440817)

table 3 : explain DELETE FROM sbtest3 WHERE id=1819111
	Delete on sbtest3  (cost=0.43..8.45 rows=1 width=6)
	  ->  Index Scan using sbtest3_pkey on sbtest3  (cost=0.43..8.45 rows=1 width=6)
	        Index Cond: (id = 1819111)

table 4 : explain DELETE FROM sbtest4 WHERE id=6729378
	Delete on sbtest4  (cost=0.43..8.45 rows=1 width=6)
	  ->  Index Scan using sbtest4_pkey on sbtest4  (cost=0.43..8.45 rows=1 width=6)
	        Index Cond: (id = 6729378)

table 5 : explain DELETE FROM sbtest5 WHERE id=6629581
	Delete on sbtest5  (cost=0.43..8.45 rows=1 width=6)
	  ->  Index Scan using sbtest5_pkey on sbtest5  (cost=0.43..8.45 rows=1 width=6)
	        Index Cond: (id = 6629581)

table 6 : explain DELETE FROM sbtest6 WHERE id=7039464
	Delete on sbtest6  (cost=0.43..8.45 rows=1 width=6)
	  ->  Index Scan using sbtest6_pkey on sbtest6  (cost=0.43..8.45 rows=1 width=6)
	        Index Cond: (id = 7039464)

table 7 : explain DELETE FROM sbtest7 WHERE id=5762668
	Delete on sbtest7  (cost=0.43..8.45 rows=1 width=6)
	  ->  Index Scan using sbtest7_pkey on sbtest7  (cost=0.43..8.45 rows=1 width=6)
	        Index Cond: (id = 5762668)

table 8 : explain DELETE FROM sbtest8 WHERE id=398210
	Delete on sbtest8  (cost=0.43..8.45 rows=1 width=6)
	  ->  Index Scan using sbtest8_pkey on sbtest8  (cost=0.43..8.45 rows=1 width=6)
	        Index Cond: (id = 398210)


explain: for non_index_updates :: explain UPDATE sbtest%u SET c='foobar' WHERE id=%u
for point_selects
table 1 : explain SELECT c FROM sbtest1 WHERE id=2107711
	Index Scan using sbtest1_pkey on sbtest1  (cost=0.43..8.45 rows=1 width=121)
	  Index Cond: (id = 2107711)

table 2 : explain SELECT c FROM sbtest2 WHERE id=5509393
	Index Scan using sbtest2_pkey on sbtest2  (cost=0.43..8.45 rows=1 width=121)
	  Index Cond: (id = 5509393)

table 3 : explain SELECT c FROM sbtest3 WHERE id=1094687
	Index Scan using sbtest3_pkey on sbtest3  (cost=0.43..8.45 rows=1 width=121)
	  Index Cond: (id = 1094687)

table 4 : explain SELECT c FROM sbtest4 WHERE id=9342827
	Index Scan using sbtest4_pkey on sbtest4  (cost=0.43..8.45 rows=1 width=121)
	  Index Cond: (id = 9342827)

table 5 : explain SELECT c FROM sbtest5 WHERE id=2355106
	Index Scan using sbtest5_pkey on sbtest5  (cost=0.43..8.45 rows=1 width=121)
	  Index Cond: (id = 2355106)

table 6 : explain SELECT c FROM sbtest6 WHERE id=754894
	Index Scan using sbtest6_pkey on sbtest6  (cost=0.43..8.45 rows=1 width=121)
	  Index Cond: (id = 754894)

table 7 : explain SELECT c FROM sbtest7 WHERE id=777612
	Index Scan using sbtest7_pkey on sbtest7  (cost=0.43..8.45 rows=1 width=121)
	  Index Cond: (id = 777612)

table 8 : explain SELECT c FROM sbtest8 WHERE id=2967792
	Index Scan using sbtest8_pkey on sbtest8  (cost=0.43..8.45 rows=1 width=121)
	  Index Cond: (id = 2967792)

explain: for index_updates :: explain UPDATE sbtest%u SET k=k+1 WHERE id=%u
for: distinct_ranges
table 1 : explain SELECT DISTINCT c FROM sbtest1 WHERE id BETWEEN 5969938 AND 5970037 ORDER BY c
	Unique  (cost=363.54..364.01 rows=94 width=121)
	  ->  Sort  (cost=363.54..363.77 rows=94 width=121)
	        Sort Key: c
	        ->  Index Scan using sbtest1_pkey on sbtest1  (cost=0.43..360.46 rows=94 width=121)
	              Index Cond: ((id >= 5969938) AND (id <= 5970037))

table 2 : explain SELECT DISTINCT c FROM sbtest2 WHERE id BETWEEN 7825391 AND 7825490 ORDER BY c
	Unique  (cost=395.50..396.01 rows=102 width=121)
	  ->  Sort  (cost=395.50..395.76 rows=102 width=121)
	        Sort Key: c
	        ->  Index Scan using sbtest2_pkey on sbtest2  (cost=0.43..392.10 rows=102 width=121)
	              Index Cond: ((id >= 7825391) AND (id <= 7825490))

table 3 : explain SELECT DISTINCT c FROM sbtest3 WHERE id BETWEEN 8119651 AND 8119750 ORDER BY c
	Unique  (cost=447.59..448.17 rows=116 width=121)
	  ->  Sort  (cost=447.59..447.88 rows=116 width=121)
	        Sort Key: c
	        ->  Index Scan using sbtest3_pkey on sbtest3  (cost=0.43..443.61 rows=116 width=121)
	              Index Cond: ((id >= 8119651) AND (id <= 8119750))

table 4 : explain SELECT DISTINCT c FROM sbtest4 WHERE id BETWEEN 7482419 AND 7482518 ORDER BY c
	Unique  (cost=379.97..380.47 rows=99 width=121)
	  ->  Sort  (cost=379.97..380.22 rows=99 width=121)
	        Sort Key: c
	        ->  Index Scan using sbtest4_pkey on sbtest4  (cost=0.43..376.69 rows=99 width=121)
	              Index Cond: ((id >= 7482419) AND (id <= 7482518))

table 5 : explain SELECT DISTINCT c FROM sbtest5 WHERE id BETWEEN 3253425 AND 3253524 ORDER BY c
	Unique  (cost=349.89..350.34 rows=91 width=121)
	  ->  Sort  (cost=349.89..350.12 rows=91 width=121)
	        Sort Key: c
	        ->  Index Scan using sbtest5_pkey on sbtest5  (cost=0.43..346.93 rows=91 width=121)
	              Index Cond: ((id >= 3253425) AND (id <= 3253524))

table 6 : explain SELECT DISTINCT c FROM sbtest6 WHERE id BETWEEN 5708945 AND 5709044 ORDER BY c
	Unique  (cost=380.70..381.19 rows=99 width=121)
	  ->  Sort  (cost=380.70..380.95 rows=99 width=121)
	        Sort Key: c
	        ->  Index Scan using sbtest6_pkey on sbtest6  (cost=0.43..377.42 rows=99 width=121)
	              Index Cond: ((id >= 5708945) AND (id <= 5709044))

table 7 : explain SELECT DISTINCT c FROM sbtest7 WHERE id BETWEEN 8084405 AND 8084504 ORDER BY c
	Unique  (cost=412.50..413.03 rows=107 width=121)
	  ->  Sort  (cost=412.50..412.77 rows=107 width=121)
	        Sort Key: c
	        ->  Index Scan using sbtest7_pkey on sbtest7  (cost=0.43..408.89 rows=107 width=121)
	              Index Cond: ((id >= 8084405) AND (id <= 8084504))

table 8 : explain SELECT DISTINCT c FROM sbtest8 WHERE id BETWEEN 2637405 AND 2637504 ORDER BY c
	Unique  (cost=392.84..393.35 rows=102 width=121)
	  ->  Sort  (cost=392.84..393.09 rows=102 width=121)
	        Sort Key: c
	        ->  Index Scan using sbtest8_pkey on sbtest8  (cost=0.43..389.43 rows=102 width=121)
	              Index Cond: ((id >= 2637405) AND (id <= 2637504))

for deletes
table 1 : explain DELETE FROM sbtest1 WHERE id=7700831
	Delete on sbtest1  (cost=0.43..8.45 rows=1 width=6)
	  ->  Index Scan using sbtest1_pkey on sbtest1  (cost=0.43..8.45 rows=1 width=6)
	        Index Cond: (id = 7700831)

table 2 : explain DELETE FROM sbtest2 WHERE id=9500019
	Delete on sbtest2  (cost=0.43..8.45 rows=1 width=6)
	  ->  Index Scan using sbtest2_pkey on sbtest2  (cost=0.43..8.45 rows=1 width=6)
	        Index Cond: (id = 9500019)

table 3 : explain DELETE FROM sbtest3 WHERE id=9741636
	Delete on sbtest3  (cost=0.43..8.45 rows=1 width=6)
	  ->  Index Scan using sbtest3_pkey on sbtest3  (cost=0.43..8.45 rows=1 width=6)
	        Index Cond: (id = 9741636)

table 4 : explain DELETE FROM sbtest4 WHERE id=3064775
	Delete on sbtest4  (cost=0.43..8.45 rows=1 width=6)
	  ->  Index Scan using sbtest4_pkey on sbtest4  (cost=0.43..8.45 rows=1 width=6)
	        Index Cond: (id = 3064775)

table 5 : explain DELETE FROM sbtest5 WHERE id=1244878
	Delete on sbtest5  (cost=0.43..8.45 rows=1 width=6)
	  ->  Index Scan using sbtest5_pkey on sbtest5  (cost=0.43..8.45 rows=1 width=6)
	        Index Cond: (id = 1244878)

table 6 : explain DELETE FROM sbtest6 WHERE id=5602399
	Delete on sbtest6  (cost=0.43..8.45 rows=1 width=6)
	  ->  Index Scan using sbtest6_pkey on sbtest6  (cost=0.43..8.45 rows=1 width=6)
	        Index Cond: (id = 5602399)

table 7 : explain DELETE FROM sbtest7 WHERE id=8733359
	Delete on sbtest7  (cost=0.43..8.45 rows=1 width=6)
	  ->  Index Scan using sbtest7_pkey on sbtest7  (cost=0.43..8.45 rows=1 width=6)
	        Index Cond: (id = 8733359)

table 8 : explain DELETE FROM sbtest8 WHERE id=2201039
	Delete on sbtest8  (cost=0.43..8.45 rows=1 width=6)
	  ->  Index Scan using sbtest8_pkey on sbtest8  (cost=0.43..8.45 rows=1 width=6)
	        Index Cond: (id = 2201039)

for: order_ranges
table 1 : explain SELECT c FROM sbtest1 WHERE id BETWEEN 2063286 AND 2063385 ORDER BY c
	Sort  (cost=367.36..367.60 rows=95 width=121)
	  Sort Key: c
	  ->  Index Scan using sbtest1_pkey on sbtest1  (cost=0.43..364.24 rows=95 width=121)
	        Index Cond: ((id >= 2063286) AND (id <= 2063385))

table 2 : explain SELECT c FROM sbtest2 WHERE id BETWEEN 7519680 AND 7519779 ORDER BY c
	Sort  (cost=410.86..411.12 rows=106 width=121)
	  Sort Key: c
	  ->  Index Scan using sbtest2_pkey on sbtest2  (cost=0.43..407.29 rows=106 width=121)
	        Index Cond: ((id >= 7519680) AND (id <= 7519779))

table 3 : explain SELECT c FROM sbtest3 WHERE id BETWEEN 5303975 AND 5304074 ORDER BY c
	Sort  (cost=332.84..333.06 rows=86 width=121)
	  Sort Key: c
	  ->  Index Scan using sbtest3_pkey on sbtest3  (cost=0.43..330.08 rows=86 width=121)
	        Index Cond: ((id >= 5303975) AND (id <= 5304074))

table 4 : explain SELECT c FROM sbtest4 WHERE id BETWEEN 2337049 AND 2337148 ORDER BY c
	Sort  (cost=395.16..395.42 rows=103 width=121)
	  Sort Key: c
	  ->  Index Scan using sbtest4_pkey on sbtest4  (cost=0.43..391.71 rows=103 width=121)
	        Index Cond: ((id >= 2337049) AND (id <= 2337148))

table 5 : explain SELECT c FROM sbtest5 WHERE id BETWEEN 6652323 AND 6652422 ORDER BY c
	Sort  (cost=361.28..361.52 rows=94 width=121)
	  Sort Key: c
	  ->  Index Scan using sbtest5_pkey on sbtest5  (cost=0.43..358.20 rows=94 width=121)
	        Index Cond: ((id >= 6652323) AND (id <= 6652422))

table 6 : explain SELECT c FROM sbtest6 WHERE id BETWEEN 7465146 AND 7465245 ORDER BY c
	Sort  (cost=399.72..399.98 rows=104 width=121)
	  Sort Key: c
	  ->  Index Scan using sbtest6_pkey on sbtest6  (cost=0.43..396.23 rows=104 width=121)
	        Index Cond: ((id >= 7465146) AND (id <= 7465245))

table 7 : explain SELECT c FROM sbtest7 WHERE id BETWEEN 544500 AND 544599 ORDER BY c
	Sort  (cost=378.15..378.39 rows=98 width=121)
	  Sort Key: c
	  ->  Index Scan using sbtest7_pkey on sbtest7  (cost=0.43..374.91 rows=98 width=121)
	        Index Cond: ((id >= 544500) AND (id <= 544599))

table 8 : explain SELECT c FROM sbtest8 WHERE id BETWEEN 7959243 AND 7959342 ORDER BY c
	Sort  (cost=389.03..389.28 rows=101 width=121)
	  Sort Key: c
	  ->  Index Scan using sbtest8_pkey on sbtest8  (cost=0.43..385.66 rows=101 width=121)
	        Index Cond: ((id >= 7959243) AND (id <= 7959342))

for: distinct_ranges
table 1 : explain SELECT DISTINCT c FROM sbtest1 WHERE id BETWEEN 5792657 AND 5792756 ORDER BY c
	Unique  (cost=401.84..402.36 rows=104 width=121)
	  ->  Sort  (cost=401.84..402.10 rows=104 width=121)
	        Sort Key: c
	        ->  Index Scan using sbtest1_pkey on sbtest1  (cost=0.43..398.35 rows=104 width=121)
	              Index Cond: ((id >= 5792657) AND (id <= 5792756))

table 2 : explain SELECT DISTINCT c FROM sbtest2 WHERE id BETWEEN 9134229 AND 9134328 ORDER BY c
	Unique  (cost=426.21..426.76 rows=110 width=121)
	  ->  Sort  (cost=426.21..426.48 rows=110 width=121)
	        Sort Key: c
	        ->  Index Scan using sbtest2_pkey on sbtest2  (cost=0.43..422.48 rows=110 width=121)
	              Index Cond: ((id >= 9134229) AND (id <= 9134328))

table 3 : explain SELECT DISTINCT c FROM sbtest3 WHERE id BETWEEN 3178813 AND 3178912 ORDER BY c
	Unique  (cost=363.48..363.95 rows=94 width=121)
	  ->  Sort  (cost=363.48..363.71 rows=94 width=121)
	        Sort Key: c
	        ->  Index Scan using sbtest3_pkey on sbtest3  (cost=0.43..360.40 rows=94 width=121)
	              Index Cond: ((id >= 3178813) AND (id <= 3178912))

table 4 : explain SELECT DISTINCT c FROM sbtest4 WHERE id BETWEEN 4665926 AND 4666025 ORDER BY c
	Unique  (cost=379.97..380.47 rows=99 width=121)
	  ->  Sort  (cost=379.97..380.22 rows=99 width=121)
	        Sort Key: c
	        ->  Index Scan using sbtest4_pkey on sbtest4  (cost=0.43..376.69 rows=99 width=121)
	              Index Cond: ((id >= 4665926) AND (id <= 4666025))

table 5 : explain SELECT DISTINCT c FROM sbtest5 WHERE id BETWEEN 918916 AND 919015 ORDER BY c
	Unique  (cost=372.68..373.17 rows=97 width=121)
	  ->  Sort  (cost=372.68..372.92 rows=97 width=121)
	        Sort Key: c
	        ->  Index Scan using sbtest5_pkey on sbtest5  (cost=0.43..369.48 rows=97 width=121)
	              Index Cond: ((id >= 918916) AND (id <= 919015))

table 6 : explain SELECT DISTINCT c FROM sbtest6 WHERE id BETWEEN 397970 AND 398069 ORDER BY c
	Unique  (cost=373.09..373.58 rows=97 width=121)
	  ->  Sort  (cost=373.09..373.34 rows=97 width=121)
	        Sort Key: c
	        ->  Index Scan using sbtest6_pkey on sbtest6  (cost=0.43..369.89 rows=97 width=121)
	              Index Cond: ((id >= 397970) AND (id <= 398069))

table 7 : explain SELECT DISTINCT c FROM sbtest7 WHERE id BETWEEN 4768530 AND 4768629 ORDER BY c
	Unique  (cost=412.50..413.03 rows=107 width=121)
	  ->  Sort  (cost=412.50..412.77 rows=107 width=121)
	        Sort Key: c
	        ->  Index Scan using sbtest7_pkey on sbtest7  (cost=0.43..408.89 rows=107 width=121)
	              Index Cond: ((id >= 4768530) AND (id <= 4768629))

table 8 : explain SELECT DISTINCT c FROM sbtest8 WHERE id BETWEEN 8814978 AND 8815077 ORDER BY c
	Unique  (cost=392.84..393.35 rows=102 width=121)
	  ->  Sort  (cost=392.84..393.09 rows=102 width=121)
	        Sort Key: c
	        ->  Index Scan using sbtest8_pkey on sbtest8  (cost=0.43..389.43 rows=102 width=121)
	              Index Cond: ((id >= 8814978) AND (id <= 8815077))

for non_index_updates
table 1 : explain UPDATE sbtest1 SET c='foobar' WHERE id=9801818
	Update on sbtest1  (cost=0.43..8.45 rows=1 width=559)
	  ->  Index Scan using sbtest1_pkey on sbtest1  (cost=0.43..8.45 rows=1 width=559)
	        Index Cond: (id = 9801818)

table 2 : explain UPDATE sbtest2 SET c='foobar' WHERE id=8834514
	Update on sbtest2  (cost=0.43..8.45 rows=1 width=559)
	  ->  Index Scan using sbtest2_pkey on sbtest2  (cost=0.43..8.45 rows=1 width=559)
	        Index Cond: (id = 8834514)

table 3 : explain UPDATE sbtest3 SET c='foobar' WHERE id=1644877
	Update on sbtest3  (cost=0.43..8.45 rows=1 width=559)
	  ->  Index Scan using sbtest3_pkey on sbtest3  (cost=0.43..8.45 rows=1 width=559)
	        Index Cond: (id = 1644877)

table 4 : explain UPDATE sbtest4 SET c='foobar' WHERE id=435645
	Update on sbtest4  (cost=0.43..8.45 rows=1 width=559)
	  ->  Index Scan using sbtest4_pkey on sbtest4  (cost=0.43..8.45 rows=1 width=559)
	        Index Cond: (id = 435645)

table 5 : explain UPDATE sbtest5 SET c='foobar' WHERE id=4919407
	Update on sbtest5  (cost=0.43..8.45 rows=1 width=559)
	  ->  Index Scan using sbtest5_pkey on sbtest5  (cost=0.43..8.45 rows=1 width=559)
	        Index Cond: (id = 4919407)

table 6 : explain UPDATE sbtest6 SET c='foobar' WHERE id=4418221
	Update on sbtest6  (cost=0.43..8.45 rows=1 width=559)
	  ->  Index Scan using sbtest6_pkey on sbtest6  (cost=0.43..8.45 rows=1 width=559)
	        Index Cond: (id = 4418221)

table 7 : explain UPDATE sbtest7 SET c='foobar' WHERE id=6747494
	Update on sbtest7  (cost=0.43..8.45 rows=1 width=559)
	  ->  Index Scan using sbtest7_pkey on sbtest7  (cost=0.43..8.45 rows=1 width=559)
	        Index Cond: (id = 6747494)

table 8 : explain UPDATE sbtest8 SET c='foobar' WHERE id=7465320
	Update on sbtest8  (cost=0.43..8.45 rows=1 width=559)
	  ->  Index Scan using sbtest8_pkey on sbtest8  (cost=0.43..8.45 rows=1 width=559)
	        Index Cond: (id = 7465320)

explain: for index_updates :: explain UPDATE sbtest%u SET k=k+1 WHERE id=%u
for point_selects
table 1 : explain SELECT c FROM sbtest1 WHERE id=7882019
	Index Scan using sbtest1_pkey on sbtest1  (cost=0.43..8.45 rows=1 width=121)
	  Index Cond: (id = 7882019)

table 2 : explain SELECT c FROM sbtest2 WHERE id=1017508
	Index Scan using sbtest2_pkey on sbtest2  (cost=0.43..8.45 rows=1 width=121)
	  Index Cond: (id = 1017508)

table 3 : explain SELECT c FROM sbtest3 WHERE id=5586113
	Index Scan using sbtest3_pkey on sbtest3  (cost=0.43..8.45 rows=1 width=121)
	  Index Cond: (id = 5586113)

table 4 : explain SELECT c FROM sbtest4 WHERE id=3641603
	Index Scan using sbtest4_pkey on sbtest4  (cost=0.43..8.45 rows=1 width=121)
	  Index Cond: (id = 3641603)

table 5 : explain SELECT c FROM sbtest5 WHERE id=6768083
	Index Scan using sbtest5_pkey on sbtest5  (cost=0.43..8.45 rows=1 width=121)
	  Index Cond: (id = 6768083)

table 6 : explain SELECT c FROM sbtest6 WHERE id=1794081
	Index Scan using sbtest6_pkey on sbtest6  (cost=0.43..8.45 rows=1 width=121)
	  Index Cond: (id = 1794081)

table 7 : explain SELECT c FROM sbtest7 WHERE id=6829847
	Index Scan using sbtest7_pkey on sbtest7  (cost=0.43..8.45 rows=1 width=121)
	  Index Cond: (id = 6829847)

table 8 : explain SELECT c FROM sbtest8 WHERE id=9808378
	Index Scan using sbtest8_pkey on sbtest8  (cost=0.43..8.45 rows=1 width=121)
	  Index Cond: (id = 9808378)

explain: for deletes :: explain DELETE FROM sbtest%u WHERE id=%u
for index_updates
table 1 : explain UPDATE sbtest1 SET k=k+1 WHERE id=7884049
	Update on sbtest1  (cost=0.43..8.46 rows=1 width=196)
	  ->  Index Scan using sbtest1_pkey on sbtest1  (cost=0.43..8.46 rows=1 width=196)
	        Index Cond: (id = 7884049)

table 2 : explain UPDATE sbtest2 SET k=k+1 WHERE id=4200937
	Update on sbtest2  (cost=0.43..8.46 rows=1 width=196)
	  ->  Index Scan using sbtest2_pkey on sbtest2  (cost=0.43..8.46 rows=1 width=196)
	        Index Cond: (id = 4200937)

table 3 : explain UPDATE sbtest3 SET k=k+1 WHERE id=9123736
	Update on sbtest3  (cost=0.43..8.46 rows=1 width=196)
	  ->  Index Scan using sbtest3_pkey on sbtest3  (cost=0.43..8.46 rows=1 width=196)
	        Index Cond: (id = 9123736)

table 4 : explain UPDATE sbtest4 SET k=k+1 WHERE id=2796567
	Update on sbtest4  (cost=0.43..8.46 rows=1 width=196)
	  ->  Index Scan using sbtest4_pkey on sbtest4  (cost=0.43..8.46 rows=1 width=196)
	        Index Cond: (id = 2796567)

table 5 : explain UPDATE sbtest5 SET k=k+1 WHERE id=4819440
	Update on sbtest5  (cost=0.43..8.46 rows=1 width=196)
	  ->  Index Scan using sbtest5_pkey on sbtest5  (cost=0.43..8.46 rows=1 width=196)
	        Index Cond: (id = 4819440)

table 6 : explain UPDATE sbtest6 SET k=k+1 WHERE id=6584426
	Update on sbtest6  (cost=0.43..8.46 rows=1 width=196)
	  ->  Index Scan using sbtest6_pkey on sbtest6  (cost=0.43..8.46 rows=1 width=196)
	        Index Cond: (id = 6584426)

table 7 : explain UPDATE sbtest7 SET k=k+1 WHERE id=3776300
	Update on sbtest7  (cost=0.43..8.46 rows=1 width=196)
	  ->  Index Scan using sbtest7_pkey on sbtest7  (cost=0.43..8.46 rows=1 width=196)
	        Index Cond: (id = 3776300)

table 8 : explain UPDATE sbtest8 SET k=k+1 WHERE id=1157161
	Update on sbtest8  (cost=0.43..8.46 rows=1 width=196)
	  ->  Index Scan using sbtest8_pkey on sbtest8  (cost=0.43..8.46 rows=1 width=196)
	        Index Cond: (id = 1157161)

explain: for index_updates :: explain UPDATE sbtest%u SET k=k+1 WHERE id=%u
for index_updates
table 1 : explain UPDATE sbtest1 SET k=k+1 WHERE id=9295347
	Update on sbtest1  (cost=0.43..8.46 rows=1 width=196)
	  ->  Index Scan using sbtest1_pkey on sbtest1  (cost=0.43..8.46 rows=1 width=196)
	        Index Cond: (id = 9295347)

table 2 : explain UPDATE sbtest2 SET k=k+1 WHERE id=182519
	Update on sbtest2  (cost=0.43..8.46 rows=1 width=196)
	  ->  Index Scan using sbtest2_pkey on sbtest2  (cost=0.43..8.46 rows=1 width=196)
	        Index Cond: (id = 182519)

table 3 : explain UPDATE sbtest3 SET k=k+1 WHERE id=7093739
	Update on sbtest3  (cost=0.43..8.46 rows=1 width=196)
	  ->  Index Scan using sbtest3_pkey on sbtest3  (cost=0.43..8.46 rows=1 width=196)
	        Index Cond: (id = 7093739)

table 4 : explain UPDATE sbtest4 SET k=k+1 WHERE id=7684950
	Update on sbtest4  (cost=0.43..8.46 rows=1 width=196)
	  ->  Index Scan using sbtest4_pkey on sbtest4  (cost=0.43..8.46 rows=1 width=196)
	        Index Cond: (id = 7684950)

table 5 : explain UPDATE sbtest5 SET k=k+1 WHERE id=9025366
	Update on sbtest5  (cost=0.43..8.46 rows=1 width=196)
	  ->  Index Scan using sbtest5_pkey on sbtest5  (cost=0.43..8.46 rows=1 width=196)
	        Index Cond: (id = 9025366)

table 6 : explain UPDATE sbtest6 SET k=k+1 WHERE id=8439428
	Update on sbtest6  (cost=0.43..8.46 rows=1 width=196)
	  ->  Index Scan using sbtest6_pkey on sbtest6  (cost=0.43..8.46 rows=1 width=196)
	        Index Cond: (id = 8439428)

table 7 : explain UPDATE sbtest7 SET k=k+1 WHERE id=5369459
	Update on sbtest7  (cost=0.43..8.46 rows=1 width=196)
	  ->  Index Scan using sbtest7_pkey on sbtest7  (cost=0.43..8.46 rows=1 width=196)
	        Index Cond: (id = 5369459)

table 8 : explain UPDATE sbtest8 SET k=k+1 WHERE id=7698952
	Update on sbtest8  (cost=0.43..8.46 rows=1 width=196)
	  ->  Index Scan using sbtest8_pkey on sbtest8  (cost=0.43..8.46 rows=1 width=196)
	        Index Cond: (id = 7698952)

for: distinct_ranges
table 1 : explain SELECT DISTINCT c FROM sbtest1 WHERE id BETWEEN 9711412 AND 9711511 ORDER BY c
	Unique  (cost=378.89..379.38 rows=98 width=121)
	  ->  Sort  (cost=378.89..379.14 rows=98 width=121)
	        Sort Key: c
	        ->  Index Scan using sbtest1_pkey on sbtest1  (cost=0.43..375.65 rows=98 width=121)
	              Index Cond: ((id >= 9711412) AND (id <= 9711511))

table 2 : explain SELECT DISTINCT c FROM sbtest2 WHERE id BETWEEN 5821465 AND 5821564 ORDER BY c
	Unique  (cost=399.34..399.86 rows=103 width=121)
	  ->  Sort  (cost=399.34..399.60 rows=103 width=121)
	        Sort Key: c
	        ->  Index Scan using sbtest2_pkey on sbtest2  (cost=0.43..395.90 rows=103 width=121)
	              Index Cond: ((id >= 5821465) AND (id <= 5821564))

table 3 : explain SELECT DISTINCT c FROM sbtest3 WHERE id BETWEEN 6111926 AND 6112025 ORDER BY c
	Unique  (cost=409.35..409.88 rows=106 width=121)
	  ->  Sort  (cost=409.35..409.62 rows=106 width=121)
	        Sort Key: c
	        ->  Index Scan using sbtest3_pkey on sbtest3  (cost=0.43..405.79 rows=106 width=121)
	              Index Cond: ((id >= 6111926) AND (id <= 6112025))

table 4 : explain SELECT DISTINCT c FROM sbtest4 WHERE id BETWEEN 4528459 AND 4528558 ORDER BY c
	Unique  (cost=417.94..418.48 rows=109 width=121)
	  ->  Sort  (cost=417.94..418.21 rows=109 width=121)
	        Sort Key: c
	        ->  Index Scan using sbtest4_pkey on sbtest4  (cost=0.43..414.25 rows=109 width=121)
	              Index Cond: ((id >= 4528459) AND (id <= 4528558))

table 5 : explain SELECT DISTINCT c FROM sbtest5 WHERE id BETWEEN 2531475 AND 2531574 ORDER BY c
	Unique  (cost=395.47..395.99 rows=103 width=121)
	  ->  Sort  (cost=395.47..395.73 rows=103 width=121)
	        Sort Key: c
	        ->  Index Scan using sbtest5_pkey on sbtest5  (cost=0.43..392.03 rows=103 width=121)
	              Index Cond: ((id >= 2531475) AND (id <= 2531574))

table 6 : explain SELECT DISTINCT c FROM sbtest6 WHERE id BETWEEN 578045 AND 578144 ORDER BY c
	Unique  (cost=369.29..369.77 rows=96 width=121)
	  ->  Sort  (cost=369.29..369.53 rows=96 width=121)
	        Sort Key: c
	        ->  Index Scan using sbtest6_pkey on sbtest6  (cost=0.43..366.13 rows=96 width=121)
	              Index Cond: ((id >= 578045) AND (id <= 578144))

table 7 : explain SELECT DISTINCT c FROM sbtest7 WHERE id BETWEEN 8770947 AND 8771046 ORDER BY c
	Unique  (cost=393.42..393.93 rows=102 width=121)
	  ->  Sort  (cost=393.42..393.67 rows=102 width=121)
	        Sort Key: c
	        ->  Index Scan using sbtest7_pkey on sbtest7  (cost=0.43..390.01 rows=102 width=121)
	              Index Cond: ((id >= 8770947) AND (id <= 8771046))

table 8 : explain SELECT DISTINCT c FROM sbtest8 WHERE id BETWEEN 8574618 AND 8574717 ORDER BY c
	Unique  (cost=400.46..400.98 rows=104 width=121)
	  ->  Sort  (cost=400.46..400.72 rows=104 width=121)
	        Sort Key: c
	        ->  Index Scan using sbtest8_pkey on sbtest8  (cost=0.43..396.98 rows=104 width=121)
	              Index Cond: ((id >= 8574618) AND (id <= 8574717))

for: order_ranges
table 1 : explain SELECT c FROM sbtest1 WHERE id BETWEEN 4705710 AND 4705809 ORDER BY c
	Sort  (cost=390.37..390.62 rows=101 width=121)
	  Sort Key: c
	  ->  Index Scan using sbtest1_pkey on sbtest1  (cost=0.43..387.00 rows=101 width=121)
	        Index Cond: ((id >= 4705710) AND (id <= 4705809))

table 2 : explain SELECT c FROM sbtest2 WHERE id BETWEEN 2399761 AND 2399860 ORDER BY c
	Sort  (cost=395.50..395.76 rows=102 width=121)
	  Sort Key: c
	  ->  Index Scan using sbtest2_pkey on sbtest2  (cost=0.43..392.10 rows=102 width=121)
	        Index Cond: ((id >= 2399761) AND (id <= 2399860))

table 3 : explain SELECT c FROM sbtest3 WHERE id BETWEEN 8796639 AND 8796738 ORDER BY c
	Sort  (cost=367.30..367.54 rows=95 width=121)
	  Sort Key: c
	  ->  Index Scan using sbtest3_pkey on sbtest3  (cost=0.43..364.18 rows=95 width=121)
	        Index Cond: ((id >= 8796639) AND (id <= 8796738))

table 4 : explain SELECT c FROM sbtest4 WHERE id BETWEEN 9747570 AND 9747669 ORDER BY c
	Sort  (cost=395.16..395.42 rows=103 width=121)
	  Sort Key: c
	  ->  Index Scan using sbtest4_pkey on sbtest4  (cost=0.43..391.71 rows=103 width=121)
	        Index Cond: ((id >= 9747570) AND (id <= 9747669))

table 5 : explain SELECT c FROM sbtest5 WHERE id BETWEEN 9078101 AND 9078200 ORDER BY c
	Sort  (cost=395.47..395.73 rows=103 width=121)
	  Sort Key: c
	  ->  Index Scan using sbtest5_pkey on sbtest5  (cost=0.43..392.03 rows=103 width=121)
	        Index Cond: ((id >= 9078101) AND (id <= 9078200))

table 6 : explain SELECT c FROM sbtest6 WHERE id BETWEEN 1304779 AND 1304878 ORDER BY c
	Sort  (cost=376.90..377.14 rows=98 width=121)
	  Sort Key: c
	  ->  Index Scan using sbtest6_pkey on sbtest6  (cost=0.43..373.65 rows=98 width=121)
	        Index Cond: ((id >= 1304779) AND (id <= 1304878))

table 7 : explain SELECT c FROM sbtest7 WHERE id BETWEEN 6946092 AND 6946191 ORDER BY c
	Sort  (cost=370.52..370.76 rows=96 width=121)
	  Sort Key: c
	  ->  Index Scan using sbtest7_pkey on sbtest7  (cost=0.43..367.36 rows=96 width=121)
	        Index Cond: ((id >= 6946092) AND (id <= 6946191))

table 8 : explain SELECT c FROM sbtest8 WHERE id BETWEEN 848888 AND 848987 ORDER BY c
	Sort  (cost=408.08..408.35 rows=106 width=121)
	  Sort Key: c
	  ->  Index Scan using sbtest8_pkey on sbtest8  (cost=0.43..404.52 rows=106 width=121)
	        Index Cond: ((id >= 848888) AND (id <= 848987))

explain: for inserts :: explain INSERT INTO sbtest%u (id, k, c, pad) VALUES (%u, 13, 'foobar', 'foobar')
for inserts
table 1 : explain INSERT INTO sbtest1 (id, k, c, pad) VALUES (8604665, 13, 'foobar', 'foobar')
	Insert on sbtest1  (cost=0.00..0.01 rows=1 width=736)
	  ->  Result  (cost=0.00..0.01 rows=1 width=736)

table 2 : explain INSERT INTO sbtest2 (id, k, c, pad) VALUES (7138536, 13, 'foobar', 'foobar')
	Insert on sbtest2  (cost=0.00..0.01 rows=1 width=736)
	  ->  Result  (cost=0.00..0.01 rows=1 width=736)

table 3 : explain INSERT INTO sbtest3 (id, k, c, pad) VALUES (3714519, 13, 'foobar', 'foobar')
	Insert on sbtest3  (cost=0.00..0.01 rows=1 width=736)
	  ->  Result  (cost=0.00..0.01 rows=1 width=736)

table 4 : explain INSERT INTO sbtest4 (id, k, c, pad) VALUES (9241466, 13, 'foobar', 'foobar')
	Insert on sbtest4  (cost=0.00..0.01 rows=1 width=736)
	  ->  Result  (cost=0.00..0.01 rows=1 width=736)

table 5 : explain INSERT INTO sbtest5 (id, k, c, pad) VALUES (7169355, 13, 'foobar', 'foobar')
	Insert on sbtest5  (cost=0.00..0.01 rows=1 width=736)
	  ->  Result  (cost=0.00..0.01 rows=1 width=736)

table 6 : explain INSERT INTO sbtest6 (id, k, c, pad) VALUES (7114035, 13, 'foobar', 'foobar')
	Insert on sbtest6  (cost=0.00..0.01 rows=1 width=736)
	  ->  Result  (cost=0.00..0.01 rows=1 width=736)

table 7 : explain INSERT INTO sbtest7 (id, k, c, pad) VALUES (8489670, 13, 'foobar', 'foobar')
	Insert on sbtest7  (cost=0.00..0.01 rows=1 width=736)
	  ->  Result  (cost=0.00..0.01 rows=1 width=736)

table 8 : explain INSERT INTO sbtest8 (id, k, c, pad) VALUES (8844857, 13, 'foobar', 'foobar')
	Insert on sbtest8  (cost=0.00..0.01 rows=1 width=736)
	  ->  Result  (cost=0.00..0.01 rows=1 width=736)

for: simple_ranges
table 1 : explain SELECT c FROM sbtest1 WHERE id BETWEEN 7271781 AND 7271880
	Index Scan using sbtest1_pkey on sbtest1  (cost=0.43..413.49 rows=108 width=121)
	  Index Cond: ((id >= 7271781) AND (id <= 7271880))

table 2 : explain SELECT c FROM sbtest2 WHERE id BETWEEN 419753 AND 419852
	Index Scan using sbtest2_pkey on sbtest2  (cost=0.43..380.71 rows=99 width=121)
	  Index Cond: ((id >= 419753) AND (id <= 419852))

table 3 : explain SELECT c FROM sbtest3 WHERE id BETWEEN 7708963 AND 7709062
	Index Scan using sbtest3_pkey on sbtest3  (cost=0.43..371.74 rows=97 width=121)
	  Index Cond: ((id >= 7708963) AND (id <= 7709062))

table 4 : explain SELECT c FROM sbtest4 WHERE id BETWEEN 507547 AND 507646
	Index Scan using sbtest4_pkey on sbtest4  (cost=0.43..418.00 rows=110 width=121)
	  Index Cond: ((id >= 507547) AND (id <= 507646))

table 5 : explain SELECT c FROM sbtest5 WHERE id BETWEEN 4428942 AND 4429041
	Index Scan using sbtest5_pkey on sbtest5  (cost=0.43..369.48 rows=97 width=121)
	  Index Cond: ((id >= 4428942) AND (id <= 4429041))

table 6 : explain SELECT c FROM sbtest6 WHERE id BETWEEN 4200019 AND 4200118
	Index Scan using sbtest6_pkey on sbtest6  (cost=0.43..343.55 rows=90 width=121)
	  Index Cond: ((id >= 4200019) AND (id <= 4200118))

table 7 : explain SELECT c FROM sbtest7 WHERE id BETWEEN 5345415 AND 5345514
	Index Scan using sbtest7_pkey on sbtest7  (cost=0.43..416.44 rows=109 width=121)
	  Index Cond: ((id >= 5345415) AND (id <= 5345514))

table 8 : explain SELECT c FROM sbtest8 WHERE id BETWEEN 4338877 AND 4338976
	Index Scan using sbtest8_pkey on sbtest8  (cost=0.43..381.89 rows=100 width=121)
	  Index Cond: ((id >= 4338877) AND (id <= 4338976))

explain: for inserts :: explain INSERT INTO sbtest%u (id, k, c, pad) VALUES (%u, 13, 'foobar', 'foobar')
for deletes
table 1 : explain DELETE FROM sbtest1 WHERE id=3179304
	Delete on sbtest1  (cost=0.43..8.45 rows=1 width=6)
	  ->  Index Scan using sbtest1_pkey on sbtest1  (cost=0.43..8.45 rows=1 width=6)
	        Index Cond: (id = 3179304)

table 2 : explain DELETE FROM sbtest2 WHERE id=9518814
	Delete on sbtest2  (cost=0.43..8.45 rows=1 width=6)
	  ->  Index Scan using sbtest2_pkey on sbtest2  (cost=0.43..8.45 rows=1 width=6)
	        Index Cond: (id = 9518814)

table 3 : explain DELETE FROM sbtest3 WHERE id=8306143
	Delete on sbtest3  (cost=0.43..8.45 rows=1 width=6)
	  ->  Index Scan using sbtest3_pkey on sbtest3  (cost=0.43..8.45 rows=1 width=6)
	        Index Cond: (id = 8306143)

table 4 : explain DELETE FROM sbtest4 WHERE id=5902274
	Delete on sbtest4  (cost=0.43..8.45 rows=1 width=6)
	  ->  Index Scan using sbtest4_pkey on sbtest4  (cost=0.43..8.45 rows=1 width=6)
	        Index Cond: (id = 5902274)

table 5 : explain DELETE FROM sbtest5 WHERE id=796154
	Delete on sbtest5  (cost=0.43..8.45 rows=1 width=6)
	  ->  Index Scan using sbtest5_pkey on sbtest5  (cost=0.43..8.45 rows=1 width=6)
	        Index Cond: (id = 796154)

table 6 : explain DELETE FROM sbtest6 WHERE id=8960411
	Delete on sbtest6  (cost=0.43..8.45 rows=1 width=6)
	  ->  Index Scan using sbtest6_pkey on sbtest6  (cost=0.43..8.45 rows=1 width=6)
	        Index Cond: (id = 8960411)

table 7 : explain DELETE FROM sbtest7 WHERE id=9614360
	Delete on sbtest7  (cost=0.43..8.45 rows=1 width=6)
	  ->  Index Scan using sbtest7_pkey on sbtest7  (cost=0.43..8.45 rows=1 width=6)
	        Index Cond: (id = 9614360)

table 8 : explain DELETE FROM sbtest8 WHERE id=5295542
	Delete on sbtest8  (cost=0.43..8.45 rows=1 width=6)
	  ->  Index Scan using sbtest8_pkey on sbtest8  (cost=0.43..8.45 rows=1 width=6)
	        Index Cond: (id = 5295542)

explain: for index_updates :: explain UPDATE sbtest%u SET k=k+1 WHERE id=%u
explain: for non_index_updates :: explain UPDATE sbtest%u SET c='foobar' WHERE id=%u
explain: for inserts :: explain INSERT INTO sbtest%u (id, k, c, pad) VALUES (%u, 13, 'foobar', 'foobar')
explain: for non_index_updates :: explain UPDATE sbtest%u SET c='foobar' WHERE id=%u
for index_updates
table 1 : explain UPDATE sbtest1 SET k=k+1 WHERE id=1801327
	Update on sbtest1  (cost=0.43..8.46 rows=1 width=196)
	  ->  Index Scan using sbtest1_pkey on sbtest1  (cost=0.43..8.46 rows=1 width=196)
	        Index Cond: (id = 1801327)

table 2 : explain UPDATE sbtest2 SET k=k+1 WHERE id=7850088
	Update on sbtest2  (cost=0.43..8.46 rows=1 width=196)
	  ->  Index Scan using sbtest2_pkey on sbtest2  (cost=0.43..8.46 rows=1 width=196)
	        Index Cond: (id = 7850088)

table 3 : explain UPDATE sbtest3 SET k=k+1 WHERE id=7008041
	Update on sbtest3  (cost=0.43..8.46 rows=1 width=196)
	  ->  Index Scan using sbtest3_pkey on sbtest3  (cost=0.43..8.46 rows=1 width=196)
	        Index Cond: (id = 7008041)

table 4 : explain UPDATE sbtest4 SET k=k+1 WHERE id=7533985
	Update on sbtest4  (cost=0.43..8.46 rows=1 width=196)
	  ->  Index Scan using sbtest4_pkey on sbtest4  (cost=0.43..8.46 rows=1 width=196)
	        Index Cond: (id = 7533985)

table 5 : explain UPDATE sbtest5 SET k=k+1 WHERE id=998107
	Update on sbtest5  (cost=0.43..8.46 rows=1 width=196)
	  ->  Index Scan using sbtest5_pkey on sbtest5  (cost=0.43..8.46 rows=1 width=196)
	        Index Cond: (id = 998107)

table 6 : explain UPDATE sbtest6 SET k=k+1 WHERE id=5602569
	Update on sbtest6  (cost=0.43..8.46 rows=1 width=196)
	  ->  Index Scan using sbtest6_pkey on sbtest6  (cost=0.43..8.46 rows=1 width=196)
	        Index Cond: (id = 5602569)

table 7 : explain UPDATE sbtest7 SET k=k+1 WHERE id=1498458
	Update on sbtest7  (cost=0.43..8.46 rows=1 width=196)
	  ->  Index Scan using sbtest7_pkey on sbtest7  (cost=0.43..8.46 rows=1 width=196)
	        Index Cond: (id = 1498458)

table 8 : explain UPDATE sbtest8 SET k=k+1 WHERE id=477619
	Update on sbtest8  (cost=0.43..8.46 rows=1 width=196)
	  ->  Index Scan using sbtest8_pkey on sbtest8  (cost=0.43..8.46 rows=1 width=196)
	        Index Cond: (id = 477619)

for index_updates
table 1 : explain UPDATE sbtest1 SET k=k+1 WHERE id=2515932
	Update on sbtest1  (cost=0.43..8.46 rows=1 width=196)
	  ->  Index Scan using sbtest1_pkey on sbtest1  (cost=0.43..8.46 rows=1 width=196)
	        Index Cond: (id = 2515932)

table 2 : explain UPDATE sbtest2 SET k=k+1 WHERE id=4784236
	Update on sbtest2  (cost=0.43..8.46 rows=1 width=196)
	  ->  Index Scan using sbtest2_pkey on sbtest2  (cost=0.43..8.46 rows=1 width=196)
	        Index Cond: (id = 4784236)

table 3 : explain UPDATE sbtest3 SET k=k+1 WHERE id=5905436
	Update on sbtest3  (cost=0.43..8.46 rows=1 width=196)
	  ->  Index Scan using sbtest3_pkey on sbtest3  (cost=0.43..8.46 rows=1 width=196)
	        Index Cond: (id = 5905436)

table 4 : explain UPDATE sbtest4 SET k=k+1 WHERE id=3649511
	Update on sbtest4  (cost=0.43..8.46 rows=1 width=196)
	  ->  Index Scan using sbtest4_pkey on sbtest4  (cost=0.43..8.46 rows=1 width=196)
	        Index Cond: (id = 3649511)

table 5 : explain UPDATE sbtest5 SET k=k+1 WHERE id=7439189
	Update on sbtest5  (cost=0.43..8.46 rows=1 width=196)
	  ->  Index Scan using sbtest5_pkey on sbtest5  (cost=0.43..8.46 rows=1 width=196)
	        Index Cond: (id = 7439189)

table 6 : explain UPDATE sbtest6 SET k=k+1 WHERE id=5946253
	Update on sbtest6  (cost=0.43..8.46 rows=1 width=196)
	  ->  Index Scan using sbtest6_pkey on sbtest6  (cost=0.43..8.46 rows=1 width=196)
	        Index Cond: (id = 5946253)

table 7 : explain UPDATE sbtest7 SET k=k+1 WHERE id=8577786
	Update on sbtest7  (cost=0.43..8.46 rows=1 width=196)
	  ->  Index Scan using sbtest7_pkey on sbtest7  (cost=0.43..8.46 rows=1 width=196)
	        Index Cond: (id = 8577786)

table 8 : explain UPDATE sbtest8 SET k=k+1 WHERE id=2363911
	Update on sbtest8  (cost=0.43..8.46 rows=1 width=196)
	  ->  Index Scan using sbtest8_pkey on sbtest8  (cost=0.43..8.46 rows=1 width=196)
	        Index Cond: (id = 2363911)

for: distinct_ranges
table 1 : explain SELECT DISTINCT c FROM sbtest1 WHERE id BETWEEN 3804085 AND 3804184 ORDER BY c
	Unique  (cost=432.44..433.00 rows=112 width=121)
	  ->  Sort  (cost=432.44..432.72 rows=112 width=121)
	        Sort Key: c
	        ->  Index Scan using sbtest1_pkey on sbtest1  (cost=0.43..428.62 rows=112 width=121)
	              Index Cond: ((id >= 3804085) AND (id <= 3804184))

table 2 : explain SELECT DISTINCT c FROM sbtest2 WHERE id BETWEEN 1906960 AND 1907059 ORDER BY c
	Unique  (cost=380.16..380.65 rows=98 width=121)
	  ->  Sort  (cost=380.16..380.40 rows=98 width=121)
	        Sort Key: c
	        ->  Index Scan using sbtest2_pkey on sbtest2  (cost=0.43..376.91 rows=98 width=121)
	              Index Cond: ((id >= 1906960) AND (id <= 1907059))

table 3 : explain SELECT DISTINCT c FROM sbtest3 WHERE id BETWEEN 3311109 AND 3311208 ORDER BY c
	Unique  (cost=386.41..386.91 rows=100 width=121)
	  ->  Sort  (cost=386.41..386.66 rows=100 width=121)
	        Sort Key: c
	        ->  Index Scan using sbtest3_pkey on sbtest3  (cost=0.43..383.09 rows=100 width=121)
	              Index Cond: ((id >= 3311109) AND (id <= 3311208))

table 4 : explain SELECT DISTINCT c FROM sbtest4 WHERE id BETWEEN 4142679 AND 4142778 ORDER BY c
	Unique  (cost=406.55..407.08 rows=106 width=121)
	  ->  Sort  (cost=406.55..406.81 rows=106 width=121)
	        Sort Key: c
	        ->  Index Scan using sbtest4_pkey on sbtest4  (cost=0.43..402.98 rows=106 width=121)
	              Index Cond: ((id >= 4142679) AND (id <= 4142778))

table 5 : explain SELECT DISTINCT c FROM sbtest5 WHERE id BETWEEN 7732746 AND 7732845 ORDER BY c
	Unique  (cost=342.23..342.67 rows=89 width=121)
	  ->  Sort  (cost=342.23..342.45 rows=89 width=121)
	        Sort Key: c
	        ->  Index Scan using sbtest5_pkey on sbtest5  (cost=0.43..339.34 rows=89 width=121)
	              Index Cond: ((id >= 7732746) AND (id <= 7732845))

table 6 : explain SELECT DISTINCT c FROM sbtest6 WHERE id BETWEEN 1592955 AND 1593054 ORDER BY c
	Unique  (cost=365.49..365.96 rows=95 width=121)
	  ->  Sort  (cost=365.49..365.72 rows=95 width=121)
	        Sort Key: c
	        ->  Index Scan using sbtest6_pkey on sbtest6  (cost=0.43..362.37 rows=95 width=121)
	              Index Cond: ((id >= 1592955) AND (id <= 1593054))

table 7 : explain SELECT DISTINCT c FROM sbtest7 WHERE id BETWEEN 6903273 AND 6903372 ORDER BY c
	Unique  (cost=389.60..390.10 rows=101 width=121)
	  ->  Sort  (cost=389.60..389.85 rows=101 width=121)
	        Sort Key: c
	        ->  Index Scan using sbtest7_pkey on sbtest7  (cost=0.43..386.24 rows=101 width=121)
	              Index Cond: ((id >= 6903273) AND (id <= 6903372))

table 8 : explain SELECT DISTINCT c FROM sbtest8 WHERE id BETWEEN 7647197 AND 7647296 ORDER BY c
	Unique  (cost=404.27..404.80 rows=105 width=121)
	  ->  Sort  (cost=404.27..404.53 rows=105 width=121)
	        Sort Key: c
	        ->  Index Scan using sbtest8_pkey on sbtest8  (cost=0.43..400.75 rows=105 width=121)
	              Index Cond: ((id >= 7647197) AND (id <= 7647296))

for inserts
table 1 : explain INSERT INTO sbtest1 (id, k, c, pad) VALUES (5580027, 13, 'foobar', 'foobar')
	Insert on sbtest1  (cost=0.00..0.01 rows=1 width=736)
	  ->  Result  (cost=0.00..0.01 rows=1 width=736)

table 2 : explain INSERT INTO sbtest2 (id, k, c, pad) VALUES (2182559, 13, 'foobar', 'foobar')
	Insert on sbtest2  (cost=0.00..0.01 rows=1 width=736)
	  ->  Result  (cost=0.00..0.01 rows=1 width=736)

table 3 : explain INSERT INTO sbtest3 (id, k, c, pad) VALUES (228746, 13, 'foobar', 'foobar')
	Insert on sbtest3  (cost=0.00..0.01 rows=1 width=736)
	  ->  Result  (cost=0.00..0.01 rows=1 width=736)

table 4 : explain INSERT INTO sbtest4 (id, k, c, pad) VALUES (9829035, 13, 'foobar', 'foobar')
	Insert on sbtest4  (cost=0.00..0.01 rows=1 width=736)
	  ->  Result  (cost=0.00..0.01 rows=1 width=736)

table 5 : explain INSERT INTO sbtest5 (id, k, c, pad) VALUES (4234577, 13, 'foobar', 'foobar')
	Insert on sbtest5  (cost=0.00..0.01 rows=1 width=736)
	  ->  Result  (cost=0.00..0.01 rows=1 width=736)

table 6 : explain INSERT INTO sbtest6 (id, k, c, pad) VALUES (4382591, 13, 'foobar', 'foobar')
	Insert on sbtest6  (cost=0.00..0.01 rows=1 width=736)
	  ->  Result  (cost=0.00..0.01 rows=1 width=736)

table 7 : explain INSERT INTO sbtest7 (id, k, c, pad) VALUES (7698767, 13, 'foobar', 'foobar')
	Insert on sbtest7  (cost=0.00..0.01 rows=1 width=736)
	  ->  Result  (cost=0.00..0.01 rows=1 width=736)

table 8 : explain INSERT INTO sbtest8 (id, k, c, pad) VALUES (2837128, 13, 'foobar', 'foobar')
	Insert on sbtest8  (cost=0.00..0.01 rows=1 width=736)
	  ->  Result  (cost=0.00..0.01 rows=1 width=736)

for inserts
table 1 : explain INSERT INTO sbtest1 (id, k, c, pad) VALUES (7123965, 13, 'foobar', 'foobar')
	Insert on sbtest1  (cost=0.00..0.01 rows=1 width=736)
	  ->  Result  (cost=0.00..0.01 rows=1 width=736)

table 2 : explain INSERT INTO sbtest2 (id, k, c, pad) VALUES (4036697, 13, 'foobar', 'foobar')
	Insert on sbtest2  (cost=0.00..0.01 rows=1 width=736)
	  ->  Result  (cost=0.00..0.01 rows=1 width=736)

table 3 : explain INSERT INTO sbtest3 (id, k, c, pad) VALUES (6065193, 13, 'foobar', 'foobar')
	Insert on sbtest3  (cost=0.00..0.01 rows=1 width=736)
	  ->  Result  (cost=0.00..0.01 rows=1 width=736)

table 4 : explain INSERT INTO sbtest4 (id, k, c, pad) VALUES (1510198, 13, 'foobar', 'foobar')
	Insert on sbtest4  (cost=0.00..0.01 rows=1 width=736)
	  ->  Result  (cost=0.00..0.01 rows=1 width=736)

table 5 : explain INSERT INTO sbtest5 (id, k, c, pad) VALUES (8483250, 13, 'foobar', 'foobar')
	Insert on sbtest5  (cost=0.00..0.01 rows=1 width=736)
	  ->  Result  (cost=0.00..0.01 rows=1 width=736)

table 6 : explain INSERT INTO sbtest6 (id, k, c, pad) VALUES (9405017, 13, 'foobar', 'foobar')
	Insert on sbtest6  (cost=0.00..0.01 rows=1 width=736)
	  ->  Result  (cost=0.00..0.01 rows=1 width=736)

table 7 : explain INSERT INTO sbtest7 (id, k, c, pad) VALUES (388271, 13, 'foobar', 'foobar')
	Insert on sbtest7  (cost=0.00..0.01 rows=1 width=736)
	  ->  Result  (cost=0.00..0.01 rows=1 width=736)

table 8 : explain INSERT INTO sbtest8 (id, k, c, pad) VALUES (9212951, 13, 'foobar', 'foobar')
	Insert on sbtest8  (cost=0.00..0.01 rows=1 width=736)
	  ->  Result  (cost=0.00..0.01 rows=1 width=736)

for: simple_ranges
table 1 : explain SELECT c FROM sbtest1 WHERE id BETWEEN 7833984 AND 7834083
	Index Scan using sbtest1_pkey on sbtest1  (cost=0.43..364.24 rows=95 width=121)
	  Index Cond: ((id >= 7833984) AND (id <= 7834083))

table 2 : explain SELECT c FROM sbtest2 WHERE id BETWEEN 2317024 AND 2317123
	Index Scan using sbtest2_pkey on sbtest2  (cost=0.43..392.10 rows=102 width=121)
	  Index Cond: ((id >= 2317024) AND (id <= 2317123))

table 3 : explain SELECT c FROM sbtest3 WHERE id BETWEEN 597358 AND 597457
	Index Scan using sbtest3_pkey on sbtest3  (cost=0.43..409.57 rows=107 width=121)
	  Index Cond: ((id >= 597358) AND (id <= 597457))

table 4 : explain SELECT c FROM sbtest4 WHERE id BETWEEN 9213930 AND 9214029
	Index Scan using sbtest4_pkey on sbtest4  (cost=0.43..384.20 rows=101 width=121)
	  Index Cond: ((id >= 9213930) AND (id <= 9214029))

table 5 : explain SELECT c FROM sbtest5 WHERE id BETWEEN 7845987 AND 7846086
	Index Scan using sbtest5_pkey on sbtest5  (cost=0.43..388.27 rows=102 width=121)
	  Index Cond: ((id >= 7845987) AND (id <= 7846086))

table 6 : explain SELECT c FROM sbtest6 WHERE id BETWEEN 1329491 AND 1329590
	Index Scan using sbtest6_pkey on sbtest6  (cost=0.43..422.57 rows=111 width=121)
	  Index Cond: ((id >= 1329491) AND (id <= 1329590))

table 7 : explain SELECT c FROM sbtest7 WHERE id BETWEEN 4890489 AND 4890588
	Index Scan using sbtest7_pkey on sbtest7  (cost=0.43..348.48 rows=91 width=121)
	  Index Cond: ((id >= 4890489) AND (id <= 4890588))

table 8 : explain SELECT c FROM sbtest8 WHERE id BETWEEN 4503120 AND 4503219
	Index Scan using sbtest8_pkey on sbtest8  (cost=0.43..393.21 rows=103 width=121)
	  Index Cond: ((id >= 4503120) AND (id <= 4503219))

for inserts
table 1 : explain INSERT INTO sbtest1 (id, k, c, pad) VALUES (2427619, 13, 'foobar', 'foobar')
	Insert on sbtest1  (cost=0.00..0.01 rows=1 width=736)
	  ->  Result  (cost=0.00..0.01 rows=1 width=736)

table 2 : explain INSERT INTO sbtest2 (id, k, c, pad) VALUES (8882568, 13, 'foobar', 'foobar')
	Insert on sbtest2  (cost=0.00..0.01 rows=1 width=736)
	  ->  Result  (cost=0.00..0.01 rows=1 width=736)

table 3 : explain INSERT INTO sbtest3 (id, k, c, pad) VALUES (2545597, 13, 'foobar', 'foobar')
	Insert on sbtest3  (cost=0.00..0.01 rows=1 width=736)
	  ->  Result  (cost=0.00..0.01 rows=1 width=736)

table 4 : explain INSERT INTO sbtest4 (id, k, c, pad) VALUES (1144860, 13, 'foobar', 'foobar')
	Insert on sbtest4  (cost=0.00..0.01 rows=1 width=736)
	  ->  Result  (cost=0.00..0.01 rows=1 width=736)

table 5 : explain INSERT INTO sbtest5 (id, k, c, pad) VALUES (4762286, 13, 'foobar', 'foobar')
	Insert on sbtest5  (cost=0.00..0.01 rows=1 width=736)
	  ->  Result  (cost=0.00..0.01 rows=1 width=736)

table 6 : explain INSERT INTO sbtest6 (id, k, c, pad) VALUES (9845341, 13, 'foobar', 'foobar')
	Insert on sbtest6  (cost=0.00..0.01 rows=1 width=736)
	  ->  Result  (cost=0.00..0.01 rows=1 width=736)

table 7 : explain INSERT INTO sbtest7 (id, k, c, pad) VALUES (7269201, 13, 'foobar', 'foobar')
	Insert on sbtest7  (cost=0.00..0.01 rows=1 width=736)
	  ->  Result  (cost=0.00..0.01 rows=1 width=736)

table 8 : explain INSERT INTO sbtest8 (id, k, c, pad) VALUES (6888872, 13, 'foobar', 'foobar')
	Insert on sbtest8  (cost=0.00..0.01 rows=1 width=736)
	  ->  Result  (cost=0.00..0.01 rows=1 width=736)

explain: for non_index_updates :: explain UPDATE sbtest%u SET c='foobar' WHERE id=%u
explain: for inserts :: explain INSERT INTO sbtest%u (id, k, c, pad) VALUES (%u, 13, 'foobar', 'foobar')
for non_index_updates
table 1 : explain UPDATE sbtest1 SET c='foobar' WHERE id=9070270
	Update on sbtest1  (cost=0.43..8.45 rows=1 width=559)
	  ->  Index Scan using sbtest1_pkey on sbtest1  (cost=0.43..8.45 rows=1 width=559)
	        Index Cond: (id = 9070270)

table 2 : explain UPDATE sbtest2 SET c='foobar' WHERE id=275805
	Update on sbtest2  (cost=0.43..8.45 rows=1 width=559)
	  ->  Index Scan using sbtest2_pkey on sbtest2  (cost=0.43..8.45 rows=1 width=559)
	        Index Cond: (id = 275805)

table 3 : explain UPDATE sbtest3 SET c='foobar' WHERE id=2341005
	Update on sbtest3  (cost=0.43..8.45 rows=1 width=559)
	  ->  Index Scan using sbtest3_pkey on sbtest3  (cost=0.43..8.45 rows=1 width=559)
	        Index Cond: (id = 2341005)

table 4 : explain UPDATE sbtest4 SET c='foobar' WHERE id=2196907
	Update on sbtest4  (cost=0.43..8.45 rows=1 width=559)
	  ->  Index Scan using sbtest4_pkey on sbtest4  (cost=0.43..8.45 rows=1 width=559)
	        Index Cond: (id = 2196907)

table 5 : explain UPDATE sbtest5 SET c='foobar' WHERE id=9172204
	Update on sbtest5  (cost=0.43..8.45 rows=1 width=559)
	  ->  Index Scan using sbtest5_pkey on sbtest5  (cost=0.43..8.45 rows=1 width=559)
	        Index Cond: (id = 9172204)

table 6 : explain UPDATE sbtest6 SET c='foobar' WHERE id=6951094
	Update on sbtest6  (cost=0.43..8.45 rows=1 width=559)
	  ->  Index Scan using sbtest6_pkey on sbtest6  (cost=0.43..8.45 rows=1 width=559)
	        Index Cond: (id = 6951094)

table 7 : explain UPDATE sbtest7 SET c='foobar' WHERE id=4620875
	Update on sbtest7  (cost=0.43..8.45 rows=1 width=559)
	  ->  Index Scan using sbtest7_pkey on sbtest7  (cost=0.43..8.45 rows=1 width=559)
	        Index Cond: (id = 4620875)

table 8 : explain UPDATE sbtest8 SET c='foobar' WHERE id=8169984
	Update on sbtest8  (cost=0.43..8.45 rows=1 width=559)
	  ->  Index Scan using sbtest8_pkey on sbtest8  (cost=0.43..8.45 rows=1 width=559)
	        Index Cond: (id = 8169984)

for: distinct_ranges
table 1 : explain SELECT DISTINCT c FROM sbtest1 WHERE id BETWEEN 6266533 AND 6266632 ORDER BY c
	Unique  (cost=413.31..413.85 rows=107 width=121)
	  ->  Sort  (cost=413.31..413.58 rows=107 width=121)
	        Sort Key: c
	        ->  Index Scan using sbtest1_pkey on sbtest1  (cost=0.43..409.71 rows=107 width=121)
	              Index Cond: ((id >= 6266533) AND (id <= 6266632))

table 2 : explain SELECT DISTINCT c FROM sbtest2 WHERE id BETWEEN 3708101 AND 3708200 ORDER BY c
	Unique  (cost=387.83..388.33 rows=100 width=121)
	  ->  Sort  (cost=387.83..388.08 rows=100 width=121)
	        Sort Key: c
	        ->  Index Scan using sbtest2_pkey on sbtest2  (cost=0.43..384.51 rows=100 width=121)
	              Index Cond: ((id >= 3708101) AND (id <= 3708200))

table 3 : explain SELECT DISTINCT c FROM sbtest3 WHERE id BETWEEN 3635722 AND 3635821 ORDER BY c
	Unique  (cost=413.17..413.71 rows=107 width=121)
	  ->  Sort  (cost=413.17..413.44 rows=107 width=121)
	        Sort Key: c
	        ->  Index Scan using sbtest3_pkey on sbtest3  (cost=0.43..409.57 rows=107 width=121)
	              Index Cond: ((id >= 3635722) AND (id <= 3635821))

table 4 : explain SELECT DISTINCT c FROM sbtest4 WHERE id BETWEEN 8651488 AND 8651587 ORDER BY c
	Unique  (cost=425.53..426.08 rows=111 width=121)
	  ->  Sort  (cost=425.53..425.81 rows=111 width=121)
	        Sort Key: c
	        ->  Index Scan using sbtest4_pkey on sbtest4  (cost=0.43..421.76 rows=111 width=121)
	              Index Cond: ((id >= 8651488) AND (id <= 8651587))

table 5 : explain SELECT DISTINCT c FROM sbtest5 WHERE id BETWEEN 8109556 AND 8109655 ORDER BY c
	Unique  (cost=380.28..380.77 rows=99 width=121)
	  ->  Sort  (cost=380.28..380.53 rows=99 width=121)
	        Sort Key: c
	        ->  Index Scan using sbtest5_pkey on sbtest5  (cost=0.43..377.00 rows=99 width=121)
	              Index Cond: ((id >= 8109556) AND (id <= 8109655))

table 6 : explain SELECT DISTINCT c FROM sbtest6 WHERE id BETWEEN 3698233 AND 3698332 ORDER BY c
	Unique  (cost=388.31..388.81 rows=101 width=121)
	  ->  Sort  (cost=388.31..388.56 rows=101 width=121)
	        Sort Key: c
	        ->  Index Scan using sbtest6_pkey on sbtest6  (cost=0.43..384.94 rows=101 width=121)
	              Index Cond: ((id >= 3698233) AND (id <= 3698332))

table 7 : explain SELECT DISTINCT c FROM sbtest7 WHERE id BETWEEN 2218422 AND 2218521 ORDER BY c
	Unique  (cost=370.52..371.00 rows=96 width=121)
	  ->  Sort  (cost=370.52..370.76 rows=96 width=121)
	        Sort Key: c
	        ->  Index Scan using sbtest7_pkey on sbtest7  (cost=0.43..367.36 rows=96 width=121)
	              Index Cond: ((id >= 2218422) AND (id <= 2218521))

table 8 : explain SELECT DISTINCT c FROM sbtest8 WHERE id BETWEEN 4376875 AND 4376974 ORDER BY c
	Unique  (cost=385.22..385.72 rows=100 width=121)
	  ->  Sort  (cost=385.22..385.47 rows=100 width=121)
	        Sort Key: c
	        ->  Index Scan using sbtest8_pkey on sbtest8  (cost=0.43..381.89 rows=100 width=121)
	              Index Cond: ((id >= 4376875) AND (id <= 4376974))

explain: for non_index_updates :: explain UPDATE sbtest%u SET c='foobar' WHERE id=%u
explain: for deletes :: explain DELETE FROM sbtest%u WHERE id=%u
for non_index_updates
table 1 : explain UPDATE sbtest1 SET c='foobar' WHERE id=9691682
	Update on sbtest1  (cost=0.43..8.45 rows=1 width=559)
	  ->  Index Scan using sbtest1_pkey on sbtest1  (cost=0.43..8.45 rows=1 width=559)
	        Index Cond: (id = 9691682)

table 2 : explain UPDATE sbtest2 SET c='foobar' WHERE id=2671114
	Update on sbtest2  (cost=0.43..8.45 rows=1 width=559)
	  ->  Index Scan using sbtest2_pkey on sbtest2  (cost=0.43..8.45 rows=1 width=559)
	        Index Cond: (id = 2671114)

table 3 : explain UPDATE sbtest3 SET c='foobar' WHERE id=1822949
	Update on sbtest3  (cost=0.43..8.45 rows=1 width=559)
	  ->  Index Scan using sbtest3_pkey on sbtest3  (cost=0.43..8.45 rows=1 width=559)
	        Index Cond: (id = 1822949)

table 4 : explain UPDATE sbtest4 SET c='foobar' WHERE id=6510221
	Update on sbtest4  (cost=0.43..8.45 rows=1 width=559)
	  ->  Index Scan using sbtest4_pkey on sbtest4  (cost=0.43..8.45 rows=1 width=559)
	        Index Cond: (id = 6510221)

table 5 : explain UPDATE sbtest5 SET c='foobar' WHERE id=7589942
	Update on sbtest5  (cost=0.43..8.45 rows=1 width=559)
	  ->  Index Scan using sbtest5_pkey on sbtest5  (cost=0.43..8.45 rows=1 width=559)
	        Index Cond: (id = 7589942)

table 6 : explain UPDATE sbtest6 SET c='foobar' WHERE id=7472185
	Update on sbtest6  (cost=0.43..8.45 rows=1 width=559)
	  ->  Index Scan using sbtest6_pkey on sbtest6  (cost=0.43..8.45 rows=1 width=559)
	        Index Cond: (id = 7472185)

table 7 : explain UPDATE sbtest7 SET c='foobar' WHERE id=7491580
	Update on sbtest7  (cost=0.43..8.45 rows=1 width=559)
	  ->  Index Scan using sbtest7_pkey on sbtest7  (cost=0.43..8.45 rows=1 width=559)
	        Index Cond: (id = 7491580)

table 8 : explain UPDATE sbtest8 SET c='foobar' WHERE id=7658465
	Update on sbtest8  (cost=0.43..8.45 rows=1 width=559)
	  ->  Index Scan using sbtest8_pkey on sbtest8  (cost=0.43..8.45 rows=1 width=559)
	        Index Cond: (id = 7658465)

for: distinct_ranges
table 1 : explain SELECT DISTINCT c FROM sbtest1 WHERE id BETWEEN 6311016 AND 6311115 ORDER BY c
	Unique  (cost=405.66..406.19 rows=105 width=121)
	  ->  Sort  (cost=405.66..405.93 rows=105 width=121)
	        Sort Key: c
	        ->  Index Scan using sbtest1_pkey on sbtest1  (cost=0.43..402.14 rows=105 width=121)
	              Index Cond: ((id >= 6311016) AND (id <= 6311115))

table 2 : explain SELECT DISTINCT c FROM sbtest2 WHERE id BETWEEN 826521 AND 826620 ORDER BY c
	Unique  (cost=380.16..380.65 rows=98 width=121)
	  ->  Sort  (cost=380.16..380.40 rows=98 width=121)
	        Sort Key: c
	        ->  Index Scan using sbtest2_pkey on sbtest2  (cost=0.43..376.91 rows=98 width=121)
	              Index Cond: ((id >= 826521) AND (id <= 826620))

table 3 : explain SELECT DISTINCT c FROM sbtest3 WHERE id BETWEEN 7986316 AND 7986415 ORDER BY c
	Unique  (cost=386.41..386.91 rows=100 width=121)
	  ->  Sort  (cost=386.41..386.66 rows=100 width=121)
	        Sort Key: c
	        ->  Index Scan using sbtest3_pkey on sbtest3  (cost=0.43..383.09 rows=100 width=121)
	              Index Cond: ((id >= 7986316) AND (id <= 7986415))

table 4 : explain SELECT DISTINCT c FROM sbtest4 WHERE id BETWEEN 9556420 AND 9556519 ORDER BY c
	Unique  (cost=398.95..399.47 rows=104 width=121)
	  ->  Sort  (cost=398.95..399.21 rows=104 width=121)
	        Sort Key: c
	        ->  Index Scan using sbtest4_pkey on sbtest4  (cost=0.43..395.47 rows=104 width=121)
	              Index Cond: ((id >= 9556420) AND (id <= 9556519))

table 5 : explain SELECT DISTINCT c FROM sbtest5 WHERE id BETWEEN 3405601 AND 3405700 ORDER BY c
	Unique  (cost=437.27..437.84 rows=114 width=121)
	  ->  Sort  (cost=437.27..437.56 rows=114 width=121)
	        Sort Key: c
	        ->  Index Scan using sbtest5_pkey on sbtest5  (cost=0.43..433.38 rows=114 width=121)
	              Index Cond: ((id >= 3405601) AND (id <= 3405700))

table 6 : explain SELECT DISTINCT c FROM sbtest6 WHERE id BETWEEN 4150263 AND 4150362 ORDER BY c
	Unique  (cost=384.50..385.00 rows=100 width=121)
	  ->  Sort  (cost=384.50..384.75 rows=100 width=121)
	        Sort Key: c
	        ->  Index Scan using sbtest6_pkey on sbtest6  (cost=0.43..381.18 rows=100 width=121)
	              Index Cond: ((id >= 4150263) AND (id <= 4150362))

table 7 : explain SELECT DISTINCT c FROM sbtest7 WHERE id BETWEEN 23855 AND 23954 ORDER BY c
	Unique  (cost=359.07..359.53 rows=93 width=121)
	  ->  Sort  (cost=359.07..359.30 rows=93 width=121)
	        Sort Key: c
	        ->  Index Scan using sbtest7_pkey on sbtest7  (cost=0.43..356.03 rows=93 width=121)
	              Index Cond: ((id >= 23855) AND (id <= 23954))

table 8 : explain SELECT DISTINCT c FROM sbtest8 WHERE id BETWEEN 651934 AND 652033 ORDER BY c
	Unique  (cost=362.35..362.82 rows=94 width=121)
	  ->  Sort  (cost=362.35..362.59 rows=94 width=121)
	        Sort Key: c
	        ->  Index Scan using sbtest8_pkey on sbtest8  (cost=0.43..359.27 rows=94 width=121)
	              Index Cond: ((id >= 651934) AND (id <= 652033))

for inserts
table 1 : explain INSERT INTO sbtest1 (id, k, c, pad) VALUES (1424643, 13, 'foobar', 'foobar')
	Insert on sbtest1  (cost=0.00..0.01 rows=1 width=736)
	  ->  Result  (cost=0.00..0.01 rows=1 width=736)

table 2 : explain INSERT INTO sbtest2 (id, k, c, pad) VALUES (1061851, 13, 'foobar', 'foobar')
	Insert on sbtest2  (cost=0.00..0.01 rows=1 width=736)
	  ->  Result  (cost=0.00..0.01 rows=1 width=736)

table 3 : explain INSERT INTO sbtest3 (id, k, c, pad) VALUES (7364979, 13, 'foobar', 'foobar')
	Insert on sbtest3  (cost=0.00..0.01 rows=1 width=736)
	  ->  Result  (cost=0.00..0.01 rows=1 width=736)

table 4 : explain INSERT INTO sbtest4 (id, k, c, pad) VALUES (24379, 13, 'foobar', 'foobar')
	Insert on sbtest4  (cost=0.00..0.01 rows=1 width=736)
	  ->  Result  (cost=0.00..0.01 rows=1 width=736)

table 5 : explain INSERT INTO sbtest5 (id, k, c, pad) VALUES (8500505, 13, 'foobar', 'foobar')
	Insert on sbtest5  (cost=0.00..0.01 rows=1 width=736)
	  ->  Result  (cost=0.00..0.01 rows=1 width=736)

table 6 : explain INSERT INTO sbtest6 (id, k, c, pad) VALUES (6054500, 13, 'foobar', 'foobar')
	Insert on sbtest6  (cost=0.00..0.01 rows=1 width=736)
	  ->  Result  (cost=0.00..0.01 rows=1 width=736)

table 7 : explain INSERT INTO sbtest7 (id, k, c, pad) VALUES (492474, 13, 'foobar', 'foobar')
	Insert on sbtest7  (cost=0.00..0.01 rows=1 width=736)
	  ->  Result  (cost=0.00..0.01 rows=1 width=736)

table 8 : explain INSERT INTO sbtest8 (id, k, c, pad) VALUES (4177565, 13, 'foobar', 'foobar')
	Insert on sbtest8  (cost=0.00..0.01 rows=1 width=736)
	  ->  Result  (cost=0.00..0.01 rows=1 width=736)

for: sum_ranges
table 1 : explain SELECT SUM(k) FROM sbtest1 WHERE id BETWEEN 8846637 AND 8846736
	Aggregate  (cost=360.69..360.70 rows=1 width=8)
	  ->  Index Scan using sbtest1_pkey on sbtest1  (cost=0.43..360.46 rows=94 width=4)
	        Index Cond: ((id >= 8846637) AND (id <= 8846736))

table 2 : explain SELECT SUM(k) FROM sbtest2 WHERE id BETWEEN 3277376 AND 3277475
	Aggregate  (cost=403.75..403.76 rows=1 width=8)
	  ->  Index Scan using sbtest2_pkey on sbtest2  (cost=0.43..403.49 rows=105 width=4)
	        Index Cond: ((id >= 3277376) AND (id <= 3277475))

table 3 : explain SELECT SUM(k) FROM sbtest3 WHERE id BETWEEN 6352547 AND 6352646
	Aggregate  (cost=330.29..330.30 rows=1 width=8)
	  ->  Index Scan using sbtest3_pkey on sbtest3  (cost=0.43..330.08 rows=86 width=4)
	        Index Cond: ((id >= 6352547) AND (id <= 6352646))

table 4 : explain SELECT SUM(k) FROM sbtest4 WHERE id BETWEEN 4646451 AND 4646550
	Aggregate  (cost=376.94..376.95 rows=1 width=8)
	  ->  Index Scan using sbtest4_pkey on sbtest4  (cost=0.43..376.69 rows=99 width=4)
	        Index Cond: ((id >= 4646451) AND (id <= 4646550))

table 5 : explain SELECT SUM(k) FROM sbtest5 WHERE id BETWEEN 6570618 AND 6570717
	Aggregate  (cost=365.96..365.97 rows=1 width=8)
	  ->  Index Scan using sbtest5_pkey on sbtest5  (cost=0.43..365.72 rows=96 width=4)
	        Index Cond: ((id >= 6570618) AND (id <= 6570717))

table 6 : explain SELECT SUM(k) FROM sbtest6 WHERE id BETWEEN 9293656 AND 9293755
	Aggregate  (cost=370.13..370.14 rows=1 width=8)
	  ->  Index Scan using sbtest6_pkey on sbtest6  (cost=0.43..369.89 rows=97 width=4)
	        Index Cond: ((id >= 9293656) AND (id <= 9293755))

table 7 : explain SELECT SUM(k) FROM sbtest7 WHERE id BETWEEN 3941880 AND 3941979
	Aggregate  (cost=356.26..356.27 rows=1 width=8)
	  ->  Index Scan using sbtest7_pkey on sbtest7  (cost=0.43..356.03 rows=93 width=4)
	        Index Cond: ((id >= 3941880) AND (id <= 3941979))

table 8 : explain SELECT SUM(k) FROM sbtest8 WHERE id BETWEEN 1665914 AND 1666013
	Aggregate  (cost=359.51..359.52 rows=1 width=8)
	  ->  Index Scan using sbtest8_pkey on sbtest8  (cost=0.43..359.27 rows=94 width=4)
	        Index Cond: ((id >= 1665914) AND (id <= 1666013))

for index_updates
table 1 : explain UPDATE sbtest1 SET k=k+1 WHERE id=302018
	Update on sbtest1  (cost=0.43..8.46 rows=1 width=196)
	  ->  Index Scan using sbtest1_pkey on sbtest1  (cost=0.43..8.46 rows=1 width=196)
	        Index Cond: (id = 302018)

table 2 : explain UPDATE sbtest2 SET k=k+1 WHERE id=7145562
	Update on sbtest2  (cost=0.43..8.46 rows=1 width=196)
	  ->  Index Scan using sbtest2_pkey on sbtest2  (cost=0.43..8.46 rows=1 width=196)
	        Index Cond: (id = 7145562)

table 3 : explain UPDATE sbtest3 SET k=k+1 WHERE id=3886938
	Update on sbtest3  (cost=0.43..8.46 rows=1 width=196)
	  ->  Index Scan using sbtest3_pkey on sbtest3  (cost=0.43..8.46 rows=1 width=196)
	        Index Cond: (id = 3886938)

table 4 : explain UPDATE sbtest4 SET k=k+1 WHERE id=77837
	Update on sbtest4  (cost=0.43..8.46 rows=1 width=196)
	  ->  Index Scan using sbtest4_pkey on sbtest4  (cost=0.43..8.46 rows=1 width=196)
	        Index Cond: (id = 77837)

table 5 : explain UPDATE sbtest5 SET k=k+1 WHERE id=6228983
	Update on sbtest5  (cost=0.43..8.46 rows=1 width=196)
	  ->  Index Scan using sbtest5_pkey on sbtest5  (cost=0.43..8.46 rows=1 width=196)
	        Index Cond: (id = 6228983)

table 6 : explain UPDATE sbtest6 SET k=k+1 WHERE id=9552813
	Update on sbtest6  (cost=0.43..8.46 rows=1 width=196)
	  ->  Index Scan using sbtest6_pkey on sbtest6  (cost=0.43..8.46 rows=1 width=196)
	        Index Cond: (id = 9552813)

table 7 : explain UPDATE sbtest7 SET k=k+1 WHERE id=1573759
	Update on sbtest7  (cost=0.43..8.46 rows=1 width=196)
	  ->  Index Scan using sbtest7_pkey on sbtest7  (cost=0.43..8.46 rows=1 width=196)
	        Index Cond: (id = 1573759)

table 8 : explain UPDATE sbtest8 SET k=k+1 WHERE id=9345033
	Update on sbtest8  (cost=0.43..8.46 rows=1 width=196)
	  ->  Index Scan using sbtest8_pkey on sbtest8  (cost=0.43..8.46 rows=1 width=196)
	        Index Cond: (id = 9345033)

explain: for index_updates :: explain UPDATE sbtest%u SET k=k+1 WHERE id=%u
for non_index_updates
table 1 : explain UPDATE sbtest1 SET c='foobar' WHERE id=6294439
	Update on sbtest1  (cost=0.43..8.45 rows=1 width=559)
	  ->  Index Scan using sbtest1_pkey on sbtest1  (cost=0.43..8.45 rows=1 width=559)
	        Index Cond: (id = 6294439)

table 2 : explain UPDATE sbtest2 SET c='foobar' WHERE id=4648527
	Update on sbtest2  (cost=0.43..8.45 rows=1 width=559)
	  ->  Index Scan using sbtest2_pkey on sbtest2  (cost=0.43..8.45 rows=1 width=559)
	        Index Cond: (id = 4648527)

table 3 : explain UPDATE sbtest3 SET c='foobar' WHERE id=2613243
	Update on sbtest3  (cost=0.43..8.45 rows=1 width=559)
	  ->  Index Scan using sbtest3_pkey on sbtest3  (cost=0.43..8.45 rows=1 width=559)
	        Index Cond: (id = 2613243)

table 4 : explain UPDATE sbtest4 SET c='foobar' WHERE id=4170747
	Update on sbtest4  (cost=0.43..8.45 rows=1 width=559)
	  ->  Index Scan using sbtest4_pkey on sbtest4  (cost=0.43..8.45 rows=1 width=559)
	        Index Cond: (id = 4170747)

table 5 : explain UPDATE sbtest5 SET c='foobar' WHERE id=2322369
	Update on sbtest5  (cost=0.43..8.45 rows=1 width=559)
	  ->  Index Scan using sbtest5_pkey on sbtest5  (cost=0.43..8.45 rows=1 width=559)
	        Index Cond: (id = 2322369)

table 6 : explain UPDATE sbtest6 SET c='foobar' WHERE id=9321862
	Update on sbtest6  (cost=0.43..8.45 rows=1 width=559)
	  ->  Index Scan using sbtest6_pkey on sbtest6  (cost=0.43..8.45 rows=1 width=559)
	        Index Cond: (id = 9321862)

table 7 : explain UPDATE sbtest7 SET c='foobar' WHERE id=3882476
	Update on sbtest7  (cost=0.43..8.45 rows=1 width=559)
	  ->  Index Scan using sbtest7_pkey on sbtest7  (cost=0.43..8.45 rows=1 width=559)
	        Index Cond: (id = 3882476)

table 8 : explain UPDATE sbtest8 SET c='foobar' WHERE id=2863160
	Update on sbtest8  (cost=0.43..8.45 rows=1 width=559)
	  ->  Index Scan using sbtest8_pkey on sbtest8  (cost=0.43..8.45 rows=1 width=559)
	        Index Cond: (id = 2863160)

explain: for deletes :: explain DELETE FROM sbtest%u WHERE id=%u
for: distinct_ranges
table 1 : explain SELECT DISTINCT c FROM sbtest1 WHERE id BETWEEN 6543956 AND 6544055 ORDER BY c
	Unique  (cost=394.19..394.70 rows=102 width=121)
	  ->  Sort  (cost=394.19..394.44 rows=102 width=121)
	        Sort Key: c
	        ->  Index Scan using sbtest1_pkey on sbtest1  (cost=0.43..390.79 rows=102 width=121)
	              Index Cond: ((id >= 6543956) AND (id <= 6544055))

table 2 : explain SELECT DISTINCT c FROM sbtest2 WHERE id BETWEEN 2974999 AND 2975098 ORDER BY c
	Unique  (cost=376.32..376.80 rows=97 width=121)
	  ->  Sort  (cost=376.32..376.56 rows=97 width=121)
	        Sort Key: c
	        ->  Index Scan using sbtest2_pkey on sbtest2  (cost=0.43..373.12 rows=97 width=121)
	              Index Cond: ((id >= 2974999) AND (id <= 2975098))

table 3 : explain SELECT DISTINCT c FROM sbtest3 WHERE id BETWEEN 4268365 AND 4268464 ORDER BY c
	Unique  (cost=374.95..375.43 rows=97 width=121)
	  ->  Sort  (cost=374.95..375.19 rows=97 width=121)
	        Sort Key: c
	        ->  Index Scan using sbtest3_pkey on sbtest3  (cost=0.43..371.74 rows=97 width=121)
	              Index Cond: ((id >= 4268365) AND (id <= 4268464))

table 4 : explain SELECT DISTINCT c FROM sbtest4 WHERE id BETWEEN 3156127 AND 3156226 ORDER BY c
	Unique  (cost=414.14..414.68 rows=108 width=121)
	  ->  Sort  (cost=414.14..414.41 rows=108 width=121)
	        Sort Key: c
	        ->  Index Scan using sbtest4_pkey on sbtest4  (cost=0.43..410.49 rows=108 width=121)
	              Index Cond: ((id >= 3156127) AND (id <= 3156226))

table 5 : explain SELECT DISTINCT c FROM sbtest5 WHERE id BETWEEN 4765840 AND 4765939 ORDER BY c
	Unique  (cost=395.47..395.99 rows=103 width=121)
	  ->  Sort  (cost=395.47..395.73 rows=103 width=121)
	        Sort Key: c
	        ->  Index Scan using sbtest5_pkey on sbtest5  (cost=0.43..392.03 rows=103 width=121)
	              Index Cond: ((id >= 4765840) AND (id <= 4765939))

table 6 : explain SELECT DISTINCT c FROM sbtest6 WHERE id BETWEEN 3370656 AND 3370755 ORDER BY c
	Unique  (cost=392.11..392.62 rows=102 width=121)
	  ->  Sort  (cost=392.11..392.36 rows=102 width=121)
	        Sort Key: c
	        ->  Index Scan using sbtest6_pkey on sbtest6  (cost=0.43..388.71 rows=102 width=121)
	              Index Cond: ((id >= 3370656) AND (id <= 3370755))

table 7 : explain SELECT DISTINCT c FROM sbtest7 WHERE id BETWEEN 8715942 AND 8716041 ORDER BY c
	Unique  (cost=355.25..355.71 rows=92 width=121)
	  ->  Sort  (cost=355.25..355.48 rows=92 width=121)
	        Sort Key: c
	        ->  Index Scan using sbtest7_pkey on sbtest7  (cost=0.43..352.25 rows=92 width=121)
	              Index Cond: ((id >= 8715942) AND (id <= 8716041))

table 8 : explain SELECT DISTINCT c FROM sbtest8 WHERE id BETWEEN 3403713 AND 3403812 ORDER BY c
	Unique  (cost=419.52..420.06 rows=109 width=121)
	  ->  Sort  (cost=419.52..419.79 rows=109 width=121)
	        Sort Key: c
	        ->  Index Scan using sbtest8_pkey on sbtest8  (cost=0.43..415.83 rows=109 width=121)
	              Index Cond: ((id >= 3403713) AND (id <= 3403812))

for non_index_updates
table 1 : explain UPDATE sbtest1 SET c='foobar' WHERE id=5811116
	Update on sbtest1  (cost=0.43..8.45 rows=1 width=559)
	  ->  Index Scan using sbtest1_pkey on sbtest1  (cost=0.43..8.45 rows=1 width=559)
	        Index Cond: (id = 5811116)

table 2 : explain UPDATE sbtest2 SET c='foobar' WHERE id=6327575
	Update on sbtest2  (cost=0.43..8.45 rows=1 width=559)
	  ->  Index Scan using sbtest2_pkey on sbtest2  (cost=0.43..8.45 rows=1 width=559)
	        Index Cond: (id = 6327575)

table 3 : explain UPDATE sbtest3 SET c='foobar' WHERE id=5790698
	Update on sbtest3  (cost=0.43..8.45 rows=1 width=559)
	  ->  Index Scan using sbtest3_pkey on sbtest3  (cost=0.43..8.45 rows=1 width=559)
	        Index Cond: (id = 5790698)

table 4 : explain UPDATE sbtest4 SET c='foobar' WHERE id=1525066
	Update on sbtest4  (cost=0.43..8.45 rows=1 width=559)
	  ->  Index Scan using sbtest4_pkey on sbtest4  (cost=0.43..8.45 rows=1 width=559)
	        Index Cond: (id = 1525066)

table 5 : explain UPDATE sbtest5 SET c='foobar' WHERE id=2628232
	Update on sbtest5  (cost=0.43..8.45 rows=1 width=559)
	  ->  Index Scan using sbtest5_pkey on sbtest5  (cost=0.43..8.45 rows=1 width=559)
	        Index Cond: (id = 2628232)

table 6 : explain UPDATE sbtest6 SET c='foobar' WHERE id=7394140
	Update on sbtest6  (cost=0.43..8.45 rows=1 width=559)
	  ->  Index Scan using sbtest6_pkey on sbtest6  (cost=0.43..8.45 rows=1 width=559)
	        Index Cond: (id = 7394140)

table 7 : explain UPDATE sbtest7 SET c='foobar' WHERE id=24592
	Update on sbtest7  (cost=0.43..8.45 rows=1 width=559)
	  ->  Index Scan using sbtest7_pkey on sbtest7  (cost=0.43..8.45 rows=1 width=559)
	        Index Cond: (id = 24592)

table 8 : explain UPDATE sbtest8 SET c='foobar' WHERE id=1559267
	Update on sbtest8  (cost=0.43..8.45 rows=1 width=559)
	  ->  Index Scan using sbtest8_pkey on sbtest8  (cost=0.43..8.45 rows=1 width=559)
	        Index Cond: (id = 1559267)

explain: for index_updates :: explain UPDATE sbtest%u SET k=k+1 WHERE id=%u
for deletes
table 1 : explain DELETE FROM sbtest1 WHERE id=8122020
	Delete on sbtest1  (cost=0.43..8.45 rows=1 width=6)
	  ->  Index Scan using sbtest1_pkey on sbtest1  (cost=0.43..8.45 rows=1 width=6)
	        Index Cond: (id = 8122020)

table 2 : explain DELETE FROM sbtest2 WHERE id=5922311
	Delete on sbtest2  (cost=0.43..8.45 rows=1 width=6)
	  ->  Index Scan using sbtest2_pkey on sbtest2  (cost=0.43..8.45 rows=1 width=6)
	        Index Cond: (id = 5922311)

table 3 : explain DELETE FROM sbtest3 WHERE id=5270180
	Delete on sbtest3  (cost=0.43..8.45 rows=1 width=6)
	  ->  Index Scan using sbtest3_pkey on sbtest3  (cost=0.43..8.45 rows=1 width=6)
	        Index Cond: (id = 5270180)

table 4 : explain DELETE FROM sbtest4 WHERE id=2122383
	Delete on sbtest4  (cost=0.43..8.45 rows=1 width=6)
	  ->  Index Scan using sbtest4_pkey on sbtest4  (cost=0.43..8.45 rows=1 width=6)
	        Index Cond: (id = 2122383)

table 5 : explain DELETE FROM sbtest5 WHERE id=9653735
	Delete on sbtest5  (cost=0.43..8.45 rows=1 width=6)
	  ->  Index Scan using sbtest5_pkey on sbtest5  (cost=0.43..8.45 rows=1 width=6)
	        Index Cond: (id = 9653735)

table 6 : explain DELETE FROM sbtest6 WHERE id=8298312
	Delete on sbtest6  (cost=0.43..8.45 rows=1 width=6)
	  ->  Index Scan using sbtest6_pkey on sbtest6  (cost=0.43..8.45 rows=1 width=6)
	        Index Cond: (id = 8298312)

table 7 : explain DELETE FROM sbtest7 WHERE id=4953468
	Delete on sbtest7  (cost=0.43..8.45 rows=1 width=6)
	  ->  Index Scan using sbtest7_pkey on sbtest7  (cost=0.43..8.45 rows=1 width=6)
	        Index Cond: (id = 4953468)

table 8 : explain DELETE FROM sbtest8 WHERE id=2624598
	Delete on sbtest8  (cost=0.43..8.45 rows=1 width=6)
	  ->  Index Scan using sbtest8_pkey on sbtest8  (cost=0.43..8.45 rows=1 width=6)
	        Index Cond: (id = 2624598)

explain: for index_updates :: explain UPDATE sbtest%u SET k=k+1 WHERE id=%u
explain: for deletes :: explain DELETE FROM sbtest%u WHERE id=%u
explain: for non_index_updates :: explain UPDATE sbtest%u SET c='foobar' WHERE id=%u
explain: for deletes :: explain DELETE FROM sbtest%u WHERE id=%u
explain: for index_updates :: explain UPDATE sbtest%u SET k=k+1 WHERE id=%u
for deletes
table 1 : explain DELETE FROM sbtest1 WHERE id=7364096
	Delete on sbtest1  (cost=0.43..8.45 rows=1 width=6)
	  ->  Index Scan using sbtest1_pkey on sbtest1  (cost=0.43..8.45 rows=1 width=6)
	        Index Cond: (id = 7364096)

table 2 : explain DELETE FROM sbtest2 WHERE id=116708
	Delete on sbtest2  (cost=0.43..8.45 rows=1 width=6)
	  ->  Index Scan using sbtest2_pkey on sbtest2  (cost=0.43..8.45 rows=1 width=6)
	        Index Cond: (id = 116708)

table 3 : explain DELETE FROM sbtest3 WHERE id=8733384
	Delete on sbtest3  (cost=0.43..8.45 rows=1 width=6)
	  ->  Index Scan using sbtest3_pkey on sbtest3  (cost=0.43..8.45 rows=1 width=6)
	        Index Cond: (id = 8733384)

table 4 : explain DELETE FROM sbtest4 WHERE id=665061
	Delete on sbtest4  (cost=0.43..8.45 rows=1 width=6)
	  ->  Index Scan using sbtest4_pkey on sbtest4  (cost=0.43..8.45 rows=1 width=6)
	        Index Cond: (id = 665061)

table 5 : explain DELETE FROM sbtest5 WHERE id=5728044
	Delete on sbtest5  (cost=0.43..8.45 rows=1 width=6)
	  ->  Index Scan using sbtest5_pkey on sbtest5  (cost=0.43..8.45 rows=1 width=6)
	        Index Cond: (id = 5728044)

table 6 : explain DELETE FROM sbtest6 WHERE id=2332320
	Delete on sbtest6  (cost=0.43..8.45 rows=1 width=6)
	  ->  Index Scan using sbtest6_pkey on sbtest6  (cost=0.43..8.45 rows=1 width=6)
	        Index Cond: (id = 2332320)

table 7 : explain DELETE FROM sbtest7 WHERE id=521848
	Delete on sbtest7  (cost=0.43..8.45 rows=1 width=6)
	  ->  Index Scan using sbtest7_pkey on sbtest7  (cost=0.43..8.45 rows=1 width=6)
	        Index Cond: (id = 521848)

table 8 : explain DELETE FROM sbtest8 WHERE id=437950
	Delete on sbtest8  (cost=0.43..8.45 rows=1 width=6)
	  ->  Index Scan using sbtest8_pkey on sbtest8  (cost=0.43..8.45 rows=1 width=6)
	        Index Cond: (id = 437950)

for: sum_ranges
table 1 : explain SELECT SUM(k) FROM sbtest1 WHERE id BETWEEN 788705 AND 788804
	Aggregate  (cost=368.27..368.28 rows=1 width=8)
	  ->  Index Scan using sbtest1_pkey on sbtest1  (cost=0.43..368.03 rows=96 width=4)
	        Index Cond: ((id >= 788705) AND (id <= 788804))

table 2 : explain SELECT SUM(k) FROM sbtest2 WHERE id BETWEEN 5460866 AND 5460965
	Aggregate  (cost=377.16..377.17 rows=1 width=8)
	  ->  Index Scan using sbtest2_pkey on sbtest2  (cost=0.43..376.91 rows=98 width=4)
	        Index Cond: ((id >= 5460866) AND (id <= 5460965))

table 3 : explain SELECT SUM(k) FROM sbtest3 WHERE id BETWEEN 4258015 AND 4258114
	Aggregate  (cost=371.99..372.00 rows=1 width=8)
	  ->  Index Scan using sbtest3_pkey on sbtest3  (cost=0.43..371.74 rows=97 width=4)
	        Index Cond: ((id >= 4258015) AND (id <= 4258114))

table 4 : explain SELECT SUM(k) FROM sbtest4 WHERE id BETWEEN 2873547 AND 2873646
	Aggregate  (cost=358.15..358.16 rows=1 width=8)
	  ->  Index Scan using sbtest4_pkey on sbtest4  (cost=0.43..357.91 rows=94 width=4)
	        Index Cond: ((id >= 2873547) AND (id <= 2873646))

table 5 : explain SELECT SUM(k) FROM sbtest5 WHERE id BETWEEN 385598 AND 385697
	Aggregate  (cost=418.62..418.63 rows=1 width=8)
	  ->  Index Scan using sbtest5_pkey on sbtest5  (cost=0.43..418.34 rows=110 width=4)
	        Index Cond: ((id >= 385598) AND (id <= 385697))

table 6 : explain SELECT SUM(k) FROM sbtest6 WHERE id BETWEEN 2504917 AND 2505016
	Aggregate  (cost=385.20..385.21 rows=1 width=8)
	  ->  Index Scan using sbtest6_pkey on sbtest6  (cost=0.43..384.94 rows=101 width=4)
	        Index Cond: ((id >= 2504917) AND (id <= 2505016))

table 7 : explain SELECT SUM(k) FROM sbtest7 WHERE id BETWEEN 6717365 AND 6717464
	Aggregate  (cost=397.82..397.83 rows=1 width=8)
	  ->  Index Scan using sbtest7_pkey on sbtest7  (cost=0.43..397.56 rows=104 width=4)
	        Index Cond: ((id >= 6717365) AND (id <= 6717464))

table 8 : explain SELECT SUM(k) FROM sbtest8 WHERE id BETWEEN 7066446 AND 7066545
	Aggregate  (cost=370.83..370.84 rows=1 width=8)
	  ->  Index Scan using sbtest8_pkey on sbtest8  (cost=0.43..370.58 rows=97 width=4)
	        Index Cond: ((id >= 7066446) AND (id <= 7066545))

explain: for inserts :: explain INSERT INTO sbtest%u (id, k, c, pad) VALUES (%u, 13, 'foobar', 'foobar')
for: order_ranges
table 1 : explain SELECT c FROM sbtest1 WHERE id BETWEEN 5389992 AND 5390091 ORDER BY c
	Sort  (cost=390.37..390.62 rows=101 width=121)
	  Sort Key: c
	  ->  Index Scan using sbtest1_pkey on sbtest1  (cost=0.43..387.00 rows=101 width=121)
	        Index Cond: ((id >= 5389992) AND (id <= 5390091))

table 2 : explain SELECT c FROM sbtest2 WHERE id BETWEEN 1177813 AND 1177912 ORDER BY c
	Sort  (cost=410.86..411.12 rows=106 width=121)
	  Sort Key: c
	  ->  Index Scan using sbtest2_pkey on sbtest2  (cost=0.43..407.29 rows=106 width=121)
	        Index Cond: ((id >= 1177813) AND (id <= 1177912))

table 3 : explain SELECT c FROM sbtest3 WHERE id BETWEEN 6879666 AND 6879765 ORDER BY c
	Sort  (cost=401.71..401.97 rows=104 width=121)
	  Sort Key: c
	  ->  Index Scan using sbtest3_pkey on sbtest3  (cost=0.43..398.22 rows=104 width=121)
	        Index Cond: ((id >= 6879666) AND (id <= 6879765))

table 4 : explain SELECT c FROM sbtest4 WHERE id BETWEEN 747836 AND 747935 ORDER BY c
	Sort  (cost=414.14..414.41 rows=108 width=121)
	  Sort Key: c
	  ->  Index Scan using sbtest4_pkey on sbtest4  (cost=0.43..410.49 rows=108 width=121)
	        Index Cond: ((id >= 747836) AND (id <= 747935))

table 5 : explain SELECT c FROM sbtest5 WHERE id BETWEEN 1095437 AND 1095536 ORDER BY c
	Sort  (cost=406.87..407.14 rows=106 width=121)
	  Sort Key: c
	  ->  Index Scan using sbtest5_pkey on sbtest5  (cost=0.43..403.31 rows=106 width=121)
	        Index Cond: ((id >= 1095437) AND (id <= 1095536))

table 6 : explain SELECT c FROM sbtest6 WHERE id BETWEEN 3716777 AND 3716876 ORDER BY c
	Sort  (cost=388.31..388.56 rows=101 width=121)
	  Sort Key: c
	  ->  Index Scan using sbtest6_pkey on sbtest6  (cost=0.43..384.94 rows=101 width=121)
	        Index Cond: ((id >= 3716777) AND (id <= 3716876))

table 7 : explain SELECT c FROM sbtest7 WHERE id BETWEEN 6512753 AND 6512852 ORDER BY c
	Sort  (cost=370.52..370.76 rows=96 width=121)
	  Sort Key: c
	  ->  Index Scan using sbtest7_pkey on sbtest7  (cost=0.43..367.36 rows=96 width=121)
	        Index Cond: ((id >= 6512753) AND (id <= 6512852))

table 8 : explain SELECT c FROM sbtest8 WHERE id BETWEEN 7744566 AND 7744665 ORDER BY c
	Sort  (cost=446.20..446.49 rows=116 width=121)
	  Sort Key: c
	  ->  Index Scan using sbtest8_pkey on sbtest8  (cost=0.43..442.22 rows=116 width=121)
	        Index Cond: ((id >= 7744566) AND (id <= 7744665))

explain: for inserts :: explain INSERT INTO sbtest%u (id, k, c, pad) VALUES (%u, 13, 'foobar', 'foobar')
for non_index_updates
table 1 : explain UPDATE sbtest1 SET c='foobar' WHERE id=5821207
	Update on sbtest1  (cost=0.43..8.45 rows=1 width=559)
	  ->  Index Scan using sbtest1_pkey on sbtest1  (cost=0.43..8.45 rows=1 width=559)
	        Index Cond: (id = 5821207)

table 2 : explain UPDATE sbtest2 SET c='foobar' WHERE id=1650742
	Update on sbtest2  (cost=0.43..8.45 rows=1 width=559)
	  ->  Index Scan using sbtest2_pkey on sbtest2  (cost=0.43..8.45 rows=1 width=559)
	        Index Cond: (id = 1650742)

table 3 : explain UPDATE sbtest3 SET c='foobar' WHERE id=4955075
	Update on sbtest3  (cost=0.43..8.45 rows=1 width=559)
	  ->  Index Scan using sbtest3_pkey on sbtest3  (cost=0.43..8.45 rows=1 width=559)
	        Index Cond: (id = 4955075)

table 4 : explain UPDATE sbtest4 SET c='foobar' WHERE id=5859172
	Update on sbtest4  (cost=0.43..8.45 rows=1 width=559)
	  ->  Index Scan using sbtest4_pkey on sbtest4  (cost=0.43..8.45 rows=1 width=559)
	        Index Cond: (id = 5859172)

table 5 : explain UPDATE sbtest5 SET c='foobar' WHERE id=3566978
	Update on sbtest5  (cost=0.43..8.45 rows=1 width=559)
	  ->  Index Scan using sbtest5_pkey on sbtest5  (cost=0.43..8.45 rows=1 width=559)
	        Index Cond: (id = 3566978)

table 6 : explain UPDATE sbtest6 SET c='foobar' WHERE id=6524681
	Update on sbtest6  (cost=0.43..8.45 rows=1 width=559)
	  ->  Index Scan using sbtest6_pkey on sbtest6  (cost=0.43..8.45 rows=1 width=559)
	        Index Cond: (id = 6524681)

table 7 : explain UPDATE sbtest7 SET c='foobar' WHERE id=3899154
	Update on sbtest7  (cost=0.43..8.45 rows=1 width=559)
	  ->  Index Scan using sbtest7_pkey on sbtest7  (cost=0.43..8.45 rows=1 width=559)
	        Index Cond: (id = 3899154)

table 8 : explain UPDATE sbtest8 SET c='foobar' WHERE id=9854149
	Update on sbtest8  (cost=0.43..8.45 rows=1 width=559)
	  ->  Index Scan using sbtest8_pkey on sbtest8  (cost=0.43..8.45 rows=1 width=559)
	        Index Cond: (id = 9854149)

for inserts
table 1 : explain INSERT INTO sbtest1 (id, k, c, pad) VALUES (4281969, 13, 'foobar', 'foobar')
	Insert on sbtest1  (cost=0.00..0.01 rows=1 width=736)
	  ->  Result  (cost=0.00..0.01 rows=1 width=736)

table 2 : explain INSERT INTO sbtest2 (id, k, c, pad) VALUES (1277173, 13, 'foobar', 'foobar')
	Insert on sbtest2  (cost=0.00..0.01 rows=1 width=736)
	  ->  Result  (cost=0.00..0.01 rows=1 width=736)

table 3 : explain INSERT INTO sbtest3 (id, k, c, pad) VALUES (1623886, 13, 'foobar', 'foobar')
	Insert on sbtest3  (cost=0.00..0.01 rows=1 width=736)
	  ->  Result  (cost=0.00..0.01 rows=1 width=736)

table 4 : explain INSERT INTO sbtest4 (id, k, c, pad) VALUES (3179642, 13, 'foobar', 'foobar')
	Insert on sbtest4  (cost=0.00..0.01 rows=1 width=736)
	  ->  Result  (cost=0.00..0.01 rows=1 width=736)

table 5 : explain INSERT INTO sbtest5 (id, k, c, pad) VALUES (6123989, 13, 'foobar', 'foobar')
	Insert on sbtest5  (cost=0.00..0.01 rows=1 width=736)
	  ->  Result  (cost=0.00..0.01 rows=1 width=736)

table 6 : explain INSERT INTO sbtest6 (id, k, c, pad) VALUES (4116398, 13, 'foobar', 'foobar')
	Insert on sbtest6  (cost=0.00..0.01 rows=1 width=736)
	  ->  Result  (cost=0.00..0.01 rows=1 width=736)

table 7 : explain INSERT INTO sbtest7 (id, k, c, pad) VALUES (2477269, 13, 'foobar', 'foobar')
	Insert on sbtest7  (cost=0.00..0.01 rows=1 width=736)
	  ->  Result  (cost=0.00..0.01 rows=1 width=736)

table 8 : explain INSERT INTO sbtest8 (id, k, c, pad) VALUES (700425, 13, 'foobar', 'foobar')
	Insert on sbtest8  (cost=0.00..0.01 rows=1 width=736)
	  ->  Result  (cost=0.00..0.01 rows=1 width=736)

for index_updates
table 1 : explain UPDATE sbtest1 SET k=k+1 WHERE id=1986955
	Update on sbtest1  (cost=0.43..8.46 rows=1 width=196)
	  ->  Index Scan using sbtest1_pkey on sbtest1  (cost=0.43..8.46 rows=1 width=196)
	        Index Cond: (id = 1986955)

table 2 : explain UPDATE sbtest2 SET k=k+1 WHERE id=1802902
	Update on sbtest2  (cost=0.43..8.46 rows=1 width=196)
	  ->  Index Scan using sbtest2_pkey on sbtest2  (cost=0.43..8.46 rows=1 width=196)
	        Index Cond: (id = 1802902)

table 3 : explain UPDATE sbtest3 SET k=k+1 WHERE id=895928
	Update on sbtest3  (cost=0.43..8.46 rows=1 width=196)
	  ->  Index Scan using sbtest3_pkey on sbtest3  (cost=0.43..8.46 rows=1 width=196)
	        Index Cond: (id = 895928)

table 4 : explain UPDATE sbtest4 SET k=k+1 WHERE id=2780945
	Update on sbtest4  (cost=0.43..8.46 rows=1 width=196)
	  ->  Index Scan using sbtest4_pkey on sbtest4  (cost=0.43..8.46 rows=1 width=196)
	        Index Cond: (id = 2780945)

table 5 : explain UPDATE sbtest5 SET k=k+1 WHERE id=880677
	Update on sbtest5  (cost=0.43..8.46 rows=1 width=196)
	  ->  Index Scan using sbtest5_pkey on sbtest5  (cost=0.43..8.46 rows=1 width=196)
	        Index Cond: (id = 880677)

table 6 : explain UPDATE sbtest6 SET k=k+1 WHERE id=271432
	Update on sbtest6  (cost=0.43..8.46 rows=1 width=196)
	  ->  Index Scan using sbtest6_pkey on sbtest6  (cost=0.43..8.46 rows=1 width=196)
	        Index Cond: (id = 271432)

table 7 : explain UPDATE sbtest7 SET k=k+1 WHERE id=5485405
	Update on sbtest7  (cost=0.43..8.46 rows=1 width=196)
	  ->  Index Scan using sbtest7_pkey on sbtest7  (cost=0.43..8.46 rows=1 width=196)
	        Index Cond: (id = 5485405)

table 8 : explain UPDATE sbtest8 SET k=k+1 WHERE id=4695611
	Update on sbtest8  (cost=0.43..8.46 rows=1 width=196)
	  ->  Index Scan using sbtest8_pkey on sbtest8  (cost=0.43..8.46 rows=1 width=196)
	        Index Cond: (id = 4695611)

explain: for point_selects :: explain SELECT c FROM sbtest%u WHERE id=%u
for index_updates
table 1 : explain UPDATE sbtest1 SET k=k+1 WHERE id=8520736
	Update on sbtest1  (cost=0.43..8.46 rows=1 width=196)
	  ->  Index Scan using sbtest1_pkey on sbtest1  (cost=0.43..8.46 rows=1 width=196)
	        Index Cond: (id = 8520736)

table 2 : explain UPDATE sbtest2 SET k=k+1 WHERE id=9234706
	Update on sbtest2  (cost=0.43..8.46 rows=1 width=196)
	  ->  Index Scan using sbtest2_pkey on sbtest2  (cost=0.43..8.46 rows=1 width=196)
	        Index Cond: (id = 9234706)

table 3 : explain UPDATE sbtest3 SET k=k+1 WHERE id=235449
	Update on sbtest3  (cost=0.43..8.46 rows=1 width=196)
	  ->  Index Scan using sbtest3_pkey on sbtest3  (cost=0.43..8.46 rows=1 width=196)
	        Index Cond: (id = 235449)

table 4 : explain UPDATE sbtest4 SET k=k+1 WHERE id=9874513
	Update on sbtest4  (cost=0.43..8.46 rows=1 width=196)
	  ->  Index Scan using sbtest4_pkey on sbtest4  (cost=0.43..8.46 rows=1 width=196)
	        Index Cond: (id = 9874513)

table 5 : explain UPDATE sbtest5 SET k=k+1 WHERE id=4308217
	Update on sbtest5  (cost=0.43..8.46 rows=1 width=196)
	  ->  Index Scan using sbtest5_pkey on sbtest5  (cost=0.43..8.46 rows=1 width=196)
	        Index Cond: (id = 4308217)

table 6 : explain UPDATE sbtest6 SET k=k+1 WHERE id=5798005
	Update on sbtest6  (cost=0.43..8.46 rows=1 width=196)
	  ->  Index Scan using sbtest6_pkey on sbtest6  (cost=0.43..8.46 rows=1 width=196)
	        Index Cond: (id = 5798005)

table 7 : explain UPDATE sbtest7 SET k=k+1 WHERE id=4314007
	Update on sbtest7  (cost=0.43..8.46 rows=1 width=196)
	  ->  Index Scan using sbtest7_pkey on sbtest7  (cost=0.43..8.46 rows=1 width=196)
	        Index Cond: (id = 4314007)

table 8 : explain UPDATE sbtest8 SET k=k+1 WHERE id=2658719
	Update on sbtest8  (cost=0.43..8.46 rows=1 width=196)
	  ->  Index Scan using sbtest8_pkey on sbtest8  (cost=0.43..8.46 rows=1 width=196)
	        Index Cond: (id = 2658719)

for deletes
table 1 : explain DELETE FROM sbtest1 WHERE id=864122
	Delete on sbtest1  (cost=0.43..8.45 rows=1 width=6)
	  ->  Index Scan using sbtest1_pkey on sbtest1  (cost=0.43..8.45 rows=1 width=6)
	        Index Cond: (id = 864122)

table 2 : explain DELETE FROM sbtest2 WHERE id=9910690
	Delete on sbtest2  (cost=0.43..8.45 rows=1 width=6)
	  ->  Index Scan using sbtest2_pkey on sbtest2  (cost=0.43..8.45 rows=1 width=6)
	        Index Cond: (id = 9910690)

table 3 : explain DELETE FROM sbtest3 WHERE id=9309497
	Delete on sbtest3  (cost=0.43..8.45 rows=1 width=6)
	  ->  Index Scan using sbtest3_pkey on sbtest3  (cost=0.43..8.45 rows=1 width=6)
	        Index Cond: (id = 9309497)

table 4 : explain DELETE FROM sbtest4 WHERE id=615062
	Delete on sbtest4  (cost=0.43..8.45 rows=1 width=6)
	  ->  Index Scan using sbtest4_pkey on sbtest4  (cost=0.43..8.45 rows=1 width=6)
	        Index Cond: (id = 615062)

table 5 : explain DELETE FROM sbtest5 WHERE id=2364793
	Delete on sbtest5  (cost=0.43..8.45 rows=1 width=6)
	  ->  Index Scan using sbtest5_pkey on sbtest5  (cost=0.43..8.45 rows=1 width=6)
	        Index Cond: (id = 2364793)

table 6 : explain DELETE FROM sbtest6 WHERE id=9007621
	Delete on sbtest6  (cost=0.43..8.45 rows=1 width=6)
	  ->  Index Scan using sbtest6_pkey on sbtest6  (cost=0.43..8.45 rows=1 width=6)
	        Index Cond: (id = 9007621)

table 7 : explain DELETE FROM sbtest7 WHERE id=1932772
	Delete on sbtest7  (cost=0.43..8.45 rows=1 width=6)
	  ->  Index Scan using sbtest7_pkey on sbtest7  (cost=0.43..8.45 rows=1 width=6)
	        Index Cond: (id = 1932772)

table 8 : explain DELETE FROM sbtest8 WHERE id=8377719
	Delete on sbtest8  (cost=0.43..8.45 rows=1 width=6)
	  ->  Index Scan using sbtest8_pkey on sbtest8  (cost=0.43..8.45 rows=1 width=6)
	        Index Cond: (id = 8377719)

explain: for deletes :: explain DELETE FROM sbtest%u WHERE id=%u
explain: for inserts :: explain INSERT INTO sbtest%u (id, k, c, pad) VALUES (%u, 13, 'foobar', 'foobar')
for inserts
table 1 : explain INSERT INTO sbtest1 (id, k, c, pad) VALUES (3660123, 13, 'foobar', 'foobar')
	Insert on sbtest1  (cost=0.00..0.01 rows=1 width=736)
	  ->  Result  (cost=0.00..0.01 rows=1 width=736)

table 2 : explain INSERT INTO sbtest2 (id, k, c, pad) VALUES (4656754, 13, 'foobar', 'foobar')
	Insert on sbtest2  (cost=0.00..0.01 rows=1 width=736)
	  ->  Result  (cost=0.00..0.01 rows=1 width=736)

table 3 : explain INSERT INTO sbtest3 (id, k, c, pad) VALUES (9352654, 13, 'foobar', 'foobar')
	Insert on sbtest3  (cost=0.00..0.01 rows=1 width=736)
	  ->  Result  (cost=0.00..0.01 rows=1 width=736)

table 4 : explain INSERT INTO sbtest4 (id, k, c, pad) VALUES (6560672, 13, 'foobar', 'foobar')
	Insert on sbtest4  (cost=0.00..0.01 rows=1 width=736)
	  ->  Result  (cost=0.00..0.01 rows=1 width=736)

table 5 : explain INSERT INTO sbtest5 (id, k, c, pad) VALUES (214903, 13, 'foobar', 'foobar')
	Insert on sbtest5  (cost=0.00..0.01 rows=1 width=736)
	  ->  Result  (cost=0.00..0.01 rows=1 width=736)

table 6 : explain INSERT INTO sbtest6 (id, k, c, pad) VALUES (3052427, 13, 'foobar', 'foobar')
	Insert on sbtest6  (cost=0.00..0.01 rows=1 width=736)
	  ->  Result  (cost=0.00..0.01 rows=1 width=736)

table 7 : explain INSERT INTO sbtest7 (id, k, c, pad) VALUES (6657036, 13, 'foobar', 'foobar')
	Insert on sbtest7  (cost=0.00..0.01 rows=1 width=736)
	  ->  Result  (cost=0.00..0.01 rows=1 width=736)

table 8 : explain INSERT INTO sbtest8 (id, k, c, pad) VALUES (2401420, 13, 'foobar', 'foobar')
	Insert on sbtest8  (cost=0.00..0.01 rows=1 width=736)
	  ->  Result  (cost=0.00..0.01 rows=1 width=736)

explain: for non_index_updates :: explain UPDATE sbtest%u SET c='foobar' WHERE id=%u
explain: for non_index_updates :: explain UPDATE sbtest%u SET c='foobar' WHERE id=%u
for: order_ranges
table 1 : explain SELECT c FROM sbtest1 WHERE id BETWEEN 9501507 AND 9501606 ORDER BY c
	Sort  (cost=428.61..428.89 rows=111 width=121)
	  Sort Key: c
	  ->  Index Scan using sbtest1_pkey on sbtest1  (cost=0.43..424.84 rows=111 width=121)
	        Index Cond: ((id >= 9501507) AND (id <= 9501606))

table 2 : explain SELECT c FROM sbtest2 WHERE id BETWEEN 2146732 AND 2146831 ORDER BY c
	Sort  (cost=380.16..380.40 rows=98 width=121)
	  Sort Key: c
	  ->  Index Scan using sbtest2_pkey on sbtest2  (cost=0.43..376.91 rows=98 width=121)
	        Index Cond: ((id >= 2146732) AND (id <= 2146831))

table 3 : explain SELECT c FROM sbtest3 WHERE id BETWEEN 9263180 AND 9263279 ORDER BY c
	Sort  (cost=390.24..390.49 rows=101 width=121)
	  Sort Key: c
	  ->  Index Scan using sbtest3_pkey on sbtest3  (cost=0.43..386.87 rows=101 width=121)
	        Index Cond: ((id >= 9263180) AND (id <= 9263279))

table 4 : explain SELECT c FROM sbtest4 WHERE id BETWEEN 1671283 AND 1671382 ORDER BY c
	Sort  (cost=353.40..353.63 rows=92 width=121)
	  Sort Key: c
	  ->  Index Scan using sbtest4_pkey on sbtest4  (cost=0.43..350.40 rows=92 width=121)
	        Index Cond: ((id >= 1671283) AND (id <= 1671382))

table 5 : explain SELECT c FROM sbtest5 WHERE id BETWEEN 7055367 AND 7055466 ORDER BY c
	Sort  (cost=395.47..395.73 rows=103 width=121)
	  Sort Key: c
	  ->  Index Scan using sbtest5_pkey on sbtest5  (cost=0.43..392.03 rows=103 width=121)
	        Index Cond: ((id >= 7055367) AND (id <= 7055466))

table 6 : explain SELECT c FROM sbtest6 WHERE id BETWEEN 6274912 AND 6275011 ORDER BY c
	Sort  (cost=373.09..373.34 rows=97 width=121)
	  Sort Key: c
	  ->  Index Scan using sbtest6_pkey on sbtest6  (cost=0.43..369.89 rows=97 width=121)
	        Index Cond: ((id >= 6274912) AND (id <= 6275011))

table 7 : explain SELECT c FROM sbtest7 WHERE id BETWEEN 8216593 AND 8216692 ORDER BY c
	Sort  (cost=404.87..405.13 rows=105 width=121)
	  Sort Key: c
	  ->  Index Scan using sbtest7_pkey on sbtest7  (cost=0.43..401.34 rows=105 width=121)
	        Index Cond: ((id >= 8216593) AND (id <= 8216692))

table 8 : explain SELECT c FROM sbtest8 WHERE id BETWEEN 6789461 AND 6789560 ORDER BY c
	Sort  (cost=404.27..404.53 rows=105 width=121)
	  Sort Key: c
	  ->  Index Scan using sbtest8_pkey on sbtest8  (cost=0.43..400.75 rows=105 width=121)
	        Index Cond: ((id >= 6789461) AND (id <= 6789560))

for index_updates
table 1 : explain UPDATE sbtest1 SET k=k+1 WHERE id=9069071
	Update on sbtest1  (cost=0.43..8.46 rows=1 width=196)
	  ->  Index Scan using sbtest1_pkey on sbtest1  (cost=0.43..8.46 rows=1 width=196)
	        Index Cond: (id = 9069071)

table 2 : explain UPDATE sbtest2 SET k=k+1 WHERE id=6730419
	Update on sbtest2  (cost=0.43..8.46 rows=1 width=196)
	  ->  Index Scan using sbtest2_pkey on sbtest2  (cost=0.43..8.46 rows=1 width=196)
	        Index Cond: (id = 6730419)

table 3 : explain UPDATE sbtest3 SET k=k+1 WHERE id=6218882
	Update on sbtest3  (cost=0.43..8.46 rows=1 width=196)
	  ->  Index Scan using sbtest3_pkey on sbtest3  (cost=0.43..8.46 rows=1 width=196)
	        Index Cond: (id = 6218882)

table 4 : explain UPDATE sbtest4 SET k=k+1 WHERE id=4057799
	Update on sbtest4  (cost=0.43..8.46 rows=1 width=196)
	  ->  Index Scan using sbtest4_pkey on sbtest4  (cost=0.43..8.46 rows=1 width=196)
	        Index Cond: (id = 4057799)

table 5 : explain UPDATE sbtest5 SET k=k+1 WHERE id=8447959
	Update on sbtest5  (cost=0.43..8.46 rows=1 width=196)
	  ->  Index Scan using sbtest5_pkey on sbtest5  (cost=0.43..8.46 rows=1 width=196)
	        Index Cond: (id = 8447959)

table 6 : explain UPDATE sbtest6 SET k=k+1 WHERE id=9090988
	Update on sbtest6  (cost=0.43..8.46 rows=1 width=196)
	  ->  Index Scan using sbtest6_pkey on sbtest6  (cost=0.43..8.46 rows=1 width=196)
	        Index Cond: (id = 9090988)

table 7 : explain UPDATE sbtest7 SET k=k+1 WHERE id=2108593
	Update on sbtest7  (cost=0.43..8.46 rows=1 width=196)
	  ->  Index Scan using sbtest7_pkey on sbtest7  (cost=0.43..8.46 rows=1 width=196)
	        Index Cond: (id = 2108593)

table 8 : explain UPDATE sbtest8 SET k=k+1 WHERE id=6781166
	Update on sbtest8  (cost=0.43..8.46 rows=1 width=196)
	  ->  Index Scan using sbtest8_pkey on sbtest8  (cost=0.43..8.46 rows=1 width=196)
	        Index Cond: (id = 6781166)

for deletes
table 1 : explain DELETE FROM sbtest1 WHERE id=7152555
	Delete on sbtest1  (cost=0.43..8.45 rows=1 width=6)
	  ->  Index Scan using sbtest1_pkey on sbtest1  (cost=0.43..8.45 rows=1 width=6)
	        Index Cond: (id = 7152555)

table 2 : explain DELETE FROM sbtest2 WHERE id=2675400
	Delete on sbtest2  (cost=0.43..8.45 rows=1 width=6)
	  ->  Index Scan using sbtest2_pkey on sbtest2  (cost=0.43..8.45 rows=1 width=6)
	        Index Cond: (id = 2675400)

table 3 : explain DELETE FROM sbtest3 WHERE id=9119758
	Delete on sbtest3  (cost=0.43..8.45 rows=1 width=6)
	  ->  Index Scan using sbtest3_pkey on sbtest3  (cost=0.43..8.45 rows=1 width=6)
	        Index Cond: (id = 9119758)

table 4 : explain DELETE FROM sbtest4 WHERE id=3284549
	Delete on sbtest4  (cost=0.43..8.45 rows=1 width=6)
	  ->  Index Scan using sbtest4_pkey on sbtest4  (cost=0.43..8.45 rows=1 width=6)
	        Index Cond: (id = 3284549)

table 5 : explain DELETE FROM sbtest5 WHERE id=6857675
	Delete on sbtest5  (cost=0.43..8.45 rows=1 width=6)
	  ->  Index Scan using sbtest5_pkey on sbtest5  (cost=0.43..8.45 rows=1 width=6)
	        Index Cond: (id = 6857675)

table 6 : explain DELETE FROM sbtest6 WHERE id=9268912
	Delete on sbtest6  (cost=0.43..8.45 rows=1 width=6)
	  ->  Index Scan using sbtest6_pkey on sbtest6  (cost=0.43..8.45 rows=1 width=6)
	        Index Cond: (id = 9268912)

table 7 : explain DELETE FROM sbtest7 WHERE id=7158939
	Delete on sbtest7  (cost=0.43..8.45 rows=1 width=6)
	  ->  Index Scan using sbtest7_pkey on sbtest7  (cost=0.43..8.45 rows=1 width=6)
	        Index Cond: (id = 7158939)

table 8 : explain DELETE FROM sbtest8 WHERE id=8478230
	Delete on sbtest8  (cost=0.43..8.45 rows=1 width=6)
	  ->  Index Scan using sbtest8_pkey on sbtest8  (cost=0.43..8.45 rows=1 width=6)
	        Index Cond: (id = 8478230)

for: distinct_ranges
table 1 : explain SELECT DISTINCT c FROM sbtest1 WHERE id BETWEEN 2909574 AND 2909673 ORDER BY c
	Unique  (cost=375.01..375.50 rows=97 width=121)
	  ->  Sort  (cost=375.01..375.25 rows=97 width=121)
	        Sort Key: c
	        ->  Index Scan using sbtest1_pkey on sbtest1  (cost=0.43..371.81 rows=97 width=121)
	              Index Cond: ((id >= 2909574) AND (id <= 2909673))

table 2 : explain SELECT DISTINCT c FROM sbtest2 WHERE id BETWEEN 7281596 AND 7281695 ORDER BY c
	Unique  (cost=372.48..372.96 rows=96 width=121)
	  ->  Sort  (cost=372.48..372.72 rows=96 width=121)
	        Sort Key: c
	        ->  Index Scan using sbtest2_pkey on sbtest2  (cost=0.43..369.32 rows=96 width=121)
	              Index Cond: ((id >= 7281596) AND (id <= 7281695))

table 3 : explain SELECT DISTINCT c FROM sbtest3 WHERE id BETWEEN 9465335 AND 9465434 ORDER BY c
	Unique  (cost=394.06..394.57 rows=102 width=121)
	  ->  Sort  (cost=394.06..394.31 rows=102 width=121)
	        Sort Key: c
	        ->  Index Scan using sbtest3_pkey on sbtest3  (cost=0.43..390.66 rows=102 width=121)
	              Index Cond: ((id >= 9465335) AND (id <= 9465434))

table 4 : explain SELECT DISTINCT c FROM sbtest4 WHERE id BETWEEN 2065767 AND 2065866 ORDER BY c
	Unique  (cost=379.97..380.47 rows=99 width=121)
	  ->  Sort  (cost=379.97..380.22 rows=99 width=121)
	        Sort Key: c
	        ->  Index Scan using sbtest4_pkey on sbtest4  (cost=0.43..376.69 rows=99 width=121)
	              Index Cond: ((id >= 2065767) AND (id <= 2065866))

table 5 : explain SELECT DISTINCT c FROM sbtest5 WHERE id BETWEEN 8839597 AND 8839696 ORDER BY c
	Unique  (cost=384.08..384.58 rows=100 width=121)
	  ->  Sort  (cost=384.08..384.33 rows=100 width=121)
	        Sort Key: c
	        ->  Index Scan using sbtest5_pkey on sbtest5  (cost=0.43..380.75 rows=100 width=121)
	              Index Cond: ((id >= 8839597) AND (id <= 8839696))

table 6 : explain SELECT DISTINCT c FROM sbtest6 WHERE id BETWEEN 5434395 AND 5434494 ORDER BY c
	Unique  (cost=388.31..388.81 rows=101 width=121)
	  ->  Sort  (cost=388.31..388.56 rows=101 width=121)
	        Sort Key: c
	        ->  Index Scan using sbtest6_pkey on sbtest6  (cost=0.43..384.94 rows=101 width=121)
	              Index Cond: ((id >= 5434395) AND (id <= 5434494))

table 7 : explain SELECT DISTINCT c FROM sbtest7 WHERE id BETWEEN 3725496 AND 3725595 ORDER BY c
	Unique  (cost=370.52..371.00 rows=96 width=121)
	  ->  Sort  (cost=370.52..370.76 rows=96 width=121)
	        Sort Key: c
	        ->  Index Scan using sbtest7_pkey on sbtest7  (cost=0.43..367.36 rows=96 width=121)
	              Index Cond: ((id >= 3725496) AND (id <= 3725595))

table 8 : explain SELECT DISTINCT c FROM sbtest8 WHERE id BETWEEN 2316087 AND 2316186 ORDER BY c
	Unique  (cost=396.65..397.16 rows=103 width=121)
	  ->  Sort  (cost=396.65..396.91 rows=103 width=121)
	        Sort Key: c
	        ->  Index Scan using sbtest8_pkey on sbtest8  (cost=0.43..393.21 rows=103 width=121)
	              Index Cond: ((id >= 2316087) AND (id <= 2316186))

for non_index_updates
table 1 : explain UPDATE sbtest1 SET c='foobar' WHERE id=5290715
	Update on sbtest1  (cost=0.43..8.45 rows=1 width=559)
	  ->  Index Scan using sbtest1_pkey on sbtest1  (cost=0.43..8.45 rows=1 width=559)
	        Index Cond: (id = 5290715)

table 2 : explain UPDATE sbtest2 SET c='foobar' WHERE id=7773588
	Update on sbtest2  (cost=0.43..8.45 rows=1 width=559)
	  ->  Index Scan using sbtest2_pkey on sbtest2  (cost=0.43..8.45 rows=1 width=559)
	        Index Cond: (id = 7773588)

table 3 : explain UPDATE sbtest3 SET c='foobar' WHERE id=1097872
	Update on sbtest3  (cost=0.43..8.45 rows=1 width=559)
	  ->  Index Scan using sbtest3_pkey on sbtest3  (cost=0.43..8.45 rows=1 width=559)
	        Index Cond: (id = 1097872)

table 4 : explain UPDATE sbtest4 SET c='foobar' WHERE id=9340838
	Update on sbtest4  (cost=0.43..8.45 rows=1 width=559)
	  ->  Index Scan using sbtest4_pkey on sbtest4  (cost=0.43..8.45 rows=1 width=559)
	        Index Cond: (id = 9340838)

table 5 : explain UPDATE sbtest5 SET c='foobar' WHERE id=6784753
	Update on sbtest5  (cost=0.43..8.45 rows=1 width=559)
	  ->  Index Scan using sbtest5_pkey on sbtest5  (cost=0.43..8.45 rows=1 width=559)
	        Index Cond: (id = 6784753)

table 6 : explain UPDATE sbtest6 SET c='foobar' WHERE id=1756976
	Update on sbtest6  (cost=0.43..8.45 rows=1 width=559)
	  ->  Index Scan using sbtest6_pkey on sbtest6  (cost=0.43..8.45 rows=1 width=559)
	        Index Cond: (id = 1756976)

table 7 : explain UPDATE sbtest7 SET c='foobar' WHERE id=9055186
	Update on sbtest7  (cost=0.43..8.45 rows=1 width=559)
	  ->  Index Scan using sbtest7_pkey on sbtest7  (cost=0.43..8.45 rows=1 width=559)
	        Index Cond: (id = 9055186)

table 8 : explain UPDATE sbtest8 SET c='foobar' WHERE id=5832887
	Update on sbtest8  (cost=0.43..8.45 rows=1 width=559)
	  ->  Index Scan using sbtest8_pkey on sbtest8  (cost=0.43..8.45 rows=1 width=559)
	        Index Cond: (id = 5832887)

for non_index_updates
table 1 : explain UPDATE sbtest1 SET c='foobar' WHERE id=2074872
	Update on sbtest1  (cost=0.43..8.45 rows=1 width=559)
	  ->  Index Scan using sbtest1_pkey on sbtest1  (cost=0.43..8.45 rows=1 width=559)
	        Index Cond: (id = 2074872)

table 2 : explain UPDATE sbtest2 SET c='foobar' WHERE id=7205918
	Update on sbtest2  (cost=0.43..8.45 rows=1 width=559)
	  ->  Index Scan using sbtest2_pkey on sbtest2  (cost=0.43..8.45 rows=1 width=559)
	        Index Cond: (id = 7205918)

table 3 : explain UPDATE sbtest3 SET c='foobar' WHERE id=7080770
	Update on sbtest3  (cost=0.43..8.45 rows=1 width=559)
	  ->  Index Scan using sbtest3_pkey on sbtest3  (cost=0.43..8.45 rows=1 width=559)
	        Index Cond: (id = 7080770)

table 4 : explain UPDATE sbtest4 SET c='foobar' WHERE id=4491263
	Update on sbtest4  (cost=0.43..8.45 rows=1 width=559)
	  ->  Index Scan using sbtest4_pkey on sbtest4  (cost=0.43..8.45 rows=1 width=559)
	        Index Cond: (id = 4491263)

table 5 : explain UPDATE sbtest5 SET c='foobar' WHERE id=3375808
	Update on sbtest5  (cost=0.43..8.45 rows=1 width=559)
	  ->  Index Scan using sbtest5_pkey on sbtest5  (cost=0.43..8.45 rows=1 width=559)
	        Index Cond: (id = 3375808)

table 6 : explain UPDATE sbtest6 SET c='foobar' WHERE id=1136613
	Update on sbtest6  (cost=0.43..8.45 rows=1 width=559)
	  ->  Index Scan using sbtest6_pkey on sbtest6  (cost=0.43..8.45 rows=1 width=559)
	        Index Cond: (id = 1136613)

table 7 : explain UPDATE sbtest7 SET c='foobar' WHERE id=1230691
	Update on sbtest7  (cost=0.43..8.45 rows=1 width=559)
	  ->  Index Scan using sbtest7_pkey on sbtest7  (cost=0.43..8.45 rows=1 width=559)
	        Index Cond: (id = 1230691)

table 8 : explain UPDATE sbtest8 SET c='foobar' WHERE id=4784328
	Update on sbtest8  (cost=0.43..8.45 rows=1 width=559)
	  ->  Index Scan using sbtest8_pkey on sbtest8  (cost=0.43..8.45 rows=1 width=559)
	        Index Cond: (id = 4784328)

explain: for non_index_updates :: explain UPDATE sbtest%u SET c='foobar' WHERE id=%u
explain: for inserts :: explain INSERT INTO sbtest%u (id, k, c, pad) VALUES (%u, 13, 'foobar', 'foobar')
explain: for deletes :: explain DELETE FROM sbtest%u WHERE id=%u
explain: for index_updates :: explain UPDATE sbtest%u SET k=k+1 WHERE id=%u
explain: for deletes :: explain DELETE FROM sbtest%u WHERE id=%u
for index_updates
table 1 : explain UPDATE sbtest1 SET k=k+1 WHERE id=4772280
	Update on sbtest1  (cost=0.43..8.46 rows=1 width=196)
	  ->  Index Scan using sbtest1_pkey on sbtest1  (cost=0.43..8.46 rows=1 width=196)
	        Index Cond: (id = 4772280)

table 2 : explain UPDATE sbtest2 SET k=k+1 WHERE id=559988
	Update on sbtest2  (cost=0.43..8.46 rows=1 width=196)
	  ->  Index Scan using sbtest2_pkey on sbtest2  (cost=0.43..8.46 rows=1 width=196)
	        Index Cond: (id = 559988)

table 3 : explain UPDATE sbtest3 SET k=k+1 WHERE id=7967423
	Update on sbtest3  (cost=0.43..8.46 rows=1 width=196)
	  ->  Index Scan using sbtest3_pkey on sbtest3  (cost=0.43..8.46 rows=1 width=196)
	        Index Cond: (id = 7967423)

table 4 : explain UPDATE sbtest4 SET k=k+1 WHERE id=2222345
	Update on sbtest4  (cost=0.43..8.46 rows=1 width=196)
	  ->  Index Scan using sbtest4_pkey on sbtest4  (cost=0.43..8.46 rows=1 width=196)
	        Index Cond: (id = 2222345)

table 5 : explain UPDATE sbtest5 SET k=k+1 WHERE id=2994736
	Update on sbtest5  (cost=0.43..8.46 rows=1 width=196)
	  ->  Index Scan using sbtest5_pkey on sbtest5  (cost=0.43..8.46 rows=1 width=196)
	        Index Cond: (id = 2994736)

table 6 : explain UPDATE sbtest6 SET k=k+1 WHERE id=377603
	Update on sbtest6  (cost=0.43..8.46 rows=1 width=196)
	  ->  Index Scan using sbtest6_pkey on sbtest6  (cost=0.43..8.46 rows=1 width=196)
	        Index Cond: (id = 377603)

table 7 : explain UPDATE sbtest7 SET k=k+1 WHERE id=7480894
	Update on sbtest7  (cost=0.43..8.46 rows=1 width=196)
	  ->  Index Scan using sbtest7_pkey on sbtest7  (cost=0.43..8.46 rows=1 width=196)
	        Index Cond: (id = 7480894)

table 8 : explain UPDATE sbtest8 SET k=k+1 WHERE id=2101022
	Update on sbtest8  (cost=0.43..8.46 rows=1 width=196)
	  ->  Index Scan using sbtest8_pkey on sbtest8  (cost=0.43..8.46 rows=1 width=196)
	        Index Cond: (id = 2101022)

explain: for inserts :: explain INSERT INTO sbtest%u (id, k, c, pad) VALUES (%u, 13, 'foobar', 'foobar')
for inserts
table 1 : explain INSERT INTO sbtest1 (id, k, c, pad) VALUES (3256057, 13, 'foobar', 'foobar')
	Insert on sbtest1  (cost=0.00..0.01 rows=1 width=736)
	  ->  Result  (cost=0.00..0.01 rows=1 width=736)

table 2 : explain INSERT INTO sbtest2 (id, k, c, pad) VALUES (9037371, 13, 'foobar', 'foobar')
	Insert on sbtest2  (cost=0.00..0.01 rows=1 width=736)
	  ->  Result  (cost=0.00..0.01 rows=1 width=736)

table 3 : explain INSERT INTO sbtest3 (id, k, c, pad) VALUES (4521827, 13, 'foobar', 'foobar')
	Insert on sbtest3  (cost=0.00..0.01 rows=1 width=736)
	  ->  Result  (cost=0.00..0.01 rows=1 width=736)

table 4 : explain INSERT INTO sbtest4 (id, k, c, pad) VALUES (3271815, 13, 'foobar', 'foobar')
	Insert on sbtest4  (cost=0.00..0.01 rows=1 width=736)
	  ->  Result  (cost=0.00..0.01 rows=1 width=736)

table 5 : explain INSERT INTO sbtest5 (id, k, c, pad) VALUES (9716658, 13, 'foobar', 'foobar')
	Insert on sbtest5  (cost=0.00..0.01 rows=1 width=736)
	  ->  Result  (cost=0.00..0.01 rows=1 width=736)

table 6 : explain INSERT INTO sbtest6 (id, k, c, pad) VALUES (2014572, 13, 'foobar', 'foobar')
	Insert on sbtest6  (cost=0.00..0.01 rows=1 width=736)
	  ->  Result  (cost=0.00..0.01 rows=1 width=736)

table 7 : explain INSERT INTO sbtest7 (id, k, c, pad) VALUES (4595171, 13, 'foobar', 'foobar')
	Insert on sbtest7  (cost=0.00..0.01 rows=1 width=736)
	  ->  Result  (cost=0.00..0.01 rows=1 width=736)

table 8 : explain INSERT INTO sbtest8 (id, k, c, pad) VALUES (8500954, 13, 'foobar', 'foobar')
	Insert on sbtest8  (cost=0.00..0.01 rows=1 width=736)
	  ->  Result  (cost=0.00..0.01 rows=1 width=736)

for non_index_updates
table 1 : explain UPDATE sbtest1 SET c='foobar' WHERE id=1897560
	Update on sbtest1  (cost=0.43..8.45 rows=1 width=559)
	  ->  Index Scan using sbtest1_pkey on sbtest1  (cost=0.43..8.45 rows=1 width=559)
	        Index Cond: (id = 1897560)

table 2 : explain UPDATE sbtest2 SET c='foobar' WHERE id=6089832
	Update on sbtest2  (cost=0.43..8.45 rows=1 width=559)
	  ->  Index Scan using sbtest2_pkey on sbtest2  (cost=0.43..8.45 rows=1 width=559)
	        Index Cond: (id = 6089832)

table 3 : explain UPDATE sbtest3 SET c='foobar' WHERE id=3786576
	Update on sbtest3  (cost=0.43..8.45 rows=1 width=559)
	  ->  Index Scan using sbtest3_pkey on sbtest3  (cost=0.43..8.45 rows=1 width=559)
	        Index Cond: (id = 3786576)

table 4 : explain UPDATE sbtest4 SET c='foobar' WHERE id=8060550
	Update on sbtest4  (cost=0.43..8.45 rows=1 width=559)
	  ->  Index Scan using sbtest4_pkey on sbtest4  (cost=0.43..8.45 rows=1 width=559)
	        Index Cond: (id = 8060550)

table 5 : explain UPDATE sbtest5 SET c='foobar' WHERE id=7562671
	Update on sbtest5  (cost=0.43..8.45 rows=1 width=559)
	  ->  Index Scan using sbtest5_pkey on sbtest5  (cost=0.43..8.45 rows=1 width=559)
	        Index Cond: (id = 7562671)

table 6 : explain UPDATE sbtest6 SET c='foobar' WHERE id=4568182
	Update on sbtest6  (cost=0.43..8.45 rows=1 width=559)
	  ->  Index Scan using sbtest6_pkey on sbtest6  (cost=0.43..8.45 rows=1 width=559)
	        Index Cond: (id = 4568182)

table 7 : explain UPDATE sbtest7 SET c='foobar' WHERE id=5394849
	Update on sbtest7  (cost=0.43..8.45 rows=1 width=559)
	  ->  Index Scan using sbtest7_pkey on sbtest7  (cost=0.43..8.45 rows=1 width=559)
	        Index Cond: (id = 5394849)

table 8 : explain UPDATE sbtest8 SET c='foobar' WHERE id=9788284
	Update on sbtest8  (cost=0.43..8.45 rows=1 width=559)
	  ->  Index Scan using sbtest8_pkey on sbtest8  (cost=0.43..8.45 rows=1 width=559)
	        Index Cond: (id = 9788284)

explain: for non_index_updates :: explain UPDATE sbtest%u SET c='foobar' WHERE id=%u
for deletes
table 1 : explain DELETE FROM sbtest1 WHERE id=2295363
	Delete on sbtest1  (cost=0.43..8.45 rows=1 width=6)
	  ->  Index Scan using sbtest1_pkey on sbtest1  (cost=0.43..8.45 rows=1 width=6)
	        Index Cond: (id = 2295363)

table 2 : explain DELETE FROM sbtest2 WHERE id=6759774
	Delete on sbtest2  (cost=0.43..8.45 rows=1 width=6)
	  ->  Index Scan using sbtest2_pkey on sbtest2  (cost=0.43..8.45 rows=1 width=6)
	        Index Cond: (id = 6759774)

table 3 : explain DELETE FROM sbtest3 WHERE id=3126010
	Delete on sbtest3  (cost=0.43..8.45 rows=1 width=6)
	  ->  Index Scan using sbtest3_pkey on sbtest3  (cost=0.43..8.45 rows=1 width=6)
	        Index Cond: (id = 3126010)

table 4 : explain DELETE FROM sbtest4 WHERE id=952966
	Delete on sbtest4  (cost=0.43..8.45 rows=1 width=6)
	  ->  Index Scan using sbtest4_pkey on sbtest4  (cost=0.43..8.45 rows=1 width=6)
	        Index Cond: (id = 952966)

table 5 : explain DELETE FROM sbtest5 WHERE id=3889319
	Delete on sbtest5  (cost=0.43..8.45 rows=1 width=6)
	  ->  Index Scan using sbtest5_pkey on sbtest5  (cost=0.43..8.45 rows=1 width=6)
	        Index Cond: (id = 3889319)

table 6 : explain DELETE FROM sbtest6 WHERE id=5162991
	Delete on sbtest6  (cost=0.43..8.45 rows=1 width=6)
	  ->  Index Scan using sbtest6_pkey on sbtest6  (cost=0.43..8.45 rows=1 width=6)
	        Index Cond: (id = 5162991)

table 7 : explain DELETE FROM sbtest7 WHERE id=2662149
	Delete on sbtest7  (cost=0.43..8.45 rows=1 width=6)
	  ->  Index Scan using sbtest7_pkey on sbtest7  (cost=0.43..8.45 rows=1 width=6)
	        Index Cond: (id = 2662149)

table 8 : explain DELETE FROM sbtest8 WHERE id=5690067
	Delete on sbtest8  (cost=0.43..8.45 rows=1 width=6)
	  ->  Index Scan using sbtest8_pkey on sbtest8  (cost=0.43..8.45 rows=1 width=6)
	        Index Cond: (id = 5690067)

for deletes
table 1 : explain DELETE FROM sbtest1 WHERE id=5100148
	Delete on sbtest1  (cost=0.43..8.45 rows=1 width=6)
	  ->  Index Scan using sbtest1_pkey on sbtest1  (cost=0.43..8.45 rows=1 width=6)
	        Index Cond: (id = 5100148)

table 2 : explain DELETE FROM sbtest2 WHERE id=4450810
	Delete on sbtest2  (cost=0.43..8.45 rows=1 width=6)
	  ->  Index Scan using sbtest2_pkey on sbtest2  (cost=0.43..8.45 rows=1 width=6)
	        Index Cond: (id = 4450810)

table 3 : explain DELETE FROM sbtest3 WHERE id=653489
	Delete on sbtest3  (cost=0.43..8.45 rows=1 width=6)
	  ->  Index Scan using sbtest3_pkey on sbtest3  (cost=0.43..8.45 rows=1 width=6)
	        Index Cond: (id = 653489)

table 4 : explain DELETE FROM sbtest4 WHERE id=3525714
	Delete on sbtest4  (cost=0.43..8.45 rows=1 width=6)
	  ->  Index Scan using sbtest4_pkey on sbtest4  (cost=0.43..8.45 rows=1 width=6)
	        Index Cond: (id = 3525714)

table 5 : explain DELETE FROM sbtest5 WHERE id=9836999
	Delete on sbtest5  (cost=0.43..8.45 rows=1 width=6)
	  ->  Index Scan using sbtest5_pkey on sbtest5  (cost=0.43..8.45 rows=1 width=6)
	        Index Cond: (id = 9836999)

table 6 : explain DELETE FROM sbtest6 WHERE id=9988296
	Delete on sbtest6  (cost=0.43..8.45 rows=1 width=6)
	  ->  Index Scan using sbtest6_pkey on sbtest6  (cost=0.43..8.45 rows=1 width=6)
	        Index Cond: (id = 9988296)

table 7 : explain DELETE FROM sbtest7 WHERE id=1559109
	Delete on sbtest7  (cost=0.43..8.45 rows=1 width=6)
	  ->  Index Scan using sbtest7_pkey on sbtest7  (cost=0.43..8.45 rows=1 width=6)
	        Index Cond: (id = 1559109)

table 8 : explain DELETE FROM sbtest8 WHERE id=8197595
	Delete on sbtest8  (cost=0.43..8.45 rows=1 width=6)
	  ->  Index Scan using sbtest8_pkey on sbtest8  (cost=0.43..8.45 rows=1 width=6)
	        Index Cond: (id = 8197595)

for inserts
table 1 : explain INSERT INTO sbtest1 (id, k, c, pad) VALUES (2959219, 13, 'foobar', 'foobar')
	Insert on sbtest1  (cost=0.00..0.01 rows=1 width=736)
	  ->  Result  (cost=0.00..0.01 rows=1 width=736)

table 2 : explain INSERT INTO sbtest2 (id, k, c, pad) VALUES (9302362, 13, 'foobar', 'foobar')
	Insert on sbtest2  (cost=0.00..0.01 rows=1 width=736)
	  ->  Result  (cost=0.00..0.01 rows=1 width=736)

table 3 : explain INSERT INTO sbtest3 (id, k, c, pad) VALUES (469889, 13, 'foobar', 'foobar')
	Insert on sbtest3  (cost=0.00..0.01 rows=1 width=736)
	  ->  Result  (cost=0.00..0.01 rows=1 width=736)

table 4 : explain INSERT INTO sbtest4 (id, k, c, pad) VALUES (6067593, 13, 'foobar', 'foobar')
	Insert on sbtest4  (cost=0.00..0.01 rows=1 width=736)
	  ->  Result  (cost=0.00..0.01 rows=1 width=736)

table 5 : explain INSERT INTO sbtest5 (id, k, c, pad) VALUES (6654707, 13, 'foobar', 'foobar')
	Insert on sbtest5  (cost=0.00..0.01 rows=1 width=736)
	  ->  Result  (cost=0.00..0.01 rows=1 width=736)

table 6 : explain INSERT INTO sbtest6 (id, k, c, pad) VALUES (601292, 13, 'foobar', 'foobar')
	Insert on sbtest6  (cost=0.00..0.01 rows=1 width=736)
	  ->  Result  (cost=0.00..0.01 rows=1 width=736)

table 7 : explain INSERT INTO sbtest7 (id, k, c, pad) VALUES (2283999, 13, 'foobar', 'foobar')
	Insert on sbtest7  (cost=0.00..0.01 rows=1 width=736)
	  ->  Result  (cost=0.00..0.01 rows=1 width=736)

table 8 : explain INSERT INTO sbtest8 (id, k, c, pad) VALUES (623592, 13, 'foobar', 'foobar')
	Insert on sbtest8  (cost=0.00..0.01 rows=1 width=736)
	  ->  Result  (cost=0.00..0.01 rows=1 width=736)

explain: for deletes :: explain DELETE FROM sbtest%u WHERE id=%u
for point_selects
table 1 : explain SELECT c FROM sbtest1 WHERE id=631951
	Index Scan using sbtest1_pkey on sbtest1  (cost=0.43..8.45 rows=1 width=121)
	  Index Cond: (id = 631951)

table 2 : explain SELECT c FROM sbtest2 WHERE id=3044982
	Index Scan using sbtest2_pkey on sbtest2  (cost=0.43..8.45 rows=1 width=121)
	  Index Cond: (id = 3044982)

table 3 : explain SELECT c FROM sbtest3 WHERE id=7407043
	Index Scan using sbtest3_pkey on sbtest3  (cost=0.43..8.45 rows=1 width=121)
	  Index Cond: (id = 7407043)

table 4 : explain SELECT c FROM sbtest4 WHERE id=3531956
	Index Scan using sbtest4_pkey on sbtest4  (cost=0.43..8.45 rows=1 width=121)
	  Index Cond: (id = 3531956)

table 5 : explain SELECT c FROM sbtest5 WHERE id=4736953
	Index Scan using sbtest5_pkey on sbtest5  (cost=0.43..8.45 rows=1 width=121)
	  Index Cond: (id = 4736953)

table 6 : explain SELECT c FROM sbtest6 WHERE id=6215498
	Index Scan using sbtest6_pkey on sbtest6  (cost=0.43..8.45 rows=1 width=121)
	  Index Cond: (id = 6215498)

table 7 : explain SELECT c FROM sbtest7 WHERE id=8787806
	Index Scan using sbtest7_pkey on sbtest7  (cost=0.43..8.45 rows=1 width=121)
	  Index Cond: (id = 8787806)

table 8 : explain SELECT c FROM sbtest8 WHERE id=3701028
	Index Scan using sbtest8_pkey on sbtest8  (cost=0.43..8.45 rows=1 width=121)
	  Index Cond: (id = 3701028)

for inserts
table 1 : explain INSERT INTO sbtest1 (id, k, c, pad) VALUES (7058841, 13, 'foobar', 'foobar')
	Insert on sbtest1  (cost=0.00..0.01 rows=1 width=736)
	  ->  Result  (cost=0.00..0.01 rows=1 width=736)

table 2 : explain INSERT INTO sbtest2 (id, k, c, pad) VALUES (4755696, 13, 'foobar', 'foobar')
	Insert on sbtest2  (cost=0.00..0.01 rows=1 width=736)
	  ->  Result  (cost=0.00..0.01 rows=1 width=736)

table 3 : explain INSERT INTO sbtest3 (id, k, c, pad) VALUES (2510630, 13, 'foobar', 'foobar')
	Insert on sbtest3  (cost=0.00..0.01 rows=1 width=736)
	  ->  Result  (cost=0.00..0.01 rows=1 width=736)

table 4 : explain INSERT INTO sbtest4 (id, k, c, pad) VALUES (9763699, 13, 'foobar', 'foobar')
	Insert on sbtest4  (cost=0.00..0.01 rows=1 width=736)
	  ->  Result  (cost=0.00..0.01 rows=1 width=736)

table 5 : explain INSERT INTO sbtest5 (id, k, c, pad) VALUES (6573168, 13, 'foobar', 'foobar')
	Insert on sbtest5  (cost=0.00..0.01 rows=1 width=736)
	  ->  Result  (cost=0.00..0.01 rows=1 width=736)

table 6 : explain INSERT INTO sbtest6 (id, k, c, pad) VALUES (9655831, 13, 'foobar', 'foobar')
	Insert on sbtest6  (cost=0.00..0.01 rows=1 width=736)
	  ->  Result  (cost=0.00..0.01 rows=1 width=736)

table 7 : explain INSERT INTO sbtest7 (id, k, c, pad) VALUES (3283541, 13, 'foobar', 'foobar')
	Insert on sbtest7  (cost=0.00..0.01 rows=1 width=736)
	  ->  Result  (cost=0.00..0.01 rows=1 width=736)

table 8 : explain INSERT INTO sbtest8 (id, k, c, pad) VALUES (646794, 13, 'foobar', 'foobar')
	Insert on sbtest8  (cost=0.00..0.01 rows=1 width=736)
	  ->  Result  (cost=0.00..0.01 rows=1 width=736)

for index_updates
table 1 : explain UPDATE sbtest1 SET k=k+1 WHERE id=9493802
	Update on sbtest1  (cost=0.43..8.46 rows=1 width=196)
	  ->  Index Scan using sbtest1_pkey on sbtest1  (cost=0.43..8.46 rows=1 width=196)
	        Index Cond: (id = 9493802)

table 2 : explain UPDATE sbtest2 SET k=k+1 WHERE id=6277719
	Update on sbtest2  (cost=0.43..8.46 rows=1 width=196)
	  ->  Index Scan using sbtest2_pkey on sbtest2  (cost=0.43..8.46 rows=1 width=196)
	        Index Cond: (id = 6277719)

table 3 : explain UPDATE sbtest3 SET k=k+1 WHERE id=3240473
	Update on sbtest3  (cost=0.43..8.46 rows=1 width=196)
	  ->  Index Scan using sbtest3_pkey on sbtest3  (cost=0.43..8.46 rows=1 width=196)
	        Index Cond: (id = 3240473)

table 4 : explain UPDATE sbtest4 SET k=k+1 WHERE id=5301889
	Update on sbtest4  (cost=0.43..8.46 rows=1 width=196)
	  ->  Index Scan using sbtest4_pkey on sbtest4  (cost=0.43..8.46 rows=1 width=196)
	        Index Cond: (id = 5301889)

table 5 : explain UPDATE sbtest5 SET k=k+1 WHERE id=9000364
	Update on sbtest5  (cost=0.43..8.46 rows=1 width=196)
	  ->  Index Scan using sbtest5_pkey on sbtest5  (cost=0.43..8.46 rows=1 width=196)
	        Index Cond: (id = 9000364)

table 6 : explain UPDATE sbtest6 SET k=k+1 WHERE id=3697692
	Update on sbtest6  (cost=0.43..8.46 rows=1 width=196)
	  ->  Index Scan using sbtest6_pkey on sbtest6  (cost=0.43..8.46 rows=1 width=196)
	        Index Cond: (id = 3697692)

table 7 : explain UPDATE sbtest7 SET k=k+1 WHERE id=7215070
	Update on sbtest7  (cost=0.43..8.46 rows=1 width=196)
	  ->  Index Scan using sbtest7_pkey on sbtest7  (cost=0.43..8.46 rows=1 width=196)
	        Index Cond: (id = 7215070)

table 8 : explain UPDATE sbtest8 SET k=k+1 WHERE id=9541155
	Update on sbtest8  (cost=0.43..8.46 rows=1 width=196)
	  ->  Index Scan using sbtest8_pkey on sbtest8  (cost=0.43..8.46 rows=1 width=196)
	        Index Cond: (id = 9541155)

explain: for inserts :: explain INSERT INTO sbtest%u (id, k, c, pad) VALUES (%u, 13, 'foobar', 'foobar')
for non_index_updates
table 1 : explain UPDATE sbtest1 SET c='foobar' WHERE id=5414841
	Update on sbtest1  (cost=0.43..8.45 rows=1 width=559)
	  ->  Index Scan using sbtest1_pkey on sbtest1  (cost=0.43..8.45 rows=1 width=559)
	        Index Cond: (id = 5414841)

table 2 : explain UPDATE sbtest2 SET c='foobar' WHERE id=3911589
	Update on sbtest2  (cost=0.43..8.45 rows=1 width=559)
	  ->  Index Scan using sbtest2_pkey on sbtest2  (cost=0.43..8.45 rows=1 width=559)
	        Index Cond: (id = 3911589)

table 3 : explain UPDATE sbtest3 SET c='foobar' WHERE id=4553960
	Update on sbtest3  (cost=0.43..8.45 rows=1 width=559)
	  ->  Index Scan using sbtest3_pkey on sbtest3  (cost=0.43..8.45 rows=1 width=559)
	        Index Cond: (id = 4553960)

table 4 : explain UPDATE sbtest4 SET c='foobar' WHERE id=3379609
	Update on sbtest4  (cost=0.43..8.45 rows=1 width=559)
	  ->  Index Scan using sbtest4_pkey on sbtest4  (cost=0.43..8.45 rows=1 width=559)
	        Index Cond: (id = 3379609)

table 5 : explain UPDATE sbtest5 SET c='foobar' WHERE id=8530196
	Update on sbtest5  (cost=0.43..8.45 rows=1 width=559)
	  ->  Index Scan using sbtest5_pkey on sbtest5  (cost=0.43..8.45 rows=1 width=559)
	        Index Cond: (id = 8530196)

table 6 : explain UPDATE sbtest6 SET c='foobar' WHERE id=4308719
	Update on sbtest6  (cost=0.43..8.45 rows=1 width=559)
	  ->  Index Scan using sbtest6_pkey on sbtest6  (cost=0.43..8.45 rows=1 width=559)
	        Index Cond: (id = 4308719)

table 7 : explain UPDATE sbtest7 SET c='foobar' WHERE id=5926205
	Update on sbtest7  (cost=0.43..8.45 rows=1 width=559)
	  ->  Index Scan using sbtest7_pkey on sbtest7  (cost=0.43..8.45 rows=1 width=559)
	        Index Cond: (id = 5926205)

table 8 : explain UPDATE sbtest8 SET c='foobar' WHERE id=3005714
	Update on sbtest8  (cost=0.43..8.45 rows=1 width=559)
	  ->  Index Scan using sbtest8_pkey on sbtest8  (cost=0.43..8.45 rows=1 width=559)
	        Index Cond: (id = 3005714)

explain: for inserts :: explain INSERT INTO sbtest%u (id, k, c, pad) VALUES (%u, 13, 'foobar', 'foobar')
for deletes
table 1 : explain DELETE FROM sbtest1 WHERE id=7087930
	Delete on sbtest1  (cost=0.43..8.45 rows=1 width=6)
	  ->  Index Scan using sbtest1_pkey on sbtest1  (cost=0.43..8.45 rows=1 width=6)
	        Index Cond: (id = 7087930)

table 2 : explain DELETE FROM sbtest2 WHERE id=5914095
	Delete on sbtest2  (cost=0.43..8.45 rows=1 width=6)
	  ->  Index Scan using sbtest2_pkey on sbtest2  (cost=0.43..8.45 rows=1 width=6)
	        Index Cond: (id = 5914095)

table 3 : explain DELETE FROM sbtest3 WHERE id=4049109
	Delete on sbtest3  (cost=0.43..8.45 rows=1 width=6)
	  ->  Index Scan using sbtest3_pkey on sbtest3  (cost=0.43..8.45 rows=1 width=6)
	        Index Cond: (id = 4049109)

table 4 : explain DELETE FROM sbtest4 WHERE id=1620585
	Delete on sbtest4  (cost=0.43..8.45 rows=1 width=6)
	  ->  Index Scan using sbtest4_pkey on sbtest4  (cost=0.43..8.45 rows=1 width=6)
	        Index Cond: (id = 1620585)

table 5 : explain DELETE FROM sbtest5 WHERE id=6713698
	Delete on sbtest5  (cost=0.43..8.45 rows=1 width=6)
	  ->  Index Scan using sbtest5_pkey on sbtest5  (cost=0.43..8.45 rows=1 width=6)
	        Index Cond: (id = 6713698)

table 6 : explain DELETE FROM sbtest6 WHERE id=7696762
	Delete on sbtest6  (cost=0.43..8.45 rows=1 width=6)
	  ->  Index Scan using sbtest6_pkey on sbtest6  (cost=0.43..8.45 rows=1 width=6)
	        Index Cond: (id = 7696762)

table 7 : explain DELETE FROM sbtest7 WHERE id=3079338
	Delete on sbtest7  (cost=0.43..8.45 rows=1 width=6)
	  ->  Index Scan using sbtest7_pkey on sbtest7  (cost=0.43..8.45 rows=1 width=6)
	        Index Cond: (id = 3079338)

table 8 : explain DELETE FROM sbtest8 WHERE id=7802857
	Delete on sbtest8  (cost=0.43..8.45 rows=1 width=6)
	  ->  Index Scan using sbtest8_pkey on sbtest8  (cost=0.43..8.45 rows=1 width=6)
	        Index Cond: (id = 7802857)

explain: for non_index_updates :: explain UPDATE sbtest%u SET c='foobar' WHERE id=%u
explain: for deletes :: explain DELETE FROM sbtest%u WHERE id=%u
for inserts
table 1 : explain INSERT INTO sbtest1 (id, k, c, pad) VALUES (135087, 13, 'foobar', 'foobar')
	Insert on sbtest1  (cost=0.00..0.01 rows=1 width=736)
	  ->  Result  (cost=0.00..0.01 rows=1 width=736)

table 2 : explain INSERT INTO sbtest2 (id, k, c, pad) VALUES (6832860, 13, 'foobar', 'foobar')
	Insert on sbtest2  (cost=0.00..0.01 rows=1 width=736)
	  ->  Result  (cost=0.00..0.01 rows=1 width=736)

table 3 : explain INSERT INTO sbtest3 (id, k, c, pad) VALUES (2896556, 13, 'foobar', 'foobar')
	Insert on sbtest3  (cost=0.00..0.01 rows=1 width=736)
	  ->  Result  (cost=0.00..0.01 rows=1 width=736)

table 4 : explain INSERT INTO sbtest4 (id, k, c, pad) VALUES (7063709, 13, 'foobar', 'foobar')
	Insert on sbtest4  (cost=0.00..0.01 rows=1 width=736)
	  ->  Result  (cost=0.00..0.01 rows=1 width=736)

table 5 : explain INSERT INTO sbtest5 (id, k, c, pad) VALUES (5488504, 13, 'foobar', 'foobar')
	Insert on sbtest5  (cost=0.00..0.01 rows=1 width=736)
	  ->  Result  (cost=0.00..0.01 rows=1 width=736)

table 6 : explain INSERT INTO sbtest6 (id, k, c, pad) VALUES (6069781, 13, 'foobar', 'foobar')
	Insert on sbtest6  (cost=0.00..0.01 rows=1 width=736)
	  ->  Result  (cost=0.00..0.01 rows=1 width=736)

table 7 : explain INSERT INTO sbtest7 (id, k, c, pad) VALUES (1955535, 13, 'foobar', 'foobar')
	Insert on sbtest7  (cost=0.00..0.01 rows=1 width=736)
	  ->  Result  (cost=0.00..0.01 rows=1 width=736)

table 8 : explain INSERT INTO sbtest8 (id, k, c, pad) VALUES (9895283, 13, 'foobar', 'foobar')
	Insert on sbtest8  (cost=0.00..0.01 rows=1 width=736)
	  ->  Result  (cost=0.00..0.01 rows=1 width=736)

for inserts
table 1 : explain INSERT INTO sbtest1 (id, k, c, pad) VALUES (4615426, 13, 'foobar', 'foobar')
	Insert on sbtest1  (cost=0.00..0.01 rows=1 width=736)
	  ->  Result  (cost=0.00..0.01 rows=1 width=736)

table 2 : explain INSERT INTO sbtest2 (id, k, c, pad) VALUES (6913794, 13, 'foobar', 'foobar')
	Insert on sbtest2  (cost=0.00..0.01 rows=1 width=736)
	  ->  Result  (cost=0.00..0.01 rows=1 width=736)

table 3 : explain INSERT INTO sbtest3 (id, k, c, pad) VALUES (3935278, 13, 'foobar', 'foobar')
	Insert on sbtest3  (cost=0.00..0.01 rows=1 width=736)
	  ->  Result  (cost=0.00..0.01 rows=1 width=736)

table 4 : explain INSERT INTO sbtest4 (id, k, c, pad) VALUES (1206247, 13, 'foobar', 'foobar')
	Insert on sbtest4  (cost=0.00..0.01 rows=1 width=736)
	  ->  Result  (cost=0.00..0.01 rows=1 width=736)

table 5 : explain INSERT INTO sbtest5 (id, k, c, pad) VALUES (8680444, 13, 'foobar', 'foobar')
	Insert on sbtest5  (cost=0.00..0.01 rows=1 width=736)
	  ->  Result  (cost=0.00..0.01 rows=1 width=736)

table 6 : explain INSERT INTO sbtest6 (id, k, c, pad) VALUES (3031360, 13, 'foobar', 'foobar')
	Insert on sbtest6  (cost=0.00..0.01 rows=1 width=736)
	  ->  Result  (cost=0.00..0.01 rows=1 width=736)

table 7 : explain INSERT INTO sbtest7 (id, k, c, pad) VALUES (5355047, 13, 'foobar', 'foobar')
	Insert on sbtest7  (cost=0.00..0.01 rows=1 width=736)
	  ->  Result  (cost=0.00..0.01 rows=1 width=736)

table 8 : explain INSERT INTO sbtest8 (id, k, c, pad) VALUES (5512220, 13, 'foobar', 'foobar')
	Insert on sbtest8  (cost=0.00..0.01 rows=1 width=736)
	  ->  Result  (cost=0.00..0.01 rows=1 width=736)

explain: for inserts :: explain INSERT INTO sbtest%u (id, k, c, pad) VALUES (%u, 13, 'foobar', 'foobar')
for: simple_ranges
table 1 : explain SELECT c FROM sbtest1 WHERE id BETWEEN 7497357 AND 7497456
	Index Scan using sbtest1_pkey on sbtest1  (cost=0.43..390.79 rows=102 width=121)
	  Index Cond: ((id >= 7497357) AND (id <= 7497456))

table 2 : explain SELECT c FROM sbtest2 WHERE id BETWEEN 6202227 AND 6202326
	Index Scan using sbtest2_pkey on sbtest2  (cost=0.43..403.49 rows=105 width=121)
	  Index Cond: ((id >= 6202227) AND (id <= 6202326))

table 3 : explain SELECT c FROM sbtest3 WHERE id BETWEEN 1889335 AND 1889434
	Index Scan using sbtest3_pkey on sbtest3  (cost=0.43..496.62 rows=130 width=121)
	  Index Cond: ((id >= 1889335) AND (id <= 1889434))

table 4 : explain SELECT c FROM sbtest4 WHERE id BETWEEN 9476413 AND 9476512
	Index Scan using sbtest4_pkey on sbtest4  (cost=0.43..350.40 rows=92 width=121)
	  Index Cond: ((id >= 9476413) AND (id <= 9476512))

table 5 : explain SELECT c FROM sbtest5 WHERE id BETWEEN 2182729 AND 2182828
	Index Scan using sbtest5_pkey on sbtest5  (cost=0.43..399.55 rows=105 width=121)
	  Index Cond: ((id >= 2182729) AND (id <= 2182828))

table 6 : explain SELECT c FROM sbtest6 WHERE id BETWEEN 3337286 AND 3337385
	Index Scan using sbtest6_pkey on sbtest6  (cost=0.43..388.71 rows=102 width=121)
	  Index Cond: ((id >= 3337286) AND (id <= 3337385))

table 7 : explain SELECT c FROM sbtest7 WHERE id BETWEEN 2213408 AND 2213507
	Index Scan using sbtest7_pkey on sbtest7  (cost=0.43..367.36 rows=96 width=121)
	  Index Cond: ((id >= 2213408) AND (id <= 2213507))

table 8 : explain SELECT c FROM sbtest8 WHERE id BETWEEN 6916769 AND 6916868
	Index Scan using sbtest8_pkey on sbtest8  (cost=0.43..370.58 rows=97 width=121)
	  Index Cond: ((id >= 6916769) AND (id <= 6916868))

for deletes
table 1 : explain DELETE FROM sbtest1 WHERE id=912049
	Delete on sbtest1  (cost=0.43..8.45 rows=1 width=6)
	  ->  Index Scan using sbtest1_pkey on sbtest1  (cost=0.43..8.45 rows=1 width=6)
	        Index Cond: (id = 912049)

table 2 : explain DELETE FROM sbtest2 WHERE id=3017495
	Delete on sbtest2  (cost=0.43..8.45 rows=1 width=6)
	  ->  Index Scan using sbtest2_pkey on sbtest2  (cost=0.43..8.45 rows=1 width=6)
	        Index Cond: (id = 3017495)

table 3 : explain DELETE FROM sbtest3 WHERE id=985662
	Delete on sbtest3  (cost=0.43..8.45 rows=1 width=6)
	  ->  Index Scan using sbtest3_pkey on sbtest3  (cost=0.43..8.45 rows=1 width=6)
	        Index Cond: (id = 985662)

table 4 : explain DELETE FROM sbtest4 WHERE id=4801552
	Delete on sbtest4  (cost=0.43..8.45 rows=1 width=6)
	  ->  Index Scan using sbtest4_pkey on sbtest4  (cost=0.43..8.45 rows=1 width=6)
	        Index Cond: (id = 4801552)

table 5 : explain DELETE FROM sbtest5 WHERE id=7018207
	Delete on sbtest5  (cost=0.43..8.45 rows=1 width=6)
	  ->  Index Scan using sbtest5_pkey on sbtest5  (cost=0.43..8.45 rows=1 width=6)
	        Index Cond: (id = 7018207)

table 6 : explain DELETE FROM sbtest6 WHERE id=4092369
	Delete on sbtest6  (cost=0.43..8.45 rows=1 width=6)
	  ->  Index Scan using sbtest6_pkey on sbtest6  (cost=0.43..8.45 rows=1 width=6)
	        Index Cond: (id = 4092369)

table 7 : explain DELETE FROM sbtest7 WHERE id=2787318
	Delete on sbtest7  (cost=0.43..8.45 rows=1 width=6)
	  ->  Index Scan using sbtest7_pkey on sbtest7  (cost=0.43..8.45 rows=1 width=6)
	        Index Cond: (id = 2787318)

table 8 : explain DELETE FROM sbtest8 WHERE id=2298666
	Delete on sbtest8  (cost=0.43..8.45 rows=1 width=6)
	  ->  Index Scan using sbtest8_pkey on sbtest8  (cost=0.43..8.45 rows=1 width=6)
	        Index Cond: (id = 2298666)

for non_index_updates
table 1 : explain UPDATE sbtest1 SET c='foobar' WHERE id=8926515
	Update on sbtest1  (cost=0.43..8.45 rows=1 width=559)
	  ->  Index Scan using sbtest1_pkey on sbtest1  (cost=0.43..8.45 rows=1 width=559)
	        Index Cond: (id = 8926515)

table 2 : explain UPDATE sbtest2 SET c='foobar' WHERE id=7897599
	Update on sbtest2  (cost=0.43..8.45 rows=1 width=559)
	  ->  Index Scan using sbtest2_pkey on sbtest2  (cost=0.43..8.45 rows=1 width=559)
	        Index Cond: (id = 7897599)

table 3 : explain UPDATE sbtest3 SET c='foobar' WHERE id=3095404
	Update on sbtest3  (cost=0.43..8.45 rows=1 width=559)
	  ->  Index Scan using sbtest3_pkey on sbtest3  (cost=0.43..8.45 rows=1 width=559)
	        Index Cond: (id = 3095404)

table 4 : explain UPDATE sbtest4 SET c='foobar' WHERE id=699947
	Update on sbtest4  (cost=0.43..8.45 rows=1 width=559)
	  ->  Index Scan using sbtest4_pkey on sbtest4  (cost=0.43..8.45 rows=1 width=559)
	        Index Cond: (id = 699947)

table 5 : explain UPDATE sbtest5 SET c='foobar' WHERE id=6359688
	Update on sbtest5  (cost=0.43..8.45 rows=1 width=559)
	  ->  Index Scan using sbtest5_pkey on sbtest5  (cost=0.43..8.45 rows=1 width=559)
	        Index Cond: (id = 6359688)

table 6 : explain UPDATE sbtest6 SET c='foobar' WHERE id=9100464
	Update on sbtest6  (cost=0.43..8.45 rows=1 width=559)
	  ->  Index Scan using sbtest6_pkey on sbtest6  (cost=0.43..8.45 rows=1 width=559)
	        Index Cond: (id = 9100464)

table 7 : explain UPDATE sbtest7 SET c='foobar' WHERE id=9281919
	Update on sbtest7  (cost=0.43..8.45 rows=1 width=559)
	  ->  Index Scan using sbtest7_pkey on sbtest7  (cost=0.43..8.45 rows=1 width=559)
	        Index Cond: (id = 9281919)

table 8 : explain UPDATE sbtest8 SET c='foobar' WHERE id=7792857
	Update on sbtest8  (cost=0.43..8.45 rows=1 width=559)
	  ->  Index Scan using sbtest8_pkey on sbtest8  (cost=0.43..8.45 rows=1 width=559)
	        Index Cond: (id = 7792857)

for: distinct_ranges
table 1 : explain SELECT DISTINCT c FROM sbtest1 WHERE id BETWEEN 7258208 AND 7258307 ORDER BY c
	Unique  (cost=417.14..417.68 rows=108 width=121)
	  ->  Sort  (cost=417.14..417.41 rows=108 width=121)
	        Sort Key: c
	        ->  Index Scan using sbtest1_pkey on sbtest1  (cost=0.43..413.49 rows=108 width=121)
	              Index Cond: ((id >= 7258208) AND (id <= 7258307))

table 2 : explain SELECT DISTINCT c FROM sbtest2 WHERE id BETWEEN 7084221 AND 7084320 ORDER BY c
	Unique  (cost=387.83..388.33 rows=100 width=121)
	  ->  Sort  (cost=387.83..388.08 rows=100 width=121)
	        Sort Key: c
	        ->  Index Scan using sbtest2_pkey on sbtest2  (cost=0.43..384.51 rows=100 width=121)
	              Index Cond: ((id >= 7084221) AND (id <= 7084320))

table 3 : explain SELECT DISTINCT c FROM sbtest3 WHERE id BETWEEN 1008391 AND 1008490 ORDER BY c
	Unique  (cost=371.12..371.60 rows=96 width=121)
	  ->  Sort  (cost=371.12..371.36 rows=96 width=121)
	        Sort Key: c
	        ->  Index Scan using sbtest3_pkey on sbtest3  (cost=0.43..367.96 rows=96 width=121)
	              Index Cond: ((id >= 1008391) AND (id <= 1008490))

table 4 : explain SELECT DISTINCT c FROM sbtest4 WHERE id BETWEEN 5161154 AND 5161253 ORDER BY c
	Unique  (cost=383.77..384.27 rows=100 width=121)
	  ->  Sort  (cost=383.77..384.02 rows=100 width=121)
	        Sort Key: c
	        ->  Index Scan using sbtest4_pkey on sbtest4  (cost=0.43..380.45 rows=100 width=121)
	              Index Cond: ((id >= 5161154) AND (id <= 5161253))

table 5 : explain SELECT DISTINCT c FROM sbtest5 WHERE id BETWEEN 6352629 AND 6352728 ORDER BY c
	Unique  (cost=365.08..365.56 rows=95 width=121)
	  ->  Sort  (cost=365.08..365.32 rows=95 width=121)
	        Sort Key: c
	        ->  Index Scan using sbtest5_pkey on sbtest5  (cost=0.43..361.96 rows=95 width=121)
	              Index Cond: ((id >= 6352629) AND (id <= 6352728))

table 6 : explain SELECT DISTINCT c FROM sbtest6 WHERE id BETWEEN 7199858 AND 7199957 ORDER BY c
	Unique  (cost=354.08..354.54 rows=92 width=121)
	  ->  Sort  (cost=354.08..354.31 rows=92 width=121)
	        Sort Key: c
	        ->  Index Scan using sbtest6_pkey on sbtest6  (cost=0.43..351.08 rows=92 width=121)
	              Index Cond: ((id >= 7199858) AND (id <= 7199957))

table 7 : explain SELECT DISTINCT c FROM sbtest7 WHERE id BETWEEN 69041 AND 69140 ORDER BY c
	Unique  (cost=359.07..359.53 rows=93 width=121)
	  ->  Sort  (cost=359.07..359.30 rows=93 width=121)
	        Sort Key: c
	        ->  Index Scan using sbtest7_pkey on sbtest7  (cost=0.43..356.03 rows=93 width=121)
	              Index Cond: ((id >= 69041) AND (id <= 69140))

table 8 : explain SELECT DISTINCT c FROM sbtest8 WHERE id BETWEEN 7908982 AND 7909081 ORDER BY c
	Unique  (cost=389.03..389.53 rows=101 width=121)
	  ->  Sort  (cost=389.03..389.28 rows=101 width=121)
	        Sort Key: c
	        ->  Index Scan using sbtest8_pkey on sbtest8  (cost=0.43..385.66 rows=101 width=121)
	              Index Cond: ((id >= 7908982) AND (id <= 7909081))

for inserts
table 1 : explain INSERT INTO sbtest1 (id, k, c, pad) VALUES (7266211, 13, 'foobar', 'foobar')
	Insert on sbtest1  (cost=0.00..0.01 rows=1 width=736)
	  ->  Result  (cost=0.00..0.01 rows=1 width=736)

table 2 : explain INSERT INTO sbtest2 (id, k, c, pad) VALUES (5866947, 13, 'foobar', 'foobar')
	Insert on sbtest2  (cost=0.00..0.01 rows=1 width=736)
	  ->  Result  (cost=0.00..0.01 rows=1 width=736)

table 3 : explain INSERT INTO sbtest3 (id, k, c, pad) VALUES (5154546, 13, 'foobar', 'foobar')
	Insert on sbtest3  (cost=0.00..0.01 rows=1 width=736)
	  ->  Result  (cost=0.00..0.01 rows=1 width=736)

table 4 : explain INSERT INTO sbtest4 (id, k, c, pad) VALUES (4799466, 13, 'foobar', 'foobar')
	Insert on sbtest4  (cost=0.00..0.01 rows=1 width=736)
	  ->  Result  (cost=0.00..0.01 rows=1 width=736)

table 5 : explain INSERT INTO sbtest5 (id, k, c, pad) VALUES (2242482, 13, 'foobar', 'foobar')
	Insert on sbtest5  (cost=0.00..0.01 rows=1 width=736)
	  ->  Result  (cost=0.00..0.01 rows=1 width=736)

table 6 : explain INSERT INTO sbtest6 (id, k, c, pad) VALUES (1619690, 13, 'foobar', 'foobar')
	Insert on sbtest6  (cost=0.00..0.01 rows=1 width=736)
	  ->  Result  (cost=0.00..0.01 rows=1 width=736)

table 7 : explain INSERT INTO sbtest7 (id, k, c, pad) VALUES (4269269, 13, 'foobar', 'foobar')
	Insert on sbtest7  (cost=0.00..0.01 rows=1 width=736)
	  ->  Result  (cost=0.00..0.01 rows=1 width=736)

table 8 : explain INSERT INTO sbtest8 (id, k, c, pad) VALUES (7614430, 13, 'foobar', 'foobar')
	Insert on sbtest8  (cost=0.00..0.01 rows=1 width=736)
	  ->  Result  (cost=0.00..0.01 rows=1 width=736)

explain: for deletes :: explain DELETE FROM sbtest%u WHERE id=%u
explain: for inserts :: explain INSERT INTO sbtest%u (id, k, c, pad) VALUES (%u, 13, 'foobar', 'foobar')
explain: for point_selects :: explain SELECT c FROM sbtest%u WHERE id=%u
explain: for index_updates :: explain UPDATE sbtest%u SET k=k+1 WHERE id=%u
for deletes
table 1 : explain DELETE FROM sbtest1 WHERE id=3084379
	Delete on sbtest1  (cost=0.43..8.45 rows=1 width=6)
	  ->  Index Scan using sbtest1_pkey on sbtest1  (cost=0.43..8.45 rows=1 width=6)
	        Index Cond: (id = 3084379)

table 2 : explain DELETE FROM sbtest2 WHERE id=5222076
	Delete on sbtest2  (cost=0.43..8.45 rows=1 width=6)
	  ->  Index Scan using sbtest2_pkey on sbtest2  (cost=0.43..8.45 rows=1 width=6)
	        Index Cond: (id = 5222076)

table 3 : explain DELETE FROM sbtest3 WHERE id=5029008
	Delete on sbtest3  (cost=0.43..8.45 rows=1 width=6)
	  ->  Index Scan using sbtest3_pkey on sbtest3  (cost=0.43..8.45 rows=1 width=6)
	        Index Cond: (id = 5029008)

table 4 : explain DELETE FROM sbtest4 WHERE id=7551185
	Delete on sbtest4  (cost=0.43..8.45 rows=1 width=6)
	  ->  Index Scan using sbtest4_pkey on sbtest4  (cost=0.43..8.45 rows=1 width=6)
	        Index Cond: (id = 7551185)

table 5 : explain DELETE FROM sbtest5 WHERE id=5969695
	Delete on sbtest5  (cost=0.43..8.45 rows=1 width=6)
	  ->  Index Scan using sbtest5_pkey on sbtest5  (cost=0.43..8.45 rows=1 width=6)
	        Index Cond: (id = 5969695)

table 6 : explain DELETE FROM sbtest6 WHERE id=6187275
	Delete on sbtest6  (cost=0.43..8.45 rows=1 width=6)
	  ->  Index Scan using sbtest6_pkey on sbtest6  (cost=0.43..8.45 rows=1 width=6)
	        Index Cond: (id = 6187275)

table 7 : explain DELETE FROM sbtest7 WHERE id=7931306
	Delete on sbtest7  (cost=0.43..8.45 rows=1 width=6)
	  ->  Index Scan using sbtest7_pkey on sbtest7  (cost=0.43..8.45 rows=1 width=6)
	        Index Cond: (id = 7931306)

table 8 : explain DELETE FROM sbtest8 WHERE id=2547455
	Delete on sbtest8  (cost=0.43..8.45 rows=1 width=6)
	  ->  Index Scan using sbtest8_pkey on sbtest8  (cost=0.43..8.45 rows=1 width=6)
	        Index Cond: (id = 2547455)

for inserts
table 1 : explain INSERT INTO sbtest1 (id, k, c, pad) VALUES (1017785, 13, 'foobar', 'foobar')
	Insert on sbtest1  (cost=0.00..0.01 rows=1 width=736)
	  ->  Result  (cost=0.00..0.01 rows=1 width=736)

table 2 : explain INSERT INTO sbtest2 (id, k, c, pad) VALUES (5462941, 13, 'foobar', 'foobar')
	Insert on sbtest2  (cost=0.00..0.01 rows=1 width=736)
	  ->  Result  (cost=0.00..0.01 rows=1 width=736)

table 3 : explain INSERT INTO sbtest3 (id, k, c, pad) VALUES (4826552, 13, 'foobar', 'foobar')
	Insert on sbtest3  (cost=0.00..0.01 rows=1 width=736)
	  ->  Result  (cost=0.00..0.01 rows=1 width=736)

table 4 : explain INSERT INTO sbtest4 (id, k, c, pad) VALUES (6219192, 13, 'foobar', 'foobar')
	Insert on sbtest4  (cost=0.00..0.01 rows=1 width=736)
	  ->  Result  (cost=0.00..0.01 rows=1 width=736)

table 5 : explain INSERT INTO sbtest5 (id, k, c, pad) VALUES (5876005, 13, 'foobar', 'foobar')
	Insert on sbtest5  (cost=0.00..0.01 rows=1 width=736)
	  ->  Result  (cost=0.00..0.01 rows=1 width=736)

table 6 : explain INSERT INTO sbtest6 (id, k, c, pad) VALUES (4414959, 13, 'foobar', 'foobar')
	Insert on sbtest6  (cost=0.00..0.01 rows=1 width=736)
	  ->  Result  (cost=0.00..0.01 rows=1 width=736)

table 7 : explain INSERT INTO sbtest7 (id, k, c, pad) VALUES (7970949, 13, 'foobar', 'foobar')
	Insert on sbtest7  (cost=0.00..0.01 rows=1 width=736)
	  ->  Result  (cost=0.00..0.01 rows=1 width=736)

table 8 : explain INSERT INTO sbtest8 (id, k, c, pad) VALUES (5184425, 13, 'foobar', 'foobar')
	Insert on sbtest8  (cost=0.00..0.01 rows=1 width=736)
	  ->  Result  (cost=0.00..0.01 rows=1 width=736)

for: sum_ranges
table 1 : explain SELECT SUM(k) FROM sbtest1 WHERE id BETWEEN 8825384 AND 8825483
	Aggregate  (cost=360.69..360.70 rows=1 width=8)
	  ->  Index Scan using sbtest1_pkey on sbtest1  (cost=0.43..360.46 rows=94 width=4)
	        Index Cond: ((id >= 8825384) AND (id <= 8825483))

table 2 : explain SELECT SUM(k) FROM sbtest2 WHERE id BETWEEN 2816118 AND 2816217
	Aggregate  (cost=354.31..354.32 rows=1 width=8)
	  ->  Index Scan using sbtest2_pkey on sbtest2  (cost=0.43..354.08 rows=92 width=4)
	        Index Cond: ((id >= 2816118) AND (id <= 2816217))

table 3 : explain SELECT SUM(k) FROM sbtest3 WHERE id BETWEEN 1121026 AND 1121125
	Aggregate  (cost=375.77..375.78 rows=1 width=8)
	  ->  Index Scan using sbtest3_pkey on sbtest3  (cost=0.43..375.53 rows=98 width=4)
	        Index Cond: ((id >= 1121026) AND (id <= 1121125))

table 4 : explain SELECT SUM(k) FROM sbtest4 WHERE id BETWEEN 7828619 AND 7828718
	Aggregate  (cost=384.46..384.47 rows=1 width=8)
	  ->  Index Scan using sbtest4_pkey on sbtest4  (cost=0.43..384.20 rows=101 width=4)
	        Index Cond: ((id >= 7828619) AND (id <= 7828718))

table 5 : explain SELECT SUM(k) FROM sbtest5 WHERE id BETWEEN 6952816 AND 6952915
	Aggregate  (cost=365.96..365.97 rows=1 width=8)
	  ->  Index Scan using sbtest5_pkey on sbtest5  (cost=0.43..365.72 rows=96 width=4)
	        Index Cond: ((id >= 6952816) AND (id <= 6952915))

table 6 : explain SELECT SUM(k) FROM sbtest6 WHERE id BETWEEN 5500233 AND 5500332
	Aggregate  (cost=370.13..370.14 rows=1 width=8)
	  ->  Index Scan using sbtest6_pkey on sbtest6  (cost=0.43..369.89 rows=97 width=4)
	        Index Cond: ((id >= 5500233) AND (id <= 5500332))

table 7 : explain SELECT SUM(k) FROM sbtest7 WHERE id BETWEEN 7662755 AND 7662854
	Aggregate  (cost=352.48..352.49 rows=1 width=8)
	  ->  Index Scan using sbtest7_pkey on sbtest7  (cost=0.43..352.25 rows=92 width=4)
	        Index Cond: ((id >= 7662755) AND (id <= 7662854))

table 8 : explain SELECT SUM(k) FROM sbtest8 WHERE id BETWEEN 3170543 AND 3170642
	Aggregate  (cost=367.05..367.06 rows=1 width=8)
	  ->  Index Scan using sbtest8_pkey on sbtest8  (cost=0.43..366.81 rows=96 width=4)
	        Index Cond: ((id >= 3170543) AND (id <= 3170642))

explain: for inserts :: explain INSERT INTO sbtest%u (id, k, c, pad) VALUES (%u, 13, 'foobar', 'foobar')
for inserts
table 1 : explain INSERT INTO sbtest1 (id, k, c, pad) VALUES (9248864, 13, 'foobar', 'foobar')
	Insert on sbtest1  (cost=0.00..0.01 rows=1 width=736)
	  ->  Result  (cost=0.00..0.01 rows=1 width=736)

table 2 : explain INSERT INTO sbtest2 (id, k, c, pad) VALUES (3223724, 13, 'foobar', 'foobar')
	Insert on sbtest2  (cost=0.00..0.01 rows=1 width=736)
	  ->  Result  (cost=0.00..0.01 rows=1 width=736)

table 3 : explain INSERT INTO sbtest3 (id, k, c, pad) VALUES (6891367, 13, 'foobar', 'foobar')
	Insert on sbtest3  (cost=0.00..0.01 rows=1 width=736)
	  ->  Result  (cost=0.00..0.01 rows=1 width=736)

table 4 : explain INSERT INTO sbtest4 (id, k, c, pad) VALUES (6385910, 13, 'foobar', 'foobar')
	Insert on sbtest4  (cost=0.00..0.01 rows=1 width=736)
	  ->  Result  (cost=0.00..0.01 rows=1 width=736)

table 5 : explain INSERT INTO sbtest5 (id, k, c, pad) VALUES (3372657, 13, 'foobar', 'foobar')
	Insert on sbtest5  (cost=0.00..0.01 rows=1 width=736)
	  ->  Result  (cost=0.00..0.01 rows=1 width=736)

table 6 : explain INSERT INTO sbtest6 (id, k, c, pad) VALUES (4644534, 13, 'foobar', 'foobar')
	Insert on sbtest6  (cost=0.00..0.01 rows=1 width=736)
	  ->  Result  (cost=0.00..0.01 rows=1 width=736)

table 7 : explain INSERT INTO sbtest7 (id, k, c, pad) VALUES (8545144, 13, 'foobar', 'foobar')
	Insert on sbtest7  (cost=0.00..0.01 rows=1 width=736)
	  ->  Result  (cost=0.00..0.01 rows=1 width=736)

table 8 : explain INSERT INTO sbtest8 (id, k, c, pad) VALUES (6699282, 13, 'foobar', 'foobar')
	Insert on sbtest8  (cost=0.00..0.01 rows=1 width=736)
	  ->  Result  (cost=0.00..0.01 rows=1 width=736)

for: order_ranges
table 1 : explain SELECT c FROM sbtest1 WHERE id BETWEEN 8943549 AND 8943648 ORDER BY c
	Sort  (cost=382.72..382.96 rows=99 width=121)
	  Sort Key: c
	  ->  Index Scan using sbtest1_pkey on sbtest1  (cost=0.43..379.44 rows=99 width=121)
	        Index Cond: ((id >= 8943549) AND (id <= 8943648))

table 2 : explain SELECT c FROM sbtest2 WHERE id BETWEEN 6628575 AND 6628674 ORDER BY c
	Sort  (cost=399.34..399.60 rows=103 width=121)
	  Sort Key: c
	  ->  Index Scan using sbtest2_pkey on sbtest2  (cost=0.43..395.90 rows=103 width=121)
	        Index Cond: ((id >= 6628575) AND (id <= 6628674))

table 3 : explain SELECT c FROM sbtest3 WHERE id BETWEEN 8670430 AND 8670529 ORDER BY c
	Sort  (cost=363.42..363.65 rows=94 width=121)
	  Sort Key: c
	  ->  Index Scan using sbtest3_pkey on sbtest3  (cost=0.43..360.34 rows=94 width=121)
	        Index Cond: ((id >= 8670430) AND (id <= 8670529))

table 4 : explain SELECT c FROM sbtest4 WHERE id BETWEEN 6969524 AND 6969623 ORDER BY c
	Sort  (cost=417.94..418.21 rows=109 width=121)
	  Sort Key: c
	  ->  Index Scan using sbtest4_pkey on sbtest4  (cost=0.43..414.25 rows=109 width=121)
	        Index Cond: ((id >= 6969524) AND (id <= 6969623))

table 5 : explain SELECT c FROM sbtest5 WHERE id BETWEEN 3431882 AND 3431981 ORDER BY c
	Sort  (cost=391.68..391.93 rows=102 width=121)
	  Sort Key: c
	  ->  Index Scan using sbtest5_pkey on sbtest5  (cost=0.43..388.27 rows=102 width=121)
	        Index Cond: ((id >= 3431882) AND (id <= 3431981))

table 6 : explain SELECT c FROM sbtest6 WHERE id BETWEEN 4066994 AND 4067093 ORDER BY c
	Sort  (cost=384.50..384.75 rows=100 width=121)
	  Sort Key: c
	  ->  Index Scan using sbtest6_pkey on sbtest6  (cost=0.43..381.18 rows=100 width=121)
	        Index Cond: ((id >= 4066994) AND (id <= 4067093))

table 7 : explain SELECT c FROM sbtest7 WHERE id BETWEEN 2726359 AND 2726458 ORDER BY c
	Sort  (cost=385.78..386.03 rows=100 width=121)
	  Sort Key: c
	  ->  Index Scan using sbtest7_pkey on sbtest7  (cost=0.43..382.46 rows=100 width=121)
	        Index Cond: ((id >= 2726359) AND (id <= 2726458))

table 8 : explain SELECT c FROM sbtest8 WHERE id BETWEEN 7142035 AND 7142134 ORDER BY c
	Sort  (cost=373.78..374.03 rows=97 width=121)
	  Sort Key: c
	  ->  Index Scan using sbtest8_pkey on sbtest8  (cost=0.43..370.58 rows=97 width=121)
	        Index Cond: ((id >= 7142035) AND (id <= 7142134))

for point_selects
table 1 : explain SELECT c FROM sbtest1 WHERE id=7781281
	Index Scan using sbtest1_pkey on sbtest1  (cost=0.43..8.45 rows=1 width=121)
	  Index Cond: (id = 7781281)

table 2 : explain SELECT c FROM sbtest2 WHERE id=2263722
	Index Scan using sbtest2_pkey on sbtest2  (cost=0.43..8.45 rows=1 width=121)
	  Index Cond: (id = 2263722)

table 3 : explain SELECT c FROM sbtest3 WHERE id=3613134
	Index Scan using sbtest3_pkey on sbtest3  (cost=0.43..8.45 rows=1 width=121)
	  Index Cond: (id = 3613134)

table 4 : explain SELECT c FROM sbtest4 WHERE id=3296413
	Index Scan using sbtest4_pkey on sbtest4  (cost=0.43..8.45 rows=1 width=121)
	  Index Cond: (id = 3296413)

table 5 : explain SELECT c FROM sbtest5 WHERE id=8786975
	Index Scan using sbtest5_pkey on sbtest5  (cost=0.43..8.45 rows=1 width=121)
	  Index Cond: (id = 8786975)

table 6 : explain SELECT c FROM sbtest6 WHERE id=4892385
	Index Scan using sbtest6_pkey on sbtest6  (cost=0.43..8.45 rows=1 width=121)
	  Index Cond: (id = 4892385)

table 7 : explain SELECT c FROM sbtest7 WHERE id=4627370
	Index Scan using sbtest7_pkey on sbtest7  (cost=0.43..8.45 rows=1 width=121)
	  Index Cond: (id = 4627370)

table 8 : explain SELECT c FROM sbtest8 WHERE id=6010164
	Index Scan using sbtest8_pkey on sbtest8  (cost=0.43..8.45 rows=1 width=121)
	  Index Cond: (id = 6010164)

for deletes
table 1 : explain DELETE FROM sbtest1 WHERE id=8081951
	Delete on sbtest1  (cost=0.43..8.45 rows=1 width=6)
	  ->  Index Scan using sbtest1_pkey on sbtest1  (cost=0.43..8.45 rows=1 width=6)
	        Index Cond: (id = 8081951)

table 2 : explain DELETE FROM sbtest2 WHERE id=1459039
	Delete on sbtest2  (cost=0.43..8.45 rows=1 width=6)
	  ->  Index Scan using sbtest2_pkey on sbtest2  (cost=0.43..8.45 rows=1 width=6)
	        Index Cond: (id = 1459039)

table 3 : explain DELETE FROM sbtest3 WHERE id=7445486
	Delete on sbtest3  (cost=0.43..8.45 rows=1 width=6)
	  ->  Index Scan using sbtest3_pkey on sbtest3  (cost=0.43..8.45 rows=1 width=6)
	        Index Cond: (id = 7445486)

table 4 : explain DELETE FROM sbtest4 WHERE id=2228261
	Delete on sbtest4  (cost=0.43..8.45 rows=1 width=6)
	  ->  Index Scan using sbtest4_pkey on sbtest4  (cost=0.43..8.45 rows=1 width=6)
	        Index Cond: (id = 2228261)

table 5 : explain DELETE FROM sbtest5 WHERE id=5964482
	Delete on sbtest5  (cost=0.43..8.45 rows=1 width=6)
	  ->  Index Scan using sbtest5_pkey on sbtest5  (cost=0.43..8.45 rows=1 width=6)
	        Index Cond: (id = 5964482)

table 6 : explain DELETE FROM sbtest6 WHERE id=7535691
	Delete on sbtest6  (cost=0.43..8.45 rows=1 width=6)
	  ->  Index Scan using sbtest6_pkey on sbtest6  (cost=0.43..8.45 rows=1 width=6)
	        Index Cond: (id = 7535691)

table 7 : explain DELETE FROM sbtest7 WHERE id=7531590
	Delete on sbtest7  (cost=0.43..8.45 rows=1 width=6)
	  ->  Index Scan using sbtest7_pkey on sbtest7  (cost=0.43..8.45 rows=1 width=6)
	        Index Cond: (id = 7531590)

table 8 : explain DELETE FROM sbtest8 WHERE id=7537993
	Delete on sbtest8  (cost=0.43..8.45 rows=1 width=6)
	  ->  Index Scan using sbtest8_pkey on sbtest8  (cost=0.43..8.45 rows=1 width=6)
	        Index Cond: (id = 7537993)

for: distinct_ranges
table 1 : explain SELECT DISTINCT c FROM sbtest1 WHERE id BETWEEN 1277377 AND 1277476 ORDER BY c
	Unique  (cost=394.19..394.70 rows=102 width=121)
	  ->  Sort  (cost=394.19..394.44 rows=102 width=121)
	        Sort Key: c
	        ->  Index Scan using sbtest1_pkey on sbtest1  (cost=0.43..390.79 rows=102 width=121)
	              Index Cond: ((id >= 1277377) AND (id <= 1277476))

table 2 : explain SELECT DISTINCT c FROM sbtest2 WHERE id BETWEEN 7816906 AND 7817005 ORDER BY c
	Unique  (cost=368.64..369.12 rows=95 width=121)
	  ->  Sort  (cost=368.64..368.88 rows=95 width=121)
	        Sort Key: c
	        ->  Index Scan using sbtest2_pkey on sbtest2  (cost=0.43..365.52 rows=95 width=121)
	              Index Cond: ((id >= 7816906) AND (id <= 7817005))

table 3 : explain SELECT DISTINCT c FROM sbtest3 WHERE id BETWEEN 1836560 AND 1836659 ORDER BY c
	Unique  (cost=501.19..501.84 rows=130 width=121)
	  ->  Sort  (cost=501.19..501.51 rows=130 width=121)
	        Sort Key: c
	        ->  Index Scan using sbtest3_pkey on sbtest3  (cost=0.43..496.62 rows=130 width=121)
	              Index Cond: ((id >= 1836560) AND (id <= 1836659))

table 4 : explain SELECT DISTINCT c FROM sbtest4 WHERE id BETWEEN 3030003 AND 3030102 ORDER BY c
	Unique  (cost=357.20..357.66 rows=93 width=121)
	  ->  Sort  (cost=357.20..357.43 rows=93 width=121)
	        Sort Key: c
	        ->  Index Scan using sbtest4_pkey on sbtest4  (cost=0.43..354.16 rows=93 width=121)
	              Index Cond: ((id >= 3030003) AND (id <= 3030102))

table 5 : explain SELECT DISTINCT c FROM sbtest5 WHERE id BETWEEN 9150549 AND 9150648 ORDER BY c
	Unique  (cost=365.08..365.56 rows=95 width=121)
	  ->  Sort  (cost=365.08..365.32 rows=95 width=121)
	        Sort Key: c
	        ->  Index Scan using sbtest5_pkey on sbtest5  (cost=0.43..361.96 rows=95 width=121)
	              Index Cond: ((id >= 9150549) AND (id <= 9150648))

table 6 : explain SELECT DISTINCT c FROM sbtest6 WHERE id BETWEEN 643987 AND 644086 ORDER BY c
	Unique  (cost=350.28..350.73 rows=91 width=121)
	  ->  Sort  (cost=350.28..350.50 rows=91 width=121)
	        Sort Key: c
	        ->  Index Scan using sbtest6_pkey on sbtest6  (cost=0.43..347.31 rows=91 width=121)
	              Index Cond: ((id >= 643987) AND (id <= 644086))

table 7 : explain SELECT DISTINCT c FROM sbtest7 WHERE id BETWEEN 5354094 AND 5354193 ORDER BY c
	Unique  (cost=420.13..420.68 rows=109 width=121)
	  ->  Sort  (cost=420.13..420.41 rows=109 width=121)
	        Sort Key: c
	        ->  Index Scan using sbtest7_pkey on sbtest7  (cost=0.43..416.44 rows=109 width=121)
	              Index Cond: ((id >= 5354094) AND (id <= 5354193))

table 8 : explain SELECT DISTINCT c FROM sbtest8 WHERE id BETWEEN 8821700 AND 8821799 ORDER BY c
	Unique  (cost=392.84..393.35 rows=102 width=121)
	  ->  Sort  (cost=392.84..393.09 rows=102 width=121)
	        Sort Key: c
	        ->  Index Scan using sbtest8_pkey on sbtest8  (cost=0.43..389.43 rows=102 width=121)
	              Index Cond: ((id >= 8821700) AND (id <= 8821799))

for: simple_ranges
table 1 : explain SELECT c FROM sbtest1 WHERE id BETWEEN 2285036 AND 2285135
	Index Scan using sbtest1_pkey on sbtest1  (cost=0.43..371.81 rows=97 width=121)
	  Index Cond: ((id >= 2285036) AND (id <= 2285135))

table 2 : explain SELECT c FROM sbtest2 WHERE id BETWEEN 2201323 AND 2201422
	Index Scan using sbtest2_pkey on sbtest2  (cost=0.43..376.91 rows=98 width=121)
	  Index Cond: ((id >= 2201323) AND (id <= 2201422))

table 3 : explain SELECT c FROM sbtest3 WHERE id BETWEEN 601841 AND 601940
	Index Scan using sbtest3_pkey on sbtest3  (cost=0.43..409.57 rows=107 width=121)
	  Index Cond: ((id >= 601841) AND (id <= 601940))

table 4 : explain SELECT c FROM sbtest4 WHERE id BETWEEN 5152125 AND 5152224
	Index Scan using sbtest4_pkey on sbtest4  (cost=0.43..335.32 rows=88 width=121)
	  Index Cond: ((id >= 5152125) AND (id <= 5152224))

table 5 : explain SELECT c FROM sbtest5 WHERE id BETWEEN 1061072 AND 1061171
	Index Scan using sbtest5_pkey on sbtest5  (cost=0.43..403.31 rows=106 width=121)
	  Index Cond: ((id >= 1061072) AND (id <= 1061171))

table 6 : explain SELECT c FROM sbtest6 WHERE id BETWEEN 5251753 AND 5251852
	Index Scan using sbtest6_pkey on sbtest6  (cost=0.43..381.18 rows=100 width=121)
	  Index Cond: ((id >= 5251753) AND (id <= 5251852))

table 7 : explain SELECT c FROM sbtest7 WHERE id BETWEEN 5535774 AND 5535873
	Index Scan using sbtest7_pkey on sbtest7  (cost=0.43..374.91 rows=98 width=121)
	  Index Cond: ((id >= 5535774) AND (id <= 5535873))

table 8 : explain SELECT c FROM sbtest8 WHERE id BETWEEN 5977978 AND 5978077
	Index Scan using sbtest8_pkey on sbtest8  (cost=0.43..393.21 rows=103 width=121)
	  Index Cond: ((id >= 5977978) AND (id <= 5978077))

explain: for inserts :: explain INSERT INTO sbtest%u (id, k, c, pad) VALUES (%u, 13, 'foobar', 'foobar')
for index_updates
table 1 : explain UPDATE sbtest1 SET k=k+1 WHERE id=5824360
	Update on sbtest1  (cost=0.43..8.46 rows=1 width=196)
	  ->  Index Scan using sbtest1_pkey on sbtest1  (cost=0.43..8.46 rows=1 width=196)
	        Index Cond: (id = 5824360)

table 2 : explain UPDATE sbtest2 SET k=k+1 WHERE id=9883976
	Update on sbtest2  (cost=0.43..8.46 rows=1 width=196)
	  ->  Index Scan using sbtest2_pkey on sbtest2  (cost=0.43..8.46 rows=1 width=196)
	        Index Cond: (id = 9883976)

table 3 : explain UPDATE sbtest3 SET k=k+1 WHERE id=1399422
	Update on sbtest3  (cost=0.43..8.46 rows=1 width=196)
	  ->  Index Scan using sbtest3_pkey on sbtest3  (cost=0.43..8.46 rows=1 width=196)
	        Index Cond: (id = 1399422)

table 4 : explain UPDATE sbtest4 SET k=k+1 WHERE id=3031346
	Update on sbtest4  (cost=0.43..8.46 rows=1 width=196)
	  ->  Index Scan using sbtest4_pkey on sbtest4  (cost=0.43..8.46 rows=1 width=196)
	        Index Cond: (id = 3031346)

table 5 : explain UPDATE sbtest5 SET k=k+1 WHERE id=591282
	Update on sbtest5  (cost=0.43..8.46 rows=1 width=196)
	  ->  Index Scan using sbtest5_pkey on sbtest5  (cost=0.43..8.46 rows=1 width=196)
	        Index Cond: (id = 591282)

table 6 : explain UPDATE sbtest6 SET k=k+1 WHERE id=3561435
	Update on sbtest6  (cost=0.43..8.46 rows=1 width=196)
	  ->  Index Scan using sbtest6_pkey on sbtest6  (cost=0.43..8.46 rows=1 width=196)
	        Index Cond: (id = 3561435)

table 7 : explain UPDATE sbtest7 SET k=k+1 WHERE id=260583
	Update on sbtest7  (cost=0.43..8.46 rows=1 width=196)
	  ->  Index Scan using sbtest7_pkey on sbtest7  (cost=0.43..8.46 rows=1 width=196)
	        Index Cond: (id = 260583)

table 8 : explain UPDATE sbtest8 SET k=k+1 WHERE id=721071
	Update on sbtest8  (cost=0.43..8.46 rows=1 width=196)
	  ->  Index Scan using sbtest8_pkey on sbtest8  (cost=0.43..8.46 rows=1 width=196)
	        Index Cond: (id = 721071)

explain: for index_updates :: explain UPDATE sbtest%u SET k=k+1 WHERE id=%u
for inserts
table 1 : explain INSERT INTO sbtest1 (id, k, c, pad) VALUES (3326397, 13, 'foobar', 'foobar')
	Insert on sbtest1  (cost=0.00..0.01 rows=1 width=736)
	  ->  Result  (cost=0.00..0.01 rows=1 width=736)

table 2 : explain INSERT INTO sbtest2 (id, k, c, pad) VALUES (7308013, 13, 'foobar', 'foobar')
	Insert on sbtest2  (cost=0.00..0.01 rows=1 width=736)
	  ->  Result  (cost=0.00..0.01 rows=1 width=736)

table 3 : explain INSERT INTO sbtest3 (id, k, c, pad) VALUES (4525931, 13, 'foobar', 'foobar')
	Insert on sbtest3  (cost=0.00..0.01 rows=1 width=736)
	  ->  Result  (cost=0.00..0.01 rows=1 width=736)

table 4 : explain INSERT INTO sbtest4 (id, k, c, pad) VALUES (6410799, 13, 'foobar', 'foobar')
	Insert on sbtest4  (cost=0.00..0.01 rows=1 width=736)
	  ->  Result  (cost=0.00..0.01 rows=1 width=736)

table 5 : explain INSERT INTO sbtest5 (id, k, c, pad) VALUES (6414746, 13, 'foobar', 'foobar')
	Insert on sbtest5  (cost=0.00..0.01 rows=1 width=736)
	  ->  Result  (cost=0.00..0.01 rows=1 width=736)

table 6 : explain INSERT INTO sbtest6 (id, k, c, pad) VALUES (3583574, 13, 'foobar', 'foobar')
	Insert on sbtest6  (cost=0.00..0.01 rows=1 width=736)
	  ->  Result  (cost=0.00..0.01 rows=1 width=736)

table 7 : explain INSERT INTO sbtest7 (id, k, c, pad) VALUES (4764042, 13, 'foobar', 'foobar')
	Insert on sbtest7  (cost=0.00..0.01 rows=1 width=736)
	  ->  Result  (cost=0.00..0.01 rows=1 width=736)

table 8 : explain INSERT INTO sbtest8 (id, k, c, pad) VALUES (3097365, 13, 'foobar', 'foobar')
	Insert on sbtest8  (cost=0.00..0.01 rows=1 width=736)
	  ->  Result  (cost=0.00..0.01 rows=1 width=736)

explain: for non_index_updates :: explain UPDATE sbtest%u SET c='foobar' WHERE id=%u
for index_updates
table 1 : explain UPDATE sbtest1 SET k=k+1 WHERE id=6533134
	Update on sbtest1  (cost=0.43..8.46 rows=1 width=196)
	  ->  Index Scan using sbtest1_pkey on sbtest1  (cost=0.43..8.46 rows=1 width=196)
	        Index Cond: (id = 6533134)

table 2 : explain UPDATE sbtest2 SET k=k+1 WHERE id=9667345
	Update on sbtest2  (cost=0.43..8.46 rows=1 width=196)
	  ->  Index Scan using sbtest2_pkey on sbtest2  (cost=0.43..8.46 rows=1 width=196)
	        Index Cond: (id = 9667345)

table 3 : explain UPDATE sbtest3 SET k=k+1 WHERE id=5944759
	Update on sbtest3  (cost=0.43..8.46 rows=1 width=196)
	  ->  Index Scan using sbtest3_pkey on sbtest3  (cost=0.43..8.46 rows=1 width=196)
	        Index Cond: (id = 5944759)

table 4 : explain UPDATE sbtest4 SET k=k+1 WHERE id=9244538
	Update on sbtest4  (cost=0.43..8.46 rows=1 width=196)
	  ->  Index Scan using sbtest4_pkey on sbtest4  (cost=0.43..8.46 rows=1 width=196)
	        Index Cond: (id = 9244538)

table 5 : explain UPDATE sbtest5 SET k=k+1 WHERE id=8339292
	Update on sbtest5  (cost=0.43..8.46 rows=1 width=196)
	  ->  Index Scan using sbtest5_pkey on sbtest5  (cost=0.43..8.46 rows=1 width=196)
	        Index Cond: (id = 8339292)

table 6 : explain UPDATE sbtest6 SET k=k+1 WHERE id=6471021
	Update on sbtest6  (cost=0.43..8.46 rows=1 width=196)
	  ->  Index Scan using sbtest6_pkey on sbtest6  (cost=0.43..8.46 rows=1 width=196)
	        Index Cond: (id = 6471021)

table 7 : explain UPDATE sbtest7 SET k=k+1 WHERE id=3459196
	Update on sbtest7  (cost=0.43..8.46 rows=1 width=196)
	  ->  Index Scan using sbtest7_pkey on sbtest7  (cost=0.43..8.46 rows=1 width=196)
	        Index Cond: (id = 3459196)

table 8 : explain UPDATE sbtest8 SET k=k+1 WHERE id=1167451
	Update on sbtest8  (cost=0.43..8.46 rows=1 width=196)
	  ->  Index Scan using sbtest8_pkey on sbtest8  (cost=0.43..8.46 rows=1 width=196)
	        Index Cond: (id = 1167451)

for non_index_updates
table 1 : explain UPDATE sbtest1 SET c='foobar' WHERE id=8069609
	Update on sbtest1  (cost=0.43..8.45 rows=1 width=559)
	  ->  Index Scan using sbtest1_pkey on sbtest1  (cost=0.43..8.45 rows=1 width=559)
	        Index Cond: (id = 8069609)

table 2 : explain UPDATE sbtest2 SET c='foobar' WHERE id=5146825
	Update on sbtest2  (cost=0.43..8.45 rows=1 width=559)
	  ->  Index Scan using sbtest2_pkey on sbtest2  (cost=0.43..8.45 rows=1 width=559)
	        Index Cond: (id = 5146825)

table 3 : explain UPDATE sbtest3 SET c='foobar' WHERE id=6394946
	Update on sbtest3  (cost=0.43..8.45 rows=1 width=559)
	  ->  Index Scan using sbtest3_pkey on sbtest3  (cost=0.43..8.45 rows=1 width=559)
	        Index Cond: (id = 6394946)

table 4 : explain UPDATE sbtest4 SET c='foobar' WHERE id=1975474
	Update on sbtest4  (cost=0.43..8.45 rows=1 width=559)
	  ->  Index Scan using sbtest4_pkey on sbtest4  (cost=0.43..8.45 rows=1 width=559)
	        Index Cond: (id = 1975474)

table 5 : explain UPDATE sbtest5 SET c='foobar' WHERE id=4811450
	Update on sbtest5  (cost=0.43..8.45 rows=1 width=559)
	  ->  Index Scan using sbtest5_pkey on sbtest5  (cost=0.43..8.45 rows=1 width=559)
	        Index Cond: (id = 4811450)

table 6 : explain UPDATE sbtest6 SET c='foobar' WHERE id=2487769
	Update on sbtest6  (cost=0.43..8.45 rows=1 width=559)
	  ->  Index Scan using sbtest6_pkey on sbtest6  (cost=0.43..8.45 rows=1 width=559)
	        Index Cond: (id = 2487769)

table 7 : explain UPDATE sbtest7 SET c='foobar' WHERE id=1522303
	Update on sbtest7  (cost=0.43..8.45 rows=1 width=559)
	  ->  Index Scan using sbtest7_pkey on sbtest7  (cost=0.43..8.45 rows=1 width=559)
	        Index Cond: (id = 1522303)

table 8 : explain UPDATE sbtest8 SET c='foobar' WHERE id=1531528
	Update on sbtest8  (cost=0.43..8.45 rows=1 width=559)
	  ->  Index Scan using sbtest8_pkey on sbtest8  (cost=0.43..8.45 rows=1 width=559)
	        Index Cond: (id = 1531528)

for: sum_ranges
table 1 : explain SELECT SUM(k) FROM sbtest1 WHERE id BETWEEN 9127196 AND 9127295
	Aggregate  (cost=421.33..421.34 rows=1 width=8)
	  ->  Index Scan using sbtest1_pkey on sbtest1  (cost=0.43..421.06 rows=110 width=4)
	        Index Cond: ((id >= 9127196) AND (id <= 9127295))

table 2 : explain SELECT SUM(k) FROM sbtest2 WHERE id BETWEEN 1867381 AND 1867480
	Aggregate  (cost=369.56..369.57 rows=1 width=8)
	  ->  Index Scan using sbtest2_pkey on sbtest2  (cost=0.43..369.32 rows=96 width=4)
	        Index Cond: ((id >= 1867381) AND (id <= 1867480))

table 3 : explain SELECT SUM(k) FROM sbtest3 WHERE id BETWEEN 5693276 AND 5693375
	Aggregate  (cost=379.56..379.57 rows=1 width=8)
	  ->  Index Scan using sbtest3_pkey on sbtest3  (cost=0.43..379.31 rows=99 width=4)
	        Index Cond: ((id >= 5693276) AND (id <= 5693375))

table 4 : explain SELECT SUM(k) FROM sbtest4 WHERE id BETWEEN 2975351 AND 2975450
	Aggregate  (cost=403.25..403.26 rows=1 width=8)
	  ->  Index Scan using sbtest4_pkey on sbtest4  (cost=0.43..402.98 rows=106 width=4)
	        Index Cond: ((id >= 2975351) AND (id <= 2975450))

table 5 : explain SELECT SUM(k) FROM sbtest5 WHERE id BETWEEN 4423432 AND 4423531
	Aggregate  (cost=369.72..369.73 rows=1 width=8)
	  ->  Index Scan using sbtest5_pkey on sbtest5  (cost=0.43..369.48 rows=97 width=4)
	        Index Cond: ((id >= 4423432) AND (id <= 4423531))

table 6 : explain SELECT SUM(k) FROM sbtest6 WHERE id BETWEEN 7890132 AND 7890231
	Aggregate  (cost=358.84..358.85 rows=1 width=8)
	  ->  Index Scan using sbtest6_pkey on sbtest6  (cost=0.43..358.60 rows=94 width=4)
	        Index Cond: ((id >= 7890132) AND (id <= 7890231))

table 7 : explain SELECT SUM(k) FROM sbtest7 WHERE id BETWEEN 6360438 AND 6360537
	Aggregate  (cost=382.71..382.72 rows=1 width=8)
	  ->  Index Scan using sbtest7_pkey on sbtest7  (cost=0.43..382.46 rows=100 width=4)
	        Index Cond: ((id >= 6360438) AND (id <= 6360537))

table 8 : explain SELECT SUM(k) FROM sbtest8 WHERE id BETWEEN 5925869 AND 5925968
	Aggregate  (cost=393.46..393.47 rows=1 width=8)
	  ->  Index Scan using sbtest8_pkey on sbtest8  (cost=0.43..393.21 rows=103 width=4)
	        Index Cond: ((id >= 5925869) AND (id <= 5925968))

explain: for deletes :: explain DELETE FROM sbtest%u WHERE id=%u
explain: for non_index_updates :: explain UPDATE sbtest%u SET c='foobar' WHERE id=%u
for deletes
table 1 : explain DELETE FROM sbtest1 WHERE id=9529498
	Delete on sbtest1  (cost=0.43..8.45 rows=1 width=6)
	  ->  Index Scan using sbtest1_pkey on sbtest1  (cost=0.43..8.45 rows=1 width=6)
	        Index Cond: (id = 9529498)

table 2 : explain DELETE FROM sbtest2 WHERE id=2874084
	Delete on sbtest2  (cost=0.43..8.45 rows=1 width=6)
	  ->  Index Scan using sbtest2_pkey on sbtest2  (cost=0.43..8.45 rows=1 width=6)
	        Index Cond: (id = 2874084)

table 3 : explain DELETE FROM sbtest3 WHERE id=950688
	Delete on sbtest3  (cost=0.43..8.45 rows=1 width=6)
	  ->  Index Scan using sbtest3_pkey on sbtest3  (cost=0.43..8.45 rows=1 width=6)
	        Index Cond: (id = 950688)

table 4 : explain DELETE FROM sbtest4 WHERE id=1672569
	Delete on sbtest4  (cost=0.43..8.45 rows=1 width=6)
	  ->  Index Scan using sbtest4_pkey on sbtest4  (cost=0.43..8.45 rows=1 width=6)
	        Index Cond: (id = 1672569)

table 5 : explain DELETE FROM sbtest5 WHERE id=1077335
	Delete on sbtest5  (cost=0.43..8.45 rows=1 width=6)
	  ->  Index Scan using sbtest5_pkey on sbtest5  (cost=0.43..8.45 rows=1 width=6)
	        Index Cond: (id = 1077335)

table 6 : explain DELETE FROM sbtest6 WHERE id=5860216
	Delete on sbtest6  (cost=0.43..8.45 rows=1 width=6)
	  ->  Index Scan using sbtest6_pkey on sbtest6  (cost=0.43..8.45 rows=1 width=6)
	        Index Cond: (id = 5860216)

table 7 : explain DELETE FROM sbtest7 WHERE id=7176021
	Delete on sbtest7  (cost=0.43..8.45 rows=1 width=6)
	  ->  Index Scan using sbtest7_pkey on sbtest7  (cost=0.43..8.45 rows=1 width=6)
	        Index Cond: (id = 7176021)

table 8 : explain DELETE FROM sbtest8 WHERE id=3275579
	Delete on sbtest8  (cost=0.43..8.45 rows=1 width=6)
	  ->  Index Scan using sbtest8_pkey on sbtest8  (cost=0.43..8.45 rows=1 width=6)
	        Index Cond: (id = 3275579)

for non_index_updates
table 1 : explain UPDATE sbtest1 SET c='foobar' WHERE id=8432189
	Update on sbtest1  (cost=0.43..8.45 rows=1 width=559)
	  ->  Index Scan using sbtest1_pkey on sbtest1  (cost=0.43..8.45 rows=1 width=559)
	        Index Cond: (id = 8432189)

table 2 : explain UPDATE sbtest2 SET c='foobar' WHERE id=7529033
	Update on sbtest2  (cost=0.43..8.45 rows=1 width=559)
	  ->  Index Scan using sbtest2_pkey on sbtest2  (cost=0.43..8.45 rows=1 width=559)
	        Index Cond: (id = 7529033)

table 3 : explain UPDATE sbtest3 SET c='foobar' WHERE id=6234703
	Update on sbtest3  (cost=0.43..8.45 rows=1 width=559)
	  ->  Index Scan using sbtest3_pkey on sbtest3  (cost=0.43..8.45 rows=1 width=559)
	        Index Cond: (id = 6234703)

table 4 : explain UPDATE sbtest4 SET c='foobar' WHERE id=2739329
	Update on sbtest4  (cost=0.43..8.45 rows=1 width=559)
	  ->  Index Scan using sbtest4_pkey on sbtest4  (cost=0.43..8.45 rows=1 width=559)
	        Index Cond: (id = 2739329)

table 5 : explain UPDATE sbtest5 SET c='foobar' WHERE id=8337381
	Update on sbtest5  (cost=0.43..8.45 rows=1 width=559)
	  ->  Index Scan using sbtest5_pkey on sbtest5  (cost=0.43..8.45 rows=1 width=559)
	        Index Cond: (id = 8337381)

table 6 : explain UPDATE sbtest6 SET c='foobar' WHERE id=6997542
	Update on sbtest6  (cost=0.43..8.45 rows=1 width=559)
	  ->  Index Scan using sbtest6_pkey on sbtest6  (cost=0.43..8.45 rows=1 width=559)
	        Index Cond: (id = 6997542)

table 7 : explain UPDATE sbtest7 SET c='foobar' WHERE id=4959581
	Update on sbtest7  (cost=0.43..8.45 rows=1 width=559)
	  ->  Index Scan using sbtest7_pkey on sbtest7  (cost=0.43..8.45 rows=1 width=559)
	        Index Cond: (id = 4959581)

table 8 : explain UPDATE sbtest8 SET c='foobar' WHERE id=8772351
	Update on sbtest8  (cost=0.43..8.45 rows=1 width=559)
	  ->  Index Scan using sbtest8_pkey on sbtest8  (cost=0.43..8.45 rows=1 width=559)
	        Index Cond: (id = 8772351)

explain: for deletes :: explain DELETE FROM sbtest%u WHERE id=%u
explain: for inserts :: explain INSERT INTO sbtest%u (id, k, c, pad) VALUES (%u, 13, 'foobar', 'foobar')
for: order_ranges
table 1 : explain SELECT c FROM sbtest1 WHERE id BETWEEN 7650597 AND 7650696 ORDER BY c
	Sort  (cost=398.01..398.27 rows=103 width=121)
	  Sort Key: c
	  ->  Index Scan using sbtest1_pkey on sbtest1  (cost=0.43..394.57 rows=103 width=121)
	        Index Cond: ((id >= 7650597) AND (id <= 7650696))

table 2 : explain SELECT c FROM sbtest2 WHERE id BETWEEN 410111 AND 410210 ORDER BY c
	Sort  (cost=383.99..384.24 rows=99 width=121)
	  Sort Key: c
	  ->  Index Scan using sbtest2_pkey on sbtest2  (cost=0.43..380.71 rows=99 width=121)
	        Index Cond: ((id >= 410111) AND (id <= 410210))

table 3 : explain SELECT c FROM sbtest3 WHERE id BETWEEN 6327164 AND 6327263 ORDER BY c
	Sort  (cost=332.84..333.06 rows=86 width=121)
	  Sort Key: c
	  ->  Index Scan using sbtest3_pkey on sbtest3  (cost=0.43..330.08 rows=86 width=121)
	        Index Cond: ((id >= 6327164) AND (id <= 6327263))

table 4 : explain SELECT c FROM sbtest4 WHERE id BETWEEN 3304096 AND 3304195 ORDER BY c
	Sort  (cost=357.20..357.43 rows=93 width=121)
	  Sort Key: c
	  ->  Index Scan using sbtest4_pkey on sbtest4  (cost=0.43..354.16 rows=93 width=121)
	        Index Cond: ((id >= 3304096) AND (id <= 3304195))

table 5 : explain SELECT c FROM sbtest5 WHERE id BETWEEN 6683684 AND 6683783 ORDER BY c
	Sort  (cost=361.28..361.52 rows=94 width=121)
	  Sort Key: c
	  ->  Index Scan using sbtest5_pkey on sbtest5  (cost=0.43..358.20 rows=94 width=121)
	        Index Cond: ((id >= 6683684) AND (id <= 6683783))

table 6 : explain SELECT c FROM sbtest6 WHERE id BETWEEN 4335189 AND 4335288 ORDER BY c
	Sort  (cost=411.13..411.40 rows=107 width=121)
	  Sort Key: c
	  ->  Index Scan using sbtest6_pkey on sbtest6  (cost=0.43..407.52 rows=107 width=121)
	        Index Cond: ((id >= 4335189) AND (id <= 4335288))

table 7 : explain SELECT c FROM sbtest7 WHERE id BETWEEN 45577 AND 45676 ORDER BY c
	Sort  (cost=359.07..359.30 rows=93 width=121)
	  Sort Key: c
	  ->  Index Scan using sbtest7_pkey on sbtest7  (cost=0.43..356.03 rows=93 width=121)
	        Index Cond: ((id >= 45577) AND (id <= 45676))

table 8 : explain SELECT c FROM sbtest8 WHERE id BETWEEN 6169968 AND 6170067 ORDER BY c
	Sort  (cost=392.84..393.09 rows=102 width=121)
	  Sort Key: c
	  ->  Index Scan using sbtest8_pkey on sbtest8  (cost=0.43..389.43 rows=102 width=121)
	        Index Cond: ((id >= 6169968) AND (id <= 6170067))

for deletes
table 1 : explain DELETE FROM sbtest1 WHERE id=3414235
	Delete on sbtest1  (cost=0.43..8.45 rows=1 width=6)
	  ->  Index Scan using sbtest1_pkey on sbtest1  (cost=0.43..8.45 rows=1 width=6)
	        Index Cond: (id = 3414235)

table 2 : explain DELETE FROM sbtest2 WHERE id=6869690
	Delete on sbtest2  (cost=0.43..8.45 rows=1 width=6)
	  ->  Index Scan using sbtest2_pkey on sbtest2  (cost=0.43..8.45 rows=1 width=6)
	        Index Cond: (id = 6869690)

table 3 : explain DELETE FROM sbtest3 WHERE id=4542461
	Delete on sbtest3  (cost=0.43..8.45 rows=1 width=6)
	  ->  Index Scan using sbtest3_pkey on sbtest3  (cost=0.43..8.45 rows=1 width=6)
	        Index Cond: (id = 4542461)

table 4 : explain DELETE FROM sbtest4 WHERE id=5649215
	Delete on sbtest4  (cost=0.43..8.45 rows=1 width=6)
	  ->  Index Scan using sbtest4_pkey on sbtest4  (cost=0.43..8.45 rows=1 width=6)
	        Index Cond: (id = 5649215)

table 5 : explain DELETE FROM sbtest5 WHERE id=8539523
	Delete on sbtest5  (cost=0.43..8.45 rows=1 width=6)
	  ->  Index Scan using sbtest5_pkey on sbtest5  (cost=0.43..8.45 rows=1 width=6)
	        Index Cond: (id = 8539523)

table 6 : explain DELETE FROM sbtest6 WHERE id=7637360
	Delete on sbtest6  (cost=0.43..8.45 rows=1 width=6)
	  ->  Index Scan using sbtest6_pkey on sbtest6  (cost=0.43..8.45 rows=1 width=6)
	        Index Cond: (id = 7637360)

table 7 : explain DELETE FROM sbtest7 WHERE id=970318
	Delete on sbtest7  (cost=0.43..8.45 rows=1 width=6)
	  ->  Index Scan using sbtest7_pkey on sbtest7  (cost=0.43..8.45 rows=1 width=6)
	        Index Cond: (id = 970318)

table 8 : explain DELETE FROM sbtest8 WHERE id=2058011
	Delete on sbtest8  (cost=0.43..8.45 rows=1 width=6)
	  ->  Index Scan using sbtest8_pkey on sbtest8  (cost=0.43..8.45 rows=1 width=6)
	        Index Cond: (id = 2058011)

for inserts
table 1 : explain INSERT INTO sbtest1 (id, k, c, pad) VALUES (6662183, 13, 'foobar', 'foobar')
	Insert on sbtest1  (cost=0.00..0.01 rows=1 width=736)
	  ->  Result  (cost=0.00..0.01 rows=1 width=736)

table 2 : explain INSERT INTO sbtest2 (id, k, c, pad) VALUES (8527941, 13, 'foobar', 'foobar')
	Insert on sbtest2  (cost=0.00..0.01 rows=1 width=736)
	  ->  Result  (cost=0.00..0.01 rows=1 width=736)

table 3 : explain INSERT INTO sbtest3 (id, k, c, pad) VALUES (8031503, 13, 'foobar', 'foobar')
	Insert on sbtest3  (cost=0.00..0.01 rows=1 width=736)
	  ->  Result  (cost=0.00..0.01 rows=1 width=736)

table 4 : explain INSERT INTO sbtest4 (id, k, c, pad) VALUES (8107324, 13, 'foobar', 'foobar')
	Insert on sbtest4  (cost=0.00..0.01 rows=1 width=736)
	  ->  Result  (cost=0.00..0.01 rows=1 width=736)

table 5 : explain INSERT INTO sbtest5 (id, k, c, pad) VALUES (8428035, 13, 'foobar', 'foobar')
	Insert on sbtest5  (cost=0.00..0.01 rows=1 width=736)
	  ->  Result  (cost=0.00..0.01 rows=1 width=736)

table 6 : explain INSERT INTO sbtest6 (id, k, c, pad) VALUES (5718287, 13, 'foobar', 'foobar')
	Insert on sbtest6  (cost=0.00..0.01 rows=1 width=736)
	  ->  Result  (cost=0.00..0.01 rows=1 width=736)

table 7 : explain INSERT INTO sbtest7 (id, k, c, pad) VALUES (9461920, 13, 'foobar', 'foobar')
	Insert on sbtest7  (cost=0.00..0.01 rows=1 width=736)
	  ->  Result  (cost=0.00..0.01 rows=1 width=736)

table 8 : explain INSERT INTO sbtest8 (id, k, c, pad) VALUES (2246394, 13, 'foobar', 'foobar')
	Insert on sbtest8  (cost=0.00..0.01 rows=1 width=736)
	  ->  Result  (cost=0.00..0.01 rows=1 width=736)

explain: for inserts :: explain INSERT INTO sbtest%u (id, k, c, pad) VALUES (%u, 13, 'foobar', 'foobar')
for: distinct_ranges
table 1 : explain SELECT DISTINCT c FROM sbtest1 WHERE id BETWEEN 6903887 AND 6903986 ORDER BY c
	Unique  (cost=359.72..360.18 rows=93 width=121)
	  ->  Sort  (cost=359.72..359.95 rows=93 width=121)
	        Sort Key: c
	        ->  Index Scan using sbtest1_pkey on sbtest1  (cost=0.43..356.67 rows=93 width=121)
	              Index Cond: ((id >= 6903887) AND (id <= 6903986))

table 2 : explain SELECT DISTINCT c FROM sbtest2 WHERE id BETWEEN 3277148 AND 3277247 ORDER BY c
	Unique  (cost=407.02..407.54 rows=105 width=121)
	  ->  Sort  (cost=407.02..407.28 rows=105 width=121)
	        Sort Key: c
	        ->  Index Scan using sbtest2_pkey on sbtest2  (cost=0.43..403.49 rows=105 width=121)
	              Index Cond: ((id >= 3277148) AND (id <= 3277247))

table 3 : explain SELECT DISTINCT c FROM sbtest3 WHERE id BETWEEN 1035592 AND 1035691 ORDER BY c
	Unique  (cost=371.12..371.60 rows=96 width=121)
	  ->  Sort  (cost=371.12..371.36 rows=96 width=121)
	        Sort Key: c
	        ->  Index Scan using sbtest3_pkey on sbtest3  (cost=0.43..367.96 rows=96 width=121)
	              Index Cond: ((id >= 1035592) AND (id <= 1035691))

table 4 : explain SELECT DISTINCT c FROM sbtest4 WHERE id BETWEEN 1037821 AND 1037920 ORDER BY c
	Unique  (cost=402.75..403.27 rows=105 width=121)
	  ->  Sort  (cost=402.75..403.01 rows=105 width=121)
	        Sort Key: c
	        ->  Index Scan using sbtest4_pkey on sbtest4  (cost=0.43..399.22 rows=105 width=121)
	              Index Cond: ((id >= 1037821) AND (id <= 1037920))

table 5 : explain SELECT DISTINCT c FROM sbtest5 WHERE id BETWEEN 9985678 AND 9985777 ORDER BY c
	Unique  (cost=361.28..361.75 rows=94 width=121)
	  ->  Sort  (cost=361.28..361.52 rows=94 width=121)
	        Sort Key: c
	        ->  Index Scan using sbtest5_pkey on sbtest5  (cost=0.43..358.20 rows=94 width=121)
	              Index Cond: ((id >= 9985678) AND (id <= 9985777))

table 6 : explain SELECT DISTINCT c FROM sbtest6 WHERE id BETWEEN 3305554 AND 3305653 ORDER BY c
	Unique  (cost=392.11..392.62 rows=102 width=121)
	  ->  Sort  (cost=392.11..392.36 rows=102 width=121)
	        Sort Key: c
	        ->  Index Scan using sbtest6_pkey on sbtest6  (cost=0.43..388.71 rows=102 width=121)
	              Index Cond: ((id >= 3305554) AND (id <= 3305653))

table 7 : explain SELECT DISTINCT c FROM sbtest7 WHERE id BETWEEN 2228174 AND 2228273 ORDER BY c
	Unique  (cost=370.52..371.00 rows=96 width=121)
	  ->  Sort  (cost=370.52..370.76 rows=96 width=121)
	        Sort Key: c
	        ->  Index Scan using sbtest7_pkey on sbtest7  (cost=0.43..367.36 rows=96 width=121)
	              Index Cond: ((id >= 2228174) AND (id <= 2228273))

table 8 : explain SELECT DISTINCT c FROM sbtest8 WHERE id BETWEEN 8488077 AND 8488176 ORDER BY c
	Unique  (cost=385.22..385.72 rows=100 width=121)
	  ->  Sort  (cost=385.22..385.47 rows=100 width=121)
	        Sort Key: c
	        ->  Index Scan using sbtest8_pkey on sbtest8  (cost=0.43..381.89 rows=100 width=121)
	              Index Cond: ((id >= 8488077) AND (id <= 8488176))

for inserts
table 1 : explain INSERT INTO sbtest1 (id, k, c, pad) VALUES (4286951, 13, 'foobar', 'foobar')
	Insert on sbtest1  (cost=0.00..0.01 rows=1 width=736)
	  ->  Result  (cost=0.00..0.01 rows=1 width=736)

table 2 : explain INSERT INTO sbtest2 (id, k, c, pad) VALUES (934414, 13, 'foobar', 'foobar')
	Insert on sbtest2  (cost=0.00..0.01 rows=1 width=736)
	  ->  Result  (cost=0.00..0.01 rows=1 width=736)

table 3 : explain INSERT INTO sbtest3 (id, k, c, pad) VALUES (5745427, 13, 'foobar', 'foobar')
	Insert on sbtest3  (cost=0.00..0.01 rows=1 width=736)
	  ->  Result  (cost=0.00..0.01 rows=1 width=736)

table 4 : explain INSERT INTO sbtest4 (id, k, c, pad) VALUES (3560824, 13, 'foobar', 'foobar')
	Insert on sbtest4  (cost=0.00..0.01 rows=1 width=736)
	  ->  Result  (cost=0.00..0.01 rows=1 width=736)

table 5 : explain INSERT INTO sbtest5 (id, k, c, pad) VALUES (5153208, 13, 'foobar', 'foobar')
	Insert on sbtest5  (cost=0.00..0.01 rows=1 width=736)
	  ->  Result  (cost=0.00..0.01 rows=1 width=736)

table 6 : explain INSERT INTO sbtest6 (id, k, c, pad) VALUES (2791614, 13, 'foobar', 'foobar')
	Insert on sbtest6  (cost=0.00..0.01 rows=1 width=736)
	  ->  Result  (cost=0.00..0.01 rows=1 width=736)

table 7 : explain INSERT INTO sbtest7 (id, k, c, pad) VALUES (1310506, 13, 'foobar', 'foobar')
	Insert on sbtest7  (cost=0.00..0.01 rows=1 width=736)
	  ->  Result  (cost=0.00..0.01 rows=1 width=736)

table 8 : explain INSERT INTO sbtest8 (id, k, c, pad) VALUES (6653715, 13, 'foobar', 'foobar')
	Insert on sbtest8  (cost=0.00..0.01 rows=1 width=736)
	  ->  Result  (cost=0.00..0.01 rows=1 width=736)

explain: for index_updates :: explain UPDATE sbtest%u SET k=k+1 WHERE id=%u
for index_updates
table 1 : explain UPDATE sbtest1 SET k=k+1 WHERE id=1392255
	Update on sbtest1  (cost=0.43..8.46 rows=1 width=196)
	  ->  Index Scan using sbtest1_pkey on sbtest1  (cost=0.43..8.46 rows=1 width=196)
	        Index Cond: (id = 1392255)

table 2 : explain UPDATE sbtest2 SET k=k+1 WHERE id=4623974
	Update on sbtest2  (cost=0.43..8.46 rows=1 width=196)
	  ->  Index Scan using sbtest2_pkey on sbtest2  (cost=0.43..8.46 rows=1 width=196)
	        Index Cond: (id = 4623974)

table 3 : explain UPDATE sbtest3 SET k=k+1 WHERE id=9987
	Update on sbtest3  (cost=0.43..8.46 rows=1 width=196)
	  ->  Index Scan using sbtest3_pkey on sbtest3  (cost=0.43..8.46 rows=1 width=196)
	        Index Cond: (id = 9987)

table 4 : explain UPDATE sbtest4 SET k=k+1 WHERE id=5397511
	Update on sbtest4  (cost=0.43..8.46 rows=1 width=196)
	  ->  Index Scan using sbtest4_pkey on sbtest4  (cost=0.43..8.46 rows=1 width=196)
	        Index Cond: (id = 5397511)

table 5 : explain UPDATE sbtest5 SET k=k+1 WHERE id=3620584
	Update on sbtest5  (cost=0.43..8.46 rows=1 width=196)
	  ->  Index Scan using sbtest5_pkey on sbtest5  (cost=0.43..8.46 rows=1 width=196)
	        Index Cond: (id = 3620584)

table 6 : explain UPDATE sbtest6 SET k=k+1 WHERE id=4801606
	Update on sbtest6  (cost=0.43..8.46 rows=1 width=196)
	  ->  Index Scan using sbtest6_pkey on sbtest6  (cost=0.43..8.46 rows=1 width=196)
	        Index Cond: (id = 4801606)

table 7 : explain UPDATE sbtest7 SET k=k+1 WHERE id=4173384
	Update on sbtest7  (cost=0.43..8.46 rows=1 width=196)
	  ->  Index Scan using sbtest7_pkey on sbtest7  (cost=0.43..8.46 rows=1 width=196)
	        Index Cond: (id = 4173384)

table 8 : explain UPDATE sbtest8 SET k=k+1 WHERE id=3531085
	Update on sbtest8  (cost=0.43..8.46 rows=1 width=196)
	  ->  Index Scan using sbtest8_pkey on sbtest8  (cost=0.43..8.46 rows=1 width=196)
	        Index Cond: (id = 3531085)

explain: for non_index_updates :: explain UPDATE sbtest%u SET c='foobar' WHERE id=%u
for non_index_updates
table 1 : explain UPDATE sbtest1 SET c='foobar' WHERE id=5823904
	Update on sbtest1  (cost=0.43..8.45 rows=1 width=559)
	  ->  Index Scan using sbtest1_pkey on sbtest1  (cost=0.43..8.45 rows=1 width=559)
	        Index Cond: (id = 5823904)

table 2 : explain UPDATE sbtest2 SET c='foobar' WHERE id=6415220
	Update on sbtest2  (cost=0.43..8.45 rows=1 width=559)
	  ->  Index Scan using sbtest2_pkey on sbtest2  (cost=0.43..8.45 rows=1 width=559)
	        Index Cond: (id = 6415220)

table 3 : explain UPDATE sbtest3 SET c='foobar' WHERE id=9704957
	Update on sbtest3  (cost=0.43..8.45 rows=1 width=559)
	  ->  Index Scan using sbtest3_pkey on sbtest3  (cost=0.43..8.45 rows=1 width=559)
	        Index Cond: (id = 9704957)

table 4 : explain UPDATE sbtest4 SET c='foobar' WHERE id=7332038
	Update on sbtest4  (cost=0.43..8.45 rows=1 width=559)
	  ->  Index Scan using sbtest4_pkey on sbtest4  (cost=0.43..8.45 rows=1 width=559)
	        Index Cond: (id = 7332038)

table 5 : explain UPDATE sbtest5 SET c='foobar' WHERE id=9508315
	Update on sbtest5  (cost=0.43..8.45 rows=1 width=559)
	  ->  Index Scan using sbtest5_pkey on sbtest5  (cost=0.43..8.45 rows=1 width=559)
	        Index Cond: (id = 9508315)

table 6 : explain UPDATE sbtest6 SET c='foobar' WHERE id=7299144
	Update on sbtest6  (cost=0.43..8.45 rows=1 width=559)
	  ->  Index Scan using sbtest6_pkey on sbtest6  (cost=0.43..8.45 rows=1 width=559)
	        Index Cond: (id = 7299144)

table 7 : explain UPDATE sbtest7 SET c='foobar' WHERE id=7763146
	Update on sbtest7  (cost=0.43..8.45 rows=1 width=559)
	  ->  Index Scan using sbtest7_pkey on sbtest7  (cost=0.43..8.45 rows=1 width=559)
	        Index Cond: (id = 7763146)

table 8 : explain UPDATE sbtest8 SET c='foobar' WHERE id=6414270
	Update on sbtest8  (cost=0.43..8.45 rows=1 width=559)
	  ->  Index Scan using sbtest8_pkey on sbtest8  (cost=0.43..8.45 rows=1 width=559)
	        Index Cond: (id = 6414270)

explain: for deletes :: explain DELETE FROM sbtest%u WHERE id=%u
for deletes
table 1 : explain DELETE FROM sbtest1 WHERE id=3440413
	Delete on sbtest1  (cost=0.43..8.45 rows=1 width=6)
	  ->  Index Scan using sbtest1_pkey on sbtest1  (cost=0.43..8.45 rows=1 width=6)
	        Index Cond: (id = 3440413)

table 2 : explain DELETE FROM sbtest2 WHERE id=2989801
	Delete on sbtest2  (cost=0.43..8.45 rows=1 width=6)
	  ->  Index Scan using sbtest2_pkey on sbtest2  (cost=0.43..8.45 rows=1 width=6)
	        Index Cond: (id = 2989801)

table 3 : explain DELETE FROM sbtest3 WHERE id=5113748
	Delete on sbtest3  (cost=0.43..8.45 rows=1 width=6)
	  ->  Index Scan using sbtest3_pkey on sbtest3  (cost=0.43..8.45 rows=1 width=6)
	        Index Cond: (id = 5113748)

table 4 : explain DELETE FROM sbtest4 WHERE id=5274915
	Delete on sbtest4  (cost=0.43..8.45 rows=1 width=6)
	  ->  Index Scan using sbtest4_pkey on sbtest4  (cost=0.43..8.45 rows=1 width=6)
	        Index Cond: (id = 5274915)

table 5 : explain DELETE FROM sbtest5 WHERE id=70439
	Delete on sbtest5  (cost=0.43..8.45 rows=1 width=6)
	  ->  Index Scan using sbtest5_pkey on sbtest5  (cost=0.43..8.45 rows=1 width=6)
	        Index Cond: (id = 70439)

table 6 : explain DELETE FROM sbtest6 WHERE id=3193541
	Delete on sbtest6  (cost=0.43..8.45 rows=1 width=6)
	  ->  Index Scan using sbtest6_pkey on sbtest6  (cost=0.43..8.45 rows=1 width=6)
	        Index Cond: (id = 3193541)

table 7 : explain DELETE FROM sbtest7 WHERE id=8441783
	Delete on sbtest7  (cost=0.43..8.45 rows=1 width=6)
	  ->  Index Scan using sbtest7_pkey on sbtest7  (cost=0.43..8.45 rows=1 width=6)
	        Index Cond: (id = 8441783)

table 8 : explain DELETE FROM sbtest8 WHERE id=9237648
	Delete on sbtest8  (cost=0.43..8.45 rows=1 width=6)
	  ->  Index Scan using sbtest8_pkey on sbtest8  (cost=0.43..8.45 rows=1 width=6)
	        Index Cond: (id = 9237648)

explain: for inserts :: explain INSERT INTO sbtest%u (id, k, c, pad) VALUES (%u, 13, 'foobar', 'foobar')
for inserts
table 1 : explain INSERT INTO sbtest1 (id, k, c, pad) VALUES (8607515, 13, 'foobar', 'foobar')
	Insert on sbtest1  (cost=0.00..0.01 rows=1 width=736)
	  ->  Result  (cost=0.00..0.01 rows=1 width=736)

table 2 : explain INSERT INTO sbtest2 (id, k, c, pad) VALUES (42341, 13, 'foobar', 'foobar')
	Insert on sbtest2  (cost=0.00..0.01 rows=1 width=736)
	  ->  Result  (cost=0.00..0.01 rows=1 width=736)

table 3 : explain INSERT INTO sbtest3 (id, k, c, pad) VALUES (8167014, 13, 'foobar', 'foobar')
	Insert on sbtest3  (cost=0.00..0.01 rows=1 width=736)
	  ->  Result  (cost=0.00..0.01 rows=1 width=736)

table 4 : explain INSERT INTO sbtest4 (id, k, c, pad) VALUES (7216530, 13, 'foobar', 'foobar')
	Insert on sbtest4  (cost=0.00..0.01 rows=1 width=736)
	  ->  Result  (cost=0.00..0.01 rows=1 width=736)

table 5 : explain INSERT INTO sbtest5 (id, k, c, pad) VALUES (3565443, 13, 'foobar', 'foobar')
	Insert on sbtest5  (cost=0.00..0.01 rows=1 width=736)
	  ->  Result  (cost=0.00..0.01 rows=1 width=736)

table 6 : explain INSERT INTO sbtest6 (id, k, c, pad) VALUES (823840, 13, 'foobar', 'foobar')
	Insert on sbtest6  (cost=0.00..0.01 rows=1 width=736)
	  ->  Result  (cost=0.00..0.01 rows=1 width=736)

table 7 : explain INSERT INTO sbtest7 (id, k, c, pad) VALUES (3661683, 13, 'foobar', 'foobar')
	Insert on sbtest7  (cost=0.00..0.01 rows=1 width=736)
	  ->  Result  (cost=0.00..0.01 rows=1 width=736)

table 8 : explain INSERT INTO sbtest8 (id, k, c, pad) VALUES (3281342, 13, 'foobar', 'foobar')
	Insert on sbtest8  (cost=0.00..0.01 rows=1 width=736)
	  ->  Result  (cost=0.00..0.01 rows=1 width=736)

Threads started!

Warming up for 5 seconds...

SQL statistics:
    queries performed:
        read:                            304750279
        write:                           87071615
        other:                           43535781
        total:                           435357675
    transactions:                        21767910 (23406.14 per sec.)
    queries:                             435357675 (468122.28 per sec.)
    ignored errors:                      0      (0.00 per sec.)
    reconnects:                          0      (0.00 per sec.)

Throughput:
    events/s (eps):                      23406.1421
    time elapsed:                        930.0086s
    total number of events:              21767910

Latency (ms):
         min:                                    1.41
         avg:                                    1.71
         max:                                   88.80
         95th percentile:                        1.96
         sum:                             37177753.33

Threads fairness:
    events (avg/stddev):           544197.4000/2289.38
    execution time (avg/stddev):   929.4438/0.01

