LUA_PATH=/home/mdcallag/git/mytools/bench/sysbench.lua/lua/?.lua /home/mdcallag/git/mytools/bench/sysbench.lua/lua/sysbench --db-driver=pgsql --range-size=100 --table-size=10000000 --tables=8 --threads=40 --events=0 --warmup-time=5 --time=630 --pgsql_conn_id=true /home/mdcallag/git/mytools/bench/sysbench.lua/lua/oltp_read_only.lua run --pgsql-user=root --pgsql-password=pw --pgsql-host=127.0.0.1 --pgsql-db=ib --rand-type=uniform
48 CPUs
sysbench 1.1.0-9072687 (using bundled LuaJIT 2.1.0-beta3)

Running the test with following options:
Number of threads: 40
Warmup time: 5s
Initializing random number generator from current time


Initializing worker threads...

explain: for point_selects :: explain SELECT c FROM sbtest%u WHERE id=%u
explain: for point_selects :: explain SELECT c FROM sbtest%u WHERE id=%u
explain: for point_selects :: explain SELECT c FROM sbtest%u WHERE id=%u
explain: for point_selects :: explain SELECT c FROM sbtest%u WHERE id=%u
for point_selects
table 1 : explain SELECT c FROM sbtest1 WHERE id=7685934
	Index Scan using sbtest1_pkey on sbtest1  (cost=0.43..8.45 rows=1 width=121)
	  Index Cond: (id = 7685934)

table 2 : explain SELECT c FROM sbtest2 WHERE id=3060776
	Index Scan using sbtest2_pkey on sbtest2  (cost=0.43..8.45 rows=1 width=121)
	  Index Cond: (id = 3060776)

table 3 : explain SELECT c FROM sbtest3 WHERE id=8778274
	Index Scan using sbtest3_pkey on sbtest3  (cost=0.43..8.45 rows=1 width=121)
	  Index Cond: (id = 8778274)

table 4 : explain SELECT c FROM sbtest4 WHERE id=23190
	Index Scan using sbtest4_pkey on sbtest4  (cost=0.43..8.45 rows=1 width=121)
	  Index Cond: (id = 23190)

table 5 : explain SELECT c FROM sbtest5 WHERE id=9161271
	Index Scan using sbtest5_pkey on sbtest5  (cost=0.43..8.45 rows=1 width=121)
	  Index Cond: (id = 9161271)

table 6 : explain SELECT c FROM sbtest6 WHERE id=9293055
	Index Scan using sbtest6_pkey on sbtest6  (cost=0.43..8.45 rows=1 width=121)
	  Index Cond: (id = 9293055)

table 7 : explain SELECT c FROM sbtest7 WHERE id=7756638
	Index Scan using sbtest7_pkey on sbtest7  (cost=0.43..8.45 rows=1 width=121)
	  Index Cond: (id = 7756638)

table 8 : explain SELECT c FROM sbtest8 WHERE id=1385932
	Index Scan using sbtest8_pkey on sbtest8  (cost=0.43..8.45 rows=1 width=121)
	  Index Cond: (id = 1385932)

for point_selects
table 1 : explain SELECT c FROM sbtest1 WHERE id=8778492
	Index Scan using sbtest1_pkey on sbtest1  (cost=0.43..8.45 rows=1 width=121)
	  Index Cond: (id = 8778492)

table 2 : explain SELECT c FROM sbtest2 WHERE id=6932571
	Index Scan using sbtest2_pkey on sbtest2  (cost=0.43..8.45 rows=1 width=121)
	  Index Cond: (id = 6932571)

table 3 : explain SELECT c FROM sbtest3 WHERE id=4403726
	Index Scan using sbtest3_pkey on sbtest3  (cost=0.43..8.45 rows=1 width=121)
	  Index Cond: (id = 4403726)

table 4 : explain SELECT c FROM sbtest4 WHERE id=965239
	Index Scan using sbtest4_pkey on sbtest4  (cost=0.43..8.45 rows=1 width=121)
	  Index Cond: (id = 965239)

table 5 : explain SELECT c FROM sbtest5 WHERE id=2315216
	Index Scan using sbtest5_pkey on sbtest5  (cost=0.43..8.45 rows=1 width=121)
	  Index Cond: (id = 2315216)

table 6 : explain SELECT c FROM sbtest6 WHERE id=9747982
	Index Scan using sbtest6_pkey on sbtest6  (cost=0.43..8.45 rows=1 width=121)
	  Index Cond: (id = 9747982)

table 7 : explain SELECT c FROM sbtest7 WHERE id=789042
	Index Scan using sbtest7_pkey on sbtest7  (cost=0.43..8.45 rows=1 width=121)
	  Index Cond: (id = 789042)

table 8 : explain SELECT c FROM sbtest8 WHERE id=392461
	Index Scan using sbtest8_pkey on sbtest8  (cost=0.43..8.45 rows=1 width=121)
	  Index Cond: (id = 392461)

explain: for point_selects :: explain SELECT c FROM sbtest%u WHERE id=%u
for: simple_ranges
table 1 : explain SELECT c FROM sbtest1 WHERE id BETWEEN 9983649 AND 9983748
	Index Scan using sbtest1_pkey on sbtest1  (cost=0.43..395.54 rows=100 width=121)
	  Index Cond: ((id >= 9983649) AND (id <= 9983748))

table 2 : explain SELECT c FROM sbtest2 WHERE id BETWEEN 1086707 AND 1086806
	Index Scan using sbtest2_pkey on sbtest2  (cost=0.43..375.81 rows=95 width=121)
	  Index Cond: ((id >= 1086707) AND (id <= 1086806))

table 3 : explain SELECT c FROM sbtest3 WHERE id BETWEEN 2525423 AND 2525522
	Index Scan using sbtest3_pkey on sbtest3  (cost=0.43..396.28 rows=100 width=121)
	  Index Cond: ((id >= 2525423) AND (id <= 2525522))

table 4 : explain SELECT c FROM sbtest4 WHERE id BETWEEN 2027396 AND 2027495
	Index Scan using sbtest4_pkey on sbtest4  (cost=0.43..361.33 rows=91 width=121)
	  Index Cond: ((id >= 2027396) AND (id <= 2027495))

table 5 : explain SELECT c FROM sbtest5 WHERE id BETWEEN 4957250 AND 4957349
	Index Scan using sbtest5_pkey on sbtest5  (cost=0.43..373.29 rows=94 width=121)
	  Index Cond: ((id >= 4957250) AND (id <= 4957349))

table 6 : explain SELECT c FROM sbtest6 WHERE id BETWEEN 8952544 AND 8952643
	Index Scan using sbtest6_pkey on sbtest6  (cost=0.43..361.13 rows=91 width=121)
	  Index Cond: ((id >= 8952544) AND (id <= 8952643))

table 7 : explain SELECT c FROM sbtest7 WHERE id BETWEEN 8515273 AND 8515372
	Index Scan using sbtest7_pkey on sbtest7  (cost=0.43..372.72 rows=94 width=121)
	  Index Cond: ((id >= 8515273) AND (id <= 8515372))

table 8 : explain SELECT c FROM sbtest8 WHERE id BETWEEN 633312 AND 633411
	Index Scan using sbtest8_pkey on sbtest8  (cost=0.43..389.01 rows=98 width=121)
	  Index Cond: ((id >= 633312) AND (id <= 633411))

for point_selects
table 1 : explain SELECT c FROM sbtest1 WHERE id=6818180
	Index Scan using sbtest1_pkey on sbtest1  (cost=0.43..8.45 rows=1 width=121)
	  Index Cond: (id = 6818180)

table 2 : explain SELECT c FROM sbtest2 WHERE id=8482887
	Index Scan using sbtest2_pkey on sbtest2  (cost=0.43..8.45 rows=1 width=121)
	  Index Cond: (id = 8482887)

table 3 : explain SELECT c FROM sbtest3 WHERE id=1651842
	Index Scan using sbtest3_pkey on sbtest3  (cost=0.43..8.45 rows=1 width=121)
	  Index Cond: (id = 1651842)

table 4 : explain SELECT c FROM sbtest4 WHERE id=1888745
	Index Scan using sbtest4_pkey on sbtest4  (cost=0.43..8.45 rows=1 width=121)
	  Index Cond: (id = 1888745)

table 5 : explain SELECT c FROM sbtest5 WHERE id=6077128
	Index Scan using sbtest5_pkey on sbtest5  (cost=0.43..8.45 rows=1 width=121)
	  Index Cond: (id = 6077128)

table 6 : explain SELECT c FROM sbtest6 WHERE id=5526858
	Index Scan using sbtest6_pkey on sbtest6  (cost=0.43..8.45 rows=1 width=121)
	  Index Cond: (id = 5526858)

table 7 : explain SELECT c FROM sbtest7 WHERE id=8151182
	Index Scan using sbtest7_pkey on sbtest7  (cost=0.43..8.45 rows=1 width=121)
	  Index Cond: (id = 8151182)

table 8 : explain SELECT c FROM sbtest8 WHERE id=9663350
	Index Scan using sbtest8_pkey on sbtest8  (cost=0.43..8.45 rows=1 width=121)
	  Index Cond: (id = 9663350)

for: simple_ranges
table 1 : explain SELECT c FROM sbtest1 WHERE id BETWEEN 3660784 AND 3660883
	Index Scan using sbtest1_pkey on sbtest1  (cost=0.43..383.81 rows=97 width=121)
	  Index Cond: ((id >= 3660784) AND (id <= 3660883))

table 2 : explain SELECT c FROM sbtest2 WHERE id BETWEEN 3229668 AND 3229767
	Index Scan using sbtest2_pkey on sbtest2  (cost=0.43..375.81 rows=95 width=121)
	  Index Cond: ((id >= 3229668) AND (id <= 3229767))

table 3 : explain SELECT c FROM sbtest3 WHERE id BETWEEN 7557147 AND 7557246
	Index Scan using sbtest3_pkey on sbtest3  (cost=0.43..380.61 rows=96 width=121)
	  Index Cond: ((id >= 7557147) AND (id <= 7557246))

table 4 : explain SELECT c FROM sbtest4 WHERE id BETWEEN 2987036 AND 2987135
	Index Scan using sbtest4_pkey on sbtest4  (cost=0.43..451.49 rows=114 width=121)
	  Index Cond: ((id >= 2987036) AND (id <= 2987135))

table 5 : explain SELECT c FROM sbtest5 WHERE id BETWEEN 9801849 AND 9801948
	Index Scan using sbtest5_pkey on sbtest5  (cost=0.43..392.90 rows=99 width=121)
	  Index Cond: ((id >= 9801849) AND (id <= 9801948))

table 6 : explain SELECT c FROM sbtest6 WHERE id BETWEEN 8966224 AND 8966323
	Index Scan using sbtest6_pkey on sbtest6  (cost=0.43..361.13 rows=91 width=121)
	  Index Cond: ((id >= 8966224) AND (id <= 8966323))

table 7 : explain SELECT c FROM sbtest7 WHERE id BETWEEN 7605642 AND 7605741
	Index Scan using sbtest7_pkey on sbtest7  (cost=0.43..443.21 rows=112 width=121)
	  Index Cond: ((id >= 7605642) AND (id <= 7605741))

table 8 : explain SELECT c FROM sbtest8 WHERE id BETWEEN 4808984 AND 4809083
	Index Scan using sbtest8_pkey on sbtest8  (cost=0.43..400.77 rows=101 width=121)
	  Index Cond: ((id >= 4808984) AND (id <= 4809083))

for: simple_ranges
table 1 : explain SELECT c FROM sbtest1 WHERE id BETWEEN 9898923 AND 9899022
	Index Scan using sbtest1_pkey on sbtest1  (cost=0.43..391.63 rows=99 width=121)
	  Index Cond: ((id >= 9898923) AND (id <= 9899022))

table 2 : explain SELECT c FROM sbtest2 WHERE id BETWEEN 799935 AND 800034
	Index Scan using sbtest2_pkey on sbtest2  (cost=0.43..383.63 rows=97 width=121)
	  Index Cond: ((id >= 799935) AND (id <= 800034))

table 3 : explain SELECT c FROM sbtest3 WHERE id BETWEEN 4790098 AND 4790197
	Index Scan using sbtest3_pkey on sbtest3  (cost=0.43..392.36 rows=99 width=121)
	  Index Cond: ((id >= 4790098) AND (id <= 4790197))

table 4 : explain SELECT c FROM sbtest4 WHERE id BETWEEN 9525365 AND 9525464
	Index Scan using sbtest4_pkey on sbtest4  (cost=0.43..404.45 rows=102 width=121)
	  Index Cond: ((id >= 9525365) AND (id <= 9525464))

table 5 : explain SELECT c FROM sbtest5 WHERE id BETWEEN 5143365 AND 5143464
	Index Scan using sbtest5_pkey on sbtest5  (cost=0.43..400.75 rows=101 width=121)
	  Index Cond: ((id >= 5143365) AND (id <= 5143464))

table 6 : explain SELECT c FROM sbtest6 WHERE id BETWEEN 6060310 AND 6060409
	Index Scan using sbtest6_pkey on sbtest6  (cost=0.43..361.13 rows=91 width=121)
	  Index Cond: ((id >= 6060310) AND (id <= 6060409))

table 7 : explain SELECT c FROM sbtest7 WHERE id BETWEEN 5317461 AND 5317560
	Index Scan using sbtest7_pkey on sbtest7  (cost=0.43..404.05 rows=102 width=121)
	  Index Cond: ((id >= 5317461) AND (id <= 5317560))

table 8 : explain SELECT c FROM sbtest8 WHERE id BETWEEN 103270 AND 103369
	Index Scan using sbtest8_pkey on sbtest8  (cost=0.43..361.53 rows=91 width=121)
	  Index Cond: ((id >= 103270) AND (id <= 103369))

for point_selects
table 1 : explain SELECT c FROM sbtest1 WHERE id=499457
	Index Scan using sbtest1_pkey on sbtest1  (cost=0.43..8.45 rows=1 width=121)
	  Index Cond: (id = 499457)

table 2 : explain SELECT c FROM sbtest2 WHERE id=7673925
	Index Scan using sbtest2_pkey on sbtest2  (cost=0.43..8.45 rows=1 width=121)
	  Index Cond: (id = 7673925)

table 3 : explain SELECT c FROM sbtest3 WHERE id=4610125
	Index Scan using sbtest3_pkey on sbtest3  (cost=0.43..8.45 rows=1 width=121)
	  Index Cond: (id = 4610125)

table 4 : explain SELECT c FROM sbtest4 WHERE id=9263591
	Index Scan using sbtest4_pkey on sbtest4  (cost=0.43..8.45 rows=1 width=121)
	  Index Cond: (id = 9263591)

table 5 : explain SELECT c FROM sbtest5 WHERE id=3463235
	Index Scan using sbtest5_pkey on sbtest5  (cost=0.43..8.45 rows=1 width=121)
	  Index Cond: (id = 3463235)

table 6 : explain SELECT c FROM sbtest6 WHERE id=1694469
	Index Scan using sbtest6_pkey on sbtest6  (cost=0.43..8.45 rows=1 width=121)
	  Index Cond: (id = 1694469)

table 7 : explain SELECT c FROM sbtest7 WHERE id=6512511
	Index Scan using sbtest7_pkey on sbtest7  (cost=0.43..8.45 rows=1 width=121)
	  Index Cond: (id = 6512511)

table 8 : explain SELECT c FROM sbtest8 WHERE id=3139845
	Index Scan using sbtest8_pkey on sbtest8  (cost=0.43..8.45 rows=1 width=121)
	  Index Cond: (id = 3139845)

for point_selects
table 1 : explain SELECT c FROM sbtest1 WHERE id=5757306
	Index Scan using sbtest1_pkey on sbtest1  (cost=0.43..8.45 rows=1 width=121)
	  Index Cond: (id = 5757306)

table 2 : explain SELECT c FROM sbtest2 WHERE id=3729175
	Index Scan using sbtest2_pkey on sbtest2  (cost=0.43..8.45 rows=1 width=121)
	  Index Cond: (id = 3729175)

table 3 : explain SELECT c FROM sbtest3 WHERE id=4632830
	Index Scan using sbtest3_pkey on sbtest3  (cost=0.43..8.45 rows=1 width=121)
	  Index Cond: (id = 4632830)

table 4 : explain SELECT c FROM sbtest4 WHERE id=7378571
	Index Scan using sbtest4_pkey on sbtest4  (cost=0.43..8.45 rows=1 width=121)
	  Index Cond: (id = 7378571)

table 5 : explain SELECT c FROM sbtest5 WHERE id=9242022
	Index Scan using sbtest5_pkey on sbtest5  (cost=0.43..8.45 rows=1 width=121)
	  Index Cond: (id = 9242022)

table 6 : explain SELECT c FROM sbtest6 WHERE id=1893863
	Index Scan using sbtest6_pkey on sbtest6  (cost=0.43..8.45 rows=1 width=121)
	  Index Cond: (id = 1893863)

table 7 : explain SELECT c FROM sbtest7 WHERE id=7656838
	Index Scan using sbtest7_pkey on sbtest7  (cost=0.43..8.45 rows=1 width=121)
	  Index Cond: (id = 7656838)

table 8 : explain SELECT c FROM sbtest8 WHERE id=1602972
	Index Scan using sbtest8_pkey on sbtest8  (cost=0.43..8.45 rows=1 width=121)
	  Index Cond: (id = 1602972)

for: sum_ranges
table 1 : explain SELECT SUM(k) FROM sbtest1 WHERE id BETWEEN 6462913 AND 6463012
	Aggregate  (cost=395.79..395.80 rows=1 width=8)
	  ->  Index Scan using sbtest1_pkey on sbtest1  (cost=0.43..395.54 rows=100 width=4)
	        Index Cond: ((id >= 6462913) AND (id <= 6463012))

table 2 : explain SELECT SUM(k) FROM sbtest2 WHERE id BETWEEN 1221506 AND 1221605
	Aggregate  (cost=403.45..403.46 rows=1 width=8)
	  ->  Index Scan using sbtest2_pkey on sbtest2  (cost=0.43..403.19 rows=102 width=4)
	        Index Cond: ((id >= 1221506) AND (id <= 1221605))

table 3 : explain SELECT SUM(k) FROM sbtest3 WHERE id BETWEEN 1110155 AND 1110254
	Aggregate  (cost=376.93..376.94 rows=1 width=8)
	  ->  Index Scan using sbtest3_pkey on sbtest3  (cost=0.43..376.69 rows=95 width=4)
	        Index Cond: ((id >= 1110155) AND (id <= 1110254))

table 4 : explain SELECT SUM(k) FROM sbtest4 WHERE id BETWEEN 1561578 AND 1561677
	Aggregate  (cost=365.48..365.49 rows=1 width=8)
	  ->  Index Scan using sbtest4_pkey on sbtest4  (cost=0.43..365.25 rows=92 width=4)
	        Index Cond: ((id >= 1561578) AND (id <= 1561677))

table 5 : explain SELECT SUM(k) FROM sbtest5 WHERE id BETWEEN 3823193 AND 3823292
	Aggregate  (cost=444.17..444.18 rows=1 width=8)
	  ->  Index Scan using sbtest5_pkey on sbtest5  (cost=0.43..443.89 rows=112 width=4)
	        Index Cond: ((id >= 3823193) AND (id <= 3823292))

table 6 : explain SELECT SUM(k) FROM sbtest6 WHERE id BETWEEN 1120949 AND 1121048
	Aggregate  (cost=373.12..373.13 rows=1 width=8)
	  ->  Index Scan using sbtest6_pkey on sbtest6  (cost=0.43..372.88 rows=94 width=4)
	        Index Cond: ((id >= 1120949) AND (id <= 1121048))

table 7 : explain SELECT SUM(k) FROM sbtest7 WHERE id BETWEEN 2560118 AND 2560217
	Aggregate  (cost=412.14..412.15 rows=1 width=8)
	  ->  Index Scan using sbtest7_pkey on sbtest7  (cost=0.43..411.88 rows=104 width=4)
	        Index Cond: ((id >= 2560118) AND (id <= 2560217))

table 8 : explain SELECT SUM(k) FROM sbtest8 WHERE id BETWEEN 1213448 AND 1213547
	Aggregate  (cost=377.45..377.46 rows=1 width=8)
	  ->  Index Scan using sbtest8_pkey on sbtest8  (cost=0.43..377.22 rows=95 width=4)
	        Index Cond: ((id >= 1213448) AND (id <= 1213547))

explain: for point_selects :: explain SELECT c FROM sbtest%u WHERE id=%u
for: simple_ranges
table 1 : explain SELECT c FROM sbtest1 WHERE id BETWEEN 3473947 AND 3474046
	Index Scan using sbtest1_pkey on sbtest1  (cost=0.43..379.90 rows=96 width=121)
	  Index Cond: ((id >= 3473947) AND (id <= 3474046))

table 2 : explain SELECT c FROM sbtest2 WHERE id BETWEEN 8708117 AND 8708216
	Index Scan using sbtest2_pkey on sbtest2  (cost=0.43..418.82 rows=106 width=121)
	  Index Cond: ((id >= 8708117) AND (id <= 8708216))

table 3 : explain SELECT c FROM sbtest3 WHERE id BETWEEN 9458812 AND 9458911
	Index Scan using sbtest3_pkey on sbtest3  (cost=0.43..361.03 rows=91 width=121)
	  Index Cond: ((id >= 9458812) AND (id <= 9458911))

table 4 : explain SELECT c FROM sbtest4 WHERE id BETWEEN 6189252 AND 6189351
	Index Scan using sbtest4_pkey on sbtest4  (cost=0.43..435.81 rows=110 width=121)
	  Index Cond: ((id >= 6189252) AND (id <= 6189351))

table 5 : explain SELECT c FROM sbtest5 WHERE id BETWEEN 70417 AND 70516
	Index Scan using sbtest5_pkey on sbtest5  (cost=0.43..420.36 rows=106 width=121)
	  Index Cond: ((id >= 70417) AND (id <= 70516))

table 6 : explain SELECT c FROM sbtest6 WHERE id BETWEEN 8427816 AND 8427915
	Index Scan using sbtest6_pkey on sbtest6  (cost=0.43..412.09 rows=104 width=121)
	  Index Cond: ((id >= 8427816) AND (id <= 8427915))

table 7 : explain SELECT c FROM sbtest7 WHERE id BETWEEN 6441523 AND 6441622
	Index Scan using sbtest7_pkey on sbtest7  (cost=0.43..431.46 rows=109 width=121)
	  Index Cond: ((id >= 6441523) AND (id <= 6441622))

table 8 : explain SELECT c FROM sbtest8 WHERE id BETWEEN 2150068 AND 2150167
	Index Scan using sbtest8_pkey on sbtest8  (cost=0.43..424.31 rows=107 width=121)
	  Index Cond: ((id >= 2150068) AND (id <= 2150167))

for: sum_ranges
table 1 : explain SELECT SUM(k) FROM sbtest1 WHERE id BETWEEN 3062702 AND 3062801
	Aggregate  (cost=391.88..391.89 rows=1 width=8)
	  ->  Index Scan using sbtest1_pkey on sbtest1  (cost=0.43..391.63 rows=99 width=4)
	        Index Cond: ((id >= 3062702) AND (id <= 3062801))

table 2 : explain SELECT SUM(k) FROM sbtest2 WHERE id BETWEEN 1830872 AND 1830971
	Aggregate  (cost=399.54..399.55 rows=1 width=8)
	  ->  Index Scan using sbtest2_pkey on sbtest2  (cost=0.43..399.29 rows=101 width=4)
	        Index Cond: ((id >= 1830872) AND (id <= 1830971))

table 3 : explain SELECT SUM(k) FROM sbtest3 WHERE id BETWEEN 5415880 AND 5415979
	Aggregate  (cost=420.04..420.05 rows=1 width=8)
	  ->  Index Scan using sbtest3_pkey on sbtest3  (cost=0.43..419.78 rows=106 width=4)
	        Index Cond: ((id >= 5415880) AND (id <= 5415979))

table 4 : explain SELECT SUM(k) FROM sbtest4 WHERE id BETWEEN 6633312 AND 6633411
	Aggregate  (cost=389.02..389.03 rows=1 width=8)
	  ->  Index Scan using sbtest4_pkey on sbtest4  (cost=0.43..388.77 rows=98 width=4)
	        Index Cond: ((id >= 6633312) AND (id <= 6633411))

table 5 : explain SELECT SUM(k) FROM sbtest5 WHERE id BETWEEN 5245028 AND 5245127
	Aggregate  (cost=420.62..420.63 rows=1 width=8)
	  ->  Index Scan using sbtest5_pkey on sbtest5  (cost=0.43..420.36 rows=106 width=4)
	        Index Cond: ((id >= 5245028) AND (id <= 5245127))

table 6 : explain SELECT SUM(k) FROM sbtest6 WHERE id BETWEEN 9801292 AND 9801391
	Aggregate  (cost=392.74..392.75 rows=1 width=8)
	  ->  Index Scan using sbtest6_pkey on sbtest6  (cost=0.43..392.50 rows=99 width=4)
	        Index Cond: ((id >= 9801292) AND (id <= 9801391))

table 7 : explain SELECT SUM(k) FROM sbtest7 WHERE id BETWEEN 8520367 AND 8520466
	Aggregate  (cost=372.96..372.97 rows=1 width=8)
	  ->  Index Scan using sbtest7_pkey on sbtest7  (cost=0.43..372.72 rows=94 width=4)
	        Index Cond: ((id >= 8520367) AND (id <= 8520466))

table 8 : explain SELECT SUM(k) FROM sbtest8 WHERE id BETWEEN 4752517 AND 4752616
	Aggregate  (cost=412.80..412.81 rows=1 width=8)
	  ->  Index Scan using sbtest8_pkey on sbtest8  (cost=0.43..412.54 rows=104 width=4)
	        Index Cond: ((id >= 4752517) AND (id <= 4752616))

for: sum_ranges
table 1 : explain SELECT SUM(k) FROM sbtest1 WHERE id BETWEEN 3097147 AND 3097246
	Aggregate  (cost=348.82..348.83 rows=1 width=8)
	  ->  Index Scan using sbtest1_pkey on sbtest1  (cost=0.43..348.60 rows=88 width=4)
	        Index Cond: ((id >= 3097147) AND (id <= 3097246))

table 2 : explain SELECT SUM(k) FROM sbtest2 WHERE id BETWEEN 2485819 AND 2485918
	Aggregate  (cost=364.32..364.33 rows=1 width=8)
	  ->  Index Scan using sbtest2_pkey on sbtest2  (cost=0.43..364.09 rows=92 width=4)
	        Index Cond: ((id >= 2485819) AND (id <= 2485918))

table 3 : explain SELECT SUM(k) FROM sbtest3 WHERE id BETWEEN 1376586 AND 1376685
	Aggregate  (cost=400.45..400.46 rows=1 width=8)
	  ->  Index Scan using sbtest3_pkey on sbtest3  (cost=0.43..400.19 rows=101 width=4)
	        Index Cond: ((id >= 1376586) AND (id <= 1376685))

table 4 : explain SELECT SUM(k) FROM sbtest4 WHERE id BETWEEN 936507 AND 936606
	Aggregate  (cost=377.25..377.26 rows=1 width=8)
	  ->  Index Scan using sbtest4_pkey on sbtest4  (cost=0.43..377.01 rows=95 width=4)
	        Index Cond: ((id >= 936507) AND (id <= 936606))

table 5 : explain SELECT SUM(k) FROM sbtest5 WHERE id BETWEEN 391454 AND 391553
	Aggregate  (cost=389.23..389.24 rows=1 width=8)
	  ->  Index Scan using sbtest5_pkey on sbtest5  (cost=0.43..388.98 rows=98 width=4)
	        Index Cond: ((id >= 391454) AND (id <= 391553))

table 6 : explain SELECT SUM(k) FROM sbtest6 WHERE id BETWEEN 3895259 AND 3895358
	Aggregate  (cost=412.35..412.36 rows=1 width=8)
	  ->  Index Scan using sbtest6_pkey on sbtest6  (cost=0.43..412.09 rows=104 width=4)
	        Index Cond: ((id >= 3895259) AND (id <= 3895358))

table 7 : explain SELECT SUM(k) FROM sbtest7 WHERE id BETWEEN 7690243 AND 7690342
	Aggregate  (cost=345.50..345.51 rows=1 width=8)
	  ->  Index Scan using sbtest7_pkey on sbtest7  (cost=0.43..345.28 rows=87 width=4)
	        Index Cond: ((id >= 7690243) AND (id <= 7690342))

table 8 : explain SELECT SUM(k) FROM sbtest8 WHERE id BETWEEN 3134366 AND 3134465
	Aggregate  (cost=377.45..377.46 rows=1 width=8)
	  ->  Index Scan using sbtest8_pkey on sbtest8  (cost=0.43..377.22 rows=95 width=4)
	        Index Cond: ((id >= 3134366) AND (id <= 3134465))

for: simple_ranges
table 1 : explain SELECT c FROM sbtest1 WHERE id BETWEEN 613511 AND 613610
	Index Scan using sbtest1_pkey on sbtest1  (cost=0.43..407.27 rows=103 width=121)
	  Index Cond: ((id >= 613511) AND (id <= 613610))

table 2 : explain SELECT c FROM sbtest2 WHERE id BETWEEN 1589613 AND 1589712
	Index Scan using sbtest2_pkey on sbtest2  (cost=0.43..407.10 rows=103 width=121)
	  Index Cond: ((id >= 1589613) AND (id <= 1589712))

table 3 : explain SELECT c FROM sbtest3 WHERE id BETWEEN 4397517 AND 4397616
	Index Scan using sbtest3_pkey on sbtest3  (cost=0.43..380.61 rows=96 width=121)
	  Index Cond: ((id >= 4397517) AND (id <= 4397616))

table 4 : explain SELECT c FROM sbtest4 WHERE id BETWEEN 437385 AND 437484
	Index Scan using sbtest4_pkey on sbtest4  (cost=0.43..361.33 rows=91 width=121)
	  Index Cond: ((id >= 437385) AND (id <= 437484))

table 5 : explain SELECT c FROM sbtest5 WHERE id BETWEEN 9454222 AND 9454321
	Index Scan using sbtest5_pkey on sbtest5  (cost=0.43..388.98 rows=98 width=121)
	  Index Cond: ((id >= 9454222) AND (id <= 9454321))

table 6 : explain SELECT c FROM sbtest6 WHERE id BETWEEN 3302746 AND 3302845
	Index Scan using sbtest6_pkey on sbtest6  (cost=0.43..380.74 rows=96 width=121)
	  Index Cond: ((id >= 3302746) AND (id <= 3302845))

table 7 : explain SELECT c FROM sbtest7 WHERE id BETWEEN 6520296 AND 6520395
	Index Scan using sbtest7_pkey on sbtest7  (cost=0.43..411.88 rows=104 width=121)
	  Index Cond: ((id >= 6520296) AND (id <= 6520395))

table 8 : explain SELECT c FROM sbtest8 WHERE id BETWEEN 2225092 AND 2225191
	Index Scan using sbtest8_pkey on sbtest8  (cost=0.43..424.31 rows=107 width=121)
	  Index Cond: ((id >= 2225092) AND (id <= 2225191))

for point_selects
table 1 : explain SELECT c FROM sbtest1 WHERE id=7267391
	Index Scan using sbtest1_pkey on sbtest1  (cost=0.43..8.45 rows=1 width=121)
	  Index Cond: (id = 7267391)

table 2 : explain SELECT c FROM sbtest2 WHERE id=47770
	Index Scan using sbtest2_pkey on sbtest2  (cost=0.43..8.45 rows=1 width=121)
	  Index Cond: (id = 47770)

table 3 : explain SELECT c FROM sbtest3 WHERE id=677794
	Index Scan using sbtest3_pkey on sbtest3  (cost=0.43..8.45 rows=1 width=121)
	  Index Cond: (id = 677794)

table 4 : explain SELECT c FROM sbtest4 WHERE id=7979918
	Index Scan using sbtest4_pkey on sbtest4  (cost=0.43..8.45 rows=1 width=121)
	  Index Cond: (id = 7979918)

table 5 : explain SELECT c FROM sbtest5 WHERE id=967840
	Index Scan using sbtest5_pkey on sbtest5  (cost=0.43..8.45 rows=1 width=121)
	  Index Cond: (id = 967840)

table 6 : explain SELECT c FROM sbtest6 WHERE id=6797416
	Index Scan using sbtest6_pkey on sbtest6  (cost=0.43..8.45 rows=1 width=121)
	  Index Cond: (id = 6797416)

table 7 : explain SELECT c FROM sbtest7 WHERE id=7326808
	Index Scan using sbtest7_pkey on sbtest7  (cost=0.43..8.45 rows=1 width=121)
	  Index Cond: (id = 7326808)

table 8 : explain SELECT c FROM sbtest8 WHERE id=3419914
	Index Scan using sbtest8_pkey on sbtest8  (cost=0.43..8.45 rows=1 width=121)
	  Index Cond: (id = 3419914)

for: sum_ranges
table 1 : explain SELECT SUM(k) FROM sbtest1 WHERE id BETWEEN 5633174 AND 5633273
	Aggregate  (cost=360.56..360.57 rows=1 width=8)
	  ->  Index Scan using sbtest1_pkey on sbtest1  (cost=0.43..360.33 rows=91 width=4)
	        Index Cond: ((id >= 5633174) AND (id <= 5633273))

table 2 : explain SELECT SUM(k) FROM sbtest2 WHERE id BETWEEN 3001242 AND 3001341
	Aggregate  (cost=407.36..407.37 rows=1 width=8)
	  ->  Index Scan using sbtest2_pkey on sbtest2  (cost=0.43..407.10 rows=103 width=4)
	        Index Cond: ((id >= 3001242) AND (id <= 3001341))

table 3 : explain SELECT SUM(k) FROM sbtest3 WHERE id BETWEEN 3839704 AND 3839803
	Aggregate  (cost=423.96..423.97 rows=1 width=8)
	  ->  Index Scan using sbtest3_pkey on sbtest3  (cost=0.43..423.69 rows=107 width=4)
	        Index Cond: ((id >= 3839704) AND (id <= 3839803))

table 4 : explain SELECT SUM(k) FROM sbtest4 WHERE id BETWEEN 3464115 AND 3464214
	Aggregate  (cost=404.71..404.72 rows=1 width=8)
	  ->  Index Scan using sbtest4_pkey on sbtest4  (cost=0.43..404.45 rows=102 width=4)
	        Index Cond: ((id >= 3464115) AND (id <= 3464214))

table 5 : explain SELECT SUM(k) FROM sbtest5 WHERE id BETWEEN 5470513 AND 5470612
	Aggregate  (cost=381.38..381.39 rows=1 width=8)
	  ->  Index Scan using sbtest5_pkey on sbtest5  (cost=0.43..381.14 rows=96 width=4)
	        Index Cond: ((id >= 5470513) AND (id <= 5470612))

table 6 : explain SELECT SUM(k) FROM sbtest6 WHERE id BETWEEN 2058745 AND 2058844
	Aggregate  (cost=380.98..380.99 rows=1 width=8)
	  ->  Index Scan using sbtest6_pkey on sbtest6  (cost=0.43..380.74 rows=96 width=4)
	        Index Cond: ((id >= 2058745) AND (id <= 2058844))

table 7 : explain SELECT SUM(k) FROM sbtest7 WHERE id BETWEEN 4228310 AND 4228409
	Aggregate  (cost=388.63..388.64 rows=1 width=8)
	  ->  Index Scan using sbtest7_pkey on sbtest7  (cost=0.43..388.39 rows=98 width=4)
	        Index Cond: ((id >= 4228310) AND (id <= 4228409))

table 8 : explain SELECT SUM(k) FROM sbtest8 WHERE id BETWEEN 4439747 AND 4439846
	Aggregate  (cost=397.10..397.11 rows=1 width=8)
	  ->  Index Scan using sbtest8_pkey on sbtest8  (cost=0.43..396.85 rows=100 width=4)
	        Index Cond: ((id >= 4439747) AND (id <= 4439846))

for: simple_ranges
table 1 : explain SELECT c FROM sbtest1 WHERE id BETWEEN 6206842 AND 6206941
	Index Scan using sbtest1_pkey on sbtest1  (cost=0.43..387.72 rows=98 width=121)
	  Index Cond: ((id >= 6206842) AND (id <= 6206941))

table 2 : explain SELECT c FROM sbtest2 WHERE id BETWEEN 8515642 AND 8515741
	Index Scan using sbtest2_pkey on sbtest2  (cost=0.43..411.01 rows=104 width=121)
	  Index Cond: ((id >= 8515642) AND (id <= 8515741))

table 3 : explain SELECT c FROM sbtest3 WHERE id BETWEEN 3445347 AND 3445446
	Index Scan using sbtest3_pkey on sbtest3  (cost=0.43..396.28 rows=100 width=121)
	  Index Cond: ((id >= 3445347) AND (id <= 3445446))

table 4 : explain SELECT c FROM sbtest4 WHERE id BETWEEN 6024107 AND 6024206
	Index Scan using sbtest4_pkey on sbtest4  (cost=0.43..408.37 rows=103 width=121)
	  Index Cond: ((id >= 6024107) AND (id <= 6024206))

table 5 : explain SELECT c FROM sbtest5 WHERE id BETWEEN 6181722 AND 6181821
	Index Scan using sbtest5_pkey on sbtest5  (cost=0.43..388.98 rows=98 width=121)
	  Index Cond: ((id >= 6181722) AND (id <= 6181821))

table 6 : explain SELECT c FROM sbtest6 WHERE id BETWEEN 607194 AND 607293
	Index Scan using sbtest6_pkey on sbtest6  (cost=0.43..408.17 rows=103 width=121)
	  Index Cond: ((id >= 607194) AND (id <= 607293))

table 7 : explain SELECT c FROM sbtest7 WHERE id BETWEEN 1843361 AND 1843460
	Index Scan using sbtest7_pkey on sbtest7  (cost=0.43..404.05 rows=102 width=121)
	  Index Cond: ((id >= 1843361) AND (id <= 1843460))

table 8 : explain SELECT c FROM sbtest8 WHERE id BETWEEN 6918632 AND 6918731
	Index Scan using sbtest8_pkey on sbtest8  (cost=0.43..396.85 rows=100 width=121)
	  Index Cond: ((id >= 6918632) AND (id <= 6918731))

for: order_ranges
table 1 : explain SELECT c FROM sbtest1 WHERE id BETWEEN 4375681 AND 4375780 ORDER BY c
	Sort  (cost=383.06..383.30 rows=96 width=121)
	  Sort Key: c
	  ->  Index Scan using sbtest1_pkey on sbtest1  (cost=0.43..379.90 rows=96 width=121)
	        Index Cond: ((id >= 4375681) AND (id <= 4375780))

table 2 : explain SELECT c FROM sbtest2 WHERE id BETWEEN 715699 AND 715798 ORDER BY c
	Sort  (cost=386.83..387.07 rows=97 width=121)
	  Sort Key: c
	  ->  Index Scan using sbtest2_pkey on sbtest2  (cost=0.43..383.63 rows=97 width=121)
	        Index Cond: ((id >= 715699) AND (id <= 715798))

table 3 : explain SELECT c FROM sbtest3 WHERE id BETWEEN 9739548 AND 9739647 ORDER BY c
	Sort  (cost=344.18..344.40 rows=86 width=121)
	  Sort Key: c
	  ->  Index Scan using sbtest3_pkey on sbtest3  (cost=0.43..341.42 rows=86 width=121)
	        Index Cond: ((id >= 9739548) AND (id <= 9739647))

table 4 : explain SELECT c FROM sbtest4 WHERE id BETWEEN 5982037 AND 5982136 ORDER BY c
	Sort  (cost=372.21..372.44 rows=93 width=121)
	  Sort Key: c
	  ->  Index Scan using sbtest4_pkey on sbtest4  (cost=0.43..369.17 rows=93 width=121)
	        Index Cond: ((id >= 5982037) AND (id <= 5982136))

table 5 : explain SELECT c FROM sbtest5 WHERE id BETWEEN 9636758 AND 9636857 ORDER BY c
	Sort  (cost=443.74..444.02 rows=111 width=121)
	  Sort Key: c
	  ->  Index Scan using sbtest5_pkey on sbtest5  (cost=0.43..439.97 rows=111 width=121)
	        Index Cond: ((id >= 9636758) AND (id <= 9636857))

table 6 : explain SELECT c FROM sbtest6 WHERE id BETWEEN 1644626 AND 1644725 ORDER BY c
	Sort  (cost=387.86..388.10 rows=97 width=121)
	  Sort Key: c
	  ->  Index Scan using sbtest6_pkey on sbtest6  (cost=0.43..384.66 rows=97 width=121)
	        Index Cond: ((id >= 1644626) AND (id <= 1644725))

table 7 : explain SELECT c FROM sbtest7 WHERE id BETWEEN 203767 AND 203866 ORDER BY c
	Sort  (cost=458.89..459.18 rows=115 width=121)
	  Sort Key: c
	  ->  Index Scan using sbtest7_pkey on sbtest7  (cost=0.43..454.96 rows=115 width=121)
	        Index Cond: ((id >= 203767) AND (id <= 203866))

table 8 : explain SELECT c FROM sbtest8 WHERE id BETWEEN 2291803 AND 2291902 ORDER BY c
	Sort  (cost=396.21..396.46 rows=99 width=121)
	  Sort Key: c
	  ->  Index Scan using sbtest8_pkey on sbtest8  (cost=0.43..392.93 rows=99 width=121)
	        Index Cond: ((id >= 2291803) AND (id <= 2291902))

explain: for point_selects :: explain SELECT c FROM sbtest%u WHERE id=%u
explain: for point_selects :: explain SELECT c FROM sbtest%u WHERE id=%u
explain: for point_selects :: explain SELECT c FROM sbtest%u WHERE id=%u
explain: for point_selects :: explain SELECT c FROM sbtest%u WHERE id=%u
explain: for point_selects :: explain SELECT c FROM sbtest%u WHERE id=%u
for: sum_ranges
table 1 : explain SELECT SUM(k) FROM sbtest1 WHERE id BETWEEN 9838073 AND 9838172
	Aggregate  (cost=391.88..391.89 rows=1 width=8)
	  ->  Index Scan using sbtest1_pkey on sbtest1  (cost=0.43..391.63 rows=99 width=4)
	        Index Cond: ((id >= 9838073) AND (id <= 9838172))

table 2 : explain SELECT SUM(k) FROM sbtest2 WHERE id BETWEEN 5786304 AND 5786403
	Aggregate  (cost=372.14..372.15 rows=1 width=8)
	  ->  Index Scan using sbtest2_pkey on sbtest2  (cost=0.43..371.91 rows=94 width=4)
	        Index Cond: ((id >= 5786304) AND (id <= 5786403))

table 3 : explain SELECT SUM(k) FROM sbtest3 WHERE id BETWEEN 298290 AND 298389
	Aggregate  (cost=400.45..400.46 rows=1 width=8)
	  ->  Index Scan using sbtest3_pkey on sbtest3  (cost=0.43..400.19 rows=101 width=4)
	        Index Cond: ((id >= 298290) AND (id <= 298389))

table 4 : explain SELECT SUM(k) FROM sbtest4 WHERE id BETWEEN 7155874 AND 7155973
	Aggregate  (cost=404.71..404.72 rows=1 width=8)
	  ->  Index Scan using sbtest4_pkey on sbtest4  (cost=0.43..404.45 rows=102 width=4)
	        Index Cond: ((id >= 7155874) AND (id <= 7155973))

table 5 : explain SELECT SUM(k) FROM sbtest5 WHERE id BETWEEN 3561389 AND 3561488
	Aggregate  (cost=420.62..420.63 rows=1 width=8)
	  ->  Index Scan using sbtest5_pkey on sbtest5  (cost=0.43..420.36 rows=106 width=4)
	        Index Cond: ((id >= 3561389) AND (id <= 3561488))

table 6 : explain SELECT SUM(k) FROM sbtest6 WHERE id BETWEEN 9202016 AND 9202115
	Aggregate  (cost=428.03..428.04 rows=1 width=8)
	  ->  Index Scan using sbtest6_pkey on sbtest6  (cost=0.43..427.76 rows=108 width=4)
	        Index Cond: ((id >= 9202016) AND (id <= 9202115))

table 7 : explain SELECT SUM(k) FROM sbtest7 WHERE id BETWEEN 9197521 AND 9197620
	Aggregate  (cost=419.98..419.99 rows=1 width=8)
	  ->  Index Scan using sbtest7_pkey on sbtest7  (cost=0.43..419.71 rows=106 width=4)
	        Index Cond: ((id >= 9197521) AND (id <= 9197620))

table 8 : explain SELECT SUM(k) FROM sbtest8 WHERE id BETWEEN 5699623 AND 5699722
	Aggregate  (cost=412.80..412.81 rows=1 width=8)
	  ->  Index Scan using sbtest8_pkey on sbtest8  (cost=0.43..412.54 rows=104 width=4)
	        Index Cond: ((id >= 5699623) AND (id <= 5699722))

explain: for point_selects :: explain SELECT c FROM sbtest%u WHERE id=%u
explain: for point_selects :: explain SELECT c FROM sbtest%u WHERE id=%u
explain: for point_selects :: explain SELECT c FROM sbtest%u WHERE id=%u
explain: for point_selects :: explain SELECT c FROM sbtest%u WHERE id=%u
explain: for point_selects :: explain SELECT c FROM sbtest%u WHERE id=%u
for point_selects
table 1 : explain SELECT c FROM sbtest1 WHERE id=2813954
	Index Scan using sbtest1_pkey on sbtest1  (cost=0.43..8.45 rows=1 width=121)
	  Index Cond: (id = 2813954)

table 2 : explain SELECT c FROM sbtest2 WHERE id=2606100
	Index Scan using sbtest2_pkey on sbtest2  (cost=0.43..8.45 rows=1 width=121)
	  Index Cond: (id = 2606100)

table 3 : explain SELECT c FROM sbtest3 WHERE id=4597791
	Index Scan using sbtest3_pkey on sbtest3  (cost=0.43..8.45 rows=1 width=121)
	  Index Cond: (id = 4597791)

table 4 : explain SELECT c FROM sbtest4 WHERE id=3241152
	Index Scan using sbtest4_pkey on sbtest4  (cost=0.43..8.45 rows=1 width=121)
	  Index Cond: (id = 3241152)

table 5 : explain SELECT c FROM sbtest5 WHERE id=36040
	Index Scan using sbtest5_pkey on sbtest5  (cost=0.43..8.45 rows=1 width=121)
	  Index Cond: (id = 36040)

table 6 : explain SELECT c FROM sbtest6 WHERE id=9692168
	Index Scan using sbtest6_pkey on sbtest6  (cost=0.43..8.45 rows=1 width=121)
	  Index Cond: (id = 9692168)

table 7 : explain SELECT c FROM sbtest7 WHERE id=1800760
	Index Scan using sbtest7_pkey on sbtest7  (cost=0.43..8.45 rows=1 width=121)
	  Index Cond: (id = 1800760)

table 8 : explain SELECT c FROM sbtest8 WHERE id=4592494
	Index Scan using sbtest8_pkey on sbtest8  (cost=0.43..8.45 rows=1 width=121)
	  Index Cond: (id = 4592494)

for point_selects
table 1 : explain SELECT c FROM sbtest1 WHERE id=3245593
	Index Scan using sbtest1_pkey on sbtest1  (cost=0.43..8.45 rows=1 width=121)
	  Index Cond: (id = 3245593)

table 2 : explain SELECT c FROM sbtest2 WHERE id=9957059
	Index Scan using sbtest2_pkey on sbtest2  (cost=0.43..8.45 rows=1 width=121)
	  Index Cond: (id = 9957059)

table 3 : explain SELECT c FROM sbtest3 WHERE id=2536549
	Index Scan using sbtest3_pkey on sbtest3  (cost=0.43..8.45 rows=1 width=121)
	  Index Cond: (id = 2536549)

table 4 : explain SELECT c FROM sbtest4 WHERE id=8641447
	Index Scan using sbtest4_pkey on sbtest4  (cost=0.43..8.45 rows=1 width=121)
	  Index Cond: (id = 8641447)

table 5 : explain SELECT c FROM sbtest5 WHERE id=8089412
	Index Scan using sbtest5_pkey on sbtest5  (cost=0.43..8.45 rows=1 width=121)
	  Index Cond: (id = 8089412)

table 6 : explain SELECT c FROM sbtest6 WHERE id=99053
	Index Scan using sbtest6_pkey on sbtest6  (cost=0.43..8.45 rows=1 width=121)
	  Index Cond: (id = 99053)

table 7 : explain SELECT c FROM sbtest7 WHERE id=9915044
	Index Scan using sbtest7_pkey on sbtest7  (cost=0.43..8.45 rows=1 width=121)
	  Index Cond: (id = 9915044)

table 8 : explain SELECT c FROM sbtest8 WHERE id=4267005
	Index Scan using sbtest8_pkey on sbtest8  (cost=0.43..8.45 rows=1 width=121)
	  Index Cond: (id = 4267005)

explain: for point_selects :: explain SELECT c FROM sbtest%u WHERE id=%u
for: order_ranges
table 1 : explain SELECT c FROM sbtest1 WHERE id BETWEEN 6959801 AND 6959900 ORDER BY c
	Sort  (cost=450.21..450.49 rows=113 width=121)
	  Sort Key: c
	  ->  Index Scan using sbtest1_pkey on sbtest1  (cost=0.43..446.36 rows=113 width=121)
	        Index Cond: ((id >= 6959801) AND (id <= 6959900))

table 2 : explain SELECT c FROM sbtest2 WHERE id BETWEEN 1464546 AND 1464645 ORDER BY c
	Sort  (cost=382.88..383.12 rows=96 width=121)
	  Sort Key: c
	  ->  Index Scan using sbtest2_pkey on sbtest2  (cost=0.43..379.72 rows=96 width=121)
	        Index Cond: ((id >= 1464546) AND (id <= 1464645))

table 3 : explain SELECT c FROM sbtest3 WHERE id BETWEEN 544992 AND 545091 ORDER BY c
	Sort  (cost=367.94..368.17 rows=92 width=121)
	  Sort Key: c
	  ->  Index Scan using sbtest3_pkey on sbtest3  (cost=0.43..364.94 rows=92 width=121)
	        Index Cond: ((id >= 544992) AND (id <= 545091))

table 4 : explain SELECT c FROM sbtest4 WHERE id BETWEEN 4446900 AND 4446999 ORDER BY c
	Sort  (cost=423.70..423.96 rows=106 width=121)
	  Sort Key: c
	  ->  Index Scan using sbtest4_pkey on sbtest4  (cost=0.43..420.13 rows=106 width=121)
	        Index Cond: ((id >= 4446900) AND (id <= 4446999))

table 5 : explain SELECT c FROM sbtest5 WHERE id BETWEEN 3313818 AND 3313917 ORDER BY c
	Sort  (cost=388.26..388.50 rows=97 width=121)
	  Sort Key: c
	  ->  Index Scan using sbtest5_pkey on sbtest5  (cost=0.43..385.06 rows=97 width=121)
	        Index Cond: ((id >= 3313818) AND (id <= 3313917))

table 6 : explain SELECT c FROM sbtest6 WHERE id BETWEEN 3835306 AND 3835405 ORDER BY c
	Sort  (cost=415.57..415.83 rows=104 width=121)
	  Sort Key: c
	  ->  Index Scan using sbtest6_pkey on sbtest6  (cost=0.43..412.09 rows=104 width=121)
	        Index Cond: ((id >= 3835306) AND (id <= 3835405))

table 7 : explain SELECT c FROM sbtest7 WHERE id BETWEEN 8617825 AND 8617924 ORDER BY c
	Sort  (cost=391.63..391.87 rows=98 width=121)
	  Sort Key: c
	  ->  Index Scan using sbtest7_pkey on sbtest7  (cost=0.43..388.39 rows=98 width=121)
	        Index Cond: ((id >= 8617825) AND (id <= 8617924))

table 8 : explain SELECT c FROM sbtest8 WHERE id BETWEEN 6777215 AND 6777314 ORDER BY c
	Sort  (cost=388.29..388.53 rows=97 width=121)
	  Sort Key: c
	  ->  Index Scan using sbtest8_pkey on sbtest8  (cost=0.43..385.08 rows=97 width=121)
	        Index Cond: ((id >= 6777215) AND (id <= 6777314))

for point_selects
table 1 : explain SELECT c FROM sbtest1 WHERE id=9427169
	Index Scan using sbtest1_pkey on sbtest1  (cost=0.43..8.45 rows=1 width=121)
	  Index Cond: (id = 9427169)

table 2 : explain SELECT c FROM sbtest2 WHERE id=1134276
	Index Scan using sbtest2_pkey on sbtest2  (cost=0.43..8.45 rows=1 width=121)
	  Index Cond: (id = 1134276)

table 3 : explain SELECT c FROM sbtest3 WHERE id=7444817
	Index Scan using sbtest3_pkey on sbtest3  (cost=0.43..8.45 rows=1 width=121)
	  Index Cond: (id = 7444817)

table 4 : explain SELECT c FROM sbtest4 WHERE id=1218119
	Index Scan using sbtest4_pkey on sbtest4  (cost=0.43..8.45 rows=1 width=121)
	  Index Cond: (id = 1218119)

table 5 : explain SELECT c FROM sbtest5 WHERE id=3353382
	Index Scan using sbtest5_pkey on sbtest5  (cost=0.43..8.45 rows=1 width=121)
	  Index Cond: (id = 3353382)

table 6 : explain SELECT c FROM sbtest6 WHERE id=6815825
	Index Scan using sbtest6_pkey on sbtest6  (cost=0.43..8.45 rows=1 width=121)
	  Index Cond: (id = 6815825)

table 7 : explain SELECT c FROM sbtest7 WHERE id=5200509
	Index Scan using sbtest7_pkey on sbtest7  (cost=0.43..8.45 rows=1 width=121)
	  Index Cond: (id = 5200509)

table 8 : explain SELECT c FROM sbtest8 WHERE id=8501415
	Index Scan using sbtest8_pkey on sbtest8  (cost=0.43..8.45 rows=1 width=121)
	  Index Cond: (id = 8501415)

for point_selects
table 1 : explain SELECT c FROM sbtest1 WHERE id=2661085
	Index Scan using sbtest1_pkey on sbtest1  (cost=0.43..8.45 rows=1 width=121)
	  Index Cond: (id = 2661085)

table 2 : explain SELECT c FROM sbtest2 WHERE id=5233659
	Index Scan using sbtest2_pkey on sbtest2  (cost=0.43..8.45 rows=1 width=121)
	  Index Cond: (id = 5233659)

table 3 : explain SELECT c FROM sbtest3 WHERE id=7534647
	Index Scan using sbtest3_pkey on sbtest3  (cost=0.43..8.45 rows=1 width=121)
	  Index Cond: (id = 7534647)

table 4 : explain SELECT c FROM sbtest4 WHERE id=589005
	Index Scan using sbtest4_pkey on sbtest4  (cost=0.43..8.45 rows=1 width=121)
	  Index Cond: (id = 589005)

table 5 : explain SELECT c FROM sbtest5 WHERE id=241139
	Index Scan using sbtest5_pkey on sbtest5  (cost=0.43..8.45 rows=1 width=121)
	  Index Cond: (id = 241139)

table 6 : explain SELECT c FROM sbtest6 WHERE id=6209644
	Index Scan using sbtest6_pkey on sbtest6  (cost=0.43..8.45 rows=1 width=121)
	  Index Cond: (id = 6209644)

table 7 : explain SELECT c FROM sbtest7 WHERE id=8274152
	Index Scan using sbtest7_pkey on sbtest7  (cost=0.43..8.45 rows=1 width=121)
	  Index Cond: (id = 8274152)

table 8 : explain SELECT c FROM sbtest8 WHERE id=3494658
	Index Scan using sbtest8_pkey on sbtest8  (cost=0.43..8.45 rows=1 width=121)
	  Index Cond: (id = 3494658)

for point_selects
table 1 : explain SELECT c FROM sbtest1 WHERE id=6515640
	Index Scan using sbtest1_pkey on sbtest1  (cost=0.43..8.45 rows=1 width=121)
	  Index Cond: (id = 6515640)

table 2 : explain SELECT c FROM sbtest2 WHERE id=9942606
	Index Scan using sbtest2_pkey on sbtest2  (cost=0.43..8.45 rows=1 width=121)
	  Index Cond: (id = 9942606)

table 3 : explain SELECT c FROM sbtest3 WHERE id=6402930
	Index Scan using sbtest3_pkey on sbtest3  (cost=0.43..8.45 rows=1 width=121)
	  Index Cond: (id = 6402930)

table 4 : explain SELECT c FROM sbtest4 WHERE id=8535681
	Index Scan using sbtest4_pkey on sbtest4  (cost=0.43..8.45 rows=1 width=121)
	  Index Cond: (id = 8535681)

table 5 : explain SELECT c FROM sbtest5 WHERE id=960542
	Index Scan using sbtest5_pkey on sbtest5  (cost=0.43..8.45 rows=1 width=121)
	  Index Cond: (id = 960542)

table 6 : explain SELECT c FROM sbtest6 WHERE id=3394667
	Index Scan using sbtest6_pkey on sbtest6  (cost=0.43..8.45 rows=1 width=121)
	  Index Cond: (id = 3394667)

table 7 : explain SELECT c FROM sbtest7 WHERE id=1655583
	Index Scan using sbtest7_pkey on sbtest7  (cost=0.43..8.45 rows=1 width=121)
	  Index Cond: (id = 1655583)

table 8 : explain SELECT c FROM sbtest8 WHERE id=8248743
	Index Scan using sbtest8_pkey on sbtest8  (cost=0.43..8.45 rows=1 width=121)
	  Index Cond: (id = 8248743)

for: simple_ranges
table 1 : explain SELECT c FROM sbtest1 WHERE id BETWEEN 8205859 AND 8205958
	Index Scan using sbtest1_pkey on sbtest1  (cost=0.43..411.17 rows=104 width=121)
	  Index Cond: ((id >= 8205859) AND (id <= 8205958))

table 2 : explain SELECT c FROM sbtest2 WHERE id BETWEEN 7323973 AND 7324072
	Index Scan using sbtest2_pkey on sbtest2  (cost=0.43..411.01 rows=104 width=121)
	  Index Cond: ((id >= 7323973) AND (id <= 7324072))

table 3 : explain SELECT c FROM sbtest3 WHERE id BETWEEN 2473571 AND 2473670
	Index Scan using sbtest3_pkey on sbtest3  (cost=0.43..396.28 rows=100 width=121)
	  Index Cond: ((id >= 2473571) AND (id <= 2473670))

table 4 : explain SELECT c FROM sbtest4 WHERE id BETWEEN 3954641 AND 3954740
	Index Scan using sbtest4_pkey on sbtest4  (cost=0.43..435.81 rows=110 width=121)
	  Index Cond: ((id >= 3954641) AND (id <= 3954740))

table 5 : explain SELECT c FROM sbtest5 WHERE id BETWEEN 2051026 AND 2051125
	Index Scan using sbtest5_pkey on sbtest5  (cost=0.43..388.98 rows=98 width=121)
	  Index Cond: ((id >= 2051026) AND (id <= 2051125))

table 6 : explain SELECT c FROM sbtest6 WHERE id BETWEEN 5071655 AND 5071754
	Index Scan using sbtest6_pkey on sbtest6  (cost=0.43..416.00 rows=105 width=121)
	  Index Cond: ((id >= 5071655) AND (id <= 5071754))

table 7 : explain SELECT c FROM sbtest7 WHERE id BETWEEN 3214353 AND 3214452
	Index Scan using sbtest7_pkey on sbtest7  (cost=0.43..439.29 rows=111 width=121)
	  Index Cond: ((id >= 3214353) AND (id <= 3214452))

table 8 : explain SELECT c FROM sbtest8 WHERE id BETWEEN 8945116 AND 8945215
	Index Scan using sbtest8_pkey on sbtest8  (cost=0.43..389.01 rows=98 width=121)
	  Index Cond: ((id >= 8945116) AND (id <= 8945215))

for: simple_ranges
table 1 : explain SELECT c FROM sbtest1 WHERE id BETWEEN 4046473 AND 4046572
	Index Scan using sbtest1_pkey on sbtest1  (cost=0.43..426.81 rows=108 width=121)
	  Index Cond: ((id >= 4046473) AND (id <= 4046572))

table 2 : explain SELECT c FROM sbtest2 WHERE id BETWEEN 144822 AND 144921
	Index Scan using sbtest2_pkey on sbtest2  (cost=0.43..418.82 rows=106 width=121)
	  Index Cond: ((id >= 144822) AND (id <= 144921))

table 3 : explain SELECT c FROM sbtest3 WHERE id BETWEEN 2833520 AND 2833619
	Index Scan using sbtest3_pkey on sbtest3  (cost=0.43..396.28 rows=100 width=121)
	  Index Cond: ((id >= 2833520) AND (id <= 2833619))

table 4 : explain SELECT c FROM sbtest4 WHERE id BETWEEN 721398 AND 721497
	Index Scan using sbtest4_pkey on sbtest4  (cost=0.43..455.41 rows=115 width=121)
	  Index Cond: ((id >= 721398) AND (id <= 721497))

table 5 : explain SELECT c FROM sbtest5 WHERE id BETWEEN 8550927 AND 8551026
	Index Scan using sbtest5_pkey on sbtest5  (cost=0.43..416.44 rows=105 width=121)
	  Index Cond: ((id >= 8550927) AND (id <= 8551026))

table 6 : explain SELECT c FROM sbtest6 WHERE id BETWEEN 6767708 AND 6767807
	Index Scan using sbtest6_pkey on sbtest6  (cost=0.43..408.17 rows=103 width=121)
	  Index Cond: ((id >= 6767708) AND (id <= 6767807))

table 7 : explain SELECT c FROM sbtest7 WHERE id BETWEEN 2392338 AND 2392437
	Index Scan using sbtest7_pkey on sbtest7  (cost=0.43..404.05 rows=102 width=121)
	  Index Cond: ((id >= 2392338) AND (id <= 2392437))

table 8 : explain SELECT c FROM sbtest8 WHERE id BETWEEN 2815843 AND 2815942
	Index Scan using sbtest8_pkey on sbtest8  (cost=0.43..412.54 rows=104 width=121)
	  Index Cond: ((id >= 2815843) AND (id <= 2815942))

for: order_ranges
table 1 : explain SELECT c FROM sbtest1 WHERE id BETWEEN 9054561 AND 9054660 ORDER BY c
	Sort  (cost=387.01..387.25 rows=97 width=121)
	  Sort Key: c
	  ->  Index Scan using sbtest1_pkey on sbtest1  (cost=0.43..383.81 rows=97 width=121)
	        Index Cond: ((id >= 9054561) AND (id <= 9054660))

table 2 : explain SELECT c FROM sbtest2 WHERE id BETWEEN 8557061 AND 8557160 ORDER BY c
	Sort  (cost=414.49..414.75 rows=104 width=121)
	  Sort Key: c
	  ->  Index Scan using sbtest2_pkey on sbtest2  (cost=0.43..411.01 rows=104 width=121)
	        Index Cond: ((id >= 8557061) AND (id <= 8557160))

table 3 : explain SELECT c FROM sbtest3 WHERE id BETWEEN 70008 AND 70107 ORDER BY c
	Sort  (cost=474.79..475.09 rows=119 width=121)
	  Sort Key: c
	  ->  Index Scan using sbtest3_pkey on sbtest3  (cost=0.43..470.69 rows=119 width=121)
	        Index Cond: ((id >= 70008) AND (id <= 70107))

table 4 : explain SELECT c FROM sbtest4 WHERE id BETWEEN 4115037 AND 4115136 ORDER BY c
	Sort  (cost=399.93..400.18 rows=100 width=121)
	  Sort Key: c
	  ->  Index Scan using sbtest4_pkey on sbtest4  (cost=0.43..396.61 rows=100 width=121)
	        Index Cond: ((id >= 4115037) AND (id <= 4115136))

table 5 : explain SELECT c FROM sbtest5 WHERE id BETWEEN 4476461 AND 4476560 ORDER BY c
	Sort  (cost=404.11..404.36 rows=101 width=121)
	  Sort Key: c
	  ->  Index Scan using sbtest5_pkey on sbtest5  (cost=0.43..400.75 rows=101 width=121)
	        Index Cond: ((id >= 4476461) AND (id <= 4476560))

table 6 : explain SELECT c FROM sbtest6 WHERE id BETWEEN 8120381 AND 8120480 ORDER BY c
	Sort  (cost=407.65..407.91 rows=102 width=121)
	  Sort Key: c
	  ->  Index Scan using sbtest6_pkey on sbtest6  (cost=0.43..404.25 rows=102 width=121)
	        Index Cond: ((id >= 8120381) AND (id <= 8120480))

table 7 : explain SELECT c FROM sbtest7 WHERE id BETWEEN 77239 AND 77338 ORDER BY c
	Sort  (cost=415.37..415.63 rows=104 width=121)
	  Sort Key: c
	  ->  Index Scan using sbtest7_pkey on sbtest7  (cost=0.43..411.88 rows=104 width=121)
	        Index Cond: ((id >= 77239) AND (id <= 77338))

table 8 : explain SELECT c FROM sbtest8 WHERE id BETWEEN 9989683 AND 9989782 ORDER BY c
	Sort  (cost=404.14..404.39 rows=101 width=121)
	  Sort Key: c
	  ->  Index Scan using sbtest8_pkey on sbtest8  (cost=0.43..400.77 rows=101 width=121)
	        Index Cond: ((id >= 9989683) AND (id <= 9989782))

explain: for point_selects :: explain SELECT c FROM sbtest%u WHERE id=%u
for: sum_ranges
table 1 : explain SELECT SUM(k) FROM sbtest1 WHERE id BETWEEN 1158568 AND 1158667
	Aggregate  (cost=427.08..427.09 rows=1 width=8)
	  ->  Index Scan using sbtest1_pkey on sbtest1  (cost=0.43..426.81 rows=108 width=4)
	        Index Cond: ((id >= 1158568) AND (id <= 1158667))

table 2 : explain SELECT SUM(k) FROM sbtest2 WHERE id BETWEEN 8505849 AND 8505948
	Aggregate  (cost=391.72..391.73 rows=1 width=8)
	  ->  Index Scan using sbtest2_pkey on sbtest2  (cost=0.43..391.47 rows=99 width=4)
	        Index Cond: ((id >= 8505849) AND (id <= 8505948))

table 3 : explain SELECT SUM(k) FROM sbtest3 WHERE id BETWEEN 451072 AND 451171
	Aggregate  (cost=384.77..384.78 rows=1 width=8)
	  ->  Index Scan using sbtest3_pkey on sbtest3  (cost=0.43..384.53 rows=97 width=4)
	        Index Cond: ((id >= 451072) AND (id <= 451171))

table 4 : explain SELECT SUM(k) FROM sbtest4 WHERE id BETWEEN 3357487 AND 3357586
	Aggregate  (cost=420.40..420.41 rows=1 width=8)
	  ->  Index Scan using sbtest4_pkey on sbtest4  (cost=0.43..420.13 rows=106 width=4)
	        Index Cond: ((id >= 3357487) AND (id <= 3357586))

table 5 : explain SELECT SUM(k) FROM sbtest5 WHERE id BETWEEN 9599118 AND 9599217
	Aggregate  (cost=408.85..408.86 rows=1 width=8)
	  ->  Index Scan using sbtest5_pkey on sbtest5  (cost=0.43..408.59 rows=103 width=4)
	        Index Cond: ((id >= 9599118) AND (id <= 9599217))

table 6 : explain SELECT SUM(k) FROM sbtest6 WHERE id BETWEEN 5995699 AND 5995798
	Aggregate  (cost=384.90..384.91 rows=1 width=8)
	  ->  Index Scan using sbtest6_pkey on sbtest6  (cost=0.43..384.66 rows=97 width=4)
	        Index Cond: ((id >= 5995699) AND (id <= 5995798))

table 7 : explain SELECT SUM(k) FROM sbtest7 WHERE id BETWEEN 4502914 AND 4503013
	Aggregate  (cost=392.55..392.56 rows=1 width=8)
	  ->  Index Scan using sbtest7_pkey on sbtest7  (cost=0.43..392.30 rows=99 width=4)
	        Index Cond: ((id >= 4502914) AND (id <= 4503013))

table 8 : explain SELECT SUM(k) FROM sbtest8 WHERE id BETWEEN 1271068 AND 1271167
	Aggregate  (cost=404.95..404.96 rows=1 width=8)
	  ->  Index Scan using sbtest8_pkey on sbtest8  (cost=0.43..404.70 rows=102 width=4)
	        Index Cond: ((id >= 1271068) AND (id <= 1271167))

for point_selects
table 1 : explain SELECT c FROM sbtest1 WHERE id=5000122
	Index Scan using sbtest1_pkey on sbtest1  (cost=0.43..8.45 rows=1 width=121)
	  Index Cond: (id = 5000122)

table 2 : explain SELECT c FROM sbtest2 WHERE id=2511546
	Index Scan using sbtest2_pkey on sbtest2  (cost=0.43..8.45 rows=1 width=121)
	  Index Cond: (id = 2511546)

table 3 : explain SELECT c FROM sbtest3 WHERE id=8937282
	Index Scan using sbtest3_pkey on sbtest3  (cost=0.43..8.45 rows=1 width=121)
	  Index Cond: (id = 8937282)

table 4 : explain SELECT c FROM sbtest4 WHERE id=5544357
	Index Scan using sbtest4_pkey on sbtest4  (cost=0.43..8.45 rows=1 width=121)
	  Index Cond: (id = 5544357)

table 5 : explain SELECT c FROM sbtest5 WHERE id=6327077
	Index Scan using sbtest5_pkey on sbtest5  (cost=0.43..8.45 rows=1 width=121)
	  Index Cond: (id = 6327077)

table 6 : explain SELECT c FROM sbtest6 WHERE id=7003582
	Index Scan using sbtest6_pkey on sbtest6  (cost=0.43..8.45 rows=1 width=121)
	  Index Cond: (id = 7003582)

table 7 : explain SELECT c FROM sbtest7 WHERE id=5016472
	Index Scan using sbtest7_pkey on sbtest7  (cost=0.43..8.45 rows=1 width=121)
	  Index Cond: (id = 5016472)

table 8 : explain SELECT c FROM sbtest8 WHERE id=1753378
	Index Scan using sbtest8_pkey on sbtest8  (cost=0.43..8.45 rows=1 width=121)
	  Index Cond: (id = 1753378)

for point_selects
table 1 : explain SELECT c FROM sbtest1 WHERE id=9224954
	Index Scan using sbtest1_pkey on sbtest1  (cost=0.43..8.45 rows=1 width=121)
	  Index Cond: (id = 9224954)

table 2 : explain SELECT c FROM sbtest2 WHERE id=9934461
	Index Scan using sbtest2_pkey on sbtest2  (cost=0.43..8.45 rows=1 width=121)
	  Index Cond: (id = 9934461)

table 3 : explain SELECT c FROM sbtest3 WHERE id=7887108
	Index Scan using sbtest3_pkey on sbtest3  (cost=0.43..8.45 rows=1 width=121)
	  Index Cond: (id = 7887108)

table 4 : explain SELECT c FROM sbtest4 WHERE id=1354422
	Index Scan using sbtest4_pkey on sbtest4  (cost=0.43..8.45 rows=1 width=121)
	  Index Cond: (id = 1354422)

table 5 : explain SELECT c FROM sbtest5 WHERE id=8424113
	Index Scan using sbtest5_pkey on sbtest5  (cost=0.43..8.45 rows=1 width=121)
	  Index Cond: (id = 8424113)

table 6 : explain SELECT c FROM sbtest6 WHERE id=2772641
	Index Scan using sbtest6_pkey on sbtest6  (cost=0.43..8.45 rows=1 width=121)
	  Index Cond: (id = 2772641)

table 7 : explain SELECT c FROM sbtest7 WHERE id=8369864
	Index Scan using sbtest7_pkey on sbtest7  (cost=0.43..8.45 rows=1 width=121)
	  Index Cond: (id = 8369864)

table 8 : explain SELECT c FROM sbtest8 WHERE id=770046
	Index Scan using sbtest8_pkey on sbtest8  (cost=0.43..8.45 rows=1 width=121)
	  Index Cond: (id = 770046)

for: order_ranges
table 1 : explain SELECT c FROM sbtest1 WHERE id BETWEEN 4988157 AND 4988256 ORDER BY c
	Sort  (cost=379.11..379.35 rows=95 width=121)
	  Sort Key: c
	  ->  Index Scan using sbtest1_pkey on sbtest1  (cost=0.43..375.99 rows=95 width=121)
	        Index Cond: ((id >= 4988157) AND (id <= 4988256))

table 2 : explain SELECT c FROM sbtest2 WHERE id BETWEEN 4401374 AND 4401473 ORDER BY c
	Sort  (cost=422.39..422.66 rows=106 width=121)
	  Sort Key: c
	  ->  Index Scan using sbtest2_pkey on sbtest2  (cost=0.43..418.82 rows=106 width=121)
	        Index Cond: ((id >= 4401374) AND (id <= 4401473))

table 3 : explain SELECT c FROM sbtest3 WHERE id BETWEEN 1628943 AND 1629042 ORDER BY c
	Sort  (cost=391.68..391.93 rows=98 width=121)
	  Sort Key: c
	  ->  Index Scan using sbtest3_pkey on sbtest3  (cost=0.43..388.44 rows=98 width=121)
	        Index Cond: ((id >= 1628943) AND (id <= 1629042))

table 4 : explain SELECT c FROM sbtest4 WHERE id BETWEEN 4733825 AND 4733924 ORDER BY c
	Sort  (cost=368.25..368.48 rows=92 width=121)
	  Sort Key: c
	  ->  Index Scan using sbtest4_pkey on sbtest4  (cost=0.43..365.25 rows=92 width=121)
	        Index Cond: ((id >= 4733825) AND (id <= 4733924))

table 5 : explain SELECT c FROM sbtest5 WHERE id BETWEEN 9342391 AND 9342490 ORDER BY c
	Sort  (cost=380.33..380.57 rows=95 width=121)
	  Sort Key: c
	  ->  Index Scan using sbtest5_pkey on sbtest5  (cost=0.43..377.21 rows=95 width=121)
	        Index Cond: ((id >= 9342391) AND (id <= 9342490))

table 6 : explain SELECT c FROM sbtest6 WHERE id BETWEEN 6558512 AND 6558611 ORDER BY c
	Sort  (cost=395.78..396.02 rows=99 width=121)
	  Sort Key: c
	  ->  Index Scan using sbtest6_pkey on sbtest6  (cost=0.43..392.50 rows=99 width=121)
	        Index Cond: ((id >= 6558512) AND (id <= 6558611))

table 7 : explain SELECT c FROM sbtest7 WHERE id BETWEEN 4797852 AND 4797951 ORDER BY c
	Sort  (cost=395.58..395.83 rows=99 width=121)
	  Sort Key: c
	  ->  Index Scan using sbtest7_pkey on sbtest7  (cost=0.43..392.30 rows=99 width=121)
	        Index Cond: ((id >= 4797852) AND (id <= 4797951))

table 8 : explain SELECT c FROM sbtest8 WHERE id BETWEEN 4037704 AND 4037803 ORDER BY c
	Sort  (cost=408.10..408.35 rows=102 width=121)
	  Sort Key: c
	  ->  Index Scan using sbtest8_pkey on sbtest8  (cost=0.43..404.70 rows=102 width=121)
	        Index Cond: ((id >= 4037704) AND (id <= 4037803))

explain: for point_selects :: explain SELECT c FROM sbtest%u WHERE id=%u
for: simple_ranges
table 1 : explain SELECT c FROM sbtest1 WHERE id BETWEEN 5124938 AND 5125037
	Index Scan using sbtest1_pkey on sbtest1  (cost=0.43..340.78 rows=86 width=121)
	  Index Cond: ((id >= 5124938) AND (id <= 5125037))

table 2 : explain SELECT c FROM sbtest2 WHERE id BETWEEN 448756 AND 448855
	Index Scan using sbtest2_pkey on sbtest2  (cost=0.43..352.37 rows=89 width=121)
	  Index Cond: ((id >= 448756) AND (id <= 448855))

table 3 : explain SELECT c FROM sbtest3 WHERE id BETWEEN 7293839 AND 7293938
	Index Scan using sbtest3_pkey on sbtest3  (cost=0.43..372.78 rows=94 width=121)
	  Index Cond: ((id >= 7293839) AND (id <= 7293938))

table 4 : explain SELECT c FROM sbtest4 WHERE id BETWEEN 9850868 AND 9850967
	Index Scan using sbtest4_pkey on sbtest4  (cost=0.43..357.39 rows=90 width=121)
	  Index Cond: ((id >= 9850868) AND (id <= 9850967))

table 5 : explain SELECT c FROM sbtest5 WHERE id BETWEEN 2526292 AND 2526391
	Index Scan using sbtest5_pkey on sbtest5  (cost=0.43..400.75 rows=101 width=121)
	  Index Cond: ((id >= 2526292) AND (id <= 2526391))

table 6 : explain SELECT c FROM sbtest6 WHERE id BETWEEN 1501986 AND 1502085
	Index Scan using sbtest6_pkey on sbtest6  (cost=0.43..388.58 rows=98 width=121)
	  Index Cond: ((id >= 1501986) AND (id <= 1502085))

table 7 : explain SELECT c FROM sbtest7 WHERE id BETWEEN 2858351 AND 2858450
	Index Scan using sbtest7_pkey on sbtest7  (cost=0.43..376.64 rows=95 width=121)
	  Index Cond: ((id >= 2858351) AND (id <= 2858450))

table 8 : explain SELECT c FROM sbtest8 WHERE id BETWEEN 7958731 AND 7958830
	Index Scan using sbtest8_pkey on sbtest8  (cost=0.43..381.14 rows=96 width=121)
	  Index Cond: ((id >= 7958731) AND (id <= 7958830))

for: simple_ranges
table 1 : explain SELECT c FROM sbtest1 WHERE id BETWEEN 831002 AND 831101
	Index Scan using sbtest1_pkey on sbtest1  (cost=0.43..387.72 rows=98 width=121)
	  Index Cond: ((id >= 831002) AND (id <= 831101))

table 2 : explain SELECT c FROM sbtest2 WHERE id BETWEEN 8657549 AND 8657648
	Index Scan using sbtest2_pkey on sbtest2  (cost=0.43..426.64 rows=108 width=121)
	  Index Cond: ((id >= 8657549) AND (id <= 8657648))

table 3 : explain SELECT c FROM sbtest3 WHERE id BETWEEN 9719055 AND 9719154
	Index Scan using sbtest3_pkey on sbtest3  (cost=0.43..341.42 rows=86 width=121)
	  Index Cond: ((id >= 9719055) AND (id <= 9719154))

table 4 : explain SELECT c FROM sbtest4 WHERE id BETWEEN 234781 AND 234880
	Index Scan using sbtest4_pkey on sbtest4  (cost=0.43..392.69 rows=99 width=121)
	  Index Cond: ((id >= 234781) AND (id <= 234880))

table 5 : explain SELECT c FROM sbtest5 WHERE id BETWEEN 1210589 AND 1210688
	Index Scan using sbtest5_pkey on sbtest5  (cost=0.43..400.75 rows=101 width=121)
	  Index Cond: ((id >= 1210589) AND (id <= 1210688))

table 6 : explain SELECT c FROM sbtest6 WHERE id BETWEEN 5877820 AND 5877919
	Index Scan using sbtest6_pkey on sbtest6  (cost=0.43..384.66 rows=97 width=121)
	  Index Cond: ((id >= 5877820) AND (id <= 5877919))

table 7 : explain SELECT c FROM sbtest7 WHERE id BETWEEN 757794 AND 757893
	Index Scan using sbtest7_pkey on sbtest7  (cost=0.43..427.55 rows=108 width=121)
	  Index Cond: ((id >= 757794) AND (id <= 757893))

table 8 : explain SELECT c FROM sbtest8 WHERE id BETWEEN 1091217 AND 1091316
	Index Scan using sbtest8_pkey on sbtest8  (cost=0.43..389.01 rows=98 width=121)
	  Index Cond: ((id >= 1091217) AND (id <= 1091316))

for: distinct_ranges
table 1 : explain SELECT DISTINCT c FROM sbtest1 WHERE id BETWEEN 8995884 AND 8995983 ORDER BY c
	Unique  (cost=422.56..423.09 rows=106 width=121)
	  ->  Sort  (cost=422.56..422.82 rows=106 width=121)
	        Sort Key: c
	        ->  Index Scan using sbtest1_pkey on sbtest1  (cost=0.43..418.99 rows=106 width=121)
	              Index Cond: ((id >= 8995884) AND (id <= 8995983))

table 2 : explain SELECT DISTINCT c FROM sbtest2 WHERE id BETWEEN 5454511 AND 5454610 ORDER BY c
	Unique  (cost=374.99..375.46 rows=94 width=121)
	  ->  Sort  (cost=374.99..375.22 rows=94 width=121)
	        Sort Key: c
	        ->  Index Scan using sbtest2_pkey on sbtest2  (cost=0.43..371.91 rows=94 width=121)
	              Index Cond: ((id >= 5454511) AND (id <= 5454610))

table 3 : explain SELECT DISTINCT c FROM sbtest3 WHERE id BETWEEN 9091239 AND 9091338 ORDER BY c
	Unique  (cost=427.30..427.83 rows=107 width=121)
	  ->  Sort  (cost=427.30..427.57 rows=107 width=121)
	        Sort Key: c
	        ->  Index Scan using sbtest3_pkey on sbtest3  (cost=0.43..423.69 rows=107 width=121)
	              Index Cond: ((id >= 9091239) AND (id <= 9091338))

table 4 : explain SELECT DISTINCT c FROM sbtest4 WHERE id BETWEEN 7446472 AND 7446571 ORDER BY c
	Unique  (cost=388.05..388.54 rows=97 width=121)
	  ->  Sort  (cost=388.05..388.29 rows=97 width=121)
	        Sort Key: c
	        ->  Index Scan using sbtest4_pkey on sbtest4  (cost=0.43..384.85 rows=97 width=121)
	              Index Cond: ((id >= 7446472) AND (id <= 7446571))

table 5 : explain SELECT DISTINCT c FROM sbtest5 WHERE id BETWEEN 5440049 AND 5440148 ORDER BY c
	Unique  (cost=384.30..384.78 rows=96 width=121)
	  ->  Sort  (cost=384.30..384.54 rows=96 width=121)
	        Sort Key: c
	        ->  Index Scan using sbtest5_pkey on sbtest5  (cost=0.43..381.14 rows=96 width=121)
	              Index Cond: ((id >= 5440049) AND (id <= 5440148))

table 6 : explain SELECT DISTINCT c FROM sbtest6 WHERE id BETWEEN 542839 AND 542938 ORDER BY c
	Unique  (cost=391.82..392.31 rows=98 width=121)
	  ->  Sort  (cost=391.82..392.06 rows=98 width=121)
	        Sort Key: c
	        ->  Index Scan using sbtest6_pkey on sbtest6  (cost=0.43..388.58 rows=98 width=121)
	              Index Cond: ((id >= 542839) AND (id <= 542938))

table 7 : explain SELECT DISTINCT c FROM sbtest7 WHERE id BETWEEN 1315493 AND 1315592 ORDER BY c
	Unique  (cost=427.24..427.77 rows=107 width=121)
	  ->  Sort  (cost=427.24..427.50 rows=107 width=121)
	        Sort Key: c
	        ->  Index Scan using sbtest7_pkey on sbtest7  (cost=0.43..423.63 rows=107 width=121)
	              Index Cond: ((id >= 1315493) AND (id <= 1315592))

table 8 : explain SELECT DISTINCT c FROM sbtest8 WHERE id BETWEEN 3333935 AND 3334034 ORDER BY c
	Unique  (cost=380.34..380.81 rows=95 width=121)
	  ->  Sort  (cost=380.34..380.57 rows=95 width=121)
	        Sort Key: c
	        ->  Index Scan using sbtest8_pkey on sbtest8  (cost=0.43..377.22 rows=95 width=121)
	              Index Cond: ((id >= 3333935) AND (id <= 3334034))

for: sum_ranges
table 1 : explain SELECT SUM(k) FROM sbtest1 WHERE id BETWEEN 4012010 AND 4012109
	Aggregate  (cost=364.47..364.48 rows=1 width=8)
	  ->  Index Scan using sbtest1_pkey on sbtest1  (cost=0.43..364.24 rows=92 width=4)
	        Index Cond: ((id >= 4012010) AND (id <= 4012109))

table 2 : explain SELECT SUM(k) FROM sbtest2 WHERE id BETWEEN 4001494 AND 4001593
	Aggregate  (cost=379.96..379.97 rows=1 width=8)
	  ->  Index Scan using sbtest2_pkey on sbtest2  (cost=0.43..379.72 rows=96 width=4)
	        Index Cond: ((id >= 4001494) AND (id <= 4001593))

table 3 : explain SELECT SUM(k) FROM sbtest3 WHERE id BETWEEN 9593583 AND 9593682
	Aggregate  (cost=369.09..369.10 rows=1 width=8)
	  ->  Index Scan using sbtest3_pkey on sbtest3  (cost=0.43..368.86 rows=93 width=4)
	        Index Cond: ((id >= 9593583) AND (id <= 9593682))

table 4 : explain SELECT SUM(k) FROM sbtest4 WHERE id BETWEEN 2115529 AND 2115628
	Aggregate  (cost=385.09..385.10 rows=1 width=8)
	  ->  Index Scan using sbtest4_pkey on sbtest4  (cost=0.43..384.85 rows=97 width=4)
	        Index Cond: ((id >= 2115529) AND (id <= 2115628))

table 5 : explain SELECT SUM(k) FROM sbtest5 WHERE id BETWEEN 7065288 AND 7065387
	Aggregate  (cost=408.85..408.86 rows=1 width=8)
	  ->  Index Scan using sbtest5_pkey on sbtest5  (cost=0.43..408.59 rows=103 width=4)
	        Index Cond: ((id >= 7065288) AND (id <= 7065387))

table 6 : explain SELECT SUM(k) FROM sbtest6 WHERE id BETWEEN 786631 AND 786730
	Aggregate  (cost=396.66..396.67 rows=1 width=8)
	  ->  Index Scan using sbtest6_pkey on sbtest6  (cost=0.43..396.41 rows=100 width=4)
	        Index Cond: ((id >= 786631) AND (id <= 786730))

table 7 : explain SELECT SUM(k) FROM sbtest7 WHERE id BETWEEN 1391032 AND 1391131
	Aggregate  (cost=423.90..423.91 rows=1 width=8)
	  ->  Index Scan using sbtest7_pkey on sbtest7  (cost=0.43..423.63 rows=107 width=4)
	        Index Cond: ((id >= 1391032) AND (id <= 1391131))

table 8 : explain SELECT SUM(k) FROM sbtest8 WHERE id BETWEEN 8265508 AND 8265607
	Aggregate  (cost=349.98..349.99 rows=1 width=8)
	  ->  Index Scan using sbtest8_pkey on sbtest8  (cost=0.43..349.76 rows=88 width=4)
	        Index Cond: ((id >= 8265508) AND (id <= 8265607))

for: distinct_ranges
table 1 : explain SELECT DISTINCT c FROM sbtest1 WHERE id BETWEEN 3813715 AND 3813814 ORDER BY c
	Unique  (cost=414.66..415.18 rows=104 width=121)
	  ->  Sort  (cost=414.66..414.92 rows=104 width=121)
	        Sort Key: c
	        ->  Index Scan using sbtest1_pkey on sbtest1  (cost=0.43..411.17 rows=104 width=121)
	              Index Cond: ((id >= 3813715) AND (id <= 3813814))

table 2 : explain SELECT DISTINCT c FROM sbtest2 WHERE id BETWEEN 4335221 AND 4335320 ORDER BY c
	Unique  (cost=406.60..407.11 rows=102 width=121)
	  ->  Sort  (cost=406.60..406.85 rows=102 width=121)
	        Sort Key: c
	        ->  Index Scan using sbtest2_pkey on sbtest2  (cost=0.43..403.19 rows=102 width=121)
	              Index Cond: ((id >= 4335221) AND (id <= 4335320))

table 3 : explain SELECT DISTINCT c FROM sbtest3 WHERE id BETWEEN 6037337 AND 6037436 ORDER BY c
	Unique  (cost=379.81..380.29 rows=95 width=121)
	  ->  Sort  (cost=379.81..380.05 rows=95 width=121)
	        Sort Key: c
	        ->  Index Scan using sbtest3_pkey on sbtest3  (cost=0.43..376.69 rows=95 width=121)
	              Index Cond: ((id >= 6037337) AND (id <= 6037436))

table 4 : explain SELECT DISTINCT c FROM sbtest4 WHERE id BETWEEN 7779683 AND 7779782 ORDER BY c
	Unique  (cost=427.66..428.19 rows=107 width=121)
	  ->  Sort  (cost=427.66..427.92 rows=107 width=121)
	        Sort Key: c
	        ->  Index Scan using sbtest4_pkey on sbtest4  (cost=0.43..424.05 rows=107 width=121)
	              Index Cond: ((id >= 7779683) AND (id <= 7779782))

table 5 : explain SELECT DISTINCT c FROM sbtest5 WHERE id BETWEEN 4549655 AND 4549754 ORDER BY c
	Unique  (cost=404.11..404.61 rows=101 width=121)
	  ->  Sort  (cost=404.11..404.36 rows=101 width=121)
	        Sort Key: c
	        ->  Index Scan using sbtest5_pkey on sbtest5  (cost=0.43..400.75 rows=101 width=121)
	              Index Cond: ((id >= 4549655) AND (id <= 4549754))

table 6 : explain SELECT DISTINCT c FROM sbtest6 WHERE id BETWEEN 4364933 AND 4365032 ORDER BY c
	Unique  (cost=368.05..368.51 rows=92 width=121)
	  ->  Sort  (cost=368.05..368.28 rows=92 width=121)
	        Sort Key: c
	        ->  Index Scan using sbtest6_pkey on sbtest6  (cost=0.43..365.04 rows=92 width=121)
	              Index Cond: ((id >= 4364933) AND (id <= 4365032))

table 7 : explain SELECT DISTINCT c FROM sbtest7 WHERE id BETWEEN 3013177 AND 3013276 ORDER BY c
	Unique  (cost=415.37..415.89 rows=104 width=121)
	  ->  Sort  (cost=415.37..415.63 rows=104 width=121)
	        Sort Key: c
	        ->  Index Scan using sbtest7_pkey on sbtest7  (cost=0.43..411.88 rows=104 width=121)
	              Index Cond: ((id >= 3013177) AND (id <= 3013276))

table 8 : explain SELECT DISTINCT c FROM sbtest8 WHERE id BETWEEN 6041601 AND 6041700 ORDER BY c
	Unique  (cost=396.21..396.71 rows=99 width=121)
	  ->  Sort  (cost=396.21..396.46 rows=99 width=121)
	        Sort Key: c
	        ->  Index Scan using sbtest8_pkey on sbtest8  (cost=0.43..392.93 rows=99 width=121)
	              Index Cond: ((id >= 6041601) AND (id <= 6041700))

for: sum_ranges
table 1 : explain SELECT SUM(k) FROM sbtest1 WHERE id BETWEEN 3586445 AND 3586544
	Aggregate  (cost=387.97..387.98 rows=1 width=8)
	  ->  Index Scan using sbtest1_pkey on sbtest1  (cost=0.43..387.72 rows=98 width=4)
	        Index Cond: ((id >= 3586445) AND (id <= 3586544))

table 2 : explain SELECT SUM(k) FROM sbtest2 WHERE id BETWEEN 6287230 AND 6287329
	Aggregate  (cost=368.23..368.24 rows=1 width=8)
	  ->  Index Scan using sbtest2_pkey on sbtest2  (cost=0.43..368.00 rows=93 width=4)
	        Index Cond: ((id >= 6287230) AND (id <= 6287329))

table 3 : explain SELECT SUM(k) FROM sbtest3 WHERE id BETWEEN 4273559 AND 4273658
	Aggregate  (cost=408.28..408.29 rows=1 width=8)
	  ->  Index Scan using sbtest3_pkey on sbtest3  (cost=0.43..408.03 rows=103 width=4)
	        Index Cond: ((id >= 4273559) AND (id <= 4273658))

table 4 : explain SELECT SUM(k) FROM sbtest4 WHERE id BETWEEN 8049474 AND 8049573
	Aggregate  (cost=389.02..389.03 rows=1 width=8)
	  ->  Index Scan using sbtest4_pkey on sbtest4  (cost=0.43..388.77 rows=98 width=4)
	        Index Cond: ((id >= 8049474) AND (id <= 8049573))

table 5 : explain SELECT SUM(k) FROM sbtest5 WHERE id BETWEEN 4748219 AND 4748318
	Aggregate  (cost=389.23..389.24 rows=1 width=8)
	  ->  Index Scan using sbtest5_pkey on sbtest5  (cost=0.43..388.98 rows=98 width=4)
	        Index Cond: ((id >= 4748219) AND (id <= 4748318))

table 6 : explain SELECT SUM(k) FROM sbtest6 WHERE id BETWEEN 7646055 AND 7646154
	Aggregate  (cost=400.58..400.59 rows=1 width=8)
	  ->  Index Scan using sbtest6_pkey on sbtest6  (cost=0.43..400.33 rows=101 width=4)
	        Index Cond: ((id >= 7646055) AND (id <= 7646154))

table 7 : explain SELECT SUM(k) FROM sbtest7 WHERE id BETWEEN 9657173 AND 9657272
	Aggregate  (cost=396.47..396.48 rows=1 width=8)
	  ->  Index Scan using sbtest7_pkey on sbtest7  (cost=0.43..396.22 rows=100 width=4)
	        Index Cond: ((id >= 9657173) AND (id <= 9657272))

table 8 : explain SELECT SUM(k) FROM sbtest8 WHERE id BETWEEN 3321159 AND 3321258
	Aggregate  (cost=428.50..428.51 rows=1 width=8)
	  ->  Index Scan using sbtest8_pkey on sbtest8  (cost=0.43..428.23 rows=108 width=4)
	        Index Cond: ((id >= 3321159) AND (id <= 3321258))

for: order_ranges
table 1 : explain SELECT c FROM sbtest1 WHERE id BETWEEN 3406681 AND 3406780 ORDER BY c
	Sort  (cost=402.81..403.06 rows=101 width=121)
	  Sort Key: c
	  ->  Index Scan using sbtest1_pkey on sbtest1  (cost=0.43..399.45 rows=101 width=121)
	        Index Cond: ((id >= 3406681) AND (id <= 3406780))

table 2 : explain SELECT c FROM sbtest2 WHERE id BETWEEN 8645219 AND 8645318 ORDER BY c
	Sort  (cost=430.29..430.56 rows=108 width=121)
	  Sort Key: c
	  ->  Index Scan using sbtest2_pkey on sbtest2  (cost=0.43..426.64 rows=108 width=121)
	        Index Cond: ((id >= 8645219) AND (id <= 8645318))

table 3 : explain SELECT c FROM sbtest3 WHERE id BETWEEN 9130307 AND 9130406 ORDER BY c
	Sort  (cost=427.30..427.57 rows=107 width=121)
	  Sort Key: c
	  ->  Index Scan using sbtest3_pkey on sbtest3  (cost=0.43..423.69 rows=107 width=121)
	        Index Cond: ((id >= 9130307) AND (id <= 9130406))

table 4 : explain SELECT c FROM sbtest4 WHERE id BETWEEN 1956289 AND 1956388 ORDER BY c
	Sort  (cost=447.46..447.74 rows=112 width=121)
	  Sort Key: c
	  ->  Index Scan using sbtest4_pkey on sbtest4  (cost=0.43..443.65 rows=112 width=121)
	        Index Cond: ((id >= 1956289) AND (id <= 1956388))

table 5 : explain SELECT c FROM sbtest5 WHERE id BETWEEN 5523988 AND 5524087 ORDER BY c
	Sort  (cost=384.30..384.54 rows=96 width=121)
	  Sort Key: c
	  ->  Index Scan using sbtest5_pkey on sbtest5  (cost=0.43..381.14 rows=96 width=121)
	        Index Cond: ((id >= 5523988) AND (id <= 5524087))

table 6 : explain SELECT c FROM sbtest6 WHERE id BETWEEN 9032158 AND 9032257 ORDER BY c
	Sort  (cost=364.09..364.31 rows=91 width=121)
	  Sort Key: c
	  ->  Index Scan using sbtest6_pkey on sbtest6  (cost=0.43..361.13 rows=91 width=121)
	        Index Cond: ((id >= 9032158) AND (id <= 9032257))

table 7 : explain SELECT c FROM sbtest7 WHERE id BETWEEN 5133365 AND 5133464 ORDER BY c
	Sort  (cost=395.58..395.83 rows=99 width=121)
	  Sort Key: c
	  ->  Index Scan using sbtest7_pkey on sbtest7  (cost=0.43..392.30 rows=99 width=121)
	        Index Cond: ((id >= 5133365) AND (id <= 5133464))

table 8 : explain SELECT c FROM sbtest8 WHERE id BETWEEN 4169665 AND 4169764 ORDER BY c
	Sort  (cost=376.37..376.61 rows=94 width=121)
	  Sort Key: c
	  ->  Index Scan using sbtest8_pkey on sbtest8  (cost=0.43..373.29 rows=94 width=121)
	        Index Cond: ((id >= 4169665) AND (id <= 4169764))

for: order_ranges
table 1 : explain SELECT c FROM sbtest1 WHERE id BETWEEN 7403511 AND 7403610 ORDER BY c
	Sort  (cost=387.01..387.25 rows=97 width=121)
	  Sort Key: c
	  ->  Index Scan using sbtest1_pkey on sbtest1  (cost=0.43..383.81 rows=97 width=121)
	        Index Cond: ((id >= 7403511) AND (id <= 7403610))

table 2 : explain SELECT c FROM sbtest2 WHERE id BETWEEN 7441837 AND 7441936 ORDER BY c
	Sort  (cost=363.15..363.37 rows=91 width=121)
	  Sort Key: c
	  ->  Index Scan using sbtest2_pkey on sbtest2  (cost=0.43..360.18 rows=91 width=121)
	        Index Cond: ((id >= 7441837) AND (id <= 7441936))

table 3 : explain SELECT c FROM sbtest3 WHERE id BETWEEN 1800150 AND 1800249 ORDER BY c
	Sort  (cost=367.94..368.17 rows=92 width=121)
	  Sort Key: c
	  ->  Index Scan using sbtest3_pkey on sbtest3  (cost=0.43..364.94 rows=92 width=121)
	        Index Cond: ((id >= 1800150) AND (id <= 1800249))

table 4 : explain SELECT c FROM sbtest4 WHERE id BETWEEN 826145 AND 826244 ORDER BY c
	Sort  (cost=392.01..392.26 rows=98 width=121)
	  Sort Key: c
	  ->  Index Scan using sbtest4_pkey on sbtest4  (cost=0.43..388.77 rows=98 width=121)
	        Index Cond: ((id >= 826145) AND (id <= 826244))

table 5 : explain SELECT c FROM sbtest5 WHERE id BETWEEN 2375652 AND 2375751 ORDER BY c
	Sort  (cost=396.18..396.43 rows=99 width=121)
	  Sort Key: c
	  ->  Index Scan using sbtest5_pkey on sbtest5  (cost=0.43..392.90 rows=99 width=121)
	        Index Cond: ((id >= 2375652) AND (id <= 2375751))

table 6 : explain SELECT c FROM sbtest6 WHERE id BETWEEN 2841235 AND 2841334 ORDER BY c
	Sort  (cost=387.86..388.10 rows=97 width=121)
	  Sort Key: c
	  ->  Index Scan using sbtest6_pkey on sbtest6  (cost=0.43..384.66 rows=97 width=121)
	        Index Cond: ((id >= 2841235) AND (id <= 2841334))

table 7 : explain SELECT c FROM sbtest7 WHERE id BETWEEN 3335954 AND 3336053 ORDER BY c
	Sort  (cost=375.80..376.04 rows=94 width=121)
	  Sort Key: c
	  ->  Index Scan using sbtest7_pkey on sbtest7  (cost=0.43..372.72 rows=94 width=121)
	        Index Cond: ((id >= 3335954) AND (id <= 3336053))

table 8 : explain SELECT c FROM sbtest8 WHERE id BETWEEN 3269018 AND 3269117 ORDER BY c
	Sort  (cost=431.88..432.15 rows=108 width=121)
	  Sort Key: c
	  ->  Index Scan using sbtest8_pkey on sbtest8  (cost=0.43..428.23 rows=108 width=121)
	        Index Cond: ((id >= 3269018) AND (id <= 3269117))

for: sum_ranges
table 1 : explain SELECT SUM(k) FROM sbtest1 WHERE id BETWEEN 9525599 AND 9525698
	Aggregate  (cost=415.35..415.36 rows=1 width=8)
	  ->  Index Scan using sbtest1_pkey on sbtest1  (cost=0.43..415.08 rows=105 width=4)
	        Index Cond: ((id >= 9525599) AND (id <= 9525698))

table 2 : explain SELECT SUM(k) FROM sbtest2 WHERE id BETWEEN 8045890 AND 8045989
	Aggregate  (cost=399.54..399.55 rows=1 width=8)
	  ->  Index Scan using sbtest2_pkey on sbtest2  (cost=0.43..399.29 rows=101 width=4)
	        Index Cond: ((id >= 8045890) AND (id <= 8045989))

table 3 : explain SELECT SUM(k) FROM sbtest3 WHERE id BETWEEN 5479806 AND 5479905
	Aggregate  (cost=420.04..420.05 rows=1 width=8)
	  ->  Index Scan using sbtest3_pkey on sbtest3  (cost=0.43..419.78 rows=106 width=4)
	        Index Cond: ((id >= 5479806) AND (id <= 5479905))

table 4 : explain SELECT SUM(k) FROM sbtest4 WHERE id BETWEEN 9372207 AND 9372306
	Aggregate  (cost=349.77..349.78 rows=1 width=8)
	  ->  Index Scan using sbtest4_pkey on sbtest4  (cost=0.43..349.55 rows=88 width=4)
	        Index Cond: ((id >= 9372207) AND (id <= 9372306))

table 5 : explain SELECT SUM(k) FROM sbtest5 WHERE id BETWEEN 7902736 AND 7902835
	Aggregate  (cost=408.85..408.86 rows=1 width=8)
	  ->  Index Scan using sbtest5_pkey on sbtest5  (cost=0.43..408.59 rows=103 width=4)
	        Index Cond: ((id >= 7902736) AND (id <= 7902835))

table 6 : explain SELECT SUM(k) FROM sbtest6 WHERE id BETWEEN 2830868 AND 2830967
	Aggregate  (cost=384.90..384.91 rows=1 width=8)
	  ->  Index Scan using sbtest6_pkey on sbtest6  (cost=0.43..384.66 rows=97 width=4)
	        Index Cond: ((id >= 2830868) AND (id <= 2830967))

table 7 : explain SELECT SUM(k) FROM sbtest7 WHERE id BETWEEN 5818566 AND 5818665
	Aggregate  (cost=431.73..431.74 rows=1 width=8)
	  ->  Index Scan using sbtest7_pkey on sbtest7  (cost=0.43..431.46 rows=109 width=4)
	        Index Cond: ((id >= 5818566) AND (id <= 5818665))

table 8 : explain SELECT SUM(k) FROM sbtest8 WHERE id BETWEEN 1659798 AND 1659897
	Aggregate  (cost=377.45..377.46 rows=1 width=8)
	  ->  Index Scan using sbtest8_pkey on sbtest8  (cost=0.43..377.22 rows=95 width=4)
	        Index Cond: ((id >= 1659798) AND (id <= 1659897))

explain: for point_selects :: explain SELECT c FROM sbtest%u WHERE id=%u
for: distinct_ranges
table 1 : explain SELECT DISTINCT c FROM sbtest1 WHERE id BETWEEN 2625173 AND 2625272 ORDER BY c
	Unique  (cost=426.51..427.04 rows=107 width=121)
	  ->  Sort  (cost=426.51..426.78 rows=107 width=121)
	        Sort Key: c
	        ->  Index Scan using sbtest1_pkey on sbtest1  (cost=0.43..422.90 rows=107 width=121)
	              Index Cond: ((id >= 2625173) AND (id <= 2625272))

table 2 : explain SELECT DISTINCT c FROM sbtest2 WHERE id BETWEEN 1440348 AND 1440447 ORDER BY c
	Unique  (cost=382.88..383.36 rows=96 width=121)
	  ->  Sort  (cost=382.88..383.12 rows=96 width=121)
	        Sort Key: c
	        ->  Index Scan using sbtest2_pkey on sbtest2  (cost=0.43..379.72 rows=96 width=121)
	              Index Cond: ((id >= 1440348) AND (id <= 1440447))

table 3 : explain SELECT DISTINCT c FROM sbtest3 WHERE id BETWEEN 5489614 AND 5489713 ORDER BY c
	Unique  (cost=423.34..423.87 rows=106 width=121)
	  ->  Sort  (cost=423.34..423.61 rows=106 width=121)
	        Sort Key: c
	        ->  Index Scan using sbtest3_pkey on sbtest3  (cost=0.43..419.78 rows=106 width=121)
	              Index Cond: ((id >= 5489614) AND (id <= 5489713))

table 4 : explain SELECT DISTINCT c FROM sbtest4 WHERE id BETWEEN 4376250 AND 4376349 ORDER BY c
	Unique  (cost=388.05..388.54 rows=97 width=121)
	  ->  Sort  (cost=388.05..388.29 rows=97 width=121)
	        Sort Key: c
	        ->  Index Scan using sbtest4_pkey on sbtest4  (cost=0.43..384.85 rows=97 width=121)
	              Index Cond: ((id >= 4376250) AND (id <= 4376349))

table 5 : explain SELECT DISTINCT c FROM sbtest5 WHERE id BETWEEN 6526993 AND 6527092 ORDER BY c
	Unique  (cost=380.33..380.81 rows=95 width=121)
	  ->  Sort  (cost=380.33..380.57 rows=95 width=121)
	        Sort Key: c
	        ->  Index Scan using sbtest5_pkey on sbtest5  (cost=0.43..377.21 rows=95 width=121)
	              Index Cond: ((id >= 6526993) AND (id <= 6527092))

table 6 : explain SELECT DISTINCT c FROM sbtest6 WHERE id BETWEEN 5657528 AND 5657627 ORDER BY c
	Unique  (cost=395.78..396.27 rows=99 width=121)
	  ->  Sort  (cost=395.78..396.02 rows=99 width=121)
	        Sort Key: c
	        ->  Index Scan using sbtest6_pkey on sbtest6  (cost=0.43..392.50 rows=99 width=121)
	              Index Cond: ((id >= 5657528) AND (id <= 5657627))

table 7 : explain SELECT DISTINCT c FROM sbtest7 WHERE id BETWEEN 8329298 AND 8329397 ORDER BY c
	Unique  (cost=399.54..400.04 rows=100 width=121)
	  ->  Sort  (cost=399.54..399.79 rows=100 width=121)
	        Sort Key: c
	        ->  Index Scan using sbtest7_pkey on sbtest7  (cost=0.43..396.22 rows=100 width=121)
	              Index Cond: ((id >= 8329298) AND (id <= 8329397))

table 8 : explain SELECT DISTINCT c FROM sbtest8 WHERE id BETWEEN 5610903 AND 5611002 ORDER BY c
	Unique  (cost=412.06..412.58 rows=103 width=121)
	  ->  Sort  (cost=412.06..412.32 rows=103 width=121)
	        Sort Key: c
	        ->  Index Scan using sbtest8_pkey on sbtest8  (cost=0.43..408.62 rows=103 width=121)
	              Index Cond: ((id >= 5610903) AND (id <= 5611002))

for: simple_ranges
table 1 : explain SELECT c FROM sbtest1 WHERE id BETWEEN 4240593 AND 4240692
	Index Scan using sbtest1_pkey on sbtest1  (cost=0.43..364.24 rows=92 width=121)
	  Index Cond: ((id >= 4240593) AND (id <= 4240692))

table 2 : explain SELECT c FROM sbtest2 WHERE id BETWEEN 3902985 AND 3903084
	Index Scan using sbtest2_pkey on sbtest2  (cost=0.43..375.81 rows=95 width=121)
	  Index Cond: ((id >= 3902985) AND (id <= 3903084))

table 3 : explain SELECT c FROM sbtest3 WHERE id BETWEEN 5126789 AND 5126888
	Index Scan using sbtest3_pkey on sbtest3  (cost=0.43..368.86 rows=93 width=121)
	  Index Cond: ((id >= 5126789) AND (id <= 5126888))

table 4 : explain SELECT c FROM sbtest4 WHERE id BETWEEN 5692861 AND 5692960
	Index Scan using sbtest4_pkey on sbtest4  (cost=0.43..408.37 rows=103 width=121)
	  Index Cond: ((id >= 5692861) AND (id <= 5692960))

table 5 : explain SELECT c FROM sbtest5 WHERE id BETWEEN 3982936 AND 3983035
	Index Scan using sbtest5_pkey on sbtest5  (cost=0.43..412.51 rows=104 width=121)
	  Index Cond: ((id >= 3982936) AND (id <= 3983035))

table 6 : explain SELECT c FROM sbtest6 WHERE id BETWEEN 826948 AND 827047
	Index Scan using sbtest6_pkey on sbtest6  (cost=0.43..396.41 rows=100 width=121)
	  Index Cond: ((id >= 826948) AND (id <= 827047))

table 7 : explain SELECT c FROM sbtest7 WHERE id BETWEEN 67782 AND 67881
	Index Scan using sbtest7_pkey on sbtest7  (cost=0.43..411.88 rows=104 width=121)
	  Index Cond: ((id >= 67782) AND (id <= 67881))

table 8 : explain SELECT c FROM sbtest8 WHERE id BETWEEN 9380004 AND 9380103
	Index Scan using sbtest8_pkey on sbtest8  (cost=0.43..381.16 rows=96 width=121)
	  Index Cond: ((id >= 9380004) AND (id <= 9380103))

for point_selects
table 1 : explain SELECT c FROM sbtest1 WHERE id=3237495
	Index Scan using sbtest1_pkey on sbtest1  (cost=0.43..8.45 rows=1 width=121)
	  Index Cond: (id = 3237495)

table 2 : explain SELECT c FROM sbtest2 WHERE id=3676057
	Index Scan using sbtest2_pkey on sbtest2  (cost=0.43..8.45 rows=1 width=121)
	  Index Cond: (id = 3676057)

table 3 : explain SELECT c FROM sbtest3 WHERE id=2432256
	Index Scan using sbtest3_pkey on sbtest3  (cost=0.43..8.45 rows=1 width=121)
	  Index Cond: (id = 2432256)

table 4 : explain SELECT c FROM sbtest4 WHERE id=7300887
	Index Scan using sbtest4_pkey on sbtest4  (cost=0.43..8.45 rows=1 width=121)
	  Index Cond: (id = 7300887)

table 5 : explain SELECT c FROM sbtest5 WHERE id=106354
	Index Scan using sbtest5_pkey on sbtest5  (cost=0.43..8.45 rows=1 width=121)
	  Index Cond: (id = 106354)

table 6 : explain SELECT c FROM sbtest6 WHERE id=262627
	Index Scan using sbtest6_pkey on sbtest6  (cost=0.43..8.45 rows=1 width=121)
	  Index Cond: (id = 262627)

table 7 : explain SELECT c FROM sbtest7 WHERE id=1706907
	Index Scan using sbtest7_pkey on sbtest7  (cost=0.43..8.45 rows=1 width=121)
	  Index Cond: (id = 1706907)

table 8 : explain SELECT c FROM sbtest8 WHERE id=8560323
	Index Scan using sbtest8_pkey on sbtest8  (cost=0.43..8.45 rows=1 width=121)
	  Index Cond: (id = 8560323)

for: order_ranges
table 1 : explain SELECT c FROM sbtest1 WHERE id BETWEEN 5922512 AND 5922611 ORDER BY c
	Sort  (cost=473.91..474.21 rows=119 width=121)
	  Sort Key: c
	  ->  Index Scan using sbtest1_pkey on sbtest1  (cost=0.43..469.81 rows=119 width=121)
	        Index Cond: ((id >= 5922512) AND (id <= 5922611))

table 2 : explain SELECT c FROM sbtest2 WHERE id BETWEEN 1198831 AND 1198930 ORDER BY c
	Sort  (cost=406.60..406.85 rows=102 width=121)
	  Sort Key: c
	  ->  Index Scan using sbtest2_pkey on sbtest2  (cost=0.43..403.19 rows=102 width=121)
	        Index Cond: ((id >= 1198831) AND (id <= 1198930))

table 3 : explain SELECT c FROM sbtest3 WHERE id BETWEEN 1049109 AND 1049208 ORDER BY c
	Sort  (cost=407.51..407.77 rows=102 width=121)
	  Sort Key: c
	  ->  Index Scan using sbtest3_pkey on sbtest3  (cost=0.43..404.11 rows=102 width=121)
	        Index Cond: ((id >= 1049109) AND (id <= 1049208))

table 4 : explain SELECT c FROM sbtest4 WHERE id BETWEEN 3379217 AND 3379316 ORDER BY c
	Sort  (cost=423.70..423.96 rows=106 width=121)
	  Sort Key: c
	  ->  Index Scan using sbtest4_pkey on sbtest4  (cost=0.43..420.13 rows=106 width=121)
	        Index Cond: ((id >= 3379217) AND (id <= 3379316))

table 5 : explain SELECT c FROM sbtest5 WHERE id BETWEEN 2426223 AND 2426322 ORDER BY c
	Sort  (cost=384.30..384.54 rows=96 width=121)
	  Sort Key: c
	  ->  Index Scan using sbtest5_pkey on sbtest5  (cost=0.43..381.14 rows=96 width=121)
	        Index Cond: ((id >= 2426223) AND (id <= 2426322))

table 6 : explain SELECT c FROM sbtest6 WHERE id BETWEEN 8316593 AND 8316692 ORDER BY c
	Sort  (cost=423.49..423.75 rows=106 width=121)
	  Sort Key: c
	  ->  Index Scan using sbtest6_pkey on sbtest6  (cost=0.43..419.92 rows=106 width=121)
	        Index Cond: ((id >= 8316593) AND (id <= 8316692))

table 7 : explain SELECT c FROM sbtest7 WHERE id BETWEEN 8133806 AND 8133905 ORDER BY c
	Sort  (cost=399.54..399.79 rows=100 width=121)
	  Sort Key: c
	  ->  Index Scan using sbtest7_pkey on sbtest7  (cost=0.43..396.22 rows=100 width=121)
	        Index Cond: ((id >= 8133806) AND (id <= 8133905))

table 8 : explain SELECT c FROM sbtest8 WHERE id BETWEEN 9687772 AND 9687871 ORDER BY c
	Sort  (cost=388.29..388.53 rows=97 width=121)
	  Sort Key: c
	  ->  Index Scan using sbtest8_pkey on sbtest8  (cost=0.43..385.08 rows=97 width=121)
	        Index Cond: ((id >= 9687772) AND (id <= 9687871))

for: distinct_ranges
table 1 : explain SELECT DISTINCT c FROM sbtest1 WHERE id BETWEEN 6431775 AND 6431874 ORDER BY c
	Unique  (cost=398.86..399.36 rows=100 width=121)
	  ->  Sort  (cost=398.86..399.11 rows=100 width=121)
	        Sort Key: c
	        ->  Index Scan using sbtest1_pkey on sbtest1  (cost=0.43..395.54 rows=100 width=121)
	              Index Cond: ((id >= 6431775) AND (id <= 6431874))

table 2 : explain SELECT DISTINCT c FROM sbtest2 WHERE id BETWEEN 918553 AND 918652 ORDER BY c
	Unique  (cost=453.98..454.55 rows=114 width=121)
	  ->  Sort  (cost=453.98..454.26 rows=114 width=121)
	        Sort Key: c
	        ->  Index Scan using sbtest2_pkey on sbtest2  (cost=0.43..450.08 rows=114 width=121)
	              Index Cond: ((id >= 918553) AND (id <= 918652))

table 3 : explain SELECT DISTINCT c FROM sbtest3 WHERE id BETWEEN 6914677 AND 6914776 ORDER BY c
	Unique  (cost=419.38..419.91 rows=105 width=121)
	  ->  Sort  (cost=419.38..419.65 rows=105 width=121)
	        Sort Key: c
	        ->  Index Scan using sbtest3_pkey on sbtest3  (cost=0.43..415.86 rows=105 width=121)
	              Index Cond: ((id >= 6914677) AND (id <= 6914776))

table 4 : explain SELECT DISTINCT c FROM sbtest4 WHERE id BETWEEN 4415829 AND 4415928 ORDER BY c
	Unique  (cost=388.05..388.54 rows=97 width=121)
	  ->  Sort  (cost=388.05..388.29 rows=97 width=121)
	        Sort Key: c
	        ->  Index Scan using sbtest4_pkey on sbtest4  (cost=0.43..384.85 rows=97 width=121)
	              Index Cond: ((id >= 4415829) AND (id <= 4415928))

table 5 : explain SELECT DISTINCT c FROM sbtest5 WHERE id BETWEEN 6022998 AND 6023097 ORDER BY c
	Unique  (cost=380.33..380.81 rows=95 width=121)
	  ->  Sort  (cost=380.33..380.57 rows=95 width=121)
	        Sort Key: c
	        ->  Index Scan using sbtest5_pkey on sbtest5  (cost=0.43..377.21 rows=95 width=121)
	              Index Cond: ((id >= 6022998) AND (id <= 6023097))

table 6 : explain SELECT DISTINCT c FROM sbtest6 WHERE id BETWEEN 8042949 AND 8043048 ORDER BY c
	Unique  (cost=403.69..404.20 rows=101 width=121)
	  ->  Sort  (cost=403.69..403.95 rows=101 width=121)
	        Sort Key: c
	        ->  Index Scan using sbtest6_pkey on sbtest6  (cost=0.43..400.33 rows=101 width=121)
	              Index Cond: ((id >= 8042949) AND (id <= 8043048))

table 7 : explain SELECT DISTINCT c FROM sbtest7 WHERE id BETWEEN 2789350 AND 2789449 ORDER BY c
	Unique  (cost=443.06..443.62 rows=111 width=121)
	  ->  Sort  (cost=443.06..443.34 rows=111 width=121)
	        Sort Key: c
	        ->  Index Scan using sbtest7_pkey on sbtest7  (cost=0.43..439.29 rows=111 width=121)
	              Index Cond: ((id >= 2789350) AND (id <= 2789449))

table 8 : explain SELECT DISTINCT c FROM sbtest8 WHERE id BETWEEN 5665695 AND 5665794 ORDER BY c
	Unique  (cost=412.06..412.58 rows=103 width=121)
	  ->  Sort  (cost=412.06..412.32 rows=103 width=121)
	        Sort Key: c
	        ->  Index Scan using sbtest8_pkey on sbtest8  (cost=0.43..408.62 rows=103 width=121)
	              Index Cond: ((id >= 5665695) AND (id <= 5665794))

for: order_ranges
table 1 : explain SELECT c FROM sbtest1 WHERE id BETWEEN 7539026 AND 7539125 ORDER BY c
	Sort  (cost=387.01..387.25 rows=97 width=121)
	  Sort Key: c
	  ->  Index Scan using sbtest1_pkey on sbtest1  (cost=0.43..383.81 rows=97 width=121)
	        Index Cond: ((id >= 7539026) AND (id <= 7539125))

table 2 : explain SELECT c FROM sbtest2 WHERE id BETWEEN 169570 AND 169669 ORDER BY c
	Sort  (cost=422.39..422.66 rows=106 width=121)
	  Sort Key: c
	  ->  Index Scan using sbtest2_pkey on sbtest2  (cost=0.43..418.82 rows=106 width=121)
	        Index Cond: ((id >= 169570) AND (id <= 169669))

table 3 : explain SELECT c FROM sbtest3 WHERE id BETWEEN 3250570 AND 3250669 ORDER BY c
	Sort  (cost=423.34..423.61 rows=106 width=121)
	  Sort Key: c
	  ->  Index Scan using sbtest3_pkey on sbtest3  (cost=0.43..419.78 rows=106 width=121)
	        Index Cond: ((id >= 3250570) AND (id <= 3250669))

table 4 : explain SELECT c FROM sbtest4 WHERE id BETWEEN 5025367 AND 5025466 ORDER BY c
	Sort  (cost=392.01..392.26 rows=98 width=121)
	  Sort Key: c
	  ->  Index Scan using sbtest4_pkey on sbtest4  (cost=0.43..388.77 rows=98 width=121)
	        Index Cond: ((id >= 5025367) AND (id <= 5025466))

table 5 : explain SELECT c FROM sbtest5 WHERE id BETWEEN 4689863 AND 4689962 ORDER BY c
	Sort  (cost=392.22..392.47 rows=98 width=121)
	  Sort Key: c
	  ->  Index Scan using sbtest5_pkey on sbtest5  (cost=0.43..388.98 rows=98 width=121)
	        Index Cond: ((id >= 4689863) AND (id <= 4689962))

table 6 : explain SELECT c FROM sbtest6 WHERE id BETWEEN 32136 AND 32235 ORDER BY c
	Sort  (cost=407.65..407.91 rows=102 width=121)
	  Sort Key: c
	  ->  Index Scan using sbtest6_pkey on sbtest6  (cost=0.43..404.25 rows=102 width=121)
	        Index Cond: ((id >= 32136) AND (id <= 32235))

table 7 : explain SELECT c FROM sbtest7 WHERE id BETWEEN 4898865 AND 4898964 ORDER BY c
	Sort  (cost=375.80..376.04 rows=94 width=121)
	  Sort Key: c
	  ->  Index Scan using sbtest7_pkey on sbtest7  (cost=0.43..372.72 rows=94 width=121)
	        Index Cond: ((id >= 4898865) AND (id <= 4898964))

table 8 : explain SELECT c FROM sbtest8 WHERE id BETWEEN 8906191 AND 8906290 ORDER BY c
	Sort  (cost=392.25..392.49 rows=98 width=121)
	  Sort Key: c
	  ->  Index Scan using sbtest8_pkey on sbtest8  (cost=0.43..389.01 rows=98 width=121)
	        Index Cond: ((id >= 8906191) AND (id <= 8906290))

for: distinct_ranges
table 1 : explain SELECT DISTINCT c FROM sbtest1 WHERE id BETWEEN 1443905 AND 1444004 ORDER BY c
	Unique  (cost=339.60..340.02 rows=85 width=121)
	  ->  Sort  (cost=339.60..339.81 rows=85 width=121)
	        Sort Key: c
	        ->  Index Scan using sbtest1_pkey on sbtest1  (cost=0.43..336.87 rows=85 width=121)
	              Index Cond: ((id >= 1443905) AND (id <= 1444004))

table 2 : explain SELECT DISTINCT c FROM sbtest2 WHERE id BETWEEN 9505923 AND 9506022 ORDER BY c
	Unique  (cost=434.24..434.78 rows=109 width=121)
	  ->  Sort  (cost=434.24..434.51 rows=109 width=121)
	        Sort Key: c
	        ->  Index Scan using sbtest2_pkey on sbtest2  (cost=0.43..430.55 rows=109 width=121)
	              Index Cond: ((id >= 9505923) AND (id <= 9506022))

table 3 : explain SELECT DISTINCT c FROM sbtest3 WHERE id BETWEEN 3324819 AND 3324918 ORDER BY c
	Unique  (cost=423.34..423.87 rows=106 width=121)
	  ->  Sort  (cost=423.34..423.61 rows=106 width=121)
	        Sort Key: c
	        ->  Index Scan using sbtest3_pkey on sbtest3  (cost=0.43..419.78 rows=106 width=121)
	              Index Cond: ((id >= 3324819) AND (id <= 3324918))

table 4 : explain SELECT DISTINCT c FROM sbtest4 WHERE id BETWEEN 4367887 AND 4367986 ORDER BY c
	Unique  (cost=388.05..388.54 rows=97 width=121)
	  ->  Sort  (cost=388.05..388.29 rows=97 width=121)
	        Sort Key: c
	        ->  Index Scan using sbtest4_pkey on sbtest4  (cost=0.43..384.85 rows=97 width=121)
	              Index Cond: ((id >= 4367887) AND (id <= 4367986))

table 5 : explain SELECT DISTINCT c FROM sbtest5 WHERE id BETWEEN 8800382 AND 8800481 ORDER BY c
	Unique  (cost=384.30..384.78 rows=96 width=121)
	  ->  Sort  (cost=384.30..384.54 rows=96 width=121)
	        Sort Key: c
	        ->  Index Scan using sbtest5_pkey on sbtest5  (cost=0.43..381.14 rows=96 width=121)
	              Index Cond: ((id >= 8800382) AND (id <= 8800481))

table 6 : explain SELECT DISTINCT c FROM sbtest6 WHERE id BETWEEN 3235883 AND 3235982 ORDER BY c
	Unique  (cost=419.53..420.05 rows=105 width=121)
	  ->  Sort  (cost=419.53..419.79 rows=105 width=121)
	        Sort Key: c
	        ->  Index Scan using sbtest6_pkey on sbtest6  (cost=0.43..416.00 rows=105 width=121)
	              Index Cond: ((id >= 3235883) AND (id <= 3235982))

table 7 : explain SELECT DISTINCT c FROM sbtest7 WHERE id BETWEEN 8734206 AND 8734305 ORDER BY c
	Unique  (cost=371.85..372.31 rows=93 width=121)
	  ->  Sort  (cost=371.85..372.08 rows=93 width=121)
	        Sort Key: c
	        ->  Index Scan using sbtest7_pkey on sbtest7  (cost=0.43..368.81 rows=93 width=121)
	              Index Cond: ((id >= 8734206) AND (id <= 8734305))

table 8 : explain SELECT DISTINCT c FROM sbtest8 WHERE id BETWEEN 9085078 AND 9085177 ORDER BY c
	Unique  (cost=380.34..380.81 rows=95 width=121)
	  ->  Sort  (cost=380.34..380.57 rows=95 width=121)
	        Sort Key: c
	        ->  Index Scan using sbtest8_pkey on sbtest8  (cost=0.43..377.22 rows=95 width=121)
	              Index Cond: ((id >= 9085078) AND (id <= 9085177))

for: order_ranges
table 1 : explain SELECT c FROM sbtest1 WHERE id BETWEEN 8401935 AND 8402034 ORDER BY c
	Sort  (cost=387.01..387.25 rows=97 width=121)
	  Sort Key: c
	  ->  Index Scan using sbtest1_pkey on sbtest1  (cost=0.43..383.81 rows=97 width=121)
	        Index Cond: ((id >= 8401935) AND (id <= 8402034))

table 2 : explain SELECT c FROM sbtest2 WHERE id BETWEEN 6645376 AND 6645475 ORDER BY c
	Sort  (cost=434.24..434.51 rows=109 width=121)
	  Sort Key: c
	  ->  Index Scan using sbtest2_pkey on sbtest2  (cost=0.43..430.55 rows=109 width=121)
	        Index Cond: ((id >= 6645376) AND (id <= 6645475))

table 3 : explain SELECT c FROM sbtest3 WHERE id BETWEEN 5898327 AND 5898426 ORDER BY c
	Sort  (cost=395.64..395.89 rows=99 width=121)
	  Sort Key: c
	  ->  Index Scan using sbtest3_pkey on sbtest3  (cost=0.43..392.36 rows=99 width=121)
	        Index Cond: ((id >= 5898327) AND (id <= 5898426))

table 4 : explain SELECT c FROM sbtest4 WHERE id BETWEEN 6868434 AND 6868533 ORDER BY c
	Sort  (cost=392.01..392.26 rows=98 width=121)
	  Sort Key: c
	  ->  Index Scan using sbtest4_pkey on sbtest4  (cost=0.43..388.77 rows=98 width=121)
	        Index Cond: ((id >= 6868434) AND (id <= 6868533))

table 5 : explain SELECT c FROM sbtest5 WHERE id BETWEEN 7267585 AND 7267684 ORDER BY c
	Sort  (cost=447.70..447.98 rows=112 width=121)
	  Sort Key: c
	  ->  Index Scan using sbtest5_pkey on sbtest5  (cost=0.43..443.89 rows=112 width=121)
	        Index Cond: ((id >= 7267585) AND (id <= 7267684))

table 6 : explain SELECT c FROM sbtest6 WHERE id BETWEEN 1368694 AND 1368793 ORDER BY c
	Sort  (cost=411.61..411.87 rows=103 width=121)
	  Sort Key: c
	  ->  Index Scan using sbtest6_pkey on sbtest6  (cost=0.43..408.17 rows=103 width=121)
	        Index Cond: ((id >= 1368694) AND (id <= 1368793))

table 7 : explain SELECT c FROM sbtest7 WHERE id BETWEEN 1490824 AND 1490923 ORDER BY c
	Sort  (cost=379.76..380.00 rows=95 width=121)
	  Sort Key: c
	  ->  Index Scan using sbtest7_pkey on sbtest7  (cost=0.43..376.64 rows=95 width=121)
	        Index Cond: ((id >= 1490824) AND (id <= 1490923))

table 8 : explain SELECT c FROM sbtest8 WHERE id BETWEEN 5011474 AND 5011573 ORDER BY c
	Sort  (cost=396.21..396.46 rows=99 width=121)
	  Sort Key: c
	  ->  Index Scan using sbtest8_pkey on sbtest8  (cost=0.43..392.93 rows=99 width=121)
	        Index Cond: ((id >= 5011474) AND (id <= 5011573))

for point_selects
table 1 : explain SELECT c FROM sbtest1 WHERE id=4871142
	Index Scan using sbtest1_pkey on sbtest1  (cost=0.43..8.45 rows=1 width=121)
	  Index Cond: (id = 4871142)

table 2 : explain SELECT c FROM sbtest2 WHERE id=6935395
	Index Scan using sbtest2_pkey on sbtest2  (cost=0.43..8.45 rows=1 width=121)
	  Index Cond: (id = 6935395)

table 3 : explain SELECT c FROM sbtest3 WHERE id=3773003
	Index Scan using sbtest3_pkey on sbtest3  (cost=0.43..8.45 rows=1 width=121)
	  Index Cond: (id = 3773003)

table 4 : explain SELECT c FROM sbtest4 WHERE id=840647
	Index Scan using sbtest4_pkey on sbtest4  (cost=0.43..8.45 rows=1 width=121)
	  Index Cond: (id = 840647)

table 5 : explain SELECT c FROM sbtest5 WHERE id=8908029
	Index Scan using sbtest5_pkey on sbtest5  (cost=0.43..8.45 rows=1 width=121)
	  Index Cond: (id = 8908029)

table 6 : explain SELECT c FROM sbtest6 WHERE id=822182
	Index Scan using sbtest6_pkey on sbtest6  (cost=0.43..8.45 rows=1 width=121)
	  Index Cond: (id = 822182)

table 7 : explain SELECT c FROM sbtest7 WHERE id=2922214
	Index Scan using sbtest7_pkey on sbtest7  (cost=0.43..8.45 rows=1 width=121)
	  Index Cond: (id = 2922214)

table 8 : explain SELECT c FROM sbtest8 WHERE id=3388316
	Index Scan using sbtest8_pkey on sbtest8  (cost=0.43..8.45 rows=1 width=121)
	  Index Cond: (id = 3388316)

for point_selects
table 1 : explain SELECT c FROM sbtest1 WHERE id=1998822
	Index Scan using sbtest1_pkey on sbtest1  (cost=0.43..8.45 rows=1 width=121)
	  Index Cond: (id = 1998822)

table 2 : explain SELECT c FROM sbtest2 WHERE id=93011
	Index Scan using sbtest2_pkey on sbtest2  (cost=0.43..8.45 rows=1 width=121)
	  Index Cond: (id = 93011)

table 3 : explain SELECT c FROM sbtest3 WHERE id=4306885
	Index Scan using sbtest3_pkey on sbtest3  (cost=0.43..8.45 rows=1 width=121)
	  Index Cond: (id = 4306885)

table 4 : explain SELECT c FROM sbtest4 WHERE id=1863294
	Index Scan using sbtest4_pkey on sbtest4  (cost=0.43..8.45 rows=1 width=121)
	  Index Cond: (id = 1863294)

table 5 : explain SELECT c FROM sbtest5 WHERE id=4421953
	Index Scan using sbtest5_pkey on sbtest5  (cost=0.43..8.45 rows=1 width=121)
	  Index Cond: (id = 4421953)

table 6 : explain SELECT c FROM sbtest6 WHERE id=2485720
	Index Scan using sbtest6_pkey on sbtest6  (cost=0.43..8.45 rows=1 width=121)
	  Index Cond: (id = 2485720)

table 7 : explain SELECT c FROM sbtest7 WHERE id=4238102
	Index Scan using sbtest7_pkey on sbtest7  (cost=0.43..8.45 rows=1 width=121)
	  Index Cond: (id = 4238102)

table 8 : explain SELECT c FROM sbtest8 WHERE id=7863160
	Index Scan using sbtest8_pkey on sbtest8  (cost=0.43..8.45 rows=1 width=121)
	  Index Cond: (id = 7863160)

for: simple_ranges
table 1 : explain SELECT c FROM sbtest1 WHERE id BETWEEN 9967190 AND 9967289
	Index Scan using sbtest1_pkey on sbtest1  (cost=0.43..395.54 rows=100 width=121)
	  Index Cond: ((id >= 9967190) AND (id <= 9967289))

table 2 : explain SELECT c FROM sbtest2 WHERE id BETWEEN 6523650 AND 6523749
	Index Scan using sbtest2_pkey on sbtest2  (cost=0.43..418.82 rows=106 width=121)
	  Index Cond: ((id >= 6523650) AND (id <= 6523749))

table 3 : explain SELECT c FROM sbtest3 WHERE id BETWEEN 5386229 AND 5386328
	Index Scan using sbtest3_pkey on sbtest3  (cost=0.43..408.03 rows=103 width=121)
	  Index Cond: ((id >= 5386229) AND (id <= 5386328))

table 4 : explain SELECT c FROM sbtest4 WHERE id BETWEEN 2936787 AND 2936886
	Index Scan using sbtest4_pkey on sbtest4  (cost=0.43..451.49 rows=114 width=121)
	  Index Cond: ((id >= 2936787) AND (id <= 2936886))

table 5 : explain SELECT c FROM sbtest5 WHERE id BETWEEN 8294105 AND 8294204
	Index Scan using sbtest5_pkey on sbtest5  (cost=0.43..381.14 rows=96 width=121)
	  Index Cond: ((id >= 8294105) AND (id <= 8294204))

table 6 : explain SELECT c FROM sbtest6 WHERE id BETWEEN 3874295 AND 3874394
	Index Scan using sbtest6_pkey on sbtest6  (cost=0.43..412.09 rows=104 width=121)
	  Index Cond: ((id >= 3874295) AND (id <= 3874394))

table 7 : explain SELECT c FROM sbtest7 WHERE id BETWEEN 7477066 AND 7477165
	Index Scan using sbtest7_pkey on sbtest7  (cost=0.43..360.95 rows=91 width=121)
	  Index Cond: ((id >= 7477066) AND (id <= 7477165))

table 8 : explain SELECT c FROM sbtest8 WHERE id BETWEEN 9455652 AND 9455751
	Index Scan using sbtest8_pkey on sbtest8  (cost=0.43..369.37 rows=93 width=121)
	  Index Cond: ((id >= 9455652) AND (id <= 9455751))

for: sum_ranges
table 1 : explain SELECT SUM(k) FROM sbtest1 WHERE id BETWEEN 1158979 AND 1159078
	Aggregate  (cost=427.08..427.09 rows=1 width=8)
	  ->  Index Scan using sbtest1_pkey on sbtest1  (cost=0.43..426.81 rows=108 width=4)
	        Index Cond: ((id >= 1158979) AND (id <= 1159078))

table 2 : explain SELECT SUM(k) FROM sbtest2 WHERE id BETWEEN 3913571 AND 3913670
	Aggregate  (cost=376.05..376.06 rows=1 width=8)
	  ->  Index Scan using sbtest2_pkey on sbtest2  (cost=0.43..375.81 rows=95 width=4)
	        Index Cond: ((id >= 3913571) AND (id <= 3913670))

table 3 : explain SELECT SUM(k) FROM sbtest3 WHERE id BETWEEN 2711392 AND 2711491
	Aggregate  (cost=369.09..369.10 rows=1 width=8)
	  ->  Index Scan using sbtest3_pkey on sbtest3  (cost=0.43..368.86 rows=93 width=4)
	        Index Cond: ((id >= 2711392) AND (id <= 2711491))

table 4 : explain SELECT SUM(k) FROM sbtest4 WHERE id BETWEEN 9091643 AND 9091742
	Aggregate  (cost=392.94..392.95 rows=1 width=8)
	  ->  Index Scan using sbtest4_pkey on sbtest4  (cost=0.43..392.69 rows=99 width=4)
	        Index Cond: ((id >= 9091643) AND (id <= 9091742))

table 5 : explain SELECT SUM(k) FROM sbtest5 WHERE id BETWEEN 9059452 AND 9059551
	Aggregate  (cost=420.62..420.63 rows=1 width=8)
	  ->  Index Scan using sbtest5_pkey on sbtest5  (cost=0.43..420.36 rows=106 width=4)
	        Index Cond: ((id >= 9059452) AND (id <= 9059551))

table 6 : explain SELECT SUM(k) FROM sbtest6 WHERE id BETWEEN 1107848 AND 1107947
	Aggregate  (cost=373.12..373.13 rows=1 width=8)
	  ->  Index Scan using sbtest6_pkey on sbtest6  (cost=0.43..372.88 rows=94 width=4)
	        Index Cond: ((id >= 1107848) AND (id <= 1107947))

table 7 : explain SELECT SUM(k) FROM sbtest7 WHERE id BETWEEN 3152005 AND 3152104
	Aggregate  (cost=376.87..376.88 rows=1 width=8)
	  ->  Index Scan using sbtest7_pkey on sbtest7  (cost=0.43..376.64 rows=95 width=4)
	        Index Cond: ((id >= 3152005) AND (id <= 3152104))

table 8 : explain SELECT SUM(k) FROM sbtest8 WHERE id BETWEEN 4294390 AND 4294489
	Aggregate  (cost=416.73..416.74 rows=1 width=8)
	  ->  Index Scan using sbtest8_pkey on sbtest8  (cost=0.43..416.46 rows=105 width=4)
	        Index Cond: ((id >= 4294390) AND (id <= 4294489))

for: sum_ranges
table 1 : explain SELECT SUM(k) FROM sbtest1 WHERE id BETWEEN 277213 AND 277312
	Aggregate  (cost=360.56..360.57 rows=1 width=8)
	  ->  Index Scan using sbtest1_pkey on sbtest1  (cost=0.43..360.33 rows=91 width=4)
	        Index Cond: ((id >= 277213) AND (id <= 277312))

table 2 : explain SELECT SUM(k) FROM sbtest2 WHERE id BETWEEN 8628171 AND 8628270
	Aggregate  (cost=426.91..426.92 rows=1 width=8)
	  ->  Index Scan using sbtest2_pkey on sbtest2  (cost=0.43..426.64 rows=108 width=4)
	        Index Cond: ((id >= 8628171) AND (id <= 8628270))

table 3 : explain SELECT SUM(k) FROM sbtest3 WHERE id BETWEEN 3857528 AND 3857627
	Aggregate  (cost=423.96..423.97 rows=1 width=8)
	  ->  Index Scan using sbtest3_pkey on sbtest3  (cost=0.43..423.69 rows=107 width=4)
	        Index Cond: ((id >= 3857528) AND (id <= 3857627))

table 4 : explain SELECT SUM(k) FROM sbtest4 WHERE id BETWEEN 7854799 AND 7854898
	Aggregate  (cost=381.17..381.18 rows=1 width=8)
	  ->  Index Scan using sbtest4_pkey on sbtest4  (cost=0.43..380.93 rows=96 width=4)
	        Index Cond: ((id >= 7854799) AND (id <= 7854898))

table 5 : explain SELECT SUM(k) FROM sbtest5 WHERE id BETWEEN 2095173 AND 2095272
	Aggregate  (cost=412.77..412.78 rows=1 width=8)
	  ->  Index Scan using sbtest5_pkey on sbtest5  (cost=0.43..412.51 rows=104 width=4)
	        Index Cond: ((id >= 2095173) AND (id <= 2095272))

table 6 : explain SELECT SUM(k) FROM sbtest6 WHERE id BETWEEN 1440220 AND 1440319
	Aggregate  (cost=408.43..408.44 rows=1 width=8)
	  ->  Index Scan using sbtest6_pkey on sbtest6  (cost=0.43..408.17 rows=103 width=4)
	        Index Cond: ((id >= 1440220) AND (id <= 1440319))

table 7 : explain SELECT SUM(k) FROM sbtest7 WHERE id BETWEEN 3586353 AND 3586452
	Aggregate  (cost=396.47..396.48 rows=1 width=8)
	  ->  Index Scan using sbtest7_pkey on sbtest7  (cost=0.43..396.22 rows=100 width=4)
	        Index Cond: ((id >= 3586353) AND (id <= 3586452))

table 8 : explain SELECT SUM(k) FROM sbtest8 WHERE id BETWEEN 380447 AND 380546
	Aggregate  (cost=373.53..373.54 rows=1 width=8)
	  ->  Index Scan using sbtest8_pkey on sbtest8  (cost=0.43..373.29 rows=94 width=4)
	        Index Cond: ((id >= 380447) AND (id <= 380546))

for: distinct_ranges
table 1 : explain SELECT DISTINCT c FROM sbtest1 WHERE id BETWEEN 9883910 AND 9884009 ORDER BY c
	Unique  (cost=394.91..395.41 rows=99 width=121)
	  ->  Sort  (cost=394.91..395.16 rows=99 width=121)
	        Sort Key: c
	        ->  Index Scan using sbtest1_pkey on sbtest1  (cost=0.43..391.63 rows=99 width=121)
	              Index Cond: ((id >= 9883910) AND (id <= 9884009))

table 2 : explain SELECT DISTINCT c FROM sbtest2 WHERE id BETWEEN 2052680 AND 2052779 ORDER BY c
	Unique  (cost=414.49..415.01 rows=104 width=121)
	  ->  Sort  (cost=414.49..414.75 rows=104 width=121)
	        Sort Key: c
	        ->  Index Scan using sbtest2_pkey on sbtest2  (cost=0.43..411.01 rows=104 width=121)
	              Index Cond: ((id >= 2052680) AND (id <= 2052779))

table 3 : explain SELECT DISTINCT c FROM sbtest3 WHERE id BETWEEN 7621907 AND 7622006 ORDER BY c
	Unique  (cost=383.77..384.25 rows=96 width=121)
	  ->  Sort  (cost=383.77..384.01 rows=96 width=121)
	        Sort Key: c
	        ->  Index Scan using sbtest3_pkey on sbtest3  (cost=0.43..380.61 rows=96 width=121)
	              Index Cond: ((id >= 7621907) AND (id <= 7622006))

table 4 : explain SELECT DISTINCT c FROM sbtest4 WHERE id BETWEEN 7218407 AND 7218506 ORDER BY c
	Unique  (cost=364.29..364.75 rows=91 width=121)
	  ->  Sort  (cost=364.29..364.52 rows=91 width=121)
	        Sort Key: c
	        ->  Index Scan using sbtest4_pkey on sbtest4  (cost=0.43..361.33 rows=91 width=121)
	              Index Cond: ((id >= 7218407) AND (id <= 7218506))

table 5 : explain SELECT DISTINCT c FROM sbtest5 WHERE id BETWEEN 7128584 AND 7128683 ORDER BY c
	Unique  (cost=431.85..432.39 rows=108 width=121)
	  ->  Sort  (cost=431.85..432.12 rows=108 width=121)
	        Sort Key: c
	        ->  Index Scan using sbtest5_pkey on sbtest5  (cost=0.43..428.20 rows=108 width=121)
	              Index Cond: ((id >= 7128584) AND (id <= 7128683))

table 6 : explain SELECT DISTINCT c FROM sbtest6 WHERE id BETWEEN 7211460 AND 7211559 ORDER BY c
	Unique  (cost=419.53..420.05 rows=105 width=121)
	  ->  Sort  (cost=419.53..419.79 rows=105 width=121)
	        Sort Key: c
	        ->  Index Scan using sbtest6_pkey on sbtest6  (cost=0.43..416.00 rows=105 width=121)
	              Index Cond: ((id >= 7211460) AND (id <= 7211559))

table 7 : explain SELECT DISTINCT c FROM sbtest7 WHERE id BETWEEN 2421122 AND 2421221 ORDER BY c
	Unique  (cost=407.45..407.96 rows=102 width=121)
	  ->  Sort  (cost=407.45..407.71 rows=102 width=121)
	        Sort Key: c
	        ->  Index Scan using sbtest7_pkey on sbtest7  (cost=0.43..404.05 rows=102 width=121)
	              Index Cond: ((id >= 2421122) AND (id <= 2421221))

table 8 : explain SELECT DISTINCT c FROM sbtest8 WHERE id BETWEEN 8640266 AND 8640365 ORDER BY c
	Unique  (cost=400.17..400.67 rows=100 width=121)
	  ->  Sort  (cost=400.17..400.42 rows=100 width=121)
	        Sort Key: c
	        ->  Index Scan using sbtest8_pkey on sbtest8  (cost=0.43..396.85 rows=100 width=121)
	              Index Cond: ((id >= 8640266) AND (id <= 8640365))

for point_selects
table 1 : explain SELECT c FROM sbtest1 WHERE id=6587175
	Index Scan using sbtest1_pkey on sbtest1  (cost=0.43..8.45 rows=1 width=121)
	  Index Cond: (id = 6587175)

table 2 : explain SELECT c FROM sbtest2 WHERE id=3113835
	Index Scan using sbtest2_pkey on sbtest2  (cost=0.43..8.45 rows=1 width=121)
	  Index Cond: (id = 3113835)

table 3 : explain SELECT c FROM sbtest3 WHERE id=2807497
	Index Scan using sbtest3_pkey on sbtest3  (cost=0.43..8.45 rows=1 width=121)
	  Index Cond: (id = 2807497)

table 4 : explain SELECT c FROM sbtest4 WHERE id=7206905
	Index Scan using sbtest4_pkey on sbtest4  (cost=0.43..8.45 rows=1 width=121)
	  Index Cond: (id = 7206905)

table 5 : explain SELECT c FROM sbtest5 WHERE id=7636828
	Index Scan using sbtest5_pkey on sbtest5  (cost=0.43..8.45 rows=1 width=121)
	  Index Cond: (id = 7636828)

table 6 : explain SELECT c FROM sbtest6 WHERE id=1455241
	Index Scan using sbtest6_pkey on sbtest6  (cost=0.43..8.45 rows=1 width=121)
	  Index Cond: (id = 1455241)

table 7 : explain SELECT c FROM sbtest7 WHERE id=556154
	Index Scan using sbtest7_pkey on sbtest7  (cost=0.43..8.45 rows=1 width=121)
	  Index Cond: (id = 556154)

table 8 : explain SELECT c FROM sbtest8 WHERE id=7452491
	Index Scan using sbtest8_pkey on sbtest8  (cost=0.43..8.45 rows=1 width=121)
	  Index Cond: (id = 7452491)

for: simple_ranges
table 1 : explain SELECT c FROM sbtest1 WHERE id BETWEEN 4476006 AND 4476105
	Index Scan using sbtest1_pkey on sbtest1  (cost=0.43..407.27 rows=103 width=121)
	  Index Cond: ((id >= 4476006) AND (id <= 4476105))

table 2 : explain SELECT c FROM sbtest2 WHERE id BETWEEN 1792740 AND 1792839
	Index Scan using sbtest2_pkey on sbtest2  (cost=0.43..399.29 rows=101 width=121)
	  Index Cond: ((id >= 1792740) AND (id <= 1792839))

table 3 : explain SELECT c FROM sbtest3 WHERE id BETWEEN 2958806 AND 2958905
	Index Scan using sbtest3_pkey on sbtest3  (cost=0.43..396.28 rows=100 width=121)
	  Index Cond: ((id >= 2958806) AND (id <= 2958905))

table 4 : explain SELECT c FROM sbtest4 WHERE id BETWEEN 1580584 AND 1580683
	Index Scan using sbtest4_pkey on sbtest4  (cost=0.43..365.25 rows=92 width=121)
	  Index Cond: ((id >= 1580584) AND (id <= 1580683))

table 5 : explain SELECT c FROM sbtest5 WHERE id BETWEEN 5754086 AND 5754185
	Index Scan using sbtest5_pkey on sbtest5  (cost=0.43..373.29 rows=94 width=121)
	  Index Cond: ((id >= 5754086) AND (id <= 5754185))

table 6 : explain SELECT c FROM sbtest6 WHERE id BETWEEN 3319267 AND 3319366
	Index Scan using sbtest6_pkey on sbtest6  (cost=0.43..380.74 rows=96 width=121)
	  Index Cond: ((id >= 3319267) AND (id <= 3319366))

table 7 : explain SELECT c FROM sbtest7 WHERE id BETWEEN 6856122 AND 6856221
	Index Scan using sbtest7_pkey on sbtest7  (cost=0.43..407.97 rows=103 width=121)
	  Index Cond: ((id >= 6856122) AND (id <= 6856221))

table 8 : explain SELECT c FROM sbtest8 WHERE id BETWEEN 5060296 AND 5060395
	Index Scan using sbtest8_pkey on sbtest8  (cost=0.43..392.93 rows=99 width=121)
	  Index Cond: ((id >= 5060296) AND (id <= 5060395))

for: distinct_ranges
table 1 : explain SELECT DISTINCT c FROM sbtest1 WHERE id BETWEEN 4160903 AND 4161002 ORDER BY c
	Unique  (cost=418.61..419.13 rows=105 width=121)
	  ->  Sort  (cost=418.61..418.87 rows=105 width=121)
	        Sort Key: c
	        ->  Index Scan using sbtest1_pkey on sbtest1  (cost=0.43..415.08 rows=105 width=121)
	              Index Cond: ((id >= 4160903) AND (id <= 4161002))

table 2 : explain SELECT DISTINCT c FROM sbtest2 WHERE id BETWEEN 8285511 AND 8285610 ORDER BY c
	Unique  (cost=414.49..415.01 rows=104 width=121)
	  ->  Sort  (cost=414.49..414.75 rows=104 width=121)
	        Sort Key: c
	        ->  Index Scan using sbtest2_pkey on sbtest2  (cost=0.43..411.01 rows=104 width=121)
	              Index Cond: ((id >= 8285511) AND (id <= 8285610))

table 3 : explain SELECT DISTINCT c FROM sbtest3 WHERE id BETWEEN 850540 AND 850639 ORDER BY c
	Unique  (cost=387.73..388.21 rows=97 width=121)
	  ->  Sort  (cost=387.73..387.97 rows=97 width=121)
	        Sort Key: c
	        ->  Index Scan using sbtest3_pkey on sbtest3  (cost=0.43..384.53 rows=97 width=121)
	              Index Cond: ((id >= 850540) AND (id <= 850639))

table 4 : explain SELECT DISTINCT c FROM sbtest4 WHERE id BETWEEN 5069994 AND 5070093 ORDER BY c
	Unique  (cost=392.01..392.50 rows=98 width=121)
	  ->  Sort  (cost=392.01..392.26 rows=98 width=121)
	        Sort Key: c
	        ->  Index Scan using sbtest4_pkey on sbtest4  (cost=0.43..388.77 rows=98 width=121)
	              Index Cond: ((id >= 5069994) AND (id <= 5070093))

table 5 : explain SELECT DISTINCT c FROM sbtest5 WHERE id BETWEEN 5817588 AND 5817687 ORDER BY c
	Unique  (cost=376.37..376.84 rows=94 width=121)
	  ->  Sort  (cost=376.37..376.61 rows=94 width=121)
	        Sort Key: c
	        ->  Index Scan using sbtest5_pkey on sbtest5  (cost=0.43..373.29 rows=94 width=121)
	              Index Cond: ((id >= 5817588) AND (id <= 5817687))

table 6 : explain SELECT DISTINCT c FROM sbtest6 WHERE id BETWEEN 2168375 AND 2168474 ORDER BY c
	Unique  (cost=411.61..412.13 rows=103 width=121)
	  ->  Sort  (cost=411.61..411.87 rows=103 width=121)
	        Sort Key: c
	        ->  Index Scan using sbtest6_pkey on sbtest6  (cost=0.43..408.17 rows=103 width=121)
	              Index Cond: ((id >= 2168375) AND (id <= 2168474))

table 7 : explain SELECT DISTINCT c FROM sbtest7 WHERE id BETWEEN 8363096 AND 8363195 ORDER BY c
	Unique  (cost=399.54..400.04 rows=100 width=121)
	  ->  Sort  (cost=399.54..399.79 rows=100 width=121)
	        Sort Key: c
	        ->  Index Scan using sbtest7_pkey on sbtest7  (cost=0.43..396.22 rows=100 width=121)
	              Index Cond: ((id >= 8363096) AND (id <= 8363195))

table 8 : explain SELECT DISTINCT c FROM sbtest8 WHERE id BETWEEN 4911151 AND 4911250 ORDER BY c
	Unique  (cost=427.92..428.45 rows=107 width=121)
	  ->  Sort  (cost=427.92..428.18 rows=107 width=121)
	        Sort Key: c
	        ->  Index Scan using sbtest8_pkey on sbtest8  (cost=0.43..424.31 rows=107 width=121)
	              Index Cond: ((id >= 4911151) AND (id <= 4911250))

for: simple_ranges
table 1 : explain SELECT c FROM sbtest1 WHERE id BETWEEN 4608654 AND 4608753
	Index Scan using sbtest1_pkey on sbtest1  (cost=0.43..368.15 rows=93 width=121)
	  Index Cond: ((id >= 4608654) AND (id <= 4608753))

table 2 : explain SELECT c FROM sbtest2 WHERE id BETWEEN 4642679 AND 4642778
	Index Scan using sbtest2_pkey on sbtest2  (cost=0.43..430.55 rows=109 width=121)
	  Index Cond: ((id >= 4642679) AND (id <= 4642778))

table 3 : explain SELECT c FROM sbtest3 WHERE id BETWEEN 5033875 AND 5033974
	Index Scan using sbtest3_pkey on sbtest3  (cost=0.43..396.28 rows=100 width=121)
	  Index Cond: ((id >= 5033875) AND (id <= 5033974))

table 4 : explain SELECT c FROM sbtest4 WHERE id BETWEEN 6821425 AND 6821524
	Index Scan using sbtest4_pkey on sbtest4  (cost=0.43..388.77 rows=98 width=121)
	  Index Cond: ((id >= 6821425) AND (id <= 6821524))

table 5 : explain SELECT c FROM sbtest5 WHERE id BETWEEN 816160 AND 816259
	Index Scan using sbtest5_pkey on sbtest5  (cost=0.43..388.98 rows=98 width=121)
	  Index Cond: ((id >= 816160) AND (id <= 816259))

table 6 : explain SELECT c FROM sbtest6 WHERE id BETWEEN 4623969 AND 4624068
	Index Scan using sbtest6_pkey on sbtest6  (cost=0.43..368.96 rows=93 width=121)
	  Index Cond: ((id >= 4623969) AND (id <= 4624068))

table 7 : explain SELECT c FROM sbtest7 WHERE id BETWEEN 3169479 AND 3169578
	Index Scan using sbtest7_pkey on sbtest7  (cost=0.43..439.29 rows=111 width=121)
	  Index Cond: ((id >= 3169479) AND (id <= 3169578))

table 8 : explain SELECT c FROM sbtest8 WHERE id BETWEEN 395547 AND 395646
	Index Scan using sbtest8_pkey on sbtest8  (cost=0.43..373.29 rows=94 width=121)
	  Index Cond: ((id >= 395547) AND (id <= 395646))

explain: for point_selects :: explain SELECT c FROM sbtest%u WHERE id=%u
for: distinct_ranges
table 1 : explain SELECT DISTINCT c FROM sbtest1 WHERE id BETWEEN 7940580 AND 7940679 ORDER BY c
	Unique  (cost=390.96..391.45 rows=98 width=121)
	  ->  Sort  (cost=390.96..391.21 rows=98 width=121)
	        Sort Key: c
	        ->  Index Scan using sbtest1_pkey on sbtest1  (cost=0.43..387.72 rows=98 width=121)
	              Index Cond: ((id >= 7940580) AND (id <= 7940679))

table 2 : explain SELECT DISTINCT c FROM sbtest2 WHERE id BETWEEN 7499943 AND 7500042 ORDER BY c
	Unique  (cost=363.15..363.60 rows=91 width=121)
	  ->  Sort  (cost=363.15..363.37 rows=91 width=121)
	        Sort Key: c
	        ->  Index Scan using sbtest2_pkey on sbtest2  (cost=0.43..360.18 rows=91 width=121)
	              Index Cond: ((id >= 7499943) AND (id <= 7500042))

table 3 : explain SELECT DISTINCT c FROM sbtest3 WHERE id BETWEEN 2052831 AND 2052930 ORDER BY c
	Unique  (cost=387.73..388.21 rows=97 width=121)
	  ->  Sort  (cost=387.73..387.97 rows=97 width=121)
	        Sort Key: c
	        ->  Index Scan using sbtest3_pkey on sbtest3  (cost=0.43..384.53 rows=97 width=121)
	              Index Cond: ((id >= 2052831) AND (id <= 2052930))

table 4 : explain SELECT DISTINCT c FROM sbtest4 WHERE id BETWEEN 8857751 AND 8857850 ORDER BY c
	Unique  (cost=411.81..412.33 rows=103 width=121)
	  ->  Sort  (cost=411.81..412.07 rows=103 width=121)
	        Sort Key: c
	        ->  Index Scan using sbtest4_pkey on sbtest4  (cost=0.43..408.37 rows=103 width=121)
	              Index Cond: ((id >= 8857751) AND (id <= 8857850))

table 5 : explain SELECT DISTINCT c FROM sbtest5 WHERE id BETWEEN 341694 AND 341793 ORDER BY c
	Unique  (cost=392.22..392.71 rows=98 width=121)
	  ->  Sort  (cost=392.22..392.47 rows=98 width=121)
	        Sort Key: c
	        ->  Index Scan using sbtest5_pkey on sbtest5  (cost=0.43..388.98 rows=98 width=121)
	              Index Cond: ((id >= 341694) AND (id <= 341793))

table 6 : explain SELECT DISTINCT c FROM sbtest6 WHERE id BETWEEN 1560790 AND 1560889 ORDER BY c
	Unique  (cost=391.82..392.31 rows=98 width=121)
	  ->  Sort  (cost=391.82..392.06 rows=98 width=121)
	        Sort Key: c
	        ->  Index Scan using sbtest6_pkey on sbtest6  (cost=0.43..388.58 rows=98 width=121)
	              Index Cond: ((id >= 1560790) AND (id <= 1560889))

table 7 : explain SELECT DISTINCT c FROM sbtest7 WHERE id BETWEEN 6901689 AND 6901788 ORDER BY c
	Unique  (cost=423.28..423.81 rows=106 width=121)
	  ->  Sort  (cost=423.28..423.54 rows=106 width=121)
	        Sort Key: c
	        ->  Index Scan using sbtest7_pkey on sbtest7  (cost=0.43..419.71 rows=106 width=121)
	              Index Cond: ((id >= 6901689) AND (id <= 6901788))

table 8 : explain SELECT DISTINCT c FROM sbtest8 WHERE id BETWEEN 3715550 AND 3715649 ORDER BY c
	Unique  (cost=443.77..444.32 rows=111 width=121)
	  ->  Sort  (cost=443.77..444.05 rows=111 width=121)
	        Sort Key: c
	        ->  Index Scan using sbtest8_pkey on sbtest8  (cost=0.43..440.00 rows=111 width=121)
	              Index Cond: ((id >= 3715550) AND (id <= 3715649))

for: order_ranges
table 1 : explain SELECT c FROM sbtest1 WHERE id BETWEEN 4005287 AND 4005386 ORDER BY c
	Sort  (cost=367.24..367.47 rows=92 width=121)
	  Sort Key: c
	  ->  Index Scan using sbtest1_pkey on sbtest1  (cost=0.43..364.24 rows=92 width=121)
	        Index Cond: ((id >= 4005287) AND (id <= 4005386))

table 2 : explain SELECT c FROM sbtest2 WHERE id BETWEEN 1798453 AND 1798552 ORDER BY c
	Sort  (cost=402.65..402.90 rows=101 width=121)
	  Sort Key: c
	  ->  Index Scan using sbtest2_pkey on sbtest2  (cost=0.43..399.29 rows=101 width=121)
	        Index Cond: ((id >= 1798453) AND (id <= 1798552))

table 3 : explain SELECT c FROM sbtest3 WHERE id BETWEEN 6274817 AND 6274916 ORDER BY c
	Sort  (cost=439.17..439.45 rows=110 width=121)
	  Sort Key: c
	  ->  Index Scan using sbtest3_pkey on sbtest3  (cost=0.43..435.44 rows=110 width=121)
	        Index Cond: ((id >= 6274817) AND (id <= 6274916))

table 4 : explain SELECT c FROM sbtest4 WHERE id BETWEEN 8503101 AND 8503200 ORDER BY c
	Sort  (cost=403.89..404.14 rows=101 width=121)
	  Sort Key: c
	  ->  Index Scan using sbtest4_pkey on sbtest4  (cost=0.43..400.53 rows=101 width=121)
	        Index Cond: ((id >= 8503101) AND (id <= 8503200))

table 5 : explain SELECT c FROM sbtest5 WHERE id BETWEEN 4034159 AND 4034258 ORDER BY c
	Sort  (cost=416.00..416.26 rows=104 width=121)
	  Sort Key: c
	  ->  Index Scan using sbtest5_pkey on sbtest5  (cost=0.43..412.51 rows=104 width=121)
	        Index Cond: ((id >= 4034159) AND (id <= 4034258))

table 6 : explain SELECT c FROM sbtest6 WHERE id BETWEEN 4660137 AND 4660236 ORDER BY c
	Sort  (cost=372.00..372.24 rows=93 width=121)
	  Sort Key: c
	  ->  Index Scan using sbtest6_pkey on sbtest6  (cost=0.43..368.96 rows=93 width=121)
	        Index Cond: ((id >= 4660137) AND (id <= 4660236))

table 7 : explain SELECT c FROM sbtest7 WHERE id BETWEEN 7600320 AND 7600419 ORDER BY c
	Sort  (cost=447.02..447.30 rows=112 width=121)
	  Sort Key: c
	  ->  Index Scan using sbtest7_pkey on sbtest7  (cost=0.43..443.21 rows=112 width=121)
	        Index Cond: ((id >= 7600320) AND (id <= 7600419))

table 8 : explain SELECT c FROM sbtest8 WHERE id BETWEEN 6784557 AND 6784656 ORDER BY c
	Sort  (cost=388.29..388.53 rows=97 width=121)
	  Sort Key: c
	  ->  Index Scan using sbtest8_pkey on sbtest8  (cost=0.43..385.08 rows=97 width=121)
	        Index Cond: ((id >= 6784557) AND (id <= 6784656))

for: sum_ranges
table 1 : explain SELECT SUM(k) FROM sbtest1 WHERE id BETWEEN 3789894 AND 3789993
	Aggregate  (cost=415.35..415.36 rows=1 width=8)
	  ->  Index Scan using sbtest1_pkey on sbtest1  (cost=0.43..415.08 rows=105 width=4)
	        Index Cond: ((id >= 3789894) AND (id <= 3789993))

table 2 : explain SELECT SUM(k) FROM sbtest2 WHERE id BETWEEN 8940145 AND 8940244
	Aggregate  (cost=403.45..403.46 rows=1 width=8)
	  ->  Index Scan using sbtest2_pkey on sbtest2  (cost=0.43..403.19 rows=102 width=4)
	        Index Cond: ((id >= 8940145) AND (id <= 8940244))

table 3 : explain SELECT SUM(k) FROM sbtest3 WHERE id BETWEEN 5806737 AND 5806836
	Aggregate  (cost=396.53..396.54 rows=1 width=8)
	  ->  Index Scan using sbtest3_pkey on sbtest3  (cost=0.43..396.28 rows=100 width=4)
	        Index Cond: ((id >= 5806737) AND (id <= 5806836))

table 4 : explain SELECT SUM(k) FROM sbtest4 WHERE id BETWEEN 7361539 AND 7361638
	Aggregate  (cost=365.48..365.49 rows=1 width=8)
	  ->  Index Scan using sbtest4_pkey on sbtest4  (cost=0.43..365.25 rows=92 width=4)
	        Index Cond: ((id >= 7361539) AND (id <= 7361638))

table 5 : explain SELECT SUM(k) FROM sbtest5 WHERE id BETWEEN 9023655 AND 9023754
	Aggregate  (cost=420.62..420.63 rows=1 width=8)
	  ->  Index Scan using sbtest5_pkey on sbtest5  (cost=0.43..420.36 rows=106 width=4)
	        Index Cond: ((id >= 9023655) AND (id <= 9023754))

table 6 : explain SELECT SUM(k) FROM sbtest6 WHERE id BETWEEN 7433828 AND 7433927
	Aggregate  (cost=412.35..412.36 rows=1 width=8)
	  ->  Index Scan using sbtest6_pkey on sbtest6  (cost=0.43..412.09 rows=104 width=4)
	        Index Cond: ((id >= 7433828) AND (id <= 7433927))

table 7 : explain SELECT SUM(k) FROM sbtest7 WHERE id BETWEEN 9703502 AND 9703601
	Aggregate  (cost=369.04..369.05 rows=1 width=8)
	  ->  Index Scan using sbtest7_pkey on sbtest7  (cost=0.43..368.81 rows=93 width=4)
	        Index Cond: ((id >= 9703502) AND (id <= 9703601))

table 8 : explain SELECT SUM(k) FROM sbtest8 WHERE id BETWEEN 499621 AND 499720
	Aggregate  (cost=357.83..357.84 rows=1 width=8)
	  ->  Index Scan using sbtest8_pkey on sbtest8  (cost=0.43..357.60 rows=90 width=4)
	        Index Cond: ((id >= 499621) AND (id <= 499720))

for: order_ranges
table 1 : explain SELECT c FROM sbtest1 WHERE id BETWEEN 1916577 AND 1916676 ORDER BY c
	Sort  (cost=367.24..367.47 rows=92 width=121)
	  Sort Key: c
	  ->  Index Scan using sbtest1_pkey on sbtest1  (cost=0.43..364.24 rows=92 width=121)
	        Index Cond: ((id >= 1916577) AND (id <= 1916676))

table 2 : explain SELECT c FROM sbtest2 WHERE id BETWEEN 769790 AND 769889 ORDER BY c
	Sort  (cost=386.83..387.07 rows=97 width=121)
	  Sort Key: c
	  ->  Index Scan using sbtest2_pkey on sbtest2  (cost=0.43..383.63 rows=97 width=121)
	        Index Cond: ((id >= 769790) AND (id <= 769889))

table 3 : explain SELECT c FROM sbtest3 WHERE id BETWEEN 8182598 AND 8182697 ORDER BY c
	Sort  (cost=423.34..423.61 rows=106 width=121)
	  Sort Key: c
	  ->  Index Scan using sbtest3_pkey on sbtest3  (cost=0.43..419.78 rows=106 width=121)
	        Index Cond: ((id >= 8182598) AND (id <= 8182697))

table 4 : explain SELECT c FROM sbtest4 WHERE id BETWEEN 4839693 AND 4839792 ORDER BY c
	Sort  (cost=455.38..455.67 rows=114 width=121)
	  Sort Key: c
	  ->  Index Scan using sbtest4_pkey on sbtest4  (cost=0.43..451.49 rows=114 width=121)
	        Index Cond: ((id >= 4839693) AND (id <= 4839792))

table 5 : explain SELECT c FROM sbtest5 WHERE id BETWEEN 2339729 AND 2339828 ORDER BY c
	Sort  (cost=396.18..396.43 rows=99 width=121)
	  Sort Key: c
	  ->  Index Scan using sbtest5_pkey on sbtest5  (cost=0.43..392.90 rows=99 width=121)
	        Index Cond: ((id >= 2339729) AND (id <= 2339828))

table 6 : explain SELECT c FROM sbtest6 WHERE id BETWEEN 401032 AND 401131 ORDER BY c
	Sort  (cost=411.61..411.87 rows=103 width=121)
	  Sort Key: c
	  ->  Index Scan using sbtest6_pkey on sbtest6  (cost=0.43..408.17 rows=103 width=121)
	        Index Cond: ((id >= 401032) AND (id <= 401131))

table 7 : explain SELECT c FROM sbtest7 WHERE id BETWEEN 1821405 AND 1821504 ORDER BY c
	Sort  (cost=407.45..407.71 rows=102 width=121)
	  Sort Key: c
	  ->  Index Scan using sbtest7_pkey on sbtest7  (cost=0.43..404.05 rows=102 width=121)
	        Index Cond: ((id >= 1821405) AND (id <= 1821504))

table 8 : explain SELECT c FROM sbtest8 WHERE id BETWEEN 3983337 AND 3983436 ORDER BY c
	Sort  (cost=447.73..448.01 rows=112 width=121)
	  Sort Key: c
	  ->  Index Scan using sbtest8_pkey on sbtest8  (cost=0.43..443.92 rows=112 width=121)
	        Index Cond: ((id >= 3983337) AND (id <= 3983436))

for: simple_ranges
table 1 : explain SELECT c FROM sbtest1 WHERE id BETWEEN 6099642 AND 6099741
	Index Scan using sbtest1_pkey on sbtest1  (cost=0.43..395.54 rows=100 width=121)
	  Index Cond: ((id >= 6099642) AND (id <= 6099741))

table 2 : explain SELECT c FROM sbtest2 WHERE id BETWEEN 6404015 AND 6404114
	Index Scan using sbtest2_pkey on sbtest2  (cost=0.43..399.29 rows=101 width=121)
	  Index Cond: ((id >= 6404015) AND (id <= 6404114))

table 3 : explain SELECT c FROM sbtest3 WHERE id BETWEEN 8852424 AND 8852523
	Index Scan using sbtest3_pkey on sbtest3  (cost=0.43..376.69 rows=95 width=121)
	  Index Cond: ((id >= 8852424) AND (id <= 8852523))

table 4 : explain SELECT c FROM sbtest4 WHERE id BETWEEN 1715732 AND 1715831
	Index Scan using sbtest4_pkey on sbtest4  (cost=0.43..400.53 rows=101 width=121)
	  Index Cond: ((id >= 1715732) AND (id <= 1715831))

table 5 : explain SELECT c FROM sbtest5 WHERE id BETWEEN 9310805 AND 9310904
	Index Scan using sbtest5_pkey on sbtest5  (cost=0.43..377.21 rows=95 width=121)
	  Index Cond: ((id >= 9310805) AND (id <= 9310904))

table 6 : explain SELECT c FROM sbtest6 WHERE id BETWEEN 7445371 AND 7445470
	Index Scan using sbtest6_pkey on sbtest6  (cost=0.43..412.09 rows=104 width=121)
	  Index Cond: ((id >= 7445371) AND (id <= 7445470))

table 7 : explain SELECT c FROM sbtest7 WHERE id BETWEEN 8564221 AND 8564320
	Index Scan using sbtest7_pkey on sbtest7  (cost=0.43..372.72 rows=94 width=121)
	  Index Cond: ((id >= 8564221) AND (id <= 8564320))

table 8 : explain SELECT c FROM sbtest8 WHERE id BETWEEN 7285303 AND 7285402
	Index Scan using sbtest8_pkey on sbtest8  (cost=0.43..408.62 rows=103 width=121)
	  Index Cond: ((id >= 7285303) AND (id <= 7285402))

explain: for point_selects :: explain SELECT c FROM sbtest%u WHERE id=%u
for: distinct_ranges
table 1 : explain SELECT DISTINCT c FROM sbtest1 WHERE id BETWEEN 667802 AND 667901 ORDER BY c
	Unique  (cost=410.71..411.22 rows=103 width=121)
	  ->  Sort  (cost=410.71..410.97 rows=103 width=121)
	        Sort Key: c
	        ->  Index Scan using sbtest1_pkey on sbtest1  (cost=0.43..407.27 rows=103 width=121)
	              Index Cond: ((id >= 667802) AND (id <= 667901))

table 2 : explain SELECT DISTINCT c FROM sbtest2 WHERE id BETWEEN 5266266 AND 5266365 ORDER BY c
	Unique  (cost=378.94..379.41 rows=95 width=121)
	  ->  Sort  (cost=378.94..379.17 rows=95 width=121)
	        Sort Key: c
	        ->  Index Scan using sbtest2_pkey on sbtest2  (cost=0.43..375.81 rows=95 width=121)
	              Index Cond: ((id >= 5266266) AND (id <= 5266365))

table 3 : explain SELECT DISTINCT c FROM sbtest3 WHERE id BETWEEN 2276185 AND 2276284 ORDER BY c
	Unique  (cost=435.21..435.76 rows=109 width=121)
	  ->  Sort  (cost=435.21..435.49 rows=109 width=121)
	        Sort Key: c
	        ->  Index Scan using sbtest3_pkey on sbtest3  (cost=0.43..431.53 rows=109 width=121)
	              Index Cond: ((id >= 2276185) AND (id <= 2276284))

table 4 : explain SELECT DISTINCT c FROM sbtest4 WHERE id BETWEEN 5418040 AND 5418139 ORDER BY c
	Unique  (cost=419.74..420.26 rows=105 width=121)
	  ->  Sort  (cost=419.74..420.00 rows=105 width=121)
	        Sort Key: c
	        ->  Index Scan using sbtest4_pkey on sbtest4  (cost=0.43..416.21 rows=105 width=121)
	              Index Cond: ((id >= 5418040) AND (id <= 5418139))

table 5 : explain SELECT DISTINCT c FROM sbtest5 WHERE id BETWEEN 6996671 AND 6996770 ORDER BY c
	Unique  (cost=435.81..436.36 rows=109 width=121)
	  ->  Sort  (cost=435.81..436.09 rows=109 width=121)
	        Sort Key: c
	        ->  Index Scan using sbtest5_pkey on sbtest5  (cost=0.43..432.12 rows=109 width=121)
	              Index Cond: ((id >= 6996671) AND (id <= 6996770))

table 6 : explain SELECT DISTINCT c FROM sbtest6 WHERE id BETWEEN 5492734 AND 5492833 ORDER BY c
	Unique  (cost=407.65..408.16 rows=102 width=121)
	  ->  Sort  (cost=407.65..407.91 rows=102 width=121)
	        Sort Key: c
	        ->  Index Scan using sbtest6_pkey on sbtest6  (cost=0.43..404.25 rows=102 width=121)
	              Index Cond: ((id >= 5492734) AND (id <= 5492833))

table 7 : explain SELECT DISTINCT c FROM sbtest7 WHERE id BETWEEN 2414011 AND 2414110 ORDER BY c
	Unique  (cost=407.45..407.96 rows=102 width=121)
	  ->  Sort  (cost=407.45..407.71 rows=102 width=121)
	        Sort Key: c
	        ->  Index Scan using sbtest7_pkey on sbtest7  (cost=0.43..404.05 rows=102 width=121)
	              Index Cond: ((id >= 2414011) AND (id <= 2414110))

table 8 : explain SELECT DISTINCT c FROM sbtest8 WHERE id BETWEEN 5968951 AND 5969050 ORDER BY c
	Unique  (cost=392.25..392.74 rows=98 width=121)
	  ->  Sort  (cost=392.25..392.49 rows=98 width=121)
	        Sort Key: c
	        ->  Index Scan using sbtest8_pkey on sbtest8  (cost=0.43..389.01 rows=98 width=121)
	              Index Cond: ((id >= 5968951) AND (id <= 5969050))

for: sum_ranges
table 1 : explain SELECT SUM(k) FROM sbtest1 WHERE id BETWEEN 7106712 AND 7106811
	Aggregate  (cost=407.52..407.53 rows=1 width=8)
	  ->  Index Scan using sbtest1_pkey on sbtest1  (cost=0.43..407.27 rows=103 width=4)
	        Index Cond: ((id >= 7106712) AND (id <= 7106811))

table 2 : explain SELECT SUM(k) FROM sbtest2 WHERE id BETWEEN 5088765 AND 5088864
	Aggregate  (cost=395.63..395.64 rows=1 width=8)
	  ->  Index Scan using sbtest2_pkey on sbtest2  (cost=0.43..395.38 rows=100 width=4)
	        Index Cond: ((id >= 5088765) AND (id <= 5088864))

table 3 : explain SELECT SUM(k) FROM sbtest3 WHERE id BETWEEN 1171490 AND 1171589
	Aggregate  (cost=376.93..376.94 rows=1 width=8)
	  ->  Index Scan using sbtest3_pkey on sbtest3  (cost=0.43..376.69 rows=95 width=4)
	        Index Cond: ((id >= 1171490) AND (id <= 1171589))

table 4 : explain SELECT SUM(k) FROM sbtest4 WHERE id BETWEEN 9753722 AND 9753821
	Aggregate  (cost=400.78..400.79 rows=1 width=8)
	  ->  Index Scan using sbtest4_pkey on sbtest4  (cost=0.43..400.53 rows=101 width=4)
	        Index Cond: ((id >= 9753722) AND (id <= 9753821))

table 5 : explain SELECT SUM(k) FROM sbtest5 WHERE id BETWEEN 7323172 AND 7323271
	Aggregate  (cost=373.53..373.54 rows=1 width=8)
	  ->  Index Scan using sbtest5_pkey on sbtest5  (cost=0.43..373.29 rows=94 width=4)
	        Index Cond: ((id >= 7323172) AND (id <= 7323271))

table 6 : explain SELECT SUM(k) FROM sbtest6 WHERE id BETWEEN 5498862 AND 5498961
	Aggregate  (cost=404.50..404.51 rows=1 width=8)
	  ->  Index Scan using sbtest6_pkey on sbtest6  (cost=0.43..404.25 rows=102 width=4)
	        Index Cond: ((id >= 5498862) AND (id <= 5498961))

table 7 : explain SELECT SUM(k) FROM sbtest7 WHERE id BETWEEN 1109272 AND 1109371
	Aggregate  (cost=392.55..392.56 rows=1 width=8)
	  ->  Index Scan using sbtest7_pkey on sbtest7  (cost=0.43..392.30 rows=99 width=4)
	        Index Cond: ((id >= 1109272) AND (id <= 1109371))

table 8 : explain SELECT SUM(k) FROM sbtest8 WHERE id BETWEEN 5128983 AND 5129082
	Aggregate  (cost=420.65..420.66 rows=1 width=8)
	  ->  Index Scan using sbtest8_pkey on sbtest8  (cost=0.43..420.39 rows=106 width=4)
	        Index Cond: ((id >= 5128983) AND (id <= 5129082))

for: sum_ranges
table 1 : explain SELECT SUM(k) FROM sbtest1 WHERE id BETWEEN 2043456 AND 2043555
	Aggregate  (cost=380.14..380.15 rows=1 width=8)
	  ->  Index Scan using sbtest1_pkey on sbtest1  (cost=0.43..379.90 rows=96 width=4)
	        Index Cond: ((id >= 2043456) AND (id <= 2043555))

table 2 : explain SELECT SUM(k) FROM sbtest2 WHERE id BETWEEN 2904995 AND 2905094
	Aggregate  (cost=430.82..430.83 rows=1 width=8)
	  ->  Index Scan using sbtest2_pkey on sbtest2  (cost=0.43..430.55 rows=109 width=4)
	        Index Cond: ((id >= 2904995) AND (id <= 2905094))

table 3 : explain SELECT SUM(k) FROM sbtest3 WHERE id BETWEEN 8561243 AND 8561342
	Aggregate  (cost=447.47..447.48 rows=1 width=8)
	  ->  Index Scan using sbtest3_pkey on sbtest3  (cost=0.43..447.19 rows=113 width=4)
	        Index Cond: ((id >= 8561243) AND (id <= 8561342))

table 4 : explain SELECT SUM(k) FROM sbtest4 WHERE id BETWEEN 2030873 AND 2030972
	Aggregate  (cost=361.56..361.57 rows=1 width=8)
	  ->  Index Scan using sbtest4_pkey on sbtest4  (cost=0.43..361.33 rows=91 width=4)
	        Index Cond: ((id >= 2030873) AND (id <= 2030972))

table 5 : explain SELECT SUM(k) FROM sbtest5 WHERE id BETWEEN 4756805 AND 4756904
	Aggregate  (cost=389.23..389.24 rows=1 width=8)
	  ->  Index Scan using sbtest5_pkey on sbtest5  (cost=0.43..388.98 rows=98 width=4)
	        Index Cond: ((id >= 4756805) AND (id <= 4756904))

table 6 : explain SELECT SUM(k) FROM sbtest6 WHERE id BETWEEN 7798011 AND 7798110
	Aggregate  (cost=412.35..412.36 rows=1 width=8)
	  ->  Index Scan using sbtest6_pkey on sbtest6  (cost=0.43..412.09 rows=104 width=4)
	        Index Cond: ((id >= 7798011) AND (id <= 7798110))

table 7 : explain SELECT SUM(k) FROM sbtest7 WHERE id BETWEEN 4940424 AND 4940523
	Aggregate  (cost=372.96..372.97 rows=1 width=8)
	  ->  Index Scan using sbtest7_pkey on sbtest7  (cost=0.43..372.72 rows=94 width=4)
	        Index Cond: ((id >= 4940424) AND (id <= 4940523))

table 8 : explain SELECT SUM(k) FROM sbtest8 WHERE id BETWEEN 6120268 AND 6120367
	Aggregate  (cost=401.03..401.04 rows=1 width=8)
	  ->  Index Scan using sbtest8_pkey on sbtest8  (cost=0.43..400.77 rows=101 width=4)
	        Index Cond: ((id >= 6120268) AND (id <= 6120367))

for: distinct_ranges
table 1 : explain SELECT DISTINCT c FROM sbtest1 WHERE id BETWEEN 8446979 AND 8447078 ORDER BY c
	Unique  (cost=387.01..387.50 rows=97 width=121)
	  ->  Sort  (cost=387.01..387.25 rows=97 width=121)
	        Sort Key: c
	        ->  Index Scan using sbtest1_pkey on sbtest1  (cost=0.43..383.81 rows=97 width=121)
	              Index Cond: ((id >= 8446979) AND (id <= 8447078))

table 2 : explain SELECT DISTINCT c FROM sbtest2 WHERE id BETWEEN 8975063 AND 8975162 ORDER BY c
	Unique  (cost=406.60..407.11 rows=102 width=121)
	  ->  Sort  (cost=406.60..406.85 rows=102 width=121)
	        Sort Key: c
	        ->  Index Scan using sbtest2_pkey on sbtest2  (cost=0.43..403.19 rows=102 width=121)
	              Index Cond: ((id >= 8975063) AND (id <= 8975162))

table 3 : explain SELECT DISTINCT c FROM sbtest3 WHERE id BETWEEN 3332367 AND 3332466 ORDER BY c
	Unique  (cost=423.34..423.87 rows=106 width=121)
	  ->  Sort  (cost=423.34..423.61 rows=106 width=121)
	        Sort Key: c
	        ->  Index Scan using sbtest3_pkey on sbtest3  (cost=0.43..419.78 rows=106 width=121)
	              Index Cond: ((id >= 3332367) AND (id <= 3332466))

table 4 : explain SELECT DISTINCT c FROM sbtest4 WHERE id BETWEEN 6552526 AND 6552625 ORDER BY c
	Unique  (cost=388.05..388.54 rows=97 width=121)
	  ->  Sort  (cost=388.05..388.29 rows=97 width=121)
	        Sort Key: c
	        ->  Index Scan using sbtest4_pkey on sbtest4  (cost=0.43..384.85 rows=97 width=121)
	              Index Cond: ((id >= 6552526) AND (id <= 6552625))

table 5 : explain SELECT DISTINCT c FROM sbtest5 WHERE id BETWEEN 5926682 AND 5926781 ORDER BY c
	Unique  (cost=360.50..360.95 rows=90 width=121)
	  ->  Sort  (cost=360.50..360.72 rows=90 width=121)
	        Sort Key: c
	        ->  Index Scan using sbtest5_pkey on sbtest5  (cost=0.43..357.58 rows=90 width=121)
	              Index Cond: ((id >= 5926682) AND (id <= 5926781))

table 6 : explain SELECT DISTINCT c FROM sbtest6 WHERE id BETWEEN 2806173 AND 2806272 ORDER BY c
	Unique  (cost=387.86..388.35 rows=97 width=121)
	  ->  Sort  (cost=387.86..388.10 rows=97 width=121)
	        Sort Key: c
	        ->  Index Scan using sbtest6_pkey on sbtest6  (cost=0.43..384.66 rows=97 width=121)
	              Index Cond: ((id >= 2806173) AND (id <= 2806272))

table 7 : explain SELECT DISTINCT c FROM sbtest7 WHERE id BETWEEN 3046491 AND 3046590 ORDER BY c
	Unique  (cost=415.37..415.89 rows=104 width=121)
	  ->  Sort  (cost=415.37..415.63 rows=104 width=121)
	        Sort Key: c
	        ->  Index Scan using sbtest7_pkey on sbtest7  (cost=0.43..411.88 rows=104 width=121)
	              Index Cond: ((id >= 3046491) AND (id <= 3046590))

table 8 : explain SELECT DISTINCT c FROM sbtest8 WHERE id BETWEEN 2851229 AND 2851328 ORDER BY c
	Unique  (cost=380.34..380.81 rows=95 width=121)
	  ->  Sort  (cost=380.34..380.57 rows=95 width=121)
	        Sort Key: c
	        ->  Index Scan using sbtest8_pkey on sbtest8  (cost=0.43..377.22 rows=95 width=121)
	              Index Cond: ((id >= 2851229) AND (id <= 2851328))

for: simple_ranges
table 1 : explain SELECT c FROM sbtest1 WHERE id BETWEEN 671740 AND 671839
	Index Scan using sbtest1_pkey on sbtest1  (cost=0.43..407.27 rows=103 width=121)
	  Index Cond: ((id >= 671740) AND (id <= 671839))

table 2 : explain SELECT c FROM sbtest2 WHERE id BETWEEN 2384138 AND 2384237
	Index Scan using sbtest2_pkey on sbtest2  (cost=0.43..418.82 rows=106 width=121)
	  Index Cond: ((id >= 2384138) AND (id <= 2384237))

table 3 : explain SELECT c FROM sbtest3 WHERE id BETWEEN 642906 AND 643005
	Index Scan using sbtest3_pkey on sbtest3  (cost=0.43..396.28 rows=100 width=121)
	  Index Cond: ((id >= 642906) AND (id <= 643005))

table 4 : explain SELECT c FROM sbtest4 WHERE id BETWEEN 9969658 AND 9969757
	Index Scan using sbtest4_pkey on sbtest4  (cost=0.43..373.09 rows=94 width=121)
	  Index Cond: ((id >= 9969658) AND (id <= 9969757))

table 5 : explain SELECT c FROM sbtest5 WHERE id BETWEEN 8330873 AND 8330972
	Index Scan using sbtest5_pkey on sbtest5  (cost=0.43..369.37 rows=93 width=121)
	  Index Cond: ((id >= 8330873) AND (id <= 8330972))

table 6 : explain SELECT c FROM sbtest6 WHERE id BETWEEN 8749078 AND 8749177
	Index Scan using sbtest6_pkey on sbtest6  (cost=0.43..431.68 rows=109 width=121)
	  Index Cond: ((id >= 8749078) AND (id <= 8749177))

table 7 : explain SELECT c FROM sbtest7 WHERE id BETWEEN 2481465 AND 2481564
	Index Scan using sbtest7_pkey on sbtest7  (cost=0.43..396.22 rows=100 width=121)
	  Index Cond: ((id >= 2481465) AND (id <= 2481564))

table 8 : explain SELECT c FROM sbtest8 WHERE id BETWEEN 2990423 AND 2990522
	Index Scan using sbtest8_pkey on sbtest8  (cost=0.43..389.01 rows=98 width=121)
	  Index Cond: ((id >= 2990423) AND (id <= 2990522))

for: distinct_ranges
table 1 : explain SELECT DISTINCT c FROM sbtest1 WHERE id BETWEEN 1672029 AND 1672128 ORDER BY c
	Unique  (cost=426.51..427.04 rows=107 width=121)
	  ->  Sort  (cost=426.51..426.78 rows=107 width=121)
	        Sort Key: c
	        ->  Index Scan using sbtest1_pkey on sbtest1  (cost=0.43..422.90 rows=107 width=121)
	              Index Cond: ((id >= 1672029) AND (id <= 1672128))

table 2 : explain SELECT DISTINCT c FROM sbtest2 WHERE id BETWEEN 4803114 AND 4803213 ORDER BY c
	Unique  (cost=430.29..430.83 rows=108 width=121)
	  ->  Sort  (cost=430.29..430.56 rows=108 width=121)
	        Sort Key: c
	        ->  Index Scan using sbtest2_pkey on sbtest2  (cost=0.43..426.64 rows=108 width=121)
	              Index Cond: ((id >= 4803114) AND (id <= 4803213))

table 3 : explain SELECT DISTINCT c FROM sbtest3 WHERE id BETWEEN 6714516 AND 6714615 ORDER BY c
	Unique  (cost=395.64..396.14 rows=99 width=121)
	  ->  Sort  (cost=395.64..395.89 rows=99 width=121)
	        Sort Key: c
	        ->  Index Scan using sbtest3_pkey on sbtest3  (cost=0.43..392.36 rows=99 width=121)
	              Index Cond: ((id >= 6714516) AND (id <= 6714615))

table 4 : explain SELECT DISTINCT c FROM sbtest4 WHERE id BETWEEN 7832591 AND 7832690 ORDER BY c
	Unique  (cost=384.09..384.57 rows=96 width=121)
	  ->  Sort  (cost=384.09..384.33 rows=96 width=121)
	        Sort Key: c
	        ->  Index Scan using sbtest4_pkey on sbtest4  (cost=0.43..380.93 rows=96 width=121)
	              Index Cond: ((id >= 7832591) AND (id <= 7832690))

table 5 : explain SELECT DISTINCT c FROM sbtest5 WHERE id BETWEEN 1658584 AND 1658683 ORDER BY c
	Unique  (cost=364.46..364.92 rows=91 width=121)
	  ->  Sort  (cost=364.46..364.69 rows=91 width=121)
	        Sort Key: c
	        ->  Index Scan using sbtest5_pkey on sbtest5  (cost=0.43..361.50 rows=91 width=121)
	              Index Cond: ((id >= 1658584) AND (id <= 1658683))

table 6 : explain SELECT DISTINCT c FROM sbtest6 WHERE id BETWEEN 3934995 AND 3935094 ORDER BY c
	Unique  (cost=403.69..404.20 rows=101 width=121)
	  ->  Sort  (cost=403.69..403.95 rows=101 width=121)
	        Sort Key: c
	        ->  Index Scan using sbtest6_pkey on sbtest6  (cost=0.43..400.33 rows=101 width=121)
	              Index Cond: ((id >= 3934995) AND (id <= 3935094))

table 7 : explain SELECT DISTINCT c FROM sbtest7 WHERE id BETWEEN 587367 AND 587466 ORDER BY c
	Unique  (cost=435.15..435.69 rows=109 width=121)
	  ->  Sort  (cost=435.15..435.42 rows=109 width=121)
	        Sort Key: c
	        ->  Index Scan using sbtest7_pkey on sbtest7  (cost=0.43..431.46 rows=109 width=121)
	              Index Cond: ((id >= 587367) AND (id <= 587466))

table 8 : explain SELECT DISTINCT c FROM sbtest8 WHERE id BETWEEN 4613578 AND 4613677 ORDER BY c
	Unique  (cost=376.37..376.84 rows=94 width=121)
	  ->  Sort  (cost=376.37..376.61 rows=94 width=121)
	        Sort Key: c
	        ->  Index Scan using sbtest8_pkey on sbtest8  (cost=0.43..373.29 rows=94 width=121)
	              Index Cond: ((id >= 4613578) AND (id <= 4613677))

for: simple_ranges
table 1 : explain SELECT c FROM sbtest1 WHERE id BETWEEN 9471025 AND 9471124
	Index Scan using sbtest1_pkey on sbtest1  (cost=0.43..383.81 rows=97 width=121)
	  Index Cond: ((id >= 9471025) AND (id <= 9471124))

table 2 : explain SELECT c FROM sbtest2 WHERE id BETWEEN 3206875 AND 3206974
	Index Scan using sbtest2_pkey on sbtest2  (cost=0.43..375.81 rows=95 width=121)
	  Index Cond: ((id >= 3206875) AND (id <= 3206974))

table 3 : explain SELECT c FROM sbtest3 WHERE id BETWEEN 1143543 AND 1143642
	Index Scan using sbtest3_pkey on sbtest3  (cost=0.43..376.69 rows=95 width=121)
	  Index Cond: ((id >= 1143543) AND (id <= 1143642))

table 4 : explain SELECT c FROM sbtest4 WHERE id BETWEEN 802730 AND 802829
	Index Scan using sbtest4_pkey on sbtest4  (cost=0.43..388.77 rows=98 width=121)
	  Index Cond: ((id >= 802730) AND (id <= 802829))

table 5 : explain SELECT c FROM sbtest5 WHERE id BETWEEN 535857 AND 535956
	Index Scan using sbtest5_pkey on sbtest5  (cost=0.43..408.59 rows=103 width=121)
	  Index Cond: ((id >= 535857) AND (id <= 535956))

table 6 : explain SELECT c FROM sbtest6 WHERE id BETWEEN 7015373 AND 7015472
	Index Scan using sbtest6_pkey on sbtest6  (cost=0.43..400.33 rows=101 width=121)
	  Index Cond: ((id >= 7015373) AND (id <= 7015472))

table 7 : explain SELECT c FROM sbtest7 WHERE id BETWEEN 3338598 AND 3338697
	Index Scan using sbtest7_pkey on sbtest7  (cost=0.43..372.72 rows=94 width=121)
	  Index Cond: ((id >= 3338598) AND (id <= 3338697))

table 8 : explain SELECT c FROM sbtest8 WHERE id BETWEEN 5458785 AND 5458884
	Index Scan using sbtest8_pkey on sbtest8  (cost=0.43..400.77 rows=101 width=121)
	  Index Cond: ((id >= 5458785) AND (id <= 5458884))

explain: for point_selects :: explain SELECT c FROM sbtest%u WHERE id=%u
for: sum_ranges
table 1 : explain SELECT SUM(k) FROM sbtest1 WHERE id BETWEEN 5022462 AND 5022561
	Aggregate  (cost=407.52..407.53 rows=1 width=8)
	  ->  Index Scan using sbtest1_pkey on sbtest1  (cost=0.43..407.27 rows=103 width=4)
	        Index Cond: ((id >= 5022462) AND (id <= 5022561))

table 2 : explain SELECT SUM(k) FROM sbtest2 WHERE id BETWEEN 9516711 AND 9516810
	Aggregate  (cost=430.82..430.83 rows=1 width=8)
	  ->  Index Scan using sbtest2_pkey on sbtest2  (cost=0.43..430.55 rows=109 width=4)
	        Index Cond: ((id >= 9516711) AND (id <= 9516810))

table 3 : explain SELECT SUM(k) FROM sbtest3 WHERE id BETWEEN 6832905 AND 6833004
	Aggregate  (cost=392.61..392.62 rows=1 width=8)
	  ->  Index Scan using sbtest3_pkey on sbtest3  (cost=0.43..392.36 rows=99 width=4)
	        Index Cond: ((id >= 6832905) AND (id <= 6833004))

table 4 : explain SELECT SUM(k) FROM sbtest4 WHERE id BETWEEN 2599555 AND 2599654
	Aggregate  (cost=377.25..377.26 rows=1 width=8)
	  ->  Index Scan using sbtest4_pkey on sbtest4  (cost=0.43..377.01 rows=95 width=4)
	        Index Cond: ((id >= 2599555) AND (id <= 2599654))

table 5 : explain SELECT SUM(k) FROM sbtest5 WHERE id BETWEEN 704036 AND 704135
	Aggregate  (cost=397.07..397.08 rows=1 width=8)
	  ->  Index Scan using sbtest5_pkey on sbtest5  (cost=0.43..396.82 rows=100 width=4)
	        Index Cond: ((id >= 704036) AND (id <= 704135))

table 6 : explain SELECT SUM(k) FROM sbtest6 WHERE id BETWEEN 9086006 AND 9086105
	Aggregate  (cost=373.12..373.13 rows=1 width=8)
	  ->  Index Scan using sbtest6_pkey on sbtest6  (cost=0.43..372.88 rows=94 width=4)
	        Index Cond: ((id >= 9086006) AND (id <= 9086105))

table 7 : explain SELECT SUM(k) FROM sbtest7 WHERE id BETWEEN 3266176 AND 3266275
	Aggregate  (cost=372.96..372.97 rows=1 width=8)
	  ->  Index Scan using sbtest7_pkey on sbtest7  (cost=0.43..372.72 rows=94 width=4)
	        Index Cond: ((id >= 3266176) AND (id <= 3266275))

table 8 : explain SELECT SUM(k) FROM sbtest8 WHERE id BETWEEN 6730065 AND 6730164
	Aggregate  (cost=428.50..428.51 rows=1 width=8)
	  ->  Index Scan using sbtest8_pkey on sbtest8  (cost=0.43..428.23 rows=108 width=4)
	        Index Cond: ((id >= 6730065) AND (id <= 6730164))

for point_selects
table 1 : explain SELECT c FROM sbtest1 WHERE id=6630052
	Index Scan using sbtest1_pkey on sbtest1  (cost=0.43..8.45 rows=1 width=121)
	  Index Cond: (id = 6630052)

table 2 : explain SELECT c FROM sbtest2 WHERE id=8279812
	Index Scan using sbtest2_pkey on sbtest2  (cost=0.43..8.45 rows=1 width=121)
	  Index Cond: (id = 8279812)

table 3 : explain SELECT c FROM sbtest3 WHERE id=8775928
	Index Scan using sbtest3_pkey on sbtest3  (cost=0.43..8.45 rows=1 width=121)
	  Index Cond: (id = 8775928)

table 4 : explain SELECT c FROM sbtest4 WHERE id=955852
	Index Scan using sbtest4_pkey on sbtest4  (cost=0.43..8.45 rows=1 width=121)
	  Index Cond: (id = 955852)

table 5 : explain SELECT c FROM sbtest5 WHERE id=7336984
	Index Scan using sbtest5_pkey on sbtest5  (cost=0.43..8.45 rows=1 width=121)
	  Index Cond: (id = 7336984)

table 6 : explain SELECT c FROM sbtest6 WHERE id=5901129
	Index Scan using sbtest6_pkey on sbtest6  (cost=0.43..8.45 rows=1 width=121)
	  Index Cond: (id = 5901129)

table 7 : explain SELECT c FROM sbtest7 WHERE id=7354964
	Index Scan using sbtest7_pkey on sbtest7  (cost=0.43..8.45 rows=1 width=121)
	  Index Cond: (id = 7354964)

table 8 : explain SELECT c FROM sbtest8 WHERE id=9101354
	Index Scan using sbtest8_pkey on sbtest8  (cost=0.43..8.45 rows=1 width=121)
	  Index Cond: (id = 9101354)

explain: for point_selects :: explain SELECT c FROM sbtest%u WHERE id=%u
for point_selects
table 1 : explain SELECT c FROM sbtest1 WHERE id=9607534
	Index Scan using sbtest1_pkey on sbtest1  (cost=0.43..8.45 rows=1 width=121)
	  Index Cond: (id = 9607534)

table 2 : explain SELECT c FROM sbtest2 WHERE id=9694996
	Index Scan using sbtest2_pkey on sbtest2  (cost=0.43..8.45 rows=1 width=121)
	  Index Cond: (id = 9694996)

table 3 : explain SELECT c FROM sbtest3 WHERE id=5425117
	Index Scan using sbtest3_pkey on sbtest3  (cost=0.43..8.45 rows=1 width=121)
	  Index Cond: (id = 5425117)

table 4 : explain SELECT c FROM sbtest4 WHERE id=5743084
	Index Scan using sbtest4_pkey on sbtest4  (cost=0.43..8.45 rows=1 width=121)
	  Index Cond: (id = 5743084)

table 5 : explain SELECT c FROM sbtest5 WHERE id=5726274
	Index Scan using sbtest5_pkey on sbtest5  (cost=0.43..8.45 rows=1 width=121)
	  Index Cond: (id = 5726274)

table 6 : explain SELECT c FROM sbtest6 WHERE id=8605968
	Index Scan using sbtest6_pkey on sbtest6  (cost=0.43..8.45 rows=1 width=121)
	  Index Cond: (id = 8605968)

table 7 : explain SELECT c FROM sbtest7 WHERE id=8962353
	Index Scan using sbtest7_pkey on sbtest7  (cost=0.43..8.45 rows=1 width=121)
	  Index Cond: (id = 8962353)

table 8 : explain SELECT c FROM sbtest8 WHERE id=4979402
	Index Scan using sbtest8_pkey on sbtest8  (cost=0.43..8.45 rows=1 width=121)
	  Index Cond: (id = 4979402)

for: order_ranges
table 1 : explain SELECT c FROM sbtest1 WHERE id BETWEEN 3702507 AND 3702606 ORDER BY c
	Sort  (cost=387.01..387.25 rows=97 width=121)
	  Sort Key: c
	  ->  Index Scan using sbtest1_pkey on sbtest1  (cost=0.43..383.81 rows=97 width=121)
	        Index Cond: ((id >= 3702507) AND (id <= 3702606))

table 2 : explain SELECT c FROM sbtest2 WHERE id BETWEEN 9017019 AND 9017118 ORDER BY c
	Sort  (cost=394.75..395.00 rows=99 width=121)
	  Sort Key: c
	  ->  Index Scan using sbtest2_pkey on sbtest2  (cost=0.43..391.47 rows=99 width=121)
	        Index Cond: ((id >= 9017019) AND (id <= 9017118))

table 3 : explain SELECT c FROM sbtest3 WHERE id BETWEEN 7991732 AND 7991831 ORDER BY c
	Sort  (cost=399.60..399.85 rows=100 width=121)
	  Sort Key: c
	  ->  Index Scan using sbtest3_pkey on sbtest3  (cost=0.43..396.28 rows=100 width=121)
	        Index Cond: ((id >= 7991732) AND (id <= 7991831))

table 4 : explain SELECT c FROM sbtest4 WHERE id BETWEEN 370691 AND 370790 ORDER BY c
	Sort  (cost=388.05..388.29 rows=97 width=121)
	  Sort Key: c
	  ->  Index Scan using sbtest4_pkey on sbtest4  (cost=0.43..384.85 rows=97 width=121)
	        Index Cond: ((id >= 370691) AND (id <= 370790))

table 5 : explain SELECT c FROM sbtest5 WHERE id BETWEEN 3634873 AND 3634972 ORDER BY c
	Sort  (cost=392.22..392.47 rows=98 width=121)
	  Sort Key: c
	  ->  Index Scan using sbtest5_pkey on sbtest5  (cost=0.43..388.98 rows=98 width=121)
	        Index Cond: ((id >= 3634873) AND (id <= 3634972))

table 6 : explain SELECT c FROM sbtest6 WHERE id BETWEEN 9535822 AND 9535921 ORDER BY c
	Sort  (cost=443.28..443.56 rows=111 width=121)
	  Sort Key: c
	  ->  Index Scan using sbtest6_pkey on sbtest6  (cost=0.43..439.51 rows=111 width=121)
	        Index Cond: ((id >= 9535822) AND (id <= 9535921))

table 7 : explain SELECT c FROM sbtest7 WHERE id BETWEEN 8019042 AND 8019141 ORDER BY c
	Sort  (cost=379.76..380.00 rows=95 width=121)
	  Sort Key: c
	  ->  Index Scan using sbtest7_pkey on sbtest7  (cost=0.43..376.64 rows=95 width=121)
	        Index Cond: ((id >= 8019042) AND (id <= 8019141))

table 8 : explain SELECT c FROM sbtest8 WHERE id BETWEEN 6027047 AND 6027146 ORDER BY c
	Sort  (cost=396.21..396.46 rows=99 width=121)
	  Sort Key: c
	  ->  Index Scan using sbtest8_pkey on sbtest8  (cost=0.43..392.93 rows=99 width=121)
	        Index Cond: ((id >= 6027047) AND (id <= 6027146))

for: order_ranges
table 1 : explain SELECT c FROM sbtest1 WHERE id BETWEEN 220364 AND 220463 ORDER BY c
	Sort  (cost=363.29..363.52 rows=91 width=121)
	  Sort Key: c
	  ->  Index Scan using sbtest1_pkey on sbtest1  (cost=0.43..360.33 rows=91 width=121)
	        Index Cond: ((id >= 220364) AND (id <= 220463))

table 2 : explain SELECT c FROM sbtest2 WHERE id BETWEEN 3391546 AND 3391645 ORDER BY c
	Sort  (cost=374.99..375.22 rows=94 width=121)
	  Sort Key: c
	  ->  Index Scan using sbtest2_pkey on sbtest2  (cost=0.43..371.91 rows=94 width=121)
	        Index Cond: ((id >= 3391546) AND (id <= 3391645))

table 3 : explain SELECT c FROM sbtest3 WHERE id BETWEEN 169680 AND 169779 ORDER BY c
	Sort  (cost=391.68..391.93 rows=98 width=121)
	  Sort Key: c
	  ->  Index Scan using sbtest3_pkey on sbtest3  (cost=0.43..388.44 rows=98 width=121)
	        Index Cond: ((id >= 169680) AND (id <= 169779))

table 4 : explain SELECT c FROM sbtest4 WHERE id BETWEEN 8104668 AND 8104767 ORDER BY c
	Sort  (cost=392.01..392.26 rows=98 width=121)
	  Sort Key: c
	  ->  Index Scan using sbtest4_pkey on sbtest4  (cost=0.43..388.77 rows=98 width=121)
	        Index Cond: ((id >= 8104668) AND (id <= 8104767))

table 5 : explain SELECT c FROM sbtest5 WHERE id BETWEEN 3796873 AND 3796972 ORDER BY c
	Sort  (cost=447.70..447.98 rows=112 width=121)
	  Sort Key: c
	  ->  Index Scan using sbtest5_pkey on sbtest5  (cost=0.43..443.89 rows=112 width=121)
	        Index Cond: ((id >= 3796873) AND (id <= 3796972))

table 6 : explain SELECT c FROM sbtest6 WHERE id BETWEEN 9812940 AND 9813039 ORDER BY c
	Sort  (cost=447.24..447.52 rows=112 width=121)
	  Sort Key: c
	  ->  Index Scan using sbtest6_pkey on sbtest6  (cost=0.43..443.43 rows=112 width=121)
	        Index Cond: ((id >= 9812940) AND (id <= 9813039))

table 7 : explain SELECT c FROM sbtest7 WHERE id BETWEEN 1378329 AND 1378428 ORDER BY c
	Sort  (cost=427.24..427.50 rows=107 width=121)
	  Sort Key: c
	  ->  Index Scan using sbtest7_pkey on sbtest7  (cost=0.43..423.63 rows=107 width=121)
	        Index Cond: ((id >= 1378329) AND (id <= 1378428))

table 8 : explain SELECT c FROM sbtest8 WHERE id BETWEEN 6466671 AND 6466770 ORDER BY c
	Sort  (cost=408.10..408.35 rows=102 width=121)
	  Sort Key: c
	  ->  Index Scan using sbtest8_pkey on sbtest8  (cost=0.43..404.70 rows=102 width=121)
	        Index Cond: ((id >= 6466671) AND (id <= 6466770))

for: order_ranges
table 1 : explain SELECT c FROM sbtest1 WHERE id BETWEEN 2718518 AND 2718617 ORDER BY c
	Sort  (cost=390.96..391.21 rows=98 width=121)
	  Sort Key: c
	  ->  Index Scan using sbtest1_pkey on sbtest1  (cost=0.43..387.72 rows=98 width=121)
	        Index Cond: ((id >= 2718518) AND (id <= 2718617))

table 2 : explain SELECT c FROM sbtest2 WHERE id BETWEEN 3634659 AND 3634758 ORDER BY c
	Sort  (cost=386.83..387.07 rows=97 width=121)
	  Sort Key: c
	  ->  Index Scan using sbtest2_pkey on sbtest2  (cost=0.43..383.63 rows=97 width=121)
	        Index Cond: ((id >= 3634659) AND (id <= 3634758))

table 3 : explain SELECT c FROM sbtest3 WHERE id BETWEEN 8703044 AND 8703143 ORDER BY c
	Sort  (cost=399.60..399.85 rows=100 width=121)
	  Sort Key: c
	  ->  Index Scan using sbtest3_pkey on sbtest3  (cost=0.43..396.28 rows=100 width=121)
	        Index Cond: ((id >= 8703044) AND (id <= 8703143))

table 4 : explain SELECT c FROM sbtest4 WHERE id BETWEEN 6275287 AND 6275386 ORDER BY c
	Sort  (cost=376.17..376.41 rows=94 width=121)
	  Sort Key: c
	  ->  Index Scan using sbtest4_pkey on sbtest4  (cost=0.43..373.09 rows=94 width=121)
	        Index Cond: ((id >= 6275287) AND (id <= 6275386))

table 5 : explain SELECT c FROM sbtest5 WHERE id BETWEEN 9879675 AND 9879774 ORDER BY c
	Sort  (cost=396.18..396.43 rows=99 width=121)
	  Sort Key: c
	  ->  Index Scan using sbtest5_pkey on sbtest5  (cost=0.43..392.90 rows=99 width=121)
	        Index Cond: ((id >= 9879675) AND (id <= 9879774))

table 6 : explain SELECT c FROM sbtest6 WHERE id BETWEEN 7835650 AND 7835749 ORDER BY c
	Sort  (cost=415.57..415.83 rows=104 width=121)
	  Sort Key: c
	  ->  Index Scan using sbtest6_pkey on sbtest6  (cost=0.43..412.09 rows=104 width=121)
	        Index Cond: ((id >= 7835650) AND (id <= 7835749))

table 7 : explain SELECT c FROM sbtest7 WHERE id BETWEEN 4225649 AND 4225748 ORDER BY c
	Sort  (cost=391.63..391.87 rows=98 width=121)
	  Sort Key: c
	  ->  Index Scan using sbtest7_pkey on sbtest7  (cost=0.43..388.39 rows=98 width=121)
	        Index Cond: ((id >= 4225649) AND (id <= 4225748))

table 8 : explain SELECT c FROM sbtest8 WHERE id BETWEEN 990016 AND 990115 ORDER BY c
	Sort  (cost=392.25..392.49 rows=98 width=121)
	  Sort Key: c
	  ->  Index Scan using sbtest8_pkey on sbtest8  (cost=0.43..389.01 rows=98 width=121)
	        Index Cond: ((id >= 990016) AND (id <= 990115))

for point_selects
table 1 : explain SELECT c FROM sbtest1 WHERE id=4487226
	Index Scan using sbtest1_pkey on sbtest1  (cost=0.43..8.45 rows=1 width=121)
	  Index Cond: (id = 4487226)

table 2 : explain SELECT c FROM sbtest2 WHERE id=9637756
	Index Scan using sbtest2_pkey on sbtest2  (cost=0.43..8.45 rows=1 width=121)
	  Index Cond: (id = 9637756)

table 3 : explain SELECT c FROM sbtest3 WHERE id=1216802
	Index Scan using sbtest3_pkey on sbtest3  (cost=0.43..8.45 rows=1 width=121)
	  Index Cond: (id = 1216802)

table 4 : explain SELECT c FROM sbtest4 WHERE id=893540
	Index Scan using sbtest4_pkey on sbtest4  (cost=0.43..8.45 rows=1 width=121)
	  Index Cond: (id = 893540)

table 5 : explain SELECT c FROM sbtest5 WHERE id=7225216
	Index Scan using sbtest5_pkey on sbtest5  (cost=0.43..8.45 rows=1 width=121)
	  Index Cond: (id = 7225216)

table 6 : explain SELECT c FROM sbtest6 WHERE id=3962945
	Index Scan using sbtest6_pkey on sbtest6  (cost=0.43..8.45 rows=1 width=121)
	  Index Cond: (id = 3962945)

table 7 : explain SELECT c FROM sbtest7 WHERE id=3758732
	Index Scan using sbtest7_pkey on sbtest7  (cost=0.43..8.45 rows=1 width=121)
	  Index Cond: (id = 3758732)

table 8 : explain SELECT c FROM sbtest8 WHERE id=1177905
	Index Scan using sbtest8_pkey on sbtest8  (cost=0.43..8.45 rows=1 width=121)
	  Index Cond: (id = 1177905)

for: simple_ranges
table 1 : explain SELECT c FROM sbtest1 WHERE id BETWEEN 1295052 AND 1295151
	Index Scan using sbtest1_pkey on sbtest1  (cost=0.43..368.15 rows=93 width=121)
	  Index Cond: ((id >= 1295052) AND (id <= 1295151))

table 2 : explain SELECT c FROM sbtest2 WHERE id BETWEEN 6777942 AND 6778041
	Index Scan using sbtest2_pkey on sbtest2  (cost=0.43..391.47 rows=99 width=121)
	  Index Cond: ((id >= 6777942) AND (id <= 6778041))

table 3 : explain SELECT c FROM sbtest3 WHERE id BETWEEN 9915028 AND 9915127
	Index Scan using sbtest3_pkey on sbtest3  (cost=0.43..419.78 rows=106 width=121)
	  Index Cond: ((id >= 9915028) AND (id <= 9915127))

table 4 : explain SELECT c FROM sbtest4 WHERE id BETWEEN 956591 AND 956690
	Index Scan using sbtest4_pkey on sbtest4  (cost=0.43..377.01 rows=95 width=121)
	  Index Cond: ((id >= 956591) AND (id <= 956690))

table 5 : explain SELECT c FROM sbtest5 WHERE id BETWEEN 9369701 AND 9369800
	Index Scan using sbtest5_pkey on sbtest5  (cost=0.43..377.21 rows=95 width=121)
	  Index Cond: ((id >= 9369701) AND (id <= 9369800))

table 6 : explain SELECT c FROM sbtest6 WHERE id BETWEEN 7544482 AND 7544581
	Index Scan using sbtest6_pkey on sbtest6  (cost=0.43..408.17 rows=103 width=121)
	  Index Cond: ((id >= 7544482) AND (id <= 7544581))

table 7 : explain SELECT c FROM sbtest7 WHERE id BETWEEN 2072665 AND 2072764
	Index Scan using sbtest7_pkey on sbtest7  (cost=0.43..384.47 rows=97 width=121)
	  Index Cond: ((id >= 2072665) AND (id <= 2072764))

table 8 : explain SELECT c FROM sbtest8 WHERE id BETWEEN 8861786 AND 8861885
	Index Scan using sbtest8_pkey on sbtest8  (cost=0.43..381.16 rows=96 width=121)
	  Index Cond: ((id >= 8861786) AND (id <= 8861885))

for: order_ranges
table 1 : explain SELECT c FROM sbtest1 WHERE id BETWEEN 1121242 AND 1121341 ORDER BY c
	Sort  (cost=430.46..430.73 rows=108 width=121)
	  Sort Key: c
	  ->  Index Scan using sbtest1_pkey on sbtest1  (cost=0.43..426.81 rows=108 width=121)
	        Index Cond: ((id >= 1121242) AND (id <= 1121341))

table 2 : explain SELECT c FROM sbtest2 WHERE id BETWEEN 5231456 AND 5231555 ORDER BY c
	Sort  (cost=378.94..379.17 rows=95 width=121)
	  Sort Key: c
	  ->  Index Scan using sbtest2_pkey on sbtest2  (cost=0.43..375.81 rows=95 width=121)
	        Index Cond: ((id >= 5231456) AND (id <= 5231555))

table 3 : explain SELECT c FROM sbtest3 WHERE id BETWEEN 4486879 AND 4486978 ORDER BY c
	Sort  (cost=383.77..384.01 rows=96 width=121)
	  Sort Key: c
	  ->  Index Scan using sbtest3_pkey on sbtest3  (cost=0.43..380.61 rows=96 width=121)
	        Index Cond: ((id >= 4486879) AND (id <= 4486978))

table 4 : explain SELECT c FROM sbtest4 WHERE id BETWEEN 8972447 AND 8972546 ORDER BY c
	Sort  (cost=399.93..400.18 rows=100 width=121)
	  Sort Key: c
	  ->  Index Scan using sbtest4_pkey on sbtest4  (cost=0.43..396.61 rows=100 width=121)
	        Index Cond: ((id >= 8972447) AND (id <= 8972546))

table 5 : explain SELECT c FROM sbtest5 WHERE id BETWEEN 7372276 AND 7372375 ORDER BY c
	Sort  (cost=376.37..376.61 rows=94 width=121)
	  Sort Key: c
	  ->  Index Scan using sbtest5_pkey on sbtest5  (cost=0.43..373.29 rows=94 width=121)
	        Index Cond: ((id >= 7372276) AND (id <= 7372375))

table 6 : explain SELECT c FROM sbtest6 WHERE id BETWEEN 7426523 AND 7426622 ORDER BY c
	Sort  (cost=415.57..415.83 rows=104 width=121)
	  Sort Key: c
	  ->  Index Scan using sbtest6_pkey on sbtest6  (cost=0.43..412.09 rows=104 width=121)
	        Index Cond: ((id >= 7426523) AND (id <= 7426622))

table 7 : explain SELECT c FROM sbtest7 WHERE id BETWEEN 7816919 AND 7817018 ORDER BY c
	Sort  (cost=367.86..368.09 rows=92 width=121)
	  Sort Key: c
	  ->  Index Scan using sbtest7_pkey on sbtest7  (cost=0.43..364.86 rows=92 width=121)
	        Index Cond: ((id >= 7816919) AND (id <= 7817018))

table 8 : explain SELECT c FROM sbtest8 WHERE id BETWEEN 3126617 AND 3126716 ORDER BY c
	Sort  (cost=380.34..380.57 rows=95 width=121)
	  Sort Key: c
	  ->  Index Scan using sbtest8_pkey on sbtest8  (cost=0.43..377.22 rows=95 width=121)
	        Index Cond: ((id >= 3126617) AND (id <= 3126716))

for point_selects
table 1 : explain SELECT c FROM sbtest1 WHERE id=2350353
	Index Scan using sbtest1_pkey on sbtest1  (cost=0.43..8.45 rows=1 width=121)
	  Index Cond: (id = 2350353)

table 2 : explain SELECT c FROM sbtest2 WHERE id=3296225
	Index Scan using sbtest2_pkey on sbtest2  (cost=0.43..8.45 rows=1 width=121)
	  Index Cond: (id = 3296225)

table 3 : explain SELECT c FROM sbtest3 WHERE id=8867964
	Index Scan using sbtest3_pkey on sbtest3  (cost=0.43..8.45 rows=1 width=121)
	  Index Cond: (id = 8867964)

table 4 : explain SELECT c FROM sbtest4 WHERE id=2302737
	Index Scan using sbtest4_pkey on sbtest4  (cost=0.43..8.45 rows=1 width=121)
	  Index Cond: (id = 2302737)

table 5 : explain SELECT c FROM sbtest5 WHERE id=7750834
	Index Scan using sbtest5_pkey on sbtest5  (cost=0.43..8.45 rows=1 width=121)
	  Index Cond: (id = 7750834)

table 6 : explain SELECT c FROM sbtest6 WHERE id=1443407
	Index Scan using sbtest6_pkey on sbtest6  (cost=0.43..8.45 rows=1 width=121)
	  Index Cond: (id = 1443407)

table 7 : explain SELECT c FROM sbtest7 WHERE id=6089937
	Index Scan using sbtest7_pkey on sbtest7  (cost=0.43..8.45 rows=1 width=121)
	  Index Cond: (id = 6089937)

table 8 : explain SELECT c FROM sbtest8 WHERE id=8367964
	Index Scan using sbtest8_pkey on sbtest8  (cost=0.43..8.45 rows=1 width=121)
	  Index Cond: (id = 8367964)

for: distinct_ranges
table 1 : explain SELECT DISTINCT c FROM sbtest1 WHERE id BETWEEN 6763861 AND 6763960 ORDER BY c
	Unique  (cost=414.66..415.18 rows=104 width=121)
	  ->  Sort  (cost=414.66..414.92 rows=104 width=121)
	        Sort Key: c
	        ->  Index Scan using sbtest1_pkey on sbtest1  (cost=0.43..411.17 rows=104 width=121)
	              Index Cond: ((id >= 6763861) AND (id <= 6763960))

table 2 : explain SELECT DISTINCT c FROM sbtest2 WHERE id BETWEEN 2395006 AND 2395105 ORDER BY c
	Unique  (cost=422.39..422.92 rows=106 width=121)
	  ->  Sort  (cost=422.39..422.66 rows=106 width=121)
	        Sort Key: c
	        ->  Index Scan using sbtest2_pkey on sbtest2  (cost=0.43..418.82 rows=106 width=121)
	              Index Cond: ((id >= 2395006) AND (id <= 2395105))

table 3 : explain SELECT DISTINCT c FROM sbtest3 WHERE id BETWEEN 8807208 AND 8807307 ORDER BY c
	Unique  (cost=379.81..380.29 rows=95 width=121)
	  ->  Sort  (cost=379.81..380.05 rows=95 width=121)
	        Sort Key: c
	        ->  Index Scan using sbtest3_pkey on sbtest3  (cost=0.43..376.69 rows=95 width=121)
	              Index Cond: ((id >= 8807208) AND (id <= 8807307))

table 4 : explain SELECT DISTINCT c FROM sbtest4 WHERE id BETWEEN 8852750 AND 8852849 ORDER BY c
	Unique  (cost=411.81..412.33 rows=103 width=121)
	  ->  Sort  (cost=411.81..412.07 rows=103 width=121)
	        Sort Key: c
	        ->  Index Scan using sbtest4_pkey on sbtest4  (cost=0.43..408.37 rows=103 width=121)
	              Index Cond: ((id >= 8852750) AND (id <= 8852849))

table 5 : explain SELECT DISTINCT c FROM sbtest5 WHERE id BETWEEN 7569984 AND 7570083 ORDER BY c
	Unique  (cost=396.18..396.68 rows=99 width=121)
	  ->  Sort  (cost=396.18..396.43 rows=99 width=121)
	        Sort Key: c
	        ->  Index Scan using sbtest5_pkey on sbtest5  (cost=0.43..392.90 rows=99 width=121)
	              Index Cond: ((id >= 7569984) AND (id <= 7570083))

table 6 : explain SELECT DISTINCT c FROM sbtest6 WHERE id BETWEEN 7990557 AND 7990656 ORDER BY c
	Unique  (cost=403.69..404.20 rows=101 width=121)
	  ->  Sort  (cost=403.69..403.95 rows=101 width=121)
	        Sort Key: c
	        ->  Index Scan using sbtest6_pkey on sbtest6  (cost=0.43..400.33 rows=101 width=121)
	              Index Cond: ((id >= 7990557) AND (id <= 7990656))

table 7 : explain SELECT DISTINCT c FROM sbtest7 WHERE id BETWEEN 8958491 AND 8958590 ORDER BY c
	Unique  (cost=415.37..415.89 rows=104 width=121)
	  ->  Sort  (cost=415.37..415.63 rows=104 width=121)
	        Sort Key: c
	        ->  Index Scan using sbtest7_pkey on sbtest7  (cost=0.43..411.88 rows=104 width=121)
	              Index Cond: ((id >= 8958491) AND (id <= 8958590))

table 8 : explain SELECT DISTINCT c FROM sbtest8 WHERE id BETWEEN 2704035 AND 2704134 ORDER BY c
	Unique  (cost=400.17..400.67 rows=100 width=121)
	  ->  Sort  (cost=400.17..400.42 rows=100 width=121)
	        Sort Key: c
	        ->  Index Scan using sbtest8_pkey on sbtest8  (cost=0.43..396.85 rows=100 width=121)
	              Index Cond: ((id >= 2704035) AND (id <= 2704134))

for: distinct_ranges
table 1 : explain SELECT DISTINCT c FROM sbtest1 WHERE id BETWEEN 8309327 AND 8309426 ORDER BY c
	Unique  (cost=398.86..399.36 rows=100 width=121)
	  ->  Sort  (cost=398.86..399.11 rows=100 width=121)
	        Sort Key: c
	        ->  Index Scan using sbtest1_pkey on sbtest1  (cost=0.43..395.54 rows=100 width=121)
	              Index Cond: ((id >= 8309327) AND (id <= 8309426))

table 2 : explain SELECT DISTINCT c FROM sbtest2 WHERE id BETWEEN 8663583 AND 8663682 ORDER BY c
	Unique  (cost=430.29..430.83 rows=108 width=121)
	  ->  Sort  (cost=430.29..430.56 rows=108 width=121)
	        Sort Key: c
	        ->  Index Scan using sbtest2_pkey on sbtest2  (cost=0.43..426.64 rows=108 width=121)
	              Index Cond: ((id >= 8663583) AND (id <= 8663682))

table 3 : explain SELECT DISTINCT c FROM sbtest3 WHERE id BETWEEN 9125632 AND 9125731 ORDER BY c
	Unique  (cost=427.30..427.83 rows=107 width=121)
	  ->  Sort  (cost=427.30..427.57 rows=107 width=121)
	        Sort Key: c
	        ->  Index Scan using sbtest3_pkey on sbtest3  (cost=0.43..423.69 rows=107 width=121)
	              Index Cond: ((id >= 9125632) AND (id <= 9125731))

table 4 : explain SELECT DISTINCT c FROM sbtest4 WHERE id BETWEEN 778452 AND 778551 ORDER BY c
	Unique  (cost=459.35..459.92 rows=115 width=121)
	  ->  Sort  (cost=459.35..459.63 rows=115 width=121)
	        Sort Key: c
	        ->  Index Scan using sbtest4_pkey on sbtest4  (cost=0.43..455.41 rows=115 width=121)
	              Index Cond: ((id >= 778452) AND (id <= 778551))

table 5 : explain SELECT DISTINCT c FROM sbtest5 WHERE id BETWEEN 5261885 AND 5261984 ORDER BY c
	Unique  (cost=423.92..424.45 rows=106 width=121)
	  ->  Sort  (cost=423.92..424.19 rows=106 width=121)
	        Sort Key: c
	        ->  Index Scan using sbtest5_pkey on sbtest5  (cost=0.43..420.36 rows=106 width=121)
	              Index Cond: ((id >= 5261885) AND (id <= 5261984))

table 6 : explain SELECT DISTINCT c FROM sbtest6 WHERE id BETWEEN 8831941 AND 8832040 ORDER BY c
	Unique  (cost=399.74..400.24 rows=100 width=121)
	  ->  Sort  (cost=399.74..399.99 rows=100 width=121)
	        Sort Key: c
	        ->  Index Scan using sbtest6_pkey on sbtest6  (cost=0.43..396.41 rows=100 width=121)
	              Index Cond: ((id >= 8831941) AND (id <= 8832040))

table 7 : explain SELECT DISTINCT c FROM sbtest7 WHERE id BETWEEN 5343695 AND 5343794 ORDER BY c
	Unique  (cost=407.45..407.96 rows=102 width=121)
	  ->  Sort  (cost=407.45..407.71 rows=102 width=121)
	        Sort Key: c
	        ->  Index Scan using sbtest7_pkey on sbtest7  (cost=0.43..404.05 rows=102 width=121)
	              Index Cond: ((id >= 5343695) AND (id <= 5343794))

table 8 : explain SELECT DISTINCT c FROM sbtest8 WHERE id BETWEEN 9974549 AND 9974648 ORDER BY c
	Unique  (cost=404.14..404.64 rows=101 width=121)
	  ->  Sort  (cost=404.14..404.39 rows=101 width=121)
	        Sort Key: c
	        ->  Index Scan using sbtest8_pkey on sbtest8  (cost=0.43..400.77 rows=101 width=121)
	              Index Cond: ((id >= 9974549) AND (id <= 9974648))

for: simple_ranges
table 1 : explain SELECT c FROM sbtest1 WHERE id BETWEEN 8975351 AND 8975450
	Index Scan using sbtest1_pkey on sbtest1  (cost=0.43..418.99 rows=106 width=121)
	  Index Cond: ((id >= 8975351) AND (id <= 8975450))

table 2 : explain SELECT c FROM sbtest2 WHERE id BETWEEN 6178173 AND 6178272
	Index Scan using sbtest2_pkey on sbtest2  (cost=0.43..375.81 rows=95 width=121)
	  Index Cond: ((id >= 6178173) AND (id <= 6178272))

table 3 : explain SELECT c FROM sbtest3 WHERE id BETWEEN 2313048 AND 2313147
	Index Scan using sbtest3_pkey on sbtest3  (cost=0.43..439.36 rows=111 width=121)
	  Index Cond: ((id >= 2313048) AND (id <= 2313147))

table 4 : explain SELECT c FROM sbtest4 WHERE id BETWEEN 3781183 AND 3781282
	Index Scan using sbtest4_pkey on sbtest4  (cost=0.43..384.85 rows=97 width=121)
	  Index Cond: ((id >= 3781183) AND (id <= 3781282))

table 5 : explain SELECT c FROM sbtest5 WHERE id BETWEEN 8589796 AND 8589895
	Index Scan using sbtest5_pkey on sbtest5  (cost=0.43..416.44 rows=105 width=121)
	  Index Cond: ((id >= 8589796) AND (id <= 8589895))

table 6 : explain SELECT c FROM sbtest6 WHERE id BETWEEN 9873848 AND 9873947
	Index Scan using sbtest6_pkey on sbtest6  (cost=0.43..443.43 rows=112 width=121)
	  Index Cond: ((id >= 9873848) AND (id <= 9873947))

table 7 : explain SELECT c FROM sbtest7 WHERE id BETWEEN 4220838 AND 4220937
	Index Scan using sbtest7_pkey on sbtest7  (cost=0.43..388.39 rows=98 width=121)
	  Index Cond: ((id >= 4220838) AND (id <= 4220937))

table 8 : explain SELECT c FROM sbtest8 WHERE id BETWEEN 5413966 AND 5414065
	Index Scan using sbtest8_pkey on sbtest8  (cost=0.43..400.77 rows=101 width=121)
	  Index Cond: ((id >= 5413966) AND (id <= 5414065))

for point_selects
table 1 : explain SELECT c FROM sbtest1 WHERE id=2508354
	Index Scan using sbtest1_pkey on sbtest1  (cost=0.43..8.45 rows=1 width=121)
	  Index Cond: (id = 2508354)

table 2 : explain SELECT c FROM sbtest2 WHERE id=7774129
	Index Scan using sbtest2_pkey on sbtest2  (cost=0.43..8.45 rows=1 width=121)
	  Index Cond: (id = 7774129)

table 3 : explain SELECT c FROM sbtest3 WHERE id=36006
	Index Scan using sbtest3_pkey on sbtest3  (cost=0.43..8.45 rows=1 width=121)
	  Index Cond: (id = 36006)

table 4 : explain SELECT c FROM sbtest4 WHERE id=5151000
	Index Scan using sbtest4_pkey on sbtest4  (cost=0.43..8.45 rows=1 width=121)
	  Index Cond: (id = 5151000)

table 5 : explain SELECT c FROM sbtest5 WHERE id=4582177
	Index Scan using sbtest5_pkey on sbtest5  (cost=0.43..8.45 rows=1 width=121)
	  Index Cond: (id = 4582177)

table 6 : explain SELECT c FROM sbtest6 WHERE id=8352317
	Index Scan using sbtest6_pkey on sbtest6  (cost=0.43..8.45 rows=1 width=121)
	  Index Cond: (id = 8352317)

table 7 : explain SELECT c FROM sbtest7 WHERE id=5307275
	Index Scan using sbtest7_pkey on sbtest7  (cost=0.43..8.45 rows=1 width=121)
	  Index Cond: (id = 5307275)

table 8 : explain SELECT c FROM sbtest8 WHERE id=6189056
	Index Scan using sbtest8_pkey on sbtest8  (cost=0.43..8.45 rows=1 width=121)
	  Index Cond: (id = 6189056)

for point_selects
table 1 : explain SELECT c FROM sbtest1 WHERE id=9986269
	Index Scan using sbtest1_pkey on sbtest1  (cost=0.43..8.45 rows=1 width=121)
	  Index Cond: (id = 9986269)

table 2 : explain SELECT c FROM sbtest2 WHERE id=1158076
	Index Scan using sbtest2_pkey on sbtest2  (cost=0.43..8.45 rows=1 width=121)
	  Index Cond: (id = 1158076)

table 3 : explain SELECT c FROM sbtest3 WHERE id=9910404
	Index Scan using sbtest3_pkey on sbtest3  (cost=0.43..8.45 rows=1 width=121)
	  Index Cond: (id = 9910404)

table 4 : explain SELECT c FROM sbtest4 WHERE id=754037
	Index Scan using sbtest4_pkey on sbtest4  (cost=0.43..8.45 rows=1 width=121)
	  Index Cond: (id = 754037)

table 5 : explain SELECT c FROM sbtest5 WHERE id=7960617
	Index Scan using sbtest5_pkey on sbtest5  (cost=0.43..8.45 rows=1 width=121)
	  Index Cond: (id = 7960617)

table 6 : explain SELECT c FROM sbtest6 WHERE id=4632504
	Index Scan using sbtest6_pkey on sbtest6  (cost=0.43..8.45 rows=1 width=121)
	  Index Cond: (id = 4632504)

table 7 : explain SELECT c FROM sbtest7 WHERE id=6545447
	Index Scan using sbtest7_pkey on sbtest7  (cost=0.43..8.45 rows=1 width=121)
	  Index Cond: (id = 6545447)

table 8 : explain SELECT c FROM sbtest8 WHERE id=5367782
	Index Scan using sbtest8_pkey on sbtest8  (cost=0.43..8.45 rows=1 width=121)
	  Index Cond: (id = 5367782)

for point_selects
table 1 : explain SELECT c FROM sbtest1 WHERE id=3914312
	Index Scan using sbtest1_pkey on sbtest1  (cost=0.43..8.45 rows=1 width=121)
	  Index Cond: (id = 3914312)

table 2 : explain SELECT c FROM sbtest2 WHERE id=3205316
	Index Scan using sbtest2_pkey on sbtest2  (cost=0.43..8.45 rows=1 width=121)
	  Index Cond: (id = 3205316)

table 3 : explain SELECT c FROM sbtest3 WHERE id=5894944
	Index Scan using sbtest3_pkey on sbtest3  (cost=0.43..8.45 rows=1 width=121)
	  Index Cond: (id = 5894944)

table 4 : explain SELECT c FROM sbtest4 WHERE id=3674924
	Index Scan using sbtest4_pkey on sbtest4  (cost=0.43..8.45 rows=1 width=121)
	  Index Cond: (id = 3674924)

table 5 : explain SELECT c FROM sbtest5 WHERE id=1369793
	Index Scan using sbtest5_pkey on sbtest5  (cost=0.43..8.45 rows=1 width=121)
	  Index Cond: (id = 1369793)

table 6 : explain SELECT c FROM sbtest6 WHERE id=7288147
	Index Scan using sbtest6_pkey on sbtest6  (cost=0.43..8.45 rows=1 width=121)
	  Index Cond: (id = 7288147)

table 7 : explain SELECT c FROM sbtest7 WHERE id=1932966
	Index Scan using sbtest7_pkey on sbtest7  (cost=0.43..8.45 rows=1 width=121)
	  Index Cond: (id = 1932966)

table 8 : explain SELECT c FROM sbtest8 WHERE id=8979989
	Index Scan using sbtest8_pkey on sbtest8  (cost=0.43..8.45 rows=1 width=121)
	  Index Cond: (id = 8979989)

for: simple_ranges
table 1 : explain SELECT c FROM sbtest1 WHERE id BETWEEN 2262975 AND 2263074
	Index Scan using sbtest1_pkey on sbtest1  (cost=0.43..399.45 rows=101 width=121)
	  Index Cond: ((id >= 2262975) AND (id <= 2263074))

table 2 : explain SELECT c FROM sbtest2 WHERE id BETWEEN 3268010 AND 3268109
	Index Scan using sbtest2_pkey on sbtest2  (cost=0.43..375.81 rows=95 width=121)
	  Index Cond: ((id >= 3268010) AND (id <= 3268109))

table 3 : explain SELECT c FROM sbtest3 WHERE id BETWEEN 922566 AND 922665
	Index Scan using sbtest3_pkey on sbtest3  (cost=0.43..435.44 rows=110 width=121)
	  Index Cond: ((id >= 922566) AND (id <= 922665))

table 4 : explain SELECT c FROM sbtest4 WHERE id BETWEEN 9564543 AND 9564642
	Index Scan using sbtest4_pkey on sbtest4  (cost=0.43..404.45 rows=102 width=121)
	  Index Cond: ((id >= 9564543) AND (id <= 9564642))

table 5 : explain SELECT c FROM sbtest5 WHERE id BETWEEN 4597386 AND 4597485
	Index Scan using sbtest5_pkey on sbtest5  (cost=0.43..388.98 rows=98 width=121)
	  Index Cond: ((id >= 4597386) AND (id <= 4597485))

table 6 : explain SELECT c FROM sbtest6 WHERE id BETWEEN 5060589 AND 5060688
	Index Scan using sbtest6_pkey on sbtest6  (cost=0.43..416.00 rows=105 width=121)
	  Index Cond: ((id >= 5060589) AND (id <= 5060688))

table 7 : explain SELECT c FROM sbtest7 WHERE id BETWEEN 873693 AND 873792
	Index Scan using sbtest7_pkey on sbtest7  (cost=0.43..407.97 rows=103 width=121)
	  Index Cond: ((id >= 873693) AND (id <= 873792))

table 8 : explain SELECT c FROM sbtest8 WHERE id BETWEEN 8493560 AND 8493659
	Index Scan using sbtest8_pkey on sbtest8  (cost=0.43..373.29 rows=94 width=121)
	  Index Cond: ((id >= 8493560) AND (id <= 8493659))

for: sum_ranges
table 1 : explain SELECT SUM(k) FROM sbtest1 WHERE id BETWEEN 8018666 AND 8018765
	Aggregate  (cost=387.97..387.98 rows=1 width=8)
	  ->  Index Scan using sbtest1_pkey on sbtest1  (cost=0.43..387.72 rows=98 width=4)
	        Index Cond: ((id >= 8018666) AND (id <= 8018765))

table 2 : explain SELECT SUM(k) FROM sbtest2 WHERE id BETWEEN 8853491 AND 8853590
	Aggregate  (cost=411.27..411.28 rows=1 width=8)
	  ->  Index Scan using sbtest2_pkey on sbtest2  (cost=0.43..411.01 rows=104 width=4)
	        Index Cond: ((id >= 8853491) AND (id <= 8853590))

table 3 : explain SELECT SUM(k) FROM sbtest3 WHERE id BETWEEN 9748577 AND 9748676
	Aggregate  (cost=341.63..341.64 rows=1 width=8)
	  ->  Index Scan using sbtest3_pkey on sbtest3  (cost=0.43..341.42 rows=86 width=4)
	        Index Cond: ((id >= 9748577) AND (id <= 9748676))

table 4 : explain SELECT SUM(k) FROM sbtest4 WHERE id BETWEEN 798104 AND 798203
	Aggregate  (cost=389.02..389.03 rows=1 width=8)
	  ->  Index Scan using sbtest4_pkey on sbtest4  (cost=0.43..388.77 rows=98 width=4)
	        Index Cond: ((id >= 798104) AND (id <= 798203))

table 5 : explain SELECT SUM(k) FROM sbtest5 WHERE id BETWEEN 4963069 AND 4963168
	Aggregate  (cost=373.53..373.54 rows=1 width=8)
	  ->  Index Scan using sbtest5_pkey on sbtest5  (cost=0.43..373.29 rows=94 width=4)
	        Index Cond: ((id >= 4963069) AND (id <= 4963168))

table 6 : explain SELECT SUM(k) FROM sbtest6 WHERE id BETWEEN 4226008 AND 4226107
	Aggregate  (cost=388.82..388.83 rows=1 width=8)
	  ->  Index Scan using sbtest6_pkey on sbtest6  (cost=0.43..388.58 rows=98 width=4)
	        Index Cond: ((id >= 4226008) AND (id <= 4226107))

table 7 : explain SELECT SUM(k) FROM sbtest7 WHERE id BETWEEN 918461 AND 918560
	Aggregate  (cost=408.22..408.23 rows=1 width=8)
	  ->  Index Scan using sbtest7_pkey on sbtest7  (cost=0.43..407.97 rows=103 width=4)
	        Index Cond: ((id >= 918461) AND (id <= 918560))

table 8 : explain SELECT SUM(k) FROM sbtest8 WHERE id BETWEEN 3853480 AND 3853579
	Aggregate  (cost=424.58..424.59 rows=1 width=8)
	  ->  Index Scan using sbtest8_pkey on sbtest8  (cost=0.43..424.31 rows=107 width=4)
	        Index Cond: ((id >= 3853480) AND (id <= 3853579))

for: simple_ranges
table 1 : explain SELECT c FROM sbtest1 WHERE id BETWEEN 6411368 AND 6411467
	Index Scan using sbtest1_pkey on sbtest1  (cost=0.43..395.54 rows=100 width=121)
	  Index Cond: ((id >= 6411368) AND (id <= 6411467))

table 2 : explain SELECT c FROM sbtest2 WHERE id BETWEEN 1798110 AND 1798209
	Index Scan using sbtest2_pkey on sbtest2  (cost=0.43..399.29 rows=101 width=121)
	  Index Cond: ((id >= 1798110) AND (id <= 1798209))

table 3 : explain SELECT c FROM sbtest3 WHERE id BETWEEN 9213449 AND 9213548
	Index Scan using sbtest3_pkey on sbtest3  (cost=0.43..400.19 rows=101 width=121)
	  Index Cond: ((id >= 9213449) AND (id <= 9213548))

table 4 : explain SELECT c FROM sbtest4 WHERE id BETWEEN 4468102 AND 4468201
	Index Scan using sbtest4_pkey on sbtest4  (cost=0.43..420.13 rows=106 width=121)
	  Index Cond: ((id >= 4468102) AND (id <= 4468201))

table 5 : explain SELECT c FROM sbtest5 WHERE id BETWEEN 6604956 AND 6605055
	Index Scan using sbtest5_pkey on sbtest5  (cost=0.43..353.66 rows=89 width=121)
	  Index Cond: ((id >= 6604956) AND (id <= 6605055))

table 6 : explain SELECT c FROM sbtest6 WHERE id BETWEEN 9585580 AND 9585679
	Index Scan using sbtest6_pkey on sbtest6  (cost=0.43..439.51 rows=111 width=121)
	  Index Cond: ((id >= 9585580) AND (id <= 9585679))

table 7 : explain SELECT c FROM sbtest7 WHERE id BETWEEN 7351339 AND 7351438
	Index Scan using sbtest7_pkey on sbtest7  (cost=0.43..407.97 rows=103 width=121)
	  Index Cond: ((id >= 7351339) AND (id <= 7351438))

table 8 : explain SELECT c FROM sbtest8 WHERE id BETWEEN 2388351 AND 2388450
	Index Scan using sbtest8_pkey on sbtest8  (cost=0.43..389.01 rows=98 width=121)
	  Index Cond: ((id >= 2388351) AND (id <= 2388450))

for: distinct_ranges
table 1 : explain SELECT DISTINCT c FROM sbtest1 WHERE id BETWEEN 7420369 AND 7420468 ORDER BY c
	Unique  (cost=387.01..387.50 rows=97 width=121)
	  ->  Sort  (cost=387.01..387.25 rows=97 width=121)
	        Sort Key: c
	        ->  Index Scan using sbtest1_pkey on sbtest1  (cost=0.43..383.81 rows=97 width=121)
	              Index Cond: ((id >= 7420369) AND (id <= 7420468))

table 2 : explain SELECT DISTINCT c FROM sbtest2 WHERE id BETWEEN 2991256 AND 2991355 ORDER BY c
	Unique  (cost=410.55..411.06 rows=103 width=121)
	  ->  Sort  (cost=410.55..410.80 rows=103 width=121)
	        Sort Key: c
	        ->  Index Scan using sbtest2_pkey on sbtest2  (cost=0.43..407.10 rows=103 width=121)
	              Index Cond: ((id >= 2991256) AND (id <= 2991355))

table 3 : explain SELECT DISTINCT c FROM sbtest3 WHERE id BETWEEN 4338667 AND 4338766 ORDER BY c
	Unique  (cost=411.47..411.98 rows=103 width=121)
	  ->  Sort  (cost=411.47..411.73 rows=103 width=121)
	        Sort Key: c
	        ->  Index Scan using sbtest3_pkey on sbtest3  (cost=0.43..408.03 rows=103 width=121)
	              Index Cond: ((id >= 4338667) AND (id <= 4338766))

table 4 : explain SELECT DISTINCT c FROM sbtest4 WHERE id BETWEEN 7737126 AND 7737225 ORDER BY c
	Unique  (cost=427.66..428.19 rows=107 width=121)
	  ->  Sort  (cost=427.66..427.92 rows=107 width=121)
	        Sort Key: c
	        ->  Index Scan using sbtest4_pkey on sbtest4  (cost=0.43..424.05 rows=107 width=121)
	              Index Cond: ((id >= 7737126) AND (id <= 7737225))

table 5 : explain SELECT DISTINCT c FROM sbtest5 WHERE id BETWEEN 1966892 AND 1966991 ORDER BY c
	Unique  (cost=463.56..464.14 rows=116 width=121)
	  ->  Sort  (cost=463.56..463.85 rows=116 width=121)
	        Sort Key: c
	        ->  Index Scan using sbtest5_pkey on sbtest5  (cost=0.43..459.58 rows=116 width=121)
	              Index Cond: ((id >= 1966892) AND (id <= 1966991))

table 6 : explain SELECT DISTINCT c FROM sbtest6 WHERE id BETWEEN 2746746 AND 2746845 ORDER BY c
	Unique  (cost=435.36..435.91 rows=109 width=121)
	  ->  Sort  (cost=435.36..435.64 rows=109 width=121)
	        Sort Key: c
	        ->  Index Scan using sbtest6_pkey on sbtest6  (cost=0.43..431.68 rows=109 width=121)
	              Index Cond: ((id >= 2746746) AND (id <= 2746845))

table 7 : explain SELECT DISTINCT c FROM sbtest7 WHERE id BETWEEN 339292 AND 339391 ORDER BY c
	Unique  (cost=379.76..380.23 rows=95 width=121)
	  ->  Sort  (cost=379.76..380.00 rows=95 width=121)
	        Sort Key: c
	        ->  Index Scan using sbtest7_pkey on sbtest7  (cost=0.43..376.64 rows=95 width=121)
	              Index Cond: ((id >= 339292) AND (id <= 339391))

table 8 : explain SELECT DISTINCT c FROM sbtest8 WHERE id BETWEEN 6585660 AND 6585759 ORDER BY c
	Unique  (cost=360.52..360.97 rows=90 width=121)
	  ->  Sort  (cost=360.52..360.75 rows=90 width=121)
	        Sort Key: c
	        ->  Index Scan using sbtest8_pkey on sbtest8  (cost=0.43..357.60 rows=90 width=121)
	              Index Cond: ((id >= 6585660) AND (id <= 6585759))

for: sum_ranges
table 1 : explain SELECT SUM(k) FROM sbtest1 WHERE id BETWEEN 7024924 AND 7025023
	Aggregate  (cost=407.52..407.53 rows=1 width=8)
	  ->  Index Scan using sbtest1_pkey on sbtest1  (cost=0.43..407.27 rows=103 width=4)
	        Index Cond: ((id >= 7024924) AND (id <= 7025023))

table 2 : explain SELECT SUM(k) FROM sbtest2 WHERE id BETWEEN 8134311 AND 8134410
	Aggregate  (cost=383.87..383.88 rows=1 width=8)
	  ->  Index Scan using sbtest2_pkey on sbtest2  (cost=0.43..383.63 rows=97 width=4)
	        Index Cond: ((id >= 8134311) AND (id <= 8134410))

table 3 : explain SELECT SUM(k) FROM sbtest3 WHERE id BETWEEN 1214931 AND 1215030
	Aggregate  (cost=396.53..396.54 rows=1 width=8)
	  ->  Index Scan using sbtest3_pkey on sbtest3  (cost=0.43..396.28 rows=100 width=4)
	        Index Cond: ((id >= 1214931) AND (id <= 1215030))

table 4 : explain SELECT SUM(k) FROM sbtest4 WHERE id BETWEEN 4455881 AND 4455980
	Aggregate  (cost=420.40..420.41 rows=1 width=8)
	  ->  Index Scan using sbtest4_pkey on sbtest4  (cost=0.43..420.13 rows=106 width=4)
	        Index Cond: ((id >= 4455881) AND (id <= 4455980))

table 5 : explain SELECT SUM(k) FROM sbtest5 WHERE id BETWEEN 675130 AND 675229
	Aggregate  (cost=428.47..428.48 rows=1 width=8)
	  ->  Index Scan using sbtest5_pkey on sbtest5  (cost=0.43..428.20 rows=108 width=4)
	        Index Cond: ((id >= 675130) AND (id <= 675229))

table 6 : explain SELECT SUM(k) FROM sbtest6 WHERE id BETWEEN 6859388 AND 6859487
	Aggregate  (cost=404.50..404.51 rows=1 width=8)
	  ->  Index Scan using sbtest6_pkey on sbtest6  (cost=0.43..404.25 rows=102 width=4)
	        Index Cond: ((id >= 6859388) AND (id <= 6859487))

table 7 : explain SELECT SUM(k) FROM sbtest7 WHERE id BETWEEN 1968869 AND 1968968
	Aggregate  (cost=419.98..419.99 rows=1 width=8)
	  ->  Index Scan using sbtest7_pkey on sbtest7  (cost=0.43..419.71 rows=106 width=4)
	        Index Cond: ((id >= 1968869) AND (id <= 1968968))

table 8 : explain SELECT SUM(k) FROM sbtest8 WHERE id BETWEEN 8979526 AND 8979625
	Aggregate  (cost=389.25..389.26 rows=1 width=8)
	  ->  Index Scan using sbtest8_pkey on sbtest8  (cost=0.43..389.01 rows=98 width=4)
	        Index Cond: ((id >= 8979526) AND (id <= 8979625))

for: distinct_ranges
table 1 : explain SELECT DISTINCT c FROM sbtest1 WHERE id BETWEEN 7759853 AND 7759952 ORDER BY c
	Unique  (cost=383.06..383.54 rows=96 width=121)
	  ->  Sort  (cost=383.06..383.30 rows=96 width=121)
	        Sort Key: c
	        ->  Index Scan using sbtest1_pkey on sbtest1  (cost=0.43..379.90 rows=96 width=121)
	              Index Cond: ((id >= 7759853) AND (id <= 7759952))

table 2 : explain SELECT DISTINCT c FROM sbtest2 WHERE id BETWEEN 830773 AND 830872 ORDER BY c
	Unique  (cost=386.83..387.32 rows=97 width=121)
	  ->  Sort  (cost=386.83..387.07 rows=97 width=121)
	        Sort Key: c
	        ->  Index Scan using sbtest2_pkey on sbtest2  (cost=0.43..383.63 rows=97 width=121)
	              Index Cond: ((id >= 830773) AND (id <= 830872))

table 3 : explain SELECT DISTINCT c FROM sbtest3 WHERE id BETWEEN 3520614 AND 3520713 ORDER BY c
	Unique  (cost=399.60..400.10 rows=100 width=121)
	  ->  Sort  (cost=399.60..399.85 rows=100 width=121)
	        Sort Key: c
	        ->  Index Scan using sbtest3_pkey on sbtest3  (cost=0.43..396.28 rows=100 width=121)
	              Index Cond: ((id >= 3520614) AND (id <= 3520713))

table 4 : explain SELECT DISTINCT c FROM sbtest4 WHERE id BETWEEN 2262122 AND 2262221 ORDER BY c
	Unique  (cost=384.09..384.57 rows=96 width=121)
	  ->  Sort  (cost=384.09..384.33 rows=96 width=121)
	        Sort Key: c
	        ->  Index Scan using sbtest4_pkey on sbtest4  (cost=0.43..380.93 rows=96 width=121)
	              Index Cond: ((id >= 2262122) AND (id <= 2262221))

table 5 : explain SELECT DISTINCT c FROM sbtest5 WHERE id BETWEEN 3834484 AND 3834583 ORDER BY c
	Unique  (cost=447.70..448.26 rows=112 width=121)
	  ->  Sort  (cost=447.70..447.98 rows=112 width=121)
	        Sort Key: c
	        ->  Index Scan using sbtest5_pkey on sbtest5  (cost=0.43..443.89 rows=112 width=121)
	              Index Cond: ((id >= 3834484) AND (id <= 3834583))

table 6 : explain SELECT DISTINCT c FROM sbtest6 WHERE id BETWEEN 2270989 AND 2271088 ORDER BY c
	Unique  (cost=411.61..412.13 rows=103 width=121)
	  ->  Sort  (cost=411.61..411.87 rows=103 width=121)
	        Sort Key: c
	        ->  Index Scan using sbtest6_pkey on sbtest6  (cost=0.43..408.17 rows=103 width=121)
	              Index Cond: ((id >= 2270989) AND (id <= 2271088))

table 7 : explain SELECT DISTINCT c FROM sbtest7 WHERE id BETWEEN 7826417 AND 7826516 ORDER BY c
	Unique  (cost=367.86..368.32 rows=92 width=121)
	  ->  Sort  (cost=367.86..368.09 rows=92 width=121)
	        Sort Key: c
	        ->  Index Scan using sbtest7_pkey on sbtest7  (cost=0.43..364.86 rows=92 width=121)
	              Index Cond: ((id >= 7826417) AND (id <= 7826516))

table 8 : explain SELECT DISTINCT c FROM sbtest8 WHERE id BETWEEN 367431 AND 367530 ORDER BY c
	Unique  (cost=376.37..376.84 rows=94 width=121)
	  ->  Sort  (cost=376.37..376.61 rows=94 width=121)
	        Sort Key: c
	        ->  Index Scan using sbtest8_pkey on sbtest8  (cost=0.43..373.29 rows=94 width=121)
	              Index Cond: ((id >= 367431) AND (id <= 367530))

for: simple_ranges
table 1 : explain SELECT c FROM sbtest1 WHERE id BETWEEN 4071283 AND 4071382
	Index Scan using sbtest1_pkey on sbtest1  (cost=0.43..426.81 rows=108 width=121)
	  Index Cond: ((id >= 4071283) AND (id <= 4071382))

table 2 : explain SELECT c FROM sbtest2 WHERE id BETWEEN 5982061 AND 5982160
	Index Scan using sbtest2_pkey on sbtest2  (cost=0.43..371.91 rows=94 width=121)
	  Index Cond: ((id >= 5982061) AND (id <= 5982160))

table 3 : explain SELECT c FROM sbtest3 WHERE id BETWEEN 5101963 AND 5102062
	Index Scan using sbtest3_pkey on sbtest3  (cost=0.43..396.28 rows=100 width=121)
	  Index Cond: ((id >= 5101963) AND (id <= 5102062))

table 4 : explain SELECT c FROM sbtest4 WHERE id BETWEEN 4343001 AND 4343100
	Index Scan using sbtest4_pkey on sbtest4  (cost=0.43..384.85 rows=97 width=121)
	  Index Cond: ((id >= 4343001) AND (id <= 4343100))

table 5 : explain SELECT c FROM sbtest5 WHERE id BETWEEN 5904583 AND 5904682
	Index Scan using sbtest5_pkey on sbtest5  (cost=0.43..357.58 rows=90 width=121)
	  Index Cond: ((id >= 5904583) AND (id <= 5904682))

table 6 : explain SELECT c FROM sbtest6 WHERE id BETWEEN 5056608 AND 5056707
	Index Scan using sbtest6_pkey on sbtest6  (cost=0.43..416.00 rows=105 width=121)
	  Index Cond: ((id >= 5056608) AND (id <= 5056707))

table 7 : explain SELECT c FROM sbtest7 WHERE id BETWEEN 9948004 AND 9948103
	Index Scan using sbtest7_pkey on sbtest7  (cost=0.43..384.47 rows=97 width=121)
	  Index Cond: ((id >= 9948004) AND (id <= 9948103))

table 8 : explain SELECT c FROM sbtest8 WHERE id BETWEEN 6542983 AND 6543082
	Index Scan using sbtest8_pkey on sbtest8  (cost=0.43..412.54 rows=104 width=121)
	  Index Cond: ((id >= 6542983) AND (id <= 6543082))

for: simple_ranges
table 1 : explain SELECT c FROM sbtest1 WHERE id BETWEEN 2920732 AND 2920831
	Index Scan using sbtest1_pkey on sbtest1  (cost=0.43..434.63 rows=110 width=121)
	  Index Cond: ((id >= 2920732) AND (id <= 2920831))

table 2 : explain SELECT c FROM sbtest2 WHERE id BETWEEN 794305 AND 794404
	Index Scan using sbtest2_pkey on sbtest2  (cost=0.43..383.63 rows=97 width=121)
	  Index Cond: ((id >= 794305) AND (id <= 794404))

table 3 : explain SELECT c FROM sbtest3 WHERE id BETWEEN 8635362 AND 8635461
	Index Scan using sbtest3_pkey on sbtest3  (cost=0.43..396.28 rows=100 width=121)
	  Index Cond: ((id >= 8635362) AND (id <= 8635461))

table 4 : explain SELECT c FROM sbtest4 WHERE id BETWEEN 1083506 AND 1083605
	Index Scan using sbtest4_pkey on sbtest4  (cost=0.43..377.01 rows=95 width=121)
	  Index Cond: ((id >= 1083506) AND (id <= 1083605))

table 5 : explain SELECT c FROM sbtest5 WHERE id BETWEEN 3754000 AND 3754099
	Index Scan using sbtest5_pkey on sbtest5  (cost=0.43..471.35 rows=119 width=121)
	  Index Cond: ((id >= 3754000) AND (id <= 3754099))

table 6 : explain SELECT c FROM sbtest6 WHERE id BETWEEN 6823597 AND 6823696
	Index Scan using sbtest6_pkey on sbtest6  (cost=0.43..404.25 rows=102 width=121)
	  Index Cond: ((id >= 6823597) AND (id <= 6823696))

table 7 : explain SELECT c FROM sbtest7 WHERE id BETWEEN 6091469 AND 6091568
	Index Scan using sbtest7_pkey on sbtest7  (cost=0.43..427.55 rows=108 width=121)
	  Index Cond: ((id >= 6091469) AND (id <= 6091568))

table 8 : explain SELECT c FROM sbtest8 WHERE id BETWEEN 9451382 AND 9451481
	Index Scan using sbtest8_pkey on sbtest8  (cost=0.43..369.37 rows=93 width=121)
	  Index Cond: ((id >= 9451382) AND (id <= 9451481))

for: sum_ranges
table 1 : explain SELECT SUM(k) FROM sbtest1 WHERE id BETWEEN 1717459 AND 1717558
	Aggregate  (cost=391.88..391.89 rows=1 width=8)
	  ->  Index Scan using sbtest1_pkey on sbtest1  (cost=0.43..391.63 rows=99 width=4)
	        Index Cond: ((id >= 1717459) AND (id <= 1717558))

table 2 : explain SELECT SUM(k) FROM sbtest2 WHERE id BETWEEN 1589634 AND 1589733
	Aggregate  (cost=407.36..407.37 rows=1 width=8)
	  ->  Index Scan using sbtest2_pkey on sbtest2  (cost=0.43..407.10 rows=103 width=4)
	        Index Cond: ((id >= 1589634) AND (id <= 1589733))

table 3 : explain SELECT SUM(k) FROM sbtest3 WHERE id BETWEEN 9392443 AND 9392542
	Aggregate  (cost=361.25..361.26 rows=1 width=8)
	  ->  Index Scan using sbtest3_pkey on sbtest3  (cost=0.43..361.03 rows=91 width=4)
	        Index Cond: ((id >= 9392443) AND (id <= 9392542))

table 4 : explain SELECT SUM(k) FROM sbtest4 WHERE id BETWEEN 112939 AND 113038
	Aggregate  (cost=404.71..404.72 rows=1 width=8)
	  ->  Index Scan using sbtest4_pkey on sbtest4  (cost=0.43..404.45 rows=102 width=4)
	        Index Cond: ((id >= 112939) AND (id <= 113038))

table 5 : explain SELECT SUM(k) FROM sbtest5 WHERE id BETWEEN 2008739 AND 2008838
	Aggregate  (cost=389.23..389.24 rows=1 width=8)
	  ->  Index Scan using sbtest5_pkey on sbtest5  (cost=0.43..388.98 rows=98 width=4)
	        Index Cond: ((id >= 2008739) AND (id <= 2008838))

table 6 : explain SELECT SUM(k) FROM sbtest6 WHERE id BETWEEN 1791110 AND 1791209
	Aggregate  (cost=369.19..369.20 rows=1 width=8)
	  ->  Index Scan using sbtest6_pkey on sbtest6  (cost=0.43..368.96 rows=93 width=4)
	        Index Cond: ((id >= 1791110) AND (id <= 1791209))

table 7 : explain SELECT SUM(k) FROM sbtest7 WHERE id BETWEEN 8386729 AND 8386828
	Aggregate  (cost=396.47..396.48 rows=1 width=8)
	  ->  Index Scan using sbtest7_pkey on sbtest7  (cost=0.43..396.22 rows=100 width=4)
	        Index Cond: ((id >= 8386729) AND (id <= 8386828))

table 8 : explain SELECT SUM(k) FROM sbtest8 WHERE id BETWEEN 6995044 AND 6995143
	Aggregate  (cost=444.20..444.21 rows=1 width=8)
	  ->  Index Scan using sbtest8_pkey on sbtest8  (cost=0.43..443.92 rows=112 width=4)
	        Index Cond: ((id >= 6995044) AND (id <= 6995143))

for: order_ranges
table 1 : explain SELECT c FROM sbtest1 WHERE id BETWEEN 2622985 AND 2623084 ORDER BY c
	Sort  (cost=426.51..426.78 rows=107 width=121)
	  Sort Key: c
	  ->  Index Scan using sbtest1_pkey on sbtest1  (cost=0.43..422.90 rows=107 width=121)
	        Index Cond: ((id >= 2622985) AND (id <= 2623084))

table 2 : explain SELECT c FROM sbtest2 WHERE id BETWEEN 4439272 AND 4439371 ORDER BY c
	Sort  (cost=422.39..422.66 rows=106 width=121)
	  Sort Key: c
	  ->  Index Scan using sbtest2_pkey on sbtest2  (cost=0.43..418.82 rows=106 width=121)
	        Index Cond: ((id >= 4439272) AND (id <= 4439371))

table 3 : explain SELECT c FROM sbtest3 WHERE id BETWEEN 8838486 AND 8838585 ORDER BY c
	Sort  (cost=379.81..380.05 rows=95 width=121)
	  Sort Key: c
	  ->  Index Scan using sbtest3_pkey on sbtest3  (cost=0.43..376.69 rows=95 width=121)
	        Index Cond: ((id >= 8838486) AND (id <= 8838585))

table 4 : explain SELECT c FROM sbtest4 WHERE id BETWEEN 167359 AND 167458 ORDER BY c
	Sort  (cost=407.85..408.11 rows=102 width=121)
	  Sort Key: c
	  ->  Index Scan using sbtest4_pkey on sbtest4  (cost=0.43..404.45 rows=102 width=121)
	        Index Cond: ((id >= 167359) AND (id <= 167458))

table 5 : explain SELECT c FROM sbtest5 WHERE id BETWEEN 7085079 AND 7085178 ORDER BY c
	Sort  (cost=412.03..412.29 rows=103 width=121)
	  Sort Key: c
	  ->  Index Scan using sbtest5_pkey on sbtest5  (cost=0.43..408.59 rows=103 width=121)
	        Index Cond: ((id >= 7085079) AND (id <= 7085178))

table 6 : explain SELECT c FROM sbtest6 WHERE id BETWEEN 7072641 AND 7072740 ORDER BY c
	Sort  (cost=403.69..403.95 rows=101 width=121)
	  Sort Key: c
	  ->  Index Scan using sbtest6_pkey on sbtest6  (cost=0.43..400.33 rows=101 width=121)
	        Index Cond: ((id >= 7072641) AND (id <= 7072740))

table 7 : explain SELECT c FROM sbtest7 WHERE id BETWEEN 9243802 AND 9243901 ORDER BY c
	Sort  (cost=395.58..395.83 rows=99 width=121)
	  Sort Key: c
	  ->  Index Scan using sbtest7_pkey on sbtest7  (cost=0.43..392.30 rows=99 width=121)
	        Index Cond: ((id >= 9243802) AND (id <= 9243901))

table 8 : explain SELECT c FROM sbtest8 WHERE id BETWEEN 7956871 AND 7956970 ORDER BY c
	Sort  (cost=384.30..384.54 rows=96 width=121)
	  Sort Key: c
	  ->  Index Scan using sbtest8_pkey on sbtest8  (cost=0.43..381.14 rows=96 width=121)
	        Index Cond: ((id >= 7956871) AND (id <= 7956970))

for: sum_ranges
table 1 : explain SELECT SUM(k) FROM sbtest1 WHERE id BETWEEN 6114050 AND 6114149
	Aggregate  (cost=384.05..384.06 rows=1 width=8)
	  ->  Index Scan using sbtest1_pkey on sbtest1  (cost=0.43..383.81 rows=97 width=4)
	        Index Cond: ((id >= 6114050) AND (id <= 6114149))

table 2 : explain SELECT SUM(k) FROM sbtest2 WHERE id BETWEEN 1069640 AND 1069739
	Aggregate  (cost=419.09..419.10 rows=1 width=8)
	  ->  Index Scan using sbtest2_pkey on sbtest2  (cost=0.43..418.82 rows=106 width=4)
	        Index Cond: ((id >= 1069640) AND (id <= 1069739))

table 3 : explain SELECT SUM(k) FROM sbtest3 WHERE id BETWEEN 3418415 AND 3418514
	Aggregate  (cost=396.53..396.54 rows=1 width=8)
	  ->  Index Scan using sbtest3_pkey on sbtest3  (cost=0.43..396.28 rows=100 width=4)
	        Index Cond: ((id >= 3418415) AND (id <= 3418514))

table 4 : explain SELECT SUM(k) FROM sbtest4 WHERE id BETWEEN 8107508 AND 8107607
	Aggregate  (cost=389.02..389.03 rows=1 width=8)
	  ->  Index Scan using sbtest4_pkey on sbtest4  (cost=0.43..388.77 rows=98 width=4)
	        Index Cond: ((id >= 8107508) AND (id <= 8107607))

table 5 : explain SELECT SUM(k) FROM sbtest5 WHERE id BETWEEN 8076494 AND 8076593
	Aggregate  (cost=393.15..393.16 rows=1 width=8)
	  ->  Index Scan using sbtest5_pkey on sbtest5  (cost=0.43..392.90 rows=99 width=4)
	        Index Cond: ((id >= 8076494) AND (id <= 8076593))

table 6 : explain SELECT SUM(k) FROM sbtest6 WHERE id BETWEEN 1515657 AND 1515756
	Aggregate  (cost=388.82..388.83 rows=1 width=8)
	  ->  Index Scan using sbtest6_pkey on sbtest6  (cost=0.43..388.58 rows=98 width=4)
	        Index Cond: ((id >= 1515657) AND (id <= 1515756))

table 7 : explain SELECT SUM(k) FROM sbtest7 WHERE id BETWEEN 9978929 AND 9979028
	Aggregate  (cost=384.71..384.72 rows=1 width=8)
	  ->  Index Scan using sbtest7_pkey on sbtest7  (cost=0.43..384.47 rows=97 width=4)
	        Index Cond: ((id >= 9978929) AND (id <= 9979028))

table 8 : explain SELECT SUM(k) FROM sbtest8 WHERE id BETWEEN 2371019 AND 2371118
	Aggregate  (cost=389.25..389.26 rows=1 width=8)
	  ->  Index Scan using sbtest8_pkey on sbtest8  (cost=0.43..389.01 rows=98 width=4)
	        Index Cond: ((id >= 2371019) AND (id <= 2371118))

for: sum_ranges
table 1 : explain SELECT SUM(k) FROM sbtest1 WHERE id BETWEEN 9138141 AND 9138240
	Aggregate  (cost=380.14..380.15 rows=1 width=8)
	  ->  Index Scan using sbtest1_pkey on sbtest1  (cost=0.43..379.90 rows=96 width=4)
	        Index Cond: ((id >= 9138141) AND (id <= 9138240))

table 2 : explain SELECT SUM(k) FROM sbtest2 WHERE id BETWEEN 6294003 AND 6294102
	Aggregate  (cost=368.23..368.24 rows=1 width=8)
	  ->  Index Scan using sbtest2_pkey on sbtest2  (cost=0.43..368.00 rows=93 width=4)
	        Index Cond: ((id >= 6294003) AND (id <= 6294102))

table 3 : explain SELECT SUM(k) FROM sbtest3 WHERE id BETWEEN 8118660 AND 8118759
	Aggregate  (cost=420.04..420.05 rows=1 width=8)
	  ->  Index Scan using sbtest3_pkey on sbtest3  (cost=0.43..419.78 rows=106 width=4)
	        Index Cond: ((id >= 8118660) AND (id <= 8118759))

table 4 : explain SELECT SUM(k) FROM sbtest4 WHERE id BETWEEN 8087097 AND 8087196
	Aggregate  (cost=389.02..389.03 rows=1 width=8)
	  ->  Index Scan using sbtest4_pkey on sbtest4  (cost=0.43..388.77 rows=98 width=4)
	        Index Cond: ((id >= 8087097) AND (id <= 8087196))

table 5 : explain SELECT SUM(k) FROM sbtest5 WHERE id BETWEEN 8430423 AND 8430522
	Aggregate  (cost=408.85..408.86 rows=1 width=8)
	  ->  Index Scan using sbtest5_pkey on sbtest5  (cost=0.43..408.59 rows=103 width=4)
	        Index Cond: ((id >= 8430423) AND (id <= 8430522))

table 6 : explain SELECT SUM(k) FROM sbtest6 WHERE id BETWEEN 6665754 AND 6665853
	Aggregate  (cost=365.27..365.28 rows=1 width=8)
	  ->  Index Scan using sbtest6_pkey on sbtest6  (cost=0.43..365.04 rows=92 width=4)
	        Index Cond: ((id >= 6665754) AND (id <= 6665853))

table 7 : explain SELECT SUM(k) FROM sbtest7 WHERE id BETWEEN 5231754 AND 5231853
	Aggregate  (cost=369.04..369.05 rows=1 width=8)
	  ->  Index Scan using sbtest7_pkey on sbtest7  (cost=0.43..368.81 rows=93 width=4)
	        Index Cond: ((id >= 5231754) AND (id <= 5231853))

table 8 : explain SELECT SUM(k) FROM sbtest8 WHERE id BETWEEN 2854513 AND 2854612
	Aggregate  (cost=377.45..377.46 rows=1 width=8)
	  ->  Index Scan using sbtest8_pkey on sbtest8  (cost=0.43..377.22 rows=95 width=4)
	        Index Cond: ((id >= 2854513) AND (id <= 2854612))

for: sum_ranges
table 1 : explain SELECT SUM(k) FROM sbtest1 WHERE id BETWEEN 5551003 AND 5551102
	Aggregate  (cost=407.52..407.53 rows=1 width=8)
	  ->  Index Scan using sbtest1_pkey on sbtest1  (cost=0.43..407.27 rows=103 width=4)
	        Index Cond: ((id >= 5551003) AND (id <= 5551102))

table 2 : explain SELECT SUM(k) FROM sbtest2 WHERE id BETWEEN 9892863 AND 9892962
	Aggregate  (cost=411.27..411.28 rows=1 width=8)
	  ->  Index Scan using sbtest2_pkey on sbtest2  (cost=0.43..411.01 rows=104 width=4)
	        Index Cond: ((id >= 9892863) AND (id <= 9892962))

table 3 : explain SELECT SUM(k) FROM sbtest3 WHERE id BETWEEN 9651747 AND 9651846
	Aggregate  (cost=427.88..427.89 rows=1 width=8)
	  ->  Index Scan using sbtest3_pkey on sbtest3  (cost=0.43..427.61 rows=108 width=4)
	        Index Cond: ((id >= 9651747) AND (id <= 9651846))

table 4 : explain SELECT SUM(k) FROM sbtest4 WHERE id BETWEEN 3426217 AND 3426316
	Aggregate  (cost=404.71..404.72 rows=1 width=8)
	  ->  Index Scan using sbtest4_pkey on sbtest4  (cost=0.43..404.45 rows=102 width=4)
	        Index Cond: ((id >= 3426217) AND (id <= 3426316))

table 5 : explain SELECT SUM(k) FROM sbtest5 WHERE id BETWEEN 8190216 AND 8190315
	Aggregate  (cost=373.53..373.54 rows=1 width=8)
	  ->  Index Scan using sbtest5_pkey on sbtest5  (cost=0.43..373.29 rows=94 width=4)
	        Index Cond: ((id >= 8190216) AND (id <= 8190315))

table 6 : explain SELECT SUM(k) FROM sbtest6 WHERE id BETWEEN 855752 AND 855851
	Aggregate  (cost=396.66..396.67 rows=1 width=8)
	  ->  Index Scan using sbtest6_pkey on sbtest6  (cost=0.43..396.41 rows=100 width=4)
	        Index Cond: ((id >= 855752) AND (id <= 855851))

table 7 : explain SELECT SUM(k) FROM sbtest7 WHERE id BETWEEN 8725051 AND 8725150
	Aggregate  (cost=369.04..369.05 rows=1 width=8)
	  ->  Index Scan using sbtest7_pkey on sbtest7  (cost=0.43..368.81 rows=93 width=4)
	        Index Cond: ((id >= 8725051) AND (id <= 8725150))

table 8 : explain SELECT SUM(k) FROM sbtest8 WHERE id BETWEEN 9175292 AND 9175391
	Aggregate  (cost=397.10..397.11 rows=1 width=8)
	  ->  Index Scan using sbtest8_pkey on sbtest8  (cost=0.43..396.85 rows=100 width=4)
	        Index Cond: ((id >= 9175292) AND (id <= 9175391))

for: order_ranges
table 1 : explain SELECT c FROM sbtest1 WHERE id BETWEEN 8003151 AND 8003250 ORDER BY c
	Sort  (cost=390.96..391.21 rows=98 width=121)
	  Sort Key: c
	  ->  Index Scan using sbtest1_pkey on sbtest1  (cost=0.43..387.72 rows=98 width=121)
	        Index Cond: ((id >= 8003151) AND (id <= 8003250))

table 2 : explain SELECT c FROM sbtest2 WHERE id BETWEEN 1632927 AND 1633026 ORDER BY c
	Sort  (cost=410.55..410.80 rows=103 width=121)
	  Sort Key: c
	  ->  Index Scan using sbtest2_pkey on sbtest2  (cost=0.43..407.10 rows=103 width=121)
	        Index Cond: ((id >= 1632927) AND (id <= 1633026))

table 3 : explain SELECT c FROM sbtest3 WHERE id BETWEEN 8894595 AND 8894694 ORDER BY c
	Sort  (cost=379.81..380.05 rows=95 width=121)
	  Sort Key: c
	  ->  Index Scan using sbtest3_pkey on sbtest3  (cost=0.43..376.69 rows=95 width=121)
	        Index Cond: ((id >= 8894595) AND (id <= 8894694))

table 4 : explain SELECT c FROM sbtest4 WHERE id BETWEEN 1283019 AND 1283118 ORDER BY c
	Sort  (cost=407.85..408.11 rows=102 width=121)
	  Sort Key: c
	  ->  Index Scan using sbtest4_pkey on sbtest4  (cost=0.43..404.45 rows=102 width=121)
	        Index Cond: ((id >= 1283019) AND (id <= 1283118))

table 5 : explain SELECT c FROM sbtest5 WHERE id BETWEEN 2676669 AND 2676768 ORDER BY c
	Sort  (cost=419.96..420.22 rows=105 width=121)
	  Sort Key: c
	  ->  Index Scan using sbtest5_pkey on sbtest5  (cost=0.43..416.44 rows=105 width=121)
	        Index Cond: ((id >= 2676669) AND (id <= 2676768))

table 6 : explain SELECT c FROM sbtest6 WHERE id BETWEEN 8332090 AND 8332189 ORDER BY c
	Sort  (cost=411.61..411.87 rows=103 width=121)
	  Sort Key: c
	  ->  Index Scan using sbtest6_pkey on sbtest6  (cost=0.43..408.17 rows=103 width=121)
	        Index Cond: ((id >= 8332090) AND (id <= 8332189))

table 7 : explain SELECT c FROM sbtest7 WHERE id BETWEEN 4212695 AND 4212794 ORDER BY c
	Sort  (cost=391.63..391.87 rows=98 width=121)
	  Sort Key: c
	  ->  Index Scan using sbtest7_pkey on sbtest7  (cost=0.43..388.39 rows=98 width=121)
	        Index Cond: ((id >= 4212695) AND (id <= 4212794))

table 8 : explain SELECT c FROM sbtest8 WHERE id BETWEEN 584349 AND 584448 ORDER BY c
	Sort  (cost=412.06..412.32 rows=103 width=121)
	  Sort Key: c
	  ->  Index Scan using sbtest8_pkey on sbtest8  (cost=0.43..408.62 rows=103 width=121)
	        Index Cond: ((id >= 584349) AND (id <= 584448))

for: sum_ranges
table 1 : explain SELECT SUM(k) FROM sbtest1 WHERE id BETWEEN 3788349 AND 3788448
	Aggregate  (cost=415.35..415.36 rows=1 width=8)
	  ->  Index Scan using sbtest1_pkey on sbtest1  (cost=0.43..415.08 rows=105 width=4)
	        Index Cond: ((id >= 3788349) AND (id <= 3788448))

table 2 : explain SELECT SUM(k) FROM sbtest2 WHERE id BETWEEN 2704620 AND 2704719
	Aggregate  (cost=399.54..399.55 rows=1 width=8)
	  ->  Index Scan using sbtest2_pkey on sbtest2  (cost=0.43..399.29 rows=101 width=4)
	        Index Cond: ((id >= 2704620) AND (id <= 2704719))

table 3 : explain SELECT SUM(k) FROM sbtest3 WHERE id BETWEEN 8475209 AND 8475308
	Aggregate  (cost=435.72..435.73 rows=1 width=8)
	  ->  Index Scan using sbtest3_pkey on sbtest3  (cost=0.43..435.44 rows=110 width=4)
	        Index Cond: ((id >= 8475209) AND (id <= 8475308))

table 4 : explain SELECT SUM(k) FROM sbtest4 WHERE id BETWEEN 1601540 AND 1601639
	Aggregate  (cost=365.48..365.49 rows=1 width=8)
	  ->  Index Scan using sbtest4_pkey on sbtest4  (cost=0.43..365.25 rows=92 width=4)
	        Index Cond: ((id >= 1601540) AND (id <= 1601639))

table 5 : explain SELECT SUM(k) FROM sbtest5 WHERE id BETWEEN 8615304 AND 8615403
	Aggregate  (cost=401.00..401.01 rows=1 width=8)
	  ->  Index Scan using sbtest5_pkey on sbtest5  (cost=0.43..400.75 rows=101 width=4)
	        Index Cond: ((id >= 8615304) AND (id <= 8615403))

table 6 : explain SELECT SUM(k) FROM sbtest6 WHERE id BETWEEN 464947 AND 465046
	Aggregate  (cost=408.43..408.44 rows=1 width=8)
	  ->  Index Scan using sbtest6_pkey on sbtest6  (cost=0.43..408.17 rows=103 width=4)
	        Index Cond: ((id >= 464947) AND (id <= 465046))

table 7 : explain SELECT SUM(k) FROM sbtest7 WHERE id BETWEEN 9232679 AND 9232778
	Aggregate  (cost=392.55..392.56 rows=1 width=8)
	  ->  Index Scan using sbtest7_pkey on sbtest7  (cost=0.43..392.30 rows=99 width=4)
	        Index Cond: ((id >= 9232679) AND (id <= 9232778))

table 8 : explain SELECT SUM(k) FROM sbtest8 WHERE id BETWEEN 110403 AND 110502
	Aggregate  (cost=416.73..416.74 rows=1 width=8)
	  ->  Index Scan using sbtest8_pkey on sbtest8  (cost=0.43..416.46 rows=105 width=4)
	        Index Cond: ((id >= 110403) AND (id <= 110502))

for: sum_ranges
table 1 : explain SELECT SUM(k) FROM sbtest1 WHERE id BETWEEN 5876741 AND 5876840
	Aggregate  (cost=403.61..403.62 rows=1 width=8)
	  ->  Index Scan using sbtest1_pkey on sbtest1  (cost=0.43..403.36 rows=102 width=4)
	        Index Cond: ((id >= 5876741) AND (id <= 5876840))

table 2 : explain SELECT SUM(k) FROM sbtest2 WHERE id BETWEEN 309931 AND 310030
	Aggregate  (cost=450.37..450.38 rows=1 width=8)
	  ->  Index Scan using sbtest2_pkey on sbtest2  (cost=0.43..450.08 rows=114 width=4)
	        Index Cond: ((id >= 309931) AND (id <= 310030))

table 3 : explain SELECT SUM(k) FROM sbtest3 WHERE id BETWEEN 6358662 AND 6358761
	Aggregate  (cost=373.01..373.02 rows=1 width=8)
	  ->  Index Scan using sbtest3_pkey on sbtest3  (cost=0.43..372.78 rows=94 width=4)
	        Index Cond: ((id >= 6358662) AND (id <= 6358761))

table 4 : explain SELECT SUM(k) FROM sbtest4 WHERE id BETWEEN 8740588 AND 8740687
	Aggregate  (cost=436.09..436.10 rows=1 width=8)
	  ->  Index Scan using sbtest4_pkey on sbtest4  (cost=0.43..435.81 rows=110 width=4)
	        Index Cond: ((id >= 8740588) AND (id <= 8740687))

table 5 : explain SELECT SUM(k) FROM sbtest5 WHERE id BETWEEN 9582672 AND 9582771
	Aggregate  (cost=408.85..408.86 rows=1 width=8)
	  ->  Index Scan using sbtest5_pkey on sbtest5  (cost=0.43..408.59 rows=103 width=4)
	        Index Cond: ((id >= 9582672) AND (id <= 9582771))

table 6 : explain SELECT SUM(k) FROM sbtest6 WHERE id BETWEEN 6758304 AND 6758403
	Aggregate  (cost=408.43..408.44 rows=1 width=8)
	  ->  Index Scan using sbtest6_pkey on sbtest6  (cost=0.43..408.17 rows=103 width=4)
	        Index Cond: ((id >= 6758304) AND (id <= 6758403))

table 7 : explain SELECT SUM(k) FROM sbtest7 WHERE id BETWEEN 426921 AND 427020
	Aggregate  (cost=412.14..412.15 rows=1 width=8)
	  ->  Index Scan using sbtest7_pkey on sbtest7  (cost=0.43..411.88 rows=104 width=4)
	        Index Cond: ((id >= 426921) AND (id <= 427020))

table 8 : explain SELECT SUM(k) FROM sbtest8 WHERE id BETWEEN 2581134 AND 2581233
	Aggregate  (cost=408.88..408.89 rows=1 width=8)
	  ->  Index Scan using sbtest8_pkey on sbtest8  (cost=0.43..408.62 rows=103 width=4)
	        Index Cond: ((id >= 2581134) AND (id <= 2581233))

explain: for point_selects :: explain SELECT c FROM sbtest%u WHERE id=%u
for: distinct_ranges
table 1 : explain SELECT DISTINCT c FROM sbtest1 WHERE id BETWEEN 9762957 AND 9763056 ORDER BY c
	Unique  (cost=426.51..427.04 rows=107 width=121)
	  ->  Sort  (cost=426.51..426.78 rows=107 width=121)
	        Sort Key: c
	        ->  Index Scan using sbtest1_pkey on sbtest1  (cost=0.43..422.90 rows=107 width=121)
	              Index Cond: ((id >= 9762957) AND (id <= 9763056))

table 2 : explain SELECT DISTINCT c FROM sbtest2 WHERE id BETWEEN 8643709 AND 8643808 ORDER BY c
	Unique  (cost=430.29..430.83 rows=108 width=121)
	  ->  Sort  (cost=430.29..430.56 rows=108 width=121)
	        Sort Key: c
	        ->  Index Scan using sbtest2_pkey on sbtest2  (cost=0.43..426.64 rows=108 width=121)
	              Index Cond: ((id >= 8643709) AND (id <= 8643808))

table 3 : explain SELECT DISTINCT c FROM sbtest3 WHERE id BETWEEN 9992355 AND 9992454 ORDER BY c
	Unique  (cost=423.34..423.87 rows=106 width=121)
	  ->  Sort  (cost=423.34..423.61 rows=106 width=121)
	        Sort Key: c
	        ->  Index Scan using sbtest3_pkey on sbtest3  (cost=0.43..419.78 rows=106 width=121)
	              Index Cond: ((id >= 9992355) AND (id <= 9992454))

table 4 : explain SELECT DISTINCT c FROM sbtest4 WHERE id BETWEEN 5567034 AND 5567133 ORDER BY c
	Unique  (cost=411.81..412.33 rows=103 width=121)
	  ->  Sort  (cost=411.81..412.07 rows=103 width=121)
	        Sort Key: c
	        ->  Index Scan using sbtest4_pkey on sbtest4  (cost=0.43..408.37 rows=103 width=121)
	              Index Cond: ((id >= 5567034) AND (id <= 5567133))

table 5 : explain SELECT DISTINCT c FROM sbtest5 WHERE id BETWEEN 196032 AND 196131 ORDER BY c
	Unique  (cost=392.22..392.71 rows=98 width=121)
	  ->  Sort  (cost=392.22..392.47 rows=98 width=121)
	        Sort Key: c
	        ->  Index Scan using sbtest5_pkey on sbtest5  (cost=0.43..388.98 rows=98 width=121)
	              Index Cond: ((id >= 196032) AND (id <= 196131))

table 6 : explain SELECT DISTINCT c FROM sbtest6 WHERE id BETWEEN 8231421 AND 8231520 ORDER BY c
	Unique  (cost=427.45..427.98 rows=107 width=121)
	  ->  Sort  (cost=427.45..427.71 rows=107 width=121)
	        Sort Key: c
	        ->  Index Scan using sbtest6_pkey on sbtest6  (cost=0.43..423.84 rows=107 width=121)
	              Index Cond: ((id >= 8231421) AND (id <= 8231520))

table 7 : explain SELECT DISTINCT c FROM sbtest7 WHERE id BETWEEN 4912513 AND 4912612 ORDER BY c
	Unique  (cost=375.80..376.27 rows=94 width=121)
	  ->  Sort  (cost=375.80..376.04 rows=94 width=121)
	        Sort Key: c
	        ->  Index Scan using sbtest7_pkey on sbtest7  (cost=0.43..372.72 rows=94 width=121)
	              Index Cond: ((id >= 4912513) AND (id <= 4912612))

table 8 : explain SELECT DISTINCT c FROM sbtest8 WHERE id BETWEEN 6628341 AND 6628440 ORDER BY c
	Unique  (cost=360.52..360.97 rows=90 width=121)
	  ->  Sort  (cost=360.52..360.75 rows=90 width=121)
	        Sort Key: c
	        ->  Index Scan using sbtest8_pkey on sbtest8  (cost=0.43..357.60 rows=90 width=121)
	              Index Cond: ((id >= 6628341) AND (id <= 6628440))

for: order_ranges
table 1 : explain SELECT c FROM sbtest1 WHERE id BETWEEN 5212533 AND 5212632 ORDER BY c
	Sort  (cost=343.55..343.76 rows=86 width=121)
	  Sort Key: c
	  ->  Index Scan using sbtest1_pkey on sbtest1  (cost=0.43..340.78 rows=86 width=121)
	        Index Cond: ((id >= 5212533) AND (id <= 5212632))

table 2 : explain SELECT c FROM sbtest2 WHERE id BETWEEN 986447 AND 986546 ORDER BY c
	Sort  (cost=422.39..422.66 rows=106 width=121)
	  Sort Key: c
	  ->  Index Scan using sbtest2_pkey on sbtest2  (cost=0.43..418.82 rows=106 width=121)
	        Index Cond: ((id >= 986447) AND (id <= 986546))

table 3 : explain SELECT c FROM sbtest3 WHERE id BETWEEN 5111900 AND 5111999 ORDER BY c
	Sort  (cost=399.60..399.85 rows=100 width=121)
	  Sort Key: c
	  ->  Index Scan using sbtest3_pkey on sbtest3  (cost=0.43..396.28 rows=100 width=121)
	        Index Cond: ((id >= 5111900) AND (id <= 5111999))

table 4 : explain SELECT c FROM sbtest4 WHERE id BETWEEN 6384957 AND 6385056 ORDER BY c
	Sort  (cost=415.77..416.03 rows=104 width=121)
	  Sort Key: c
	  ->  Index Scan using sbtest4_pkey on sbtest4  (cost=0.43..412.29 rows=104 width=121)
	        Index Cond: ((id >= 6384957) AND (id <= 6385056))

table 5 : explain SELECT c FROM sbtest5 WHERE id BETWEEN 3765525 AND 3765624 ORDER BY c
	Sort  (cost=475.45..475.75 rows=119 width=121)
	  Sort Key: c
	  ->  Index Scan using sbtest5_pkey on sbtest5  (cost=0.43..471.35 rows=119 width=121)
	        Index Cond: ((id >= 3765525) AND (id <= 3765624))

table 6 : explain SELECT c FROM sbtest6 WHERE id BETWEEN 840550 AND 840649 ORDER BY c
	Sort  (cost=399.74..399.99 rows=100 width=121)
	  Sort Key: c
	  ->  Index Scan using sbtest6_pkey on sbtest6  (cost=0.43..396.41 rows=100 width=121)
	        Index Cond: ((id >= 840550) AND (id <= 840649))

table 7 : explain SELECT c FROM sbtest7 WHERE id BETWEEN 5794295 AND 5794394 ORDER BY c
	Sort  (cost=356.00..356.22 rows=89 width=121)
	  Sort Key: c
	  ->  Index Scan using sbtest7_pkey on sbtest7  (cost=0.43..353.12 rows=89 width=121)
	        Index Cond: ((id >= 5794295) AND (id <= 5794394))

table 8 : explain SELECT c FROM sbtest8 WHERE id BETWEEN 1824387 AND 1824486 ORDER BY c
	Sort  (cost=404.14..404.39 rows=101 width=121)
	  Sort Key: c
	  ->  Index Scan using sbtest8_pkey on sbtest8  (cost=0.43..400.77 rows=101 width=121)
	        Index Cond: ((id >= 1824387) AND (id <= 1824486))

for: order_ranges
table 1 : explain SELECT c FROM sbtest1 WHERE id BETWEEN 8758600 AND 8758699 ORDER BY c
	Sort  (cost=390.96..391.21 rows=98 width=121)
	  Sort Key: c
	  ->  Index Scan using sbtest1_pkey on sbtest1  (cost=0.43..387.72 rows=98 width=121)
	        Index Cond: ((id >= 8758600) AND (id <= 8758699))

table 2 : explain SELECT c FROM sbtest2 WHERE id BETWEEN 7644469 AND 7644568 ORDER BY c
	Sort  (cost=367.09..367.32 rows=92 width=121)
	  Sort Key: c
	  ->  Index Scan using sbtest2_pkey on sbtest2  (cost=0.43..364.09 rows=92 width=121)
	        Index Cond: ((id >= 7644469) AND (id <= 7644568))

table 3 : explain SELECT c FROM sbtest3 WHERE id BETWEEN 2792323 AND 2792422 ORDER BY c
	Sort  (cost=371.90..372.13 rows=93 width=121)
	  Sort Key: c
	  ->  Index Scan using sbtest3_pkey on sbtest3  (cost=0.43..368.86 rows=93 width=121)
	        Index Cond: ((id >= 2792323) AND (id <= 2792422))

table 4 : explain SELECT c FROM sbtest4 WHERE id BETWEEN 9728305 AND 9728404 ORDER BY c
	Sort  (cost=403.89..404.14 rows=101 width=121)
	  Sort Key: c
	  ->  Index Scan using sbtest4_pkey on sbtest4  (cost=0.43..400.53 rows=101 width=121)
	        Index Cond: ((id >= 9728305) AND (id <= 9728404))

table 5 : explain SELECT c FROM sbtest5 WHERE id BETWEEN 3375192 AND 3375291 ORDER BY c
	Sort  (cost=388.26..388.50 rows=97 width=121)
	  Sort Key: c
	  ->  Index Scan using sbtest5_pkey on sbtest5  (cost=0.43..385.06 rows=97 width=121)
	        Index Cond: ((id >= 3375192) AND (id <= 3375291))

table 6 : explain SELECT c FROM sbtest6 WHERE id BETWEEN 7682096 AND 7682195 ORDER BY c
	Sort  (cost=407.65..407.91 rows=102 width=121)
	  Sort Key: c
	  ->  Index Scan using sbtest6_pkey on sbtest6  (cost=0.43..404.25 rows=102 width=121)
	        Index Cond: ((id >= 7682096) AND (id <= 7682195))

table 7 : explain SELECT c FROM sbtest7 WHERE id BETWEEN 8848441 AND 8848540 ORDER BY c
	Sort  (cost=411.41..411.67 rows=103 width=121)
	  Sort Key: c
	  ->  Index Scan using sbtest7_pkey on sbtest7  (cost=0.43..407.97 rows=103 width=121)
	        Index Cond: ((id >= 8848441) AND (id <= 8848540))

table 8 : explain SELECT c FROM sbtest8 WHERE id BETWEEN 3089063 AND 3089162 ORDER BY c
	Sort  (cost=380.34..380.57 rows=95 width=121)
	  Sort Key: c
	  ->  Index Scan using sbtest8_pkey on sbtest8  (cost=0.43..377.22 rows=95 width=121)
	        Index Cond: ((id >= 3089063) AND (id <= 3089162))

for: order_ranges
table 1 : explain SELECT c FROM sbtest1 WHERE id BETWEEN 4390234 AND 4390333 ORDER BY c
	Sort  (cost=383.06..383.30 rows=96 width=121)
	  Sort Key: c
	  ->  Index Scan using sbtest1_pkey on sbtest1  (cost=0.43..379.90 rows=96 width=121)
	        Index Cond: ((id >= 4390234) AND (id <= 4390333))

table 2 : explain SELECT c FROM sbtest2 WHERE id BETWEEN 2078914 AND 2079013 ORDER BY c
	Sort  (cost=363.15..363.37 rows=91 width=121)
	  Sort Key: c
	  ->  Index Scan using sbtest2_pkey on sbtest2  (cost=0.43..360.18 rows=91 width=121)
	        Index Cond: ((id >= 2078914) AND (id <= 2079013))

table 3 : explain SELECT c FROM sbtest3 WHERE id BETWEEN 3943818 AND 3943917 ORDER BY c
	Sort  (cost=391.68..391.93 rows=98 width=121)
	  Sort Key: c
	  ->  Index Scan using sbtest3_pkey on sbtest3  (cost=0.43..388.44 rows=98 width=121)
	        Index Cond: ((id >= 3943818) AND (id <= 3943917))

table 4 : explain SELECT c FROM sbtest4 WHERE id BETWEEN 3252021 AND 3252120 ORDER BY c
	Sort  (cost=384.09..384.33 rows=96 width=121)
	  Sort Key: c
	  ->  Index Scan using sbtest4_pkey on sbtest4  (cost=0.43..380.93 rows=96 width=121)
	        Index Cond: ((id >= 3252021) AND (id <= 3252120))

table 5 : explain SELECT c FROM sbtest5 WHERE id BETWEEN 969347 AND 969446 ORDER BY c
	Sort  (cost=396.18..396.43 rows=99 width=121)
	  Sort Key: c
	  ->  Index Scan using sbtest5_pkey on sbtest5  (cost=0.43..392.90 rows=99 width=121)
	        Index Cond: ((id >= 969347) AND (id <= 969446))

table 6 : explain SELECT c FROM sbtest6 WHERE id BETWEEN 3255675 AND 3255774 ORDER BY c
	Sort  (cost=419.53..419.79 rows=105 width=121)
	  Sort Key: c
	  ->  Index Scan using sbtest6_pkey on sbtest6  (cost=0.43..416.00 rows=105 width=121)
	        Index Cond: ((id >= 3255675) AND (id <= 3255774))

table 7 : explain SELECT c FROM sbtest7 WHERE id BETWEEN 2014780 AND 2014879 ORDER BY c
	Sort  (cost=423.28..423.54 rows=106 width=121)
	  Sort Key: c
	  ->  Index Scan using sbtest7_pkey on sbtest7  (cost=0.43..419.71 rows=106 width=121)
	        Index Cond: ((id >= 2014780) AND (id <= 2014879))

table 8 : explain SELECT c FROM sbtest8 WHERE id BETWEEN 9378385 AND 9378484 ORDER BY c
	Sort  (cost=384.32..384.56 rows=96 width=121)
	  Sort Key: c
	  ->  Index Scan using sbtest8_pkey on sbtest8  (cost=0.43..381.16 rows=96 width=121)
	        Index Cond: ((id >= 9378385) AND (id <= 9378484))

for: order_ranges
table 1 : explain SELECT c FROM sbtest1 WHERE id BETWEEN 1825148 AND 1825247 ORDER BY c
	Sort  (cost=367.24..367.47 rows=92 width=121)
	  Sort Key: c
	  ->  Index Scan using sbtest1_pkey on sbtest1  (cost=0.43..364.24 rows=92 width=121)
	        Index Cond: ((id >= 1825148) AND (id <= 1825247))

table 2 : explain SELECT c FROM sbtest2 WHERE id BETWEEN 2476872 AND 2476971 ORDER BY c
	Sort  (cost=367.09..367.32 rows=92 width=121)
	  Sort Key: c
	  ->  Index Scan using sbtest2_pkey on sbtest2  (cost=0.43..364.09 rows=92 width=121)
	        Index Cond: ((id >= 2476872) AND (id <= 2476971))

table 3 : explain SELECT c FROM sbtest3 WHERE id BETWEEN 9150773 AND 9150872 ORDER BY c
	Sort  (cost=427.30..427.57 rows=107 width=121)
	  Sort Key: c
	  ->  Index Scan using sbtest3_pkey on sbtest3  (cost=0.43..423.69 rows=107 width=121)
	        Index Cond: ((id >= 9150773) AND (id <= 9150872))

table 4 : explain SELECT c FROM sbtest4 WHERE id BETWEEN 5519852 AND 5519951 ORDER BY c
	Sort  (cost=411.81..412.07 rows=103 width=121)
	  Sort Key: c
	  ->  Index Scan using sbtest4_pkey on sbtest4  (cost=0.43..408.37 rows=103 width=121)
	        Index Cond: ((id >= 5519852) AND (id <= 5519951))

table 5 : explain SELECT c FROM sbtest5 WHERE id BETWEEN 2733163 AND 2733262 ORDER BY c
	Sort  (cost=352.58..352.80 rows=88 width=121)
	  Sort Key: c
	  ->  Index Scan using sbtest5_pkey on sbtest5  (cost=0.43..349.73 rows=88 width=121)
	        Index Cond: ((id >= 2733163) AND (id <= 2733262))

table 6 : explain SELECT c FROM sbtest6 WHERE id BETWEEN 9370982 AND 9371081 ORDER BY c
	Sort  (cost=443.28..443.56 rows=111 width=121)
	  Sort Key: c
	  ->  Index Scan using sbtest6_pkey on sbtest6  (cost=0.43..439.51 rows=111 width=121)
	        Index Cond: ((id >= 9370982) AND (id <= 9371081))

table 7 : explain SELECT c FROM sbtest7 WHERE id BETWEEN 9064305 AND 9064404 ORDER BY c
	Sort  (cost=375.80..376.04 rows=94 width=121)
	  Sort Key: c
	  ->  Index Scan using sbtest7_pkey on sbtest7  (cost=0.43..372.72 rows=94 width=121)
	        Index Cond: ((id >= 9064305) AND (id <= 9064404))

table 8 : explain SELECT c FROM sbtest8 WHERE id BETWEEN 4048775 AND 4048874 ORDER BY c
	Sort  (cost=408.10..408.35 rows=102 width=121)
	  Sort Key: c
	  ->  Index Scan using sbtest8_pkey on sbtest8  (cost=0.43..404.70 rows=102 width=121)
	        Index Cond: ((id >= 4048775) AND (id <= 4048874))

for: distinct_ranges
table 1 : explain SELECT DISTINCT c FROM sbtest1 WHERE id BETWEEN 1763818 AND 1763917 ORDER BY c
	Unique  (cost=394.91..395.41 rows=99 width=121)
	  ->  Sort  (cost=394.91..395.16 rows=99 width=121)
	        Sort Key: c
	        ->  Index Scan using sbtest1_pkey on sbtest1  (cost=0.43..391.63 rows=99 width=121)
	              Index Cond: ((id >= 1763818) AND (id <= 1763917))

table 2 : explain SELECT DISTINCT c FROM sbtest2 WHERE id BETWEEN 5080346 AND 5080445 ORDER BY c
	Unique  (cost=398.70..399.20 rows=100 width=121)
	  ->  Sort  (cost=398.70..398.95 rows=100 width=121)
	        Sort Key: c
	        ->  Index Scan using sbtest2_pkey on sbtest2  (cost=0.43..395.38 rows=100 width=121)
	              Index Cond: ((id >= 5080346) AND (id <= 5080445))

table 3 : explain SELECT DISTINCT c FROM sbtest3 WHERE id BETWEEN 9939587 AND 9939686 ORDER BY c
	Unique  (cost=423.34..423.87 rows=106 width=121)
	  ->  Sort  (cost=423.34..423.61 rows=106 width=121)
	        Sort Key: c
	        ->  Index Scan using sbtest3_pkey on sbtest3  (cost=0.43..419.78 rows=106 width=121)
	              Index Cond: ((id >= 9939587) AND (id <= 9939686))

table 4 : explain SELECT DISTINCT c FROM sbtest4 WHERE id BETWEEN 5167266 AND 5167365 ORDER BY c
	Unique  (cost=399.93..400.43 rows=100 width=121)
	  ->  Sort  (cost=399.93..400.18 rows=100 width=121)
	        Sort Key: c
	        ->  Index Scan using sbtest4_pkey on sbtest4  (cost=0.43..396.61 rows=100 width=121)
	              Index Cond: ((id >= 5167266) AND (id <= 5167365))

table 5 : explain SELECT DISTINCT c FROM sbtest5 WHERE id BETWEEN 3283142 AND 3283241 ORDER BY c
	Unique  (cost=404.11..404.61 rows=101 width=121)
	  ->  Sort  (cost=404.11..404.36 rows=101 width=121)
	        Sort Key: c
	        ->  Index Scan using sbtest5_pkey on sbtest5  (cost=0.43..400.75 rows=101 width=121)
	              Index Cond: ((id >= 3283142) AND (id <= 3283241))

table 6 : explain SELECT DISTINCT c FROM sbtest6 WHERE id BETWEEN 9339581 AND 9339680 ORDER BY c
	Unique  (cost=443.28..443.84 rows=111 width=121)
	  ->  Sort  (cost=443.28..443.56 rows=111 width=121)
	        Sort Key: c
	        ->  Index Scan using sbtest6_pkey on sbtest6  (cost=0.43..439.51 rows=111 width=121)
	              Index Cond: ((id >= 9339581) AND (id <= 9339680))

table 7 : explain SELECT DISTINCT c FROM sbtest7 WHERE id BETWEEN 2763218 AND 2763317 ORDER BY c
	Unique  (cost=443.06..443.62 rows=111 width=121)
	  ->  Sort  (cost=443.06..443.34 rows=111 width=121)
	        Sort Key: c
	        ->  Index Scan using sbtest7_pkey on sbtest7  (cost=0.43..439.29 rows=111 width=121)
	              Index Cond: ((id >= 2763218) AND (id <= 2763317))

table 8 : explain SELECT DISTINCT c FROM sbtest8 WHERE id BETWEEN 4387075 AND 4387174 ORDER BY c
	Unique  (cost=412.06..412.58 rows=103 width=121)
	  ->  Sort  (cost=412.06..412.32 rows=103 width=121)
	        Sort Key: c
	        ->  Index Scan using sbtest8_pkey on sbtest8  (cost=0.43..408.62 rows=103 width=121)
	              Index Cond: ((id >= 4387075) AND (id <= 4387174))

for: simple_ranges
table 1 : explain SELECT c FROM sbtest1 WHERE id BETWEEN 1248240 AND 1248339
	Index Scan using sbtest1_pkey on sbtest1  (cost=0.43..395.54 rows=100 width=121)
	  Index Cond: ((id >= 1248240) AND (id <= 1248339))

table 2 : explain SELECT c FROM sbtest2 WHERE id BETWEEN 5973080 AND 5973179
	Index Scan using sbtest2_pkey on sbtest2  (cost=0.43..391.47 rows=99 width=121)
	  Index Cond: ((id >= 5973080) AND (id <= 5973179))

table 3 : explain SELECT c FROM sbtest3 WHERE id BETWEEN 1296499 AND 1296598
	Index Scan using sbtest3_pkey on sbtest3  (cost=0.43..396.28 rows=100 width=121)
	  Index Cond: ((id >= 1296499) AND (id <= 1296598))

table 4 : explain SELECT c FROM sbtest4 WHERE id BETWEEN 805879 AND 805978
	Index Scan using sbtest4_pkey on sbtest4  (cost=0.43..388.77 rows=98 width=121)
	  Index Cond: ((id >= 805879) AND (id <= 805978))

table 5 : explain SELECT c FROM sbtest5 WHERE id BETWEEN 6967892 AND 6967991
	Index Scan using sbtest5_pkey on sbtest5  (cost=0.43..432.12 rows=109 width=121)
	  Index Cond: ((id >= 6967892) AND (id <= 6967991))

table 6 : explain SELECT c FROM sbtest6 WHERE id BETWEEN 720987 AND 721086
	Index Scan using sbtest6_pkey on sbtest6  (cost=0.43..423.84 rows=107 width=121)
	  Index Cond: ((id >= 720987) AND (id <= 721086))

table 7 : explain SELECT c FROM sbtest7 WHERE id BETWEEN 9260757 AND 9260856
	Index Scan using sbtest7_pkey on sbtest7  (cost=0.43..392.30 rows=99 width=121)
	  Index Cond: ((id >= 9260757) AND (id <= 9260856))

table 8 : explain SELECT c FROM sbtest8 WHERE id BETWEEN 1358112 AND 1358211
	Index Scan using sbtest8_pkey on sbtest8  (cost=0.43..389.01 rows=98 width=121)
	  Index Cond: ((id >= 1358112) AND (id <= 1358211))

for: distinct_ranges
table 1 : explain SELECT DISTINCT c FROM sbtest1 WHERE id BETWEEN 3249166 AND 3249265 ORDER BY c
	Unique  (cost=363.29..363.75 rows=91 width=121)
	  ->  Sort  (cost=363.29..363.52 rows=91 width=121)
	        Sort Key: c
	        ->  Index Scan using sbtest1_pkey on sbtest1  (cost=0.43..360.33 rows=91 width=121)
	              Index Cond: ((id >= 3249166) AND (id <= 3249265))

table 2 : explain SELECT DISTINCT c FROM sbtest2 WHERE id BETWEEN 6212920 AND 6213019 ORDER BY c
	Unique  (cost=371.04..371.51 rows=93 width=121)
	  ->  Sort  (cost=371.04..371.27 rows=93 width=121)
	        Sort Key: c
	        ->  Index Scan using sbtest2_pkey on sbtest2  (cost=0.43..368.00 rows=93 width=121)
	              Index Cond: ((id >= 6212920) AND (id <= 6213019))

table 3 : explain SELECT DISTINCT c FROM sbtest3 WHERE id BETWEEN 9089493 AND 9089592 ORDER BY c
	Unique  (cost=435.21..435.76 rows=109 width=121)
	  ->  Sort  (cost=435.21..435.49 rows=109 width=121)
	        Sort Key: c
	        ->  Index Scan using sbtest3_pkey on sbtest3  (cost=0.43..431.53 rows=109 width=121)
	              Index Cond: ((id >= 9089493) AND (id <= 9089592))

table 4 : explain SELECT DISTINCT c FROM sbtest4 WHERE id BETWEEN 1791221 AND 1791320 ORDER BY c
	Unique  (cost=403.89..404.40 rows=101 width=121)
	  ->  Sort  (cost=403.89..404.14 rows=101 width=121)
	        Sort Key: c
	        ->  Index Scan using sbtest4_pkey on sbtest4  (cost=0.43..400.53 rows=101 width=121)
	              Index Cond: ((id >= 1791221) AND (id <= 1791320))

table 5 : explain SELECT DISTINCT c FROM sbtest5 WHERE id BETWEEN 6769960 AND 6770059 ORDER BY c
	Unique  (cost=376.37..376.84 rows=94 width=121)
	  ->  Sort  (cost=376.37..376.61 rows=94 width=121)
	        Sort Key: c
	        ->  Index Scan using sbtest5_pkey on sbtest5  (cost=0.43..373.29 rows=94 width=121)
	              Index Cond: ((id >= 6769960) AND (id <= 6770059))

table 6 : explain SELECT DISTINCT c FROM sbtest6 WHERE id BETWEEN 684579 AND 684678 ORDER BY c
	Unique  (cost=411.61..412.13 rows=103 width=121)
	  ->  Sort  (cost=411.61..411.87 rows=103 width=121)
	        Sort Key: c
	        ->  Index Scan using sbtest6_pkey on sbtest6  (cost=0.43..408.17 rows=103 width=121)
	              Index Cond: ((id >= 684579) AND (id <= 684678))

table 7 : explain SELECT DISTINCT c FROM sbtest7 WHERE id BETWEEN 1392149 AND 1392248 ORDER BY c
	Unique  (cost=427.24..427.77 rows=107 width=121)
	  ->  Sort  (cost=427.24..427.50 rows=107 width=121)
	        Sort Key: c
	        ->  Index Scan using sbtest7_pkey on sbtest7  (cost=0.43..423.63 rows=107 width=121)
	              Index Cond: ((id >= 1392149) AND (id <= 1392248))

table 8 : explain SELECT DISTINCT c FROM sbtest8 WHERE id BETWEEN 8249543 AND 8249642 ORDER BY c
	Unique  (cost=352.60..353.04 rows=88 width=121)
	  ->  Sort  (cost=352.60..352.82 rows=88 width=121)
	        Sort Key: c
	        ->  Index Scan using sbtest8_pkey on sbtest8  (cost=0.43..349.76 rows=88 width=121)
	              Index Cond: ((id >= 8249543) AND (id <= 8249642))

for: distinct_ranges
table 1 : explain SELECT DISTINCT c FROM sbtest1 WHERE id BETWEEN 5977368 AND 5977467 ORDER BY c
	Unique  (cost=473.91..474.51 rows=119 width=121)
	  ->  Sort  (cost=473.91..474.21 rows=119 width=121)
	        Sort Key: c
	        ->  Index Scan using sbtest1_pkey on sbtest1  (cost=0.43..469.81 rows=119 width=121)
	              Index Cond: ((id >= 5977368) AND (id <= 5977467))

table 2 : explain SELECT DISTINCT c FROM sbtest2 WHERE id BETWEEN 2080590 AND 2080689 ORDER BY c
	Unique  (cost=363.15..363.60 rows=91 width=121)
	  ->  Sort  (cost=363.15..363.37 rows=91 width=121)
	        Sort Key: c
	        ->  Index Scan using sbtest2_pkey on sbtest2  (cost=0.43..360.18 rows=91 width=121)
	              Index Cond: ((id >= 2080590) AND (id <= 2080689))

table 3 : explain SELECT DISTINCT c FROM sbtest3 WHERE id BETWEEN 3578876 AND 3578975 ORDER BY c
	Unique  (cost=399.60..400.10 rows=100 width=121)
	  ->  Sort  (cost=399.60..399.85 rows=100 width=121)
	        Sort Key: c
	        ->  Index Scan using sbtest3_pkey on sbtest3  (cost=0.43..396.28 rows=100 width=121)
	              Index Cond: ((id >= 3578876) AND (id <= 3578975))

table 4 : explain SELECT DISTINCT c FROM sbtest4 WHERE id BETWEEN 3867247 AND 3867346 ORDER BY c
	Unique  (cost=368.25..368.71 rows=92 width=121)
	  ->  Sort  (cost=368.25..368.48 rows=92 width=121)
	        Sort Key: c
	        ->  Index Scan using sbtest4_pkey on sbtest4  (cost=0.43..365.25 rows=92 width=121)
	              Index Cond: ((id >= 3867247) AND (id <= 3867346))

table 5 : explain SELECT DISTINCT c FROM sbtest5 WHERE id BETWEEN 4732091 AND 4732190 ORDER BY c
	Unique  (cost=392.22..392.71 rows=98 width=121)
	  ->  Sort  (cost=392.22..392.47 rows=98 width=121)
	        Sort Key: c
	        ->  Index Scan using sbtest5_pkey on sbtest5  (cost=0.43..388.98 rows=98 width=121)
	              Index Cond: ((id >= 4732091) AND (id <= 4732190))

table 6 : explain SELECT DISTINCT c FROM sbtest6 WHERE id BETWEEN 2409670 AND 2409769 ORDER BY c
	Unique  (cost=399.74..400.24 rows=100 width=121)
	  ->  Sort  (cost=399.74..399.99 rows=100 width=121)
	        Sort Key: c
	        ->  Index Scan using sbtest6_pkey on sbtest6  (cost=0.43..396.41 rows=100 width=121)
	              Index Cond: ((id >= 2409670) AND (id <= 2409769))

table 7 : explain SELECT DISTINCT c FROM sbtest7 WHERE id BETWEEN 6381362 AND 6381461 ORDER BY c
	Unique  (cost=435.15..435.69 rows=109 width=121)
	  ->  Sort  (cost=435.15..435.42 rows=109 width=121)
	        Sort Key: c
	        ->  Index Scan using sbtest7_pkey on sbtest7  (cost=0.43..431.46 rows=109 width=121)
	              Index Cond: ((id >= 6381362) AND (id <= 6381461))

table 8 : explain SELECT DISTINCT c FROM sbtest8 WHERE id BETWEEN 4552185 AND 4552284 ORDER BY c
	Unique  (cost=412.06..412.58 rows=103 width=121)
	  ->  Sort  (cost=412.06..412.32 rows=103 width=121)
	        Sort Key: c
	        ->  Index Scan using sbtest8_pkey on sbtest8  (cost=0.43..408.62 rows=103 width=121)
	              Index Cond: ((id >= 4552185) AND (id <= 4552284))

for point_selects
table 1 : explain SELECT c FROM sbtest1 WHERE id=3868728
	Index Scan using sbtest1_pkey on sbtest1  (cost=0.43..8.45 rows=1 width=121)
	  Index Cond: (id = 3868728)

table 2 : explain SELECT c FROM sbtest2 WHERE id=6594533
	Index Scan using sbtest2_pkey on sbtest2  (cost=0.43..8.45 rows=1 width=121)
	  Index Cond: (id = 6594533)

table 3 : explain SELECT c FROM sbtest3 WHERE id=5689210
	Index Scan using sbtest3_pkey on sbtest3  (cost=0.43..8.45 rows=1 width=121)
	  Index Cond: (id = 5689210)

table 4 : explain SELECT c FROM sbtest4 WHERE id=6250201
	Index Scan using sbtest4_pkey on sbtest4  (cost=0.43..8.45 rows=1 width=121)
	  Index Cond: (id = 6250201)

table 5 : explain SELECT c FROM sbtest5 WHERE id=860174
	Index Scan using sbtest5_pkey on sbtest5  (cost=0.43..8.45 rows=1 width=121)
	  Index Cond: (id = 860174)

table 6 : explain SELECT c FROM sbtest6 WHERE id=2505101
	Index Scan using sbtest6_pkey on sbtest6  (cost=0.43..8.45 rows=1 width=121)
	  Index Cond: (id = 2505101)

table 7 : explain SELECT c FROM sbtest7 WHERE id=4303688
	Index Scan using sbtest7_pkey on sbtest7  (cost=0.43..8.45 rows=1 width=121)
	  Index Cond: (id = 4303688)

table 8 : explain SELECT c FROM sbtest8 WHERE id=2318778
	Index Scan using sbtest8_pkey on sbtest8  (cost=0.43..8.45 rows=1 width=121)
	  Index Cond: (id = 2318778)

for: distinct_ranges
table 1 : explain SELECT DISTINCT c FROM sbtest1 WHERE id BETWEEN 1777631 AND 1777730 ORDER BY c
	Unique  (cost=394.91..395.41 rows=99 width=121)
	  ->  Sort  (cost=394.91..395.16 rows=99 width=121)
	        Sort Key: c
	        ->  Index Scan using sbtest1_pkey on sbtest1  (cost=0.43..391.63 rows=99 width=121)
	              Index Cond: ((id >= 1777631) AND (id <= 1777730))

table 2 : explain SELECT DISTINCT c FROM sbtest2 WHERE id BETWEEN 6403757 AND 6403856 ORDER BY c
	Unique  (cost=402.65..403.15 rows=101 width=121)
	  ->  Sort  (cost=402.65..402.90 rows=101 width=121)
	        Sort Key: c
	        ->  Index Scan using sbtest2_pkey on sbtest2  (cost=0.43..399.29 rows=101 width=121)
	              Index Cond: ((id >= 6403757) AND (id <= 6403856))

table 3 : explain SELECT DISTINCT c FROM sbtest3 WHERE id BETWEEN 6140258 AND 6140357 ORDER BY c
	Unique  (cost=411.47..411.98 rows=103 width=121)
	  ->  Sort  (cost=411.47..411.73 rows=103 width=121)
	        Sort Key: c
	        ->  Index Scan using sbtest3_pkey on sbtest3  (cost=0.43..408.03 rows=103 width=121)
	              Index Cond: ((id >= 6140258) AND (id <= 6140357))

table 4 : explain SELECT DISTINCT c FROM sbtest4 WHERE id BETWEEN 5751560 AND 5751659 ORDER BY c
	Unique  (cost=380.13..380.61 rows=95 width=121)
	  ->  Sort  (cost=380.13..380.37 rows=95 width=121)
	        Sort Key: c
	        ->  Index Scan using sbtest4_pkey on sbtest4  (cost=0.43..377.01 rows=95 width=121)
	              Index Cond: ((id >= 5751560) AND (id <= 5751659))

table 5 : explain SELECT DISTINCT c FROM sbtest5 WHERE id BETWEEN 8767715 AND 8767814 ORDER BY c
	Unique  (cost=388.26..388.74 rows=97 width=121)
	  ->  Sort  (cost=388.26..388.50 rows=97 width=121)
	        Sort Key: c
	        ->  Index Scan using sbtest5_pkey on sbtest5  (cost=0.43..385.06 rows=97 width=121)
	              Index Cond: ((id >= 8767715) AND (id <= 8767814))

table 6 : explain SELECT DISTINCT c FROM sbtest6 WHERE id BETWEEN 5086157 AND 5086256 ORDER BY c
	Unique  (cost=419.53..420.05 rows=105 width=121)
	  ->  Sort  (cost=419.53..419.79 rows=105 width=121)
	        Sort Key: c
	        ->  Index Scan using sbtest6_pkey on sbtest6  (cost=0.43..416.00 rows=105 width=121)
	              Index Cond: ((id >= 5086157) AND (id <= 5086256))

table 7 : explain SELECT DISTINCT c FROM sbtest7 WHERE id BETWEEN 8539626 AND 8539725 ORDER BY c
	Unique  (cost=375.80..376.27 rows=94 width=121)
	  ->  Sort  (cost=375.80..376.04 rows=94 width=121)
	        Sort Key: c
	        ->  Index Scan using sbtest7_pkey on sbtest7  (cost=0.43..372.72 rows=94 width=121)
	              Index Cond: ((id >= 8539626) AND (id <= 8539725))

table 8 : explain SELECT DISTINCT c FROM sbtest8 WHERE id BETWEEN 6100423 AND 6100522 ORDER BY c
	Unique  (cost=404.14..404.64 rows=101 width=121)
	  ->  Sort  (cost=404.14..404.39 rows=101 width=121)
	        Sort Key: c
	        ->  Index Scan using sbtest8_pkey on sbtest8  (cost=0.43..400.77 rows=101 width=121)
	              Index Cond: ((id >= 6100423) AND (id <= 6100522))

for: distinct_ranges
table 1 : explain SELECT DISTINCT c FROM sbtest1 WHERE id BETWEEN 3937144 AND 3937243 ORDER BY c
	Unique  (cost=367.24..367.70 rows=92 width=121)
	  ->  Sort  (cost=367.24..367.47 rows=92 width=121)
	        Sort Key: c
	        ->  Index Scan using sbtest1_pkey on sbtest1  (cost=0.43..364.24 rows=92 width=121)
	              Index Cond: ((id >= 3937144) AND (id <= 3937243))

table 2 : explain SELECT DISTINCT c FROM sbtest2 WHERE id BETWEEN 965255 AND 965354 ORDER BY c
	Unique  (cost=453.98..454.55 rows=114 width=121)
	  ->  Sort  (cost=453.98..454.26 rows=114 width=121)
	        Sort Key: c
	        ->  Index Scan using sbtest2_pkey on sbtest2  (cost=0.43..450.08 rows=114 width=121)
	              Index Cond: ((id >= 965255) AND (id <= 965354))

table 3 : explain SELECT DISTINCT c FROM sbtest3 WHERE id BETWEEN 8394998 AND 8395097 ORDER BY c
	Unique  (cost=379.81..380.29 rows=95 width=121)
	  ->  Sort  (cost=379.81..380.05 rows=95 width=121)
	        Sort Key: c
	        ->  Index Scan using sbtest3_pkey on sbtest3  (cost=0.43..376.69 rows=95 width=121)
	              Index Cond: ((id >= 8394998) AND (id <= 8395097))

table 4 : explain SELECT DISTINCT c FROM sbtest4 WHERE id BETWEEN 8036591 AND 8036690 ORDER BY c
	Unique  (cost=392.01..392.50 rows=98 width=121)
	  ->  Sort  (cost=392.01..392.26 rows=98 width=121)
	        Sort Key: c
	        ->  Index Scan using sbtest4_pkey on sbtest4  (cost=0.43..388.77 rows=98 width=121)
	              Index Cond: ((id >= 8036591) AND (id <= 8036690))

table 5 : explain SELECT DISTINCT c FROM sbtest5 WHERE id BETWEEN 8484969 AND 8485068 ORDER BY c
	Unique  (cost=412.03..412.55 rows=103 width=121)
	  ->  Sort  (cost=412.03..412.29 rows=103 width=121)
	        Sort Key: c
	        ->  Index Scan using sbtest5_pkey on sbtest5  (cost=0.43..408.59 rows=103 width=121)
	              Index Cond: ((id >= 8484969) AND (id <= 8485068))

table 6 : explain SELECT DISTINCT c FROM sbtest6 WHERE id BETWEEN 2933598 AND 2933697 ORDER BY c
	Unique  (cost=375.96..376.43 rows=94 width=121)
	  ->  Sort  (cost=375.96..376.20 rows=94 width=121)
	        Sort Key: c
	        ->  Index Scan using sbtest6_pkey on sbtest6  (cost=0.43..372.88 rows=94 width=121)
	              Index Cond: ((id >= 2933598) AND (id <= 2933697))

table 7 : explain SELECT DISTINCT c FROM sbtest7 WHERE id BETWEEN 5729014 AND 5729113 ORDER BY c
	Unique  (cost=356.00..356.44 rows=89 width=121)
	  ->  Sort  (cost=356.00..356.22 rows=89 width=121)
	        Sort Key: c
	        ->  Index Scan using sbtest7_pkey on sbtest7  (cost=0.43..353.12 rows=89 width=121)
	              Index Cond: ((id >= 5729014) AND (id <= 5729113))

table 8 : explain SELECT DISTINCT c FROM sbtest8 WHERE id BETWEEN 9033390 AND 9033489 ORDER BY c
	Unique  (cost=380.34..380.81 rows=95 width=121)
	  ->  Sort  (cost=380.34..380.57 rows=95 width=121)
	        Sort Key: c
	        ->  Index Scan using sbtest8_pkey on sbtest8  (cost=0.43..377.22 rows=95 width=121)
	              Index Cond: ((id >= 9033390) AND (id <= 9033489))

for: order_ranges
table 1 : explain SELECT c FROM sbtest1 WHERE id BETWEEN 5921819 AND 5921918 ORDER BY c
	Sort  (cost=473.91..474.21 rows=119 width=121)
	  Sort Key: c
	  ->  Index Scan using sbtest1_pkey on sbtest1  (cost=0.43..469.81 rows=119 width=121)
	        Index Cond: ((id >= 5921819) AND (id <= 5921918))

table 2 : explain SELECT c FROM sbtest2 WHERE id BETWEEN 8265704 AND 8265803 ORDER BY c
	Sort  (cost=414.49..414.75 rows=104 width=121)
	  Sort Key: c
	  ->  Index Scan using sbtest2_pkey on sbtest2  (cost=0.43..411.01 rows=104 width=121)
	        Index Cond: ((id >= 8265704) AND (id <= 8265803))

table 3 : explain SELECT c FROM sbtest3 WHERE id BETWEEN 1172464 AND 1172563 ORDER BY c
	Sort  (cost=379.81..380.05 rows=95 width=121)
	  Sort Key: c
	  ->  Index Scan using sbtest3_pkey on sbtest3  (cost=0.43..376.69 rows=95 width=121)
	        Index Cond: ((id >= 1172464) AND (id <= 1172563))

table 4 : explain SELECT c FROM sbtest4 WHERE id BETWEEN 2544909 AND 2545008 ORDER BY c
	Sort  (cost=380.13..380.37 rows=95 width=121)
	  Sort Key: c
	  ->  Index Scan using sbtest4_pkey on sbtest4  (cost=0.43..377.01 rows=95 width=121)
	        Index Cond: ((id >= 2544909) AND (id <= 2545008))

table 5 : explain SELECT c FROM sbtest5 WHERE id BETWEEN 8079839 AND 8079938 ORDER BY c
	Sort  (cost=396.18..396.43 rows=99 width=121)
	  Sort Key: c
	  ->  Index Scan using sbtest5_pkey on sbtest5  (cost=0.43..392.90 rows=99 width=121)
	        Index Cond: ((id >= 8079839) AND (id <= 8079938))

table 6 : explain SELECT c FROM sbtest6 WHERE id BETWEEN 38750 AND 38849 ORDER BY c
	Sort  (cost=407.65..407.91 rows=102 width=121)
	  Sort Key: c
	  ->  Index Scan using sbtest6_pkey on sbtest6  (cost=0.43..404.25 rows=102 width=121)
	        Index Cond: ((id >= 38750) AND (id <= 38849))

table 7 : explain SELECT c FROM sbtest7 WHERE id BETWEEN 9187751 AND 9187850 ORDER BY c
	Sort  (cost=423.28..423.54 rows=106 width=121)
	  Sort Key: c
	  ->  Index Scan using sbtest7_pkey on sbtest7  (cost=0.43..419.71 rows=106 width=121)
	        Index Cond: ((id >= 9187751) AND (id <= 9187850))

table 8 : explain SELECT c FROM sbtest8 WHERE id BETWEEN 6471062 AND 6471161 ORDER BY c
	Sort  (cost=416.03..416.29 rows=104 width=121)
	  Sort Key: c
	  ->  Index Scan using sbtest8_pkey on sbtest8  (cost=0.43..412.54 rows=104 width=121)
	        Index Cond: ((id >= 6471062) AND (id <= 6471161))

for: simple_ranges
table 1 : explain SELECT c FROM sbtest1 WHERE id BETWEEN 4238574 AND 4238673
	Index Scan using sbtest1_pkey on sbtest1  (cost=0.43..364.24 rows=92 width=121)
	  Index Cond: ((id >= 4238574) AND (id <= 4238673))

table 2 : explain SELECT c FROM sbtest2 WHERE id BETWEEN 3164043 AND 3164142
	Index Scan using sbtest2_pkey on sbtest2  (cost=0.43..368.00 rows=93 width=121)
	  Index Cond: ((id >= 3164043) AND (id <= 3164142))

table 3 : explain SELECT c FROM sbtest3 WHERE id BETWEEN 1417282 AND 1417381
	Index Scan using sbtest3_pkey on sbtest3  (cost=0.43..368.86 rows=93 width=121)
	  Index Cond: ((id >= 1417282) AND (id <= 1417381))

table 4 : explain SELECT c FROM sbtest4 WHERE id BETWEEN 9944644 AND 9944743
	Index Scan using sbtest4_pkey on sbtest4  (cost=0.43..373.09 rows=94 width=121)
	  Index Cond: ((id >= 9944644) AND (id <= 9944743))

table 5 : explain SELECT c FROM sbtest5 WHERE id BETWEEN 7335522 AND 7335621
	Index Scan using sbtest5_pkey on sbtest5  (cost=0.43..373.29 rows=94 width=121)
	  Index Cond: ((id >= 7335522) AND (id <= 7335621))

table 6 : explain SELECT c FROM sbtest6 WHERE id BETWEEN 9533075 AND 9533174
	Index Scan using sbtest6_pkey on sbtest6  (cost=0.43..439.51 rows=111 width=121)
	  Index Cond: ((id >= 9533075) AND (id <= 9533174))

table 7 : explain SELECT c FROM sbtest7 WHERE id BETWEEN 4795609 AND 4795708
	Index Scan using sbtest7_pkey on sbtest7  (cost=0.43..392.30 rows=99 width=121)
	  Index Cond: ((id >= 4795609) AND (id <= 4795708))

table 8 : explain SELECT c FROM sbtest8 WHERE id BETWEEN 8530331 AND 8530430
	Index Scan using sbtest8_pkey on sbtest8  (cost=0.43..373.29 rows=94 width=121)
	  Index Cond: ((id >= 8530331) AND (id <= 8530430))

for: order_ranges
table 1 : explain SELECT c FROM sbtest1 WHERE id BETWEEN 9942428 AND 9942527 ORDER BY c
	Sort  (cost=398.86..399.11 rows=100 width=121)
	  Sort Key: c
	  ->  Index Scan using sbtest1_pkey on sbtest1  (cost=0.43..395.54 rows=100 width=121)
	        Index Cond: ((id >= 9942428) AND (id <= 9942527))

table 2 : explain SELECT c FROM sbtest2 WHERE id BETWEEN 3038958 AND 3039057 ORDER BY c
	Sort  (cost=410.55..410.80 rows=103 width=121)
	  Sort Key: c
	  ->  Index Scan using sbtest2_pkey on sbtest2  (cost=0.43..407.10 rows=103 width=121)
	        Index Cond: ((id >= 3038958) AND (id <= 3039057))

table 3 : explain SELECT c FROM sbtest3 WHERE id BETWEEN 5255695 AND 5255794 ORDER BY c
	Sort  (cost=427.30..427.57 rows=107 width=121)
	  Sort Key: c
	  ->  Index Scan using sbtest3_pkey on sbtest3  (cost=0.43..423.69 rows=107 width=121)
	        Index Cond: ((id >= 5255695) AND (id <= 5255794))

table 4 : explain SELECT c FROM sbtest4 WHERE id BETWEEN 8179414 AND 8179513 ORDER BY c
	Sort  (cost=380.13..380.37 rows=95 width=121)
	  Sort Key: c
	  ->  Index Scan using sbtest4_pkey on sbtest4  (cost=0.43..377.01 rows=95 width=121)
	        Index Cond: ((id >= 8179414) AND (id <= 8179513))

table 5 : explain SELECT c FROM sbtest5 WHERE id BETWEEN 7821948 AND 7822047 ORDER BY c
	Sort  (cost=356.54..356.76 rows=89 width=121)
	  Sort Key: c
	  ->  Index Scan using sbtest5_pkey on sbtest5  (cost=0.43..353.66 rows=89 width=121)
	        Index Cond: ((id >= 7821948) AND (id <= 7822047))

table 6 : explain SELECT c FROM sbtest6 WHERE id BETWEEN 5443795 AND 5443894 ORDER BY c
	Sort  (cost=372.00..372.24 rows=93 width=121)
	  Sort Key: c
	  ->  Index Scan using sbtest6_pkey on sbtest6  (cost=0.43..368.96 rows=93 width=121)
	        Index Cond: ((id >= 5443795) AND (id <= 5443894))

table 7 : explain SELECT c FROM sbtest7 WHERE id BETWEEN 508340 AND 508439 ORDER BY c
	Sort  (cost=466.81..467.10 rows=117 width=121)
	  Sort Key: c
	  ->  Index Scan using sbtest7_pkey on sbtest7  (cost=0.43..462.79 rows=117 width=121)
	        Index Cond: ((id >= 508340) AND (id <= 508439))

table 8 : explain SELECT c FROM sbtest8 WHERE id BETWEEN 5234604 AND 5234703 ORDER BY c
	Sort  (cost=396.21..396.46 rows=99 width=121)
	  Sort Key: c
	  ->  Index Scan using sbtest8_pkey on sbtest8  (cost=0.43..392.93 rows=99 width=121)
	        Index Cond: ((id >= 5234604) AND (id <= 5234703))

explain: for point_selects :: explain SELECT c FROM sbtest%u WHERE id=%u
for: sum_ranges
table 1 : explain SELECT SUM(k) FROM sbtest1 WHERE id BETWEEN 9155897 AND 9155996
	Aggregate  (cost=380.14..380.15 rows=1 width=8)
	  ->  Index Scan using sbtest1_pkey on sbtest1  (cost=0.43..379.90 rows=96 width=4)
	        Index Cond: ((id >= 9155897) AND (id <= 9155996))

table 2 : explain SELECT SUM(k) FROM sbtest2 WHERE id BETWEEN 9514581 AND 9514680
	Aggregate  (cost=430.82..430.83 rows=1 width=8)
	  ->  Index Scan using sbtest2_pkey on sbtest2  (cost=0.43..430.55 rows=109 width=4)
	        Index Cond: ((id >= 9514581) AND (id <= 9514680))

table 3 : explain SELECT SUM(k) FROM sbtest3 WHERE id BETWEEN 7328543 AND 7328642
	Aggregate  (cost=357.31..357.32 rows=1 width=8)
	  ->  Index Scan using sbtest3_pkey on sbtest3  (cost=0.43..357.08 rows=90 width=4)
	        Index Cond: ((id >= 7328543) AND (id <= 7328642))

table 4 : explain SELECT SUM(k) FROM sbtest4 WHERE id BETWEEN 4381758 AND 4381857
	Aggregate  (cost=385.09..385.10 rows=1 width=8)
	  ->  Index Scan using sbtest4_pkey on sbtest4  (cost=0.43..384.85 rows=97 width=4)
	        Index Cond: ((id >= 4381758) AND (id <= 4381857))

table 5 : explain SELECT SUM(k) FROM sbtest5 WHERE id BETWEEN 5718116 AND 5718215
	Aggregate  (cost=365.68..365.69 rows=1 width=8)
	  ->  Index Scan using sbtest5_pkey on sbtest5  (cost=0.43..365.45 rows=92 width=4)
	        Index Cond: ((id >= 5718116) AND (id <= 5718215))

table 6 : explain SELECT SUM(k) FROM sbtest6 WHERE id BETWEEN 355115 AND 355214
	Aggregate  (cost=416.27..416.28 rows=1 width=8)
	  ->  Index Scan using sbtest6_pkey on sbtest6  (cost=0.43..416.00 rows=105 width=4)
	        Index Cond: ((id >= 355115) AND (id <= 355214))

table 7 : explain SELECT SUM(k) FROM sbtest7 WHERE id BETWEEN 6706308 AND 6706407
	Aggregate  (cost=384.71..384.72 rows=1 width=8)
	  ->  Index Scan using sbtest7_pkey on sbtest7  (cost=0.43..384.47 rows=97 width=4)
	        Index Cond: ((id >= 6706308) AND (id <= 6706407))

table 8 : explain SELECT SUM(k) FROM sbtest8 WHERE id BETWEEN 6011710 AND 6011809
	Aggregate  (cost=393.18..393.19 rows=1 width=8)
	  ->  Index Scan using sbtest8_pkey on sbtest8  (cost=0.43..392.93 rows=99 width=4)
	        Index Cond: ((id >= 6011710) AND (id <= 6011809))

explain: for point_selects :: explain SELECT c FROM sbtest%u WHERE id=%u
explain: for point_selects :: explain SELECT c FROM sbtest%u WHERE id=%u
explain: for point_selects :: explain SELECT c FROM sbtest%u WHERE id=%u
for: order_ranges
table 1 : explain SELECT c FROM sbtest1 WHERE id BETWEEN 6481050 AND 6481149 ORDER BY c
	Sort  (cost=398.86..399.11 rows=100 width=121)
	  Sort Key: c
	  ->  Index Scan using sbtest1_pkey on sbtest1  (cost=0.43..395.54 rows=100 width=121)
	        Index Cond: ((id >= 6481050) AND (id <= 6481149))

table 2 : explain SELECT c FROM sbtest2 WHERE id BETWEEN 8368719 AND 8368818 ORDER BY c
	Sort  (cost=374.99..375.22 rows=94 width=121)
	  Sort Key: c
	  ->  Index Scan using sbtest2_pkey on sbtest2  (cost=0.43..371.91 rows=94 width=121)
	        Index Cond: ((id >= 8368719) AND (id <= 8368818))

table 3 : explain SELECT c FROM sbtest3 WHERE id BETWEEN 5750917 AND 5751016 ORDER BY c
	Sort  (cost=439.17..439.45 rows=110 width=121)
	  Sort Key: c
	  ->  Index Scan using sbtest3_pkey on sbtest3  (cost=0.43..435.44 rows=110 width=121)
	        Index Cond: ((id >= 5750917) AND (id <= 5751016))

table 4 : explain SELECT c FROM sbtest4 WHERE id BETWEEN 6272890 AND 6272989 ORDER BY c
	Sort  (cost=376.17..376.41 rows=94 width=121)
	  Sort Key: c
	  ->  Index Scan using sbtest4_pkey on sbtest4  (cost=0.43..373.09 rows=94 width=121)
	        Index Cond: ((id >= 6272890) AND (id <= 6272989))

table 5 : explain SELECT c FROM sbtest5 WHERE id BETWEEN 3370183 AND 3370282 ORDER BY c
	Sort  (cost=388.26..388.50 rows=97 width=121)
	  Sort Key: c
	  ->  Index Scan using sbtest5_pkey on sbtest5  (cost=0.43..385.06 rows=97 width=121)
	        Index Cond: ((id >= 3370183) AND (id <= 3370282))

table 6 : explain SELECT c FROM sbtest6 WHERE id BETWEEN 3316569 AND 3316668 ORDER BY c
	Sort  (cost=383.90..384.14 rows=96 width=121)
	  Sort Key: c
	  ->  Index Scan using sbtest6_pkey on sbtest6  (cost=0.43..380.74 rows=96 width=121)
	        Index Cond: ((id >= 3316569) AND (id <= 3316668))

table 7 : explain SELECT c FROM sbtest7 WHERE id BETWEEN 4559146 AND 4559245 ORDER BY c
	Sort  (cost=395.58..395.83 rows=99 width=121)
	  Sort Key: c
	  ->  Index Scan using sbtest7_pkey on sbtest7  (cost=0.43..392.30 rows=99 width=121)
	        Index Cond: ((id >= 4559146) AND (id <= 4559245))

table 8 : explain SELECT c FROM sbtest8 WHERE id BETWEEN 4571335 AND 4571434 ORDER BY c
	Sort  (cost=412.06..412.32 rows=103 width=121)
	  Sort Key: c
	  ->  Index Scan using sbtest8_pkey on sbtest8  (cost=0.43..408.62 rows=103 width=121)
	        Index Cond: ((id >= 4571335) AND (id <= 4571434))

explain: for point_selects :: explain SELECT c FROM sbtest%u WHERE id=%u
for: distinct_ranges
table 1 : explain SELECT DISTINCT c FROM sbtest1 WHERE id BETWEEN 2190472 AND 2190571 ORDER BY c
	Unique  (cost=375.16..375.63 rows=94 width=121)
	  ->  Sort  (cost=375.16..375.40 rows=94 width=121)
	        Sort Key: c
	        ->  Index Scan using sbtest1_pkey on sbtest1  (cost=0.43..372.08 rows=94 width=121)
	              Index Cond: ((id >= 2190472) AND (id <= 2190571))

table 2 : explain SELECT DISTINCT c FROM sbtest2 WHERE id BETWEEN 968109 AND 968208 ORDER BY c
	Unique  (cost=453.98..454.55 rows=114 width=121)
	  ->  Sort  (cost=453.98..454.26 rows=114 width=121)
	        Sort Key: c
	        ->  Index Scan using sbtest2_pkey on sbtest2  (cost=0.43..450.08 rows=114 width=121)
	              Index Cond: ((id >= 968109) AND (id <= 968208))

table 3 : explain SELECT DISTINCT c FROM sbtest3 WHERE id BETWEEN 7410889 AND 7410988 ORDER BY c
	Unique  (cost=360.01..360.46 rows=90 width=121)
	  ->  Sort  (cost=360.01..360.23 rows=90 width=121)
	        Sort Key: c
	        ->  Index Scan using sbtest3_pkey on sbtest3  (cost=0.43..357.08 rows=90 width=121)
	              Index Cond: ((id >= 7410889) AND (id <= 7410988))

table 4 : explain SELECT DISTINCT c FROM sbtest4 WHERE id BETWEEN 267523 AND 267622 ORDER BY c
	Unique  (cost=395.97..396.47 rows=99 width=121)
	  ->  Sort  (cost=395.97..396.22 rows=99 width=121)
	        Sort Key: c
	        ->  Index Scan using sbtest4_pkey on sbtest4  (cost=0.43..392.69 rows=99 width=121)
	              Index Cond: ((id >= 267523) AND (id <= 267622))

table 5 : explain SELECT DISTINCT c FROM sbtest5 WHERE id BETWEEN 9243469 AND 9243568 ORDER BY c
	Unique  (cost=400.15..400.65 rows=100 width=121)
	  ->  Sort  (cost=400.15..400.40 rows=100 width=121)
	        Sort Key: c
	        ->  Index Scan using sbtest5_pkey on sbtest5  (cost=0.43..396.82 rows=100 width=121)
	              Index Cond: ((id >= 9243469) AND (id <= 9243568))

table 6 : explain SELECT DISTINCT c FROM sbtest6 WHERE id BETWEEN 2790168 AND 2790267 ORDER BY c
	Unique  (cost=435.36..435.91 rows=109 width=121)
	  ->  Sort  (cost=435.36..435.64 rows=109 width=121)
	        Sort Key: c
	        ->  Index Scan using sbtest6_pkey on sbtest6  (cost=0.43..431.68 rows=109 width=121)
	              Index Cond: ((id >= 2790168) AND (id <= 2790267))

table 7 : explain SELECT DISTINCT c FROM sbtest7 WHERE id BETWEEN 2839717 AND 2839816 ORDER BY c
	Unique  (cost=443.06..443.62 rows=111 width=121)
	  ->  Sort  (cost=443.06..443.34 rows=111 width=121)
	        Sort Key: c
	        ->  Index Scan using sbtest7_pkey on sbtest7  (cost=0.43..439.29 rows=111 width=121)
	              Index Cond: ((id >= 2839717) AND (id <= 2839816))

table 8 : explain SELECT DISTINCT c FROM sbtest8 WHERE id BETWEEN 3612811 AND 3612910 ORDER BY c
	Unique  (cost=427.92..428.45 rows=107 width=121)
	  ->  Sort  (cost=427.92..428.18 rows=107 width=121)
	        Sort Key: c
	        ->  Index Scan using sbtest8_pkey on sbtest8  (cost=0.43..424.31 rows=107 width=121)
	              Index Cond: ((id >= 3612811) AND (id <= 3612910))

for: sum_ranges
table 1 : explain SELECT SUM(k) FROM sbtest1 WHERE id BETWEEN 200394 AND 200493
	Aggregate  (cost=391.88..391.89 rows=1 width=8)
	  ->  Index Scan using sbtest1_pkey on sbtest1  (cost=0.43..391.63 rows=99 width=4)
	        Index Cond: ((id >= 200394) AND (id <= 200493))

table 2 : explain SELECT SUM(k) FROM sbtest2 WHERE id BETWEEN 876883 AND 876982
	Aggregate  (cost=383.87..383.88 rows=1 width=8)
	  ->  Index Scan using sbtest2_pkey on sbtest2  (cost=0.43..383.63 rows=97 width=4)
	        Index Cond: ((id >= 876883) AND (id <= 876982))

table 3 : explain SELECT SUM(k) FROM sbtest3 WHERE id BETWEEN 7324445 AND 7324544
	Aggregate  (cost=357.31..357.32 rows=1 width=8)
	  ->  Index Scan using sbtest3_pkey on sbtest3  (cost=0.43..357.08 rows=90 width=4)
	        Index Cond: ((id >= 7324445) AND (id <= 7324544))

table 4 : explain SELECT SUM(k) FROM sbtest4 WHERE id BETWEEN 9869517 AND 9869616
	Aggregate  (cost=357.61..357.62 rows=1 width=8)
	  ->  Index Scan using sbtest4_pkey on sbtest4  (cost=0.43..357.39 rows=90 width=4)
	        Index Cond: ((id >= 9869517) AND (id <= 9869616))

table 5 : explain SELECT SUM(k) FROM sbtest5 WHERE id BETWEEN 4229665 AND 4229764
	Aggregate  (cost=408.85..408.86 rows=1 width=8)
	  ->  Index Scan using sbtest5_pkey on sbtest5  (cost=0.43..408.59 rows=103 width=4)
	        Index Cond: ((id >= 4229665) AND (id <= 4229764))

table 6 : explain SELECT SUM(k) FROM sbtest6 WHERE id BETWEEN 8530354 AND 8530453
	Aggregate  (cost=365.27..365.28 rows=1 width=8)
	  ->  Index Scan using sbtest6_pkey on sbtest6  (cost=0.43..365.04 rows=92 width=4)
	        Index Cond: ((id >= 8530354) AND (id <= 8530453))

table 7 : explain SELECT SUM(k) FROM sbtest7 WHERE id BETWEEN 5636030 AND 5636129
	Aggregate  (cost=435.65..435.66 rows=1 width=8)
	  ->  Index Scan using sbtest7_pkey on sbtest7  (cost=0.43..435.38 rows=110 width=4)
	        Index Cond: ((id >= 5636030) AND (id <= 5636129))

table 8 : explain SELECT SUM(k) FROM sbtest8 WHERE id BETWEEN 273321 AND 273420
	Aggregate  (cost=361.75..361.76 rows=1 width=8)
	  ->  Index Scan using sbtest8_pkey on sbtest8  (cost=0.43..361.53 rows=91 width=4)
	        Index Cond: ((id >= 273321) AND (id <= 273420))

for point_selects
table 1 : explain SELECT c FROM sbtest1 WHERE id=9517029
	Index Scan using sbtest1_pkey on sbtest1  (cost=0.43..8.45 rows=1 width=121)
	  Index Cond: (id = 9517029)

table 2 : explain SELECT c FROM sbtest2 WHERE id=7413171
	Index Scan using sbtest2_pkey on sbtest2  (cost=0.43..8.45 rows=1 width=121)
	  Index Cond: (id = 7413171)

table 3 : explain SELECT c FROM sbtest3 WHERE id=4905334
	Index Scan using sbtest3_pkey on sbtest3  (cost=0.43..8.45 rows=1 width=121)
	  Index Cond: (id = 4905334)

table 4 : explain SELECT c FROM sbtest4 WHERE id=862232
	Index Scan using sbtest4_pkey on sbtest4  (cost=0.43..8.45 rows=1 width=121)
	  Index Cond: (id = 862232)

table 5 : explain SELECT c FROM sbtest5 WHERE id=2500182
	Index Scan using sbtest5_pkey on sbtest5  (cost=0.43..8.45 rows=1 width=121)
	  Index Cond: (id = 2500182)

table 6 : explain SELECT c FROM sbtest6 WHERE id=9584094
	Index Scan using sbtest6_pkey on sbtest6  (cost=0.43..8.45 rows=1 width=121)
	  Index Cond: (id = 9584094)

table 7 : explain SELECT c FROM sbtest7 WHERE id=388048
	Index Scan using sbtest7_pkey on sbtest7  (cost=0.43..8.45 rows=1 width=121)
	  Index Cond: (id = 388048)

table 8 : explain SELECT c FROM sbtest8 WHERE id=27188
	Index Scan using sbtest8_pkey on sbtest8  (cost=0.43..8.45 rows=1 width=121)
	  Index Cond: (id = 27188)

for point_selects
table 1 : explain SELECT c FROM sbtest1 WHERE id=2809543
	Index Scan using sbtest1_pkey on sbtest1  (cost=0.43..8.45 rows=1 width=121)
	  Index Cond: (id = 2809543)

table 2 : explain SELECT c FROM sbtest2 WHERE id=7653382
	Index Scan using sbtest2_pkey on sbtest2  (cost=0.43..8.45 rows=1 width=121)
	  Index Cond: (id = 7653382)

table 3 : explain SELECT c FROM sbtest3 WHERE id=7609565
	Index Scan using sbtest3_pkey on sbtest3  (cost=0.43..8.45 rows=1 width=121)
	  Index Cond: (id = 7609565)

table 4 : explain SELECT c FROM sbtest4 WHERE id=4003637
	Index Scan using sbtest4_pkey on sbtest4  (cost=0.43..8.45 rows=1 width=121)
	  Index Cond: (id = 4003637)

table 5 : explain SELECT c FROM sbtest5 WHERE id=1775964
	Index Scan using sbtest5_pkey on sbtest5  (cost=0.43..8.45 rows=1 width=121)
	  Index Cond: (id = 1775964)

table 6 : explain SELECT c FROM sbtest6 WHERE id=8050251
	Index Scan using sbtest6_pkey on sbtest6  (cost=0.43..8.45 rows=1 width=121)
	  Index Cond: (id = 8050251)

table 7 : explain SELECT c FROM sbtest7 WHERE id=4490090
	Index Scan using sbtest7_pkey on sbtest7  (cost=0.43..8.45 rows=1 width=121)
	  Index Cond: (id = 4490090)

table 8 : explain SELECT c FROM sbtest8 WHERE id=7633829
	Index Scan using sbtest8_pkey on sbtest8  (cost=0.43..8.45 rows=1 width=121)
	  Index Cond: (id = 7633829)

for: distinct_ranges
table 1 : explain SELECT DISTINCT c FROM sbtest1 WHERE id BETWEEN 7392938 AND 7393037 ORDER BY c
	Unique  (cost=387.01..387.50 rows=97 width=121)
	  ->  Sort  (cost=387.01..387.25 rows=97 width=121)
	        Sort Key: c
	        ->  Index Scan using sbtest1_pkey on sbtest1  (cost=0.43..383.81 rows=97 width=121)
	              Index Cond: ((id >= 7392938) AND (id <= 7393037))

table 2 : explain SELECT DISTINCT c FROM sbtest2 WHERE id BETWEEN 4675375 AND 4675474 ORDER BY c
	Unique  (cost=414.49..415.01 rows=104 width=121)
	  ->  Sort  (cost=414.49..414.75 rows=104 width=121)
	        Sort Key: c
	        ->  Index Scan using sbtest2_pkey on sbtest2  (cost=0.43..411.01 rows=104 width=121)
	              Index Cond: ((id >= 4675375) AND (id <= 4675474))

table 3 : explain SELECT DISTINCT c FROM sbtest3 WHERE id BETWEEN 2412684 AND 2412783 ORDER BY c
	Unique  (cost=399.60..400.10 rows=100 width=121)
	  ->  Sort  (cost=399.60..399.85 rows=100 width=121)
	        Sort Key: c
	        ->  Index Scan using sbtest3_pkey on sbtest3  (cost=0.43..396.28 rows=100 width=121)
	              Index Cond: ((id >= 2412684) AND (id <= 2412783))

table 4 : explain SELECT DISTINCT c FROM sbtest4 WHERE id BETWEEN 3703965 AND 3704064 ORDER BY c
	Unique  (cost=364.29..364.75 rows=91 width=121)
	  ->  Sort  (cost=364.29..364.52 rows=91 width=121)
	        Sort Key: c
	        ->  Index Scan using sbtest4_pkey on sbtest4  (cost=0.43..361.33 rows=91 width=121)
	              Index Cond: ((id >= 3703965) AND (id <= 3704064))

table 5 : explain SELECT DISTINCT c FROM sbtest5 WHERE id BETWEEN 4048922 AND 4049021 ORDER BY c
	Unique  (cost=416.00..416.52 rows=104 width=121)
	  ->  Sort  (cost=416.00..416.26 rows=104 width=121)
	        Sort Key: c
	        ->  Index Scan using sbtest5_pkey on sbtest5  (cost=0.43..412.51 rows=104 width=121)
	              Index Cond: ((id >= 4048922) AND (id <= 4049021))

table 6 : explain SELECT DISTINCT c FROM sbtest6 WHERE id BETWEEN 1841948 AND 1842047 ORDER BY c
	Unique  (cost=372.00..372.47 rows=93 width=121)
	  ->  Sort  (cost=372.00..372.24 rows=93 width=121)
	        Sort Key: c
	        ->  Index Scan using sbtest6_pkey on sbtest6  (cost=0.43..368.96 rows=93 width=121)
	              Index Cond: ((id >= 1841948) AND (id <= 1842047))

table 7 : explain SELECT DISTINCT c FROM sbtest7 WHERE id BETWEEN 8429890 AND 8429989 ORDER BY c
	Unique  (cost=447.02..447.58 rows=112 width=121)
	  ->  Sort  (cost=447.02..447.30 rows=112 width=121)
	        Sort Key: c
	        ->  Index Scan using sbtest7_pkey on sbtest7  (cost=0.43..443.21 rows=112 width=121)
	              Index Cond: ((id >= 8429890) AND (id <= 8429989))

table 8 : explain SELECT DISTINCT c FROM sbtest8 WHERE id BETWEEN 9536990 AND 9537089 ORDER BY c
	Unique  (cost=435.84..436.39 rows=109 width=121)
	  ->  Sort  (cost=435.84..436.12 rows=109 width=121)
	        Sort Key: c
	        ->  Index Scan using sbtest8_pkey on sbtest8  (cost=0.43..432.15 rows=109 width=121)
	              Index Cond: ((id >= 9536990) AND (id <= 9537089))

for: distinct_ranges
table 1 : explain SELECT DISTINCT c FROM sbtest1 WHERE id BETWEEN 8776542 AND 8776641 ORDER BY c
	Unique  (cost=390.96..391.45 rows=98 width=121)
	  ->  Sort  (cost=390.96..391.21 rows=98 width=121)
	        Sort Key: c
	        ->  Index Scan using sbtest1_pkey on sbtest1  (cost=0.43..387.72 rows=98 width=121)
	              Index Cond: ((id >= 8776542) AND (id <= 8776641))

table 2 : explain SELECT DISTINCT c FROM sbtest2 WHERE id BETWEEN 2716009 AND 2716108 ORDER BY c
	Unique  (cost=402.65..403.15 rows=101 width=121)
	  ->  Sort  (cost=402.65..402.90 rows=101 width=121)
	        Sort Key: c
	        ->  Index Scan using sbtest2_pkey on sbtest2  (cost=0.43..399.29 rows=101 width=121)
	              Index Cond: ((id >= 2716009) AND (id <= 2716108))

table 3 : explain SELECT DISTINCT c FROM sbtest3 WHERE id BETWEEN 5175890 AND 5175989 ORDER BY c
	Unique  (cost=371.90..372.37 rows=93 width=121)
	  ->  Sort  (cost=371.90..372.13 rows=93 width=121)
	        Sort Key: c
	        ->  Index Scan using sbtest3_pkey on sbtest3  (cost=0.43..368.86 rows=93 width=121)
	              Index Cond: ((id >= 5175890) AND (id <= 5175989))

table 4 : explain SELECT DISTINCT c FROM sbtest4 WHERE id BETWEEN 1467867 AND 1467966 ORDER BY c
	Unique  (cost=415.77..416.29 rows=104 width=121)
	  ->  Sort  (cost=415.77..416.03 rows=104 width=121)
	        Sort Key: c
	        ->  Index Scan using sbtest4_pkey on sbtest4  (cost=0.43..412.29 rows=104 width=121)
	              Index Cond: ((id >= 1467867) AND (id <= 1467966))

table 5 : explain SELECT DISTINCT c FROM sbtest5 WHERE id BETWEEN 7669206 AND 7669305 ORDER BY c
	Unique  (cost=388.26..388.74 rows=97 width=121)
	  ->  Sort  (cost=388.26..388.50 rows=97 width=121)
	        Sort Key: c
	        ->  Index Scan using sbtest5_pkey on sbtest5  (cost=0.43..385.06 rows=97 width=121)
	              Index Cond: ((id >= 7669206) AND (id <= 7669305))

table 6 : explain SELECT DISTINCT c FROM sbtest6 WHERE id BETWEEN 2655281 AND 2655380 ORDER BY c
	Unique  (cost=391.82..392.31 rows=98 width=121)
	  ->  Sort  (cost=391.82..392.06 rows=98 width=121)
	        Sort Key: c
	        ->  Index Scan using sbtest6_pkey on sbtest6  (cost=0.43..388.58 rows=98 width=121)
	              Index Cond: ((id >= 2655281) AND (id <= 2655380))

table 7 : explain SELECT DISTINCT c FROM sbtest7 WHERE id BETWEEN 1132383 AND 1132482 ORDER BY c
	Unique  (cost=395.58..396.08 rows=99 width=121)
	  ->  Sort  (cost=395.58..395.83 rows=99 width=121)
	        Sort Key: c
	        ->  Index Scan using sbtest7_pkey on sbtest7  (cost=0.43..392.30 rows=99 width=121)
	              Index Cond: ((id >= 1132383) AND (id <= 1132482))

table 8 : explain SELECT DISTINCT c FROM sbtest8 WHERE id BETWEEN 152598 AND 152697 ORDER BY c
	Unique  (cost=419.99..420.51 rows=105 width=121)
	  ->  Sort  (cost=419.99..420.25 rows=105 width=121)
	        Sort Key: c
	        ->  Index Scan using sbtest8_pkey on sbtest8  (cost=0.43..416.46 rows=105 width=121)
	              Index Cond: ((id >= 152598) AND (id <= 152697))

explain: for point_selects :: explain SELECT c FROM sbtest%u WHERE id=%u
for: simple_ranges
table 1 : explain SELECT c FROM sbtest1 WHERE id BETWEEN 9333264 AND 9333363
	Index Scan using sbtest1_pkey on sbtest1  (cost=0.43..395.54 rows=100 width=121)
	  Index Cond: ((id >= 9333264) AND (id <= 9333363))

table 2 : explain SELECT c FROM sbtest2 WHERE id BETWEEN 1473078 AND 1473177
	Index Scan using sbtest2_pkey on sbtest2  (cost=0.43..379.72 rows=96 width=121)
	  Index Cond: ((id >= 1473078) AND (id <= 1473177))

table 3 : explain SELECT c FROM sbtest3 WHERE id BETWEEN 99908 AND 100007
	Index Scan using sbtest3_pkey on sbtest3  (cost=0.43..388.44 rows=98 width=121)
	  Index Cond: ((id >= 99908) AND (id <= 100007))

table 4 : explain SELECT c FROM sbtest4 WHERE id BETWEEN 8167758 AND 8167857
	Index Scan using sbtest4_pkey on sbtest4  (cost=0.43..377.01 rows=95 width=121)
	  Index Cond: ((id >= 8167758) AND (id <= 8167857))

table 5 : explain SELECT c FROM sbtest5 WHERE id BETWEEN 9045748 AND 9045847
	Index Scan using sbtest5_pkey on sbtest5  (cost=0.43..420.36 rows=106 width=121)
	  Index Cond: ((id >= 9045748) AND (id <= 9045847))

table 6 : explain SELECT c FROM sbtest6 WHERE id BETWEEN 1464226 AND 1464325
	Index Scan using sbtest6_pkey on sbtest6  (cost=0.43..408.17 rows=103 width=121)
	  Index Cond: ((id >= 1464226) AND (id <= 1464325))

table 7 : explain SELECT c FROM sbtest7 WHERE id BETWEEN 8338385 AND 8338484
	Index Scan using sbtest7_pkey on sbtest7  (cost=0.43..396.22 rows=100 width=121)
	  Index Cond: ((id >= 8338385) AND (id <= 8338484))

table 8 : explain SELECT c FROM sbtest8 WHERE id BETWEEN 2113829 AND 2113928
	Index Scan using sbtest8_pkey on sbtest8  (cost=0.43..400.77 rows=101 width=121)
	  Index Cond: ((id >= 2113829) AND (id <= 2113928))

for point_selects
table 1 : explain SELECT c FROM sbtest1 WHERE id=6596164
	Index Scan using sbtest1_pkey on sbtest1  (cost=0.43..8.45 rows=1 width=121)
	  Index Cond: (id = 6596164)

table 2 : explain SELECT c FROM sbtest2 WHERE id=5940373
	Index Scan using sbtest2_pkey on sbtest2  (cost=0.43..8.45 rows=1 width=121)
	  Index Cond: (id = 5940373)

table 3 : explain SELECT c FROM sbtest3 WHERE id=1914098
	Index Scan using sbtest3_pkey on sbtest3  (cost=0.43..8.45 rows=1 width=121)
	  Index Cond: (id = 1914098)

table 4 : explain SELECT c FROM sbtest4 WHERE id=8317333
	Index Scan using sbtest4_pkey on sbtest4  (cost=0.43..8.45 rows=1 width=121)
	  Index Cond: (id = 8317333)

table 5 : explain SELECT c FROM sbtest5 WHERE id=4870631
	Index Scan using sbtest5_pkey on sbtest5  (cost=0.43..8.45 rows=1 width=121)
	  Index Cond: (id = 4870631)

table 6 : explain SELECT c FROM sbtest6 WHERE id=1469109
	Index Scan using sbtest6_pkey on sbtest6  (cost=0.43..8.45 rows=1 width=121)
	  Index Cond: (id = 1469109)

table 7 : explain SELECT c FROM sbtest7 WHERE id=4046513
	Index Scan using sbtest7_pkey on sbtest7  (cost=0.43..8.45 rows=1 width=121)
	  Index Cond: (id = 4046513)

table 8 : explain SELECT c FROM sbtest8 WHERE id=4714674
	Index Scan using sbtest8_pkey on sbtest8  (cost=0.43..8.45 rows=1 width=121)
	  Index Cond: (id = 4714674)

for point_selects
table 1 : explain SELECT c FROM sbtest1 WHERE id=6937255
	Index Scan using sbtest1_pkey on sbtest1  (cost=0.43..8.45 rows=1 width=121)
	  Index Cond: (id = 6937255)

table 2 : explain SELECT c FROM sbtest2 WHERE id=6968771
	Index Scan using sbtest2_pkey on sbtest2  (cost=0.43..8.45 rows=1 width=121)
	  Index Cond: (id = 6968771)

table 3 : explain SELECT c FROM sbtest3 WHERE id=3461095
	Index Scan using sbtest3_pkey on sbtest3  (cost=0.43..8.45 rows=1 width=121)
	  Index Cond: (id = 3461095)

table 4 : explain SELECT c FROM sbtest4 WHERE id=2061119
	Index Scan using sbtest4_pkey on sbtest4  (cost=0.43..8.45 rows=1 width=121)
	  Index Cond: (id = 2061119)

table 5 : explain SELECT c FROM sbtest5 WHERE id=5272026
	Index Scan using sbtest5_pkey on sbtest5  (cost=0.43..8.45 rows=1 width=121)
	  Index Cond: (id = 5272026)

table 6 : explain SELECT c FROM sbtest6 WHERE id=4234105
	Index Scan using sbtest6_pkey on sbtest6  (cost=0.43..8.45 rows=1 width=121)
	  Index Cond: (id = 4234105)

table 7 : explain SELECT c FROM sbtest7 WHERE id=4472546
	Index Scan using sbtest7_pkey on sbtest7  (cost=0.43..8.45 rows=1 width=121)
	  Index Cond: (id = 4472546)

table 8 : explain SELECT c FROM sbtest8 WHERE id=3432892
	Index Scan using sbtest8_pkey on sbtest8  (cost=0.43..8.45 rows=1 width=121)
	  Index Cond: (id = 3432892)

explain: for point_selects :: explain SELECT c FROM sbtest%u WHERE id=%u
for: simple_ranges
table 1 : explain SELECT c FROM sbtest1 WHERE id BETWEEN 659737 AND 659836
	Index Scan using sbtest1_pkey on sbtest1  (cost=0.43..407.27 rows=103 width=121)
	  Index Cond: ((id >= 659737) AND (id <= 659836))

table 2 : explain SELECT c FROM sbtest2 WHERE id BETWEEN 384332 AND 384431
	Index Scan using sbtest2_pkey on sbtest2  (cost=0.43..352.37 rows=89 width=121)
	  Index Cond: ((id >= 384332) AND (id <= 384431))

table 3 : explain SELECT c FROM sbtest3 WHERE id BETWEEN 8266661 AND 8266760
	Index Scan using sbtest3_pkey on sbtest3  (cost=0.43..384.53 rows=97 width=121)
	  Index Cond: ((id >= 8266661) AND (id <= 8266760))

table 4 : explain SELECT c FROM sbtest4 WHERE id BETWEEN 5598544 AND 5598643
	Index Scan using sbtest4_pkey on sbtest4  (cost=0.43..408.37 rows=103 width=121)
	  Index Cond: ((id >= 5598544) AND (id <= 5598643))

table 5 : explain SELECT c FROM sbtest5 WHERE id BETWEEN 2132452 AND 2132551
	Index Scan using sbtest5_pkey on sbtest5  (cost=0.43..412.51 rows=104 width=121)
	  Index Cond: ((id >= 2132452) AND (id <= 2132551))

table 6 : explain SELECT c FROM sbtest6 WHERE id BETWEEN 164007 AND 164106
	Index Scan using sbtest6_pkey on sbtest6  (cost=0.43..372.88 rows=94 width=121)
	  Index Cond: ((id >= 164007) AND (id <= 164106))

table 7 : explain SELECT c FROM sbtest7 WHERE id BETWEEN 3355297 AND 3355396
	Index Scan using sbtest7_pkey on sbtest7  (cost=0.43..353.12 rows=89 width=121)
	  Index Cond: ((id >= 3355297) AND (id <= 3355396))

table 8 : explain SELECT c FROM sbtest8 WHERE id BETWEEN 4314673 AND 4314772
	Index Scan using sbtest8_pkey on sbtest8  (cost=0.43..408.62 rows=103 width=121)
	  Index Cond: ((id >= 4314673) AND (id <= 4314772))

for point_selects
table 1 : explain SELECT c FROM sbtest1 WHERE id=6342879
	Index Scan using sbtest1_pkey on sbtest1  (cost=0.43..8.45 rows=1 width=121)
	  Index Cond: (id = 6342879)

table 2 : explain SELECT c FROM sbtest2 WHERE id=9182354
	Index Scan using sbtest2_pkey on sbtest2  (cost=0.43..8.45 rows=1 width=121)
	  Index Cond: (id = 9182354)

table 3 : explain SELECT c FROM sbtest3 WHERE id=6970299
	Index Scan using sbtest3_pkey on sbtest3  (cost=0.43..8.45 rows=1 width=121)
	  Index Cond: (id = 6970299)

table 4 : explain SELECT c FROM sbtest4 WHERE id=3022135
	Index Scan using sbtest4_pkey on sbtest4  (cost=0.43..8.45 rows=1 width=121)
	  Index Cond: (id = 3022135)

table 5 : explain SELECT c FROM sbtest5 WHERE id=5110737
	Index Scan using sbtest5_pkey on sbtest5  (cost=0.43..8.45 rows=1 width=121)
	  Index Cond: (id = 5110737)

table 6 : explain SELECT c FROM sbtest6 WHERE id=8764309
	Index Scan using sbtest6_pkey on sbtest6  (cost=0.43..8.45 rows=1 width=121)
	  Index Cond: (id = 8764309)

table 7 : explain SELECT c FROM sbtest7 WHERE id=1579257
	Index Scan using sbtest7_pkey on sbtest7  (cost=0.43..8.45 rows=1 width=121)
	  Index Cond: (id = 1579257)

table 8 : explain SELECT c FROM sbtest8 WHERE id=3151931
	Index Scan using sbtest8_pkey on sbtest8  (cost=0.43..8.45 rows=1 width=121)
	  Index Cond: (id = 3151931)

for: order_ranges
table 1 : explain SELECT c FROM sbtest1 WHERE id BETWEEN 6836045 AND 6836144 ORDER BY c
	Sort  (cost=371.19..371.42 rows=93 width=121)
	  Sort Key: c
	  ->  Index Scan using sbtest1_pkey on sbtest1  (cost=0.43..368.15 rows=93 width=121)
	        Index Cond: ((id >= 6836045) AND (id <= 6836144))

table 2 : explain SELECT c FROM sbtest2 WHERE id BETWEEN 7162826 AND 7162925 ORDER BY c
	Sort  (cost=410.55..410.80 rows=103 width=121)
	  Sort Key: c
	  ->  Index Scan using sbtest2_pkey on sbtest2  (cost=0.43..407.10 rows=103 width=121)
	        Index Cond: ((id >= 7162826) AND (id <= 7162925))

table 3 : explain SELECT c FROM sbtest3 WHERE id BETWEEN 1892611 AND 1892710 ORDER BY c
	Sort  (cost=399.60..399.85 rows=100 width=121)
	  Sort Key: c
	  ->  Index Scan using sbtest3_pkey on sbtest3  (cost=0.43..396.28 rows=100 width=121)
	        Index Cond: ((id >= 1892611) AND (id <= 1892710))

table 4 : explain SELECT c FROM sbtest4 WHERE id BETWEEN 9942666 AND 9942765 ORDER BY c
	Sort  (cost=376.17..376.41 rows=94 width=121)
	  Sort Key: c
	  ->  Index Scan using sbtest4_pkey on sbtest4  (cost=0.43..373.09 rows=94 width=121)
	        Index Cond: ((id >= 9942666) AND (id <= 9942765))

table 5 : explain SELECT c FROM sbtest5 WHERE id BETWEEN 3572352 AND 3572451 ORDER BY c
	Sort  (cost=423.92..424.19 rows=106 width=121)
	  Sort Key: c
	  ->  Index Scan using sbtest5_pkey on sbtest5  (cost=0.43..420.36 rows=106 width=121)
	        Index Cond: ((id >= 3572352) AND (id <= 3572451))

table 6 : explain SELECT c FROM sbtest6 WHERE id BETWEEN 77390 AND 77489 ORDER BY c
	Sort  (cost=407.65..407.91 rows=102 width=121)
	  Sort Key: c
	  ->  Index Scan using sbtest6_pkey on sbtest6  (cost=0.43..404.25 rows=102 width=121)
	        Index Cond: ((id >= 77390) AND (id <= 77489))

table 7 : explain SELECT c FROM sbtest7 WHERE id BETWEEN 2512889 AND 2512988 ORDER BY c
	Sort  (cost=399.54..399.79 rows=100 width=121)
	  Sort Key: c
	  ->  Index Scan using sbtest7_pkey on sbtest7  (cost=0.43..396.22 rows=100 width=121)
	        Index Cond: ((id >= 2512889) AND (id <= 2512988))

table 8 : explain SELECT c FROM sbtest8 WHERE id BETWEEN 2148271 AND 2148370 ORDER BY c
	Sort  (cost=427.92..428.18 rows=107 width=121)
	  Sort Key: c
	  ->  Index Scan using sbtest8_pkey on sbtest8  (cost=0.43..424.31 rows=107 width=121)
	        Index Cond: ((id >= 2148271) AND (id <= 2148370))

for: simple_ranges
table 1 : explain SELECT c FROM sbtest1 WHERE id BETWEEN 316529 AND 316628
	Index Scan using sbtest1_pkey on sbtest1  (cost=0.43..403.36 rows=102 width=121)
	  Index Cond: ((id >= 316529) AND (id <= 316628))

table 2 : explain SELECT c FROM sbtest2 WHERE id BETWEEN 6785439 AND 6785538
	Index Scan using sbtest2_pkey on sbtest2  (cost=0.43..387.57 rows=98 width=121)
	  Index Cond: ((id >= 6785439) AND (id <= 6785538))

table 3 : explain SELECT c FROM sbtest3 WHERE id BETWEEN 8993293 AND 8993392
	Index Scan using sbtest3_pkey on sbtest3  (cost=0.43..427.61 rows=108 width=121)
	  Index Cond: ((id >= 8993293) AND (id <= 8993392))

table 4 : explain SELECT c FROM sbtest4 WHERE id BETWEEN 7427137 AND 7427236
	Index Scan using sbtest4_pkey on sbtest4  (cost=0.43..365.25 rows=92 width=121)
	  Index Cond: ((id >= 7427137) AND (id <= 7427236))

table 5 : explain SELECT c FROM sbtest5 WHERE id BETWEEN 958006 AND 958105
	Index Scan using sbtest5_pkey on sbtest5  (cost=0.43..392.90 rows=99 width=121)
	  Index Cond: ((id >= 958006) AND (id <= 958105))

table 6 : explain SELECT c FROM sbtest6 WHERE id BETWEEN 1034626 AND 1034725
	Index Scan using sbtest6_pkey on sbtest6  (cost=0.43..419.92 rows=106 width=121)
	  Index Cond: ((id >= 1034626) AND (id <= 1034725))

table 7 : explain SELECT c FROM sbtest7 WHERE id BETWEEN 6226750 AND 6226849
	Index Scan using sbtest7_pkey on sbtest7  (cost=0.43..368.81 rows=93 width=121)
	  Index Cond: ((id >= 6226750) AND (id <= 6226849))

table 8 : explain SELECT c FROM sbtest8 WHERE id BETWEEN 7313733 AND 7313832
	Index Scan using sbtest8_pkey on sbtest8  (cost=0.43..408.62 rows=103 width=121)
	  Index Cond: ((id >= 7313733) AND (id <= 7313832))

for: simple_ranges
table 1 : explain SELECT c FROM sbtest1 WHERE id BETWEEN 2831208 AND 2831307
	Index Scan using sbtest1_pkey on sbtest1  (cost=0.43..411.17 rows=104 width=121)
	  Index Cond: ((id >= 2831208) AND (id <= 2831307))

table 2 : explain SELECT c FROM sbtest2 WHERE id BETWEEN 9083791 AND 9083890
	Index Scan using sbtest2_pkey on sbtest2  (cost=0.43..391.47 rows=99 width=121)
	  Index Cond: ((id >= 9083791) AND (id <= 9083890))

table 3 : explain SELECT c FROM sbtest3 WHERE id BETWEEN 3942464 AND 3942563
	Index Scan using sbtest3_pkey on sbtest3  (cost=0.43..388.44 rows=98 width=121)
	  Index Cond: ((id >= 3942464) AND (id <= 3942563))

table 4 : explain SELECT c FROM sbtest4 WHERE id BETWEEN 8216420 AND 8216519
	Index Scan using sbtest4_pkey on sbtest4  (cost=0.43..377.01 rows=95 width=121)
	  Index Cond: ((id >= 8216420) AND (id <= 8216519))

table 5 : explain SELECT c FROM sbtest5 WHERE id BETWEEN 6493299 AND 6493398
	Index Scan using sbtest5_pkey on sbtest5  (cost=0.43..377.21 rows=95 width=121)
	  Index Cond: ((id >= 6493299) AND (id <= 6493398))

table 6 : explain SELECT c FROM sbtest6 WHERE id BETWEEN 5538883 AND 5538982
	Index Scan using sbtest6_pkey on sbtest6  (cost=0.43..404.25 rows=102 width=121)
	  Index Cond: ((id >= 5538883) AND (id <= 5538982))

table 7 : explain SELECT c FROM sbtest7 WHERE id BETWEEN 9891167 AND 9891266
	Index Scan using sbtest7_pkey on sbtest7  (cost=0.43..439.29 rows=111 width=121)
	  Index Cond: ((id >= 9891167) AND (id <= 9891266))

table 8 : explain SELECT c FROM sbtest8 WHERE id BETWEEN 1895517 AND 1895616
	Index Scan using sbtest8_pkey on sbtest8  (cost=0.43..385.08 rows=97 width=121)
	  Index Cond: ((id >= 1895517) AND (id <= 1895616))

for: sum_ranges
table 1 : explain SELECT SUM(k) FROM sbtest1 WHERE id BETWEEN 6589642 AND 6589741
	Aggregate  (cost=360.56..360.57 rows=1 width=8)
	  ->  Index Scan using sbtest1_pkey on sbtest1  (cost=0.43..360.33 rows=91 width=4)
	        Index Cond: ((id >= 6589642) AND (id <= 6589741))

table 2 : explain SELECT SUM(k) FROM sbtest2 WHERE id BETWEEN 4913976 AND 4914075
	Aggregate  (cost=360.41..360.42 rows=1 width=8)
	  ->  Index Scan using sbtest2_pkey on sbtest2  (cost=0.43..360.18 rows=91 width=4)
	        Index Cond: ((id >= 4913976) AND (id <= 4914075))

table 3 : explain SELECT SUM(k) FROM sbtest3 WHERE id BETWEEN 1631951 AND 1632050
	Aggregate  (cost=388.69..388.70 rows=1 width=8)
	  ->  Index Scan using sbtest3_pkey on sbtest3  (cost=0.43..388.44 rows=98 width=4)
	        Index Cond: ((id >= 1631951) AND (id <= 1632050))

table 4 : explain SELECT SUM(k) FROM sbtest4 WHERE id BETWEEN 1953915 AND 1954014
	Aggregate  (cost=443.93..443.94 rows=1 width=8)
	  ->  Index Scan using sbtest4_pkey on sbtest4  (cost=0.43..443.65 rows=112 width=4)
	        Index Cond: ((id >= 1953915) AND (id <= 1954014))

table 5 : explain SELECT SUM(k) FROM sbtest5 WHERE id BETWEEN 9121670 AND 9121769
	Aggregate  (cost=397.07..397.08 rows=1 width=8)
	  ->  Index Scan using sbtest5_pkey on sbtest5  (cost=0.43..396.82 rows=100 width=4)
	        Index Cond: ((id >= 9121670) AND (id <= 9121769))

table 6 : explain SELECT SUM(k) FROM sbtest6 WHERE id BETWEEN 3181989 AND 3182088
	Aggregate  (cost=392.74..392.75 rows=1 width=8)
	  ->  Index Scan using sbtest6_pkey on sbtest6  (cost=0.43..392.50 rows=99 width=4)
	        Index Cond: ((id >= 3181989) AND (id <= 3182088))

table 7 : explain SELECT SUM(k) FROM sbtest7 WHERE id BETWEEN 9665316 AND 9665415
	Aggregate  (cost=396.47..396.48 rows=1 width=8)
	  ->  Index Scan using sbtest7_pkey on sbtest7  (cost=0.43..396.22 rows=100 width=4)
	        Index Cond: ((id >= 9665316) AND (id <= 9665415))

table 8 : explain SELECT SUM(k) FROM sbtest8 WHERE id BETWEEN 2028247 AND 2028346
	Aggregate  (cost=408.88..408.89 rows=1 width=8)
	  ->  Index Scan using sbtest8_pkey on sbtest8  (cost=0.43..408.62 rows=103 width=4)
	        Index Cond: ((id >= 2028247) AND (id <= 2028346))

explain: for point_selects :: explain SELECT c FROM sbtest%u WHERE id=%u
for: simple_ranges
table 1 : explain SELECT c FROM sbtest1 WHERE id BETWEEN 365009 AND 365108
	Index Scan using sbtest1_pkey on sbtest1  (cost=0.43..403.36 rows=102 width=121)
	  Index Cond: ((id >= 365009) AND (id <= 365108))

table 2 : explain SELECT c FROM sbtest2 WHERE id BETWEEN 5291097 AND 5291196
	Index Scan using sbtest2_pkey on sbtest2  (cost=0.43..371.91 rows=94 width=121)
	  Index Cond: ((id >= 5291097) AND (id <= 5291196))

table 3 : explain SELECT c FROM sbtest3 WHERE id BETWEEN 2521995 AND 2522094
	Index Scan using sbtest3_pkey on sbtest3  (cost=0.43..396.28 rows=100 width=121)
	  Index Cond: ((id >= 2521995) AND (id <= 2522094))

table 4 : explain SELECT c FROM sbtest4 WHERE id BETWEEN 5425393 AND 5425492
	Index Scan using sbtest4_pkey on sbtest4  (cost=0.43..400.53 rows=101 width=121)
	  Index Cond: ((id >= 5425393) AND (id <= 5425492))

table 5 : explain SELECT c FROM sbtest5 WHERE id BETWEEN 6913837 AND 6913936
	Index Scan using sbtest5_pkey on sbtest5  (cost=0.43..432.12 rows=109 width=121)
	  Index Cond: ((id >= 6913837) AND (id <= 6913936))

table 6 : explain SELECT c FROM sbtest6 WHERE id BETWEEN 5531277 AND 5531376
	Index Scan using sbtest6_pkey on sbtest6  (cost=0.43..404.25 rows=102 width=121)
	  Index Cond: ((id >= 5531277) AND (id <= 5531376))

table 7 : explain SELECT c FROM sbtest7 WHERE id BETWEEN 8721351 AND 8721450
	Index Scan using sbtest7_pkey on sbtest7  (cost=0.43..368.81 rows=93 width=121)
	  Index Cond: ((id >= 8721351) AND (id <= 8721450))

table 8 : explain SELECT c FROM sbtest8 WHERE id BETWEEN 6852515 AND 6852614
	Index Scan using sbtest8_pkey on sbtest8  (cost=0.43..385.08 rows=97 width=121)
	  Index Cond: ((id >= 6852515) AND (id <= 6852614))

for: sum_ranges
table 1 : explain SELECT SUM(k) FROM sbtest1 WHERE id BETWEEN 6979597 AND 6979696
	Aggregate  (cost=446.64..446.65 rows=1 width=8)
	  ->  Index Scan using sbtest1_pkey on sbtest1  (cost=0.43..446.36 rows=113 width=4)
	        Index Cond: ((id >= 6979597) AND (id <= 6979696))

table 2 : explain SELECT SUM(k) FROM sbtest2 WHERE id BETWEEN 5137444 AND 5137543
	Aggregate  (cost=395.63..395.64 rows=1 width=8)
	  ->  Index Scan using sbtest2_pkey on sbtest2  (cost=0.43..395.38 rows=100 width=4)
	        Index Cond: ((id >= 5137444) AND (id <= 5137543))

table 3 : explain SELECT SUM(k) FROM sbtest3 WHERE id BETWEEN 3963775 AND 3963874
	Aggregate  (cost=388.69..388.70 rows=1 width=8)
	  ->  Index Scan using sbtest3_pkey on sbtest3  (cost=0.43..388.44 rows=98 width=4)
	        Index Cond: ((id >= 3963775) AND (id <= 3963874))

table 4 : explain SELECT SUM(k) FROM sbtest4 WHERE id BETWEEN 1460577 AND 1460676
	Aggregate  (cost=412.55..412.56 rows=1 width=8)
	  ->  Index Scan using sbtest4_pkey on sbtest4  (cost=0.43..412.29 rows=104 width=4)
	        Index Cond: ((id >= 1460577) AND (id <= 1460676))

table 5 : explain SELECT SUM(k) FROM sbtest5 WHERE id BETWEEN 7488704 AND 7488803
	Aggregate  (cost=377.45..377.46 rows=1 width=8)
	  ->  Index Scan using sbtest5_pkey on sbtest5  (cost=0.43..377.21 rows=95 width=4)
	        Index Cond: ((id >= 7488704) AND (id <= 7488803))

table 6 : explain SELECT SUM(k) FROM sbtest6 WHERE id BETWEEN 3376817 AND 3376916
	Aggregate  (cost=380.98..380.99 rows=1 width=8)
	  ->  Index Scan using sbtest6_pkey on sbtest6  (cost=0.43..380.74 rows=96 width=4)
	        Index Cond: ((id >= 3376817) AND (id <= 3376916))

table 7 : explain SELECT SUM(k) FROM sbtest7 WHERE id BETWEEN 4248075 AND 4248174
	Aggregate  (cost=388.63..388.64 rows=1 width=8)
	  ->  Index Scan using sbtest7_pkey on sbtest7  (cost=0.43..388.39 rows=98 width=4)
	        Index Cond: ((id >= 4248075) AND (id <= 4248174))

table 8 : explain SELECT SUM(k) FROM sbtest8 WHERE id BETWEEN 855114 AND 855213
	Aggregate  (cost=412.80..412.81 rows=1 width=8)
	  ->  Index Scan using sbtest8_pkey on sbtest8  (cost=0.43..412.54 rows=104 width=4)
	        Index Cond: ((id >= 855114) AND (id <= 855213))

for point_selects
table 1 : explain SELECT c FROM sbtest1 WHERE id=3580350
	Index Scan using sbtest1_pkey on sbtest1  (cost=0.43..8.45 rows=1 width=121)
	  Index Cond: (id = 3580350)

table 2 : explain SELECT c FROM sbtest2 WHERE id=7828170
	Index Scan using sbtest2_pkey on sbtest2  (cost=0.43..8.45 rows=1 width=121)
	  Index Cond: (id = 7828170)

table 3 : explain SELECT c FROM sbtest3 WHERE id=1575005
	Index Scan using sbtest3_pkey on sbtest3  (cost=0.43..8.45 rows=1 width=121)
	  Index Cond: (id = 1575005)

table 4 : explain SELECT c FROM sbtest4 WHERE id=9104614
	Index Scan using sbtest4_pkey on sbtest4  (cost=0.43..8.45 rows=1 width=121)
	  Index Cond: (id = 9104614)

table 5 : explain SELECT c FROM sbtest5 WHERE id=7558450
	Index Scan using sbtest5_pkey on sbtest5  (cost=0.43..8.45 rows=1 width=121)
	  Index Cond: (id = 7558450)

table 6 : explain SELECT c FROM sbtest6 WHERE id=902853
	Index Scan using sbtest6_pkey on sbtest6  (cost=0.43..8.45 rows=1 width=121)
	  Index Cond: (id = 902853)

table 7 : explain SELECT c FROM sbtest7 WHERE id=5242241
	Index Scan using sbtest7_pkey on sbtest7  (cost=0.43..8.45 rows=1 width=121)
	  Index Cond: (id = 5242241)

table 8 : explain SELECT c FROM sbtest8 WHERE id=3922937
	Index Scan using sbtest8_pkey on sbtest8  (cost=0.43..8.45 rows=1 width=121)
	  Index Cond: (id = 3922937)

for point_selects
table 1 : explain SELECT c FROM sbtest1 WHERE id=9527218
	Index Scan using sbtest1_pkey on sbtest1  (cost=0.43..8.45 rows=1 width=121)
	  Index Cond: (id = 9527218)

table 2 : explain SELECT c FROM sbtest2 WHERE id=5325145
	Index Scan using sbtest2_pkey on sbtest2  (cost=0.43..8.45 rows=1 width=121)
	  Index Cond: (id = 5325145)

table 3 : explain SELECT c FROM sbtest3 WHERE id=4850853
	Index Scan using sbtest3_pkey on sbtest3  (cost=0.43..8.45 rows=1 width=121)
	  Index Cond: (id = 4850853)

table 4 : explain SELECT c FROM sbtest4 WHERE id=8984975
	Index Scan using sbtest4_pkey on sbtest4  (cost=0.43..8.45 rows=1 width=121)
	  Index Cond: (id = 8984975)

table 5 : explain SELECT c FROM sbtest5 WHERE id=2992914
	Index Scan using sbtest5_pkey on sbtest5  (cost=0.43..8.45 rows=1 width=121)
	  Index Cond: (id = 2992914)

table 6 : explain SELECT c FROM sbtest6 WHERE id=8157624
	Index Scan using sbtest6_pkey on sbtest6  (cost=0.43..8.45 rows=1 width=121)
	  Index Cond: (id = 8157624)

table 7 : explain SELECT c FROM sbtest7 WHERE id=1350681
	Index Scan using sbtest7_pkey on sbtest7  (cost=0.43..8.45 rows=1 width=121)
	  Index Cond: (id = 1350681)

table 8 : explain SELECT c FROM sbtest8 WHERE id=4523727
	Index Scan using sbtest8_pkey on sbtest8  (cost=0.43..8.45 rows=1 width=121)
	  Index Cond: (id = 4523727)

for: distinct_ranges
table 1 : explain SELECT DISTINCT c FROM sbtest1 WHERE id BETWEEN 7588984 AND 7589083 ORDER BY c
	Unique  (cost=387.01..387.50 rows=97 width=121)
	  ->  Sort  (cost=387.01..387.25 rows=97 width=121)
	        Sort Key: c
	        ->  Index Scan using sbtest1_pkey on sbtest1  (cost=0.43..383.81 rows=97 width=121)
	              Index Cond: ((id >= 7588984) AND (id <= 7589083))

table 2 : explain SELECT DISTINCT c FROM sbtest2 WHERE id BETWEEN 707471 AND 707570 ORDER BY c
	Unique  (cost=386.83..387.32 rows=97 width=121)
	  ->  Sort  (cost=386.83..387.07 rows=97 width=121)
	        Sort Key: c
	        ->  Index Scan using sbtest2_pkey on sbtest2  (cost=0.43..383.63 rows=97 width=121)
	              Index Cond: ((id >= 707471) AND (id <= 707570))

table 3 : explain SELECT DISTINCT c FROM sbtest3 WHERE id BETWEEN 1704126 AND 1704225 ORDER BY c
	Unique  (cost=391.68..392.17 rows=98 width=121)
	  ->  Sort  (cost=391.68..391.93 rows=98 width=121)
	        Sort Key: c
	        ->  Index Scan using sbtest3_pkey on sbtest3  (cost=0.43..388.44 rows=98 width=121)
	              Index Cond: ((id >= 1704126) AND (id <= 1704225))

table 4 : explain SELECT DISTINCT c FROM sbtest4 WHERE id BETWEEN 7783894 AND 7783993 ORDER BY c
	Unique  (cost=427.66..428.19 rows=107 width=121)
	  ->  Sort  (cost=427.66..427.92 rows=107 width=121)
	        Sort Key: c
	        ->  Index Scan using sbtest4_pkey on sbtest4  (cost=0.43..424.05 rows=107 width=121)
	              Index Cond: ((id >= 7783894) AND (id <= 7783993))

table 5 : explain SELECT DISTINCT c FROM sbtest5 WHERE id BETWEEN 4111882 AND 4111981 ORDER BY c
	Unique  (cost=400.15..400.65 rows=100 width=121)
	  ->  Sort  (cost=400.15..400.40 rows=100 width=121)
	        Sort Key: c
	        ->  Index Scan using sbtest5_pkey on sbtest5  (cost=0.43..396.82 rows=100 width=121)
	              Index Cond: ((id >= 4111882) AND (id <= 4111981))

table 6 : explain SELECT DISTINCT c FROM sbtest6 WHERE id BETWEEN 4431671 AND 4431770 ORDER BY c
	Unique  (cost=387.86..388.35 rows=97 width=121)
	  ->  Sort  (cost=387.86..388.10 rows=97 width=121)
	        Sort Key: c
	        ->  Index Scan using sbtest6_pkey on sbtest6  (cost=0.43..384.66 rows=97 width=121)
	              Index Cond: ((id >= 4431671) AND (id <= 4431770))

table 7 : explain SELECT DISTINCT c FROM sbtest7 WHERE id BETWEEN 29749 AND 29848 ORDER BY c
	Unique  (cost=415.37..415.89 rows=104 width=121)
	  ->  Sort  (cost=415.37..415.63 rows=104 width=121)
	        Sort Key: c
	        ->  Index Scan using sbtest7_pkey on sbtest7  (cost=0.43..411.88 rows=104 width=121)
	              Index Cond: ((id >= 29749) AND (id <= 29848))

table 8 : explain SELECT DISTINCT c FROM sbtest8 WHERE id BETWEEN 522472 AND 522571 ORDER BY c
	Unique  (cost=360.52..360.97 rows=90 width=121)
	  ->  Sort  (cost=360.52..360.75 rows=90 width=121)
	        Sort Key: c
	        ->  Index Scan using sbtest8_pkey on sbtest8  (cost=0.43..357.60 rows=90 width=121)
	              Index Cond: ((id >= 522472) AND (id <= 522571))

for: sum_ranges
table 1 : explain SELECT SUM(k) FROM sbtest1 WHERE id BETWEEN 5428755 AND 5428854
	Aggregate  (cost=391.88..391.89 rows=1 width=8)
	  ->  Index Scan using sbtest1_pkey on sbtest1  (cost=0.43..391.63 rows=99 width=4)
	        Index Cond: ((id >= 5428755) AND (id <= 5428854))

table 2 : explain SELECT SUM(k) FROM sbtest2 WHERE id BETWEEN 342751 AND 342850
	Aggregate  (cost=450.37..450.38 rows=1 width=8)
	  ->  Index Scan using sbtest2_pkey on sbtest2  (cost=0.43..450.08 rows=114 width=4)
	        Index Cond: ((id >= 342751) AND (id <= 342850))

table 3 : explain SELECT SUM(k) FROM sbtest3 WHERE id BETWEEN 2455859 AND 2455958
	Aggregate  (cost=396.53..396.54 rows=1 width=8)
	  ->  Index Scan using sbtest3_pkey on sbtest3  (cost=0.43..396.28 rows=100 width=4)
	        Index Cond: ((id >= 2455859) AND (id <= 2455958))

table 4 : explain SELECT SUM(k) FROM sbtest4 WHERE id BETWEEN 4127522 AND 4127621
	Aggregate  (cost=412.55..412.56 rows=1 width=8)
	  ->  Index Scan using sbtest4_pkey on sbtest4  (cost=0.43..412.29 rows=104 width=4)
	        Index Cond: ((id >= 4127522) AND (id <= 4127621))

table 5 : explain SELECT SUM(k) FROM sbtest5 WHERE id BETWEEN 8482873 AND 8482972
	Aggregate  (cost=408.85..408.86 rows=1 width=8)
	  ->  Index Scan using sbtest5_pkey on sbtest5  (cost=0.43..408.59 rows=103 width=4)
	        Index Cond: ((id >= 8482873) AND (id <= 8482972))

table 6 : explain SELECT SUM(k) FROM sbtest6 WHERE id BETWEEN 6197509 AND 6197608
	Aggregate  (cost=373.12..373.13 rows=1 width=8)
	  ->  Index Scan using sbtest6_pkey on sbtest6  (cost=0.43..372.88 rows=94 width=4)
	        Index Cond: ((id >= 6197509) AND (id <= 6197608))

table 7 : explain SELECT SUM(k) FROM sbtest7 WHERE id BETWEEN 8780758 AND 8780857
	Aggregate  (cost=369.04..369.05 rows=1 width=8)
	  ->  Index Scan using sbtest7_pkey on sbtest7  (cost=0.43..368.81 rows=93 width=4)
	        Index Cond: ((id >= 8780758) AND (id <= 8780857))

table 8 : explain SELECT SUM(k) FROM sbtest8 WHERE id BETWEEN 9038559 AND 9038658
	Aggregate  (cost=377.45..377.46 rows=1 width=8)
	  ->  Index Scan using sbtest8_pkey on sbtest8  (cost=0.43..377.22 rows=95 width=4)
	        Index Cond: ((id >= 9038559) AND (id <= 9038658))

for: sum_ranges
table 1 : explain SELECT SUM(k) FROM sbtest1 WHERE id BETWEEN 3448694 AND 3448793
	Aggregate  (cost=380.14..380.15 rows=1 width=8)
	  ->  Index Scan using sbtest1_pkey on sbtest1  (cost=0.43..379.90 rows=96 width=4)
	        Index Cond: ((id >= 3448694) AND (id <= 3448793))

table 2 : explain SELECT SUM(k) FROM sbtest2 WHERE id BETWEEN 3967582 AND 3967681
	Aggregate  (cost=376.05..376.06 rows=1 width=8)
	  ->  Index Scan using sbtest2_pkey on sbtest2  (cost=0.43..375.81 rows=95 width=4)
	        Index Cond: ((id >= 3967582) AND (id <= 3967681))

table 3 : explain SELECT SUM(k) FROM sbtest3 WHERE id BETWEEN 949237 AND 949336
	Aggregate  (cost=435.72..435.73 rows=1 width=8)
	  ->  Index Scan using sbtest3_pkey on sbtest3  (cost=0.43..435.44 rows=110 width=4)
	        Index Cond: ((id >= 949237) AND (id <= 949336))

table 4 : explain SELECT SUM(k) FROM sbtest4 WHERE id BETWEEN 7248634 AND 7248733
	Aggregate  (cost=361.56..361.57 rows=1 width=8)
	  ->  Index Scan using sbtest4_pkey on sbtest4  (cost=0.43..361.33 rows=91 width=4)
	        Index Cond: ((id >= 7248634) AND (id <= 7248733))

table 5 : explain SELECT SUM(k) FROM sbtest5 WHERE id BETWEEN 7668597 AND 7668696
	Aggregate  (cost=385.30..385.31 rows=1 width=8)
	  ->  Index Scan using sbtest5_pkey on sbtest5  (cost=0.43..385.06 rows=97 width=4)
	        Index Cond: ((id >= 7668597) AND (id <= 7668696))

table 6 : explain SELECT SUM(k) FROM sbtest6 WHERE id BETWEEN 841023 AND 841122
	Aggregate  (cost=396.66..396.67 rows=1 width=8)
	  ->  Index Scan using sbtest6_pkey on sbtest6  (cost=0.43..396.41 rows=100 width=4)
	        Index Cond: ((id >= 841023) AND (id <= 841122))

table 7 : explain SELECT SUM(k) FROM sbtest7 WHERE id BETWEEN 6698101 AND 6698200
	Aggregate  (cost=384.71..384.72 rows=1 width=8)
	  ->  Index Scan using sbtest7_pkey on sbtest7  (cost=0.43..384.47 rows=97 width=4)
	        Index Cond: ((id >= 6698101) AND (id <= 6698200))

table 8 : explain SELECT SUM(k) FROM sbtest8 WHERE id BETWEEN 7680083 AND 7680182
	Aggregate  (cost=408.88..408.89 rows=1 width=8)
	  ->  Index Scan using sbtest8_pkey on sbtest8  (cost=0.43..408.62 rows=103 width=4)
	        Index Cond: ((id >= 7680083) AND (id <= 7680182))

for: order_ranges
table 1 : explain SELECT c FROM sbtest1 WHERE id BETWEEN 9394994 AND 9395093 ORDER BY c
	Sort  (cost=398.86..399.11 rows=100 width=121)
	  Sort Key: c
	  ->  Index Scan using sbtest1_pkey on sbtest1  (cost=0.43..395.54 rows=100 width=121)
	        Index Cond: ((id >= 9394994) AND (id <= 9395093))

table 2 : explain SELECT c FROM sbtest2 WHERE id BETWEEN 3854463 AND 3854562 ORDER BY c
	Sort  (cost=434.24..434.51 rows=109 width=121)
	  Sort Key: c
	  ->  Index Scan using sbtest2_pkey on sbtest2  (cost=0.43..430.55 rows=109 width=121)
	        Index Cond: ((id >= 3854463) AND (id <= 3854562))

table 3 : explain SELECT c FROM sbtest3 WHERE id BETWEEN 6937194 AND 6937293 ORDER BY c
	Sort  (cost=419.38..419.65 rows=105 width=121)
	  Sort Key: c
	  ->  Index Scan using sbtest3_pkey on sbtest3  (cost=0.43..415.86 rows=105 width=121)
	        Index Cond: ((id >= 6937194) AND (id <= 6937293))

table 4 : explain SELECT c FROM sbtest4 WHERE id BETWEEN 7650799 AND 7650898 ORDER BY c
	Sort  (cost=423.70..423.96 rows=106 width=121)
	  Sort Key: c
	  ->  Index Scan using sbtest4_pkey on sbtest4  (cost=0.43..420.13 rows=106 width=121)
	        Index Cond: ((id >= 7650799) AND (id <= 7650898))

table 5 : explain SELECT c FROM sbtest5 WHERE id BETWEEN 8550870 AND 8550969 ORDER BY c
	Sort  (cost=419.96..420.22 rows=105 width=121)
	  Sort Key: c
	  ->  Index Scan using sbtest5_pkey on sbtest5  (cost=0.43..416.44 rows=105 width=121)
	        Index Cond: ((id >= 8550870) AND (id <= 8550969))

table 6 : explain SELECT c FROM sbtest6 WHERE id BETWEEN 6585534 AND 6585633 ORDER BY c
	Sort  (cost=368.05..368.28 rows=92 width=121)
	  Sort Key: c
	  ->  Index Scan using sbtest6_pkey on sbtest6  (cost=0.43..365.04 rows=92 width=121)
	        Index Cond: ((id >= 6585534) AND (id <= 6585633))

table 7 : explain SELECT c FROM sbtest7 WHERE id BETWEEN 9703101 AND 9703200 ORDER BY c
	Sort  (cost=371.85..372.08 rows=93 width=121)
	  Sort Key: c
	  ->  Index Scan using sbtest7_pkey on sbtest7  (cost=0.43..368.81 rows=93 width=121)
	        Index Cond: ((id >= 9703101) AND (id <= 9703200))

table 8 : explain SELECT c FROM sbtest8 WHERE id BETWEEN 1281833 AND 1281932 ORDER BY c
	Sort  (cost=408.10..408.35 rows=102 width=121)
	  Sort Key: c
	  ->  Index Scan using sbtest8_pkey on sbtest8  (cost=0.43..404.70 rows=102 width=121)
	        Index Cond: ((id >= 1281833) AND (id <= 1281932))

explain: for point_selects :: explain SELECT c FROM sbtest%u WHERE id=%u
explain: for point_selects :: explain SELECT c FROM sbtest%u WHERE id=%u
explain: for point_selects :: explain SELECT c FROM sbtest%u WHERE id=%u
explain: for point_selects :: explain SELECT c FROM sbtest%u WHERE id=%u
explain: for point_selects :: explain SELECT c FROM sbtest%u WHERE id=%u
explain: for point_selects :: explain SELECT c FROM sbtest%u WHERE id=%u
for: sum_ranges
table 1 : explain SELECT SUM(k) FROM sbtest1 WHERE id BETWEEN 8340013 AND 8340112
	Aggregate  (cost=481.84..481.85 rows=1 width=8)
	  ->  Index Scan using sbtest1_pkey on sbtest1  (cost=0.43..481.54 rows=122 width=4)
	        Index Cond: ((id >= 8340013) AND (id <= 8340112))

table 2 : explain SELECT SUM(k) FROM sbtest2 WHERE id BETWEEN 1949310 AND 1949409
	Aggregate  (cost=438.64..438.65 rows=1 width=8)
	  ->  Index Scan using sbtest2_pkey on sbtest2  (cost=0.43..438.36 rows=111 width=4)
	        Index Cond: ((id >= 1949310) AND (id <= 1949409))

table 3 : explain SELECT SUM(k) FROM sbtest3 WHERE id BETWEEN 1235469 AND 1235568
	Aggregate  (cost=396.53..396.54 rows=1 width=8)
	  ->  Index Scan using sbtest3_pkey on sbtest3  (cost=0.43..396.28 rows=100 width=4)
	        Index Cond: ((id >= 1235469) AND (id <= 1235568))

table 4 : explain SELECT SUM(k) FROM sbtest4 WHERE id BETWEEN 8879715 AND 8879814
	Aggregate  (cost=408.63..408.64 rows=1 width=8)
	  ->  Index Scan using sbtest4_pkey on sbtest4  (cost=0.43..408.37 rows=103 width=4)
	        Index Cond: ((id >= 8879715) AND (id <= 8879814))

table 5 : explain SELECT SUM(k) FROM sbtest5 WHERE id BETWEEN 9022015 AND 9022114
	Aggregate  (cost=420.62..420.63 rows=1 width=8)
	  ->  Index Scan using sbtest5_pkey on sbtest5  (cost=0.43..420.36 rows=106 width=4)
	        Index Cond: ((id >= 9022015) AND (id <= 9022114))

table 6 : explain SELECT SUM(k) FROM sbtest6 WHERE id BETWEEN 372237 AND 372336
	Aggregate  (cost=416.27..416.28 rows=1 width=8)
	  ->  Index Scan using sbtest6_pkey on sbtest6  (cost=0.43..416.00 rows=105 width=4)
	        Index Cond: ((id >= 372237) AND (id <= 372336))

table 7 : explain SELECT SUM(k) FROM sbtest7 WHERE id BETWEEN 9518790 AND 9518889
	Aggregate  (cost=427.82..427.83 rows=1 width=8)
	  ->  Index Scan using sbtest7_pkey on sbtest7  (cost=0.43..427.55 rows=108 width=4)
	        Index Cond: ((id >= 9518790) AND (id <= 9518889))

table 8 : explain SELECT SUM(k) FROM sbtest8 WHERE id BETWEEN 3595750 AND 3595849
	Aggregate  (cost=424.58..424.59 rows=1 width=8)
	  ->  Index Scan using sbtest8_pkey on sbtest8  (cost=0.43..424.31 rows=107 width=4)
	        Index Cond: ((id >= 3595750) AND (id <= 3595849))

for: simple_ranges
table 1 : explain SELECT c FROM sbtest1 WHERE id BETWEEN 7544317 AND 7544416
	Index Scan using sbtest1_pkey on sbtest1  (cost=0.43..383.81 rows=97 width=121)
	  Index Cond: ((id >= 7544317) AND (id <= 7544416))

table 2 : explain SELECT c FROM sbtest2 WHERE id BETWEEN 7856245 AND 7856344
	Index Scan using sbtest2_pkey on sbtest2  (cost=0.43..434.45 rows=110 width=121)
	  Index Cond: ((id >= 7856245) AND (id <= 7856344))

table 3 : explain SELECT c FROM sbtest3 WHERE id BETWEEN 1732722 AND 1732821
	Index Scan using sbtest3_pkey on sbtest3  (cost=0.43..364.94 rows=92 width=121)
	  Index Cond: ((id >= 1732722) AND (id <= 1732821))

table 4 : explain SELECT c FROM sbtest4 WHERE id BETWEEN 283834 AND 283933
	Index Scan using sbtest4_pkey on sbtest4  (cost=0.43..392.69 rows=99 width=121)
	  Index Cond: ((id >= 283834) AND (id <= 283933))

table 5 : explain SELECT c FROM sbtest5 WHERE id BETWEEN 6102542 AND 6102641
	Index Scan using sbtest5_pkey on sbtest5  (cost=0.43..400.75 rows=101 width=121)
	  Index Cond: ((id >= 6102542) AND (id <= 6102641))

table 6 : explain SELECT c FROM sbtest6 WHERE id BETWEEN 4863626 AND 4863725
	Index Scan using sbtest6_pkey on sbtest6  (cost=0.43..380.74 rows=96 width=121)
	  Index Cond: ((id >= 4863626) AND (id <= 4863725))

table 7 : explain SELECT c FROM sbtest7 WHERE id BETWEEN 4859509 AND 4859608
	Index Scan using sbtest7_pkey on sbtest7  (cost=0.43..392.30 rows=99 width=121)
	  Index Cond: ((id >= 4859509) AND (id <= 4859608))

table 8 : explain SELECT c FROM sbtest8 WHERE id BETWEEN 6535286 AND 6535385
	Index Scan using sbtest8_pkey on sbtest8  (cost=0.43..412.54 rows=104 width=121)
	  Index Cond: ((id >= 6535286) AND (id <= 6535385))

for: simple_ranges
table 1 : explain SELECT c FROM sbtest1 WHERE id BETWEEN 1350886 AND 1350985
	Index Scan using sbtest1_pkey on sbtest1  (cost=0.43..368.15 rows=93 width=121)
	  Index Cond: ((id >= 1350886) AND (id <= 1350985))

table 2 : explain SELECT c FROM sbtest2 WHERE id BETWEEN 957376 AND 957475
	Index Scan using sbtest2_pkey on sbtest2  (cost=0.43..450.08 rows=114 width=121)
	  Index Cond: ((id >= 957376) AND (id <= 957475))

table 3 : explain SELECT c FROM sbtest3 WHERE id BETWEEN 8930344 AND 8930443
	Index Scan using sbtest3_pkey on sbtest3  (cost=0.43..427.61 rows=108 width=121)
	  Index Cond: ((id >= 8930344) AND (id <= 8930443))

table 4 : explain SELECT c FROM sbtest4 WHERE id BETWEEN 2860969 AND 2861068
	Index Scan using sbtest4_pkey on sbtest4  (cost=0.43..396.61 rows=100 width=121)
	  Index Cond: ((id >= 2860969) AND (id <= 2861068))

table 5 : explain SELECT c FROM sbtest5 WHERE id BETWEEN 2934675 AND 2934774
	Index Scan using sbtest5_pkey on sbtest5  (cost=0.43..369.37 rows=93 width=121)
	  Index Cond: ((id >= 2934675) AND (id <= 2934774))

table 6 : explain SELECT c FROM sbtest6 WHERE id BETWEEN 5643834 AND 5643933
	Index Scan using sbtest6_pkey on sbtest6  (cost=0.43..396.41 rows=100 width=121)
	  Index Cond: ((id >= 5643834) AND (id <= 5643933))

table 7 : explain SELECT c FROM sbtest7 WHERE id BETWEEN 183569 AND 183668
	Index Scan using sbtest7_pkey on sbtest7  (cost=0.43..380.55 rows=96 width=121)
	  Index Cond: ((id >= 183569) AND (id <= 183668))

table 8 : explain SELECT c FROM sbtest8 WHERE id BETWEEN 1842978 AND 1843077
	Index Scan using sbtest8_pkey on sbtest8  (cost=0.43..400.77 rows=101 width=121)
	  Index Cond: ((id >= 1842978) AND (id <= 1843077))

for: order_ranges
table 1 : explain SELECT c FROM sbtest1 WHERE id BETWEEN 4416366 AND 4416465 ORDER BY c
	Sort  (cost=383.06..383.30 rows=96 width=121)
	  Sort Key: c
	  ->  Index Scan using sbtest1_pkey on sbtest1  (cost=0.43..379.90 rows=96 width=121)
	        Index Cond: ((id >= 4416366) AND (id <= 4416465))

table 2 : explain SELECT c FROM sbtest2 WHERE id BETWEEN 4327351 AND 4327450 ORDER BY c
	Sort  (cost=406.60..406.85 rows=102 width=121)
	  Sort Key: c
	  ->  Index Scan using sbtest2_pkey on sbtest2  (cost=0.43..403.19 rows=102 width=121)
	        Index Cond: ((id >= 4327351) AND (id <= 4327450))

table 3 : explain SELECT c FROM sbtest3 WHERE id BETWEEN 1154484 AND 1154583 ORDER BY c
	Sort  (cost=379.81..380.05 rows=95 width=121)
	  Sort Key: c
	  ->  Index Scan using sbtest3_pkey on sbtest3  (cost=0.43..376.69 rows=95 width=121)
	        Index Cond: ((id >= 1154484) AND (id <= 1154583))

table 4 : explain SELECT c FROM sbtest4 WHERE id BETWEEN 6257251 AND 6257350 ORDER BY c
	Sort  (cost=376.17..376.41 rows=94 width=121)
	  Sort Key: c
	  ->  Index Scan using sbtest4_pkey on sbtest4  (cost=0.43..373.09 rows=94 width=121)
	        Index Cond: ((id >= 6257251) AND (id <= 6257350))

table 5 : explain SELECT c FROM sbtest5 WHERE id BETWEEN 4723287 AND 4723386 ORDER BY c
	Sort  (cost=392.22..392.47 rows=98 width=121)
	  Sort Key: c
	  ->  Index Scan using sbtest5_pkey on sbtest5  (cost=0.43..388.98 rows=98 width=121)
	        Index Cond: ((id >= 4723287) AND (id <= 4723386))

table 6 : explain SELECT c FROM sbtest6 WHERE id BETWEEN 102045 AND 102144 ORDER BY c
	Sort  (cost=375.96..376.20 rows=94 width=121)
	  Sort Key: c
	  ->  Index Scan using sbtest6_pkey on sbtest6  (cost=0.43..372.88 rows=94 width=121)
	        Index Cond: ((id >= 102045) AND (id <= 102144))

table 7 : explain SELECT c FROM sbtest7 WHERE id BETWEEN 2375995 AND 2376094 ORDER BY c
	Sort  (cost=407.45..407.71 rows=102 width=121)
	  Sort Key: c
	  ->  Index Scan using sbtest7_pkey on sbtest7  (cost=0.43..404.05 rows=102 width=121)
	        Index Cond: ((id >= 2375995) AND (id <= 2376094))

table 8 : explain SELECT c FROM sbtest8 WHERE id BETWEEN 1966379 AND 1966478 ORDER BY c
	Sort  (cost=412.06..412.32 rows=103 width=121)
	  Sort Key: c
	  ->  Index Scan using sbtest8_pkey on sbtest8  (cost=0.43..408.62 rows=103 width=121)
	        Index Cond: ((id >= 1966379) AND (id <= 1966478))

explain: for point_selects :: explain SELECT c FROM sbtest%u WHERE id=%u
for: order_ranges
table 1 : explain SELECT c FROM sbtest1 WHERE id BETWEEN 5613701 AND 5613800 ORDER BY c
	Sort  (cost=410.71..410.97 rows=103 width=121)
	  Sort Key: c
	  ->  Index Scan using sbtest1_pkey on sbtest1  (cost=0.43..407.27 rows=103 width=121)
	        Index Cond: ((id >= 5613701) AND (id <= 5613800))

table 2 : explain SELECT c FROM sbtest2 WHERE id BETWEEN 1738692 AND 1738791 ORDER BY c
	Sort  (cost=374.99..375.22 rows=94 width=121)
	  Sort Key: c
	  ->  Index Scan using sbtest2_pkey on sbtest2  (cost=0.43..371.91 rows=94 width=121)
	        Index Cond: ((id >= 1738692) AND (id <= 1738791))

table 3 : explain SELECT c FROM sbtest3 WHERE id BETWEEN 2324754 AND 2324853 ORDER BY c
	Sort  (cost=443.13..443.41 rows=111 width=121)
	  Sort Key: c
	  ->  Index Scan using sbtest3_pkey on sbtest3  (cost=0.43..439.36 rows=111 width=121)
	        Index Cond: ((id >= 2324754) AND (id <= 2324853))

table 4 : explain SELECT c FROM sbtest4 WHERE id BETWEEN 5424365 AND 5424464 ORDER BY c
	Sort  (cost=403.89..404.14 rows=101 width=121)
	  Sort Key: c
	  ->  Index Scan using sbtest4_pkey on sbtest4  (cost=0.43..400.53 rows=101 width=121)
	        Index Cond: ((id >= 5424365) AND (id <= 5424464))

table 5 : explain SELECT c FROM sbtest5 WHERE id BETWEEN 8124272 AND 8124371 ORDER BY c
	Sort  (cost=376.37..376.61 rows=94 width=121)
	  Sort Key: c
	  ->  Index Scan using sbtest5_pkey on sbtest5  (cost=0.43..373.29 rows=94 width=121)
	        Index Cond: ((id >= 8124272) AND (id <= 8124371))

table 6 : explain SELECT c FROM sbtest6 WHERE id BETWEEN 1938869 AND 1938968 ORDER BY c
	Sort  (cost=399.74..399.99 rows=100 width=121)
	  Sort Key: c
	  ->  Index Scan using sbtest6_pkey on sbtest6  (cost=0.43..396.41 rows=100 width=121)
	        Index Cond: ((id >= 1938869) AND (id <= 1938968))

table 7 : explain SELECT c FROM sbtest7 WHERE id BETWEEN 3811599 AND 3811698 ORDER BY c
	Sort  (cost=403.50..403.75 rows=101 width=121)
	  Sort Key: c
	  ->  Index Scan using sbtest7_pkey on sbtest7  (cost=0.43..400.13 rows=101 width=121)
	        Index Cond: ((id >= 3811599) AND (id <= 3811698))

table 8 : explain SELECT c FROM sbtest8 WHERE id BETWEEN 2605791 AND 2605890 ORDER BY c
	Sort  (cost=412.06..412.32 rows=103 width=121)
	  Sort Key: c
	  ->  Index Scan using sbtest8_pkey on sbtest8  (cost=0.43..408.62 rows=103 width=121)
	        Index Cond: ((id >= 2605791) AND (id <= 2605890))

for: order_ranges
table 1 : explain SELECT c FROM sbtest1 WHERE id BETWEEN 4683699 AND 4683798 ORDER BY c
	Sort  (cost=434.41..434.68 rows=109 width=121)
	  Sort Key: c
	  ->  Index Scan using sbtest1_pkey on sbtest1  (cost=0.43..430.72 rows=109 width=121)
	        Index Cond: ((id >= 4683699) AND (id <= 4683798))

table 2 : explain SELECT c FROM sbtest2 WHERE id BETWEEN 3185774 AND 3185873 ORDER BY c
	Sort  (cost=378.94..379.17 rows=95 width=121)
	  Sort Key: c
	  ->  Index Scan using sbtest2_pkey on sbtest2  (cost=0.43..375.81 rows=95 width=121)
	        Index Cond: ((id >= 3185774) AND (id <= 3185873))

table 3 : explain SELECT c FROM sbtest3 WHERE id BETWEEN 590832 AND 590931 ORDER BY c
	Sort  (cost=367.94..368.17 rows=92 width=121)
	  Sort Key: c
	  ->  Index Scan using sbtest3_pkey on sbtest3  (cost=0.43..364.94 rows=92 width=121)
	        Index Cond: ((id >= 590832) AND (id <= 590931))

table 4 : explain SELECT c FROM sbtest4 WHERE id BETWEEN 8159814 AND 8159913 ORDER BY c
	Sort  (cost=380.13..380.37 rows=95 width=121)
	  Sort Key: c
	  ->  Index Scan using sbtest4_pkey on sbtest4  (cost=0.43..377.01 rows=95 width=121)
	        Index Cond: ((id >= 8159814) AND (id <= 8159913))

table 5 : explain SELECT c FROM sbtest5 WHERE id BETWEEN 1059420 AND 1059519 ORDER BY c
	Sort  (cost=392.22..392.47 rows=98 width=121)
	  Sort Key: c
	  ->  Index Scan using sbtest5_pkey on sbtest5  (cost=0.43..388.98 rows=98 width=121)
	        Index Cond: ((id >= 1059420) AND (id <= 1059519))

table 6 : explain SELECT c FROM sbtest6 WHERE id BETWEEN 970084 AND 970183 ORDER BY c
	Sort  (cost=383.90..384.14 rows=96 width=121)
	  Sort Key: c
	  ->  Index Scan using sbtest6_pkey on sbtest6  (cost=0.43..380.74 rows=96 width=121)
	        Index Cond: ((id >= 970084) AND (id <= 970183))

table 7 : explain SELECT c FROM sbtest7 WHERE id BETWEEN 9915204 AND 9915303 ORDER BY c
	Sort  (cost=387.67..387.91 rows=97 width=121)
	  Sort Key: c
	  ->  Index Scan using sbtest7_pkey on sbtest7  (cost=0.43..384.47 rows=97 width=121)
	        Index Cond: ((id >= 9915204) AND (id <= 9915303))

table 8 : explain SELECT c FROM sbtest8 WHERE id BETWEEN 7436516 AND 7436615 ORDER BY c
	Sort  (cost=360.52..360.75 rows=90 width=121)
	  Sort Key: c
	  ->  Index Scan using sbtest8_pkey on sbtest8  (cost=0.43..357.60 rows=90 width=121)
	        Index Cond: ((id >= 7436516) AND (id <= 7436615))

for: order_ranges
table 1 : explain SELECT c FROM sbtest1 WHERE id BETWEEN 5808264 AND 5808363 ORDER BY c
	Sort  (cost=438.36..438.63 rows=110 width=121)
	  Sort Key: c
	  ->  Index Scan using sbtest1_pkey on sbtest1  (cost=0.43..434.63 rows=110 width=121)
	        Index Cond: ((id >= 5808264) AND (id <= 5808363))

table 2 : explain SELECT c FROM sbtest2 WHERE id BETWEEN 6813879 AND 6813978 ORDER BY c
	Sort  (cost=390.81..391.05 rows=98 width=121)
	  Sort Key: c
	  ->  Index Scan using sbtest2_pkey on sbtest2  (cost=0.43..387.57 rows=98 width=121)
	        Index Cond: ((id >= 6813879) AND (id <= 6813978))

table 3 : explain SELECT c FROM sbtest3 WHERE id BETWEEN 3043868 AND 3043967 ORDER BY c
	Sort  (cost=375.86..376.09 rows=94 width=121)
	  Sort Key: c
	  ->  Index Scan using sbtest3_pkey on sbtest3  (cost=0.43..372.78 rows=94 width=121)
	        Index Cond: ((id >= 3043868) AND (id <= 3043967))

table 4 : explain SELECT c FROM sbtest4 WHERE id BETWEEN 3512614 AND 3512713 ORDER BY c
	Sort  (cost=407.85..408.11 rows=102 width=121)
	  Sort Key: c
	  ->  Index Scan using sbtest4_pkey on sbtest4  (cost=0.43..404.45 rows=102 width=121)
	        Index Cond: ((id >= 3512614) AND (id <= 3512713))

table 5 : explain SELECT c FROM sbtest5 WHERE id BETWEEN 7959435 AND 7959534 ORDER BY c
	Sort  (cost=412.03..412.29 rows=103 width=121)
	  Sort Key: c
	  ->  Index Scan using sbtest5_pkey on sbtest5  (cost=0.43..408.59 rows=103 width=121)
	        Index Cond: ((id >= 7959435) AND (id <= 7959534))

table 6 : explain SELECT c FROM sbtest6 WHERE id BETWEEN 3090027 AND 3090126 ORDER BY c
	Sort  (cost=467.04..467.33 rows=117 width=121)
	  Sort Key: c
	  ->  Index Scan using sbtest6_pkey on sbtest6  (cost=0.43..463.02 rows=117 width=121)
	        Index Cond: ((id >= 3090027) AND (id <= 3090126))

table 7 : explain SELECT c FROM sbtest7 WHERE id BETWEEN 3223734 AND 3223833 ORDER BY c
	Sort  (cost=443.06..443.34 rows=111 width=121)
	  Sort Key: c
	  ->  Index Scan using sbtest7_pkey on sbtest7  (cost=0.43..439.29 rows=111 width=121)
	        Index Cond: ((id >= 3223734) AND (id <= 3223833))

table 8 : explain SELECT c FROM sbtest8 WHERE id BETWEEN 1705663 AND 1705762 ORDER BY c
	Sort  (cost=380.34..380.57 rows=95 width=121)
	  Sort Key: c
	  ->  Index Scan using sbtest8_pkey on sbtest8  (cost=0.43..377.22 rows=95 width=121)
	        Index Cond: ((id >= 1705663) AND (id <= 1705762))

for: distinct_ranges
table 1 : explain SELECT DISTINCT c FROM sbtest1 WHERE id BETWEEN 7152981 AND 7153080 ORDER BY c
	Unique  (cost=387.01..387.50 rows=97 width=121)
	  ->  Sort  (cost=387.01..387.25 rows=97 width=121)
	        Sort Key: c
	        ->  Index Scan using sbtest1_pkey on sbtest1  (cost=0.43..383.81 rows=97 width=121)
	              Index Cond: ((id >= 7152981) AND (id <= 7153080))

table 2 : explain SELECT DISTINCT c FROM sbtest2 WHERE id BETWEEN 742886 AND 742985 ORDER BY c
	Unique  (cost=386.83..387.32 rows=97 width=121)
	  ->  Sort  (cost=386.83..387.07 rows=97 width=121)
	        Sort Key: c
	        ->  Index Scan using sbtest2_pkey on sbtest2  (cost=0.43..383.63 rows=97 width=121)
	              Index Cond: ((id >= 742886) AND (id <= 742985))

table 3 : explain SELECT DISTINCT c FROM sbtest3 WHERE id BETWEEN 7844801 AND 7844900 ORDER BY c
	Unique  (cost=403.56..404.06 rows=101 width=121)
	  ->  Sort  (cost=403.56..403.81 rows=101 width=121)
	        Sort Key: c
	        ->  Index Scan using sbtest3_pkey on sbtest3  (cost=0.43..400.19 rows=101 width=121)
	              Index Cond: ((id >= 7844801) AND (id <= 7844900))

table 4 : explain SELECT DISTINCT c FROM sbtest4 WHERE id BETWEEN 8790504 AND 8790603 ORDER BY c
	Unique  (cost=439.54..440.09 rows=110 width=121)
	  ->  Sort  (cost=439.54..439.81 rows=110 width=121)
	        Sort Key: c
	        ->  Index Scan using sbtest4_pkey on sbtest4  (cost=0.43..435.81 rows=110 width=121)
	              Index Cond: ((id >= 8790504) AND (id <= 8790603))

table 5 : explain SELECT DISTINCT c FROM sbtest5 WHERE id BETWEEN 1549749 AND 1549848 ORDER BY c
	Unique  (cost=392.22..392.71 rows=98 width=121)
	  ->  Sort  (cost=392.22..392.47 rows=98 width=121)
	        Sort Key: c
	        ->  Index Scan using sbtest5_pkey on sbtest5  (cost=0.43..388.98 rows=98 width=121)
	              Index Cond: ((id >= 1549749) AND (id <= 1549848))

table 6 : explain SELECT DISTINCT c FROM sbtest6 WHERE id BETWEEN 7222953 AND 7223052 ORDER BY c
	Unique  (cost=419.53..420.05 rows=105 width=121)
	  ->  Sort  (cost=419.53..419.79 rows=105 width=121)
	        Sort Key: c
	        ->  Index Scan using sbtest6_pkey on sbtest6  (cost=0.43..416.00 rows=105 width=121)
	              Index Cond: ((id >= 7222953) AND (id <= 7223052))

table 7 : explain SELECT DISTINCT c FROM sbtest7 WHERE id BETWEEN 5268562 AND 5268661 ORDER BY c
	Unique  (cost=371.85..372.31 rows=93 width=121)
	  ->  Sort  (cost=371.85..372.08 rows=93 width=121)
	        Sort Key: c
	        ->  Index Scan using sbtest7_pkey on sbtest7  (cost=0.43..368.81 rows=93 width=121)
	              Index Cond: ((id >= 5268562) AND (id <= 5268661))

table 8 : explain SELECT DISTINCT c FROM sbtest8 WHERE id BETWEEN 3943253 AND 3943352 ORDER BY c
	Unique  (cost=447.73..448.29 rows=112 width=121)
	  ->  Sort  (cost=447.73..448.01 rows=112 width=121)
	        Sort Key: c
	        ->  Index Scan using sbtest8_pkey on sbtest8  (cost=0.43..443.92 rows=112 width=121)
	              Index Cond: ((id >= 3943253) AND (id <= 3943352))

for: sum_ranges
table 1 : explain SELECT SUM(k) FROM sbtest1 WHERE id BETWEEN 1500161 AND 1500260
	Aggregate  (cost=337.09..337.10 rows=1 width=8)
	  ->  Index Scan using sbtest1_pkey on sbtest1  (cost=0.43..336.87 rows=85 width=4)
	        Index Cond: ((id >= 1500161) AND (id <= 1500260))

table 2 : explain SELECT SUM(k) FROM sbtest2 WHERE id BETWEEN 2124455 AND 2124554
	Aggregate  (cost=360.41..360.42 rows=1 width=8)
	  ->  Index Scan using sbtest2_pkey on sbtest2  (cost=0.43..360.18 rows=91 width=4)
	        Index Cond: ((id >= 2124455) AND (id <= 2124554))

table 3 : explain SELECT SUM(k) FROM sbtest3 WHERE id BETWEEN 5203807 AND 5203906
	Aggregate  (cost=369.09..369.10 rows=1 width=8)
	  ->  Index Scan using sbtest3_pkey on sbtest3  (cost=0.43..368.86 rows=93 width=4)
	        Index Cond: ((id >= 5203807) AND (id <= 5203906))

table 4 : explain SELECT SUM(k) FROM sbtest4 WHERE id BETWEEN 979013 AND 979112
	Aggregate  (cost=377.25..377.26 rows=1 width=8)
	  ->  Index Scan using sbtest4_pkey on sbtest4  (cost=0.43..377.01 rows=95 width=4)
	        Index Cond: ((id >= 979013) AND (id <= 979112))

table 5 : explain SELECT SUM(k) FROM sbtest5 WHERE id BETWEEN 8786102 AND 8786201
	Aggregate  (cost=385.30..385.31 rows=1 width=8)
	  ->  Index Scan using sbtest5_pkey on sbtest5  (cost=0.43..385.06 rows=97 width=4)
	        Index Cond: ((id >= 8786102) AND (id <= 8786201))

table 6 : explain SELECT SUM(k) FROM sbtest6 WHERE id BETWEEN 3508169 AND 3508268
	Aggregate  (cost=369.19..369.20 rows=1 width=8)
	  ->  Index Scan using sbtest6_pkey on sbtest6  (cost=0.43..368.96 rows=93 width=4)
	        Index Cond: ((id >= 3508169) AND (id <= 3508268))

table 7 : explain SELECT SUM(k) FROM sbtest7 WHERE id BETWEEN 4772737 AND 4772836
	Aggregate  (cost=372.96..372.97 rows=1 width=8)
	  ->  Index Scan using sbtest7_pkey on sbtest7  (cost=0.43..372.72 rows=94 width=4)
	        Index Cond: ((id >= 4772737) AND (id <= 4772836))

table 8 : explain SELECT SUM(k) FROM sbtest8 WHERE id BETWEEN 8110324 AND 8110423
	Aggregate  (cost=393.18..393.19 rows=1 width=8)
	  ->  Index Scan using sbtest8_pkey on sbtest8  (cost=0.43..392.93 rows=99 width=4)
	        Index Cond: ((id >= 8110324) AND (id <= 8110423))

for: sum_ranges
table 1 : explain SELECT SUM(k) FROM sbtest1 WHERE id BETWEEN 3436847 AND 3436946
	Aggregate  (cost=380.14..380.15 rows=1 width=8)
	  ->  Index Scan using sbtest1_pkey on sbtest1  (cost=0.43..379.90 rows=96 width=4)
	        Index Cond: ((id >= 3436847) AND (id <= 3436946))

table 2 : explain SELECT SUM(k) FROM sbtest2 WHERE id BETWEEN 8210151 AND 8210250
	Aggregate  (cost=383.87..383.88 rows=1 width=8)
	  ->  Index Scan using sbtest2_pkey on sbtest2  (cost=0.43..383.63 rows=97 width=4)
	        Index Cond: ((id >= 8210151) AND (id <= 8210250))

table 3 : explain SELECT SUM(k) FROM sbtest3 WHERE id BETWEEN 835755 AND 835854
	Aggregate  (cost=384.77..384.78 rows=1 width=8)
	  ->  Index Scan using sbtest3_pkey on sbtest3  (cost=0.43..384.53 rows=97 width=4)
	        Index Cond: ((id >= 835755) AND (id <= 835854))

table 4 : explain SELECT SUM(k) FROM sbtest4 WHERE id BETWEEN 7108847 AND 7108946
	Aggregate  (cost=400.78..400.79 rows=1 width=8)
	  ->  Index Scan using sbtest4_pkey on sbtest4  (cost=0.43..400.53 rows=101 width=4)
	        Index Cond: ((id >= 7108847) AND (id <= 7108946))

table 5 : explain SELECT SUM(k) FROM sbtest5 WHERE id BETWEEN 8595685 AND 8595784
	Aggregate  (cost=416.70..416.71 rows=1 width=8)
	  ->  Index Scan using sbtest5_pkey on sbtest5  (cost=0.43..416.44 rows=105 width=4)
	        Index Cond: ((id >= 8595685) AND (id <= 8595784))

table 6 : explain SELECT SUM(k) FROM sbtest6 WHERE id BETWEEN 8970283 AND 8970382
	Aggregate  (cost=361.35..361.36 rows=1 width=8)
	  ->  Index Scan using sbtest6_pkey on sbtest6  (cost=0.43..361.13 rows=91 width=4)
	        Index Cond: ((id >= 8970283) AND (id <= 8970382))

table 7 : explain SELECT SUM(k) FROM sbtest7 WHERE id BETWEEN 3149660 AND 3149759
	Aggregate  (cost=376.87..376.88 rows=1 width=8)
	  ->  Index Scan using sbtest7_pkey on sbtest7  (cost=0.43..376.64 rows=95 width=4)
	        Index Cond: ((id >= 3149660) AND (id <= 3149759))

table 8 : explain SELECT SUM(k) FROM sbtest8 WHERE id BETWEEN 6979059 AND 6979158
	Aggregate  (cost=444.20..444.21 rows=1 width=8)
	  ->  Index Scan using sbtest8_pkey on sbtest8  (cost=0.43..443.92 rows=112 width=4)
	        Index Cond: ((id >= 6979059) AND (id <= 6979158))

for: distinct_ranges
table 1 : explain SELECT DISTINCT c FROM sbtest1 WHERE id BETWEEN 8304075 AND 8304174 ORDER BY c
	Unique  (cost=398.86..399.36 rows=100 width=121)
	  ->  Sort  (cost=398.86..399.11 rows=100 width=121)
	        Sort Key: c
	        ->  Index Scan using sbtest1_pkey on sbtest1  (cost=0.43..395.54 rows=100 width=121)
	              Index Cond: ((id >= 8304075) AND (id <= 8304174))

table 2 : explain SELECT DISTINCT c FROM sbtest2 WHERE id BETWEEN 7401968 AND 7402067 ORDER BY c
	Unique  (cost=363.15..363.60 rows=91 width=121)
	  ->  Sort  (cost=363.15..363.37 rows=91 width=121)
	        Sort Key: c
	        ->  Index Scan using sbtest2_pkey on sbtest2  (cost=0.43..360.18 rows=91 width=121)
	              Index Cond: ((id >= 7401968) AND (id <= 7402067))

table 3 : explain SELECT DISTINCT c FROM sbtest3 WHERE id BETWEEN 2685743 AND 2685842 ORDER BY c
	Unique  (cost=379.81..380.29 rows=95 width=121)
	  ->  Sort  (cost=379.81..380.05 rows=95 width=121)
	        Sort Key: c
	        ->  Index Scan using sbtest3_pkey on sbtest3  (cost=0.43..376.69 rows=95 width=121)
	              Index Cond: ((id >= 2685743) AND (id <= 2685842))

table 4 : explain SELECT DISTINCT c FROM sbtest4 WHERE id BETWEEN 312447 AND 312546 ORDER BY c
	Unique  (cost=388.05..388.54 rows=97 width=121)
	  ->  Sort  (cost=388.05..388.29 rows=97 width=121)
	        Sort Key: c
	        ->  Index Scan using sbtest4_pkey on sbtest4  (cost=0.43..384.85 rows=97 width=121)
	              Index Cond: ((id >= 312447) AND (id <= 312546))

table 5 : explain SELECT DISTINCT c FROM sbtest5 WHERE id BETWEEN 8289023 AND 8289122 ORDER BY c
	Unique  (cost=384.30..384.78 rows=96 width=121)
	  ->  Sort  (cost=384.30..384.54 rows=96 width=121)
	        Sort Key: c
	        ->  Index Scan using sbtest5_pkey on sbtest5  (cost=0.43..381.14 rows=96 width=121)
	              Index Cond: ((id >= 8289023) AND (id <= 8289122))

table 6 : explain SELECT DISTINCT c FROM sbtest6 WHERE id BETWEEN 2955614 AND 2955713 ORDER BY c
	Unique  (cost=375.96..376.43 rows=94 width=121)
	  ->  Sort  (cost=375.96..376.20 rows=94 width=121)
	        Sort Key: c
	        ->  Index Scan using sbtest6_pkey on sbtest6  (cost=0.43..372.88 rows=94 width=121)
	              Index Cond: ((id >= 2955614) AND (id <= 2955713))

table 7 : explain SELECT DISTINCT c FROM sbtest7 WHERE id BETWEEN 8925404 AND 8925503 ORDER BY c
	Unique  (cost=415.37..415.89 rows=104 width=121)
	  ->  Sort  (cost=415.37..415.63 rows=104 width=121)
	        Sort Key: c
	        ->  Index Scan using sbtest7_pkey on sbtest7  (cost=0.43..411.88 rows=104 width=121)
	              Index Cond: ((id >= 8925404) AND (id <= 8925503))

table 8 : explain SELECT DISTINCT c FROM sbtest8 WHERE id BETWEEN 7575355 AND 7575454 ORDER BY c
	Unique  (cost=384.32..384.80 rows=96 width=121)
	  ->  Sort  (cost=384.32..384.56 rows=96 width=121)
	        Sort Key: c
	        ->  Index Scan using sbtest8_pkey on sbtest8  (cost=0.43..381.16 rows=96 width=121)
	              Index Cond: ((id >= 7575355) AND (id <= 7575454))

for point_selects
table 1 : explain SELECT c FROM sbtest1 WHERE id=7367005
	Index Scan using sbtest1_pkey on sbtest1  (cost=0.43..8.45 rows=1 width=121)
	  Index Cond: (id = 7367005)

table 2 : explain SELECT c FROM sbtest2 WHERE id=4871630
	Index Scan using sbtest2_pkey on sbtest2  (cost=0.43..8.45 rows=1 width=121)
	  Index Cond: (id = 4871630)

table 3 : explain SELECT c FROM sbtest3 WHERE id=2704079
	Index Scan using sbtest3_pkey on sbtest3  (cost=0.43..8.45 rows=1 width=121)
	  Index Cond: (id = 2704079)

table 4 : explain SELECT c FROM sbtest4 WHERE id=1554623
	Index Scan using sbtest4_pkey on sbtest4  (cost=0.43..8.45 rows=1 width=121)
	  Index Cond: (id = 1554623)

table 5 : explain SELECT c FROM sbtest5 WHERE id=5274322
	Index Scan using sbtest5_pkey on sbtest5  (cost=0.43..8.45 rows=1 width=121)
	  Index Cond: (id = 5274322)

table 6 : explain SELECT c FROM sbtest6 WHERE id=4254687
	Index Scan using sbtest6_pkey on sbtest6  (cost=0.43..8.45 rows=1 width=121)
	  Index Cond: (id = 4254687)

table 7 : explain SELECT c FROM sbtest7 WHERE id=1500120
	Index Scan using sbtest7_pkey on sbtest7  (cost=0.43..8.45 rows=1 width=121)
	  Index Cond: (id = 1500120)

table 8 : explain SELECT c FROM sbtest8 WHERE id=6966136
	Index Scan using sbtest8_pkey on sbtest8  (cost=0.43..8.45 rows=1 width=121)
	  Index Cond: (id = 6966136)

for point_selects
table 1 : explain SELECT c FROM sbtest1 WHERE id=1490407
	Index Scan using sbtest1_pkey on sbtest1  (cost=0.43..8.45 rows=1 width=121)
	  Index Cond: (id = 1490407)

table 2 : explain SELECT c FROM sbtest2 WHERE id=4368121
	Index Scan using sbtest2_pkey on sbtest2  (cost=0.43..8.45 rows=1 width=121)
	  Index Cond: (id = 4368121)

table 3 : explain SELECT c FROM sbtest3 WHERE id=2759735
	Index Scan using sbtest3_pkey on sbtest3  (cost=0.43..8.45 rows=1 width=121)
	  Index Cond: (id = 2759735)

table 4 : explain SELECT c FROM sbtest4 WHERE id=506395
	Index Scan using sbtest4_pkey on sbtest4  (cost=0.43..8.45 rows=1 width=121)
	  Index Cond: (id = 506395)

table 5 : explain SELECT c FROM sbtest5 WHERE id=1299918
	Index Scan using sbtest5_pkey on sbtest5  (cost=0.43..8.45 rows=1 width=121)
	  Index Cond: (id = 1299918)

table 6 : explain SELECT c FROM sbtest6 WHERE id=2479111
	Index Scan using sbtest6_pkey on sbtest6  (cost=0.43..8.45 rows=1 width=121)
	  Index Cond: (id = 2479111)

table 7 : explain SELECT c FROM sbtest7 WHERE id=4042961
	Index Scan using sbtest7_pkey on sbtest7  (cost=0.43..8.45 rows=1 width=121)
	  Index Cond: (id = 4042961)

table 8 : explain SELECT c FROM sbtest8 WHERE id=1207536
	Index Scan using sbtest8_pkey on sbtest8  (cost=0.43..8.45 rows=1 width=121)
	  Index Cond: (id = 1207536)

for: distinct_ranges
table 1 : explain SELECT DISTINCT c FROM sbtest1 WHERE id BETWEEN 8231773 AND 8231872 ORDER BY c
	Unique  (cost=398.86..399.36 rows=100 width=121)
	  ->  Sort  (cost=398.86..399.11 rows=100 width=121)
	        Sort Key: c
	        ->  Index Scan using sbtest1_pkey on sbtest1  (cost=0.43..395.54 rows=100 width=121)
	              Index Cond: ((id >= 8231773) AND (id <= 8231872))

table 2 : explain SELECT DISTINCT c FROM sbtest2 WHERE id BETWEEN 7844032 AND 7844131 ORDER BY c
	Unique  (cost=438.18..438.73 rows=110 width=121)
	  ->  Sort  (cost=438.18..438.46 rows=110 width=121)
	        Sort Key: c
	        ->  Index Scan using sbtest2_pkey on sbtest2  (cost=0.43..434.45 rows=110 width=121)
	              Index Cond: ((id >= 7844032) AND (id <= 7844131))

table 3 : explain SELECT DISTINCT c FROM sbtest3 WHERE id BETWEEN 5792533 AND 5792632 ORDER BY c
	Unique  (cost=399.60..400.10 rows=100 width=121)
	  ->  Sort  (cost=399.60..399.85 rows=100 width=121)
	        Sort Key: c
	        ->  Index Scan using sbtest3_pkey on sbtest3  (cost=0.43..396.28 rows=100 width=121)
	              Index Cond: ((id >= 5792533) AND (id <= 5792632))

table 4 : explain SELECT DISTINCT c FROM sbtest4 WHERE id BETWEEN 2140296 AND 2140395 ORDER BY c
	Unique  (cost=388.05..388.54 rows=97 width=121)
	  ->  Sort  (cost=388.05..388.29 rows=97 width=121)
	        Sort Key: c
	        ->  Index Scan using sbtest4_pkey on sbtest4  (cost=0.43..384.85 rows=97 width=121)
	              Index Cond: ((id >= 2140296) AND (id <= 2140395))

table 5 : explain SELECT DISTINCT c FROM sbtest5 WHERE id BETWEEN 2825995 AND 2826094 ORDER BY c
	Unique  (cost=404.11..404.61 rows=101 width=121)
	  ->  Sort  (cost=404.11..404.36 rows=101 width=121)
	        Sort Key: c
	        ->  Index Scan using sbtest5_pkey on sbtest5  (cost=0.43..400.75 rows=101 width=121)
	              Index Cond: ((id >= 2825995) AND (id <= 2826094))

table 6 : explain SELECT DISTINCT c FROM sbtest6 WHERE id BETWEEN 9486638 AND 9486737 ORDER BY c
	Unique  (cost=399.74..400.24 rows=100 width=121)
	  ->  Sort  (cost=399.74..399.99 rows=100 width=121)
	        Sort Key: c
	        ->  Index Scan using sbtest6_pkey on sbtest6  (cost=0.43..396.41 rows=100 width=121)
	              Index Cond: ((id >= 9486638) AND (id <= 9486737))

table 7 : explain SELECT DISTINCT c FROM sbtest7 WHERE id BETWEEN 414553 AND 414652 ORDER BY c
	Unique  (cost=415.37..415.89 rows=104 width=121)
	  ->  Sort  (cost=415.37..415.63 rows=104 width=121)
	        Sort Key: c
	        ->  Index Scan using sbtest7_pkey on sbtest7  (cost=0.43..411.88 rows=104 width=121)
	              Index Cond: ((id >= 414553) AND (id <= 414652))

table 8 : explain SELECT DISTINCT c FROM sbtest8 WHERE id BETWEEN 4306679 AND 4306778 ORDER BY c
	Unique  (cost=412.06..412.58 rows=103 width=121)
	  ->  Sort  (cost=412.06..412.32 rows=103 width=121)
	        Sort Key: c
	        ->  Index Scan using sbtest8_pkey on sbtest8  (cost=0.43..408.62 rows=103 width=121)
	              Index Cond: ((id >= 4306679) AND (id <= 4306778))

for point_selects
table 1 : explain SELECT c FROM sbtest1 WHERE id=9670173
	Index Scan using sbtest1_pkey on sbtest1  (cost=0.43..8.45 rows=1 width=121)
	  Index Cond: (id = 9670173)

table 2 : explain SELECT c FROM sbtest2 WHERE id=7180667
	Index Scan using sbtest2_pkey on sbtest2  (cost=0.43..8.45 rows=1 width=121)
	  Index Cond: (id = 7180667)

table 3 : explain SELECT c FROM sbtest3 WHERE id=292364
	Index Scan using sbtest3_pkey on sbtest3  (cost=0.43..8.45 rows=1 width=121)
	  Index Cond: (id = 292364)

table 4 : explain SELECT c FROM sbtest4 WHERE id=505649
	Index Scan using sbtest4_pkey on sbtest4  (cost=0.43..8.45 rows=1 width=121)
	  Index Cond: (id = 505649)

table 5 : explain SELECT c FROM sbtest5 WHERE id=9571530
	Index Scan using sbtest5_pkey on sbtest5  (cost=0.43..8.45 rows=1 width=121)
	  Index Cond: (id = 9571530)

table 6 : explain SELECT c FROM sbtest6 WHERE id=8444289
	Index Scan using sbtest6_pkey on sbtest6  (cost=0.43..8.45 rows=1 width=121)
	  Index Cond: (id = 8444289)

table 7 : explain SELECT c FROM sbtest7 WHERE id=3105064
	Index Scan using sbtest7_pkey on sbtest7  (cost=0.43..8.45 rows=1 width=121)
	  Index Cond: (id = 3105064)

table 8 : explain SELECT c FROM sbtest8 WHERE id=5978526
	Index Scan using sbtest8_pkey on sbtest8  (cost=0.43..8.45 rows=1 width=121)
	  Index Cond: (id = 5978526)

for point_selects
table 1 : explain SELECT c FROM sbtest1 WHERE id=8869526
	Index Scan using sbtest1_pkey on sbtest1  (cost=0.43..8.45 rows=1 width=121)
	  Index Cond: (id = 8869526)

table 2 : explain SELECT c FROM sbtest2 WHERE id=7715853
	Index Scan using sbtest2_pkey on sbtest2  (cost=0.43..8.45 rows=1 width=121)
	  Index Cond: (id = 7715853)

table 3 : explain SELECT c FROM sbtest3 WHERE id=6767113
	Index Scan using sbtest3_pkey on sbtest3  (cost=0.43..8.45 rows=1 width=121)
	  Index Cond: (id = 6767113)

table 4 : explain SELECT c FROM sbtest4 WHERE id=7919194
	Index Scan using sbtest4_pkey on sbtest4  (cost=0.43..8.45 rows=1 width=121)
	  Index Cond: (id = 7919194)

table 5 : explain SELECT c FROM sbtest5 WHERE id=7373037
	Index Scan using sbtest5_pkey on sbtest5  (cost=0.43..8.45 rows=1 width=121)
	  Index Cond: (id = 7373037)

table 6 : explain SELECT c FROM sbtest6 WHERE id=7374269
	Index Scan using sbtest6_pkey on sbtest6  (cost=0.43..8.45 rows=1 width=121)
	  Index Cond: (id = 7374269)

table 7 : explain SELECT c FROM sbtest7 WHERE id=1735470
	Index Scan using sbtest7_pkey on sbtest7  (cost=0.43..8.45 rows=1 width=121)
	  Index Cond: (id = 1735470)

table 8 : explain SELECT c FROM sbtest8 WHERE id=658118
	Index Scan using sbtest8_pkey on sbtest8  (cost=0.43..8.45 rows=1 width=121)
	  Index Cond: (id = 658118)

for: distinct_ranges
table 1 : explain SELECT DISTINCT c FROM sbtest1 WHERE id BETWEEN 5541606 AND 5541705 ORDER BY c
	Unique  (cost=410.71..411.22 rows=103 width=121)
	  ->  Sort  (cost=410.71..410.97 rows=103 width=121)
	        Sort Key: c
	        ->  Index Scan using sbtest1_pkey on sbtest1  (cost=0.43..407.27 rows=103 width=121)
	              Index Cond: ((id >= 5541606) AND (id <= 5541705))

table 2 : explain SELECT DISTINCT c FROM sbtest2 WHERE id BETWEEN 9179488 AND 9179587 ORDER BY c
	Unique  (cost=382.88..383.36 rows=96 width=121)
	  ->  Sort  (cost=382.88..383.12 rows=96 width=121)
	        Sort Key: c
	        ->  Index Scan using sbtest2_pkey on sbtest2  (cost=0.43..379.72 rows=96 width=121)
	              Index Cond: ((id >= 9179488) AND (id <= 9179587))

table 3 : explain SELECT DISTINCT c FROM sbtest3 WHERE id BETWEEN 6562023 AND 6562122 ORDER BY c
	Unique  (cost=383.77..384.25 rows=96 width=121)
	  ->  Sort  (cost=383.77..384.01 rows=96 width=121)
	        Sort Key: c
	        ->  Index Scan using sbtest3_pkey on sbtest3  (cost=0.43..380.61 rows=96 width=121)
	              Index Cond: ((id >= 6562023) AND (id <= 6562122))

table 4 : explain SELECT DISTINCT c FROM sbtest4 WHERE id BETWEEN 1038965 AND 1039064 ORDER BY c
	Unique  (cost=380.13..380.61 rows=95 width=121)
	  ->  Sort  (cost=380.13..380.37 rows=95 width=121)
	        Sort Key: c
	        ->  Index Scan using sbtest4_pkey on sbtest4  (cost=0.43..377.01 rows=95 width=121)
	              Index Cond: ((id >= 1038965) AND (id <= 1039064))

table 5 : explain SELECT DISTINCT c FROM sbtest5 WHERE id BETWEEN 5497625 AND 5497724 ORDER BY c
	Unique  (cost=384.30..384.78 rows=96 width=121)
	  ->  Sort  (cost=384.30..384.54 rows=96 width=121)
	        Sort Key: c
	        ->  Index Scan using sbtest5_pkey on sbtest5  (cost=0.43..381.14 rows=96 width=121)
	              Index Cond: ((id >= 5497625) AND (id <= 5497724))

table 6 : explain SELECT DISTINCT c FROM sbtest6 WHERE id BETWEEN 4886497 AND 4886596 ORDER BY c
	Unique  (cost=383.90..384.38 rows=96 width=121)
	  ->  Sort  (cost=383.90..384.14 rows=96 width=121)
	        Sort Key: c
	        ->  Index Scan using sbtest6_pkey on sbtest6  (cost=0.43..380.74 rows=96 width=121)
	              Index Cond: ((id >= 4886497) AND (id <= 4886596))

table 7 : explain SELECT DISTINCT c FROM sbtest7 WHERE id BETWEEN 2776180 AND 2776279 ORDER BY c
	Unique  (cost=443.06..443.62 rows=111 width=121)
	  ->  Sort  (cost=443.06..443.34 rows=111 width=121)
	        Sort Key: c
	        ->  Index Scan using sbtest7_pkey on sbtest7  (cost=0.43..439.29 rows=111 width=121)
	              Index Cond: ((id >= 2776180) AND (id <= 2776279))

table 8 : explain SELECT DISTINCT c FROM sbtest8 WHERE id BETWEEN 642435 AND 642534 ORDER BY c
	Unique  (cost=392.25..392.74 rows=98 width=121)
	  ->  Sort  (cost=392.25..392.49 rows=98 width=121)
	        Sort Key: c
	        ->  Index Scan using sbtest8_pkey on sbtest8  (cost=0.43..389.01 rows=98 width=121)
	              Index Cond: ((id >= 642435) AND (id <= 642534))

for point_selects
table 1 : explain SELECT c FROM sbtest1 WHERE id=9392949
	Index Scan using sbtest1_pkey on sbtest1  (cost=0.43..8.45 rows=1 width=121)
	  Index Cond: (id = 9392949)

table 2 : explain SELECT c FROM sbtest2 WHERE id=3042002
	Index Scan using sbtest2_pkey on sbtest2  (cost=0.43..8.45 rows=1 width=121)
	  Index Cond: (id = 3042002)

table 3 : explain SELECT c FROM sbtest3 WHERE id=2624184
	Index Scan using sbtest3_pkey on sbtest3  (cost=0.43..8.45 rows=1 width=121)
	  Index Cond: (id = 2624184)

table 4 : explain SELECT c FROM sbtest4 WHERE id=5485705
	Index Scan using sbtest4_pkey on sbtest4  (cost=0.43..8.45 rows=1 width=121)
	  Index Cond: (id = 5485705)

table 5 : explain SELECT c FROM sbtest5 WHERE id=9750796
	Index Scan using sbtest5_pkey on sbtest5  (cost=0.43..8.45 rows=1 width=121)
	  Index Cond: (id = 9750796)

table 6 : explain SELECT c FROM sbtest6 WHERE id=6695844
	Index Scan using sbtest6_pkey on sbtest6  (cost=0.43..8.45 rows=1 width=121)
	  Index Cond: (id = 6695844)

table 7 : explain SELECT c FROM sbtest7 WHERE id=1768182
	Index Scan using sbtest7_pkey on sbtest7  (cost=0.43..8.45 rows=1 width=121)
	  Index Cond: (id = 1768182)

table 8 : explain SELECT c FROM sbtest8 WHERE id=4440305
	Index Scan using sbtest8_pkey on sbtest8  (cost=0.43..8.45 rows=1 width=121)
	  Index Cond: (id = 4440305)

for point_selects
table 1 : explain SELECT c FROM sbtest1 WHERE id=5215200
	Index Scan using sbtest1_pkey on sbtest1  (cost=0.43..8.45 rows=1 width=121)
	  Index Cond: (id = 5215200)

table 2 : explain SELECT c FROM sbtest2 WHERE id=3470438
	Index Scan using sbtest2_pkey on sbtest2  (cost=0.43..8.45 rows=1 width=121)
	  Index Cond: (id = 3470438)

table 3 : explain SELECT c FROM sbtest3 WHERE id=8742188
	Index Scan using sbtest3_pkey on sbtest3  (cost=0.43..8.45 rows=1 width=121)
	  Index Cond: (id = 8742188)

table 4 : explain SELECT c FROM sbtest4 WHERE id=7556337
	Index Scan using sbtest4_pkey on sbtest4  (cost=0.43..8.45 rows=1 width=121)
	  Index Cond: (id = 7556337)

table 5 : explain SELECT c FROM sbtest5 WHERE id=9900881
	Index Scan using sbtest5_pkey on sbtest5  (cost=0.43..8.45 rows=1 width=121)
	  Index Cond: (id = 9900881)

table 6 : explain SELECT c FROM sbtest6 WHERE id=4421665
	Index Scan using sbtest6_pkey on sbtest6  (cost=0.43..8.45 rows=1 width=121)
	  Index Cond: (id = 4421665)

table 7 : explain SELECT c FROM sbtest7 WHERE id=7793404
	Index Scan using sbtest7_pkey on sbtest7  (cost=0.43..8.45 rows=1 width=121)
	  Index Cond: (id = 7793404)

table 8 : explain SELECT c FROM sbtest8 WHERE id=3602163
	Index Scan using sbtest8_pkey on sbtest8  (cost=0.43..8.45 rows=1 width=121)
	  Index Cond: (id = 3602163)

for: distinct_ranges
table 1 : explain SELECT DISTINCT c FROM sbtest1 WHERE id BETWEEN 1888352 AND 1888451 ORDER BY c
	Unique  (cost=367.24..367.70 rows=92 width=121)
	  ->  Sort  (cost=367.24..367.47 rows=92 width=121)
	        Sort Key: c
	        ->  Index Scan using sbtest1_pkey on sbtest1  (cost=0.43..364.24 rows=92 width=121)
	              Index Cond: ((id >= 1888352) AND (id <= 1888451))

table 2 : explain SELECT DISTINCT c FROM sbtest2 WHERE id BETWEEN 9300398 AND 9300497 ORDER BY c
	Unique  (cost=414.49..415.01 rows=104 width=121)
	  ->  Sort  (cost=414.49..414.75 rows=104 width=121)
	        Sort Key: c
	        ->  Index Scan using sbtest2_pkey on sbtest2  (cost=0.43..411.01 rows=104 width=121)
	              Index Cond: ((id >= 9300398) AND (id <= 9300497))

table 3 : explain SELECT DISTINCT c FROM sbtest3 WHERE id BETWEEN 485598 AND 485697 ORDER BY c
	Unique  (cost=387.73..388.21 rows=97 width=121)
	  ->  Sort  (cost=387.73..387.97 rows=97 width=121)
	        Sort Key: c
	        ->  Index Scan using sbtest3_pkey on sbtest3  (cost=0.43..384.53 rows=97 width=121)
	              Index Cond: ((id >= 485598) AND (id <= 485697))

table 4 : explain SELECT DISTINCT c FROM sbtest4 WHERE id BETWEEN 2500409 AND 2500508 ORDER BY c
	Unique  (cost=368.25..368.71 rows=92 width=121)
	  ->  Sort  (cost=368.25..368.48 rows=92 width=121)
	        Sort Key: c
	        ->  Index Scan using sbtest4_pkey on sbtest4  (cost=0.43..365.25 rows=92 width=121)
	              Index Cond: ((id >= 2500409) AND (id <= 2500508))

table 5 : explain SELECT DISTINCT c FROM sbtest5 WHERE id BETWEEN 2551849 AND 2551948 ORDER BY c
	Unique  (cost=404.11..404.61 rows=101 width=121)
	  ->  Sort  (cost=404.11..404.36 rows=101 width=121)
	        Sort Key: c
	        ->  Index Scan using sbtest5_pkey on sbtest5  (cost=0.43..400.75 rows=101 width=121)
	              Index Cond: ((id >= 2551849) AND (id <= 2551948))

table 6 : explain SELECT DISTINCT c FROM sbtest6 WHERE id BETWEEN 9267987 AND 9268086 ORDER BY c
	Unique  (cost=403.69..404.20 rows=101 width=121)
	  ->  Sort  (cost=403.69..403.95 rows=101 width=121)
	        Sort Key: c
	        ->  Index Scan using sbtest6_pkey on sbtest6  (cost=0.43..400.33 rows=101 width=121)
	              Index Cond: ((id >= 9267987) AND (id <= 9268086))

table 7 : explain SELECT DISTINCT c FROM sbtest7 WHERE id BETWEEN 4325518 AND 4325617 ORDER BY c
	Unique  (cost=371.85..372.31 rows=93 width=121)
	  ->  Sort  (cost=371.85..372.08 rows=93 width=121)
	        Sort Key: c
	        ->  Index Scan using sbtest7_pkey on sbtest7  (cost=0.43..368.81 rows=93 width=121)
	              Index Cond: ((id >= 4325518) AND (id <= 4325617))

table 8 : explain SELECT DISTINCT c FROM sbtest8 WHERE id BETWEEN 6119510 AND 6119609 ORDER BY c
	Unique  (cost=404.14..404.64 rows=101 width=121)
	  ->  Sort  (cost=404.14..404.39 rows=101 width=121)
	        Sort Key: c
	        ->  Index Scan using sbtest8_pkey on sbtest8  (cost=0.43..400.77 rows=101 width=121)
	              Index Cond: ((id >= 6119510) AND (id <= 6119609))

for: order_ranges
table 1 : explain SELECT c FROM sbtest1 WHERE id BETWEEN 7325782 AND 7325881 ORDER BY c
	Sort  (cost=375.16..375.40 rows=94 width=121)
	  Sort Key: c
	  ->  Index Scan using sbtest1_pkey on sbtest1  (cost=0.43..372.08 rows=94 width=121)
	        Index Cond: ((id >= 7325782) AND (id <= 7325881))

table 2 : explain SELECT c FROM sbtest2 WHERE id BETWEEN 8926186 AND 8926285 ORDER BY c
	Sort  (cost=406.60..406.85 rows=102 width=121)
	  Sort Key: c
	  ->  Index Scan using sbtest2_pkey on sbtest2  (cost=0.43..403.19 rows=102 width=121)
	        Index Cond: ((id >= 8926186) AND (id <= 8926285))

table 3 : explain SELECT c FROM sbtest3 WHERE id BETWEEN 9528915 AND 9529014 ORDER BY c
	Sort  (cost=371.90..372.13 rows=93 width=121)
	  Sort Key: c
	  ->  Index Scan using sbtest3_pkey on sbtest3  (cost=0.43..368.86 rows=93 width=121)
	        Index Cond: ((id >= 9528915) AND (id <= 9529014))

table 4 : explain SELECT c FROM sbtest4 WHERE id BETWEEN 9208260 AND 9208359 ORDER BY c
	Sort  (cost=407.85..408.11 rows=102 width=121)
	  Sort Key: c
	  ->  Index Scan using sbtest4_pkey on sbtest4  (cost=0.43..404.45 rows=102 width=121)
	        Index Cond: ((id >= 9208260) AND (id <= 9208359))

table 5 : explain SELECT c FROM sbtest5 WHERE id BETWEEN 7198861 AND 7198960 ORDER BY c
	Sort  (cost=447.70..447.98 rows=112 width=121)
	  Sort Key: c
	  ->  Index Scan using sbtest5_pkey on sbtest5  (cost=0.43..443.89 rows=112 width=121)
	        Index Cond: ((id >= 7198861) AND (id <= 7198960))

table 6 : explain SELECT c FROM sbtest6 WHERE id BETWEEN 1478018 AND 1478117 ORDER BY c
	Sort  (cost=411.61..411.87 rows=103 width=121)
	  Sort Key: c
	  ->  Index Scan using sbtest6_pkey on sbtest6  (cost=0.43..408.17 rows=103 width=121)
	        Index Cond: ((id >= 1478018) AND (id <= 1478117))

table 7 : explain SELECT c FROM sbtest7 WHERE id BETWEEN 4824149 AND 4824248 ORDER BY c
	Sort  (cost=395.58..395.83 rows=99 width=121)
	  Sort Key: c
	  ->  Index Scan using sbtest7_pkey on sbtest7  (cost=0.43..392.30 rows=99 width=121)
	        Index Cond: ((id >= 4824149) AND (id <= 4824248))

table 8 : explain SELECT c FROM sbtest8 WHERE id BETWEEN 8893653 AND 8893752 ORDER BY c
	Sort  (cost=384.32..384.56 rows=96 width=121)
	  Sort Key: c
	  ->  Index Scan using sbtest8_pkey on sbtest8  (cost=0.43..381.16 rows=96 width=121)
	        Index Cond: ((id >= 8893653) AND (id <= 8893752))

for: simple_ranges
table 1 : explain SELECT c FROM sbtest1 WHERE id BETWEEN 7789384 AND 7789483
	Index Scan using sbtest1_pkey on sbtest1  (cost=0.43..379.90 rows=96 width=121)
	  Index Cond: ((id >= 7789384) AND (id <= 7789483))

table 2 : explain SELECT c FROM sbtest2 WHERE id BETWEEN 2103687 AND 2103786
	Index Scan using sbtest2_pkey on sbtest2  (cost=0.43..360.18 rows=91 width=121)
	  Index Cond: ((id >= 2103687) AND (id <= 2103786))

table 3 : explain SELECT c FROM sbtest3 WHERE id BETWEEN 7635098 AND 7635197
	Index Scan using sbtest3_pkey on sbtest3  (cost=0.43..404.11 rows=102 width=121)
	  Index Cond: ((id >= 7635098) AND (id <= 7635197))

table 4 : explain SELECT c FROM sbtest4 WHERE id BETWEEN 1678516 AND 1678615
	Index Scan using sbtest4_pkey on sbtest4  (cost=0.43..365.25 rows=92 width=121)
	  Index Cond: ((id >= 1678516) AND (id <= 1678615))

table 5 : explain SELECT c FROM sbtest5 WHERE id BETWEEN 3879291 AND 3879390
	Index Scan using sbtest5_pkey on sbtest5  (cost=0.43..388.98 rows=98 width=121)
	  Index Cond: ((id >= 3879291) AND (id <= 3879390))

table 6 : explain SELECT c FROM sbtest6 WHERE id BETWEEN 4196978 AND 4197077
	Index Scan using sbtest6_pkey on sbtest6  (cost=0.43..412.09 rows=104 width=121)
	  Index Cond: ((id >= 4196978) AND (id <= 4197077))

table 7 : explain SELECT c FROM sbtest7 WHERE id BETWEEN 7435535 AND 7435634
	Index Scan using sbtest7_pkey on sbtest7  (cost=0.43..360.95 rows=91 width=121)
	  Index Cond: ((id >= 7435535) AND (id <= 7435634))

table 8 : explain SELECT c FROM sbtest8 WHERE id BETWEEN 2978345 AND 2978444
	Index Scan using sbtest8_pkey on sbtest8  (cost=0.43..389.01 rows=98 width=121)
	  Index Cond: ((id >= 2978345) AND (id <= 2978444))

for: order_ranges
table 1 : explain SELECT c FROM sbtest1 WHERE id BETWEEN 1756136 AND 1756235 ORDER BY c
	Sort  (cost=394.91..395.16 rows=99 width=121)
	  Sort Key: c
	  ->  Index Scan using sbtest1_pkey on sbtest1  (cost=0.43..391.63 rows=99 width=121)
	        Index Cond: ((id >= 1756136) AND (id <= 1756235))

table 2 : explain SELECT c FROM sbtest2 WHERE id BETWEEN 9299902 AND 9300001 ORDER BY c
	Sort  (cost=414.49..414.75 rows=104 width=121)
	  Sort Key: c
	  ->  Index Scan using sbtest2_pkey on sbtest2  (cost=0.43..411.01 rows=104 width=121)
	        Index Cond: ((id >= 9299902) AND (id <= 9300001))

table 3 : explain SELECT c FROM sbtest3 WHERE id BETWEEN 3680987 AND 3681086 ORDER BY c
	Sort  (cost=407.51..407.77 rows=102 width=121)
	  Sort Key: c
	  ->  Index Scan using sbtest3_pkey on sbtest3  (cost=0.43..404.11 rows=102 width=121)
	        Index Cond: ((id >= 3680987) AND (id <= 3681086))

table 4 : explain SELECT c FROM sbtest4 WHERE id BETWEEN 9559378 AND 9559477 ORDER BY c
	Sort  (cost=407.85..408.11 rows=102 width=121)
	  Sort Key: c
	  ->  Index Scan using sbtest4_pkey on sbtest4  (cost=0.43..404.45 rows=102 width=121)
	        Index Cond: ((id >= 9559378) AND (id <= 9559477))

table 5 : explain SELECT c FROM sbtest5 WHERE id BETWEEN 21090 AND 21189 ORDER BY c
	Sort  (cost=423.92..424.19 rows=106 width=121)
	  Sort Key: c
	  ->  Index Scan using sbtest5_pkey on sbtest5  (cost=0.43..420.36 rows=106 width=121)
	        Index Cond: ((id >= 21090) AND (id <= 21189))

table 6 : explain SELECT c FROM sbtest6 WHERE id BETWEEN 2059412 AND 2059511 ORDER BY c
	Sort  (cost=383.90..384.14 rows=96 width=121)
	  Sort Key: c
	  ->  Index Scan using sbtest6_pkey on sbtest6  (cost=0.43..380.74 rows=96 width=121)
	        Index Cond: ((id >= 2059412) AND (id <= 2059511))

table 7 : explain SELECT c FROM sbtest7 WHERE id BETWEEN 6422062 AND 6422161 ORDER BY c
	Sort  (cost=435.15..435.42 rows=109 width=121)
	  Sort Key: c
	  ->  Index Scan using sbtest7_pkey on sbtest7  (cost=0.43..431.46 rows=109 width=121)
	        Index Cond: ((id >= 6422062) AND (id <= 6422161))

table 8 : explain SELECT c FROM sbtest8 WHERE id BETWEEN 8951791 AND 8951890 ORDER BY c
	Sort  (cost=392.25..392.49 rows=98 width=121)
	  Sort Key: c
	  ->  Index Scan using sbtest8_pkey on sbtest8  (cost=0.43..389.01 rows=98 width=121)
	        Index Cond: ((id >= 8951791) AND (id <= 8951890))

for: simple_ranges
table 1 : explain SELECT c FROM sbtest1 WHERE id BETWEEN 5578058 AND 5578157
	Index Scan using sbtest1_pkey on sbtest1  (cost=0.43..407.27 rows=103 width=121)
	  Index Cond: ((id >= 5578058) AND (id <= 5578157))

table 2 : explain SELECT c FROM sbtest2 WHERE id BETWEEN 2601090 AND 2601189
	Index Scan using sbtest2_pkey on sbtest2  (cost=0.43..387.57 rows=98 width=121)
	  Index Cond: ((id >= 2601090) AND (id <= 2601189))

table 3 : explain SELECT c FROM sbtest3 WHERE id BETWEEN 5273250 AND 5273349
	Index Scan using sbtest3_pkey on sbtest3  (cost=0.43..423.69 rows=107 width=121)
	  Index Cond: ((id >= 5273250) AND (id <= 5273349))

table 4 : explain SELECT c FROM sbtest4 WHERE id BETWEEN 5320102 AND 5320201
	Index Scan using sbtest4_pkey on sbtest4  (cost=0.43..369.17 rows=93 width=121)
	  Index Cond: ((id >= 5320102) AND (id <= 5320201))

table 5 : explain SELECT c FROM sbtest5 WHERE id BETWEEN 4430621 AND 4430720
	Index Scan using sbtest5_pkey on sbtest5  (cost=0.43..455.66 rows=115 width=121)
	  Index Cond: ((id >= 4430621) AND (id <= 4430720))

table 6 : explain SELECT c FROM sbtest6 WHERE id BETWEEN 4642794 AND 4642893
	Index Scan using sbtest6_pkey on sbtest6  (cost=0.43..368.96 rows=93 width=121)
	  Index Cond: ((id >= 4642794) AND (id <= 4642893))

table 7 : explain SELECT c FROM sbtest7 WHERE id BETWEEN 8182230 AND 8182329
	Index Scan using sbtest7_pkey on sbtest7  (cost=0.43..396.22 rows=100 width=121)
	  Index Cond: ((id >= 8182230) AND (id <= 8182329))

table 8 : explain SELECT c FROM sbtest8 WHERE id BETWEEN 8489297 AND 8489396
	Index Scan using sbtest8_pkey on sbtest8  (cost=0.43..416.46 rows=105 width=121)
	  Index Cond: ((id >= 8489297) AND (id <= 8489396))

for: simple_ranges
table 1 : explain SELECT c FROM sbtest1 WHERE id BETWEEN 9474923 AND 9475022
	Index Scan using sbtest1_pkey on sbtest1  (cost=0.43..383.81 rows=97 width=121)
	  Index Cond: ((id >= 9474923) AND (id <= 9475022))

table 2 : explain SELECT c FROM sbtest2 WHERE id BETWEEN 901944 AND 902043
	Index Scan using sbtest2_pkey on sbtest2  (cost=0.43..450.08 rows=114 width=121)
	  Index Cond: ((id >= 901944) AND (id <= 902043))

table 3 : explain SELECT c FROM sbtest3 WHERE id BETWEEN 1770219 AND 1770318
	Index Scan using sbtest3_pkey on sbtest3  (cost=0.43..364.94 rows=92 width=121)
	  Index Cond: ((id >= 1770219) AND (id <= 1770318))

table 4 : explain SELECT c FROM sbtest4 WHERE id BETWEEN 3012839 AND 3012938
	Index Scan using sbtest4_pkey on sbtest4  (cost=0.43..451.49 rows=114 width=121)
	  Index Cond: ((id >= 3012839) AND (id <= 3012938))

table 5 : explain SELECT c FROM sbtest5 WHERE id BETWEEN 1279960 AND 1280059
	Index Scan using sbtest5_pkey on sbtest5  (cost=0.43..400.75 rows=101 width=121)
	  Index Cond: ((id >= 1279960) AND (id <= 1280059))

table 6 : explain SELECT c FROM sbtest6 WHERE id BETWEEN 4482476 AND 4482575
	Index Scan using sbtest6_pkey on sbtest6  (cost=0.43..384.66 rows=97 width=121)
	  Index Cond: ((id >= 4482476) AND (id <= 4482575))

table 7 : explain SELECT c FROM sbtest7 WHERE id BETWEEN 8756394 AND 8756493
	Index Scan using sbtest7_pkey on sbtest7  (cost=0.43..368.81 rows=93 width=121)
	  Index Cond: ((id >= 8756394) AND (id <= 8756493))

table 8 : explain SELECT c FROM sbtest8 WHERE id BETWEEN 875661 AND 875760
	Index Scan using sbtest8_pkey on sbtest8  (cost=0.43..412.54 rows=104 width=121)
	  Index Cond: ((id >= 875661) AND (id <= 875760))

for: simple_ranges
table 1 : explain SELECT c FROM sbtest1 WHERE id BETWEEN 4008247 AND 4008346
	Index Scan using sbtest1_pkey on sbtest1  (cost=0.43..364.24 rows=92 width=121)
	  Index Cond: ((id >= 4008247) AND (id <= 4008346))

table 2 : explain SELECT c FROM sbtest2 WHERE id BETWEEN 5154309 AND 5154408
	Index Scan using sbtest2_pkey on sbtest2  (cost=0.43..395.38 rows=100 width=121)
	  Index Cond: ((id >= 5154309) AND (id <= 5154408))

table 3 : explain SELECT c FROM sbtest3 WHERE id BETWEEN 104131 AND 104230
	Index Scan using sbtest3_pkey on sbtest3  (cost=0.43..388.44 rows=98 width=121)
	  Index Cond: ((id >= 104131) AND (id <= 104230))

table 4 : explain SELECT c FROM sbtest4 WHERE id BETWEEN 9003165 AND 9003264
	Index Scan using sbtest4_pkey on sbtest4  (cost=0.43..392.69 rows=99 width=121)
	  Index Cond: ((id >= 9003165) AND (id <= 9003264))

table 5 : explain SELECT c FROM sbtest5 WHERE id BETWEEN 1219112 AND 1219211
	Index Scan using sbtest5_pkey on sbtest5  (cost=0.43..400.75 rows=101 width=121)
	  Index Cond: ((id >= 1219112) AND (id <= 1219211))

table 6 : explain SELECT c FROM sbtest6 WHERE id BETWEEN 4837281 AND 4837380
	Index Scan using sbtest6_pkey on sbtest6  (cost=0.43..380.74 rows=96 width=121)
	  Index Cond: ((id >= 4837281) AND (id <= 4837380))

table 7 : explain SELECT c FROM sbtest7 WHERE id BETWEEN 8713735 AND 8713834
	Index Scan using sbtest7_pkey on sbtest7  (cost=0.43..368.81 rows=93 width=121)
	  Index Cond: ((id >= 8713735) AND (id <= 8713834))

table 8 : explain SELECT c FROM sbtest8 WHERE id BETWEEN 7864409 AND 7864508
	Index Scan using sbtest8_pkey on sbtest8  (cost=0.43..420.39 rows=106 width=121)
	  Index Cond: ((id >= 7864409) AND (id <= 7864508))

for: simple_ranges
table 1 : explain SELECT c FROM sbtest1 WHERE id BETWEEN 1668208 AND 1668307
	Index Scan using sbtest1_pkey on sbtest1  (cost=0.43..422.90 rows=107 width=121)
	  Index Cond: ((id >= 1668208) AND (id <= 1668307))

table 2 : explain SELECT c FROM sbtest2 WHERE id BETWEEN 4174515 AND 4174614
	Index Scan using sbtest2_pkey on sbtest2  (cost=0.43..395.38 rows=100 width=121)
	  Index Cond: ((id >= 4174515) AND (id <= 4174614))

table 3 : explain SELECT c FROM sbtest3 WHERE id BETWEEN 3245745 AND 3245844
	Index Scan using sbtest3_pkey on sbtest3  (cost=0.43..419.78 rows=106 width=121)
	  Index Cond: ((id >= 3245745) AND (id <= 3245844))

table 4 : explain SELECT c FROM sbtest4 WHERE id BETWEEN 1686848 AND 1686947
	Index Scan using sbtest4_pkey on sbtest4  (cost=0.43..365.25 rows=92 width=121)
	  Index Cond: ((id >= 1686848) AND (id <= 1686947))

table 5 : explain SELECT c FROM sbtest5 WHERE id BETWEEN 2665446 AND 2665545
	Index Scan using sbtest5_pkey on sbtest5  (cost=0.43..416.44 rows=105 width=121)
	  Index Cond: ((id >= 2665446) AND (id <= 2665545))

table 6 : explain SELECT c FROM sbtest6 WHERE id BETWEEN 9910710 AND 9910809
	Index Scan using sbtest6_pkey on sbtest6  (cost=0.43..384.66 rows=97 width=121)
	  Index Cond: ((id >= 9910710) AND (id <= 9910809))

table 7 : explain SELECT c FROM sbtest7 WHERE id BETWEEN 6337879 AND 6337978
	Index Scan using sbtest7_pkey on sbtest7  (cost=0.43..411.88 rows=104 width=121)
	  Index Cond: ((id >= 6337879) AND (id <= 6337978))

table 8 : explain SELECT c FROM sbtest8 WHERE id BETWEEN 12417 AND 12516
	Index Scan using sbtest8_pkey on sbtest8  (cost=0.43..361.53 rows=91 width=121)
	  Index Cond: ((id >= 12417) AND (id <= 12516))

for: simple_ranges
table 1 : explain SELECT c FROM sbtest1 WHERE id BETWEEN 2212626 AND 2212725
	Index Scan using sbtest1_pkey on sbtest1  (cost=0.43..372.08 rows=94 width=121)
	  Index Cond: ((id >= 2212626) AND (id <= 2212725))

table 2 : explain SELECT c FROM sbtest2 WHERE id BETWEEN 7233677 AND 7233776
	Index Scan using sbtest2_pkey on sbtest2  (cost=0.43..395.38 rows=100 width=121)
	  Index Cond: ((id >= 7233677) AND (id <= 7233776))

table 3 : explain SELECT c FROM sbtest3 WHERE id BETWEEN 6722331 AND 6722430
	Index Scan using sbtest3_pkey on sbtest3  (cost=0.43..392.36 rows=99 width=121)
	  Index Cond: ((id >= 6722331) AND (id <= 6722430))

table 4 : explain SELECT c FROM sbtest4 WHERE id BETWEEN 8416864 AND 8416963
	Index Scan using sbtest4_pkey on sbtest4  (cost=0.43..400.53 rows=101 width=121)
	  Index Cond: ((id >= 8416864) AND (id <= 8416963))

table 5 : explain SELECT c FROM sbtest5 WHERE id BETWEEN 7252726 AND 7252825
	Index Scan using sbtest5_pkey on sbtest5  (cost=0.43..443.89 rows=112 width=121)
	  Index Cond: ((id >= 7252726) AND (id <= 7252825))

table 6 : explain SELECT c FROM sbtest6 WHERE id BETWEEN 5682856 AND 5682955
	Index Scan using sbtest6_pkey on sbtest6  (cost=0.43..365.04 rows=92 width=121)
	  Index Cond: ((id >= 5682856) AND (id <= 5682955))

table 7 : explain SELECT c FROM sbtest7 WHERE id BETWEEN 7392459 AND 7392558
	Index Scan using sbtest7_pkey on sbtest7  (cost=0.43..360.95 rows=91 width=121)
	  Index Cond: ((id >= 7392459) AND (id <= 7392558))

table 8 : explain SELECT c FROM sbtest8 WHERE id BETWEEN 9838312 AND 9838411
	Index Scan using sbtest8_pkey on sbtest8  (cost=0.43..400.77 rows=101 width=121)
	  Index Cond: ((id >= 9838312) AND (id <= 9838411))

for point_selects
table 1 : explain SELECT c FROM sbtest1 WHERE id=7102532
	Index Scan using sbtest1_pkey on sbtest1  (cost=0.43..8.45 rows=1 width=121)
	  Index Cond: (id = 7102532)

table 2 : explain SELECT c FROM sbtest2 WHERE id=5934732
	Index Scan using sbtest2_pkey on sbtest2  (cost=0.43..8.45 rows=1 width=121)
	  Index Cond: (id = 5934732)

table 3 : explain SELECT c FROM sbtest3 WHERE id=3144969
	Index Scan using sbtest3_pkey on sbtest3  (cost=0.43..8.45 rows=1 width=121)
	  Index Cond: (id = 3144969)

table 4 : explain SELECT c FROM sbtest4 WHERE id=4408885
	Index Scan using sbtest4_pkey on sbtest4  (cost=0.43..8.45 rows=1 width=121)
	  Index Cond: (id = 4408885)

table 5 : explain SELECT c FROM sbtest5 WHERE id=3926838
	Index Scan using sbtest5_pkey on sbtest5  (cost=0.43..8.45 rows=1 width=121)
	  Index Cond: (id = 3926838)

table 6 : explain SELECT c FROM sbtest6 WHERE id=2028976
	Index Scan using sbtest6_pkey on sbtest6  (cost=0.43..8.45 rows=1 width=121)
	  Index Cond: (id = 2028976)

table 7 : explain SELECT c FROM sbtest7 WHERE id=7200790
	Index Scan using sbtest7_pkey on sbtest7  (cost=0.43..8.45 rows=1 width=121)
	  Index Cond: (id = 7200790)

table 8 : explain SELECT c FROM sbtest8 WHERE id=4424177
	Index Scan using sbtest8_pkey on sbtest8  (cost=0.43..8.45 rows=1 width=121)
	  Index Cond: (id = 4424177)

for: distinct_ranges
table 1 : explain SELECT DISTINCT c FROM sbtest1 WHERE id BETWEEN 8763010 AND 8763109 ORDER BY c
	Unique  (cost=390.96..391.45 rows=98 width=121)
	  ->  Sort  (cost=390.96..391.21 rows=98 width=121)
	        Sort Key: c
	        ->  Index Scan using sbtest1_pkey on sbtest1  (cost=0.43..387.72 rows=98 width=121)
	              Index Cond: ((id >= 8763010) AND (id <= 8763109))

table 2 : explain SELECT DISTINCT c FROM sbtest2 WHERE id BETWEEN 5589549 AND 5589648 ORDER BY c
	Unique  (cost=398.70..399.20 rows=100 width=121)
	  ->  Sort  (cost=398.70..398.95 rows=100 width=121)
	        Sort Key: c
	        ->  Index Scan using sbtest2_pkey on sbtest2  (cost=0.43..395.38 rows=100 width=121)
	              Index Cond: ((id >= 5589549) AND (id <= 5589648))

table 3 : explain SELECT DISTINCT c FROM sbtest3 WHERE id BETWEEN 6613212 AND 6613311 ORDER BY c
	Unique  (cost=403.56..404.06 rows=101 width=121)
	  ->  Sort  (cost=403.56..403.81 rows=101 width=121)
	        Sort Key: c
	        ->  Index Scan using sbtest3_pkey on sbtest3  (cost=0.43..400.19 rows=101 width=121)
	              Index Cond: ((id >= 6613212) AND (id <= 6613311))

table 4 : explain SELECT DISTINCT c FROM sbtest4 WHERE id BETWEEN 7326246 AND 7326345 ORDER BY c
	Unique  (cost=368.25..368.71 rows=92 width=121)
	  ->  Sort  (cost=368.25..368.48 rows=92 width=121)
	        Sort Key: c
	        ->  Index Scan using sbtest4_pkey on sbtest4  (cost=0.43..365.25 rows=92 width=121)
	              Index Cond: ((id >= 7326246) AND (id <= 7326345))

table 5 : explain SELECT DISTINCT c FROM sbtest5 WHERE id BETWEEN 2113615 AND 2113714 ORDER BY c
	Unique  (cost=416.00..416.52 rows=104 width=121)
	  ->  Sort  (cost=416.00..416.26 rows=104 width=121)
	        Sort Key: c
	        ->  Index Scan using sbtest5_pkey on sbtest5  (cost=0.43..412.51 rows=104 width=121)
	              Index Cond: ((id >= 2113615) AND (id <= 2113714))

table 6 : explain SELECT DISTINCT c FROM sbtest6 WHERE id BETWEEN 2120866 AND 2120965 ORDER BY c
	Unique  (cost=411.61..412.13 rows=103 width=121)
	  ->  Sort  (cost=411.61..411.87 rows=103 width=121)
	        Sort Key: c
	        ->  Index Scan using sbtest6_pkey on sbtest6  (cost=0.43..408.17 rows=103 width=121)
	              Index Cond: ((id >= 2120866) AND (id <= 2120965))

table 7 : explain SELECT DISTINCT c FROM sbtest7 WHERE id BETWEEN 245995 AND 246094 ORDER BY c
	Unique  (cost=458.89..459.47 rows=115 width=121)
	  ->  Sort  (cost=458.89..459.18 rows=115 width=121)
	        Sort Key: c
	        ->  Index Scan using sbtest7_pkey on sbtest7  (cost=0.43..454.96 rows=115 width=121)
	              Index Cond: ((id >= 245995) AND (id <= 246094))

table 8 : explain SELECT DISTINCT c FROM sbtest8 WHERE id BETWEEN 6200011 AND 6200110 ORDER BY c
	Unique  (cost=427.92..428.45 rows=107 width=121)
	  ->  Sort  (cost=427.92..428.18 rows=107 width=121)
	        Sort Key: c
	        ->  Index Scan using sbtest8_pkey on sbtest8  (cost=0.43..424.31 rows=107 width=121)
	              Index Cond: ((id >= 6200011) AND (id <= 6200110))

for point_selects
table 1 : explain SELECT c FROM sbtest1 WHERE id=7802153
	Index Scan using sbtest1_pkey on sbtest1  (cost=0.43..8.45 rows=1 width=121)
	  Index Cond: (id = 7802153)

table 2 : explain SELECT c FROM sbtest2 WHERE id=5712517
	Index Scan using sbtest2_pkey on sbtest2  (cost=0.43..8.45 rows=1 width=121)
	  Index Cond: (id = 5712517)

table 3 : explain SELECT c FROM sbtest3 WHERE id=94777
	Index Scan using sbtest3_pkey on sbtest3  (cost=0.43..8.45 rows=1 width=121)
	  Index Cond: (id = 94777)

table 4 : explain SELECT c FROM sbtest4 WHERE id=2603140
	Index Scan using sbtest4_pkey on sbtest4  (cost=0.43..8.45 rows=1 width=121)
	  Index Cond: (id = 2603140)

table 5 : explain SELECT c FROM sbtest5 WHERE id=1833373
	Index Scan using sbtest5_pkey on sbtest5  (cost=0.43..8.45 rows=1 width=121)
	  Index Cond: (id = 1833373)

table 6 : explain SELECT c FROM sbtest6 WHERE id=9563956
	Index Scan using sbtest6_pkey on sbtest6  (cost=0.43..8.45 rows=1 width=121)
	  Index Cond: (id = 9563956)

table 7 : explain SELECT c FROM sbtest7 WHERE id=8296779
	Index Scan using sbtest7_pkey on sbtest7  (cost=0.43..8.45 rows=1 width=121)
	  Index Cond: (id = 8296779)

table 8 : explain SELECT c FROM sbtest8 WHERE id=9677090
	Index Scan using sbtest8_pkey on sbtest8  (cost=0.43..8.45 rows=1 width=121)
	  Index Cond: (id = 9677090)

for: sum_ranges
table 1 : explain SELECT SUM(k) FROM sbtest1 WHERE id BETWEEN 7505620 AND 7505719
	Aggregate  (cost=411.43..411.44 rows=1 width=8)
	  ->  Index Scan using sbtest1_pkey on sbtest1  (cost=0.43..411.17 rows=104 width=4)
	        Index Cond: ((id >= 7505620) AND (id <= 7505719))

table 2 : explain SELECT SUM(k) FROM sbtest2 WHERE id BETWEEN 2360909 AND 2361008
	Aggregate  (cost=411.27..411.28 rows=1 width=8)
	  ->  Index Scan using sbtest2_pkey on sbtest2  (cost=0.43..411.01 rows=104 width=4)
	        Index Cond: ((id >= 2360909) AND (id <= 2361008))

table 3 : explain SELECT SUM(k) FROM sbtest3 WHERE id BETWEEN 8795351 AND 8795450
	Aggregate  (cost=396.53..396.54 rows=1 width=8)
	  ->  Index Scan using sbtest3_pkey on sbtest3  (cost=0.43..396.28 rows=100 width=4)
	        Index Cond: ((id >= 8795351) AND (id <= 8795450))

table 4 : explain SELECT SUM(k) FROM sbtest4 WHERE id BETWEEN 4213736 AND 4213835
	Aggregate  (cost=412.55..412.56 rows=1 width=8)
	  ->  Index Scan using sbtest4_pkey on sbtest4  (cost=0.43..412.29 rows=104 width=4)
	        Index Cond: ((id >= 4213736) AND (id <= 4213835))

table 5 : explain SELECT SUM(k) FROM sbtest5 WHERE id BETWEEN 8487390 AND 8487489
	Aggregate  (cost=408.85..408.86 rows=1 width=8)
	  ->  Index Scan using sbtest5_pkey on sbtest5  (cost=0.43..408.59 rows=103 width=4)
	        Index Cond: ((id >= 8487390) AND (id <= 8487489))

table 6 : explain SELECT SUM(k) FROM sbtest6 WHERE id BETWEEN 8972156 AND 8972255
	Aggregate  (cost=361.35..361.36 rows=1 width=8)
	  ->  Index Scan using sbtest6_pkey on sbtest6  (cost=0.43..361.13 rows=91 width=4)
	        Index Cond: ((id >= 8972156) AND (id <= 8972255))

table 7 : explain SELECT SUM(k) FROM sbtest7 WHERE id BETWEEN 942586 AND 942685
	Aggregate  (cost=408.22..408.23 rows=1 width=8)
	  ->  Index Scan using sbtest7_pkey on sbtest7  (cost=0.43..407.97 rows=103 width=4)
	        Index Cond: ((id >= 942586) AND (id <= 942685))

table 8 : explain SELECT SUM(k) FROM sbtest8 WHERE id BETWEEN 6527397 AND 6527496
	Aggregate  (cost=412.80..412.81 rows=1 width=8)
	  ->  Index Scan using sbtest8_pkey on sbtest8  (cost=0.43..412.54 rows=104 width=4)
	        Index Cond: ((id >= 6527397) AND (id <= 6527496))

for: sum_ranges
table 1 : explain SELECT SUM(k) FROM sbtest1 WHERE id BETWEEN 1375232 AND 1375331
	Aggregate  (cost=368.38..368.39 rows=1 width=8)
	  ->  Index Scan using sbtest1_pkey on sbtest1  (cost=0.43..368.15 rows=93 width=4)
	        Index Cond: ((id >= 1375232) AND (id <= 1375331))

table 2 : explain SELECT SUM(k) FROM sbtest2 WHERE id BETWEEN 1932791 AND 1932890
	Aggregate  (cost=438.64..438.65 rows=1 width=8)
	  ->  Index Scan using sbtest2_pkey on sbtest2  (cost=0.43..438.36 rows=111 width=4)
	        Index Cond: ((id >= 1932791) AND (id <= 1932890))

table 3 : explain SELECT SUM(k) FROM sbtest3 WHERE id BETWEEN 6295301 AND 6295400
	Aggregate  (cost=373.01..373.02 rows=1 width=8)
	  ->  Index Scan using sbtest3_pkey on sbtest3  (cost=0.43..372.78 rows=94 width=4)
	        Index Cond: ((id >= 6295301) AND (id <= 6295400))

table 4 : explain SELECT SUM(k) FROM sbtest4 WHERE id BETWEEN 2079629 AND 2079728
	Aggregate  (cost=361.56..361.57 rows=1 width=8)
	  ->  Index Scan using sbtest4_pkey on sbtest4  (cost=0.43..361.33 rows=91 width=4)
	        Index Cond: ((id >= 2079629) AND (id <= 2079728))

table 5 : explain SELECT SUM(k) FROM sbtest5 WHERE id BETWEEN 3384657 AND 3384756
	Aggregate  (cost=385.30..385.31 rows=1 width=8)
	  ->  Index Scan using sbtest5_pkey on sbtest5  (cost=0.43..385.06 rows=97 width=4)
	        Index Cond: ((id >= 3384657) AND (id <= 3384756))

table 6 : explain SELECT SUM(k) FROM sbtest6 WHERE id BETWEEN 4513870 AND 4513969
	Aggregate  (cost=388.82..388.83 rows=1 width=8)
	  ->  Index Scan using sbtest6_pkey on sbtest6  (cost=0.43..388.58 rows=98 width=4)
	        Index Cond: ((id >= 4513870) AND (id <= 4513969))

table 7 : explain SELECT SUM(k) FROM sbtest7 WHERE id BETWEEN 1240360 AND 1240459
	Aggregate  (cost=396.47..396.48 rows=1 width=8)
	  ->  Index Scan using sbtest7_pkey on sbtest7  (cost=0.43..396.22 rows=100 width=4)
	        Index Cond: ((id >= 1240360) AND (id <= 1240459))

table 8 : explain SELECT SUM(k) FROM sbtest8 WHERE id BETWEEN 6799579 AND 6799678
	Aggregate  (cost=385.33..385.34 rows=1 width=8)
	  ->  Index Scan using sbtest8_pkey on sbtest8  (cost=0.43..385.08 rows=97 width=4)
	        Index Cond: ((id >= 6799579) AND (id <= 6799678))

for: distinct_ranges
table 1 : explain SELECT DISTINCT c FROM sbtest1 WHERE id BETWEEN 4861545 AND 4861644 ORDER BY c
	Unique  (cost=394.91..395.41 rows=99 width=121)
	  ->  Sort  (cost=394.91..395.16 rows=99 width=121)
	        Sort Key: c
	        ->  Index Scan using sbtest1_pkey on sbtest1  (cost=0.43..391.63 rows=99 width=121)
	              Index Cond: ((id >= 4861545) AND (id <= 4861644))

table 2 : explain SELECT DISTINCT c FROM sbtest2 WHERE id BETWEEN 9182598 AND 9182697 ORDER BY c
	Unique  (cost=382.88..383.36 rows=96 width=121)
	  ->  Sort  (cost=382.88..383.12 rows=96 width=121)
	        Sort Key: c
	        ->  Index Scan using sbtest2_pkey on sbtest2  (cost=0.43..379.72 rows=96 width=121)
	              Index Cond: ((id >= 9182598) AND (id <= 9182697))

table 3 : explain SELECT DISTINCT c FROM sbtest3 WHERE id BETWEEN 6952581 AND 6952680 ORDER BY c
	Unique  (cost=419.38..419.91 rows=105 width=121)
	  ->  Sort  (cost=419.38..419.65 rows=105 width=121)
	        Sort Key: c
	        ->  Index Scan using sbtest3_pkey on sbtest3  (cost=0.43..415.86 rows=105 width=121)
	              Index Cond: ((id >= 6952581) AND (id <= 6952680))

table 4 : explain SELECT DISTINCT c FROM sbtest4 WHERE id BETWEEN 4371453 AND 4371552 ORDER BY c
	Unique  (cost=388.05..388.54 rows=97 width=121)
	  ->  Sort  (cost=388.05..388.29 rows=97 width=121)
	        Sort Key: c
	        ->  Index Scan using sbtest4_pkey on sbtest4  (cost=0.43..384.85 rows=97 width=121)
	              Index Cond: ((id >= 4371453) AND (id <= 4371552))

table 5 : explain SELECT DISTINCT c FROM sbtest5 WHERE id BETWEEN 9664911 AND 9665010 ORDER BY c
	Unique  (cost=443.74..444.29 rows=111 width=121)
	  ->  Sort  (cost=443.74..444.02 rows=111 width=121)
	        Sort Key: c
	        ->  Index Scan using sbtest5_pkey on sbtest5  (cost=0.43..439.97 rows=111 width=121)
	              Index Cond: ((id >= 9664911) AND (id <= 9665010))

table 6 : explain SELECT DISTINCT c FROM sbtest6 WHERE id BETWEEN 6664785 AND 6664884 ORDER BY c
	Unique  (cost=368.05..368.51 rows=92 width=121)
	  ->  Sort  (cost=368.05..368.28 rows=92 width=121)
	        Sort Key: c
	        ->  Index Scan using sbtest6_pkey on sbtest6  (cost=0.43..365.04 rows=92 width=121)
	              Index Cond: ((id >= 6664785) AND (id <= 6664884))

table 7 : explain SELECT DISTINCT c FROM sbtest7 WHERE id BETWEEN 9963541 AND 9963640 ORDER BY c
	Unique  (cost=387.67..388.16 rows=97 width=121)
	  ->  Sort  (cost=387.67..387.91 rows=97 width=121)
	        Sort Key: c
	        ->  Index Scan using sbtest7_pkey on sbtest7  (cost=0.43..384.47 rows=97 width=121)
	              Index Cond: ((id >= 9963541) AND (id <= 9963640))

table 8 : explain SELECT DISTINCT c FROM sbtest8 WHERE id BETWEEN 7066604 AND 7066703 ORDER BY c
	Unique  (cost=372.41..372.88 rows=93 width=121)
	  ->  Sort  (cost=372.41..372.64 rows=93 width=121)
	        Sort Key: c
	        ->  Index Scan using sbtest8_pkey on sbtest8  (cost=0.43..369.37 rows=93 width=121)
	              Index Cond: ((id >= 7066604) AND (id <= 7066703))

for: sum_ranges
table 1 : explain SELECT SUM(k) FROM sbtest1 WHERE id BETWEEN 6505235 AND 6505334
	Aggregate  (cost=395.79..395.80 rows=1 width=8)
	  ->  Index Scan using sbtest1_pkey on sbtest1  (cost=0.43..395.54 rows=100 width=4)
	        Index Cond: ((id >= 6505235) AND (id <= 6505334))

table 2 : explain SELECT SUM(k) FROM sbtest2 WHERE id BETWEEN 4734676 AND 4734775
	Aggregate  (cost=411.27..411.28 rows=1 width=8)
	  ->  Index Scan using sbtest2_pkey on sbtest2  (cost=0.43..411.01 rows=104 width=4)
	        Index Cond: ((id >= 4734676) AND (id <= 4734775))

table 3 : explain SELECT SUM(k) FROM sbtest3 WHERE id BETWEEN 5582002 AND 5582101
	Aggregate  (cost=408.28..408.29 rows=1 width=8)
	  ->  Index Scan using sbtest3_pkey on sbtest3  (cost=0.43..408.03 rows=103 width=4)
	        Index Cond: ((id >= 5582002) AND (id <= 5582101))

table 4 : explain SELECT SUM(k) FROM sbtest4 WHERE id BETWEEN 6775586 AND 6775685
	Aggregate  (cost=392.94..392.95 rows=1 width=8)
	  ->  Index Scan using sbtest4_pkey on sbtest4  (cost=0.43..392.69 rows=99 width=4)
	        Index Cond: ((id >= 6775586) AND (id <= 6775685))

table 5 : explain SELECT SUM(k) FROM sbtest5 WHERE id BETWEEN 2217219 AND 2217318
	Aggregate  (cost=385.30..385.31 rows=1 width=8)
	  ->  Index Scan using sbtest5_pkey on sbtest5  (cost=0.43..385.06 rows=97 width=4)
	        Index Cond: ((id >= 2217219) AND (id <= 2217318))

table 6 : explain SELECT SUM(k) FROM sbtest6 WHERE id BETWEEN 6052583 AND 6052682
	Aggregate  (cost=384.90..384.91 rows=1 width=8)
	  ->  Index Scan using sbtest6_pkey on sbtest6  (cost=0.43..384.66 rows=97 width=4)
	        Index Cond: ((id >= 6052583) AND (id <= 6052682))

table 7 : explain SELECT SUM(k) FROM sbtest7 WHERE id BETWEEN 1186015 AND 1186114
	Aggregate  (cost=396.47..396.48 rows=1 width=8)
	  ->  Index Scan using sbtest7_pkey on sbtest7  (cost=0.43..396.22 rows=100 width=4)
	        Index Cond: ((id >= 1186015) AND (id <= 1186114))

table 8 : explain SELECT SUM(k) FROM sbtest8 WHERE id BETWEEN 2565851 AND 2565950
	Aggregate  (cost=408.88..408.89 rows=1 width=8)
	  ->  Index Scan using sbtest8_pkey on sbtest8  (cost=0.43..408.62 rows=103 width=4)
	        Index Cond: ((id >= 2565851) AND (id <= 2565950))

for: sum_ranges
table 1 : explain SELECT SUM(k) FROM sbtest1 WHERE id BETWEEN 3612282 AND 3612381
	Aggregate  (cost=387.97..387.98 rows=1 width=8)
	  ->  Index Scan using sbtest1_pkey on sbtest1  (cost=0.43..387.72 rows=98 width=4)
	        Index Cond: ((id >= 3612282) AND (id <= 3612381))

table 2 : explain SELECT SUM(k) FROM sbtest2 WHERE id BETWEEN 5036386 AND 5036485
	Aggregate  (cost=395.63..395.64 rows=1 width=8)
	  ->  Index Scan using sbtest2_pkey on sbtest2  (cost=0.43..395.38 rows=100 width=4)
	        Index Cond: ((id >= 5036386) AND (id <= 5036485))

table 3 : explain SELECT SUM(k) FROM sbtest3 WHERE id BETWEEN 1298962 AND 1299061
	Aggregate  (cost=396.53..396.54 rows=1 width=8)
	  ->  Index Scan using sbtest3_pkey on sbtest3  (cost=0.43..396.28 rows=100 width=4)
	        Index Cond: ((id >= 1298962) AND (id <= 1299061))

table 4 : explain SELECT SUM(k) FROM sbtest4 WHERE id BETWEEN 6755350 AND 6755449
	Aggregate  (cost=392.94..392.95 rows=1 width=8)
	  ->  Index Scan using sbtest4_pkey on sbtest4  (cost=0.43..392.69 rows=99 width=4)
	        Index Cond: ((id >= 6755350) AND (id <= 6755449))

table 5 : explain SELECT SUM(k) FROM sbtest5 WHERE id BETWEEN 7798567 AND 7798666
	Aggregate  (cost=353.88..353.89 rows=1 width=8)
	  ->  Index Scan using sbtest5_pkey on sbtest5  (cost=0.43..353.66 rows=89 width=4)
	        Index Cond: ((id >= 7798567) AND (id <= 7798666))

table 6 : explain SELECT SUM(k) FROM sbtest6 WHERE id BETWEEN 7189057 AND 7189156
	Aggregate  (cost=416.27..416.28 rows=1 width=8)
	  ->  Index Scan using sbtest6_pkey on sbtest6  (cost=0.43..416.00 rows=105 width=4)
	        Index Cond: ((id >= 7189057) AND (id <= 7189156))

table 7 : explain SELECT SUM(k) FROM sbtest7 WHERE id BETWEEN 9780809 AND 9780908
	Aggregate  (cost=369.04..369.05 rows=1 width=8)
	  ->  Index Scan using sbtest7_pkey on sbtest7  (cost=0.43..368.81 rows=93 width=4)
	        Index Cond: ((id >= 9780809) AND (id <= 9780908))

table 8 : explain SELECT SUM(k) FROM sbtest8 WHERE id BETWEEN 4607339 AND 4607438
	Aggregate  (cost=373.53..373.54 rows=1 width=8)
	  ->  Index Scan using sbtest8_pkey on sbtest8  (cost=0.43..373.29 rows=94 width=4)
	        Index Cond: ((id >= 4607339) AND (id <= 4607438))

for: sum_ranges
table 1 : explain SELECT SUM(k) FROM sbtest1 WHERE id BETWEEN 1999983 AND 2000082
	Aggregate  (cost=415.35..415.36 rows=1 width=8)
	  ->  Index Scan using sbtest1_pkey on sbtest1  (cost=0.43..415.08 rows=105 width=4)
	        Index Cond: ((id >= 1999983) AND (id <= 2000082))

table 2 : explain SELECT SUM(k) FROM sbtest2 WHERE id BETWEEN 4802236 AND 4802335
	Aggregate  (cost=426.91..426.92 rows=1 width=8)
	  ->  Index Scan using sbtest2_pkey on sbtest2  (cost=0.43..426.64 rows=108 width=4)
	        Index Cond: ((id >= 4802236) AND (id <= 4802335))

table 3 : explain SELECT SUM(k) FROM sbtest3 WHERE id BETWEEN 7565257 AND 7565356
	Aggregate  (cost=380.85..380.86 rows=1 width=8)
	  ->  Index Scan using sbtest3_pkey on sbtest3  (cost=0.43..380.61 rows=96 width=4)
	        Index Cond: ((id >= 7565257) AND (id <= 7565356))

table 4 : explain SELECT SUM(k) FROM sbtest4 WHERE id BETWEEN 3654097 AND 3654196
	Aggregate  (cost=361.56..361.57 rows=1 width=8)
	  ->  Index Scan using sbtest4_pkey on sbtest4  (cost=0.43..361.33 rows=91 width=4)
	        Index Cond: ((id >= 3654097) AND (id <= 3654196))

table 5 : explain SELECT SUM(k) FROM sbtest5 WHERE id BETWEEN 9462020 AND 9462119
	Aggregate  (cost=389.23..389.24 rows=1 width=8)
	  ->  Index Scan using sbtest5_pkey on sbtest5  (cost=0.43..388.98 rows=98 width=4)
	        Index Cond: ((id >= 9462020) AND (id <= 9462119))

table 6 : explain SELECT SUM(k) FROM sbtest6 WHERE id BETWEEN 5932317 AND 5932416
	Aggregate  (cost=384.90..384.91 rows=1 width=8)
	  ->  Index Scan using sbtest6_pkey on sbtest6  (cost=0.43..384.66 rows=97 width=4)
	        Index Cond: ((id >= 5932317) AND (id <= 5932416))

table 7 : explain SELECT SUM(k) FROM sbtest7 WHERE id BETWEEN 8525939 AND 8526038
	Aggregate  (cost=372.96..372.97 rows=1 width=8)
	  ->  Index Scan using sbtest7_pkey on sbtest7  (cost=0.43..372.72 rows=94 width=4)
	        Index Cond: ((id >= 8525939) AND (id <= 8526038))

table 8 : explain SELECT SUM(k) FROM sbtest8 WHERE id BETWEEN 5139112 AND 5139211
	Aggregate  (cost=420.65..420.66 rows=1 width=8)
	  ->  Index Scan using sbtest8_pkey on sbtest8  (cost=0.43..420.39 rows=106 width=4)
	        Index Cond: ((id >= 5139112) AND (id <= 5139211))

for: sum_ranges
table 1 : explain SELECT SUM(k) FROM sbtest1 WHERE id BETWEEN 1651972 AND 1652071
	Aggregate  (cost=423.17..423.18 rows=1 width=8)
	  ->  Index Scan using sbtest1_pkey on sbtest1  (cost=0.43..422.90 rows=107 width=4)
	        Index Cond: ((id >= 1651972) AND (id <= 1652071))

table 2 : explain SELECT SUM(k) FROM sbtest2 WHERE id BETWEEN 3887020 AND 3887119
	Aggregate  (cost=376.05..376.06 rows=1 width=8)
	  ->  Index Scan using sbtest2_pkey on sbtest2  (cost=0.43..375.81 rows=95 width=4)
	        Index Cond: ((id >= 3887020) AND (id <= 3887119))

table 3 : explain SELECT SUM(k) FROM sbtest3 WHERE id BETWEEN 535621 AND 535720
	Aggregate  (cost=365.17..365.18 rows=1 width=8)
	  ->  Index Scan using sbtest3_pkey on sbtest3  (cost=0.43..364.94 rows=92 width=4)
	        Index Cond: ((id >= 535621) AND (id <= 535720))

table 4 : explain SELECT SUM(k) FROM sbtest4 WHERE id BETWEEN 758045 AND 758144
	Aggregate  (cost=455.70..455.71 rows=1 width=8)
	  ->  Index Scan using sbtest4_pkey on sbtest4  (cost=0.43..455.41 rows=115 width=4)
	        Index Cond: ((id >= 758045) AND (id <= 758144))

table 5 : explain SELECT SUM(k) FROM sbtest5 WHERE id BETWEEN 7286410 AND 7286509
	Aggregate  (cost=373.53..373.54 rows=1 width=8)
	  ->  Index Scan using sbtest5_pkey on sbtest5  (cost=0.43..373.29 rows=94 width=4)
	        Index Cond: ((id >= 7286410) AND (id <= 7286509))

table 6 : explain SELECT SUM(k) FROM sbtest6 WHERE id BETWEEN 1487205 AND 1487304
	Aggregate  (cost=388.82..388.83 rows=1 width=8)
	  ->  Index Scan using sbtest6_pkey on sbtest6  (cost=0.43..388.58 rows=98 width=4)
	        Index Cond: ((id >= 1487205) AND (id <= 1487304))

table 7 : explain SELECT SUM(k) FROM sbtest7 WHERE id BETWEEN 3933514 AND 3933613
	Aggregate  (cost=396.47..396.48 rows=1 width=8)
	  ->  Index Scan using sbtest7_pkey on sbtest7  (cost=0.43..396.22 rows=100 width=4)
	        Index Cond: ((id >= 3933514) AND (id <= 3933613))

table 8 : explain SELECT SUM(k) FROM sbtest8 WHERE id BETWEEN 1359608 AND 1359707
	Aggregate  (cost=389.25..389.26 rows=1 width=8)
	  ->  Index Scan using sbtest8_pkey on sbtest8  (cost=0.43..389.01 rows=98 width=4)
	        Index Cond: ((id >= 1359608) AND (id <= 1359707))

for: order_ranges
table 1 : explain SELECT c FROM sbtest1 WHERE id BETWEEN 5406995 AND 5407094 ORDER BY c
	Sort  (cost=426.51..426.78 rows=107 width=121)
	  Sort Key: c
	  ->  Index Scan using sbtest1_pkey on sbtest1  (cost=0.43..422.90 rows=107 width=121)
	        Index Cond: ((id >= 5406995) AND (id <= 5407094))

table 2 : explain SELECT c FROM sbtest2 WHERE id BETWEEN 4190757 AND 4190856 ORDER BY c
	Sort  (cost=402.65..402.90 rows=101 width=121)
	  Sort Key: c
	  ->  Index Scan using sbtest2_pkey on sbtest2  (cost=0.43..399.29 rows=101 width=121)
	        Index Cond: ((id >= 4190757) AND (id <= 4190856))

table 3 : explain SELECT c FROM sbtest3 WHERE id BETWEEN 7568304 AND 7568403 ORDER BY c
	Sort  (cost=383.77..384.01 rows=96 width=121)
	  Sort Key: c
	  ->  Index Scan using sbtest3_pkey on sbtest3  (cost=0.43..380.61 rows=96 width=121)
	        Index Cond: ((id >= 7568304) AND (id <= 7568403))

table 4 : explain SELECT c FROM sbtest4 WHERE id BETWEEN 6125235 AND 6125334 ORDER BY c
	Sort  (cost=439.54..439.81 rows=110 width=121)
	  Sort Key: c
	  ->  Index Scan using sbtest4_pkey on sbtest4  (cost=0.43..435.81 rows=110 width=121)
	        Index Cond: ((id >= 6125235) AND (id <= 6125334))

table 5 : explain SELECT c FROM sbtest5 WHERE id BETWEEN 6872818 AND 6872917 ORDER BY c
	Sort  (cost=396.18..396.43 rows=99 width=121)
	  Sort Key: c
	  ->  Index Scan using sbtest5_pkey on sbtest5  (cost=0.43..392.90 rows=99 width=121)
	        Index Cond: ((id >= 6872818) AND (id <= 6872917))

table 6 : explain SELECT c FROM sbtest6 WHERE id BETWEEN 5189708 AND 5189807 ORDER BY c
	Sort  (cost=364.09..364.31 rows=91 width=121)
	  Sort Key: c
	  ->  Index Scan using sbtest6_pkey on sbtest6  (cost=0.43..361.13 rows=91 width=121)
	        Index Cond: ((id >= 5189708) AND (id <= 5189807))

table 7 : explain SELECT c FROM sbtest7 WHERE id BETWEEN 9985016 AND 9985115 ORDER BY c
	Sort  (cost=387.67..387.91 rows=97 width=121)
	  Sort Key: c
	  ->  Index Scan using sbtest7_pkey on sbtest7  (cost=0.43..384.47 rows=97 width=121)
	        Index Cond: ((id >= 9985016) AND (id <= 9985115))

table 8 : explain SELECT c FROM sbtest8 WHERE id BETWEEN 6051381 AND 6051480 ORDER BY c
	Sort  (cost=396.21..396.46 rows=99 width=121)
	  Sort Key: c
	  ->  Index Scan using sbtest8_pkey on sbtest8  (cost=0.43..392.93 rows=99 width=121)
	        Index Cond: ((id >= 6051381) AND (id <= 6051480))

for: order_ranges
table 1 : explain SELECT c FROM sbtest1 WHERE id BETWEEN 2274752 AND 2274851 ORDER BY c
	Sort  (cost=402.81..403.06 rows=101 width=121)
	  Sort Key: c
	  ->  Index Scan using sbtest1_pkey on sbtest1  (cost=0.43..399.45 rows=101 width=121)
	        Index Cond: ((id >= 2274752) AND (id <= 2274851))

table 2 : explain SELECT c FROM sbtest2 WHERE id BETWEEN 3909791 AND 3909890 ORDER BY c
	Sort  (cost=378.94..379.17 rows=95 width=121)
	  Sort Key: c
	  ->  Index Scan using sbtest2_pkey on sbtest2  (cost=0.43..375.81 rows=95 width=121)
	        Index Cond: ((id >= 3909791) AND (id <= 3909890))

table 3 : explain SELECT c FROM sbtest3 WHERE id BETWEEN 3684778 AND 3684877 ORDER BY c
	Sort  (cost=407.51..407.77 rows=102 width=121)
	  Sort Key: c
	  ->  Index Scan using sbtest3_pkey on sbtest3  (cost=0.43..404.11 rows=102 width=121)
	        Index Cond: ((id >= 3684778) AND (id <= 3684877))

table 4 : explain SELECT c FROM sbtest4 WHERE id BETWEEN 6280892 AND 6280991 ORDER BY c
	Sort  (cost=376.17..376.41 rows=94 width=121)
	  Sort Key: c
	  ->  Index Scan using sbtest4_pkey on sbtest4  (cost=0.43..373.09 rows=94 width=121)
	        Index Cond: ((id >= 6280892) AND (id <= 6280991))

table 5 : explain SELECT c FROM sbtest5 WHERE id BETWEEN 1936935 AND 1937034 ORDER BY c
	Sort  (cost=463.56..463.85 rows=116 width=121)
	  Sort Key: c
	  ->  Index Scan using sbtest5_pkey on sbtest5  (cost=0.43..459.58 rows=116 width=121)
	        Index Cond: ((id >= 1936935) AND (id <= 1937034))

table 6 : explain SELECT c FROM sbtest6 WHERE id BETWEEN 2952347 AND 2952446 ORDER BY c
	Sort  (cost=375.96..376.20 rows=94 width=121)
	  Sort Key: c
	  ->  Index Scan using sbtest6_pkey on sbtest6  (cost=0.43..372.88 rows=94 width=121)
	        Index Cond: ((id >= 2952347) AND (id <= 2952446))

table 7 : explain SELECT c FROM sbtest7 WHERE id BETWEEN 4836764 AND 4836863 ORDER BY c
	Sort  (cost=395.58..395.83 rows=99 width=121)
	  Sort Key: c
	  ->  Index Scan using sbtest7_pkey on sbtest7  (cost=0.43..392.30 rows=99 width=121)
	        Index Cond: ((id >= 4836764) AND (id <= 4836863))

table 8 : explain SELECT c FROM sbtest8 WHERE id BETWEEN 5589810 AND 5589909 ORDER BY c
	Sort  (cost=412.06..412.32 rows=103 width=121)
	  Sort Key: c
	  ->  Index Scan using sbtest8_pkey on sbtest8  (cost=0.43..408.62 rows=103 width=121)
	        Index Cond: ((id >= 5589810) AND (id <= 5589909))

for: order_ranges
table 1 : explain SELECT c FROM sbtest1 WHERE id BETWEEN 9211381 AND 9211480 ORDER BY c
	Sort  (cost=383.06..383.30 rows=96 width=121)
	  Sort Key: c
	  ->  Index Scan using sbtest1_pkey on sbtest1  (cost=0.43..379.90 rows=96 width=121)
	        Index Cond: ((id >= 9211381) AND (id <= 9211480))

table 2 : explain SELECT c FROM sbtest2 WHERE id BETWEEN 3011953 AND 3012052 ORDER BY c
	Sort  (cost=410.55..410.80 rows=103 width=121)
	  Sort Key: c
	  ->  Index Scan using sbtest2_pkey on sbtest2  (cost=0.43..407.10 rows=103 width=121)
	        Index Cond: ((id >= 3011953) AND (id <= 3012052))

table 3 : explain SELECT c FROM sbtest3 WHERE id BETWEEN 3431316 AND 3431415 ORDER BY c
	Sort  (cost=399.60..399.85 rows=100 width=121)
	  Sort Key: c
	  ->  Index Scan using sbtest3_pkey on sbtest3  (cost=0.43..396.28 rows=100 width=121)
	        Index Cond: ((id >= 3431316) AND (id <= 3431415))

table 4 : explain SELECT c FROM sbtest4 WHERE id BETWEEN 6152231 AND 6152330 ORDER BY c
	Sort  (cost=439.54..439.81 rows=110 width=121)
	  Sort Key: c
	  ->  Index Scan using sbtest4_pkey on sbtest4  (cost=0.43..435.81 rows=110 width=121)
	        Index Cond: ((id >= 6152231) AND (id <= 6152330))

table 5 : explain SELECT c FROM sbtest5 WHERE id BETWEEN 9145307 AND 9145406 ORDER BY c
	Sort  (cost=400.15..400.40 rows=100 width=121)
	  Sort Key: c
	  ->  Index Scan using sbtest5_pkey on sbtest5  (cost=0.43..396.82 rows=100 width=121)
	        Index Cond: ((id >= 9145307) AND (id <= 9145406))

table 6 : explain SELECT c FROM sbtest6 WHERE id BETWEEN 2948612 AND 2948711 ORDER BY c
	Sort  (cost=375.96..376.20 rows=94 width=121)
	  Sort Key: c
	  ->  Index Scan using sbtest6_pkey on sbtest6  (cost=0.43..372.88 rows=94 width=121)
	        Index Cond: ((id >= 2948612) AND (id <= 2948711))

table 7 : explain SELECT c FROM sbtest7 WHERE id BETWEEN 2370363 AND 2370462 ORDER BY c
	Sort  (cost=407.45..407.71 rows=102 width=121)
	  Sort Key: c
	  ->  Index Scan using sbtest7_pkey on sbtest7  (cost=0.43..404.05 rows=102 width=121)
	        Index Cond: ((id >= 2370363) AND (id <= 2370462))

table 8 : explain SELECT c FROM sbtest8 WHERE id BETWEEN 3910149 AND 3910248 ORDER BY c
	Sort  (cost=427.92..428.18 rows=107 width=121)
	  Sort Key: c
	  ->  Index Scan using sbtest8_pkey on sbtest8  (cost=0.43..424.31 rows=107 width=121)
	        Index Cond: ((id >= 3910149) AND (id <= 3910248))

for: order_ranges
table 1 : explain SELECT c FROM sbtest1 WHERE id BETWEEN 1563847 AND 1563946 ORDER BY c
	Sort  (cost=379.11..379.35 rows=95 width=121)
	  Sort Key: c
	  ->  Index Scan using sbtest1_pkey on sbtest1  (cost=0.43..375.99 rows=95 width=121)
	        Index Cond: ((id >= 1563847) AND (id <= 1563946))

table 2 : explain SELECT c FROM sbtest2 WHERE id BETWEEN 787270 AND 787369 ORDER BY c
	Sort  (cost=386.83..387.07 rows=97 width=121)
	  Sort Key: c
	  ->  Index Scan using sbtest2_pkey on sbtest2  (cost=0.43..383.63 rows=97 width=121)
	        Index Cond: ((id >= 787270) AND (id <= 787369))

table 3 : explain SELECT c FROM sbtest3 WHERE id BETWEEN 4730930 AND 4731029 ORDER BY c
	Sort  (cost=395.64..395.89 rows=99 width=121)
	  Sort Key: c
	  ->  Index Scan using sbtest3_pkey on sbtest3  (cost=0.43..392.36 rows=99 width=121)
	        Index Cond: ((id >= 4730930) AND (id <= 4731029))

table 4 : explain SELECT c FROM sbtest4 WHERE id BETWEEN 733306 AND 733405 ORDER BY c
	Sort  (cost=459.35..459.63 rows=115 width=121)
	  Sort Key: c
	  ->  Index Scan using sbtest4_pkey on sbtest4  (cost=0.43..455.41 rows=115 width=121)
	        Index Cond: ((id >= 733306) AND (id <= 733405))

table 5 : explain SELECT c FROM sbtest5 WHERE id BETWEEN 1176566 AND 1176665 ORDER BY c
	Sort  (cost=412.03..412.29 rows=103 width=121)
	  Sort Key: c
	  ->  Index Scan using sbtest5_pkey on sbtest5  (cost=0.43..408.59 rows=103 width=121)
	        Index Cond: ((id >= 1176566) AND (id <= 1176665))

table 6 : explain SELECT c FROM sbtest6 WHERE id BETWEEN 9174018 AND 9174117 ORDER BY c
	Sort  (cost=431.41..431.68 rows=108 width=121)
	  Sort Key: c
	  ->  Index Scan using sbtest6_pkey on sbtest6  (cost=0.43..427.76 rows=108 width=121)
	        Index Cond: ((id >= 9174018) AND (id <= 9174117))

table 7 : explain SELECT c FROM sbtest7 WHERE id BETWEEN 7582747 AND 7582846 ORDER BY c
	Sort  (cost=447.02..447.30 rows=112 width=121)
	  Sort Key: c
	  ->  Index Scan using sbtest7_pkey on sbtest7  (cost=0.43..443.21 rows=112 width=121)
	        Index Cond: ((id >= 7582747) AND (id <= 7582846))

table 8 : explain SELECT c FROM sbtest8 WHERE id BETWEEN 242840 AND 242939 ORDER BY c
	Sort  (cost=364.49..364.71 rows=91 width=121)
	  Sort Key: c
	  ->  Index Scan using sbtest8_pkey on sbtest8  (cost=0.43..361.53 rows=91 width=121)
	        Index Cond: ((id >= 242840) AND (id <= 242939))

for: order_ranges
table 1 : explain SELECT c FROM sbtest1 WHERE id BETWEEN 4284255 AND 4284354 ORDER BY c
	Sort  (cost=367.24..367.47 rows=92 width=121)
	  Sort Key: c
	  ->  Index Scan using sbtest1_pkey on sbtest1  (cost=0.43..364.24 rows=92 width=121)
	        Index Cond: ((id >= 4284255) AND (id <= 4284354))

table 2 : explain SELECT c FROM sbtest2 WHERE id BETWEEN 9616959 AND 9617058 ORDER BY c
	Sort  (cost=402.65..402.90 rows=101 width=121)
	  Sort Key: c
	  ->  Index Scan using sbtest2_pkey on sbtest2  (cost=0.43..399.29 rows=101 width=121)
	        Index Cond: ((id >= 9616959) AND (id <= 9617058))

table 3 : explain SELECT c FROM sbtest3 WHERE id BETWEEN 888834 AND 888933 ORDER BY c
	Sort  (cost=387.73..387.97 rows=97 width=121)
	  Sort Key: c
	  ->  Index Scan using sbtest3_pkey on sbtest3  (cost=0.43..384.53 rows=97 width=121)
	        Index Cond: ((id >= 888834) AND (id <= 888933))

table 4 : explain SELECT c FROM sbtest4 WHERE id BETWEEN 1691743 AND 1691842 ORDER BY c
	Sort  (cost=368.25..368.48 rows=92 width=121)
	  Sort Key: c
	  ->  Index Scan using sbtest4_pkey on sbtest4  (cost=0.43..365.25 rows=92 width=121)
	        Index Cond: ((id >= 1691743) AND (id <= 1691842))

table 5 : explain SELECT c FROM sbtest5 WHERE id BETWEEN 778358 AND 778457 ORDER BY c
	Sort  (cost=400.15..400.40 rows=100 width=121)
	  Sort Key: c
	  ->  Index Scan using sbtest5_pkey on sbtest5  (cost=0.43..396.82 rows=100 width=121)
	        Index Cond: ((id >= 778358) AND (id <= 778457))

table 6 : explain SELECT c FROM sbtest6 WHERE id BETWEEN 5822982 AND 5823081 ORDER BY c
	Sort  (cost=463.08..463.37 rows=116 width=121)
	  Sort Key: c
	  ->  Index Scan using sbtest6_pkey on sbtest6  (cost=0.43..459.10 rows=116 width=121)
	        Index Cond: ((id >= 5822982) AND (id <= 5823081))

table 7 : explain SELECT c FROM sbtest7 WHERE id BETWEEN 1872947 AND 1873046 ORDER BY c
	Sort  (cost=367.89..368.12 rows=92 width=121)
	  Sort Key: c
	  ->  Index Scan using sbtest7_pkey on sbtest7  (cost=0.43..364.89 rows=92 width=121)
	        Index Cond: ((id >= 1872947) AND (id <= 1873046))

table 8 : explain SELECT c FROM sbtest8 WHERE id BETWEEN 5736206 AND 5736305 ORDER BY c
	Sort  (cost=416.03..416.29 rows=104 width=121)
	  Sort Key: c
	  ->  Index Scan using sbtest8_pkey on sbtest8  (cost=0.43..412.54 rows=104 width=121)
	        Index Cond: ((id >= 5736206) AND (id <= 5736305))

for: order_ranges
table 1 : explain SELECT c FROM sbtest1 WHERE id BETWEEN 4390675 AND 4390774 ORDER BY c
	Sort  (cost=383.06..383.30 rows=96 width=121)
	  Sort Key: c
	  ->  Index Scan using sbtest1_pkey on sbtest1  (cost=0.43..379.90 rows=96 width=121)
	        Index Cond: ((id >= 4390675) AND (id <= 4390774))

table 2 : explain SELECT c FROM sbtest2 WHERE id BETWEEN 8963149 AND 8963248 ORDER BY c
	Sort  (cost=406.60..406.85 rows=102 width=121)
	  Sort Key: c
	  ->  Index Scan using sbtest2_pkey on sbtest2  (cost=0.43..403.19 rows=102 width=121)
	        Index Cond: ((id >= 8963149) AND (id <= 8963248))

table 3 : explain SELECT c FROM sbtest3 WHERE id BETWEEN 6477532 AND 6477631 ORDER BY c
	Sort  (cost=407.51..407.77 rows=102 width=121)
	  Sort Key: c
	  ->  Index Scan using sbtest3_pkey on sbtest3  (cost=0.43..404.11 rows=102 width=121)
	        Index Cond: ((id >= 6477532) AND (id <= 6477631))

table 4 : explain SELECT c FROM sbtest4 WHERE id BETWEEN 9599616 AND 9599715 ORDER BY c
	Sort  (cost=447.46..447.74 rows=112 width=121)
	  Sort Key: c
	  ->  Index Scan using sbtest4_pkey on sbtest4  (cost=0.43..443.65 rows=112 width=121)
	        Index Cond: ((id >= 9599616) AND (id <= 9599715))

table 5 : explain SELECT c FROM sbtest5 WHERE id BETWEEN 7962649 AND 7962748 ORDER BY c
	Sort  (cost=412.03..412.29 rows=103 width=121)
	  Sort Key: c
	  ->  Index Scan using sbtest5_pkey on sbtest5  (cost=0.43..408.59 rows=103 width=121)
	        Index Cond: ((id >= 7962649) AND (id <= 7962748))

table 6 : explain SELECT c FROM sbtest6 WHERE id BETWEEN 1122718 AND 1122817 ORDER BY c
	Sort  (cost=375.96..376.20 rows=94 width=121)
	  Sort Key: c
	  ->  Index Scan using sbtest6_pkey on sbtest6  (cost=0.43..372.88 rows=94 width=121)
	        Index Cond: ((id >= 1122718) AND (id <= 1122817))

table 7 : explain SELECT c FROM sbtest7 WHERE id BETWEEN 7214785 AND 7214884 ORDER BY c
	Sort  (cost=363.91..364.14 rows=91 width=121)
	  Sort Key: c
	  ->  Index Scan using sbtest7_pkey on sbtest7  (cost=0.43..360.95 rows=91 width=121)
	        Index Cond: ((id >= 7214785) AND (id <= 7214884))

table 8 : explain SELECT c FROM sbtest8 WHERE id BETWEEN 6604243 AND 6604342 ORDER BY c
	Sort  (cost=360.52..360.75 rows=90 width=121)
	  Sort Key: c
	  ->  Index Scan using sbtest8_pkey on sbtest8  (cost=0.43..357.60 rows=90 width=121)
	        Index Cond: ((id >= 6604243) AND (id <= 6604342))

for: simple_ranges
table 1 : explain SELECT c FROM sbtest1 WHERE id BETWEEN 1824774 AND 1824873
	Index Scan using sbtest1_pkey on sbtest1  (cost=0.43..364.24 rows=92 width=121)
	  Index Cond: ((id >= 1824774) AND (id <= 1824873))

table 2 : explain SELECT c FROM sbtest2 WHERE id BETWEEN 8120252 AND 8120351
	Index Scan using sbtest2_pkey on sbtest2  (cost=0.43..383.63 rows=97 width=121)
	  Index Cond: ((id >= 8120252) AND (id <= 8120351))

table 3 : explain SELECT c FROM sbtest3 WHERE id BETWEEN 1743825 AND 1743924
	Index Scan using sbtest3_pkey on sbtest3  (cost=0.43..364.94 rows=92 width=121)
	  Index Cond: ((id >= 1743825) AND (id <= 1743924))

table 4 : explain SELECT c FROM sbtest4 WHERE id BETWEEN 2137242 AND 2137341
	Index Scan using sbtest4_pkey on sbtest4  (cost=0.43..384.85 rows=97 width=121)
	  Index Cond: ((id >= 2137242) AND (id <= 2137341))

table 5 : explain SELECT c FROM sbtest5 WHERE id BETWEEN 6246674 AND 6246773
	Index Scan using sbtest5_pkey on sbtest5  (cost=0.43..388.98 rows=98 width=121)
	  Index Cond: ((id >= 6246674) AND (id <= 6246773))

table 6 : explain SELECT c FROM sbtest6 WHERE id BETWEEN 5613424 AND 5613523
	Index Scan using sbtest6_pkey on sbtest6  (cost=0.43..396.41 rows=100 width=121)
	  Index Cond: ((id >= 5613424) AND (id <= 5613523))

table 7 : explain SELECT c FROM sbtest7 WHERE id BETWEEN 8459255 AND 8459354
	Index Scan using sbtest7_pkey on sbtest7  (cost=0.43..443.21 rows=112 width=121)
	  Index Cond: ((id >= 8459255) AND (id <= 8459354))

table 8 : explain SELECT c FROM sbtest8 WHERE id BETWEEN 4040187 AND 4040286
	Index Scan using sbtest8_pkey on sbtest8  (cost=0.43..404.70 rows=102 width=121)
	  Index Cond: ((id >= 4040187) AND (id <= 4040286))

for: simple_ranges
table 1 : explain SELECT c FROM sbtest1 WHERE id BETWEEN 2584829 AND 2584928
	Index Scan using sbtest1_pkey on sbtest1  (cost=0.43..391.63 rows=99 width=121)
	  Index Cond: ((id >= 2584829) AND (id <= 2584928))

table 2 : explain SELECT c FROM sbtest2 WHERE id BETWEEN 269473 AND 269572
	Index Scan using sbtest2_pkey on sbtest2  (cost=0.43..403.19 rows=102 width=121)
	  Index Cond: ((id >= 269473) AND (id <= 269572))

table 3 : explain SELECT c FROM sbtest3 WHERE id BETWEEN 1991174 AND 1991273
	Index Scan using sbtest3_pkey on sbtest3  (cost=0.43..408.03 rows=103 width=121)
	  Index Cond: ((id >= 1991174) AND (id <= 1991273))

table 4 : explain SELECT c FROM sbtest4 WHERE id BETWEEN 2928837 AND 2928936
	Index Scan using sbtest4_pkey on sbtest4  (cost=0.43..396.61 rows=100 width=121)
	  Index Cond: ((id >= 2928837) AND (id <= 2928936))

table 5 : explain SELECT c FROM sbtest5 WHERE id BETWEEN 5168927 AND 5169026
	Index Scan using sbtest5_pkey on sbtest5  (cost=0.43..475.27 rows=120 width=121)
	  Index Cond: ((id >= 5168927) AND (id <= 5169026))

table 6 : explain SELECT c FROM sbtest6 WHERE id BETWEEN 9882305 AND 9882404
	Index Scan using sbtest6_pkey on sbtest6  (cost=0.43..443.43 rows=112 width=121)
	  Index Cond: ((id >= 9882305) AND (id <= 9882404))

table 7 : explain SELECT c FROM sbtest7 WHERE id BETWEEN 563613 AND 563712
	Index Scan using sbtest7_pkey on sbtest7  (cost=0.43..462.79 rows=117 width=121)
	  Index Cond: ((id >= 563613) AND (id <= 563712))

table 8 : explain SELECT c FROM sbtest8 WHERE id BETWEEN 2436536 AND 2436635
	Index Scan using sbtest8_pkey on sbtest8  (cost=0.43..389.01 rows=98 width=121)
	  Index Cond: ((id >= 2436536) AND (id <= 2436635))

for: distinct_ranges
table 1 : explain SELECT DISTINCT c FROM sbtest1 WHERE id BETWEEN 3590956 AND 3591055 ORDER BY c
	Unique  (cost=390.96..391.45 rows=98 width=121)
	  ->  Sort  (cost=390.96..391.21 rows=98 width=121)
	        Sort Key: c
	        ->  Index Scan using sbtest1_pkey on sbtest1  (cost=0.43..387.72 rows=98 width=121)
	              Index Cond: ((id >= 3590956) AND (id <= 3591055))

table 2 : explain SELECT DISTINCT c FROM sbtest2 WHERE id BETWEEN 9217710 AND 9217809 ORDER BY c
	Unique  (cost=406.60..407.11 rows=102 width=121)
	  ->  Sort  (cost=406.60..406.85 rows=102 width=121)
	        Sort Key: c
	        ->  Index Scan using sbtest2_pkey on sbtest2  (cost=0.43..403.19 rows=102 width=121)
	              Index Cond: ((id >= 9217710) AND (id <= 9217809))

table 3 : explain SELECT DISTINCT c FROM sbtest3 WHERE id BETWEEN 579182 AND 579281 ORDER BY c
	Unique  (cost=367.94..368.40 rows=92 width=121)
	  ->  Sort  (cost=367.94..368.17 rows=92 width=121)
	        Sort Key: c
	        ->  Index Scan using sbtest3_pkey on sbtest3  (cost=0.43..364.94 rows=92 width=121)
	              Index Cond: ((id >= 579182) AND (id <= 579281))

table 4 : explain SELECT DISTINCT c FROM sbtest4 WHERE id BETWEEN 4941926 AND 4942025 ORDER BY c
	Unique  (cost=395.97..396.47 rows=99 width=121)
	  ->  Sort  (cost=395.97..396.22 rows=99 width=121)
	        Sort Key: c
	        ->  Index Scan using sbtest4_pkey on sbtest4  (cost=0.43..392.69 rows=99 width=121)
	              Index Cond: ((id >= 4941926) AND (id <= 4942025))

table 5 : explain SELECT DISTINCT c FROM sbtest5 WHERE id BETWEEN 8592965 AND 8593064 ORDER BY c
	Unique  (cost=419.96..420.49 rows=105 width=121)
	  ->  Sort  (cost=419.96..420.22 rows=105 width=121)
	        Sort Key: c
	        ->  Index Scan using sbtest5_pkey on sbtest5  (cost=0.43..416.44 rows=105 width=121)
	              Index Cond: ((id >= 8592965) AND (id <= 8593064))

table 6 : explain SELECT DISTINCT c FROM sbtest6 WHERE id BETWEEN 6608972 AND 6609071 ORDER BY c
	Unique  (cost=368.05..368.51 rows=92 width=121)
	  ->  Sort  (cost=368.05..368.28 rows=92 width=121)
	        Sort Key: c
	        ->  Index Scan using sbtest6_pkey on sbtest6  (cost=0.43..365.04 rows=92 width=121)
	              Index Cond: ((id >= 6608972) AND (id <= 6609071))

table 7 : explain SELECT DISTINCT c FROM sbtest7 WHERE id BETWEEN 1671206 AND 1671305 ORDER BY c
	Unique  (cost=427.24..427.77 rows=107 width=121)
	  ->  Sort  (cost=427.24..427.50 rows=107 width=121)
	        Sort Key: c
	        ->  Index Scan using sbtest7_pkey on sbtest7  (cost=0.43..423.63 rows=107 width=121)
	              Index Cond: ((id >= 1671206) AND (id <= 1671305))

table 8 : explain SELECT DISTINCT c FROM sbtest8 WHERE id BETWEEN 3806675 AND 3806774 ORDER BY c
	Unique  (cost=388.29..388.77 rows=97 width=121)
	  ->  Sort  (cost=388.29..388.53 rows=97 width=121)
	        Sort Key: c
	        ->  Index Scan using sbtest8_pkey on sbtest8  (cost=0.43..385.08 rows=97 width=121)
	              Index Cond: ((id >= 3806675) AND (id <= 3806774))

for: distinct_ranges
table 1 : explain SELECT DISTINCT c FROM sbtest1 WHERE id BETWEEN 7010903 AND 7011002 ORDER BY c
	Unique  (cost=450.21..450.78 rows=113 width=121)
	  ->  Sort  (cost=450.21..450.49 rows=113 width=121)
	        Sort Key: c
	        ->  Index Scan using sbtest1_pkey on sbtest1  (cost=0.43..446.36 rows=113 width=121)
	              Index Cond: ((id >= 7010903) AND (id <= 7011002))

table 2 : explain SELECT DISTINCT c FROM sbtest2 WHERE id BETWEEN 7067196 AND 7067295 ORDER BY c
	Unique  (cost=335.52..335.94 rows=84 width=121)
	  ->  Sort  (cost=335.52..335.73 rows=84 width=121)
	        Sort Key: c
	        ->  Index Scan using sbtest2_pkey on sbtest2  (cost=0.43..332.83 rows=84 width=121)
	              Index Cond: ((id >= 7067196) AND (id <= 7067295))

table 3 : explain SELECT DISTINCT c FROM sbtest3 WHERE id BETWEEN 2764635 AND 2764734 ORDER BY c
	Unique  (cost=371.90..372.37 rows=93 width=121)
	  ->  Sort  (cost=371.90..372.13 rows=93 width=121)
	        Sort Key: c
	        ->  Index Scan using sbtest3_pkey on sbtest3  (cost=0.43..368.86 rows=93 width=121)
	              Index Cond: ((id >= 2764635) AND (id <= 2764734))

table 4 : explain SELECT DISTINCT c FROM sbtest4 WHERE id BETWEEN 3402914 AND 3403013 ORDER BY c
	Unique  (cost=423.70..424.23 rows=106 width=121)
	  ->  Sort  (cost=423.70..423.96 rows=106 width=121)
	        Sort Key: c
	        ->  Index Scan using sbtest4_pkey on sbtest4  (cost=0.43..420.13 rows=106 width=121)
	              Index Cond: ((id >= 3402914) AND (id <= 3403013))

table 5 : explain SELECT DISTINCT c FROM sbtest5 WHERE id BETWEEN 7977493 AND 7977592 ORDER BY c
	Unique  (cost=412.03..412.55 rows=103 width=121)
	  ->  Sort  (cost=412.03..412.29 rows=103 width=121)
	        Sort Key: c
	        ->  Index Scan using sbtest5_pkey on sbtest5  (cost=0.43..408.59 rows=103 width=121)
	              Index Cond: ((id >= 7977493) AND (id <= 7977592))

table 6 : explain SELECT DISTINCT c FROM sbtest6 WHERE id BETWEEN 6265719 AND 6265818 ORDER BY c
	Unique  (cost=375.96..376.43 rows=94 width=121)
	  ->  Sort  (cost=375.96..376.20 rows=94 width=121)
	        Sort Key: c
	        ->  Index Scan using sbtest6_pkey on sbtest6  (cost=0.43..372.88 rows=94 width=121)
	              Index Cond: ((id >= 6265719) AND (id <= 6265818))

table 7 : explain SELECT DISTINCT c FROM sbtest7 WHERE id BETWEEN 4396246 AND 4396345 ORDER BY c
	Unique  (cost=383.71..384.19 rows=96 width=121)
	  ->  Sort  (cost=383.71..383.95 rows=96 width=121)
	        Sort Key: c
	        ->  Index Scan using sbtest7_pkey on sbtest7  (cost=0.43..380.55 rows=96 width=121)
	              Index Cond: ((id >= 4396246) AND (id <= 4396345))

table 8 : explain SELECT DISTINCT c FROM sbtest8 WHERE id BETWEEN 648458 AND 648557 ORDER BY c
	Unique  (cost=392.25..392.74 rows=98 width=121)
	  ->  Sort  (cost=392.25..392.49 rows=98 width=121)
	        Sort Key: c
	        ->  Index Scan using sbtest8_pkey on sbtest8  (cost=0.43..389.01 rows=98 width=121)
	              Index Cond: ((id >= 648458) AND (id <= 648557))

for: distinct_ranges
table 1 : explain SELECT DISTINCT c FROM sbtest1 WHERE id BETWEEN 9402764 AND 9402863 ORDER BY c
	Unique  (cost=398.86..399.36 rows=100 width=121)
	  ->  Sort  (cost=398.86..399.11 rows=100 width=121)
	        Sort Key: c
	        ->  Index Scan using sbtest1_pkey on sbtest1  (cost=0.43..395.54 rows=100 width=121)
	              Index Cond: ((id >= 9402764) AND (id <= 9402863))

table 2 : explain SELECT DISTINCT c FROM sbtest2 WHERE id BETWEEN 9191295 AND 9191394 ORDER BY c
	Unique  (cost=382.88..383.36 rows=96 width=121)
	  ->  Sort  (cost=382.88..383.12 rows=96 width=121)
	        Sort Key: c
	        ->  Index Scan using sbtest2_pkey on sbtest2  (cost=0.43..379.72 rows=96 width=121)
	              Index Cond: ((id >= 9191295) AND (id <= 9191394))

table 3 : explain SELECT DISTINCT c FROM sbtest3 WHERE id BETWEEN 901451 AND 901550 ORDER BY c
	Unique  (cost=387.73..388.21 rows=97 width=121)
	  ->  Sort  (cost=387.73..387.97 rows=97 width=121)
	        Sort Key: c
	        ->  Index Scan using sbtest3_pkey on sbtest3  (cost=0.43..384.53 rows=97 width=121)
	              Index Cond: ((id >= 901451) AND (id <= 901550))

table 4 : explain SELECT DISTINCT c FROM sbtest4 WHERE id BETWEEN 6491492 AND 6491591 ORDER BY c
	Unique  (cost=384.09..384.57 rows=96 width=121)
	  ->  Sort  (cost=384.09..384.33 rows=96 width=121)
	        Sort Key: c
	        ->  Index Scan using sbtest4_pkey on sbtest4  (cost=0.43..380.93 rows=96 width=121)
	              Index Cond: ((id >= 6491492) AND (id <= 6491591))

table 5 : explain SELECT DISTINCT c FROM sbtest5 WHERE id BETWEEN 1127993 AND 1128092 ORDER BY c
	Unique  (cost=412.03..412.55 rows=103 width=121)
	  ->  Sort  (cost=412.03..412.29 rows=103 width=121)
	        Sort Key: c
	        ->  Index Scan using sbtest5_pkey on sbtest5  (cost=0.43..408.59 rows=103 width=121)
	              Index Cond: ((id >= 1127993) AND (id <= 1128092))

table 6 : explain SELECT DISTINCT c FROM sbtest6 WHERE id BETWEEN 1491859 AND 1491958 ORDER BY c
	Unique  (cost=391.82..392.31 rows=98 width=121)
	  ->  Sort  (cost=391.82..392.06 rows=98 width=121)
	        Sort Key: c
	        ->  Index Scan using sbtest6_pkey on sbtest6  (cost=0.43..388.58 rows=98 width=121)
	              Index Cond: ((id >= 1491859) AND (id <= 1491958))

table 7 : explain SELECT DISTINCT c FROM sbtest7 WHERE id BETWEEN 5434153 AND 5434252 ORDER BY c
	Unique  (cost=423.28..423.81 rows=106 width=121)
	  ->  Sort  (cost=423.28..423.54 rows=106 width=121)
	        Sort Key: c
	        ->  Index Scan using sbtest7_pkey on sbtest7  (cost=0.43..419.71 rows=106 width=121)
	              Index Cond: ((id >= 5434153) AND (id <= 5434252))

table 8 : explain SELECT DISTINCT c FROM sbtest8 WHERE id BETWEEN 6460723 AND 6460822 ORDER BY c
	Unique  (cost=408.10..408.61 rows=102 width=121)
	  ->  Sort  (cost=408.10..408.35 rows=102 width=121)
	        Sort Key: c
	        ->  Index Scan using sbtest8_pkey on sbtest8  (cost=0.43..404.70 rows=102 width=121)
	              Index Cond: ((id >= 6460723) AND (id <= 6460822))

for: distinct_ranges
table 1 : explain SELECT DISTINCT c FROM sbtest1 WHERE id BETWEEN 2067330 AND 2067429 ORDER BY c
	Unique  (cost=383.06..383.54 rows=96 width=121)
	  ->  Sort  (cost=383.06..383.30 rows=96 width=121)
	        Sort Key: c
	        ->  Index Scan using sbtest1_pkey on sbtest1  (cost=0.43..379.90 rows=96 width=121)
	              Index Cond: ((id >= 2067330) AND (id <= 2067429))

table 2 : explain SELECT DISTINCT c FROM sbtest2 WHERE id BETWEEN 3192374 AND 3192473 ORDER BY c
	Unique  (cost=378.94..379.41 rows=95 width=121)
	  ->  Sort  (cost=378.94..379.17 rows=95 width=121)
	        Sort Key: c
	        ->  Index Scan using sbtest2_pkey on sbtest2  (cost=0.43..375.81 rows=95 width=121)
	              Index Cond: ((id >= 3192374) AND (id <= 3192473))

table 3 : explain SELECT DISTINCT c FROM sbtest3 WHERE id BETWEEN 7471058 AND 7471157 ORDER BY c
	Unique  (cost=395.64..396.14 rows=99 width=121)
	  ->  Sort  (cost=395.64..395.89 rows=99 width=121)
	        Sort Key: c
	        ->  Index Scan using sbtest3_pkey on sbtest3  (cost=0.43..392.36 rows=99 width=121)
	              Index Cond: ((id >= 7471058) AND (id <= 7471157))

table 4 : explain SELECT DISTINCT c FROM sbtest4 WHERE id BETWEEN 8589835 AND 8589934 ORDER BY c
	Unique  (cost=395.97..396.47 rows=99 width=121)
	  ->  Sort  (cost=395.97..396.22 rows=99 width=121)
	        Sort Key: c
	        ->  Index Scan using sbtest4_pkey on sbtest4  (cost=0.43..392.69 rows=99 width=121)
	              Index Cond: ((id >= 8589835) AND (id <= 8589934))

table 5 : explain SELECT DISTINCT c FROM sbtest5 WHERE id BETWEEN 9751457 AND 9751556 ORDER BY c
	Unique  (cost=400.15..400.65 rows=100 width=121)
	  ->  Sort  (cost=400.15..400.40 rows=100 width=121)
	        Sort Key: c
	        ->  Index Scan using sbtest5_pkey on sbtest5  (cost=0.43..396.82 rows=100 width=121)
	              Index Cond: ((id >= 9751457) AND (id <= 9751556))

table 6 : explain SELECT DISTINCT c FROM sbtest6 WHERE id BETWEEN 1775716 AND 1775815 ORDER BY c
	Unique  (cost=391.82..392.31 rows=98 width=121)
	  ->  Sort  (cost=391.82..392.06 rows=98 width=121)
	        Sort Key: c
	        ->  Index Scan using sbtest6_pkey on sbtest6  (cost=0.43..388.58 rows=98 width=121)
	              Index Cond: ((id >= 1775716) AND (id <= 1775815))

table 7 : explain SELECT DISTINCT c FROM sbtest7 WHERE id BETWEEN 5331573 AND 5331672 ORDER BY c
	Unique  (cost=407.45..407.96 rows=102 width=121)
	  ->  Sort  (cost=407.45..407.71 rows=102 width=121)
	        Sort Key: c
	        ->  Index Scan using sbtest7_pkey on sbtest7  (cost=0.43..404.05 rows=102 width=121)
	              Index Cond: ((id >= 5331573) AND (id <= 5331672))

table 8 : explain SELECT DISTINCT c FROM sbtest8 WHERE id BETWEEN 9302161 AND 9302260 ORDER BY c
	Unique  (cost=408.10..408.61 rows=102 width=121)
	  ->  Sort  (cost=408.10..408.35 rows=102 width=121)
	        Sort Key: c
	        ->  Index Scan using sbtest8_pkey on sbtest8  (cost=0.43..404.70 rows=102 width=121)
	              Index Cond: ((id >= 9302161) AND (id <= 9302260))

for: distinct_ranges
table 1 : explain SELECT DISTINCT c FROM sbtest1 WHERE id BETWEEN 2405948 AND 2406047 ORDER BY c
	Unique  (cost=469.96..470.55 rows=118 width=121)
	  ->  Sort  (cost=469.96..470.26 rows=118 width=121)
	        Sort Key: c
	        ->  Index Scan using sbtest1_pkey on sbtest1  (cost=0.43..465.90 rows=118 width=121)
	              Index Cond: ((id >= 2405948) AND (id <= 2406047))

table 2 : explain SELECT DISTINCT c FROM sbtest2 WHERE id BETWEEN 7896734 AND 7896833 ORDER BY c
	Unique  (cost=438.18..438.73 rows=110 width=121)
	  ->  Sort  (cost=438.18..438.46 rows=110 width=121)
	        Sort Key: c
	        ->  Index Scan using sbtest2_pkey on sbtest2  (cost=0.43..434.45 rows=110 width=121)
	              Index Cond: ((id >= 7896734) AND (id <= 7896833))

table 3 : explain SELECT DISTINCT c FROM sbtest3 WHERE id BETWEEN 465925 AND 466024 ORDER BY c
	Unique  (cost=387.73..388.21 rows=97 width=121)
	  ->  Sort  (cost=387.73..387.97 rows=97 width=121)
	        Sort Key: c
	        ->  Index Scan using sbtest3_pkey on sbtest3  (cost=0.43..384.53 rows=97 width=121)
	              Index Cond: ((id >= 465925) AND (id <= 466024))

table 4 : explain SELECT DISTINCT c FROM sbtest4 WHERE id BETWEEN 5084627 AND 5084726 ORDER BY c
	Unique  (cost=392.01..392.50 rows=98 width=121)
	  ->  Sort  (cost=392.01..392.26 rows=98 width=121)
	        Sort Key: c
	        ->  Index Scan using sbtest4_pkey on sbtest4  (cost=0.43..388.77 rows=98 width=121)
	              Index Cond: ((id >= 5084627) AND (id <= 5084726))

table 5 : explain SELECT DISTINCT c FROM sbtest5 WHERE id BETWEEN 928385 AND 928484 ORDER BY c
	Unique  (cost=396.18..396.68 rows=99 width=121)
	  ->  Sort  (cost=396.18..396.43 rows=99 width=121)
	        Sort Key: c
	        ->  Index Scan using sbtest5_pkey on sbtest5  (cost=0.43..392.90 rows=99 width=121)
	              Index Cond: ((id >= 928385) AND (id <= 928484))

table 6 : explain SELECT DISTINCT c FROM sbtest6 WHERE id BETWEEN 6876153 AND 6876252 ORDER BY c
	Unique  (cost=407.65..408.16 rows=102 width=121)
	  ->  Sort  (cost=407.65..407.91 rows=102 width=121)
	        Sort Key: c
	        ->  Index Scan using sbtest6_pkey on sbtest6  (cost=0.43..404.25 rows=102 width=121)
	              Index Cond: ((id >= 6876153) AND (id <= 6876252))

table 7 : explain SELECT DISTINCT c FROM sbtest7 WHERE id BETWEEN 9927819 AND 9927918 ORDER BY c
	Unique  (cost=387.67..388.16 rows=97 width=121)
	  ->  Sort  (cost=387.67..387.91 rows=97 width=121)
	        Sort Key: c
	        ->  Index Scan using sbtest7_pkey on sbtest7  (cost=0.43..384.47 rows=97 width=121)
	              Index Cond: ((id >= 9927819) AND (id <= 9927918))

table 8 : explain SELECT DISTINCT c FROM sbtest8 WHERE id BETWEEN 9367095 AND 9367194 ORDER BY c
	Unique  (cost=384.32..384.80 rows=96 width=121)
	  ->  Sort  (cost=384.32..384.56 rows=96 width=121)
	        Sort Key: c
	        ->  Index Scan using sbtest8_pkey on sbtest8  (cost=0.43..381.16 rows=96 width=121)
	              Index Cond: ((id >= 9367095) AND (id <= 9367194))

for: distinct_ranges
table 1 : explain SELECT DISTINCT c FROM sbtest1 WHERE id BETWEEN 8514341 AND 8514440 ORDER BY c
	Unique  (cost=390.96..391.45 rows=98 width=121)
	  ->  Sort  (cost=390.96..391.21 rows=98 width=121)
	        Sort Key: c
	        ->  Index Scan using sbtest1_pkey on sbtest1  (cost=0.43..387.72 rows=98 width=121)
	              Index Cond: ((id >= 8514341) AND (id <= 8514440))

table 2 : explain SELECT DISTINCT c FROM sbtest2 WHERE id BETWEEN 6126905 AND 6127004 ORDER BY c
	Unique  (cost=378.94..379.41 rows=95 width=121)
	  ->  Sort  (cost=378.94..379.17 rows=95 width=121)
	        Sort Key: c
	        ->  Index Scan using sbtest2_pkey on sbtest2  (cost=0.43..375.81 rows=95 width=121)
	              Index Cond: ((id >= 6126905) AND (id <= 6127004))

table 3 : explain SELECT DISTINCT c FROM sbtest3 WHERE id BETWEEN 3967728 AND 3967827 ORDER BY c
	Unique  (cost=391.68..392.17 rows=98 width=121)
	  ->  Sort  (cost=391.68..391.93 rows=98 width=121)
	        Sort Key: c
	        ->  Index Scan using sbtest3_pkey on sbtest3  (cost=0.43..388.44 rows=98 width=121)
	              Index Cond: ((id >= 3967728) AND (id <= 3967827))

table 4 : explain SELECT DISTINCT c FROM sbtest4 WHERE id BETWEEN 9226753 AND 9226852 ORDER BY c
	Unique  (cost=407.85..408.36 rows=102 width=121)
	  ->  Sort  (cost=407.85..408.11 rows=102 width=121)
	        Sort Key: c
	        ->  Index Scan using sbtest4_pkey on sbtest4  (cost=0.43..404.45 rows=102 width=121)
	              Index Cond: ((id >= 9226753) AND (id <= 9226852))

table 5 : explain SELECT DISTINCT c FROM sbtest5 WHERE id BETWEEN 7879296 AND 7879395 ORDER BY c
	Unique  (cost=356.54..356.98 rows=89 width=121)
	  ->  Sort  (cost=356.54..356.76 rows=89 width=121)
	        Sort Key: c
	        ->  Index Scan using sbtest5_pkey on sbtest5  (cost=0.43..353.66 rows=89 width=121)
	              Index Cond: ((id >= 7879296) AND (id <= 7879395))

table 6 : explain SELECT DISTINCT c FROM sbtest6 WHERE id BETWEEN 5591221 AND 5591320 ORDER BY c
	Unique  (cost=399.74..400.24 rows=100 width=121)
	  ->  Sort  (cost=399.74..399.99 rows=100 width=121)
	        Sort Key: c
	        ->  Index Scan using sbtest6_pkey on sbtest6  (cost=0.43..396.41 rows=100 width=121)
	              Index Cond: ((id >= 5591221) AND (id <= 5591320))

table 7 : explain SELECT DISTINCT c FROM sbtest7 WHERE id BETWEEN 8698926 AND 8699025 ORDER BY c
	Unique  (cost=391.63..392.12 rows=98 width=121)
	  ->  Sort  (cost=391.63..391.87 rows=98 width=121)
	        Sort Key: c
	        ->  Index Scan using sbtest7_pkey on sbtest7  (cost=0.43..388.39 rows=98 width=121)
	              Index Cond: ((id >= 8698926) AND (id <= 8699025))

table 8 : explain SELECT DISTINCT c FROM sbtest8 WHERE id BETWEEN 1610527 AND 1610626 ORDER BY c
	Unique  (cost=372.41..372.88 rows=93 width=121)
	  ->  Sort  (cost=372.41..372.64 rows=93 width=121)
	        Sort Key: c
	        ->  Index Scan using sbtest8_pkey on sbtest8  (cost=0.43..369.37 rows=93 width=121)
	              Index Cond: ((id >= 1610527) AND (id <= 1610626))

for: sum_ranges
table 1 : explain SELECT SUM(k) FROM sbtest1 WHERE id BETWEEN 8432148 AND 8432247
	Aggregate  (cost=384.05..384.06 rows=1 width=8)
	  ->  Index Scan using sbtest1_pkey on sbtest1  (cost=0.43..383.81 rows=97 width=4)
	        Index Cond: ((id >= 8432148) AND (id <= 8432247))

table 2 : explain SELECT SUM(k) FROM sbtest2 WHERE id BETWEEN 3891817 AND 3891916
	Aggregate  (cost=376.05..376.06 rows=1 width=8)
	  ->  Index Scan using sbtest2_pkey on sbtest2  (cost=0.43..375.81 rows=95 width=4)
	        Index Cond: ((id >= 3891817) AND (id <= 3891916))

table 3 : explain SELECT SUM(k) FROM sbtest3 WHERE id BETWEEN 5505848 AND 5505947
	Aggregate  (cost=408.28..408.29 rows=1 width=8)
	  ->  Index Scan using sbtest3_pkey on sbtest3  (cost=0.43..408.03 rows=103 width=4)
	        Index Cond: ((id >= 5505848) AND (id <= 5505947))

table 4 : explain SELECT SUM(k) FROM sbtest4 WHERE id BETWEEN 4670548 AND 4670647
	Aggregate  (cost=392.94..392.95 rows=1 width=8)
	  ->  Index Scan using sbtest4_pkey on sbtest4  (cost=0.43..392.69 rows=99 width=4)
	        Index Cond: ((id >= 4670548) AND (id <= 4670647))

table 5 : explain SELECT SUM(k) FROM sbtest5 WHERE id BETWEEN 5622006 AND 5622105
	Aggregate  (cost=397.07..397.08 rows=1 width=8)
	  ->  Index Scan using sbtest5_pkey on sbtest5  (cost=0.43..396.82 rows=100 width=4)
	        Index Cond: ((id >= 5622006) AND (id <= 5622105))

table 6 : explain SELECT SUM(k) FROM sbtest6 WHERE id BETWEEN 4728586 AND 4728685
	Aggregate  (cost=349.59..349.60 rows=1 width=8)
	  ->  Index Scan using sbtest6_pkey on sbtest6  (cost=0.43..349.37 rows=88 width=4)
	        Index Cond: ((id >= 4728586) AND (id <= 4728685))

table 7 : explain SELECT SUM(k) FROM sbtest7 WHERE id BETWEEN 2463425 AND 2463524
	Aggregate  (cost=396.47..396.48 rows=1 width=8)
	  ->  Index Scan using sbtest7_pkey on sbtest7  (cost=0.43..396.22 rows=100 width=4)
	        Index Cond: ((id >= 2463425) AND (id <= 2463524))

table 8 : explain SELECT SUM(k) FROM sbtest8 WHERE id BETWEEN 9088699 AND 9088798
	Aggregate  (cost=377.45..377.46 rows=1 width=8)
	  ->  Index Scan using sbtest8_pkey on sbtest8  (cost=0.43..377.22 rows=95 width=4)
	        Index Cond: ((id >= 9088699) AND (id <= 9088798))

for: sum_ranges
table 1 : explain SELECT SUM(k) FROM sbtest1 WHERE id BETWEEN 9734525 AND 9734624
	Aggregate  (cost=423.17..423.18 rows=1 width=8)
	  ->  Index Scan using sbtest1_pkey on sbtest1  (cost=0.43..422.90 rows=107 width=4)
	        Index Cond: ((id >= 9734525) AND (id <= 9734624))

table 2 : explain SELECT SUM(k) FROM sbtest2 WHERE id BETWEEN 1532949 AND 1533048
	Aggregate  (cost=411.27..411.28 rows=1 width=8)
	  ->  Index Scan using sbtest2_pkey on sbtest2  (cost=0.43..411.01 rows=104 width=4)
	        Index Cond: ((id >= 1532949) AND (id <= 1533048))

table 3 : explain SELECT SUM(k) FROM sbtest3 WHERE id BETWEEN 1703057 AND 1703156
	Aggregate  (cost=388.69..388.70 rows=1 width=8)
	  ->  Index Scan using sbtest3_pkey on sbtest3  (cost=0.43..388.44 rows=98 width=4)
	        Index Cond: ((id >= 1703057) AND (id <= 1703156))

table 4 : explain SELECT SUM(k) FROM sbtest4 WHERE id BETWEEN 3002037 AND 3002136
	Aggregate  (cost=451.78..451.79 rows=1 width=8)
	  ->  Index Scan using sbtest4_pkey on sbtest4  (cost=0.43..451.49 rows=114 width=4)
	        Index Cond: ((id >= 3002037) AND (id <= 3002136))

table 5 : explain SELECT SUM(k) FROM sbtest5 WHERE id BETWEEN 6348515 AND 6348614
	Aggregate  (cost=373.53..373.54 rows=1 width=8)
	  ->  Index Scan using sbtest5_pkey on sbtest5  (cost=0.43..373.29 rows=94 width=4)
	        Index Cond: ((id >= 6348515) AND (id <= 6348614))

table 6 : explain SELECT SUM(k) FROM sbtest6 WHERE id BETWEEN 5695795 AND 5695894
	Aggregate  (cost=365.27..365.28 rows=1 width=8)
	  ->  Index Scan using sbtest6_pkey on sbtest6  (cost=0.43..365.04 rows=92 width=4)
	        Index Cond: ((id >= 5695795) AND (id <= 5695894))

table 7 : explain SELECT SUM(k) FROM sbtest7 WHERE id BETWEEN 8684220 AND 8684319
	Aggregate  (cost=388.63..388.64 rows=1 width=8)
	  ->  Index Scan using sbtest7_pkey on sbtest7  (cost=0.43..388.39 rows=98 width=4)
	        Index Cond: ((id >= 8684220) AND (id <= 8684319))

table 8 : explain SELECT SUM(k) FROM sbtest8 WHERE id BETWEEN 5316555 AND 5316654
	Aggregate  (cost=420.65..420.66 rows=1 width=8)
	  ->  Index Scan using sbtest8_pkey on sbtest8  (cost=0.43..420.39 rows=106 width=4)
	        Index Cond: ((id >= 5316555) AND (id <= 5316654))

for: order_ranges
table 1 : explain SELECT c FROM sbtest1 WHERE id BETWEEN 8854257 AND 8854356 ORDER BY c
	Sort  (cost=394.91..395.16 rows=99 width=121)
	  Sort Key: c
	  ->  Index Scan using sbtest1_pkey on sbtest1  (cost=0.43..391.63 rows=99 width=121)
	        Index Cond: ((id >= 8854257) AND (id <= 8854356))

table 2 : explain SELECT c FROM sbtest2 WHERE id BETWEEN 7163776 AND 7163875 ORDER BY c
	Sort  (cost=410.55..410.80 rows=103 width=121)
	  Sort Key: c
	  ->  Index Scan using sbtest2_pkey on sbtest2  (cost=0.43..407.10 rows=103 width=121)
	        Index Cond: ((id >= 7163776) AND (id <= 7163875))

table 3 : explain SELECT c FROM sbtest3 WHERE id BETWEEN 2471306 AND 2471405 ORDER BY c
	Sort  (cost=399.60..399.85 rows=100 width=121)
	  Sort Key: c
	  ->  Index Scan using sbtest3_pkey on sbtest3  (cost=0.43..396.28 rows=100 width=121)
	        Index Cond: ((id >= 2471306) AND (id <= 2471405))

table 4 : explain SELECT c FROM sbtest4 WHERE id BETWEEN 7899258 AND 7899357 ORDER BY c
	Sort  (cost=384.09..384.33 rows=96 width=121)
	  Sort Key: c
	  ->  Index Scan using sbtest4_pkey on sbtest4  (cost=0.43..380.93 rows=96 width=121)
	        Index Cond: ((id >= 7899258) AND (id <= 7899357))

table 5 : explain SELECT c FROM sbtest5 WHERE id BETWEEN 7583474 AND 7583573 ORDER BY c
	Sort  (cost=396.18..396.43 rows=99 width=121)
	  Sort Key: c
	  ->  Index Scan using sbtest5_pkey on sbtest5  (cost=0.43..392.90 rows=99 width=121)
	        Index Cond: ((id >= 7583474) AND (id <= 7583573))

table 6 : explain SELECT c FROM sbtest6 WHERE id BETWEEN 1382307 AND 1382406 ORDER BY c
	Sort  (cost=411.61..411.87 rows=103 width=121)
	  Sort Key: c
	  ->  Index Scan using sbtest6_pkey on sbtest6  (cost=0.43..408.17 rows=103 width=121)
	        Index Cond: ((id >= 1382307) AND (id <= 1382406))

table 7 : explain SELECT c FROM sbtest7 WHERE id BETWEEN 3096652 AND 3096751 ORDER BY c
	Sort  (cost=379.76..380.00 rows=95 width=121)
	  Sort Key: c
	  ->  Index Scan using sbtest7_pkey on sbtest7  (cost=0.43..376.64 rows=95 width=121)
	        Index Cond: ((id >= 3096652) AND (id <= 3096751))

table 8 : explain SELECT c FROM sbtest8 WHERE id BETWEEN 4423097 AND 4423196 ORDER BY c
	Sort  (cost=400.17..400.42 rows=100 width=121)
	  Sort Key: c
	  ->  Index Scan using sbtest8_pkey on sbtest8  (cost=0.43..396.85 rows=100 width=121)
	        Index Cond: ((id >= 4423097) AND (id <= 4423196))

for: order_ranges
table 1 : explain SELECT c FROM sbtest1 WHERE id BETWEEN 2427812 AND 2427911 ORDER BY c
	Sort  (cost=434.41..434.68 rows=109 width=121)
	  Sort Key: c
	  ->  Index Scan using sbtest1_pkey on sbtest1  (cost=0.43..430.72 rows=109 width=121)
	        Index Cond: ((id >= 2427812) AND (id <= 2427911))

table 2 : explain SELECT c FROM sbtest2 WHERE id BETWEEN 4984161 AND 4984260 ORDER BY c
	Sort  (cost=398.70..398.95 rows=100 width=121)
	  Sort Key: c
	  ->  Index Scan using sbtest2_pkey on sbtest2  (cost=0.43..395.38 rows=100 width=121)
	        Index Cond: ((id >= 4984161) AND (id <= 4984260))

table 3 : explain SELECT c FROM sbtest3 WHERE id BETWEEN 2935835 AND 2935934 ORDER BY c
	Sort  (cost=399.60..399.85 rows=100 width=121)
	  Sort Key: c
	  ->  Index Scan using sbtest3_pkey on sbtest3  (cost=0.43..396.28 rows=100 width=121)
	        Index Cond: ((id >= 2935835) AND (id <= 2935934))

table 4 : explain SELECT c FROM sbtest4 WHERE id BETWEEN 2668948 AND 2669047 ORDER BY c
	Sort  (cost=384.09..384.33 rows=96 width=121)
	  Sort Key: c
	  ->  Index Scan using sbtest4_pkey on sbtest4  (cost=0.43..380.93 rows=96 width=121)
	        Index Cond: ((id >= 2668948) AND (id <= 2669047))

table 5 : explain SELECT c FROM sbtest5 WHERE id BETWEEN 9634431 AND 9634530 ORDER BY c
	Sort  (cost=443.74..444.02 rows=111 width=121)
	  Sort Key: c
	  ->  Index Scan using sbtest5_pkey on sbtest5  (cost=0.43..439.97 rows=111 width=121)
	        Index Cond: ((id >= 9634431) AND (id <= 9634530))

table 6 : explain SELECT c FROM sbtest6 WHERE id BETWEEN 7770726 AND 7770825 ORDER BY c
	Sort  (cost=415.57..415.83 rows=104 width=121)
	  Sort Key: c
	  ->  Index Scan using sbtest6_pkey on sbtest6  (cost=0.43..412.09 rows=104 width=121)
	        Index Cond: ((id >= 7770726) AND (id <= 7770825))

table 7 : explain SELECT c FROM sbtest7 WHERE id BETWEEN 4374063 AND 4374162 ORDER BY c
	Sort  (cost=371.85..372.08 rows=93 width=121)
	  Sort Key: c
	  ->  Index Scan using sbtest7_pkey on sbtest7  (cost=0.43..368.81 rows=93 width=121)
	        Index Cond: ((id >= 4374063) AND (id <= 4374162))

table 8 : explain SELECT c FROM sbtest8 WHERE id BETWEEN 9435825 AND 9435924 ORDER BY c
	Sort  (cost=372.41..372.64 rows=93 width=121)
	  Sort Key: c
	  ->  Index Scan using sbtest8_pkey on sbtest8  (cost=0.43..369.37 rows=93 width=121)
	        Index Cond: ((id >= 9435825) AND (id <= 9435924))

for: distinct_ranges
table 1 : explain SELECT DISTINCT c FROM sbtest1 WHERE id BETWEEN 8798680 AND 8798779 ORDER BY c
	Unique  (cost=390.96..391.45 rows=98 width=121)
	  ->  Sort  (cost=390.96..391.21 rows=98 width=121)
	        Sort Key: c
	        ->  Index Scan using sbtest1_pkey on sbtest1  (cost=0.43..387.72 rows=98 width=121)
	              Index Cond: ((id >= 8798680) AND (id <= 8798779))

table 2 : explain SELECT DISTINCT c FROM sbtest2 WHERE id BETWEEN 148866 AND 148965 ORDER BY c
	Unique  (cost=422.39..422.92 rows=106 width=121)
	  ->  Sort  (cost=422.39..422.66 rows=106 width=121)
	        Sort Key: c
	        ->  Index Scan using sbtest2_pkey on sbtest2  (cost=0.43..418.82 rows=106 width=121)
	              Index Cond: ((id >= 148866) AND (id <= 148965))

table 3 : explain SELECT DISTINCT c FROM sbtest3 WHERE id BETWEEN 5211962 AND 5212061 ORDER BY c
	Unique  (cost=371.90..372.37 rows=93 width=121)
	  ->  Sort  (cost=371.90..372.13 rows=93 width=121)
	        Sort Key: c
	        ->  Index Scan using sbtest3_pkey on sbtest3  (cost=0.43..368.86 rows=93 width=121)
	              Index Cond: ((id >= 5211962) AND (id <= 5212061))

table 4 : explain SELECT DISTINCT c FROM sbtest4 WHERE id BETWEEN 4549649 AND 4549748 ORDER BY c
	Unique  (cost=407.85..408.36 rows=102 width=121)
	  ->  Sort  (cost=407.85..408.11 rows=102 width=121)
	        Sort Key: c
	        ->  Index Scan using sbtest4_pkey on sbtest4  (cost=0.43..404.45 rows=102 width=121)
	              Index Cond: ((id >= 4549649) AND (id <= 4549748))

table 5 : explain SELECT DISTINCT c FROM sbtest5 WHERE id BETWEEN 6213821 AND 6213920 ORDER BY c
	Unique  (cost=392.22..392.71 rows=98 width=121)
	  ->  Sort  (cost=392.22..392.47 rows=98 width=121)
	        Sort Key: c
	        ->  Index Scan using sbtest5_pkey on sbtest5  (cost=0.43..388.98 rows=98 width=121)
	              Index Cond: ((id >= 6213821) AND (id <= 6213920))

table 6 : explain SELECT DISTINCT c FROM sbtest6 WHERE id BETWEEN 9282376 AND 9282475 ORDER BY c
	Unique  (cost=403.69..404.20 rows=101 width=121)
	  ->  Sort  (cost=403.69..403.95 rows=101 width=121)
	        Sort Key: c
	        ->  Index Scan using sbtest6_pkey on sbtest6  (cost=0.43..400.33 rows=101 width=121)
	              Index Cond: ((id >= 9282376) AND (id <= 9282475))

table 7 : explain SELECT DISTINCT c FROM sbtest7 WHERE id BETWEEN 5308535 AND 5308634 ORDER BY c
	Unique  (cost=407.45..407.96 rows=102 width=121)
	  ->  Sort  (cost=407.45..407.71 rows=102 width=121)
	        Sort Key: c
	        ->  Index Scan using sbtest7_pkey on sbtest7  (cost=0.43..404.05 rows=102 width=121)
	              Index Cond: ((id >= 5308535) AND (id <= 5308634))

table 8 : explain SELECT DISTINCT c FROM sbtest8 WHERE id BETWEEN 4803569 AND 4803668 ORDER BY c
	Unique  (cost=404.14..404.64 rows=101 width=121)
	  ->  Sort  (cost=404.14..404.39 rows=101 width=121)
	        Sort Key: c
	        ->  Index Scan using sbtest8_pkey on sbtest8  (cost=0.43..400.77 rows=101 width=121)
	              Index Cond: ((id >= 4803569) AND (id <= 4803668))

for: distinct_ranges
table 1 : explain SELECT DISTINCT c FROM sbtest1 WHERE id BETWEEN 4986215 AND 4986314 ORDER BY c
	Unique  (cost=379.11..379.59 rows=95 width=121)
	  ->  Sort  (cost=379.11..379.35 rows=95 width=121)
	        Sort Key: c
	        ->  Index Scan using sbtest1_pkey on sbtest1  (cost=0.43..375.99 rows=95 width=121)
	              Index Cond: ((id >= 4986215) AND (id <= 4986314))

table 2 : explain SELECT DISTINCT c FROM sbtest2 WHERE id BETWEEN 9953723 AND 9953822 ORDER BY c
	Unique  (cost=386.83..387.32 rows=97 width=121)
	  ->  Sort  (cost=386.83..387.07 rows=97 width=121)
	        Sort Key: c
	        ->  Index Scan using sbtest2_pkey on sbtest2  (cost=0.43..383.63 rows=97 width=121)
	              Index Cond: ((id >= 9953723) AND (id <= 9953822))

table 3 : explain SELECT DISTINCT c FROM sbtest3 WHERE id BETWEEN 6300917 AND 6301016 ORDER BY c
	Unique  (cost=375.86..376.33 rows=94 width=121)
	  ->  Sort  (cost=375.86..376.09 rows=94 width=121)
	        Sort Key: c
	        ->  Index Scan using sbtest3_pkey on sbtest3  (cost=0.43..372.78 rows=94 width=121)
	              Index Cond: ((id >= 6300917) AND (id <= 6301016))

table 4 : explain SELECT DISTINCT c FROM sbtest4 WHERE id BETWEEN 7113959 AND 7114058 ORDER BY c
	Unique  (cost=403.89..404.40 rows=101 width=121)
	  ->  Sort  (cost=403.89..404.14 rows=101 width=121)
	        Sort Key: c
	        ->  Index Scan using sbtest4_pkey on sbtest4  (cost=0.43..400.53 rows=101 width=121)
	              Index Cond: ((id >= 7113959) AND (id <= 7114058))

table 5 : explain SELECT DISTINCT c FROM sbtest5 WHERE id BETWEEN 7458091 AND 7458190 ORDER BY c
	Unique  (cost=380.33..380.81 rows=95 width=121)
	  ->  Sort  (cost=380.33..380.57 rows=95 width=121)
	        Sort Key: c
	        ->  Index Scan using sbtest5_pkey on sbtest5  (cost=0.43..377.21 rows=95 width=121)
	              Index Cond: ((id >= 7458091) AND (id <= 7458190))

table 6 : explain SELECT DISTINCT c FROM sbtest6 WHERE id BETWEEN 4935880 AND 4935979 ORDER BY c
	Unique  (cost=383.90..384.38 rows=96 width=121)
	  ->  Sort  (cost=383.90..384.14 rows=96 width=121)
	        Sort Key: c
	        ->  Index Scan using sbtest6_pkey on sbtest6  (cost=0.43..380.74 rows=96 width=121)
	              Index Cond: ((id >= 4935880) AND (id <= 4935979))

table 7 : explain SELECT DISTINCT c FROM sbtest7 WHERE id BETWEEN 652081 AND 652180 ORDER BY c
	Unique  (cost=435.15..435.69 rows=109 width=121)
	  ->  Sort  (cost=435.15..435.42 rows=109 width=121)
	        Sort Key: c
	        ->  Index Scan using sbtest7_pkey on sbtest7  (cost=0.43..431.46 rows=109 width=121)
	              Index Cond: ((id >= 652081) AND (id <= 652180))

table 8 : explain SELECT DISTINCT c FROM sbtest8 WHERE id BETWEEN 3727947 AND 3728046 ORDER BY c
	Unique  (cost=388.29..388.77 rows=97 width=121)
	  ->  Sort  (cost=388.29..388.53 rows=97 width=121)
	        Sort Key: c
	        ->  Index Scan using sbtest8_pkey on sbtest8  (cost=0.43..385.08 rows=97 width=121)
	              Index Cond: ((id >= 3727947) AND (id <= 3728046))

Threads started!

Warming up for 5 seconds...

SQL statistics:
    queries performed:
        read:                            255019083
        write:                           0
        other:                           36431304
        total:                           291450387
    transactions:                        18215672 (28913.42 per sec.)
    queries:                             291450387 (462614.11 per sec.)
    ignored errors:                      0      (0.00 per sec.)
    reconnects:                          0      (0.00 per sec.)

Throughput:
    events/s (eps):                      28913.4183
    time elapsed:                        630.0077s
    total number of events:              18215672

Latency (ms):
         min:                                    1.10
         avg:                                    1.38
         max:                                   21.34
         95th percentile:                        1.44
         sum:                             25182644.03

Threads fairness:
    events (avg/stddev):           455391.6000/2091.54
    execution time (avg/stddev):   629.5661/0.01

