LUA_PATH=/home/mdcallag/git/mytools/bench/sysbench.lua/lua/?.lua /home/mdcallag/git/mytools/bench/sysbench.lua/lua/sysbench --db-driver=pgsql --range-size=100 --table-size=10000000 --tables=8 --threads=40 --events=0 --warmup-time=5 --time=630 --pgsql_conn_id=true /home/mdcallag/git/mytools/bench/sysbench.lua/lua/oltp_range_covered.lua run --pgsql-user=root --pgsql-password=pw --pgsql-host=127.0.0.1 --pgsql-db=ib --rand-type=uniform --random-points=100 --skip-trx --on-id=false --covered=false
48 CPUs
sysbench 1.1.0-9072687 (using bundled LuaJIT 2.1.0-beta3)

Running the test with following options:
Number of threads: 40
Warmup time: 5s
Initializing random number generator from current time


Initializing worker threads...

explain: for range-notcovered :: explain SELECT k, c FROM sbtest%d WHERE k BETWEEN 4936996 AND 4937096
explain: for range-notcovered :: explain SELECT k, c FROM sbtest%d WHERE k BETWEEN 4836682 AND 4836782
explain: for range-notcovered :: explain SELECT k, c FROM sbtest%d WHERE k BETWEEN 3508073 AND 3508173
explain: for range-notcovered :: explain SELECT k, c FROM sbtest%d WHERE k BETWEEN 1669264 AND 1669364
explain: for range-notcovered :: explain SELECT k, c FROM sbtest%d WHERE k BETWEEN 3978191 AND 3978291
explain: for range-notcovered :: explain SELECT k, c FROM sbtest%d WHERE k BETWEEN 9445363 AND 9445463
explain: for range-notcovered :: explain SELECT k, c FROM sbtest%d WHERE k BETWEEN 6497843 AND 6497943
explain: for range-notcovered :: explain SELECT k, c FROM sbtest%d WHERE k BETWEEN 4890543 AND 4890643
explain: for range-notcovered :: explain SELECT k, c FROM sbtest%d WHERE k BETWEEN 2793633 AND 2793733
for range-notcovered
table 1 : explain SELECT k, c FROM sbtest1 WHERE k BETWEEN 3978191 AND 3978291
	Bitmap Heap Scan on sbtest1  (cost=5.49..413.49 rows=103 width=125)
	  Recheck Cond: ((k >= 3978191) AND (k <= 3978291))
	  ->  Bitmap Index Scan on k_1  (cost=0.00..5.46 rows=103 width=0)
	        Index Cond: ((k >= 3978191) AND (k <= 3978291))

table 2 : explain SELECT k, c FROM sbtest2 WHERE k BETWEEN 3978191 AND 3978291
	Bitmap Heap Scan on sbtest2  (cost=5.40..377.88 rows=94 width=125)
	  Recheck Cond: ((k >= 3978191) AND (k <= 3978291))
	  ->  Bitmap Index Scan on k_2  (cost=0.00..5.38 rows=94 width=0)
	        Index Cond: ((k >= 3978191) AND (k <= 3978291))

table 3 : explain SELECT k, c FROM sbtest3 WHERE k BETWEEN 3978191 AND 3978291
	Bitmap Heap Scan on sbtest3  (cost=5.44..393.84 rows=98 width=125)
	  Recheck Cond: ((k >= 3978191) AND (k <= 3978291))
	  ->  Bitmap Index Scan on k_3  (cost=0.00..5.42 rows=98 width=0)
	        Index Cond: ((k >= 3978191) AND (k <= 3978291))

table 4 : explain SELECT k, c FROM sbtest4 WHERE k BETWEEN 3978191 AND 3978291
	Bitmap Heap Scan on sbtest4  (cost=5.48..409.64 rows=102 width=125)
	  Recheck Cond: ((k >= 3978191) AND (k <= 3978291))
	  ->  Bitmap Index Scan on k_4  (cost=0.00..5.45 rows=102 width=0)
	        Index Cond: ((k >= 3978191) AND (k <= 3978291))

table 5 : explain SELECT k, c FROM sbtest5 WHERE k BETWEEN 3978191 AND 3978291
	Bitmap Heap Scan on sbtest5  (cost=5.42..385.94 rows=96 width=125)
	  Recheck Cond: ((k >= 3978191) AND (k <= 3978291))
	  ->  Bitmap Index Scan on k_5  (cost=0.00..5.39 rows=96 width=0)
	        Index Cond: ((k >= 3978191) AND (k <= 3978291))

table 6 : explain SELECT k, c FROM sbtest6 WHERE k BETWEEN 3978191 AND 3978291
	Bitmap Heap Scan on sbtest6  (cost=5.48..409.52 rows=102 width=125)
	  Recheck Cond: ((k >= 3978191) AND (k <= 3978291))
	  ->  Bitmap Index Scan on k_6  (cost=0.00..5.45 rows=102 width=0)
	        Index Cond: ((k >= 3978191) AND (k <= 3978291))

table 7 : explain SELECT k, c FROM sbtest7 WHERE k BETWEEN 3978191 AND 3978291
	Bitmap Heap Scan on sbtest7  (cost=5.55..437.21 rows=109 width=125)
	  Recheck Cond: ((k >= 3978191) AND (k <= 3978291))
	  ->  Bitmap Index Scan on k_7  (cost=0.00..5.52 rows=109 width=0)
	        Index Cond: ((k >= 3978191) AND (k <= 3978291))

table 8 : explain SELECT k, c FROM sbtest8 WHERE k BETWEEN 3978191 AND 3978291
	Bitmap Heap Scan on sbtest8  (cost=5.45..397.65 rows=99 width=125)
	  Recheck Cond: ((k >= 3978191) AND (k <= 3978291))
	  ->  Bitmap Index Scan on k_8  (cost=0.00..5.42 rows=99 width=0)
	        Index Cond: ((k >= 3978191) AND (k <= 3978291))

explain: for range-notcovered :: explain SELECT k, c FROM sbtest%d WHERE k BETWEEN 3978191 AND 3978291
for range-notcovered
table 1 : explain SELECT k, c FROM sbtest1 WHERE k BETWEEN 3508073 AND 3508173
	Bitmap Heap Scan on sbtest1  (cost=5.42..385.87 rows=96 width=125)
	  Recheck Cond: ((k >= 3508073) AND (k <= 3508173))
	  ->  Bitmap Index Scan on k_1  (cost=0.00..5.39 rows=96 width=0)
	        Index Cond: ((k >= 3508073) AND (k <= 3508173))

table 2 : explain SELECT k, c FROM sbtest2 WHERE k BETWEEN 3508073 AND 3508173
	Bitmap Heap Scan on sbtest2  (cost=5.45..397.60 rows=99 width=125)
	  Recheck Cond: ((k >= 3508073) AND (k <= 3508173))
	  ->  Bitmap Index Scan on k_2  (cost=0.00..5.42 rows=99 width=0)
	        Index Cond: ((k >= 3508073) AND (k <= 3508173))

table 3 : explain SELECT k, c FROM sbtest3 WHERE k BETWEEN 3508073 AND 3508173
	Bitmap Heap Scan on sbtest3  (cost=5.49..413.57 rows=103 width=125)
	  Recheck Cond: ((k >= 3508073) AND (k <= 3508173))
	  ->  Bitmap Index Scan on k_3  (cost=0.00..5.46 rows=103 width=0)
	        Index Cond: ((k >= 3508073) AND (k <= 3508173))

table 4 : explain SELECT k, c FROM sbtest4 WHERE k BETWEEN 3508073 AND 3508173
	Bitmap Heap Scan on sbtest4  (cost=5.38..370.16 rows=92 width=125)
	  Recheck Cond: ((k >= 3508073) AND (k <= 3508173))
	  ->  Bitmap Index Scan on k_4  (cost=0.00..5.35 rows=92 width=0)
	        Index Cond: ((k >= 3508073) AND (k <= 3508173))

table 5 : explain SELECT k, c FROM sbtest5 WHERE k BETWEEN 3508073 AND 3508173
	Bitmap Heap Scan on sbtest5  (cost=5.45..397.79 rows=99 width=125)
	  Recheck Cond: ((k >= 3508073) AND (k <= 3508173))
	  ->  Bitmap Index Scan on k_5  (cost=0.00..5.42 rows=99 width=0)
	        Index Cond: ((k >= 3508073) AND (k <= 3508173))

table 6 : explain SELECT k, c FROM sbtest6 WHERE k BETWEEN 3508073 AND 3508173
	Bitmap Heap Scan on sbtest6  (cost=5.49..413.47 rows=103 width=125)
	  Recheck Cond: ((k >= 3508073) AND (k <= 3508173))
	  ->  Bitmap Index Scan on k_6  (cost=0.00..5.46 rows=103 width=0)
	        Index Cond: ((k >= 3508073) AND (k <= 3508173))

table 7 : explain SELECT k, c FROM sbtest7 WHERE k BETWEEN 3508073 AND 3508173
	Bitmap Heap Scan on sbtest7  (cost=5.44..393.81 rows=98 width=125)
	  Recheck Cond: ((k >= 3508073) AND (k <= 3508173))
	  ->  Bitmap Index Scan on k_7  (cost=0.00..5.42 rows=98 width=0)
	        Index Cond: ((k >= 3508073) AND (k <= 3508173))

table 8 : explain SELECT k, c FROM sbtest8 WHERE k BETWEEN 3508073 AND 3508173
	Bitmap Heap Scan on sbtest8  (cost=5.52..425.25 rows=106 width=125)
	  Recheck Cond: ((k >= 3508073) AND (k <= 3508173))
	  ->  Bitmap Index Scan on k_8  (cost=0.00..5.50 rows=106 width=0)
	        Index Cond: ((k >= 3508073) AND (k <= 3508173))

for range-notcovered
table 1 : explain SELECT k, c FROM sbtest1 WHERE k BETWEEN 9445363 AND 9445463
	Bitmap Heap Scan on sbtest1  (cost=5.52..425.32 rows=106 width=125)
	  Recheck Cond: ((k >= 9445363) AND (k <= 9445463))
	  ->  Bitmap Index Scan on k_1  (cost=0.00..5.50 rows=106 width=0)
	        Index Cond: ((k >= 9445363) AND (k <= 9445463))

table 2 : explain SELECT k, c FROM sbtest2 WHERE k BETWEEN 9445363 AND 9445463
	Bitmap Heap Scan on sbtest2  (cost=5.50..417.32 rows=104 width=125)
	  Recheck Cond: ((k >= 9445363) AND (k <= 9445463))
	  ->  Bitmap Index Scan on k_2  (cost=0.00..5.47 rows=104 width=0)
	        Index Cond: ((k >= 9445363) AND (k <= 9445463))

table 3 : explain SELECT k, c FROM sbtest3 WHERE k BETWEEN 9445363 AND 9445463
	Bitmap Heap Scan on sbtest3  (cost=5.48..409.63 rows=102 width=125)
	  Recheck Cond: ((k >= 9445363) AND (k <= 9445463))
	  ->  Bitmap Index Scan on k_3  (cost=0.00..5.45 rows=102 width=0)
	        Index Cond: ((k >= 9445363) AND (k <= 9445463))

table 4 : explain SELECT k, c FROM sbtest4 WHERE k BETWEEN 9445363 AND 9445463
	Bitmap Heap Scan on sbtest4  (cost=5.39..374.11 rows=93 width=125)
	  Recheck Cond: ((k >= 9445363) AND (k <= 9445463))
	  ->  Bitmap Index Scan on k_4  (cost=0.00..5.36 rows=93 width=0)
	        Index Cond: ((k >= 9445363) AND (k <= 9445463))

table 5 : explain SELECT k, c FROM sbtest5 WHERE k BETWEEN 9445363 AND 9445463
	Bitmap Heap Scan on sbtest5  (cost=5.51..421.46 rows=105 width=125)
	  Recheck Cond: ((k >= 9445363) AND (k <= 9445463))
	  ->  Bitmap Index Scan on k_5  (cost=0.00..5.48 rows=105 width=0)
	        Index Cond: ((k >= 9445363) AND (k <= 9445463))

table 6 : explain SELECT k, c FROM sbtest6 WHERE k BETWEEN 9445363 AND 9445463
	Bitmap Heap Scan on sbtest6  (cost=5.48..409.52 rows=102 width=125)
	  Recheck Cond: ((k >= 9445363) AND (k <= 9445463))
	  ->  Bitmap Index Scan on k_6  (cost=0.00..5.45 rows=102 width=0)
	        Index Cond: ((k >= 9445363) AND (k <= 9445463))

table 7 : explain SELECT k, c FROM sbtest7 WHERE k BETWEEN 9445363 AND 9445463
	Bitmap Heap Scan on sbtest7  (cost=5.59..452.98 rows=113 width=125)
	  Recheck Cond: ((k >= 9445363) AND (k <= 9445463))
	  ->  Bitmap Index Scan on k_7  (cost=0.00..5.56 rows=113 width=0)
	        Index Cond: ((k >= 9445363) AND (k <= 9445463))

table 8 : explain SELECT k, c FROM sbtest8 WHERE k BETWEEN 9445363 AND 9445463
	Bitmap Heap Scan on sbtest8  (cost=5.53..429.19 rows=107 width=125)
	  Recheck Cond: ((k >= 9445363) AND (k <= 9445463))
	  ->  Bitmap Index Scan on k_8  (cost=0.00..5.50 rows=107 width=0)
	        Index Cond: ((k >= 9445363) AND (k <= 9445463))

for range-notcovered
table 1 : explain SELECT k, c FROM sbtest1 WHERE k BETWEEN 6497843 AND 6497943
	Bitmap Heap Scan on sbtest1  (cost=5.40..377.97 rows=94 width=125)
	  Recheck Cond: ((k >= 6497843) AND (k <= 6497943))
	  ->  Bitmap Index Scan on k_1  (cost=0.00..5.38 rows=94 width=0)
	        Index Cond: ((k >= 6497843) AND (k <= 6497943))

table 2 : explain SELECT k, c FROM sbtest2 WHERE k BETWEEN 6497843 AND 6497943
	Bitmap Heap Scan on sbtest2  (cost=5.48..409.43 rows=102 width=125)
	  Recheck Cond: ((k >= 6497843) AND (k <= 6497943))
	  ->  Bitmap Index Scan on k_2  (cost=0.00..5.45 rows=102 width=0)
	        Index Cond: ((k >= 6497843) AND (k <= 6497943))

table 3 : explain SELECT k, c FROM sbtest3 WHERE k BETWEEN 6497843 AND 6497943
	Bitmap Heap Scan on sbtest3  (cost=5.50..417.52 rows=104 width=125)
	  Recheck Cond: ((k >= 6497843) AND (k <= 6497943))
	  ->  Bitmap Index Scan on k_3  (cost=0.00..5.47 rows=104 width=0)
	        Index Cond: ((k >= 6497843) AND (k <= 6497943))

table 4 : explain SELECT k, c FROM sbtest4 WHERE k BETWEEN 6497843 AND 6497943
	Bitmap Heap Scan on sbtest4  (cost=5.55..437.25 rows=109 width=125)
	  Recheck Cond: ((k >= 6497843) AND (k <= 6497943))
	  ->  Bitmap Index Scan on k_4  (cost=0.00..5.52 rows=109 width=0)
	        Index Cond: ((k >= 6497843) AND (k <= 6497943))

table 5 : explain SELECT k, c FROM sbtest5 WHERE k BETWEEN 6497843 AND 6497943
	Bitmap Heap Scan on sbtest5  (cost=5.45..397.79 rows=99 width=125)
	  Recheck Cond: ((k >= 6497843) AND (k <= 6497943))
	  ->  Bitmap Index Scan on k_5  (cost=0.00..5.42 rows=99 width=0)
	        Index Cond: ((k >= 6497843) AND (k <= 6497943))

table 6 : explain SELECT k, c FROM sbtest6 WHERE k BETWEEN 6497843 AND 6497943
	Bitmap Heap Scan on sbtest6  (cost=5.41..381.90 rows=95 width=125)
	  Recheck Cond: ((k >= 6497843) AND (k <= 6497943))
	  ->  Bitmap Index Scan on k_6  (cost=0.00..5.38 rows=95 width=0)
	        Index Cond: ((k >= 6497843) AND (k <= 6497943))

table 7 : explain SELECT k, c FROM sbtest7 WHERE k BETWEEN 6497843 AND 6497943
	Bitmap Heap Scan on sbtest7  (cost=5.43..389.86 rows=97 width=125)
	  Recheck Cond: ((k >= 6497843) AND (k <= 6497943))
	  ->  Bitmap Index Scan on k_7  (cost=0.00..5.40 rows=97 width=0)
	        Index Cond: ((k >= 6497843) AND (k <= 6497943))

table 8 : explain SELECT k, c FROM sbtest8 WHERE k BETWEEN 6497843 AND 6497943
	Bitmap Heap Scan on sbtest8  (cost=5.40..377.92 rows=94 width=125)
	  Recheck Cond: ((k >= 6497843) AND (k <= 6497943))
	  ->  Bitmap Index Scan on k_8  (cost=0.00..5.38 rows=94 width=0)
	        Index Cond: ((k >= 6497843) AND (k <= 6497943))

explain: for range-notcovered :: explain SELECT k, c FROM sbtest%d WHERE k BETWEEN 9445363 AND 9445463
explain: for range-notcovered :: explain SELECT k, c FROM sbtest%d WHERE k BETWEEN 6497843 AND 6497943
explain: for range-notcovered :: explain SELECT k, c FROM sbtest%d WHERE k BETWEEN 3508073 AND 3508173
for range-notcovered
table 1 : explain SELECT k, c FROM sbtest1 WHERE k BETWEEN 1669264 AND 1669364
	Bitmap Heap Scan on sbtest1  (cost=5.40..377.97 rows=94 width=125)
	  Recheck Cond: ((k >= 1669264) AND (k <= 1669364))
	  ->  Bitmap Index Scan on k_1  (cost=0.00..5.38 rows=94 width=0)
	        Index Cond: ((k >= 1669264) AND (k <= 1669364))

table 2 : explain SELECT k, c FROM sbtest2 WHERE k BETWEEN 1669264 AND 1669364
	Bitmap Heap Scan on sbtest2  (cost=5.45..397.60 rows=99 width=125)
	  Recheck Cond: ((k >= 1669264) AND (k <= 1669364))
	  ->  Bitmap Index Scan on k_2  (cost=0.00..5.42 rows=99 width=0)
	        Index Cond: ((k >= 1669264) AND (k <= 1669364))

table 3 : explain SELECT k, c FROM sbtest3 WHERE k BETWEEN 1669264 AND 1669364
	Bitmap Heap Scan on sbtest3  (cost=5.41..382.00 rows=95 width=125)
	  Recheck Cond: ((k >= 1669264) AND (k <= 1669364))
	  ->  Bitmap Index Scan on k_3  (cost=0.00..5.38 rows=95 width=0)
	        Index Cond: ((k >= 1669264) AND (k <= 1669364))

table 4 : explain SELECT k, c FROM sbtest4 WHERE k BETWEEN 1669264 AND 1669364
	Bitmap Heap Scan on sbtest4  (cost=5.52..425.42 rows=106 width=125)
	  Recheck Cond: ((k >= 1669264) AND (k <= 1669364))
	  ->  Bitmap Index Scan on k_4  (cost=0.00..5.50 rows=106 width=0)
	        Index Cond: ((k >= 1669264) AND (k <= 1669364))

table 5 : explain SELECT k, c FROM sbtest5 WHERE k BETWEEN 1669264 AND 1669364
	Bitmap Heap Scan on sbtest5  (cost=5.53..429.35 rows=107 width=125)
	  Recheck Cond: ((k >= 1669264) AND (k <= 1669364))
	  ->  Bitmap Index Scan on k_5  (cost=0.00..5.50 rows=107 width=0)
	        Index Cond: ((k >= 1669264) AND (k <= 1669364))

table 6 : explain SELECT k, c FROM sbtest6 WHERE k BETWEEN 1669264 AND 1669364
	Bitmap Heap Scan on sbtest6  (cost=5.53..429.24 rows=107 width=125)
	  Recheck Cond: ((k >= 1669264) AND (k <= 1669364))
	  ->  Bitmap Index Scan on k_6  (cost=0.00..5.50 rows=107 width=0)
	        Index Cond: ((k >= 1669264) AND (k <= 1669364))

table 7 : explain SELECT k, c FROM sbtest7 WHERE k BETWEEN 1669264 AND 1669364
	Bitmap Heap Scan on sbtest7  (cost=5.35..358.27 rows=89 width=125)
	  Recheck Cond: ((k >= 1669264) AND (k <= 1669364))
	  ->  Bitmap Index Scan on k_7  (cost=0.00..5.32 rows=89 width=0)
	        Index Cond: ((k >= 1669264) AND (k <= 1669364))

table 8 : explain SELECT k, c FROM sbtest8 WHERE k BETWEEN 1669264 AND 1669364
	Bitmap Heap Scan on sbtest8  (cost=5.42..385.81 rows=96 width=125)
	  Recheck Cond: ((k >= 1669264) AND (k <= 1669364))
	  ->  Bitmap Index Scan on k_8  (cost=0.00..5.39 rows=96 width=0)
	        Index Cond: ((k >= 1669264) AND (k <= 1669364))

explain: for range-notcovered :: explain SELECT k, c FROM sbtest%d WHERE k BETWEEN 1669264 AND 1669364
for range-notcovered
table 1 : explain SELECT k, c FROM sbtest1 WHERE k BETWEEN 4936996 AND 4937096
	Bitmap Heap Scan on sbtest1  (cost=5.43..389.82 rows=97 width=125)
	  Recheck Cond: ((k >= 4936996) AND (k <= 4937096))
	  ->  Bitmap Index Scan on k_1  (cost=0.00..5.40 rows=97 width=0)
	        Index Cond: ((k >= 4936996) AND (k <= 4937096))

table 2 : explain SELECT k, c FROM sbtest2 WHERE k BETWEEN 4936996 AND 4937096
	Bitmap Heap Scan on sbtest2  (cost=5.46..401.55 rows=100 width=125)
	  Recheck Cond: ((k >= 4936996) AND (k <= 4937096))
	  ->  Bitmap Index Scan on k_2  (cost=0.00..5.43 rows=100 width=0)
	        Index Cond: ((k >= 4936996) AND (k <= 4937096))

table 3 : explain SELECT k, c FROM sbtest3 WHERE k BETWEEN 4936996 AND 4937096
	Bitmap Heap Scan on sbtest3  (cost=5.41..382.00 rows=95 width=125)
	  Recheck Cond: ((k >= 4936996) AND (k <= 4937096))
	  ->  Bitmap Index Scan on k_3  (cost=0.00..5.38 rows=95 width=0)
	        Index Cond: ((k >= 4936996) AND (k <= 4937096))

table 4 : explain SELECT k, c FROM sbtest4 WHERE k BETWEEN 4936996 AND 4937096
	Bitmap Heap Scan on sbtest4  (cost=5.41..382.00 rows=95 width=125)
	  Recheck Cond: ((k >= 4936996) AND (k <= 4937096))
	  ->  Bitmap Index Scan on k_4  (cost=0.00..5.38 rows=95 width=0)
	        Index Cond: ((k >= 4936996) AND (k <= 4937096))

table 5 : explain SELECT k, c FROM sbtest5 WHERE k BETWEEN 4936996 AND 4937096
	Bitmap Heap Scan on sbtest5  (cost=5.62..464.84 rows=116 width=125)
	  Recheck Cond: ((k >= 4936996) AND (k <= 4937096))
	  ->  Bitmap Index Scan on k_5  (cost=0.00..5.59 rows=116 width=0)
	        Index Cond: ((k >= 4936996) AND (k <= 4937096))

table 6 : explain SELECT k, c FROM sbtest6 WHERE k BETWEEN 4936996 AND 4937096
	Bitmap Heap Scan on sbtest6  (cost=5.47..405.58 rows=101 width=125)
	  Recheck Cond: ((k >= 4936996) AND (k <= 4937096))
	  ->  Bitmap Index Scan on k_6  (cost=0.00..5.44 rows=101 width=0)
	        Index Cond: ((k >= 4936996) AND (k <= 4937096))

table 7 : explain SELECT k, c FROM sbtest7 WHERE k BETWEEN 4936996 AND 4937096
	Bitmap Heap Scan on sbtest7  (cost=5.49..413.54 rows=103 width=125)
	  Recheck Cond: ((k >= 4936996) AND (k <= 4937096))
	  ->  Bitmap Index Scan on k_7  (cost=0.00..5.46 rows=103 width=0)
	        Index Cond: ((k >= 4936996) AND (k <= 4937096))

table 8 : explain SELECT k, c FROM sbtest8 WHERE k BETWEEN 4936996 AND 4937096
	Bitmap Heap Scan on sbtest8  (cost=5.51..421.31 rows=105 width=125)
	  Recheck Cond: ((k >= 4936996) AND (k <= 4937096))
	  ->  Bitmap Index Scan on k_8  (cost=0.00..5.48 rows=105 width=0)
	        Index Cond: ((k >= 4936996) AND (k <= 4937096))

for range-notcovered
table 1 : explain SELECT k, c FROM sbtest1 WHERE k BETWEEN 2793633 AND 2793733
	Bitmap Heap Scan on sbtest1  (cost=5.38..370.08 rows=92 width=125)
	  Recheck Cond: ((k >= 2793633) AND (k <= 2793733))
	  ->  Bitmap Index Scan on k_1  (cost=0.00..5.35 rows=92 width=0)
	        Index Cond: ((k >= 2793633) AND (k <= 2793733))

table 2 : explain SELECT k, c FROM sbtest2 WHERE k BETWEEN 2793633 AND 2793733
	Bitmap Heap Scan on sbtest2  (cost=5.39..373.93 rows=93 width=125)
	  Recheck Cond: ((k >= 2793633) AND (k <= 2793733))
	  ->  Bitmap Index Scan on k_2  (cost=0.00..5.36 rows=93 width=0)
	        Index Cond: ((k >= 2793633) AND (k <= 2793733))

table 3 : explain SELECT k, c FROM sbtest3 WHERE k BETWEEN 2793633 AND 2793733
	Bitmap Heap Scan on sbtest3  (cost=5.48..409.63 rows=102 width=125)
	  Recheck Cond: ((k >= 2793633) AND (k <= 2793733))
	  ->  Bitmap Index Scan on k_3  (cost=0.00..5.45 rows=102 width=0)
	        Index Cond: ((k >= 2793633) AND (k <= 2793733))

table 4 : explain SELECT k, c FROM sbtest4 WHERE k BETWEEN 2793633 AND 2793733
	Bitmap Heap Scan on sbtest4  (cost=5.47..405.69 rows=101 width=125)
	  Recheck Cond: ((k >= 2793633) AND (k <= 2793733))
	  ->  Bitmap Index Scan on k_4  (cost=0.00..5.44 rows=101 width=0)
	        Index Cond: ((k >= 2793633) AND (k <= 2793733))

table 5 : explain SELECT k, c FROM sbtest5 WHERE k BETWEEN 2793633 AND 2793733
	Bitmap Heap Scan on sbtest5  (cost=5.44..393.84 rows=98 width=125)
	  Recheck Cond: ((k >= 2793633) AND (k <= 2793733))
	  ->  Bitmap Index Scan on k_5  (cost=0.00..5.42 rows=98 width=0)
	        Index Cond: ((k >= 2793633) AND (k <= 2793733))

table 6 : explain SELECT k, c FROM sbtest6 WHERE k BETWEEN 2793633 AND 2793733
	Bitmap Heap Scan on sbtest6  (cost=5.41..381.90 rows=95 width=125)
	  Recheck Cond: ((k >= 2793633) AND (k <= 2793733))
	  ->  Bitmap Index Scan on k_6  (cost=0.00..5.38 rows=95 width=0)
	        Index Cond: ((k >= 2793633) AND (k <= 2793733))

table 7 : explain SELECT k, c FROM sbtest7 WHERE k BETWEEN 2793633 AND 2793733
	Bitmap Heap Scan on sbtest7  (cost=5.46..401.71 rows=100 width=125)
	  Recheck Cond: ((k >= 2793633) AND (k <= 2793733))
	  ->  Bitmap Index Scan on k_7  (cost=0.00..5.43 rows=100 width=0)
	        Index Cond: ((k >= 2793633) AND (k <= 2793733))

table 8 : explain SELECT k, c FROM sbtest8 WHERE k BETWEEN 2793633 AND 2793733
	Bitmap Heap Scan on sbtest8  (cost=5.50..417.37 rows=104 width=125)
	  Recheck Cond: ((k >= 2793633) AND (k <= 2793733))
	  ->  Bitmap Index Scan on k_8  (cost=0.00..5.47 rows=104 width=0)
	        Index Cond: ((k >= 2793633) AND (k <= 2793733))

explain: for range-notcovered :: explain SELECT k, c FROM sbtest%d WHERE k BETWEEN 4936996 AND 4937096
explain: for range-notcovered :: explain SELECT k, c FROM sbtest%d WHERE k BETWEEN 2793633 AND 2793733
for range-notcovered
table 1 : explain SELECT k, c FROM sbtest1 WHERE k BETWEEN 9445363 AND 9445463
	Bitmap Heap Scan on sbtest1  (cost=5.52..425.32 rows=106 width=125)
	  Recheck Cond: ((k >= 9445363) AND (k <= 9445463))
	  ->  Bitmap Index Scan on k_1  (cost=0.00..5.50 rows=106 width=0)
	        Index Cond: ((k >= 9445363) AND (k <= 9445463))

table 2 : explain SELECT k, c FROM sbtest2 WHERE k BETWEEN 9445363 AND 9445463
	Bitmap Heap Scan on sbtest2  (cost=5.50..417.32 rows=104 width=125)
	  Recheck Cond: ((k >= 9445363) AND (k <= 9445463))
	  ->  Bitmap Index Scan on k_2  (cost=0.00..5.47 rows=104 width=0)
	        Index Cond: ((k >= 9445363) AND (k <= 9445463))

table 3 : explain SELECT k, c FROM sbtest3 WHERE k BETWEEN 9445363 AND 9445463
	Bitmap Heap Scan on sbtest3  (cost=5.48..409.63 rows=102 width=125)
	  Recheck Cond: ((k >= 9445363) AND (k <= 9445463))
	  ->  Bitmap Index Scan on k_3  (cost=0.00..5.45 rows=102 width=0)
	        Index Cond: ((k >= 9445363) AND (k <= 9445463))

table 4 : explain SELECT k, c FROM sbtest4 WHERE k BETWEEN 9445363 AND 9445463
	Bitmap Heap Scan on sbtest4  (cost=5.39..374.11 rows=93 width=125)
	  Recheck Cond: ((k >= 9445363) AND (k <= 9445463))
	  ->  Bitmap Index Scan on k_4  (cost=0.00..5.36 rows=93 width=0)
	        Index Cond: ((k >= 9445363) AND (k <= 9445463))

table 5 : explain SELECT k, c FROM sbtest5 WHERE k BETWEEN 9445363 AND 9445463
	Bitmap Heap Scan on sbtest5  (cost=5.51..421.46 rows=105 width=125)
	  Recheck Cond: ((k >= 9445363) AND (k <= 9445463))
	  ->  Bitmap Index Scan on k_5  (cost=0.00..5.48 rows=105 width=0)
	        Index Cond: ((k >= 9445363) AND (k <= 9445463))

table 6 : explain SELECT k, c FROM sbtest6 WHERE k BETWEEN 9445363 AND 9445463
	Bitmap Heap Scan on sbtest6  (cost=5.48..409.52 rows=102 width=125)
	  Recheck Cond: ((k >= 9445363) AND (k <= 9445463))
	  ->  Bitmap Index Scan on k_6  (cost=0.00..5.45 rows=102 width=0)
	        Index Cond: ((k >= 9445363) AND (k <= 9445463))

table 7 : explain SELECT k, c FROM sbtest7 WHERE k BETWEEN 9445363 AND 9445463
	Bitmap Heap Scan on sbtest7  (cost=5.59..452.98 rows=113 width=125)
	  Recheck Cond: ((k >= 9445363) AND (k <= 9445463))
	  ->  Bitmap Index Scan on k_7  (cost=0.00..5.56 rows=113 width=0)
	        Index Cond: ((k >= 9445363) AND (k <= 9445463))

table 8 : explain SELECT k, c FROM sbtest8 WHERE k BETWEEN 9445363 AND 9445463
	Bitmap Heap Scan on sbtest8  (cost=5.53..429.19 rows=107 width=125)
	  Recheck Cond: ((k >= 9445363) AND (k <= 9445463))
	  ->  Bitmap Index Scan on k_8  (cost=0.00..5.50 rows=107 width=0)
	        Index Cond: ((k >= 9445363) AND (k <= 9445463))

for range-notcovered
table 1 : explain SELECT k, c FROM sbtest1 WHERE k BETWEEN 3508073 AND 3508173
	Bitmap Heap Scan on sbtest1  (cost=5.42..385.87 rows=96 width=125)
	  Recheck Cond: ((k >= 3508073) AND (k <= 3508173))
	  ->  Bitmap Index Scan on k_1  (cost=0.00..5.39 rows=96 width=0)
	        Index Cond: ((k >= 3508073) AND (k <= 3508173))

table 2 : explain SELECT k, c FROM sbtest2 WHERE k BETWEEN 3508073 AND 3508173
	Bitmap Heap Scan on sbtest2  (cost=5.45..397.60 rows=99 width=125)
	  Recheck Cond: ((k >= 3508073) AND (k <= 3508173))
	  ->  Bitmap Index Scan on k_2  (cost=0.00..5.42 rows=99 width=0)
	        Index Cond: ((k >= 3508073) AND (k <= 3508173))

table 3 : explain SELECT k, c FROM sbtest3 WHERE k BETWEEN 3508073 AND 3508173
	Bitmap Heap Scan on sbtest3  (cost=5.49..413.57 rows=103 width=125)
	  Recheck Cond: ((k >= 3508073) AND (k <= 3508173))
	  ->  Bitmap Index Scan on k_3  (cost=0.00..5.46 rows=103 width=0)
	        Index Cond: ((k >= 3508073) AND (k <= 3508173))

table 4 : explain SELECT k, c FROM sbtest4 WHERE k BETWEEN 3508073 AND 3508173
	Bitmap Heap Scan on sbtest4  (cost=5.38..370.16 rows=92 width=125)
	  Recheck Cond: ((k >= 3508073) AND (k <= 3508173))
	  ->  Bitmap Index Scan on k_4  (cost=0.00..5.35 rows=92 width=0)
	        Index Cond: ((k >= 3508073) AND (k <= 3508173))

table 5 : explain SELECT k, c FROM sbtest5 WHERE k BETWEEN 3508073 AND 3508173
	Bitmap Heap Scan on sbtest5  (cost=5.45..397.79 rows=99 width=125)
	  Recheck Cond: ((k >= 3508073) AND (k <= 3508173))
	  ->  Bitmap Index Scan on k_5  (cost=0.00..5.42 rows=99 width=0)
	        Index Cond: ((k >= 3508073) AND (k <= 3508173))

table 6 : explain SELECT k, c FROM sbtest6 WHERE k BETWEEN 3508073 AND 3508173
	Bitmap Heap Scan on sbtest6  (cost=5.49..413.47 rows=103 width=125)
	  Recheck Cond: ((k >= 3508073) AND (k <= 3508173))
	  ->  Bitmap Index Scan on k_6  (cost=0.00..5.46 rows=103 width=0)
	        Index Cond: ((k >= 3508073) AND (k <= 3508173))

table 7 : explain SELECT k, c FROM sbtest7 WHERE k BETWEEN 3508073 AND 3508173
	Bitmap Heap Scan on sbtest7  (cost=5.44..393.81 rows=98 width=125)
	  Recheck Cond: ((k >= 3508073) AND (k <= 3508173))
	  ->  Bitmap Index Scan on k_7  (cost=0.00..5.42 rows=98 width=0)
	        Index Cond: ((k >= 3508073) AND (k <= 3508173))

table 8 : explain SELECT k, c FROM sbtest8 WHERE k BETWEEN 3508073 AND 3508173
	Bitmap Heap Scan on sbtest8  (cost=5.52..425.25 rows=106 width=125)
	  Recheck Cond: ((k >= 3508073) AND (k <= 3508173))
	  ->  Bitmap Index Scan on k_8  (cost=0.00..5.50 rows=106 width=0)
	        Index Cond: ((k >= 3508073) AND (k <= 3508173))

explain: for range-notcovered :: explain SELECT k, c FROM sbtest%d WHERE k BETWEEN 9445363 AND 9445463
for range-notcovered
table 1 : explain SELECT k, c FROM sbtest1 WHERE k BETWEEN 6497843 AND 6497943
	Bitmap Heap Scan on sbtest1  (cost=5.40..377.97 rows=94 width=125)
	  Recheck Cond: ((k >= 6497843) AND (k <= 6497943))
	  ->  Bitmap Index Scan on k_1  (cost=0.00..5.38 rows=94 width=0)
	        Index Cond: ((k >= 6497843) AND (k <= 6497943))

table 2 : explain SELECT k, c FROM sbtest2 WHERE k BETWEEN 6497843 AND 6497943
	Bitmap Heap Scan on sbtest2  (cost=5.48..409.43 rows=102 width=125)
	  Recheck Cond: ((k >= 6497843) AND (k <= 6497943))
	  ->  Bitmap Index Scan on k_2  (cost=0.00..5.45 rows=102 width=0)
	        Index Cond: ((k >= 6497843) AND (k <= 6497943))

table 3 : explain SELECT k, c FROM sbtest3 WHERE k BETWEEN 6497843 AND 6497943
	Bitmap Heap Scan on sbtest3  (cost=5.50..417.52 rows=104 width=125)
	  Recheck Cond: ((k >= 6497843) AND (k <= 6497943))
	  ->  Bitmap Index Scan on k_3  (cost=0.00..5.47 rows=104 width=0)
	        Index Cond: ((k >= 6497843) AND (k <= 6497943))

table 4 : explain SELECT k, c FROM sbtest4 WHERE k BETWEEN 6497843 AND 6497943
	Bitmap Heap Scan on sbtest4  (cost=5.55..437.25 rows=109 width=125)
	  Recheck Cond: ((k >= 6497843) AND (k <= 6497943))
	  ->  Bitmap Index Scan on k_4  (cost=0.00..5.52 rows=109 width=0)
	        Index Cond: ((k >= 6497843) AND (k <= 6497943))

table 5 : explain SELECT k, c FROM sbtest5 WHERE k BETWEEN 6497843 AND 6497943
	Bitmap Heap Scan on sbtest5  (cost=5.45..397.79 rows=99 width=125)
	  Recheck Cond: ((k >= 6497843) AND (k <= 6497943))
	  ->  Bitmap Index Scan on k_5  (cost=0.00..5.42 rows=99 width=0)
	        Index Cond: ((k >= 6497843) AND (k <= 6497943))

table 6 : explain SELECT k, c FROM sbtest6 WHERE k BETWEEN 6497843 AND 6497943
	Bitmap Heap Scan on sbtest6  (cost=5.41..381.90 rows=95 width=125)
	  Recheck Cond: ((k >= 6497843) AND (k <= 6497943))
	  ->  Bitmap Index Scan on k_6  (cost=0.00..5.38 rows=95 width=0)
	        Index Cond: ((k >= 6497843) AND (k <= 6497943))

table 7 : explain SELECT k, c FROM sbtest7 WHERE k BETWEEN 6497843 AND 6497943
	Bitmap Heap Scan on sbtest7  (cost=5.43..389.86 rows=97 width=125)
	  Recheck Cond: ((k >= 6497843) AND (k <= 6497943))
	  ->  Bitmap Index Scan on k_7  (cost=0.00..5.40 rows=97 width=0)
	        Index Cond: ((k >= 6497843) AND (k <= 6497943))

table 8 : explain SELECT k, c FROM sbtest8 WHERE k BETWEEN 6497843 AND 6497943
	Bitmap Heap Scan on sbtest8  (cost=5.40..377.92 rows=94 width=125)
	  Recheck Cond: ((k >= 6497843) AND (k <= 6497943))
	  ->  Bitmap Index Scan on k_8  (cost=0.00..5.38 rows=94 width=0)
	        Index Cond: ((k >= 6497843) AND (k <= 6497943))

explain: for range-notcovered :: explain SELECT k, c FROM sbtest%d WHERE k BETWEEN 3508073 AND 3508173
for range-notcovered
table 1 : explain SELECT k, c FROM sbtest1 WHERE k BETWEEN 1669264 AND 1669364
	Bitmap Heap Scan on sbtest1  (cost=5.40..377.97 rows=94 width=125)
	  Recheck Cond: ((k >= 1669264) AND (k <= 1669364))
	  ->  Bitmap Index Scan on k_1  (cost=0.00..5.38 rows=94 width=0)
	        Index Cond: ((k >= 1669264) AND (k <= 1669364))

table 2 : explain SELECT k, c FROM sbtest2 WHERE k BETWEEN 1669264 AND 1669364
	Bitmap Heap Scan on sbtest2  (cost=5.45..397.60 rows=99 width=125)
	  Recheck Cond: ((k >= 1669264) AND (k <= 1669364))
	  ->  Bitmap Index Scan on k_2  (cost=0.00..5.42 rows=99 width=0)
	        Index Cond: ((k >= 1669264) AND (k <= 1669364))

table 3 : explain SELECT k, c FROM sbtest3 WHERE k BETWEEN 1669264 AND 1669364
	Bitmap Heap Scan on sbtest3  (cost=5.41..382.00 rows=95 width=125)
	  Recheck Cond: ((k >= 1669264) AND (k <= 1669364))
	  ->  Bitmap Index Scan on k_3  (cost=0.00..5.38 rows=95 width=0)
	        Index Cond: ((k >= 1669264) AND (k <= 1669364))

table 4 : explain SELECT k, c FROM sbtest4 WHERE k BETWEEN 1669264 AND 1669364
	Bitmap Heap Scan on sbtest4  (cost=5.52..425.42 rows=106 width=125)
	  Recheck Cond: ((k >= 1669264) AND (k <= 1669364))
	  ->  Bitmap Index Scan on k_4  (cost=0.00..5.50 rows=106 width=0)
	        Index Cond: ((k >= 1669264) AND (k <= 1669364))

table 5 : explain SELECT k, c FROM sbtest5 WHERE k BETWEEN 1669264 AND 1669364
	Bitmap Heap Scan on sbtest5  (cost=5.53..429.35 rows=107 width=125)
	  Recheck Cond: ((k >= 1669264) AND (k <= 1669364))
	  ->  Bitmap Index Scan on k_5  (cost=0.00..5.50 rows=107 width=0)
	        Index Cond: ((k >= 1669264) AND (k <= 1669364))

table 6 : explain SELECT k, c FROM sbtest6 WHERE k BETWEEN 1669264 AND 1669364
	Bitmap Heap Scan on sbtest6  (cost=5.53..429.24 rows=107 width=125)
	  Recheck Cond: ((k >= 1669264) AND (k <= 1669364))
	  ->  Bitmap Index Scan on k_6  (cost=0.00..5.50 rows=107 width=0)
	        Index Cond: ((k >= 1669264) AND (k <= 1669364))

table 7 : explain SELECT k, c FROM sbtest7 WHERE k BETWEEN 1669264 AND 1669364
	Bitmap Heap Scan on sbtest7  (cost=5.35..358.27 rows=89 width=125)
	  Recheck Cond: ((k >= 1669264) AND (k <= 1669364))
	  ->  Bitmap Index Scan on k_7  (cost=0.00..5.32 rows=89 width=0)
	        Index Cond: ((k >= 1669264) AND (k <= 1669364))

table 8 : explain SELECT k, c FROM sbtest8 WHERE k BETWEEN 1669264 AND 1669364
	Bitmap Heap Scan on sbtest8  (cost=5.42..385.81 rows=96 width=125)
	  Recheck Cond: ((k >= 1669264) AND (k <= 1669364))
	  ->  Bitmap Index Scan on k_8  (cost=0.00..5.39 rows=96 width=0)
	        Index Cond: ((k >= 1669264) AND (k <= 1669364))

for range-notcovered
table 1 : explain SELECT k, c FROM sbtest1 WHERE k BETWEEN 3978191 AND 3978291
	Bitmap Heap Scan on sbtest1  (cost=5.49..413.49 rows=103 width=125)
	  Recheck Cond: ((k >= 3978191) AND (k <= 3978291))
	  ->  Bitmap Index Scan on k_1  (cost=0.00..5.46 rows=103 width=0)
	        Index Cond: ((k >= 3978191) AND (k <= 3978291))

table 2 : explain SELECT k, c FROM sbtest2 WHERE k BETWEEN 3978191 AND 3978291
	Bitmap Heap Scan on sbtest2  (cost=5.40..377.88 rows=94 width=125)
	  Recheck Cond: ((k >= 3978191) AND (k <= 3978291))
	  ->  Bitmap Index Scan on k_2  (cost=0.00..5.38 rows=94 width=0)
	        Index Cond: ((k >= 3978191) AND (k <= 3978291))

table 3 : explain SELECT k, c FROM sbtest3 WHERE k BETWEEN 3978191 AND 3978291
	Bitmap Heap Scan on sbtest3  (cost=5.44..393.84 rows=98 width=125)
	  Recheck Cond: ((k >= 3978191) AND (k <= 3978291))
	  ->  Bitmap Index Scan on k_3  (cost=0.00..5.42 rows=98 width=0)
	        Index Cond: ((k >= 3978191) AND (k <= 3978291))

table 4 : explain SELECT k, c FROM sbtest4 WHERE k BETWEEN 3978191 AND 3978291
	Bitmap Heap Scan on sbtest4  (cost=5.48..409.64 rows=102 width=125)
	  Recheck Cond: ((k >= 3978191) AND (k <= 3978291))
	  ->  Bitmap Index Scan on k_4  (cost=0.00..5.45 rows=102 width=0)
	        Index Cond: ((k >= 3978191) AND (k <= 3978291))

table 5 : explain SELECT k, c FROM sbtest5 WHERE k BETWEEN 3978191 AND 3978291
	Bitmap Heap Scan on sbtest5  (cost=5.42..385.94 rows=96 width=125)
	  Recheck Cond: ((k >= 3978191) AND (k <= 3978291))
	  ->  Bitmap Index Scan on k_5  (cost=0.00..5.39 rows=96 width=0)
	        Index Cond: ((k >= 3978191) AND (k <= 3978291))

table 6 : explain SELECT k, c FROM sbtest6 WHERE k BETWEEN 3978191 AND 3978291
	Bitmap Heap Scan on sbtest6  (cost=5.48..409.52 rows=102 width=125)
	  Recheck Cond: ((k >= 3978191) AND (k <= 3978291))
	  ->  Bitmap Index Scan on k_6  (cost=0.00..5.45 rows=102 width=0)
	        Index Cond: ((k >= 3978191) AND (k <= 3978291))

table 7 : explain SELECT k, c FROM sbtest7 WHERE k BETWEEN 3978191 AND 3978291
	Bitmap Heap Scan on sbtest7  (cost=5.55..437.21 rows=109 width=125)
	  Recheck Cond: ((k >= 3978191) AND (k <= 3978291))
	  ->  Bitmap Index Scan on k_7  (cost=0.00..5.52 rows=109 width=0)
	        Index Cond: ((k >= 3978191) AND (k <= 3978291))

table 8 : explain SELECT k, c FROM sbtest8 WHERE k BETWEEN 3978191 AND 3978291
	Bitmap Heap Scan on sbtest8  (cost=5.45..397.65 rows=99 width=125)
	  Recheck Cond: ((k >= 3978191) AND (k <= 3978291))
	  ->  Bitmap Index Scan on k_8  (cost=0.00..5.42 rows=99 width=0)
	        Index Cond: ((k >= 3978191) AND (k <= 3978291))

explain: for range-notcovered :: explain SELECT k, c FROM sbtest%d WHERE k BETWEEN 1669264 AND 1669364
explain: for range-notcovered :: explain SELECT k, c FROM sbtest%d WHERE k BETWEEN 6497843 AND 6497943
explain: for range-notcovered :: explain SELECT k, c FROM sbtest%d WHERE k BETWEEN 3978191 AND 3978291
for range-notcovered
table 1 : explain SELECT k, c FROM sbtest1 WHERE k BETWEEN 4836682 AND 4836782
	Bitmap Heap Scan on sbtest1  (cost=5.45..397.71 rows=99 width=125)
	  Recheck Cond: ((k >= 4836682) AND (k <= 4836782))
	  ->  Bitmap Index Scan on k_1  (cost=0.00..5.42 rows=99 width=0)
	        Index Cond: ((k >= 4836682) AND (k <= 4836782))

table 2 : explain SELECT k, c FROM sbtest2 WHERE k BETWEEN 4836682 AND 4836782
	Bitmap Heap Scan on sbtest2  (cost=5.47..405.49 rows=101 width=125)
	  Recheck Cond: ((k >= 4836682) AND (k <= 4836782))
	  ->  Bitmap Index Scan on k_2  (cost=0.00..5.44 rows=101 width=0)
	        Index Cond: ((k >= 4836682) AND (k <= 4836782))

table 3 : explain SELECT k, c FROM sbtest3 WHERE k BETWEEN 4836682 AND 4836782
	Bitmap Heap Scan on sbtest3  (cost=5.44..393.84 rows=98 width=125)
	  Recheck Cond: ((k >= 4836682) AND (k <= 4836782))
	  ->  Bitmap Index Scan on k_3  (cost=0.00..5.42 rows=98 width=0)
	        Index Cond: ((k >= 4836682) AND (k <= 4836782))

table 4 : explain SELECT k, c FROM sbtest4 WHERE k BETWEEN 4836682 AND 4836782
	Bitmap Heap Scan on sbtest4  (cost=5.45..397.80 rows=99 width=125)
	  Recheck Cond: ((k >= 4836682) AND (k <= 4836782))
	  ->  Bitmap Index Scan on k_4  (cost=0.00..5.42 rows=99 width=0)
	        Index Cond: ((k >= 4836682) AND (k <= 4836782))

table 5 : explain SELECT k, c FROM sbtest5 WHERE k BETWEEN 4836682 AND 4836782
	Bitmap Heap Scan on sbtest5  (cost=5.54..433.30 rows=108 width=125)
	  Recheck Cond: ((k >= 4836682) AND (k <= 4836782))
	  ->  Bitmap Index Scan on k_5  (cost=0.00..5.51 rows=108 width=0)
	        Index Cond: ((k >= 4836682) AND (k <= 4836782))

table 6 : explain SELECT k, c FROM sbtest6 WHERE k BETWEEN 4836682 AND 4836782
	Bitmap Heap Scan on sbtest6  (cost=5.48..409.52 rows=102 width=125)
	  Recheck Cond: ((k >= 4836682) AND (k <= 4836782))
	  ->  Bitmap Index Scan on k_6  (cost=0.00..5.45 rows=102 width=0)
	        Index Cond: ((k >= 4836682) AND (k <= 4836782))

table 7 : explain SELECT k, c FROM sbtest7 WHERE k BETWEEN 4836682 AND 4836782
	Bitmap Heap Scan on sbtest7  (cost=5.57..445.09 rows=111 width=125)
	  Recheck Cond: ((k >= 4836682) AND (k <= 4836782))
	  ->  Bitmap Index Scan on k_7  (cost=0.00..5.54 rows=111 width=0)
	        Index Cond: ((k >= 4836682) AND (k <= 4836782))

table 8 : explain SELECT k, c FROM sbtest8 WHERE k BETWEEN 4836682 AND 4836782
	Bitmap Heap Scan on sbtest8  (cost=5.41..381.86 rows=95 width=125)
	  Recheck Cond: ((k >= 4836682) AND (k <= 4836782))
	  ->  Bitmap Index Scan on k_8  (cost=0.00..5.38 rows=95 width=0)
	        Index Cond: ((k >= 4836682) AND (k <= 4836782))

explain: for range-notcovered :: explain SELECT k, c FROM sbtest%d WHERE k BETWEEN 4836682 AND 4836782
for range-notcovered
table 1 : explain SELECT k, c FROM sbtest1 WHERE k BETWEEN 2793633 AND 2793733
	Bitmap Heap Scan on sbtest1  (cost=5.38..370.08 rows=92 width=125)
	  Recheck Cond: ((k >= 2793633) AND (k <= 2793733))
	  ->  Bitmap Index Scan on k_1  (cost=0.00..5.35 rows=92 width=0)
	        Index Cond: ((k >= 2793633) AND (k <= 2793733))

table 2 : explain SELECT k, c FROM sbtest2 WHERE k BETWEEN 2793633 AND 2793733
	Bitmap Heap Scan on sbtest2  (cost=5.39..373.93 rows=93 width=125)
	  Recheck Cond: ((k >= 2793633) AND (k <= 2793733))
	  ->  Bitmap Index Scan on k_2  (cost=0.00..5.36 rows=93 width=0)
	        Index Cond: ((k >= 2793633) AND (k <= 2793733))

table 3 : explain SELECT k, c FROM sbtest3 WHERE k BETWEEN 2793633 AND 2793733
	Bitmap Heap Scan on sbtest3  (cost=5.48..409.63 rows=102 width=125)
	  Recheck Cond: ((k >= 2793633) AND (k <= 2793733))
	  ->  Bitmap Index Scan on k_3  (cost=0.00..5.45 rows=102 width=0)
	        Index Cond: ((k >= 2793633) AND (k <= 2793733))

table 4 : explain SELECT k, c FROM sbtest4 WHERE k BETWEEN 2793633 AND 2793733
	Bitmap Heap Scan on sbtest4  (cost=5.47..405.69 rows=101 width=125)
	  Recheck Cond: ((k >= 2793633) AND (k <= 2793733))
	  ->  Bitmap Index Scan on k_4  (cost=0.00..5.44 rows=101 width=0)
	        Index Cond: ((k >= 2793633) AND (k <= 2793733))

table 5 : explain SELECT k, c FROM sbtest5 WHERE k BETWEEN 2793633 AND 2793733
	Bitmap Heap Scan on sbtest5  (cost=5.44..393.84 rows=98 width=125)
	  Recheck Cond: ((k >= 2793633) AND (k <= 2793733))
	  ->  Bitmap Index Scan on k_5  (cost=0.00..5.42 rows=98 width=0)
	        Index Cond: ((k >= 2793633) AND (k <= 2793733))

table 6 : explain SELECT k, c FROM sbtest6 WHERE k BETWEEN 2793633 AND 2793733
	Bitmap Heap Scan on sbtest6  (cost=5.41..381.90 rows=95 width=125)
	  Recheck Cond: ((k >= 2793633) AND (k <= 2793733))
	  ->  Bitmap Index Scan on k_6  (cost=0.00..5.38 rows=95 width=0)
	        Index Cond: ((k >= 2793633) AND (k <= 2793733))

table 7 : explain SELECT k, c FROM sbtest7 WHERE k BETWEEN 2793633 AND 2793733
	Bitmap Heap Scan on sbtest7  (cost=5.46..401.71 rows=100 width=125)
	  Recheck Cond: ((k >= 2793633) AND (k <= 2793733))
	  ->  Bitmap Index Scan on k_7  (cost=0.00..5.43 rows=100 width=0)
	        Index Cond: ((k >= 2793633) AND (k <= 2793733))

table 8 : explain SELECT k, c FROM sbtest8 WHERE k BETWEEN 2793633 AND 2793733
	Bitmap Heap Scan on sbtest8  (cost=5.50..417.37 rows=104 width=125)
	  Recheck Cond: ((k >= 2793633) AND (k <= 2793733))
	  ->  Bitmap Index Scan on k_8  (cost=0.00..5.47 rows=104 width=0)
	        Index Cond: ((k >= 2793633) AND (k <= 2793733))

explain: for range-notcovered :: explain SELECT k, c FROM sbtest%d WHERE k BETWEEN 2793633 AND 2793733
for range-notcovered
table 1 : explain SELECT k, c FROM sbtest1 WHERE k BETWEEN 4936996 AND 4937096
	Bitmap Heap Scan on sbtest1  (cost=5.43..389.82 rows=97 width=125)
	  Recheck Cond: ((k >= 4936996) AND (k <= 4937096))
	  ->  Bitmap Index Scan on k_1  (cost=0.00..5.40 rows=97 width=0)
	        Index Cond: ((k >= 4936996) AND (k <= 4937096))

table 2 : explain SELECT k, c FROM sbtest2 WHERE k BETWEEN 4936996 AND 4937096
	Bitmap Heap Scan on sbtest2  (cost=5.46..401.55 rows=100 width=125)
	  Recheck Cond: ((k >= 4936996) AND (k <= 4937096))
	  ->  Bitmap Index Scan on k_2  (cost=0.00..5.43 rows=100 width=0)
	        Index Cond: ((k >= 4936996) AND (k <= 4937096))

table 3 : explain SELECT k, c FROM sbtest3 WHERE k BETWEEN 4936996 AND 4937096
	Bitmap Heap Scan on sbtest3  (cost=5.41..382.00 rows=95 width=125)
	  Recheck Cond: ((k >= 4936996) AND (k <= 4937096))
	  ->  Bitmap Index Scan on k_3  (cost=0.00..5.38 rows=95 width=0)
	        Index Cond: ((k >= 4936996) AND (k <= 4937096))

table 4 : explain SELECT k, c FROM sbtest4 WHERE k BETWEEN 4936996 AND 4937096
	Bitmap Heap Scan on sbtest4  (cost=5.41..382.00 rows=95 width=125)
	  Recheck Cond: ((k >= 4936996) AND (k <= 4937096))
	  ->  Bitmap Index Scan on k_4  (cost=0.00..5.38 rows=95 width=0)
	        Index Cond: ((k >= 4936996) AND (k <= 4937096))

table 5 : explain SELECT k, c FROM sbtest5 WHERE k BETWEEN 4936996 AND 4937096
	Bitmap Heap Scan on sbtest5  (cost=5.62..464.84 rows=116 width=125)
	  Recheck Cond: ((k >= 4936996) AND (k <= 4937096))
	  ->  Bitmap Index Scan on k_5  (cost=0.00..5.59 rows=116 width=0)
	        Index Cond: ((k >= 4936996) AND (k <= 4937096))

table 6 : explain SELECT k, c FROM sbtest6 WHERE k BETWEEN 4936996 AND 4937096
	Bitmap Heap Scan on sbtest6  (cost=5.47..405.58 rows=101 width=125)
	  Recheck Cond: ((k >= 4936996) AND (k <= 4937096))
	  ->  Bitmap Index Scan on k_6  (cost=0.00..5.44 rows=101 width=0)
	        Index Cond: ((k >= 4936996) AND (k <= 4937096))

table 7 : explain SELECT k, c FROM sbtest7 WHERE k BETWEEN 4936996 AND 4937096
	Bitmap Heap Scan on sbtest7  (cost=5.49..413.54 rows=103 width=125)
	  Recheck Cond: ((k >= 4936996) AND (k <= 4937096))
	  ->  Bitmap Index Scan on k_7  (cost=0.00..5.46 rows=103 width=0)
	        Index Cond: ((k >= 4936996) AND (k <= 4937096))

table 8 : explain SELECT k, c FROM sbtest8 WHERE k BETWEEN 4936996 AND 4937096
	Bitmap Heap Scan on sbtest8  (cost=5.51..421.31 rows=105 width=125)
	  Recheck Cond: ((k >= 4936996) AND (k <= 4937096))
	  ->  Bitmap Index Scan on k_8  (cost=0.00..5.48 rows=105 width=0)
	        Index Cond: ((k >= 4936996) AND (k <= 4937096))

explain: for range-notcovered :: explain SELECT k, c FROM sbtest%d WHERE k BETWEEN 4936996 AND 4937096
explain: for range-notcovered :: explain SELECT k, c FROM sbtest%d WHERE k BETWEEN 4500220 AND 4500320
for range-notcovered
table 1 : explain SELECT k, c FROM sbtest1 WHERE k BETWEEN 3508073 AND 3508173
	Bitmap Heap Scan on sbtest1  (cost=5.42..385.87 rows=96 width=125)
	  Recheck Cond: ((k >= 3508073) AND (k <= 3508173))
	  ->  Bitmap Index Scan on k_1  (cost=0.00..5.39 rows=96 width=0)
	        Index Cond: ((k >= 3508073) AND (k <= 3508173))

table 2 : explain SELECT k, c FROM sbtest2 WHERE k BETWEEN 3508073 AND 3508173
	Bitmap Heap Scan on sbtest2  (cost=5.45..397.60 rows=99 width=125)
	  Recheck Cond: ((k >= 3508073) AND (k <= 3508173))
	  ->  Bitmap Index Scan on k_2  (cost=0.00..5.42 rows=99 width=0)
	        Index Cond: ((k >= 3508073) AND (k <= 3508173))

table 3 : explain SELECT k, c FROM sbtest3 WHERE k BETWEEN 3508073 AND 3508173
	Bitmap Heap Scan on sbtest3  (cost=5.49..413.57 rows=103 width=125)
	  Recheck Cond: ((k >= 3508073) AND (k <= 3508173))
	  ->  Bitmap Index Scan on k_3  (cost=0.00..5.46 rows=103 width=0)
	        Index Cond: ((k >= 3508073) AND (k <= 3508173))

table 4 : explain SELECT k, c FROM sbtest4 WHERE k BETWEEN 3508073 AND 3508173
	Bitmap Heap Scan on sbtest4  (cost=5.38..370.16 rows=92 width=125)
	  Recheck Cond: ((k >= 3508073) AND (k <= 3508173))
	  ->  Bitmap Index Scan on k_4  (cost=0.00..5.35 rows=92 width=0)
	        Index Cond: ((k >= 3508073) AND (k <= 3508173))

table 5 : explain SELECT k, c FROM sbtest5 WHERE k BETWEEN 3508073 AND 3508173
	Bitmap Heap Scan on sbtest5  (cost=5.45..397.79 rows=99 width=125)
	  Recheck Cond: ((k >= 3508073) AND (k <= 3508173))
	  ->  Bitmap Index Scan on k_5  (cost=0.00..5.42 rows=99 width=0)
	        Index Cond: ((k >= 3508073) AND (k <= 3508173))

table 6 : explain SELECT k, c FROM sbtest6 WHERE k BETWEEN 3508073 AND 3508173
	Bitmap Heap Scan on sbtest6  (cost=5.49..413.47 rows=103 width=125)
	  Recheck Cond: ((k >= 3508073) AND (k <= 3508173))
	  ->  Bitmap Index Scan on k_6  (cost=0.00..5.46 rows=103 width=0)
	        Index Cond: ((k >= 3508073) AND (k <= 3508173))

table 7 : explain SELECT k, c FROM sbtest7 WHERE k BETWEEN 3508073 AND 3508173
	Bitmap Heap Scan on sbtest7  (cost=5.44..393.81 rows=98 width=125)
	  Recheck Cond: ((k >= 3508073) AND (k <= 3508173))
	  ->  Bitmap Index Scan on k_7  (cost=0.00..5.42 rows=98 width=0)
	        Index Cond: ((k >= 3508073) AND (k <= 3508173))

table 8 : explain SELECT k, c FROM sbtest8 WHERE k BETWEEN 3508073 AND 3508173
	Bitmap Heap Scan on sbtest8  (cost=5.52..425.25 rows=106 width=125)
	  Recheck Cond: ((k >= 3508073) AND (k <= 3508173))
	  ->  Bitmap Index Scan on k_8  (cost=0.00..5.50 rows=106 width=0)
	        Index Cond: ((k >= 3508073) AND (k <= 3508173))

for range-notcovered
table 1 : explain SELECT k, c FROM sbtest1 WHERE k BETWEEN 9445363 AND 9445463
	Bitmap Heap Scan on sbtest1  (cost=5.52..425.32 rows=106 width=125)
	  Recheck Cond: ((k >= 9445363) AND (k <= 9445463))
	  ->  Bitmap Index Scan on k_1  (cost=0.00..5.50 rows=106 width=0)
	        Index Cond: ((k >= 9445363) AND (k <= 9445463))

table 2 : explain SELECT k, c FROM sbtest2 WHERE k BETWEEN 9445363 AND 9445463
	Bitmap Heap Scan on sbtest2  (cost=5.50..417.32 rows=104 width=125)
	  Recheck Cond: ((k >= 9445363) AND (k <= 9445463))
	  ->  Bitmap Index Scan on k_2  (cost=0.00..5.47 rows=104 width=0)
	        Index Cond: ((k >= 9445363) AND (k <= 9445463))

table 3 : explain SELECT k, c FROM sbtest3 WHERE k BETWEEN 9445363 AND 9445463
	Bitmap Heap Scan on sbtest3  (cost=5.48..409.63 rows=102 width=125)
	  Recheck Cond: ((k >= 9445363) AND (k <= 9445463))
	  ->  Bitmap Index Scan on k_3  (cost=0.00..5.45 rows=102 width=0)
	        Index Cond: ((k >= 9445363) AND (k <= 9445463))

table 4 : explain SELECT k, c FROM sbtest4 WHERE k BETWEEN 9445363 AND 9445463
	Bitmap Heap Scan on sbtest4  (cost=5.39..374.11 rows=93 width=125)
	  Recheck Cond: ((k >= 9445363) AND (k <= 9445463))
	  ->  Bitmap Index Scan on k_4  (cost=0.00..5.36 rows=93 width=0)
	        Index Cond: ((k >= 9445363) AND (k <= 9445463))

table 5 : explain SELECT k, c FROM sbtest5 WHERE k BETWEEN 9445363 AND 9445463
	Bitmap Heap Scan on sbtest5  (cost=5.51..421.46 rows=105 width=125)
	  Recheck Cond: ((k >= 9445363) AND (k <= 9445463))
	  ->  Bitmap Index Scan on k_5  (cost=0.00..5.48 rows=105 width=0)
	        Index Cond: ((k >= 9445363) AND (k <= 9445463))

table 6 : explain SELECT k, c FROM sbtest6 WHERE k BETWEEN 9445363 AND 9445463
	Bitmap Heap Scan on sbtest6  (cost=5.48..409.52 rows=102 width=125)
	  Recheck Cond: ((k >= 9445363) AND (k <= 9445463))
	  ->  Bitmap Index Scan on k_6  (cost=0.00..5.45 rows=102 width=0)
	        Index Cond: ((k >= 9445363) AND (k <= 9445463))

table 7 : explain SELECT k, c FROM sbtest7 WHERE k BETWEEN 9445363 AND 9445463
	Bitmap Heap Scan on sbtest7  (cost=5.59..452.98 rows=113 width=125)
	  Recheck Cond: ((k >= 9445363) AND (k <= 9445463))
	  ->  Bitmap Index Scan on k_7  (cost=0.00..5.56 rows=113 width=0)
	        Index Cond: ((k >= 9445363) AND (k <= 9445463))

table 8 : explain SELECT k, c FROM sbtest8 WHERE k BETWEEN 9445363 AND 9445463
	Bitmap Heap Scan on sbtest8  (cost=5.53..429.19 rows=107 width=125)
	  Recheck Cond: ((k >= 9445363) AND (k <= 9445463))
	  ->  Bitmap Index Scan on k_8  (cost=0.00..5.50 rows=107 width=0)
	        Index Cond: ((k >= 9445363) AND (k <= 9445463))

for range-notcovered
table 1 : explain SELECT k, c FROM sbtest1 WHERE k BETWEEN 1669264 AND 1669364
	Bitmap Heap Scan on sbtest1  (cost=5.40..377.97 rows=94 width=125)
	  Recheck Cond: ((k >= 1669264) AND (k <= 1669364))
	  ->  Bitmap Index Scan on k_1  (cost=0.00..5.38 rows=94 width=0)
	        Index Cond: ((k >= 1669264) AND (k <= 1669364))

table 2 : explain SELECT k, c FROM sbtest2 WHERE k BETWEEN 1669264 AND 1669364
	Bitmap Heap Scan on sbtest2  (cost=5.45..397.60 rows=99 width=125)
	  Recheck Cond: ((k >= 1669264) AND (k <= 1669364))
	  ->  Bitmap Index Scan on k_2  (cost=0.00..5.42 rows=99 width=0)
	        Index Cond: ((k >= 1669264) AND (k <= 1669364))

table 3 : explain SELECT k, c FROM sbtest3 WHERE k BETWEEN 1669264 AND 1669364
	Bitmap Heap Scan on sbtest3  (cost=5.41..382.00 rows=95 width=125)
	  Recheck Cond: ((k >= 1669264) AND (k <= 1669364))
	  ->  Bitmap Index Scan on k_3  (cost=0.00..5.38 rows=95 width=0)
	        Index Cond: ((k >= 1669264) AND (k <= 1669364))

table 4 : explain SELECT k, c FROM sbtest4 WHERE k BETWEEN 1669264 AND 1669364
	Bitmap Heap Scan on sbtest4  (cost=5.52..425.42 rows=106 width=125)
	  Recheck Cond: ((k >= 1669264) AND (k <= 1669364))
	  ->  Bitmap Index Scan on k_4  (cost=0.00..5.50 rows=106 width=0)
	        Index Cond: ((k >= 1669264) AND (k <= 1669364))

table 5 : explain SELECT k, c FROM sbtest5 WHERE k BETWEEN 1669264 AND 1669364
	Bitmap Heap Scan on sbtest5  (cost=5.53..429.35 rows=107 width=125)
	  Recheck Cond: ((k >= 1669264) AND (k <= 1669364))
	  ->  Bitmap Index Scan on k_5  (cost=0.00..5.50 rows=107 width=0)
	        Index Cond: ((k >= 1669264) AND (k <= 1669364))

table 6 : explain SELECT k, c FROM sbtest6 WHERE k BETWEEN 1669264 AND 1669364
	Bitmap Heap Scan on sbtest6  (cost=5.53..429.24 rows=107 width=125)
	  Recheck Cond: ((k >= 1669264) AND (k <= 1669364))
	  ->  Bitmap Index Scan on k_6  (cost=0.00..5.50 rows=107 width=0)
	        Index Cond: ((k >= 1669264) AND (k <= 1669364))

table 7 : explain SELECT k, c FROM sbtest7 WHERE k BETWEEN 1669264 AND 1669364
	Bitmap Heap Scan on sbtest7  (cost=5.35..358.27 rows=89 width=125)
	  Recheck Cond: ((k >= 1669264) AND (k <= 1669364))
	  ->  Bitmap Index Scan on k_7  (cost=0.00..5.32 rows=89 width=0)
	        Index Cond: ((k >= 1669264) AND (k <= 1669364))

table 8 : explain SELECT k, c FROM sbtest8 WHERE k BETWEEN 1669264 AND 1669364
	Bitmap Heap Scan on sbtest8  (cost=5.42..385.81 rows=96 width=125)
	  Recheck Cond: ((k >= 1669264) AND (k <= 1669364))
	  ->  Bitmap Index Scan on k_8  (cost=0.00..5.39 rows=96 width=0)
	        Index Cond: ((k >= 1669264) AND (k <= 1669364))

explain: for range-notcovered :: explain SELECT k, c FROM sbtest%d WHERE k BETWEEN 3508073 AND 3508173
explain: for range-notcovered :: explain SELECT k, c FROM sbtest%d WHERE k BETWEEN 9445363 AND 9445463
explain: for range-notcovered :: explain SELECT k, c FROM sbtest%d WHERE k BETWEEN 1669264 AND 1669364
for range-notcovered
table 1 : explain SELECT k, c FROM sbtest1 WHERE k BETWEEN 3978191 AND 3978291
	Bitmap Heap Scan on sbtest1  (cost=5.49..413.49 rows=103 width=125)
	  Recheck Cond: ((k >= 3978191) AND (k <= 3978291))
	  ->  Bitmap Index Scan on k_1  (cost=0.00..5.46 rows=103 width=0)
	        Index Cond: ((k >= 3978191) AND (k <= 3978291))

table 2 : explain SELECT k, c FROM sbtest2 WHERE k BETWEEN 3978191 AND 3978291
	Bitmap Heap Scan on sbtest2  (cost=5.40..377.88 rows=94 width=125)
	  Recheck Cond: ((k >= 3978191) AND (k <= 3978291))
	  ->  Bitmap Index Scan on k_2  (cost=0.00..5.38 rows=94 width=0)
	        Index Cond: ((k >= 3978191) AND (k <= 3978291))

table 3 : explain SELECT k, c FROM sbtest3 WHERE k BETWEEN 3978191 AND 3978291
	Bitmap Heap Scan on sbtest3  (cost=5.44..393.84 rows=98 width=125)
	  Recheck Cond: ((k >= 3978191) AND (k <= 3978291))
	  ->  Bitmap Index Scan on k_3  (cost=0.00..5.42 rows=98 width=0)
	        Index Cond: ((k >= 3978191) AND (k <= 3978291))

table 4 : explain SELECT k, c FROM sbtest4 WHERE k BETWEEN 3978191 AND 3978291
	Bitmap Heap Scan on sbtest4  (cost=5.48..409.64 rows=102 width=125)
	  Recheck Cond: ((k >= 3978191) AND (k <= 3978291))
	  ->  Bitmap Index Scan on k_4  (cost=0.00..5.45 rows=102 width=0)
	        Index Cond: ((k >= 3978191) AND (k <= 3978291))

table 5 : explain SELECT k, c FROM sbtest5 WHERE k BETWEEN 3978191 AND 3978291
	Bitmap Heap Scan on sbtest5  (cost=5.42..385.94 rows=96 width=125)
	  Recheck Cond: ((k >= 3978191) AND (k <= 3978291))
	  ->  Bitmap Index Scan on k_5  (cost=0.00..5.39 rows=96 width=0)
	        Index Cond: ((k >= 3978191) AND (k <= 3978291))

table 6 : explain SELECT k, c FROM sbtest6 WHERE k BETWEEN 3978191 AND 3978291
	Bitmap Heap Scan on sbtest6  (cost=5.48..409.52 rows=102 width=125)
	  Recheck Cond: ((k >= 3978191) AND (k <= 3978291))
	  ->  Bitmap Index Scan on k_6  (cost=0.00..5.45 rows=102 width=0)
	        Index Cond: ((k >= 3978191) AND (k <= 3978291))

table 7 : explain SELECT k, c FROM sbtest7 WHERE k BETWEEN 3978191 AND 3978291
	Bitmap Heap Scan on sbtest7  (cost=5.55..437.21 rows=109 width=125)
	  Recheck Cond: ((k >= 3978191) AND (k <= 3978291))
	  ->  Bitmap Index Scan on k_7  (cost=0.00..5.52 rows=109 width=0)
	        Index Cond: ((k >= 3978191) AND (k <= 3978291))

table 8 : explain SELECT k, c FROM sbtest8 WHERE k BETWEEN 3978191 AND 3978291
	Bitmap Heap Scan on sbtest8  (cost=5.45..397.65 rows=99 width=125)
	  Recheck Cond: ((k >= 3978191) AND (k <= 3978291))
	  ->  Bitmap Index Scan on k_8  (cost=0.00..5.42 rows=99 width=0)
	        Index Cond: ((k >= 3978191) AND (k <= 3978291))

for range-notcovered
table 1 : explain SELECT k, c FROM sbtest1 WHERE k BETWEEN 6497843 AND 6497943
	Bitmap Heap Scan on sbtest1  (cost=5.40..377.97 rows=94 width=125)
	  Recheck Cond: ((k >= 6497843) AND (k <= 6497943))
	  ->  Bitmap Index Scan on k_1  (cost=0.00..5.38 rows=94 width=0)
	        Index Cond: ((k >= 6497843) AND (k <= 6497943))

table 2 : explain SELECT k, c FROM sbtest2 WHERE k BETWEEN 6497843 AND 6497943
	Bitmap Heap Scan on sbtest2  (cost=5.48..409.43 rows=102 width=125)
	  Recheck Cond: ((k >= 6497843) AND (k <= 6497943))
	  ->  Bitmap Index Scan on k_2  (cost=0.00..5.45 rows=102 width=0)
	        Index Cond: ((k >= 6497843) AND (k <= 6497943))

table 3 : explain SELECT k, c FROM sbtest3 WHERE k BETWEEN 6497843 AND 6497943
	Bitmap Heap Scan on sbtest3  (cost=5.50..417.52 rows=104 width=125)
	  Recheck Cond: ((k >= 6497843) AND (k <= 6497943))
	  ->  Bitmap Index Scan on k_3  (cost=0.00..5.47 rows=104 width=0)
	        Index Cond: ((k >= 6497843) AND (k <= 6497943))

table 4 : explain SELECT k, c FROM sbtest4 WHERE k BETWEEN 6497843 AND 6497943
	Bitmap Heap Scan on sbtest4  (cost=5.55..437.25 rows=109 width=125)
	  Recheck Cond: ((k >= 6497843) AND (k <= 6497943))
	  ->  Bitmap Index Scan on k_4  (cost=0.00..5.52 rows=109 width=0)
	        Index Cond: ((k >= 6497843) AND (k <= 6497943))

table 5 : explain SELECT k, c FROM sbtest5 WHERE k BETWEEN 6497843 AND 6497943
	Bitmap Heap Scan on sbtest5  (cost=5.45..397.79 rows=99 width=125)
	  Recheck Cond: ((k >= 6497843) AND (k <= 6497943))
	  ->  Bitmap Index Scan on k_5  (cost=0.00..5.42 rows=99 width=0)
	        Index Cond: ((k >= 6497843) AND (k <= 6497943))

table 6 : explain SELECT k, c FROM sbtest6 WHERE k BETWEEN 6497843 AND 6497943
	Bitmap Heap Scan on sbtest6  (cost=5.41..381.90 rows=95 width=125)
	  Recheck Cond: ((k >= 6497843) AND (k <= 6497943))
	  ->  Bitmap Index Scan on k_6  (cost=0.00..5.38 rows=95 width=0)
	        Index Cond: ((k >= 6497843) AND (k <= 6497943))

table 7 : explain SELECT k, c FROM sbtest7 WHERE k BETWEEN 6497843 AND 6497943
	Bitmap Heap Scan on sbtest7  (cost=5.43..389.86 rows=97 width=125)
	  Recheck Cond: ((k >= 6497843) AND (k <= 6497943))
	  ->  Bitmap Index Scan on k_7  (cost=0.00..5.40 rows=97 width=0)
	        Index Cond: ((k >= 6497843) AND (k <= 6497943))

table 8 : explain SELECT k, c FROM sbtest8 WHERE k BETWEEN 6497843 AND 6497943
	Bitmap Heap Scan on sbtest8  (cost=5.40..377.92 rows=94 width=125)
	  Recheck Cond: ((k >= 6497843) AND (k <= 6497943))
	  ->  Bitmap Index Scan on k_8  (cost=0.00..5.38 rows=94 width=0)
	        Index Cond: ((k >= 6497843) AND (k <= 6497943))

for range-notcovered
table 1 : explain SELECT k, c FROM sbtest1 WHERE k BETWEEN 4836682 AND 4836782
	Bitmap Heap Scan on sbtest1  (cost=5.45..397.71 rows=99 width=125)
	  Recheck Cond: ((k >= 4836682) AND (k <= 4836782))
	  ->  Bitmap Index Scan on k_1  (cost=0.00..5.42 rows=99 width=0)
	        Index Cond: ((k >= 4836682) AND (k <= 4836782))

table 2 : explain SELECT k, c FROM sbtest2 WHERE k BETWEEN 4836682 AND 4836782
	Bitmap Heap Scan on sbtest2  (cost=5.47..405.49 rows=101 width=125)
	  Recheck Cond: ((k >= 4836682) AND (k <= 4836782))
	  ->  Bitmap Index Scan on k_2  (cost=0.00..5.44 rows=101 width=0)
	        Index Cond: ((k >= 4836682) AND (k <= 4836782))

table 3 : explain SELECT k, c FROM sbtest3 WHERE k BETWEEN 4836682 AND 4836782
	Bitmap Heap Scan on sbtest3  (cost=5.44..393.84 rows=98 width=125)
	  Recheck Cond: ((k >= 4836682) AND (k <= 4836782))
	  ->  Bitmap Index Scan on k_3  (cost=0.00..5.42 rows=98 width=0)
	        Index Cond: ((k >= 4836682) AND (k <= 4836782))

table 4 : explain SELECT k, c FROM sbtest4 WHERE k BETWEEN 4836682 AND 4836782
	Bitmap Heap Scan on sbtest4  (cost=5.45..397.80 rows=99 width=125)
	  Recheck Cond: ((k >= 4836682) AND (k <= 4836782))
	  ->  Bitmap Index Scan on k_4  (cost=0.00..5.42 rows=99 width=0)
	        Index Cond: ((k >= 4836682) AND (k <= 4836782))

table 5 : explain SELECT k, c FROM sbtest5 WHERE k BETWEEN 4836682 AND 4836782
	Bitmap Heap Scan on sbtest5  (cost=5.54..433.30 rows=108 width=125)
	  Recheck Cond: ((k >= 4836682) AND (k <= 4836782))
	  ->  Bitmap Index Scan on k_5  (cost=0.00..5.51 rows=108 width=0)
	        Index Cond: ((k >= 4836682) AND (k <= 4836782))

table 6 : explain SELECT k, c FROM sbtest6 WHERE k BETWEEN 4836682 AND 4836782
	Bitmap Heap Scan on sbtest6  (cost=5.48..409.52 rows=102 width=125)
	  Recheck Cond: ((k >= 4836682) AND (k <= 4836782))
	  ->  Bitmap Index Scan on k_6  (cost=0.00..5.45 rows=102 width=0)
	        Index Cond: ((k >= 4836682) AND (k <= 4836782))

table 7 : explain SELECT k, c FROM sbtest7 WHERE k BETWEEN 4836682 AND 4836782
	Bitmap Heap Scan on sbtest7  (cost=5.57..445.09 rows=111 width=125)
	  Recheck Cond: ((k >= 4836682) AND (k <= 4836782))
	  ->  Bitmap Index Scan on k_7  (cost=0.00..5.54 rows=111 width=0)
	        Index Cond: ((k >= 4836682) AND (k <= 4836782))

table 8 : explain SELECT k, c FROM sbtest8 WHERE k BETWEEN 4836682 AND 4836782
	Bitmap Heap Scan on sbtest8  (cost=5.41..381.86 rows=95 width=125)
	  Recheck Cond: ((k >= 4836682) AND (k <= 4836782))
	  ->  Bitmap Index Scan on k_8  (cost=0.00..5.38 rows=95 width=0)
	        Index Cond: ((k >= 4836682) AND (k <= 4836782))

explain: for range-notcovered :: explain SELECT k, c FROM sbtest%d WHERE k BETWEEN 3978191 AND 3978291
explain: for range-notcovered :: explain SELECT k, c FROM sbtest%d WHERE k BETWEEN 6497843 AND 6497943
explain: for range-notcovered :: explain SELECT k, c FROM sbtest%d WHERE k BETWEEN 4836682 AND 4836782
for range-notcovered
table 1 : explain SELECT k, c FROM sbtest1 WHERE k BETWEEN 2793633 AND 2793733
	Bitmap Heap Scan on sbtest1  (cost=5.38..370.08 rows=92 width=125)
	  Recheck Cond: ((k >= 2793633) AND (k <= 2793733))
	  ->  Bitmap Index Scan on k_1  (cost=0.00..5.35 rows=92 width=0)
	        Index Cond: ((k >= 2793633) AND (k <= 2793733))

table 2 : explain SELECT k, c FROM sbtest2 WHERE k BETWEEN 2793633 AND 2793733
	Bitmap Heap Scan on sbtest2  (cost=5.39..373.93 rows=93 width=125)
	  Recheck Cond: ((k >= 2793633) AND (k <= 2793733))
	  ->  Bitmap Index Scan on k_2  (cost=0.00..5.36 rows=93 width=0)
	        Index Cond: ((k >= 2793633) AND (k <= 2793733))

table 3 : explain SELECT k, c FROM sbtest3 WHERE k BETWEEN 2793633 AND 2793733
	Bitmap Heap Scan on sbtest3  (cost=5.48..409.63 rows=102 width=125)
	  Recheck Cond: ((k >= 2793633) AND (k <= 2793733))
	  ->  Bitmap Index Scan on k_3  (cost=0.00..5.45 rows=102 width=0)
	        Index Cond: ((k >= 2793633) AND (k <= 2793733))

table 4 : explain SELECT k, c FROM sbtest4 WHERE k BETWEEN 2793633 AND 2793733
	Bitmap Heap Scan on sbtest4  (cost=5.47..405.69 rows=101 width=125)
	  Recheck Cond: ((k >= 2793633) AND (k <= 2793733))
	  ->  Bitmap Index Scan on k_4  (cost=0.00..5.44 rows=101 width=0)
	        Index Cond: ((k >= 2793633) AND (k <= 2793733))

table 5 : explain SELECT k, c FROM sbtest5 WHERE k BETWEEN 2793633 AND 2793733
	Bitmap Heap Scan on sbtest5  (cost=5.44..393.84 rows=98 width=125)
	  Recheck Cond: ((k >= 2793633) AND (k <= 2793733))
	  ->  Bitmap Index Scan on k_5  (cost=0.00..5.42 rows=98 width=0)
	        Index Cond: ((k >= 2793633) AND (k <= 2793733))

table 6 : explain SELECT k, c FROM sbtest6 WHERE k BETWEEN 2793633 AND 2793733
	Bitmap Heap Scan on sbtest6  (cost=5.41..381.90 rows=95 width=125)
	  Recheck Cond: ((k >= 2793633) AND (k <= 2793733))
	  ->  Bitmap Index Scan on k_6  (cost=0.00..5.38 rows=95 width=0)
	        Index Cond: ((k >= 2793633) AND (k <= 2793733))

table 7 : explain SELECT k, c FROM sbtest7 WHERE k BETWEEN 2793633 AND 2793733
	Bitmap Heap Scan on sbtest7  (cost=5.46..401.71 rows=100 width=125)
	  Recheck Cond: ((k >= 2793633) AND (k <= 2793733))
	  ->  Bitmap Index Scan on k_7  (cost=0.00..5.43 rows=100 width=0)
	        Index Cond: ((k >= 2793633) AND (k <= 2793733))

table 8 : explain SELECT k, c FROM sbtest8 WHERE k BETWEEN 2793633 AND 2793733
	Bitmap Heap Scan on sbtest8  (cost=5.50..417.37 rows=104 width=125)
	  Recheck Cond: ((k >= 2793633) AND (k <= 2793733))
	  ->  Bitmap Index Scan on k_8  (cost=0.00..5.47 rows=104 width=0)
	        Index Cond: ((k >= 2793633) AND (k <= 2793733))

explain: for range-notcovered :: explain SELECT k, c FROM sbtest%d WHERE k BETWEEN 2793633 AND 2793733
explain: for range-notcovered :: explain SELECT k, c FROM sbtest%d WHERE k BETWEEN 5871232 AND 5871332
for range-notcovered
table 1 : explain SELECT k, c FROM sbtest1 WHERE k BETWEEN 4936996 AND 4937096
	Bitmap Heap Scan on sbtest1  (cost=5.43..389.82 rows=97 width=125)
	  Recheck Cond: ((k >= 4936996) AND (k <= 4937096))
	  ->  Bitmap Index Scan on k_1  (cost=0.00..5.40 rows=97 width=0)
	        Index Cond: ((k >= 4936996) AND (k <= 4937096))

table 2 : explain SELECT k, c FROM sbtest2 WHERE k BETWEEN 4936996 AND 4937096
	Bitmap Heap Scan on sbtest2  (cost=5.46..401.55 rows=100 width=125)
	  Recheck Cond: ((k >= 4936996) AND (k <= 4937096))
	  ->  Bitmap Index Scan on k_2  (cost=0.00..5.43 rows=100 width=0)
	        Index Cond: ((k >= 4936996) AND (k <= 4937096))

table 3 : explain SELECT k, c FROM sbtest3 WHERE k BETWEEN 4936996 AND 4937096
	Bitmap Heap Scan on sbtest3  (cost=5.41..382.00 rows=95 width=125)
	  Recheck Cond: ((k >= 4936996) AND (k <= 4937096))
	  ->  Bitmap Index Scan on k_3  (cost=0.00..5.38 rows=95 width=0)
	        Index Cond: ((k >= 4936996) AND (k <= 4937096))

table 4 : explain SELECT k, c FROM sbtest4 WHERE k BETWEEN 4936996 AND 4937096
	Bitmap Heap Scan on sbtest4  (cost=5.41..382.00 rows=95 width=125)
	  Recheck Cond: ((k >= 4936996) AND (k <= 4937096))
	  ->  Bitmap Index Scan on k_4  (cost=0.00..5.38 rows=95 width=0)
	        Index Cond: ((k >= 4936996) AND (k <= 4937096))

table 5 : explain SELECT k, c FROM sbtest5 WHERE k BETWEEN 4936996 AND 4937096
	Bitmap Heap Scan on sbtest5  (cost=5.62..464.84 rows=116 width=125)
	  Recheck Cond: ((k >= 4936996) AND (k <= 4937096))
	  ->  Bitmap Index Scan on k_5  (cost=0.00..5.59 rows=116 width=0)
	        Index Cond: ((k >= 4936996) AND (k <= 4937096))

table 6 : explain SELECT k, c FROM sbtest6 WHERE k BETWEEN 4936996 AND 4937096
	Bitmap Heap Scan on sbtest6  (cost=5.47..405.58 rows=101 width=125)
	  Recheck Cond: ((k >= 4936996) AND (k <= 4937096))
	  ->  Bitmap Index Scan on k_6  (cost=0.00..5.44 rows=101 width=0)
	        Index Cond: ((k >= 4936996) AND (k <= 4937096))

table 7 : explain SELECT k, c FROM sbtest7 WHERE k BETWEEN 4936996 AND 4937096
	Bitmap Heap Scan on sbtest7  (cost=5.49..413.54 rows=103 width=125)
	  Recheck Cond: ((k >= 4936996) AND (k <= 4937096))
	  ->  Bitmap Index Scan on k_7  (cost=0.00..5.46 rows=103 width=0)
	        Index Cond: ((k >= 4936996) AND (k <= 4937096))

table 8 : explain SELECT k, c FROM sbtest8 WHERE k BETWEEN 4936996 AND 4937096
	Bitmap Heap Scan on sbtest8  (cost=5.51..421.31 rows=105 width=125)
	  Recheck Cond: ((k >= 4936996) AND (k <= 4937096))
	  ->  Bitmap Index Scan on k_8  (cost=0.00..5.48 rows=105 width=0)
	        Index Cond: ((k >= 4936996) AND (k <= 4937096))

explain: for range-notcovered :: explain SELECT k, c FROM sbtest%d WHERE k BETWEEN 4936996 AND 4937096
for range-notcovered
table 1 : explain SELECT k, c FROM sbtest1 WHERE k BETWEEN 3508073 AND 3508173
	Bitmap Heap Scan on sbtest1  (cost=5.42..385.87 rows=96 width=125)
	  Recheck Cond: ((k >= 3508073) AND (k <= 3508173))
	  ->  Bitmap Index Scan on k_1  (cost=0.00..5.39 rows=96 width=0)
	        Index Cond: ((k >= 3508073) AND (k <= 3508173))

table 2 : explain SELECT k, c FROM sbtest2 WHERE k BETWEEN 3508073 AND 3508173
	Bitmap Heap Scan on sbtest2  (cost=5.45..397.60 rows=99 width=125)
	  Recheck Cond: ((k >= 3508073) AND (k <= 3508173))
	  ->  Bitmap Index Scan on k_2  (cost=0.00..5.42 rows=99 width=0)
	        Index Cond: ((k >= 3508073) AND (k <= 3508173))

table 3 : explain SELECT k, c FROM sbtest3 WHERE k BETWEEN 3508073 AND 3508173
	Bitmap Heap Scan on sbtest3  (cost=5.49..413.57 rows=103 width=125)
	  Recheck Cond: ((k >= 3508073) AND (k <= 3508173))
	  ->  Bitmap Index Scan on k_3  (cost=0.00..5.46 rows=103 width=0)
	        Index Cond: ((k >= 3508073) AND (k <= 3508173))

table 4 : explain SELECT k, c FROM sbtest4 WHERE k BETWEEN 3508073 AND 3508173
	Bitmap Heap Scan on sbtest4  (cost=5.38..370.16 rows=92 width=125)
	  Recheck Cond: ((k >= 3508073) AND (k <= 3508173))
	  ->  Bitmap Index Scan on k_4  (cost=0.00..5.35 rows=92 width=0)
	        Index Cond: ((k >= 3508073) AND (k <= 3508173))

table 5 : explain SELECT k, c FROM sbtest5 WHERE k BETWEEN 3508073 AND 3508173
	Bitmap Heap Scan on sbtest5  (cost=5.45..397.79 rows=99 width=125)
	  Recheck Cond: ((k >= 3508073) AND (k <= 3508173))
	  ->  Bitmap Index Scan on k_5  (cost=0.00..5.42 rows=99 width=0)
	        Index Cond: ((k >= 3508073) AND (k <= 3508173))

table 6 : explain SELECT k, c FROM sbtest6 WHERE k BETWEEN 3508073 AND 3508173
	Bitmap Heap Scan on sbtest6  (cost=5.49..413.47 rows=103 width=125)
	  Recheck Cond: ((k >= 3508073) AND (k <= 3508173))
	  ->  Bitmap Index Scan on k_6  (cost=0.00..5.46 rows=103 width=0)
	        Index Cond: ((k >= 3508073) AND (k <= 3508173))

table 7 : explain SELECT k, c FROM sbtest7 WHERE k BETWEEN 3508073 AND 3508173
	Bitmap Heap Scan on sbtest7  (cost=5.44..393.81 rows=98 width=125)
	  Recheck Cond: ((k >= 3508073) AND (k <= 3508173))
	  ->  Bitmap Index Scan on k_7  (cost=0.00..5.42 rows=98 width=0)
	        Index Cond: ((k >= 3508073) AND (k <= 3508173))

table 8 : explain SELECT k, c FROM sbtest8 WHERE k BETWEEN 3508073 AND 3508173
	Bitmap Heap Scan on sbtest8  (cost=5.52..425.25 rows=106 width=125)
	  Recheck Cond: ((k >= 3508073) AND (k <= 3508173))
	  ->  Bitmap Index Scan on k_8  (cost=0.00..5.50 rows=106 width=0)
	        Index Cond: ((k >= 3508073) AND (k <= 3508173))

explain: for range-notcovered :: explain SELECT k, c FROM sbtest%d WHERE k BETWEEN 3508073 AND 3508173
for range-notcovered
table 1 : explain SELECT k, c FROM sbtest1 WHERE k BETWEEN 4836682 AND 4836782
	Bitmap Heap Scan on sbtest1  (cost=5.45..397.71 rows=99 width=125)
	  Recheck Cond: ((k >= 4836682) AND (k <= 4836782))
	  ->  Bitmap Index Scan on k_1  (cost=0.00..5.42 rows=99 width=0)
	        Index Cond: ((k >= 4836682) AND (k <= 4836782))

table 2 : explain SELECT k, c FROM sbtest2 WHERE k BETWEEN 4836682 AND 4836782
	Bitmap Heap Scan on sbtest2  (cost=5.47..405.49 rows=101 width=125)
	  Recheck Cond: ((k >= 4836682) AND (k <= 4836782))
	  ->  Bitmap Index Scan on k_2  (cost=0.00..5.44 rows=101 width=0)
	        Index Cond: ((k >= 4836682) AND (k <= 4836782))

table 3 : explain SELECT k, c FROM sbtest3 WHERE k BETWEEN 4836682 AND 4836782
	Bitmap Heap Scan on sbtest3  (cost=5.44..393.84 rows=98 width=125)
	  Recheck Cond: ((k >= 4836682) AND (k <= 4836782))
	  ->  Bitmap Index Scan on k_3  (cost=0.00..5.42 rows=98 width=0)
	        Index Cond: ((k >= 4836682) AND (k <= 4836782))

table 4 : explain SELECT k, c FROM sbtest4 WHERE k BETWEEN 4836682 AND 4836782
	Bitmap Heap Scan on sbtest4  (cost=5.45..397.80 rows=99 width=125)
	  Recheck Cond: ((k >= 4836682) AND (k <= 4836782))
	  ->  Bitmap Index Scan on k_4  (cost=0.00..5.42 rows=99 width=0)
	        Index Cond: ((k >= 4836682) AND (k <= 4836782))

table 5 : explain SELECT k, c FROM sbtest5 WHERE k BETWEEN 4836682 AND 4836782
	Bitmap Heap Scan on sbtest5  (cost=5.54..433.30 rows=108 width=125)
	  Recheck Cond: ((k >= 4836682) AND (k <= 4836782))
	  ->  Bitmap Index Scan on k_5  (cost=0.00..5.51 rows=108 width=0)
	        Index Cond: ((k >= 4836682) AND (k <= 4836782))

table 6 : explain SELECT k, c FROM sbtest6 WHERE k BETWEEN 4836682 AND 4836782
	Bitmap Heap Scan on sbtest6  (cost=5.48..409.52 rows=102 width=125)
	  Recheck Cond: ((k >= 4836682) AND (k <= 4836782))
	  ->  Bitmap Index Scan on k_6  (cost=0.00..5.45 rows=102 width=0)
	        Index Cond: ((k >= 4836682) AND (k <= 4836782))

table 7 : explain SELECT k, c FROM sbtest7 WHERE k BETWEEN 4836682 AND 4836782
	Bitmap Heap Scan on sbtest7  (cost=5.57..445.09 rows=111 width=125)
	  Recheck Cond: ((k >= 4836682) AND (k <= 4836782))
	  ->  Bitmap Index Scan on k_7  (cost=0.00..5.54 rows=111 width=0)
	        Index Cond: ((k >= 4836682) AND (k <= 4836782))

table 8 : explain SELECT k, c FROM sbtest8 WHERE k BETWEEN 4836682 AND 4836782
	Bitmap Heap Scan on sbtest8  (cost=5.41..381.86 rows=95 width=125)
	  Recheck Cond: ((k >= 4836682) AND (k <= 4836782))
	  ->  Bitmap Index Scan on k_8  (cost=0.00..5.38 rows=95 width=0)
	        Index Cond: ((k >= 4836682) AND (k <= 4836782))

explain: for range-notcovered :: explain SELECT k, c FROM sbtest%d WHERE k BETWEEN 4836682 AND 4836782
for range-notcovered
table 1 : explain SELECT k, c FROM sbtest1 WHERE k BETWEEN 6497843 AND 6497943
	Bitmap Heap Scan on sbtest1  (cost=5.40..377.97 rows=94 width=125)
	  Recheck Cond: ((k >= 6497843) AND (k <= 6497943))
	  ->  Bitmap Index Scan on k_1  (cost=0.00..5.38 rows=94 width=0)
	        Index Cond: ((k >= 6497843) AND (k <= 6497943))

table 2 : explain SELECT k, c FROM sbtest2 WHERE k BETWEEN 6497843 AND 6497943
	Bitmap Heap Scan on sbtest2  (cost=5.48..409.43 rows=102 width=125)
	  Recheck Cond: ((k >= 6497843) AND (k <= 6497943))
	  ->  Bitmap Index Scan on k_2  (cost=0.00..5.45 rows=102 width=0)
	        Index Cond: ((k >= 6497843) AND (k <= 6497943))

table 3 : explain SELECT k, c FROM sbtest3 WHERE k BETWEEN 6497843 AND 6497943
	Bitmap Heap Scan on sbtest3  (cost=5.50..417.52 rows=104 width=125)
	  Recheck Cond: ((k >= 6497843) AND (k <= 6497943))
	  ->  Bitmap Index Scan on k_3  (cost=0.00..5.47 rows=104 width=0)
	        Index Cond: ((k >= 6497843) AND (k <= 6497943))

table 4 : explain SELECT k, c FROM sbtest4 WHERE k BETWEEN 6497843 AND 6497943
	Bitmap Heap Scan on sbtest4  (cost=5.55..437.25 rows=109 width=125)
	  Recheck Cond: ((k >= 6497843) AND (k <= 6497943))
	  ->  Bitmap Index Scan on k_4  (cost=0.00..5.52 rows=109 width=0)
	        Index Cond: ((k >= 6497843) AND (k <= 6497943))

table 5 : explain SELECT k, c FROM sbtest5 WHERE k BETWEEN 6497843 AND 6497943
	Bitmap Heap Scan on sbtest5  (cost=5.45..397.79 rows=99 width=125)
	  Recheck Cond: ((k >= 6497843) AND (k <= 6497943))
	  ->  Bitmap Index Scan on k_5  (cost=0.00..5.42 rows=99 width=0)
	        Index Cond: ((k >= 6497843) AND (k <= 6497943))

table 6 : explain SELECT k, c FROM sbtest6 WHERE k BETWEEN 6497843 AND 6497943
	Bitmap Heap Scan on sbtest6  (cost=5.41..381.90 rows=95 width=125)
	  Recheck Cond: ((k >= 6497843) AND (k <= 6497943))
	  ->  Bitmap Index Scan on k_6  (cost=0.00..5.38 rows=95 width=0)
	        Index Cond: ((k >= 6497843) AND (k <= 6497943))

table 7 : explain SELECT k, c FROM sbtest7 WHERE k BETWEEN 6497843 AND 6497943
	Bitmap Heap Scan on sbtest7  (cost=5.43..389.86 rows=97 width=125)
	  Recheck Cond: ((k >= 6497843) AND (k <= 6497943))
	  ->  Bitmap Index Scan on k_7  (cost=0.00..5.40 rows=97 width=0)
	        Index Cond: ((k >= 6497843) AND (k <= 6497943))

table 8 : explain SELECT k, c FROM sbtest8 WHERE k BETWEEN 6497843 AND 6497943
	Bitmap Heap Scan on sbtest8  (cost=5.40..377.92 rows=94 width=125)
	  Recheck Cond: ((k >= 6497843) AND (k <= 6497943))
	  ->  Bitmap Index Scan on k_8  (cost=0.00..5.38 rows=94 width=0)
	        Index Cond: ((k >= 6497843) AND (k <= 6497943))

explain: for range-notcovered :: explain SELECT k, c FROM sbtest%d WHERE k BETWEEN 6497843 AND 6497943
explain: for range-notcovered :: explain SELECT k, c FROM sbtest%d WHERE k BETWEEN 5574357 AND 5574457
for range-notcovered
table 1 : explain SELECT k, c FROM sbtest1 WHERE k BETWEEN 3508073 AND 3508173
	Bitmap Heap Scan on sbtest1  (cost=5.42..385.87 rows=96 width=125)
	  Recheck Cond: ((k >= 3508073) AND (k <= 3508173))
	  ->  Bitmap Index Scan on k_1  (cost=0.00..5.39 rows=96 width=0)
	        Index Cond: ((k >= 3508073) AND (k <= 3508173))

table 2 : explain SELECT k, c FROM sbtest2 WHERE k BETWEEN 3508073 AND 3508173
	Bitmap Heap Scan on sbtest2  (cost=5.45..397.60 rows=99 width=125)
	  Recheck Cond: ((k >= 3508073) AND (k <= 3508173))
	  ->  Bitmap Index Scan on k_2  (cost=0.00..5.42 rows=99 width=0)
	        Index Cond: ((k >= 3508073) AND (k <= 3508173))

table 3 : explain SELECT k, c FROM sbtest3 WHERE k BETWEEN 3508073 AND 3508173
	Bitmap Heap Scan on sbtest3  (cost=5.49..413.57 rows=103 width=125)
	  Recheck Cond: ((k >= 3508073) AND (k <= 3508173))
	  ->  Bitmap Index Scan on k_3  (cost=0.00..5.46 rows=103 width=0)
	        Index Cond: ((k >= 3508073) AND (k <= 3508173))

table 4 : explain SELECT k, c FROM sbtest4 WHERE k BETWEEN 3508073 AND 3508173
	Bitmap Heap Scan on sbtest4  (cost=5.38..370.16 rows=92 width=125)
	  Recheck Cond: ((k >= 3508073) AND (k <= 3508173))
	  ->  Bitmap Index Scan on k_4  (cost=0.00..5.35 rows=92 width=0)
	        Index Cond: ((k >= 3508073) AND (k <= 3508173))

table 5 : explain SELECT k, c FROM sbtest5 WHERE k BETWEEN 3508073 AND 3508173
	Bitmap Heap Scan on sbtest5  (cost=5.45..397.79 rows=99 width=125)
	  Recheck Cond: ((k >= 3508073) AND (k <= 3508173))
	  ->  Bitmap Index Scan on k_5  (cost=0.00..5.42 rows=99 width=0)
	        Index Cond: ((k >= 3508073) AND (k <= 3508173))

table 6 : explain SELECT k, c FROM sbtest6 WHERE k BETWEEN 3508073 AND 3508173
	Bitmap Heap Scan on sbtest6  (cost=5.49..413.47 rows=103 width=125)
	  Recheck Cond: ((k >= 3508073) AND (k <= 3508173))
	  ->  Bitmap Index Scan on k_6  (cost=0.00..5.46 rows=103 width=0)
	        Index Cond: ((k >= 3508073) AND (k <= 3508173))

table 7 : explain SELECT k, c FROM sbtest7 WHERE k BETWEEN 3508073 AND 3508173
	Bitmap Heap Scan on sbtest7  (cost=5.44..393.81 rows=98 width=125)
	  Recheck Cond: ((k >= 3508073) AND (k <= 3508173))
	  ->  Bitmap Index Scan on k_7  (cost=0.00..5.42 rows=98 width=0)
	        Index Cond: ((k >= 3508073) AND (k <= 3508173))

table 8 : explain SELECT k, c FROM sbtest8 WHERE k BETWEEN 3508073 AND 3508173
	Bitmap Heap Scan on sbtest8  (cost=5.52..425.25 rows=106 width=125)
	  Recheck Cond: ((k >= 3508073) AND (k <= 3508173))
	  ->  Bitmap Index Scan on k_8  (cost=0.00..5.50 rows=106 width=0)
	        Index Cond: ((k >= 3508073) AND (k <= 3508173))

explain: for range-notcovered :: explain SELECT k, c FROM sbtest%d WHERE k BETWEEN 3508073 AND 3508173
for range-notcovered
table 1 : explain SELECT k, c FROM sbtest1 WHERE k BETWEEN 6497843 AND 6497943
	Bitmap Heap Scan on sbtest1  (cost=5.40..377.97 rows=94 width=125)
	  Recheck Cond: ((k >= 6497843) AND (k <= 6497943))
	  ->  Bitmap Index Scan on k_1  (cost=0.00..5.38 rows=94 width=0)
	        Index Cond: ((k >= 6497843) AND (k <= 6497943))

table 2 : explain SELECT k, c FROM sbtest2 WHERE k BETWEEN 6497843 AND 6497943
	Bitmap Heap Scan on sbtest2  (cost=5.48..409.43 rows=102 width=125)
	  Recheck Cond: ((k >= 6497843) AND (k <= 6497943))
	  ->  Bitmap Index Scan on k_2  (cost=0.00..5.45 rows=102 width=0)
	        Index Cond: ((k >= 6497843) AND (k <= 6497943))

table 3 : explain SELECT k, c FROM sbtest3 WHERE k BETWEEN 6497843 AND 6497943
	Bitmap Heap Scan on sbtest3  (cost=5.50..417.52 rows=104 width=125)
	  Recheck Cond: ((k >= 6497843) AND (k <= 6497943))
	  ->  Bitmap Index Scan on k_3  (cost=0.00..5.47 rows=104 width=0)
	        Index Cond: ((k >= 6497843) AND (k <= 6497943))

table 4 : explain SELECT k, c FROM sbtest4 WHERE k BETWEEN 6497843 AND 6497943
	Bitmap Heap Scan on sbtest4  (cost=5.55..437.25 rows=109 width=125)
	  Recheck Cond: ((k >= 6497843) AND (k <= 6497943))
	  ->  Bitmap Index Scan on k_4  (cost=0.00..5.52 rows=109 width=0)
	        Index Cond: ((k >= 6497843) AND (k <= 6497943))

table 5 : explain SELECT k, c FROM sbtest5 WHERE k BETWEEN 6497843 AND 6497943
	Bitmap Heap Scan on sbtest5  (cost=5.45..397.79 rows=99 width=125)
	  Recheck Cond: ((k >= 6497843) AND (k <= 6497943))
	  ->  Bitmap Index Scan on k_5  (cost=0.00..5.42 rows=99 width=0)
	        Index Cond: ((k >= 6497843) AND (k <= 6497943))

table 6 : explain SELECT k, c FROM sbtest6 WHERE k BETWEEN 6497843 AND 6497943
	Bitmap Heap Scan on sbtest6  (cost=5.41..381.90 rows=95 width=125)
	  Recheck Cond: ((k >= 6497843) AND (k <= 6497943))
	  ->  Bitmap Index Scan on k_6  (cost=0.00..5.38 rows=95 width=0)
	        Index Cond: ((k >= 6497843) AND (k <= 6497943))

table 7 : explain SELECT k, c FROM sbtest7 WHERE k BETWEEN 6497843 AND 6497943
	Bitmap Heap Scan on sbtest7  (cost=5.43..389.86 rows=97 width=125)
	  Recheck Cond: ((k >= 6497843) AND (k <= 6497943))
	  ->  Bitmap Index Scan on k_7  (cost=0.00..5.40 rows=97 width=0)
	        Index Cond: ((k >= 6497843) AND (k <= 6497943))

table 8 : explain SELECT k, c FROM sbtest8 WHERE k BETWEEN 6497843 AND 6497943
	Bitmap Heap Scan on sbtest8  (cost=5.40..377.92 rows=94 width=125)
	  Recheck Cond: ((k >= 6497843) AND (k <= 6497943))
	  ->  Bitmap Index Scan on k_8  (cost=0.00..5.38 rows=94 width=0)
	        Index Cond: ((k >= 6497843) AND (k <= 6497943))

explain: for range-notcovered :: explain SELECT k, c FROM sbtest%d WHERE k BETWEEN 6497843 AND 6497943
for range-notcovered
table 1 : explain SELECT k, c FROM sbtest1 WHERE k BETWEEN 3508073 AND 3508173
	Bitmap Heap Scan on sbtest1  (cost=5.42..385.87 rows=96 width=125)
	  Recheck Cond: ((k >= 3508073) AND (k <= 3508173))
	  ->  Bitmap Index Scan on k_1  (cost=0.00..5.39 rows=96 width=0)
	        Index Cond: ((k >= 3508073) AND (k <= 3508173))

table 2 : explain SELECT k, c FROM sbtest2 WHERE k BETWEEN 3508073 AND 3508173
	Bitmap Heap Scan on sbtest2  (cost=5.45..397.60 rows=99 width=125)
	  Recheck Cond: ((k >= 3508073) AND (k <= 3508173))
	  ->  Bitmap Index Scan on k_2  (cost=0.00..5.42 rows=99 width=0)
	        Index Cond: ((k >= 3508073) AND (k <= 3508173))

table 3 : explain SELECT k, c FROM sbtest3 WHERE k BETWEEN 3508073 AND 3508173
	Bitmap Heap Scan on sbtest3  (cost=5.49..413.57 rows=103 width=125)
	  Recheck Cond: ((k >= 3508073) AND (k <= 3508173))
	  ->  Bitmap Index Scan on k_3  (cost=0.00..5.46 rows=103 width=0)
	        Index Cond: ((k >= 3508073) AND (k <= 3508173))

table 4 : explain SELECT k, c FROM sbtest4 WHERE k BETWEEN 3508073 AND 3508173
	Bitmap Heap Scan on sbtest4  (cost=5.38..370.16 rows=92 width=125)
	  Recheck Cond: ((k >= 3508073) AND (k <= 3508173))
	  ->  Bitmap Index Scan on k_4  (cost=0.00..5.35 rows=92 width=0)
	        Index Cond: ((k >= 3508073) AND (k <= 3508173))

table 5 : explain SELECT k, c FROM sbtest5 WHERE k BETWEEN 3508073 AND 3508173
	Bitmap Heap Scan on sbtest5  (cost=5.45..397.79 rows=99 width=125)
	  Recheck Cond: ((k >= 3508073) AND (k <= 3508173))
	  ->  Bitmap Index Scan on k_5  (cost=0.00..5.42 rows=99 width=0)
	        Index Cond: ((k >= 3508073) AND (k <= 3508173))

table 6 : explain SELECT k, c FROM sbtest6 WHERE k BETWEEN 3508073 AND 3508173
	Bitmap Heap Scan on sbtest6  (cost=5.49..413.47 rows=103 width=125)
	  Recheck Cond: ((k >= 3508073) AND (k <= 3508173))
	  ->  Bitmap Index Scan on k_6  (cost=0.00..5.46 rows=103 width=0)
	        Index Cond: ((k >= 3508073) AND (k <= 3508173))

table 7 : explain SELECT k, c FROM sbtest7 WHERE k BETWEEN 3508073 AND 3508173
	Bitmap Heap Scan on sbtest7  (cost=5.44..393.81 rows=98 width=125)
	  Recheck Cond: ((k >= 3508073) AND (k <= 3508173))
	  ->  Bitmap Index Scan on k_7  (cost=0.00..5.42 rows=98 width=0)
	        Index Cond: ((k >= 3508073) AND (k <= 3508173))

table 8 : explain SELECT k, c FROM sbtest8 WHERE k BETWEEN 3508073 AND 3508173
	Bitmap Heap Scan on sbtest8  (cost=5.52..425.25 rows=106 width=125)
	  Recheck Cond: ((k >= 3508073) AND (k <= 3508173))
	  ->  Bitmap Index Scan on k_8  (cost=0.00..5.50 rows=106 width=0)
	        Index Cond: ((k >= 3508073) AND (k <= 3508173))

explain: for range-notcovered :: explain SELECT k, c FROM sbtest%d WHERE k BETWEEN 3508073 AND 3508173
for range-notcovered
table 1 : explain SELECT k, c FROM sbtest1 WHERE k BETWEEN 2793633 AND 2793733
	Bitmap Heap Scan on sbtest1  (cost=5.38..370.08 rows=92 width=125)
	  Recheck Cond: ((k >= 2793633) AND (k <= 2793733))
	  ->  Bitmap Index Scan on k_1  (cost=0.00..5.35 rows=92 width=0)
	        Index Cond: ((k >= 2793633) AND (k <= 2793733))

table 2 : explain SELECT k, c FROM sbtest2 WHERE k BETWEEN 2793633 AND 2793733
	Bitmap Heap Scan on sbtest2  (cost=5.39..373.93 rows=93 width=125)
	  Recheck Cond: ((k >= 2793633) AND (k <= 2793733))
	  ->  Bitmap Index Scan on k_2  (cost=0.00..5.36 rows=93 width=0)
	        Index Cond: ((k >= 2793633) AND (k <= 2793733))

table 3 : explain SELECT k, c FROM sbtest3 WHERE k BETWEEN 2793633 AND 2793733
	Bitmap Heap Scan on sbtest3  (cost=5.48..409.63 rows=102 width=125)
	  Recheck Cond: ((k >= 2793633) AND (k <= 2793733))
	  ->  Bitmap Index Scan on k_3  (cost=0.00..5.45 rows=102 width=0)
	        Index Cond: ((k >= 2793633) AND (k <= 2793733))

table 4 : explain SELECT k, c FROM sbtest4 WHERE k BETWEEN 2793633 AND 2793733
	Bitmap Heap Scan on sbtest4  (cost=5.47..405.69 rows=101 width=125)
	  Recheck Cond: ((k >= 2793633) AND (k <= 2793733))
	  ->  Bitmap Index Scan on k_4  (cost=0.00..5.44 rows=101 width=0)
	        Index Cond: ((k >= 2793633) AND (k <= 2793733))

table 5 : explain SELECT k, c FROM sbtest5 WHERE k BETWEEN 2793633 AND 2793733
	Bitmap Heap Scan on sbtest5  (cost=5.44..393.84 rows=98 width=125)
	  Recheck Cond: ((k >= 2793633) AND (k <= 2793733))
	  ->  Bitmap Index Scan on k_5  (cost=0.00..5.42 rows=98 width=0)
	        Index Cond: ((k >= 2793633) AND (k <= 2793733))

table 6 : explain SELECT k, c FROM sbtest6 WHERE k BETWEEN 2793633 AND 2793733
	Bitmap Heap Scan on sbtest6  (cost=5.41..381.90 rows=95 width=125)
	  Recheck Cond: ((k >= 2793633) AND (k <= 2793733))
	  ->  Bitmap Index Scan on k_6  (cost=0.00..5.38 rows=95 width=0)
	        Index Cond: ((k >= 2793633) AND (k <= 2793733))

table 7 : explain SELECT k, c FROM sbtest7 WHERE k BETWEEN 2793633 AND 2793733
	Bitmap Heap Scan on sbtest7  (cost=5.46..401.71 rows=100 width=125)
	  Recheck Cond: ((k >= 2793633) AND (k <= 2793733))
	  ->  Bitmap Index Scan on k_7  (cost=0.00..5.43 rows=100 width=0)
	        Index Cond: ((k >= 2793633) AND (k <= 2793733))

table 8 : explain SELECT k, c FROM sbtest8 WHERE k BETWEEN 2793633 AND 2793733
	Bitmap Heap Scan on sbtest8  (cost=5.50..417.37 rows=104 width=125)
	  Recheck Cond: ((k >= 2793633) AND (k <= 2793733))
	  ->  Bitmap Index Scan on k_8  (cost=0.00..5.47 rows=104 width=0)
	        Index Cond: ((k >= 2793633) AND (k <= 2793733))

explain: for range-notcovered :: explain SELECT k, c FROM sbtest%d WHERE k BETWEEN 2793633 AND 2793733
for range-notcovered
table 1 : explain SELECT k, c FROM sbtest1 WHERE k BETWEEN 9445363 AND 9445463
	Bitmap Heap Scan on sbtest1  (cost=5.52..425.32 rows=106 width=125)
	  Recheck Cond: ((k >= 9445363) AND (k <= 9445463))
	  ->  Bitmap Index Scan on k_1  (cost=0.00..5.50 rows=106 width=0)
	        Index Cond: ((k >= 9445363) AND (k <= 9445463))

table 2 : explain SELECT k, c FROM sbtest2 WHERE k BETWEEN 9445363 AND 9445463
	Bitmap Heap Scan on sbtest2  (cost=5.50..417.32 rows=104 width=125)
	  Recheck Cond: ((k >= 9445363) AND (k <= 9445463))
	  ->  Bitmap Index Scan on k_2  (cost=0.00..5.47 rows=104 width=0)
	        Index Cond: ((k >= 9445363) AND (k <= 9445463))

table 3 : explain SELECT k, c FROM sbtest3 WHERE k BETWEEN 9445363 AND 9445463
	Bitmap Heap Scan on sbtest3  (cost=5.48..409.63 rows=102 width=125)
	  Recheck Cond: ((k >= 9445363) AND (k <= 9445463))
	  ->  Bitmap Index Scan on k_3  (cost=0.00..5.45 rows=102 width=0)
	        Index Cond: ((k >= 9445363) AND (k <= 9445463))

table 4 : explain SELECT k, c FROM sbtest4 WHERE k BETWEEN 9445363 AND 9445463
	Bitmap Heap Scan on sbtest4  (cost=5.39..374.11 rows=93 width=125)
	  Recheck Cond: ((k >= 9445363) AND (k <= 9445463))
	  ->  Bitmap Index Scan on k_4  (cost=0.00..5.36 rows=93 width=0)
	        Index Cond: ((k >= 9445363) AND (k <= 9445463))

table 5 : explain SELECT k, c FROM sbtest5 WHERE k BETWEEN 9445363 AND 9445463
	Bitmap Heap Scan on sbtest5  (cost=5.51..421.46 rows=105 width=125)
	  Recheck Cond: ((k >= 9445363) AND (k <= 9445463))
	  ->  Bitmap Index Scan on k_5  (cost=0.00..5.48 rows=105 width=0)
	        Index Cond: ((k >= 9445363) AND (k <= 9445463))

table 6 : explain SELECT k, c FROM sbtest6 WHERE k BETWEEN 9445363 AND 9445463
	Bitmap Heap Scan on sbtest6  (cost=5.48..409.52 rows=102 width=125)
	  Recheck Cond: ((k >= 9445363) AND (k <= 9445463))
	  ->  Bitmap Index Scan on k_6  (cost=0.00..5.45 rows=102 width=0)
	        Index Cond: ((k >= 9445363) AND (k <= 9445463))

table 7 : explain SELECT k, c FROM sbtest7 WHERE k BETWEEN 9445363 AND 9445463
	Bitmap Heap Scan on sbtest7  (cost=5.59..452.98 rows=113 width=125)
	  Recheck Cond: ((k >= 9445363) AND (k <= 9445463))
	  ->  Bitmap Index Scan on k_7  (cost=0.00..5.56 rows=113 width=0)
	        Index Cond: ((k >= 9445363) AND (k <= 9445463))

table 8 : explain SELECT k, c FROM sbtest8 WHERE k BETWEEN 9445363 AND 9445463
	Bitmap Heap Scan on sbtest8  (cost=5.53..429.19 rows=107 width=125)
	  Recheck Cond: ((k >= 9445363) AND (k <= 9445463))
	  ->  Bitmap Index Scan on k_8  (cost=0.00..5.50 rows=107 width=0)
	        Index Cond: ((k >= 9445363) AND (k <= 9445463))

for range-notcovered
table 1 : explain SELECT k, c FROM sbtest1 WHERE k BETWEEN 6497843 AND 6497943
	Bitmap Heap Scan on sbtest1  (cost=5.40..377.97 rows=94 width=125)
	  Recheck Cond: ((k >= 6497843) AND (k <= 6497943))
	  ->  Bitmap Index Scan on k_1  (cost=0.00..5.38 rows=94 width=0)
	        Index Cond: ((k >= 6497843) AND (k <= 6497943))

table 2 : explain SELECT k, c FROM sbtest2 WHERE k BETWEEN 6497843 AND 6497943
	Bitmap Heap Scan on sbtest2  (cost=5.48..409.43 rows=102 width=125)
	  Recheck Cond: ((k >= 6497843) AND (k <= 6497943))
	  ->  Bitmap Index Scan on k_2  (cost=0.00..5.45 rows=102 width=0)
	        Index Cond: ((k >= 6497843) AND (k <= 6497943))

table 3 : explain SELECT k, c FROM sbtest3 WHERE k BETWEEN 6497843 AND 6497943
	Bitmap Heap Scan on sbtest3  (cost=5.50..417.52 rows=104 width=125)
	  Recheck Cond: ((k >= 6497843) AND (k <= 6497943))
	  ->  Bitmap Index Scan on k_3  (cost=0.00..5.47 rows=104 width=0)
	        Index Cond: ((k >= 6497843) AND (k <= 6497943))

table 4 : explain SELECT k, c FROM sbtest4 WHERE k BETWEEN 6497843 AND 6497943
	Bitmap Heap Scan on sbtest4  (cost=5.55..437.25 rows=109 width=125)
	  Recheck Cond: ((k >= 6497843) AND (k <= 6497943))
	  ->  Bitmap Index Scan on k_4  (cost=0.00..5.52 rows=109 width=0)
	        Index Cond: ((k >= 6497843) AND (k <= 6497943))

table 5 : explain SELECT k, c FROM sbtest5 WHERE k BETWEEN 6497843 AND 6497943
	Bitmap Heap Scan on sbtest5  (cost=5.45..397.79 rows=99 width=125)
	  Recheck Cond: ((k >= 6497843) AND (k <= 6497943))
	  ->  Bitmap Index Scan on k_5  (cost=0.00..5.42 rows=99 width=0)
	        Index Cond: ((k >= 6497843) AND (k <= 6497943))

table 6 : explain SELECT k, c FROM sbtest6 WHERE k BETWEEN 6497843 AND 6497943
	Bitmap Heap Scan on sbtest6  (cost=5.41..381.90 rows=95 width=125)
	  Recheck Cond: ((k >= 6497843) AND (k <= 6497943))
	  ->  Bitmap Index Scan on k_6  (cost=0.00..5.38 rows=95 width=0)
	        Index Cond: ((k >= 6497843) AND (k <= 6497943))

table 7 : explain SELECT k, c FROM sbtest7 WHERE k BETWEEN 6497843 AND 6497943
	Bitmap Heap Scan on sbtest7  (cost=5.43..389.86 rows=97 width=125)
	  Recheck Cond: ((k >= 6497843) AND (k <= 6497943))
	  ->  Bitmap Index Scan on k_7  (cost=0.00..5.40 rows=97 width=0)
	        Index Cond: ((k >= 6497843) AND (k <= 6497943))

table 8 : explain SELECT k, c FROM sbtest8 WHERE k BETWEEN 6497843 AND 6497943
	Bitmap Heap Scan on sbtest8  (cost=5.40..377.92 rows=94 width=125)
	  Recheck Cond: ((k >= 6497843) AND (k <= 6497943))
	  ->  Bitmap Index Scan on k_8  (cost=0.00..5.38 rows=94 width=0)
	        Index Cond: ((k >= 6497843) AND (k <= 6497943))

explain: for range-notcovered :: explain SELECT k, c FROM sbtest%d WHERE k BETWEEN 9445363 AND 9445463
explain: for range-notcovered :: explain SELECT k, c FROM sbtest%d WHERE k BETWEEN 6497843 AND 6497943
for range-notcovered
table 1 : explain SELECT k, c FROM sbtest1 WHERE k BETWEEN 1669264 AND 1669364
	Bitmap Heap Scan on sbtest1  (cost=5.40..377.97 rows=94 width=125)
	  Recheck Cond: ((k >= 1669264) AND (k <= 1669364))
	  ->  Bitmap Index Scan on k_1  (cost=0.00..5.38 rows=94 width=0)
	        Index Cond: ((k >= 1669264) AND (k <= 1669364))

table 2 : explain SELECT k, c FROM sbtest2 WHERE k BETWEEN 1669264 AND 1669364
	Bitmap Heap Scan on sbtest2  (cost=5.45..397.60 rows=99 width=125)
	  Recheck Cond: ((k >= 1669264) AND (k <= 1669364))
	  ->  Bitmap Index Scan on k_2  (cost=0.00..5.42 rows=99 width=0)
	        Index Cond: ((k >= 1669264) AND (k <= 1669364))

table 3 : explain SELECT k, c FROM sbtest3 WHERE k BETWEEN 1669264 AND 1669364
	Bitmap Heap Scan on sbtest3  (cost=5.41..382.00 rows=95 width=125)
	  Recheck Cond: ((k >= 1669264) AND (k <= 1669364))
	  ->  Bitmap Index Scan on k_3  (cost=0.00..5.38 rows=95 width=0)
	        Index Cond: ((k >= 1669264) AND (k <= 1669364))

table 4 : explain SELECT k, c FROM sbtest4 WHERE k BETWEEN 1669264 AND 1669364
	Bitmap Heap Scan on sbtest4  (cost=5.52..425.42 rows=106 width=125)
	  Recheck Cond: ((k >= 1669264) AND (k <= 1669364))
	  ->  Bitmap Index Scan on k_4  (cost=0.00..5.50 rows=106 width=0)
	        Index Cond: ((k >= 1669264) AND (k <= 1669364))

table 5 : explain SELECT k, c FROM sbtest5 WHERE k BETWEEN 1669264 AND 1669364
	Bitmap Heap Scan on sbtest5  (cost=5.53..429.35 rows=107 width=125)
	  Recheck Cond: ((k >= 1669264) AND (k <= 1669364))
	  ->  Bitmap Index Scan on k_5  (cost=0.00..5.50 rows=107 width=0)
	        Index Cond: ((k >= 1669264) AND (k <= 1669364))

table 6 : explain SELECT k, c FROM sbtest6 WHERE k BETWEEN 1669264 AND 1669364
	Bitmap Heap Scan on sbtest6  (cost=5.53..429.24 rows=107 width=125)
	  Recheck Cond: ((k >= 1669264) AND (k <= 1669364))
	  ->  Bitmap Index Scan on k_6  (cost=0.00..5.50 rows=107 width=0)
	        Index Cond: ((k >= 1669264) AND (k <= 1669364))

table 7 : explain SELECT k, c FROM sbtest7 WHERE k BETWEEN 1669264 AND 1669364
	Bitmap Heap Scan on sbtest7  (cost=5.35..358.27 rows=89 width=125)
	  Recheck Cond: ((k >= 1669264) AND (k <= 1669364))
	  ->  Bitmap Index Scan on k_7  (cost=0.00..5.32 rows=89 width=0)
	        Index Cond: ((k >= 1669264) AND (k <= 1669364))

table 8 : explain SELECT k, c FROM sbtest8 WHERE k BETWEEN 1669264 AND 1669364
	Bitmap Heap Scan on sbtest8  (cost=5.42..385.81 rows=96 width=125)
	  Recheck Cond: ((k >= 1669264) AND (k <= 1669364))
	  ->  Bitmap Index Scan on k_8  (cost=0.00..5.39 rows=96 width=0)
	        Index Cond: ((k >= 1669264) AND (k <= 1669364))

explain: for range-notcovered :: explain SELECT k, c FROM sbtest%d WHERE k BETWEEN 1669264 AND 1669364for range-notcovered
table 1 : explain SELECT k, c FROM sbtest1 WHERE k BETWEEN 3978191 AND 3978291
	Bitmap Heap Scan on sbtest1  (cost=5.49..413.49 rows=103 width=125)
	  Recheck Cond: ((k >= 3978191) AND (k <= 3978291))
	  ->  Bitmap Index Scan on k_1  (cost=0.00..5.46 rows=103 width=0)
	        Index Cond: ((k >= 3978191) AND (k <= 3978291))

table 2 : explain SELECT k, c FROM sbtest2 WHERE k BETWEEN 3978191 AND 3978291
	Bitmap Heap Scan on sbtest2  (cost=5.40..377.88 rows=94 width=125)
	  Recheck Cond: ((k >= 3978191) AND (k <= 3978291))
	  ->  Bitmap Index Scan on k_2  (cost=0.00..5.38 rows=94 width=0)
	        Index Cond: ((k >= 3978191) AND (k <= 3978291))

table 3 : explain SELECT k, c FROM sbtest3 WHERE k BETWEEN 3978191 AND 3978291
	Bitmap Heap Scan on sbtest3  (cost=5.44..393.84 rows=98 width=125)
	  Recheck Cond: ((k >= 3978191) AND (k <= 3978291))
	  ->  Bitmap Index Scan on k_3  (cost=0.00..5.42 rows=98 width=0)
	        Index Cond: ((k >= 3978191) AND (k <= 3978291))

table 4 : explain SELECT k, c FROM sbtest4 WHERE k BETWEEN 3978191 AND 3978291
	Bitmap Heap Scan on sbtest4  (cost=5.48..409.64 rows=102 width=125)
	  Recheck Cond: ((k >= 3978191) AND (k <= 3978291))
	  ->  Bitmap Index Scan on k_4  (cost=0.00..5.45 rows=102 width=0)
	        Index Cond: ((k >= 3978191) AND (k <= 3978291))

table 5 : explain SELECT k, c FROM sbtest5 WHERE k BETWEEN 3978191 AND 3978291
	Bitmap Heap Scan on sbtest5  (cost=5.42..385.94 rows=96 width=125)
	  Recheck Cond: ((k >= 3978191) AND (k <= 3978291))
	  ->  Bitmap Index Scan on k_5  (cost=0.00..5.39 rows=96 width=0)
	        Index Cond: ((k >= 3978191) AND (k <= 3978291))

table 6 : explain SELECT k, c FROM sbtest6 WHERE k BETWEEN 3978191 AND 3978291
	Bitmap Heap Scan on sbtest6  (cost=5.48..409.52 rows=102 width=125)
	  Recheck Cond: ((k >= 3978191) AND (k <= 3978291))
	  ->  Bitmap Index Scan on k_6  (cost=0.00..5.45 rows=102 width=0)
	        Index Cond: ((k >= 3978191) AND (k <= 3978291))

table 7 : explain SELECT k, c FROM sbtest7 WHERE k BETWEEN 3978191 AND 3978291
	Bitmap Heap Scan on sbtest7  (cost=5.55..437.21 rows=109 width=125)
	  Recheck Cond: ((k >= 3978191) AND (k <= 3978291))
	  ->  Bitmap Index Scan on k_7  (cost=0.00..5.52 rows=109 width=0)
	        Index Cond: ((k >= 3978191) AND (k <= 3978291))

table 8 : explain SELECT k, c FROM sbtest8 WHERE k BETWEEN 3978191 AND 3978291
	Bitmap Heap Scan on sbtest8  (cost=5.45..397.65 rows=99 width=125)
	  Recheck Cond: ((k >= 3978191) AND (k <= 3978291))
	  ->  Bitmap Index Scan on k_8  (cost=0.00..5.42 rows=99 width=0)
	        Index Cond: ((k >= 3978191) AND (k <= 3978291))


explain: for range-notcovered :: explain SELECT k, c FROM sbtest%d WHERE k BETWEEN 3978191 AND 3978291
for range-notcovered
table 1 : explain SELECT k, c FROM sbtest1 WHERE k BETWEEN 4936996 AND 4937096
	Bitmap Heap Scan on sbtest1  (cost=5.43..389.82 rows=97 width=125)
	  Recheck Cond: ((k >= 4936996) AND (k <= 4937096))
	  ->  Bitmap Index Scan on k_1  (cost=0.00..5.40 rows=97 width=0)
	        Index Cond: ((k >= 4936996) AND (k <= 4937096))

table 2 : explain SELECT k, c FROM sbtest2 WHERE k BETWEEN 4936996 AND 4937096
	Bitmap Heap Scan on sbtest2  (cost=5.46..401.55 rows=100 width=125)
	  Recheck Cond: ((k >= 4936996) AND (k <= 4937096))
	  ->  Bitmap Index Scan on k_2  (cost=0.00..5.43 rows=100 width=0)
	        Index Cond: ((k >= 4936996) AND (k <= 4937096))

table 3 : explain SELECT k, c FROM sbtest3 WHERE k BETWEEN 4936996 AND 4937096
	Bitmap Heap Scan on sbtest3  (cost=5.41..382.00 rows=95 width=125)
	  Recheck Cond: ((k >= 4936996) AND (k <= 4937096))
	  ->  Bitmap Index Scan on k_3  (cost=0.00..5.38 rows=95 width=0)
	        Index Cond: ((k >= 4936996) AND (k <= 4937096))

table 4 : explain SELECT k, c FROM sbtest4 WHERE k BETWEEN 4936996 AND 4937096
	Bitmap Heap Scan on sbtest4  (cost=5.41..382.00 rows=95 width=125)
	  Recheck Cond: ((k >= 4936996) AND (k <= 4937096))
	  ->  Bitmap Index Scan on k_4  (cost=0.00..5.38 rows=95 width=0)
	        Index Cond: ((k >= 4936996) AND (k <= 4937096))

table 5 : explain SELECT k, c FROM sbtest5 WHERE k BETWEEN 4936996 AND 4937096
	Bitmap Heap Scan on sbtest5  (cost=5.62..464.84 rows=116 width=125)
	  Recheck Cond: ((k >= 4936996) AND (k <= 4937096))
	  ->  Bitmap Index Scan on k_5  (cost=0.00..5.59 rows=116 width=0)
	        Index Cond: ((k >= 4936996) AND (k <= 4937096))

table 6 : explain SELECT k, c FROM sbtest6 WHERE k BETWEEN 4936996 AND 4937096
	Bitmap Heap Scan on sbtest6  (cost=5.47..405.58 rows=101 width=125)
	  Recheck Cond: ((k >= 4936996) AND (k <= 4937096))
	  ->  Bitmap Index Scan on k_6  (cost=0.00..5.44 rows=101 width=0)
	        Index Cond: ((k >= 4936996) AND (k <= 4937096))

table 7 : explain SELECT k, c FROM sbtest7 WHERE k BETWEEN 4936996 AND 4937096
	Bitmap Heap Scan on sbtest7  (cost=5.49..413.54 rows=103 width=125)
	  Recheck Cond: ((k >= 4936996) AND (k <= 4937096))
	  ->  Bitmap Index Scan on k_7  (cost=0.00..5.46 rows=103 width=0)
	        Index Cond: ((k >= 4936996) AND (k <= 4937096))

table 8 : explain SELECT k, c FROM sbtest8 WHERE k BETWEEN 4936996 AND 4937096
	Bitmap Heap Scan on sbtest8  (cost=5.51..421.31 rows=105 width=125)
	  Recheck Cond: ((k >= 4936996) AND (k <= 4937096))
	  ->  Bitmap Index Scan on k_8  (cost=0.00..5.48 rows=105 width=0)
	        Index Cond: ((k >= 4936996) AND (k <= 4937096))

explain: for range-notcovered :: explain SELECT k, c FROM sbtest%d WHERE k BETWEEN 4936996 AND 4937096
for range-notcovered
table 1 : explain SELECT k, c FROM sbtest1 WHERE k BETWEEN 3508073 AND 3508173
	Bitmap Heap Scan on sbtest1  (cost=5.42..385.87 rows=96 width=125)
	  Recheck Cond: ((k >= 3508073) AND (k <= 3508173))
	  ->  Bitmap Index Scan on k_1  (cost=0.00..5.39 rows=96 width=0)
	        Index Cond: ((k >= 3508073) AND (k <= 3508173))

table 2 : explain SELECT k, c FROM sbtest2 WHERE k BETWEEN 3508073 AND 3508173
	Bitmap Heap Scan on sbtest2  (cost=5.45..397.60 rows=99 width=125)
	  Recheck Cond: ((k >= 3508073) AND (k <= 3508173))
	  ->  Bitmap Index Scan on k_2  (cost=0.00..5.42 rows=99 width=0)
	        Index Cond: ((k >= 3508073) AND (k <= 3508173))

table 3 : explain SELECT k, c FROM sbtest3 WHERE k BETWEEN 3508073 AND 3508173
	Bitmap Heap Scan on sbtest3  (cost=5.49..413.57 rows=103 width=125)
	  Recheck Cond: ((k >= 3508073) AND (k <= 3508173))
	  ->  Bitmap Index Scan on k_3  (cost=0.00..5.46 rows=103 width=0)
	        Index Cond: ((k >= 3508073) AND (k <= 3508173))

table 4 : explain SELECT k, c FROM sbtest4 WHERE k BETWEEN 3508073 AND 3508173
	Bitmap Heap Scan on sbtest4  (cost=5.38..370.16 rows=92 width=125)
	  Recheck Cond: ((k >= 3508073) AND (k <= 3508173))
	  ->  Bitmap Index Scan on k_4  (cost=0.00..5.35 rows=92 width=0)
	        Index Cond: ((k >= 3508073) AND (k <= 3508173))

table 5 : explain SELECT k, c FROM sbtest5 WHERE k BETWEEN 3508073 AND 3508173
	Bitmap Heap Scan on sbtest5  (cost=5.45..397.79 rows=99 width=125)
	  Recheck Cond: ((k >= 3508073) AND (k <= 3508173))
	  ->  Bitmap Index Scan on k_5  (cost=0.00..5.42 rows=99 width=0)
	        Index Cond: ((k >= 3508073) AND (k <= 3508173))

table 6 : explain SELECT k, c FROM sbtest6 WHERE k BETWEEN 3508073 AND 3508173
	Bitmap Heap Scan on sbtest6  (cost=5.49..413.47 rows=103 width=125)
	  Recheck Cond: ((k >= 3508073) AND (k <= 3508173))
	  ->  Bitmap Index Scan on k_6  (cost=0.00..5.46 rows=103 width=0)
	        Index Cond: ((k >= 3508073) AND (k <= 3508173))

table 7 : explain SELECT k, c FROM sbtest7 WHERE k BETWEEN 3508073 AND 3508173
	Bitmap Heap Scan on sbtest7  (cost=5.44..393.81 rows=98 width=125)
	  Recheck Cond: ((k >= 3508073) AND (k <= 3508173))
	  ->  Bitmap Index Scan on k_7  (cost=0.00..5.42 rows=98 width=0)
	        Index Cond: ((k >= 3508073) AND (k <= 3508173))

table 8 : explain SELECT k, c FROM sbtest8 WHERE k BETWEEN 3508073 AND 3508173
	Bitmap Heap Scan on sbtest8  (cost=5.52..425.25 rows=106 width=125)
	  Recheck Cond: ((k >= 3508073) AND (k <= 3508173))
	  ->  Bitmap Index Scan on k_8  (cost=0.00..5.50 rows=106 width=0)
	        Index Cond: ((k >= 3508073) AND (k <= 3508173))

for range-notcovered
table 1 : explain SELECT k, c FROM sbtest1 WHERE k BETWEEN 2793633 AND 2793733
	Bitmap Heap Scan on sbtest1  (cost=5.38..370.08 rows=92 width=125)
	  Recheck Cond: ((k >= 2793633) AND (k <= 2793733))
	  ->  Bitmap Index Scan on k_1  (cost=0.00..5.35 rows=92 width=0)
	        Index Cond: ((k >= 2793633) AND (k <= 2793733))

table 2 : explain SELECT k, c FROM sbtest2 WHERE k BETWEEN 2793633 AND 2793733
	Bitmap Heap Scan on sbtest2  (cost=5.39..373.93 rows=93 width=125)
	  Recheck Cond: ((k >= 2793633) AND (k <= 2793733))
	  ->  Bitmap Index Scan on k_2  (cost=0.00..5.36 rows=93 width=0)
	        Index Cond: ((k >= 2793633) AND (k <= 2793733))

table 3 : explain SELECT k, c FROM sbtest3 WHERE k BETWEEN 2793633 AND 2793733
	Bitmap Heap Scan on sbtest3  (cost=5.48..409.63 rows=102 width=125)
	  Recheck Cond: ((k >= 2793633) AND (k <= 2793733))
	  ->  Bitmap Index Scan on k_3  (cost=0.00..5.45 rows=102 width=0)
	        Index Cond: ((k >= 2793633) AND (k <= 2793733))

table 4 : explain SELECT k, c FROM sbtest4 WHERE k BETWEEN 2793633 AND 2793733
	Bitmap Heap Scan on sbtest4  (cost=5.47..405.69 rows=101 width=125)
	  Recheck Cond: ((k >= 2793633) AND (k <= 2793733))
	  ->  Bitmap Index Scan on k_4  (cost=0.00..5.44 rows=101 width=0)
	        Index Cond: ((k >= 2793633) AND (k <= 2793733))

table 5 : explain SELECT k, c FROM sbtest5 WHERE k BETWEEN 2793633 AND 2793733
	Bitmap Heap Scan on sbtest5  (cost=5.44..393.84 rows=98 width=125)
	  Recheck Cond: ((k >= 2793633) AND (k <= 2793733))
	  ->  Bitmap Index Scan on k_5  (cost=0.00..5.42 rows=98 width=0)
	        Index Cond: ((k >= 2793633) AND (k <= 2793733))

table 6 : explain SELECT k, c FROM sbtest6 WHERE k BETWEEN 2793633 AND 2793733
	Bitmap Heap Scan on sbtest6  (cost=5.41..381.90 rows=95 width=125)
	  Recheck Cond: ((k >= 2793633) AND (k <= 2793733))
	  ->  Bitmap Index Scan on k_6  (cost=0.00..5.38 rows=95 width=0)
	        Index Cond: ((k >= 2793633) AND (k <= 2793733))

table 7 : explain SELECT k, c FROM sbtest7 WHERE k BETWEEN 2793633 AND 2793733
	Bitmap Heap Scan on sbtest7  (cost=5.46..401.71 rows=100 width=125)
	  Recheck Cond: ((k >= 2793633) AND (k <= 2793733))
	  ->  Bitmap Index Scan on k_7  (cost=0.00..5.43 rows=100 width=0)
	        Index Cond: ((k >= 2793633) AND (k <= 2793733))

table 8 : explain SELECT k, c FROM sbtest8 WHERE k BETWEEN 2793633 AND 2793733
	Bitmap Heap Scan on sbtest8  (cost=5.50..417.37 rows=104 width=125)
	  Recheck Cond: ((k >= 2793633) AND (k <= 2793733))
	  ->  Bitmap Index Scan on k_8  (cost=0.00..5.47 rows=104 width=0)
	        Index Cond: ((k >= 2793633) AND (k <= 2793733))

explain: for range-notcovered :: explain SELECT k, c FROM sbtest%d WHERE k BETWEEN 2793633 AND 2793733
for range-notcovered
table 1 : explain SELECT k, c FROM sbtest1 WHERE k BETWEEN 9445363 AND 9445463
	Bitmap Heap Scan on sbtest1  (cost=5.52..425.32 rows=106 width=125)
	  Recheck Cond: ((k >= 9445363) AND (k <= 9445463))
	  ->  Bitmap Index Scan on k_1  (cost=0.00..5.50 rows=106 width=0)
	        Index Cond: ((k >= 9445363) AND (k <= 9445463))

table 2 : explain SELECT k, c FROM sbtest2 WHERE k BETWEEN 9445363 AND 9445463
	Bitmap Heap Scan on sbtest2  (cost=5.50..417.32 rows=104 width=125)
	  Recheck Cond: ((k >= 9445363) AND (k <= 9445463))
	  ->  Bitmap Index Scan on k_2  (cost=0.00..5.47 rows=104 width=0)
	        Index Cond: ((k >= 9445363) AND (k <= 9445463))

table 3 : explain SELECT k, c FROM sbtest3 WHERE k BETWEEN 9445363 AND 9445463
	Bitmap Heap Scan on sbtest3  (cost=5.48..409.63 rows=102 width=125)
	  Recheck Cond: ((k >= 9445363) AND (k <= 9445463))
	  ->  Bitmap Index Scan on k_3  (cost=0.00..5.45 rows=102 width=0)
	        Index Cond: ((k >= 9445363) AND (k <= 9445463))

table 4 : explain SELECT k, c FROM sbtest4 WHERE k BETWEEN 9445363 AND 9445463
	Bitmap Heap Scan on sbtest4  (cost=5.39..374.11 rows=93 width=125)
	  Recheck Cond: ((k >= 9445363) AND (k <= 9445463))
	  ->  Bitmap Index Scan on k_4  (cost=0.00..5.36 rows=93 width=0)
	        Index Cond: ((k >= 9445363) AND (k <= 9445463))

table 5 : explain SELECT k, c FROM sbtest5 WHERE k BETWEEN 9445363 AND 9445463
	Bitmap Heap Scan on sbtest5  (cost=5.51..421.46 rows=105 width=125)
	  Recheck Cond: ((k >= 9445363) AND (k <= 9445463))
	  ->  Bitmap Index Scan on k_5  (cost=0.00..5.48 rows=105 width=0)
	        Index Cond: ((k >= 9445363) AND (k <= 9445463))

table 6 : explain SELECT k, c FROM sbtest6 WHERE k BETWEEN 9445363 AND 9445463
	Bitmap Heap Scan on sbtest6  (cost=5.48..409.52 rows=102 width=125)
	  Recheck Cond: ((k >= 9445363) AND (k <= 9445463))
	  ->  Bitmap Index Scan on k_6  (cost=0.00..5.45 rows=102 width=0)
	        Index Cond: ((k >= 9445363) AND (k <= 9445463))

table 7 : explain SELECT k, c FROM sbtest7 WHERE k BETWEEN 9445363 AND 9445463
	Bitmap Heap Scan on sbtest7  (cost=5.59..452.98 rows=113 width=125)
	  Recheck Cond: ((k >= 9445363) AND (k <= 9445463))
	  ->  Bitmap Index Scan on k_7  (cost=0.00..5.56 rows=113 width=0)
	        Index Cond: ((k >= 9445363) AND (k <= 9445463))

table 8 : explain SELECT k, c FROM sbtest8 WHERE k BETWEEN 9445363 AND 9445463
	Bitmap Heap Scan on sbtest8  (cost=5.53..429.19 rows=107 width=125)
	  Recheck Cond: ((k >= 9445363) AND (k <= 9445463))
	  ->  Bitmap Index Scan on k_8  (cost=0.00..5.50 rows=107 width=0)
	        Index Cond: ((k >= 9445363) AND (k <= 9445463))

explain: for range-notcovered :: explain SELECT k, c FROM sbtest%d WHERE k BETWEEN 9445363 AND 9445463
for range-notcovered
table 1 : explain SELECT k, c FROM sbtest1 WHERE k BETWEEN 4936996 AND 4937096
	Bitmap Heap Scan on sbtest1  (cost=5.43..389.82 rows=97 width=125)
	  Recheck Cond: ((k >= 4936996) AND (k <= 4937096))
	  ->  Bitmap Index Scan on k_1  (cost=0.00..5.40 rows=97 width=0)
	        Index Cond: ((k >= 4936996) AND (k <= 4937096))

table 2 : explain SELECT k, c FROM sbtest2 WHERE k BETWEEN 4936996 AND 4937096
	Bitmap Heap Scan on sbtest2  (cost=5.46..401.55 rows=100 width=125)
	  Recheck Cond: ((k >= 4936996) AND (k <= 4937096))
	  ->  Bitmap Index Scan on k_2  (cost=0.00..5.43 rows=100 width=0)
	        Index Cond: ((k >= 4936996) AND (k <= 4937096))

table 3 : explain SELECT k, c FROM sbtest3 WHERE k BETWEEN 4936996 AND 4937096
	Bitmap Heap Scan on sbtest3  (cost=5.41..382.00 rows=95 width=125)
	  Recheck Cond: ((k >= 4936996) AND (k <= 4937096))
	  ->  Bitmap Index Scan on k_3  (cost=0.00..5.38 rows=95 width=0)
	        Index Cond: ((k >= 4936996) AND (k <= 4937096))

table 4 : explain SELECT k, c FROM sbtest4 WHERE k BETWEEN 4936996 AND 4937096
	Bitmap Heap Scan on sbtest4  (cost=5.41..382.00 rows=95 width=125)
	  Recheck Cond: ((k >= 4936996) AND (k <= 4937096))
	  ->  Bitmap Index Scan on k_4  (cost=0.00..5.38 rows=95 width=0)
	        Index Cond: ((k >= 4936996) AND (k <= 4937096))

table 5 : explain SELECT k, c FROM sbtest5 WHERE k BETWEEN 4936996 AND 4937096
	Bitmap Heap Scan on sbtest5  (cost=5.62..464.84 rows=116 width=125)
	  Recheck Cond: ((k >= 4936996) AND (k <= 4937096))
	  ->  Bitmap Index Scan on k_5  (cost=0.00..5.59 rows=116 width=0)
	        Index Cond: ((k >= 4936996) AND (k <= 4937096))

table 6 : explain SELECT k, c FROM sbtest6 WHERE k BETWEEN 4936996 AND 4937096
	Bitmap Heap Scan on sbtest6  (cost=5.47..405.58 rows=101 width=125)
	  Recheck Cond: ((k >= 4936996) AND (k <= 4937096))
	  ->  Bitmap Index Scan on k_6  (cost=0.00..5.44 rows=101 width=0)
	        Index Cond: ((k >= 4936996) AND (k <= 4937096))

table 7 : explain SELECT k, c FROM sbtest7 WHERE k BETWEEN 4936996 AND 4937096
	Bitmap Heap Scan on sbtest7  (cost=5.49..413.54 rows=103 width=125)
	  Recheck Cond: ((k >= 4936996) AND (k <= 4937096))
	  ->  Bitmap Index Scan on k_7  (cost=0.00..5.46 rows=103 width=0)
	        Index Cond: ((k >= 4936996) AND (k <= 4937096))

table 8 : explain SELECT k, c FROM sbtest8 WHERE k BETWEEN 4936996 AND 4937096
	Bitmap Heap Scan on sbtest8  (cost=5.51..421.31 rows=105 width=125)
	  Recheck Cond: ((k >= 4936996) AND (k <= 4937096))
	  ->  Bitmap Index Scan on k_8  (cost=0.00..5.48 rows=105 width=0)
	        Index Cond: ((k >= 4936996) AND (k <= 4937096))

for range-notcovered
table 1 : explain SELECT k, c FROM sbtest1 WHERE k BETWEEN 1669264 AND 1669364
	Bitmap Heap Scan on sbtest1  (cost=5.40..377.97 rows=94 width=125)
	  Recheck Cond: ((k >= 1669264) AND (k <= 1669364))
	  ->  Bitmap Index Scan on k_1  (cost=0.00..5.38 rows=94 width=0)
	        Index Cond: ((k >= 1669264) AND (k <= 1669364))

table 2 : explain SELECT k, c FROM sbtest2 WHERE k BETWEEN 1669264 AND 1669364
	Bitmap Heap Scan on sbtest2  (cost=5.45..397.60 rows=99 width=125)
	  Recheck Cond: ((k >= 1669264) AND (k <= 1669364))
	  ->  Bitmap Index Scan on k_2  (cost=0.00..5.42 rows=99 width=0)
	        Index Cond: ((k >= 1669264) AND (k <= 1669364))

table 3 : explain SELECT k, c FROM sbtest3 WHERE k BETWEEN 1669264 AND 1669364
	Bitmap Heap Scan on sbtest3  (cost=5.41..382.00 rows=95 width=125)
	  Recheck Cond: ((k >= 1669264) AND (k <= 1669364))
	  ->  Bitmap Index Scan on k_3  (cost=0.00..5.38 rows=95 width=0)
	        Index Cond: ((k >= 1669264) AND (k <= 1669364))

table 4 : explain SELECT k, c FROM sbtest4 WHERE k BETWEEN 1669264 AND 1669364
	Bitmap Heap Scan on sbtest4  (cost=5.52..425.42 rows=106 width=125)
	  Recheck Cond: ((k >= 1669264) AND (k <= 1669364))
	  ->  Bitmap Index Scan on k_4  (cost=0.00..5.50 rows=106 width=0)
	        Index Cond: ((k >= 1669264) AND (k <= 1669364))

table 5 : explain SELECT k, c FROM sbtest5 WHERE k BETWEEN 1669264 AND 1669364
	Bitmap Heap Scan on sbtest5  (cost=5.53..429.35 rows=107 width=125)
	  Recheck Cond: ((k >= 1669264) AND (k <= 1669364))
	  ->  Bitmap Index Scan on k_5  (cost=0.00..5.50 rows=107 width=0)
	        Index Cond: ((k >= 1669264) AND (k <= 1669364))

table 6 : explain SELECT k, c FROM sbtest6 WHERE k BETWEEN 1669264 AND 1669364
	Bitmap Heap Scan on sbtest6  (cost=5.53..429.24 rows=107 width=125)
	  Recheck Cond: ((k >= 1669264) AND (k <= 1669364))
	  ->  Bitmap Index Scan on k_6  (cost=0.00..5.50 rows=107 width=0)
	        Index Cond: ((k >= 1669264) AND (k <= 1669364))

table 7 : explain SELECT k, c FROM sbtest7 WHERE k BETWEEN 1669264 AND 1669364
	Bitmap Heap Scan on sbtest7  (cost=5.35..358.27 rows=89 width=125)
	  Recheck Cond: ((k >= 1669264) AND (k <= 1669364))
	  ->  Bitmap Index Scan on k_7  (cost=0.00..5.32 rows=89 width=0)
	        Index Cond: ((k >= 1669264) AND (k <= 1669364))

table 8 : explain SELECT k, c FROM sbtest8 WHERE k BETWEEN 1669264 AND 1669364
	Bitmap Heap Scan on sbtest8  (cost=5.42..385.81 rows=96 width=125)
	  Recheck Cond: ((k >= 1669264) AND (k <= 1669364))
	  ->  Bitmap Index Scan on k_8  (cost=0.00..5.39 rows=96 width=0)
	        Index Cond: ((k >= 1669264) AND (k <= 1669364))

explain: for range-notcovered :: explain SELECT k, c FROM sbtest%d WHERE k BETWEEN 4936996 AND 4937096
explain: for range-notcovered :: explain SELECT k, c FROM sbtest%d WHERE k BETWEEN 1669264 AND 1669364
for range-notcovered
table 1 : explain SELECT k, c FROM sbtest1 WHERE k BETWEEN 3978191 AND 3978291
	Bitmap Heap Scan on sbtest1  (cost=5.49..413.49 rows=103 width=125)
	  Recheck Cond: ((k >= 3978191) AND (k <= 3978291))
	  ->  Bitmap Index Scan on k_1  (cost=0.00..5.46 rows=103 width=0)
	        Index Cond: ((k >= 3978191) AND (k <= 3978291))

table 2 : explain SELECT k, c FROM sbtest2 WHERE k BETWEEN 3978191 AND 3978291
	Bitmap Heap Scan on sbtest2  (cost=5.40..377.88 rows=94 width=125)
	  Recheck Cond: ((k >= 3978191) AND (k <= 3978291))
	  ->  Bitmap Index Scan on k_2  (cost=0.00..5.38 rows=94 width=0)
	        Index Cond: ((k >= 3978191) AND (k <= 3978291))

table 3 : explain SELECT k, c FROM sbtest3 WHERE k BETWEEN 3978191 AND 3978291
	Bitmap Heap Scan on sbtest3  (cost=5.44..393.84 rows=98 width=125)
	  Recheck Cond: ((k >= 3978191) AND (k <= 3978291))
	  ->  Bitmap Index Scan on k_3  (cost=0.00..5.42 rows=98 width=0)
	        Index Cond: ((k >= 3978191) AND (k <= 3978291))

table 4 : explain SELECT k, c FROM sbtest4 WHERE k BETWEEN 3978191 AND 3978291
	Bitmap Heap Scan on sbtest4  (cost=5.48..409.64 rows=102 width=125)
	  Recheck Cond: ((k >= 3978191) AND (k <= 3978291))
	  ->  Bitmap Index Scan on k_4  (cost=0.00..5.45 rows=102 width=0)
	        Index Cond: ((k >= 3978191) AND (k <= 3978291))

table 5 : explain SELECT k, c FROM sbtest5 WHERE k BETWEEN 3978191 AND 3978291
	Bitmap Heap Scan on sbtest5  (cost=5.42..385.94 rows=96 width=125)
	  Recheck Cond: ((k >= 3978191) AND (k <= 3978291))
	  ->  Bitmap Index Scan on k_5  (cost=0.00..5.39 rows=96 width=0)
	        Index Cond: ((k >= 3978191) AND (k <= 3978291))

table 6 : explain SELECT k, c FROM sbtest6 WHERE k BETWEEN 3978191 AND 3978291
	Bitmap Heap Scan on sbtest6  (cost=5.48..409.52 rows=102 width=125)
	  Recheck Cond: ((k >= 3978191) AND (k <= 3978291))
	  ->  Bitmap Index Scan on k_6  (cost=0.00..5.45 rows=102 width=0)
	        Index Cond: ((k >= 3978191) AND (k <= 3978291))

table 7 : explain SELECT k, c FROM sbtest7 WHERE k BETWEEN 3978191 AND 3978291
	Bitmap Heap Scan on sbtest7  (cost=5.55..437.21 rows=109 width=125)
	  Recheck Cond: ((k >= 3978191) AND (k <= 3978291))
	  ->  Bitmap Index Scan on k_7  (cost=0.00..5.52 rows=109 width=0)
	        Index Cond: ((k >= 3978191) AND (k <= 3978291))

table 8 : explain SELECT k, c FROM sbtest8 WHERE k BETWEEN 3978191 AND 3978291
	Bitmap Heap Scan on sbtest8  (cost=5.45..397.65 rows=99 width=125)
	  Recheck Cond: ((k >= 3978191) AND (k <= 3978291))
	  ->  Bitmap Index Scan on k_8  (cost=0.00..5.42 rows=99 width=0)
	        Index Cond: ((k >= 3978191) AND (k <= 3978291))

for range-notcovered
table 1 : explain SELECT k, c FROM sbtest1 WHERE k BETWEEN 2793633 AND 2793733
	Bitmap Heap Scan on sbtest1  (cost=5.38..370.08 rows=92 width=125)
	  Recheck Cond: ((k >= 2793633) AND (k <= 2793733))
	  ->  Bitmap Index Scan on k_1  (cost=0.00..5.35 rows=92 width=0)
	        Index Cond: ((k >= 2793633) AND (k <= 2793733))

table 2 : explain SELECT k, c FROM sbtest2 WHERE k BETWEEN 2793633 AND 2793733
	Bitmap Heap Scan on sbtest2  (cost=5.39..373.93 rows=93 width=125)
	  Recheck Cond: ((k >= 2793633) AND (k <= 2793733))
	  ->  Bitmap Index Scan on k_2  (cost=0.00..5.36 rows=93 width=0)
	        Index Cond: ((k >= 2793633) AND (k <= 2793733))

table 3 : explain SELECT k, c FROM sbtest3 WHERE k BETWEEN 2793633 AND 2793733
	Bitmap Heap Scan on sbtest3  (cost=5.48..409.63 rows=102 width=125)
	  Recheck Cond: ((k >= 2793633) AND (k <= 2793733))
	  ->  Bitmap Index Scan on k_3  (cost=0.00..5.45 rows=102 width=0)
	        Index Cond: ((k >= 2793633) AND (k <= 2793733))

table 4 : explain SELECT k, c FROM sbtest4 WHERE k BETWEEN 2793633 AND 2793733
	Bitmap Heap Scan on sbtest4  (cost=5.47..405.69 rows=101 width=125)
	  Recheck Cond: ((k >= 2793633) AND (k <= 2793733))
	  ->  Bitmap Index Scan on k_4  (cost=0.00..5.44 rows=101 width=0)
	        Index Cond: ((k >= 2793633) AND (k <= 2793733))

table 5 : explain SELECT k, c FROM sbtest5 WHERE k BETWEEN 2793633 AND 2793733
	Bitmap Heap Scan on sbtest5  (cost=5.44..393.84 rows=98 width=125)
	  Recheck Cond: ((k >= 2793633) AND (k <= 2793733))
	  ->  Bitmap Index Scan on k_5  (cost=0.00..5.42 rows=98 width=0)
	        Index Cond: ((k >= 2793633) AND (k <= 2793733))

table 6 : explain SELECT k, c FROM sbtest6 WHERE k BETWEEN 2793633 AND 2793733
	Bitmap Heap Scan on sbtest6  (cost=5.41..381.90 rows=95 width=125)
	  Recheck Cond: ((k >= 2793633) AND (k <= 2793733))
	  ->  Bitmap Index Scan on k_6  (cost=0.00..5.38 rows=95 width=0)
	        Index Cond: ((k >= 2793633) AND (k <= 2793733))

table 7 : explain SELECT k, c FROM sbtest7 WHERE k BETWEEN 2793633 AND 2793733
	Bitmap Heap Scan on sbtest7  (cost=5.46..401.71 rows=100 width=125)
	  Recheck Cond: ((k >= 2793633) AND (k <= 2793733))
	  ->  Bitmap Index Scan on k_7  (cost=0.00..5.43 rows=100 width=0)
	        Index Cond: ((k >= 2793633) AND (k <= 2793733))

table 8 : explain SELECT k, c FROM sbtest8 WHERE k BETWEEN 2793633 AND 2793733
	Bitmap Heap Scan on sbtest8  (cost=5.50..417.37 rows=104 width=125)
	  Recheck Cond: ((k >= 2793633) AND (k <= 2793733))
	  ->  Bitmap Index Scan on k_8  (cost=0.00..5.47 rows=104 width=0)
	        Index Cond: ((k >= 2793633) AND (k <= 2793733))

for range-notcovered
table 1 : explain SELECT k, c FROM sbtest1 WHERE k BETWEEN 6497843 AND 6497943
	Bitmap Heap Scan on sbtest1  (cost=5.40..377.97 rows=94 width=125)
	  Recheck Cond: ((k >= 6497843) AND (k <= 6497943))
	  ->  Bitmap Index Scan on k_1  (cost=0.00..5.38 rows=94 width=0)
	        Index Cond: ((k >= 6497843) AND (k <= 6497943))

table 2 : explain SELECT k, c FROM sbtest2 WHERE k BETWEEN 6497843 AND 6497943
	Bitmap Heap Scan on sbtest2  (cost=5.48..409.43 rows=102 width=125)
	  Recheck Cond: ((k >= 6497843) AND (k <= 6497943))
	  ->  Bitmap Index Scan on k_2  (cost=0.00..5.45 rows=102 width=0)
	        Index Cond: ((k >= 6497843) AND (k <= 6497943))

table 3 : explain SELECT k, c FROM sbtest3 WHERE k BETWEEN 6497843 AND 6497943
	Bitmap Heap Scan on sbtest3  (cost=5.50..417.52 rows=104 width=125)
	  Recheck Cond: ((k >= 6497843) AND (k <= 6497943))
	  ->  Bitmap Index Scan on k_3  (cost=0.00..5.47 rows=104 width=0)
	        Index Cond: ((k >= 6497843) AND (k <= 6497943))

table 4 : explain SELECT k, c FROM sbtest4 WHERE k BETWEEN 6497843 AND 6497943
	Bitmap Heap Scan on sbtest4  (cost=5.55..437.25 rows=109 width=125)
	  Recheck Cond: ((k >= 6497843) AND (k <= 6497943))
	  ->  Bitmap Index Scan on k_4  (cost=0.00..5.52 rows=109 width=0)
	        Index Cond: ((k >= 6497843) AND (k <= 6497943))

table 5 : explain SELECT k, c FROM sbtest5 WHERE k BETWEEN 6497843 AND 6497943
	Bitmap Heap Scan on sbtest5  (cost=5.45..397.79 rows=99 width=125)
	  Recheck Cond: ((k >= 6497843) AND (k <= 6497943))
	  ->  Bitmap Index Scan on k_5  (cost=0.00..5.42 rows=99 width=0)
	        Index Cond: ((k >= 6497843) AND (k <= 6497943))

table 6 : explain SELECT k, c FROM sbtest6 WHERE k BETWEEN 6497843 AND 6497943
	Bitmap Heap Scan on sbtest6  (cost=5.41..381.90 rows=95 width=125)
	  Recheck Cond: ((k >= 6497843) AND (k <= 6497943))
	  ->  Bitmap Index Scan on k_6  (cost=0.00..5.38 rows=95 width=0)
	        Index Cond: ((k >= 6497843) AND (k <= 6497943))

table 7 : explain SELECT k, c FROM sbtest7 WHERE k BETWEEN 6497843 AND 6497943
	Bitmap Heap Scan on sbtest7  (cost=5.43..389.86 rows=97 width=125)
	  Recheck Cond: ((k >= 6497843) AND (k <= 6497943))
	  ->  Bitmap Index Scan on k_7  (cost=0.00..5.40 rows=97 width=0)
	        Index Cond: ((k >= 6497843) AND (k <= 6497943))

table 8 : explain SELECT k, c FROM sbtest8 WHERE k BETWEEN 6497843 AND 6497943
	Bitmap Heap Scan on sbtest8  (cost=5.40..377.92 rows=94 width=125)
	  Recheck Cond: ((k >= 6497843) AND (k <= 6497943))
	  ->  Bitmap Index Scan on k_8  (cost=0.00..5.38 rows=94 width=0)
	        Index Cond: ((k >= 6497843) AND (k <= 6497943))

explain: for range-notcovered :: explain SELECT k, c FROM sbtest%d WHERE k BETWEEN 3978191 AND 3978291explain: for range-notcovered :: explain SELECT k, c FROM sbtest%d WHERE k BETWEEN 3508073 AND 3508173

explain: for range-notcovered :: explain SELECT k, c FROM sbtest%d WHERE k BETWEEN 6497843 AND 6497943
for range-notcovered
table 1 : explain SELECT k, c FROM sbtest1 WHERE k BETWEEN 4836682 AND 4836782
	Bitmap Heap Scan on sbtest1  (cost=5.45..397.71 rows=99 width=125)
	  Recheck Cond: ((k >= 4836682) AND (k <= 4836782))
	  ->  Bitmap Index Scan on k_1  (cost=0.00..5.42 rows=99 width=0)
	        Index Cond: ((k >= 4836682) AND (k <= 4836782))

table 2 : explain SELECT k, c FROM sbtest2 WHERE k BETWEEN 4836682 AND 4836782
	Bitmap Heap Scan on sbtest2  (cost=5.47..405.49 rows=101 width=125)
	  Recheck Cond: ((k >= 4836682) AND (k <= 4836782))
	  ->  Bitmap Index Scan on k_2  (cost=0.00..5.44 rows=101 width=0)
	        Index Cond: ((k >= 4836682) AND (k <= 4836782))

table 3 : explain SELECT k, c FROM sbtest3 WHERE k BETWEEN 4836682 AND 4836782
	Bitmap Heap Scan on sbtest3  (cost=5.44..393.84 rows=98 width=125)
	  Recheck Cond: ((k >= 4836682) AND (k <= 4836782))
	  ->  Bitmap Index Scan on k_3  (cost=0.00..5.42 rows=98 width=0)
	        Index Cond: ((k >= 4836682) AND (k <= 4836782))

table 4 : explain SELECT k, c FROM sbtest4 WHERE k BETWEEN 4836682 AND 4836782
	Bitmap Heap Scan on sbtest4  (cost=5.45..397.80 rows=99 width=125)
	  Recheck Cond: ((k >= 4836682) AND (k <= 4836782))
	  ->  Bitmap Index Scan on k_4  (cost=0.00..5.42 rows=99 width=0)
	        Index Cond: ((k >= 4836682) AND (k <= 4836782))

table 5 : explain SELECT k, c FROM sbtest5 WHERE k BETWEEN 4836682 AND 4836782
	Bitmap Heap Scan on sbtest5  (cost=5.54..433.30 rows=108 width=125)
	  Recheck Cond: ((k >= 4836682) AND (k <= 4836782))
	  ->  Bitmap Index Scan on k_5  (cost=0.00..5.51 rows=108 width=0)
	        Index Cond: ((k >= 4836682) AND (k <= 4836782))

table 6 : explain SELECT k, c FROM sbtest6 WHERE k BETWEEN 4836682 AND 4836782
	Bitmap Heap Scan on sbtest6  (cost=5.48..409.52 rows=102 width=125)
	  Recheck Cond: ((k >= 4836682) AND (k <= 4836782))
	  ->  Bitmap Index Scan on k_6  (cost=0.00..5.45 rows=102 width=0)
	        Index Cond: ((k >= 4836682) AND (k <= 4836782))

table 7 : explain SELECT k, c FROM sbtest7 WHERE k BETWEEN 4836682 AND 4836782
	Bitmap Heap Scan on sbtest7  (cost=5.57..445.09 rows=111 width=125)
	  Recheck Cond: ((k >= 4836682) AND (k <= 4836782))
	  ->  Bitmap Index Scan on k_7  (cost=0.00..5.54 rows=111 width=0)
	        Index Cond: ((k >= 4836682) AND (k <= 4836782))

table 8 : explain SELECT k, c FROM sbtest8 WHERE k BETWEEN 4836682 AND 4836782
	Bitmap Heap Scan on sbtest8  (cost=5.41..381.86 rows=95 width=125)
	  Recheck Cond: ((k >= 4836682) AND (k <= 4836782))
	  ->  Bitmap Index Scan on k_8  (cost=0.00..5.38 rows=95 width=0)
	        Index Cond: ((k >= 4836682) AND (k <= 4836782))

explain: for range-notcovered :: explain SELECT k, c FROM sbtest%d WHERE k BETWEEN 4836682 AND 4836782
for range-notcovered
table 1 : explain SELECT k, c FROM sbtest1 WHERE k BETWEEN 9445363 AND 9445463
	Bitmap Heap Scan on sbtest1  (cost=5.52..425.32 rows=106 width=125)
	  Recheck Cond: ((k >= 9445363) AND (k <= 9445463))
	  ->  Bitmap Index Scan on k_1  (cost=0.00..5.50 rows=106 width=0)
	        Index Cond: ((k >= 9445363) AND (k <= 9445463))

table 2 : explain SELECT k, c FROM sbtest2 WHERE k BETWEEN 9445363 AND 9445463
	Bitmap Heap Scan on sbtest2  (cost=5.50..417.32 rows=104 width=125)
	  Recheck Cond: ((k >= 9445363) AND (k <= 9445463))
	  ->  Bitmap Index Scan on k_2  (cost=0.00..5.47 rows=104 width=0)
	        Index Cond: ((k >= 9445363) AND (k <= 9445463))

table 3 : explain SELECT k, c FROM sbtest3 WHERE k BETWEEN 9445363 AND 9445463
	Bitmap Heap Scan on sbtest3  (cost=5.48..409.63 rows=102 width=125)
	  Recheck Cond: ((k >= 9445363) AND (k <= 9445463))
	  ->  Bitmap Index Scan on k_3  (cost=0.00..5.45 rows=102 width=0)
	        Index Cond: ((k >= 9445363) AND (k <= 9445463))

table 4 : explain SELECT k, c FROM sbtest4 WHERE k BETWEEN 9445363 AND 9445463
	Bitmap Heap Scan on sbtest4  (cost=5.39..374.11 rows=93 width=125)
	  Recheck Cond: ((k >= 9445363) AND (k <= 9445463))
	  ->  Bitmap Index Scan on k_4  (cost=0.00..5.36 rows=93 width=0)
	        Index Cond: ((k >= 9445363) AND (k <= 9445463))

table 5 : explain SELECT k, c FROM sbtest5 WHERE k BETWEEN 9445363 AND 9445463
	Bitmap Heap Scan on sbtest5  (cost=5.51..421.46 rows=105 width=125)
	  Recheck Cond: ((k >= 9445363) AND (k <= 9445463))
	  ->  Bitmap Index Scan on k_5  (cost=0.00..5.48 rows=105 width=0)
	        Index Cond: ((k >= 9445363) AND (k <= 9445463))

table 6 : explain SELECT k, c FROM sbtest6 WHERE k BETWEEN 9445363 AND 9445463
	Bitmap Heap Scan on sbtest6  (cost=5.48..409.52 rows=102 width=125)
	  Recheck Cond: ((k >= 9445363) AND (k <= 9445463))
	  ->  Bitmap Index Scan on k_6  (cost=0.00..5.45 rows=102 width=0)
	        Index Cond: ((k >= 9445363) AND (k <= 9445463))

table 7 : explain SELECT k, c FROM sbtest7 WHERE k BETWEEN 9445363 AND 9445463
	Bitmap Heap Scan on sbtest7  (cost=5.59..452.98 rows=113 width=125)
	  Recheck Cond: ((k >= 9445363) AND (k <= 9445463))
	  ->  Bitmap Index Scan on k_7  (cost=0.00..5.56 rows=113 width=0)
	        Index Cond: ((k >= 9445363) AND (k <= 9445463))

table 8 : explain SELECT k, c FROM sbtest8 WHERE k BETWEEN 9445363 AND 9445463
	Bitmap Heap Scan on sbtest8  (cost=5.53..429.19 rows=107 width=125)
	  Recheck Cond: ((k >= 9445363) AND (k <= 9445463))
	  ->  Bitmap Index Scan on k_8  (cost=0.00..5.50 rows=107 width=0)
	        Index Cond: ((k >= 9445363) AND (k <= 9445463))

explain: for range-notcovered :: explain SELECT k, c FROM sbtest%d WHERE k BETWEEN 9445363 AND 9445463
for range-notcovered
table 1 : explain SELECT k, c FROM sbtest1 WHERE k BETWEEN 4936996 AND 4937096
	Bitmap Heap Scan on sbtest1  (cost=5.43..389.82 rows=97 width=125)
	  Recheck Cond: ((k >= 4936996) AND (k <= 4937096))
	  ->  Bitmap Index Scan on k_1  (cost=0.00..5.40 rows=97 width=0)
	        Index Cond: ((k >= 4936996) AND (k <= 4937096))

table 2 : explain SELECT k, c FROM sbtest2 WHERE k BETWEEN 4936996 AND 4937096
	Bitmap Heap Scan on sbtest2  (cost=5.46..401.55 rows=100 width=125)
	  Recheck Cond: ((k >= 4936996) AND (k <= 4937096))
	  ->  Bitmap Index Scan on k_2  (cost=0.00..5.43 rows=100 width=0)
	        Index Cond: ((k >= 4936996) AND (k <= 4937096))

table 3 : explain SELECT k, c FROM sbtest3 WHERE k BETWEEN 4936996 AND 4937096
	Bitmap Heap Scan on sbtest3  (cost=5.41..382.00 rows=95 width=125)
	  Recheck Cond: ((k >= 4936996) AND (k <= 4937096))
	  ->  Bitmap Index Scan on k_3  (cost=0.00..5.38 rows=95 width=0)
	        Index Cond: ((k >= 4936996) AND (k <= 4937096))

table 4 : explain SELECT k, c FROM sbtest4 WHERE k BETWEEN 4936996 AND 4937096
	Bitmap Heap Scan on sbtest4  (cost=5.41..382.00 rows=95 width=125)
	  Recheck Cond: ((k >= 4936996) AND (k <= 4937096))
	  ->  Bitmap Index Scan on k_4  (cost=0.00..5.38 rows=95 width=0)
	        Index Cond: ((k >= 4936996) AND (k <= 4937096))

table 5 : explain SELECT k, c FROM sbtest5 WHERE k BETWEEN 4936996 AND 4937096
	Bitmap Heap Scan on sbtest5  (cost=5.62..464.84 rows=116 width=125)
	  Recheck Cond: ((k >= 4936996) AND (k <= 4937096))
	  ->  Bitmap Index Scan on k_5  (cost=0.00..5.59 rows=116 width=0)
	        Index Cond: ((k >= 4936996) AND (k <= 4937096))

table 6 : explain SELECT k, c FROM sbtest6 WHERE k BETWEEN 4936996 AND 4937096
	Bitmap Heap Scan on sbtest6  (cost=5.47..405.58 rows=101 width=125)
	  Recheck Cond: ((k >= 4936996) AND (k <= 4937096))
	  ->  Bitmap Index Scan on k_6  (cost=0.00..5.44 rows=101 width=0)
	        Index Cond: ((k >= 4936996) AND (k <= 4937096))

table 7 : explain SELECT k, c FROM sbtest7 WHERE k BETWEEN 4936996 AND 4937096
	Bitmap Heap Scan on sbtest7  (cost=5.49..413.54 rows=103 width=125)
	  Recheck Cond: ((k >= 4936996) AND (k <= 4937096))
	  ->  Bitmap Index Scan on k_7  (cost=0.00..5.46 rows=103 width=0)
	        Index Cond: ((k >= 4936996) AND (k <= 4937096))

table 8 : explain SELECT k, c FROM sbtest8 WHERE k BETWEEN 4936996 AND 4937096
	Bitmap Heap Scan on sbtest8  (cost=5.51..421.31 rows=105 width=125)
	  Recheck Cond: ((k >= 4936996) AND (k <= 4937096))
	  ->  Bitmap Index Scan on k_8  (cost=0.00..5.48 rows=105 width=0)
	        Index Cond: ((k >= 4936996) AND (k <= 4937096))

for range-notcovered
table 1 : explain SELECT k, c FROM sbtest1 WHERE k BETWEEN 1669264 AND 1669364
	Bitmap Heap Scan on sbtest1  (cost=5.40..377.97 rows=94 width=125)
	  Recheck Cond: ((k >= 1669264) AND (k <= 1669364))
	  ->  Bitmap Index Scan on k_1  (cost=0.00..5.38 rows=94 width=0)
	        Index Cond: ((k >= 1669264) AND (k <= 1669364))

table 2 : explain SELECT k, c FROM sbtest2 WHERE k BETWEEN 1669264 AND 1669364
	Bitmap Heap Scan on sbtest2  (cost=5.45..397.60 rows=99 width=125)
	  Recheck Cond: ((k >= 1669264) AND (k <= 1669364))
	  ->  Bitmap Index Scan on k_2  (cost=0.00..5.42 rows=99 width=0)
	        Index Cond: ((k >= 1669264) AND (k <= 1669364))

table 3 : explain SELECT k, c FROM sbtest3 WHERE k BETWEEN 1669264 AND 1669364
	Bitmap Heap Scan on sbtest3  (cost=5.41..382.00 rows=95 width=125)
	  Recheck Cond: ((k >= 1669264) AND (k <= 1669364))
	  ->  Bitmap Index Scan on k_3  (cost=0.00..5.38 rows=95 width=0)
	        Index Cond: ((k >= 1669264) AND (k <= 1669364))

table 4 : explain SELECT k, c FROM sbtest4 WHERE k BETWEEN 1669264 AND 1669364
	Bitmap Heap Scan on sbtest4  (cost=5.52..425.42 rows=106 width=125)
	  Recheck Cond: ((k >= 1669264) AND (k <= 1669364))
	  ->  Bitmap Index Scan on k_4  (cost=0.00..5.50 rows=106 width=0)
	        Index Cond: ((k >= 1669264) AND (k <= 1669364))

table 5 : explain SELECT k, c FROM sbtest5 WHERE k BETWEEN 1669264 AND 1669364
	Bitmap Heap Scan on sbtest5  (cost=5.53..429.35 rows=107 width=125)
	  Recheck Cond: ((k >= 1669264) AND (k <= 1669364))
	  ->  Bitmap Index Scan on k_5  (cost=0.00..5.50 rows=107 width=0)
	        Index Cond: ((k >= 1669264) AND (k <= 1669364))

table 6 : explain SELECT k, c FROM sbtest6 WHERE k BETWEEN 1669264 AND 1669364
	Bitmap Heap Scan on sbtest6  (cost=5.53..429.24 rows=107 width=125)
	  Recheck Cond: ((k >= 1669264) AND (k <= 1669364))
	  ->  Bitmap Index Scan on k_6  (cost=0.00..5.50 rows=107 width=0)
	        Index Cond: ((k >= 1669264) AND (k <= 1669364))

table 7 : explain SELECT k, c FROM sbtest7 WHERE k BETWEEN 1669264 AND 1669364
	Bitmap Heap Scan on sbtest7  (cost=5.35..358.27 rows=89 width=125)
	  Recheck Cond: ((k >= 1669264) AND (k <= 1669364))
	  ->  Bitmap Index Scan on k_7  (cost=0.00..5.32 rows=89 width=0)
	        Index Cond: ((k >= 1669264) AND (k <= 1669364))

table 8 : explain SELECT k, c FROM sbtest8 WHERE k BETWEEN 1669264 AND 1669364
	Bitmap Heap Scan on sbtest8  (cost=5.42..385.81 rows=96 width=125)
	  Recheck Cond: ((k >= 1669264) AND (k <= 1669364))
	  ->  Bitmap Index Scan on k_8  (cost=0.00..5.39 rows=96 width=0)
	        Index Cond: ((k >= 1669264) AND (k <= 1669364))

for range-notcovered
table 1 : explain SELECT k, c FROM sbtest1 WHERE k BETWEEN 3978191 AND 3978291
	Bitmap Heap Scan on sbtest1  (cost=5.49..413.49 rows=103 width=125)
	  Recheck Cond: ((k >= 3978191) AND (k <= 3978291))
	  ->  Bitmap Index Scan on k_1  (cost=0.00..5.46 rows=103 width=0)
	        Index Cond: ((k >= 3978191) AND (k <= 3978291))

table 2 : explain SELECT k, c FROM sbtest2 WHERE k BETWEEN 3978191 AND 3978291
	Bitmap Heap Scan on sbtest2  (cost=5.40..377.88 rows=94 width=125)
	  Recheck Cond: ((k >= 3978191) AND (k <= 3978291))
	  ->  Bitmap Index Scan on k_2  (cost=0.00..5.38 rows=94 width=0)
	        Index Cond: ((k >= 3978191) AND (k <= 3978291))

table 3 : explain SELECT k, c FROM sbtest3 WHERE k BETWEEN 3978191 AND 3978291
	Bitmap Heap Scan on sbtest3  (cost=5.44..393.84 rows=98 width=125)
	  Recheck Cond: ((k >= 3978191) AND (k <= 3978291))
	  ->  Bitmap Index Scan on k_3  (cost=0.00..5.42 rows=98 width=0)
	        Index Cond: ((k >= 3978191) AND (k <= 3978291))

table 4 : explain SELECT k, c FROM sbtest4 WHERE k BETWEEN 3978191 AND 3978291
	Bitmap Heap Scan on sbtest4  (cost=5.48..409.64 rows=102 width=125)
	  Recheck Cond: ((k >= 3978191) AND (k <= 3978291))
	  ->  Bitmap Index Scan on k_4  (cost=0.00..5.45 rows=102 width=0)
	        Index Cond: ((k >= 3978191) AND (k <= 3978291))

table 5 : explain SELECT k, c FROM sbtest5 WHERE k BETWEEN 3978191 AND 3978291
	Bitmap Heap Scan on sbtest5  (cost=5.42..385.94 rows=96 width=125)
	  Recheck Cond: ((k >= 3978191) AND (k <= 3978291))
	  ->  Bitmap Index Scan on k_5  (cost=0.00..5.39 rows=96 width=0)
	        Index Cond: ((k >= 3978191) AND (k <= 3978291))

table 6 : explain SELECT k, c FROM sbtest6 WHERE k BETWEEN 3978191 AND 3978291
	Bitmap Heap Scan on sbtest6  (cost=5.48..409.52 rows=102 width=125)
	  Recheck Cond: ((k >= 3978191) AND (k <= 3978291))
	  ->  Bitmap Index Scan on k_6  (cost=0.00..5.45 rows=102 width=0)
	        Index Cond: ((k >= 3978191) AND (k <= 3978291))

table 7 : explain SELECT k, c FROM sbtest7 WHERE k BETWEEN 3978191 AND 3978291
	Bitmap Heap Scan on sbtest7  (cost=5.55..437.21 rows=109 width=125)
	  Recheck Cond: ((k >= 3978191) AND (k <= 3978291))
	  ->  Bitmap Index Scan on k_7  (cost=0.00..5.52 rows=109 width=0)
	        Index Cond: ((k >= 3978191) AND (k <= 3978291))

table 8 : explain SELECT k, c FROM sbtest8 WHERE k BETWEEN 3978191 AND 3978291
	Bitmap Heap Scan on sbtest8  (cost=5.45..397.65 rows=99 width=125)
	  Recheck Cond: ((k >= 3978191) AND (k <= 3978291))
	  ->  Bitmap Index Scan on k_8  (cost=0.00..5.42 rows=99 width=0)
	        Index Cond: ((k >= 3978191) AND (k <= 3978291))

for range-notcovered
table 1 : explain SELECT k, c FROM sbtest1 WHERE k BETWEEN 4836682 AND 4836782
	Bitmap Heap Scan on sbtest1  (cost=5.45..397.71 rows=99 width=125)
	  Recheck Cond: ((k >= 4836682) AND (k <= 4836782))
	  ->  Bitmap Index Scan on k_1  (cost=0.00..5.42 rows=99 width=0)
	        Index Cond: ((k >= 4836682) AND (k <= 4836782))

table 2 : explain SELECT k, c FROM sbtest2 WHERE k BETWEEN 4836682 AND 4836782
	Bitmap Heap Scan on sbtest2  (cost=5.47..405.49 rows=101 width=125)
	  Recheck Cond: ((k >= 4836682) AND (k <= 4836782))
	  ->  Bitmap Index Scan on k_2  (cost=0.00..5.44 rows=101 width=0)
	        Index Cond: ((k >= 4836682) AND (k <= 4836782))

table 3 : explain SELECT k, c FROM sbtest3 WHERE k BETWEEN 4836682 AND 4836782
	Bitmap Heap Scan on sbtest3  (cost=5.44..393.84 rows=98 width=125)
	  Recheck Cond: ((k >= 4836682) AND (k <= 4836782))
	  ->  Bitmap Index Scan on k_3  (cost=0.00..5.42 rows=98 width=0)
	        Index Cond: ((k >= 4836682) AND (k <= 4836782))

table 4 : explain SELECT k, c FROM sbtest4 WHERE k BETWEEN 4836682 AND 4836782
	Bitmap Heap Scan on sbtest4  (cost=5.45..397.80 rows=99 width=125)
	  Recheck Cond: ((k >= 4836682) AND (k <= 4836782))
	  ->  Bitmap Index Scan on k_4  (cost=0.00..5.42 rows=99 width=0)
	        Index Cond: ((k >= 4836682) AND (k <= 4836782))

table 5 : explain SELECT k, c FROM sbtest5 WHERE k BETWEEN 4836682 AND 4836782
	Bitmap Heap Scan on sbtest5  (cost=5.54..433.30 rows=108 width=125)
	  Recheck Cond: ((k >= 4836682) AND (k <= 4836782))
	  ->  Bitmap Index Scan on k_5  (cost=0.00..5.51 rows=108 width=0)
	        Index Cond: ((k >= 4836682) AND (k <= 4836782))

table 6 : explain SELECT k, c FROM sbtest6 WHERE k BETWEEN 4836682 AND 4836782
	Bitmap Heap Scan on sbtest6  (cost=5.48..409.52 rows=102 width=125)
	  Recheck Cond: ((k >= 4836682) AND (k <= 4836782))
	  ->  Bitmap Index Scan on k_6  (cost=0.00..5.45 rows=102 width=0)
	        Index Cond: ((k >= 4836682) AND (k <= 4836782))

table 7 : explain SELECT k, c FROM sbtest7 WHERE k BETWEEN 4836682 AND 4836782
	Bitmap Heap Scan on sbtest7  (cost=5.57..445.09 rows=111 width=125)
	  Recheck Cond: ((k >= 4836682) AND (k <= 4836782))
	  ->  Bitmap Index Scan on k_7  (cost=0.00..5.54 rows=111 width=0)
	        Index Cond: ((k >= 4836682) AND (k <= 4836782))

table 8 : explain SELECT k, c FROM sbtest8 WHERE k BETWEEN 4836682 AND 4836782
	Bitmap Heap Scan on sbtest8  (cost=5.41..381.86 rows=95 width=125)
	  Recheck Cond: ((k >= 4836682) AND (k <= 4836782))
	  ->  Bitmap Index Scan on k_8  (cost=0.00..5.38 rows=95 width=0)
	        Index Cond: ((k >= 4836682) AND (k <= 4836782))

explain: for range-notcovered :: explain SELECT k, c FROM sbtest%d WHERE k BETWEEN 4836682 AND 4836782
for range-notcovered
table 1 : explain SELECT k, c FROM sbtest1 WHERE k BETWEEN 4890543 AND 4890643
	Bitmap Heap Scan on sbtest1  (cost=5.43..389.82 rows=97 width=125)
	  Recheck Cond: ((k >= 4890543) AND (k <= 4890643))
	  ->  Bitmap Index Scan on k_1  (cost=0.00..5.40 rows=97 width=0)
	        Index Cond: ((k >= 4890543) AND (k <= 4890643))

table 2 : explain SELECT k, c FROM sbtest2 WHERE k BETWEEN 4890543 AND 4890643
	Bitmap Heap Scan on sbtest2  (cost=5.46..401.55 rows=100 width=125)
	  Recheck Cond: ((k >= 4890543) AND (k <= 4890643))
	  ->  Bitmap Index Scan on k_2  (cost=0.00..5.43 rows=100 width=0)
	        Index Cond: ((k >= 4890543) AND (k <= 4890643))

table 3 : explain SELECT k, c FROM sbtest3 WHERE k BETWEEN 4890543 AND 4890643
	Bitmap Heap Scan on sbtest3  (cost=5.41..382.00 rows=95 width=125)
	  Recheck Cond: ((k >= 4890543) AND (k <= 4890643))
	  ->  Bitmap Index Scan on k_3  (cost=0.00..5.38 rows=95 width=0)
	        Index Cond: ((k >= 4890543) AND (k <= 4890643))

table 4 : explain SELECT k, c FROM sbtest4 WHERE k BETWEEN 4890543 AND 4890643
	Bitmap Heap Scan on sbtest4  (cost=5.45..397.80 rows=99 width=125)
	  Recheck Cond: ((k >= 4890543) AND (k <= 4890643))
	  ->  Bitmap Index Scan on k_4  (cost=0.00..5.42 rows=99 width=0)
	        Index Cond: ((k >= 4890543) AND (k <= 4890643))

table 5 : explain SELECT k, c FROM sbtest5 WHERE k BETWEEN 4890543 AND 4890643
	Bitmap Heap Scan on sbtest5  (cost=5.62..464.84 rows=116 width=125)
	  Recheck Cond: ((k >= 4890543) AND (k <= 4890643))
	  ->  Bitmap Index Scan on k_5  (cost=0.00..5.59 rows=116 width=0)
	        Index Cond: ((k >= 4890543) AND (k <= 4890643))

table 6 : explain SELECT k, c FROM sbtest6 WHERE k BETWEEN 4890543 AND 4890643
	Bitmap Heap Scan on sbtest6  (cost=5.48..409.52 rows=102 width=125)
	  Recheck Cond: ((k >= 4890543) AND (k <= 4890643))
	  ->  Bitmap Index Scan on k_6  (cost=0.00..5.45 rows=102 width=0)
	        Index Cond: ((k >= 4890543) AND (k <= 4890643))

table 7 : explain SELECT k, c FROM sbtest7 WHERE k BETWEEN 4890543 AND 4890643
	Bitmap Heap Scan on sbtest7  (cost=5.57..445.09 rows=111 width=125)
	  Recheck Cond: ((k >= 4890543) AND (k <= 4890643))
	  ->  Bitmap Index Scan on k_7  (cost=0.00..5.54 rows=111 width=0)
	        Index Cond: ((k >= 4890543) AND (k <= 4890643))

table 8 : explain SELECT k, c FROM sbtest8 WHERE k BETWEEN 4890543 AND 4890643
	Bitmap Heap Scan on sbtest8  (cost=5.41..381.86 rows=95 width=125)
	  Recheck Cond: ((k >= 4890543) AND (k <= 4890643))
	  ->  Bitmap Index Scan on k_8  (cost=0.00..5.38 rows=95 width=0)
	        Index Cond: ((k >= 4890543) AND (k <= 4890643))

explain: for range-notcovered :: explain SELECT k, c FROM sbtest%d WHERE k BETWEEN 4890543 AND 4890643
for range-notcovered
table 1 : explain SELECT k, c FROM sbtest1 WHERE k BETWEEN 4500220 AND 4500320
	Bitmap Heap Scan on sbtest1  (cost=5.49..413.49 rows=103 width=125)
	  Recheck Cond: ((k >= 4500220) AND (k <= 4500320))
	  ->  Bitmap Index Scan on k_1  (cost=0.00..5.46 rows=103 width=0)
	        Index Cond: ((k >= 4500220) AND (k <= 4500320))

table 2 : explain SELECT k, c FROM sbtest2 WHERE k BETWEEN 4500220 AND 4500320
	Bitmap Heap Scan on sbtest2  (cost=5.50..417.32 rows=104 width=125)
	  Recheck Cond: ((k >= 4500220) AND (k <= 4500320))
	  ->  Bitmap Index Scan on k_2  (cost=0.00..5.47 rows=104 width=0)
	        Index Cond: ((k >= 4500220) AND (k <= 4500320))

table 3 : explain SELECT k, c FROM sbtest3 WHERE k BETWEEN 4500220 AND 4500320
	Bitmap Heap Scan on sbtest3  (cost=5.49..413.57 rows=103 width=125)
	  Recheck Cond: ((k >= 4500220) AND (k <= 4500320))
	  ->  Bitmap Index Scan on k_3  (cost=0.00..5.46 rows=103 width=0)
	        Index Cond: ((k >= 4500220) AND (k <= 4500320))

table 4 : explain SELECT k, c FROM sbtest4 WHERE k BETWEEN 4500220 AND 4500320
	Bitmap Heap Scan on sbtest4  (cost=5.45..397.80 rows=99 width=125)
	  Recheck Cond: ((k >= 4500220) AND (k <= 4500320))
	  ->  Bitmap Index Scan on k_4  (cost=0.00..5.42 rows=99 width=0)
	        Index Cond: ((k >= 4500220) AND (k <= 4500320))

table 5 : explain SELECT k, c FROM sbtest5 WHERE k BETWEEN 4500220 AND 4500320
	Bitmap Heap Scan on sbtest5  (cost=5.55..437.24 rows=109 width=125)
	  Recheck Cond: ((k >= 4500220) AND (k <= 4500320))
	  ->  Bitmap Index Scan on k_5  (cost=0.00..5.52 rows=109 width=0)
	        Index Cond: ((k >= 4500220) AND (k <= 4500320))

table 6 : explain SELECT k, c FROM sbtest6 WHERE k BETWEEN 4500220 AND 4500320
	Bitmap Heap Scan on sbtest6  (cost=5.39..374.00 rows=93 width=125)
	  Recheck Cond: ((k >= 4500220) AND (k <= 4500320))
	  ->  Bitmap Index Scan on k_6  (cost=0.00..5.36 rows=93 width=0)
	        Index Cond: ((k >= 4500220) AND (k <= 4500320))

table 7 : explain SELECT k, c FROM sbtest7 WHERE k BETWEEN 4500220 AND 4500320
	Bitmap Heap Scan on sbtest7  (cost=5.45..397.76 rows=99 width=125)
	  Recheck Cond: ((k >= 4500220) AND (k <= 4500320))
	  ->  Bitmap Index Scan on k_7  (cost=0.00..5.42 rows=99 width=0)
	        Index Cond: ((k >= 4500220) AND (k <= 4500320))

table 8 : explain SELECT k, c FROM sbtest8 WHERE k BETWEEN 4500220 AND 4500320
	Bitmap Heap Scan on sbtest8  (cost=5.53..429.19 rows=107 width=125)
	  Recheck Cond: ((k >= 4500220) AND (k <= 4500320))
	  ->  Bitmap Index Scan on k_8  (cost=0.00..5.50 rows=107 width=0)
	        Index Cond: ((k >= 4500220) AND (k <= 4500320))

explain: for range-notcovered :: explain SELECT k, c FROM sbtest%d WHERE k BETWEEN 4500220 AND 4500320
explain: for range-notcovered :: explain SELECT k, c FROM sbtest%d WHERE k BETWEEN 4509380 AND 4509480
explain: for range-notcovered :: explain SELECT k, c FROM sbtest%d WHERE k BETWEEN 3876453 AND 3876553
for range-notcovered
table 1 : explain SELECT k, c FROM sbtest1 WHERE k BETWEEN 6497843 AND 6497943
	Bitmap Heap Scan on sbtest1  (cost=5.40..377.97 rows=94 width=125)
	  Recheck Cond: ((k >= 6497843) AND (k <= 6497943))
	  ->  Bitmap Index Scan on k_1  (cost=0.00..5.38 rows=94 width=0)
	        Index Cond: ((k >= 6497843) AND (k <= 6497943))

table 2 : explain SELECT k, c FROM sbtest2 WHERE k BETWEEN 6497843 AND 6497943
	Bitmap Heap Scan on sbtest2  (cost=5.48..409.43 rows=102 width=125)
	  Recheck Cond: ((k >= 6497843) AND (k <= 6497943))
	  ->  Bitmap Index Scan on k_2  (cost=0.00..5.45 rows=102 width=0)
	        Index Cond: ((k >= 6497843) AND (k <= 6497943))

table 3 : explain SELECT k, c FROM sbtest3 WHERE k BETWEEN 6497843 AND 6497943
	Bitmap Heap Scan on sbtest3  (cost=5.50..417.52 rows=104 width=125)
	  Recheck Cond: ((k >= 6497843) AND (k <= 6497943))
	  ->  Bitmap Index Scan on k_3  (cost=0.00..5.47 rows=104 width=0)
	        Index Cond: ((k >= 6497843) AND (k <= 6497943))

table 4 : explain SELECT k, c FROM sbtest4 WHERE k BETWEEN 6497843 AND 6497943
	Bitmap Heap Scan on sbtest4  (cost=5.55..437.25 rows=109 width=125)
	  Recheck Cond: ((k >= 6497843) AND (k <= 6497943))
	  ->  Bitmap Index Scan on k_4  (cost=0.00..5.52 rows=109 width=0)
	        Index Cond: ((k >= 6497843) AND (k <= 6497943))

table 5 : explain SELECT k, c FROM sbtest5 WHERE k BETWEEN 6497843 AND 6497943
	Bitmap Heap Scan on sbtest5  (cost=5.45..397.79 rows=99 width=125)
	  Recheck Cond: ((k >= 6497843) AND (k <= 6497943))
	  ->  Bitmap Index Scan on k_5  (cost=0.00..5.42 rows=99 width=0)
	        Index Cond: ((k >= 6497843) AND (k <= 6497943))

table 6 : explain SELECT k, c FROM sbtest6 WHERE k BETWEEN 6497843 AND 6497943
	Bitmap Heap Scan on sbtest6  (cost=5.41..381.90 rows=95 width=125)
	  Recheck Cond: ((k >= 6497843) AND (k <= 6497943))
	  ->  Bitmap Index Scan on k_6  (cost=0.00..5.38 rows=95 width=0)
	        Index Cond: ((k >= 6497843) AND (k <= 6497943))

table 7 : explain SELECT k, c FROM sbtest7 WHERE k BETWEEN 6497843 AND 6497943
	Bitmap Heap Scan on sbtest7  (cost=5.43..389.86 rows=97 width=125)
	  Recheck Cond: ((k >= 6497843) AND (k <= 6497943))
	  ->  Bitmap Index Scan on k_7  (cost=0.00..5.40 rows=97 width=0)
	        Index Cond: ((k >= 6497843) AND (k <= 6497943))

table 8 : explain SELECT k, c FROM sbtest8 WHERE k BETWEEN 6497843 AND 6497943
	Bitmap Heap Scan on sbtest8  (cost=5.40..377.92 rows=94 width=125)
	  Recheck Cond: ((k >= 6497843) AND (k <= 6497943))
	  ->  Bitmap Index Scan on k_8  (cost=0.00..5.38 rows=94 width=0)
	        Index Cond: ((k >= 6497843) AND (k <= 6497943))

explain: for range-notcovered :: explain SELECT k, c FROM sbtest%d WHERE k BETWEEN 1669264 AND 1669364
for range-notcovered
table 1 : explain SELECT k, c FROM sbtest1 WHERE k BETWEEN 9445363 AND 9445463
	Bitmap Heap Scan on sbtest1  (cost=5.52..425.32 rows=106 width=125)
	  Recheck Cond: ((k >= 9445363) AND (k <= 9445463))
	  ->  Bitmap Index Scan on k_1  (cost=0.00..5.50 rows=106 width=0)
	        Index Cond: ((k >= 9445363) AND (k <= 9445463))

table 2 : explain SELECT k, c FROM sbtest2 WHERE k BETWEEN 9445363 AND 9445463
	Bitmap Heap Scan on sbtest2  (cost=5.50..417.32 rows=104 width=125)
	  Recheck Cond: ((k >= 9445363) AND (k <= 9445463))
	  ->  Bitmap Index Scan on k_2  (cost=0.00..5.47 rows=104 width=0)
	        Index Cond: ((k >= 9445363) AND (k <= 9445463))

table 3 : explain SELECT k, c FROM sbtest3 WHERE k BETWEEN 9445363 AND 9445463
	Bitmap Heap Scan on sbtest3  (cost=5.48..409.63 rows=102 width=125)
	  Recheck Cond: ((k >= 9445363) AND (k <= 9445463))
	  ->  Bitmap Index Scan on k_3  (cost=0.00..5.45 rows=102 width=0)
	        Index Cond: ((k >= 9445363) AND (k <= 9445463))

table 4 : explain SELECT k, c FROM sbtest4 WHERE k BETWEEN 9445363 AND 9445463
	Bitmap Heap Scan on sbtest4  (cost=5.39..374.11 rows=93 width=125)
	  Recheck Cond: ((k >= 9445363) AND (k <= 9445463))
	  ->  Bitmap Index Scan on k_4  (cost=0.00..5.36 rows=93 width=0)
	        Index Cond: ((k >= 9445363) AND (k <= 9445463))

table 5 : explain SELECT k, c FROM sbtest5 WHERE k BETWEEN 9445363 AND 9445463
	Bitmap Heap Scan on sbtest5  (cost=5.51..421.46 rows=105 width=125)
	  Recheck Cond: ((k >= 9445363) AND (k <= 9445463))
	  ->  Bitmap Index Scan on k_5  (cost=0.00..5.48 rows=105 width=0)
	        Index Cond: ((k >= 9445363) AND (k <= 9445463))

table 6 : explain SELECT k, c FROM sbtest6 WHERE k BETWEEN 9445363 AND 9445463
	Bitmap Heap Scan on sbtest6  (cost=5.48..409.52 rows=102 width=125)
	  Recheck Cond: ((k >= 9445363) AND (k <= 9445463))
	  ->  Bitmap Index Scan on k_6  (cost=0.00..5.45 rows=102 width=0)
	        Index Cond: ((k >= 9445363) AND (k <= 9445463))

table 7 : explain SELECT k, c FROM sbtest7 WHERE k BETWEEN 9445363 AND 9445463
	Bitmap Heap Scan on sbtest7  (cost=5.59..452.98 rows=113 width=125)
	  Recheck Cond: ((k >= 9445363) AND (k <= 9445463))
	  ->  Bitmap Index Scan on k_7  (cost=0.00..5.56 rows=113 width=0)
	        Index Cond: ((k >= 9445363) AND (k <= 9445463))

table 8 : explain SELECT k, c FROM sbtest8 WHERE k BETWEEN 9445363 AND 9445463
	Bitmap Heap Scan on sbtest8  (cost=5.53..429.19 rows=107 width=125)
	  Recheck Cond: ((k >= 9445363) AND (k <= 9445463))
	  ->  Bitmap Index Scan on k_8  (cost=0.00..5.50 rows=107 width=0)
	        Index Cond: ((k >= 9445363) AND (k <= 9445463))

for range-notcovered
table 1 : explain SELECT k, c FROM sbtest1 WHERE k BETWEEN 4836682 AND 4836782
	Bitmap Heap Scan on sbtest1  (cost=5.45..397.71 rows=99 width=125)
	  Recheck Cond: ((k >= 4836682) AND (k <= 4836782))
	  ->  Bitmap Index Scan on k_1  (cost=0.00..5.42 rows=99 width=0)
	        Index Cond: ((k >= 4836682) AND (k <= 4836782))

table 2 : explain SELECT k, c FROM sbtest2 WHERE k BETWEEN 4836682 AND 4836782
	Bitmap Heap Scan on sbtest2  (cost=5.47..405.49 rows=101 width=125)
	  Recheck Cond: ((k >= 4836682) AND (k <= 4836782))
	  ->  Bitmap Index Scan on k_2  (cost=0.00..5.44 rows=101 width=0)
	        Index Cond: ((k >= 4836682) AND (k <= 4836782))

table 3 : explain SELECT k, c FROM sbtest3 WHERE k BETWEEN 4836682 AND 4836782
	Bitmap Heap Scan on sbtest3  (cost=5.44..393.84 rows=98 width=125)
	  Recheck Cond: ((k >= 4836682) AND (k <= 4836782))
	  ->  Bitmap Index Scan on k_3  (cost=0.00..5.42 rows=98 width=0)
	        Index Cond: ((k >= 4836682) AND (k <= 4836782))

table 4 : explain SELECT k, c FROM sbtest4 WHERE k BETWEEN 4836682 AND 4836782
	Bitmap Heap Scan on sbtest4  (cost=5.45..397.80 rows=99 width=125)
	  Recheck Cond: ((k >= 4836682) AND (k <= 4836782))
	  ->  Bitmap Index Scan on k_4  (cost=0.00..5.42 rows=99 width=0)
	        Index Cond: ((k >= 4836682) AND (k <= 4836782))

table 5 : explain SELECT k, c FROM sbtest5 WHERE k BETWEEN 4836682 AND 4836782
	Bitmap Heap Scan on sbtest5  (cost=5.54..433.30 rows=108 width=125)
	  Recheck Cond: ((k >= 4836682) AND (k <= 4836782))
	  ->  Bitmap Index Scan on k_5  (cost=0.00..5.51 rows=108 width=0)
	        Index Cond: ((k >= 4836682) AND (k <= 4836782))

table 6 : explain SELECT k, c FROM sbtest6 WHERE k BETWEEN 4836682 AND 4836782
	Bitmap Heap Scan on sbtest6  (cost=5.48..409.52 rows=102 width=125)
	  Recheck Cond: ((k >= 4836682) AND (k <= 4836782))
	  ->  Bitmap Index Scan on k_6  (cost=0.00..5.45 rows=102 width=0)
	        Index Cond: ((k >= 4836682) AND (k <= 4836782))

table 7 : explain SELECT k, c FROM sbtest7 WHERE k BETWEEN 4836682 AND 4836782
	Bitmap Heap Scan on sbtest7  (cost=5.57..445.09 rows=111 width=125)
	  Recheck Cond: ((k >= 4836682) AND (k <= 4836782))
	  ->  Bitmap Index Scan on k_7  (cost=0.00..5.54 rows=111 width=0)
	        Index Cond: ((k >= 4836682) AND (k <= 4836782))

table 8 : explain SELECT k, c FROM sbtest8 WHERE k BETWEEN 4836682 AND 4836782
	Bitmap Heap Scan on sbtest8  (cost=5.41..381.86 rows=95 width=125)
	  Recheck Cond: ((k >= 4836682) AND (k <= 4836782))
	  ->  Bitmap Index Scan on k_8  (cost=0.00..5.38 rows=95 width=0)
	        Index Cond: ((k >= 4836682) AND (k <= 4836782))

explain: for range-notcovered :: explain SELECT k, c FROM sbtest%d WHERE k BETWEEN 3978191 AND 3978291
explain: for range-notcovered :: explain SELECT k, c FROM sbtest%d WHERE k BETWEEN 2793633 AND 2793733
explain: for range-notcovered :: explain SELECT k, c FROM sbtest%d WHERE k BETWEEN 9445363 AND 9445463
explain: for range-notcovered :: explain SELECT k, c FROM sbtest%d WHERE k BETWEEN 4936996 AND 4937096
for range-notcovered
table 1 : explain SELECT k, c FROM sbtest1 WHERE k BETWEEN 3508073 AND 3508173
	Bitmap Heap Scan on sbtest1  (cost=5.42..385.87 rows=96 width=125)
	  Recheck Cond: ((k >= 3508073) AND (k <= 3508173))
	  ->  Bitmap Index Scan on k_1  (cost=0.00..5.39 rows=96 width=0)
	        Index Cond: ((k >= 3508073) AND (k <= 3508173))

table 2 : explain SELECT k, c FROM sbtest2 WHERE k BETWEEN 3508073 AND 3508173
	Bitmap Heap Scan on sbtest2  (cost=5.45..397.60 rows=99 width=125)
	  Recheck Cond: ((k >= 3508073) AND (k <= 3508173))
	  ->  Bitmap Index Scan on k_2  (cost=0.00..5.42 rows=99 width=0)
	        Index Cond: ((k >= 3508073) AND (k <= 3508173))

table 3 : explain SELECT k, c FROM sbtest3 WHERE k BETWEEN 3508073 AND 3508173
	Bitmap Heap Scan on sbtest3  (cost=5.49..413.57 rows=103 width=125)
	  Recheck Cond: ((k >= 3508073) AND (k <= 3508173))
	  ->  Bitmap Index Scan on k_3  (cost=0.00..5.46 rows=103 width=0)
	        Index Cond: ((k >= 3508073) AND (k <= 3508173))

table 4 : explain SELECT k, c FROM sbtest4 WHERE k BETWEEN 3508073 AND 3508173
	Bitmap Heap Scan on sbtest4  (cost=5.38..370.16 rows=92 width=125)
	  Recheck Cond: ((k >= 3508073) AND (k <= 3508173))
	  ->  Bitmap Index Scan on k_4  (cost=0.00..5.35 rows=92 width=0)
	        Index Cond: ((k >= 3508073) AND (k <= 3508173))

table 5 : explain SELECT k, c FROM sbtest5 WHERE k BETWEEN 3508073 AND 3508173
	Bitmap Heap Scan on sbtest5  (cost=5.45..397.79 rows=99 width=125)
	  Recheck Cond: ((k >= 3508073) AND (k <= 3508173))
	  ->  Bitmap Index Scan on k_5  (cost=0.00..5.42 rows=99 width=0)
	        Index Cond: ((k >= 3508073) AND (k <= 3508173))

table 6 : explain SELECT k, c FROM sbtest6 WHERE k BETWEEN 3508073 AND 3508173
	Bitmap Heap Scan on sbtest6  (cost=5.49..413.47 rows=103 width=125)
	  Recheck Cond: ((k >= 3508073) AND (k <= 3508173))
	  ->  Bitmap Index Scan on k_6  (cost=0.00..5.46 rows=103 width=0)
	        Index Cond: ((k >= 3508073) AND (k <= 3508173))

table 7 : explain SELECT k, c FROM sbtest7 WHERE k BETWEEN 3508073 AND 3508173
	Bitmap Heap Scan on sbtest7  (cost=5.44..393.81 rows=98 width=125)
	  Recheck Cond: ((k >= 3508073) AND (k <= 3508173))
	  ->  Bitmap Index Scan on k_7  (cost=0.00..5.42 rows=98 width=0)
	        Index Cond: ((k >= 3508073) AND (k <= 3508173))

table 8 : explain SELECT k, c FROM sbtest8 WHERE k BETWEEN 3508073 AND 3508173
	Bitmap Heap Scan on sbtest8  (cost=5.52..425.25 rows=106 width=125)
	  Recheck Cond: ((k >= 3508073) AND (k <= 3508173))
	  ->  Bitmap Index Scan on k_8  (cost=0.00..5.50 rows=106 width=0)
	        Index Cond: ((k >= 3508073) AND (k <= 3508173))

for range-notcovered
table 1 : explain SELECT k, c FROM sbtest1 WHERE k BETWEEN 4890543 AND 4890643
	Bitmap Heap Scan on sbtest1  (cost=5.43..389.82 rows=97 width=125)
	  Recheck Cond: ((k >= 4890543) AND (k <= 4890643))
	  ->  Bitmap Index Scan on k_1  (cost=0.00..5.40 rows=97 width=0)
	        Index Cond: ((k >= 4890543) AND (k <= 4890643))

table 2 : explain SELECT k, c FROM sbtest2 WHERE k BETWEEN 4890543 AND 4890643
	Bitmap Heap Scan on sbtest2  (cost=5.46..401.55 rows=100 width=125)
	  Recheck Cond: ((k >= 4890543) AND (k <= 4890643))
	  ->  Bitmap Index Scan on k_2  (cost=0.00..5.43 rows=100 width=0)
	        Index Cond: ((k >= 4890543) AND (k <= 4890643))

table 3 : explain SELECT k, c FROM sbtest3 WHERE k BETWEEN 4890543 AND 4890643
	Bitmap Heap Scan on sbtest3  (cost=5.41..382.00 rows=95 width=125)
	  Recheck Cond: ((k >= 4890543) AND (k <= 4890643))
	  ->  Bitmap Index Scan on k_3  (cost=0.00..5.38 rows=95 width=0)
	        Index Cond: ((k >= 4890543) AND (k <= 4890643))

table 4 : explain SELECT k, c FROM sbtest4 WHERE k BETWEEN 4890543 AND 4890643
	Bitmap Heap Scan on sbtest4  (cost=5.45..397.80 rows=99 width=125)
	  Recheck Cond: ((k >= 4890543) AND (k <= 4890643))
	  ->  Bitmap Index Scan on k_4  (cost=0.00..5.42 rows=99 width=0)
	        Index Cond: ((k >= 4890543) AND (k <= 4890643))

table 5 : explain SELECT k, c FROM sbtest5 WHERE k BETWEEN 4890543 AND 4890643
	Bitmap Heap Scan on sbtest5  (cost=5.62..464.84 rows=116 width=125)
	  Recheck Cond: ((k >= 4890543) AND (k <= 4890643))
	  ->  Bitmap Index Scan on k_5  (cost=0.00..5.59 rows=116 width=0)
	        Index Cond: ((k >= 4890543) AND (k <= 4890643))

table 6 : explain SELECT k, c FROM sbtest6 WHERE k BETWEEN 4890543 AND 4890643
	Bitmap Heap Scan on sbtest6  (cost=5.48..409.52 rows=102 width=125)
	  Recheck Cond: ((k >= 4890543) AND (k <= 4890643))
	  ->  Bitmap Index Scan on k_6  (cost=0.00..5.45 rows=102 width=0)
	        Index Cond: ((k >= 4890543) AND (k <= 4890643))

table 7 : explain SELECT k, c FROM sbtest7 WHERE k BETWEEN 4890543 AND 4890643
	Bitmap Heap Scan on sbtest7  (cost=5.57..445.09 rows=111 width=125)
	  Recheck Cond: ((k >= 4890543) AND (k <= 4890643))
	  ->  Bitmap Index Scan on k_7  (cost=0.00..5.54 rows=111 width=0)
	        Index Cond: ((k >= 4890543) AND (k <= 4890643))

table 8 : explain SELECT k, c FROM sbtest8 WHERE k BETWEEN 4890543 AND 4890643
	Bitmap Heap Scan on sbtest8  (cost=5.41..381.86 rows=95 width=125)
	  Recheck Cond: ((k >= 4890543) AND (k <= 4890643))
	  ->  Bitmap Index Scan on k_8  (cost=0.00..5.38 rows=95 width=0)
	        Index Cond: ((k >= 4890543) AND (k <= 4890643))

for range-notcovered
table 1 : explain SELECT k, c FROM sbtest1 WHERE k BETWEEN 4500220 AND 4500320
	Bitmap Heap Scan on sbtest1  (cost=5.49..413.49 rows=103 width=125)
	  Recheck Cond: ((k >= 4500220) AND (k <= 4500320))
	  ->  Bitmap Index Scan on k_1  (cost=0.00..5.46 rows=103 width=0)
	        Index Cond: ((k >= 4500220) AND (k <= 4500320))

table 2 : explain SELECT k, c FROM sbtest2 WHERE k BETWEEN 4500220 AND 4500320
	Bitmap Heap Scan on sbtest2  (cost=5.50..417.32 rows=104 width=125)
	  Recheck Cond: ((k >= 4500220) AND (k <= 4500320))
	  ->  Bitmap Index Scan on k_2  (cost=0.00..5.47 rows=104 width=0)
	        Index Cond: ((k >= 4500220) AND (k <= 4500320))

table 3 : explain SELECT k, c FROM sbtest3 WHERE k BETWEEN 4500220 AND 4500320
	Bitmap Heap Scan on sbtest3  (cost=5.49..413.57 rows=103 width=125)
	  Recheck Cond: ((k >= 4500220) AND (k <= 4500320))
	  ->  Bitmap Index Scan on k_3  (cost=0.00..5.46 rows=103 width=0)
	        Index Cond: ((k >= 4500220) AND (k <= 4500320))

table 4 : explain SELECT k, c FROM sbtest4 WHERE k BETWEEN 4500220 AND 4500320
	Bitmap Heap Scan on sbtest4  (cost=5.45..397.80 rows=99 width=125)
	  Recheck Cond: ((k >= 4500220) AND (k <= 4500320))
	  ->  Bitmap Index Scan on k_4  (cost=0.00..5.42 rows=99 width=0)
	        Index Cond: ((k >= 4500220) AND (k <= 4500320))

table 5 : explain SELECT k, c FROM sbtest5 WHERE k BETWEEN 4500220 AND 4500320
	Bitmap Heap Scan on sbtest5  (cost=5.55..437.24 rows=109 width=125)
	  Recheck Cond: ((k >= 4500220) AND (k <= 4500320))
	  ->  Bitmap Index Scan on k_5  (cost=0.00..5.52 rows=109 width=0)
	        Index Cond: ((k >= 4500220) AND (k <= 4500320))

table 6 : explain SELECT k, c FROM sbtest6 WHERE k BETWEEN 4500220 AND 4500320
	Bitmap Heap Scan on sbtest6  (cost=5.39..374.00 rows=93 width=125)
	  Recheck Cond: ((k >= 4500220) AND (k <= 4500320))
	  ->  Bitmap Index Scan on k_6  (cost=0.00..5.36 rows=93 width=0)
	        Index Cond: ((k >= 4500220) AND (k <= 4500320))

table 7 : explain SELECT k, c FROM sbtest7 WHERE k BETWEEN 4500220 AND 4500320
	Bitmap Heap Scan on sbtest7  (cost=5.45..397.76 rows=99 width=125)
	  Recheck Cond: ((k >= 4500220) AND (k <= 4500320))
	  ->  Bitmap Index Scan on k_7  (cost=0.00..5.42 rows=99 width=0)
	        Index Cond: ((k >= 4500220) AND (k <= 4500320))

table 8 : explain SELECT k, c FROM sbtest8 WHERE k BETWEEN 4500220 AND 4500320
	Bitmap Heap Scan on sbtest8  (cost=5.53..429.19 rows=107 width=125)
	  Recheck Cond: ((k >= 4500220) AND (k <= 4500320))
	  ->  Bitmap Index Scan on k_8  (cost=0.00..5.50 rows=107 width=0)
	        Index Cond: ((k >= 4500220) AND (k <= 4500320))

explain: for range-notcovered :: explain SELECT k, c FROM sbtest%d WHERE k BETWEEN 4890543 AND 4890643
explain: for range-notcovered :: explain SELECT k, c FROM sbtest%d WHERE k BETWEEN 4500220 AND 4500320
explain: for range-notcovered :: explain SELECT k, c FROM sbtest%d WHERE k BETWEEN 4836682 AND 4836782
for range-notcovered
table 1 : explain SELECT k, c FROM sbtest1 WHERE k BETWEEN 3978191 AND 3978291
	Bitmap Heap Scan on sbtest1  (cost=5.49..413.49 rows=103 width=125)
	  Recheck Cond: ((k >= 3978191) AND (k <= 3978291))
	  ->  Bitmap Index Scan on k_1  (cost=0.00..5.46 rows=103 width=0)
	        Index Cond: ((k >= 3978191) AND (k <= 3978291))

table 2 : explain SELECT k, c FROM sbtest2 WHERE k BETWEEN 3978191 AND 3978291
	Bitmap Heap Scan on sbtest2  (cost=5.40..377.88 rows=94 width=125)
	  Recheck Cond: ((k >= 3978191) AND (k <= 3978291))
	  ->  Bitmap Index Scan on k_2  (cost=0.00..5.38 rows=94 width=0)
	        Index Cond: ((k >= 3978191) AND (k <= 3978291))

table 3 : explain SELECT k, c FROM sbtest3 WHERE k BETWEEN 3978191 AND 3978291
	Bitmap Heap Scan on sbtest3  (cost=5.44..393.84 rows=98 width=125)
	  Recheck Cond: ((k >= 3978191) AND (k <= 3978291))
	  ->  Bitmap Index Scan on k_3  (cost=0.00..5.42 rows=98 width=0)
	        Index Cond: ((k >= 3978191) AND (k <= 3978291))

table 4 : explain SELECT k, c FROM sbtest4 WHERE k BETWEEN 3978191 AND 3978291
	Bitmap Heap Scan on sbtest4  (cost=5.48..409.64 rows=102 width=125)
	  Recheck Cond: ((k >= 3978191) AND (k <= 3978291))
	  ->  Bitmap Index Scan on k_4  (cost=0.00..5.45 rows=102 width=0)
	        Index Cond: ((k >= 3978191) AND (k <= 3978291))

table 5 : explain SELECT k, c FROM sbtest5 WHERE k BETWEEN 3978191 AND 3978291
	Bitmap Heap Scan on sbtest5  (cost=5.42..385.94 rows=96 width=125)
	  Recheck Cond: ((k >= 3978191) AND (k <= 3978291))
	  ->  Bitmap Index Scan on k_5  (cost=0.00..5.39 rows=96 width=0)
	        Index Cond: ((k >= 3978191) AND (k <= 3978291))

table 6 : explain SELECT k, c FROM sbtest6 WHERE k BETWEEN 3978191 AND 3978291
	Bitmap Heap Scan on sbtest6  (cost=5.48..409.52 rows=102 width=125)
	  Recheck Cond: ((k >= 3978191) AND (k <= 3978291))
	  ->  Bitmap Index Scan on k_6  (cost=0.00..5.45 rows=102 width=0)
	        Index Cond: ((k >= 3978191) AND (k <= 3978291))

table 7 : explain SELECT k, c FROM sbtest7 WHERE k BETWEEN 3978191 AND 3978291
	Bitmap Heap Scan on sbtest7  (cost=5.55..437.21 rows=109 width=125)
	  Recheck Cond: ((k >= 3978191) AND (k <= 3978291))
	  ->  Bitmap Index Scan on k_7  (cost=0.00..5.52 rows=109 width=0)
	        Index Cond: ((k >= 3978191) AND (k <= 3978291))

table 8 : explain SELECT k, c FROM sbtest8 WHERE k BETWEEN 3978191 AND 3978291
	Bitmap Heap Scan on sbtest8  (cost=5.45..397.65 rows=99 width=125)
	  Recheck Cond: ((k >= 3978191) AND (k <= 3978291))
	  ->  Bitmap Index Scan on k_8  (cost=0.00..5.42 rows=99 width=0)
	        Index Cond: ((k >= 3978191) AND (k <= 3978291))

for range-notcovered
table 1 : explain SELECT k, c FROM sbtest1 WHERE k BETWEEN 1669264 AND 1669364
	Bitmap Heap Scan on sbtest1  (cost=5.40..377.97 rows=94 width=125)
	  Recheck Cond: ((k >= 1669264) AND (k <= 1669364))
	  ->  Bitmap Index Scan on k_1  (cost=0.00..5.38 rows=94 width=0)
	        Index Cond: ((k >= 1669264) AND (k <= 1669364))

table 2 : explain SELECT k, c FROM sbtest2 WHERE k BETWEEN 1669264 AND 1669364
	Bitmap Heap Scan on sbtest2  (cost=5.45..397.60 rows=99 width=125)
	  Recheck Cond: ((k >= 1669264) AND (k <= 1669364))
	  ->  Bitmap Index Scan on k_2  (cost=0.00..5.42 rows=99 width=0)
	        Index Cond: ((k >= 1669264) AND (k <= 1669364))

table 3 : explain SELECT k, c FROM sbtest3 WHERE k BETWEEN 1669264 AND 1669364
	Bitmap Heap Scan on sbtest3  (cost=5.41..382.00 rows=95 width=125)
	  Recheck Cond: ((k >= 1669264) AND (k <= 1669364))
	  ->  Bitmap Index Scan on k_3  (cost=0.00..5.38 rows=95 width=0)
	        Index Cond: ((k >= 1669264) AND (k <= 1669364))

table 4 : explain SELECT k, c FROM sbtest4 WHERE k BETWEEN 1669264 AND 1669364
	Bitmap Heap Scan on sbtest4  (cost=5.52..425.42 rows=106 width=125)
	  Recheck Cond: ((k >= 1669264) AND (k <= 1669364))
	  ->  Bitmap Index Scan on k_4  (cost=0.00..5.50 rows=106 width=0)
	        Index Cond: ((k >= 1669264) AND (k <= 1669364))

table 5 : explain SELECT k, c FROM sbtest5 WHERE k BETWEEN 1669264 AND 1669364
	Bitmap Heap Scan on sbtest5  (cost=5.53..429.35 rows=107 width=125)
	  Recheck Cond: ((k >= 1669264) AND (k <= 1669364))
	  ->  Bitmap Index Scan on k_5  (cost=0.00..5.50 rows=107 width=0)
	        Index Cond: ((k >= 1669264) AND (k <= 1669364))

table 6 : explain SELECT k, c FROM sbtest6 WHERE k BETWEEN 1669264 AND 1669364
	Bitmap Heap Scan on sbtest6  (cost=5.53..429.24 rows=107 width=125)
	  Recheck Cond: ((k >= 1669264) AND (k <= 1669364))
	  ->  Bitmap Index Scan on k_6  (cost=0.00..5.50 rows=107 width=0)
	        Index Cond: ((k >= 1669264) AND (k <= 1669364))

table 7 : explain SELECT k, c FROM sbtest7 WHERE k BETWEEN 1669264 AND 1669364
	Bitmap Heap Scan on sbtest7  (cost=5.35..358.27 rows=89 width=125)
	  Recheck Cond: ((k >= 1669264) AND (k <= 1669364))
	  ->  Bitmap Index Scan on k_7  (cost=0.00..5.32 rows=89 width=0)
	        Index Cond: ((k >= 1669264) AND (k <= 1669364))

table 8 : explain SELECT k, c FROM sbtest8 WHERE k BETWEEN 1669264 AND 1669364
	Bitmap Heap Scan on sbtest8  (cost=5.42..385.81 rows=96 width=125)
	  Recheck Cond: ((k >= 1669264) AND (k <= 1669364))
	  ->  Bitmap Index Scan on k_8  (cost=0.00..5.39 rows=96 width=0)
	        Index Cond: ((k >= 1669264) AND (k <= 1669364))

explain: for range-notcovered :: explain SELECT k, c FROM sbtest%d WHERE k BETWEEN 3978191 AND 3978291
explain: for range-notcovered :: explain SELECT k, c FROM sbtest%d WHERE k BETWEEN 1669264 AND 1669364
explain: for range-notcovered :: explain SELECT k, c FROM sbtest%d WHERE k BETWEEN 3648762 AND 3648862
for range-notcovered
table 1 : explain SELECT k, c FROM sbtest1 WHERE k BETWEEN 4500220 AND 4500320
	Bitmap Heap Scan on sbtest1  (cost=5.49..413.49 rows=103 width=125)
	  Recheck Cond: ((k >= 4500220) AND (k <= 4500320))
	  ->  Bitmap Index Scan on k_1  (cost=0.00..5.46 rows=103 width=0)
	        Index Cond: ((k >= 4500220) AND (k <= 4500320))

table 2 : explain SELECT k, c FROM sbtest2 WHERE k BETWEEN 4500220 AND 4500320
	Bitmap Heap Scan on sbtest2  (cost=5.50..417.32 rows=104 width=125)
	  Recheck Cond: ((k >= 4500220) AND (k <= 4500320))
	  ->  Bitmap Index Scan on k_2  (cost=0.00..5.47 rows=104 width=0)
	        Index Cond: ((k >= 4500220) AND (k <= 4500320))

table 3 : explain SELECT k, c FROM sbtest3 WHERE k BETWEEN 4500220 AND 4500320
	Bitmap Heap Scan on sbtest3  (cost=5.49..413.57 rows=103 width=125)
	  Recheck Cond: ((k >= 4500220) AND (k <= 4500320))
	  ->  Bitmap Index Scan on k_3  (cost=0.00..5.46 rows=103 width=0)
	        Index Cond: ((k >= 4500220) AND (k <= 4500320))

table 4 : explain SELECT k, c FROM sbtest4 WHERE k BETWEEN 4500220 AND 4500320
	Bitmap Heap Scan on sbtest4  (cost=5.45..397.80 rows=99 width=125)
	  Recheck Cond: ((k >= 4500220) AND (k <= 4500320))
	  ->  Bitmap Index Scan on k_4  (cost=0.00..5.42 rows=99 width=0)
	        Index Cond: ((k >= 4500220) AND (k <= 4500320))

table 5 : explain SELECT k, c FROM sbtest5 WHERE k BETWEEN 4500220 AND 4500320
	Bitmap Heap Scan on sbtest5  (cost=5.55..437.24 rows=109 width=125)
	  Recheck Cond: ((k >= 4500220) AND (k <= 4500320))
	  ->  Bitmap Index Scan on k_5  (cost=0.00..5.52 rows=109 width=0)
	        Index Cond: ((k >= 4500220) AND (k <= 4500320))

table 6 : explain SELECT k, c FROM sbtest6 WHERE k BETWEEN 4500220 AND 4500320
	Bitmap Heap Scan on sbtest6  (cost=5.39..374.00 rows=93 width=125)
	  Recheck Cond: ((k >= 4500220) AND (k <= 4500320))
	  ->  Bitmap Index Scan on k_6  (cost=0.00..5.36 rows=93 width=0)
	        Index Cond: ((k >= 4500220) AND (k <= 4500320))

table 7 : explain SELECT k, c FROM sbtest7 WHERE k BETWEEN 4500220 AND 4500320
	Bitmap Heap Scan on sbtest7  (cost=5.45..397.76 rows=99 width=125)
	  Recheck Cond: ((k >= 4500220) AND (k <= 4500320))
	  ->  Bitmap Index Scan on k_7  (cost=0.00..5.42 rows=99 width=0)
	        Index Cond: ((k >= 4500220) AND (k <= 4500320))

table 8 : explain SELECT k, c FROM sbtest8 WHERE k BETWEEN 4500220 AND 4500320
	Bitmap Heap Scan on sbtest8  (cost=5.53..429.19 rows=107 width=125)
	  Recheck Cond: ((k >= 4500220) AND (k <= 4500320))
	  ->  Bitmap Index Scan on k_8  (cost=0.00..5.50 rows=107 width=0)
	        Index Cond: ((k >= 4500220) AND (k <= 4500320))

for range-notcovered
table 1 : explain SELECT k, c FROM sbtest1 WHERE k BETWEEN 5574357 AND 5574457
	Bitmap Heap Scan on sbtest1  (cost=5.49..413.49 rows=103 width=125)
	  Recheck Cond: ((k >= 5574357) AND (k <= 5574457))
	  ->  Bitmap Index Scan on k_1  (cost=0.00..5.46 rows=103 width=0)
	        Index Cond: ((k >= 5574357) AND (k <= 5574457))

table 2 : explain SELECT k, c FROM sbtest2 WHERE k BETWEEN 5574357 AND 5574457
	Bitmap Heap Scan on sbtest2  (cost=5.47..405.49 rows=101 width=125)
	  Recheck Cond: ((k >= 5574357) AND (k <= 5574457))
	  ->  Bitmap Index Scan on k_2  (cost=0.00..5.44 rows=101 width=0)
	        Index Cond: ((k >= 5574357) AND (k <= 5574457))

table 3 : explain SELECT k, c FROM sbtest3 WHERE k BETWEEN 5574357 AND 5574457
	Bitmap Heap Scan on sbtest3  (cost=5.61..460.90 rows=115 width=125)
	  Recheck Cond: ((k >= 5574357) AND (k <= 5574457))
	  ->  Bitmap Index Scan on k_3  (cost=0.00..5.58 rows=115 width=0)
	        Index Cond: ((k >= 5574357) AND (k <= 5574457))

table 4 : explain SELECT k, c FROM sbtest4 WHERE k BETWEEN 5574357 AND 5574457
	Bitmap Heap Scan on sbtest4  (cost=5.57..445.14 rows=111 width=125)
	  Recheck Cond: ((k >= 5574357) AND (k <= 5574457))
	  ->  Bitmap Index Scan on k_4  (cost=0.00..5.54 rows=111 width=0)
	        Index Cond: ((k >= 5574357) AND (k <= 5574457))

table 5 : explain SELECT k, c FROM sbtest5 WHERE k BETWEEN 5574357 AND 5574457
	Bitmap Heap Scan on sbtest5  (cost=5.52..425.41 rows=106 width=125)
	  Recheck Cond: ((k >= 5574357) AND (k <= 5574457))
	  ->  Bitmap Index Scan on k_5  (cost=0.00..5.50 rows=106 width=0)
	        Index Cond: ((k >= 5574357) AND (k <= 5574457))

table 6 : explain SELECT k, c FROM sbtest6 WHERE k BETWEEN 5574357 AND 5574457
	Bitmap Heap Scan on sbtest6  (cost=5.50..417.41 rows=104 width=125)
	  Recheck Cond: ((k >= 5574357) AND (k <= 5574457))
	  ->  Bitmap Index Scan on k_6  (cost=0.00..5.47 rows=104 width=0)
	        Index Cond: ((k >= 5574357) AND (k <= 5574457))

table 7 : explain SELECT k, c FROM sbtest7 WHERE k BETWEEN 5574357 AND 5574457
	Bitmap Heap Scan on sbtest7  (cost=5.45..397.76 rows=99 width=125)
	  Recheck Cond: ((k >= 5574357) AND (k <= 5574457))
	  ->  Bitmap Index Scan on k_7  (cost=0.00..5.42 rows=99 width=0)
	        Index Cond: ((k >= 5574357) AND (k <= 5574457))

table 8 : explain SELECT k, c FROM sbtest8 WHERE k BETWEEN 5574357 AND 5574457
	Bitmap Heap Scan on sbtest8  (cost=5.45..397.65 rows=99 width=125)
	  Recheck Cond: ((k >= 5574357) AND (k <= 5574457))
	  ->  Bitmap Index Scan on k_8  (cost=0.00..5.42 rows=99 width=0)
	        Index Cond: ((k >= 5574357) AND (k <= 5574457))

explain: for range-notcovered :: explain SELECT k, c FROM sbtest%d WHERE k BETWEEN 4500220 AND 4500320
for range-notcovered
table 1 : explain SELECT k, c FROM sbtest1 WHERE k BETWEEN 5871232 AND 5871332
	Bitmap Heap Scan on sbtest1  (cost=5.44..393.76 rows=98 width=125)
	  Recheck Cond: ((k >= 5871232) AND (k <= 5871332))
	  ->  Bitmap Index Scan on k_1  (cost=0.00..5.42 rows=98 width=0)
	        Index Cond: ((k >= 5871232) AND (k <= 5871332))

table 2 : explain SELECT k, c FROM sbtest2 WHERE k BETWEEN 5871232 AND 5871332
	Bitmap Heap Scan on sbtest2  (cost=5.55..437.03 rows=109 width=125)
	  Recheck Cond: ((k >= 5871232) AND (k <= 5871332))
	  ->  Bitmap Index Scan on k_2  (cost=0.00..5.52 rows=109 width=0)
	        Index Cond: ((k >= 5871232) AND (k <= 5871332))

table 3 : explain SELECT k, c FROM sbtest3 WHERE k BETWEEN 5871232 AND 5871332
	Bitmap Heap Scan on sbtest3  (cost=5.44..393.84 rows=98 width=125)
	  Recheck Cond: ((k >= 5871232) AND (k <= 5871332))
	  ->  Bitmap Index Scan on k_3  (cost=0.00..5.42 rows=98 width=0)
	        Index Cond: ((k >= 5871232) AND (k <= 5871332))

table 4 : explain SELECT k, c FROM sbtest4 WHERE k BETWEEN 5871232 AND 5871332
	Bitmap Heap Scan on sbtest4  (cost=5.47..405.69 rows=101 width=125)
	  Recheck Cond: ((k >= 5871232) AND (k <= 5871332))
	  ->  Bitmap Index Scan on k_4  (cost=0.00..5.44 rows=101 width=0)
	        Index Cond: ((k >= 5871232) AND (k <= 5871332))

table 5 : explain SELECT k, c FROM sbtest5 WHERE k BETWEEN 5871232 AND 5871332
	Bitmap Heap Scan on sbtest5  (cost=5.41..382.00 rows=95 width=125)
	  Recheck Cond: ((k >= 5871232) AND (k <= 5871332))
	  ->  Bitmap Index Scan on k_5  (cost=0.00..5.38 rows=95 width=0)
	        Index Cond: ((k >= 5871232) AND (k <= 5871332))

table 6 : explain SELECT k, c FROM sbtest6 WHERE k BETWEEN 5871232 AND 5871332
	Bitmap Heap Scan on sbtest6  (cost=5.45..397.69 rows=99 width=125)
	  Recheck Cond: ((k >= 5871232) AND (k <= 5871332))
	  ->  Bitmap Index Scan on k_6  (cost=0.00..5.42 rows=99 width=0)
	        Index Cond: ((k >= 5871232) AND (k <= 5871332))

table 7 : explain SELECT k, c FROM sbtest7 WHERE k BETWEEN 5871232 AND 5871332
	Bitmap Heap Scan on sbtest7  (cost=5.45..397.76 rows=99 width=125)
	  Recheck Cond: ((k >= 5871232) AND (k <= 5871332))
	  ->  Bitmap Index Scan on k_7  (cost=0.00..5.42 rows=99 width=0)
	        Index Cond: ((k >= 5871232) AND (k <= 5871332))

table 8 : explain SELECT k, c FROM sbtest8 WHERE k BETWEEN 5871232 AND 5871332
	Bitmap Heap Scan on sbtest8  (cost=5.54..433.14 rows=108 width=125)
	  Recheck Cond: ((k >= 5871232) AND (k <= 5871332))
	  ->  Bitmap Index Scan on k_8  (cost=0.00..5.51 rows=108 width=0)
	        Index Cond: ((k >= 5871232) AND (k <= 5871332))

for range-notcovered
table 1 : explain SELECT k, c FROM sbtest1 WHERE k BETWEEN 4890543 AND 4890643
	Bitmap Heap Scan on sbtest1  (cost=5.43..389.82 rows=97 width=125)
	  Recheck Cond: ((k >= 4890543) AND (k <= 4890643))
	  ->  Bitmap Index Scan on k_1  (cost=0.00..5.40 rows=97 width=0)
	        Index Cond: ((k >= 4890543) AND (k <= 4890643))

table 2 : explain SELECT k, c FROM sbtest2 WHERE k BETWEEN 4890543 AND 4890643
	Bitmap Heap Scan on sbtest2  (cost=5.46..401.55 rows=100 width=125)
	  Recheck Cond: ((k >= 4890543) AND (k <= 4890643))
	  ->  Bitmap Index Scan on k_2  (cost=0.00..5.43 rows=100 width=0)
	        Index Cond: ((k >= 4890543) AND (k <= 4890643))

table 3 : explain SELECT k, c FROM sbtest3 WHERE k BETWEEN 4890543 AND 4890643
	Bitmap Heap Scan on sbtest3  (cost=5.41..382.00 rows=95 width=125)
	  Recheck Cond: ((k >= 4890543) AND (k <= 4890643))
	  ->  Bitmap Index Scan on k_3  (cost=0.00..5.38 rows=95 width=0)
	        Index Cond: ((k >= 4890543) AND (k <= 4890643))

table 4 : explain SELECT k, c FROM sbtest4 WHERE k BETWEEN 4890543 AND 4890643
	Bitmap Heap Scan on sbtest4  (cost=5.45..397.80 rows=99 width=125)
	  Recheck Cond: ((k >= 4890543) AND (k <= 4890643))
	  ->  Bitmap Index Scan on k_4  (cost=0.00..5.42 rows=99 width=0)
	        Index Cond: ((k >= 4890543) AND (k <= 4890643))

table 5 : explain SELECT k, c FROM sbtest5 WHERE k BETWEEN 4890543 AND 4890643
	Bitmap Heap Scan on sbtest5  (cost=5.62..464.84 rows=116 width=125)
	  Recheck Cond: ((k >= 4890543) AND (k <= 4890643))
	  ->  Bitmap Index Scan on k_5  (cost=0.00..5.59 rows=116 width=0)
	        Index Cond: ((k >= 4890543) AND (k <= 4890643))

table 6 : explain SELECT k, c FROM sbtest6 WHERE k BETWEEN 4890543 AND 4890643
	Bitmap Heap Scan on sbtest6  (cost=5.48..409.52 rows=102 width=125)
	  Recheck Cond: ((k >= 4890543) AND (k <= 4890643))
	  ->  Bitmap Index Scan on k_6  (cost=0.00..5.45 rows=102 width=0)
	        Index Cond: ((k >= 4890543) AND (k <= 4890643))

table 7 : explain SELECT k, c FROM sbtest7 WHERE k BETWEEN 4890543 AND 4890643
	Bitmap Heap Scan on sbtest7  (cost=5.57..445.09 rows=111 width=125)
	  Recheck Cond: ((k >= 4890543) AND (k <= 4890643))
	  ->  Bitmap Index Scan on k_7  (cost=0.00..5.54 rows=111 width=0)
	        Index Cond: ((k >= 4890543) AND (k <= 4890643))

table 8 : explain SELECT k, c FROM sbtest8 WHERE k BETWEEN 4890543 AND 4890643
	Bitmap Heap Scan on sbtest8  (cost=5.41..381.86 rows=95 width=125)
	  Recheck Cond: ((k >= 4890543) AND (k <= 4890643))
	  ->  Bitmap Index Scan on k_8  (cost=0.00..5.38 rows=95 width=0)
	        Index Cond: ((k >= 4890543) AND (k <= 4890643))

explain: for range-notcovered :: explain SELECT k, c FROM sbtest%d WHERE k BETWEEN 5574357 AND 5574457
explain: for range-notcovered :: explain SELECT k, c FROM sbtest%d WHERE k BETWEEN 5871232 AND 5871332
explain: for range-notcovered :: explain SELECT k, c FROM sbtest%d WHERE k BETWEEN 4890543 AND 4890643
explain: for range-notcovered :: explain SELECT k, c FROM sbtest%d WHERE k BETWEEN 4713654 AND 4713754
explain: for range-notcovered :: explain SELECT k, c FROM sbtest%d WHERE k BETWEEN 6853352 AND 6853452
for range-notcovered
table 1 : explain SELECT k, c FROM sbtest1 WHERE k BETWEEN 5574357 AND 5574457
	Bitmap Heap Scan on sbtest1  (cost=5.49..413.49 rows=103 width=125)
	  Recheck Cond: ((k >= 5574357) AND (k <= 5574457))
	  ->  Bitmap Index Scan on k_1  (cost=0.00..5.46 rows=103 width=0)
	        Index Cond: ((k >= 5574357) AND (k <= 5574457))

table 2 : explain SELECT k, c FROM sbtest2 WHERE k BETWEEN 5574357 AND 5574457
	Bitmap Heap Scan on sbtest2  (cost=5.47..405.49 rows=101 width=125)
	  Recheck Cond: ((k >= 5574357) AND (k <= 5574457))
	  ->  Bitmap Index Scan on k_2  (cost=0.00..5.44 rows=101 width=0)
	        Index Cond: ((k >= 5574357) AND (k <= 5574457))

table 3 : explain SELECT k, c FROM sbtest3 WHERE k BETWEEN 5574357 AND 5574457
	Bitmap Heap Scan on sbtest3  (cost=5.61..460.90 rows=115 width=125)
	  Recheck Cond: ((k >= 5574357) AND (k <= 5574457))
	  ->  Bitmap Index Scan on k_3  (cost=0.00..5.58 rows=115 width=0)
	        Index Cond: ((k >= 5574357) AND (k <= 5574457))

table 4 : explain SELECT k, c FROM sbtest4 WHERE k BETWEEN 5574357 AND 5574457
	Bitmap Heap Scan on sbtest4  (cost=5.57..445.14 rows=111 width=125)
	  Recheck Cond: ((k >= 5574357) AND (k <= 5574457))
	  ->  Bitmap Index Scan on k_4  (cost=0.00..5.54 rows=111 width=0)
	        Index Cond: ((k >= 5574357) AND (k <= 5574457))

table 5 : explain SELECT k, c FROM sbtest5 WHERE k BETWEEN 5574357 AND 5574457
	Bitmap Heap Scan on sbtest5  (cost=5.52..425.41 rows=106 width=125)
	  Recheck Cond: ((k >= 5574357) AND (k <= 5574457))
	  ->  Bitmap Index Scan on k_5  (cost=0.00..5.50 rows=106 width=0)
	        Index Cond: ((k >= 5574357) AND (k <= 5574457))

table 6 : explain SELECT k, c FROM sbtest6 WHERE k BETWEEN 5574357 AND 5574457
	Bitmap Heap Scan on sbtest6  (cost=5.50..417.41 rows=104 width=125)
	  Recheck Cond: ((k >= 5574357) AND (k <= 5574457))
	  ->  Bitmap Index Scan on k_6  (cost=0.00..5.47 rows=104 width=0)
	        Index Cond: ((k >= 5574357) AND (k <= 5574457))

table 7 : explain SELECT k, c FROM sbtest7 WHERE k BETWEEN 5574357 AND 5574457
	Bitmap Heap Scan on sbtest7  (cost=5.45..397.76 rows=99 width=125)
	  Recheck Cond: ((k >= 5574357) AND (k <= 5574457))
	  ->  Bitmap Index Scan on k_7  (cost=0.00..5.42 rows=99 width=0)
	        Index Cond: ((k >= 5574357) AND (k <= 5574457))

table 8 : explain SELECT k, c FROM sbtest8 WHERE k BETWEEN 5574357 AND 5574457
	Bitmap Heap Scan on sbtest8  (cost=5.45..397.65 rows=99 width=125)
	  Recheck Cond: ((k >= 5574357) AND (k <= 5574457))
	  ->  Bitmap Index Scan on k_8  (cost=0.00..5.42 rows=99 width=0)
	        Index Cond: ((k >= 5574357) AND (k <= 5574457))

for range-notcovered
table 1 : explain SELECT k, c FROM sbtest1 WHERE k BETWEEN 5871232 AND 5871332
	Bitmap Heap Scan on sbtest1  (cost=5.44..393.76 rows=98 width=125)
	  Recheck Cond: ((k >= 5871232) AND (k <= 5871332))
	  ->  Bitmap Index Scan on k_1  (cost=0.00..5.42 rows=98 width=0)
	        Index Cond: ((k >= 5871232) AND (k <= 5871332))

table 2 : explain SELECT k, c FROM sbtest2 WHERE k BETWEEN 5871232 AND 5871332
	Bitmap Heap Scan on sbtest2  (cost=5.55..437.03 rows=109 width=125)
	  Recheck Cond: ((k >= 5871232) AND (k <= 5871332))
	  ->  Bitmap Index Scan on k_2  (cost=0.00..5.52 rows=109 width=0)
	        Index Cond: ((k >= 5871232) AND (k <= 5871332))

table 3 : explain SELECT k, c FROM sbtest3 WHERE k BETWEEN 5871232 AND 5871332
	Bitmap Heap Scan on sbtest3  (cost=5.44..393.84 rows=98 width=125)
	  Recheck Cond: ((k >= 5871232) AND (k <= 5871332))
	  ->  Bitmap Index Scan on k_3  (cost=0.00..5.42 rows=98 width=0)
	        Index Cond: ((k >= 5871232) AND (k <= 5871332))

table 4 : explain SELECT k, c FROM sbtest4 WHERE k BETWEEN 5871232 AND 5871332
	Bitmap Heap Scan on sbtest4  (cost=5.47..405.69 rows=101 width=125)
	  Recheck Cond: ((k >= 5871232) AND (k <= 5871332))
	  ->  Bitmap Index Scan on k_4  (cost=0.00..5.44 rows=101 width=0)
	        Index Cond: ((k >= 5871232) AND (k <= 5871332))

table 5 : explain SELECT k, c FROM sbtest5 WHERE k BETWEEN 5871232 AND 5871332
	Bitmap Heap Scan on sbtest5  (cost=5.41..382.00 rows=95 width=125)
	  Recheck Cond: ((k >= 5871232) AND (k <= 5871332))
	  ->  Bitmap Index Scan on k_5  (cost=0.00..5.38 rows=95 width=0)
	        Index Cond: ((k >= 5871232) AND (k <= 5871332))

table 6 : explain SELECT k, c FROM sbtest6 WHERE k BETWEEN 5871232 AND 5871332
	Bitmap Heap Scan on sbtest6  (cost=5.45..397.69 rows=99 width=125)
	  Recheck Cond: ((k >= 5871232) AND (k <= 5871332))
	  ->  Bitmap Index Scan on k_6  (cost=0.00..5.42 rows=99 width=0)
	        Index Cond: ((k >= 5871232) AND (k <= 5871332))

table 7 : explain SELECT k, c FROM sbtest7 WHERE k BETWEEN 5871232 AND 5871332
	Bitmap Heap Scan on sbtest7  (cost=5.45..397.76 rows=99 width=125)
	  Recheck Cond: ((k >= 5871232) AND (k <= 5871332))
	  ->  Bitmap Index Scan on k_7  (cost=0.00..5.42 rows=99 width=0)
	        Index Cond: ((k >= 5871232) AND (k <= 5871332))

table 8 : explain SELECT k, c FROM sbtest8 WHERE k BETWEEN 5871232 AND 5871332
	Bitmap Heap Scan on sbtest8  (cost=5.54..433.14 rows=108 width=125)
	  Recheck Cond: ((k >= 5871232) AND (k <= 5871332))
	  ->  Bitmap Index Scan on k_8  (cost=0.00..5.51 rows=108 width=0)
	        Index Cond: ((k >= 5871232) AND (k <= 5871332))

explain: for range-notcovered :: explain SELECT k, c FROM sbtest%d WHERE k BETWEEN 5574357 AND 5574457
explain: for range-notcovered :: explain SELECT k, c FROM sbtest%d WHERE k BETWEEN 5871232 AND 5871332
explain: for range-notcovered :: explain SELECT k, c FROM sbtest%d WHERE k BETWEEN 6744288 AND 6744388
explain: for range-notcovered :: explain SELECT k, c FROM sbtest%d WHERE k BETWEEN 3825386 AND 3825486
for range-notcovered
table 1 : explain SELECT k, c FROM sbtest1 WHERE k BETWEEN 5574357 AND 5574457
	Bitmap Heap Scan on sbtest1  (cost=5.49..413.49 rows=103 width=125)
	  Recheck Cond: ((k >= 5574357) AND (k <= 5574457))
	  ->  Bitmap Index Scan on k_1  (cost=0.00..5.46 rows=103 width=0)
	        Index Cond: ((k >= 5574357) AND (k <= 5574457))

table 2 : explain SELECT k, c FROM sbtest2 WHERE k BETWEEN 5574357 AND 5574457
	Bitmap Heap Scan on sbtest2  (cost=5.47..405.49 rows=101 width=125)
	  Recheck Cond: ((k >= 5574357) AND (k <= 5574457))
	  ->  Bitmap Index Scan on k_2  (cost=0.00..5.44 rows=101 width=0)
	        Index Cond: ((k >= 5574357) AND (k <= 5574457))

table 3 : explain SELECT k, c FROM sbtest3 WHERE k BETWEEN 5574357 AND 5574457
	Bitmap Heap Scan on sbtest3  (cost=5.61..460.90 rows=115 width=125)
	  Recheck Cond: ((k >= 5574357) AND (k <= 5574457))
	  ->  Bitmap Index Scan on k_3  (cost=0.00..5.58 rows=115 width=0)
	        Index Cond: ((k >= 5574357) AND (k <= 5574457))

table 4 : explain SELECT k, c FROM sbtest4 WHERE k BETWEEN 5574357 AND 5574457
	Bitmap Heap Scan on sbtest4  (cost=5.57..445.14 rows=111 width=125)
	  Recheck Cond: ((k >= 5574357) AND (k <= 5574457))
	  ->  Bitmap Index Scan on k_4  (cost=0.00..5.54 rows=111 width=0)
	        Index Cond: ((k >= 5574357) AND (k <= 5574457))

table 5 : explain SELECT k, c FROM sbtest5 WHERE k BETWEEN 5574357 AND 5574457
	Bitmap Heap Scan on sbtest5  (cost=5.52..425.41 rows=106 width=125)
	  Recheck Cond: ((k >= 5574357) AND (k <= 5574457))
	  ->  Bitmap Index Scan on k_5  (cost=0.00..5.50 rows=106 width=0)
	        Index Cond: ((k >= 5574357) AND (k <= 5574457))

table 6 : explain SELECT k, c FROM sbtest6 WHERE k BETWEEN 5574357 AND 5574457
	Bitmap Heap Scan on sbtest6  (cost=5.50..417.41 rows=104 width=125)
	  Recheck Cond: ((k >= 5574357) AND (k <= 5574457))
	  ->  Bitmap Index Scan on k_6  (cost=0.00..5.47 rows=104 width=0)
	        Index Cond: ((k >= 5574357) AND (k <= 5574457))

table 7 : explain SELECT k, c FROM sbtest7 WHERE k BETWEEN 5574357 AND 5574457
	Bitmap Heap Scan on sbtest7  (cost=5.45..397.76 rows=99 width=125)
	  Recheck Cond: ((k >= 5574357) AND (k <= 5574457))
	  ->  Bitmap Index Scan on k_7  (cost=0.00..5.42 rows=99 width=0)
	        Index Cond: ((k >= 5574357) AND (k <= 5574457))

table 8 : explain SELECT k, c FROM sbtest8 WHERE k BETWEEN 5574357 AND 5574457
	Bitmap Heap Scan on sbtest8  (cost=5.45..397.65 rows=99 width=125)
	  Recheck Cond: ((k >= 5574357) AND (k <= 5574457))
	  ->  Bitmap Index Scan on k_8  (cost=0.00..5.42 rows=99 width=0)
	        Index Cond: ((k >= 5574357) AND (k <= 5574457))

for range-notcovered
table 1 : explain SELECT k, c FROM sbtest1 WHERE k BETWEEN 5871232 AND 5871332
	Bitmap Heap Scan on sbtest1  (cost=5.44..393.76 rows=98 width=125)
	  Recheck Cond: ((k >= 5871232) AND (k <= 5871332))
	  ->  Bitmap Index Scan on k_1  (cost=0.00..5.42 rows=98 width=0)
	        Index Cond: ((k >= 5871232) AND (k <= 5871332))

table 2 : explain SELECT k, c FROM sbtest2 WHERE k BETWEEN 5871232 AND 5871332
	Bitmap Heap Scan on sbtest2  (cost=5.55..437.03 rows=109 width=125)
	  Recheck Cond: ((k >= 5871232) AND (k <= 5871332))
	  ->  Bitmap Index Scan on k_2  (cost=0.00..5.52 rows=109 width=0)
	        Index Cond: ((k >= 5871232) AND (k <= 5871332))

table 3 : explain SELECT k, c FROM sbtest3 WHERE k BETWEEN 5871232 AND 5871332
	Bitmap Heap Scan on sbtest3  (cost=5.44..393.84 rows=98 width=125)
	  Recheck Cond: ((k >= 5871232) AND (k <= 5871332))
	  ->  Bitmap Index Scan on k_3  (cost=0.00..5.42 rows=98 width=0)
	        Index Cond: ((k >= 5871232) AND (k <= 5871332))

table 4 : explain SELECT k, c FROM sbtest4 WHERE k BETWEEN 5871232 AND 5871332
	Bitmap Heap Scan on sbtest4  (cost=5.47..405.69 rows=101 width=125)
	  Recheck Cond: ((k >= 5871232) AND (k <= 5871332))
	  ->  Bitmap Index Scan on k_4  (cost=0.00..5.44 rows=101 width=0)
	        Index Cond: ((k >= 5871232) AND (k <= 5871332))

table 5 : explain SELECT k, c FROM sbtest5 WHERE k BETWEEN 5871232 AND 5871332
	Bitmap Heap Scan on sbtest5  (cost=5.41..382.00 rows=95 width=125)
	  Recheck Cond: ((k >= 5871232) AND (k <= 5871332))
	  ->  Bitmap Index Scan on k_5  (cost=0.00..5.38 rows=95 width=0)
	        Index Cond: ((k >= 5871232) AND (k <= 5871332))

table 6 : explain SELECT k, c FROM sbtest6 WHERE k BETWEEN 5871232 AND 5871332
	Bitmap Heap Scan on sbtest6  (cost=5.45..397.69 rows=99 width=125)
	  Recheck Cond: ((k >= 5871232) AND (k <= 5871332))
	  ->  Bitmap Index Scan on k_6  (cost=0.00..5.42 rows=99 width=0)
	        Index Cond: ((k >= 5871232) AND (k <= 5871332))

table 7 : explain SELECT k, c FROM sbtest7 WHERE k BETWEEN 5871232 AND 5871332
	Bitmap Heap Scan on sbtest7  (cost=5.45..397.76 rows=99 width=125)
	  Recheck Cond: ((k >= 5871232) AND (k <= 5871332))
	  ->  Bitmap Index Scan on k_7  (cost=0.00..5.42 rows=99 width=0)
	        Index Cond: ((k >= 5871232) AND (k <= 5871332))

table 8 : explain SELECT k, c FROM sbtest8 WHERE k BETWEEN 5871232 AND 5871332
	Bitmap Heap Scan on sbtest8  (cost=5.54..433.14 rows=108 width=125)
	  Recheck Cond: ((k >= 5871232) AND (k <= 5871332))
	  ->  Bitmap Index Scan on k_8  (cost=0.00..5.51 rows=108 width=0)
	        Index Cond: ((k >= 5871232) AND (k <= 5871332))

explain: for range-notcovered :: explain SELECT k, c FROM sbtest%d WHERE k BETWEEN 5574357 AND 5574457
explain: for range-notcovered :: explain SELECT k, c FROM sbtest%d WHERE k BETWEEN 5871232 AND 5871332
for range-notcovered
table 1 : explain SELECT k, c FROM sbtest1 WHERE k BETWEEN 4936996 AND 4937096
	Bitmap Heap Scan on sbtest1  (cost=5.43..389.82 rows=97 width=125)
	  Recheck Cond: ((k >= 4936996) AND (k <= 4937096))
	  ->  Bitmap Index Scan on k_1  (cost=0.00..5.40 rows=97 width=0)
	        Index Cond: ((k >= 4936996) AND (k <= 4937096))

table 2 : explain SELECT k, c FROM sbtest2 WHERE k BETWEEN 4936996 AND 4937096
	Bitmap Heap Scan on sbtest2  (cost=5.46..401.55 rows=100 width=125)
	  Recheck Cond: ((k >= 4936996) AND (k <= 4937096))
	  ->  Bitmap Index Scan on k_2  (cost=0.00..5.43 rows=100 width=0)
	        Index Cond: ((k >= 4936996) AND (k <= 4937096))

table 3 : explain SELECT k, c FROM sbtest3 WHERE k BETWEEN 4936996 AND 4937096
	Bitmap Heap Scan on sbtest3  (cost=5.41..382.00 rows=95 width=125)
	  Recheck Cond: ((k >= 4936996) AND (k <= 4937096))
	  ->  Bitmap Index Scan on k_3  (cost=0.00..5.38 rows=95 width=0)
	        Index Cond: ((k >= 4936996) AND (k <= 4937096))

table 4 : explain SELECT k, c FROM sbtest4 WHERE k BETWEEN 4936996 AND 4937096
	Bitmap Heap Scan on sbtest4  (cost=5.41..382.00 rows=95 width=125)
	  Recheck Cond: ((k >= 4936996) AND (k <= 4937096))
	  ->  Bitmap Index Scan on k_4  (cost=0.00..5.38 rows=95 width=0)
	        Index Cond: ((k >= 4936996) AND (k <= 4937096))

table 5 : explain SELECT k, c FROM sbtest5 WHERE k BETWEEN 4936996 AND 4937096
	Bitmap Heap Scan on sbtest5  (cost=5.62..464.84 rows=116 width=125)
	  Recheck Cond: ((k >= 4936996) AND (k <= 4937096))
	  ->  Bitmap Index Scan on k_5  (cost=0.00..5.59 rows=116 width=0)
	        Index Cond: ((k >= 4936996) AND (k <= 4937096))

table 6 : explain SELECT k, c FROM sbtest6 WHERE k BETWEEN 4936996 AND 4937096
	Bitmap Heap Scan on sbtest6  (cost=5.47..405.58 rows=101 width=125)
	  Recheck Cond: ((k >= 4936996) AND (k <= 4937096))
	  ->  Bitmap Index Scan on k_6  (cost=0.00..5.44 rows=101 width=0)
	        Index Cond: ((k >= 4936996) AND (k <= 4937096))

table 7 : explain SELECT k, c FROM sbtest7 WHERE k BETWEEN 4936996 AND 4937096
	Bitmap Heap Scan on sbtest7  (cost=5.49..413.54 rows=103 width=125)
	  Recheck Cond: ((k >= 4936996) AND (k <= 4937096))
	  ->  Bitmap Index Scan on k_7  (cost=0.00..5.46 rows=103 width=0)
	        Index Cond: ((k >= 4936996) AND (k <= 4937096))

table 8 : explain SELECT k, c FROM sbtest8 WHERE k BETWEEN 4936996 AND 4937096
	Bitmap Heap Scan on sbtest8  (cost=5.51..421.31 rows=105 width=125)
	  Recheck Cond: ((k >= 4936996) AND (k <= 4937096))
	  ->  Bitmap Index Scan on k_8  (cost=0.00..5.48 rows=105 width=0)
	        Index Cond: ((k >= 4936996) AND (k <= 4937096))

for range-notcovered
table 1 : explain SELECT k, c FROM sbtest1 WHERE k BETWEEN 4836682 AND 4836782
	Bitmap Heap Scan on sbtest1  (cost=5.45..397.71 rows=99 width=125)
	  Recheck Cond: ((k >= 4836682) AND (k <= 4836782))
	  ->  Bitmap Index Scan on k_1  (cost=0.00..5.42 rows=99 width=0)
	        Index Cond: ((k >= 4836682) AND (k <= 4836782))

table 2 : explain SELECT k, c FROM sbtest2 WHERE k BETWEEN 4836682 AND 4836782
	Bitmap Heap Scan on sbtest2  (cost=5.47..405.49 rows=101 width=125)
	  Recheck Cond: ((k >= 4836682) AND (k <= 4836782))
	  ->  Bitmap Index Scan on k_2  (cost=0.00..5.44 rows=101 width=0)
	        Index Cond: ((k >= 4836682) AND (k <= 4836782))

table 3 : explain SELECT k, c FROM sbtest3 WHERE k BETWEEN 4836682 AND 4836782
	Bitmap Heap Scan on sbtest3  (cost=5.44..393.84 rows=98 width=125)
	  Recheck Cond: ((k >= 4836682) AND (k <= 4836782))
	  ->  Bitmap Index Scan on k_3  (cost=0.00..5.42 rows=98 width=0)
	        Index Cond: ((k >= 4836682) AND (k <= 4836782))

table 4 : explain SELECT k, c FROM sbtest4 WHERE k BETWEEN 4836682 AND 4836782
	Bitmap Heap Scan on sbtest4  (cost=5.45..397.80 rows=99 width=125)
	  Recheck Cond: ((k >= 4836682) AND (k <= 4836782))
	  ->  Bitmap Index Scan on k_4  (cost=0.00..5.42 rows=99 width=0)
	        Index Cond: ((k >= 4836682) AND (k <= 4836782))

table 5 : explain SELECT k, c FROM sbtest5 WHERE k BETWEEN 4836682 AND 4836782
	Bitmap Heap Scan on sbtest5  (cost=5.54..433.30 rows=108 width=125)
	  Recheck Cond: ((k >= 4836682) AND (k <= 4836782))
	  ->  Bitmap Index Scan on k_5  (cost=0.00..5.51 rows=108 width=0)
	        Index Cond: ((k >= 4836682) AND (k <= 4836782))

table 6 : explain SELECT k, c FROM sbtest6 WHERE k BETWEEN 4836682 AND 4836782
	Bitmap Heap Scan on sbtest6  (cost=5.48..409.52 rows=102 width=125)
	  Recheck Cond: ((k >= 4836682) AND (k <= 4836782))
	  ->  Bitmap Index Scan on k_6  (cost=0.00..5.45 rows=102 width=0)
	        Index Cond: ((k >= 4836682) AND (k <= 4836782))

table 7 : explain SELECT k, c FROM sbtest7 WHERE k BETWEEN 4836682 AND 4836782
	Bitmap Heap Scan on sbtest7  (cost=5.57..445.09 rows=111 width=125)
	  Recheck Cond: ((k >= 4836682) AND (k <= 4836782))
	  ->  Bitmap Index Scan on k_7  (cost=0.00..5.54 rows=111 width=0)
	        Index Cond: ((k >= 4836682) AND (k <= 4836782))

table 8 : explain SELECT k, c FROM sbtest8 WHERE k BETWEEN 4836682 AND 4836782
	Bitmap Heap Scan on sbtest8  (cost=5.41..381.86 rows=95 width=125)
	  Recheck Cond: ((k >= 4836682) AND (k <= 4836782))
	  ->  Bitmap Index Scan on k_8  (cost=0.00..5.38 rows=95 width=0)
	        Index Cond: ((k >= 4836682) AND (k <= 4836782))

for range-notcovered
table 1 : explain SELECT k, c FROM sbtest1 WHERE k BETWEEN 2793633 AND 2793733
	Bitmap Heap Scan on sbtest1  (cost=5.38..370.08 rows=92 width=125)
	  Recheck Cond: ((k >= 2793633) AND (k <= 2793733))
	  ->  Bitmap Index Scan on k_1  (cost=0.00..5.35 rows=92 width=0)
	        Index Cond: ((k >= 2793633) AND (k <= 2793733))

table 2 : explain SELECT k, c FROM sbtest2 WHERE k BETWEEN 2793633 AND 2793733
	Bitmap Heap Scan on sbtest2  (cost=5.39..373.93 rows=93 width=125)
	  Recheck Cond: ((k >= 2793633) AND (k <= 2793733))
	  ->  Bitmap Index Scan on k_2  (cost=0.00..5.36 rows=93 width=0)
	        Index Cond: ((k >= 2793633) AND (k <= 2793733))

table 3 : explain SELECT k, c FROM sbtest3 WHERE k BETWEEN 2793633 AND 2793733
	Bitmap Heap Scan on sbtest3  (cost=5.48..409.63 rows=102 width=125)
	  Recheck Cond: ((k >= 2793633) AND (k <= 2793733))
	  ->  Bitmap Index Scan on k_3  (cost=0.00..5.45 rows=102 width=0)
	        Index Cond: ((k >= 2793633) AND (k <= 2793733))

table 4 : explain SELECT k, c FROM sbtest4 WHERE k BETWEEN 2793633 AND 2793733
	Bitmap Heap Scan on sbtest4  (cost=5.47..405.69 rows=101 width=125)
	  Recheck Cond: ((k >= 2793633) AND (k <= 2793733))
	  ->  Bitmap Index Scan on k_4  (cost=0.00..5.44 rows=101 width=0)
	        Index Cond: ((k >= 2793633) AND (k <= 2793733))

table 5 : explain SELECT k, c FROM sbtest5 WHERE k BETWEEN 2793633 AND 2793733
	Bitmap Heap Scan on sbtest5  (cost=5.44..393.84 rows=98 width=125)
	  Recheck Cond: ((k >= 2793633) AND (k <= 2793733))
	  ->  Bitmap Index Scan on k_5  (cost=0.00..5.42 rows=98 width=0)
	        Index Cond: ((k >= 2793633) AND (k <= 2793733))

table 6 : explain SELECT k, c FROM sbtest6 WHERE k BETWEEN 2793633 AND 2793733
	Bitmap Heap Scan on sbtest6  (cost=5.41..381.90 rows=95 width=125)
	  Recheck Cond: ((k >= 2793633) AND (k <= 2793733))
	  ->  Bitmap Index Scan on k_6  (cost=0.00..5.38 rows=95 width=0)
	        Index Cond: ((k >= 2793633) AND (k <= 2793733))

table 7 : explain SELECT k, c FROM sbtest7 WHERE k BETWEEN 2793633 AND 2793733
	Bitmap Heap Scan on sbtest7  (cost=5.46..401.71 rows=100 width=125)
	  Recheck Cond: ((k >= 2793633) AND (k <= 2793733))
	  ->  Bitmap Index Scan on k_7  (cost=0.00..5.43 rows=100 width=0)
	        Index Cond: ((k >= 2793633) AND (k <= 2793733))

table 8 : explain SELECT k, c FROM sbtest8 WHERE k BETWEEN 2793633 AND 2793733
	Bitmap Heap Scan on sbtest8  (cost=5.50..417.37 rows=104 width=125)
	  Recheck Cond: ((k >= 2793633) AND (k <= 2793733))
	  ->  Bitmap Index Scan on k_8  (cost=0.00..5.47 rows=104 width=0)
	        Index Cond: ((k >= 2793633) AND (k <= 2793733))

explain: for range-notcovered :: explain SELECT k, c FROM sbtest%d WHERE k BETWEEN 4936996 AND 4937096
explain: for range-notcovered :: explain SELECT k, c FROM sbtest%d WHERE k BETWEEN 2793633 AND 2793733
explain: for range-notcovered :: explain SELECT k, c FROM sbtest%d WHERE k BETWEEN 4836682 AND 4836782
explain: for range-notcovered :: explain SELECT k, c FROM sbtest%d WHERE k BETWEEN 4837811 AND 4837911
for range-notcovered
table 1 : explain SELECT k, c FROM sbtest1 WHERE k BETWEEN 9445363 AND 9445463
	Bitmap Heap Scan on sbtest1  (cost=5.52..425.32 rows=106 width=125)
	  Recheck Cond: ((k >= 9445363) AND (k <= 9445463))
	  ->  Bitmap Index Scan on k_1  (cost=0.00..5.50 rows=106 width=0)
	        Index Cond: ((k >= 9445363) AND (k <= 9445463))

table 2 : explain SELECT k, c FROM sbtest2 WHERE k BETWEEN 9445363 AND 9445463
	Bitmap Heap Scan on sbtest2  (cost=5.50..417.32 rows=104 width=125)
	  Recheck Cond: ((k >= 9445363) AND (k <= 9445463))
	  ->  Bitmap Index Scan on k_2  (cost=0.00..5.47 rows=104 width=0)
	        Index Cond: ((k >= 9445363) AND (k <= 9445463))

table 3 : explain SELECT k, c FROM sbtest3 WHERE k BETWEEN 9445363 AND 9445463
	Bitmap Heap Scan on sbtest3  (cost=5.48..409.63 rows=102 width=125)
	  Recheck Cond: ((k >= 9445363) AND (k <= 9445463))
	  ->  Bitmap Index Scan on k_3  (cost=0.00..5.45 rows=102 width=0)
	        Index Cond: ((k >= 9445363) AND (k <= 9445463))

table 4 : explain SELECT k, c FROM sbtest4 WHERE k BETWEEN 9445363 AND 9445463
	Bitmap Heap Scan on sbtest4  (cost=5.39..374.11 rows=93 width=125)
	  Recheck Cond: ((k >= 9445363) AND (k <= 9445463))
	  ->  Bitmap Index Scan on k_4  (cost=0.00..5.36 rows=93 width=0)
	        Index Cond: ((k >= 9445363) AND (k <= 9445463))

table 5 : explain SELECT k, c FROM sbtest5 WHERE k BETWEEN 9445363 AND 9445463
	Bitmap Heap Scan on sbtest5  (cost=5.51..421.46 rows=105 width=125)
	  Recheck Cond: ((k >= 9445363) AND (k <= 9445463))
	  ->  Bitmap Index Scan on k_5  (cost=0.00..5.48 rows=105 width=0)
	        Index Cond: ((k >= 9445363) AND (k <= 9445463))

table 6 : explain SELECT k, c FROM sbtest6 WHERE k BETWEEN 9445363 AND 9445463
	Bitmap Heap Scan on sbtest6  (cost=5.48..409.52 rows=102 width=125)
	  Recheck Cond: ((k >= 9445363) AND (k <= 9445463))
	  ->  Bitmap Index Scan on k_6  (cost=0.00..5.45 rows=102 width=0)
	        Index Cond: ((k >= 9445363) AND (k <= 9445463))

table 7 : explain SELECT k, c FROM sbtest7 WHERE k BETWEEN 9445363 AND 9445463
	Bitmap Heap Scan on sbtest7  (cost=5.59..452.98 rows=113 width=125)
	  Recheck Cond: ((k >= 9445363) AND (k <= 9445463))
	  ->  Bitmap Index Scan on k_7  (cost=0.00..5.56 rows=113 width=0)
	        Index Cond: ((k >= 9445363) AND (k <= 9445463))

table 8 : explain SELECT k, c FROM sbtest8 WHERE k BETWEEN 9445363 AND 9445463
	Bitmap Heap Scan on sbtest8  (cost=5.53..429.19 rows=107 width=125)
	  Recheck Cond: ((k >= 9445363) AND (k <= 9445463))
	  ->  Bitmap Index Scan on k_8  (cost=0.00..5.50 rows=107 width=0)
	        Index Cond: ((k >= 9445363) AND (k <= 9445463))

for range-notcovered
table 1 : explain SELECT k, c FROM sbtest1 WHERE k BETWEEN 4500220 AND 4500320
	Bitmap Heap Scan on sbtest1  (cost=5.49..413.49 rows=103 width=125)
	  Recheck Cond: ((k >= 4500220) AND (k <= 4500320))
	  ->  Bitmap Index Scan on k_1  (cost=0.00..5.46 rows=103 width=0)
	        Index Cond: ((k >= 4500220) AND (k <= 4500320))

table 2 : explain SELECT k, c FROM sbtest2 WHERE k BETWEEN 4500220 AND 4500320
	Bitmap Heap Scan on sbtest2  (cost=5.50..417.32 rows=104 width=125)
	  Recheck Cond: ((k >= 4500220) AND (k <= 4500320))
	  ->  Bitmap Index Scan on k_2  (cost=0.00..5.47 rows=104 width=0)
	        Index Cond: ((k >= 4500220) AND (k <= 4500320))

table 3 : explain SELECT k, c FROM sbtest3 WHERE k BETWEEN 4500220 AND 4500320
	Bitmap Heap Scan on sbtest3  (cost=5.49..413.57 rows=103 width=125)
	  Recheck Cond: ((k >= 4500220) AND (k <= 4500320))
	  ->  Bitmap Index Scan on k_3  (cost=0.00..5.46 rows=103 width=0)
	        Index Cond: ((k >= 4500220) AND (k <= 4500320))

table 4 : explain SELECT k, c FROM sbtest4 WHERE k BETWEEN 4500220 AND 4500320
	Bitmap Heap Scan on sbtest4  (cost=5.45..397.80 rows=99 width=125)
	  Recheck Cond: ((k >= 4500220) AND (k <= 4500320))
	  ->  Bitmap Index Scan on k_4  (cost=0.00..5.42 rows=99 width=0)
	        Index Cond: ((k >= 4500220) AND (k <= 4500320))

table 5 : explain SELECT k, c FROM sbtest5 WHERE k BETWEEN 4500220 AND 4500320
	Bitmap Heap Scan on sbtest5  (cost=5.55..437.24 rows=109 width=125)
	  Recheck Cond: ((k >= 4500220) AND (k <= 4500320))
	  ->  Bitmap Index Scan on k_5  (cost=0.00..5.52 rows=109 width=0)
	        Index Cond: ((k >= 4500220) AND (k <= 4500320))

table 6 : explain SELECT k, c FROM sbtest6 WHERE k BETWEEN 4500220 AND 4500320
	Bitmap Heap Scan on sbtest6  (cost=5.39..374.00 rows=93 width=125)
	  Recheck Cond: ((k >= 4500220) AND (k <= 4500320))
	  ->  Bitmap Index Scan on k_6  (cost=0.00..5.36 rows=93 width=0)
	        Index Cond: ((k >= 4500220) AND (k <= 4500320))

table 7 : explain SELECT k, c FROM sbtest7 WHERE k BETWEEN 4500220 AND 4500320
	Bitmap Heap Scan on sbtest7  (cost=5.45..397.76 rows=99 width=125)
	  Recheck Cond: ((k >= 4500220) AND (k <= 4500320))
	  ->  Bitmap Index Scan on k_7  (cost=0.00..5.42 rows=99 width=0)
	        Index Cond: ((k >= 4500220) AND (k <= 4500320))

table 8 : explain SELECT k, c FROM sbtest8 WHERE k BETWEEN 4500220 AND 4500320
	Bitmap Heap Scan on sbtest8  (cost=5.53..429.19 rows=107 width=125)
	  Recheck Cond: ((k >= 4500220) AND (k <= 4500320))
	  ->  Bitmap Index Scan on k_8  (cost=0.00..5.50 rows=107 width=0)
	        Index Cond: ((k >= 4500220) AND (k <= 4500320))

explain: for range-notcovered :: explain SELECT k, c FROM sbtest%d WHERE k BETWEEN 4500220 AND 4500320
for range-notcovered
table 1 : explain SELECT k, c FROM sbtest1 WHERE k BETWEEN 1669264 AND 1669364
	Bitmap Heap Scan on sbtest1  (cost=5.40..377.97 rows=94 width=125)
	  Recheck Cond: ((k >= 1669264) AND (k <= 1669364))
	  ->  Bitmap Index Scan on k_1  (cost=0.00..5.38 rows=94 width=0)
	        Index Cond: ((k >= 1669264) AND (k <= 1669364))

table 2 : explain SELECT k, c FROM sbtest2 WHERE k BETWEEN 1669264 AND 1669364
	Bitmap Heap Scan on sbtest2  (cost=5.45..397.60 rows=99 width=125)
	  Recheck Cond: ((k >= 1669264) AND (k <= 1669364))
	  ->  Bitmap Index Scan on k_2  (cost=0.00..5.42 rows=99 width=0)
	        Index Cond: ((k >= 1669264) AND (k <= 1669364))

table 3 : explain SELECT k, c FROM sbtest3 WHERE k BETWEEN 1669264 AND 1669364
	Bitmap Heap Scan on sbtest3  (cost=5.41..382.00 rows=95 width=125)
	  Recheck Cond: ((k >= 1669264) AND (k <= 1669364))
	  ->  Bitmap Index Scan on k_3  (cost=0.00..5.38 rows=95 width=0)
	        Index Cond: ((k >= 1669264) AND (k <= 1669364))

table 4 : explain SELECT k, c FROM sbtest4 WHERE k BETWEEN 1669264 AND 1669364
	Bitmap Heap Scan on sbtest4  (cost=5.52..425.42 rows=106 width=125)
	  Recheck Cond: ((k >= 1669264) AND (k <= 1669364))
	  ->  Bitmap Index Scan on k_4  (cost=0.00..5.50 rows=106 width=0)
	        Index Cond: ((k >= 1669264) AND (k <= 1669364))

table 5 : explain SELECT k, c FROM sbtest5 WHERE k BETWEEN 1669264 AND 1669364
	Bitmap Heap Scan on sbtest5  (cost=5.53..429.35 rows=107 width=125)
	  Recheck Cond: ((k >= 1669264) AND (k <= 1669364))
	  ->  Bitmap Index Scan on k_5  (cost=0.00..5.50 rows=107 width=0)
	        Index Cond: ((k >= 1669264) AND (k <= 1669364))

table 6 : explain SELECT k, c FROM sbtest6 WHERE k BETWEEN 1669264 AND 1669364
	Bitmap Heap Scan on sbtest6  (cost=5.53..429.24 rows=107 width=125)
	  Recheck Cond: ((k >= 1669264) AND (k <= 1669364))
	  ->  Bitmap Index Scan on k_6  (cost=0.00..5.50 rows=107 width=0)
	        Index Cond: ((k >= 1669264) AND (k <= 1669364))

table 7 : explain SELECT k, c FROM sbtest7 WHERE k BETWEEN 1669264 AND 1669364
	Bitmap Heap Scan on sbtest7  (cost=5.35..358.27 rows=89 width=125)
	  Recheck Cond: ((k >= 1669264) AND (k <= 1669364))
	  ->  Bitmap Index Scan on k_7  (cost=0.00..5.32 rows=89 width=0)
	        Index Cond: ((k >= 1669264) AND (k <= 1669364))

table 8 : explain SELECT k, c FROM sbtest8 WHERE k BETWEEN 1669264 AND 1669364
	Bitmap Heap Scan on sbtest8  (cost=5.42..385.81 rows=96 width=125)
	  Recheck Cond: ((k >= 1669264) AND (k <= 1669364))
	  ->  Bitmap Index Scan on k_8  (cost=0.00..5.39 rows=96 width=0)
	        Index Cond: ((k >= 1669264) AND (k <= 1669364))

for range-notcovered
table 1 : explain SELECT k, c FROM sbtest1 WHERE k BETWEEN 4500220 AND 4500320
	Bitmap Heap Scan on sbtest1  (cost=5.49..413.49 rows=103 width=125)
	  Recheck Cond: ((k >= 4500220) AND (k <= 4500320))
	  ->  Bitmap Index Scan on k_1  (cost=0.00..5.46 rows=103 width=0)
	        Index Cond: ((k >= 4500220) AND (k <= 4500320))

table 2 : explain SELECT k, c FROM sbtest2 WHERE k BETWEEN 4500220 AND 4500320
	Bitmap Heap Scan on sbtest2  (cost=5.50..417.32 rows=104 width=125)
	  Recheck Cond: ((k >= 4500220) AND (k <= 4500320))
	  ->  Bitmap Index Scan on k_2  (cost=0.00..5.47 rows=104 width=0)
	        Index Cond: ((k >= 4500220) AND (k <= 4500320))

table 3 : explain SELECT k, c FROM sbtest3 WHERE k BETWEEN 4500220 AND 4500320
	Bitmap Heap Scan on sbtest3  (cost=5.49..413.57 rows=103 width=125)
	  Recheck Cond: ((k >= 4500220) AND (k <= 4500320))
	  ->  Bitmap Index Scan on k_3  (cost=0.00..5.46 rows=103 width=0)
	        Index Cond: ((k >= 4500220) AND (k <= 4500320))

table 4 : explain SELECT k, c FROM sbtest4 WHERE k BETWEEN 4500220 AND 4500320
	Bitmap Heap Scan on sbtest4  (cost=5.45..397.80 rows=99 width=125)
	  Recheck Cond: ((k >= 4500220) AND (k <= 4500320))
	  ->  Bitmap Index Scan on k_4  (cost=0.00..5.42 rows=99 width=0)
	        Index Cond: ((k >= 4500220) AND (k <= 4500320))

table 5 : explain SELECT k, c FROM sbtest5 WHERE k BETWEEN 4500220 AND 4500320
	Bitmap Heap Scan on sbtest5  (cost=5.55..437.24 rows=109 width=125)
	  Recheck Cond: ((k >= 4500220) AND (k <= 4500320))
	  ->  Bitmap Index Scan on k_5  (cost=0.00..5.52 rows=109 width=0)
	        Index Cond: ((k >= 4500220) AND (k <= 4500320))

table 6 : explain SELECT k, c FROM sbtest6 WHERE k BETWEEN 4500220 AND 4500320
	Bitmap Heap Scan on sbtest6  (cost=5.39..374.00 rows=93 width=125)
	  Recheck Cond: ((k >= 4500220) AND (k <= 4500320))
	  ->  Bitmap Index Scan on k_6  (cost=0.00..5.36 rows=93 width=0)
	        Index Cond: ((k >= 4500220) AND (k <= 4500320))

table 7 : explain SELECT k, c FROM sbtest7 WHERE k BETWEEN 4500220 AND 4500320
	Bitmap Heap Scan on sbtest7  (cost=5.45..397.76 rows=99 width=125)
	  Recheck Cond: ((k >= 4500220) AND (k <= 4500320))
	  ->  Bitmap Index Scan on k_7  (cost=0.00..5.42 rows=99 width=0)
	        Index Cond: ((k >= 4500220) AND (k <= 4500320))

table 8 : explain SELECT k, c FROM sbtest8 WHERE k BETWEEN 4500220 AND 4500320
	Bitmap Heap Scan on sbtest8  (cost=5.53..429.19 rows=107 width=125)
	  Recheck Cond: ((k >= 4500220) AND (k <= 4500320))
	  ->  Bitmap Index Scan on k_8  (cost=0.00..5.50 rows=107 width=0)
	        Index Cond: ((k >= 4500220) AND (k <= 4500320))

explain: for range-notcovered :: explain SELECT k, c FROM sbtest%d WHERE k BETWEEN 4500220 AND 4500320
for range-notcovered
table 1 : explain SELECT k, c FROM sbtest1 WHERE k BETWEEN 5574357 AND 5574457
	Bitmap Heap Scan on sbtest1  (cost=5.49..413.49 rows=103 width=125)
	  Recheck Cond: ((k >= 5574357) AND (k <= 5574457))
	  ->  Bitmap Index Scan on k_1  (cost=0.00..5.46 rows=103 width=0)
	        Index Cond: ((k >= 5574357) AND (k <= 5574457))

table 2 : explain SELECT k, c FROM sbtest2 WHERE k BETWEEN 5574357 AND 5574457
	Bitmap Heap Scan on sbtest2  (cost=5.47..405.49 rows=101 width=125)
	  Recheck Cond: ((k >= 5574357) AND (k <= 5574457))
	  ->  Bitmap Index Scan on k_2  (cost=0.00..5.44 rows=101 width=0)
	        Index Cond: ((k >= 5574357) AND (k <= 5574457))

table 3 : explain SELECT k, c FROM sbtest3 WHERE k BETWEEN 5574357 AND 5574457
	Bitmap Heap Scan on sbtest3  (cost=5.61..460.90 rows=115 width=125)
	  Recheck Cond: ((k >= 5574357) AND (k <= 5574457))
	  ->  Bitmap Index Scan on k_3  (cost=0.00..5.58 rows=115 width=0)
	        Index Cond: ((k >= 5574357) AND (k <= 5574457))

table 4 : explain SELECT k, c FROM sbtest4 WHERE k BETWEEN 5574357 AND 5574457
	Bitmap Heap Scan on sbtest4  (cost=5.57..445.14 rows=111 width=125)
	  Recheck Cond: ((k >= 5574357) AND (k <= 5574457))
	  ->  Bitmap Index Scan on k_4  (cost=0.00..5.54 rows=111 width=0)
	        Index Cond: ((k >= 5574357) AND (k <= 5574457))

table 5 : explain SELECT k, c FROM sbtest5 WHERE k BETWEEN 5574357 AND 5574457
	Bitmap Heap Scan on sbtest5  (cost=5.52..425.41 rows=106 width=125)
	  Recheck Cond: ((k >= 5574357) AND (k <= 5574457))
	  ->  Bitmap Index Scan on k_5  (cost=0.00..5.50 rows=106 width=0)
	        Index Cond: ((k >= 5574357) AND (k <= 5574457))

table 6 : explain SELECT k, c FROM sbtest6 WHERE k BETWEEN 5574357 AND 5574457
	Bitmap Heap Scan on sbtest6  (cost=5.50..417.41 rows=104 width=125)
	  Recheck Cond: ((k >= 5574357) AND (k <= 5574457))
	  ->  Bitmap Index Scan on k_6  (cost=0.00..5.47 rows=104 width=0)
	        Index Cond: ((k >= 5574357) AND (k <= 5574457))

table 7 : explain SELECT k, c FROM sbtest7 WHERE k BETWEEN 5574357 AND 5574457
	Bitmap Heap Scan on sbtest7  (cost=5.45..397.76 rows=99 width=125)
	  Recheck Cond: ((k >= 5574357) AND (k <= 5574457))
	  ->  Bitmap Index Scan on k_7  (cost=0.00..5.42 rows=99 width=0)
	        Index Cond: ((k >= 5574357) AND (k <= 5574457))

table 8 : explain SELECT k, c FROM sbtest8 WHERE k BETWEEN 5574357 AND 5574457
	Bitmap Heap Scan on sbtest8  (cost=5.45..397.65 rows=99 width=125)
	  Recheck Cond: ((k >= 5574357) AND (k <= 5574457))
	  ->  Bitmap Index Scan on k_8  (cost=0.00..5.42 rows=99 width=0)
	        Index Cond: ((k >= 5574357) AND (k <= 5574457))

explain: for range-notcovered :: explain SELECT k, c FROM sbtest%d WHERE k BETWEEN 5574357 AND 5574457
for range-notcovered
table 1 : explain SELECT k, c FROM sbtest1 WHERE k BETWEEN 4500220 AND 4500320
	Bitmap Heap Scan on sbtest1  (cost=5.49..413.49 rows=103 width=125)
	  Recheck Cond: ((k >= 4500220) AND (k <= 4500320))
	  ->  Bitmap Index Scan on k_1  (cost=0.00..5.46 rows=103 width=0)
	        Index Cond: ((k >= 4500220) AND (k <= 4500320))

table 2 : explain SELECT k, c FROM sbtest2 WHERE k BETWEEN 4500220 AND 4500320
	Bitmap Heap Scan on sbtest2  (cost=5.50..417.32 rows=104 width=125)
	  Recheck Cond: ((k >= 4500220) AND (k <= 4500320))
	  ->  Bitmap Index Scan on k_2  (cost=0.00..5.47 rows=104 width=0)
	        Index Cond: ((k >= 4500220) AND (k <= 4500320))

table 3 : explain SELECT k, c FROM sbtest3 WHERE k BETWEEN 4500220 AND 4500320
	Bitmap Heap Scan on sbtest3  (cost=5.49..413.57 rows=103 width=125)
	  Recheck Cond: ((k >= 4500220) AND (k <= 4500320))
	  ->  Bitmap Index Scan on k_3  (cost=0.00..5.46 rows=103 width=0)
	        Index Cond: ((k >= 4500220) AND (k <= 4500320))

table 4 : explain SELECT k, c FROM sbtest4 WHERE k BETWEEN 4500220 AND 4500320
	Bitmap Heap Scan on sbtest4  (cost=5.45..397.80 rows=99 width=125)
	  Recheck Cond: ((k >= 4500220) AND (k <= 4500320))
	  ->  Bitmap Index Scan on k_4  (cost=0.00..5.42 rows=99 width=0)
	        Index Cond: ((k >= 4500220) AND (k <= 4500320))

table 5 : explain SELECT k, c FROM sbtest5 WHERE k BETWEEN 4500220 AND 4500320
	Bitmap Heap Scan on sbtest5  (cost=5.55..437.24 rows=109 width=125)
	  Recheck Cond: ((k >= 4500220) AND (k <= 4500320))
	  ->  Bitmap Index Scan on k_5  (cost=0.00..5.52 rows=109 width=0)
	        Index Cond: ((k >= 4500220) AND (k <= 4500320))

table 6 : explain SELECT k, c FROM sbtest6 WHERE k BETWEEN 4500220 AND 4500320
	Bitmap Heap Scan on sbtest6  (cost=5.39..374.00 rows=93 width=125)
	  Recheck Cond: ((k >= 4500220) AND (k <= 4500320))
	  ->  Bitmap Index Scan on k_6  (cost=0.00..5.36 rows=93 width=0)
	        Index Cond: ((k >= 4500220) AND (k <= 4500320))

table 7 : explain SELECT k, c FROM sbtest7 WHERE k BETWEEN 4500220 AND 4500320
	Bitmap Heap Scan on sbtest7  (cost=5.45..397.76 rows=99 width=125)
	  Recheck Cond: ((k >= 4500220) AND (k <= 4500320))
	  ->  Bitmap Index Scan on k_7  (cost=0.00..5.42 rows=99 width=0)
	        Index Cond: ((k >= 4500220) AND (k <= 4500320))

table 8 : explain SELECT k, c FROM sbtest8 WHERE k BETWEEN 4500220 AND 4500320
	Bitmap Heap Scan on sbtest8  (cost=5.53..429.19 rows=107 width=125)
	  Recheck Cond: ((k >= 4500220) AND (k <= 4500320))
	  ->  Bitmap Index Scan on k_8  (cost=0.00..5.50 rows=107 width=0)
	        Index Cond: ((k >= 4500220) AND (k <= 4500320))

for range-notcovered
table 1 : explain SELECT k, c FROM sbtest1 WHERE k BETWEEN 5574357 AND 5574457
	Bitmap Heap Scan on sbtest1  (cost=5.49..413.49 rows=103 width=125)
	  Recheck Cond: ((k >= 5574357) AND (k <= 5574457))
	  ->  Bitmap Index Scan on k_1  (cost=0.00..5.46 rows=103 width=0)
	        Index Cond: ((k >= 5574357) AND (k <= 5574457))

table 2 : explain SELECT k, c FROM sbtest2 WHERE k BETWEEN 5574357 AND 5574457
	Bitmap Heap Scan on sbtest2  (cost=5.47..405.49 rows=101 width=125)
	  Recheck Cond: ((k >= 5574357) AND (k <= 5574457))
	  ->  Bitmap Index Scan on k_2  (cost=0.00..5.44 rows=101 width=0)
	        Index Cond: ((k >= 5574357) AND (k <= 5574457))

table 3 : explain SELECT k, c FROM sbtest3 WHERE k BETWEEN 5574357 AND 5574457
	Bitmap Heap Scan on sbtest3  (cost=5.61..460.90 rows=115 width=125)
	  Recheck Cond: ((k >= 5574357) AND (k <= 5574457))
	  ->  Bitmap Index Scan on k_3  (cost=0.00..5.58 rows=115 width=0)
	        Index Cond: ((k >= 5574357) AND (k <= 5574457))

table 4 : explain SELECT k, c FROM sbtest4 WHERE k BETWEEN 5574357 AND 5574457
	Bitmap Heap Scan on sbtest4  (cost=5.57..445.14 rows=111 width=125)
	  Recheck Cond: ((k >= 5574357) AND (k <= 5574457))
	  ->  Bitmap Index Scan on k_4  (cost=0.00..5.54 rows=111 width=0)
	        Index Cond: ((k >= 5574357) AND (k <= 5574457))

table 5 : explain SELECT k, c FROM sbtest5 WHERE k BETWEEN 5574357 AND 5574457
	Bitmap Heap Scan on sbtest5  (cost=5.52..425.41 rows=106 width=125)
	  Recheck Cond: ((k >= 5574357) AND (k <= 5574457))
	  ->  Bitmap Index Scan on k_5  (cost=0.00..5.50 rows=106 width=0)
	        Index Cond: ((k >= 5574357) AND (k <= 5574457))

table 6 : explain SELECT k, c FROM sbtest6 WHERE k BETWEEN 5574357 AND 5574457
	Bitmap Heap Scan on sbtest6  (cost=5.50..417.41 rows=104 width=125)
	  Recheck Cond: ((k >= 5574357) AND (k <= 5574457))
	  ->  Bitmap Index Scan on k_6  (cost=0.00..5.47 rows=104 width=0)
	        Index Cond: ((k >= 5574357) AND (k <= 5574457))

table 7 : explain SELECT k, c FROM sbtest7 WHERE k BETWEEN 5574357 AND 5574457
	Bitmap Heap Scan on sbtest7  (cost=5.45..397.76 rows=99 width=125)
	  Recheck Cond: ((k >= 5574357) AND (k <= 5574457))
	  ->  Bitmap Index Scan on k_7  (cost=0.00..5.42 rows=99 width=0)
	        Index Cond: ((k >= 5574357) AND (k <= 5574457))

table 8 : explain SELECT k, c FROM sbtest8 WHERE k BETWEEN 5574357 AND 5574457
	Bitmap Heap Scan on sbtest8  (cost=5.45..397.65 rows=99 width=125)
	  Recheck Cond: ((k >= 5574357) AND (k <= 5574457))
	  ->  Bitmap Index Scan on k_8  (cost=0.00..5.42 rows=99 width=0)
	        Index Cond: ((k >= 5574357) AND (k <= 5574457))

explain: for range-notcovered :: explain SELECT k, c FROM sbtest%d WHERE k BETWEEN 4500220 AND 4500320
explain: for range-notcovered :: explain SELECT k, c FROM sbtest%d WHERE k BETWEEN 5574357 AND 5574457
for range-notcovered
table 1 : explain SELECT k, c FROM sbtest1 WHERE k BETWEEN 2793633 AND 2793733
	Bitmap Heap Scan on sbtest1  (cost=5.38..370.08 rows=92 width=125)
	  Recheck Cond: ((k >= 2793633) AND (k <= 2793733))
	  ->  Bitmap Index Scan on k_1  (cost=0.00..5.35 rows=92 width=0)
	        Index Cond: ((k >= 2793633) AND (k <= 2793733))

table 2 : explain SELECT k, c FROM sbtest2 WHERE k BETWEEN 2793633 AND 2793733
	Bitmap Heap Scan on sbtest2  (cost=5.39..373.93 rows=93 width=125)
	  Recheck Cond: ((k >= 2793633) AND (k <= 2793733))
	  ->  Bitmap Index Scan on k_2  (cost=0.00..5.36 rows=93 width=0)
	        Index Cond: ((k >= 2793633) AND (k <= 2793733))

table 3 : explain SELECT k, c FROM sbtest3 WHERE k BETWEEN 2793633 AND 2793733
	Bitmap Heap Scan on sbtest3  (cost=5.48..409.63 rows=102 width=125)
	  Recheck Cond: ((k >= 2793633) AND (k <= 2793733))
	  ->  Bitmap Index Scan on k_3  (cost=0.00..5.45 rows=102 width=0)
	        Index Cond: ((k >= 2793633) AND (k <= 2793733))

table 4 : explain SELECT k, c FROM sbtest4 WHERE k BETWEEN 2793633 AND 2793733
	Bitmap Heap Scan on sbtest4  (cost=5.47..405.69 rows=101 width=125)
	  Recheck Cond: ((k >= 2793633) AND (k <= 2793733))
	  ->  Bitmap Index Scan on k_4  (cost=0.00..5.44 rows=101 width=0)
	        Index Cond: ((k >= 2793633) AND (k <= 2793733))

table 5 : explain SELECT k, c FROM sbtest5 WHERE k BETWEEN 2793633 AND 2793733
	Bitmap Heap Scan on sbtest5  (cost=5.44..393.84 rows=98 width=125)
	  Recheck Cond: ((k >= 2793633) AND (k <= 2793733))
	  ->  Bitmap Index Scan on k_5  (cost=0.00..5.42 rows=98 width=0)
	        Index Cond: ((k >= 2793633) AND (k <= 2793733))

table 6 : explain SELECT k, c FROM sbtest6 WHERE k BETWEEN 2793633 AND 2793733
	Bitmap Heap Scan on sbtest6  (cost=5.41..381.90 rows=95 width=125)
	  Recheck Cond: ((k >= 2793633) AND (k <= 2793733))
	  ->  Bitmap Index Scan on k_6  (cost=0.00..5.38 rows=95 width=0)
	        Index Cond: ((k >= 2793633) AND (k <= 2793733))

table 7 : explain SELECT k, c FROM sbtest7 WHERE k BETWEEN 2793633 AND 2793733
	Bitmap Heap Scan on sbtest7  (cost=5.46..401.71 rows=100 width=125)
	  Recheck Cond: ((k >= 2793633) AND (k <= 2793733))
	  ->  Bitmap Index Scan on k_7  (cost=0.00..5.43 rows=100 width=0)
	        Index Cond: ((k >= 2793633) AND (k <= 2793733))

table 8 : explain SELECT k, c FROM sbtest8 WHERE k BETWEEN 2793633 AND 2793733
	Bitmap Heap Scan on sbtest8  (cost=5.50..417.37 rows=104 width=125)
	  Recheck Cond: ((k >= 2793633) AND (k <= 2793733))
	  ->  Bitmap Index Scan on k_8  (cost=0.00..5.47 rows=104 width=0)
	        Index Cond: ((k >= 2793633) AND (k <= 2793733))

for range-notcovered
table 1 : explain SELECT k, c FROM sbtest1 WHERE k BETWEEN 4836682 AND 4836782
	Bitmap Heap Scan on sbtest1  (cost=5.45..397.71 rows=99 width=125)
	  Recheck Cond: ((k >= 4836682) AND (k <= 4836782))
	  ->  Bitmap Index Scan on k_1  (cost=0.00..5.42 rows=99 width=0)
	        Index Cond: ((k >= 4836682) AND (k <= 4836782))

table 2 : explain SELECT k, c FROM sbtest2 WHERE k BETWEEN 4836682 AND 4836782
	Bitmap Heap Scan on sbtest2  (cost=5.47..405.49 rows=101 width=125)
	  Recheck Cond: ((k >= 4836682) AND (k <= 4836782))
	  ->  Bitmap Index Scan on k_2  (cost=0.00..5.44 rows=101 width=0)
	        Index Cond: ((k >= 4836682) AND (k <= 4836782))

table 3 : explain SELECT k, c FROM sbtest3 WHERE k BETWEEN 4836682 AND 4836782
	Bitmap Heap Scan on sbtest3  (cost=5.44..393.84 rows=98 width=125)
	  Recheck Cond: ((k >= 4836682) AND (k <= 4836782))
	  ->  Bitmap Index Scan on k_3  (cost=0.00..5.42 rows=98 width=0)
	        Index Cond: ((k >= 4836682) AND (k <= 4836782))

table 4 : explain SELECT k, c FROM sbtest4 WHERE k BETWEEN 4836682 AND 4836782
	Bitmap Heap Scan on sbtest4  (cost=5.45..397.80 rows=99 width=125)
	  Recheck Cond: ((k >= 4836682) AND (k <= 4836782))
	  ->  Bitmap Index Scan on k_4  (cost=0.00..5.42 rows=99 width=0)
	        Index Cond: ((k >= 4836682) AND (k <= 4836782))

table 5 : explain SELECT k, c FROM sbtest5 WHERE k BETWEEN 4836682 AND 4836782
	Bitmap Heap Scan on sbtest5  (cost=5.54..433.30 rows=108 width=125)
	  Recheck Cond: ((k >= 4836682) AND (k <= 4836782))
	  ->  Bitmap Index Scan on k_5  (cost=0.00..5.51 rows=108 width=0)
	        Index Cond: ((k >= 4836682) AND (k <= 4836782))

table 6 : explain SELECT k, c FROM sbtest6 WHERE k BETWEEN 4836682 AND 4836782
	Bitmap Heap Scan on sbtest6  (cost=5.48..409.52 rows=102 width=125)
	  Recheck Cond: ((k >= 4836682) AND (k <= 4836782))
	  ->  Bitmap Index Scan on k_6  (cost=0.00..5.45 rows=102 width=0)
	        Index Cond: ((k >= 4836682) AND (k <= 4836782))

table 7 : explain SELECT k, c FROM sbtest7 WHERE k BETWEEN 4836682 AND 4836782
	Bitmap Heap Scan on sbtest7  (cost=5.57..445.09 rows=111 width=125)
	  Recheck Cond: ((k >= 4836682) AND (k <= 4836782))
	  ->  Bitmap Index Scan on k_7  (cost=0.00..5.54 rows=111 width=0)
	        Index Cond: ((k >= 4836682) AND (k <= 4836782))

table 8 : explain SELECT k, c FROM sbtest8 WHERE k BETWEEN 4836682 AND 4836782
	Bitmap Heap Scan on sbtest8  (cost=5.41..381.86 rows=95 width=125)
	  Recheck Cond: ((k >= 4836682) AND (k <= 4836782))
	  ->  Bitmap Index Scan on k_8  (cost=0.00..5.38 rows=95 width=0)
	        Index Cond: ((k >= 4836682) AND (k <= 4836782))

for range-notcovered
table 1 : explain SELECT k, c FROM sbtest1 WHERE k BETWEEN 3978191 AND 3978291
	Bitmap Heap Scan on sbtest1  (cost=5.49..413.49 rows=103 width=125)
	  Recheck Cond: ((k >= 3978191) AND (k <= 3978291))
	  ->  Bitmap Index Scan on k_1  (cost=0.00..5.46 rows=103 width=0)
	        Index Cond: ((k >= 3978191) AND (k <= 3978291))

table 2 : explain SELECT k, c FROM sbtest2 WHERE k BETWEEN 3978191 AND 3978291
	Bitmap Heap Scan on sbtest2  (cost=5.40..377.88 rows=94 width=125)
	  Recheck Cond: ((k >= 3978191) AND (k <= 3978291))
	  ->  Bitmap Index Scan on k_2  (cost=0.00..5.38 rows=94 width=0)
	        Index Cond: ((k >= 3978191) AND (k <= 3978291))

table 3 : explain SELECT k, c FROM sbtest3 WHERE k BETWEEN 3978191 AND 3978291
	Bitmap Heap Scan on sbtest3  (cost=5.44..393.84 rows=98 width=125)
	  Recheck Cond: ((k >= 3978191) AND (k <= 3978291))
	  ->  Bitmap Index Scan on k_3  (cost=0.00..5.42 rows=98 width=0)
	        Index Cond: ((k >= 3978191) AND (k <= 3978291))

table 4 : explain SELECT k, c FROM sbtest4 WHERE k BETWEEN 3978191 AND 3978291
	Bitmap Heap Scan on sbtest4  (cost=5.48..409.64 rows=102 width=125)
	  Recheck Cond: ((k >= 3978191) AND (k <= 3978291))
	  ->  Bitmap Index Scan on k_4  (cost=0.00..5.45 rows=102 width=0)
	        Index Cond: ((k >= 3978191) AND (k <= 3978291))

table 5 : explain SELECT k, c FROM sbtest5 WHERE k BETWEEN 3978191 AND 3978291
	Bitmap Heap Scan on sbtest5  (cost=5.42..385.94 rows=96 width=125)
	  Recheck Cond: ((k >= 3978191) AND (k <= 3978291))
	  ->  Bitmap Index Scan on k_5  (cost=0.00..5.39 rows=96 width=0)
	        Index Cond: ((k >= 3978191) AND (k <= 3978291))

table 6 : explain SELECT k, c FROM sbtest6 WHERE k BETWEEN 3978191 AND 3978291
	Bitmap Heap Scan on sbtest6  (cost=5.48..409.52 rows=102 width=125)
	  Recheck Cond: ((k >= 3978191) AND (k <= 3978291))
	  ->  Bitmap Index Scan on k_6  (cost=0.00..5.45 rows=102 width=0)
	        Index Cond: ((k >= 3978191) AND (k <= 3978291))

table 7 : explain SELECT k, c FROM sbtest7 WHERE k BETWEEN 3978191 AND 3978291
	Bitmap Heap Scan on sbtest7  (cost=5.55..437.21 rows=109 width=125)
	  Recheck Cond: ((k >= 3978191) AND (k <= 3978291))
	  ->  Bitmap Index Scan on k_7  (cost=0.00..5.52 rows=109 width=0)
	        Index Cond: ((k >= 3978191) AND (k <= 3978291))

table 8 : explain SELECT k, c FROM sbtest8 WHERE k BETWEEN 3978191 AND 3978291
	Bitmap Heap Scan on sbtest8  (cost=5.45..397.65 rows=99 width=125)
	  Recheck Cond: ((k >= 3978191) AND (k <= 3978291))
	  ->  Bitmap Index Scan on k_8  (cost=0.00..5.42 rows=99 width=0)
	        Index Cond: ((k >= 3978191) AND (k <= 3978291))

for range-notcovered
table 1 : explain SELECT k, c FROM sbtest1 WHERE k BETWEEN 4713654 AND 4713754
	Bitmap Heap Scan on sbtest1  (cost=5.49..413.49 rows=103 width=125)
	  Recheck Cond: ((k >= 4713654) AND (k <= 4713754))
	  ->  Bitmap Index Scan on k_1  (cost=0.00..5.46 rows=103 width=0)
	        Index Cond: ((k >= 4713654) AND (k <= 4713754))

table 2 : explain SELECT k, c FROM sbtest2 WHERE k BETWEEN 4713654 AND 4713754
	Bitmap Heap Scan on sbtest2  (cost=5.56..440.97 rows=110 width=125)
	  Recheck Cond: ((k >= 4713654) AND (k <= 4713754))
	  ->  Bitmap Index Scan on k_2  (cost=0.00..5.53 rows=110 width=0)
	        Index Cond: ((k >= 4713654) AND (k <= 4713754))

table 3 : explain SELECT k, c FROM sbtest3 WHERE k BETWEEN 4713654 AND 4713754
	Bitmap Heap Scan on sbtest3  (cost=5.49..413.57 rows=103 width=125)
	  Recheck Cond: ((k >= 4713654) AND (k <= 4713754))
	  ->  Bitmap Index Scan on k_3  (cost=0.00..5.46 rows=103 width=0)
	        Index Cond: ((k >= 4713654) AND (k <= 4713754))

table 4 : explain SELECT k, c FROM sbtest4 WHERE k BETWEEN 4713654 AND 4713754
	Bitmap Heap Scan on sbtest4  (cost=5.35..358.30 rows=89 width=125)
	  Recheck Cond: ((k >= 4713654) AND (k <= 4713754))
	  ->  Bitmap Index Scan on k_4  (cost=0.00..5.32 rows=89 width=0)
	        Index Cond: ((k >= 4713654) AND (k <= 4713754))

table 5 : explain SELECT k, c FROM sbtest5 WHERE k BETWEEN 4713654 AND 4713754
	Bitmap Heap Scan on sbtest5  (cost=5.45..397.79 rows=99 width=125)
	  Recheck Cond: ((k >= 4713654) AND (k <= 4713754))
	  ->  Bitmap Index Scan on k_5  (cost=0.00..5.42 rows=99 width=0)
	        Index Cond: ((k >= 4713654) AND (k <= 4713754))

table 6 : explain SELECT k, c FROM sbtest6 WHERE k BETWEEN 4713654 AND 4713754
	Bitmap Heap Scan on sbtest6  (cost=5.39..374.00 rows=93 width=125)
	  Recheck Cond: ((k >= 4713654) AND (k <= 4713754))
	  ->  Bitmap Index Scan on k_6  (cost=0.00..5.36 rows=93 width=0)
	        Index Cond: ((k >= 4713654) AND (k <= 4713754))

table 7 : explain SELECT k, c FROM sbtest7 WHERE k BETWEEN 4713654 AND 4713754
	Bitmap Heap Scan on sbtest7  (cost=5.44..393.81 rows=98 width=125)
	  Recheck Cond: ((k >= 4713654) AND (k <= 4713754))
	  ->  Bitmap Index Scan on k_7  (cost=0.00..5.42 rows=98 width=0)
	        Index Cond: ((k >= 4713654) AND (k <= 4713754))

table 8 : explain SELECT k, c FROM sbtest8 WHERE k BETWEEN 4713654 AND 4713754
	Bitmap Heap Scan on sbtest8  (cost=5.51..421.31 rows=105 width=125)
	  Recheck Cond: ((k >= 4713654) AND (k <= 4713754))
	  ->  Bitmap Index Scan on k_8  (cost=0.00..5.48 rows=105 width=0)
	        Index Cond: ((k >= 4713654) AND (k <= 4713754))

explain: for range-notcovered :: explain SELECT k, c FROM sbtest%d WHERE k BETWEEN 4713654 AND 4713754
for range-notcovered
table 1 : explain SELECT k, c FROM sbtest1 WHERE k BETWEEN 4509380 AND 4509480
	Bitmap Heap Scan on sbtest1  (cost=5.49..413.49 rows=103 width=125)
	  Recheck Cond: ((k >= 4509380) AND (k <= 4509480))
	  ->  Bitmap Index Scan on k_1  (cost=0.00..5.46 rows=103 width=0)
	        Index Cond: ((k >= 4509380) AND (k <= 4509480))

table 2 : explain SELECT k, c FROM sbtest2 WHERE k BETWEEN 4509380 AND 4509480
	Bitmap Heap Scan on sbtest2  (cost=5.50..417.32 rows=104 width=125)
	  Recheck Cond: ((k >= 4509380) AND (k <= 4509480))
	  ->  Bitmap Index Scan on k_2  (cost=0.00..5.47 rows=104 width=0)
	        Index Cond: ((k >= 4509380) AND (k <= 4509480))

table 3 : explain SELECT k, c FROM sbtest3 WHERE k BETWEEN 4509380 AND 4509480
	Bitmap Heap Scan on sbtest3  (cost=5.49..413.57 rows=103 width=125)
	  Recheck Cond: ((k >= 4509380) AND (k <= 4509480))
	  ->  Bitmap Index Scan on k_3  (cost=0.00..5.46 rows=103 width=0)
	        Index Cond: ((k >= 4509380) AND (k <= 4509480))

table 4 : explain SELECT k, c FROM sbtest4 WHERE k BETWEEN 4509380 AND 4509480
	Bitmap Heap Scan on sbtest4  (cost=5.45..397.80 rows=99 width=125)
	  Recheck Cond: ((k >= 4509380) AND (k <= 4509480))
	  ->  Bitmap Index Scan on k_4  (cost=0.00..5.42 rows=99 width=0)
	        Index Cond: ((k >= 4509380) AND (k <= 4509480))

table 5 : explain SELECT k, c FROM sbtest5 WHERE k BETWEEN 4509380 AND 4509480
	Bitmap Heap Scan on sbtest5  (cost=5.55..437.24 rows=109 width=125)
	  Recheck Cond: ((k >= 4509380) AND (k <= 4509480))
	  ->  Bitmap Index Scan on k_5  (cost=0.00..5.52 rows=109 width=0)
	        Index Cond: ((k >= 4509380) AND (k <= 4509480))

table 6 : explain SELECT k, c FROM sbtest6 WHERE k BETWEEN 4509380 AND 4509480
	Bitmap Heap Scan on sbtest6  (cost=5.39..374.00 rows=93 width=125)
	  Recheck Cond: ((k >= 4509380) AND (k <= 4509480))
	  ->  Bitmap Index Scan on k_6  (cost=0.00..5.36 rows=93 width=0)
	        Index Cond: ((k >= 4509380) AND (k <= 4509480))

table 7 : explain SELECT k, c FROM sbtest7 WHERE k BETWEEN 4509380 AND 4509480
	Bitmap Heap Scan on sbtest7  (cost=5.45..397.76 rows=99 width=125)
	  Recheck Cond: ((k >= 4509380) AND (k <= 4509480))
	  ->  Bitmap Index Scan on k_7  (cost=0.00..5.42 rows=99 width=0)
	        Index Cond: ((k >= 4509380) AND (k <= 4509480))

table 8 : explain SELECT k, c FROM sbtest8 WHERE k BETWEEN 4509380 AND 4509480
	Bitmap Heap Scan on sbtest8  (cost=5.53..429.19 rows=107 width=125)
	  Recheck Cond: ((k >= 4509380) AND (k <= 4509480))
	  ->  Bitmap Index Scan on k_8  (cost=0.00..5.50 rows=107 width=0)
	        Index Cond: ((k >= 4509380) AND (k <= 4509480))

for range-notcovered
table 1 : explain SELECT k, c FROM sbtest1 WHERE k BETWEEN 5574357 AND 5574457
	Bitmap Heap Scan on sbtest1  (cost=5.49..413.49 rows=103 width=125)
	  Recheck Cond: ((k >= 5574357) AND (k <= 5574457))
	  ->  Bitmap Index Scan on k_1  (cost=0.00..5.46 rows=103 width=0)
	        Index Cond: ((k >= 5574357) AND (k <= 5574457))

table 2 : explain SELECT k, c FROM sbtest2 WHERE k BETWEEN 5574357 AND 5574457
	Bitmap Heap Scan on sbtest2  (cost=5.47..405.49 rows=101 width=125)
	  Recheck Cond: ((k >= 5574357) AND (k <= 5574457))
	  ->  Bitmap Index Scan on k_2  (cost=0.00..5.44 rows=101 width=0)
	        Index Cond: ((k >= 5574357) AND (k <= 5574457))

table 3 : explain SELECT k, c FROM sbtest3 WHERE k BETWEEN 5574357 AND 5574457
	Bitmap Heap Scan on sbtest3  (cost=5.61..460.90 rows=115 width=125)
	  Recheck Cond: ((k >= 5574357) AND (k <= 5574457))
	  ->  Bitmap Index Scan on k_3  (cost=0.00..5.58 rows=115 width=0)
	        Index Cond: ((k >= 5574357) AND (k <= 5574457))

table 4 : explain SELECT k, c FROM sbtest4 WHERE k BETWEEN 5574357 AND 5574457
	Bitmap Heap Scan on sbtest4  (cost=5.57..445.14 rows=111 width=125)
	  Recheck Cond: ((k >= 5574357) AND (k <= 5574457))
	  ->  Bitmap Index Scan on k_4  (cost=0.00..5.54 rows=111 width=0)
	        Index Cond: ((k >= 5574357) AND (k <= 5574457))

table 5 : explain SELECT k, c FROM sbtest5 WHERE k BETWEEN 5574357 AND 5574457
	Bitmap Heap Scan on sbtest5  (cost=5.52..425.41 rows=106 width=125)
	  Recheck Cond: ((k >= 5574357) AND (k <= 5574457))
	  ->  Bitmap Index Scan on k_5  (cost=0.00..5.50 rows=106 width=0)
	        Index Cond: ((k >= 5574357) AND (k <= 5574457))

table 6 : explain SELECT k, c FROM sbtest6 WHERE k BETWEEN 5574357 AND 5574457
	Bitmap Heap Scan on sbtest6  (cost=5.50..417.41 rows=104 width=125)
	  Recheck Cond: ((k >= 5574357) AND (k <= 5574457))
	  ->  Bitmap Index Scan on k_6  (cost=0.00..5.47 rows=104 width=0)
	        Index Cond: ((k >= 5574357) AND (k <= 5574457))

table 7 : explain SELECT k, c FROM sbtest7 WHERE k BETWEEN 5574357 AND 5574457
	Bitmap Heap Scan on sbtest7  (cost=5.45..397.76 rows=99 width=125)
	  Recheck Cond: ((k >= 5574357) AND (k <= 5574457))
	  ->  Bitmap Index Scan on k_7  (cost=0.00..5.42 rows=99 width=0)
	        Index Cond: ((k >= 5574357) AND (k <= 5574457))

table 8 : explain SELECT k, c FROM sbtest8 WHERE k BETWEEN 5574357 AND 5574457
	Bitmap Heap Scan on sbtest8  (cost=5.45..397.65 rows=99 width=125)
	  Recheck Cond: ((k >= 5574357) AND (k <= 5574457))
	  ->  Bitmap Index Scan on k_8  (cost=0.00..5.42 rows=99 width=0)
	        Index Cond: ((k >= 5574357) AND (k <= 5574457))

explain: for range-notcovered :: explain SELECT k, c FROM sbtest%d WHERE k BETWEEN 4509380 AND 4509480
for range-notcovered
table 1 : explain SELECT k, c FROM sbtest1 WHERE k BETWEEN 4890543 AND 4890643
	Bitmap Heap Scan on sbtest1  (cost=5.43..389.82 rows=97 width=125)
	  Recheck Cond: ((k >= 4890543) AND (k <= 4890643))
	  ->  Bitmap Index Scan on k_1  (cost=0.00..5.40 rows=97 width=0)
	        Index Cond: ((k >= 4890543) AND (k <= 4890643))

table 2 : explain SELECT k, c FROM sbtest2 WHERE k BETWEEN 4890543 AND 4890643
	Bitmap Heap Scan on sbtest2  (cost=5.46..401.55 rows=100 width=125)
	  Recheck Cond: ((k >= 4890543) AND (k <= 4890643))
	  ->  Bitmap Index Scan on k_2  (cost=0.00..5.43 rows=100 width=0)
	        Index Cond: ((k >= 4890543) AND (k <= 4890643))

table 3 : explain SELECT k, c FROM sbtest3 WHERE k BETWEEN 4890543 AND 4890643
	Bitmap Heap Scan on sbtest3  (cost=5.41..382.00 rows=95 width=125)
	  Recheck Cond: ((k >= 4890543) AND (k <= 4890643))
	  ->  Bitmap Index Scan on k_3  (cost=0.00..5.38 rows=95 width=0)
	        Index Cond: ((k >= 4890543) AND (k <= 4890643))

table 4 : explain SELECT k, c FROM sbtest4 WHERE k BETWEEN 4890543 AND 4890643
	Bitmap Heap Scan on sbtest4  (cost=5.45..397.80 rows=99 width=125)
	  Recheck Cond: ((k >= 4890543) AND (k <= 4890643))
	  ->  Bitmap Index Scan on k_4  (cost=0.00..5.42 rows=99 width=0)
	        Index Cond: ((k >= 4890543) AND (k <= 4890643))

table 5 : explain SELECT k, c FROM sbtest5 WHERE k BETWEEN 4890543 AND 4890643
	Bitmap Heap Scan on sbtest5  (cost=5.62..464.84 rows=116 width=125)
	  Recheck Cond: ((k >= 4890543) AND (k <= 4890643))
	  ->  Bitmap Index Scan on k_5  (cost=0.00..5.59 rows=116 width=0)
	        Index Cond: ((k >= 4890543) AND (k <= 4890643))

table 6 : explain SELECT k, c FROM sbtest6 WHERE k BETWEEN 4890543 AND 4890643
	Bitmap Heap Scan on sbtest6  (cost=5.48..409.52 rows=102 width=125)
	  Recheck Cond: ((k >= 4890543) AND (k <= 4890643))
	  ->  Bitmap Index Scan on k_6  (cost=0.00..5.45 rows=102 width=0)
	        Index Cond: ((k >= 4890543) AND (k <= 4890643))

table 7 : explain SELECT k, c FROM sbtest7 WHERE k BETWEEN 4890543 AND 4890643
	Bitmap Heap Scan on sbtest7  (cost=5.57..445.09 rows=111 width=125)
	  Recheck Cond: ((k >= 4890543) AND (k <= 4890643))
	  ->  Bitmap Index Scan on k_7  (cost=0.00..5.54 rows=111 width=0)
	        Index Cond: ((k >= 4890543) AND (k <= 4890643))

table 8 : explain SELECT k, c FROM sbtest8 WHERE k BETWEEN 4890543 AND 4890643
	Bitmap Heap Scan on sbtest8  (cost=5.41..381.86 rows=95 width=125)
	  Recheck Cond: ((k >= 4890543) AND (k <= 4890643))
	  ->  Bitmap Index Scan on k_8  (cost=0.00..5.38 rows=95 width=0)
	        Index Cond: ((k >= 4890543) AND (k <= 4890643))

explain: for range-notcovered :: explain SELECT k, c FROM sbtest%d WHERE k BETWEEN 5574357 AND 5574457
for range-notcovered
table 1 : explain SELECT k, c FROM sbtest1 WHERE k BETWEEN 4936996 AND 4937096
	Bitmap Heap Scan on sbtest1  (cost=5.43..389.82 rows=97 width=125)
	  Recheck Cond: ((k >= 4936996) AND (k <= 4937096))
	  ->  Bitmap Index Scan on k_1  (cost=0.00..5.40 rows=97 width=0)
	        Index Cond: ((k >= 4936996) AND (k <= 4937096))

table 2 : explain SELECT k, c FROM sbtest2 WHERE k BETWEEN 4936996 AND 4937096
	Bitmap Heap Scan on sbtest2  (cost=5.46..401.55 rows=100 width=125)
	  Recheck Cond: ((k >= 4936996) AND (k <= 4937096))
	  ->  Bitmap Index Scan on k_2  (cost=0.00..5.43 rows=100 width=0)
	        Index Cond: ((k >= 4936996) AND (k <= 4937096))

table 3 : explain SELECT k, c FROM sbtest3 WHERE k BETWEEN 4936996 AND 4937096
	Bitmap Heap Scan on sbtest3  (cost=5.41..382.00 rows=95 width=125)
	  Recheck Cond: ((k >= 4936996) AND (k <= 4937096))
	  ->  Bitmap Index Scan on k_3  (cost=0.00..5.38 rows=95 width=0)
	        Index Cond: ((k >= 4936996) AND (k <= 4937096))

table 4 : explain SELECT k, c FROM sbtest4 WHERE k BETWEEN 4936996 AND 4937096
	Bitmap Heap Scan on sbtest4  (cost=5.41..382.00 rows=95 width=125)
	  Recheck Cond: ((k >= 4936996) AND (k <= 4937096))
	  ->  Bitmap Index Scan on k_4  (cost=0.00..5.38 rows=95 width=0)
	        Index Cond: ((k >= 4936996) AND (k <= 4937096))

table 5 : explain SELECT k, c FROM sbtest5 WHERE k BETWEEN 4936996 AND 4937096
	Bitmap Heap Scan on sbtest5  (cost=5.62..464.84 rows=116 width=125)
	  Recheck Cond: ((k >= 4936996) AND (k <= 4937096))
	  ->  Bitmap Index Scan on k_5  (cost=0.00..5.59 rows=116 width=0)
	        Index Cond: ((k >= 4936996) AND (k <= 4937096))

table 6 : explain SELECT k, c FROM sbtest6 WHERE k BETWEEN 4936996 AND 4937096
	Bitmap Heap Scan on sbtest6  (cost=5.47..405.58 rows=101 width=125)
	  Recheck Cond: ((k >= 4936996) AND (k <= 4937096))
	  ->  Bitmap Index Scan on k_6  (cost=0.00..5.44 rows=101 width=0)
	        Index Cond: ((k >= 4936996) AND (k <= 4937096))

table 7 : explain SELECT k, c FROM sbtest7 WHERE k BETWEEN 4936996 AND 4937096
	Bitmap Heap Scan on sbtest7  (cost=5.49..413.54 rows=103 width=125)
	  Recheck Cond: ((k >= 4936996) AND (k <= 4937096))
	  ->  Bitmap Index Scan on k_7  (cost=0.00..5.46 rows=103 width=0)
	        Index Cond: ((k >= 4936996) AND (k <= 4937096))

table 8 : explain SELECT k, c FROM sbtest8 WHERE k BETWEEN 4936996 AND 4937096
	Bitmap Heap Scan on sbtest8  (cost=5.51..421.31 rows=105 width=125)
	  Recheck Cond: ((k >= 4936996) AND (k <= 4937096))
	  ->  Bitmap Index Scan on k_8  (cost=0.00..5.48 rows=105 width=0)
	        Index Cond: ((k >= 4936996) AND (k <= 4937096))

for range-notcovered
table 1 : explain SELECT k, c FROM sbtest1 WHERE k BETWEEN 4500220 AND 4500320
	Bitmap Heap Scan on sbtest1  (cost=5.49..413.49 rows=103 width=125)
	  Recheck Cond: ((k >= 4500220) AND (k <= 4500320))
	  ->  Bitmap Index Scan on k_1  (cost=0.00..5.46 rows=103 width=0)
	        Index Cond: ((k >= 4500220) AND (k <= 4500320))

table 2 : explain SELECT k, c FROM sbtest2 WHERE k BETWEEN 4500220 AND 4500320
	Bitmap Heap Scan on sbtest2  (cost=5.50..417.32 rows=104 width=125)
	  Recheck Cond: ((k >= 4500220) AND (k <= 4500320))
	  ->  Bitmap Index Scan on k_2  (cost=0.00..5.47 rows=104 width=0)
	        Index Cond: ((k >= 4500220) AND (k <= 4500320))

table 3 : explain SELECT k, c FROM sbtest3 WHERE k BETWEEN 4500220 AND 4500320
	Bitmap Heap Scan on sbtest3  (cost=5.49..413.57 rows=103 width=125)
	  Recheck Cond: ((k >= 4500220) AND (k <= 4500320))
	  ->  Bitmap Index Scan on k_3  (cost=0.00..5.46 rows=103 width=0)
	        Index Cond: ((k >= 4500220) AND (k <= 4500320))

table 4 : explain SELECT k, c FROM sbtest4 WHERE k BETWEEN 4500220 AND 4500320
	Bitmap Heap Scan on sbtest4  (cost=5.45..397.80 rows=99 width=125)
	  Recheck Cond: ((k >= 4500220) AND (k <= 4500320))
	  ->  Bitmap Index Scan on k_4  (cost=0.00..5.42 rows=99 width=0)
	        Index Cond: ((k >= 4500220) AND (k <= 4500320))

table 5 : explain SELECT k, c FROM sbtest5 WHERE k BETWEEN 4500220 AND 4500320
	Bitmap Heap Scan on sbtest5  (cost=5.55..437.24 rows=109 width=125)
	  Recheck Cond: ((k >= 4500220) AND (k <= 4500320))
	  ->  Bitmap Index Scan on k_5  (cost=0.00..5.52 rows=109 width=0)
	        Index Cond: ((k >= 4500220) AND (k <= 4500320))

table 6 : explain SELECT k, c FROM sbtest6 WHERE k BETWEEN 4500220 AND 4500320
	Bitmap Heap Scan on sbtest6  (cost=5.39..374.00 rows=93 width=125)
	  Recheck Cond: ((k >= 4500220) AND (k <= 4500320))
	  ->  Bitmap Index Scan on k_6  (cost=0.00..5.36 rows=93 width=0)
	        Index Cond: ((k >= 4500220) AND (k <= 4500320))

table 7 : explain SELECT k, c FROM sbtest7 WHERE k BETWEEN 4500220 AND 4500320
	Bitmap Heap Scan on sbtest7  (cost=5.45..397.76 rows=99 width=125)
	  Recheck Cond: ((k >= 4500220) AND (k <= 4500320))
	  ->  Bitmap Index Scan on k_7  (cost=0.00..5.42 rows=99 width=0)
	        Index Cond: ((k >= 4500220) AND (k <= 4500320))

table 8 : explain SELECT k, c FROM sbtest8 WHERE k BETWEEN 4500220 AND 4500320
	Bitmap Heap Scan on sbtest8  (cost=5.53..429.19 rows=107 width=125)
	  Recheck Cond: ((k >= 4500220) AND (k <= 4500320))
	  ->  Bitmap Index Scan on k_8  (cost=0.00..5.50 rows=107 width=0)
	        Index Cond: ((k >= 4500220) AND (k <= 4500320))

explain: for range-notcovered :: explain SELECT k, c FROM sbtest%d WHERE k BETWEEN 4890543 AND 4890643
explain: for range-notcovered :: explain SELECT k, c FROM sbtest%d WHERE k BETWEEN 4500220 AND 4500320
explain: for range-notcovered :: explain SELECT k, c FROM sbtest%d WHERE k BETWEEN 4611842 AND 4611942
for range-notcovered
table 1 : explain SELECT k, c FROM sbtest1 WHERE k BETWEEN 4713654 AND 4713754
	Bitmap Heap Scan on sbtest1  (cost=5.49..413.49 rows=103 width=125)
	  Recheck Cond: ((k >= 4713654) AND (k <= 4713754))
	  ->  Bitmap Index Scan on k_1  (cost=0.00..5.46 rows=103 width=0)
	        Index Cond: ((k >= 4713654) AND (k <= 4713754))

table 2 : explain SELECT k, c FROM sbtest2 WHERE k BETWEEN 4713654 AND 4713754
	Bitmap Heap Scan on sbtest2  (cost=5.56..440.97 rows=110 width=125)
	  Recheck Cond: ((k >= 4713654) AND (k <= 4713754))
	  ->  Bitmap Index Scan on k_2  (cost=0.00..5.53 rows=110 width=0)
	        Index Cond: ((k >= 4713654) AND (k <= 4713754))

table 3 : explain SELECT k, c FROM sbtest3 WHERE k BETWEEN 4713654 AND 4713754
	Bitmap Heap Scan on sbtest3  (cost=5.49..413.57 rows=103 width=125)
	  Recheck Cond: ((k >= 4713654) AND (k <= 4713754))
	  ->  Bitmap Index Scan on k_3  (cost=0.00..5.46 rows=103 width=0)
	        Index Cond: ((k >= 4713654) AND (k <= 4713754))

table 4 : explain SELECT k, c FROM sbtest4 WHERE k BETWEEN 4713654 AND 4713754
	Bitmap Heap Scan on sbtest4  (cost=5.35..358.30 rows=89 width=125)
	  Recheck Cond: ((k >= 4713654) AND (k <= 4713754))
	  ->  Bitmap Index Scan on k_4  (cost=0.00..5.32 rows=89 width=0)
	        Index Cond: ((k >= 4713654) AND (k <= 4713754))

table 5 : explain SELECT k, c FROM sbtest5 WHERE k BETWEEN 4713654 AND 4713754
	Bitmap Heap Scan on sbtest5  (cost=5.45..397.79 rows=99 width=125)
	  Recheck Cond: ((k >= 4713654) AND (k <= 4713754))
	  ->  Bitmap Index Scan on k_5  (cost=0.00..5.42 rows=99 width=0)
	        Index Cond: ((k >= 4713654) AND (k <= 4713754))

table 6 : explain SELECT k, c FROM sbtest6 WHERE k BETWEEN 4713654 AND 4713754
	Bitmap Heap Scan on sbtest6  (cost=5.39..374.00 rows=93 width=125)
	  Recheck Cond: ((k >= 4713654) AND (k <= 4713754))
	  ->  Bitmap Index Scan on k_6  (cost=0.00..5.36 rows=93 width=0)
	        Index Cond: ((k >= 4713654) AND (k <= 4713754))

table 7 : explain SELECT k, c FROM sbtest7 WHERE k BETWEEN 4713654 AND 4713754
	Bitmap Heap Scan on sbtest7  (cost=5.44..393.81 rows=98 width=125)
	  Recheck Cond: ((k >= 4713654) AND (k <= 4713754))
	  ->  Bitmap Index Scan on k_7  (cost=0.00..5.42 rows=98 width=0)
	        Index Cond: ((k >= 4713654) AND (k <= 4713754))

table 8 : explain SELECT k, c FROM sbtest8 WHERE k BETWEEN 4713654 AND 4713754
	Bitmap Heap Scan on sbtest8  (cost=5.51..421.31 rows=105 width=125)
	  Recheck Cond: ((k >= 4713654) AND (k <= 4713754))
	  ->  Bitmap Index Scan on k_8  (cost=0.00..5.48 rows=105 width=0)
	        Index Cond: ((k >= 4713654) AND (k <= 4713754))

explain: for range-notcovered :: explain SELECT k, c FROM sbtest%d WHERE k BETWEEN 4713654 AND 4713754
for range-notcovered
table 1 : explain SELECT k, c FROM sbtest1 WHERE k BETWEEN 3648762 AND 3648862
	Bitmap Heap Scan on sbtest1  (cost=5.53..429.27 rows=107 width=125)
	  Recheck Cond: ((k >= 3648762) AND (k <= 3648862))
	  ->  Bitmap Index Scan on k_1  (cost=0.00..5.50 rows=107 width=0)
	        Index Cond: ((k >= 3648762) AND (k <= 3648862))

table 2 : explain SELECT k, c FROM sbtest2 WHERE k BETWEEN 3648762 AND 3648862
	Bitmap Heap Scan on sbtest2  (cost=5.48..409.43 rows=102 width=125)
	  Recheck Cond: ((k >= 3648762) AND (k <= 3648862))
	  ->  Bitmap Index Scan on k_2  (cost=0.00..5.45 rows=102 width=0)
	        Index Cond: ((k >= 3648762) AND (k <= 3648862))

table 3 : explain SELECT k, c FROM sbtest3 WHERE k BETWEEN 3648762 AND 3648862
	Bitmap Heap Scan on sbtest3  (cost=5.56..441.19 rows=110 width=125)
	  Recheck Cond: ((k >= 3648762) AND (k <= 3648862))
	  ->  Bitmap Index Scan on k_3  (cost=0.00..5.53 rows=110 width=0)
	        Index Cond: ((k >= 3648762) AND (k <= 3648862))

table 4 : explain SELECT k, c FROM sbtest4 WHERE k BETWEEN 3648762 AND 3648862
	Bitmap Heap Scan on sbtest4  (cost=5.55..437.25 rows=109 width=125)
	  Recheck Cond: ((k >= 3648762) AND (k <= 3648862))
	  ->  Bitmap Index Scan on k_4  (cost=0.00..5.52 rows=109 width=0)
	        Index Cond: ((k >= 3648762) AND (k <= 3648862))

table 5 : explain SELECT k, c FROM sbtest5 WHERE k BETWEEN 3648762 AND 3648862
	Bitmap Heap Scan on sbtest5  (cost=5.59..453.01 rows=113 width=125)
	  Recheck Cond: ((k >= 3648762) AND (k <= 3648862))
	  ->  Bitmap Index Scan on k_5  (cost=0.00..5.56 rows=113 width=0)
	        Index Cond: ((k >= 3648762) AND (k <= 3648862))

table 6 : explain SELECT k, c FROM sbtest6 WHERE k BETWEEN 3648762 AND 3648862
	Bitmap Heap Scan on sbtest6  (cost=5.61..460.77 rows=115 width=125)
	  Recheck Cond: ((k >= 3648762) AND (k <= 3648862))
	  ->  Bitmap Index Scan on k_6  (cost=0.00..5.58 rows=115 width=0)
	        Index Cond: ((k >= 3648762) AND (k <= 3648862))

table 7 : explain SELECT k, c FROM sbtest7 WHERE k BETWEEN 3648762 AND 3648862
	Bitmap Heap Scan on sbtest7  (cost=5.41..381.97 rows=95 width=125)
	  Recheck Cond: ((k >= 3648762) AND (k <= 3648862))
	  ->  Bitmap Index Scan on k_7  (cost=0.00..5.38 rows=95 width=0)
	        Index Cond: ((k >= 3648762) AND (k <= 3648862))

table 8 : explain SELECT k, c FROM sbtest8 WHERE k BETWEEN 3648762 AND 3648862
	Bitmap Heap Scan on sbtest8  (cost=5.58..448.90 rows=112 width=125)
	  Recheck Cond: ((k >= 3648762) AND (k <= 3648862))
	  ->  Bitmap Index Scan on k_8  (cost=0.00..5.55 rows=112 width=0)
	        Index Cond: ((k >= 3648762) AND (k <= 3648862))

for range-notcovered
table 1 : explain SELECT k, c FROM sbtest1 WHERE k BETWEEN 3825386 AND 3825486
	Bitmap Heap Scan on sbtest1  (cost=5.49..413.49 rows=103 width=125)
	  Recheck Cond: ((k >= 3825386) AND (k <= 3825486))
	  ->  Bitmap Index Scan on k_1  (cost=0.00..5.46 rows=103 width=0)
	        Index Cond: ((k >= 3825386) AND (k <= 3825486))

table 2 : explain SELECT k, c FROM sbtest2 WHERE k BETWEEN 3825386 AND 3825486
	Bitmap Heap Scan on sbtest2  (cost=5.43..389.71 rows=97 width=125)
	  Recheck Cond: ((k >= 3825386) AND (k <= 3825486))
	  ->  Bitmap Index Scan on k_2  (cost=0.00..5.40 rows=97 width=0)
	        Index Cond: ((k >= 3825386) AND (k <= 3825486))

table 3 : explain SELECT k, c FROM sbtest3 WHERE k BETWEEN 3825386 AND 3825486
	Bitmap Heap Scan on sbtest3  (cost=5.50..417.52 rows=104 width=125)
	  Recheck Cond: ((k >= 3825386) AND (k <= 3825486))
	  ->  Bitmap Index Scan on k_3  (cost=0.00..5.47 rows=104 width=0)
	        Index Cond: ((k >= 3825386) AND (k <= 3825486))

table 4 : explain SELECT k, c FROM sbtest4 WHERE k BETWEEN 3825386 AND 3825486
	Bitmap Heap Scan on sbtest4  (cost=5.45..397.80 rows=99 width=125)
	  Recheck Cond: ((k >= 3825386) AND (k <= 3825486))
	  ->  Bitmap Index Scan on k_4  (cost=0.00..5.42 rows=99 width=0)
	        Index Cond: ((k >= 3825386) AND (k <= 3825486))

table 5 : explain SELECT k, c FROM sbtest5 WHERE k BETWEEN 3825386 AND 3825486
	Bitmap Heap Scan on sbtest5  (cost=5.50..417.52 rows=104 width=125)
	  Recheck Cond: ((k >= 3825386) AND (k <= 3825486))
	  ->  Bitmap Index Scan on k_5  (cost=0.00..5.47 rows=104 width=0)
	        Index Cond: ((k >= 3825386) AND (k <= 3825486))

table 6 : explain SELECT k, c FROM sbtest6 WHERE k BETWEEN 3825386 AND 3825486
	Bitmap Heap Scan on sbtest6  (cost=5.48..409.52 rows=102 width=125)
	  Recheck Cond: ((k >= 3825386) AND (k <= 3825486))
	  ->  Bitmap Index Scan on k_6  (cost=0.00..5.45 rows=102 width=0)
	        Index Cond: ((k >= 3825386) AND (k <= 3825486))

table 7 : explain SELECT k, c FROM sbtest7 WHERE k BETWEEN 3825386 AND 3825486
	Bitmap Heap Scan on sbtest7  (cost=5.36..362.22 rows=90 width=125)
	  Recheck Cond: ((k >= 3825386) AND (k <= 3825486))
	  ->  Bitmap Index Scan on k_7  (cost=0.00..5.33 rows=90 width=0)
	        Index Cond: ((k >= 3825386) AND (k <= 3825486))

table 8 : explain SELECT k, c FROM sbtest8 WHERE k BETWEEN 3825386 AND 3825486
	Bitmap Heap Scan on sbtest8  (cost=5.44..393.70 rows=98 width=125)
	  Recheck Cond: ((k >= 3825386) AND (k <= 3825486))
	  ->  Bitmap Index Scan on k_8  (cost=0.00..5.42 rows=98 width=0)
	        Index Cond: ((k >= 3825386) AND (k <= 3825486))

explain: for range-notcovered :: explain SELECT k, c FROM sbtest%d WHERE k BETWEEN 3648762 AND 3648862
for range-notcovered
table 1 : explain SELECT k, c FROM sbtest1 WHERE k BETWEEN 4890543 AND 4890643
	Bitmap Heap Scan on sbtest1  (cost=5.43..389.82 rows=97 width=125)
	  Recheck Cond: ((k >= 4890543) AND (k <= 4890643))
	  ->  Bitmap Index Scan on k_1  (cost=0.00..5.40 rows=97 width=0)
	        Index Cond: ((k >= 4890543) AND (k <= 4890643))

table 2 : explain SELECT k, c FROM sbtest2 WHERE k BETWEEN 4890543 AND 4890643
	Bitmap Heap Scan on sbtest2  (cost=5.46..401.55 rows=100 width=125)
	  Recheck Cond: ((k >= 4890543) AND (k <= 4890643))
	  ->  Bitmap Index Scan on k_2  (cost=0.00..5.43 rows=100 width=0)
	        Index Cond: ((k >= 4890543) AND (k <= 4890643))

table 3 : explain SELECT k, c FROM sbtest3 WHERE k BETWEEN 4890543 AND 4890643
	Bitmap Heap Scan on sbtest3  (cost=5.41..382.00 rows=95 width=125)
	  Recheck Cond: ((k >= 4890543) AND (k <= 4890643))
	  ->  Bitmap Index Scan on k_3  (cost=0.00..5.38 rows=95 width=0)
	        Index Cond: ((k >= 4890543) AND (k <= 4890643))

table 4 : explain SELECT k, c FROM sbtest4 WHERE k BETWEEN 4890543 AND 4890643
	Bitmap Heap Scan on sbtest4  (cost=5.45..397.80 rows=99 width=125)
	  Recheck Cond: ((k >= 4890543) AND (k <= 4890643))
	  ->  Bitmap Index Scan on k_4  (cost=0.00..5.42 rows=99 width=0)
	        Index Cond: ((k >= 4890543) AND (k <= 4890643))

table 5 : explain SELECT k, c FROM sbtest5 WHERE k BETWEEN 4890543 AND 4890643
	Bitmap Heap Scan on sbtest5  (cost=5.62..464.84 rows=116 width=125)
	  Recheck Cond: ((k >= 4890543) AND (k <= 4890643))
	  ->  Bitmap Index Scan on k_5  (cost=0.00..5.59 rows=116 width=0)
	        Index Cond: ((k >= 4890543) AND (k <= 4890643))

table 6 : explain SELECT k, c FROM sbtest6 WHERE k BETWEEN 4890543 AND 4890643
	Bitmap Heap Scan on sbtest6  (cost=5.48..409.52 rows=102 width=125)
	  Recheck Cond: ((k >= 4890543) AND (k <= 4890643))
	  ->  Bitmap Index Scan on k_6  (cost=0.00..5.45 rows=102 width=0)
	        Index Cond: ((k >= 4890543) AND (k <= 4890643))

table 7 : explain SELECT k, c FROM sbtest7 WHERE k BETWEEN 4890543 AND 4890643
	Bitmap Heap Scan on sbtest7  (cost=5.57..445.09 rows=111 width=125)
	  Recheck Cond: ((k >= 4890543) AND (k <= 4890643))
	  ->  Bitmap Index Scan on k_7  (cost=0.00..5.54 rows=111 width=0)
	        Index Cond: ((k >= 4890543) AND (k <= 4890643))

table 8 : explain SELECT k, c FROM sbtest8 WHERE k BETWEEN 4890543 AND 4890643
	Bitmap Heap Scan on sbtest8  (cost=5.41..381.86 rows=95 width=125)
	  Recheck Cond: ((k >= 4890543) AND (k <= 4890643))
	  ->  Bitmap Index Scan on k_8  (cost=0.00..5.38 rows=95 width=0)
	        Index Cond: ((k >= 4890543) AND (k <= 4890643))

explain: for range-notcovered :: explain SELECT k, c FROM sbtest%d WHERE k BETWEEN 3825386 AND 3825486
for range-notcovered
table 1 : explain SELECT k, c FROM sbtest1 WHERE k BETWEEN 5871232 AND 5871332
	Bitmap Heap Scan on sbtest1  (cost=5.44..393.76 rows=98 width=125)
	  Recheck Cond: ((k >= 5871232) AND (k <= 5871332))
	  ->  Bitmap Index Scan on k_1  (cost=0.00..5.42 rows=98 width=0)
	        Index Cond: ((k >= 5871232) AND (k <= 5871332))

table 2 : explain SELECT k, c FROM sbtest2 WHERE k BETWEEN 5871232 AND 5871332
	Bitmap Heap Scan on sbtest2  (cost=5.55..437.03 rows=109 width=125)
	  Recheck Cond: ((k >= 5871232) AND (k <= 5871332))
	  ->  Bitmap Index Scan on k_2  (cost=0.00..5.52 rows=109 width=0)
	        Index Cond: ((k >= 5871232) AND (k <= 5871332))

table 3 : explain SELECT k, c FROM sbtest3 WHERE k BETWEEN 5871232 AND 5871332
	Bitmap Heap Scan on sbtest3  (cost=5.44..393.84 rows=98 width=125)
	  Recheck Cond: ((k >= 5871232) AND (k <= 5871332))
	  ->  Bitmap Index Scan on k_3  (cost=0.00..5.42 rows=98 width=0)
	        Index Cond: ((k >= 5871232) AND (k <= 5871332))

table 4 : explain SELECT k, c FROM sbtest4 WHERE k BETWEEN 5871232 AND 5871332
	Bitmap Heap Scan on sbtest4  (cost=5.47..405.69 rows=101 width=125)
	  Recheck Cond: ((k >= 5871232) AND (k <= 5871332))
	  ->  Bitmap Index Scan on k_4  (cost=0.00..5.44 rows=101 width=0)
	        Index Cond: ((k >= 5871232) AND (k <= 5871332))

table 5 : explain SELECT k, c FROM sbtest5 WHERE k BETWEEN 5871232 AND 5871332
	Bitmap Heap Scan on sbtest5  (cost=5.41..382.00 rows=95 width=125)
	  Recheck Cond: ((k >= 5871232) AND (k <= 5871332))
	  ->  Bitmap Index Scan on k_5  (cost=0.00..5.38 rows=95 width=0)
	        Index Cond: ((k >= 5871232) AND (k <= 5871332))

table 6 : explain SELECT k, c FROM sbtest6 WHERE k BETWEEN 5871232 AND 5871332
	Bitmap Heap Scan on sbtest6  (cost=5.45..397.69 rows=99 width=125)
	  Recheck Cond: ((k >= 5871232) AND (k <= 5871332))
	  ->  Bitmap Index Scan on k_6  (cost=0.00..5.42 rows=99 width=0)
	        Index Cond: ((k >= 5871232) AND (k <= 5871332))

table 7 : explain SELECT k, c FROM sbtest7 WHERE k BETWEEN 5871232 AND 5871332
	Bitmap Heap Scan on sbtest7  (cost=5.45..397.76 rows=99 width=125)
	  Recheck Cond: ((k >= 5871232) AND (k <= 5871332))
	  ->  Bitmap Index Scan on k_7  (cost=0.00..5.42 rows=99 width=0)
	        Index Cond: ((k >= 5871232) AND (k <= 5871332))

table 8 : explain SELECT k, c FROM sbtest8 WHERE k BETWEEN 5871232 AND 5871332
	Bitmap Heap Scan on sbtest8  (cost=5.54..433.14 rows=108 width=125)
	  Recheck Cond: ((k >= 5871232) AND (k <= 5871332))
	  ->  Bitmap Index Scan on k_8  (cost=0.00..5.51 rows=108 width=0)
	        Index Cond: ((k >= 5871232) AND (k <= 5871332))

explain: for range-notcovered :: explain SELECT k, c FROM sbtest%d WHERE k BETWEEN 4890543 AND 4890643
for range-notcovered
table 1 : explain SELECT k, c FROM sbtest1 WHERE k BETWEEN 5574357 AND 5574457
	Bitmap Heap Scan on sbtest1  (cost=5.49..413.49 rows=103 width=125)
	  Recheck Cond: ((k >= 5574357) AND (k <= 5574457))
	  ->  Bitmap Index Scan on k_1  (cost=0.00..5.46 rows=103 width=0)
	        Index Cond: ((k >= 5574357) AND (k <= 5574457))

table 2 : explain SELECT k, c FROM sbtest2 WHERE k BETWEEN 5574357 AND 5574457
	Bitmap Heap Scan on sbtest2  (cost=5.47..405.49 rows=101 width=125)
	  Recheck Cond: ((k >= 5574357) AND (k <= 5574457))
	  ->  Bitmap Index Scan on k_2  (cost=0.00..5.44 rows=101 width=0)
	        Index Cond: ((k >= 5574357) AND (k <= 5574457))

table 3 : explain SELECT k, c FROM sbtest3 WHERE k BETWEEN 5574357 AND 5574457
	Bitmap Heap Scan on sbtest3  (cost=5.61..460.90 rows=115 width=125)
	  Recheck Cond: ((k >= 5574357) AND (k <= 5574457))
	  ->  Bitmap Index Scan on k_3  (cost=0.00..5.58 rows=115 width=0)
	        Index Cond: ((k >= 5574357) AND (k <= 5574457))

table 4 : explain SELECT k, c FROM sbtest4 WHERE k BETWEEN 5574357 AND 5574457
	Bitmap Heap Scan on sbtest4  (cost=5.57..445.14 rows=111 width=125)
	  Recheck Cond: ((k >= 5574357) AND (k <= 5574457))
	  ->  Bitmap Index Scan on k_4  (cost=0.00..5.54 rows=111 width=0)
	        Index Cond: ((k >= 5574357) AND (k <= 5574457))

table 5 : explain SELECT k, c FROM sbtest5 WHERE k BETWEEN 5574357 AND 5574457
	Bitmap Heap Scan on sbtest5  (cost=5.52..425.41 rows=106 width=125)
	  Recheck Cond: ((k >= 5574357) AND (k <= 5574457))
	  ->  Bitmap Index Scan on k_5  (cost=0.00..5.50 rows=106 width=0)
	        Index Cond: ((k >= 5574357) AND (k <= 5574457))

table 6 : explain SELECT k, c FROM sbtest6 WHERE k BETWEEN 5574357 AND 5574457
	Bitmap Heap Scan on sbtest6  (cost=5.50..417.41 rows=104 width=125)
	  Recheck Cond: ((k >= 5574357) AND (k <= 5574457))
	  ->  Bitmap Index Scan on k_6  (cost=0.00..5.47 rows=104 width=0)
	        Index Cond: ((k >= 5574357) AND (k <= 5574457))

table 7 : explain SELECT k, c FROM sbtest7 WHERE k BETWEEN 5574357 AND 5574457
	Bitmap Heap Scan on sbtest7  (cost=5.45..397.76 rows=99 width=125)
	  Recheck Cond: ((k >= 5574357) AND (k <= 5574457))
	  ->  Bitmap Index Scan on k_7  (cost=0.00..5.42 rows=99 width=0)
	        Index Cond: ((k >= 5574357) AND (k <= 5574457))

table 8 : explain SELECT k, c FROM sbtest8 WHERE k BETWEEN 5574357 AND 5574457
	Bitmap Heap Scan on sbtest8  (cost=5.45..397.65 rows=99 width=125)
	  Recheck Cond: ((k >= 5574357) AND (k <= 5574457))
	  ->  Bitmap Index Scan on k_8  (cost=0.00..5.42 rows=99 width=0)
	        Index Cond: ((k >= 5574357) AND (k <= 5574457))

for range-notcovered
table 1 : explain SELECT k, c FROM sbtest1 WHERE k BETWEEN 4509380 AND 4509480
	Bitmap Heap Scan on sbtest1  (cost=5.49..413.49 rows=103 width=125)
	  Recheck Cond: ((k >= 4509380) AND (k <= 4509480))
	  ->  Bitmap Index Scan on k_1  (cost=0.00..5.46 rows=103 width=0)
	        Index Cond: ((k >= 4509380) AND (k <= 4509480))

table 2 : explain SELECT k, c FROM sbtest2 WHERE k BETWEEN 4509380 AND 4509480
	Bitmap Heap Scan on sbtest2  (cost=5.50..417.32 rows=104 width=125)
	  Recheck Cond: ((k >= 4509380) AND (k <= 4509480))
	  ->  Bitmap Index Scan on k_2  (cost=0.00..5.47 rows=104 width=0)
	        Index Cond: ((k >= 4509380) AND (k <= 4509480))

table 3 : explain SELECT k, c FROM sbtest3 WHERE k BETWEEN 4509380 AND 4509480
	Bitmap Heap Scan on sbtest3  (cost=5.49..413.57 rows=103 width=125)
	  Recheck Cond: ((k >= 4509380) AND (k <= 4509480))
	  ->  Bitmap Index Scan on k_3  (cost=0.00..5.46 rows=103 width=0)
	        Index Cond: ((k >= 4509380) AND (k <= 4509480))

table 4 : explain SELECT k, c FROM sbtest4 WHERE k BETWEEN 4509380 AND 4509480
	Bitmap Heap Scan on sbtest4  (cost=5.45..397.80 rows=99 width=125)
	  Recheck Cond: ((k >= 4509380) AND (k <= 4509480))
	  ->  Bitmap Index Scan on k_4  (cost=0.00..5.42 rows=99 width=0)
	        Index Cond: ((k >= 4509380) AND (k <= 4509480))

table 5 : explain SELECT k, c FROM sbtest5 WHERE k BETWEEN 4509380 AND 4509480
	Bitmap Heap Scan on sbtest5  (cost=5.55..437.24 rows=109 width=125)
	  Recheck Cond: ((k >= 4509380) AND (k <= 4509480))
	  ->  Bitmap Index Scan on k_5  (cost=0.00..5.52 rows=109 width=0)
	        Index Cond: ((k >= 4509380) AND (k <= 4509480))

table 6 : explain SELECT k, c FROM sbtest6 WHERE k BETWEEN 4509380 AND 4509480
	Bitmap Heap Scan on sbtest6  (cost=5.39..374.00 rows=93 width=125)
	  Recheck Cond: ((k >= 4509380) AND (k <= 4509480))
	  ->  Bitmap Index Scan on k_6  (cost=0.00..5.36 rows=93 width=0)
	        Index Cond: ((k >= 4509380) AND (k <= 4509480))

table 7 : explain SELECT k, c FROM sbtest7 WHERE k BETWEEN 4509380 AND 4509480
	Bitmap Heap Scan on sbtest7  (cost=5.45..397.76 rows=99 width=125)
	  Recheck Cond: ((k >= 4509380) AND (k <= 4509480))
	  ->  Bitmap Index Scan on k_7  (cost=0.00..5.42 rows=99 width=0)
	        Index Cond: ((k >= 4509380) AND (k <= 4509480))

table 8 : explain SELECT k, c FROM sbtest8 WHERE k BETWEEN 4509380 AND 4509480
	Bitmap Heap Scan on sbtest8  (cost=5.53..429.19 rows=107 width=125)
	  Recheck Cond: ((k >= 4509380) AND (k <= 4509480))
	  ->  Bitmap Index Scan on k_8  (cost=0.00..5.50 rows=107 width=0)
	        Index Cond: ((k >= 4509380) AND (k <= 4509480))

for range-notcovered
table 1 : explain SELECT k, c FROM sbtest1 WHERE k BETWEEN 6744288 AND 6744388
	Bitmap Heap Scan on sbtest1  (cost=5.53..429.27 rows=107 width=125)
	  Recheck Cond: ((k >= 6744288) AND (k <= 6744388))
	  ->  Bitmap Index Scan on k_1  (cost=0.00..5.50 rows=107 width=0)
	        Index Cond: ((k >= 6744288) AND (k <= 6744388))

table 2 : explain SELECT k, c FROM sbtest2 WHERE k BETWEEN 6744288 AND 6744388
	Bitmap Heap Scan on sbtest2  (cost=5.40..377.88 rows=94 width=125)
	  Recheck Cond: ((k >= 6744288) AND (k <= 6744388))
	  ->  Bitmap Index Scan on k_2  (cost=0.00..5.38 rows=94 width=0)
	        Index Cond: ((k >= 6744288) AND (k <= 6744388))

table 3 : explain SELECT k, c FROM sbtest3 WHERE k BETWEEN 6744288 AND 6744388
	Bitmap Heap Scan on sbtest3  (cost=5.60..456.95 rows=114 width=125)
	  Recheck Cond: ((k >= 6744288) AND (k <= 6744388))
	  ->  Bitmap Index Scan on k_3  (cost=0.00..5.58 rows=114 width=0)
	        Index Cond: ((k >= 6744288) AND (k <= 6744388))

table 4 : explain SELECT k, c FROM sbtest4 WHERE k BETWEEN 6744288 AND 6744388
	Bitmap Heap Scan on sbtest4  (cost=5.56..441.20 rows=110 width=125)
	  Recheck Cond: ((k >= 6744288) AND (k <= 6744388))
	  ->  Bitmap Index Scan on k_4  (cost=0.00..5.53 rows=110 width=0)
	        Index Cond: ((k >= 6744288) AND (k <= 6744388))

table 5 : explain SELECT k, c FROM sbtest5 WHERE k BETWEEN 6744288 AND 6744388
	Bitmap Heap Scan on sbtest5  (cost=5.41..382.00 rows=95 width=125)
	  Recheck Cond: ((k >= 6744288) AND (k <= 6744388))
	  ->  Bitmap Index Scan on k_5  (cost=0.00..5.38 rows=95 width=0)
	        Index Cond: ((k >= 6744288) AND (k <= 6744388))

table 6 : explain SELECT k, c FROM sbtest6 WHERE k BETWEEN 6744288 AND 6744388
	Bitmap Heap Scan on sbtest6  (cost=5.44..393.74 rows=98 width=125)
	  Recheck Cond: ((k >= 6744288) AND (k <= 6744388))
	  ->  Bitmap Index Scan on k_6  (cost=0.00..5.42 rows=98 width=0)
	        Index Cond: ((k >= 6744288) AND (k <= 6744388))

table 7 : explain SELECT k, c FROM sbtest7 WHERE k BETWEEN 6744288 AND 6744388
	Bitmap Heap Scan on sbtest7  (cost=5.42..385.92 rows=96 width=125)
	  Recheck Cond: ((k >= 6744288) AND (k <= 6744388))
	  ->  Bitmap Index Scan on k_7  (cost=0.00..5.39 rows=96 width=0)
	        Index Cond: ((k >= 6744288) AND (k <= 6744388))

table 8 : explain SELECT k, c FROM sbtest8 WHERE k BETWEEN 6744288 AND 6744388
	Bitmap Heap Scan on sbtest8  (cost=5.52..425.25 rows=106 width=125)
	  Recheck Cond: ((k >= 6744288) AND (k <= 6744388))
	  ->  Bitmap Index Scan on k_8  (cost=0.00..5.50 rows=106 width=0)
	        Index Cond: ((k >= 6744288) AND (k <= 6744388))

explain: for range-notcovered :: explain SELECT k, c FROM sbtest%d WHERE k BETWEEN 5574357 AND 5574457
explain: for range-notcovered :: explain SELECT k, c FROM sbtest%d WHERE k BETWEEN 4509380 AND 4509480
explain: for range-notcovered :: explain SELECT k, c FROM sbtest%d WHERE k BETWEEN 5871232 AND 5871332
for range-notcovered
table 1 : explain SELECT k, c FROM sbtest1 WHERE k BETWEEN 3876453 AND 3876553
	Bitmap Heap Scan on sbtest1  (cost=5.49..413.49 rows=103 width=125)
	  Recheck Cond: ((k >= 3876453) AND (k <= 3876553))
	  ->  Bitmap Index Scan on k_1  (cost=0.00..5.46 rows=103 width=0)
	        Index Cond: ((k >= 3876453) AND (k <= 3876553))

table 2 : explain SELECT k, c FROM sbtest2 WHERE k BETWEEN 3876453 AND 3876553
	Bitmap Heap Scan on sbtest2  (cost=5.39..373.93 rows=93 width=125)
	  Recheck Cond: ((k >= 3876453) AND (k <= 3876553))
	  ->  Bitmap Index Scan on k_2  (cost=0.00..5.36 rows=93 width=0)
	        Index Cond: ((k >= 3876453) AND (k <= 3876553))

table 3 : explain SELECT k, c FROM sbtest3 WHERE k BETWEEN 3876453 AND 3876553
	Bitmap Heap Scan on sbtest3  (cost=5.46..401.74 rows=100 width=125)
	  Recheck Cond: ((k >= 3876453) AND (k <= 3876553))
	  ->  Bitmap Index Scan on k_3  (cost=0.00..5.43 rows=100 width=0)
	        Index Cond: ((k >= 3876453) AND (k <= 3876553))

table 4 : explain SELECT k, c FROM sbtest4 WHERE k BETWEEN 3876453 AND 3876553
	Bitmap Heap Scan on sbtest4  (cost=5.45..397.80 rows=99 width=125)
	  Recheck Cond: ((k >= 3876453) AND (k <= 3876553))
	  ->  Bitmap Index Scan on k_4  (cost=0.00..5.42 rows=99 width=0)
	        Index Cond: ((k >= 3876453) AND (k <= 3876553))

table 5 : explain SELECT k, c FROM sbtest5 WHERE k BETWEEN 3876453 AND 3876553
	Bitmap Heap Scan on sbtest5  (cost=5.50..417.52 rows=104 width=125)
	  Recheck Cond: ((k >= 3876453) AND (k <= 3876553))
	  ->  Bitmap Index Scan on k_5  (cost=0.00..5.47 rows=104 width=0)
	        Index Cond: ((k >= 3876453) AND (k <= 3876553))

table 6 : explain SELECT k, c FROM sbtest6 WHERE k BETWEEN 3876453 AND 3876553
	Bitmap Heap Scan on sbtest6  (cost=5.48..409.52 rows=102 width=125)
	  Recheck Cond: ((k >= 3876453) AND (k <= 3876553))
	  ->  Bitmap Index Scan on k_6  (cost=0.00..5.45 rows=102 width=0)
	        Index Cond: ((k >= 3876453) AND (k <= 3876553))

table 7 : explain SELECT k, c FROM sbtest7 WHERE k BETWEEN 3876453 AND 3876553
	Bitmap Heap Scan on sbtest7  (cost=5.36..362.22 rows=90 width=125)
	  Recheck Cond: ((k >= 3876453) AND (k <= 3876553))
	  ->  Bitmap Index Scan on k_7  (cost=0.00..5.33 rows=90 width=0)
	        Index Cond: ((k >= 3876453) AND (k <= 3876553))

table 8 : explain SELECT k, c FROM sbtest8 WHERE k BETWEEN 3876453 AND 3876553
	Bitmap Heap Scan on sbtest8  (cost=5.54..433.14 rows=108 width=125)
	  Recheck Cond: ((k >= 3876453) AND (k <= 3876553))
	  ->  Bitmap Index Scan on k_8  (cost=0.00..5.51 rows=108 width=0)
	        Index Cond: ((k >= 3876453) AND (k <= 3876553))

explain: for range-notcovered :: explain SELECT k, c FROM sbtest%d WHERE k BETWEEN 3876453 AND 3876553
explain: for range-notcovered :: explain SELECT k, c FROM sbtest%d WHERE k BETWEEN 6744288 AND 6744388
for range-notcovered
table 1 : explain SELECT k, c FROM sbtest1 WHERE k BETWEEN 4713654 AND 4713754
	Bitmap Heap Scan on sbtest1  (cost=5.49..413.49 rows=103 width=125)
	  Recheck Cond: ((k >= 4713654) AND (k <= 4713754))
	  ->  Bitmap Index Scan on k_1  (cost=0.00..5.46 rows=103 width=0)
	        Index Cond: ((k >= 4713654) AND (k <= 4713754))

table 2 : explain SELECT k, c FROM sbtest2 WHERE k BETWEEN 4713654 AND 4713754
	Bitmap Heap Scan on sbtest2  (cost=5.56..440.97 rows=110 width=125)
	  Recheck Cond: ((k >= 4713654) AND (k <= 4713754))
	  ->  Bitmap Index Scan on k_2  (cost=0.00..5.53 rows=110 width=0)
	        Index Cond: ((k >= 4713654) AND (k <= 4713754))

table 3 : explain SELECT k, c FROM sbtest3 WHERE k BETWEEN 4713654 AND 4713754
	Bitmap Heap Scan on sbtest3  (cost=5.49..413.57 rows=103 width=125)
	  Recheck Cond: ((k >= 4713654) AND (k <= 4713754))
	  ->  Bitmap Index Scan on k_3  (cost=0.00..5.46 rows=103 width=0)
	        Index Cond: ((k >= 4713654) AND (k <= 4713754))

table 4 : explain SELECT k, c FROM sbtest4 WHERE k BETWEEN 4713654 AND 4713754
	Bitmap Heap Scan on sbtest4  (cost=5.35..358.30 rows=89 width=125)
	  Recheck Cond: ((k >= 4713654) AND (k <= 4713754))
	  ->  Bitmap Index Scan on k_4  (cost=0.00..5.32 rows=89 width=0)
	        Index Cond: ((k >= 4713654) AND (k <= 4713754))

table 5 : explain SELECT k, c FROM sbtest5 WHERE k BETWEEN 4713654 AND 4713754
	Bitmap Heap Scan on sbtest5  (cost=5.45..397.79 rows=99 width=125)
	  Recheck Cond: ((k >= 4713654) AND (k <= 4713754))
	  ->  Bitmap Index Scan on k_5  (cost=0.00..5.42 rows=99 width=0)
	        Index Cond: ((k >= 4713654) AND (k <= 4713754))

table 6 : explain SELECT k, c FROM sbtest6 WHERE k BETWEEN 4713654 AND 4713754
	Bitmap Heap Scan on sbtest6  (cost=5.39..374.00 rows=93 width=125)
	  Recheck Cond: ((k >= 4713654) AND (k <= 4713754))
	  ->  Bitmap Index Scan on k_6  (cost=0.00..5.36 rows=93 width=0)
	        Index Cond: ((k >= 4713654) AND (k <= 4713754))

table 7 : explain SELECT k, c FROM sbtest7 WHERE k BETWEEN 4713654 AND 4713754
	Bitmap Heap Scan on sbtest7  (cost=5.44..393.81 rows=98 width=125)
	  Recheck Cond: ((k >= 4713654) AND (k <= 4713754))
	  ->  Bitmap Index Scan on k_7  (cost=0.00..5.42 rows=98 width=0)
	        Index Cond: ((k >= 4713654) AND (k <= 4713754))

table 8 : explain SELECT k, c FROM sbtest8 WHERE k BETWEEN 4713654 AND 4713754
	Bitmap Heap Scan on sbtest8  (cost=5.51..421.31 rows=105 width=125)
	  Recheck Cond: ((k >= 4713654) AND (k <= 4713754))
	  ->  Bitmap Index Scan on k_8  (cost=0.00..5.48 rows=105 width=0)
	        Index Cond: ((k >= 4713654) AND (k <= 4713754))

explain: for range-notcovered :: explain SELECT k, c FROM sbtest%d WHERE k BETWEEN 4713654 AND 4713754
for range-notcovered
table 1 : explain SELECT k, c FROM sbtest1 WHERE k BETWEEN 4890543 AND 4890643
	Bitmap Heap Scan on sbtest1  (cost=5.43..389.82 rows=97 width=125)
	  Recheck Cond: ((k >= 4890543) AND (k <= 4890643))
	  ->  Bitmap Index Scan on k_1  (cost=0.00..5.40 rows=97 width=0)
	        Index Cond: ((k >= 4890543) AND (k <= 4890643))

table 2 : explain SELECT k, c FROM sbtest2 WHERE k BETWEEN 4890543 AND 4890643
	Bitmap Heap Scan on sbtest2  (cost=5.46..401.55 rows=100 width=125)
	  Recheck Cond: ((k >= 4890543) AND (k <= 4890643))
	  ->  Bitmap Index Scan on k_2  (cost=0.00..5.43 rows=100 width=0)
	        Index Cond: ((k >= 4890543) AND (k <= 4890643))

table 3 : explain SELECT k, c FROM sbtest3 WHERE k BETWEEN 4890543 AND 4890643
	Bitmap Heap Scan on sbtest3  (cost=5.41..382.00 rows=95 width=125)
	  Recheck Cond: ((k >= 4890543) AND (k <= 4890643))
	  ->  Bitmap Index Scan on k_3  (cost=0.00..5.38 rows=95 width=0)
	        Index Cond: ((k >= 4890543) AND (k <= 4890643))

table 4 : explain SELECT k, c FROM sbtest4 WHERE k BETWEEN 4890543 AND 4890643
	Bitmap Heap Scan on sbtest4  (cost=5.45..397.80 rows=99 width=125)
	  Recheck Cond: ((k >= 4890543) AND (k <= 4890643))
	  ->  Bitmap Index Scan on k_4  (cost=0.00..5.42 rows=99 width=0)
	        Index Cond: ((k >= 4890543) AND (k <= 4890643))

table 5 : explain SELECT k, c FROM sbtest5 WHERE k BETWEEN 4890543 AND 4890643
	Bitmap Heap Scan on sbtest5  (cost=5.62..464.84 rows=116 width=125)
	  Recheck Cond: ((k >= 4890543) AND (k <= 4890643))
	  ->  Bitmap Index Scan on k_5  (cost=0.00..5.59 rows=116 width=0)
	        Index Cond: ((k >= 4890543) AND (k <= 4890643))

table 6 : explain SELECT k, c FROM sbtest6 WHERE k BETWEEN 4890543 AND 4890643
	Bitmap Heap Scan on sbtest6  (cost=5.48..409.52 rows=102 width=125)
	  Recheck Cond: ((k >= 4890543) AND (k <= 4890643))
	  ->  Bitmap Index Scan on k_6  (cost=0.00..5.45 rows=102 width=0)
	        Index Cond: ((k >= 4890543) AND (k <= 4890643))

table 7 : explain SELECT k, c FROM sbtest7 WHERE k BETWEEN 4890543 AND 4890643
	Bitmap Heap Scan on sbtest7  (cost=5.57..445.09 rows=111 width=125)
	  Recheck Cond: ((k >= 4890543) AND (k <= 4890643))
	  ->  Bitmap Index Scan on k_7  (cost=0.00..5.54 rows=111 width=0)
	        Index Cond: ((k >= 4890543) AND (k <= 4890643))

table 8 : explain SELECT k, c FROM sbtest8 WHERE k BETWEEN 4890543 AND 4890643
	Bitmap Heap Scan on sbtest8  (cost=5.41..381.86 rows=95 width=125)
	  Recheck Cond: ((k >= 4890543) AND (k <= 4890643))
	  ->  Bitmap Index Scan on k_8  (cost=0.00..5.38 rows=95 width=0)
	        Index Cond: ((k >= 4890543) AND (k <= 4890643))

for range-notcovered
table 1 : explain SELECT k, c FROM sbtest1 WHERE k BETWEEN 3648762 AND 3648862
	Bitmap Heap Scan on sbtest1  (cost=5.53..429.27 rows=107 width=125)
	  Recheck Cond: ((k >= 3648762) AND (k <= 3648862))
	  ->  Bitmap Index Scan on k_1  (cost=0.00..5.50 rows=107 width=0)
	        Index Cond: ((k >= 3648762) AND (k <= 3648862))

table 2 : explain SELECT k, c FROM sbtest2 WHERE k BETWEEN 3648762 AND 3648862
	Bitmap Heap Scan on sbtest2  (cost=5.48..409.43 rows=102 width=125)
	  Recheck Cond: ((k >= 3648762) AND (k <= 3648862))
	  ->  Bitmap Index Scan on k_2  (cost=0.00..5.45 rows=102 width=0)
	        Index Cond: ((k >= 3648762) AND (k <= 3648862))

table 3 : explain SELECT k, c FROM sbtest3 WHERE k BETWEEN 3648762 AND 3648862
	Bitmap Heap Scan on sbtest3  (cost=5.56..441.19 rows=110 width=125)
	  Recheck Cond: ((k >= 3648762) AND (k <= 3648862))
	  ->  Bitmap Index Scan on k_3  (cost=0.00..5.53 rows=110 width=0)
	        Index Cond: ((k >= 3648762) AND (k <= 3648862))

table 4 : explain SELECT k, c FROM sbtest4 WHERE k BETWEEN 3648762 AND 3648862
	Bitmap Heap Scan on sbtest4  (cost=5.55..437.25 rows=109 width=125)
	  Recheck Cond: ((k >= 3648762) AND (k <= 3648862))
	  ->  Bitmap Index Scan on k_4  (cost=0.00..5.52 rows=109 width=0)
	        Index Cond: ((k >= 3648762) AND (k <= 3648862))

table 5 : explain SELECT k, c FROM sbtest5 WHERE k BETWEEN 3648762 AND 3648862
	Bitmap Heap Scan on sbtest5  (cost=5.59..453.01 rows=113 width=125)
	  Recheck Cond: ((k >= 3648762) AND (k <= 3648862))
	  ->  Bitmap Index Scan on k_5  (cost=0.00..5.56 rows=113 width=0)
	        Index Cond: ((k >= 3648762) AND (k <= 3648862))

table 6 : explain SELECT k, c FROM sbtest6 WHERE k BETWEEN 3648762 AND 3648862
	Bitmap Heap Scan on sbtest6  (cost=5.61..460.77 rows=115 width=125)
	  Recheck Cond: ((k >= 3648762) AND (k <= 3648862))
	  ->  Bitmap Index Scan on k_6  (cost=0.00..5.58 rows=115 width=0)
	        Index Cond: ((k >= 3648762) AND (k <= 3648862))

table 7 : explain SELECT k, c FROM sbtest7 WHERE k BETWEEN 3648762 AND 3648862
	Bitmap Heap Scan on sbtest7  (cost=5.41..381.97 rows=95 width=125)
	  Recheck Cond: ((k >= 3648762) AND (k <= 3648862))
	  ->  Bitmap Index Scan on k_7  (cost=0.00..5.38 rows=95 width=0)
	        Index Cond: ((k >= 3648762) AND (k <= 3648862))

table 8 : explain SELECT k, c FROM sbtest8 WHERE k BETWEEN 3648762 AND 3648862
	Bitmap Heap Scan on sbtest8  (cost=5.58..448.90 rows=112 width=125)
	  Recheck Cond: ((k >= 3648762) AND (k <= 3648862))
	  ->  Bitmap Index Scan on k_8  (cost=0.00..5.55 rows=112 width=0)
	        Index Cond: ((k >= 3648762) AND (k <= 3648862))

explain: for range-notcovered :: explain SELECT k, c FROM sbtest%d WHERE k BETWEEN 4890543 AND 4890643
for range-notcovered
table 1 : explain SELECT k, c FROM sbtest1 WHERE k BETWEEN 3825386 AND 3825486
	Bitmap Heap Scan on sbtest1  (cost=5.49..413.49 rows=103 width=125)
	  Recheck Cond: ((k >= 3825386) AND (k <= 3825486))
	  ->  Bitmap Index Scan on k_1  (cost=0.00..5.46 rows=103 width=0)
	        Index Cond: ((k >= 3825386) AND (k <= 3825486))

table 2 : explain SELECT k, c FROM sbtest2 WHERE k BETWEEN 3825386 AND 3825486
	Bitmap Heap Scan on sbtest2  (cost=5.43..389.71 rows=97 width=125)
	  Recheck Cond: ((k >= 3825386) AND (k <= 3825486))
	  ->  Bitmap Index Scan on k_2  (cost=0.00..5.40 rows=97 width=0)
	        Index Cond: ((k >= 3825386) AND (k <= 3825486))

table 3 : explain SELECT k, c FROM sbtest3 WHERE k BETWEEN 3825386 AND 3825486
	Bitmap Heap Scan on sbtest3  (cost=5.50..417.52 rows=104 width=125)
	  Recheck Cond: ((k >= 3825386) AND (k <= 3825486))
	  ->  Bitmap Index Scan on k_3  (cost=0.00..5.47 rows=104 width=0)
	        Index Cond: ((k >= 3825386) AND (k <= 3825486))

table 4 : explain SELECT k, c FROM sbtest4 WHERE k BETWEEN 3825386 AND 3825486
	Bitmap Heap Scan on sbtest4  (cost=5.45..397.80 rows=99 width=125)
	  Recheck Cond: ((k >= 3825386) AND (k <= 3825486))
	  ->  Bitmap Index Scan on k_4  (cost=0.00..5.42 rows=99 width=0)
	        Index Cond: ((k >= 3825386) AND (k <= 3825486))

table 5 : explain SELECT k, c FROM sbtest5 WHERE k BETWEEN 3825386 AND 3825486
	Bitmap Heap Scan on sbtest5  (cost=5.50..417.52 rows=104 width=125)
	  Recheck Cond: ((k >= 3825386) AND (k <= 3825486))
	  ->  Bitmap Index Scan on k_5  (cost=0.00..5.47 rows=104 width=0)
	        Index Cond: ((k >= 3825386) AND (k <= 3825486))

table 6 : explain SELECT k, c FROM sbtest6 WHERE k BETWEEN 3825386 AND 3825486
	Bitmap Heap Scan on sbtest6  (cost=5.48..409.52 rows=102 width=125)
	  Recheck Cond: ((k >= 3825386) AND (k <= 3825486))
	  ->  Bitmap Index Scan on k_6  (cost=0.00..5.45 rows=102 width=0)
	        Index Cond: ((k >= 3825386) AND (k <= 3825486))

table 7 : explain SELECT k, c FROM sbtest7 WHERE k BETWEEN 3825386 AND 3825486
	Bitmap Heap Scan on sbtest7  (cost=5.36..362.22 rows=90 width=125)
	  Recheck Cond: ((k >= 3825386) AND (k <= 3825486))
	  ->  Bitmap Index Scan on k_7  (cost=0.00..5.33 rows=90 width=0)
	        Index Cond: ((k >= 3825386) AND (k <= 3825486))

table 8 : explain SELECT k, c FROM sbtest8 WHERE k BETWEEN 3825386 AND 3825486
	Bitmap Heap Scan on sbtest8  (cost=5.44..393.70 rows=98 width=125)
	  Recheck Cond: ((k >= 3825386) AND (k <= 3825486))
	  ->  Bitmap Index Scan on k_8  (cost=0.00..5.42 rows=98 width=0)
	        Index Cond: ((k >= 3825386) AND (k <= 3825486))

explain: for range-notcovered :: explain SELECT k, c FROM sbtest%d WHERE k BETWEEN 3648762 AND 3648862
explain: for range-notcovered :: explain SELECT k, c FROM sbtest%d WHERE k BETWEEN 3825386 AND 3825486
for range-notcovered
table 1 : explain SELECT k, c FROM sbtest1 WHERE k BETWEEN 5574357 AND 5574457
	Bitmap Heap Scan on sbtest1  (cost=5.49..413.49 rows=103 width=125)
	  Recheck Cond: ((k >= 5574357) AND (k <= 5574457))
	  ->  Bitmap Index Scan on k_1  (cost=0.00..5.46 rows=103 width=0)
	        Index Cond: ((k >= 5574357) AND (k <= 5574457))

table 2 : explain SELECT k, c FROM sbtest2 WHERE k BETWEEN 5574357 AND 5574457
	Bitmap Heap Scan on sbtest2  (cost=5.47..405.49 rows=101 width=125)
	  Recheck Cond: ((k >= 5574357) AND (k <= 5574457))
	  ->  Bitmap Index Scan on k_2  (cost=0.00..5.44 rows=101 width=0)
	        Index Cond: ((k >= 5574357) AND (k <= 5574457))

table 3 : explain SELECT k, c FROM sbtest3 WHERE k BETWEEN 5574357 AND 5574457
	Bitmap Heap Scan on sbtest3  (cost=5.61..460.90 rows=115 width=125)
	  Recheck Cond: ((k >= 5574357) AND (k <= 5574457))
	  ->  Bitmap Index Scan on k_3  (cost=0.00..5.58 rows=115 width=0)
	        Index Cond: ((k >= 5574357) AND (k <= 5574457))

table 4 : explain SELECT k, c FROM sbtest4 WHERE k BETWEEN 5574357 AND 5574457
	Bitmap Heap Scan on sbtest4  (cost=5.57..445.14 rows=111 width=125)
	  Recheck Cond: ((k >= 5574357) AND (k <= 5574457))
	  ->  Bitmap Index Scan on k_4  (cost=0.00..5.54 rows=111 width=0)
	        Index Cond: ((k >= 5574357) AND (k <= 5574457))

table 5 : explain SELECT k, c FROM sbtest5 WHERE k BETWEEN 5574357 AND 5574457
	Bitmap Heap Scan on sbtest5  (cost=5.52..425.41 rows=106 width=125)
	  Recheck Cond: ((k >= 5574357) AND (k <= 5574457))
	  ->  Bitmap Index Scan on k_5  (cost=0.00..5.50 rows=106 width=0)
	        Index Cond: ((k >= 5574357) AND (k <= 5574457))

table 6 : explain SELECT k, c FROM sbtest6 WHERE k BETWEEN 5574357 AND 5574457
	Bitmap Heap Scan on sbtest6  (cost=5.50..417.41 rows=104 width=125)
	  Recheck Cond: ((k >= 5574357) AND (k <= 5574457))
	  ->  Bitmap Index Scan on k_6  (cost=0.00..5.47 rows=104 width=0)
	        Index Cond: ((k >= 5574357) AND (k <= 5574457))

table 7 : explain SELECT k, c FROM sbtest7 WHERE k BETWEEN 5574357 AND 5574457
	Bitmap Heap Scan on sbtest7  (cost=5.45..397.76 rows=99 width=125)
	  Recheck Cond: ((k >= 5574357) AND (k <= 5574457))
	  ->  Bitmap Index Scan on k_7  (cost=0.00..5.42 rows=99 width=0)
	        Index Cond: ((k >= 5574357) AND (k <= 5574457))

table 8 : explain SELECT k, c FROM sbtest8 WHERE k BETWEEN 5574357 AND 5574457
	Bitmap Heap Scan on sbtest8  (cost=5.45..397.65 rows=99 width=125)
	  Recheck Cond: ((k >= 5574357) AND (k <= 5574457))
	  ->  Bitmap Index Scan on k_8  (cost=0.00..5.42 rows=99 width=0)
	        Index Cond: ((k >= 5574357) AND (k <= 5574457))

for range-notcovered
table 1 : explain SELECT k, c FROM sbtest1 WHERE k BETWEEN 5871232 AND 5871332
	Bitmap Heap Scan on sbtest1  (cost=5.44..393.76 rows=98 width=125)
	  Recheck Cond: ((k >= 5871232) AND (k <= 5871332))
	  ->  Bitmap Index Scan on k_1  (cost=0.00..5.42 rows=98 width=0)
	        Index Cond: ((k >= 5871232) AND (k <= 5871332))

table 2 : explain SELECT k, c FROM sbtest2 WHERE k BETWEEN 5871232 AND 5871332
	Bitmap Heap Scan on sbtest2  (cost=5.55..437.03 rows=109 width=125)
	  Recheck Cond: ((k >= 5871232) AND (k <= 5871332))
	  ->  Bitmap Index Scan on k_2  (cost=0.00..5.52 rows=109 width=0)
	        Index Cond: ((k >= 5871232) AND (k <= 5871332))

table 3 : explain SELECT k, c FROM sbtest3 WHERE k BETWEEN 5871232 AND 5871332
	Bitmap Heap Scan on sbtest3  (cost=5.44..393.84 rows=98 width=125)
	  Recheck Cond: ((k >= 5871232) AND (k <= 5871332))
	  ->  Bitmap Index Scan on k_3  (cost=0.00..5.42 rows=98 width=0)
	        Index Cond: ((k >= 5871232) AND (k <= 5871332))

table 4 : explain SELECT k, c FROM sbtest4 WHERE k BETWEEN 5871232 AND 5871332
	Bitmap Heap Scan on sbtest4  (cost=5.47..405.69 rows=101 width=125)
	  Recheck Cond: ((k >= 5871232) AND (k <= 5871332))
	  ->  Bitmap Index Scan on k_4  (cost=0.00..5.44 rows=101 width=0)
	        Index Cond: ((k >= 5871232) AND (k <= 5871332))

table 5 : explain SELECT k, c FROM sbtest5 WHERE k BETWEEN 5871232 AND 5871332
	Bitmap Heap Scan on sbtest5  (cost=5.41..382.00 rows=95 width=125)
	  Recheck Cond: ((k >= 5871232) AND (k <= 5871332))
	  ->  Bitmap Index Scan on k_5  (cost=0.00..5.38 rows=95 width=0)
	        Index Cond: ((k >= 5871232) AND (k <= 5871332))

table 6 : explain SELECT k, c FROM sbtest6 WHERE k BETWEEN 5871232 AND 5871332
	Bitmap Heap Scan on sbtest6  (cost=5.45..397.69 rows=99 width=125)
	  Recheck Cond: ((k >= 5871232) AND (k <= 5871332))
	  ->  Bitmap Index Scan on k_6  (cost=0.00..5.42 rows=99 width=0)
	        Index Cond: ((k >= 5871232) AND (k <= 5871332))

table 7 : explain SELECT k, c FROM sbtest7 WHERE k BETWEEN 5871232 AND 5871332
	Bitmap Heap Scan on sbtest7  (cost=5.45..397.76 rows=99 width=125)
	  Recheck Cond: ((k >= 5871232) AND (k <= 5871332))
	  ->  Bitmap Index Scan on k_7  (cost=0.00..5.42 rows=99 width=0)
	        Index Cond: ((k >= 5871232) AND (k <= 5871332))

table 8 : explain SELECT k, c FROM sbtest8 WHERE k BETWEEN 5871232 AND 5871332
	Bitmap Heap Scan on sbtest8  (cost=5.54..433.14 rows=108 width=125)
	  Recheck Cond: ((k >= 5871232) AND (k <= 5871332))
	  ->  Bitmap Index Scan on k_8  (cost=0.00..5.51 rows=108 width=0)
	        Index Cond: ((k >= 5871232) AND (k <= 5871332))

for range-notcovered
table 1 : explain SELECT k, c FROM sbtest1 WHERE k BETWEEN 4509380 AND 4509480
	Bitmap Heap Scan on sbtest1  (cost=5.49..413.49 rows=103 width=125)
	  Recheck Cond: ((k >= 4509380) AND (k <= 4509480))
	  ->  Bitmap Index Scan on k_1  (cost=0.00..5.46 rows=103 width=0)
	        Index Cond: ((k >= 4509380) AND (k <= 4509480))

table 2 : explain SELECT k, c FROM sbtest2 WHERE k BETWEEN 4509380 AND 4509480
	Bitmap Heap Scan on sbtest2  (cost=5.50..417.32 rows=104 width=125)
	  Recheck Cond: ((k >= 4509380) AND (k <= 4509480))
	  ->  Bitmap Index Scan on k_2  (cost=0.00..5.47 rows=104 width=0)
	        Index Cond: ((k >= 4509380) AND (k <= 4509480))

table 3 : explain SELECT k, c FROM sbtest3 WHERE k BETWEEN 4509380 AND 4509480
	Bitmap Heap Scan on sbtest3  (cost=5.49..413.57 rows=103 width=125)
	  Recheck Cond: ((k >= 4509380) AND (k <= 4509480))
	  ->  Bitmap Index Scan on k_3  (cost=0.00..5.46 rows=103 width=0)
	        Index Cond: ((k >= 4509380) AND (k <= 4509480))

table 4 : explain SELECT k, c FROM sbtest4 WHERE k BETWEEN 4509380 AND 4509480
	Bitmap Heap Scan on sbtest4  (cost=5.45..397.80 rows=99 width=125)
	  Recheck Cond: ((k >= 4509380) AND (k <= 4509480))
	  ->  Bitmap Index Scan on k_4  (cost=0.00..5.42 rows=99 width=0)
	        Index Cond: ((k >= 4509380) AND (k <= 4509480))

table 5 : explain SELECT k, c FROM sbtest5 WHERE k BETWEEN 4509380 AND 4509480
	Bitmap Heap Scan on sbtest5  (cost=5.55..437.24 rows=109 width=125)
	  Recheck Cond: ((k >= 4509380) AND (k <= 4509480))
	  ->  Bitmap Index Scan on k_5  (cost=0.00..5.52 rows=109 width=0)
	        Index Cond: ((k >= 4509380) AND (k <= 4509480))

table 6 : explain SELECT k, c FROM sbtest6 WHERE k BETWEEN 4509380 AND 4509480
	Bitmap Heap Scan on sbtest6  (cost=5.39..374.00 rows=93 width=125)
	  Recheck Cond: ((k >= 4509380) AND (k <= 4509480))
	  ->  Bitmap Index Scan on k_6  (cost=0.00..5.36 rows=93 width=0)
	        Index Cond: ((k >= 4509380) AND (k <= 4509480))

table 7 : explain SELECT k, c FROM sbtest7 WHERE k BETWEEN 4509380 AND 4509480
	Bitmap Heap Scan on sbtest7  (cost=5.45..397.76 rows=99 width=125)
	  Recheck Cond: ((k >= 4509380) AND (k <= 4509480))
	  ->  Bitmap Index Scan on k_7  (cost=0.00..5.42 rows=99 width=0)
	        Index Cond: ((k >= 4509380) AND (k <= 4509480))

table 8 : explain SELECT k, c FROM sbtest8 WHERE k BETWEEN 4509380 AND 4509480
	Bitmap Heap Scan on sbtest8  (cost=5.53..429.19 rows=107 width=125)
	  Recheck Cond: ((k >= 4509380) AND (k <= 4509480))
	  ->  Bitmap Index Scan on k_8  (cost=0.00..5.50 rows=107 width=0)
	        Index Cond: ((k >= 4509380) AND (k <= 4509480))

explain: for range-notcovered :: explain SELECT k, c FROM sbtest%d WHERE k BETWEEN 5871232 AND 5871332
explain: for range-notcovered :: explain SELECT k, c FROM sbtest%d WHERE k BETWEEN 4509380 AND 4509480
for range-notcovered
table 1 : explain SELECT k, c FROM sbtest1 WHERE k BETWEEN 3876453 AND 3876553
	Bitmap Heap Scan on sbtest1  (cost=5.49..413.49 rows=103 width=125)
	  Recheck Cond: ((k >= 3876453) AND (k <= 3876553))
	  ->  Bitmap Index Scan on k_1  (cost=0.00..5.46 rows=103 width=0)
	        Index Cond: ((k >= 3876453) AND (k <= 3876553))

table 2 : explain SELECT k, c FROM sbtest2 WHERE k BETWEEN 3876453 AND 3876553
	Bitmap Heap Scan on sbtest2  (cost=5.39..373.93 rows=93 width=125)
	  Recheck Cond: ((k >= 3876453) AND (k <= 3876553))
	  ->  Bitmap Index Scan on k_2  (cost=0.00..5.36 rows=93 width=0)
	        Index Cond: ((k >= 3876453) AND (k <= 3876553))

table 3 : explain SELECT k, c FROM sbtest3 WHERE k BETWEEN 3876453 AND 3876553
	Bitmap Heap Scan on sbtest3  (cost=5.46..401.74 rows=100 width=125)
	  Recheck Cond: ((k >= 3876453) AND (k <= 3876553))
	  ->  Bitmap Index Scan on k_3  (cost=0.00..5.43 rows=100 width=0)
	        Index Cond: ((k >= 3876453) AND (k <= 3876553))

table 4 : explain SELECT k, c FROM sbtest4 WHERE k BETWEEN 3876453 AND 3876553
	Bitmap Heap Scan on sbtest4  (cost=5.45..397.80 rows=99 width=125)
	  Recheck Cond: ((k >= 3876453) AND (k <= 3876553))
	  ->  Bitmap Index Scan on k_4  (cost=0.00..5.42 rows=99 width=0)
	        Index Cond: ((k >= 3876453) AND (k <= 3876553))

table 5 : explain SELECT k, c FROM sbtest5 WHERE k BETWEEN 3876453 AND 3876553
	Bitmap Heap Scan on sbtest5  (cost=5.50..417.52 rows=104 width=125)
	  Recheck Cond: ((k >= 3876453) AND (k <= 3876553))
	  ->  Bitmap Index Scan on k_5  (cost=0.00..5.47 rows=104 width=0)
	        Index Cond: ((k >= 3876453) AND (k <= 3876553))

table 6 : explain SELECT k, c FROM sbtest6 WHERE k BETWEEN 3876453 AND 3876553
	Bitmap Heap Scan on sbtest6  (cost=5.48..409.52 rows=102 width=125)
	  Recheck Cond: ((k >= 3876453) AND (k <= 3876553))
	  ->  Bitmap Index Scan on k_6  (cost=0.00..5.45 rows=102 width=0)
	        Index Cond: ((k >= 3876453) AND (k <= 3876553))

table 7 : explain SELECT k, c FROM sbtest7 WHERE k BETWEEN 3876453 AND 3876553
	Bitmap Heap Scan on sbtest7  (cost=5.36..362.22 rows=90 width=125)
	  Recheck Cond: ((k >= 3876453) AND (k <= 3876553))
	  ->  Bitmap Index Scan on k_7  (cost=0.00..5.33 rows=90 width=0)
	        Index Cond: ((k >= 3876453) AND (k <= 3876553))

table 8 : explain SELECT k, c FROM sbtest8 WHERE k BETWEEN 3876453 AND 3876553
	Bitmap Heap Scan on sbtest8  (cost=5.54..433.14 rows=108 width=125)
	  Recheck Cond: ((k >= 3876453) AND (k <= 3876553))
	  ->  Bitmap Index Scan on k_8  (cost=0.00..5.51 rows=108 width=0)
	        Index Cond: ((k >= 3876453) AND (k <= 3876553))

explain: for range-notcovered :: explain SELECT k, c FROM sbtest%d WHERE k BETWEEN 3876453 AND 3876553
for range-notcovered
table 1 : explain SELECT k, c FROM sbtest1 WHERE k BETWEEN 6744288 AND 6744388
	Bitmap Heap Scan on sbtest1  (cost=5.53..429.27 rows=107 width=125)
	  Recheck Cond: ((k >= 6744288) AND (k <= 6744388))
	  ->  Bitmap Index Scan on k_1  (cost=0.00..5.50 rows=107 width=0)
	        Index Cond: ((k >= 6744288) AND (k <= 6744388))

table 2 : explain SELECT k, c FROM sbtest2 WHERE k BETWEEN 6744288 AND 6744388
	Bitmap Heap Scan on sbtest2  (cost=5.40..377.88 rows=94 width=125)
	  Recheck Cond: ((k >= 6744288) AND (k <= 6744388))
	  ->  Bitmap Index Scan on k_2  (cost=0.00..5.38 rows=94 width=0)
	        Index Cond: ((k >= 6744288) AND (k <= 6744388))

table 3 : explain SELECT k, c FROM sbtest3 WHERE k BETWEEN 6744288 AND 6744388
	Bitmap Heap Scan on sbtest3  (cost=5.60..456.95 rows=114 width=125)
	  Recheck Cond: ((k >= 6744288) AND (k <= 6744388))
	  ->  Bitmap Index Scan on k_3  (cost=0.00..5.58 rows=114 width=0)
	        Index Cond: ((k >= 6744288) AND (k <= 6744388))

table 4 : explain SELECT k, c FROM sbtest4 WHERE k BETWEEN 6744288 AND 6744388
	Bitmap Heap Scan on sbtest4  (cost=5.56..441.20 rows=110 width=125)
	  Recheck Cond: ((k >= 6744288) AND (k <= 6744388))
	  ->  Bitmap Index Scan on k_4  (cost=0.00..5.53 rows=110 width=0)
	        Index Cond: ((k >= 6744288) AND (k <= 6744388))

table 5 : explain SELECT k, c FROM sbtest5 WHERE k BETWEEN 6744288 AND 6744388
	Bitmap Heap Scan on sbtest5  (cost=5.41..382.00 rows=95 width=125)
	  Recheck Cond: ((k >= 6744288) AND (k <= 6744388))
	  ->  Bitmap Index Scan on k_5  (cost=0.00..5.38 rows=95 width=0)
	        Index Cond: ((k >= 6744288) AND (k <= 6744388))

table 6 : explain SELECT k, c FROM sbtest6 WHERE k BETWEEN 6744288 AND 6744388
	Bitmap Heap Scan on sbtest6  (cost=5.44..393.74 rows=98 width=125)
	  Recheck Cond: ((k >= 6744288) AND (k <= 6744388))
	  ->  Bitmap Index Scan on k_6  (cost=0.00..5.42 rows=98 width=0)
	        Index Cond: ((k >= 6744288) AND (k <= 6744388))

table 7 : explain SELECT k, c FROM sbtest7 WHERE k BETWEEN 6744288 AND 6744388
	Bitmap Heap Scan on sbtest7  (cost=5.42..385.92 rows=96 width=125)
	  Recheck Cond: ((k >= 6744288) AND (k <= 6744388))
	  ->  Bitmap Index Scan on k_7  (cost=0.00..5.39 rows=96 width=0)
	        Index Cond: ((k >= 6744288) AND (k <= 6744388))

table 8 : explain SELECT k, c FROM sbtest8 WHERE k BETWEEN 6744288 AND 6744388
	Bitmap Heap Scan on sbtest8  (cost=5.52..425.25 rows=106 width=125)
	  Recheck Cond: ((k >= 6744288) AND (k <= 6744388))
	  ->  Bitmap Index Scan on k_8  (cost=0.00..5.50 rows=106 width=0)
	        Index Cond: ((k >= 6744288) AND (k <= 6744388))

explain: for range-notcovered :: explain SELECT k, c FROM sbtest%d WHERE k BETWEEN 1473996 AND 1474096
for range-notcovered
table 1 : explain SELECT k, c FROM sbtest1 WHERE k BETWEEN 4890543 AND 4890643
	Bitmap Heap Scan on sbtest1  (cost=5.43..389.82 rows=97 width=125)
	  Recheck Cond: ((k >= 4890543) AND (k <= 4890643))
	  ->  Bitmap Index Scan on k_1  (cost=0.00..5.40 rows=97 width=0)
	        Index Cond: ((k >= 4890543) AND (k <= 4890643))

table 2 : explain SELECT k, c FROM sbtest2 WHERE k BETWEEN 4890543 AND 4890643
	Bitmap Heap Scan on sbtest2  (cost=5.46..401.55 rows=100 width=125)
	  Recheck Cond: ((k >= 4890543) AND (k <= 4890643))
	  ->  Bitmap Index Scan on k_2  (cost=0.00..5.43 rows=100 width=0)
	        Index Cond: ((k >= 4890543) AND (k <= 4890643))

table 3 : explain SELECT k, c FROM sbtest3 WHERE k BETWEEN 4890543 AND 4890643
	Bitmap Heap Scan on sbtest3  (cost=5.41..382.00 rows=95 width=125)
	  Recheck Cond: ((k >= 4890543) AND (k <= 4890643))
	  ->  Bitmap Index Scan on k_3  (cost=0.00..5.38 rows=95 width=0)
	        Index Cond: ((k >= 4890543) AND (k <= 4890643))

table 4 : explain SELECT k, c FROM sbtest4 WHERE k BETWEEN 4890543 AND 4890643
	Bitmap Heap Scan on sbtest4  (cost=5.45..397.80 rows=99 width=125)
	  Recheck Cond: ((k >= 4890543) AND (k <= 4890643))
	  ->  Bitmap Index Scan on k_4  (cost=0.00..5.42 rows=99 width=0)
	        Index Cond: ((k >= 4890543) AND (k <= 4890643))

table 5 : explain SELECT k, c FROM sbtest5 WHERE k BETWEEN 4890543 AND 4890643
	Bitmap Heap Scan on sbtest5  (cost=5.62..464.84 rows=116 width=125)
	  Recheck Cond: ((k >= 4890543) AND (k <= 4890643))
	  ->  Bitmap Index Scan on k_5  (cost=0.00..5.59 rows=116 width=0)
	        Index Cond: ((k >= 4890543) AND (k <= 4890643))

table 6 : explain SELECT k, c FROM sbtest6 WHERE k BETWEEN 4890543 AND 4890643
	Bitmap Heap Scan on sbtest6  (cost=5.48..409.52 rows=102 width=125)
	  Recheck Cond: ((k >= 4890543) AND (k <= 4890643))
	  ->  Bitmap Index Scan on k_6  (cost=0.00..5.45 rows=102 width=0)
	        Index Cond: ((k >= 4890543) AND (k <= 4890643))

table 7 : explain SELECT k, c FROM sbtest7 WHERE k BETWEEN 4890543 AND 4890643
	Bitmap Heap Scan on sbtest7  (cost=5.57..445.09 rows=111 width=125)
	  Recheck Cond: ((k >= 4890543) AND (k <= 4890643))
	  ->  Bitmap Index Scan on k_7  (cost=0.00..5.54 rows=111 width=0)
	        Index Cond: ((k >= 4890543) AND (k <= 4890643))

table 8 : explain SELECT k, c FROM sbtest8 WHERE k BETWEEN 4890543 AND 4890643
	Bitmap Heap Scan on sbtest8  (cost=5.41..381.86 rows=95 width=125)
	  Recheck Cond: ((k >= 4890543) AND (k <= 4890643))
	  ->  Bitmap Index Scan on k_8  (cost=0.00..5.38 rows=95 width=0)
	        Index Cond: ((k >= 4890543) AND (k <= 4890643))

explain: for range-notcovered :: explain SELECT k, c FROM sbtest%d WHERE k BETWEEN 7846121 AND 7846221
explain: for range-notcovered :: explain SELECT k, c FROM sbtest%d WHERE k BETWEEN 4890543 AND 4890643
for range-notcovered
table 1 : explain SELECT k, c FROM sbtest1 WHERE k BETWEEN 3825386 AND 3825486
	Bitmap Heap Scan on sbtest1  (cost=5.49..413.49 rows=103 width=125)
	  Recheck Cond: ((k >= 3825386) AND (k <= 3825486))
	  ->  Bitmap Index Scan on k_1  (cost=0.00..5.46 rows=103 width=0)
	        Index Cond: ((k >= 3825386) AND (k <= 3825486))

table 2 : explain SELECT k, c FROM sbtest2 WHERE k BETWEEN 3825386 AND 3825486
	Bitmap Heap Scan on sbtest2  (cost=5.43..389.71 rows=97 width=125)
	  Recheck Cond: ((k >= 3825386) AND (k <= 3825486))
	  ->  Bitmap Index Scan on k_2  (cost=0.00..5.40 rows=97 width=0)
	        Index Cond: ((k >= 3825386) AND (k <= 3825486))

table 3 : explain SELECT k, c FROM sbtest3 WHERE k BETWEEN 3825386 AND 3825486
	Bitmap Heap Scan on sbtest3  (cost=5.50..417.52 rows=104 width=125)
	  Recheck Cond: ((k >= 3825386) AND (k <= 3825486))
	  ->  Bitmap Index Scan on k_3  (cost=0.00..5.47 rows=104 width=0)
	        Index Cond: ((k >= 3825386) AND (k <= 3825486))

table 4 : explain SELECT k, c FROM sbtest4 WHERE k BETWEEN 3825386 AND 3825486
	Bitmap Heap Scan on sbtest4  (cost=5.45..397.80 rows=99 width=125)
	  Recheck Cond: ((k >= 3825386) AND (k <= 3825486))
	  ->  Bitmap Index Scan on k_4  (cost=0.00..5.42 rows=99 width=0)
	        Index Cond: ((k >= 3825386) AND (k <= 3825486))

table 5 : explain SELECT k, c FROM sbtest5 WHERE k BETWEEN 3825386 AND 3825486
	Bitmap Heap Scan on sbtest5  (cost=5.50..417.52 rows=104 width=125)
	  Recheck Cond: ((k >= 3825386) AND (k <= 3825486))
	  ->  Bitmap Index Scan on k_5  (cost=0.00..5.47 rows=104 width=0)
	        Index Cond: ((k >= 3825386) AND (k <= 3825486))

table 6 : explain SELECT k, c FROM sbtest6 WHERE k BETWEEN 3825386 AND 3825486
	Bitmap Heap Scan on sbtest6  (cost=5.48..409.52 rows=102 width=125)
	  Recheck Cond: ((k >= 3825386) AND (k <= 3825486))
	  ->  Bitmap Index Scan on k_6  (cost=0.00..5.45 rows=102 width=0)
	        Index Cond: ((k >= 3825386) AND (k <= 3825486))

table 7 : explain SELECT k, c FROM sbtest7 WHERE k BETWEEN 3825386 AND 3825486
	Bitmap Heap Scan on sbtest7  (cost=5.36..362.22 rows=90 width=125)
	  Recheck Cond: ((k >= 3825386) AND (k <= 3825486))
	  ->  Bitmap Index Scan on k_7  (cost=0.00..5.33 rows=90 width=0)
	        Index Cond: ((k >= 3825386) AND (k <= 3825486))

table 8 : explain SELECT k, c FROM sbtest8 WHERE k BETWEEN 3825386 AND 3825486
	Bitmap Heap Scan on sbtest8  (cost=5.44..393.70 rows=98 width=125)
	  Recheck Cond: ((k >= 3825386) AND (k <= 3825486))
	  ->  Bitmap Index Scan on k_8  (cost=0.00..5.42 rows=98 width=0)
	        Index Cond: ((k >= 3825386) AND (k <= 3825486))

explain: for range-notcovered :: explain SELECT k, c FROM sbtest%d WHERE k BETWEEN 5247593 AND 5247693
explain: for range-notcovered :: explain SELECT k, c FROM sbtest%d WHERE k BETWEEN 3825386 AND 3825486
for range-notcovered
table 1 : explain SELECT k, c FROM sbtest1 WHERE k BETWEEN 5871232 AND 5871332
	Bitmap Heap Scan on sbtest1  (cost=5.44..393.76 rows=98 width=125)
	  Recheck Cond: ((k >= 5871232) AND (k <= 5871332))
	  ->  Bitmap Index Scan on k_1  (cost=0.00..5.42 rows=98 width=0)
	        Index Cond: ((k >= 5871232) AND (k <= 5871332))

table 2 : explain SELECT k, c FROM sbtest2 WHERE k BETWEEN 5871232 AND 5871332
	Bitmap Heap Scan on sbtest2  (cost=5.55..437.03 rows=109 width=125)
	  Recheck Cond: ((k >= 5871232) AND (k <= 5871332))
	  ->  Bitmap Index Scan on k_2  (cost=0.00..5.52 rows=109 width=0)
	        Index Cond: ((k >= 5871232) AND (k <= 5871332))

table 3 : explain SELECT k, c FROM sbtest3 WHERE k BETWEEN 5871232 AND 5871332
	Bitmap Heap Scan on sbtest3  (cost=5.44..393.84 rows=98 width=125)
	  Recheck Cond: ((k >= 5871232) AND (k <= 5871332))
	  ->  Bitmap Index Scan on k_3  (cost=0.00..5.42 rows=98 width=0)
	        Index Cond: ((k >= 5871232) AND (k <= 5871332))

table 4 : explain SELECT k, c FROM sbtest4 WHERE k BETWEEN 5871232 AND 5871332
	Bitmap Heap Scan on sbtest4  (cost=5.47..405.69 rows=101 width=125)
	  Recheck Cond: ((k >= 5871232) AND (k <= 5871332))
	  ->  Bitmap Index Scan on k_4  (cost=0.00..5.44 rows=101 width=0)
	        Index Cond: ((k >= 5871232) AND (k <= 5871332))

table 5 : explain SELECT k, c FROM sbtest5 WHERE k BETWEEN 5871232 AND 5871332
	Bitmap Heap Scan on sbtest5  (cost=5.41..382.00 rows=95 width=125)
	  Recheck Cond: ((k >= 5871232) AND (k <= 5871332))
	  ->  Bitmap Index Scan on k_5  (cost=0.00..5.38 rows=95 width=0)
	        Index Cond: ((k >= 5871232) AND (k <= 5871332))

table 6 : explain SELECT k, c FROM sbtest6 WHERE k BETWEEN 5871232 AND 5871332
	Bitmap Heap Scan on sbtest6  (cost=5.45..397.69 rows=99 width=125)
	  Recheck Cond: ((k >= 5871232) AND (k <= 5871332))
	  ->  Bitmap Index Scan on k_6  (cost=0.00..5.42 rows=99 width=0)
	        Index Cond: ((k >= 5871232) AND (k <= 5871332))

table 7 : explain SELECT k, c FROM sbtest7 WHERE k BETWEEN 5871232 AND 5871332
	Bitmap Heap Scan on sbtest7  (cost=5.45..397.76 rows=99 width=125)
	  Recheck Cond: ((k >= 5871232) AND (k <= 5871332))
	  ->  Bitmap Index Scan on k_7  (cost=0.00..5.42 rows=99 width=0)
	        Index Cond: ((k >= 5871232) AND (k <= 5871332))

table 8 : explain SELECT k, c FROM sbtest8 WHERE k BETWEEN 5871232 AND 5871332
	Bitmap Heap Scan on sbtest8  (cost=5.54..433.14 rows=108 width=125)
	  Recheck Cond: ((k >= 5871232) AND (k <= 5871332))
	  ->  Bitmap Index Scan on k_8  (cost=0.00..5.51 rows=108 width=0)
	        Index Cond: ((k >= 5871232) AND (k <= 5871332))

explain: for range-notcovered :: explain SELECT k, c FROM sbtest%d WHERE k BETWEEN 6744288 AND 6744388
explain: for range-notcovered :: explain SELECT k, c FROM sbtest%d WHERE k BETWEEN 5871232 AND 5871332
for range-notcovered
table 1 : explain SELECT k, c FROM sbtest1 WHERE k BETWEEN 4509380 AND 4509480
	Bitmap Heap Scan on sbtest1  (cost=5.49..413.49 rows=103 width=125)
	  Recheck Cond: ((k >= 4509380) AND (k <= 4509480))
	  ->  Bitmap Index Scan on k_1  (cost=0.00..5.46 rows=103 width=0)
	        Index Cond: ((k >= 4509380) AND (k <= 4509480))

table 2 : explain SELECT k, c FROM sbtest2 WHERE k BETWEEN 4509380 AND 4509480
	Bitmap Heap Scan on sbtest2  (cost=5.50..417.32 rows=104 width=125)
	  Recheck Cond: ((k >= 4509380) AND (k <= 4509480))
	  ->  Bitmap Index Scan on k_2  (cost=0.00..5.47 rows=104 width=0)
	        Index Cond: ((k >= 4509380) AND (k <= 4509480))

table 3 : explain SELECT k, c FROM sbtest3 WHERE k BETWEEN 4509380 AND 4509480
	Bitmap Heap Scan on sbtest3  (cost=5.49..413.57 rows=103 width=125)
	  Recheck Cond: ((k >= 4509380) AND (k <= 4509480))
	  ->  Bitmap Index Scan on k_3  (cost=0.00..5.46 rows=103 width=0)
	        Index Cond: ((k >= 4509380) AND (k <= 4509480))

table 4 : explain SELECT k, c FROM sbtest4 WHERE k BETWEEN 4509380 AND 4509480
	Bitmap Heap Scan on sbtest4  (cost=5.45..397.80 rows=99 width=125)
	  Recheck Cond: ((k >= 4509380) AND (k <= 4509480))
	  ->  Bitmap Index Scan on k_4  (cost=0.00..5.42 rows=99 width=0)
	        Index Cond: ((k >= 4509380) AND (k <= 4509480))

table 5 : explain SELECT k, c FROM sbtest5 WHERE k BETWEEN 4509380 AND 4509480
	Bitmap Heap Scan on sbtest5  (cost=5.55..437.24 rows=109 width=125)
	  Recheck Cond: ((k >= 4509380) AND (k <= 4509480))
	  ->  Bitmap Index Scan on k_5  (cost=0.00..5.52 rows=109 width=0)
	        Index Cond: ((k >= 4509380) AND (k <= 4509480))

table 6 : explain SELECT k, c FROM sbtest6 WHERE k BETWEEN 4509380 AND 4509480
	Bitmap Heap Scan on sbtest6  (cost=5.39..374.00 rows=93 width=125)
	  Recheck Cond: ((k >= 4509380) AND (k <= 4509480))
	  ->  Bitmap Index Scan on k_6  (cost=0.00..5.36 rows=93 width=0)
	        Index Cond: ((k >= 4509380) AND (k <= 4509480))

table 7 : explain SELECT k, c FROM sbtest7 WHERE k BETWEEN 4509380 AND 4509480
	Bitmap Heap Scan on sbtest7  (cost=5.45..397.76 rows=99 width=125)
	  Recheck Cond: ((k >= 4509380) AND (k <= 4509480))
	  ->  Bitmap Index Scan on k_7  (cost=0.00..5.42 rows=99 width=0)
	        Index Cond: ((k >= 4509380) AND (k <= 4509480))

table 8 : explain SELECT k, c FROM sbtest8 WHERE k BETWEEN 4509380 AND 4509480
	Bitmap Heap Scan on sbtest8  (cost=5.53..429.19 rows=107 width=125)
	  Recheck Cond: ((k >= 4509380) AND (k <= 4509480))
	  ->  Bitmap Index Scan on k_8  (cost=0.00..5.50 rows=107 width=0)
	        Index Cond: ((k >= 4509380) AND (k <= 4509480))

explain: for range-notcovered :: explain SELECT k, c FROM sbtest%d WHERE k BETWEEN 2861958 AND 2862058
explain: for range-notcovered :: explain SELECT k, c FROM sbtest%d WHERE k BETWEEN 4509380 AND 4509480
for range-notcovered
table 1 : explain SELECT k, c FROM sbtest1 WHERE k BETWEEN 3876453 AND 3876553
	Bitmap Heap Scan on sbtest1  (cost=5.49..413.49 rows=103 width=125)
	  Recheck Cond: ((k >= 3876453) AND (k <= 3876553))
	  ->  Bitmap Index Scan on k_1  (cost=0.00..5.46 rows=103 width=0)
	        Index Cond: ((k >= 3876453) AND (k <= 3876553))

table 2 : explain SELECT k, c FROM sbtest2 WHERE k BETWEEN 3876453 AND 3876553
	Bitmap Heap Scan on sbtest2  (cost=5.39..373.93 rows=93 width=125)
	  Recheck Cond: ((k >= 3876453) AND (k <= 3876553))
	  ->  Bitmap Index Scan on k_2  (cost=0.00..5.36 rows=93 width=0)
	        Index Cond: ((k >= 3876453) AND (k <= 3876553))

table 3 : explain SELECT k, c FROM sbtest3 WHERE k BETWEEN 3876453 AND 3876553
	Bitmap Heap Scan on sbtest3  (cost=5.46..401.74 rows=100 width=125)
	  Recheck Cond: ((k >= 3876453) AND (k <= 3876553))
	  ->  Bitmap Index Scan on k_3  (cost=0.00..5.43 rows=100 width=0)
	        Index Cond: ((k >= 3876453) AND (k <= 3876553))

table 4 : explain SELECT k, c FROM sbtest4 WHERE k BETWEEN 3876453 AND 3876553
	Bitmap Heap Scan on sbtest4  (cost=5.45..397.80 rows=99 width=125)
	  Recheck Cond: ((k >= 3876453) AND (k <= 3876553))
	  ->  Bitmap Index Scan on k_4  (cost=0.00..5.42 rows=99 width=0)
	        Index Cond: ((k >= 3876453) AND (k <= 3876553))

table 5 : explain SELECT k, c FROM sbtest5 WHERE k BETWEEN 3876453 AND 3876553
	Bitmap Heap Scan on sbtest5  (cost=5.50..417.52 rows=104 width=125)
	  Recheck Cond: ((k >= 3876453) AND (k <= 3876553))
	  ->  Bitmap Index Scan on k_5  (cost=0.00..5.47 rows=104 width=0)
	        Index Cond: ((k >= 3876453) AND (k <= 3876553))

table 6 : explain SELECT k, c FROM sbtest6 WHERE k BETWEEN 3876453 AND 3876553
	Bitmap Heap Scan on sbtest6  (cost=5.48..409.52 rows=102 width=125)
	  Recheck Cond: ((k >= 3876453) AND (k <= 3876553))
	  ->  Bitmap Index Scan on k_6  (cost=0.00..5.45 rows=102 width=0)
	        Index Cond: ((k >= 3876453) AND (k <= 3876553))

table 7 : explain SELECT k, c FROM sbtest7 WHERE k BETWEEN 3876453 AND 3876553
	Bitmap Heap Scan on sbtest7  (cost=5.36..362.22 rows=90 width=125)
	  Recheck Cond: ((k >= 3876453) AND (k <= 3876553))
	  ->  Bitmap Index Scan on k_7  (cost=0.00..5.33 rows=90 width=0)
	        Index Cond: ((k >= 3876453) AND (k <= 3876553))

table 8 : explain SELECT k, c FROM sbtest8 WHERE k BETWEEN 3876453 AND 3876553
	Bitmap Heap Scan on sbtest8  (cost=5.54..433.14 rows=108 width=125)
	  Recheck Cond: ((k >= 3876453) AND (k <= 3876553))
	  ->  Bitmap Index Scan on k_8  (cost=0.00..5.51 rows=108 width=0)
	        Index Cond: ((k >= 3876453) AND (k <= 3876553))

explain: for range-notcovered :: explain SELECT k, c FROM sbtest%d WHERE k BETWEEN 3876453 AND 3876553
for range-notcovered
table 1 : explain SELECT k, c FROM sbtest1 WHERE k BETWEEN 4500220 AND 4500320
	Bitmap Heap Scan on sbtest1  (cost=5.49..413.49 rows=103 width=125)
	  Recheck Cond: ((k >= 4500220) AND (k <= 4500320))
	  ->  Bitmap Index Scan on k_1  (cost=0.00..5.46 rows=103 width=0)
	        Index Cond: ((k >= 4500220) AND (k <= 4500320))

table 2 : explain SELECT k, c FROM sbtest2 WHERE k BETWEEN 4500220 AND 4500320
	Bitmap Heap Scan on sbtest2  (cost=5.50..417.32 rows=104 width=125)
	  Recheck Cond: ((k >= 4500220) AND (k <= 4500320))
	  ->  Bitmap Index Scan on k_2  (cost=0.00..5.47 rows=104 width=0)
	        Index Cond: ((k >= 4500220) AND (k <= 4500320))

table 3 : explain SELECT k, c FROM sbtest3 WHERE k BETWEEN 4500220 AND 4500320
	Bitmap Heap Scan on sbtest3  (cost=5.49..413.57 rows=103 width=125)
	  Recheck Cond: ((k >= 4500220) AND (k <= 4500320))
	  ->  Bitmap Index Scan on k_3  (cost=0.00..5.46 rows=103 width=0)
	        Index Cond: ((k >= 4500220) AND (k <= 4500320))

table 4 : explain SELECT k, c FROM sbtest4 WHERE k BETWEEN 4500220 AND 4500320
	Bitmap Heap Scan on sbtest4  (cost=5.45..397.80 rows=99 width=125)
	  Recheck Cond: ((k >= 4500220) AND (k <= 4500320))
	  ->  Bitmap Index Scan on k_4  (cost=0.00..5.42 rows=99 width=0)
	        Index Cond: ((k >= 4500220) AND (k <= 4500320))

table 5 : explain SELECT k, c FROM sbtest5 WHERE k BETWEEN 4500220 AND 4500320
	Bitmap Heap Scan on sbtest5  (cost=5.55..437.24 rows=109 width=125)
	  Recheck Cond: ((k >= 4500220) AND (k <= 4500320))
	  ->  Bitmap Index Scan on k_5  (cost=0.00..5.52 rows=109 width=0)
	        Index Cond: ((k >= 4500220) AND (k <= 4500320))

table 6 : explain SELECT k, c FROM sbtest6 WHERE k BETWEEN 4500220 AND 4500320
	Bitmap Heap Scan on sbtest6  (cost=5.39..374.00 rows=93 width=125)
	  Recheck Cond: ((k >= 4500220) AND (k <= 4500320))
	  ->  Bitmap Index Scan on k_6  (cost=0.00..5.36 rows=93 width=0)
	        Index Cond: ((k >= 4500220) AND (k <= 4500320))

table 7 : explain SELECT k, c FROM sbtest7 WHERE k BETWEEN 4500220 AND 4500320
	Bitmap Heap Scan on sbtest7  (cost=5.45..397.76 rows=99 width=125)
	  Recheck Cond: ((k >= 4500220) AND (k <= 4500320))
	  ->  Bitmap Index Scan on k_7  (cost=0.00..5.42 rows=99 width=0)
	        Index Cond: ((k >= 4500220) AND (k <= 4500320))

table 8 : explain SELECT k, c FROM sbtest8 WHERE k BETWEEN 4500220 AND 4500320
	Bitmap Heap Scan on sbtest8  (cost=5.53..429.19 rows=107 width=125)
	  Recheck Cond: ((k >= 4500220) AND (k <= 4500320))
	  ->  Bitmap Index Scan on k_8  (cost=0.00..5.50 rows=107 width=0)
	        Index Cond: ((k >= 4500220) AND (k <= 4500320))

for range-notcovered
table 1 : explain SELECT k, c FROM sbtest1 WHERE k BETWEEN 4837811 AND 4837911
	Bitmap Heap Scan on sbtest1  (cost=5.45..397.71 rows=99 width=125)
	  Recheck Cond: ((k >= 4837811) AND (k <= 4837911))
	  ->  Bitmap Index Scan on k_1  (cost=0.00..5.42 rows=99 width=0)
	        Index Cond: ((k >= 4837811) AND (k <= 4837911))

table 2 : explain SELECT k, c FROM sbtest2 WHERE k BETWEEN 4837811 AND 4837911
	Bitmap Heap Scan on sbtest2  (cost=5.47..405.49 rows=101 width=125)
	  Recheck Cond: ((k >= 4837811) AND (k <= 4837911))
	  ->  Bitmap Index Scan on k_2  (cost=0.00..5.44 rows=101 width=0)
	        Index Cond: ((k >= 4837811) AND (k <= 4837911))

table 3 : explain SELECT k, c FROM sbtest3 WHERE k BETWEEN 4837811 AND 4837911
	Bitmap Heap Scan on sbtest3  (cost=5.44..393.84 rows=98 width=125)
	  Recheck Cond: ((k >= 4837811) AND (k <= 4837911))
	  ->  Bitmap Index Scan on k_3  (cost=0.00..5.42 rows=98 width=0)
	        Index Cond: ((k >= 4837811) AND (k <= 4837911))

table 4 : explain SELECT k, c FROM sbtest4 WHERE k BETWEEN 4837811 AND 4837911
	Bitmap Heap Scan on sbtest4  (cost=5.45..397.80 rows=99 width=125)
	  Recheck Cond: ((k >= 4837811) AND (k <= 4837911))
	  ->  Bitmap Index Scan on k_4  (cost=0.00..5.42 rows=99 width=0)
	        Index Cond: ((k >= 4837811) AND (k <= 4837911))

table 5 : explain SELECT k, c FROM sbtest5 WHERE k BETWEEN 4837811 AND 4837911
	Bitmap Heap Scan on sbtest5  (cost=5.54..433.30 rows=108 width=125)
	  Recheck Cond: ((k >= 4837811) AND (k <= 4837911))
	  ->  Bitmap Index Scan on k_5  (cost=0.00..5.51 rows=108 width=0)
	        Index Cond: ((k >= 4837811) AND (k <= 4837911))

table 6 : explain SELECT k, c FROM sbtest6 WHERE k BETWEEN 4837811 AND 4837911
	Bitmap Heap Scan on sbtest6  (cost=5.48..409.52 rows=102 width=125)
	  Recheck Cond: ((k >= 4837811) AND (k <= 4837911))
	  ->  Bitmap Index Scan on k_6  (cost=0.00..5.45 rows=102 width=0)
	        Index Cond: ((k >= 4837811) AND (k <= 4837911))

table 7 : explain SELECT k, c FROM sbtest7 WHERE k BETWEEN 4837811 AND 4837911
	Bitmap Heap Scan on sbtest7  (cost=5.57..445.09 rows=111 width=125)
	  Recheck Cond: ((k >= 4837811) AND (k <= 4837911))
	  ->  Bitmap Index Scan on k_7  (cost=0.00..5.54 rows=111 width=0)
	        Index Cond: ((k >= 4837811) AND (k <= 4837911))

table 8 : explain SELECT k, c FROM sbtest8 WHERE k BETWEEN 4837811 AND 4837911
	Bitmap Heap Scan on sbtest8  (cost=5.41..381.86 rows=95 width=125)
	  Recheck Cond: ((k >= 4837811) AND (k <= 4837911))
	  ->  Bitmap Index Scan on k_8  (cost=0.00..5.38 rows=95 width=0)
	        Index Cond: ((k >= 4837811) AND (k <= 4837911))

explain: for range-notcovered :: explain SELECT k, c FROM sbtest%d WHERE k BETWEEN 4837811 AND 4837911
for range-notcovered
table 1 : explain SELECT k, c FROM sbtest1 WHERE k BETWEEN 4713654 AND 4713754
	Bitmap Heap Scan on sbtest1  (cost=5.49..413.49 rows=103 width=125)
	  Recheck Cond: ((k >= 4713654) AND (k <= 4713754))
	  ->  Bitmap Index Scan on k_1  (cost=0.00..5.46 rows=103 width=0)
	        Index Cond: ((k >= 4713654) AND (k <= 4713754))

table 2 : explain SELECT k, c FROM sbtest2 WHERE k BETWEEN 4713654 AND 4713754
	Bitmap Heap Scan on sbtest2  (cost=5.56..440.97 rows=110 width=125)
	  Recheck Cond: ((k >= 4713654) AND (k <= 4713754))
	  ->  Bitmap Index Scan on k_2  (cost=0.00..5.53 rows=110 width=0)
	        Index Cond: ((k >= 4713654) AND (k <= 4713754))

table 3 : explain SELECT k, c FROM sbtest3 WHERE k BETWEEN 4713654 AND 4713754
	Bitmap Heap Scan on sbtest3  (cost=5.49..413.57 rows=103 width=125)
	  Recheck Cond: ((k >= 4713654) AND (k <= 4713754))
	  ->  Bitmap Index Scan on k_3  (cost=0.00..5.46 rows=103 width=0)
	        Index Cond: ((k >= 4713654) AND (k <= 4713754))

table 4 : explain SELECT k, c FROM sbtest4 WHERE k BETWEEN 4713654 AND 4713754
	Bitmap Heap Scan on sbtest4  (cost=5.35..358.30 rows=89 width=125)
	  Recheck Cond: ((k >= 4713654) AND (k <= 4713754))
	  ->  Bitmap Index Scan on k_4  (cost=0.00..5.32 rows=89 width=0)
	        Index Cond: ((k >= 4713654) AND (k <= 4713754))

table 5 : explain SELECT k, c FROM sbtest5 WHERE k BETWEEN 4713654 AND 4713754
	Bitmap Heap Scan on sbtest5  (cost=5.45..397.79 rows=99 width=125)
	  Recheck Cond: ((k >= 4713654) AND (k <= 4713754))
	  ->  Bitmap Index Scan on k_5  (cost=0.00..5.42 rows=99 width=0)
	        Index Cond: ((k >= 4713654) AND (k <= 4713754))

table 6 : explain SELECT k, c FROM sbtest6 WHERE k BETWEEN 4713654 AND 4713754
	Bitmap Heap Scan on sbtest6  (cost=5.39..374.00 rows=93 width=125)
	  Recheck Cond: ((k >= 4713654) AND (k <= 4713754))
	  ->  Bitmap Index Scan on k_6  (cost=0.00..5.36 rows=93 width=0)
	        Index Cond: ((k >= 4713654) AND (k <= 4713754))

table 7 : explain SELECT k, c FROM sbtest7 WHERE k BETWEEN 4713654 AND 4713754
	Bitmap Heap Scan on sbtest7  (cost=5.44..393.81 rows=98 width=125)
	  Recheck Cond: ((k >= 4713654) AND (k <= 4713754))
	  ->  Bitmap Index Scan on k_7  (cost=0.00..5.42 rows=98 width=0)
	        Index Cond: ((k >= 4713654) AND (k <= 4713754))

table 8 : explain SELECT k, c FROM sbtest8 WHERE k BETWEEN 4713654 AND 4713754
	Bitmap Heap Scan on sbtest8  (cost=5.51..421.31 rows=105 width=125)
	  Recheck Cond: ((k >= 4713654) AND (k <= 4713754))
	  ->  Bitmap Index Scan on k_8  (cost=0.00..5.48 rows=105 width=0)
	        Index Cond: ((k >= 4713654) AND (k <= 4713754))

explain: for range-notcovered :: explain SELECT k, c FROM sbtest%d WHERE k BETWEEN 4713654 AND 4713754
for range-notcovered
table 1 : explain SELECT k, c FROM sbtest1 WHERE k BETWEEN 3825386 AND 3825486
	Bitmap Heap Scan on sbtest1  (cost=5.49..413.49 rows=103 width=125)
	  Recheck Cond: ((k >= 3825386) AND (k <= 3825486))
	  ->  Bitmap Index Scan on k_1  (cost=0.00..5.46 rows=103 width=0)
	        Index Cond: ((k >= 3825386) AND (k <= 3825486))

table 2 : explain SELECT k, c FROM sbtest2 WHERE k BETWEEN 3825386 AND 3825486
	Bitmap Heap Scan on sbtest2  (cost=5.43..389.71 rows=97 width=125)
	  Recheck Cond: ((k >= 3825386) AND (k <= 3825486))
	  ->  Bitmap Index Scan on k_2  (cost=0.00..5.40 rows=97 width=0)
	        Index Cond: ((k >= 3825386) AND (k <= 3825486))

table 3 : explain SELECT k, c FROM sbtest3 WHERE k BETWEEN 3825386 AND 3825486
	Bitmap Heap Scan on sbtest3  (cost=5.50..417.52 rows=104 width=125)
	  Recheck Cond: ((k >= 3825386) AND (k <= 3825486))
	  ->  Bitmap Index Scan on k_3  (cost=0.00..5.47 rows=104 width=0)
	        Index Cond: ((k >= 3825386) AND (k <= 3825486))

table 4 : explain SELECT k, c FROM sbtest4 WHERE k BETWEEN 3825386 AND 3825486
	Bitmap Heap Scan on sbtest4  (cost=5.45..397.80 rows=99 width=125)
	  Recheck Cond: ((k >= 3825386) AND (k <= 3825486))
	  ->  Bitmap Index Scan on k_4  (cost=0.00..5.42 rows=99 width=0)
	        Index Cond: ((k >= 3825386) AND (k <= 3825486))

table 5 : explain SELECT k, c FROM sbtest5 WHERE k BETWEEN 3825386 AND 3825486
	Bitmap Heap Scan on sbtest5  (cost=5.50..417.52 rows=104 width=125)
	  Recheck Cond: ((k >= 3825386) AND (k <= 3825486))
	  ->  Bitmap Index Scan on k_5  (cost=0.00..5.47 rows=104 width=0)
	        Index Cond: ((k >= 3825386) AND (k <= 3825486))

table 6 : explain SELECT k, c FROM sbtest6 WHERE k BETWEEN 3825386 AND 3825486
	Bitmap Heap Scan on sbtest6  (cost=5.48..409.52 rows=102 width=125)
	  Recheck Cond: ((k >= 3825386) AND (k <= 3825486))
	  ->  Bitmap Index Scan on k_6  (cost=0.00..5.45 rows=102 width=0)
	        Index Cond: ((k >= 3825386) AND (k <= 3825486))

table 7 : explain SELECT k, c FROM sbtest7 WHERE k BETWEEN 3825386 AND 3825486
	Bitmap Heap Scan on sbtest7  (cost=5.36..362.22 rows=90 width=125)
	  Recheck Cond: ((k >= 3825386) AND (k <= 3825486))
	  ->  Bitmap Index Scan on k_7  (cost=0.00..5.33 rows=90 width=0)
	        Index Cond: ((k >= 3825386) AND (k <= 3825486))

table 8 : explain SELECT k, c FROM sbtest8 WHERE k BETWEEN 3825386 AND 3825486
	Bitmap Heap Scan on sbtest8  (cost=5.44..393.70 rows=98 width=125)
	  Recheck Cond: ((k >= 3825386) AND (k <= 3825486))
	  ->  Bitmap Index Scan on k_8  (cost=0.00..5.42 rows=98 width=0)
	        Index Cond: ((k >= 3825386) AND (k <= 3825486))

for range-notcovered
table 1 : explain SELECT k, c FROM sbtest1 WHERE k BETWEEN 6853352 AND 6853452
	Bitmap Heap Scan on sbtest1  (cost=5.51..421.38 rows=105 width=125)
	  Recheck Cond: ((k >= 6853352) AND (k <= 6853452))
	  ->  Bitmap Index Scan on k_1  (cost=0.00..5.48 rows=105 width=0)
	        Index Cond: ((k >= 6853352) AND (k <= 6853452))

table 2 : explain SELECT k, c FROM sbtest2 WHERE k BETWEEN 6853352 AND 6853452
	Bitmap Heap Scan on sbtest2  (cost=5.53..429.15 rows=107 width=125)
	  Recheck Cond: ((k >= 6853352) AND (k <= 6853452))
	  ->  Bitmap Index Scan on k_2  (cost=0.00..5.50 rows=107 width=0)
	        Index Cond: ((k >= 6853352) AND (k <= 6853452))

table 3 : explain SELECT k, c FROM sbtest3 WHERE k BETWEEN 6853352 AND 6853452
	Bitmap Heap Scan on sbtest3  (cost=5.30..338.53 rows=84 width=125)
	  Recheck Cond: ((k >= 6853352) AND (k <= 6853452))
	  ->  Bitmap Index Scan on k_3  (cost=0.00..5.27 rows=84 width=0)
	        Index Cond: ((k >= 6853352) AND (k <= 6853452))

table 4 : explain SELECT k, c FROM sbtest4 WHERE k BETWEEN 6853352 AND 6853452
	Bitmap Heap Scan on sbtest4  (cost=5.55..437.25 rows=109 width=125)
	  Recheck Cond: ((k >= 6853352) AND (k <= 6853452))
	  ->  Bitmap Index Scan on k_4  (cost=0.00..5.52 rows=109 width=0)
	        Index Cond: ((k >= 6853352) AND (k <= 6853452))

table 5 : explain SELECT k, c FROM sbtest5 WHERE k BETWEEN 6853352 AND 6853452
	Bitmap Heap Scan on sbtest5  (cost=5.50..417.52 rows=104 width=125)
	  Recheck Cond: ((k >= 6853352) AND (k <= 6853452))
	  ->  Bitmap Index Scan on k_5  (cost=0.00..5.47 rows=104 width=0)
	        Index Cond: ((k >= 6853352) AND (k <= 6853452))

table 6 : explain SELECT k, c FROM sbtest6 WHERE k BETWEEN 6853352 AND 6853452
	Bitmap Heap Scan on sbtest6  (cost=5.49..413.47 rows=103 width=125)
	  Recheck Cond: ((k >= 6853352) AND (k <= 6853452))
	  ->  Bitmap Index Scan on k_6  (cost=0.00..5.46 rows=103 width=0)
	        Index Cond: ((k >= 6853352) AND (k <= 6853452))

table 7 : explain SELECT k, c FROM sbtest7 WHERE k BETWEEN 6853352 AND 6853452
	Bitmap Heap Scan on sbtest7  (cost=5.51..421.43 rows=105 width=125)
	  Recheck Cond: ((k >= 6853352) AND (k <= 6853452))
	  ->  Bitmap Index Scan on k_7  (cost=0.00..5.48 rows=105 width=0)
	        Index Cond: ((k >= 6853352) AND (k <= 6853452))

table 8 : explain SELECT k, c FROM sbtest8 WHERE k BETWEEN 6853352 AND 6853452
	Bitmap Heap Scan on sbtest8  (cost=5.59..452.84 rows=113 width=125)
	  Recheck Cond: ((k >= 6853352) AND (k <= 6853452))
	  ->  Bitmap Index Scan on k_8  (cost=0.00..5.56 rows=113 width=0)
	        Index Cond: ((k >= 6853352) AND (k <= 6853452))

for range-notcovered
table 1 : explain SELECT k, c FROM sbtest1 WHERE k BETWEEN 5871232 AND 5871332
	Bitmap Heap Scan on sbtest1  (cost=5.44..393.76 rows=98 width=125)
	  Recheck Cond: ((k >= 5871232) AND (k <= 5871332))
	  ->  Bitmap Index Scan on k_1  (cost=0.00..5.42 rows=98 width=0)
	        Index Cond: ((k >= 5871232) AND (k <= 5871332))

table 2 : explain SELECT k, c FROM sbtest2 WHERE k BETWEEN 5871232 AND 5871332
	Bitmap Heap Scan on sbtest2  (cost=5.55..437.03 rows=109 width=125)
	  Recheck Cond: ((k >= 5871232) AND (k <= 5871332))
	  ->  Bitmap Index Scan on k_2  (cost=0.00..5.52 rows=109 width=0)
	        Index Cond: ((k >= 5871232) AND (k <= 5871332))

table 3 : explain SELECT k, c FROM sbtest3 WHERE k BETWEEN 5871232 AND 5871332
	Bitmap Heap Scan on sbtest3  (cost=5.44..393.84 rows=98 width=125)
	  Recheck Cond: ((k >= 5871232) AND (k <= 5871332))
	  ->  Bitmap Index Scan on k_3  (cost=0.00..5.42 rows=98 width=0)
	        Index Cond: ((k >= 5871232) AND (k <= 5871332))

table 4 : explain SELECT k, c FROM sbtest4 WHERE k BETWEEN 5871232 AND 5871332
	Bitmap Heap Scan on sbtest4  (cost=5.47..405.69 rows=101 width=125)
	  Recheck Cond: ((k >= 5871232) AND (k <= 5871332))
	  ->  Bitmap Index Scan on k_4  (cost=0.00..5.44 rows=101 width=0)
	        Index Cond: ((k >= 5871232) AND (k <= 5871332))

table 5 : explain SELECT k, c FROM sbtest5 WHERE k BETWEEN 5871232 AND 5871332
	Bitmap Heap Scan on sbtest5  (cost=5.41..382.00 rows=95 width=125)
	  Recheck Cond: ((k >= 5871232) AND (k <= 5871332))
	  ->  Bitmap Index Scan on k_5  (cost=0.00..5.38 rows=95 width=0)
	        Index Cond: ((k >= 5871232) AND (k <= 5871332))

table 6 : explain SELECT k, c FROM sbtest6 WHERE k BETWEEN 5871232 AND 5871332
	Bitmap Heap Scan on sbtest6  (cost=5.45..397.69 rows=99 width=125)
	  Recheck Cond: ((k >= 5871232) AND (k <= 5871332))
	  ->  Bitmap Index Scan on k_6  (cost=0.00..5.42 rows=99 width=0)
	        Index Cond: ((k >= 5871232) AND (k <= 5871332))

table 7 : explain SELECT k, c FROM sbtest7 WHERE k BETWEEN 5871232 AND 5871332
	Bitmap Heap Scan on sbtest7  (cost=5.45..397.76 rows=99 width=125)
	  Recheck Cond: ((k >= 5871232) AND (k <= 5871332))
	  ->  Bitmap Index Scan on k_7  (cost=0.00..5.42 rows=99 width=0)
	        Index Cond: ((k >= 5871232) AND (k <= 5871332))

table 8 : explain SELECT k, c FROM sbtest8 WHERE k BETWEEN 5871232 AND 5871332
	Bitmap Heap Scan on sbtest8  (cost=5.54..433.14 rows=108 width=125)
	  Recheck Cond: ((k >= 5871232) AND (k <= 5871332))
	  ->  Bitmap Index Scan on k_8  (cost=0.00..5.51 rows=108 width=0)
	        Index Cond: ((k >= 5871232) AND (k <= 5871332))

explain: for range-notcovered :: explain SELECT k, c FROM sbtest%d WHERE k BETWEEN 3825386 AND 3825486
explain: for range-notcovered :: explain SELECT k, c FROM sbtest%d WHERE k BETWEEN 6853352 AND 6853452
explain: for range-notcovered :: explain SELECT k, c FROM sbtest%d WHERE k BETWEEN 5871232 AND 5871332
for range-notcovered
table 1 : explain SELECT k, c FROM sbtest1 WHERE k BETWEEN 6744288 AND 6744388
	Bitmap Heap Scan on sbtest1  (cost=5.53..429.27 rows=107 width=125)
	  Recheck Cond: ((k >= 6744288) AND (k <= 6744388))
	  ->  Bitmap Index Scan on k_1  (cost=0.00..5.50 rows=107 width=0)
	        Index Cond: ((k >= 6744288) AND (k <= 6744388))

table 2 : explain SELECT k, c FROM sbtest2 WHERE k BETWEEN 6744288 AND 6744388
	Bitmap Heap Scan on sbtest2  (cost=5.40..377.88 rows=94 width=125)
	  Recheck Cond: ((k >= 6744288) AND (k <= 6744388))
	  ->  Bitmap Index Scan on k_2  (cost=0.00..5.38 rows=94 width=0)
	        Index Cond: ((k >= 6744288) AND (k <= 6744388))

table 3 : explain SELECT k, c FROM sbtest3 WHERE k BETWEEN 6744288 AND 6744388
	Bitmap Heap Scan on sbtest3  (cost=5.60..456.95 rows=114 width=125)
	  Recheck Cond: ((k >= 6744288) AND (k <= 6744388))
	  ->  Bitmap Index Scan on k_3  (cost=0.00..5.58 rows=114 width=0)
	        Index Cond: ((k >= 6744288) AND (k <= 6744388))

table 4 : explain SELECT k, c FROM sbtest4 WHERE k BETWEEN 6744288 AND 6744388
	Bitmap Heap Scan on sbtest4  (cost=5.56..441.20 rows=110 width=125)
	  Recheck Cond: ((k >= 6744288) AND (k <= 6744388))
	  ->  Bitmap Index Scan on k_4  (cost=0.00..5.53 rows=110 width=0)
	        Index Cond: ((k >= 6744288) AND (k <= 6744388))

table 5 : explain SELECT k, c FROM sbtest5 WHERE k BETWEEN 6744288 AND 6744388
	Bitmap Heap Scan on sbtest5  (cost=5.41..382.00 rows=95 width=125)
	  Recheck Cond: ((k >= 6744288) AND (k <= 6744388))
	  ->  Bitmap Index Scan on k_5  (cost=0.00..5.38 rows=95 width=0)
	        Index Cond: ((k >= 6744288) AND (k <= 6744388))

table 6 : explain SELECT k, c FROM sbtest6 WHERE k BETWEEN 6744288 AND 6744388
	Bitmap Heap Scan on sbtest6  (cost=5.44..393.74 rows=98 width=125)
	  Recheck Cond: ((k >= 6744288) AND (k <= 6744388))
	  ->  Bitmap Index Scan on k_6  (cost=0.00..5.42 rows=98 width=0)
	        Index Cond: ((k >= 6744288) AND (k <= 6744388))

table 7 : explain SELECT k, c FROM sbtest7 WHERE k BETWEEN 6744288 AND 6744388
	Bitmap Heap Scan on sbtest7  (cost=5.42..385.92 rows=96 width=125)
	  Recheck Cond: ((k >= 6744288) AND (k <= 6744388))
	  ->  Bitmap Index Scan on k_7  (cost=0.00..5.39 rows=96 width=0)
	        Index Cond: ((k >= 6744288) AND (k <= 6744388))

table 8 : explain SELECT k, c FROM sbtest8 WHERE k BETWEEN 6744288 AND 6744388
	Bitmap Heap Scan on sbtest8  (cost=5.52..425.25 rows=106 width=125)
	  Recheck Cond: ((k >= 6744288) AND (k <= 6744388))
	  ->  Bitmap Index Scan on k_8  (cost=0.00..5.50 rows=106 width=0)
	        Index Cond: ((k >= 6744288) AND (k <= 6744388))

for range-notcovered
table 1 : explain SELECT k, c FROM sbtest1 WHERE k BETWEEN 4890543 AND 4890643
	Bitmap Heap Scan on sbtest1  (cost=5.43..389.82 rows=97 width=125)
	  Recheck Cond: ((k >= 4890543) AND (k <= 4890643))
	  ->  Bitmap Index Scan on k_1  (cost=0.00..5.40 rows=97 width=0)
	        Index Cond: ((k >= 4890543) AND (k <= 4890643))

table 2 : explain SELECT k, c FROM sbtest2 WHERE k BETWEEN 4890543 AND 4890643
	Bitmap Heap Scan on sbtest2  (cost=5.46..401.55 rows=100 width=125)
	  Recheck Cond: ((k >= 4890543) AND (k <= 4890643))
	  ->  Bitmap Index Scan on k_2  (cost=0.00..5.43 rows=100 width=0)
	        Index Cond: ((k >= 4890543) AND (k <= 4890643))

table 3 : explain SELECT k, c FROM sbtest3 WHERE k BETWEEN 4890543 AND 4890643
	Bitmap Heap Scan on sbtest3  (cost=5.41..382.00 rows=95 width=125)
	  Recheck Cond: ((k >= 4890543) AND (k <= 4890643))
	  ->  Bitmap Index Scan on k_3  (cost=0.00..5.38 rows=95 width=0)
	        Index Cond: ((k >= 4890543) AND (k <= 4890643))

table 4 : explain SELECT k, c FROM sbtest4 WHERE k BETWEEN 4890543 AND 4890643
	Bitmap Heap Scan on sbtest4  (cost=5.45..397.80 rows=99 width=125)
	  Recheck Cond: ((k >= 4890543) AND (k <= 4890643))
	  ->  Bitmap Index Scan on k_4  (cost=0.00..5.42 rows=99 width=0)
	        Index Cond: ((k >= 4890543) AND (k <= 4890643))

table 5 : explain SELECT k, c FROM sbtest5 WHERE k BETWEEN 4890543 AND 4890643
	Bitmap Heap Scan on sbtest5  (cost=5.62..464.84 rows=116 width=125)
	  Recheck Cond: ((k >= 4890543) AND (k <= 4890643))
	  ->  Bitmap Index Scan on k_5  (cost=0.00..5.59 rows=116 width=0)
	        Index Cond: ((k >= 4890543) AND (k <= 4890643))

table 6 : explain SELECT k, c FROM sbtest6 WHERE k BETWEEN 4890543 AND 4890643
	Bitmap Heap Scan on sbtest6  (cost=5.48..409.52 rows=102 width=125)
	  Recheck Cond: ((k >= 4890543) AND (k <= 4890643))
	  ->  Bitmap Index Scan on k_6  (cost=0.00..5.45 rows=102 width=0)
	        Index Cond: ((k >= 4890543) AND (k <= 4890643))

table 7 : explain SELECT k, c FROM sbtest7 WHERE k BETWEEN 4890543 AND 4890643
	Bitmap Heap Scan on sbtest7  (cost=5.57..445.09 rows=111 width=125)
	  Recheck Cond: ((k >= 4890543) AND (k <= 4890643))
	  ->  Bitmap Index Scan on k_7  (cost=0.00..5.54 rows=111 width=0)
	        Index Cond: ((k >= 4890543) AND (k <= 4890643))

table 8 : explain SELECT k, c FROM sbtest8 WHERE k BETWEEN 4890543 AND 4890643
	Bitmap Heap Scan on sbtest8  (cost=5.41..381.86 rows=95 width=125)
	  Recheck Cond: ((k >= 4890543) AND (k <= 4890643))
	  ->  Bitmap Index Scan on k_8  (cost=0.00..5.38 rows=95 width=0)
	        Index Cond: ((k >= 4890543) AND (k <= 4890643))

for range-notcovered
table 1 : explain SELECT k, c FROM sbtest1 WHERE k BETWEEN 4509380 AND 4509480
	Bitmap Heap Scan on sbtest1  (cost=5.49..413.49 rows=103 width=125)
	  Recheck Cond: ((k >= 4509380) AND (k <= 4509480))
	  ->  Bitmap Index Scan on k_1  (cost=0.00..5.46 rows=103 width=0)
	        Index Cond: ((k >= 4509380) AND (k <= 4509480))

table 2 : explain SELECT k, c FROM sbtest2 WHERE k BETWEEN 4509380 AND 4509480
	Bitmap Heap Scan on sbtest2  (cost=5.50..417.32 rows=104 width=125)
	  Recheck Cond: ((k >= 4509380) AND (k <= 4509480))
	  ->  Bitmap Index Scan on k_2  (cost=0.00..5.47 rows=104 width=0)
	        Index Cond: ((k >= 4509380) AND (k <= 4509480))

table 3 : explain SELECT k, c FROM sbtest3 WHERE k BETWEEN 4509380 AND 4509480
	Bitmap Heap Scan on sbtest3  (cost=5.49..413.57 rows=103 width=125)
	  Recheck Cond: ((k >= 4509380) AND (k <= 4509480))
	  ->  Bitmap Index Scan on k_3  (cost=0.00..5.46 rows=103 width=0)
	        Index Cond: ((k >= 4509380) AND (k <= 4509480))

table 4 : explain SELECT k, c FROM sbtest4 WHERE k BETWEEN 4509380 AND 4509480
	Bitmap Heap Scan on sbtest4  (cost=5.45..397.80 rows=99 width=125)
	  Recheck Cond: ((k >= 4509380) AND (k <= 4509480))
	  ->  Bitmap Index Scan on k_4  (cost=0.00..5.42 rows=99 width=0)
	        Index Cond: ((k >= 4509380) AND (k <= 4509480))

table 5 : explain SELECT k, c FROM sbtest5 WHERE k BETWEEN 4509380 AND 4509480
	Bitmap Heap Scan on sbtest5  (cost=5.55..437.24 rows=109 width=125)
	  Recheck Cond: ((k >= 4509380) AND (k <= 4509480))
	  ->  Bitmap Index Scan on k_5  (cost=0.00..5.52 rows=109 width=0)
	        Index Cond: ((k >= 4509380) AND (k <= 4509480))

table 6 : explain SELECT k, c FROM sbtest6 WHERE k BETWEEN 4509380 AND 4509480
	Bitmap Heap Scan on sbtest6  (cost=5.39..374.00 rows=93 width=125)
	  Recheck Cond: ((k >= 4509380) AND (k <= 4509480))
	  ->  Bitmap Index Scan on k_6  (cost=0.00..5.36 rows=93 width=0)
	        Index Cond: ((k >= 4509380) AND (k <= 4509480))

table 7 : explain SELECT k, c FROM sbtest7 WHERE k BETWEEN 4509380 AND 4509480
	Bitmap Heap Scan on sbtest7  (cost=5.45..397.76 rows=99 width=125)
	  Recheck Cond: ((k >= 4509380) AND (k <= 4509480))
	  ->  Bitmap Index Scan on k_7  (cost=0.00..5.42 rows=99 width=0)
	        Index Cond: ((k >= 4509380) AND (k <= 4509480))

table 8 : explain SELECT k, c FROM sbtest8 WHERE k BETWEEN 4509380 AND 4509480
	Bitmap Heap Scan on sbtest8  (cost=5.53..429.19 rows=107 width=125)
	  Recheck Cond: ((k >= 4509380) AND (k <= 4509480))
	  ->  Bitmap Index Scan on k_8  (cost=0.00..5.50 rows=107 width=0)
	        Index Cond: ((k >= 4509380) AND (k <= 4509480))

explain: for range-notcovered :: explain SELECT k, c FROM sbtest%d WHERE k BETWEEN 6744288 AND 6744388
explain: for range-notcovered :: explain SELECT k, c FROM sbtest%d WHERE k BETWEEN 4509380 AND 4509480
for range-notcovered
table 1 : explain SELECT k, c FROM sbtest1 WHERE k BETWEEN 3876453 AND 3876553
	Bitmap Heap Scan on sbtest1  (cost=5.49..413.49 rows=103 width=125)
	  Recheck Cond: ((k >= 3876453) AND (k <= 3876553))
	  ->  Bitmap Index Scan on k_1  (cost=0.00..5.46 rows=103 width=0)
	        Index Cond: ((k >= 3876453) AND (k <= 3876553))

table 2 : explain SELECT k, c FROM sbtest2 WHERE k BETWEEN 3876453 AND 3876553
	Bitmap Heap Scan on sbtest2  (cost=5.39..373.93 rows=93 width=125)
	  Recheck Cond: ((k >= 3876453) AND (k <= 3876553))
	  ->  Bitmap Index Scan on k_2  (cost=0.00..5.36 rows=93 width=0)
	        Index Cond: ((k >= 3876453) AND (k <= 3876553))

table 3 : explain SELECT k, c FROM sbtest3 WHERE k BETWEEN 3876453 AND 3876553
	Bitmap Heap Scan on sbtest3  (cost=5.46..401.74 rows=100 width=125)
	  Recheck Cond: ((k >= 3876453) AND (k <= 3876553))
	  ->  Bitmap Index Scan on k_3  (cost=0.00..5.43 rows=100 width=0)
	        Index Cond: ((k >= 3876453) AND (k <= 3876553))

table 4 : explain SELECT k, c FROM sbtest4 WHERE k BETWEEN 3876453 AND 3876553
	Bitmap Heap Scan on sbtest4  (cost=5.45..397.80 rows=99 width=125)
	  Recheck Cond: ((k >= 3876453) AND (k <= 3876553))
	  ->  Bitmap Index Scan on k_4  (cost=0.00..5.42 rows=99 width=0)
	        Index Cond: ((k >= 3876453) AND (k <= 3876553))

table 5 : explain SELECT k, c FROM sbtest5 WHERE k BETWEEN 3876453 AND 3876553
	Bitmap Heap Scan on sbtest5  (cost=5.50..417.52 rows=104 width=125)
	  Recheck Cond: ((k >= 3876453) AND (k <= 3876553))
	  ->  Bitmap Index Scan on k_5  (cost=0.00..5.47 rows=104 width=0)
	        Index Cond: ((k >= 3876453) AND (k <= 3876553))

table 6 : explain SELECT k, c FROM sbtest6 WHERE k BETWEEN 3876453 AND 3876553
	Bitmap Heap Scan on sbtest6  (cost=5.48..409.52 rows=102 width=125)
	  Recheck Cond: ((k >= 3876453) AND (k <= 3876553))
	  ->  Bitmap Index Scan on k_6  (cost=0.00..5.45 rows=102 width=0)
	        Index Cond: ((k >= 3876453) AND (k <= 3876553))

table 7 : explain SELECT k, c FROM sbtest7 WHERE k BETWEEN 3876453 AND 3876553
	Bitmap Heap Scan on sbtest7  (cost=5.36..362.22 rows=90 width=125)
	  Recheck Cond: ((k >= 3876453) AND (k <= 3876553))
	  ->  Bitmap Index Scan on k_7  (cost=0.00..5.33 rows=90 width=0)
	        Index Cond: ((k >= 3876453) AND (k <= 3876553))

table 8 : explain SELECT k, c FROM sbtest8 WHERE k BETWEEN 3876453 AND 3876553
	Bitmap Heap Scan on sbtest8  (cost=5.54..433.14 rows=108 width=125)
	  Recheck Cond: ((k >= 3876453) AND (k <= 3876553))
	  ->  Bitmap Index Scan on k_8  (cost=0.00..5.51 rows=108 width=0)
	        Index Cond: ((k >= 3876453) AND (k <= 3876553))

explain: for range-notcovered :: explain SELECT k, c FROM sbtest%d WHERE k BETWEEN 3876453 AND 3876553
for range-notcovered
table 1 : explain SELECT k, c FROM sbtest1 WHERE k BETWEEN 4837811 AND 4837911
	Bitmap Heap Scan on sbtest1  (cost=5.45..397.71 rows=99 width=125)
	  Recheck Cond: ((k >= 4837811) AND (k <= 4837911))
	  ->  Bitmap Index Scan on k_1  (cost=0.00..5.42 rows=99 width=0)
	        Index Cond: ((k >= 4837811) AND (k <= 4837911))

table 2 : explain SELECT k, c FROM sbtest2 WHERE k BETWEEN 4837811 AND 4837911
	Bitmap Heap Scan on sbtest2  (cost=5.47..405.49 rows=101 width=125)
	  Recheck Cond: ((k >= 4837811) AND (k <= 4837911))
	  ->  Bitmap Index Scan on k_2  (cost=0.00..5.44 rows=101 width=0)
	        Index Cond: ((k >= 4837811) AND (k <= 4837911))

table 3 : explain SELECT k, c FROM sbtest3 WHERE k BETWEEN 4837811 AND 4837911
	Bitmap Heap Scan on sbtest3  (cost=5.44..393.84 rows=98 width=125)
	  Recheck Cond: ((k >= 4837811) AND (k <= 4837911))
	  ->  Bitmap Index Scan on k_3  (cost=0.00..5.42 rows=98 width=0)
	        Index Cond: ((k >= 4837811) AND (k <= 4837911))

table 4 : explain SELECT k, c FROM sbtest4 WHERE k BETWEEN 4837811 AND 4837911
	Bitmap Heap Scan on sbtest4  (cost=5.45..397.80 rows=99 width=125)
	  Recheck Cond: ((k >= 4837811) AND (k <= 4837911))
	  ->  Bitmap Index Scan on k_4  (cost=0.00..5.42 rows=99 width=0)
	        Index Cond: ((k >= 4837811) AND (k <= 4837911))

table 5 : explain SELECT k, c FROM sbtest5 WHERE k BETWEEN 4837811 AND 4837911
	Bitmap Heap Scan on sbtest5  (cost=5.54..433.30 rows=108 width=125)
	  Recheck Cond: ((k >= 4837811) AND (k <= 4837911))
	  ->  Bitmap Index Scan on k_5  (cost=0.00..5.51 rows=108 width=0)
	        Index Cond: ((k >= 4837811) AND (k <= 4837911))

table 6 : explain SELECT k, c FROM sbtest6 WHERE k BETWEEN 4837811 AND 4837911
	Bitmap Heap Scan on sbtest6  (cost=5.48..409.52 rows=102 width=125)
	  Recheck Cond: ((k >= 4837811) AND (k <= 4837911))
	  ->  Bitmap Index Scan on k_6  (cost=0.00..5.45 rows=102 width=0)
	        Index Cond: ((k >= 4837811) AND (k <= 4837911))

table 7 : explain SELECT k, c FROM sbtest7 WHERE k BETWEEN 4837811 AND 4837911
	Bitmap Heap Scan on sbtest7  (cost=5.57..445.09 rows=111 width=125)
	  Recheck Cond: ((k >= 4837811) AND (k <= 4837911))
	  ->  Bitmap Index Scan on k_7  (cost=0.00..5.54 rows=111 width=0)
	        Index Cond: ((k >= 4837811) AND (k <= 4837911))

table 8 : explain SELECT k, c FROM sbtest8 WHERE k BETWEEN 4837811 AND 4837911
	Bitmap Heap Scan on sbtest8  (cost=5.41..381.86 rows=95 width=125)
	  Recheck Cond: ((k >= 4837811) AND (k <= 4837911))
	  ->  Bitmap Index Scan on k_8  (cost=0.00..5.38 rows=95 width=0)
	        Index Cond: ((k >= 4837811) AND (k <= 4837911))

explain: for range-notcovered :: explain SELECT k, c FROM sbtest%d WHERE k BETWEEN 4837811 AND 4837911
for range-notcovered
table 1 : explain SELECT k, c FROM sbtest1 WHERE k BETWEEN 4713654 AND 4713754
	Bitmap Heap Scan on sbtest1  (cost=5.49..413.49 rows=103 width=125)
	  Recheck Cond: ((k >= 4713654) AND (k <= 4713754))
	  ->  Bitmap Index Scan on k_1  (cost=0.00..5.46 rows=103 width=0)
	        Index Cond: ((k >= 4713654) AND (k <= 4713754))

table 2 : explain SELECT k, c FROM sbtest2 WHERE k BETWEEN 4713654 AND 4713754
	Bitmap Heap Scan on sbtest2  (cost=5.56..440.97 rows=110 width=125)
	  Recheck Cond: ((k >= 4713654) AND (k <= 4713754))
	  ->  Bitmap Index Scan on k_2  (cost=0.00..5.53 rows=110 width=0)
	        Index Cond: ((k >= 4713654) AND (k <= 4713754))

table 3 : explain SELECT k, c FROM sbtest3 WHERE k BETWEEN 4713654 AND 4713754
	Bitmap Heap Scan on sbtest3  (cost=5.49..413.57 rows=103 width=125)
	  Recheck Cond: ((k >= 4713654) AND (k <= 4713754))
	  ->  Bitmap Index Scan on k_3  (cost=0.00..5.46 rows=103 width=0)
	        Index Cond: ((k >= 4713654) AND (k <= 4713754))

table 4 : explain SELECT k, c FROM sbtest4 WHERE k BETWEEN 4713654 AND 4713754
	Bitmap Heap Scan on sbtest4  (cost=5.35..358.30 rows=89 width=125)
	  Recheck Cond: ((k >= 4713654) AND (k <= 4713754))
	  ->  Bitmap Index Scan on k_4  (cost=0.00..5.32 rows=89 width=0)
	        Index Cond: ((k >= 4713654) AND (k <= 4713754))

table 5 : explain SELECT k, c FROM sbtest5 WHERE k BETWEEN 4713654 AND 4713754
	Bitmap Heap Scan on sbtest5  (cost=5.45..397.79 rows=99 width=125)
	  Recheck Cond: ((k >= 4713654) AND (k <= 4713754))
	  ->  Bitmap Index Scan on k_5  (cost=0.00..5.42 rows=99 width=0)
	        Index Cond: ((k >= 4713654) AND (k <= 4713754))

table 6 : explain SELECT k, c FROM sbtest6 WHERE k BETWEEN 4713654 AND 4713754
	Bitmap Heap Scan on sbtest6  (cost=5.39..374.00 rows=93 width=125)
	  Recheck Cond: ((k >= 4713654) AND (k <= 4713754))
	  ->  Bitmap Index Scan on k_6  (cost=0.00..5.36 rows=93 width=0)
	        Index Cond: ((k >= 4713654) AND (k <= 4713754))

table 7 : explain SELECT k, c FROM sbtest7 WHERE k BETWEEN 4713654 AND 4713754
	Bitmap Heap Scan on sbtest7  (cost=5.44..393.81 rows=98 width=125)
	  Recheck Cond: ((k >= 4713654) AND (k <= 4713754))
	  ->  Bitmap Index Scan on k_7  (cost=0.00..5.42 rows=98 width=0)
	        Index Cond: ((k >= 4713654) AND (k <= 4713754))

table 8 : explain SELECT k, c FROM sbtest8 WHERE k BETWEEN 4713654 AND 4713754
	Bitmap Heap Scan on sbtest8  (cost=5.51..421.31 rows=105 width=125)
	  Recheck Cond: ((k >= 4713654) AND (k <= 4713754))
	  ->  Bitmap Index Scan on k_8  (cost=0.00..5.48 rows=105 width=0)
	        Index Cond: ((k >= 4713654) AND (k <= 4713754))

for range-notcovered
table 1 : explain SELECT k, c FROM sbtest1 WHERE k BETWEEN 3825386 AND 3825486
	Bitmap Heap Scan on sbtest1  (cost=5.49..413.49 rows=103 width=125)
	  Recheck Cond: ((k >= 3825386) AND (k <= 3825486))
	  ->  Bitmap Index Scan on k_1  (cost=0.00..5.46 rows=103 width=0)
	        Index Cond: ((k >= 3825386) AND (k <= 3825486))

table 2 : explain SELECT k, c FROM sbtest2 WHERE k BETWEEN 3825386 AND 3825486
	Bitmap Heap Scan on sbtest2  (cost=5.43..389.71 rows=97 width=125)
	  Recheck Cond: ((k >= 3825386) AND (k <= 3825486))
	  ->  Bitmap Index Scan on k_2  (cost=0.00..5.40 rows=97 width=0)
	        Index Cond: ((k >= 3825386) AND (k <= 3825486))

table 3 : explain SELECT k, c FROM sbtest3 WHERE k BETWEEN 3825386 AND 3825486
	Bitmap Heap Scan on sbtest3  (cost=5.50..417.52 rows=104 width=125)
	  Recheck Cond: ((k >= 3825386) AND (k <= 3825486))
	  ->  Bitmap Index Scan on k_3  (cost=0.00..5.47 rows=104 width=0)
	        Index Cond: ((k >= 3825386) AND (k <= 3825486))

table 4 : explain SELECT k, c FROM sbtest4 WHERE k BETWEEN 3825386 AND 3825486
	Bitmap Heap Scan on sbtest4  (cost=5.45..397.80 rows=99 width=125)
	  Recheck Cond: ((k >= 3825386) AND (k <= 3825486))
	  ->  Bitmap Index Scan on k_4  (cost=0.00..5.42 rows=99 width=0)
	        Index Cond: ((k >= 3825386) AND (k <= 3825486))

table 5 : explain SELECT k, c FROM sbtest5 WHERE k BETWEEN 3825386 AND 3825486
	Bitmap Heap Scan on sbtest5  (cost=5.50..417.52 rows=104 width=125)
	  Recheck Cond: ((k >= 3825386) AND (k <= 3825486))
	  ->  Bitmap Index Scan on k_5  (cost=0.00..5.47 rows=104 width=0)
	        Index Cond: ((k >= 3825386) AND (k <= 3825486))

table 6 : explain SELECT k, c FROM sbtest6 WHERE k BETWEEN 3825386 AND 3825486
	Bitmap Heap Scan on sbtest6  (cost=5.48..409.52 rows=102 width=125)
	  Recheck Cond: ((k >= 3825386) AND (k <= 3825486))
	  ->  Bitmap Index Scan on k_6  (cost=0.00..5.45 rows=102 width=0)
	        Index Cond: ((k >= 3825386) AND (k <= 3825486))

table 7 : explain SELECT k, c FROM sbtest7 WHERE k BETWEEN 3825386 AND 3825486
	Bitmap Heap Scan on sbtest7  (cost=5.36..362.22 rows=90 width=125)
	  Recheck Cond: ((k >= 3825386) AND (k <= 3825486))
	  ->  Bitmap Index Scan on k_7  (cost=0.00..5.33 rows=90 width=0)
	        Index Cond: ((k >= 3825386) AND (k <= 3825486))

table 8 : explain SELECT k, c FROM sbtest8 WHERE k BETWEEN 3825386 AND 3825486
	Bitmap Heap Scan on sbtest8  (cost=5.44..393.70 rows=98 width=125)
	  Recheck Cond: ((k >= 3825386) AND (k <= 3825486))
	  ->  Bitmap Index Scan on k_8  (cost=0.00..5.42 rows=98 width=0)
	        Index Cond: ((k >= 3825386) AND (k <= 3825486))

explain: for range-notcovered :: explain SELECT k, c FROM sbtest%d WHERE k BETWEEN 4713654 AND 4713754
explain: for range-notcovered :: explain SELECT k, c FROM sbtest%d WHERE k BETWEEN 3825386 AND 3825486
for range-notcovered
table 1 : explain SELECT k, c FROM sbtest1 WHERE k BETWEEN 5871232 AND 5871332
	Bitmap Heap Scan on sbtest1  (cost=5.44..393.76 rows=98 width=125)
	  Recheck Cond: ((k >= 5871232) AND (k <= 5871332))
	  ->  Bitmap Index Scan on k_1  (cost=0.00..5.42 rows=98 width=0)
	        Index Cond: ((k >= 5871232) AND (k <= 5871332))

table 2 : explain SELECT k, c FROM sbtest2 WHERE k BETWEEN 5871232 AND 5871332
	Bitmap Heap Scan on sbtest2  (cost=5.55..437.03 rows=109 width=125)
	  Recheck Cond: ((k >= 5871232) AND (k <= 5871332))
	  ->  Bitmap Index Scan on k_2  (cost=0.00..5.52 rows=109 width=0)
	        Index Cond: ((k >= 5871232) AND (k <= 5871332))

table 3 : explain SELECT k, c FROM sbtest3 WHERE k BETWEEN 5871232 AND 5871332
	Bitmap Heap Scan on sbtest3  (cost=5.44..393.84 rows=98 width=125)
	  Recheck Cond: ((k >= 5871232) AND (k <= 5871332))
	  ->  Bitmap Index Scan on k_3  (cost=0.00..5.42 rows=98 width=0)
	        Index Cond: ((k >= 5871232) AND (k <= 5871332))

table 4 : explain SELECT k, c FROM sbtest4 WHERE k BETWEEN 5871232 AND 5871332
	Bitmap Heap Scan on sbtest4  (cost=5.47..405.69 rows=101 width=125)
	  Recheck Cond: ((k >= 5871232) AND (k <= 5871332))
	  ->  Bitmap Index Scan on k_4  (cost=0.00..5.44 rows=101 width=0)
	        Index Cond: ((k >= 5871232) AND (k <= 5871332))

table 5 : explain SELECT k, c FROM sbtest5 WHERE k BETWEEN 5871232 AND 5871332
	Bitmap Heap Scan on sbtest5  (cost=5.41..382.00 rows=95 width=125)
	  Recheck Cond: ((k >= 5871232) AND (k <= 5871332))
	  ->  Bitmap Index Scan on k_5  (cost=0.00..5.38 rows=95 width=0)
	        Index Cond: ((k >= 5871232) AND (k <= 5871332))

table 6 : explain SELECT k, c FROM sbtest6 WHERE k BETWEEN 5871232 AND 5871332
	Bitmap Heap Scan on sbtest6  (cost=5.45..397.69 rows=99 width=125)
	  Recheck Cond: ((k >= 5871232) AND (k <= 5871332))
	  ->  Bitmap Index Scan on k_6  (cost=0.00..5.42 rows=99 width=0)
	        Index Cond: ((k >= 5871232) AND (k <= 5871332))

table 7 : explain SELECT k, c FROM sbtest7 WHERE k BETWEEN 5871232 AND 5871332
	Bitmap Heap Scan on sbtest7  (cost=5.45..397.76 rows=99 width=125)
	  Recheck Cond: ((k >= 5871232) AND (k <= 5871332))
	  ->  Bitmap Index Scan on k_7  (cost=0.00..5.42 rows=99 width=0)
	        Index Cond: ((k >= 5871232) AND (k <= 5871332))

table 8 : explain SELECT k, c FROM sbtest8 WHERE k BETWEEN 5871232 AND 5871332
	Bitmap Heap Scan on sbtest8  (cost=5.54..433.14 rows=108 width=125)
	  Recheck Cond: ((k >= 5871232) AND (k <= 5871332))
	  ->  Bitmap Index Scan on k_8  (cost=0.00..5.51 rows=108 width=0)
	        Index Cond: ((k >= 5871232) AND (k <= 5871332))

for range-notcovered
table 1 : explain SELECT k, c FROM sbtest1 WHERE k BETWEEN 6853352 AND 6853452
	Bitmap Heap Scan on sbtest1  (cost=5.51..421.38 rows=105 width=125)
	  Recheck Cond: ((k >= 6853352) AND (k <= 6853452))
	  ->  Bitmap Index Scan on k_1  (cost=0.00..5.48 rows=105 width=0)
	        Index Cond: ((k >= 6853352) AND (k <= 6853452))

table 2 : explain SELECT k, c FROM sbtest2 WHERE k BETWEEN 6853352 AND 6853452
	Bitmap Heap Scan on sbtest2  (cost=5.53..429.15 rows=107 width=125)
	  Recheck Cond: ((k >= 6853352) AND (k <= 6853452))
	  ->  Bitmap Index Scan on k_2  (cost=0.00..5.50 rows=107 width=0)
	        Index Cond: ((k >= 6853352) AND (k <= 6853452))

table 3 : explain SELECT k, c FROM sbtest3 WHERE k BETWEEN 6853352 AND 6853452
	Bitmap Heap Scan on sbtest3  (cost=5.30..338.53 rows=84 width=125)
	  Recheck Cond: ((k >= 6853352) AND (k <= 6853452))
	  ->  Bitmap Index Scan on k_3  (cost=0.00..5.27 rows=84 width=0)
	        Index Cond: ((k >= 6853352) AND (k <= 6853452))

table 4 : explain SELECT k, c FROM sbtest4 WHERE k BETWEEN 6853352 AND 6853452
	Bitmap Heap Scan on sbtest4  (cost=5.55..437.25 rows=109 width=125)
	  Recheck Cond: ((k >= 6853352) AND (k <= 6853452))
	  ->  Bitmap Index Scan on k_4  (cost=0.00..5.52 rows=109 width=0)
	        Index Cond: ((k >= 6853352) AND (k <= 6853452))

table 5 : explain SELECT k, c FROM sbtest5 WHERE k BETWEEN 6853352 AND 6853452
	Bitmap Heap Scan on sbtest5  (cost=5.50..417.52 rows=104 width=125)
	  Recheck Cond: ((k >= 6853352) AND (k <= 6853452))
	  ->  Bitmap Index Scan on k_5  (cost=0.00..5.47 rows=104 width=0)
	        Index Cond: ((k >= 6853352) AND (k <= 6853452))

table 6 : explain SELECT k, c FROM sbtest6 WHERE k BETWEEN 6853352 AND 6853452
	Bitmap Heap Scan on sbtest6  (cost=5.49..413.47 rows=103 width=125)
	  Recheck Cond: ((k >= 6853352) AND (k <= 6853452))
	  ->  Bitmap Index Scan on k_6  (cost=0.00..5.46 rows=103 width=0)
	        Index Cond: ((k >= 6853352) AND (k <= 6853452))

table 7 : explain SELECT k, c FROM sbtest7 WHERE k BETWEEN 6853352 AND 6853452
	Bitmap Heap Scan on sbtest7  (cost=5.51..421.43 rows=105 width=125)
	  Recheck Cond: ((k >= 6853352) AND (k <= 6853452))
	  ->  Bitmap Index Scan on k_7  (cost=0.00..5.48 rows=105 width=0)
	        Index Cond: ((k >= 6853352) AND (k <= 6853452))

table 8 : explain SELECT k, c FROM sbtest8 WHERE k BETWEEN 6853352 AND 6853452
	Bitmap Heap Scan on sbtest8  (cost=5.59..452.84 rows=113 width=125)
	  Recheck Cond: ((k >= 6853352) AND (k <= 6853452))
	  ->  Bitmap Index Scan on k_8  (cost=0.00..5.56 rows=113 width=0)
	        Index Cond: ((k >= 6853352) AND (k <= 6853452))

explain: for range-notcovered :: explain SELECT k, c FROM sbtest%d WHERE k BETWEEN 6853352 AND 6853452
for range-notcovered
table 1 : explain SELECT k, c FROM sbtest1 WHERE k BETWEEN 4509380 AND 4509480
	Bitmap Heap Scan on sbtest1  (cost=5.49..413.49 rows=103 width=125)
	  Recheck Cond: ((k >= 4509380) AND (k <= 4509480))
	  ->  Bitmap Index Scan on k_1  (cost=0.00..5.46 rows=103 width=0)
	        Index Cond: ((k >= 4509380) AND (k <= 4509480))

table 2 : explain SELECT k, c FROM sbtest2 WHERE k BETWEEN 4509380 AND 4509480
	Bitmap Heap Scan on sbtest2  (cost=5.50..417.32 rows=104 width=125)
	  Recheck Cond: ((k >= 4509380) AND (k <= 4509480))
	  ->  Bitmap Index Scan on k_2  (cost=0.00..5.47 rows=104 width=0)
	        Index Cond: ((k >= 4509380) AND (k <= 4509480))

table 3 : explain SELECT k, c FROM sbtest3 WHERE k BETWEEN 4509380 AND 4509480
	Bitmap Heap Scan on sbtest3  (cost=5.49..413.57 rows=103 width=125)
	  Recheck Cond: ((k >= 4509380) AND (k <= 4509480))
	  ->  Bitmap Index Scan on k_3  (cost=0.00..5.46 rows=103 width=0)
	        Index Cond: ((k >= 4509380) AND (k <= 4509480))

table 4 : explain SELECT k, c FROM sbtest4 WHERE k BETWEEN 4509380 AND 4509480
	Bitmap Heap Scan on sbtest4  (cost=5.45..397.80 rows=99 width=125)
	  Recheck Cond: ((k >= 4509380) AND (k <= 4509480))
	  ->  Bitmap Index Scan on k_4  (cost=0.00..5.42 rows=99 width=0)
	        Index Cond: ((k >= 4509380) AND (k <= 4509480))

table 5 : explain SELECT k, c FROM sbtest5 WHERE k BETWEEN 4509380 AND 4509480
	Bitmap Heap Scan on sbtest5  (cost=5.55..437.24 rows=109 width=125)
	  Recheck Cond: ((k >= 4509380) AND (k <= 4509480))
	  ->  Bitmap Index Scan on k_5  (cost=0.00..5.52 rows=109 width=0)
	        Index Cond: ((k >= 4509380) AND (k <= 4509480))

table 6 : explain SELECT k, c FROM sbtest6 WHERE k BETWEEN 4509380 AND 4509480
	Bitmap Heap Scan on sbtest6  (cost=5.39..374.00 rows=93 width=125)
	  Recheck Cond: ((k >= 4509380) AND (k <= 4509480))
	  ->  Bitmap Index Scan on k_6  (cost=0.00..5.36 rows=93 width=0)
	        Index Cond: ((k >= 4509380) AND (k <= 4509480))

table 7 : explain SELECT k, c FROM sbtest7 WHERE k BETWEEN 4509380 AND 4509480
	Bitmap Heap Scan on sbtest7  (cost=5.45..397.76 rows=99 width=125)
	  Recheck Cond: ((k >= 4509380) AND (k <= 4509480))
	  ->  Bitmap Index Scan on k_7  (cost=0.00..5.42 rows=99 width=0)
	        Index Cond: ((k >= 4509380) AND (k <= 4509480))

table 8 : explain SELECT k, c FROM sbtest8 WHERE k BETWEEN 4509380 AND 4509480
	Bitmap Heap Scan on sbtest8  (cost=5.53..429.19 rows=107 width=125)
	  Recheck Cond: ((k >= 4509380) AND (k <= 4509480))
	  ->  Bitmap Index Scan on k_8  (cost=0.00..5.50 rows=107 width=0)
	        Index Cond: ((k >= 4509380) AND (k <= 4509480))

for range-notcovered
table 1 : explain SELECT k, c FROM sbtest1 WHERE k BETWEEN 6744288 AND 6744388
	Bitmap Heap Scan on sbtest1  (cost=5.53..429.27 rows=107 width=125)
	  Recheck Cond: ((k >= 6744288) AND (k <= 6744388))
	  ->  Bitmap Index Scan on k_1  (cost=0.00..5.50 rows=107 width=0)
	        Index Cond: ((k >= 6744288) AND (k <= 6744388))

table 2 : explain SELECT k, c FROM sbtest2 WHERE k BETWEEN 6744288 AND 6744388
	Bitmap Heap Scan on sbtest2  (cost=5.40..377.88 rows=94 width=125)
	  Recheck Cond: ((k >= 6744288) AND (k <= 6744388))
	  ->  Bitmap Index Scan on k_2  (cost=0.00..5.38 rows=94 width=0)
	        Index Cond: ((k >= 6744288) AND (k <= 6744388))

table 3 : explain SELECT k, c FROM sbtest3 WHERE k BETWEEN 6744288 AND 6744388
	Bitmap Heap Scan on sbtest3  (cost=5.60..456.95 rows=114 width=125)
	  Recheck Cond: ((k >= 6744288) AND (k <= 6744388))
	  ->  Bitmap Index Scan on k_3  (cost=0.00..5.58 rows=114 width=0)
	        Index Cond: ((k >= 6744288) AND (k <= 6744388))

table 4 : explain SELECT k, c FROM sbtest4 WHERE k BETWEEN 6744288 AND 6744388
	Bitmap Heap Scan on sbtest4  (cost=5.56..441.20 rows=110 width=125)
	  Recheck Cond: ((k >= 6744288) AND (k <= 6744388))
	  ->  Bitmap Index Scan on k_4  (cost=0.00..5.53 rows=110 width=0)
	        Index Cond: ((k >= 6744288) AND (k <= 6744388))

table 5 : explain SELECT k, c FROM sbtest5 WHERE k BETWEEN 6744288 AND 6744388
	Bitmap Heap Scan on sbtest5  (cost=5.41..382.00 rows=95 width=125)
	  Recheck Cond: ((k >= 6744288) AND (k <= 6744388))
	  ->  Bitmap Index Scan on k_5  (cost=0.00..5.38 rows=95 width=0)
	        Index Cond: ((k >= 6744288) AND (k <= 6744388))

table 6 : explain SELECT k, c FROM sbtest6 WHERE k BETWEEN 6744288 AND 6744388
	Bitmap Heap Scan on sbtest6  (cost=5.44..393.74 rows=98 width=125)
	  Recheck Cond: ((k >= 6744288) AND (k <= 6744388))
	  ->  Bitmap Index Scan on k_6  (cost=0.00..5.42 rows=98 width=0)
	        Index Cond: ((k >= 6744288) AND (k <= 6744388))

table 7 : explain SELECT k, c FROM sbtest7 WHERE k BETWEEN 6744288 AND 6744388
	Bitmap Heap Scan on sbtest7  (cost=5.42..385.92 rows=96 width=125)
	  Recheck Cond: ((k >= 6744288) AND (k <= 6744388))
	  ->  Bitmap Index Scan on k_7  (cost=0.00..5.39 rows=96 width=0)
	        Index Cond: ((k >= 6744288) AND (k <= 6744388))

table 8 : explain SELECT k, c FROM sbtest8 WHERE k BETWEEN 6744288 AND 6744388
	Bitmap Heap Scan on sbtest8  (cost=5.52..425.25 rows=106 width=125)
	  Recheck Cond: ((k >= 6744288) AND (k <= 6744388))
	  ->  Bitmap Index Scan on k_8  (cost=0.00..5.50 rows=106 width=0)
	        Index Cond: ((k >= 6744288) AND (k <= 6744388))

explain: for range-notcovered :: explain SELECT k, c FROM sbtest%d WHERE k BETWEEN 4509380 AND 4509480
for range-notcovered
table 1 : explain SELECT k, c FROM sbtest1 WHERE k BETWEEN 3876453 AND 3876553
	Bitmap Heap Scan on sbtest1  (cost=5.49..413.49 rows=103 width=125)
	  Recheck Cond: ((k >= 3876453) AND (k <= 3876553))
	  ->  Bitmap Index Scan on k_1  (cost=0.00..5.46 rows=103 width=0)
	        Index Cond: ((k >= 3876453) AND (k <= 3876553))

table 2 : explain SELECT k, c FROM sbtest2 WHERE k BETWEEN 3876453 AND 3876553
	Bitmap Heap Scan on sbtest2  (cost=5.39..373.93 rows=93 width=125)
	  Recheck Cond: ((k >= 3876453) AND (k <= 3876553))
	  ->  Bitmap Index Scan on k_2  (cost=0.00..5.36 rows=93 width=0)
	        Index Cond: ((k >= 3876453) AND (k <= 3876553))

table 3 : explain SELECT k, c FROM sbtest3 WHERE k BETWEEN 3876453 AND 3876553
	Bitmap Heap Scan on sbtest3  (cost=5.46..401.74 rows=100 width=125)
	  Recheck Cond: ((k >= 3876453) AND (k <= 3876553))
	  ->  Bitmap Index Scan on k_3  (cost=0.00..5.43 rows=100 width=0)
	        Index Cond: ((k >= 3876453) AND (k <= 3876553))

table 4 : explain SELECT k, c FROM sbtest4 WHERE k BETWEEN 3876453 AND 3876553
	Bitmap Heap Scan on sbtest4  (cost=5.45..397.80 rows=99 width=125)
	  Recheck Cond: ((k >= 3876453) AND (k <= 3876553))
	  ->  Bitmap Index Scan on k_4  (cost=0.00..5.42 rows=99 width=0)
	        Index Cond: ((k >= 3876453) AND (k <= 3876553))

table 5 : explain SELECT k, c FROM sbtest5 WHERE k BETWEEN 3876453 AND 3876553
	Bitmap Heap Scan on sbtest5  (cost=5.50..417.52 rows=104 width=125)
	  Recheck Cond: ((k >= 3876453) AND (k <= 3876553))
	  ->  Bitmap Index Scan on k_5  (cost=0.00..5.47 rows=104 width=0)
	        Index Cond: ((k >= 3876453) AND (k <= 3876553))

table 6 : explain SELECT k, c FROM sbtest6 WHERE k BETWEEN 3876453 AND 3876553
	Bitmap Heap Scan on sbtest6  (cost=5.48..409.52 rows=102 width=125)
	  Recheck Cond: ((k >= 3876453) AND (k <= 3876553))
	  ->  Bitmap Index Scan on k_6  (cost=0.00..5.45 rows=102 width=0)
	        Index Cond: ((k >= 3876453) AND (k <= 3876553))

table 7 : explain SELECT k, c FROM sbtest7 WHERE k BETWEEN 3876453 AND 3876553
	Bitmap Heap Scan on sbtest7  (cost=5.36..362.22 rows=90 width=125)
	  Recheck Cond: ((k >= 3876453) AND (k <= 3876553))
	  ->  Bitmap Index Scan on k_7  (cost=0.00..5.33 rows=90 width=0)
	        Index Cond: ((k >= 3876453) AND (k <= 3876553))

table 8 : explain SELECT k, c FROM sbtest8 WHERE k BETWEEN 3876453 AND 3876553
	Bitmap Heap Scan on sbtest8  (cost=5.54..433.14 rows=108 width=125)
	  Recheck Cond: ((k >= 3876453) AND (k <= 3876553))
	  ->  Bitmap Index Scan on k_8  (cost=0.00..5.51 rows=108 width=0)
	        Index Cond: ((k >= 3876453) AND (k <= 3876553))

explain: for range-notcovered :: explain SELECT k, c FROM sbtest%d WHERE k BETWEEN 6744288 AND 6744388
explain: for range-notcovered :: explain SELECT k, c FROM sbtest%d WHERE k BETWEEN 3876453 AND 3876553
for range-notcovered
table 1 : explain SELECT k, c FROM sbtest1 WHERE k BETWEEN 4837811 AND 4837911
	Bitmap Heap Scan on sbtest1  (cost=5.45..397.71 rows=99 width=125)
	  Recheck Cond: ((k >= 4837811) AND (k <= 4837911))
	  ->  Bitmap Index Scan on k_1  (cost=0.00..5.42 rows=99 width=0)
	        Index Cond: ((k >= 4837811) AND (k <= 4837911))

table 2 : explain SELECT k, c FROM sbtest2 WHERE k BETWEEN 4837811 AND 4837911
	Bitmap Heap Scan on sbtest2  (cost=5.47..405.49 rows=101 width=125)
	  Recheck Cond: ((k >= 4837811) AND (k <= 4837911))
	  ->  Bitmap Index Scan on k_2  (cost=0.00..5.44 rows=101 width=0)
	        Index Cond: ((k >= 4837811) AND (k <= 4837911))

table 3 : explain SELECT k, c FROM sbtest3 WHERE k BETWEEN 4837811 AND 4837911
	Bitmap Heap Scan on sbtest3  (cost=5.44..393.84 rows=98 width=125)
	  Recheck Cond: ((k >= 4837811) AND (k <= 4837911))
	  ->  Bitmap Index Scan on k_3  (cost=0.00..5.42 rows=98 width=0)
	        Index Cond: ((k >= 4837811) AND (k <= 4837911))

table 4 : explain SELECT k, c FROM sbtest4 WHERE k BETWEEN 4837811 AND 4837911
	Bitmap Heap Scan on sbtest4  (cost=5.45..397.80 rows=99 width=125)
	  Recheck Cond: ((k >= 4837811) AND (k <= 4837911))
	  ->  Bitmap Index Scan on k_4  (cost=0.00..5.42 rows=99 width=0)
	        Index Cond: ((k >= 4837811) AND (k <= 4837911))

table 5 : explain SELECT k, c FROM sbtest5 WHERE k BETWEEN 4837811 AND 4837911
	Bitmap Heap Scan on sbtest5  (cost=5.54..433.30 rows=108 width=125)
	  Recheck Cond: ((k >= 4837811) AND (k <= 4837911))
	  ->  Bitmap Index Scan on k_5  (cost=0.00..5.51 rows=108 width=0)
	        Index Cond: ((k >= 4837811) AND (k <= 4837911))

table 6 : explain SELECT k, c FROM sbtest6 WHERE k BETWEEN 4837811 AND 4837911
	Bitmap Heap Scan on sbtest6  (cost=5.48..409.52 rows=102 width=125)
	  Recheck Cond: ((k >= 4837811) AND (k <= 4837911))
	  ->  Bitmap Index Scan on k_6  (cost=0.00..5.45 rows=102 width=0)
	        Index Cond: ((k >= 4837811) AND (k <= 4837911))

table 7 : explain SELECT k, c FROM sbtest7 WHERE k BETWEEN 4837811 AND 4837911
	Bitmap Heap Scan on sbtest7  (cost=5.57..445.09 rows=111 width=125)
	  Recheck Cond: ((k >= 4837811) AND (k <= 4837911))
	  ->  Bitmap Index Scan on k_7  (cost=0.00..5.54 rows=111 width=0)
	        Index Cond: ((k >= 4837811) AND (k <= 4837911))

table 8 : explain SELECT k, c FROM sbtest8 WHERE k BETWEEN 4837811 AND 4837911
	Bitmap Heap Scan on sbtest8  (cost=5.41..381.86 rows=95 width=125)
	  Recheck Cond: ((k >= 4837811) AND (k <= 4837911))
	  ->  Bitmap Index Scan on k_8  (cost=0.00..5.38 rows=95 width=0)
	        Index Cond: ((k >= 4837811) AND (k <= 4837911))

explain: for range-notcovered :: explain SELECT k, c FROM sbtest%d WHERE k BETWEEN 4837811 AND 4837911
for range-notcovered
table 1 : explain SELECT k, c FROM sbtest1 WHERE k BETWEEN 3825386 AND 3825486
	Bitmap Heap Scan on sbtest1  (cost=5.49..413.49 rows=103 width=125)
	  Recheck Cond: ((k >= 3825386) AND (k <= 3825486))
	  ->  Bitmap Index Scan on k_1  (cost=0.00..5.46 rows=103 width=0)
	        Index Cond: ((k >= 3825386) AND (k <= 3825486))

table 2 : explain SELECT k, c FROM sbtest2 WHERE k BETWEEN 3825386 AND 3825486
	Bitmap Heap Scan on sbtest2  (cost=5.43..389.71 rows=97 width=125)
	  Recheck Cond: ((k >= 3825386) AND (k <= 3825486))
	  ->  Bitmap Index Scan on k_2  (cost=0.00..5.40 rows=97 width=0)
	        Index Cond: ((k >= 3825386) AND (k <= 3825486))

table 3 : explain SELECT k, c FROM sbtest3 WHERE k BETWEEN 3825386 AND 3825486
	Bitmap Heap Scan on sbtest3  (cost=5.50..417.52 rows=104 width=125)
	  Recheck Cond: ((k >= 3825386) AND (k <= 3825486))
	  ->  Bitmap Index Scan on k_3  (cost=0.00..5.47 rows=104 width=0)
	        Index Cond: ((k >= 3825386) AND (k <= 3825486))

table 4 : explain SELECT k, c FROM sbtest4 WHERE k BETWEEN 3825386 AND 3825486
	Bitmap Heap Scan on sbtest4  (cost=5.45..397.80 rows=99 width=125)
	  Recheck Cond: ((k >= 3825386) AND (k <= 3825486))
	  ->  Bitmap Index Scan on k_4  (cost=0.00..5.42 rows=99 width=0)
	        Index Cond: ((k >= 3825386) AND (k <= 3825486))

table 5 : explain SELECT k, c FROM sbtest5 WHERE k BETWEEN 3825386 AND 3825486
	Bitmap Heap Scan on sbtest5  (cost=5.50..417.52 rows=104 width=125)
	  Recheck Cond: ((k >= 3825386) AND (k <= 3825486))
	  ->  Bitmap Index Scan on k_5  (cost=0.00..5.47 rows=104 width=0)
	        Index Cond: ((k >= 3825386) AND (k <= 3825486))

table 6 : explain SELECT k, c FROM sbtest6 WHERE k BETWEEN 3825386 AND 3825486
	Bitmap Heap Scan on sbtest6  (cost=5.48..409.52 rows=102 width=125)
	  Recheck Cond: ((k >= 3825386) AND (k <= 3825486))
	  ->  Bitmap Index Scan on k_6  (cost=0.00..5.45 rows=102 width=0)
	        Index Cond: ((k >= 3825386) AND (k <= 3825486))

table 7 : explain SELECT k, c FROM sbtest7 WHERE k BETWEEN 3825386 AND 3825486
	Bitmap Heap Scan on sbtest7  (cost=5.36..362.22 rows=90 width=125)
	  Recheck Cond: ((k >= 3825386) AND (k <= 3825486))
	  ->  Bitmap Index Scan on k_7  (cost=0.00..5.33 rows=90 width=0)
	        Index Cond: ((k >= 3825386) AND (k <= 3825486))

table 8 : explain SELECT k, c FROM sbtest8 WHERE k BETWEEN 3825386 AND 3825486
	Bitmap Heap Scan on sbtest8  (cost=5.44..393.70 rows=98 width=125)
	  Recheck Cond: ((k >= 3825386) AND (k <= 3825486))
	  ->  Bitmap Index Scan on k_8  (cost=0.00..5.42 rows=98 width=0)
	        Index Cond: ((k >= 3825386) AND (k <= 3825486))
for range-notcovered
table 1 : explain SELECT k, c FROM sbtest1 WHERE k BETWEEN 3648762 AND 3648862
	Bitmap Heap Scan on sbtest1  (cost=5.53..429.27 rows=107 width=125)
	  Recheck Cond: ((k >= 3648762) AND (k <= 3648862))
	  ->  Bitmap Index Scan on k_1  (cost=0.00..5.50 rows=107 width=0)
	        Index Cond: ((k >= 3648762) AND (k <= 3648862))

table 2 : explain SELECT k, c FROM sbtest2 WHERE k BETWEEN 3648762 AND 3648862
	Bitmap Heap Scan on sbtest2  (cost=5.48..409.43 rows=102 width=125)
	  Recheck Cond: ((k >= 3648762) AND (k <= 3648862))
	  ->  Bitmap Index Scan on k_2  (cost=0.00..5.45 rows=102 width=0)
	        Index Cond: ((k >= 3648762) AND (k <= 3648862))

table 3 : explain SELECT k, c FROM sbtest3 WHERE k BETWEEN 3648762 AND 3648862
	Bitmap Heap Scan on sbtest3  (cost=5.56..441.19 rows=110 width=125)
	  Recheck Cond: ((k >= 3648762) AND (k <= 3648862))
	  ->  Bitmap Index Scan on k_3  (cost=0.00..5.53 rows=110 width=0)
	        Index Cond: ((k >= 3648762) AND (k <= 3648862))

table 4 : explain SELECT k, c FROM sbtest4 WHERE k BETWEEN 3648762 AND 3648862
	Bitmap Heap Scan on sbtest4  (cost=5.55..437.25 rows=109 width=125)
	  Recheck Cond: ((k >= 3648762) AND (k <= 3648862))
	  ->  Bitmap Index Scan on k_4  (cost=0.00..5.52 rows=109 width=0)
	        Index Cond: ((k >= 3648762) AND (k <= 3648862))

table 5 : explain SELECT k, c FROM sbtest5 WHERE k BETWEEN 3648762 AND 3648862
	Bitmap Heap Scan on sbtest5  (cost=5.59..453.01 rows=113 width=125)
	  Recheck Cond: ((k >= 3648762) AND (k <= 3648862))
	  ->  Bitmap Index Scan on k_5  (cost=0.00..5.56 rows=113 width=0)
	        Index Cond: ((k >= 3648762) AND (k <= 3648862))

table 6 : explain SELECT k, c FROM sbtest6 WHERE k BETWEEN 3648762 AND 3648862
	Bitmap Heap Scan on sbtest6  (cost=5.61..460.77 rows=115 width=125)
	  Recheck Cond: ((k >= 3648762) AND (k <= 3648862))
	  ->  Bitmap Index Scan on k_6  (cost=0.00..5.58 rows=115 width=0)
	        Index Cond: ((k >= 3648762) AND (k <= 3648862))

table 7 : explain SELECT k, c FROM sbtest7 WHERE k BETWEEN 3648762 AND 3648862
	Bitmap Heap Scan on sbtest7  (cost=5.41..381.97 rows=95 width=125)
	  Recheck Cond: ((k >= 3648762) AND (k <= 3648862))
	  ->  Bitmap Index Scan on k_7  (cost=0.00..5.38 rows=95 width=0)
	        Index Cond: ((k >= 3648762) AND (k <= 3648862))

table 8 : explain SELECT k, c FROM sbtest8 WHERE k BETWEEN 3648762 AND 3648862
	Bitmap Heap Scan on sbtest8  (cost=5.58..448.90 rows=112 width=125)
	  Recheck Cond: ((k >= 3648762) AND (k <= 3648862))
	  ->  Bitmap Index Scan on k_8  (cost=0.00..5.55 rows=112 width=0)
	        Index Cond: ((k >= 3648762) AND (k <= 3648862))


for range-notcovered
table 1 : explain SELECT k, c FROM sbtest1 WHERE k BETWEEN 4713654 AND 4713754
	Bitmap Heap Scan on sbtest1  (cost=5.49..413.49 rows=103 width=125)
	  Recheck Cond: ((k >= 4713654) AND (k <= 4713754))
	  ->  Bitmap Index Scan on k_1  (cost=0.00..5.46 rows=103 width=0)
	        Index Cond: ((k >= 4713654) AND (k <= 4713754))

table 2 : explain SELECT k, c FROM sbtest2 WHERE k BETWEEN 4713654 AND 4713754
	Bitmap Heap Scan on sbtest2  (cost=5.56..440.97 rows=110 width=125)
	  Recheck Cond: ((k >= 4713654) AND (k <= 4713754))
	  ->  Bitmap Index Scan on k_2  (cost=0.00..5.53 rows=110 width=0)
	        Index Cond: ((k >= 4713654) AND (k <= 4713754))

table 3 : explain SELECT k, c FROM sbtest3 WHERE k BETWEEN 4713654 AND 4713754
	Bitmap Heap Scan on sbtest3  (cost=5.49..413.57 rows=103 width=125)
	  Recheck Cond: ((k >= 4713654) AND (k <= 4713754))
	  ->  Bitmap Index Scan on k_3  (cost=0.00..5.46 rows=103 width=0)
	        Index Cond: ((k >= 4713654) AND (k <= 4713754))

table 4 : explain SELECT k, c FROM sbtest4 WHERE k BETWEEN 4713654 AND 4713754
	Bitmap Heap Scan on sbtest4  (cost=5.35..358.30 rows=89 width=125)
	  Recheck Cond: ((k >= 4713654) AND (k <= 4713754))
	  ->  Bitmap Index Scan on k_4  (cost=0.00..5.32 rows=89 width=0)
	        Index Cond: ((k >= 4713654) AND (k <= 4713754))

table 5 : explain SELECT k, c FROM sbtest5 WHERE k BETWEEN 4713654 AND 4713754
	Bitmap Heap Scan on sbtest5  (cost=5.45..397.79 rows=99 width=125)
	  Recheck Cond: ((k >= 4713654) AND (k <= 4713754))
	  ->  Bitmap Index Scan on k_5  (cost=0.00..5.42 rows=99 width=0)
	        Index Cond: ((k >= 4713654) AND (k <= 4713754))

table 6 : explain SELECT k, c FROM sbtest6 WHERE k BETWEEN 4713654 AND 4713754
	Bitmap Heap Scan on sbtest6  (cost=5.39..374.00 rows=93 width=125)
	  Recheck Cond: ((k >= 4713654) AND (k <= 4713754))
	  ->  Bitmap Index Scan on k_6  (cost=0.00..5.36 rows=93 width=0)
	        Index Cond: ((k >= 4713654) AND (k <= 4713754))

table 7 : explain SELECT k, c FROM sbtest7 WHERE k BETWEEN 4713654 AND 4713754
	Bitmap Heap Scan on sbtest7  (cost=5.44..393.81 rows=98 width=125)
	  Recheck Cond: ((k >= 4713654) AND (k <= 4713754))
	  ->  Bitmap Index Scan on k_7  (cost=0.00..5.42 rows=98 width=0)
	        Index Cond: ((k >= 4713654) AND (k <= 4713754))

table 8 : explain SELECT k, c FROM sbtest8 WHERE k BETWEEN 4713654 AND 4713754
	Bitmap Heap Scan on sbtest8  (cost=5.51..421.31 rows=105 width=125)
	  Recheck Cond: ((k >= 4713654) AND (k <= 4713754))
	  ->  Bitmap Index Scan on k_8  (cost=0.00..5.48 rows=105 width=0)
	        Index Cond: ((k >= 4713654) AND (k <= 4713754))

explain: for range-notcovered :: explain SELECT k, c FROM sbtest%d WHERE k BETWEEN 3648762 AND 3648862
explain: for range-notcovered :: explain SELECT k, c FROM sbtest%d WHERE k BETWEEN 3825386 AND 3825486
explain: for range-notcovered :: explain SELECT k, c FROM sbtest%d WHERE k BETWEEN 4713654 AND 4713754
for range-notcovered
table 1 : explain SELECT k, c FROM sbtest1 WHERE k BETWEEN 4509380 AND 4509480
	Bitmap Heap Scan on sbtest1  (cost=5.49..413.49 rows=103 width=125)
	  Recheck Cond: ((k >= 4509380) AND (k <= 4509480))
	  ->  Bitmap Index Scan on k_1  (cost=0.00..5.46 rows=103 width=0)
	        Index Cond: ((k >= 4509380) AND (k <= 4509480))

table 2 : explain SELECT k, c FROM sbtest2 WHERE k BETWEEN 4509380 AND 4509480
	Bitmap Heap Scan on sbtest2  (cost=5.50..417.32 rows=104 width=125)
	  Recheck Cond: ((k >= 4509380) AND (k <= 4509480))
	  ->  Bitmap Index Scan on k_2  (cost=0.00..5.47 rows=104 width=0)
	        Index Cond: ((k >= 4509380) AND (k <= 4509480))

table 3 : explain SELECT k, c FROM sbtest3 WHERE k BETWEEN 4509380 AND 4509480
	Bitmap Heap Scan on sbtest3  (cost=5.49..413.57 rows=103 width=125)
	  Recheck Cond: ((k >= 4509380) AND (k <= 4509480))
	  ->  Bitmap Index Scan on k_3  (cost=0.00..5.46 rows=103 width=0)
	        Index Cond: ((k >= 4509380) AND (k <= 4509480))

table 4 : explain SELECT k, c FROM sbtest4 WHERE k BETWEEN 4509380 AND 4509480
	Bitmap Heap Scan on sbtest4  (cost=5.45..397.80 rows=99 width=125)
	  Recheck Cond: ((k >= 4509380) AND (k <= 4509480))
	  ->  Bitmap Index Scan on k_4  (cost=0.00..5.42 rows=99 width=0)
	        Index Cond: ((k >= 4509380) AND (k <= 4509480))

table 5 : explain SELECT k, c FROM sbtest5 WHERE k BETWEEN 4509380 AND 4509480
	Bitmap Heap Scan on sbtest5  (cost=5.55..437.24 rows=109 width=125)
	  Recheck Cond: ((k >= 4509380) AND (k <= 4509480))
	  ->  Bitmap Index Scan on k_5  (cost=0.00..5.52 rows=109 width=0)
	        Index Cond: ((k >= 4509380) AND (k <= 4509480))

table 6 : explain SELECT k, c FROM sbtest6 WHERE k BETWEEN 4509380 AND 4509480
	Bitmap Heap Scan on sbtest6  (cost=5.39..374.00 rows=93 width=125)
	  Recheck Cond: ((k >= 4509380) AND (k <= 4509480))
	  ->  Bitmap Index Scan on k_6  (cost=0.00..5.36 rows=93 width=0)
	        Index Cond: ((k >= 4509380) AND (k <= 4509480))

table 7 : explain SELECT k, c FROM sbtest7 WHERE k BETWEEN 4509380 AND 4509480
	Bitmap Heap Scan on sbtest7  (cost=5.45..397.76 rows=99 width=125)
	  Recheck Cond: ((k >= 4509380) AND (k <= 4509480))
	  ->  Bitmap Index Scan on k_7  (cost=0.00..5.42 rows=99 width=0)
	        Index Cond: ((k >= 4509380) AND (k <= 4509480))

table 8 : explain SELECT k, c FROM sbtest8 WHERE k BETWEEN 4509380 AND 4509480
	Bitmap Heap Scan on sbtest8  (cost=5.53..429.19 rows=107 width=125)
	  Recheck Cond: ((k >= 4509380) AND (k <= 4509480))
	  ->  Bitmap Index Scan on k_8  (cost=0.00..5.50 rows=107 width=0)
	        Index Cond: ((k >= 4509380) AND (k <= 4509480))

explain: for range-notcovered :: explain SELECT k, c FROM sbtest%d WHERE k BETWEEN 4509380 AND 4509480
explain: for range-notcovered :: explain SELECT k, c FROM sbtest%d WHERE k BETWEEN 7185395 AND 7185495
for range-notcovered
table 1 : explain SELECT k, c FROM sbtest1 WHERE k BETWEEN 6744288 AND 6744388
	Bitmap Heap Scan on sbtest1  (cost=5.53..429.27 rows=107 width=125)
	  Recheck Cond: ((k >= 6744288) AND (k <= 6744388))
	  ->  Bitmap Index Scan on k_1  (cost=0.00..5.50 rows=107 width=0)
	        Index Cond: ((k >= 6744288) AND (k <= 6744388))

table 2 : explain SELECT k, c FROM sbtest2 WHERE k BETWEEN 6744288 AND 6744388
	Bitmap Heap Scan on sbtest2  (cost=5.40..377.88 rows=94 width=125)
	  Recheck Cond: ((k >= 6744288) AND (k <= 6744388))
	  ->  Bitmap Index Scan on k_2  (cost=0.00..5.38 rows=94 width=0)
	        Index Cond: ((k >= 6744288) AND (k <= 6744388))

table 3 : explain SELECT k, c FROM sbtest3 WHERE k BETWEEN 6744288 AND 6744388
	Bitmap Heap Scan on sbtest3  (cost=5.60..456.95 rows=114 width=125)
	  Recheck Cond: ((k >= 6744288) AND (k <= 6744388))
	  ->  Bitmap Index Scan on k_3  (cost=0.00..5.58 rows=114 width=0)
	        Index Cond: ((k >= 6744288) AND (k <= 6744388))

table 4 : explain SELECT k, c FROM sbtest4 WHERE k BETWEEN 6744288 AND 6744388
	Bitmap Heap Scan on sbtest4  (cost=5.56..441.20 rows=110 width=125)
	  Recheck Cond: ((k >= 6744288) AND (k <= 6744388))
	  ->  Bitmap Index Scan on k_4  (cost=0.00..5.53 rows=110 width=0)
	        Index Cond: ((k >= 6744288) AND (k <= 6744388))

table 5 : explain SELECT k, c FROM sbtest5 WHERE k BETWEEN 6744288 AND 6744388
	Bitmap Heap Scan on sbtest5  (cost=5.41..382.00 rows=95 width=125)
	  Recheck Cond: ((k >= 6744288) AND (k <= 6744388))
	  ->  Bitmap Index Scan on k_5  (cost=0.00..5.38 rows=95 width=0)
	        Index Cond: ((k >= 6744288) AND (k <= 6744388))

table 6 : explain SELECT k, c FROM sbtest6 WHERE k BETWEEN 6744288 AND 6744388
	Bitmap Heap Scan on sbtest6  (cost=5.44..393.74 rows=98 width=125)
	  Recheck Cond: ((k >= 6744288) AND (k <= 6744388))
	  ->  Bitmap Index Scan on k_6  (cost=0.00..5.42 rows=98 width=0)
	        Index Cond: ((k >= 6744288) AND (k <= 6744388))

table 7 : explain SELECT k, c FROM sbtest7 WHERE k BETWEEN 6744288 AND 6744388
	Bitmap Heap Scan on sbtest7  (cost=5.42..385.92 rows=96 width=125)
	  Recheck Cond: ((k >= 6744288) AND (k <= 6744388))
	  ->  Bitmap Index Scan on k_7  (cost=0.00..5.39 rows=96 width=0)
	        Index Cond: ((k >= 6744288) AND (k <= 6744388))

table 8 : explain SELECT k, c FROM sbtest8 WHERE k BETWEEN 6744288 AND 6744388
	Bitmap Heap Scan on sbtest8  (cost=5.52..425.25 rows=106 width=125)
	  Recheck Cond: ((k >= 6744288) AND (k <= 6744388))
	  ->  Bitmap Index Scan on k_8  (cost=0.00..5.50 rows=106 width=0)
	        Index Cond: ((k >= 6744288) AND (k <= 6744388))

for range-notcovered
table 1 : explain SELECT k, c FROM sbtest1 WHERE k BETWEEN 3876453 AND 3876553
	Bitmap Heap Scan on sbtest1  (cost=5.49..413.49 rows=103 width=125)
	  Recheck Cond: ((k >= 3876453) AND (k <= 3876553))
	  ->  Bitmap Index Scan on k_1  (cost=0.00..5.46 rows=103 width=0)
	        Index Cond: ((k >= 3876453) AND (k <= 3876553))

table 2 : explain SELECT k, c FROM sbtest2 WHERE k BETWEEN 3876453 AND 3876553
	Bitmap Heap Scan on sbtest2  (cost=5.39..373.93 rows=93 width=125)
	  Recheck Cond: ((k >= 3876453) AND (k <= 3876553))
	  ->  Bitmap Index Scan on k_2  (cost=0.00..5.36 rows=93 width=0)
	        Index Cond: ((k >= 3876453) AND (k <= 3876553))

table 3 : explain SELECT k, c FROM sbtest3 WHERE k BETWEEN 3876453 AND 3876553
	Bitmap Heap Scan on sbtest3  (cost=5.46..401.74 rows=100 width=125)
	  Recheck Cond: ((k >= 3876453) AND (k <= 3876553))
	  ->  Bitmap Index Scan on k_3  (cost=0.00..5.43 rows=100 width=0)
	        Index Cond: ((k >= 3876453) AND (k <= 3876553))

table 4 : explain SELECT k, c FROM sbtest4 WHERE k BETWEEN 3876453 AND 3876553
	Bitmap Heap Scan on sbtest4  (cost=5.45..397.80 rows=99 width=125)
	  Recheck Cond: ((k >= 3876453) AND (k <= 3876553))
	  ->  Bitmap Index Scan on k_4  (cost=0.00..5.42 rows=99 width=0)
	        Index Cond: ((k >= 3876453) AND (k <= 3876553))

table 5 : explain SELECT k, c FROM sbtest5 WHERE k BETWEEN 3876453 AND 3876553
	Bitmap Heap Scan on sbtest5  (cost=5.50..417.52 rows=104 width=125)
	  Recheck Cond: ((k >= 3876453) AND (k <= 3876553))
	  ->  Bitmap Index Scan on k_5  (cost=0.00..5.47 rows=104 width=0)
	        Index Cond: ((k >= 3876453) AND (k <= 3876553))

table 6 : explain SELECT k, c FROM sbtest6 WHERE k BETWEEN 3876453 AND 3876553
	Bitmap Heap Scan on sbtest6  (cost=5.48..409.52 rows=102 width=125)
	  Recheck Cond: ((k >= 3876453) AND (k <= 3876553))
	  ->  Bitmap Index Scan on k_6  (cost=0.00..5.45 rows=102 width=0)
	        Index Cond: ((k >= 3876453) AND (k <= 3876553))

table 7 : explain SELECT k, c FROM sbtest7 WHERE k BETWEEN 3876453 AND 3876553
	Bitmap Heap Scan on sbtest7  (cost=5.36..362.22 rows=90 width=125)
	  Recheck Cond: ((k >= 3876453) AND (k <= 3876553))
	  ->  Bitmap Index Scan on k_7  (cost=0.00..5.33 rows=90 width=0)
	        Index Cond: ((k >= 3876453) AND (k <= 3876553))

table 8 : explain SELECT k, c FROM sbtest8 WHERE k BETWEEN 3876453 AND 3876553
	Bitmap Heap Scan on sbtest8  (cost=5.54..433.14 rows=108 width=125)
	  Recheck Cond: ((k >= 3876453) AND (k <= 3876553))
	  ->  Bitmap Index Scan on k_8  (cost=0.00..5.51 rows=108 width=0)
	        Index Cond: ((k >= 3876453) AND (k <= 3876553))

explain: for range-notcovered :: explain SELECT k, c FROM sbtest%d WHERE k BETWEEN 6744288 AND 6744388
explain: for range-notcovered :: explain SELECT k, c FROM sbtest%d WHERE k BETWEEN 7739913 AND 7740013
for range-notcovered
table 1 : explain SELECT k, c FROM sbtest1 WHERE k BETWEEN 6853352 AND 6853452
	Bitmap Heap Scan on sbtest1  (cost=5.51..421.38 rows=105 width=125)
	  Recheck Cond: ((k >= 6853352) AND (k <= 6853452))
	  ->  Bitmap Index Scan on k_1  (cost=0.00..5.48 rows=105 width=0)
	        Index Cond: ((k >= 6853352) AND (k <= 6853452))

table 2 : explain SELECT k, c FROM sbtest2 WHERE k BETWEEN 6853352 AND 6853452
	Bitmap Heap Scan on sbtest2  (cost=5.53..429.15 rows=107 width=125)
	  Recheck Cond: ((k >= 6853352) AND (k <= 6853452))
	  ->  Bitmap Index Scan on k_2  (cost=0.00..5.50 rows=107 width=0)
	        Index Cond: ((k >= 6853352) AND (k <= 6853452))

table 3 : explain SELECT k, c FROM sbtest3 WHERE k BETWEEN 6853352 AND 6853452
	Bitmap Heap Scan on sbtest3  (cost=5.30..338.53 rows=84 width=125)
	  Recheck Cond: ((k >= 6853352) AND (k <= 6853452))
	  ->  Bitmap Index Scan on k_3  (cost=0.00..5.27 rows=84 width=0)
	        Index Cond: ((k >= 6853352) AND (k <= 6853452))

table 4 : explain SELECT k, c FROM sbtest4 WHERE k BETWEEN 6853352 AND 6853452
	Bitmap Heap Scan on sbtest4  (cost=5.55..437.25 rows=109 width=125)
	  Recheck Cond: ((k >= 6853352) AND (k <= 6853452))
	  ->  Bitmap Index Scan on k_4  (cost=0.00..5.52 rows=109 width=0)
	        Index Cond: ((k >= 6853352) AND (k <= 6853452))

table 5 : explain SELECT k, c FROM sbtest5 WHERE k BETWEEN 6853352 AND 6853452
	Bitmap Heap Scan on sbtest5  (cost=5.50..417.52 rows=104 width=125)
	  Recheck Cond: ((k >= 6853352) AND (k <= 6853452))
	  ->  Bitmap Index Scan on k_5  (cost=0.00..5.47 rows=104 width=0)
	        Index Cond: ((k >= 6853352) AND (k <= 6853452))

table 6 : explain SELECT k, c FROM sbtest6 WHERE k BETWEEN 6853352 AND 6853452
	Bitmap Heap Scan on sbtest6  (cost=5.49..413.47 rows=103 width=125)
	  Recheck Cond: ((k >= 6853352) AND (k <= 6853452))
	  ->  Bitmap Index Scan on k_6  (cost=0.00..5.46 rows=103 width=0)
	        Index Cond: ((k >= 6853352) AND (k <= 6853452))

table 7 : explain SELECT k, c FROM sbtest7 WHERE k BETWEEN 6853352 AND 6853452
	Bitmap Heap Scan on sbtest7  (cost=5.51..421.43 rows=105 width=125)
	  Recheck Cond: ((k >= 6853352) AND (k <= 6853452))
	  ->  Bitmap Index Scan on k_7  (cost=0.00..5.48 rows=105 width=0)
	        Index Cond: ((k >= 6853352) AND (k <= 6853452))

table 8 : explain SELECT k, c FROM sbtest8 WHERE k BETWEEN 6853352 AND 6853452
	Bitmap Heap Scan on sbtest8  (cost=5.59..452.84 rows=113 width=125)
	  Recheck Cond: ((k >= 6853352) AND (k <= 6853452))
	  ->  Bitmap Index Scan on k_8  (cost=0.00..5.56 rows=113 width=0)
	        Index Cond: ((k >= 6853352) AND (k <= 6853452))

explain: for range-notcovered :: explain SELECT k, c FROM sbtest%d WHERE k BETWEEN 5264729 AND 5264829
explain: for range-notcovered :: explain SELECT k, c FROM sbtest%d WHERE k BETWEEN 3876453 AND 3876553
for range-notcovered
table 1 : explain SELECT k, c FROM sbtest1 WHERE k BETWEEN 1473996 AND 1474096
	Bitmap Heap Scan on sbtest1  (cost=5.45..397.71 rows=99 width=125)
	  Recheck Cond: ((k >= 1473996) AND (k <= 1474096))
	  ->  Bitmap Index Scan on k_1  (cost=0.00..5.42 rows=99 width=0)
	        Index Cond: ((k >= 1473996) AND (k <= 1474096))

table 2 : explain SELECT k, c FROM sbtest2 WHERE k BETWEEN 1473996 AND 1474096
	Bitmap Heap Scan on sbtest2  (cost=5.50..417.32 rows=104 width=125)
	  Recheck Cond: ((k >= 1473996) AND (k <= 1474096))
	  ->  Bitmap Index Scan on k_2  (cost=0.00..5.47 rows=104 width=0)
	        Index Cond: ((k >= 1473996) AND (k <= 1474096))

table 3 : explain SELECT k, c FROM sbtest3 WHERE k BETWEEN 1473996 AND 1474096
	Bitmap Heap Scan on sbtest3  (cost=5.62..464.84 rows=116 width=125)
	  Recheck Cond: ((k >= 1473996) AND (k <= 1474096))
	  ->  Bitmap Index Scan on k_3  (cost=0.00..5.59 rows=116 width=0)
	        Index Cond: ((k >= 1473996) AND (k <= 1474096))

table 4 : explain SELECT k, c FROM sbtest4 WHERE k BETWEEN 1473996 AND 1474096
	Bitmap Heap Scan on sbtest4  (cost=5.46..401.74 rows=100 width=125)
	  Recheck Cond: ((k >= 1473996) AND (k <= 1474096))
	  ->  Bitmap Index Scan on k_4  (cost=0.00..5.43 rows=100 width=0)
	        Index Cond: ((k >= 1473996) AND (k <= 1474096))

table 5 : explain SELECT k, c FROM sbtest5 WHERE k BETWEEN 1473996 AND 1474096
	Bitmap Heap Scan on sbtest5  (cost=5.61..460.89 rows=115 width=125)
	  Recheck Cond: ((k >= 1473996) AND (k <= 1474096))
	  ->  Bitmap Index Scan on k_5  (cost=0.00..5.58 rows=115 width=0)
	        Index Cond: ((k >= 1473996) AND (k <= 1474096))

table 6 : explain SELECT k, c FROM sbtest6 WHERE k BETWEEN 1473996 AND 1474096
	Bitmap Heap Scan on sbtest6  (cost=5.50..417.41 rows=104 width=125)
	  Recheck Cond: ((k >= 1473996) AND (k <= 1474096))
	  ->  Bitmap Index Scan on k_6  (cost=0.00..5.47 rows=104 width=0)
	        Index Cond: ((k >= 1473996) AND (k <= 1474096))

table 7 : explain SELECT k, c FROM sbtest7 WHERE k BETWEEN 1473996 AND 1474096
	Bitmap Heap Scan on sbtest7  (cost=5.48..409.60 rows=102 width=125)
	  Recheck Cond: ((k >= 1473996) AND (k <= 1474096))
	  ->  Bitmap Index Scan on k_7  (cost=0.00..5.45 rows=102 width=0)
	        Index Cond: ((k >= 1473996) AND (k <= 1474096))

table 8 : explain SELECT k, c FROM sbtest8 WHERE k BETWEEN 1473996 AND 1474096
	Bitmap Heap Scan on sbtest8  (cost=5.51..421.31 rows=105 width=125)
	  Recheck Cond: ((k >= 1473996) AND (k <= 1474096))
	  ->  Bitmap Index Scan on k_8  (cost=0.00..5.48 rows=105 width=0)
	        Index Cond: ((k >= 1473996) AND (k <= 1474096))

explain: for range-notcovered :: explain SELECT k, c FROM sbtest%d WHERE k BETWEEN 1473996 AND 1474096
explain: for range-notcovered :: explain SELECT k, c FROM sbtest%d WHERE k BETWEEN 6853352 AND 6853452
for range-notcovered
table 1 : explain SELECT k, c FROM sbtest1 WHERE k BETWEEN 5247593 AND 5247693
	Bitmap Heap Scan on sbtest1  (cost=5.49..413.49 rows=103 width=125)
	  Recheck Cond: ((k >= 5247593) AND (k <= 5247693))
	  ->  Bitmap Index Scan on k_1  (cost=0.00..5.46 rows=103 width=0)
	        Index Cond: ((k >= 5247593) AND (k <= 5247693))

table 2 : explain SELECT k, c FROM sbtest2 WHERE k BETWEEN 5247593 AND 5247693
	Bitmap Heap Scan on sbtest2  (cost=5.52..425.20 rows=106 width=125)
	  Recheck Cond: ((k >= 5247593) AND (k <= 5247693))
	  ->  Bitmap Index Scan on k_2  (cost=0.00..5.50 rows=106 width=0)
	        Index Cond: ((k >= 5247593) AND (k <= 5247693))

table 3 : explain SELECT k, c FROM sbtest3 WHERE k BETWEEN 5247593 AND 5247693
	Bitmap Heap Scan on sbtest3  (cost=5.52..425.41 rows=106 width=125)
	  Recheck Cond: ((k >= 5247593) AND (k <= 5247693))
	  ->  Bitmap Index Scan on k_3  (cost=0.00..5.50 rows=106 width=0)
	        Index Cond: ((k >= 5247593) AND (k <= 5247693))

table 4 : explain SELECT k, c FROM sbtest4 WHERE k BETWEEN 5247593 AND 5247693
	Bitmap Heap Scan on sbtest4  (cost=5.50..417.53 rows=104 width=125)
	  Recheck Cond: ((k >= 5247593) AND (k <= 5247693))
	  ->  Bitmap Index Scan on k_4  (cost=0.00..5.47 rows=104 width=0)
	        Index Cond: ((k >= 5247593) AND (k <= 5247693))

table 5 : explain SELECT k, c FROM sbtest5 WHERE k BETWEEN 5247593 AND 5247693
	Bitmap Heap Scan on sbtest5  (cost=5.63..468.78 rows=117 width=125)
	  Recheck Cond: ((k >= 5247593) AND (k <= 5247693))
	  ->  Bitmap Index Scan on k_5  (cost=0.00..5.60 rows=117 width=0)
	        Index Cond: ((k >= 5247593) AND (k <= 5247693))

table 6 : explain SELECT k, c FROM sbtest6 WHERE k BETWEEN 5247593 AND 5247693
	Bitmap Heap Scan on sbtest6  (cost=5.38..370.06 rows=92 width=125)
	  Recheck Cond: ((k >= 5247593) AND (k <= 5247693))
	  ->  Bitmap Index Scan on k_6  (cost=0.00..5.35 rows=92 width=0)
	        Index Cond: ((k >= 5247593) AND (k <= 5247693))

table 7 : explain SELECT k, c FROM sbtest7 WHERE k BETWEEN 5247593 AND 5247693
	Bitmap Heap Scan on sbtest7  (cost=5.50..417.49 rows=104 width=125)
	  Recheck Cond: ((k >= 5247593) AND (k <= 5247693))
	  ->  Bitmap Index Scan on k_7  (cost=0.00..5.47 rows=104 width=0)
	        Index Cond: ((k >= 5247593) AND (k <= 5247693))

table 8 : explain SELECT k, c FROM sbtest8 WHERE k BETWEEN 5247593 AND 5247693
	Bitmap Heap Scan on sbtest8  (cost=5.46..401.59 rows=100 width=125)
	  Recheck Cond: ((k >= 5247593) AND (k <= 5247693))
	  ->  Bitmap Index Scan on k_8  (cost=0.00..5.43 rows=100 width=0)
	        Index Cond: ((k >= 5247593) AND (k <= 5247693))
for range-notcovered
table 1 : explain SELECT k, c FROM sbtest1 WHERE k BETWEEN 7846121 AND 7846221
	Bitmap Heap Scan on sbtest1  (cost=5.46..401.65 rows=100 width=125)
	  Recheck Cond: ((k >= 7846121) AND (k <= 7846221))
	  ->  Bitmap Index Scan on k_1  (cost=0.00..5.43 rows=100 width=0)
	        Index Cond: ((k >= 7846121) AND (k <= 7846221))

table 2 : explain SELECT k, c FROM sbtest2 WHERE k BETWEEN 7846121 AND 7846221
	Bitmap Heap Scan on sbtest2  (cost=5.43..389.71 rows=97 width=125)
	  Recheck Cond: ((k >= 7846121) AND (k <= 7846221))
	  ->  Bitmap Index Scan on k_2  (cost=0.00..5.40 rows=97 width=0)
	        Index Cond: ((k >= 7846121) AND (k <= 7846221))

table 3 : explain SELECT k, c FROM sbtest3 WHERE k BETWEEN 7846121 AND 7846221
	Bitmap Heap Scan on sbtest3  (cost=5.35..358.30 rows=89 width=125)
	  Recheck Cond: ((k >= 7846121) AND (k <= 7846221))
	  ->  Bitmap Index Scan on k_3  (cost=0.00..5.32 rows=89 width=0)
	        Index Cond: ((k >= 7846121) AND (k <= 7846221))

table 4 : explain SELECT k, c FROM sbtest4 WHERE k BETWEEN 7846121 AND 7846221
	Bitmap Heap Scan on sbtest4  (cost=5.52..425.42 rows=106 width=125)
	  Recheck Cond: ((k >= 7846121) AND (k <= 7846221))
	  ->  Bitmap Index Scan on k_4  (cost=0.00..5.50 rows=106 width=0)
	        Index Cond: ((k >= 7846121) AND (k <= 7846221))

table 5 : explain SELECT k, c FROM sbtest5 WHERE k BETWEEN 7846121 AND 7846221
	Bitmap Heap Scan on sbtest5  (cost=5.50..417.52 rows=104 width=125)
	  Recheck Cond: ((k >= 7846121) AND (k <= 7846221))
	  ->  Bitmap Index Scan on k_5  (cost=0.00..5.47 rows=104 width=0)
	        Index Cond: ((k >= 7846121) AND (k <= 7846221))

table 6 : explain SELECT k, c FROM sbtest6 WHERE k BETWEEN 7846121 AND 7846221
	Bitmap Heap Scan on sbtest6  (cost=5.57..445.01 rows=111 width=125)
	  Recheck Cond: ((k >= 7846121) AND (k <= 7846221))
	  ->  Bitmap Index Scan on k_6  (cost=0.00..5.54 rows=111 width=0)
	        Index Cond: ((k >= 7846121) AND (k <= 7846221))

table 7 : explain SELECT k, c FROM sbtest7 WHERE k BETWEEN 7846121 AND 7846221
	Bitmap Heap Scan on sbtest7  (cost=5.38..370.12 rows=92 width=125)
	  Recheck Cond: ((k >= 7846121) AND (k <= 7846221))
	  ->  Bitmap Index Scan on k_7  (cost=0.00..5.35 rows=92 width=0)
	        Index Cond: ((k >= 7846121) AND (k <= 7846221))

table 8 : explain SELECT k, c FROM sbtest8 WHERE k BETWEEN 7846121 AND 7846221
	Bitmap Heap Scan on sbtest8  (cost=5.52..425.25 rows=106 width=125)
	  Recheck Cond: ((k >= 7846121) AND (k <= 7846221))
	  ->  Bitmap Index Scan on k_8  (cost=0.00..5.50 rows=106 width=0)
	        Index Cond: ((k >= 7846121) AND (k <= 7846221))


for range-notcovered
table 1 : explain SELECT k, c FROM sbtest1 WHERE k BETWEEN 4837811 AND 4837911
	Bitmap Heap Scan on sbtest1  (cost=5.45..397.71 rows=99 width=125)
	  Recheck Cond: ((k >= 4837811) AND (k <= 4837911))
	  ->  Bitmap Index Scan on k_1  (cost=0.00..5.42 rows=99 width=0)
	        Index Cond: ((k >= 4837811) AND (k <= 4837911))

table 2 : explain SELECT k, c FROM sbtest2 WHERE k BETWEEN 4837811 AND 4837911
	Bitmap Heap Scan on sbtest2  (cost=5.47..405.49 rows=101 width=125)
	  Recheck Cond: ((k >= 4837811) AND (k <= 4837911))
	  ->  Bitmap Index Scan on k_2  (cost=0.00..5.44 rows=101 width=0)
	        Index Cond: ((k >= 4837811) AND (k <= 4837911))

table 3 : explain SELECT k, c FROM sbtest3 WHERE k BETWEEN 4837811 AND 4837911
	Bitmap Heap Scan on sbtest3  (cost=5.44..393.84 rows=98 width=125)
	  Recheck Cond: ((k >= 4837811) AND (k <= 4837911))
	  ->  Bitmap Index Scan on k_3  (cost=0.00..5.42 rows=98 width=0)
	        Index Cond: ((k >= 4837811) AND (k <= 4837911))

table 4 : explain SELECT k, c FROM sbtest4 WHERE k BETWEEN 4837811 AND 4837911
	Bitmap Heap Scan on sbtest4  (cost=5.45..397.80 rows=99 width=125)
	  Recheck Cond: ((k >= 4837811) AND (k <= 4837911))
	  ->  Bitmap Index Scan on k_4  (cost=0.00..5.42 rows=99 width=0)
	        Index Cond: ((k >= 4837811) AND (k <= 4837911))

table 5 : explain SELECT k, c FROM sbtest5 WHERE k BETWEEN 4837811 AND 4837911
	Bitmap Heap Scan on sbtest5  (cost=5.54..433.30 rows=108 width=125)
	  Recheck Cond: ((k >= 4837811) AND (k <= 4837911))
	  ->  Bitmap Index Scan on k_5  (cost=0.00..5.51 rows=108 width=0)
	        Index Cond: ((k >= 4837811) AND (k <= 4837911))

table 6 : explain SELECT k, c FROM sbtest6 WHERE k BETWEEN 4837811 AND 4837911
	Bitmap Heap Scan on sbtest6  (cost=5.48..409.52 rows=102 width=125)
	  Recheck Cond: ((k >= 4837811) AND (k <= 4837911))
	  ->  Bitmap Index Scan on k_6  (cost=0.00..5.45 rows=102 width=0)
	        Index Cond: ((k >= 4837811) AND (k <= 4837911))

table 7 : explain SELECT k, c FROM sbtest7 WHERE k BETWEEN 4837811 AND 4837911
	Bitmap Heap Scan on sbtest7  (cost=5.57..445.09 rows=111 width=125)
	  Recheck Cond: ((k >= 4837811) AND (k <= 4837911))
	  ->  Bitmap Index Scan on k_7  (cost=0.00..5.54 rows=111 width=0)
	        Index Cond: ((k >= 4837811) AND (k <= 4837911))

table 8 : explain SELECT k, c FROM sbtest8 WHERE k BETWEEN 4837811 AND 4837911
	Bitmap Heap Scan on sbtest8  (cost=5.41..381.86 rows=95 width=125)
	  Recheck Cond: ((k >= 4837811) AND (k <= 4837911))
	  ->  Bitmap Index Scan on k_8  (cost=0.00..5.38 rows=95 width=0)
	        Index Cond: ((k >= 4837811) AND (k <= 4837911))

explain: for range-notcovered :: explain SELECT k, c FROM sbtest%d WHERE k BETWEEN 7846121 AND 7846221
explain: for range-notcovered :: explain SELECT k, c FROM sbtest%d WHERE k BETWEEN 5247593 AND 5247693
explain: for range-notcovered :: explain SELECT k, c FROM sbtest%d WHERE k BETWEEN 4837811 AND 4837911
for range-notcovered
table 1 : explain SELECT k, c FROM sbtest1 WHERE k BETWEEN 3825386 AND 3825486
	Bitmap Heap Scan on sbtest1  (cost=5.49..413.49 rows=103 width=125)
	  Recheck Cond: ((k >= 3825386) AND (k <= 3825486))
	  ->  Bitmap Index Scan on k_1  (cost=0.00..5.46 rows=103 width=0)
	        Index Cond: ((k >= 3825386) AND (k <= 3825486))

table 2 : explain SELECT k, c FROM sbtest2 WHERE k BETWEEN 3825386 AND 3825486
	Bitmap Heap Scan on sbtest2  (cost=5.43..389.71 rows=97 width=125)
	  Recheck Cond: ((k >= 3825386) AND (k <= 3825486))
	  ->  Bitmap Index Scan on k_2  (cost=0.00..5.40 rows=97 width=0)
	        Index Cond: ((k >= 3825386) AND (k <= 3825486))

table 3 : explain SELECT k, c FROM sbtest3 WHERE k BETWEEN 3825386 AND 3825486
	Bitmap Heap Scan on sbtest3  (cost=5.50..417.52 rows=104 width=125)
	  Recheck Cond: ((k >= 3825386) AND (k <= 3825486))
	  ->  Bitmap Index Scan on k_3  (cost=0.00..5.47 rows=104 width=0)
	        Index Cond: ((k >= 3825386) AND (k <= 3825486))

table 4 : explain SELECT k, c FROM sbtest4 WHERE k BETWEEN 3825386 AND 3825486
	Bitmap Heap Scan on sbtest4  (cost=5.45..397.80 rows=99 width=125)
	  Recheck Cond: ((k >= 3825386) AND (k <= 3825486))
	  ->  Bitmap Index Scan on k_4  (cost=0.00..5.42 rows=99 width=0)
	        Index Cond: ((k >= 3825386) AND (k <= 3825486))

table 5 : explain SELECT k, c FROM sbtest5 WHERE k BETWEEN 3825386 AND 3825486
	Bitmap Heap Scan on sbtest5  (cost=5.50..417.52 rows=104 width=125)
	  Recheck Cond: ((k >= 3825386) AND (k <= 3825486))
	  ->  Bitmap Index Scan on k_5  (cost=0.00..5.47 rows=104 width=0)
	        Index Cond: ((k >= 3825386) AND (k <= 3825486))

table 6 : explain SELECT k, c FROM sbtest6 WHERE k BETWEEN 3825386 AND 3825486
	Bitmap Heap Scan on sbtest6  (cost=5.48..409.52 rows=102 width=125)
	  Recheck Cond: ((k >= 3825386) AND (k <= 3825486))
	  ->  Bitmap Index Scan on k_6  (cost=0.00..5.45 rows=102 width=0)
	        Index Cond: ((k >= 3825386) AND (k <= 3825486))

table 7 : explain SELECT k, c FROM sbtest7 WHERE k BETWEEN 3825386 AND 3825486
	Bitmap Heap Scan on sbtest7  (cost=5.36..362.22 rows=90 width=125)
	  Recheck Cond: ((k >= 3825386) AND (k <= 3825486))
	  ->  Bitmap Index Scan on k_7  (cost=0.00..5.33 rows=90 width=0)
	        Index Cond: ((k >= 3825386) AND (k <= 3825486))

table 8 : explain SELECT k, c FROM sbtest8 WHERE k BETWEEN 3825386 AND 3825486
	Bitmap Heap Scan on sbtest8  (cost=5.44..393.70 rows=98 width=125)
	  Recheck Cond: ((k >= 3825386) AND (k <= 3825486))
	  ->  Bitmap Index Scan on k_8  (cost=0.00..5.42 rows=98 width=0)
	        Index Cond: ((k >= 3825386) AND (k <= 3825486))

for range-notcovered
table 1 : explain SELECT k, c FROM sbtest1 WHERE k BETWEEN 4713654 AND 4713754
	Bitmap Heap Scan on sbtest1  (cost=5.49..413.49 rows=103 width=125)
	  Recheck Cond: ((k >= 4713654) AND (k <= 4713754))
	  ->  Bitmap Index Scan on k_1  (cost=0.00..5.46 rows=103 width=0)
	        Index Cond: ((k >= 4713654) AND (k <= 4713754))

table 2 : explain SELECT k, c FROM sbtest2 WHERE k BETWEEN 4713654 AND 4713754
	Bitmap Heap Scan on sbtest2  (cost=5.56..440.97 rows=110 width=125)
	  Recheck Cond: ((k >= 4713654) AND (k <= 4713754))
	  ->  Bitmap Index Scan on k_2  (cost=0.00..5.53 rows=110 width=0)
	        Index Cond: ((k >= 4713654) AND (k <= 4713754))

table 3 : explain SELECT k, c FROM sbtest3 WHERE k BETWEEN 4713654 AND 4713754
	Bitmap Heap Scan on sbtest3  (cost=5.49..413.57 rows=103 width=125)
	  Recheck Cond: ((k >= 4713654) AND (k <= 4713754))
	  ->  Bitmap Index Scan on k_3  (cost=0.00..5.46 rows=103 width=0)
	        Index Cond: ((k >= 4713654) AND (k <= 4713754))

table 4 : explain SELECT k, c FROM sbtest4 WHERE k BETWEEN 4713654 AND 4713754
	Bitmap Heap Scan on sbtest4  (cost=5.35..358.30 rows=89 width=125)
	  Recheck Cond: ((k >= 4713654) AND (k <= 4713754))
	  ->  Bitmap Index Scan on k_4  (cost=0.00..5.32 rows=89 width=0)
	        Index Cond: ((k >= 4713654) AND (k <= 4713754))

table 5 : explain SELECT k, c FROM sbtest5 WHERE k BETWEEN 4713654 AND 4713754
	Bitmap Heap Scan on sbtest5  (cost=5.45..397.79 rows=99 width=125)
	  Recheck Cond: ((k >= 4713654) AND (k <= 4713754))
	  ->  Bitmap Index Scan on k_5  (cost=0.00..5.42 rows=99 width=0)
	        Index Cond: ((k >= 4713654) AND (k <= 4713754))

table 6 : explain SELECT k, c FROM sbtest6 WHERE k BETWEEN 4713654 AND 4713754
	Bitmap Heap Scan on sbtest6  (cost=5.39..374.00 rows=93 width=125)
	  Recheck Cond: ((k >= 4713654) AND (k <= 4713754))
	  ->  Bitmap Index Scan on k_6  (cost=0.00..5.36 rows=93 width=0)
	        Index Cond: ((k >= 4713654) AND (k <= 4713754))

table 7 : explain SELECT k, c FROM sbtest7 WHERE k BETWEEN 4713654 AND 4713754
	Bitmap Heap Scan on sbtest7  (cost=5.44..393.81 rows=98 width=125)
	  Recheck Cond: ((k >= 4713654) AND (k <= 4713754))
	  ->  Bitmap Index Scan on k_7  (cost=0.00..5.42 rows=98 width=0)
	        Index Cond: ((k >= 4713654) AND (k <= 4713754))

table 8 : explain SELECT k, c FROM sbtest8 WHERE k BETWEEN 4713654 AND 4713754
	Bitmap Heap Scan on sbtest8  (cost=5.51..421.31 rows=105 width=125)
	  Recheck Cond: ((k >= 4713654) AND (k <= 4713754))
	  ->  Bitmap Index Scan on k_8  (cost=0.00..5.48 rows=105 width=0)
	        Index Cond: ((k >= 4713654) AND (k <= 4713754))

explain: for range-notcovered :: explain SELECT k, c FROM sbtest%d WHERE k BETWEEN 3825386 AND 3825486
explain: for range-notcovered :: explain SELECT k, c FROM sbtest%d WHERE k BETWEEN 5974180 AND 5974280
explain: for range-notcovered :: explain SELECT k, c FROM sbtest%d WHERE k BETWEEN 4713654 AND 4713754
for range-notcovered
table 1 : explain SELECT k, c FROM sbtest1 WHERE k BETWEEN 4509380 AND 4509480
	Bitmap Heap Scan on sbtest1  (cost=5.49..413.49 rows=103 width=125)
	  Recheck Cond: ((k >= 4509380) AND (k <= 4509480))
	  ->  Bitmap Index Scan on k_1  (cost=0.00..5.46 rows=103 width=0)
	        Index Cond: ((k >= 4509380) AND (k <= 4509480))

table 2 : explain SELECT k, c FROM sbtest2 WHERE k BETWEEN 4509380 AND 4509480
	Bitmap Heap Scan on sbtest2  (cost=5.50..417.32 rows=104 width=125)
	  Recheck Cond: ((k >= 4509380) AND (k <= 4509480))
	  ->  Bitmap Index Scan on k_2  (cost=0.00..5.47 rows=104 width=0)
	        Index Cond: ((k >= 4509380) AND (k <= 4509480))

table 3 : explain SELECT k, c FROM sbtest3 WHERE k BETWEEN 4509380 AND 4509480
	Bitmap Heap Scan on sbtest3  (cost=5.49..413.57 rows=103 width=125)
	  Recheck Cond: ((k >= 4509380) AND (k <= 4509480))
	  ->  Bitmap Index Scan on k_3  (cost=0.00..5.46 rows=103 width=0)
	        Index Cond: ((k >= 4509380) AND (k <= 4509480))

table 4 : explain SELECT k, c FROM sbtest4 WHERE k BETWEEN 4509380 AND 4509480
	Bitmap Heap Scan on sbtest4  (cost=5.45..397.80 rows=99 width=125)
	  Recheck Cond: ((k >= 4509380) AND (k <= 4509480))
	  ->  Bitmap Index Scan on k_4  (cost=0.00..5.42 rows=99 width=0)
	        Index Cond: ((k >= 4509380) AND (k <= 4509480))

table 5 : explain SELECT k, c FROM sbtest5 WHERE k BETWEEN 4509380 AND 4509480
	Bitmap Heap Scan on sbtest5  (cost=5.55..437.24 rows=109 width=125)
	  Recheck Cond: ((k >= 4509380) AND (k <= 4509480))
	  ->  Bitmap Index Scan on k_5  (cost=0.00..5.52 rows=109 width=0)
	        Index Cond: ((k >= 4509380) AND (k <= 4509480))

table 6 : explain SELECT k, c FROM sbtest6 WHERE k BETWEEN 4509380 AND 4509480
	Bitmap Heap Scan on sbtest6  (cost=5.39..374.00 rows=93 width=125)
	  Recheck Cond: ((k >= 4509380) AND (k <= 4509480))
	  ->  Bitmap Index Scan on k_6  (cost=0.00..5.36 rows=93 width=0)
	        Index Cond: ((k >= 4509380) AND (k <= 4509480))

table 7 : explain SELECT k, c FROM sbtest7 WHERE k BETWEEN 4509380 AND 4509480
	Bitmap Heap Scan on sbtest7  (cost=5.45..397.76 rows=99 width=125)
	  Recheck Cond: ((k >= 4509380) AND (k <= 4509480))
	  ->  Bitmap Index Scan on k_7  (cost=0.00..5.42 rows=99 width=0)
	        Index Cond: ((k >= 4509380) AND (k <= 4509480))

table 8 : explain SELECT k, c FROM sbtest8 WHERE k BETWEEN 4509380 AND 4509480
	Bitmap Heap Scan on sbtest8  (cost=5.53..429.19 rows=107 width=125)
	  Recheck Cond: ((k >= 4509380) AND (k <= 4509480))
	  ->  Bitmap Index Scan on k_8  (cost=0.00..5.50 rows=107 width=0)
	        Index Cond: ((k >= 4509380) AND (k <= 4509480))

explain: for range-notcovered :: explain SELECT k, c FROM sbtest%d WHERE k BETWEEN 6071438 AND 6071538
for range-notcovered
table 1 : explain SELECT k, c FROM sbtest1 WHERE k BETWEEN 3876453 AND 3876553
	Bitmap Heap Scan on sbtest1  (cost=5.49..413.49 rows=103 width=125)
	  Recheck Cond: ((k >= 3876453) AND (k <= 3876553))
	  ->  Bitmap Index Scan on k_1  (cost=0.00..5.46 rows=103 width=0)
	        Index Cond: ((k >= 3876453) AND (k <= 3876553))

table 2 : explain SELECT k, c FROM sbtest2 WHERE k BETWEEN 3876453 AND 3876553
	Bitmap Heap Scan on sbtest2  (cost=5.39..373.93 rows=93 width=125)
	  Recheck Cond: ((k >= 3876453) AND (k <= 3876553))
	  ->  Bitmap Index Scan on k_2  (cost=0.00..5.36 rows=93 width=0)
	        Index Cond: ((k >= 3876453) AND (k <= 3876553))

table 3 : explain SELECT k, c FROM sbtest3 WHERE k BETWEEN 3876453 AND 3876553
	Bitmap Heap Scan on sbtest3  (cost=5.46..401.74 rows=100 width=125)
	  Recheck Cond: ((k >= 3876453) AND (k <= 3876553))
	  ->  Bitmap Index Scan on k_3  (cost=0.00..5.43 rows=100 width=0)
	        Index Cond: ((k >= 3876453) AND (k <= 3876553))

table 4 : explain SELECT k, c FROM sbtest4 WHERE k BETWEEN 3876453 AND 3876553
	Bitmap Heap Scan on sbtest4  (cost=5.45..397.80 rows=99 width=125)
	  Recheck Cond: ((k >= 3876453) AND (k <= 3876553))
	  ->  Bitmap Index Scan on k_4  (cost=0.00..5.42 rows=99 width=0)
	        Index Cond: ((k >= 3876453) AND (k <= 3876553))

table 5 : explain SELECT k, c FROM sbtest5 WHERE k BETWEEN 3876453 AND 3876553
	Bitmap Heap Scan on sbtest5  (cost=5.50..417.52 rows=104 width=125)
	  Recheck Cond: ((k >= 3876453) AND (k <= 3876553))
	  ->  Bitmap Index Scan on k_5  (cost=0.00..5.47 rows=104 width=0)
	        Index Cond: ((k >= 3876453) AND (k <= 3876553))

table 6 : explain SELECT k, c FROM sbtest6 WHERE k BETWEEN 3876453 AND 3876553
	Bitmap Heap Scan on sbtest6  (cost=5.48..409.52 rows=102 width=125)
	  Recheck Cond: ((k >= 3876453) AND (k <= 3876553))
	  ->  Bitmap Index Scan on k_6  (cost=0.00..5.45 rows=102 width=0)
	        Index Cond: ((k >= 3876453) AND (k <= 3876553))

table 7 : explain SELECT k, c FROM sbtest7 WHERE k BETWEEN 3876453 AND 3876553
	Bitmap Heap Scan on sbtest7  (cost=5.36..362.22 rows=90 width=125)
	  Recheck Cond: ((k >= 3876453) AND (k <= 3876553))
	  ->  Bitmap Index Scan on k_7  (cost=0.00..5.33 rows=90 width=0)
	        Index Cond: ((k >= 3876453) AND (k <= 3876553))

table 8 : explain SELECT k, c FROM sbtest8 WHERE k BETWEEN 3876453 AND 3876553
	Bitmap Heap Scan on sbtest8  (cost=5.54..433.14 rows=108 width=125)
	  Recheck Cond: ((k >= 3876453) AND (k <= 3876553))
	  ->  Bitmap Index Scan on k_8  (cost=0.00..5.51 rows=108 width=0)
	        Index Cond: ((k >= 3876453) AND (k <= 3876553))

explain: for range-notcovered :: explain SELECT k, c FROM sbtest%d WHERE k BETWEEN 3578842 AND 3578942
for range-notcovered
table 1 : explain SELECT k, c FROM sbtest1 WHERE k BETWEEN 6744288 AND 6744388
	Bitmap Heap Scan on sbtest1  (cost=5.53..429.27 rows=107 width=125)
	  Recheck Cond: ((k >= 6744288) AND (k <= 6744388))
	  ->  Bitmap Index Scan on k_1  (cost=0.00..5.50 rows=107 width=0)
	        Index Cond: ((k >= 6744288) AND (k <= 6744388))

table 2 : explain SELECT k, c FROM sbtest2 WHERE k BETWEEN 6744288 AND 6744388
	Bitmap Heap Scan on sbtest2  (cost=5.40..377.88 rows=94 width=125)
	  Recheck Cond: ((k >= 6744288) AND (k <= 6744388))
	  ->  Bitmap Index Scan on k_2  (cost=0.00..5.38 rows=94 width=0)
	        Index Cond: ((k >= 6744288) AND (k <= 6744388))

table 3 : explain SELECT k, c FROM sbtest3 WHERE k BETWEEN 6744288 AND 6744388
	Bitmap Heap Scan on sbtest3  (cost=5.60..456.95 rows=114 width=125)
	  Recheck Cond: ((k >= 6744288) AND (k <= 6744388))
	  ->  Bitmap Index Scan on k_3  (cost=0.00..5.58 rows=114 width=0)
	        Index Cond: ((k >= 6744288) AND (k <= 6744388))

table 4 : explain SELECT k, c FROM sbtest4 WHERE k BETWEEN 6744288 AND 6744388
	Bitmap Heap Scan on sbtest4  (cost=5.56..441.20 rows=110 width=125)
	  Recheck Cond: ((k >= 6744288) AND (k <= 6744388))
	  ->  Bitmap Index Scan on k_4  (cost=0.00..5.53 rows=110 width=0)
	        Index Cond: ((k >= 6744288) AND (k <= 6744388))

table 5 : explain SELECT k, c FROM sbtest5 WHERE k BETWEEN 6744288 AND 6744388
	Bitmap Heap Scan on sbtest5  (cost=5.41..382.00 rows=95 width=125)
	  Recheck Cond: ((k >= 6744288) AND (k <= 6744388))
	  ->  Bitmap Index Scan on k_5  (cost=0.00..5.38 rows=95 width=0)
	        Index Cond: ((k >= 6744288) AND (k <= 6744388))

table 6 : explain SELECT k, c FROM sbtest6 WHERE k BETWEEN 6744288 AND 6744388
	Bitmap Heap Scan on sbtest6  (cost=5.44..393.74 rows=98 width=125)
	  Recheck Cond: ((k >= 6744288) AND (k <= 6744388))
	  ->  Bitmap Index Scan on k_6  (cost=0.00..5.42 rows=98 width=0)
	        Index Cond: ((k >= 6744288) AND (k <= 6744388))

table 7 : explain SELECT k, c FROM sbtest7 WHERE k BETWEEN 6744288 AND 6744388
	Bitmap Heap Scan on sbtest7  (cost=5.42..385.92 rows=96 width=125)
	  Recheck Cond: ((k >= 6744288) AND (k <= 6744388))
	  ->  Bitmap Index Scan on k_7  (cost=0.00..5.39 rows=96 width=0)
	        Index Cond: ((k >= 6744288) AND (k <= 6744388))

table 8 : explain SELECT k, c FROM sbtest8 WHERE k BETWEEN 6744288 AND 6744388
	Bitmap Heap Scan on sbtest8  (cost=5.52..425.25 rows=106 width=125)
	  Recheck Cond: ((k >= 6744288) AND (k <= 6744388))
	  ->  Bitmap Index Scan on k_8  (cost=0.00..5.50 rows=106 width=0)
	        Index Cond: ((k >= 6744288) AND (k <= 6744388))

explain: for range-notcovered :: explain SELECT k, c FROM sbtest%d WHERE k BETWEEN 3876453 AND 3876553
explain: for range-notcovered :: explain SELECT k, c FROM sbtest%d WHERE k BETWEEN 470817 AND 470917
explain: for range-notcovered :: explain SELECT k, c FROM sbtest%d WHERE k BETWEEN 6744288 AND 6744388
for range-notcovered
table 1 : explain SELECT k, c FROM sbtest1 WHERE k BETWEEN 1473996 AND 1474096
	Bitmap Heap Scan on sbtest1  (cost=5.45..397.71 rows=99 width=125)
	  Recheck Cond: ((k >= 1473996) AND (k <= 1474096))
	  ->  Bitmap Index Scan on k_1  (cost=0.00..5.42 rows=99 width=0)
	        Index Cond: ((k >= 1473996) AND (k <= 1474096))

table 2 : explain SELECT k, c FROM sbtest2 WHERE k BETWEEN 1473996 AND 1474096
	Bitmap Heap Scan on sbtest2  (cost=5.50..417.32 rows=104 width=125)
	  Recheck Cond: ((k >= 1473996) AND (k <= 1474096))
	  ->  Bitmap Index Scan on k_2  (cost=0.00..5.47 rows=104 width=0)
	        Index Cond: ((k >= 1473996) AND (k <= 1474096))

table 3 : explain SELECT k, c FROM sbtest3 WHERE k BETWEEN 1473996 AND 1474096
	Bitmap Heap Scan on sbtest3  (cost=5.62..464.84 rows=116 width=125)
	  Recheck Cond: ((k >= 1473996) AND (k <= 1474096))
	  ->  Bitmap Index Scan on k_3  (cost=0.00..5.59 rows=116 width=0)
	        Index Cond: ((k >= 1473996) AND (k <= 1474096))

table 4 : explain SELECT k, c FROM sbtest4 WHERE k BETWEEN 1473996 AND 1474096
	Bitmap Heap Scan on sbtest4  (cost=5.46..401.74 rows=100 width=125)
	  Recheck Cond: ((k >= 1473996) AND (k <= 1474096))
	  ->  Bitmap Index Scan on k_4  (cost=0.00..5.43 rows=100 width=0)
	        Index Cond: ((k >= 1473996) AND (k <= 1474096))

table 5 : explain SELECT k, c FROM sbtest5 WHERE k BETWEEN 1473996 AND 1474096
	Bitmap Heap Scan on sbtest5  (cost=5.61..460.89 rows=115 width=125)
	  Recheck Cond: ((k >= 1473996) AND (k <= 1474096))
	  ->  Bitmap Index Scan on k_5  (cost=0.00..5.58 rows=115 width=0)
	        Index Cond: ((k >= 1473996) AND (k <= 1474096))

table 6 : explain SELECT k, c FROM sbtest6 WHERE k BETWEEN 1473996 AND 1474096
	Bitmap Heap Scan on sbtest6  (cost=5.50..417.41 rows=104 width=125)
	  Recheck Cond: ((k >= 1473996) AND (k <= 1474096))
	  ->  Bitmap Index Scan on k_6  (cost=0.00..5.47 rows=104 width=0)
	        Index Cond: ((k >= 1473996) AND (k <= 1474096))

table 7 : explain SELECT k, c FROM sbtest7 WHERE k BETWEEN 1473996 AND 1474096
	Bitmap Heap Scan on sbtest7  (cost=5.48..409.60 rows=102 width=125)
	  Recheck Cond: ((k >= 1473996) AND (k <= 1474096))
	  ->  Bitmap Index Scan on k_7  (cost=0.00..5.45 rows=102 width=0)
	        Index Cond: ((k >= 1473996) AND (k <= 1474096))

table 8 : explain SELECT k, c FROM sbtest8 WHERE k BETWEEN 1473996 AND 1474096
	Bitmap Heap Scan on sbtest8  (cost=5.51..421.31 rows=105 width=125)
	  Recheck Cond: ((k >= 1473996) AND (k <= 1474096))
	  ->  Bitmap Index Scan on k_8  (cost=0.00..5.48 rows=105 width=0)
	        Index Cond: ((k >= 1473996) AND (k <= 1474096))

explain: for range-notcovered :: explain SELECT k, c FROM sbtest%d WHERE k BETWEEN 1473996 AND 1474096
for range-notcovered
table 1 : explain SELECT k, c FROM sbtest1 WHERE k BETWEEN 4837811 AND 4837911
	Bitmap Heap Scan on sbtest1  (cost=5.45..397.71 rows=99 width=125)
	  Recheck Cond: ((k >= 4837811) AND (k <= 4837911))
	  ->  Bitmap Index Scan on k_1  (cost=0.00..5.42 rows=99 width=0)
	        Index Cond: ((k >= 4837811) AND (k <= 4837911))

table 2 : explain SELECT k, c FROM sbtest2 WHERE k BETWEEN 4837811 AND 4837911
	Bitmap Heap Scan on sbtest2  (cost=5.47..405.49 rows=101 width=125)
	  Recheck Cond: ((k >= 4837811) AND (k <= 4837911))
	  ->  Bitmap Index Scan on k_2  (cost=0.00..5.44 rows=101 width=0)
	        Index Cond: ((k >= 4837811) AND (k <= 4837911))

table 3 : explain SELECT k, c FROM sbtest3 WHERE k BETWEEN 4837811 AND 4837911
	Bitmap Heap Scan on sbtest3  (cost=5.44..393.84 rows=98 width=125)
	  Recheck Cond: ((k >= 4837811) AND (k <= 4837911))
	  ->  Bitmap Index Scan on k_3  (cost=0.00..5.42 rows=98 width=0)
	        Index Cond: ((k >= 4837811) AND (k <= 4837911))

table 4 : explain SELECT k, c FROM sbtest4 WHERE k BETWEEN 4837811 AND 4837911
	Bitmap Heap Scan on sbtest4  (cost=5.45..397.80 rows=99 width=125)
	  Recheck Cond: ((k >= 4837811) AND (k <= 4837911))
	  ->  Bitmap Index Scan on k_4  (cost=0.00..5.42 rows=99 width=0)
	        Index Cond: ((k >= 4837811) AND (k <= 4837911))

table 5 : explain SELECT k, c FROM sbtest5 WHERE k BETWEEN 4837811 AND 4837911
	Bitmap Heap Scan on sbtest5  (cost=5.54..433.30 rows=108 width=125)
	  Recheck Cond: ((k >= 4837811) AND (k <= 4837911))
	  ->  Bitmap Index Scan on k_5  (cost=0.00..5.51 rows=108 width=0)
	        Index Cond: ((k >= 4837811) AND (k <= 4837911))

table 6 : explain SELECT k, c FROM sbtest6 WHERE k BETWEEN 4837811 AND 4837911
	Bitmap Heap Scan on sbtest6  (cost=5.48..409.52 rows=102 width=125)
	  Recheck Cond: ((k >= 4837811) AND (k <= 4837911))
	  ->  Bitmap Index Scan on k_6  (cost=0.00..5.45 rows=102 width=0)
	        Index Cond: ((k >= 4837811) AND (k <= 4837911))

table 7 : explain SELECT k, c FROM sbtest7 WHERE k BETWEEN 4837811 AND 4837911
	Bitmap Heap Scan on sbtest7  (cost=5.57..445.09 rows=111 width=125)
	  Recheck Cond: ((k >= 4837811) AND (k <= 4837911))
	  ->  Bitmap Index Scan on k_7  (cost=0.00..5.54 rows=111 width=0)
	        Index Cond: ((k >= 4837811) AND (k <= 4837911))

table 8 : explain SELECT k, c FROM sbtest8 WHERE k BETWEEN 4837811 AND 4837911
	Bitmap Heap Scan on sbtest8  (cost=5.41..381.86 rows=95 width=125)
	  Recheck Cond: ((k >= 4837811) AND (k <= 4837911))
	  ->  Bitmap Index Scan on k_8  (cost=0.00..5.38 rows=95 width=0)
	        Index Cond: ((k >= 4837811) AND (k <= 4837911))

explain: for range-notcovered :: explain SELECT k, c FROM sbtest%d WHERE k BETWEEN 6633405 AND 6633505
explain: for range-notcovered :: explain SELECT k, c FROM sbtest%d WHERE k BETWEEN 4837811 AND 4837911
for range-notcovered
table 1 : explain SELECT k, c FROM sbtest1 WHERE k BETWEEN 7846121 AND 7846221
	Bitmap Heap Scan on sbtest1  (cost=5.46..401.65 rows=100 width=125)
	  Recheck Cond: ((k >= 7846121) AND (k <= 7846221))
	  ->  Bitmap Index Scan on k_1  (cost=0.00..5.43 rows=100 width=0)
	        Index Cond: ((k >= 7846121) AND (k <= 7846221))

table 2 : explain SELECT k, c FROM sbtest2 WHERE k BETWEEN 7846121 AND 7846221
	Bitmap Heap Scan on sbtest2  (cost=5.43..389.71 rows=97 width=125)
	  Recheck Cond: ((k >= 7846121) AND (k <= 7846221))
	  ->  Bitmap Index Scan on k_2  (cost=0.00..5.40 rows=97 width=0)
	        Index Cond: ((k >= 7846121) AND (k <= 7846221))

table 3 : explain SELECT k, c FROM sbtest3 WHERE k BETWEEN 7846121 AND 7846221
	Bitmap Heap Scan on sbtest3  (cost=5.35..358.30 rows=89 width=125)
	  Recheck Cond: ((k >= 7846121) AND (k <= 7846221))
	  ->  Bitmap Index Scan on k_3  (cost=0.00..5.32 rows=89 width=0)
	        Index Cond: ((k >= 7846121) AND (k <= 7846221))

table 4 : explain SELECT k, c FROM sbtest4 WHERE k BETWEEN 7846121 AND 7846221
	Bitmap Heap Scan on sbtest4  (cost=5.52..425.42 rows=106 width=125)
	  Recheck Cond: ((k >= 7846121) AND (k <= 7846221))
	  ->  Bitmap Index Scan on k_4  (cost=0.00..5.50 rows=106 width=0)
	        Index Cond: ((k >= 7846121) AND (k <= 7846221))

table 5 : explain SELECT k, c FROM sbtest5 WHERE k BETWEEN 7846121 AND 7846221
	Bitmap Heap Scan on sbtest5  (cost=5.50..417.52 rows=104 width=125)
	  Recheck Cond: ((k >= 7846121) AND (k <= 7846221))
	  ->  Bitmap Index Scan on k_5  (cost=0.00..5.47 rows=104 width=0)
	        Index Cond: ((k >= 7846121) AND (k <= 7846221))

table 6 : explain SELECT k, c FROM sbtest6 WHERE k BETWEEN 7846121 AND 7846221
	Bitmap Heap Scan on sbtest6  (cost=5.57..445.01 rows=111 width=125)
	  Recheck Cond: ((k >= 7846121) AND (k <= 7846221))
	  ->  Bitmap Index Scan on k_6  (cost=0.00..5.54 rows=111 width=0)
	        Index Cond: ((k >= 7846121) AND (k <= 7846221))

table 7 : explain SELECT k, c FROM sbtest7 WHERE k BETWEEN 7846121 AND 7846221
	Bitmap Heap Scan on sbtest7  (cost=5.38..370.12 rows=92 width=125)
	  Recheck Cond: ((k >= 7846121) AND (k <= 7846221))
	  ->  Bitmap Index Scan on k_7  (cost=0.00..5.35 rows=92 width=0)
	        Index Cond: ((k >= 7846121) AND (k <= 7846221))

table 8 : explain SELECT k, c FROM sbtest8 WHERE k BETWEEN 7846121 AND 7846221
	Bitmap Heap Scan on sbtest8  (cost=5.52..425.25 rows=106 width=125)
	  Recheck Cond: ((k >= 7846121) AND (k <= 7846221))
	  ->  Bitmap Index Scan on k_8  (cost=0.00..5.50 rows=106 width=0)
	        Index Cond: ((k >= 7846121) AND (k <= 7846221))

for range-notcovered
table 1 : explain SELECT k, c FROM sbtest1 WHERE k BETWEEN 5247593 AND 5247693
	Bitmap Heap Scan on sbtest1  (cost=5.49..413.49 rows=103 width=125)
	  Recheck Cond: ((k >= 5247593) AND (k <= 5247693))
	  ->  Bitmap Index Scan on k_1  (cost=0.00..5.46 rows=103 width=0)
	        Index Cond: ((k >= 5247593) AND (k <= 5247693))

table 2 : explain SELECT k, c FROM sbtest2 WHERE k BETWEEN 5247593 AND 5247693
	Bitmap Heap Scan on sbtest2  (cost=5.52..425.20 rows=106 width=125)
	  Recheck Cond: ((k >= 5247593) AND (k <= 5247693))
	  ->  Bitmap Index Scan on k_2  (cost=0.00..5.50 rows=106 width=0)
	        Index Cond: ((k >= 5247593) AND (k <= 5247693))

table 3 : explain SELECT k, c FROM sbtest3 WHERE k BETWEEN 5247593 AND 5247693
	Bitmap Heap Scan on sbtest3  (cost=5.52..425.41 rows=106 width=125)
	  Recheck Cond: ((k >= 5247593) AND (k <= 5247693))
	  ->  Bitmap Index Scan on k_3  (cost=0.00..5.50 rows=106 width=0)
	        Index Cond: ((k >= 5247593) AND (k <= 5247693))

table 4 : explain SELECT k, c FROM sbtest4 WHERE k BETWEEN 5247593 AND 5247693
	Bitmap Heap Scan on sbtest4  (cost=5.50..417.53 rows=104 width=125)
	  Recheck Cond: ((k >= 5247593) AND (k <= 5247693))
	  ->  Bitmap Index Scan on k_4  (cost=0.00..5.47 rows=104 width=0)
	        Index Cond: ((k >= 5247593) AND (k <= 5247693))

table 5 : explain SELECT k, c FROM sbtest5 WHERE k BETWEEN 5247593 AND 5247693
	Bitmap Heap Scan on sbtest5  (cost=5.63..468.78 rows=117 width=125)
	  Recheck Cond: ((k >= 5247593) AND (k <= 5247693))
	  ->  Bitmap Index Scan on k_5  (cost=0.00..5.60 rows=117 width=0)
	        Index Cond: ((k >= 5247593) AND (k <= 5247693))

table 6 : explain SELECT k, c FROM sbtest6 WHERE k BETWEEN 5247593 AND 5247693
	Bitmap Heap Scan on sbtest6  (cost=5.38..370.06 rows=92 width=125)
	  Recheck Cond: ((k >= 5247593) AND (k <= 5247693))
	  ->  Bitmap Index Scan on k_6  (cost=0.00..5.35 rows=92 width=0)
	        Index Cond: ((k >= 5247593) AND (k <= 5247693))

table 7 : explain SELECT k, c FROM sbtest7 WHERE k BETWEEN 5247593 AND 5247693
	Bitmap Heap Scan on sbtest7  (cost=5.50..417.49 rows=104 width=125)
	  Recheck Cond: ((k >= 5247593) AND (k <= 5247693))
	  ->  Bitmap Index Scan on k_7  (cost=0.00..5.47 rows=104 width=0)
	        Index Cond: ((k >= 5247593) AND (k <= 5247693))

table 8 : explain SELECT k, c FROM sbtest8 WHERE k BETWEEN 5247593 AND 5247693
	Bitmap Heap Scan on sbtest8  (cost=5.46..401.59 rows=100 width=125)
	  Recheck Cond: ((k >= 5247593) AND (k <= 5247693))
	  ->  Bitmap Index Scan on k_8  (cost=0.00..5.43 rows=100 width=0)
	        Index Cond: ((k >= 5247593) AND (k <= 5247693))

for range-notcovered
table 1 : explain SELECT k, c FROM sbtest1 WHERE k BETWEEN 3825386 AND 3825486
	Bitmap Heap Scan on sbtest1  (cost=5.49..413.49 rows=103 width=125)
	  Recheck Cond: ((k >= 3825386) AND (k <= 3825486))
	  ->  Bitmap Index Scan on k_1  (cost=0.00..5.46 rows=103 width=0)
	        Index Cond: ((k >= 3825386) AND (k <= 3825486))

table 2 : explain SELECT k, c FROM sbtest2 WHERE k BETWEEN 3825386 AND 3825486
	Bitmap Heap Scan on sbtest2  (cost=5.43..389.71 rows=97 width=125)
	  Recheck Cond: ((k >= 3825386) AND (k <= 3825486))
	  ->  Bitmap Index Scan on k_2  (cost=0.00..5.40 rows=97 width=0)
	        Index Cond: ((k >= 3825386) AND (k <= 3825486))

table 3 : explain SELECT k, c FROM sbtest3 WHERE k BETWEEN 3825386 AND 3825486
	Bitmap Heap Scan on sbtest3  (cost=5.50..417.52 rows=104 width=125)
	  Recheck Cond: ((k >= 3825386) AND (k <= 3825486))
	  ->  Bitmap Index Scan on k_3  (cost=0.00..5.47 rows=104 width=0)
	        Index Cond: ((k >= 3825386) AND (k <= 3825486))

table 4 : explain SELECT k, c FROM sbtest4 WHERE k BETWEEN 3825386 AND 3825486
	Bitmap Heap Scan on sbtest4  (cost=5.45..397.80 rows=99 width=125)
	  Recheck Cond: ((k >= 3825386) AND (k <= 3825486))
	  ->  Bitmap Index Scan on k_4  (cost=0.00..5.42 rows=99 width=0)
	        Index Cond: ((k >= 3825386) AND (k <= 3825486))

table 5 : explain SELECT k, c FROM sbtest5 WHERE k BETWEEN 3825386 AND 3825486
	Bitmap Heap Scan on sbtest5  (cost=5.50..417.52 rows=104 width=125)
	  Recheck Cond: ((k >= 3825386) AND (k <= 3825486))
	  ->  Bitmap Index Scan on k_5  (cost=0.00..5.47 rows=104 width=0)
	        Index Cond: ((k >= 3825386) AND (k <= 3825486))

table 6 : explain SELECT k, c FROM sbtest6 WHERE k BETWEEN 3825386 AND 3825486
	Bitmap Heap Scan on sbtest6  (cost=5.48..409.52 rows=102 width=125)
	  Recheck Cond: ((k >= 3825386) AND (k <= 3825486))
	  ->  Bitmap Index Scan on k_6  (cost=0.00..5.45 rows=102 width=0)
	        Index Cond: ((k >= 3825386) AND (k <= 3825486))

table 7 : explain SELECT k, c FROM sbtest7 WHERE k BETWEEN 3825386 AND 3825486
	Bitmap Heap Scan on sbtest7  (cost=5.36..362.22 rows=90 width=125)
	  Recheck Cond: ((k >= 3825386) AND (k <= 3825486))
	  ->  Bitmap Index Scan on k_7  (cost=0.00..5.33 rows=90 width=0)
	        Index Cond: ((k >= 3825386) AND (k <= 3825486))

table 8 : explain SELECT k, c FROM sbtest8 WHERE k BETWEEN 3825386 AND 3825486
	Bitmap Heap Scan on sbtest8  (cost=5.44..393.70 rows=98 width=125)
	  Recheck Cond: ((k >= 3825386) AND (k <= 3825486))
	  ->  Bitmap Index Scan on k_8  (cost=0.00..5.42 rows=98 width=0)
	        Index Cond: ((k >= 3825386) AND (k <= 3825486))

explain: for range-notcovered :: explain SELECT k, c FROM sbtest%d WHERE k BETWEEN 7846121 AND 7846221
explain: for range-notcovered :: explain SELECT k, c FROM sbtest%d WHERE k BETWEEN 5247593 AND 5247693
for range-notcovered
table 1 : explain SELECT k, c FROM sbtest1 WHERE k BETWEEN 4713654 AND 4713754
	Bitmap Heap Scan on sbtest1  (cost=5.49..413.49 rows=103 width=125)
	  Recheck Cond: ((k >= 4713654) AND (k <= 4713754))
	  ->  Bitmap Index Scan on k_1  (cost=0.00..5.46 rows=103 width=0)
	        Index Cond: ((k >= 4713654) AND (k <= 4713754))

table 2 : explain SELECT k, c FROM sbtest2 WHERE k BETWEEN 4713654 AND 4713754
	Bitmap Heap Scan on sbtest2  (cost=5.56..440.97 rows=110 width=125)
	  Recheck Cond: ((k >= 4713654) AND (k <= 4713754))
	  ->  Bitmap Index Scan on k_2  (cost=0.00..5.53 rows=110 width=0)
	        Index Cond: ((k >= 4713654) AND (k <= 4713754))

table 3 : explain SELECT k, c FROM sbtest3 WHERE k BETWEEN 4713654 AND 4713754
	Bitmap Heap Scan on sbtest3  (cost=5.49..413.57 rows=103 width=125)
	  Recheck Cond: ((k >= 4713654) AND (k <= 4713754))
	  ->  Bitmap Index Scan on k_3  (cost=0.00..5.46 rows=103 width=0)
	        Index Cond: ((k >= 4713654) AND (k <= 4713754))

table 4 : explain SELECT k, c FROM sbtest4 WHERE k BETWEEN 4713654 AND 4713754
	Bitmap Heap Scan on sbtest4  (cost=5.35..358.30 rows=89 width=125)
	  Recheck Cond: ((k >= 4713654) AND (k <= 4713754))
	  ->  Bitmap Index Scan on k_4  (cost=0.00..5.32 rows=89 width=0)
	        Index Cond: ((k >= 4713654) AND (k <= 4713754))

table 5 : explain SELECT k, c FROM sbtest5 WHERE k BETWEEN 4713654 AND 4713754
	Bitmap Heap Scan on sbtest5  (cost=5.45..397.79 rows=99 width=125)
	  Recheck Cond: ((k >= 4713654) AND (k <= 4713754))
	  ->  Bitmap Index Scan on k_5  (cost=0.00..5.42 rows=99 width=0)
	        Index Cond: ((k >= 4713654) AND (k <= 4713754))

table 6 : explain SELECT k, c FROM sbtest6 WHERE k BETWEEN 4713654 AND 4713754
	Bitmap Heap Scan on sbtest6  (cost=5.39..374.00 rows=93 width=125)
	  Recheck Cond: ((k >= 4713654) AND (k <= 4713754))
	  ->  Bitmap Index Scan on k_6  (cost=0.00..5.36 rows=93 width=0)
	        Index Cond: ((k >= 4713654) AND (k <= 4713754))

table 7 : explain SELECT k, c FROM sbtest7 WHERE k BETWEEN 4713654 AND 4713754
	Bitmap Heap Scan on sbtest7  (cost=5.44..393.81 rows=98 width=125)
	  Recheck Cond: ((k >= 4713654) AND (k <= 4713754))
	  ->  Bitmap Index Scan on k_7  (cost=0.00..5.42 rows=98 width=0)
	        Index Cond: ((k >= 4713654) AND (k <= 4713754))

table 8 : explain SELECT k, c FROM sbtest8 WHERE k BETWEEN 4713654 AND 4713754
	Bitmap Heap Scan on sbtest8  (cost=5.51..421.31 rows=105 width=125)
	  Recheck Cond: ((k >= 4713654) AND (k <= 4713754))
	  ->  Bitmap Index Scan on k_8  (cost=0.00..5.48 rows=105 width=0)
	        Index Cond: ((k >= 4713654) AND (k <= 4713754))

for range-notcovered
table 1 : explain SELECT k, c FROM sbtest1 WHERE k BETWEEN 2861958 AND 2862058
	Bitmap Heap Scan on sbtest1  (cost=5.44..393.76 rows=98 width=125)
	  Recheck Cond: ((k >= 2861958) AND (k <= 2862058))
	  ->  Bitmap Index Scan on k_1  (cost=0.00..5.42 rows=98 width=0)
	        Index Cond: ((k >= 2861958) AND (k <= 2862058))

table 2 : explain SELECT k, c FROM sbtest2 WHERE k BETWEEN 2861958 AND 2862058
	Bitmap Heap Scan on sbtest2  (cost=5.39..373.93 rows=93 width=125)
	  Recheck Cond: ((k >= 2861958) AND (k <= 2862058))
	  ->  Bitmap Index Scan on k_2  (cost=0.00..5.36 rows=93 width=0)
	        Index Cond: ((k >= 2861958) AND (k <= 2862058))

table 3 : explain SELECT k, c FROM sbtest3 WHERE k BETWEEN 2861958 AND 2862058
	Bitmap Heap Scan on sbtest3  (cost=5.46..401.74 rows=100 width=125)
	  Recheck Cond: ((k >= 2861958) AND (k <= 2862058))
	  ->  Bitmap Index Scan on k_3  (cost=0.00..5.43 rows=100 width=0)
	        Index Cond: ((k >= 2861958) AND (k <= 2862058))

table 4 : explain SELECT k, c FROM sbtest4 WHERE k BETWEEN 2861958 AND 2862058
	Bitmap Heap Scan on sbtest4  (cost=5.46..401.74 rows=100 width=125)
	  Recheck Cond: ((k >= 2861958) AND (k <= 2862058))
	  ->  Bitmap Index Scan on k_4  (cost=0.00..5.43 rows=100 width=0)
	        Index Cond: ((k >= 2861958) AND (k <= 2862058))

table 5 : explain SELECT k, c FROM sbtest5 WHERE k BETWEEN 2861958 AND 2862058
	Bitmap Heap Scan on sbtest5  (cost=5.44..393.84 rows=98 width=125)
	  Recheck Cond: ((k >= 2861958) AND (k <= 2862058))
	  ->  Bitmap Index Scan on k_5  (cost=0.00..5.42 rows=98 width=0)
	        Index Cond: ((k >= 2861958) AND (k <= 2862058))

table 6 : explain SELECT k, c FROM sbtest6 WHERE k BETWEEN 2861958 AND 2862058
	Bitmap Heap Scan on sbtest6  (cost=5.46..401.63 rows=100 width=125)
	  Recheck Cond: ((k >= 2861958) AND (k <= 2862058))
	  ->  Bitmap Index Scan on k_6  (cost=0.00..5.43 rows=100 width=0)
	        Index Cond: ((k >= 2861958) AND (k <= 2862058))

table 7 : explain SELECT k, c FROM sbtest7 WHERE k BETWEEN 2861958 AND 2862058
	Bitmap Heap Scan on sbtest7  (cost=5.57..445.09 rows=111 width=125)
	  Recheck Cond: ((k >= 2861958) AND (k <= 2862058))
	  ->  Bitmap Index Scan on k_7  (cost=0.00..5.54 rows=111 width=0)
	        Index Cond: ((k >= 2861958) AND (k <= 2862058))

table 8 : explain SELECT k, c FROM sbtest8 WHERE k BETWEEN 2861958 AND 2862058
	Bitmap Heap Scan on sbtest8  (cost=5.50..417.37 rows=104 width=125)
	  Recheck Cond: ((k >= 2861958) AND (k <= 2862058))
	  ->  Bitmap Index Scan on k_8  (cost=0.00..5.47 rows=104 width=0)
	        Index Cond: ((k >= 2861958) AND (k <= 2862058))

for range-notcovered
table 1 : explain SELECT k, c FROM sbtest1 WHERE k BETWEEN 3648762 AND 3648862
	Bitmap Heap Scan on sbtest1  (cost=5.53..429.27 rows=107 width=125)
	  Recheck Cond: ((k >= 3648762) AND (k <= 3648862))
	  ->  Bitmap Index Scan on k_1  (cost=0.00..5.50 rows=107 width=0)
	        Index Cond: ((k >= 3648762) AND (k <= 3648862))

table 2 : explain SELECT k, c FROM sbtest2 WHERE k BETWEEN 3648762 AND 3648862
	Bitmap Heap Scan on sbtest2  (cost=5.48..409.43 rows=102 width=125)
	  Recheck Cond: ((k >= 3648762) AND (k <= 3648862))
	  ->  Bitmap Index Scan on k_2  (cost=0.00..5.45 rows=102 width=0)
	        Index Cond: ((k >= 3648762) AND (k <= 3648862))

table 3 : explain SELECT k, c FROM sbtest3 WHERE k BETWEEN 3648762 AND 3648862
	Bitmap Heap Scan on sbtest3  (cost=5.56..441.19 rows=110 width=125)
	  Recheck Cond: ((k >= 3648762) AND (k <= 3648862))
	  ->  Bitmap Index Scan on k_3  (cost=0.00..5.53 rows=110 width=0)
	        Index Cond: ((k >= 3648762) AND (k <= 3648862))

table 4 : explain SELECT k, c FROM sbtest4 WHERE k BETWEEN 3648762 AND 3648862
	Bitmap Heap Scan on sbtest4  (cost=5.55..437.25 rows=109 width=125)
	  Recheck Cond: ((k >= 3648762) AND (k <= 3648862))
	  ->  Bitmap Index Scan on k_4  (cost=0.00..5.52 rows=109 width=0)
	        Index Cond: ((k >= 3648762) AND (k <= 3648862))

table 5 : explain SELECT k, c FROM sbtest5 WHERE k BETWEEN 3648762 AND 3648862
	Bitmap Heap Scan on sbtest5  (cost=5.59..453.01 rows=113 width=125)
	  Recheck Cond: ((k >= 3648762) AND (k <= 3648862))
	  ->  Bitmap Index Scan on k_5  (cost=0.00..5.56 rows=113 width=0)
	        Index Cond: ((k >= 3648762) AND (k <= 3648862))

table 6 : explain SELECT k, c FROM sbtest6 WHERE k BETWEEN 3648762 AND 3648862
	Bitmap Heap Scan on sbtest6  (cost=5.61..460.77 rows=115 width=125)
	  Recheck Cond: ((k >= 3648762) AND (k <= 3648862))
	  ->  Bitmap Index Scan on k_6  (cost=0.00..5.58 rows=115 width=0)
	        Index Cond: ((k >= 3648762) AND (k <= 3648862))

table 7 : explain SELECT k, c FROM sbtest7 WHERE k BETWEEN 3648762 AND 3648862
	Bitmap Heap Scan on sbtest7  (cost=5.41..381.97 rows=95 width=125)
	  Recheck Cond: ((k >= 3648762) AND (k <= 3648862))
	  ->  Bitmap Index Scan on k_7  (cost=0.00..5.38 rows=95 width=0)
	        Index Cond: ((k >= 3648762) AND (k <= 3648862))

table 8 : explain SELECT k, c FROM sbtest8 WHERE k BETWEEN 3648762 AND 3648862
	Bitmap Heap Scan on sbtest8  (cost=5.58..448.90 rows=112 width=125)
	  Recheck Cond: ((k >= 3648762) AND (k <= 3648862))
	  ->  Bitmap Index Scan on k_8  (cost=0.00..5.55 rows=112 width=0)
	        Index Cond: ((k >= 3648762) AND (k <= 3648862))

explain: for range-notcovered :: explain SELECT k, c FROM sbtest%d WHERE k BETWEEN 2861958 AND 2862058
for range-notcovered
table 1 : explain SELECT k, c FROM sbtest1 WHERE k BETWEEN 4611842 AND 4611942
	Bitmap Heap Scan on sbtest1  (cost=5.47..405.60 rows=101 width=125)
	  Recheck Cond: ((k >= 4611842) AND (k <= 4611942))
	  ->  Bitmap Index Scan on k_1  (cost=0.00..5.44 rows=101 width=0)
	        Index Cond: ((k >= 4611842) AND (k <= 4611942))

table 2 : explain SELECT k, c FROM sbtest2 WHERE k BETWEEN 4611842 AND 4611942
	Bitmap Heap Scan on sbtest2  (cost=5.54..433.09 rows=108 width=125)
	  Recheck Cond: ((k >= 4611842) AND (k <= 4611942))
	  ->  Bitmap Index Scan on k_2  (cost=0.00..5.51 rows=108 width=0)
	        Index Cond: ((k >= 4611842) AND (k <= 4611942))

table 3 : explain SELECT k, c FROM sbtest3 WHERE k BETWEEN 4611842 AND 4611942
	Bitmap Heap Scan on sbtest3  (cost=5.50..417.52 rows=104 width=125)
	  Recheck Cond: ((k >= 4611842) AND (k <= 4611942))
	  ->  Bitmap Index Scan on k_3  (cost=0.00..5.47 rows=104 width=0)
	        Index Cond: ((k >= 4611842) AND (k <= 4611942))

table 4 : explain SELECT k, c FROM sbtest4 WHERE k BETWEEN 4611842 AND 4611942
	Bitmap Heap Scan on sbtest4  (cost=5.35..358.30 rows=89 width=125)
	  Recheck Cond: ((k >= 4611842) AND (k <= 4611942))
	  ->  Bitmap Index Scan on k_4  (cost=0.00..5.32 rows=89 width=0)
	        Index Cond: ((k >= 4611842) AND (k <= 4611942))

table 5 : explain SELECT k, c FROM sbtest5 WHERE k BETWEEN 4611842 AND 4611942
	Bitmap Heap Scan on sbtest5  (cost=5.48..409.63 rows=102 width=125)
	  Recheck Cond: ((k >= 4611842) AND (k <= 4611942))
	  ->  Bitmap Index Scan on k_5  (cost=0.00..5.45 rows=102 width=0)
	        Index Cond: ((k >= 4611842) AND (k <= 4611942))

table 6 : explain SELECT k, c FROM sbtest6 WHERE k BETWEEN 4611842 AND 4611942
	Bitmap Heap Scan on sbtest6  (cost=5.50..417.41 rows=104 width=125)
	  Recheck Cond: ((k >= 4611842) AND (k <= 4611942))
	  ->  Bitmap Index Scan on k_6  (cost=0.00..5.47 rows=104 width=0)
	        Index Cond: ((k >= 4611842) AND (k <= 4611942))

table 7 : explain SELECT k, c FROM sbtest7 WHERE k BETWEEN 4611842 AND 4611942
	Bitmap Heap Scan on sbtest7  (cost=5.48..409.60 rows=102 width=125)
	  Recheck Cond: ((k >= 4611842) AND (k <= 4611942))
	  ->  Bitmap Index Scan on k_7  (cost=0.00..5.45 rows=102 width=0)
	        Index Cond: ((k >= 4611842) AND (k <= 4611942))

table 8 : explain SELECT k, c FROM sbtest8 WHERE k BETWEEN 4611842 AND 4611942
	Bitmap Heap Scan on sbtest8  (cost=5.62..464.66 rows=116 width=125)
	  Recheck Cond: ((k >= 4611842) AND (k <= 4611942))
	  ->  Bitmap Index Scan on k_8  (cost=0.00..5.59 rows=116 width=0)
	        Index Cond: ((k >= 4611842) AND (k <= 4611942))

explain: for range-notcovered :: explain SELECT k, c FROM sbtest%d WHERE k BETWEEN 4611842 AND 4611942
explain: for range-notcovered :: explain SELECT k, c FROM sbtest%d WHERE k BETWEEN 5361468 AND 5361568
explain: for range-notcovered :: explain SELECT k, c FROM sbtest%d WHERE k BETWEEN 1147091 AND 1147191
explain: for range-notcovered :: explain SELECT k, c FROM sbtest%d WHERE k BETWEEN 3648762 AND 3648862
for range-notcovered
table 1 : explain SELECT k, c FROM sbtest1 WHERE k BETWEEN 3876453 AND 3876553
	Bitmap Heap Scan on sbtest1  (cost=5.49..413.49 rows=103 width=125)
	  Recheck Cond: ((k >= 3876453) AND (k <= 3876553))
	  ->  Bitmap Index Scan on k_1  (cost=0.00..5.46 rows=103 width=0)
	        Index Cond: ((k >= 3876453) AND (k <= 3876553))

table 2 : explain SELECT k, c FROM sbtest2 WHERE k BETWEEN 3876453 AND 3876553
	Bitmap Heap Scan on sbtest2  (cost=5.39..373.93 rows=93 width=125)
	  Recheck Cond: ((k >= 3876453) AND (k <= 3876553))
	  ->  Bitmap Index Scan on k_2  (cost=0.00..5.36 rows=93 width=0)
	        Index Cond: ((k >= 3876453) AND (k <= 3876553))

table 3 : explain SELECT k, c FROM sbtest3 WHERE k BETWEEN 3876453 AND 3876553
	Bitmap Heap Scan on sbtest3  (cost=5.46..401.74 rows=100 width=125)
	  Recheck Cond: ((k >= 3876453) AND (k <= 3876553))
	  ->  Bitmap Index Scan on k_3  (cost=0.00..5.43 rows=100 width=0)
	        Index Cond: ((k >= 3876453) AND (k <= 3876553))

table 4 : explain SELECT k, c FROM sbtest4 WHERE k BETWEEN 3876453 AND 3876553
	Bitmap Heap Scan on sbtest4  (cost=5.45..397.80 rows=99 width=125)
	  Recheck Cond: ((k >= 3876453) AND (k <= 3876553))
	  ->  Bitmap Index Scan on k_4  (cost=0.00..5.42 rows=99 width=0)
	        Index Cond: ((k >= 3876453) AND (k <= 3876553))

table 5 : explain SELECT k, c FROM sbtest5 WHERE k BETWEEN 3876453 AND 3876553
	Bitmap Heap Scan on sbtest5  (cost=5.50..417.52 rows=104 width=125)
	  Recheck Cond: ((k >= 3876453) AND (k <= 3876553))
	  ->  Bitmap Index Scan on k_5  (cost=0.00..5.47 rows=104 width=0)
	        Index Cond: ((k >= 3876453) AND (k <= 3876553))

table 6 : explain SELECT k, c FROM sbtest6 WHERE k BETWEEN 3876453 AND 3876553
	Bitmap Heap Scan on sbtest6  (cost=5.48..409.52 rows=102 width=125)
	  Recheck Cond: ((k >= 3876453) AND (k <= 3876553))
	  ->  Bitmap Index Scan on k_6  (cost=0.00..5.45 rows=102 width=0)
	        Index Cond: ((k >= 3876453) AND (k <= 3876553))

table 7 : explain SELECT k, c FROM sbtest7 WHERE k BETWEEN 3876453 AND 3876553
	Bitmap Heap Scan on sbtest7  (cost=5.36..362.22 rows=90 width=125)
	  Recheck Cond: ((k >= 3876453) AND (k <= 3876553))
	  ->  Bitmap Index Scan on k_7  (cost=0.00..5.33 rows=90 width=0)
	        Index Cond: ((k >= 3876453) AND (k <= 3876553))

table 8 : explain SELECT k, c FROM sbtest8 WHERE k BETWEEN 3876453 AND 3876553
	Bitmap Heap Scan on sbtest8  (cost=5.54..433.14 rows=108 width=125)
	  Recheck Cond: ((k >= 3876453) AND (k <= 3876553))
	  ->  Bitmap Index Scan on k_8  (cost=0.00..5.51 rows=108 width=0)
	        Index Cond: ((k >= 3876453) AND (k <= 3876553))

for range-notcovered
table 1 : explain SELECT k, c FROM sbtest1 WHERE k BETWEEN 6744288 AND 6744388
	Bitmap Heap Scan on sbtest1  (cost=5.53..429.27 rows=107 width=125)
	  Recheck Cond: ((k >= 6744288) AND (k <= 6744388))
	  ->  Bitmap Index Scan on k_1  (cost=0.00..5.50 rows=107 width=0)
	        Index Cond: ((k >= 6744288) AND (k <= 6744388))

table 2 : explain SELECT k, c FROM sbtest2 WHERE k BETWEEN 6744288 AND 6744388
	Bitmap Heap Scan on sbtest2  (cost=5.40..377.88 rows=94 width=125)
	  Recheck Cond: ((k >= 6744288) AND (k <= 6744388))
	  ->  Bitmap Index Scan on k_2  (cost=0.00..5.38 rows=94 width=0)
	        Index Cond: ((k >= 6744288) AND (k <= 6744388))

table 3 : explain SELECT k, c FROM sbtest3 WHERE k BETWEEN 6744288 AND 6744388
	Bitmap Heap Scan on sbtest3  (cost=5.60..456.95 rows=114 width=125)
	  Recheck Cond: ((k >= 6744288) AND (k <= 6744388))
	  ->  Bitmap Index Scan on k_3  (cost=0.00..5.58 rows=114 width=0)
	        Index Cond: ((k >= 6744288) AND (k <= 6744388))

table 4 : explain SELECT k, c FROM sbtest4 WHERE k BETWEEN 6744288 AND 6744388
	Bitmap Heap Scan on sbtest4  (cost=5.56..441.20 rows=110 width=125)
	  Recheck Cond: ((k >= 6744288) AND (k <= 6744388))
	  ->  Bitmap Index Scan on k_4  (cost=0.00..5.53 rows=110 width=0)
	        Index Cond: ((k >= 6744288) AND (k <= 6744388))

table 5 : explain SELECT k, c FROM sbtest5 WHERE k BETWEEN 6744288 AND 6744388
	Bitmap Heap Scan on sbtest5  (cost=5.41..382.00 rows=95 width=125)
	  Recheck Cond: ((k >= 6744288) AND (k <= 6744388))
	  ->  Bitmap Index Scan on k_5  (cost=0.00..5.38 rows=95 width=0)
	        Index Cond: ((k >= 6744288) AND (k <= 6744388))

table 6 : explain SELECT k, c FROM sbtest6 WHERE k BETWEEN 6744288 AND 6744388
	Bitmap Heap Scan on sbtest6  (cost=5.44..393.74 rows=98 width=125)
	  Recheck Cond: ((k >= 6744288) AND (k <= 6744388))
	  ->  Bitmap Index Scan on k_6  (cost=0.00..5.42 rows=98 width=0)
	        Index Cond: ((k >= 6744288) AND (k <= 6744388))

table 7 : explain SELECT k, c FROM sbtest7 WHERE k BETWEEN 6744288 AND 6744388
	Bitmap Heap Scan on sbtest7  (cost=5.42..385.92 rows=96 width=125)
	  Recheck Cond: ((k >= 6744288) AND (k <= 6744388))
	  ->  Bitmap Index Scan on k_7  (cost=0.00..5.39 rows=96 width=0)
	        Index Cond: ((k >= 6744288) AND (k <= 6744388))

table 8 : explain SELECT k, c FROM sbtest8 WHERE k BETWEEN 6744288 AND 6744388
	Bitmap Heap Scan on sbtest8  (cost=5.52..425.25 rows=106 width=125)
	  Recheck Cond: ((k >= 6744288) AND (k <= 6744388))
	  ->  Bitmap Index Scan on k_8  (cost=0.00..5.50 rows=106 width=0)
	        Index Cond: ((k >= 6744288) AND (k <= 6744388))

explain: for range-notcovered :: explain SELECT k, c FROM sbtest%d WHERE k BETWEEN 6744288 AND 6744388
for range-notcovered
table 1 : explain SELECT k, c FROM sbtest1 WHERE k BETWEEN 1473996 AND 1474096
	Bitmap Heap Scan on sbtest1  (cost=5.45..397.71 rows=99 width=125)
	  Recheck Cond: ((k >= 1473996) AND (k <= 1474096))
	  ->  Bitmap Index Scan on k_1  (cost=0.00..5.42 rows=99 width=0)
	        Index Cond: ((k >= 1473996) AND (k <= 1474096))

table 2 : explain SELECT k, c FROM sbtest2 WHERE k BETWEEN 1473996 AND 1474096
	Bitmap Heap Scan on sbtest2  (cost=5.50..417.32 rows=104 width=125)
	  Recheck Cond: ((k >= 1473996) AND (k <= 1474096))
	  ->  Bitmap Index Scan on k_2  (cost=0.00..5.47 rows=104 width=0)
	        Index Cond: ((k >= 1473996) AND (k <= 1474096))

table 3 : explain SELECT k, c FROM sbtest3 WHERE k BETWEEN 1473996 AND 1474096
	Bitmap Heap Scan on sbtest3  (cost=5.62..464.84 rows=116 width=125)
	  Recheck Cond: ((k >= 1473996) AND (k <= 1474096))
	  ->  Bitmap Index Scan on k_3  (cost=0.00..5.59 rows=116 width=0)
	        Index Cond: ((k >= 1473996) AND (k <= 1474096))

table 4 : explain SELECT k, c FROM sbtest4 WHERE k BETWEEN 1473996 AND 1474096
	Bitmap Heap Scan on sbtest4  (cost=5.46..401.74 rows=100 width=125)
	  Recheck Cond: ((k >= 1473996) AND (k <= 1474096))
	  ->  Bitmap Index Scan on k_4  (cost=0.00..5.43 rows=100 width=0)
	        Index Cond: ((k >= 1473996) AND (k <= 1474096))

table 5 : explain SELECT k, c FROM sbtest5 WHERE k BETWEEN 1473996 AND 1474096
	Bitmap Heap Scan on sbtest5  (cost=5.61..460.89 rows=115 width=125)
	  Recheck Cond: ((k >= 1473996) AND (k <= 1474096))
	  ->  Bitmap Index Scan on k_5  (cost=0.00..5.58 rows=115 width=0)
	        Index Cond: ((k >= 1473996) AND (k <= 1474096))

table 6 : explain SELECT k, c FROM sbtest6 WHERE k BETWEEN 1473996 AND 1474096
	Bitmap Heap Scan on sbtest6  (cost=5.50..417.41 rows=104 width=125)
	  Recheck Cond: ((k >= 1473996) AND (k <= 1474096))
	  ->  Bitmap Index Scan on k_6  (cost=0.00..5.47 rows=104 width=0)
	        Index Cond: ((k >= 1473996) AND (k <= 1474096))

table 7 : explain SELECT k, c FROM sbtest7 WHERE k BETWEEN 1473996 AND 1474096
	Bitmap Heap Scan on sbtest7  (cost=5.48..409.60 rows=102 width=125)
	  Recheck Cond: ((k >= 1473996) AND (k <= 1474096))
	  ->  Bitmap Index Scan on k_7  (cost=0.00..5.45 rows=102 width=0)
	        Index Cond: ((k >= 1473996) AND (k <= 1474096))

table 8 : explain SELECT k, c FROM sbtest8 WHERE k BETWEEN 1473996 AND 1474096
	Bitmap Heap Scan on sbtest8  (cost=5.51..421.31 rows=105 width=125)
	  Recheck Cond: ((k >= 1473996) AND (k <= 1474096))
	  ->  Bitmap Index Scan on k_8  (cost=0.00..5.48 rows=105 width=0)
	        Index Cond: ((k >= 1473996) AND (k <= 1474096))

for range-notcovered
table 1 : explain SELECT k, c FROM sbtest1 WHERE k BETWEEN 6853352 AND 6853452
	Bitmap Heap Scan on sbtest1  (cost=5.51..421.38 rows=105 width=125)
	  Recheck Cond: ((k >= 6853352) AND (k <= 6853452))
	  ->  Bitmap Index Scan on k_1  (cost=0.00..5.48 rows=105 width=0)
	        Index Cond: ((k >= 6853352) AND (k <= 6853452))

table 2 : explain SELECT k, c FROM sbtest2 WHERE k BETWEEN 6853352 AND 6853452
	Bitmap Heap Scan on sbtest2  (cost=5.53..429.15 rows=107 width=125)
	  Recheck Cond: ((k >= 6853352) AND (k <= 6853452))
	  ->  Bitmap Index Scan on k_2  (cost=0.00..5.50 rows=107 width=0)
	        Index Cond: ((k >= 6853352) AND (k <= 6853452))

table 3 : explain SELECT k, c FROM sbtest3 WHERE k BETWEEN 6853352 AND 6853452
	Bitmap Heap Scan on sbtest3  (cost=5.30..338.53 rows=84 width=125)
	  Recheck Cond: ((k >= 6853352) AND (k <= 6853452))
	  ->  Bitmap Index Scan on k_3  (cost=0.00..5.27 rows=84 width=0)
	        Index Cond: ((k >= 6853352) AND (k <= 6853452))

table 4 : explain SELECT k, c FROM sbtest4 WHERE k BETWEEN 6853352 AND 6853452
	Bitmap Heap Scan on sbtest4  (cost=5.55..437.25 rows=109 width=125)
	  Recheck Cond: ((k >= 6853352) AND (k <= 6853452))
	  ->  Bitmap Index Scan on k_4  (cost=0.00..5.52 rows=109 width=0)
	        Index Cond: ((k >= 6853352) AND (k <= 6853452))

table 5 : explain SELECT k, c FROM sbtest5 WHERE k BETWEEN 6853352 AND 6853452
	Bitmap Heap Scan on sbtest5  (cost=5.50..417.52 rows=104 width=125)
	  Recheck Cond: ((k >= 6853352) AND (k <= 6853452))
	  ->  Bitmap Index Scan on k_5  (cost=0.00..5.47 rows=104 width=0)
	        Index Cond: ((k >= 6853352) AND (k <= 6853452))

table 6 : explain SELECT k, c FROM sbtest6 WHERE k BETWEEN 6853352 AND 6853452
	Bitmap Heap Scan on sbtest6  (cost=5.49..413.47 rows=103 width=125)
	  Recheck Cond: ((k >= 6853352) AND (k <= 6853452))
	  ->  Bitmap Index Scan on k_6  (cost=0.00..5.46 rows=103 width=0)
	        Index Cond: ((k >= 6853352) AND (k <= 6853452))

table 7 : explain SELECT k, c FROM sbtest7 WHERE k BETWEEN 6853352 AND 6853452
	Bitmap Heap Scan on sbtest7  (cost=5.51..421.43 rows=105 width=125)
	  Recheck Cond: ((k >= 6853352) AND (k <= 6853452))
	  ->  Bitmap Index Scan on k_7  (cost=0.00..5.48 rows=105 width=0)
	        Index Cond: ((k >= 6853352) AND (k <= 6853452))

table 8 : explain SELECT k, c FROM sbtest8 WHERE k BETWEEN 6853352 AND 6853452
	Bitmap Heap Scan on sbtest8  (cost=5.59..452.84 rows=113 width=125)
	  Recheck Cond: ((k >= 6853352) AND (k <= 6853452))
	  ->  Bitmap Index Scan on k_8  (cost=0.00..5.56 rows=113 width=0)
	        Index Cond: ((k >= 6853352) AND (k <= 6853452))

explain: for range-notcovered :: explain SELECT k, c FROM sbtest%d WHERE k BETWEEN 1473996 AND 1474096
for range-notcovered
table 1 : explain SELECT k, c FROM sbtest1 WHERE k BETWEEN 4837811 AND 4837911
	Bitmap Heap Scan on sbtest1  (cost=5.45..397.71 rows=99 width=125)
	  Recheck Cond: ((k >= 4837811) AND (k <= 4837911))
	  ->  Bitmap Index Scan on k_1  (cost=0.00..5.42 rows=99 width=0)
	        Index Cond: ((k >= 4837811) AND (k <= 4837911))

table 2 : explain SELECT k, c FROM sbtest2 WHERE k BETWEEN 4837811 AND 4837911
	Bitmap Heap Scan on sbtest2  (cost=5.47..405.49 rows=101 width=125)
	  Recheck Cond: ((k >= 4837811) AND (k <= 4837911))
	  ->  Bitmap Index Scan on k_2  (cost=0.00..5.44 rows=101 width=0)
	        Index Cond: ((k >= 4837811) AND (k <= 4837911))

table 3 : explain SELECT k, c FROM sbtest3 WHERE k BETWEEN 4837811 AND 4837911
	Bitmap Heap Scan on sbtest3  (cost=5.44..393.84 rows=98 width=125)
	  Recheck Cond: ((k >= 4837811) AND (k <= 4837911))
	  ->  Bitmap Index Scan on k_3  (cost=0.00..5.42 rows=98 width=0)
	        Index Cond: ((k >= 4837811) AND (k <= 4837911))

table 4 : explain SELECT k, c FROM sbtest4 WHERE k BETWEEN 4837811 AND 4837911
	Bitmap Heap Scan on sbtest4  (cost=5.45..397.80 rows=99 width=125)
	  Recheck Cond: ((k >= 4837811) AND (k <= 4837911))
	  ->  Bitmap Index Scan on k_4  (cost=0.00..5.42 rows=99 width=0)
	        Index Cond: ((k >= 4837811) AND (k <= 4837911))

table 5 : explain SELECT k, c FROM sbtest5 WHERE k BETWEEN 4837811 AND 4837911
	Bitmap Heap Scan on sbtest5  (cost=5.54..433.30 rows=108 width=125)
	  Recheck Cond: ((k >= 4837811) AND (k <= 4837911))
	  ->  Bitmap Index Scan on k_5  (cost=0.00..5.51 rows=108 width=0)
	        Index Cond: ((k >= 4837811) AND (k <= 4837911))

table 6 : explain SELECT k, c FROM sbtest6 WHERE k BETWEEN 4837811 AND 4837911
	Bitmap Heap Scan on sbtest6  (cost=5.48..409.52 rows=102 width=125)
	  Recheck Cond: ((k >= 4837811) AND (k <= 4837911))
	  ->  Bitmap Index Scan on k_6  (cost=0.00..5.45 rows=102 width=0)
	        Index Cond: ((k >= 4837811) AND (k <= 4837911))

table 7 : explain SELECT k, c FROM sbtest7 WHERE k BETWEEN 4837811 AND 4837911
	Bitmap Heap Scan on sbtest7  (cost=5.57..445.09 rows=111 width=125)
	  Recheck Cond: ((k >= 4837811) AND (k <= 4837911))
	  ->  Bitmap Index Scan on k_7  (cost=0.00..5.54 rows=111 width=0)
	        Index Cond: ((k >= 4837811) AND (k <= 4837911))

table 8 : explain SELECT k, c FROM sbtest8 WHERE k BETWEEN 4837811 AND 4837911
	Bitmap Heap Scan on sbtest8  (cost=5.41..381.86 rows=95 width=125)
	  Recheck Cond: ((k >= 4837811) AND (k <= 4837911))
	  ->  Bitmap Index Scan on k_8  (cost=0.00..5.38 rows=95 width=0)
	        Index Cond: ((k >= 4837811) AND (k <= 4837911))

for range-notcovered
table 1 : explain SELECT k, c FROM sbtest1 WHERE k BETWEEN 7846121 AND 7846221
	Bitmap Heap Scan on sbtest1  (cost=5.46..401.65 rows=100 width=125)
	  Recheck Cond: ((k >= 7846121) AND (k <= 7846221))
	  ->  Bitmap Index Scan on k_1  (cost=0.00..5.43 rows=100 width=0)
	        Index Cond: ((k >= 7846121) AND (k <= 7846221))

table 2 : explain SELECT k, c FROM sbtest2 WHERE k BETWEEN 7846121 AND 7846221
	Bitmap Heap Scan on sbtest2  (cost=5.43..389.71 rows=97 width=125)
	  Recheck Cond: ((k >= 7846121) AND (k <= 7846221))
	  ->  Bitmap Index Scan on k_2  (cost=0.00..5.40 rows=97 width=0)
	        Index Cond: ((k >= 7846121) AND (k <= 7846221))

table 3 : explain SELECT k, c FROM sbtest3 WHERE k BETWEEN 7846121 AND 7846221
	Bitmap Heap Scan on sbtest3  (cost=5.35..358.30 rows=89 width=125)
	  Recheck Cond: ((k >= 7846121) AND (k <= 7846221))
	  ->  Bitmap Index Scan on k_3  (cost=0.00..5.32 rows=89 width=0)
	        Index Cond: ((k >= 7846121) AND (k <= 7846221))

table 4 : explain SELECT k, c FROM sbtest4 WHERE k BETWEEN 7846121 AND 7846221
	Bitmap Heap Scan on sbtest4  (cost=5.52..425.42 rows=106 width=125)
	  Recheck Cond: ((k >= 7846121) AND (k <= 7846221))
	  ->  Bitmap Index Scan on k_4  (cost=0.00..5.50 rows=106 width=0)
	        Index Cond: ((k >= 7846121) AND (k <= 7846221))

table 5 : explain SELECT k, c FROM sbtest5 WHERE k BETWEEN 7846121 AND 7846221
	Bitmap Heap Scan on sbtest5  (cost=5.50..417.52 rows=104 width=125)
	  Recheck Cond: ((k >= 7846121) AND (k <= 7846221))
	  ->  Bitmap Index Scan on k_5  (cost=0.00..5.47 rows=104 width=0)
	        Index Cond: ((k >= 7846121) AND (k <= 7846221))

table 6 : explain SELECT k, c FROM sbtest6 WHERE k BETWEEN 7846121 AND 7846221
	Bitmap Heap Scan on sbtest6  (cost=5.57..445.01 rows=111 width=125)
	  Recheck Cond: ((k >= 7846121) AND (k <= 7846221))
	  ->  Bitmap Index Scan on k_6  (cost=0.00..5.54 rows=111 width=0)
	        Index Cond: ((k >= 7846121) AND (k <= 7846221))

table 7 : explain SELECT k, c FROM sbtest7 WHERE k BETWEEN 7846121 AND 7846221
	Bitmap Heap Scan on sbtest7  (cost=5.38..370.12 rows=92 width=125)
	  Recheck Cond: ((k >= 7846121) AND (k <= 7846221))
	  ->  Bitmap Index Scan on k_7  (cost=0.00..5.35 rows=92 width=0)
	        Index Cond: ((k >= 7846121) AND (k <= 7846221))

table 8 : explain SELECT k, c FROM sbtest8 WHERE k BETWEEN 7846121 AND 7846221
	Bitmap Heap Scan on sbtest8  (cost=5.52..425.25 rows=106 width=125)
	  Recheck Cond: ((k >= 7846121) AND (k <= 7846221))
	  ->  Bitmap Index Scan on k_8  (cost=0.00..5.50 rows=106 width=0)
	        Index Cond: ((k >= 7846121) AND (k <= 7846221))

explain: for range-notcovered :: explain SELECT k, c FROM sbtest%d WHERE k BETWEEN 4837811 AND 4837911
for range-notcovered
table 1 : explain SELECT k, c FROM sbtest1 WHERE k BETWEEN 5247593 AND 5247693
	Bitmap Heap Scan on sbtest1  (cost=5.49..413.49 rows=103 width=125)
	  Recheck Cond: ((k >= 5247593) AND (k <= 5247693))
	  ->  Bitmap Index Scan on k_1  (cost=0.00..5.46 rows=103 width=0)
	        Index Cond: ((k >= 5247593) AND (k <= 5247693))

table 2 : explain SELECT k, c FROM sbtest2 WHERE k BETWEEN 5247593 AND 5247693
	Bitmap Heap Scan on sbtest2  (cost=5.52..425.20 rows=106 width=125)
	  Recheck Cond: ((k >= 5247593) AND (k <= 5247693))
	  ->  Bitmap Index Scan on k_2  (cost=0.00..5.50 rows=106 width=0)
	        Index Cond: ((k >= 5247593) AND (k <= 5247693))

table 3 : explain SELECT k, c FROM sbtest3 WHERE k BETWEEN 5247593 AND 5247693
	Bitmap Heap Scan on sbtest3  (cost=5.52..425.41 rows=106 width=125)
	  Recheck Cond: ((k >= 5247593) AND (k <= 5247693))
	  ->  Bitmap Index Scan on k_3  (cost=0.00..5.50 rows=106 width=0)
	        Index Cond: ((k >= 5247593) AND (k <= 5247693))

table 4 : explain SELECT k, c FROM sbtest4 WHERE k BETWEEN 5247593 AND 5247693
	Bitmap Heap Scan on sbtest4  (cost=5.50..417.53 rows=104 width=125)
	  Recheck Cond: ((k >= 5247593) AND (k <= 5247693))
	  ->  Bitmap Index Scan on k_4  (cost=0.00..5.47 rows=104 width=0)
	        Index Cond: ((k >= 5247593) AND (k <= 5247693))

table 5 : explain SELECT k, c FROM sbtest5 WHERE k BETWEEN 5247593 AND 5247693
	Bitmap Heap Scan on sbtest5  (cost=5.63..468.78 rows=117 width=125)
	  Recheck Cond: ((k >= 5247593) AND (k <= 5247693))
	  ->  Bitmap Index Scan on k_5  (cost=0.00..5.60 rows=117 width=0)
	        Index Cond: ((k >= 5247593) AND (k <= 5247693))

table 6 : explain SELECT k, c FROM sbtest6 WHERE k BETWEEN 5247593 AND 5247693
	Bitmap Heap Scan on sbtest6  (cost=5.38..370.06 rows=92 width=125)
	  Recheck Cond: ((k >= 5247593) AND (k <= 5247693))
	  ->  Bitmap Index Scan on k_6  (cost=0.00..5.35 rows=92 width=0)
	        Index Cond: ((k >= 5247593) AND (k <= 5247693))

table 7 : explain SELECT k, c FROM sbtest7 WHERE k BETWEEN 5247593 AND 5247693
	Bitmap Heap Scan on sbtest7  (cost=5.50..417.49 rows=104 width=125)
	  Recheck Cond: ((k >= 5247593) AND (k <= 5247693))
	  ->  Bitmap Index Scan on k_7  (cost=0.00..5.47 rows=104 width=0)
	        Index Cond: ((k >= 5247593) AND (k <= 5247693))

table 8 : explain SELECT k, c FROM sbtest8 WHERE k BETWEEN 5247593 AND 5247693
	Bitmap Heap Scan on sbtest8  (cost=5.46..401.59 rows=100 width=125)
	  Recheck Cond: ((k >= 5247593) AND (k <= 5247693))
	  ->  Bitmap Index Scan on k_8  (cost=0.00..5.43 rows=100 width=0)
	        Index Cond: ((k >= 5247593) AND (k <= 5247693))

explain: for range-notcovered :: explain SELECT k, c FROM sbtest%d WHERE k BETWEEN 6853352 AND 6853452
explain: for range-notcovered :: explain SELECT k, c FROM sbtest%d WHERE k BETWEEN 7846121 AND 7846221
explain: for range-notcovered :: explain SELECT k, c FROM sbtest%d WHERE k BETWEEN 5247593 AND 5247693
for range-notcovered
table 1 : explain SELECT k, c FROM sbtest1 WHERE k BETWEEN 2861958 AND 2862058
	Bitmap Heap Scan on sbtest1  (cost=5.44..393.76 rows=98 width=125)
	  Recheck Cond: ((k >= 2861958) AND (k <= 2862058))
	  ->  Bitmap Index Scan on k_1  (cost=0.00..5.42 rows=98 width=0)
	        Index Cond: ((k >= 2861958) AND (k <= 2862058))

table 2 : explain SELECT k, c FROM sbtest2 WHERE k BETWEEN 2861958 AND 2862058
	Bitmap Heap Scan on sbtest2  (cost=5.39..373.93 rows=93 width=125)
	  Recheck Cond: ((k >= 2861958) AND (k <= 2862058))
	  ->  Bitmap Index Scan on k_2  (cost=0.00..5.36 rows=93 width=0)
	        Index Cond: ((k >= 2861958) AND (k <= 2862058))

table 3 : explain SELECT k, c FROM sbtest3 WHERE k BETWEEN 2861958 AND 2862058
	Bitmap Heap Scan on sbtest3  (cost=5.46..401.74 rows=100 width=125)
	  Recheck Cond: ((k >= 2861958) AND (k <= 2862058))
	  ->  Bitmap Index Scan on k_3  (cost=0.00..5.43 rows=100 width=0)
	        Index Cond: ((k >= 2861958) AND (k <= 2862058))

table 4 : explain SELECT k, c FROM sbtest4 WHERE k BETWEEN 2861958 AND 2862058
	Bitmap Heap Scan on sbtest4  (cost=5.46..401.74 rows=100 width=125)
	  Recheck Cond: ((k >= 2861958) AND (k <= 2862058))
	  ->  Bitmap Index Scan on k_4  (cost=0.00..5.43 rows=100 width=0)
	        Index Cond: ((k >= 2861958) AND (k <= 2862058))

table 5 : explain SELECT k, c FROM sbtest5 WHERE k BETWEEN 2861958 AND 2862058
	Bitmap Heap Scan on sbtest5  (cost=5.44..393.84 rows=98 width=125)
	  Recheck Cond: ((k >= 2861958) AND (k <= 2862058))
	  ->  Bitmap Index Scan on k_5  (cost=0.00..5.42 rows=98 width=0)
	        Index Cond: ((k >= 2861958) AND (k <= 2862058))

table 6 : explain SELECT k, c FROM sbtest6 WHERE k BETWEEN 2861958 AND 2862058
	Bitmap Heap Scan on sbtest6  (cost=5.46..401.63 rows=100 width=125)
	  Recheck Cond: ((k >= 2861958) AND (k <= 2862058))
	  ->  Bitmap Index Scan on k_6  (cost=0.00..5.43 rows=100 width=0)
	        Index Cond: ((k >= 2861958) AND (k <= 2862058))

table 7 : explain SELECT k, c FROM sbtest7 WHERE k BETWEEN 2861958 AND 2862058
	Bitmap Heap Scan on sbtest7  (cost=5.57..445.09 rows=111 width=125)
	  Recheck Cond: ((k >= 2861958) AND (k <= 2862058))
	  ->  Bitmap Index Scan on k_7  (cost=0.00..5.54 rows=111 width=0)
	        Index Cond: ((k >= 2861958) AND (k <= 2862058))

table 8 : explain SELECT k, c FROM sbtest8 WHERE k BETWEEN 2861958 AND 2862058
	Bitmap Heap Scan on sbtest8  (cost=5.50..417.37 rows=104 width=125)
	  Recheck Cond: ((k >= 2861958) AND (k <= 2862058))
	  ->  Bitmap Index Scan on k_8  (cost=0.00..5.47 rows=104 width=0)
	        Index Cond: ((k >= 2861958) AND (k <= 2862058))

explain: for range-notcovered :: explain SELECT k, c FROM sbtest%d WHERE k BETWEEN 2861958 AND 2862058
for range-notcovered
table 1 : explain SELECT k, c FROM sbtest1 WHERE k BETWEEN 4611842 AND 4611942
	Bitmap Heap Scan on sbtest1  (cost=5.47..405.60 rows=101 width=125)
	  Recheck Cond: ((k >= 4611842) AND (k <= 4611942))
	  ->  Bitmap Index Scan on k_1  (cost=0.00..5.44 rows=101 width=0)
	        Index Cond: ((k >= 4611842) AND (k <= 4611942))

table 2 : explain SELECT k, c FROM sbtest2 WHERE k BETWEEN 4611842 AND 4611942
	Bitmap Heap Scan on sbtest2  (cost=5.54..433.09 rows=108 width=125)
	  Recheck Cond: ((k >= 4611842) AND (k <= 4611942))
	  ->  Bitmap Index Scan on k_2  (cost=0.00..5.51 rows=108 width=0)
	        Index Cond: ((k >= 4611842) AND (k <= 4611942))

table 3 : explain SELECT k, c FROM sbtest3 WHERE k BETWEEN 4611842 AND 4611942
	Bitmap Heap Scan on sbtest3  (cost=5.50..417.52 rows=104 width=125)
	  Recheck Cond: ((k >= 4611842) AND (k <= 4611942))
	  ->  Bitmap Index Scan on k_3  (cost=0.00..5.47 rows=104 width=0)
	        Index Cond: ((k >= 4611842) AND (k <= 4611942))

table 4 : explain SELECT k, c FROM sbtest4 WHERE k BETWEEN 4611842 AND 4611942
	Bitmap Heap Scan on sbtest4  (cost=5.35..358.30 rows=89 width=125)
	  Recheck Cond: ((k >= 4611842) AND (k <= 4611942))
	  ->  Bitmap Index Scan on k_4  (cost=0.00..5.32 rows=89 width=0)
	        Index Cond: ((k >= 4611842) AND (k <= 4611942))

table 5 : explain SELECT k, c FROM sbtest5 WHERE k BETWEEN 4611842 AND 4611942
	Bitmap Heap Scan on sbtest5  (cost=5.48..409.63 rows=102 width=125)
	  Recheck Cond: ((k >= 4611842) AND (k <= 4611942))
	  ->  Bitmap Index Scan on k_5  (cost=0.00..5.45 rows=102 width=0)
	        Index Cond: ((k >= 4611842) AND (k <= 4611942))

table 6 : explain SELECT k, c FROM sbtest6 WHERE k BETWEEN 4611842 AND 4611942
	Bitmap Heap Scan on sbtest6  (cost=5.50..417.41 rows=104 width=125)
	  Recheck Cond: ((k >= 4611842) AND (k <= 4611942))
	  ->  Bitmap Index Scan on k_6  (cost=0.00..5.47 rows=104 width=0)
	        Index Cond: ((k >= 4611842) AND (k <= 4611942))

table 7 : explain SELECT k, c FROM sbtest7 WHERE k BETWEEN 4611842 AND 4611942
	Bitmap Heap Scan on sbtest7  (cost=5.48..409.60 rows=102 width=125)
	  Recheck Cond: ((k >= 4611842) AND (k <= 4611942))
	  ->  Bitmap Index Scan on k_7  (cost=0.00..5.45 rows=102 width=0)
	        Index Cond: ((k >= 4611842) AND (k <= 4611942))

table 8 : explain SELECT k, c FROM sbtest8 WHERE k BETWEEN 4611842 AND 4611942
	Bitmap Heap Scan on sbtest8  (cost=5.62..464.66 rows=116 width=125)
	  Recheck Cond: ((k >= 4611842) AND (k <= 4611942))
	  ->  Bitmap Index Scan on k_8  (cost=0.00..5.59 rows=116 width=0)
	        Index Cond: ((k >= 4611842) AND (k <= 4611942))

explain: for range-notcovered :: explain SELECT k, c FROM sbtest%d WHERE k BETWEEN 4611842 AND 4611942
for range-notcovered
table 1 : explain SELECT k, c FROM sbtest1 WHERE k BETWEEN 6744288 AND 6744388
	Bitmap Heap Scan on sbtest1  (cost=5.53..429.27 rows=107 width=125)
	  Recheck Cond: ((k >= 6744288) AND (k <= 6744388))
	  ->  Bitmap Index Scan on k_1  (cost=0.00..5.50 rows=107 width=0)
	        Index Cond: ((k >= 6744288) AND (k <= 6744388))

table 2 : explain SELECT k, c FROM sbtest2 WHERE k BETWEEN 6744288 AND 6744388
	Bitmap Heap Scan on sbtest2  (cost=5.40..377.88 rows=94 width=125)
	  Recheck Cond: ((k >= 6744288) AND (k <= 6744388))
	  ->  Bitmap Index Scan on k_2  (cost=0.00..5.38 rows=94 width=0)
	        Index Cond: ((k >= 6744288) AND (k <= 6744388))

table 3 : explain SELECT k, c FROM sbtest3 WHERE k BETWEEN 6744288 AND 6744388
	Bitmap Heap Scan on sbtest3  (cost=5.60..456.95 rows=114 width=125)
	  Recheck Cond: ((k >= 6744288) AND (k <= 6744388))
	  ->  Bitmap Index Scan on k_3  (cost=0.00..5.58 rows=114 width=0)
	        Index Cond: ((k >= 6744288) AND (k <= 6744388))

table 4 : explain SELECT k, c FROM sbtest4 WHERE k BETWEEN 6744288 AND 6744388
	Bitmap Heap Scan on sbtest4  (cost=5.56..441.20 rows=110 width=125)
	  Recheck Cond: ((k >= 6744288) AND (k <= 6744388))
	  ->  Bitmap Index Scan on k_4  (cost=0.00..5.53 rows=110 width=0)
	        Index Cond: ((k >= 6744288) AND (k <= 6744388))

table 5 : explain SELECT k, c FROM sbtest5 WHERE k BETWEEN 6744288 AND 6744388
	Bitmap Heap Scan on sbtest5  (cost=5.41..382.00 rows=95 width=125)
	  Recheck Cond: ((k >= 6744288) AND (k <= 6744388))
	  ->  Bitmap Index Scan on k_5  (cost=0.00..5.38 rows=95 width=0)
	        Index Cond: ((k >= 6744288) AND (k <= 6744388))

table 6 : explain SELECT k, c FROM sbtest6 WHERE k BETWEEN 6744288 AND 6744388
	Bitmap Heap Scan on sbtest6  (cost=5.44..393.74 rows=98 width=125)
	  Recheck Cond: ((k >= 6744288) AND (k <= 6744388))
	  ->  Bitmap Index Scan on k_6  (cost=0.00..5.42 rows=98 width=0)
	        Index Cond: ((k >= 6744288) AND (k <= 6744388))

table 7 : explain SELECT k, c FROM sbtest7 WHERE k BETWEEN 6744288 AND 6744388
	Bitmap Heap Scan on sbtest7  (cost=5.42..385.92 rows=96 width=125)
	  Recheck Cond: ((k >= 6744288) AND (k <= 6744388))
	  ->  Bitmap Index Scan on k_7  (cost=0.00..5.39 rows=96 width=0)
	        Index Cond: ((k >= 6744288) AND (k <= 6744388))

table 8 : explain SELECT k, c FROM sbtest8 WHERE k BETWEEN 6744288 AND 6744388
	Bitmap Heap Scan on sbtest8  (cost=5.52..425.25 rows=106 width=125)
	  Recheck Cond: ((k >= 6744288) AND (k <= 6744388))
	  ->  Bitmap Index Scan on k_8  (cost=0.00..5.50 rows=106 width=0)
	        Index Cond: ((k >= 6744288) AND (k <= 6744388))

for range-notcovered
table 1 : explain SELECT k, c FROM sbtest1 WHERE k BETWEEN 1473996 AND 1474096
	Bitmap Heap Scan on sbtest1  (cost=5.45..397.71 rows=99 width=125)
	  Recheck Cond: ((k >= 1473996) AND (k <= 1474096))
	  ->  Bitmap Index Scan on k_1  (cost=0.00..5.42 rows=99 width=0)
	        Index Cond: ((k >= 1473996) AND (k <= 1474096))

table 2 : explain SELECT k, c FROM sbtest2 WHERE k BETWEEN 1473996 AND 1474096
	Bitmap Heap Scan on sbtest2  (cost=5.50..417.32 rows=104 width=125)
	  Recheck Cond: ((k >= 1473996) AND (k <= 1474096))
	  ->  Bitmap Index Scan on k_2  (cost=0.00..5.47 rows=104 width=0)
	        Index Cond: ((k >= 1473996) AND (k <= 1474096))

table 3 : explain SELECT k, c FROM sbtest3 WHERE k BETWEEN 1473996 AND 1474096
	Bitmap Heap Scan on sbtest3  (cost=5.62..464.84 rows=116 width=125)
	  Recheck Cond: ((k >= 1473996) AND (k <= 1474096))
	  ->  Bitmap Index Scan on k_3  (cost=0.00..5.59 rows=116 width=0)
	        Index Cond: ((k >= 1473996) AND (k <= 1474096))

table 4 : explain SELECT k, c FROM sbtest4 WHERE k BETWEEN 1473996 AND 1474096
	Bitmap Heap Scan on sbtest4  (cost=5.46..401.74 rows=100 width=125)
	  Recheck Cond: ((k >= 1473996) AND (k <= 1474096))
	  ->  Bitmap Index Scan on k_4  (cost=0.00..5.43 rows=100 width=0)
	        Index Cond: ((k >= 1473996) AND (k <= 1474096))

table 5 : explain SELECT k, c FROM sbtest5 WHERE k BETWEEN 1473996 AND 1474096
	Bitmap Heap Scan on sbtest5  (cost=5.61..460.89 rows=115 width=125)
	  Recheck Cond: ((k >= 1473996) AND (k <= 1474096))
	  ->  Bitmap Index Scan on k_5  (cost=0.00..5.58 rows=115 width=0)
	        Index Cond: ((k >= 1473996) AND (k <= 1474096))

table 6 : explain SELECT k, c FROM sbtest6 WHERE k BETWEEN 1473996 AND 1474096
	Bitmap Heap Scan on sbtest6  (cost=5.50..417.41 rows=104 width=125)
	  Recheck Cond: ((k >= 1473996) AND (k <= 1474096))
	  ->  Bitmap Index Scan on k_6  (cost=0.00..5.47 rows=104 width=0)
	        Index Cond: ((k >= 1473996) AND (k <= 1474096))

table 7 : explain SELECT k, c FROM sbtest7 WHERE k BETWEEN 1473996 AND 1474096
	Bitmap Heap Scan on sbtest7  (cost=5.48..409.60 rows=102 width=125)
	  Recheck Cond: ((k >= 1473996) AND (k <= 1474096))
	  ->  Bitmap Index Scan on k_7  (cost=0.00..5.45 rows=102 width=0)
	        Index Cond: ((k >= 1473996) AND (k <= 1474096))

table 8 : explain SELECT k, c FROM sbtest8 WHERE k BETWEEN 1473996 AND 1474096
	Bitmap Heap Scan on sbtest8  (cost=5.51..421.31 rows=105 width=125)
	  Recheck Cond: ((k >= 1473996) AND (k <= 1474096))
	  ->  Bitmap Index Scan on k_8  (cost=0.00..5.48 rows=105 width=0)
	        Index Cond: ((k >= 1473996) AND (k <= 1474096))

for range-notcovered
table 1 : explain SELECT k, c FROM sbtest1 WHERE k BETWEEN 4837811 AND 4837911
	Bitmap Heap Scan on sbtest1  (cost=5.45..397.71 rows=99 width=125)
	  Recheck Cond: ((k >= 4837811) AND (k <= 4837911))
	  ->  Bitmap Index Scan on k_1  (cost=0.00..5.42 rows=99 width=0)
	        Index Cond: ((k >= 4837811) AND (k <= 4837911))

table 2 : explain SELECT k, c FROM sbtest2 WHERE k BETWEEN 4837811 AND 4837911
	Bitmap Heap Scan on sbtest2  (cost=5.47..405.49 rows=101 width=125)
	  Recheck Cond: ((k >= 4837811) AND (k <= 4837911))
	  ->  Bitmap Index Scan on k_2  (cost=0.00..5.44 rows=101 width=0)
	        Index Cond: ((k >= 4837811) AND (k <= 4837911))

table 3 : explain SELECT k, c FROM sbtest3 WHERE k BETWEEN 4837811 AND 4837911
	Bitmap Heap Scan on sbtest3  (cost=5.44..393.84 rows=98 width=125)
	  Recheck Cond: ((k >= 4837811) AND (k <= 4837911))
	  ->  Bitmap Index Scan on k_3  (cost=0.00..5.42 rows=98 width=0)
	        Index Cond: ((k >= 4837811) AND (k <= 4837911))

table 4 : explain SELECT k, c FROM sbtest4 WHERE k BETWEEN 4837811 AND 4837911
	Bitmap Heap Scan on sbtest4  (cost=5.45..397.80 rows=99 width=125)
	  Recheck Cond: ((k >= 4837811) AND (k <= 4837911))
	  ->  Bitmap Index Scan on k_4  (cost=0.00..5.42 rows=99 width=0)
	        Index Cond: ((k >= 4837811) AND (k <= 4837911))

table 5 : explain SELECT k, c FROM sbtest5 WHERE k BETWEEN 4837811 AND 4837911
	Bitmap Heap Scan on sbtest5  (cost=5.54..433.30 rows=108 width=125)
	  Recheck Cond: ((k >= 4837811) AND (k <= 4837911))
	  ->  Bitmap Index Scan on k_5  (cost=0.00..5.51 rows=108 width=0)
	        Index Cond: ((k >= 4837811) AND (k <= 4837911))

table 6 : explain SELECT k, c FROM sbtest6 WHERE k BETWEEN 4837811 AND 4837911
	Bitmap Heap Scan on sbtest6  (cost=5.48..409.52 rows=102 width=125)
	  Recheck Cond: ((k >= 4837811) AND (k <= 4837911))
	  ->  Bitmap Index Scan on k_6  (cost=0.00..5.45 rows=102 width=0)
	        Index Cond: ((k >= 4837811) AND (k <= 4837911))

table 7 : explain SELECT k, c FROM sbtest7 WHERE k BETWEEN 4837811 AND 4837911
	Bitmap Heap Scan on sbtest7  (cost=5.57..445.09 rows=111 width=125)
	  Recheck Cond: ((k >= 4837811) AND (k <= 4837911))
	  ->  Bitmap Index Scan on k_7  (cost=0.00..5.54 rows=111 width=0)
	        Index Cond: ((k >= 4837811) AND (k <= 4837911))

table 8 : explain SELECT k, c FROM sbtest8 WHERE k BETWEEN 4837811 AND 4837911
	Bitmap Heap Scan on sbtest8  (cost=5.41..381.86 rows=95 width=125)
	  Recheck Cond: ((k >= 4837811) AND (k <= 4837911))
	  ->  Bitmap Index Scan on k_8  (cost=0.00..5.38 rows=95 width=0)
	        Index Cond: ((k >= 4837811) AND (k <= 4837911))

explain: for range-notcovered :: explain SELECT k, c FROM sbtest%d WHERE k BETWEEN 1473996 AND 1474096
explain: for range-notcovered :: explain SELECT k, c FROM sbtest%d WHERE k BETWEEN 4837811 AND 4837911
for range-notcovered
table 1 : explain SELECT k, c FROM sbtest1 WHERE k BETWEEN 7846121 AND 7846221
	Bitmap Heap Scan on sbtest1  (cost=5.46..401.65 rows=100 width=125)
	  Recheck Cond: ((k >= 7846121) AND (k <= 7846221))
	  ->  Bitmap Index Scan on k_1  (cost=0.00..5.43 rows=100 width=0)
	        Index Cond: ((k >= 7846121) AND (k <= 7846221))

table 2 : explain SELECT k, c FROM sbtest2 WHERE k BETWEEN 7846121 AND 7846221
	Bitmap Heap Scan on sbtest2  (cost=5.43..389.71 rows=97 width=125)
	  Recheck Cond: ((k >= 7846121) AND (k <= 7846221))
	  ->  Bitmap Index Scan on k_2  (cost=0.00..5.40 rows=97 width=0)
	        Index Cond: ((k >= 7846121) AND (k <= 7846221))

table 3 : explain SELECT k, c FROM sbtest3 WHERE k BETWEEN 7846121 AND 7846221
	Bitmap Heap Scan on sbtest3  (cost=5.35..358.30 rows=89 width=125)
	  Recheck Cond: ((k >= 7846121) AND (k <= 7846221))
	  ->  Bitmap Index Scan on k_3  (cost=0.00..5.32 rows=89 width=0)
	        Index Cond: ((k >= 7846121) AND (k <= 7846221))

table 4 : explain SELECT k, c FROM sbtest4 WHERE k BETWEEN 7846121 AND 7846221
	Bitmap Heap Scan on sbtest4  (cost=5.52..425.42 rows=106 width=125)
	  Recheck Cond: ((k >= 7846121) AND (k <= 7846221))
	  ->  Bitmap Index Scan on k_4  (cost=0.00..5.50 rows=106 width=0)
	        Index Cond: ((k >= 7846121) AND (k <= 7846221))

table 5 : explain SELECT k, c FROM sbtest5 WHERE k BETWEEN 7846121 AND 7846221
	Bitmap Heap Scan on sbtest5  (cost=5.50..417.52 rows=104 width=125)
	  Recheck Cond: ((k >= 7846121) AND (k <= 7846221))
	  ->  Bitmap Index Scan on k_5  (cost=0.00..5.47 rows=104 width=0)
	        Index Cond: ((k >= 7846121) AND (k <= 7846221))

table 6 : explain SELECT k, c FROM sbtest6 WHERE k BETWEEN 7846121 AND 7846221
	Bitmap Heap Scan on sbtest6  (cost=5.57..445.01 rows=111 width=125)
	  Recheck Cond: ((k >= 7846121) AND (k <= 7846221))
	  ->  Bitmap Index Scan on k_6  (cost=0.00..5.54 rows=111 width=0)
	        Index Cond: ((k >= 7846121) AND (k <= 7846221))

table 7 : explain SELECT k, c FROM sbtest7 WHERE k BETWEEN 7846121 AND 7846221
	Bitmap Heap Scan on sbtest7  (cost=5.38..370.12 rows=92 width=125)
	  Recheck Cond: ((k >= 7846121) AND (k <= 7846221))
	  ->  Bitmap Index Scan on k_7  (cost=0.00..5.35 rows=92 width=0)
	        Index Cond: ((k >= 7846121) AND (k <= 7846221))

table 8 : explain SELECT k, c FROM sbtest8 WHERE k BETWEEN 7846121 AND 7846221
	Bitmap Heap Scan on sbtest8  (cost=5.52..425.25 rows=106 width=125)
	  Recheck Cond: ((k >= 7846121) AND (k <= 7846221))
	  ->  Bitmap Index Scan on k_8  (cost=0.00..5.50 rows=106 width=0)
	        Index Cond: ((k >= 7846121) AND (k <= 7846221))

for range-notcovered
table 1 : explain SELECT k, c FROM sbtest1 WHERE k BETWEEN 5247593 AND 5247693
	Bitmap Heap Scan on sbtest1  (cost=5.49..413.49 rows=103 width=125)
	  Recheck Cond: ((k >= 5247593) AND (k <= 5247693))
	  ->  Bitmap Index Scan on k_1  (cost=0.00..5.46 rows=103 width=0)
	        Index Cond: ((k >= 5247593) AND (k <= 5247693))

table 2 : explain SELECT k, c FROM sbtest2 WHERE k BETWEEN 5247593 AND 5247693
	Bitmap Heap Scan on sbtest2  (cost=5.52..425.20 rows=106 width=125)
	  Recheck Cond: ((k >= 5247593) AND (k <= 5247693))
	  ->  Bitmap Index Scan on k_2  (cost=0.00..5.50 rows=106 width=0)
	        Index Cond: ((k >= 5247593) AND (k <= 5247693))

table 3 : explain SELECT k, c FROM sbtest3 WHERE k BETWEEN 5247593 AND 5247693
	Bitmap Heap Scan on sbtest3  (cost=5.52..425.41 rows=106 width=125)
	  Recheck Cond: ((k >= 5247593) AND (k <= 5247693))
	  ->  Bitmap Index Scan on k_3  (cost=0.00..5.50 rows=106 width=0)
	        Index Cond: ((k >= 5247593) AND (k <= 5247693))

table 4 : explain SELECT k, c FROM sbtest4 WHERE k BETWEEN 5247593 AND 5247693
	Bitmap Heap Scan on sbtest4  (cost=5.50..417.53 rows=104 width=125)
	  Recheck Cond: ((k >= 5247593) AND (k <= 5247693))
	  ->  Bitmap Index Scan on k_4  (cost=0.00..5.47 rows=104 width=0)
	        Index Cond: ((k >= 5247593) AND (k <= 5247693))

table 5 : explain SELECT k, c FROM sbtest5 WHERE k BETWEEN 5247593 AND 5247693
	Bitmap Heap Scan on sbtest5  (cost=5.63..468.78 rows=117 width=125)
	  Recheck Cond: ((k >= 5247593) AND (k <= 5247693))
	  ->  Bitmap Index Scan on k_5  (cost=0.00..5.60 rows=117 width=0)
	        Index Cond: ((k >= 5247593) AND (k <= 5247693))

table 6 : explain SELECT k, c FROM sbtest6 WHERE k BETWEEN 5247593 AND 5247693
	Bitmap Heap Scan on sbtest6  (cost=5.38..370.06 rows=92 width=125)
	  Recheck Cond: ((k >= 5247593) AND (k <= 5247693))
	  ->  Bitmap Index Scan on k_6  (cost=0.00..5.35 rows=92 width=0)
	        Index Cond: ((k >= 5247593) AND (k <= 5247693))

table 7 : explain SELECT k, c FROM sbtest7 WHERE k BETWEEN 5247593 AND 5247693
	Bitmap Heap Scan on sbtest7  (cost=5.50..417.49 rows=104 width=125)
	  Recheck Cond: ((k >= 5247593) AND (k <= 5247693))
	  ->  Bitmap Index Scan on k_7  (cost=0.00..5.47 rows=104 width=0)
	        Index Cond: ((k >= 5247593) AND (k <= 5247693))

table 8 : explain SELECT k, c FROM sbtest8 WHERE k BETWEEN 5247593 AND 5247693
	Bitmap Heap Scan on sbtest8  (cost=5.46..401.59 rows=100 width=125)
	  Recheck Cond: ((k >= 5247593) AND (k <= 5247693))
	  ->  Bitmap Index Scan on k_8  (cost=0.00..5.43 rows=100 width=0)
	        Index Cond: ((k >= 5247593) AND (k <= 5247693))

explain: for range-notcovered :: explain SELECT k, c FROM sbtest%d WHERE k BETWEEN 7846121 AND 7846221
for range-notcovered
table 1 : explain SELECT k, c FROM sbtest1 WHERE k BETWEEN 7185395 AND 7185495
	Bitmap Heap Scan on sbtest1  (cost=5.39..374.03 rows=93 width=125)
	  Recheck Cond: ((k >= 7185395) AND (k <= 7185495))
	  ->  Bitmap Index Scan on k_1  (cost=0.00..5.36 rows=93 width=0)
	        Index Cond: ((k >= 7185395) AND (k <= 7185495))

table 2 : explain SELECT k, c FROM sbtest2 WHERE k BETWEEN 7185395 AND 7185495
	Bitmap Heap Scan on sbtest2  (cost=5.43..389.71 rows=97 width=125)
	  Recheck Cond: ((k >= 7185395) AND (k <= 7185495))
	  ->  Bitmap Index Scan on k_2  (cost=0.00..5.40 rows=97 width=0)
	        Index Cond: ((k >= 7185395) AND (k <= 7185495))

table 3 : explain SELECT k, c FROM sbtest3 WHERE k BETWEEN 7185395 AND 7185495
	Bitmap Heap Scan on sbtest3  (cost=5.47..405.68 rows=101 width=125)
	  Recheck Cond: ((k >= 7185395) AND (k <= 7185495))
	  ->  Bitmap Index Scan on k_3  (cost=0.00..5.44 rows=101 width=0)
	        Index Cond: ((k >= 7185395) AND (k <= 7185495))

table 4 : explain SELECT k, c FROM sbtest4 WHERE k BETWEEN 7185395 AND 7185495
	Bitmap Heap Scan on sbtest4  (cost=5.41..382.00 rows=95 width=125)
	  Recheck Cond: ((k >= 7185395) AND (k <= 7185495))
	  ->  Bitmap Index Scan on k_4  (cost=0.00..5.38 rows=95 width=0)
	        Index Cond: ((k >= 7185395) AND (k <= 7185495))

table 5 : explain SELECT k, c FROM sbtest5 WHERE k BETWEEN 7185395 AND 7185495
	Bitmap Heap Scan on sbtest5  (cost=5.47..405.68 rows=101 width=125)
	  Recheck Cond: ((k >= 7185395) AND (k <= 7185495))
	  ->  Bitmap Index Scan on k_5  (cost=0.00..5.44 rows=101 width=0)
	        Index Cond: ((k >= 7185395) AND (k <= 7185495))

table 6 : explain SELECT k, c FROM sbtest6 WHERE k BETWEEN 7185395 AND 7185495
	Bitmap Heap Scan on sbtest6  (cost=5.55..437.12 rows=109 width=125)
	  Recheck Cond: ((k >= 7185395) AND (k <= 7185495))
	  ->  Bitmap Index Scan on k_6  (cost=0.00..5.52 rows=109 width=0)
	        Index Cond: ((k >= 7185395) AND (k <= 7185495))

table 7 : explain SELECT k, c FROM sbtest7 WHERE k BETWEEN 7185395 AND 7185495
	Bitmap Heap Scan on sbtest7  (cost=5.46..401.71 rows=100 width=125)
	  Recheck Cond: ((k >= 7185395) AND (k <= 7185495))
	  ->  Bitmap Index Scan on k_7  (cost=0.00..5.43 rows=100 width=0)
	        Index Cond: ((k >= 7185395) AND (k <= 7185495))

table 8 : explain SELECT k, c FROM sbtest8 WHERE k BETWEEN 7185395 AND 7185495
	Bitmap Heap Scan on sbtest8  (cost=5.45..397.65 rows=99 width=125)
	  Recheck Cond: ((k >= 7185395) AND (k <= 7185495))
	  ->  Bitmap Index Scan on k_8  (cost=0.00..5.42 rows=99 width=0)
	        Index Cond: ((k >= 7185395) AND (k <= 7185495))

explain: for range-notcovered :: explain SELECT k, c FROM sbtest%d WHERE k BETWEEN 5247593 AND 5247693
for range-notcovered
table 1 : explain SELECT k, c FROM sbtest1 WHERE k BETWEEN 3648762 AND 3648862
	Bitmap Heap Scan on sbtest1  (cost=5.53..429.27 rows=107 width=125)
	  Recheck Cond: ((k >= 3648762) AND (k <= 3648862))
	  ->  Bitmap Index Scan on k_1  (cost=0.00..5.50 rows=107 width=0)
	        Index Cond: ((k >= 3648762) AND (k <= 3648862))

table 2 : explain SELECT k, c FROM sbtest2 WHERE k BETWEEN 3648762 AND 3648862
	Bitmap Heap Scan on sbtest2  (cost=5.48..409.43 rows=102 width=125)
	  Recheck Cond: ((k >= 3648762) AND (k <= 3648862))
	  ->  Bitmap Index Scan on k_2  (cost=0.00..5.45 rows=102 width=0)
	        Index Cond: ((k >= 3648762) AND (k <= 3648862))

table 3 : explain SELECT k, c FROM sbtest3 WHERE k BETWEEN 3648762 AND 3648862
	Bitmap Heap Scan on sbtest3  (cost=5.56..441.19 rows=110 width=125)
	  Recheck Cond: ((k >= 3648762) AND (k <= 3648862))
	  ->  Bitmap Index Scan on k_3  (cost=0.00..5.53 rows=110 width=0)
	        Index Cond: ((k >= 3648762) AND (k <= 3648862))

table 4 : explain SELECT k, c FROM sbtest4 WHERE k BETWEEN 3648762 AND 3648862
	Bitmap Heap Scan on sbtest4  (cost=5.55..437.25 rows=109 width=125)
	  Recheck Cond: ((k >= 3648762) AND (k <= 3648862))
	  ->  Bitmap Index Scan on k_4  (cost=0.00..5.52 rows=109 width=0)
	        Index Cond: ((k >= 3648762) AND (k <= 3648862))

table 5 : explain SELECT k, c FROM sbtest5 WHERE k BETWEEN 3648762 AND 3648862
	Bitmap Heap Scan on sbtest5  (cost=5.59..453.01 rows=113 width=125)
	  Recheck Cond: ((k >= 3648762) AND (k <= 3648862))
	  ->  Bitmap Index Scan on k_5  (cost=0.00..5.56 rows=113 width=0)
	        Index Cond: ((k >= 3648762) AND (k <= 3648862))

table 6 : explain SELECT k, c FROM sbtest6 WHERE k BETWEEN 3648762 AND 3648862
	Bitmap Heap Scan on sbtest6  (cost=5.61..460.77 rows=115 width=125)
	  Recheck Cond: ((k >= 3648762) AND (k <= 3648862))
	  ->  Bitmap Index Scan on k_6  (cost=0.00..5.58 rows=115 width=0)
	        Index Cond: ((k >= 3648762) AND (k <= 3648862))

table 7 : explain SELECT k, c FROM sbtest7 WHERE k BETWEEN 3648762 AND 3648862
	Bitmap Heap Scan on sbtest7  (cost=5.41..381.97 rows=95 width=125)
	  Recheck Cond: ((k >= 3648762) AND (k <= 3648862))
	  ->  Bitmap Index Scan on k_7  (cost=0.00..5.38 rows=95 width=0)
	        Index Cond: ((k >= 3648762) AND (k <= 3648862))

table 8 : explain SELECT k, c FROM sbtest8 WHERE k BETWEEN 3648762 AND 3648862
	Bitmap Heap Scan on sbtest8  (cost=5.58..448.90 rows=112 width=125)
	  Recheck Cond: ((k >= 3648762) AND (k <= 3648862))
	  ->  Bitmap Index Scan on k_8  (cost=0.00..5.55 rows=112 width=0)
	        Index Cond: ((k >= 3648762) AND (k <= 3648862))

for range-notcovered
table 1 : explain SELECT k, c FROM sbtest1 WHERE k BETWEEN 2861958 AND 2862058
	Bitmap Heap Scan on sbtest1  (cost=5.44..393.76 rows=98 width=125)
	  Recheck Cond: ((k >= 2861958) AND (k <= 2862058))
	  ->  Bitmap Index Scan on k_1  (cost=0.00..5.42 rows=98 width=0)
	        Index Cond: ((k >= 2861958) AND (k <= 2862058))

table 2 : explain SELECT k, c FROM sbtest2 WHERE k BETWEEN 2861958 AND 2862058
	Bitmap Heap Scan on sbtest2  (cost=5.39..373.93 rows=93 width=125)
	  Recheck Cond: ((k >= 2861958) AND (k <= 2862058))
	  ->  Bitmap Index Scan on k_2  (cost=0.00..5.36 rows=93 width=0)
	        Index Cond: ((k >= 2861958) AND (k <= 2862058))

table 3 : explain SELECT k, c FROM sbtest3 WHERE k BETWEEN 2861958 AND 2862058
	Bitmap Heap Scan on sbtest3  (cost=5.46..401.74 rows=100 width=125)
	  Recheck Cond: ((k >= 2861958) AND (k <= 2862058))
	  ->  Bitmap Index Scan on k_3  (cost=0.00..5.43 rows=100 width=0)
	        Index Cond: ((k >= 2861958) AND (k <= 2862058))

table 4 : explain SELECT k, c FROM sbtest4 WHERE k BETWEEN 2861958 AND 2862058
	Bitmap Heap Scan on sbtest4  (cost=5.46..401.74 rows=100 width=125)
	  Recheck Cond: ((k >= 2861958) AND (k <= 2862058))
	  ->  Bitmap Index Scan on k_4  (cost=0.00..5.43 rows=100 width=0)
	        Index Cond: ((k >= 2861958) AND (k <= 2862058))

table 5 : explain SELECT k, c FROM sbtest5 WHERE k BETWEEN 2861958 AND 2862058
	Bitmap Heap Scan on sbtest5  (cost=5.44..393.84 rows=98 width=125)
	  Recheck Cond: ((k >= 2861958) AND (k <= 2862058))
	  ->  Bitmap Index Scan on k_5  (cost=0.00..5.42 rows=98 width=0)
	        Index Cond: ((k >= 2861958) AND (k <= 2862058))

table 6 : explain SELECT k, c FROM sbtest6 WHERE k BETWEEN 2861958 AND 2862058
	Bitmap Heap Scan on sbtest6  (cost=5.46..401.63 rows=100 width=125)
	  Recheck Cond: ((k >= 2861958) AND (k <= 2862058))
	  ->  Bitmap Index Scan on k_6  (cost=0.00..5.43 rows=100 width=0)
	        Index Cond: ((k >= 2861958) AND (k <= 2862058))

table 7 : explain SELECT k, c FROM sbtest7 WHERE k BETWEEN 2861958 AND 2862058
	Bitmap Heap Scan on sbtest7  (cost=5.57..445.09 rows=111 width=125)
	  Recheck Cond: ((k >= 2861958) AND (k <= 2862058))
	  ->  Bitmap Index Scan on k_7  (cost=0.00..5.54 rows=111 width=0)
	        Index Cond: ((k >= 2861958) AND (k <= 2862058))

table 8 : explain SELECT k, c FROM sbtest8 WHERE k BETWEEN 2861958 AND 2862058
	Bitmap Heap Scan on sbtest8  (cost=5.50..417.37 rows=104 width=125)
	  Recheck Cond: ((k >= 2861958) AND (k <= 2862058))
	  ->  Bitmap Index Scan on k_8  (cost=0.00..5.47 rows=104 width=0)
	        Index Cond: ((k >= 2861958) AND (k <= 2862058))
explain: for range-notcovered :: explain SELECT k, c FROM sbtest%d WHERE k BETWEEN 7185395 AND 7185495

for range-notcovered
table 1 : explain SELECT k, c FROM sbtest1 WHERE k BETWEEN 4611842 AND 4611942
	Bitmap Heap Scan on sbtest1  (cost=5.47..405.60 rows=101 width=125)
	  Recheck Cond: ((k >= 4611842) AND (k <= 4611942))
	  ->  Bitmap Index Scan on k_1  (cost=0.00..5.44 rows=101 width=0)
	        Index Cond: ((k >= 4611842) AND (k <= 4611942))

table 2 : explain SELECT k, c FROM sbtest2 WHERE k BETWEEN 4611842 AND 4611942
	Bitmap Heap Scan on sbtest2  (cost=5.54..433.09 rows=108 width=125)
	  Recheck Cond: ((k >= 4611842) AND (k <= 4611942))
	  ->  Bitmap Index Scan on k_2  (cost=0.00..5.51 rows=108 width=0)
	        Index Cond: ((k >= 4611842) AND (k <= 4611942))

table 3 : explain SELECT k, c FROM sbtest3 WHERE k BETWEEN 4611842 AND 4611942
	Bitmap Heap Scan on sbtest3  (cost=5.50..417.52 rows=104 width=125)
	  Recheck Cond: ((k >= 4611842) AND (k <= 4611942))
	  ->  Bitmap Index Scan on k_3  (cost=0.00..5.47 rows=104 width=0)
	        Index Cond: ((k >= 4611842) AND (k <= 4611942))

table 4 : explain SELECT k, c FROM sbtest4 WHERE k BETWEEN 4611842 AND 4611942
	Bitmap Heap Scan on sbtest4  (cost=5.35..358.30 rows=89 width=125)
	  Recheck Cond: ((k >= 4611842) AND (k <= 4611942))
	  ->  Bitmap Index Scan on k_4  (cost=0.00..5.32 rows=89 width=0)
	        Index Cond: ((k >= 4611842) AND (k <= 4611942))

table 5 : explain SELECT k, c FROM sbtest5 WHERE k BETWEEN 4611842 AND 4611942
	Bitmap Heap Scan on sbtest5  (cost=5.48..409.63 rows=102 width=125)
	  Recheck Cond: ((k >= 4611842) AND (k <= 4611942))
	  ->  Bitmap Index Scan on k_5  (cost=0.00..5.45 rows=102 width=0)
	        Index Cond: ((k >= 4611842) AND (k <= 4611942))

table 6 : explain SELECT k, c FROM sbtest6 WHERE k BETWEEN 4611842 AND 4611942
	Bitmap Heap Scan on sbtest6  (cost=5.50..417.41 rows=104 width=125)
	  Recheck Cond: ((k >= 4611842) AND (k <= 4611942))
	  ->  Bitmap Index Scan on k_6  (cost=0.00..5.47 rows=104 width=0)
	        Index Cond: ((k >= 4611842) AND (k <= 4611942))

table 7 : explain SELECT k, c FROM sbtest7 WHERE k BETWEEN 4611842 AND 4611942
	Bitmap Heap Scan on sbtest7  (cost=5.48..409.60 rows=102 width=125)
	  Recheck Cond: ((k >= 4611842) AND (k <= 4611942))
	  ->  Bitmap Index Scan on k_7  (cost=0.00..5.45 rows=102 width=0)
	        Index Cond: ((k >= 4611842) AND (k <= 4611942))

table 8 : explain SELECT k, c FROM sbtest8 WHERE k BETWEEN 4611842 AND 4611942
	Bitmap Heap Scan on sbtest8  (cost=5.62..464.66 rows=116 width=125)
	  Recheck Cond: ((k >= 4611842) AND (k <= 4611942))
	  ->  Bitmap Index Scan on k_8  (cost=0.00..5.59 rows=116 width=0)
	        Index Cond: ((k >= 4611842) AND (k <= 4611942))

explain: for range-notcovered :: explain SELECT k, c FROM sbtest%d WHERE k BETWEEN 2861958 AND 2862058
for range-notcovered
table 1 : explain SELECT k, c FROM sbtest1 WHERE k BETWEEN 7739913 AND 7740013
	Bitmap Heap Scan on sbtest1  (cost=5.47..405.60 rows=101 width=125)
	  Recheck Cond: ((k >= 7739913) AND (k <= 7740013))
	  ->  Bitmap Index Scan on k_1  (cost=0.00..5.44 rows=101 width=0)
	        Index Cond: ((k >= 7739913) AND (k <= 7740013))

table 2 : explain SELECT k, c FROM sbtest2 WHERE k BETWEEN 7739913 AND 7740013
	Bitmap Heap Scan on sbtest2  (cost=5.48..409.43 rows=102 width=125)
	  Recheck Cond: ((k >= 7739913) AND (k <= 7740013))
	  ->  Bitmap Index Scan on k_2  (cost=0.00..5.45 rows=102 width=0)
	        Index Cond: ((k >= 7739913) AND (k <= 7740013))

table 3 : explain SELECT k, c FROM sbtest3 WHERE k BETWEEN 7739913 AND 7740013
	Bitmap Heap Scan on sbtest3  (cost=5.50..417.52 rows=104 width=125)
	  Recheck Cond: ((k >= 7739913) AND (k <= 7740013))
	  ->  Bitmap Index Scan on k_3  (cost=0.00..5.47 rows=104 width=0)
	        Index Cond: ((k >= 7739913) AND (k <= 7740013))

table 4 : explain SELECT k, c FROM sbtest4 WHERE k BETWEEN 7739913 AND 7740013
	Bitmap Heap Scan on sbtest4  (cost=5.58..449.08 rows=112 width=125)
	  Recheck Cond: ((k >= 7739913) AND (k <= 7740013))
	  ->  Bitmap Index Scan on k_4  (cost=0.00..5.55 rows=112 width=0)
	        Index Cond: ((k >= 7739913) AND (k <= 7740013))

table 5 : explain SELECT k, c FROM sbtest5 WHERE k BETWEEN 7739913 AND 7740013
	Bitmap Heap Scan on sbtest5  (cost=5.47..405.68 rows=101 width=125)
	  Recheck Cond: ((k >= 7739913) AND (k <= 7740013))
	  ->  Bitmap Index Scan on k_5  (cost=0.00..5.44 rows=101 width=0)
	        Index Cond: ((k >= 7739913) AND (k <= 7740013))

table 6 : explain SELECT k, c FROM sbtest6 WHERE k BETWEEN 7739913 AND 7740013
	Bitmap Heap Scan on sbtest6  (cost=5.45..397.69 rows=99 width=125)
	  Recheck Cond: ((k >= 7739913) AND (k <= 7740013))
	  ->  Bitmap Index Scan on k_6  (cost=0.00..5.42 rows=99 width=0)
	        Index Cond: ((k >= 7739913) AND (k <= 7740013))

table 7 : explain SELECT k, c FROM sbtest7 WHERE k BETWEEN 7739913 AND 7740013
	Bitmap Heap Scan on sbtest7  (cost=5.34..354.32 rows=88 width=125)
	  Recheck Cond: ((k >= 7739913) AND (k <= 7740013))
	  ->  Bitmap Index Scan on k_7  (cost=0.00..5.31 rows=88 width=0)
	        Index Cond: ((k >= 7739913) AND (k <= 7740013))

table 8 : explain SELECT k, c FROM sbtest8 WHERE k BETWEEN 7739913 AND 7740013
	Bitmap Heap Scan on sbtest8  (cost=5.46..401.59 rows=100 width=125)
	  Recheck Cond: ((k >= 7739913) AND (k <= 7740013))
	  ->  Bitmap Index Scan on k_8  (cost=0.00..5.43 rows=100 width=0)
	        Index Cond: ((k >= 7739913) AND (k <= 7740013))

explain: for range-notcovered :: explain SELECT k, c FROM sbtest%d WHERE k BETWEEN 4611842 AND 4611942
explain: for range-notcovered :: explain SELECT k, c FROM sbtest%d WHERE k BETWEEN 3648762 AND 3648862
explain: for range-notcovered :: explain SELECT k, c FROM sbtest%d WHERE k BETWEEN 7739913 AND 7740013
explain: for range-notcovered :: explain SELECT k, c FROM sbtest%d WHERE k BETWEEN 6715165 AND 6715265
for range-notcovered
table 1 : explain SELECT k, c FROM sbtest1 WHERE k BETWEEN 1473996 AND 1474096
	Bitmap Heap Scan on sbtest1  (cost=5.45..397.71 rows=99 width=125)
	  Recheck Cond: ((k >= 1473996) AND (k <= 1474096))
	  ->  Bitmap Index Scan on k_1  (cost=0.00..5.42 rows=99 width=0)
	        Index Cond: ((k >= 1473996) AND (k <= 1474096))

table 2 : explain SELECT k, c FROM sbtest2 WHERE k BETWEEN 1473996 AND 1474096
	Bitmap Heap Scan on sbtest2  (cost=5.50..417.32 rows=104 width=125)
	  Recheck Cond: ((k >= 1473996) AND (k <= 1474096))
	  ->  Bitmap Index Scan on k_2  (cost=0.00..5.47 rows=104 width=0)
	        Index Cond: ((k >= 1473996) AND (k <= 1474096))

table 3 : explain SELECT k, c FROM sbtest3 WHERE k BETWEEN 1473996 AND 1474096
	Bitmap Heap Scan on sbtest3  (cost=5.62..464.84 rows=116 width=125)
	  Recheck Cond: ((k >= 1473996) AND (k <= 1474096))
	  ->  Bitmap Index Scan on k_3  (cost=0.00..5.59 rows=116 width=0)
	        Index Cond: ((k >= 1473996) AND (k <= 1474096))

table 4 : explain SELECT k, c FROM sbtest4 WHERE k BETWEEN 1473996 AND 1474096
	Bitmap Heap Scan on sbtest4  (cost=5.46..401.74 rows=100 width=125)
	  Recheck Cond: ((k >= 1473996) AND (k <= 1474096))
	  ->  Bitmap Index Scan on k_4  (cost=0.00..5.43 rows=100 width=0)
	        Index Cond: ((k >= 1473996) AND (k <= 1474096))

table 5 : explain SELECT k, c FROM sbtest5 WHERE k BETWEEN 1473996 AND 1474096
	Bitmap Heap Scan on sbtest5  (cost=5.61..460.89 rows=115 width=125)
	  Recheck Cond: ((k >= 1473996) AND (k <= 1474096))
	  ->  Bitmap Index Scan on k_5  (cost=0.00..5.58 rows=115 width=0)
	        Index Cond: ((k >= 1473996) AND (k <= 1474096))

table 6 : explain SELECT k, c FROM sbtest6 WHERE k BETWEEN 1473996 AND 1474096
	Bitmap Heap Scan on sbtest6  (cost=5.50..417.41 rows=104 width=125)
	  Recheck Cond: ((k >= 1473996) AND (k <= 1474096))
	  ->  Bitmap Index Scan on k_6  (cost=0.00..5.47 rows=104 width=0)
	        Index Cond: ((k >= 1473996) AND (k <= 1474096))

table 7 : explain SELECT k, c FROM sbtest7 WHERE k BETWEEN 1473996 AND 1474096
	Bitmap Heap Scan on sbtest7  (cost=5.48..409.60 rows=102 width=125)
	  Recheck Cond: ((k >= 1473996) AND (k <= 1474096))
	  ->  Bitmap Index Scan on k_7  (cost=0.00..5.45 rows=102 width=0)
	        Index Cond: ((k >= 1473996) AND (k <= 1474096))

table 8 : explain SELECT k, c FROM sbtest8 WHERE k BETWEEN 1473996 AND 1474096
	Bitmap Heap Scan on sbtest8  (cost=5.51..421.31 rows=105 width=125)
	  Recheck Cond: ((k >= 1473996) AND (k <= 1474096))
	  ->  Bitmap Index Scan on k_8  (cost=0.00..5.48 rows=105 width=0)
	        Index Cond: ((k >= 1473996) AND (k <= 1474096))

for range-notcovered
table 1 : explain SELECT k, c FROM sbtest1 WHERE k BETWEEN 4837811 AND 4837911
	Bitmap Heap Scan on sbtest1  (cost=5.45..397.71 rows=99 width=125)
	  Recheck Cond: ((k >= 4837811) AND (k <= 4837911))
	  ->  Bitmap Index Scan on k_1  (cost=0.00..5.42 rows=99 width=0)
	        Index Cond: ((k >= 4837811) AND (k <= 4837911))

table 2 : explain SELECT k, c FROM sbtest2 WHERE k BETWEEN 4837811 AND 4837911
	Bitmap Heap Scan on sbtest2  (cost=5.47..405.49 rows=101 width=125)
	  Recheck Cond: ((k >= 4837811) AND (k <= 4837911))
	  ->  Bitmap Index Scan on k_2  (cost=0.00..5.44 rows=101 width=0)
	        Index Cond: ((k >= 4837811) AND (k <= 4837911))

table 3 : explain SELECT k, c FROM sbtest3 WHERE k BETWEEN 4837811 AND 4837911
	Bitmap Heap Scan on sbtest3  (cost=5.44..393.84 rows=98 width=125)
	  Recheck Cond: ((k >= 4837811) AND (k <= 4837911))
	  ->  Bitmap Index Scan on k_3  (cost=0.00..5.42 rows=98 width=0)
	        Index Cond: ((k >= 4837811) AND (k <= 4837911))

table 4 : explain SELECT k, c FROM sbtest4 WHERE k BETWEEN 4837811 AND 4837911
	Bitmap Heap Scan on sbtest4  (cost=5.45..397.80 rows=99 width=125)
	  Recheck Cond: ((k >= 4837811) AND (k <= 4837911))
	  ->  Bitmap Index Scan on k_4  (cost=0.00..5.42 rows=99 width=0)
	        Index Cond: ((k >= 4837811) AND (k <= 4837911))

table 5 : explain SELECT k, c FROM sbtest5 WHERE k BETWEEN 4837811 AND 4837911
	Bitmap Heap Scan on sbtest5  (cost=5.54..433.30 rows=108 width=125)
	  Recheck Cond: ((k >= 4837811) AND (k <= 4837911))
	  ->  Bitmap Index Scan on k_5  (cost=0.00..5.51 rows=108 width=0)
	        Index Cond: ((k >= 4837811) AND (k <= 4837911))

table 6 : explain SELECT k, c FROM sbtest6 WHERE k BETWEEN 4837811 AND 4837911
	Bitmap Heap Scan on sbtest6  (cost=5.48..409.52 rows=102 width=125)
	  Recheck Cond: ((k >= 4837811) AND (k <= 4837911))
	  ->  Bitmap Index Scan on k_6  (cost=0.00..5.45 rows=102 width=0)
	        Index Cond: ((k >= 4837811) AND (k <= 4837911))

table 7 : explain SELECT k, c FROM sbtest7 WHERE k BETWEEN 4837811 AND 4837911
	Bitmap Heap Scan on sbtest7  (cost=5.57..445.09 rows=111 width=125)
	  Recheck Cond: ((k >= 4837811) AND (k <= 4837911))
	  ->  Bitmap Index Scan on k_7  (cost=0.00..5.54 rows=111 width=0)
	        Index Cond: ((k >= 4837811) AND (k <= 4837911))

table 8 : explain SELECT k, c FROM sbtest8 WHERE k BETWEEN 4837811 AND 4837911
	Bitmap Heap Scan on sbtest8  (cost=5.41..381.86 rows=95 width=125)
	  Recheck Cond: ((k >= 4837811) AND (k <= 4837911))
	  ->  Bitmap Index Scan on k_8  (cost=0.00..5.38 rows=95 width=0)
	        Index Cond: ((k >= 4837811) AND (k <= 4837911))

for range-notcovered
table 1 : explain SELECT k, c FROM sbtest1 WHERE k BETWEEN 6853352 AND 6853452
	Bitmap Heap Scan on sbtest1  (cost=5.51..421.38 rows=105 width=125)
	  Recheck Cond: ((k >= 6853352) AND (k <= 6853452))
	  ->  Bitmap Index Scan on k_1  (cost=0.00..5.48 rows=105 width=0)
	        Index Cond: ((k >= 6853352) AND (k <= 6853452))

table 2 : explain SELECT k, c FROM sbtest2 WHERE k BETWEEN 6853352 AND 6853452
	Bitmap Heap Scan on sbtest2  (cost=5.53..429.15 rows=107 width=125)
	  Recheck Cond: ((k >= 6853352) AND (k <= 6853452))
	  ->  Bitmap Index Scan on k_2  (cost=0.00..5.50 rows=107 width=0)
	        Index Cond: ((k >= 6853352) AND (k <= 6853452))

table 3 : explain SELECT k, c FROM sbtest3 WHERE k BETWEEN 6853352 AND 6853452
	Bitmap Heap Scan on sbtest3  (cost=5.30..338.53 rows=84 width=125)
	  Recheck Cond: ((k >= 6853352) AND (k <= 6853452))
	  ->  Bitmap Index Scan on k_3  (cost=0.00..5.27 rows=84 width=0)
	        Index Cond: ((k >= 6853352) AND (k <= 6853452))

table 4 : explain SELECT k, c FROM sbtest4 WHERE k BETWEEN 6853352 AND 6853452
	Bitmap Heap Scan on sbtest4  (cost=5.55..437.25 rows=109 width=125)
	  Recheck Cond: ((k >= 6853352) AND (k <= 6853452))
	  ->  Bitmap Index Scan on k_4  (cost=0.00..5.52 rows=109 width=0)
	        Index Cond: ((k >= 6853352) AND (k <= 6853452))

table 5 : explain SELECT k, c FROM sbtest5 WHERE k BETWEEN 6853352 AND 6853452
	Bitmap Heap Scan on sbtest5  (cost=5.50..417.52 rows=104 width=125)
	  Recheck Cond: ((k >= 6853352) AND (k <= 6853452))
	  ->  Bitmap Index Scan on k_5  (cost=0.00..5.47 rows=104 width=0)
	        Index Cond: ((k >= 6853352) AND (k <= 6853452))

table 6 : explain SELECT k, c FROM sbtest6 WHERE k BETWEEN 6853352 AND 6853452
	Bitmap Heap Scan on sbtest6  (cost=5.49..413.47 rows=103 width=125)
	  Recheck Cond: ((k >= 6853352) AND (k <= 6853452))
	  ->  Bitmap Index Scan on k_6  (cost=0.00..5.46 rows=103 width=0)
	        Index Cond: ((k >= 6853352) AND (k <= 6853452))

table 7 : explain SELECT k, c FROM sbtest7 WHERE k BETWEEN 6853352 AND 6853452
	Bitmap Heap Scan on sbtest7  (cost=5.51..421.43 rows=105 width=125)
	  Recheck Cond: ((k >= 6853352) AND (k <= 6853452))
	  ->  Bitmap Index Scan on k_7  (cost=0.00..5.48 rows=105 width=0)
	        Index Cond: ((k >= 6853352) AND (k <= 6853452))

table 8 : explain SELECT k, c FROM sbtest8 WHERE k BETWEEN 6853352 AND 6853452
	Bitmap Heap Scan on sbtest8  (cost=5.59..452.84 rows=113 width=125)
	  Recheck Cond: ((k >= 6853352) AND (k <= 6853452))
	  ->  Bitmap Index Scan on k_8  (cost=0.00..5.56 rows=113 width=0)
	        Index Cond: ((k >= 6853352) AND (k <= 6853452))

explain: for range-notcovered :: explain SELECT k, c FROM sbtest%d WHERE k BETWEEN 1473996 AND 1474096
for range-notcovered
table 1 : explain SELECT k, c FROM sbtest1 WHERE k BETWEEN 5974180 AND 5974280
	Bitmap Heap Scan on sbtest1  (cost=5.55..437.15 rows=109 width=125)
	  Recheck Cond: ((k >= 5974180) AND (k <= 5974280))
	  ->  Bitmap Index Scan on k_1  (cost=0.00..5.52 rows=109 width=0)
	        Index Cond: ((k >= 5974180) AND (k <= 5974280))

table 2 : explain SELECT k, c FROM sbtest2 WHERE k BETWEEN 5974180 AND 5974280
	Bitmap Heap Scan on sbtest2  (cost=5.48..409.43 rows=102 width=125)
	  Recheck Cond: ((k >= 5974180) AND (k <= 5974280))
	  ->  Bitmap Index Scan on k_2  (cost=0.00..5.45 rows=102 width=0)
	        Index Cond: ((k >= 5974180) AND (k <= 5974280))

table 3 : explain SELECT k, c FROM sbtest3 WHERE k BETWEEN 5974180 AND 5974280
	Bitmap Heap Scan on sbtest3  (cost=5.43..389.89 rows=97 width=125)
	  Recheck Cond: ((k >= 5974180) AND (k <= 5974280))
	  ->  Bitmap Index Scan on k_3  (cost=0.00..5.40 rows=97 width=0)
	        Index Cond: ((k >= 5974180) AND (k <= 5974280))

table 4 : explain SELECT k, c FROM sbtest4 WHERE k BETWEEN 5974180 AND 5974280
	Bitmap Heap Scan on sbtest4  (cost=5.40..378.06 rows=94 width=125)
	  Recheck Cond: ((k >= 5974180) AND (k <= 5974280))
	  ->  Bitmap Index Scan on k_4  (cost=0.00..5.38 rows=94 width=0)
	        Index Cond: ((k >= 5974180) AND (k <= 5974280))

table 5 : explain SELECT k, c FROM sbtest5 WHERE k BETWEEN 5974180 AND 5974280
	Bitmap Heap Scan on sbtest5  (cost=5.36..362.25 rows=90 width=125)
	  Recheck Cond: ((k >= 5974180) AND (k <= 5974280))
	  ->  Bitmap Index Scan on k_5  (cost=0.00..5.33 rows=90 width=0)
	        Index Cond: ((k >= 5974180) AND (k <= 5974280))

table 6 : explain SELECT k, c FROM sbtest6 WHERE k BETWEEN 5974180 AND 5974280
	Bitmap Heap Scan on sbtest6  (cost=5.53..429.24 rows=107 width=125)
	  Recheck Cond: ((k >= 5974180) AND (k <= 5974280))
	  ->  Bitmap Index Scan on k_6  (cost=0.00..5.50 rows=107 width=0)
	        Index Cond: ((k >= 5974180) AND (k <= 5974280))

table 7 : explain SELECT k, c FROM sbtest7 WHERE k BETWEEN 5974180 AND 5974280
	Bitmap Heap Scan on sbtest7  (cost=5.46..401.71 rows=100 width=125)
	  Recheck Cond: ((k >= 5974180) AND (k <= 5974280))
	  ->  Bitmap Index Scan on k_7  (cost=0.00..5.43 rows=100 width=0)
	        Index Cond: ((k >= 5974180) AND (k <= 5974280))

table 8 : explain SELECT k, c FROM sbtest8 WHERE k BETWEEN 5974180 AND 5974280
	Bitmap Heap Scan on sbtest8  (cost=5.48..409.48 rows=102 width=125)
	  Recheck Cond: ((k >= 5974180) AND (k <= 5974280))
	  ->  Bitmap Index Scan on k_8  (cost=0.00..5.45 rows=102 width=0)
	        Index Cond: ((k >= 5974180) AND (k <= 5974280))

explain: for range-notcovered :: explain SELECT k, c FROM sbtest%d WHERE k BETWEEN 5974180 AND 5974280
for range-notcovered
table 1 : explain SELECT k, c FROM sbtest1 WHERE k BETWEEN 7846121 AND 7846221
	Bitmap Heap Scan on sbtest1  (cost=5.46..401.65 rows=100 width=125)
	  Recheck Cond: ((k >= 7846121) AND (k <= 7846221))
	  ->  Bitmap Index Scan on k_1  (cost=0.00..5.43 rows=100 width=0)
	        Index Cond: ((k >= 7846121) AND (k <= 7846221))

table 2 : explain SELECT k, c FROM sbtest2 WHERE k BETWEEN 7846121 AND 7846221
	Bitmap Heap Scan on sbtest2  (cost=5.43..389.71 rows=97 width=125)
	  Recheck Cond: ((k >= 7846121) AND (k <= 7846221))
	  ->  Bitmap Index Scan on k_2  (cost=0.00..5.40 rows=97 width=0)
	        Index Cond: ((k >= 7846121) AND (k <= 7846221))

table 3 : explain SELECT k, c FROM sbtest3 WHERE k BETWEEN 7846121 AND 7846221
	Bitmap Heap Scan on sbtest3  (cost=5.35..358.30 rows=89 width=125)
	  Recheck Cond: ((k >= 7846121) AND (k <= 7846221))
	  ->  Bitmap Index Scan on k_3  (cost=0.00..5.32 rows=89 width=0)
	        Index Cond: ((k >= 7846121) AND (k <= 7846221))

table 4 : explain SELECT k, c FROM sbtest4 WHERE k BETWEEN 7846121 AND 7846221
	Bitmap Heap Scan on sbtest4  (cost=5.52..425.42 rows=106 width=125)
	  Recheck Cond: ((k >= 7846121) AND (k <= 7846221))
	  ->  Bitmap Index Scan on k_4  (cost=0.00..5.50 rows=106 width=0)
	        Index Cond: ((k >= 7846121) AND (k <= 7846221))

table 5 : explain SELECT k, c FROM sbtest5 WHERE k BETWEEN 7846121 AND 7846221
	Bitmap Heap Scan on sbtest5  (cost=5.50..417.52 rows=104 width=125)
	  Recheck Cond: ((k >= 7846121) AND (k <= 7846221))
	  ->  Bitmap Index Scan on k_5  (cost=0.00..5.47 rows=104 width=0)
	        Index Cond: ((k >= 7846121) AND (k <= 7846221))

table 6 : explain SELECT k, c FROM sbtest6 WHERE k BETWEEN 7846121 AND 7846221
	Bitmap Heap Scan on sbtest6  (cost=5.57..445.01 rows=111 width=125)
	  Recheck Cond: ((k >= 7846121) AND (k <= 7846221))
	  ->  Bitmap Index Scan on k_6  (cost=0.00..5.54 rows=111 width=0)
	        Index Cond: ((k >= 7846121) AND (k <= 7846221))

table 7 : explain SELECT k, c FROM sbtest7 WHERE k BETWEEN 7846121 AND 7846221
	Bitmap Heap Scan on sbtest7  (cost=5.38..370.12 rows=92 width=125)
	  Recheck Cond: ((k >= 7846121) AND (k <= 7846221))
	  ->  Bitmap Index Scan on k_7  (cost=0.00..5.35 rows=92 width=0)
	        Index Cond: ((k >= 7846121) AND (k <= 7846221))

table 8 : explain SELECT k, c FROM sbtest8 WHERE k BETWEEN 7846121 AND 7846221
	Bitmap Heap Scan on sbtest8  (cost=5.52..425.25 rows=106 width=125)
	  Recheck Cond: ((k >= 7846121) AND (k <= 7846221))
	  ->  Bitmap Index Scan on k_8  (cost=0.00..5.50 rows=106 width=0)
	        Index Cond: ((k >= 7846121) AND (k <= 7846221))

explain: for range-notcovered :: explain SELECT k, c FROM sbtest%d WHERE k BETWEEN 1887775 AND 1887875
for range-notcovered
table 1 : explain SELECT k, c FROM sbtest1 WHERE k BETWEEN 5247593 AND 5247693
	Bitmap Heap Scan on sbtest1  (cost=5.49..413.49 rows=103 width=125)
	  Recheck Cond: ((k >= 5247593) AND (k <= 5247693))
	  ->  Bitmap Index Scan on k_1  (cost=0.00..5.46 rows=103 width=0)
	        Index Cond: ((k >= 5247593) AND (k <= 5247693))

table 2 : explain SELECT k, c FROM sbtest2 WHERE k BETWEEN 5247593 AND 5247693
	Bitmap Heap Scan on sbtest2  (cost=5.52..425.20 rows=106 width=125)
	  Recheck Cond: ((k >= 5247593) AND (k <= 5247693))
	  ->  Bitmap Index Scan on k_2  (cost=0.00..5.50 rows=106 width=0)
	        Index Cond: ((k >= 5247593) AND (k <= 5247693))

table 3 : explain SELECT k, c FROM sbtest3 WHERE k BETWEEN 5247593 AND 5247693
	Bitmap Heap Scan on sbtest3  (cost=5.52..425.41 rows=106 width=125)
	  Recheck Cond: ((k >= 5247593) AND (k <= 5247693))
	  ->  Bitmap Index Scan on k_3  (cost=0.00..5.50 rows=106 width=0)
	        Index Cond: ((k >= 5247593) AND (k <= 5247693))

table 4 : explain SELECT k, c FROM sbtest4 WHERE k BETWEEN 5247593 AND 5247693
	Bitmap Heap Scan on sbtest4  (cost=5.50..417.53 rows=104 width=125)
	  Recheck Cond: ((k >= 5247593) AND (k <= 5247693))
	  ->  Bitmap Index Scan on k_4  (cost=0.00..5.47 rows=104 width=0)
	        Index Cond: ((k >= 5247593) AND (k <= 5247693))

table 5 : explain SELECT k, c FROM sbtest5 WHERE k BETWEEN 5247593 AND 5247693
	Bitmap Heap Scan on sbtest5  (cost=5.63..468.78 rows=117 width=125)
	  Recheck Cond: ((k >= 5247593) AND (k <= 5247693))
	  ->  Bitmap Index Scan on k_5  (cost=0.00..5.60 rows=117 width=0)
	        Index Cond: ((k >= 5247593) AND (k <= 5247693))

table 6 : explain SELECT k, c FROM sbtest6 WHERE k BETWEEN 5247593 AND 5247693
	Bitmap Heap Scan on sbtest6  (cost=5.38..370.06 rows=92 width=125)
	  Recheck Cond: ((k >= 5247593) AND (k <= 5247693))
	  ->  Bitmap Index Scan on k_6  (cost=0.00..5.35 rows=92 width=0)
	        Index Cond: ((k >= 5247593) AND (k <= 5247693))

table 7 : explain SELECT k, c FROM sbtest7 WHERE k BETWEEN 5247593 AND 5247693
	Bitmap Heap Scan on sbtest7  (cost=5.50..417.49 rows=104 width=125)
	  Recheck Cond: ((k >= 5247593) AND (k <= 5247693))
	  ->  Bitmap Index Scan on k_7  (cost=0.00..5.47 rows=104 width=0)
	        Index Cond: ((k >= 5247593) AND (k <= 5247693))

table 8 : explain SELECT k, c FROM sbtest8 WHERE k BETWEEN 5247593 AND 5247693
	Bitmap Heap Scan on sbtest8  (cost=5.46..401.59 rows=100 width=125)
	  Recheck Cond: ((k >= 5247593) AND (k <= 5247693))
	  ->  Bitmap Index Scan on k_8  (cost=0.00..5.43 rows=100 width=0)
	        Index Cond: ((k >= 5247593) AND (k <= 5247693))

explain: for range-notcovered :: explain SELECT k, c FROM sbtest%d WHERE k BETWEEN 1423202 AND 1423302
explain: for range-notcovered :: explain SELECT k, c FROM sbtest%d WHERE k BETWEEN 6853352 AND 6853452for range-notcovered
table 1 : explain SELECT k, c FROM sbtest1 WHERE k BETWEEN 6071438 AND 6071538
	Bitmap Heap Scan on sbtest1  (cost=5.60..456.86 rows=114 width=125)
	  Recheck Cond: ((k >= 6071438) AND (k <= 6071538))
	  ->  Bitmap Index Scan on k_1  (cost=0.00..5.58 rows=114 width=0)
	        Index Cond: ((k >= 6071438) AND (k <= 6071538))

table 2 : explain SELECT k, c FROM sbtest2 WHERE k BETWEEN 6071438 AND 6071538
	Bitmap Heap Scan on sbtest2  (cost=5.40..377.88 rows=94 width=125)
	  Recheck Cond: ((k >= 6071438) AND (k <= 6071538))
	  ->  Bitmap Index Scan on k_2  (cost=0.00..5.38 rows=94 width=0)
	        Index Cond: ((k >= 6071438) AND (k <= 6071538))

table 3 : explain SELECT k, c FROM sbtest3 WHERE k BETWEEN 6071438 AND 6071538
	Bitmap Heap Scan on sbtest3  (cost=5.39..374.10 rows=93 width=125)
	  Recheck Cond: ((k >= 6071438) AND (k <= 6071538))
	  ->  Bitmap Index Scan on k_3  (cost=0.00..5.36 rows=93 width=0)
	        Index Cond: ((k >= 6071438) AND (k <= 6071538))

table 4 : explain SELECT k, c FROM sbtest4 WHERE k BETWEEN 6071438 AND 6071538
	Bitmap Heap Scan on sbtest4  (cost=5.48..409.64 rows=102 width=125)
	  Recheck Cond: ((k >= 6071438) AND (k <= 6071538))
	  ->  Bitmap Index Scan on k_4  (cost=0.00..5.45 rows=102 width=0)
	        Index Cond: ((k >= 6071438) AND (k <= 6071538))

table 5 : explain SELECT k, c FROM sbtest5 WHERE k BETWEEN 6071438 AND 6071538
	Bitmap Heap Scan on sbtest5  (cost=5.42..385.94 rows=96 width=125)
	  Recheck Cond: ((k >= 6071438) AND (k <= 6071538))
	  ->  Bitmap Index Scan on k_5  (cost=0.00..5.39 rows=96 width=0)
	        Index Cond: ((k >= 6071438) AND (k <= 6071538))

table 6 : explain SELECT k, c FROM sbtest6 WHERE k BETWEEN 6071438 AND 6071538
	Bitmap Heap Scan on sbtest6  (cost=5.50..417.41 rows=104 width=125)
	  Recheck Cond: ((k >= 6071438) AND (k <= 6071538))
	  ->  Bitmap Index Scan on k_6  (cost=0.00..5.47 rows=104 width=0)
	        Index Cond: ((k >= 6071438) AND (k <= 6071538))

table 7 : explain SELECT k, c FROM sbtest7 WHERE k BETWEEN 6071438 AND 6071538
	Bitmap Heap Scan on sbtest7  (cost=5.62..464.80 rows=116 width=125)
	  Recheck Cond: ((k >= 6071438) AND (k <= 6071538))
	  ->  Bitmap Index Scan on k_7  (cost=0.00..5.59 rows=116 width=0)
	        Index Cond: ((k >= 6071438) AND (k <= 6071538))

table 8 : explain SELECT k, c FROM sbtest8 WHERE k BETWEEN 6071438 AND 6071538
	Bitmap Heap Scan on sbtest8  (cost=5.38..370.02 rows=92 width=125)
	  Recheck Cond: ((k >= 6071438) AND (k <= 6071538))
	  ->  Bitmap Index Scan on k_8  (cost=0.00..5.35 rows=92 width=0)
	        Index Cond: ((k >= 6071438) AND (k <= 6071538))

explain: for range-notcovered :: explain SELECT k, c FROM sbtest%d WHERE k BETWEEN 5247593 AND 5247693

explain: for range-notcovered :: explain SELECT k, c FROM sbtest%d WHERE k BETWEEN 7846121 AND 7846221
explain: for range-notcovered :: explain SELECT k, c FROM sbtest%d WHERE k BETWEEN 6071438 AND 6071538
for range-notcovered
table 1 : explain SELECT k, c FROM sbtest1 WHERE k BETWEEN 7185395 AND 7185495
	Bitmap Heap Scan on sbtest1  (cost=5.39..374.03 rows=93 width=125)
	  Recheck Cond: ((k >= 7185395) AND (k <= 7185495))
	  ->  Bitmap Index Scan on k_1  (cost=0.00..5.36 rows=93 width=0)
	        Index Cond: ((k >= 7185395) AND (k <= 7185495))

table 2 : explain SELECT k, c FROM sbtest2 WHERE k BETWEEN 7185395 AND 7185495
	Bitmap Heap Scan on sbtest2  (cost=5.43..389.71 rows=97 width=125)
	  Recheck Cond: ((k >= 7185395) AND (k <= 7185495))
	  ->  Bitmap Index Scan on k_2  (cost=0.00..5.40 rows=97 width=0)
	        Index Cond: ((k >= 7185395) AND (k <= 7185495))

table 3 : explain SELECT k, c FROM sbtest3 WHERE k BETWEEN 7185395 AND 7185495
	Bitmap Heap Scan on sbtest3  (cost=5.47..405.68 rows=101 width=125)
	  Recheck Cond: ((k >= 7185395) AND (k <= 7185495))
	  ->  Bitmap Index Scan on k_3  (cost=0.00..5.44 rows=101 width=0)
	        Index Cond: ((k >= 7185395) AND (k <= 7185495))

table 4 : explain SELECT k, c FROM sbtest4 WHERE k BETWEEN 7185395 AND 7185495
	Bitmap Heap Scan on sbtest4  (cost=5.41..382.00 rows=95 width=125)
	  Recheck Cond: ((k >= 7185395) AND (k <= 7185495))
	  ->  Bitmap Index Scan on k_4  (cost=0.00..5.38 rows=95 width=0)
	        Index Cond: ((k >= 7185395) AND (k <= 7185495))

table 5 : explain SELECT k, c FROM sbtest5 WHERE k BETWEEN 7185395 AND 7185495
	Bitmap Heap Scan on sbtest5  (cost=5.47..405.68 rows=101 width=125)
	  Recheck Cond: ((k >= 7185395) AND (k <= 7185495))
	  ->  Bitmap Index Scan on k_5  (cost=0.00..5.44 rows=101 width=0)
	        Index Cond: ((k >= 7185395) AND (k <= 7185495))

table 6 : explain SELECT k, c FROM sbtest6 WHERE k BETWEEN 7185395 AND 7185495
	Bitmap Heap Scan on sbtest6  (cost=5.55..437.12 rows=109 width=125)
	  Recheck Cond: ((k >= 7185395) AND (k <= 7185495))
	  ->  Bitmap Index Scan on k_6  (cost=0.00..5.52 rows=109 width=0)
	        Index Cond: ((k >= 7185395) AND (k <= 7185495))

table 7 : explain SELECT k, c FROM sbtest7 WHERE k BETWEEN 7185395 AND 7185495
	Bitmap Heap Scan on sbtest7  (cost=5.46..401.71 rows=100 width=125)
	  Recheck Cond: ((k >= 7185395) AND (k <= 7185495))
	  ->  Bitmap Index Scan on k_7  (cost=0.00..5.43 rows=100 width=0)
	        Index Cond: ((k >= 7185395) AND (k <= 7185495))

table 8 : explain SELECT k, c FROM sbtest8 WHERE k BETWEEN 7185395 AND 7185495
	Bitmap Heap Scan on sbtest8  (cost=5.45..397.65 rows=99 width=125)
	  Recheck Cond: ((k >= 7185395) AND (k <= 7185495))
	  ->  Bitmap Index Scan on k_8  (cost=0.00..5.42 rows=99 width=0)
	        Index Cond: ((k >= 7185395) AND (k <= 7185495))

for range-notcovered
table 1 : explain SELECT k, c FROM sbtest1 WHERE k BETWEEN 3578842 AND 3578942
	Bitmap Heap Scan on sbtest1  (cost=5.50..417.43 rows=104 width=125)
	  Recheck Cond: ((k >= 3578842) AND (k <= 3578942))
	  ->  Bitmap Index Scan on k_1  (cost=0.00..5.47 rows=104 width=0)
	        Index Cond: ((k >= 3578842) AND (k <= 3578942))

table 2 : explain SELECT k, c FROM sbtest2 WHERE k BETWEEN 3578842 AND 3578942
	Bitmap Heap Scan on sbtest2  (cost=5.48..409.43 rows=102 width=125)
	  Recheck Cond: ((k >= 3578842) AND (k <= 3578942))
	  ->  Bitmap Index Scan on k_2  (cost=0.00..5.45 rows=102 width=0)
	        Index Cond: ((k >= 3578842) AND (k <= 3578942))

table 3 : explain SELECT k, c FROM sbtest3 WHERE k BETWEEN 3578842 AND 3578942
	Bitmap Heap Scan on sbtest3  (cost=5.56..441.19 rows=110 width=125)
	  Recheck Cond: ((k >= 3578842) AND (k <= 3578942))
	  ->  Bitmap Index Scan on k_3  (cost=0.00..5.53 rows=110 width=0)
	        Index Cond: ((k >= 3578842) AND (k <= 3578942))

table 4 : explain SELECT k, c FROM sbtest4 WHERE k BETWEEN 3578842 AND 3578942
	Bitmap Heap Scan on sbtest4  (cost=5.48..409.64 rows=102 width=125)
	  Recheck Cond: ((k >= 3578842) AND (k <= 3578942))
	  ->  Bitmap Index Scan on k_4  (cost=0.00..5.45 rows=102 width=0)
	        Index Cond: ((k >= 3578842) AND (k <= 3578942))

table 5 : explain SELECT k, c FROM sbtest5 WHERE k BETWEEN 3578842 AND 3578942
	Bitmap Heap Scan on sbtest5  (cost=5.45..397.79 rows=99 width=125)
	  Recheck Cond: ((k >= 3578842) AND (k <= 3578942))
	  ->  Bitmap Index Scan on k_5  (cost=0.00..5.42 rows=99 width=0)
	        Index Cond: ((k >= 3578842) AND (k <= 3578942))

table 6 : explain SELECT k, c FROM sbtest6 WHERE k BETWEEN 3578842 AND 3578942
	Bitmap Heap Scan on sbtest6  (cost=5.53..429.24 rows=107 width=125)
	  Recheck Cond: ((k >= 3578842) AND (k <= 3578942))
	  ->  Bitmap Index Scan on k_6  (cost=0.00..5.50 rows=107 width=0)
	        Index Cond: ((k >= 3578842) AND (k <= 3578942))

table 7 : explain SELECT k, c FROM sbtest7 WHERE k BETWEEN 3578842 AND 3578942
	Bitmap Heap Scan on sbtest7  (cost=5.49..413.54 rows=103 width=125)
	  Recheck Cond: ((k >= 3578842) AND (k <= 3578942))
	  ->  Bitmap Index Scan on k_7  (cost=0.00..5.46 rows=103 width=0)
	        Index Cond: ((k >= 3578842) AND (k <= 3578942))

table 8 : explain SELECT k, c FROM sbtest8 WHERE k BETWEEN 3578842 AND 3578942
	Bitmap Heap Scan on sbtest8  (cost=5.58..448.90 rows=112 width=125)
	  Recheck Cond: ((k >= 3578842) AND (k <= 3578942))
	  ->  Bitmap Index Scan on k_8  (cost=0.00..5.55 rows=112 width=0)
	        Index Cond: ((k >= 3578842) AND (k <= 3578942))

for range-notcovered
table 1 : explain SELECT k, c FROM sbtest1 WHERE k BETWEEN 470817 AND 470917
	Bitmap Heap Scan on sbtest1  (cost=5.53..429.27 rows=107 width=125)
	  Recheck Cond: ((k >= 470817) AND (k <= 470917))
	  ->  Bitmap Index Scan on k_1  (cost=0.00..5.50 rows=107 width=0)
	        Index Cond: ((k >= 470817) AND (k <= 470917))

table 2 : explain SELECT k, c FROM sbtest2 WHERE k BETWEEN 470817 AND 470917
	Bitmap Heap Scan on sbtest2  (cost=5.51..421.26 rows=105 width=125)
	  Recheck Cond: ((k >= 470817) AND (k <= 470917))
	  ->  Bitmap Index Scan on k_2  (cost=0.00..5.48 rows=105 width=0)
	        Index Cond: ((k >= 470817) AND (k <= 470917))

table 3 : explain SELECT k, c FROM sbtest3 WHERE k BETWEEN 470817 AND 470917
	Bitmap Heap Scan on sbtest3  (cost=5.45..397.79 rows=99 width=125)
	  Recheck Cond: ((k >= 470817) AND (k <= 470917))
	  ->  Bitmap Index Scan on k_3  (cost=0.00..5.42 rows=99 width=0)
	        Index Cond: ((k >= 470817) AND (k <= 470917))

table 4 : explain SELECT k, c FROM sbtest4 WHERE k BETWEEN 470817 AND 470917
	Bitmap Heap Scan on sbtest4  (cost=5.46..401.74 rows=100 width=125)
	  Recheck Cond: ((k >= 470817) AND (k <= 470917))
	  ->  Bitmap Index Scan on k_4  (cost=0.00..5.43 rows=100 width=0)
	        Index Cond: ((k >= 470817) AND (k <= 470917))

table 5 : explain SELECT k, c FROM sbtest5 WHERE k BETWEEN 470817 AND 470917
	Bitmap Heap Scan on sbtest5  (cost=5.44..393.84 rows=98 width=125)
	  Recheck Cond: ((k >= 470817) AND (k <= 470917))
	  ->  Bitmap Index Scan on k_5  (cost=0.00..5.42 rows=98 width=0)
	        Index Cond: ((k >= 470817) AND (k <= 470917))

table 6 : explain SELECT k, c FROM sbtest6 WHERE k BETWEEN 470817 AND 470917
	Bitmap Heap Scan on sbtest6  (cost=5.44..393.74 rows=98 width=125)
	  Recheck Cond: ((k >= 470817) AND (k <= 470917))
	  ->  Bitmap Index Scan on k_6  (cost=0.00..5.42 rows=98 width=0)
	        Index Cond: ((k >= 470817) AND (k <= 470917))

table 7 : explain SELECT k, c FROM sbtest7 WHERE k BETWEEN 470817 AND 470917
	Bitmap Heap Scan on sbtest7  (cost=5.49..413.54 rows=103 width=125)
	  Recheck Cond: ((k >= 470817) AND (k <= 470917))
	  ->  Bitmap Index Scan on k_7  (cost=0.00..5.46 rows=103 width=0)
	        Index Cond: ((k >= 470817) AND (k <= 470917))

table 8 : explain SELECT k, c FROM sbtest8 WHERE k BETWEEN 470817 AND 470917
	Bitmap Heap Scan on sbtest8  (cost=5.49..413.42 rows=103 width=125)
	  Recheck Cond: ((k >= 470817) AND (k <= 470917))
	  ->  Bitmap Index Scan on k_8  (cost=0.00..5.46 rows=103 width=0)
	        Index Cond: ((k >= 470817) AND (k <= 470917))

explain: for range-notcovered :: explain SELECT k, c FROM sbtest%d WHERE k BETWEEN 7185395 AND 7185495
for range-notcovered
table 1 : explain SELECT k, c FROM sbtest1 WHERE k BETWEEN 2861958 AND 2862058
	Bitmap Heap Scan on sbtest1  (cost=5.44..393.76 rows=98 width=125)
	  Recheck Cond: ((k >= 2861958) AND (k <= 2862058))
	  ->  Bitmap Index Scan on k_1  (cost=0.00..5.42 rows=98 width=0)
	        Index Cond: ((k >= 2861958) AND (k <= 2862058))

table 2 : explain SELECT k, c FROM sbtest2 WHERE k BETWEEN 2861958 AND 2862058
	Bitmap Heap Scan on sbtest2  (cost=5.39..373.93 rows=93 width=125)
	  Recheck Cond: ((k >= 2861958) AND (k <= 2862058))
	  ->  Bitmap Index Scan on k_2  (cost=0.00..5.36 rows=93 width=0)
	        Index Cond: ((k >= 2861958) AND (k <= 2862058))

table 3 : explain SELECT k, c FROM sbtest3 WHERE k BETWEEN 2861958 AND 2862058
	Bitmap Heap Scan on sbtest3  (cost=5.46..401.74 rows=100 width=125)
	  Recheck Cond: ((k >= 2861958) AND (k <= 2862058))
	  ->  Bitmap Index Scan on k_3  (cost=0.00..5.43 rows=100 width=0)
	        Index Cond: ((k >= 2861958) AND (k <= 2862058))

table 4 : explain SELECT k, c FROM sbtest4 WHERE k BETWEEN 2861958 AND 2862058
	Bitmap Heap Scan on sbtest4  (cost=5.46..401.74 rows=100 width=125)
	  Recheck Cond: ((k >= 2861958) AND (k <= 2862058))
	  ->  Bitmap Index Scan on k_4  (cost=0.00..5.43 rows=100 width=0)
	        Index Cond: ((k >= 2861958) AND (k <= 2862058))

table 5 : explain SELECT k, c FROM sbtest5 WHERE k BETWEEN 2861958 AND 2862058
	Bitmap Heap Scan on sbtest5  (cost=5.44..393.84 rows=98 width=125)
	  Recheck Cond: ((k >= 2861958) AND (k <= 2862058))
	  ->  Bitmap Index Scan on k_5  (cost=0.00..5.42 rows=98 width=0)
	        Index Cond: ((k >= 2861958) AND (k <= 2862058))

table 6 : explain SELECT k, c FROM sbtest6 WHERE k BETWEEN 2861958 AND 2862058
	Bitmap Heap Scan on sbtest6  (cost=5.46..401.63 rows=100 width=125)
	  Recheck Cond: ((k >= 2861958) AND (k <= 2862058))
	  ->  Bitmap Index Scan on k_6  (cost=0.00..5.43 rows=100 width=0)
	        Index Cond: ((k >= 2861958) AND (k <= 2862058))

table 7 : explain SELECT k, c FROM sbtest7 WHERE k BETWEEN 2861958 AND 2862058
	Bitmap Heap Scan on sbtest7  (cost=5.57..445.09 rows=111 width=125)
	  Recheck Cond: ((k >= 2861958) AND (k <= 2862058))
	  ->  Bitmap Index Scan on k_7  (cost=0.00..5.54 rows=111 width=0)
	        Index Cond: ((k >= 2861958) AND (k <= 2862058))

table 8 : explain SELECT k, c FROM sbtest8 WHERE k BETWEEN 2861958 AND 2862058
	Bitmap Heap Scan on sbtest8  (cost=5.50..417.37 rows=104 width=125)
	  Recheck Cond: ((k >= 2861958) AND (k <= 2862058))
	  ->  Bitmap Index Scan on k_8  (cost=0.00..5.47 rows=104 width=0)
	        Index Cond: ((k >= 2861958) AND (k <= 2862058))

explain: for range-notcovered :: explain SELECT k, c FROM sbtest%d WHERE k BETWEEN 3578842 AND 3578942
for range-notcovered
table 1 : explain SELECT k, c FROM sbtest1 WHERE k BETWEEN 4611842 AND 4611942
	Bitmap Heap Scan on sbtest1  (cost=5.47..405.60 rows=101 width=125)
	  Recheck Cond: ((k >= 4611842) AND (k <= 4611942))
	  ->  Bitmap Index Scan on k_1  (cost=0.00..5.44 rows=101 width=0)
	        Index Cond: ((k >= 4611842) AND (k <= 4611942))

table 2 : explain SELECT k, c FROM sbtest2 WHERE k BETWEEN 4611842 AND 4611942
	Bitmap Heap Scan on sbtest2  (cost=5.54..433.09 rows=108 width=125)
	  Recheck Cond: ((k >= 4611842) AND (k <= 4611942))
	  ->  Bitmap Index Scan on k_2  (cost=0.00..5.51 rows=108 width=0)
	        Index Cond: ((k >= 4611842) AND (k <= 4611942))

table 3 : explain SELECT k, c FROM sbtest3 WHERE k BETWEEN 4611842 AND 4611942
	Bitmap Heap Scan on sbtest3  (cost=5.50..417.52 rows=104 width=125)
	  Recheck Cond: ((k >= 4611842) AND (k <= 4611942))
	  ->  Bitmap Index Scan on k_3  (cost=0.00..5.47 rows=104 width=0)
	        Index Cond: ((k >= 4611842) AND (k <= 4611942))

table 4 : explain SELECT k, c FROM sbtest4 WHERE k BETWEEN 4611842 AND 4611942
	Bitmap Heap Scan on sbtest4  (cost=5.35..358.30 rows=89 width=125)
	  Recheck Cond: ((k >= 4611842) AND (k <= 4611942))
	  ->  Bitmap Index Scan on k_4  (cost=0.00..5.32 rows=89 width=0)
	        Index Cond: ((k >= 4611842) AND (k <= 4611942))

table 5 : explain SELECT k, c FROM sbtest5 WHERE k BETWEEN 4611842 AND 4611942
	Bitmap Heap Scan on sbtest5  (cost=5.48..409.63 rows=102 width=125)
	  Recheck Cond: ((k >= 4611842) AND (k <= 4611942))
	  ->  Bitmap Index Scan on k_5  (cost=0.00..5.45 rows=102 width=0)
	        Index Cond: ((k >= 4611842) AND (k <= 4611942))

table 6 : explain SELECT k, c FROM sbtest6 WHERE k BETWEEN 4611842 AND 4611942
	Bitmap Heap Scan on sbtest6  (cost=5.50..417.41 rows=104 width=125)
	  Recheck Cond: ((k >= 4611842) AND (k <= 4611942))
	  ->  Bitmap Index Scan on k_6  (cost=0.00..5.47 rows=104 width=0)
	        Index Cond: ((k >= 4611842) AND (k <= 4611942))

table 7 : explain SELECT k, c FROM sbtest7 WHERE k BETWEEN 4611842 AND 4611942
	Bitmap Heap Scan on sbtest7  (cost=5.48..409.60 rows=102 width=125)
	  Recheck Cond: ((k >= 4611842) AND (k <= 4611942))
	  ->  Bitmap Index Scan on k_7  (cost=0.00..5.45 rows=102 width=0)
	        Index Cond: ((k >= 4611842) AND (k <= 4611942))

table 8 : explain SELECT k, c FROM sbtest8 WHERE k BETWEEN 4611842 AND 4611942
	Bitmap Heap Scan on sbtest8  (cost=5.62..464.66 rows=116 width=125)
	  Recheck Cond: ((k >= 4611842) AND (k <= 4611942))
	  ->  Bitmap Index Scan on k_8  (cost=0.00..5.59 rows=116 width=0)
	        Index Cond: ((k >= 4611842) AND (k <= 4611942))

for range-notcovered
table 1 : explain SELECT k, c FROM sbtest1 WHERE k BETWEEN 7739913 AND 7740013
	Bitmap Heap Scan on sbtest1  (cost=5.47..405.60 rows=101 width=125)
	  Recheck Cond: ((k >= 7739913) AND (k <= 7740013))
	  ->  Bitmap Index Scan on k_1  (cost=0.00..5.44 rows=101 width=0)
	        Index Cond: ((k >= 7739913) AND (k <= 7740013))

table 2 : explain SELECT k, c FROM sbtest2 WHERE k BETWEEN 7739913 AND 7740013
	Bitmap Heap Scan on sbtest2  (cost=5.48..409.43 rows=102 width=125)
	  Recheck Cond: ((k >= 7739913) AND (k <= 7740013))
	  ->  Bitmap Index Scan on k_2  (cost=0.00..5.45 rows=102 width=0)
	        Index Cond: ((k >= 7739913) AND (k <= 7740013))

table 3 : explain SELECT k, c FROM sbtest3 WHERE k BETWEEN 7739913 AND 7740013
	Bitmap Heap Scan on sbtest3  (cost=5.50..417.52 rows=104 width=125)
	  Recheck Cond: ((k >= 7739913) AND (k <= 7740013))
	  ->  Bitmap Index Scan on k_3  (cost=0.00..5.47 rows=104 width=0)
	        Index Cond: ((k >= 7739913) AND (k <= 7740013))

table 4 : explain SELECT k, c FROM sbtest4 WHERE k BETWEEN 7739913 AND 7740013
	Bitmap Heap Scan on sbtest4  (cost=5.58..449.08 rows=112 width=125)
	  Recheck Cond: ((k >= 7739913) AND (k <= 7740013))
	  ->  Bitmap Index Scan on k_4  (cost=0.00..5.55 rows=112 width=0)
	        Index Cond: ((k >= 7739913) AND (k <= 7740013))

table 5 : explain SELECT k, c FROM sbtest5 WHERE k BETWEEN 7739913 AND 7740013
	Bitmap Heap Scan on sbtest5  (cost=5.47..405.68 rows=101 width=125)
	  Recheck Cond: ((k >= 7739913) AND (k <= 7740013))
	  ->  Bitmap Index Scan on k_5  (cost=0.00..5.44 rows=101 width=0)
	        Index Cond: ((k >= 7739913) AND (k <= 7740013))

table 6 : explain SELECT k, c FROM sbtest6 WHERE k BETWEEN 7739913 AND 7740013
	Bitmap Heap Scan on sbtest6  (cost=5.45..397.69 rows=99 width=125)
	  Recheck Cond: ((k >= 7739913) AND (k <= 7740013))
	  ->  Bitmap Index Scan on k_6  (cost=0.00..5.42 rows=99 width=0)
	        Index Cond: ((k >= 7739913) AND (k <= 7740013))

table 7 : explain SELECT k, c FROM sbtest7 WHERE k BETWEEN 7739913 AND 7740013
	Bitmap Heap Scan on sbtest7  (cost=5.34..354.32 rows=88 width=125)
	  Recheck Cond: ((k >= 7739913) AND (k <= 7740013))
	  ->  Bitmap Index Scan on k_7  (cost=0.00..5.31 rows=88 width=0)
	        Index Cond: ((k >= 7739913) AND (k <= 7740013))

table 8 : explain SELECT k, c FROM sbtest8 WHERE k BETWEEN 7739913 AND 7740013
	Bitmap Heap Scan on sbtest8  (cost=5.46..401.59 rows=100 width=125)
	  Recheck Cond: ((k >= 7739913) AND (k <= 7740013))
	  ->  Bitmap Index Scan on k_8  (cost=0.00..5.43 rows=100 width=0)
	        Index Cond: ((k >= 7739913) AND (k <= 7740013))

explain: for range-notcovered :: explain SELECT k, c FROM sbtest%d WHERE k BETWEEN 470817 AND 470917
explain: for range-notcovered :: explain SELECT k, c FROM sbtest%d WHERE k BETWEEN 2861958 AND 2862058
explain: for range-notcovered :: explain SELECT k, c FROM sbtest%d WHERE k BETWEEN 4611842 AND 4611942for range-notcovered
table 1 : explain SELECT k, c FROM sbtest1 WHERE k BETWEEN 6633405 AND 6633505
	Bitmap Heap Scan on sbtest1  (cost=5.45..397.71 rows=99 width=125)
	  Recheck Cond: ((k >= 6633405) AND (k <= 6633505))
	  ->  Bitmap Index Scan on k_1  (cost=0.00..5.42 rows=99 width=0)
	        Index Cond: ((k >= 6633405) AND (k <= 6633505))

table 2 : explain SELECT k, c FROM sbtest2 WHERE k BETWEEN 6633405 AND 6633505
	Bitmap Heap Scan on sbtest2  (cost=5.48..409.43 rows=102 width=125)
	  Recheck Cond: ((k >= 6633405) AND (k <= 6633505))
	  ->  Bitmap Index Scan on k_2  (cost=0.00..5.45 rows=102 width=0)
	        Index Cond: ((k >= 6633405) AND (k <= 6633505))

table 3 : explain SELECT k, c FROM sbtest3 WHERE k BETWEEN 6633405 AND 6633505
	Bitmap Heap Scan on sbtest3  (cost=5.47..405.68 rows=101 width=125)
	  Recheck Cond: ((k >= 6633405) AND (k <= 6633505))
	  ->  Bitmap Index Scan on k_3  (cost=0.00..5.44 rows=101 width=0)
	        Index Cond: ((k >= 6633405) AND (k <= 6633505))

table 4 : explain SELECT k, c FROM sbtest4 WHERE k BETWEEN 6633405 AND 6633505
	Bitmap Heap Scan on sbtest4  (cost=5.48..409.64 rows=102 width=125)
	  Recheck Cond: ((k >= 6633405) AND (k <= 6633505))
	  ->  Bitmap Index Scan on k_4  (cost=0.00..5.45 rows=102 width=0)
	        Index Cond: ((k >= 6633405) AND (k <= 6633505))

table 5 : explain SELECT k, c FROM sbtest5 WHERE k BETWEEN 6633405 AND 6633505
	Bitmap Heap Scan on sbtest5  (cost=5.40..378.05 rows=94 width=125)
	  Recheck Cond: ((k >= 6633405) AND (k <= 6633505))
	  ->  Bitmap Index Scan on k_5  (cost=0.00..5.38 rows=94 width=0)
	        Index Cond: ((k >= 6633405) AND (k <= 6633505))

table 6 : explain SELECT k, c FROM sbtest6 WHERE k BETWEEN 6633405 AND 6633505
	Bitmap Heap Scan on sbtest6  (cost=5.47..405.58 rows=101 width=125)
	  Recheck Cond: ((k >= 6633405) AND (k <= 6633505))
	  ->  Bitmap Index Scan on k_6  (cost=0.00..5.44 rows=101 width=0)
	        Index Cond: ((k >= 6633405) AND (k <= 6633505))

table 7 : explain SELECT k, c FROM sbtest7 WHERE k BETWEEN 6633405 AND 6633505
	Bitmap Heap Scan on sbtest7  (cost=5.57..445.09 rows=111 width=125)
	  Recheck Cond: ((k >= 6633405) AND (k <= 6633505))
	  ->  Bitmap Index Scan on k_7  (cost=0.00..5.54 rows=111 width=0)
	        Index Cond: ((k >= 6633405) AND (k <= 6633505))

table 8 : explain SELECT k, c FROM sbtest8 WHERE k BETWEEN 6633405 AND 6633505
	Bitmap Heap Scan on sbtest8  (cost=5.46..401.59 rows=100 width=125)
	  Recheck Cond: ((k >= 6633405) AND (k <= 6633505))
	  ->  Bitmap Index Scan on k_8  (cost=0.00..5.43 rows=100 width=0)
	        Index Cond: ((k >= 6633405) AND (k <= 6633505))

explain: for range-notcovered :: explain SELECT k, c FROM sbtest%d WHERE k BETWEEN 7739913 AND 7740013

explain: for range-notcovered :: explain SELECT k, c FROM sbtest%d WHERE k BETWEEN 6633405 AND 6633505
for range-notcovered
table 1 : explain SELECT k, c FROM sbtest1 WHERE k BETWEEN 1473996 AND 1474096
	Bitmap Heap Scan on sbtest1  (cost=5.45..397.71 rows=99 width=125)
	  Recheck Cond: ((k >= 1473996) AND (k <= 1474096))
	  ->  Bitmap Index Scan on k_1  (cost=0.00..5.42 rows=99 width=0)
	        Index Cond: ((k >= 1473996) AND (k <= 1474096))

table 2 : explain SELECT k, c FROM sbtest2 WHERE k BETWEEN 1473996 AND 1474096
	Bitmap Heap Scan on sbtest2  (cost=5.50..417.32 rows=104 width=125)
	  Recheck Cond: ((k >= 1473996) AND (k <= 1474096))
	  ->  Bitmap Index Scan on k_2  (cost=0.00..5.47 rows=104 width=0)
	        Index Cond: ((k >= 1473996) AND (k <= 1474096))

table 3 : explain SELECT k, c FROM sbtest3 WHERE k BETWEEN 1473996 AND 1474096
	Bitmap Heap Scan on sbtest3  (cost=5.62..464.84 rows=116 width=125)
	  Recheck Cond: ((k >= 1473996) AND (k <= 1474096))
	  ->  Bitmap Index Scan on k_3  (cost=0.00..5.59 rows=116 width=0)
	        Index Cond: ((k >= 1473996) AND (k <= 1474096))

table 4 : explain SELECT k, c FROM sbtest4 WHERE k BETWEEN 1473996 AND 1474096
	Bitmap Heap Scan on sbtest4  (cost=5.46..401.74 rows=100 width=125)
	  Recheck Cond: ((k >= 1473996) AND (k <= 1474096))
	  ->  Bitmap Index Scan on k_4  (cost=0.00..5.43 rows=100 width=0)
	        Index Cond: ((k >= 1473996) AND (k <= 1474096))

table 5 : explain SELECT k, c FROM sbtest5 WHERE k BETWEEN 1473996 AND 1474096
	Bitmap Heap Scan on sbtest5  (cost=5.61..460.89 rows=115 width=125)
	  Recheck Cond: ((k >= 1473996) AND (k <= 1474096))
	  ->  Bitmap Index Scan on k_5  (cost=0.00..5.58 rows=115 width=0)
	        Index Cond: ((k >= 1473996) AND (k <= 1474096))

table 6 : explain SELECT k, c FROM sbtest6 WHERE k BETWEEN 1473996 AND 1474096
	Bitmap Heap Scan on sbtest6  (cost=5.50..417.41 rows=104 width=125)
	  Recheck Cond: ((k >= 1473996) AND (k <= 1474096))
	  ->  Bitmap Index Scan on k_6  (cost=0.00..5.47 rows=104 width=0)
	        Index Cond: ((k >= 1473996) AND (k <= 1474096))

table 7 : explain SELECT k, c FROM sbtest7 WHERE k BETWEEN 1473996 AND 1474096
	Bitmap Heap Scan on sbtest7  (cost=5.48..409.60 rows=102 width=125)
	  Recheck Cond: ((k >= 1473996) AND (k <= 1474096))
	  ->  Bitmap Index Scan on k_7  (cost=0.00..5.45 rows=102 width=0)
	        Index Cond: ((k >= 1473996) AND (k <= 1474096))

table 8 : explain SELECT k, c FROM sbtest8 WHERE k BETWEEN 1473996 AND 1474096
	Bitmap Heap Scan on sbtest8  (cost=5.51..421.31 rows=105 width=125)
	  Recheck Cond: ((k >= 1473996) AND (k <= 1474096))
	  ->  Bitmap Index Scan on k_8  (cost=0.00..5.48 rows=105 width=0)
	        Index Cond: ((k >= 1473996) AND (k <= 1474096))

explain: for range-notcovered :: explain SELECT k, c FROM sbtest%d WHERE k BETWEEN 1473996 AND 1474096
for range-notcovered
table 1 : explain SELECT k, c FROM sbtest1 WHERE k BETWEEN 5974180 AND 5974280
	Bitmap Heap Scan on sbtest1  (cost=5.55..437.15 rows=109 width=125)
	  Recheck Cond: ((k >= 5974180) AND (k <= 5974280))
	  ->  Bitmap Index Scan on k_1  (cost=0.00..5.52 rows=109 width=0)
	        Index Cond: ((k >= 5974180) AND (k <= 5974280))

table 2 : explain SELECT k, c FROM sbtest2 WHERE k BETWEEN 5974180 AND 5974280
	Bitmap Heap Scan on sbtest2  (cost=5.48..409.43 rows=102 width=125)
	  Recheck Cond: ((k >= 5974180) AND (k <= 5974280))
	  ->  Bitmap Index Scan on k_2  (cost=0.00..5.45 rows=102 width=0)
	        Index Cond: ((k >= 5974180) AND (k <= 5974280))

table 3 : explain SELECT k, c FROM sbtest3 WHERE k BETWEEN 5974180 AND 5974280
	Bitmap Heap Scan on sbtest3  (cost=5.43..389.89 rows=97 width=125)
	  Recheck Cond: ((k >= 5974180) AND (k <= 5974280))
	  ->  Bitmap Index Scan on k_3  (cost=0.00..5.40 rows=97 width=0)
	        Index Cond: ((k >= 5974180) AND (k <= 5974280))

table 4 : explain SELECT k, c FROM sbtest4 WHERE k BETWEEN 5974180 AND 5974280
	Bitmap Heap Scan on sbtest4  (cost=5.40..378.06 rows=94 width=125)
	  Recheck Cond: ((k >= 5974180) AND (k <= 5974280))
	  ->  Bitmap Index Scan on k_4  (cost=0.00..5.38 rows=94 width=0)
	        Index Cond: ((k >= 5974180) AND (k <= 5974280))

table 5 : explain SELECT k, c FROM sbtest5 WHERE k BETWEEN 5974180 AND 5974280
	Bitmap Heap Scan on sbtest5  (cost=5.36..362.25 rows=90 width=125)
	  Recheck Cond: ((k >= 5974180) AND (k <= 5974280))
	  ->  Bitmap Index Scan on k_5  (cost=0.00..5.33 rows=90 width=0)
	        Index Cond: ((k >= 5974180) AND (k <= 5974280))

table 6 : explain SELECT k, c FROM sbtest6 WHERE k BETWEEN 5974180 AND 5974280
	Bitmap Heap Scan on sbtest6  (cost=5.53..429.24 rows=107 width=125)
	  Recheck Cond: ((k >= 5974180) AND (k <= 5974280))
	  ->  Bitmap Index Scan on k_6  (cost=0.00..5.50 rows=107 width=0)
	        Index Cond: ((k >= 5974180) AND (k <= 5974280))

table 7 : explain SELECT k, c FROM sbtest7 WHERE k BETWEEN 5974180 AND 5974280
	Bitmap Heap Scan on sbtest7  (cost=5.46..401.71 rows=100 width=125)
	  Recheck Cond: ((k >= 5974180) AND (k <= 5974280))
	  ->  Bitmap Index Scan on k_7  (cost=0.00..5.43 rows=100 width=0)
	        Index Cond: ((k >= 5974180) AND (k <= 5974280))

table 8 : explain SELECT k, c FROM sbtest8 WHERE k BETWEEN 5974180 AND 5974280
	Bitmap Heap Scan on sbtest8  (cost=5.48..409.48 rows=102 width=125)
	  Recheck Cond: ((k >= 5974180) AND (k <= 5974280))
	  ->  Bitmap Index Scan on k_8  (cost=0.00..5.45 rows=102 width=0)
	        Index Cond: ((k >= 5974180) AND (k <= 5974280))

explain: for range-notcovered :: explain SELECT k, c FROM sbtest%d WHERE k BETWEEN 5974180 AND 5974280
for range-notcovered
table 1 : explain SELECT k, c FROM sbtest1 WHERE k BETWEEN 5247593 AND 5247693
	Bitmap Heap Scan on sbtest1  (cost=5.49..413.49 rows=103 width=125)
	  Recheck Cond: ((k >= 5247593) AND (k <= 5247693))
	  ->  Bitmap Index Scan on k_1  (cost=0.00..5.46 rows=103 width=0)
	        Index Cond: ((k >= 5247593) AND (k <= 5247693))

table 2 : explain SELECT k, c FROM sbtest2 WHERE k BETWEEN 5247593 AND 5247693
	Bitmap Heap Scan on sbtest2  (cost=5.52..425.20 rows=106 width=125)
	  Recheck Cond: ((k >= 5247593) AND (k <= 5247693))
	  ->  Bitmap Index Scan on k_2  (cost=0.00..5.50 rows=106 width=0)
	        Index Cond: ((k >= 5247593) AND (k <= 5247693))

table 3 : explain SELECT k, c FROM sbtest3 WHERE k BETWEEN 5247593 AND 5247693
	Bitmap Heap Scan on sbtest3  (cost=5.52..425.41 rows=106 width=125)
	  Recheck Cond: ((k >= 5247593) AND (k <= 5247693))
	  ->  Bitmap Index Scan on k_3  (cost=0.00..5.50 rows=106 width=0)
	        Index Cond: ((k >= 5247593) AND (k <= 5247693))

table 4 : explain SELECT k, c FROM sbtest4 WHERE k BETWEEN 5247593 AND 5247693
	Bitmap Heap Scan on sbtest4  (cost=5.50..417.53 rows=104 width=125)
	  Recheck Cond: ((k >= 5247593) AND (k <= 5247693))
	  ->  Bitmap Index Scan on k_4  (cost=0.00..5.47 rows=104 width=0)
	        Index Cond: ((k >= 5247593) AND (k <= 5247693))

table 5 : explain SELECT k, c FROM sbtest5 WHERE k BETWEEN 5247593 AND 5247693
	Bitmap Heap Scan on sbtest5  (cost=5.63..468.78 rows=117 width=125)
	  Recheck Cond: ((k >= 5247593) AND (k <= 5247693))
	  ->  Bitmap Index Scan on k_5  (cost=0.00..5.60 rows=117 width=0)
	        Index Cond: ((k >= 5247593) AND (k <= 5247693))

table 6 : explain SELECT k, c FROM sbtest6 WHERE k BETWEEN 5247593 AND 5247693
	Bitmap Heap Scan on sbtest6  (cost=5.38..370.06 rows=92 width=125)
	  Recheck Cond: ((k >= 5247593) AND (k <= 5247693))
	  ->  Bitmap Index Scan on k_6  (cost=0.00..5.35 rows=92 width=0)
	        Index Cond: ((k >= 5247593) AND (k <= 5247693))

table 7 : explain SELECT k, c FROM sbtest7 WHERE k BETWEEN 5247593 AND 5247693
	Bitmap Heap Scan on sbtest7  (cost=5.50..417.49 rows=104 width=125)
	  Recheck Cond: ((k >= 5247593) AND (k <= 5247693))
	  ->  Bitmap Index Scan on k_7  (cost=0.00..5.47 rows=104 width=0)
	        Index Cond: ((k >= 5247593) AND (k <= 5247693))

table 8 : explain SELECT k, c FROM sbtest8 WHERE k BETWEEN 5247593 AND 5247693
	Bitmap Heap Scan on sbtest8  (cost=5.46..401.59 rows=100 width=125)
	  Recheck Cond: ((k >= 5247593) AND (k <= 5247693))
	  ->  Bitmap Index Scan on k_8  (cost=0.00..5.43 rows=100 width=0)
	        Index Cond: ((k >= 5247593) AND (k <= 5247693))

for range-notcovered
table 1 : explain SELECT k, c FROM sbtest1 WHERE k BETWEEN 7846121 AND 7846221
	Bitmap Heap Scan on sbtest1  (cost=5.46..401.65 rows=100 width=125)
	  Recheck Cond: ((k >= 7846121) AND (k <= 7846221))
	  ->  Bitmap Index Scan on k_1  (cost=0.00..5.43 rows=100 width=0)
	        Index Cond: ((k >= 7846121) AND (k <= 7846221))

table 2 : explain SELECT k, c FROM sbtest2 WHERE k BETWEEN 7846121 AND 7846221
	Bitmap Heap Scan on sbtest2  (cost=5.43..389.71 rows=97 width=125)
	  Recheck Cond: ((k >= 7846121) AND (k <= 7846221))
	  ->  Bitmap Index Scan on k_2  (cost=0.00..5.40 rows=97 width=0)
	        Index Cond: ((k >= 7846121) AND (k <= 7846221))

table 3 : explain SELECT k, c FROM sbtest3 WHERE k BETWEEN 7846121 AND 7846221
	Bitmap Heap Scan on sbtest3  (cost=5.35..358.30 rows=89 width=125)
	  Recheck Cond: ((k >= 7846121) AND (k <= 7846221))
	  ->  Bitmap Index Scan on k_3  (cost=0.00..5.32 rows=89 width=0)
	        Index Cond: ((k >= 7846121) AND (k <= 7846221))

table 4 : explain SELECT k, c FROM sbtest4 WHERE k BETWEEN 7846121 AND 7846221
	Bitmap Heap Scan on sbtest4  (cost=5.52..425.42 rows=106 width=125)
	  Recheck Cond: ((k >= 7846121) AND (k <= 7846221))
	  ->  Bitmap Index Scan on k_4  (cost=0.00..5.50 rows=106 width=0)
	        Index Cond: ((k >= 7846121) AND (k <= 7846221))

table 5 : explain SELECT k, c FROM sbtest5 WHERE k BETWEEN 7846121 AND 7846221
	Bitmap Heap Scan on sbtest5  (cost=5.50..417.52 rows=104 width=125)
	  Recheck Cond: ((k >= 7846121) AND (k <= 7846221))
	  ->  Bitmap Index Scan on k_5  (cost=0.00..5.47 rows=104 width=0)
	        Index Cond: ((k >= 7846121) AND (k <= 7846221))

table 6 : explain SELECT k, c FROM sbtest6 WHERE k BETWEEN 7846121 AND 7846221
	Bitmap Heap Scan on sbtest6  (cost=5.57..445.01 rows=111 width=125)
	  Recheck Cond: ((k >= 7846121) AND (k <= 7846221))
	  ->  Bitmap Index Scan on k_6  (cost=0.00..5.54 rows=111 width=0)
	        Index Cond: ((k >= 7846121) AND (k <= 7846221))

table 7 : explain SELECT k, c FROM sbtest7 WHERE k BETWEEN 7846121 AND 7846221
	Bitmap Heap Scan on sbtest7  (cost=5.38..370.12 rows=92 width=125)
	  Recheck Cond: ((k >= 7846121) AND (k <= 7846221))
	  ->  Bitmap Index Scan on k_7  (cost=0.00..5.35 rows=92 width=0)
	        Index Cond: ((k >= 7846121) AND (k <= 7846221))

table 8 : explain SELECT k, c FROM sbtest8 WHERE k BETWEEN 7846121 AND 7846221
	Bitmap Heap Scan on sbtest8  (cost=5.52..425.25 rows=106 width=125)
	  Recheck Cond: ((k >= 7846121) AND (k <= 7846221))
	  ->  Bitmap Index Scan on k_8  (cost=0.00..5.50 rows=106 width=0)
	        Index Cond: ((k >= 7846121) AND (k <= 7846221))

explain: for range-notcovered :: explain SELECT k, c FROM sbtest%d WHERE k BETWEEN 5247593 AND 5247693
for range-notcovered
table 1 : explain SELECT k, c FROM sbtest1 WHERE k BETWEEN 6071438 AND 6071538
	Bitmap Heap Scan on sbtest1  (cost=5.60..456.86 rows=114 width=125)
	  Recheck Cond: ((k >= 6071438) AND (k <= 6071538))
	  ->  Bitmap Index Scan on k_1  (cost=0.00..5.58 rows=114 width=0)
	        Index Cond: ((k >= 6071438) AND (k <= 6071538))

table 2 : explain SELECT k, c FROM sbtest2 WHERE k BETWEEN 6071438 AND 6071538
	Bitmap Heap Scan on sbtest2  (cost=5.40..377.88 rows=94 width=125)
	  Recheck Cond: ((k >= 6071438) AND (k <= 6071538))
	  ->  Bitmap Index Scan on k_2  (cost=0.00..5.38 rows=94 width=0)
	        Index Cond: ((k >= 6071438) AND (k <= 6071538))

table 3 : explain SELECT k, c FROM sbtest3 WHERE k BETWEEN 6071438 AND 6071538
	Bitmap Heap Scan on sbtest3  (cost=5.39..374.10 rows=93 width=125)
	  Recheck Cond: ((k >= 6071438) AND (k <= 6071538))
	  ->  Bitmap Index Scan on k_3  (cost=0.00..5.36 rows=93 width=0)
	        Index Cond: ((k >= 6071438) AND (k <= 6071538))

table 4 : explain SELECT k, c FROM sbtest4 WHERE k BETWEEN 6071438 AND 6071538
	Bitmap Heap Scan on sbtest4  (cost=5.48..409.64 rows=102 width=125)
	  Recheck Cond: ((k >= 6071438) AND (k <= 6071538))
	  ->  Bitmap Index Scan on k_4  (cost=0.00..5.45 rows=102 width=0)
	        Index Cond: ((k >= 6071438) AND (k <= 6071538))

table 5 : explain SELECT k, c FROM sbtest5 WHERE k BETWEEN 6071438 AND 6071538
	Bitmap Heap Scan on sbtest5  (cost=5.42..385.94 rows=96 width=125)
	  Recheck Cond: ((k >= 6071438) AND (k <= 6071538))
	  ->  Bitmap Index Scan on k_5  (cost=0.00..5.39 rows=96 width=0)
	        Index Cond: ((k >= 6071438) AND (k <= 6071538))

table 6 : explain SELECT k, c FROM sbtest6 WHERE k BETWEEN 6071438 AND 6071538
	Bitmap Heap Scan on sbtest6  (cost=5.50..417.41 rows=104 width=125)
	  Recheck Cond: ((k >= 6071438) AND (k <= 6071538))
	  ->  Bitmap Index Scan on k_6  (cost=0.00..5.47 rows=104 width=0)
	        Index Cond: ((k >= 6071438) AND (k <= 6071538))

table 7 : explain SELECT k, c FROM sbtest7 WHERE k BETWEEN 6071438 AND 6071538
	Bitmap Heap Scan on sbtest7  (cost=5.62..464.80 rows=116 width=125)
	  Recheck Cond: ((k >= 6071438) AND (k <= 6071538))
	  ->  Bitmap Index Scan on k_7  (cost=0.00..5.59 rows=116 width=0)
	        Index Cond: ((k >= 6071438) AND (k <= 6071538))

table 8 : explain SELECT k, c FROM sbtest8 WHERE k BETWEEN 6071438 AND 6071538
	Bitmap Heap Scan on sbtest8  (cost=5.38..370.02 rows=92 width=125)
	  Recheck Cond: ((k >= 6071438) AND (k <= 6071538))
	  ->  Bitmap Index Scan on k_8  (cost=0.00..5.35 rows=92 width=0)
	        Index Cond: ((k >= 6071438) AND (k <= 6071538))

for range-notcovered
table 1 : explain SELECT k, c FROM sbtest1 WHERE k BETWEEN 5361468 AND 5361568
	Bitmap Heap Scan on sbtest1  (cost=5.41..381.92 rows=95 width=125)
	  Recheck Cond: ((k >= 5361468) AND (k <= 5361568))
	  ->  Bitmap Index Scan on k_1  (cost=0.00..5.38 rows=95 width=0)
	        Index Cond: ((k >= 5361468) AND (k <= 5361568))

table 2 : explain SELECT k, c FROM sbtest2 WHERE k BETWEEN 5361468 AND 5361568
	Bitmap Heap Scan on sbtest2  (cost=5.44..393.66 rows=98 width=125)
	  Recheck Cond: ((k >= 5361468) AND (k <= 5361568))
	  ->  Bitmap Index Scan on k_2  (cost=0.00..5.42 rows=98 width=0)
	        Index Cond: ((k >= 5361468) AND (k <= 5361568))

table 3 : explain SELECT k, c FROM sbtest3 WHERE k BETWEEN 5361468 AND 5361568
	Bitmap Heap Scan on sbtest3  (cost=5.51..421.47 rows=105 width=125)
	  Recheck Cond: ((k >= 5361468) AND (k <= 5361568))
	  ->  Bitmap Index Scan on k_3  (cost=0.00..5.48 rows=105 width=0)
	        Index Cond: ((k >= 5361468) AND (k <= 5361568))

table 4 : explain SELECT k, c FROM sbtest4 WHERE k BETWEEN 5361468 AND 5361568
	Bitmap Heap Scan on sbtest4  (cost=5.42..385.95 rows=96 width=125)
	  Recheck Cond: ((k >= 5361468) AND (k <= 5361568))
	  ->  Bitmap Index Scan on k_4  (cost=0.00..5.39 rows=96 width=0)
	        Index Cond: ((k >= 5361468) AND (k <= 5361568))

table 5 : explain SELECT k, c FROM sbtest5 WHERE k BETWEEN 5361468 AND 5361568
	Bitmap Heap Scan on sbtest5  (cost=5.43..389.89 rows=97 width=125)
	  Recheck Cond: ((k >= 5361468) AND (k <= 5361568))
	  ->  Bitmap Index Scan on k_5  (cost=0.00..5.40 rows=97 width=0)
	        Index Cond: ((k >= 5361468) AND (k <= 5361568))

table 6 : explain SELECT k, c FROM sbtest6 WHERE k BETWEEN 5361468 AND 5361568
	Bitmap Heap Scan on sbtest6  (cost=5.44..393.74 rows=98 width=125)
	  Recheck Cond: ((k >= 5361468) AND (k <= 5361568))
	  ->  Bitmap Index Scan on k_6  (cost=0.00..5.42 rows=98 width=0)
	        Index Cond: ((k >= 5361468) AND (k <= 5361568))

table 7 : explain SELECT k, c FROM sbtest7 WHERE k BETWEEN 5361468 AND 5361568
	Bitmap Heap Scan on sbtest7  (cost=5.51..421.43 rows=105 width=125)
	  Recheck Cond: ((k >= 5361468) AND (k <= 5361568))
	  ->  Bitmap Index Scan on k_7  (cost=0.00..5.48 rows=105 width=0)
	        Index Cond: ((k >= 5361468) AND (k <= 5361568))

table 8 : explain SELECT k, c FROM sbtest8 WHERE k BETWEEN 5361468 AND 5361568
	Bitmap Heap Scan on sbtest8  (cost=5.48..409.48 rows=102 width=125)
	  Recheck Cond: ((k >= 5361468) AND (k <= 5361568))
	  ->  Bitmap Index Scan on k_8  (cost=0.00..5.45 rows=102 width=0)
	        Index Cond: ((k >= 5361468) AND (k <= 5361568))

explain: for range-notcovered :: explain SELECT k, c FROM sbtest%d WHERE k BETWEEN 7846121 AND 7846221
explain: for range-notcovered :: explain SELECT k, c FROM sbtest%d WHERE k BETWEEN 6071438 AND 6071538
for range-notcovered
table 1 : explain SELECT k, c FROM sbtest1 WHERE k BETWEEN 2861958 AND 2862058
	Bitmap Heap Scan on sbtest1  (cost=5.44..393.76 rows=98 width=125)
	  Recheck Cond: ((k >= 2861958) AND (k <= 2862058))
	  ->  Bitmap Index Scan on k_1  (cost=0.00..5.42 rows=98 width=0)
	        Index Cond: ((k >= 2861958) AND (k <= 2862058))

table 2 : explain SELECT k, c FROM sbtest2 WHERE k BETWEEN 2861958 AND 2862058
	Bitmap Heap Scan on sbtest2  (cost=5.39..373.93 rows=93 width=125)
	  Recheck Cond: ((k >= 2861958) AND (k <= 2862058))
	  ->  Bitmap Index Scan on k_2  (cost=0.00..5.36 rows=93 width=0)
	        Index Cond: ((k >= 2861958) AND (k <= 2862058))

table 3 : explain SELECT k, c FROM sbtest3 WHERE k BETWEEN 2861958 AND 2862058
	Bitmap Heap Scan on sbtest3  (cost=5.46..401.74 rows=100 width=125)
	  Recheck Cond: ((k >= 2861958) AND (k <= 2862058))
	  ->  Bitmap Index Scan on k_3  (cost=0.00..5.43 rows=100 width=0)
	        Index Cond: ((k >= 2861958) AND (k <= 2862058))

table 4 : explain SELECT k, c FROM sbtest4 WHERE k BETWEEN 2861958 AND 2862058
	Bitmap Heap Scan on sbtest4  (cost=5.46..401.74 rows=100 width=125)
	  Recheck Cond: ((k >= 2861958) AND (k <= 2862058))
	  ->  Bitmap Index Scan on k_4  (cost=0.00..5.43 rows=100 width=0)
	        Index Cond: ((k >= 2861958) AND (k <= 2862058))

table 5 : explain SELECT k, c FROM sbtest5 WHERE k BETWEEN 2861958 AND 2862058
	Bitmap Heap Scan on sbtest5  (cost=5.44..393.84 rows=98 width=125)
	  Recheck Cond: ((k >= 2861958) AND (k <= 2862058))
	  ->  Bitmap Index Scan on k_5  (cost=0.00..5.42 rows=98 width=0)
	        Index Cond: ((k >= 2861958) AND (k <= 2862058))

table 6 : explain SELECT k, c FROM sbtest6 WHERE k BETWEEN 2861958 AND 2862058
	Bitmap Heap Scan on sbtest6  (cost=5.46..401.63 rows=100 width=125)
	  Recheck Cond: ((k >= 2861958) AND (k <= 2862058))
	  ->  Bitmap Index Scan on k_6  (cost=0.00..5.43 rows=100 width=0)
	        Index Cond: ((k >= 2861958) AND (k <= 2862058))

table 7 : explain SELECT k, c FROM sbtest7 WHERE k BETWEEN 2861958 AND 2862058
	Bitmap Heap Scan on sbtest7  (cost=5.57..445.09 rows=111 width=125)
	  Recheck Cond: ((k >= 2861958) AND (k <= 2862058))
	  ->  Bitmap Index Scan on k_7  (cost=0.00..5.54 rows=111 width=0)
	        Index Cond: ((k >= 2861958) AND (k <= 2862058))

table 8 : explain SELECT k, c FROM sbtest8 WHERE k BETWEEN 2861958 AND 2862058
	Bitmap Heap Scan on sbtest8  (cost=5.50..417.37 rows=104 width=125)
	  Recheck Cond: ((k >= 2861958) AND (k <= 2862058))
	  ->  Bitmap Index Scan on k_8  (cost=0.00..5.47 rows=104 width=0)
	        Index Cond: ((k >= 2861958) AND (k <= 2862058))

for range-notcovered
table 1 : explain SELECT k, c FROM sbtest1 WHERE k BETWEEN 7185395 AND 7185495
	Bitmap Heap Scan on sbtest1  (cost=5.39..374.03 rows=93 width=125)
	  Recheck Cond: ((k >= 7185395) AND (k <= 7185495))
	  ->  Bitmap Index Scan on k_1  (cost=0.00..5.36 rows=93 width=0)
	        Index Cond: ((k >= 7185395) AND (k <= 7185495))

table 2 : explain SELECT k, c FROM sbtest2 WHERE k BETWEEN 7185395 AND 7185495
	Bitmap Heap Scan on sbtest2  (cost=5.43..389.71 rows=97 width=125)
	  Recheck Cond: ((k >= 7185395) AND (k <= 7185495))
	  ->  Bitmap Index Scan on k_2  (cost=0.00..5.40 rows=97 width=0)
	        Index Cond: ((k >= 7185395) AND (k <= 7185495))

table 3 : explain SELECT k, c FROM sbtest3 WHERE k BETWEEN 7185395 AND 7185495
	Bitmap Heap Scan on sbtest3  (cost=5.47..405.68 rows=101 width=125)
	  Recheck Cond: ((k >= 7185395) AND (k <= 7185495))
	  ->  Bitmap Index Scan on k_3  (cost=0.00..5.44 rows=101 width=0)
	        Index Cond: ((k >= 7185395) AND (k <= 7185495))

table 4 : explain SELECT k, c FROM sbtest4 WHERE k BETWEEN 7185395 AND 7185495
	Bitmap Heap Scan on sbtest4  (cost=5.41..382.00 rows=95 width=125)
	  Recheck Cond: ((k >= 7185395) AND (k <= 7185495))
	  ->  Bitmap Index Scan on k_4  (cost=0.00..5.38 rows=95 width=0)
	        Index Cond: ((k >= 7185395) AND (k <= 7185495))

table 5 : explain SELECT k, c FROM sbtest5 WHERE k BETWEEN 7185395 AND 7185495
	Bitmap Heap Scan on sbtest5  (cost=5.47..405.68 rows=101 width=125)
	  Recheck Cond: ((k >= 7185395) AND (k <= 7185495))
	  ->  Bitmap Index Scan on k_5  (cost=0.00..5.44 rows=101 width=0)
	        Index Cond: ((k >= 7185395) AND (k <= 7185495))

table 6 : explain SELECT k, c FROM sbtest6 WHERE k BETWEEN 7185395 AND 7185495
	Bitmap Heap Scan on sbtest6  (cost=5.55..437.12 rows=109 width=125)
	  Recheck Cond: ((k >= 7185395) AND (k <= 7185495))
	  ->  Bitmap Index Scan on k_6  (cost=0.00..5.52 rows=109 width=0)
	        Index Cond: ((k >= 7185395) AND (k <= 7185495))

table 7 : explain SELECT k, c FROM sbtest7 WHERE k BETWEEN 7185395 AND 7185495
	Bitmap Heap Scan on sbtest7  (cost=5.46..401.71 rows=100 width=125)
	  Recheck Cond: ((k >= 7185395) AND (k <= 7185495))
	  ->  Bitmap Index Scan on k_7  (cost=0.00..5.43 rows=100 width=0)
	        Index Cond: ((k >= 7185395) AND (k <= 7185495))

table 8 : explain SELECT k, c FROM sbtest8 WHERE k BETWEEN 7185395 AND 7185495
	Bitmap Heap Scan on sbtest8  (cost=5.45..397.65 rows=99 width=125)
	  Recheck Cond: ((k >= 7185395) AND (k <= 7185495))
	  ->  Bitmap Index Scan on k_8  (cost=0.00..5.42 rows=99 width=0)
	        Index Cond: ((k >= 7185395) AND (k <= 7185495))

explain: for range-notcovered :: explain SELECT k, c FROM sbtest%d WHERE k BETWEEN 5361468 AND 5361568
for range-notcovered
table 1 : explain SELECT k, c FROM sbtest1 WHERE k BETWEEN 3578842 AND 3578942
	Bitmap Heap Scan on sbtest1  (cost=5.50..417.43 rows=104 width=125)
	  Recheck Cond: ((k >= 3578842) AND (k <= 3578942))
	  ->  Bitmap Index Scan on k_1  (cost=0.00..5.47 rows=104 width=0)
	        Index Cond: ((k >= 3578842) AND (k <= 3578942))

table 2 : explain SELECT k, c FROM sbtest2 WHERE k BETWEEN 3578842 AND 3578942
	Bitmap Heap Scan on sbtest2  (cost=5.48..409.43 rows=102 width=125)
	  Recheck Cond: ((k >= 3578842) AND (k <= 3578942))
	  ->  Bitmap Index Scan on k_2  (cost=0.00..5.45 rows=102 width=0)
	        Index Cond: ((k >= 3578842) AND (k <= 3578942))

table 3 : explain SELECT k, c FROM sbtest3 WHERE k BETWEEN 3578842 AND 3578942
	Bitmap Heap Scan on sbtest3  (cost=5.56..441.19 rows=110 width=125)
	  Recheck Cond: ((k >= 3578842) AND (k <= 3578942))
	  ->  Bitmap Index Scan on k_3  (cost=0.00..5.53 rows=110 width=0)
	        Index Cond: ((k >= 3578842) AND (k <= 3578942))

table 4 : explain SELECT k, c FROM sbtest4 WHERE k BETWEEN 3578842 AND 3578942
	Bitmap Heap Scan on sbtest4  (cost=5.48..409.64 rows=102 width=125)
	  Recheck Cond: ((k >= 3578842) AND (k <= 3578942))
	  ->  Bitmap Index Scan on k_4  (cost=0.00..5.45 rows=102 width=0)
	        Index Cond: ((k >= 3578842) AND (k <= 3578942))

table 5 : explain SELECT k, c FROM sbtest5 WHERE k BETWEEN 3578842 AND 3578942
	Bitmap Heap Scan on sbtest5  (cost=5.45..397.79 rows=99 width=125)
	  Recheck Cond: ((k >= 3578842) AND (k <= 3578942))
	  ->  Bitmap Index Scan on k_5  (cost=0.00..5.42 rows=99 width=0)
	        Index Cond: ((k >= 3578842) AND (k <= 3578942))

table 6 : explain SELECT k, c FROM sbtest6 WHERE k BETWEEN 3578842 AND 3578942
	Bitmap Heap Scan on sbtest6  (cost=5.53..429.24 rows=107 width=125)
	  Recheck Cond: ((k >= 3578842) AND (k <= 3578942))
	  ->  Bitmap Index Scan on k_6  (cost=0.00..5.50 rows=107 width=0)
	        Index Cond: ((k >= 3578842) AND (k <= 3578942))

table 7 : explain SELECT k, c FROM sbtest7 WHERE k BETWEEN 3578842 AND 3578942
	Bitmap Heap Scan on sbtest7  (cost=5.49..413.54 rows=103 width=125)
	  Recheck Cond: ((k >= 3578842) AND (k <= 3578942))
	  ->  Bitmap Index Scan on k_7  (cost=0.00..5.46 rows=103 width=0)
	        Index Cond: ((k >= 3578842) AND (k <= 3578942))

table 8 : explain SELECT k, c FROM sbtest8 WHERE k BETWEEN 3578842 AND 3578942
	Bitmap Heap Scan on sbtest8  (cost=5.58..448.90 rows=112 width=125)
	  Recheck Cond: ((k >= 3578842) AND (k <= 3578942))
	  ->  Bitmap Index Scan on k_8  (cost=0.00..5.55 rows=112 width=0)
	        Index Cond: ((k >= 3578842) AND (k <= 3578942))

for range-notcovered
table 1 : explain SELECT k, c FROM sbtest1 WHERE k BETWEEN 1147091 AND 1147191
	Bitmap Heap Scan on sbtest1  (cost=5.47..405.60 rows=101 width=125)
	  Recheck Cond: ((k >= 1147091) AND (k <= 1147191))
	  ->  Bitmap Index Scan on k_1  (cost=0.00..5.44 rows=101 width=0)
	        Index Cond: ((k >= 1147091) AND (k <= 1147191))

table 2 : explain SELECT k, c FROM sbtest2 WHERE k BETWEEN 1147091 AND 1147191
	Bitmap Heap Scan on sbtest2  (cost=5.44..393.66 rows=98 width=125)
	  Recheck Cond: ((k >= 1147091) AND (k <= 1147191))
	  ->  Bitmap Index Scan on k_2  (cost=0.00..5.42 rows=98 width=0)
	        Index Cond: ((k >= 1147091) AND (k <= 1147191))

table 3 : explain SELECT k, c FROM sbtest3 WHERE k BETWEEN 1147091 AND 1147191
	Bitmap Heap Scan on sbtest3  (cost=5.49..413.57 rows=103 width=125)
	  Recheck Cond: ((k >= 1147091) AND (k <= 1147191))
	  ->  Bitmap Index Scan on k_3  (cost=0.00..5.46 rows=103 width=0)
	        Index Cond: ((k >= 1147091) AND (k <= 1147191))

table 4 : explain SELECT k, c FROM sbtest4 WHERE k BETWEEN 1147091 AND 1147191
	Bitmap Heap Scan on sbtest4  (cost=5.61..460.91 rows=115 width=125)
	  Recheck Cond: ((k >= 1147091) AND (k <= 1147191))
	  ->  Bitmap Index Scan on k_4  (cost=0.00..5.58 rows=115 width=0)
	        Index Cond: ((k >= 1147091) AND (k <= 1147191))

table 5 : explain SELECT k, c FROM sbtest5 WHERE k BETWEEN 1147091 AND 1147191
	Bitmap Heap Scan on sbtest5  (cost=5.54..433.30 rows=108 width=125)
	  Recheck Cond: ((k >= 1147091) AND (k <= 1147191))
	  ->  Bitmap Index Scan on k_5  (cost=0.00..5.51 rows=108 width=0)
	        Index Cond: ((k >= 1147091) AND (k <= 1147191))

table 6 : explain SELECT k, c FROM sbtest6 WHERE k BETWEEN 1147091 AND 1147191
	Bitmap Heap Scan on sbtest6  (cost=5.51..421.35 rows=105 width=125)
	  Recheck Cond: ((k >= 1147091) AND (k <= 1147191))
	  ->  Bitmap Index Scan on k_6  (cost=0.00..5.48 rows=105 width=0)
	        Index Cond: ((k >= 1147091) AND (k <= 1147191))

table 7 : explain SELECT k, c FROM sbtest7 WHERE k BETWEEN 1147091 AND 1147191
	Bitmap Heap Scan on sbtest7  (cost=5.43..389.86 rows=97 width=125)
	  Recheck Cond: ((k >= 1147091) AND (k <= 1147191))
	  ->  Bitmap Index Scan on k_7  (cost=0.00..5.40 rows=97 width=0)
	        Index Cond: ((k >= 1147091) AND (k <= 1147191))

table 8 : explain SELECT k, c FROM sbtest8 WHERE k BETWEEN 1147091 AND 1147191
	Bitmap Heap Scan on sbtest8  (cost=5.46..401.59 rows=100 width=125)
	  Recheck Cond: ((k >= 1147091) AND (k <= 1147191))
	  ->  Bitmap Index Scan on k_8  (cost=0.00..5.43 rows=100 width=0)
	        Index Cond: ((k >= 1147091) AND (k <= 1147191))

for range-notcovered
table 1 : explain SELECT k, c FROM sbtest1 WHERE k BETWEEN 4611842 AND 4611942
	Bitmap Heap Scan on sbtest1  (cost=5.47..405.60 rows=101 width=125)
	  Recheck Cond: ((k >= 4611842) AND (k <= 4611942))
	  ->  Bitmap Index Scan on k_1  (cost=0.00..5.44 rows=101 width=0)
	        Index Cond: ((k >= 4611842) AND (k <= 4611942))

table 2 : explain SELECT k, c FROM sbtest2 WHERE k BETWEEN 4611842 AND 4611942
	Bitmap Heap Scan on sbtest2  (cost=5.54..433.09 rows=108 width=125)
	  Recheck Cond: ((k >= 4611842) AND (k <= 4611942))
	  ->  Bitmap Index Scan on k_2  (cost=0.00..5.51 rows=108 width=0)
	        Index Cond: ((k >= 4611842) AND (k <= 4611942))

table 3 : explain SELECT k, c FROM sbtest3 WHERE k BETWEEN 4611842 AND 4611942
	Bitmap Heap Scan on sbtest3  (cost=5.50..417.52 rows=104 width=125)
	  Recheck Cond: ((k >= 4611842) AND (k <= 4611942))
	  ->  Bitmap Index Scan on k_3  (cost=0.00..5.47 rows=104 width=0)
	        Index Cond: ((k >= 4611842) AND (k <= 4611942))

table 4 : explain SELECT k, c FROM sbtest4 WHERE k BETWEEN 4611842 AND 4611942
	Bitmap Heap Scan on sbtest4  (cost=5.35..358.30 rows=89 width=125)
	  Recheck Cond: ((k >= 4611842) AND (k <= 4611942))
	  ->  Bitmap Index Scan on k_4  (cost=0.00..5.32 rows=89 width=0)
	        Index Cond: ((k >= 4611842) AND (k <= 4611942))

table 5 : explain SELECT k, c FROM sbtest5 WHERE k BETWEEN 4611842 AND 4611942
	Bitmap Heap Scan on sbtest5  (cost=5.48..409.63 rows=102 width=125)
	  Recheck Cond: ((k >= 4611842) AND (k <= 4611942))
	  ->  Bitmap Index Scan on k_5  (cost=0.00..5.45 rows=102 width=0)
	        Index Cond: ((k >= 4611842) AND (k <= 4611942))

table 6 : explain SELECT k, c FROM sbtest6 WHERE k BETWEEN 4611842 AND 4611942
	Bitmap Heap Scan on sbtest6  (cost=5.50..417.41 rows=104 width=125)
	  Recheck Cond: ((k >= 4611842) AND (k <= 4611942))
	  ->  Bitmap Index Scan on k_6  (cost=0.00..5.47 rows=104 width=0)
	        Index Cond: ((k >= 4611842) AND (k <= 4611942))

table 7 : explain SELECT k, c FROM sbtest7 WHERE k BETWEEN 4611842 AND 4611942
	Bitmap Heap Scan on sbtest7  (cost=5.48..409.60 rows=102 width=125)
	  Recheck Cond: ((k >= 4611842) AND (k <= 4611942))
	  ->  Bitmap Index Scan on k_7  (cost=0.00..5.45 rows=102 width=0)
	        Index Cond: ((k >= 4611842) AND (k <= 4611942))

table 8 : explain SELECT k, c FROM sbtest8 WHERE k BETWEEN 4611842 AND 4611942
	Bitmap Heap Scan on sbtest8  (cost=5.62..464.66 rows=116 width=125)
	  Recheck Cond: ((k >= 4611842) AND (k <= 4611942))
	  ->  Bitmap Index Scan on k_8  (cost=0.00..5.59 rows=116 width=0)
	        Index Cond: ((k >= 4611842) AND (k <= 4611942))
explain: for range-notcovered :: explain SELECT k, c FROM sbtest%d WHERE k BETWEEN 7185395 AND 7185495for range-notcovered
table 1 : explain SELECT k, c FROM sbtest1 WHERE k BETWEEN 7739913 AND 7740013
	Bitmap Heap Scan on sbtest1  (cost=5.47..405.60 rows=101 width=125)
	  Recheck Cond: ((k >= 7739913) AND (k <= 7740013))
	  ->  Bitmap Index Scan on k_1  (cost=0.00..5.44 rows=101 width=0)
	        Index Cond: ((k >= 7739913) AND (k <= 7740013))

table 2 : explain SELECT k, c FROM sbtest2 WHERE k BETWEEN 7739913 AND 7740013
	Bitmap Heap Scan on sbtest2  (cost=5.48..409.43 rows=102 width=125)
	  Recheck Cond: ((k >= 7739913) AND (k <= 7740013))
	  ->  Bitmap Index Scan on k_2  (cost=0.00..5.45 rows=102 width=0)
	        Index Cond: ((k >= 7739913) AND (k <= 7740013))

table 3 : explain SELECT k, c FROM sbtest3 WHERE k BETWEEN 7739913 AND 7740013
	Bitmap Heap Scan on sbtest3  (cost=5.50..417.52 rows=104 width=125)
	  Recheck Cond: ((k >= 7739913) AND (k <= 7740013))
	  ->  Bitmap Index Scan on k_3  (cost=0.00..5.47 rows=104 width=0)
	        Index Cond: ((k >= 7739913) AND (k <= 7740013))

table 4 : explain SELECT k, c FROM sbtest4 WHERE k BETWEEN 7739913 AND 7740013
	Bitmap Heap Scan on sbtest4  (cost=5.58..449.08 rows=112 width=125)
	  Recheck Cond: ((k >= 7739913) AND (k <= 7740013))
	  ->  Bitmap Index Scan on k_4  (cost=0.00..5.55 rows=112 width=0)
	        Index Cond: ((k >= 7739913) AND (k <= 7740013))

table 5 : explain SELECT k, c FROM sbtest5 WHERE k BETWEEN 7739913 AND 7740013
	Bitmap Heap Scan on sbtest5  (cost=5.47..405.68 rows=101 width=125)
	  Recheck Cond: ((k >= 7739913) AND (k <= 7740013))
	  ->  Bitmap Index Scan on k_5  (cost=0.00..5.44 rows=101 width=0)
	        Index Cond: ((k >= 7739913) AND (k <= 7740013))

table 6 : explain SELECT k, c FROM sbtest6 WHERE k BETWEEN 7739913 AND 7740013
	Bitmap Heap Scan on sbtest6  (cost=5.45..397.69 rows=99 width=125)
	  Recheck Cond: ((k >= 7739913) AND (k <= 7740013))
	  ->  Bitmap Index Scan on k_6  (cost=0.00..5.42 rows=99 width=0)
	        Index Cond: ((k >= 7739913) AND (k <= 7740013))

table 7 : explain SELECT k, c FROM sbtest7 WHERE k BETWEEN 7739913 AND 7740013
	Bitmap Heap Scan on sbtest7  (cost=5.34..354.32 rows=88 width=125)
	  Recheck Cond: ((k >= 7739913) AND (k <= 7740013))
	  ->  Bitmap Index Scan on k_7  (cost=0.00..5.31 rows=88 width=0)
	        Index Cond: ((k >= 7739913) AND (k <= 7740013))

table 8 : explain SELECT k, c FROM sbtest8 WHERE k BETWEEN 7739913 AND 7740013
	Bitmap Heap Scan on sbtest8  (cost=5.46..401.59 rows=100 width=125)
	  Recheck Cond: ((k >= 7739913) AND (k <= 7740013))
	  ->  Bitmap Index Scan on k_8  (cost=0.00..5.43 rows=100 width=0)
	        Index Cond: ((k >= 7739913) AND (k <= 7740013))

for range-notcovered
table 1 : explain SELECT k, c FROM sbtest1 WHERE k BETWEEN 6633405 AND 6633505
	Bitmap Heap Scan on sbtest1  (cost=5.45..397.71 rows=99 width=125)
	  Recheck Cond: ((k >= 6633405) AND (k <= 6633505))
	  ->  Bitmap Index Scan on k_1  (cost=0.00..5.42 rows=99 width=0)
	        Index Cond: ((k >= 6633405) AND (k <= 6633505))

table 2 : explain SELECT k, c FROM sbtest2 WHERE k BETWEEN 6633405 AND 6633505
	Bitmap Heap Scan on sbtest2  (cost=5.48..409.43 rows=102 width=125)
	  Recheck Cond: ((k >= 6633405) AND (k <= 6633505))
	  ->  Bitmap Index Scan on k_2  (cost=0.00..5.45 rows=102 width=0)
	        Index Cond: ((k >= 6633405) AND (k <= 6633505))

table 3 : explain SELECT k, c FROM sbtest3 WHERE k BETWEEN 6633405 AND 6633505
	Bitmap Heap Scan on sbtest3  (cost=5.47..405.68 rows=101 width=125)
	  Recheck Cond: ((k >= 6633405) AND (k <= 6633505))
	  ->  Bitmap Index Scan on k_3  (cost=0.00..5.44 rows=101 width=0)
	        Index Cond: ((k >= 6633405) AND (k <= 6633505))

table 4 : explain SELECT k, c FROM sbtest4 WHERE k BETWEEN 6633405 AND 6633505
	Bitmap Heap Scan on sbtest4  (cost=5.48..409.64 rows=102 width=125)
	  Recheck Cond: ((k >= 6633405) AND (k <= 6633505))
	  ->  Bitmap Index Scan on k_4  (cost=0.00..5.45 rows=102 width=0)
	        Index Cond: ((k >= 6633405) AND (k <= 6633505))

table 5 : explain SELECT k, c FROM sbtest5 WHERE k BETWEEN 6633405 AND 6633505
	Bitmap Heap Scan on sbtest5  (cost=5.40..378.05 rows=94 width=125)
	  Recheck Cond: ((k >= 6633405) AND (k <= 6633505))
	  ->  Bitmap Index Scan on k_5  (cost=0.00..5.38 rows=94 width=0)
	        Index Cond: ((k >= 6633405) AND (k <= 6633505))

table 6 : explain SELECT k, c FROM sbtest6 WHERE k BETWEEN 6633405 AND 6633505
	Bitmap Heap Scan on sbtest6  (cost=5.47..405.58 rows=101 width=125)
	  Recheck Cond: ((k >= 6633405) AND (k <= 6633505))
	  ->  Bitmap Index Scan on k_6  (cost=0.00..5.44 rows=101 width=0)
	        Index Cond: ((k >= 6633405) AND (k <= 6633505))

table 7 : explain SELECT k, c FROM sbtest7 WHERE k BETWEEN 6633405 AND 6633505
	Bitmap Heap Scan on sbtest7  (cost=5.57..445.09 rows=111 width=125)
	  Recheck Cond: ((k >= 6633405) AND (k <= 6633505))
	  ->  Bitmap Index Scan on k_7  (cost=0.00..5.54 rows=111 width=0)
	        Index Cond: ((k >= 6633405) AND (k <= 6633505))

table 8 : explain SELECT k, c FROM sbtest8 WHERE k BETWEEN 6633405 AND 6633505
	Bitmap Heap Scan on sbtest8  (cost=5.46..401.59 rows=100 width=125)
	  Recheck Cond: ((k >= 6633405) AND (k <= 6633505))
	  ->  Bitmap Index Scan on k_8  (cost=0.00..5.43 rows=100 width=0)
	        Index Cond: ((k >= 6633405) AND (k <= 6633505))


for range-notcovered
table 1 : explain SELECT k, c FROM sbtest1 WHERE k BETWEEN 470817 AND 470917
	Bitmap Heap Scan on sbtest1  (cost=5.53..429.27 rows=107 width=125)
	  Recheck Cond: ((k >= 470817) AND (k <= 470917))
	  ->  Bitmap Index Scan on k_1  (cost=0.00..5.50 rows=107 width=0)
	        Index Cond: ((k >= 470817) AND (k <= 470917))

table 2 : explain SELECT k, c FROM sbtest2 WHERE k BETWEEN 470817 AND 470917
	Bitmap Heap Scan on sbtest2  (cost=5.51..421.26 rows=105 width=125)
	  Recheck Cond: ((k >= 470817) AND (k <= 470917))
	  ->  Bitmap Index Scan on k_2  (cost=0.00..5.48 rows=105 width=0)
	        Index Cond: ((k >= 470817) AND (k <= 470917))

table 3 : explain SELECT k, c FROM sbtest3 WHERE k BETWEEN 470817 AND 470917
	Bitmap Heap Scan on sbtest3  (cost=5.45..397.79 rows=99 width=125)
	  Recheck Cond: ((k >= 470817) AND (k <= 470917))
	  ->  Bitmap Index Scan on k_3  (cost=0.00..5.42 rows=99 width=0)
	        Index Cond: ((k >= 470817) AND (k <= 470917))

table 4 : explain SELECT k, c FROM sbtest4 WHERE k BETWEEN 470817 AND 470917
	Bitmap Heap Scan on sbtest4  (cost=5.46..401.74 rows=100 width=125)
	  Recheck Cond: ((k >= 470817) AND (k <= 470917))
	  ->  Bitmap Index Scan on k_4  (cost=0.00..5.43 rows=100 width=0)
	        Index Cond: ((k >= 470817) AND (k <= 470917))

table 5 : explain SELECT k, c FROM sbtest5 WHERE k BETWEEN 470817 AND 470917
	Bitmap Heap Scan on sbtest5  (cost=5.44..393.84 rows=98 width=125)
	  Recheck Cond: ((k >= 470817) AND (k <= 470917))
	  ->  Bitmap Index Scan on k_5  (cost=0.00..5.42 rows=98 width=0)
	        Index Cond: ((k >= 470817) AND (k <= 470917))

table 6 : explain SELECT k, c FROM sbtest6 WHERE k BETWEEN 470817 AND 470917
	Bitmap Heap Scan on sbtest6  (cost=5.44..393.74 rows=98 width=125)
	  Recheck Cond: ((k >= 470817) AND (k <= 470917))
	  ->  Bitmap Index Scan on k_6  (cost=0.00..5.42 rows=98 width=0)
	        Index Cond: ((k >= 470817) AND (k <= 470917))

table 7 : explain SELECT k, c FROM sbtest7 WHERE k BETWEEN 470817 AND 470917
	Bitmap Heap Scan on sbtest7  (cost=5.49..413.54 rows=103 width=125)
	  Recheck Cond: ((k >= 470817) AND (k <= 470917))
	  ->  Bitmap Index Scan on k_7  (cost=0.00..5.46 rows=103 width=0)
	        Index Cond: ((k >= 470817) AND (k <= 470917))

table 8 : explain SELECT k, c FROM sbtest8 WHERE k BETWEEN 470817 AND 470917
	Bitmap Heap Scan on sbtest8  (cost=5.49..413.42 rows=103 width=125)
	  Recheck Cond: ((k >= 470817) AND (k <= 470917))
	  ->  Bitmap Index Scan on k_8  (cost=0.00..5.46 rows=103 width=0)
	        Index Cond: ((k >= 470817) AND (k <= 470917))

explain: for range-notcovered :: explain SELECT k, c FROM sbtest%d WHERE k BETWEEN 1147091 AND 1147191
explain: for range-notcovered :: explain SELECT k, c FROM sbtest%d WHERE k BETWEEN 2861958 AND 2862058explain: for range-notcovered :: explain SELECT k, c FROM sbtest%d WHERE k BETWEEN 7739913 AND 7740013
explain: for range-notcovered :: explain SELECT k, c FROM sbtest%d WHERE k BETWEEN 3578842 AND 3578942

explain: for range-notcovered :: explain SELECT k, c FROM sbtest%d WHERE k BETWEEN 4611842 AND 4611942for range-notcovered
table 1 : explain SELECT k, c FROM sbtest1 WHERE k BETWEEN 3648762 AND 3648862
	Bitmap Heap Scan on sbtest1  (cost=5.53..429.27 rows=107 width=125)
	  Recheck Cond: ((k >= 3648762) AND (k <= 3648862))
	  ->  Bitmap Index Scan on k_1  (cost=0.00..5.50 rows=107 width=0)
	        Index Cond: ((k >= 3648762) AND (k <= 3648862))

table 2 : explain SELECT k, c FROM sbtest2 WHERE k BETWEEN 3648762 AND 3648862
	Bitmap Heap Scan on sbtest2  (cost=5.48..409.43 rows=102 width=125)
	  Recheck Cond: ((k >= 3648762) AND (k <= 3648862))
	  ->  Bitmap Index Scan on k_2  (cost=0.00..5.45 rows=102 width=0)
	        Index Cond: ((k >= 3648762) AND (k <= 3648862))

table 3 : explain SELECT k, c FROM sbtest3 WHERE k BETWEEN 3648762 AND 3648862
	Bitmap Heap Scan on sbtest3  (cost=5.56..441.19 rows=110 width=125)
	  Recheck Cond: ((k >= 3648762) AND (k <= 3648862))
	  ->  Bitmap Index Scan on k_3  (cost=0.00..5.53 rows=110 width=0)
	        Index Cond: ((k >= 3648762) AND (k <= 3648862))

table 4 : explain SELECT k, c FROM sbtest4 WHERE k BETWEEN 3648762 AND 3648862
	Bitmap Heap Scan on sbtest4  (cost=5.55..437.25 rows=109 width=125)
	  Recheck Cond: ((k >= 3648762) AND (k <= 3648862))
	  ->  Bitmap Index Scan on k_4  (cost=0.00..5.52 rows=109 width=0)
	        Index Cond: ((k >= 3648762) AND (k <= 3648862))

table 5 : explain SELECT k, c FROM sbtest5 WHERE k BETWEEN 3648762 AND 3648862
	Bitmap Heap Scan on sbtest5  (cost=5.59..453.01 rows=113 width=125)
	  Recheck Cond: ((k >= 3648762) AND (k <= 3648862))
	  ->  Bitmap Index Scan on k_5  (cost=0.00..5.56 rows=113 width=0)
	        Index Cond: ((k >= 3648762) AND (k <= 3648862))

table 6 : explain SELECT k, c FROM sbtest6 WHERE k BETWEEN 3648762 AND 3648862
	Bitmap Heap Scan on sbtest6  (cost=5.61..460.77 rows=115 width=125)
	  Recheck Cond: ((k >= 3648762) AND (k <= 3648862))
	  ->  Bitmap Index Scan on k_6  (cost=0.00..5.58 rows=115 width=0)
	        Index Cond: ((k >= 3648762) AND (k <= 3648862))

table 7 : explain SELECT k, c FROM sbtest7 WHERE k BETWEEN 3648762 AND 3648862
	Bitmap Heap Scan on sbtest7  (cost=5.41..381.97 rows=95 width=125)
	  Recheck Cond: ((k >= 3648762) AND (k <= 3648862))
	  ->  Bitmap Index Scan on k_7  (cost=0.00..5.38 rows=95 width=0)
	        Index Cond: ((k >= 3648762) AND (k <= 3648862))

table 8 : explain SELECT k, c FROM sbtest8 WHERE k BETWEEN 3648762 AND 3648862
	Bitmap Heap Scan on sbtest8  (cost=5.58..448.90 rows=112 width=125)
	  Recheck Cond: ((k >= 3648762) AND (k <= 3648862))
	  ->  Bitmap Index Scan on k_8  (cost=0.00..5.55 rows=112 width=0)
	        Index Cond: ((k >= 3648762) AND (k <= 3648862))
explain: for range-notcovered :: explain SELECT k, c FROM sbtest%d WHERE k BETWEEN 6633405 AND 6633505


explain: for range-notcovered :: explain SELECT k, c FROM sbtest%d WHERE k BETWEEN 470817 AND 470917

for range-notcovered
table 1 : explain SELECT k, c FROM sbtest1 WHERE k BETWEEN 6853352 AND 6853452
	Bitmap Heap Scan on sbtest1  (cost=5.51..421.38 rows=105 width=125)
	  Recheck Cond: ((k >= 6853352) AND (k <= 6853452))
	  ->  Bitmap Index Scan on k_1  (cost=0.00..5.48 rows=105 width=0)
	        Index Cond: ((k >= 6853352) AND (k <= 6853452))

table 2 : explain SELECT k, c FROM sbtest2 WHERE k BETWEEN 6853352 AND 6853452
	Bitmap Heap Scan on sbtest2  (cost=5.53..429.15 rows=107 width=125)
	  Recheck Cond: ((k >= 6853352) AND (k <= 6853452))
	  ->  Bitmap Index Scan on k_2  (cost=0.00..5.50 rows=107 width=0)
	        Index Cond: ((k >= 6853352) AND (k <= 6853452))

table 3 : explain SELECT k, c FROM sbtest3 WHERE k BETWEEN 6853352 AND 6853452
	Bitmap Heap Scan on sbtest3  (cost=5.30..338.53 rows=84 width=125)
	  Recheck Cond: ((k >= 6853352) AND (k <= 6853452))
	  ->  Bitmap Index Scan on k_3  (cost=0.00..5.27 rows=84 width=0)
	        Index Cond: ((k >= 6853352) AND (k <= 6853452))

table 4 : explain SELECT k, c FROM sbtest4 WHERE k BETWEEN 6853352 AND 6853452
	Bitmap Heap Scan on sbtest4  (cost=5.55..437.25 rows=109 width=125)
	  Recheck Cond: ((k >= 6853352) AND (k <= 6853452))
	  ->  Bitmap Index Scan on k_4  (cost=0.00..5.52 rows=109 width=0)
	        Index Cond: ((k >= 6853352) AND (k <= 6853452))

table 5 : explain SELECT k, c FROM sbtest5 WHERE k BETWEEN 6853352 AND 6853452
	Bitmap Heap Scan on sbtest5  (cost=5.50..417.52 rows=104 width=125)
	  Recheck Cond: ((k >= 6853352) AND (k <= 6853452))
	  ->  Bitmap Index Scan on k_5  (cost=0.00..5.47 rows=104 width=0)
	        Index Cond: ((k >= 6853352) AND (k <= 6853452))

table 6 : explain SELECT k, c FROM sbtest6 WHERE k BETWEEN 6853352 AND 6853452
	Bitmap Heap Scan on sbtest6  (cost=5.49..413.47 rows=103 width=125)
	  Recheck Cond: ((k >= 6853352) AND (k <= 6853452))
	  ->  Bitmap Index Scan on k_6  (cost=0.00..5.46 rows=103 width=0)
	        Index Cond: ((k >= 6853352) AND (k <= 6853452))

table 7 : explain SELECT k, c FROM sbtest7 WHERE k BETWEEN 6853352 AND 6853452
	Bitmap Heap Scan on sbtest7  (cost=5.51..421.43 rows=105 width=125)
	  Recheck Cond: ((k >= 6853352) AND (k <= 6853452))
	  ->  Bitmap Index Scan on k_7  (cost=0.00..5.48 rows=105 width=0)
	        Index Cond: ((k >= 6853352) AND (k <= 6853452))

table 8 : explain SELECT k, c FROM sbtest8 WHERE k BETWEEN 6853352 AND 6853452
	Bitmap Heap Scan on sbtest8  (cost=5.59..452.84 rows=113 width=125)
	  Recheck Cond: ((k >= 6853352) AND (k <= 6853452))
	  ->  Bitmap Index Scan on k_8  (cost=0.00..5.56 rows=113 width=0)
	        Index Cond: ((k >= 6853352) AND (k <= 6853452))

for range-notcovered
table 1 : explain SELECT k, c FROM sbtest1 WHERE k BETWEEN 1473996 AND 1474096
	Bitmap Heap Scan on sbtest1  (cost=5.45..397.71 rows=99 width=125)
	  Recheck Cond: ((k >= 1473996) AND (k <= 1474096))
	  ->  Bitmap Index Scan on k_1  (cost=0.00..5.42 rows=99 width=0)
	        Index Cond: ((k >= 1473996) AND (k <= 1474096))

table 2 : explain SELECT k, c FROM sbtest2 WHERE k BETWEEN 1473996 AND 1474096
	Bitmap Heap Scan on sbtest2  (cost=5.50..417.32 rows=104 width=125)
	  Recheck Cond: ((k >= 1473996) AND (k <= 1474096))
	  ->  Bitmap Index Scan on k_2  (cost=0.00..5.47 rows=104 width=0)
	        Index Cond: ((k >= 1473996) AND (k <= 1474096))

table 3 : explain SELECT k, c FROM sbtest3 WHERE k BETWEEN 1473996 AND 1474096
	Bitmap Heap Scan on sbtest3  (cost=5.62..464.84 rows=116 width=125)
	  Recheck Cond: ((k >= 1473996) AND (k <= 1474096))
	  ->  Bitmap Index Scan on k_3  (cost=0.00..5.59 rows=116 width=0)
	        Index Cond: ((k >= 1473996) AND (k <= 1474096))

table 4 : explain SELECT k, c FROM sbtest4 WHERE k BETWEEN 1473996 AND 1474096
	Bitmap Heap Scan on sbtest4  (cost=5.46..401.74 rows=100 width=125)
	  Recheck Cond: ((k >= 1473996) AND (k <= 1474096))
	  ->  Bitmap Index Scan on k_4  (cost=0.00..5.43 rows=100 width=0)
	        Index Cond: ((k >= 1473996) AND (k <= 1474096))

table 5 : explain SELECT k, c FROM sbtest5 WHERE k BETWEEN 1473996 AND 1474096
	Bitmap Heap Scan on sbtest5  (cost=5.61..460.89 rows=115 width=125)
	  Recheck Cond: ((k >= 1473996) AND (k <= 1474096))
	  ->  Bitmap Index Scan on k_5  (cost=0.00..5.58 rows=115 width=0)
	        Index Cond: ((k >= 1473996) AND (k <= 1474096))

table 6 : explain SELECT k, c FROM sbtest6 WHERE k BETWEEN 1473996 AND 1474096
	Bitmap Heap Scan on sbtest6  (cost=5.50..417.41 rows=104 width=125)
	  Recheck Cond: ((k >= 1473996) AND (k <= 1474096))
	  ->  Bitmap Index Scan on k_6  (cost=0.00..5.47 rows=104 width=0)
	        Index Cond: ((k >= 1473996) AND (k <= 1474096))

table 7 : explain SELECT k, c FROM sbtest7 WHERE k BETWEEN 1473996 AND 1474096
	Bitmap Heap Scan on sbtest7  (cost=5.48..409.60 rows=102 width=125)
	  Recheck Cond: ((k >= 1473996) AND (k <= 1474096))
	  ->  Bitmap Index Scan on k_7  (cost=0.00..5.45 rows=102 width=0)
	        Index Cond: ((k >= 1473996) AND (k <= 1474096))

table 8 : explain SELECT k, c FROM sbtest8 WHERE k BETWEEN 1473996 AND 1474096
	Bitmap Heap Scan on sbtest8  (cost=5.51..421.31 rows=105 width=125)
	  Recheck Cond: ((k >= 1473996) AND (k <= 1474096))
	  ->  Bitmap Index Scan on k_8  (cost=0.00..5.48 rows=105 width=0)
	        Index Cond: ((k >= 1473996) AND (k <= 1474096))

explain: for range-notcovered :: explain SELECT k, c FROM sbtest%d WHERE k BETWEEN 3648762 AND 3648862
explain: for range-notcovered :: explain SELECT k, c FROM sbtest%d WHERE k BETWEEN 1473996 AND 1474096
for range-notcovered
table 1 : explain SELECT k, c FROM sbtest1 WHERE k BETWEEN 5974180 AND 5974280
	Bitmap Heap Scan on sbtest1  (cost=5.55..437.15 rows=109 width=125)
	  Recheck Cond: ((k >= 5974180) AND (k <= 5974280))
	  ->  Bitmap Index Scan on k_1  (cost=0.00..5.52 rows=109 width=0)
	        Index Cond: ((k >= 5974180) AND (k <= 5974280))

table 2 : explain SELECT k, c FROM sbtest2 WHERE k BETWEEN 5974180 AND 5974280
	Bitmap Heap Scan on sbtest2  (cost=5.48..409.43 rows=102 width=125)
	  Recheck Cond: ((k >= 5974180) AND (k <= 5974280))
	  ->  Bitmap Index Scan on k_2  (cost=0.00..5.45 rows=102 width=0)
	        Index Cond: ((k >= 5974180) AND (k <= 5974280))

table 3 : explain SELECT k, c FROM sbtest3 WHERE k BETWEEN 5974180 AND 5974280
	Bitmap Heap Scan on sbtest3  (cost=5.43..389.89 rows=97 width=125)
	  Recheck Cond: ((k >= 5974180) AND (k <= 5974280))
	  ->  Bitmap Index Scan on k_3  (cost=0.00..5.40 rows=97 width=0)
	        Index Cond: ((k >= 5974180) AND (k <= 5974280))

table 4 : explain SELECT k, c FROM sbtest4 WHERE k BETWEEN 5974180 AND 5974280
	Bitmap Heap Scan on sbtest4  (cost=5.40..378.06 rows=94 width=125)
	  Recheck Cond: ((k >= 5974180) AND (k <= 5974280))
	  ->  Bitmap Index Scan on k_4  (cost=0.00..5.38 rows=94 width=0)
	        Index Cond: ((k >= 5974180) AND (k <= 5974280))

table 5 : explain SELECT k, c FROM sbtest5 WHERE k BETWEEN 5974180 AND 5974280
	Bitmap Heap Scan on sbtest5  (cost=5.36..362.25 rows=90 width=125)
	  Recheck Cond: ((k >= 5974180) AND (k <= 5974280))
	  ->  Bitmap Index Scan on k_5  (cost=0.00..5.33 rows=90 width=0)
	        Index Cond: ((k >= 5974180) AND (k <= 5974280))

table 6 : explain SELECT k, c FROM sbtest6 WHERE k BETWEEN 5974180 AND 5974280
	Bitmap Heap Scan on sbtest6  (cost=5.53..429.24 rows=107 width=125)
	  Recheck Cond: ((k >= 5974180) AND (k <= 5974280))
	  ->  Bitmap Index Scan on k_6  (cost=0.00..5.50 rows=107 width=0)
	        Index Cond: ((k >= 5974180) AND (k <= 5974280))

table 7 : explain SELECT k, c FROM sbtest7 WHERE k BETWEEN 5974180 AND 5974280
	Bitmap Heap Scan on sbtest7  (cost=5.46..401.71 rows=100 width=125)
	  Recheck Cond: ((k >= 5974180) AND (k <= 5974280))
	  ->  Bitmap Index Scan on k_7  (cost=0.00..5.43 rows=100 width=0)
	        Index Cond: ((k >= 5974180) AND (k <= 5974280))

table 8 : explain SELECT k, c FROM sbtest8 WHERE k BETWEEN 5974180 AND 5974280
	Bitmap Heap Scan on sbtest8  (cost=5.48..409.48 rows=102 width=125)
	  Recheck Cond: ((k >= 5974180) AND (k <= 5974280))
	  ->  Bitmap Index Scan on k_8  (cost=0.00..5.45 rows=102 width=0)
	        Index Cond: ((k >= 5974180) AND (k <= 5974280))

for range-notcovered
table 1 : explain SELECT k, c FROM sbtest1 WHERE k BETWEEN 5247593 AND 5247693
	Bitmap Heap Scan on sbtest1  (cost=5.49..413.49 rows=103 width=125)
	  Recheck Cond: ((k >= 5247593) AND (k <= 5247693))
	  ->  Bitmap Index Scan on k_1  (cost=0.00..5.46 rows=103 width=0)
	        Index Cond: ((k >= 5247593) AND (k <= 5247693))

table 2 : explain SELECT k, c FROM sbtest2 WHERE k BETWEEN 5247593 AND 5247693
	Bitmap Heap Scan on sbtest2  (cost=5.52..425.20 rows=106 width=125)
	  Recheck Cond: ((k >= 5247593) AND (k <= 5247693))
	  ->  Bitmap Index Scan on k_2  (cost=0.00..5.50 rows=106 width=0)
	        Index Cond: ((k >= 5247593) AND (k <= 5247693))

table 3 : explain SELECT k, c FROM sbtest3 WHERE k BETWEEN 5247593 AND 5247693
	Bitmap Heap Scan on sbtest3  (cost=5.52..425.41 rows=106 width=125)
	  Recheck Cond: ((k >= 5247593) AND (k <= 5247693))
	  ->  Bitmap Index Scan on k_3  (cost=0.00..5.50 rows=106 width=0)
	        Index Cond: ((k >= 5247593) AND (k <= 5247693))

table 4 : explain SELECT k, c FROM sbtest4 WHERE k BETWEEN 5247593 AND 5247693
	Bitmap Heap Scan on sbtest4  (cost=5.50..417.53 rows=104 width=125)
	  Recheck Cond: ((k >= 5247593) AND (k <= 5247693))
	  ->  Bitmap Index Scan on k_4  (cost=0.00..5.47 rows=104 width=0)
	        Index Cond: ((k >= 5247593) AND (k <= 5247693))

table 5 : explain SELECT k, c FROM sbtest5 WHERE k BETWEEN 5247593 AND 5247693
	Bitmap Heap Scan on sbtest5  (cost=5.63..468.78 rows=117 width=125)
	  Recheck Cond: ((k >= 5247593) AND (k <= 5247693))
	  ->  Bitmap Index Scan on k_5  (cost=0.00..5.60 rows=117 width=0)
	        Index Cond: ((k >= 5247593) AND (k <= 5247693))

table 6 : explain SELECT k, c FROM sbtest6 WHERE k BETWEEN 5247593 AND 5247693
	Bitmap Heap Scan on sbtest6  (cost=5.38..370.06 rows=92 width=125)
	  Recheck Cond: ((k >= 5247593) AND (k <= 5247693))
	  ->  Bitmap Index Scan on k_6  (cost=0.00..5.35 rows=92 width=0)
	        Index Cond: ((k >= 5247593) AND (k <= 5247693))

table 7 : explain SELECT k, c FROM sbtest7 WHERE k BETWEEN 5247593 AND 5247693
	Bitmap Heap Scan on sbtest7  (cost=5.50..417.49 rows=104 width=125)
	  Recheck Cond: ((k >= 5247593) AND (k <= 5247693))
	  ->  Bitmap Index Scan on k_7  (cost=0.00..5.47 rows=104 width=0)
	        Index Cond: ((k >= 5247593) AND (k <= 5247693))

table 8 : explain SELECT k, c FROM sbtest8 WHERE k BETWEEN 5247593 AND 5247693
	Bitmap Heap Scan on sbtest8  (cost=5.46..401.59 rows=100 width=125)
	  Recheck Cond: ((k >= 5247593) AND (k <= 5247693))
	  ->  Bitmap Index Scan on k_8  (cost=0.00..5.43 rows=100 width=0)
	        Index Cond: ((k >= 5247593) AND (k <= 5247693))

explain: for range-notcovered :: explain SELECT k, c FROM sbtest%d WHERE k BETWEEN 6853352 AND 6853452
explain: for range-notcovered :: explain SELECT k, c FROM sbtest%d WHERE k BETWEEN 5974180 AND 5974280
for range-notcovered
table 1 : explain SELECT k, c FROM sbtest1 WHERE k BETWEEN 7846121 AND 7846221
	Bitmap Heap Scan on sbtest1  (cost=5.46..401.65 rows=100 width=125)
	  Recheck Cond: ((k >= 7846121) AND (k <= 7846221))
	  ->  Bitmap Index Scan on k_1  (cost=0.00..5.43 rows=100 width=0)
	        Index Cond: ((k >= 7846121) AND (k <= 7846221))

table 2 : explain SELECT k, c FROM sbtest2 WHERE k BETWEEN 7846121 AND 7846221
	Bitmap Heap Scan on sbtest2  (cost=5.43..389.71 rows=97 width=125)
	  Recheck Cond: ((k >= 7846121) AND (k <= 7846221))
	  ->  Bitmap Index Scan on k_2  (cost=0.00..5.40 rows=97 width=0)
	        Index Cond: ((k >= 7846121) AND (k <= 7846221))

table 3 : explain SELECT k, c FROM sbtest3 WHERE k BETWEEN 7846121 AND 7846221
	Bitmap Heap Scan on sbtest3  (cost=5.35..358.30 rows=89 width=125)
	  Recheck Cond: ((k >= 7846121) AND (k <= 7846221))
	  ->  Bitmap Index Scan on k_3  (cost=0.00..5.32 rows=89 width=0)
	        Index Cond: ((k >= 7846121) AND (k <= 7846221))

table 4 : explain SELECT k, c FROM sbtest4 WHERE k BETWEEN 7846121 AND 7846221
	Bitmap Heap Scan on sbtest4  (cost=5.52..425.42 rows=106 width=125)
	  Recheck Cond: ((k >= 7846121) AND (k <= 7846221))
	  ->  Bitmap Index Scan on k_4  (cost=0.00..5.50 rows=106 width=0)
	        Index Cond: ((k >= 7846121) AND (k <= 7846221))

table 5 : explain SELECT k, c FROM sbtest5 WHERE k BETWEEN 7846121 AND 7846221
	Bitmap Heap Scan on sbtest5  (cost=5.50..417.52 rows=104 width=125)
	  Recheck Cond: ((k >= 7846121) AND (k <= 7846221))
	  ->  Bitmap Index Scan on k_5  (cost=0.00..5.47 rows=104 width=0)
	        Index Cond: ((k >= 7846121) AND (k <= 7846221))

table 6 : explain SELECT k, c FROM sbtest6 WHERE k BETWEEN 7846121 AND 7846221
	Bitmap Heap Scan on sbtest6  (cost=5.57..445.01 rows=111 width=125)
	  Recheck Cond: ((k >= 7846121) AND (k <= 7846221))
	  ->  Bitmap Index Scan on k_6  (cost=0.00..5.54 rows=111 width=0)
	        Index Cond: ((k >= 7846121) AND (k <= 7846221))

table 7 : explain SELECT k, c FROM sbtest7 WHERE k BETWEEN 7846121 AND 7846221
	Bitmap Heap Scan on sbtest7  (cost=5.38..370.12 rows=92 width=125)
	  Recheck Cond: ((k >= 7846121) AND (k <= 7846221))
	  ->  Bitmap Index Scan on k_7  (cost=0.00..5.35 rows=92 width=0)
	        Index Cond: ((k >= 7846121) AND (k <= 7846221))

table 8 : explain SELECT k, c FROM sbtest8 WHERE k BETWEEN 7846121 AND 7846221
	Bitmap Heap Scan on sbtest8  (cost=5.52..425.25 rows=106 width=125)
	  Recheck Cond: ((k >= 7846121) AND (k <= 7846221))
	  ->  Bitmap Index Scan on k_8  (cost=0.00..5.50 rows=106 width=0)
	        Index Cond: ((k >= 7846121) AND (k <= 7846221))

explain: for range-notcovered :: explain SELECT k, c FROM sbtest%d WHERE k BETWEEN 5247593 AND 5247693
explain: for range-notcovered :: explain SELECT k, c FROM sbtest%d WHERE k BETWEEN 7846121 AND 7846221
for range-notcovered
table 1 : explain SELECT k, c FROM sbtest1 WHERE k BETWEEN 6071438 AND 6071538
	Bitmap Heap Scan on sbtest1  (cost=5.60..456.86 rows=114 width=125)
	  Recheck Cond: ((k >= 6071438) AND (k <= 6071538))
	  ->  Bitmap Index Scan on k_1  (cost=0.00..5.58 rows=114 width=0)
	        Index Cond: ((k >= 6071438) AND (k <= 6071538))

table 2 : explain SELECT k, c FROM sbtest2 WHERE k BETWEEN 6071438 AND 6071538
	Bitmap Heap Scan on sbtest2  (cost=5.40..377.88 rows=94 width=125)
	  Recheck Cond: ((k >= 6071438) AND (k <= 6071538))
	  ->  Bitmap Index Scan on k_2  (cost=0.00..5.38 rows=94 width=0)
	        Index Cond: ((k >= 6071438) AND (k <= 6071538))

table 3 : explain SELECT k, c FROM sbtest3 WHERE k BETWEEN 6071438 AND 6071538
	Bitmap Heap Scan on sbtest3  (cost=5.39..374.10 rows=93 width=125)
	  Recheck Cond: ((k >= 6071438) AND (k <= 6071538))
	  ->  Bitmap Index Scan on k_3  (cost=0.00..5.36 rows=93 width=0)
	        Index Cond: ((k >= 6071438) AND (k <= 6071538))

table 4 : explain SELECT k, c FROM sbtest4 WHERE k BETWEEN 6071438 AND 6071538
	Bitmap Heap Scan on sbtest4  (cost=5.48..409.64 rows=102 width=125)
	  Recheck Cond: ((k >= 6071438) AND (k <= 6071538))
	  ->  Bitmap Index Scan on k_4  (cost=0.00..5.45 rows=102 width=0)
	        Index Cond: ((k >= 6071438) AND (k <= 6071538))

table 5 : explain SELECT k, c FROM sbtest5 WHERE k BETWEEN 6071438 AND 6071538
	Bitmap Heap Scan on sbtest5  (cost=5.42..385.94 rows=96 width=125)
	  Recheck Cond: ((k >= 6071438) AND (k <= 6071538))
	  ->  Bitmap Index Scan on k_5  (cost=0.00..5.39 rows=96 width=0)
	        Index Cond: ((k >= 6071438) AND (k <= 6071538))

table 6 : explain SELECT k, c FROM sbtest6 WHERE k BETWEEN 6071438 AND 6071538
	Bitmap Heap Scan on sbtest6  (cost=5.50..417.41 rows=104 width=125)
	  Recheck Cond: ((k >= 6071438) AND (k <= 6071538))
	  ->  Bitmap Index Scan on k_6  (cost=0.00..5.47 rows=104 width=0)
	        Index Cond: ((k >= 6071438) AND (k <= 6071538))

table 7 : explain SELECT k, c FROM sbtest7 WHERE k BETWEEN 6071438 AND 6071538
	Bitmap Heap Scan on sbtest7  (cost=5.62..464.80 rows=116 width=125)
	  Recheck Cond: ((k >= 6071438) AND (k <= 6071538))
	  ->  Bitmap Index Scan on k_7  (cost=0.00..5.59 rows=116 width=0)
	        Index Cond: ((k >= 6071438) AND (k <= 6071538))

table 8 : explain SELECT k, c FROM sbtest8 WHERE k BETWEEN 6071438 AND 6071538
	Bitmap Heap Scan on sbtest8  (cost=5.38..370.02 rows=92 width=125)
	  Recheck Cond: ((k >= 6071438) AND (k <= 6071538))
	  ->  Bitmap Index Scan on k_8  (cost=0.00..5.35 rows=92 width=0)
	        Index Cond: ((k >= 6071438) AND (k <= 6071538))

for range-notcovered
table 1 : explain SELECT k, c FROM sbtest1 WHERE k BETWEEN 5361468 AND 5361568
	Bitmap Heap Scan on sbtest1  (cost=5.41..381.92 rows=95 width=125)
	  Recheck Cond: ((k >= 5361468) AND (k <= 5361568))
	  ->  Bitmap Index Scan on k_1  (cost=0.00..5.38 rows=95 width=0)
	        Index Cond: ((k >= 5361468) AND (k <= 5361568))

table 2 : explain SELECT k, c FROM sbtest2 WHERE k BETWEEN 5361468 AND 5361568
	Bitmap Heap Scan on sbtest2  (cost=5.44..393.66 rows=98 width=125)
	  Recheck Cond: ((k >= 5361468) AND (k <= 5361568))
	  ->  Bitmap Index Scan on k_2  (cost=0.00..5.42 rows=98 width=0)
	        Index Cond: ((k >= 5361468) AND (k <= 5361568))

table 3 : explain SELECT k, c FROM sbtest3 WHERE k BETWEEN 5361468 AND 5361568
	Bitmap Heap Scan on sbtest3  (cost=5.51..421.47 rows=105 width=125)
	  Recheck Cond: ((k >= 5361468) AND (k <= 5361568))
	  ->  Bitmap Index Scan on k_3  (cost=0.00..5.48 rows=105 width=0)
	        Index Cond: ((k >= 5361468) AND (k <= 5361568))

table 4 : explain SELECT k, c FROM sbtest4 WHERE k BETWEEN 5361468 AND 5361568
	Bitmap Heap Scan on sbtest4  (cost=5.42..385.95 rows=96 width=125)
	  Recheck Cond: ((k >= 5361468) AND (k <= 5361568))
	  ->  Bitmap Index Scan on k_4  (cost=0.00..5.39 rows=96 width=0)
	        Index Cond: ((k >= 5361468) AND (k <= 5361568))

table 5 : explain SELECT k, c FROM sbtest5 WHERE k BETWEEN 5361468 AND 5361568
	Bitmap Heap Scan on sbtest5  (cost=5.43..389.89 rows=97 width=125)
	  Recheck Cond: ((k >= 5361468) AND (k <= 5361568))
	  ->  Bitmap Index Scan on k_5  (cost=0.00..5.40 rows=97 width=0)
	        Index Cond: ((k >= 5361468) AND (k <= 5361568))

table 6 : explain SELECT k, c FROM sbtest6 WHERE k BETWEEN 5361468 AND 5361568
	Bitmap Heap Scan on sbtest6  (cost=5.44..393.74 rows=98 width=125)
	  Recheck Cond: ((k >= 5361468) AND (k <= 5361568))
	  ->  Bitmap Index Scan on k_6  (cost=0.00..5.42 rows=98 width=0)
	        Index Cond: ((k >= 5361468) AND (k <= 5361568))

table 7 : explain SELECT k, c FROM sbtest7 WHERE k BETWEEN 5361468 AND 5361568
	Bitmap Heap Scan on sbtest7  (cost=5.51..421.43 rows=105 width=125)
	  Recheck Cond: ((k >= 5361468) AND (k <= 5361568))
	  ->  Bitmap Index Scan on k_7  (cost=0.00..5.48 rows=105 width=0)
	        Index Cond: ((k >= 5361468) AND (k <= 5361568))

table 8 : explain SELECT k, c FROM sbtest8 WHERE k BETWEEN 5361468 AND 5361568
	Bitmap Heap Scan on sbtest8  (cost=5.48..409.48 rows=102 width=125)
	  Recheck Cond: ((k >= 5361468) AND (k <= 5361568))
	  ->  Bitmap Index Scan on k_8  (cost=0.00..5.45 rows=102 width=0)
	        Index Cond: ((k >= 5361468) AND (k <= 5361568))

explain: for range-notcovered :: explain SELECT k, c FROM sbtest%d WHERE k BETWEEN 6071438 AND 6071538
explain: for range-notcovered :: explain SELECT k, c FROM sbtest%d WHERE k BETWEEN 5361468 AND 5361568
for range-notcovered
table 1 : explain SELECT k, c FROM sbtest1 WHERE k BETWEEN 6633405 AND 6633505
	Bitmap Heap Scan on sbtest1  (cost=5.45..397.71 rows=99 width=125)
	  Recheck Cond: ((k >= 6633405) AND (k <= 6633505))
	  ->  Bitmap Index Scan on k_1  (cost=0.00..5.42 rows=99 width=0)
	        Index Cond: ((k >= 6633405) AND (k <= 6633505))

table 2 : explain SELECT k, c FROM sbtest2 WHERE k BETWEEN 6633405 AND 6633505
	Bitmap Heap Scan on sbtest2  (cost=5.48..409.43 rows=102 width=125)
	  Recheck Cond: ((k >= 6633405) AND (k <= 6633505))
	  ->  Bitmap Index Scan on k_2  (cost=0.00..5.45 rows=102 width=0)
	        Index Cond: ((k >= 6633405) AND (k <= 6633505))

table 3 : explain SELECT k, c FROM sbtest3 WHERE k BETWEEN 6633405 AND 6633505
	Bitmap Heap Scan on sbtest3  (cost=5.47..405.68 rows=101 width=125)
	  Recheck Cond: ((k >= 6633405) AND (k <= 6633505))
	  ->  Bitmap Index Scan on k_3  (cost=0.00..5.44 rows=101 width=0)
	        Index Cond: ((k >= 6633405) AND (k <= 6633505))

table 4 : explain SELECT k, c FROM sbtest4 WHERE k BETWEEN 6633405 AND 6633505
	Bitmap Heap Scan on sbtest4  (cost=5.48..409.64 rows=102 width=125)
	  Recheck Cond: ((k >= 6633405) AND (k <= 6633505))
	  ->  Bitmap Index Scan on k_4  (cost=0.00..5.45 rows=102 width=0)
	        Index Cond: ((k >= 6633405) AND (k <= 6633505))

table 5 : explain SELECT k, c FROM sbtest5 WHERE k BETWEEN 6633405 AND 6633505
	Bitmap Heap Scan on sbtest5  (cost=5.40..378.05 rows=94 width=125)
	  Recheck Cond: ((k >= 6633405) AND (k <= 6633505))
	  ->  Bitmap Index Scan on k_5  (cost=0.00..5.38 rows=94 width=0)
	        Index Cond: ((k >= 6633405) AND (k <= 6633505))

table 6 : explain SELECT k, c FROM sbtest6 WHERE k BETWEEN 6633405 AND 6633505
	Bitmap Heap Scan on sbtest6  (cost=5.47..405.58 rows=101 width=125)
	  Recheck Cond: ((k >= 6633405) AND (k <= 6633505))
	  ->  Bitmap Index Scan on k_6  (cost=0.00..5.44 rows=101 width=0)
	        Index Cond: ((k >= 6633405) AND (k <= 6633505))

table 7 : explain SELECT k, c FROM sbtest7 WHERE k BETWEEN 6633405 AND 6633505
	Bitmap Heap Scan on sbtest7  (cost=5.57..445.09 rows=111 width=125)
	  Recheck Cond: ((k >= 6633405) AND (k <= 6633505))
	  ->  Bitmap Index Scan on k_7  (cost=0.00..5.54 rows=111 width=0)
	        Index Cond: ((k >= 6633405) AND (k <= 6633505))

table 8 : explain SELECT k, c FROM sbtest8 WHERE k BETWEEN 6633405 AND 6633505
	Bitmap Heap Scan on sbtest8  (cost=5.46..401.59 rows=100 width=125)
	  Recheck Cond: ((k >= 6633405) AND (k <= 6633505))
	  ->  Bitmap Index Scan on k_8  (cost=0.00..5.43 rows=100 width=0)
	        Index Cond: ((k >= 6633405) AND (k <= 6633505))

explain: for range-notcovered :: explain SELECT k, c FROM sbtest%d WHERE k BETWEEN 6633405 AND 6633505for range-notcovered
table 1 : explain SELECT k, c FROM sbtest1 WHERE k BETWEEN 2861958 AND 2862058
	Bitmap Heap Scan on sbtest1  (cost=5.44..393.76 rows=98 width=125)
	  Recheck Cond: ((k >= 2861958) AND (k <= 2862058))
	  ->  Bitmap Index Scan on k_1  (cost=0.00..5.42 rows=98 width=0)
	        Index Cond: ((k >= 2861958) AND (k <= 2862058))

table 2 : explain SELECT k, c FROM sbtest2 WHERE k BETWEEN 2861958 AND 2862058
	Bitmap Heap Scan on sbtest2  (cost=5.39..373.93 rows=93 width=125)
	  Recheck Cond: ((k >= 2861958) AND (k <= 2862058))
	  ->  Bitmap Index Scan on k_2  (cost=0.00..5.36 rows=93 width=0)
	        Index Cond: ((k >= 2861958) AND (k <= 2862058))

table 3 : explain SELECT k, c FROM sbtest3 WHERE k BETWEEN 2861958 AND 2862058
	Bitmap Heap Scan on sbtest3  (cost=5.46..401.74 rows=100 width=125)
	  Recheck Cond: ((k >= 2861958) AND (k <= 2862058))
	  ->  Bitmap Index Scan on k_3  (cost=0.00..5.43 rows=100 width=0)
	        Index Cond: ((k >= 2861958) AND (k <= 2862058))

table 4 : explain SELECT k, c FROM sbtest4 WHERE k BETWEEN 2861958 AND 2862058
	Bitmap Heap Scan on sbtest4  (cost=5.46..401.74 rows=100 width=125)
	  Recheck Cond: ((k >= 2861958) AND (k <= 2862058))
	  ->  Bitmap Index Scan on k_4  (cost=0.00..5.43 rows=100 width=0)
	        Index Cond: ((k >= 2861958) AND (k <= 2862058))

table 5 : explain SELECT k, c FROM sbtest5 WHERE k BETWEEN 2861958 AND 2862058
	Bitmap Heap Scan on sbtest5  (cost=5.44..393.84 rows=98 width=125)
	  Recheck Cond: ((k >= 2861958) AND (k <= 2862058))
	  ->  Bitmap Index Scan on k_5  (cost=0.00..5.42 rows=98 width=0)
	        Index Cond: ((k >= 2861958) AND (k <= 2862058))

table 6 : explain SELECT k, c FROM sbtest6 WHERE k BETWEEN 2861958 AND 2862058
	Bitmap Heap Scan on sbtest6  (cost=5.46..401.63 rows=100 width=125)
	  Recheck Cond: ((k >= 2861958) AND (k <= 2862058))
	  ->  Bitmap Index Scan on k_6  (cost=0.00..5.43 rows=100 width=0)
	        Index Cond: ((k >= 2861958) AND (k <= 2862058))

table 7 : explain SELECT k, c FROM sbtest7 WHERE k BETWEEN 2861958 AND 2862058
	Bitmap Heap Scan on sbtest7  (cost=5.57..445.09 rows=111 width=125)
	  Recheck Cond: ((k >= 2861958) AND (k <= 2862058))
	  ->  Bitmap Index Scan on k_7  (cost=0.00..5.54 rows=111 width=0)
	        Index Cond: ((k >= 2861958) AND (k <= 2862058))

table 8 : explain SELECT k, c FROM sbtest8 WHERE k BETWEEN 2861958 AND 2862058
	Bitmap Heap Scan on sbtest8  (cost=5.50..417.37 rows=104 width=125)
	  Recheck Cond: ((k >= 2861958) AND (k <= 2862058))
	  ->  Bitmap Index Scan on k_8  (cost=0.00..5.47 rows=104 width=0)
	        Index Cond: ((k >= 2861958) AND (k <= 2862058))

for range-notcovered
table 1 : explain SELECT k, c FROM sbtest1 WHERE k BETWEEN 3578842 AND 3578942
	Bitmap Heap Scan on sbtest1  (cost=5.50..417.43 rows=104 width=125)
	  Recheck Cond: ((k >= 3578842) AND (k <= 3578942))
	  ->  Bitmap Index Scan on k_1  (cost=0.00..5.47 rows=104 width=0)
	        Index Cond: ((k >= 3578842) AND (k <= 3578942))

table 2 : explain SELECT k, c FROM sbtest2 WHERE k BETWEEN 3578842 AND 3578942
	Bitmap Heap Scan on sbtest2  (cost=5.48..409.43 rows=102 width=125)
	  Recheck Cond: ((k >= 3578842) AND (k <= 3578942))
	  ->  Bitmap Index Scan on k_2  (cost=0.00..5.45 rows=102 width=0)
	        Index Cond: ((k >= 3578842) AND (k <= 3578942))

table 3 : explain SELECT k, c FROM sbtest3 WHERE k BETWEEN 3578842 AND 3578942
	Bitmap Heap Scan on sbtest3  (cost=5.56..441.19 rows=110 width=125)
	  Recheck Cond: ((k >= 3578842) AND (k <= 3578942))
	  ->  Bitmap Index Scan on k_3  (cost=0.00..5.53 rows=110 width=0)
	        Index Cond: ((k >= 3578842) AND (k <= 3578942))

table 4 : explain SELECT k, c FROM sbtest4 WHERE k BETWEEN 3578842 AND 3578942
	Bitmap Heap Scan on sbtest4  (cost=5.48..409.64 rows=102 width=125)
	  Recheck Cond: ((k >= 3578842) AND (k <= 3578942))
	  ->  Bitmap Index Scan on k_4  (cost=0.00..5.45 rows=102 width=0)
	        Index Cond: ((k >= 3578842) AND (k <= 3578942))

table 5 : explain SELECT k, c FROM sbtest5 WHERE k BETWEEN 3578842 AND 3578942
	Bitmap Heap Scan on sbtest5  (cost=5.45..397.79 rows=99 width=125)
	  Recheck Cond: ((k >= 3578842) AND (k <= 3578942))
	  ->  Bitmap Index Scan on k_5  (cost=0.00..5.42 rows=99 width=0)
	        Index Cond: ((k >= 3578842) AND (k <= 3578942))

table 6 : explain SELECT k, c FROM sbtest6 WHERE k BETWEEN 3578842 AND 3578942
	Bitmap Heap Scan on sbtest6  (cost=5.53..429.24 rows=107 width=125)
	  Recheck Cond: ((k >= 3578842) AND (k <= 3578942))
	  ->  Bitmap Index Scan on k_6  (cost=0.00..5.50 rows=107 width=0)
	        Index Cond: ((k >= 3578842) AND (k <= 3578942))

table 7 : explain SELECT k, c FROM sbtest7 WHERE k BETWEEN 3578842 AND 3578942
	Bitmap Heap Scan on sbtest7  (cost=5.49..413.54 rows=103 width=125)
	  Recheck Cond: ((k >= 3578842) AND (k <= 3578942))
	  ->  Bitmap Index Scan on k_7  (cost=0.00..5.46 rows=103 width=0)
	        Index Cond: ((k >= 3578842) AND (k <= 3578942))

table 8 : explain SELECT k, c FROM sbtest8 WHERE k BETWEEN 3578842 AND 3578942
	Bitmap Heap Scan on sbtest8  (cost=5.58..448.90 rows=112 width=125)
	  Recheck Cond: ((k >= 3578842) AND (k <= 3578942))
	  ->  Bitmap Index Scan on k_8  (cost=0.00..5.55 rows=112 width=0)
	        Index Cond: ((k >= 3578842) AND (k <= 3578942))


for range-notcovered
table 1 : explain SELECT k, c FROM sbtest1 WHERE k BETWEEN 7739913 AND 7740013
	Bitmap Heap Scan on sbtest1  (cost=5.47..405.60 rows=101 width=125)
	  Recheck Cond: ((k >= 7739913) AND (k <= 7740013))
	  ->  Bitmap Index Scan on k_1  (cost=0.00..5.44 rows=101 width=0)
	        Index Cond: ((k >= 7739913) AND (k <= 7740013))

table 2 : explain SELECT k, c FROM sbtest2 WHERE k BETWEEN 7739913 AND 7740013
	Bitmap Heap Scan on sbtest2  (cost=5.48..409.43 rows=102 width=125)
	  Recheck Cond: ((k >= 7739913) AND (k <= 7740013))
	  ->  Bitmap Index Scan on k_2  (cost=0.00..5.45 rows=102 width=0)
	        Index Cond: ((k >= 7739913) AND (k <= 7740013))

table 3 : explain SELECT k, c FROM sbtest3 WHERE k BETWEEN 7739913 AND 7740013
	Bitmap Heap Scan on sbtest3  (cost=5.50..417.52 rows=104 width=125)
	  Recheck Cond: ((k >= 7739913) AND (k <= 7740013))
	  ->  Bitmap Index Scan on k_3  (cost=0.00..5.47 rows=104 width=0)
	        Index Cond: ((k >= 7739913) AND (k <= 7740013))

table 4 : explain SELECT k, c FROM sbtest4 WHERE k BETWEEN 7739913 AND 7740013
	Bitmap Heap Scan on sbtest4  (cost=5.58..449.08 rows=112 width=125)
	  Recheck Cond: ((k >= 7739913) AND (k <= 7740013))
	  ->  Bitmap Index Scan on k_4  (cost=0.00..5.55 rows=112 width=0)
	        Index Cond: ((k >= 7739913) AND (k <= 7740013))

table 5 : explain SELECT k, c FROM sbtest5 WHERE k BETWEEN 7739913 AND 7740013
	Bitmap Heap Scan on sbtest5  (cost=5.47..405.68 rows=101 width=125)
	  Recheck Cond: ((k >= 7739913) AND (k <= 7740013))
	  ->  Bitmap Index Scan on k_5  (cost=0.00..5.44 rows=101 width=0)
	        Index Cond: ((k >= 7739913) AND (k <= 7740013))

table 6 : explain SELECT k, c FROM sbtest6 WHERE k BETWEEN 7739913 AND 7740013
	Bitmap Heap Scan on sbtest6  (cost=5.45..397.69 rows=99 width=125)
	  Recheck Cond: ((k >= 7739913) AND (k <= 7740013))
	  ->  Bitmap Index Scan on k_6  (cost=0.00..5.42 rows=99 width=0)
	        Index Cond: ((k >= 7739913) AND (k <= 7740013))

table 7 : explain SELECT k, c FROM sbtest7 WHERE k BETWEEN 7739913 AND 7740013
	Bitmap Heap Scan on sbtest7  (cost=5.34..354.32 rows=88 width=125)
	  Recheck Cond: ((k >= 7739913) AND (k <= 7740013))
	  ->  Bitmap Index Scan on k_7  (cost=0.00..5.31 rows=88 width=0)
	        Index Cond: ((k >= 7739913) AND (k <= 7740013))

table 8 : explain SELECT k, c FROM sbtest8 WHERE k BETWEEN 7739913 AND 7740013
	Bitmap Heap Scan on sbtest8  (cost=5.46..401.59 rows=100 width=125)
	  Recheck Cond: ((k >= 7739913) AND (k <= 7740013))
	  ->  Bitmap Index Scan on k_8  (cost=0.00..5.43 rows=100 width=0)
	        Index Cond: ((k >= 7739913) AND (k <= 7740013))

for range-notcovered
table 1 : explain SELECT k, c FROM sbtest1 WHERE k BETWEEN 4611842 AND 4611942
	Bitmap Heap Scan on sbtest1  (cost=5.47..405.60 rows=101 width=125)
	  Recheck Cond: ((k >= 4611842) AND (k <= 4611942))
	  ->  Bitmap Index Scan on k_1  (cost=0.00..5.44 rows=101 width=0)
	        Index Cond: ((k >= 4611842) AND (k <= 4611942))

table 2 : explain SELECT k, c FROM sbtest2 WHERE k BETWEEN 4611842 AND 4611942
	Bitmap Heap Scan on sbtest2  (cost=5.54..433.09 rows=108 width=125)
	  Recheck Cond: ((k >= 4611842) AND (k <= 4611942))
	  ->  Bitmap Index Scan on k_2  (cost=0.00..5.51 rows=108 width=0)
	        Index Cond: ((k >= 4611842) AND (k <= 4611942))

table 3 : explain SELECT k, c FROM sbtest3 WHERE k BETWEEN 4611842 AND 4611942
	Bitmap Heap Scan on sbtest3  (cost=5.50..417.52 rows=104 width=125)
	  Recheck Cond: ((k >= 4611842) AND (k <= 4611942))
	  ->  Bitmap Index Scan on k_3  (cost=0.00..5.47 rows=104 width=0)
	        Index Cond: ((k >= 4611842) AND (k <= 4611942))

table 4 : explain SELECT k, c FROM sbtest4 WHERE k BETWEEN 4611842 AND 4611942
	Bitmap Heap Scan on sbtest4  (cost=5.35..358.30 rows=89 width=125)
	  Recheck Cond: ((k >= 4611842) AND (k <= 4611942))
	  ->  Bitmap Index Scan on k_4  (cost=0.00..5.32 rows=89 width=0)
	        Index Cond: ((k >= 4611842) AND (k <= 4611942))

table 5 : explain SELECT k, c FROM sbtest5 WHERE k BETWEEN 4611842 AND 4611942
	Bitmap Heap Scan on sbtest5  (cost=5.48..409.63 rows=102 width=125)
	  Recheck Cond: ((k >= 4611842) AND (k <= 4611942))
	  ->  Bitmap Index Scan on k_5  (cost=0.00..5.45 rows=102 width=0)
	        Index Cond: ((k >= 4611842) AND (k <= 4611942))

table 6 : explain SELECT k, c FROM sbtest6 WHERE k BETWEEN 4611842 AND 4611942
	Bitmap Heap Scan on sbtest6  (cost=5.50..417.41 rows=104 width=125)
	  Recheck Cond: ((k >= 4611842) AND (k <= 4611942))
	  ->  Bitmap Index Scan on k_6  (cost=0.00..5.47 rows=104 width=0)
	        Index Cond: ((k >= 4611842) AND (k <= 4611942))

table 7 : explain SELECT k, c FROM sbtest7 WHERE k BETWEEN 4611842 AND 4611942
	Bitmap Heap Scan on sbtest7  (cost=5.48..409.60 rows=102 width=125)
	  Recheck Cond: ((k >= 4611842) AND (k <= 4611942))
	  ->  Bitmap Index Scan on k_7  (cost=0.00..5.45 rows=102 width=0)
	        Index Cond: ((k >= 4611842) AND (k <= 4611942))

table 8 : explain SELECT k, c FROM sbtest8 WHERE k BETWEEN 4611842 AND 4611942
	Bitmap Heap Scan on sbtest8  (cost=5.62..464.66 rows=116 width=125)
	  Recheck Cond: ((k >= 4611842) AND (k <= 4611942))
	  ->  Bitmap Index Scan on k_8  (cost=0.00..5.59 rows=116 width=0)
	        Index Cond: ((k >= 4611842) AND (k <= 4611942))

for range-notcovered
table 1 : explain SELECT k, c FROM sbtest1 WHERE k BETWEEN 470817 AND 470917
	Bitmap Heap Scan on sbtest1  (cost=5.53..429.27 rows=107 width=125)
	  Recheck Cond: ((k >= 470817) AND (k <= 470917))
	  ->  Bitmap Index Scan on k_1  (cost=0.00..5.50 rows=107 width=0)
	        Index Cond: ((k >= 470817) AND (k <= 470917))

table 2 : explain SELECT k, c FROM sbtest2 WHERE k BETWEEN 470817 AND 470917
	Bitmap Heap Scan on sbtest2  (cost=5.51..421.26 rows=105 width=125)
	  Recheck Cond: ((k >= 470817) AND (k <= 470917))
	  ->  Bitmap Index Scan on k_2  (cost=0.00..5.48 rows=105 width=0)
	        Index Cond: ((k >= 470817) AND (k <= 470917))

table 3 : explain SELECT k, c FROM sbtest3 WHERE k BETWEEN 470817 AND 470917
	Bitmap Heap Scan on sbtest3  (cost=5.45..397.79 rows=99 width=125)
	  Recheck Cond: ((k >= 470817) AND (k <= 470917))
	  ->  Bitmap Index Scan on k_3  (cost=0.00..5.42 rows=99 width=0)
	        Index Cond: ((k >= 470817) AND (k <= 470917))

table 4 : explain SELECT k, c FROM sbtest4 WHERE k BETWEEN 470817 AND 470917
	Bitmap Heap Scan on sbtest4  (cost=5.46..401.74 rows=100 width=125)
	  Recheck Cond: ((k >= 470817) AND (k <= 470917))
	  ->  Bitmap Index Scan on k_4  (cost=0.00..5.43 rows=100 width=0)
	        Index Cond: ((k >= 470817) AND (k <= 470917))

table 5 : explain SELECT k, c FROM sbtest5 WHERE k BETWEEN 470817 AND 470917
	Bitmap Heap Scan on sbtest5  (cost=5.44..393.84 rows=98 width=125)
	  Recheck Cond: ((k >= 470817) AND (k <= 470917))
	  ->  Bitmap Index Scan on k_5  (cost=0.00..5.42 rows=98 width=0)
	        Index Cond: ((k >= 470817) AND (k <= 470917))

table 6 : explain SELECT k, c FROM sbtest6 WHERE k BETWEEN 470817 AND 470917
	Bitmap Heap Scan on sbtest6  (cost=5.44..393.74 rows=98 width=125)
	  Recheck Cond: ((k >= 470817) AND (k <= 470917))
	  ->  Bitmap Index Scan on k_6  (cost=0.00..5.42 rows=98 width=0)
	        Index Cond: ((k >= 470817) AND (k <= 470917))

table 7 : explain SELECT k, c FROM sbtest7 WHERE k BETWEEN 470817 AND 470917
	Bitmap Heap Scan on sbtest7  (cost=5.49..413.54 rows=103 width=125)
	  Recheck Cond: ((k >= 470817) AND (k <= 470917))
	  ->  Bitmap Index Scan on k_7  (cost=0.00..5.46 rows=103 width=0)
	        Index Cond: ((k >= 470817) AND (k <= 470917))

table 8 : explain SELECT k, c FROM sbtest8 WHERE k BETWEEN 470817 AND 470917
	Bitmap Heap Scan on sbtest8  (cost=5.49..413.42 rows=103 width=125)
	  Recheck Cond: ((k >= 470817) AND (k <= 470917))
	  ->  Bitmap Index Scan on k_8  (cost=0.00..5.46 rows=103 width=0)
	        Index Cond: ((k >= 470817) AND (k <= 470917))

for range-notcovered
table 1 : explain SELECT k, c FROM sbtest1 WHERE k BETWEEN 1147091 AND 1147191
	Bitmap Heap Scan on sbtest1  (cost=5.47..405.60 rows=101 width=125)
	  Recheck Cond: ((k >= 1147091) AND (k <= 1147191))
	  ->  Bitmap Index Scan on k_1  (cost=0.00..5.44 rows=101 width=0)
	        Index Cond: ((k >= 1147091) AND (k <= 1147191))

table 2 : explain SELECT k, c FROM sbtest2 WHERE k BETWEEN 1147091 AND 1147191
	Bitmap Heap Scan on sbtest2  (cost=5.44..393.66 rows=98 width=125)
	  Recheck Cond: ((k >= 1147091) AND (k <= 1147191))
	  ->  Bitmap Index Scan on k_2  (cost=0.00..5.42 rows=98 width=0)
	        Index Cond: ((k >= 1147091) AND (k <= 1147191))

table 3 : explain SELECT k, c FROM sbtest3 WHERE k BETWEEN 1147091 AND 1147191
	Bitmap Heap Scan on sbtest3  (cost=5.49..413.57 rows=103 width=125)
	  Recheck Cond: ((k >= 1147091) AND (k <= 1147191))
	  ->  Bitmap Index Scan on k_3  (cost=0.00..5.46 rows=103 width=0)
	        Index Cond: ((k >= 1147091) AND (k <= 1147191))

table 4 : explain SELECT k, c FROM sbtest4 WHERE k BETWEEN 1147091 AND 1147191
	Bitmap Heap Scan on sbtest4  (cost=5.61..460.91 rows=115 width=125)
	  Recheck Cond: ((k >= 1147091) AND (k <= 1147191))
	  ->  Bitmap Index Scan on k_4  (cost=0.00..5.58 rows=115 width=0)
	        Index Cond: ((k >= 1147091) AND (k <= 1147191))

table 5 : explain SELECT k, c FROM sbtest5 WHERE k BETWEEN 1147091 AND 1147191
	Bitmap Heap Scan on sbtest5  (cost=5.54..433.30 rows=108 width=125)
	  Recheck Cond: ((k >= 1147091) AND (k <= 1147191))
	  ->  Bitmap Index Scan on k_5  (cost=0.00..5.51 rows=108 width=0)
	        Index Cond: ((k >= 1147091) AND (k <= 1147191))

table 6 : explain SELECT k, c FROM sbtest6 WHERE k BETWEEN 1147091 AND 1147191
	Bitmap Heap Scan on sbtest6  (cost=5.51..421.35 rows=105 width=125)
	  Recheck Cond: ((k >= 1147091) AND (k <= 1147191))
	  ->  Bitmap Index Scan on k_6  (cost=0.00..5.48 rows=105 width=0)
	        Index Cond: ((k >= 1147091) AND (k <= 1147191))

table 7 : explain SELECT k, c FROM sbtest7 WHERE k BETWEEN 1147091 AND 1147191
	Bitmap Heap Scan on sbtest7  (cost=5.43..389.86 rows=97 width=125)
	  Recheck Cond: ((k >= 1147091) AND (k <= 1147191))
	  ->  Bitmap Index Scan on k_7  (cost=0.00..5.40 rows=97 width=0)
	        Index Cond: ((k >= 1147091) AND (k <= 1147191))

table 8 : explain SELECT k, c FROM sbtest8 WHERE k BETWEEN 1147091 AND 1147191
	Bitmap Heap Scan on sbtest8  (cost=5.46..401.59 rows=100 width=125)
	  Recheck Cond: ((k >= 1147091) AND (k <= 1147191))
	  ->  Bitmap Index Scan on k_8  (cost=0.00..5.43 rows=100 width=0)
	        Index Cond: ((k >= 1147091) AND (k <= 1147191))

for range-notcovered
table 1 : explain SELECT k, c FROM sbtest1 WHERE k BETWEEN 7185395 AND 7185495
	Bitmap Heap Scan on sbtest1  (cost=5.39..374.03 rows=93 width=125)
	  Recheck Cond: ((k >= 7185395) AND (k <= 7185495))
	  ->  Bitmap Index Scan on k_1  (cost=0.00..5.36 rows=93 width=0)
	        Index Cond: ((k >= 7185395) AND (k <= 7185495))

table 2 : explain SELECT k, c FROM sbtest2 WHERE k BETWEEN 7185395 AND 7185495
	Bitmap Heap Scan on sbtest2  (cost=5.43..389.71 rows=97 width=125)
	  Recheck Cond: ((k >= 7185395) AND (k <= 7185495))
	  ->  Bitmap Index Scan on k_2  (cost=0.00..5.40 rows=97 width=0)
	        Index Cond: ((k >= 7185395) AND (k <= 7185495))

table 3 : explain SELECT k, c FROM sbtest3 WHERE k BETWEEN 7185395 AND 7185495
	Bitmap Heap Scan on sbtest3  (cost=5.47..405.68 rows=101 width=125)
	  Recheck Cond: ((k >= 7185395) AND (k <= 7185495))
	  ->  Bitmap Index Scan on k_3  (cost=0.00..5.44 rows=101 width=0)
	        Index Cond: ((k >= 7185395) AND (k <= 7185495))

table 4 : explain SELECT k, c FROM sbtest4 WHERE k BETWEEN 7185395 AND 7185495
	Bitmap Heap Scan on sbtest4  (cost=5.41..382.00 rows=95 width=125)
	  Recheck Cond: ((k >= 7185395) AND (k <= 7185495))
	  ->  Bitmap Index Scan on k_4  (cost=0.00..5.38 rows=95 width=0)
	        Index Cond: ((k >= 7185395) AND (k <= 7185495))

table 5 : explain SELECT k, c FROM sbtest5 WHERE k BETWEEN 7185395 AND 7185495
	Bitmap Heap Scan on sbtest5  (cost=5.47..405.68 rows=101 width=125)
	  Recheck Cond: ((k >= 7185395) AND (k <= 7185495))
	  ->  Bitmap Index Scan on k_5  (cost=0.00..5.44 rows=101 width=0)
	        Index Cond: ((k >= 7185395) AND (k <= 7185495))

table 6 : explain SELECT k, c FROM sbtest6 WHERE k BETWEEN 7185395 AND 7185495
	Bitmap Heap Scan on sbtest6  (cost=5.55..437.12 rows=109 width=125)
	  Recheck Cond: ((k >= 7185395) AND (k <= 7185495))
	  ->  Bitmap Index Scan on k_6  (cost=0.00..5.52 rows=109 width=0)
	        Index Cond: ((k >= 7185395) AND (k <= 7185495))

table 7 : explain SELECT k, c FROM sbtest7 WHERE k BETWEEN 7185395 AND 7185495
	Bitmap Heap Scan on sbtest7  (cost=5.46..401.71 rows=100 width=125)
	  Recheck Cond: ((k >= 7185395) AND (k <= 7185495))
	  ->  Bitmap Index Scan on k_7  (cost=0.00..5.43 rows=100 width=0)
	        Index Cond: ((k >= 7185395) AND (k <= 7185495))

table 8 : explain SELECT k, c FROM sbtest8 WHERE k BETWEEN 7185395 AND 7185495
	Bitmap Heap Scan on sbtest8  (cost=5.45..397.65 rows=99 width=125)
	  Recheck Cond: ((k >= 7185395) AND (k <= 7185495))
	  ->  Bitmap Index Scan on k_8  (cost=0.00..5.42 rows=99 width=0)
	        Index Cond: ((k >= 7185395) AND (k <= 7185495))

explain: for range-notcovered :: explain SELECT k, c FROM sbtest%d WHERE k BETWEEN 2861958 AND 2862058explain: for range-notcovered :: explain SELECT k, c FROM sbtest%d WHERE k BETWEEN 7739913 AND 7740013

explain: for range-notcovered :: explain SELECT k, c FROM sbtest%d WHERE k BETWEEN 6485586 AND 6485686
for range-notcovered
table 1 : explain SELECT k, c FROM sbtest1 WHERE k BETWEEN 1473996 AND 1474096
	Bitmap Heap Scan on sbtest1  (cost=5.45..397.71 rows=99 width=125)
	  Recheck Cond: ((k >= 1473996) AND (k <= 1474096))
	  ->  Bitmap Index Scan on k_1  (cost=0.00..5.42 rows=99 width=0)
	        Index Cond: ((k >= 1473996) AND (k <= 1474096))

table 2 : explain SELECT k, c FROM sbtest2 WHERE k BETWEEN 1473996 AND 1474096
	Bitmap Heap Scan on sbtest2  (cost=5.50..417.32 rows=104 width=125)
	  Recheck Cond: ((k >= 1473996) AND (k <= 1474096))
	  ->  Bitmap Index Scan on k_2  (cost=0.00..5.47 rows=104 width=0)
	        Index Cond: ((k >= 1473996) AND (k <= 1474096))

table 3 : explain SELECT k, c FROM sbtest3 WHERE k BETWEEN 1473996 AND 1474096
	Bitmap Heap Scan on sbtest3  (cost=5.62..464.84 rows=116 width=125)
	  Recheck Cond: ((k >= 1473996) AND (k <= 1474096))
	  ->  Bitmap Index Scan on k_3  (cost=0.00..5.59 rows=116 width=0)
	        Index Cond: ((k >= 1473996) AND (k <= 1474096))

table 4 : explain SELECT k, c FROM sbtest4 WHERE k BETWEEN 1473996 AND 1474096
	Bitmap Heap Scan on sbtest4  (cost=5.46..401.74 rows=100 width=125)
	  Recheck Cond: ((k >= 1473996) AND (k <= 1474096))
	  ->  Bitmap Index Scan on k_4  (cost=0.00..5.43 rows=100 width=0)
	        Index Cond: ((k >= 1473996) AND (k <= 1474096))

table 5 : explain SELECT k, c FROM sbtest5 WHERE k BETWEEN 1473996 AND 1474096
	Bitmap Heap Scan on sbtest5  (cost=5.61..460.89 rows=115 width=125)
	  Recheck Cond: ((k >= 1473996) AND (k <= 1474096))
	  ->  Bitmap Index Scan on k_5  (cost=0.00..5.58 rows=115 width=0)
	        Index Cond: ((k >= 1473996) AND (k <= 1474096))

table 6 : explain SELECT k, c FROM sbtest6 WHERE k BETWEEN 1473996 AND 1474096
	Bitmap Heap Scan on sbtest6  (cost=5.50..417.41 rows=104 width=125)
	  Recheck Cond: ((k >= 1473996) AND (k <= 1474096))
	  ->  Bitmap Index Scan on k_6  (cost=0.00..5.47 rows=104 width=0)
	        Index Cond: ((k >= 1473996) AND (k <= 1474096))

table 7 : explain SELECT k, c FROM sbtest7 WHERE k BETWEEN 1473996 AND 1474096
	Bitmap Heap Scan on sbtest7  (cost=5.48..409.60 rows=102 width=125)
	  Recheck Cond: ((k >= 1473996) AND (k <= 1474096))
	  ->  Bitmap Index Scan on k_7  (cost=0.00..5.45 rows=102 width=0)
	        Index Cond: ((k >= 1473996) AND (k <= 1474096))

table 8 : explain SELECT k, c FROM sbtest8 WHERE k BETWEEN 1473996 AND 1474096
	Bitmap Heap Scan on sbtest8  (cost=5.51..421.31 rows=105 width=125)
	  Recheck Cond: ((k >= 1473996) AND (k <= 1474096))
	  ->  Bitmap Index Scan on k_8  (cost=0.00..5.48 rows=105 width=0)
	        Index Cond: ((k >= 1473996) AND (k <= 1474096))

explain: for range-notcovered :: explain SELECT k, c FROM sbtest%d WHERE k BETWEEN 3578842 AND 3578942
explain: for range-notcovered :: explain SELECT k, c FROM sbtest%d WHERE k BETWEEN 4611842 AND 4611942
explain: for range-notcovered :: explain SELECT k, c FROM sbtest%d WHERE k BETWEEN 470817 AND 470917
explain: for range-notcovered :: explain SELECT k, c FROM sbtest%d WHERE k BETWEEN 1147091 AND 1147191
explain: for range-notcovered :: explain SELECT k, c FROM sbtest%d WHERE k BETWEEN 7185395 AND 7185495
for range-notcovered
table 1 : explain SELECT k, c FROM sbtest1 WHERE k BETWEEN 7846121 AND 7846221
	Bitmap Heap Scan on sbtest1  (cost=5.46..401.65 rows=100 width=125)
	  Recheck Cond: ((k >= 7846121) AND (k <= 7846221))
	  ->  Bitmap Index Scan on k_1  (cost=0.00..5.43 rows=100 width=0)
	        Index Cond: ((k >= 7846121) AND (k <= 7846221))

table 2 : explain SELECT k, c FROM sbtest2 WHERE k BETWEEN 7846121 AND 7846221
	Bitmap Heap Scan on sbtest2  (cost=5.43..389.71 rows=97 width=125)
	  Recheck Cond: ((k >= 7846121) AND (k <= 7846221))
	  ->  Bitmap Index Scan on k_2  (cost=0.00..5.40 rows=97 width=0)
	        Index Cond: ((k >= 7846121) AND (k <= 7846221))

table 3 : explain SELECT k, c FROM sbtest3 WHERE k BETWEEN 7846121 AND 7846221
	Bitmap Heap Scan on sbtest3  (cost=5.35..358.30 rows=89 width=125)
	  Recheck Cond: ((k >= 7846121) AND (k <= 7846221))
	  ->  Bitmap Index Scan on k_3  (cost=0.00..5.32 rows=89 width=0)
	        Index Cond: ((k >= 7846121) AND (k <= 7846221))

table 4 : explain SELECT k, c FROM sbtest4 WHERE k BETWEEN 7846121 AND 7846221
	Bitmap Heap Scan on sbtest4  (cost=5.52..425.42 rows=106 width=125)
	  Recheck Cond: ((k >= 7846121) AND (k <= 7846221))
	  ->  Bitmap Index Scan on k_4  (cost=0.00..5.50 rows=106 width=0)
	        Index Cond: ((k >= 7846121) AND (k <= 7846221))

table 5 : explain SELECT k, c FROM sbtest5 WHERE k BETWEEN 7846121 AND 7846221
	Bitmap Heap Scan on sbtest5  (cost=5.50..417.52 rows=104 width=125)
	  Recheck Cond: ((k >= 7846121) AND (k <= 7846221))
	  ->  Bitmap Index Scan on k_5  (cost=0.00..5.47 rows=104 width=0)
	        Index Cond: ((k >= 7846121) AND (k <= 7846221))

table 6 : explain SELECT k, c FROM sbtest6 WHERE k BETWEEN 7846121 AND 7846221
	Bitmap Heap Scan on sbtest6  (cost=5.57..445.01 rows=111 width=125)
	  Recheck Cond: ((k >= 7846121) AND (k <= 7846221))
	  ->  Bitmap Index Scan on k_6  (cost=0.00..5.54 rows=111 width=0)
	        Index Cond: ((k >= 7846121) AND (k <= 7846221))

table 7 : explain SELECT k, c FROM sbtest7 WHERE k BETWEEN 7846121 AND 7846221
	Bitmap Heap Scan on sbtest7  (cost=5.38..370.12 rows=92 width=125)
	  Recheck Cond: ((k >= 7846121) AND (k <= 7846221))
	  ->  Bitmap Index Scan on k_7  (cost=0.00..5.35 rows=92 width=0)
	        Index Cond: ((k >= 7846121) AND (k <= 7846221))

table 8 : explain SELECT k, c FROM sbtest8 WHERE k BETWEEN 7846121 AND 7846221
	Bitmap Heap Scan on sbtest8  (cost=5.52..425.25 rows=106 width=125)
	  Recheck Cond: ((k >= 7846121) AND (k <= 7846221))
	  ->  Bitmap Index Scan on k_8  (cost=0.00..5.50 rows=106 width=0)
	        Index Cond: ((k >= 7846121) AND (k <= 7846221))

for range-notcovered
table 1 : explain SELECT k, c FROM sbtest1 WHERE k BETWEEN 5247593 AND 5247693
	Bitmap Heap Scan on sbtest1  (cost=5.49..413.49 rows=103 width=125)
	  Recheck Cond: ((k >= 5247593) AND (k <= 5247693))
	  ->  Bitmap Index Scan on k_1  (cost=0.00..5.46 rows=103 width=0)
	        Index Cond: ((k >= 5247593) AND (k <= 5247693))

table 2 : explain SELECT k, c FROM sbtest2 WHERE k BETWEEN 5247593 AND 5247693
	Bitmap Heap Scan on sbtest2  (cost=5.52..425.20 rows=106 width=125)
	  Recheck Cond: ((k >= 5247593) AND (k <= 5247693))
	  ->  Bitmap Index Scan on k_2  (cost=0.00..5.50 rows=106 width=0)
	        Index Cond: ((k >= 5247593) AND (k <= 5247693))

table 3 : explain SELECT k, c FROM sbtest3 WHERE k BETWEEN 5247593 AND 5247693
	Bitmap Heap Scan on sbtest3  (cost=5.52..425.41 rows=106 width=125)
	  Recheck Cond: ((k >= 5247593) AND (k <= 5247693))
	  ->  Bitmap Index Scan on k_3  (cost=0.00..5.50 rows=106 width=0)
	        Index Cond: ((k >= 5247593) AND (k <= 5247693))

table 4 : explain SELECT k, c FROM sbtest4 WHERE k BETWEEN 5247593 AND 5247693
	Bitmap Heap Scan on sbtest4  (cost=5.50..417.53 rows=104 width=125)
	  Recheck Cond: ((k >= 5247593) AND (k <= 5247693))
	  ->  Bitmap Index Scan on k_4  (cost=0.00..5.47 rows=104 width=0)
	        Index Cond: ((k >= 5247593) AND (k <= 5247693))

table 5 : explain SELECT k, c FROM sbtest5 WHERE k BETWEEN 5247593 AND 5247693
	Bitmap Heap Scan on sbtest5  (cost=5.63..468.78 rows=117 width=125)
	  Recheck Cond: ((k >= 5247593) AND (k <= 5247693))
	  ->  Bitmap Index Scan on k_5  (cost=0.00..5.60 rows=117 width=0)
	        Index Cond: ((k >= 5247593) AND (k <= 5247693))

table 6 : explain SELECT k, c FROM sbtest6 WHERE k BETWEEN 5247593 AND 5247693
	Bitmap Heap Scan on sbtest6  (cost=5.38..370.06 rows=92 width=125)
	  Recheck Cond: ((k >= 5247593) AND (k <= 5247693))
	  ->  Bitmap Index Scan on k_6  (cost=0.00..5.35 rows=92 width=0)
	        Index Cond: ((k >= 5247593) AND (k <= 5247693))

table 7 : explain SELECT k, c FROM sbtest7 WHERE k BETWEEN 5247593 AND 5247693
	Bitmap Heap Scan on sbtest7  (cost=5.50..417.49 rows=104 width=125)
	  Recheck Cond: ((k >= 5247593) AND (k <= 5247693))
	  ->  Bitmap Index Scan on k_7  (cost=0.00..5.47 rows=104 width=0)
	        Index Cond: ((k >= 5247593) AND (k <= 5247693))

table 8 : explain SELECT k, c FROM sbtest8 WHERE k BETWEEN 5247593 AND 5247693
	Bitmap Heap Scan on sbtest8  (cost=5.46..401.59 rows=100 width=125)
	  Recheck Cond: ((k >= 5247593) AND (k <= 5247693))
	  ->  Bitmap Index Scan on k_8  (cost=0.00..5.43 rows=100 width=0)
	        Index Cond: ((k >= 5247593) AND (k <= 5247693))

for range-notcovered
table 1 : explain SELECT k, c FROM sbtest1 WHERE k BETWEEN 5974180 AND 5974280
	Bitmap Heap Scan on sbtest1  (cost=5.55..437.15 rows=109 width=125)
	  Recheck Cond: ((k >= 5974180) AND (k <= 5974280))
	  ->  Bitmap Index Scan on k_1  (cost=0.00..5.52 rows=109 width=0)
	        Index Cond: ((k >= 5974180) AND (k <= 5974280))

table 2 : explain SELECT k, c FROM sbtest2 WHERE k BETWEEN 5974180 AND 5974280
	Bitmap Heap Scan on sbtest2  (cost=5.48..409.43 rows=102 width=125)
	  Recheck Cond: ((k >= 5974180) AND (k <= 5974280))
	  ->  Bitmap Index Scan on k_2  (cost=0.00..5.45 rows=102 width=0)
	        Index Cond: ((k >= 5974180) AND (k <= 5974280))

table 3 : explain SELECT k, c FROM sbtest3 WHERE k BETWEEN 5974180 AND 5974280
	Bitmap Heap Scan on sbtest3  (cost=5.43..389.89 rows=97 width=125)
	  Recheck Cond: ((k >= 5974180) AND (k <= 5974280))
	  ->  Bitmap Index Scan on k_3  (cost=0.00..5.40 rows=97 width=0)
	        Index Cond: ((k >= 5974180) AND (k <= 5974280))

table 4 : explain SELECT k, c FROM sbtest4 WHERE k BETWEEN 5974180 AND 5974280
	Bitmap Heap Scan on sbtest4  (cost=5.40..378.06 rows=94 width=125)
	  Recheck Cond: ((k >= 5974180) AND (k <= 5974280))
	  ->  Bitmap Index Scan on k_4  (cost=0.00..5.38 rows=94 width=0)
	        Index Cond: ((k >= 5974180) AND (k <= 5974280))

table 5 : explain SELECT k, c FROM sbtest5 WHERE k BETWEEN 5974180 AND 5974280
	Bitmap Heap Scan on sbtest5  (cost=5.36..362.25 rows=90 width=125)
	  Recheck Cond: ((k >= 5974180) AND (k <= 5974280))
	  ->  Bitmap Index Scan on k_5  (cost=0.00..5.33 rows=90 width=0)
	        Index Cond: ((k >= 5974180) AND (k <= 5974280))

table 6 : explain SELECT k, c FROM sbtest6 WHERE k BETWEEN 5974180 AND 5974280
	Bitmap Heap Scan on sbtest6  (cost=5.53..429.24 rows=107 width=125)
	  Recheck Cond: ((k >= 5974180) AND (k <= 5974280))
	  ->  Bitmap Index Scan on k_6  (cost=0.00..5.50 rows=107 width=0)
	        Index Cond: ((k >= 5974180) AND (k <= 5974280))

table 7 : explain SELECT k, c FROM sbtest7 WHERE k BETWEEN 5974180 AND 5974280
	Bitmap Heap Scan on sbtest7  (cost=5.46..401.71 rows=100 width=125)
	  Recheck Cond: ((k >= 5974180) AND (k <= 5974280))
	  ->  Bitmap Index Scan on k_7  (cost=0.00..5.43 rows=100 width=0)
	        Index Cond: ((k >= 5974180) AND (k <= 5974280))

table 8 : explain SELECT k, c FROM sbtest8 WHERE k BETWEEN 5974180 AND 5974280
	Bitmap Heap Scan on sbtest8  (cost=5.48..409.48 rows=102 width=125)
	  Recheck Cond: ((k >= 5974180) AND (k <= 5974280))
	  ->  Bitmap Index Scan on k_8  (cost=0.00..5.45 rows=102 width=0)
	        Index Cond: ((k >= 5974180) AND (k <= 5974280))

explain: for range-notcovered :: explain SELECT k, c FROM sbtest%d WHERE k BETWEEN 5974180 AND 5974280
for range-notcovered
table 1 : explain SELECT k, c FROM sbtest1 WHERE k BETWEEN 5361468 AND 5361568
	Bitmap Heap Scan on sbtest1  (cost=5.41..381.92 rows=95 width=125)
	  Recheck Cond: ((k >= 5361468) AND (k <= 5361568))
	  ->  Bitmap Index Scan on k_1  (cost=0.00..5.38 rows=95 width=0)
	        Index Cond: ((k >= 5361468) AND (k <= 5361568))

table 2 : explain SELECT k, c FROM sbtest2 WHERE k BETWEEN 5361468 AND 5361568
	Bitmap Heap Scan on sbtest2  (cost=5.44..393.66 rows=98 width=125)
	  Recheck Cond: ((k >= 5361468) AND (k <= 5361568))
	  ->  Bitmap Index Scan on k_2  (cost=0.00..5.42 rows=98 width=0)
	        Index Cond: ((k >= 5361468) AND (k <= 5361568))

table 3 : explain SELECT k, c FROM sbtest3 WHERE k BETWEEN 5361468 AND 5361568
	Bitmap Heap Scan on sbtest3  (cost=5.51..421.47 rows=105 width=125)
	  Recheck Cond: ((k >= 5361468) AND (k <= 5361568))
	  ->  Bitmap Index Scan on k_3  (cost=0.00..5.48 rows=105 width=0)
	        Index Cond: ((k >= 5361468) AND (k <= 5361568))

table 4 : explain SELECT k, c FROM sbtest4 WHERE k BETWEEN 5361468 AND 5361568
	Bitmap Heap Scan on sbtest4  (cost=5.42..385.95 rows=96 width=125)
	  Recheck Cond: ((k >= 5361468) AND (k <= 5361568))
	  ->  Bitmap Index Scan on k_4  (cost=0.00..5.39 rows=96 width=0)
	        Index Cond: ((k >= 5361468) AND (k <= 5361568))

table 5 : explain SELECT k, c FROM sbtest5 WHERE k BETWEEN 5361468 AND 5361568
	Bitmap Heap Scan on sbtest5  (cost=5.43..389.89 rows=97 width=125)
	  Recheck Cond: ((k >= 5361468) AND (k <= 5361568))
	  ->  Bitmap Index Scan on k_5  (cost=0.00..5.40 rows=97 width=0)
	        Index Cond: ((k >= 5361468) AND (k <= 5361568))

table 6 : explain SELECT k, c FROM sbtest6 WHERE k BETWEEN 5361468 AND 5361568
	Bitmap Heap Scan on sbtest6  (cost=5.44..393.74 rows=98 width=125)
	  Recheck Cond: ((k >= 5361468) AND (k <= 5361568))
	  ->  Bitmap Index Scan on k_6  (cost=0.00..5.42 rows=98 width=0)
	        Index Cond: ((k >= 5361468) AND (k <= 5361568))

table 7 : explain SELECT k, c FROM sbtest7 WHERE k BETWEEN 5361468 AND 5361568
	Bitmap Heap Scan on sbtest7  (cost=5.51..421.43 rows=105 width=125)
	  Recheck Cond: ((k >= 5361468) AND (k <= 5361568))
	  ->  Bitmap Index Scan on k_7  (cost=0.00..5.48 rows=105 width=0)
	        Index Cond: ((k >= 5361468) AND (k <= 5361568))

table 8 : explain SELECT k, c FROM sbtest8 WHERE k BETWEEN 5361468 AND 5361568
	Bitmap Heap Scan on sbtest8  (cost=5.48..409.48 rows=102 width=125)
	  Recheck Cond: ((k >= 5361468) AND (k <= 5361568))
	  ->  Bitmap Index Scan on k_8  (cost=0.00..5.45 rows=102 width=0)
	        Index Cond: ((k >= 5361468) AND (k <= 5361568))

for range-notcovered
table 1 : explain SELECT k, c FROM sbtest1 WHERE k BETWEEN 6071438 AND 6071538
	Bitmap Heap Scan on sbtest1  (cost=5.60..456.86 rows=114 width=125)
	  Recheck Cond: ((k >= 6071438) AND (k <= 6071538))
	  ->  Bitmap Index Scan on k_1  (cost=0.00..5.58 rows=114 width=0)
	        Index Cond: ((k >= 6071438) AND (k <= 6071538))

table 2 : explain SELECT k, c FROM sbtest2 WHERE k BETWEEN 6071438 AND 6071538
	Bitmap Heap Scan on sbtest2  (cost=5.40..377.88 rows=94 width=125)
	  Recheck Cond: ((k >= 6071438) AND (k <= 6071538))
	  ->  Bitmap Index Scan on k_2  (cost=0.00..5.38 rows=94 width=0)
	        Index Cond: ((k >= 6071438) AND (k <= 6071538))

table 3 : explain SELECT k, c FROM sbtest3 WHERE k BETWEEN 6071438 AND 6071538
	Bitmap Heap Scan on sbtest3  (cost=5.39..374.10 rows=93 width=125)
	  Recheck Cond: ((k >= 6071438) AND (k <= 6071538))
	  ->  Bitmap Index Scan on k_3  (cost=0.00..5.36 rows=93 width=0)
	        Index Cond: ((k >= 6071438) AND (k <= 6071538))

table 4 : explain SELECT k, c FROM sbtest4 WHERE k BETWEEN 6071438 AND 6071538
	Bitmap Heap Scan on sbtest4  (cost=5.48..409.64 rows=102 width=125)
	  Recheck Cond: ((k >= 6071438) AND (k <= 6071538))
	  ->  Bitmap Index Scan on k_4  (cost=0.00..5.45 rows=102 width=0)
	        Index Cond: ((k >= 6071438) AND (k <= 6071538))

table 5 : explain SELECT k, c FROM sbtest5 WHERE k BETWEEN 6071438 AND 6071538
	Bitmap Heap Scan on sbtest5  (cost=5.42..385.94 rows=96 width=125)
	  Recheck Cond: ((k >= 6071438) AND (k <= 6071538))
	  ->  Bitmap Index Scan on k_5  (cost=0.00..5.39 rows=96 width=0)
	        Index Cond: ((k >= 6071438) AND (k <= 6071538))

table 6 : explain SELECT k, c FROM sbtest6 WHERE k BETWEEN 6071438 AND 6071538
	Bitmap Heap Scan on sbtest6  (cost=5.50..417.41 rows=104 width=125)
	  Recheck Cond: ((k >= 6071438) AND (k <= 6071538))
	  ->  Bitmap Index Scan on k_6  (cost=0.00..5.47 rows=104 width=0)
	        Index Cond: ((k >= 6071438) AND (k <= 6071538))

table 7 : explain SELECT k, c FROM sbtest7 WHERE k BETWEEN 6071438 AND 6071538
	Bitmap Heap Scan on sbtest7  (cost=5.62..464.80 rows=116 width=125)
	  Recheck Cond: ((k >= 6071438) AND (k <= 6071538))
	  ->  Bitmap Index Scan on k_7  (cost=0.00..5.59 rows=116 width=0)
	        Index Cond: ((k >= 6071438) AND (k <= 6071538))

table 8 : explain SELECT k, c FROM sbtest8 WHERE k BETWEEN 6071438 AND 6071538
	Bitmap Heap Scan on sbtest8  (cost=5.38..370.02 rows=92 width=125)
	  Recheck Cond: ((k >= 6071438) AND (k <= 6071538))
	  ->  Bitmap Index Scan on k_8  (cost=0.00..5.35 rows=92 width=0)
	        Index Cond: ((k >= 6071438) AND (k <= 6071538))

for range-notcovered
table 1 : explain SELECT k, c FROM sbtest1 WHERE k BETWEEN 7739913 AND 7740013
	Bitmap Heap Scan on sbtest1  (cost=5.47..405.60 rows=101 width=125)
	  Recheck Cond: ((k >= 7739913) AND (k <= 7740013))
	  ->  Bitmap Index Scan on k_1  (cost=0.00..5.44 rows=101 width=0)
	        Index Cond: ((k >= 7739913) AND (k <= 7740013))

table 2 : explain SELECT k, c FROM sbtest2 WHERE k BETWEEN 7739913 AND 7740013
	Bitmap Heap Scan on sbtest2  (cost=5.48..409.43 rows=102 width=125)
	  Recheck Cond: ((k >= 7739913) AND (k <= 7740013))
	  ->  Bitmap Index Scan on k_2  (cost=0.00..5.45 rows=102 width=0)
	        Index Cond: ((k >= 7739913) AND (k <= 7740013))

table 3 : explain SELECT k, c FROM sbtest3 WHERE k BETWEEN 7739913 AND 7740013
	Bitmap Heap Scan on sbtest3  (cost=5.50..417.52 rows=104 width=125)
	  Recheck Cond: ((k >= 7739913) AND (k <= 7740013))
	  ->  Bitmap Index Scan on k_3  (cost=0.00..5.47 rows=104 width=0)
	        Index Cond: ((k >= 7739913) AND (k <= 7740013))

table 4 : explain SELECT k, c FROM sbtest4 WHERE k BETWEEN 7739913 AND 7740013
	Bitmap Heap Scan on sbtest4  (cost=5.58..449.08 rows=112 width=125)
	  Recheck Cond: ((k >= 7739913) AND (k <= 7740013))
	  ->  Bitmap Index Scan on k_4  (cost=0.00..5.55 rows=112 width=0)
	        Index Cond: ((k >= 7739913) AND (k <= 7740013))

table 5 : explain SELECT k, c FROM sbtest5 WHERE k BETWEEN 7739913 AND 7740013
	Bitmap Heap Scan on sbtest5  (cost=5.47..405.68 rows=101 width=125)
	  Recheck Cond: ((k >= 7739913) AND (k <= 7740013))
	  ->  Bitmap Index Scan on k_5  (cost=0.00..5.44 rows=101 width=0)
	        Index Cond: ((k >= 7739913) AND (k <= 7740013))

table 6 : explain SELECT k, c FROM sbtest6 WHERE k BETWEEN 7739913 AND 7740013
	Bitmap Heap Scan on sbtest6  (cost=5.45..397.69 rows=99 width=125)
	  Recheck Cond: ((k >= 7739913) AND (k <= 7740013))
	  ->  Bitmap Index Scan on k_6  (cost=0.00..5.42 rows=99 width=0)
	        Index Cond: ((k >= 7739913) AND (k <= 7740013))

table 7 : explain SELECT k, c FROM sbtest7 WHERE k BETWEEN 7739913 AND 7740013
	Bitmap Heap Scan on sbtest7  (cost=5.34..354.32 rows=88 width=125)
	  Recheck Cond: ((k >= 7739913) AND (k <= 7740013))
	  ->  Bitmap Index Scan on k_7  (cost=0.00..5.31 rows=88 width=0)
	        Index Cond: ((k >= 7739913) AND (k <= 7740013))

table 8 : explain SELECT k, c FROM sbtest8 WHERE k BETWEEN 7739913 AND 7740013
	Bitmap Heap Scan on sbtest8  (cost=5.46..401.59 rows=100 width=125)
	  Recheck Cond: ((k >= 7739913) AND (k <= 7740013))
	  ->  Bitmap Index Scan on k_8  (cost=0.00..5.43 rows=100 width=0)
	        Index Cond: ((k >= 7739913) AND (k <= 7740013))
explain: for range-notcovered :: explain SELECT k, c FROM sbtest%d WHERE k BETWEEN 2385200 AND 2385300

for range-notcovered
table 1 : explain SELECT k, c FROM sbtest1 WHERE k BETWEEN 3648762 AND 3648862
	Bitmap Heap Scan on sbtest1  (cost=5.53..429.27 rows=107 width=125)
	  Recheck Cond: ((k >= 3648762) AND (k <= 3648862))
	  ->  Bitmap Index Scan on k_1  (cost=0.00..5.50 rows=107 width=0)
	        Index Cond: ((k >= 3648762) AND (k <= 3648862))

table 2 : explain SELECT k, c FROM sbtest2 WHERE k BETWEEN 3648762 AND 3648862
	Bitmap Heap Scan on sbtest2  (cost=5.48..409.43 rows=102 width=125)
	  Recheck Cond: ((k >= 3648762) AND (k <= 3648862))
	  ->  Bitmap Index Scan on k_2  (cost=0.00..5.45 rows=102 width=0)
	        Index Cond: ((k >= 3648762) AND (k <= 3648862))

table 3 : explain SELECT k, c FROM sbtest3 WHERE k BETWEEN 3648762 AND 3648862
	Bitmap Heap Scan on sbtest3  (cost=5.56..441.19 rows=110 width=125)
	  Recheck Cond: ((k >= 3648762) AND (k <= 3648862))
	  ->  Bitmap Index Scan on k_3  (cost=0.00..5.53 rows=110 width=0)
	        Index Cond: ((k >= 3648762) AND (k <= 3648862))

table 4 : explain SELECT k, c FROM sbtest4 WHERE k BETWEEN 3648762 AND 3648862
	Bitmap Heap Scan on sbtest4  (cost=5.55..437.25 rows=109 width=125)
	  Recheck Cond: ((k >= 3648762) AND (k <= 3648862))
	  ->  Bitmap Index Scan on k_4  (cost=0.00..5.52 rows=109 width=0)
	        Index Cond: ((k >= 3648762) AND (k <= 3648862))

table 5 : explain SELECT k, c FROM sbtest5 WHERE k BETWEEN 3648762 AND 3648862
	Bitmap Heap Scan on sbtest5  (cost=5.59..453.01 rows=113 width=125)
	  Recheck Cond: ((k >= 3648762) AND (k <= 3648862))
	  ->  Bitmap Index Scan on k_5  (cost=0.00..5.56 rows=113 width=0)
	        Index Cond: ((k >= 3648762) AND (k <= 3648862))

table 6 : explain SELECT k, c FROM sbtest6 WHERE k BETWEEN 3648762 AND 3648862
	Bitmap Heap Scan on sbtest6  (cost=5.61..460.77 rows=115 width=125)
	  Recheck Cond: ((k >= 3648762) AND (k <= 3648862))
	  ->  Bitmap Index Scan on k_6  (cost=0.00..5.58 rows=115 width=0)
	        Index Cond: ((k >= 3648762) AND (k <= 3648862))

table 7 : explain SELECT k, c FROM sbtest7 WHERE k BETWEEN 3648762 AND 3648862
	Bitmap Heap Scan on sbtest7  (cost=5.41..381.97 rows=95 width=125)
	  Recheck Cond: ((k >= 3648762) AND (k <= 3648862))
	  ->  Bitmap Index Scan on k_7  (cost=0.00..5.38 rows=95 width=0)
	        Index Cond: ((k >= 3648762) AND (k <= 3648862))

table 8 : explain SELECT k, c FROM sbtest8 WHERE k BETWEEN 3648762 AND 3648862
	Bitmap Heap Scan on sbtest8  (cost=5.58..448.90 rows=112 width=125)
	  Recheck Cond: ((k >= 3648762) AND (k <= 3648862))
	  ->  Bitmap Index Scan on k_8  (cost=0.00..5.55 rows=112 width=0)
	        Index Cond: ((k >= 3648762) AND (k <= 3648862))

explain: for range-notcovered :: explain SELECT k, c FROM sbtest%d WHERE k BETWEEN 5361468 AND 5361568for range-notcovered
table 1 : explain SELECT k, c FROM sbtest1 WHERE k BETWEEN 6633405 AND 6633505
	Bitmap Heap Scan on sbtest1  (cost=5.45..397.71 rows=99 width=125)
	  Recheck Cond: ((k >= 6633405) AND (k <= 6633505))
	  ->  Bitmap Index Scan on k_1  (cost=0.00..5.42 rows=99 width=0)
	        Index Cond: ((k >= 6633405) AND (k <= 6633505))

table 2 : explain SELECT k, c FROM sbtest2 WHERE k BETWEEN 6633405 AND 6633505
	Bitmap Heap Scan on sbtest2  (cost=5.48..409.43 rows=102 width=125)
	  Recheck Cond: ((k >= 6633405) AND (k <= 6633505))
	  ->  Bitmap Index Scan on k_2  (cost=0.00..5.45 rows=102 width=0)
	        Index Cond: ((k >= 6633405) AND (k <= 6633505))

table 3 : explain SELECT k, c FROM sbtest3 WHERE k BETWEEN 6633405 AND 6633505
	Bitmap Heap Scan on sbtest3  (cost=5.47..405.68 rows=101 width=125)
	  Recheck Cond: ((k >= 6633405) AND (k <= 6633505))
	  ->  Bitmap Index Scan on k_3  (cost=0.00..5.44 rows=101 width=0)
	        Index Cond: ((k >= 6633405) AND (k <= 6633505))

table 4 : explain SELECT k, c FROM sbtest4 WHERE k BETWEEN 6633405 AND 6633505
	Bitmap Heap Scan on sbtest4  (cost=5.48..409.64 rows=102 width=125)
	  Recheck Cond: ((k >= 6633405) AND (k <= 6633505))
	  ->  Bitmap Index Scan on k_4  (cost=0.00..5.45 rows=102 width=0)
	        Index Cond: ((k >= 6633405) AND (k <= 6633505))

table 5 : explain SELECT k, c FROM sbtest5 WHERE k BETWEEN 6633405 AND 6633505
	Bitmap Heap Scan on sbtest5  (cost=5.40..378.05 rows=94 width=125)
	  Recheck Cond: ((k >= 6633405) AND (k <= 6633505))
	  ->  Bitmap Index Scan on k_5  (cost=0.00..5.38 rows=94 width=0)
	        Index Cond: ((k >= 6633405) AND (k <= 6633505))

table 6 : explain SELECT k, c FROM sbtest6 WHERE k BETWEEN 6633405 AND 6633505
	Bitmap Heap Scan on sbtest6  (cost=5.47..405.58 rows=101 width=125)
	  Recheck Cond: ((k >= 6633405) AND (k <= 6633505))
	  ->  Bitmap Index Scan on k_6  (cost=0.00..5.44 rows=101 width=0)
	        Index Cond: ((k >= 6633405) AND (k <= 6633505))

table 7 : explain SELECT k, c FROM sbtest7 WHERE k BETWEEN 6633405 AND 6633505
	Bitmap Heap Scan on sbtest7  (cost=5.57..445.09 rows=111 width=125)
	  Recheck Cond: ((k >= 6633405) AND (k <= 6633505))
	  ->  Bitmap Index Scan on k_7  (cost=0.00..5.54 rows=111 width=0)
	        Index Cond: ((k >= 6633405) AND (k <= 6633505))

table 8 : explain SELECT k, c FROM sbtest8 WHERE k BETWEEN 6633405 AND 6633505
	Bitmap Heap Scan on sbtest8  (cost=5.46..401.59 rows=100 width=125)
	  Recheck Cond: ((k >= 6633405) AND (k <= 6633505))
	  ->  Bitmap Index Scan on k_8  (cost=0.00..5.43 rows=100 width=0)
	        Index Cond: ((k >= 6633405) AND (k <= 6633505))


explain: for range-notcovered :: explain SELECT k, c FROM sbtest%d WHERE k BETWEEN 7739913 AND 7740013
for range-notcovered
table 1 : explain SELECT k, c FROM sbtest1 WHERE k BETWEEN 2861958 AND 2862058
	Bitmap Heap Scan on sbtest1  (cost=5.44..393.76 rows=98 width=125)
	  Recheck Cond: ((k >= 2861958) AND (k <= 2862058))
	  ->  Bitmap Index Scan on k_1  (cost=0.00..5.42 rows=98 width=0)
	        Index Cond: ((k >= 2861958) AND (k <= 2862058))

table 2 : explain SELECT k, c FROM sbtest2 WHERE k BETWEEN 2861958 AND 2862058
	Bitmap Heap Scan on sbtest2  (cost=5.39..373.93 rows=93 width=125)
	  Recheck Cond: ((k >= 2861958) AND (k <= 2862058))
	  ->  Bitmap Index Scan on k_2  (cost=0.00..5.36 rows=93 width=0)
	        Index Cond: ((k >= 2861958) AND (k <= 2862058))

table 3 : explain SELECT k, c FROM sbtest3 WHERE k BETWEEN 2861958 AND 2862058
	Bitmap Heap Scan on sbtest3  (cost=5.46..401.74 rows=100 width=125)
	  Recheck Cond: ((k >= 2861958) AND (k <= 2862058))
	  ->  Bitmap Index Scan on k_3  (cost=0.00..5.43 rows=100 width=0)
	        Index Cond: ((k >= 2861958) AND (k <= 2862058))

table 4 : explain SELECT k, c FROM sbtest4 WHERE k BETWEEN 2861958 AND 2862058
	Bitmap Heap Scan on sbtest4  (cost=5.46..401.74 rows=100 width=125)
	  Recheck Cond: ((k >= 2861958) AND (k <= 2862058))
	  ->  Bitmap Index Scan on k_4  (cost=0.00..5.43 rows=100 width=0)
	        Index Cond: ((k >= 2861958) AND (k <= 2862058))

table 5 : explain SELECT k, c FROM sbtest5 WHERE k BETWEEN 2861958 AND 2862058
	Bitmap Heap Scan on sbtest5  (cost=5.44..393.84 rows=98 width=125)
	  Recheck Cond: ((k >= 2861958) AND (k <= 2862058))
	  ->  Bitmap Index Scan on k_5  (cost=0.00..5.42 rows=98 width=0)
	        Index Cond: ((k >= 2861958) AND (k <= 2862058))

table 6 : explain SELECT k, c FROM sbtest6 WHERE k BETWEEN 2861958 AND 2862058
	Bitmap Heap Scan on sbtest6  (cost=5.46..401.63 rows=100 width=125)
	  Recheck Cond: ((k >= 2861958) AND (k <= 2862058))
	  ->  Bitmap Index Scan on k_6  (cost=0.00..5.43 rows=100 width=0)
	        Index Cond: ((k >= 2861958) AND (k <= 2862058))

table 7 : explain SELECT k, c FROM sbtest7 WHERE k BETWEEN 2861958 AND 2862058
	Bitmap Heap Scan on sbtest7  (cost=5.57..445.09 rows=111 width=125)
	  Recheck Cond: ((k >= 2861958) AND (k <= 2862058))
	  ->  Bitmap Index Scan on k_7  (cost=0.00..5.54 rows=111 width=0)
	        Index Cond: ((k >= 2861958) AND (k <= 2862058))

table 8 : explain SELECT k, c FROM sbtest8 WHERE k BETWEEN 2861958 AND 2862058
	Bitmap Heap Scan on sbtest8  (cost=5.50..417.37 rows=104 width=125)
	  Recheck Cond: ((k >= 2861958) AND (k <= 2862058))
	  ->  Bitmap Index Scan on k_8  (cost=0.00..5.47 rows=104 width=0)
	        Index Cond: ((k >= 2861958) AND (k <= 2862058))

explain: for range-notcovered :: explain SELECT k, c FROM sbtest%d WHERE k BETWEEN 6071438 AND 6071538
explain: for range-notcovered :: explain SELECT k, c FROM sbtest%d WHERE k BETWEEN 6633405 AND 6633505
for range-notcovered
table 1 : explain SELECT k, c FROM sbtest1 WHERE k BETWEEN 4611842 AND 4611942
	Bitmap Heap Scan on sbtest1  (cost=5.47..405.60 rows=101 width=125)
	  Recheck Cond: ((k >= 4611842) AND (k <= 4611942))
	  ->  Bitmap Index Scan on k_1  (cost=0.00..5.44 rows=101 width=0)
	        Index Cond: ((k >= 4611842) AND (k <= 4611942))

table 2 : explain SELECT k, c FROM sbtest2 WHERE k BETWEEN 4611842 AND 4611942
	Bitmap Heap Scan on sbtest2  (cost=5.54..433.09 rows=108 width=125)
	  Recheck Cond: ((k >= 4611842) AND (k <= 4611942))
	  ->  Bitmap Index Scan on k_2  (cost=0.00..5.51 rows=108 width=0)
	        Index Cond: ((k >= 4611842) AND (k <= 4611942))

table 3 : explain SELECT k, c FROM sbtest3 WHERE k BETWEEN 4611842 AND 4611942
	Bitmap Heap Scan on sbtest3  (cost=5.50..417.52 rows=104 width=125)
	  Recheck Cond: ((k >= 4611842) AND (k <= 4611942))
	  ->  Bitmap Index Scan on k_3  (cost=0.00..5.47 rows=104 width=0)
	        Index Cond: ((k >= 4611842) AND (k <= 4611942))

table 4 : explain SELECT k, c FROM sbtest4 WHERE k BETWEEN 4611842 AND 4611942
	Bitmap Heap Scan on sbtest4  (cost=5.35..358.30 rows=89 width=125)
	  Recheck Cond: ((k >= 4611842) AND (k <= 4611942))
	  ->  Bitmap Index Scan on k_4  (cost=0.00..5.32 rows=89 width=0)
	        Index Cond: ((k >= 4611842) AND (k <= 4611942))

table 5 : explain SELECT k, c FROM sbtest5 WHERE k BETWEEN 4611842 AND 4611942
	Bitmap Heap Scan on sbtest5  (cost=5.48..409.63 rows=102 width=125)
	  Recheck Cond: ((k >= 4611842) AND (k <= 4611942))
	  ->  Bitmap Index Scan on k_5  (cost=0.00..5.45 rows=102 width=0)
	        Index Cond: ((k >= 4611842) AND (k <= 4611942))

table 6 : explain SELECT k, c FROM sbtest6 WHERE k BETWEEN 4611842 AND 4611942
	Bitmap Heap Scan on sbtest6  (cost=5.50..417.41 rows=104 width=125)
	  Recheck Cond: ((k >= 4611842) AND (k <= 4611942))
	  ->  Bitmap Index Scan on k_6  (cost=0.00..5.47 rows=104 width=0)
	        Index Cond: ((k >= 4611842) AND (k <= 4611942))

table 7 : explain SELECT k, c FROM sbtest7 WHERE k BETWEEN 4611842 AND 4611942
	Bitmap Heap Scan on sbtest7  (cost=5.48..409.60 rows=102 width=125)
	  Recheck Cond: ((k >= 4611842) AND (k <= 4611942))
	  ->  Bitmap Index Scan on k_7  (cost=0.00..5.45 rows=102 width=0)
	        Index Cond: ((k >= 4611842) AND (k <= 4611942))

table 8 : explain SELECT k, c FROM sbtest8 WHERE k BETWEEN 4611842 AND 4611942
	Bitmap Heap Scan on sbtest8  (cost=5.62..464.66 rows=116 width=125)
	  Recheck Cond: ((k >= 4611842) AND (k <= 4611942))
	  ->  Bitmap Index Scan on k_8  (cost=0.00..5.59 rows=116 width=0)
	        Index Cond: ((k >= 4611842) AND (k <= 4611942))

for range-notcovered
table 1 : explain SELECT k, c FROM sbtest1 WHERE k BETWEEN 6853352 AND 6853452
	Bitmap Heap Scan on sbtest1  (cost=5.51..421.38 rows=105 width=125)
	  Recheck Cond: ((k >= 6853352) AND (k <= 6853452))
	  ->  Bitmap Index Scan on k_1  (cost=0.00..5.48 rows=105 width=0)
	        Index Cond: ((k >= 6853352) AND (k <= 6853452))

table 2 : explain SELECT k, c FROM sbtest2 WHERE k BETWEEN 6853352 AND 6853452
	Bitmap Heap Scan on sbtest2  (cost=5.53..429.15 rows=107 width=125)
	  Recheck Cond: ((k >= 6853352) AND (k <= 6853452))
	  ->  Bitmap Index Scan on k_2  (cost=0.00..5.50 rows=107 width=0)
	        Index Cond: ((k >= 6853352) AND (k <= 6853452))

table 3 : explain SELECT k, c FROM sbtest3 WHERE k BETWEEN 6853352 AND 6853452
	Bitmap Heap Scan on sbtest3  (cost=5.30..338.53 rows=84 width=125)
	  Recheck Cond: ((k >= 6853352) AND (k <= 6853452))
	  ->  Bitmap Index Scan on k_3  (cost=0.00..5.27 rows=84 width=0)
	        Index Cond: ((k >= 6853352) AND (k <= 6853452))

table 4 : explain SELECT k, c FROM sbtest4 WHERE k BETWEEN 6853352 AND 6853452
	Bitmap Heap Scan on sbtest4  (cost=5.55..437.25 rows=109 width=125)
	  Recheck Cond: ((k >= 6853352) AND (k <= 6853452))
	  ->  Bitmap Index Scan on k_4  (cost=0.00..5.52 rows=109 width=0)
	        Index Cond: ((k >= 6853352) AND (k <= 6853452))

table 5 : explain SELECT k, c FROM sbtest5 WHERE k BETWEEN 6853352 AND 6853452
	Bitmap Heap Scan on sbtest5  (cost=5.50..417.52 rows=104 width=125)
	  Recheck Cond: ((k >= 6853352) AND (k <= 6853452))
	  ->  Bitmap Index Scan on k_5  (cost=0.00..5.47 rows=104 width=0)
	        Index Cond: ((k >= 6853352) AND (k <= 6853452))

table 6 : explain SELECT k, c FROM sbtest6 WHERE k BETWEEN 6853352 AND 6853452
	Bitmap Heap Scan on sbtest6  (cost=5.49..413.47 rows=103 width=125)
	  Recheck Cond: ((k >= 6853352) AND (k <= 6853452))
	  ->  Bitmap Index Scan on k_6  (cost=0.00..5.46 rows=103 width=0)
	        Index Cond: ((k >= 6853352) AND (k <= 6853452))

table 7 : explain SELECT k, c FROM sbtest7 WHERE k BETWEEN 6853352 AND 6853452
	Bitmap Heap Scan on sbtest7  (cost=5.51..421.43 rows=105 width=125)
	  Recheck Cond: ((k >= 6853352) AND (k <= 6853452))
	  ->  Bitmap Index Scan on k_7  (cost=0.00..5.48 rows=105 width=0)
	        Index Cond: ((k >= 6853352) AND (k <= 6853452))

table 8 : explain SELECT k, c FROM sbtest8 WHERE k BETWEEN 6853352 AND 6853452
	Bitmap Heap Scan on sbtest8  (cost=5.59..452.84 rows=113 width=125)
	  Recheck Cond: ((k >= 6853352) AND (k <= 6853452))
	  ->  Bitmap Index Scan on k_8  (cost=0.00..5.56 rows=113 width=0)
	        Index Cond: ((k >= 6853352) AND (k <= 6853452))

explain: for range-notcovered :: explain SELECT k, c FROM sbtest%d WHERE k BETWEEN 2861958 AND 2862058
for range-notcovered
table 1 : explain SELECT k, c FROM sbtest1 WHERE k BETWEEN 7185395 AND 7185495
	Bitmap Heap Scan on sbtest1  (cost=5.39..374.03 rows=93 width=125)
	  Recheck Cond: ((k >= 7185395) AND (k <= 7185495))
	  ->  Bitmap Index Scan on k_1  (cost=0.00..5.36 rows=93 width=0)
	        Index Cond: ((k >= 7185395) AND (k <= 7185495))

table 2 : explain SELECT k, c FROM sbtest2 WHERE k BETWEEN 7185395 AND 7185495
	Bitmap Heap Scan on sbtest2  (cost=5.43..389.71 rows=97 width=125)
	  Recheck Cond: ((k >= 7185395) AND (k <= 7185495))
	  ->  Bitmap Index Scan on k_2  (cost=0.00..5.40 rows=97 width=0)
	        Index Cond: ((k >= 7185395) AND (k <= 7185495))

table 3 : explain SELECT k, c FROM sbtest3 WHERE k BETWEEN 7185395 AND 7185495
	Bitmap Heap Scan on sbtest3  (cost=5.47..405.68 rows=101 width=125)
	  Recheck Cond: ((k >= 7185395) AND (k <= 7185495))
	  ->  Bitmap Index Scan on k_3  (cost=0.00..5.44 rows=101 width=0)
	        Index Cond: ((k >= 7185395) AND (k <= 7185495))

table 4 : explain SELECT k, c FROM sbtest4 WHERE k BETWEEN 7185395 AND 7185495
	Bitmap Heap Scan on sbtest4  (cost=5.41..382.00 rows=95 width=125)
	  Recheck Cond: ((k >= 7185395) AND (k <= 7185495))
	  ->  Bitmap Index Scan on k_4  (cost=0.00..5.38 rows=95 width=0)
	        Index Cond: ((k >= 7185395) AND (k <= 7185495))

table 5 : explain SELECT k, c FROM sbtest5 WHERE k BETWEEN 7185395 AND 7185495
	Bitmap Heap Scan on sbtest5  (cost=5.47..405.68 rows=101 width=125)
	  Recheck Cond: ((k >= 7185395) AND (k <= 7185495))
	  ->  Bitmap Index Scan on k_5  (cost=0.00..5.44 rows=101 width=0)
	        Index Cond: ((k >= 7185395) AND (k <= 7185495))

table 6 : explain SELECT k, c FROM sbtest6 WHERE k BETWEEN 7185395 AND 7185495
	Bitmap Heap Scan on sbtest6  (cost=5.55..437.12 rows=109 width=125)
	  Recheck Cond: ((k >= 7185395) AND (k <= 7185495))
	  ->  Bitmap Index Scan on k_6  (cost=0.00..5.52 rows=109 width=0)
	        Index Cond: ((k >= 7185395) AND (k <= 7185495))

table 7 : explain SELECT k, c FROM sbtest7 WHERE k BETWEEN 7185395 AND 7185495
	Bitmap Heap Scan on sbtest7  (cost=5.46..401.71 rows=100 width=125)
	  Recheck Cond: ((k >= 7185395) AND (k <= 7185495))
	  ->  Bitmap Index Scan on k_7  (cost=0.00..5.43 rows=100 width=0)
	        Index Cond: ((k >= 7185395) AND (k <= 7185495))

table 8 : explain SELECT k, c FROM sbtest8 WHERE k BETWEEN 7185395 AND 7185495
	Bitmap Heap Scan on sbtest8  (cost=5.45..397.65 rows=99 width=125)
	  Recheck Cond: ((k >= 7185395) AND (k <= 7185495))
	  ->  Bitmap Index Scan on k_8  (cost=0.00..5.42 rows=99 width=0)
	        Index Cond: ((k >= 7185395) AND (k <= 7185495))

for range-notcovered
table 1 : explain SELECT k, c FROM sbtest1 WHERE k BETWEEN 3578842 AND 3578942
	Bitmap Heap Scan on sbtest1  (cost=5.50..417.43 rows=104 width=125)
	  Recheck Cond: ((k >= 3578842) AND (k <= 3578942))
	  ->  Bitmap Index Scan on k_1  (cost=0.00..5.47 rows=104 width=0)
	        Index Cond: ((k >= 3578842) AND (k <= 3578942))

table 2 : explain SELECT k, c FROM sbtest2 WHERE k BETWEEN 3578842 AND 3578942
	Bitmap Heap Scan on sbtest2  (cost=5.48..409.43 rows=102 width=125)
	  Recheck Cond: ((k >= 3578842) AND (k <= 3578942))
	  ->  Bitmap Index Scan on k_2  (cost=0.00..5.45 rows=102 width=0)
	        Index Cond: ((k >= 3578842) AND (k <= 3578942))

table 3 : explain SELECT k, c FROM sbtest3 WHERE k BETWEEN 3578842 AND 3578942
	Bitmap Heap Scan on sbtest3  (cost=5.56..441.19 rows=110 width=125)
	  Recheck Cond: ((k >= 3578842) AND (k <= 3578942))
	  ->  Bitmap Index Scan on k_3  (cost=0.00..5.53 rows=110 width=0)
	        Index Cond: ((k >= 3578842) AND (k <= 3578942))

table 4 : explain SELECT k, c FROM sbtest4 WHERE k BETWEEN 3578842 AND 3578942
	Bitmap Heap Scan on sbtest4  (cost=5.48..409.64 rows=102 width=125)
	  Recheck Cond: ((k >= 3578842) AND (k <= 3578942))
	  ->  Bitmap Index Scan on k_4  (cost=0.00..5.45 rows=102 width=0)
	        Index Cond: ((k >= 3578842) AND (k <= 3578942))

table 5 : explain SELECT k, c FROM sbtest5 WHERE k BETWEEN 3578842 AND 3578942
	Bitmap Heap Scan on sbtest5  (cost=5.45..397.79 rows=99 width=125)
	  Recheck Cond: ((k >= 3578842) AND (k <= 3578942))
	  ->  Bitmap Index Scan on k_5  (cost=0.00..5.42 rows=99 width=0)
	        Index Cond: ((k >= 3578842) AND (k <= 3578942))

table 6 : explain SELECT k, c FROM sbtest6 WHERE k BETWEEN 3578842 AND 3578942
	Bitmap Heap Scan on sbtest6  (cost=5.53..429.24 rows=107 width=125)
	  Recheck Cond: ((k >= 3578842) AND (k <= 3578942))
	  ->  Bitmap Index Scan on k_6  (cost=0.00..5.50 rows=107 width=0)
	        Index Cond: ((k >= 3578842) AND (k <= 3578942))

table 7 : explain SELECT k, c FROM sbtest7 WHERE k BETWEEN 3578842 AND 3578942
	Bitmap Heap Scan on sbtest7  (cost=5.49..413.54 rows=103 width=125)
	  Recheck Cond: ((k >= 3578842) AND (k <= 3578942))
	  ->  Bitmap Index Scan on k_7  (cost=0.00..5.46 rows=103 width=0)
	        Index Cond: ((k >= 3578842) AND (k <= 3578942))

table 8 : explain SELECT k, c FROM sbtest8 WHERE k BETWEEN 3578842 AND 3578942
	Bitmap Heap Scan on sbtest8  (cost=5.58..448.90 rows=112 width=125)
	  Recheck Cond: ((k >= 3578842) AND (k <= 3578942))
	  ->  Bitmap Index Scan on k_8  (cost=0.00..5.55 rows=112 width=0)
	        Index Cond: ((k >= 3578842) AND (k <= 3578942))
explain: for range-notcovered :: explain SELECT k, c FROM sbtest%d WHERE k BETWEEN 3648762 AND 3648862explain: for range-notcovered :: explain SELECT k, c FROM sbtest%d WHERE k BETWEEN 4611842 AND 4611942
for range-notcovered
table 1 : explain SELECT k, c FROM sbtest1 WHERE k BETWEEN 1147091 AND 1147191
	Bitmap Heap Scan on sbtest1  (cost=5.47..405.60 rows=101 width=125)
	  Recheck Cond: ((k >= 1147091) AND (k <= 1147191))
	  ->  Bitmap Index Scan on k_1  (cost=0.00..5.44 rows=101 width=0)
	        Index Cond: ((k >= 1147091) AND (k <= 1147191))

table 2 : explain SELECT k, c FROM sbtest2 WHERE k BETWEEN 1147091 AND 1147191
	Bitmap Heap Scan on sbtest2  (cost=5.44..393.66 rows=98 width=125)
	  Recheck Cond: ((k >= 1147091) AND (k <= 1147191))
	  ->  Bitmap Index Scan on k_2  (cost=0.00..5.42 rows=98 width=0)
	        Index Cond: ((k >= 1147091) AND (k <= 1147191))

table 3 : explain SELECT k, c FROM sbtest3 WHERE k BETWEEN 1147091 AND 1147191
	Bitmap Heap Scan on sbtest3  (cost=5.49..413.57 rows=103 width=125)
	  Recheck Cond: ((k >= 1147091) AND (k <= 1147191))
	  ->  Bitmap Index Scan on k_3  (cost=0.00..5.46 rows=103 width=0)
	        Index Cond: ((k >= 1147091) AND (k <= 1147191))

table 4 : explain SELECT k, c FROM sbtest4 WHERE k BETWEEN 1147091 AND 1147191
	Bitmap Heap Scan on sbtest4  (cost=5.61..460.91 rows=115 width=125)
	  Recheck Cond: ((k >= 1147091) AND (k <= 1147191))
	  ->  Bitmap Index Scan on k_4  (cost=0.00..5.58 rows=115 width=0)
	        Index Cond: ((k >= 1147091) AND (k <= 1147191))

table 5 : explain SELECT k, c FROM sbtest5 WHERE k BETWEEN 1147091 AND 1147191
	Bitmap Heap Scan on sbtest5  (cost=5.54..433.30 rows=108 width=125)
	  Recheck Cond: ((k >= 1147091) AND (k <= 1147191))
	  ->  Bitmap Index Scan on k_5  (cost=0.00..5.51 rows=108 width=0)
	        Index Cond: ((k >= 1147091) AND (k <= 1147191))

table 6 : explain SELECT k, c FROM sbtest6 WHERE k BETWEEN 1147091 AND 1147191
	Bitmap Heap Scan on sbtest6  (cost=5.51..421.35 rows=105 width=125)
	  Recheck Cond: ((k >= 1147091) AND (k <= 1147191))
	  ->  Bitmap Index Scan on k_6  (cost=0.00..5.48 rows=105 width=0)
	        Index Cond: ((k >= 1147091) AND (k <= 1147191))

table 7 : explain SELECT k, c FROM sbtest7 WHERE k BETWEEN 1147091 AND 1147191
	Bitmap Heap Scan on sbtest7  (cost=5.43..389.86 rows=97 width=125)
	  Recheck Cond: ((k >= 1147091) AND (k <= 1147191))
	  ->  Bitmap Index Scan on k_7  (cost=0.00..5.40 rows=97 width=0)
	        Index Cond: ((k >= 1147091) AND (k <= 1147191))

table 8 : explain SELECT k, c FROM sbtest8 WHERE k BETWEEN 1147091 AND 1147191
	Bitmap Heap Scan on sbtest8  (cost=5.46..401.59 rows=100 width=125)
	  Recheck Cond: ((k >= 1147091) AND (k <= 1147191))
	  ->  Bitmap Index Scan on k_8  (cost=0.00..5.43 rows=100 width=0)
	        Index Cond: ((k >= 1147091) AND (k <= 1147191))


explain: for range-notcovered :: explain SELECT k, c FROM sbtest%d WHERE k BETWEEN 7185395 AND 7185495
for range-notcovered
table 1 : explain SELECT k, c FROM sbtest1 WHERE k BETWEEN 1887775 AND 1887875
	Bitmap Heap Scan on sbtest1  (cost=5.49..413.49 rows=103 width=125)
	  Recheck Cond: ((k >= 1887775) AND (k <= 1887875))
	  ->  Bitmap Index Scan on k_1  (cost=0.00..5.46 rows=103 width=0)
	        Index Cond: ((k >= 1887775) AND (k <= 1887875))

table 2 : explain SELECT k, c FROM sbtest2 WHERE k BETWEEN 1887775 AND 1887875
	Bitmap Heap Scan on sbtest2  (cost=5.55..437.03 rows=109 width=125)
	  Recheck Cond: ((k >= 1887775) AND (k <= 1887875))
	  ->  Bitmap Index Scan on k_2  (cost=0.00..5.52 rows=109 width=0)
	        Index Cond: ((k >= 1887775) AND (k <= 1887875))

table 3 : explain SELECT k, c FROM sbtest3 WHERE k BETWEEN 1887775 AND 1887875
	Bitmap Heap Scan on sbtest3  (cost=5.45..397.79 rows=99 width=125)
	  Recheck Cond: ((k >= 1887775) AND (k <= 1887875))
	  ->  Bitmap Index Scan on k_3  (cost=0.00..5.42 rows=99 width=0)
	        Index Cond: ((k >= 1887775) AND (k <= 1887875))

table 4 : explain SELECT k, c FROM sbtest4 WHERE k BETWEEN 1887775 AND 1887875
	Bitmap Heap Scan on sbtest4  (cost=5.48..409.64 rows=102 width=125)
	  Recheck Cond: ((k >= 1887775) AND (k <= 1887875))
	  ->  Bitmap Index Scan on k_4  (cost=0.00..5.45 rows=102 width=0)
	        Index Cond: ((k >= 1887775) AND (k <= 1887875))

table 5 : explain SELECT k, c FROM sbtest5 WHERE k BETWEEN 1887775 AND 1887875
	Bitmap Heap Scan on sbtest5  (cost=5.49..413.57 rows=103 width=125)
	  Recheck Cond: ((k >= 1887775) AND (k <= 1887875))
	  ->  Bitmap Index Scan on k_5  (cost=0.00..5.46 rows=103 width=0)
	        Index Cond: ((k >= 1887775) AND (k <= 1887875))

table 6 : explain SELECT k, c FROM sbtest6 WHERE k BETWEEN 1887775 AND 1887875
	Bitmap Heap Scan on sbtest6  (cost=5.54..433.18 rows=108 width=125)
	  Recheck Cond: ((k >= 1887775) AND (k <= 1887875))
	  ->  Bitmap Index Scan on k_6  (cost=0.00..5.51 rows=108 width=0)
	        Index Cond: ((k >= 1887775) AND (k <= 1887875))

table 7 : explain SELECT k, c FROM sbtest7 WHERE k BETWEEN 1887775 AND 1887875
	Bitmap Heap Scan on sbtest7  (cost=5.45..397.76 rows=99 width=125)
	  Recheck Cond: ((k >= 1887775) AND (k <= 1887875))
	  ->  Bitmap Index Scan on k_7  (cost=0.00..5.42 rows=99 width=0)
	        Index Cond: ((k >= 1887775) AND (k <= 1887875))

table 8 : explain SELECT k, c FROM sbtest8 WHERE k BETWEEN 1887775 AND 1887875
	Bitmap Heap Scan on sbtest8  (cost=5.53..429.19 rows=107 width=125)
	  Recheck Cond: ((k >= 1887775) AND (k <= 1887875))
	  ->  Bitmap Index Scan on k_8  (cost=0.00..5.50 rows=107 width=0)
	        Index Cond: ((k >= 1887775) AND (k <= 1887875))

for range-notcovered
table 1 : explain SELECT k, c FROM sbtest1 WHERE k BETWEEN 470817 AND 470917
	Bitmap Heap Scan on sbtest1  (cost=5.53..429.27 rows=107 width=125)
	  Recheck Cond: ((k >= 470817) AND (k <= 470917))
	  ->  Bitmap Index Scan on k_1  (cost=0.00..5.50 rows=107 width=0)
	        Index Cond: ((k >= 470817) AND (k <= 470917))

table 2 : explain SELECT k, c FROM sbtest2 WHERE k BETWEEN 470817 AND 470917
	Bitmap Heap Scan on sbtest2  (cost=5.51..421.26 rows=105 width=125)
	  Recheck Cond: ((k >= 470817) AND (k <= 470917))
	  ->  Bitmap Index Scan on k_2  (cost=0.00..5.48 rows=105 width=0)
	        Index Cond: ((k >= 470817) AND (k <= 470917))

table 3 : explain SELECT k, c FROM sbtest3 WHERE k BETWEEN 470817 AND 470917
	Bitmap Heap Scan on sbtest3  (cost=5.45..397.79 rows=99 width=125)
	  Recheck Cond: ((k >= 470817) AND (k <= 470917))
	  ->  Bitmap Index Scan on k_3  (cost=0.00..5.42 rows=99 width=0)
	        Index Cond: ((k >= 470817) AND (k <= 470917))

table 4 : explain SELECT k, c FROM sbtest4 WHERE k BETWEEN 470817 AND 470917
	Bitmap Heap Scan on sbtest4  (cost=5.46..401.74 rows=100 width=125)
	  Recheck Cond: ((k >= 470817) AND (k <= 470917))
	  ->  Bitmap Index Scan on k_4  (cost=0.00..5.43 rows=100 width=0)
	        Index Cond: ((k >= 470817) AND (k <= 470917))

table 5 : explain SELECT k, c FROM sbtest5 WHERE k BETWEEN 470817 AND 470917
	Bitmap Heap Scan on sbtest5  (cost=5.44..393.84 rows=98 width=125)
	  Recheck Cond: ((k >= 470817) AND (k <= 470917))
	  ->  Bitmap Index Scan on k_5  (cost=0.00..5.42 rows=98 width=0)
	        Index Cond: ((k >= 470817) AND (k <= 470917))

table 6 : explain SELECT k, c FROM sbtest6 WHERE k BETWEEN 470817 AND 470917
	Bitmap Heap Scan on sbtest6  (cost=5.44..393.74 rows=98 width=125)
	  Recheck Cond: ((k >= 470817) AND (k <= 470917))
	  ->  Bitmap Index Scan on k_6  (cost=0.00..5.42 rows=98 width=0)
	        Index Cond: ((k >= 470817) AND (k <= 470917))

table 7 : explain SELECT k, c FROM sbtest7 WHERE k BETWEEN 470817 AND 470917
	Bitmap Heap Scan on sbtest7  (cost=5.49..413.54 rows=103 width=125)
	  Recheck Cond: ((k >= 470817) AND (k <= 470917))
	  ->  Bitmap Index Scan on k_7  (cost=0.00..5.46 rows=103 width=0)
	        Index Cond: ((k >= 470817) AND (k <= 470917))

table 8 : explain SELECT k, c FROM sbtest8 WHERE k BETWEEN 470817 AND 470917
	Bitmap Heap Scan on sbtest8  (cost=5.49..413.42 rows=103 width=125)
	  Recheck Cond: ((k >= 470817) AND (k <= 470917))
	  ->  Bitmap Index Scan on k_8  (cost=0.00..5.46 rows=103 width=0)
	        Index Cond: ((k >= 470817) AND (k <= 470917))
for range-notcovered
table 1 : explain SELECT k, c FROM sbtest1 WHERE k BETWEEN 5264729 AND 5264829
	Bitmap Heap Scan on sbtest1  (cost=5.49..413.49 rows=103 width=125)
	  Recheck Cond: ((k >= 5264729) AND (k <= 5264829))
	  ->  Bitmap Index Scan on k_1  (cost=0.00..5.46 rows=103 width=0)
	        Index Cond: ((k >= 5264729) AND (k <= 5264829))

table 2 : explain SELECT k, c FROM sbtest2 WHERE k BETWEEN 5264729 AND 5264829
	Bitmap Heap Scan on sbtest2  (cost=5.52..425.20 rows=106 width=125)
	  Recheck Cond: ((k >= 5264729) AND (k <= 5264829))
	  ->  Bitmap Index Scan on k_2  (cost=0.00..5.50 rows=106 width=0)
	        Index Cond: ((k >= 5264729) AND (k <= 5264829))

table 3 : explain SELECT k, c FROM sbtest3 WHERE k BETWEEN 5264729 AND 5264829
	Bitmap Heap Scan on sbtest3  (cost=5.51..421.47 rows=105 width=125)
	  Recheck Cond: ((k >= 5264729) AND (k <= 5264829))
	  ->  Bitmap Index Scan on k_3  (cost=0.00..5.48 rows=105 width=0)
	        Index Cond: ((k >= 5264729) AND (k <= 5264829))

table 4 : explain SELECT k, c FROM sbtest4 WHERE k BETWEEN 5264729 AND 5264829
	Bitmap Heap Scan on sbtest4  (cost=5.50..417.53 rows=104 width=125)
	  Recheck Cond: ((k >= 5264729) AND (k <= 5264829))
	  ->  Bitmap Index Scan on k_4  (cost=0.00..5.47 rows=104 width=0)
	        Index Cond: ((k >= 5264729) AND (k <= 5264829))

table 5 : explain SELECT k, c FROM sbtest5 WHERE k BETWEEN 5264729 AND 5264829
	Bitmap Heap Scan on sbtest5  (cost=5.41..382.00 rows=95 width=125)
	  Recheck Cond: ((k >= 5264729) AND (k <= 5264829))
	  ->  Bitmap Index Scan on k_5  (cost=0.00..5.38 rows=95 width=0)
	        Index Cond: ((k >= 5264729) AND (k <= 5264829))

table 6 : explain SELECT k, c FROM sbtest6 WHERE k BETWEEN 5264729 AND 5264829
	Bitmap Heap Scan on sbtest6  (cost=5.38..370.06 rows=92 width=125)
	  Recheck Cond: ((k >= 5264729) AND (k <= 5264829))
	  ->  Bitmap Index Scan on k_6  (cost=0.00..5.35 rows=92 width=0)
	        Index Cond: ((k >= 5264729) AND (k <= 5264829))

table 7 : explain SELECT k, c FROM sbtest7 WHERE k BETWEEN 5264729 AND 5264829
	Bitmap Heap Scan on sbtest7  (cost=5.50..417.49 rows=104 width=125)
	  Recheck Cond: ((k >= 5264729) AND (k <= 5264829))
	  ->  Bitmap Index Scan on k_7  (cost=0.00..5.47 rows=104 width=0)
	        Index Cond: ((k >= 5264729) AND (k <= 5264829))

table 8 : explain SELECT k, c FROM sbtest8 WHERE k BETWEEN 5264729 AND 5264829
	Bitmap Heap Scan on sbtest8  (cost=5.46..401.59 rows=100 width=125)
	  Recheck Cond: ((k >= 5264729) AND (k <= 5264829))
	  ->  Bitmap Index Scan on k_8  (cost=0.00..5.43 rows=100 width=0)
	        Index Cond: ((k >= 5264729) AND (k <= 5264829))

for range-notcovered
table 1 : explain SELECT k, c FROM sbtest1 WHERE k BETWEEN 1423202 AND 1423302
	Bitmap Heap Scan on sbtest1  (cost=5.45..397.71 rows=99 width=125)
	  Recheck Cond: ((k >= 1423202) AND (k <= 1423302))
	  ->  Bitmap Index Scan on k_1  (cost=0.00..5.42 rows=99 width=0)
	        Index Cond: ((k >= 1423202) AND (k <= 1423302))

table 2 : explain SELECT k, c FROM sbtest2 WHERE k BETWEEN 1423202 AND 1423302
	Bitmap Heap Scan on sbtest2  (cost=5.50..417.32 rows=104 width=125)
	  Recheck Cond: ((k >= 1423202) AND (k <= 1423302))
	  ->  Bitmap Index Scan on k_2  (cost=0.00..5.47 rows=104 width=0)
	        Index Cond: ((k >= 1423202) AND (k <= 1423302))

table 3 : explain SELECT k, c FROM sbtest3 WHERE k BETWEEN 1423202 AND 1423302
	Bitmap Heap Scan on sbtest3  (cost=5.62..464.84 rows=116 width=125)
	  Recheck Cond: ((k >= 1423202) AND (k <= 1423302))
	  ->  Bitmap Index Scan on k_3  (cost=0.00..5.59 rows=116 width=0)
	        Index Cond: ((k >= 1423202) AND (k <= 1423302))

table 4 : explain SELECT k, c FROM sbtest4 WHERE k BETWEEN 1423202 AND 1423302
	Bitmap Heap Scan on sbtest4  (cost=5.46..401.74 rows=100 width=125)
	  Recheck Cond: ((k >= 1423202) AND (k <= 1423302))
	  ->  Bitmap Index Scan on k_4  (cost=0.00..5.43 rows=100 width=0)
	        Index Cond: ((k >= 1423202) AND (k <= 1423302))

table 5 : explain SELECT k, c FROM sbtest5 WHERE k BETWEEN 1423202 AND 1423302
	Bitmap Heap Scan on sbtest5  (cost=5.61..460.89 rows=115 width=125)
	  Recheck Cond: ((k >= 1423202) AND (k <= 1423302))
	  ->  Bitmap Index Scan on k_5  (cost=0.00..5.58 rows=115 width=0)
	        Index Cond: ((k >= 1423202) AND (k <= 1423302))

table 6 : explain SELECT k, c FROM sbtest6 WHERE k BETWEEN 1423202 AND 1423302
	Bitmap Heap Scan on sbtest6  (cost=5.44..393.74 rows=98 width=125)
	  Recheck Cond: ((k >= 1423202) AND (k <= 1423302))
	  ->  Bitmap Index Scan on k_6  (cost=0.00..5.42 rows=98 width=0)
	        Index Cond: ((k >= 1423202) AND (k <= 1423302))

table 7 : explain SELECT k, c FROM sbtest7 WHERE k BETWEEN 1423202 AND 1423302
	Bitmap Heap Scan on sbtest7  (cost=5.48..409.60 rows=102 width=125)
	  Recheck Cond: ((k >= 1423202) AND (k <= 1423302))
	  ->  Bitmap Index Scan on k_7  (cost=0.00..5.45 rows=102 width=0)
	        Index Cond: ((k >= 1423202) AND (k <= 1423302))

table 8 : explain SELECT k, c FROM sbtest8 WHERE k BETWEEN 1423202 AND 1423302
	Bitmap Heap Scan on sbtest8  (cost=5.51..421.31 rows=105 width=125)
	  Recheck Cond: ((k >= 1423202) AND (k <= 1423302))
	  ->  Bitmap Index Scan on k_8  (cost=0.00..5.48 rows=105 width=0)
	        Index Cond: ((k >= 1423202) AND (k <= 1423302))



explain: for range-notcovered :: explain SELECT k, c FROM sbtest%d WHERE k BETWEEN 1147091 AND 1147191explain: for range-notcovered :: explain SELECT k, c FROM sbtest%d WHERE k BETWEEN 1887775 AND 1887875explain: for range-notcovered :: explain SELECT k, c FROM sbtest%d WHERE k BETWEEN 3578842 AND 3578942


explain: for range-notcovered :: explain SELECT k, c FROM sbtest%d WHERE k BETWEEN 6853352 AND 6853452explain: for range-notcovered :: explain SELECT k, c FROM sbtest%d WHERE k BETWEEN 1423202 AND 1423302for range-notcovered
table 1 : explain SELECT k, c FROM sbtest1 WHERE k BETWEEN 5974180 AND 5974280
	Bitmap Heap Scan on sbtest1  (cost=5.55..437.15 rows=109 width=125)
	  Recheck Cond: ((k >= 5974180) AND (k <= 5974280))
	  ->  Bitmap Index Scan on k_1  (cost=0.00..5.52 rows=109 width=0)
	        Index Cond: ((k >= 5974180) AND (k <= 5974280))

table 2 : explain SELECT k, c FROM sbtest2 WHERE k BETWEEN 5974180 AND 5974280
	Bitmap Heap Scan on sbtest2  (cost=5.48..409.43 rows=102 width=125)
	  Recheck Cond: ((k >= 5974180) AND (k <= 5974280))
	  ->  Bitmap Index Scan on k_2  (cost=0.00..5.45 rows=102 width=0)
	        Index Cond: ((k >= 5974180) AND (k <= 5974280))

table 3 : explain SELECT k, c FROM sbtest3 WHERE k BETWEEN 5974180 AND 5974280
	Bitmap Heap Scan on sbtest3  (cost=5.43..389.89 rows=97 width=125)
	  Recheck Cond: ((k >= 5974180) AND (k <= 5974280))
	  ->  Bitmap Index Scan on k_3  (cost=0.00..5.40 rows=97 width=0)
	        Index Cond: ((k >= 5974180) AND (k <= 5974280))

table 4 : explain SELECT k, c FROM sbtest4 WHERE k BETWEEN 5974180 AND 5974280
	Bitmap Heap Scan on sbtest4  (cost=5.40..378.06 rows=94 width=125)
	  Recheck Cond: ((k >= 5974180) AND (k <= 5974280))
	  ->  Bitmap Index Scan on k_4  (cost=0.00..5.38 rows=94 width=0)
	        Index Cond: ((k >= 5974180) AND (k <= 5974280))

table 5 : explain SELECT k, c FROM sbtest5 WHERE k BETWEEN 5974180 AND 5974280
	Bitmap Heap Scan on sbtest5  (cost=5.36..362.25 rows=90 width=125)
	  Recheck Cond: ((k >= 5974180) AND (k <= 5974280))
	  ->  Bitmap Index Scan on k_5  (cost=0.00..5.33 rows=90 width=0)
	        Index Cond: ((k >= 5974180) AND (k <= 5974280))

table 6 : explain SELECT k, c FROM sbtest6 WHERE k BETWEEN 5974180 AND 5974280
	Bitmap Heap Scan on sbtest6  (cost=5.53..429.24 rows=107 width=125)
	  Recheck Cond: ((k >= 5974180) AND (k <= 5974280))
	  ->  Bitmap Index Scan on k_6  (cost=0.00..5.50 rows=107 width=0)
	        Index Cond: ((k >= 5974180) AND (k <= 5974280))

table 7 : explain SELECT k, c FROM sbtest7 WHERE k BETWEEN 5974180 AND 5974280
	Bitmap Heap Scan on sbtest7  (cost=5.46..401.71 rows=100 width=125)
	  Recheck Cond: ((k >= 5974180) AND (k <= 5974280))
	  ->  Bitmap Index Scan on k_7  (cost=0.00..5.43 rows=100 width=0)
	        Index Cond: ((k >= 5974180) AND (k <= 5974280))

table 8 : explain SELECT k, c FROM sbtest8 WHERE k BETWEEN 5974180 AND 5974280
	Bitmap Heap Scan on sbtest8  (cost=5.48..409.48 rows=102 width=125)
	  Recheck Cond: ((k >= 5974180) AND (k <= 5974280))
	  ->  Bitmap Index Scan on k_8  (cost=0.00..5.45 rows=102 width=0)
	        Index Cond: ((k >= 5974180) AND (k <= 5974280))

explain: for range-notcovered :: explain SELECT k, c FROM sbtest%d WHERE k BETWEEN 470817 AND 470917


explain: for range-notcovered :: explain SELECT k, c FROM sbtest%d WHERE k BETWEEN 5974180 AND 5974280
for range-notcovered
table 1 : explain SELECT k, c FROM sbtest1 WHERE k BETWEEN 7739913 AND 7740013
	Bitmap Heap Scan on sbtest1  (cost=5.47..405.60 rows=101 width=125)
	  Recheck Cond: ((k >= 7739913) AND (k <= 7740013))
	  ->  Bitmap Index Scan on k_1  (cost=0.00..5.44 rows=101 width=0)
	        Index Cond: ((k >= 7739913) AND (k <= 7740013))

table 2 : explain SELECT k, c FROM sbtest2 WHERE k BETWEEN 7739913 AND 7740013
	Bitmap Heap Scan on sbtest2  (cost=5.48..409.43 rows=102 width=125)
	  Recheck Cond: ((k >= 7739913) AND (k <= 7740013))
	  ->  Bitmap Index Scan on k_2  (cost=0.00..5.45 rows=102 width=0)
	        Index Cond: ((k >= 7739913) AND (k <= 7740013))

table 3 : explain SELECT k, c FROM sbtest3 WHERE k BETWEEN 7739913 AND 7740013
	Bitmap Heap Scan on sbtest3  (cost=5.50..417.52 rows=104 width=125)
	  Recheck Cond: ((k >= 7739913) AND (k <= 7740013))
	  ->  Bitmap Index Scan on k_3  (cost=0.00..5.47 rows=104 width=0)
	        Index Cond: ((k >= 7739913) AND (k <= 7740013))

table 4 : explain SELECT k, c FROM sbtest4 WHERE k BETWEEN 7739913 AND 7740013
	Bitmap Heap Scan on sbtest4  (cost=5.58..449.08 rows=112 width=125)
	  Recheck Cond: ((k >= 7739913) AND (k <= 7740013))
	  ->  Bitmap Index Scan on k_4  (cost=0.00..5.55 rows=112 width=0)
	        Index Cond: ((k >= 7739913) AND (k <= 7740013))

table 5 : explain SELECT k, c FROM sbtest5 WHERE k BETWEEN 7739913 AND 7740013
	Bitmap Heap Scan on sbtest5  (cost=5.47..405.68 rows=101 width=125)
	  Recheck Cond: ((k >= 7739913) AND (k <= 7740013))
	  ->  Bitmap Index Scan on k_5  (cost=0.00..5.44 rows=101 width=0)
	        Index Cond: ((k >= 7739913) AND (k <= 7740013))

table 6 : explain SELECT k, c FROM sbtest6 WHERE k BETWEEN 7739913 AND 7740013
	Bitmap Heap Scan on sbtest6  (cost=5.45..397.69 rows=99 width=125)
	  Recheck Cond: ((k >= 7739913) AND (k <= 7740013))
	  ->  Bitmap Index Scan on k_6  (cost=0.00..5.42 rows=99 width=0)
	        Index Cond: ((k >= 7739913) AND (k <= 7740013))

table 7 : explain SELECT k, c FROM sbtest7 WHERE k BETWEEN 7739913 AND 7740013
	Bitmap Heap Scan on sbtest7  (cost=5.34..354.32 rows=88 width=125)
	  Recheck Cond: ((k >= 7739913) AND (k <= 7740013))
	  ->  Bitmap Index Scan on k_7  (cost=0.00..5.31 rows=88 width=0)
	        Index Cond: ((k >= 7739913) AND (k <= 7740013))

table 8 : explain SELECT k, c FROM sbtest8 WHERE k BETWEEN 7739913 AND 7740013
	Bitmap Heap Scan on sbtest8  (cost=5.46..401.59 rows=100 width=125)
	  Recheck Cond: ((k >= 7739913) AND (k <= 7740013))
	  ->  Bitmap Index Scan on k_8  (cost=0.00..5.43 rows=100 width=0)
	        Index Cond: ((k >= 7739913) AND (k <= 7740013))

explain: for range-notcovered :: explain SELECT k, c FROM sbtest%d WHERE k BETWEEN 5264729 AND 5264829
explain: for range-notcovered :: explain SELECT k, c FROM sbtest%d WHERE k BETWEEN 7739913 AND 7740013
for range-notcovered
table 1 : explain SELECT k, c FROM sbtest1 WHERE k BETWEEN 6071438 AND 6071538
	Bitmap Heap Scan on sbtest1  (cost=5.60..456.86 rows=114 width=125)
	  Recheck Cond: ((k >= 6071438) AND (k <= 6071538))
	  ->  Bitmap Index Scan on k_1  (cost=0.00..5.58 rows=114 width=0)
	        Index Cond: ((k >= 6071438) AND (k <= 6071538))

table 2 : explain SELECT k, c FROM sbtest2 WHERE k BETWEEN 6071438 AND 6071538
	Bitmap Heap Scan on sbtest2  (cost=5.40..377.88 rows=94 width=125)
	  Recheck Cond: ((k >= 6071438) AND (k <= 6071538))
	  ->  Bitmap Index Scan on k_2  (cost=0.00..5.38 rows=94 width=0)
	        Index Cond: ((k >= 6071438) AND (k <= 6071538))

table 3 : explain SELECT k, c FROM sbtest3 WHERE k BETWEEN 6071438 AND 6071538
	Bitmap Heap Scan on sbtest3  (cost=5.39..374.10 rows=93 width=125)
	  Recheck Cond: ((k >= 6071438) AND (k <= 6071538))
	  ->  Bitmap Index Scan on k_3  (cost=0.00..5.36 rows=93 width=0)
	        Index Cond: ((k >= 6071438) AND (k <= 6071538))

table 4 : explain SELECT k, c FROM sbtest4 WHERE k BETWEEN 6071438 AND 6071538
	Bitmap Heap Scan on sbtest4  (cost=5.48..409.64 rows=102 width=125)
	  Recheck Cond: ((k >= 6071438) AND (k <= 6071538))
	  ->  Bitmap Index Scan on k_4  (cost=0.00..5.45 rows=102 width=0)
	        Index Cond: ((k >= 6071438) AND (k <= 6071538))

table 5 : explain SELECT k, c FROM sbtest5 WHERE k BETWEEN 6071438 AND 6071538
	Bitmap Heap Scan on sbtest5  (cost=5.42..385.94 rows=96 width=125)
	  Recheck Cond: ((k >= 6071438) AND (k <= 6071538))
	  ->  Bitmap Index Scan on k_5  (cost=0.00..5.39 rows=96 width=0)
	        Index Cond: ((k >= 6071438) AND (k <= 6071538))

table 6 : explain SELECT k, c FROM sbtest6 WHERE k BETWEEN 6071438 AND 6071538
	Bitmap Heap Scan on sbtest6  (cost=5.50..417.41 rows=104 width=125)
	  Recheck Cond: ((k >= 6071438) AND (k <= 6071538))
	  ->  Bitmap Index Scan on k_6  (cost=0.00..5.47 rows=104 width=0)
	        Index Cond: ((k >= 6071438) AND (k <= 6071538))

table 7 : explain SELECT k, c FROM sbtest7 WHERE k BETWEEN 6071438 AND 6071538
	Bitmap Heap Scan on sbtest7  (cost=5.62..464.80 rows=116 width=125)
	  Recheck Cond: ((k >= 6071438) AND (k <= 6071538))
	  ->  Bitmap Index Scan on k_7  (cost=0.00..5.59 rows=116 width=0)
	        Index Cond: ((k >= 6071438) AND (k <= 6071538))

table 8 : explain SELECT k, c FROM sbtest8 WHERE k BETWEEN 6071438 AND 6071538
	Bitmap Heap Scan on sbtest8  (cost=5.38..370.02 rows=92 width=125)
	  Recheck Cond: ((k >= 6071438) AND (k <= 6071538))
	  ->  Bitmap Index Scan on k_8  (cost=0.00..5.35 rows=92 width=0)
	        Index Cond: ((k >= 6071438) AND (k <= 6071538))

for range-notcovered
table 1 : explain SELECT k, c FROM sbtest1 WHERE k BETWEEN 6633405 AND 6633505
	Bitmap Heap Scan on sbtest1  (cost=5.45..397.71 rows=99 width=125)
	  Recheck Cond: ((k >= 6633405) AND (k <= 6633505))
	  ->  Bitmap Index Scan on k_1  (cost=0.00..5.42 rows=99 width=0)
	        Index Cond: ((k >= 6633405) AND (k <= 6633505))

table 2 : explain SELECT k, c FROM sbtest2 WHERE k BETWEEN 6633405 AND 6633505
	Bitmap Heap Scan on sbtest2  (cost=5.48..409.43 rows=102 width=125)
	  Recheck Cond: ((k >= 6633405) AND (k <= 6633505))
	  ->  Bitmap Index Scan on k_2  (cost=0.00..5.45 rows=102 width=0)
	        Index Cond: ((k >= 6633405) AND (k <= 6633505))

table 3 : explain SELECT k, c FROM sbtest3 WHERE k BETWEEN 6633405 AND 6633505
	Bitmap Heap Scan on sbtest3  (cost=5.47..405.68 rows=101 width=125)
	  Recheck Cond: ((k >= 6633405) AND (k <= 6633505))
	  ->  Bitmap Index Scan on k_3  (cost=0.00..5.44 rows=101 width=0)
	        Index Cond: ((k >= 6633405) AND (k <= 6633505))

table 4 : explain SELECT k, c FROM sbtest4 WHERE k BETWEEN 6633405 AND 6633505
	Bitmap Heap Scan on sbtest4  (cost=5.48..409.64 rows=102 width=125)
	  Recheck Cond: ((k >= 6633405) AND (k <= 6633505))
	  ->  Bitmap Index Scan on k_4  (cost=0.00..5.45 rows=102 width=0)
	        Index Cond: ((k >= 6633405) AND (k <= 6633505))

table 5 : explain SELECT k, c FROM sbtest5 WHERE k BETWEEN 6633405 AND 6633505
	Bitmap Heap Scan on sbtest5  (cost=5.40..378.05 rows=94 width=125)
	  Recheck Cond: ((k >= 6633405) AND (k <= 6633505))
	  ->  Bitmap Index Scan on k_5  (cost=0.00..5.38 rows=94 width=0)
	        Index Cond: ((k >= 6633405) AND (k <= 6633505))

table 6 : explain SELECT k, c FROM sbtest6 WHERE k BETWEEN 6633405 AND 6633505
	Bitmap Heap Scan on sbtest6  (cost=5.47..405.58 rows=101 width=125)
	  Recheck Cond: ((k >= 6633405) AND (k <= 6633505))
	  ->  Bitmap Index Scan on k_6  (cost=0.00..5.44 rows=101 width=0)
	        Index Cond: ((k >= 6633405) AND (k <= 6633505))

table 7 : explain SELECT k, c FROM sbtest7 WHERE k BETWEEN 6633405 AND 6633505
	Bitmap Heap Scan on sbtest7  (cost=5.57..445.09 rows=111 width=125)
	  Recheck Cond: ((k >= 6633405) AND (k <= 6633505))
	  ->  Bitmap Index Scan on k_7  (cost=0.00..5.54 rows=111 width=0)
	        Index Cond: ((k >= 6633405) AND (k <= 6633505))

table 8 : explain SELECT k, c FROM sbtest8 WHERE k BETWEEN 6633405 AND 6633505
	Bitmap Heap Scan on sbtest8  (cost=5.46..401.59 rows=100 width=125)
	  Recheck Cond: ((k >= 6633405) AND (k <= 6633505))
	  ->  Bitmap Index Scan on k_8  (cost=0.00..5.43 rows=100 width=0)
	        Index Cond: ((k >= 6633405) AND (k <= 6633505))

for range-notcovered
table 1 : explain SELECT k, c FROM sbtest1 WHERE k BETWEEN 5361468 AND 5361568
	Bitmap Heap Scan on sbtest1  (cost=5.41..381.92 rows=95 width=125)
	  Recheck Cond: ((k >= 5361468) AND (k <= 5361568))
	  ->  Bitmap Index Scan on k_1  (cost=0.00..5.38 rows=95 width=0)
	        Index Cond: ((k >= 5361468) AND (k <= 5361568))

table 2 : explain SELECT k, c FROM sbtest2 WHERE k BETWEEN 5361468 AND 5361568
	Bitmap Heap Scan on sbtest2  (cost=5.44..393.66 rows=98 width=125)
	  Recheck Cond: ((k >= 5361468) AND (k <= 5361568))
	  ->  Bitmap Index Scan on k_2  (cost=0.00..5.42 rows=98 width=0)
	        Index Cond: ((k >= 5361468) AND (k <= 5361568))

table 3 : explain SELECT k, c FROM sbtest3 WHERE k BETWEEN 5361468 AND 5361568
	Bitmap Heap Scan on sbtest3  (cost=5.51..421.47 rows=105 width=125)
	  Recheck Cond: ((k >= 5361468) AND (k <= 5361568))
	  ->  Bitmap Index Scan on k_3  (cost=0.00..5.48 rows=105 width=0)
	        Index Cond: ((k >= 5361468) AND (k <= 5361568))

table 4 : explain SELECT k, c FROM sbtest4 WHERE k BETWEEN 5361468 AND 5361568
	Bitmap Heap Scan on sbtest4  (cost=5.42..385.95 rows=96 width=125)
	  Recheck Cond: ((k >= 5361468) AND (k <= 5361568))
	  ->  Bitmap Index Scan on k_4  (cost=0.00..5.39 rows=96 width=0)
	        Index Cond: ((k >= 5361468) AND (k <= 5361568))

table 5 : explain SELECT k, c FROM sbtest5 WHERE k BETWEEN 5361468 AND 5361568
	Bitmap Heap Scan on sbtest5  (cost=5.43..389.89 rows=97 width=125)
	  Recheck Cond: ((k >= 5361468) AND (k <= 5361568))
	  ->  Bitmap Index Scan on k_5  (cost=0.00..5.40 rows=97 width=0)
	        Index Cond: ((k >= 5361468) AND (k <= 5361568))

table 6 : explain SELECT k, c FROM sbtest6 WHERE k BETWEEN 5361468 AND 5361568
	Bitmap Heap Scan on sbtest6  (cost=5.44..393.74 rows=98 width=125)
	  Recheck Cond: ((k >= 5361468) AND (k <= 5361568))
	  ->  Bitmap Index Scan on k_6  (cost=0.00..5.42 rows=98 width=0)
	        Index Cond: ((k >= 5361468) AND (k <= 5361568))

table 7 : explain SELECT k, c FROM sbtest7 WHERE k BETWEEN 5361468 AND 5361568
	Bitmap Heap Scan on sbtest7  (cost=5.51..421.43 rows=105 width=125)
	  Recheck Cond: ((k >= 5361468) AND (k <= 5361568))
	  ->  Bitmap Index Scan on k_7  (cost=0.00..5.48 rows=105 width=0)
	        Index Cond: ((k >= 5361468) AND (k <= 5361568))

table 8 : explain SELECT k, c FROM sbtest8 WHERE k BETWEEN 5361468 AND 5361568
	Bitmap Heap Scan on sbtest8  (cost=5.48..409.48 rows=102 width=125)
	  Recheck Cond: ((k >= 5361468) AND (k <= 5361568))
	  ->  Bitmap Index Scan on k_8  (cost=0.00..5.45 rows=102 width=0)
	        Index Cond: ((k >= 5361468) AND (k <= 5361568))

explain: for range-notcovered :: explain SELECT k, c FROM sbtest%d WHERE k BETWEEN 6071438 AND 6071538
for range-notcovered
table 1 : explain SELECT k, c FROM sbtest1 WHERE k BETWEEN 2861958 AND 2862058
	Bitmap Heap Scan on sbtest1  (cost=5.44..393.76 rows=98 width=125)
	  Recheck Cond: ((k >= 2861958) AND (k <= 2862058))
	  ->  Bitmap Index Scan on k_1  (cost=0.00..5.42 rows=98 width=0)
	        Index Cond: ((k >= 2861958) AND (k <= 2862058))

table 2 : explain SELECT k, c FROM sbtest2 WHERE k BETWEEN 2861958 AND 2862058
	Bitmap Heap Scan on sbtest2  (cost=5.39..373.93 rows=93 width=125)
	  Recheck Cond: ((k >= 2861958) AND (k <= 2862058))
	  ->  Bitmap Index Scan on k_2  (cost=0.00..5.36 rows=93 width=0)
	        Index Cond: ((k >= 2861958) AND (k <= 2862058))

table 3 : explain SELECT k, c FROM sbtest3 WHERE k BETWEEN 2861958 AND 2862058
	Bitmap Heap Scan on sbtest3  (cost=5.46..401.74 rows=100 width=125)
	  Recheck Cond: ((k >= 2861958) AND (k <= 2862058))
	  ->  Bitmap Index Scan on k_3  (cost=0.00..5.43 rows=100 width=0)
	        Index Cond: ((k >= 2861958) AND (k <= 2862058))

table 4 : explain SELECT k, c FROM sbtest4 WHERE k BETWEEN 2861958 AND 2862058
	Bitmap Heap Scan on sbtest4  (cost=5.46..401.74 rows=100 width=125)
	  Recheck Cond: ((k >= 2861958) AND (k <= 2862058))
	  ->  Bitmap Index Scan on k_4  (cost=0.00..5.43 rows=100 width=0)
	        Index Cond: ((k >= 2861958) AND (k <= 2862058))

table 5 : explain SELECT k, c FROM sbtest5 WHERE k BETWEEN 2861958 AND 2862058
	Bitmap Heap Scan on sbtest5  (cost=5.44..393.84 rows=98 width=125)
	  Recheck Cond: ((k >= 2861958) AND (k <= 2862058))
	  ->  Bitmap Index Scan on k_5  (cost=0.00..5.42 rows=98 width=0)
	        Index Cond: ((k >= 2861958) AND (k <= 2862058))

table 6 : explain SELECT k, c FROM sbtest6 WHERE k BETWEEN 2861958 AND 2862058
	Bitmap Heap Scan on sbtest6  (cost=5.46..401.63 rows=100 width=125)
	  Recheck Cond: ((k >= 2861958) AND (k <= 2862058))
	  ->  Bitmap Index Scan on k_6  (cost=0.00..5.43 rows=100 width=0)
	        Index Cond: ((k >= 2861958) AND (k <= 2862058))

table 7 : explain SELECT k, c FROM sbtest7 WHERE k BETWEEN 2861958 AND 2862058
	Bitmap Heap Scan on sbtest7  (cost=5.57..445.09 rows=111 width=125)
	  Recheck Cond: ((k >= 2861958) AND (k <= 2862058))
	  ->  Bitmap Index Scan on k_7  (cost=0.00..5.54 rows=111 width=0)
	        Index Cond: ((k >= 2861958) AND (k <= 2862058))

table 8 : explain SELECT k, c FROM sbtest8 WHERE k BETWEEN 2861958 AND 2862058
	Bitmap Heap Scan on sbtest8  (cost=5.50..417.37 rows=104 width=125)
	  Recheck Cond: ((k >= 2861958) AND (k <= 2862058))
	  ->  Bitmap Index Scan on k_8  (cost=0.00..5.47 rows=104 width=0)
	        Index Cond: ((k >= 2861958) AND (k <= 2862058))

explain: for range-notcovered :: explain SELECT k, c FROM sbtest%d WHERE k BETWEEN 6633405 AND 6633505
explain: for range-notcovered :: explain SELECT k, c FROM sbtest%d WHERE k BETWEEN 5361468 AND 5361568
for range-notcovered
table 1 : explain SELECT k, c FROM sbtest1 WHERE k BETWEEN 4611842 AND 4611942
	Bitmap Heap Scan on sbtest1  (cost=5.47..405.60 rows=101 width=125)
	  Recheck Cond: ((k >= 4611842) AND (k <= 4611942))
	  ->  Bitmap Index Scan on k_1  (cost=0.00..5.44 rows=101 width=0)
	        Index Cond: ((k >= 4611842) AND (k <= 4611942))

table 2 : explain SELECT k, c FROM sbtest2 WHERE k BETWEEN 4611842 AND 4611942
	Bitmap Heap Scan on sbtest2  (cost=5.54..433.09 rows=108 width=125)
	  Recheck Cond: ((k >= 4611842) AND (k <= 4611942))
	  ->  Bitmap Index Scan on k_2  (cost=0.00..5.51 rows=108 width=0)
	        Index Cond: ((k >= 4611842) AND (k <= 4611942))

table 3 : explain SELECT k, c FROM sbtest3 WHERE k BETWEEN 4611842 AND 4611942
	Bitmap Heap Scan on sbtest3  (cost=5.50..417.52 rows=104 width=125)
	  Recheck Cond: ((k >= 4611842) AND (k <= 4611942))
	  ->  Bitmap Index Scan on k_3  (cost=0.00..5.47 rows=104 width=0)
	        Index Cond: ((k >= 4611842) AND (k <= 4611942))

table 4 : explain SELECT k, c FROM sbtest4 WHERE k BETWEEN 4611842 AND 4611942
	Bitmap Heap Scan on sbtest4  (cost=5.35..358.30 rows=89 width=125)
	  Recheck Cond: ((k >= 4611842) AND (k <= 4611942))
	  ->  Bitmap Index Scan on k_4  (cost=0.00..5.32 rows=89 width=0)
	        Index Cond: ((k >= 4611842) AND (k <= 4611942))

table 5 : explain SELECT k, c FROM sbtest5 WHERE k BETWEEN 4611842 AND 4611942
	Bitmap Heap Scan on sbtest5  (cost=5.48..409.63 rows=102 width=125)
	  Recheck Cond: ((k >= 4611842) AND (k <= 4611942))
	  ->  Bitmap Index Scan on k_5  (cost=0.00..5.45 rows=102 width=0)
	        Index Cond: ((k >= 4611842) AND (k <= 4611942))

table 6 : explain SELECT k, c FROM sbtest6 WHERE k BETWEEN 4611842 AND 4611942
	Bitmap Heap Scan on sbtest6  (cost=5.50..417.41 rows=104 width=125)
	  Recheck Cond: ((k >= 4611842) AND (k <= 4611942))
	  ->  Bitmap Index Scan on k_6  (cost=0.00..5.47 rows=104 width=0)
	        Index Cond: ((k >= 4611842) AND (k <= 4611942))

table 7 : explain SELECT k, c FROM sbtest7 WHERE k BETWEEN 4611842 AND 4611942
	Bitmap Heap Scan on sbtest7  (cost=5.48..409.60 rows=102 width=125)
	  Recheck Cond: ((k >= 4611842) AND (k <= 4611942))
	  ->  Bitmap Index Scan on k_7  (cost=0.00..5.45 rows=102 width=0)
	        Index Cond: ((k >= 4611842) AND (k <= 4611942))

table 8 : explain SELECT k, c FROM sbtest8 WHERE k BETWEEN 4611842 AND 4611942
	Bitmap Heap Scan on sbtest8  (cost=5.62..464.66 rows=116 width=125)
	  Recheck Cond: ((k >= 4611842) AND (k <= 4611942))
	  ->  Bitmap Index Scan on k_8  (cost=0.00..5.59 rows=116 width=0)
	        Index Cond: ((k >= 4611842) AND (k <= 4611942))

for range-notcovered
table 1 : explain SELECT k, c FROM sbtest1 WHERE k BETWEEN 7185395 AND 7185495
	Bitmap Heap Scan on sbtest1  (cost=5.39..374.03 rows=93 width=125)
	  Recheck Cond: ((k >= 7185395) AND (k <= 7185495))
	  ->  Bitmap Index Scan on k_1  (cost=0.00..5.36 rows=93 width=0)
	        Index Cond: ((k >= 7185395) AND (k <= 7185495))

table 2 : explain SELECT k, c FROM sbtest2 WHERE k BETWEEN 7185395 AND 7185495
	Bitmap Heap Scan on sbtest2  (cost=5.43..389.71 rows=97 width=125)
	  Recheck Cond: ((k >= 7185395) AND (k <= 7185495))
	  ->  Bitmap Index Scan on k_2  (cost=0.00..5.40 rows=97 width=0)
	        Index Cond: ((k >= 7185395) AND (k <= 7185495))

table 3 : explain SELECT k, c FROM sbtest3 WHERE k BETWEEN 7185395 AND 7185495
	Bitmap Heap Scan on sbtest3  (cost=5.47..405.68 rows=101 width=125)
	  Recheck Cond: ((k >= 7185395) AND (k <= 7185495))
	  ->  Bitmap Index Scan on k_3  (cost=0.00..5.44 rows=101 width=0)
	        Index Cond: ((k >= 7185395) AND (k <= 7185495))

table 4 : explain SELECT k, c FROM sbtest4 WHERE k BETWEEN 7185395 AND 7185495
	Bitmap Heap Scan on sbtest4  (cost=5.41..382.00 rows=95 width=125)
	  Recheck Cond: ((k >= 7185395) AND (k <= 7185495))
	  ->  Bitmap Index Scan on k_4  (cost=0.00..5.38 rows=95 width=0)
	        Index Cond: ((k >= 7185395) AND (k <= 7185495))

table 5 : explain SELECT k, c FROM sbtest5 WHERE k BETWEEN 7185395 AND 7185495
	Bitmap Heap Scan on sbtest5  (cost=5.47..405.68 rows=101 width=125)
	  Recheck Cond: ((k >= 7185395) AND (k <= 7185495))
	  ->  Bitmap Index Scan on k_5  (cost=0.00..5.44 rows=101 width=0)
	        Index Cond: ((k >= 7185395) AND (k <= 7185495))

table 6 : explain SELECT k, c FROM sbtest6 WHERE k BETWEEN 7185395 AND 7185495
	Bitmap Heap Scan on sbtest6  (cost=5.55..437.12 rows=109 width=125)
	  Recheck Cond: ((k >= 7185395) AND (k <= 7185495))
	  ->  Bitmap Index Scan on k_6  (cost=0.00..5.52 rows=109 width=0)
	        Index Cond: ((k >= 7185395) AND (k <= 7185495))

table 7 : explain SELECT k, c FROM sbtest7 WHERE k BETWEEN 7185395 AND 7185495
	Bitmap Heap Scan on sbtest7  (cost=5.46..401.71 rows=100 width=125)
	  Recheck Cond: ((k >= 7185395) AND (k <= 7185495))
	  ->  Bitmap Index Scan on k_7  (cost=0.00..5.43 rows=100 width=0)
	        Index Cond: ((k >= 7185395) AND (k <= 7185495))

table 8 : explain SELECT k, c FROM sbtest8 WHERE k BETWEEN 7185395 AND 7185495
	Bitmap Heap Scan on sbtest8  (cost=5.45..397.65 rows=99 width=125)
	  Recheck Cond: ((k >= 7185395) AND (k <= 7185495))
	  ->  Bitmap Index Scan on k_8  (cost=0.00..5.42 rows=99 width=0)
	        Index Cond: ((k >= 7185395) AND (k <= 7185495))

for range-notcovered
table 1 : explain SELECT k, c FROM sbtest1 WHERE k BETWEEN 3578842 AND 3578942
	Bitmap Heap Scan on sbtest1  (cost=5.50..417.43 rows=104 width=125)
	  Recheck Cond: ((k >= 3578842) AND (k <= 3578942))
	  ->  Bitmap Index Scan on k_1  (cost=0.00..5.47 rows=104 width=0)
	        Index Cond: ((k >= 3578842) AND (k <= 3578942))

table 2 : explain SELECT k, c FROM sbtest2 WHERE k BETWEEN 3578842 AND 3578942
	Bitmap Heap Scan on sbtest2  (cost=5.48..409.43 rows=102 width=125)
	  Recheck Cond: ((k >= 3578842) AND (k <= 3578942))
	  ->  Bitmap Index Scan on k_2  (cost=0.00..5.45 rows=102 width=0)
	        Index Cond: ((k >= 3578842) AND (k <= 3578942))

table 3 : explain SELECT k, c FROM sbtest3 WHERE k BETWEEN 3578842 AND 3578942
	Bitmap Heap Scan on sbtest3  (cost=5.56..441.19 rows=110 width=125)
	  Recheck Cond: ((k >= 3578842) AND (k <= 3578942))
	  ->  Bitmap Index Scan on k_3  (cost=0.00..5.53 rows=110 width=0)
	        Index Cond: ((k >= 3578842) AND (k <= 3578942))

table 4 : explain SELECT k, c FROM sbtest4 WHERE k BETWEEN 3578842 AND 3578942
	Bitmap Heap Scan on sbtest4  (cost=5.48..409.64 rows=102 width=125)
	  Recheck Cond: ((k >= 3578842) AND (k <= 3578942))
	  ->  Bitmap Index Scan on k_4  (cost=0.00..5.45 rows=102 width=0)
	        Index Cond: ((k >= 3578842) AND (k <= 3578942))

table 5 : explain SELECT k, c FROM sbtest5 WHERE k BETWEEN 3578842 AND 3578942
	Bitmap Heap Scan on sbtest5  (cost=5.45..397.79 rows=99 width=125)
	  Recheck Cond: ((k >= 3578842) AND (k <= 3578942))
	  ->  Bitmap Index Scan on k_5  (cost=0.00..5.42 rows=99 width=0)
	        Index Cond: ((k >= 3578842) AND (k <= 3578942))

table 6 : explain SELECT k, c FROM sbtest6 WHERE k BETWEEN 3578842 AND 3578942
	Bitmap Heap Scan on sbtest6  (cost=5.53..429.24 rows=107 width=125)
	  Recheck Cond: ((k >= 3578842) AND (k <= 3578942))
	  ->  Bitmap Index Scan on k_6  (cost=0.00..5.50 rows=107 width=0)
	        Index Cond: ((k >= 3578842) AND (k <= 3578942))

table 7 : explain SELECT k, c FROM sbtest7 WHERE k BETWEEN 3578842 AND 3578942
	Bitmap Heap Scan on sbtest7  (cost=5.49..413.54 rows=103 width=125)
	  Recheck Cond: ((k >= 3578842) AND (k <= 3578942))
	  ->  Bitmap Index Scan on k_7  (cost=0.00..5.46 rows=103 width=0)
	        Index Cond: ((k >= 3578842) AND (k <= 3578942))

table 8 : explain SELECT k, c FROM sbtest8 WHERE k BETWEEN 3578842 AND 3578942
	Bitmap Heap Scan on sbtest8  (cost=5.58..448.90 rows=112 width=125)
	  Recheck Cond: ((k >= 3578842) AND (k <= 3578942))
	  ->  Bitmap Index Scan on k_8  (cost=0.00..5.55 rows=112 width=0)
	        Index Cond: ((k >= 3578842) AND (k <= 3578942))

for range-notcovered
table 1 : explain SELECT k, c FROM sbtest1 WHERE k BETWEEN 470817 AND 470917
	Bitmap Heap Scan on sbtest1  (cost=5.53..429.27 rows=107 width=125)
	  Recheck Cond: ((k >= 470817) AND (k <= 470917))
	  ->  Bitmap Index Scan on k_1  (cost=0.00..5.50 rows=107 width=0)
	        Index Cond: ((k >= 470817) AND (k <= 470917))

table 2 : explain SELECT k, c FROM sbtest2 WHERE k BETWEEN 470817 AND 470917
	Bitmap Heap Scan on sbtest2  (cost=5.51..421.26 rows=105 width=125)
	  Recheck Cond: ((k >= 470817) AND (k <= 470917))
	  ->  Bitmap Index Scan on k_2  (cost=0.00..5.48 rows=105 width=0)
	        Index Cond: ((k >= 470817) AND (k <= 470917))

table 3 : explain SELECT k, c FROM sbtest3 WHERE k BETWEEN 470817 AND 470917
	Bitmap Heap Scan on sbtest3  (cost=5.45..397.79 rows=99 width=125)
	  Recheck Cond: ((k >= 470817) AND (k <= 470917))
	  ->  Bitmap Index Scan on k_3  (cost=0.00..5.42 rows=99 width=0)
	        Index Cond: ((k >= 470817) AND (k <= 470917))

table 4 : explain SELECT k, c FROM sbtest4 WHERE k BETWEEN 470817 AND 470917
	Bitmap Heap Scan on sbtest4  (cost=5.46..401.74 rows=100 width=125)
	  Recheck Cond: ((k >= 470817) AND (k <= 470917))
	  ->  Bitmap Index Scan on k_4  (cost=0.00..5.43 rows=100 width=0)
	        Index Cond: ((k >= 470817) AND (k <= 470917))

table 5 : explain SELECT k, c FROM sbtest5 WHERE k BETWEEN 470817 AND 470917
	Bitmap Heap Scan on sbtest5  (cost=5.44..393.84 rows=98 width=125)
	  Recheck Cond: ((k >= 470817) AND (k <= 470917))
	  ->  Bitmap Index Scan on k_5  (cost=0.00..5.42 rows=98 width=0)
	        Index Cond: ((k >= 470817) AND (k <= 470917))

table 6 : explain SELECT k, c FROM sbtest6 WHERE k BETWEEN 470817 AND 470917
	Bitmap Heap Scan on sbtest6  (cost=5.44..393.74 rows=98 width=125)
	  Recheck Cond: ((k >= 470817) AND (k <= 470917))
	  ->  Bitmap Index Scan on k_6  (cost=0.00..5.42 rows=98 width=0)
	        Index Cond: ((k >= 470817) AND (k <= 470917))

table 7 : explain SELECT k, c FROM sbtest7 WHERE k BETWEEN 470817 AND 470917
	Bitmap Heap Scan on sbtest7  (cost=5.49..413.54 rows=103 width=125)
	  Recheck Cond: ((k >= 470817) AND (k <= 470917))
	  ->  Bitmap Index Scan on k_7  (cost=0.00..5.46 rows=103 width=0)
	        Index Cond: ((k >= 470817) AND (k <= 470917))

table 8 : explain SELECT k, c FROM sbtest8 WHERE k BETWEEN 470817 AND 470917
	Bitmap Heap Scan on sbtest8  (cost=5.49..413.42 rows=103 width=125)
	  Recheck Cond: ((k >= 470817) AND (k <= 470917))
	  ->  Bitmap Index Scan on k_8  (cost=0.00..5.46 rows=103 width=0)
	        Index Cond: ((k >= 470817) AND (k <= 470917))

for range-notcovered
table 1 : explain SELECT k, c FROM sbtest1 WHERE k BETWEEN 1147091 AND 1147191
	Bitmap Heap Scan on sbtest1  (cost=5.47..405.60 rows=101 width=125)
	  Recheck Cond: ((k >= 1147091) AND (k <= 1147191))
	  ->  Bitmap Index Scan on k_1  (cost=0.00..5.44 rows=101 width=0)
	        Index Cond: ((k >= 1147091) AND (k <= 1147191))

table 2 : explain SELECT k, c FROM sbtest2 WHERE k BETWEEN 1147091 AND 1147191
	Bitmap Heap Scan on sbtest2  (cost=5.44..393.66 rows=98 width=125)
	  Recheck Cond: ((k >= 1147091) AND (k <= 1147191))
	  ->  Bitmap Index Scan on k_2  (cost=0.00..5.42 rows=98 width=0)
	        Index Cond: ((k >= 1147091) AND (k <= 1147191))

table 3 : explain SELECT k, c FROM sbtest3 WHERE k BETWEEN 1147091 AND 1147191
	Bitmap Heap Scan on sbtest3  (cost=5.49..413.57 rows=103 width=125)
	  Recheck Cond: ((k >= 1147091) AND (k <= 1147191))
	  ->  Bitmap Index Scan on k_3  (cost=0.00..5.46 rows=103 width=0)
	        Index Cond: ((k >= 1147091) AND (k <= 1147191))

table 4 : explain SELECT k, c FROM sbtest4 WHERE k BETWEEN 1147091 AND 1147191
	Bitmap Heap Scan on sbtest4  (cost=5.61..460.91 rows=115 width=125)
	  Recheck Cond: ((k >= 1147091) AND (k <= 1147191))
	  ->  Bitmap Index Scan on k_4  (cost=0.00..5.58 rows=115 width=0)
	        Index Cond: ((k >= 1147091) AND (k <= 1147191))

table 5 : explain SELECT k, c FROM sbtest5 WHERE k BETWEEN 1147091 AND 1147191
	Bitmap Heap Scan on sbtest5  (cost=5.54..433.30 rows=108 width=125)
	  Recheck Cond: ((k >= 1147091) AND (k <= 1147191))
	  ->  Bitmap Index Scan on k_5  (cost=0.00..5.51 rows=108 width=0)
	        Index Cond: ((k >= 1147091) AND (k <= 1147191))

table 6 : explain SELECT k, c FROM sbtest6 WHERE k BETWEEN 1147091 AND 1147191
	Bitmap Heap Scan on sbtest6  (cost=5.51..421.35 rows=105 width=125)
	  Recheck Cond: ((k >= 1147091) AND (k <= 1147191))
	  ->  Bitmap Index Scan on k_6  (cost=0.00..5.48 rows=105 width=0)
	        Index Cond: ((k >= 1147091) AND (k <= 1147191))

table 7 : explain SELECT k, c FROM sbtest7 WHERE k BETWEEN 1147091 AND 1147191
	Bitmap Heap Scan on sbtest7  (cost=5.43..389.86 rows=97 width=125)
	  Recheck Cond: ((k >= 1147091) AND (k <= 1147191))
	  ->  Bitmap Index Scan on k_7  (cost=0.00..5.40 rows=97 width=0)
	        Index Cond: ((k >= 1147091) AND (k <= 1147191))

table 8 : explain SELECT k, c FROM sbtest8 WHERE k BETWEEN 1147091 AND 1147191
	Bitmap Heap Scan on sbtest8  (cost=5.46..401.59 rows=100 width=125)
	  Recheck Cond: ((k >= 1147091) AND (k <= 1147191))
	  ->  Bitmap Index Scan on k_8  (cost=0.00..5.43 rows=100 width=0)
	        Index Cond: ((k >= 1147091) AND (k <= 1147191))

explain: for range-notcovered :: explain SELECT k, c FROM sbtest%d WHERE k BETWEEN 7185395 AND 7185495
explain: for range-notcovered :: explain SELECT k, c FROM sbtest%d WHERE k BETWEEN 3578842 AND 3578942
for range-notcovered
table 1 : explain SELECT k, c FROM sbtest1 WHERE k BETWEEN 1887775 AND 1887875
	Bitmap Heap Scan on sbtest1  (cost=5.49..413.49 rows=103 width=125)
	  Recheck Cond: ((k >= 1887775) AND (k <= 1887875))
	  ->  Bitmap Index Scan on k_1  (cost=0.00..5.46 rows=103 width=0)
	        Index Cond: ((k >= 1887775) AND (k <= 1887875))

table 2 : explain SELECT k, c FROM sbtest2 WHERE k BETWEEN 1887775 AND 1887875
	Bitmap Heap Scan on sbtest2  (cost=5.55..437.03 rows=109 width=125)
	  Recheck Cond: ((k >= 1887775) AND (k <= 1887875))
	  ->  Bitmap Index Scan on k_2  (cost=0.00..5.52 rows=109 width=0)
	        Index Cond: ((k >= 1887775) AND (k <= 1887875))

table 3 : explain SELECT k, c FROM sbtest3 WHERE k BETWEEN 1887775 AND 1887875
	Bitmap Heap Scan on sbtest3  (cost=5.45..397.79 rows=99 width=125)
	  Recheck Cond: ((k >= 1887775) AND (k <= 1887875))
	  ->  Bitmap Index Scan on k_3  (cost=0.00..5.42 rows=99 width=0)
	        Index Cond: ((k >= 1887775) AND (k <= 1887875))

table 4 : explain SELECT k, c FROM sbtest4 WHERE k BETWEEN 1887775 AND 1887875
	Bitmap Heap Scan on sbtest4  (cost=5.48..409.64 rows=102 width=125)
	  Recheck Cond: ((k >= 1887775) AND (k <= 1887875))
	  ->  Bitmap Index Scan on k_4  (cost=0.00..5.45 rows=102 width=0)
	        Index Cond: ((k >= 1887775) AND (k <= 1887875))

table 5 : explain SELECT k, c FROM sbtest5 WHERE k BETWEEN 1887775 AND 1887875
	Bitmap Heap Scan on sbtest5  (cost=5.49..413.57 rows=103 width=125)
	  Recheck Cond: ((k >= 1887775) AND (k <= 1887875))
	  ->  Bitmap Index Scan on k_5  (cost=0.00..5.46 rows=103 width=0)
	        Index Cond: ((k >= 1887775) AND (k <= 1887875))

table 6 : explain SELECT k, c FROM sbtest6 WHERE k BETWEEN 1887775 AND 1887875
	Bitmap Heap Scan on sbtest6  (cost=5.54..433.18 rows=108 width=125)
	  Recheck Cond: ((k >= 1887775) AND (k <= 1887875))
	  ->  Bitmap Index Scan on k_6  (cost=0.00..5.51 rows=108 width=0)
	        Index Cond: ((k >= 1887775) AND (k <= 1887875))

table 7 : explain SELECT k, c FROM sbtest7 WHERE k BETWEEN 1887775 AND 1887875
	Bitmap Heap Scan on sbtest7  (cost=5.45..397.76 rows=99 width=125)
	  Recheck Cond: ((k >= 1887775) AND (k <= 1887875))
	  ->  Bitmap Index Scan on k_7  (cost=0.00..5.42 rows=99 width=0)
	        Index Cond: ((k >= 1887775) AND (k <= 1887875))

table 8 : explain SELECT k, c FROM sbtest8 WHERE k BETWEEN 1887775 AND 1887875
	Bitmap Heap Scan on sbtest8  (cost=5.53..429.19 rows=107 width=125)
	  Recheck Cond: ((k >= 1887775) AND (k <= 1887875))
	  ->  Bitmap Index Scan on k_8  (cost=0.00..5.50 rows=107 width=0)
	        Index Cond: ((k >= 1887775) AND (k <= 1887875))

for range-notcovered
table 1 : explain SELECT k, c FROM sbtest1 WHERE k BETWEEN 1423202 AND 1423302
	Bitmap Heap Scan on sbtest1  (cost=5.45..397.71 rows=99 width=125)
	  Recheck Cond: ((k >= 1423202) AND (k <= 1423302))
	  ->  Bitmap Index Scan on k_1  (cost=0.00..5.42 rows=99 width=0)
	        Index Cond: ((k >= 1423202) AND (k <= 1423302))

table 2 : explain SELECT k, c FROM sbtest2 WHERE k BETWEEN 1423202 AND 1423302
	Bitmap Heap Scan on sbtest2  (cost=5.50..417.32 rows=104 width=125)
	  Recheck Cond: ((k >= 1423202) AND (k <= 1423302))
	  ->  Bitmap Index Scan on k_2  (cost=0.00..5.47 rows=104 width=0)
	        Index Cond: ((k >= 1423202) AND (k <= 1423302))

table 3 : explain SELECT k, c FROM sbtest3 WHERE k BETWEEN 1423202 AND 1423302
	Bitmap Heap Scan on sbtest3  (cost=5.62..464.84 rows=116 width=125)
	  Recheck Cond: ((k >= 1423202) AND (k <= 1423302))
	  ->  Bitmap Index Scan on k_3  (cost=0.00..5.59 rows=116 width=0)
	        Index Cond: ((k >= 1423202) AND (k <= 1423302))

table 4 : explain SELECT k, c FROM sbtest4 WHERE k BETWEEN 1423202 AND 1423302
	Bitmap Heap Scan on sbtest4  (cost=5.46..401.74 rows=100 width=125)
	  Recheck Cond: ((k >= 1423202) AND (k <= 1423302))
	  ->  Bitmap Index Scan on k_4  (cost=0.00..5.43 rows=100 width=0)
	        Index Cond: ((k >= 1423202) AND (k <= 1423302))

table 5 : explain SELECT k, c FROM sbtest5 WHERE k BETWEEN 1423202 AND 1423302
	Bitmap Heap Scan on sbtest5  (cost=5.61..460.89 rows=115 width=125)
	  Recheck Cond: ((k >= 1423202) AND (k <= 1423302))
	  ->  Bitmap Index Scan on k_5  (cost=0.00..5.58 rows=115 width=0)
	        Index Cond: ((k >= 1423202) AND (k <= 1423302))

table 6 : explain SELECT k, c FROM sbtest6 WHERE k BETWEEN 1423202 AND 1423302
	Bitmap Heap Scan on sbtest6  (cost=5.44..393.74 rows=98 width=125)
	  Recheck Cond: ((k >= 1423202) AND (k <= 1423302))
	  ->  Bitmap Index Scan on k_6  (cost=0.00..5.42 rows=98 width=0)
	        Index Cond: ((k >= 1423202) AND (k <= 1423302))

table 7 : explain SELECT k, c FROM sbtest7 WHERE k BETWEEN 1423202 AND 1423302
	Bitmap Heap Scan on sbtest7  (cost=5.48..409.60 rows=102 width=125)
	  Recheck Cond: ((k >= 1423202) AND (k <= 1423302))
	  ->  Bitmap Index Scan on k_7  (cost=0.00..5.45 rows=102 width=0)
	        Index Cond: ((k >= 1423202) AND (k <= 1423302))

table 8 : explain SELECT k, c FROM sbtest8 WHERE k BETWEEN 1423202 AND 1423302
	Bitmap Heap Scan on sbtest8  (cost=5.51..421.31 rows=105 width=125)
	  Recheck Cond: ((k >= 1423202) AND (k <= 1423302))
	  ->  Bitmap Index Scan on k_8  (cost=0.00..5.48 rows=105 width=0)
	        Index Cond: ((k >= 1423202) AND (k <= 1423302))

for range-notcovered
table 1 : explain SELECT k, c FROM sbtest1 WHERE k BETWEEN 5974180 AND 5974280
	Bitmap Heap Scan on sbtest1  (cost=5.55..437.15 rows=109 width=125)
	  Recheck Cond: ((k >= 5974180) AND (k <= 5974280))
	  ->  Bitmap Index Scan on k_1  (cost=0.00..5.52 rows=109 width=0)
	        Index Cond: ((k >= 5974180) AND (k <= 5974280))

table 2 : explain SELECT k, c FROM sbtest2 WHERE k BETWEEN 5974180 AND 5974280
	Bitmap Heap Scan on sbtest2  (cost=5.48..409.43 rows=102 width=125)
	  Recheck Cond: ((k >= 5974180) AND (k <= 5974280))
	  ->  Bitmap Index Scan on k_2  (cost=0.00..5.45 rows=102 width=0)
	        Index Cond: ((k >= 5974180) AND (k <= 5974280))

table 3 : explain SELECT k, c FROM sbtest3 WHERE k BETWEEN 5974180 AND 5974280
	Bitmap Heap Scan on sbtest3  (cost=5.43..389.89 rows=97 width=125)
	  Recheck Cond: ((k >= 5974180) AND (k <= 5974280))
	  ->  Bitmap Index Scan on k_3  (cost=0.00..5.40 rows=97 width=0)
	        Index Cond: ((k >= 5974180) AND (k <= 5974280))

table 4 : explain SELECT k, c FROM sbtest4 WHERE k BETWEEN 5974180 AND 5974280
	Bitmap Heap Scan on sbtest4  (cost=5.40..378.06 rows=94 width=125)
	  Recheck Cond: ((k >= 5974180) AND (k <= 5974280))
	  ->  Bitmap Index Scan on k_4  (cost=0.00..5.38 rows=94 width=0)
	        Index Cond: ((k >= 5974180) AND (k <= 5974280))

table 5 : explain SELECT k, c FROM sbtest5 WHERE k BETWEEN 5974180 AND 5974280
	Bitmap Heap Scan on sbtest5  (cost=5.36..362.25 rows=90 width=125)
	  Recheck Cond: ((k >= 5974180) AND (k <= 5974280))
	  ->  Bitmap Index Scan on k_5  (cost=0.00..5.33 rows=90 width=0)
	        Index Cond: ((k >= 5974180) AND (k <= 5974280))

table 6 : explain SELECT k, c FROM sbtest6 WHERE k BETWEEN 5974180 AND 5974280
	Bitmap Heap Scan on sbtest6  (cost=5.53..429.24 rows=107 width=125)
	  Recheck Cond: ((k >= 5974180) AND (k <= 5974280))
	  ->  Bitmap Index Scan on k_6  (cost=0.00..5.50 rows=107 width=0)
	        Index Cond: ((k >= 5974180) AND (k <= 5974280))

table 7 : explain SELECT k, c FROM sbtest7 WHERE k BETWEEN 5974180 AND 5974280
	Bitmap Heap Scan on sbtest7  (cost=5.46..401.71 rows=100 width=125)
	  Recheck Cond: ((k >= 5974180) AND (k <= 5974280))
	  ->  Bitmap Index Scan on k_7  (cost=0.00..5.43 rows=100 width=0)
	        Index Cond: ((k >= 5974180) AND (k <= 5974280))

table 8 : explain SELECT k, c FROM sbtest8 WHERE k BETWEEN 5974180 AND 5974280
	Bitmap Heap Scan on sbtest8  (cost=5.48..409.48 rows=102 width=125)
	  Recheck Cond: ((k >= 5974180) AND (k <= 5974280))
	  ->  Bitmap Index Scan on k_8  (cost=0.00..5.45 rows=102 width=0)
	        Index Cond: ((k >= 5974180) AND (k <= 5974280))

explain: for range-notcovered :: explain SELECT k, c FROM sbtest%d WHERE k BETWEEN 1147091 AND 1147191
for range-notcovered
table 1 : explain SELECT k, c FROM sbtest1 WHERE k BETWEEN 7739913 AND 7740013
	Bitmap Heap Scan on sbtest1  (cost=5.47..405.60 rows=101 width=125)
	  Recheck Cond: ((k >= 7739913) AND (k <= 7740013))
	  ->  Bitmap Index Scan on k_1  (cost=0.00..5.44 rows=101 width=0)
	        Index Cond: ((k >= 7739913) AND (k <= 7740013))

table 2 : explain SELECT k, c FROM sbtest2 WHERE k BETWEEN 7739913 AND 7740013
	Bitmap Heap Scan on sbtest2  (cost=5.48..409.43 rows=102 width=125)
	  Recheck Cond: ((k >= 7739913) AND (k <= 7740013))
	  ->  Bitmap Index Scan on k_2  (cost=0.00..5.45 rows=102 width=0)
	        Index Cond: ((k >= 7739913) AND (k <= 7740013))

table 3 : explain SELECT k, c FROM sbtest3 WHERE k BETWEEN 7739913 AND 7740013
	Bitmap Heap Scan on sbtest3  (cost=5.50..417.52 rows=104 width=125)
	  Recheck Cond: ((k >= 7739913) AND (k <= 7740013))
	  ->  Bitmap Index Scan on k_3  (cost=0.00..5.47 rows=104 width=0)
	        Index Cond: ((k >= 7739913) AND (k <= 7740013))

table 4 : explain SELECT k, c FROM sbtest4 WHERE k BETWEEN 7739913 AND 7740013
	Bitmap Heap Scan on sbtest4  (cost=5.58..449.08 rows=112 width=125)
	  Recheck Cond: ((k >= 7739913) AND (k <= 7740013))
	  ->  Bitmap Index Scan on k_4  (cost=0.00..5.55 rows=112 width=0)
	        Index Cond: ((k >= 7739913) AND (k <= 7740013))

table 5 : explain SELECT k, c FROM sbtest5 WHERE k BETWEEN 7739913 AND 7740013
	Bitmap Heap Scan on sbtest5  (cost=5.47..405.68 rows=101 width=125)
	  Recheck Cond: ((k >= 7739913) AND (k <= 7740013))
	  ->  Bitmap Index Scan on k_5  (cost=0.00..5.44 rows=101 width=0)
	        Index Cond: ((k >= 7739913) AND (k <= 7740013))

table 6 : explain SELECT k, c FROM sbtest6 WHERE k BETWEEN 7739913 AND 7740013
	Bitmap Heap Scan on sbtest6  (cost=5.45..397.69 rows=99 width=125)
	  Recheck Cond: ((k >= 7739913) AND (k <= 7740013))
	  ->  Bitmap Index Scan on k_6  (cost=0.00..5.42 rows=99 width=0)
	        Index Cond: ((k >= 7739913) AND (k <= 7740013))

table 7 : explain SELECT k, c FROM sbtest7 WHERE k BETWEEN 7739913 AND 7740013
	Bitmap Heap Scan on sbtest7  (cost=5.34..354.32 rows=88 width=125)
	  Recheck Cond: ((k >= 7739913) AND (k <= 7740013))
	  ->  Bitmap Index Scan on k_7  (cost=0.00..5.31 rows=88 width=0)
	        Index Cond: ((k >= 7739913) AND (k <= 7740013))

table 8 : explain SELECT k, c FROM sbtest8 WHERE k BETWEEN 7739913 AND 7740013
	Bitmap Heap Scan on sbtest8  (cost=5.46..401.59 rows=100 width=125)
	  Recheck Cond: ((k >= 7739913) AND (k <= 7740013))
	  ->  Bitmap Index Scan on k_8  (cost=0.00..5.43 rows=100 width=0)
	        Index Cond: ((k >= 7739913) AND (k <= 7740013))

explain: for range-notcovered :: explain SELECT k, c FROM sbtest%d WHERE k BETWEEN 470817 AND 470917
explain: for range-notcovered :: explain SELECT k, c FROM sbtest%d WHERE k BETWEEN 1423202 AND 1423302explain: for range-notcovered :: explain SELECT k, c FROM sbtest%d WHERE k BETWEEN 1887775 AND 1887875

explain: for range-notcovered :: explain SELECT k, c FROM sbtest%d WHERE k BETWEEN 5974180 AND 5974280
explain: for range-notcovered :: explain SELECT k, c FROM sbtest%d WHERE k BETWEEN 7739913 AND 7740013
for range-notcovered
table 1 : explain SELECT k, c FROM sbtest1 WHERE k BETWEEN 3648762 AND 3648862
	Bitmap Heap Scan on sbtest1  (cost=5.53..429.27 rows=107 width=125)
	  Recheck Cond: ((k >= 3648762) AND (k <= 3648862))
	  ->  Bitmap Index Scan on k_1  (cost=0.00..5.50 rows=107 width=0)
	        Index Cond: ((k >= 3648762) AND (k <= 3648862))

table 2 : explain SELECT k, c FROM sbtest2 WHERE k BETWEEN 3648762 AND 3648862
	Bitmap Heap Scan on sbtest2  (cost=5.48..409.43 rows=102 width=125)
	  Recheck Cond: ((k >= 3648762) AND (k <= 3648862))
	  ->  Bitmap Index Scan on k_2  (cost=0.00..5.45 rows=102 width=0)
	        Index Cond: ((k >= 3648762) AND (k <= 3648862))

table 3 : explain SELECT k, c FROM sbtest3 WHERE k BETWEEN 3648762 AND 3648862
	Bitmap Heap Scan on sbtest3  (cost=5.56..441.19 rows=110 width=125)
	  Recheck Cond: ((k >= 3648762) AND (k <= 3648862))
	  ->  Bitmap Index Scan on k_3  (cost=0.00..5.53 rows=110 width=0)
	        Index Cond: ((k >= 3648762) AND (k <= 3648862))

table 4 : explain SELECT k, c FROM sbtest4 WHERE k BETWEEN 3648762 AND 3648862
	Bitmap Heap Scan on sbtest4  (cost=5.55..437.25 rows=109 width=125)
	  Recheck Cond: ((k >= 3648762) AND (k <= 3648862))
	  ->  Bitmap Index Scan on k_4  (cost=0.00..5.52 rows=109 width=0)
	        Index Cond: ((k >= 3648762) AND (k <= 3648862))

table 5 : explain SELECT k, c FROM sbtest5 WHERE k BETWEEN 3648762 AND 3648862
	Bitmap Heap Scan on sbtest5  (cost=5.59..453.01 rows=113 width=125)
	  Recheck Cond: ((k >= 3648762) AND (k <= 3648862))
	  ->  Bitmap Index Scan on k_5  (cost=0.00..5.56 rows=113 width=0)
	        Index Cond: ((k >= 3648762) AND (k <= 3648862))

table 6 : explain SELECT k, c FROM sbtest6 WHERE k BETWEEN 3648762 AND 3648862
	Bitmap Heap Scan on sbtest6  (cost=5.61..460.77 rows=115 width=125)
	  Recheck Cond: ((k >= 3648762) AND (k <= 3648862))
	  ->  Bitmap Index Scan on k_6  (cost=0.00..5.58 rows=115 width=0)
	        Index Cond: ((k >= 3648762) AND (k <= 3648862))

table 7 : explain SELECT k, c FROM sbtest7 WHERE k BETWEEN 3648762 AND 3648862
	Bitmap Heap Scan on sbtest7  (cost=5.41..381.97 rows=95 width=125)
	  Recheck Cond: ((k >= 3648762) AND (k <= 3648862))
	  ->  Bitmap Index Scan on k_7  (cost=0.00..5.38 rows=95 width=0)
	        Index Cond: ((k >= 3648762) AND (k <= 3648862))

table 8 : explain SELECT k, c FROM sbtest8 WHERE k BETWEEN 3648762 AND 3648862
	Bitmap Heap Scan on sbtest8  (cost=5.58..448.90 rows=112 width=125)
	  Recheck Cond: ((k >= 3648762) AND (k <= 3648862))
	  ->  Bitmap Index Scan on k_8  (cost=0.00..5.55 rows=112 width=0)
	        Index Cond: ((k >= 3648762) AND (k <= 3648862))

for range-notcovered
table 1 : explain SELECT k, c FROM sbtest1 WHERE k BETWEEN 5361468 AND 5361568
	Bitmap Heap Scan on sbtest1  (cost=5.41..381.92 rows=95 width=125)
	  Recheck Cond: ((k >= 5361468) AND (k <= 5361568))
	  ->  Bitmap Index Scan on k_1  (cost=0.00..5.38 rows=95 width=0)
	        Index Cond: ((k >= 5361468) AND (k <= 5361568))

table 2 : explain SELECT k, c FROM sbtest2 WHERE k BETWEEN 5361468 AND 5361568
	Bitmap Heap Scan on sbtest2  (cost=5.44..393.66 rows=98 width=125)
	  Recheck Cond: ((k >= 5361468) AND (k <= 5361568))
	  ->  Bitmap Index Scan on k_2  (cost=0.00..5.42 rows=98 width=0)
	        Index Cond: ((k >= 5361468) AND (k <= 5361568))

table 3 : explain SELECT k, c FROM sbtest3 WHERE k BETWEEN 5361468 AND 5361568
	Bitmap Heap Scan on sbtest3  (cost=5.51..421.47 rows=105 width=125)
	  Recheck Cond: ((k >= 5361468) AND (k <= 5361568))
	  ->  Bitmap Index Scan on k_3  (cost=0.00..5.48 rows=105 width=0)
	        Index Cond: ((k >= 5361468) AND (k <= 5361568))

table 4 : explain SELECT k, c FROM sbtest4 WHERE k BETWEEN 5361468 AND 5361568
	Bitmap Heap Scan on sbtest4  (cost=5.42..385.95 rows=96 width=125)
	  Recheck Cond: ((k >= 5361468) AND (k <= 5361568))
	  ->  Bitmap Index Scan on k_4  (cost=0.00..5.39 rows=96 width=0)
	        Index Cond: ((k >= 5361468) AND (k <= 5361568))

table 5 : explain SELECT k, c FROM sbtest5 WHERE k BETWEEN 5361468 AND 5361568
	Bitmap Heap Scan on sbtest5  (cost=5.43..389.89 rows=97 width=125)
	  Recheck Cond: ((k >= 5361468) AND (k <= 5361568))
	  ->  Bitmap Index Scan on k_5  (cost=0.00..5.40 rows=97 width=0)
	        Index Cond: ((k >= 5361468) AND (k <= 5361568))

table 6 : explain SELECT k, c FROM sbtest6 WHERE k BETWEEN 5361468 AND 5361568
	Bitmap Heap Scan on sbtest6  (cost=5.44..393.74 rows=98 width=125)
	  Recheck Cond: ((k >= 5361468) AND (k <= 5361568))
	  ->  Bitmap Index Scan on k_6  (cost=0.00..5.42 rows=98 width=0)
	        Index Cond: ((k >= 5361468) AND (k <= 5361568))

table 7 : explain SELECT k, c FROM sbtest7 WHERE k BETWEEN 5361468 AND 5361568
	Bitmap Heap Scan on sbtest7  (cost=5.51..421.43 rows=105 width=125)
	  Recheck Cond: ((k >= 5361468) AND (k <= 5361568))
	  ->  Bitmap Index Scan on k_7  (cost=0.00..5.48 rows=105 width=0)
	        Index Cond: ((k >= 5361468) AND (k <= 5361568))

table 8 : explain SELECT k, c FROM sbtest8 WHERE k BETWEEN 5361468 AND 5361568
	Bitmap Heap Scan on sbtest8  (cost=5.48..409.48 rows=102 width=125)
	  Recheck Cond: ((k >= 5361468) AND (k <= 5361568))
	  ->  Bitmap Index Scan on k_8  (cost=0.00..5.45 rows=102 width=0)
	        Index Cond: ((k >= 5361468) AND (k <= 5361568))

for range-notcovered
table 1 : explain SELECT k, c FROM sbtest1 WHERE k BETWEEN 6071438 AND 6071538
	Bitmap Heap Scan on sbtest1  (cost=5.60..456.86 rows=114 width=125)
	  Recheck Cond: ((k >= 6071438) AND (k <= 6071538))
	  ->  Bitmap Index Scan on k_1  (cost=0.00..5.58 rows=114 width=0)
	        Index Cond: ((k >= 6071438) AND (k <= 6071538))

table 2 : explain SELECT k, c FROM sbtest2 WHERE k BETWEEN 6071438 AND 6071538
	Bitmap Heap Scan on sbtest2  (cost=5.40..377.88 rows=94 width=125)
	  Recheck Cond: ((k >= 6071438) AND (k <= 6071538))
	  ->  Bitmap Index Scan on k_2  (cost=0.00..5.38 rows=94 width=0)
	        Index Cond: ((k >= 6071438) AND (k <= 6071538))

table 3 : explain SELECT k, c FROM sbtest3 WHERE k BETWEEN 6071438 AND 6071538
	Bitmap Heap Scan on sbtest3  (cost=5.39..374.10 rows=93 width=125)
	  Recheck Cond: ((k >= 6071438) AND (k <= 6071538))
	  ->  Bitmap Index Scan on k_3  (cost=0.00..5.36 rows=93 width=0)
	        Index Cond: ((k >= 6071438) AND (k <= 6071538))

table 4 : explain SELECT k, c FROM sbtest4 WHERE k BETWEEN 6071438 AND 6071538
	Bitmap Heap Scan on sbtest4  (cost=5.48..409.64 rows=102 width=125)
	  Recheck Cond: ((k >= 6071438) AND (k <= 6071538))
	  ->  Bitmap Index Scan on k_4  (cost=0.00..5.45 rows=102 width=0)
	        Index Cond: ((k >= 6071438) AND (k <= 6071538))

table 5 : explain SELECT k, c FROM sbtest5 WHERE k BETWEEN 6071438 AND 6071538
	Bitmap Heap Scan on sbtest5  (cost=5.42..385.94 rows=96 width=125)
	  Recheck Cond: ((k >= 6071438) AND (k <= 6071538))
	  ->  Bitmap Index Scan on k_5  (cost=0.00..5.39 rows=96 width=0)
	        Index Cond: ((k >= 6071438) AND (k <= 6071538))

table 6 : explain SELECT k, c FROM sbtest6 WHERE k BETWEEN 6071438 AND 6071538
	Bitmap Heap Scan on sbtest6  (cost=5.50..417.41 rows=104 width=125)
	  Recheck Cond: ((k >= 6071438) AND (k <= 6071538))
	  ->  Bitmap Index Scan on k_6  (cost=0.00..5.47 rows=104 width=0)
	        Index Cond: ((k >= 6071438) AND (k <= 6071538))

table 7 : explain SELECT k, c FROM sbtest7 WHERE k BETWEEN 6071438 AND 6071538
	Bitmap Heap Scan on sbtest7  (cost=5.62..464.80 rows=116 width=125)
	  Recheck Cond: ((k >= 6071438) AND (k <= 6071538))
	  ->  Bitmap Index Scan on k_7  (cost=0.00..5.59 rows=116 width=0)
	        Index Cond: ((k >= 6071438) AND (k <= 6071538))

table 8 : explain SELECT k, c FROM sbtest8 WHERE k BETWEEN 6071438 AND 6071538
	Bitmap Heap Scan on sbtest8  (cost=5.38..370.02 rows=92 width=125)
	  Recheck Cond: ((k >= 6071438) AND (k <= 6071538))
	  ->  Bitmap Index Scan on k_8  (cost=0.00..5.35 rows=92 width=0)
	        Index Cond: ((k >= 6071438) AND (k <= 6071538))

for range-notcovered
table 1 : explain SELECT k, c FROM sbtest1 WHERE k BETWEEN 6633405 AND 6633505
	Bitmap Heap Scan on sbtest1  (cost=5.45..397.71 rows=99 width=125)
	  Recheck Cond: ((k >= 6633405) AND (k <= 6633505))
	  ->  Bitmap Index Scan on k_1  (cost=0.00..5.42 rows=99 width=0)
	        Index Cond: ((k >= 6633405) AND (k <= 6633505))

table 2 : explain SELECT k, c FROM sbtest2 WHERE k BETWEEN 6633405 AND 6633505
	Bitmap Heap Scan on sbtest2  (cost=5.48..409.43 rows=102 width=125)
	  Recheck Cond: ((k >= 6633405) AND (k <= 6633505))
	  ->  Bitmap Index Scan on k_2  (cost=0.00..5.45 rows=102 width=0)
	        Index Cond: ((k >= 6633405) AND (k <= 6633505))

table 3 : explain SELECT k, c FROM sbtest3 WHERE k BETWEEN 6633405 AND 6633505
	Bitmap Heap Scan on sbtest3  (cost=5.47..405.68 rows=101 width=125)
	  Recheck Cond: ((k >= 6633405) AND (k <= 6633505))
	  ->  Bitmap Index Scan on k_3  (cost=0.00..5.44 rows=101 width=0)
	        Index Cond: ((k >= 6633405) AND (k <= 6633505))

table 4 : explain SELECT k, c FROM sbtest4 WHERE k BETWEEN 6633405 AND 6633505
	Bitmap Heap Scan on sbtest4  (cost=5.48..409.64 rows=102 width=125)
	  Recheck Cond: ((k >= 6633405) AND (k <= 6633505))
	  ->  Bitmap Index Scan on k_4  (cost=0.00..5.45 rows=102 width=0)
	        Index Cond: ((k >= 6633405) AND (k <= 6633505))

table 5 : explain SELECT k, c FROM sbtest5 WHERE k BETWEEN 6633405 AND 6633505
	Bitmap Heap Scan on sbtest5  (cost=5.40..378.05 rows=94 width=125)
	  Recheck Cond: ((k >= 6633405) AND (k <= 6633505))
	  ->  Bitmap Index Scan on k_5  (cost=0.00..5.38 rows=94 width=0)
	        Index Cond: ((k >= 6633405) AND (k <= 6633505))

table 6 : explain SELECT k, c FROM sbtest6 WHERE k BETWEEN 6633405 AND 6633505
	Bitmap Heap Scan on sbtest6  (cost=5.47..405.58 rows=101 width=125)
	  Recheck Cond: ((k >= 6633405) AND (k <= 6633505))
	  ->  Bitmap Index Scan on k_6  (cost=0.00..5.44 rows=101 width=0)
	        Index Cond: ((k >= 6633405) AND (k <= 6633505))

table 7 : explain SELECT k, c FROM sbtest7 WHERE k BETWEEN 6633405 AND 6633505
	Bitmap Heap Scan on sbtest7  (cost=5.57..445.09 rows=111 width=125)
	  Recheck Cond: ((k >= 6633405) AND (k <= 6633505))
	  ->  Bitmap Index Scan on k_7  (cost=0.00..5.54 rows=111 width=0)
	        Index Cond: ((k >= 6633405) AND (k <= 6633505))

table 8 : explain SELECT k, c FROM sbtest8 WHERE k BETWEEN 6633405 AND 6633505
	Bitmap Heap Scan on sbtest8  (cost=5.46..401.59 rows=100 width=125)
	  Recheck Cond: ((k >= 6633405) AND (k <= 6633505))
	  ->  Bitmap Index Scan on k_8  (cost=0.00..5.43 rows=100 width=0)
	        Index Cond: ((k >= 6633405) AND (k <= 6633505))

explain: for range-notcovered :: explain SELECT k, c FROM sbtest%d WHERE k BETWEEN 5361468 AND 5361568
explain: for range-notcovered :: explain SELECT k, c FROM sbtest%d WHERE k BETWEEN 6071438 AND 6071538
explain: for range-notcovered :: explain SELECT k, c FROM sbtest%d WHERE k BETWEEN 6633405 AND 6633505
for range-notcovered
table 1 : explain SELECT k, c FROM sbtest1 WHERE k BETWEEN 5264729 AND 5264829
	Bitmap Heap Scan on sbtest1  (cost=5.49..413.49 rows=103 width=125)
	  Recheck Cond: ((k >= 5264729) AND (k <= 5264829))
	  ->  Bitmap Index Scan on k_1  (cost=0.00..5.46 rows=103 width=0)
	        Index Cond: ((k >= 5264729) AND (k <= 5264829))

table 2 : explain SELECT k, c FROM sbtest2 WHERE k BETWEEN 5264729 AND 5264829
	Bitmap Heap Scan on sbtest2  (cost=5.52..425.20 rows=106 width=125)
	  Recheck Cond: ((k >= 5264729) AND (k <= 5264829))
	  ->  Bitmap Index Scan on k_2  (cost=0.00..5.50 rows=106 width=0)
	        Index Cond: ((k >= 5264729) AND (k <= 5264829))

table 3 : explain SELECT k, c FROM sbtest3 WHERE k BETWEEN 5264729 AND 5264829
	Bitmap Heap Scan on sbtest3  (cost=5.51..421.47 rows=105 width=125)
	  Recheck Cond: ((k >= 5264729) AND (k <= 5264829))
	  ->  Bitmap Index Scan on k_3  (cost=0.00..5.48 rows=105 width=0)
	        Index Cond: ((k >= 5264729) AND (k <= 5264829))

table 4 : explain SELECT k, c FROM sbtest4 WHERE k BETWEEN 5264729 AND 5264829
	Bitmap Heap Scan on sbtest4  (cost=5.50..417.53 rows=104 width=125)
	  Recheck Cond: ((k >= 5264729) AND (k <= 5264829))
	  ->  Bitmap Index Scan on k_4  (cost=0.00..5.47 rows=104 width=0)
	        Index Cond: ((k >= 5264729) AND (k <= 5264829))

table 5 : explain SELECT k, c FROM sbtest5 WHERE k BETWEEN 5264729 AND 5264829
	Bitmap Heap Scan on sbtest5  (cost=5.41..382.00 rows=95 width=125)
	  Recheck Cond: ((k >= 5264729) AND (k <= 5264829))
	  ->  Bitmap Index Scan on k_5  (cost=0.00..5.38 rows=95 width=0)
	        Index Cond: ((k >= 5264729) AND (k <= 5264829))

table 6 : explain SELECT k, c FROM sbtest6 WHERE k BETWEEN 5264729 AND 5264829
	Bitmap Heap Scan on sbtest6  (cost=5.38..370.06 rows=92 width=125)
	  Recheck Cond: ((k >= 5264729) AND (k <= 5264829))
	  ->  Bitmap Index Scan on k_6  (cost=0.00..5.35 rows=92 width=0)
	        Index Cond: ((k >= 5264729) AND (k <= 5264829))

table 7 : explain SELECT k, c FROM sbtest7 WHERE k BETWEEN 5264729 AND 5264829
	Bitmap Heap Scan on sbtest7  (cost=5.50..417.49 rows=104 width=125)
	  Recheck Cond: ((k >= 5264729) AND (k <= 5264829))
	  ->  Bitmap Index Scan on k_7  (cost=0.00..5.47 rows=104 width=0)
	        Index Cond: ((k >= 5264729) AND (k <= 5264829))

table 8 : explain SELECT k, c FROM sbtest8 WHERE k BETWEEN 5264729 AND 5264829
	Bitmap Heap Scan on sbtest8  (cost=5.46..401.59 rows=100 width=125)
	  Recheck Cond: ((k >= 5264729) AND (k <= 5264829))
	  ->  Bitmap Index Scan on k_8  (cost=0.00..5.43 rows=100 width=0)
	        Index Cond: ((k >= 5264729) AND (k <= 5264829))

for range-notcovered
table 1 : explain SELECT k, c FROM sbtest1 WHERE k BETWEEN 7185395 AND 7185495
	Bitmap Heap Scan on sbtest1  (cost=5.39..374.03 rows=93 width=125)
	  Recheck Cond: ((k >= 7185395) AND (k <= 7185495))
	  ->  Bitmap Index Scan on k_1  (cost=0.00..5.36 rows=93 width=0)
	        Index Cond: ((k >= 7185395) AND (k <= 7185495))

table 2 : explain SELECT k, c FROM sbtest2 WHERE k BETWEEN 7185395 AND 7185495
	Bitmap Heap Scan on sbtest2  (cost=5.43..389.71 rows=97 width=125)
	  Recheck Cond: ((k >= 7185395) AND (k <= 7185495))
	  ->  Bitmap Index Scan on k_2  (cost=0.00..5.40 rows=97 width=0)
	        Index Cond: ((k >= 7185395) AND (k <= 7185495))

table 3 : explain SELECT k, c FROM sbtest3 WHERE k BETWEEN 7185395 AND 7185495
	Bitmap Heap Scan on sbtest3  (cost=5.47..405.68 rows=101 width=125)
	  Recheck Cond: ((k >= 7185395) AND (k <= 7185495))
	  ->  Bitmap Index Scan on k_3  (cost=0.00..5.44 rows=101 width=0)
	        Index Cond: ((k >= 7185395) AND (k <= 7185495))

table 4 : explain SELECT k, c FROM sbtest4 WHERE k BETWEEN 7185395 AND 7185495
	Bitmap Heap Scan on sbtest4  (cost=5.41..382.00 rows=95 width=125)
	  Recheck Cond: ((k >= 7185395) AND (k <= 7185495))
	  ->  Bitmap Index Scan on k_4  (cost=0.00..5.38 rows=95 width=0)
	        Index Cond: ((k >= 7185395) AND (k <= 7185495))

table 5 : explain SELECT k, c FROM sbtest5 WHERE k BETWEEN 7185395 AND 7185495
	Bitmap Heap Scan on sbtest5  (cost=5.47..405.68 rows=101 width=125)
	  Recheck Cond: ((k >= 7185395) AND (k <= 7185495))
	  ->  Bitmap Index Scan on k_5  (cost=0.00..5.44 rows=101 width=0)
	        Index Cond: ((k >= 7185395) AND (k <= 7185495))

table 6 : explain SELECT k, c FROM sbtest6 WHERE k BETWEEN 7185395 AND 7185495
	Bitmap Heap Scan on sbtest6  (cost=5.55..437.12 rows=109 width=125)
	  Recheck Cond: ((k >= 7185395) AND (k <= 7185495))
	  ->  Bitmap Index Scan on k_6  (cost=0.00..5.52 rows=109 width=0)
	        Index Cond: ((k >= 7185395) AND (k <= 7185495))

table 7 : explain SELECT k, c FROM sbtest7 WHERE k BETWEEN 7185395 AND 7185495
	Bitmap Heap Scan on sbtest7  (cost=5.46..401.71 rows=100 width=125)
	  Recheck Cond: ((k >= 7185395) AND (k <= 7185495))
	  ->  Bitmap Index Scan on k_7  (cost=0.00..5.43 rows=100 width=0)
	        Index Cond: ((k >= 7185395) AND (k <= 7185495))

table 8 : explain SELECT k, c FROM sbtest8 WHERE k BETWEEN 7185395 AND 7185495
	Bitmap Heap Scan on sbtest8  (cost=5.45..397.65 rows=99 width=125)
	  Recheck Cond: ((k >= 7185395) AND (k <= 7185495))
	  ->  Bitmap Index Scan on k_8  (cost=0.00..5.42 rows=99 width=0)
	        Index Cond: ((k >= 7185395) AND (k <= 7185495))

for range-notcovered
table 1 : explain SELECT k, c FROM sbtest1 WHERE k BETWEEN 7739913 AND 7740013
	Bitmap Heap Scan on sbtest1  (cost=5.47..405.60 rows=101 width=125)
	  Recheck Cond: ((k >= 7739913) AND (k <= 7740013))
	  ->  Bitmap Index Scan on k_1  (cost=0.00..5.44 rows=101 width=0)
	        Index Cond: ((k >= 7739913) AND (k <= 7740013))

table 2 : explain SELECT k, c FROM sbtest2 WHERE k BETWEEN 7739913 AND 7740013
	Bitmap Heap Scan on sbtest2  (cost=5.48..409.43 rows=102 width=125)
	  Recheck Cond: ((k >= 7739913) AND (k <= 7740013))
	  ->  Bitmap Index Scan on k_2  (cost=0.00..5.45 rows=102 width=0)
	        Index Cond: ((k >= 7739913) AND (k <= 7740013))

table 3 : explain SELECT k, c FROM sbtest3 WHERE k BETWEEN 7739913 AND 7740013
	Bitmap Heap Scan on sbtest3  (cost=5.50..417.52 rows=104 width=125)
	  Recheck Cond: ((k >= 7739913) AND (k <= 7740013))
	  ->  Bitmap Index Scan on k_3  (cost=0.00..5.47 rows=104 width=0)
	        Index Cond: ((k >= 7739913) AND (k <= 7740013))

table 4 : explain SELECT k, c FROM sbtest4 WHERE k BETWEEN 7739913 AND 7740013
	Bitmap Heap Scan on sbtest4  (cost=5.58..449.08 rows=112 width=125)
	  Recheck Cond: ((k >= 7739913) AND (k <= 7740013))
	  ->  Bitmap Index Scan on k_4  (cost=0.00..5.55 rows=112 width=0)
	        Index Cond: ((k >= 7739913) AND (k <= 7740013))

table 5 : explain SELECT k, c FROM sbtest5 WHERE k BETWEEN 7739913 AND 7740013
	Bitmap Heap Scan on sbtest5  (cost=5.47..405.68 rows=101 width=125)
	  Recheck Cond: ((k >= 7739913) AND (k <= 7740013))
	  ->  Bitmap Index Scan on k_5  (cost=0.00..5.44 rows=101 width=0)
	        Index Cond: ((k >= 7739913) AND (k <= 7740013))

table 6 : explain SELECT k, c FROM sbtest6 WHERE k BETWEEN 7739913 AND 7740013
	Bitmap Heap Scan on sbtest6  (cost=5.45..397.69 rows=99 width=125)
	  Recheck Cond: ((k >= 7739913) AND (k <= 7740013))
	  ->  Bitmap Index Scan on k_6  (cost=0.00..5.42 rows=99 width=0)
	        Index Cond: ((k >= 7739913) AND (k <= 7740013))

table 7 : explain SELECT k, c FROM sbtest7 WHERE k BETWEEN 7739913 AND 7740013
	Bitmap Heap Scan on sbtest7  (cost=5.34..354.32 rows=88 width=125)
	  Recheck Cond: ((k >= 7739913) AND (k <= 7740013))
	  ->  Bitmap Index Scan on k_7  (cost=0.00..5.31 rows=88 width=0)
	        Index Cond: ((k >= 7739913) AND (k <= 7740013))

table 8 : explain SELECT k, c FROM sbtest8 WHERE k BETWEEN 7739913 AND 7740013
	Bitmap Heap Scan on sbtest8  (cost=5.46..401.59 rows=100 width=125)
	  Recheck Cond: ((k >= 7739913) AND (k <= 7740013))
	  ->  Bitmap Index Scan on k_8  (cost=0.00..5.43 rows=100 width=0)
	        Index Cond: ((k >= 7739913) AND (k <= 7740013))

explain: for range-notcovered :: explain SELECT k, c FROM sbtest%d WHERE k BETWEEN 5264729 AND 5264829
for range-notcovered
table 1 : explain SELECT k, c FROM sbtest1 WHERE k BETWEEN 3578842 AND 3578942
	Bitmap Heap Scan on sbtest1  (cost=5.50..417.43 rows=104 width=125)
	  Recheck Cond: ((k >= 3578842) AND (k <= 3578942))
	  ->  Bitmap Index Scan on k_1  (cost=0.00..5.47 rows=104 width=0)
	        Index Cond: ((k >= 3578842) AND (k <= 3578942))

table 2 : explain SELECT k, c FROM sbtest2 WHERE k BETWEEN 3578842 AND 3578942
	Bitmap Heap Scan on sbtest2  (cost=5.48..409.43 rows=102 width=125)
	  Recheck Cond: ((k >= 3578842) AND (k <= 3578942))
	  ->  Bitmap Index Scan on k_2  (cost=0.00..5.45 rows=102 width=0)
	        Index Cond: ((k >= 3578842) AND (k <= 3578942))

table 3 : explain SELECT k, c FROM sbtest3 WHERE k BETWEEN 3578842 AND 3578942
	Bitmap Heap Scan on sbtest3  (cost=5.56..441.19 rows=110 width=125)
	  Recheck Cond: ((k >= 3578842) AND (k <= 3578942))
	  ->  Bitmap Index Scan on k_3  (cost=0.00..5.53 rows=110 width=0)
	        Index Cond: ((k >= 3578842) AND (k <= 3578942))

table 4 : explain SELECT k, c FROM sbtest4 WHERE k BETWEEN 3578842 AND 3578942
	Bitmap Heap Scan on sbtest4  (cost=5.48..409.64 rows=102 width=125)
	  Recheck Cond: ((k >= 3578842) AND (k <= 3578942))
	  ->  Bitmap Index Scan on k_4  (cost=0.00..5.45 rows=102 width=0)
	        Index Cond: ((k >= 3578842) AND (k <= 3578942))

table 5 : explain SELECT k, c FROM sbtest5 WHERE k BETWEEN 3578842 AND 3578942
	Bitmap Heap Scan on sbtest5  (cost=5.45..397.79 rows=99 width=125)
	  Recheck Cond: ((k >= 3578842) AND (k <= 3578942))
	  ->  Bitmap Index Scan on k_5  (cost=0.00..5.42 rows=99 width=0)
	        Index Cond: ((k >= 3578842) AND (k <= 3578942))

table 6 : explain SELECT k, c FROM sbtest6 WHERE k BETWEEN 3578842 AND 3578942
	Bitmap Heap Scan on sbtest6  (cost=5.53..429.24 rows=107 width=125)
	  Recheck Cond: ((k >= 3578842) AND (k <= 3578942))
	  ->  Bitmap Index Scan on k_6  (cost=0.00..5.50 rows=107 width=0)
	        Index Cond: ((k >= 3578842) AND (k <= 3578942))

table 7 : explain SELECT k, c FROM sbtest7 WHERE k BETWEEN 3578842 AND 3578942
	Bitmap Heap Scan on sbtest7  (cost=5.49..413.54 rows=103 width=125)
	  Recheck Cond: ((k >= 3578842) AND (k <= 3578942))
	  ->  Bitmap Index Scan on k_7  (cost=0.00..5.46 rows=103 width=0)
	        Index Cond: ((k >= 3578842) AND (k <= 3578942))

table 8 : explain SELECT k, c FROM sbtest8 WHERE k BETWEEN 3578842 AND 3578942
	Bitmap Heap Scan on sbtest8  (cost=5.58..448.90 rows=112 width=125)
	  Recheck Cond: ((k >= 3578842) AND (k <= 3578942))
	  ->  Bitmap Index Scan on k_8  (cost=0.00..5.55 rows=112 width=0)
	        Index Cond: ((k >= 3578842) AND (k <= 3578942))

for range-notcovered
table 1 : explain SELECT k, c FROM sbtest1 WHERE k BETWEEN 1147091 AND 1147191
	Bitmap Heap Scan on sbtest1  (cost=5.47..405.60 rows=101 width=125)
	  Recheck Cond: ((k >= 1147091) AND (k <= 1147191))
	  ->  Bitmap Index Scan on k_1  (cost=0.00..5.44 rows=101 width=0)
	        Index Cond: ((k >= 1147091) AND (k <= 1147191))

table 2 : explain SELECT k, c FROM sbtest2 WHERE k BETWEEN 1147091 AND 1147191
	Bitmap Heap Scan on sbtest2  (cost=5.44..393.66 rows=98 width=125)
	  Recheck Cond: ((k >= 1147091) AND (k <= 1147191))
	  ->  Bitmap Index Scan on k_2  (cost=0.00..5.42 rows=98 width=0)
	        Index Cond: ((k >= 1147091) AND (k <= 1147191))

table 3 : explain SELECT k, c FROM sbtest3 WHERE k BETWEEN 1147091 AND 1147191
	Bitmap Heap Scan on sbtest3  (cost=5.49..413.57 rows=103 width=125)
	  Recheck Cond: ((k >= 1147091) AND (k <= 1147191))
	  ->  Bitmap Index Scan on k_3  (cost=0.00..5.46 rows=103 width=0)
	        Index Cond: ((k >= 1147091) AND (k <= 1147191))

table 4 : explain SELECT k, c FROM sbtest4 WHERE k BETWEEN 1147091 AND 1147191
	Bitmap Heap Scan on sbtest4  (cost=5.61..460.91 rows=115 width=125)
	  Recheck Cond: ((k >= 1147091) AND (k <= 1147191))
	  ->  Bitmap Index Scan on k_4  (cost=0.00..5.58 rows=115 width=0)
	        Index Cond: ((k >= 1147091) AND (k <= 1147191))

table 5 : explain SELECT k, c FROM sbtest5 WHERE k BETWEEN 1147091 AND 1147191
	Bitmap Heap Scan on sbtest5  (cost=5.54..433.30 rows=108 width=125)
	  Recheck Cond: ((k >= 1147091) AND (k <= 1147191))
	  ->  Bitmap Index Scan on k_5  (cost=0.00..5.51 rows=108 width=0)
	        Index Cond: ((k >= 1147091) AND (k <= 1147191))

table 6 : explain SELECT k, c FROM sbtest6 WHERE k BETWEEN 1147091 AND 1147191
	Bitmap Heap Scan on sbtest6  (cost=5.51..421.35 rows=105 width=125)
	  Recheck Cond: ((k >= 1147091) AND (k <= 1147191))
	  ->  Bitmap Index Scan on k_6  (cost=0.00..5.48 rows=105 width=0)
	        Index Cond: ((k >= 1147091) AND (k <= 1147191))

table 7 : explain SELECT k, c FROM sbtest7 WHERE k BETWEEN 1147091 AND 1147191
	Bitmap Heap Scan on sbtest7  (cost=5.43..389.86 rows=97 width=125)
	  Recheck Cond: ((k >= 1147091) AND (k <= 1147191))
	  ->  Bitmap Index Scan on k_7  (cost=0.00..5.40 rows=97 width=0)
	        Index Cond: ((k >= 1147091) AND (k <= 1147191))

table 8 : explain SELECT k, c FROM sbtest8 WHERE k BETWEEN 1147091 AND 1147191
	Bitmap Heap Scan on sbtest8  (cost=5.46..401.59 rows=100 width=125)
	  Recheck Cond: ((k >= 1147091) AND (k <= 1147191))
	  ->  Bitmap Index Scan on k_8  (cost=0.00..5.43 rows=100 width=0)
	        Index Cond: ((k >= 1147091) AND (k <= 1147191))

explain: for range-notcovered :: explain SELECT k, c FROM sbtest%d WHERE k BETWEEN 7185395 AND 7185495
for range-notcovered
table 1 : explain SELECT k, c FROM sbtest1 WHERE k BETWEEN 5974180 AND 5974280
	Bitmap Heap Scan on sbtest1  (cost=5.55..437.15 rows=109 width=125)
	  Recheck Cond: ((k >= 5974180) AND (k <= 5974280))
	  ->  Bitmap Index Scan on k_1  (cost=0.00..5.52 rows=109 width=0)
	        Index Cond: ((k >= 5974180) AND (k <= 5974280))

table 2 : explain SELECT k, c FROM sbtest2 WHERE k BETWEEN 5974180 AND 5974280
	Bitmap Heap Scan on sbtest2  (cost=5.48..409.43 rows=102 width=125)
	  Recheck Cond: ((k >= 5974180) AND (k <= 5974280))
	  ->  Bitmap Index Scan on k_2  (cost=0.00..5.45 rows=102 width=0)
	        Index Cond: ((k >= 5974180) AND (k <= 5974280))

table 3 : explain SELECT k, c FROM sbtest3 WHERE k BETWEEN 5974180 AND 5974280
	Bitmap Heap Scan on sbtest3  (cost=5.43..389.89 rows=97 width=125)
	  Recheck Cond: ((k >= 5974180) AND (k <= 5974280))
	  ->  Bitmap Index Scan on k_3  (cost=0.00..5.40 rows=97 width=0)
	        Index Cond: ((k >= 5974180) AND (k <= 5974280))

table 4 : explain SELECT k, c FROM sbtest4 WHERE k BETWEEN 5974180 AND 5974280
	Bitmap Heap Scan on sbtest4  (cost=5.40..378.06 rows=94 width=125)
	  Recheck Cond: ((k >= 5974180) AND (k <= 5974280))
	  ->  Bitmap Index Scan on k_4  (cost=0.00..5.38 rows=94 width=0)
	        Index Cond: ((k >= 5974180) AND (k <= 5974280))

table 5 : explain SELECT k, c FROM sbtest5 WHERE k BETWEEN 5974180 AND 5974280
	Bitmap Heap Scan on sbtest5  (cost=5.36..362.25 rows=90 width=125)
	  Recheck Cond: ((k >= 5974180) AND (k <= 5974280))
	  ->  Bitmap Index Scan on k_5  (cost=0.00..5.33 rows=90 width=0)
	        Index Cond: ((k >= 5974180) AND (k <= 5974280))

table 6 : explain SELECT k, c FROM sbtest6 WHERE k BETWEEN 5974180 AND 5974280
	Bitmap Heap Scan on sbtest6  (cost=5.53..429.24 rows=107 width=125)
	  Recheck Cond: ((k >= 5974180) AND (k <= 5974280))
	  ->  Bitmap Index Scan on k_6  (cost=0.00..5.50 rows=107 width=0)
	        Index Cond: ((k >= 5974180) AND (k <= 5974280))

table 7 : explain SELECT k, c FROM sbtest7 WHERE k BETWEEN 5974180 AND 5974280
	Bitmap Heap Scan on sbtest7  (cost=5.46..401.71 rows=100 width=125)
	  Recheck Cond: ((k >= 5974180) AND (k <= 5974280))
	  ->  Bitmap Index Scan on k_7  (cost=0.00..5.43 rows=100 width=0)
	        Index Cond: ((k >= 5974180) AND (k <= 5974280))

table 8 : explain SELECT k, c FROM sbtest8 WHERE k BETWEEN 5974180 AND 5974280
	Bitmap Heap Scan on sbtest8  (cost=5.48..409.48 rows=102 width=125)
	  Recheck Cond: ((k >= 5974180) AND (k <= 5974280))
	  ->  Bitmap Index Scan on k_8  (cost=0.00..5.45 rows=102 width=0)
	        Index Cond: ((k >= 5974180) AND (k <= 5974280))

for range-notcovered
table 1 : explain SELECT k, c FROM sbtest1 WHERE k BETWEEN 6853352 AND 6853452
	Bitmap Heap Scan on sbtest1  (cost=5.51..421.38 rows=105 width=125)
	  Recheck Cond: ((k >= 6853352) AND (k <= 6853452))
	  ->  Bitmap Index Scan on k_1  (cost=0.00..5.48 rows=105 width=0)
	        Index Cond: ((k >= 6853352) AND (k <= 6853452))

table 2 : explain SELECT k, c FROM sbtest2 WHERE k BETWEEN 6853352 AND 6853452
	Bitmap Heap Scan on sbtest2  (cost=5.53..429.15 rows=107 width=125)
	  Recheck Cond: ((k >= 6853352) AND (k <= 6853452))
	  ->  Bitmap Index Scan on k_2  (cost=0.00..5.50 rows=107 width=0)
	        Index Cond: ((k >= 6853352) AND (k <= 6853452))

table 3 : explain SELECT k, c FROM sbtest3 WHERE k BETWEEN 6853352 AND 6853452
	Bitmap Heap Scan on sbtest3  (cost=5.30..338.53 rows=84 width=125)
	  Recheck Cond: ((k >= 6853352) AND (k <= 6853452))
	  ->  Bitmap Index Scan on k_3  (cost=0.00..5.27 rows=84 width=0)
	        Index Cond: ((k >= 6853352) AND (k <= 6853452))

table 4 : explain SELECT k, c FROM sbtest4 WHERE k BETWEEN 6853352 AND 6853452
	Bitmap Heap Scan on sbtest4  (cost=5.55..437.25 rows=109 width=125)
	  Recheck Cond: ((k >= 6853352) AND (k <= 6853452))
	  ->  Bitmap Index Scan on k_4  (cost=0.00..5.52 rows=109 width=0)
	        Index Cond: ((k >= 6853352) AND (k <= 6853452))

table 5 : explain SELECT k, c FROM sbtest5 WHERE k BETWEEN 6853352 AND 6853452
	Bitmap Heap Scan on sbtest5  (cost=5.50..417.52 rows=104 width=125)
	  Recheck Cond: ((k >= 6853352) AND (k <= 6853452))
	  ->  Bitmap Index Scan on k_5  (cost=0.00..5.47 rows=104 width=0)
	        Index Cond: ((k >= 6853352) AND (k <= 6853452))

table 6 : explain SELECT k, c FROM sbtest6 WHERE k BETWEEN 6853352 AND 6853452
	Bitmap Heap Scan on sbtest6  (cost=5.49..413.47 rows=103 width=125)
	  Recheck Cond: ((k >= 6853352) AND (k <= 6853452))
	  ->  Bitmap Index Scan on k_6  (cost=0.00..5.46 rows=103 width=0)
	        Index Cond: ((k >= 6853352) AND (k <= 6853452))

table 7 : explain SELECT k, c FROM sbtest7 WHERE k BETWEEN 6853352 AND 6853452
	Bitmap Heap Scan on sbtest7  (cost=5.51..421.43 rows=105 width=125)
	  Recheck Cond: ((k >= 6853352) AND (k <= 6853452))
	  ->  Bitmap Index Scan on k_7  (cost=0.00..5.48 rows=105 width=0)
	        Index Cond: ((k >= 6853352) AND (k <= 6853452))

table 8 : explain SELECT k, c FROM sbtest8 WHERE k BETWEEN 6853352 AND 6853452
	Bitmap Heap Scan on sbtest8  (cost=5.59..452.84 rows=113 width=125)
	  Recheck Cond: ((k >= 6853352) AND (k <= 6853452))
	  ->  Bitmap Index Scan on k_8  (cost=0.00..5.56 rows=113 width=0)
	        Index Cond: ((k >= 6853352) AND (k <= 6853452))

explain: for range-notcovered :: explain SELECT k, c FROM sbtest%d WHERE k BETWEEN 3578842 AND 3578942for range-notcovered
table 1 : explain SELECT k, c FROM sbtest1 WHERE k BETWEEN 1887775 AND 1887875
	Bitmap Heap Scan on sbtest1  (cost=5.49..413.49 rows=103 width=125)
	  Recheck Cond: ((k >= 1887775) AND (k <= 1887875))
	  ->  Bitmap Index Scan on k_1  (cost=0.00..5.46 rows=103 width=0)
	        Index Cond: ((k >= 1887775) AND (k <= 1887875))

table 2 : explain SELECT k, c FROM sbtest2 WHERE k BETWEEN 1887775 AND 1887875
	Bitmap Heap Scan on sbtest2  (cost=5.55..437.03 rows=109 width=125)
	  Recheck Cond: ((k >= 1887775) AND (k <= 1887875))
	  ->  Bitmap Index Scan on k_2  (cost=0.00..5.52 rows=109 width=0)
	        Index Cond: ((k >= 1887775) AND (k <= 1887875))

table 3 : explain SELECT k, c FROM sbtest3 WHERE k BETWEEN 1887775 AND 1887875
	Bitmap Heap Scan on sbtest3  (cost=5.45..397.79 rows=99 width=125)
	  Recheck Cond: ((k >= 1887775) AND (k <= 1887875))
	  ->  Bitmap Index Scan on k_3  (cost=0.00..5.42 rows=99 width=0)
	        Index Cond: ((k >= 1887775) AND (k <= 1887875))

table 4 : explain SELECT k, c FROM sbtest4 WHERE k BETWEEN 1887775 AND 1887875
	Bitmap Heap Scan on sbtest4  (cost=5.48..409.64 rows=102 width=125)
	  Recheck Cond: ((k >= 1887775) AND (k <= 1887875))
	  ->  Bitmap Index Scan on k_4  (cost=0.00..5.45 rows=102 width=0)
	        Index Cond: ((k >= 1887775) AND (k <= 1887875))

table 5 : explain SELECT k, c FROM sbtest5 WHERE k BETWEEN 1887775 AND 1887875
	Bitmap Heap Scan on sbtest5  (cost=5.49..413.57 rows=103 width=125)
	  Recheck Cond: ((k >= 1887775) AND (k <= 1887875))
	  ->  Bitmap Index Scan on k_5  (cost=0.00..5.46 rows=103 width=0)
	        Index Cond: ((k >= 1887775) AND (k <= 1887875))

table 6 : explain SELECT k, c FROM sbtest6 WHERE k BETWEEN 1887775 AND 1887875
	Bitmap Heap Scan on sbtest6  (cost=5.54..433.18 rows=108 width=125)
	  Recheck Cond: ((k >= 1887775) AND (k <= 1887875))
	  ->  Bitmap Index Scan on k_6  (cost=0.00..5.51 rows=108 width=0)
	        Index Cond: ((k >= 1887775) AND (k <= 1887875))

table 7 : explain SELECT k, c FROM sbtest7 WHERE k BETWEEN 1887775 AND 1887875
	Bitmap Heap Scan on sbtest7  (cost=5.45..397.76 rows=99 width=125)
	  Recheck Cond: ((k >= 1887775) AND (k <= 1887875))
	  ->  Bitmap Index Scan on k_7  (cost=0.00..5.42 rows=99 width=0)
	        Index Cond: ((k >= 1887775) AND (k <= 1887875))

table 8 : explain SELECT k, c FROM sbtest8 WHERE k BETWEEN 1887775 AND 1887875
	Bitmap Heap Scan on sbtest8  (cost=5.53..429.19 rows=107 width=125)
	  Recheck Cond: ((k >= 1887775) AND (k <= 1887875))
	  ->  Bitmap Index Scan on k_8  (cost=0.00..5.50 rows=107 width=0)
	        Index Cond: ((k >= 1887775) AND (k <= 1887875))

for range-notcovered
table 1 : explain SELECT k, c FROM sbtest1 WHERE k BETWEEN 1423202 AND 1423302
	Bitmap Heap Scan on sbtest1  (cost=5.45..397.71 rows=99 width=125)
	  Recheck Cond: ((k >= 1423202) AND (k <= 1423302))
	  ->  Bitmap Index Scan on k_1  (cost=0.00..5.42 rows=99 width=0)
	        Index Cond: ((k >= 1423202) AND (k <= 1423302))

table 2 : explain SELECT k, c FROM sbtest2 WHERE k BETWEEN 1423202 AND 1423302
	Bitmap Heap Scan on sbtest2  (cost=5.50..417.32 rows=104 width=125)
	  Recheck Cond: ((k >= 1423202) AND (k <= 1423302))
	  ->  Bitmap Index Scan on k_2  (cost=0.00..5.47 rows=104 width=0)
	        Index Cond: ((k >= 1423202) AND (k <= 1423302))

table 3 : explain SELECT k, c FROM sbtest3 WHERE k BETWEEN 1423202 AND 1423302
	Bitmap Heap Scan on sbtest3  (cost=5.62..464.84 rows=116 width=125)
	  Recheck Cond: ((k >= 1423202) AND (k <= 1423302))
	  ->  Bitmap Index Scan on k_3  (cost=0.00..5.59 rows=116 width=0)
	        Index Cond: ((k >= 1423202) AND (k <= 1423302))

table 4 : explain SELECT k, c FROM sbtest4 WHERE k BETWEEN 1423202 AND 1423302
	Bitmap Heap Scan on sbtest4  (cost=5.46..401.74 rows=100 width=125)
	  Recheck Cond: ((k >= 1423202) AND (k <= 1423302))
	  ->  Bitmap Index Scan on k_4  (cost=0.00..5.43 rows=100 width=0)
	        Index Cond: ((k >= 1423202) AND (k <= 1423302))

table 5 : explain SELECT k, c FROM sbtest5 WHERE k BETWEEN 1423202 AND 1423302
	Bitmap Heap Scan on sbtest5  (cost=5.61..460.89 rows=115 width=125)
	  Recheck Cond: ((k >= 1423202) AND (k <= 1423302))
	  ->  Bitmap Index Scan on k_5  (cost=0.00..5.58 rows=115 width=0)
	        Index Cond: ((k >= 1423202) AND (k <= 1423302))

table 6 : explain SELECT k, c FROM sbtest6 WHERE k BETWEEN 1423202 AND 1423302
	Bitmap Heap Scan on sbtest6  (cost=5.44..393.74 rows=98 width=125)
	  Recheck Cond: ((k >= 1423202) AND (k <= 1423302))
	  ->  Bitmap Index Scan on k_6  (cost=0.00..5.42 rows=98 width=0)
	        Index Cond: ((k >= 1423202) AND (k <= 1423302))

table 7 : explain SELECT k, c FROM sbtest7 WHERE k BETWEEN 1423202 AND 1423302
	Bitmap Heap Scan on sbtest7  (cost=5.48..409.60 rows=102 width=125)
	  Recheck Cond: ((k >= 1423202) AND (k <= 1423302))
	  ->  Bitmap Index Scan on k_7  (cost=0.00..5.45 rows=102 width=0)
	        Index Cond: ((k >= 1423202) AND (k <= 1423302))

table 8 : explain SELECT k, c FROM sbtest8 WHERE k BETWEEN 1423202 AND 1423302
	Bitmap Heap Scan on sbtest8  (cost=5.51..421.31 rows=105 width=125)
	  Recheck Cond: ((k >= 1423202) AND (k <= 1423302))
	  ->  Bitmap Index Scan on k_8  (cost=0.00..5.48 rows=105 width=0)
	        Index Cond: ((k >= 1423202) AND (k <= 1423302))


explain: for range-notcovered :: explain SELECT k, c FROM sbtest%d WHERE k BETWEEN 1147091 AND 1147191explain: for range-notcovered :: explain SELECT k, c FROM sbtest%d WHERE k BETWEEN 5974180 AND 5974280

for range-notcovered
table 1 : explain SELECT k, c FROM sbtest1 WHERE k BETWEEN 470817 AND 470917
	Bitmap Heap Scan on sbtest1  (cost=5.53..429.27 rows=107 width=125)
	  Recheck Cond: ((k >= 470817) AND (k <= 470917))
	  ->  Bitmap Index Scan on k_1  (cost=0.00..5.50 rows=107 width=0)
	        Index Cond: ((k >= 470817) AND (k <= 470917))

table 2 : explain SELECT k, c FROM sbtest2 WHERE k BETWEEN 470817 AND 470917
	Bitmap Heap Scan on sbtest2  (cost=5.51..421.26 rows=105 width=125)
	  Recheck Cond: ((k >= 470817) AND (k <= 470917))
	  ->  Bitmap Index Scan on k_2  (cost=0.00..5.48 rows=105 width=0)
	        Index Cond: ((k >= 470817) AND (k <= 470917))

table 3 : explain SELECT k, c FROM sbtest3 WHERE k BETWEEN 470817 AND 470917
	Bitmap Heap Scan on sbtest3  (cost=5.45..397.79 rows=99 width=125)
	  Recheck Cond: ((k >= 470817) AND (k <= 470917))
	  ->  Bitmap Index Scan on k_3  (cost=0.00..5.42 rows=99 width=0)
	        Index Cond: ((k >= 470817) AND (k <= 470917))

table 4 : explain SELECT k, c FROM sbtest4 WHERE k BETWEEN 470817 AND 470917
	Bitmap Heap Scan on sbtest4  (cost=5.46..401.74 rows=100 width=125)
	  Recheck Cond: ((k >= 470817) AND (k <= 470917))
	  ->  Bitmap Index Scan on k_4  (cost=0.00..5.43 rows=100 width=0)
	        Index Cond: ((k >= 470817) AND (k <= 470917))

table 5 : explain SELECT k, c FROM sbtest5 WHERE k BETWEEN 470817 AND 470917
	Bitmap Heap Scan on sbtest5  (cost=5.44..393.84 rows=98 width=125)
	  Recheck Cond: ((k >= 470817) AND (k <= 470917))
	  ->  Bitmap Index Scan on k_5  (cost=0.00..5.42 rows=98 width=0)
	        Index Cond: ((k >= 470817) AND (k <= 470917))

table 6 : explain SELECT k, c FROM sbtest6 WHERE k BETWEEN 470817 AND 470917
	Bitmap Heap Scan on sbtest6  (cost=5.44..393.74 rows=98 width=125)
	  Recheck Cond: ((k >= 470817) AND (k <= 470917))
	  ->  Bitmap Index Scan on k_6  (cost=0.00..5.42 rows=98 width=0)
	        Index Cond: ((k >= 470817) AND (k <= 470917))

table 7 : explain SELECT k, c FROM sbtest7 WHERE k BETWEEN 470817 AND 470917
	Bitmap Heap Scan on sbtest7  (cost=5.49..413.54 rows=103 width=125)
	  Recheck Cond: ((k >= 470817) AND (k <= 470917))
	  ->  Bitmap Index Scan on k_7  (cost=0.00..5.46 rows=103 width=0)
	        Index Cond: ((k >= 470817) AND (k <= 470917))

table 8 : explain SELECT k, c FROM sbtest8 WHERE k BETWEEN 470817 AND 470917
	Bitmap Heap Scan on sbtest8  (cost=5.49..413.42 rows=103 width=125)
	  Recheck Cond: ((k >= 470817) AND (k <= 470917))
	  ->  Bitmap Index Scan on k_8  (cost=0.00..5.46 rows=103 width=0)
	        Index Cond: ((k >= 470817) AND (k <= 470917))

explain: for range-notcovered :: explain SELECT k, c FROM sbtest%d WHERE k BETWEEN 1887775 AND 1887875
explain: for range-notcovered :: explain SELECT k, c FROM sbtest%d WHERE k BETWEEN 1423202 AND 1423302
explain: for range-notcovered :: explain SELECT k, c FROM sbtest%d WHERE k BETWEEN 470817 AND 470917
for range-notcovered
table 1 : explain SELECT k, c FROM sbtest1 WHERE k BETWEEN 6071438 AND 6071538
	Bitmap Heap Scan on sbtest1  (cost=5.60..456.86 rows=114 width=125)
	  Recheck Cond: ((k >= 6071438) AND (k <= 6071538))
	  ->  Bitmap Index Scan on k_1  (cost=0.00..5.58 rows=114 width=0)
	        Index Cond: ((k >= 6071438) AND (k <= 6071538))

table 2 : explain SELECT k, c FROM sbtest2 WHERE k BETWEEN 6071438 AND 6071538
	Bitmap Heap Scan on sbtest2  (cost=5.40..377.88 rows=94 width=125)
	  Recheck Cond: ((k >= 6071438) AND (k <= 6071538))
	  ->  Bitmap Index Scan on k_2  (cost=0.00..5.38 rows=94 width=0)
	        Index Cond: ((k >= 6071438) AND (k <= 6071538))

table 3 : explain SELECT k, c FROM sbtest3 WHERE k BETWEEN 6071438 AND 6071538
	Bitmap Heap Scan on sbtest3  (cost=5.39..374.10 rows=93 width=125)
	  Recheck Cond: ((k >= 6071438) AND (k <= 6071538))
	  ->  Bitmap Index Scan on k_3  (cost=0.00..5.36 rows=93 width=0)
	        Index Cond: ((k >= 6071438) AND (k <= 6071538))

table 4 : explain SELECT k, c FROM sbtest4 WHERE k BETWEEN 6071438 AND 6071538
	Bitmap Heap Scan on sbtest4  (cost=5.48..409.64 rows=102 width=125)
	  Recheck Cond: ((k >= 6071438) AND (k <= 6071538))
	  ->  Bitmap Index Scan on k_4  (cost=0.00..5.45 rows=102 width=0)
	        Index Cond: ((k >= 6071438) AND (k <= 6071538))

table 5 : explain SELECT k, c FROM sbtest5 WHERE k BETWEEN 6071438 AND 6071538
	Bitmap Heap Scan on sbtest5  (cost=5.42..385.94 rows=96 width=125)
	  Recheck Cond: ((k >= 6071438) AND (k <= 6071538))
	  ->  Bitmap Index Scan on k_5  (cost=0.00..5.39 rows=96 width=0)
	        Index Cond: ((k >= 6071438) AND (k <= 6071538))

table 6 : explain SELECT k, c FROM sbtest6 WHERE k BETWEEN 6071438 AND 6071538
	Bitmap Heap Scan on sbtest6  (cost=5.50..417.41 rows=104 width=125)
	  Recheck Cond: ((k >= 6071438) AND (k <= 6071538))
	  ->  Bitmap Index Scan on k_6  (cost=0.00..5.47 rows=104 width=0)
	        Index Cond: ((k >= 6071438) AND (k <= 6071538))

table 7 : explain SELECT k, c FROM sbtest7 WHERE k BETWEEN 6071438 AND 6071538
	Bitmap Heap Scan on sbtest7  (cost=5.62..464.80 rows=116 width=125)
	  Recheck Cond: ((k >= 6071438) AND (k <= 6071538))
	  ->  Bitmap Index Scan on k_7  (cost=0.00..5.59 rows=116 width=0)
	        Index Cond: ((k >= 6071438) AND (k <= 6071538))

table 8 : explain SELECT k, c FROM sbtest8 WHERE k BETWEEN 6071438 AND 6071538
	Bitmap Heap Scan on sbtest8  (cost=5.38..370.02 rows=92 width=125)
	  Recheck Cond: ((k >= 6071438) AND (k <= 6071538))
	  ->  Bitmap Index Scan on k_8  (cost=0.00..5.35 rows=92 width=0)
	        Index Cond: ((k >= 6071438) AND (k <= 6071538))

for range-notcovered
table 1 : explain SELECT k, c FROM sbtest1 WHERE k BETWEEN 5361468 AND 5361568
	Bitmap Heap Scan on sbtest1  (cost=5.41..381.92 rows=95 width=125)
	  Recheck Cond: ((k >= 5361468) AND (k <= 5361568))
	  ->  Bitmap Index Scan on k_1  (cost=0.00..5.38 rows=95 width=0)
	        Index Cond: ((k >= 5361468) AND (k <= 5361568))

table 2 : explain SELECT k, c FROM sbtest2 WHERE k BETWEEN 5361468 AND 5361568
	Bitmap Heap Scan on sbtest2  (cost=5.44..393.66 rows=98 width=125)
	  Recheck Cond: ((k >= 5361468) AND (k <= 5361568))
	  ->  Bitmap Index Scan on k_2  (cost=0.00..5.42 rows=98 width=0)
	        Index Cond: ((k >= 5361468) AND (k <= 5361568))

table 3 : explain SELECT k, c FROM sbtest3 WHERE k BETWEEN 5361468 AND 5361568
	Bitmap Heap Scan on sbtest3  (cost=5.51..421.47 rows=105 width=125)
	  Recheck Cond: ((k >= 5361468) AND (k <= 5361568))
	  ->  Bitmap Index Scan on k_3  (cost=0.00..5.48 rows=105 width=0)
	        Index Cond: ((k >= 5361468) AND (k <= 5361568))

table 4 : explain SELECT k, c FROM sbtest4 WHERE k BETWEEN 5361468 AND 5361568
	Bitmap Heap Scan on sbtest4  (cost=5.42..385.95 rows=96 width=125)
	  Recheck Cond: ((k >= 5361468) AND (k <= 5361568))
	  ->  Bitmap Index Scan on k_4  (cost=0.00..5.39 rows=96 width=0)
	        Index Cond: ((k >= 5361468) AND (k <= 5361568))

table 5 : explain SELECT k, c FROM sbtest5 WHERE k BETWEEN 5361468 AND 5361568
	Bitmap Heap Scan on sbtest5  (cost=5.43..389.89 rows=97 width=125)
	  Recheck Cond: ((k >= 5361468) AND (k <= 5361568))
	  ->  Bitmap Index Scan on k_5  (cost=0.00..5.40 rows=97 width=0)
	        Index Cond: ((k >= 5361468) AND (k <= 5361568))

table 6 : explain SELECT k, c FROM sbtest6 WHERE k BETWEEN 5361468 AND 5361568
	Bitmap Heap Scan on sbtest6  (cost=5.44..393.74 rows=98 width=125)
	  Recheck Cond: ((k >= 5361468) AND (k <= 5361568))
	  ->  Bitmap Index Scan on k_6  (cost=0.00..5.42 rows=98 width=0)
	        Index Cond: ((k >= 5361468) AND (k <= 5361568))

table 7 : explain SELECT k, c FROM sbtest7 WHERE k BETWEEN 5361468 AND 5361568
	Bitmap Heap Scan on sbtest7  (cost=5.51..421.43 rows=105 width=125)
	  Recheck Cond: ((k >= 5361468) AND (k <= 5361568))
	  ->  Bitmap Index Scan on k_7  (cost=0.00..5.48 rows=105 width=0)
	        Index Cond: ((k >= 5361468) AND (k <= 5361568))

table 8 : explain SELECT k, c FROM sbtest8 WHERE k BETWEEN 5361468 AND 5361568
	Bitmap Heap Scan on sbtest8  (cost=5.48..409.48 rows=102 width=125)
	  Recheck Cond: ((k >= 5361468) AND (k <= 5361568))
	  ->  Bitmap Index Scan on k_8  (cost=0.00..5.45 rows=102 width=0)
	        Index Cond: ((k >= 5361468) AND (k <= 5361568))

for range-notcovered
table 1 : explain SELECT k, c FROM sbtest1 WHERE k BETWEEN 6633405 AND 6633505
	Bitmap Heap Scan on sbtest1  (cost=5.45..397.71 rows=99 width=125)
	  Recheck Cond: ((k >= 6633405) AND (k <= 6633505))
	  ->  Bitmap Index Scan on k_1  (cost=0.00..5.42 rows=99 width=0)
	        Index Cond: ((k >= 6633405) AND (k <= 6633505))

table 2 : explain SELECT k, c FROM sbtest2 WHERE k BETWEEN 6633405 AND 6633505
	Bitmap Heap Scan on sbtest2  (cost=5.48..409.43 rows=102 width=125)
	  Recheck Cond: ((k >= 6633405) AND (k <= 6633505))
	  ->  Bitmap Index Scan on k_2  (cost=0.00..5.45 rows=102 width=0)
	        Index Cond: ((k >= 6633405) AND (k <= 6633505))

table 3 : explain SELECT k, c FROM sbtest3 WHERE k BETWEEN 6633405 AND 6633505
	Bitmap Heap Scan on sbtest3  (cost=5.47..405.68 rows=101 width=125)
	  Recheck Cond: ((k >= 6633405) AND (k <= 6633505))
	  ->  Bitmap Index Scan on k_3  (cost=0.00..5.44 rows=101 width=0)
	        Index Cond: ((k >= 6633405) AND (k <= 6633505))

table 4 : explain SELECT k, c FROM sbtest4 WHERE k BETWEEN 6633405 AND 6633505
	Bitmap Heap Scan on sbtest4  (cost=5.48..409.64 rows=102 width=125)
	  Recheck Cond: ((k >= 6633405) AND (k <= 6633505))
	  ->  Bitmap Index Scan on k_4  (cost=0.00..5.45 rows=102 width=0)
	        Index Cond: ((k >= 6633405) AND (k <= 6633505))

table 5 : explain SELECT k, c FROM sbtest5 WHERE k BETWEEN 6633405 AND 6633505
	Bitmap Heap Scan on sbtest5  (cost=5.40..378.05 rows=94 width=125)
	  Recheck Cond: ((k >= 6633405) AND (k <= 6633505))
	  ->  Bitmap Index Scan on k_5  (cost=0.00..5.38 rows=94 width=0)
	        Index Cond: ((k >= 6633405) AND (k <= 6633505))

table 6 : explain SELECT k, c FROM sbtest6 WHERE k BETWEEN 6633405 AND 6633505
	Bitmap Heap Scan on sbtest6  (cost=5.47..405.58 rows=101 width=125)
	  Recheck Cond: ((k >= 6633405) AND (k <= 6633505))
	  ->  Bitmap Index Scan on k_6  (cost=0.00..5.44 rows=101 width=0)
	        Index Cond: ((k >= 6633405) AND (k <= 6633505))

table 7 : explain SELECT k, c FROM sbtest7 WHERE k BETWEEN 6633405 AND 6633505
	Bitmap Heap Scan on sbtest7  (cost=5.57..445.09 rows=111 width=125)
	  Recheck Cond: ((k >= 6633405) AND (k <= 6633505))
	  ->  Bitmap Index Scan on k_7  (cost=0.00..5.54 rows=111 width=0)
	        Index Cond: ((k >= 6633405) AND (k <= 6633505))

table 8 : explain SELECT k, c FROM sbtest8 WHERE k BETWEEN 6633405 AND 6633505
	Bitmap Heap Scan on sbtest8  (cost=5.46..401.59 rows=100 width=125)
	  Recheck Cond: ((k >= 6633405) AND (k <= 6633505))
	  ->  Bitmap Index Scan on k_8  (cost=0.00..5.43 rows=100 width=0)
	        Index Cond: ((k >= 6633405) AND (k <= 6633505))

for range-notcovered
table 1 : explain SELECT k, c FROM sbtest1 WHERE k BETWEEN 6485586 AND 6485686
	Bitmap Heap Scan on sbtest1  (cost=5.40..377.97 rows=94 width=125)
	  Recheck Cond: ((k >= 6485586) AND (k <= 6485686))
	  ->  Bitmap Index Scan on k_1  (cost=0.00..5.38 rows=94 width=0)
	        Index Cond: ((k >= 6485586) AND (k <= 6485686))

table 2 : explain SELECT k, c FROM sbtest2 WHERE k BETWEEN 6485586 AND 6485686
	Bitmap Heap Scan on sbtest2  (cost=5.48..409.43 rows=102 width=125)
	  Recheck Cond: ((k >= 6485586) AND (k <= 6485686))
	  ->  Bitmap Index Scan on k_2  (cost=0.00..5.45 rows=102 width=0)
	        Index Cond: ((k >= 6485586) AND (k <= 6485686))

table 3 : explain SELECT k, c FROM sbtest3 WHERE k BETWEEN 6485586 AND 6485686
	Bitmap Heap Scan on sbtest3  (cost=5.50..417.52 rows=104 width=125)
	  Recheck Cond: ((k >= 6485586) AND (k <= 6485686))
	  ->  Bitmap Index Scan on k_3  (cost=0.00..5.47 rows=104 width=0)
	        Index Cond: ((k >= 6485586) AND (k <= 6485686))

table 4 : explain SELECT k, c FROM sbtest4 WHERE k BETWEEN 6485586 AND 6485686
	Bitmap Heap Scan on sbtest4  (cost=5.55..437.25 rows=109 width=125)
	  Recheck Cond: ((k >= 6485586) AND (k <= 6485686))
	  ->  Bitmap Index Scan on k_4  (cost=0.00..5.52 rows=109 width=0)
	        Index Cond: ((k >= 6485586) AND (k <= 6485686))

table 5 : explain SELECT k, c FROM sbtest5 WHERE k BETWEEN 6485586 AND 6485686
	Bitmap Heap Scan on sbtest5  (cost=5.45..397.79 rows=99 width=125)
	  Recheck Cond: ((k >= 6485586) AND (k <= 6485686))
	  ->  Bitmap Index Scan on k_5  (cost=0.00..5.42 rows=99 width=0)
	        Index Cond: ((k >= 6485586) AND (k <= 6485686))

table 6 : explain SELECT k, c FROM sbtest6 WHERE k BETWEEN 6485586 AND 6485686
	Bitmap Heap Scan on sbtest6  (cost=5.41..381.90 rows=95 width=125)
	  Recheck Cond: ((k >= 6485586) AND (k <= 6485686))
	  ->  Bitmap Index Scan on k_6  (cost=0.00..5.38 rows=95 width=0)
	        Index Cond: ((k >= 6485586) AND (k <= 6485686))

table 7 : explain SELECT k, c FROM sbtest7 WHERE k BETWEEN 6485586 AND 6485686
	Bitmap Heap Scan on sbtest7  (cost=5.43..389.86 rows=97 width=125)
	  Recheck Cond: ((k >= 6485586) AND (k <= 6485686))
	  ->  Bitmap Index Scan on k_7  (cost=0.00..5.40 rows=97 width=0)
	        Index Cond: ((k >= 6485586) AND (k <= 6485686))

table 8 : explain SELECT k, c FROM sbtest8 WHERE k BETWEEN 6485586 AND 6485686
	Bitmap Heap Scan on sbtest8  (cost=5.40..377.92 rows=94 width=125)
	  Recheck Cond: ((k >= 6485586) AND (k <= 6485686))
	  ->  Bitmap Index Scan on k_8  (cost=0.00..5.38 rows=94 width=0)
	        Index Cond: ((k >= 6485586) AND (k <= 6485686))

explain: for range-notcovered :: explain SELECT k, c FROM sbtest%d WHERE k BETWEEN 5361468 AND 5361568
explain: for range-notcovered :: explain SELECT k, c FROM sbtest%d WHERE k BETWEEN 6071438 AND 6071538
explain: for range-notcovered :: explain SELECT k, c FROM sbtest%d WHERE k BETWEEN 6485586 AND 6485686
explain: for range-notcovered :: explain SELECT k, c FROM sbtest%d WHERE k BETWEEN 6633405 AND 6633505
for range-notcovered
table 1 : explain SELECT k, c FROM sbtest1 WHERE k BETWEEN 7185395 AND 7185495
	Bitmap Heap Scan on sbtest1  (cost=5.39..374.03 rows=93 width=125)
	  Recheck Cond: ((k >= 7185395) AND (k <= 7185495))
	  ->  Bitmap Index Scan on k_1  (cost=0.00..5.36 rows=93 width=0)
	        Index Cond: ((k >= 7185395) AND (k <= 7185495))

table 2 : explain SELECT k, c FROM sbtest2 WHERE k BETWEEN 7185395 AND 7185495
	Bitmap Heap Scan on sbtest2  (cost=5.43..389.71 rows=97 width=125)
	  Recheck Cond: ((k >= 7185395) AND (k <= 7185495))
	  ->  Bitmap Index Scan on k_2  (cost=0.00..5.40 rows=97 width=0)
	        Index Cond: ((k >= 7185395) AND (k <= 7185495))

table 3 : explain SELECT k, c FROM sbtest3 WHERE k BETWEEN 7185395 AND 7185495
	Bitmap Heap Scan on sbtest3  (cost=5.47..405.68 rows=101 width=125)
	  Recheck Cond: ((k >= 7185395) AND (k <= 7185495))
	  ->  Bitmap Index Scan on k_3  (cost=0.00..5.44 rows=101 width=0)
	        Index Cond: ((k >= 7185395) AND (k <= 7185495))

table 4 : explain SELECT k, c FROM sbtest4 WHERE k BETWEEN 7185395 AND 7185495
	Bitmap Heap Scan on sbtest4  (cost=5.41..382.00 rows=95 width=125)
	  Recheck Cond: ((k >= 7185395) AND (k <= 7185495))
	  ->  Bitmap Index Scan on k_4  (cost=0.00..5.38 rows=95 width=0)
	        Index Cond: ((k >= 7185395) AND (k <= 7185495))

table 5 : explain SELECT k, c FROM sbtest5 WHERE k BETWEEN 7185395 AND 7185495
	Bitmap Heap Scan on sbtest5  (cost=5.47..405.68 rows=101 width=125)
	  Recheck Cond: ((k >= 7185395) AND (k <= 7185495))
	  ->  Bitmap Index Scan on k_5  (cost=0.00..5.44 rows=101 width=0)
	        Index Cond: ((k >= 7185395) AND (k <= 7185495))

table 6 : explain SELECT k, c FROM sbtest6 WHERE k BETWEEN 7185395 AND 7185495
	Bitmap Heap Scan on sbtest6  (cost=5.55..437.12 rows=109 width=125)
	  Recheck Cond: ((k >= 7185395) AND (k <= 7185495))
	  ->  Bitmap Index Scan on k_6  (cost=0.00..5.52 rows=109 width=0)
	        Index Cond: ((k >= 7185395) AND (k <= 7185495))

table 7 : explain SELECT k, c FROM sbtest7 WHERE k BETWEEN 7185395 AND 7185495
	Bitmap Heap Scan on sbtest7  (cost=5.46..401.71 rows=100 width=125)
	  Recheck Cond: ((k >= 7185395) AND (k <= 7185495))
	  ->  Bitmap Index Scan on k_7  (cost=0.00..5.43 rows=100 width=0)
	        Index Cond: ((k >= 7185395) AND (k <= 7185495))

table 8 : explain SELECT k, c FROM sbtest8 WHERE k BETWEEN 7185395 AND 7185495
	Bitmap Heap Scan on sbtest8  (cost=5.45..397.65 rows=99 width=125)
	  Recheck Cond: ((k >= 7185395) AND (k <= 7185495))
	  ->  Bitmap Index Scan on k_8  (cost=0.00..5.42 rows=99 width=0)
	        Index Cond: ((k >= 7185395) AND (k <= 7185495))

for range-notcovered
table 1 : explain SELECT k, c FROM sbtest1 WHERE k BETWEEN 5264729 AND 5264829
	Bitmap Heap Scan on sbtest1  (cost=5.49..413.49 rows=103 width=125)
	  Recheck Cond: ((k >= 5264729) AND (k <= 5264829))
	  ->  Bitmap Index Scan on k_1  (cost=0.00..5.46 rows=103 width=0)
	        Index Cond: ((k >= 5264729) AND (k <= 5264829))

table 2 : explain SELECT k, c FROM sbtest2 WHERE k BETWEEN 5264729 AND 5264829
	Bitmap Heap Scan on sbtest2  (cost=5.52..425.20 rows=106 width=125)
	  Recheck Cond: ((k >= 5264729) AND (k <= 5264829))
	  ->  Bitmap Index Scan on k_2  (cost=0.00..5.50 rows=106 width=0)
	        Index Cond: ((k >= 5264729) AND (k <= 5264829))

table 3 : explain SELECT k, c FROM sbtest3 WHERE k BETWEEN 5264729 AND 5264829
	Bitmap Heap Scan on sbtest3  (cost=5.51..421.47 rows=105 width=125)
	  Recheck Cond: ((k >= 5264729) AND (k <= 5264829))
	  ->  Bitmap Index Scan on k_3  (cost=0.00..5.48 rows=105 width=0)
	        Index Cond: ((k >= 5264729) AND (k <= 5264829))

table 4 : explain SELECT k, c FROM sbtest4 WHERE k BETWEEN 5264729 AND 5264829
	Bitmap Heap Scan on sbtest4  (cost=5.50..417.53 rows=104 width=125)
	  Recheck Cond: ((k >= 5264729) AND (k <= 5264829))
	  ->  Bitmap Index Scan on k_4  (cost=0.00..5.47 rows=104 width=0)
	        Index Cond: ((k >= 5264729) AND (k <= 5264829))

table 5 : explain SELECT k, c FROM sbtest5 WHERE k BETWEEN 5264729 AND 5264829
	Bitmap Heap Scan on sbtest5  (cost=5.41..382.00 rows=95 width=125)
	  Recheck Cond: ((k >= 5264729) AND (k <= 5264829))
	  ->  Bitmap Index Scan on k_5  (cost=0.00..5.38 rows=95 width=0)
	        Index Cond: ((k >= 5264729) AND (k <= 5264829))

table 6 : explain SELECT k, c FROM sbtest6 WHERE k BETWEEN 5264729 AND 5264829
	Bitmap Heap Scan on sbtest6  (cost=5.38..370.06 rows=92 width=125)
	  Recheck Cond: ((k >= 5264729) AND (k <= 5264829))
	  ->  Bitmap Index Scan on k_6  (cost=0.00..5.35 rows=92 width=0)
	        Index Cond: ((k >= 5264729) AND (k <= 5264829))

table 7 : explain SELECT k, c FROM sbtest7 WHERE k BETWEEN 5264729 AND 5264829
	Bitmap Heap Scan on sbtest7  (cost=5.50..417.49 rows=104 width=125)
	  Recheck Cond: ((k >= 5264729) AND (k <= 5264829))
	  ->  Bitmap Index Scan on k_7  (cost=0.00..5.47 rows=104 width=0)
	        Index Cond: ((k >= 5264729) AND (k <= 5264829))

table 8 : explain SELECT k, c FROM sbtest8 WHERE k BETWEEN 5264729 AND 5264829
	Bitmap Heap Scan on sbtest8  (cost=5.46..401.59 rows=100 width=125)
	  Recheck Cond: ((k >= 5264729) AND (k <= 5264829))
	  ->  Bitmap Index Scan on k_8  (cost=0.00..5.43 rows=100 width=0)
	        Index Cond: ((k >= 5264729) AND (k <= 5264829))

for range-notcovered
table 1 : explain SELECT k, c FROM sbtest1 WHERE k BETWEEN 3578842 AND 3578942
	Bitmap Heap Scan on sbtest1  (cost=5.50..417.43 rows=104 width=125)
	  Recheck Cond: ((k >= 3578842) AND (k <= 3578942))
	  ->  Bitmap Index Scan on k_1  (cost=0.00..5.47 rows=104 width=0)
	        Index Cond: ((k >= 3578842) AND (k <= 3578942))

table 2 : explain SELECT k, c FROM sbtest2 WHERE k BETWEEN 3578842 AND 3578942
	Bitmap Heap Scan on sbtest2  (cost=5.48..409.43 rows=102 width=125)
	  Recheck Cond: ((k >= 3578842) AND (k <= 3578942))
	  ->  Bitmap Index Scan on k_2  (cost=0.00..5.45 rows=102 width=0)
	        Index Cond: ((k >= 3578842) AND (k <= 3578942))

table 3 : explain SELECT k, c FROM sbtest3 WHERE k BETWEEN 3578842 AND 3578942
	Bitmap Heap Scan on sbtest3  (cost=5.56..441.19 rows=110 width=125)
	  Recheck Cond: ((k >= 3578842) AND (k <= 3578942))
	  ->  Bitmap Index Scan on k_3  (cost=0.00..5.53 rows=110 width=0)
	        Index Cond: ((k >= 3578842) AND (k <= 3578942))

table 4 : explain SELECT k, c FROM sbtest4 WHERE k BETWEEN 3578842 AND 3578942
	Bitmap Heap Scan on sbtest4  (cost=5.48..409.64 rows=102 width=125)
	  Recheck Cond: ((k >= 3578842) AND (k <= 3578942))
	  ->  Bitmap Index Scan on k_4  (cost=0.00..5.45 rows=102 width=0)
	        Index Cond: ((k >= 3578842) AND (k <= 3578942))

table 5 : explain SELECT k, c FROM sbtest5 WHERE k BETWEEN 3578842 AND 3578942
	Bitmap Heap Scan on sbtest5  (cost=5.45..397.79 rows=99 width=125)
	  Recheck Cond: ((k >= 3578842) AND (k <= 3578942))
	  ->  Bitmap Index Scan on k_5  (cost=0.00..5.42 rows=99 width=0)
	        Index Cond: ((k >= 3578842) AND (k <= 3578942))

table 6 : explain SELECT k, c FROM sbtest6 WHERE k BETWEEN 3578842 AND 3578942
	Bitmap Heap Scan on sbtest6  (cost=5.53..429.24 rows=107 width=125)
	  Recheck Cond: ((k >= 3578842) AND (k <= 3578942))
	  ->  Bitmap Index Scan on k_6  (cost=0.00..5.50 rows=107 width=0)
	        Index Cond: ((k >= 3578842) AND (k <= 3578942))

table 7 : explain SELECT k, c FROM sbtest7 WHERE k BETWEEN 3578842 AND 3578942
	Bitmap Heap Scan on sbtest7  (cost=5.49..413.54 rows=103 width=125)
	  Recheck Cond: ((k >= 3578842) AND (k <= 3578942))
	  ->  Bitmap Index Scan on k_7  (cost=0.00..5.46 rows=103 width=0)
	        Index Cond: ((k >= 3578842) AND (k <= 3578942))

table 8 : explain SELECT k, c FROM sbtest8 WHERE k BETWEEN 3578842 AND 3578942
	Bitmap Heap Scan on sbtest8  (cost=5.58..448.90 rows=112 width=125)
	  Recheck Cond: ((k >= 3578842) AND (k <= 3578942))
	  ->  Bitmap Index Scan on k_8  (cost=0.00..5.55 rows=112 width=0)
	        Index Cond: ((k >= 3578842) AND (k <= 3578942))

for range-notcovered
table 1 : explain SELECT k, c FROM sbtest1 WHERE k BETWEEN 5974180 AND 5974280
	Bitmap Heap Scan on sbtest1  (cost=5.55..437.15 rows=109 width=125)
	  Recheck Cond: ((k >= 5974180) AND (k <= 5974280))
	  ->  Bitmap Index Scan on k_1  (cost=0.00..5.52 rows=109 width=0)
	        Index Cond: ((k >= 5974180) AND (k <= 5974280))

table 2 : explain SELECT k, c FROM sbtest2 WHERE k BETWEEN 5974180 AND 5974280
	Bitmap Heap Scan on sbtest2  (cost=5.48..409.43 rows=102 width=125)
	  Recheck Cond: ((k >= 5974180) AND (k <= 5974280))
	  ->  Bitmap Index Scan on k_2  (cost=0.00..5.45 rows=102 width=0)
	        Index Cond: ((k >= 5974180) AND (k <= 5974280))

table 3 : explain SELECT k, c FROM sbtest3 WHERE k BETWEEN 5974180 AND 5974280
	Bitmap Heap Scan on sbtest3  (cost=5.43..389.89 rows=97 width=125)
	  Recheck Cond: ((k >= 5974180) AND (k <= 5974280))
	  ->  Bitmap Index Scan on k_3  (cost=0.00..5.40 rows=97 width=0)
	        Index Cond: ((k >= 5974180) AND (k <= 5974280))

table 4 : explain SELECT k, c FROM sbtest4 WHERE k BETWEEN 5974180 AND 5974280
	Bitmap Heap Scan on sbtest4  (cost=5.40..378.06 rows=94 width=125)
	  Recheck Cond: ((k >= 5974180) AND (k <= 5974280))
	  ->  Bitmap Index Scan on k_4  (cost=0.00..5.38 rows=94 width=0)
	        Index Cond: ((k >= 5974180) AND (k <= 5974280))

table 5 : explain SELECT k, c FROM sbtest5 WHERE k BETWEEN 5974180 AND 5974280
	Bitmap Heap Scan on sbtest5  (cost=5.36..362.25 rows=90 width=125)
	  Recheck Cond: ((k >= 5974180) AND (k <= 5974280))
	  ->  Bitmap Index Scan on k_5  (cost=0.00..5.33 rows=90 width=0)
	        Index Cond: ((k >= 5974180) AND (k <= 5974280))

table 6 : explain SELECT k, c FROM sbtest6 WHERE k BETWEEN 5974180 AND 5974280
	Bitmap Heap Scan on sbtest6  (cost=5.53..429.24 rows=107 width=125)
	  Recheck Cond: ((k >= 5974180) AND (k <= 5974280))
	  ->  Bitmap Index Scan on k_6  (cost=0.00..5.50 rows=107 width=0)
	        Index Cond: ((k >= 5974180) AND (k <= 5974280))

table 7 : explain SELECT k, c FROM sbtest7 WHERE k BETWEEN 5974180 AND 5974280
	Bitmap Heap Scan on sbtest7  (cost=5.46..401.71 rows=100 width=125)
	  Recheck Cond: ((k >= 5974180) AND (k <= 5974280))
	  ->  Bitmap Index Scan on k_7  (cost=0.00..5.43 rows=100 width=0)
	        Index Cond: ((k >= 5974180) AND (k <= 5974280))

table 8 : explain SELECT k, c FROM sbtest8 WHERE k BETWEEN 5974180 AND 5974280
	Bitmap Heap Scan on sbtest8  (cost=5.48..409.48 rows=102 width=125)
	  Recheck Cond: ((k >= 5974180) AND (k <= 5974280))
	  ->  Bitmap Index Scan on k_8  (cost=0.00..5.45 rows=102 width=0)
	        Index Cond: ((k >= 5974180) AND (k <= 5974280))

explain: for range-notcovered :: explain SELECT k, c FROM sbtest%d WHERE k BETWEEN 5264729 AND 5264829
for range-notcovered
table 1 : explain SELECT k, c FROM sbtest1 WHERE k BETWEEN 6715165 AND 6715265
	Bitmap Heap Scan on sbtest1  (cost=5.45..397.71 rows=99 width=125)
	  Recheck Cond: ((k >= 6715165) AND (k <= 6715265))
	  ->  Bitmap Index Scan on k_1  (cost=0.00..5.42 rows=99 width=0)
	        Index Cond: ((k >= 6715165) AND (k <= 6715265))

table 2 : explain SELECT k, c FROM sbtest2 WHERE k BETWEEN 6715165 AND 6715265
	Bitmap Heap Scan on sbtest2  (cost=5.40..377.88 rows=94 width=125)
	  Recheck Cond: ((k >= 6715165) AND (k <= 6715265))
	  ->  Bitmap Index Scan on k_2  (cost=0.00..5.38 rows=94 width=0)
	        Index Cond: ((k >= 6715165) AND (k <= 6715265))

table 3 : explain SELECT k, c FROM sbtest3 WHERE k BETWEEN 6715165 AND 6715265
	Bitmap Heap Scan on sbtest3  (cost=5.60..456.95 rows=114 width=125)
	  Recheck Cond: ((k >= 6715165) AND (k <= 6715265))
	  ->  Bitmap Index Scan on k_3  (cost=0.00..5.58 rows=114 width=0)
	        Index Cond: ((k >= 6715165) AND (k <= 6715265))

table 4 : explain SELECT k, c FROM sbtest4 WHERE k BETWEEN 6715165 AND 6715265
	Bitmap Heap Scan on sbtest4  (cost=5.56..441.20 rows=110 width=125)
	  Recheck Cond: ((k >= 6715165) AND (k <= 6715265))
	  ->  Bitmap Index Scan on k_4  (cost=0.00..5.53 rows=110 width=0)
	        Index Cond: ((k >= 6715165) AND (k <= 6715265))

table 5 : explain SELECT k, c FROM sbtest5 WHERE k BETWEEN 6715165 AND 6715265
	Bitmap Heap Scan on sbtest5  (cost=5.41..382.00 rows=95 width=125)
	  Recheck Cond: ((k >= 6715165) AND (k <= 6715265))
	  ->  Bitmap Index Scan on k_5  (cost=0.00..5.38 rows=95 width=0)
	        Index Cond: ((k >= 6715165) AND (k <= 6715265))

table 6 : explain SELECT k, c FROM sbtest6 WHERE k BETWEEN 6715165 AND 6715265
	Bitmap Heap Scan on sbtest6  (cost=5.47..405.58 rows=101 width=125)
	  Recheck Cond: ((k >= 6715165) AND (k <= 6715265))
	  ->  Bitmap Index Scan on k_6  (cost=0.00..5.44 rows=101 width=0)
	        Index Cond: ((k >= 6715165) AND (k <= 6715265))

table 7 : explain SELECT k, c FROM sbtest7 WHERE k BETWEEN 6715165 AND 6715265
	Bitmap Heap Scan on sbtest7  (cost=5.42..385.92 rows=96 width=125)
	  Recheck Cond: ((k >= 6715165) AND (k <= 6715265))
	  ->  Bitmap Index Scan on k_7  (cost=0.00..5.39 rows=96 width=0)
	        Index Cond: ((k >= 6715165) AND (k <= 6715265))

table 8 : explain SELECT k, c FROM sbtest8 WHERE k BETWEEN 6715165 AND 6715265
	Bitmap Heap Scan on sbtest8  (cost=5.52..425.25 rows=106 width=125)
	  Recheck Cond: ((k >= 6715165) AND (k <= 6715265))
	  ->  Bitmap Index Scan on k_8  (cost=0.00..5.50 rows=106 width=0)
	        Index Cond: ((k >= 6715165) AND (k <= 6715265))

for range-notcovered
table 1 : explain SELECT k, c FROM sbtest1 WHERE k BETWEEN 1147091 AND 1147191
	Bitmap Heap Scan on sbtest1  (cost=5.47..405.60 rows=101 width=125)
	  Recheck Cond: ((k >= 1147091) AND (k <= 1147191))
	  ->  Bitmap Index Scan on k_1  (cost=0.00..5.44 rows=101 width=0)
	        Index Cond: ((k >= 1147091) AND (k <= 1147191))

table 2 : explain SELECT k, c FROM sbtest2 WHERE k BETWEEN 1147091 AND 1147191
	Bitmap Heap Scan on sbtest2  (cost=5.44..393.66 rows=98 width=125)
	  Recheck Cond: ((k >= 1147091) AND (k <= 1147191))
	  ->  Bitmap Index Scan on k_2  (cost=0.00..5.42 rows=98 width=0)
	        Index Cond: ((k >= 1147091) AND (k <= 1147191))

table 3 : explain SELECT k, c FROM sbtest3 WHERE k BETWEEN 1147091 AND 1147191
	Bitmap Heap Scan on sbtest3  (cost=5.49..413.57 rows=103 width=125)
	  Recheck Cond: ((k >= 1147091) AND (k <= 1147191))
	  ->  Bitmap Index Scan on k_3  (cost=0.00..5.46 rows=103 width=0)
	        Index Cond: ((k >= 1147091) AND (k <= 1147191))

table 4 : explain SELECT k, c FROM sbtest4 WHERE k BETWEEN 1147091 AND 1147191
	Bitmap Heap Scan on sbtest4  (cost=5.61..460.91 rows=115 width=125)
	  Recheck Cond: ((k >= 1147091) AND (k <= 1147191))
	  ->  Bitmap Index Scan on k_4  (cost=0.00..5.58 rows=115 width=0)
	        Index Cond: ((k >= 1147091) AND (k <= 1147191))

table 5 : explain SELECT k, c FROM sbtest5 WHERE k BETWEEN 1147091 AND 1147191
	Bitmap Heap Scan on sbtest5  (cost=5.54..433.30 rows=108 width=125)
	  Recheck Cond: ((k >= 1147091) AND (k <= 1147191))
	  ->  Bitmap Index Scan on k_5  (cost=0.00..5.51 rows=108 width=0)
	        Index Cond: ((k >= 1147091) AND (k <= 1147191))

table 6 : explain SELECT k, c FROM sbtest6 WHERE k BETWEEN 1147091 AND 1147191
	Bitmap Heap Scan on sbtest6  (cost=5.51..421.35 rows=105 width=125)
	  Recheck Cond: ((k >= 1147091) AND (k <= 1147191))
	  ->  Bitmap Index Scan on k_6  (cost=0.00..5.48 rows=105 width=0)
	        Index Cond: ((k >= 1147091) AND (k <= 1147191))

table 7 : explain SELECT k, c FROM sbtest7 WHERE k BETWEEN 1147091 AND 1147191
	Bitmap Heap Scan on sbtest7  (cost=5.43..389.86 rows=97 width=125)
	  Recheck Cond: ((k >= 1147091) AND (k <= 1147191))
	  ->  Bitmap Index Scan on k_7  (cost=0.00..5.40 rows=97 width=0)
	        Index Cond: ((k >= 1147091) AND (k <= 1147191))

table 8 : explain SELECT k, c FROM sbtest8 WHERE k BETWEEN 1147091 AND 1147191
	Bitmap Heap Scan on sbtest8  (cost=5.46..401.59 rows=100 width=125)
	  Recheck Cond: ((k >= 1147091) AND (k <= 1147191))
	  ->  Bitmap Index Scan on k_8  (cost=0.00..5.43 rows=100 width=0)
	        Index Cond: ((k >= 1147091) AND (k <= 1147191))

for range-notcovered
table 1 : explain SELECT k, c FROM sbtest1 WHERE k BETWEEN 470817 AND 470917
	Bitmap Heap Scan on sbtest1  (cost=5.53..429.27 rows=107 width=125)
	  Recheck Cond: ((k >= 470817) AND (k <= 470917))
	  ->  Bitmap Index Scan on k_1  (cost=0.00..5.50 rows=107 width=0)
	        Index Cond: ((k >= 470817) AND (k <= 470917))

table 2 : explain SELECT k, c FROM sbtest2 WHERE k BETWEEN 470817 AND 470917
	Bitmap Heap Scan on sbtest2  (cost=5.51..421.26 rows=105 width=125)
	  Recheck Cond: ((k >= 470817) AND (k <= 470917))
	  ->  Bitmap Index Scan on k_2  (cost=0.00..5.48 rows=105 width=0)
	        Index Cond: ((k >= 470817) AND (k <= 470917))

table 3 : explain SELECT k, c FROM sbtest3 WHERE k BETWEEN 470817 AND 470917
	Bitmap Heap Scan on sbtest3  (cost=5.45..397.79 rows=99 width=125)
	  Recheck Cond: ((k >= 470817) AND (k <= 470917))
	  ->  Bitmap Index Scan on k_3  (cost=0.00..5.42 rows=99 width=0)
	        Index Cond: ((k >= 470817) AND (k <= 470917))

table 4 : explain SELECT k, c FROM sbtest4 WHERE k BETWEEN 470817 AND 470917
	Bitmap Heap Scan on sbtest4  (cost=5.46..401.74 rows=100 width=125)
	  Recheck Cond: ((k >= 470817) AND (k <= 470917))
	  ->  Bitmap Index Scan on k_4  (cost=0.00..5.43 rows=100 width=0)
	        Index Cond: ((k >= 470817) AND (k <= 470917))

table 5 : explain SELECT k, c FROM sbtest5 WHERE k BETWEEN 470817 AND 470917
	Bitmap Heap Scan on sbtest5  (cost=5.44..393.84 rows=98 width=125)
	  Recheck Cond: ((k >= 470817) AND (k <= 470917))
	  ->  Bitmap Index Scan on k_5  (cost=0.00..5.42 rows=98 width=0)
	        Index Cond: ((k >= 470817) AND (k <= 470917))

table 6 : explain SELECT k, c FROM sbtest6 WHERE k BETWEEN 470817 AND 470917
	Bitmap Heap Scan on sbtest6  (cost=5.44..393.74 rows=98 width=125)
	  Recheck Cond: ((k >= 470817) AND (k <= 470917))
	  ->  Bitmap Index Scan on k_6  (cost=0.00..5.42 rows=98 width=0)
	        Index Cond: ((k >= 470817) AND (k <= 470917))

table 7 : explain SELECT k, c FROM sbtest7 WHERE k BETWEEN 470817 AND 470917
	Bitmap Heap Scan on sbtest7  (cost=5.49..413.54 rows=103 width=125)
	  Recheck Cond: ((k >= 470817) AND (k <= 470917))
	  ->  Bitmap Index Scan on k_7  (cost=0.00..5.46 rows=103 width=0)
	        Index Cond: ((k >= 470817) AND (k <= 470917))

table 8 : explain SELECT k, c FROM sbtest8 WHERE k BETWEEN 470817 AND 470917
	Bitmap Heap Scan on sbtest8  (cost=5.49..413.42 rows=103 width=125)
	  Recheck Cond: ((k >= 470817) AND (k <= 470917))
	  ->  Bitmap Index Scan on k_8  (cost=0.00..5.46 rows=103 width=0)
	        Index Cond: ((k >= 470817) AND (k <= 470917))

explain: for range-notcovered :: explain SELECT k, c FROM sbtest%d WHERE k BETWEEN 3578842 AND 3578942
for range-notcovered
table 1 : explain SELECT k, c FROM sbtest1 WHERE k BETWEEN 1887775 AND 1887875
	Bitmap Heap Scan on sbtest1  (cost=5.49..413.49 rows=103 width=125)
	  Recheck Cond: ((k >= 1887775) AND (k <= 1887875))
	  ->  Bitmap Index Scan on k_1  (cost=0.00..5.46 rows=103 width=0)
	        Index Cond: ((k >= 1887775) AND (k <= 1887875))

table 2 : explain SELECT k, c FROM sbtest2 WHERE k BETWEEN 1887775 AND 1887875
	Bitmap Heap Scan on sbtest2  (cost=5.55..437.03 rows=109 width=125)
	  Recheck Cond: ((k >= 1887775) AND (k <= 1887875))
	  ->  Bitmap Index Scan on k_2  (cost=0.00..5.52 rows=109 width=0)
	        Index Cond: ((k >= 1887775) AND (k <= 1887875))

table 3 : explain SELECT k, c FROM sbtest3 WHERE k BETWEEN 1887775 AND 1887875
	Bitmap Heap Scan on sbtest3  (cost=5.45..397.79 rows=99 width=125)
	  Recheck Cond: ((k >= 1887775) AND (k <= 1887875))
	  ->  Bitmap Index Scan on k_3  (cost=0.00..5.42 rows=99 width=0)
	        Index Cond: ((k >= 1887775) AND (k <= 1887875))

table 4 : explain SELECT k, c FROM sbtest4 WHERE k BETWEEN 1887775 AND 1887875
	Bitmap Heap Scan on sbtest4  (cost=5.48..409.64 rows=102 width=125)
	  Recheck Cond: ((k >= 1887775) AND (k <= 1887875))
	  ->  Bitmap Index Scan on k_4  (cost=0.00..5.45 rows=102 width=0)
	        Index Cond: ((k >= 1887775) AND (k <= 1887875))

table 5 : explain SELECT k, c FROM sbtest5 WHERE k BETWEEN 1887775 AND 1887875
	Bitmap Heap Scan on sbtest5  (cost=5.49..413.57 rows=103 width=125)
	  Recheck Cond: ((k >= 1887775) AND (k <= 1887875))
	  ->  Bitmap Index Scan on k_5  (cost=0.00..5.46 rows=103 width=0)
	        Index Cond: ((k >= 1887775) AND (k <= 1887875))

table 6 : explain SELECT k, c FROM sbtest6 WHERE k BETWEEN 1887775 AND 1887875
	Bitmap Heap Scan on sbtest6  (cost=5.54..433.18 rows=108 width=125)
	  Recheck Cond: ((k >= 1887775) AND (k <= 1887875))
	  ->  Bitmap Index Scan on k_6  (cost=0.00..5.51 rows=108 width=0)
	        Index Cond: ((k >= 1887775) AND (k <= 1887875))

table 7 : explain SELECT k, c FROM sbtest7 WHERE k BETWEEN 1887775 AND 1887875
	Bitmap Heap Scan on sbtest7  (cost=5.45..397.76 rows=99 width=125)
	  Recheck Cond: ((k >= 1887775) AND (k <= 1887875))
	  ->  Bitmap Index Scan on k_7  (cost=0.00..5.42 rows=99 width=0)
	        Index Cond: ((k >= 1887775) AND (k <= 1887875))

table 8 : explain SELECT k, c FROM sbtest8 WHERE k BETWEEN 1887775 AND 1887875
	Bitmap Heap Scan on sbtest8  (cost=5.53..429.19 rows=107 width=125)
	  Recheck Cond: ((k >= 1887775) AND (k <= 1887875))
	  ->  Bitmap Index Scan on k_8  (cost=0.00..5.50 rows=107 width=0)
	        Index Cond: ((k >= 1887775) AND (k <= 1887875))

explain: for range-notcovered :: explain SELECT k, c FROM sbtest%d WHERE k BETWEEN 6715165 AND 6715265
for range-notcovered
table 1 : explain SELECT k, c FROM sbtest1 WHERE k BETWEEN 1423202 AND 1423302
	Bitmap Heap Scan on sbtest1  (cost=5.45..397.71 rows=99 width=125)
	  Recheck Cond: ((k >= 1423202) AND (k <= 1423302))
	  ->  Bitmap Index Scan on k_1  (cost=0.00..5.42 rows=99 width=0)
	        Index Cond: ((k >= 1423202) AND (k <= 1423302))

table 2 : explain SELECT k, c FROM sbtest2 WHERE k BETWEEN 1423202 AND 1423302
	Bitmap Heap Scan on sbtest2  (cost=5.50..417.32 rows=104 width=125)
	  Recheck Cond: ((k >= 1423202) AND (k <= 1423302))
	  ->  Bitmap Index Scan on k_2  (cost=0.00..5.47 rows=104 width=0)
	        Index Cond: ((k >= 1423202) AND (k <= 1423302))

table 3 : explain SELECT k, c FROM sbtest3 WHERE k BETWEEN 1423202 AND 1423302
	Bitmap Heap Scan on sbtest3  (cost=5.62..464.84 rows=116 width=125)
	  Recheck Cond: ((k >= 1423202) AND (k <= 1423302))
	  ->  Bitmap Index Scan on k_3  (cost=0.00..5.59 rows=116 width=0)
	        Index Cond: ((k >= 1423202) AND (k <= 1423302))

table 4 : explain SELECT k, c FROM sbtest4 WHERE k BETWEEN 1423202 AND 1423302
	Bitmap Heap Scan on sbtest4  (cost=5.46..401.74 rows=100 width=125)
	  Recheck Cond: ((k >= 1423202) AND (k <= 1423302))
	  ->  Bitmap Index Scan on k_4  (cost=0.00..5.43 rows=100 width=0)
	        Index Cond: ((k >= 1423202) AND (k <= 1423302))

table 5 : explain SELECT k, c FROM sbtest5 WHERE k BETWEEN 1423202 AND 1423302
	Bitmap Heap Scan on sbtest5  (cost=5.61..460.89 rows=115 width=125)
	  Recheck Cond: ((k >= 1423202) AND (k <= 1423302))
	  ->  Bitmap Index Scan on k_5  (cost=0.00..5.58 rows=115 width=0)
	        Index Cond: ((k >= 1423202) AND (k <= 1423302))

table 6 : explain SELECT k, c FROM sbtest6 WHERE k BETWEEN 1423202 AND 1423302
	Bitmap Heap Scan on sbtest6  (cost=5.44..393.74 rows=98 width=125)
	  Recheck Cond: ((k >= 1423202) AND (k <= 1423302))
	  ->  Bitmap Index Scan on k_6  (cost=0.00..5.42 rows=98 width=0)
	        Index Cond: ((k >= 1423202) AND (k <= 1423302))

table 7 : explain SELECT k, c FROM sbtest7 WHERE k BETWEEN 1423202 AND 1423302
	Bitmap Heap Scan on sbtest7  (cost=5.48..409.60 rows=102 width=125)
	  Recheck Cond: ((k >= 1423202) AND (k <= 1423302))
	  ->  Bitmap Index Scan on k_7  (cost=0.00..5.45 rows=102 width=0)
	        Index Cond: ((k >= 1423202) AND (k <= 1423302))

table 8 : explain SELECT k, c FROM sbtest8 WHERE k BETWEEN 1423202 AND 1423302
	Bitmap Heap Scan on sbtest8  (cost=5.51..421.31 rows=105 width=125)
	  Recheck Cond: ((k >= 1423202) AND (k <= 1423302))
	  ->  Bitmap Index Scan on k_8  (cost=0.00..5.48 rows=105 width=0)
	        Index Cond: ((k >= 1423202) AND (k <= 1423302))

explain: for range-notcovered :: explain SELECT k, c FROM sbtest%d WHERE k BETWEEN 470817 AND 470917
explain: for range-notcovered :: explain SELECT k, c FROM sbtest%d WHERE k BETWEEN 1147091 AND 1147191
for range-notcovered
table 1 : explain SELECT k, c FROM sbtest1 WHERE k BETWEEN 2385200 AND 2385300
	Bitmap Heap Scan on sbtest1  (cost=5.54..433.21 rows=108 width=125)
	  Recheck Cond: ((k >= 2385200) AND (k <= 2385300))
	  ->  Bitmap Index Scan on k_1  (cost=0.00..5.51 rows=108 width=0)
	        Index Cond: ((k >= 2385200) AND (k <= 2385300))

table 2 : explain SELECT k, c FROM sbtest2 WHERE k BETWEEN 2385200 AND 2385300
	Bitmap Heap Scan on sbtest2  (cost=5.46..401.55 rows=100 width=125)
	  Recheck Cond: ((k >= 2385200) AND (k <= 2385300))
	  ->  Bitmap Index Scan on k_2  (cost=0.00..5.43 rows=100 width=0)
	        Index Cond: ((k >= 2385200) AND (k <= 2385300))

table 3 : explain SELECT k, c FROM sbtest3 WHERE k BETWEEN 2385200 AND 2385300
	Bitmap Heap Scan on sbtest3  (cost=5.41..382.00 rows=95 width=125)
	  Recheck Cond: ((k >= 2385200) AND (k <= 2385300))
	  ->  Bitmap Index Scan on k_3  (cost=0.00..5.38 rows=95 width=0)
	        Index Cond: ((k >= 2385200) AND (k <= 2385300))

table 4 : explain SELECT k, c FROM sbtest4 WHERE k BETWEEN 2385200 AND 2385300
	Bitmap Heap Scan on sbtest4  (cost=5.44..393.85 rows=98 width=125)
	  Recheck Cond: ((k >= 2385200) AND (k <= 2385300))
	  ->  Bitmap Index Scan on k_4  (cost=0.00..5.42 rows=98 width=0)
	        Index Cond: ((k >= 2385200) AND (k <= 2385300))

table 5 : explain SELECT k, c FROM sbtest5 WHERE k BETWEEN 2385200 AND 2385300
	Bitmap Heap Scan on sbtest5  (cost=5.49..413.57 rows=103 width=125)
	  Recheck Cond: ((k >= 2385200) AND (k <= 2385300))
	  ->  Bitmap Index Scan on k_5  (cost=0.00..5.46 rows=103 width=0)
	        Index Cond: ((k >= 2385200) AND (k <= 2385300))

table 6 : explain SELECT k, c FROM sbtest6 WHERE k BETWEEN 2385200 AND 2385300
	Bitmap Heap Scan on sbtest6  (cost=5.56..441.06 rows=110 width=125)
	  Recheck Cond: ((k >= 2385200) AND (k <= 2385300))
	  ->  Bitmap Index Scan on k_6  (cost=0.00..5.53 rows=110 width=0)
	        Index Cond: ((k >= 2385200) AND (k <= 2385300))

table 7 : explain SELECT k, c FROM sbtest7 WHERE k BETWEEN 2385200 AND 2385300
	Bitmap Heap Scan on sbtest7  (cost=5.44..393.81 rows=98 width=125)
	  Recheck Cond: ((k >= 2385200) AND (k <= 2385300))
	  ->  Bitmap Index Scan on k_7  (cost=0.00..5.42 rows=98 width=0)
	        Index Cond: ((k >= 2385200) AND (k <= 2385300))

table 8 : explain SELECT k, c FROM sbtest8 WHERE k BETWEEN 2385200 AND 2385300
	Bitmap Heap Scan on sbtest8  (cost=5.51..421.31 rows=105 width=125)
	  Recheck Cond: ((k >= 2385200) AND (k <= 2385300))
	  ->  Bitmap Index Scan on k_8  (cost=0.00..5.48 rows=105 width=0)
	        Index Cond: ((k >= 2385200) AND (k <= 2385300))

explain: for range-notcovered :: explain SELECT k, c FROM sbtest%d WHERE k BETWEEN 1887775 AND 1887875
explain: for range-notcovered :: explain SELECT k, c FROM sbtest%d WHERE k BETWEEN 1423202 AND 1423302
explain: for range-notcovered :: explain SELECT k, c FROM sbtest%d WHERE k BETWEEN 2385200 AND 2385300
for range-notcovered
table 1 : explain SELECT k, c FROM sbtest1 WHERE k BETWEEN 5361468 AND 5361568
	Bitmap Heap Scan on sbtest1  (cost=5.41..381.92 rows=95 width=125)
	  Recheck Cond: ((k >= 5361468) AND (k <= 5361568))
	  ->  Bitmap Index Scan on k_1  (cost=0.00..5.38 rows=95 width=0)
	        Index Cond: ((k >= 5361468) AND (k <= 5361568))

table 2 : explain SELECT k, c FROM sbtest2 WHERE k BETWEEN 5361468 AND 5361568
	Bitmap Heap Scan on sbtest2  (cost=5.44..393.66 rows=98 width=125)
	  Recheck Cond: ((k >= 5361468) AND (k <= 5361568))
	  ->  Bitmap Index Scan on k_2  (cost=0.00..5.42 rows=98 width=0)
	        Index Cond: ((k >= 5361468) AND (k <= 5361568))

table 3 : explain SELECT k, c FROM sbtest3 WHERE k BETWEEN 5361468 AND 5361568
	Bitmap Heap Scan on sbtest3  (cost=5.51..421.47 rows=105 width=125)
	  Recheck Cond: ((k >= 5361468) AND (k <= 5361568))
	  ->  Bitmap Index Scan on k_3  (cost=0.00..5.48 rows=105 width=0)
	        Index Cond: ((k >= 5361468) AND (k <= 5361568))

table 4 : explain SELECT k, c FROM sbtest4 WHERE k BETWEEN 5361468 AND 5361568
	Bitmap Heap Scan on sbtest4  (cost=5.42..385.95 rows=96 width=125)
	  Recheck Cond: ((k >= 5361468) AND (k <= 5361568))
	  ->  Bitmap Index Scan on k_4  (cost=0.00..5.39 rows=96 width=0)
	        Index Cond: ((k >= 5361468) AND (k <= 5361568))

table 5 : explain SELECT k, c FROM sbtest5 WHERE k BETWEEN 5361468 AND 5361568
	Bitmap Heap Scan on sbtest5  (cost=5.43..389.89 rows=97 width=125)
	  Recheck Cond: ((k >= 5361468) AND (k <= 5361568))
	  ->  Bitmap Index Scan on k_5  (cost=0.00..5.40 rows=97 width=0)
	        Index Cond: ((k >= 5361468) AND (k <= 5361568))

table 6 : explain SELECT k, c FROM sbtest6 WHERE k BETWEEN 5361468 AND 5361568
	Bitmap Heap Scan on sbtest6  (cost=5.44..393.74 rows=98 width=125)
	  Recheck Cond: ((k >= 5361468) AND (k <= 5361568))
	  ->  Bitmap Index Scan on k_6  (cost=0.00..5.42 rows=98 width=0)
	        Index Cond: ((k >= 5361468) AND (k <= 5361568))

table 7 : explain SELECT k, c FROM sbtest7 WHERE k BETWEEN 5361468 AND 5361568
	Bitmap Heap Scan on sbtest7  (cost=5.51..421.43 rows=105 width=125)
	  Recheck Cond: ((k >= 5361468) AND (k <= 5361568))
	  ->  Bitmap Index Scan on k_7  (cost=0.00..5.48 rows=105 width=0)
	        Index Cond: ((k >= 5361468) AND (k <= 5361568))

table 8 : explain SELECT k, c FROM sbtest8 WHERE k BETWEEN 5361468 AND 5361568
	Bitmap Heap Scan on sbtest8  (cost=5.48..409.48 rows=102 width=125)
	  Recheck Cond: ((k >= 5361468) AND (k <= 5361568))
	  ->  Bitmap Index Scan on k_8  (cost=0.00..5.45 rows=102 width=0)
	        Index Cond: ((k >= 5361468) AND (k <= 5361568))

explain: for range-notcovered :: explain SELECT k, c FROM sbtest%d WHERE k BETWEEN 5361468 AND 5361568for range-notcovered
table 1 : explain SELECT k, c FROM sbtest1 WHERE k BETWEEN 6071438 AND 6071538
	Bitmap Heap Scan on sbtest1  (cost=5.60..456.86 rows=114 width=125)
	  Recheck Cond: ((k >= 6071438) AND (k <= 6071538))
	  ->  Bitmap Index Scan on k_1  (cost=0.00..5.58 rows=114 width=0)
	        Index Cond: ((k >= 6071438) AND (k <= 6071538))

table 2 : explain SELECT k, c FROM sbtest2 WHERE k BETWEEN 6071438 AND 6071538
	Bitmap Heap Scan on sbtest2  (cost=5.40..377.88 rows=94 width=125)
	  Recheck Cond: ((k >= 6071438) AND (k <= 6071538))
	  ->  Bitmap Index Scan on k_2  (cost=0.00..5.38 rows=94 width=0)
	        Index Cond: ((k >= 6071438) AND (k <= 6071538))

table 3 : explain SELECT k, c FROM sbtest3 WHERE k BETWEEN 6071438 AND 6071538
	Bitmap Heap Scan on sbtest3  (cost=5.39..374.10 rows=93 width=125)
	  Recheck Cond: ((k >= 6071438) AND (k <= 6071538))
	  ->  Bitmap Index Scan on k_3  (cost=0.00..5.36 rows=93 width=0)
	        Index Cond: ((k >= 6071438) AND (k <= 6071538))

table 4 : explain SELECT k, c FROM sbtest4 WHERE k BETWEEN 6071438 AND 6071538
	Bitmap Heap Scan on sbtest4  (cost=5.48..409.64 rows=102 width=125)
	  Recheck Cond: ((k >= 6071438) AND (k <= 6071538))
	  ->  Bitmap Index Scan on k_4  (cost=0.00..5.45 rows=102 width=0)
	        Index Cond: ((k >= 6071438) AND (k <= 6071538))

table 5 : explain SELECT k, c FROM sbtest5 WHERE k BETWEEN 6071438 AND 6071538
	Bitmap Heap Scan on sbtest5  (cost=5.42..385.94 rows=96 width=125)
	  Recheck Cond: ((k >= 6071438) AND (k <= 6071538))
	  ->  Bitmap Index Scan on k_5  (cost=0.00..5.39 rows=96 width=0)
	        Index Cond: ((k >= 6071438) AND (k <= 6071538))

table 6 : explain SELECT k, c FROM sbtest6 WHERE k BETWEEN 6071438 AND 6071538
	Bitmap Heap Scan on sbtest6  (cost=5.50..417.41 rows=104 width=125)
	  Recheck Cond: ((k >= 6071438) AND (k <= 6071538))
	  ->  Bitmap Index Scan on k_6  (cost=0.00..5.47 rows=104 width=0)
	        Index Cond: ((k >= 6071438) AND (k <= 6071538))

table 7 : explain SELECT k, c FROM sbtest7 WHERE k BETWEEN 6071438 AND 6071538
	Bitmap Heap Scan on sbtest7  (cost=5.62..464.80 rows=116 width=125)
	  Recheck Cond: ((k >= 6071438) AND (k <= 6071538))
	  ->  Bitmap Index Scan on k_7  (cost=0.00..5.59 rows=116 width=0)
	        Index Cond: ((k >= 6071438) AND (k <= 6071538))

table 8 : explain SELECT k, c FROM sbtest8 WHERE k BETWEEN 6071438 AND 6071538
	Bitmap Heap Scan on sbtest8  (cost=5.38..370.02 rows=92 width=125)
	  Recheck Cond: ((k >= 6071438) AND (k <= 6071538))
	  ->  Bitmap Index Scan on k_8  (cost=0.00..5.35 rows=92 width=0)
	        Index Cond: ((k >= 6071438) AND (k <= 6071538))


for range-notcovered
table 1 : explain SELECT k, c FROM sbtest1 WHERE k BETWEEN 6633405 AND 6633505
	Bitmap Heap Scan on sbtest1  (cost=5.45..397.71 rows=99 width=125)
	  Recheck Cond: ((k >= 6633405) AND (k <= 6633505))
	  ->  Bitmap Index Scan on k_1  (cost=0.00..5.42 rows=99 width=0)
	        Index Cond: ((k >= 6633405) AND (k <= 6633505))

table 2 : explain SELECT k, c FROM sbtest2 WHERE k BETWEEN 6633405 AND 6633505
	Bitmap Heap Scan on sbtest2  (cost=5.48..409.43 rows=102 width=125)
	  Recheck Cond: ((k >= 6633405) AND (k <= 6633505))
	  ->  Bitmap Index Scan on k_2  (cost=0.00..5.45 rows=102 width=0)
	        Index Cond: ((k >= 6633405) AND (k <= 6633505))

table 3 : explain SELECT k, c FROM sbtest3 WHERE k BETWEEN 6633405 AND 6633505
	Bitmap Heap Scan on sbtest3  (cost=5.47..405.68 rows=101 width=125)
	  Recheck Cond: ((k >= 6633405) AND (k <= 6633505))
	  ->  Bitmap Index Scan on k_3  (cost=0.00..5.44 rows=101 width=0)
	        Index Cond: ((k >= 6633405) AND (k <= 6633505))

table 4 : explain SELECT k, c FROM sbtest4 WHERE k BETWEEN 6633405 AND 6633505
	Bitmap Heap Scan on sbtest4  (cost=5.48..409.64 rows=102 width=125)
	  Recheck Cond: ((k >= 6633405) AND (k <= 6633505))
	  ->  Bitmap Index Scan on k_4  (cost=0.00..5.45 rows=102 width=0)
	        Index Cond: ((k >= 6633405) AND (k <= 6633505))

table 5 : explain SELECT k, c FROM sbtest5 WHERE k BETWEEN 6633405 AND 6633505
	Bitmap Heap Scan on sbtest5  (cost=5.40..378.05 rows=94 width=125)
	  Recheck Cond: ((k >= 6633405) AND (k <= 6633505))
	  ->  Bitmap Index Scan on k_5  (cost=0.00..5.38 rows=94 width=0)
	        Index Cond: ((k >= 6633405) AND (k <= 6633505))

table 6 : explain SELECT k, c FROM sbtest6 WHERE k BETWEEN 6633405 AND 6633505
	Bitmap Heap Scan on sbtest6  (cost=5.47..405.58 rows=101 width=125)
	  Recheck Cond: ((k >= 6633405) AND (k <= 6633505))
	  ->  Bitmap Index Scan on k_6  (cost=0.00..5.44 rows=101 width=0)
	        Index Cond: ((k >= 6633405) AND (k <= 6633505))

table 7 : explain SELECT k, c FROM sbtest7 WHERE k BETWEEN 6633405 AND 6633505
	Bitmap Heap Scan on sbtest7  (cost=5.57..445.09 rows=111 width=125)
	  Recheck Cond: ((k >= 6633405) AND (k <= 6633505))
	  ->  Bitmap Index Scan on k_7  (cost=0.00..5.54 rows=111 width=0)
	        Index Cond: ((k >= 6633405) AND (k <= 6633505))

table 8 : explain SELECT k, c FROM sbtest8 WHERE k BETWEEN 6633405 AND 6633505
	Bitmap Heap Scan on sbtest8  (cost=5.46..401.59 rows=100 width=125)
	  Recheck Cond: ((k >= 6633405) AND (k <= 6633505))
	  ->  Bitmap Index Scan on k_8  (cost=0.00..5.43 rows=100 width=0)
	        Index Cond: ((k >= 6633405) AND (k <= 6633505))

for range-notcovered
table 1 : explain SELECT k, c FROM sbtest1 WHERE k BETWEEN 6485586 AND 6485686
	Bitmap Heap Scan on sbtest1  (cost=5.40..377.97 rows=94 width=125)
	  Recheck Cond: ((k >= 6485586) AND (k <= 6485686))
	  ->  Bitmap Index Scan on k_1  (cost=0.00..5.38 rows=94 width=0)
	        Index Cond: ((k >= 6485586) AND (k <= 6485686))

table 2 : explain SELECT k, c FROM sbtest2 WHERE k BETWEEN 6485586 AND 6485686
	Bitmap Heap Scan on sbtest2  (cost=5.48..409.43 rows=102 width=125)
	  Recheck Cond: ((k >= 6485586) AND (k <= 6485686))
	  ->  Bitmap Index Scan on k_2  (cost=0.00..5.45 rows=102 width=0)
	        Index Cond: ((k >= 6485586) AND (k <= 6485686))

table 3 : explain SELECT k, c FROM sbtest3 WHERE k BETWEEN 6485586 AND 6485686
	Bitmap Heap Scan on sbtest3  (cost=5.50..417.52 rows=104 width=125)
	  Recheck Cond: ((k >= 6485586) AND (k <= 6485686))
	  ->  Bitmap Index Scan on k_3  (cost=0.00..5.47 rows=104 width=0)
	        Index Cond: ((k >= 6485586) AND (k <= 6485686))

table 4 : explain SELECT k, c FROM sbtest4 WHERE k BETWEEN 6485586 AND 6485686
	Bitmap Heap Scan on sbtest4  (cost=5.55..437.25 rows=109 width=125)
	  Recheck Cond: ((k >= 6485586) AND (k <= 6485686))
	  ->  Bitmap Index Scan on k_4  (cost=0.00..5.52 rows=109 width=0)
	        Index Cond: ((k >= 6485586) AND (k <= 6485686))

table 5 : explain SELECT k, c FROM sbtest5 WHERE k BETWEEN 6485586 AND 6485686
	Bitmap Heap Scan on sbtest5  (cost=5.45..397.79 rows=99 width=125)
	  Recheck Cond: ((k >= 6485586) AND (k <= 6485686))
	  ->  Bitmap Index Scan on k_5  (cost=0.00..5.42 rows=99 width=0)
	        Index Cond: ((k >= 6485586) AND (k <= 6485686))

table 6 : explain SELECT k, c FROM sbtest6 WHERE k BETWEEN 6485586 AND 6485686
	Bitmap Heap Scan on sbtest6  (cost=5.41..381.90 rows=95 width=125)
	  Recheck Cond: ((k >= 6485586) AND (k <= 6485686))
	  ->  Bitmap Index Scan on k_6  (cost=0.00..5.38 rows=95 width=0)
	        Index Cond: ((k >= 6485586) AND (k <= 6485686))

table 7 : explain SELECT k, c FROM sbtest7 WHERE k BETWEEN 6485586 AND 6485686
	Bitmap Heap Scan on sbtest7  (cost=5.43..389.86 rows=97 width=125)
	  Recheck Cond: ((k >= 6485586) AND (k <= 6485686))
	  ->  Bitmap Index Scan on k_7  (cost=0.00..5.40 rows=97 width=0)
	        Index Cond: ((k >= 6485586) AND (k <= 6485686))

table 8 : explain SELECT k, c FROM sbtest8 WHERE k BETWEEN 6485586 AND 6485686
	Bitmap Heap Scan on sbtest8  (cost=5.40..377.92 rows=94 width=125)
	  Recheck Cond: ((k >= 6485586) AND (k <= 6485686))
	  ->  Bitmap Index Scan on k_8  (cost=0.00..5.38 rows=94 width=0)
	        Index Cond: ((k >= 6485586) AND (k <= 6485686))

explain: for range-notcovered :: explain SELECT k, c FROM sbtest%d WHERE k BETWEEN 6485586 AND 6485686
for range-notcovered
table 1 : explain SELECT k, c FROM sbtest1 WHERE k BETWEEN 3578842 AND 3578942
	Bitmap Heap Scan on sbtest1  (cost=5.50..417.43 rows=104 width=125)
	  Recheck Cond: ((k >= 3578842) AND (k <= 3578942))
	  ->  Bitmap Index Scan on k_1  (cost=0.00..5.47 rows=104 width=0)
	        Index Cond: ((k >= 3578842) AND (k <= 3578942))

table 2 : explain SELECT k, c FROM sbtest2 WHERE k BETWEEN 3578842 AND 3578942
	Bitmap Heap Scan on sbtest2  (cost=5.48..409.43 rows=102 width=125)
	  Recheck Cond: ((k >= 3578842) AND (k <= 3578942))
	  ->  Bitmap Index Scan on k_2  (cost=0.00..5.45 rows=102 width=0)
	        Index Cond: ((k >= 3578842) AND (k <= 3578942))

table 3 : explain SELECT k, c FROM sbtest3 WHERE k BETWEEN 3578842 AND 3578942
	Bitmap Heap Scan on sbtest3  (cost=5.56..441.19 rows=110 width=125)
	  Recheck Cond: ((k >= 3578842) AND (k <= 3578942))
	  ->  Bitmap Index Scan on k_3  (cost=0.00..5.53 rows=110 width=0)
	        Index Cond: ((k >= 3578842) AND (k <= 3578942))

table 4 : explain SELECT k, c FROM sbtest4 WHERE k BETWEEN 3578842 AND 3578942
	Bitmap Heap Scan on sbtest4  (cost=5.48..409.64 rows=102 width=125)
	  Recheck Cond: ((k >= 3578842) AND (k <= 3578942))
	  ->  Bitmap Index Scan on k_4  (cost=0.00..5.45 rows=102 width=0)
	        Index Cond: ((k >= 3578842) AND (k <= 3578942))

table 5 : explain SELECT k, c FROM sbtest5 WHERE k BETWEEN 3578842 AND 3578942
	Bitmap Heap Scan on sbtest5  (cost=5.45..397.79 rows=99 width=125)
	  Recheck Cond: ((k >= 3578842) AND (k <= 3578942))
	  ->  Bitmap Index Scan on k_5  (cost=0.00..5.42 rows=99 width=0)
	        Index Cond: ((k >= 3578842) AND (k <= 3578942))

table 6 : explain SELECT k, c FROM sbtest6 WHERE k BETWEEN 3578842 AND 3578942
	Bitmap Heap Scan on sbtest6  (cost=5.53..429.24 rows=107 width=125)
	  Recheck Cond: ((k >= 3578842) AND (k <= 3578942))
	  ->  Bitmap Index Scan on k_6  (cost=0.00..5.50 rows=107 width=0)
	        Index Cond: ((k >= 3578842) AND (k <= 3578942))

table 7 : explain SELECT k, c FROM sbtest7 WHERE k BETWEEN 3578842 AND 3578942
	Bitmap Heap Scan on sbtest7  (cost=5.49..413.54 rows=103 width=125)
	  Recheck Cond: ((k >= 3578842) AND (k <= 3578942))
	  ->  Bitmap Index Scan on k_7  (cost=0.00..5.46 rows=103 width=0)
	        Index Cond: ((k >= 3578842) AND (k <= 3578942))

table 8 : explain SELECT k, c FROM sbtest8 WHERE k BETWEEN 3578842 AND 3578942
	Bitmap Heap Scan on sbtest8  (cost=5.58..448.90 rows=112 width=125)
	  Recheck Cond: ((k >= 3578842) AND (k <= 3578942))
	  ->  Bitmap Index Scan on k_8  (cost=0.00..5.55 rows=112 width=0)
	        Index Cond: ((k >= 3578842) AND (k <= 3578942))

for range-notcovered
table 1 : explain SELECT k, c FROM sbtest1 WHERE k BETWEEN 5264729 AND 5264829
	Bitmap Heap Scan on sbtest1  (cost=5.49..413.49 rows=103 width=125)
	  Recheck Cond: ((k >= 5264729) AND (k <= 5264829))
	  ->  Bitmap Index Scan on k_1  (cost=0.00..5.46 rows=103 width=0)
	        Index Cond: ((k >= 5264729) AND (k <= 5264829))

table 2 : explain SELECT k, c FROM sbtest2 WHERE k BETWEEN 5264729 AND 5264829
	Bitmap Heap Scan on sbtest2  (cost=5.52..425.20 rows=106 width=125)
	  Recheck Cond: ((k >= 5264729) AND (k <= 5264829))
	  ->  Bitmap Index Scan on k_2  (cost=0.00..5.50 rows=106 width=0)
	        Index Cond: ((k >= 5264729) AND (k <= 5264829))

table 3 : explain SELECT k, c FROM sbtest3 WHERE k BETWEEN 5264729 AND 5264829
	Bitmap Heap Scan on sbtest3  (cost=5.51..421.47 rows=105 width=125)
	  Recheck Cond: ((k >= 5264729) AND (k <= 5264829))
	  ->  Bitmap Index Scan on k_3  (cost=0.00..5.48 rows=105 width=0)
	        Index Cond: ((k >= 5264729) AND (k <= 5264829))

table 4 : explain SELECT k, c FROM sbtest4 WHERE k BETWEEN 5264729 AND 5264829
	Bitmap Heap Scan on sbtest4  (cost=5.50..417.53 rows=104 width=125)
	  Recheck Cond: ((k >= 5264729) AND (k <= 5264829))
	  ->  Bitmap Index Scan on k_4  (cost=0.00..5.47 rows=104 width=0)
	        Index Cond: ((k >= 5264729) AND (k <= 5264829))

table 5 : explain SELECT k, c FROM sbtest5 WHERE k BETWEEN 5264729 AND 5264829
	Bitmap Heap Scan on sbtest5  (cost=5.41..382.00 rows=95 width=125)
	  Recheck Cond: ((k >= 5264729) AND (k <= 5264829))
	  ->  Bitmap Index Scan on k_5  (cost=0.00..5.38 rows=95 width=0)
	        Index Cond: ((k >= 5264729) AND (k <= 5264829))

table 6 : explain SELECT k, c FROM sbtest6 WHERE k BETWEEN 5264729 AND 5264829
	Bitmap Heap Scan on sbtest6  (cost=5.38..370.06 rows=92 width=125)
	  Recheck Cond: ((k >= 5264729) AND (k <= 5264829))
	  ->  Bitmap Index Scan on k_6  (cost=0.00..5.35 rows=92 width=0)
	        Index Cond: ((k >= 5264729) AND (k <= 5264829))

table 7 : explain SELECT k, c FROM sbtest7 WHERE k BETWEEN 5264729 AND 5264829
	Bitmap Heap Scan on sbtest7  (cost=5.50..417.49 rows=104 width=125)
	  Recheck Cond: ((k >= 5264729) AND (k <= 5264829))
	  ->  Bitmap Index Scan on k_7  (cost=0.00..5.47 rows=104 width=0)
	        Index Cond: ((k >= 5264729) AND (k <= 5264829))

table 8 : explain SELECT k, c FROM sbtest8 WHERE k BETWEEN 5264729 AND 5264829
	Bitmap Heap Scan on sbtest8  (cost=5.46..401.59 rows=100 width=125)
	  Recheck Cond: ((k >= 5264729) AND (k <= 5264829))
	  ->  Bitmap Index Scan on k_8  (cost=0.00..5.43 rows=100 width=0)
	        Index Cond: ((k >= 5264729) AND (k <= 5264829))

for range-notcovered
table 1 : explain SELECT k, c FROM sbtest1 WHERE k BETWEEN 470817 AND 470917
	Bitmap Heap Scan on sbtest1  (cost=5.53..429.27 rows=107 width=125)
	  Recheck Cond: ((k >= 470817) AND (k <= 470917))
	  ->  Bitmap Index Scan on k_1  (cost=0.00..5.50 rows=107 width=0)
	        Index Cond: ((k >= 470817) AND (k <= 470917))

table 2 : explain SELECT k, c FROM sbtest2 WHERE k BETWEEN 470817 AND 470917
	Bitmap Heap Scan on sbtest2  (cost=5.51..421.26 rows=105 width=125)
	  Recheck Cond: ((k >= 470817) AND (k <= 470917))
	  ->  Bitmap Index Scan on k_2  (cost=0.00..5.48 rows=105 width=0)
	        Index Cond: ((k >= 470817) AND (k <= 470917))

table 3 : explain SELECT k, c FROM sbtest3 WHERE k BETWEEN 470817 AND 470917
	Bitmap Heap Scan on sbtest3  (cost=5.45..397.79 rows=99 width=125)
	  Recheck Cond: ((k >= 470817) AND (k <= 470917))
	  ->  Bitmap Index Scan on k_3  (cost=0.00..5.42 rows=99 width=0)
	        Index Cond: ((k >= 470817) AND (k <= 470917))

table 4 : explain SELECT k, c FROM sbtest4 WHERE k BETWEEN 470817 AND 470917
	Bitmap Heap Scan on sbtest4  (cost=5.46..401.74 rows=100 width=125)
	  Recheck Cond: ((k >= 470817) AND (k <= 470917))
	  ->  Bitmap Index Scan on k_4  (cost=0.00..5.43 rows=100 width=0)
	        Index Cond: ((k >= 470817) AND (k <= 470917))

table 5 : explain SELECT k, c FROM sbtest5 WHERE k BETWEEN 470817 AND 470917
	Bitmap Heap Scan on sbtest5  (cost=5.44..393.84 rows=98 width=125)
	  Recheck Cond: ((k >= 470817) AND (k <= 470917))
	  ->  Bitmap Index Scan on k_5  (cost=0.00..5.42 rows=98 width=0)
	        Index Cond: ((k >= 470817) AND (k <= 470917))

table 6 : explain SELECT k, c FROM sbtest6 WHERE k BETWEEN 470817 AND 470917
	Bitmap Heap Scan on sbtest6  (cost=5.44..393.74 rows=98 width=125)
	  Recheck Cond: ((k >= 470817) AND (k <= 470917))
	  ->  Bitmap Index Scan on k_6  (cost=0.00..5.42 rows=98 width=0)
	        Index Cond: ((k >= 470817) AND (k <= 470917))

table 7 : explain SELECT k, c FROM sbtest7 WHERE k BETWEEN 470817 AND 470917
	Bitmap Heap Scan on sbtest7  (cost=5.49..413.54 rows=103 width=125)
	  Recheck Cond: ((k >= 470817) AND (k <= 470917))
	  ->  Bitmap Index Scan on k_7  (cost=0.00..5.46 rows=103 width=0)
	        Index Cond: ((k >= 470817) AND (k <= 470917))

table 8 : explain SELECT k, c FROM sbtest8 WHERE k BETWEEN 470817 AND 470917
	Bitmap Heap Scan on sbtest8  (cost=5.49..413.42 rows=103 width=125)
	  Recheck Cond: ((k >= 470817) AND (k <= 470917))
	  ->  Bitmap Index Scan on k_8  (cost=0.00..5.46 rows=103 width=0)
	        Index Cond: ((k >= 470817) AND (k <= 470917))

for range-notcovered
table 1 : explain SELECT k, c FROM sbtest1 WHERE k BETWEEN 1147091 AND 1147191
	Bitmap Heap Scan on sbtest1  (cost=5.47..405.60 rows=101 width=125)
	  Recheck Cond: ((k >= 1147091) AND (k <= 1147191))
	  ->  Bitmap Index Scan on k_1  (cost=0.00..5.44 rows=101 width=0)
	        Index Cond: ((k >= 1147091) AND (k <= 1147191))

table 2 : explain SELECT k, c FROM sbtest2 WHERE k BETWEEN 1147091 AND 1147191
	Bitmap Heap Scan on sbtest2  (cost=5.44..393.66 rows=98 width=125)
	  Recheck Cond: ((k >= 1147091) AND (k <= 1147191))
	  ->  Bitmap Index Scan on k_2  (cost=0.00..5.42 rows=98 width=0)
	        Index Cond: ((k >= 1147091) AND (k <= 1147191))

table 3 : explain SELECT k, c FROM sbtest3 WHERE k BETWEEN 1147091 AND 1147191
	Bitmap Heap Scan on sbtest3  (cost=5.49..413.57 rows=103 width=125)
	  Recheck Cond: ((k >= 1147091) AND (k <= 1147191))
	  ->  Bitmap Index Scan on k_3  (cost=0.00..5.46 rows=103 width=0)
	        Index Cond: ((k >= 1147091) AND (k <= 1147191))

table 4 : explain SELECT k, c FROM sbtest4 WHERE k BETWEEN 1147091 AND 1147191
	Bitmap Heap Scan on sbtest4  (cost=5.61..460.91 rows=115 width=125)
	  Recheck Cond: ((k >= 1147091) AND (k <= 1147191))
	  ->  Bitmap Index Scan on k_4  (cost=0.00..5.58 rows=115 width=0)
	        Index Cond: ((k >= 1147091) AND (k <= 1147191))

table 5 : explain SELECT k, c FROM sbtest5 WHERE k BETWEEN 1147091 AND 1147191
	Bitmap Heap Scan on sbtest5  (cost=5.54..433.30 rows=108 width=125)
	  Recheck Cond: ((k >= 1147091) AND (k <= 1147191))
	  ->  Bitmap Index Scan on k_5  (cost=0.00..5.51 rows=108 width=0)
	        Index Cond: ((k >= 1147091) AND (k <= 1147191))

table 6 : explain SELECT k, c FROM sbtest6 WHERE k BETWEEN 1147091 AND 1147191
	Bitmap Heap Scan on sbtest6  (cost=5.51..421.35 rows=105 width=125)
	  Recheck Cond: ((k >= 1147091) AND (k <= 1147191))
	  ->  Bitmap Index Scan on k_6  (cost=0.00..5.48 rows=105 width=0)
	        Index Cond: ((k >= 1147091) AND (k <= 1147191))

table 7 : explain SELECT k, c FROM sbtest7 WHERE k BETWEEN 1147091 AND 1147191
	Bitmap Heap Scan on sbtest7  (cost=5.43..389.86 rows=97 width=125)
	  Recheck Cond: ((k >= 1147091) AND (k <= 1147191))
	  ->  Bitmap Index Scan on k_7  (cost=0.00..5.40 rows=97 width=0)
	        Index Cond: ((k >= 1147091) AND (k <= 1147191))

table 8 : explain SELECT k, c FROM sbtest8 WHERE k BETWEEN 1147091 AND 1147191
	Bitmap Heap Scan on sbtest8  (cost=5.46..401.59 rows=100 width=125)
	  Recheck Cond: ((k >= 1147091) AND (k <= 1147191))
	  ->  Bitmap Index Scan on k_8  (cost=0.00..5.43 rows=100 width=0)
	        Index Cond: ((k >= 1147091) AND (k <= 1147191))

for range-notcovered
table 1 : explain SELECT k, c FROM sbtest1 WHERE k BETWEEN 1887775 AND 1887875
	Bitmap Heap Scan on sbtest1  (cost=5.49..413.49 rows=103 width=125)
	  Recheck Cond: ((k >= 1887775) AND (k <= 1887875))
	  ->  Bitmap Index Scan on k_1  (cost=0.00..5.46 rows=103 width=0)
	        Index Cond: ((k >= 1887775) AND (k <= 1887875))

table 2 : explain SELECT k, c FROM sbtest2 WHERE k BETWEEN 1887775 AND 1887875
	Bitmap Heap Scan on sbtest2  (cost=5.55..437.03 rows=109 width=125)
	  Recheck Cond: ((k >= 1887775) AND (k <= 1887875))
	  ->  Bitmap Index Scan on k_2  (cost=0.00..5.52 rows=109 width=0)
	        Index Cond: ((k >= 1887775) AND (k <= 1887875))

table 3 : explain SELECT k, c FROM sbtest3 WHERE k BETWEEN 1887775 AND 1887875
	Bitmap Heap Scan on sbtest3  (cost=5.45..397.79 rows=99 width=125)
	  Recheck Cond: ((k >= 1887775) AND (k <= 1887875))
	  ->  Bitmap Index Scan on k_3  (cost=0.00..5.42 rows=99 width=0)
	        Index Cond: ((k >= 1887775) AND (k <= 1887875))

table 4 : explain SELECT k, c FROM sbtest4 WHERE k BETWEEN 1887775 AND 1887875
	Bitmap Heap Scan on sbtest4  (cost=5.48..409.64 rows=102 width=125)
	  Recheck Cond: ((k >= 1887775) AND (k <= 1887875))
	  ->  Bitmap Index Scan on k_4  (cost=0.00..5.45 rows=102 width=0)
	        Index Cond: ((k >= 1887775) AND (k <= 1887875))

table 5 : explain SELECT k, c FROM sbtest5 WHERE k BETWEEN 1887775 AND 1887875
	Bitmap Heap Scan on sbtest5  (cost=5.49..413.57 rows=103 width=125)
	  Recheck Cond: ((k >= 1887775) AND (k <= 1887875))
	  ->  Bitmap Index Scan on k_5  (cost=0.00..5.46 rows=103 width=0)
	        Index Cond: ((k >= 1887775) AND (k <= 1887875))

table 6 : explain SELECT k, c FROM sbtest6 WHERE k BETWEEN 1887775 AND 1887875
	Bitmap Heap Scan on sbtest6  (cost=5.54..433.18 rows=108 width=125)
	  Recheck Cond: ((k >= 1887775) AND (k <= 1887875))
	  ->  Bitmap Index Scan on k_6  (cost=0.00..5.51 rows=108 width=0)
	        Index Cond: ((k >= 1887775) AND (k <= 1887875))

table 7 : explain SELECT k, c FROM sbtest7 WHERE k BETWEEN 1887775 AND 1887875
	Bitmap Heap Scan on sbtest7  (cost=5.45..397.76 rows=99 width=125)
	  Recheck Cond: ((k >= 1887775) AND (k <= 1887875))
	  ->  Bitmap Index Scan on k_7  (cost=0.00..5.42 rows=99 width=0)
	        Index Cond: ((k >= 1887775) AND (k <= 1887875))

table 8 : explain SELECT k, c FROM sbtest8 WHERE k BETWEEN 1887775 AND 1887875
	Bitmap Heap Scan on sbtest8  (cost=5.53..429.19 rows=107 width=125)
	  Recheck Cond: ((k >= 1887775) AND (k <= 1887875))
	  ->  Bitmap Index Scan on k_8  (cost=0.00..5.50 rows=107 width=0)
	        Index Cond: ((k >= 1887775) AND (k <= 1887875))
explain: for range-notcovered :: explain SELECT k, c FROM sbtest%d WHERE k BETWEEN 5264729 AND 5264829for range-notcovered
table 1 : explain SELECT k, c FROM sbtest1 WHERE k BETWEEN 6715165 AND 6715265
	Bitmap Heap Scan on sbtest1  (cost=5.45..397.71 rows=99 width=125)
	  Recheck Cond: ((k >= 6715165) AND (k <= 6715265))
	  ->  Bitmap Index Scan on k_1  (cost=0.00..5.42 rows=99 width=0)
	        Index Cond: ((k >= 6715165) AND (k <= 6715265))

table 2 : explain SELECT k, c FROM sbtest2 WHERE k BETWEEN 6715165 AND 6715265
	Bitmap Heap Scan on sbtest2  (cost=5.40..377.88 rows=94 width=125)
	  Recheck Cond: ((k >= 6715165) AND (k <= 6715265))
	  ->  Bitmap Index Scan on k_2  (cost=0.00..5.38 rows=94 width=0)
	        Index Cond: ((k >= 6715165) AND (k <= 6715265))

table 3 : explain SELECT k, c FROM sbtest3 WHERE k BETWEEN 6715165 AND 6715265
	Bitmap Heap Scan on sbtest3  (cost=5.60..456.95 rows=114 width=125)
	  Recheck Cond: ((k >= 6715165) AND (k <= 6715265))
	  ->  Bitmap Index Scan on k_3  (cost=0.00..5.58 rows=114 width=0)
	        Index Cond: ((k >= 6715165) AND (k <= 6715265))

table 4 : explain SELECT k, c FROM sbtest4 WHERE k BETWEEN 6715165 AND 6715265
	Bitmap Heap Scan on sbtest4  (cost=5.56..441.20 rows=110 width=125)
	  Recheck Cond: ((k >= 6715165) AND (k <= 6715265))
	  ->  Bitmap Index Scan on k_4  (cost=0.00..5.53 rows=110 width=0)
	        Index Cond: ((k >= 6715165) AND (k <= 6715265))

table 5 : explain SELECT k, c FROM sbtest5 WHERE k BETWEEN 6715165 AND 6715265
	Bitmap Heap Scan on sbtest5  (cost=5.41..382.00 rows=95 width=125)
	  Recheck Cond: ((k >= 6715165) AND (k <= 6715265))
	  ->  Bitmap Index Scan on k_5  (cost=0.00..5.38 rows=95 width=0)
	        Index Cond: ((k >= 6715165) AND (k <= 6715265))

table 6 : explain SELECT k, c FROM sbtest6 WHERE k BETWEEN 6715165 AND 6715265
	Bitmap Heap Scan on sbtest6  (cost=5.47..405.58 rows=101 width=125)
	  Recheck Cond: ((k >= 6715165) AND (k <= 6715265))
	  ->  Bitmap Index Scan on k_6  (cost=0.00..5.44 rows=101 width=0)
	        Index Cond: ((k >= 6715165) AND (k <= 6715265))

table 7 : explain SELECT k, c FROM sbtest7 WHERE k BETWEEN 6715165 AND 6715265
	Bitmap Heap Scan on sbtest7  (cost=5.42..385.92 rows=96 width=125)
	  Recheck Cond: ((k >= 6715165) AND (k <= 6715265))
	  ->  Bitmap Index Scan on k_7  (cost=0.00..5.39 rows=96 width=0)
	        Index Cond: ((k >= 6715165) AND (k <= 6715265))

table 8 : explain SELECT k, c FROM sbtest8 WHERE k BETWEEN 6715165 AND 6715265
	Bitmap Heap Scan on sbtest8  (cost=5.52..425.25 rows=106 width=125)
	  Recheck Cond: ((k >= 6715165) AND (k <= 6715265))
	  ->  Bitmap Index Scan on k_8  (cost=0.00..5.50 rows=106 width=0)
	        Index Cond: ((k >= 6715165) AND (k <= 6715265))

for range-notcovered
table 1 : explain SELECT k, c FROM sbtest1 WHERE k BETWEEN 1423202 AND 1423302
	Bitmap Heap Scan on sbtest1  (cost=5.45..397.71 rows=99 width=125)
	  Recheck Cond: ((k >= 1423202) AND (k <= 1423302))
	  ->  Bitmap Index Scan on k_1  (cost=0.00..5.42 rows=99 width=0)
	        Index Cond: ((k >= 1423202) AND (k <= 1423302))

table 2 : explain SELECT k, c FROM sbtest2 WHERE k BETWEEN 1423202 AND 1423302
	Bitmap Heap Scan on sbtest2  (cost=5.50..417.32 rows=104 width=125)
	  Recheck Cond: ((k >= 1423202) AND (k <= 1423302))
	  ->  Bitmap Index Scan on k_2  (cost=0.00..5.47 rows=104 width=0)
	        Index Cond: ((k >= 1423202) AND (k <= 1423302))

table 3 : explain SELECT k, c FROM sbtest3 WHERE k BETWEEN 1423202 AND 1423302
	Bitmap Heap Scan on sbtest3  (cost=5.62..464.84 rows=116 width=125)
	  Recheck Cond: ((k >= 1423202) AND (k <= 1423302))
	  ->  Bitmap Index Scan on k_3  (cost=0.00..5.59 rows=116 width=0)
	        Index Cond: ((k >= 1423202) AND (k <= 1423302))

table 4 : explain SELECT k, c FROM sbtest4 WHERE k BETWEEN 1423202 AND 1423302
	Bitmap Heap Scan on sbtest4  (cost=5.46..401.74 rows=100 width=125)
	  Recheck Cond: ((k >= 1423202) AND (k <= 1423302))
	  ->  Bitmap Index Scan on k_4  (cost=0.00..5.43 rows=100 width=0)
	        Index Cond: ((k >= 1423202) AND (k <= 1423302))

table 5 : explain SELECT k, c FROM sbtest5 WHERE k BETWEEN 1423202 AND 1423302
	Bitmap Heap Scan on sbtest5  (cost=5.61..460.89 rows=115 width=125)
	  Recheck Cond: ((k >= 1423202) AND (k <= 1423302))
	  ->  Bitmap Index Scan on k_5  (cost=0.00..5.58 rows=115 width=0)
	        Index Cond: ((k >= 1423202) AND (k <= 1423302))

table 6 : explain SELECT k, c FROM sbtest6 WHERE k BETWEEN 1423202 AND 1423302
	Bitmap Heap Scan on sbtest6  (cost=5.44..393.74 rows=98 width=125)
	  Recheck Cond: ((k >= 1423202) AND (k <= 1423302))
	  ->  Bitmap Index Scan on k_6  (cost=0.00..5.42 rows=98 width=0)
	        Index Cond: ((k >= 1423202) AND (k <= 1423302))

table 7 : explain SELECT k, c FROM sbtest7 WHERE k BETWEEN 1423202 AND 1423302
	Bitmap Heap Scan on sbtest7  (cost=5.48..409.60 rows=102 width=125)
	  Recheck Cond: ((k >= 1423202) AND (k <= 1423302))
	  ->  Bitmap Index Scan on k_7  (cost=0.00..5.45 rows=102 width=0)
	        Index Cond: ((k >= 1423202) AND (k <= 1423302))

table 8 : explain SELECT k, c FROM sbtest8 WHERE k BETWEEN 1423202 AND 1423302
	Bitmap Heap Scan on sbtest8  (cost=5.51..421.31 rows=105 width=125)
	  Recheck Cond: ((k >= 1423202) AND (k <= 1423302))
	  ->  Bitmap Index Scan on k_8  (cost=0.00..5.48 rows=105 width=0)
	        Index Cond: ((k >= 1423202) AND (k <= 1423302))


explain: for range-notcovered :: explain SELECT k, c FROM sbtest%d WHERE k BETWEEN 1147091 AND 1147191

explain: for range-notcovered :: explain SELECT k, c FROM sbtest%d WHERE k BETWEEN 1423202 AND 1423302
explain: for range-notcovered :: explain SELECT k, c FROM sbtest%d WHERE k BETWEEN 6715165 AND 6715265
for range-notcovered
table 1 : explain SELECT k, c FROM sbtest1 WHERE k BETWEEN 2385200 AND 2385300
	Bitmap Heap Scan on sbtest1  (cost=5.54..433.21 rows=108 width=125)
	  Recheck Cond: ((k >= 2385200) AND (k <= 2385300))
	  ->  Bitmap Index Scan on k_1  (cost=0.00..5.51 rows=108 width=0)
	        Index Cond: ((k >= 2385200) AND (k <= 2385300))

table 2 : explain SELECT k, c FROM sbtest2 WHERE k BETWEEN 2385200 AND 2385300
	Bitmap Heap Scan on sbtest2  (cost=5.46..401.55 rows=100 width=125)
	  Recheck Cond: ((k >= 2385200) AND (k <= 2385300))
	  ->  Bitmap Index Scan on k_2  (cost=0.00..5.43 rows=100 width=0)
	        Index Cond: ((k >= 2385200) AND (k <= 2385300))

table 3 : explain SELECT k, c FROM sbtest3 WHERE k BETWEEN 2385200 AND 2385300
	Bitmap Heap Scan on sbtest3  (cost=5.41..382.00 rows=95 width=125)
	  Recheck Cond: ((k >= 2385200) AND (k <= 2385300))
	  ->  Bitmap Index Scan on k_3  (cost=0.00..5.38 rows=95 width=0)
	        Index Cond: ((k >= 2385200) AND (k <= 2385300))

table 4 : explain SELECT k, c FROM sbtest4 WHERE k BETWEEN 2385200 AND 2385300
	Bitmap Heap Scan on sbtest4  (cost=5.44..393.85 rows=98 width=125)
	  Recheck Cond: ((k >= 2385200) AND (k <= 2385300))
	  ->  Bitmap Index Scan on k_4  (cost=0.00..5.42 rows=98 width=0)
	        Index Cond: ((k >= 2385200) AND (k <= 2385300))

table 5 : explain SELECT k, c FROM sbtest5 WHERE k BETWEEN 2385200 AND 2385300
	Bitmap Heap Scan on sbtest5  (cost=5.49..413.57 rows=103 width=125)
	  Recheck Cond: ((k >= 2385200) AND (k <= 2385300))
	  ->  Bitmap Index Scan on k_5  (cost=0.00..5.46 rows=103 width=0)
	        Index Cond: ((k >= 2385200) AND (k <= 2385300))

table 6 : explain SELECT k, c FROM sbtest6 WHERE k BETWEEN 2385200 AND 2385300
	Bitmap Heap Scan on sbtest6  (cost=5.56..441.06 rows=110 width=125)
	  Recheck Cond: ((k >= 2385200) AND (k <= 2385300))
	  ->  Bitmap Index Scan on k_6  (cost=0.00..5.53 rows=110 width=0)
	        Index Cond: ((k >= 2385200) AND (k <= 2385300))

table 7 : explain SELECT k, c FROM sbtest7 WHERE k BETWEEN 2385200 AND 2385300
	Bitmap Heap Scan on sbtest7  (cost=5.44..393.81 rows=98 width=125)
	  Recheck Cond: ((k >= 2385200) AND (k <= 2385300))
	  ->  Bitmap Index Scan on k_7  (cost=0.00..5.42 rows=98 width=0)
	        Index Cond: ((k >= 2385200) AND (k <= 2385300))

table 8 : explain SELECT k, c FROM sbtest8 WHERE k BETWEEN 2385200 AND 2385300
	Bitmap Heap Scan on sbtest8  (cost=5.51..421.31 rows=105 width=125)
	  Recheck Cond: ((k >= 2385200) AND (k <= 2385300))
	  ->  Bitmap Index Scan on k_8  (cost=0.00..5.48 rows=105 width=0)
	        Index Cond: ((k >= 2385200) AND (k <= 2385300))

explain: for range-notcovered :: explain SELECT k, c FROM sbtest%d WHERE k BETWEEN 1887775 AND 1887875
explain: for range-notcovered :: explain SELECT k, c FROM sbtest%d WHERE k BETWEEN 2385200 AND 2385300
for range-notcovered
table 1 : explain SELECT k, c FROM sbtest1 WHERE k BETWEEN 5361468 AND 5361568
	Bitmap Heap Scan on sbtest1  (cost=5.41..381.92 rows=95 width=125)
	  Recheck Cond: ((k >= 5361468) AND (k <= 5361568))
	  ->  Bitmap Index Scan on k_1  (cost=0.00..5.38 rows=95 width=0)
	        Index Cond: ((k >= 5361468) AND (k <= 5361568))

table 2 : explain SELECT k, c FROM sbtest2 WHERE k BETWEEN 5361468 AND 5361568
	Bitmap Heap Scan on sbtest2  (cost=5.44..393.66 rows=98 width=125)
	  Recheck Cond: ((k >= 5361468) AND (k <= 5361568))
	  ->  Bitmap Index Scan on k_2  (cost=0.00..5.42 rows=98 width=0)
	        Index Cond: ((k >= 5361468) AND (k <= 5361568))

table 3 : explain SELECT k, c FROM sbtest3 WHERE k BETWEEN 5361468 AND 5361568
	Bitmap Heap Scan on sbtest3  (cost=5.51..421.47 rows=105 width=125)
	  Recheck Cond: ((k >= 5361468) AND (k <= 5361568))
	  ->  Bitmap Index Scan on k_3  (cost=0.00..5.48 rows=105 width=0)
	        Index Cond: ((k >= 5361468) AND (k <= 5361568))

table 4 : explain SELECT k, c FROM sbtest4 WHERE k BETWEEN 5361468 AND 5361568
	Bitmap Heap Scan on sbtest4  (cost=5.42..385.95 rows=96 width=125)
	  Recheck Cond: ((k >= 5361468) AND (k <= 5361568))
	  ->  Bitmap Index Scan on k_4  (cost=0.00..5.39 rows=96 width=0)
	        Index Cond: ((k >= 5361468) AND (k <= 5361568))

table 5 : explain SELECT k, c FROM sbtest5 WHERE k BETWEEN 5361468 AND 5361568
	Bitmap Heap Scan on sbtest5  (cost=5.43..389.89 rows=97 width=125)
	  Recheck Cond: ((k >= 5361468) AND (k <= 5361568))
	  ->  Bitmap Index Scan on k_5  (cost=0.00..5.40 rows=97 width=0)
	        Index Cond: ((k >= 5361468) AND (k <= 5361568))

table 6 : explain SELECT k, c FROM sbtest6 WHERE k BETWEEN 5361468 AND 5361568
	Bitmap Heap Scan on sbtest6  (cost=5.44..393.74 rows=98 width=125)
	  Recheck Cond: ((k >= 5361468) AND (k <= 5361568))
	  ->  Bitmap Index Scan on k_6  (cost=0.00..5.42 rows=98 width=0)
	        Index Cond: ((k >= 5361468) AND (k <= 5361568))

table 7 : explain SELECT k, c FROM sbtest7 WHERE k BETWEEN 5361468 AND 5361568
	Bitmap Heap Scan on sbtest7  (cost=5.51..421.43 rows=105 width=125)
	  Recheck Cond: ((k >= 5361468) AND (k <= 5361568))
	  ->  Bitmap Index Scan on k_7  (cost=0.00..5.48 rows=105 width=0)
	        Index Cond: ((k >= 5361468) AND (k <= 5361568))

table 8 : explain SELECT k, c FROM sbtest8 WHERE k BETWEEN 5361468 AND 5361568
	Bitmap Heap Scan on sbtest8  (cost=5.48..409.48 rows=102 width=125)
	  Recheck Cond: ((k >= 5361468) AND (k <= 5361568))
	  ->  Bitmap Index Scan on k_8  (cost=0.00..5.45 rows=102 width=0)
	        Index Cond: ((k >= 5361468) AND (k <= 5361568))

for range-notcovered
table 1 : explain SELECT k, c FROM sbtest1 WHERE k BETWEEN 6485586 AND 6485686
	Bitmap Heap Scan on sbtest1  (cost=5.40..377.97 rows=94 width=125)
	  Recheck Cond: ((k >= 6485586) AND (k <= 6485686))
	  ->  Bitmap Index Scan on k_1  (cost=0.00..5.38 rows=94 width=0)
	        Index Cond: ((k >= 6485586) AND (k <= 6485686))

table 2 : explain SELECT k, c FROM sbtest2 WHERE k BETWEEN 6485586 AND 6485686
	Bitmap Heap Scan on sbtest2  (cost=5.48..409.43 rows=102 width=125)
	  Recheck Cond: ((k >= 6485586) AND (k <= 6485686))
	  ->  Bitmap Index Scan on k_2  (cost=0.00..5.45 rows=102 width=0)
	        Index Cond: ((k >= 6485586) AND (k <= 6485686))

table 3 : explain SELECT k, c FROM sbtest3 WHERE k BETWEEN 6485586 AND 6485686
	Bitmap Heap Scan on sbtest3  (cost=5.50..417.52 rows=104 width=125)
	  Recheck Cond: ((k >= 6485586) AND (k <= 6485686))
	  ->  Bitmap Index Scan on k_3  (cost=0.00..5.47 rows=104 width=0)
	        Index Cond: ((k >= 6485586) AND (k <= 6485686))

table 4 : explain SELECT k, c FROM sbtest4 WHERE k BETWEEN 6485586 AND 6485686
	Bitmap Heap Scan on sbtest4  (cost=5.55..437.25 rows=109 width=125)
	  Recheck Cond: ((k >= 6485586) AND (k <= 6485686))
	  ->  Bitmap Index Scan on k_4  (cost=0.00..5.52 rows=109 width=0)
	        Index Cond: ((k >= 6485586) AND (k <= 6485686))

table 5 : explain SELECT k, c FROM sbtest5 WHERE k BETWEEN 6485586 AND 6485686
	Bitmap Heap Scan on sbtest5  (cost=5.45..397.79 rows=99 width=125)
	  Recheck Cond: ((k >= 6485586) AND (k <= 6485686))
	  ->  Bitmap Index Scan on k_5  (cost=0.00..5.42 rows=99 width=0)
	        Index Cond: ((k >= 6485586) AND (k <= 6485686))

table 6 : explain SELECT k, c FROM sbtest6 WHERE k BETWEEN 6485586 AND 6485686
	Bitmap Heap Scan on sbtest6  (cost=5.41..381.90 rows=95 width=125)
	  Recheck Cond: ((k >= 6485586) AND (k <= 6485686))
	  ->  Bitmap Index Scan on k_6  (cost=0.00..5.38 rows=95 width=0)
	        Index Cond: ((k >= 6485586) AND (k <= 6485686))

table 7 : explain SELECT k, c FROM sbtest7 WHERE k BETWEEN 6485586 AND 6485686
	Bitmap Heap Scan on sbtest7  (cost=5.43..389.86 rows=97 width=125)
	  Recheck Cond: ((k >= 6485586) AND (k <= 6485686))
	  ->  Bitmap Index Scan on k_7  (cost=0.00..5.40 rows=97 width=0)
	        Index Cond: ((k >= 6485586) AND (k <= 6485686))

table 8 : explain SELECT k, c FROM sbtest8 WHERE k BETWEEN 6485586 AND 6485686
	Bitmap Heap Scan on sbtest8  (cost=5.40..377.92 rows=94 width=125)
	  Recheck Cond: ((k >= 6485586) AND (k <= 6485686))
	  ->  Bitmap Index Scan on k_8  (cost=0.00..5.38 rows=94 width=0)
	        Index Cond: ((k >= 6485586) AND (k <= 6485686))

explain: for range-notcovered :: explain SELECT k, c FROM sbtest%d WHERE k BETWEEN 6485586 AND 6485686
for range-notcovered
table 1 : explain SELECT k, c FROM sbtest1 WHERE k BETWEEN 1147091 AND 1147191
	Bitmap Heap Scan on sbtest1  (cost=5.47..405.60 rows=101 width=125)
	  Recheck Cond: ((k >= 1147091) AND (k <= 1147191))
	  ->  Bitmap Index Scan on k_1  (cost=0.00..5.44 rows=101 width=0)
	        Index Cond: ((k >= 1147091) AND (k <= 1147191))

table 2 : explain SELECT k, c FROM sbtest2 WHERE k BETWEEN 1147091 AND 1147191
	Bitmap Heap Scan on sbtest2  (cost=5.44..393.66 rows=98 width=125)
	  Recheck Cond: ((k >= 1147091) AND (k <= 1147191))
	  ->  Bitmap Index Scan on k_2  (cost=0.00..5.42 rows=98 width=0)
	        Index Cond: ((k >= 1147091) AND (k <= 1147191))

table 3 : explain SELECT k, c FROM sbtest3 WHERE k BETWEEN 1147091 AND 1147191
	Bitmap Heap Scan on sbtest3  (cost=5.49..413.57 rows=103 width=125)
	  Recheck Cond: ((k >= 1147091) AND (k <= 1147191))
	  ->  Bitmap Index Scan on k_3  (cost=0.00..5.46 rows=103 width=0)
	        Index Cond: ((k >= 1147091) AND (k <= 1147191))

table 4 : explain SELECT k, c FROM sbtest4 WHERE k BETWEEN 1147091 AND 1147191
	Bitmap Heap Scan on sbtest4  (cost=5.61..460.91 rows=115 width=125)
	  Recheck Cond: ((k >= 1147091) AND (k <= 1147191))
	  ->  Bitmap Index Scan on k_4  (cost=0.00..5.58 rows=115 width=0)
	        Index Cond: ((k >= 1147091) AND (k <= 1147191))

table 5 : explain SELECT k, c FROM sbtest5 WHERE k BETWEEN 1147091 AND 1147191
	Bitmap Heap Scan on sbtest5  (cost=5.54..433.30 rows=108 width=125)
	  Recheck Cond: ((k >= 1147091) AND (k <= 1147191))
	  ->  Bitmap Index Scan on k_5  (cost=0.00..5.51 rows=108 width=0)
	        Index Cond: ((k >= 1147091) AND (k <= 1147191))

table 6 : explain SELECT k, c FROM sbtest6 WHERE k BETWEEN 1147091 AND 1147191
	Bitmap Heap Scan on sbtest6  (cost=5.51..421.35 rows=105 width=125)
	  Recheck Cond: ((k >= 1147091) AND (k <= 1147191))
	  ->  Bitmap Index Scan on k_6  (cost=0.00..5.48 rows=105 width=0)
	        Index Cond: ((k >= 1147091) AND (k <= 1147191))

table 7 : explain SELECT k, c FROM sbtest7 WHERE k BETWEEN 1147091 AND 1147191
	Bitmap Heap Scan on sbtest7  (cost=5.43..389.86 rows=97 width=125)
	  Recheck Cond: ((k >= 1147091) AND (k <= 1147191))
	  ->  Bitmap Index Scan on k_7  (cost=0.00..5.40 rows=97 width=0)
	        Index Cond: ((k >= 1147091) AND (k <= 1147191))

table 8 : explain SELECT k, c FROM sbtest8 WHERE k BETWEEN 1147091 AND 1147191
	Bitmap Heap Scan on sbtest8  (cost=5.46..401.59 rows=100 width=125)
	  Recheck Cond: ((k >= 1147091) AND (k <= 1147191))
	  ->  Bitmap Index Scan on k_8  (cost=0.00..5.43 rows=100 width=0)
	        Index Cond: ((k >= 1147091) AND (k <= 1147191))

for range-notcovered
table 1 : explain SELECT k, c FROM sbtest1 WHERE k BETWEEN 5264729 AND 5264829
	Bitmap Heap Scan on sbtest1  (cost=5.49..413.49 rows=103 width=125)
	  Recheck Cond: ((k >= 5264729) AND (k <= 5264829))
	  ->  Bitmap Index Scan on k_1  (cost=0.00..5.46 rows=103 width=0)
	        Index Cond: ((k >= 5264729) AND (k <= 5264829))

table 2 : explain SELECT k, c FROM sbtest2 WHERE k BETWEEN 5264729 AND 5264829
	Bitmap Heap Scan on sbtest2  (cost=5.52..425.20 rows=106 width=125)
	  Recheck Cond: ((k >= 5264729) AND (k <= 5264829))
	  ->  Bitmap Index Scan on k_2  (cost=0.00..5.50 rows=106 width=0)
	        Index Cond: ((k >= 5264729) AND (k <= 5264829))

table 3 : explain SELECT k, c FROM sbtest3 WHERE k BETWEEN 5264729 AND 5264829
	Bitmap Heap Scan on sbtest3  (cost=5.51..421.47 rows=105 width=125)
	  Recheck Cond: ((k >= 5264729) AND (k <= 5264829))
	  ->  Bitmap Index Scan on k_3  (cost=0.00..5.48 rows=105 width=0)
	        Index Cond: ((k >= 5264729) AND (k <= 5264829))

table 4 : explain SELECT k, c FROM sbtest4 WHERE k BETWEEN 5264729 AND 5264829
	Bitmap Heap Scan on sbtest4  (cost=5.50..417.53 rows=104 width=125)
	  Recheck Cond: ((k >= 5264729) AND (k <= 5264829))
	  ->  Bitmap Index Scan on k_4  (cost=0.00..5.47 rows=104 width=0)
	        Index Cond: ((k >= 5264729) AND (k <= 5264829))

table 5 : explain SELECT k, c FROM sbtest5 WHERE k BETWEEN 5264729 AND 5264829
	Bitmap Heap Scan on sbtest5  (cost=5.41..382.00 rows=95 width=125)
	  Recheck Cond: ((k >= 5264729) AND (k <= 5264829))
	  ->  Bitmap Index Scan on k_5  (cost=0.00..5.38 rows=95 width=0)
	        Index Cond: ((k >= 5264729) AND (k <= 5264829))

table 6 : explain SELECT k, c FROM sbtest6 WHERE k BETWEEN 5264729 AND 5264829
	Bitmap Heap Scan on sbtest6  (cost=5.38..370.06 rows=92 width=125)
	  Recheck Cond: ((k >= 5264729) AND (k <= 5264829))
	  ->  Bitmap Index Scan on k_6  (cost=0.00..5.35 rows=92 width=0)
	        Index Cond: ((k >= 5264729) AND (k <= 5264829))

table 7 : explain SELECT k, c FROM sbtest7 WHERE k BETWEEN 5264729 AND 5264829
	Bitmap Heap Scan on sbtest7  (cost=5.50..417.49 rows=104 width=125)
	  Recheck Cond: ((k >= 5264729) AND (k <= 5264829))
	  ->  Bitmap Index Scan on k_7  (cost=0.00..5.47 rows=104 width=0)
	        Index Cond: ((k >= 5264729) AND (k <= 5264829))

table 8 : explain SELECT k, c FROM sbtest8 WHERE k BETWEEN 5264729 AND 5264829
	Bitmap Heap Scan on sbtest8  (cost=5.46..401.59 rows=100 width=125)
	  Recheck Cond: ((k >= 5264729) AND (k <= 5264829))
	  ->  Bitmap Index Scan on k_8  (cost=0.00..5.43 rows=100 width=0)
	        Index Cond: ((k >= 5264729) AND (k <= 5264829))

for range-notcovered
table 1 : explain SELECT k, c FROM sbtest1 WHERE k BETWEEN 1423202 AND 1423302
	Bitmap Heap Scan on sbtest1  (cost=5.45..397.71 rows=99 width=125)
	  Recheck Cond: ((k >= 1423202) AND (k <= 1423302))
	  ->  Bitmap Index Scan on k_1  (cost=0.00..5.42 rows=99 width=0)
	        Index Cond: ((k >= 1423202) AND (k <= 1423302))

table 2 : explain SELECT k, c FROM sbtest2 WHERE k BETWEEN 1423202 AND 1423302
	Bitmap Heap Scan on sbtest2  (cost=5.50..417.32 rows=104 width=125)
	  Recheck Cond: ((k >= 1423202) AND (k <= 1423302))
	  ->  Bitmap Index Scan on k_2  (cost=0.00..5.47 rows=104 width=0)
	        Index Cond: ((k >= 1423202) AND (k <= 1423302))

table 3 : explain SELECT k, c FROM sbtest3 WHERE k BETWEEN 1423202 AND 1423302
	Bitmap Heap Scan on sbtest3  (cost=5.62..464.84 rows=116 width=125)
	  Recheck Cond: ((k >= 1423202) AND (k <= 1423302))
	  ->  Bitmap Index Scan on k_3  (cost=0.00..5.59 rows=116 width=0)
	        Index Cond: ((k >= 1423202) AND (k <= 1423302))

table 4 : explain SELECT k, c FROM sbtest4 WHERE k BETWEEN 1423202 AND 1423302
	Bitmap Heap Scan on sbtest4  (cost=5.46..401.74 rows=100 width=125)
	  Recheck Cond: ((k >= 1423202) AND (k <= 1423302))
	  ->  Bitmap Index Scan on k_4  (cost=0.00..5.43 rows=100 width=0)
	        Index Cond: ((k >= 1423202) AND (k <= 1423302))

table 5 : explain SELECT k, c FROM sbtest5 WHERE k BETWEEN 1423202 AND 1423302
	Bitmap Heap Scan on sbtest5  (cost=5.61..460.89 rows=115 width=125)
	  Recheck Cond: ((k >= 1423202) AND (k <= 1423302))
	  ->  Bitmap Index Scan on k_5  (cost=0.00..5.58 rows=115 width=0)
	        Index Cond: ((k >= 1423202) AND (k <= 1423302))

table 6 : explain SELECT k, c FROM sbtest6 WHERE k BETWEEN 1423202 AND 1423302
	Bitmap Heap Scan on sbtest6  (cost=5.44..393.74 rows=98 width=125)
	  Recheck Cond: ((k >= 1423202) AND (k <= 1423302))
	  ->  Bitmap Index Scan on k_6  (cost=0.00..5.42 rows=98 width=0)
	        Index Cond: ((k >= 1423202) AND (k <= 1423302))

table 7 : explain SELECT k, c FROM sbtest7 WHERE k BETWEEN 1423202 AND 1423302
	Bitmap Heap Scan on sbtest7  (cost=5.48..409.60 rows=102 width=125)
	  Recheck Cond: ((k >= 1423202) AND (k <= 1423302))
	  ->  Bitmap Index Scan on k_7  (cost=0.00..5.45 rows=102 width=0)
	        Index Cond: ((k >= 1423202) AND (k <= 1423302))

table 8 : explain SELECT k, c FROM sbtest8 WHERE k BETWEEN 1423202 AND 1423302
	Bitmap Heap Scan on sbtest8  (cost=5.51..421.31 rows=105 width=125)
	  Recheck Cond: ((k >= 1423202) AND (k <= 1423302))
	  ->  Bitmap Index Scan on k_8  (cost=0.00..5.48 rows=105 width=0)
	        Index Cond: ((k >= 1423202) AND (k <= 1423302))

explain: for range-notcovered :: explain SELECT k, c FROM sbtest%d WHERE k BETWEEN 5264729 AND 5264829
for range-notcovered
table 1 : explain SELECT k, c FROM sbtest1 WHERE k BETWEEN 6715165 AND 6715265
	Bitmap Heap Scan on sbtest1  (cost=5.45..397.71 rows=99 width=125)
	  Recheck Cond: ((k >= 6715165) AND (k <= 6715265))
	  ->  Bitmap Index Scan on k_1  (cost=0.00..5.42 rows=99 width=0)
	        Index Cond: ((k >= 6715165) AND (k <= 6715265))

table 2 : explain SELECT k, c FROM sbtest2 WHERE k BETWEEN 6715165 AND 6715265
	Bitmap Heap Scan on sbtest2  (cost=5.40..377.88 rows=94 width=125)
	  Recheck Cond: ((k >= 6715165) AND (k <= 6715265))
	  ->  Bitmap Index Scan on k_2  (cost=0.00..5.38 rows=94 width=0)
	        Index Cond: ((k >= 6715165) AND (k <= 6715265))

table 3 : explain SELECT k, c FROM sbtest3 WHERE k BETWEEN 6715165 AND 6715265
	Bitmap Heap Scan on sbtest3  (cost=5.60..456.95 rows=114 width=125)
	  Recheck Cond: ((k >= 6715165) AND (k <= 6715265))
	  ->  Bitmap Index Scan on k_3  (cost=0.00..5.58 rows=114 width=0)
	        Index Cond: ((k >= 6715165) AND (k <= 6715265))

table 4 : explain SELECT k, c FROM sbtest4 WHERE k BETWEEN 6715165 AND 6715265
	Bitmap Heap Scan on sbtest4  (cost=5.56..441.20 rows=110 width=125)
	  Recheck Cond: ((k >= 6715165) AND (k <= 6715265))
	  ->  Bitmap Index Scan on k_4  (cost=0.00..5.53 rows=110 width=0)
	        Index Cond: ((k >= 6715165) AND (k <= 6715265))

table 5 : explain SELECT k, c FROM sbtest5 WHERE k BETWEEN 6715165 AND 6715265
	Bitmap Heap Scan on sbtest5  (cost=5.41..382.00 rows=95 width=125)
	  Recheck Cond: ((k >= 6715165) AND (k <= 6715265))
	  ->  Bitmap Index Scan on k_5  (cost=0.00..5.38 rows=95 width=0)
	        Index Cond: ((k >= 6715165) AND (k <= 6715265))

table 6 : explain SELECT k, c FROM sbtest6 WHERE k BETWEEN 6715165 AND 6715265
	Bitmap Heap Scan on sbtest6  (cost=5.47..405.58 rows=101 width=125)
	  Recheck Cond: ((k >= 6715165) AND (k <= 6715265))
	  ->  Bitmap Index Scan on k_6  (cost=0.00..5.44 rows=101 width=0)
	        Index Cond: ((k >= 6715165) AND (k <= 6715265))

table 7 : explain SELECT k, c FROM sbtest7 WHERE k BETWEEN 6715165 AND 6715265
	Bitmap Heap Scan on sbtest7  (cost=5.42..385.92 rows=96 width=125)
	  Recheck Cond: ((k >= 6715165) AND (k <= 6715265))
	  ->  Bitmap Index Scan on k_7  (cost=0.00..5.39 rows=96 width=0)
	        Index Cond: ((k >= 6715165) AND (k <= 6715265))

table 8 : explain SELECT k, c FROM sbtest8 WHERE k BETWEEN 6715165 AND 6715265
	Bitmap Heap Scan on sbtest8  (cost=5.52..425.25 rows=106 width=125)
	  Recheck Cond: ((k >= 6715165) AND (k <= 6715265))
	  ->  Bitmap Index Scan on k_8  (cost=0.00..5.50 rows=106 width=0)
	        Index Cond: ((k >= 6715165) AND (k <= 6715265))

explain: for range-notcovered :: explain SELECT k, c FROM sbtest%d WHERE k BETWEEN 1423202 AND 1423302
for range-notcovered
table 1 : explain SELECT k, c FROM sbtest1 WHERE k BETWEEN 1887775 AND 1887875
	Bitmap Heap Scan on sbtest1  (cost=5.49..413.49 rows=103 width=125)
	  Recheck Cond: ((k >= 1887775) AND (k <= 1887875))
	  ->  Bitmap Index Scan on k_1  (cost=0.00..5.46 rows=103 width=0)
	        Index Cond: ((k >= 1887775) AND (k <= 1887875))

table 2 : explain SELECT k, c FROM sbtest2 WHERE k BETWEEN 1887775 AND 1887875
	Bitmap Heap Scan on sbtest2  (cost=5.55..437.03 rows=109 width=125)
	  Recheck Cond: ((k >= 1887775) AND (k <= 1887875))
	  ->  Bitmap Index Scan on k_2  (cost=0.00..5.52 rows=109 width=0)
	        Index Cond: ((k >= 1887775) AND (k <= 1887875))

table 3 : explain SELECT k, c FROM sbtest3 WHERE k BETWEEN 1887775 AND 1887875
	Bitmap Heap Scan on sbtest3  (cost=5.45..397.79 rows=99 width=125)
	  Recheck Cond: ((k >= 1887775) AND (k <= 1887875))
	  ->  Bitmap Index Scan on k_3  (cost=0.00..5.42 rows=99 width=0)
	        Index Cond: ((k >= 1887775) AND (k <= 1887875))

table 4 : explain SELECT k, c FROM sbtest4 WHERE k BETWEEN 1887775 AND 1887875
	Bitmap Heap Scan on sbtest4  (cost=5.48..409.64 rows=102 width=125)
	  Recheck Cond: ((k >= 1887775) AND (k <= 1887875))
	  ->  Bitmap Index Scan on k_4  (cost=0.00..5.45 rows=102 width=0)
	        Index Cond: ((k >= 1887775) AND (k <= 1887875))

table 5 : explain SELECT k, c FROM sbtest5 WHERE k BETWEEN 1887775 AND 1887875
	Bitmap Heap Scan on sbtest5  (cost=5.49..413.57 rows=103 width=125)
	  Recheck Cond: ((k >= 1887775) AND (k <= 1887875))
	  ->  Bitmap Index Scan on k_5  (cost=0.00..5.46 rows=103 width=0)
	        Index Cond: ((k >= 1887775) AND (k <= 1887875))

table 6 : explain SELECT k, c FROM sbtest6 WHERE k BETWEEN 1887775 AND 1887875
	Bitmap Heap Scan on sbtest6  (cost=5.54..433.18 rows=108 width=125)
	  Recheck Cond: ((k >= 1887775) AND (k <= 1887875))
	  ->  Bitmap Index Scan on k_6  (cost=0.00..5.51 rows=108 width=0)
	        Index Cond: ((k >= 1887775) AND (k <= 1887875))

table 7 : explain SELECT k, c FROM sbtest7 WHERE k BETWEEN 1887775 AND 1887875
	Bitmap Heap Scan on sbtest7  (cost=5.45..397.76 rows=99 width=125)
	  Recheck Cond: ((k >= 1887775) AND (k <= 1887875))
	  ->  Bitmap Index Scan on k_7  (cost=0.00..5.42 rows=99 width=0)
	        Index Cond: ((k >= 1887775) AND (k <= 1887875))

table 8 : explain SELECT k, c FROM sbtest8 WHERE k BETWEEN 1887775 AND 1887875
	Bitmap Heap Scan on sbtest8  (cost=5.53..429.19 rows=107 width=125)
	  Recheck Cond: ((k >= 1887775) AND (k <= 1887875))
	  ->  Bitmap Index Scan on k_8  (cost=0.00..5.50 rows=107 width=0)
	        Index Cond: ((k >= 1887775) AND (k <= 1887875))

explain: for range-notcovered :: explain SELECT k, c FROM sbtest%d WHERE k BETWEEN 6715165 AND 6715265
for range-notcovered
table 1 : explain SELECT k, c FROM sbtest1 WHERE k BETWEEN 2385200 AND 2385300
	Bitmap Heap Scan on sbtest1  (cost=5.54..433.21 rows=108 width=125)
	  Recheck Cond: ((k >= 2385200) AND (k <= 2385300))
	  ->  Bitmap Index Scan on k_1  (cost=0.00..5.51 rows=108 width=0)
	        Index Cond: ((k >= 2385200) AND (k <= 2385300))

table 2 : explain SELECT k, c FROM sbtest2 WHERE k BETWEEN 2385200 AND 2385300
	Bitmap Heap Scan on sbtest2  (cost=5.46..401.55 rows=100 width=125)
	  Recheck Cond: ((k >= 2385200) AND (k <= 2385300))
	  ->  Bitmap Index Scan on k_2  (cost=0.00..5.43 rows=100 width=0)
	        Index Cond: ((k >= 2385200) AND (k <= 2385300))

table 3 : explain SELECT k, c FROM sbtest3 WHERE k BETWEEN 2385200 AND 2385300
	Bitmap Heap Scan on sbtest3  (cost=5.41..382.00 rows=95 width=125)
	  Recheck Cond: ((k >= 2385200) AND (k <= 2385300))
	  ->  Bitmap Index Scan on k_3  (cost=0.00..5.38 rows=95 width=0)
	        Index Cond: ((k >= 2385200) AND (k <= 2385300))

table 4 : explain SELECT k, c FROM sbtest4 WHERE k BETWEEN 2385200 AND 2385300
	Bitmap Heap Scan on sbtest4  (cost=5.44..393.85 rows=98 width=125)
	  Recheck Cond: ((k >= 2385200) AND (k <= 2385300))
	  ->  Bitmap Index Scan on k_4  (cost=0.00..5.42 rows=98 width=0)
	        Index Cond: ((k >= 2385200) AND (k <= 2385300))

table 5 : explain SELECT k, c FROM sbtest5 WHERE k BETWEEN 2385200 AND 2385300
	Bitmap Heap Scan on sbtest5  (cost=5.49..413.57 rows=103 width=125)
	  Recheck Cond: ((k >= 2385200) AND (k <= 2385300))
	  ->  Bitmap Index Scan on k_5  (cost=0.00..5.46 rows=103 width=0)
	        Index Cond: ((k >= 2385200) AND (k <= 2385300))

table 6 : explain SELECT k, c FROM sbtest6 WHERE k BETWEEN 2385200 AND 2385300
	Bitmap Heap Scan on sbtest6  (cost=5.56..441.06 rows=110 width=125)
	  Recheck Cond: ((k >= 2385200) AND (k <= 2385300))
	  ->  Bitmap Index Scan on k_6  (cost=0.00..5.53 rows=110 width=0)
	        Index Cond: ((k >= 2385200) AND (k <= 2385300))

table 7 : explain SELECT k, c FROM sbtest7 WHERE k BETWEEN 2385200 AND 2385300
	Bitmap Heap Scan on sbtest7  (cost=5.44..393.81 rows=98 width=125)
	  Recheck Cond: ((k >= 2385200) AND (k <= 2385300))
	  ->  Bitmap Index Scan on k_7  (cost=0.00..5.42 rows=98 width=0)
	        Index Cond: ((k >= 2385200) AND (k <= 2385300))

table 8 : explain SELECT k, c FROM sbtest8 WHERE k BETWEEN 2385200 AND 2385300
	Bitmap Heap Scan on sbtest8  (cost=5.51..421.31 rows=105 width=125)
	  Recheck Cond: ((k >= 2385200) AND (k <= 2385300))
	  ->  Bitmap Index Scan on k_8  (cost=0.00..5.48 rows=105 width=0)
	        Index Cond: ((k >= 2385200) AND (k <= 2385300))

explain: for range-notcovered :: explain SELECT k, c FROM sbtest%d WHERE k BETWEEN 1887775 AND 1887875
explain: for range-notcovered :: explain SELECT k, c FROM sbtest%d WHERE k BETWEEN 2385200 AND 2385300
for range-notcovered
table 1 : explain SELECT k, c FROM sbtest1 WHERE k BETWEEN 6485586 AND 6485686
	Bitmap Heap Scan on sbtest1  (cost=5.40..377.97 rows=94 width=125)
	  Recheck Cond: ((k >= 6485586) AND (k <= 6485686))
	  ->  Bitmap Index Scan on k_1  (cost=0.00..5.38 rows=94 width=0)
	        Index Cond: ((k >= 6485586) AND (k <= 6485686))

table 2 : explain SELECT k, c FROM sbtest2 WHERE k BETWEEN 6485586 AND 6485686
	Bitmap Heap Scan on sbtest2  (cost=5.48..409.43 rows=102 width=125)
	  Recheck Cond: ((k >= 6485586) AND (k <= 6485686))
	  ->  Bitmap Index Scan on k_2  (cost=0.00..5.45 rows=102 width=0)
	        Index Cond: ((k >= 6485586) AND (k <= 6485686))

table 3 : explain SELECT k, c FROM sbtest3 WHERE k BETWEEN 6485586 AND 6485686
	Bitmap Heap Scan on sbtest3  (cost=5.50..417.52 rows=104 width=125)
	  Recheck Cond: ((k >= 6485586) AND (k <= 6485686))
	  ->  Bitmap Index Scan on k_3  (cost=0.00..5.47 rows=104 width=0)
	        Index Cond: ((k >= 6485586) AND (k <= 6485686))

table 4 : explain SELECT k, c FROM sbtest4 WHERE k BETWEEN 6485586 AND 6485686
	Bitmap Heap Scan on sbtest4  (cost=5.55..437.25 rows=109 width=125)
	  Recheck Cond: ((k >= 6485586) AND (k <= 6485686))
	  ->  Bitmap Index Scan on k_4  (cost=0.00..5.52 rows=109 width=0)
	        Index Cond: ((k >= 6485586) AND (k <= 6485686))

table 5 : explain SELECT k, c FROM sbtest5 WHERE k BETWEEN 6485586 AND 6485686
	Bitmap Heap Scan on sbtest5  (cost=5.45..397.79 rows=99 width=125)
	  Recheck Cond: ((k >= 6485586) AND (k <= 6485686))
	  ->  Bitmap Index Scan on k_5  (cost=0.00..5.42 rows=99 width=0)
	        Index Cond: ((k >= 6485586) AND (k <= 6485686))

table 6 : explain SELECT k, c FROM sbtest6 WHERE k BETWEEN 6485586 AND 6485686
	Bitmap Heap Scan on sbtest6  (cost=5.41..381.90 rows=95 width=125)
	  Recheck Cond: ((k >= 6485586) AND (k <= 6485686))
	  ->  Bitmap Index Scan on k_6  (cost=0.00..5.38 rows=95 width=0)
	        Index Cond: ((k >= 6485586) AND (k <= 6485686))

table 7 : explain SELECT k, c FROM sbtest7 WHERE k BETWEEN 6485586 AND 6485686
	Bitmap Heap Scan on sbtest7  (cost=5.43..389.86 rows=97 width=125)
	  Recheck Cond: ((k >= 6485586) AND (k <= 6485686))
	  ->  Bitmap Index Scan on k_7  (cost=0.00..5.40 rows=97 width=0)
	        Index Cond: ((k >= 6485586) AND (k <= 6485686))

table 8 : explain SELECT k, c FROM sbtest8 WHERE k BETWEEN 6485586 AND 6485686
	Bitmap Heap Scan on sbtest8  (cost=5.40..377.92 rows=94 width=125)
	  Recheck Cond: ((k >= 6485586) AND (k <= 6485686))
	  ->  Bitmap Index Scan on k_8  (cost=0.00..5.38 rows=94 width=0)
	        Index Cond: ((k >= 6485586) AND (k <= 6485686))

explain: for range-notcovered :: explain SELECT k, c FROM sbtest%d WHERE k BETWEEN 6485586 AND 6485686
for range-notcovered
table 1 : explain SELECT k, c FROM sbtest1 WHERE k BETWEEN 1423202 AND 1423302
	Bitmap Heap Scan on sbtest1  (cost=5.45..397.71 rows=99 width=125)
	  Recheck Cond: ((k >= 1423202) AND (k <= 1423302))
	  ->  Bitmap Index Scan on k_1  (cost=0.00..5.42 rows=99 width=0)
	        Index Cond: ((k >= 1423202) AND (k <= 1423302))

table 2 : explain SELECT k, c FROM sbtest2 WHERE k BETWEEN 1423202 AND 1423302
	Bitmap Heap Scan on sbtest2  (cost=5.50..417.32 rows=104 width=125)
	  Recheck Cond: ((k >= 1423202) AND (k <= 1423302))
	  ->  Bitmap Index Scan on k_2  (cost=0.00..5.47 rows=104 width=0)
	        Index Cond: ((k >= 1423202) AND (k <= 1423302))

table 3 : explain SELECT k, c FROM sbtest3 WHERE k BETWEEN 1423202 AND 1423302
	Bitmap Heap Scan on sbtest3  (cost=5.62..464.84 rows=116 width=125)
	  Recheck Cond: ((k >= 1423202) AND (k <= 1423302))
	  ->  Bitmap Index Scan on k_3  (cost=0.00..5.59 rows=116 width=0)
	        Index Cond: ((k >= 1423202) AND (k <= 1423302))

table 4 : explain SELECT k, c FROM sbtest4 WHERE k BETWEEN 1423202 AND 1423302
	Bitmap Heap Scan on sbtest4  (cost=5.46..401.74 rows=100 width=125)
	  Recheck Cond: ((k >= 1423202) AND (k <= 1423302))
	  ->  Bitmap Index Scan on k_4  (cost=0.00..5.43 rows=100 width=0)
	        Index Cond: ((k >= 1423202) AND (k <= 1423302))

table 5 : explain SELECT k, c FROM sbtest5 WHERE k BETWEEN 1423202 AND 1423302
	Bitmap Heap Scan on sbtest5  (cost=5.61..460.89 rows=115 width=125)
	  Recheck Cond: ((k >= 1423202) AND (k <= 1423302))
	  ->  Bitmap Index Scan on k_5  (cost=0.00..5.58 rows=115 width=0)
	        Index Cond: ((k >= 1423202) AND (k <= 1423302))

table 6 : explain SELECT k, c FROM sbtest6 WHERE k BETWEEN 1423202 AND 1423302
	Bitmap Heap Scan on sbtest6  (cost=5.44..393.74 rows=98 width=125)
	  Recheck Cond: ((k >= 1423202) AND (k <= 1423302))
	  ->  Bitmap Index Scan on k_6  (cost=0.00..5.42 rows=98 width=0)
	        Index Cond: ((k >= 1423202) AND (k <= 1423302))

table 7 : explain SELECT k, c FROM sbtest7 WHERE k BETWEEN 1423202 AND 1423302
	Bitmap Heap Scan on sbtest7  (cost=5.48..409.60 rows=102 width=125)
	  Recheck Cond: ((k >= 1423202) AND (k <= 1423302))
	  ->  Bitmap Index Scan on k_7  (cost=0.00..5.45 rows=102 width=0)
	        Index Cond: ((k >= 1423202) AND (k <= 1423302))

table 8 : explain SELECT k, c FROM sbtest8 WHERE k BETWEEN 1423202 AND 1423302
	Bitmap Heap Scan on sbtest8  (cost=5.51..421.31 rows=105 width=125)
	  Recheck Cond: ((k >= 1423202) AND (k <= 1423302))
	  ->  Bitmap Index Scan on k_8  (cost=0.00..5.48 rows=105 width=0)
	        Index Cond: ((k >= 1423202) AND (k <= 1423302))

for range-notcovered
table 1 : explain SELECT k, c FROM sbtest1 WHERE k BETWEEN 5264729 AND 5264829
	Bitmap Heap Scan on sbtest1  (cost=5.49..413.49 rows=103 width=125)
	  Recheck Cond: ((k >= 5264729) AND (k <= 5264829))
	  ->  Bitmap Index Scan on k_1  (cost=0.00..5.46 rows=103 width=0)
	        Index Cond: ((k >= 5264729) AND (k <= 5264829))

table 2 : explain SELECT k, c FROM sbtest2 WHERE k BETWEEN 5264729 AND 5264829
	Bitmap Heap Scan on sbtest2  (cost=5.52..425.20 rows=106 width=125)
	  Recheck Cond: ((k >= 5264729) AND (k <= 5264829))
	  ->  Bitmap Index Scan on k_2  (cost=0.00..5.50 rows=106 width=0)
	        Index Cond: ((k >= 5264729) AND (k <= 5264829))

table 3 : explain SELECT k, c FROM sbtest3 WHERE k BETWEEN 5264729 AND 5264829
	Bitmap Heap Scan on sbtest3  (cost=5.51..421.47 rows=105 width=125)
	  Recheck Cond: ((k >= 5264729) AND (k <= 5264829))
	  ->  Bitmap Index Scan on k_3  (cost=0.00..5.48 rows=105 width=0)
	        Index Cond: ((k >= 5264729) AND (k <= 5264829))

table 4 : explain SELECT k, c FROM sbtest4 WHERE k BETWEEN 5264729 AND 5264829
	Bitmap Heap Scan on sbtest4  (cost=5.50..417.53 rows=104 width=125)
	  Recheck Cond: ((k >= 5264729) AND (k <= 5264829))
	  ->  Bitmap Index Scan on k_4  (cost=0.00..5.47 rows=104 width=0)
	        Index Cond: ((k >= 5264729) AND (k <= 5264829))

table 5 : explain SELECT k, c FROM sbtest5 WHERE k BETWEEN 5264729 AND 5264829
	Bitmap Heap Scan on sbtest5  (cost=5.41..382.00 rows=95 width=125)
	  Recheck Cond: ((k >= 5264729) AND (k <= 5264829))
	  ->  Bitmap Index Scan on k_5  (cost=0.00..5.38 rows=95 width=0)
	        Index Cond: ((k >= 5264729) AND (k <= 5264829))

table 6 : explain SELECT k, c FROM sbtest6 WHERE k BETWEEN 5264729 AND 5264829
	Bitmap Heap Scan on sbtest6  (cost=5.38..370.06 rows=92 width=125)
	  Recheck Cond: ((k >= 5264729) AND (k <= 5264829))
	  ->  Bitmap Index Scan on k_6  (cost=0.00..5.35 rows=92 width=0)
	        Index Cond: ((k >= 5264729) AND (k <= 5264829))

table 7 : explain SELECT k, c FROM sbtest7 WHERE k BETWEEN 5264729 AND 5264829
	Bitmap Heap Scan on sbtest7  (cost=5.50..417.49 rows=104 width=125)
	  Recheck Cond: ((k >= 5264729) AND (k <= 5264829))
	  ->  Bitmap Index Scan on k_7  (cost=0.00..5.47 rows=104 width=0)
	        Index Cond: ((k >= 5264729) AND (k <= 5264829))

table 8 : explain SELECT k, c FROM sbtest8 WHERE k BETWEEN 5264729 AND 5264829
	Bitmap Heap Scan on sbtest8  (cost=5.46..401.59 rows=100 width=125)
	  Recheck Cond: ((k >= 5264729) AND (k <= 5264829))
	  ->  Bitmap Index Scan on k_8  (cost=0.00..5.43 rows=100 width=0)
	        Index Cond: ((k >= 5264729) AND (k <= 5264829))

explain: for range-notcovered :: explain SELECT k, c FROM sbtest%d WHERE k BETWEEN 1423202 AND 1423302
for range-notcovered
table 1 : explain SELECT k, c FROM sbtest1 WHERE k BETWEEN 1887775 AND 1887875
	Bitmap Heap Scan on sbtest1  (cost=5.49..413.49 rows=103 width=125)
	  Recheck Cond: ((k >= 1887775) AND (k <= 1887875))
	  ->  Bitmap Index Scan on k_1  (cost=0.00..5.46 rows=103 width=0)
	        Index Cond: ((k >= 1887775) AND (k <= 1887875))

table 2 : explain SELECT k, c FROM sbtest2 WHERE k BETWEEN 1887775 AND 1887875
	Bitmap Heap Scan on sbtest2  (cost=5.55..437.03 rows=109 width=125)
	  Recheck Cond: ((k >= 1887775) AND (k <= 1887875))
	  ->  Bitmap Index Scan on k_2  (cost=0.00..5.52 rows=109 width=0)
	        Index Cond: ((k >= 1887775) AND (k <= 1887875))

table 3 : explain SELECT k, c FROM sbtest3 WHERE k BETWEEN 1887775 AND 1887875
	Bitmap Heap Scan on sbtest3  (cost=5.45..397.79 rows=99 width=125)
	  Recheck Cond: ((k >= 1887775) AND (k <= 1887875))
	  ->  Bitmap Index Scan on k_3  (cost=0.00..5.42 rows=99 width=0)
	        Index Cond: ((k >= 1887775) AND (k <= 1887875))

table 4 : explain SELECT k, c FROM sbtest4 WHERE k BETWEEN 1887775 AND 1887875
	Bitmap Heap Scan on sbtest4  (cost=5.48..409.64 rows=102 width=125)
	  Recheck Cond: ((k >= 1887775) AND (k <= 1887875))
	  ->  Bitmap Index Scan on k_4  (cost=0.00..5.45 rows=102 width=0)
	        Index Cond: ((k >= 1887775) AND (k <= 1887875))

table 5 : explain SELECT k, c FROM sbtest5 WHERE k BETWEEN 1887775 AND 1887875
	Bitmap Heap Scan on sbtest5  (cost=5.49..413.57 rows=103 width=125)
	  Recheck Cond: ((k >= 1887775) AND (k <= 1887875))
	  ->  Bitmap Index Scan on k_5  (cost=0.00..5.46 rows=103 width=0)
	        Index Cond: ((k >= 1887775) AND (k <= 1887875))

table 6 : explain SELECT k, c FROM sbtest6 WHERE k BETWEEN 1887775 AND 1887875
	Bitmap Heap Scan on sbtest6  (cost=5.54..433.18 rows=108 width=125)
	  Recheck Cond: ((k >= 1887775) AND (k <= 1887875))
	  ->  Bitmap Index Scan on k_6  (cost=0.00..5.51 rows=108 width=0)
	        Index Cond: ((k >= 1887775) AND (k <= 1887875))

table 7 : explain SELECT k, c FROM sbtest7 WHERE k BETWEEN 1887775 AND 1887875
	Bitmap Heap Scan on sbtest7  (cost=5.45..397.76 rows=99 width=125)
	  Recheck Cond: ((k >= 1887775) AND (k <= 1887875))
	  ->  Bitmap Index Scan on k_7  (cost=0.00..5.42 rows=99 width=0)
	        Index Cond: ((k >= 1887775) AND (k <= 1887875))

table 8 : explain SELECT k, c FROM sbtest8 WHERE k BETWEEN 1887775 AND 1887875
	Bitmap Heap Scan on sbtest8  (cost=5.53..429.19 rows=107 width=125)
	  Recheck Cond: ((k >= 1887775) AND (k <= 1887875))
	  ->  Bitmap Index Scan on k_8  (cost=0.00..5.50 rows=107 width=0)
	        Index Cond: ((k >= 1887775) AND (k <= 1887875))

explain: for range-notcovered :: explain SELECT k, c FROM sbtest%d WHERE k BETWEEN 5264729 AND 5264829
for range-notcovered
table 1 : explain SELECT k, c FROM sbtest1 WHERE k BETWEEN 6715165 AND 6715265
	Bitmap Heap Scan on sbtest1  (cost=5.45..397.71 rows=99 width=125)
	  Recheck Cond: ((k >= 6715165) AND (k <= 6715265))
	  ->  Bitmap Index Scan on k_1  (cost=0.00..5.42 rows=99 width=0)
	        Index Cond: ((k >= 6715165) AND (k <= 6715265))

table 2 : explain SELECT k, c FROM sbtest2 WHERE k BETWEEN 6715165 AND 6715265
	Bitmap Heap Scan on sbtest2  (cost=5.40..377.88 rows=94 width=125)
	  Recheck Cond: ((k >= 6715165) AND (k <= 6715265))
	  ->  Bitmap Index Scan on k_2  (cost=0.00..5.38 rows=94 width=0)
	        Index Cond: ((k >= 6715165) AND (k <= 6715265))

table 3 : explain SELECT k, c FROM sbtest3 WHERE k BETWEEN 6715165 AND 6715265
	Bitmap Heap Scan on sbtest3  (cost=5.60..456.95 rows=114 width=125)
	  Recheck Cond: ((k >= 6715165) AND (k <= 6715265))
	  ->  Bitmap Index Scan on k_3  (cost=0.00..5.58 rows=114 width=0)
	        Index Cond: ((k >= 6715165) AND (k <= 6715265))

table 4 : explain SELECT k, c FROM sbtest4 WHERE k BETWEEN 6715165 AND 6715265
	Bitmap Heap Scan on sbtest4  (cost=5.56..441.20 rows=110 width=125)
	  Recheck Cond: ((k >= 6715165) AND (k <= 6715265))
	  ->  Bitmap Index Scan on k_4  (cost=0.00..5.53 rows=110 width=0)
	        Index Cond: ((k >= 6715165) AND (k <= 6715265))

table 5 : explain SELECT k, c FROM sbtest5 WHERE k BETWEEN 6715165 AND 6715265
	Bitmap Heap Scan on sbtest5  (cost=5.41..382.00 rows=95 width=125)
	  Recheck Cond: ((k >= 6715165) AND (k <= 6715265))
	  ->  Bitmap Index Scan on k_5  (cost=0.00..5.38 rows=95 width=0)
	        Index Cond: ((k >= 6715165) AND (k <= 6715265))

table 6 : explain SELECT k, c FROM sbtest6 WHERE k BETWEEN 6715165 AND 6715265
	Bitmap Heap Scan on sbtest6  (cost=5.47..405.58 rows=101 width=125)
	  Recheck Cond: ((k >= 6715165) AND (k <= 6715265))
	  ->  Bitmap Index Scan on k_6  (cost=0.00..5.44 rows=101 width=0)
	        Index Cond: ((k >= 6715165) AND (k <= 6715265))

table 7 : explain SELECT k, c FROM sbtest7 WHERE k BETWEEN 6715165 AND 6715265
	Bitmap Heap Scan on sbtest7  (cost=5.42..385.92 rows=96 width=125)
	  Recheck Cond: ((k >= 6715165) AND (k <= 6715265))
	  ->  Bitmap Index Scan on k_7  (cost=0.00..5.39 rows=96 width=0)
	        Index Cond: ((k >= 6715165) AND (k <= 6715265))

table 8 : explain SELECT k, c FROM sbtest8 WHERE k BETWEEN 6715165 AND 6715265
	Bitmap Heap Scan on sbtest8  (cost=5.52..425.25 rows=106 width=125)
	  Recheck Cond: ((k >= 6715165) AND (k <= 6715265))
	  ->  Bitmap Index Scan on k_8  (cost=0.00..5.50 rows=106 width=0)
	        Index Cond: ((k >= 6715165) AND (k <= 6715265))

explain: for range-notcovered :: explain SELECT k, c FROM sbtest%d WHERE k BETWEEN 1887775 AND 1887875
explain: for range-notcovered :: explain SELECT k, c FROM sbtest%d WHERE k BETWEEN 6715165 AND 6715265
for range-notcovered
table 1 : explain SELECT k, c FROM sbtest1 WHERE k BETWEEN 6485586 AND 6485686
	Bitmap Heap Scan on sbtest1  (cost=5.40..377.97 rows=94 width=125)
	  Recheck Cond: ((k >= 6485586) AND (k <= 6485686))
	  ->  Bitmap Index Scan on k_1  (cost=0.00..5.38 rows=94 width=0)
	        Index Cond: ((k >= 6485586) AND (k <= 6485686))

table 2 : explain SELECT k, c FROM sbtest2 WHERE k BETWEEN 6485586 AND 6485686
	Bitmap Heap Scan on sbtest2  (cost=5.48..409.43 rows=102 width=125)
	  Recheck Cond: ((k >= 6485586) AND (k <= 6485686))
	  ->  Bitmap Index Scan on k_2  (cost=0.00..5.45 rows=102 width=0)
	        Index Cond: ((k >= 6485586) AND (k <= 6485686))

table 3 : explain SELECT k, c FROM sbtest3 WHERE k BETWEEN 6485586 AND 6485686
	Bitmap Heap Scan on sbtest3  (cost=5.50..417.52 rows=104 width=125)
	  Recheck Cond: ((k >= 6485586) AND (k <= 6485686))
	  ->  Bitmap Index Scan on k_3  (cost=0.00..5.47 rows=104 width=0)
	        Index Cond: ((k >= 6485586) AND (k <= 6485686))

table 4 : explain SELECT k, c FROM sbtest4 WHERE k BETWEEN 6485586 AND 6485686
	Bitmap Heap Scan on sbtest4  (cost=5.55..437.25 rows=109 width=125)
	  Recheck Cond: ((k >= 6485586) AND (k <= 6485686))
	  ->  Bitmap Index Scan on k_4  (cost=0.00..5.52 rows=109 width=0)
	        Index Cond: ((k >= 6485586) AND (k <= 6485686))

table 5 : explain SELECT k, c FROM sbtest5 WHERE k BETWEEN 6485586 AND 6485686
	Bitmap Heap Scan on sbtest5  (cost=5.45..397.79 rows=99 width=125)
	  Recheck Cond: ((k >= 6485586) AND (k <= 6485686))
	  ->  Bitmap Index Scan on k_5  (cost=0.00..5.42 rows=99 width=0)
	        Index Cond: ((k >= 6485586) AND (k <= 6485686))

table 6 : explain SELECT k, c FROM sbtest6 WHERE k BETWEEN 6485586 AND 6485686
	Bitmap Heap Scan on sbtest6  (cost=5.41..381.90 rows=95 width=125)
	  Recheck Cond: ((k >= 6485586) AND (k <= 6485686))
	  ->  Bitmap Index Scan on k_6  (cost=0.00..5.38 rows=95 width=0)
	        Index Cond: ((k >= 6485586) AND (k <= 6485686))

table 7 : explain SELECT k, c FROM sbtest7 WHERE k BETWEEN 6485586 AND 6485686
	Bitmap Heap Scan on sbtest7  (cost=5.43..389.86 rows=97 width=125)
	  Recheck Cond: ((k >= 6485586) AND (k <= 6485686))
	  ->  Bitmap Index Scan on k_7  (cost=0.00..5.40 rows=97 width=0)
	        Index Cond: ((k >= 6485586) AND (k <= 6485686))

table 8 : explain SELECT k, c FROM sbtest8 WHERE k BETWEEN 6485586 AND 6485686
	Bitmap Heap Scan on sbtest8  (cost=5.40..377.92 rows=94 width=125)
	  Recheck Cond: ((k >= 6485586) AND (k <= 6485686))
	  ->  Bitmap Index Scan on k_8  (cost=0.00..5.38 rows=94 width=0)
	        Index Cond: ((k >= 6485586) AND (k <= 6485686))

explain: for range-notcovered :: explain SELECT k, c FROM sbtest%d WHERE k BETWEEN 6485586 AND 6485686
for range-notcovered
table 1 : explain SELECT k, c FROM sbtest1 WHERE k BETWEEN 5264729 AND 5264829
	Bitmap Heap Scan on sbtest1  (cost=5.49..413.49 rows=103 width=125)
	  Recheck Cond: ((k >= 5264729) AND (k <= 5264829))
	  ->  Bitmap Index Scan on k_1  (cost=0.00..5.46 rows=103 width=0)
	        Index Cond: ((k >= 5264729) AND (k <= 5264829))

table 2 : explain SELECT k, c FROM sbtest2 WHERE k BETWEEN 5264729 AND 5264829
	Bitmap Heap Scan on sbtest2  (cost=5.52..425.20 rows=106 width=125)
	  Recheck Cond: ((k >= 5264729) AND (k <= 5264829))
	  ->  Bitmap Index Scan on k_2  (cost=0.00..5.50 rows=106 width=0)
	        Index Cond: ((k >= 5264729) AND (k <= 5264829))

table 3 : explain SELECT k, c FROM sbtest3 WHERE k BETWEEN 5264729 AND 5264829
	Bitmap Heap Scan on sbtest3  (cost=5.51..421.47 rows=105 width=125)
	  Recheck Cond: ((k >= 5264729) AND (k <= 5264829))
	  ->  Bitmap Index Scan on k_3  (cost=0.00..5.48 rows=105 width=0)
	        Index Cond: ((k >= 5264729) AND (k <= 5264829))

table 4 : explain SELECT k, c FROM sbtest4 WHERE k BETWEEN 5264729 AND 5264829
	Bitmap Heap Scan on sbtest4  (cost=5.50..417.53 rows=104 width=125)
	  Recheck Cond: ((k >= 5264729) AND (k <= 5264829))
	  ->  Bitmap Index Scan on k_4  (cost=0.00..5.47 rows=104 width=0)
	        Index Cond: ((k >= 5264729) AND (k <= 5264829))

table 5 : explain SELECT k, c FROM sbtest5 WHERE k BETWEEN 5264729 AND 5264829
	Bitmap Heap Scan on sbtest5  (cost=5.41..382.00 rows=95 width=125)
	  Recheck Cond: ((k >= 5264729) AND (k <= 5264829))
	  ->  Bitmap Index Scan on k_5  (cost=0.00..5.38 rows=95 width=0)
	        Index Cond: ((k >= 5264729) AND (k <= 5264829))

table 6 : explain SELECT k, c FROM sbtest6 WHERE k BETWEEN 5264729 AND 5264829
	Bitmap Heap Scan on sbtest6  (cost=5.38..370.06 rows=92 width=125)
	  Recheck Cond: ((k >= 5264729) AND (k <= 5264829))
	  ->  Bitmap Index Scan on k_6  (cost=0.00..5.35 rows=92 width=0)
	        Index Cond: ((k >= 5264729) AND (k <= 5264829))

table 7 : explain SELECT k, c FROM sbtest7 WHERE k BETWEEN 5264729 AND 5264829
	Bitmap Heap Scan on sbtest7  (cost=5.50..417.49 rows=104 width=125)
	  Recheck Cond: ((k >= 5264729) AND (k <= 5264829))
	  ->  Bitmap Index Scan on k_7  (cost=0.00..5.47 rows=104 width=0)
	        Index Cond: ((k >= 5264729) AND (k <= 5264829))

table 8 : explain SELECT k, c FROM sbtest8 WHERE k BETWEEN 5264729 AND 5264829
	Bitmap Heap Scan on sbtest8  (cost=5.46..401.59 rows=100 width=125)
	  Recheck Cond: ((k >= 5264729) AND (k <= 5264829))
	  ->  Bitmap Index Scan on k_8  (cost=0.00..5.43 rows=100 width=0)
	        Index Cond: ((k >= 5264729) AND (k <= 5264829))

for range-notcovered
table 1 : explain SELECT k, c FROM sbtest1 WHERE k BETWEEN 1423202 AND 1423302
	Bitmap Heap Scan on sbtest1  (cost=5.45..397.71 rows=99 width=125)
	  Recheck Cond: ((k >= 1423202) AND (k <= 1423302))
	  ->  Bitmap Index Scan on k_1  (cost=0.00..5.42 rows=99 width=0)
	        Index Cond: ((k >= 1423202) AND (k <= 1423302))

table 2 : explain SELECT k, c FROM sbtest2 WHERE k BETWEEN 1423202 AND 1423302
	Bitmap Heap Scan on sbtest2  (cost=5.50..417.32 rows=104 width=125)
	  Recheck Cond: ((k >= 1423202) AND (k <= 1423302))
	  ->  Bitmap Index Scan on k_2  (cost=0.00..5.47 rows=104 width=0)
	        Index Cond: ((k >= 1423202) AND (k <= 1423302))

table 3 : explain SELECT k, c FROM sbtest3 WHERE k BETWEEN 1423202 AND 1423302
	Bitmap Heap Scan on sbtest3  (cost=5.62..464.84 rows=116 width=125)
	  Recheck Cond: ((k >= 1423202) AND (k <= 1423302))
	  ->  Bitmap Index Scan on k_3  (cost=0.00..5.59 rows=116 width=0)
	        Index Cond: ((k >= 1423202) AND (k <= 1423302))

table 4 : explain SELECT k, c FROM sbtest4 WHERE k BETWEEN 1423202 AND 1423302
	Bitmap Heap Scan on sbtest4  (cost=5.46..401.74 rows=100 width=125)
	  Recheck Cond: ((k >= 1423202) AND (k <= 1423302))
	  ->  Bitmap Index Scan on k_4  (cost=0.00..5.43 rows=100 width=0)
	        Index Cond: ((k >= 1423202) AND (k <= 1423302))

table 5 : explain SELECT k, c FROM sbtest5 WHERE k BETWEEN 1423202 AND 1423302
	Bitmap Heap Scan on sbtest5  (cost=5.61..460.89 rows=115 width=125)
	  Recheck Cond: ((k >= 1423202) AND (k <= 1423302))
	  ->  Bitmap Index Scan on k_5  (cost=0.00..5.58 rows=115 width=0)
	        Index Cond: ((k >= 1423202) AND (k <= 1423302))

table 6 : explain SELECT k, c FROM sbtest6 WHERE k BETWEEN 1423202 AND 1423302
	Bitmap Heap Scan on sbtest6  (cost=5.44..393.74 rows=98 width=125)
	  Recheck Cond: ((k >= 1423202) AND (k <= 1423302))
	  ->  Bitmap Index Scan on k_6  (cost=0.00..5.42 rows=98 width=0)
	        Index Cond: ((k >= 1423202) AND (k <= 1423302))

table 7 : explain SELECT k, c FROM sbtest7 WHERE k BETWEEN 1423202 AND 1423302
	Bitmap Heap Scan on sbtest7  (cost=5.48..409.60 rows=102 width=125)
	  Recheck Cond: ((k >= 1423202) AND (k <= 1423302))
	  ->  Bitmap Index Scan on k_7  (cost=0.00..5.45 rows=102 width=0)
	        Index Cond: ((k >= 1423202) AND (k <= 1423302))

table 8 : explain SELECT k, c FROM sbtest8 WHERE k BETWEEN 1423202 AND 1423302
	Bitmap Heap Scan on sbtest8  (cost=5.51..421.31 rows=105 width=125)
	  Recheck Cond: ((k >= 1423202) AND (k <= 1423302))
	  ->  Bitmap Index Scan on k_8  (cost=0.00..5.48 rows=105 width=0)
	        Index Cond: ((k >= 1423202) AND (k <= 1423302))

explain: for range-notcovered :: explain SELECT k, c FROM sbtest%d WHERE k BETWEEN 5264729 AND 5264829
for range-notcovered
table 1 : explain SELECT k, c FROM sbtest1 WHERE k BETWEEN 6715165 AND 6715265
	Bitmap Heap Scan on sbtest1  (cost=5.45..397.71 rows=99 width=125)
	  Recheck Cond: ((k >= 6715165) AND (k <= 6715265))
	  ->  Bitmap Index Scan on k_1  (cost=0.00..5.42 rows=99 width=0)
	        Index Cond: ((k >= 6715165) AND (k <= 6715265))

table 2 : explain SELECT k, c FROM sbtest2 WHERE k BETWEEN 6715165 AND 6715265
	Bitmap Heap Scan on sbtest2  (cost=5.40..377.88 rows=94 width=125)
	  Recheck Cond: ((k >= 6715165) AND (k <= 6715265))
	  ->  Bitmap Index Scan on k_2  (cost=0.00..5.38 rows=94 width=0)
	        Index Cond: ((k >= 6715165) AND (k <= 6715265))

table 3 : explain SELECT k, c FROM sbtest3 WHERE k BETWEEN 6715165 AND 6715265
	Bitmap Heap Scan on sbtest3  (cost=5.60..456.95 rows=114 width=125)
	  Recheck Cond: ((k >= 6715165) AND (k <= 6715265))
	  ->  Bitmap Index Scan on k_3  (cost=0.00..5.58 rows=114 width=0)
	        Index Cond: ((k >= 6715165) AND (k <= 6715265))

table 4 : explain SELECT k, c FROM sbtest4 WHERE k BETWEEN 6715165 AND 6715265
	Bitmap Heap Scan on sbtest4  (cost=5.56..441.20 rows=110 width=125)
	  Recheck Cond: ((k >= 6715165) AND (k <= 6715265))
	  ->  Bitmap Index Scan on k_4  (cost=0.00..5.53 rows=110 width=0)
	        Index Cond: ((k >= 6715165) AND (k <= 6715265))

table 5 : explain SELECT k, c FROM sbtest5 WHERE k BETWEEN 6715165 AND 6715265
	Bitmap Heap Scan on sbtest5  (cost=5.41..382.00 rows=95 width=125)
	  Recheck Cond: ((k >= 6715165) AND (k <= 6715265))
	  ->  Bitmap Index Scan on k_5  (cost=0.00..5.38 rows=95 width=0)
	        Index Cond: ((k >= 6715165) AND (k <= 6715265))

table 6 : explain SELECT k, c FROM sbtest6 WHERE k BETWEEN 6715165 AND 6715265
	Bitmap Heap Scan on sbtest6  (cost=5.47..405.58 rows=101 width=125)
	  Recheck Cond: ((k >= 6715165) AND (k <= 6715265))
	  ->  Bitmap Index Scan on k_6  (cost=0.00..5.44 rows=101 width=0)
	        Index Cond: ((k >= 6715165) AND (k <= 6715265))

table 7 : explain SELECT k, c FROM sbtest7 WHERE k BETWEEN 6715165 AND 6715265
	Bitmap Heap Scan on sbtest7  (cost=5.42..385.92 rows=96 width=125)
	  Recheck Cond: ((k >= 6715165) AND (k <= 6715265))
	  ->  Bitmap Index Scan on k_7  (cost=0.00..5.39 rows=96 width=0)
	        Index Cond: ((k >= 6715165) AND (k <= 6715265))

table 8 : explain SELECT k, c FROM sbtest8 WHERE k BETWEEN 6715165 AND 6715265
	Bitmap Heap Scan on sbtest8  (cost=5.52..425.25 rows=106 width=125)
	  Recheck Cond: ((k >= 6715165) AND (k <= 6715265))
	  ->  Bitmap Index Scan on k_8  (cost=0.00..5.50 rows=106 width=0)
	        Index Cond: ((k >= 6715165) AND (k <= 6715265))

for range-notcovered
table 1 : explain SELECT k, c FROM sbtest1 WHERE k BETWEEN 1887775 AND 1887875
	Bitmap Heap Scan on sbtest1  (cost=5.49..413.49 rows=103 width=125)
	  Recheck Cond: ((k >= 1887775) AND (k <= 1887875))
	  ->  Bitmap Index Scan on k_1  (cost=0.00..5.46 rows=103 width=0)
	        Index Cond: ((k >= 1887775) AND (k <= 1887875))

table 2 : explain SELECT k, c FROM sbtest2 WHERE k BETWEEN 1887775 AND 1887875
	Bitmap Heap Scan on sbtest2  (cost=5.55..437.03 rows=109 width=125)
	  Recheck Cond: ((k >= 1887775) AND (k <= 1887875))
	  ->  Bitmap Index Scan on k_2  (cost=0.00..5.52 rows=109 width=0)
	        Index Cond: ((k >= 1887775) AND (k <= 1887875))

table 3 : explain SELECT k, c FROM sbtest3 WHERE k BETWEEN 1887775 AND 1887875
	Bitmap Heap Scan on sbtest3  (cost=5.45..397.79 rows=99 width=125)
	  Recheck Cond: ((k >= 1887775) AND (k <= 1887875))
	  ->  Bitmap Index Scan on k_3  (cost=0.00..5.42 rows=99 width=0)
	        Index Cond: ((k >= 1887775) AND (k <= 1887875))

table 4 : explain SELECT k, c FROM sbtest4 WHERE k BETWEEN 1887775 AND 1887875
	Bitmap Heap Scan on sbtest4  (cost=5.48..409.64 rows=102 width=125)
	  Recheck Cond: ((k >= 1887775) AND (k <= 1887875))
	  ->  Bitmap Index Scan on k_4  (cost=0.00..5.45 rows=102 width=0)
	        Index Cond: ((k >= 1887775) AND (k <= 1887875))

table 5 : explain SELECT k, c FROM sbtest5 WHERE k BETWEEN 1887775 AND 1887875
	Bitmap Heap Scan on sbtest5  (cost=5.49..413.57 rows=103 width=125)
	  Recheck Cond: ((k >= 1887775) AND (k <= 1887875))
	  ->  Bitmap Index Scan on k_5  (cost=0.00..5.46 rows=103 width=0)
	        Index Cond: ((k >= 1887775) AND (k <= 1887875))

table 6 : explain SELECT k, c FROM sbtest6 WHERE k BETWEEN 1887775 AND 1887875
	Bitmap Heap Scan on sbtest6  (cost=5.54..433.18 rows=108 width=125)
	  Recheck Cond: ((k >= 1887775) AND (k <= 1887875))
	  ->  Bitmap Index Scan on k_6  (cost=0.00..5.51 rows=108 width=0)
	        Index Cond: ((k >= 1887775) AND (k <= 1887875))

table 7 : explain SELECT k, c FROM sbtest7 WHERE k BETWEEN 1887775 AND 1887875
	Bitmap Heap Scan on sbtest7  (cost=5.45..397.76 rows=99 width=125)
	  Recheck Cond: ((k >= 1887775) AND (k <= 1887875))
	  ->  Bitmap Index Scan on k_7  (cost=0.00..5.42 rows=99 width=0)
	        Index Cond: ((k >= 1887775) AND (k <= 1887875))

table 8 : explain SELECT k, c FROM sbtest8 WHERE k BETWEEN 1887775 AND 1887875
	Bitmap Heap Scan on sbtest8  (cost=5.53..429.19 rows=107 width=125)
	  Recheck Cond: ((k >= 1887775) AND (k <= 1887875))
	  ->  Bitmap Index Scan on k_8  (cost=0.00..5.50 rows=107 width=0)
	        Index Cond: ((k >= 1887775) AND (k <= 1887875))

explain: for range-notcovered :: explain SELECT k, c FROM sbtest%d WHERE k BETWEEN 6715165 AND 6715265
for range-notcovered
table 1 : explain SELECT k, c FROM sbtest1 WHERE k BETWEEN 6485586 AND 6485686
	Bitmap Heap Scan on sbtest1  (cost=5.40..377.97 rows=94 width=125)
	  Recheck Cond: ((k >= 6485586) AND (k <= 6485686))
	  ->  Bitmap Index Scan on k_1  (cost=0.00..5.38 rows=94 width=0)
	        Index Cond: ((k >= 6485586) AND (k <= 6485686))

table 2 : explain SELECT k, c FROM sbtest2 WHERE k BETWEEN 6485586 AND 6485686
	Bitmap Heap Scan on sbtest2  (cost=5.48..409.43 rows=102 width=125)
	  Recheck Cond: ((k >= 6485586) AND (k <= 6485686))
	  ->  Bitmap Index Scan on k_2  (cost=0.00..5.45 rows=102 width=0)
	        Index Cond: ((k >= 6485586) AND (k <= 6485686))

table 3 : explain SELECT k, c FROM sbtest3 WHERE k BETWEEN 6485586 AND 6485686
	Bitmap Heap Scan on sbtest3  (cost=5.50..417.52 rows=104 width=125)
	  Recheck Cond: ((k >= 6485586) AND (k <= 6485686))
	  ->  Bitmap Index Scan on k_3  (cost=0.00..5.47 rows=104 width=0)
	        Index Cond: ((k >= 6485586) AND (k <= 6485686))

table 4 : explain SELECT k, c FROM sbtest4 WHERE k BETWEEN 6485586 AND 6485686
	Bitmap Heap Scan on sbtest4  (cost=5.55..437.25 rows=109 width=125)
	  Recheck Cond: ((k >= 6485586) AND (k <= 6485686))
	  ->  Bitmap Index Scan on k_4  (cost=0.00..5.52 rows=109 width=0)
	        Index Cond: ((k >= 6485586) AND (k <= 6485686))

table 5 : explain SELECT k, c FROM sbtest5 WHERE k BETWEEN 6485586 AND 6485686
	Bitmap Heap Scan on sbtest5  (cost=5.45..397.79 rows=99 width=125)
	  Recheck Cond: ((k >= 6485586) AND (k <= 6485686))
	  ->  Bitmap Index Scan on k_5  (cost=0.00..5.42 rows=99 width=0)
	        Index Cond: ((k >= 6485586) AND (k <= 6485686))

table 6 : explain SELECT k, c FROM sbtest6 WHERE k BETWEEN 6485586 AND 6485686
	Bitmap Heap Scan on sbtest6  (cost=5.41..381.90 rows=95 width=125)
	  Recheck Cond: ((k >= 6485586) AND (k <= 6485686))
	  ->  Bitmap Index Scan on k_6  (cost=0.00..5.38 rows=95 width=0)
	        Index Cond: ((k >= 6485586) AND (k <= 6485686))

table 7 : explain SELECT k, c FROM sbtest7 WHERE k BETWEEN 6485586 AND 6485686
	Bitmap Heap Scan on sbtest7  (cost=5.43..389.86 rows=97 width=125)
	  Recheck Cond: ((k >= 6485586) AND (k <= 6485686))
	  ->  Bitmap Index Scan on k_7  (cost=0.00..5.40 rows=97 width=0)
	        Index Cond: ((k >= 6485586) AND (k <= 6485686))

table 8 : explain SELECT k, c FROM sbtest8 WHERE k BETWEEN 6485586 AND 6485686
	Bitmap Heap Scan on sbtest8  (cost=5.40..377.92 rows=94 width=125)
	  Recheck Cond: ((k >= 6485586) AND (k <= 6485686))
	  ->  Bitmap Index Scan on k_8  (cost=0.00..5.38 rows=94 width=0)
	        Index Cond: ((k >= 6485586) AND (k <= 6485686))

for range-notcovered
table 1 : explain SELECT k, c FROM sbtest1 WHERE k BETWEEN 2385200 AND 2385300
	Bitmap Heap Scan on sbtest1  (cost=5.54..433.21 rows=108 width=125)
	  Recheck Cond: ((k >= 2385200) AND (k <= 2385300))
	  ->  Bitmap Index Scan on k_1  (cost=0.00..5.51 rows=108 width=0)
	        Index Cond: ((k >= 2385200) AND (k <= 2385300))

table 2 : explain SELECT k, c FROM sbtest2 WHERE k BETWEEN 2385200 AND 2385300
	Bitmap Heap Scan on sbtest2  (cost=5.46..401.55 rows=100 width=125)
	  Recheck Cond: ((k >= 2385200) AND (k <= 2385300))
	  ->  Bitmap Index Scan on k_2  (cost=0.00..5.43 rows=100 width=0)
	        Index Cond: ((k >= 2385200) AND (k <= 2385300))

table 3 : explain SELECT k, c FROM sbtest3 WHERE k BETWEEN 2385200 AND 2385300
	Bitmap Heap Scan on sbtest3  (cost=5.41..382.00 rows=95 width=125)
	  Recheck Cond: ((k >= 2385200) AND (k <= 2385300))
	  ->  Bitmap Index Scan on k_3  (cost=0.00..5.38 rows=95 width=0)
	        Index Cond: ((k >= 2385200) AND (k <= 2385300))

table 4 : explain SELECT k, c FROM sbtest4 WHERE k BETWEEN 2385200 AND 2385300
	Bitmap Heap Scan on sbtest4  (cost=5.44..393.85 rows=98 width=125)
	  Recheck Cond: ((k >= 2385200) AND (k <= 2385300))
	  ->  Bitmap Index Scan on k_4  (cost=0.00..5.42 rows=98 width=0)
	        Index Cond: ((k >= 2385200) AND (k <= 2385300))

table 5 : explain SELECT k, c FROM sbtest5 WHERE k BETWEEN 2385200 AND 2385300
	Bitmap Heap Scan on sbtest5  (cost=5.49..413.57 rows=103 width=125)
	  Recheck Cond: ((k >= 2385200) AND (k <= 2385300))
	  ->  Bitmap Index Scan on k_5  (cost=0.00..5.46 rows=103 width=0)
	        Index Cond: ((k >= 2385200) AND (k <= 2385300))

table 6 : explain SELECT k, c FROM sbtest6 WHERE k BETWEEN 2385200 AND 2385300
	Bitmap Heap Scan on sbtest6  (cost=5.56..441.06 rows=110 width=125)
	  Recheck Cond: ((k >= 2385200) AND (k <= 2385300))
	  ->  Bitmap Index Scan on k_6  (cost=0.00..5.53 rows=110 width=0)
	        Index Cond: ((k >= 2385200) AND (k <= 2385300))

table 7 : explain SELECT k, c FROM sbtest7 WHERE k BETWEEN 2385200 AND 2385300
	Bitmap Heap Scan on sbtest7  (cost=5.44..393.81 rows=98 width=125)
	  Recheck Cond: ((k >= 2385200) AND (k <= 2385300))
	  ->  Bitmap Index Scan on k_7  (cost=0.00..5.42 rows=98 width=0)
	        Index Cond: ((k >= 2385200) AND (k <= 2385300))

table 8 : explain SELECT k, c FROM sbtest8 WHERE k BETWEEN 2385200 AND 2385300
	Bitmap Heap Scan on sbtest8  (cost=5.51..421.31 rows=105 width=125)
	  Recheck Cond: ((k >= 2385200) AND (k <= 2385300))
	  ->  Bitmap Index Scan on k_8  (cost=0.00..5.48 rows=105 width=0)
	        Index Cond: ((k >= 2385200) AND (k <= 2385300))

for range-notcovered
table 1 : explain SELECT k, c FROM sbtest1 WHERE k BETWEEN 5264729 AND 5264829
	Bitmap Heap Scan on sbtest1  (cost=5.49..413.49 rows=103 width=125)
	  Recheck Cond: ((k >= 5264729) AND (k <= 5264829))
	  ->  Bitmap Index Scan on k_1  (cost=0.00..5.46 rows=103 width=0)
	        Index Cond: ((k >= 5264729) AND (k <= 5264829))

table 2 : explain SELECT k, c FROM sbtest2 WHERE k BETWEEN 5264729 AND 5264829
	Bitmap Heap Scan on sbtest2  (cost=5.52..425.20 rows=106 width=125)
	  Recheck Cond: ((k >= 5264729) AND (k <= 5264829))
	  ->  Bitmap Index Scan on k_2  (cost=0.00..5.50 rows=106 width=0)
	        Index Cond: ((k >= 5264729) AND (k <= 5264829))

table 3 : explain SELECT k, c FROM sbtest3 WHERE k BETWEEN 5264729 AND 5264829
	Bitmap Heap Scan on sbtest3  (cost=5.51..421.47 rows=105 width=125)
	  Recheck Cond: ((k >= 5264729) AND (k <= 5264829))
	  ->  Bitmap Index Scan on k_3  (cost=0.00..5.48 rows=105 width=0)
	        Index Cond: ((k >= 5264729) AND (k <= 5264829))

table 4 : explain SELECT k, c FROM sbtest4 WHERE k BETWEEN 5264729 AND 5264829
	Bitmap Heap Scan on sbtest4  (cost=5.50..417.53 rows=104 width=125)
	  Recheck Cond: ((k >= 5264729) AND (k <= 5264829))
	  ->  Bitmap Index Scan on k_4  (cost=0.00..5.47 rows=104 width=0)
	        Index Cond: ((k >= 5264729) AND (k <= 5264829))

table 5 : explain SELECT k, c FROM sbtest5 WHERE k BETWEEN 5264729 AND 5264829
	Bitmap Heap Scan on sbtest5  (cost=5.41..382.00 rows=95 width=125)
	  Recheck Cond: ((k >= 5264729) AND (k <= 5264829))
	  ->  Bitmap Index Scan on k_5  (cost=0.00..5.38 rows=95 width=0)
	        Index Cond: ((k >= 5264729) AND (k <= 5264829))

table 6 : explain SELECT k, c FROM sbtest6 WHERE k BETWEEN 5264729 AND 5264829
	Bitmap Heap Scan on sbtest6  (cost=5.38..370.06 rows=92 width=125)
	  Recheck Cond: ((k >= 5264729) AND (k <= 5264829))
	  ->  Bitmap Index Scan on k_6  (cost=0.00..5.35 rows=92 width=0)
	        Index Cond: ((k >= 5264729) AND (k <= 5264829))

table 7 : explain SELECT k, c FROM sbtest7 WHERE k BETWEEN 5264729 AND 5264829
	Bitmap Heap Scan on sbtest7  (cost=5.50..417.49 rows=104 width=125)
	  Recheck Cond: ((k >= 5264729) AND (k <= 5264829))
	  ->  Bitmap Index Scan on k_7  (cost=0.00..5.47 rows=104 width=0)
	        Index Cond: ((k >= 5264729) AND (k <= 5264829))

table 8 : explain SELECT k, c FROM sbtest8 WHERE k BETWEEN 5264729 AND 5264829
	Bitmap Heap Scan on sbtest8  (cost=5.46..401.59 rows=100 width=125)
	  Recheck Cond: ((k >= 5264729) AND (k <= 5264829))
	  ->  Bitmap Index Scan on k_8  (cost=0.00..5.43 rows=100 width=0)
	        Index Cond: ((k >= 5264729) AND (k <= 5264829))

explain: for range-notcovered :: explain SELECT k, c FROM sbtest%d WHERE k BETWEEN 6485586 AND 6485686
explain: for range-notcovered :: explain SELECT k, c FROM sbtest%d WHERE k BETWEEN 2385200 AND 2385300
for range-notcovered
table 1 : explain SELECT k, c FROM sbtest1 WHERE k BETWEEN 6715165 AND 6715265
	Bitmap Heap Scan on sbtest1  (cost=5.45..397.71 rows=99 width=125)
	  Recheck Cond: ((k >= 6715165) AND (k <= 6715265))
	  ->  Bitmap Index Scan on k_1  (cost=0.00..5.42 rows=99 width=0)
	        Index Cond: ((k >= 6715165) AND (k <= 6715265))

table 2 : explain SELECT k, c FROM sbtest2 WHERE k BETWEEN 6715165 AND 6715265
	Bitmap Heap Scan on sbtest2  (cost=5.40..377.88 rows=94 width=125)
	  Recheck Cond: ((k >= 6715165) AND (k <= 6715265))
	  ->  Bitmap Index Scan on k_2  (cost=0.00..5.38 rows=94 width=0)
	        Index Cond: ((k >= 6715165) AND (k <= 6715265))

table 3 : explain SELECT k, c FROM sbtest3 WHERE k BETWEEN 6715165 AND 6715265
	Bitmap Heap Scan on sbtest3  (cost=5.60..456.95 rows=114 width=125)
	  Recheck Cond: ((k >= 6715165) AND (k <= 6715265))
	  ->  Bitmap Index Scan on k_3  (cost=0.00..5.58 rows=114 width=0)
	        Index Cond: ((k >= 6715165) AND (k <= 6715265))

table 4 : explain SELECT k, c FROM sbtest4 WHERE k BETWEEN 6715165 AND 6715265
	Bitmap Heap Scan on sbtest4  (cost=5.56..441.20 rows=110 width=125)
	  Recheck Cond: ((k >= 6715165) AND (k <= 6715265))
	  ->  Bitmap Index Scan on k_4  (cost=0.00..5.53 rows=110 width=0)
	        Index Cond: ((k >= 6715165) AND (k <= 6715265))

table 5 : explain SELECT k, c FROM sbtest5 WHERE k BETWEEN 6715165 AND 6715265
	Bitmap Heap Scan on sbtest5  (cost=5.41..382.00 rows=95 width=125)
	  Recheck Cond: ((k >= 6715165) AND (k <= 6715265))
	  ->  Bitmap Index Scan on k_5  (cost=0.00..5.38 rows=95 width=0)
	        Index Cond: ((k >= 6715165) AND (k <= 6715265))

table 6 : explain SELECT k, c FROM sbtest6 WHERE k BETWEEN 6715165 AND 6715265
	Bitmap Heap Scan on sbtest6  (cost=5.47..405.58 rows=101 width=125)
	  Recheck Cond: ((k >= 6715165) AND (k <= 6715265))
	  ->  Bitmap Index Scan on k_6  (cost=0.00..5.44 rows=101 width=0)
	        Index Cond: ((k >= 6715165) AND (k <= 6715265))

table 7 : explain SELECT k, c FROM sbtest7 WHERE k BETWEEN 6715165 AND 6715265
	Bitmap Heap Scan on sbtest7  (cost=5.42..385.92 rows=96 width=125)
	  Recheck Cond: ((k >= 6715165) AND (k <= 6715265))
	  ->  Bitmap Index Scan on k_7  (cost=0.00..5.39 rows=96 width=0)
	        Index Cond: ((k >= 6715165) AND (k <= 6715265))

table 8 : explain SELECT k, c FROM sbtest8 WHERE k BETWEEN 6715165 AND 6715265
	Bitmap Heap Scan on sbtest8  (cost=5.52..425.25 rows=106 width=125)
	  Recheck Cond: ((k >= 6715165) AND (k <= 6715265))
	  ->  Bitmap Index Scan on k_8  (cost=0.00..5.50 rows=106 width=0)
	        Index Cond: ((k >= 6715165) AND (k <= 6715265))

explain: for range-notcovered :: explain SELECT k, c FROM sbtest%d WHERE k BETWEEN 6715165 AND 6715265
for range-notcovered
table 1 : explain SELECT k, c FROM sbtest1 WHERE k BETWEEN 6485586 AND 6485686
	Bitmap Heap Scan on sbtest1  (cost=5.40..377.97 rows=94 width=125)
	  Recheck Cond: ((k >= 6485586) AND (k <= 6485686))
	  ->  Bitmap Index Scan on k_1  (cost=0.00..5.38 rows=94 width=0)
	        Index Cond: ((k >= 6485586) AND (k <= 6485686))

table 2 : explain SELECT k, c FROM sbtest2 WHERE k BETWEEN 6485586 AND 6485686
	Bitmap Heap Scan on sbtest2  (cost=5.48..409.43 rows=102 width=125)
	  Recheck Cond: ((k >= 6485586) AND (k <= 6485686))
	  ->  Bitmap Index Scan on k_2  (cost=0.00..5.45 rows=102 width=0)
	        Index Cond: ((k >= 6485586) AND (k <= 6485686))

table 3 : explain SELECT k, c FROM sbtest3 WHERE k BETWEEN 6485586 AND 6485686
	Bitmap Heap Scan on sbtest3  (cost=5.50..417.52 rows=104 width=125)
	  Recheck Cond: ((k >= 6485586) AND (k <= 6485686))
	  ->  Bitmap Index Scan on k_3  (cost=0.00..5.47 rows=104 width=0)
	        Index Cond: ((k >= 6485586) AND (k <= 6485686))

table 4 : explain SELECT k, c FROM sbtest4 WHERE k BETWEEN 6485586 AND 6485686
	Bitmap Heap Scan on sbtest4  (cost=5.55..437.25 rows=109 width=125)
	  Recheck Cond: ((k >= 6485586) AND (k <= 6485686))
	  ->  Bitmap Index Scan on k_4  (cost=0.00..5.52 rows=109 width=0)
	        Index Cond: ((k >= 6485586) AND (k <= 6485686))

table 5 : explain SELECT k, c FROM sbtest5 WHERE k BETWEEN 6485586 AND 6485686
	Bitmap Heap Scan on sbtest5  (cost=5.45..397.79 rows=99 width=125)
	  Recheck Cond: ((k >= 6485586) AND (k <= 6485686))
	  ->  Bitmap Index Scan on k_5  (cost=0.00..5.42 rows=99 width=0)
	        Index Cond: ((k >= 6485586) AND (k <= 6485686))

table 6 : explain SELECT k, c FROM sbtest6 WHERE k BETWEEN 6485586 AND 6485686
	Bitmap Heap Scan on sbtest6  (cost=5.41..381.90 rows=95 width=125)
	  Recheck Cond: ((k >= 6485586) AND (k <= 6485686))
	  ->  Bitmap Index Scan on k_6  (cost=0.00..5.38 rows=95 width=0)
	        Index Cond: ((k >= 6485586) AND (k <= 6485686))

table 7 : explain SELECT k, c FROM sbtest7 WHERE k BETWEEN 6485586 AND 6485686
	Bitmap Heap Scan on sbtest7  (cost=5.43..389.86 rows=97 width=125)
	  Recheck Cond: ((k >= 6485586) AND (k <= 6485686))
	  ->  Bitmap Index Scan on k_7  (cost=0.00..5.40 rows=97 width=0)
	        Index Cond: ((k >= 6485586) AND (k <= 6485686))

table 8 : explain SELECT k, c FROM sbtest8 WHERE k BETWEEN 6485586 AND 6485686
	Bitmap Heap Scan on sbtest8  (cost=5.40..377.92 rows=94 width=125)
	  Recheck Cond: ((k >= 6485586) AND (k <= 6485686))
	  ->  Bitmap Index Scan on k_8  (cost=0.00..5.38 rows=94 width=0)
	        Index Cond: ((k >= 6485586) AND (k <= 6485686))
for range-notcovered
table 1 : explain SELECT k, c FROM sbtest1 WHERE k BETWEEN 2385200 AND 2385300
	Bitmap Heap Scan on sbtest1  (cost=5.54..433.21 rows=108 width=125)
	  Recheck Cond: ((k >= 2385200) AND (k <= 2385300))
	  ->  Bitmap Index Scan on k_1  (cost=0.00..5.51 rows=108 width=0)
	        Index Cond: ((k >= 2385200) AND (k <= 2385300))

table 2 : explain SELECT k, c FROM sbtest2 WHERE k BETWEEN 2385200 AND 2385300
	Bitmap Heap Scan on sbtest2  (cost=5.46..401.55 rows=100 width=125)
	  Recheck Cond: ((k >= 2385200) AND (k <= 2385300))
	  ->  Bitmap Index Scan on k_2  (cost=0.00..5.43 rows=100 width=0)
	        Index Cond: ((k >= 2385200) AND (k <= 2385300))

table 3 : explain SELECT k, c FROM sbtest3 WHERE k BETWEEN 2385200 AND 2385300
	Bitmap Heap Scan on sbtest3  (cost=5.41..382.00 rows=95 width=125)
	  Recheck Cond: ((k >= 2385200) AND (k <= 2385300))
	  ->  Bitmap Index Scan on k_3  (cost=0.00..5.38 rows=95 width=0)
	        Index Cond: ((k >= 2385200) AND (k <= 2385300))

table 4 : explain SELECT k, c FROM sbtest4 WHERE k BETWEEN 2385200 AND 2385300
	Bitmap Heap Scan on sbtest4  (cost=5.44..393.85 rows=98 width=125)
	  Recheck Cond: ((k >= 2385200) AND (k <= 2385300))
	  ->  Bitmap Index Scan on k_4  (cost=0.00..5.42 rows=98 width=0)
	        Index Cond: ((k >= 2385200) AND (k <= 2385300))

table 5 : explain SELECT k, c FROM sbtest5 WHERE k BETWEEN 2385200 AND 2385300
	Bitmap Heap Scan on sbtest5  (cost=5.49..413.57 rows=103 width=125)
	  Recheck Cond: ((k >= 2385200) AND (k <= 2385300))
	  ->  Bitmap Index Scan on k_5  (cost=0.00..5.46 rows=103 width=0)
	        Index Cond: ((k >= 2385200) AND (k <= 2385300))

table 6 : explain SELECT k, c FROM sbtest6 WHERE k BETWEEN 2385200 AND 2385300
	Bitmap Heap Scan on sbtest6  (cost=5.56..441.06 rows=110 width=125)
	  Recheck Cond: ((k >= 2385200) AND (k <= 2385300))
	  ->  Bitmap Index Scan on k_6  (cost=0.00..5.53 rows=110 width=0)
	        Index Cond: ((k >= 2385200) AND (k <= 2385300))

table 7 : explain SELECT k, c FROM sbtest7 WHERE k BETWEEN 2385200 AND 2385300
	Bitmap Heap Scan on sbtest7  (cost=5.44..393.81 rows=98 width=125)
	  Recheck Cond: ((k >= 2385200) AND (k <= 2385300))
	  ->  Bitmap Index Scan on k_7  (cost=0.00..5.42 rows=98 width=0)
	        Index Cond: ((k >= 2385200) AND (k <= 2385300))

table 8 : explain SELECT k, c FROM sbtest8 WHERE k BETWEEN 2385200 AND 2385300
	Bitmap Heap Scan on sbtest8  (cost=5.51..421.31 rows=105 width=125)
	  Recheck Cond: ((k >= 2385200) AND (k <= 2385300))
	  ->  Bitmap Index Scan on k_8  (cost=0.00..5.48 rows=105 width=0)
	        Index Cond: ((k >= 2385200) AND (k <= 2385300))


for range-notcovered
table 1 : explain SELECT k, c FROM sbtest1 WHERE k BETWEEN 6715165 AND 6715265
	Bitmap Heap Scan on sbtest1  (cost=5.45..397.71 rows=99 width=125)
	  Recheck Cond: ((k >= 6715165) AND (k <= 6715265))
	  ->  Bitmap Index Scan on k_1  (cost=0.00..5.42 rows=99 width=0)
	        Index Cond: ((k >= 6715165) AND (k <= 6715265))

table 2 : explain SELECT k, c FROM sbtest2 WHERE k BETWEEN 6715165 AND 6715265
	Bitmap Heap Scan on sbtest2  (cost=5.40..377.88 rows=94 width=125)
	  Recheck Cond: ((k >= 6715165) AND (k <= 6715265))
	  ->  Bitmap Index Scan on k_2  (cost=0.00..5.38 rows=94 width=0)
	        Index Cond: ((k >= 6715165) AND (k <= 6715265))

table 3 : explain SELECT k, c FROM sbtest3 WHERE k BETWEEN 6715165 AND 6715265
	Bitmap Heap Scan on sbtest3  (cost=5.60..456.95 rows=114 width=125)
	  Recheck Cond: ((k >= 6715165) AND (k <= 6715265))
	  ->  Bitmap Index Scan on k_3  (cost=0.00..5.58 rows=114 width=0)
	        Index Cond: ((k >= 6715165) AND (k <= 6715265))

table 4 : explain SELECT k, c FROM sbtest4 WHERE k BETWEEN 6715165 AND 6715265
	Bitmap Heap Scan on sbtest4  (cost=5.56..441.20 rows=110 width=125)
	  Recheck Cond: ((k >= 6715165) AND (k <= 6715265))
	  ->  Bitmap Index Scan on k_4  (cost=0.00..5.53 rows=110 width=0)
	        Index Cond: ((k >= 6715165) AND (k <= 6715265))

table 5 : explain SELECT k, c FROM sbtest5 WHERE k BETWEEN 6715165 AND 6715265
	Bitmap Heap Scan on sbtest5  (cost=5.41..382.00 rows=95 width=125)
	  Recheck Cond: ((k >= 6715165) AND (k <= 6715265))
	  ->  Bitmap Index Scan on k_5  (cost=0.00..5.38 rows=95 width=0)
	        Index Cond: ((k >= 6715165) AND (k <= 6715265))

table 6 : explain SELECT k, c FROM sbtest6 WHERE k BETWEEN 6715165 AND 6715265
	Bitmap Heap Scan on sbtest6  (cost=5.47..405.58 rows=101 width=125)
	  Recheck Cond: ((k >= 6715165) AND (k <= 6715265))
	  ->  Bitmap Index Scan on k_6  (cost=0.00..5.44 rows=101 width=0)
	        Index Cond: ((k >= 6715165) AND (k <= 6715265))

table 7 : explain SELECT k, c FROM sbtest7 WHERE k BETWEEN 6715165 AND 6715265
	Bitmap Heap Scan on sbtest7  (cost=5.42..385.92 rows=96 width=125)
	  Recheck Cond: ((k >= 6715165) AND (k <= 6715265))
	  ->  Bitmap Index Scan on k_7  (cost=0.00..5.39 rows=96 width=0)
	        Index Cond: ((k >= 6715165) AND (k <= 6715265))

table 8 : explain SELECT k, c FROM sbtest8 WHERE k BETWEEN 6715165 AND 6715265
	Bitmap Heap Scan on sbtest8  (cost=5.52..425.25 rows=106 width=125)
	  Recheck Cond: ((k >= 6715165) AND (k <= 6715265))
	  ->  Bitmap Index Scan on k_8  (cost=0.00..5.50 rows=106 width=0)
	        Index Cond: ((k >= 6715165) AND (k <= 6715265))

explain: for range-notcovered :: explain SELECT k, c FROM sbtest%d WHERE k BETWEEN 2385200 AND 2385300
explain: for range-notcovered :: explain SELECT k, c FROM sbtest%d WHERE k BETWEEN 6485586 AND 6485686
explain: for range-notcovered :: explain SELECT k, c FROM sbtest%d WHERE k BETWEEN 6715165 AND 6715265
for range-notcovered
table 1 : explain SELECT k, c FROM sbtest1 WHERE k BETWEEN 6715165 AND 6715265
	Bitmap Heap Scan on sbtest1  (cost=5.45..397.71 rows=99 width=125)
	  Recheck Cond: ((k >= 6715165) AND (k <= 6715265))
	  ->  Bitmap Index Scan on k_1  (cost=0.00..5.42 rows=99 width=0)
	        Index Cond: ((k >= 6715165) AND (k <= 6715265))

table 2 : explain SELECT k, c FROM sbtest2 WHERE k BETWEEN 6715165 AND 6715265
	Bitmap Heap Scan on sbtest2  (cost=5.40..377.88 rows=94 width=125)
	  Recheck Cond: ((k >= 6715165) AND (k <= 6715265))
	  ->  Bitmap Index Scan on k_2  (cost=0.00..5.38 rows=94 width=0)
	        Index Cond: ((k >= 6715165) AND (k <= 6715265))

table 3 : explain SELECT k, c FROM sbtest3 WHERE k BETWEEN 6715165 AND 6715265
	Bitmap Heap Scan on sbtest3  (cost=5.60..456.95 rows=114 width=125)
	  Recheck Cond: ((k >= 6715165) AND (k <= 6715265))
	  ->  Bitmap Index Scan on k_3  (cost=0.00..5.58 rows=114 width=0)
	        Index Cond: ((k >= 6715165) AND (k <= 6715265))

table 4 : explain SELECT k, c FROM sbtest4 WHERE k BETWEEN 6715165 AND 6715265
	Bitmap Heap Scan on sbtest4  (cost=5.56..441.20 rows=110 width=125)
	  Recheck Cond: ((k >= 6715165) AND (k <= 6715265))
	  ->  Bitmap Index Scan on k_4  (cost=0.00..5.53 rows=110 width=0)
	        Index Cond: ((k >= 6715165) AND (k <= 6715265))

table 5 : explain SELECT k, c FROM sbtest5 WHERE k BETWEEN 6715165 AND 6715265
	Bitmap Heap Scan on sbtest5  (cost=5.41..382.00 rows=95 width=125)
	  Recheck Cond: ((k >= 6715165) AND (k <= 6715265))
	  ->  Bitmap Index Scan on k_5  (cost=0.00..5.38 rows=95 width=0)
	        Index Cond: ((k >= 6715165) AND (k <= 6715265))

table 6 : explain SELECT k, c FROM sbtest6 WHERE k BETWEEN 6715165 AND 6715265
	Bitmap Heap Scan on sbtest6  (cost=5.47..405.58 rows=101 width=125)
	  Recheck Cond: ((k >= 6715165) AND (k <= 6715265))
	  ->  Bitmap Index Scan on k_6  (cost=0.00..5.44 rows=101 width=0)
	        Index Cond: ((k >= 6715165) AND (k <= 6715265))

table 7 : explain SELECT k, c FROM sbtest7 WHERE k BETWEEN 6715165 AND 6715265
	Bitmap Heap Scan on sbtest7  (cost=5.42..385.92 rows=96 width=125)
	  Recheck Cond: ((k >= 6715165) AND (k <= 6715265))
	  ->  Bitmap Index Scan on k_7  (cost=0.00..5.39 rows=96 width=0)
	        Index Cond: ((k >= 6715165) AND (k <= 6715265))

table 8 : explain SELECT k, c FROM sbtest8 WHERE k BETWEEN 6715165 AND 6715265
	Bitmap Heap Scan on sbtest8  (cost=5.52..425.25 rows=106 width=125)
	  Recheck Cond: ((k >= 6715165) AND (k <= 6715265))
	  ->  Bitmap Index Scan on k_8  (cost=0.00..5.50 rows=106 width=0)
	        Index Cond: ((k >= 6715165) AND (k <= 6715265))

for range-notcovered
table 1 : explain SELECT k, c FROM sbtest1 WHERE k BETWEEN 2385200 AND 2385300
	Bitmap Heap Scan on sbtest1  (cost=5.54..433.21 rows=108 width=125)
	  Recheck Cond: ((k >= 2385200) AND (k <= 2385300))
	  ->  Bitmap Index Scan on k_1  (cost=0.00..5.51 rows=108 width=0)
	        Index Cond: ((k >= 2385200) AND (k <= 2385300))

table 2 : explain SELECT k, c FROM sbtest2 WHERE k BETWEEN 2385200 AND 2385300
	Bitmap Heap Scan on sbtest2  (cost=5.46..401.55 rows=100 width=125)
	  Recheck Cond: ((k >= 2385200) AND (k <= 2385300))
	  ->  Bitmap Index Scan on k_2  (cost=0.00..5.43 rows=100 width=0)
	        Index Cond: ((k >= 2385200) AND (k <= 2385300))

table 3 : explain SELECT k, c FROM sbtest3 WHERE k BETWEEN 2385200 AND 2385300
	Bitmap Heap Scan on sbtest3  (cost=5.41..382.00 rows=95 width=125)
	  Recheck Cond: ((k >= 2385200) AND (k <= 2385300))
	  ->  Bitmap Index Scan on k_3  (cost=0.00..5.38 rows=95 width=0)
	        Index Cond: ((k >= 2385200) AND (k <= 2385300))

table 4 : explain SELECT k, c FROM sbtest4 WHERE k BETWEEN 2385200 AND 2385300
	Bitmap Heap Scan on sbtest4  (cost=5.44..393.85 rows=98 width=125)
	  Recheck Cond: ((k >= 2385200) AND (k <= 2385300))
	  ->  Bitmap Index Scan on k_4  (cost=0.00..5.42 rows=98 width=0)
	        Index Cond: ((k >= 2385200) AND (k <= 2385300))

table 5 : explain SELECT k, c FROM sbtest5 WHERE k BETWEEN 2385200 AND 2385300
	Bitmap Heap Scan on sbtest5  (cost=5.49..413.57 rows=103 width=125)
	  Recheck Cond: ((k >= 2385200) AND (k <= 2385300))
	  ->  Bitmap Index Scan on k_5  (cost=0.00..5.46 rows=103 width=0)
	        Index Cond: ((k >= 2385200) AND (k <= 2385300))

table 6 : explain SELECT k, c FROM sbtest6 WHERE k BETWEEN 2385200 AND 2385300
	Bitmap Heap Scan on sbtest6  (cost=5.56..441.06 rows=110 width=125)
	  Recheck Cond: ((k >= 2385200) AND (k <= 2385300))
	  ->  Bitmap Index Scan on k_6  (cost=0.00..5.53 rows=110 width=0)
	        Index Cond: ((k >= 2385200) AND (k <= 2385300))

table 7 : explain SELECT k, c FROM sbtest7 WHERE k BETWEEN 2385200 AND 2385300
	Bitmap Heap Scan on sbtest7  (cost=5.44..393.81 rows=98 width=125)
	  Recheck Cond: ((k >= 2385200) AND (k <= 2385300))
	  ->  Bitmap Index Scan on k_7  (cost=0.00..5.42 rows=98 width=0)
	        Index Cond: ((k >= 2385200) AND (k <= 2385300))

table 8 : explain SELECT k, c FROM sbtest8 WHERE k BETWEEN 2385200 AND 2385300
	Bitmap Heap Scan on sbtest8  (cost=5.51..421.31 rows=105 width=125)
	  Recheck Cond: ((k >= 2385200) AND (k <= 2385300))
	  ->  Bitmap Index Scan on k_8  (cost=0.00..5.48 rows=105 width=0)
	        Index Cond: ((k >= 2385200) AND (k <= 2385300))

for range-notcovered
table 1 : explain SELECT k, c FROM sbtest1 WHERE k BETWEEN 6485586 AND 6485686
	Bitmap Heap Scan on sbtest1  (cost=5.40..377.97 rows=94 width=125)
	  Recheck Cond: ((k >= 6485586) AND (k <= 6485686))
	  ->  Bitmap Index Scan on k_1  (cost=0.00..5.38 rows=94 width=0)
	        Index Cond: ((k >= 6485586) AND (k <= 6485686))

table 2 : explain SELECT k, c FROM sbtest2 WHERE k BETWEEN 6485586 AND 6485686
	Bitmap Heap Scan on sbtest2  (cost=5.48..409.43 rows=102 width=125)
	  Recheck Cond: ((k >= 6485586) AND (k <= 6485686))
	  ->  Bitmap Index Scan on k_2  (cost=0.00..5.45 rows=102 width=0)
	        Index Cond: ((k >= 6485586) AND (k <= 6485686))

table 3 : explain SELECT k, c FROM sbtest3 WHERE k BETWEEN 6485586 AND 6485686
	Bitmap Heap Scan on sbtest3  (cost=5.50..417.52 rows=104 width=125)
	  Recheck Cond: ((k >= 6485586) AND (k <= 6485686))
	  ->  Bitmap Index Scan on k_3  (cost=0.00..5.47 rows=104 width=0)
	        Index Cond: ((k >= 6485586) AND (k <= 6485686))

table 4 : explain SELECT k, c FROM sbtest4 WHERE k BETWEEN 6485586 AND 6485686
	Bitmap Heap Scan on sbtest4  (cost=5.55..437.25 rows=109 width=125)
	  Recheck Cond: ((k >= 6485586) AND (k <= 6485686))
	  ->  Bitmap Index Scan on k_4  (cost=0.00..5.52 rows=109 width=0)
	        Index Cond: ((k >= 6485586) AND (k <= 6485686))

table 5 : explain SELECT k, c FROM sbtest5 WHERE k BETWEEN 6485586 AND 6485686
	Bitmap Heap Scan on sbtest5  (cost=5.45..397.79 rows=99 width=125)
	  Recheck Cond: ((k >= 6485586) AND (k <= 6485686))
	  ->  Bitmap Index Scan on k_5  (cost=0.00..5.42 rows=99 width=0)
	        Index Cond: ((k >= 6485586) AND (k <= 6485686))

table 6 : explain SELECT k, c FROM sbtest6 WHERE k BETWEEN 6485586 AND 6485686
	Bitmap Heap Scan on sbtest6  (cost=5.41..381.90 rows=95 width=125)
	  Recheck Cond: ((k >= 6485586) AND (k <= 6485686))
	  ->  Bitmap Index Scan on k_6  (cost=0.00..5.38 rows=95 width=0)
	        Index Cond: ((k >= 6485586) AND (k <= 6485686))

table 7 : explain SELECT k, c FROM sbtest7 WHERE k BETWEEN 6485586 AND 6485686
	Bitmap Heap Scan on sbtest7  (cost=5.43..389.86 rows=97 width=125)
	  Recheck Cond: ((k >= 6485586) AND (k <= 6485686))
	  ->  Bitmap Index Scan on k_7  (cost=0.00..5.40 rows=97 width=0)
	        Index Cond: ((k >= 6485586) AND (k <= 6485686))

table 8 : explain SELECT k, c FROM sbtest8 WHERE k BETWEEN 6485586 AND 6485686
	Bitmap Heap Scan on sbtest8  (cost=5.40..377.92 rows=94 width=125)
	  Recheck Cond: ((k >= 6485586) AND (k <= 6485686))
	  ->  Bitmap Index Scan on k_8  (cost=0.00..5.38 rows=94 width=0)
	        Index Cond: ((k >= 6485586) AND (k <= 6485686))

explain: for range-notcovered :: explain SELECT k, c FROM sbtest%d WHERE k BETWEEN 2385200 AND 2385300
for range-notcovered
table 1 : explain SELECT k, c FROM sbtest1 WHERE k BETWEEN 2385200 AND 2385300
	Bitmap Heap Scan on sbtest1  (cost=5.54..433.21 rows=108 width=125)
	  Recheck Cond: ((k >= 2385200) AND (k <= 2385300))
	  ->  Bitmap Index Scan on k_1  (cost=0.00..5.51 rows=108 width=0)
	        Index Cond: ((k >= 2385200) AND (k <= 2385300))

table 2 : explain SELECT k, c FROM sbtest2 WHERE k BETWEEN 2385200 AND 2385300
	Bitmap Heap Scan on sbtest2  (cost=5.46..401.55 rows=100 width=125)
	  Recheck Cond: ((k >= 2385200) AND (k <= 2385300))
	  ->  Bitmap Index Scan on k_2  (cost=0.00..5.43 rows=100 width=0)
	        Index Cond: ((k >= 2385200) AND (k <= 2385300))

table 3 : explain SELECT k, c FROM sbtest3 WHERE k BETWEEN 2385200 AND 2385300
	Bitmap Heap Scan on sbtest3  (cost=5.41..382.00 rows=95 width=125)
	  Recheck Cond: ((k >= 2385200) AND (k <= 2385300))
	  ->  Bitmap Index Scan on k_3  (cost=0.00..5.38 rows=95 width=0)
	        Index Cond: ((k >= 2385200) AND (k <= 2385300))

table 4 : explain SELECT k, c FROM sbtest4 WHERE k BETWEEN 2385200 AND 2385300
	Bitmap Heap Scan on sbtest4  (cost=5.44..393.85 rows=98 width=125)
	  Recheck Cond: ((k >= 2385200) AND (k <= 2385300))
	  ->  Bitmap Index Scan on k_4  (cost=0.00..5.42 rows=98 width=0)
	        Index Cond: ((k >= 2385200) AND (k <= 2385300))

table 5 : explain SELECT k, c FROM sbtest5 WHERE k BETWEEN 2385200 AND 2385300
	Bitmap Heap Scan on sbtest5  (cost=5.49..413.57 rows=103 width=125)
	  Recheck Cond: ((k >= 2385200) AND (k <= 2385300))
	  ->  Bitmap Index Scan on k_5  (cost=0.00..5.46 rows=103 width=0)
	        Index Cond: ((k >= 2385200) AND (k <= 2385300))

table 6 : explain SELECT k, c FROM sbtest6 WHERE k BETWEEN 2385200 AND 2385300
	Bitmap Heap Scan on sbtest6  (cost=5.56..441.06 rows=110 width=125)
	  Recheck Cond: ((k >= 2385200) AND (k <= 2385300))
	  ->  Bitmap Index Scan on k_6  (cost=0.00..5.53 rows=110 width=0)
	        Index Cond: ((k >= 2385200) AND (k <= 2385300))

table 7 : explain SELECT k, c FROM sbtest7 WHERE k BETWEEN 2385200 AND 2385300
	Bitmap Heap Scan on sbtest7  (cost=5.44..393.81 rows=98 width=125)
	  Recheck Cond: ((k >= 2385200) AND (k <= 2385300))
	  ->  Bitmap Index Scan on k_7  (cost=0.00..5.42 rows=98 width=0)
	        Index Cond: ((k >= 2385200) AND (k <= 2385300))

table 8 : explain SELECT k, c FROM sbtest8 WHERE k BETWEEN 2385200 AND 2385300
	Bitmap Heap Scan on sbtest8  (cost=5.51..421.31 rows=105 width=125)
	  Recheck Cond: ((k >= 2385200) AND (k <= 2385300))
	  ->  Bitmap Index Scan on k_8  (cost=0.00..5.48 rows=105 width=0)
	        Index Cond: ((k >= 2385200) AND (k <= 2385300))

explain: for range-notcovered :: explain SELECT k, c FROM sbtest%d WHERE k BETWEEN 2385200 AND 2385300
for range-notcovered
table 1 : explain SELECT k, c FROM sbtest1 WHERE k BETWEEN 2385200 AND 2385300
	Bitmap Heap Scan on sbtest1  (cost=5.54..433.21 rows=108 width=125)
	  Recheck Cond: ((k >= 2385200) AND (k <= 2385300))
	  ->  Bitmap Index Scan on k_1  (cost=0.00..5.51 rows=108 width=0)
	        Index Cond: ((k >= 2385200) AND (k <= 2385300))

table 2 : explain SELECT k, c FROM sbtest2 WHERE k BETWEEN 2385200 AND 2385300
	Bitmap Heap Scan on sbtest2  (cost=5.46..401.55 rows=100 width=125)
	  Recheck Cond: ((k >= 2385200) AND (k <= 2385300))
	  ->  Bitmap Index Scan on k_2  (cost=0.00..5.43 rows=100 width=0)
	        Index Cond: ((k >= 2385200) AND (k <= 2385300))

table 3 : explain SELECT k, c FROM sbtest3 WHERE k BETWEEN 2385200 AND 2385300
	Bitmap Heap Scan on sbtest3  (cost=5.41..382.00 rows=95 width=125)
	  Recheck Cond: ((k >= 2385200) AND (k <= 2385300))
	  ->  Bitmap Index Scan on k_3  (cost=0.00..5.38 rows=95 width=0)
	        Index Cond: ((k >= 2385200) AND (k <= 2385300))

table 4 : explain SELECT k, c FROM sbtest4 WHERE k BETWEEN 2385200 AND 2385300
	Bitmap Heap Scan on sbtest4  (cost=5.44..393.85 rows=98 width=125)
	  Recheck Cond: ((k >= 2385200) AND (k <= 2385300))
	  ->  Bitmap Index Scan on k_4  (cost=0.00..5.42 rows=98 width=0)
	        Index Cond: ((k >= 2385200) AND (k <= 2385300))

table 5 : explain SELECT k, c FROM sbtest5 WHERE k BETWEEN 2385200 AND 2385300
	Bitmap Heap Scan on sbtest5  (cost=5.49..413.57 rows=103 width=125)
	  Recheck Cond: ((k >= 2385200) AND (k <= 2385300))
	  ->  Bitmap Index Scan on k_5  (cost=0.00..5.46 rows=103 width=0)
	        Index Cond: ((k >= 2385200) AND (k <= 2385300))

table 6 : explain SELECT k, c FROM sbtest6 WHERE k BETWEEN 2385200 AND 2385300
	Bitmap Heap Scan on sbtest6  (cost=5.56..441.06 rows=110 width=125)
	  Recheck Cond: ((k >= 2385200) AND (k <= 2385300))
	  ->  Bitmap Index Scan on k_6  (cost=0.00..5.53 rows=110 width=0)
	        Index Cond: ((k >= 2385200) AND (k <= 2385300))

table 7 : explain SELECT k, c FROM sbtest7 WHERE k BETWEEN 2385200 AND 2385300
	Bitmap Heap Scan on sbtest7  (cost=5.44..393.81 rows=98 width=125)
	  Recheck Cond: ((k >= 2385200) AND (k <= 2385300))
	  ->  Bitmap Index Scan on k_7  (cost=0.00..5.42 rows=98 width=0)
	        Index Cond: ((k >= 2385200) AND (k <= 2385300))

table 8 : explain SELECT k, c FROM sbtest8 WHERE k BETWEEN 2385200 AND 2385300
	Bitmap Heap Scan on sbtest8  (cost=5.51..421.31 rows=105 width=125)
	  Recheck Cond: ((k >= 2385200) AND (k <= 2385300))
	  ->  Bitmap Index Scan on k_8  (cost=0.00..5.48 rows=105 width=0)
	        Index Cond: ((k >= 2385200) AND (k <= 2385300))

Threads started!

Warming up for 5 seconds...

SQL statistics:
    queries performed:
        read:                            101655145
        write:                           0
        other:                           0
        total:                           101655145
    transactions:                        101655145 (161355.86 per sec.)
    queries:                             101655145 (161355.86 per sec.)
    ignored errors:                      0      (0.00 per sec.)
    reconnects:                          0      (0.00 per sec.)

Throughput:
    events/s (eps):                      161355.8573
    time elapsed:                        630.0060s
    total number of events:              101655145

Latency (ms):
         min:                                    0.08
         avg:                                    0.25
         max:                                   24.29
         95th percentile:                        0.28
         sum:                             25159858.15

Threads fairness:
    events (avg/stddev):           2541375.5500/7735.58
    execution time (avg/stddev):   628.9965/0.02

