LUA_PATH=/home/mdcallag/git/mytools/bench/sysbench.lua/lua/?.lua /home/mdcallag/git/mytools/bench/sysbench.lua/lua/sysbench --db-driver=pgsql --range-size=1000 --table-size=10000000 --tables=8 --threads=40 --events=0 --warmup-time=5 --time=630 --pgsql_conn_id=true /home/mdcallag/git/mytools/bench/sysbench.lua/lua/oltp_read_only.lua run --pgsql-user=root --pgsql-password=pw --pgsql-host=127.0.0.1 --pgsql-db=ib --rand-type=uniform --simple-ranges=0 --sum-ranges=0 --order-ranges=0 --distinct-ranges=1
48 CPUs
sysbench 1.1.0-9072687 (using bundled LuaJIT 2.1.0-beta3)

Running the test with following options:
Number of threads: 40
Warmup time: 5s
Initializing random number generator from current time


Initializing worker threads...

explain: for point_selects :: explain SELECT c FROM sbtest%u WHERE id=%u
explain: for point_selects :: explain SELECT c FROM sbtest%u WHERE id=%u
explain: for point_selects :: explain SELECT c FROM sbtest%u WHERE id=%u
explain: for point_selects :: explain SELECT c FROM sbtest%u WHERE id=%u
for point_selects
table 1 : explain SELECT c FROM sbtest1 WHERE id=4992816
	Index Scan using sbtest1_pkey on sbtest1  (cost=0.43..8.45 rows=1 width=121)
	  Index Cond: (id = 4992816)

table 2 : explain SELECT c FROM sbtest2 WHERE id=2094248
	Index Scan using sbtest2_pkey on sbtest2  (cost=0.43..8.45 rows=1 width=121)
	  Index Cond: (id = 2094248)

table 3 : explain SELECT c FROM sbtest3 WHERE id=1137475
	Index Scan using sbtest3_pkey on sbtest3  (cost=0.43..8.45 rows=1 width=121)
	  Index Cond: (id = 1137475)

table 4 : explain SELECT c FROM sbtest4 WHERE id=3168480
	Index Scan using sbtest4_pkey on sbtest4  (cost=0.43..8.45 rows=1 width=121)
	  Index Cond: (id = 3168480)

table 5 : explain SELECT c FROM sbtest5 WHERE id=7668241
	Index Scan using sbtest5_pkey on sbtest5  (cost=0.43..8.45 rows=1 width=121)
	  Index Cond: (id = 7668241)

table 6 : explain SELECT c FROM sbtest6 WHERE id=5005270
	Index Scan using sbtest6_pkey on sbtest6  (cost=0.43..8.45 rows=1 width=121)
	  Index Cond: (id = 5005270)

table 7 : explain SELECT c FROM sbtest7 WHERE id=6132314
	Index Scan using sbtest7_pkey on sbtest7  (cost=0.43..8.45 rows=1 width=121)
	  Index Cond: (id = 6132314)

table 8 : explain SELECT c FROM sbtest8 WHERE id=5631591
	Index Scan using sbtest8_pkey on sbtest8  (cost=0.43..8.45 rows=1 width=121)
	  Index Cond: (id = 5631591)

for: simple_ranges
table 1 : explain SELECT c FROM sbtest1 WHERE id BETWEEN 6080742 AND 6081741
	Bitmap Heap Scan on sbtest1  (cost=34.65..3866.86 rows=997 width=121)
	  Recheck Cond: ((id >= 6080742) AND (id <= 6081741))
	  ->  Bitmap Index Scan on sbtest1_pkey  (cost=0.00..34.41 rows=997 width=0)
	        Index Cond: ((id >= 6080742) AND (id <= 6081741))

table 2 : explain SELECT c FROM sbtest2 WHERE id BETWEEN 9075451 AND 9076450
	Bitmap Heap Scan on sbtest2  (cost=34.58..3837.07 rows=990 width=121)
	  Recheck Cond: ((id >= 9075451) AND (id <= 9076450))
	  ->  Bitmap Index Scan on sbtest2_pkey  (cost=0.00..34.34 rows=990 width=0)
	        Index Cond: ((id >= 9075451) AND (id <= 9076450))

table 3 : explain SELECT c FROM sbtest3 WHERE id BETWEEN 4237556 AND 4238555
	Bitmap Heap Scan on sbtest3  (cost=34.98..3990.22 rows=1029 width=121)
	  Recheck Cond: ((id >= 4237556) AND (id <= 4238555))
	  ->  Bitmap Index Scan on sbtest3_pkey  (cost=0.00..34.73 rows=1029 width=0)
	        Index Cond: ((id >= 4237556) AND (id <= 4238555))

table 4 : explain SELECT c FROM sbtest4 WHERE id BETWEEN 8133666 AND 8134665
	Bitmap Heap Scan on sbtest4  (cost=34.14..3680.60 rows=947 width=121)
	  Recheck Cond: ((id >= 8133666) AND (id <= 8134665))
	  ->  Bitmap Index Scan on sbtest4_pkey  (cost=0.00..33.91 rows=947 width=0)
	        Index Cond: ((id >= 8133666) AND (id <= 8134665))

table 5 : explain SELECT c FROM sbtest5 WHERE id BETWEEN 6072372 AND 6073371
	Bitmap Heap Scan on sbtest5  (cost=34.53..3824.00 rows=985 width=121)
	  Recheck Cond: ((id >= 6072372) AND (id <= 6073371))
	  ->  Bitmap Index Scan on sbtest5_pkey  (cost=0.00..34.29 rows=985 width=0)
	        Index Cond: ((id >= 6072372) AND (id <= 6073371))

table 6 : explain SELECT c FROM sbtest6 WHERE id BETWEEN 8318207 AND 8319206
	Bitmap Heap Scan on sbtest6  (cost=35.26..4088.48 rows=1056 width=121)
	  Recheck Cond: ((id >= 8318207) AND (id <= 8319206))
	  ->  Bitmap Index Scan on sbtest6_pkey  (cost=0.00..35.00 rows=1056 width=0)
	        Index Cond: ((id >= 8318207) AND (id <= 8319206))

table 7 : explain SELECT c FROM sbtest7 WHERE id BETWEEN 6832943 AND 6833942
	Bitmap Heap Scan on sbtest7  (cost=34.95..3977.90 rows=1026 width=121)
	  Recheck Cond: ((id >= 6832943) AND (id <= 6833942))
	  ->  Bitmap Index Scan on sbtest7_pkey  (cost=0.00..34.70 rows=1026 width=0)
	        Index Cond: ((id >= 6832943) AND (id <= 6833942))

table 8 : explain SELECT c FROM sbtest8 WHERE id BETWEEN 6014078 AND 6015077
	Bitmap Heap Scan on sbtest8  (cost=34.59..3842.23 rows=991 width=121)
	  Recheck Cond: ((id >= 6014078) AND (id <= 6015077))
	  ->  Bitmap Index Scan on sbtest8_pkey  (cost=0.00..34.34 rows=991 width=0)
	        Index Cond: ((id >= 6014078) AND (id <= 6015077))

for point_selects
table 1 : explain SELECT c FROM sbtest1 WHERE id=8215315
	Index Scan using sbtest1_pkey on sbtest1  (cost=0.43..8.45 rows=1 width=121)
	  Index Cond: (id = 8215315)

table 2 : explain SELECT c FROM sbtest2 WHERE id=6169685
	Index Scan using sbtest2_pkey on sbtest2  (cost=0.43..8.45 rows=1 width=121)
	  Index Cond: (id = 6169685)

table 3 : explain SELECT c FROM sbtest3 WHERE id=7057039
	Index Scan using sbtest3_pkey on sbtest3  (cost=0.43..8.45 rows=1 width=121)
	  Index Cond: (id = 7057039)

table 4 : explain SELECT c FROM sbtest4 WHERE id=3062794
	Index Scan using sbtest4_pkey on sbtest4  (cost=0.43..8.45 rows=1 width=121)
	  Index Cond: (id = 3062794)

table 5 : explain SELECT c FROM sbtest5 WHERE id=1241498
	Index Scan using sbtest5_pkey on sbtest5  (cost=0.43..8.45 rows=1 width=121)
	  Index Cond: (id = 1241498)

table 6 : explain SELECT c FROM sbtest6 WHERE id=853828
	Index Scan using sbtest6_pkey on sbtest6  (cost=0.43..8.45 rows=1 width=121)
	  Index Cond: (id = 853828)

table 7 : explain SELECT c FROM sbtest7 WHERE id=6012781
	Index Scan using sbtest7_pkey on sbtest7  (cost=0.43..8.45 rows=1 width=121)
	  Index Cond: (id = 6012781)

table 8 : explain SELECT c FROM sbtest8 WHERE id=6123268
	Index Scan using sbtest8_pkey on sbtest8  (cost=0.43..8.45 rows=1 width=121)
	  Index Cond: (id = 6123268)

for point_selects
table 1 : explain SELECT c FROM sbtest1 WHERE id=6844070
	Index Scan using sbtest1_pkey on sbtest1  (cost=0.43..8.45 rows=1 width=121)
	  Index Cond: (id = 6844070)

table 2 : explain SELECT c FROM sbtest2 WHERE id=3942997
	Index Scan using sbtest2_pkey on sbtest2  (cost=0.43..8.45 rows=1 width=121)
	  Index Cond: (id = 3942997)

table 3 : explain SELECT c FROM sbtest3 WHERE id=657899
	Index Scan using sbtest3_pkey on sbtest3  (cost=0.43..8.45 rows=1 width=121)
	  Index Cond: (id = 657899)

table 4 : explain SELECT c FROM sbtest4 WHERE id=4921403
	Index Scan using sbtest4_pkey on sbtest4  (cost=0.43..8.45 rows=1 width=121)
	  Index Cond: (id = 4921403)

table 5 : explain SELECT c FROM sbtest5 WHERE id=862290
	Index Scan using sbtest5_pkey on sbtest5  (cost=0.43..8.45 rows=1 width=121)
	  Index Cond: (id = 862290)

table 6 : explain SELECT c FROM sbtest6 WHERE id=6759879
	Index Scan using sbtest6_pkey on sbtest6  (cost=0.43..8.45 rows=1 width=121)
	  Index Cond: (id = 6759879)

table 7 : explain SELECT c FROM sbtest7 WHERE id=3924824
	Index Scan using sbtest7_pkey on sbtest7  (cost=0.43..8.45 rows=1 width=121)
	  Index Cond: (id = 3924824)

table 8 : explain SELECT c FROM sbtest8 WHERE id=6651315
	Index Scan using sbtest8_pkey on sbtest8  (cost=0.43..8.45 rows=1 width=121)
	  Index Cond: (id = 6651315)

for: simple_ranges
table 1 : explain SELECT c FROM sbtest1 WHERE id BETWEEN 1357587 AND 1358586
	Bitmap Heap Scan on sbtest1  (cost=33.94..3602.35 rows=927 width=121)
	  Recheck Cond: ((id >= 1357587) AND (id <= 1358586))
	  ->  Bitmap Index Scan on sbtest1_pkey  (cost=0.00..33.70 rows=927 width=0)
	        Index Cond: ((id >= 1357587) AND (id <= 1358586))

table 2 : explain SELECT c FROM sbtest2 WHERE id BETWEEN 7077320 AND 7078319
	Bitmap Heap Scan on sbtest2  (cost=29.07..3273.68 rows=842 width=121)
	  Recheck Cond: ((id >= 7077320) AND (id <= 7078319))
	  ->  Bitmap Index Scan on sbtest2_pkey  (cost=0.00..28.86 rows=842 width=0)
	        Index Cond: ((id >= 7077320) AND (id <= 7078319))

table 3 : explain SELECT c FROM sbtest3 WHERE id BETWEEN 8398560 AND 8399559
	Bitmap Heap Scan on sbtest3  (cost=34.21..3706.82 rows=954 width=121)
	  Recheck Cond: ((id >= 8398560) AND (id <= 8399559))
	  ->  Bitmap Index Scan on sbtest3_pkey  (cost=0.00..33.98 rows=954 width=0)
	        Index Cond: ((id >= 8398560) AND (id <= 8399559))

table 4 : explain SELECT c FROM sbtest4 WHERE id BETWEEN 7239138 AND 7240137
	Bitmap Heap Scan on sbtest4  (cost=29.71..3517.53 rows=905 width=121)
	  Recheck Cond: ((id >= 7239138) AND (id <= 7240137))
	  ->  Bitmap Index Scan on sbtest4_pkey  (cost=0.00..29.48 rows=905 width=0)
	        Index Cond: ((id >= 7239138) AND (id <= 7240137))

table 5 : explain SELECT c FROM sbtest5 WHERE id BETWEEN 9767411 AND 9768410
	Bitmap Heap Scan on sbtest5  (cost=34.64..3865.57 rows=996 width=121)
	  Recheck Cond: ((id >= 9767411) AND (id <= 9768410))
	  ->  Bitmap Index Scan on sbtest5_pkey  (cost=0.00..34.40 rows=996 width=0)
	        Index Cond: ((id >= 9767411) AND (id <= 9768410))

table 6 : explain SELECT c FROM sbtest6 WHERE id BETWEEN 3734605 AND 3735604
	Bitmap Heap Scan on sbtest6  (cost=34.65..3866.10 rows=997 width=121)
	  Recheck Cond: ((id >= 3734605) AND (id <= 3735604))
	  ->  Bitmap Index Scan on sbtest6_pkey  (cost=0.00..34.41 rows=997 width=0)
	        Index Cond: ((id >= 3734605) AND (id <= 3735604))

table 7 : explain SELECT c FROM sbtest7 WHERE id BETWEEN 1285783 AND 1286782
	Bitmap Heap Scan on sbtest7  (cost=35.45..4162.63 rows=1075 width=121)
	  Recheck Cond: ((id >= 1285783) AND (id <= 1286782))
	  ->  Bitmap Index Scan on sbtest7_pkey  (cost=0.00..35.19 rows=1075 width=0)
	        Index Cond: ((id >= 1285783) AND (id <= 1286782))

table 8 : explain SELECT c FROM sbtest8 WHERE id BETWEEN 5058921 AND 5059920
	Bitmap Heap Scan on sbtest8  (cost=34.57..3834.69 rows=989 width=121)
	  Recheck Cond: ((id >= 5058921) AND (id <= 5059920))
	  ->  Bitmap Index Scan on sbtest8_pkey  (cost=0.00..34.33 rows=989 width=0)
	        Index Cond: ((id >= 5058921) AND (id <= 5059920))

explain: for point_selects :: explain SELECT c FROM sbtest%u WHERE id=%u
for: simple_ranges
table 1 : explain SELECT c FROM sbtest1 WHERE id BETWEEN 4339376 AND 4340375
	Bitmap Heap Scan on sbtest1  (cost=34.25..3719.57 rows=958 width=121)
	  Recheck Cond: ((id >= 4339376) AND (id <= 4340375))
	  ->  Bitmap Index Scan on sbtest1_pkey  (cost=0.00..34.02 rows=958 width=0)
	        Index Cond: ((id >= 4339376) AND (id <= 4340375))

table 2 : explain SELECT c FROM sbtest2 WHERE id BETWEEN 4499200 AND 4500199
	Bitmap Heap Scan on sbtest2  (cost=34.57..3833.30 rows=989 width=121)
	  Recheck Cond: ((id >= 4499200) AND (id <= 4500199))
	  ->  Bitmap Index Scan on sbtest2_pkey  (cost=0.00..34.33 rows=989 width=0)
	        Index Cond: ((id >= 4499200) AND (id <= 4500199))

table 3 : explain SELECT c FROM sbtest3 WHERE id BETWEEN 1744724 AND 1745723
	Bitmap Heap Scan on sbtest3  (cost=33.90..3589.47 rows=923 width=121)
	  Recheck Cond: ((id >= 1744724) AND (id <= 1745723))
	  ->  Bitmap Index Scan on sbtest3_pkey  (cost=0.00..33.67 rows=923 width=0)
	        Index Cond: ((id >= 1744724) AND (id <= 1745723))

table 4 : explain SELECT c FROM sbtest4 WHERE id BETWEEN 2615421 AND 2616420
	Bitmap Heap Scan on sbtest4  (cost=34.15..3684.39 rows=948 width=121)
	  Recheck Cond: ((id >= 2615421) AND (id <= 2616420))
	  ->  Bitmap Index Scan on sbtest4_pkey  (cost=0.00..33.92 rows=948 width=0)
	        Index Cond: ((id >= 2615421) AND (id <= 2616420))

table 5 : explain SELECT c FROM sbtest5 WHERE id BETWEEN 1423869 AND 1424868
	Bitmap Heap Scan on sbtest5  (cost=35.21..4073.17 rows=1051 width=121)
	  Recheck Cond: ((id >= 1423869) AND (id <= 1424868))
	  ->  Bitmap Index Scan on sbtest5_pkey  (cost=0.00..34.95 rows=1051 width=0)
	        Index Cond: ((id >= 1423869) AND (id <= 1424868))

table 6 : explain SELECT c FROM sbtest6 WHERE id BETWEEN 6204563 AND 6205562
	Bitmap Heap Scan on sbtest6  (cost=34.03..3635.71 rows=936 width=121)
	  Recheck Cond: ((id >= 6204563) AND (id <= 6205562))
	  ->  Bitmap Index Scan on sbtest6_pkey  (cost=0.00..33.80 rows=936 width=0)
	        Index Cond: ((id >= 6204563) AND (id <= 6205562))

table 7 : explain SELECT c FROM sbtest7 WHERE id BETWEEN 8461152 AND 8462151
	Bitmap Heap Scan on sbtest7  (cost=39.93..4339.78 rows=1121 width=121)
	  Recheck Cond: ((id >= 8461152) AND (id <= 8462151))
	  ->  Bitmap Index Scan on sbtest7_pkey  (cost=0.00..39.65 rows=1121 width=0)
	        Index Cond: ((id >= 8461152) AND (id <= 8462151))

table 8 : explain SELECT c FROM sbtest8 WHERE id BETWEEN 7039605 AND 7040604
	Bitmap Heap Scan on sbtest8  (cost=39.89..4324.25 rows=1118 width=121)
	  Recheck Cond: ((id >= 7039605) AND (id <= 7040604))
	  ->  Bitmap Index Scan on sbtest8_pkey  (cost=0.00..39.62 rows=1118 width=0)
	        Index Cond: ((id >= 7039605) AND (id <= 7040604))

explain: for point_selects :: explain SELECT c FROM sbtest%u WHERE id=%u
for point_selects
table 1 : explain SELECT c FROM sbtest1 WHERE id=3087576
	Index Scan using sbtest1_pkey on sbtest1  (cost=0.43..8.45 rows=1 width=121)
	  Index Cond: (id = 3087576)

table 2 : explain SELECT c FROM sbtest2 WHERE id=6185163
	Index Scan using sbtest2_pkey on sbtest2  (cost=0.43..8.45 rows=1 width=121)
	  Index Cond: (id = 6185163)

table 3 : explain SELECT c FROM sbtest3 WHERE id=8386502
	Index Scan using sbtest3_pkey on sbtest3  (cost=0.43..8.45 rows=1 width=121)
	  Index Cond: (id = 8386502)

table 4 : explain SELECT c FROM sbtest4 WHERE id=7694634
	Index Scan using sbtest4_pkey on sbtest4  (cost=0.43..8.45 rows=1 width=121)
	  Index Cond: (id = 7694634)

table 5 : explain SELECT c FROM sbtest5 WHERE id=2580488
	Index Scan using sbtest5_pkey on sbtest5  (cost=0.43..8.45 rows=1 width=121)
	  Index Cond: (id = 2580488)

table 6 : explain SELECT c FROM sbtest6 WHERE id=3728433
	Index Scan using sbtest6_pkey on sbtest6  (cost=0.43..8.45 rows=1 width=121)
	  Index Cond: (id = 3728433)

table 7 : explain SELECT c FROM sbtest7 WHERE id=3972905
	Index Scan using sbtest7_pkey on sbtest7  (cost=0.43..8.45 rows=1 width=121)
	  Index Cond: (id = 3972905)

table 8 : explain SELECT c FROM sbtest8 WHERE id=7126849
	Index Scan using sbtest8_pkey on sbtest8  (cost=0.43..8.45 rows=1 width=121)
	  Index Cond: (id = 7126849)

explain: for point_selects :: explain SELECT c FROM sbtest%u WHERE id=%u
explain: for point_selects :: explain SELECT c FROM sbtest%u WHERE id=%u
for: sum_ranges
table 1 : explain SELECT SUM(k) FROM sbtest1 WHERE id BETWEEN 7982734 AND 7983733
	Aggregate  (cost=3797.57..3797.58 rows=1 width=8)
	  ->  Bitmap Heap Scan on sbtest1  (cost=34.46..3795.12 rows=978 width=4)
	        Recheck Cond: ((id >= 7982734) AND (id <= 7983733))
	        ->  Bitmap Index Scan on sbtest1_pkey  (cost=0.00..34.22 rows=978 width=0)
	              Index Cond: ((id >= 7982734) AND (id <= 7983733))

table 2 : explain SELECT SUM(k) FROM sbtest2 WHERE id BETWEEN 8061902 AND 8062901
	Aggregate  (cost=3918.74..3918.75 rows=1 width=8)
	  ->  Bitmap Heap Scan on sbtest2  (cost=34.80..3916.21 rows=1011 width=4)
	        Recheck Cond: ((id >= 8061902) AND (id <= 8062901))
	        ->  Bitmap Index Scan on sbtest2_pkey  (cost=0.00..34.55 rows=1011 width=0)
	              Index Cond: ((id >= 8061902) AND (id <= 8062901))

table 3 : explain SELECT SUM(k) FROM sbtest3 WHERE id BETWEEN 4205807 AND 4206806
	Aggregate  (cost=3992.79..3992.80 rows=1 width=8)
	  ->  Bitmap Heap Scan on sbtest3  (cost=34.98..3990.22 rows=1029 width=4)
	        Recheck Cond: ((id >= 4205807) AND (id <= 4206806))
	        ->  Bitmap Index Scan on sbtest3_pkey  (cost=0.00..34.73 rows=1029 width=0)
	              Index Cond: ((id >= 4205807) AND (id <= 4206806))

table 4 : explain SELECT SUM(k) FROM sbtest4 WHERE id BETWEEN 6283044 AND 6284043
	Aggregate  (cost=3637.51..3637.52 rows=1 width=8)
	  ->  Bitmap Heap Scan on sbtest4  (cost=34.02..3635.18 rows=935 width=4)
	        Recheck Cond: ((id >= 6283044) AND (id <= 6284043))
	        ->  Bitmap Index Scan on sbtest4_pkey  (cost=0.00..33.79 rows=935 width=0)
	              Index Cond: ((id >= 6283044) AND (id <= 6284043))

table 5 : explain SELECT SUM(k) FROM sbtest5 WHERE id BETWEEN 7873129 AND 7874128
	Aggregate  (cost=3477.79..3477.80 rows=1 width=8)
	  ->  Bitmap Heap Scan on sbtest5  (cost=29.60..3475.56 rows=894 width=4)
	        Recheck Cond: ((id >= 7873129) AND (id <= 7874128))
	        ->  Bitmap Index Scan on sbtest5_pkey  (cost=0.00..29.37 rows=894 width=0)
	              Index Cond: ((id >= 7873129) AND (id <= 7874128))

table 6 : explain SELECT SUM(k) FROM sbtest6 WHERE id BETWEEN 233654 AND 234653
	Aggregate  (cost=4087.36..4087.37 rows=1 width=8)
	  ->  Bitmap Heap Scan on sbtest6  (cost=35.25..4084.72 rows=1055 width=4)
	        Recheck Cond: ((id >= 233654) AND (id <= 234653))
	        ->  Bitmap Index Scan on sbtest6_pkey  (cost=0.00..34.98 rows=1055 width=0)
	              Index Cond: ((id >= 233654) AND (id <= 234653))

table 7 : explain SELECT SUM(k) FROM sbtest7 WHERE id BETWEEN 7809576 AND 7810575
	Aggregate  (cost=3568.20..3568.21 rows=1 width=8)
	  ->  Bitmap Heap Scan on sbtest7  (cost=33.83..3565.91 rows=917 width=4)
	        Recheck Cond: ((id >= 7809576) AND (id <= 7810575))
	        ->  Bitmap Index Scan on sbtest7_pkey  (cost=0.00..33.61 rows=917 width=0)
	              Index Cond: ((id >= 7809576) AND (id <= 7810575))

table 8 : explain SELECT SUM(k) FROM sbtest8 WHERE id BETWEEN 78611 AND 79610
	Aggregate  (cost=3519.42..3519.43 rows=1 width=8)
	  ->  Bitmap Heap Scan on sbtest8  (cost=29.72..3517.16 rows=906 width=4)
	        Recheck Cond: ((id >= 78611) AND (id <= 79610))
	        ->  Bitmap Index Scan on sbtest8_pkey  (cost=0.00..29.50 rows=906 width=0)
	              Index Cond: ((id >= 78611) AND (id <= 79610))

for: simple_ranges
table 1 : explain SELECT c FROM sbtest1 WHERE id BETWEEN 1128089 AND 1129088
	Bitmap Heap Scan on sbtest1  (cost=35.49..4175.91 rows=1079 width=121)
	  Recheck Cond: ((id >= 1128089) AND (id <= 1129088))
	  ->  Bitmap Index Scan on sbtest1_pkey  (cost=0.00..35.23 rows=1079 width=0)
	        Index Cond: ((id >= 1128089) AND (id <= 1129088))

table 2 : explain SELECT c FROM sbtest2 WHERE id BETWEEN 8548818 AND 8549817
	Bitmap Heap Scan on sbtest2  (cost=35.14..4040.46 rows=1044 width=121)
	  Recheck Cond: ((id >= 8548818) AND (id <= 8549817))
	  ->  Bitmap Index Scan on sbtest2_pkey  (cost=0.00..34.88 rows=1044 width=0)
	        Index Cond: ((id >= 8548818) AND (id <= 8549817))

table 3 : explain SELECT c FROM sbtest3 WHERE id BETWEEN 2904206 AND 2905205
	Bitmap Heap Scan on sbtest3  (cost=34.67..3876.94 rows=999 width=121)
	  Recheck Cond: ((id >= 2904206) AND (id <= 2905205))
	  ->  Bitmap Index Scan on sbtest3_pkey  (cost=0.00..34.43 rows=999 width=0)
	        Index Cond: ((id >= 2904206) AND (id <= 2905205))

table 4 : explain SELECT c FROM sbtest4 WHERE id BETWEEN 8235483 AND 8236482
	Bitmap Heap Scan on sbtest4  (cost=35.05..4016.94 rows=1036 width=121)
	  Recheck Cond: ((id >= 8235483) AND (id <= 8236482))
	  ->  Bitmap Index Scan on sbtest4_pkey  (cost=0.00..34.80 rows=1036 width=0)
	        Index Cond: ((id >= 8235483) AND (id <= 8236482))

table 5 : explain SELECT c FROM sbtest5 WHERE id BETWEEN 3379098 AND 3380097
	Bitmap Heap Scan on sbtest5  (cost=34.35..3755.96 rows=967 width=121)
	  Recheck Cond: ((id >= 3379098) AND (id <= 3380097))
	  ->  Bitmap Index Scan on sbtest5_pkey  (cost=0.00..34.11 rows=967 width=0)
	        Index Cond: ((id >= 3379098) AND (id <= 3380097))

table 6 : explain SELECT c FROM sbtest6 WHERE id BETWEEN 935676 AND 936675
	Bitmap Heap Scan on sbtest6  (cost=34.30..3733.97 rows=962 width=121)
	  Recheck Cond: ((id >= 935676) AND (id <= 936675))
	  ->  Bitmap Index Scan on sbtest6_pkey  (cost=0.00..34.06 rows=962 width=0)
	        Index Cond: ((id >= 935676) AND (id <= 936675))

table 7 : explain SELECT c FROM sbtest7 WHERE id BETWEEN 4887397 AND 4888396
	Bitmap Heap Scan on sbtest7  (cost=34.06..3649.19 rows=939 width=121)
	  Recheck Cond: ((id >= 4887397) AND (id <= 4888396))
	  ->  Bitmap Index Scan on sbtest7_pkey  (cost=0.00..33.83 rows=939 width=0)
	        Index Cond: ((id >= 4887397) AND (id <= 4888396))

table 8 : explain SELECT c FROM sbtest8 WHERE id BETWEEN 6498015 AND 6499014
	Bitmap Heap Scan on sbtest8  (cost=35.05..4011.84 rows=1036 width=121)
	  Recheck Cond: ((id >= 6498015) AND (id <= 6499014))
	  ->  Bitmap Index Scan on sbtest8_pkey  (cost=0.00..34.80 rows=1036 width=0)
	        Index Cond: ((id >= 6498015) AND (id <= 6499014))

for point_selects
table 1 : explain SELECT c FROM sbtest1 WHERE id=5570515
	Index Scan using sbtest1_pkey on sbtest1  (cost=0.43..8.45 rows=1 width=121)
	  Index Cond: (id = 5570515)

table 2 : explain SELECT c FROM sbtest2 WHERE id=1430768
	Index Scan using sbtest2_pkey on sbtest2  (cost=0.43..8.45 rows=1 width=121)
	  Index Cond: (id = 1430768)

table 3 : explain SELECT c FROM sbtest3 WHERE id=9637872
	Index Scan using sbtest3_pkey on sbtest3  (cost=0.43..8.45 rows=1 width=121)
	  Index Cond: (id = 9637872)

table 4 : explain SELECT c FROM sbtest4 WHERE id=6257335
	Index Scan using sbtest4_pkey on sbtest4  (cost=0.43..8.45 rows=1 width=121)
	  Index Cond: (id = 6257335)

table 5 : explain SELECT c FROM sbtest5 WHERE id=7915204
	Index Scan using sbtest5_pkey on sbtest5  (cost=0.43..8.45 rows=1 width=121)
	  Index Cond: (id = 7915204)

table 6 : explain SELECT c FROM sbtest6 WHERE id=3803529
	Index Scan using sbtest6_pkey on sbtest6  (cost=0.43..8.45 rows=1 width=121)
	  Index Cond: (id = 3803529)

table 7 : explain SELECT c FROM sbtest7 WHERE id=8667535
	Index Scan using sbtest7_pkey on sbtest7  (cost=0.43..8.45 rows=1 width=121)
	  Index Cond: (id = 8667535)

table 8 : explain SELECT c FROM sbtest8 WHERE id=7817805
	Index Scan using sbtest8_pkey on sbtest8  (cost=0.43..8.45 rows=1 width=121)
	  Index Cond: (id = 7817805)

explain: for point_selects :: explain SELECT c FROM sbtest%u WHERE id=%u
explain: for point_selects :: explain SELECT c FROM sbtest%u WHERE id=%u
for point_selects
table 1 : explain SELECT c FROM sbtest1 WHERE id=3442026
	Index Scan using sbtest1_pkey on sbtest1  (cost=0.43..8.45 rows=1 width=121)
	  Index Cond: (id = 3442026)

table 2 : explain SELECT c FROM sbtest2 WHERE id=3229782
	Index Scan using sbtest2_pkey on sbtest2  (cost=0.43..8.45 rows=1 width=121)
	  Index Cond: (id = 3229782)

table 3 : explain SELECT c FROM sbtest3 WHERE id=7142721
	Index Scan using sbtest3_pkey on sbtest3  (cost=0.43..8.45 rows=1 width=121)
	  Index Cond: (id = 7142721)

table 4 : explain SELECT c FROM sbtest4 WHERE id=782271
	Index Scan using sbtest4_pkey on sbtest4  (cost=0.43..8.45 rows=1 width=121)
	  Index Cond: (id = 782271)

table 5 : explain SELECT c FROM sbtest5 WHERE id=1648363
	Index Scan using sbtest5_pkey on sbtest5  (cost=0.43..8.45 rows=1 width=121)
	  Index Cond: (id = 1648363)

table 6 : explain SELECT c FROM sbtest6 WHERE id=2742948
	Index Scan using sbtest6_pkey on sbtest6  (cost=0.43..8.45 rows=1 width=121)
	  Index Cond: (id = 2742948)

table 7 : explain SELECT c FROM sbtest7 WHERE id=2359344
	Index Scan using sbtest7_pkey on sbtest7  (cost=0.43..8.45 rows=1 width=121)
	  Index Cond: (id = 2359344)

table 8 : explain SELECT c FROM sbtest8 WHERE id=3765841
	Index Scan using sbtest8_pkey on sbtest8  (cost=0.43..8.45 rows=1 width=121)
	  Index Cond: (id = 3765841)

for: simple_ranges
table 1 : explain SELECT c FROM sbtest1 WHERE id BETWEEN 7695719 AND 7696718
	Bitmap Heap Scan on sbtest1  (cost=34.91..3961.17 rows=1022 width=121)
	  Recheck Cond: ((id >= 7695719) AND (id <= 7696718))
	  ->  Bitmap Index Scan on sbtest1_pkey  (cost=0.00..34.66 rows=1022 width=0)
	        Index Cond: ((id >= 7695719) AND (id <= 7696718))

table 2 : explain SELECT c FROM sbtest2 WHERE id BETWEEN 7256549 AND 7257548
	Bitmap Heap Scan on sbtest2  (cost=34.63..3855.92 rows=995 width=121)
	  Recheck Cond: ((id >= 7256549) AND (id <= 7257548))
	  ->  Bitmap Index Scan on sbtest2_pkey  (cost=0.00..34.39 rows=995 width=0)
	        Index Cond: ((id >= 7256549) AND (id <= 7257548))

table 3 : explain SELECT c FROM sbtest3 WHERE id BETWEEN 987955 AND 988954
	Bitmap Heap Scan on sbtest3  (cost=39.73..4269.39 rows=1102 width=121)
	  Recheck Cond: ((id >= 987955) AND (id <= 988954))
	  ->  Bitmap Index Scan on sbtest3_pkey  (cost=0.00..39.45 rows=1102 width=0)
	        Index Cond: ((id >= 987955) AND (id <= 988954))

table 4 : explain SELECT c FROM sbtest4 WHERE id BETWEEN 3960322 AND 3961321
	Bitmap Heap Scan on sbtest4  (cost=39.70..4258.43 rows=1099 width=121)
	  Recheck Cond: ((id >= 3960322) AND (id <= 3961321))
	  ->  Bitmap Index Scan on sbtest4_pkey  (cost=0.00..39.43 rows=1099 width=0)
	        Index Cond: ((id >= 3960322) AND (id <= 3961321))

table 5 : explain SELECT c FROM sbtest5 WHERE id BETWEEN 3545644 AND 3546643
	Bitmap Heap Scan on sbtest5  (cost=35.32..4114.65 rows=1062 width=121)
	  Recheck Cond: ((id >= 3545644) AND (id <= 3546643))
	  ->  Bitmap Index Scan on sbtest5_pkey  (cost=0.00..35.06 rows=1062 width=0)
	        Index Cond: ((id >= 3545644) AND (id <= 3546643))

table 6 : explain SELECT c FROM sbtest6 WHERE id BETWEEN 1952496 AND 1953495
	Bitmap Heap Scan on sbtest6  (cost=34.70..3881.19 rows=1001 width=121)
	  Recheck Cond: ((id >= 1952496) AND (id <= 1953495))
	  ->  Bitmap Index Scan on sbtest6_pkey  (cost=0.00..34.45 rows=1001 width=0)
	        Index Cond: ((id >= 1952496) AND (id <= 1953495))

table 7 : explain SELECT c FROM sbtest7 WHERE id BETWEEN 8218501 AND 8219500
	Bitmap Heap Scan on sbtest7  (cost=34.21..3705.93 rows=954 width=121)
	  Recheck Cond: ((id >= 8218501) AND (id <= 8219500))
	  ->  Bitmap Index Scan on sbtest7_pkey  (cost=0.00..33.98 rows=954 width=0)
	        Index Cond: ((id >= 8218501) AND (id <= 8219500))

table 8 : explain SELECT c FROM sbtest8 WHERE id BETWEEN 8083340 AND 8084339
	Bitmap Heap Scan on sbtest8  (cost=34.24..3713.92 rows=957 width=121)
	  Recheck Cond: ((id >= 8083340) AND (id <= 8084339))
	  ->  Bitmap Index Scan on sbtest8_pkey  (cost=0.00..34.01 rows=957 width=0)
	        Index Cond: ((id >= 8083340) AND (id <= 8084339))

for point_selects
table 1 : explain SELECT c FROM sbtest1 WHERE id=227753
	Index Scan using sbtest1_pkey on sbtest1  (cost=0.43..8.45 rows=1 width=121)
	  Index Cond: (id = 227753)

table 2 : explain SELECT c FROM sbtest2 WHERE id=1997356
	Index Scan using sbtest2_pkey on sbtest2  (cost=0.43..8.45 rows=1 width=121)
	  Index Cond: (id = 1997356)

table 3 : explain SELECT c FROM sbtest3 WHERE id=9895347
	Index Scan using sbtest3_pkey on sbtest3  (cost=0.43..8.45 rows=1 width=121)
	  Index Cond: (id = 9895347)

table 4 : explain SELECT c FROM sbtest4 WHERE id=3512079
	Index Scan using sbtest4_pkey on sbtest4  (cost=0.43..8.45 rows=1 width=121)
	  Index Cond: (id = 3512079)

table 5 : explain SELECT c FROM sbtest5 WHERE id=8824018
	Index Scan using sbtest5_pkey on sbtest5  (cost=0.43..8.45 rows=1 width=121)
	  Index Cond: (id = 8824018)

table 6 : explain SELECT c FROM sbtest6 WHERE id=9224482
	Index Scan using sbtest6_pkey on sbtest6  (cost=0.43..8.45 rows=1 width=121)
	  Index Cond: (id = 9224482)

table 7 : explain SELECT c FROM sbtest7 WHERE id=3605715
	Index Scan using sbtest7_pkey on sbtest7  (cost=0.43..8.45 rows=1 width=121)
	  Index Cond: (id = 3605715)

table 8 : explain SELECT c FROM sbtest8 WHERE id=6776447
	Index Scan using sbtest8_pkey on sbtest8  (cost=0.43..8.45 rows=1 width=121)
	  Index Cond: (id = 6776447)

for point_selects
table 1 : explain SELECT c FROM sbtest1 WHERE id=4932689
	Index Scan using sbtest1_pkey on sbtest1  (cost=0.43..8.45 rows=1 width=121)
	  Index Cond: (id = 4932689)

table 2 : explain SELECT c FROM sbtest2 WHERE id=5437906
	Index Scan using sbtest2_pkey on sbtest2  (cost=0.43..8.45 rows=1 width=121)
	  Index Cond: (id = 5437906)

table 3 : explain SELECT c FROM sbtest3 WHERE id=1507121
	Index Scan using sbtest3_pkey on sbtest3  (cost=0.43..8.45 rows=1 width=121)
	  Index Cond: (id = 1507121)

table 4 : explain SELECT c FROM sbtest4 WHERE id=4598559
	Index Scan using sbtest4_pkey on sbtest4  (cost=0.43..8.45 rows=1 width=121)
	  Index Cond: (id = 4598559)

table 5 : explain SELECT c FROM sbtest5 WHERE id=3955937
	Index Scan using sbtest5_pkey on sbtest5  (cost=0.43..8.45 rows=1 width=121)
	  Index Cond: (id = 3955937)

table 6 : explain SELECT c FROM sbtest6 WHERE id=2061213
	Index Scan using sbtest6_pkey on sbtest6  (cost=0.43..8.45 rows=1 width=121)
	  Index Cond: (id = 2061213)

table 7 : explain SELECT c FROM sbtest7 WHERE id=6575534
	Index Scan using sbtest7_pkey on sbtest7  (cost=0.43..8.45 rows=1 width=121)
	  Index Cond: (id = 6575534)

table 8 : explain SELECT c FROM sbtest8 WHERE id=8095167
	Index Scan using sbtest8_pkey on sbtest8  (cost=0.43..8.45 rows=1 width=121)
	  Index Cond: (id = 8095167)

explain: for point_selects :: explain SELECT c FROM sbtest%u WHERE id=%u
explain: for point_selects :: explain SELECT c FROM sbtest%u WHERE id=%u
explain: for point_selects :: explain SELECT c FROM sbtest%u WHERE id=%u
for: simple_ranges
table 1 : explain SELECT c FROM sbtest1 WHERE id BETWEEN 2235259 AND 2236258
	Bitmap Heap Scan on sbtest1  (cost=34.82..3927.23 rows=1013 width=121)
	  Recheck Cond: ((id >= 2235259) AND (id <= 2236258))
	  ->  Bitmap Index Scan on sbtest1_pkey  (cost=0.00..34.57 rows=1013 width=0)
	        Index Cond: ((id >= 2235259) AND (id <= 2236258))

table 2 : explain SELECT c FROM sbtest2 WHERE id BETWEEN 4258615 AND 4259614
	Bitmap Heap Scan on sbtest2  (cost=34.78..3908.68 rows=1009 width=121)
	  Recheck Cond: ((id >= 4258615) AND (id <= 4259614))
	  ->  Bitmap Index Scan on sbtest2_pkey  (cost=0.00..34.53 rows=1009 width=0)
	        Index Cond: ((id >= 4258615) AND (id <= 4259614))

table 3 : explain SELECT c FROM sbtest3 WHERE id BETWEEN 8546777 AND 8547776
	Bitmap Heap Scan on sbtest3  (cost=39.99..4363.49 rows=1127 width=121)
	  Recheck Cond: ((id >= 8546777) AND (id <= 8547776))
	  ->  Bitmap Index Scan on sbtest3_pkey  (cost=0.00..39.70 rows=1127 width=0)
	        Index Cond: ((id >= 8546777) AND (id <= 8547776))

table 4 : explain SELECT c FROM sbtest4 WHERE id BETWEEN 3804720 AND 3805719
	Bitmap Heap Scan on sbtest4  (cost=34.36..3760.05 rows=968 width=121)
	  Recheck Cond: ((id >= 3804720) AND (id <= 3805719))
	  ->  Bitmap Index Scan on sbtest4_pkey  (cost=0.00..34.12 rows=968 width=0)
	        Index Cond: ((id >= 3804720) AND (id <= 3805719))

table 5 : explain SELECT c FROM sbtest5 WHERE id BETWEEN 4807346 AND 4808345
	Bitmap Heap Scan on sbtest5  (cost=35.36..4129.73 rows=1066 width=121)
	  Recheck Cond: ((id >= 4807346) AND (id <= 4808345))
	  ->  Bitmap Index Scan on sbtest5_pkey  (cost=0.00..35.09 rows=1066 width=0)
	        Index Cond: ((id >= 4807346) AND (id <= 4808345))

table 6 : explain SELECT c FROM sbtest6 WHERE id BETWEEN 2333865 AND 2334864
	Bitmap Heap Scan on sbtest6  (cost=34.07..3650.83 rows=940 width=121)
	  Recheck Cond: ((id >= 2333865) AND (id <= 2334864))
	  ->  Bitmap Index Scan on sbtest6_pkey  (cost=0.00..33.84 rows=940 width=0)
	        Index Cond: ((id >= 2333865) AND (id <= 2334864))

table 7 : explain SELECT c FROM sbtest7 WHERE id BETWEEN 1402429 AND 1403428
	Bitmap Heap Scan on sbtest7  (cost=35.43..4155.09 rows=1073 width=121)
	  Recheck Cond: ((id >= 1402429) AND (id <= 1403428))
	  ->  Bitmap Index Scan on sbtest7_pkey  (cost=0.00..35.17 rows=1073 width=0)
	        Index Cond: ((id >= 1402429) AND (id <= 1403428))

table 8 : explain SELECT c FROM sbtest8 WHERE id BETWEEN 9986931 AND 9987930
	Bitmap Heap Scan on sbtest8  (cost=34.84..3932.72 rows=1015 width=121)
	  Recheck Cond: ((id >= 9986931) AND (id <= 9987930))
	  ->  Bitmap Index Scan on sbtest8_pkey  (cost=0.00..34.59 rows=1015 width=0)
	        Index Cond: ((id >= 9986931) AND (id <= 9987930))

for: sum_ranges
table 1 : explain SELECT SUM(k) FROM sbtest1 WHERE id BETWEEN 638705 AND 639704
	Aggregate  (cost=3978.82..3978.83 rows=1 width=8)
	  ->  Bitmap Heap Scan on sbtest1  (cost=34.95..3976.25 rows=1026 width=4)
	        Recheck Cond: ((id >= 638705) AND (id <= 639704))
	        ->  Bitmap Index Scan on sbtest1_pkey  (cost=0.00..34.70 rows=1026 width=0)
	              Index Cond: ((id >= 638705) AND (id <= 639704))

table 2 : explain SELECT SUM(k) FROM sbtest2 WHERE id BETWEEN 8459677 AND 8460676
	Aggregate  (cost=3843.32..3843.33 rows=1 width=8)
	  ->  Bitmap Heap Scan on sbtest2  (cost=34.59..3840.84 rows=991 width=4)
	        Recheck Cond: ((id >= 8459677) AND (id <= 8460676))
	        ->  Bitmap Index Scan on sbtest2_pkey  (cost=0.00..34.34 rows=991 width=0)
	              Index Cond: ((id >= 8459677) AND (id <= 8460676))

table 3 : explain SELECT SUM(k) FROM sbtest3 WHERE id BETWEEN 6233509 AND 6234508
	Aggregate  (cost=4249.54..4249.55 rows=1 width=8)
	  ->  Bitmap Heap Scan on sbtest3  (cost=39.67..4246.80 rows=1096 width=4)
	        Recheck Cond: ((id >= 6233509) AND (id <= 6234508))
	        ->  Bitmap Index Scan on sbtest3_pkey  (cost=0.00..39.40 rows=1096 width=0)
	              Index Cond: ((id >= 6233509) AND (id <= 6234508))

table 4 : explain SELECT SUM(k) FROM sbtest4 WHERE id BETWEEN 7102263 AND 7103262
	Aggregate  (cost=3921.31..3921.32 rows=1 width=8)
	  ->  Bitmap Heap Scan on sbtest4  (cost=34.79..3918.78 rows=1010 width=4)
	        Recheck Cond: ((id >= 7102263) AND (id <= 7103262))
	        ->  Bitmap Index Scan on sbtest4_pkey  (cost=0.00..34.54 rows=1010 width=0)
	              Index Cond: ((id >= 7102263) AND (id <= 7103262))

table 5 : explain SELECT SUM(k) FROM sbtest5 WHERE id BETWEEN 2970 AND 3969
	Aggregate  (cost=4121.08..4121.09 rows=1 width=8)
	  ->  Bitmap Heap Scan on sbtest5  (cost=35.33..4118.42 rows=1063 width=4)
	        Recheck Cond: ((id >= 2970) AND (id <= 3969))
	        ->  Bitmap Index Scan on sbtest5_pkey  (cost=0.00..35.07 rows=1063 width=0)
	              Index Cond: ((id >= 2970) AND (id <= 3969))

table 6 : explain SELECT SUM(k) FROM sbtest6 WHERE id BETWEEN 8337179 AND 8338178
	Aggregate  (cost=4008.20..4008.21 rows=1 width=8)
	  ->  Bitmap Heap Scan on sbtest6  (cost=35.03..4005.61 rows=1034 width=4)
	        Recheck Cond: ((id >= 8337179) AND (id <= 8338178))
	        ->  Bitmap Index Scan on sbtest6_pkey  (cost=0.00..34.78 rows=1034 width=0)
	              Index Cond: ((id >= 8337179) AND (id <= 8338178))

table 7 : explain SELECT SUM(k) FROM sbtest7 WHERE id BETWEEN 6721275 AND 6722274
	Aggregate  (cost=3753.72..3753.73 rows=1 width=8)
	  ->  Bitmap Heap Scan on sbtest7  (cost=34.34..3751.30 rows=966 width=4)
	        Recheck Cond: ((id >= 6721275) AND (id <= 6722274))
	        ->  Bitmap Index Scan on sbtest7_pkey  (cost=0.00..34.09 rows=966 width=0)
	              Index Cond: ((id >= 6721275) AND (id <= 6722274))

table 8 : explain SELECT SUM(k) FROM sbtest8 WHERE id BETWEEN 5897455 AND 5898454
	Aggregate  (cost=3818.29..3818.30 rows=1 width=8)
	  ->  Bitmap Heap Scan on sbtest8  (cost=34.52..3815.83 rows=984 width=4)
	        Recheck Cond: ((id >= 5897455) AND (id <= 5898454))
	        ->  Bitmap Index Scan on sbtest8_pkey  (cost=0.00..34.28 rows=984 width=0)
	              Index Cond: ((id >= 5897455) AND (id <= 5898454))

for point_selects
table 1 : explain SELECT c FROM sbtest1 WHERE id=7396709
	Index Scan using sbtest1_pkey on sbtest1  (cost=0.43..8.45 rows=1 width=121)
	  Index Cond: (id = 7396709)

table 2 : explain SELECT c FROM sbtest2 WHERE id=6631140
	Index Scan using sbtest2_pkey on sbtest2  (cost=0.43..8.45 rows=1 width=121)
	  Index Cond: (id = 6631140)

table 3 : explain SELECT c FROM sbtest3 WHERE id=123665
	Index Scan using sbtest3_pkey on sbtest3  (cost=0.43..8.45 rows=1 width=121)
	  Index Cond: (id = 123665)

table 4 : explain SELECT c FROM sbtest4 WHERE id=4388631
	Index Scan using sbtest4_pkey on sbtest4  (cost=0.43..8.45 rows=1 width=121)
	  Index Cond: (id = 4388631)

table 5 : explain SELECT c FROM sbtest5 WHERE id=3806635
	Index Scan using sbtest5_pkey on sbtest5  (cost=0.43..8.45 rows=1 width=121)
	  Index Cond: (id = 3806635)

table 6 : explain SELECT c FROM sbtest6 WHERE id=8596752
	Index Scan using sbtest6_pkey on sbtest6  (cost=0.43..8.45 rows=1 width=121)
	  Index Cond: (id = 8596752)

table 7 : explain SELECT c FROM sbtest7 WHERE id=4957103
	Index Scan using sbtest7_pkey on sbtest7  (cost=0.43..8.45 rows=1 width=121)
	  Index Cond: (id = 4957103)

table 8 : explain SELECT c FROM sbtest8 WHERE id=990617
	Index Scan using sbtest8_pkey on sbtest8  (cost=0.43..8.45 rows=1 width=121)
	  Index Cond: (id = 990617)

for: sum_ranges
table 1 : explain SELECT SUM(k) FROM sbtest1 WHERE id BETWEEN 6309424 AND 6310423
	Aggregate  (cost=3646.31..3646.32 rows=1 width=8)
	  ->  Bitmap Heap Scan on sbtest1  (cost=34.05..3643.96 rows=938 width=4)
	        Recheck Cond: ((id >= 6309424) AND (id <= 6310423))
	        ->  Bitmap Index Scan on sbtest1_pkey  (cost=0.00..33.82 rows=938 width=0)
	              Index Cond: ((id >= 6309424) AND (id <= 6310423))

table 2 : explain SELECT SUM(k) FROM sbtest2 WHERE id BETWEEN 1479798 AND 1480797
	Aggregate  (cost=3726.32..3726.33 rows=1 width=8)
	  ->  Bitmap Heap Scan on sbtest2  (cost=34.28..3723.92 rows=960 width=4)
	        Recheck Cond: ((id >= 1479798) AND (id <= 1480797))
	        ->  Bitmap Index Scan on sbtest2_pkey  (cost=0.00..34.04 rows=960 width=0)
	              Index Cond: ((id >= 1479798) AND (id <= 1480797))

table 3 : explain SELECT SUM(k) FROM sbtest3 WHERE id BETWEEN 2608086 AND 2609085
	Aggregate  (cost=3701.63..3701.64 rows=1 width=8)
	  ->  Bitmap Heap Scan on sbtest3  (cost=34.19..3699.25 rows=952 width=4)
	        Recheck Cond: ((id >= 2608086) AND (id <= 2609085))
	        ->  Bitmap Index Scan on sbtest3_pkey  (cost=0.00..33.95 rows=952 width=0)
	              Index Cond: ((id >= 2608086) AND (id <= 2609085))

table 4 : explain SELECT SUM(k) FROM sbtest4 WHERE id BETWEEN 989737 AND 990736
	Aggregate  (cost=3694.33..3694.34 rows=1 width=8)
	  ->  Bitmap Heap Scan on sbtest4  (cost=34.17..3691.95 rows=950 width=4)
	        Recheck Cond: ((id >= 989737) AND (id <= 990736))
	        ->  Bitmap Index Scan on sbtest4_pkey  (cost=0.00..33.94 rows=950 width=0)
	              Index Cond: ((id >= 989737) AND (id <= 990736))

table 5 : explain SELECT SUM(k) FROM sbtest5 WHERE id BETWEEN 8903608 AND 8904607
	Aggregate  (cost=3686.45..3686.46 rows=1 width=8)
	  ->  Bitmap Heap Scan on sbtest5  (cost=34.15..3684.08 rows=948 width=4)
	        Recheck Cond: ((id >= 8903608) AND (id <= 8904607))
	        ->  Bitmap Index Scan on sbtest5_pkey  (cost=0.00..33.92 rows=948 width=0)
	              Index Cond: ((id >= 8903608) AND (id <= 8904607))

table 6 : explain SELECT SUM(k) FROM sbtest6 WHERE id BETWEEN 5988402 AND 5989401
	Aggregate  (cost=3762.83..3762.84 rows=1 width=8)
	  ->  Bitmap Heap Scan on sbtest6  (cost=34.37..3760.40 rows=969 width=4)
	        Recheck Cond: ((id >= 5988402) AND (id <= 5989401))
	        ->  Bitmap Index Scan on sbtest6_pkey  (cost=0.00..34.12 rows=969 width=0)
	              Index Cond: ((id >= 5988402) AND (id <= 5989401))

table 7 : explain SELECT SUM(k) FROM sbtest7 WHERE id BETWEEN 7225143 AND 7226142
	Aggregate  (cost=3518.72..3518.73 rows=1 width=8)
	  ->  Bitmap Heap Scan on sbtest7  (cost=29.71..3516.46 rows=905 width=4)
	        Recheck Cond: ((id >= 7225143) AND (id <= 7226142))
	        ->  Bitmap Index Scan on sbtest7_pkey  (cost=0.00..29.48 rows=905 width=0)
	              Index Cond: ((id >= 7225143) AND (id <= 7226142))

table 8 : explain SELECT SUM(k) FROM sbtest8 WHERE id BETWEEN 3960598 AND 3961597
	Aggregate  (cost=4330.83..4330.84 rows=1 width=8)
	  ->  Bitmap Heap Scan on sbtest8  (cost=39.92..4328.03 rows=1120 width=4)
	        Recheck Cond: ((id >= 3960598) AND (id <= 3961597))
	        ->  Bitmap Index Scan on sbtest8_pkey  (cost=0.00..39.64 rows=1120 width=0)
	              Index Cond: ((id >= 3960598) AND (id <= 3961597))

for: simple_ranges
table 1 : explain SELECT c FROM sbtest1 WHERE id BETWEEN 3331494 AND 3332493
	Bitmap Heap Scan on sbtest1  (cost=34.80..3919.68 rows=1011 width=121)
	  Recheck Cond: ((id >= 3331494) AND (id <= 3332493))
	  ->  Bitmap Index Scan on sbtest1_pkey  (cost=0.00..34.55 rows=1011 width=0)
	        Index Cond: ((id >= 3331494) AND (id <= 3332493))

table 2 : explain SELECT c FROM sbtest2 WHERE id BETWEEN 2033031 AND 2034030
	Bitmap Heap Scan on sbtest2  (cost=35.11..4029.17 rows=1041 width=121)
	  Recheck Cond: ((id >= 2033031) AND (id <= 2034030))
	  ->  Bitmap Index Scan on sbtest2_pkey  (cost=0.00..34.84 rows=1041 width=0)
	        Index Cond: ((id >= 2033031) AND (id <= 2034030))

table 3 : explain SELECT c FROM sbtest3 WHERE id BETWEEN 5856997 AND 5857996
	Bitmap Heap Scan on sbtest3  (cost=34.70..3884.50 rows=1001 width=121)
	  Recheck Cond: ((id >= 5856997) AND (id <= 5857996))
	  ->  Bitmap Index Scan on sbtest3_pkey  (cost=0.00..34.45 rows=1001 width=0)
	        Index Cond: ((id >= 5856997) AND (id <= 5857996))

table 4 : explain SELECT c FROM sbtest4 WHERE id BETWEEN 7492753 AND 7493752
	Bitmap Heap Scan on sbtest4  (cost=34.35..3756.27 rows=967 width=121)
	  Recheck Cond: ((id >= 7492753) AND (id <= 7493752))
	  ->  Bitmap Index Scan on sbtest4_pkey  (cost=0.00..34.11 rows=967 width=0)
	        Index Cond: ((id >= 7492753) AND (id <= 7493752))

table 5 : explain SELECT c FROM sbtest5 WHERE id BETWEEN 649136 AND 650135
	Bitmap Heap Scan on sbtest5  (cost=35.56..4201.33 rows=1085 width=121)
	  Recheck Cond: ((id >= 649136) AND (id <= 650135))
	  ->  Bitmap Index Scan on sbtest5_pkey  (cost=0.00..35.29 rows=1085 width=0)
	        Index Cond: ((id >= 649136) AND (id <= 650135))

table 6 : explain SELECT c FROM sbtest6 WHERE id BETWEEN 375282 AND 376281
	Bitmap Heap Scan on sbtest6  (cost=35.18..4058.36 rows=1048 width=121)
	  Recheck Cond: ((id >= 375282) AND (id <= 376281))
	  ->  Bitmap Index Scan on sbtest6_pkey  (cost=0.00..34.92 rows=1048 width=0)
	        Index Cond: ((id >= 375282) AND (id <= 376281))

table 7 : explain SELECT c FROM sbtest7 WHERE id BETWEEN 7449771 AND 7450770
	Bitmap Heap Scan on sbtest7  (cost=33.80..3554.55 rows=914 width=121)
	  Recheck Cond: ((id >= 7449771) AND (id <= 7450770))
	  ->  Bitmap Index Scan on sbtest7_pkey  (cost=0.00..33.58 rows=914 width=0)
	        Index Cond: ((id >= 7449771) AND (id <= 7450770))

table 8 : explain SELECT c FROM sbtest8 WHERE id BETWEEN 7651473 AND 7652472
	Bitmap Heap Scan on sbtest8  (cost=35.03..4004.31 rows=1034 width=121)
	  Recheck Cond: ((id >= 7651473) AND (id <= 7652472))
	  ->  Bitmap Index Scan on sbtest8_pkey  (cost=0.00..34.78 rows=1034 width=0)
	        Index Cond: ((id >= 7651473) AND (id <= 7652472))

explain: for point_selects :: explain SELECT c FROM sbtest%u WHERE id=%u
for: simple_ranges
table 1 : explain SELECT c FROM sbtest1 WHERE id BETWEEN 9061288 AND 9062287
	Bitmap Heap Scan on sbtest1  (cost=34.40..3772.46 rows=972 width=121)
	  Recheck Cond: ((id >= 9061288) AND (id <= 9062287))
	  ->  Bitmap Index Scan on sbtest1_pkey  (cost=0.00..34.16 rows=972 width=0)
	        Index Cond: ((id >= 9061288) AND (id <= 9062287))

table 2 : explain SELECT c FROM sbtest2 WHERE id BETWEEN 2237554 AND 2238553
	Bitmap Heap Scan on sbtest2  (cost=34.69..3874.76 rows=1000 width=121)
	  Recheck Cond: ((id >= 2237554) AND (id <= 2238553))
	  ->  Bitmap Index Scan on sbtest2_pkey  (cost=0.00..34.44 rows=1000 width=0)
	        Index Cond: ((id >= 2237554) AND (id <= 2238553))

table 3 : explain SELECT c FROM sbtest3 WHERE id BETWEEN 4944713 AND 4945712
	Bitmap Heap Scan on sbtest3  (cost=33.79..3551.60 rows=913 width=121)
	  Recheck Cond: ((id >= 4944713) AND (id <= 4945712))
	  ->  Bitmap Index Scan on sbtest3_pkey  (cost=0.00..33.57 rows=913 width=0)
	        Index Cond: ((id >= 4944713) AND (id <= 4945712))

table 4 : explain SELECT c FROM sbtest4 WHERE id BETWEEN 1018260 AND 1019259
	Bitmap Heap Scan on sbtest4  (cost=34.12..3673.03 rows=945 width=121)
	  Recheck Cond: ((id >= 1018260) AND (id <= 1019259))
	  ->  Bitmap Index Scan on sbtest4_pkey  (cost=0.00..33.89 rows=945 width=0)
	        Index Cond: ((id >= 1018260) AND (id <= 1019259))

table 5 : explain SELECT c FROM sbtest5 WHERE id BETWEEN 1274480 AND 1275479
	Bitmap Heap Scan on sbtest5  (cost=34.79..3918.45 rows=1010 width=121)
	  Recheck Cond: ((id >= 1274480) AND (id <= 1275479))
	  ->  Bitmap Index Scan on sbtest5_pkey  (cost=0.00..34.54 rows=1010 width=0)
	        Index Cond: ((id >= 1274480) AND (id <= 1275479))

table 6 : explain SELECT c FROM sbtest6 WHERE id BETWEEN 5886195 AND 5887194
	Bitmap Heap Scan on sbtest6  (cost=34.33..3745.30 rows=965 width=121)
	  Recheck Cond: ((id >= 5886195) AND (id <= 5887194))
	  ->  Bitmap Index Scan on sbtest6_pkey  (cost=0.00..34.09 rows=965 width=0)
	        Index Cond: ((id >= 5886195) AND (id <= 5887194))

table 7 : explain SELECT c FROM sbtest7 WHERE id BETWEEN 9713274 AND 9714273
	Bitmap Heap Scan on sbtest7  (cost=34.00..3626.48 rows=933 width=121)
	  Recheck Cond: ((id >= 9713274) AND (id <= 9714273))
	  ->  Bitmap Index Scan on sbtest7_pkey  (cost=0.00..33.77 rows=933 width=0)
	        Index Cond: ((id >= 9713274) AND (id <= 9714273))

table 8 : explain SELECT c FROM sbtest8 WHERE id BETWEEN 8475893 AND 8476892
	Bitmap Heap Scan on sbtest8  (cost=35.19..4060.79 rows=1049 width=121)
	  Recheck Cond: ((id >= 8475893) AND (id <= 8476892))
	  ->  Bitmap Index Scan on sbtest8_pkey  (cost=0.00..34.93 rows=1049 width=0)
	        Index Cond: ((id >= 8475893) AND (id <= 8476892))

for: order_ranges
table 1 : explain SELECT c FROM sbtest1 WHERE id BETWEEN 2135478 AND 2136477 ORDER BY c
	Sort  (cost=3713.29..3715.65 rows=944 width=121)
	  Sort Key: c
	  ->  Bitmap Heap Scan on sbtest1  (cost=34.11..3666.65 rows=944 width=121)
	        Recheck Cond: ((id >= 2135478) AND (id <= 2136477))
	        ->  Bitmap Index Scan on sbtest1_pkey  (cost=0.00..33.88 rows=944 width=0)
	              Index Cond: ((id >= 2135478) AND (id <= 2136477))

table 2 : explain SELECT c FROM sbtest2 WHERE id BETWEEN 5792628 AND 5793627 ORDER BY c
	Sort  (cost=3694.83..3697.18 rows=940 width=121)
	  Sort Key: c
	  ->  Bitmap Heap Scan on sbtest2  (cost=34.07..3648.41 rows=940 width=121)
	        Recheck Cond: ((id >= 5792628) AND (id <= 5793627))
	        ->  Bitmap Index Scan on sbtest2_pkey  (cost=0.00..33.84 rows=940 width=0)
	              Index Cond: ((id >= 5792628) AND (id <= 5793627))

table 3 : explain SELECT c FROM sbtest3 WHERE id BETWEEN 4843495 AND 4844494 ORDER BY c
	Sort  (cost=3922.88..3925.37 rows=998 width=121)
	  Sort Key: c
	  ->  Bitmap Heap Scan on sbtest3  (cost=34.66..3873.16 rows=998 width=121)
	        Recheck Cond: ((id >= 4843495) AND (id <= 4844494))
	        ->  Bitmap Index Scan on sbtest3_pkey  (cost=0.00..34.42 rows=998 width=0)
	              Index Cond: ((id >= 4843495) AND (id <= 4844494))

table 4 : explain SELECT c FROM sbtest4 WHERE id BETWEEN 7662997 AND 7663996 ORDER BY c
	Sort  (cost=4164.56..4167.21 rows=1061 width=121)
	  Sort Key: c
	  ->  Bitmap Heap Scan on sbtest4  (cost=35.31..4111.24 rows=1061 width=121)
	        Recheck Cond: ((id >= 7662997) AND (id <= 7663996))
	        ->  Bitmap Index Scan on sbtest4_pkey  (cost=0.00..35.05 rows=1061 width=0)
	              Index Cond: ((id >= 7662997) AND (id <= 7663996))

table 5 : explain SELECT c FROM sbtest5 WHERE id BETWEEN 5535081 AND 5536080 ORDER BY c
	Sort  (cost=3761.68..3764.07 rows=956 width=121)
	  Sort Key: c
	  ->  Bitmap Heap Scan on sbtest5  (cost=34.23..3714.35 rows=956 width=121)
	        Recheck Cond: ((id >= 5535081) AND (id <= 5536080))
	        ->  Bitmap Index Scan on sbtest5_pkey  (cost=0.00..34.00 rows=956 width=0)
	              Index Cond: ((id >= 5535081) AND (id <= 5536080))

table 6 : explain SELECT c FROM sbtest6 WHERE id BETWEEN 6700874 AND 6701873 ORDER BY c
	Sort  (cost=4034.43..4037.00 rows=1028 width=121)
	  Sort Key: c
	  ->  Bitmap Heap Scan on sbtest6  (cost=34.97..3983.00 rows=1028 width=121)
	        Recheck Cond: ((id >= 6700874) AND (id <= 6701873))
	        ->  Bitmap Index Scan on sbtest6_pkey  (cost=0.00..34.72 rows=1028 width=0)
	              Index Cond: ((id >= 6700874) AND (id <= 6701873))

table 7 : explain SELECT c FROM sbtest7 WHERE id BETWEEN 1090058 AND 1091057 ORDER BY c
	Sort  (cost=3891.26..3893.73 rows=990 width=121)
	  Sort Key: c
	  ->  Bitmap Heap Scan on sbtest7  (cost=34.58..3842.00 rows=990 width=121)
	        Recheck Cond: ((id >= 1090058) AND (id <= 1091057))
	        ->  Bitmap Index Scan on sbtest7_pkey  (cost=0.00..34.34 rows=990 width=0)
	              Index Cond: ((id >= 1090058) AND (id <= 1091057))

table 8 : explain SELECT c FROM sbtest8 WHERE id BETWEEN 1564992 AND 1565991 ORDER BY c
	Sort  (cost=3638.58..3640.89 rows=925 width=121)
	  Sort Key: c
	  ->  Bitmap Heap Scan on sbtest8  (cost=33.92..3593.01 rows=925 width=121)
	        Recheck Cond: ((id >= 1564992) AND (id <= 1565991))
	        ->  Bitmap Index Scan on sbtest8_pkey  (cost=0.00..33.69 rows=925 width=0)
	              Index Cond: ((id >= 1564992) AND (id <= 1565991))

for: simple_ranges
table 1 : explain SELECT c FROM sbtest1 WHERE id BETWEEN 3842402 AND 3843401
	Bitmap Heap Scan on sbtest1  (cost=35.15..4047.87 rows=1045 width=121)
	  Recheck Cond: ((id >= 3842402) AND (id <= 3843401))
	  ->  Bitmap Index Scan on sbtest1_pkey  (cost=0.00..34.89 rows=1045 width=0)
	        Index Cond: ((id >= 3842402) AND (id <= 3843401))

table 2 : explain SELECT c FROM sbtest2 WHERE id BETWEEN 2297579 AND 2298578
	Bitmap Heap Scan on sbtest2  (cost=35.09..4025.41 rows=1040 width=121)
	  Recheck Cond: ((id >= 2297579) AND (id <= 2298578))
	  ->  Bitmap Index Scan on sbtest2_pkey  (cost=0.00..34.84 rows=1040 width=0)
	        Index Cond: ((id >= 2297579) AND (id <= 2298578))

table 3 : explain SELECT c FROM sbtest3 WHERE id BETWEEN 7774253 AND 7775252
	Bitmap Heap Scan on sbtest3  (cost=35.30..4107.15 rows=1060 width=121)
	  Recheck Cond: ((id >= 7774253) AND (id <= 7775252))
	  ->  Bitmap Index Scan on sbtest3_pkey  (cost=0.00..35.04 rows=1060 width=0)
	        Index Cond: ((id >= 7774253) AND (id <= 7775252))

table 4 : explain SELECT c FROM sbtest4 WHERE id BETWEEN 4528998 AND 4529997
	Bitmap Heap Scan on sbtest4  (cost=34.94..3975.42 rows=1025 width=121)
	  Recheck Cond: ((id >= 4528998) AND (id <= 4529997))
	  ->  Bitmap Index Scan on sbtest4_pkey  (cost=0.00..34.69 rows=1025 width=0)
	        Index Cond: ((id >= 4528998) AND (id <= 4529997))

table 5 : explain SELECT c FROM sbtest5 WHERE id BETWEEN 4890390 AND 4891389
	Bitmap Heap Scan on sbtest5  (cost=35.17..4058.09 rows=1047 width=121)
	  Recheck Cond: ((id >= 4890390) AND (id <= 4891389))
	  ->  Bitmap Index Scan on sbtest5_pkey  (cost=0.00..34.91 rows=1047 width=0)
	        Index Cond: ((id >= 4890390) AND (id <= 4891389))

table 6 : explain SELECT c FROM sbtest6 WHERE id BETWEEN 1589509 AND 1590508
	Bitmap Heap Scan on sbtest6  (cost=34.39..3767.96 rows=971 width=121)
	  Recheck Cond: ((id >= 1589509) AND (id <= 1590508))
	  ->  Bitmap Index Scan on sbtest6_pkey  (cost=0.00..34.15 rows=971 width=0)
	        Index Cond: ((id >= 1589509) AND (id <= 1590508))

table 7 : explain SELECT c FROM sbtest7 WHERE id BETWEEN 9639957 AND 9640956
	Bitmap Heap Scan on sbtest7  (cost=34.66..3872.21 rows=998 width=121)
	  Recheck Cond: ((id >= 9639957) AND (id <= 9640956))
	  ->  Bitmap Index Scan on sbtest7_pkey  (cost=0.00..34.42 rows=998 width=0)
	        Index Cond: ((id >= 9639957) AND (id <= 9640956))

table 8 : explain SELECT c FROM sbtest8 WHERE id BETWEEN 1482133 AND 1483132
	Bitmap Heap Scan on sbtest8  (cost=35.18..4057.03 rows=1048 width=121)
	  Recheck Cond: ((id >= 1482133) AND (id <= 1483132))
	  ->  Bitmap Index Scan on sbtest8_pkey  (cost=0.00..34.92 rows=1048 width=0)
	        Index Cond: ((id >= 1482133) AND (id <= 1483132))

for point_selects
table 1 : explain SELECT c FROM sbtest1 WHERE id=9905187
	Index Scan using sbtest1_pkey on sbtest1  (cost=0.43..8.45 rows=1 width=121)
	  Index Cond: (id = 9905187)

table 2 : explain SELECT c FROM sbtest2 WHERE id=777211
	Index Scan using sbtest2_pkey on sbtest2  (cost=0.43..8.45 rows=1 width=121)
	  Index Cond: (id = 777211)

table 3 : explain SELECT c FROM sbtest3 WHERE id=6942010
	Index Scan using sbtest3_pkey on sbtest3  (cost=0.43..8.45 rows=1 width=121)
	  Index Cond: (id = 6942010)

table 4 : explain SELECT c FROM sbtest4 WHERE id=7360432
	Index Scan using sbtest4_pkey on sbtest4  (cost=0.43..8.45 rows=1 width=121)
	  Index Cond: (id = 7360432)

table 5 : explain SELECT c FROM sbtest5 WHERE id=3124675
	Index Scan using sbtest5_pkey on sbtest5  (cost=0.43..8.45 rows=1 width=121)
	  Index Cond: (id = 3124675)

table 6 : explain SELECT c FROM sbtest6 WHERE id=5695283
	Index Scan using sbtest6_pkey on sbtest6  (cost=0.43..8.45 rows=1 width=121)
	  Index Cond: (id = 5695283)

table 7 : explain SELECT c FROM sbtest7 WHERE id=2135995
	Index Scan using sbtest7_pkey on sbtest7  (cost=0.43..8.45 rows=1 width=121)
	  Index Cond: (id = 2135995)

table 8 : explain SELECT c FROM sbtest8 WHERE id=8218985
	Index Scan using sbtest8_pkey on sbtest8  (cost=0.43..8.45 rows=1 width=121)
	  Index Cond: (id = 8218985)

for: sum_ranges
table 1 : explain SELECT SUM(k) FROM sbtest1 WHERE id BETWEEN 3555376 AND 3556375
	Aggregate  (cost=3824.02..3824.03 rows=1 width=8)
	  ->  Bitmap Heap Scan on sbtest1  (cost=34.53..3821.56 rows=985 width=4)
	        Recheck Cond: ((id >= 3555376) AND (id <= 3556375))
	        ->  Bitmap Index Scan on sbtest1_pkey  (cost=0.00..34.29 rows=985 width=0)
	              Index Cond: ((id >= 3555376) AND (id <= 3556375))

table 2 : explain SELECT SUM(k) FROM sbtest2 WHERE id BETWEEN 3199652 AND 3200651
	Aggregate  (cost=3684.77..3684.78 rows=1 width=8)
	  ->  Bitmap Heap Scan on sbtest2  (cost=34.16..3682.40 rows=949 width=4)
	        Recheck Cond: ((id >= 3199652) AND (id <= 3200651))
	        ->  Bitmap Index Scan on sbtest2_pkey  (cost=0.00..33.93 rows=949 width=0)
	              Index Cond: ((id >= 3199652) AND (id <= 3200651))

table 3 : explain SELECT SUM(k) FROM sbtest3 WHERE id BETWEEN 3839334 AND 3840333
	Aggregate  (cost=4158.84..4158.85 rows=1 width=8)
	  ->  Bitmap Heap Scan on sbtest3  (cost=35.43..4156.15 rows=1073 width=4)
	        Recheck Cond: ((id >= 3839334) AND (id <= 3840333))
	        ->  Bitmap Index Scan on sbtest3_pkey  (cost=0.00..35.17 rows=1073 width=0)
	              Index Cond: ((id >= 3839334) AND (id <= 3840333))

table 4 : explain SELECT SUM(k) FROM sbtest4 WHERE id BETWEEN 4156397 AND 4157396
	Aggregate  (cost=4049.73..4049.74 rows=1 width=8)
	  ->  Bitmap Heap Scan on sbtest4  (cost=35.14..4047.12 rows=1044 width=4)
	        Recheck Cond: ((id >= 4156397) AND (id <= 4157396))
	        ->  Bitmap Index Scan on sbtest4_pkey  (cost=0.00..34.88 rows=1044 width=0)
	              Index Cond: ((id >= 4156397) AND (id <= 4157396))

table 5 : explain SELECT SUM(k) FROM sbtest5 WHERE id BETWEEN 4853065 AND 4854064
	Aggregate  (cost=4132.39..4132.40 rows=1 width=8)
	  ->  Bitmap Heap Scan on sbtest5  (cost=35.36..4129.73 rows=1066 width=4)
	        Recheck Cond: ((id >= 4853065) AND (id <= 4854064))
	        ->  Bitmap Index Scan on sbtest5_pkey  (cost=0.00..35.09 rows=1066 width=0)
	              Index Cond: ((id >= 4853065) AND (id <= 4854064))

table 6 : explain SELECT SUM(k) FROM sbtest6 WHERE id BETWEEN 1579853 AND 1580852
	Aggregate  (cost=3789.28..3789.29 rows=1 width=8)
	  ->  Bitmap Heap Scan on sbtest6  (cost=34.44..3786.84 rows=976 width=4)
	        Recheck Cond: ((id >= 1579853) AND (id <= 1580852))
	        ->  Bitmap Index Scan on sbtest6_pkey  (cost=0.00..34.20 rows=976 width=0)
	              Index Cond: ((id >= 1579853) AND (id <= 1580852))

table 7 : explain SELECT SUM(k) FROM sbtest7 WHERE id BETWEEN 226890 AND 227889
	Aggregate  (cost=4436.67..4436.68 rows=1 width=8)
	  ->  Bitmap Heap Scan on sbtest7  (cost=40.19..4433.80 rows=1147 width=4)
	        Recheck Cond: ((id >= 226890) AND (id <= 227889))
	        ->  Bitmap Index Scan on sbtest7_pkey  (cost=0.00..39.91 rows=1147 width=0)
	              Index Cond: ((id >= 226890) AND (id <= 227889))

table 8 : explain SELECT SUM(k) FROM sbtest8 WHERE id BETWEEN 7231892 AND 7232891
	Aggregate  (cost=3788.08..3788.09 rows=1 width=8)
	  ->  Bitmap Heap Scan on sbtest8  (cost=34.44..3785.64 rows=976 width=4)
	        Recheck Cond: ((id >= 7231892) AND (id <= 7232891))
	        ->  Bitmap Index Scan on sbtest8_pkey  (cost=0.00..34.20 rows=976 width=0)
	              Index Cond: ((id >= 7231892) AND (id <= 7232891))

explain: for point_selects :: explain SELECT c FROM sbtest%u WHERE id=%u
for point_selects
table 1 : explain SELECT c FROM sbtest1 WHERE id=9045444
	Index Scan using sbtest1_pkey on sbtest1  (cost=0.43..8.45 rows=1 width=121)
	  Index Cond: (id = 9045444)

table 2 : explain SELECT c FROM sbtest2 WHERE id=3755016
	Index Scan using sbtest2_pkey on sbtest2  (cost=0.43..8.45 rows=1 width=121)
	  Index Cond: (id = 3755016)

table 3 : explain SELECT c FROM sbtest3 WHERE id=2510002
	Index Scan using sbtest3_pkey on sbtest3  (cost=0.43..8.45 rows=1 width=121)
	  Index Cond: (id = 2510002)

table 4 : explain SELECT c FROM sbtest4 WHERE id=871523
	Index Scan using sbtest4_pkey on sbtest4  (cost=0.43..8.45 rows=1 width=121)
	  Index Cond: (id = 871523)

table 5 : explain SELECT c FROM sbtest5 WHERE id=3742636
	Index Scan using sbtest5_pkey on sbtest5  (cost=0.43..8.45 rows=1 width=121)
	  Index Cond: (id = 3742636)

table 6 : explain SELECT c FROM sbtest6 WHERE id=6903135
	Index Scan using sbtest6_pkey on sbtest6  (cost=0.43..8.45 rows=1 width=121)
	  Index Cond: (id = 6903135)

table 7 : explain SELECT c FROM sbtest7 WHERE id=6200228
	Index Scan using sbtest7_pkey on sbtest7  (cost=0.43..8.45 rows=1 width=121)
	  Index Cond: (id = 6200228)

table 8 : explain SELECT c FROM sbtest8 WHERE id=4132817
	Index Scan using sbtest8_pkey on sbtest8  (cost=0.43..8.45 rows=1 width=121)
	  Index Cond: (id = 4132817)

for: sum_ranges
table 1 : explain SELECT SUM(k) FROM sbtest1 WHERE id BETWEEN 7537266 AND 7538265
	Aggregate  (cost=3759.77..3759.78 rows=1 width=8)
	  ->  Bitmap Heap Scan on sbtest1  (cost=34.36..3757.35 rows=968 width=4)
	        Recheck Cond: ((id >= 7537266) AND (id <= 7538265))
	        ->  Bitmap Index Scan on sbtest1_pkey  (cost=0.00..34.12 rows=968 width=0)
	              Index Cond: ((id >= 7537266) AND (id <= 7538265))

table 2 : explain SELECT SUM(k) FROM sbtest2 WHERE id BETWEEN 6525620 AND 6526619
	Aggregate  (cost=4088.25..4088.26 rows=1 width=8)
	  ->  Bitmap Heap Scan on sbtest2  (cost=35.26..4085.61 rows=1056 width=4)
	        Recheck Cond: ((id >= 6525620) AND (id <= 6526619))
	        ->  Bitmap Index Scan on sbtest2_pkey  (cost=0.00..35.00 rows=1056 width=0)
	              Index Cond: ((id >= 6525620) AND (id <= 6526619))

table 3 : explain SELECT SUM(k) FROM sbtest3 WHERE id BETWEEN 188761 AND 189760
	Aggregate  (cost=3769.76..3769.77 rows=1 width=8)
	  ->  Bitmap Heap Scan on sbtest3  (cost=34.38..3767.34 rows=970 width=4)
	        Recheck Cond: ((id >= 188761) AND (id <= 189760))
	        ->  Bitmap Index Scan on sbtest3_pkey  (cost=0.00..34.14 rows=970 width=0)
	              Index Cond: ((id >= 188761) AND (id <= 189760))

table 4 : explain SELECT SUM(k) FROM sbtest4 WHERE id BETWEEN 1225138 AND 1226137
	Aggregate  (cost=3943.98..3943.99 rows=1 width=8)
	  ->  Bitmap Heap Scan on sbtest4  (cost=34.85..3941.44 rows=1016 width=4)
	        Recheck Cond: ((id >= 1225138) AND (id <= 1226137))
	        ->  Bitmap Index Scan on sbtest4_pkey  (cost=0.00..34.59 rows=1016 width=0)
	              Index Cond: ((id >= 1225138) AND (id <= 1226137))

table 5 : explain SELECT SUM(k) FROM sbtest5 WHERE id BETWEEN 6362901 AND 6363900
	Aggregate  (cost=3641.00..3641.01 rows=1 width=8)
	  ->  Bitmap Heap Scan on sbtest5  (cost=34.03..3638.66 rows=936 width=4)
	        Recheck Cond: ((id >= 6362901) AND (id <= 6363900))
	        ->  Bitmap Index Scan on sbtest5_pkey  (cost=0.00..33.80 rows=936 width=0)
	              Index Cond: ((id >= 6362901) AND (id <= 6363900))

table 6 : explain SELECT SUM(k) FROM sbtest6 WHERE id BETWEEN 3369513 AND 3370512
	Aggregate  (cost=3728.81..3728.82 rows=1 width=8)
	  ->  Bitmap Heap Scan on sbtest6  (cost=34.28..3726.41 rows=960 width=4)
	        Recheck Cond: ((id >= 3369513) AND (id <= 3370512))
	        ->  Bitmap Index Scan on sbtest6_pkey  (cost=0.00..34.04 rows=960 width=0)
	              Index Cond: ((id >= 3369513) AND (id <= 3370512))

table 7 : explain SELECT SUM(k) FROM sbtest7 WHERE id BETWEEN 7785635 AND 7786634
	Aggregate  (cost=3568.20..3568.21 rows=1 width=8)
	  ->  Bitmap Heap Scan on sbtest7  (cost=33.83..3565.91 rows=917 width=4)
	        Recheck Cond: ((id >= 7785635) AND (id <= 7786634))
	        ->  Bitmap Index Scan on sbtest7_pkey  (cost=0.00..33.61 rows=917 width=0)
	              Index Cond: ((id >= 7785635) AND (id <= 7786634))

table 8 : explain SELECT SUM(k) FROM sbtest8 WHERE id BETWEEN 2893580 AND 2894579
	Aggregate  (cost=3704.97..3704.98 rows=1 width=8)
	  ->  Bitmap Heap Scan on sbtest8  (cost=34.21..3702.59 rows=954 width=4)
	        Recheck Cond: ((id >= 2893580) AND (id <= 2894579))
	        ->  Bitmap Index Scan on sbtest8_pkey  (cost=0.00..33.98 rows=954 width=0)
	              Index Cond: ((id >= 2893580) AND (id <= 2894579))

for: distinct_ranges
table 1 : explain SELECT DISTINCT c FROM sbtest1 WHERE id BETWEEN 5109913 AND 5110912 ORDER BY c
	Unique  (cost=4039.05..4044.19 rows=1029 width=121)
	  ->  Sort  (cost=4039.05..4041.62 rows=1029 width=121)
	        Sort Key: c
	        ->  Bitmap Heap Scan on sbtest1  (cost=34.98..3987.56 rows=1029 width=121)
	              Recheck Cond: ((id >= 5109913) AND (id <= 5110912))
	              ->  Bitmap Index Scan on sbtest1_pkey  (cost=0.00..34.73 rows=1029 width=0)
	                    Index Cond: ((id >= 5109913) AND (id <= 5110912))

table 2 : explain SELECT DISTINCT c FROM sbtest2 WHERE id BETWEEN 9310869 AND 9311868 ORDER BY c
	Unique  (cost=4062.24..4067.42 rows=1036 width=121)
	  ->  Sort  (cost=4062.24..4064.83 rows=1036 width=121)
	        Sort Key: c
	        ->  Bitmap Heap Scan on sbtest2  (cost=35.05..4010.35 rows=1036 width=121)
	              Recheck Cond: ((id >= 9310869) AND (id <= 9311868))
	              ->  Bitmap Index Scan on sbtest2_pkey  (cost=0.00..34.80 rows=1036 width=0)
	                    Index Cond: ((id >= 9310869) AND (id <= 9311868))

table 3 : explain SELECT DISTINCT c FROM sbtest3 WHERE id BETWEEN 3829588 AND 3830587 ORDER BY c
	Unique  (cost=4210.17..4215.53 rows=1073 width=121)
	  ->  Sort  (cost=4210.17..4212.85 rows=1073 width=121)
	        Sort Key: c
	        ->  Bitmap Heap Scan on sbtest3  (cost=35.43..4156.15 rows=1073 width=121)
	              Recheck Cond: ((id >= 3829588) AND (id <= 3830587))
	              ->  Bitmap Index Scan on sbtest3_pkey  (cost=0.00..35.17 rows=1073 width=0)
	                    Index Cond: ((id >= 3829588) AND (id <= 3830587))

table 4 : explain SELECT DISTINCT c FROM sbtest4 WHERE id BETWEEN 8065718 AND 8066717 ORDER BY c
	Unique  (cost=3857.95..3862.86 rows=981 width=121)
	  ->  Sort  (cost=3857.95..3860.41 rows=981 width=121)
	        Sort Key: c
	        ->  Bitmap Heap Scan on sbtest4  (cost=34.49..3809.21 rows=981 width=121)
	              Recheck Cond: ((id >= 8065718) AND (id <= 8066717))
	              ->  Bitmap Index Scan on sbtest4_pkey  (cost=0.00..34.25 rows=981 width=0)
	                    Index Cond: ((id >= 8065718) AND (id <= 8066717))

table 5 : explain SELECT DISTINCT c FROM sbtest5 WHERE id BETWEEN 9825799 AND 9826798 ORDER BY c
	Unique  (cost=3907.50..3912.47 rows=994 width=121)
	  ->  Sort  (cost=3907.50..3909.99 rows=994 width=121)
	        Sort Key: c
	        ->  Bitmap Heap Scan on sbtest5  (cost=34.62..3858.01 rows=994 width=121)
	              Recheck Cond: ((id >= 9825799) AND (id <= 9826798))
	              ->  Bitmap Index Scan on sbtest5_pkey  (cost=0.00..34.38 rows=994 width=0)
	                    Index Cond: ((id >= 9825799) AND (id <= 9826798))

table 6 : explain SELECT DISTINCT c FROM sbtest6 WHERE id BETWEEN 1778465 AND 1779464 ORDER BY c
	Unique  (cost=3850.63..3855.53 rows=980 width=121)
	  ->  Sort  (cost=3850.63..3853.08 rows=980 width=121)
	        Sort Key: c
	        ->  Bitmap Heap Scan on sbtest6  (cost=34.48..3801.94 rows=980 width=121)
	              Recheck Cond: ((id >= 1778465) AND (id <= 1779464))
	              ->  Bitmap Index Scan on sbtest6_pkey  (cost=0.00..34.23 rows=980 width=0)
	                    Index Cond: ((id >= 1778465) AND (id <= 1779464))

table 7 : explain SELECT DISTINCT c FROM sbtest7 WHERE id BETWEEN 5959909 AND 5960908 ORDER BY c
	Unique  (cost=4274.11..4279.56 rows=1090 width=121)
	  ->  Sort  (cost=4274.11..4276.83 rows=1090 width=121)
	        Sort Key: c
	        ->  Bitmap Heap Scan on sbtest7  (cost=35.61..4219.12 rows=1090 width=121)
	              Recheck Cond: ((id >= 5959909) AND (id <= 5960908))
	              ->  Bitmap Index Scan on sbtest7_pkey  (cost=0.00..35.34 rows=1090 width=0)
	                    Index Cond: ((id >= 5959909) AND (id <= 5960908))

table 8 : explain SELECT DISTINCT c FROM sbtest8 WHERE id BETWEEN 6075140 AND 6076139 ORDER BY c
	Unique  (cost=3975.76..3980.82 rows=1013 width=121)
	  ->  Sort  (cost=3975.76..3978.29 rows=1013 width=121)
	        Sort Key: c
	        ->  Bitmap Heap Scan on sbtest8  (cost=34.82..3925.18 rows=1013 width=121)
	              Recheck Cond: ((id >= 6075140) AND (id <= 6076139))
	              ->  Bitmap Index Scan on sbtest8_pkey  (cost=0.00..34.57 rows=1013 width=0)
	                    Index Cond: ((id >= 6075140) AND (id <= 6076139))

explain: for point_selects :: explain SELECT c FROM sbtest%u WHERE id=%u
explain: for point_selects :: explain SELECT c FROM sbtest%u WHERE id=%u
for point_selects
table 1 : explain SELECT c FROM sbtest1 WHERE id=199243
	Index Scan using sbtest1_pkey on sbtest1  (cost=0.43..8.45 rows=1 width=121)
	  Index Cond: (id = 199243)

table 2 : explain SELECT c FROM sbtest2 WHERE id=8262191
	Index Scan using sbtest2_pkey on sbtest2  (cost=0.43..8.45 rows=1 width=121)
	  Index Cond: (id = 8262191)

table 3 : explain SELECT c FROM sbtest3 WHERE id=2039034
	Index Scan using sbtest3_pkey on sbtest3  (cost=0.43..8.45 rows=1 width=121)
	  Index Cond: (id = 2039034)

table 4 : explain SELECT c FROM sbtest4 WHERE id=3408356
	Index Scan using sbtest4_pkey on sbtest4  (cost=0.43..8.45 rows=1 width=121)
	  Index Cond: (id = 3408356)

table 5 : explain SELECT c FROM sbtest5 WHERE id=1138180
	Index Scan using sbtest5_pkey on sbtest5  (cost=0.43..8.45 rows=1 width=121)
	  Index Cond: (id = 1138180)

table 6 : explain SELECT c FROM sbtest6 WHERE id=7603593
	Index Scan using sbtest6_pkey on sbtest6  (cost=0.43..8.45 rows=1 width=121)
	  Index Cond: (id = 7603593)

table 7 : explain SELECT c FROM sbtest7 WHERE id=4210028
	Index Scan using sbtest7_pkey on sbtest7  (cost=0.43..8.45 rows=1 width=121)
	  Index Cond: (id = 4210028)

table 8 : explain SELECT c FROM sbtest8 WHERE id=3217999
	Index Scan using sbtest8_pkey on sbtest8  (cost=0.43..8.45 rows=1 width=121)
	  Index Cond: (id = 3217999)

for: simple_ranges
table 1 : explain SELECT c FROM sbtest1 WHERE id BETWEEN 8892157 AND 8893156
	Bitmap Heap Scan on sbtest1  (cost=34.56..3832.88 rows=988 width=121)
	  Recheck Cond: ((id >= 8892157) AND (id <= 8893156))
	  ->  Bitmap Index Scan on sbtest1_pkey  (cost=0.00..34.32 rows=988 width=0)
	        Index Cond: ((id >= 8892157) AND (id <= 8893156))

table 2 : explain SELECT c FROM sbtest2 WHERE id BETWEEN 9477222 AND 9478221
	Bitmap Heap Scan on sbtest2  (cost=29.33..3372.16 rows=868 width=121)
	  Recheck Cond: ((id >= 9477222) AND (id <= 9478221))
	  ->  Bitmap Index Scan on sbtest2_pkey  (cost=0.00..29.11 rows=868 width=0)
	        Index Cond: ((id >= 9477222) AND (id <= 9478221))

table 3 : explain SELECT c FROM sbtest3 WHERE id BETWEEN 4413902 AND 4414901
	Bitmap Heap Scan on sbtest3  (cost=34.25..3721.95 rows=958 width=121)
	  Recheck Cond: ((id >= 4413902) AND (id <= 4414901))
	  ->  Bitmap Index Scan on sbtest3_pkey  (cost=0.00..34.02 rows=958 width=0)
	        Index Cond: ((id >= 4413902) AND (id <= 4414901))

table 4 : explain SELECT c FROM sbtest4 WHERE id BETWEEN 7241672 AND 7242671
	Bitmap Heap Scan on sbtest4  (cost=29.71..3517.53 rows=905 width=121)
	  Recheck Cond: ((id >= 7241672) AND (id <= 7242671))
	  ->  Bitmap Index Scan on sbtest4_pkey  (cost=0.00..29.48 rows=905 width=0)
	        Index Cond: ((id >= 7241672) AND (id <= 7242671))

table 5 : explain SELECT c FROM sbtest5 WHERE id BETWEEN 6609336 AND 6610335
	Bitmap Heap Scan on sbtest5  (cost=29.52..3445.22 rows=886 width=121)
	  Recheck Cond: ((id >= 6609336) AND (id <= 6610335))
	  ->  Bitmap Index Scan on sbtest5_pkey  (cost=0.00..29.29 rows=886 width=0)
	        Index Cond: ((id >= 6609336) AND (id <= 6610335))

table 6 : explain SELECT c FROM sbtest6 WHERE id BETWEEN 3843712 AND 3844711
	Bitmap Heap Scan on sbtest6  (cost=35.11..4031.99 rows=1041 width=121)
	  Recheck Cond: ((id >= 3843712) AND (id <= 3844711))
	  ->  Bitmap Index Scan on sbtest6_pkey  (cost=0.00..34.84 rows=1041 width=0)
	        Index Cond: ((id >= 3843712) AND (id <= 3844711))

table 7 : explain SELECT c FROM sbtest7 WHERE id BETWEEN 7355383 AND 7356382
	Bitmap Heap Scan on sbtest7  (cost=35.01..4000.54 rows=1032 width=121)
	  Recheck Cond: ((id >= 7355383) AND (id <= 7356382))
	  ->  Bitmap Index Scan on sbtest7_pkey  (cost=0.00..34.76 rows=1032 width=0)
	        Index Cond: ((id >= 7355383) AND (id <= 7356382))

table 8 : explain SELECT c FROM sbtest8 WHERE id BETWEEN 6627710 AND 6628709
	Bitmap Heap Scan on sbtest8  (cost=29.66..3494.45 rows=900 width=121)
	  Recheck Cond: ((id >= 6627710) AND (id <= 6628709))
	  ->  Bitmap Index Scan on sbtest8_pkey  (cost=0.00..29.43 rows=900 width=0)
	        Index Cond: ((id >= 6627710) AND (id <= 6628709))

for: order_ranges
table 1 : explain SELECT c FROM sbtest1 WHERE id BETWEEN 9225491 AND 9226490 ORDER BY c
	Sort  (cost=3950.99..3953.50 rows=1006 width=121)
	  Sort Key: c
	  ->  Bitmap Heap Scan on sbtest1  (cost=34.75..3900.82 rows=1006 width=121)
	        Recheck Cond: ((id >= 9225491) AND (id <= 9226490))
	        ->  Bitmap Index Scan on sbtest1_pkey  (cost=0.00..34.50 rows=1006 width=0)
	              Index Cond: ((id >= 9225491) AND (id <= 9226490))

table 2 : explain SELECT c FROM sbtest2 WHERE id BETWEEN 4094328 AND 4095327 ORDER BY c
	Sort  (cost=3924.59..3927.09 rows=1000 width=121)
	  Sort Key: c
	  ->  Bitmap Heap Scan on sbtest2  (cost=34.69..3874.76 rows=1000 width=121)
	        Recheck Cond: ((id >= 4094328) AND (id <= 4095327))
	        ->  Bitmap Index Scan on sbtest2_pkey  (cost=0.00..34.44 rows=1000 width=0)
	              Index Cond: ((id >= 4094328) AND (id <= 4095327))

table 3 : explain SELECT c FROM sbtest3 WHERE id BETWEEN 5914737 AND 5915736 ORDER BY c
	Sort  (cost=3873.02..3875.48 rows=985 width=121)
	  Sort Key: c
	  ->  Bitmap Heap Scan on sbtest3  (cost=34.53..3824.04 rows=985 width=121)
	        Recheck Cond: ((id >= 5914737) AND (id <= 5915736))
	        ->  Bitmap Index Scan on sbtest3_pkey  (cost=0.00..34.29 rows=985 width=0)
	              Index Cond: ((id >= 5914737) AND (id <= 5915736))

table 4 : explain SELECT c FROM sbtest4 WHERE id BETWEEN 5570548 AND 5571547 ORDER BY c
	Sort  (cost=4030.51..4033.08 rows=1026 width=121)
	  Sort Key: c
	  ->  Bitmap Heap Scan on sbtest4  (cost=34.95..3979.20 rows=1026 width=121)
	        Recheck Cond: ((id >= 5570548) AND (id <= 5571547))
	        ->  Bitmap Index Scan on sbtest4_pkey  (cost=0.00..34.70 rows=1026 width=0)
	              Index Cond: ((id >= 5570548) AND (id <= 5571547))

table 5 : explain SELECT c FROM sbtest5 WHERE id BETWEEN 5564458 AND 5565457 ORDER BY c
	Sort  (cost=3949.68..3952.19 rows=1005 width=121)
	  Sort Key: c
	  ->  Bitmap Heap Scan on sbtest5  (cost=34.74..3899.57 rows=1005 width=121)
	        Recheck Cond: ((id >= 5564458) AND (id <= 5565457))
	        ->  Bitmap Index Scan on sbtest5_pkey  (cost=0.00..34.48 rows=1005 width=0)
	              Index Cond: ((id >= 5564458) AND (id <= 5565457))

table 6 : explain SELECT c FROM sbtest6 WHERE id BETWEEN 751232 AND 752231 ORDER BY c
	Sort  (cost=4198.85..4201.53 rows=1071 width=121)
	  Sort Key: c
	  ->  Bitmap Heap Scan on sbtest6  (cost=35.41..4144.95 rows=1071 width=121)
	        Recheck Cond: ((id >= 751232) AND (id <= 752231))
	        ->  Bitmap Index Scan on sbtest6_pkey  (cost=0.00..35.15 rows=1071 width=0)
	              Index Cond: ((id >= 751232) AND (id <= 752231))

table 7 : explain SELECT c FROM sbtest7 WHERE id BETWEEN 8887317 AND 8888316 ORDER BY c
	Sort  (cost=4033.05..4035.61 rows=1027 width=121)
	  Sort Key: c
	  ->  Bitmap Heap Scan on sbtest7  (cost=34.96..3981.67 rows=1027 width=121)
	        Recheck Cond: ((id >= 8887317) AND (id <= 8888316))
	        ->  Bitmap Index Scan on sbtest7_pkey  (cost=0.00..34.70 rows=1027 width=0)
	              Index Cond: ((id >= 8887317) AND (id <= 8888316))

table 8 : explain SELECT c FROM sbtest8 WHERE id BETWEEN 2170313 AND 2171312 ORDER BY c
	Sort  (cost=4205.12..4207.80 rows=1073 width=121)
	  Sort Key: c
	  ->  Bitmap Heap Scan on sbtest8  (cost=35.43..4151.10 rows=1073 width=121)
	        Recheck Cond: ((id >= 2170313) AND (id <= 2171312))
	        ->  Bitmap Index Scan on sbtest8_pkey  (cost=0.00..35.17 rows=1073 width=0)
	              Index Cond: ((id >= 2170313) AND (id <= 2171312))

for: order_ranges
table 1 : explain SELECT c FROM sbtest1 WHERE id BETWEEN 3217730 AND 3218729 ORDER BY c
	Sort  (cost=3598.11..3600.40 rows=914 width=121)
	  Sort Key: c
	  ->  Bitmap Heap Scan on sbtest1  (cost=33.80..3553.16 rows=914 width=121)
	        Recheck Cond: ((id >= 3217730) AND (id <= 3218729))
	        ->  Bitmap Index Scan on sbtest1_pkey  (cost=0.00..33.58 rows=914 width=0)
	              Index Cond: ((id >= 3217730) AND (id <= 3218729))

table 2 : explain SELECT c FROM sbtest2 WHERE id BETWEEN 4331567 AND 4332566 ORDER BY c
	Sort  (cost=4001.08..4003.63 rows=1020 width=121)
	  Sort Key: c
	  ->  Bitmap Heap Scan on sbtest2  (cost=34.89..3950.11 rows=1020 width=121)
	        Recheck Cond: ((id >= 4331567) AND (id <= 4332566))
	        ->  Bitmap Index Scan on sbtest2_pkey  (cost=0.00..34.64 rows=1020 width=0)
	              Index Cond: ((id >= 4331567) AND (id <= 4332566))

table 3 : explain SELECT c FROM sbtest3 WHERE id BETWEEN 2639717 AND 2640716 ORDER BY c
	Sort  (cost=3746.35..3748.73 rows=952 width=121)
	  Sort Key: c
	  ->  Bitmap Heap Scan on sbtest3  (cost=34.19..3699.25 rows=952 width=121)
	        Recheck Cond: ((id >= 2639717) AND (id <= 2640716))
	        ->  Bitmap Index Scan on sbtest3_pkey  (cost=0.00..33.95 rows=952 width=0)
	              Index Cond: ((id >= 2639717) AND (id <= 2640716))

table 4 : explain SELECT c FROM sbtest4 WHERE id BETWEEN 9166735 AND 9167734 ORDER BY c
	Sort  (cost=4153.08..4155.72 rows=1058 width=121)
	  Sort Key: c
	  ->  Bitmap Heap Scan on sbtest4  (cost=35.28..4099.93 rows=1058 width=121)
	        Recheck Cond: ((id >= 9166735) AND (id <= 9167734))
	        ->  Bitmap Index Scan on sbtest4_pkey  (cost=0.00..35.02 rows=1058 width=0)
	              Index Cond: ((id >= 9166735) AND (id <= 9167734))

table 5 : explain SELECT c FROM sbtest5 WHERE id BETWEEN 647592 AND 648591 ORDER BY c
	Sort  (cost=4256.03..4258.74 rows=1085 width=121)
	  Sort Key: c
	  ->  Bitmap Heap Scan on sbtest5  (cost=35.56..4201.33 rows=1085 width=121)
	        Recheck Cond: ((id >= 647592) AND (id <= 648591))
	        ->  Bitmap Index Scan on sbtest5_pkey  (cost=0.00..35.29 rows=1085 width=0)
	              Index Cond: ((id >= 647592) AND (id <= 648591))

table 6 : explain SELECT c FROM sbtest6 WHERE id BETWEEN 6548916 AND 6549915 ORDER BY c
	Sort  (cost=3877.45..3879.92 rows=987 width=121)
	  Sort Key: c
	  ->  Bitmap Heap Scan on sbtest6  (cost=34.55..3828.36 rows=987 width=121)
	        Recheck Cond: ((id >= 6548916) AND (id <= 6549915))
	        ->  Bitmap Index Scan on sbtest6_pkey  (cost=0.00..34.31 rows=987 width=0)
	              Index Cond: ((id >= 6548916) AND (id <= 6549915))

table 7 : explain SELECT c FROM sbtest7 WHERE id BETWEEN 6755317 AND 6756316 ORDER BY c
	Sort  (cost=3799.20..3801.61 rows=966 width=121)
	  Sort Key: c
	  ->  Bitmap Heap Scan on sbtest7  (cost=34.34..3751.30 rows=966 width=121)
	        Recheck Cond: ((id >= 6755317) AND (id <= 6756316))
	        ->  Bitmap Index Scan on sbtest7_pkey  (cost=0.00..34.09 rows=966 width=0)
	              Index Cond: ((id >= 6755317) AND (id <= 6756316))

table 8 : explain SELECT c FROM sbtest8 WHERE id BETWEEN 5625581 AND 5626580 ORDER BY c
	Sort  (cost=4040.78..4043.36 rows=1030 width=121)
	  Sort Key: c
	  ->  Bitmap Heap Scan on sbtest8  (cost=34.99..3989.24 rows=1030 width=121)
	        Recheck Cond: ((id >= 5625581) AND (id <= 5626580))
	        ->  Bitmap Index Scan on sbtest8_pkey  (cost=0.00..34.73 rows=1030 width=0)
	              Index Cond: ((id >= 5625581) AND (id <= 5626580))

explain: for point_selects :: explain SELECT c FROM sbtest%u WHERE id=%u
for: sum_ranges
table 1 : explain SELECT SUM(k) FROM sbtest1 WHERE id BETWEEN 1530052 AND 1531051
	Aggregate  (cost=3699.27..3699.28 rows=1 width=8)
	  ->  Bitmap Heap Scan on sbtest1  (cost=34.19..3696.89 rows=952 width=4)
	        Recheck Cond: ((id >= 1530052) AND (id <= 1531051))
	        ->  Bitmap Index Scan on sbtest1_pkey  (cost=0.00..33.95 rows=952 width=0)
	              Index Cond: ((id >= 1530052) AND (id <= 1531051))

table 2 : explain SELECT SUM(k) FROM sbtest2 WHERE id BETWEEN 240633 AND 241632
	Aggregate  (cost=3971.50..3971.51 rows=1 width=8)
	  ->  Bitmap Heap Scan on sbtest2  (cost=34.94..3968.94 rows=1025 width=4)
	        Recheck Cond: ((id >= 240633) AND (id <= 241632))
	        ->  Bitmap Index Scan on sbtest2_pkey  (cost=0.00..34.69 rows=1025 width=0)
	              Index Cond: ((id >= 240633) AND (id <= 241632))

table 3 : explain SELECT SUM(k) FROM sbtest3 WHERE id BETWEEN 7941946 AND 7942945
	Aggregate  (cost=3864.32..3864.33 rows=1 width=8)
	  ->  Bitmap Heap Scan on sbtest3  (cost=34.63..3861.83 rows=995 width=4)
	        Recheck Cond: ((id >= 7941946) AND (id <= 7942945))
	        ->  Bitmap Index Scan on sbtest3_pkey  (cost=0.00..34.39 rows=995 width=0)
	              Index Cond: ((id >= 7941946) AND (id <= 7942945))

table 4 : explain SELECT SUM(k) FROM sbtest4 WHERE id BETWEEN 6182890 AND 6183889
	Aggregate  (cost=4272.49..4272.50 rows=1 width=8)
	  ->  Bitmap Heap Scan on sbtest4  (cost=39.73..4269.73 rows=1102 width=4)
	        Recheck Cond: ((id >= 6182890) AND (id <= 6183889))
	        ->  Bitmap Index Scan on sbtest4_pkey  (cost=0.00..39.45 rows=1102 width=0)
	              Index Cond: ((id >= 6182890) AND (id <= 6183889))

table 5 : explain SELECT SUM(k) FROM sbtest5 WHERE id BETWEEN 6684056 AND 6685055
	Aggregate  (cost=3447.44..3447.45 rows=1 width=8)
	  ->  Bitmap Heap Scan on sbtest5  (cost=29.52..3445.22 rows=886 width=4)
	        Recheck Cond: ((id >= 6684056) AND (id <= 6685055))
	        ->  Bitmap Index Scan on sbtest5_pkey  (cost=0.00..29.29 rows=886 width=0)
	              Index Cond: ((id >= 6684056) AND (id <= 6685055))

table 6 : explain SELECT SUM(k) FROM sbtest6 WHERE id BETWEEN 1173292 AND 1174291
	Aggregate  (cost=3638.05..3638.06 rows=1 width=8)
	  ->  Bitmap Heap Scan on sbtest6  (cost=34.03..3635.71 rows=936 width=4)
	        Recheck Cond: ((id >= 1173292) AND (id <= 1174291))
	        ->  Bitmap Index Scan on sbtest6_pkey  (cost=0.00..33.80 rows=936 width=0)
	              Index Cond: ((id >= 1173292) AND (id <= 1174291))

table 7 : explain SELECT SUM(k) FROM sbtest7 WHERE id BETWEEN 9803864 AND 9804863
	Aggregate  (cost=3628.81..3628.82 rows=1 width=8)
	  ->  Bitmap Heap Scan on sbtest7  (cost=34.00..3626.48 rows=933 width=4)
	        Recheck Cond: ((id >= 9803864) AND (id <= 9804863))
	        ->  Bitmap Index Scan on sbtest7_pkey  (cost=0.00..33.77 rows=933 width=0)
	              Index Cond: ((id >= 9803864) AND (id <= 9804863))

table 8 : explain SELECT SUM(k) FROM sbtest8 WHERE id BETWEEN 731428 AND 732427
	Aggregate  (cost=3897.54..3897.55 rows=1 width=8)
	  ->  Bitmap Heap Scan on sbtest8  (cost=34.74..3895.03 rows=1005 width=4)
	        Recheck Cond: ((id >= 731428) AND (id <= 732427))
	        ->  Bitmap Index Scan on sbtest8_pkey  (cost=0.00..34.48 rows=1005 width=0)
	              Index Cond: ((id >= 731428) AND (id <= 732427))

for point_selects
table 1 : explain SELECT c FROM sbtest1 WHERE id=3922433
	Index Scan using sbtest1_pkey on sbtest1  (cost=0.43..8.45 rows=1 width=121)
	  Index Cond: (id = 3922433)

table 2 : explain SELECT c FROM sbtest2 WHERE id=7540764
	Index Scan using sbtest2_pkey on sbtest2  (cost=0.43..8.45 rows=1 width=121)
	  Index Cond: (id = 7540764)

table 3 : explain SELECT c FROM sbtest3 WHERE id=7405252
	Index Scan using sbtest3_pkey on sbtest3  (cost=0.43..8.45 rows=1 width=121)
	  Index Cond: (id = 7405252)

table 4 : explain SELECT c FROM sbtest4 WHERE id=5842790
	Index Scan using sbtest4_pkey on sbtest4  (cost=0.43..8.45 rows=1 width=121)
	  Index Cond: (id = 5842790)

table 5 : explain SELECT c FROM sbtest5 WHERE id=1628026
	Index Scan using sbtest5_pkey on sbtest5  (cost=0.43..8.45 rows=1 width=121)
	  Index Cond: (id = 1628026)

table 6 : explain SELECT c FROM sbtest6 WHERE id=7903388
	Index Scan using sbtest6_pkey on sbtest6  (cost=0.43..8.45 rows=1 width=121)
	  Index Cond: (id = 7903388)

table 7 : explain SELECT c FROM sbtest7 WHERE id=7348312
	Index Scan using sbtest7_pkey on sbtest7  (cost=0.43..8.45 rows=1 width=121)
	  Index Cond: (id = 7348312)

table 8 : explain SELECT c FROM sbtest8 WHERE id=8319419
	Index Scan using sbtest8_pkey on sbtest8  (cost=0.43..8.45 rows=1 width=121)
	  Index Cond: (id = 8319419)

for: distinct_ranges
table 1 : explain SELECT DISTINCT c FROM sbtest1 WHERE id BETWEEN 1550861 AND 1551860 ORDER BY c
	Unique  (cost=3743.99..3748.75 rows=952 width=121)
	  ->  Sort  (cost=3743.99..3746.37 rows=952 width=121)
	        Sort Key: c
	        ->  Bitmap Heap Scan on sbtest1  (cost=34.19..3696.89 rows=952 width=121)
	              Recheck Cond: ((id >= 1550861) AND (id <= 1551860))
	              ->  Bitmap Index Scan on sbtest1_pkey  (cost=0.00..33.95 rows=952 width=0)
	                    Index Cond: ((id >= 1550861) AND (id <= 1551860))

table 2 : explain SELECT DISTINCT c FROM sbtest2 WHERE id BETWEEN 6409498 AND 6410497 ORDER BY c
	Unique  (cost=3978.14..3983.21 rows=1014 width=121)
	  ->  Sort  (cost=3978.14..3980.68 rows=1014 width=121)
	        Sort Key: c
	        ->  Bitmap Heap Scan on sbtest2  (cost=34.83..3927.51 rows=1014 width=121)
	              Recheck Cond: ((id >= 6409498) AND (id <= 6410497))
	              ->  Bitmap Index Scan on sbtest2_pkey  (cost=0.00..34.58 rows=1014 width=0)
	                    Index Cond: ((id >= 6409498) AND (id <= 6410497))

table 3 : explain SELECT DISTINCT c FROM sbtest3 WHERE id BETWEEN 1732868 AND 1733867 ORDER BY c
	Unique  (cost=3634.93..3639.55 rows=923 width=121)
	  ->  Sort  (cost=3634.93..3637.24 rows=923 width=121)
	        Sort Key: c
	        ->  Bitmap Heap Scan on sbtest3  (cost=33.90..3589.47 rows=923 width=121)
	              Recheck Cond: ((id >= 1732868) AND (id <= 1733867))
	              ->  Bitmap Index Scan on sbtest3_pkey  (cost=0.00..33.67 rows=923 width=0)
	                    Index Cond: ((id >= 1732868) AND (id <= 1733867))

table 4 : explain SELECT DISTINCT c FROM sbtest4 WHERE id BETWEEN 3851107 AND 3852106 ORDER BY c
	Unique  (cost=3639.04..3643.66 rows=924 width=121)
	  ->  Sort  (cost=3639.04..3641.35 rows=924 width=121)
	        Sort Key: c
	        ->  Bitmap Heap Scan on sbtest4  (cost=33.91..3593.52 rows=924 width=121)
	              Recheck Cond: ((id >= 3851107) AND (id <= 3852106))
	              ->  Bitmap Index Scan on sbtest4_pkey  (cost=0.00..33.68 rows=924 width=0)
	                    Index Cond: ((id >= 3851107) AND (id <= 3852106))

table 5 : explain SELECT DISTINCT c FROM sbtest5 WHERE id BETWEEN 4855611 AND 4856610 ORDER BY c
	Unique  (cost=4183.34..4188.67 rows=1066 width=121)
	  ->  Sort  (cost=4183.34..4186.00 rows=1066 width=121)
	        Sort Key: c
	        ->  Bitmap Heap Scan on sbtest5  (cost=35.36..4129.73 rows=1066 width=121)
	              Recheck Cond: ((id >= 4855611) AND (id <= 4856610))
	              ->  Bitmap Index Scan on sbtest5_pkey  (cost=0.00..35.09 rows=1066 width=0)
	                    Index Cond: ((id >= 4855611) AND (id <= 4856610))

table 6 : explain SELECT DISTINCT c FROM sbtest6 WHERE id BETWEEN 9896481 AND 9897480 ORDER BY c
	Unique  (cost=4237.06..4242.46 rows=1081 width=121)
	  ->  Sort  (cost=4237.06..4239.76 rows=1081 width=121)
	        Sort Key: c
	        ->  Bitmap Heap Scan on sbtest6  (cost=35.52..4182.59 rows=1081 width=121)
	              Recheck Cond: ((id >= 9896481) AND (id <= 9897480))
	              ->  Bitmap Index Scan on sbtest6_pkey  (cost=0.00..35.25 rows=1081 width=0)
	                    Index Cond: ((id >= 9896481) AND (id <= 9897480))

table 7 : explain SELECT DISTINCT c FROM sbtest7 WHERE id BETWEEN 5254953 AND 5255952 ORDER BY c
	Unique  (cost=3660.98..3665.63 rows=930 width=121)
	  ->  Sort  (cost=3660.98..3663.31 rows=930 width=121)
	        Sort Key: c
	        ->  Bitmap Heap Scan on sbtest7  (cost=33.97..3615.13 rows=930 width=121)
	              Recheck Cond: ((id >= 5254953) AND (id <= 5255952))
	              ->  Bitmap Index Scan on sbtest7_pkey  (cost=0.00..33.73 rows=930 width=0)
	                    Index Cond: ((id >= 5254953) AND (id <= 5255952))

table 8 : explain SELECT DISTINCT c FROM sbtest8 WHERE id BETWEEN 4251672 AND 4252671 ORDER BY c
	Unique  (cost=4109.60..4114.84 rows=1048 width=121)
	  ->  Sort  (cost=4109.60..4112.22 rows=1048 width=121)
	        Sort Key: c
	        ->  Bitmap Heap Scan on sbtest8  (cost=35.18..4057.03 rows=1048 width=121)
	              Recheck Cond: ((id >= 4251672) AND (id <= 4252671))
	              ->  Bitmap Index Scan on sbtest8_pkey  (cost=0.00..34.92 rows=1048 width=0)
	                    Index Cond: ((id >= 4251672) AND (id <= 4252671))

for: simple_ranges
table 1 : explain SELECT c FROM sbtest1 WHERE id BETWEEN 2354920 AND 2355919
	Bitmap Heap Scan on sbtest1  (cost=40.50..4544.48 rows=1177 width=121)
	  Recheck Cond: ((id >= 2354920) AND (id <= 2355919))
	  ->  Bitmap Index Scan on sbtest1_pkey  (cost=0.00..40.20 rows=1177 width=0)
	        Index Cond: ((id >= 2354920) AND (id <= 2355919))

table 2 : explain SELECT c FROM sbtest2 WHERE id BETWEEN 667581 AND 668580
	Bitmap Heap Scan on sbtest2  (cost=35.13..4036.70 rows=1043 width=121)
	  Recheck Cond: ((id >= 667581) AND (id <= 668580))
	  ->  Bitmap Index Scan on sbtest2_pkey  (cost=0.00..34.87 rows=1043 width=0)
	        Index Cond: ((id >= 667581) AND (id <= 668580))

table 3 : explain SELECT c FROM sbtest3 WHERE id BETWEEN 4438155 AND 4439154
	Bitmap Heap Scan on sbtest3  (cost=34.25..3721.95 rows=958 width=121)
	  Recheck Cond: ((id >= 4438155) AND (id <= 4439154))
	  ->  Bitmap Index Scan on sbtest3_pkey  (cost=0.00..34.02 rows=958 width=0)
	        Index Cond: ((id >= 4438155) AND (id <= 4439154))

table 4 : explain SELECT c FROM sbtest4 WHERE id BETWEEN 2279234 AND 2280233
	Bitmap Heap Scan on sbtest4  (cost=34.22..3710.87 rows=955 width=121)
	  Recheck Cond: ((id >= 2279234) AND (id <= 2280233))
	  ->  Bitmap Index Scan on sbtest4_pkey  (cost=0.00..33.98 rows=955 width=0)
	        Index Cond: ((id >= 2279234) AND (id <= 2280233))

table 5 : explain SELECT c FROM sbtest5 WHERE id BETWEEN 6307360 AND 6308359
	Bitmap Heap Scan on sbtest5  (cost=34.03..3638.66 rows=936 width=121)
	  Recheck Cond: ((id >= 6307360) AND (id <= 6308359))
	  ->  Bitmap Index Scan on sbtest5_pkey  (cost=0.00..33.80 rows=936 width=0)
	        Index Cond: ((id >= 6307360) AND (id <= 6308359))

table 6 : explain SELECT c FROM sbtest6 WHERE id BETWEEN 8070631 AND 8071630
	Bitmap Heap Scan on sbtest6  (cost=34.86..3941.53 rows=1017 width=121)
	  Recheck Cond: ((id >= 8070631) AND (id <= 8071630))
	  ->  Bitmap Index Scan on sbtest6_pkey  (cost=0.00..34.61 rows=1017 width=0)
	        Index Cond: ((id >= 8070631) AND (id <= 8071630))

table 7 : explain SELECT c FROM sbtest7 WHERE id BETWEEN 9134194 AND 9135193
	Bitmap Heap Scan on sbtest7  (cost=35.29..4102.34 rows=1059 width=121)
	  Recheck Cond: ((id >= 9134194) AND (id <= 9135193))
	  ->  Bitmap Index Scan on sbtest7_pkey  (cost=0.00..35.03 rows=1059 width=0)
	        Index Cond: ((id >= 9134194) AND (id <= 9135193))

table 8 : explain SELECT c FROM sbtest8 WHERE id BETWEEN 7839075 AND 7840074
	Bitmap Heap Scan on sbtest8  (cost=35.28..4094.67 rows=1058 width=121)
	  Recheck Cond: ((id >= 7839075) AND (id <= 7840074))
	  ->  Bitmap Index Scan on sbtest8_pkey  (cost=0.00..35.02 rows=1058 width=0)
	        Index Cond: ((id >= 7839075) AND (id <= 7840074))

for: distinct_ranges
table 1 : explain SELECT DISTINCT c FROM sbtest1 WHERE id BETWEEN 3700230 AND 3701229 ORDER BY c
	Unique  (cost=3797.69..3802.52 rows=966 width=121)
	  ->  Sort  (cost=3797.69..3800.11 rows=966 width=121)
	        Sort Key: c
	        ->  Bitmap Heap Scan on sbtest1  (cost=34.34..3749.80 rows=966 width=121)
	              Recheck Cond: ((id >= 3700230) AND (id <= 3701229))
	              ->  Bitmap Index Scan on sbtest1_pkey  (cost=0.00..34.09 rows=966 width=0)
	                    Index Cond: ((id >= 3700230) AND (id <= 3701229))

table 2 : explain SELECT DISTINCT c FROM sbtest2 WHERE id BETWEEN 2208773 AND 2209772 ORDER BY c
	Unique  (cost=3924.59..3929.59 rows=1000 width=121)
	  ->  Sort  (cost=3924.59..3927.09 rows=1000 width=121)
	        Sort Key: c
	        ->  Bitmap Heap Scan on sbtest2  (cost=34.69..3874.76 rows=1000 width=121)
	              Recheck Cond: ((id >= 2208773) AND (id <= 2209772))
	              ->  Bitmap Index Scan on sbtest2_pkey  (cost=0.00..34.44 rows=1000 width=0)
	                    Index Cond: ((id >= 2208773) AND (id <= 2209772))

table 3 : explain SELECT DISTINCT c FROM sbtest3 WHERE id BETWEEN 6225206 AND 6226205 ORDER BY c
	Unique  (cost=4302.14..4307.62 rows=1096 width=121)
	  ->  Sort  (cost=4302.14..4304.88 rows=1096 width=121)
	        Sort Key: c
	        ->  Bitmap Heap Scan on sbtest3  (cost=39.67..4246.80 rows=1096 width=121)
	              Recheck Cond: ((id >= 6225206) AND (id <= 6226205))
	              ->  Bitmap Index Scan on sbtest3_pkey  (cost=0.00..39.40 rows=1096 width=0)
	                    Index Cond: ((id >= 6225206) AND (id <= 6226205))

table 4 : explain SELECT DISTINCT c FROM sbtest4 WHERE id BETWEEN 8740646 AND 8741645 ORDER BY c
	Unique  (cost=4313.95..4319.44 rows=1099 width=121)
	  ->  Sort  (cost=4313.95..4316.69 rows=1099 width=121)
	        Sort Key: c
	        ->  Bitmap Heap Scan on sbtest4  (cost=39.70..4258.43 rows=1099 width=121)
	              Recheck Cond: ((id >= 8740646) AND (id <= 8741645))
	              ->  Bitmap Index Scan on sbtest4_pkey  (cost=0.00..39.43 rows=1099 width=0)
	                    Index Cond: ((id >= 8740646) AND (id <= 8741645))

table 5 : explain SELECT DISTINCT c FROM sbtest5 WHERE id BETWEEN 8071248 AND 8072247 ORDER BY c
	Unique  (cost=3895.99..3900.95 rows=991 width=121)
	  ->  Sort  (cost=3895.99..3898.47 rows=991 width=121)
	        Sort Key: c
	        ->  Bitmap Heap Scan on sbtest5  (cost=34.59..3846.68 rows=991 width=121)
	              Recheck Cond: ((id >= 8071248) AND (id <= 8072247))
	              ->  Bitmap Index Scan on sbtest5_pkey  (cost=0.00..34.34 rows=991 width=0)
	                    Index Cond: ((id >= 8071248) AND (id <= 8072247))

table 6 : explain SELECT DISTINCT c FROM sbtest6 WHERE id BETWEEN 4056671 AND 4057670 ORDER BY c
	Unique  (cost=3674.23..3678.90 rows=934 width=121)
	  ->  Sort  (cost=3674.23..3676.56 rows=934 width=121)
	        Sort Key: c
	        ->  Bitmap Heap Scan on sbtest6  (cost=34.01..3628.15 rows=934 width=121)
	              Recheck Cond: ((id >= 4056671) AND (id <= 4057670))
	              ->  Bitmap Index Scan on sbtest6_pkey  (cost=0.00..33.78 rows=934 width=0)
	                    Index Cond: ((id >= 4056671) AND (id <= 4057670))

table 7 : explain SELECT DISTINCT c FROM sbtest7 WHERE id BETWEEN 751244 AND 752243 ORDER BY c
	Unique  (cost=4251.17..4256.59 rows=1084 width=121)
	  ->  Sort  (cost=4251.17..4253.88 rows=1084 width=121)
	        Sort Key: c
	        ->  Bitmap Heap Scan on sbtest7  (cost=35.55..4196.52 rows=1084 width=121)
	              Recheck Cond: ((id >= 751244) AND (id <= 752243))
	              ->  Bitmap Index Scan on sbtest7_pkey  (cost=0.00..35.28 rows=1084 width=0)
	                    Index Cond: ((id >= 751244) AND (id <= 752243))

table 8 : explain SELECT DISTINCT c FROM sbtest8 WHERE id BETWEEN 6066206 AND 6067205 ORDER BY c
	Unique  (cost=3891.55..3896.50 rows=991 width=121)
	  ->  Sort  (cost=3891.55..3894.03 rows=991 width=121)
	        Sort Key: c
	        ->  Bitmap Heap Scan on sbtest8  (cost=34.59..3842.23 rows=991 width=121)
	              Recheck Cond: ((id >= 6066206) AND (id <= 6067205))
	              ->  Bitmap Index Scan on sbtest8_pkey  (cost=0.00..34.34 rows=991 width=0)
	                    Index Cond: ((id >= 6066206) AND (id <= 6067205))

for: sum_ranges
table 1 : explain SELECT SUM(k) FROM sbtest1 WHERE id BETWEEN 9925791 AND 9926790
	Aggregate  (cost=3888.23..3888.24 rows=1 width=8)
	  ->  Bitmap Heap Scan on sbtest1  (cost=34.71..3885.72 rows=1002 width=4)
	        Recheck Cond: ((id >= 9925791) AND (id <= 9926790))
	        ->  Bitmap Index Scan on sbtest1_pkey  (cost=0.00..34.45 rows=1002 width=0)
	              Index Cond: ((id >= 9925791) AND (id <= 9926790))

table 2 : explain SELECT SUM(k) FROM sbtest2 WHERE id BETWEEN 7679001 AND 7680000
	Aggregate  (cost=3563.81..3563.82 rows=1 width=8)
	  ->  Bitmap Heap Scan on sbtest2  (cost=33.83..3561.52 rows=917 width=4)
	        Recheck Cond: ((id >= 7679001) AND (id <= 7680000))
	        ->  Bitmap Index Scan on sbtest2_pkey  (cost=0.00..33.61 rows=917 width=0)
	              Index Cond: ((id >= 7679001) AND (id <= 7680000))

table 3 : explain SELECT SUM(k) FROM sbtest3 WHERE id BETWEEN 7287157 AND 7288156
	Aggregate  (cost=3671.34..3671.35 rows=1 width=8)
	  ->  Bitmap Heap Scan on sbtest3  (cost=34.11..3668.98 rows=944 width=4)
	        Recheck Cond: ((id >= 7287157) AND (id <= 7288156))
	        ->  Bitmap Index Scan on sbtest3_pkey  (cost=0.00..33.88 rows=944 width=0)
	              Index Cond: ((id >= 7287157) AND (id <= 7288156))

table 4 : explain SELECT SUM(k) FROM sbtest4 WHERE id BETWEEN 3732240 AND 3733239
	Aggregate  (cost=3762.47..3762.48 rows=1 width=8)
	  ->  Bitmap Heap Scan on sbtest4  (cost=34.36..3760.05 rows=968 width=4)
	        Recheck Cond: ((id >= 3732240) AND (id <= 3733239))
	        ->  Bitmap Index Scan on sbtest4_pkey  (cost=0.00..34.12 rows=968 width=0)
	              Index Cond: ((id >= 3732240) AND (id <= 3733239))

table 5 : explain SELECT SUM(k) FROM sbtest5 WHERE id BETWEEN 9783505 AND 9784504
	Aggregate  (cost=3868.06..3868.07 rows=1 width=8)
	  ->  Bitmap Heap Scan on sbtest5  (cost=34.64..3865.57 rows=996 width=4)
	        Recheck Cond: ((id >= 9783505) AND (id <= 9784504))
	        ->  Bitmap Index Scan on sbtest5_pkey  (cost=0.00..34.40 rows=996 width=0)
	              Index Cond: ((id >= 9783505) AND (id <= 9784504))

table 6 : explain SELECT SUM(k) FROM sbtest6 WHERE id BETWEEN 8185817 AND 8186816
	Aggregate  (cost=4140.10..4140.11 rows=1 width=8)
	  ->  Bitmap Heap Scan on sbtest6  (cost=35.39..4137.43 rows=1069 width=4)
	        Recheck Cond: ((id >= 8185817) AND (id <= 8186816))
	        ->  Bitmap Index Scan on sbtest6_pkey  (cost=0.00..35.12 rows=1069 width=0)
	              Index Cond: ((id >= 8185817) AND (id <= 8186816))

table 7 : explain SELECT SUM(k) FROM sbtest7 WHERE id BETWEEN 8168885 AND 8169884
	Aggregate  (cost=3897.38..3897.39 rows=1 width=8)
	  ->  Bitmap Heap Scan on sbtest7  (cost=34.73..3894.87 rows=1004 width=4)
	        Recheck Cond: ((id >= 8168885) AND (id <= 8169884))
	        ->  Bitmap Index Scan on sbtest7_pkey  (cost=0.00..34.48 rows=1004 width=0)
	              Index Cond: ((id >= 8168885) AND (id <= 8169884))

table 8 : explain SELECT SUM(k) FROM sbtest8 WHERE id BETWEEN 4693550 AND 4694549
	Aggregate  (cost=3659.61..3659.62 rows=1 width=8)
	  ->  Bitmap Heap Scan on sbtest8  (cost=34.09..3657.26 rows=942 width=4)
	        Recheck Cond: ((id >= 4693550) AND (id <= 4694549))
	        ->  Bitmap Index Scan on sbtest8_pkey  (cost=0.00..33.86 rows=942 width=0)
	              Index Cond: ((id >= 4693550) AND (id <= 4694549))

for: sum_ranges
table 1 : explain SELECT SUM(k) FROM sbtest1 WHERE id BETWEEN 5084772 AND 5085771
	Aggregate  (cost=3990.14..3990.15 rows=1 width=8)
	  ->  Bitmap Heap Scan on sbtest1  (cost=34.98..3987.56 rows=1029 width=4)
	        Recheck Cond: ((id >= 5084772) AND (id <= 5085771))
	        ->  Bitmap Index Scan on sbtest1_pkey  (cost=0.00..34.73 rows=1029 width=0)
	              Index Cond: ((id >= 5084772) AND (id <= 5085771))

table 2 : explain SELECT SUM(k) FROM sbtest2 WHERE id BETWEEN 2890702 AND 2891701
	Aggregate  (cost=4208.63..4208.64 rows=1 width=8)
	  ->  Bitmap Heap Scan on sbtest2  (cost=35.59..4205.91 rows=1088 width=4)
	        Recheck Cond: ((id >= 2890702) AND (id <= 2891701))
	        ->  Bitmap Index Scan on sbtest2_pkey  (cost=0.00..35.32 rows=1088 width=0)
	              Index Cond: ((id >= 2890702) AND (id <= 2891701))

table 3 : explain SELECT SUM(k) FROM sbtest3 WHERE id BETWEEN 6448015 AND 6449014
	Aggregate  (cost=3977.68..3977.69 rows=1 width=8)
	  ->  Bitmap Heap Scan on sbtest3  (cost=34.94..3975.12 rows=1025 width=4)
	        Recheck Cond: ((id >= 6448015) AND (id <= 6449014))
	        ->  Bitmap Index Scan on sbtest3_pkey  (cost=0.00..34.69 rows=1025 width=0)
	              Index Cond: ((id >= 6448015) AND (id <= 6449014))

table 4 : explain SELECT SUM(k) FROM sbtest4 WHERE id BETWEEN 1922225 AND 1923224
	Aggregate  (cost=4355.36..4355.37 rows=1 width=8)
	  ->  Bitmap Heap Scan on sbtest4  (cost=39.96..4352.55 rows=1124 width=4)
	        Recheck Cond: ((id >= 1922225) AND (id <= 1923224))
	        ->  Bitmap Index Scan on sbtest4_pkey  (cost=0.00..39.68 rows=1124 width=0)
	              Index Cond: ((id >= 1922225) AND (id <= 1923224))

table 5 : explain SELECT SUM(k) FROM sbtest5 WHERE id BETWEEN 5302760 AND 5303759
	Aggregate  (cost=4105.99..4106.00 rows=1 width=8)
	  ->  Bitmap Heap Scan on sbtest5  (cost=35.29..4103.34 rows=1059 width=4)
	        Recheck Cond: ((id >= 5302760) AND (id <= 5303759))
	        ->  Bitmap Index Scan on sbtest5_pkey  (cost=0.00..35.03 rows=1059 width=0)
	              Index Cond: ((id >= 5302760) AND (id <= 5303759))

table 6 : explain SELECT SUM(k) FROM sbtest6 WHERE id BETWEEN 6762297 AND 6763296
	Aggregate  (cost=3985.57..3985.58 rows=1 width=8)
	  ->  Bitmap Heap Scan on sbtest6  (cost=34.97..3983.00 rows=1028 width=4)
	        Recheck Cond: ((id >= 6762297) AND (id <= 6763296))
	        ->  Bitmap Index Scan on sbtest6_pkey  (cost=0.00..34.72 rows=1028 width=0)
	              Index Cond: ((id >= 6762297) AND (id <= 6763296))

table 7 : explain SELECT SUM(k) FROM sbtest7 WHERE id BETWEEN 4155279 AND 4156278
	Aggregate  (cost=3746.15..3746.16 rows=1 width=8)
	  ->  Bitmap Heap Scan on sbtest7  (cost=34.32..3743.74 rows=964 width=4)
	        Recheck Cond: ((id >= 4155279) AND (id <= 4156278))
	        ->  Bitmap Index Scan on sbtest7_pkey  (cost=0.00..34.08 rows=964 width=0)
	              Index Cond: ((id >= 4155279) AND (id <= 4156278))

table 8 : explain SELECT SUM(k) FROM sbtest8 WHERE id BETWEEN 5048484 AND 5049483
	Aggregate  (cost=3837.16..3837.17 rows=1 width=8)
	  ->  Bitmap Heap Scan on sbtest8  (cost=34.57..3834.69 rows=989 width=4)
	        Recheck Cond: ((id >= 5048484) AND (id <= 5049483))
	        ->  Bitmap Index Scan on sbtest8_pkey  (cost=0.00..34.33 rows=989 width=0)
	              Index Cond: ((id >= 5048484) AND (id <= 5049483))

for: sum_ranges
table 1 : explain SELECT SUM(k) FROM sbtest1 WHERE id BETWEEN 2003318 AND 2004317
	Aggregate  (cost=4076.87..4076.88 rows=1 width=8)
	  ->  Bitmap Heap Scan on sbtest1  (cost=35.22..4074.24 rows=1052 width=4)
	        Recheck Cond: ((id >= 2003318) AND (id <= 2004317))
	        ->  Bitmap Index Scan on sbtest1_pkey  (cost=0.00..34.95 rows=1052 width=0)
	              Index Cond: ((id >= 2003318) AND (id <= 2004317))

table 2 : explain SELECT SUM(k) FROM sbtest2 WHERE id BETWEEN 3715034 AND 3716033
	Aggregate  (cost=3982.81..3982.82 rows=1 width=8)
	  ->  Bitmap Heap Scan on sbtest2  (cost=34.97..3980.24 rows=1028 width=4)
	        Recheck Cond: ((id >= 3715034) AND (id <= 3716033))
	        ->  Bitmap Index Scan on sbtest2_pkey  (cost=0.00..34.72 rows=1028 width=0)
	              Index Cond: ((id >= 3715034) AND (id <= 3716033))

table 3 : explain SELECT SUM(k) FROM sbtest3 WHERE id BETWEEN 3060175 AND 3061174
	Aggregate  (cost=3667.55..3667.56 rows=1 width=8)
	  ->  Bitmap Heap Scan on sbtest3  (cost=34.10..3665.19 rows=943 width=4)
	        Recheck Cond: ((id >= 3060175) AND (id <= 3061174))
	        ->  Bitmap Index Scan on sbtest3_pkey  (cost=0.00..33.87 rows=943 width=0)
	              Index Cond: ((id >= 3060175) AND (id <= 3061174))

table 4 : explain SELECT SUM(k) FROM sbtest4 WHERE id BETWEEN 820342 AND 821341
	Aggregate  (cost=3826.79..3826.80 rows=1 width=8)
	  ->  Bitmap Heap Scan on sbtest4  (cost=34.53..3824.33 rows=985 width=4)
	        Recheck Cond: ((id >= 820342) AND (id <= 821341))
	        ->  Bitmap Index Scan on sbtest4_pkey  (cost=0.00..34.29 rows=985 width=0)
	              Index Cond: ((id >= 820342) AND (id <= 821341))

table 5 : explain SELECT SUM(k) FROM sbtest5 WHERE id BETWEEN 5632387 AND 5633386
	Aggregate  (cost=3902.08..3902.09 rows=1 width=8)
	  ->  Bitmap Heap Scan on sbtest5  (cost=34.74..3899.57 rows=1005 width=4)
	        Recheck Cond: ((id >= 5632387) AND (id <= 5633386))
	        ->  Bitmap Index Scan on sbtest5_pkey  (cost=0.00..34.48 rows=1005 width=0)
	              Index Cond: ((id >= 5632387) AND (id <= 5633386))

table 6 : explain SELECT SUM(k) FROM sbtest6 WHERE id BETWEEN 3777143 AND 3778142
	Aggregate  (cost=3868.59..3868.60 rows=1 width=8)
	  ->  Bitmap Heap Scan on sbtest6  (cost=34.65..3866.10 rows=997 width=4)
	        Recheck Cond: ((id >= 3777143) AND (id <= 3778142))
	        ->  Bitmap Index Scan on sbtest6_pkey  (cost=0.00..34.41 rows=997 width=0)
	              Index Cond: ((id >= 3777143) AND (id <= 3778142))

table 7 : explain SELECT SUM(k) FROM sbtest7 WHERE id BETWEEN 246164 AND 247163
	Aggregate  (cost=4436.67..4436.68 rows=1 width=8)
	  ->  Bitmap Heap Scan on sbtest7  (cost=40.19..4433.80 rows=1147 width=4)
	        Recheck Cond: ((id >= 246164) AND (id <= 247163))
	        ->  Bitmap Index Scan on sbtest7_pkey  (cost=0.00..39.91 rows=1147 width=0)
	              Index Cond: ((id >= 246164) AND (id <= 247163))

table 8 : explain SELECT SUM(k) FROM sbtest8 WHERE id BETWEEN 1732184 AND 1733183
	Aggregate  (cost=3674.73..3674.74 rows=1 width=8)
	  ->  Bitmap Heap Scan on sbtest8  (cost=34.13..3672.37 rows=946 width=4)
	        Recheck Cond: ((id >= 1732184) AND (id <= 1733183))
	        ->  Bitmap Index Scan on sbtest8_pkey  (cost=0.00..33.90 rows=946 width=0)
	              Index Cond: ((id >= 1732184) AND (id <= 1733183))

for: simple_ranges
table 1 : explain SELECT c FROM sbtest1 WHERE id BETWEEN 6785832 AND 6786831
	Bitmap Heap Scan on sbtest1  (cost=35.08..4025.26 rows=1039 width=121)
	  Recheck Cond: ((id >= 6785832) AND (id <= 6786831))
	  ->  Bitmap Index Scan on sbtest1_pkey  (cost=0.00..34.83 rows=1039 width=0)
	        Index Cond: ((id >= 6785832) AND (id <= 6786831))

table 2 : explain SELECT c FROM sbtest2 WHERE id BETWEEN 326296 AND 327295
	Bitmap Heap Scan on sbtest2  (cost=40.13..4405.16 rows=1141 width=121)
	  Recheck Cond: ((id >= 326296) AND (id <= 327295))
	  ->  Bitmap Index Scan on sbtest2_pkey  (cost=0.00..39.84 rows=1141 width=0)
	        Index Cond: ((id >= 326296) AND (id <= 327295))

table 3 : explain SELECT c FROM sbtest3 WHERE id BETWEEN 8874632 AND 8875631
	Bitmap Heap Scan on sbtest3  (cost=34.19..3699.25 rows=952 width=121)
	  Recheck Cond: ((id >= 8874632) AND (id <= 8875631))
	  ->  Bitmap Index Scan on sbtest3_pkey  (cost=0.00..33.95 rows=952 width=0)
	        Index Cond: ((id >= 8874632) AND (id <= 8875631))

table 4 : explain SELECT c FROM sbtest4 WHERE id BETWEEN 204301 AND 205300
	Bitmap Heap Scan on sbtest4  (cost=34.61..3854.56 rows=993 width=121)
	  Recheck Cond: ((id >= 204301) AND (id <= 205300))
	  ->  Bitmap Index Scan on sbtest4_pkey  (cost=0.00..34.37 rows=993 width=0)
	        Index Cond: ((id >= 204301) AND (id <= 205300))

table 5 : explain SELECT c FROM sbtest5 WHERE id BETWEEN 4385600 AND 4386599
	Bitmap Heap Scan on sbtest5  (cost=40.26..4461.25 rows=1154 width=121)
	  Recheck Cond: ((id >= 4385600) AND (id <= 4386599))
	  ->  Bitmap Index Scan on sbtest5_pkey  (cost=0.00..39.98 rows=1154 width=0)
	        Index Cond: ((id >= 4385600) AND (id <= 4386599))

table 6 : explain SELECT c FROM sbtest6 WHERE id BETWEEN 7003247 AND 7004246
	Bitmap Heap Scan on sbtest6  (cost=34.79..3915.14 rows=1010 width=121)
	  Recheck Cond: ((id >= 7003247) AND (id <= 7004246))
	  ->  Bitmap Index Scan on sbtest6_pkey  (cost=0.00..34.54 rows=1010 width=0)
	        Index Cond: ((id >= 7003247) AND (id <= 7004246))

table 7 : explain SELECT c FROM sbtest7 WHERE id BETWEEN 8171940 AND 8172939
	Bitmap Heap Scan on sbtest7  (cost=34.73..3894.87 rows=1004 width=121)
	  Recheck Cond: ((id >= 8171940) AND (id <= 8172939))
	  ->  Bitmap Index Scan on sbtest7_pkey  (cost=0.00..34.48 rows=1004 width=0)
	        Index Cond: ((id >= 8171940) AND (id <= 8172939))

table 8 : explain SELECT c FROM sbtest8 WHERE id BETWEEN 259734 AND 260733
	Bitmap Heap Scan on sbtest8  (cost=29.74..3524.72 rows=908 width=121)
	  Recheck Cond: ((id >= 259734) AND (id <= 260733))
	  ->  Bitmap Index Scan on sbtest8_pkey  (cost=0.00..29.51 rows=908 width=0)
	        Index Cond: ((id >= 259734) AND (id <= 260733))

for: order_ranges
table 1 : explain SELECT c FROM sbtest1 WHERE id BETWEEN 1209841 AND 1210840 ORDER BY c
	Sort  (cost=3924.18..3926.67 rows=999 width=121)
	  Sort Key: c
	  ->  Bitmap Heap Scan on sbtest1  (cost=34.67..3874.40 rows=999 width=121)
	        Recheck Cond: ((id >= 1209841) AND (id <= 1210840))
	        ->  Bitmap Index Scan on sbtest1_pkey  (cost=0.00..34.43 rows=999 width=0)
	              Index Cond: ((id >= 1209841) AND (id <= 1210840))

table 2 : explain SELECT c FROM sbtest2 WHERE id BETWEEN 4007115 AND 4008114 ORDER BY c
	Sort  (cost=3786.79..3789.20 rows=964 width=121)
	  Sort Key: c
	  ->  Bitmap Heap Scan on sbtest2  (cost=34.32..3739.01 rows=964 width=121)
	        Recheck Cond: ((id >= 4007115) AND (id <= 4008114))
	        ->  Bitmap Index Scan on sbtest2_pkey  (cost=0.00..34.08 rows=964 width=0)
	              Index Cond: ((id >= 4007115) AND (id <= 4008114))

table 3 : explain SELECT c FROM sbtest3 WHERE id BETWEEN 8927978 AND 8928977 ORDER BY c
	Sort  (cost=4225.47..4228.16 rows=1077 width=121)
	  Sort Key: c
	  ->  Bitmap Heap Scan on sbtest3  (cost=35.47..4171.23 rows=1077 width=121)
	        Recheck Cond: ((id >= 8927978) AND (id <= 8928977))
	        ->  Bitmap Index Scan on sbtest3_pkey  (cost=0.00..35.20 rows=1077 width=0)
	              Index Cond: ((id >= 8927978) AND (id <= 8928977))

table 4 : explain SELECT c FROM sbtest4 WHERE id BETWEEN 4037631 AND 4038630 ORDER BY c
	Sort  (cost=3934.67..3937.18 rows=1001 width=121)
	  Sort Key: c
	  ->  Bitmap Heap Scan on sbtest4  (cost=34.70..3884.79 rows=1001 width=121)
	        Recheck Cond: ((id >= 4037631) AND (id <= 4038630))
	        ->  Bitmap Index Scan on sbtest4_pkey  (cost=0.00..34.45 rows=1001 width=0)
	              Index Cond: ((id >= 4037631) AND (id <= 4038630))

table 5 : explain SELECT c FROM sbtest5 WHERE id BETWEEN 4501930 AND 4502929 ORDER BY c
	Sort  (cost=3965.02..3967.54 rows=1009 width=121)
	  Sort Key: c
	  ->  Bitmap Heap Scan on sbtest5  (cost=34.78..3914.67 rows=1009 width=121)
	        Recheck Cond: ((id >= 4501930) AND (id <= 4502929))
	        ->  Bitmap Index Scan on sbtest5_pkey  (cost=0.00..34.53 rows=1009 width=0)
	              Index Cond: ((id >= 4501930) AND (id <= 4502929))

table 6 : explain SELECT c FROM sbtest6 WHERE id BETWEEN 8910044 AND 8911043 ORDER BY c
	Sort  (cost=3911.93..3914.42 rows=996 width=121)
	  Sort Key: c
	  ->  Bitmap Heap Scan on sbtest6  (cost=34.64..3862.32 rows=996 width=121)
	        Recheck Cond: ((id >= 8910044) AND (id <= 8911043))
	        ->  Bitmap Index Scan on sbtest6_pkey  (cost=0.00..34.40 rows=996 width=0)
	              Index Cond: ((id >= 8910044) AND (id <= 8911043))

table 7 : explain SELECT c FROM sbtest7 WHERE id BETWEEN 9703760 AND 9704759 ORDER BY c
	Sort  (cost=3672.50..3674.84 rows=933 width=121)
	  Sort Key: c
	  ->  Bitmap Heap Scan on sbtest7  (cost=34.00..3626.48 rows=933 width=121)
	        Recheck Cond: ((id >= 9703760) AND (id <= 9704759))
	        ->  Bitmap Index Scan on sbtest7_pkey  (cost=0.00..33.77 rows=933 width=0)
	              Index Cond: ((id >= 9703760) AND (id <= 9704759))

table 8 : explain SELECT c FROM sbtest8 WHERE id BETWEEN 5125316 AND 5126315 ORDER BY c
	Sort  (cost=4170.74..4173.40 rows=1064 width=121)
	  Sort Key: c
	  ->  Bitmap Heap Scan on sbtest8  (cost=35.34..4117.24 rows=1064 width=121)
	        Recheck Cond: ((id >= 5125316) AND (id <= 5126315))
	        ->  Bitmap Index Scan on sbtest8_pkey  (cost=0.00..35.08 rows=1064 width=0)
	              Index Cond: ((id >= 5125316) AND (id <= 5126315))

for: sum_ranges
table 1 : explain SELECT SUM(k) FROM sbtest1 WHERE id BETWEEN 3570234 AND 3571233
	Aggregate  (cost=3824.02..3824.03 rows=1 width=8)
	  ->  Bitmap Heap Scan on sbtest1  (cost=34.53..3821.56 rows=985 width=4)
	        Recheck Cond: ((id >= 3570234) AND (id <= 3571233))
	        ->  Bitmap Index Scan on sbtest1_pkey  (cost=0.00..34.29 rows=985 width=0)
	              Index Cond: ((id >= 3570234) AND (id <= 3571233))

table 2 : explain SELECT SUM(k) FROM sbtest2 WHERE id BETWEEN 3758552 AND 3759551
	Aggregate  (cost=3982.81..3982.82 rows=1 width=8)
	  ->  Bitmap Heap Scan on sbtest2  (cost=34.97..3980.24 rows=1028 width=4)
	        Recheck Cond: ((id >= 3758552) AND (id <= 3759551))
	        ->  Bitmap Index Scan on sbtest2_pkey  (cost=0.00..34.72 rows=1028 width=0)
	              Index Cond: ((id >= 3758552) AND (id <= 3759551))

table 3 : explain SELECT SUM(k) FROM sbtest3 WHERE id BETWEEN 1234737 AND 1235736
	Aggregate  (cost=3883.22..3883.23 rows=1 width=8)
	  ->  Bitmap Heap Scan on sbtest3  (cost=34.69..3880.72 rows=1000 width=4)
	        Recheck Cond: ((id >= 1234737) AND (id <= 1235736))
	        ->  Bitmap Index Scan on sbtest3_pkey  (cost=0.00..34.44 rows=1000 width=0)
	              Index Cond: ((id >= 1234737) AND (id <= 1235736))

table 4 : explain SELECT SUM(k) FROM sbtest4 WHERE id BETWEEN 256324 AND 257323
	Aggregate  (cost=3857.04..3857.05 rows=1 width=8)
	  ->  Bitmap Heap Scan on sbtest4  (cost=34.61..3854.56 rows=993 width=4)
	        Recheck Cond: ((id >= 256324) AND (id <= 257323))
	        ->  Bitmap Index Scan on sbtest4_pkey  (cost=0.00..34.37 rows=993 width=0)
	              Index Cond: ((id >= 256324) AND (id <= 257323))

table 5 : explain SELECT SUM(k) FROM sbtest5 WHERE id BETWEEN 3055903 AND 3056902
	Aggregate  (cost=4155.02..4155.03 rows=1 width=8)
	  ->  Bitmap Heap Scan on sbtest5  (cost=35.42..4152.34 rows=1072 width=4)
	        Recheck Cond: ((id >= 3055903) AND (id <= 3056902))
	        ->  Bitmap Index Scan on sbtest5_pkey  (cost=0.00..35.16 rows=1072 width=0)
	              Index Cond: ((id >= 3055903) AND (id <= 3056902))

table 6 : explain SELECT SUM(k) FROM sbtest6 WHERE id BETWEEN 9475852 AND 9476851
	Aggregate  (cost=3883.69..3883.70 rows=1 width=8)
	  ->  Bitmap Heap Scan on sbtest6  (cost=34.70..3881.19 rows=1001 width=4)
	        Recheck Cond: ((id >= 9475852) AND (id <= 9476851))
	        ->  Bitmap Index Scan on sbtest6_pkey  (cost=0.00..34.45 rows=1001 width=0)
	              Index Cond: ((id >= 9475852) AND (id <= 9476851))

table 7 : explain SELECT SUM(k) FROM sbtest7 WHERE id BETWEEN 6173613 AND 6174612
	Aggregate  (cost=3632.60..3632.61 rows=1 width=8)
	  ->  Bitmap Heap Scan on sbtest7  (cost=34.01..3630.27 rows=934 width=4)
	        Recheck Cond: ((id >= 6173613) AND (id <= 6174612))
	        ->  Bitmap Index Scan on sbtest7_pkey  (cost=0.00..33.78 rows=934 width=0)
	              Index Cond: ((id >= 6173613) AND (id <= 6174612))

table 8 : explain SELECT SUM(k) FROM sbtest8 WHERE id BETWEEN 3552915 AND 3553914
	Aggregate  (cost=4131.20..4131.21 rows=1 width=8)
	  ->  Bitmap Heap Scan on sbtest8  (cost=35.37..4128.53 rows=1067 width=4)
	        Recheck Cond: ((id >= 3552915) AND (id <= 3553914))
	        ->  Bitmap Index Scan on sbtest8_pkey  (cost=0.00..35.11 rows=1067 width=0)
	              Index Cond: ((id >= 3552915) AND (id <= 3553914))

for: order_ranges
table 1 : explain SELECT c FROM sbtest1 WHERE id BETWEEN 9746454 AND 9747453 ORDER BY c
	Sort  (cost=4207.34..4210.02 rows=1073 width=121)
	  Sort Key: c
	  ->  Bitmap Heap Scan on sbtest1  (cost=35.43..4153.33 rows=1073 width=121)
	        Recheck Cond: ((id >= 9746454) AND (id <= 9747453))
	        ->  Bitmap Index Scan on sbtest1_pkey  (cost=0.00..35.17 rows=1073 width=0)
	              Index Cond: ((id >= 9746454) AND (id <= 9747453))

table 2 : explain SELECT c FROM sbtest2 WHERE id BETWEEN 91521 AND 92520 ORDER BY c
	Sort  (cost=4150.10..4152.75 rows=1059 width=121)
	  Sort Key: c
	  ->  Bitmap Heap Scan on sbtest2  (cost=35.29..4096.89 rows=1059 width=121)
	        Recheck Cond: ((id >= 91521) AND (id <= 92520))
	        ->  Bitmap Index Scan on sbtest2_pkey  (cost=0.00..35.03 rows=1059 width=0)
	              Index Cond: ((id >= 91521) AND (id <= 92520))

table 3 : explain SELECT c FROM sbtest3 WHERE id BETWEEN 4634283 AND 4635282 ORDER BY c
	Sort  (cost=4091.50..4094.10 rows=1042 width=121)
	  Sort Key: c
	  ->  Bitmap Heap Scan on sbtest3  (cost=35.12..4039.27 rows=1042 width=121)
	        Recheck Cond: ((id >= 4634283) AND (id <= 4635282))
	        ->  Bitmap Index Scan on sbtest3_pkey  (cost=0.00..34.86 rows=1042 width=0)
	              Index Cond: ((id >= 4634283) AND (id <= 4635282))

table 4 : explain SELECT c FROM sbtest4 WHERE id BETWEEN 2556060 AND 2557059 ORDER BY c
	Sort  (cost=3731.26..3733.63 rows=948 width=121)
	  Sort Key: c
	  ->  Bitmap Heap Scan on sbtest4  (cost=34.15..3684.39 rows=948 width=121)
	        Recheck Cond: ((id >= 2556060) AND (id <= 2557059))
	        ->  Bitmap Index Scan on sbtest4_pkey  (cost=0.00..33.92 rows=948 width=0)
	              Index Cond: ((id >= 2556060) AND (id <= 2557059))

table 5 : explain SELECT c FROM sbtest5 WHERE id BETWEEN 316176 AND 317175 ORDER BY c
	Sort  (cost=3869.14..3871.60 rows=984 width=121)
	  Sort Key: c
	  ->  Bitmap Heap Scan on sbtest5  (cost=34.52..3820.22 rows=984 width=121)
	        Recheck Cond: ((id >= 316176) AND (id <= 317175))
	        ->  Bitmap Index Scan on sbtest5_pkey  (cost=0.00..34.28 rows=984 width=0)
	              Index Cond: ((id >= 316176) AND (id <= 317175))

table 6 : explain SELECT c FROM sbtest6 WHERE id BETWEEN 4083971 AND 4084970 ORDER BY c
	Sort  (cost=3674.23..3676.56 rows=934 width=121)
	  Sort Key: c
	  ->  Bitmap Heap Scan on sbtest6  (cost=34.01..3628.15 rows=934 width=121)
	        Recheck Cond: ((id >= 4083971) AND (id <= 4084970))
	        ->  Bitmap Index Scan on sbtest6_pkey  (cost=0.00..33.78 rows=934 width=0)
	              Index Cond: ((id >= 4083971) AND (id <= 4084970))

table 7 : explain SELECT c FROM sbtest7 WHERE id BETWEEN 278711 AND 279710 ORDER BY c
	Sort  (cost=4492.09..4494.96 rows=1147 width=121)
	  Sort Key: c
	  ->  Bitmap Heap Scan on sbtest7  (cost=40.19..4433.80 rows=1147 width=121)
	        Recheck Cond: ((id >= 278711) AND (id <= 279710))
	        ->  Bitmap Index Scan on sbtest7_pkey  (cost=0.00..39.91 rows=1147 width=0)
	              Index Cond: ((id >= 278711) AND (id <= 279710))

table 8 : explain SELECT c FROM sbtest8 WHERE id BETWEEN 5669380 AND 5670379 ORDER BY c
	Sort  (cost=4040.78..4043.36 rows=1030 width=121)
	  Sort Key: c
	  ->  Bitmap Heap Scan on sbtest8  (cost=34.99..3989.24 rows=1030 width=121)
	        Recheck Cond: ((id >= 5669380) AND (id <= 5670379))
	        ->  Bitmap Index Scan on sbtest8_pkey  (cost=0.00..34.73 rows=1030 width=0)
	              Index Cond: ((id >= 5669380) AND (id <= 5670379))

for: simple_ranges
table 1 : explain SELECT c FROM sbtest1 WHERE id BETWEEN 4938092 AND 4939091
	Bitmap Heap Scan on sbtest1  (cost=34.19..3696.89 rows=952 width=121)
	  Recheck Cond: ((id >= 4938092) AND (id <= 4939091))
	  ->  Bitmap Index Scan on sbtest1_pkey  (cost=0.00..33.95 rows=952 width=0)
	        Index Cond: ((id >= 4938092) AND (id <= 4939091))

table 2 : explain SELECT c FROM sbtest2 WHERE id BETWEEN 2173106 AND 2174105
	Bitmap Heap Scan on sbtest2  (cost=33.77..3538.84 rows=911 width=121)
	  Recheck Cond: ((id >= 2173106) AND (id <= 2174105))
	  ->  Bitmap Index Scan on sbtest2_pkey  (cost=0.00..33.55 rows=911 width=0)
	        Index Cond: ((id >= 2173106) AND (id <= 2174105))

table 3 : explain SELECT c FROM sbtest3 WHERE id BETWEEN 5901944 AND 5902943
	Bitmap Heap Scan on sbtest3  (cost=34.53..3824.04 rows=985 width=121)
	  Recheck Cond: ((id >= 5901944) AND (id <= 5902943))
	  ->  Bitmap Index Scan on sbtest3_pkey  (cost=0.00..34.29 rows=985 width=0)
	        Index Cond: ((id >= 5901944) AND (id <= 5902943))

table 4 : explain SELECT c FROM sbtest4 WHERE id BETWEEN 1061364 AND 1062363
	Bitmap Heap Scan on sbtest4  (cost=34.12..3673.03 rows=945 width=121)
	  Recheck Cond: ((id >= 1061364) AND (id <= 1062363))
	  ->  Bitmap Index Scan on sbtest4_pkey  (cost=0.00..33.89 rows=945 width=0)
	        Index Cond: ((id >= 1061364) AND (id <= 1062363))

table 5 : explain SELECT c FROM sbtest5 WHERE id BETWEEN 6808257 AND 6809256
	Bitmap Heap Scan on sbtest5  (cost=34.54..3827.78 rows=986 width=121)
	  Recheck Cond: ((id >= 6808257) AND (id <= 6809256))
	  ->  Bitmap Index Scan on sbtest5_pkey  (cost=0.00..34.30 rows=986 width=0)
	        Index Cond: ((id >= 6808257) AND (id <= 6809256))

table 6 : explain SELECT c FROM sbtest6 WHERE id BETWEEN 4879595 AND 4880594
	Bitmap Heap Scan on sbtest6  (cost=34.22..3707.52 rows=955 width=121)
	  Recheck Cond: ((id >= 4879595) AND (id <= 4880594))
	  ->  Bitmap Index Scan on sbtest6_pkey  (cost=0.00..33.98 rows=955 width=0)
	        Index Cond: ((id >= 4879595) AND (id <= 4880594))

table 7 : explain SELECT c FROM sbtest7 WHERE id BETWEEN 1768416 AND 1769415
	Bitmap Heap Scan on sbtest7  (cost=34.91..3962.81 rows=1022 width=121)
	  Recheck Cond: ((id >= 1768416) AND (id <= 1769415))
	  ->  Bitmap Index Scan on sbtest7_pkey  (cost=0.00..34.66 rows=1022 width=0)
	        Index Cond: ((id >= 1768416) AND (id <= 1769415))

table 8 : explain SELECT c FROM sbtest8 WHERE id BETWEEN 2263758 AND 2264757
	Bitmap Heap Scan on sbtest8  (cost=34.63..3857.32 rows=995 width=121)
	  Recheck Cond: ((id >= 2263758) AND (id <= 2264757))
	  ->  Bitmap Index Scan on sbtest8_pkey  (cost=0.00..34.39 rows=995 width=0)
	        Index Cond: ((id >= 2263758) AND (id <= 2264757))

for point_selects
table 1 : explain SELECT c FROM sbtest1 WHERE id=1509225
	Index Scan using sbtest1_pkey on sbtest1  (cost=0.43..8.45 rows=1 width=121)
	  Index Cond: (id = 1509225)

table 2 : explain SELECT c FROM sbtest2 WHERE id=6518288
	Index Scan using sbtest2_pkey on sbtest2  (cost=0.43..8.45 rows=1 width=121)
	  Index Cond: (id = 6518288)

table 3 : explain SELECT c FROM sbtest3 WHERE id=8169177
	Index Scan using sbtest3_pkey on sbtest3  (cost=0.43..8.45 rows=1 width=121)
	  Index Cond: (id = 8169177)

table 4 : explain SELECT c FROM sbtest4 WHERE id=8554289
	Index Scan using sbtest4_pkey on sbtest4  (cost=0.43..8.45 rows=1 width=121)
	  Index Cond: (id = 8554289)

table 5 : explain SELECT c FROM sbtest5 WHERE id=3103946
	Index Scan using sbtest5_pkey on sbtest5  (cost=0.43..8.45 rows=1 width=121)
	  Index Cond: (id = 3103946)

table 6 : explain SELECT c FROM sbtest6 WHERE id=6215108
	Index Scan using sbtest6_pkey on sbtest6  (cost=0.43..8.45 rows=1 width=121)
	  Index Cond: (id = 6215108)

table 7 : explain SELECT c FROM sbtest7 WHERE id=7672868
	Index Scan using sbtest7_pkey on sbtest7  (cost=0.43..8.45 rows=1 width=121)
	  Index Cond: (id = 7672868)

table 8 : explain SELECT c FROM sbtest8 WHERE id=4425226
	Index Scan using sbtest8_pkey on sbtest8  (cost=0.43..8.45 rows=1 width=121)
	  Index Cond: (id = 4425226)

for: order_ranges
table 1 : explain SELECT c FROM sbtest1 WHERE id BETWEEN 311810 AND 312809 ORDER BY c
	Sort  (cost=3770.84..3773.24 rows=959 width=121)
	  Sort Key: c
	  ->  Bitmap Heap Scan on sbtest1  (cost=34.26..3723.35 rows=959 width=121)
	        Recheck Cond: ((id >= 311810) AND (id <= 312809))
	        ->  Bitmap Index Scan on sbtest1_pkey  (cost=0.00..34.03 rows=959 width=0)
	              Index Cond: ((id >= 311810) AND (id <= 312809))

table 2 : explain SELECT c FROM sbtest2 WHERE id BETWEEN 1794295 AND 1795294 ORDER BY c
	Sort  (cost=3962.84..3965.37 rows=1010 width=121)
	  Sort Key: c
	  ->  Bitmap Heap Scan on sbtest2  (cost=34.79..3912.44 rows=1010 width=121)
	        Recheck Cond: ((id >= 1794295) AND (id <= 1795294))
	        ->  Bitmap Index Scan on sbtest2_pkey  (cost=0.00..34.54 rows=1010 width=0)
	              Index Cond: ((id >= 1794295) AND (id <= 1795294))

table 3 : explain SELECT c FROM sbtest3 WHERE id BETWEEN 4774544 AND 4775543 ORDER BY c
	Sort  (cost=3899.87..3902.35 rows=992 width=121)
	  Sort Key: c
	  ->  Bitmap Heap Scan on sbtest3  (cost=34.60..3850.49 rows=992 width=121)
	        Recheck Cond: ((id >= 4774544) AND (id <= 4775543))
	        ->  Bitmap Index Scan on sbtest3_pkey  (cost=0.00..34.36 rows=992 width=0)
	              Index Cond: ((id >= 4774544) AND (id <= 4775543))

table 4 : explain SELECT c FROM sbtest4 WHERE id BETWEEN 611565 AND 612564 ORDER BY c
	Sort  (cost=3865.63..3868.08 rows=983 width=121)
	  Sort Key: c
	  ->  Bitmap Heap Scan on sbtest4  (cost=34.51..3816.77 rows=983 width=121)
	        Recheck Cond: ((id >= 611565) AND (id <= 612564))
	        ->  Bitmap Index Scan on sbtest4_pkey  (cost=0.00..34.27 rows=983 width=0)
	              Index Cond: ((id >= 611565) AND (id <= 612564))

table 5 : explain SELECT c FROM sbtest5 WHERE id BETWEEN 1162867 AND 1163866 ORDER BY c
	Sort  (cost=4045.49..4048.07 rows=1030 width=121)
	  Sort Key: c
	  ->  Bitmap Heap Scan on sbtest5  (cost=34.99..3993.95 rows=1030 width=121)
	        Recheck Cond: ((id >= 1162867) AND (id <= 1163866))
	        ->  Bitmap Index Scan on sbtest5_pkey  (cost=0.00..34.73 rows=1030 width=0)
	              Index Cond: ((id >= 1162867) AND (id <= 1163866))

table 6 : explain SELECT c FROM sbtest6 WHERE id BETWEEN 6484599 AND 6485598 ORDER BY c
	Sort  (cost=3877.45..3879.92 rows=987 width=121)
	  Sort Key: c
	  ->  Bitmap Heap Scan on sbtest6  (cost=34.55..3828.36 rows=987 width=121)
	        Recheck Cond: ((id >= 6484599) AND (id <= 6485598))
	        ->  Bitmap Index Scan on sbtest6_pkey  (cost=0.00..34.31 rows=987 width=0)
	              Index Cond: ((id >= 6484599) AND (id <= 6485598))

table 7 : explain SELECT c FROM sbtest7 WHERE id BETWEEN 773401 AND 774400 ORDER BY c
	Sort  (cost=3641.77..3644.08 rows=925 width=121)
	  Sort Key: c
	  ->  Bitmap Heap Scan on sbtest7  (cost=33.92..3596.20 rows=925 width=121)
	        Recheck Cond: ((id >= 773401) AND (id <= 774400))
	        ->  Bitmap Index Scan on sbtest7_pkey  (cost=0.00..33.69 rows=925 width=0)
	              Index Cond: ((id >= 773401) AND (id <= 774400))

table 8 : explain SELECT c FROM sbtest8 WHERE id BETWEEN 4358286 AND 4359285 ORDER BY c
	Sort  (cost=4059.90..4062.49 rows=1035 width=121)
	  Sort Key: c
	  ->  Bitmap Heap Scan on sbtest8  (cost=35.04..4008.07 rows=1035 width=121)
	        Recheck Cond: ((id >= 4358286) AND (id <= 4359285))
	        ->  Bitmap Index Scan on sbtest8_pkey  (cost=0.00..34.79 rows=1035 width=0)
	              Index Cond: ((id >= 4358286) AND (id <= 4359285))

for: distinct_ranges
table 1 : explain SELECT DISTINCT c FROM sbtest1 WHERE id BETWEEN 7268130 AND 7269129 ORDER BY c
	Unique  (cost=3705.62..3710.33 rows=942 width=121)
	  ->  Sort  (cost=3705.62..3707.97 rows=942 width=121)
	        Sort Key: c
	        ->  Bitmap Heap Scan on sbtest1  (cost=34.09..3659.09 rows=942 width=121)
	              Recheck Cond: ((id >= 7268130) AND (id <= 7269129))
	              ->  Bitmap Index Scan on sbtest1_pkey  (cost=0.00..33.86 rows=942 width=0)
	                    Index Cond: ((id >= 7268130) AND (id <= 7269129))

table 2 : explain SELECT DISTINCT c FROM sbtest2 WHERE id BETWEEN 8489983 AND 8490982 ORDER BY c
	Unique  (cost=3890.16..3895.11 rows=991 width=121)
	  ->  Sort  (cost=3890.16..3892.64 rows=991 width=121)
	        Sort Key: c
	        ->  Bitmap Heap Scan on sbtest2  (cost=34.59..3840.84 rows=991 width=121)
	              Recheck Cond: ((id >= 8489983) AND (id <= 8490982))
	              ->  Bitmap Index Scan on sbtest2_pkey  (cost=0.00..34.34 rows=991 width=0)
	                    Index Cond: ((id >= 8489983) AND (id <= 8490982))

table 3 : explain SELECT DISTINCT c FROM sbtest3 WHERE id BETWEEN 3258564 AND 3259563 ORDER BY c
	Unique  (cost=4148.93..4154.22 rows=1057 width=121)
	  ->  Sort  (cost=4148.93..4151.57 rows=1057 width=121)
	        Sort Key: c
	        ->  Bitmap Heap Scan on sbtest3  (cost=35.27..4095.84 rows=1057 width=121)
	              Recheck Cond: ((id >= 3258564) AND (id <= 3259563))
	              ->  Bitmap Index Scan on sbtest3_pkey  (cost=0.00..35.01 rows=1057 width=0)
	                    Index Cond: ((id >= 3258564) AND (id <= 3259563))

table 4 : explain SELECT DISTINCT c FROM sbtest4 WHERE id BETWEEN 2705146 AND 2706145 ORDER BY c
	Unique  (cost=3777.34..3782.14 rows=960 width=121)
	  ->  Sort  (cost=3777.34..3779.74 rows=960 width=121)
	        Sort Key: c
	        ->  Bitmap Heap Scan on sbtest4  (cost=34.28..3729.79 rows=960 width=121)
	              Recheck Cond: ((id >= 2705146) AND (id <= 2706145))
	              ->  Bitmap Index Scan on sbtest4_pkey  (cost=0.00..34.04 rows=960 width=0)
	                    Index Cond: ((id >= 2705146) AND (id <= 2706145))

table 5 : explain SELECT DISTINCT c FROM sbtest5 WHERE id BETWEEN 3254890 AND 3255889 ORDER BY c
	Unique  (cost=3988.01..3993.09 rows=1015 width=121)
	  ->  Sort  (cost=3988.01..3990.55 rows=1015 width=121)
	        Sort Key: c
	        ->  Bitmap Heap Scan on sbtest5  (cost=34.84..3937.33 rows=1015 width=121)
	              Recheck Cond: ((id >= 3254890) AND (id <= 3255889))
	              ->  Bitmap Index Scan on sbtest5_pkey  (cost=0.00..34.59 rows=1015 width=0)
	                    Index Cond: ((id >= 3254890) AND (id <= 3255889))

table 6 : explain SELECT DISTINCT c FROM sbtest6 WHERE id BETWEEN 6749487 AND 6750486 ORDER BY c
	Unique  (cost=4034.43..4039.57 rows=1028 width=121)
	  ->  Sort  (cost=4034.43..4037.00 rows=1028 width=121)
	        Sort Key: c
	        ->  Bitmap Heap Scan on sbtest6  (cost=34.97..3983.00 rows=1028 width=121)
	              Recheck Cond: ((id >= 6749487) AND (id <= 6750486))
	              ->  Bitmap Index Scan on sbtest6_pkey  (cost=0.00..34.72 rows=1028 width=0)
	                    Index Cond: ((id >= 6749487) AND (id <= 6750486))

table 7 : explain SELECT DISTINCT c FROM sbtest7 WHERE id BETWEEN 7559158 AND 7560157 ORDER BY c
	Unique  (cost=4071.34..4076.53 rows=1037 width=121)
	  ->  Sort  (cost=4071.34..4073.93 rows=1037 width=121)
	        Sort Key: c
	        ->  Bitmap Heap Scan on sbtest7  (cost=35.06..4019.40 rows=1037 width=121)
	              Recheck Cond: ((id >= 7559158) AND (id <= 7560157))
	              ->  Bitmap Index Scan on sbtest7_pkey  (cost=0.00..34.81 rows=1037 width=0)
	                    Index Cond: ((id >= 7559158) AND (id <= 7560157))

table 8 : explain SELECT DISTINCT c FROM sbtest8 WHERE id BETWEEN 2594831 AND 2595830 ORDER BY c
	Unique  (cost=4044.61..4049.76 rows=1031 width=121)
	  ->  Sort  (cost=4044.61..4047.19 rows=1031 width=121)
	        Sort Key: c
	        ->  Bitmap Heap Scan on sbtest8  (cost=35.00..3993.01 rows=1031 width=121)
	              Recheck Cond: ((id >= 2594831) AND (id <= 2595830))
	              ->  Bitmap Index Scan on sbtest8_pkey  (cost=0.00..34.75 rows=1031 width=0)
	                    Index Cond: ((id >= 2594831) AND (id <= 2595830))

for: order_ranges
table 1 : explain SELECT c FROM sbtest1 WHERE id BETWEEN 7634273 AND 7635272 ORDER BY c
	Sort  (cost=4012.25..4014.81 rows=1022 width=121)
	  Sort Key: c
	  ->  Bitmap Heap Scan on sbtest1  (cost=34.91..3961.17 rows=1022 width=121)
	        Recheck Cond: ((id >= 7634273) AND (id <= 7635272))
	        ->  Bitmap Index Scan on sbtest1_pkey  (cost=0.00..34.66 rows=1022 width=0)
	              Index Cond: ((id >= 7634273) AND (id <= 7635272))

table 2 : explain SELECT c FROM sbtest2 WHERE id BETWEEN 3946846 AND 3947845 ORDER BY c
	Sort  (cost=3736.99..3739.37 rows=951 width=121)
	  Sort Key: c
	  ->  Bitmap Heap Scan on sbtest2  (cost=34.18..3689.95 rows=951 width=121)
	        Recheck Cond: ((id >= 3946846) AND (id <= 3947845))
	        ->  Bitmap Index Scan on sbtest2_pkey  (cost=0.00..33.95 rows=951 width=0)
	              Index Cond: ((id >= 3946846) AND (id <= 3947845))

table 3 : explain SELECT c FROM sbtest3 WHERE id BETWEEN 4837930 AND 4838929 ORDER BY c
	Sort  (cost=3922.88..3925.37 rows=998 width=121)
	  Sort Key: c
	  ->  Bitmap Heap Scan on sbtest3  (cost=34.66..3873.16 rows=998 width=121)
	        Recheck Cond: ((id >= 4837930) AND (id <= 4838929))
	        ->  Bitmap Index Scan on sbtest3_pkey  (cost=0.00..34.42 rows=998 width=0)
	              Index Cond: ((id >= 4837930) AND (id <= 4838929))

table 4 : explain SELECT c FROM sbtest4 WHERE id BETWEEN 7960316 AND 7961315 ORDER BY c
	Sort  (cost=4164.56..4167.21 rows=1061 width=121)
	  Sort Key: c
	  ->  Bitmap Heap Scan on sbtest4  (cost=35.31..4111.24 rows=1061 width=121)
	        Recheck Cond: ((id >= 7960316) AND (id <= 7961315))
	        ->  Bitmap Index Scan on sbtest4_pkey  (cost=0.00..35.05 rows=1061 width=0)
	              Index Cond: ((id >= 7960316) AND (id <= 7961315))

table 5 : explain SELECT c FROM sbtest5 WHERE id BETWEEN 5598793 AND 5599792 ORDER BY c
	Sort  (cost=3949.68..3952.19 rows=1005 width=121)
	  Sort Key: c
	  ->  Bitmap Heap Scan on sbtest5  (cost=34.74..3899.57 rows=1005 width=121)
	        Recheck Cond: ((id >= 5598793) AND (id <= 5599792))
	        ->  Bitmap Index Scan on sbtest5_pkey  (cost=0.00..34.48 rows=1005 width=0)
	              Index Cond: ((id >= 5598793) AND (id <= 5599792))

table 6 : explain SELECT c FROM sbtest6 WHERE id BETWEEN 9023572 AND 9024571 ORDER BY c
	Sort  (cost=3581.93..3584.21 rows=911 width=121)
	  Sort Key: c
	  ->  Bitmap Heap Scan on sbtest6  (cost=29.77..3537.15 rows=911 width=121)
	        Recheck Cond: ((id >= 9023572) AND (id <= 9024571))
	        ->  Bitmap Index Scan on sbtest6_pkey  (cost=0.00..29.54 rows=911 width=0)
	              Index Cond: ((id >= 9023572) AND (id <= 9024571))

table 7 : explain SELECT c FROM sbtest7 WHERE id BETWEEN 7642175 AND 7643174 ORDER BY c
	Sort  (cost=4377.46..4380.25 rows=1116 width=121)
	  Sort Key: c
	  ->  Bitmap Heap Scan on sbtest7  (cost=39.87..4320.97 rows=1116 width=121)
	        Recheck Cond: ((id >= 7642175) AND (id <= 7643174))
	        ->  Bitmap Index Scan on sbtest7_pkey  (cost=0.00..39.59 rows=1116 width=0)
	              Index Cond: ((id >= 7642175) AND (id <= 7643174))

table 8 : explain SELECT c FROM sbtest8 WHERE id BETWEEN 8896956 AND 8897955 ORDER BY c
	Sort  (cost=3788.13..3790.54 rows=964 width=121)
	  Sort Key: c
	  ->  Bitmap Heap Scan on sbtest8  (cost=34.32..3740.35 rows=964 width=121)
	        Recheck Cond: ((id >= 8896956) AND (id <= 8897955))
	        ->  Bitmap Index Scan on sbtest8_pkey  (cost=0.00..34.08 rows=964 width=0)
	              Index Cond: ((id >= 8896956) AND (id <= 8897955))

for: order_ranges
table 1 : explain SELECT c FROM sbtest1 WHERE id BETWEEN 7453521 AND 7454520 ORDER BY c
	Sort  (cost=4077.32..4079.91 rows=1039 width=121)
	  Sort Key: c
	  ->  Bitmap Heap Scan on sbtest1  (cost=35.08..4025.26 rows=1039 width=121)
	        Recheck Cond: ((id >= 7453521) AND (id <= 7454520))
	        ->  Bitmap Index Scan on sbtest1_pkey  (cost=0.00..34.83 rows=1039 width=0)
	              Index Cond: ((id >= 7453521) AND (id <= 7454520))

table 2 : explain SELECT c FROM sbtest2 WHERE id BETWEEN 458298 AND 459297 ORDER BY c
	Sort  (cost=3514.38..3516.62 rows=894 width=121)
	  Sort Key: c
	  ->  Bitmap Heap Scan on sbtest2  (cost=29.60..3470.56 rows=894 width=121)
	        Recheck Cond: ((id >= 458298) AND (id <= 459297))
	        ->  Bitmap Index Scan on sbtest2_pkey  (cost=0.00..29.37 rows=894 width=0)
	              Index Cond: ((id >= 458298) AND (id <= 459297))

table 3 : explain SELECT c FROM sbtest3 WHERE id BETWEEN 7075834 AND 7076833 ORDER BY c
	Sort  (cost=3511.72..3513.95 rows=892 width=121)
	  Sort Key: c
	  ->  Bitmap Heap Scan on sbtest3  (cost=29.58..3468.01 rows=892 width=121)
	        Recheck Cond: ((id >= 7075834) AND (id <= 7076833))
	        ->  Bitmap Index Scan on sbtest3_pkey  (cost=0.00..29.36 rows=892 width=0)
	              Index Cond: ((id >= 7075834) AND (id <= 7076833))

table 4 : explain SELECT c FROM sbtest4 WHERE id BETWEEN 6398779 AND 6399778 ORDER BY c
	Sort  (cost=4087.98..4090.58 rows=1041 width=121)
	  Sort Key: c
	  ->  Bitmap Heap Scan on sbtest4  (cost=35.11..4035.80 rows=1041 width=121)
	        Recheck Cond: ((id >= 6398779) AND (id <= 6399778))
	        ->  Bitmap Index Scan on sbtest4_pkey  (cost=0.00..34.84 rows=1041 width=0)
	              Index Cond: ((id >= 6398779) AND (id <= 6399778))

table 5 : explain SELECT c FROM sbtest5 WHERE id BETWEEN 1739149 AND 1740148 ORDER BY c
	Sort  (cost=3826.93..3829.37 rows=973 width=121)
	  Sort Key: c
	  ->  Bitmap Heap Scan on sbtest5  (cost=34.41..3778.64 rows=973 width=121)
	        Recheck Cond: ((id >= 1739149) AND (id <= 1740148))
	        ->  Bitmap Index Scan on sbtest5_pkey  (cost=0.00..34.17 rows=973 width=0)
	              Index Cond: ((id >= 1739149) AND (id <= 1740148))

table 6 : explain SELECT c FROM sbtest6 WHERE id BETWEEN 7929359 AND 7930358 ORDER BY c
	Sort  (cost=3973.19..3975.72 rows=1012 width=121)
	  Sort Key: c
	  ->  Bitmap Heap Scan on sbtest6  (cost=34.81..3922.68 rows=1012 width=121)
	        Recheck Cond: ((id >= 7929359) AND (id <= 7930358))
	        ->  Bitmap Index Scan on sbtest6_pkey  (cost=0.00..34.56 rows=1012 width=0)
	              Index Cond: ((id >= 7929359) AND (id <= 7930358))

table 7 : explain SELECT c FROM sbtest7 WHERE id BETWEEN 9456363 AND 9457362 ORDER BY c
	Sort  (cost=3803.03..3805.45 rows=967 width=121)
	  Sort Key: c
	  ->  Bitmap Heap Scan on sbtest7  (cost=34.35..3755.08 rows=967 width=121)
	        Recheck Cond: ((id >= 9456363) AND (id <= 9457362))
	        ->  Bitmap Index Scan on sbtest7_pkey  (cost=0.00..34.11 rows=967 width=0)
	              Index Cond: ((id >= 9456363) AND (id <= 9457362))

table 8 : explain SELECT c FROM sbtest8 WHERE id BETWEEN 6946858 AND 6947857 ORDER BY c
	Sort  (cost=3918.35..3920.84 rows=998 width=121)
	  Sort Key: c
	  ->  Bitmap Heap Scan on sbtest8  (cost=34.66..3868.63 rows=998 width=121)
	        Recheck Cond: ((id >= 6946858) AND (id <= 6947857))
	        ->  Bitmap Index Scan on sbtest8_pkey  (cost=0.00..34.42 rows=998 width=0)
	              Index Cond: ((id >= 6946858) AND (id <= 6947857))

for: order_ranges
table 1 : explain SELECT c FROM sbtest1 WHERE id BETWEEN 4325692 AND 4326691 ORDER BY c
	Sort  (cost=3767.01..3769.40 rows=958 width=121)
	  Sort Key: c
	  ->  Bitmap Heap Scan on sbtest1  (cost=34.25..3719.57 rows=958 width=121)
	        Recheck Cond: ((id >= 4325692) AND (id <= 4326691))
	        ->  Bitmap Index Scan on sbtest1_pkey  (cost=0.00..34.02 rows=958 width=0)
	              Index Cond: ((id >= 4325692) AND (id <= 4326691))

table 2 : explain SELECT c FROM sbtest2 WHERE id BETWEEN 3560718 AND 3561717 ORDER BY c
	Sort  (cost=4119.55..4122.17 rows=1051 width=121)
	  Sort Key: c
	  ->  Bitmap Heap Scan on sbtest2  (cost=35.21..4066.80 rows=1051 width=121)
	        Recheck Cond: ((id >= 3560718) AND (id <= 3561717))
	        ->  Bitmap Index Scan on sbtest2_pkey  (cost=0.00..34.95 rows=1051 width=0)
	              Index Cond: ((id >= 3560718) AND (id <= 3561717))

table 3 : explain SELECT c FROM sbtest3 WHERE id BETWEEN 2323835 AND 2324834 ORDER BY c
	Sort  (cost=4348.01..4350.78 rows=1108 width=121)
	  Sort Key: c
	  ->  Bitmap Heap Scan on sbtest3  (cost=39.79..4291.98 rows=1108 width=121)
	        Recheck Cond: ((id >= 2323835) AND (id <= 2324834))
	        ->  Bitmap Index Scan on sbtest3_pkey  (cost=0.00..39.52 rows=1108 width=0)
	              Index Cond: ((id >= 2323835) AND (id <= 2324834))

table 4 : explain SELECT c FROM sbtest4 WHERE id BETWEEN 481688 AND 482687 ORDER BY c
	Sort  (cost=3592.90..3595.18 rows=912 width=121)
	  Sort Key: c
	  ->  Bitmap Heap Scan on sbtest4  (cost=33.78..3548.06 rows=912 width=121)
	        Recheck Cond: ((id >= 481688) AND (id <= 482687))
	        ->  Bitmap Index Scan on sbtest4_pkey  (cost=0.00..33.56 rows=912 width=0)
	              Index Cond: ((id >= 481688) AND (id <= 482687))

table 5 : explain SELECT c FROM sbtest5 WHERE id BETWEEN 3025877 AND 3026876 ORDER BY c
	Sort  (cost=4206.30..4208.98 rows=1072 width=121)
	  Sort Key: c
	  ->  Bitmap Heap Scan on sbtest5  (cost=35.42..4152.34 rows=1072 width=121)
	        Recheck Cond: ((id >= 3025877) AND (id <= 3026876))
	        ->  Bitmap Index Scan on sbtest5_pkey  (cost=0.00..35.16 rows=1072 width=0)
	              Index Cond: ((id >= 3025877) AND (id <= 3026876))

table 6 : explain SELECT c FROM sbtest6 WHERE id BETWEEN 8060863 AND 8061862 ORDER BY c
	Sort  (cost=3992.33..3994.87 rows=1017 width=121)
	  Sort Key: c
	  ->  Bitmap Heap Scan on sbtest6  (cost=34.86..3941.53 rows=1017 width=121)
	        Recheck Cond: ((id >= 8060863) AND (id <= 8061862))
	        ->  Bitmap Index Scan on sbtest6_pkey  (cost=0.00..34.61 rows=1017 width=0)
	              Index Cond: ((id >= 8060863) AND (id <= 8061862))

table 7 : explain SELECT c FROM sbtest7 WHERE id BETWEEN 6431190 AND 6432189 ORDER BY c
	Sort  (cost=4266.46..4269.18 rows=1088 width=121)
	  Sort Key: c
	  ->  Bitmap Heap Scan on sbtest7  (cost=35.59..4211.59 rows=1088 width=121)
	        Recheck Cond: ((id >= 6431190) AND (id <= 6432189))
	        ->  Bitmap Index Scan on sbtest7_pkey  (cost=0.00..35.32 rows=1088 width=0)
	              Index Cond: ((id >= 6431190) AND (id <= 6432189))

table 8 : explain SELECT c FROM sbtest8 WHERE id BETWEEN 515975 AND 516974 ORDER BY c
	Sort  (cost=3542.46..3544.71 rows=901 width=121)
	  Sort Key: c
	  ->  Bitmap Heap Scan on sbtest8  (cost=29.67..3498.24 rows=901 width=121)
	        Recheck Cond: ((id >= 515975) AND (id <= 516974))
	        ->  Bitmap Index Scan on sbtest8_pkey  (cost=0.00..29.44 rows=901 width=0)
	              Index Cond: ((id >= 515975) AND (id <= 516974))

for: distinct_ranges
table 1 : explain SELECT DISTINCT c FROM sbtest1 WHERE id BETWEEN 5291537 AND 5292536 ORDER BY c
	Unique  (cost=4169.11..4174.43 rows=1063 width=121)
	  ->  Sort  (cost=4169.11..4171.77 rows=1063 width=121)
	        Sort Key: c
	        ->  Bitmap Heap Scan on sbtest1  (cost=35.33..4115.68 rows=1063 width=121)
	              Recheck Cond: ((id >= 5291537) AND (id <= 5292536))
	              ->  Bitmap Index Scan on sbtest1_pkey  (cost=0.00..35.07 rows=1063 width=0)
	                    Index Cond: ((id >= 5291537) AND (id <= 5292536))

table 2 : explain SELECT DISTINCT c FROM sbtest2 WHERE id BETWEEN 3763890 AND 3764889 ORDER BY c
	Unique  (cost=4031.66..4036.80 rows=1028 width=121)
	  ->  Sort  (cost=4031.66..4034.23 rows=1028 width=121)
	        Sort Key: c
	        ->  Bitmap Heap Scan on sbtest2  (cost=34.97..3980.24 rows=1028 width=121)
	              Recheck Cond: ((id >= 3763890) AND (id <= 3764889))
	              ->  Bitmap Index Scan on sbtest2_pkey  (cost=0.00..34.72 rows=1028 width=0)
	                    Index Cond: ((id >= 3763890) AND (id <= 3764889))

table 3 : explain SELECT DISTINCT c FROM sbtest3 WHERE id BETWEEN 5477828 AND 5478827 ORDER BY c
	Unique  (cost=4160.41..4165.71 rows=1060 width=121)
	  ->  Sort  (cost=4160.41..4163.06 rows=1060 width=121)
	        Sort Key: c
	        ->  Bitmap Heap Scan on sbtest3  (cost=35.30..4107.15 rows=1060 width=121)
	              Recheck Cond: ((id >= 5477828) AND (id <= 5478827))
	              ->  Bitmap Index Scan on sbtest3_pkey  (cost=0.00..35.04 rows=1060 width=0)
	                    Index Cond: ((id >= 5477828) AND (id <= 5478827))

table 4 : explain SELECT DISTINCT c FROM sbtest4 WHERE id BETWEEN 3276478 AND 3277477 ORDER BY c
	Unique  (cost=3788.86..3793.68 rows=963 width=121)
	  ->  Sort  (cost=3788.86..3791.27 rows=963 width=121)
	        Sort Key: c
	        ->  Bitmap Heap Scan on sbtest4  (cost=34.31..3741.14 rows=963 width=121)
	              Recheck Cond: ((id >= 3276478) AND (id <= 3277477))
	              ->  Bitmap Index Scan on sbtest4_pkey  (cost=0.00..34.07 rows=963 width=0)
	                    Index Cond: ((id >= 3276478) AND (id <= 3277477))

table 5 : explain SELECT DISTINCT c FROM sbtest5 WHERE id BETWEEN 4513210 AND 4514209 ORDER BY c
	Unique  (cost=3965.02..3970.06 rows=1009 width=121)
	  ->  Sort  (cost=3965.02..3967.54 rows=1009 width=121)
	        Sort Key: c
	        ->  Bitmap Heap Scan on sbtest5  (cost=34.78..3914.67 rows=1009 width=121)
	              Recheck Cond: ((id >= 4513210) AND (id <= 4514209))
	              ->  Bitmap Index Scan on sbtest5_pkey  (cost=0.00..34.53 rows=1009 width=0)
	                    Index Cond: ((id >= 4513210) AND (id <= 4514209))

table 6 : explain SELECT DISTINCT c FROM sbtest6 WHERE id BETWEEN 233889 AND 234888 ORDER BY c
	Unique  (cost=4137.70..4142.97 rows=1055 width=121)
	  ->  Sort  (cost=4137.70..4140.33 rows=1055 width=121)
	        Sort Key: c
	        ->  Bitmap Heap Scan on sbtest6  (cost=35.25..4084.72 rows=1055 width=121)
	              Recheck Cond: ((id >= 233889) AND (id <= 234888))
	              ->  Bitmap Index Scan on sbtest6_pkey  (cost=0.00..34.98 rows=1055 width=0)
	                    Index Cond: ((id >= 233889) AND (id <= 234888))

table 7 : explain SELECT DISTINCT c FROM sbtest7 WHERE id BETWEEN 3585268 AND 3586267 ORDER BY c
	Unique  (cost=3929.59..3934.59 rows=1000 width=121)
	  ->  Sort  (cost=3929.59..3932.09 rows=1000 width=121)
	        Sort Key: c
	        ->  Bitmap Heap Scan on sbtest7  (cost=34.69..3879.76 rows=1000 width=121)
	              Recheck Cond: ((id >= 3585268) AND (id <= 3586267))
	              ->  Bitmap Index Scan on sbtest7_pkey  (cost=0.00..34.44 rows=1000 width=0)
	                    Index Cond: ((id >= 3585268) AND (id <= 3586267))

table 8 : explain SELECT DISTINCT c FROM sbtest8 WHERE id BETWEEN 9583680 AND 9584679 ORDER BY c
	Unique  (cost=4293.11..4298.58 rows=1095 width=121)
	  ->  Sort  (cost=4293.11..4295.85 rows=1095 width=121)
	        Sort Key: c
	        ->  Bitmap Heap Scan on sbtest8  (cost=39.66..4237.83 rows=1095 width=121)
	              Recheck Cond: ((id >= 9583680) AND (id <= 9584679))
	              ->  Bitmap Index Scan on sbtest8_pkey  (cost=0.00..39.39 rows=1095 width=0)
	                    Index Cond: ((id >= 9583680) AND (id <= 9584679))

explain: for point_selects :: explain SELECT c FROM sbtest%u WHERE id=%u
for: sum_ranges
table 1 : explain SELECT SUM(k) FROM sbtest1 WHERE id BETWEEN 5597723 AND 5598722
	Aggregate  (cost=3986.36..3986.37 rows=1 width=8)
	  ->  Bitmap Heap Scan on sbtest1  (cost=34.97..3983.79 rows=1028 width=4)
	        Recheck Cond: ((id >= 5597723) AND (id <= 5598722))
	        ->  Bitmap Index Scan on sbtest1_pkey  (cost=0.00..34.72 rows=1028 width=0)
	              Index Cond: ((id >= 5597723) AND (id <= 5598722))

table 2 : explain SELECT SUM(k) FROM sbtest2 WHERE id BETWEEN 6299424 AND 6300423
	Aggregate  (cost=3816.91..3816.92 rows=1 width=8)
	  ->  Bitmap Heap Scan on sbtest2  (cost=34.52..3814.45 rows=984 width=4)
	        Recheck Cond: ((id >= 6299424) AND (id <= 6300423))
	        ->  Bitmap Index Scan on sbtest2_pkey  (cost=0.00..34.28 rows=984 width=0)
	              Index Cond: ((id >= 6299424) AND (id <= 6300423))

table 3 : explain SELECT SUM(k) FROM sbtest3 WHERE id BETWEEN 4116520 AND 4117519
	Aggregate  (cost=3936.13..3936.14 rows=1 width=8)
	  ->  Bitmap Heap Scan on sbtest3  (cost=34.83..3933.59 rows=1014 width=4)
	        Recheck Cond: ((id >= 4116520) AND (id <= 4117519))
	        ->  Bitmap Index Scan on sbtest3_pkey  (cost=0.00..34.58 rows=1014 width=0)
	              Index Cond: ((id >= 4116520) AND (id <= 4117519))

table 4 : explain SELECT SUM(k) FROM sbtest4 WHERE id BETWEEN 6898294 AND 6899293
	Aggregate  (cost=3807.88..3807.89 rows=1 width=8)
	  ->  Bitmap Heap Scan on sbtest4  (cost=34.48..3805.43 rows=980 width=4)
	        Recheck Cond: ((id >= 6898294) AND (id <= 6899293))
	        ->  Bitmap Index Scan on sbtest4_pkey  (cost=0.00..34.23 rows=980 width=0)
	              Index Cond: ((id >= 6898294) AND (id <= 6899293))

table 5 : explain SELECT SUM(k) FROM sbtest5 WHERE id BETWEEN 9437538 AND 9438537
	Aggregate  (cost=3803.77..3803.78 rows=1 width=8)
	  ->  Bitmap Heap Scan on sbtest5  (cost=34.47..3801.33 rows=979 width=4)
	        Recheck Cond: ((id >= 9437538) AND (id <= 9438537))
	        ->  Bitmap Index Scan on sbtest5_pkey  (cost=0.00..34.23 rows=979 width=0)
	              Index Cond: ((id >= 9437538) AND (id <= 9438537))

table 6 : explain SELECT SUM(k) FROM sbtest6 WHERE id BETWEEN 4482681 AND 4483680
	Aggregate  (cost=3781.72..3781.73 rows=1 width=8)
	  ->  Bitmap Heap Scan on sbtest6  (cost=34.42..3779.29 rows=974 width=4)
	        Recheck Cond: ((id >= 4482681) AND (id <= 4483680))
	        ->  Bitmap Index Scan on sbtest6_pkey  (cost=0.00..34.18 rows=974 width=0)
	              Index Cond: ((id >= 4482681) AND (id <= 4483680))

table 7 : explain SELECT SUM(k) FROM sbtest7 WHERE id BETWEEN 2878401 AND 2879400
	Aggregate  (cost=3696.96..3696.97 rows=1 width=8)
	  ->  Bitmap Heap Scan on sbtest7  (cost=34.18..3694.58 rows=951 width=4)
	        Recheck Cond: ((id >= 2878401) AND (id <= 2879400))
	        ->  Bitmap Index Scan on sbtest7_pkey  (cost=0.00..33.95 rows=951 width=0)
	              Index Cond: ((id >= 2878401) AND (id <= 2879400))

table 8 : explain SELECT SUM(k) FROM sbtest8 WHERE id BETWEEN 1553759 AND 1554758
	Aggregate  (cost=3595.32..3595.33 rows=1 width=8)
	  ->  Bitmap Heap Scan on sbtest8  (cost=33.92..3593.01 rows=925 width=4)
	        Recheck Cond: ((id >= 1553759) AND (id <= 1554758))
	        ->  Bitmap Index Scan on sbtest8_pkey  (cost=0.00..33.69 rows=925 width=0)
	              Index Cond: ((id >= 1553759) AND (id <= 1554758))

for: sum_ranges
table 1 : explain SELECT SUM(k) FROM sbtest1 WHERE id BETWEEN 2295685 AND 2296684
	Aggregate  (cost=3929.76..3929.77 rows=1 width=8)
	  ->  Bitmap Heap Scan on sbtest1  (cost=34.82..3927.23 rows=1013 width=4)
	        Recheck Cond: ((id >= 2295685) AND (id <= 2296684))
	        ->  Bitmap Index Scan on sbtest1_pkey  (cost=0.00..34.57 rows=1013 width=0)
	              Index Cond: ((id >= 2295685) AND (id <= 2296684))

table 2 : explain SELECT SUM(k) FROM sbtest2 WHERE id BETWEEN 3830422 AND 3831421
	Aggregate  (cost=4238.95..4238.96 rows=1 width=8)
	  ->  Bitmap Heap Scan on sbtest2  (cost=39.66..4236.21 rows=1095 width=4)
	        Recheck Cond: ((id >= 3830422) AND (id <= 3831421))
	        ->  Bitmap Index Scan on sbtest2_pkey  (cost=0.00..39.39 rows=1095 width=0)
	              Index Cond: ((id >= 3830422) AND (id <= 3831421))

table 3 : explain SELECT SUM(k) FROM sbtest3 WHERE id BETWEEN 3741911 AND 3742910
	Aggregate  (cost=3697.85..3697.86 rows=1 width=8)
	  ->  Bitmap Heap Scan on sbtest3  (cost=34.18..3695.47 rows=951 width=4)
	        Recheck Cond: ((id >= 3741911) AND (id <= 3742910))
	        ->  Bitmap Index Scan on sbtest3_pkey  (cost=0.00..33.95 rows=951 width=0)
	              Index Cond: ((id >= 3741911) AND (id <= 3742910))

table 4 : explain SELECT SUM(k) FROM sbtest4 WHERE id BETWEEN 3140586 AND 3141585
	Aggregate  (cost=4272.49..4272.50 rows=1 width=8)
	  ->  Bitmap Heap Scan on sbtest4  (cost=39.73..4269.73 rows=1102 width=4)
	        Recheck Cond: ((id >= 3140586) AND (id <= 3141585))
	        ->  Bitmap Index Scan on sbtest4_pkey  (cost=0.00..39.45 rows=1102 width=0)
	              Index Cond: ((id >= 3140586) AND (id <= 3141585))

table 5 : explain SELECT SUM(k) FROM sbtest5 WHERE id BETWEEN 2552609 AND 2553608
	Aggregate  (cost=3913.42..3913.43 rows=1 width=8)
	  ->  Bitmap Heap Scan on sbtest5  (cost=34.77..3910.90 rows=1008 width=4)
	        Recheck Cond: ((id >= 2552609) AND (id <= 2553608))
	        ->  Bitmap Index Scan on sbtest5_pkey  (cost=0.00..34.52 rows=1008 width=0)
	              Index Cond: ((id >= 2552609) AND (id <= 2553608))

table 6 : explain SELECT SUM(k) FROM sbtest6 WHERE id BETWEEN 1504323 AND 1505322
	Aggregate  (cost=3819.50..3819.51 rows=1 width=8)
	  ->  Bitmap Heap Scan on sbtest6  (cost=34.52..3817.04 rows=984 width=4)
	        Recheck Cond: ((id >= 1504323) AND (id <= 1505322))
	        ->  Bitmap Index Scan on sbtest6_pkey  (cost=0.00..34.28 rows=984 width=0)
	              Index Cond: ((id >= 1504323) AND (id <= 1505322))

table 7 : explain SELECT SUM(k) FROM sbtest7 WHERE id BETWEEN 9579937 AND 9580936
	Aggregate  (cost=4169.08..4169.09 rows=1 width=8)
	  ->  Bitmap Heap Scan on sbtest7  (cost=35.46..4166.39 rows=1076 width=4)
	        Recheck Cond: ((id >= 9579937) AND (id <= 9580936))
	        ->  Bitmap Index Scan on sbtest7_pkey  (cost=0.00..35.20 rows=1076 width=0)
	              Index Cond: ((id >= 9579937) AND (id <= 9580936))

table 8 : explain SELECT SUM(k) FROM sbtest8 WHERE id BETWEEN 80919 AND 81918
	Aggregate  (cost=3519.42..3519.43 rows=1 width=8)
	  ->  Bitmap Heap Scan on sbtest8  (cost=29.72..3517.16 rows=906 width=4)
	        Recheck Cond: ((id >= 80919) AND (id <= 81918))
	        ->  Bitmap Index Scan on sbtest8_pkey  (cost=0.00..29.50 rows=906 width=0)
	              Index Cond: ((id >= 80919) AND (id <= 81918))

for point_selects
table 1 : explain SELECT c FROM sbtest1 WHERE id=9663761
	Index Scan using sbtest1_pkey on sbtest1  (cost=0.43..8.45 rows=1 width=121)
	  Index Cond: (id = 9663761)

table 2 : explain SELECT c FROM sbtest2 WHERE id=8400540
	Index Scan using sbtest2_pkey on sbtest2  (cost=0.43..8.45 rows=1 width=121)
	  Index Cond: (id = 8400540)

table 3 : explain SELECT c FROM sbtest3 WHERE id=4066096
	Index Scan using sbtest3_pkey on sbtest3  (cost=0.43..8.45 rows=1 width=121)
	  Index Cond: (id = 4066096)

table 4 : explain SELECT c FROM sbtest4 WHERE id=8404600
	Index Scan using sbtest4_pkey on sbtest4  (cost=0.43..8.45 rows=1 width=121)
	  Index Cond: (id = 8404600)

table 5 : explain SELECT c FROM sbtest5 WHERE id=9798249
	Index Scan using sbtest5_pkey on sbtest5  (cost=0.43..8.45 rows=1 width=121)
	  Index Cond: (id = 9798249)

table 6 : explain SELECT c FROM sbtest6 WHERE id=199343
	Index Scan using sbtest6_pkey on sbtest6  (cost=0.43..8.45 rows=1 width=121)
	  Index Cond: (id = 199343)

table 7 : explain SELECT c FROM sbtest7 WHERE id=1109373
	Index Scan using sbtest7_pkey on sbtest7  (cost=0.43..8.45 rows=1 width=121)
	  Index Cond: (id = 1109373)

table 8 : explain SELECT c FROM sbtest8 WHERE id=7072074
	Index Scan using sbtest8_pkey on sbtest8  (cost=0.43..8.45 rows=1 width=121)
	  Index Cond: (id = 7072074)

for: distinct_ranges
table 1 : explain SELECT DISTINCT c FROM sbtest1 WHERE id BETWEEN 2686230 AND 2687229 ORDER BY c
	Unique  (cost=4214.98..4220.36 rows=1075 width=121)
	  ->  Sort  (cost=4214.98..4217.67 rows=1075 width=121)
	        Sort Key: c
	        ->  Bitmap Heap Scan on sbtest1  (cost=35.45..4160.86 rows=1075 width=121)
	              Recheck Cond: ((id >= 2686230) AND (id <= 2687229))
	              ->  Bitmap Index Scan on sbtest1_pkey  (cost=0.00..35.19 rows=1075 width=0)
	                    Index Cond: ((id >= 2686230) AND (id <= 2687229))

table 2 : explain SELECT DISTINCT c FROM sbtest2 WHERE id BETWEEN 5404552 AND 5405551 ORDER BY c
	Unique  (cost=3702.50..3707.21 rows=942 width=121)
	  ->  Sort  (cost=3702.50..3704.85 rows=942 width=121)
	        Sort Key: c
	        ->  Bitmap Heap Scan on sbtest2  (cost=34.09..3655.97 rows=942 width=121)
	              Recheck Cond: ((id >= 5404552) AND (id <= 5405551))
	              ->  Bitmap Index Scan on sbtest2_pkey  (cost=0.00..33.86 rows=942 width=0)
	                    Index Cond: ((id >= 5404552) AND (id <= 5405551))

table 3 : explain SELECT DISTINCT c FROM sbtest3 WHERE id BETWEEN 1718345 AND 1719344 ORDER BY c
	Unique  (cost=3634.93..3639.55 rows=923 width=121)
	  ->  Sort  (cost=3634.93..3637.24 rows=923 width=121)
	        Sort Key: c
	        ->  Bitmap Heap Scan on sbtest3  (cost=33.90..3589.47 rows=923 width=121)
	              Recheck Cond: ((id >= 1718345) AND (id <= 1719344))
	              ->  Bitmap Index Scan on sbtest3_pkey  (cost=0.00..33.67 rows=923 width=0)
	                    Index Cond: ((id >= 1718345) AND (id <= 1719344))

table 4 : explain SELECT DISTINCT c FROM sbtest4 WHERE id BETWEEN 9315006 AND 9316005 ORDER BY c
	Unique  (cost=3461.93..3466.33 rows=879 width=121)
	  ->  Sort  (cost=3461.93..3464.13 rows=879 width=121)
	        Sort Key: c
	        ->  Bitmap Heap Scan on sbtest4  (cost=29.44..3418.95 rows=879 width=121)
	              Recheck Cond: ((id >= 9315006) AND (id <= 9316005))
	              ->  Bitmap Index Scan on sbtest4_pkey  (cost=0.00..29.22 rows=879 width=0)
	                    Index Cond: ((id >= 9315006) AND (id <= 9316005))

table 5 : explain SELECT DISTINCT c FROM sbtest5 WHERE id BETWEEN 7389303 AND 7390302 ORDER BY c
	Unique  (cost=3727.11..3731.85 rows=947 width=121)
	  ->  Sort  (cost=3727.11..3729.48 rows=947 width=121)
	        Sort Key: c
	        ->  Bitmap Heap Scan on sbtest5  (cost=34.14..3680.30 rows=947 width=121)
	              Recheck Cond: ((id >= 7389303) AND (id <= 7390302))
	              ->  Bitmap Index Scan on sbtest5_pkey  (cost=0.00..33.91 rows=947 width=0)
	                    Index Cond: ((id >= 7389303) AND (id <= 7390302))

table 6 : explain SELECT DISTINCT c FROM sbtest6 WHERE id BETWEEN 4301723 AND 4302722 ORDER BY c
	Unique  (cost=3624.33..3628.93 rows=921 width=121)
	  ->  Sort  (cost=3624.33..3626.63 rows=921 width=121)
	        Sort Key: c
	        ->  Bitmap Heap Scan on sbtest6  (cost=33.88..3578.98 rows=921 width=121)
	              Recheck Cond: ((id >= 4301723) AND (id <= 4302722))
	              ->  Bitmap Index Scan on sbtest6_pkey  (cost=0.00..33.65 rows=921 width=0)
	                    Index Cond: ((id >= 4301723) AND (id <= 4302722))

table 7 : explain SELECT DISTINCT c FROM sbtest7 WHERE id BETWEEN 1655874 AND 1656873 ORDER BY c
	Unique  (cost=3660.98..3665.63 rows=930 width=121)
	  ->  Sort  (cost=3660.98..3663.31 rows=930 width=121)
	        Sort Key: c
	        ->  Bitmap Heap Scan on sbtest7  (cost=33.97..3615.13 rows=930 width=121)
	              Recheck Cond: ((id >= 1655874) AND (id <= 1656873))
	              ->  Bitmap Index Scan on sbtest7_pkey  (cost=0.00..33.73 rows=930 width=0)
	                    Index Cond: ((id >= 1655874) AND (id <= 1656873))

table 8 : explain SELECT DISTINCT c FROM sbtest8 WHERE id BETWEEN 6318726 AND 6319725 ORDER BY c
	Unique  (cost=3653.93..3658.57 rows=929 width=121)
	  ->  Sort  (cost=3653.93..3656.25 rows=929 width=121)
	        Sort Key: c
	        ->  Bitmap Heap Scan on sbtest8  (cost=33.96..3608.13 rows=929 width=121)
	              Recheck Cond: ((id >= 6318726) AND (id <= 6319725))
	              ->  Bitmap Index Scan on sbtest8_pkey  (cost=0.00..33.73 rows=929 width=0)
	                    Index Cond: ((id >= 6318726) AND (id <= 6319725))

for: distinct_ranges
table 1 : explain SELECT DISTINCT c FROM sbtest1 WHERE id BETWEEN 6734854 AND 6735853 ORDER BY c
	Unique  (cost=4077.32..4082.51 rows=1039 width=121)
	  ->  Sort  (cost=4077.32..4079.91 rows=1039 width=121)
	        Sort Key: c
	        ->  Bitmap Heap Scan on sbtest1  (cost=35.08..4025.26 rows=1039 width=121)
	              Recheck Cond: ((id >= 6734854) AND (id <= 6735853))
	              ->  Bitmap Index Scan on sbtest1_pkey  (cost=0.00..34.83 rows=1039 width=0)
	                    Index Cond: ((id >= 6734854) AND (id <= 6735853))

table 2 : explain SELECT DISTINCT c FROM sbtest2 WHERE id BETWEEN 8886252 AND 8887251 ORDER BY c
	Unique  (cost=4073.70..4078.90 rows=1039 width=121)
	  ->  Sort  (cost=4073.70..4076.30 rows=1039 width=121)
	        Sort Key: c
	        ->  Bitmap Heap Scan on sbtest2  (cost=35.08..4021.64 rows=1039 width=121)
	              Recheck Cond: ((id >= 8886252) AND (id <= 8887251))
	              ->  Bitmap Index Scan on sbtest2_pkey  (cost=0.00..34.83 rows=1039 width=0)
	                    Index Cond: ((id >= 8886252) AND (id <= 8887251))

table 3 : explain SELECT DISTINCT c FROM sbtest3 WHERE id BETWEEN 903781 AND 904780 ORDER BY c
	Unique  (cost=3807.78..3812.62 rows=968 width=121)
	  ->  Sort  (cost=3807.78..3810.20 rows=968 width=121)
	        Sort Key: c
	        ->  Bitmap Heap Scan on sbtest3  (cost=34.36..3759.77 rows=968 width=121)
	              Recheck Cond: ((id >= 903781) AND (id <= 904780))
	              ->  Bitmap Index Scan on sbtest3_pkey  (cost=0.00..34.12 rows=968 width=0)
	                    Index Cond: ((id >= 903781) AND (id <= 904780))

table 4 : explain SELECT DISTINCT c FROM sbtest4 WHERE id BETWEEN 9075802 AND 9076801 ORDER BY c
	Unique  (cost=3873.30..3878.23 rows=985 width=121)
	  ->  Sort  (cost=3873.30..3875.76 rows=985 width=121)
	        Sort Key: c
	        ->  Bitmap Heap Scan on sbtest4  (cost=34.53..3824.33 rows=985 width=121)
	              Recheck Cond: ((id >= 9075802) AND (id <= 9076801))
	              ->  Bitmap Index Scan on sbtest4_pkey  (cost=0.00..34.29 rows=985 width=0)
	                    Index Cond: ((id >= 9075802) AND (id <= 9076801))

table 5 : explain SELECT DISTINCT c FROM sbtest5 WHERE id BETWEEN 5061593 AND 5062592 ORDER BY c
	Unique  (cost=3976.52..3981.58 rows=1012 width=121)
	  ->  Sort  (cost=3976.52..3979.05 rows=1012 width=121)
	        Sort Key: c
	        ->  Bitmap Heap Scan on sbtest5  (cost=34.81..3926.00 rows=1012 width=121)
	              Recheck Cond: ((id >= 5061593) AND (id <= 5062592))
	              ->  Bitmap Index Scan on sbtest5_pkey  (cost=0.00..34.56 rows=1012 width=0)
	                    Index Cond: ((id >= 5061593) AND (id <= 5062592))

table 6 : explain SELECT DISTINCT c FROM sbtest6 WHERE id BETWEEN 7009902 AND 7010901 ORDER BY c
	Unique  (cost=3965.54..3970.59 rows=1010 width=121)
	  ->  Sort  (cost=3965.54..3968.06 rows=1010 width=121)
	        Sort Key: c
	        ->  Bitmap Heap Scan on sbtest6  (cost=34.79..3915.14 rows=1010 width=121)
	              Recheck Cond: ((id >= 7009902) AND (id <= 7010901))
	              ->  Bitmap Index Scan on sbtest6_pkey  (cost=0.00..34.54 rows=1010 width=0)
	                    Index Cond: ((id >= 7009902) AND (id <= 7010901))

table 7 : explain SELECT DISTINCT c FROM sbtest7 WHERE id BETWEEN 3480008 AND 3481007 ORDER BY c
	Unique  (cost=3730.11..3734.85 rows=948 width=121)
	  ->  Sort  (cost=3730.11..3732.48 rows=948 width=121)
	        Sort Key: c
	        ->  Bitmap Heap Scan on sbtest7  (cost=34.15..3683.24 rows=948 width=121)
	              Recheck Cond: ((id >= 3480008) AND (id <= 3481007))
	              ->  Bitmap Index Scan on sbtest7_pkey  (cost=0.00..33.92 rows=948 width=0)
	                    Index Cond: ((id >= 3480008) AND (id <= 3481007))

table 8 : explain SELECT DISTINCT c FROM sbtest8 WHERE id BETWEEN 121518 AND 122517 ORDER BY c
	Unique  (cost=4113.42..4118.67 rows=1049 width=121)
	  ->  Sort  (cost=4113.42..4116.04 rows=1049 width=121)
	        Sort Key: c
	        ->  Bitmap Heap Scan on sbtest8  (cost=35.19..4060.79 rows=1049 width=121)
	              Recheck Cond: ((id >= 121518) AND (id <= 122517))
	              ->  Bitmap Index Scan on sbtest8_pkey  (cost=0.00..34.93 rows=1049 width=0)
	                    Index Cond: ((id >= 121518) AND (id <= 122517))

for: simple_ranges
table 1 : explain SELECT c FROM sbtest1 WHERE id BETWEEN 6855143 AND 6856142
	Bitmap Heap Scan on sbtest1  (cost=33.92..3594.79 rows=925 width=121)
	  Recheck Cond: ((id >= 6855143) AND (id <= 6856142))
	  ->  Bitmap Index Scan on sbtest1_pkey  (cost=0.00..33.69 rows=925 width=0)
	        Index Cond: ((id >= 6855143) AND (id <= 6856142))

table 2 : explain SELECT c FROM sbtest2 WHERE id BETWEEN 961457 AND 962456
	Bitmap Heap Scan on sbtest2  (cost=40.11..4397.66 rows=1139 width=121)
	  Recheck Cond: ((id >= 961457) AND (id <= 962456))
	  ->  Bitmap Index Scan on sbtest2_pkey  (cost=0.00..39.83 rows=1139 width=0)
	        Index Cond: ((id >= 961457) AND (id <= 962456))

table 3 : explain SELECT c FROM sbtest3 WHERE id BETWEEN 5394171 AND 5395170
	Bitmap Heap Scan on sbtest3  (cost=35.01..4001.54 rows=1032 width=121)
	  Recheck Cond: ((id >= 5394171) AND (id <= 5395170))
	  ->  Bitmap Index Scan on sbtest3_pkey  (cost=0.00..34.76 rows=1032 width=0)
	        Index Cond: ((id >= 5394171) AND (id <= 5395170))

table 4 : explain SELECT c FROM sbtest4 WHERE id BETWEEN 4601345 AND 4602344
	Bitmap Heap Scan on sbtest4  (cost=34.94..3975.42 rows=1025 width=121)
	  Recheck Cond: ((id >= 4601345) AND (id <= 4602344))
	  ->  Bitmap Index Scan on sbtest4_pkey  (cost=0.00..34.69 rows=1025 width=0)
	        Index Cond: ((id >= 4601345) AND (id <= 4602344))

table 5 : explain SELECT c FROM sbtest5 WHERE id BETWEEN 7328775 AND 7329774
	Bitmap Heap Scan on sbtest5  (cost=34.04..3642.45 rows=937 width=121)
	  Recheck Cond: ((id >= 7328775) AND (id <= 7329774))
	  ->  Bitmap Index Scan on sbtest5_pkey  (cost=0.00..33.81 rows=937 width=0)
	        Index Cond: ((id >= 7328775) AND (id <= 7329774))

table 6 : explain SELECT c FROM sbtest6 WHERE id BETWEEN 4580218 AND 4581217
	Bitmap Heap Scan on sbtest6  (cost=34.45..3790.61 rows=977 width=121)
	  Recheck Cond: ((id >= 4580218) AND (id <= 4581217))
	  ->  Bitmap Index Scan on sbtest6_pkey  (cost=0.00..34.20 rows=977 width=0)
	        Index Cond: ((id >= 4580218) AND (id <= 4581217))

table 7 : explain SELECT c FROM sbtest7 WHERE id BETWEEN 6586909 AND 6587908
	Bitmap Heap Scan on sbtest7  (cost=33.95..3607.56 rows=928 width=121)
	  Recheck Cond: ((id >= 6586909) AND (id <= 6587908))
	  ->  Bitmap Index Scan on sbtest7_pkey  (cost=0.00..33.72 rows=928 width=0)
	        Index Cond: ((id >= 6586909) AND (id <= 6587908))

table 8 : explain SELECT c FROM sbtest8 WHERE id BETWEEN 8998378 AND 8999377
	Bitmap Heap Scan on sbtest8  (cost=34.44..3785.64 rows=976 width=121)
	  Recheck Cond: ((id >= 8998378) AND (id <= 8999377))
	  ->  Bitmap Index Scan on sbtest8_pkey  (cost=0.00..34.20 rows=976 width=0)
	        Index Cond: ((id >= 8998378) AND (id <= 8999377))

for: order_ranges
table 1 : explain SELECT c FROM sbtest1 WHERE id BETWEEN 3800054 AND 3801053 ORDER BY c
	Sort  (cost=4127.05..4129.68 rows=1052 width=121)
	  Sort Key: c
	  ->  Bitmap Heap Scan on sbtest1  (cost=35.22..4074.24 rows=1052 width=121)
	        Recheck Cond: ((id >= 3800054) AND (id <= 3801053))
	        ->  Bitmap Index Scan on sbtest1_pkey  (cost=0.00..34.95 rows=1052 width=0)
	              Index Cond: ((id >= 3800054) AND (id <= 3801053))

table 2 : explain SELECT c FROM sbtest2 WHERE id BETWEEN 9526148 AND 9527147 ORDER BY c
	Sort  (cost=4260.79..4263.51 rows=1088 width=121)
	  Sort Key: c
	  ->  Bitmap Heap Scan on sbtest2  (cost=35.59..4205.91 rows=1088 width=121)
	        Recheck Cond: ((id >= 9526148) AND (id <= 9527147))
	        ->  Bitmap Index Scan on sbtest2_pkey  (cost=0.00..35.32 rows=1088 width=0)
	              Index Cond: ((id >= 9526148) AND (id <= 9527147))

table 3 : explain SELECT c FROM sbtest3 WHERE id BETWEEN 2322617 AND 2323616 ORDER BY c
	Sort  (cost=4348.01..4350.78 rows=1108 width=121)
	  Sort Key: c
	  ->  Bitmap Heap Scan on sbtest3  (cost=39.79..4291.98 rows=1108 width=121)
	        Recheck Cond: ((id >= 2322617) AND (id <= 2323616))
	        ->  Bitmap Index Scan on sbtest3_pkey  (cost=0.00..39.52 rows=1108 width=0)
	              Index Cond: ((id >= 2322617) AND (id <= 2323616))

table 4 : explain SELECT c FROM sbtest4 WHERE id BETWEEN 8911072 AND 8912071 ORDER BY c
	Sort  (cost=3930.84..3933.34 rows=1000 width=121)
	  Sort Key: c
	  ->  Bitmap Heap Scan on sbtest4  (cost=34.69..3881.01 rows=1000 width=121)
	        Recheck Cond: ((id >= 8911072) AND (id <= 8912071))
	        ->  Bitmap Index Scan on sbtest4_pkey  (cost=0.00..34.44 rows=1000 width=0)
	              Index Cond: ((id >= 8911072) AND (id <= 8912071))

table 5 : explain SELECT c FROM sbtest5 WHERE id BETWEEN 3875023 AND 3876022 ORDER BY c
	Sort  (cost=3869.14..3871.60 rows=984 width=121)
	  Sort Key: c
	  ->  Bitmap Heap Scan on sbtest5  (cost=34.52..3820.22 rows=984 width=121)
	        Recheck Cond: ((id >= 3875023) AND (id <= 3876022))
	        ->  Bitmap Index Scan on sbtest5_pkey  (cost=0.00..34.28 rows=984 width=0)
	              Index Cond: ((id >= 3875023) AND (id <= 3876022))

table 6 : explain SELECT c FROM sbtest6 WHERE id BETWEEN 2484776 AND 2485775 ORDER BY c
	Sort  (cost=3915.76..3918.25 rows=997 width=121)
	  Sort Key: c
	  ->  Bitmap Heap Scan on sbtest6  (cost=34.65..3866.10 rows=997 width=121)
	        Recheck Cond: ((id >= 2484776) AND (id <= 2485775))
	        ->  Bitmap Index Scan on sbtest6_pkey  (cost=0.00..34.41 rows=997 width=0)
	              Index Cond: ((id >= 2484776) AND (id <= 2485775))

table 7 : explain SELECT c FROM sbtest7 WHERE id BETWEEN 6263572 AND 6264571 ORDER BY c
	Sort  (cost=3676.35..3678.68 rows=934 width=121)
	  Sort Key: c
	  ->  Bitmap Heap Scan on sbtest7  (cost=34.01..3630.27 rows=934 width=121)
	        Recheck Cond: ((id >= 6263572) AND (id <= 6264571))
	        ->  Bitmap Index Scan on sbtest7_pkey  (cost=0.00..33.78 rows=934 width=0)
	              Index Cond: ((id >= 6263572) AND (id <= 6264571))

table 8 : explain SELECT c FROM sbtest8 WHERE id BETWEEN 6670671 AND 6671670 ORDER BY c
	Sort  (cost=3538.62..3540.87 rows=900 width=121)
	  Sort Key: c
	  ->  Bitmap Heap Scan on sbtest8  (cost=29.66..3494.45 rows=900 width=121)
	        Recheck Cond: ((id >= 6670671) AND (id <= 6671670))
	        ->  Bitmap Index Scan on sbtest8_pkey  (cost=0.00..29.43 rows=900 width=0)
	              Index Cond: ((id >= 6670671) AND (id <= 6671670))

for: distinct_ranges
table 1 : explain SELECT DISTINCT c FROM sbtest1 WHERE id BETWEEN 1088712 AND 1089711 ORDER BY c
	Unique  (cost=3801.53..3806.36 rows=967 width=121)
	  ->  Sort  (cost=3801.53..3803.94 rows=967 width=121)
	        Sort Key: c
	        ->  Bitmap Heap Scan on sbtest1  (cost=34.35..3753.57 rows=967 width=121)
	              Recheck Cond: ((id >= 1088712) AND (id <= 1089711))
	              ->  Bitmap Index Scan on sbtest1_pkey  (cost=0.00..34.11 rows=967 width=0)
	                    Index Cond: ((id >= 1088712) AND (id <= 1089711))

table 2 : explain SELECT DISTINCT c FROM sbtest2 WHERE id BETWEEN 3178934 AND 3179933 ORDER BY c
	Unique  (cost=3656.50..3661.15 rows=930 width=121)
	  ->  Sort  (cost=3656.50..3658.82 rows=930 width=121)
	        Sort Key: c
	        ->  Bitmap Heap Scan on sbtest2  (cost=33.97..3610.64 rows=930 width=121)
	              Recheck Cond: ((id >= 3178934) AND (id <= 3179933))
	              ->  Bitmap Index Scan on sbtest2_pkey  (cost=0.00..33.73 rows=930 width=0)
	                    Index Cond: ((id >= 3178934) AND (id <= 3179933))

table 3 : explain SELECT DISTINCT c FROM sbtest3 WHERE id BETWEEN 3332832 AND 3333831 ORDER BY c
	Unique  (cost=4168.07..4173.38 rows=1062 width=121)
	  ->  Sort  (cost=4168.07..4170.73 rows=1062 width=121)
	        Sort Key: c
	        ->  Bitmap Heap Scan on sbtest3  (cost=35.32..4114.69 rows=1062 width=121)
	              Recheck Cond: ((id >= 3332832) AND (id <= 3333831))
	              ->  Bitmap Index Scan on sbtest3_pkey  (cost=0.00..35.06 rows=1062 width=0)
	                    Index Cond: ((id >= 3332832) AND (id <= 3333831))

table 4 : explain SELECT DISTINCT c FROM sbtest4 WHERE id BETWEEN 2251808 AND 2252807 ORDER BY c
	Unique  (cost=3758.14..3762.92 rows=955 width=121)
	  ->  Sort  (cost=3758.14..3760.53 rows=955 width=121)
	        Sort Key: c
	        ->  Bitmap Heap Scan on sbtest4  (cost=34.22..3710.87 rows=955 width=121)
	              Recheck Cond: ((id >= 2251808) AND (id <= 2252807))
	              ->  Bitmap Index Scan on sbtest4_pkey  (cost=0.00..33.98 rows=955 width=0)
	                    Index Cond: ((id >= 2251808) AND (id <= 2252807))

table 5 : explain SELECT DISTINCT c FROM sbtest5 WHERE id BETWEEN 6029825 AND 6030824 ORDER BY c
	Unique  (cost=3727.11..3731.85 rows=947 width=121)
	  ->  Sort  (cost=3727.11..3729.48 rows=947 width=121)
	        Sort Key: c
	        ->  Bitmap Heap Scan on sbtest5  (cost=34.14..3680.30 rows=947 width=121)
	              Recheck Cond: ((id >= 6029825) AND (id <= 6030824))
	              ->  Bitmap Index Scan on sbtest5_pkey  (cost=0.00..33.91 rows=947 width=0)
	                    Index Cond: ((id >= 6029825) AND (id <= 6030824))

table 6 : explain SELECT DISTINCT c FROM sbtest6 WHERE id BETWEEN 8852362 AND 8853361 ORDER BY c
	Unique  (cost=3911.93..3916.91 rows=996 width=121)
	  ->  Sort  (cost=3911.93..3914.42 rows=996 width=121)
	        Sort Key: c
	        ->  Bitmap Heap Scan on sbtest6  (cost=34.64..3862.32 rows=996 width=121)
	              Recheck Cond: ((id >= 8852362) AND (id <= 8853361))
	              ->  Bitmap Index Scan on sbtest6_pkey  (cost=0.00..34.40 rows=996 width=0)
	                    Index Cond: ((id >= 8852362) AND (id <= 8853361))

table 7 : explain SELECT DISTINCT c FROM sbtest7 WHERE id BETWEEN 9125694 AND 9126693 ORDER BY c
	Unique  (cost=4155.55..4160.84 rows=1059 width=121)
	  ->  Sort  (cost=4155.55..4158.19 rows=1059 width=121)
	        Sort Key: c
	        ->  Bitmap Heap Scan on sbtest7  (cost=35.29..4102.34 rows=1059 width=121)
	              Recheck Cond: ((id >= 9125694) AND (id <= 9126693))
	              ->  Bitmap Index Scan on sbtest7_pkey  (cost=0.00..35.03 rows=1059 width=0)
	                    Index Cond: ((id >= 9125694) AND (id <= 9126693))

table 8 : explain SELECT DISTINCT c FROM sbtest8 WHERE id BETWEEN 227499 AND 228498 ORDER BY c
	Unique  (cost=3569.33..3573.87 rows=908 width=121)
	  ->  Sort  (cost=3569.33..3571.60 rows=908 width=121)
	        Sort Key: c
	        ->  Bitmap Heap Scan on sbtest8  (cost=29.74..3524.72 rows=908 width=121)
	              Recheck Cond: ((id >= 227499) AND (id <= 228498))
	              ->  Bitmap Index Scan on sbtest8_pkey  (cost=0.00..29.51 rows=908 width=0)
	                    Index Cond: ((id >= 227499) AND (id <= 228498))

for: sum_ranges
table 1 : explain SELECT SUM(k) FROM sbtest1 WHERE id BETWEEN 6663272 AND 6664271
	Aggregate  (cost=3612.24..3612.25 rows=1 width=8)
	  ->  Bitmap Heap Scan on sbtest1  (cost=33.96..3609.92 rows=929 width=4)
	        Recheck Cond: ((id >= 6663272) AND (id <= 6664271))
	        ->  Bitmap Index Scan on sbtest1_pkey  (cost=0.00..33.73 rows=929 width=0)
	              Index Cond: ((id >= 6663272) AND (id <= 6664271))

table 2 : explain SELECT SUM(k) FROM sbtest2 WHERE id BETWEEN 8094251 AND 8095250
	Aggregate  (cost=3918.74..3918.75 rows=1 width=8)
	  ->  Bitmap Heap Scan on sbtest2  (cost=34.80..3916.21 rows=1011 width=4)
	        Recheck Cond: ((id >= 8094251) AND (id <= 8095250))
	        ->  Bitmap Index Scan on sbtest2_pkey  (cost=0.00..34.55 rows=1011 width=0)
	              Index Cond: ((id >= 8094251) AND (id <= 8095250))

table 3 : explain SELECT SUM(k) FROM sbtest3 WHERE id BETWEEN 5631202 AND 5632201
	Aggregate  (cost=4155.06..4155.07 rows=1 width=8)
	  ->  Bitmap Heap Scan on sbtest3  (cost=35.42..4152.38 rows=1072 width=4)
	        Recheck Cond: ((id >= 5631202) AND (id <= 5632201))
	        ->  Bitmap Index Scan on sbtest3_pkey  (cost=0.00..35.16 rows=1072 width=0)
	              Index Cond: ((id >= 5631202) AND (id <= 5632201))

table 4 : explain SELECT SUM(k) FROM sbtest4 WHERE id BETWEEN 7928468 AND 7929467
	Aggregate  (cost=4113.89..4113.90 rows=1 width=8)
	  ->  Bitmap Heap Scan on sbtest4  (cost=35.31..4111.24 rows=1061 width=4)
	        Recheck Cond: ((id >= 7928468) AND (id <= 7929467))
	        ->  Bitmap Index Scan on sbtest4_pkey  (cost=0.00..35.05 rows=1061 width=0)
	              Index Cond: ((id >= 7928468) AND (id <= 7929467))

table 5 : explain SELECT SUM(k) FROM sbtest5 WHERE id BETWEEN 2051146 AND 2052145
	Aggregate  (cost=3826.47..3826.48 rows=1 width=8)
	  ->  Bitmap Heap Scan on sbtest5  (cost=34.53..3824.00 rows=985 width=4)
	        Recheck Cond: ((id >= 2051146) AND (id <= 2052145))
	        ->  Bitmap Index Scan on sbtest5_pkey  (cost=0.00..34.29 rows=985 width=0)
	              Index Cond: ((id >= 2051146) AND (id <= 2052145))

table 6 : explain SELECT SUM(k) FROM sbtest6 WHERE id BETWEEN 4768518 AND 4769517
	Aggregate  (cost=3399.23..3399.24 rows=1 width=8)
	  ->  Bitmap Heap Scan on sbtest6  (cost=29.39..3397.04 rows=874 width=4)
	        Recheck Cond: ((id >= 4768518) AND (id <= 4769517))
	        ->  Bitmap Index Scan on sbtest6_pkey  (cost=0.00..29.18 rows=874 width=0)
	              Index Cond: ((id >= 4768518) AND (id <= 4769517))

table 7 : explain SELECT SUM(k) FROM sbtest7 WHERE id BETWEEN 8541788 AND 8542787
	Aggregate  (cost=3670.46..3670.47 rows=1 width=8)
	  ->  Bitmap Heap Scan on sbtest7  (cost=34.11..3668.10 rows=944 width=4)
	        Recheck Cond: ((id >= 8541788) AND (id <= 8542787))
	        ->  Bitmap Index Scan on sbtest7_pkey  (cost=0.00..33.88 rows=944 width=0)
	              Index Cond: ((id >= 8541788) AND (id <= 8542787))

table 8 : explain SELECT SUM(k) FROM sbtest8 WHERE id BETWEEN 9461848 AND 9462847
	Aggregate  (cost=3618.02..3618.03 rows=1 width=8)
	  ->  Bitmap Heap Scan on sbtest8  (cost=33.98..3615.69 rows=931 width=4)
	        Recheck Cond: ((id >= 9461848) AND (id <= 9462847))
	        ->  Bitmap Index Scan on sbtest8_pkey  (cost=0.00..33.75 rows=931 width=0)
	              Index Cond: ((id >= 9461848) AND (id <= 9462847))

for: simple_ranges
table 1 : explain SELECT c FROM sbtest1 WHERE id BETWEEN 107295 AND 108294
	Bitmap Heap Scan on sbtest1  (cost=34.61..3851.76 rows=993 width=121)
	  Recheck Cond: ((id >= 107295) AND (id <= 108294))
	  ->  Bitmap Index Scan on sbtest1_pkey  (cost=0.00..34.37 rows=993 width=0)
	        Index Cond: ((id >= 107295) AND (id <= 108294))

table 2 : explain SELECT c FROM sbtest2 WHERE id BETWEEN 6930237 AND 6931236
	Bitmap Heap Scan on sbtest2  (cost=35.17..4051.75 rows=1047 width=121)
	  Recheck Cond: ((id >= 6930237) AND (id <= 6931236))
	  ->  Bitmap Index Scan on sbtest2_pkey  (cost=0.00..34.91 rows=1047 width=0)
	        Index Cond: ((id >= 6930237) AND (id <= 6931236))

table 3 : explain SELECT c FROM sbtest3 WHERE id BETWEEN 4381500 AND 4382499
	Bitmap Heap Scan on sbtest3  (cost=34.98..3990.22 rows=1029 width=121)
	  Recheck Cond: ((id >= 4381500) AND (id <= 4382499))
	  ->  Bitmap Index Scan on sbtest3_pkey  (cost=0.00..34.73 rows=1029 width=0)
	        Index Cond: ((id >= 4381500) AND (id <= 4382499))

table 4 : explain SELECT c FROM sbtest4 WHERE id BETWEEN 9856752 AND 9857751
	Bitmap Heap Scan on sbtest4  (cost=29.70..3513.74 rows=904 width=121)
	  Recheck Cond: ((id >= 9856752) AND (id <= 9857751))
	  ->  Bitmap Index Scan on sbtest4_pkey  (cost=0.00..29.47 rows=904 width=0)
	        Index Cond: ((id >= 9856752) AND (id <= 9857751))

table 5 : explain SELECT c FROM sbtest5 WHERE id BETWEEN 8634711 AND 8635710
	Bitmap Heap Scan on sbtest5  (cost=34.79..3918.45 rows=1010 width=121)
	  Recheck Cond: ((id >= 8634711) AND (id <= 8635710))
	  ->  Bitmap Index Scan on sbtest5_pkey  (cost=0.00..34.54 rows=1010 width=0)
	        Index Cond: ((id >= 8634711) AND (id <= 8635710))

table 6 : explain SELECT c FROM sbtest6 WHERE id BETWEEN 9335467 AND 9336466
	Bitmap Heap Scan on sbtest6  (cost=39.86..4314.44 rows=1115 width=121)
	  Recheck Cond: ((id >= 9335467) AND (id <= 9336466))
	  ->  Bitmap Index Scan on sbtest6_pkey  (cost=0.00..39.59 rows=1115 width=0)
	        Index Cond: ((id >= 9335467) AND (id <= 9336466))

table 7 : explain SELECT c FROM sbtest7 WHERE id BETWEEN 9903090 AND 9904089
	Bitmap Heap Scan on sbtest7  (cost=34.37..3762.64 rows=969 width=121)
	  Recheck Cond: ((id >= 9903090) AND (id <= 9904089))
	  ->  Bitmap Index Scan on sbtest7_pkey  (cost=0.00..34.12 rows=969 width=0)
	        Index Cond: ((id >= 9903090) AND (id <= 9904089))

table 8 : explain SELECT c FROM sbtest8 WHERE id BETWEEN 8367443 AND 8368442
	Bitmap Heap Scan on sbtest8  (cost=35.14..4041.97 rows=1044 width=121)
	  Recheck Cond: ((id >= 8367443) AND (id <= 8368442))
	  ->  Bitmap Index Scan on sbtest8_pkey  (cost=0.00..34.88 rows=1044 width=0)
	        Index Cond: ((id >= 8367443) AND (id <= 8368442))

for: distinct_ranges
table 1 : explain SELECT DISTINCT c FROM sbtest1 WHERE id BETWEEN 1940480 AND 1941479 ORDER BY c
	Unique  (cost=4127.05..4132.31 rows=1052 width=121)
	  ->  Sort  (cost=4127.05..4129.68 rows=1052 width=121)
	        Sort Key: c
	        ->  Bitmap Heap Scan on sbtest1  (cost=35.22..4074.24 rows=1052 width=121)
	              Recheck Cond: ((id >= 1940480) AND (id <= 1941479))
	              ->  Bitmap Index Scan on sbtest1_pkey  (cost=0.00..34.95 rows=1052 width=0)
	                    Index Cond: ((id >= 1940480) AND (id <= 1941479))

table 2 : explain SELECT DISTINCT c FROM sbtest2 WHERE id BETWEEN 4933503 AND 4934502 ORDER BY c
	Unique  (cost=3556.60..3561.13 rows=905 width=121)
	  ->  Sort  (cost=3556.60..3558.86 rows=905 width=121)
	        Sort Key: c
	        ->  Bitmap Heap Scan on sbtest2  (cost=29.71..3512.16 rows=905 width=121)
	              Recheck Cond: ((id >= 4933503) AND (id <= 4934502))
	              ->  Bitmap Index Scan on sbtest2_pkey  (cost=0.00..29.48 rows=905 width=0)
	                    Index Cond: ((id >= 4933503) AND (id <= 4934502))

table 3 : explain SELECT DISTINCT c FROM sbtest3 WHERE id BETWEEN 8638404 AND 8639403 ORDER BY c
	Unique  (cost=3934.38..3939.39 rows=1001 width=121)
	  ->  Sort  (cost=3934.38..3936.88 rows=1001 width=121)
	        Sort Key: c
	        ->  Bitmap Heap Scan on sbtest3  (cost=34.70..3884.50 rows=1001 width=121)
	              Recheck Cond: ((id >= 8638404) AND (id <= 8639403))
	              ->  Bitmap Index Scan on sbtest3_pkey  (cost=0.00..34.45 rows=1001 width=0)
	                    Index Cond: ((id >= 8638404) AND (id <= 8639403))

table 4 : explain SELECT DISTINCT c FROM sbtest4 WHERE id BETWEEN 7607083 AND 7608082 ORDER BY c
	Unique  (cost=4233.45..4238.84 rows=1079 width=121)
	  ->  Sort  (cost=4233.45..4236.15 rows=1079 width=121)
	        Sort Key: c
	        ->  Bitmap Heap Scan on sbtest4  (cost=35.49..4179.09 rows=1079 width=121)
	              Recheck Cond: ((id >= 7607083) AND (id <= 7608082))
	              ->  Bitmap Index Scan on sbtest4_pkey  (cost=0.00..35.23 rows=1079 width=0)
	                    Index Cond: ((id >= 7607083) AND (id <= 7608082))

table 5 : explain SELECT DISTINCT c FROM sbtest5 WHERE id BETWEEN 1708278 AND 1709277 ORDER BY c
	Unique  (cost=3826.93..3831.80 rows=973 width=121)
	  ->  Sort  (cost=3826.93..3829.37 rows=973 width=121)
	        Sort Key: c
	        ->  Bitmap Heap Scan on sbtest5  (cost=34.41..3778.64 rows=973 width=121)
	              Recheck Cond: ((id >= 1708278) AND (id <= 1709277))
	              ->  Bitmap Index Scan on sbtest5_pkey  (cost=0.00..34.17 rows=973 width=0)
	                    Index Cond: ((id >= 1708278) AND (id <= 1709277))

table 6 : explain SELECT DISTINCT c FROM sbtest6 WHERE id BETWEEN 9831978 AND 9832977 ORDER BY c
	Unique  (cost=4409.03..4414.66 rows=1125 width=121)
	  ->  Sort  (cost=4409.03..4411.85 rows=1125 width=121)
	        Sort Key: c
	        ->  Bitmap Heap Scan on sbtest6  (cost=39.97..4352.02 rows=1125 width=121)
	              Recheck Cond: ((id >= 9831978) AND (id <= 9832977))
	              ->  Bitmap Index Scan on sbtest6_pkey  (cost=0.00..39.69 rows=1125 width=0)
	                    Index Cond: ((id >= 9831978) AND (id <= 9832977))

table 7 : explain SELECT DISTINCT c FROM sbtest7 WHERE id BETWEEN 9740395 AND 9741394 ORDER BY c
	Unique  (cost=3672.50..3677.17 rows=933 width=121)
	  ->  Sort  (cost=3672.50..3674.84 rows=933 width=121)
	        Sort Key: c
	        ->  Bitmap Heap Scan on sbtest7  (cost=34.00..3626.48 rows=933 width=121)
	              Recheck Cond: ((id >= 9740395) AND (id <= 9741394))
	              ->  Bitmap Index Scan on sbtest7_pkey  (cost=0.00..33.77 rows=933 width=0)
	                    Index Cond: ((id >= 9740395) AND (id <= 9741394))

table 8 : explain SELECT DISTINCT c FROM sbtest8 WHERE id BETWEEN 8347142 AND 8348141 ORDER BY c
	Unique  (cost=4094.31..4099.53 rows=1044 width=121)
	  ->  Sort  (cost=4094.31..4096.92 rows=1044 width=121)
	        Sort Key: c
	        ->  Bitmap Heap Scan on sbtest8  (cost=35.14..4041.97 rows=1044 width=121)
	              Recheck Cond: ((id >= 8347142) AND (id <= 8348141))
	              ->  Bitmap Index Scan on sbtest8_pkey  (cost=0.00..34.88 rows=1044 width=0)
	                    Index Cond: ((id >= 8347142) AND (id <= 8348141))

explain: for point_selects :: explain SELECT c FROM sbtest%u WHERE id=%u
for: order_ranges
table 1 : explain SELECT c FROM sbtest1 WHERE id BETWEEN 1691348 AND 1692347 ORDER BY c
	Sort  (cost=4192.05..4194.72 rows=1069 width=121)
	  Sort Key: c
	  ->  Bitmap Heap Scan on sbtest1  (cost=35.39..4138.27 rows=1069 width=121)
	        Recheck Cond: ((id >= 1691348) AND (id <= 1692347))
	        ->  Bitmap Index Scan on sbtest1_pkey  (cost=0.00..35.12 rows=1069 width=0)
	              Index Cond: ((id >= 1691348) AND (id <= 1692347))

table 2 : explain SELECT c FROM sbtest2 WHERE id BETWEEN 4195995 AND 4196994 ORDER BY c
	Sort  (cost=3959.02..3961.54 rows=1009 width=121)
	  Sort Key: c
	  ->  Bitmap Heap Scan on sbtest2  (cost=34.78..3908.68 rows=1009 width=121)
	        Recheck Cond: ((id >= 4195995) AND (id <= 4196994))
	        ->  Bitmap Index Scan on sbtest2_pkey  (cost=0.00..34.53 rows=1009 width=0)
	              Index Cond: ((id >= 4195995) AND (id <= 4196994))

table 3 : explain SELECT c FROM sbtest3 WHERE id BETWEEN 6390871 AND 6391870 ORDER BY c
	Sort  (cost=4026.38..4028.94 rows=1025 width=121)
	  Sort Key: c
	  ->  Bitmap Heap Scan on sbtest3  (cost=34.94..3975.12 rows=1025 width=121)
	        Recheck Cond: ((id >= 6390871) AND (id <= 6391870))
	        ->  Bitmap Index Scan on sbtest3_pkey  (cost=0.00..34.69 rows=1025 width=0)
	              Index Cond: ((id >= 6390871) AND (id <= 6391870))

table 4 : explain SELECT c FROM sbtest4 WHERE id BETWEEN 1265646 AND 1266645 ORDER BY c
	Sort  (cost=3992.19..3994.73 rows=1016 width=121)
	  Sort Key: c
	  ->  Bitmap Heap Scan on sbtest4  (cost=34.85..3941.44 rows=1016 width=121)
	        Recheck Cond: ((id >= 1265646) AND (id <= 1266645))
	        ->  Bitmap Index Scan on sbtest4_pkey  (cost=0.00..34.59 rows=1016 width=0)
	              Index Cond: ((id >= 1265646) AND (id <= 1266645))

table 5 : explain SELECT c FROM sbtest5 WHERE id BETWEEN 4358321 AND 4359320 ORDER BY c
	Sort  (cost=3577.08..3579.35 rows=909 width=121)
	  Sort Key: c
	  ->  Bitmap Heap Scan on sbtest5  (cost=29.75..3532.41 rows=909 width=121)
	        Recheck Cond: ((id >= 4358321) AND (id <= 4359320))
	        ->  Bitmap Index Scan on sbtest5_pkey  (cost=0.00..29.52 rows=909 width=0)
	              Index Cond: ((id >= 4358321) AND (id <= 4359320))

table 6 : explain SELECT c FROM sbtest6 WHERE id BETWEEN 1034522 AND 1035521 ORDER BY c
	Sort  (cost=4141.52..4144.16 rows=1056 width=121)
	  Sort Key: c
	  ->  Bitmap Heap Scan on sbtest6  (cost=35.26..4088.48 rows=1056 width=121)
	        Recheck Cond: ((id >= 1034522) AND (id <= 1035521))
	        ->  Bitmap Index Scan on sbtest6_pkey  (cost=0.00..35.00 rows=1056 width=0)
	              Index Cond: ((id >= 1034522) AND (id <= 1035521))

table 7 : explain SELECT c FROM sbtest7 WHERE id BETWEEN 1224837 AND 1225836 ORDER BY c
	Sort  (cost=3944.92..3947.43 rows=1004 width=121)
	  Sort Key: c
	  ->  Bitmap Heap Scan on sbtest7  (cost=34.73..3894.87 rows=1004 width=121)
	        Recheck Cond: ((id >= 1224837) AND (id <= 1225836))
	        ->  Bitmap Index Scan on sbtest7_pkey  (cost=0.00..34.48 rows=1004 width=0)
	              Index Cond: ((id >= 1224837) AND (id <= 1225836))

table 8 : explain SELECT c FROM sbtest8 WHERE id BETWEEN 3572157 AND 3573156 ORDER BY c
	Sort  (cost=4182.20..4184.87 rows=1067 width=121)
	  Sort Key: c
	  ->  Bitmap Heap Scan on sbtest8  (cost=35.37..4128.53 rows=1067 width=121)
	        Recheck Cond: ((id >= 3572157) AND (id <= 3573156))
	        ->  Bitmap Index Scan on sbtest8_pkey  (cost=0.00..35.11 rows=1067 width=0)
	              Index Cond: ((id >= 3572157) AND (id <= 3573156))

explain: for point_selects :: explain SELECT c FROM sbtest%u WHERE id=%u
for point_selects
table 1 : explain SELECT c FROM sbtest1 WHERE id=4399193
	Index Scan using sbtest1_pkey on sbtest1  (cost=0.43..8.45 rows=1 width=121)
	  Index Cond: (id = 4399193)

table 2 : explain SELECT c FROM sbtest2 WHERE id=2703672
	Index Scan using sbtest2_pkey on sbtest2  (cost=0.43..8.45 rows=1 width=121)
	  Index Cond: (id = 2703672)

table 3 : explain SELECT c FROM sbtest3 WHERE id=3508530
	Index Scan using sbtest3_pkey on sbtest3  (cost=0.43..8.45 rows=1 width=121)
	  Index Cond: (id = 3508530)

table 4 : explain SELECT c FROM sbtest4 WHERE id=87774
	Index Scan using sbtest4_pkey on sbtest4  (cost=0.43..8.45 rows=1 width=121)
	  Index Cond: (id = 87774)

table 5 : explain SELECT c FROM sbtest5 WHERE id=3706061
	Index Scan using sbtest5_pkey on sbtest5  (cost=0.43..8.45 rows=1 width=121)
	  Index Cond: (id = 3706061)

table 6 : explain SELECT c FROM sbtest6 WHERE id=8108471
	Index Scan using sbtest6_pkey on sbtest6  (cost=0.43..8.45 rows=1 width=121)
	  Index Cond: (id = 8108471)

table 7 : explain SELECT c FROM sbtest7 WHERE id=4195272
	Index Scan using sbtest7_pkey on sbtest7  (cost=0.43..8.45 rows=1 width=121)
	  Index Cond: (id = 4195272)

table 8 : explain SELECT c FROM sbtest8 WHERE id=2368441
	Index Scan using sbtest8_pkey on sbtest8  (cost=0.43..8.45 rows=1 width=121)
	  Index Cond: (id = 2368441)

for: order_ranges
table 1 : explain SELECT c FROM sbtest1 WHERE id BETWEEN 554095 AND 555094 ORDER BY c
	Sort  (cost=4081.14..4083.74 rows=1040 width=121)
	  Sort Key: c
	  ->  Bitmap Heap Scan on sbtest1  (cost=35.09..4029.03 rows=1040 width=121)
	        Recheck Cond: ((id >= 554095) AND (id <= 555094))
	        ->  Bitmap Index Scan on sbtest1_pkey  (cost=0.00..34.84 rows=1040 width=0)
	              Index Cond: ((id >= 554095) AND (id <= 555094))

table 2 : explain SELECT c FROM sbtest2 WHERE id BETWEEN 8491427 AND 8492426 ORDER BY c
	Sort  (cost=3890.16..3892.64 rows=991 width=121)
	  Sort Key: c
	  ->  Bitmap Heap Scan on sbtest2  (cost=34.59..3840.84 rows=991 width=121)
	        Recheck Cond: ((id >= 8491427) AND (id <= 8492426))
	        ->  Bitmap Index Scan on sbtest2_pkey  (cost=0.00..34.34 rows=991 width=0)
	              Index Cond: ((id >= 8491427) AND (id <= 8492426))

table 3 : explain SELECT c FROM sbtest3 WHERE id BETWEEN 7373326 AND 7374325 ORDER BY c
	Sort  (cost=3530.95..3533.20 rows=897 width=121)
	  Sort Key: c
	  ->  Bitmap Heap Scan on sbtest3  (cost=29.63..3486.96 rows=897 width=121)
	        Recheck Cond: ((id >= 7373326) AND (id <= 7374325))
	        ->  Bitmap Index Scan on sbtest3_pkey  (cost=0.00..29.40 rows=897 width=0)
	              Index Cond: ((id >= 7373326) AND (id <= 7374325))

table 4 : explain SELECT c FROM sbtest4 WHERE id BETWEEN 3334621 AND 3335620 ORDER BY c
	Sort  (cost=4149.25..4151.89 rows=1057 width=121)
	  Sort Key: c
	  ->  Bitmap Heap Scan on sbtest4  (cost=35.27..4096.16 rows=1057 width=121)
	        Recheck Cond: ((id >= 3334621) AND (id <= 3335620))
	        ->  Bitmap Index Scan on sbtest4_pkey  (cost=0.00..35.01 rows=1057 width=0)
	              Index Cond: ((id >= 3334621) AND (id <= 3335620))

table 5 : explain SELECT c FROM sbtest5 WHERE id BETWEEN 6316564 AND 6317563 ORDER BY c
	Sort  (cost=3684.86..3687.20 rows=936 width=121)
	  Sort Key: c
	  ->  Bitmap Heap Scan on sbtest5  (cost=34.03..3638.66 rows=936 width=121)
	        Recheck Cond: ((id >= 6316564) AND (id <= 6317563))
	        ->  Bitmap Index Scan on sbtest5_pkey  (cost=0.00..33.80 rows=936 width=0)
	              Index Cond: ((id >= 6316564) AND (id <= 6317563))

table 6 : explain SELECT c FROM sbtest6 WHERE id BETWEEN 8254610 AND 8255609 ORDER BY c
	Sort  (cost=4141.52..4144.16 rows=1056 width=121)
	  Sort Key: c
	  ->  Bitmap Heap Scan on sbtest6  (cost=35.26..4088.48 rows=1056 width=121)
	        Recheck Cond: ((id >= 8254610) AND (id <= 8255609))
	        ->  Bitmap Index Scan on sbtest6_pkey  (cost=0.00..35.00 rows=1056 width=0)
	              Index Cond: ((id >= 8254610) AND (id <= 8255609))

table 7 : explain SELECT c FROM sbtest7 WHERE id BETWEEN 3435389 AND 3436388 ORDER BY c
	Sort  (cost=3503.22..3505.45 rows=890 width=121)
	  Sort Key: c
	  ->  Bitmap Heap Scan on sbtest7  (cost=29.56..3459.62 rows=890 width=121)
	        Recheck Cond: ((id >= 3435389) AND (id <= 3436388))
	        ->  Bitmap Index Scan on sbtest7_pkey  (cost=0.00..29.33 rows=890 width=0)
	              Index Cond: ((id >= 3435389) AND (id <= 3436388))

table 8 : explain SELECT c FROM sbtest8 WHERE id BETWEEN 7674870 AND 7675869 ORDER BY c
	Sort  (cost=4056.08..4058.66 rows=1034 width=121)
	  Sort Key: c
	  ->  Bitmap Heap Scan on sbtest8  (cost=35.03..4004.31 rows=1034 width=121)
	        Recheck Cond: ((id >= 7674870) AND (id <= 7675869))
	        ->  Bitmap Index Scan on sbtest8_pkey  (cost=0.00..34.78 rows=1034 width=0)
	              Index Cond: ((id >= 7674870) AND (id <= 7675869))

for: distinct_ranges
table 1 : explain SELECT DISTINCT c FROM sbtest1 WHERE id BETWEEN 2665179 AND 2666178 ORDER BY c
	Unique  (cost=4214.98..4220.36 rows=1075 width=121)
	  ->  Sort  (cost=4214.98..4217.67 rows=1075 width=121)
	        Sort Key: c
	        ->  Bitmap Heap Scan on sbtest1  (cost=35.45..4160.86 rows=1075 width=121)
	              Recheck Cond: ((id >= 2665179) AND (id <= 2666178))
	              ->  Bitmap Index Scan on sbtest1_pkey  (cost=0.00..35.19 rows=1075 width=0)
	                    Index Cond: ((id >= 2665179) AND (id <= 2666178))

table 2 : explain SELECT DISTINCT c FROM sbtest2 WHERE id BETWEEN 3340226 AND 3341225 ORDER BY c
	Unique  (cost=3951.37..3956.41 rows=1007 width=121)
	  ->  Sort  (cost=3951.37..3953.89 rows=1007 width=121)
	        Sort Key: c
	        ->  Bitmap Heap Scan on sbtest2  (cost=34.76..3901.14 rows=1007 width=121)
	              Recheck Cond: ((id >= 3340226) AND (id <= 3341225))
	              ->  Bitmap Index Scan on sbtest2_pkey  (cost=0.00..34.51 rows=1007 width=0)
	                    Index Cond: ((id >= 3340226) AND (id <= 3341225))

table 3 : explain SELECT DISTINCT c FROM sbtest3 WHERE id BETWEEN 6268058 AND 6269057 ORDER BY c
	Unique  (cost=4302.14..4307.62 rows=1096 width=121)
	  ->  Sort  (cost=4302.14..4304.88 rows=1096 width=121)
	        Sort Key: c
	        ->  Bitmap Heap Scan on sbtest3  (cost=39.67..4246.80 rows=1096 width=121)
	              Recheck Cond: ((id >= 6268058) AND (id <= 6269057))
	              ->  Bitmap Index Scan on sbtest3_pkey  (cost=0.00..39.40 rows=1096 width=0)
	                    Index Cond: ((id >= 6268058) AND (id <= 6269057))

table 4 : explain SELECT DISTINCT c FROM sbtest4 WHERE id BETWEEN 2136065 AND 2137064 ORDER BY c
	Unique  (cost=3800.38..3805.21 rows=966 width=121)
	  ->  Sort  (cost=3800.38..3802.80 rows=966 width=121)
	        Sort Key: c
	        ->  Bitmap Heap Scan on sbtest4  (cost=34.34..3752.49 rows=966 width=121)
	              Recheck Cond: ((id >= 2136065) AND (id <= 2137064))
	              ->  Bitmap Index Scan on sbtest4_pkey  (cost=0.00..34.09 rows=966 width=0)
	                    Index Cond: ((id >= 2136065) AND (id <= 2137064))

table 5 : explain SELECT DISTINCT c FROM sbtest5 WHERE id BETWEEN 3861162 AND 3862161 ORDER BY c
	Unique  (cost=4412.93..4418.56 rows=1125 width=121)
	  ->  Sort  (cost=4412.93..4415.74 rows=1125 width=121)
	        Sort Key: c
	        ->  Bitmap Heap Scan on sbtest5  (cost=39.97..4355.92 rows=1125 width=121)
	              Recheck Cond: ((id >= 3861162) AND (id <= 3862161))
	              ->  Bitmap Index Scan on sbtest5_pkey  (cost=0.00..39.69 rows=1125 width=0)
	                    Index Cond: ((id >= 3861162) AND (id <= 3862161))

table 6 : explain SELECT DISTINCT c FROM sbtest6 WHERE id BETWEEN 4991830 AND 4992829 ORDER BY c
	Unique  (cost=3731.78..3736.52 rows=949 width=121)
	  ->  Sort  (cost=3731.78..3734.15 rows=949 width=121)
	        Sort Key: c
	        ->  Bitmap Heap Scan on sbtest6  (cost=34.16..3684.85 rows=949 width=121)
	              Recheck Cond: ((id >= 4991830) AND (id <= 4992829))
	              ->  Bitmap Index Scan on sbtest6_pkey  (cost=0.00..33.93 rows=949 width=0)
	                    Index Cond: ((id >= 4991830) AND (id <= 4992829))

table 7 : explain SELECT DISTINCT c FROM sbtest7 WHERE id BETWEEN 2324857 AND 2325856 ORDER BY c
	Unique  (cost=4036.88..4042.02 rows=1028 width=121)
	  ->  Sort  (cost=4036.88..4039.45 rows=1028 width=121)
	        Sort Key: c
	        ->  Bitmap Heap Scan on sbtest7  (cost=34.97..3985.45 rows=1028 width=121)
	              Recheck Cond: ((id >= 2324857) AND (id <= 2325856))
	              ->  Bitmap Index Scan on sbtest7_pkey  (cost=0.00..34.72 rows=1028 width=0)
	                    Index Cond: ((id >= 2324857) AND (id <= 2325856))

table 8 : explain SELECT DISTINCT c FROM sbtest8 WHERE id BETWEEN 465015 AND 466014 ORDER BY c
	Unique  (cost=3542.46..3546.96 rows=901 width=121)
	  ->  Sort  (cost=3542.46..3544.71 rows=901 width=121)
	        Sort Key: c
	        ->  Bitmap Heap Scan on sbtest8  (cost=29.67..3498.24 rows=901 width=121)
	              Recheck Cond: ((id >= 465015) AND (id <= 466014))
	              ->  Bitmap Index Scan on sbtest8_pkey  (cost=0.00..29.44 rows=901 width=0)
	                    Index Cond: ((id >= 465015) AND (id <= 466014))

for point_selects
table 1 : explain SELECT c FROM sbtest1 WHERE id=2418241
	Index Scan using sbtest1_pkey on sbtest1  (cost=0.43..8.45 rows=1 width=121)
	  Index Cond: (id = 2418241)

table 2 : explain SELECT c FROM sbtest2 WHERE id=6661862
	Index Scan using sbtest2_pkey on sbtest2  (cost=0.43..8.45 rows=1 width=121)
	  Index Cond: (id = 6661862)

table 3 : explain SELECT c FROM sbtest3 WHERE id=5484809
	Index Scan using sbtest3_pkey on sbtest3  (cost=0.43..8.45 rows=1 width=121)
	  Index Cond: (id = 5484809)

table 4 : explain SELECT c FROM sbtest4 WHERE id=1989276
	Index Scan using sbtest4_pkey on sbtest4  (cost=0.43..8.45 rows=1 width=121)
	  Index Cond: (id = 1989276)

table 5 : explain SELECT c FROM sbtest5 WHERE id=8725101
	Index Scan using sbtest5_pkey on sbtest5  (cost=0.43..8.45 rows=1 width=121)
	  Index Cond: (id = 8725101)

table 6 : explain SELECT c FROM sbtest6 WHERE id=1732889
	Index Scan using sbtest6_pkey on sbtest6  (cost=0.43..8.45 rows=1 width=121)
	  Index Cond: (id = 1732889)

table 7 : explain SELECT c FROM sbtest7 WHERE id=7835126
	Index Scan using sbtest7_pkey on sbtest7  (cost=0.43..8.45 rows=1 width=121)
	  Index Cond: (id = 7835126)

table 8 : explain SELECT c FROM sbtest8 WHERE id=621411
	Index Scan using sbtest8_pkey on sbtest8  (cost=0.43..8.45 rows=1 width=121)
	  Index Cond: (id = 621411)

for: distinct_ranges
table 1 : explain SELECT DISTINCT c FROM sbtest1 WHERE id BETWEEN 7025783 AND 7026782 ORDER BY c
	Unique  (cost=4062.01..4067.19 rows=1035 width=121)
	  ->  Sort  (cost=4062.01..4064.60 rows=1035 width=121)
	        Sort Key: c
	        ->  Bitmap Heap Scan on sbtest1  (cost=35.04..4010.18 rows=1035 width=121)
	              Recheck Cond: ((id >= 7025783) AND (id <= 7026782))
	              ->  Bitmap Index Scan on sbtest1_pkey  (cost=0.00..34.79 rows=1035 width=0)
	                    Index Cond: ((id >= 7025783) AND (id <= 7026782))

table 2 : explain SELECT DISTINCT c FROM sbtest2 WHERE id BETWEEN 5697068 AND 5698067 ORDER BY c
	Unique  (cost=4218.81..4224.20 rows=1077 width=121)
	  ->  Sort  (cost=4218.81..4221.51 rows=1077 width=121)
	        Sort Key: c
	        ->  Bitmap Heap Scan on sbtest2  (cost=35.47..4164.57 rows=1077 width=121)
	              Recheck Cond: ((id >= 5697068) AND (id <= 5698067))
	              ->  Bitmap Index Scan on sbtest2_pkey  (cost=0.00..35.20 rows=1077 width=0)
	                    Index Cond: ((id >= 5697068) AND (id <= 5698067))

table 3 : explain SELECT DISTINCT c FROM sbtest3 WHERE id BETWEEN 7654910 AND 7655909 ORDER BY c
	Unique  (cost=4007.22..4012.32 rows=1020 width=121)
	  ->  Sort  (cost=4007.22..4009.77 rows=1020 width=121)
	        Sort Key: c
	        ->  Bitmap Heap Scan on sbtest3  (cost=34.89..3956.24 rows=1020 width=121)
	              Recheck Cond: ((id >= 7654910) AND (id <= 7655909))
	              ->  Bitmap Index Scan on sbtest3_pkey  (cost=0.00..34.64 rows=1020 width=0)
	                    Index Cond: ((id >= 7654910) AND (id <= 7655909))

table 4 : explain SELECT DISTINCT c FROM sbtest4 WHERE id BETWEEN 1963114 AND 1964113 ORDER BY c
	Unique  (cost=4409.50..4415.12 rows=1124 width=121)
	  ->  Sort  (cost=4409.50..4412.31 rows=1124 width=121)
	        Sort Key: c
	        ->  Bitmap Heap Scan on sbtest4  (cost=39.96..4352.55 rows=1124 width=121)
	              Recheck Cond: ((id >= 1963114) AND (id <= 1964113))
	              ->  Bitmap Index Scan on sbtest4_pkey  (cost=0.00..39.68 rows=1124 width=0)
	                    Index Cond: ((id >= 1963114) AND (id <= 1964113))

table 5 : explain SELECT DISTINCT c FROM sbtest5 WHERE id BETWEEN 2850509 AND 2851508 ORDER BY c
	Unique  (cost=3953.51..3958.54 rows=1006 width=121)
	  ->  Sort  (cost=3953.51..3956.03 rows=1006 width=121)
	        Sort Key: c
	        ->  Bitmap Heap Scan on sbtest5  (cost=34.75..3903.34 rows=1006 width=121)
	              Recheck Cond: ((id >= 2850509) AND (id <= 2851508))
	              ->  Bitmap Index Scan on sbtest5_pkey  (cost=0.00..34.50 rows=1006 width=0)
	                    Index Cond: ((id >= 2850509) AND (id <= 2851508))

table 6 : explain SELECT DISTINCT c FROM sbtest6 WHERE id BETWEEN 3593948 AND 3594947 ORDER BY c
	Unique  (cost=3670.39..3675.05 rows=933 width=121)
	  ->  Sort  (cost=3670.39..3672.72 rows=933 width=121)
	        Sort Key: c
	        ->  Bitmap Heap Scan on sbtest6  (cost=34.00..3624.36 rows=933 width=121)
	              Recheck Cond: ((id >= 3593948) AND (id <= 3594947))
	              ->  Bitmap Index Scan on sbtest6_pkey  (cost=0.00..33.77 rows=933 width=0)
	                    Index Cond: ((id >= 3593948) AND (id <= 3594947))

table 7 : explain SELECT DISTINCT c FROM sbtest7 WHERE id BETWEEN 4897482 AND 4898481 ORDER BY c
	Unique  (cost=3695.55..3700.24 rows=939 width=121)
	  ->  Sort  (cost=3695.55..3697.90 rows=939 width=121)
	        Sort Key: c
	        ->  Bitmap Heap Scan on sbtest7  (cost=34.06..3649.19 rows=939 width=121)
	              Recheck Cond: ((id >= 4897482) AND (id <= 4898481))
	              ->  Bitmap Index Scan on sbtest7_pkey  (cost=0.00..33.83 rows=939 width=0)
	                    Index Cond: ((id >= 4897482) AND (id <= 4898481))

table 8 : explain SELECT DISTINCT c FROM sbtest8 WHERE id BETWEEN 1245631 AND 1246630 ORDER BY c
	Unique  (cost=3991.06..3996.14 rows=1017 width=121)
	  ->  Sort  (cost=3991.06..3993.60 rows=1017 width=121)
	        Sort Key: c
	        ->  Bitmap Heap Scan on sbtest8  (cost=34.86..3940.26 rows=1017 width=121)
	              Recheck Cond: ((id >= 1245631) AND (id <= 1246630))
	              ->  Bitmap Index Scan on sbtest8_pkey  (cost=0.00..34.61 rows=1017 width=0)
	                    Index Cond: ((id >= 1245631) AND (id <= 1246630))

for: sum_ranges
table 1 : explain SELECT SUM(k) FROM sbtest1 WHERE id BETWEEN 6233599 AND 6234598
	Aggregate  (cost=3820.24..3820.25 rows=1 width=8)
	  ->  Bitmap Heap Scan on sbtest1  (cost=34.52..3817.78 rows=984 width=4)
	        Recheck Cond: ((id >= 6233599) AND (id <= 6234598))
	        ->  Bitmap Index Scan on sbtest1_pkey  (cost=0.00..34.28 rows=984 width=0)
	              Index Cond: ((id >= 6233599) AND (id <= 6234598))

table 2 : explain SELECT SUM(k) FROM sbtest2 WHERE id BETWEEN 3293203 AND 3294202
	Aggregate  (cost=3903.66..3903.67 rows=1 width=8)
	  ->  Bitmap Heap Scan on sbtest2  (cost=34.76..3901.14 rows=1007 width=4)
	        Recheck Cond: ((id >= 3293203) AND (id <= 3294202))
	        ->  Bitmap Index Scan on sbtest2_pkey  (cost=0.00..34.51 rows=1007 width=0)
	              Index Cond: ((id >= 3293203) AND (id <= 3294202))

table 3 : explain SELECT SUM(k) FROM sbtest3 WHERE id BETWEEN 926808 AND 927807
	Aggregate  (cost=4272.15..4272.16 rows=1 width=8)
	  ->  Bitmap Heap Scan on sbtest3  (cost=39.73..4269.39 rows=1102 width=4)
	        Recheck Cond: ((id >= 926808) AND (id <= 927807))
	        ->  Bitmap Index Scan on sbtest3_pkey  (cost=0.00..39.45 rows=1102 width=0)
	              Index Cond: ((id >= 926808) AND (id <= 927807))

table 4 : explain SELECT SUM(k) FROM sbtest4 WHERE id BETWEEN 883257 AND 884256
	Aggregate  (cost=3826.79..3826.80 rows=1 width=8)
	  ->  Bitmap Heap Scan on sbtest4  (cost=34.53..3824.33 rows=985 width=4)
	        Recheck Cond: ((id >= 883257) AND (id <= 884256))
	        ->  Bitmap Index Scan on sbtest4_pkey  (cost=0.00..34.29 rows=985 width=0)
	              Index Cond: ((id >= 883257) AND (id <= 884256))

table 5 : explain SELECT SUM(k) FROM sbtest5 WHERE id BETWEEN 7286742 AND 7287741
	Aggregate  (cost=3644.79..3644.80 rows=1 width=8)
	  ->  Bitmap Heap Scan on sbtest5  (cost=34.04..3642.45 rows=937 width=4)
	        Recheck Cond: ((id >= 7286742) AND (id <= 7287741))
	        ->  Bitmap Index Scan on sbtest5_pkey  (cost=0.00..33.81 rows=937 width=0)
	              Index Cond: ((id >= 7286742) AND (id <= 7287741))

table 6 : explain SELECT SUM(k) FROM sbtest6 WHERE id BETWEEN 9717751 AND 9718750
	Aggregate  (cost=3849.71..3849.72 rows=1 width=8)
	  ->  Bitmap Heap Scan on sbtest6  (cost=34.60..3847.23 rows=992 width=4)
	        Recheck Cond: ((id >= 9717751) AND (id <= 9718750))
	        ->  Bitmap Index Scan on sbtest6_pkey  (cost=0.00..34.36 rows=992 width=0)
	              Index Cond: ((id >= 9717751) AND (id <= 9718750))

table 7 : explain SELECT SUM(k) FROM sbtest7 WHERE id BETWEEN 5355307 AND 5356306
	Aggregate  (cost=3950.26..3950.27 rows=1 width=8)
	  ->  Bitmap Heap Scan on sbtest7  (cost=34.87..3947.71 rows=1018 width=4)
	        Recheck Cond: ((id >= 5355307) AND (id <= 5356306))
	        ->  Bitmap Index Scan on sbtest7_pkey  (cost=0.00..34.62 rows=1018 width=0)
	              Index Cond: ((id >= 5355307) AND (id <= 5356306))

table 8 : explain SELECT SUM(k) FROM sbtest8 WHERE id BETWEEN 3445918 AND 3446917
	Aggregate  (cost=4059.65..4059.66 rows=1 width=8)
	  ->  Bitmap Heap Scan on sbtest8  (cost=35.18..4057.03 rows=1048 width=4)
	        Recheck Cond: ((id >= 3445918) AND (id <= 3446917))
	        ->  Bitmap Index Scan on sbtest8_pkey  (cost=0.00..34.92 rows=1048 width=0)
	              Index Cond: ((id >= 3445918) AND (id <= 3446917))

explain: for point_selects :: explain SELECT c FROM sbtest%u WHERE id=%u
for point_selects
table 1 : explain SELECT c FROM sbtest1 WHERE id=6256148
	Index Scan using sbtest1_pkey on sbtest1  (cost=0.43..8.45 rows=1 width=121)
	  Index Cond: (id = 6256148)

table 2 : explain SELECT c FROM sbtest2 WHERE id=3023974
	Index Scan using sbtest2_pkey on sbtest2  (cost=0.43..8.45 rows=1 width=121)
	  Index Cond: (id = 3023974)

table 3 : explain SELECT c FROM sbtest3 WHERE id=6533063
	Index Scan using sbtest3_pkey on sbtest3  (cost=0.43..8.45 rows=1 width=121)
	  Index Cond: (id = 6533063)

table 4 : explain SELECT c FROM sbtest4 WHERE id=9077335
	Index Scan using sbtest4_pkey on sbtest4  (cost=0.43..8.45 rows=1 width=121)
	  Index Cond: (id = 9077335)

table 5 : explain SELECT c FROM sbtest5 WHERE id=1741951
	Index Scan using sbtest5_pkey on sbtest5  (cost=0.43..8.45 rows=1 width=121)
	  Index Cond: (id = 1741951)

table 6 : explain SELECT c FROM sbtest6 WHERE id=5428790
	Index Scan using sbtest6_pkey on sbtest6  (cost=0.43..8.45 rows=1 width=121)
	  Index Cond: (id = 5428790)

table 7 : explain SELECT c FROM sbtest7 WHERE id=9821413
	Index Scan using sbtest7_pkey on sbtest7  (cost=0.43..8.45 rows=1 width=121)
	  Index Cond: (id = 9821413)

table 8 : explain SELECT c FROM sbtest8 WHERE id=8548045
	Index Scan using sbtest8_pkey on sbtest8  (cost=0.43..8.45 rows=1 width=121)
	  Index Cond: (id = 8548045)

for: sum_ranges
table 1 : explain SELECT SUM(k) FROM sbtest1 WHERE id BETWEEN 3870854 AND 3871853
	Aggregate  (cost=4050.48..4050.49 rows=1 width=8)
	  ->  Bitmap Heap Scan on sbtest1  (cost=35.15..4047.87 rows=1045 width=4)
	        Recheck Cond: ((id >= 3870854) AND (id <= 3871853))
	        ->  Bitmap Index Scan on sbtest1_pkey  (cost=0.00..34.89 rows=1045 width=0)
	              Index Cond: ((id >= 3870854) AND (id <= 3871853))

table 2 : explain SELECT SUM(k) FROM sbtest2 WHERE id BETWEEN 5793426 AND 5794425
	Aggregate  (cost=3650.76..3650.77 rows=1 width=8)
	  ->  Bitmap Heap Scan on sbtest2  (cost=34.07..3648.41 rows=940 width=4)
	        Recheck Cond: ((id >= 5793426) AND (id <= 5794425))
	        ->  Bitmap Index Scan on sbtest2_pkey  (cost=0.00..33.84 rows=940 width=0)
	              Index Cond: ((id >= 5793426) AND (id <= 5794425))

table 3 : explain SELECT SUM(k) FROM sbtest3 WHERE id BETWEEN 1809736 AND 1810735
	Aggregate  (cost=3591.78..3591.79 rows=1 width=8)
	  ->  Bitmap Heap Scan on sbtest3  (cost=33.90..3589.47 rows=923 width=4)
	        Recheck Cond: ((id >= 1809736) AND (id <= 1810735))
	        ->  Bitmap Index Scan on sbtest3_pkey  (cost=0.00..33.67 rows=923 width=0)
	              Index Cond: ((id >= 1809736) AND (id <= 1810735))

table 4 : explain SELECT SUM(k) FROM sbtest4 WHERE id BETWEEN 2170235 AND 2171234
	Aggregate  (cost=3754.90..3754.91 rows=1 width=8)
	  ->  Bitmap Heap Scan on sbtest4  (cost=34.34..3752.49 rows=966 width=4)
	        Recheck Cond: ((id >= 2170235) AND (id <= 2171234))
	        ->  Bitmap Index Scan on sbtest4_pkey  (cost=0.00..34.09 rows=966 width=0)
	              Index Cond: ((id >= 2170235) AND (id <= 2171234))

table 5 : explain SELECT SUM(k) FROM sbtest5 WHERE id BETWEEN 7543681 AND 7544680
	Aggregate  (cost=3864.28..3864.29 rows=1 width=8)
	  ->  Bitmap Heap Scan on sbtest5  (cost=34.63..3861.79 rows=995 width=4)
	        Recheck Cond: ((id >= 7543681) AND (id <= 7544680))
	        ->  Bitmap Index Scan on sbtest5_pkey  (cost=0.00..34.39 rows=995 width=0)
	              Index Cond: ((id >= 7543681) AND (id <= 7544680))

table 6 : explain SELECT SUM(k) FROM sbtest6 WHERE id BETWEEN 6548735 AND 6549734
	Aggregate  (cost=3830.83..3830.84 rows=1 width=8)
	  ->  Bitmap Heap Scan on sbtest6  (cost=34.55..3828.36 rows=987 width=4)
	        Recheck Cond: ((id >= 6548735) AND (id <= 6549734))
	        ->  Bitmap Index Scan on sbtest6_pkey  (cost=0.00..34.31 rows=987 width=0)
	              Index Cond: ((id >= 6548735) AND (id <= 6549734))

table 7 : explain SELECT SUM(k) FROM sbtest7 WHERE id BETWEEN 7573680 AND 7574679
	Aggregate  (cost=4021.99..4022.00 rows=1 width=8)
	  ->  Bitmap Heap Scan on sbtest7  (cost=35.06..4019.40 rows=1037 width=4)
	        Recheck Cond: ((id >= 7573680) AND (id <= 7574679))
	        ->  Bitmap Index Scan on sbtest7_pkey  (cost=0.00..34.81 rows=1037 width=0)
	              Index Cond: ((id >= 7573680) AND (id <= 7574679))

table 8 : explain SELECT SUM(k) FROM sbtest8 WHERE id BETWEEN 8198383 AND 8199382
	Aggregate  (cost=3424.74..3424.75 rows=1 width=8)
	  ->  Bitmap Heap Scan on sbtest8  (cost=29.47..3422.54 rows=881 width=4)
	        Recheck Cond: ((id >= 8198383) AND (id <= 8199382))
	        ->  Bitmap Index Scan on sbtest8_pkey  (cost=0.00..29.25 rows=881 width=0)
	              Index Cond: ((id >= 8198383) AND (id <= 8199382))

for point_selects
table 1 : explain SELECT c FROM sbtest1 WHERE id=4573640
	Index Scan using sbtest1_pkey on sbtest1  (cost=0.43..8.45 rows=1 width=121)
	  Index Cond: (id = 4573640)

table 2 : explain SELECT c FROM sbtest2 WHERE id=3374956
	Index Scan using sbtest2_pkey on sbtest2  (cost=0.43..8.45 rows=1 width=121)
	  Index Cond: (id = 3374956)

table 3 : explain SELECT c FROM sbtest3 WHERE id=996020
	Index Scan using sbtest3_pkey on sbtest3  (cost=0.43..8.45 rows=1 width=121)
	  Index Cond: (id = 996020)

table 4 : explain SELECT c FROM sbtest4 WHERE id=8151850
	Index Scan using sbtest4_pkey on sbtest4  (cost=0.43..8.45 rows=1 width=121)
	  Index Cond: (id = 8151850)

table 5 : explain SELECT c FROM sbtest5 WHERE id=8593815
	Index Scan using sbtest5_pkey on sbtest5  (cost=0.43..8.45 rows=1 width=121)
	  Index Cond: (id = 8593815)

table 6 : explain SELECT c FROM sbtest6 WHERE id=6157655
	Index Scan using sbtest6_pkey on sbtest6  (cost=0.43..8.45 rows=1 width=121)
	  Index Cond: (id = 6157655)

table 7 : explain SELECT c FROM sbtest7 WHERE id=9106580
	Index Scan using sbtest7_pkey on sbtest7  (cost=0.43..8.45 rows=1 width=121)
	  Index Cond: (id = 9106580)

table 8 : explain SELECT c FROM sbtest8 WHERE id=6226147
	Index Scan using sbtest8_pkey on sbtest8  (cost=0.43..8.45 rows=1 width=121)
	  Index Cond: (id = 6226147)

for: order_ranges
table 1 : explain SELECT c FROM sbtest1 WHERE id BETWEEN 2981477 AND 2982476 ORDER BY c
	Sort  (cost=4303.04..4305.78 rows=1097 width=121)
	  Sort Key: c
	  ->  Bitmap Heap Scan on sbtest1  (cost=39.68..4247.65 rows=1097 width=121)
	        Recheck Cond: ((id >= 2981477) AND (id <= 2982476))
	        ->  Bitmap Index Scan on sbtest1_pkey  (cost=0.00..39.41 rows=1097 width=0)
	              Index Cond: ((id >= 2981477) AND (id <= 2982476))

table 2 : explain SELECT c FROM sbtest2 WHERE id BETWEEN 8740087 AND 8741086 ORDER BY c
	Sort  (cost=4161.55..4164.21 rows=1062 width=121)
	  Sort Key: c
	  ->  Bitmap Heap Scan on sbtest2  (cost=35.32..4108.17 rows=1062 width=121)
	        Recheck Cond: ((id >= 8740087) AND (id <= 8741086))
	        ->  Bitmap Index Scan on sbtest2_pkey  (cost=0.00..35.06 rows=1062 width=0)
	              Index Cond: ((id >= 8740087) AND (id <= 8741086))

table 3 : explain SELECT c FROM sbtest3 WHERE id BETWEEN 2125799 AND 2126798 ORDER BY c
	Sort  (cost=4068.52..4071.11 rows=1036 width=121)
	  Sort Key: c
	  ->  Bitmap Heap Scan on sbtest3  (cost=35.05..4016.63 rows=1036 width=121)
	        Recheck Cond: ((id >= 2125799) AND (id <= 2126798))
	        ->  Bitmap Index Scan on sbtest3_pkey  (cost=0.00..34.80 rows=1036 width=0)
	              Index Cond: ((id >= 2125799) AND (id <= 2126798))

table 4 : explain SELECT c FROM sbtest4 WHERE id BETWEEN 9865954 AND 9866953 ORDER BY c
	Sort  (cost=3558.13..3560.39 rows=904 width=121)
	  Sort Key: c
	  ->  Bitmap Heap Scan on sbtest4  (cost=29.70..3513.74 rows=904 width=121)
	        Recheck Cond: ((id >= 9865954) AND (id <= 9866953))
	        ->  Bitmap Index Scan on sbtest4_pkey  (cost=0.00..29.47 rows=904 width=0)
	              Index Cond: ((id >= 9865954) AND (id <= 9866953))

table 5 : explain SELECT c FROM sbtest5 WHERE id BETWEEN 9132544 AND 9133543 ORDER BY c
	Sort  (cost=3926.68..3929.17 rows=999 width=121)
	  Sort Key: c
	  ->  Bitmap Heap Scan on sbtest5  (cost=34.67..3876.90 rows=999 width=121)
	        Recheck Cond: ((id >= 9132544) AND (id <= 9133543))
	        ->  Bitmap Index Scan on sbtest5_pkey  (cost=0.00..34.43 rows=999 width=0)
	              Index Cond: ((id >= 9132544) AND (id <= 9133543))

table 6 : explain SELECT c FROM sbtest6 WHERE id BETWEEN 1927432 AND 1928431 ORDER BY c
	Sort  (cost=3931.07..3933.58 rows=1001 width=121)
	  Sort Key: c
	  ->  Bitmap Heap Scan on sbtest6  (cost=34.70..3881.19 rows=1001 width=121)
	        Recheck Cond: ((id >= 1927432) AND (id <= 1928431))
	        ->  Bitmap Index Scan on sbtest6_pkey  (cost=0.00..34.45 rows=1001 width=0)
	              Index Cond: ((id >= 1927432) AND (id <= 1928431))

table 7 : explain SELECT c FROM sbtest7 WHERE id BETWEEN 9984246 AND 9985245 ORDER BY c
	Sort  (cost=3810.71..3813.13 rows=969 width=121)
	  Sort Key: c
	  ->  Bitmap Heap Scan on sbtest7  (cost=34.37..3762.64 rows=969 width=121)
	        Recheck Cond: ((id >= 9984246) AND (id <= 9985245))
	        ->  Bitmap Index Scan on sbtest7_pkey  (cost=0.00..34.12 rows=969 width=0)
	              Index Cond: ((id >= 9984246) AND (id <= 9985245))

table 8 : explain SELECT c FROM sbtest8 WHERE id BETWEEN 3490662 AND 3491661 ORDER BY c
	Sort  (cost=4109.60..4112.22 rows=1048 width=121)
	  Sort Key: c
	  ->  Bitmap Heap Scan on sbtest8  (cost=35.18..4057.03 rows=1048 width=121)
	        Recheck Cond: ((id >= 3490662) AND (id <= 3491661))
	        ->  Bitmap Index Scan on sbtest8_pkey  (cost=0.00..34.92 rows=1048 width=0)
	              Index Cond: ((id >= 3490662) AND (id <= 3491661))

for: distinct_ranges
table 1 : explain SELECT DISTINCT c FROM sbtest1 WHERE id BETWEEN 6095743 AND 6096742 ORDER BY c
	Unique  (cost=3916.51..3921.50 rows=997 width=121)
	  ->  Sort  (cost=3916.51..3919.01 rows=997 width=121)
	        Sort Key: c
	        ->  Bitmap Heap Scan on sbtest1  (cost=34.65..3866.86 rows=997 width=121)
	              Recheck Cond: ((id >= 6095743) AND (id <= 6096742))
	              ->  Bitmap Index Scan on sbtest1_pkey  (cost=0.00..34.41 rows=997 width=0)
	                    Index Cond: ((id >= 6095743) AND (id <= 6096742))

table 2 : explain SELECT DISTINCT c FROM sbtest2 WHERE id BETWEEN 3707661 AND 3708660 ORDER BY c
	Unique  (cost=4031.66..4036.80 rows=1028 width=121)
	  ->  Sort  (cost=4031.66..4034.23 rows=1028 width=121)
	        Sort Key: c
	        ->  Bitmap Heap Scan on sbtest2  (cost=34.97..3980.24 rows=1028 width=121)
	              Recheck Cond: ((id >= 3707661) AND (id <= 3708660))
	              ->  Bitmap Index Scan on sbtest2_pkey  (cost=0.00..34.72 rows=1028 width=0)
	                    Index Cond: ((id >= 3707661) AND (id <= 3708660))

table 3 : explain SELECT DISTINCT c FROM sbtest3 WHERE id BETWEEN 6045081 AND 6046080 ORDER BY c
	Unique  (cost=3746.35..3751.11 rows=952 width=121)
	  ->  Sort  (cost=3746.35..3748.73 rows=952 width=121)
	        Sort Key: c
	        ->  Bitmap Heap Scan on sbtest3  (cost=34.19..3699.25 rows=952 width=121)
	              Recheck Cond: ((id >= 6045081) AND (id <= 6046080))
	              ->  Bitmap Index Scan on sbtest3_pkey  (cost=0.00..33.95 rows=952 width=0)
	                    Index Cond: ((id >= 6045081) AND (id <= 6046080))

table 4 : explain SELECT DISTINCT c FROM sbtest4 WHERE id BETWEEN 8007437 AND 8008436 ORDER BY c
	Unique  (cost=4164.56..4169.87 rows=1061 width=121)
	  ->  Sort  (cost=4164.56..4167.21 rows=1061 width=121)
	        Sort Key: c
	        ->  Bitmap Heap Scan on sbtest4  (cost=35.31..4111.24 rows=1061 width=121)
	              Recheck Cond: ((id >= 8007437) AND (id <= 8008436))
	              ->  Bitmap Index Scan on sbtest4_pkey  (cost=0.00..35.05 rows=1061 width=0)
	                    Index Cond: ((id >= 8007437) AND (id <= 8008436))

table 5 : explain SELECT DISTINCT c FROM sbtest5 WHERE id BETWEEN 2100723 AND 2101722 ORDER BY c
	Unique  (cost=4068.48..4073.66 rows=1036 width=121)
	  ->  Sort  (cost=4068.48..4071.07 rows=1036 width=121)
	        Sort Key: c
	        ->  Bitmap Heap Scan on sbtest5  (cost=35.05..4016.59 rows=1036 width=121)
	              Recheck Cond: ((id >= 2100723) AND (id <= 2101722))
	              ->  Bitmap Index Scan on sbtest5_pkey  (cost=0.00..34.80 rows=1036 width=0)
	                    Index Cond: ((id >= 2100723) AND (id <= 2101722))

table 6 : explain SELECT DISTINCT c FROM sbtest6 WHERE id BETWEEN 5628635 AND 5629634 ORDER BY c
	Unique  (cost=3946.39..3951.42 rows=1005 width=121)
	  ->  Sort  (cost=3946.39..3948.90 rows=1005 width=121)
	        Sort Key: c
	        ->  Bitmap Heap Scan on sbtest6  (cost=34.74..3896.28 rows=1005 width=121)
	              Recheck Cond: ((id >= 5628635) AND (id <= 5629634))
	              ->  Bitmap Index Scan on sbtest6_pkey  (cost=0.00..34.48 rows=1005 width=0)
	                    Index Cond: ((id >= 5628635) AND (id <= 5629634))

table 7 : explain SELECT DISTINCT c FROM sbtest7 WHERE id BETWEEN 7127436 AND 7128435 ORDER BY c
	Unique  (cost=3967.92..3972.97 rows=1010 width=121)
	  ->  Sort  (cost=3967.92..3970.44 rows=1010 width=121)
	        Sort Key: c
	        ->  Bitmap Heap Scan on sbtest7  (cost=34.79..3917.52 rows=1010 width=121)
	              Recheck Cond: ((id >= 7127436) AND (id <= 7128435))
	              ->  Bitmap Index Scan on sbtest7_pkey  (cost=0.00..34.54 rows=1010 width=0)
	                    Index Cond: ((id >= 7127436) AND (id <= 7128435))

table 8 : explain SELECT DISTINCT c FROM sbtest8 WHERE id BETWEEN 5494789 AND 5495788 ORDER BY c
	Unique  (cost=3960.45..3965.49 rows=1009 width=121)
	  ->  Sort  (cost=3960.45..3962.97 rows=1009 width=121)
	        Sort Key: c
	        ->  Bitmap Heap Scan on sbtest8  (cost=34.78..3910.11 rows=1009 width=121)
	              Recheck Cond: ((id >= 5494789) AND (id <= 5495788))
	              ->  Bitmap Index Scan on sbtest8_pkey  (cost=0.00..34.53 rows=1009 width=0)
	                    Index Cond: ((id >= 5494789) AND (id <= 5495788))

for point_selects
table 1 : explain SELECT c FROM sbtest1 WHERE id=581209
	Index Scan using sbtest1_pkey on sbtest1  (cost=0.43..8.45 rows=1 width=121)
	  Index Cond: (id = 581209)

table 2 : explain SELECT c FROM sbtest2 WHERE id=4702992
	Index Scan using sbtest2_pkey on sbtest2  (cost=0.43..8.45 rows=1 width=121)
	  Index Cond: (id = 4702992)

table 3 : explain SELECT c FROM sbtest3 WHERE id=1708974
	Index Scan using sbtest3_pkey on sbtest3  (cost=0.43..8.45 rows=1 width=121)
	  Index Cond: (id = 1708974)

table 4 : explain SELECT c FROM sbtest4 WHERE id=1168601
	Index Scan using sbtest4_pkey on sbtest4  (cost=0.43..8.45 rows=1 width=121)
	  Index Cond: (id = 1168601)

table 5 : explain SELECT c FROM sbtest5 WHERE id=5800469
	Index Scan using sbtest5_pkey on sbtest5  (cost=0.43..8.45 rows=1 width=121)
	  Index Cond: (id = 5800469)

table 6 : explain SELECT c FROM sbtest6 WHERE id=1735717
	Index Scan using sbtest6_pkey on sbtest6  (cost=0.43..8.45 rows=1 width=121)
	  Index Cond: (id = 1735717)

table 7 : explain SELECT c FROM sbtest7 WHERE id=9022295
	Index Scan using sbtest7_pkey on sbtest7  (cost=0.43..8.45 rows=1 width=121)
	  Index Cond: (id = 9022295)

table 8 : explain SELECT c FROM sbtest8 WHERE id=6583371
	Index Scan using sbtest8_pkey on sbtest8  (cost=0.43..8.45 rows=1 width=121)
	  Index Cond: (id = 6583371)

for: simple_ranges
table 1 : explain SELECT c FROM sbtest1 WHERE id BETWEEN 1629908 AND 1630907
	Bitmap Heap Scan on sbtest1  (cost=35.39..4138.27 rows=1069 width=121)
	  Recheck Cond: ((id >= 1629908) AND (id <= 1630907))
	  ->  Bitmap Index Scan on sbtest1_pkey  (cost=0.00..35.12 rows=1069 width=0)
	        Index Cond: ((id >= 1629908) AND (id <= 1630907))

table 2 : explain SELECT c FROM sbtest2 WHERE id BETWEEN 6891078 AND 6892077
	Bitmap Heap Scan on sbtest2  (cost=35.17..4051.75 rows=1047 width=121)
	  Recheck Cond: ((id >= 6891078) AND (id <= 6892077))
	  ->  Bitmap Index Scan on sbtest2_pkey  (cost=0.00..34.91 rows=1047 width=0)
	        Index Cond: ((id >= 6891078) AND (id <= 6892077))

table 3 : explain SELECT c FROM sbtest3 WHERE id BETWEEN 8220348 AND 8221347
	Bitmap Heap Scan on sbtest3  (cost=34.42..3782.46 rows=974 width=121)
	  Recheck Cond: ((id >= 8220348) AND (id <= 8221347))
	  ->  Bitmap Index Scan on sbtest3_pkey  (cost=0.00..34.18 rows=974 width=0)
	        Index Cond: ((id >= 8220348) AND (id <= 8221347))

table 4 : explain SELECT c FROM sbtest4 WHERE id BETWEEN 6191113 AND 6192112
	Bitmap Heap Scan on sbtest4  (cost=39.73..4269.73 rows=1102 width=121)
	  Recheck Cond: ((id >= 6191113) AND (id <= 6192112))
	  ->  Bitmap Index Scan on sbtest4_pkey  (cost=0.00..39.45 rows=1102 width=0)
	        Index Cond: ((id >= 6191113) AND (id <= 6192112))

table 5 : explain SELECT c FROM sbtest5 WHERE id BETWEEN 8557428 AND 8558427
	Bitmap Heap Scan on sbtest5  (cost=35.19..4065.63 rows=1049 width=121)
	  Recheck Cond: ((id >= 8557428) AND (id <= 8558427))
	  ->  Bitmap Index Scan on sbtest5_pkey  (cost=0.00..34.93 rows=1049 width=0)
	        Index Cond: ((id >= 8557428) AND (id <= 8558427))

table 6 : explain SELECT c FROM sbtest6 WHERE id BETWEEN 503900 AND 504899
	Bitmap Heap Scan on sbtest6  (cost=34.51..3813.26 rows=983 width=121)
	  Recheck Cond: ((id >= 503900) AND (id <= 504899))
	  ->  Bitmap Index Scan on sbtest6_pkey  (cost=0.00..34.27 rows=983 width=0)
	        Index Cond: ((id >= 503900) AND (id <= 504899))

table 7 : explain SELECT c FROM sbtest7 WHERE id BETWEEN 8833449 AND 8834448
	Bitmap Heap Scan on sbtest7  (cost=34.96..3981.67 rows=1027 width=121)
	  Recheck Cond: ((id >= 8833449) AND (id <= 8834448))
	  ->  Bitmap Index Scan on sbtest7_pkey  (cost=0.00..34.70 rows=1027 width=0)
	        Index Cond: ((id >= 8833449) AND (id <= 8834448))

table 8 : explain SELECT c FROM sbtest8 WHERE id BETWEEN 4305977 AND 4306976
	Bitmap Heap Scan on sbtest8  (cost=35.04..4008.07 rows=1035 width=121)
	  Recheck Cond: ((id >= 4305977) AND (id <= 4306976))
	  ->  Bitmap Index Scan on sbtest8_pkey  (cost=0.00..34.79 rows=1035 width=0)
	        Index Cond: ((id >= 4305977) AND (id <= 4306976))

for: simple_ranges
table 1 : explain SELECT c FROM sbtest1 WHERE id BETWEEN 3990766 AND 3991765
	Bitmap Heap Scan on sbtest1  (cost=33.85..3572.09 rows=919 width=121)
	  Recheck Cond: ((id >= 3990766) AND (id <= 3991765))
	  ->  Bitmap Index Scan on sbtest1_pkey  (cost=0.00..33.62 rows=919 width=0)
	        Index Cond: ((id >= 3990766) AND (id <= 3991765))

table 2 : explain SELECT c FROM sbtest2 WHERE id BETWEEN 6835210 AND 6836209
	Bitmap Heap Scan on sbtest2  (cost=34.47..3795.60 rows=979 width=121)
	  Recheck Cond: ((id >= 6835210) AND (id <= 6836209))
	  ->  Bitmap Index Scan on sbtest2_pkey  (cost=0.00..34.23 rows=979 width=0)
	        Index Cond: ((id >= 6835210) AND (id <= 6836209))

table 3 : explain SELECT c FROM sbtest3 WHERE id BETWEEN 6763982 AND 6764981
	Bitmap Heap Scan on sbtest3  (cost=34.58..3842.94 rows=990 width=121)
	  Recheck Cond: ((id >= 6763982) AND (id <= 6764981))
	  ->  Bitmap Index Scan on sbtest3_pkey  (cost=0.00..34.34 rows=990 width=0)
	        Index Cond: ((id >= 6763982) AND (id <= 6764981))

table 4 : explain SELECT c FROM sbtest4 WHERE id BETWEEN 9977312 AND 9978311
	Bitmap Heap Scan on sbtest4  (cost=34.07..3654.11 rows=940 width=121)
	  Recheck Cond: ((id >= 9977312) AND (id <= 9978311))
	  ->  Bitmap Index Scan on sbtest4_pkey  (cost=0.00..33.84 rows=940 width=0)
	        Index Cond: ((id >= 9977312) AND (id <= 9978311))

table 5 : explain SELECT c FROM sbtest5 WHERE id BETWEEN 7605170 AND 7606169
	Bitmap Heap Scan on sbtest5  (cost=34.36..3759.74 rows=968 width=121)
	  Recheck Cond: ((id >= 7605170) AND (id <= 7606169))
	  ->  Bitmap Index Scan on sbtest5_pkey  (cost=0.00..34.12 rows=968 width=0)
	        Index Cond: ((id >= 7605170) AND (id <= 7606169))

table 6 : explain SELECT c FROM sbtest6 WHERE id BETWEEN 5134861 AND 5135860
	Bitmap Heap Scan on sbtest6  (cost=35.20..4065.89 rows=1050 width=121)
	  Recheck Cond: ((id >= 5134861) AND (id <= 5135860))
	  ->  Bitmap Index Scan on sbtest6_pkey  (cost=0.00..34.94 rows=1050 width=0)
	        Index Cond: ((id >= 5134861) AND (id <= 5135860))

table 7 : explain SELECT c FROM sbtest7 WHERE id BETWEEN 2307962 AND 2308961
	Bitmap Heap Scan on sbtest7  (cost=34.97..3985.45 rows=1028 width=121)
	  Recheck Cond: ((id >= 2307962) AND (id <= 2308961))
	  ->  Bitmap Index Scan on sbtest7_pkey  (cost=0.00..34.72 rows=1028 width=0)
	        Index Cond: ((id >= 2307962) AND (id <= 2308961))

table 8 : explain SELECT c FROM sbtest8 WHERE id BETWEEN 3856259 AND 3857258
	Bitmap Heap Scan on sbtest8  (cost=35.45..4158.63 rows=1075 width=121)
	  Recheck Cond: ((id >= 3856259) AND (id <= 3857258))
	  ->  Bitmap Index Scan on sbtest8_pkey  (cost=0.00..35.19 rows=1075 width=0)
	        Index Cond: ((id >= 3856259) AND (id <= 3857258))

for: simple_ranges
table 1 : explain SELECT c FROM sbtest1 WHERE id BETWEEN 8397069 AND 8398068
	Bitmap Heap Scan on sbtest1  (cost=40.92..4698.24 rows=1218 width=121)
	  Recheck Cond: ((id >= 8397069) AND (id <= 8398068))
	  ->  Bitmap Index Scan on sbtest1_pkey  (cost=0.00..40.62 rows=1218 width=0)
	        Index Cond: ((id >= 8397069) AND (id <= 8398068))

table 2 : explain SELECT c FROM sbtest2 WHERE id BETWEEN 7359266 AND 7360265
	Bitmap Heap Scan on sbtest2  (cost=35.07..4017.88 rows=1038 width=121)
	  Recheck Cond: ((id >= 7359266) AND (id <= 7360265))
	  ->  Bitmap Index Scan on sbtest2_pkey  (cost=0.00..34.82 rows=1038 width=0)
	        Index Cond: ((id >= 7359266) AND (id <= 7360265))

table 3 : explain SELECT c FROM sbtest3 WHERE id BETWEEN 494 AND 1493
	Bitmap Heap Scan on sbtest3  (cost=40.63..4596.55 rows=1190 width=121)
	  Recheck Cond: ((id >= 494) AND (id <= 1493))
	  ->  Bitmap Index Scan on sbtest3_pkey  (cost=0.00..40.34 rows=1190 width=0)
	        Index Cond: ((id >= 494) AND (id <= 1493))

table 4 : explain SELECT c FROM sbtest4 WHERE id BETWEEN 2635862 AND 2636861
	Bitmap Heap Scan on sbtest4  (cost=34.28..3729.79 rows=960 width=121)
	  Recheck Cond: ((id >= 2635862) AND (id <= 2636861))
	  ->  Bitmap Index Scan on sbtest4_pkey  (cost=0.00..34.04 rows=960 width=0)
	        Index Cond: ((id >= 2635862) AND (id <= 2636861))

table 5 : explain SELECT c FROM sbtest5 WHERE id BETWEEN 2059979 AND 2060978
	Bitmap Heap Scan on sbtest5  (cost=34.53..3824.00 rows=985 width=121)
	  Recheck Cond: ((id >= 2059979) AND (id <= 2060978))
	  ->  Bitmap Index Scan on sbtest5_pkey  (cost=0.00..34.29 rows=985 width=0)
	        Index Cond: ((id >= 2059979) AND (id <= 2060978))

table 6 : explain SELECT c FROM sbtest6 WHERE id BETWEEN 3452071 AND 3453070
	Bitmap Heap Scan on sbtest6  (cost=34.55..3828.36 rows=987 width=121)
	  Recheck Cond: ((id >= 3452071) AND (id <= 3453070))
	  ->  Bitmap Index Scan on sbtest6_pkey  (cost=0.00..34.31 rows=987 width=0)
	        Index Cond: ((id >= 3452071) AND (id <= 3453070))

table 7 : explain SELECT c FROM sbtest7 WHERE id BETWEEN 7822484 AND 7823483
	Bitmap Heap Scan on sbtest7  (cost=33.83..3565.91 rows=917 width=121)
	  Recheck Cond: ((id >= 7822484) AND (id <= 7823483))
	  ->  Bitmap Index Scan on sbtest7_pkey  (cost=0.00..33.61 rows=917 width=0)
	        Index Cond: ((id >= 7822484) AND (id <= 7823483))

table 8 : explain SELECT c FROM sbtest8 WHERE id BETWEEN 7542274 AND 7543273
	Bitmap Heap Scan on sbtest8  (cost=34.29..3729.02 rows=961 width=121)
	  Recheck Cond: ((id >= 7542274) AND (id <= 7543273))
	  ->  Bitmap Index Scan on sbtest8_pkey  (cost=0.00..34.05 rows=961 width=0)
	        Index Cond: ((id >= 7542274) AND (id <= 7543273))

for: order_ranges
table 1 : explain SELECT c FROM sbtest1 WHERE id BETWEEN 533402 AND 534401 ORDER BY c
	Sort  (cost=4081.14..4083.74 rows=1040 width=121)
	  Sort Key: c
	  ->  Bitmap Heap Scan on sbtest1  (cost=35.09..4029.03 rows=1040 width=121)
	        Recheck Cond: ((id >= 533402) AND (id <= 534401))
	        ->  Bitmap Index Scan on sbtest1_pkey  (cost=0.00..34.84 rows=1040 width=0)
	              Index Cond: ((id >= 533402) AND (id <= 534401))

table 2 : explain SELECT c FROM sbtest2 WHERE id BETWEEN 9358587 AND 9359586 ORDER BY c
	Sort  (cost=4062.24..4064.83 rows=1036 width=121)
	  Sort Key: c
	  ->  Bitmap Heap Scan on sbtest2  (cost=35.05..4010.35 rows=1036 width=121)
	        Recheck Cond: ((id >= 9358587) AND (id <= 9359586))
	        ->  Bitmap Index Scan on sbtest2_pkey  (cost=0.00..34.80 rows=1036 width=0)
	              Index Cond: ((id >= 9358587) AND (id <= 9359586))

table 3 : explain SELECT c FROM sbtest3 WHERE id BETWEEN 4498310 AND 4499309 ORDER BY c
	Sort  (cost=3642.62..3644.93 rows=925 width=121)
	  Sort Key: c
	  ->  Bitmap Heap Scan on sbtest3  (cost=33.92..3597.05 rows=925 width=121)
	        Recheck Cond: ((id >= 4498310) AND (id <= 4499309))
	        ->  Bitmap Index Scan on sbtest3_pkey  (cost=0.00..33.69 rows=925 width=0)
	              Index Cond: ((id >= 4498310) AND (id <= 4499309))

table 4 : explain SELECT c FROM sbtest4 WHERE id BETWEEN 4308809 AND 4309808 ORDER BY c
	Sort  (cost=3950.01..3952.53 rows=1005 width=121)
	  Sort Key: c
	  ->  Bitmap Heap Scan on sbtest4  (cost=34.74..3899.90 rows=1005 width=121)
	        Recheck Cond: ((id >= 4308809) AND (id <= 4309808))
	        ->  Bitmap Index Scan on sbtest4_pkey  (cost=0.00..34.48 rows=1005 width=0)
	              Index Cond: ((id >= 4308809) AND (id <= 4309808))

table 5 : explain SELECT c FROM sbtest5 WHERE id BETWEEN 4046549 AND 4047548 ORDER BY c
	Sort  (cost=4091.46..4094.06 rows=1042 width=121)
	  Sort Key: c
	  ->  Bitmap Heap Scan on sbtest5  (cost=35.12..4039.23 rows=1042 width=121)
	        Recheck Cond: ((id >= 4046549) AND (id <= 4047548))
	        ->  Bitmap Index Scan on sbtest5_pkey  (cost=0.00..34.86 rows=1042 width=0)
	              Index Cond: ((id >= 4046549) AND (id <= 4047548))

table 6 : explain SELECT c FROM sbtest6 WHERE id BETWEEN 8372226 AND 8373225 ORDER BY c
	Sort  (cost=4057.38..4059.97 rows=1034 width=121)
	  Sort Key: c
	  ->  Bitmap Heap Scan on sbtest6  (cost=35.03..4005.61 rows=1034 width=121)
	        Recheck Cond: ((id >= 8372226) AND (id <= 8373225))
	        ->  Bitmap Index Scan on sbtest6_pkey  (cost=0.00..34.78 rows=1034 width=0)
	              Index Cond: ((id >= 8372226) AND (id <= 8373225))

table 7 : explain SELECT c FROM sbtest7 WHERE id BETWEEN 2055461 AND 2056460 ORDER BY c
	Sort  (cost=3803.03..3805.45 rows=967 width=121)
	  Sort Key: c
	  ->  Bitmap Heap Scan on sbtest7  (cost=34.35..3755.08 rows=967 width=121)
	        Recheck Cond: ((id >= 2055461) AND (id <= 2056460))
	        ->  Bitmap Index Scan on sbtest7_pkey  (cost=0.00..34.11 rows=967 width=0)
	              Index Cond: ((id >= 2055461) AND (id <= 2056460))

table 8 : explain SELECT c FROM sbtest8 WHERE id BETWEEN 2024795 AND 2025794 ORDER BY c
	Sort  (cost=4036.96..4039.53 rows=1029 width=121)
	  Sort Key: c
	  ->  Bitmap Heap Scan on sbtest8  (cost=34.98..3985.47 rows=1029 width=121)
	        Recheck Cond: ((id >= 2024795) AND (id <= 2025794))
	        ->  Bitmap Index Scan on sbtest8_pkey  (cost=0.00..34.73 rows=1029 width=0)
	              Index Cond: ((id >= 2024795) AND (id <= 2025794))

for point_selects
table 1 : explain SELECT c FROM sbtest1 WHERE id=5694241
	Index Scan using sbtest1_pkey on sbtest1  (cost=0.43..8.45 rows=1 width=121)
	  Index Cond: (id = 5694241)

table 2 : explain SELECT c FROM sbtest2 WHERE id=4299515
	Index Scan using sbtest2_pkey on sbtest2  (cost=0.43..8.45 rows=1 width=121)
	  Index Cond: (id = 4299515)

table 3 : explain SELECT c FROM sbtest3 WHERE id=2440189
	Index Scan using sbtest3_pkey on sbtest3  (cost=0.43..8.45 rows=1 width=121)
	  Index Cond: (id = 2440189)

table 4 : explain SELECT c FROM sbtest4 WHERE id=4918069
	Index Scan using sbtest4_pkey on sbtest4  (cost=0.43..8.45 rows=1 width=121)
	  Index Cond: (id = 4918069)

table 5 : explain SELECT c FROM sbtest5 WHERE id=1521168
	Index Scan using sbtest5_pkey on sbtest5  (cost=0.43..8.45 rows=1 width=121)
	  Index Cond: (id = 1521168)

table 6 : explain SELECT c FROM sbtest6 WHERE id=5035742
	Index Scan using sbtest6_pkey on sbtest6  (cost=0.43..8.45 rows=1 width=121)
	  Index Cond: (id = 5035742)

table 7 : explain SELECT c FROM sbtest7 WHERE id=7553813
	Index Scan using sbtest7_pkey on sbtest7  (cost=0.43..8.45 rows=1 width=121)
	  Index Cond: (id = 7553813)

table 8 : explain SELECT c FROM sbtest8 WHERE id=6301891
	Index Scan using sbtest8_pkey on sbtest8  (cost=0.43..8.45 rows=1 width=121)
	  Index Cond: (id = 6301891)

for: sum_ranges
table 1 : explain SELECT SUM(k) FROM sbtest1 WHERE id BETWEEN 2746673 AND 2747672
	Aggregate  (cost=3801.35..3801.36 rows=1 width=8)
	  ->  Bitmap Heap Scan on sbtest1  (cost=34.47..3798.90 rows=979 width=4)
	        Recheck Cond: ((id >= 2746673) AND (id <= 2747672))
	        ->  Bitmap Index Scan on sbtest1_pkey  (cost=0.00..34.23 rows=979 width=0)
	              Index Cond: ((id >= 2746673) AND (id <= 2747672))

table 2 : explain SELECT SUM(k) FROM sbtest2 WHERE id BETWEEN 4629669 AND 4630668
	Aggregate  (cost=4201.11..4201.12 rows=1 width=8)
	  ->  Bitmap Heap Scan on sbtest2  (cost=35.57..4198.40 rows=1086 width=4)
	        Recheck Cond: ((id >= 4629669) AND (id <= 4630668))
	        ->  Bitmap Index Scan on sbtest2_pkey  (cost=0.00..35.30 rows=1086 width=0)
	              Index Cond: ((id >= 4629669) AND (id <= 4630668))

table 3 : explain SELECT SUM(k) FROM sbtest3 WHERE id BETWEEN 6634646 AND 6635645
	Aggregate  (cost=3928.57..3928.58 rows=1 width=8)
	  ->  Bitmap Heap Scan on sbtest3  (cost=34.81..3926.04 rows=1012 width=4)
	        Recheck Cond: ((id >= 6634646) AND (id <= 6635645))
	        ->  Bitmap Index Scan on sbtest3_pkey  (cost=0.00..34.56 rows=1012 width=0)
	              Index Cond: ((id >= 6634646) AND (id <= 6635645))

table 4 : explain SELECT SUM(k) FROM sbtest4 WHERE id BETWEEN 8455442 AND 8456441
	Aggregate  (cost=3906.19..3906.20 rows=1 width=8)
	  ->  Bitmap Heap Scan on sbtest4  (cost=34.75..3903.68 rows=1006 width=4)
	        Recheck Cond: ((id >= 8455442) AND (id <= 8456441))
	        ->  Bitmap Index Scan on sbtest4_pkey  (cost=0.00..34.50 rows=1006 width=0)
	              Index Cond: ((id >= 8455442) AND (id <= 8456441))

table 5 : explain SELECT SUM(k) FROM sbtest5 WHERE id BETWEEN 5717528 AND 5718527
	Aggregate  (cost=3584.17..3584.18 rows=1 width=8)
	  ->  Bitmap Heap Scan on sbtest5  (cost=33.88..3581.87 rows=921 width=4)
	        Recheck Cond: ((id >= 5717528) AND (id <= 5718527))
	        ->  Bitmap Index Scan on sbtest5_pkey  (cost=0.00..33.65 rows=921 width=0)
	              Index Cond: ((id >= 5717528) AND (id <= 5718527))

table 6 : explain SELECT SUM(k) FROM sbtest6 WHERE id BETWEEN 7594743 AND 7595742
	Aggregate  (cost=3936.53..3936.54 rows=1 width=8)
	  ->  Bitmap Heap Scan on sbtest6  (cost=34.84..3933.99 rows=1015 width=4)
	        Recheck Cond: ((id >= 7594743) AND (id <= 7595742))
	        ->  Bitmap Index Scan on sbtest6_pkey  (cost=0.00..34.59 rows=1015 width=0)
	              Index Cond: ((id >= 7594743) AND (id <= 7595742))

table 7 : explain SELECT SUM(k) FROM sbtest7 WHERE id BETWEEN 3193506 AND 3194505
	Aggregate  (cost=4320.00..4320.01 rows=1 width=8)
	  ->  Bitmap Heap Scan on sbtest7  (cost=39.86..4317.21 rows=1115 width=4)
	        Recheck Cond: ((id >= 3193506) AND (id <= 3194505))
	        ->  Bitmap Index Scan on sbtest7_pkey  (cost=0.00..39.59 rows=1115 width=0)
	              Index Cond: ((id >= 3193506) AND (id <= 3194505))

table 8 : explain SELECT SUM(k) FROM sbtest8 WHERE id BETWEEN 8997475 AND 8998474
	Aggregate  (cost=3788.08..3788.09 rows=1 width=8)
	  ->  Bitmap Heap Scan on sbtest8  (cost=34.44..3785.64 rows=976 width=4)
	        Recheck Cond: ((id >= 8997475) AND (id <= 8998474))
	        ->  Bitmap Index Scan on sbtest8_pkey  (cost=0.00..34.20 rows=976 width=0)
	              Index Cond: ((id >= 8997475) AND (id <= 8998474))

for point_selects
table 1 : explain SELECT c FROM sbtest1 WHERE id=1778055
	Index Scan using sbtest1_pkey on sbtest1  (cost=0.43..8.45 rows=1 width=121)
	  Index Cond: (id = 1778055)

table 2 : explain SELECT c FROM sbtest2 WHERE id=4719609
	Index Scan using sbtest2_pkey on sbtest2  (cost=0.43..8.45 rows=1 width=121)
	  Index Cond: (id = 4719609)

table 3 : explain SELECT c FROM sbtest3 WHERE id=9880793
	Index Scan using sbtest3_pkey on sbtest3  (cost=0.43..8.45 rows=1 width=121)
	  Index Cond: (id = 9880793)

table 4 : explain SELECT c FROM sbtest4 WHERE id=9872210
	Index Scan using sbtest4_pkey on sbtest4  (cost=0.43..8.45 rows=1 width=121)
	  Index Cond: (id = 9872210)

table 5 : explain SELECT c FROM sbtest5 WHERE id=575618
	Index Scan using sbtest5_pkey on sbtest5  (cost=0.43..8.45 rows=1 width=121)
	  Index Cond: (id = 575618)

table 6 : explain SELECT c FROM sbtest6 WHERE id=9119729
	Index Scan using sbtest6_pkey on sbtest6  (cost=0.43..8.45 rows=1 width=121)
	  Index Cond: (id = 9119729)

table 7 : explain SELECT c FROM sbtest7 WHERE id=5687008
	Index Scan using sbtest7_pkey on sbtest7  (cost=0.43..8.45 rows=1 width=121)
	  Index Cond: (id = 5687008)

table 8 : explain SELECT c FROM sbtest8 WHERE id=6442315
	Index Scan using sbtest8_pkey on sbtest8  (cost=0.43..8.45 rows=1 width=121)
	  Index Cond: (id = 6442315)

for: simple_ranges
table 1 : explain SELECT c FROM sbtest1 WHERE id BETWEEN 4293110 AND 4294109
	Bitmap Heap Scan on sbtest1  (cost=33.82..3560.73 rows=916 width=121)
	  Recheck Cond: ((id >= 4293110) AND (id <= 4294109))
	  ->  Bitmap Index Scan on sbtest1_pkey  (cost=0.00..33.59 rows=916 width=0)
	        Index Cond: ((id >= 4293110) AND (id <= 4294109))

table 2 : explain SELECT c FROM sbtest2 WHERE id BETWEEN 9342648 AND 9343647
	Bitmap Heap Scan on sbtest2  (cost=35.05..4010.35 rows=1036 width=121)
	  Recheck Cond: ((id >= 9342648) AND (id <= 9343647))
	  ->  Bitmap Index Scan on sbtest2_pkey  (cost=0.00..34.80 rows=1036 width=0)
	        Index Cond: ((id >= 9342648) AND (id <= 9343647))

table 3 : explain SELECT c FROM sbtest3 WHERE id BETWEEN 7293406 AND 7294405
	Bitmap Heap Scan on sbtest3  (cost=34.11..3668.98 rows=944 width=121)
	  Recheck Cond: ((id >= 7293406) AND (id <= 7294405))
	  ->  Bitmap Index Scan on sbtest3_pkey  (cost=0.00..33.88 rows=944 width=0)
	        Index Cond: ((id >= 7293406) AND (id <= 7294405))

table 4 : explain SELECT c FROM sbtest4 WHERE id BETWEEN 5495762 AND 5496761
	Bitmap Heap Scan on sbtest4  (cost=34.75..3903.68 rows=1006 width=121)
	  Recheck Cond: ((id >= 5495762) AND (id <= 5496761))
	  ->  Bitmap Index Scan on sbtest4_pkey  (cost=0.00..34.50 rows=1006 width=0)
	        Index Cond: ((id >= 5495762) AND (id <= 5496761))

table 5 : explain SELECT c FROM sbtest5 WHERE id BETWEEN 3975292 AND 3976291
	Bitmap Heap Scan on sbtest5  (cost=35.12..4039.23 rows=1042 width=121)
	  Recheck Cond: ((id >= 3975292) AND (id <= 3976291))
	  ->  Bitmap Index Scan on sbtest5_pkey  (cost=0.00..34.86 rows=1042 width=0)
	        Index Cond: ((id >= 3975292) AND (id <= 3976291))

table 6 : explain SELECT c FROM sbtest6 WHERE id BETWEEN 60570 AND 61569
	Bitmap Heap Scan on sbtest6  (cost=34.87..3945.30 rows=1018 width=121)
	  Recheck Cond: ((id >= 60570) AND (id <= 61569))
	  ->  Bitmap Index Scan on sbtest6_pkey  (cost=0.00..34.62 rows=1018 width=0)
	        Index Cond: ((id >= 60570) AND (id <= 61569))

table 7 : explain SELECT c FROM sbtest7 WHERE id BETWEEN 1551730 AND 1552729
	Bitmap Heap Scan on sbtest7  (cost=34.20..3702.15 rows=953 width=121)
	  Recheck Cond: ((id >= 1551730) AND (id <= 1552729))
	  ->  Bitmap Index Scan on sbtest7_pkey  (cost=0.00..33.97 rows=953 width=0)
	        Index Cond: ((id >= 1551730) AND (id <= 1552729))

table 8 : explain SELECT c FROM sbtest8 WHERE id BETWEEN 2745210 AND 2746209
	Bitmap Heap Scan on sbtest8  (cost=35.08..4023.14 rows=1039 width=121)
	  Recheck Cond: ((id >= 2745210) AND (id <= 2746209))
	  ->  Bitmap Index Scan on sbtest8_pkey  (cost=0.00..34.83 rows=1039 width=0)
	        Index Cond: ((id >= 2745210) AND (id <= 2746209))

for: order_ranges
table 1 : explain SELECT c FROM sbtest1 WHERE id BETWEEN 2712931 AND 2713930 ORDER BY c
	Sort  (cost=3847.53..3849.98 rows=979 width=121)
	  Sort Key: c
	  ->  Bitmap Heap Scan on sbtest1  (cost=34.47..3798.90 rows=979 width=121)
	        Recheck Cond: ((id >= 2712931) AND (id <= 2713930))
	        ->  Bitmap Index Scan on sbtest1_pkey  (cost=0.00..34.23 rows=979 width=0)
	              Index Cond: ((id >= 2712931) AND (id <= 2713930))

table 2 : explain SELECT c FROM sbtest2 WHERE id BETWEEN 5949498 AND 5950497 ORDER BY c
	Sort  (cost=3882.50..3884.98 rows=989 width=121)
	  Sort Key: c
	  ->  Bitmap Heap Scan on sbtest2  (cost=34.57..3833.30 rows=989 width=121)
	        Recheck Cond: ((id >= 5949498) AND (id <= 5950497))
	        ->  Bitmap Index Scan on sbtest2_pkey  (cost=0.00..34.33 rows=989 width=0)
	              Index Cond: ((id >= 5949498) AND (id <= 5950497))

table 3 : explain SELECT c FROM sbtest3 WHERE id BETWEEN 49505 AND 50504 ORDER BY c
	Sort  (cost=4657.34..4660.32 rows=1190 width=121)
	  Sort Key: c
	  ->  Bitmap Heap Scan on sbtest3  (cost=40.63..4596.55 rows=1190 width=121)
	        Recheck Cond: ((id >= 49505) AND (id <= 50504))
	        ->  Bitmap Index Scan on sbtest3_pkey  (cost=0.00..40.34 rows=1190 width=0)
	              Index Cond: ((id >= 49505) AND (id <= 50504))

table 4 : explain SELECT c FROM sbtest4 WHERE id BETWEEN 4610427 AND 4611426 ORDER BY c
	Sort  (cost=4026.68..4029.24 rows=1025 width=121)
	  Sort Key: c
	  ->  Bitmap Heap Scan on sbtest4  (cost=34.94..3975.42 rows=1025 width=121)
	        Recheck Cond: ((id >= 4610427) AND (id <= 4611426))
	        ->  Bitmap Index Scan on sbtest4_pkey  (cost=0.00..34.69 rows=1025 width=0)
	              Index Cond: ((id >= 4610427) AND (id <= 4611426))

table 5 : explain SELECT c FROM sbtest5 WHERE id BETWEEN 1638164 AND 1639163 ORDER BY c
	Sort  (cost=3561.69..3563.96 rows=905 width=121)
	  Sort Key: c
	  ->  Bitmap Heap Scan on sbtest5  (cost=29.71..3517.25 rows=905 width=121)
	        Recheck Cond: ((id >= 1638164) AND (id <= 1639163))
	        ->  Bitmap Index Scan on sbtest5_pkey  (cost=0.00..29.48 rows=905 width=0)
	              Index Cond: ((id >= 1638164) AND (id <= 1639163))

table 6 : explain SELECT c FROM sbtest6 WHERE id BETWEEN 2845989 AND 2846988 ORDER BY c
	Sort  (cost=3816.13..3818.56 rows=971 width=121)
	  Sort Key: c
	  ->  Bitmap Heap Scan on sbtest6  (cost=34.39..3767.96 rows=971 width=121)
	        Recheck Cond: ((id >= 2845989) AND (id <= 2846988))
	        ->  Bitmap Index Scan on sbtest6_pkey  (cost=0.00..34.15 rows=971 width=0)
	              Index Cond: ((id >= 2845989) AND (id <= 2846988))

table 7 : explain SELECT c FROM sbtest7 WHERE id BETWEEN 2901292 AND 2902291 ORDER BY c
	Sort  (cost=3741.63..3744.00 rows=951 width=121)
	  Sort Key: c
	  ->  Bitmap Heap Scan on sbtest7  (cost=34.18..3694.58 rows=951 width=121)
	        Recheck Cond: ((id >= 2901292) AND (id <= 2902291))
	        ->  Bitmap Index Scan on sbtest7_pkey  (cost=0.00..33.95 rows=951 width=0)
	              Index Cond: ((id >= 2901292) AND (id <= 2902291))

table 8 : explain SELECT c FROM sbtest8 WHERE id BETWEEN 4606443 AND 4607442 ORDER BY c
	Sort  (cost=3703.79..3706.14 rows=942 width=121)
	  Sort Key: c
	  ->  Bitmap Heap Scan on sbtest8  (cost=34.09..3657.26 rows=942 width=121)
	        Recheck Cond: ((id >= 4606443) AND (id <= 4607442))
	        ->  Bitmap Index Scan on sbtest8_pkey  (cost=0.00..33.86 rows=942 width=0)
	              Index Cond: ((id >= 4606443) AND (id <= 4607442))
for: distinct_ranges
table 1 : explain SELECT DISTINCT c FROM sbtest1 WHERE id BETWEEN 8196436 AND 8197435 ORDER BY c
	Unique  (cost=4065.84..4071.02 rows=1036 width=121)
	  ->  Sort  (cost=4065.84..4068.43 rows=1036 width=121)
	        Sort Key: c
	        ->  Bitmap Heap Scan on sbtest1  (cost=35.05..4013.95 rows=1036 width=121)
	              Recheck Cond: ((id >= 8196436) AND (id <= 8197435))
	              ->  Bitmap Index Scan on sbtest1_pkey  (cost=0.00..34.80 rows=1036 width=0)
	                    Index Cond: ((id >= 8196436) AND (id <= 8197435))

table 2 : explain SELECT DISTINCT c FROM sbtest2 WHERE id BETWEEN 5156227 AND 5157226 ORDER BY c
	Unique  (cost=3928.42..3933.42 rows=1001 width=121)
	  ->  Sort  (cost=3928.42..3930.92 rows=1001 width=121)
	        Sort Key: c
	        ->  Bitmap Heap Scan on sbtest2  (cost=34.70..3878.53 rows=1001 width=121)
	              Recheck Cond: ((id >= 5156227) AND (id <= 5157226))
	              ->  Bitmap Index Scan on sbtest2_pkey  (cost=0.00..34.45 rows=1001 width=0)
	                    Index Cond: ((id >= 5156227) AND (id <= 5157226))

table 3 : explain SELECT DISTINCT c FROM sbtest3 WHERE id BETWEEN 4022217 AND 4023216 ORDER BY c
	Unique  (cost=3869.18..3874.10 rows=984 width=121)
	  ->  Sort  (cost=3869.18..3871.64 rows=984 width=121)
	        Sort Key: c
	        ->  Bitmap Heap Scan on sbtest3  (cost=34.52..3820.26 rows=984 width=121)
	              Recheck Cond: ((id >= 4022217) AND (id <= 4023216))
	              ->  Bitmap Index Scan on sbtest3_pkey  (cost=0.00..34.28 rows=984 width=0)
	                    Index Cond: ((id >= 4022217) AND (id <= 4023216))

table 4 : explain SELECT DISTINCT c FROM sbtest4 WHERE id BETWEEN 9873795 AND 9874794 ORDER BY c
	Unique  (cost=3558.13..3562.65 rows=904 width=121)
	  ->  Sort  (cost=3558.13..3560.39 rows=904 width=121)
	        Sort Key: c
	        ->  Bitmap Heap Scan on sbtest4  (cost=29.70..3513.74 rows=904 width=121)
	              Recheck Cond: ((id >= 9873795) AND (id <= 9874794))
	              ->  Bitmap Index Scan on sbtest4_pkey  (cost=0.00..29.47 rows=904 width=0)
	                    Index Cond: ((id >= 9873795) AND (id <= 9874794))

table 5 : explain SELECT DISTINCT c FROM sbtest5 WHERE id BETWEEN 7881474 AND 7882473 ORDER BY c
	Unique  (cost=3519.38..3523.85 rows=894 width=121)
	  ->  Sort  (cost=3519.38..3521.62 rows=894 width=121)
	        Sort Key: c
	        ->  Bitmap Heap Scan on sbtest5  (cost=29.60..3475.56 rows=894 width=121)
	              Recheck Cond: ((id >= 7881474) AND (id <= 7882473))
	              ->  Bitmap Index Scan on sbtest5_pkey  (cost=0.00..29.37 rows=894 width=0)
	                    Index Cond: ((id >= 7881474) AND (id <= 7882473))

table 6 : explain SELECT DISTINCT c FROM sbtest6 WHERE id BETWEEN 2848706 AND 2849705 ORDER BY c
	Unique  (cost=3816.13..3820.99 rows=971 width=121)
	  ->  Sort  (cost=3816.13..3818.56 rows=971 width=121)
	        Sort Key: c
	        ->  Bitmap Heap Scan on sbtest6  (cost=34.39..3767.96 rows=971 width=121)
	              Recheck Cond: ((id >= 2848706) AND (id <= 2849705))
	              ->  Bitmap Index Scan on sbtest6_pkey  (cost=0.00..34.15 rows=971 width=0)
	                    Index Cond: ((id >= 2848706) AND (id <= 2849705))

table 7 : explain SELECT DISTINCT c FROM sbtest7 WHERE id BETWEEN 125763 AND 126762 ORDER BY c
	Unique  (cost=3764.66..3769.44 rows=957 width=121)
	  ->  Sort  (cost=3764.66..3767.05 rows=957 width=121)
	        Sort Key: c
	        ->  Bitmap Heap Scan on sbtest7  (cost=34.24..3717.28 rows=957 width=121)
	              Recheck Cond: ((id >= 125763) AND (id <= 126762))
	              ->  Bitmap Index Scan on sbtest7_pkey  (cost=0.00..34.01 rows=957 width=0)
	                    Index Cond: ((id >= 125763) AND (id <= 126762))

table 8 : explain SELECT DISTINCT c FROM sbtest8 WHERE id BETWEEN 1772540 AND 1773539 ORDER BY c
	Unique  (cost=3956.62..3961.66 rows=1008 width=121)
	  ->  Sort  (cost=3956.62..3959.14 rows=1008 width=121)
	        Sort Key: c
	        ->  Bitmap Heap Scan on sbtest8  (cost=34.77..3906.34 rows=1008 width=121)
	              Recheck Cond: ((id >= 1772540) AND (id <= 1773539))
	              ->  Bitmap Index Scan on sbtest8_pkey  (cost=0.00..34.52 rows=1008 width=0)
	                    Index Cond: ((id >= 1772540) AND (id <= 1773539))


explain: for point_selects :: explain SELECT c FROM sbtest%u WHERE id=%u
for: sum_ranges
table 1 : explain SELECT SUM(k) FROM sbtest1 WHERE id BETWEEN 513172 AND 514171
	Aggregate  (cost=4031.63..4031.64 rows=1 width=8)
	  ->  Bitmap Heap Scan on sbtest1  (cost=35.09..4029.03 rows=1040 width=4)
	        Recheck Cond: ((id >= 513172) AND (id <= 514171))
	        ->  Bitmap Index Scan on sbtest1_pkey  (cost=0.00..34.84 rows=1040 width=0)
	              Index Cond: ((id >= 513172) AND (id <= 514171))

table 2 : explain SELECT SUM(k) FROM sbtest2 WHERE id BETWEEN 3889134 AND 3890133
	Aggregate  (cost=3692.32..3692.33 rows=1 width=8)
	  ->  Bitmap Heap Scan on sbtest2  (cost=34.18..3689.95 rows=951 width=4)
	        Recheck Cond: ((id >= 3889134) AND (id <= 3890133))
	        ->  Bitmap Index Scan on sbtest2_pkey  (cost=0.00..33.95 rows=951 width=0)
	              Index Cond: ((id >= 3889134) AND (id <= 3890133))

table 3 : explain SELECT SUM(k) FROM sbtest3 WHERE id BETWEEN 1775926 AND 1776925
	Aggregate  (cost=3591.78..3591.79 rows=1 width=8)
	  ->  Bitmap Heap Scan on sbtest3  (cost=33.90..3589.47 rows=923 width=4)
	        Recheck Cond: ((id >= 1775926) AND (id <= 1776925))
	        ->  Bitmap Index Scan on sbtest3_pkey  (cost=0.00..33.67 rows=923 width=0)
	              Index Cond: ((id >= 1775926) AND (id <= 1776925))

table 4 : explain SELECT SUM(k) FROM sbtest4 WHERE id BETWEEN 1821387 AND 1822386
	Aggregate  (cost=3713.26..3713.27 rows=1 width=8)
	  ->  Bitmap Heap Scan on sbtest4  (cost=34.22..3710.87 rows=955 width=4)
	        Recheck Cond: ((id >= 1821387) AND (id <= 1822386))
	        ->  Bitmap Index Scan on sbtest4_pkey  (cost=0.00..33.98 rows=955 width=0)
	              Index Cond: ((id >= 1821387) AND (id <= 1822386))

table 5 : explain SELECT SUM(k) FROM sbtest5 WHERE id BETWEEN 1692167 AND 1693166
	Aggregate  (cost=3781.08..3781.09 rows=1 width=8)
	  ->  Bitmap Heap Scan on sbtest5  (cost=34.41..3778.64 rows=973 width=4)
	        Recheck Cond: ((id >= 1692167) AND (id <= 1693166))
	        ->  Bitmap Index Scan on sbtest5_pkey  (cost=0.00..34.17 rows=973 width=0)
	              Index Cond: ((id >= 1692167) AND (id <= 1693166))

table 6 : explain SELECT SUM(k) FROM sbtest6 WHERE id BETWEEN 3879461 AND 3880460
	Aggregate  (cost=4034.59..4034.60 rows=1 width=8)
	  ->  Bitmap Heap Scan on sbtest6  (cost=35.11..4031.99 rows=1041 width=4)
	        Recheck Cond: ((id >= 3879461) AND (id <= 3880460))
	        ->  Bitmap Index Scan on sbtest6_pkey  (cost=0.00..34.84 rows=1041 width=0)
	              Index Cond: ((id >= 3879461) AND (id <= 3880460))

table 7 : explain SELECT SUM(k) FROM sbtest7 WHERE id BETWEEN 5510245 AND 5511244
	Aggregate  (cost=3991.79..3991.80 rows=1 width=8)
	  ->  Bitmap Heap Scan on sbtest7  (cost=34.98..3989.22 rows=1029 width=4)
	        Recheck Cond: ((id >= 5510245) AND (id <= 5511244))
	        ->  Bitmap Index Scan on sbtest7_pkey  (cost=0.00..34.73 rows=1029 width=0)
	              Index Cond: ((id >= 5510245) AND (id <= 5511244))

table 8 : explain SELECT SUM(k) FROM sbtest8 WHERE id BETWEEN 9597938 AND 9598937
	Aggregate  (cost=4240.57..4240.58 rows=1 width=8)
	  ->  Bitmap Heap Scan on sbtest8  (cost=39.66..4237.83 rows=1095 width=4)
	        Recheck Cond: ((id >= 9597938) AND (id <= 9598937))
	        ->  Bitmap Index Scan on sbtest8_pkey  (cost=0.00..39.39 rows=1095 width=0)
	              Index Cond: ((id >= 9597938) AND (id <= 9598937))

for: simple_ranges
table 1 : explain SELECT c FROM sbtest1 WHERE id BETWEEN 3098605 AND 3099604
	Bitmap Heap Scan on sbtest1  (cost=29.44..3416.61 rows=879 width=121)
	  Recheck Cond: ((id >= 3098605) AND (id <= 3099604))
	  ->  Bitmap Index Scan on sbtest1_pkey  (cost=0.00..29.22 rows=879 width=0)
	        Index Cond: ((id >= 3098605) AND (id <= 3099604))

table 2 : explain SELECT c FROM sbtest2 WHERE id BETWEEN 9605059 AND 9606058
	Bitmap Heap Scan on sbtest2  (cost=34.82..3923.75 rows=1013 width=121)
	  Recheck Cond: ((id >= 9605059) AND (id <= 9606058))
	  ->  Bitmap Index Scan on sbtest2_pkey  (cost=0.00..34.57 rows=1013 width=0)
	        Index Cond: ((id >= 9605059) AND (id <= 9606058))

table 3 : explain SELECT c FROM sbtest3 WHERE id BETWEEN 2941191 AND 2942190
	Bitmap Heap Scan on sbtest3  (cost=34.71..3888.27 rows=1002 width=121)
	  Recheck Cond: ((id >= 2941191) AND (id <= 2942190))
	  ->  Bitmap Index Scan on sbtest3_pkey  (cost=0.00..34.45 rows=1002 width=0)
	        Index Cond: ((id >= 2941191) AND (id <= 2942190))

table 4 : explain SELECT c FROM sbtest4 WHERE id BETWEEN 3041637 AND 3042636
	Bitmap Heap Scan on sbtest4  (cost=29.60..3475.84 rows=894 width=121)
	  Recheck Cond: ((id >= 3041637) AND (id <= 3042636))
	  ->  Bitmap Index Scan on sbtest4_pkey  (cost=0.00..29.37 rows=894 width=0)
	        Index Cond: ((id >= 3041637) AND (id <= 3042636))

table 5 : explain SELECT c FROM sbtest5 WHERE id BETWEEN 4558007 AND 4559006
	Bitmap Heap Scan on sbtest5  (cost=34.78..3914.67 rows=1009 width=121)
	  Recheck Cond: ((id >= 4558007) AND (id <= 4559006))
	  ->  Bitmap Index Scan on sbtest5_pkey  (cost=0.00..34.53 rows=1009 width=0)
	        Index Cond: ((id >= 4558007) AND (id <= 4559006))

table 6 : explain SELECT c FROM sbtest6 WHERE id BETWEEN 1616450 AND 1617449
	Bitmap Heap Scan on sbtest6  (cost=34.39..3767.96 rows=971 width=121)
	  Recheck Cond: ((id >= 1616450) AND (id <= 1617449))
	  ->  Bitmap Index Scan on sbtest6_pkey  (cost=0.00..34.15 rows=971 width=0)
	        Index Cond: ((id >= 1616450) AND (id <= 1617449))

table 7 : explain SELECT c FROM sbtest7 WHERE id BETWEEN 8940877 AND 8941876
	Bitmap Heap Scan on sbtest7  (cost=35.05..4015.62 rows=1036 width=121)
	  Recheck Cond: ((id >= 8940877) AND (id <= 8941876))
	  ->  Bitmap Index Scan on sbtest7_pkey  (cost=0.00..34.80 rows=1036 width=0)
	        Index Cond: ((id >= 8940877) AND (id <= 8941876))

table 8 : explain SELECT c FROM sbtest8 WHERE id BETWEEN 7042711 AND 7043710
	Bitmap Heap Scan on sbtest8  (cost=39.89..4324.25 rows=1118 width=121)
	  Recheck Cond: ((id >= 7042711) AND (id <= 7043710))
	  ->  Bitmap Index Scan on sbtest8_pkey  (cost=0.00..39.62 rows=1118 width=0)
	        Index Cond: ((id >= 7042711) AND (id <= 7043710))

for: simple_ranges
table 1 : explain SELECT c FROM sbtest1 WHERE id BETWEEN 9113286 AND 9114285
	Bitmap Heap Scan on sbtest1  (cost=34.28..3727.13 rows=960 width=121)
	  Recheck Cond: ((id >= 9113286) AND (id <= 9114285))
	  ->  Bitmap Index Scan on sbtest1_pkey  (cost=0.00..34.04 rows=960 width=0)
	        Index Cond: ((id >= 9113286) AND (id <= 9114285))

table 2 : explain SELECT c FROM sbtest2 WHERE id BETWEEN 4950182 AND 4951181
	Bitmap Heap Scan on sbtest2  (cost=29.71..3512.16 rows=905 width=121)
	  Recheck Cond: ((id >= 4950182) AND (id <= 4951181))
	  ->  Bitmap Index Scan on sbtest2_pkey  (cost=0.00..29.48 rows=905 width=0)
	        Index Cond: ((id >= 4950182) AND (id <= 4951181))

table 3 : explain SELECT c FROM sbtest3 WHERE id BETWEEN 7336953 AND 7337952
	Bitmap Heap Scan on sbtest3  (cost=29.63..3486.96 rows=897 width=121)
	  Recheck Cond: ((id >= 7336953) AND (id <= 7337952))
	  ->  Bitmap Index Scan on sbtest3_pkey  (cost=0.00..29.40 rows=897 width=0)
	        Index Cond: ((id >= 7336953) AND (id <= 7337952))

table 4 : explain SELECT c FROM sbtest4 WHERE id BETWEEN 9507375 AND 9508374
	Bitmap Heap Scan on sbtest4  (cost=34.93..3971.65 rows=1024 width=121)
	  Recheck Cond: ((id >= 9507375) AND (id <= 9508374))
	  ->  Bitmap Index Scan on sbtest4_pkey  (cost=0.00..34.68 rows=1024 width=0)
	        Index Cond: ((id >= 9507375) AND (id <= 9508374))

table 5 : explain SELECT c FROM sbtest5 WHERE id BETWEEN 3612064 AND 3613063
	Bitmap Heap Scan on sbtest5  (cost=34.45..3793.77 rows=977 width=121)
	  Recheck Cond: ((id >= 3612064) AND (id <= 3613063))
	  ->  Bitmap Index Scan on sbtest5_pkey  (cost=0.00..34.20 rows=977 width=0)
	        Index Cond: ((id >= 3612064) AND (id <= 3613063))

table 6 : explain SELECT c FROM sbtest6 WHERE id BETWEEN 6011367 AND 6012366
	Bitmap Heap Scan on sbtest6  (cost=34.37..3760.40 rows=969 width=121)
	  Recheck Cond: ((id >= 6011367) AND (id <= 6012366))
	  ->  Bitmap Index Scan on sbtest6_pkey  (cost=0.00..34.12 rows=969 width=0)
	        Index Cond: ((id >= 6011367) AND (id <= 6012366))

table 7 : explain SELECT c FROM sbtest7 WHERE id BETWEEN 303794 AND 304793
	Bitmap Heap Scan on sbtest7  (cost=34.18..3694.58 rows=951 width=121)
	  Recheck Cond: ((id >= 303794) AND (id <= 304793))
	  ->  Bitmap Index Scan on sbtest7_pkey  (cost=0.00..33.95 rows=951 width=0)
	        Index Cond: ((id >= 303794) AND (id <= 304793))

table 8 : explain SELECT c FROM sbtest8 WHERE id BETWEEN 7547080 AND 7548079
	Bitmap Heap Scan on sbtest8  (cost=34.29..3729.02 rows=961 width=121)
	  Recheck Cond: ((id >= 7547080) AND (id <= 7548079))
	  ->  Bitmap Index Scan on sbtest8_pkey  (cost=0.00..34.05 rows=961 width=0)
	        Index Cond: ((id >= 7547080) AND (id <= 7548079))

for: distinct_ranges
table 1 : explain SELECT DISTINCT c FROM sbtest1 WHERE id BETWEEN 2326152 AND 2327151 ORDER BY c
	Unique  (cost=4604.52..4610.40 rows=1177 width=121)
	  ->  Sort  (cost=4604.52..4607.46 rows=1177 width=121)
	        Sort Key: c
	        ->  Bitmap Heap Scan on sbtest1  (cost=40.50..4544.48 rows=1177 width=121)
	              Recheck Cond: ((id >= 2326152) AND (id <= 2327151))
	              ->  Bitmap Index Scan on sbtest1_pkey  (cost=0.00..40.20 rows=1177 width=0)
	                    Index Cond: ((id >= 2326152) AND (id <= 2327151))

table 2 : explain SELECT DISTINCT c FROM sbtest2 WHERE id BETWEEN 2829309 AND 2830308 ORDER BY c
	Unique  (cost=3621.98..3626.59 rows=921 width=121)
	  ->  Sort  (cost=3621.98..3624.29 rows=921 width=121)
	        Sort Key: c
	        ->  Bitmap Heap Scan on sbtest2  (cost=33.88..3576.64 rows=921 width=121)
	              Recheck Cond: ((id >= 2829309) AND (id <= 2830308))
	              ->  Bitmap Index Scan on sbtest2_pkey  (cost=0.00..33.65 rows=921 width=0)
	                    Index Cond: ((id >= 2829309) AND (id <= 2830308))

table 3 : explain SELECT DISTINCT c FROM sbtest3 WHERE id BETWEEN 7484683 AND 7485682 ORDER BY c
	Unique  (cost=3876.85..3881.78 rows=986 width=121)
	  ->  Sort  (cost=3876.85..3879.32 rows=986 width=121)
	        Sort Key: c
	        ->  Bitmap Heap Scan on sbtest3  (cost=34.54..3827.82 rows=986 width=121)
	              Recheck Cond: ((id >= 7484683) AND (id <= 7485682))
	              ->  Bitmap Index Scan on sbtest3_pkey  (cost=0.00..34.30 rows=986 width=0)
	                    Index Cond: ((id >= 7484683) AND (id <= 7485682))

table 4 : explain SELECT DISTINCT c FROM sbtest4 WHERE id BETWEEN 4998955 AND 4999954 ORDER BY c
	Unique  (cost=3896.32..3901.27 rows=991 width=121)
	  ->  Sort  (cost=3896.32..3898.80 rows=991 width=121)
	        Sort Key: c
	        ->  Bitmap Heap Scan on sbtest4  (cost=34.59..3847.00 rows=991 width=121)
	              Recheck Cond: ((id >= 4998955) AND (id <= 4999954))
	              ->  Bitmap Index Scan on sbtest4_pkey  (cost=0.00..34.34 rows=991 width=0)
	                    Index Cond: ((id >= 4998955) AND (id <= 4999954))

table 5 : explain SELECT DISTINCT c FROM sbtest5 WHERE id BETWEEN 9262771 AND 9263770 ORDER BY c
	Unique  (cost=3926.68..3931.67 rows=999 width=121)
	  ->  Sort  (cost=3926.68..3929.17 rows=999 width=121)
	        Sort Key: c
	        ->  Bitmap Heap Scan on sbtest5  (cost=34.67..3876.90 rows=999 width=121)
	              Recheck Cond: ((id >= 9262771) AND (id <= 9263770))
	              ->  Bitmap Index Scan on sbtest5_pkey  (cost=0.00..34.43 rows=999 width=0)
	                    Index Cond: ((id >= 9262771) AND (id <= 9263770))

table 6 : explain SELECT DISTINCT c FROM sbtest6 WHERE id BETWEEN 9863891 AND 9864890 ORDER BY c
	Unique  (cost=4409.03..4414.66 rows=1125 width=121)
	  ->  Sort  (cost=4409.03..4411.85 rows=1125 width=121)
	        Sort Key: c
	        ->  Bitmap Heap Scan on sbtest6  (cost=39.97..4352.02 rows=1125 width=121)
	              Recheck Cond: ((id >= 9863891) AND (id <= 9864890))
	              ->  Bitmap Index Scan on sbtest6_pkey  (cost=0.00..39.69 rows=1125 width=0)
	                    Index Cond: ((id >= 9863891) AND (id <= 9864890))

table 7 : explain SELECT DISTINCT c FROM sbtest7 WHERE id BETWEEN 3595778 AND 3596777 ORDER BY c
	Unique  (cost=3929.59..3934.59 rows=1000 width=121)
	  ->  Sort  (cost=3929.59..3932.09 rows=1000 width=121)
	        Sort Key: c
	        ->  Bitmap Heap Scan on sbtest7  (cost=34.69..3879.76 rows=1000 width=121)
	              Recheck Cond: ((id >= 3595778) AND (id <= 3596777))
	              ->  Bitmap Index Scan on sbtest7_pkey  (cost=0.00..34.44 rows=1000 width=0)
	                    Index Cond: ((id >= 3595778) AND (id <= 3596777))

table 8 : explain SELECT DISTINCT c FROM sbtest8 WHERE id BETWEEN 1437300 AND 1438299 ORDER BY c
	Unique  (cost=4109.60..4114.84 rows=1048 width=121)
	  ->  Sort  (cost=4109.60..4112.22 rows=1048 width=121)
	        Sort Key: c
	        ->  Bitmap Heap Scan on sbtest8  (cost=35.18..4057.03 rows=1048 width=121)
	              Recheck Cond: ((id >= 1437300) AND (id <= 1438299))
	              ->  Bitmap Index Scan on sbtest8_pkey  (cost=0.00..34.92 rows=1048 width=0)
	                    Index Cond: ((id >= 1437300) AND (id <= 1438299))

for: sum_ranges
table 1 : explain SELECT SUM(k) FROM sbtest1 WHERE id BETWEEN 7586490 AND 7587489
	Aggregate  (cost=3759.77..3759.78 rows=1 width=8)
	  ->  Bitmap Heap Scan on sbtest1  (cost=34.36..3757.35 rows=968 width=4)
	        Recheck Cond: ((id >= 7586490) AND (id <= 7587489))
	        ->  Bitmap Index Scan on sbtest1_pkey  (cost=0.00..34.12 rows=968 width=0)
	              Index Cond: ((id >= 7586490) AND (id <= 7587489))

table 2 : explain SELECT SUM(k) FROM sbtest2 WHERE id BETWEEN 1924082 AND 1925081
	Aggregate  (cost=4314.14..4314.15 rows=1 width=8)
	  ->  Bitmap Heap Scan on sbtest2  (cost=39.87..4311.35 rows=1116 width=4)
	        Recheck Cond: ((id >= 1924082) AND (id <= 1925081))
	        ->  Bitmap Index Scan on sbtest2_pkey  (cost=0.00..39.59 rows=1116 width=0)
	              Index Cond: ((id >= 1924082) AND (id <= 1925081))

table 3 : explain SELECT SUM(k) FROM sbtest3 WHERE id BETWEEN 4925294 AND 4926293
	Aggregate  (cost=3553.88..3553.89 rows=1 width=8)
	  ->  Bitmap Heap Scan on sbtest3  (cost=33.79..3551.60 rows=913 width=4)
	        Recheck Cond: ((id >= 4925294) AND (id <= 4926293))
	        ->  Bitmap Index Scan on sbtest3_pkey  (cost=0.00..33.57 rows=913 width=0)
	              Index Cond: ((id >= 4925294) AND (id <= 4926293))

table 4 : explain SELECT SUM(k) FROM sbtest4 WHERE id BETWEEN 7600529 AND 7601528
	Aggregate  (cost=4181.79..4181.80 rows=1 width=8)
	  ->  Bitmap Heap Scan on sbtest4  (cost=35.49..4179.09 rows=1079 width=4)
	        Recheck Cond: ((id >= 7600529) AND (id <= 7601528))
	        ->  Bitmap Index Scan on sbtest4_pkey  (cost=0.00..35.23 rows=1079 width=0)
	              Index Cond: ((id >= 7600529) AND (id <= 7601528))

table 5 : explain SELECT SUM(k) FROM sbtest5 WHERE id BETWEEN 6262774 AND 6263773
	Aggregate  (cost=3811.34..3811.35 rows=1 width=8)
	  ->  Bitmap Heap Scan on sbtest5  (cost=34.49..3808.89 rows=981 width=4)
	        Recheck Cond: ((id >= 6262774) AND (id <= 6263773))
	        ->  Bitmap Index Scan on sbtest5_pkey  (cost=0.00..34.25 rows=981 width=0)
	              Index Cond: ((id >= 6262774) AND (id <= 6263773))

table 6 : explain SELECT SUM(k) FROM sbtest6 WHERE id BETWEEN 6720639 AND 6721638
	Aggregate  (cost=3985.57..3985.58 rows=1 width=8)
	  ->  Bitmap Heap Scan on sbtest6  (cost=34.97..3983.00 rows=1028 width=4)
	        Recheck Cond: ((id >= 6720639) AND (id <= 6721638))
	        ->  Bitmap Index Scan on sbtest6_pkey  (cost=0.00..34.72 rows=1028 width=0)
	              Index Cond: ((id >= 6720639) AND (id <= 6721638))

table 7 : explain SELECT SUM(k) FROM sbtest7 WHERE id BETWEEN 594002 AND 595001
	Aggregate  (cost=4229.38..4229.39 rows=1 width=8)
	  ->  Bitmap Heap Scan on sbtest7  (cost=35.63..4226.65 rows=1092 width=4)
	        Recheck Cond: ((id >= 594002) AND (id <= 595001))
	        ->  Bitmap Index Scan on sbtest7_pkey  (cost=0.00..35.36 rows=1092 width=0)
	              Index Cond: ((id >= 594002) AND (id <= 595001))

table 8 : explain SELECT SUM(k) FROM sbtest8 WHERE id BETWEEN 507461 AND 508460
	Aggregate  (cost=3500.49..3500.50 rows=1 width=8)
	  ->  Bitmap Heap Scan on sbtest8  (cost=29.67..3498.24 rows=901 width=4)
	        Recheck Cond: ((id >= 507461) AND (id <= 508460))
	        ->  Bitmap Index Scan on sbtest8_pkey  (cost=0.00..29.44 rows=901 width=0)
	              Index Cond: ((id >= 507461) AND (id <= 508460))

explain: for point_selects :: explain SELECT c FROM sbtest%u WHERE id=%u
for: order_ranges
table 1 : explain SELECT c FROM sbtest1 WHERE id BETWEEN 9264610 AND 9265609 ORDER BY c
	Sort  (cost=3950.99..3953.50 rows=1006 width=121)
	  Sort Key: c
	  ->  Bitmap Heap Scan on sbtest1  (cost=34.75..3900.82 rows=1006 width=121)
	        Recheck Cond: ((id >= 9264610) AND (id <= 9265609))
	        ->  Bitmap Index Scan on sbtest1_pkey  (cost=0.00..34.50 rows=1006 width=0)
	              Index Cond: ((id >= 9264610) AND (id <= 9265609))

table 2 : explain SELECT c FROM sbtest2 WHERE id BETWEEN 3001475 AND 3002474 ORDER BY c
	Sort  (cost=4024.02..4026.58 rows=1026 width=121)
	  Sort Key: c
	  ->  Bitmap Heap Scan on sbtest2  (cost=34.95..3972.71 rows=1026 width=121)
	        Recheck Cond: ((id >= 3001475) AND (id <= 3002474))
	        ->  Bitmap Index Scan on sbtest2_pkey  (cost=0.00..34.70 rows=1026 width=0)
	              Index Cond: ((id >= 3001475) AND (id <= 3002474))

table 3 : explain SELECT c FROM sbtest3 WHERE id BETWEEN 9607568 AND 9608567 ORDER BY c
	Sort  (cost=4240.77..4243.47 rows=1081 width=121)
	  Sort Key: c
	  ->  Bitmap Heap Scan on sbtest3  (cost=35.52..4186.30 rows=1081 width=121)
	        Recheck Cond: ((id >= 9607568) AND (id <= 9608567))
	        ->  Bitmap Index Scan on sbtest3_pkey  (cost=0.00..35.25 rows=1081 width=0)
	              Index Cond: ((id >= 9607568) AND (id <= 9608567))

table 4 : explain SELECT c FROM sbtest4 WHERE id BETWEEN 4161230 AND 4162229 ORDER BY c
	Sort  (cost=4099.47..4102.08 rows=1044 width=121)
	  Sort Key: c
	  ->  Bitmap Heap Scan on sbtest4  (cost=35.14..4047.12 rows=1044 width=121)
	        Recheck Cond: ((id >= 4161230) AND (id <= 4162229))
	        ->  Bitmap Index Scan on sbtest4_pkey  (cost=0.00..34.88 rows=1044 width=0)
	              Index Cond: ((id >= 4161230) AND (id <= 4162229))

table 5 : explain SELECT c FROM sbtest5 WHERE id BETWEEN 9211393 AND 9212392 ORDER BY c
	Sort  (cost=3926.68..3929.17 rows=999 width=121)
	  Sort Key: c
	  ->  Bitmap Heap Scan on sbtest5  (cost=34.67..3876.90 rows=999 width=121)
	        Recheck Cond: ((id >= 9211393) AND (id <= 9212392))
	        ->  Bitmap Index Scan on sbtest5_pkey  (cost=0.00..34.43 rows=999 width=0)
	              Index Cond: ((id >= 9211393) AND (id <= 9212392))

table 6 : explain SELECT c FROM sbtest6 WHERE id BETWEEN 3681716 AND 3682715 ORDER BY c
	Sort  (cost=3946.39..3948.90 rows=1005 width=121)
	  Sort Key: c
	  ->  Bitmap Heap Scan on sbtest6  (cost=34.74..3896.28 rows=1005 width=121)
	        Recheck Cond: ((id >= 3681716) AND (id <= 3682715))
	        ->  Bitmap Index Scan on sbtest6_pkey  (cost=0.00..34.48 rows=1005 width=0)
	              Index Cond: ((id >= 3681716) AND (id <= 3682715))

table 7 : explain SELECT c FROM sbtest7 WHERE id BETWEEN 6739445 AND 6740444 ORDER BY c
	Sort  (cost=3799.20..3801.61 rows=966 width=121)
	  Sort Key: c
	  ->  Bitmap Heap Scan on sbtest7  (cost=34.34..3751.30 rows=966 width=121)
	        Recheck Cond: ((id >= 6739445) AND (id <= 6740444))
	        ->  Bitmap Index Scan on sbtest7_pkey  (cost=0.00..34.09 rows=966 width=0)
	              Index Cond: ((id >= 6739445) AND (id <= 6740444))

table 8 : explain SELECT c FROM sbtest8 WHERE id BETWEEN 3358618 AND 3359617 ORDER BY c
	Sort  (cost=3738.30..3740.68 rows=951 width=121)
	  Sort Key: c
	  ->  Bitmap Heap Scan on sbtest8  (cost=34.18..3691.26 rows=951 width=121)
	        Recheck Cond: ((id >= 3358618) AND (id <= 3359617))
	        ->  Bitmap Index Scan on sbtest8_pkey  (cost=0.00..33.95 rows=951 width=0)
	              Index Cond: ((id >= 3358618) AND (id <= 3359617))

for: sum_ranges
table 1 : explain SELECT SUM(k) FROM sbtest1 WHERE id BETWEEN 4108056 AND 4109055
	Aggregate  (cost=4140.94..4140.95 rows=1 width=8)
	  ->  Bitmap Heap Scan on sbtest1  (cost=35.39..4138.27 rows=1069 width=4)
	        Recheck Cond: ((id >= 4108056) AND (id <= 4109055))
	        ->  Bitmap Index Scan on sbtest1_pkey  (cost=0.00..35.12 rows=1069 width=0)
	              Index Cond: ((id >= 4108056) AND (id <= 4109055))

table 2 : explain SELECT SUM(k) FROM sbtest2 WHERE id BETWEEN 7042262 AND 7043261
	Aggregate  (cost=3275.78..3275.79 rows=1 width=8)
	  ->  Bitmap Heap Scan on sbtest2  (cost=29.07..3273.68 rows=842 width=4)
	        Recheck Cond: ((id >= 7042262) AND (id <= 7043261))
	        ->  Bitmap Index Scan on sbtest2_pkey  (cost=0.00..28.86 rows=842 width=0)
	              Index Cond: ((id >= 7042262) AND (id <= 7043261))

table 3 : explain SELECT SUM(k) FROM sbtest3 WHERE id BETWEEN 2703238 AND 2704237
	Aggregate  (cost=3671.34..3671.35 rows=1 width=8)
	  ->  Bitmap Heap Scan on sbtest3  (cost=34.11..3668.98 rows=944 width=4)
	        Recheck Cond: ((id >= 2703238) AND (id <= 2704237))
	        ->  Bitmap Index Scan on sbtest3_pkey  (cost=0.00..33.88 rows=944 width=0)
	              Index Cond: ((id >= 2703238) AND (id <= 2704237))

table 4 : explain SELECT SUM(k) FROM sbtest4 WHERE id BETWEEN 6027377 AND 6028376
	Aggregate  (cost=3993.09..3993.10 rows=1 width=8)
	  ->  Bitmap Heap Scan on sbtest4  (cost=34.98..3990.52 rows=1029 width=4)
	        Recheck Cond: ((id >= 6027377) AND (id <= 6028376))
	        ->  Bitmap Index Scan on sbtest4_pkey  (cost=0.00..34.73 rows=1029 width=0)
	              Index Cond: ((id >= 6027377) AND (id <= 6028376))

table 5 : explain SELECT SUM(k) FROM sbtest5 WHERE id BETWEEN 2903798 AND 2904797
	Aggregate  (cost=3905.86..3905.87 rows=1 width=8)
	  ->  Bitmap Heap Scan on sbtest5  (cost=34.75..3903.34 rows=1006 width=4)
	        Recheck Cond: ((id >= 2903798) AND (id <= 2904797))
	        ->  Bitmap Index Scan on sbtest5_pkey  (cost=0.00..34.50 rows=1006 width=0)
	              Index Cond: ((id >= 2903798) AND (id <= 2904797))

table 6 : explain SELECT SUM(k) FROM sbtest6 WHERE id BETWEEN 9323410 AND 9324409
	Aggregate  (cost=3898.79..3898.80 rows=1 width=8)
	  ->  Bitmap Heap Scan on sbtest6  (cost=34.74..3896.28 rows=1005 width=4)
	        Recheck Cond: ((id >= 9323410) AND (id <= 9324409))
	        ->  Bitmap Index Scan on sbtest6_pkey  (cost=0.00..34.48 rows=1005 width=0)
	              Index Cond: ((id >= 9323410) AND (id <= 9324409))

table 7 : explain SELECT SUM(k) FROM sbtest7 WHERE id BETWEEN 2437751 AND 2438750
	Aggregate  (cost=3946.48..3946.49 rows=1 width=8)
	  ->  Bitmap Heap Scan on sbtest7  (cost=34.86..3943.94 rows=1017 width=4)
	        Recheck Cond: ((id >= 2437751) AND (id <= 2438750))
	        ->  Bitmap Index Scan on sbtest7_pkey  (cost=0.00..34.61 rows=1017 width=0)
	              Index Cond: ((id >= 2437751) AND (id <= 2438750))

table 8 : explain SELECT SUM(k) FROM sbtest8 WHERE id BETWEEN 6799205 AND 6800204
	Aggregate  (cost=3776.75..3776.76 rows=1 width=8)
	  ->  Bitmap Heap Scan on sbtest8  (cost=34.41..3774.32 rows=973 width=4)
	        Recheck Cond: ((id >= 6799205) AND (id <= 6800204))
	        ->  Bitmap Index Scan on sbtest8_pkey  (cost=0.00..34.17 rows=973 width=0)
	              Index Cond: ((id >= 6799205) AND (id <= 6800204))

for point_selects
table 1 : explain SELECT c FROM sbtest1 WHERE id=974414
	Index Scan using sbtest1_pkey on sbtest1  (cost=0.43..8.45 rows=1 width=121)
	  Index Cond: (id = 974414)

table 2 : explain SELECT c FROM sbtest2 WHERE id=688674
	Index Scan using sbtest2_pkey on sbtest2  (cost=0.43..8.45 rows=1 width=121)
	  Index Cond: (id = 688674)

table 3 : explain SELECT c FROM sbtest3 WHERE id=6511663
	Index Scan using sbtest3_pkey on sbtest3  (cost=0.43..8.45 rows=1 width=121)
	  Index Cond: (id = 6511663)

table 4 : explain SELECT c FROM sbtest4 WHERE id=7777008
	Index Scan using sbtest4_pkey on sbtest4  (cost=0.43..8.45 rows=1 width=121)
	  Index Cond: (id = 7777008)

table 5 : explain SELECT c FROM sbtest5 WHERE id=3994334
	Index Scan using sbtest5_pkey on sbtest5  (cost=0.43..8.45 rows=1 width=121)
	  Index Cond: (id = 3994334)

table 6 : explain SELECT c FROM sbtest6 WHERE id=3309548
	Index Scan using sbtest6_pkey on sbtest6  (cost=0.43..8.45 rows=1 width=121)
	  Index Cond: (id = 3309548)

table 7 : explain SELECT c FROM sbtest7 WHERE id=7652089
	Index Scan using sbtest7_pkey on sbtest7  (cost=0.43..8.45 rows=1 width=121)
	  Index Cond: (id = 7652089)

table 8 : explain SELECT c FROM sbtest8 WHERE id=4349829
	Index Scan using sbtest8_pkey on sbtest8  (cost=0.43..8.45 rows=1 width=121)
	  Index Cond: (id = 4349829)

for: distinct_ranges
table 1 : explain SELECT DISTINCT c FROM sbtest1 WHERE id BETWEEN 4113247 AND 4114246 ORDER BY c
	Unique  (cost=4127.05..4132.31 rows=1052 width=121)
	  ->  Sort  (cost=4127.05..4129.68 rows=1052 width=121)
	        Sort Key: c
	        ->  Bitmap Heap Scan on sbtest1  (cost=35.22..4074.24 rows=1052 width=121)
	              Recheck Cond: ((id >= 4113247) AND (id <= 4114246))
	              ->  Bitmap Index Scan on sbtest1_pkey  (cost=0.00..34.95 rows=1052 width=0)
	                    Index Cond: ((id >= 4113247) AND (id <= 4114246))

table 2 : explain SELECT DISTINCT c FROM sbtest2 WHERE id BETWEEN 4357611 AND 4358610 ORDER BY c
	Unique  (cost=4001.08..4006.18 rows=1020 width=121)
	  ->  Sort  (cost=4001.08..4003.63 rows=1020 width=121)
	        Sort Key: c
	        ->  Bitmap Heap Scan on sbtest2  (cost=34.89..3950.11 rows=1020 width=121)
	              Recheck Cond: ((id >= 4357611) AND (id <= 4358610))
	              ->  Bitmap Index Scan on sbtest2_pkey  (cost=0.00..34.64 rows=1020 width=0)
	                    Index Cond: ((id >= 4357611) AND (id <= 4358610))

table 3 : explain SELECT DISTINCT c FROM sbtest3 WHERE id BETWEEN 5081685 AND 5082684 ORDER BY c
	Unique  (cost=3945.88..3950.90 rows=1004 width=121)
	  ->  Sort  (cost=3945.88..3948.39 rows=1004 width=121)
	        Sort Key: c
	        ->  Bitmap Heap Scan on sbtest3  (cost=34.73..3895.83 rows=1004 width=121)
	              Recheck Cond: ((id >= 5081685) AND (id <= 5082684))
	              ->  Bitmap Index Scan on sbtest3_pkey  (cost=0.00..34.48 rows=1004 width=0)
	                    Index Cond: ((id >= 5081685) AND (id <= 5082684))

table 4 : explain SELECT DISTINCT c FROM sbtest4 WHERE id BETWEEN 4030280 AND 4031279 ORDER BY c
	Unique  (cost=3934.67..3939.68 rows=1001 width=121)
	  ->  Sort  (cost=3934.67..3937.18 rows=1001 width=121)
	        Sort Key: c
	        ->  Bitmap Heap Scan on sbtest4  (cost=34.70..3884.79 rows=1001 width=121)
	              Recheck Cond: ((id >= 4030280) AND (id <= 4031279))
	              ->  Bitmap Index Scan on sbtest4_pkey  (cost=0.00..34.45 rows=1001 width=0)
	                    Index Cond: ((id >= 4030280) AND (id <= 4031279))

table 5 : explain SELECT DISTINCT c FROM sbtest5 WHERE id BETWEEN 3946509 AND 3947508 ORDER BY c
	Unique  (cost=3869.14..3874.06 rows=984 width=121)
	  ->  Sort  (cost=3869.14..3871.60 rows=984 width=121)
	        Sort Key: c
	        ->  Bitmap Heap Scan on sbtest5  (cost=34.52..3820.22 rows=984 width=121)
	              Recheck Cond: ((id >= 3946509) AND (id <= 3947508))
	              ->  Bitmap Index Scan on sbtest5_pkey  (cost=0.00..34.28 rows=984 width=0)
	                    Index Cond: ((id >= 3946509) AND (id <= 3947508))

table 6 : explain SELECT DISTINCT c FROM sbtest6 WHERE id BETWEEN 4554383 AND 4555382 ORDER BY c
	Unique  (cost=3839.13..3844.02 rows=977 width=121)
	  ->  Sort  (cost=3839.13..3841.57 rows=977 width=121)
	        Sort Key: c
	        ->  Bitmap Heap Scan on sbtest6  (cost=34.45..3790.61 rows=977 width=121)
	              Recheck Cond: ((id >= 4554383) AND (id <= 4555382))
	              ->  Bitmap Index Scan on sbtest6_pkey  (cost=0.00..34.20 rows=977 width=0)
	                    Index Cond: ((id >= 4554383) AND (id <= 4555382))

table 7 : explain SELECT DISTINCT c FROM sbtest7 WHERE id BETWEEN 1113065 AND 1114064 ORDER BY c
	Unique  (cost=3891.26..3896.21 rows=990 width=121)
	  ->  Sort  (cost=3891.26..3893.73 rows=990 width=121)
	        Sort Key: c
	        ->  Bitmap Heap Scan on sbtest7  (cost=34.58..3842.00 rows=990 width=121)
	              Recheck Cond: ((id >= 1113065) AND (id <= 1114064))
	              ->  Bitmap Index Scan on sbtest7_pkey  (cost=0.00..34.34 rows=990 width=0)
	                    Index Cond: ((id >= 1113065) AND (id <= 1114064))

table 8 : explain SELECT DISTINCT c FROM sbtest8 WHERE id BETWEEN 1693714 AND 1694713 ORDER BY c
	Unique  (cost=3719.13..3723.86 rows=946 width=121)
	  ->  Sort  (cost=3719.13..3721.49 rows=946 width=121)
	        Sort Key: c
	        ->  Bitmap Heap Scan on sbtest8  (cost=34.13..3672.37 rows=946 width=121)
	              Recheck Cond: ((id >= 1693714) AND (id <= 1694713))
	              ->  Bitmap Index Scan on sbtest8_pkey  (cost=0.00..33.90 rows=946 width=0)
	                    Index Cond: ((id >= 1693714) AND (id <= 1694713))

for: simple_ranges
table 1 : explain SELECT c FROM sbtest1 WHERE id BETWEEN 4149746 AND 4150745
	Bitmap Heap Scan on sbtest1  (cost=35.22..4074.24 rows=1052 width=121)
	  Recheck Cond: ((id >= 4149746) AND (id <= 4150745))
	  ->  Bitmap Index Scan on sbtest1_pkey  (cost=0.00..34.95 rows=1052 width=0)
	        Index Cond: ((id >= 4149746) AND (id <= 4150745))

table 2 : explain SELECT c FROM sbtest2 WHERE id BETWEEN 433200 AND 434199
	Bitmap Heap Scan on sbtest2  (cost=29.60..3470.56 rows=894 width=121)
	  Recheck Cond: ((id >= 433200) AND (id <= 434199))
	  ->  Bitmap Index Scan on sbtest2_pkey  (cost=0.00..29.37 rows=894 width=0)
	        Index Cond: ((id >= 433200) AND (id <= 434199))

table 3 : explain SELECT c FROM sbtest3 WHERE id BETWEEN 5206760 AND 5207759
	Bitmap Heap Scan on sbtest3  (cost=33.95..3608.41 rows=928 width=121)
	  Recheck Cond: ((id >= 5206760) AND (id <= 5207759))
	  ->  Bitmap Index Scan on sbtest3_pkey  (cost=0.00..33.72 rows=928 width=0)
	        Index Cond: ((id >= 5206760) AND (id <= 5207759))

table 4 : explain SELECT c FROM sbtest4 WHERE id BETWEEN 1027164 AND 1028163
	Bitmap Heap Scan on sbtest4  (cost=34.12..3673.03 rows=945 width=121)
	  Recheck Cond: ((id >= 1027164) AND (id <= 1028163))
	  ->  Bitmap Index Scan on sbtest4_pkey  (cost=0.00..33.89 rows=945 width=0)
	        Index Cond: ((id >= 1027164) AND (id <= 1028163))

table 5 : explain SELECT c FROM sbtest5 WHERE id BETWEEN 350264 AND 351263
	Bitmap Heap Scan on sbtest5  (cost=34.52..3820.22 rows=984 width=121)
	  Recheck Cond: ((id >= 350264) AND (id <= 351263))
	  ->  Bitmap Index Scan on sbtest5_pkey  (cost=0.00..34.28 rows=984 width=0)
	        Index Cond: ((id >= 350264) AND (id <= 351263))

table 6 : explain SELECT c FROM sbtest6 WHERE id BETWEEN 1789377 AND 1790376
	Bitmap Heap Scan on sbtest6  (cost=33.95..3605.46 rows=928 width=121)
	  Recheck Cond: ((id >= 1789377) AND (id <= 1790376))
	  ->  Bitmap Index Scan on sbtest6_pkey  (cost=0.00..33.72 rows=928 width=0)
	        Index Cond: ((id >= 1789377) AND (id <= 1790376))

table 7 : explain SELECT c FROM sbtest7 WHERE id BETWEEN 9169520 AND 9170519
	Bitmap Heap Scan on sbtest7  (cost=35.29..4102.34 rows=1059 width=121)
	  Recheck Cond: ((id >= 9169520) AND (id <= 9170519))
	  ->  Bitmap Index Scan on sbtest7_pkey  (cost=0.00..35.03 rows=1059 width=0)
	        Index Cond: ((id >= 9169520) AND (id <= 9170519))

table 8 : explain SELECT c FROM sbtest8 WHERE id BETWEEN 1106550 AND 1107549
	Bitmap Heap Scan on sbtest8  (cost=34.45..3789.42 rows=977 width=121)
	  Recheck Cond: ((id >= 1106550) AND (id <= 1107549))
	  ->  Bitmap Index Scan on sbtest8_pkey  (cost=0.00..34.20 rows=977 width=0)
	        Index Cond: ((id >= 1106550) AND (id <= 1107549))

for: order_ranges
table 1 : explain SELECT c FROM sbtest1 WHERE id BETWEEN 9959278 AND 9960277 ORDER BY c
	Sort  (cost=3935.67..3938.17 rows=1002 width=121)
	  Sort Key: c
	  ->  Bitmap Heap Scan on sbtest1  (cost=34.71..3885.72 rows=1002 width=121)
	        Recheck Cond: ((id >= 9959278) AND (id <= 9960277))
	        ->  Bitmap Index Scan on sbtest1_pkey  (cost=0.00..34.45 rows=1002 width=0)
	              Index Cond: ((id >= 9959278) AND (id <= 9960277))

table 2 : explain SELECT c FROM sbtest2 WHERE id BETWEEN 85307 AND 86306 ORDER BY c
	Sort  (cost=4325.82..4328.58 rows=1104 width=121)
	  Sort Key: c
	  ->  Bitmap Heap Scan on sbtest2  (cost=39.75..4270.02 rows=1104 width=121)
	        Recheck Cond: ((id >= 85307) AND (id <= 86306))
	        ->  Bitmap Index Scan on sbtest2_pkey  (cost=0.00..39.48 rows=1104 width=0)
	              Index Cond: ((id >= 85307) AND (id <= 86306))

table 3 : explain SELECT c FROM sbtest3 WHERE id BETWEEN 4898236 AND 4899235 ORDER BY c
	Sort  (cost=3922.88..3925.37 rows=998 width=121)
	  Sort Key: c
	  ->  Bitmap Heap Scan on sbtest3  (cost=34.66..3873.16 rows=998 width=121)
	        Recheck Cond: ((id >= 4898236) AND (id <= 4899235))
	        ->  Bitmap Index Scan on sbtest3_pkey  (cost=0.00..34.42 rows=998 width=0)
	              Index Cond: ((id >= 4898236) AND (id <= 4899235))

table 4 : explain SELECT c FROM sbtest4 WHERE id BETWEEN 238132 AND 239131 ORDER BY c
	Sort  (cost=3903.99..3906.47 rows=993 width=121)
	  Sort Key: c
	  ->  Bitmap Heap Scan on sbtest4  (cost=34.61..3854.56 rows=993 width=121)
	        Recheck Cond: ((id >= 238132) AND (id <= 239131))
	        ->  Bitmap Index Scan on sbtest4_pkey  (cost=0.00..34.37 rows=993 width=0)
	              Index Cond: ((id >= 238132) AND (id <= 239131))

table 5 : explain SELECT c FROM sbtest5 WHERE id BETWEEN 4696537 AND 4697536 ORDER BY c
	Sort  (cost=3842.28..3844.73 rows=977 width=121)
	  Sort Key: c
	  ->  Bitmap Heap Scan on sbtest5  (cost=34.45..3793.77 rows=977 width=121)
	        Recheck Cond: ((id >= 4696537) AND (id <= 4697536))
	        ->  Bitmap Index Scan on sbtest5_pkey  (cost=0.00..34.20 rows=977 width=0)
	              Index Cond: ((id >= 4696537) AND (id <= 4697536))

table 6 : explain SELECT c FROM sbtest6 WHERE id BETWEEN 1347293 AND 1348292 ORDER BY c
	Sort  (cost=4026.77..4029.34 rows=1026 width=121)
	  Sort Key: c
	  ->  Bitmap Heap Scan on sbtest6  (cost=34.95..3975.46 rows=1026 width=121)
	        Recheck Cond: ((id >= 1347293) AND (id <= 1348292))
	        ->  Bitmap Index Scan on sbtest6_pkey  (cost=0.00..34.70 rows=1026 width=0)
	              Index Cond: ((id >= 1347293) AND (id <= 1348292))

table 7 : explain SELECT c FROM sbtest7 WHERE id BETWEEN 6005667 AND 6006666 ORDER BY c
	Sort  (cost=4090.48..4093.09 rows=1042 width=121)
	  Sort Key: c
	  ->  Bitmap Heap Scan on sbtest7  (cost=35.12..4038.25 rows=1042 width=121)
	        Recheck Cond: ((id >= 6005667) AND (id <= 6006666))
	        ->  Bitmap Index Scan on sbtest7_pkey  (cost=0.00..34.86 rows=1042 width=0)
	              Index Cond: ((id >= 6005667) AND (id <= 6006666))

table 8 : explain SELECT c FROM sbtest8 WHERE id BETWEEN 8349596 AND 8350595 ORDER BY c
	Sort  (cost=4094.31..4096.92 rows=1044 width=121)
	  Sort Key: c
	  ->  Bitmap Heap Scan on sbtest8  (cost=35.14..4041.97 rows=1044 width=121)
	        Recheck Cond: ((id >= 8349596) AND (id <= 8350595))
	        ->  Bitmap Index Scan on sbtest8_pkey  (cost=0.00..34.88 rows=1044 width=0)
	              Index Cond: ((id >= 8349596) AND (id <= 8350595))

explain: for point_selects :: explain SELECT c FROM sbtest%u WHERE id=%u
for: sum_ranges
table 1 : explain SELECT SUM(k) FROM sbtest1 WHERE id BETWEEN 430683 AND 431682
	Aggregate  (cost=3948.63..3948.64 rows=1 width=8)
	  ->  Bitmap Heap Scan on sbtest1  (cost=34.87..3946.08 rows=1018 width=4)
	        Recheck Cond: ((id >= 430683) AND (id <= 431682))
	        ->  Bitmap Index Scan on sbtest1_pkey  (cost=0.00..34.62 rows=1018 width=0)
	              Index Cond: ((id >= 430683) AND (id <= 431682))

table 2 : explain SELECT SUM(k) FROM sbtest2 WHERE id BETWEEN 3529716 AND 3530715
	Aggregate  (cost=4069.43..4069.44 rows=1 width=8)
	  ->  Bitmap Heap Scan on sbtest2  (cost=35.21..4066.80 rows=1051 width=4)
	        Recheck Cond: ((id >= 3529716) AND (id <= 3530715))
	        ->  Bitmap Index Scan on sbtest2_pkey  (cost=0.00..34.95 rows=1051 width=0)
	              Index Cond: ((id >= 3529716) AND (id <= 3530715))

table 3 : explain SELECT SUM(k) FROM sbtest3 WHERE id BETWEEN 1367862 AND 1368861
	Aggregate  (cost=3917.23..3917.24 rows=1 width=8)
	  ->  Bitmap Heap Scan on sbtest3  (cost=34.78..3914.71 rows=1009 width=4)
	        Recheck Cond: ((id >= 1367862) AND (id <= 1368861))
	        ->  Bitmap Index Scan on sbtest3_pkey  (cost=0.00..34.53 rows=1009 width=0)
	              Index Cond: ((id >= 1367862) AND (id <= 1368861))

table 4 : explain SELECT SUM(k) FROM sbtest4 WHERE id BETWEEN 3513937 AND 3514936
	Aggregate  (cost=3970.43..3970.44 rows=1 width=8)
	  ->  Bitmap Heap Scan on sbtest4  (cost=34.92..3967.87 rows=1023 width=4)
	        Recheck Cond: ((id >= 3513937) AND (id <= 3514936))
	        ->  Bitmap Index Scan on sbtest4_pkey  (cost=0.00..34.67 rows=1023 width=0)
	              Index Cond: ((id >= 3513937) AND (id <= 3514936))

table 5 : explain SELECT SUM(k) FROM sbtest5 WHERE id BETWEEN 8811064 AND 8812063
	Aggregate  (cost=3716.74..3716.75 rows=1 width=8)
	  ->  Bitmap Heap Scan on sbtest5  (cost=34.23..3714.35 rows=956 width=4)
	        Recheck Cond: ((id >= 8811064) AND (id <= 8812063))
	        ->  Bitmap Index Scan on sbtest5_pkey  (cost=0.00..34.00 rows=956 width=0)
	              Index Cond: ((id >= 8811064) AND (id <= 8812063))

table 6 : explain SELECT SUM(k) FROM sbtest6 WHERE id BETWEEN 6240317 AND 6241316
	Aggregate  (cost=3638.05..3638.06 rows=1 width=8)
	  ->  Bitmap Heap Scan on sbtest6  (cost=34.03..3635.71 rows=936 width=4)
	        Recheck Cond: ((id >= 6240317) AND (id <= 6241316))
	        ->  Bitmap Index Scan on sbtest6_pkey  (cost=0.00..33.80 rows=936 width=0)
	              Index Cond: ((id >= 6240317) AND (id <= 6241316))

table 7 : explain SELECT SUM(k) FROM sbtest7 WHERE id BETWEEN 4612502 AND 4613501
	Aggregate  (cost=4225.61..4225.62 rows=1 width=8)
	  ->  Bitmap Heap Scan on sbtest7  (cost=35.62..4222.88 rows=1091 width=4)
	        Recheck Cond: ((id >= 4612502) AND (id <= 4613501))
	        ->  Bitmap Index Scan on sbtest7_pkey  (cost=0.00..35.34 rows=1091 width=0)
	              Index Cond: ((id >= 4612502) AND (id <= 4613501))

table 8 : explain SELECT SUM(k) FROM sbtest8 WHERE id BETWEEN 4741108 AND 4742107
	Aggregate  (cost=4029.50..4029.51 rows=1 width=8)
	  ->  Bitmap Heap Scan on sbtest8  (cost=35.09..4026.90 rows=1040 width=4)
	        Recheck Cond: ((id >= 4741108) AND (id <= 4742107))
	        ->  Bitmap Index Scan on sbtest8_pkey  (cost=0.00..34.84 rows=1040 width=0)
	              Index Cond: ((id >= 4741108) AND (id <= 4742107))

for: distinct_ranges
table 1 : explain SELECT DISTINCT c FROM sbtest1 WHERE id BETWEEN 3035768 AND 3036767 ORDER BY c
	Unique  (cost=3901.19..3906.15 rows=993 width=121)
	  ->  Sort  (cost=3901.19..3903.67 rows=993 width=121)
	        Sort Key: c
	        ->  Bitmap Heap Scan on sbtest1  (cost=34.61..3851.76 rows=993 width=121)
	              Recheck Cond: ((id >= 3035768) AND (id <= 3036767))
	              ->  Bitmap Index Scan on sbtest1_pkey  (cost=0.00..34.37 rows=993 width=0)
	                    Index Cond: ((id >= 3035768) AND (id <= 3036767))

table 2 : explain SELECT DISTINCT c FROM sbtest2 WHERE id BETWEEN 7895523 AND 7896522 ORDER BY c
	Unique  (cost=4310.56..4316.06 rows=1100 width=121)
	  ->  Sort  (cost=4310.56..4313.31 rows=1100 width=121)
	        Sort Key: c
	        ->  Bitmap Heap Scan on sbtest2  (cost=39.71..4254.99 rows=1100 width=121)
	              Recheck Cond: ((id >= 7895523) AND (id <= 7896522))
	              ->  Bitmap Index Scan on sbtest2_pkey  (cost=0.00..39.44 rows=1100 width=0)
	                    Index Cond: ((id >= 7895523) AND (id <= 7896522))

table 3 : explain SELECT DISTINCT c FROM sbtest3 WHERE id BETWEEN 1113838 AND 1114837 ORDER BY c
	Unique  (cost=3746.35..3751.11 rows=952 width=121)
	  ->  Sort  (cost=3746.35..3748.73 rows=952 width=121)
	        Sort Key: c
	        ->  Bitmap Heap Scan on sbtest3  (cost=34.19..3699.25 rows=952 width=121)
	              Recheck Cond: ((id >= 1113838) AND (id <= 1114837))
	              ->  Bitmap Index Scan on sbtest3_pkey  (cost=0.00..33.95 rows=952 width=0)
	                    Index Cond: ((id >= 1113838) AND (id <= 1114837))

table 4 : explain SELECT DISTINCT c FROM sbtest4 WHERE id BETWEEN 9217346 AND 9218345 ORDER BY c
	Unique  (cost=4015.18..4020.29 rows=1022 width=121)
	  ->  Sort  (cost=4015.18..4017.74 rows=1022 width=121)
	        Sort Key: c
	        ->  Bitmap Heap Scan on sbtest4  (cost=34.91..3964.10 rows=1022 width=121)
	              Recheck Cond: ((id >= 9217346) AND (id <= 9218345))
	              ->  Bitmap Index Scan on sbtest4_pkey  (cost=0.00..34.66 rows=1022 width=0)
	                    Index Cond: ((id >= 9217346) AND (id <= 9218345))

table 5 : explain SELECT DISTINCT c FROM sbtest5 WHERE id BETWEEN 5677768 AND 5678767 ORDER BY c
	Unique  (cost=3627.21..3631.82 rows=921 width=121)
	  ->  Sort  (cost=3627.21..3629.51 rows=921 width=121)
	        Sort Key: c
	        ->  Bitmap Heap Scan on sbtest5  (cost=33.88..3581.87 rows=921 width=121)
	              Recheck Cond: ((id >= 5677768) AND (id <= 5678767))
	              ->  Bitmap Index Scan on sbtest5_pkey  (cost=0.00..33.65 rows=921 width=0)
	                    Index Cond: ((id >= 5677768) AND (id <= 5678767))

table 6 : explain SELECT DISTINCT c FROM sbtest6 WHERE id BETWEEN 9466658 AND 9467657 ORDER BY c
	Unique  (cost=3931.07..3936.08 rows=1001 width=121)
	  ->  Sort  (cost=3931.07..3933.58 rows=1001 width=121)
	        Sort Key: c
	        ->  Bitmap Heap Scan on sbtest6  (cost=34.70..3881.19 rows=1001 width=121)
	              Recheck Cond: ((id >= 9466658) AND (id <= 9467657))
	              ->  Bitmap Index Scan on sbtest6_pkey  (cost=0.00..34.45 rows=1001 width=0)
	                    Index Cond: ((id >= 9466658) AND (id <= 9467657))

table 7 : explain SELECT DISTINCT c FROM sbtest7 WHERE id BETWEEN 3730476 AND 3731475 ORDER BY c
	Unique  (cost=3971.75..3976.81 rows=1011 width=121)
	  ->  Sort  (cost=3971.75..3974.28 rows=1011 width=121)
	        Sort Key: c
	        ->  Bitmap Heap Scan on sbtest7  (cost=34.80..3921.29 rows=1011 width=121)
	              Recheck Cond: ((id >= 3730476) AND (id <= 3731475))
	              ->  Bitmap Index Scan on sbtest7_pkey  (cost=0.00..34.55 rows=1011 width=0)
	                    Index Cond: ((id >= 3730476) AND (id <= 3731475))

table 8 : explain SELECT DISTINCT c FROM sbtest8 WHERE id BETWEEN 6419841 AND 6420840 ORDER BY c
	Unique  (cost=3998.71..4003.81 rows=1019 width=121)
	  ->  Sort  (cost=3998.71..4001.26 rows=1019 width=121)
	        Sort Key: c
	        ->  Bitmap Heap Scan on sbtest8  (cost=34.88..3947.80 rows=1019 width=121)
	              Recheck Cond: ((id >= 6419841) AND (id <= 6420840))
	              ->  Bitmap Index Scan on sbtest8_pkey  (cost=0.00..34.62 rows=1019 width=0)
	                    Index Cond: ((id >= 6419841) AND (id <= 6420840))

for: order_ranges
table 1 : explain SELECT c FROM sbtest1 WHERE id BETWEEN 2411341 AND 2412340 ORDER BY c
	Sort  (cost=4257.02..4259.74 rows=1086 width=121)
	  Sort Key: c
	  ->  Bitmap Heap Scan on sbtest1  (cost=35.57..4202.26 rows=1086 width=121)
	        Recheck Cond: ((id >= 2411341) AND (id <= 2412340))
	        ->  Bitmap Index Scan on sbtest1_pkey  (cost=0.00..35.30 rows=1086 width=0)
	              Index Cond: ((id >= 2411341) AND (id <= 2412340))

table 2 : explain SELECT c FROM sbtest2 WHERE id BETWEEN 9813328 AND 9814327 ORDER BY c
	Sort  (cost=4062.24..4064.83 rows=1036 width=121)
	  Sort Key: c
	  ->  Bitmap Heap Scan on sbtest2  (cost=35.05..4010.35 rows=1036 width=121)
	        Recheck Cond: ((id >= 9813328) AND (id <= 9814327))
	        ->  Bitmap Index Scan on sbtest2_pkey  (cost=0.00..34.80 rows=1036 width=0)
	              Index Cond: ((id >= 9813328) AND (id <= 9814327))

table 3 : explain SELECT c FROM sbtest3 WHERE id BETWEEN 3419849 AND 3420848 ORDER BY c
	Sort  (cost=3926.71..3929.21 rows=999 width=121)
	  Sort Key: c
	  ->  Bitmap Heap Scan on sbtest3  (cost=34.67..3876.94 rows=999 width=121)
	        Recheck Cond: ((id >= 3419849) AND (id <= 3420848))
	        ->  Bitmap Index Scan on sbtest3_pkey  (cost=0.00..34.43 rows=999 width=0)
	              Index Cond: ((id >= 3419849) AND (id <= 3420848))

table 4 : explain SELECT c FROM sbtest4 WHERE id BETWEEN 5972890 AND 5973889 ORDER BY c
	Sort  (cost=3665.94..3668.27 rows=931 width=121)
	  Sort Key: c
	  ->  Bitmap Heap Scan on sbtest4  (cost=33.98..3620.03 rows=931 width=121)
	        Recheck Cond: ((id >= 5972890) AND (id <= 5973889))
	        ->  Bitmap Index Scan on sbtest4_pkey  (cost=0.00..33.75 rows=931 width=0)
	              Index Cond: ((id >= 5972890) AND (id <= 5973889))

table 5 : explain SELECT c FROM sbtest5 WHERE id BETWEEN 5374727 AND 5375726 ORDER BY c
	Sort  (cost=3984.18..3986.72 rows=1014 width=121)
	  Sort Key: c
	  ->  Bitmap Heap Scan on sbtest5  (cost=34.83..3933.55 rows=1014 width=121)
	        Recheck Cond: ((id >= 5374727) AND (id <= 5375726))
	        ->  Bitmap Index Scan on sbtest5_pkey  (cost=0.00..34.58 rows=1014 width=0)
	              Index Cond: ((id >= 5374727) AND (id <= 5375726))

table 6 : explain SELECT c FROM sbtest6 WHERE id BETWEEN 5095546 AND 5096545 ORDER BY c
	Sort  (cost=4118.58..4121.20 rows=1050 width=121)
	  Sort Key: c
	  ->  Bitmap Heap Scan on sbtest6  (cost=35.20..4065.89 rows=1050 width=121)
	        Recheck Cond: ((id >= 5095546) AND (id <= 5096545))
	        ->  Bitmap Index Scan on sbtest6_pkey  (cost=0.00..34.94 rows=1050 width=0)
	              Index Cond: ((id >= 5095546) AND (id <= 5096545))

table 7 : explain SELECT c FROM sbtest7 WHERE id BETWEEN 1206204 AND 1207203 ORDER BY c
	Sort  (cost=3944.92..3947.43 rows=1004 width=121)
	  Sort Key: c
	  ->  Bitmap Heap Scan on sbtest7  (cost=34.73..3894.87 rows=1004 width=121)
	        Recheck Cond: ((id >= 1206204) AND (id <= 1207203))
	        ->  Bitmap Index Scan on sbtest7_pkey  (cost=0.00..34.48 rows=1004 width=0)
	              Index Cond: ((id >= 1206204) AND (id <= 1207203))

table 8 : explain SELECT c FROM sbtest8 WHERE id BETWEEN 5130528 AND 5131527 ORDER BY c
	Sort  (cost=4170.74..4173.40 rows=1064 width=121)
	  Sort Key: c
	  ->  Bitmap Heap Scan on sbtest8  (cost=35.34..4117.24 rows=1064 width=121)
	        Recheck Cond: ((id >= 5130528) AND (id <= 5131527))
	        ->  Bitmap Index Scan on sbtest8_pkey  (cost=0.00..35.08 rows=1064 width=0)
	              Index Cond: ((id >= 5130528) AND (id <= 5131527))

explain: for point_selects :: explain SELECT c FROM sbtest%u WHERE id=%u
explain: for point_selects :: explain SELECT c FROM sbtest%u WHERE id=%u
for: simple_ranges
table 1 : explain SELECT c FROM sbtest1 WHERE id BETWEEN 2471593 AND 2472592
	Bitmap Heap Scan on sbtest1  (cost=35.57..4202.26 rows=1086 width=121)
	  Recheck Cond: ((id >= 2471593) AND (id <= 2472592))
	  ->  Bitmap Index Scan on sbtest1_pkey  (cost=0.00..35.30 rows=1086 width=0)
	        Index Cond: ((id >= 2471593) AND (id <= 2472592))

table 2 : explain SELECT c FROM sbtest2 WHERE id BETWEEN 5754907 AND 5755906
	Bitmap Heap Scan on sbtest2  (cost=35.47..4164.57 rows=1077 width=121)
	  Recheck Cond: ((id >= 5754907) AND (id <= 5755906))
	  ->  Bitmap Index Scan on sbtest2_pkey  (cost=0.00..35.20 rows=1077 width=0)
	        Index Cond: ((id >= 5754907) AND (id <= 5755906))

table 3 : explain SELECT c FROM sbtest3 WHERE id BETWEEN 4596631 AND 4597630
	Bitmap Heap Scan on sbtest3  (cost=33.88..3581.90 rows=921 width=121)
	  Recheck Cond: ((id >= 4596631) AND (id <= 4597630))
	  ->  Bitmap Index Scan on sbtest3_pkey  (cost=0.00..33.65 rows=921 width=0)
	        Index Cond: ((id >= 4596631) AND (id <= 4597630))

table 4 : explain SELECT c FROM sbtest4 WHERE id BETWEEN 4223219 AND 4224218
	Bitmap Heap Scan on sbtest4  (cost=34.74..3899.90 rows=1005 width=121)
	  Recheck Cond: ((id >= 4223219) AND (id <= 4224218))
	  ->  Bitmap Index Scan on sbtest4_pkey  (cost=0.00..34.48 rows=1005 width=0)
	        Index Cond: ((id >= 4223219) AND (id <= 4224218))

table 5 : explain SELECT c FROM sbtest5 WHERE id BETWEEN 3736554 AND 3737553
	Bitmap Heap Scan on sbtest5  (cost=40.62..4592.75 rows=1189 width=121)
	  Recheck Cond: ((id >= 3736554) AND (id <= 3737553))
	  ->  Bitmap Index Scan on sbtest5_pkey  (cost=0.00..40.33 rows=1189 width=0)
	        Index Cond: ((id >= 3736554) AND (id <= 3737553))

table 6 : explain SELECT c FROM sbtest6 WHERE id BETWEEN 2464447 AND 2465446
	Bitmap Heap Scan on sbtest6  (cost=34.65..3866.10 rows=997 width=121)
	  Recheck Cond: ((id >= 2464447) AND (id <= 2465446))
	  ->  Bitmap Index Scan on sbtest6_pkey  (cost=0.00..34.41 rows=997 width=0)
	        Index Cond: ((id >= 2464447) AND (id <= 2465446))

table 7 : explain SELECT c FROM sbtest7 WHERE id BETWEEN 9303731 AND 9304730
	Bitmap Heap Scan on sbtest7  (cost=34.53..3823.11 rows=985 width=121)
	  Recheck Cond: ((id >= 9303731) AND (id <= 9304730))
	  ->  Bitmap Index Scan on sbtest7_pkey  (cost=0.00..34.29 rows=985 width=0)
	        Index Cond: ((id >= 9303731) AND (id <= 9304730))

table 8 : explain SELECT c FROM sbtest8 WHERE id BETWEEN 3302655 AND 3303654
	Bitmap Heap Scan on sbtest8  (cost=35.52..4181.19 rows=1081 width=121)
	  Recheck Cond: ((id >= 3302655) AND (id <= 3303654))
	  ->  Bitmap Index Scan on sbtest8_pkey  (cost=0.00..35.25 rows=1081 width=0)
	        Index Cond: ((id >= 3302655) AND (id <= 3303654))

for: order_ranges
table 1 : explain SELECT c FROM sbtest1 WHERE id BETWEEN 2901908 AND 2902907 ORDER BY c
	Sort  (cost=4303.04..4305.78 rows=1097 width=121)
	  Sort Key: c
	  ->  Bitmap Heap Scan on sbtest1  (cost=39.68..4247.65 rows=1097 width=121)
	        Recheck Cond: ((id >= 2901908) AND (id <= 2902907))
	        ->  Bitmap Index Scan on sbtest1_pkey  (cost=0.00..39.41 rows=1097 width=0)
	              Index Cond: ((id >= 2901908) AND (id <= 2902907))

table 2 : explain SELECT c FROM sbtest2 WHERE id BETWEEN 9150943 AND 9151942 ORDER BY c
	Sort  (cost=3759.98..3762.37 rows=957 width=121)
	  Sort Key: c
	  ->  Bitmap Heap Scan on sbtest2  (cost=34.24..3712.59 rows=957 width=121)
	        Recheck Cond: ((id >= 9150943) AND (id <= 9151942))
	        ->  Bitmap Index Scan on sbtest2_pkey  (cost=0.00..34.01 rows=957 width=0)
	              Index Cond: ((id >= 9150943) AND (id <= 9151942))

table 3 : explain SELECT c FROM sbtest3 WHERE id BETWEEN 3960839 AND 3961838 ORDER BY c
	Sort  (cost=3865.34..3867.80 rows=983 width=121)
	  Sort Key: c
	  ->  Bitmap Heap Scan on sbtest3  (cost=34.51..3816.48 rows=983 width=121)
	        Recheck Cond: ((id >= 3960839) AND (id <= 3961838))
	        ->  Bitmap Index Scan on sbtest3_pkey  (cost=0.00..34.27 rows=983 width=0)
	              Index Cond: ((id >= 3960839) AND (id <= 3961838))

table 4 : explain SELECT c FROM sbtest4 WHERE id BETWEEN 8829355 AND 8830354 ORDER BY c
	Sort  (cost=4057.33..4059.91 rows=1033 width=121)
	  Sort Key: c
	  ->  Bitmap Heap Scan on sbtest4  (cost=35.02..4005.62 rows=1033 width=121)
	        Recheck Cond: ((id >= 8829355) AND (id <= 8830354))
	        ->  Bitmap Index Scan on sbtest4_pkey  (cost=0.00..34.77 rows=1033 width=0)
	              Index Cond: ((id >= 8829355) AND (id <= 8830354))

table 5 : explain SELECT c FROM sbtest5 WHERE id BETWEEN 4002333 AND 4003332 ORDER BY c
	Sort  (cost=4091.46..4094.06 rows=1042 width=121)
	  Sort Key: c
	  ->  Bitmap Heap Scan on sbtest5  (cost=35.12..4039.23 rows=1042 width=121)
	        Recheck Cond: ((id >= 4002333) AND (id <= 4003332))
	        ->  Bitmap Index Scan on sbtest5_pkey  (cost=0.00..34.86 rows=1042 width=0)
	              Index Cond: ((id >= 4002333) AND (id <= 4003332))

table 6 : explain SELECT c FROM sbtest6 WHERE id BETWEEN 3726761 AND 3727760 ORDER BY c
	Sort  (cost=3915.76..3918.25 rows=997 width=121)
	  Sort Key: c
	  ->  Bitmap Heap Scan on sbtest6  (cost=34.65..3866.10 rows=997 width=121)
	        Recheck Cond: ((id >= 3726761) AND (id <= 3727760))
	        ->  Bitmap Index Scan on sbtest6_pkey  (cost=0.00..34.41 rows=997 width=0)
	              Index Cond: ((id >= 3726761) AND (id <= 3727760))

table 7 : explain SELECT c FROM sbtest7 WHERE id BETWEEN 653886 AND 654885 ORDER BY c
	Sort  (cost=4281.75..4284.48 rows=1092 width=121)
	  Sort Key: c
	  ->  Bitmap Heap Scan on sbtest7  (cost=35.63..4226.65 rows=1092 width=121)
	        Recheck Cond: ((id >= 653886) AND (id <= 654885))
	        ->  Bitmap Index Scan on sbtest7_pkey  (cost=0.00..35.36 rows=1092 width=0)
	              Index Cond: ((id >= 653886) AND (id <= 654885))

table 8 : explain SELECT c FROM sbtest8 WHERE id BETWEEN 4196188 AND 4197187 ORDER BY c
	Sort  (cost=3692.28..3694.63 rows=939 width=121)
	  Sort Key: c
	  ->  Bitmap Heap Scan on sbtest8  (cost=34.06..3645.92 rows=939 width=121)
	        Recheck Cond: ((id >= 4196188) AND (id <= 4197187))
	        ->  Bitmap Index Scan on sbtest8_pkey  (cost=0.00..33.83 rows=939 width=0)
	              Index Cond: ((id >= 4196188) AND (id <= 4197187))

for: sum_ranges
table 1 : explain SELECT SUM(k) FROM sbtest1 WHERE id BETWEEN 5659733 AND 5660732
	Aggregate  (cost=3528.72..3528.73 rows=1 width=8)
	  ->  Bitmap Heap Scan on sbtest1  (cost=29.74..3526.45 rows=908 width=4)
	        Recheck Cond: ((id >= 5659733) AND (id <= 5660732))
	        ->  Bitmap Index Scan on sbtest1_pkey  (cost=0.00..29.51 rows=908 width=0)
	              Index Cond: ((id >= 5659733) AND (id <= 5660732))

table 2 : explain SELECT SUM(k) FROM sbtest2 WHERE id BETWEEN 8279236 AND 8280235
	Aggregate  (cost=4031.77..4031.78 rows=1 width=8)
	  ->  Bitmap Heap Scan on sbtest2  (cost=35.11..4029.17 rows=1041 width=4)
	        Recheck Cond: ((id >= 8279236) AND (id <= 8280235))
	        ->  Bitmap Index Scan on sbtest2_pkey  (cost=0.00..34.84 rows=1041 width=0)
	              Index Cond: ((id >= 8279236) AND (id <= 8280235))

table 3 : explain SELECT SUM(k) FROM sbtest3 WHERE id BETWEEN 2802130 AND 2803129
	Aggregate  (cost=3629.67..3629.68 rows=1 width=8)
	  ->  Bitmap Heap Scan on sbtest3  (cost=34.00..3627.34 rows=933 width=4)
	        Recheck Cond: ((id >= 2802130) AND (id <= 2803129))
	        ->  Bitmap Index Scan on sbtest3_pkey  (cost=0.00..33.77 rows=933 width=0)
	              Index Cond: ((id >= 2802130) AND (id <= 2803129))

table 4 : explain SELECT SUM(k) FROM sbtest4 WHERE id BETWEEN 1685876 AND 1686875
	Aggregate  (cost=3561.72..3561.73 rows=1 width=8)
	  ->  Bitmap Heap Scan on sbtest4  (cost=33.81..3559.43 rows=915 width=4)
	        Recheck Cond: ((id >= 1685876) AND (id <= 1686875))
	        ->  Bitmap Index Scan on sbtest4_pkey  (cost=0.00..33.59 rows=915 width=0)
	              Index Cond: ((id >= 1685876) AND (id <= 1686875))

table 5 : explain SELECT SUM(k) FROM sbtest5 WHERE id BETWEEN 1469411 AND 1470410
	Aggregate  (cost=4075.80..4075.81 rows=1 width=8)
	  ->  Bitmap Heap Scan on sbtest5  (cost=35.21..4073.17 rows=1051 width=4)
	        Recheck Cond: ((id >= 1469411) AND (id <= 1470410))
	        ->  Bitmap Index Scan on sbtest5_pkey  (cost=0.00..34.95 rows=1051 width=0)
	              Index Cond: ((id >= 1469411) AND (id <= 1470410))

table 6 : explain SELECT SUM(k) FROM sbtest6 WHERE id BETWEEN 804652 AND 805651
	Aggregate  (cost=3876.14..3876.15 rows=1 width=8)
	  ->  Bitmap Heap Scan on sbtest6  (cost=34.67..3873.64 rows=999 width=4)
	        Recheck Cond: ((id >= 804652) AND (id <= 805651))
	        ->  Bitmap Index Scan on sbtest6_pkey  (cost=0.00..34.43 rows=999 width=0)
	              Index Cond: ((id >= 804652) AND (id <= 805651))

table 7 : explain SELECT SUM(k) FROM sbtest7 WHERE id BETWEEN 67750 AND 68749
	Aggregate  (cost=4018.21..4018.22 rows=1 width=8)
	  ->  Bitmap Heap Scan on sbtest7  (cost=35.05..4015.62 rows=1036 width=4)
	        Recheck Cond: ((id >= 67750) AND (id <= 68749))
	        ->  Bitmap Index Scan on sbtest7_pkey  (cost=0.00..34.80 rows=1036 width=0)
	              Index Cond: ((id >= 67750) AND (id <= 68749))

table 8 : explain SELECT SUM(k) FROM sbtest8 WHERE id BETWEEN 986534 AND 987533
	Aggregate  (cost=3803.19..3803.20 rows=1 width=8)
	  ->  Bitmap Heap Scan on sbtest8  (cost=34.48..3800.74 rows=980 width=4)
	        Recheck Cond: ((id >= 986534) AND (id <= 987533))
	        ->  Bitmap Index Scan on sbtest8_pkey  (cost=0.00..34.23 rows=980 width=0)
	              Index Cond: ((id >= 986534) AND (id <= 987533))

for: distinct_ranges
table 1 : explain SELECT DISTINCT c FROM sbtest1 WHERE id BETWEEN 8482809 AND 8483808 ORDER BY c
	Unique  (cost=3793.86..3798.68 rows=965 width=121)
	  ->  Sort  (cost=3793.86..3796.27 rows=965 width=121)
	        Sort Key: c
	        ->  Bitmap Heap Scan on sbtest1  (cost=34.33..3746.02 rows=965 width=121)
	              Recheck Cond: ((id >= 8482809) AND (id <= 8483808))
	              ->  Bitmap Index Scan on sbtest1_pkey  (cost=0.00..34.09 rows=965 width=0)
	                    Index Cond: ((id >= 8482809) AND (id <= 8483808))

table 2 : explain SELECT DISTINCT c FROM sbtest2 WHERE id BETWEEN 9270320 AND 9271319 ORDER BY c
	Unique  (cost=3985.79..3990.87 rows=1016 width=121)
	  ->  Sort  (cost=3985.79..3988.33 rows=1016 width=121)
	        Sort Key: c
	        ->  Bitmap Heap Scan on sbtest2  (cost=34.85..3935.05 rows=1016 width=121)
	              Recheck Cond: ((id >= 9270320) AND (id <= 9271319))
	              ->  Bitmap Index Scan on sbtest2_pkey  (cost=0.00..34.59 rows=1016 width=0)
	                    Index Cond: ((id >= 9270320) AND (id <= 9271319))

table 3 : explain SELECT DISTINCT c FROM sbtest3 WHERE id BETWEEN 5997174 AND 5998173 ORDER BY c
	Unique  (cost=3746.35..3751.11 rows=952 width=121)
	  ->  Sort  (cost=3746.35..3748.73 rows=952 width=121)
	        Sort Key: c
	        ->  Bitmap Heap Scan on sbtest3  (cost=34.19..3699.25 rows=952 width=121)
	              Recheck Cond: ((id >= 5997174) AND (id <= 5998173))
	              ->  Bitmap Index Scan on sbtest3_pkey  (cost=0.00..33.95 rows=952 width=0)
	                    Index Cond: ((id >= 5997174) AND (id <= 5998173))

table 4 : explain SELECT DISTINCT c FROM sbtest4 WHERE id BETWEEN 8550687 AND 8551686 ORDER BY c
	Unique  (cost=3896.32..3901.27 rows=991 width=121)
	  ->  Sort  (cost=3896.32..3898.80 rows=991 width=121)
	        Sort Key: c
	        ->  Bitmap Heap Scan on sbtest4  (cost=34.59..3847.00 rows=991 width=121)
	              Recheck Cond: ((id >= 8550687) AND (id <= 8551686))
	              ->  Bitmap Index Scan on sbtest4_pkey  (cost=0.00..34.34 rows=991 width=0)
	                    Index Cond: ((id >= 8550687) AND (id <= 8551686))

table 5 : explain SELECT DISTINCT c FROM sbtest5 WHERE id BETWEEN 9488319 AND 9489318 ORDER BY c
	Unique  (cost=3849.96..3854.85 rows=979 width=121)
	  ->  Sort  (cost=3849.96..3852.41 rows=979 width=121)
	        Sort Key: c
	        ->  Bitmap Heap Scan on sbtest5  (cost=34.47..3801.33 rows=979 width=121)
	              Recheck Cond: ((id >= 9488319) AND (id <= 9489318))
	              ->  Bitmap Index Scan on sbtest5_pkey  (cost=0.00..34.23 rows=979 width=0)
	                    Index Cond: ((id >= 9488319) AND (id <= 9489318))

table 6 : explain SELECT DISTINCT c FROM sbtest6 WHERE id BETWEEN 5658203 AND 5659202 ORDER BY c
	Unique  (cost=3612.81..3617.40 rows=918 width=121)
	  ->  Sort  (cost=3612.81..3615.10 rows=918 width=121)
	        Sort Key: c
	        ->  Bitmap Heap Scan on sbtest6  (cost=33.84..3567.63 rows=918 width=121)
	              Recheck Cond: ((id >= 5658203) AND (id <= 5659202))
	              ->  Bitmap Index Scan on sbtest6_pkey  (cost=0.00..33.62 rows=918 width=0)
	                    Index Cond: ((id >= 5658203) AND (id <= 5659202))

table 7 : explain SELECT DISTINCT c FROM sbtest7 WHERE id BETWEEN 8317985 AND 8318984 ORDER BY c
	Unique  (cost=3941.09..3946.11 rows=1003 width=121)
	  ->  Sort  (cost=3941.09..3943.60 rows=1003 width=121)
	        Sort Key: c
	        ->  Bitmap Heap Scan on sbtest7  (cost=34.72..3891.09 rows=1003 width=121)
	              Recheck Cond: ((id >= 8317985) AND (id <= 8318984))
	              ->  Bitmap Index Scan on sbtest7_pkey  (cost=0.00..34.47 rows=1003 width=0)
	                    Index Cond: ((id >= 8317985) AND (id <= 8318984))

table 8 : explain SELECT DISTINCT c FROM sbtest8 WHERE id BETWEEN 5936312 AND 5937311 ORDER BY c
	Unique  (cost=3864.74..3869.66 rows=984 width=121)
	  ->  Sort  (cost=3864.74..3867.20 rows=984 width=121)
	        Sort Key: c
	        ->  Bitmap Heap Scan on sbtest8  (cost=34.52..3815.83 rows=984 width=121)
	              Recheck Cond: ((id >= 5936312) AND (id <= 5937311))
	              ->  Bitmap Index Scan on sbtest8_pkey  (cost=0.00..34.28 rows=984 width=0)
	                    Index Cond: ((id >= 5936312) AND (id <= 5937311))

explain: for point_selects :: explain SELECT c FROM sbtest%u WHERE id=%u
for: distinct_ranges
table 1 : explain SELECT DISTINCT c FROM sbtest1 WHERE id BETWEEN 2985481 AND 2986480 ORDER BY c
	Unique  (cost=3901.19..3906.15 rows=993 width=121)
	  ->  Sort  (cost=3901.19..3903.67 rows=993 width=121)
	        Sort Key: c
	        ->  Bitmap Heap Scan on sbtest1  (cost=34.61..3851.76 rows=993 width=121)
	              Recheck Cond: ((id >= 2985481) AND (id <= 2986480))
	              ->  Bitmap Index Scan on sbtest1_pkey  (cost=0.00..34.37 rows=993 width=0)
	                    Index Cond: ((id >= 2985481) AND (id <= 2986480))

table 2 : explain SELECT DISTINCT c FROM sbtest2 WHERE id BETWEEN 7050657 AND 7051656 ORDER BY c
	Unique  (cost=3314.59..3318.80 rows=842 width=121)
	  ->  Sort  (cost=3314.59..3316.69 rows=842 width=121)
	        Sort Key: c
	        ->  Bitmap Heap Scan on sbtest2  (cost=29.07..3273.68 rows=842 width=121)
	              Recheck Cond: ((id >= 7050657) AND (id <= 7051656))
	              ->  Bitmap Index Scan on sbtest2_pkey  (cost=0.00..28.86 rows=842 width=0)
	                    Index Cond: ((id >= 7050657) AND (id <= 7051656))

table 3 : explain SELECT DISTINCT c FROM sbtest3 WHERE id BETWEEN 6974516 AND 6975515 ORDER BY c
	Unique  (cost=4122.13..4127.38 rows=1050 width=121)
	  ->  Sort  (cost=4122.13..4124.76 rows=1050 width=121)
	        Sort Key: c
	        ->  Bitmap Heap Scan on sbtest3  (cost=35.20..4069.44 rows=1050 width=121)
	              Recheck Cond: ((id >= 6974516) AND (id <= 6975515))
	              ->  Bitmap Index Scan on sbtest3_pkey  (cost=0.00..34.94 rows=1050 width=0)
	                    Index Cond: ((id >= 6974516) AND (id <= 6975515))

table 4 : explain SELECT DISTINCT c FROM sbtest4 WHERE id BETWEEN 4921667 AND 4922666 ORDER BY c
	Unique  (cost=3896.32..3901.27 rows=991 width=121)
	  ->  Sort  (cost=3896.32..3898.80 rows=991 width=121)
	        Sort Key: c
	        ->  Bitmap Heap Scan on sbtest4  (cost=34.59..3847.00 rows=991 width=121)
	              Recheck Cond: ((id >= 4921667) AND (id <= 4922666))
	              ->  Bitmap Index Scan on sbtest4_pkey  (cost=0.00..34.34 rows=991 width=0)
	                    Index Cond: ((id >= 4921667) AND (id <= 4922666))

table 5 : explain SELECT DISTINCT c FROM sbtest5 WHERE id BETWEEN 9970285 AND 9971284 ORDER BY c
	Unique  (cost=3915.17..3920.15 rows=996 width=121)
	  ->  Sort  (cost=3915.17..3917.66 rows=996 width=121)
	        Sort Key: c
	        ->  Bitmap Heap Scan on sbtest5  (cost=34.64..3865.57 rows=996 width=121)
	              Recheck Cond: ((id >= 9970285) AND (id <= 9971284))
	              ->  Bitmap Index Scan on sbtest5_pkey  (cost=0.00..34.40 rows=996 width=0)
	                    Index Cond: ((id >= 9970285) AND (id <= 9971284))

table 6 : explain SELECT DISTINCT c FROM sbtest6 WHERE id BETWEEN 6103596 AND 6104595 ORDER BY c
	Unique  (cost=3581.93..3586.48 rows=911 width=121)
	  ->  Sort  (cost=3581.93..3584.21 rows=911 width=121)
	        Sort Key: c
	        ->  Bitmap Heap Scan on sbtest6  (cost=29.77..3537.15 rows=911 width=121)
	              Recheck Cond: ((id >= 6103596) AND (id <= 6104595))
	              ->  Bitmap Index Scan on sbtest6_pkey  (cost=0.00..29.54 rows=911 width=0)
	                    Index Cond: ((id >= 6103596) AND (id <= 6104595))

table 7 : explain SELECT DISTINCT c FROM sbtest7 WHERE id BETWEEN 9912043 AND 9913042 ORDER BY c
	Unique  (cost=3810.71..3815.55 rows=969 width=121)
	  ->  Sort  (cost=3810.71..3813.13 rows=969 width=121)
	        Sort Key: c
	        ->  Bitmap Heap Scan on sbtest7  (cost=34.37..3762.64 rows=969 width=121)
	              Recheck Cond: ((id >= 9912043) AND (id <= 9913042))
	              ->  Bitmap Index Scan on sbtest7_pkey  (cost=0.00..34.12 rows=969 width=0)
	                    Index Cond: ((id >= 9912043) AND (id <= 9913042))

table 8 : explain SELECT DISTINCT c FROM sbtest8 WHERE id BETWEEN 8164264 AND 8165263 ORDER BY c
	Unique  (cost=3868.57..3873.50 rows=985 width=121)
	  ->  Sort  (cost=3868.57..3871.04 rows=985 width=121)
	        Sort Key: c
	        ->  Bitmap Heap Scan on sbtest8  (cost=34.53..3819.60 rows=985 width=121)
	              Recheck Cond: ((id >= 8164264) AND (id <= 8165263))
	              ->  Bitmap Index Scan on sbtest8_pkey  (cost=0.00..34.29 rows=985 width=0)
	                    Index Cond: ((id >= 8164264) AND (id <= 8165263))

explain: for point_selects :: explain SELECT c FROM sbtest%u WHERE id=%u
for: distinct_ranges
table 1 : explain SELECT DISTINCT c FROM sbtest1 WHERE id BETWEEN 9803388 AND 9804387 ORDER BY c
	Unique  (cost=3905.02..3909.99 rows=994 width=121)
	  ->  Sort  (cost=3905.02..3907.50 rows=994 width=121)
	        Sort Key: c
	        ->  Bitmap Heap Scan on sbtest1  (cost=34.62..3855.53 rows=994 width=121)
	              Recheck Cond: ((id >= 9803388) AND (id <= 9804387))
	              ->  Bitmap Index Scan on sbtest1_pkey  (cost=0.00..34.38 rows=994 width=0)
	                    Index Cond: ((id >= 9803388) AND (id <= 9804387))

table 2 : explain SELECT DISTINCT c FROM sbtest2 WHERE id BETWEEN 4105902 AND 4106901 ORDER BY c
	Unique  (cost=3924.59..3929.59 rows=1000 width=121)
	  ->  Sort  (cost=3924.59..3927.09 rows=1000 width=121)
	        Sort Key: c
	        ->  Bitmap Heap Scan on sbtest2  (cost=34.69..3874.76 rows=1000 width=121)
	              Recheck Cond: ((id >= 4105902) AND (id <= 4106901))
	              ->  Bitmap Index Scan on sbtest2_pkey  (cost=0.00..34.44 rows=1000 width=0)
	                    Index Cond: ((id >= 4105902) AND (id <= 4106901))

table 3 : explain SELECT DISTINCT c FROM sbtest3 WHERE id BETWEEN 2166674 AND 2167673 ORDER BY c
	Unique  (cost=4068.52..4073.70 rows=1036 width=121)
	  ->  Sort  (cost=4068.52..4071.11 rows=1036 width=121)
	        Sort Key: c
	        ->  Bitmap Heap Scan on sbtest3  (cost=35.05..4016.63 rows=1036 width=121)
	              Recheck Cond: ((id >= 2166674) AND (id <= 2167673))
	              ->  Bitmap Index Scan on sbtest3_pkey  (cost=0.00..34.80 rows=1036 width=0)
	                    Index Cond: ((id >= 2166674) AND (id <= 2167673))

table 4 : explain SELECT DISTINCT c FROM sbtest4 WHERE id BETWEEN 7295589 AND 7296588 ORDER BY c
	Unique  (cost=3561.98..3566.50 rows=905 width=121)
	  ->  Sort  (cost=3561.98..3564.24 rows=905 width=121)
	        Sort Key: c
	        ->  Bitmap Heap Scan on sbtest4  (cost=29.71..3517.53 rows=905 width=121)
	              Recheck Cond: ((id >= 7295589) AND (id <= 7296588))
	              ->  Bitmap Index Scan on sbtest4_pkey  (cost=0.00..29.48 rows=905 width=0)
	                    Index Cond: ((id >= 7295589) AND (id <= 7296588))

table 5 : explain SELECT DISTINCT c FROM sbtest5 WHERE id BETWEEN 321878 AND 322877 ORDER BY c
	Unique  (cost=3869.14..3874.06 rows=984 width=121)
	  ->  Sort  (cost=3869.14..3871.60 rows=984 width=121)
	        Sort Key: c
	        ->  Bitmap Heap Scan on sbtest5  (cost=34.52..3820.22 rows=984 width=121)
	              Recheck Cond: ((id >= 321878) AND (id <= 322877))
	              ->  Bitmap Index Scan on sbtest5_pkey  (cost=0.00..34.28 rows=984 width=0)
	                    Index Cond: ((id >= 321878) AND (id <= 322877))

table 6 : explain SELECT DISTINCT c FROM sbtest6 WHERE id BETWEEN 579042 AND 580041 ORDER BY c
	Unique  (cost=3862.12..3867.04 rows=983 width=121)
	  ->  Sort  (cost=3862.12..3864.58 rows=983 width=121)
	        Sort Key: c
	        ->  Bitmap Heap Scan on sbtest6  (cost=34.51..3813.26 rows=983 width=121)
	              Recheck Cond: ((id >= 579042) AND (id <= 580041))
	              ->  Bitmap Index Scan on sbtest6_pkey  (cost=0.00..34.27 rows=983 width=0)
	                    Index Cond: ((id >= 579042) AND (id <= 580041))

table 7 : explain SELECT DISTINCT c FROM sbtest7 WHERE id BETWEEN 9635579 AND 9636578 ORDER BY c
	Unique  (cost=3921.93..3926.92 rows=998 width=121)
	  ->  Sort  (cost=3921.93..3924.42 rows=998 width=121)
	        Sort Key: c
	        ->  Bitmap Heap Scan on sbtest7  (cost=34.66..3872.21 rows=998 width=121)
	              Recheck Cond: ((id >= 9635579) AND (id <= 9636578))
	              ->  Bitmap Index Scan on sbtest7_pkey  (cost=0.00..34.42 rows=998 width=0)
	                    Index Cond: ((id >= 9635579) AND (id <= 9636578))

table 8 : explain SELECT DISTINCT c FROM sbtest8 WHERE id BETWEEN 5306584 AND 5307583 ORDER BY c
	Unique  (cost=4147.82..4153.11 rows=1058 width=121)
	  ->  Sort  (cost=4147.82..4150.46 rows=1058 width=121)
	        Sort Key: c
	        ->  Bitmap Heap Scan on sbtest8  (cost=35.28..4094.67 rows=1058 width=121)
	              Recheck Cond: ((id >= 5306584) AND (id <= 5307583))
	              ->  Bitmap Index Scan on sbtest8_pkey  (cost=0.00..35.02 rows=1058 width=0)
	                    Index Cond: ((id >= 5306584) AND (id <= 5307583))

for: sum_ranges
table 1 : explain SELECT SUM(k) FROM sbtest1 WHERE id BETWEEN 5751698 AND 5752697
	Aggregate  (cost=4254.15..4254.16 rows=1 width=8)
	  ->  Bitmap Heap Scan on sbtest1  (cost=39.69..4251.41 rows=1098 width=4)
	        Recheck Cond: ((id >= 5751698) AND (id <= 5752697))
	        ->  Bitmap Index Scan on sbtest1_pkey  (cost=0.00..39.42 rows=1098 width=0)
	              Index Cond: ((id >= 5751698) AND (id <= 5752697))

table 2 : explain SELECT SUM(k) FROM sbtest2 WHERE id BETWEEN 6370377 AND 6371376
	Aggregate  (cost=4058.13..4058.14 rows=1 width=8)
	  ->  Bitmap Heap Scan on sbtest2  (cost=35.18..4055.51 rows=1048 width=4)
	        Recheck Cond: ((id >= 6370377) AND (id <= 6371376))
	        ->  Bitmap Index Scan on sbtest2_pkey  (cost=0.00..34.92 rows=1048 width=0)
	              Index Cond: ((id >= 6370377) AND (id <= 6371376))

table 3 : explain SELECT SUM(k) FROM sbtest3 WHERE id BETWEEN 5479909 AND 5480908
	Aggregate  (cost=4109.80..4109.81 rows=1 width=8)
	  ->  Bitmap Heap Scan on sbtest3  (cost=35.30..4107.15 rows=1060 width=4)
	        Recheck Cond: ((id >= 5479909) AND (id <= 5480908))
	        ->  Bitmap Index Scan on sbtest3_pkey  (cost=0.00..35.04 rows=1060 width=0)
	              Index Cond: ((id >= 5479909) AND (id <= 5480908))

table 4 : explain SELECT SUM(k) FROM sbtest4 WHERE id BETWEEN 8601195 AND 8602194
	Aggregate  (cost=3849.48..3849.49 rows=1 width=8)
	  ->  Bitmap Heap Scan on sbtest4  (cost=34.59..3847.00 rows=991 width=4)
	        Recheck Cond: ((id >= 8601195) AND (id <= 8602194))
	        ->  Bitmap Index Scan on sbtest4_pkey  (cost=0.00..34.34 rows=991 width=0)
	              Index Cond: ((id >= 8601195) AND (id <= 8602194))

table 5 : explain SELECT SUM(k) FROM sbtest5 WHERE id BETWEEN 1913776 AND 1914775
	Aggregate  (cost=4486.70..4486.71 rows=1 width=8)
	  ->  Bitmap Heap Scan on sbtest5  (cost=40.33..4483.80 rows=1160 width=4)
	        Recheck Cond: ((id >= 1913776) AND (id <= 1914775))
	        ->  Bitmap Index Scan on sbtest5_pkey  (cost=0.00..40.04 rows=1160 width=0)
	              Index Cond: ((id >= 1913776) AND (id <= 1914775))

table 6 : explain SELECT SUM(k) FROM sbtest6 WHERE id BETWEEN 1842708 AND 1843707
	Aggregate  (cost=3607.78..3607.79 rows=1 width=8)
	  ->  Bitmap Heap Scan on sbtest6  (cost=33.95..3605.46 rows=928 width=4)
	        Recheck Cond: ((id >= 1842708) AND (id <= 1843707))
	        ->  Bitmap Index Scan on sbtest6_pkey  (cost=0.00..33.72 rows=928 width=0)
	              Index Cond: ((id >= 1842708) AND (id <= 1843707))

table 7 : explain SELECT SUM(k) FROM sbtest7 WHERE id BETWEEN 1626845 AND 1627844
	Aggregate  (cost=3617.45..3617.46 rows=1 width=8)
	  ->  Bitmap Heap Scan on sbtest7  (cost=33.97..3615.13 rows=930 width=4)
	        Recheck Cond: ((id >= 1626845) AND (id <= 1627844))
	        ->  Bitmap Index Scan on sbtest7_pkey  (cost=0.00..33.73 rows=930 width=0)
	              Index Cond: ((id >= 1626845) AND (id <= 1627844))

table 8 : explain SELECT SUM(k) FROM sbtest8 WHERE id BETWEEN 385319 AND 386318
	Aggregate  (cost=3640.71..3640.72 rows=1 width=8)
	  ->  Bitmap Heap Scan on sbtest8  (cost=34.04..3638.36 rows=937 width=4)
	        Recheck Cond: ((id >= 385319) AND (id <= 386318))
	        ->  Bitmap Index Scan on sbtest8_pkey  (cost=0.00..33.81 rows=937 width=0)
	              Index Cond: ((id >= 385319) AND (id <= 386318))

for point_selects
table 1 : explain SELECT c FROM sbtest1 WHERE id=7071770
	Index Scan using sbtest1_pkey on sbtest1  (cost=0.43..8.45 rows=1 width=121)
	  Index Cond: (id = 7071770)

table 2 : explain SELECT c FROM sbtest2 WHERE id=846484
	Index Scan using sbtest2_pkey on sbtest2  (cost=0.43..8.45 rows=1 width=121)
	  Index Cond: (id = 846484)

table 3 : explain SELECT c FROM sbtest3 WHERE id=5371139
	Index Scan using sbtest3_pkey on sbtest3  (cost=0.43..8.45 rows=1 width=121)
	  Index Cond: (id = 5371139)

table 4 : explain SELECT c FROM sbtest4 WHERE id=1801094
	Index Scan using sbtest4_pkey on sbtest4  (cost=0.43..8.45 rows=1 width=121)
	  Index Cond: (id = 1801094)

table 5 : explain SELECT c FROM sbtest5 WHERE id=1070156
	Index Scan using sbtest5_pkey on sbtest5  (cost=0.43..8.45 rows=1 width=121)
	  Index Cond: (id = 1070156)

table 6 : explain SELECT c FROM sbtest6 WHERE id=3941935
	Index Scan using sbtest6_pkey on sbtest6  (cost=0.43..8.45 rows=1 width=121)
	  Index Cond: (id = 3941935)

table 7 : explain SELECT c FROM sbtest7 WHERE id=8728517
	Index Scan using sbtest7_pkey on sbtest7  (cost=0.43..8.45 rows=1 width=121)
	  Index Cond: (id = 8728517)

table 8 : explain SELECT c FROM sbtest8 WHERE id=1063773
	Index Scan using sbtest8_pkey on sbtest8  (cost=0.43..8.45 rows=1 width=121)
	  Index Cond: (id = 1063773)

for: order_ranges
table 1 : explain SELECT c FROM sbtest1 WHERE id BETWEEN 6252657 AND 6253656 ORDER BY c
	Sort  (cost=3866.70..3869.16 rows=984 width=121)
	  Sort Key: c
	  ->  Bitmap Heap Scan on sbtest1  (cost=34.52..3817.78 rows=984 width=121)
	        Recheck Cond: ((id >= 6252657) AND (id <= 6253656))
	        ->  Bitmap Index Scan on sbtest1_pkey  (cost=0.00..34.28 rows=984 width=0)
	              Index Cond: ((id >= 6252657) AND (id <= 6253656))

table 2 : explain SELECT c FROM sbtest2 WHERE id BETWEEN 3539586 AND 3540585 ORDER BY c
	Sort  (cost=4119.55..4122.17 rows=1051 width=121)
	  Sort Key: c
	  ->  Bitmap Heap Scan on sbtest2  (cost=35.21..4066.80 rows=1051 width=121)
	        Recheck Cond: ((id >= 3539586) AND (id <= 3540585))
	        ->  Bitmap Index Scan on sbtest2_pkey  (cost=0.00..34.95 rows=1051 width=0)
	              Index Cond: ((id >= 3539586) AND (id <= 3540585))

table 3 : explain SELECT c FROM sbtest3 WHERE id BETWEEN 427914 AND 428913 ORDER BY c
	Sort  (cost=3800.10..3802.52 rows=966 width=121)
	  Sort Key: c
	  ->  Bitmap Heap Scan on sbtest3  (cost=34.34..3752.21 rows=966 width=121)
	        Recheck Cond: ((id >= 427914) AND (id <= 428913))
	        ->  Bitmap Index Scan on sbtest3_pkey  (cost=0.00..34.09 rows=966 width=0)
	              Index Cond: ((id >= 427914) AND (id <= 428913))

table 4 : explain SELECT c FROM sbtest4 WHERE id BETWEEN 9701206 AND 9702205 ORDER BY c
	Sort  (cost=3984.52..3987.05 rows=1014 width=121)
	  Sort Key: c
	  ->  Bitmap Heap Scan on sbtest4  (cost=34.83..3933.89 rows=1014 width=121)
	        Recheck Cond: ((id >= 9701206) AND (id <= 9702205))
	        ->  Bitmap Index Scan on sbtest4_pkey  (cost=0.00..34.58 rows=1014 width=0)
	              Index Cond: ((id >= 9701206) AND (id <= 9702205))

table 5 : explain SELECT c FROM sbtest5 WHERE id BETWEEN 9094549 AND 9095548 ORDER BY c
	Sort  (cost=4164.20..4166.85 rows=1061 width=121)
	  Sort Key: c
	  ->  Bitmap Heap Scan on sbtest5  (cost=35.31..4110.88 rows=1061 width=121)
	        Recheck Cond: ((id >= 9094549) AND (id <= 9095548))
	        ->  Bitmap Index Scan on sbtest5_pkey  (cost=0.00..35.05 rows=1061 width=0)
	              Index Cond: ((id >= 9094549) AND (id <= 9095548))

table 6 : explain SELECT c FROM sbtest6 WHERE id BETWEEN 1181460 AND 1182459 ORDER BY c
	Sort  (cost=3681.90..3684.24 rows=936 width=121)
	  Sort Key: c
	  ->  Bitmap Heap Scan on sbtest6  (cost=34.03..3635.71 rows=936 width=121)
	        Recheck Cond: ((id >= 1181460) AND (id <= 1182459))
	        ->  Bitmap Index Scan on sbtest6_pkey  (cost=0.00..33.80 rows=936 width=0)
	              Index Cond: ((id >= 1181460) AND (id <= 1182459))

table 7 : explain SELECT c FROM sbtest7 WHERE id BETWEEN 8695639 AND 8696638 ORDER BY c
	Sort  (cost=3868.25..3870.71 rows=984 width=121)
	  Sort Key: c
	  ->  Bitmap Heap Scan on sbtest7  (cost=34.52..3819.33 rows=984 width=121)
	        Recheck Cond: ((id >= 8695639) AND (id <= 8696638))
	        ->  Bitmap Index Scan on sbtest7_pkey  (cost=0.00..34.28 rows=984 width=0)
	              Index Cond: ((id >= 8695639) AND (id <= 8696638))

table 8 : explain SELECT c FROM sbtest8 WHERE id BETWEEN 2252050 AND 2253049 ORDER BY c
	Sort  (cost=3906.86..3909.35 rows=995 width=121)
	  Sort Key: c
	  ->  Bitmap Heap Scan on sbtest8  (cost=34.63..3857.32 rows=995 width=121)
	        Recheck Cond: ((id >= 2252050) AND (id <= 2253049))
	        ->  Bitmap Index Scan on sbtest8_pkey  (cost=0.00..34.39 rows=995 width=0)
	              Index Cond: ((id >= 2252050) AND (id <= 2253049))

for point_selects
table 1 : explain SELECT c FROM sbtest1 WHERE id=9791345
	Index Scan using sbtest1_pkey on sbtest1  (cost=0.43..8.45 rows=1 width=121)
	  Index Cond: (id = 9791345)

table 2 : explain SELECT c FROM sbtest2 WHERE id=5580018
	Index Scan using sbtest2_pkey on sbtest2  (cost=0.43..8.45 rows=1 width=121)
	  Index Cond: (id = 5580018)

table 3 : explain SELECT c FROM sbtest3 WHERE id=9859306
	Index Scan using sbtest3_pkey on sbtest3  (cost=0.43..8.45 rows=1 width=121)
	  Index Cond: (id = 9859306)

table 4 : explain SELECT c FROM sbtest4 WHERE id=5666866
	Index Scan using sbtest4_pkey on sbtest4  (cost=0.43..8.45 rows=1 width=121)
	  Index Cond: (id = 5666866)

table 5 : explain SELECT c FROM sbtest5 WHERE id=7118731
	Index Scan using sbtest5_pkey on sbtest5  (cost=0.43..8.45 rows=1 width=121)
	  Index Cond: (id = 7118731)

table 6 : explain SELECT c FROM sbtest6 WHERE id=9794199
	Index Scan using sbtest6_pkey on sbtest6  (cost=0.43..8.45 rows=1 width=121)
	  Index Cond: (id = 9794199)

table 7 : explain SELECT c FROM sbtest7 WHERE id=1253287
	Index Scan using sbtest7_pkey on sbtest7  (cost=0.43..8.45 rows=1 width=121)
	  Index Cond: (id = 1253287)

table 8 : explain SELECT c FROM sbtest8 WHERE id=8741875
	Index Scan using sbtest8_pkey on sbtest8  (cost=0.43..8.45 rows=1 width=121)
	  Index Cond: (id = 8741875)

for point_selects
table 1 : explain SELECT c FROM sbtest1 WHERE id=9318751
	Index Scan using sbtest1_pkey on sbtest1  (cost=0.43..8.45 rows=1 width=121)
	  Index Cond: (id = 9318751)

table 2 : explain SELECT c FROM sbtest2 WHERE id=3257181
	Index Scan using sbtest2_pkey on sbtest2  (cost=0.43..8.45 rows=1 width=121)
	  Index Cond: (id = 3257181)

table 3 : explain SELECT c FROM sbtest3 WHERE id=1363186
	Index Scan using sbtest3_pkey on sbtest3  (cost=0.43..8.45 rows=1 width=121)
	  Index Cond: (id = 1363186)

table 4 : explain SELECT c FROM sbtest4 WHERE id=8351629
	Index Scan using sbtest4_pkey on sbtest4  (cost=0.43..8.45 rows=1 width=121)
	  Index Cond: (id = 8351629)

table 5 : explain SELECT c FROM sbtest5 WHERE id=6878351
	Index Scan using sbtest5_pkey on sbtest5  (cost=0.43..8.45 rows=1 width=121)
	  Index Cond: (id = 6878351)

table 6 : explain SELECT c FROM sbtest6 WHERE id=1102149
	Index Scan using sbtest6_pkey on sbtest6  (cost=0.43..8.45 rows=1 width=121)
	  Index Cond: (id = 1102149)

table 7 : explain SELECT c FROM sbtest7 WHERE id=8828793
	Index Scan using sbtest7_pkey on sbtest7  (cost=0.43..8.45 rows=1 width=121)
	  Index Cond: (id = 8828793)

table 8 : explain SELECT c FROM sbtest8 WHERE id=7022319
	Index Scan using sbtest8_pkey on sbtest8  (cost=0.43..8.45 rows=1 width=121)
	  Index Cond: (id = 7022319)

for: sum_ranges
table 1 : explain SELECT SUM(k) FROM sbtest1 WHERE id BETWEEN 5529255 AND 5530254
	Aggregate  (cost=3986.36..3986.37 rows=1 width=8)
	  ->  Bitmap Heap Scan on sbtest1  (cost=34.97..3983.79 rows=1028 width=4)
	        Recheck Cond: ((id >= 5529255) AND (id <= 5530254))
	        ->  Bitmap Index Scan on sbtest1_pkey  (cost=0.00..34.72 rows=1028 width=0)
	              Index Cond: ((id >= 5529255) AND (id <= 5530254))

table 2 : explain SELECT SUM(k) FROM sbtest2 WHERE id BETWEEN 8487435 AND 8488434
	Aggregate  (cost=3843.32..3843.33 rows=1 width=8)
	  ->  Bitmap Heap Scan on sbtest2  (cost=34.59..3840.84 rows=991 width=4)
	        Recheck Cond: ((id >= 8487435) AND (id <= 8488434))
	        ->  Bitmap Index Scan on sbtest2_pkey  (cost=0.00..34.34 rows=991 width=0)
	              Index Cond: ((id >= 8487435) AND (id <= 8488434))

table 3 : explain SELECT SUM(k) FROM sbtest3 WHERE id BETWEEN 912279 AND 913278
	Aggregate  (cost=3762.19..3762.20 rows=1 width=8)
	  ->  Bitmap Heap Scan on sbtest3  (cost=34.36..3759.77 rows=968 width=4)
	        Recheck Cond: ((id >= 912279) AND (id <= 913278))
	        ->  Bitmap Index Scan on sbtest3_pkey  (cost=0.00..34.12 rows=968 width=0)
	              Index Cond: ((id >= 912279) AND (id <= 913278))

table 4 : explain SELECT SUM(k) FROM sbtest4 WHERE id BETWEEN 1325078 AND 1326077
	Aggregate  (cost=4102.57..4102.58 rows=1 width=8)
	  ->  Bitmap Heap Scan on sbtest4  (cost=35.28..4099.93 rows=1058 width=4)
	        Recheck Cond: ((id >= 1325078) AND (id <= 1326077))
	        ->  Bitmap Index Scan on sbtest4_pkey  (cost=0.00..35.02 rows=1058 width=0)
	              Index Cond: ((id >= 1325078) AND (id <= 1326077))

table 5 : explain SELECT SUM(k) FROM sbtest5 WHERE id BETWEEN 4992148 AND 4993147
	Aggregate  (cost=3648.58..3648.59 rows=1 width=8)
	  ->  Bitmap Heap Scan on sbtest5  (cost=34.05..3646.24 rows=938 width=4)
	        Recheck Cond: ((id >= 4992148) AND (id <= 4993147))
	        ->  Bitmap Index Scan on sbtest5_pkey  (cost=0.00..33.82 rows=938 width=0)
	              Index Cond: ((id >= 4992148) AND (id <= 4993147))

table 6 : explain SELECT SUM(k) FROM sbtest6 WHERE id BETWEEN 5465876 AND 5466875
	Aggregate  (cost=3940.30..3940.31 rows=1 width=8)
	  ->  Bitmap Heap Scan on sbtest6  (cost=34.85..3937.76 rows=1016 width=4)
	        Recheck Cond: ((id >= 5465876) AND (id <= 5466875))
	        ->  Bitmap Index Scan on sbtest6_pkey  (cost=0.00..34.59 rows=1016 width=0)
	              Index Cond: ((id >= 5465876) AND (id <= 5466875))

table 7 : explain SELECT SUM(k) FROM sbtest7 WHERE id BETWEEN 1521329 AND 1522328
	Aggregate  (cost=3704.53..3704.54 rows=1 width=8)
	  ->  Bitmap Heap Scan on sbtest7  (cost=34.20..3702.15 rows=953 width=4)
	        Recheck Cond: ((id >= 1521329) AND (id <= 1522328))
	        ->  Bitmap Index Scan on sbtest7_pkey  (cost=0.00..33.97 rows=953 width=0)
	              Index Cond: ((id >= 1521329) AND (id <= 1522328))

table 8 : explain SELECT SUM(k) FROM sbtest8 WHERE id BETWEEN 33047 AND 34046
	Aggregate  (cost=3519.42..3519.43 rows=1 width=8)
	  ->  Bitmap Heap Scan on sbtest8  (cost=29.72..3517.16 rows=906 width=4)
	        Recheck Cond: ((id >= 33047) AND (id <= 34046))
	        ->  Bitmap Index Scan on sbtest8_pkey  (cost=0.00..29.50 rows=906 width=0)
	              Index Cond: ((id >= 33047) AND (id <= 34046))

explain: for point_selects :: explain SELECT c FROM sbtest%u WHERE id=%u
for: order_ranges
table 1 : explain SELECT c FROM sbtest1 WHERE id BETWEEN 6062163 AND 6063162 ORDER BY c
	Sort  (cost=3916.51..3919.01 rows=997 width=121)
	  Sort Key: c
	  ->  Bitmap Heap Scan on sbtest1  (cost=34.65..3866.86 rows=997 width=121)
	        Recheck Cond: ((id >= 6062163) AND (id <= 6063162))
	        ->  Bitmap Index Scan on sbtest1_pkey  (cost=0.00..34.41 rows=997 width=0)
	              Index Cond: ((id >= 6062163) AND (id <= 6063162))

table 2 : explain SELECT c FROM sbtest2 WHERE id BETWEEN 5805106 AND 5806105 ORDER BY c
	Sort  (cost=3694.83..3697.18 rows=940 width=121)
	  Sort Key: c
	  ->  Bitmap Heap Scan on sbtest2  (cost=34.07..3648.41 rows=940 width=121)
	        Recheck Cond: ((id >= 5805106) AND (id <= 5806105))
	        ->  Bitmap Index Scan on sbtest2_pkey  (cost=0.00..33.84 rows=940 width=0)
	              Index Cond: ((id >= 5805106) AND (id <= 5806105))

table 3 : explain SELECT c FROM sbtest3 WHERE id BETWEEN 2905423 AND 2906422 ORDER BY c
	Sort  (cost=3926.71..3929.21 rows=999 width=121)
	  Sort Key: c
	  ->  Bitmap Heap Scan on sbtest3  (cost=34.67..3876.94 rows=999 width=121)
	        Recheck Cond: ((id >= 2905423) AND (id <= 2906422))
	        ->  Bitmap Index Scan on sbtest3_pkey  (cost=0.00..34.43 rows=999 width=0)
	              Index Cond: ((id >= 2905423) AND (id <= 2906422))

table 4 : explain SELECT c FROM sbtest4 WHERE id BETWEEN 1795465 AND 1796464 ORDER BY c
	Sort  (cost=3969.18..3971.71 rows=1010 width=121)
	  Sort Key: c
	  ->  Bitmap Heap Scan on sbtest4  (cost=34.79..3918.78 rows=1010 width=121)
	        Recheck Cond: ((id >= 1795465) AND (id <= 1796464))
	        ->  Bitmap Index Scan on sbtest4_pkey  (cost=0.00..34.54 rows=1010 width=0)
	              Index Cond: ((id >= 1795465) AND (id <= 1796464))

table 5 : explain SELECT c FROM sbtest5 WHERE id BETWEEN 4422032 AND 4423031 ORDER BY c
	Sort  (cost=4519.94..4522.83 rows=1154 width=121)
	  Sort Key: c
	  ->  Bitmap Heap Scan on sbtest5  (cost=40.26..4461.25 rows=1154 width=121)
	        Recheck Cond: ((id >= 4422032) AND (id <= 4423031))
	        ->  Bitmap Index Scan on sbtest5_pkey  (cost=0.00..39.98 rows=1154 width=0)
	              Index Cond: ((id >= 4422032) AND (id <= 4423031))

table 6 : explain SELECT c FROM sbtest6 WHERE id BETWEEN 3513113 AND 3514112 ORDER BY c
	Sort  (cost=3670.39..3672.72 rows=933 width=121)
	  Sort Key: c
	  ->  Bitmap Heap Scan on sbtest6  (cost=34.00..3624.36 rows=933 width=121)
	        Recheck Cond: ((id >= 3513113) AND (id <= 3514112))
	        ->  Bitmap Index Scan on sbtest6_pkey  (cost=0.00..33.77 rows=933 width=0)
	              Index Cond: ((id >= 3513113) AND (id <= 3514112))

table 7 : explain SELECT c FROM sbtest7 WHERE id BETWEEN 6682974 AND 6683973 ORDER BY c
	Sort  (cost=3799.20..3801.61 rows=966 width=121)
	  Sort Key: c
	  ->  Bitmap Heap Scan on sbtest7  (cost=34.34..3751.30 rows=966 width=121)
	        Recheck Cond: ((id >= 6682974) AND (id <= 6683973))
	        ->  Bitmap Index Scan on sbtest7_pkey  (cost=0.00..34.09 rows=966 width=0)
	              Index Cond: ((id >= 6682974) AND (id <= 6683973))

table 8 : explain SELECT c FROM sbtest8 WHERE id BETWEEN 1863289 AND 1864288 ORDER BY c
	Sort  (cost=3822.61..3825.04 rows=973 width=121)
	  Sort Key: c
	  ->  Bitmap Heap Scan on sbtest8  (cost=34.41..3774.32 rows=973 width=121)
	        Recheck Cond: ((id >= 1863289) AND (id <= 1864288))
	        ->  Bitmap Index Scan on sbtest8_pkey  (cost=0.00..34.17 rows=973 width=0)
	              Index Cond: ((id >= 1863289) AND (id <= 1864288))

explain: for point_selects :: explain SELECT c FROM sbtest%u WHERE id=%u
for: simple_ranges
table 1 : explain SELECT c FROM sbtest1 WHERE id BETWEEN 4755157 AND 4756156
	Bitmap Heap Scan on sbtest1  (cost=34.73..3893.27 rows=1004 width=121)
	  Recheck Cond: ((id >= 4755157) AND (id <= 4756156))
	  ->  Bitmap Index Scan on sbtest1_pkey  (cost=0.00..34.48 rows=1004 width=0)
	        Index Cond: ((id >= 4755157) AND (id <= 4756156))

table 2 : explain SELECT c FROM sbtest2 WHERE id BETWEEN 8417095 AND 8418094
	Bitmap Heap Scan on sbtest2  (cost=34.59..3840.84 rows=991 width=121)
	  Recheck Cond: ((id >= 8417095) AND (id <= 8418094))
	  ->  Bitmap Index Scan on sbtest2_pkey  (cost=0.00..34.34 rows=991 width=0)
	        Index Cond: ((id >= 8417095) AND (id <= 8418094))

table 3 : explain SELECT c FROM sbtest3 WHERE id BETWEEN 3757407 AND 3758406
	Bitmap Heap Scan on sbtest3  (cost=34.18..3695.47 rows=951 width=121)
	  Recheck Cond: ((id >= 3757407) AND (id <= 3758406))
	  ->  Bitmap Index Scan on sbtest3_pkey  (cost=0.00..33.95 rows=951 width=0)
	        Index Cond: ((id >= 3757407) AND (id <= 3758406))

table 4 : explain SELECT c FROM sbtest4 WHERE id BETWEEN 5297494 AND 5298493
	Bitmap Heap Scan on sbtest4  (cost=33.96..3612.46 rows=929 width=121)
	  Recheck Cond: ((id >= 5297494) AND (id <= 5298493))
	  ->  Bitmap Index Scan on sbtest4_pkey  (cost=0.00..33.73 rows=929 width=0)
	        Index Cond: ((id >= 5297494) AND (id <= 5298493))

table 5 : explain SELECT c FROM sbtest5 WHERE id BETWEEN 1350024 AND 1351023
	Bitmap Heap Scan on sbtest5  (cost=35.38..4137.27 rows=1068 width=121)
	  Recheck Cond: ((id >= 1350024) AND (id <= 1351023))
	  ->  Bitmap Index Scan on sbtest5_pkey  (cost=0.00..35.12 rows=1068 width=0)
	        Index Cond: ((id >= 1350024) AND (id <= 1351023))

table 6 : explain SELECT c FROM sbtest6 WHERE id BETWEEN 4655356 AND 4656355
	Bitmap Heap Scan on sbtest6  (cost=33.93..3597.89 rows=926 width=121)
	  Recheck Cond: ((id >= 4655356) AND (id <= 4656355))
	  ->  Bitmap Index Scan on sbtest6_pkey  (cost=0.00..33.70 rows=926 width=0)
	        Index Cond: ((id >= 4655356) AND (id <= 4656355))

table 7 : explain SELECT c FROM sbtest7 WHERE id BETWEEN 2212759 AND 2213758
	Bitmap Heap Scan on sbtest7  (cost=34.64..3864.66 rows=996 width=121)
	  Recheck Cond: ((id >= 2212759) AND (id <= 2213758))
	  ->  Bitmap Index Scan on sbtest7_pkey  (cost=0.00..34.40 rows=996 width=0)
	        Index Cond: ((id >= 2212759) AND (id <= 2213758))

table 8 : explain SELECT c FROM sbtest8 WHERE id BETWEEN 4248872 AND 4249871
	Bitmap Heap Scan on sbtest8  (cost=35.18..4057.03 rows=1048 width=121)
	  Recheck Cond: ((id >= 4248872) AND (id <= 4249871))
	  ->  Bitmap Index Scan on sbtest8_pkey  (cost=0.00..34.92 rows=1048 width=0)
	        Index Cond: ((id >= 4248872) AND (id <= 4249871))

for point_selects
table 1 : explain SELECT c FROM sbtest1 WHERE id=4316156
	Index Scan using sbtest1_pkey on sbtest1  (cost=0.43..8.45 rows=1 width=121)
	  Index Cond: (id = 4316156)

table 2 : explain SELECT c FROM sbtest2 WHERE id=4696256
	Index Scan using sbtest2_pkey on sbtest2  (cost=0.43..8.45 rows=1 width=121)
	  Index Cond: (id = 4696256)

table 3 : explain SELECT c FROM sbtest3 WHERE id=7980584
	Index Scan using sbtest3_pkey on sbtest3  (cost=0.43..8.45 rows=1 width=121)
	  Index Cond: (id = 7980584)

table 4 : explain SELECT c FROM sbtest4 WHERE id=4079730
	Index Scan using sbtest4_pkey on sbtest4  (cost=0.43..8.45 rows=1 width=121)
	  Index Cond: (id = 4079730)

table 5 : explain SELECT c FROM sbtest5 WHERE id=3535362
	Index Scan using sbtest5_pkey on sbtest5  (cost=0.43..8.45 rows=1 width=121)
	  Index Cond: (id = 3535362)

table 6 : explain SELECT c FROM sbtest6 WHERE id=2971083
	Index Scan using sbtest6_pkey on sbtest6  (cost=0.43..8.45 rows=1 width=121)
	  Index Cond: (id = 2971083)

table 7 : explain SELECT c FROM sbtest7 WHERE id=254847
	Index Scan using sbtest7_pkey on sbtest7  (cost=0.43..8.45 rows=1 width=121)
	  Index Cond: (id = 254847)

table 8 : explain SELECT c FROM sbtest8 WHERE id=3345259
	Index Scan using sbtest8_pkey on sbtest8  (cost=0.43..8.45 rows=1 width=121)
	  Index Cond: (id = 3345259)

for: order_ranges
table 1 : explain SELECT c FROM sbtest1 WHERE id BETWEEN 6150457 AND 6151456 ORDER BY c
	Sort  (cost=3816.86..3819.29 rows=971 width=121)
	  Sort Key: c
	  ->  Bitmap Heap Scan on sbtest1  (cost=34.39..3768.69 rows=971 width=121)
	        Recheck Cond: ((id >= 6150457) AND (id <= 6151456))
	        ->  Bitmap Index Scan on sbtest1_pkey  (cost=0.00..34.15 rows=971 width=0)
	              Index Cond: ((id >= 6150457) AND (id <= 6151456))

table 2 : explain SELECT c FROM sbtest2 WHERE id BETWEEN 392604 AND 393603 ORDER BY c
	Sort  (cost=3514.38..3516.62 rows=894 width=121)
	  Sort Key: c
	  ->  Bitmap Heap Scan on sbtest2  (cost=29.60..3470.56 rows=894 width=121)
	        Recheck Cond: ((id >= 392604) AND (id <= 393603))
	        ->  Bitmap Index Scan on sbtest2_pkey  (cost=0.00..29.37 rows=894 width=0)
	              Index Cond: ((id >= 392604) AND (id <= 393603))

table 3 : explain SELECT c FROM sbtest3 WHERE id BETWEEN 2388476 AND 2389475 ORDER BY c
	Sort  (cost=4348.01..4350.78 rows=1108 width=121)
	  Sort Key: c
	  ->  Bitmap Heap Scan on sbtest3  (cost=39.79..4291.98 rows=1108 width=121)
	        Recheck Cond: ((id >= 2388476) AND (id <= 2389475))
	        ->  Bitmap Index Scan on sbtest3_pkey  (cost=0.00..39.52 rows=1108 width=0)
	              Index Cond: ((id >= 2388476) AND (id <= 2389475))

table 4 : explain SELECT c FROM sbtest4 WHERE id BETWEEN 7342911 AND 7343910 ORDER BY c
	Sort  (cost=3615.97..3618.26 rows=918 width=121)
	  Sort Key: c
	  ->  Bitmap Heap Scan on sbtest4  (cost=33.84..3570.79 rows=918 width=121)
	        Recheck Cond: ((id >= 7342911) AND (id <= 7343910))
	        ->  Bitmap Index Scan on sbtest4_pkey  (cost=0.00..33.62 rows=918 width=0)
	              Index Cond: ((id >= 7342911) AND (id <= 7343910))

table 5 : explain SELECT c FROM sbtest5 WHERE id BETWEEN 830062 AND 831061 ORDER BY c
	Sort  (cost=3869.14..3871.60 rows=984 width=121)
	  Sort Key: c
	  ->  Bitmap Heap Scan on sbtest5  (cost=34.52..3820.22 rows=984 width=121)
	        Recheck Cond: ((id >= 830062) AND (id <= 831061))
	        ->  Bitmap Index Scan on sbtest5_pkey  (cost=0.00..34.28 rows=984 width=0)
	              Index Cond: ((id >= 830062) AND (id <= 831061))

table 6 : explain SELECT c FROM sbtest6 WHERE id BETWEEN 2907565 AND 2908564 ORDER BY c
	Sort  (cost=3674.23..3676.56 rows=934 width=121)
	  Sort Key: c
	  ->  Bitmap Heap Scan on sbtest6  (cost=34.01..3628.15 rows=934 width=121)
	        Recheck Cond: ((id >= 2907565) AND (id <= 2908564))
	        ->  Bitmap Index Scan on sbtest6_pkey  (cost=0.00..33.78 rows=934 width=0)
	              Index Cond: ((id >= 2907565) AND (id <= 2908564))

table 7 : explain SELECT c FROM sbtest7 WHERE id BETWEEN 8557865 AND 8558864 ORDER BY c
	Sort  (cost=3714.75..3717.11 rows=944 width=121)
	  Sort Key: c
	  ->  Bitmap Heap Scan on sbtest7  (cost=34.11..3668.10 rows=944 width=121)
	        Recheck Cond: ((id >= 8557865) AND (id <= 8558864))
	        ->  Bitmap Index Scan on sbtest7_pkey  (cost=0.00..33.88 rows=944 width=0)
	              Index Cond: ((id >= 8557865) AND (id <= 8558864))

table 8 : explain SELECT c FROM sbtest8 WHERE id BETWEEN 9663217 AND 9664216 ORDER BY c
	Sort  (cost=3814.95..3817.38 rows=971 width=121)
	  Sort Key: c
	  ->  Bitmap Heap Scan on sbtest8  (cost=34.39..3766.77 rows=971 width=121)
	        Recheck Cond: ((id >= 9663217) AND (id <= 9664216))
	        ->  Bitmap Index Scan on sbtest8_pkey  (cost=0.00..34.15 rows=971 width=0)
	              Index Cond: ((id >= 9663217) AND (id <= 9664216))

for: simple_ranges
table 1 : explain SELECT c FROM sbtest1 WHERE id BETWEEN 6743975 AND 6744974
	Bitmap Heap Scan on sbtest1  (cost=35.08..4025.26 rows=1039 width=121)
	  Recheck Cond: ((id >= 6743975) AND (id <= 6744974))
	  ->  Bitmap Index Scan on sbtest1_pkey  (cost=0.00..34.83 rows=1039 width=0)
	        Index Cond: ((id >= 6743975) AND (id <= 6744974))

table 2 : explain SELECT c FROM sbtest2 WHERE id BETWEEN 3421427 AND 3422426
	Bitmap Heap Scan on sbtest2  (cost=34.09..3655.97 rows=942 width=121)
	  Recheck Cond: ((id >= 3421427) AND (id <= 3422426))
	  ->  Bitmap Index Scan on sbtest2_pkey  (cost=0.00..33.86 rows=942 width=0)
	        Index Cond: ((id >= 3421427) AND (id <= 3422426))

table 3 : explain SELECT c FROM sbtest3 WHERE id BETWEEN 1055769 AND 1056768
	Bitmap Heap Scan on sbtest3  (cost=34.88..3952.47 rows=1019 width=121)
	  Recheck Cond: ((id >= 1055769) AND (id <= 1056768))
	  ->  Bitmap Index Scan on sbtest3_pkey  (cost=0.00..34.62 rows=1019 width=0)
	        Index Cond: ((id >= 1055769) AND (id <= 1056768))

table 4 : explain SELECT c FROM sbtest4 WHERE id BETWEEN 382406 AND 383405
	Bitmap Heap Scan on sbtest4  (cost=34.41..3778.96 rows=973 width=121)
	  Recheck Cond: ((id >= 382406) AND (id <= 383405))
	  ->  Bitmap Index Scan on sbtest4_pkey  (cost=0.00..34.17 rows=973 width=0)
	        Index Cond: ((id >= 382406) AND (id <= 383405))

table 5 : explain SELECT c FROM sbtest5 WHERE id BETWEEN 7135171 AND 7136170
	Bitmap Heap Scan on sbtest5  (cost=35.54..4193.79 rows=1083 width=121)
	  Recheck Cond: ((id >= 7135171) AND (id <= 7136170))
	  ->  Bitmap Index Scan on sbtest5_pkey  (cost=0.00..35.27 rows=1083 width=0)
	        Index Cond: ((id >= 7135171) AND (id <= 7136170))

table 6 : explain SELECT c FROM sbtest6 WHERE id BETWEEN 8246386 AND 8247385
	Bitmap Heap Scan on sbtest6  (cost=35.26..4088.48 rows=1056 width=121)
	  Recheck Cond: ((id >= 8246386) AND (id <= 8247385))
	  ->  Bitmap Index Scan on sbtest6_pkey  (cost=0.00..35.00 rows=1056 width=0)
	        Index Cond: ((id >= 8246386) AND (id <= 8247385))

table 7 : explain SELECT c FROM sbtest7 WHERE id BETWEEN 2618519 AND 2619518
	Bitmap Heap Scan on sbtest7  (cost=35.14..4045.79 rows=1044 width=121)
	  Recheck Cond: ((id >= 2618519) AND (id <= 2619518))
	  ->  Bitmap Index Scan on sbtest7_pkey  (cost=0.00..34.88 rows=1044 width=0)
	        Index Cond: ((id >= 2618519) AND (id <= 2619518))

table 8 : explain SELECT c FROM sbtest8 WHERE id BETWEEN 9644183 AND 9645182
	Bitmap Heap Scan on sbtest8  (cost=34.39..3766.77 rows=971 width=121)
	  Recheck Cond: ((id >= 9644183) AND (id <= 9645182))
	  ->  Bitmap Index Scan on sbtest8_pkey  (cost=0.00..34.15 rows=971 width=0)
	        Index Cond: ((id >= 9644183) AND (id <= 9645182))

explain: for point_selects :: explain SELECT c FROM sbtest%u WHERE id=%u
explain: for point_selects :: explain SELECT c FROM sbtest%u WHERE id=%u
for: simple_ranges
table 1 : explain SELECT c FROM sbtest1 WHERE id BETWEEN 7178317 AND 7179316
	Bitmap Heap Scan on sbtest1  (cost=34.35..3753.57 rows=967 width=121)
	  Recheck Cond: ((id >= 7178317) AND (id <= 7179316))
	  ->  Bitmap Index Scan on sbtest1_pkey  (cost=0.00..34.11 rows=967 width=0)
	        Index Cond: ((id >= 7178317) AND (id <= 7179316))

table 2 : explain SELECT c FROM sbtest2 WHERE id BETWEEN 24672 AND 25671
	Bitmap Heap Scan on sbtest2  (cost=39.75..4270.02 rows=1104 width=121)
	  Recheck Cond: ((id >= 24672) AND (id <= 25671))
	  ->  Bitmap Index Scan on sbtest2_pkey  (cost=0.00..39.48 rows=1104 width=0)
	        Index Cond: ((id >= 24672) AND (id <= 25671))

table 3 : explain SELECT c FROM sbtest3 WHERE id BETWEEN 9868482 AND 9869481
	Bitmap Heap Scan on sbtest3  (cost=35.14..4046.81 rows=1044 width=121)
	  Recheck Cond: ((id >= 9868482) AND (id <= 9869481))
	  ->  Bitmap Index Scan on sbtest3_pkey  (cost=0.00..34.88 rows=1044 width=0)
	        Index Cond: ((id >= 9868482) AND (id <= 9869481))

table 4 : explain SELECT c FROM sbtest4 WHERE id BETWEEN 1283599 AND 1284598
	Bitmap Heap Scan on sbtest4  (cost=34.85..3941.44 rows=1016 width=121)
	  Recheck Cond: ((id >= 1283599) AND (id <= 1284598))
	  ->  Bitmap Index Scan on sbtest4_pkey  (cost=0.00..34.59 rows=1016 width=0)
	        Index Cond: ((id >= 1283599) AND (id <= 1284598))

table 5 : explain SELECT c FROM sbtest5 WHERE id BETWEEN 6394551 AND 6395550
	Bitmap Heap Scan on sbtest5  (cost=34.59..3846.68 rows=991 width=121)
	  Recheck Cond: ((id >= 6394551) AND (id <= 6395550))
	  ->  Bitmap Index Scan on sbtest5_pkey  (cost=0.00..34.34 rows=991 width=0)
	        Index Cond: ((id >= 6394551) AND (id <= 6395550))

table 6 : explain SELECT c FROM sbtest6 WHERE id BETWEEN 9537999 AND 9538998
	Bitmap Heap Scan on sbtest6  (cost=39.80..4291.89 rows=1109 width=121)
	  Recheck Cond: ((id >= 9537999) AND (id <= 9538998))
	  ->  Bitmap Index Scan on sbtest6_pkey  (cost=0.00..39.53 rows=1109 width=0)
	        Index Cond: ((id >= 9537999) AND (id <= 9538998))

table 7 : explain SELECT c FROM sbtest7 WHERE id BETWEEN 9770727 AND 9771726
	Bitmap Heap Scan on sbtest7  (cost=34.00..3626.48 rows=933 width=121)
	  Recheck Cond: ((id >= 9770727) AND (id <= 9771726))
	  ->  Bitmap Index Scan on sbtest7_pkey  (cost=0.00..33.77 rows=933 width=0)
	        Index Cond: ((id >= 9770727) AND (id <= 9771726))

table 8 : explain SELECT c FROM sbtest8 WHERE id BETWEEN 2479471 AND 2480470
	Bitmap Heap Scan on sbtest8  (cost=34.64..3861.09 rows=996 width=121)
	  Recheck Cond: ((id >= 2479471) AND (id <= 2480470))
	  ->  Bitmap Index Scan on sbtest8_pkey  (cost=0.00..34.40 rows=996 width=0)
	        Index Cond: ((id >= 2479471) AND (id <= 2480470))

for point_selects
table 1 : explain SELECT c FROM sbtest1 WHERE id=3011137
	Index Scan using sbtest1_pkey on sbtest1  (cost=0.43..8.45 rows=1 width=121)
	  Index Cond: (id = 3011137)

table 2 : explain SELECT c FROM sbtest2 WHERE id=4017910
	Index Scan using sbtest2_pkey on sbtest2  (cost=0.43..8.45 rows=1 width=121)
	  Index Cond: (id = 4017910)

table 3 : explain SELECT c FROM sbtest3 WHERE id=4012267
	Index Scan using sbtest3_pkey on sbtest3  (cost=0.43..8.45 rows=1 width=121)
	  Index Cond: (id = 4012267)

table 4 : explain SELECT c FROM sbtest4 WHERE id=4191826
	Index Scan using sbtest4_pkey on sbtest4  (cost=0.43..8.45 rows=1 width=121)
	  Index Cond: (id = 4191826)

table 5 : explain SELECT c FROM sbtest5 WHERE id=2375258
	Index Scan using sbtest5_pkey on sbtest5  (cost=0.43..8.45 rows=1 width=121)
	  Index Cond: (id = 2375258)

table 6 : explain SELECT c FROM sbtest6 WHERE id=5541758
	Index Scan using sbtest6_pkey on sbtest6  (cost=0.43..8.45 rows=1 width=121)
	  Index Cond: (id = 5541758)

table 7 : explain SELECT c FROM sbtest7 WHERE id=9990140
	Index Scan using sbtest7_pkey on sbtest7  (cost=0.43..8.45 rows=1 width=121)
	  Index Cond: (id = 9990140)

table 8 : explain SELECT c FROM sbtest8 WHERE id=8132893
	Index Scan using sbtest8_pkey on sbtest8  (cost=0.43..8.45 rows=1 width=121)
	  Index Cond: (id = 8132893)

for: simple_ranges
table 1 : explain SELECT c FROM sbtest1 WHERE id BETWEEN 8229143 AND 8230142
	Bitmap Heap Scan on sbtest1  (cost=34.73..3893.27 rows=1004 width=121)
	  Recheck Cond: ((id >= 8229143) AND (id <= 8230142))
	  ->  Bitmap Index Scan on sbtest1_pkey  (cost=0.00..34.48 rows=1004 width=0)
	        Index Cond: ((id >= 8229143) AND (id <= 8230142))

table 2 : explain SELECT c FROM sbtest2 WHERE id BETWEEN 8847690 AND 8848689
	Bitmap Heap Scan on sbtest2  (cost=35.08..4021.64 rows=1039 width=121)
	  Recheck Cond: ((id >= 8847690) AND (id <= 8848689))
	  ->  Bitmap Index Scan on sbtest2_pkey  (cost=0.00..34.83 rows=1039 width=0)
	        Index Cond: ((id >= 8847690) AND (id <= 8848689))

table 3 : explain SELECT c FROM sbtest3 WHERE id BETWEEN 4122914 AND 4123913
	Bitmap Heap Scan on sbtest3  (cost=34.83..3933.59 rows=1014 width=121)
	  Recheck Cond: ((id >= 4122914) AND (id <= 4123913))
	  ->  Bitmap Index Scan on sbtest3_pkey  (cost=0.00..34.58 rows=1014 width=0)
	        Index Cond: ((id >= 4122914) AND (id <= 4123913))

table 4 : explain SELECT c FROM sbtest4 WHERE id BETWEEN 6442024 AND 6443023
	Bitmap Heap Scan on sbtest4  (cost=34.25..3722.22 rows=958 width=121)
	  Recheck Cond: ((id >= 6442024) AND (id <= 6443023))
	  ->  Bitmap Index Scan on sbtest4_pkey  (cost=0.00..34.02 rows=958 width=0)
	        Index Cond: ((id >= 6442024) AND (id <= 6443023))

table 5 : explain SELECT c FROM sbtest5 WHERE id BETWEEN 3040466 AND 3041465
	Bitmap Heap Scan on sbtest5  (cost=35.42..4152.34 rows=1072 width=121)
	  Recheck Cond: ((id >= 3040466) AND (id <= 3041465))
	  ->  Bitmap Index Scan on sbtest5_pkey  (cost=0.00..35.16 rows=1072 width=0)
	        Index Cond: ((id >= 3040466) AND (id <= 3041465))

table 6 : explain SELECT c FROM sbtest6 WHERE id BETWEEN 6712625 AND 6713624
	Bitmap Heap Scan on sbtest6  (cost=34.97..3983.00 rows=1028 width=121)
	  Recheck Cond: ((id >= 6712625) AND (id <= 6713624))
	  ->  Bitmap Index Scan on sbtest6_pkey  (cost=0.00..34.72 rows=1028 width=0)
	        Index Cond: ((id >= 6712625) AND (id <= 6713624))

table 7 : explain SELECT c FROM sbtest7 WHERE id BETWEEN 8229316 AND 8230315
	Bitmap Heap Scan on sbtest7  (cost=34.21..3705.93 rows=954 width=121)
	  Recheck Cond: ((id >= 8229316) AND (id <= 8230315))
	  ->  Bitmap Index Scan on sbtest7_pkey  (cost=0.00..33.98 rows=954 width=0)
	        Index Cond: ((id >= 8229316) AND (id <= 8230315))

table 8 : explain SELECT c FROM sbtest8 WHERE id BETWEEN 4096601 AND 4097600
	Bitmap Heap Scan on sbtest8  (cost=34.87..3944.03 rows=1018 width=121)
	  Recheck Cond: ((id >= 4096601) AND (id <= 4097600))
	  ->  Bitmap Index Scan on sbtest8_pkey  (cost=0.00..34.62 rows=1018 width=0)
	        Index Cond: ((id >= 4096601) AND (id <= 4097600))

explain: for point_selects :: explain SELECT c FROM sbtest%u WHERE id=%u
for point_selects
table 1 : explain SELECT c FROM sbtest1 WHERE id=91989
	Index Scan using sbtest1_pkey on sbtest1  (cost=0.43..8.45 rows=1 width=121)
	  Index Cond: (id = 91989)

table 2 : explain SELECT c FROM sbtest2 WHERE id=4452920
	Index Scan using sbtest2_pkey on sbtest2  (cost=0.43..8.45 rows=1 width=121)
	  Index Cond: (id = 4452920)

table 3 : explain SELECT c FROM sbtest3 WHERE id=8220960
	Index Scan using sbtest3_pkey on sbtest3  (cost=0.43..8.45 rows=1 width=121)
	  Index Cond: (id = 8220960)

table 4 : explain SELECT c FROM sbtest4 WHERE id=3112369
	Index Scan using sbtest4_pkey on sbtest4  (cost=0.43..8.45 rows=1 width=121)
	  Index Cond: (id = 3112369)

table 5 : explain SELECT c FROM sbtest5 WHERE id=7590266
	Index Scan using sbtest5_pkey on sbtest5  (cost=0.43..8.45 rows=1 width=121)
	  Index Cond: (id = 7590266)

table 6 : explain SELECT c FROM sbtest6 WHERE id=5720929
	Index Scan using sbtest6_pkey on sbtest6  (cost=0.43..8.45 rows=1 width=121)
	  Index Cond: (id = 5720929)

table 7 : explain SELECT c FROM sbtest7 WHERE id=6858540
	Index Scan using sbtest7_pkey on sbtest7  (cost=0.43..8.45 rows=1 width=121)
	  Index Cond: (id = 6858540)

table 8 : explain SELECT c FROM sbtest8 WHERE id=7004262
	Index Scan using sbtest8_pkey on sbtest8  (cost=0.43..8.45 rows=1 width=121)
	  Index Cond: (id = 7004262)
for: distinct_ranges
table 1 : explain SELECT DISTINCT c FROM sbtest1 WHERE id BETWEEN 8196222 AND 8197221 ORDER BY c
	Unique  (cost=4065.84..4071.02 rows=1036 width=121)
	  ->  Sort  (cost=4065.84..4068.43 rows=1036 width=121)
	        Sort Key: c
	        ->  Bitmap Heap Scan on sbtest1  (cost=35.05..4013.95 rows=1036 width=121)
	              Recheck Cond: ((id >= 8196222) AND (id <= 8197221))
	              ->  Bitmap Index Scan on sbtest1_pkey  (cost=0.00..34.80 rows=1036 width=0)
	                    Index Cond: ((id >= 8196222) AND (id <= 8197221))

table 2 : explain SELECT DISTINCT c FROM sbtest2 WHERE id BETWEEN 22829 AND 23828 ORDER BY c
	Unique  (cost=4325.82..4331.34 rows=1104 width=121)
	  ->  Sort  (cost=4325.82..4328.58 rows=1104 width=121)
	        Sort Key: c
	        ->  Bitmap Heap Scan on sbtest2  (cost=39.75..4270.02 rows=1104 width=121)
	              Recheck Cond: ((id >= 22829) AND (id <= 23828))
	              ->  Bitmap Index Scan on sbtest2_pkey  (cost=0.00..39.48 rows=1104 width=0)
	                    Index Cond: ((id >= 22829) AND (id <= 23828))

table 3 : explain SELECT DISTINCT c FROM sbtest3 WHERE id BETWEEN 5187573 AND 5188572 ORDER BY c
	Unique  (cost=3654.15..3658.79 rows=928 width=121)
	  ->  Sort  (cost=3654.15..3656.47 rows=928 width=121)
	        Sort Key: c
	        ->  Bitmap Heap Scan on sbtest3  (cost=33.95..3608.41 rows=928 width=121)
	              Recheck Cond: ((id >= 5187573) AND (id <= 5188572))
	              ->  Bitmap Index Scan on sbtest3_pkey  (cost=0.00..33.72 rows=928 width=0)
	                    Index Cond: ((id >= 5187573) AND (id <= 5188572))

table 4 : explain SELECT DISTINCT c FROM sbtest4 WHERE id BETWEEN 5952978 AND 5953977 ORDER BY c
	Unique  (cost=3665.94..3670.60 rows=931 width=121)
	  ->  Sort  (cost=3665.94..3668.27 rows=931 width=121)
	        Sort Key: c
	        ->  Bitmap Heap Scan on sbtest4  (cost=33.98..3620.03 rows=931 width=121)
	              Recheck Cond: ((id >= 5952978) AND (id <= 5953977))
	              ->  Bitmap Index Scan on sbtest4_pkey  (cost=0.00..33.75 rows=931 width=0)
	                    Index Cond: ((id >= 5952978) AND (id <= 5953977))

table 5 : explain SELECT DISTINCT c FROM sbtest5 WHERE id BETWEEN 2178477 AND 2179476 ORDER BY c
	Unique  (cost=4068.48..4073.66 rows=1036 width=121)
	  ->  Sort  (cost=4068.48..4071.07 rows=1036 width=121)
	        Sort Key: c
	        ->  Bitmap Heap Scan on sbtest5  (cost=35.05..4016.59 rows=1036 width=121)
	              Recheck Cond: ((id >= 2178477) AND (id <= 2179476))
	              ->  Bitmap Index Scan on sbtest5_pkey  (cost=0.00..34.80 rows=1036 width=0)
	                    Index Cond: ((id >= 2178477) AND (id <= 2179476))

table 6 : explain SELECT DISTINCT c FROM sbtest6 WHERE id BETWEEN 2132609 AND 2133608 ORDER BY c
	Unique  (cost=4034.43..4039.57 rows=1028 width=121)
	  ->  Sort  (cost=4034.43..4037.00 rows=1028 width=121)
	        Sort Key: c
	        ->  Bitmap Heap Scan on sbtest6  (cost=34.97..3983.00 rows=1028 width=121)
	              Recheck Cond: ((id >= 2132609) AND (id <= 2133608))
	              ->  Bitmap Index Scan on sbtest6_pkey  (cost=0.00..34.72 rows=1028 width=0)
	                    Index Cond: ((id >= 2132609) AND (id <= 2133608))

table 7 : explain SELECT DISTINCT c FROM sbtest7 WHERE id BETWEEN 1684006 AND 1685005 ORDER BY c
	Unique  (cost=4189.98..4195.32 rows=1068 width=121)
	  ->  Sort  (cost=4189.98..4192.65 rows=1068 width=121)
	        Sort Key: c
	        ->  Bitmap Heap Scan on sbtest7  (cost=35.38..4136.26 rows=1068 width=121)
	              Recheck Cond: ((id >= 1684006) AND (id <= 1685005))
	              ->  Bitmap Index Scan on sbtest7_pkey  (cost=0.00..35.12 rows=1068 width=0)
	                    Index Cond: ((id >= 1684006) AND (id <= 1685005))

table 8 : explain SELECT DISTINCT c FROM sbtest8 WHERE id BETWEEN 8186682 AND 8187681 ORDER BY c
	Unique  (cost=3465.63..3470.04 rows=881 width=121)
	  ->  Sort  (cost=3465.63..3467.83 rows=881 width=121)
	        Sort Key: c
	        ->  Bitmap Heap Scan on sbtest8  (cost=29.47..3422.54 rows=881 width=121)
	              Recheck Cond: ((id >= 8186682) AND (id <= 8187681))
	              ->  Bitmap Index Scan on sbtest8_pkey  (cost=0.00..29.25 rows=881 width=0)
	                    Index Cond: ((id >= 8186682) AND (id <= 8187681))


for: distinct_ranges
table 1 : explain SELECT DISTINCT c FROM sbtest1 WHERE id BETWEEN 1475823 AND 1476822 ORDER BY c
	Unique  (cost=3359.57..3363.83 rows=853 width=121)
	  ->  Sort  (cost=3359.57..3361.70 rows=853 width=121)
	        Sort Key: c
	        ->  Bitmap Heap Scan on sbtest1  (cost=29.18..3318.04 rows=853 width=121)
	              Recheck Cond: ((id >= 1475823) AND (id <= 1476822))
	              ->  Bitmap Index Scan on sbtest1_pkey  (cost=0.00..28.96 rows=853 width=0)
	                    Index Cond: ((id >= 1475823) AND (id <= 1476822))

table 2 : explain SELECT DISTINCT c FROM sbtest2 WHERE id BETWEEN 5265309 AND 5266308 ORDER BY c
	Unique  (cost=3733.16..3737.91 rows=950 width=121)
	  ->  Sort  (cost=3733.16..3735.53 rows=950 width=121)
	        Sort Key: c
	        ->  Bitmap Heap Scan on sbtest2  (cost=34.17..3686.17 rows=950 width=121)
	              Recheck Cond: ((id >= 5265309) AND (id <= 5266308))
	              ->  Bitmap Index Scan on sbtest2_pkey  (cost=0.00..33.94 rows=950 width=0)
	                    Index Cond: ((id >= 5265309) AND (id <= 5266308))

table 3 : explain SELECT DISTINCT c FROM sbtest3 WHERE id BETWEEN 7296194 AND 7297193 ORDER BY c
	Unique  (cost=3715.63..3720.35 rows=944 width=121)
	  ->  Sort  (cost=3715.63..3717.99 rows=944 width=121)
	        Sort Key: c
	        ->  Bitmap Heap Scan on sbtest3  (cost=34.11..3668.98 rows=944 width=121)
	              Recheck Cond: ((id >= 7296194) AND (id <= 7297193))
	              ->  Bitmap Index Scan on sbtest3_pkey  (cost=0.00..33.88 rows=944 width=0)
	                    Index Cond: ((id >= 7296194) AND (id <= 7297193))

table 4 : explain SELECT DISTINCT c FROM sbtest4 WHERE id BETWEEN 4027420 AND 4028419 ORDER BY c
	Unique  (cost=3934.67..3939.68 rows=1001 width=121)
	  ->  Sort  (cost=3934.67..3937.18 rows=1001 width=121)
	        Sort Key: c
	        ->  Bitmap Heap Scan on sbtest4  (cost=34.70..3884.79 rows=1001 width=121)
	              Recheck Cond: ((id >= 4027420) AND (id <= 4028419))
	              ->  Bitmap Index Scan on sbtest4_pkey  (cost=0.00..34.45 rows=1001 width=0)
	                    Index Cond: ((id >= 4027420) AND (id <= 4028419))

table 5 : explain SELECT DISTINCT c FROM sbtest5 WHERE id BETWEEN 5306313 AND 5307312 ORDER BY c
	Unique  (cost=4156.55..4161.84 rows=1059 width=121)
	  ->  Sort  (cost=4156.55..4159.19 rows=1059 width=121)
	        Sort Key: c
	        ->  Bitmap Heap Scan on sbtest5  (cost=35.29..4103.34 rows=1059 width=121)
	              Recheck Cond: ((id >= 5306313) AND (id <= 5307312))
	              ->  Bitmap Index Scan on sbtest5_pkey  (cost=0.00..35.03 rows=1059 width=0)
	                    Index Cond: ((id >= 5306313) AND (id <= 5307312))

table 6 : explain SELECT DISTINCT c FROM sbtest6 WHERE id BETWEEN 9553596 AND 9554595 ORDER BY c
	Unique  (cost=4347.98..4353.52 rows=1109 width=121)
	  ->  Sort  (cost=4347.98..4350.75 rows=1109 width=121)
	        Sort Key: c
	        ->  Bitmap Heap Scan on sbtest6  (cost=39.80..4291.89 rows=1109 width=121)
	              Recheck Cond: ((id >= 9553596) AND (id <= 9554595))
	              ->  Bitmap Index Scan on sbtest6_pkey  (cost=0.00..39.53 rows=1109 width=0)
	                    Index Cond: ((id >= 9553596) AND (id <= 9554595))

table 7 : explain SELECT DISTINCT c FROM sbtest7 WHERE id BETWEEN 8177561 AND 8178560 ORDER BY c
	Unique  (cost=3944.92..3949.94 rows=1004 width=121)
	  ->  Sort  (cost=3944.92..3947.43 rows=1004 width=121)
	        Sort Key: c
	        ->  Bitmap Heap Scan on sbtest7  (cost=34.73..3894.87 rows=1004 width=121)
	              Recheck Cond: ((id >= 8177561) AND (id <= 8178560))
	              ->  Bitmap Index Scan on sbtest7_pkey  (cost=0.00..34.48 rows=1004 width=0)
	                    Index Cond: ((id >= 8177561) AND (id <= 8178560))

table 8 : explain SELECT DISTINCT c FROM sbtest8 WHERE id BETWEEN 5201437 AND 5202436 ORDER BY c
	Unique  (cost=3872.40..3877.33 rows=986 width=121)
	  ->  Sort  (cost=3872.40..3874.87 rows=986 width=121)
	        Sort Key: c
	        ->  Bitmap Heap Scan on sbtest8  (cost=34.54..3823.37 rows=986 width=121)
	              Recheck Cond: ((id >= 5201437) AND (id <= 5202436))
	              ->  Bitmap Index Scan on sbtest8_pkey  (cost=0.00..34.30 rows=986 width=0)
	                    Index Cond: ((id >= 5201437) AND (id <= 5202436))

for point_selects
table 1 : explain SELECT c FROM sbtest1 WHERE id=8313495
	Index Scan using sbtest1_pkey on sbtest1  (cost=0.43..8.45 rows=1 width=121)
	  Index Cond: (id = 8313495)

table 2 : explain SELECT c FROM sbtest2 WHERE id=2913756
	Index Scan using sbtest2_pkey on sbtest2  (cost=0.43..8.45 rows=1 width=121)
	  Index Cond: (id = 2913756)

table 3 : explain SELECT c FROM sbtest3 WHERE id=9082055
	Index Scan using sbtest3_pkey on sbtest3  (cost=0.43..8.45 rows=1 width=121)
	  Index Cond: (id = 9082055)

table 4 : explain SELECT c FROM sbtest4 WHERE id=5851617
	Index Scan using sbtest4_pkey on sbtest4  (cost=0.43..8.45 rows=1 width=121)
	  Index Cond: (id = 5851617)

table 5 : explain SELECT c FROM sbtest5 WHERE id=1715099
	Index Scan using sbtest5_pkey on sbtest5  (cost=0.43..8.45 rows=1 width=121)
	  Index Cond: (id = 1715099)

table 6 : explain SELECT c FROM sbtest6 WHERE id=1916419
	Index Scan using sbtest6_pkey on sbtest6  (cost=0.43..8.45 rows=1 width=121)
	  Index Cond: (id = 1916419)

table 7 : explain SELECT c FROM sbtest7 WHERE id=9538196
	Index Scan using sbtest7_pkey on sbtest7  (cost=0.43..8.45 rows=1 width=121)
	  Index Cond: (id = 9538196)

table 8 : explain SELECT c FROM sbtest8 WHERE id=7356820
	Index Scan using sbtest8_pkey on sbtest8  (cost=0.43..8.45 rows=1 width=121)
	  Index Cond: (id = 7356820)

for: sum_ranges
table 1 : explain SELECT SUM(k) FROM sbtest1 WHERE id BETWEEN 2876219 AND 2877218
	Aggregate  (cost=4042.94..4042.95 rows=1 width=8)
	  ->  Bitmap Heap Scan on sbtest1  (cost=35.13..4040.33 rows=1043 width=4)
	        Recheck Cond: ((id >= 2876219) AND (id <= 2877218))
	        ->  Bitmap Index Scan on sbtest1_pkey  (cost=0.00..34.87 rows=1043 width=0)
	              Index Cond: ((id >= 2876219) AND (id <= 2877218))

table 2 : explain SELECT SUM(k) FROM sbtest2 WHERE id BETWEEN 4736989 AND 4737988
	Aggregate  (cost=4043.07..4043.08 rows=1 width=8)
	  ->  Bitmap Heap Scan on sbtest2  (cost=35.14..4040.46 rows=1044 width=4)
	        Recheck Cond: ((id >= 4736989) AND (id <= 4737988))
	        ->  Bitmap Index Scan on sbtest2_pkey  (cost=0.00..34.88 rows=1044 width=0)
	              Index Cond: ((id >= 4736989) AND (id <= 4737988))

table 3 : explain SELECT SUM(k) FROM sbtest3 WHERE id BETWEEN 9905501 AND 9906500
	Aggregate  (cost=4098.48..4098.49 rows=1 width=8)
	  ->  Bitmap Heap Scan on sbtest3  (cost=35.27..4095.84 rows=1057 width=4)
	        Recheck Cond: ((id >= 9905501) AND (id <= 9906500))
	        ->  Bitmap Index Scan on sbtest3_pkey  (cost=0.00..35.01 rows=1057 width=0)
	              Index Cond: ((id >= 9905501) AND (id <= 9906500))

table 4 : explain SELECT SUM(k) FROM sbtest4 WHERE id BETWEEN 9199319 AND 9200318
	Aggregate  (cost=3966.65..3966.66 rows=1 width=8)
	  ->  Bitmap Heap Scan on sbtest4  (cost=34.91..3964.10 rows=1022 width=4)
	        Recheck Cond: ((id >= 9199319) AND (id <= 9200318))
	        ->  Bitmap Index Scan on sbtest4_pkey  (cost=0.00..34.66 rows=1022 width=0)
	              Index Cond: ((id >= 9199319) AND (id <= 9200318))

table 5 : explain SELECT SUM(k) FROM sbtest5 WHERE id BETWEEN 2409313 AND 2410312
	Aggregate  (cost=3735.67..3735.68 rows=1 width=8)
	  ->  Bitmap Heap Scan on sbtest5  (cost=34.29..3733.26 rows=961 width=4)
	        Recheck Cond: ((id >= 2409313) AND (id <= 2410312))
	        ->  Bitmap Index Scan on sbtest5_pkey  (cost=0.00..34.05 rows=961 width=0)
	              Index Cond: ((id >= 2409313) AND (id <= 2410312))

table 6 : explain SELECT SUM(k) FROM sbtest6 WHERE id BETWEEN 2857681 AND 2858680
	Aggregate  (cost=3770.38..3770.39 rows=1 width=8)
	  ->  Bitmap Heap Scan on sbtest6  (cost=34.39..3767.96 rows=971 width=4)
	        Recheck Cond: ((id >= 2857681) AND (id <= 2858680))
	        ->  Bitmap Index Scan on sbtest6_pkey  (cost=0.00..34.15 rows=971 width=0)
	              Index Cond: ((id >= 2857681) AND (id <= 2858680))

table 7 : explain SELECT SUM(k) FROM sbtest7 WHERE id BETWEEN 9977891 AND 9978890
	Aggregate  (cost=3765.07..3765.08 rows=1 width=8)
	  ->  Bitmap Heap Scan on sbtest7  (cost=34.37..3762.64 rows=969 width=4)
	        Recheck Cond: ((id >= 9977891) AND (id <= 9978890))
	        ->  Bitmap Index Scan on sbtest7_pkey  (cost=0.00..34.12 rows=969 width=0)
	              Index Cond: ((id >= 9977891) AND (id <= 9978890))

table 8 : explain SELECT SUM(k) FROM sbtest8 WHERE id BETWEEN 7037558 AND 7038557
	Aggregate  (cost=4327.05..4327.06 rows=1 width=8)
	  ->  Bitmap Heap Scan on sbtest8  (cost=39.89..4324.25 rows=1118 width=4)
	        Recheck Cond: ((id >= 7037558) AND (id <= 7038557))
	        ->  Bitmap Index Scan on sbtest8_pkey  (cost=0.00..39.62 rows=1118 width=0)
	              Index Cond: ((id >= 7037558) AND (id <= 7038557))

for point_selects
table 1 : explain SELECT c FROM sbtest1 WHERE id=5877951
	Index Scan using sbtest1_pkey on sbtest1  (cost=0.43..8.45 rows=1 width=121)
	  Index Cond: (id = 5877951)

table 2 : explain SELECT c FROM sbtest2 WHERE id=1455808
	Index Scan using sbtest2_pkey on sbtest2  (cost=0.43..8.45 rows=1 width=121)
	  Index Cond: (id = 1455808)

table 3 : explain SELECT c FROM sbtest3 WHERE id=4167480
	Index Scan using sbtest3_pkey on sbtest3  (cost=0.43..8.45 rows=1 width=121)
	  Index Cond: (id = 4167480)

table 4 : explain SELECT c FROM sbtest4 WHERE id=7924988
	Index Scan using sbtest4_pkey on sbtest4  (cost=0.43..8.45 rows=1 width=121)
	  Index Cond: (id = 7924988)

table 5 : explain SELECT c FROM sbtest5 WHERE id=9089929
	Index Scan using sbtest5_pkey on sbtest5  (cost=0.43..8.45 rows=1 width=121)
	  Index Cond: (id = 9089929)

table 6 : explain SELECT c FROM sbtest6 WHERE id=5281734
	Index Scan using sbtest6_pkey on sbtest6  (cost=0.43..8.45 rows=1 width=121)
	  Index Cond: (id = 5281734)

table 7 : explain SELECT c FROM sbtest7 WHERE id=4685378
	Index Scan using sbtest7_pkey on sbtest7  (cost=0.43..8.45 rows=1 width=121)
	  Index Cond: (id = 4685378)

table 8 : explain SELECT c FROM sbtest8 WHERE id=2469726
	Index Scan using sbtest8_pkey on sbtest8  (cost=0.43..8.45 rows=1 width=121)
	  Index Cond: (id = 2469726)

for: distinct_ranges
table 1 : explain SELECT DISTINCT c FROM sbtest1 WHERE id BETWEEN 2014353 AND 2015352 ORDER BY c
	Unique  (cost=4127.05..4132.31 rows=1052 width=121)
	  ->  Sort  (cost=4127.05..4129.68 rows=1052 width=121)
	        Sort Key: c
	        ->  Bitmap Heap Scan on sbtest1  (cost=35.22..4074.24 rows=1052 width=121)
	              Recheck Cond: ((id >= 2014353) AND (id <= 2015352))
	              ->  Bitmap Index Scan on sbtest1_pkey  (cost=0.00..34.95 rows=1052 width=0)
	                    Index Cond: ((id >= 2014353) AND (id <= 2015352))

table 2 : explain SELECT DISTINCT c FROM sbtest2 WHERE id BETWEEN 922707 AND 923706 ORDER BY c
	Unique  (cost=4455.49..4461.18 rows=1139 width=121)
	  ->  Sort  (cost=4455.49..4458.33 rows=1139 width=121)
	        Sort Key: c
	        ->  Bitmap Heap Scan on sbtest2  (cost=40.11..4397.66 rows=1139 width=121)
	              Recheck Cond: ((id >= 922707) AND (id <= 923706))
	              ->  Bitmap Index Scan on sbtest2_pkey  (cost=0.00..39.83 rows=1139 width=0)
	                    Index Cond: ((id >= 922707) AND (id <= 923706))

table 3 : explain SELECT DISTINCT c FROM sbtest3 WHERE id BETWEEN 5713707 AND 5714706 ORDER BY c
	Unique  (cost=4302.14..4307.62 rows=1096 width=121)
	  ->  Sort  (cost=4302.14..4304.88 rows=1096 width=121)
	        Sort Key: c
	        ->  Bitmap Heap Scan on sbtest3  (cost=39.67..4246.80 rows=1096 width=121)
	              Recheck Cond: ((id >= 5713707) AND (id <= 5714706))
	              ->  Bitmap Index Scan on sbtest3_pkey  (cost=0.00..39.40 rows=1096 width=0)
	                    Index Cond: ((id >= 5713707) AND (id <= 5714706))

table 4 : explain SELECT DISTINCT c FROM sbtest4 WHERE id BETWEEN 5793406 AND 5794405 ORDER BY c
	Unique  (cost=3738.94..3743.69 rows=950 width=121)
	  ->  Sort  (cost=3738.94..3741.32 rows=950 width=121)
	        Sort Key: c
	        ->  Bitmap Heap Scan on sbtest4  (cost=34.17..3691.95 rows=950 width=121)
	              Recheck Cond: ((id >= 5793406) AND (id <= 5794405))
	              ->  Bitmap Index Scan on sbtest4_pkey  (cost=0.00..33.94 rows=950 width=0)
	                    Index Cond: ((id >= 5793406) AND (id <= 5794405))

table 5 : explain SELECT DISTINCT c FROM sbtest5 WHERE id BETWEEN 1029042 AND 1030041 ORDER BY c
	Unique  (cost=3857.63..3862.54 rows=981 width=121)
	  ->  Sort  (cost=3857.63..3860.08 rows=981 width=121)
	        Sort Key: c
	        ->  Bitmap Heap Scan on sbtest5  (cost=34.49..3808.89 rows=981 width=121)
	              Recheck Cond: ((id >= 1029042) AND (id <= 1030041))
	              ->  Bitmap Index Scan on sbtest5_pkey  (cost=0.00..34.25 rows=981 width=0)
	                    Index Cond: ((id >= 1029042) AND (id <= 1030041))

table 6 : explain SELECT DISTINCT c FROM sbtest6 WHERE id BETWEEN 3869688 AND 3870687 ORDER BY c
	Unique  (cost=4084.16..4089.37 rows=1041 width=121)
	  ->  Sort  (cost=4084.16..4086.76 rows=1041 width=121)
	        Sort Key: c
	        ->  Bitmap Heap Scan on sbtest6  (cost=35.11..4031.99 rows=1041 width=121)
	              Recheck Cond: ((id >= 3869688) AND (id <= 3870687))
	              ->  Bitmap Index Scan on sbtest6_pkey  (cost=0.00..34.84 rows=1041 width=0)
	                    Index Cond: ((id >= 3869688) AND (id <= 3870687))

table 7 : explain SELECT DISTINCT c FROM sbtest7 WHERE id BETWEEN 8864109 AND 8865108 ORDER BY c
	Unique  (cost=4033.05..4038.18 rows=1027 width=121)
	  ->  Sort  (cost=4033.05..4035.61 rows=1027 width=121)
	        Sort Key: c
	        ->  Bitmap Heap Scan on sbtest7  (cost=34.96..3981.67 rows=1027 width=121)
	              Recheck Cond: ((id >= 8864109) AND (id <= 8865108))
	              ->  Bitmap Index Scan on sbtest7_pkey  (cost=0.00..34.70 rows=1027 width=0)
	                    Index Cond: ((id >= 8864109) AND (id <= 8865108))

table 8 : explain SELECT DISTINCT c FROM sbtest8 WHERE id BETWEEN 7362019 AND 7363018 ORDER BY c
	Unique  (cost=4025.49..4030.62 rows=1026 width=121)
	  ->  Sort  (cost=4025.49..4028.05 rows=1026 width=121)
	        Sort Key: c
	        ->  Bitmap Heap Scan on sbtest8  (cost=34.95..3974.17 rows=1026 width=121)
	              Recheck Cond: ((id >= 7362019) AND (id <= 7363018))
	              ->  Bitmap Index Scan on sbtest8_pkey  (cost=0.00..34.70 rows=1026 width=0)
	                    Index Cond: ((id >= 7362019) AND (id <= 7363018))

for: sum_ranges
table 1 : explain SELECT SUM(k) FROM sbtest1 WHERE id BETWEEN 6753733 AND 6754732
	Aggregate  (cost=4027.86..4027.87 rows=1 width=8)
	  ->  Bitmap Heap Scan on sbtest1  (cost=35.08..4025.26 rows=1039 width=4)
	        Recheck Cond: ((id >= 6753733) AND (id <= 6754732))
	        ->  Bitmap Index Scan on sbtest1_pkey  (cost=0.00..34.83 rows=1039 width=0)
	              Index Cond: ((id >= 6753733) AND (id <= 6754732))

table 2 : explain SELECT SUM(k) FROM sbtest2 WHERE id BETWEEN 8320136 AND 8321135
	Aggregate  (cost=3646.99..3647.00 rows=1 width=8)
	  ->  Bitmap Heap Scan on sbtest2  (cost=34.06..3644.64 rows=939 width=4)
	        Recheck Cond: ((id >= 8320136) AND (id <= 8321135))
	        ->  Bitmap Index Scan on sbtest2_pkey  (cost=0.00..33.83 rows=939 width=0)
	              Index Cond: ((id >= 8320136) AND (id <= 8321135))

table 3 : explain SELECT SUM(k) FROM sbtest3 WHERE id BETWEEN 502351 AND 503350
	Aggregate  (cost=3591.78..3591.79 rows=1 width=8)
	  ->  Bitmap Heap Scan on sbtest3  (cost=33.90..3589.47 rows=923 width=4)
	        Recheck Cond: ((id >= 502351) AND (id <= 503350))
	        ->  Bitmap Index Scan on sbtest3_pkey  (cost=0.00..33.67 rows=923 width=0)
	              Index Cond: ((id >= 502351) AND (id <= 503350))

table 4 : explain SELECT SUM(k) FROM sbtest4 WHERE id BETWEEN 6724858 AND 6725857
	Aggregate  (cost=3826.79..3826.80 rows=1 width=8)
	  ->  Bitmap Heap Scan on sbtest4  (cost=34.53..3824.33 rows=985 width=4)
	        Recheck Cond: ((id >= 6724858) AND (id <= 6725857))
	        ->  Bitmap Index Scan on sbtest4_pkey  (cost=0.00..34.29 rows=985 width=0)
	              Index Cond: ((id >= 6724858) AND (id <= 6725857))

table 5 : explain SELECT SUM(k) FROM sbtest5 WHERE id BETWEEN 4204583 AND 4205582
	Aggregate  (cost=3981.42..3981.43 rows=1 width=8)
	  ->  Bitmap Heap Scan on sbtest5  (cost=34.95..3978.85 rows=1026 width=4)
	        Recheck Cond: ((id >= 4204583) AND (id <= 4205582))
	        ->  Bitmap Index Scan on sbtest5_pkey  (cost=0.00..34.70 rows=1026 width=0)
	              Index Cond: ((id >= 4204583) AND (id <= 4205582))

table 6 : explain SELECT SUM(k) FROM sbtest6 WHERE id BETWEEN 1303781 AND 1304780
	Aggregate  (cost=3978.03..3978.04 rows=1 width=8)
	  ->  Bitmap Heap Scan on sbtest6  (cost=34.95..3975.46 rows=1026 width=4)
	        Recheck Cond: ((id >= 1303781) AND (id <= 1304780))
	        ->  Bitmap Index Scan on sbtest6_pkey  (cost=0.00..34.70 rows=1026 width=0)
	              Index Cond: ((id >= 1303781) AND (id <= 1304780))

table 7 : explain SELECT SUM(k) FROM sbtest7 WHERE id BETWEEN 2531479 AND 2532478
	Aggregate  (cost=3889.82..3889.83 rows=1 width=8)
	  ->  Bitmap Heap Scan on sbtest7  (cost=34.71..3887.32 rows=1002 width=4)
	        Recheck Cond: ((id >= 2531479) AND (id <= 2532478))
	        ->  Bitmap Index Scan on sbtest7_pkey  (cost=0.00..34.45 rows=1002 width=0)
	              Index Cond: ((id >= 2531479) AND (id <= 2532478))

table 8 : explain SELECT SUM(k) FROM sbtest8 WHERE id BETWEEN 4015557 AND 4016556
	Aggregate  (cost=3946.57..3946.58 rows=1 width=8)
	  ->  Bitmap Heap Scan on sbtest8  (cost=34.87..3944.03 rows=1018 width=4)
	        Recheck Cond: ((id >= 4015557) AND (id <= 4016556))
	        ->  Bitmap Index Scan on sbtest8_pkey  (cost=0.00..34.62 rows=1018 width=0)
	              Index Cond: ((id >= 4015557) AND (id <= 4016556))

for point_selects
table 1 : explain SELECT c FROM sbtest1 WHERE id=7248828
	Index Scan using sbtest1_pkey on sbtest1  (cost=0.43..8.45 rows=1 width=121)
	  Index Cond: (id = 7248828)

table 2 : explain SELECT c FROM sbtest2 WHERE id=2545229
	Index Scan using sbtest2_pkey on sbtest2  (cost=0.43..8.45 rows=1 width=121)
	  Index Cond: (id = 2545229)

table 3 : explain SELECT c FROM sbtest3 WHERE id=9006386
	Index Scan using sbtest3_pkey on sbtest3  (cost=0.43..8.45 rows=1 width=121)
	  Index Cond: (id = 9006386)

table 4 : explain SELECT c FROM sbtest4 WHERE id=9669427
	Index Scan using sbtest4_pkey on sbtest4  (cost=0.43..8.45 rows=1 width=121)
	  Index Cond: (id = 9669427)

table 5 : explain SELECT c FROM sbtest5 WHERE id=3106172
	Index Scan using sbtest5_pkey on sbtest5  (cost=0.43..8.45 rows=1 width=121)
	  Index Cond: (id = 3106172)

table 6 : explain SELECT c FROM sbtest6 WHERE id=7851655
	Index Scan using sbtest6_pkey on sbtest6  (cost=0.43..8.45 rows=1 width=121)
	  Index Cond: (id = 7851655)

table 7 : explain SELECT c FROM sbtest7 WHERE id=1768324
	Index Scan using sbtest7_pkey on sbtest7  (cost=0.43..8.45 rows=1 width=121)
	  Index Cond: (id = 1768324)

table 8 : explain SELECT c FROM sbtest8 WHERE id=1255396
	Index Scan using sbtest8_pkey on sbtest8  (cost=0.43..8.45 rows=1 width=121)
	  Index Cond: (id = 1255396)

explain: for point_selects :: explain SELECT c FROM sbtest%u WHERE id=%u
for: order_ranges
table 1 : explain SELECT c FROM sbtest1 WHERE id BETWEEN 8566215 AND 8567214 ORDER BY c
	Sort  (cost=3847.53..3849.98 rows=979 width=121)
	  Sort Key: c
	  ->  Bitmap Heap Scan on sbtest1  (cost=34.47..3798.90 rows=979 width=121)
	        Recheck Cond: ((id >= 8566215) AND (id <= 8567214))
	        ->  Bitmap Index Scan on sbtest1_pkey  (cost=0.00..34.23 rows=979 width=0)
	              Index Cond: ((id >= 8566215) AND (id <= 8567214))

table 2 : explain SELECT c FROM sbtest2 WHERE id BETWEEN 555134 AND 556133 ORDER BY c
	Sort  (cost=3717.83..3720.19 rows=946 width=121)
	  Sort Key: c
	  ->  Bitmap Heap Scan on sbtest2  (cost=34.13..3671.07 rows=946 width=121)
	        Recheck Cond: ((id >= 555134) AND (id <= 556133))
	        ->  Bitmap Index Scan on sbtest2_pkey  (cost=0.00..33.90 rows=946 width=0)
	              Index Cond: ((id >= 555134) AND (id <= 556133))

table 3 : explain SELECT c FROM sbtest3 WHERE id BETWEEN 528998 AND 529997 ORDER BY c
	Sort  (cost=3634.93..3637.24 rows=923 width=121)
	  Sort Key: c
	  ->  Bitmap Heap Scan on sbtest3  (cost=33.90..3589.47 rows=923 width=121)
	        Recheck Cond: ((id >= 528998) AND (id <= 529997))
	        ->  Bitmap Index Scan on sbtest3_pkey  (cost=0.00..33.67 rows=923 width=0)
	              Index Cond: ((id >= 528998) AND (id <= 529997))

table 4 : explain SELECT c FROM sbtest4 WHERE id BETWEEN 7655495 AND 7656494 ORDER BY c
	Sort  (cost=4164.56..4167.21 rows=1061 width=121)
	  Sort Key: c
	  ->  Bitmap Heap Scan on sbtest4  (cost=35.31..4111.24 rows=1061 width=121)
	        Recheck Cond: ((id >= 7655495) AND (id <= 7656494))
	        ->  Bitmap Index Scan on sbtest4_pkey  (cost=0.00..35.05 rows=1061 width=0)
	              Index Cond: ((id >= 7655495) AND (id <= 7656494))

table 5 : explain SELECT c FROM sbtest5 WHERE id BETWEEN 8640128 AND 8641127 ORDER BY c
	Sort  (cost=3968.85..3971.37 rows=1010 width=121)
	  Sort Key: c
	  ->  Bitmap Heap Scan on sbtest5  (cost=34.79..3918.45 rows=1010 width=121)
	        Recheck Cond: ((id >= 8640128) AND (id <= 8641127))
	        ->  Bitmap Index Scan on sbtest5_pkey  (cost=0.00..34.54 rows=1010 width=0)
	              Index Cond: ((id >= 8640128) AND (id <= 8641127))

table 6 : explain SELECT c FROM sbtest6 WHERE id BETWEEN 9752323 AND 9753322 ORDER BY c
	Sort  (cost=3896.60..3899.08 rows=992 width=121)
	  Sort Key: c
	  ->  Bitmap Heap Scan on sbtest6  (cost=34.60..3847.23 rows=992 width=121)
	        Recheck Cond: ((id >= 9752323) AND (id <= 9753322))
	        ->  Bitmap Index Scan on sbtest6_pkey  (cost=0.00..34.36 rows=992 width=0)
	              Index Cond: ((id >= 9752323) AND (id <= 9753322))

table 7 : explain SELECT c FROM sbtest7 WHERE id BETWEEN 5859587 AND 5860586 ORDER BY c
	Sort  (cost=4293.40..4296.13 rows=1094 width=121)
	  Sort Key: c
	  ->  Bitmap Heap Scan on sbtest7  (cost=39.65..4238.18 rows=1094 width=121)
	        Recheck Cond: ((id >= 5859587) AND (id <= 5860586))
	        ->  Bitmap Index Scan on sbtest7_pkey  (cost=0.00..39.38 rows=1094 width=0)
	              Index Cond: ((id >= 5859587) AND (id <= 5860586))

table 8 : explain SELECT c FROM sbtest8 WHERE id BETWEEN 8440078 AND 8441077 ORDER BY c
	Sort  (cost=4113.42..4116.04 rows=1049 width=121)
	  Sort Key: c
	  ->  Bitmap Heap Scan on sbtest8  (cost=35.19..4060.79 rows=1049 width=121)
	        Recheck Cond: ((id >= 8440078) AND (id <= 8441077))
	        ->  Bitmap Index Scan on sbtest8_pkey  (cost=0.00..34.93 rows=1049 width=0)
	              Index Cond: ((id >= 8440078) AND (id <= 8441077))

explain: for point_selects :: explain SELECT c FROM sbtest%u WHERE id=%u
for: simple_ranges
table 1 : explain SELECT c FROM sbtest1 WHERE id BETWEEN 720916 AND 721915
	Bitmap Heap Scan on sbtest1  (cost=35.22..4074.24 rows=1052 width=121)
	  Recheck Cond: ((id >= 720916) AND (id <= 721915))
	  ->  Bitmap Index Scan on sbtest1_pkey  (cost=0.00..34.95 rows=1052 width=0)
	        Index Cond: ((id >= 720916) AND (id <= 721915))

table 2 : explain SELECT c FROM sbtest2 WHERE id BETWEEN 4408233 AND 4409232
	Bitmap Heap Scan on sbtest2  (cost=35.34..4115.70 rows=1064 width=121)
	  Recheck Cond: ((id >= 4408233) AND (id <= 4409232))
	  ->  Bitmap Index Scan on sbtest2_pkey  (cost=0.00..35.08 rows=1064 width=0)
	        Index Cond: ((id >= 4408233) AND (id <= 4409232))

table 3 : explain SELECT c FROM sbtest3 WHERE id BETWEEN 527117 AND 528116
	Bitmap Heap Scan on sbtest3  (cost=33.90..3589.47 rows=923 width=121)
	  Recheck Cond: ((id >= 527117) AND (id <= 528116))
	  ->  Bitmap Index Scan on sbtest3_pkey  (cost=0.00..33.67 rows=923 width=0)
	        Index Cond: ((id >= 527117) AND (id <= 528116))

table 4 : explain SELECT c FROM sbtest4 WHERE id BETWEEN 5956720 AND 5957719
	Bitmap Heap Scan on sbtest4  (cost=33.98..3620.03 rows=931 width=121)
	  Recheck Cond: ((id >= 5956720) AND (id <= 5957719))
	  ->  Bitmap Index Scan on sbtest4_pkey  (cost=0.00..33.75 rows=931 width=0)
	        Index Cond: ((id >= 5956720) AND (id <= 5957719))

table 5 : explain SELECT c FROM sbtest5 WHERE id BETWEEN 6504896 AND 6505895
	Bitmap Heap Scan on sbtest5  (cost=34.19..3699.22 rows=952 width=121)
	  Recheck Cond: ((id >= 6504896) AND (id <= 6505895))
	  ->  Bitmap Index Scan on sbtest5_pkey  (cost=0.00..33.95 rows=952 width=0)
	        Index Cond: ((id >= 6504896) AND (id <= 6505895))

table 6 : explain SELECT c FROM sbtest6 WHERE id BETWEEN 6862665 AND 6863664
	Bitmap Heap Scan on sbtest6  (cost=34.85..3937.76 rows=1016 width=121)
	  Recheck Cond: ((id >= 6862665) AND (id <= 6863664))
	  ->  Bitmap Index Scan on sbtest6_pkey  (cost=0.00..34.59 rows=1016 width=0)
	        Index Cond: ((id >= 6862665) AND (id <= 6863664))

table 7 : explain SELECT c FROM sbtest7 WHERE id BETWEEN 7864958 AND 7865957
	Bitmap Heap Scan on sbtest7  (cost=33.83..3565.91 rows=917 width=121)
	  Recheck Cond: ((id >= 7864958) AND (id <= 7865957))
	  ->  Bitmap Index Scan on sbtest7_pkey  (cost=0.00..33.61 rows=917 width=0)
	        Index Cond: ((id >= 7864958) AND (id <= 7865957))

table 8 : explain SELECT c FROM sbtest8 WHERE id BETWEEN 8150177 AND 8151176
	Bitmap Heap Scan on sbtest8  (cost=34.53..3819.60 rows=985 width=121)
	  Recheck Cond: ((id >= 8150177) AND (id <= 8151176))
	  ->  Bitmap Index Scan on sbtest8_pkey  (cost=0.00..34.29 rows=985 width=0)
	        Index Cond: ((id >= 8150177) AND (id <= 8151176))

for point_selects
table 1 : explain SELECT c FROM sbtest1 WHERE id=9521732
	Index Scan using sbtest1_pkey on sbtest1  (cost=0.43..8.45 rows=1 width=121)
	  Index Cond: (id = 9521732)

table 2 : explain SELECT c FROM sbtest2 WHERE id=4273379
	Index Scan using sbtest2_pkey on sbtest2  (cost=0.43..8.45 rows=1 width=121)
	  Index Cond: (id = 4273379)

table 3 : explain SELECT c FROM sbtest3 WHERE id=5803225
	Index Scan using sbtest3_pkey on sbtest3  (cost=0.43..8.45 rows=1 width=121)
	  Index Cond: (id = 5803225)

table 4 : explain SELECT c FROM sbtest4 WHERE id=36265
	Index Scan using sbtest4_pkey on sbtest4  (cost=0.43..8.45 rows=1 width=121)
	  Index Cond: (id = 36265)

table 5 : explain SELECT c FROM sbtest5 WHERE id=5762243
	Index Scan using sbtest5_pkey on sbtest5  (cost=0.43..8.45 rows=1 width=121)
	  Index Cond: (id = 5762243)

table 6 : explain SELECT c FROM sbtest6 WHERE id=1365432
	Index Scan using sbtest6_pkey on sbtest6  (cost=0.43..8.45 rows=1 width=121)
	  Index Cond: (id = 1365432)

table 7 : explain SELECT c FROM sbtest7 WHERE id=2076463
	Index Scan using sbtest7_pkey on sbtest7  (cost=0.43..8.45 rows=1 width=121)
	  Index Cond: (id = 2076463)

table 8 : explain SELECT c FROM sbtest8 WHERE id=4645309
	Index Scan using sbtest8_pkey on sbtest8  (cost=0.43..8.45 rows=1 width=121)
	  Index Cond: (id = 4645309)

for: sum_ranges
table 1 : explain SELECT SUM(k) FROM sbtest1 WHERE id BETWEEN 7731980 AND 7732979
	Aggregate  (cost=3725.74..3725.75 rows=1 width=8)
	  ->  Bitmap Heap Scan on sbtest1  (cost=34.26..3723.35 rows=959 width=4)
	        Recheck Cond: ((id >= 7731980) AND (id <= 7732979))
	        ->  Bitmap Index Scan on sbtest1_pkey  (cost=0.00..34.03 rows=959 width=0)
	              Index Cond: ((id >= 7731980) AND (id <= 7732979))

table 2 : explain SELECT SUM(k) FROM sbtest2 WHERE id BETWEEN 3933460 AND 3934459
	Aggregate  (cost=3692.32..3692.33 rows=1 width=8)
	  ->  Bitmap Heap Scan on sbtest2  (cost=34.18..3689.95 rows=951 width=4)
	        Recheck Cond: ((id >= 3933460) AND (id <= 3934459))
	        ->  Bitmap Index Scan on sbtest2_pkey  (cost=0.00..33.95 rows=951 width=0)
	              Index Cond: ((id >= 3933460) AND (id <= 3934459))

table 3 : explain SELECT SUM(k) FROM sbtest3 WHERE id BETWEEN 6471228 AND 6472227
	Aggregate  (cost=3977.68..3977.69 rows=1 width=8)
	  ->  Bitmap Heap Scan on sbtest3  (cost=34.94..3975.12 rows=1025 width=4)
	        Recheck Cond: ((id >= 6471228) AND (id <= 6472227))
	        ->  Bitmap Index Scan on sbtest3_pkey  (cost=0.00..34.69 rows=1025 width=0)
	              Index Cond: ((id >= 6471228) AND (id <= 6472227))

table 4 : explain SELECT SUM(k) FROM sbtest4 WHERE id BETWEEN 8975512 AND 8976511
	Aggregate  (cost=3883.51..3883.52 rows=1 width=8)
	  ->  Bitmap Heap Scan on sbtest4  (cost=34.69..3881.01 rows=1000 width=4)
	        Recheck Cond: ((id >= 8975512) AND (id <= 8976511))
	        ->  Bitmap Index Scan on sbtest4_pkey  (cost=0.00..34.44 rows=1000 width=0)
	              Index Cond: ((id >= 8975512) AND (id <= 8976511))

table 5 : explain SELECT SUM(k) FROM sbtest5 WHERE id BETWEEN 1325757 AND 1326756
	Aggregate  (cost=4139.94..4139.95 rows=1 width=8)
	  ->  Bitmap Heap Scan on sbtest5  (cost=35.38..4137.27 rows=1068 width=4)
	        Recheck Cond: ((id >= 1325757) AND (id <= 1326756))
	        ->  Bitmap Index Scan on sbtest5_pkey  (cost=0.00..35.12 rows=1068 width=0)
	              Index Cond: ((id >= 1325757) AND (id <= 1326756))

table 6 : explain SELECT SUM(k) FROM sbtest6 WHERE id BETWEEN 6141652 AND 6142651
	Aggregate  (cost=3539.42..3539.43 rows=1 width=8)
	  ->  Bitmap Heap Scan on sbtest6  (cost=29.77..3537.15 rows=911 width=4)
	        Recheck Cond: ((id >= 6141652) AND (id <= 6142651))
	        ->  Bitmap Index Scan on sbtest6_pkey  (cost=0.00..29.54 rows=911 width=0)
	              Index Cond: ((id >= 6141652) AND (id <= 6142651))

table 7 : explain SELECT SUM(k) FROM sbtest7 WHERE id BETWEEN 7264311 AND 7265310
	Aggregate  (cost=3518.72..3518.73 rows=1 width=8)
	  ->  Bitmap Heap Scan on sbtest7  (cost=29.71..3516.46 rows=905 width=4)
	        Recheck Cond: ((id >= 7264311) AND (id <= 7265310))
	        ->  Bitmap Index Scan on sbtest7_pkey  (cost=0.00..29.48 rows=905 width=0)
	              Index Cond: ((id >= 7264311) AND (id <= 7265310))

table 8 : explain SELECT SUM(k) FROM sbtest8 WHERE id BETWEEN 4862475 AND 4863474
	Aggregate  (cost=3912.63..3912.64 rows=1 width=8)
	  ->  Bitmap Heap Scan on sbtest8  (cost=34.78..3910.11 rows=1009 width=4)
	        Recheck Cond: ((id >= 4862475) AND (id <= 4863474))
	        ->  Bitmap Index Scan on sbtest8_pkey  (cost=0.00..34.53 rows=1009 width=0)
	              Index Cond: ((id >= 4862475) AND (id <= 4863474))

for: simple_ranges
table 1 : explain SELECT c FROM sbtest1 WHERE id BETWEEN 5109164 AND 5110163
	Bitmap Heap Scan on sbtest1  (cost=34.98..3987.56 rows=1029 width=121)
	  Recheck Cond: ((id >= 5109164) AND (id <= 5110163))
	  ->  Bitmap Index Scan on sbtest1_pkey  (cost=0.00..34.73 rows=1029 width=0)
	        Index Cond: ((id >= 5109164) AND (id <= 5110163))

table 2 : explain SELECT c FROM sbtest2 WHERE id BETWEEN 47434 AND 48433
	Bitmap Heap Scan on sbtest2  (cost=39.75..4270.02 rows=1104 width=121)
	  Recheck Cond: ((id >= 47434) AND (id <= 48433))
	  ->  Bitmap Index Scan on sbtest2_pkey  (cost=0.00..39.48 rows=1104 width=0)
	        Index Cond: ((id >= 47434) AND (id <= 48433))

table 3 : explain SELECT c FROM sbtest3 WHERE id BETWEEN 8572727 AND 8573726
	Bitmap Heap Scan on sbtest3  (cost=39.99..4363.49 rows=1127 width=121)
	  Recheck Cond: ((id >= 8572727) AND (id <= 8573726))
	  ->  Bitmap Index Scan on sbtest3_pkey  (cost=0.00..39.70 rows=1127 width=0)
	        Index Cond: ((id >= 8572727) AND (id <= 8573726))

table 4 : explain SELECT c FROM sbtest4 WHERE id BETWEEN 2458817 AND 2459816
	Bitmap Heap Scan on sbtest4  (cost=33.90..3589.73 rows=923 width=121)
	  Recheck Cond: ((id >= 2458817) AND (id <= 2459816))
	  ->  Bitmap Index Scan on sbtest4_pkey  (cost=0.00..33.67 rows=923 width=0)
	        Index Cond: ((id >= 2458817) AND (id <= 2459816))

table 5 : explain SELECT c FROM sbtest5 WHERE id BETWEEN 5988019 AND 5989018
	Bitmap Heap Scan on sbtest5  (cost=34.14..3680.30 rows=947 width=121)
	  Recheck Cond: ((id >= 5988019) AND (id <= 5989018))
	  ->  Bitmap Index Scan on sbtest5_pkey  (cost=0.00..33.91 rows=947 width=0)
	        Index Cond: ((id >= 5988019) AND (id <= 5989018))

table 6 : explain SELECT c FROM sbtest6 WHERE id BETWEEN 8604457 AND 8605456
	Bitmap Heap Scan on sbtest6  (cost=33.89..3582.76 rows=922 width=121)
	  Recheck Cond: ((id >= 8604457) AND (id <= 8605456))
	  ->  Bitmap Index Scan on sbtest6_pkey  (cost=0.00..33.66 rows=922 width=0)
	        Index Cond: ((id >= 8604457) AND (id <= 8605456))

table 7 : explain SELECT c FROM sbtest7 WHERE id BETWEEN 2702806 AND 2703805
	Bitmap Heap Scan on sbtest7  (cost=33.90..3588.63 rows=923 width=121)
	  Recheck Cond: ((id >= 2702806) AND (id <= 2703805))
	  ->  Bitmap Index Scan on sbtest7_pkey  (cost=0.00..33.67 rows=923 width=0)
	        Index Cond: ((id >= 2702806) AND (id <= 2703805))

table 8 : explain SELECT c FROM sbtest8 WHERE id BETWEEN 3463931 AND 3464930
	Bitmap Heap Scan on sbtest8  (cost=35.18..4057.03 rows=1048 width=121)
	  Recheck Cond: ((id >= 3463931) AND (id <= 3464930))
	  ->  Bitmap Index Scan on sbtest8_pkey  (cost=0.00..34.92 rows=1048 width=0)
	        Index Cond: ((id >= 3463931) AND (id <= 3464930))

for: simple_ranges
table 1 : explain SELECT c FROM sbtest1 WHERE id BETWEEN 1278933 AND 1279932
	Bitmap Heap Scan on sbtest1  (cost=34.67..3874.40 rows=999 width=121)
	  Recheck Cond: ((id >= 1278933) AND (id <= 1279932))
	  ->  Bitmap Index Scan on sbtest1_pkey  (cost=0.00..34.43 rows=999 width=0)
	        Index Cond: ((id >= 1278933) AND (id <= 1279932))

table 2 : explain SELECT c FROM sbtest2 WHERE id BETWEEN 1791217 AND 1792216
	Bitmap Heap Scan on sbtest2  (cost=34.79..3912.44 rows=1010 width=121)
	  Recheck Cond: ((id >= 1791217) AND (id <= 1792216))
	  ->  Bitmap Index Scan on sbtest2_pkey  (cost=0.00..34.54 rows=1010 width=0)
	        Index Cond: ((id >= 1791217) AND (id <= 1792216))

table 3 : explain SELECT c FROM sbtest3 WHERE id BETWEEN 2537108 AND 2538107
	Bitmap Heap Scan on sbtest3  (cost=34.72..3892.05 rows=1003 width=121)
	  Recheck Cond: ((id >= 2537108) AND (id <= 2538107))
	  ->  Bitmap Index Scan on sbtest3_pkey  (cost=0.00..34.47 rows=1003 width=0)
	        Index Cond: ((id >= 2537108) AND (id <= 2538107))

table 4 : explain SELECT c FROM sbtest4 WHERE id BETWEEN 8540579 AND 8541578
	Bitmap Heap Scan on sbtest4  (cost=34.59..3847.00 rows=991 width=121)
	  Recheck Cond: ((id >= 8540579) AND (id <= 8541578))
	  ->  Bitmap Index Scan on sbtest4_pkey  (cost=0.00..34.34 rows=991 width=0)
	        Index Cond: ((id >= 8540579) AND (id <= 8541578))

table 5 : explain SELECT c FROM sbtest5 WHERE id BETWEEN 3969995 AND 3970994
	Bitmap Heap Scan on sbtest5  (cost=34.63..3861.79 rows=995 width=121)
	  Recheck Cond: ((id >= 3969995) AND (id <= 3970994))
	  ->  Bitmap Index Scan on sbtest5_pkey  (cost=0.00..34.39 rows=995 width=0)
	        Index Cond: ((id >= 3969995) AND (id <= 3970994))

table 6 : explain SELECT c FROM sbtest6 WHERE id BETWEEN 5742484 AND 5743483
	Bitmap Heap Scan on sbtest6  (cost=33.84..3567.63 rows=918 width=121)
	  Recheck Cond: ((id >= 5742484) AND (id <= 5743483))
	  ->  Bitmap Index Scan on sbtest6_pkey  (cost=0.00..33.62 rows=918 width=0)
	        Index Cond: ((id >= 5742484) AND (id <= 5743483))

table 7 : explain SELECT c FROM sbtest7 WHERE id BETWEEN 5500706 AND 5501705
	Bitmap Heap Scan on sbtest7  (cost=34.98..3989.22 rows=1029 width=121)
	  Recheck Cond: ((id >= 5500706) AND (id <= 5501705))
	  ->  Bitmap Index Scan on sbtest7_pkey  (cost=0.00..34.73 rows=1029 width=0)
	        Index Cond: ((id >= 5500706) AND (id <= 5501705))

table 8 : explain SELECT c FROM sbtest8 WHERE id BETWEEN 6057689 AND 6058688
	Bitmap Heap Scan on sbtest8  (cost=34.59..3842.23 rows=991 width=121)
	  Recheck Cond: ((id >= 6057689) AND (id <= 6058688))
	  ->  Bitmap Index Scan on sbtest8_pkey  (cost=0.00..34.34 rows=991 width=0)
	        Index Cond: ((id >= 6057689) AND (id <= 6058688))

for: order_ranges
table 1 : explain SELECT c FROM sbtest1 WHERE id BETWEEN 8890082 AND 8891081 ORDER BY c
	Sort  (cost=3882.03..3884.50 rows=988 width=121)
	  Sort Key: c
	  ->  Bitmap Heap Scan on sbtest1  (cost=34.56..3832.88 rows=988 width=121)
	        Recheck Cond: ((id >= 8890082) AND (id <= 8891081))
	        ->  Bitmap Index Scan on sbtest1_pkey  (cost=0.00..34.32 rows=988 width=0)
	              Index Cond: ((id >= 8890082) AND (id <= 8891081))

table 2 : explain SELECT c FROM sbtest2 WHERE id BETWEEN 5739452 AND 5740451 ORDER BY c
	Sort  (cost=4218.81..4221.51 rows=1077 width=121)
	  Sort Key: c
	  ->  Bitmap Heap Scan on sbtest2  (cost=35.47..4164.57 rows=1077 width=121)
	        Recheck Cond: ((id >= 5739452) AND (id <= 5740451))
	        ->  Bitmap Index Scan on sbtest2_pkey  (cost=0.00..35.20 rows=1077 width=0)
	              Index Cond: ((id >= 5739452) AND (id <= 5740451))

table 3 : explain SELECT c FROM sbtest3 WHERE id BETWEEN 9162093 AND 9163092 ORDER BY c
	Sort  (cost=4202.51..4205.19 rows=1071 width=121)
	  Sort Key: c
	  ->  Bitmap Heap Scan on sbtest3  (cost=35.41..4148.62 rows=1071 width=121)
	        Recheck Cond: ((id >= 9162093) AND (id <= 9163092))
	        ->  Bitmap Index Scan on sbtest3_pkey  (cost=0.00..35.15 rows=1071 width=0)
	              Index Cond: ((id >= 9162093) AND (id <= 9163092))

table 4 : explain SELECT c FROM sbtest4 WHERE id BETWEEN 5852839 AND 5853838 ORDER BY c
	Sort  (cost=4156.91..4159.55 rows=1059 width=121)
	  Sort Key: c
	  ->  Bitmap Heap Scan on sbtest4  (cost=35.29..4103.70 rows=1059 width=121)
	        Recheck Cond: ((id >= 5852839) AND (id <= 5853838))
	        ->  Bitmap Index Scan on sbtest4_pkey  (cost=0.00..35.03 rows=1059 width=0)
	              Index Cond: ((id >= 5852839) AND (id <= 5853838))

table 5 : explain SELECT c FROM sbtest5 WHERE id BETWEEN 323571 AND 324570 ORDER BY c
	Sort  (cost=3869.14..3871.60 rows=984 width=121)
	  Sort Key: c
	  ->  Bitmap Heap Scan on sbtest5  (cost=34.52..3820.22 rows=984 width=121)
	        Recheck Cond: ((id >= 323571) AND (id <= 324570))
	        ->  Bitmap Index Scan on sbtest5_pkey  (cost=0.00..34.28 rows=984 width=0)
	              Index Cond: ((id >= 323571) AND (id <= 324570))

table 6 : explain SELECT c FROM sbtest6 WHERE id BETWEEN 8504304 AND 8505303 ORDER BY c
	Sort  (cost=4107.11..4109.72 rows=1047 width=121)
	  Sort Key: c
	  ->  Bitmap Heap Scan on sbtest6  (cost=35.17..4054.59 rows=1047 width=121)
	        Recheck Cond: ((id >= 8504304) AND (id <= 8505303))
	        ->  Bitmap Index Scan on sbtest6_pkey  (cost=0.00..34.91 rows=1047 width=0)
	              Index Cond: ((id >= 8504304) AND (id <= 8505303))

table 7 : explain SELECT c FROM sbtest7 WHERE id BETWEEN 8305442 AND 8306441 ORDER BY c
	Sort  (cost=3753.14..3755.53 rows=954 width=121)
	  Sort Key: c
	  ->  Bitmap Heap Scan on sbtest7  (cost=34.21..3705.93 rows=954 width=121)
	        Recheck Cond: ((id >= 8305442) AND (id <= 8306441))
	        ->  Bitmap Index Scan on sbtest7_pkey  (cost=0.00..33.98 rows=954 width=0)
	              Index Cond: ((id >= 8305442) AND (id <= 8306441))

table 8 : explain SELECT c FROM sbtest8 WHERE id BETWEEN 6508725 AND 6509724 ORDER BY c
	Sort  (cost=4063.73..4066.32 rows=1036 width=121)
	  Sort Key: c
	  ->  Bitmap Heap Scan on sbtest8  (cost=35.05..4011.84 rows=1036 width=121)
	        Recheck Cond: ((id >= 6508725) AND (id <= 6509724))
	        ->  Bitmap Index Scan on sbtest8_pkey  (cost=0.00..34.80 rows=1036 width=0)
	              Index Cond: ((id >= 6508725) AND (id <= 6509724))

for: simple_ranges
table 1 : explain SELECT c FROM sbtest1 WHERE id BETWEEN 4739545 AND 4740544
	Bitmap Heap Scan on sbtest1  (cost=34.73..3893.27 rows=1004 width=121)
	  Recheck Cond: ((id >= 4739545) AND (id <= 4740544))
	  ->  Bitmap Index Scan on sbtest1_pkey  (cost=0.00..34.48 rows=1004 width=0)
	        Index Cond: ((id >= 4739545) AND (id <= 4740544))

table 2 : explain SELECT c FROM sbtest2 WHERE id BETWEEN 7763126 AND 7764125
	Bitmap Heap Scan on sbtest2  (cost=35.52..4179.61 rows=1081 width=121)
	  Recheck Cond: ((id >= 7763126) AND (id <= 7764125))
	  ->  Bitmap Index Scan on sbtest2_pkey  (cost=0.00..35.25 rows=1081 width=0)
	        Index Cond: ((id >= 7763126) AND (id <= 7764125))

table 3 : explain SELECT c FROM sbtest3 WHERE id BETWEEN 4794906 AND 4795905
	Bitmap Heap Scan on sbtest3  (cost=34.60..3850.49 rows=992 width=121)
	  Recheck Cond: ((id >= 4794906) AND (id <= 4795905))
	  ->  Bitmap Index Scan on sbtest3_pkey  (cost=0.00..34.36 rows=992 width=0)
	        Index Cond: ((id >= 4794906) AND (id <= 4795905))

table 4 : explain SELECT c FROM sbtest4 WHERE id BETWEEN 9459452 AND 9460451
	Bitmap Heap Scan on sbtest4  (cost=35.32..4115.01 rows=1062 width=121)
	  Recheck Cond: ((id >= 9459452) AND (id <= 9460451))
	  ->  Bitmap Index Scan on sbtest4_pkey  (cost=0.00..35.06 rows=1062 width=0)
	        Index Cond: ((id >= 9459452) AND (id <= 9460451))

table 5 : explain SELECT c FROM sbtest5 WHERE id BETWEEN 390347 AND 391346
	Bitmap Heap Scan on sbtest5  (cost=34.52..3820.22 rows=984 width=121)
	  Recheck Cond: ((id >= 390347) AND (id <= 391346))
	  ->  Bitmap Index Scan on sbtest5_pkey  (cost=0.00..34.28 rows=984 width=0)
	        Index Cond: ((id >= 390347) AND (id <= 391346))

table 6 : explain SELECT c FROM sbtest6 WHERE id BETWEEN 6213730 AND 6214729
	Bitmap Heap Scan on sbtest6  (cost=34.03..3635.71 rows=936 width=121)
	  Recheck Cond: ((id >= 6213730) AND (id <= 6214729))
	  ->  Bitmap Index Scan on sbtest6_pkey  (cost=0.00..33.80 rows=936 width=0)
	        Index Cond: ((id >= 6213730) AND (id <= 6214729))

table 7 : explain SELECT c FROM sbtest7 WHERE id BETWEEN 4067834 AND 4068833
	Bitmap Heap Scan on sbtest7  (cost=34.36..3758.86 rows=968 width=121)
	  Recheck Cond: ((id >= 4067834) AND (id <= 4068833))
	  ->  Bitmap Index Scan on sbtest7_pkey  (cost=0.00..34.12 rows=968 width=0)
	        Index Cond: ((id >= 4067834) AND (id <= 4068833))

table 8 : explain SELECT c FROM sbtest8 WHERE id BETWEEN 9032337 AND 9033336
	Bitmap Heap Scan on sbtest8  (cost=34.16..3683.70 rows=949 width=121)
	  Recheck Cond: ((id >= 9032337) AND (id <= 9033336))
	  ->  Bitmap Index Scan on sbtest8_pkey  (cost=0.00..33.93 rows=949 width=0)
	        Index Cond: ((id >= 9032337) AND (id <= 9033336))

for: distinct_ranges
table 1 : explain SELECT DISTINCT c FROM sbtest1 WHERE id BETWEEN 4834041 AND 4835040 ORDER BY c
	Unique  (cost=3885.86..3890.81 rows=989 width=121)
	  ->  Sort  (cost=3885.86..3888.33 rows=989 width=121)
	        Sort Key: c
	        ->  Bitmap Heap Scan on sbtest1  (cost=34.57..3836.66 rows=989 width=121)
	              Recheck Cond: ((id >= 4834041) AND (id <= 4835040))
	              ->  Bitmap Index Scan on sbtest1_pkey  (cost=0.00..34.33 rows=989 width=0)
	                    Index Cond: ((id >= 4834041) AND (id <= 4835040))

table 2 : explain SELECT DISTINCT c FROM sbtest2 WHERE id BETWEEN 7360892 AND 7361891 ORDER BY c
	Unique  (cost=4069.88..4075.07 rows=1038 width=121)
	  ->  Sort  (cost=4069.88..4072.48 rows=1038 width=121)
	        Sort Key: c
	        ->  Bitmap Heap Scan on sbtest2  (cost=35.07..4017.88 rows=1038 width=121)
	              Recheck Cond: ((id >= 7360892) AND (id <= 7361891))
	              ->  Bitmap Index Scan on sbtest2_pkey  (cost=0.00..34.82 rows=1038 width=0)
	                    Index Cond: ((id >= 7360892) AND (id <= 7361891))

table 3 : explain SELECT DISTINCT c FROM sbtest3 WHERE id BETWEEN 1348711 AND 1349710 ORDER BY c
	Unique  (cost=3965.05..3970.10 rows=1009 width=121)
	  ->  Sort  (cost=3965.05..3967.58 rows=1009 width=121)
	        Sort Key: c
	        ->  Bitmap Heap Scan on sbtest3  (cost=34.78..3914.71 rows=1009 width=121)
	              Recheck Cond: ((id >= 1348711) AND (id <= 1349710))
	              ->  Bitmap Index Scan on sbtest3_pkey  (cost=0.00..34.53 rows=1009 width=0)
	                    Index Cond: ((id >= 1348711) AND (id <= 1349710))

table 4 : explain SELECT DISTINCT c FROM sbtest4 WHERE id BETWEEN 6818940 AND 6819939 ORDER BY c
	Unique  (cost=3873.30..3878.23 rows=985 width=121)
	  ->  Sort  (cost=3873.30..3875.76 rows=985 width=121)
	        Sort Key: c
	        ->  Bitmap Heap Scan on sbtest4  (cost=34.53..3824.33 rows=985 width=121)
	              Recheck Cond: ((id >= 6818940) AND (id <= 6819939))
	              ->  Bitmap Index Scan on sbtest4_pkey  (cost=0.00..34.29 rows=985 width=0)
	                    Index Cond: ((id >= 6818940) AND (id <= 6819939))

table 5 : explain SELECT DISTINCT c FROM sbtest5 WHERE id BETWEEN 8871806 AND 8872805 ORDER BY c
	Unique  (cost=3761.68..3766.46 rows=956 width=121)
	  ->  Sort  (cost=3761.68..3764.07 rows=956 width=121)
	        Sort Key: c
	        ->  Bitmap Heap Scan on sbtest5  (cost=34.23..3714.35 rows=956 width=121)
	              Recheck Cond: ((id >= 8871806) AND (id <= 8872805))
	              ->  Bitmap Index Scan on sbtest5_pkey  (cost=0.00..34.00 rows=956 width=0)
	                    Index Cond: ((id >= 8871806) AND (id <= 8872805))

table 6 : explain SELECT DISTINCT c FROM sbtest6 WHERE id BETWEEN 7644576 AND 7645575 ORDER BY c
	Unique  (cost=3984.68..3989.75 rows=1015 width=121)
	  ->  Sort  (cost=3984.68..3987.21 rows=1015 width=121)
	        Sort Key: c
	        ->  Bitmap Heap Scan on sbtest6  (cost=34.84..3933.99 rows=1015 width=121)
	              Recheck Cond: ((id >= 7644576) AND (id <= 7645575))
	              ->  Bitmap Index Scan on sbtest6_pkey  (cost=0.00..34.59 rows=1015 width=0)
	                    Index Cond: ((id >= 7644576) AND (id <= 7645575))

table 7 : explain SELECT DISTINCT c FROM sbtest7 WHERE id BETWEEN 8346777 AND 8347776 ORDER BY c
	Unique  (cost=3941.09..3946.11 rows=1003 width=121)
	  ->  Sort  (cost=3941.09..3943.60 rows=1003 width=121)
	        Sort Key: c
	        ->  Bitmap Heap Scan on sbtest7  (cost=34.72..3891.09 rows=1003 width=121)
	              Recheck Cond: ((id >= 8346777) AND (id <= 8347776))
	              ->  Bitmap Index Scan on sbtest7_pkey  (cost=0.00..34.47 rows=1003 width=0)
	                    Index Cond: ((id >= 8346777) AND (id <= 8347776))

table 8 : explain SELECT DISTINCT c FROM sbtest8 WHERE id BETWEEN 7552354 AND 7553353 ORDER BY c
	Unique  (cost=3776.63..3781.43 rows=961 width=121)
	  ->  Sort  (cost=3776.63..3779.03 rows=961 width=121)
	        Sort Key: c
	        ->  Bitmap Heap Scan on sbtest8  (cost=34.29..3729.02 rows=961 width=121)
	              Recheck Cond: ((id >= 7552354) AND (id <= 7553353))
	              ->  Bitmap Index Scan on sbtest8_pkey  (cost=0.00..34.05 rows=961 width=0)
	                    Index Cond: ((id >= 7552354) AND (id <= 7553353))

for: order_ranges
table 1 : explain SELECT c FROM sbtest1 WHERE id BETWEEN 3023356 AND 3024355 ORDER BY c
	Sort  (cost=3901.19..3903.67 rows=993 width=121)
	  Sort Key: c
	  ->  Bitmap Heap Scan on sbtest1  (cost=34.61..3851.76 rows=993 width=121)
	        Recheck Cond: ((id >= 3023356) AND (id <= 3024355))
	        ->  Bitmap Index Scan on sbtest1_pkey  (cost=0.00..34.37 rows=993 width=0)
	              Index Cond: ((id >= 3023356) AND (id <= 3024355))

table 2 : explain SELECT c FROM sbtest2 WHERE id BETWEEN 5705824 AND 5706823 ORDER BY c
	Sort  (cost=4218.81..4221.51 rows=1077 width=121)
	  Sort Key: c
	  ->  Bitmap Heap Scan on sbtest2  (cost=35.47..4164.57 rows=1077 width=121)
	        Recheck Cond: ((id >= 5705824) AND (id <= 5706823))
	        ->  Bitmap Index Scan on sbtest2_pkey  (cost=0.00..35.20 rows=1077 width=0)
	              Index Cond: ((id >= 5705824) AND (id <= 5706823))

table 3 : explain SELECT c FROM sbtest3 WHERE id BETWEEN 5575947 AND 5576946 ORDER BY c
	Sort  (cost=4049.36..4051.94 rows=1031 width=121)
	  Sort Key: c
	  ->  Bitmap Heap Scan on sbtest3  (cost=35.00..3997.76 rows=1031 width=121)
	        Recheck Cond: ((id >= 5575947) AND (id <= 5576946))
	        ->  Bitmap Index Scan on sbtest3_pkey  (cost=0.00..34.75 rows=1031 width=0)
	              Index Cond: ((id >= 5575947) AND (id <= 5576946))

table 4 : explain SELECT c FROM sbtest4 WHERE id BETWEEN 7192619 AND 7193618 ORDER BY c
	Sort  (cost=4022.85..4025.41 rows=1024 width=121)
	  Sort Key: c
	  ->  Bitmap Heap Scan on sbtest4  (cost=34.93..3971.65 rows=1024 width=121)
	        Recheck Cond: ((id >= 7192619) AND (id <= 7193618))
	        ->  Bitmap Index Scan on sbtest4_pkey  (cost=0.00..34.68 rows=1024 width=0)
	              Index Cond: ((id >= 7192619) AND (id <= 7193618))

table 5 : explain SELECT c FROM sbtest5 WHERE id BETWEEN 4474864 AND 4475863 ORDER BY c
	Sort  (cost=3965.02..3967.54 rows=1009 width=121)
	  Sort Key: c
	  ->  Bitmap Heap Scan on sbtest5  (cost=34.78..3914.67 rows=1009 width=121)
	        Recheck Cond: ((id >= 4474864) AND (id <= 4475863))
	        ->  Bitmap Index Scan on sbtest5_pkey  (cost=0.00..34.53 rows=1009 width=0)
	              Index Cond: ((id >= 4474864) AND (id <= 4475863))

table 6 : explain SELECT c FROM sbtest6 WHERE id BETWEEN 4134335 AND 4135334 ORDER BY c
	Sort  (cost=4065.03..4067.62 rows=1036 width=121)
	  Sort Key: c
	  ->  Bitmap Heap Scan on sbtest6  (cost=35.05..4013.15 rows=1036 width=121)
	        Recheck Cond: ((id >= 4134335) AND (id <= 4135334))
	        ->  Bitmap Index Scan on sbtest6_pkey  (cost=0.00..34.80 rows=1036 width=0)
	              Index Cond: ((id >= 4134335) AND (id <= 4135334))

table 7 : explain SELECT c FROM sbtest7 WHERE id BETWEEN 2490557 AND 2491556 ORDER BY c
	Sort  (cost=3937.26..3939.76 rows=1002 width=121)
	  Sort Key: c
	  ->  Bitmap Heap Scan on sbtest7  (cost=34.71..3887.32 rows=1002 width=121)
	        Recheck Cond: ((id >= 2490557) AND (id <= 2491556))
	        ->  Bitmap Index Scan on sbtest7_pkey  (cost=0.00..34.45 rows=1002 width=0)
	              Index Cond: ((id >= 2490557) AND (id <= 2491556))

table 8 : explain SELECT c FROM sbtest8 WHERE id BETWEEN 7503230 AND 7504229 ORDER BY c
	Sort  (cost=3776.63..3779.03 rows=961 width=121)
	  Sort Key: c
	  ->  Bitmap Heap Scan on sbtest8  (cost=34.29..3729.02 rows=961 width=121)
	        Recheck Cond: ((id >= 7503230) AND (id <= 7504229))
	        ->  Bitmap Index Scan on sbtest8_pkey  (cost=0.00..34.05 rows=961 width=0)
	              Index Cond: ((id >= 7503230) AND (id <= 7504229))

for: simple_ranges
table 1 : explain SELECT c FROM sbtest1 WHERE id BETWEEN 9625769 AND 9626768
	Bitmap Heap Scan on sbtest1  (cost=35.30..4104.38 rows=1060 width=121)
	  Recheck Cond: ((id >= 9625769) AND (id <= 9626768))
	  ->  Bitmap Index Scan on sbtest1_pkey  (cost=0.00..35.04 rows=1060 width=0)
	        Index Cond: ((id >= 9625769) AND (id <= 9626768))

table 2 : explain SELECT c FROM sbtest2 WHERE id BETWEEN 6925722 AND 6926721
	Bitmap Heap Scan on sbtest2  (cost=35.17..4051.75 rows=1047 width=121)
	  Recheck Cond: ((id >= 6925722) AND (id <= 6926721))
	  ->  Bitmap Index Scan on sbtest2_pkey  (cost=0.00..34.91 rows=1047 width=0)
	        Index Cond: ((id >= 6925722) AND (id <= 6926721))

table 3 : explain SELECT c FROM sbtest3 WHERE id BETWEEN 5311638 AND 5312637
	Bitmap Heap Scan on sbtest3  (cost=35.36..4129.77 rows=1066 width=121)
	  Recheck Cond: ((id >= 5311638) AND (id <= 5312637))
	  ->  Bitmap Index Scan on sbtest3_pkey  (cost=0.00..35.09 rows=1066 width=0)
	        Index Cond: ((id >= 5311638) AND (id <= 5312637))

table 4 : explain SELECT c FROM sbtest4 WHERE id BETWEEN 5593671 AND 5594670
	Bitmap Heap Scan on sbtest4  (cost=34.95..3979.20 rows=1026 width=121)
	  Recheck Cond: ((id >= 5593671) AND (id <= 5594670))
	  ->  Bitmap Index Scan on sbtest4_pkey  (cost=0.00..34.70 rows=1026 width=0)
	        Index Cond: ((id >= 5593671) AND (id <= 5594670))

table 5 : explain SELECT c FROM sbtest5 WHERE id BETWEEN 3880909 AND 3881908
	Bitmap Heap Scan on sbtest5  (cost=34.52..3820.22 rows=984 width=121)
	  Recheck Cond: ((id >= 3880909) AND (id <= 3881908))
	  ->  Bitmap Index Scan on sbtest5_pkey  (cost=0.00..34.28 rows=984 width=0)
	        Index Cond: ((id >= 3880909) AND (id <= 3881908))

table 6 : explain SELECT c FROM sbtest6 WHERE id BETWEEN 4638408 AND 4639407
	Bitmap Heap Scan on sbtest6  (cost=33.93..3597.89 rows=926 width=121)
	  Recheck Cond: ((id >= 4638408) AND (id <= 4639407))
	  ->  Bitmap Index Scan on sbtest6_pkey  (cost=0.00..33.70 rows=926 width=0)
	        Index Cond: ((id >= 4638408) AND (id <= 4639407))

table 7 : explain SELECT c FROM sbtest7 WHERE id BETWEEN 4936161 AND 4937160
	Bitmap Heap Scan on sbtest7  (cost=34.06..3649.19 rows=939 width=121)
	  Recheck Cond: ((id >= 4936161) AND (id <= 4937160))
	  ->  Bitmap Index Scan on sbtest7_pkey  (cost=0.00..33.83 rows=939 width=0)
	        Index Cond: ((id >= 4936161) AND (id <= 4937160))

table 8 : explain SELECT c FROM sbtest8 WHERE id BETWEEN 7852726 AND 7853725
	Bitmap Heap Scan on sbtest8  (cost=35.28..4094.67 rows=1058 width=121)
	  Recheck Cond: ((id >= 7852726) AND (id <= 7853725))
	  ->  Bitmap Index Scan on sbtest8_pkey  (cost=0.00..35.02 rows=1058 width=0)
	        Index Cond: ((id >= 7852726) AND (id <= 7853725))

for point_selects
table 1 : explain SELECT c FROM sbtest1 WHERE id=418603
	Index Scan using sbtest1_pkey on sbtest1  (cost=0.43..8.45 rows=1 width=121)
	  Index Cond: (id = 418603)

table 2 : explain SELECT c FROM sbtest2 WHERE id=1621314
	Index Scan using sbtest2_pkey on sbtest2  (cost=0.43..8.45 rows=1 width=121)
	  Index Cond: (id = 1621314)

table 3 : explain SELECT c FROM sbtest3 WHERE id=8341780
	Index Scan using sbtest3_pkey on sbtest3  (cost=0.43..8.45 rows=1 width=121)
	  Index Cond: (id = 8341780)

table 4 : explain SELECT c FROM sbtest4 WHERE id=9392890
	Index Scan using sbtest4_pkey on sbtest4  (cost=0.43..8.45 rows=1 width=121)
	  Index Cond: (id = 9392890)

table 5 : explain SELECT c FROM sbtest5 WHERE id=9637444
	Index Scan using sbtest5_pkey on sbtest5  (cost=0.43..8.45 rows=1 width=121)
	  Index Cond: (id = 9637444)

table 6 : explain SELECT c FROM sbtest6 WHERE id=7464409
	Index Scan using sbtest6_pkey on sbtest6  (cost=0.43..8.45 rows=1 width=121)
	  Index Cond: (id = 7464409)

table 7 : explain SELECT c FROM sbtest7 WHERE id=8737240
	Index Scan using sbtest7_pkey on sbtest7  (cost=0.43..8.45 rows=1 width=121)
	  Index Cond: (id = 8737240)

table 8 : explain SELECT c FROM sbtest8 WHERE id=3879323
	Index Scan using sbtest8_pkey on sbtest8  (cost=0.43..8.45 rows=1 width=121)
	  Index Cond: (id = 3879323)

for: order_ranges
table 1 : explain SELECT c FROM sbtest1 WHERE id BETWEEN 8960221 AND 8961220 ORDER BY c
	Sort  (cost=4172.94..4175.60 rows=1064 width=121)
	  Sort Key: c
	  ->  Bitmap Heap Scan on sbtest1  (cost=35.34..4119.44 rows=1064 width=121)
	        Recheck Cond: ((id >= 8960221) AND (id <= 8961220))
	        ->  Bitmap Index Scan on sbtest1_pkey  (cost=0.00..35.08 rows=1064 width=0)
	              Index Cond: ((id >= 8960221) AND (id <= 8961220))

table 2 : explain SELECT c FROM sbtest2 WHERE id BETWEEN 1985859 AND 1986858 ORDER BY c
	Sort  (cost=4081.34..4083.95 rows=1041 width=121)
	  Sort Key: c
	  ->  Bitmap Heap Scan on sbtest2  (cost=35.11..4029.17 rows=1041 width=121)
	        Recheck Cond: ((id >= 1985859) AND (id <= 1986858))
	        ->  Bitmap Index Scan on sbtest2_pkey  (cost=0.00..34.84 rows=1041 width=0)
	              Index Cond: ((id >= 1985859) AND (id <= 1986858))

table 3 : explain SELECT c FROM sbtest3 WHERE id BETWEEN 3378185 AND 3379184 ORDER BY c
	Sort  (cost=4168.07..4170.73 rows=1062 width=121)
	  Sort Key: c
	  ->  Bitmap Heap Scan on sbtest3  (cost=35.32..4114.69 rows=1062 width=121)
	        Recheck Cond: ((id >= 3378185) AND (id <= 3379184))
	        ->  Bitmap Index Scan on sbtest3_pkey  (cost=0.00..35.06 rows=1062 width=0)
	              Index Cond: ((id >= 3378185) AND (id <= 3379184))

table 4 : explain SELECT c FROM sbtest4 WHERE id BETWEEN 9712880 AND 9713879 ORDER BY c
	Sort  (cost=3984.52..3987.05 rows=1014 width=121)
	  Sort Key: c
	  ->  Bitmap Heap Scan on sbtest4  (cost=34.83..3933.89 rows=1014 width=121)
	        Recheck Cond: ((id >= 9712880) AND (id <= 9713879))
	        ->  Bitmap Index Scan on sbtest4_pkey  (cost=0.00..34.58 rows=1014 width=0)
	              Index Cond: ((id >= 9712880) AND (id <= 9713879))

table 5 : explain SELECT c FROM sbtest5 WHERE id BETWEEN 6744614 AND 6745613 ORDER BY c
	Sort  (cost=3715.59..3717.95 rows=944 width=121)
	  Sort Key: c
	  ->  Bitmap Heap Scan on sbtest5  (cost=34.11..3668.94 rows=944 width=121)
	        Recheck Cond: ((id >= 6744614) AND (id <= 6745613))
	        ->  Bitmap Index Scan on sbtest5_pkey  (cost=0.00..33.88 rows=944 width=0)
	              Index Cond: ((id >= 6744614) AND (id <= 6745613))

table 6 : explain SELECT c FROM sbtest6 WHERE id BETWEEN 2112757 AND 2113756 ORDER BY c
	Sort  (cost=4034.43..4037.00 rows=1028 width=121)
	  Sort Key: c
	  ->  Bitmap Heap Scan on sbtest6  (cost=34.97..3983.00 rows=1028 width=121)
	        Recheck Cond: ((id >= 2112757) AND (id <= 2113756))
	        ->  Bitmap Index Scan on sbtest6_pkey  (cost=0.00..34.72 rows=1028 width=0)
	              Index Cond: ((id >= 2112757) AND (id <= 2113756))

table 7 : explain SELECT c FROM sbtest7 WHERE id BETWEEN 5970876 AND 5971875 ORDER BY c
	Sort  (cost=4274.11..4276.83 rows=1090 width=121)
	  Sort Key: c
	  ->  Bitmap Heap Scan on sbtest7  (cost=35.61..4219.12 rows=1090 width=121)
	        Recheck Cond: ((id >= 5970876) AND (id <= 5971875))
	        ->  Bitmap Index Scan on sbtest7_pkey  (cost=0.00..35.34 rows=1090 width=0)
	              Index Cond: ((id >= 5970876) AND (id <= 5971875))

table 8 : explain SELECT c FROM sbtest8 WHERE id BETWEEN 5636943 AND 5637942 ORDER BY c
	Sort  (cost=4040.78..4043.36 rows=1030 width=121)
	  Sort Key: c
	  ->  Bitmap Heap Scan on sbtest8  (cost=34.99..3989.24 rows=1030 width=121)
	        Recheck Cond: ((id >= 5636943) AND (id <= 5637942))
	        ->  Bitmap Index Scan on sbtest8_pkey  (cost=0.00..34.73 rows=1030 width=0)
	              Index Cond: ((id >= 5636943) AND (id <= 5637942))

for: sum_ranges
table 1 : explain SELECT SUM(k) FROM sbtest1 WHERE id BETWEEN 5599777 AND 5600776
	Aggregate  (cost=3986.36..3986.37 rows=1 width=8)
	  ->  Bitmap Heap Scan on sbtest1  (cost=34.97..3983.79 rows=1028 width=4)
	        Recheck Cond: ((id >= 5599777) AND (id <= 5600776))
	        ->  Bitmap Index Scan on sbtest1_pkey  (cost=0.00..34.72 rows=1028 width=0)
	              Index Cond: ((id >= 5599777) AND (id <= 5600776))

table 2 : explain SELECT SUM(k) FROM sbtest2 WHERE id BETWEEN 5465810 AND 5466809
	Aggregate  (cost=3658.32..3658.33 rows=1 width=8)
	  ->  Bitmap Heap Scan on sbtest2  (cost=34.09..3655.97 rows=942 width=4)
	        Recheck Cond: ((id >= 5465810) AND (id <= 5466809))
	        ->  Bitmap Index Scan on sbtest2_pkey  (cost=0.00..33.86 rows=942 width=0)
	              Index Cond: ((id >= 5465810) AND (id <= 5466809))

table 3 : explain SELECT SUM(k) FROM sbtest3 WHERE id BETWEEN 311477 AND 312476
	Aggregate  (cost=3909.68..3909.69 rows=1 width=8)
	  ->  Bitmap Heap Scan on sbtest3  (cost=34.76..3907.16 rows=1007 width=4)
	        Recheck Cond: ((id >= 311477) AND (id <= 312476))
	        ->  Bitmap Index Scan on sbtest3_pkey  (cost=0.00..34.51 rows=1007 width=0)
	              Index Cond: ((id >= 311477) AND (id <= 312476))

table 4 : explain SELECT SUM(k) FROM sbtest4 WHERE id BETWEEN 1834682 AND 1835681
	Aggregate  (cost=3713.26..3713.27 rows=1 width=8)
	  ->  Bitmap Heap Scan on sbtest4  (cost=34.22..3710.87 rows=955 width=4)
	        Recheck Cond: ((id >= 1834682) AND (id <= 1835681))
	        ->  Bitmap Index Scan on sbtest4_pkey  (cost=0.00..33.98 rows=955 width=0)
	              Index Cond: ((id >= 1834682) AND (id <= 1835681))

table 5 : explain SELECT SUM(k) FROM sbtest5 WHERE id BETWEEN 2923937 AND 2924936
	Aggregate  (cost=3633.43..3633.44 rows=1 width=8)
	  ->  Bitmap Heap Scan on sbtest5  (cost=34.01..3631.09 rows=934 width=4)
	        Recheck Cond: ((id >= 2923937) AND (id <= 2924936))
	        ->  Bitmap Index Scan on sbtest5_pkey  (cost=0.00..33.78 rows=934 width=0)
	              Index Cond: ((id >= 2923937) AND (id <= 2924936))

table 6 : explain SELECT SUM(k) FROM sbtest6 WHERE id BETWEEN 4907062 AND 4908061
	Aggregate  (cost=3709.91..3709.92 rows=1 width=8)
	  ->  Bitmap Heap Scan on sbtest6  (cost=34.22..3707.52 rows=955 width=4)
	        Recheck Cond: ((id >= 4907062) AND (id <= 4908061))
	        ->  Bitmap Index Scan on sbtest6_pkey  (cost=0.00..33.98 rows=955 width=0)
	              Index Cond: ((id >= 4907062) AND (id <= 4908061))

table 7 : explain SELECT SUM(k) FROM sbtest7 WHERE id BETWEEN 6651170 AND 6652169
	Aggregate  (cost=3609.88..3609.89 rows=1 width=8)
	  ->  Bitmap Heap Scan on sbtest7  (cost=33.95..3607.56 rows=928 width=4)
	        Recheck Cond: ((id >= 6651170) AND (id <= 6652169))
	        ->  Bitmap Index Scan on sbtest7_pkey  (cost=0.00..33.72 rows=928 width=0)
	              Index Cond: ((id >= 6651170) AND (id <= 6652169))

table 8 : explain SELECT SUM(k) FROM sbtest8 WHERE id BETWEEN 5613110 AND 5614109
	Aggregate  (cost=3991.82..3991.83 rows=1 width=8)
	  ->  Bitmap Heap Scan on sbtest8  (cost=34.99..3989.24 rows=1030 width=4)
	        Recheck Cond: ((id >= 5613110) AND (id <= 5614109))
	        ->  Bitmap Index Scan on sbtest8_pkey  (cost=0.00..34.73 rows=1030 width=0)
	              Index Cond: ((id >= 5613110) AND (id <= 5614109))

for: distinct_ranges
table 1 : explain SELECT DISTINCT c FROM sbtest1 WHERE id BETWEEN 7790759 AND 7791758 ORDER BY c
	Unique  (cost=3770.84..3775.64 rows=959 width=121)
	  ->  Sort  (cost=3770.84..3773.24 rows=959 width=121)
	        Sort Key: c
	        ->  Bitmap Heap Scan on sbtest1  (cost=34.26..3723.35 rows=959 width=121)
	              Recheck Cond: ((id >= 7790759) AND (id <= 7791758))
	              ->  Bitmap Index Scan on sbtest1_pkey  (cost=0.00..34.03 rows=959 width=0)
	                    Index Cond: ((id >= 7790759) AND (id <= 7791758))

table 2 : explain SELECT DISTINCT c FROM sbtest2 WHERE id BETWEEN 4289150 AND 4290149 ORDER BY c
	Unique  (cost=4001.08..4006.18 rows=1020 width=121)
	  ->  Sort  (cost=4001.08..4003.63 rows=1020 width=121)
	        Sort Key: c
	        ->  Bitmap Heap Scan on sbtest2  (cost=34.89..3950.11 rows=1020 width=121)
	              Recheck Cond: ((id >= 4289150) AND (id <= 4290149))
	              ->  Bitmap Index Scan on sbtest2_pkey  (cost=0.00..34.64 rows=1020 width=0)
	                    Index Cond: ((id >= 4289150) AND (id <= 4290149))

table 3 : explain SELECT DISTINCT c FROM sbtest3 WHERE id BETWEEN 5492886 AND 5493885 ORDER BY c
	Unique  (cost=4160.41..4165.71 rows=1060 width=121)
	  ->  Sort  (cost=4160.41..4163.06 rows=1060 width=121)
	        Sort Key: c
	        ->  Bitmap Heap Scan on sbtest3  (cost=35.30..4107.15 rows=1060 width=121)
	              Recheck Cond: ((id >= 5492886) AND (id <= 5493885))
	              ->  Bitmap Index Scan on sbtest3_pkey  (cost=0.00..35.04 rows=1060 width=0)
	                    Index Cond: ((id >= 5492886) AND (id <= 5493885))

table 4 : explain SELECT DISTINCT c FROM sbtest4 WHERE id BETWEEN 34699 AND 35698 ORDER BY c
	Unique  (cost=4107.13..4112.36 rows=1046 width=121)
	  ->  Sort  (cost=4107.13..4109.74 rows=1046 width=121)
	        Sort Key: c
	        ->  Bitmap Heap Scan on sbtest4  (cost=35.16..4054.67 rows=1046 width=121)
	              Recheck Cond: ((id >= 34699) AND (id <= 35698))
	              ->  Bitmap Index Scan on sbtest4_pkey  (cost=0.00..34.90 rows=1046 width=0)
	                    Index Cond: ((id >= 34699) AND (id <= 35698))

table 5 : explain SELECT DISTINCT c FROM sbtest5 WHERE id BETWEEN 3860957 AND 3861956 ORDER BY c
	Unique  (cost=4412.93..4418.56 rows=1125 width=121)
	  ->  Sort  (cost=4412.93..4415.74 rows=1125 width=121)
	        Sort Key: c
	        ->  Bitmap Heap Scan on sbtest5  (cost=39.97..4355.92 rows=1125 width=121)
	              Recheck Cond: ((id >= 3860957) AND (id <= 3861956))
	              ->  Bitmap Index Scan on sbtest5_pkey  (cost=0.00..39.69 rows=1125 width=0)
	                    Index Cond: ((id >= 3860957) AND (id <= 3861956))

table 6 : explain SELECT DISTINCT c FROM sbtest6 WHERE id BETWEEN 6112009 AND 6113008 ORDER BY c
	Unique  (cost=3581.93..3586.48 rows=911 width=121)
	  ->  Sort  (cost=3581.93..3584.21 rows=911 width=121)
	        Sort Key: c
	        ->  Bitmap Heap Scan on sbtest6  (cost=29.77..3537.15 rows=911 width=121)
	              Recheck Cond: ((id >= 6112009) AND (id <= 6113008))
	              ->  Bitmap Index Scan on sbtest6_pkey  (cost=0.00..29.54 rows=911 width=0)
	                    Index Cond: ((id >= 6112009) AND (id <= 6113008))

table 7 : explain SELECT DISTINCT c FROM sbtest7 WHERE id BETWEEN 1691077 AND 1692076 ORDER BY c
	Unique  (cost=4189.98..4195.32 rows=1068 width=121)
	  ->  Sort  (cost=4189.98..4192.65 rows=1068 width=121)
	        Sort Key: c
	        ->  Bitmap Heap Scan on sbtest7  (cost=35.38..4136.26 rows=1068 width=121)
	              Recheck Cond: ((id >= 1691077) AND (id <= 1692076))
	              ->  Bitmap Index Scan on sbtest7_pkey  (cost=0.00..35.12 rows=1068 width=0)
	                    Index Cond: ((id >= 1691077) AND (id <= 1692076))

table 8 : explain SELECT DISTINCT c FROM sbtest8 WHERE id BETWEEN 7139906 AND 7140905 ORDER BY c
	Unique  (cost=3650.09..3654.73 rows=928 width=121)
	  ->  Sort  (cost=3650.09..3652.41 rows=928 width=121)
	        Sort Key: c
	        ->  Bitmap Heap Scan on sbtest8  (cost=33.95..3604.35 rows=928 width=121)
	              Recheck Cond: ((id >= 7139906) AND (id <= 7140905))
	              ->  Bitmap Index Scan on sbtest8_pkey  (cost=0.00..33.72 rows=928 width=0)
	                    Index Cond: ((id >= 7139906) AND (id <= 7140905))

for: simple_ranges
table 1 : explain SELECT c FROM sbtest1 WHERE id BETWEEN 4941572 AND 4942571
	Bitmap Heap Scan on sbtest1  (cost=34.19..3696.89 rows=952 width=121)
	  Recheck Cond: ((id >= 4941572) AND (id <= 4942571))
	  ->  Bitmap Index Scan on sbtest1_pkey  (cost=0.00..33.95 rows=952 width=0)
	        Index Cond: ((id >= 4941572) AND (id <= 4942571))

table 2 : explain SELECT c FROM sbtest2 WHERE id BETWEEN 9388735 AND 9389734
	Bitmap Heap Scan on sbtest2  (cost=35.05..4010.35 rows=1036 width=121)
	  Recheck Cond: ((id >= 9388735) AND (id <= 9389734))
	  ->  Bitmap Index Scan on sbtest2_pkey  (cost=0.00..34.80 rows=1036 width=0)
	        Index Cond: ((id >= 9388735) AND (id <= 9389734))

table 3 : explain SELECT c FROM sbtest3 WHERE id BETWEEN 7609078 AND 7610077
	Bitmap Heap Scan on sbtest3  (cost=34.24..3718.17 rows=957 width=121)
	  Recheck Cond: ((id >= 7609078) AND (id <= 7610077))
	  ->  Bitmap Index Scan on sbtest3_pkey  (cost=0.00..34.01 rows=957 width=0)
	        Index Cond: ((id >= 7609078) AND (id <= 7610077))

table 4 : explain SELECT c FROM sbtest4 WHERE id BETWEEN 8668154 AND 8669153
	Bitmap Heap Scan on sbtest4  (cost=34.67..3877.23 rows=999 width=121)
	  Recheck Cond: ((id >= 8668154) AND (id <= 8669153))
	  ->  Bitmap Index Scan on sbtest4_pkey  (cost=0.00..34.43 rows=999 width=0)
	        Index Cond: ((id >= 8668154) AND (id <= 8669153))

table 5 : explain SELECT c FROM sbtest5 WHERE id BETWEEN 7452599 AND 7453598
	Bitmap Heap Scan on sbtest5  (cost=34.14..3680.30 rows=947 width=121)
	  Recheck Cond: ((id >= 7452599) AND (id <= 7453598))
	  ->  Bitmap Index Scan on sbtest5_pkey  (cost=0.00..33.91 rows=947 width=0)
	        Index Cond: ((id >= 7452599) AND (id <= 7453598))

table 6 : explain SELECT c FROM sbtest6 WHERE id BETWEEN 2233121 AND 2234120
	Bitmap Heap Scan on sbtest6  (cost=34.98..3986.77 rows=1029 width=121)
	  Recheck Cond: ((id >= 2233121) AND (id <= 2234120))
	  ->  Bitmap Index Scan on sbtest6_pkey  (cost=0.00..34.73 rows=1029 width=0)
	        Index Cond: ((id >= 2233121) AND (id <= 2234120))

table 7 : explain SELECT c FROM sbtest7 WHERE id BETWEEN 4385512 AND 4386511
	Bitmap Heap Scan on sbtest7  (cost=34.23..3713.49 rows=956 width=121)
	  Recheck Cond: ((id >= 4385512) AND (id <= 4386511))
	  ->  Bitmap Index Scan on sbtest7_pkey  (cost=0.00..34.00 rows=956 width=0)
	        Index Cond: ((id >= 4385512) AND (id <= 4386511))

table 8 : explain SELECT c FROM sbtest8 WHERE id BETWEEN 7221700 AND 7222699
	Bitmap Heap Scan on sbtest8  (cost=34.44..3785.64 rows=976 width=121)
	  Recheck Cond: ((id >= 7221700) AND (id <= 7222699))
	  ->  Bitmap Index Scan on sbtest8_pkey  (cost=0.00..34.20 rows=976 width=0)
	        Index Cond: ((id >= 7221700) AND (id <= 7222699))

for: sum_ranges
table 1 : explain SELECT SUM(k) FROM sbtest1 WHERE id BETWEEN 6777238 AND 6778237
	Aggregate  (cost=4027.86..4027.87 rows=1 width=8)
	  ->  Bitmap Heap Scan on sbtest1  (cost=35.08..4025.26 rows=1039 width=4)
	        Recheck Cond: ((id >= 6777238) AND (id <= 6778237))
	        ->  Bitmap Index Scan on sbtest1_pkey  (cost=0.00..34.83 rows=1039 width=0)
	              Index Cond: ((id >= 6777238) AND (id <= 6778237))

table 2 : explain SELECT SUM(k) FROM sbtest2 WHERE id BETWEEN 6844350 AND 6845349
	Aggregate  (cost=3798.04..3798.05 rows=1 width=8)
	  ->  Bitmap Heap Scan on sbtest2  (cost=34.47..3795.60 rows=979 width=4)
	        Recheck Cond: ((id >= 6844350) AND (id <= 6845349))
	        ->  Bitmap Index Scan on sbtest2_pkey  (cost=0.00..34.23 rows=979 width=0)
	              Index Cond: ((id >= 6844350) AND (id <= 6845349))

table 3 : explain SELECT SUM(k) FROM sbtest3 WHERE id BETWEEN 4658753 AND 4659752
	Aggregate  (cost=4041.87..4041.88 rows=1 width=8)
	  ->  Bitmap Heap Scan on sbtest3  (cost=35.12..4039.27 rows=1042 width=4)
	        Recheck Cond: ((id >= 4658753) AND (id <= 4659752))
	        ->  Bitmap Index Scan on sbtest3_pkey  (cost=0.00..34.86 rows=1042 width=0)
	              Index Cond: ((id >= 4658753) AND (id <= 4659752))

table 4 : explain SELECT SUM(k) FROM sbtest4 WHERE id BETWEEN 5841050 AND 5842049
	Aggregate  (cost=4106.35..4106.36 rows=1 width=8)
	  ->  Bitmap Heap Scan on sbtest4  (cost=35.29..4103.70 rows=1059 width=4)
	        Recheck Cond: ((id >= 5841050) AND (id <= 5842049))
	        ->  Bitmap Index Scan on sbtest4_pkey  (cost=0.00..35.03 rows=1059 width=0)
	              Index Cond: ((id >= 5841050) AND (id <= 5842049))

table 5 : explain SELECT SUM(k) FROM sbtest5 WHERE id BETWEEN 6181003 AND 6182002
	Aggregate  (cost=3811.34..3811.35 rows=1 width=8)
	  ->  Bitmap Heap Scan on sbtest5  (cost=34.49..3808.89 rows=981 width=4)
	        Recheck Cond: ((id >= 6181003) AND (id <= 6182002))
	        ->  Bitmap Index Scan on sbtest5_pkey  (cost=0.00..34.25 rows=981 width=0)
	              Index Cond: ((id >= 6181003) AND (id <= 6182002))

table 6 : explain SELECT SUM(k) FROM sbtest6 WHERE id BETWEEN 470305 AND 471304
	Aggregate  (cost=3978.03..3978.04 rows=1 width=8)
	  ->  Bitmap Heap Scan on sbtest6  (cost=34.95..3975.46 rows=1026 width=4)
	        Recheck Cond: ((id >= 470305) AND (id <= 471304))
	        ->  Bitmap Index Scan on sbtest6_pkey  (cost=0.00..34.70 rows=1026 width=0)
	              Index Cond: ((id >= 470305) AND (id <= 471304))

table 7 : explain SELECT SUM(k) FROM sbtest7 WHERE id BETWEEN 7820762 AND 7821761
	Aggregate  (cost=3568.20..3568.21 rows=1 width=8)
	  ->  Bitmap Heap Scan on sbtest7  (cost=33.83..3565.91 rows=917 width=4)
	        Recheck Cond: ((id >= 7820762) AND (id <= 7821761))
	        ->  Bitmap Index Scan on sbtest7_pkey  (cost=0.00..33.61 rows=917 width=0)
	              Index Cond: ((id >= 7820762) AND (id <= 7821761))

table 8 : explain SELECT SUM(k) FROM sbtest8 WHERE id BETWEEN 5161889 AND 5162888
	Aggregate  (cost=4119.90..4119.91 rows=1 width=8)
	  ->  Bitmap Heap Scan on sbtest8  (cost=35.34..4117.24 rows=1064 width=4)
	        Recheck Cond: ((id >= 5161889) AND (id <= 5162888))
	        ->  Bitmap Index Scan on sbtest8_pkey  (cost=0.00..35.08 rows=1064 width=0)
	              Index Cond: ((id >= 5161889) AND (id <= 5162888))

for point_selects
table 1 : explain SELECT c FROM sbtest1 WHERE id=9596100
	Index Scan using sbtest1_pkey on sbtest1  (cost=0.43..8.45 rows=1 width=121)
	  Index Cond: (id = 9596100)

table 2 : explain SELECT c FROM sbtest2 WHERE id=1963093
	Index Scan using sbtest2_pkey on sbtest2  (cost=0.43..8.45 rows=1 width=121)
	  Index Cond: (id = 1963093)

table 3 : explain SELECT c FROM sbtest3 WHERE id=6891911
	Index Scan using sbtest3_pkey on sbtest3  (cost=0.43..8.45 rows=1 width=121)
	  Index Cond: (id = 6891911)

table 4 : explain SELECT c FROM sbtest4 WHERE id=3278370
	Index Scan using sbtest4_pkey on sbtest4  (cost=0.43..8.45 rows=1 width=121)
	  Index Cond: (id = 3278370)

table 5 : explain SELECT c FROM sbtest5 WHERE id=1622994
	Index Scan using sbtest5_pkey on sbtest5  (cost=0.43..8.45 rows=1 width=121)
	  Index Cond: (id = 1622994)

table 6 : explain SELECT c FROM sbtest6 WHERE id=8385932
	Index Scan using sbtest6_pkey on sbtest6  (cost=0.43..8.45 rows=1 width=121)
	  Index Cond: (id = 8385932)

table 7 : explain SELECT c FROM sbtest7 WHERE id=126030
	Index Scan using sbtest7_pkey on sbtest7  (cost=0.43..8.45 rows=1 width=121)
	  Index Cond: (id = 126030)

table 8 : explain SELECT c FROM sbtest8 WHERE id=3910420
	Index Scan using sbtest8_pkey on sbtest8  (cost=0.43..8.45 rows=1 width=121)
	  Index Cond: (id = 3910420)

for point_selects
table 1 : explain SELECT c FROM sbtest1 WHERE id=2136304
	Index Scan using sbtest1_pkey on sbtest1  (cost=0.43..8.45 rows=1 width=121)
	  Index Cond: (id = 2136304)

table 2 : explain SELECT c FROM sbtest2 WHERE id=6789727
	Index Scan using sbtest2_pkey on sbtest2  (cost=0.43..8.45 rows=1 width=121)
	  Index Cond: (id = 6789727)

table 3 : explain SELECT c FROM sbtest3 WHERE id=820597
	Index Scan using sbtest3_pkey on sbtest3  (cost=0.43..8.45 rows=1 width=121)
	  Index Cond: (id = 820597)

table 4 : explain SELECT c FROM sbtest4 WHERE id=7926485
	Index Scan using sbtest4_pkey on sbtest4  (cost=0.43..8.45 rows=1 width=121)
	  Index Cond: (id = 7926485)

table 5 : explain SELECT c FROM sbtest5 WHERE id=5156623
	Index Scan using sbtest5_pkey on sbtest5  (cost=0.43..8.45 rows=1 width=121)
	  Index Cond: (id = 5156623)

table 6 : explain SELECT c FROM sbtest6 WHERE id=5506159
	Index Scan using sbtest6_pkey on sbtest6  (cost=0.43..8.45 rows=1 width=121)
	  Index Cond: (id = 5506159)

table 7 : explain SELECT c FROM sbtest7 WHERE id=2037993
	Index Scan using sbtest7_pkey on sbtest7  (cost=0.43..8.45 rows=1 width=121)
	  Index Cond: (id = 2037993)

table 8 : explain SELECT c FROM sbtest8 WHERE id=395421
	Index Scan using sbtest8_pkey on sbtest8  (cost=0.43..8.45 rows=1 width=121)
	  Index Cond: (id = 395421)

for: distinct_ranges
table 1 : explain SELECT DISTINCT c FROM sbtest1 WHERE id BETWEEN 4190892 AND 4191891 ORDER BY c
	Unique  (cost=4127.05..4132.31 rows=1052 width=121)
	  ->  Sort  (cost=4127.05..4129.68 rows=1052 width=121)
	        Sort Key: c
	        ->  Bitmap Heap Scan on sbtest1  (cost=35.22..4074.24 rows=1052 width=121)
	              Recheck Cond: ((id >= 4190892) AND (id <= 4191891))
	              ->  Bitmap Index Scan on sbtest1_pkey  (cost=0.00..34.95 rows=1052 width=0)
	                    Index Cond: ((id >= 4190892) AND (id <= 4191891))

table 2 : explain SELECT DISTINCT c FROM sbtest2 WHERE id BETWEEN 3752653 AND 3753652 ORDER BY c
	Unique  (cost=4031.66..4036.80 rows=1028 width=121)
	  ->  Sort  (cost=4031.66..4034.23 rows=1028 width=121)
	        Sort Key: c
	        ->  Bitmap Heap Scan on sbtest2  (cost=34.97..3980.24 rows=1028 width=121)
	              Recheck Cond: ((id >= 3752653) AND (id <= 3753652))
	              ->  Bitmap Index Scan on sbtest2_pkey  (cost=0.00..34.72 rows=1028 width=0)
	                    Index Cond: ((id >= 3752653) AND (id <= 3753652))

table 3 : explain SELECT DISTINCT c FROM sbtest3 WHERE id BETWEEN 4235758 AND 4236757 ORDER BY c
	Unique  (cost=4041.70..4046.85 rows=1029 width=121)
	  ->  Sort  (cost=4041.70..4044.27 rows=1029 width=121)
	        Sort Key: c
	        ->  Bitmap Heap Scan on sbtest3  (cost=34.98..3990.22 rows=1029 width=121)
	              Recheck Cond: ((id >= 4235758) AND (id <= 4236757))
	              ->  Bitmap Index Scan on sbtest3_pkey  (cost=0.00..34.73 rows=1029 width=0)
	                    Index Cond: ((id >= 4235758) AND (id <= 4236757))

table 4 : explain SELECT DISTINCT c FROM sbtest4 WHERE id BETWEEN 9606299 AND 9607298 ORDER BY c
	Unique  (cost=4378.93..4384.51 rows=1116 width=121)
	  ->  Sort  (cost=4378.93..4381.72 rows=1116 width=121)
	        Sort Key: c
	        ->  Bitmap Heap Scan on sbtest4  (cost=39.87..4322.44 rows=1116 width=121)
	              Recheck Cond: ((id >= 9606299) AND (id <= 9607298))
	              ->  Bitmap Index Scan on sbtest4_pkey  (cost=0.00..39.59 rows=1116 width=0)
	                    Index Cond: ((id >= 9606299) AND (id <= 9607298))

table 5 : explain SELECT DISTINCT c FROM sbtest5 WHERE id BETWEEN 8852836 AND 8853835 ORDER BY c
	Unique  (cost=3761.68..3766.46 rows=956 width=121)
	  ->  Sort  (cost=3761.68..3764.07 rows=956 width=121)
	        Sort Key: c
	        ->  Bitmap Heap Scan on sbtest5  (cost=34.23..3714.35 rows=956 width=121)
	              Recheck Cond: ((id >= 8852836) AND (id <= 8853835))
	              ->  Bitmap Index Scan on sbtest5_pkey  (cost=0.00..34.00 rows=956 width=0)
	                    Index Cond: ((id >= 8852836) AND (id <= 8853835))

table 6 : explain SELECT DISTINCT c FROM sbtest6 WHERE id BETWEEN 5651641 AND 5652640 ORDER BY c
	Unique  (cost=3946.39..3951.42 rows=1005 width=121)
	  ->  Sort  (cost=3946.39..3948.90 rows=1005 width=121)
	        Sort Key: c
	        ->  Bitmap Heap Scan on sbtest6  (cost=34.74..3896.28 rows=1005 width=121)
	              Recheck Cond: ((id >= 5651641) AND (id <= 5652640))
	              ->  Bitmap Index Scan on sbtest6_pkey  (cost=0.00..34.48 rows=1005 width=0)
	                    Index Cond: ((id >= 5651641) AND (id <= 5652640))

table 7 : explain SELECT DISTINCT c FROM sbtest7 WHERE id BETWEEN 7798886 AND 7799885 ORDER BY c
	Unique  (cost=3611.03..3615.62 rows=917 width=121)
	  ->  Sort  (cost=3611.03..3613.32 rows=917 width=121)
	        Sort Key: c
	        ->  Bitmap Heap Scan on sbtest7  (cost=33.83..3565.91 rows=917 width=121)
	              Recheck Cond: ((id >= 7798886) AND (id <= 7799885))
	              ->  Bitmap Index Scan on sbtest7_pkey  (cost=0.00..33.61 rows=917 width=0)
	                    Index Cond: ((id >= 7798886) AND (id <= 7799885))

table 8 : explain SELECT DISTINCT c FROM sbtest8 WHERE id BETWEEN 9204300 AND 9205299 ORDER BY c
	Unique  (cost=3933.66..3938.67 rows=1002 width=121)
	  ->  Sort  (cost=3933.66..3936.17 rows=1002 width=121)
	        Sort Key: c
	        ->  Bitmap Heap Scan on sbtest8  (cost=34.71..3883.72 rows=1002 width=121)
	              Recheck Cond: ((id >= 9204300) AND (id <= 9205299))
	              ->  Bitmap Index Scan on sbtest8_pkey  (cost=0.00..34.45 rows=1002 width=0)
	                    Index Cond: ((id >= 9204300) AND (id <= 9205299))

explain: for point_selects :: explain SELECT c FROM sbtest%u WHERE id=%u
for: sum_ranges
table 1 : explain SELECT SUM(k) FROM sbtest1 WHERE id BETWEEN 6216035 AND 6217034
	Aggregate  (cost=3820.24..3820.25 rows=1 width=8)
	  ->  Bitmap Heap Scan on sbtest1  (cost=34.52..3817.78 rows=984 width=4)
	        Recheck Cond: ((id >= 6216035) AND (id <= 6217034))
	        ->  Bitmap Index Scan on sbtest1_pkey  (cost=0.00..34.28 rows=984 width=0)
	              Index Cond: ((id >= 6216035) AND (id <= 6217034))

table 2 : explain SELECT SUM(k) FROM sbtest2 WHERE id BETWEEN 9374641 AND 9375640
	Aggregate  (cost=4012.94..4012.95 rows=1 width=8)
	  ->  Bitmap Heap Scan on sbtest2  (cost=35.05..4010.35 rows=1036 width=4)
	        Recheck Cond: ((id >= 9374641) AND (id <= 9375640))
	        ->  Bitmap Index Scan on sbtest2_pkey  (cost=0.00..34.80 rows=1036 width=0)
	              Index Cond: ((id >= 9374641) AND (id <= 9375640))

table 3 : explain SELECT SUM(k) FROM sbtest3 WHERE id BETWEEN 8321565 AND 8322564
	Aggregate  (cost=3709.20..3709.21 rows=1 width=8)
	  ->  Bitmap Heap Scan on sbtest3  (cost=34.21..3706.82 rows=954 width=4)
	        Recheck Cond: ((id >= 8321565) AND (id <= 8322564))
	        ->  Bitmap Index Scan on sbtest3_pkey  (cost=0.00..33.98 rows=954 width=0)
	              Index Cond: ((id >= 8321565) AND (id <= 8322564))

table 4 : explain SELECT SUM(k) FROM sbtest4 WHERE id BETWEEN 5499000 AND 5499999
	Aggregate  (cost=3906.19..3906.20 rows=1 width=8)
	  ->  Bitmap Heap Scan on sbtest4  (cost=34.75..3903.68 rows=1006 width=4)
	        Recheck Cond: ((id >= 5499000) AND (id <= 5499999))
	        ->  Bitmap Index Scan on sbtest4_pkey  (cost=0.00..34.50 rows=1006 width=0)
	              Index Cond: ((id >= 5499000) AND (id <= 5499999))

table 5 : explain SELECT SUM(k) FROM sbtest5 WHERE id BETWEEN 7344134 AND 7345133
	Aggregate  (cost=3644.79..3644.80 rows=1 width=8)
	  ->  Bitmap Heap Scan on sbtest5  (cost=34.04..3642.45 rows=937 width=4)
	        Recheck Cond: ((id >= 7344134) AND (id <= 7345133))
	        ->  Bitmap Index Scan on sbtest5_pkey  (cost=0.00..33.81 rows=937 width=0)
	              Index Cond: ((id >= 7344134) AND (id <= 7345133))

table 6 : explain SELECT SUM(k) FROM sbtest6 WHERE id BETWEEN 1899862 AND 1900861
	Aggregate  (cost=3883.69..3883.70 rows=1 width=8)
	  ->  Bitmap Heap Scan on sbtest6  (cost=34.70..3881.19 rows=1001 width=4)
	        Recheck Cond: ((id >= 1899862) AND (id <= 1900861))
	        ->  Bitmap Index Scan on sbtest6_pkey  (cost=0.00..34.45 rows=1001 width=0)
	              Index Cond: ((id >= 1899862) AND (id <= 1900861))

table 7 : explain SELECT SUM(k) FROM sbtest7 WHERE id BETWEEN 6421826 AND 6422825
	Aggregate  (cost=4214.31..4214.32 rows=1 width=8)
	  ->  Bitmap Heap Scan on sbtest7  (cost=35.59..4211.59 rows=1088 width=4)
	        Recheck Cond: ((id >= 6421826) AND (id <= 6422825))
	        ->  Bitmap Index Scan on sbtest7_pkey  (cost=0.00..35.32 rows=1088 width=0)
	              Index Cond: ((id >= 6421826) AND (id <= 6422825))

table 8 : explain SELECT SUM(k) FROM sbtest8 WHERE id BETWEEN 6163704 AND 6164703
	Aggregate  (cost=3927.72..3927.73 rows=1 width=8)
	  ->  Bitmap Heap Scan on sbtest8  (cost=34.82..3925.18 rows=1013 width=4)
	        Recheck Cond: ((id >= 6163704) AND (id <= 6164703))
	        ->  Bitmap Index Scan on sbtest8_pkey  (cost=0.00..34.57 rows=1013 width=0)
	              Index Cond: ((id >= 6163704) AND (id <= 6164703))

explain: for point_selects :: explain SELECT c FROM sbtest%u WHERE id=%u
for: distinct_ranges
table 1 : explain SELECT DISTINCT c FROM sbtest1 WHERE id BETWEEN 9716768 AND 9717767 ORDER BY c
	Unique  (cost=4207.34..4212.71 rows=1073 width=121)
	  ->  Sort  (cost=4207.34..4210.02 rows=1073 width=121)
	        Sort Key: c
	        ->  Bitmap Heap Scan on sbtest1  (cost=35.43..4153.33 rows=1073 width=121)
	              Recheck Cond: ((id >= 9716768) AND (id <= 9717767))
	              ->  Bitmap Index Scan on sbtest1_pkey  (cost=0.00..35.17 rows=1073 width=0)
	                    Index Cond: ((id >= 9716768) AND (id <= 9717767))

table 2 : explain SELECT DISTINCT c FROM sbtest2 WHERE id BETWEEN 8643797 AND 8644796 ORDER BY c
	Unique  (cost=4237.89..4243.30 rows=1082 width=121)
	  ->  Sort  (cost=4237.89..4240.60 rows=1082 width=121)
	        Sort Key: c
	        ->  Bitmap Heap Scan on sbtest2  (cost=35.53..4183.36 rows=1082 width=121)
	              Recheck Cond: ((id >= 8643797) AND (id <= 8644796))
	              ->  Bitmap Index Scan on sbtest2_pkey  (cost=0.00..35.26 rows=1082 width=0)
	                    Index Cond: ((id >= 8643797) AND (id <= 8644796))

table 3 : explain SELECT DISTINCT c FROM sbtest3 WHERE id BETWEEN 4901661 AND 4902660 ORDER BY c
	Unique  (cost=3922.88..3927.87 rows=998 width=121)
	  ->  Sort  (cost=3922.88..3925.37 rows=998 width=121)
	        Sort Key: c
	        ->  Bitmap Heap Scan on sbtest3  (cost=34.66..3873.16 rows=998 width=121)
	              Recheck Cond: ((id >= 4901661) AND (id <= 4902660))
	              ->  Bitmap Index Scan on sbtest3_pkey  (cost=0.00..34.42 rows=998 width=0)
	                    Index Cond: ((id >= 4901661) AND (id <= 4902660))

table 4 : explain SELECT DISTINCT c FROM sbtest4 WHERE id BETWEEN 2169999 AND 2170998 ORDER BY c
	Unique  (cost=3800.38..3805.21 rows=966 width=121)
	  ->  Sort  (cost=3800.38..3802.80 rows=966 width=121)
	        Sort Key: c
	        ->  Bitmap Heap Scan on sbtest4  (cost=34.34..3752.49 rows=966 width=121)
	              Recheck Cond: ((id >= 2169999) AND (id <= 2170998))
	              ->  Bitmap Index Scan on sbtest4_pkey  (cost=0.00..34.09 rows=966 width=0)
	                    Index Cond: ((id >= 2169999) AND (id <= 2170998))

table 5 : explain SELECT DISTINCT c FROM sbtest5 WHERE id BETWEEN 787051 AND 788050 ORDER BY c
	Unique  (cost=3869.14..3874.06 rows=984 width=121)
	  ->  Sort  (cost=3869.14..3871.60 rows=984 width=121)
	        Sort Key: c
	        ->  Bitmap Heap Scan on sbtest5  (cost=34.52..3820.22 rows=984 width=121)
	              Recheck Cond: ((id >= 787051) AND (id <= 788050))
	              ->  Bitmap Index Scan on sbtest5_pkey  (cost=0.00..34.28 rows=984 width=0)
	                    Index Cond: ((id >= 787051) AND (id <= 788050))

table 6 : explain SELECT DISTINCT c FROM sbtest6 WHERE id BETWEEN 514761 AND 515760 ORDER BY c
	Unique  (cost=3862.12..3867.04 rows=983 width=121)
	  ->  Sort  (cost=3862.12..3864.58 rows=983 width=121)
	        Sort Key: c
	        ->  Bitmap Heap Scan on sbtest6  (cost=34.51..3813.26 rows=983 width=121)
	              Recheck Cond: ((id >= 514761) AND (id <= 515760))
	              ->  Bitmap Index Scan on sbtest6_pkey  (cost=0.00..34.27 rows=983 width=0)
	                    Index Cond: ((id >= 514761) AND (id <= 515760))

table 7 : explain SELECT DISTINCT c FROM sbtest7 WHERE id BETWEEN 742000 AND 742999 ORDER BY c
	Unique  (cost=4251.17..4256.59 rows=1084 width=121)
	  ->  Sort  (cost=4251.17..4253.88 rows=1084 width=121)
	        Sort Key: c
	        ->  Bitmap Heap Scan on sbtest7  (cost=35.55..4196.52 rows=1084 width=121)
	              Recheck Cond: ((id >= 742000) AND (id <= 742999))
	              ->  Bitmap Index Scan on sbtest7_pkey  (cost=0.00..35.28 rows=1084 width=0)
	                    Index Cond: ((id >= 742000) AND (id <= 742999))

table 8 : explain SELECT DISTINCT c FROM sbtest8 WHERE id BETWEEN 5216811 AND 5217810 ORDER BY c
	Unique  (cost=3872.40..3877.33 rows=986 width=121)
	  ->  Sort  (cost=3872.40..3874.87 rows=986 width=121)
	        Sort Key: c
	        ->  Bitmap Heap Scan on sbtest8  (cost=34.54..3823.37 rows=986 width=121)
	              Recheck Cond: ((id >= 5216811) AND (id <= 5217810))
	              ->  Bitmap Index Scan on sbtest8_pkey  (cost=0.00..34.30 rows=986 width=0)
	                    Index Cond: ((id >= 5216811) AND (id <= 5217810))

for: sum_ranges
table 1 : explain SELECT SUM(k) FROM sbtest1 WHERE id BETWEEN 8856915 AND 8857914
	Aggregate  (cost=3835.35..3835.36 rows=1 width=8)
	  ->  Bitmap Heap Scan on sbtest1  (cost=34.56..3832.88 rows=988 width=4)
	        Recheck Cond: ((id >= 8856915) AND (id <= 8857914))
	        ->  Bitmap Index Scan on sbtest1_pkey  (cost=0.00..34.32 rows=988 width=0)
	              Index Cond: ((id >= 8856915) AND (id <= 8857914))

table 2 : explain SELECT SUM(k) FROM sbtest2 WHERE id BETWEEN 8731227 AND 8732226
	Aggregate  (cost=4110.83..4110.84 rows=1 width=8)
	  ->  Bitmap Heap Scan on sbtest2  (cost=35.32..4108.17 rows=1062 width=4)
	        Recheck Cond: ((id >= 8731227) AND (id <= 8732226))
	        ->  Bitmap Index Scan on sbtest2_pkey  (cost=0.00..35.06 rows=1062 width=0)
	              Index Cond: ((id >= 8731227) AND (id <= 8732226))

table 3 : explain SELECT SUM(k) FROM sbtest3 WHERE id BETWEEN 6467502 AND 6468501
	Aggregate  (cost=3977.68..3977.69 rows=1 width=8)
	  ->  Bitmap Heap Scan on sbtest3  (cost=34.94..3975.12 rows=1025 width=4)
	        Recheck Cond: ((id >= 6467502) AND (id <= 6468501))
	        ->  Bitmap Index Scan on sbtest3_pkey  (cost=0.00..34.69 rows=1025 width=0)
	              Index Cond: ((id >= 6467502) AND (id <= 6468501))

table 4 : explain SELECT SUM(k) FROM sbtest4 WHERE id BETWEEN 9002385 AND 9003384
	Aggregate  (cost=3826.79..3826.80 rows=1 width=8)
	  ->  Bitmap Heap Scan on sbtest4  (cost=34.53..3824.33 rows=985 width=4)
	        Recheck Cond: ((id >= 9002385) AND (id <= 9003384))
	        ->  Bitmap Index Scan on sbtest4_pkey  (cost=0.00..34.29 rows=985 width=0)
	              Index Cond: ((id >= 9002385) AND (id <= 9003384))

table 5 : explain SELECT SUM(k) FROM sbtest5 WHERE id BETWEEN 7733903 AND 7734902
	Aggregate  (cost=4640.80..4640.81 rows=1 width=8)
	  ->  Bitmap Heap Scan on sbtest5  (cost=40.75..4637.80 rows=1201 width=4)
	        Recheck Cond: ((id >= 7733903) AND (id <= 7734902))
	        ->  Bitmap Index Scan on sbtest5_pkey  (cost=0.00..40.45 rows=1201 width=0)
	              Index Cond: ((id >= 7733903) AND (id <= 7734902))

table 6 : explain SELECT SUM(k) FROM sbtest6 WHERE id BETWEEN 1029191 AND 1030190
	Aggregate  (cost=4091.12..4091.13 rows=1 width=8)
	  ->  Bitmap Heap Scan on sbtest6  (cost=35.26..4088.48 rows=1056 width=4)
	        Recheck Cond: ((id >= 1029191) AND (id <= 1030190))
	        ->  Bitmap Index Scan on sbtest6_pkey  (cost=0.00..35.00 rows=1056 width=0)
	              Index Cond: ((id >= 1029191) AND (id <= 1030190))

table 7 : explain SELECT SUM(k) FROM sbtest7 WHERE id BETWEEN 957517 AND 958516
	Aggregate  (cost=3999.34..3999.35 rows=1 width=8)
	  ->  Bitmap Heap Scan on sbtest7  (cost=35.00..3996.76 rows=1031 width=4)
	        Recheck Cond: ((id >= 957517) AND (id <= 958516))
	        ->  Bitmap Index Scan on sbtest7_pkey  (cost=0.00..34.75 rows=1031 width=0)
	              Index Cond: ((id >= 957517) AND (id <= 958516))

table 8 : explain SELECT SUM(k) FROM sbtest8 WHERE id BETWEEN 8667084 AND 8668083
	Aggregate  (cost=3882.45..3882.46 rows=1 width=8)
	  ->  Bitmap Heap Scan on sbtest8  (cost=34.70..3879.95 rows=1001 width=4)
	        Recheck Cond: ((id >= 8667084) AND (id <= 8668083))
	        ->  Bitmap Index Scan on sbtest8_pkey  (cost=0.00..34.45 rows=1001 width=0)
	              Index Cond: ((id >= 8667084) AND (id <= 8668083))

explain: for point_selects :: explain SELECT c FROM sbtest%u WHERE id=%u
for: simple_ranges
table 1 : explain SELECT c FROM sbtest1 WHERE id BETWEEN 1723076 AND 1724075
	Bitmap Heap Scan on sbtest1  (cost=34.55..3829.11 rows=987 width=121)
	  Recheck Cond: ((id >= 1723076) AND (id <= 1724075))
	  ->  Bitmap Index Scan on sbtest1_pkey  (cost=0.00..34.31 rows=987 width=0)
	        Index Cond: ((id >= 1723076) AND (id <= 1724075))

table 2 : explain SELECT c FROM sbtest2 WHERE id BETWEEN 7471363 AND 7472362
	Bitmap Heap Scan on sbtest2  (cost=29.73..3519.72 rows=907 width=121)
	  Recheck Cond: ((id >= 7471363) AND (id <= 7472362))
	  ->  Bitmap Index Scan on sbtest2_pkey  (cost=0.00..29.50 rows=907 width=0)
	        Index Cond: ((id >= 7471363) AND (id <= 7472362))

table 3 : explain SELECT c FROM sbtest3 WHERE id BETWEEN 3853344 AND 3854343
	Bitmap Heap Scan on sbtest3  (cost=35.43..4156.15 rows=1073 width=121)
	  Recheck Cond: ((id >= 3853344) AND (id <= 3854343))
	  ->  Bitmap Index Scan on sbtest3_pkey  (cost=0.00..35.17 rows=1073 width=0)
	        Index Cond: ((id >= 3853344) AND (id <= 3854343))

table 4 : explain SELECT c FROM sbtest4 WHERE id BETWEEN 9327415 AND 9328414
	Bitmap Heap Scan on sbtest4  (cost=29.44..3418.95 rows=879 width=121)
	  Recheck Cond: ((id >= 9327415) AND (id <= 9328414))
	  ->  Bitmap Index Scan on sbtest4_pkey  (cost=0.00..29.22 rows=879 width=0)
	        Index Cond: ((id >= 9327415) AND (id <= 9328414))

table 5 : explain SELECT c FROM sbtest5 WHERE id BETWEEN 3420450 AND 3421449
	Bitmap Heap Scan on sbtest5  (cost=35.20..4069.40 rows=1050 width=121)
	  Recheck Cond: ((id >= 3420450) AND (id <= 3421449))
	  ->  Bitmap Index Scan on sbtest5_pkey  (cost=0.00..34.94 rows=1050 width=0)
	        Index Cond: ((id >= 3420450) AND (id <= 3421449))

table 6 : explain SELECT c FROM sbtest6 WHERE id BETWEEN 494475 AND 495474
	Bitmap Heap Scan on sbtest6  (cost=34.51..3813.26 rows=983 width=121)
	  Recheck Cond: ((id >= 494475) AND (id <= 495474))
	  ->  Bitmap Index Scan on sbtest6_pkey  (cost=0.00..34.27 rows=983 width=0)
	        Index Cond: ((id >= 494475) AND (id <= 495474))

table 7 : explain SELECT c FROM sbtest7 WHERE id BETWEEN 9279038 AND 9280037
	Bitmap Heap Scan on sbtest7  (cost=34.53..3823.11 rows=985 width=121)
	  Recheck Cond: ((id >= 9279038) AND (id <= 9280037))
	  ->  Bitmap Index Scan on sbtest7_pkey  (cost=0.00..34.29 rows=985 width=0)
	        Index Cond: ((id >= 9279038) AND (id <= 9280037))

table 8 : explain SELECT c FROM sbtest8 WHERE id BETWEEN 9219173 AND 9220172
	Bitmap Heap Scan on sbtest8  (cost=34.91..3959.10 rows=1022 width=121)
	  Recheck Cond: ((id >= 9219173) AND (id <= 9220172))
	  ->  Bitmap Index Scan on sbtest8_pkey  (cost=0.00..34.66 rows=1022 width=0)
	        Index Cond: ((id >= 9219173) AND (id <= 9220172))

for: sum_ranges
table 1 : explain SELECT SUM(k) FROM sbtest1 WHERE id BETWEEN 8231300 AND 8232299
	Aggregate  (cost=3895.78..3895.79 rows=1 width=8)
	  ->  Bitmap Heap Scan on sbtest1  (cost=34.73..3893.27 rows=1004 width=4)
	        Recheck Cond: ((id >= 8231300) AND (id <= 8232299))
	        ->  Bitmap Index Scan on sbtest1_pkey  (cost=0.00..34.48 rows=1004 width=0)
	              Index Cond: ((id >= 8231300) AND (id <= 8232299))

table 2 : explain SELECT SUM(k) FROM sbtest2 WHERE id BETWEEN 3604306 AND 3605305
	Aggregate  (cost=3745.20..3745.21 rows=1 width=8)
	  ->  Bitmap Heap Scan on sbtest2  (cost=34.33..3742.78 rows=965 width=4)
	        Recheck Cond: ((id >= 3604306) AND (id <= 3605305))
	        ->  Bitmap Index Scan on sbtest2_pkey  (cost=0.00..34.09 rows=965 width=0)
	              Index Cond: ((id >= 3604306) AND (id <= 3605305))

table 3 : explain SELECT SUM(k) FROM sbtest3 WHERE id BETWEEN 9062571 AND 9063570
	Aggregate  (cost=4211.62..4211.63 rows=1 width=8)
	  ->  Bitmap Heap Scan on sbtest3  (cost=35.58..4208.90 rows=1087 width=4)
	        Recheck Cond: ((id >= 9062571) AND (id <= 9063570))
	        ->  Bitmap Index Scan on sbtest3_pkey  (cost=0.00..35.31 rows=1087 width=0)
	              Index Cond: ((id >= 9062571) AND (id <= 9063570))

table 4 : explain SELECT SUM(k) FROM sbtest4 WHERE id BETWEEN 5439090 AND 5440089
	Aggregate  (cost=3906.19..3906.20 rows=1 width=8)
	  ->  Bitmap Heap Scan on sbtest4  (cost=34.75..3903.68 rows=1006 width=4)
	        Recheck Cond: ((id >= 5439090) AND (id <= 5440089))
	        ->  Bitmap Index Scan on sbtest4_pkey  (cost=0.00..34.50 rows=1006 width=0)
	              Index Cond: ((id >= 5439090) AND (id <= 5440089))

table 5 : explain SELECT SUM(k) FROM sbtest5 WHERE id BETWEEN 8961486 AND 8962485
	Aggregate  (cost=3686.45..3686.46 rows=1 width=8)
	  ->  Bitmap Heap Scan on sbtest5  (cost=34.15..3684.08 rows=948 width=4)
	        Recheck Cond: ((id >= 8961486) AND (id <= 8962485))
	        ->  Bitmap Index Scan on sbtest5_pkey  (cost=0.00..33.92 rows=948 width=0)
	              Index Cond: ((id >= 8961486) AND (id <= 8962485))

table 6 : explain SELECT SUM(k) FROM sbtest6 WHERE id BETWEEN 4526217 AND 4527216
	Aggregate  (cost=3793.05..3793.06 rows=1 width=8)
	  ->  Bitmap Heap Scan on sbtest6  (cost=34.45..3790.61 rows=977 width=4)
	        Recheck Cond: ((id >= 4526217) AND (id <= 4527216))
	        ->  Bitmap Index Scan on sbtest6_pkey  (cost=0.00..34.20 rows=977 width=0)
	              Index Cond: ((id >= 4526217) AND (id <= 4527216))

table 7 : explain SELECT SUM(k) FROM sbtest7 WHERE id BETWEEN 702843 AND 703842
	Aggregate  (cost=4199.23..4199.24 rows=1 width=8)
	  ->  Bitmap Heap Scan on sbtest7  (cost=35.55..4196.52 rows=1084 width=4)
	        Recheck Cond: ((id >= 702843) AND (id <= 703842))
	        ->  Bitmap Index Scan on sbtest7_pkey  (cost=0.00..35.28 rows=1084 width=0)
	              Index Cond: ((id >= 702843) AND (id <= 703842))

table 8 : explain SELECT SUM(k) FROM sbtest8 WHERE id BETWEEN 2866824 AND 2867823
	Aggregate  (cost=3704.97..3704.98 rows=1 width=8)
	  ->  Bitmap Heap Scan on sbtest8  (cost=34.21..3702.59 rows=954 width=4)
	        Recheck Cond: ((id >= 2866824) AND (id <= 2867823))
	        ->  Bitmap Index Scan on sbtest8_pkey  (cost=0.00..33.98 rows=954 width=0)
	              Index Cond: ((id >= 2866824) AND (id <= 2867823))
for: simple_ranges
table 1 : explain SELECT c FROM sbtest1 WHERE id BETWEEN 6023841 AND 6024840
	Bitmap Heap Scan on sbtest1  (cost=34.65..3866.86 rows=997 width=121)
	  Recheck Cond: ((id >= 6023841) AND (id <= 6024840))
	  ->  Bitmap Index Scan on sbtest1_pkey  (cost=0.00..34.41 rows=997 width=0)
	        Index Cond: ((id >= 6023841) AND (id <= 6024840))

table 2 : explain SELECT c FROM sbtest2 WHERE id BETWEEN 8829207 AND 8830206
	Bitmap Heap Scan on sbtest2  (cost=35.08..4021.64 rows=1039 width=121)
	  Recheck Cond: ((id >= 8829207) AND (id <= 8830206))
	  ->  Bitmap Index Scan on sbtest2_pkey  (cost=0.00..34.83 rows=1039 width=0)
	        Index Cond: ((id >= 8829207) AND (id <= 8830206))

table 3 : explain SELECT c FROM sbtest3 WHERE id BETWEEN 8612522 AND 8613521
	Bitmap Heap Scan on sbtest3  (cost=34.70..3884.50 rows=1001 width=121)
	  Recheck Cond: ((id >= 8612522) AND (id <= 8613521))
	  ->  Bitmap Index Scan on sbtest3_pkey  (cost=0.00..34.45 rows=1001 width=0)
	        Index Cond: ((id >= 8612522) AND (id <= 8613521))

table 4 : explain SELECT c FROM sbtest4 WHERE id BETWEEN 1129174 AND 1130173
	Bitmap Heap Scan on sbtest4  (cost=34.90..3960.32 rows=1021 width=121)
	  Recheck Cond: ((id >= 1129174) AND (id <= 1130173))
	  ->  Bitmap Index Scan on sbtest4_pkey  (cost=0.00..34.65 rows=1021 width=0)
	        Index Cond: ((id >= 1129174) AND (id <= 1130173))

table 5 : explain SELECT c FROM sbtest5 WHERE id BETWEEN 7713747 AND 7714746
	Bitmap Heap Scan on sbtest5  (cost=40.75..4637.80 rows=1201 width=121)
	  Recheck Cond: ((id >= 7713747) AND (id <= 7714746))
	  ->  Bitmap Index Scan on sbtest5_pkey  (cost=0.00..40.45 rows=1201 width=0)
	        Index Cond: ((id >= 7713747) AND (id <= 7714746))

table 6 : explain SELECT c FROM sbtest6 WHERE id BETWEEN 4677026 AND 4678025
	Bitmap Heap Scan on sbtest6  (cost=33.93..3597.89 rows=926 width=121)
	  Recheck Cond: ((id >= 4677026) AND (id <= 4678025))
	  ->  Bitmap Index Scan on sbtest6_pkey  (cost=0.00..33.70 rows=926 width=0)
	        Index Cond: ((id >= 4677026) AND (id <= 4678025))

table 7 : explain SELECT c FROM sbtest7 WHERE id BETWEEN 9867612 AND 9868611
	Bitmap Heap Scan on sbtest7  (cost=39.81..4298.40 rows=1110 width=121)
	  Recheck Cond: ((id >= 9867612) AND (id <= 9868611))
	  ->  Bitmap Index Scan on sbtest7_pkey  (cost=0.00..39.54 rows=1110 width=0)
	        Index Cond: ((id >= 9867612) AND (id <= 9868611))

table 8 : explain SELECT c FROM sbtest8 WHERE id BETWEEN 4961247 AND 4962246
	Bitmap Heap Scan on sbtest8  (cost=35.43..4151.10 rows=1073 width=121)
	  Recheck Cond: ((id >= 4961247) AND (id <= 4962246))
	  ->  Bitmap Index Scan on sbtest8_pkey  (cost=0.00..35.17 rows=1073 width=0)
	        Index Cond: ((id >= 4961247) AND (id <= 4962246))


for: order_ranges
table 1 : explain SELECT c FROM sbtest1 WHERE id BETWEEN 3664450 AND 3665449 ORDER BY c
	Sort  (cost=3797.69..3800.11 rows=966 width=121)
	  Sort Key: c
	  ->  Bitmap Heap Scan on sbtest1  (cost=34.34..3749.80 rows=966 width=121)
	        Recheck Cond: ((id >= 3664450) AND (id <= 3665449))
	        ->  Bitmap Index Scan on sbtest1_pkey  (cost=0.00..34.09 rows=966 width=0)
	              Index Cond: ((id >= 3664450) AND (id <= 3665449))

table 2 : explain SELECT c FROM sbtest2 WHERE id BETWEEN 7511178 AND 7512177 ORDER BY c
	Sort  (cost=3641.16..3643.47 rows=926 width=121)
	  Sort Key: c
	  ->  Bitmap Heap Scan on sbtest2  (cost=33.93..3595.53 rows=926 width=121)
	        Recheck Cond: ((id >= 7511178) AND (id <= 7512177))
	        ->  Bitmap Index Scan on sbtest2_pkey  (cost=0.00..33.70 rows=926 width=0)
	              Index Cond: ((id >= 7511178) AND (id <= 7512177))

table 3 : explain SELECT c FROM sbtest3 WHERE id BETWEEN 586912 AND 587911 ORDER BY c
	Sort  (cost=3634.93..3637.24 rows=923 width=121)
	  Sort Key: c
	  ->  Bitmap Heap Scan on sbtest3  (cost=33.90..3589.47 rows=923 width=121)
	        Recheck Cond: ((id >= 586912) AND (id <= 587911))
	        ->  Bitmap Index Scan on sbtest3_pkey  (cost=0.00..33.67 rows=923 width=0)
	              Index Cond: ((id >= 586912) AND (id <= 587911))

table 4 : explain SELECT c FROM sbtest4 WHERE id BETWEEN 201867 AND 202866 ORDER BY c
	Sort  (cost=3903.99..3906.47 rows=993 width=121)
	  Sort Key: c
	  ->  Bitmap Heap Scan on sbtest4  (cost=34.61..3854.56 rows=993 width=121)
	        Recheck Cond: ((id >= 201867) AND (id <= 202866))
	        ->  Bitmap Index Scan on sbtest4_pkey  (cost=0.00..34.37 rows=993 width=0)
	              Index Cond: ((id >= 201867) AND (id <= 202866))

table 5 : explain SELECT c FROM sbtest5 WHERE id BETWEEN 3405207 AND 3406206 ORDER BY c
	Sort  (cost=4122.09..4124.72 rows=1050 width=121)
	  Sort Key: c
	  ->  Bitmap Heap Scan on sbtest5  (cost=35.20..4069.40 rows=1050 width=121)
	        Recheck Cond: ((id >= 3405207) AND (id <= 3406206))
	        ->  Bitmap Index Scan on sbtest5_pkey  (cost=0.00..34.94 rows=1050 width=0)
	              Index Cond: ((id >= 3405207) AND (id <= 3406206))

table 6 : explain SELECT c FROM sbtest6 WHERE id BETWEEN 8046379 AND 8047378 ORDER BY c
	Sort  (cost=3992.33..3994.87 rows=1017 width=121)
	  Sort Key: c
	  ->  Bitmap Heap Scan on sbtest6  (cost=34.86..3941.53 rows=1017 width=121)
	        Recheck Cond: ((id >= 8046379) AND (id <= 8047378))
	        ->  Bitmap Index Scan on sbtest6_pkey  (cost=0.00..34.61 rows=1017 width=0)
	              Index Cond: ((id >= 8046379) AND (id <= 8047378))

table 7 : explain SELECT c FROM sbtest7 WHERE id BETWEEN 1398847 AND 1399846 ORDER BY c
	Sort  (cost=4209.10..4211.79 rows=1073 width=121)
	  Sort Key: c
	  ->  Bitmap Heap Scan on sbtest7  (cost=35.43..4155.09 rows=1073 width=121)
	        Recheck Cond: ((id >= 1398847) AND (id <= 1399846))
	        ->  Bitmap Index Scan on sbtest7_pkey  (cost=0.00..35.17 rows=1073 width=0)
	              Index Cond: ((id >= 1398847) AND (id <= 1399846))

table 8 : explain SELECT c FROM sbtest8 WHERE id BETWEEN 1018285 AND 1019284 ORDER BY c
	Sort  (cost=3849.43..3851.88 rows=980 width=121)
	  Sort Key: c
	  ->  Bitmap Heap Scan on sbtest8  (cost=34.48..3800.74 rows=980 width=121)
	        Recheck Cond: ((id >= 1018285) AND (id <= 1019284))
	        ->  Bitmap Index Scan on sbtest8_pkey  (cost=0.00..34.23 rows=980 width=0)
	              Index Cond: ((id >= 1018285) AND (id <= 1019284))

explain: for point_selects :: explain SELECT c FROM sbtest%u WHERE id=%u
for: order_ranges
table 1 : explain SELECT c FROM sbtest1 WHERE id BETWEEN 3130842 AND 3131841 ORDER BY c
	Sort  (cost=3459.60..3461.79 rows=879 width=121)
	  Sort Key: c
	  ->  Bitmap Heap Scan on sbtest1  (cost=29.44..3416.61 rows=879 width=121)
	        Recheck Cond: ((id >= 3130842) AND (id <= 3131841))
	        ->  Bitmap Index Scan on sbtest1_pkey  (cost=0.00..29.22 rows=879 width=0)
	              Index Cond: ((id >= 3130842) AND (id <= 3131841))

table 2 : explain SELECT c FROM sbtest2 WHERE id BETWEEN 3333388 AND 3334387 ORDER BY c
	Sort  (cost=3951.37..3953.89 rows=1007 width=121)
	  Sort Key: c
	  ->  Bitmap Heap Scan on sbtest2  (cost=34.76..3901.14 rows=1007 width=121)
	        Recheck Cond: ((id >= 3333388) AND (id <= 3334387))
	        ->  Bitmap Index Scan on sbtest2_pkey  (cost=0.00..34.51 rows=1007 width=0)
	              Index Cond: ((id >= 3333388) AND (id <= 3334387))

table 3 : explain SELECT c FROM sbtest3 WHERE id BETWEEN 3909587 AND 3910586 ORDER BY c
	Sort  (cost=3865.34..3867.80 rows=983 width=121)
	  Sort Key: c
	  ->  Bitmap Heap Scan on sbtest3  (cost=34.51..3816.48 rows=983 width=121)
	        Recheck Cond: ((id >= 3909587) AND (id <= 3910586))
	        ->  Bitmap Index Scan on sbtest3_pkey  (cost=0.00..34.27 rows=983 width=0)
	              Index Cond: ((id >= 3909587) AND (id <= 3910586))

table 4 : explain SELECT c FROM sbtest4 WHERE id BETWEEN 4865186 AND 4866185 ORDER BY c
	Sort  (cost=4459.17..4462.01 rows=1137 width=121)
	  Sort Key: c
	  ->  Bitmap Heap Scan on sbtest4  (cost=40.09..4401.46 rows=1137 width=121)
	        Recheck Cond: ((id >= 4865186) AND (id <= 4866185))
	        ->  Bitmap Index Scan on sbtest4_pkey  (cost=0.00..39.81 rows=1137 width=0)
	              Index Cond: ((id >= 4865186) AND (id <= 4866185))

table 5 : explain SELECT c FROM sbtest5 WHERE id BETWEEN 181979 AND 182978 ORDER BY c
	Sort  (cost=3853.80..3856.25 rows=980 width=121)
	  Sort Key: c
	  ->  Bitmap Heap Scan on sbtest5  (cost=34.48..3805.11 rows=980 width=121)
	        Recheck Cond: ((id >= 181979) AND (id <= 182978))
	        ->  Bitmap Index Scan on sbtest5_pkey  (cost=0.00..34.23 rows=980 width=0)
	              Index Cond: ((id >= 181979) AND (id <= 182978))

table 6 : explain SELECT c FROM sbtest6 WHERE id BETWEEN 1392811 AND 1393810 ORDER BY c
	Sort  (cost=4026.77..4029.34 rows=1026 width=121)
	  Sort Key: c
	  ->  Bitmap Heap Scan on sbtest6  (cost=34.95..3975.46 rows=1026 width=121)
	        Recheck Cond: ((id >= 1392811) AND (id <= 1393810))
	        ->  Bitmap Index Scan on sbtest6_pkey  (cost=0.00..34.70 rows=1026 width=0)
	              Index Cond: ((id >= 1392811) AND (id <= 1393810))

table 7 : explain SELECT c FROM sbtest7 WHERE id BETWEEN 2360674 AND 2361673 ORDER BY c
	Sort  (cost=3994.74..3997.28 rows=1017 width=121)
	  Sort Key: c
	  ->  Bitmap Heap Scan on sbtest7  (cost=34.86..3943.94 rows=1017 width=121)
	        Recheck Cond: ((id >= 2360674) AND (id <= 2361673))
	        ->  Bitmap Index Scan on sbtest7_pkey  (cost=0.00..34.61 rows=1017 width=0)
	              Index Cond: ((id >= 2360674) AND (id <= 2361673))

table 8 : explain SELECT c FROM sbtest8 WHERE id BETWEEN 2171763 AND 2172762 ORDER BY c
	Sort  (cost=4205.12..4207.80 rows=1073 width=121)
	  Sort Key: c
	  ->  Bitmap Heap Scan on sbtest8  (cost=35.43..4151.10 rows=1073 width=121)
	        Recheck Cond: ((id >= 2171763) AND (id <= 2172762))
	        ->  Bitmap Index Scan on sbtest8_pkey  (cost=0.00..35.17 rows=1073 width=0)
	              Index Cond: ((id >= 2171763) AND (id <= 2172762))

for: order_ranges
table 1 : explain SELECT c FROM sbtest1 WHERE id BETWEEN 888461 AND 889460 ORDER BY c
	Sort  (cost=3859.03..3861.49 rows=982 width=121)
	  Sort Key: c
	  ->  Bitmap Heap Scan on sbtest1  (cost=34.50..3810.23 rows=982 width=121)
	        Recheck Cond: ((id >= 888461) AND (id <= 889460))
	        ->  Bitmap Index Scan on sbtest1_pkey  (cost=0.00..34.26 rows=982 width=0)
	              Index Cond: ((id >= 888461) AND (id <= 889460))

table 2 : explain SELECT c FROM sbtest2 WHERE id BETWEEN 3279045 AND 3280044 ORDER BY c
	Sort  (cost=3729.33..3731.70 rows=949 width=121)
	  Sort Key: c
	  ->  Bitmap Heap Scan on sbtest2  (cost=34.16..3682.40 rows=949 width=121)
	        Recheck Cond: ((id >= 3279045) AND (id <= 3280044))
	        ->  Bitmap Index Scan on sbtest2_pkey  (cost=0.00..33.93 rows=949 width=0)
	              Index Cond: ((id >= 3279045) AND (id <= 3280044))

table 3 : explain SELECT c FROM sbtest3 WHERE id BETWEEN 8161801 AND 8162800 ORDER BY c
	Sort  (cost=4145.10..4147.74 rows=1056 width=121)
	  Sort Key: c
	  ->  Bitmap Heap Scan on sbtest3  (cost=35.26..4092.07 rows=1056 width=121)
	        Recheck Cond: ((id >= 8161801) AND (id <= 8162800))
	        ->  Bitmap Index Scan on sbtest3_pkey  (cost=0.00..35.00 rows=1056 width=0)
	              Index Cond: ((id >= 8161801) AND (id <= 8162800))

table 4 : explain SELECT c FROM sbtest4 WHERE id BETWEEN 8098266 AND 8099265 ORDER BY c
	Sort  (cost=3857.95..3860.41 rows=981 width=121)
	  Sort Key: c
	  ->  Bitmap Heap Scan on sbtest4  (cost=34.49..3809.21 rows=981 width=121)
	        Recheck Cond: ((id >= 8098266) AND (id <= 8099265))
	        ->  Bitmap Index Scan on sbtest4_pkey  (cost=0.00..34.25 rows=981 width=0)
	              Index Cond: ((id >= 8098266) AND (id <= 8099265))

table 5 : explain SELECT c FROM sbtest5 WHERE id BETWEEN 3865823 AND 3866822 ORDER BY c
	Sort  (cost=4412.93..4415.74 rows=1125 width=121)
	  Sort Key: c
	  ->  Bitmap Heap Scan on sbtest5  (cost=39.97..4355.92 rows=1125 width=121)
	        Recheck Cond: ((id >= 3865823) AND (id <= 3866822))
	        ->  Bitmap Index Scan on sbtest5_pkey  (cost=0.00..39.69 rows=1125 width=0)
	              Index Cond: ((id >= 3865823) AND (id <= 3866822))

table 6 : explain SELECT c FROM sbtest6 WHERE id BETWEEN 818461 AND 819460 ORDER BY c
	Sort  (cost=3923.41..3925.91 rows=999 width=121)
	  Sort Key: c
	  ->  Bitmap Heap Scan on sbtest6  (cost=34.67..3873.64 rows=999 width=121)
	        Recheck Cond: ((id >= 818461) AND (id <= 819460))
	        ->  Bitmap Index Scan on sbtest6_pkey  (cost=0.00..34.43 rows=999 width=0)
	              Index Cond: ((id >= 818461) AND (id <= 819460))

table 7 : explain SELECT c FROM sbtest7 WHERE id BETWEEN 8967796 AND 8968795 ORDER BY c
	Sort  (cost=4067.51..4070.10 rows=1036 width=121)
	  Sort Key: c
	  ->  Bitmap Heap Scan on sbtest7  (cost=35.05..4015.62 rows=1036 width=121)
	        Recheck Cond: ((id >= 8967796) AND (id <= 8968795))
	        ->  Bitmap Index Scan on sbtest7_pkey  (cost=0.00..34.80 rows=1036 width=0)
	              Index Cond: ((id >= 8967796) AND (id <= 8968795))

table 8 : explain SELECT c FROM sbtest8 WHERE id BETWEEN 6472962 AND 6473961 ORDER BY c
	Sort  (cost=4063.73..4066.32 rows=1036 width=121)
	  Sort Key: c
	  ->  Bitmap Heap Scan on sbtest8  (cost=35.05..4011.84 rows=1036 width=121)
	        Recheck Cond: ((id >= 6472962) AND (id <= 6473961))
	        ->  Bitmap Index Scan on sbtest8_pkey  (cost=0.00..34.80 rows=1036 width=0)
	              Index Cond: ((id >= 6472962) AND (id <= 6473961))

for: sum_ranges
table 1 : explain SELECT SUM(k) FROM sbtest1 WHERE id BETWEEN 9429673 AND 9430672
	Aggregate  (cost=3763.55..3763.56 rows=1 width=8)
	  ->  Bitmap Heap Scan on sbtest1  (cost=34.37..3761.13 rows=969 width=4)
	        Recheck Cond: ((id >= 9429673) AND (id <= 9430672))
	        ->  Bitmap Index Scan on sbtest1_pkey  (cost=0.00..34.12 rows=969 width=0)
	              Index Cond: ((id >= 9429673) AND (id <= 9430672))

table 2 : explain SELECT SUM(k) FROM sbtest2 WHERE id BETWEEN 1962525 AND 1963524
	Aggregate  (cost=4314.14..4314.15 rows=1 width=8)
	  ->  Bitmap Heap Scan on sbtest2  (cost=39.87..4311.35 rows=1116 width=4)
	        Recheck Cond: ((id >= 1962525) AND (id <= 1963524))
	        ->  Bitmap Index Scan on sbtest2_pkey  (cost=0.00..39.59 rows=1116 width=0)
	              Index Cond: ((id >= 1962525) AND (id <= 1963524))

table 3 : explain SELECT SUM(k) FROM sbtest3 WHERE id BETWEEN 6885406 AND 6886405
	Aggregate  (cost=3849.19..3849.20 rows=1 width=8)
	  ->  Bitmap Heap Scan on sbtest3  (cost=34.59..3846.72 rows=991 width=4)
	        Recheck Cond: ((id >= 6885406) AND (id <= 6886405))
	        ->  Bitmap Index Scan on sbtest3_pkey  (cost=0.00..34.34 rows=991 width=0)
	              Index Cond: ((id >= 6885406) AND (id <= 6886405))

table 4 : explain SELECT SUM(k) FROM sbtest4 WHERE id BETWEEN 9883175 AND 9884174
	Aggregate  (cost=3516.00..3516.01 rows=1 width=8)
	  ->  Bitmap Heap Scan on sbtest4  (cost=29.70..3513.74 rows=904 width=4)
	        Recheck Cond: ((id >= 9883175) AND (id <= 9884174))
	        ->  Bitmap Index Scan on sbtest4_pkey  (cost=0.00..29.47 rows=904 width=0)
	              Index Cond: ((id >= 9883175) AND (id <= 9884174))

table 5 : explain SELECT SUM(k) FROM sbtest5 WHERE id BETWEEN 4941800 AND 4942799
	Aggregate  (cost=4060.70..4060.71 rows=1 width=8)
	  ->  Bitmap Heap Scan on sbtest5  (cost=35.17..4058.09 rows=1047 width=4)
	        Recheck Cond: ((id >= 4941800) AND (id <= 4942799))
	        ->  Bitmap Index Scan on sbtest5_pkey  (cost=0.00..34.91 rows=1047 width=0)
	              Index Cond: ((id >= 4941800) AND (id <= 4942799))

table 6 : explain SELECT SUM(k) FROM sbtest6 WHERE id BETWEEN 2343716 AND 2344715
	Aggregate  (cost=3653.18..3653.19 rows=1 width=8)
	  ->  Bitmap Heap Scan on sbtest6  (cost=34.07..3650.83 rows=940 width=4)
	        Recheck Cond: ((id >= 2343716) AND (id <= 2344715))
	        ->  Bitmap Index Scan on sbtest6_pkey  (cost=0.00..33.84 rows=940 width=0)
	              Index Cond: ((id >= 2343716) AND (id <= 2344715))

table 7 : explain SELECT SUM(k) FROM sbtest7 WHERE id BETWEEN 8840565 AND 8841564
	Aggregate  (cost=3984.24..3984.25 rows=1 width=8)
	  ->  Bitmap Heap Scan on sbtest7  (cost=34.96..3981.67 rows=1027 width=4)
	        Recheck Cond: ((id >= 8840565) AND (id <= 8841564))
	        ->  Bitmap Index Scan on sbtest7_pkey  (cost=0.00..34.70 rows=1027 width=0)
	              Index Cond: ((id >= 8840565) AND (id <= 8841564))

table 8 : explain SELECT SUM(k) FROM sbtest8 WHERE id BETWEEN 155484 AND 156483
	Aggregate  (cost=4063.41..4063.42 rows=1 width=8)
	  ->  Bitmap Heap Scan on sbtest8  (cost=35.19..4060.79 rows=1049 width=4)
	        Recheck Cond: ((id >= 155484) AND (id <= 156483))
	        ->  Bitmap Index Scan on sbtest8_pkey  (cost=0.00..34.93 rows=1049 width=0)
	              Index Cond: ((id >= 155484) AND (id <= 156483))

for point_selects
table 1 : explain SELECT c FROM sbtest1 WHERE id=2713266
	Index Scan using sbtest1_pkey on sbtest1  (cost=0.43..8.45 rows=1 width=121)
	  Index Cond: (id = 2713266)

table 2 : explain SELECT c FROM sbtest2 WHERE id=3391024
	Index Scan using sbtest2_pkey on sbtest2  (cost=0.43..8.45 rows=1 width=121)
	  Index Cond: (id = 3391024)

table 3 : explain SELECT c FROM sbtest3 WHERE id=2319969
	Index Scan using sbtest3_pkey on sbtest3  (cost=0.43..8.45 rows=1 width=121)
	  Index Cond: (id = 2319969)

table 4 : explain SELECT c FROM sbtest4 WHERE id=8778873
	Index Scan using sbtest4_pkey on sbtest4  (cost=0.43..8.45 rows=1 width=121)
	  Index Cond: (id = 8778873)

table 5 : explain SELECT c FROM sbtest5 WHERE id=3684599
	Index Scan using sbtest5_pkey on sbtest5  (cost=0.43..8.45 rows=1 width=121)
	  Index Cond: (id = 3684599)

table 6 : explain SELECT c FROM sbtest6 WHERE id=9624497
	Index Scan using sbtest6_pkey on sbtest6  (cost=0.43..8.45 rows=1 width=121)
	  Index Cond: (id = 9624497)

table 7 : explain SELECT c FROM sbtest7 WHERE id=1986349
	Index Scan using sbtest7_pkey on sbtest7  (cost=0.43..8.45 rows=1 width=121)
	  Index Cond: (id = 1986349)

table 8 : explain SELECT c FROM sbtest8 WHERE id=7362511
	Index Scan using sbtest8_pkey on sbtest8  (cost=0.43..8.45 rows=1 width=121)
	  Index Cond: (id = 7362511)

for: order_ranges
table 1 : explain SELECT c FROM sbtest1 WHERE id BETWEEN 719099 AND 720098 ORDER BY c
	Sort  (cost=4127.05..4129.68 rows=1052 width=121)
	  Sort Key: c
	  ->  Bitmap Heap Scan on sbtest1  (cost=35.22..4074.24 rows=1052 width=121)
	        Recheck Cond: ((id >= 719099) AND (id <= 720098))
	        ->  Bitmap Index Scan on sbtest1_pkey  (cost=0.00..34.95 rows=1052 width=0)
	              Index Cond: ((id >= 719099) AND (id <= 720098))

table 2 : explain SELECT c FROM sbtest2 WHERE id BETWEEN 2325787 AND 2326786 ORDER BY c
	Sort  (cost=4077.52..4080.12 rows=1040 width=121)
	  Sort Key: c
	  ->  Bitmap Heap Scan on sbtest2  (cost=35.09..4025.41 rows=1040 width=121)
	        Recheck Cond: ((id >= 2325787) AND (id <= 2326786))
	        ->  Bitmap Index Scan on sbtest2_pkey  (cost=0.00..34.84 rows=1040 width=0)
	              Index Cond: ((id >= 2325787) AND (id <= 2326786))

table 3 : explain SELECT c FROM sbtest3 WHERE id BETWEEN 5755209 AND 5756208 ORDER BY c
	Sort  (cost=4302.14..4304.88 rows=1096 width=121)
	  Sort Key: c
	  ->  Bitmap Heap Scan on sbtest3  (cost=39.67..4246.80 rows=1096 width=121)
	        Recheck Cond: ((id >= 5755209) AND (id <= 5756208))
	        ->  Bitmap Index Scan on sbtest3_pkey  (cost=0.00..39.40 rows=1096 width=0)
	              Index Cond: ((id >= 5755209) AND (id <= 5756208))

table 4 : explain SELECT c FROM sbtest4 WHERE id BETWEEN 9323732 AND 9324731 ORDER BY c
	Sort  (cost=3461.93..3464.13 rows=879 width=121)
	  Sort Key: c
	  ->  Bitmap Heap Scan on sbtest4  (cost=29.44..3418.95 rows=879 width=121)
	        Recheck Cond: ((id >= 9323732) AND (id <= 9324731))
	        ->  Bitmap Index Scan on sbtest4_pkey  (cost=0.00..29.22 rows=879 width=0)
	              Index Cond: ((id >= 9323732) AND (id <= 9324731))

table 5 : explain SELECT c FROM sbtest5 WHERE id BETWEEN 9811832 AND 9812831 ORDER BY c
	Sort  (cost=3907.50..3909.99 rows=994 width=121)
	  Sort Key: c
	  ->  Bitmap Heap Scan on sbtest5  (cost=34.62..3858.01 rows=994 width=121)
	        Recheck Cond: ((id >= 9811832) AND (id <= 9812831))
	        ->  Bitmap Index Scan on sbtest5_pkey  (cost=0.00..34.38 rows=994 width=0)
	              Index Cond: ((id >= 9811832) AND (id <= 9812831))

table 6 : explain SELECT c FROM sbtest6 WHERE id BETWEEN 4330727 AND 4331726 ORDER BY c
	Sort  (cost=3624.33..3626.63 rows=921 width=121)
	  Sort Key: c
	  ->  Bitmap Heap Scan on sbtest6  (cost=33.88..3578.98 rows=921 width=121)
	        Recheck Cond: ((id >= 4330727) AND (id <= 4331726))
	        ->  Bitmap Index Scan on sbtest6_pkey  (cost=0.00..33.65 rows=921 width=0)
	              Index Cond: ((id >= 4330727) AND (id <= 4331726))

table 7 : explain SELECT c FROM sbtest7 WHERE id BETWEEN 1315502 AND 1316501 ORDER BY c
	Sort  (cost=4216.75..4219.44 rows=1075 width=121)
	  Sort Key: c
	  ->  Bitmap Heap Scan on sbtest7  (cost=35.45..4162.63 rows=1075 width=121)
	        Recheck Cond: ((id >= 1315502) AND (id <= 1316501))
	        ->  Bitmap Index Scan on sbtest7_pkey  (cost=0.00..35.19 rows=1075 width=0)
	              Index Cond: ((id >= 1315502) AND (id <= 1316501))

table 8 : explain SELECT c FROM sbtest8 WHERE id BETWEEN 4942717 AND 4943716 ORDER BY c
	Sort  (cost=4205.12..4207.80 rows=1073 width=121)
	  Sort Key: c
	  ->  Bitmap Heap Scan on sbtest8  (cost=35.43..4151.10 rows=1073 width=121)
	        Recheck Cond: ((id >= 4942717) AND (id <= 4943716))
	        ->  Bitmap Index Scan on sbtest8_pkey  (cost=0.00..35.17 rows=1073 width=0)
	              Index Cond: ((id >= 4942717) AND (id <= 4943716))

for: distinct_ranges
table 1 : explain SELECT DISTINCT c FROM sbtest1 WHERE id BETWEEN 9592395 AND 9593394 ORDER BY c
	Unique  (cost=4138.52..4143.80 rows=1055 width=121)
	  ->  Sort  (cost=4138.52..4141.16 rows=1055 width=121)
	        Sort Key: c
	        ->  Bitmap Heap Scan on sbtest1  (cost=35.25..4085.54 rows=1055 width=121)
	              Recheck Cond: ((id >= 9592395) AND (id <= 9593394))
	              ->  Bitmap Index Scan on sbtest1_pkey  (cost=0.00..34.98 rows=1055 width=0)
	                    Index Cond: ((id >= 9592395) AND (id <= 9593394))

table 2 : explain SELECT DISTINCT c FROM sbtest2 WHERE id BETWEEN 1383253 AND 1384252 ORDER BY c
	Unique  (cost=3771.47..3776.27 rows=960 width=121)
	  ->  Sort  (cost=3771.47..3773.87 rows=960 width=121)
	        Sort Key: c
	        ->  Bitmap Heap Scan on sbtest2  (cost=34.28..3723.92 rows=960 width=121)
	              Recheck Cond: ((id >= 1383253) AND (id <= 1384252))
	              ->  Bitmap Index Scan on sbtest2_pkey  (cost=0.00..34.04 rows=960 width=0)
	                    Index Cond: ((id >= 1383253) AND (id <= 1384252))

table 3 : explain SELECT DISTINCT c FROM sbtest3 WHERE id BETWEEN 9410382 AND 9411381 ORDER BY c
	Unique  (cost=3592.64..3597.20 rows=912 width=121)
	  ->  Sort  (cost=3592.64..3594.92 rows=912 width=121)
	        Sort Key: c
	        ->  Bitmap Heap Scan on sbtest3  (cost=33.78..3547.81 rows=912 width=121)
	              Recheck Cond: ((id >= 9410382) AND (id <= 9411381))
	              ->  Bitmap Index Scan on sbtest3_pkey  (cost=0.00..33.56 rows=912 width=0)
	                    Index Cond: ((id >= 9410382) AND (id <= 9411381))

table 4 : explain SELECT DISTINCT c FROM sbtest4 WHERE id BETWEEN 9483944 AND 9484943 ORDER BY c
	Unique  (cost=4168.39..4173.70 rows=1062 width=121)
	  ->  Sort  (cost=4168.39..4171.04 rows=1062 width=121)
	        Sort Key: c
	        ->  Bitmap Heap Scan on sbtest4  (cost=35.32..4115.01 rows=1062 width=121)
	              Recheck Cond: ((id >= 9483944) AND (id <= 9484943))
	              ->  Bitmap Index Scan on sbtest4_pkey  (cost=0.00..35.06 rows=1062 width=0)
	                    Index Cond: ((id >= 9483944) AND (id <= 9484943))

table 5 : explain SELECT DISTINCT c FROM sbtest5 WHERE id BETWEEN 60169 AND 61168 ORDER BY c
	Unique  (cost=4171.86..4177.17 rows=1063 width=121)
	  ->  Sort  (cost=4171.86..4174.51 rows=1063 width=121)
	        Sort Key: c
	        ->  Bitmap Heap Scan on sbtest5  (cost=35.33..4118.42 rows=1063 width=121)
	              Recheck Cond: ((id >= 60169) AND (id <= 61168))
	              ->  Bitmap Index Scan on sbtest5_pkey  (cost=0.00..35.07 rows=1063 width=0)
	                    Index Cond: ((id >= 60169) AND (id <= 61168))

table 6 : explain SELECT DISTINCT c FROM sbtest6 WHERE id BETWEEN 6665798 AND 6666797 ORDER BY c
	Unique  (cost=3635.84..3640.46 rows=924 width=121)
	  ->  Sort  (cost=3635.84..3638.15 rows=924 width=121)
	        Sort Key: c
	        ->  Bitmap Heap Scan on sbtest6  (cost=33.91..3590.33 rows=924 width=121)
	              Recheck Cond: ((id >= 6665798) AND (id <= 6666797))
	              ->  Bitmap Index Scan on sbtest6_pkey  (cost=0.00..33.68 rows=924 width=0)
	                    Index Cond: ((id >= 6665798) AND (id <= 6666797))

table 7 : explain SELECT DISTINCT c FROM sbtest7 WHERE id BETWEEN 608317 AND 609316 ORDER BY c
	Unique  (cost=4281.75..4287.21 rows=1092 width=121)
	  ->  Sort  (cost=4281.75..4284.48 rows=1092 width=121)
	        Sort Key: c
	        ->  Bitmap Heap Scan on sbtest7  (cost=35.63..4226.65 rows=1092 width=121)
	              Recheck Cond: ((id >= 608317) AND (id <= 609316))
	              ->  Bitmap Index Scan on sbtest7_pkey  (cost=0.00..35.36 rows=1092 width=0)
	                    Index Cond: ((id >= 608317) AND (id <= 609316))

table 8 : explain SELECT DISTINCT c FROM sbtest8 WHERE id BETWEEN 9376028 AND 9377027 ORDER BY c
	Unique  (cost=3788.13..3792.95 rows=964 width=121)
	  ->  Sort  (cost=3788.13..3790.54 rows=964 width=121)
	        Sort Key: c
	        ->  Bitmap Heap Scan on sbtest8  (cost=34.32..3740.35 rows=964 width=121)
	              Recheck Cond: ((id >= 9376028) AND (id <= 9377027))
	              ->  Bitmap Index Scan on sbtest8_pkey  (cost=0.00..34.08 rows=964 width=0)
	                    Index Cond: ((id >= 9376028) AND (id <= 9377027))

for: simple_ranges
table 1 : explain SELECT c FROM sbtest1 WHERE id BETWEEN 6624384 AND 6625383
	Bitmap Heap Scan on sbtest1  (cost=33.96..3609.92 rows=929 width=121)
	  Recheck Cond: ((id >= 6624384) AND (id <= 6625383))
	  ->  Bitmap Index Scan on sbtest1_pkey  (cost=0.00..33.73 rows=929 width=0)
	        Index Cond: ((id >= 6624384) AND (id <= 6625383))

table 2 : explain SELECT c FROM sbtest2 WHERE id BETWEEN 2027570 AND 2028569
	Bitmap Heap Scan on sbtest2  (cost=35.11..4029.17 rows=1041 width=121)
	  Recheck Cond: ((id >= 2027570) AND (id <= 2028569))
	  ->  Bitmap Index Scan on sbtest2_pkey  (cost=0.00..34.84 rows=1041 width=0)
	        Index Cond: ((id >= 2027570) AND (id <= 2028569))

table 3 : explain SELECT c FROM sbtest3 WHERE id BETWEEN 3364181 AND 3365180
	Bitmap Heap Scan on sbtest3  (cost=35.32..4114.69 rows=1062 width=121)
	  Recheck Cond: ((id >= 3364181) AND (id <= 3365180))
	  ->  Bitmap Index Scan on sbtest3_pkey  (cost=0.00..35.06 rows=1062 width=0)
	        Index Cond: ((id >= 3364181) AND (id <= 3365180))

table 4 : explain SELECT c FROM sbtest4 WHERE id BETWEEN 1484009 AND 1485008
	Bitmap Heap Scan on sbtest4  (cost=35.15..4050.90 rows=1045 width=121)
	  Recheck Cond: ((id >= 1484009) AND (id <= 1485008))
	  ->  Bitmap Index Scan on sbtest4_pkey  (cost=0.00..34.89 rows=1045 width=0)
	        Index Cond: ((id >= 1484009) AND (id <= 1485008))

table 5 : explain SELECT c FROM sbtest5 WHERE id BETWEEN 1160409 AND 1161408
	Bitmap Heap Scan on sbtest5  (cost=34.99..3993.95 rows=1030 width=121)
	  Recheck Cond: ((id >= 1160409) AND (id <= 1161408))
	  ->  Bitmap Index Scan on sbtest5_pkey  (cost=0.00..34.73 rows=1030 width=0)
	        Index Cond: ((id >= 1160409) AND (id <= 1161408))

table 6 : explain SELECT c FROM sbtest6 WHERE id BETWEEN 776963 AND 777962
	Bitmap Heap Scan on sbtest6  (cost=35.41..4144.95 rows=1071 width=121)
	  Recheck Cond: ((id >= 776963) AND (id <= 777962))
	  ->  Bitmap Index Scan on sbtest6_pkey  (cost=0.00..35.15 rows=1071 width=0)
	        Index Cond: ((id >= 776963) AND (id <= 777962))

table 7 : explain SELECT c FROM sbtest7 WHERE id BETWEEN 9959838 AND 9960837
	Bitmap Heap Scan on sbtest7  (cost=34.37..3762.64 rows=969 width=121)
	  Recheck Cond: ((id >= 9959838) AND (id <= 9960837))
	  ->  Bitmap Index Scan on sbtest7_pkey  (cost=0.00..34.12 rows=969 width=0)
	        Index Cond: ((id >= 9959838) AND (id <= 9960837))

table 8 : explain SELECT c FROM sbtest8 WHERE id BETWEEN 9397828 AND 9398827
	Bitmap Heap Scan on sbtest8  (cost=34.32..3740.35 rows=964 width=121)
	  Recheck Cond: ((id >= 9397828) AND (id <= 9398827))
	  ->  Bitmap Index Scan on sbtest8_pkey  (cost=0.00..34.08 rows=964 width=0)
	        Index Cond: ((id >= 9397828) AND (id <= 9398827))

for: order_ranges
table 1 : explain SELECT c FROM sbtest1 WHERE id BETWEEN 3242541 AND 3243540 ORDER BY c
	Sort  (cost=3598.11..3600.40 rows=914 width=121)
	  Sort Key: c
	  ->  Bitmap Heap Scan on sbtest1  (cost=33.80..3553.16 rows=914 width=121)
	        Recheck Cond: ((id >= 3242541) AND (id <= 3243540))
	        ->  Bitmap Index Scan on sbtest1_pkey  (cost=0.00..33.58 rows=914 width=0)
	              Index Cond: ((id >= 3242541) AND (id <= 3243540))

table 2 : explain SELECT c FROM sbtest2 WHERE id BETWEEN 7211967 AND 7212966 ORDER BY c
	Sort  (cost=3905.46..3907.95 rows=995 width=121)
	  Sort Key: c
	  ->  Bitmap Heap Scan on sbtest2  (cost=34.63..3855.92 rows=995 width=121)
	        Recheck Cond: ((id >= 7211967) AND (id <= 7212966))
	        ->  Bitmap Index Scan on sbtest2_pkey  (cost=0.00..34.39 rows=995 width=0)
	              Index Cond: ((id >= 7211967) AND (id <= 7212966))

table 3 : explain SELECT c FROM sbtest3 WHERE id BETWEEN 1766642 AND 1767641 ORDER BY c
	Sort  (cost=3634.93..3637.24 rows=923 width=121)
	  Sort Key: c
	  ->  Bitmap Heap Scan on sbtest3  (cost=33.90..3589.47 rows=923 width=121)
	        Recheck Cond: ((id >= 1766642) AND (id <= 1767641))
	        ->  Bitmap Index Scan on sbtest3_pkey  (cost=0.00..33.67 rows=923 width=0)
	              Index Cond: ((id >= 1766642) AND (id <= 1767641))

table 4 : explain SELECT c FROM sbtest4 WHERE id BETWEEN 2628937 AND 2629936 ORDER BY c
	Sort  (cost=3777.34..3779.74 rows=960 width=121)
	  Sort Key: c
	  ->  Bitmap Heap Scan on sbtest4  (cost=34.28..3729.79 rows=960 width=121)
	        Recheck Cond: ((id >= 2628937) AND (id <= 2629936))
	        ->  Bitmap Index Scan on sbtest4_pkey  (cost=0.00..34.04 rows=960 width=0)
	              Index Cond: ((id >= 2628937) AND (id <= 2629936))

table 5 : explain SELECT c FROM sbtest5 WHERE id BETWEEN 727506 AND 728505 ORDER BY c
	Sort  (cost=3922.84..3925.34 rows=998 width=121)
	  Sort Key: c
	  ->  Bitmap Heap Scan on sbtest5  (cost=34.66..3873.13 rows=998 width=121)
	        Recheck Cond: ((id >= 727506) AND (id <= 728505))
	        ->  Bitmap Index Scan on sbtest5_pkey  (cost=0.00..34.42 rows=998 width=0)
	              Index Cond: ((id >= 727506) AND (id <= 728505))

table 6 : explain SELECT c FROM sbtest6 WHERE id BETWEEN 4019239 AND 4020238 ORDER BY c
	Sort  (cost=3674.23..3676.56 rows=934 width=121)
	  Sort Key: c
	  ->  Bitmap Heap Scan on sbtest6  (cost=34.01..3628.15 rows=934 width=121)
	        Recheck Cond: ((id >= 4019239) AND (id <= 4020238))
	        ->  Bitmap Index Scan on sbtest6_pkey  (cost=0.00..33.78 rows=934 width=0)
	              Index Cond: ((id >= 4019239) AND (id <= 4020238))

table 7 : explain SELECT c FROM sbtest7 WHERE id BETWEEN 4753078 AND 4754077 ORDER BY c
	Sort  (cost=3691.71..3694.05 rows=938 width=121)
	  Sort Key: c
	  ->  Bitmap Heap Scan on sbtest7  (cost=34.05..3645.40 rows=938 width=121)
	        Recheck Cond: ((id >= 4753078) AND (id <= 4754077))
	        ->  Bitmap Index Scan on sbtest7_pkey  (cost=0.00..33.82 rows=938 width=0)
	              Index Cond: ((id >= 4753078) AND (id <= 4754077))

table 8 : explain SELECT c FROM sbtest8 WHERE id BETWEEN 3540590 AND 3541589 ORDER BY c
	Sort  (cost=4182.20..4184.87 rows=1067 width=121)
	  Sort Key: c
	  ->  Bitmap Heap Scan on sbtest8  (cost=35.37..4128.53 rows=1067 width=121)
	        Recheck Cond: ((id >= 3540590) AND (id <= 3541589))
	        ->  Bitmap Index Scan on sbtest8_pkey  (cost=0.00..35.11 rows=1067 width=0)
	              Index Cond: ((id >= 3540590) AND (id <= 3541589))

for point_selects
table 1 : explain SELECT c FROM sbtest1 WHERE id=5644274
	Index Scan using sbtest1_pkey on sbtest1  (cost=0.43..8.45 rows=1 width=121)
	  Index Cond: (id = 5644274)

table 2 : explain SELECT c FROM sbtest2 WHERE id=5000296
	Index Scan using sbtest2_pkey on sbtest2  (cost=0.43..8.45 rows=1 width=121)
	  Index Cond: (id = 5000296)

table 3 : explain SELECT c FROM sbtest3 WHERE id=1783621
	Index Scan using sbtest3_pkey on sbtest3  (cost=0.43..8.45 rows=1 width=121)
	  Index Cond: (id = 1783621)

table 4 : explain SELECT c FROM sbtest4 WHERE id=6454664
	Index Scan using sbtest4_pkey on sbtest4  (cost=0.43..8.45 rows=1 width=121)
	  Index Cond: (id = 6454664)

table 5 : explain SELECT c FROM sbtest5 WHERE id=1913788
	Index Scan using sbtest5_pkey on sbtest5  (cost=0.43..8.45 rows=1 width=121)
	  Index Cond: (id = 1913788)

table 6 : explain SELECT c FROM sbtest6 WHERE id=8486475
	Index Scan using sbtest6_pkey on sbtest6  (cost=0.43..8.45 rows=1 width=121)
	  Index Cond: (id = 8486475)

table 7 : explain SELECT c FROM sbtest7 WHERE id=2526307
	Index Scan using sbtest7_pkey on sbtest7  (cost=0.43..8.45 rows=1 width=121)
	  Index Cond: (id = 2526307)

table 8 : explain SELECT c FROM sbtest8 WHERE id=3030657
	Index Scan using sbtest8_pkey on sbtest8  (cost=0.43..8.45 rows=1 width=121)
	  Index Cond: (id = 3030657)

for: sum_ranges
table 1 : explain SELECT SUM(k) FROM sbtest1 WHERE id BETWEEN 1028944 AND 1029943
	Aggregate  (cost=3755.99..3756.00 rows=1 width=8)
	  ->  Bitmap Heap Scan on sbtest1  (cost=34.35..3753.57 rows=967 width=4)
	        Recheck Cond: ((id >= 1028944) AND (id <= 1029943))
	        ->  Bitmap Index Scan on sbtest1_pkey  (cost=0.00..34.11 rows=967 width=0)
	              Index Cond: ((id >= 1028944) AND (id <= 1029943))

table 2 : explain SELECT SUM(k) FROM sbtest2 WHERE id BETWEEN 352318 AND 353317
	Aggregate  (cost=4408.02..4408.03 rows=1 width=8)
	  ->  Bitmap Heap Scan on sbtest2  (cost=40.13..4405.16 rows=1141 width=4)
	        Recheck Cond: ((id >= 352318) AND (id <= 353317))
	        ->  Bitmap Index Scan on sbtest2_pkey  (cost=0.00..39.84 rows=1141 width=0)
	              Index Cond: ((id >= 352318) AND (id <= 353317))

table 3 : explain SELECT SUM(k) FROM sbtest3 WHERE id BETWEEN 4759290 AND 4760289
	Aggregate  (cost=3852.97..3852.98 rows=1 width=8)
	  ->  Bitmap Heap Scan on sbtest3  (cost=34.60..3850.49 rows=992 width=4)
	        Recheck Cond: ((id >= 4759290) AND (id <= 4760289))
	        ->  Bitmap Index Scan on sbtest3_pkey  (cost=0.00..34.36 rows=992 width=0)
	              Index Cond: ((id >= 4759290) AND (id <= 4760289))

table 4 : explain SELECT SUM(k) FROM sbtest4 WHERE id BETWEEN 1432887 AND 1433886
	Aggregate  (cost=4053.51..4053.52 rows=1 width=8)
	  ->  Bitmap Heap Scan on sbtest4  (cost=35.15..4050.90 rows=1045 width=4)
	        Recheck Cond: ((id >= 1432887) AND (id <= 1433886))
	        ->  Bitmap Index Scan on sbtest4_pkey  (cost=0.00..34.89 rows=1045 width=0)
	              Index Cond: ((id >= 1432887) AND (id <= 1433886))

table 5 : explain SELECT SUM(k) FROM sbtest5 WHERE id BETWEEN 7656898 AND 7657897
	Aggregate  (cost=3762.16..3762.17 rows=1 width=8)
	  ->  Bitmap Heap Scan on sbtest5  (cost=34.36..3759.74 rows=968 width=4)
	        Recheck Cond: ((id >= 7656898) AND (id <= 7657897))
	        ->  Bitmap Index Scan on sbtest5_pkey  (cost=0.00..34.12 rows=968 width=0)
	              Index Cond: ((id >= 7656898) AND (id <= 7657897))

table 6 : explain SELECT SUM(k) FROM sbtest6 WHERE id BETWEEN 9995438 AND 9996437
	Aggregate  (cost=3777.94..3777.95 rows=1 width=8)
	  ->  Bitmap Heap Scan on sbtest6  (cost=34.41..3775.51 rows=973 width=4)
	        Recheck Cond: ((id >= 9995438) AND (id <= 9996437))
	        ->  Bitmap Index Scan on sbtest6_pkey  (cost=0.00..34.17 rows=973 width=0)
	              Index Cond: ((id >= 9995438) AND (id <= 9996437))

table 7 : explain SELECT SUM(k) FROM sbtest7 WHERE id BETWEEN 2835076 AND 2836075
	Aggregate  (cost=4286.11..4286.12 rows=1 width=8)
	  ->  Bitmap Heap Scan on sbtest7  (cost=39.77..4283.34 rows=1106 width=4)
	        Recheck Cond: ((id >= 2835076) AND (id <= 2836075))
	        ->  Bitmap Index Scan on sbtest7_pkey  (cost=0.00..39.50 rows=1106 width=0)
	              Index Cond: ((id >= 2835076) AND (id <= 2836075))

table 8 : explain SELECT SUM(k) FROM sbtest8 WHERE id BETWEEN 8768316 AND 8769315
	Aggregate  (cost=3950.34..3950.35 rows=1 width=8)
	  ->  Bitmap Heap Scan on sbtest8  (cost=34.88..3947.80 rows=1019 width=4)
	        Recheck Cond: ((id >= 8768316) AND (id <= 8769315))
	        ->  Bitmap Index Scan on sbtest8_pkey  (cost=0.00..34.62 rows=1019 width=0)
	              Index Cond: ((id >= 8768316) AND (id <= 8769315))

for point_selects
table 1 : explain SELECT c FROM sbtest1 WHERE id=9654726
	Index Scan using sbtest1_pkey on sbtest1  (cost=0.43..8.45 rows=1 width=121)
	  Index Cond: (id = 9654726)

table 2 : explain SELECT c FROM sbtest2 WHERE id=5356241
	Index Scan using sbtest2_pkey on sbtest2  (cost=0.43..8.45 rows=1 width=121)
	  Index Cond: (id = 5356241)

table 3 : explain SELECT c FROM sbtest3 WHERE id=3538342
	Index Scan using sbtest3_pkey on sbtest3  (cost=0.43..8.45 rows=1 width=121)
	  Index Cond: (id = 3538342)

table 4 : explain SELECT c FROM sbtest4 WHERE id=1272007
	Index Scan using sbtest4_pkey on sbtest4  (cost=0.43..8.45 rows=1 width=121)
	  Index Cond: (id = 1272007)

table 5 : explain SELECT c FROM sbtest5 WHERE id=7339657
	Index Scan using sbtest5_pkey on sbtest5  (cost=0.43..8.45 rows=1 width=121)
	  Index Cond: (id = 7339657)

table 6 : explain SELECT c FROM sbtest6 WHERE id=6548614
	Index Scan using sbtest6_pkey on sbtest6  (cost=0.43..8.45 rows=1 width=121)
	  Index Cond: (id = 6548614)

table 7 : explain SELECT c FROM sbtest7 WHERE id=2979048
	Index Scan using sbtest7_pkey on sbtest7  (cost=0.43..8.45 rows=1 width=121)
	  Index Cond: (id = 2979048)

table 8 : explain SELECT c FROM sbtest8 WHERE id=4071490
	Index Scan using sbtest8_pkey on sbtest8  (cost=0.43..8.45 rows=1 width=121)
	  Index Cond: (id = 4071490)

for: distinct_ranges
table 1 : explain SELECT DISTINCT c FROM sbtest1 WHERE id BETWEEN 7713701 AND 7714700 ORDER BY c
	Unique  (cost=4012.25..4017.36 rows=1022 width=121)
	  ->  Sort  (cost=4012.25..4014.81 rows=1022 width=121)
	        Sort Key: c
	        ->  Bitmap Heap Scan on sbtest1  (cost=34.91..3961.17 rows=1022 width=121)
	              Recheck Cond: ((id >= 7713701) AND (id <= 7714700))
	              ->  Bitmap Index Scan on sbtest1_pkey  (cost=0.00..34.66 rows=1022 width=0)
	                    Index Cond: ((id >= 7713701) AND (id <= 7714700))

table 2 : explain SELECT DISTINCT c FROM sbtest2 WHERE id BETWEEN 1886921 AND 1887920 ORDER BY c
	Unique  (cost=4367.84..4373.42 rows=1116 width=121)
	  ->  Sort  (cost=4367.84..4370.63 rows=1116 width=121)
	        Sort Key: c
	        ->  Bitmap Heap Scan on sbtest2  (cost=39.87..4311.35 rows=1116 width=121)
	              Recheck Cond: ((id >= 1886921) AND (id <= 1887920))
	              ->  Bitmap Index Scan on sbtest2_pkey  (cost=0.00..39.59 rows=1116 width=0)
	                    Index Cond: ((id >= 1886921) AND (id <= 1887920))

table 3 : explain SELECT DISTINCT c FROM sbtest3 WHERE id BETWEEN 4855740 AND 4856739 ORDER BY c
	Unique  (cost=3922.88..3927.87 rows=998 width=121)
	  ->  Sort  (cost=3922.88..3925.37 rows=998 width=121)
	        Sort Key: c
	        ->  Bitmap Heap Scan on sbtest3  (cost=34.66..3873.16 rows=998 width=121)
	              Recheck Cond: ((id >= 4855740) AND (id <= 4856739))
	              ->  Bitmap Index Scan on sbtest3_pkey  (cost=0.00..34.42 rows=998 width=0)
	                    Index Cond: ((id >= 4855740) AND (id <= 4856739))

table 4 : explain SELECT DISTINCT c FROM sbtest4 WHERE id BETWEEN 1260262 AND 1261261 ORDER BY c
	Unique  (cost=3992.19..3997.27 rows=1016 width=121)
	  ->  Sort  (cost=3992.19..3994.73 rows=1016 width=121)
	        Sort Key: c
	        ->  Bitmap Heap Scan on sbtest4  (cost=34.85..3941.44 rows=1016 width=121)
	              Recheck Cond: ((id >= 1260262) AND (id <= 1261261))
	              ->  Bitmap Index Scan on sbtest4_pkey  (cost=0.00..34.59 rows=1016 width=0)
	                    Index Cond: ((id >= 1260262) AND (id <= 1261261))

table 5 : explain SELECT DISTINCT c FROM sbtest5 WHERE id BETWEEN 1507407 AND 1508406 ORDER BY c
	Unique  (cost=3865.31..3870.22 rows=983 width=121)
	  ->  Sort  (cost=3865.31..3867.76 rows=983 width=121)
	        Sort Key: c
	        ->  Bitmap Heap Scan on sbtest5  (cost=34.51..3816.45 rows=983 width=121)
	              Recheck Cond: ((id >= 1507407) AND (id <= 1508406))
	              ->  Bitmap Index Scan on sbtest5_pkey  (cost=0.00..34.27 rows=983 width=0)
	                    Index Cond: ((id >= 1507407) AND (id <= 1508406))

table 6 : explain SELECT DISTINCT c FROM sbtest6 WHERE id BETWEEN 8259759 AND 8260758 ORDER BY c
	Unique  (cost=4141.52..4146.80 rows=1056 width=121)
	  ->  Sort  (cost=4141.52..4144.16 rows=1056 width=121)
	        Sort Key: c
	        ->  Bitmap Heap Scan on sbtest6  (cost=35.26..4088.48 rows=1056 width=121)
	              Recheck Cond: ((id >= 8259759) AND (id <= 8260758))
	              ->  Bitmap Index Scan on sbtest6_pkey  (cost=0.00..35.00 rows=1056 width=0)
	                    Index Cond: ((id >= 8259759) AND (id <= 8260758))

table 7 : explain SELECT DISTINCT c FROM sbtest7 WHERE id BETWEEN 8130 AND 9129 ORDER BY c
	Unique  (cost=4067.51..4072.69 rows=1036 width=121)
	  ->  Sort  (cost=4067.51..4070.10 rows=1036 width=121)
	        Sort Key: c
	        ->  Bitmap Heap Scan on sbtest7  (cost=35.05..4015.62 rows=1036 width=121)
	              Recheck Cond: ((id >= 8130) AND (id <= 9129))
	              ->  Bitmap Index Scan on sbtest7_pkey  (cost=0.00..34.80 rows=1036 width=0)
	                    Index Cond: ((id >= 8130) AND (id <= 9129))

table 8 : explain SELECT DISTINCT c FROM sbtest8 WHERE id BETWEEN 3104181 AND 3105180 ORDER BY c
	Unique  (cost=3738.30..3743.05 rows=951 width=121)
	  ->  Sort  (cost=3738.30..3740.68 rows=951 width=121)
	        Sort Key: c
	        ->  Bitmap Heap Scan on sbtest8  (cost=34.18..3691.26 rows=951 width=121)
	              Recheck Cond: ((id >= 3104181) AND (id <= 3105180))
	              ->  Bitmap Index Scan on sbtest8_pkey  (cost=0.00..33.95 rows=951 width=0)
	                    Index Cond: ((id >= 3104181) AND (id <= 3105180))

for: simple_ranges
table 1 : explain SELECT c FROM sbtest1 WHERE id BETWEEN 2958710 AND 2959709
	Bitmap Heap Scan on sbtest1  (cost=39.68..4247.65 rows=1097 width=121)
	  Recheck Cond: ((id >= 2958710) AND (id <= 2959709))
	  ->  Bitmap Index Scan on sbtest1_pkey  (cost=0.00..39.41 rows=1097 width=0)
	        Index Cond: ((id >= 2958710) AND (id <= 2959709))

table 2 : explain SELECT c FROM sbtest2 WHERE id BETWEEN 5769033 AND 5770032
	Bitmap Heap Scan on sbtest2  (cost=35.47..4164.57 rows=1077 width=121)
	  Recheck Cond: ((id >= 5769033) AND (id <= 5770032))
	  ->  Bitmap Index Scan on sbtest2_pkey  (cost=0.00..35.20 rows=1077 width=0)
	        Index Cond: ((id >= 5769033) AND (id <= 5770032))

table 3 : explain SELECT c FROM sbtest3 WHERE id BETWEEN 4127904 AND 4128903
	Bitmap Heap Scan on sbtest3  (cost=34.83..3933.59 rows=1014 width=121)
	  Recheck Cond: ((id >= 4127904) AND (id <= 4128903))
	  ->  Bitmap Index Scan on sbtest3_pkey  (cost=0.00..34.58 rows=1014 width=0)
	        Index Cond: ((id >= 4127904) AND (id <= 4128903))

table 4 : explain SELECT c FROM sbtest4 WHERE id BETWEEN 4763080 AND 4764079
	Bitmap Heap Scan on sbtest4  (cost=33.88..3582.16 rows=921 width=121)
	  Recheck Cond: ((id >= 4763080) AND (id <= 4764079))
	  ->  Bitmap Index Scan on sbtest4_pkey  (cost=0.00..33.65 rows=921 width=0)
	        Index Cond: ((id >= 4763080) AND (id <= 4764079))

table 5 : explain SELECT c FROM sbtest5 WHERE id BETWEEN 5689800 AND 5690799
	Bitmap Heap Scan on sbtest5  (cost=33.88..3581.87 rows=921 width=121)
	  Recheck Cond: ((id >= 5689800) AND (id <= 5690799))
	  ->  Bitmap Index Scan on sbtest5_pkey  (cost=0.00..33.65 rows=921 width=0)
	        Index Cond: ((id >= 5689800) AND (id <= 5690799))

table 6 : explain SELECT c FROM sbtest6 WHERE id BETWEEN 8134363 AND 8135362
	Bitmap Heap Scan on sbtest6  (cost=34.86..3941.53 rows=1017 width=121)
	  Recheck Cond: ((id >= 8134363) AND (id <= 8135362))
	  ->  Bitmap Index Scan on sbtest6_pkey  (cost=0.00..34.61 rows=1017 width=0)
	        Index Cond: ((id >= 8134363) AND (id <= 8135362))

table 7 : explain SELECT c FROM sbtest7 WHERE id BETWEEN 2234231 AND 2235230
	Bitmap Heap Scan on sbtest7  (cost=34.64..3864.66 rows=996 width=121)
	  Recheck Cond: ((id >= 2234231) AND (id <= 2235230))
	  ->  Bitmap Index Scan on sbtest7_pkey  (cost=0.00..34.40 rows=996 width=0)
	        Index Cond: ((id >= 2234231) AND (id <= 2235230))

table 8 : explain SELECT c FROM sbtest8 WHERE id BETWEEN 6622131 AND 6623130
	Bitmap Heap Scan on sbtest8  (cost=29.66..3494.45 rows=900 width=121)
	  Recheck Cond: ((id >= 6622131) AND (id <= 6623130))
	  ->  Bitmap Index Scan on sbtest8_pkey  (cost=0.00..29.43 rows=900 width=0)
	        Index Cond: ((id >= 6622131) AND (id <= 6623130))

for point_selects
table 1 : explain SELECT c FROM sbtest1 WHERE id=7084183
	Index Scan using sbtest1_pkey on sbtest1  (cost=0.43..8.45 rows=1 width=121)
	  Index Cond: (id = 7084183)

table 2 : explain SELECT c FROM sbtest2 WHERE id=6949957
	Index Scan using sbtest2_pkey on sbtest2  (cost=0.43..8.45 rows=1 width=121)
	  Index Cond: (id = 6949957)

table 3 : explain SELECT c FROM sbtest3 WHERE id=1455822
	Index Scan using sbtest3_pkey on sbtest3  (cost=0.43..8.45 rows=1 width=121)
	  Index Cond: (id = 1455822)

table 4 : explain SELECT c FROM sbtest4 WHERE id=7332838
	Index Scan using sbtest4_pkey on sbtest4  (cost=0.43..8.45 rows=1 width=121)
	  Index Cond: (id = 7332838)

table 5 : explain SELECT c FROM sbtest5 WHERE id=4404939
	Index Scan using sbtest5_pkey on sbtest5  (cost=0.43..8.45 rows=1 width=121)
	  Index Cond: (id = 4404939)

table 6 : explain SELECT c FROM sbtest6 WHERE id=386953
	Index Scan using sbtest6_pkey on sbtest6  (cost=0.43..8.45 rows=1 width=121)
	  Index Cond: (id = 386953)

table 7 : explain SELECT c FROM sbtest7 WHERE id=7155631
	Index Scan using sbtest7_pkey on sbtest7  (cost=0.43..8.45 rows=1 width=121)
	  Index Cond: (id = 7155631)

table 8 : explain SELECT c FROM sbtest8 WHERE id=9701098
	Index Scan using sbtest8_pkey on sbtest8  (cost=0.43..8.45 rows=1 width=121)
	  Index Cond: (id = 9701098)

for: distinct_ranges
table 1 : explain SELECT DISTINCT c FROM sbtest1 WHERE id BETWEEN 8426218 AND 8427217 ORDER BY c
	Unique  (cost=3793.86..3798.68 rows=965 width=121)
	  ->  Sort  (cost=3793.86..3796.27 rows=965 width=121)
	        Sort Key: c
	        ->  Bitmap Heap Scan on sbtest1  (cost=34.33..3746.02 rows=965 width=121)
	              Recheck Cond: ((id >= 8426218) AND (id <= 8427217))
	              ->  Bitmap Index Scan on sbtest1_pkey  (cost=0.00..34.09 rows=965 width=0)
	                    Index Cond: ((id >= 8426218) AND (id <= 8427217))

table 2 : explain SELECT DISTINCT c FROM sbtest2 WHERE id BETWEEN 4052047 AND 4053046 ORDER BY c
	Unique  (cost=3786.79..3791.61 rows=964 width=121)
	  ->  Sort  (cost=3786.79..3789.20 rows=964 width=121)
	        Sort Key: c
	        ->  Bitmap Heap Scan on sbtest2  (cost=34.32..3739.01 rows=964 width=121)
	              Recheck Cond: ((id >= 4052047) AND (id <= 4053046))
	              ->  Bitmap Index Scan on sbtest2_pkey  (cost=0.00..34.08 rows=964 width=0)
	                    Index Cond: ((id >= 4052047) AND (id <= 4053046))

table 3 : explain SELECT DISTINCT c FROM sbtest3 WHERE id BETWEEN 4390863 AND 4391862 ORDER BY c
	Unique  (cost=4041.70..4046.85 rows=1029 width=121)
	  ->  Sort  (cost=4041.70..4044.27 rows=1029 width=121)
	        Sort Key: c
	        ->  Bitmap Heap Scan on sbtest3  (cost=34.98..3990.22 rows=1029 width=121)
	              Recheck Cond: ((id >= 4390863) AND (id <= 4391862))
	              ->  Bitmap Index Scan on sbtest3_pkey  (cost=0.00..34.73 rows=1029 width=0)
	                    Index Cond: ((id >= 4390863) AND (id <= 4391862))

table 4 : explain SELECT DISTINCT c FROM sbtest4 WHERE id BETWEEN 6364561 AND 6365560 ORDER BY c
	Unique  (cost=4087.98..4093.18 rows=1041 width=121)
	  ->  Sort  (cost=4087.98..4090.58 rows=1041 width=121)
	        Sort Key: c
	        ->  Bitmap Heap Scan on sbtest4  (cost=35.11..4035.80 rows=1041 width=121)
	              Recheck Cond: ((id >= 6364561) AND (id <= 6365560))
	              ->  Bitmap Index Scan on sbtest4_pkey  (cost=0.00..34.84 rows=1041 width=0)
	                    Index Cond: ((id >= 6364561) AND (id <= 6365560))

table 5 : explain SELECT DISTINCT c FROM sbtest5 WHERE id BETWEEN 5255465 AND 5256464 ORDER BY c
	Unique  (cost=4156.55..4161.84 rows=1059 width=121)
	  ->  Sort  (cost=4156.55..4159.19 rows=1059 width=121)
	        Sort Key: c
	        ->  Bitmap Heap Scan on sbtest5  (cost=35.29..4103.34 rows=1059 width=121)
	              Recheck Cond: ((id >= 5255465) AND (id <= 5256464))
	              ->  Bitmap Index Scan on sbtest5_pkey  (cost=0.00..35.03 rows=1059 width=0)
	                    Index Cond: ((id >= 5255465) AND (id <= 5256464))

table 6 : explain SELECT DISTINCT c FROM sbtest6 WHERE id BETWEEN 5596855 AND 5597854 ORDER BY c
	Unique  (cost=3946.39..3951.42 rows=1005 width=121)
	  ->  Sort  (cost=3946.39..3948.90 rows=1005 width=121)
	        Sort Key: c
	        ->  Bitmap Heap Scan on sbtest6  (cost=34.74..3896.28 rows=1005 width=121)
	              Recheck Cond: ((id >= 5596855) AND (id <= 5597854))
	              ->  Bitmap Index Scan on sbtest6_pkey  (cost=0.00..34.48 rows=1005 width=0)
	                    Index Cond: ((id >= 5596855) AND (id <= 5597854))

table 7 : explain SELECT DISTINCT c FROM sbtest7 WHERE id BETWEEN 9292783 AND 9293782 ORDER BY c
	Unique  (cost=3872.08..3877.01 rows=985 width=121)
	  ->  Sort  (cost=3872.08..3874.55 rows=985 width=121)
	        Sort Key: c
	        ->  Bitmap Heap Scan on sbtest7  (cost=34.53..3823.11 rows=985 width=121)
	              Recheck Cond: ((id >= 9292783) AND (id <= 9293782))
	              ->  Bitmap Index Scan on sbtest7_pkey  (cost=0.00..34.29 rows=985 width=0)
	                    Index Cond: ((id >= 9292783) AND (id <= 9293782))

table 8 : explain SELECT DISTINCT c FROM sbtest8 WHERE id BETWEEN 1460205 AND 1461204 ORDER BY c
	Unique  (cost=4109.60..4114.84 rows=1048 width=121)
	  ->  Sort  (cost=4109.60..4112.22 rows=1048 width=121)
	        Sort Key: c
	        ->  Bitmap Heap Scan on sbtest8  (cost=35.18..4057.03 rows=1048 width=121)
	              Recheck Cond: ((id >= 1460205) AND (id <= 1461204))
	              ->  Bitmap Index Scan on sbtest8_pkey  (cost=0.00..34.92 rows=1048 width=0)
	                    Index Cond: ((id >= 1460205) AND (id <= 1461204))

for: distinct_ranges
table 1 : explain SELECT DISTINCT c FROM sbtest1 WHERE id BETWEEN 574825 AND 575824 ORDER BY c
	Unique  (cost=4081.14..4086.34 rows=1040 width=121)
	  ->  Sort  (cost=4081.14..4083.74 rows=1040 width=121)
	        Sort Key: c
	        ->  Bitmap Heap Scan on sbtest1  (cost=35.09..4029.03 rows=1040 width=121)
	              Recheck Cond: ((id >= 574825) AND (id <= 575824))
	              ->  Bitmap Index Scan on sbtest1_pkey  (cost=0.00..34.84 rows=1040 width=0)
	                    Index Cond: ((id >= 574825) AND (id <= 575824))

table 2 : explain SELECT DISTINCT c FROM sbtest2 WHERE id BETWEEN 847956 AND 848955 ORDER BY c
	Unique  (cost=3805.94..3810.78 rows=969 width=121)
	  ->  Sort  (cost=3805.94..3808.36 rows=969 width=121)
	        Sort Key: c
	        ->  Bitmap Heap Scan on sbtest2  (cost=34.37..3757.88 rows=969 width=121)
	              Recheck Cond: ((id >= 847956) AND (id <= 848955))
	              ->  Bitmap Index Scan on sbtest2_pkey  (cost=0.00..34.12 rows=969 width=0)
	                    Index Cond: ((id >= 847956) AND (id <= 848955))

table 3 : explain SELECT DISTINCT c FROM sbtest3 WHERE id BETWEEN 988460 AND 989459 ORDER BY c
	Unique  (cost=4325.08..4330.59 rows=1102 width=121)
	  ->  Sort  (cost=4325.08..4327.83 rows=1102 width=121)
	        Sort Key: c
	        ->  Bitmap Heap Scan on sbtest3  (cost=39.73..4269.39 rows=1102 width=121)
	              Recheck Cond: ((id >= 988460) AND (id <= 989459))
	              ->  Bitmap Index Scan on sbtest3_pkey  (cost=0.00..39.45 rows=1102 width=0)
	                    Index Cond: ((id >= 988460) AND (id <= 989459))

table 4 : explain SELECT DISTINCT c FROM sbtest4 WHERE id BETWEEN 9170835 AND 9171834 ORDER BY c
	Unique  (cost=4153.08..4158.37 rows=1058 width=121)
	  ->  Sort  (cost=4153.08..4155.72 rows=1058 width=121)
	        Sort Key: c
	        ->  Bitmap Heap Scan on sbtest4  (cost=35.28..4099.93 rows=1058 width=121)
	              Recheck Cond: ((id >= 9170835) AND (id <= 9171834))
	              ->  Bitmap Index Scan on sbtest4_pkey  (cost=0.00..35.02 rows=1058 width=0)
	                    Index Cond: ((id >= 9170835) AND (id <= 9171834))

table 5 : explain SELECT DISTINCT c FROM sbtest5 WHERE id BETWEEN 425658 AND 426657 ORDER BY c
	Unique  (cost=3934.34..3939.35 rows=1001 width=121)
	  ->  Sort  (cost=3934.34..3936.85 rows=1001 width=121)
	        Sort Key: c
	        ->  Bitmap Heap Scan on sbtest5  (cost=34.70..3884.46 rows=1001 width=121)
	              Recheck Cond: ((id >= 425658) AND (id <= 426657))
	              ->  Bitmap Index Scan on sbtest5_pkey  (cost=0.00..34.45 rows=1001 width=0)
	                    Index Cond: ((id >= 425658) AND (id <= 426657))

table 6 : explain SELECT DISTINCT c FROM sbtest6 WHERE id BETWEEN 6054830 AND 6055829 ORDER BY c
	Unique  (cost=3808.47..3813.31 rows=969 width=121)
	  ->  Sort  (cost=3808.47..3810.89 rows=969 width=121)
	        Sort Key: c
	        ->  Bitmap Heap Scan on sbtest6  (cost=34.37..3760.40 rows=969 width=121)
	              Recheck Cond: ((id >= 6054830) AND (id <= 6055829))
	              ->  Bitmap Index Scan on sbtest6_pkey  (cost=0.00..34.12 rows=969 width=0)
	                    Index Cond: ((id >= 6054830) AND (id <= 6055829))

table 7 : explain SELECT DISTINCT c FROM sbtest7 WHERE id BETWEEN 7340481 AND 7341480 ORDER BY c
	Unique  (cost=4052.19..4057.35 rows=1032 width=121)
	  ->  Sort  (cost=4052.19..4054.77 rows=1032 width=121)
	        Sort Key: c
	        ->  Bitmap Heap Scan on sbtest7  (cost=35.01..4000.54 rows=1032 width=121)
	              Recheck Cond: ((id >= 7340481) AND (id <= 7341480))
	              ->  Bitmap Index Scan on sbtest7_pkey  (cost=0.00..34.76 rows=1032 width=0)
	                    Index Cond: ((id >= 7340481) AND (id <= 7341480))

table 8 : explain SELECT DISTINCT c FROM sbtest8 WHERE id BETWEEN 1010740 AND 1011739 ORDER BY c
	Unique  (cost=3849.43..3854.33 rows=980 width=121)
	  ->  Sort  (cost=3849.43..3851.88 rows=980 width=121)
	        Sort Key: c
	        ->  Bitmap Heap Scan on sbtest8  (cost=34.48..3800.74 rows=980 width=121)
	              Recheck Cond: ((id >= 1010740) AND (id <= 1011739))
	              ->  Bitmap Index Scan on sbtest8_pkey  (cost=0.00..34.23 rows=980 width=0)
	                    Index Cond: ((id >= 1010740) AND (id <= 1011739))

for: distinct_ranges
table 1 : explain SELECT DISTINCT c FROM sbtest1 WHERE id BETWEEN 8787900 AND 8788899 ORDER BY c
	Unique  (cost=3847.53..3852.43 rows=979 width=121)
	  ->  Sort  (cost=3847.53..3849.98 rows=979 width=121)
	        Sort Key: c
	        ->  Bitmap Heap Scan on sbtest1  (cost=34.47..3798.90 rows=979 width=121)
	              Recheck Cond: ((id >= 8787900) AND (id <= 8788899))
	              ->  Bitmap Index Scan on sbtest1_pkey  (cost=0.00..34.23 rows=979 width=0)
	                    Index Cond: ((id >= 8787900) AND (id <= 8788899))

table 2 : explain SELECT DISTINCT c FROM sbtest2 WHERE id BETWEEN 5632429 AND 5633428 ORDER BY c
	Unique  (cost=3920.77..3925.76 rows=999 width=121)
	  ->  Sort  (cost=3920.77..3923.27 rows=999 width=121)
	        Sort Key: c
	        ->  Bitmap Heap Scan on sbtest2  (cost=34.67..3871.00 rows=999 width=121)
	              Recheck Cond: ((id >= 5632429) AND (id <= 5633428))
	              ->  Bitmap Index Scan on sbtest2_pkey  (cost=0.00..34.43 rows=999 width=0)
	                    Index Cond: ((id >= 5632429) AND (id <= 5633428))

table 3 : explain SELECT DISTINCT c FROM sbtest3 WHERE id BETWEEN 4516176 AND 4517175 ORDER BY c
	Unique  (cost=3627.25..3631.85 rows=921 width=121)
	  ->  Sort  (cost=3627.25..3629.55 rows=921 width=121)
	        Sort Key: c
	        ->  Bitmap Heap Scan on sbtest3  (cost=33.88..3581.90 rows=921 width=121)
	              Recheck Cond: ((id >= 4516176) AND (id <= 4517175))
	              ->  Bitmap Index Scan on sbtest3_pkey  (cost=0.00..33.65 rows=921 width=0)
	                    Index Cond: ((id >= 4516176) AND (id <= 4517175))

table 4 : explain SELECT DISTINCT c FROM sbtest4 WHERE id BETWEEN 7545886 AND 7546885 ORDER BY c
	Unique  (cost=4233.45..4238.84 rows=1079 width=121)
	  ->  Sort  (cost=4233.45..4236.15 rows=1079 width=121)
	        Sort Key: c
	        ->  Bitmap Heap Scan on sbtest4  (cost=35.49..4179.09 rows=1079 width=121)
	              Recheck Cond: ((id >= 7545886) AND (id <= 7546885))
	              ->  Bitmap Index Scan on sbtest4_pkey  (cost=0.00..35.23 rows=1079 width=0)
	                    Index Cond: ((id >= 7545886) AND (id <= 7546885))

table 5 : explain SELECT DISTINCT c FROM sbtest5 WHERE id BETWEEN 780774 AND 781773 ORDER BY c
	Unique  (cost=3922.84..3927.83 rows=998 width=121)
	  ->  Sort  (cost=3922.84..3925.34 rows=998 width=121)
	        Sort Key: c
	        ->  Bitmap Heap Scan on sbtest5  (cost=34.66..3873.13 rows=998 width=121)
	              Recheck Cond: ((id >= 780774) AND (id <= 781773))
	              ->  Bitmap Index Scan on sbtest5_pkey  (cost=0.00..34.42 rows=998 width=0)
	                    Index Cond: ((id >= 780774) AND (id <= 781773))

table 6 : explain SELECT DISTINCT c FROM sbtest6 WHERE id BETWEEN 1312366 AND 1313365 ORDER BY c
	Unique  (cost=4026.77..4031.90 rows=1026 width=121)
	  ->  Sort  (cost=4026.77..4029.34 rows=1026 width=121)
	        Sort Key: c
	        ->  Bitmap Heap Scan on sbtest6  (cost=34.95..3975.46 rows=1026 width=121)
	              Recheck Cond: ((id >= 1312366) AND (id <= 1313365))
	              ->  Bitmap Index Scan on sbtest6_pkey  (cost=0.00..34.70 rows=1026 width=0)
	                    Index Cond: ((id >= 1312366) AND (id <= 1313365))

table 7 : explain SELECT DISTINCT c FROM sbtest7 WHERE id BETWEEN 5366085 AND 5367084 ORDER BY c
	Unique  (cost=3998.57..4003.66 rows=1018 width=121)
	  ->  Sort  (cost=3998.57..4001.12 rows=1018 width=121)
	        Sort Key: c
	        ->  Bitmap Heap Scan on sbtest7  (cost=34.87..3947.71 rows=1018 width=121)
	              Recheck Cond: ((id >= 5366085) AND (id <= 5367084))
	              ->  Bitmap Index Scan on sbtest7_pkey  (cost=0.00..34.62 rows=1018 width=0)
	                    Index Cond: ((id >= 5366085) AND (id <= 5367084))

table 8 : explain SELECT DISTINCT c FROM sbtest8 WHERE id BETWEEN 6498710 AND 6499709 ORDER BY c
	Unique  (cost=4063.73..4068.91 rows=1036 width=121)
	  ->  Sort  (cost=4063.73..4066.32 rows=1036 width=121)
	        Sort Key: c
	        ->  Bitmap Heap Scan on sbtest8  (cost=35.05..4011.84 rows=1036 width=121)
	              Recheck Cond: ((id >= 6498710) AND (id <= 6499709))
	              ->  Bitmap Index Scan on sbtest8_pkey  (cost=0.00..34.80 rows=1036 width=0)
	                    Index Cond: ((id >= 6498710) AND (id <= 6499709))

for: simple_ranges
table 1 : explain SELECT c FROM sbtest1 WHERE id BETWEEN 6734664 AND 6735663
	Bitmap Heap Scan on sbtest1  (cost=35.08..4025.26 rows=1039 width=121)
	  Recheck Cond: ((id >= 6734664) AND (id <= 6735663))
	  ->  Bitmap Index Scan on sbtest1_pkey  (cost=0.00..34.83 rows=1039 width=0)
	        Index Cond: ((id >= 6734664) AND (id <= 6735663))

table 2 : explain SELECT c FROM sbtest2 WHERE id BETWEEN 8230294 AND 8231293
	Bitmap Heap Scan on sbtest2  (cost=35.11..4029.17 rows=1041 width=121)
	  Recheck Cond: ((id >= 8230294) AND (id <= 8231293))
	  ->  Bitmap Index Scan on sbtest2_pkey  (cost=0.00..34.84 rows=1041 width=0)
	        Index Cond: ((id >= 8230294) AND (id <= 8231293))

table 3 : explain SELECT c FROM sbtest3 WHERE id BETWEEN 5095121 AND 5096120
	Bitmap Heap Scan on sbtest3  (cost=34.73..3895.83 rows=1004 width=121)
	  Recheck Cond: ((id >= 5095121) AND (id <= 5096120))
	  ->  Bitmap Index Scan on sbtest3_pkey  (cost=0.00..34.48 rows=1004 width=0)
	        Index Cond: ((id >= 5095121) AND (id <= 5096120))

table 4 : explain SELECT c FROM sbtest4 WHERE id BETWEEN 950833 AND 951832
	Bitmap Heap Scan on sbtest4  (cost=34.17..3691.95 rows=950 width=121)
	  Recheck Cond: ((id >= 950833) AND (id <= 951832))
	  ->  Bitmap Index Scan on sbtest4_pkey  (cost=0.00..33.94 rows=950 width=0)
	        Index Cond: ((id >= 950833) AND (id <= 951832))

table 5 : explain SELECT c FROM sbtest5 WHERE id BETWEEN 6604300 AND 6605299
	Bitmap Heap Scan on sbtest5  (cost=29.52..3445.22 rows=886 width=121)
	  Recheck Cond: ((id >= 6604300) AND (id <= 6605299))
	  ->  Bitmap Index Scan on sbtest5_pkey  (cost=0.00..29.29 rows=886 width=0)
	        Index Cond: ((id >= 6604300) AND (id <= 6605299))

table 6 : explain SELECT c FROM sbtest6 WHERE id BETWEEN 3178962 AND 3179961
	Bitmap Heap Scan on sbtest6  (cost=34.56..3832.14 rows=988 width=121)
	  Recheck Cond: ((id >= 3178962) AND (id <= 3179961))
	  ->  Bitmap Index Scan on sbtest6_pkey  (cost=0.00..34.32 rows=988 width=0)
	        Index Cond: ((id >= 3178962) AND (id <= 3179961))

table 7 : explain SELECT c FROM sbtest7 WHERE id BETWEEN 6227835 AND 6228834
	Bitmap Heap Scan on sbtest7  (cost=34.01..3630.27 rows=934 width=121)
	  Recheck Cond: ((id >= 6227835) AND (id <= 6228834))
	  ->  Bitmap Index Scan on sbtest7_pkey  (cost=0.00..33.78 rows=934 width=0)
	        Index Cond: ((id >= 6227835) AND (id <= 6228834))

table 8 : explain SELECT c FROM sbtest8 WHERE id BETWEEN 3289438 AND 3290437
	Bitmap Heap Scan on sbtest8  (cost=35.52..4181.19 rows=1081 width=121)
	  Recheck Cond: ((id >= 3289438) AND (id <= 3290437))
	  ->  Bitmap Index Scan on sbtest8_pkey  (cost=0.00..35.25 rows=1081 width=0)
	        Index Cond: ((id >= 3289438) AND (id <= 3290437))

for: sum_ranges
table 1 : explain SELECT SUM(k) FROM sbtest1 WHERE id BETWEEN 2786374 AND 2787373
	Aggregate  (cost=3801.35..3801.36 rows=1 width=8)
	  ->  Bitmap Heap Scan on sbtest1  (cost=34.47..3798.90 rows=979 width=4)
	        Recheck Cond: ((id >= 2786374) AND (id <= 2787373))
	        ->  Bitmap Index Scan on sbtest1_pkey  (cost=0.00..34.23 rows=979 width=0)
	              Index Cond: ((id >= 2786374) AND (id <= 2787373))

table 2 : explain SELECT SUM(k) FROM sbtest2 WHERE id BETWEEN 8471166 AND 8472165
	Aggregate  (cost=3843.32..3843.33 rows=1 width=8)
	  ->  Bitmap Heap Scan on sbtest2  (cost=34.59..3840.84 rows=991 width=4)
	        Recheck Cond: ((id >= 8471166) AND (id <= 8472165))
	        ->  Bitmap Index Scan on sbtest2_pkey  (cost=0.00..34.34 rows=991 width=0)
	              Index Cond: ((id >= 8471166) AND (id <= 8472165))

table 3 : explain SELECT SUM(k) FROM sbtest3 WHERE id BETWEEN 8375293 AND 8376292
	Aggregate  (cost=3709.20..3709.21 rows=1 width=8)
	  ->  Bitmap Heap Scan on sbtest3  (cost=34.21..3706.82 rows=954 width=4)
	        Recheck Cond: ((id >= 8375293) AND (id <= 8376292))
	        ->  Bitmap Index Scan on sbtest3_pkey  (cost=0.00..33.98 rows=954 width=0)
	              Index Cond: ((id >= 8375293) AND (id <= 8376292))

table 4 : explain SELECT SUM(k) FROM sbtest4 WHERE id BETWEEN 9956999 AND 9957998
	Aggregate  (cost=3656.46..3656.47 rows=1 width=8)
	  ->  Bitmap Heap Scan on sbtest4  (cost=34.07..3654.11 rows=940 width=4)
	        Recheck Cond: ((id >= 9956999) AND (id <= 9957998))
	        ->  Bitmap Index Scan on sbtest4_pkey  (cost=0.00..33.84 rows=940 width=0)
	              Index Cond: ((id >= 9956999) AND (id <= 9957998))

table 5 : explain SELECT SUM(k) FROM sbtest5 WHERE id BETWEEN 7366832 AND 7367831
	Aggregate  (cost=3644.79..3644.80 rows=1 width=8)
	  ->  Bitmap Heap Scan on sbtest5  (cost=34.04..3642.45 rows=937 width=4)
	        Recheck Cond: ((id >= 7366832) AND (id <= 7367831))
	        ->  Bitmap Index Scan on sbtest5_pkey  (cost=0.00..33.81 rows=937 width=0)
	              Index Cond: ((id >= 7366832) AND (id <= 7367831))

table 6 : explain SELECT SUM(k) FROM sbtest6 WHERE id BETWEEN 3136652 AND 3137651
	Aggregate  (cost=3834.61..3834.62 rows=1 width=8)
	  ->  Bitmap Heap Scan on sbtest6  (cost=34.56..3832.14 rows=988 width=4)
	        Recheck Cond: ((id >= 3136652) AND (id <= 3137651))
	        ->  Bitmap Index Scan on sbtest6_pkey  (cost=0.00..34.32 rows=988 width=0)
	              Index Cond: ((id >= 3136652) AND (id <= 3137651))

table 7 : explain SELECT SUM(k) FROM sbtest7 WHERE id BETWEEN 5361903 AND 5362902
	Aggregate  (cost=3950.26..3950.27 rows=1 width=8)
	  ->  Bitmap Heap Scan on sbtest7  (cost=34.87..3947.71 rows=1018 width=4)
	        Recheck Cond: ((id >= 5361903) AND (id <= 5362902))
	        ->  Bitmap Index Scan on sbtest7_pkey  (cost=0.00..34.62 rows=1018 width=0)
	              Index Cond: ((id >= 5361903) AND (id <= 5362902))

table 8 : explain SELECT SUM(k) FROM sbtest8 WHERE id BETWEEN 1141409 AND 1142408
	Aggregate  (cost=3697.41..3697.42 rows=1 width=8)
	  ->  Bitmap Heap Scan on sbtest8  (cost=34.19..3695.03 rows=952 width=4)
	        Recheck Cond: ((id >= 1141409) AND (id <= 1142408))
	        ->  Bitmap Index Scan on sbtest8_pkey  (cost=0.00..33.95 rows=952 width=0)
	              Index Cond: ((id >= 1141409) AND (id <= 1142408))

for: order_ranges
table 1 : explain SELECT c FROM sbtest1 WHERE id BETWEEN 1799739 AND 1800738 ORDER BY c
	Sort  (cost=3878.20..3880.66 rows=987 width=121)
	  Sort Key: c
	  ->  Bitmap Heap Scan on sbtest1  (cost=34.55..3829.11 rows=987 width=121)
	        Recheck Cond: ((id >= 1799739) AND (id <= 1800738))
	        ->  Bitmap Index Scan on sbtest1_pkey  (cost=0.00..34.31 rows=987 width=0)
	              Index Cond: ((id >= 1799739) AND (id <= 1800738))

table 2 : explain SELECT c FROM sbtest2 WHERE id BETWEEN 9757488 AND 9758487 ORDER BY c
	Sort  (cost=3752.32..3754.70 rows=955 width=121)
	  Sort Key: c
	  ->  Bitmap Heap Scan on sbtest2  (cost=34.22..3705.05 rows=955 width=121)
	        Recheck Cond: ((id >= 9757488) AND (id <= 9758487))
	        ->  Bitmap Index Scan on sbtest2_pkey  (cost=0.00..33.98 rows=955 width=0)
	              Index Cond: ((id >= 9757488) AND (id <= 9758487))

table 3 : explain SELECT c FROM sbtest3 WHERE id BETWEEN 872865 AND 873864 ORDER BY c
	Sort  (cost=3807.78..3810.20 rows=968 width=121)
	  Sort Key: c
	  ->  Bitmap Heap Scan on sbtest3  (cost=34.36..3759.77 rows=968 width=121)
	        Recheck Cond: ((id >= 872865) AND (id <= 873864))
	        ->  Bitmap Index Scan on sbtest3_pkey  (cost=0.00..34.12 rows=968 width=0)
	              Index Cond: ((id >= 872865) AND (id <= 873864))

table 4 : explain SELECT c FROM sbtest4 WHERE id BETWEEN 6327957 AND 6328956 ORDER BY c
	Sort  (cost=4087.98..4090.58 rows=1041 width=121)
	  Sort Key: c
	  ->  Bitmap Heap Scan on sbtest4  (cost=35.11..4035.80 rows=1041 width=121)
	        Recheck Cond: ((id >= 6327957) AND (id <= 6328956))
	        ->  Bitmap Index Scan on sbtest4_pkey  (cost=0.00..34.84 rows=1041 width=0)
	              Index Cond: ((id >= 6327957) AND (id <= 6328956))

table 5 : explain SELECT c FROM sbtest5 WHERE id BETWEEN 6462715 AND 6463714 ORDER BY c
	Sort  (cost=3895.99..3898.47 rows=991 width=121)
	  Sort Key: c
	  ->  Bitmap Heap Scan on sbtest5  (cost=34.59..3846.68 rows=991 width=121)
	        Recheck Cond: ((id >= 6462715) AND (id <= 6463714))
	        ->  Bitmap Index Scan on sbtest5_pkey  (cost=0.00..34.34 rows=991 width=0)
	              Index Cond: ((id >= 6462715) AND (id <= 6463714))

table 6 : explain SELECT c FROM sbtest6 WHERE id BETWEEN 5075547 AND 5076546 ORDER BY c
	Sort  (cost=4118.58..4121.20 rows=1050 width=121)
	  Sort Key: c
	  ->  Bitmap Heap Scan on sbtest6  (cost=35.20..4065.89 rows=1050 width=121)
	        Recheck Cond: ((id >= 5075547) AND (id <= 5076546))
	        ->  Bitmap Index Scan on sbtest6_pkey  (cost=0.00..34.94 rows=1050 width=0)
	              Index Cond: ((id >= 5075547) AND (id <= 5076546))

table 7 : explain SELECT c FROM sbtest7 WHERE id BETWEEN 515675 AND 516674 ORDER BY c
	Sort  (cost=4576.03..4578.95 rows=1169 width=121)
	  Sort Key: c
	  ->  Bitmap Heap Scan on sbtest7  (cost=40.42..4516.46 rows=1169 width=121)
	        Recheck Cond: ((id >= 515675) AND (id <= 516674))
	        ->  Bitmap Index Scan on sbtest7_pkey  (cost=0.00..40.12 rows=1169 width=0)
	              Index Cond: ((id >= 515675) AND (id <= 516674))

table 8 : explain SELECT c FROM sbtest8 WHERE id BETWEEN 5233501 AND 5234500 ORDER BY c
	Sort  (cost=3872.40..3874.87 rows=986 width=121)
	  Sort Key: c
	  ->  Bitmap Heap Scan on sbtest8  (cost=34.54..3823.37 rows=986 width=121)
	        Recheck Cond: ((id >= 5233501) AND (id <= 5234500))
	        ->  Bitmap Index Scan on sbtest8_pkey  (cost=0.00..34.30 rows=986 width=0)
	              Index Cond: ((id >= 5233501) AND (id <= 5234500))

for: simple_ranges
table 1 : explain SELECT c FROM sbtest1 WHERE id BETWEEN 7833634 AND 7834633
	Bitmap Heap Scan on sbtest1  (cost=34.73..3893.27 rows=1004 width=121)
	  Recheck Cond: ((id >= 7833634) AND (id <= 7834633))
	  ->  Bitmap Index Scan on sbtest1_pkey  (cost=0.00..34.48 rows=1004 width=0)
	        Index Cond: ((id >= 7833634) AND (id <= 7834633))

table 2 : explain SELECT c FROM sbtest2 WHERE id BETWEEN 1707669 AND 1708668
	Bitmap Heap Scan on sbtest2  (cost=34.02..3629.53 rows=935 width=121)
	  Recheck Cond: ((id >= 1707669) AND (id <= 1708668))
	  ->  Bitmap Index Scan on sbtest2_pkey  (cost=0.00..33.79 rows=935 width=0)
	        Index Cond: ((id >= 1707669) AND (id <= 1708668))

table 3 : explain SELECT c FROM sbtest3 WHERE id BETWEEN 6199586 AND 6200585
	Bitmap Heap Scan on sbtest3  (cost=39.67..4246.80 rows=1096 width=121)
	  Recheck Cond: ((id >= 6199586) AND (id <= 6200585))
	  ->  Bitmap Index Scan on sbtest3_pkey  (cost=0.00..39.40 rows=1096 width=0)
	        Index Cond: ((id >= 6199586) AND (id <= 6200585))

table 4 : explain SELECT c FROM sbtest4 WHERE id BETWEEN 8346175 AND 8347174
	Bitmap Heap Scan on sbtest4  (cost=39.85..4314.91 rows=1114 width=121)
	  Recheck Cond: ((id >= 8346175) AND (id <= 8347174))
	  ->  Bitmap Index Scan on sbtest4_pkey  (cost=0.00..39.58 rows=1114 width=0)
	        Index Cond: ((id >= 8346175) AND (id <= 8347174))

table 5 : explain SELECT c FROM sbtest5 WHERE id BETWEEN 4112418 AND 4113417
	Bitmap Heap Scan on sbtest5  (cost=34.70..3884.46 rows=1001 width=121)
	  Recheck Cond: ((id >= 4112418) AND (id <= 4113417))
	  ->  Bitmap Index Scan on sbtest5_pkey  (cost=0.00..34.45 rows=1001 width=0)
	        Index Cond: ((id >= 4112418) AND (id <= 4113417))

table 6 : explain SELECT c FROM sbtest6 WHERE id BETWEEN 5020770 AND 5021769
	Bitmap Heap Scan on sbtest6  (cost=34.16..3684.85 rows=949 width=121)
	  Recheck Cond: ((id >= 5020770) AND (id <= 5021769))
	  ->  Bitmap Index Scan on sbtest6_pkey  (cost=0.00..33.93 rows=949 width=0)
	        Index Cond: ((id >= 5020770) AND (id <= 5021769))

table 7 : explain SELECT c FROM sbtest7 WHERE id BETWEEN 8697937 AND 8698936
	Bitmap Heap Scan on sbtest7  (cost=34.52..3819.33 rows=984 width=121)
	  Recheck Cond: ((id >= 8697937) AND (id <= 8698936))
	  ->  Bitmap Index Scan on sbtest7_pkey  (cost=0.00..34.28 rows=984 width=0)
	        Index Cond: ((id >= 8697937) AND (id <= 8698936))

table 8 : explain SELECT c FROM sbtest8 WHERE id BETWEEN 9849818 AND 9850817
	Bitmap Heap Scan on sbtest8  (cost=34.75..3898.80 rows=1006 width=121)
	  Recheck Cond: ((id >= 9849818) AND (id <= 9850817))
	  ->  Bitmap Index Scan on sbtest8_pkey  (cost=0.00..34.50 rows=1006 width=0)
	        Index Cond: ((id >= 9849818) AND (id <= 9850817))

for: simple_ranges
table 1 : explain SELECT c FROM sbtest1 WHERE id BETWEEN 8296571 AND 8297570
	Bitmap Heap Scan on sbtest1  (cost=34.73..3893.27 rows=1004 width=121)
	  Recheck Cond: ((id >= 8296571) AND (id <= 8297570))
	  ->  Bitmap Index Scan on sbtest1_pkey  (cost=0.00..34.48 rows=1004 width=0)
	        Index Cond: ((id >= 8296571) AND (id <= 8297570))

table 2 : explain SELECT c FROM sbtest2 WHERE id BETWEEN 2117999 AND 2118998
	Bitmap Heap Scan on sbtest2  (cost=33.77..3538.84 rows=911 width=121)
	  Recheck Cond: ((id >= 2117999) AND (id <= 2118998))
	  ->  Bitmap Index Scan on sbtest2_pkey  (cost=0.00..33.55 rows=911 width=0)
	        Index Cond: ((id >= 2117999) AND (id <= 2118998))

table 3 : explain SELECT c FROM sbtest3 WHERE id BETWEEN 6432711 AND 6433710
	Bitmap Heap Scan on sbtest3  (cost=34.94..3975.12 rows=1025 width=121)
	  Recheck Cond: ((id >= 6432711) AND (id <= 6433710))
	  ->  Bitmap Index Scan on sbtest3_pkey  (cost=0.00..34.69 rows=1025 width=0)
	        Index Cond: ((id >= 6432711) AND (id <= 6433710))

table 4 : explain SELECT c FROM sbtest4 WHERE id BETWEEN 6819779 AND 6820778
	Bitmap Heap Scan on sbtest4  (cost=34.49..3809.21 rows=981 width=121)
	  Recheck Cond: ((id >= 6819779) AND (id <= 6820778))
	  ->  Bitmap Index Scan on sbtest4_pkey  (cost=0.00..34.25 rows=981 width=0)
	        Index Cond: ((id >= 6819779) AND (id <= 6820778))

table 5 : explain SELECT c FROM sbtest5 WHERE id BETWEEN 5669073 AND 5670072
	Bitmap Heap Scan on sbtest5  (cost=33.88..3581.87 rows=921 width=121)
	  Recheck Cond: ((id >= 5669073) AND (id <= 5670072))
	  ->  Bitmap Index Scan on sbtest5_pkey  (cost=0.00..33.65 rows=921 width=0)
	        Index Cond: ((id >= 5669073) AND (id <= 5670072))

table 6 : explain SELECT c FROM sbtest6 WHERE id BETWEEN 3607376 AND 3608375
	Bitmap Heap Scan on sbtest6  (cost=34.74..3896.28 rows=1005 width=121)
	  Recheck Cond: ((id >= 3607376) AND (id <= 3608375))
	  ->  Bitmap Index Scan on sbtest6_pkey  (cost=0.00..34.48 rows=1005 width=0)
	        Index Cond: ((id >= 3607376) AND (id <= 3608375))

table 7 : explain SELECT c FROM sbtest7 WHERE id BETWEEN 7598761 AND 7599760
	Bitmap Heap Scan on sbtest7  (cost=39.87..4320.97 rows=1116 width=121)
	  Recheck Cond: ((id >= 7598761) AND (id <= 7599760))
	  ->  Bitmap Index Scan on sbtest7_pkey  (cost=0.00..39.59 rows=1116 width=0)
	        Index Cond: ((id >= 7598761) AND (id <= 7599760))

table 8 : explain SELECT c FROM sbtest8 WHERE id BETWEEN 3305973 AND 3306972
	Bitmap Heap Scan on sbtest8  (cost=35.52..4181.19 rows=1081 width=121)
	  Recheck Cond: ((id >= 3305973) AND (id <= 3306972))
	  ->  Bitmap Index Scan on sbtest8_pkey  (cost=0.00..35.25 rows=1081 width=0)
	        Index Cond: ((id >= 3305973) AND (id <= 3306972))

for: order_ranges
table 1 : explain SELECT c FROM sbtest1 WHERE id BETWEEN 1246093 AND 1247092 ORDER BY c
	Sort  (cost=3924.18..3926.67 rows=999 width=121)
	  Sort Key: c
	  ->  Bitmap Heap Scan on sbtest1  (cost=34.67..3874.40 rows=999 width=121)
	        Recheck Cond: ((id >= 1246093) AND (id <= 1247092))
	        ->  Bitmap Index Scan on sbtest1_pkey  (cost=0.00..34.43 rows=999 width=0)
	              Index Cond: ((id >= 1246093) AND (id <= 1247092))

table 2 : explain SELECT c FROM sbtest2 WHERE id BETWEEN 1846016 AND 1847015 ORDER BY c
	Sort  (cost=3962.84..3965.37 rows=1010 width=121)
	  Sort Key: c
	  ->  Bitmap Heap Scan on sbtest2  (cost=34.79..3912.44 rows=1010 width=121)
	        Recheck Cond: ((id >= 1846016) AND (id <= 1847015))
	        ->  Bitmap Index Scan on sbtest2_pkey  (cost=0.00..34.54 rows=1010 width=0)
	              Index Cond: ((id >= 1846016) AND (id <= 1847015))

table 3 : explain SELECT c FROM sbtest3 WHERE id BETWEEN 4024161 AND 4025160 ORDER BY c
	Sort  (cost=3869.18..3871.64 rows=984 width=121)
	  Sort Key: c
	  ->  Bitmap Heap Scan on sbtest3  (cost=34.52..3820.26 rows=984 width=121)
	        Recheck Cond: ((id >= 4024161) AND (id <= 4025160))
	        ->  Bitmap Index Scan on sbtest3_pkey  (cost=0.00..34.28 rows=984 width=0)
	              Index Cond: ((id >= 4024161) AND (id <= 4025160))

table 4 : explain SELECT c FROM sbtest4 WHERE id BETWEEN 4953169 AND 4954168 ORDER BY c
	Sort  (cost=3896.32..3898.80 rows=991 width=121)
	  Sort Key: c
	  ->  Bitmap Heap Scan on sbtest4  (cost=34.59..3847.00 rows=991 width=121)
	        Recheck Cond: ((id >= 4953169) AND (id <= 4954168))
	        ->  Bitmap Index Scan on sbtest4_pkey  (cost=0.00..34.34 rows=991 width=0)
	              Index Cond: ((id >= 4953169) AND (id <= 4954168))

table 5 : explain SELECT c FROM sbtest5 WHERE id BETWEEN 3829022 AND 3830021 ORDER BY c
	Sort  (cost=4412.93..4415.74 rows=1125 width=121)
	  Sort Key: c
	  ->  Bitmap Heap Scan on sbtest5  (cost=39.97..4355.92 rows=1125 width=121)
	        Recheck Cond: ((id >= 3829022) AND (id <= 3830021))
	        ->  Bitmap Index Scan on sbtest5_pkey  (cost=0.00..39.69 rows=1125 width=0)
	              Index Cond: ((id >= 3829022) AND (id <= 3830021))

table 6 : explain SELECT c FROM sbtest6 WHERE id BETWEEN 5999139 AND 6000138 ORDER BY c
	Sort  (cost=3808.47..3810.89 rows=969 width=121)
	  Sort Key: c
	  ->  Bitmap Heap Scan on sbtest6  (cost=34.37..3760.40 rows=969 width=121)
	        Recheck Cond: ((id >= 5999139) AND (id <= 6000138))
	        ->  Bitmap Index Scan on sbtest6_pkey  (cost=0.00..34.12 rows=969 width=0)
	              Index Cond: ((id >= 5999139) AND (id <= 6000138))

table 7 : explain SELECT c FROM sbtest7 WHERE id BETWEEN 8134634 AND 8135633 ORDER BY c
	Sort  (cost=3944.92..3947.43 rows=1004 width=121)
	  Sort Key: c
	  ->  Bitmap Heap Scan on sbtest7  (cost=34.73..3894.87 rows=1004 width=121)
	        Recheck Cond: ((id >= 8134634) AND (id <= 8135633))
	        ->  Bitmap Index Scan on sbtest7_pkey  (cost=0.00..34.48 rows=1004 width=0)
	              Index Cond: ((id >= 8134634) AND (id <= 8135633))

table 8 : explain SELECT c FROM sbtest8 WHERE id BETWEEN 9098614 AND 9099613 ORDER BY c
	Sort  (cost=3730.63..3733.00 rows=949 width=121)
	  Sort Key: c
	  ->  Bitmap Heap Scan on sbtest8  (cost=34.16..3683.70 rows=949 width=121)
	        Recheck Cond: ((id >= 9098614) AND (id <= 9099613))
	        ->  Bitmap Index Scan on sbtest8_pkey  (cost=0.00..33.93 rows=949 width=0)
	              Index Cond: ((id >= 9098614) AND (id <= 9099613))

for: sum_ranges
table 1 : explain SELECT SUM(k) FROM sbtest1 WHERE id BETWEEN 2263489 AND 2264488
	Aggregate  (cost=3929.76..3929.77 rows=1 width=8)
	  ->  Bitmap Heap Scan on sbtest1  (cost=34.82..3927.23 rows=1013 width=4)
	        Recheck Cond: ((id >= 2263489) AND (id <= 2264488))
	        ->  Bitmap Index Scan on sbtest1_pkey  (cost=0.00..34.57 rows=1013 width=0)
	              Index Cond: ((id >= 2263489) AND (id <= 2264488))

table 2 : explain SELECT SUM(k) FROM sbtest2 WHERE id BETWEEN 562034 AND 563033
	Aggregate  (cost=3673.44..3673.45 rows=1 width=8)
	  ->  Bitmap Heap Scan on sbtest2  (cost=34.13..3671.07 rows=946 width=4)
	        Recheck Cond: ((id >= 562034) AND (id <= 563033))
	        ->  Bitmap Index Scan on sbtest2_pkey  (cost=0.00..33.90 rows=946 width=0)
	              Index Cond: ((id >= 562034) AND (id <= 563033))

table 3 : explain SELECT SUM(k) FROM sbtest3 WHERE id BETWEEN 1921542 AND 1922541
	Aggregate  (cost=3989.01..3989.02 rows=1 width=8)
	  ->  Bitmap Heap Scan on sbtest3  (cost=34.97..3986.44 rows=1028 width=4)
	        Recheck Cond: ((id >= 1921542) AND (id <= 1922541))
	        ->  Bitmap Index Scan on sbtest3_pkey  (cost=0.00..34.72 rows=1028 width=0)
	              Index Cond: ((id >= 1921542) AND (id <= 1922541))

table 4 : explain SELECT SUM(k) FROM sbtest4 WHERE id BETWEEN 7458294 AND 7459293
	Aggregate  (cost=3758.69..3758.70 rows=1 width=8)
	  ->  Bitmap Heap Scan on sbtest4  (cost=34.35..3756.27 rows=967 width=4)
	        Recheck Cond: ((id >= 7458294) AND (id <= 7459293))
	        ->  Bitmap Index Scan on sbtest4_pkey  (cost=0.00..34.11 rows=967 width=0)
	              Index Cond: ((id >= 7458294) AND (id <= 7459293))

table 5 : explain SELECT SUM(k) FROM sbtest5 WHERE id BETWEEN 1551066 AND 1552065
	Aggregate  (cost=3818.90..3818.91 rows=1 width=8)
	  ->  Bitmap Heap Scan on sbtest5  (cost=34.51..3816.45 rows=983 width=4)
	        Recheck Cond: ((id >= 1551066) AND (id <= 1552065))
	        ->  Bitmap Index Scan on sbtest5_pkey  (cost=0.00..34.27 rows=983 width=0)
	              Index Cond: ((id >= 1551066) AND (id <= 1552065))

table 6 : explain SELECT SUM(k) FROM sbtest6 WHERE id BETWEEN 7478200 AND 7479199
	Aggregate  (cost=4011.97..4011.98 rows=1 width=8)
	  ->  Bitmap Heap Scan on sbtest6  (cost=35.04..4009.38 rows=1035 width=4)
	        Recheck Cond: ((id >= 7478200) AND (id <= 7479199))
	        ->  Bitmap Index Scan on sbtest6_pkey  (cost=0.00..34.79 rows=1035 width=0)
	              Index Cond: ((id >= 7478200) AND (id <= 7479199))

table 7 : explain SELECT SUM(k) FROM sbtest7 WHERE id BETWEEN 2523247 AND 2524246
	Aggregate  (cost=3889.82..3889.83 rows=1 width=8)
	  ->  Bitmap Heap Scan on sbtest7  (cost=34.71..3887.32 rows=1002 width=4)
	        Recheck Cond: ((id >= 2523247) AND (id <= 2524246))
	        ->  Bitmap Index Scan on sbtest7_pkey  (cost=0.00..34.45 rows=1002 width=0)
	              Index Cond: ((id >= 2523247) AND (id <= 2524246))

table 8 : explain SELECT SUM(k) FROM sbtest8 WHERE id BETWEEN 6228333 AND 6229332
	Aggregate  (cost=4127.43..4127.44 rows=1 width=8)
	  ->  Bitmap Heap Scan on sbtest8  (cost=35.36..4124.77 rows=1066 width=4)
	        Recheck Cond: ((id >= 6228333) AND (id <= 6229332))
	        ->  Bitmap Index Scan on sbtest8_pkey  (cost=0.00..35.09 rows=1066 width=0)
	              Index Cond: ((id >= 6228333) AND (id <= 6229332))

for: sum_ranges
table 1 : explain SELECT SUM(k) FROM sbtest1 WHERE id BETWEEN 5237339 AND 5238338
	Aggregate  (cost=4118.33..4118.34 rows=1 width=8)
	  ->  Bitmap Heap Scan on sbtest1  (cost=35.33..4115.68 rows=1063 width=4)
	        Recheck Cond: ((id >= 5237339) AND (id <= 5238338))
	        ->  Bitmap Index Scan on sbtest1_pkey  (cost=0.00..35.07 rows=1063 width=0)
	              Index Cond: ((id >= 5237339) AND (id <= 5238338))

table 2 : explain SELECT SUM(k) FROM sbtest2 WHERE id BETWEEN 1825382 AND 1826381
	Aggregate  (cost=3914.97..3914.98 rows=1 width=8)
	  ->  Bitmap Heap Scan on sbtest2  (cost=34.79..3912.44 rows=1010 width=4)
	        Recheck Cond: ((id >= 1825382) AND (id <= 1826381))
	        ->  Bitmap Index Scan on sbtest2_pkey  (cost=0.00..34.54 rows=1010 width=0)
	              Index Cond: ((id >= 1825382) AND (id <= 1826381))

table 3 : explain SELECT SUM(k) FROM sbtest3 WHERE id BETWEEN 5132906 AND 5133905
	Aggregate  (cost=3610.73..3610.74 rows=1 width=8)
	  ->  Bitmap Heap Scan on sbtest3  (cost=33.95..3608.41 rows=928 width=4)
	        Recheck Cond: ((id >= 5132906) AND (id <= 5133905))
	        ->  Bitmap Index Scan on sbtest3_pkey  (cost=0.00..33.72 rows=928 width=0)
	              Index Cond: ((id >= 5132906) AND (id <= 5133905))

table 4 : explain SELECT SUM(k) FROM sbtest4 WHERE id BETWEEN 3336447 AND 3337446
	Aggregate  (cost=4098.80..4098.81 rows=1 width=8)
	  ->  Bitmap Heap Scan on sbtest4  (cost=35.27..4096.16 rows=1057 width=4)
	        Recheck Cond: ((id >= 3336447) AND (id <= 3337446))
	        ->  Bitmap Index Scan on sbtest4_pkey  (cost=0.00..35.01 rows=1057 width=0)
	              Index Cond: ((id >= 3336447) AND (id <= 3337446))

table 5 : explain SELECT SUM(k) FROM sbtest5 WHERE id BETWEEN 2353217 AND 2354216
	Aggregate  (cost=3826.47..3826.48 rows=1 width=8)
	  ->  Bitmap Heap Scan on sbtest5  (cost=34.53..3824.00 rows=985 width=4)
	        Recheck Cond: ((id >= 2353217) AND (id <= 2354216))
	        ->  Bitmap Index Scan on sbtest5_pkey  (cost=0.00..34.29 rows=985 width=0)
	              Index Cond: ((id >= 2353217) AND (id <= 2354216))

table 6 : explain SELECT SUM(k) FROM sbtest6 WHERE id BETWEEN 5086577 AND 5087576
	Aggregate  (cost=4068.51..4068.52 rows=1 width=8)
	  ->  Bitmap Heap Scan on sbtest6  (cost=35.20..4065.89 rows=1050 width=4)
	        Recheck Cond: ((id >= 5086577) AND (id <= 5087576))
	        ->  Bitmap Index Scan on sbtest6_pkey  (cost=0.00..34.94 rows=1050 width=0)
	              Index Cond: ((id >= 5086577) AND (id <= 5087576))

table 7 : explain SELECT SUM(k) FROM sbtest7 WHERE id BETWEEN 305588 AND 306587
	Aggregate  (cost=3696.96..3696.97 rows=1 width=8)
	  ->  Bitmap Heap Scan on sbtest7  (cost=34.18..3694.58 rows=951 width=4)
	        Recheck Cond: ((id >= 305588) AND (id <= 306587))
	        ->  Bitmap Index Scan on sbtest7_pkey  (cost=0.00..33.95 rows=951 width=0)
	              Index Cond: ((id >= 305588) AND (id <= 306587))

table 8 : explain SELECT SUM(k) FROM sbtest8 WHERE id BETWEEN 5121778 AND 5122777
	Aggregate  (cost=4119.90..4119.91 rows=1 width=8)
	  ->  Bitmap Heap Scan on sbtest8  (cost=35.34..4117.24 rows=1064 width=4)
	        Recheck Cond: ((id >= 5121778) AND (id <= 5122777))
	        ->  Bitmap Index Scan on sbtest8_pkey  (cost=0.00..35.08 rows=1064 width=0)
	              Index Cond: ((id >= 5121778) AND (id <= 5122777))

for: sum_ranges
table 1 : explain SELECT SUM(k) FROM sbtest1 WHERE id BETWEEN 6269614 AND 6270613
	Aggregate  (cost=3820.24..3820.25 rows=1 width=8)
	  ->  Bitmap Heap Scan on sbtest1  (cost=34.52..3817.78 rows=984 width=4)
	        Recheck Cond: ((id >= 6269614) AND (id <= 6270613))
	        ->  Bitmap Index Scan on sbtest1_pkey  (cost=0.00..34.28 rows=984 width=0)
	              Index Cond: ((id >= 6269614) AND (id <= 6270613))

table 2 : explain SELECT SUM(k) FROM sbtest2 WHERE id BETWEEN 213789 AND 214788
	Aggregate  (cost=3971.50..3971.51 rows=1 width=8)
	  ->  Bitmap Heap Scan on sbtest2  (cost=34.94..3968.94 rows=1025 width=4)
	        Recheck Cond: ((id >= 213789) AND (id <= 214788))
	        ->  Bitmap Index Scan on sbtest2_pkey  (cost=0.00..34.69 rows=1025 width=0)
	              Index Cond: ((id >= 213789) AND (id <= 214788))

table 3 : explain SELECT SUM(k) FROM sbtest3 WHERE id BETWEEN 7826515 AND 7827514
	Aggregate  (cost=3905.90..3905.91 rows=1 width=8)
	  ->  Bitmap Heap Scan on sbtest3  (cost=34.75..3903.38 rows=1006 width=4)
	        Recheck Cond: ((id >= 7826515) AND (id <= 7827514))
	        ->  Bitmap Index Scan on sbtest3_pkey  (cost=0.00..34.50 rows=1006 width=0)
	              Index Cond: ((id >= 7826515) AND (id <= 7827514))

table 4 : explain SELECT SUM(k) FROM sbtest4 WHERE id BETWEEN 2677446 AND 2678445
	Aggregate  (cost=3732.19..3732.20 rows=1 width=8)
	  ->  Bitmap Heap Scan on sbtest4  (cost=34.28..3729.79 rows=960 width=4)
	        Recheck Cond: ((id >= 2677446) AND (id <= 2678445))
	        ->  Bitmap Index Scan on sbtest4_pkey  (cost=0.00..34.04 rows=960 width=0)
	              Index Cond: ((id >= 2677446) AND (id <= 2678445))

table 5 : explain SELECT SUM(k) FROM sbtest5 WHERE id BETWEEN 4595067 AND 4596066
	Aggregate  (cost=3788.64..3788.65 rows=1 width=8)
	  ->  Bitmap Heap Scan on sbtest5  (cost=34.43..3786.20 rows=975 width=4)
	        Recheck Cond: ((id >= 4595067) AND (id <= 4596066))
	        ->  Bitmap Index Scan on sbtest5_pkey  (cost=0.00..34.19 rows=975 width=0)
	              Index Cond: ((id >= 4595067) AND (id <= 4596066))

table 6 : explain SELECT SUM(k) FROM sbtest6 WHERE id BETWEEN 257872 AND 258871
	Aggregate  (cost=4087.36..4087.37 rows=1 width=8)
	  ->  Bitmap Heap Scan on sbtest6  (cost=35.25..4084.72 rows=1055 width=4)
	        Recheck Cond: ((id >= 257872) AND (id <= 258871))
	        ->  Bitmap Index Scan on sbtest6_pkey  (cost=0.00..34.98 rows=1055 width=0)
	              Index Cond: ((id >= 257872) AND (id <= 258871))

table 7 : explain SELECT SUM(k) FROM sbtest7 WHERE id BETWEEN 3137481 AND 3138480
	Aggregate  (cost=3704.53..3704.54 rows=1 width=8)
	  ->  Bitmap Heap Scan on sbtest7  (cost=34.20..3702.15 rows=953 width=4)
	        Recheck Cond: ((id >= 3137481) AND (id <= 3138480))
	        ->  Bitmap Index Scan on sbtest7_pkey  (cost=0.00..33.97 rows=953 width=0)
	              Index Cond: ((id >= 3137481) AND (id <= 3138480))

table 8 : explain SELECT SUM(k) FROM sbtest8 WHERE id BETWEEN 752513 AND 753512
	Aggregate  (cost=3916.40..3916.41 rows=1 width=8)
	  ->  Bitmap Heap Scan on sbtest8  (cost=34.79..3913.88 rows=1010 width=4)
	        Recheck Cond: ((id >= 752513) AND (id <= 753512))
	        ->  Bitmap Index Scan on sbtest8_pkey  (cost=0.00..34.54 rows=1010 width=0)
	              Index Cond: ((id >= 752513) AND (id <= 753512))

for: distinct_ranges
table 1 : explain SELECT DISTINCT c FROM sbtest1 WHERE id BETWEEN 727465 AND 728464 ORDER BY c
	Unique  (cost=4127.05..4132.31 rows=1052 width=121)
	  ->  Sort  (cost=4127.05..4129.68 rows=1052 width=121)
	        Sort Key: c
	        ->  Bitmap Heap Scan on sbtest1  (cost=35.22..4074.24 rows=1052 width=121)
	              Recheck Cond: ((id >= 727465) AND (id <= 728464))
	              ->  Bitmap Index Scan on sbtest1_pkey  (cost=0.00..34.95 rows=1052 width=0)
	                    Index Cond: ((id >= 727465) AND (id <= 728464))

table 2 : explain SELECT DISTINCT c FROM sbtest2 WHERE id BETWEEN 3899879 AND 3900878 ORDER BY c
	Unique  (cost=3736.99..3741.74 rows=951 width=121)
	  ->  Sort  (cost=3736.99..3739.37 rows=951 width=121)
	        Sort Key: c
	        ->  Bitmap Heap Scan on sbtest2  (cost=34.18..3689.95 rows=951 width=121)
	              Recheck Cond: ((id >= 3899879) AND (id <= 3900878))
	              ->  Bitmap Index Scan on sbtest2_pkey  (cost=0.00..33.95 rows=951 width=0)
	                    Index Cond: ((id >= 3899879) AND (id <= 3900878))

table 3 : explain SELECT DISTINCT c FROM sbtest3 WHERE id BETWEEN 9770499 AND 9771498 ORDER BY c
	Unique  (cost=3380.83..3385.12 rows=858 width=121)
	  ->  Sort  (cost=3380.83..3382.98 rows=858 width=121)
	        Sort Key: c
	        ->  Bitmap Heap Scan on sbtest3  (cost=29.23..3339.02 rows=858 width=121)
	              Recheck Cond: ((id >= 9770499) AND (id <= 9771498))
	              ->  Bitmap Index Scan on sbtest3_pkey  (cost=0.00..29.01 rows=858 width=0)
	                    Index Cond: ((id >= 9770499) AND (id <= 9771498))

table 4 : explain SELECT DISTINCT c FROM sbtest4 WHERE id BETWEEN 5953235 AND 5954234 ORDER BY c
	Unique  (cost=3665.94..3670.60 rows=931 width=121)
	  ->  Sort  (cost=3665.94..3668.27 rows=931 width=121)
	        Sort Key: c
	        ->  Bitmap Heap Scan on sbtest4  (cost=33.98..3620.03 rows=931 width=121)
	              Recheck Cond: ((id >= 5953235) AND (id <= 5954234))
	              ->  Bitmap Index Scan on sbtest4_pkey  (cost=0.00..33.75 rows=931 width=0)
	                    Index Cond: ((id >= 5953235) AND (id <= 5954234))

table 5 : explain SELECT DISTINCT c FROM sbtest5 WHERE id BETWEEN 9112050 AND 9113049 ORDER BY c
	Unique  (cost=3926.68..3931.67 rows=999 width=121)
	  ->  Sort  (cost=3926.68..3929.17 rows=999 width=121)
	        Sort Key: c
	        ->  Bitmap Heap Scan on sbtest5  (cost=34.67..3876.90 rows=999 width=121)
	              Recheck Cond: ((id >= 9112050) AND (id <= 9113049))
	              ->  Bitmap Index Scan on sbtest5_pkey  (cost=0.00..34.43 rows=999 width=0)
	                    Index Cond: ((id >= 9112050) AND (id <= 9113049))

table 6 : explain SELECT DISTINCT c FROM sbtest6 WHERE id BETWEEN 1731944 AND 1732943 ORDER BY c
	Unique  (cost=3850.63..3855.53 rows=980 width=121)
	  ->  Sort  (cost=3850.63..3853.08 rows=980 width=121)
	        Sort Key: c
	        ->  Bitmap Heap Scan on sbtest6  (cost=34.48..3801.94 rows=980 width=121)
	              Recheck Cond: ((id >= 1731944) AND (id <= 1732943))
	              ->  Bitmap Index Scan on sbtest6_pkey  (cost=0.00..34.23 rows=980 width=0)
	                    Index Cond: ((id >= 1731944) AND (id <= 1732943))

table 7 : explain SELECT DISTINCT c FROM sbtest7 WHERE id BETWEEN 7681895 AND 7682894 ORDER BY c
	Unique  (cost=3422.42..3426.76 rows=869 width=121)
	  ->  Sort  (cost=3422.42..3424.59 rows=869 width=121)
	        Sort Key: c
	        ->  Bitmap Heap Scan on sbtest7  (cost=29.34..3380.00 rows=869 width=121)
	              Recheck Cond: ((id >= 7681895) AND (id <= 7682894))
	              ->  Bitmap Index Scan on sbtest7_pkey  (cost=0.00..29.12 rows=869 width=0)
	                    Index Cond: ((id >= 7681895) AND (id <= 7682894))

table 8 : explain SELECT DISTINCT c FROM sbtest8 WHERE id BETWEEN 5775719 AND 5776718 ORDER BY c
	Unique  (cost=4052.26..4057.42 rows=1033 width=121)
	  ->  Sort  (cost=4052.26..4054.84 rows=1033 width=121)
	        Sort Key: c
	        ->  Bitmap Heap Scan on sbtest8  (cost=35.02..4000.54 rows=1033 width=121)
	              Recheck Cond: ((id >= 5775719) AND (id <= 5776718))
	              ->  Bitmap Index Scan on sbtest8_pkey  (cost=0.00..34.77 rows=1033 width=0)
	                    Index Cond: ((id >= 5775719) AND (id <= 5776718))

for: order_ranges
table 1 : explain SELECT c FROM sbtest1 WHERE id BETWEEN 3770645 AND 3771644 ORDER BY c
	Sort  (cost=4127.05..4129.68 rows=1052 width=121)
	  Sort Key: c
	  ->  Bitmap Heap Scan on sbtest1  (cost=35.22..4074.24 rows=1052 width=121)
	        Recheck Cond: ((id >= 3770645) AND (id <= 3771644))
	        ->  Bitmap Index Scan on sbtest1_pkey  (cost=0.00..34.95 rows=1052 width=0)
	              Index Cond: ((id >= 3770645) AND (id <= 3771644))

table 2 : explain SELECT c FROM sbtest2 WHERE id BETWEEN 7581842 AND 7582841 ORDER BY c
	Sort  (cost=3641.16..3643.47 rows=926 width=121)
	  Sort Key: c
	  ->  Bitmap Heap Scan on sbtest2  (cost=33.93..3595.53 rows=926 width=121)
	        Recheck Cond: ((id >= 7581842) AND (id <= 7582841))
	        ->  Bitmap Index Scan on sbtest2_pkey  (cost=0.00..33.70 rows=926 width=0)
	              Index Cond: ((id >= 7581842) AND (id <= 7582841))

table 3 : explain SELECT c FROM sbtest3 WHERE id BETWEEN 4211509 AND 4212508 ORDER BY c
	Sort  (cost=4041.70..4044.27 rows=1029 width=121)
	  Sort Key: c
	  ->  Bitmap Heap Scan on sbtest3  (cost=34.98..3990.22 rows=1029 width=121)
	        Recheck Cond: ((id >= 4211509) AND (id <= 4212508))
	        ->  Bitmap Index Scan on sbtest3_pkey  (cost=0.00..34.73 rows=1029 width=0)
	              Index Cond: ((id >= 4211509) AND (id <= 4212508))

table 4 : explain SELECT c FROM sbtest4 WHERE id BETWEEN 9673678 AND 9674677 ORDER BY c
	Sort  (cost=4378.93..4381.72 rows=1116 width=121)
	  Sort Key: c
	  ->  Bitmap Heap Scan on sbtest4  (cost=39.87..4322.44 rows=1116 width=121)
	        Recheck Cond: ((id >= 9673678) AND (id <= 9674677))
	        ->  Bitmap Index Scan on sbtest4_pkey  (cost=0.00..39.59 rows=1116 width=0)
	              Index Cond: ((id >= 9673678) AND (id <= 9674677))

table 5 : explain SELECT c FROM sbtest5 WHERE id BETWEEN 1557492 AND 1558491 ORDER BY c
	Sort  (cost=3865.31..3867.76 rows=983 width=121)
	  Sort Key: c
	  ->  Bitmap Heap Scan on sbtest5  (cost=34.51..3816.45 rows=983 width=121)
	        Recheck Cond: ((id >= 1557492) AND (id <= 1558491))
	        ->  Bitmap Index Scan on sbtest5_pkey  (cost=0.00..34.27 rows=983 width=0)
	              Index Cond: ((id >= 1557492) AND (id <= 1558491))

table 6 : explain SELECT c FROM sbtest6 WHERE id BETWEEN 71094 AND 72093 ORDER BY c
	Sort  (cost=3996.16..3998.70 rows=1018 width=121)
	  Sort Key: c
	  ->  Bitmap Heap Scan on sbtest6  (cost=34.87..3945.30 rows=1018 width=121)
	        Recheck Cond: ((id >= 71094) AND (id <= 72093))
	        ->  Bitmap Index Scan on sbtest6_pkey  (cost=0.00..34.62 rows=1018 width=0)
	              Index Cond: ((id >= 71094) AND (id <= 72093))

table 7 : explain SELECT c FROM sbtest7 WHERE id BETWEEN 8080855 AND 8081854 ORDER BY c
	Sort  (cost=3753.14..3755.53 rows=954 width=121)
	  Sort Key: c
	  ->  Bitmap Heap Scan on sbtest7  (cost=34.21..3705.93 rows=954 width=121)
	        Recheck Cond: ((id >= 8080855) AND (id <= 8081854))
	        ->  Bitmap Index Scan on sbtest7_pkey  (cost=0.00..33.98 rows=954 width=0)
	              Index Cond: ((id >= 8080855) AND (id <= 8081854))

table 8 : explain SELECT c FROM sbtest8 WHERE id BETWEEN 6690942 AND 6691941 ORDER BY c
	Sort  (cost=4250.94..4253.65 rows=1085 width=121)
	  Sort Key: c
	  ->  Bitmap Heap Scan on sbtest8  (cost=35.56..4196.23 rows=1085 width=121)
	        Recheck Cond: ((id >= 6690942) AND (id <= 6691941))
	        ->  Bitmap Index Scan on sbtest8_pkey  (cost=0.00..35.29 rows=1085 width=0)
	              Index Cond: ((id >= 6690942) AND (id <= 6691941))

for: sum_ranges
table 1 : explain SELECT SUM(k) FROM sbtest1 WHERE id BETWEEN 5410456 AND 5411455
	Aggregate  (cost=4163.55..4163.56 rows=1 width=8)
	  ->  Bitmap Heap Scan on sbtest1  (cost=35.45..4160.86 rows=1075 width=4)
	        Recheck Cond: ((id >= 5410456) AND (id <= 5411455))
	        ->  Bitmap Index Scan on sbtest1_pkey  (cost=0.00..35.19 rows=1075 width=0)
	              Index Cond: ((id >= 5410456) AND (id <= 5411455))

table 2 : explain SELECT SUM(k) FROM sbtest2 WHERE id BETWEEN 7195562 AND 7196561
	Aggregate  (cost=3858.41..3858.42 rows=1 width=8)
	  ->  Bitmap Heap Scan on sbtest2  (cost=34.63..3855.92 rows=995 width=4)
	        Recheck Cond: ((id >= 7195562) AND (id <= 7196561))
	        ->  Bitmap Index Scan on sbtest2_pkey  (cost=0.00..34.39 rows=995 width=0)
	              Index Cond: ((id >= 7195562) AND (id <= 7196561))

table 3 : explain SELECT SUM(k) FROM sbtest3 WHERE id BETWEEN 4295143 AND 4296142
	Aggregate  (cost=3992.79..3992.80 rows=1 width=8)
	  ->  Bitmap Heap Scan on sbtest3  (cost=34.98..3990.22 rows=1029 width=4)
	        Recheck Cond: ((id >= 4295143) AND (id <= 4296142))
	        ->  Bitmap Index Scan on sbtest3_pkey  (cost=0.00..34.73 rows=1029 width=0)
	              Index Cond: ((id >= 4295143) AND (id <= 4296142))

table 4 : explain SELECT SUM(k) FROM sbtest4 WHERE id BETWEEN 9505106 AND 9506105
	Aggregate  (cost=3974.21..3974.22 rows=1 width=8)
	  ->  Bitmap Heap Scan on sbtest4  (cost=34.93..3971.65 rows=1024 width=4)
	        Recheck Cond: ((id >= 9505106) AND (id <= 9506105))
	        ->  Bitmap Index Scan on sbtest4_pkey  (cost=0.00..34.68 rows=1024 width=0)
	              Index Cond: ((id >= 9505106) AND (id <= 9506105))

table 5 : explain SELECT SUM(k) FROM sbtest5 WHERE id BETWEEN 1944584 AND 1945583
	Aggregate  (cost=4486.70..4486.71 rows=1 width=8)
	  ->  Bitmap Heap Scan on sbtest5  (cost=40.33..4483.80 rows=1160 width=4)
	        Recheck Cond: ((id >= 1944584) AND (id <= 1945583))
	        ->  Bitmap Index Scan on sbtest5_pkey  (cost=0.00..40.04 rows=1160 width=0)
	              Index Cond: ((id >= 1944584) AND (id <= 1945583))

table 6 : explain SELECT SUM(k) FROM sbtest6 WHERE id BETWEEN 1686148 AND 1687147
	Aggregate  (cost=3804.39..3804.40 rows=1 width=8)
	  ->  Bitmap Heap Scan on sbtest6  (cost=34.48..3801.94 rows=980 width=4)
	        Recheck Cond: ((id >= 1686148) AND (id <= 1687147))
	        ->  Bitmap Index Scan on sbtest6_pkey  (cost=0.00..34.23 rows=980 width=0)
	              Index Cond: ((id >= 1686148) AND (id <= 1687147))

table 7 : explain SELECT SUM(k) FROM sbtest7 WHERE id BETWEEN 7145830 AND 7146829
	Aggregate  (cost=3920.04..3920.05 rows=1 width=8)
	  ->  Bitmap Heap Scan on sbtest7  (cost=34.79..3917.52 rows=1010 width=4)
	        Recheck Cond: ((id >= 7145830) AND (id <= 7146829))
	        ->  Bitmap Index Scan on sbtest7_pkey  (cost=0.00..34.54 rows=1010 width=0)
	              Index Cond: ((id >= 7145830) AND (id <= 7146829))

table 8 : explain SELECT SUM(k) FROM sbtest8 WHERE id BETWEEN 6413300 AND 6414299
	Aggregate  (cost=3950.34..3950.35 rows=1 width=8)
	  ->  Bitmap Heap Scan on sbtest8  (cost=34.88..3947.80 rows=1019 width=4)
	        Recheck Cond: ((id >= 6413300) AND (id <= 6414299))
	        ->  Bitmap Index Scan on sbtest8_pkey  (cost=0.00..34.62 rows=1019 width=0)
	              Index Cond: ((id >= 6413300) AND (id <= 6414299))

for: sum_ranges
table 1 : explain SELECT SUM(k) FROM sbtest1 WHERE id BETWEEN 5227802 AND 5228801
	Aggregate  (cost=3354.33..3354.34 rows=1 width=8)
	  ->  Bitmap Heap Scan on sbtest1  (cost=29.27..3352.17 rows=862 width=4)
	        Recheck Cond: ((id >= 5227802) AND (id <= 5228801))
	        ->  Bitmap Index Scan on sbtest1_pkey  (cost=0.00..29.05 rows=862 width=0)
	              Index Cond: ((id >= 5227802) AND (id <= 5228801))

table 2 : explain SELECT SUM(k) FROM sbtest2 WHERE id BETWEEN 6916491 AND 6917490
	Aggregate  (cost=4054.37..4054.38 rows=1 width=8)
	  ->  Bitmap Heap Scan on sbtest2  (cost=35.17..4051.75 rows=1047 width=4)
	        Recheck Cond: ((id >= 6916491) AND (id <= 6917490))
	        ->  Bitmap Index Scan on sbtest2_pkey  (cost=0.00..34.91 rows=1047 width=0)
	              Index Cond: ((id >= 6916491) AND (id <= 6917490))

table 3 : explain SELECT SUM(k) FROM sbtest3 WHERE id BETWEEN 5620097 AND 5621096
	Aggregate  (cost=4155.06..4155.07 rows=1 width=8)
	  ->  Bitmap Heap Scan on sbtest3  (cost=35.42..4152.38 rows=1072 width=4)
	        Recheck Cond: ((id >= 5620097) AND (id <= 5621096))
	        ->  Bitmap Index Scan on sbtest3_pkey  (cost=0.00..35.16 rows=1072 width=0)
	              Index Cond: ((id >= 5620097) AND (id <= 5621096))

table 4 : explain SELECT SUM(k) FROM sbtest4 WHERE id BETWEEN 6265950 AND 6266949
	Aggregate  (cost=3637.51..3637.52 rows=1 width=8)
	  ->  Bitmap Heap Scan on sbtest4  (cost=34.02..3635.18 rows=935 width=4)
	        Recheck Cond: ((id >= 6265950) AND (id <= 6266949))
	        ->  Bitmap Index Scan on sbtest4_pkey  (cost=0.00..33.79 rows=935 width=0)
	              Index Cond: ((id >= 6265950) AND (id <= 6266949))

table 5 : explain SELECT SUM(k) FROM sbtest5 WHERE id BETWEEN 5229020 AND 5230019
	Aggregate  (cost=4629.54..4629.55 rows=1 width=8)
	  ->  Bitmap Heap Scan on sbtest5  (cost=40.71..4626.54 rows=1198 width=4)
	        Recheck Cond: ((id >= 5229020) AND (id <= 5230019))
	        ->  Bitmap Index Scan on sbtest5_pkey  (cost=0.00..40.42 rows=1198 width=0)
	              Index Cond: ((id >= 5229020) AND (id <= 5230019))

table 6 : explain SELECT SUM(k) FROM sbtest6 WHERE id BETWEEN 9024819 AND 9025818
	Aggregate  (cost=3539.42..3539.43 rows=1 width=8)
	  ->  Bitmap Heap Scan on sbtest6  (cost=29.77..3537.15 rows=911 width=4)
	        Recheck Cond: ((id >= 9024819) AND (id <= 9025818))
	        ->  Bitmap Index Scan on sbtest6_pkey  (cost=0.00..29.54 rows=911 width=0)
	              Index Cond: ((id >= 9024819) AND (id <= 9025818))

table 7 : explain SELECT SUM(k) FROM sbtest7 WHERE id BETWEEN 8195729 AND 8196728
	Aggregate  (cost=3897.38..3897.39 rows=1 width=8)
	  ->  Bitmap Heap Scan on sbtest7  (cost=34.73..3894.87 rows=1004 width=4)
	        Recheck Cond: ((id >= 8195729) AND (id <= 8196728))
	        ->  Bitmap Index Scan on sbtest7_pkey  (cost=0.00..34.48 rows=1004 width=0)
	              Index Cond: ((id >= 8195729) AND (id <= 8196728))

table 8 : explain SELECT SUM(k) FROM sbtest8 WHERE id BETWEEN 5217067 AND 5218066
	Aggregate  (cost=3825.84..3825.85 rows=1 width=8)
	  ->  Bitmap Heap Scan on sbtest8  (cost=34.54..3823.37 rows=986 width=4)
	        Recheck Cond: ((id >= 5217067) AND (id <= 5218066))
	        ->  Bitmap Index Scan on sbtest8_pkey  (cost=0.00..34.30 rows=986 width=0)
	              Index Cond: ((id >= 5217067) AND (id <= 5218066))

for: order_ranges
table 1 : explain SELECT c FROM sbtest1 WHERE id BETWEEN 5714604 AND 5715603 ORDER BY c
	Sort  (cost=3571.06..3573.33 rows=908 width=121)
	  Sort Key: c
	  ->  Bitmap Heap Scan on sbtest1  (cost=29.74..3526.45 rows=908 width=121)
	        Recheck Cond: ((id >= 5714604) AND (id <= 5715603))
	        ->  Bitmap Index Scan on sbtest1_pkey  (cost=0.00..29.51 rows=908 width=0)
	              Index Cond: ((id >= 5714604) AND (id <= 5715603))

table 2 : explain SELECT c FROM sbtest2 WHERE id BETWEEN 7832211 AND 7833210 ORDER BY c
	Sort  (cost=4310.56..4313.31 rows=1100 width=121)
	  Sort Key: c
	  ->  Bitmap Heap Scan on sbtest2  (cost=39.71..4254.99 rows=1100 width=121)
	        Recheck Cond: ((id >= 7832211) AND (id <= 7833210))
	        ->  Bitmap Index Scan on sbtest2_pkey  (cost=0.00..39.44 rows=1100 width=0)
	              Index Cond: ((id >= 7832211) AND (id <= 7833210))

table 3 : explain SELECT c FROM sbtest3 WHERE id BETWEEN 8187321 AND 8188320 ORDER BY c
	Sort  (cost=4145.10..4147.74 rows=1056 width=121)
	  Sort Key: c
	  ->  Bitmap Heap Scan on sbtest3  (cost=35.26..4092.07 rows=1056 width=121)
	        Recheck Cond: ((id >= 8187321) AND (id <= 8188320))
	        ->  Bitmap Index Scan on sbtest3_pkey  (cost=0.00..35.00 rows=1056 width=0)
	              Index Cond: ((id >= 8187321) AND (id <= 8188320))

table 4 : explain SELECT c FROM sbtest4 WHERE id BETWEEN 2084853 AND 2085852 ORDER BY c
	Sort  (cost=3569.67..3571.94 rows=907 width=121)
	  Sort Key: c
	  ->  Bitmap Heap Scan on sbtest4  (cost=29.73..3525.11 rows=907 width=121)
	        Recheck Cond: ((id >= 2084853) AND (id <= 2085852))
	        ->  Bitmap Index Scan on sbtest4_pkey  (cost=0.00..29.50 rows=907 width=0)
	              Index Cond: ((id >= 2084853) AND (id <= 2085852))

table 5 : explain SELECT c FROM sbtest5 WHERE id BETWEEN 8600472 AND 8601471 ORDER BY c
	Sort  (cost=3968.85..3971.37 rows=1010 width=121)
	  Sort Key: c
	  ->  Bitmap Heap Scan on sbtest5  (cost=34.79..3918.45 rows=1010 width=121)
	        Recheck Cond: ((id >= 8600472) AND (id <= 8601471))
	        ->  Bitmap Index Scan on sbtest5_pkey  (cost=0.00..34.54 rows=1010 width=0)
	              Index Cond: ((id >= 8600472) AND (id <= 8601471))

table 6 : explain SELECT c FROM sbtest6 WHERE id BETWEEN 7422 AND 8421 ORDER BY c
	Sort  (cost=3996.16..3998.70 rows=1018 width=121)
	  Sort Key: c
	  ->  Bitmap Heap Scan on sbtest6  (cost=34.87..3945.30 rows=1018 width=121)
	        Recheck Cond: ((id >= 7422) AND (id <= 8421))
	        ->  Bitmap Index Scan on sbtest6_pkey  (cost=0.00..34.62 rows=1018 width=0)
	              Index Cond: ((id >= 7422) AND (id <= 8421))

table 7 : explain SELECT c FROM sbtest7 WHERE id BETWEEN 9727979 AND 9728978 ORDER BY c
	Sort  (cost=3672.50..3674.84 rows=933 width=121)
	  Sort Key: c
	  ->  Bitmap Heap Scan on sbtest7  (cost=34.00..3626.48 rows=933 width=121)
	        Recheck Cond: ((id >= 9727979) AND (id <= 9728978))
	        ->  Bitmap Index Scan on sbtest7_pkey  (cost=0.00..33.77 rows=933 width=0)
	              Index Cond: ((id >= 9727979) AND (id <= 9728978))

table 8 : explain SELECT c FROM sbtest8 WHERE id BETWEEN 7183989 AND 7184988 ORDER BY c
	Sort  (cost=3834.10..3836.54 rows=976 width=121)
	  Sort Key: c
	  ->  Bitmap Heap Scan on sbtest8  (cost=34.44..3785.64 rows=976 width=121)
	        Recheck Cond: ((id >= 7183989) AND (id <= 7184988))
	        ->  Bitmap Index Scan on sbtest8_pkey  (cost=0.00..34.20 rows=976 width=0)
	              Index Cond: ((id >= 7183989) AND (id <= 7184988))

for: distinct_ranges
table 1 : explain SELECT DISTINCT c FROM sbtest1 WHERE id BETWEEN 7509044 AND 7510043 ORDER BY c
	Unique  (cost=4077.32..4082.51 rows=1039 width=121)
	  ->  Sort  (cost=4077.32..4079.91 rows=1039 width=121)
	        Sort Key: c
	        ->  Bitmap Heap Scan on sbtest1  (cost=35.08..4025.26 rows=1039 width=121)
	              Recheck Cond: ((id >= 7509044) AND (id <= 7510043))
	              ->  Bitmap Index Scan on sbtest1_pkey  (cost=0.00..34.83 rows=1039 width=0)
	                    Index Cond: ((id >= 7509044) AND (id <= 7510043))

table 2 : explain SELECT DISTINCT c FROM sbtest2 WHERE id BETWEEN 2388363 AND 2389362 ORDER BY c
	Unique  (cost=4142.46..4147.75 rows=1057 width=121)
	  ->  Sort  (cost=4142.46..4145.10 rows=1057 width=121)
	        Sort Key: c
	        ->  Bitmap Heap Scan on sbtest2  (cost=35.27..4089.37 rows=1057 width=121)
	              Recheck Cond: ((id >= 2388363) AND (id <= 2389362))
	              ->  Bitmap Index Scan on sbtest2_pkey  (cost=0.00..35.01 rows=1057 width=0)
	                    Index Cond: ((id >= 2388363) AND (id <= 2389362))

table 3 : explain SELECT DISTINCT c FROM sbtest3 WHERE id BETWEEN 2691299 AND 2692298 ORDER BY c
	Unique  (cost=3746.35..3751.11 rows=952 width=121)
	  ->  Sort  (cost=3746.35..3748.73 rows=952 width=121)
	        Sort Key: c
	        ->  Bitmap Heap Scan on sbtest3  (cost=34.19..3699.25 rows=952 width=121)
	              Recheck Cond: ((id >= 2691299) AND (id <= 2692298))
	              ->  Bitmap Index Scan on sbtest3_pkey  (cost=0.00..33.95 rows=952 width=0)
	                    Index Cond: ((id >= 2691299) AND (id <= 2692298))

table 4 : explain SELECT DISTINCT c FROM sbtest4 WHERE id BETWEEN 3369465 AND 3370464 ORDER BY c
	Unique  (cost=4149.25..4154.53 rows=1057 width=121)
	  ->  Sort  (cost=4149.25..4151.89 rows=1057 width=121)
	        Sort Key: c
	        ->  Bitmap Heap Scan on sbtest4  (cost=35.27..4096.16 rows=1057 width=121)
	              Recheck Cond: ((id >= 3369465) AND (id <= 3370464))
	              ->  Bitmap Index Scan on sbtest4_pkey  (cost=0.00..35.01 rows=1057 width=0)
	                    Index Cond: ((id >= 3369465) AND (id <= 3370464))

table 5 : explain SELECT DISTINCT c FROM sbtest5 WHERE id BETWEEN 2520680 AND 2521679 ORDER BY c
	Unique  (cost=3961.18..3966.22 rows=1008 width=121)
	  ->  Sort  (cost=3961.18..3963.70 rows=1008 width=121)
	        Sort Key: c
	        ->  Bitmap Heap Scan on sbtest5  (cost=34.77..3910.90 rows=1008 width=121)
	              Recheck Cond: ((id >= 2520680) AND (id <= 2521679))
	              ->  Bitmap Index Scan on sbtest5_pkey  (cost=0.00..34.52 rows=1008 width=0)
	                    Index Cond: ((id >= 2520680) AND (id <= 2521679))

table 6 : explain SELECT DISTINCT c FROM sbtest6 WHERE id BETWEEN 1342477 AND 1343476 ORDER BY c
	Unique  (cost=4026.77..4031.90 rows=1026 width=121)
	  ->  Sort  (cost=4026.77..4029.34 rows=1026 width=121)
	        Sort Key: c
	        ->  Bitmap Heap Scan on sbtest6  (cost=34.95..3975.46 rows=1026 width=121)
	              Recheck Cond: ((id >= 1342477) AND (id <= 1343476))
	              ->  Bitmap Index Scan on sbtest6_pkey  (cost=0.00..34.70 rows=1026 width=0)
	                    Index Cond: ((id >= 1342477) AND (id <= 1343476))

table 7 : explain SELECT DISTINCT c FROM sbtest7 WHERE id BETWEEN 7359589 AND 7360588 ORDER BY c
	Unique  (cost=4052.19..4057.35 rows=1032 width=121)
	  ->  Sort  (cost=4052.19..4054.77 rows=1032 width=121)
	        Sort Key: c
	        ->  Bitmap Heap Scan on sbtest7  (cost=35.01..4000.54 rows=1032 width=121)
	              Recheck Cond: ((id >= 7359589) AND (id <= 7360588))
	              ->  Bitmap Index Scan on sbtest7_pkey  (cost=0.00..34.76 rows=1032 width=0)
	                    Index Cond: ((id >= 7359589) AND (id <= 7360588))

table 8 : explain SELECT DISTINCT c FROM sbtest8 WHERE id BETWEEN 2574990 AND 2575989 ORDER BY c
	Unique  (cost=4044.61..4049.76 rows=1031 width=121)
	  ->  Sort  (cost=4044.61..4047.19 rows=1031 width=121)
	        Sort Key: c
	        ->  Bitmap Heap Scan on sbtest8  (cost=35.00..3993.01 rows=1031 width=121)
	              Recheck Cond: ((id >= 2574990) AND (id <= 2575989))
	              ->  Bitmap Index Scan on sbtest8_pkey  (cost=0.00..34.75 rows=1031 width=0)
	                    Index Cond: ((id >= 2574990) AND (id <= 2575989))

for: distinct_ranges
table 1 : explain SELECT DISTINCT c FROM sbtest1 WHERE id BETWEEN 1870364 AND 1871363 ORDER BY c
	Unique  (cost=3613.48..3618.07 rows=918 width=121)
	  ->  Sort  (cost=3613.48..3615.77 rows=918 width=121)
	        Sort Key: c
	        ->  Bitmap Heap Scan on sbtest1  (cost=33.84..3568.30 rows=918 width=121)
	              Recheck Cond: ((id >= 1870364) AND (id <= 1871363))
	              ->  Bitmap Index Scan on sbtest1_pkey  (cost=0.00..33.62 rows=918 width=0)
	                    Index Cond: ((id >= 1870364) AND (id <= 1871363))

table 2 : explain SELECT DISTINCT c FROM sbtest2 WHERE id BETWEEN 9704868 AND 9705867 ORDER BY c
	Unique  (cost=3752.32..3757.09 rows=955 width=121)
	  ->  Sort  (cost=3752.32..3754.70 rows=955 width=121)
	        Sort Key: c
	        ->  Bitmap Heap Scan on sbtest2  (cost=34.22..3705.05 rows=955 width=121)
	              Recheck Cond: ((id >= 9704868) AND (id <= 9705867))
	              ->  Bitmap Index Scan on sbtest2_pkey  (cost=0.00..33.98 rows=955 width=0)
	                    Index Cond: ((id >= 9704868) AND (id <= 9705867))

table 3 : explain SELECT DISTINCT c FROM sbtest3 WHERE id BETWEEN 3468975 AND 3469974 ORDER BY c
	Unique  (cost=3926.71..3931.71 rows=999 width=121)
	  ->  Sort  (cost=3926.71..3929.21 rows=999 width=121)
	        Sort Key: c
	        ->  Bitmap Heap Scan on sbtest3  (cost=34.67..3876.94 rows=999 width=121)
	              Recheck Cond: ((id >= 3468975) AND (id <= 3469974))
	              ->  Bitmap Index Scan on sbtest3_pkey  (cost=0.00..34.43 rows=999 width=0)
	                    Index Cond: ((id >= 3468975) AND (id <= 3469974))

table 4 : explain SELECT DISTINCT c FROM sbtest4 WHERE id BETWEEN 4593121 AND 4594120 ORDER BY c
	Unique  (cost=4026.68..4031.80 rows=1025 width=121)
	  ->  Sort  (cost=4026.68..4029.24 rows=1025 width=121)
	        Sort Key: c
	        ->  Bitmap Heap Scan on sbtest4  (cost=34.94..3975.42 rows=1025 width=121)
	              Recheck Cond: ((id >= 4593121) AND (id <= 4594120))
	              ->  Bitmap Index Scan on sbtest4_pkey  (cost=0.00..34.69 rows=1025 width=0)
	                    Index Cond: ((id >= 4593121) AND (id <= 4594120))

table 5 : explain SELECT DISTINCT c FROM sbtest5 WHERE id BETWEEN 2363297 AND 2364296 ORDER BY c
	Unique  (cost=3872.98..3877.90 rows=985 width=121)
	  ->  Sort  (cost=3872.98..3875.44 rows=985 width=121)
	        Sort Key: c
	        ->  Bitmap Heap Scan on sbtest5  (cost=34.53..3824.00 rows=985 width=121)
	              Recheck Cond: ((id >= 2363297) AND (id <= 2364296))
	              ->  Bitmap Index Scan on sbtest5_pkey  (cost=0.00..34.29 rows=985 width=0)
	                    Index Cond: ((id >= 2363297) AND (id <= 2364296))

table 6 : explain SELECT DISTINCT c FROM sbtest6 WHERE id BETWEEN 8485108 AND 8486107 ORDER BY c
	Unique  (cost=4107.11..4112.34 rows=1047 width=121)
	  ->  Sort  (cost=4107.11..4109.72 rows=1047 width=121)
	        Sort Key: c
	        ->  Bitmap Heap Scan on sbtest6  (cost=35.17..4054.59 rows=1047 width=121)
	              Recheck Cond: ((id >= 8485108) AND (id <= 8486107))
	              ->  Bitmap Index Scan on sbtest6_pkey  (cost=0.00..34.91 rows=1047 width=0)
	                    Index Cond: ((id >= 8485108) AND (id <= 8486107))

table 7 : explain SELECT DISTINCT c FROM sbtest7 WHERE id BETWEEN 7282344 AND 7283343 ORDER BY c
	Unique  (cost=4052.19..4057.35 rows=1032 width=121)
	  ->  Sort  (cost=4052.19..4054.77 rows=1032 width=121)
	        Sort Key: c
	        ->  Bitmap Heap Scan on sbtest7  (cost=35.01..4000.54 rows=1032 width=121)
	              Recheck Cond: ((id >= 7282344) AND (id <= 7283343))
	              ->  Bitmap Index Scan on sbtest7_pkey  (cost=0.00..34.76 rows=1032 width=0)
	                    Index Cond: ((id >= 7282344) AND (id <= 7283343))

table 8 : explain SELECT DISTINCT c FROM sbtest8 WHERE id BETWEEN 5615964 AND 5616963 ORDER BY c
	Unique  (cost=4040.78..4045.93 rows=1030 width=121)
	  ->  Sort  (cost=4040.78..4043.36 rows=1030 width=121)
	        Sort Key: c
	        ->  Bitmap Heap Scan on sbtest8  (cost=34.99..3989.24 rows=1030 width=121)
	              Recheck Cond: ((id >= 5615964) AND (id <= 5616963))
	              ->  Bitmap Index Scan on sbtest8_pkey  (cost=0.00..34.73 rows=1030 width=0)
	                    Index Cond: ((id >= 5615964) AND (id <= 5616963))

for: order_ranges
table 1 : explain SELECT c FROM sbtest1 WHERE id BETWEEN 8260833 AND 8261832 ORDER BY c
	Sort  (cost=3943.33..3945.84 rows=1004 width=121)
	  Sort Key: c
	  ->  Bitmap Heap Scan on sbtest1  (cost=34.73..3893.27 rows=1004 width=121)
	        Recheck Cond: ((id >= 8260833) AND (id <= 8261832))
	        ->  Bitmap Index Scan on sbtest1_pkey  (cost=0.00..34.48 rows=1004 width=0)
	              Index Cond: ((id >= 8260833) AND (id <= 8261832))

table 2 : explain SELECT c FROM sbtest2 WHERE id BETWEEN 8259298 AND 8260297 ORDER BY c
	Sort  (cost=4081.34..4083.95 rows=1041 width=121)
	  Sort Key: c
	  ->  Bitmap Heap Scan on sbtest2  (cost=35.11..4029.17 rows=1041 width=121)
	        Recheck Cond: ((id >= 8259298) AND (id <= 8260297))
	        ->  Bitmap Index Scan on sbtest2_pkey  (cost=0.00..34.84 rows=1041 width=0)
	              Index Cond: ((id >= 8259298) AND (id <= 8260297))

table 3 : explain SELECT c FROM sbtest3 WHERE id BETWEEN 9327084 AND 9328083 ORDER BY c
	Sort  (cost=3850.00..3852.44 rows=979 width=121)
	  Sort Key: c
	  ->  Bitmap Heap Scan on sbtest3  (cost=34.47..3801.36 rows=979 width=121)
	        Recheck Cond: ((id >= 9327084) AND (id <= 9328083))
	        ->  Bitmap Index Scan on sbtest3_pkey  (cost=0.00..34.23 rows=979 width=0)
	              Index Cond: ((id >= 9327084) AND (id <= 9328083))

table 4 : explain SELECT c FROM sbtest4 WHERE id BETWEEN 2615288 AND 2616287 ORDER BY c
	Sort  (cost=3731.26..3733.63 rows=948 width=121)
	  Sort Key: c
	  ->  Bitmap Heap Scan on sbtest4  (cost=34.15..3684.39 rows=948 width=121)
	        Recheck Cond: ((id >= 2615288) AND (id <= 2616287))
	        ->  Bitmap Index Scan on sbtest4_pkey  (cost=0.00..33.92 rows=948 width=0)
	              Index Cond: ((id >= 2615288) AND (id <= 2616287))

table 5 : explain SELECT c FROM sbtest5 WHERE id BETWEEN 5708275 AND 5709274 ORDER BY c
	Sort  (cost=3627.21..3629.51 rows=921 width=121)
	  Sort Key: c
	  ->  Bitmap Heap Scan on sbtest5  (cost=33.88..3581.87 rows=921 width=121)
	        Recheck Cond: ((id >= 5708275) AND (id <= 5709274))
	        ->  Bitmap Index Scan on sbtest5_pkey  (cost=0.00..33.65 rows=921 width=0)
	              Index Cond: ((id >= 5708275) AND (id <= 5709274))

table 6 : explain SELECT c FROM sbtest6 WHERE id BETWEEN 8818216 AND 8819215 ORDER BY c
	Sort  (cost=4282.89..4285.62 rows=1093 width=121)
	  Sort Key: c
	  ->  Bitmap Heap Scan on sbtest6  (cost=35.64..4227.73 rows=1093 width=121)
	        Recheck Cond: ((id >= 8818216) AND (id <= 8819215))
	        ->  Bitmap Index Scan on sbtest6_pkey  (cost=0.00..35.37 rows=1093 width=0)
	              Index Cond: ((id >= 8818216) AND (id <= 8819215))

table 7 : explain SELECT c FROM sbtest7 WHERE id BETWEEN 9907547 AND 9908546 ORDER BY c
	Sort  (cost=3810.71..3813.13 rows=969 width=121)
	  Sort Key: c
	  ->  Bitmap Heap Scan on sbtest7  (cost=34.37..3762.64 rows=969 width=121)
	        Recheck Cond: ((id >= 9907547) AND (id <= 9908546))
	        ->  Bitmap Index Scan on sbtest7_pkey  (cost=0.00..34.12 rows=969 width=0)
	              Index Cond: ((id >= 9907547) AND (id <= 9908546))

table 8 : explain SELECT c FROM sbtest8 WHERE id BETWEEN 2246900 AND 2247899 ORDER BY c
	Sort  (cost=3906.86..3909.35 rows=995 width=121)
	  Sort Key: c
	  ->  Bitmap Heap Scan on sbtest8  (cost=34.63..3857.32 rows=995 width=121)
	        Recheck Cond: ((id >= 2246900) AND (id <= 2247899))
	        ->  Bitmap Index Scan on sbtest8_pkey  (cost=0.00..34.39 rows=995 width=0)
	              Index Cond: ((id >= 2246900) AND (id <= 2247899))

for: sum_ranges
table 1 : explain SELECT SUM(k) FROM sbtest1 WHERE id BETWEEN 8124380 AND 8125379
	Aggregate  (cost=4016.54..4016.55 rows=1 width=8)
	  ->  Bitmap Heap Scan on sbtest1  (cost=35.05..4013.95 rows=1036 width=4)
	        Recheck Cond: ((id >= 8124380) AND (id <= 8125379))
	        ->  Bitmap Index Scan on sbtest1_pkey  (cost=0.00..34.80 rows=1036 width=0)
	              Index Cond: ((id >= 8124380) AND (id <= 8125379))

table 2 : explain SELECT SUM(k) FROM sbtest2 WHERE id BETWEEN 6897083 AND 6898082
	Aggregate  (cost=4054.37..4054.38 rows=1 width=8)
	  ->  Bitmap Heap Scan on sbtest2  (cost=35.17..4051.75 rows=1047 width=4)
	        Recheck Cond: ((id >= 6897083) AND (id <= 6898082))
	        ->  Bitmap Index Scan on sbtest2_pkey  (cost=0.00..34.91 rows=1047 width=0)
	              Index Cond: ((id >= 6897083) AND (id <= 6898082))

table 3 : explain SELECT SUM(k) FROM sbtest3 WHERE id BETWEEN 2823011 AND 2824010
	Aggregate  (cost=3879.44..3879.45 rows=1 width=8)
	  ->  Bitmap Heap Scan on sbtest3  (cost=34.67..3876.94 rows=999 width=4)
	        Recheck Cond: ((id >= 2823011) AND (id <= 2824010))
	        ->  Bitmap Index Scan on sbtest3_pkey  (cost=0.00..34.43 rows=999 width=0)
	              Index Cond: ((id >= 2823011) AND (id <= 2824010))

table 4 : explain SELECT SUM(k) FROM sbtest4 WHERE id BETWEEN 6063401 AND 6064400
	Aggregate  (cost=3993.09..3993.10 rows=1 width=8)
	  ->  Bitmap Heap Scan on sbtest4  (cost=34.98..3990.52 rows=1029 width=4)
	        Recheck Cond: ((id >= 6063401) AND (id <= 6064400))
	        ->  Bitmap Index Scan on sbtest4_pkey  (cost=0.00..34.73 rows=1029 width=0)
	              Index Cond: ((id >= 6063401) AND (id <= 6064400))

table 5 : explain SELECT SUM(k) FROM sbtest5 WHERE id BETWEEN 6828712 AND 6829711
	Aggregate  (cost=3830.25..3830.26 rows=1 width=8)
	  ->  Bitmap Heap Scan on sbtest5  (cost=34.54..3827.78 rows=986 width=4)
	        Recheck Cond: ((id >= 6828712) AND (id <= 6829711))
	        ->  Bitmap Index Scan on sbtest5_pkey  (cost=0.00..34.30 rows=986 width=0)
	              Index Cond: ((id >= 6828712) AND (id <= 6829711))

table 6 : explain SELECT SUM(k) FROM sbtest6 WHERE id BETWEEN 1495789 AND 1496788
	Aggregate  (cost=3819.50..3819.51 rows=1 width=8)
	  ->  Bitmap Heap Scan on sbtest6  (cost=34.52..3817.04 rows=984 width=4)
	        Recheck Cond: ((id >= 1495789) AND (id <= 1496788))
	        ->  Bitmap Index Scan on sbtest6_pkey  (cost=0.00..34.28 rows=984 width=0)
	              Index Cond: ((id >= 1495789) AND (id <= 1496788))

table 7 : explain SELECT SUM(k) FROM sbtest7 WHERE id BETWEEN 8664806 AND 8665805
	Aggregate  (cost=3821.79..3821.80 rows=1 width=8)
	  ->  Bitmap Heap Scan on sbtest7  (cost=34.52..3819.33 rows=984 width=4)
	        Recheck Cond: ((id >= 8664806) AND (id <= 8665805))
	        ->  Bitmap Index Scan on sbtest7_pkey  (cost=0.00..34.28 rows=984 width=0)
	              Index Cond: ((id >= 8664806) AND (id <= 8665805))

table 8 : explain SELECT SUM(k) FROM sbtest8 WHERE id BETWEEN 4400487 AND 4401486
	Aggregate  (cost=3867.36..3867.37 rows=1 width=8)
	  ->  Bitmap Heap Scan on sbtest8  (cost=34.65..3864.86 rows=997 width=4)
	        Recheck Cond: ((id >= 4400487) AND (id <= 4401486))
	        ->  Bitmap Index Scan on sbtest8_pkey  (cost=0.00..34.41 rows=997 width=0)
	              Index Cond: ((id >= 4400487) AND (id <= 4401486))

for: order_ranges
table 1 : explain SELECT c FROM sbtest1 WHERE id BETWEEN 4399621 AND 4400620 ORDER BY c
	Sort  (cost=3767.01..3769.40 rows=958 width=121)
	  Sort Key: c
	  ->  Bitmap Heap Scan on sbtest1  (cost=34.25..3719.57 rows=958 width=121)
	        Recheck Cond: ((id >= 4399621) AND (id <= 4400620))
	        ->  Bitmap Index Scan on sbtest1_pkey  (cost=0.00..34.02 rows=958 width=0)
	              Index Cond: ((id >= 4399621) AND (id <= 4400620))

table 2 : explain SELECT c FROM sbtest2 WHERE id BETWEEN 8753597 AND 8754596 ORDER BY c
	Sort  (cost=4161.55..4164.21 rows=1062 width=121)
	  Sort Key: c
	  ->  Bitmap Heap Scan on sbtest2  (cost=35.32..4108.17 rows=1062 width=121)
	        Recheck Cond: ((id >= 8753597) AND (id <= 8754596))
	        ->  Bitmap Index Scan on sbtest2_pkey  (cost=0.00..35.06 rows=1062 width=0)
	              Index Cond: ((id >= 8753597) AND (id <= 8754596))

table 3 : explain SELECT c FROM sbtest3 WHERE id BETWEEN 1827417 AND 1828416 ORDER BY c
	Sort  (cost=3949.72..3952.23 rows=1005 width=121)
	  Sort Key: c
	  ->  Bitmap Heap Scan on sbtest3  (cost=34.74..3899.60 rows=1005 width=121)
	        Recheck Cond: ((id >= 1827417) AND (id <= 1828416))
	        ->  Bitmap Index Scan on sbtest3_pkey  (cost=0.00..34.48 rows=1005 width=0)
	              Index Cond: ((id >= 1827417) AND (id <= 1828416))

table 4 : explain SELECT c FROM sbtest4 WHERE id BETWEEN 6438181 AND 6439180 ORDER BY c
	Sort  (cost=3769.66..3772.06 rows=958 width=121)
	  Sort Key: c
	  ->  Bitmap Heap Scan on sbtest4  (cost=34.25..3722.22 rows=958 width=121)
	        Recheck Cond: ((id >= 6438181) AND (id <= 6439180))
	        ->  Bitmap Index Scan on sbtest4_pkey  (cost=0.00..34.02 rows=958 width=0)
	              Index Cond: ((id >= 6438181) AND (id <= 6439180))

table 5 : explain SELECT c FROM sbtest5 WHERE id BETWEEN 3086094 AND 3087093 ORDER BY c
	Sort  (cost=4206.30..4208.98 rows=1072 width=121)
	  Sort Key: c
	  ->  Bitmap Heap Scan on sbtest5  (cost=35.42..4152.34 rows=1072 width=121)
	        Recheck Cond: ((id >= 3086094) AND (id <= 3087093))
	        ->  Bitmap Index Scan on sbtest5_pkey  (cost=0.00..35.16 rows=1072 width=0)
	              Index Cond: ((id >= 3086094) AND (id <= 3087093))

table 6 : explain SELECT c FROM sbtest6 WHERE id BETWEEN 371943 AND 372942 ORDER BY c
	Sort  (cost=4110.93..4113.55 rows=1048 width=121)
	  Sort Key: c
	  ->  Bitmap Heap Scan on sbtest6  (cost=35.18..4058.36 rows=1048 width=121)
	        Recheck Cond: ((id >= 371943) AND (id <= 372942))
	        ->  Bitmap Index Scan on sbtest6_pkey  (cost=0.00..34.92 rows=1048 width=0)
	              Index Cond: ((id >= 371943) AND (id <= 372942))

table 7 : explain SELECT c FROM sbtest7 WHERE id BETWEEN 5363182 AND 5364181 ORDER BY c
	Sort  (cost=3998.57..4001.12 rows=1018 width=121)
	  Sort Key: c
	  ->  Bitmap Heap Scan on sbtest7  (cost=34.87..3947.71 rows=1018 width=121)
	        Recheck Cond: ((id >= 5363182) AND (id <= 5364181))
	        ->  Bitmap Index Scan on sbtest7_pkey  (cost=0.00..34.62 rows=1018 width=0)
	              Index Cond: ((id >= 5363182) AND (id <= 5364181))

table 8 : explain SELECT c FROM sbtest8 WHERE id BETWEEN 1944345 AND 1945344 ORDER BY c
	Sort  (cost=3822.61..3825.04 rows=973 width=121)
	  Sort Key: c
	  ->  Bitmap Heap Scan on sbtest8  (cost=34.41..3774.32 rows=973 width=121)
	        Recheck Cond: ((id >= 1944345) AND (id <= 1945344))
	        ->  Bitmap Index Scan on sbtest8_pkey  (cost=0.00..34.17 rows=973 width=0)
	              Index Cond: ((id >= 1944345) AND (id <= 1945344))

for: distinct_ranges
table 1 : explain SELECT DISTINCT c FROM sbtest1 WHERE id BETWEEN 6101868 AND 6102867 ORDER BY c
	Unique  (cost=3816.86..3821.72 rows=971 width=121)
	  ->  Sort  (cost=3816.86..3819.29 rows=971 width=121)
	        Sort Key: c
	        ->  Bitmap Heap Scan on sbtest1  (cost=34.39..3768.69 rows=971 width=121)
	              Recheck Cond: ((id >= 6101868) AND (id <= 6102867))
	              ->  Bitmap Index Scan on sbtest1_pkey  (cost=0.00..34.15 rows=971 width=0)
	                    Index Cond: ((id >= 6101868) AND (id <= 6102867))

table 2 : explain SELECT DISTINCT c FROM sbtest2 WHERE id BETWEEN 8052164 AND 8053163 ORDER BY c
	Unique  (cost=3966.67..3971.72 rows=1011 width=121)
	  ->  Sort  (cost=3966.67..3969.20 rows=1011 width=121)
	        Sort Key: c
	        ->  Bitmap Heap Scan on sbtest2  (cost=34.80..3916.21 rows=1011 width=121)
	              Recheck Cond: ((id >= 8052164) AND (id <= 8053163))
	              ->  Bitmap Index Scan on sbtest2_pkey  (cost=0.00..34.55 rows=1011 width=0)
	                    Index Cond: ((id >= 8052164) AND (id <= 8053163))

table 3 : explain SELECT DISTINCT c FROM sbtest3 WHERE id BETWEEN 3868911 AND 3869910 ORDER BY c
	Unique  (cost=4210.17..4215.53 rows=1073 width=121)
	  ->  Sort  (cost=4210.17..4212.85 rows=1073 width=121)
	        Sort Key: c
	        ->  Bitmap Heap Scan on sbtest3  (cost=35.43..4156.15 rows=1073 width=121)
	              Recheck Cond: ((id >= 3868911) AND (id <= 3869910))
	              ->  Bitmap Index Scan on sbtest3_pkey  (cost=0.00..35.17 rows=1073 width=0)
	                    Index Cond: ((id >= 3868911) AND (id <= 3869910))

table 4 : explain SELECT DISTINCT c FROM sbtest4 WHERE id BETWEEN 2532916 AND 2533915 ORDER BY c
	Unique  (cost=3731.26..3736.00 rows=948 width=121)
	  ->  Sort  (cost=3731.26..3733.63 rows=948 width=121)
	        Sort Key: c
	        ->  Bitmap Heap Scan on sbtest4  (cost=34.15..3684.39 rows=948 width=121)
	              Recheck Cond: ((id >= 2532916) AND (id <= 2533915))
	              ->  Bitmap Index Scan on sbtest4_pkey  (cost=0.00..33.92 rows=948 width=0)
	                    Index Cond: ((id >= 2532916) AND (id <= 2533915))

table 5 : explain SELECT DISTINCT c FROM sbtest5 WHERE id BETWEEN 2936827 AND 2937826 ORDER BY c
	Unique  (cost=3677.17..3681.84 rows=934 width=121)
	  ->  Sort  (cost=3677.17..3679.51 rows=934 width=121)
	        Sort Key: c
	        ->  Bitmap Heap Scan on sbtest5  (cost=34.01..3631.09 rows=934 width=121)
	              Recheck Cond: ((id >= 2936827) AND (id <= 2937826))
	              ->  Bitmap Index Scan on sbtest5_pkey  (cost=0.00..33.78 rows=934 width=0)
	                    Index Cond: ((id >= 2936827) AND (id <= 2937826))

table 6 : explain SELECT DISTINCT c FROM sbtest6 WHERE id BETWEEN 2594901 AND 2595900 ORDER BY c
	Unique  (cost=3839.13..3844.02 rows=977 width=121)
	  ->  Sort  (cost=3839.13..3841.57 rows=977 width=121)
	        Sort Key: c
	        ->  Bitmap Heap Scan on sbtest6  (cost=34.45..3790.61 rows=977 width=121)
	              Recheck Cond: ((id >= 2594901) AND (id <= 2595900))
	              ->  Bitmap Index Scan on sbtest6_pkey  (cost=0.00..34.20 rows=977 width=0)
	                    Index Cond: ((id >= 2594901) AND (id <= 2595900))

table 7 : explain SELECT DISTINCT c FROM sbtest7 WHERE id BETWEEN 6558323 AND 6559322 ORDER BY c
	Unique  (cost=3872.08..3877.01 rows=985 width=121)
	  ->  Sort  (cost=3872.08..3874.55 rows=985 width=121)
	        Sort Key: c
	        ->  Bitmap Heap Scan on sbtest7  (cost=34.53..3823.11 rows=985 width=121)
	              Recheck Cond: ((id >= 6558323) AND (id <= 6559322))
	              ->  Bitmap Index Scan on sbtest7_pkey  (cost=0.00..34.29 rows=985 width=0)
	                    Index Cond: ((id >= 6558323) AND (id <= 6559322))

table 8 : explain SELECT DISTINCT c FROM sbtest8 WHERE id BETWEEN 2262744 AND 2263743 ORDER BY c
	Unique  (cost=3906.86..3911.84 rows=995 width=121)
	  ->  Sort  (cost=3906.86..3909.35 rows=995 width=121)
	        Sort Key: c
	        ->  Bitmap Heap Scan on sbtest8  (cost=34.63..3857.32 rows=995 width=121)
	              Recheck Cond: ((id >= 2262744) AND (id <= 2263743))
	              ->  Bitmap Index Scan on sbtest8_pkey  (cost=0.00..34.39 rows=995 width=0)
	                    Index Cond: ((id >= 2262744) AND (id <= 2263743))

for: order_ranges
table 1 : explain SELECT c FROM sbtest1 WHERE id BETWEEN 605746 AND 606745 ORDER BY c
	Sort  (cost=4027.57..4030.13 rows=1026 width=121)
	  Sort Key: c
	  ->  Bitmap Heap Scan on sbtest1  (cost=34.95..3976.25 rows=1026 width=121)
	        Recheck Cond: ((id >= 605746) AND (id <= 606745))
	        ->  Bitmap Index Scan on sbtest1_pkey  (cost=0.00..34.70 rows=1026 width=0)
	              Index Cond: ((id >= 605746) AND (id <= 606745))

table 2 : explain SELECT c FROM sbtest2 WHERE id BETWEEN 5142818 AND 5143817 ORDER BY c
	Sort  (cost=3928.42..3930.92 rows=1001 width=121)
	  Sort Key: c
	  ->  Bitmap Heap Scan on sbtest2  (cost=34.70..3878.53 rows=1001 width=121)
	        Recheck Cond: ((id >= 5142818) AND (id <= 5143817))
	        ->  Bitmap Index Scan on sbtest2_pkey  (cost=0.00..34.45 rows=1001 width=0)
	              Index Cond: ((id >= 5142818) AND (id <= 5143817))

table 3 : explain SELECT c FROM sbtest3 WHERE id BETWEEN 2900164 AND 2901163 ORDER BY c
	Sort  (cost=3926.71..3929.21 rows=999 width=121)
	  Sort Key: c
	  ->  Bitmap Heap Scan on sbtest3  (cost=34.67..3876.94 rows=999 width=121)
	        Recheck Cond: ((id >= 2900164) AND (id <= 2901163))
	        ->  Bitmap Index Scan on sbtest3_pkey  (cost=0.00..34.43 rows=999 width=0)
	              Index Cond: ((id >= 2900164) AND (id <= 2901163))

table 4 : explain SELECT c FROM sbtest4 WHERE id BETWEEN 5397112 AND 5398111 ORDER BY c
	Sort  (cost=4130.10..4132.73 rows=1052 width=121)
	  Sort Key: c
	  ->  Bitmap Heap Scan on sbtest4  (cost=35.22..4077.30 rows=1052 width=121)
	        Recheck Cond: ((id >= 5397112) AND (id <= 5398111))
	        ->  Bitmap Index Scan on sbtest4_pkey  (cost=0.00..34.95 rows=1052 width=0)
	              Index Cond: ((id >= 5397112) AND (id <= 5398111))

table 5 : explain SELECT c FROM sbtest5 WHERE id BETWEEN 6718058 AND 6719057 ORDER BY c
	Sort  (cost=3715.59..3717.95 rows=944 width=121)
	  Sort Key: c
	  ->  Bitmap Heap Scan on sbtest5  (cost=34.11..3668.94 rows=944 width=121)
	        Recheck Cond: ((id >= 6718058) AND (id <= 6719057))
	        ->  Bitmap Index Scan on sbtest5_pkey  (cost=0.00..33.88 rows=944 width=0)
	              Index Cond: ((id >= 6718058) AND (id <= 6719057))

table 6 : explain SELECT c FROM sbtest6 WHERE id BETWEEN 1977469 AND 1978468 ORDER BY c
	Sort  (cost=3931.07..3933.58 rows=1001 width=121)
	  Sort Key: c
	  ->  Bitmap Heap Scan on sbtest6  (cost=34.70..3881.19 rows=1001 width=121)
	        Recheck Cond: ((id >= 1977469) AND (id <= 1978468))
	        ->  Bitmap Index Scan on sbtest6_pkey  (cost=0.00..34.45 rows=1001 width=0)
	              Index Cond: ((id >= 1977469) AND (id <= 1978468))

table 7 : explain SELECT c FROM sbtest7 WHERE id BETWEEN 8448230 AND 8449229 ORDER BY c
	Sort  (cost=4396.56..4399.36 rows=1121 width=121)
	  Sort Key: c
	  ->  Bitmap Heap Scan on sbtest7  (cost=39.93..4339.78 rows=1121 width=121)
	        Recheck Cond: ((id >= 8448230) AND (id <= 8449229))
	        ->  Bitmap Index Scan on sbtest7_pkey  (cost=0.00..39.65 rows=1121 width=0)
	              Index Cond: ((id >= 8448230) AND (id <= 8449229))

table 8 : explain SELECT c FROM sbtest8 WHERE id BETWEEN 1855740 AND 1856739 ORDER BY c
	Sort  (cost=3822.61..3825.04 rows=973 width=121)
	  Sort Key: c
	  ->  Bitmap Heap Scan on sbtest8  (cost=34.41..3774.32 rows=973 width=121)
	        Recheck Cond: ((id >= 1855740) AND (id <= 1856739))
	        ->  Bitmap Index Scan on sbtest8_pkey  (cost=0.00..34.17 rows=973 width=0)
	              Index Cond: ((id >= 1855740) AND (id <= 1856739))

for: order_ranges
table 1 : explain SELECT c FROM sbtest1 WHERE id BETWEEN 2735965 AND 2736964 ORDER BY c
	Sort  (cost=3847.53..3849.98 rows=979 width=121)
	  Sort Key: c
	  ->  Bitmap Heap Scan on sbtest1  (cost=34.47..3798.90 rows=979 width=121)
	        Recheck Cond: ((id >= 2735965) AND (id <= 2736964))
	        ->  Bitmap Index Scan on sbtest1_pkey  (cost=0.00..34.23 rows=979 width=0)
	              Index Cond: ((id >= 2735965) AND (id <= 2736964))

table 2 : explain SELECT c FROM sbtest2 WHERE id BETWEEN 1662096 AND 1663095 ORDER BY c
	Sort  (cost=4046.95..4049.53 rows=1032 width=121)
	  Sort Key: c
	  ->  Bitmap Heap Scan on sbtest2  (cost=35.01..3995.29 rows=1032 width=121)
	        Recheck Cond: ((id >= 1662096) AND (id <= 1663095))
	        ->  Bitmap Index Scan on sbtest2_pkey  (cost=0.00..34.76 rows=1032 width=0)
	              Index Cond: ((id >= 1662096) AND (id <= 1663095))

table 3 : explain SELECT c FROM sbtest3 WHERE id BETWEEN 2605336 AND 2606335 ORDER BY c
	Sort  (cost=3746.35..3748.73 rows=952 width=121)
	  Sort Key: c
	  ->  Bitmap Heap Scan on sbtest3  (cost=34.19..3699.25 rows=952 width=121)
	        Recheck Cond: ((id >= 2605336) AND (id <= 2606335))
	        ->  Bitmap Index Scan on sbtest3_pkey  (cost=0.00..33.95 rows=952 width=0)
	              Index Cond: ((id >= 2605336) AND (id <= 2606335))

table 4 : explain SELECT c FROM sbtest4 WHERE id BETWEEN 7551691 AND 7552690 ORDER BY c
	Sort  (cost=4233.45..4236.15 rows=1079 width=121)
	  Sort Key: c
	  ->  Bitmap Heap Scan on sbtest4  (cost=35.49..4179.09 rows=1079 width=121)
	        Recheck Cond: ((id >= 7551691) AND (id <= 7552690))
	        ->  Bitmap Index Scan on sbtest4_pkey  (cost=0.00..35.23 rows=1079 width=0)
	              Index Cond: ((id >= 7551691) AND (id <= 7552690))

table 5 : explain SELECT c FROM sbtest5 WHERE id BETWEEN 301768 AND 302767 ORDER BY c
	Sort  (cost=3869.14..3871.60 rows=984 width=121)
	  Sort Key: c
	  ->  Bitmap Heap Scan on sbtest5  (cost=34.52..3820.22 rows=984 width=121)
	        Recheck Cond: ((id >= 301768) AND (id <= 302767))
	        ->  Bitmap Index Scan on sbtest5_pkey  (cost=0.00..34.28 rows=984 width=0)
	              Index Cond: ((id >= 301768) AND (id <= 302767))

table 6 : explain SELECT c FROM sbtest6 WHERE id BETWEEN 483741 AND 484740 ORDER BY c
	Sort  (cost=4026.77..4029.34 rows=1026 width=121)
	  Sort Key: c
	  ->  Bitmap Heap Scan on sbtest6  (cost=34.95..3975.46 rows=1026 width=121)
	        Recheck Cond: ((id >= 483741) AND (id <= 484740))
	        ->  Bitmap Index Scan on sbtest6_pkey  (cost=0.00..34.70 rows=1026 width=0)
	              Index Cond: ((id >= 483741) AND (id <= 484740))

table 7 : explain SELECT c FROM sbtest7 WHERE id BETWEEN 1260213 AND 1261212 ORDER BY c
	Sort  (cost=3944.92..3947.43 rows=1004 width=121)
	  Sort Key: c
	  ->  Bitmap Heap Scan on sbtest7  (cost=34.73..3894.87 rows=1004 width=121)
	        Recheck Cond: ((id >= 1260213) AND (id <= 1261212))
	        ->  Bitmap Index Scan on sbtest7_pkey  (cost=0.00..34.48 rows=1004 width=0)
	              Index Cond: ((id >= 1260213) AND (id <= 1261212))

table 8 : explain SELECT c FROM sbtest8 WHERE id BETWEEN 2976936 AND 2977935 ORDER BY c
	Sort  (cost=3837.93..3840.38 rows=977 width=121)
	  Sort Key: c
	  ->  Bitmap Heap Scan on sbtest8  (cost=34.45..3789.42 rows=977 width=121)
	        Recheck Cond: ((id >= 2976936) AND (id <= 2977935))
	        ->  Bitmap Index Scan on sbtest8_pkey  (cost=0.00..34.20 rows=977 width=0)
	              Index Cond: ((id >= 2976936) AND (id <= 2977935))

for: distinct_ranges
table 1 : explain SELECT DISTINCT c FROM sbtest1 WHERE id BETWEEN 5758204 AND 5759203 ORDER BY c
	Unique  (cost=4306.86..4312.35 rows=1098 width=121)
	  ->  Sort  (cost=4306.86..4309.61 rows=1098 width=121)
	        Sort Key: c
	        ->  Bitmap Heap Scan on sbtest1  (cost=39.69..4251.41 rows=1098 width=121)
	              Recheck Cond: ((id >= 5758204) AND (id <= 5759203))
	              ->  Bitmap Index Scan on sbtest1_pkey  (cost=0.00..39.42 rows=1098 width=0)
	                    Index Cond: ((id >= 5758204) AND (id <= 5759203))

table 2 : explain SELECT DISTINCT c FROM sbtest2 WHERE id BETWEEN 2119483 AND 2120482 ORDER BY c
	Unique  (cost=3583.62..3588.18 rows=911 width=121)
	  ->  Sort  (cost=3583.62..3585.90 rows=911 width=121)
	        Sort Key: c
	        ->  Bitmap Heap Scan on sbtest2  (cost=33.77..3538.84 rows=911 width=121)
	              Recheck Cond: ((id >= 2119483) AND (id <= 2120482))
	              ->  Bitmap Index Scan on sbtest2_pkey  (cost=0.00..33.55 rows=911 width=0)
	                    Index Cond: ((id >= 2119483) AND (id <= 2120482))

table 3 : explain SELECT DISTINCT c FROM sbtest3 WHERE id BETWEEN 4775450 AND 4776449 ORDER BY c
	Unique  (cost=3899.87..3904.83 rows=992 width=121)
	  ->  Sort  (cost=3899.87..3902.35 rows=992 width=121)
	        Sort Key: c
	        ->  Bitmap Heap Scan on sbtest3  (cost=34.60..3850.49 rows=992 width=121)
	              Recheck Cond: ((id >= 4775450) AND (id <= 4776449))
	              ->  Bitmap Index Scan on sbtest3_pkey  (cost=0.00..34.36 rows=992 width=0)
	                    Index Cond: ((id >= 4775450) AND (id <= 4776449))

table 4 : explain SELECT DISTINCT c FROM sbtest4 WHERE id BETWEEN 6977175 AND 6978174 ORDER BY c
	Unique  (cost=4045.84..4050.99 rows=1030 width=121)
	  ->  Sort  (cost=4045.84..4048.41 rows=1030 width=121)
	        Sort Key: c
	        ->  Bitmap Heap Scan on sbtest4  (cost=34.99..3994.29 rows=1030 width=121)
	              Recheck Cond: ((id >= 6977175) AND (id <= 6978174))
	              ->  Bitmap Index Scan on sbtest4_pkey  (cost=0.00..34.73 rows=1030 width=0)
	                    Index Cond: ((id >= 6977175) AND (id <= 6978174))

table 5 : explain SELECT DISTINCT c FROM sbtest5 WHERE id BETWEEN 1997001 AND 1998000 ORDER BY c
	Unique  (cost=3872.98..3877.90 rows=985 width=121)
	  ->  Sort  (cost=3872.98..3875.44 rows=985 width=121)
	        Sort Key: c
	        ->  Bitmap Heap Scan on sbtest5  (cost=34.53..3824.00 rows=985 width=121)
	              Recheck Cond: ((id >= 1997001) AND (id <= 1998000))
	              ->  Bitmap Index Scan on sbtest5_pkey  (cost=0.00..34.29 rows=985 width=0)
	                    Index Cond: ((id >= 1997001) AND (id <= 1998000))

table 6 : explain SELECT DISTINCT c FROM sbtest6 WHERE id BETWEEN 3669237 AND 3670236 ORDER BY c
	Unique  (cost=3946.39..3951.42 rows=1005 width=121)
	  ->  Sort  (cost=3946.39..3948.90 rows=1005 width=121)
	        Sort Key: c
	        ->  Bitmap Heap Scan on sbtest6  (cost=34.74..3896.28 rows=1005 width=121)
	              Recheck Cond: ((id >= 3669237) AND (id <= 3670236))
	              ->  Bitmap Index Scan on sbtest6_pkey  (cost=0.00..34.48 rows=1005 width=0)
	                    Index Cond: ((id >= 3669237) AND (id <= 3670236))

table 7 : explain SELECT DISTINCT c FROM sbtest7 WHERE id BETWEEN 5599031 AND 5600030 ORDER BY c
	Unique  (cost=4331.62..4337.14 rows=1104 width=121)
	  ->  Sort  (cost=4331.62..4334.38 rows=1104 width=121)
	        Sort Key: c
	        ->  Bitmap Heap Scan on sbtest7  (cost=39.75..4275.82 rows=1104 width=121)
	              Recheck Cond: ((id >= 5599031) AND (id <= 5600030))
	              ->  Bitmap Index Scan on sbtest7_pkey  (cost=0.00..39.48 rows=1104 width=0)
	                    Index Cond: ((id >= 5599031) AND (id <= 5600030))

table 8 : explain SELECT DISTINCT c FROM sbtest8 WHERE id BETWEEN 2549593 AND 2550592 ORDER BY c
	Unique  (cost=4044.61..4049.76 rows=1031 width=121)
	  ->  Sort  (cost=4044.61..4047.19 rows=1031 width=121)
	        Sort Key: c
	        ->  Bitmap Heap Scan on sbtest8  (cost=35.00..3993.01 rows=1031 width=121)
	              Recheck Cond: ((id >= 2549593) AND (id <= 2550592))
	              ->  Bitmap Index Scan on sbtest8_pkey  (cost=0.00..34.75 rows=1031 width=0)
	                    Index Cond: ((id >= 2549593) AND (id <= 2550592))

for: distinct_ranges
table 1 : explain SELECT DISTINCT c FROM sbtest1 WHERE id BETWEEN 458543 AND 459542 ORDER BY c
	Unique  (cost=3996.94..4002.03 rows=1018 width=121)
	  ->  Sort  (cost=3996.94..3999.49 rows=1018 width=121)
	        Sort Key: c
	        ->  Bitmap Heap Scan on sbtest1  (cost=34.87..3946.08 rows=1018 width=121)
	              Recheck Cond: ((id >= 458543) AND (id <= 459542))
	              ->  Bitmap Index Scan on sbtest1_pkey  (cost=0.00..34.62 rows=1018 width=0)
	                    Index Cond: ((id >= 458543) AND (id <= 459542))

table 2 : explain SELECT DISTINCT c FROM sbtest2 WHERE id BETWEEN 961815 AND 962814 ORDER BY c
	Unique  (cost=4455.49..4461.18 rows=1139 width=121)
	  ->  Sort  (cost=4455.49..4458.33 rows=1139 width=121)
	        Sort Key: c
	        ->  Bitmap Heap Scan on sbtest2  (cost=40.11..4397.66 rows=1139 width=121)
	              Recheck Cond: ((id >= 961815) AND (id <= 962814))
	              ->  Bitmap Index Scan on sbtest2_pkey  (cost=0.00..39.83 rows=1139 width=0)
	                    Index Cond: ((id >= 961815) AND (id <= 962814))

table 3 : explain SELECT DISTINCT c FROM sbtest3 WHERE id BETWEEN 4634587 AND 4635586 ORDER BY c
	Unique  (cost=4091.50..4096.71 rows=1042 width=121)
	  ->  Sort  (cost=4091.50..4094.10 rows=1042 width=121)
	        Sort Key: c
	        ->  Bitmap Heap Scan on sbtest3  (cost=35.12..4039.27 rows=1042 width=121)
	              Recheck Cond: ((id >= 4634587) AND (id <= 4635586))
	              ->  Bitmap Index Scan on sbtest3_pkey  (cost=0.00..34.86 rows=1042 width=0)
	                    Index Cond: ((id >= 4634587) AND (id <= 4635586))

table 4 : explain SELECT DISTINCT c FROM sbtest4 WHERE id BETWEEN 4976813 AND 4977812 ORDER BY c
	Unique  (cost=3896.32..3901.27 rows=991 width=121)
	  ->  Sort  (cost=3896.32..3898.80 rows=991 width=121)
	        Sort Key: c
	        ->  Bitmap Heap Scan on sbtest4  (cost=34.59..3847.00 rows=991 width=121)
	              Recheck Cond: ((id >= 4976813) AND (id <= 4977812))
	              ->  Bitmap Index Scan on sbtest4_pkey  (cost=0.00..34.34 rows=991 width=0)
	                    Index Cond: ((id >= 4976813) AND (id <= 4977812))

table 5 : explain SELECT DISTINCT c FROM sbtest5 WHERE id BETWEEN 7825546 AND 7826545 ORDER BY c
	Unique  (cost=3519.38..3523.85 rows=894 width=121)
	  ->  Sort  (cost=3519.38..3521.62 rows=894 width=121)
	        Sort Key: c
	        ->  Bitmap Heap Scan on sbtest5  (cost=29.60..3475.56 rows=894 width=121)
	              Recheck Cond: ((id >= 7825546) AND (id <= 7826545))
	              ->  Bitmap Index Scan on sbtest5_pkey  (cost=0.00..29.37 rows=894 width=0)
	                    Index Cond: ((id >= 7825546) AND (id <= 7826545))

table 6 : explain SELECT DISTINCT c FROM sbtest6 WHERE id BETWEEN 7616090 AND 7617089 ORDER BY c
	Unique  (cost=3984.68..3989.75 rows=1015 width=121)
	  ->  Sort  (cost=3984.68..3987.21 rows=1015 width=121)
	        Sort Key: c
	        ->  Bitmap Heap Scan on sbtest6  (cost=34.84..3933.99 rows=1015 width=121)
	              Recheck Cond: ((id >= 7616090) AND (id <= 7617089))
	              ->  Bitmap Index Scan on sbtest6_pkey  (cost=0.00..34.59 rows=1015 width=0)
	                    Index Cond: ((id >= 7616090) AND (id <= 7617089))

table 7 : explain SELECT DISTINCT c FROM sbtest7 WHERE id BETWEEN 2906906 AND 2907905 ORDER BY c
	Unique  (cost=3741.63..3746.38 rows=951 width=121)
	  ->  Sort  (cost=3741.63..3744.00 rows=951 width=121)
	        Sort Key: c
	        ->  Bitmap Heap Scan on sbtest7  (cost=34.18..3694.58 rows=951 width=121)
	              Recheck Cond: ((id >= 2906906) AND (id <= 2907905))
	              ->  Bitmap Index Scan on sbtest7_pkey  (cost=0.00..33.95 rows=951 width=0)
	                    Index Cond: ((id >= 2906906) AND (id <= 2907905))

table 8 : explain SELECT DISTINCT c FROM sbtest8 WHERE id BETWEEN 7589395 AND 7590394 ORDER BY c
	Unique  (cost=4056.08..4061.25 rows=1034 width=121)
	  ->  Sort  (cost=4056.08..4058.66 rows=1034 width=121)
	        Sort Key: c
	        ->  Bitmap Heap Scan on sbtest8  (cost=35.03..4004.31 rows=1034 width=121)
	              Recheck Cond: ((id >= 7589395) AND (id <= 7590394))
	              ->  Bitmap Index Scan on sbtest8_pkey  (cost=0.00..34.78 rows=1034 width=0)
	                    Index Cond: ((id >= 7589395) AND (id <= 7590394))

for: distinct_ranges
table 1 : explain SELECT DISTINCT c FROM sbtest1 WHERE id BETWEEN 3869318 AND 3870317 ORDER BY c
	Unique  (cost=4100.27..4105.50 rows=1045 width=121)
	  ->  Sort  (cost=4100.27..4102.88 rows=1045 width=121)
	        Sort Key: c
	        ->  Bitmap Heap Scan on sbtest1  (cost=35.15..4047.87 rows=1045 width=121)
	              Recheck Cond: ((id >= 3869318) AND (id <= 3870317))
	              ->  Bitmap Index Scan on sbtest1_pkey  (cost=0.00..34.89 rows=1045 width=0)
	                    Index Cond: ((id >= 3869318) AND (id <= 3870317))

table 2 : explain SELECT DISTINCT c FROM sbtest2 WHERE id BETWEEN 3643666 AND 3644665 ORDER BY c
	Unique  (cost=3790.62..3795.45 rows=965 width=121)
	  ->  Sort  (cost=3790.62..3793.03 rows=965 width=121)
	        Sort Key: c
	        ->  Bitmap Heap Scan on sbtest2  (cost=34.33..3742.78 rows=965 width=121)
	              Recheck Cond: ((id >= 3643666) AND (id <= 3644665))
	              ->  Bitmap Index Scan on sbtest2_pkey  (cost=0.00..34.09 rows=965 width=0)
	                    Index Cond: ((id >= 3643666) AND (id <= 3644665))

table 3 : explain SELECT DISTINCT c FROM sbtest3 WHERE id BETWEEN 7881659 AND 7882658 ORDER BY c
	Unique  (cost=3953.55..3958.58 rows=1006 width=121)
	  ->  Sort  (cost=3953.55..3956.07 rows=1006 width=121)
	        Sort Key: c
	        ->  Bitmap Heap Scan on sbtest3  (cost=34.75..3903.38 rows=1006 width=121)
	              Recheck Cond: ((id >= 7881659) AND (id <= 7882658))
	              ->  Bitmap Index Scan on sbtest3_pkey  (cost=0.00..34.50 rows=1006 width=0)
	                    Index Cond: ((id >= 7881659) AND (id <= 7882658))

table 4 : explain SELECT DISTINCT c FROM sbtest4 WHERE id BETWEEN 6710572 AND 6711571 ORDER BY c
	Unique  (cost=3869.46..3874.38 rows=984 width=121)
	  ->  Sort  (cost=3869.46..3871.92 rows=984 width=121)
	        Sort Key: c
	        ->  Bitmap Heap Scan on sbtest4  (cost=34.52..3820.55 rows=984 width=121)
	              Recheck Cond: ((id >= 6710572) AND (id <= 6711571))
	              ->  Bitmap Index Scan on sbtest4_pkey  (cost=0.00..34.28 rows=984 width=0)
	                    Index Cond: ((id >= 6710572) AND (id <= 6711571))

table 5 : explain SELECT DISTINCT c FROM sbtest5 WHERE id BETWEEN 8621766 AND 8622765 ORDER BY c
	Unique  (cost=3968.85..3973.90 rows=1010 width=121)
	  ->  Sort  (cost=3968.85..3971.37 rows=1010 width=121)
	        Sort Key: c
	        ->  Bitmap Heap Scan on sbtest5  (cost=34.79..3918.45 rows=1010 width=121)
	              Recheck Cond: ((id >= 8621766) AND (id <= 8622765))
	              ->  Bitmap Index Scan on sbtest5_pkey  (cost=0.00..34.54 rows=1010 width=0)
	                    Index Cond: ((id >= 8621766) AND (id <= 8622765))

table 6 : explain SELECT DISTINCT c FROM sbtest6 WHERE id BETWEEN 1464291 AND 1465290 ORDER BY c
	Unique  (cost=4026.77..4031.90 rows=1026 width=121)
	  ->  Sort  (cost=4026.77..4029.34 rows=1026 width=121)
	        Sort Key: c
	        ->  Bitmap Heap Scan on sbtest6  (cost=34.95..3975.46 rows=1026 width=121)
	              Recheck Cond: ((id >= 1464291) AND (id <= 1465290))
	              ->  Bitmap Index Scan on sbtest6_pkey  (cost=0.00..34.70 rows=1026 width=0)
	                    Index Cond: ((id >= 1464291) AND (id <= 1465290))

table 7 : explain SELECT DISTINCT c FROM sbtest7 WHERE id BETWEEN 5738130 AND 5739129 ORDER BY c
	Unique  (cost=3491.68..3496.12 rows=887 width=121)
	  ->  Sort  (cost=3491.68..3493.90 rows=887 width=121)
	        Sort Key: c
	        ->  Bitmap Heap Scan on sbtest7  (cost=29.53..3448.25 rows=887 width=121)
	              Recheck Cond: ((id >= 5738130) AND (id <= 5739129))
	              ->  Bitmap Index Scan on sbtest7_pkey  (cost=0.00..29.30 rows=887 width=0)
	                    Index Cond: ((id >= 5738130) AND (id <= 5739129))

table 8 : explain SELECT DISTINCT c FROM sbtest8 WHERE id BETWEEN 9310384 AND 9311383 ORDER BY c
	Unique  (cost=3788.13..3792.95 rows=964 width=121)
	  ->  Sort  (cost=3788.13..3790.54 rows=964 width=121)
	        Sort Key: c
	        ->  Bitmap Heap Scan on sbtest8  (cost=34.32..3740.35 rows=964 width=121)
	              Recheck Cond: ((id >= 9310384) AND (id <= 9311383))
	              ->  Bitmap Index Scan on sbtest8_pkey  (cost=0.00..34.08 rows=964 width=0)
	                    Index Cond: ((id >= 9310384) AND (id <= 9311383))

for: distinct_ranges
table 1 : explain SELECT DISTINCT c FROM sbtest1 WHERE id BETWEEN 8676725 AND 8677724 ORDER BY c
	Unique  (cost=3782.35..3787.16 rows=962 width=121)
	  ->  Sort  (cost=3782.35..3784.76 rows=962 width=121)
	        Sort Key: c
	        ->  Bitmap Heap Scan on sbtest1  (cost=34.30..3734.68 rows=962 width=121)
	              Recheck Cond: ((id >= 8676725) AND (id <= 8677724))
	              ->  Bitmap Index Scan on sbtest1_pkey  (cost=0.00..34.06 rows=962 width=0)
	                    Index Cond: ((id >= 8676725) AND (id <= 8677724))

table 2 : explain SELECT DISTINCT c FROM sbtest2 WHERE id BETWEEN 5627083 AND 5628082 ORDER BY c
	Unique  (cost=3920.77..3925.76 rows=999 width=121)
	  ->  Sort  (cost=3920.77..3923.27 rows=999 width=121)
	        Sort Key: c
	        ->  Bitmap Heap Scan on sbtest2  (cost=34.67..3871.00 rows=999 width=121)
	              Recheck Cond: ((id >= 5627083) AND (id <= 5628082))
	              ->  Bitmap Index Scan on sbtest2_pkey  (cost=0.00..34.43 rows=999 width=0)
	                    Index Cond: ((id >= 5627083) AND (id <= 5628082))

table 3 : explain SELECT DISTINCT c FROM sbtest3 WHERE id BETWEEN 9710487 AND 9711486 ORDER BY c
	Unique  (cost=3380.83..3385.12 rows=858 width=121)
	  ->  Sort  (cost=3380.83..3382.98 rows=858 width=121)
	        Sort Key: c
	        ->  Bitmap Heap Scan on sbtest3  (cost=29.23..3339.02 rows=858 width=121)
	              Recheck Cond: ((id >= 9710487) AND (id <= 9711486))
	              ->  Bitmap Index Scan on sbtest3_pkey  (cost=0.00..29.01 rows=858 width=0)
	                    Index Cond: ((id >= 9710487) AND (id <= 9711486))

table 4 : explain SELECT DISTINCT c FROM sbtest4 WHERE id BETWEEN 2996680 AND 2997679 ORDER BY c
	Unique  (cost=4462.99..4468.68 rows=1138 width=121)
	  ->  Sort  (cost=4462.99..4465.83 rows=1138 width=121)
	        Sort Key: c
	        ->  Bitmap Heap Scan on sbtest4  (cost=40.10..4405.22 rows=1138 width=121)
	              Recheck Cond: ((id >= 2996680) AND (id <= 2997679))
	              ->  Bitmap Index Scan on sbtest4_pkey  (cost=0.00..39.82 rows=1138 width=0)
	                    Index Cond: ((id >= 2996680) AND (id <= 2997679))

table 5 : explain SELECT DISTINCT c FROM sbtest5 WHERE id BETWEEN 3488637 AND 3489636 ORDER BY c
	Unique  (cost=4122.09..4127.34 rows=1050 width=121)
	  ->  Sort  (cost=4122.09..4124.72 rows=1050 width=121)
	        Sort Key: c
	        ->  Bitmap Heap Scan on sbtest5  (cost=35.20..4069.40 rows=1050 width=121)
	              Recheck Cond: ((id >= 3488637) AND (id <= 3489636))
	              ->  Bitmap Index Scan on sbtest5_pkey  (cost=0.00..34.94 rows=1050 width=0)
	                    Index Cond: ((id >= 3488637) AND (id <= 3489636))

table 6 : explain SELECT DISTINCT c FROM sbtest6 WHERE id BETWEEN 7851749 AND 7852748 ORDER BY c
	Unique  (cost=3973.19..3978.25 rows=1012 width=121)
	  ->  Sort  (cost=3973.19..3975.72 rows=1012 width=121)
	        Sort Key: c
	        ->  Bitmap Heap Scan on sbtest6  (cost=34.81..3922.68 rows=1012 width=121)
	              Recheck Cond: ((id >= 7851749) AND (id <= 7852748))
	              ->  Bitmap Index Scan on sbtest6_pkey  (cost=0.00..34.56 rows=1012 width=0)
	                    Index Cond: ((id >= 7851749) AND (id <= 7852748))

table 7 : explain SELECT DISTINCT c FROM sbtest7 WHERE id BETWEEN 5391655 AND 5392654 ORDER BY c
	Unique  (cost=3998.57..4003.66 rows=1018 width=121)
	  ->  Sort  (cost=3998.57..4001.12 rows=1018 width=121)
	        Sort Key: c
	        ->  Bitmap Heap Scan on sbtest7  (cost=34.87..3947.71 rows=1018 width=121)
	              Recheck Cond: ((id >= 5391655) AND (id <= 5392654))
	              ->  Bitmap Index Scan on sbtest7_pkey  (cost=0.00..34.62 rows=1018 width=0)
	                    Index Cond: ((id >= 5391655) AND (id <= 5392654))

table 8 : explain SELECT DISTINCT c FROM sbtest8 WHERE id BETWEEN 2058298 AND 2059297 ORDER BY c
	Unique  (cost=3975.76..3980.82 rows=1013 width=121)
	  ->  Sort  (cost=3975.76..3978.29 rows=1013 width=121)
	        Sort Key: c
	        ->  Bitmap Heap Scan on sbtest8  (cost=34.82..3925.18 rows=1013 width=121)
	              Recheck Cond: ((id >= 2058298) AND (id <= 2059297))
	              ->  Bitmap Index Scan on sbtest8_pkey  (cost=0.00..34.57 rows=1013 width=0)
	                    Index Cond: ((id >= 2058298) AND (id <= 2059297))

for: order_ranges
table 1 : explain SELECT c FROM sbtest1 WHERE id BETWEEN 7898586 AND 7899585 ORDER BY c
	Sort  (cost=3943.33..3945.84 rows=1004 width=121)
	  Sort Key: c
	  ->  Bitmap Heap Scan on sbtest1  (cost=34.73..3893.27 rows=1004 width=121)
	        Recheck Cond: ((id >= 7898586) AND (id <= 7899585))
	        ->  Bitmap Index Scan on sbtest1_pkey  (cost=0.00..34.48 rows=1004 width=0)
	              Index Cond: ((id >= 7898586) AND (id <= 7899585))

table 2 : explain SELECT c FROM sbtest2 WHERE id BETWEEN 4901760 AND 4902759 ORDER BY c
	Sort  (cost=3556.60..3558.86 rows=905 width=121)
	  Sort Key: c
	  ->  Bitmap Heap Scan on sbtest2  (cost=29.71..3512.16 rows=905 width=121)
	        Recheck Cond: ((id >= 4901760) AND (id <= 4902759))
	        ->  Bitmap Index Scan on sbtest2_pkey  (cost=0.00..29.48 rows=905 width=0)
	              Index Cond: ((id >= 4901760) AND (id <= 4902759))

table 3 : explain SELECT c FROM sbtest3 WHERE id BETWEEN 4942770 AND 4943769 ORDER BY c
	Sort  (cost=3596.49..3598.77 rows=913 width=121)
	  Sort Key: c
	  ->  Bitmap Heap Scan on sbtest3  (cost=33.79..3551.60 rows=913 width=121)
	        Recheck Cond: ((id >= 4942770) AND (id <= 4943769))
	        ->  Bitmap Index Scan on sbtest3_pkey  (cost=0.00..33.57 rows=913 width=0)
	              Index Cond: ((id >= 4942770) AND (id <= 4943769))

table 4 : explain SELECT c FROM sbtest4 WHERE id BETWEEN 7251869 AND 7252868 ORDER BY c
	Sort  (cost=3561.98..3564.24 rows=905 width=121)
	  Sort Key: c
	  ->  Bitmap Heap Scan on sbtest4  (cost=29.71..3517.53 rows=905 width=121)
	        Recheck Cond: ((id >= 7251869) AND (id <= 7252868))
	        ->  Bitmap Index Scan on sbtest4_pkey  (cost=0.00..29.48 rows=905 width=0)
	              Index Cond: ((id >= 7251869) AND (id <= 7252868))

table 5 : explain SELECT c FROM sbtest5 WHERE id BETWEEN 5148080 AND 5149079 ORDER BY c
	Sort  (cost=3976.52..3979.05 rows=1012 width=121)
	  Sort Key: c
	  ->  Bitmap Heap Scan on sbtest5  (cost=34.81..3926.00 rows=1012 width=121)
	        Recheck Cond: ((id >= 5148080) AND (id <= 5149079))
	        ->  Bitmap Index Scan on sbtest5_pkey  (cost=0.00..34.56 rows=1012 width=0)
	              Index Cond: ((id >= 5148080) AND (id <= 5149079))

table 6 : explain SELECT c FROM sbtest6 WHERE id BETWEEN 8428839 AND 8429838 ORDER BY c
	Sort  (cost=4107.11..4109.72 rows=1047 width=121)
	  Sort Key: c
	  ->  Bitmap Heap Scan on sbtest6  (cost=35.17..4054.59 rows=1047 width=121)
	        Recheck Cond: ((id >= 8428839) AND (id <= 8429838))
	        ->  Bitmap Index Scan on sbtest6_pkey  (cost=0.00..34.91 rows=1047 width=0)
	              Index Cond: ((id >= 8428839) AND (id <= 8429838))

table 7 : explain SELECT c FROM sbtest7 WHERE id BETWEEN 1268106 AND 1269105 ORDER BY c
	Sort  (cost=4216.75..4219.44 rows=1075 width=121)
	  Sort Key: c
	  ->  Bitmap Heap Scan on sbtest7  (cost=35.45..4162.63 rows=1075 width=121)
	        Recheck Cond: ((id >= 1268106) AND (id <= 1269105))
	        ->  Bitmap Index Scan on sbtest7_pkey  (cost=0.00..35.19 rows=1075 width=0)
	              Index Cond: ((id >= 1268106) AND (id <= 1269105))

table 8 : explain SELECT c FROM sbtest8 WHERE id BETWEEN 5951779 AND 5952778 ORDER BY c
	Sort  (cost=3864.74..3867.20 rows=984 width=121)
	  Sort Key: c
	  ->  Bitmap Heap Scan on sbtest8  (cost=34.52..3815.83 rows=984 width=121)
	        Recheck Cond: ((id >= 5951779) AND (id <= 5952778))
	        ->  Bitmap Index Scan on sbtest8_pkey  (cost=0.00..34.28 rows=984 width=0)
	              Index Cond: ((id >= 5951779) AND (id <= 5952778))

for: distinct_ranges
table 1 : explain SELECT DISTINCT c FROM sbtest1 WHERE id BETWEEN 7024262 AND 7025261 ORDER BY c
	Unique  (cost=4062.01..4067.19 rows=1035 width=121)
	  ->  Sort  (cost=4062.01..4064.60 rows=1035 width=121)
	        Sort Key: c
	        ->  Bitmap Heap Scan on sbtest1  (cost=35.04..4010.18 rows=1035 width=121)
	              Recheck Cond: ((id >= 7024262) AND (id <= 7025261))
	              ->  Bitmap Index Scan on sbtest1_pkey  (cost=0.00..34.79 rows=1035 width=0)
	                    Index Cond: ((id >= 7024262) AND (id <= 7025261))

table 2 : explain SELECT DISTINCT c FROM sbtest2 WHERE id BETWEEN 3989580 AND 3990579 ORDER BY c
	Unique  (cost=3786.79..3791.61 rows=964 width=121)
	  ->  Sort  (cost=3786.79..3789.20 rows=964 width=121)
	        Sort Key: c
	        ->  Bitmap Heap Scan on sbtest2  (cost=34.32..3739.01 rows=964 width=121)
	              Recheck Cond: ((id >= 3989580) AND (id <= 3990579))
	              ->  Bitmap Index Scan on sbtest2_pkey  (cost=0.00..34.08 rows=964 width=0)
	                    Index Cond: ((id >= 3989580) AND (id <= 3990579))

table 3 : explain SELECT DISTINCT c FROM sbtest3 WHERE id BETWEEN 3091891 AND 3092890 ORDER BY c
	Unique  (cost=3711.78..3716.50 rows=943 width=121)
	  ->  Sort  (cost=3711.78..3714.14 rows=943 width=121)
	        Sort Key: c
	        ->  Bitmap Heap Scan on sbtest3  (cost=34.10..3665.19 rows=943 width=121)
	              Recheck Cond: ((id >= 3091891) AND (id <= 3092890))
	              ->  Bitmap Index Scan on sbtest3_pkey  (cost=0.00..33.87 rows=943 width=0)
	                    Index Cond: ((id >= 3091891) AND (id <= 3092890))

table 4 : explain SELECT DISTINCT c FROM sbtest4 WHERE id BETWEEN 6764954 AND 6765953 ORDER BY c
	Unique  (cost=3873.30..3878.23 rows=985 width=121)
	  ->  Sort  (cost=3873.30..3875.76 rows=985 width=121)
	        Sort Key: c
	        ->  Bitmap Heap Scan on sbtest4  (cost=34.53..3824.33 rows=985 width=121)
	              Recheck Cond: ((id >= 6764954) AND (id <= 6765953))
	              ->  Bitmap Index Scan on sbtest4_pkey  (cost=0.00..34.29 rows=985 width=0)
	                    Index Cond: ((id >= 6764954) AND (id <= 6765953))

table 5 : explain SELECT DISTINCT c FROM sbtest5 WHERE id BETWEEN 8621239 AND 8622238 ORDER BY c
	Unique  (cost=3968.85..3973.90 rows=1010 width=121)
	  ->  Sort  (cost=3968.85..3971.37 rows=1010 width=121)
	        Sort Key: c
	        ->  Bitmap Heap Scan on sbtest5  (cost=34.79..3918.45 rows=1010 width=121)
	              Recheck Cond: ((id >= 8621239) AND (id <= 8622238))
	              ->  Bitmap Index Scan on sbtest5_pkey  (cost=0.00..34.54 rows=1010 width=0)
	                    Index Cond: ((id >= 8621239) AND (id <= 8622238))

table 6 : explain SELECT DISTINCT c FROM sbtest6 WHERE id BETWEEN 5023890 AND 5024889 ORDER BY c
	Unique  (cost=3731.78..3736.52 rows=949 width=121)
	  ->  Sort  (cost=3731.78..3734.15 rows=949 width=121)
	        Sort Key: c
	        ->  Bitmap Heap Scan on sbtest6  (cost=34.16..3684.85 rows=949 width=121)
	              Recheck Cond: ((id >= 5023890) AND (id <= 5024889))
	              ->  Bitmap Index Scan on sbtest6_pkey  (cost=0.00..33.93 rows=949 width=0)
	                    Index Cond: ((id >= 5023890) AND (id <= 5024889))

table 7 : explain SELECT DISTINCT c FROM sbtest7 WHERE id BETWEEN 1415395 AND 1416394 ORDER BY c
	Unique  (cost=4209.10..4214.47 rows=1073 width=121)
	  ->  Sort  (cost=4209.10..4211.79 rows=1073 width=121)
	        Sort Key: c
	        ->  Bitmap Heap Scan on sbtest7  (cost=35.43..4155.09 rows=1073 width=121)
	              Recheck Cond: ((id >= 1415395) AND (id <= 1416394))
	              ->  Bitmap Index Scan on sbtest7_pkey  (cost=0.00..35.17 rows=1073 width=0)
	                    Index Cond: ((id >= 1415395) AND (id <= 1416394))

table 8 : explain SELECT DISTINCT c FROM sbtest8 WHERE id BETWEEN 798792 AND 799791 ORDER BY c
	Unique  (cost=3964.28..3969.33 rows=1010 width=121)
	  ->  Sort  (cost=3964.28..3966.80 rows=1010 width=121)
	        Sort Key: c
	        ->  Bitmap Heap Scan on sbtest8  (cost=34.79..3913.88 rows=1010 width=121)
	              Recheck Cond: ((id >= 798792) AND (id <= 799791))
	              ->  Bitmap Index Scan on sbtest8_pkey  (cost=0.00..34.54 rows=1010 width=0)
	                    Index Cond: ((id >= 798792) AND (id <= 799791))

Threads started!

Warming up for 5 seconds...

SQL statistics:
    queries performed:
        read:                            89156409
        write:                           0
        other:                           16210288
        total:                           105366697
    transactions:                        8105164 (12865.14 per sec.)
    queries:                             105366697 (167246.14 per sec.)
    ignored errors:                      0      (0.00 per sec.)
    reconnects:                          0      (0.00 per sec.)

Throughput:
    events/s (eps):                      12865.1406
    time elapsed:                        630.0099s
    total number of events:              8105164

Latency (ms):
         min:                                    0.52
         avg:                                    3.11
         max:                                   18.86
         95th percentile:                        3.25
         sum:                             25191086.63

Threads fairness:
    events (avg/stddev):           202628.8250/363.60
    execution time (avg/stddev):   629.7772/0.00

