LUA_PATH=/home/mdcallag/git/mytools/bench/sysbench.lua/lua/?.lua /home/mdcallag/git/mytools/bench/sysbench.lua/lua/sysbench --db-driver=pgsql --range-size=100 --table-size=10000000 --tables=8 --threads=40 --events=0 --warmup-time=5 --time=630 --pgsql_conn_id=true /home/mdcallag/git/mytools/bench/sysbench.lua/lua/oltp_range_covered.lua run --pgsql-user=root --pgsql-password=pw --pgsql-host=127.0.0.1 --pgsql-db=ib --rand-type=uniform --random-points=100 --skip-trx --on-id=false
48 CPUs
sysbench 1.1.0-9072687 (using bundled LuaJIT 2.1.0-beta3)

Running the test with following options:
Number of threads: 40
Warmup time: 5s
Initializing random number generator from current time


Initializing worker threads...

explain: for range-covered :: explain SELECT k FROM sbtest%d WHERE k BETWEEN 4935823 AND 4935923
explain: for range-covered :: explain SELECT k FROM sbtest%d WHERE k BETWEEN 4346874 AND 4346974
explain: for range-covered :: explain SELECT k FROM sbtest%d WHERE k BETWEEN 3508709 AND 3508809
explain: for range-covered :: explain SELECT k FROM sbtest%d WHERE k BETWEEN 9540859 AND 9540959
explain: for range-covered :: explain SELECT k FROM sbtest%d WHERE k BETWEEN 3572783 AND 3572883
explain: for range-covered :: explain SELECT k FROM sbtest%d WHERE k BETWEEN 3927879 AND 3927979
explain: for range-covered :: explain SELECT k FROM sbtest%d WHERE k BETWEEN 4369903 AND 4370003
explain: for range-covered :: explain SELECT k FROM sbtest%d WHERE k BETWEEN 9246214 AND 9246314
explain: for range-covered :: explain SELECT k FROM sbtest%d WHERE k BETWEEN 5492559 AND 5492659
explain: for range-covered :: explain SELECT k FROM sbtest%d WHERE k BETWEEN 7795760 AND 7795860
explain: for range-covered :: explain SELECT k FROM sbtest%d WHERE k BETWEEN 5883756 AND 5883856
for range-covered
table 1 : explain SELECT k FROM sbtest1 WHERE k BETWEEN 4346874 AND 4346974
	Index Only Scan using k_1 on sbtest1  (cost=0.43..6.47 rows=102 width=4)
	  Index Cond: ((k >= 4346874) AND (k <= 4346974))

table 2 : explain SELECT k FROM sbtest2 WHERE k BETWEEN 4346874 AND 4346974
	Index Only Scan using k_2 on sbtest2  (cost=0.43..10.38 rows=97 width=4)
	  Index Cond: ((k >= 4346874) AND (k <= 4346974))

table 3 : explain SELECT k FROM sbtest3 WHERE k BETWEEN 4346874 AND 4346974
	Index Only Scan using k_3 on sbtest3  (cost=0.43..6.67 rows=112 width=4)
	  Index Cond: ((k >= 4346874) AND (k <= 4346974))

table 4 : explain SELECT k FROM sbtest4 WHERE k BETWEEN 4346874 AND 4346974
	Index Only Scan using k_4 on sbtest4  (cost=0.43..6.45 rows=101 width=4)
	  Index Cond: ((k >= 4346874) AND (k <= 4346974))

table 5 : explain SELECT k FROM sbtest5 WHERE k BETWEEN 4346874 AND 4346974
	Index Only Scan using k_5 on sbtest5  (cost=0.43..6.43 rows=100 width=4)
	  Index Cond: ((k >= 4346874) AND (k <= 4346974))

table 6 : explain SELECT k FROM sbtest6 WHERE k BETWEEN 4346874 AND 4346974
	Index Only Scan using k_6 on sbtest6  (cost=0.43..6.33 rows=95 width=4)
	  Index Cond: ((k >= 4346874) AND (k <= 4346974))

table 7 : explain SELECT k FROM sbtest7 WHERE k BETWEEN 4346874 AND 4346974
	Index Only Scan using k_7 on sbtest7  (cost=0.43..6.51 rows=104 width=4)
	  Index Cond: ((k >= 4346874) AND (k <= 4346974))

table 8 : explain SELECT k FROM sbtest8 WHERE k BETWEEN 4346874 AND 4346974
	Index Only Scan using k_8 on sbtest8  (cost=0.43..10.42 rows=99 width=4)
	  Index Cond: ((k >= 4346874) AND (k <= 4346974))

explain: for range-covered :: explain SELECT k FROM sbtest%d WHERE k BETWEEN 4346874 AND 4346974
for range-covered
table 1 : explain SELECT k FROM sbtest1 WHERE k BETWEEN 9540859 AND 9540959
	Index Only Scan using k_1 on sbtest1  (cost=0.43..6.45 rows=101 width=4)
	  Index Cond: ((k >= 9540859) AND (k <= 9540959))

table 2 : explain SELECT k FROM sbtest2 WHERE k BETWEEN 9540859 AND 9540959
	Index Only Scan using k_2 on sbtest2  (cost=0.43..10.56 rows=106 width=4)
	  Index Cond: ((k >= 9540859) AND (k <= 9540959))

table 3 : explain SELECT k FROM sbtest3 WHERE k BETWEEN 9540859 AND 9540959
	Index Only Scan using k_3 on sbtest3  (cost=0.43..6.43 rows=100 width=4)
	  Index Cond: ((k >= 9540859) AND (k <= 9540959))

table 4 : explain SELECT k FROM sbtest4 WHERE k BETWEEN 9540859 AND 9540959
	Index Only Scan using k_4 on sbtest4  (cost=0.43..6.47 rows=102 width=4)
	  Index Cond: ((k >= 9540859) AND (k <= 9540959))

table 5 : explain SELECT k FROM sbtest5 WHERE k BETWEEN 9540859 AND 9540959
	Index Only Scan using k_5 on sbtest5  (cost=0.43..6.56 rows=106 width=4)
	  Index Cond: ((k >= 9540859) AND (k <= 9540959))

table 6 : explain SELECT k FROM sbtest6 WHERE k BETWEEN 9540859 AND 9540959
	Index Only Scan using k_6 on sbtest6  (cost=0.43..6.45 rows=101 width=4)
	  Index Cond: ((k >= 9540859) AND (k <= 9540959))

table 7 : explain SELECT k FROM sbtest7 WHERE k BETWEEN 9540859 AND 9540959
	Index Only Scan using k_7 on sbtest7  (cost=0.43..6.67 rows=112 width=4)
	  Index Cond: ((k >= 9540859) AND (k <= 9540959))

table 8 : explain SELECT k FROM sbtest8 WHERE k BETWEEN 9540859 AND 9540959
	Index Only Scan using k_8 on sbtest8  (cost=0.43..10.70 rows=113 width=4)
	  Index Cond: ((k >= 9540859) AND (k <= 9540959))

for range-covered
table 1 : explain SELECT k FROM sbtest1 WHERE k BETWEEN 4935823 AND 4935923
	Index Only Scan using k_1 on sbtest1  (cost=0.43..6.37 rows=97 width=4)
	  Index Cond: ((k >= 4935823) AND (k <= 4935923))

table 2 : explain SELECT k FROM sbtest2 WHERE k BETWEEN 4935823 AND 4935923
	Index Only Scan using k_2 on sbtest2  (cost=0.43..10.44 rows=100 width=4)
	  Index Cond: ((k >= 4935823) AND (k <= 4935923))

table 3 : explain SELECT k FROM sbtest3 WHERE k BETWEEN 4935823 AND 4935923
	Index Only Scan using k_3 on sbtest3  (cost=0.43..6.33 rows=95 width=4)
	  Index Cond: ((k >= 4935823) AND (k <= 4935923))

table 4 : explain SELECT k FROM sbtest4 WHERE k BETWEEN 4935823 AND 4935923
	Index Only Scan using k_4 on sbtest4  (cost=0.43..6.33 rows=95 width=4)
	  Index Cond: ((k >= 4935823) AND (k <= 4935923))

table 5 : explain SELECT k FROM sbtest5 WHERE k BETWEEN 4935823 AND 4935923
	Index Only Scan using k_5 on sbtest5  (cost=0.43..6.75 rows=116 width=4)
	  Index Cond: ((k >= 4935823) AND (k <= 4935923))

table 6 : explain SELECT k FROM sbtest6 WHERE k BETWEEN 4935823 AND 4935923
	Index Only Scan using k_6 on sbtest6  (cost=0.43..6.45 rows=101 width=4)
	  Index Cond: ((k >= 4935823) AND (k <= 4935923))

table 7 : explain SELECT k FROM sbtest7 WHERE k BETWEEN 4935823 AND 4935923
	Index Only Scan using k_7 on sbtest7  (cost=0.43..6.50 rows=103 width=4)
	  Index Cond: ((k >= 4935823) AND (k <= 4935923))

table 8 : explain SELECT k FROM sbtest8 WHERE k BETWEEN 4935823 AND 4935923
	Index Only Scan using k_8 on sbtest8  (cost=0.43..10.38 rows=97 width=4)
	  Index Cond: ((k >= 4935823) AND (k <= 4935923))

explain: for range-covered :: explain SELECT k FROM sbtest%d WHERE k BETWEEN 4935823 AND 4935923
explain: for range-covered :: explain SELECT k FROM sbtest%d WHERE k BETWEEN 9540859 AND 9540959
for range-covered
table 1 : explain SELECT k FROM sbtest1 WHERE k BETWEEN 4346874 AND 4346974
	Index Only Scan using k_1 on sbtest1  (cost=0.43..6.47 rows=102 width=4)
	  Index Cond: ((k >= 4346874) AND (k <= 4346974))

table 2 : explain SELECT k FROM sbtest2 WHERE k BETWEEN 4346874 AND 4346974
	Index Only Scan using k_2 on sbtest2  (cost=0.43..10.38 rows=97 width=4)
	  Index Cond: ((k >= 4346874) AND (k <= 4346974))

table 3 : explain SELECT k FROM sbtest3 WHERE k BETWEEN 4346874 AND 4346974
	Index Only Scan using k_3 on sbtest3  (cost=0.43..6.67 rows=112 width=4)
	  Index Cond: ((k >= 4346874) AND (k <= 4346974))

table 4 : explain SELECT k FROM sbtest4 WHERE k BETWEEN 4346874 AND 4346974
	Index Only Scan using k_4 on sbtest4  (cost=0.43..6.45 rows=101 width=4)
	  Index Cond: ((k >= 4346874) AND (k <= 4346974))

table 5 : explain SELECT k FROM sbtest5 WHERE k BETWEEN 4346874 AND 4346974
	Index Only Scan using k_5 on sbtest5  (cost=0.43..6.43 rows=100 width=4)
	  Index Cond: ((k >= 4346874) AND (k <= 4346974))

table 6 : explain SELECT k FROM sbtest6 WHERE k BETWEEN 4346874 AND 4346974
	Index Only Scan using k_6 on sbtest6  (cost=0.43..6.33 rows=95 width=4)
	  Index Cond: ((k >= 4346874) AND (k <= 4346974))

table 7 : explain SELECT k FROM sbtest7 WHERE k BETWEEN 4346874 AND 4346974
	Index Only Scan using k_7 on sbtest7  (cost=0.43..6.51 rows=104 width=4)
	  Index Cond: ((k >= 4346874) AND (k <= 4346974))

table 8 : explain SELECT k FROM sbtest8 WHERE k BETWEEN 4346874 AND 4346974
	Index Only Scan using k_8 on sbtest8  (cost=0.43..10.42 rows=99 width=4)
	  Index Cond: ((k >= 4346874) AND (k <= 4346974))

explain: for range-covered :: explain SELECT k FROM sbtest%d WHERE k BETWEEN 4346874 AND 4346974
for range-covered
table 1 : explain SELECT k FROM sbtest1 WHERE k BETWEEN 4935823 AND 4935923
	Index Only Scan using k_1 on sbtest1  (cost=0.43..6.37 rows=97 width=4)
	  Index Cond: ((k >= 4935823) AND (k <= 4935923))

table 2 : explain SELECT k FROM sbtest2 WHERE k BETWEEN 4935823 AND 4935923
	Index Only Scan using k_2 on sbtest2  (cost=0.43..10.44 rows=100 width=4)
	  Index Cond: ((k >= 4935823) AND (k <= 4935923))

table 3 : explain SELECT k FROM sbtest3 WHERE k BETWEEN 4935823 AND 4935923
	Index Only Scan using k_3 on sbtest3  (cost=0.43..6.33 rows=95 width=4)
	  Index Cond: ((k >= 4935823) AND (k <= 4935923))

table 4 : explain SELECT k FROM sbtest4 WHERE k BETWEEN 4935823 AND 4935923
	Index Only Scan using k_4 on sbtest4  (cost=0.43..6.33 rows=95 width=4)
	  Index Cond: ((k >= 4935823) AND (k <= 4935923))

table 5 : explain SELECT k FROM sbtest5 WHERE k BETWEEN 4935823 AND 4935923
	Index Only Scan using k_5 on sbtest5  (cost=0.43..6.75 rows=116 width=4)
	  Index Cond: ((k >= 4935823) AND (k <= 4935923))

table 6 : explain SELECT k FROM sbtest6 WHERE k BETWEEN 4935823 AND 4935923
	Index Only Scan using k_6 on sbtest6  (cost=0.43..6.45 rows=101 width=4)
	  Index Cond: ((k >= 4935823) AND (k <= 4935923))

table 7 : explain SELECT k FROM sbtest7 WHERE k BETWEEN 4935823 AND 4935923
	Index Only Scan using k_7 on sbtest7  (cost=0.43..6.50 rows=103 width=4)
	  Index Cond: ((k >= 4935823) AND (k <= 4935923))

table 8 : explain SELECT k FROM sbtest8 WHERE k BETWEEN 4935823 AND 4935923
	Index Only Scan using k_8 on sbtest8  (cost=0.43..10.38 rows=97 width=4)
	  Index Cond: ((k >= 4935823) AND (k <= 4935923))

explain: for range-covered :: explain SELECT k FROM sbtest%d WHERE k BETWEEN 4935823 AND 4935923
for range-covered
table 1 : explain SELECT k FROM sbtest1 WHERE k BETWEEN 9540859 AND 9540959
	Index Only Scan using k_1 on sbtest1  (cost=0.43..6.45 rows=101 width=4)
	  Index Cond: ((k >= 9540859) AND (k <= 9540959))

table 2 : explain SELECT k FROM sbtest2 WHERE k BETWEEN 9540859 AND 9540959
	Index Only Scan using k_2 on sbtest2  (cost=0.43..10.56 rows=106 width=4)
	  Index Cond: ((k >= 9540859) AND (k <= 9540959))

table 3 : explain SELECT k FROM sbtest3 WHERE k BETWEEN 9540859 AND 9540959
	Index Only Scan using k_3 on sbtest3  (cost=0.43..6.43 rows=100 width=4)
	  Index Cond: ((k >= 9540859) AND (k <= 9540959))

table 4 : explain SELECT k FROM sbtest4 WHERE k BETWEEN 9540859 AND 9540959
	Index Only Scan using k_4 on sbtest4  (cost=0.43..6.47 rows=102 width=4)
	  Index Cond: ((k >= 9540859) AND (k <= 9540959))

table 5 : explain SELECT k FROM sbtest5 WHERE k BETWEEN 9540859 AND 9540959
	Index Only Scan using k_5 on sbtest5  (cost=0.43..6.56 rows=106 width=4)
	  Index Cond: ((k >= 9540859) AND (k <= 9540959))

table 6 : explain SELECT k FROM sbtest6 WHERE k BETWEEN 9540859 AND 9540959
	Index Only Scan using k_6 on sbtest6  (cost=0.43..6.45 rows=101 width=4)
	  Index Cond: ((k >= 9540859) AND (k <= 9540959))

table 7 : explain SELECT k FROM sbtest7 WHERE k BETWEEN 9540859 AND 9540959
	Index Only Scan using k_7 on sbtest7  (cost=0.43..6.67 rows=112 width=4)
	  Index Cond: ((k >= 9540859) AND (k <= 9540959))

table 8 : explain SELECT k FROM sbtest8 WHERE k BETWEEN 9540859 AND 9540959
	Index Only Scan using k_8 on sbtest8  (cost=0.43..10.70 rows=113 width=4)
	  Index Cond: ((k >= 9540859) AND (k <= 9540959))

explain: for range-covered :: explain SELECT k FROM sbtest%d WHERE k BETWEEN 9540859 AND 9540959
for range-covered
table 1 : explain SELECT k FROM sbtest1 WHERE k BETWEEN 4346874 AND 4346974
	Index Only Scan using k_1 on sbtest1  (cost=0.43..6.47 rows=102 width=4)
	  Index Cond: ((k >= 4346874) AND (k <= 4346974))

table 2 : explain SELECT k FROM sbtest2 WHERE k BETWEEN 4346874 AND 4346974
	Index Only Scan using k_2 on sbtest2  (cost=0.43..10.38 rows=97 width=4)
	  Index Cond: ((k >= 4346874) AND (k <= 4346974))

table 3 : explain SELECT k FROM sbtest3 WHERE k BETWEEN 4346874 AND 4346974
	Index Only Scan using k_3 on sbtest3  (cost=0.43..6.67 rows=112 width=4)
	  Index Cond: ((k >= 4346874) AND (k <= 4346974))

table 4 : explain SELECT k FROM sbtest4 WHERE k BETWEEN 4346874 AND 4346974
	Index Only Scan using k_4 on sbtest4  (cost=0.43..6.45 rows=101 width=4)
	  Index Cond: ((k >= 4346874) AND (k <= 4346974))

table 5 : explain SELECT k FROM sbtest5 WHERE k BETWEEN 4346874 AND 4346974
	Index Only Scan using k_5 on sbtest5  (cost=0.43..6.43 rows=100 width=4)
	  Index Cond: ((k >= 4346874) AND (k <= 4346974))

table 6 : explain SELECT k FROM sbtest6 WHERE k BETWEEN 4346874 AND 4346974
	Index Only Scan using k_6 on sbtest6  (cost=0.43..6.33 rows=95 width=4)
	  Index Cond: ((k >= 4346874) AND (k <= 4346974))

table 7 : explain SELECT k FROM sbtest7 WHERE k BETWEEN 4346874 AND 4346974
	Index Only Scan using k_7 on sbtest7  (cost=0.43..6.51 rows=104 width=4)
	  Index Cond: ((k >= 4346874) AND (k <= 4346974))

table 8 : explain SELECT k FROM sbtest8 WHERE k BETWEEN 4346874 AND 4346974
	Index Only Scan using k_8 on sbtest8  (cost=0.43..10.42 rows=99 width=4)
	  Index Cond: ((k >= 4346874) AND (k <= 4346974))

explain: for range-covered :: explain SELECT k FROM sbtest%d WHERE k BETWEEN 4346874 AND 4346974
explain: for range-covered :: explain SELECT k FROM sbtest%d WHERE k BETWEEN 3386275 AND 3386375
for range-covered
table 1 : explain SELECT k FROM sbtest1 WHERE k BETWEEN 4935823 AND 4935923
	Index Only Scan using k_1 on sbtest1  (cost=0.43..6.37 rows=97 width=4)
	  Index Cond: ((k >= 4935823) AND (k <= 4935923))

table 2 : explain SELECT k FROM sbtest2 WHERE k BETWEEN 4935823 AND 4935923
	Index Only Scan using k_2 on sbtest2  (cost=0.43..10.44 rows=100 width=4)
	  Index Cond: ((k >= 4935823) AND (k <= 4935923))

table 3 : explain SELECT k FROM sbtest3 WHERE k BETWEEN 4935823 AND 4935923
	Index Only Scan using k_3 on sbtest3  (cost=0.43..6.33 rows=95 width=4)
	  Index Cond: ((k >= 4935823) AND (k <= 4935923))

table 4 : explain SELECT k FROM sbtest4 WHERE k BETWEEN 4935823 AND 4935923
	Index Only Scan using k_4 on sbtest4  (cost=0.43..6.33 rows=95 width=4)
	  Index Cond: ((k >= 4935823) AND (k <= 4935923))

table 5 : explain SELECT k FROM sbtest5 WHERE k BETWEEN 4935823 AND 4935923
	Index Only Scan using k_5 on sbtest5  (cost=0.43..6.75 rows=116 width=4)
	  Index Cond: ((k >= 4935823) AND (k <= 4935923))

table 6 : explain SELECT k FROM sbtest6 WHERE k BETWEEN 4935823 AND 4935923
	Index Only Scan using k_6 on sbtest6  (cost=0.43..6.45 rows=101 width=4)
	  Index Cond: ((k >= 4935823) AND (k <= 4935923))

table 7 : explain SELECT k FROM sbtest7 WHERE k BETWEEN 4935823 AND 4935923
	Index Only Scan using k_7 on sbtest7  (cost=0.43..6.50 rows=103 width=4)
	  Index Cond: ((k >= 4935823) AND (k <= 4935923))

table 8 : explain SELECT k FROM sbtest8 WHERE k BETWEEN 4935823 AND 4935923
	Index Only Scan using k_8 on sbtest8  (cost=0.43..10.38 rows=97 width=4)
	  Index Cond: ((k >= 4935823) AND (k <= 4935923))

explain: for range-covered :: explain SELECT k FROM sbtest%d WHERE k BETWEEN 4935823 AND 4935923
for range-covered
table 1 : explain SELECT k FROM sbtest1 WHERE k BETWEEN 9540859 AND 9540959
	Index Only Scan using k_1 on sbtest1  (cost=0.43..6.45 rows=101 width=4)
	  Index Cond: ((k >= 9540859) AND (k <= 9540959))

table 2 : explain SELECT k FROM sbtest2 WHERE k BETWEEN 9540859 AND 9540959
	Index Only Scan using k_2 on sbtest2  (cost=0.43..10.56 rows=106 width=4)
	  Index Cond: ((k >= 9540859) AND (k <= 9540959))

table 3 : explain SELECT k FROM sbtest3 WHERE k BETWEEN 9540859 AND 9540959
	Index Only Scan using k_3 on sbtest3  (cost=0.43..6.43 rows=100 width=4)
	  Index Cond: ((k >= 9540859) AND (k <= 9540959))

table 4 : explain SELECT k FROM sbtest4 WHERE k BETWEEN 9540859 AND 9540959
	Index Only Scan using k_4 on sbtest4  (cost=0.43..6.47 rows=102 width=4)
	  Index Cond: ((k >= 9540859) AND (k <= 9540959))

table 5 : explain SELECT k FROM sbtest5 WHERE k BETWEEN 9540859 AND 9540959
	Index Only Scan using k_5 on sbtest5  (cost=0.43..6.56 rows=106 width=4)
	  Index Cond: ((k >= 9540859) AND (k <= 9540959))

table 6 : explain SELECT k FROM sbtest6 WHERE k BETWEEN 9540859 AND 9540959
	Index Only Scan using k_6 on sbtest6  (cost=0.43..6.45 rows=101 width=4)
	  Index Cond: ((k >= 9540859) AND (k <= 9540959))

table 7 : explain SELECT k FROM sbtest7 WHERE k BETWEEN 9540859 AND 9540959
	Index Only Scan using k_7 on sbtest7  (cost=0.43..6.67 rows=112 width=4)
	  Index Cond: ((k >= 9540859) AND (k <= 9540959))

table 8 : explain SELECT k FROM sbtest8 WHERE k BETWEEN 9540859 AND 9540959
	Index Only Scan using k_8 on sbtest8  (cost=0.43..10.70 rows=113 width=4)
	  Index Cond: ((k >= 9540859) AND (k <= 9540959))

explain: for range-covered :: explain SELECT k FROM sbtest%d WHERE k BETWEEN 9540859 AND 9540959
for range-covered
table 1 : explain SELECT k FROM sbtest1 WHERE k BETWEEN 4346874 AND 4346974
	Index Only Scan using k_1 on sbtest1  (cost=0.43..6.47 rows=102 width=4)
	  Index Cond: ((k >= 4346874) AND (k <= 4346974))

table 2 : explain SELECT k FROM sbtest2 WHERE k BETWEEN 4346874 AND 4346974
	Index Only Scan using k_2 on sbtest2  (cost=0.43..10.38 rows=97 width=4)
	  Index Cond: ((k >= 4346874) AND (k <= 4346974))

table 3 : explain SELECT k FROM sbtest3 WHERE k BETWEEN 4346874 AND 4346974
	Index Only Scan using k_3 on sbtest3  (cost=0.43..6.67 rows=112 width=4)
	  Index Cond: ((k >= 4346874) AND (k <= 4346974))

table 4 : explain SELECT k FROM sbtest4 WHERE k BETWEEN 4346874 AND 4346974
	Index Only Scan using k_4 on sbtest4  (cost=0.43..6.45 rows=101 width=4)
	  Index Cond: ((k >= 4346874) AND (k <= 4346974))

table 5 : explain SELECT k FROM sbtest5 WHERE k BETWEEN 4346874 AND 4346974
	Index Only Scan using k_5 on sbtest5  (cost=0.43..6.43 rows=100 width=4)
	  Index Cond: ((k >= 4346874) AND (k <= 4346974))

table 6 : explain SELECT k FROM sbtest6 WHERE k BETWEEN 4346874 AND 4346974
	Index Only Scan using k_6 on sbtest6  (cost=0.43..6.33 rows=95 width=4)
	  Index Cond: ((k >= 4346874) AND (k <= 4346974))

table 7 : explain SELECT k FROM sbtest7 WHERE k BETWEEN 4346874 AND 4346974
	Index Only Scan using k_7 on sbtest7  (cost=0.43..6.51 rows=104 width=4)
	  Index Cond: ((k >= 4346874) AND (k <= 4346974))

table 8 : explain SELECT k FROM sbtest8 WHERE k BETWEEN 4346874 AND 4346974
	Index Only Scan using k_8 on sbtest8  (cost=0.43..10.42 rows=99 width=4)
	  Index Cond: ((k >= 4346874) AND (k <= 4346974))

explain: for range-covered :: explain SELECT k FROM sbtest%d WHERE k BETWEEN 4346874 AND 4346974
for range-covered
table 1 : explain SELECT k FROM sbtest1 WHERE k BETWEEN 9246214 AND 9246314
	Index Only Scan using k_1 on sbtest1  (cost=0.43..6.51 rows=104 width=4)
	  Index Cond: ((k >= 9246214) AND (k <= 9246314))

table 2 : explain SELECT k FROM sbtest2 WHERE k BETWEEN 9246214 AND 9246314
	Index Only Scan using k_2 on sbtest2  (cost=0.43..10.40 rows=98 width=4)
	  Index Cond: ((k >= 9246214) AND (k <= 9246314))

table 3 : explain SELECT k FROM sbtest3 WHERE k BETWEEN 9246214 AND 9246314
	Index Only Scan using k_3 on sbtest3  (cost=0.43..6.45 rows=101 width=4)
	  Index Cond: ((k >= 9246214) AND (k <= 9246314))

table 4 : explain SELECT k FROM sbtest4 WHERE k BETWEEN 9246214 AND 9246314
	Index Only Scan using k_4 on sbtest4  (cost=0.43..6.59 rows=108 width=4)
	  Index Cond: ((k >= 9246214) AND (k <= 9246314))

table 5 : explain SELECT k FROM sbtest5 WHERE k BETWEEN 9246214 AND 9246314
	Index Only Scan using k_5 on sbtest5  (cost=0.43..6.29 rows=93 width=4)
	  Index Cond: ((k >= 9246214) AND (k <= 9246314))

table 6 : explain SELECT k FROM sbtest6 WHERE k BETWEEN 9246214 AND 9246314
	Index Only Scan using k_6 on sbtest6  (cost=0.43..6.53 rows=105 width=4)
	  Index Cond: ((k >= 9246214) AND (k <= 9246314))

table 7 : explain SELECT k FROM sbtest7 WHERE k BETWEEN 9246214 AND 9246314
	Index Only Scan using k_7 on sbtest7  (cost=0.43..6.45 rows=101 width=4)
	  Index Cond: ((k >= 9246214) AND (k <= 9246314))

table 8 : explain SELECT k FROM sbtest8 WHERE k BETWEEN 9246214 AND 9246314
	Index Only Scan using k_8 on sbtest8  (cost=0.43..10.50 rows=103 width=4)
	  Index Cond: ((k >= 9246214) AND (k <= 9246314))

explain: for range-covered :: explain SELECT k FROM sbtest%d WHERE k BETWEEN 9246214 AND 9246314
for range-covered
table 1 : explain SELECT k FROM sbtest1 WHERE k BETWEEN 9246214 AND 9246314
	Index Only Scan using k_1 on sbtest1  (cost=0.43..6.51 rows=104 width=4)
	  Index Cond: ((k >= 9246214) AND (k <= 9246314))

table 2 : explain SELECT k FROM sbtest2 WHERE k BETWEEN 9246214 AND 9246314
	Index Only Scan using k_2 on sbtest2  (cost=0.43..10.40 rows=98 width=4)
	  Index Cond: ((k >= 9246214) AND (k <= 9246314))

table 3 : explain SELECT k FROM sbtest3 WHERE k BETWEEN 9246214 AND 9246314
	Index Only Scan using k_3 on sbtest3  (cost=0.43..6.45 rows=101 width=4)
	  Index Cond: ((k >= 9246214) AND (k <= 9246314))

table 4 : explain SELECT k FROM sbtest4 WHERE k BETWEEN 9246214 AND 9246314
	Index Only Scan using k_4 on sbtest4  (cost=0.43..6.59 rows=108 width=4)
	  Index Cond: ((k >= 9246214) AND (k <= 9246314))

table 5 : explain SELECT k FROM sbtest5 WHERE k BETWEEN 9246214 AND 9246314
	Index Only Scan using k_5 on sbtest5  (cost=0.43..6.29 rows=93 width=4)
	  Index Cond: ((k >= 9246214) AND (k <= 9246314))

table 6 : explain SELECT k FROM sbtest6 WHERE k BETWEEN 9246214 AND 9246314
	Index Only Scan using k_6 on sbtest6  (cost=0.43..6.53 rows=105 width=4)
	  Index Cond: ((k >= 9246214) AND (k <= 9246314))

table 7 : explain SELECT k FROM sbtest7 WHERE k BETWEEN 9246214 AND 9246314
	Index Only Scan using k_7 on sbtest7  (cost=0.43..6.45 rows=101 width=4)
	  Index Cond: ((k >= 9246214) AND (k <= 9246314))

table 8 : explain SELECT k FROM sbtest8 WHERE k BETWEEN 9246214 AND 9246314
	Index Only Scan using k_8 on sbtest8  (cost=0.43..10.50 rows=103 width=4)
	  Index Cond: ((k >= 9246214) AND (k <= 9246314))

for range-covered
table 1 : explain SELECT k FROM sbtest1 WHERE k BETWEEN 5883756 AND 5883856
	Index Only Scan using k_1 on sbtest1  (cost=0.43..6.40 rows=98 width=4)
	  Index Cond: ((k >= 5883756) AND (k <= 5883856))

table 2 : explain SELECT k FROM sbtest2 WHERE k BETWEEN 5883756 AND 5883856
	Index Only Scan using k_2 on sbtest2  (cost=0.43..10.62 rows=109 width=4)
	  Index Cond: ((k >= 5883756) AND (k <= 5883856))

table 3 : explain SELECT k FROM sbtest3 WHERE k BETWEEN 5883756 AND 5883856
	Index Only Scan using k_3 on sbtest3  (cost=0.43..6.40 rows=98 width=4)
	  Index Cond: ((k >= 5883756) AND (k <= 5883856))

table 4 : explain SELECT k FROM sbtest4 WHERE k BETWEEN 5883756 AND 5883856
	Index Only Scan using k_4 on sbtest4  (cost=0.43..6.45 rows=101 width=4)
	  Index Cond: ((k >= 5883756) AND (k <= 5883856))

table 5 : explain SELECT k FROM sbtest5 WHERE k BETWEEN 5883756 AND 5883856
	Index Only Scan using k_5 on sbtest5  (cost=0.43..6.33 rows=95 width=4)
	  Index Cond: ((k >= 5883756) AND (k <= 5883856))

table 6 : explain SELECT k FROM sbtest6 WHERE k BETWEEN 5883756 AND 5883856
	Index Only Scan using k_6 on sbtest6  (cost=0.43..6.42 rows=99 width=4)
	  Index Cond: ((k >= 5883756) AND (k <= 5883856))

table 7 : explain SELECT k FROM sbtest7 WHERE k BETWEEN 5883756 AND 5883856
	Index Only Scan using k_7 on sbtest7  (cost=0.43..6.42 rows=99 width=4)
	  Index Cond: ((k >= 5883756) AND (k <= 5883856))

table 8 : explain SELECT k FROM sbtest8 WHERE k BETWEEN 5883756 AND 5883856
	Index Only Scan using k_8 on sbtest8  (cost=0.43..10.60 rows=108 width=4)
	  Index Cond: ((k >= 5883756) AND (k <= 5883856))

for range-covered
table 1 : explain SELECT k FROM sbtest1 WHERE k BETWEEN 4935823 AND 4935923
	Index Only Scan using k_1 on sbtest1  (cost=0.43..6.37 rows=97 width=4)
	  Index Cond: ((k >= 4935823) AND (k <= 4935923))

table 2 : explain SELECT k FROM sbtest2 WHERE k BETWEEN 4935823 AND 4935923
	Index Only Scan using k_2 on sbtest2  (cost=0.43..10.44 rows=100 width=4)
	  Index Cond: ((k >= 4935823) AND (k <= 4935923))

table 3 : explain SELECT k FROM sbtest3 WHERE k BETWEEN 4935823 AND 4935923
	Index Only Scan using k_3 on sbtest3  (cost=0.43..6.33 rows=95 width=4)
	  Index Cond: ((k >= 4935823) AND (k <= 4935923))

table 4 : explain SELECT k FROM sbtest4 WHERE k BETWEEN 4935823 AND 4935923
	Index Only Scan using k_4 on sbtest4  (cost=0.43..6.33 rows=95 width=4)
	  Index Cond: ((k >= 4935823) AND (k <= 4935923))

table 5 : explain SELECT k FROM sbtest5 WHERE k BETWEEN 4935823 AND 4935923
	Index Only Scan using k_5 on sbtest5  (cost=0.43..6.75 rows=116 width=4)
	  Index Cond: ((k >= 4935823) AND (k <= 4935923))

table 6 : explain SELECT k FROM sbtest6 WHERE k BETWEEN 4935823 AND 4935923
	Index Only Scan using k_6 on sbtest6  (cost=0.43..6.45 rows=101 width=4)
	  Index Cond: ((k >= 4935823) AND (k <= 4935923))

table 7 : explain SELECT k FROM sbtest7 WHERE k BETWEEN 4935823 AND 4935923
	Index Only Scan using k_7 on sbtest7  (cost=0.43..6.50 rows=103 width=4)
	  Index Cond: ((k >= 4935823) AND (k <= 4935923))

table 8 : explain SELECT k FROM sbtest8 WHERE k BETWEEN 4935823 AND 4935923
	Index Only Scan using k_8 on sbtest8  (cost=0.43..10.38 rows=97 width=4)
	  Index Cond: ((k >= 4935823) AND (k <= 4935923))
explain: for range-covered :: explain SELECT k FROM sbtest%d WHERE k BETWEEN 9246214 AND 9246314
for range-covered
table 1 : explain SELECT k FROM sbtest1 WHERE k BETWEEN 4346874 AND 4346974
	Index Only Scan using k_1 on sbtest1  (cost=0.43..6.47 rows=102 width=4)
	  Index Cond: ((k >= 4346874) AND (k <= 4346974))

table 2 : explain SELECT k FROM sbtest2 WHERE k BETWEEN 4346874 AND 4346974
	Index Only Scan using k_2 on sbtest2  (cost=0.43..10.38 rows=97 width=4)
	  Index Cond: ((k >= 4346874) AND (k <= 4346974))

table 3 : explain SELECT k FROM sbtest3 WHERE k BETWEEN 4346874 AND 4346974
	Index Only Scan using k_3 on sbtest3  (cost=0.43..6.67 rows=112 width=4)
	  Index Cond: ((k >= 4346874) AND (k <= 4346974))

table 4 : explain SELECT k FROM sbtest4 WHERE k BETWEEN 4346874 AND 4346974
	Index Only Scan using k_4 on sbtest4  (cost=0.43..6.45 rows=101 width=4)
	  Index Cond: ((k >= 4346874) AND (k <= 4346974))

table 5 : explain SELECT k FROM sbtest5 WHERE k BETWEEN 4346874 AND 4346974
	Index Only Scan using k_5 on sbtest5  (cost=0.43..6.43 rows=100 width=4)
	  Index Cond: ((k >= 4346874) AND (k <= 4346974))

table 6 : explain SELECT k FROM sbtest6 WHERE k BETWEEN 4346874 AND 4346974
	Index Only Scan using k_6 on sbtest6  (cost=0.43..6.33 rows=95 width=4)
	  Index Cond: ((k >= 4346874) AND (k <= 4346974))

table 7 : explain SELECT k FROM sbtest7 WHERE k BETWEEN 4346874 AND 4346974
	Index Only Scan using k_7 on sbtest7  (cost=0.43..6.51 rows=104 width=4)
	  Index Cond: ((k >= 4346874) AND (k <= 4346974))

table 8 : explain SELECT k FROM sbtest8 WHERE k BETWEEN 4346874 AND 4346974
	Index Only Scan using k_8 on sbtest8  (cost=0.43..10.42 rows=99 width=4)
	  Index Cond: ((k >= 4346874) AND (k <= 4346974))

explain: for range-covered :: explain SELECT k FROM sbtest%d WHERE k BETWEEN 4346874 AND 4346974
for range-covered
table 1 : explain SELECT k FROM sbtest1 WHERE k BETWEEN 3927879 AND 3927979
	Index Only Scan using k_1 on sbtest1  (cost=0.43..6.50 rows=103 width=4)
	  Index Cond: ((k >= 3927879) AND (k <= 3927979))

table 2 : explain SELECT k FROM sbtest2 WHERE k BETWEEN 3927879 AND 3927979
	Index Only Scan using k_2 on sbtest2  (cost=0.43..10.29 rows=93 width=4)
	  Index Cond: ((k >= 3927879) AND (k <= 3927979))

table 3 : explain SELECT k FROM sbtest3 WHERE k BETWEEN 3927879 AND 3927979
	Index Only Scan using k_3 on sbtest3  (cost=0.43..6.43 rows=100 width=4)
	  Index Cond: ((k >= 3927879) AND (k <= 3927979))

table 4 : explain SELECT k FROM sbtest4 WHERE k BETWEEN 3927879 AND 3927979
	Index Only Scan using k_4 on sbtest4  (cost=0.43..6.47 rows=102 width=4)
	  Index Cond: ((k >= 3927879) AND (k <= 3927979))

table 5 : explain SELECT k FROM sbtest5 WHERE k BETWEEN 3927879 AND 3927979
	Index Only Scan using k_5 on sbtest5  (cost=0.43..6.35 rows=96 width=4)
	  Index Cond: ((k >= 3927879) AND (k <= 3927979))

table 6 : explain SELECT k FROM sbtest6 WHERE k BETWEEN 3927879 AND 3927979
	Index Only Scan using k_6 on sbtest6  (cost=0.43..6.47 rows=102 width=4)
	  Index Cond: ((k >= 3927879) AND (k <= 3927979))

table 7 : explain SELECT k FROM sbtest7 WHERE k BETWEEN 3927879 AND 3927979
	Index Only Scan using k_7 on sbtest7  (cost=0.43..6.24 rows=90 width=4)
	  Index Cond: ((k >= 3927879) AND (k <= 3927979))

table 8 : explain SELECT k FROM sbtest8 WHERE k BETWEEN 3927879 AND 3927979
	Index Only Scan using k_8 on sbtest8  (cost=0.43..10.60 rows=108 width=4)
	  Index Cond: ((k >= 3927879) AND (k <= 3927979))

for range-covered
table 1 : explain SELECT k FROM sbtest1 WHERE k BETWEEN 3572783 AND 3572883
	Index Only Scan using k_1 on sbtest1  (cost=0.43..6.51 rows=104 width=4)
	  Index Cond: ((k >= 3572783) AND (k <= 3572883))

table 2 : explain SELECT k FROM sbtest2 WHERE k BETWEEN 3572783 AND 3572883
	Index Only Scan using k_2 on sbtest2  (cost=0.43..10.47 rows=102 width=4)
	  Index Cond: ((k >= 3572783) AND (k <= 3572883))

table 3 : explain SELECT k FROM sbtest3 WHERE k BETWEEN 3572783 AND 3572883
	Index Only Scan using k_3 on sbtest3  (cost=0.43..6.63 rows=110 width=4)
	  Index Cond: ((k >= 3572783) AND (k <= 3572883))

table 4 : explain SELECT k FROM sbtest4 WHERE k BETWEEN 3572783 AND 3572883
	Index Only Scan using k_4 on sbtest4  (cost=0.43..6.47 rows=102 width=4)
	  Index Cond: ((k >= 3572783) AND (k <= 3572883))

table 5 : explain SELECT k FROM sbtest5 WHERE k BETWEEN 3572783 AND 3572883
	Index Only Scan using k_5 on sbtest5  (cost=0.43..6.42 rows=99 width=4)
	  Index Cond: ((k >= 3572783) AND (k <= 3572883))

table 6 : explain SELECT k FROM sbtest6 WHERE k BETWEEN 3572783 AND 3572883
	Index Only Scan using k_6 on sbtest6  (cost=0.43..6.58 rows=107 width=4)
	  Index Cond: ((k >= 3572783) AND (k <= 3572883))

table 7 : explain SELECT k FROM sbtest7 WHERE k BETWEEN 3572783 AND 3572883
	Index Only Scan using k_7 on sbtest7  (cost=0.43..6.50 rows=103 width=4)
	  Index Cond: ((k >= 3572783) AND (k <= 3572883))

table 8 : explain SELECT k FROM sbtest8 WHERE k BETWEEN 3572783 AND 3572883
	Index Only Scan using k_8 on sbtest8  (cost=0.43..10.68 rows=112 width=4)
	  Index Cond: ((k >= 3572783) AND (k <= 3572883))

explain: for range-covered :: explain SELECT k FROM sbtest%d WHERE k BETWEEN 5883756 AND 5883856
explain: for range-covered :: explain SELECT k FROM sbtest%d WHERE k BETWEEN 3927879 AND 3927979
explain: for range-covered :: explain SELECT k FROM sbtest%d WHERE k BETWEEN 3572783 AND 3572883
for range-covered
table 1 : explain SELECT k FROM sbtest1 WHERE k BETWEEN 9246214 AND 9246314
	Index Only Scan using k_1 on sbtest1  (cost=0.43..6.51 rows=104 width=4)
	  Index Cond: ((k >= 9246214) AND (k <= 9246314))

table 2 : explain SELECT k FROM sbtest2 WHERE k BETWEEN 9246214 AND 9246314
	Index Only Scan using k_2 on sbtest2  (cost=0.43..10.40 rows=98 width=4)
	  Index Cond: ((k >= 9246214) AND (k <= 9246314))

table 3 : explain SELECT k FROM sbtest3 WHERE k BETWEEN 9246214 AND 9246314
	Index Only Scan using k_3 on sbtest3  (cost=0.43..6.45 rows=101 width=4)
	  Index Cond: ((k >= 9246214) AND (k <= 9246314))

table 4 : explain SELECT k FROM sbtest4 WHERE k BETWEEN 9246214 AND 9246314
	Index Only Scan using k_4 on sbtest4  (cost=0.43..6.59 rows=108 width=4)
	  Index Cond: ((k >= 9246214) AND (k <= 9246314))

table 5 : explain SELECT k FROM sbtest5 WHERE k BETWEEN 9246214 AND 9246314
	Index Only Scan using k_5 on sbtest5  (cost=0.43..6.29 rows=93 width=4)
	  Index Cond: ((k >= 9246214) AND (k <= 9246314))

table 6 : explain SELECT k FROM sbtest6 WHERE k BETWEEN 9246214 AND 9246314
	Index Only Scan using k_6 on sbtest6  (cost=0.43..6.53 rows=105 width=4)
	  Index Cond: ((k >= 9246214) AND (k <= 9246314))

table 7 : explain SELECT k FROM sbtest7 WHERE k BETWEEN 9246214 AND 9246314
	Index Only Scan using k_7 on sbtest7  (cost=0.43..6.45 rows=101 width=4)
	  Index Cond: ((k >= 9246214) AND (k <= 9246314))

table 8 : explain SELECT k FROM sbtest8 WHERE k BETWEEN 9246214 AND 9246314
	Index Only Scan using k_8 on sbtest8  (cost=0.43..10.50 rows=103 width=4)
	  Index Cond: ((k >= 9246214) AND (k <= 9246314))


explain: for range-covered :: explain SELECT k FROM sbtest%d WHERE k BETWEEN 9246214 AND 9246314
explain: for range-covered :: explain SELECT k FROM sbtest%d WHERE k BETWEEN 4935823 AND 4935923
for range-covered
table 1 : explain SELECT k FROM sbtest1 WHERE k BETWEEN 4346874 AND 4346974
	Index Only Scan using k_1 on sbtest1  (cost=0.43..6.47 rows=102 width=4)
	  Index Cond: ((k >= 4346874) AND (k <= 4346974))

table 2 : explain SELECT k FROM sbtest2 WHERE k BETWEEN 4346874 AND 4346974
	Index Only Scan using k_2 on sbtest2  (cost=0.43..10.38 rows=97 width=4)
	  Index Cond: ((k >= 4346874) AND (k <= 4346974))

table 3 : explain SELECT k FROM sbtest3 WHERE k BETWEEN 4346874 AND 4346974
	Index Only Scan using k_3 on sbtest3  (cost=0.43..6.67 rows=112 width=4)
	  Index Cond: ((k >= 4346874) AND (k <= 4346974))

table 4 : explain SELECT k FROM sbtest4 WHERE k BETWEEN 4346874 AND 4346974
	Index Only Scan using k_4 on sbtest4  (cost=0.43..6.45 rows=101 width=4)
	  Index Cond: ((k >= 4346874) AND (k <= 4346974))

table 5 : explain SELECT k FROM sbtest5 WHERE k BETWEEN 4346874 AND 4346974
	Index Only Scan using k_5 on sbtest5  (cost=0.43..6.43 rows=100 width=4)
	  Index Cond: ((k >= 4346874) AND (k <= 4346974))

table 6 : explain SELECT k FROM sbtest6 WHERE k BETWEEN 4346874 AND 4346974
	Index Only Scan using k_6 on sbtest6  (cost=0.43..6.33 rows=95 width=4)
	  Index Cond: ((k >= 4346874) AND (k <= 4346974))

table 7 : explain SELECT k FROM sbtest7 WHERE k BETWEEN 4346874 AND 4346974
	Index Only Scan using k_7 on sbtest7  (cost=0.43..6.51 rows=104 width=4)
	  Index Cond: ((k >= 4346874) AND (k <= 4346974))

table 8 : explain SELECT k FROM sbtest8 WHERE k BETWEEN 4346874 AND 4346974
	Index Only Scan using k_8 on sbtest8  (cost=0.43..10.42 rows=99 width=4)
	  Index Cond: ((k >= 4346874) AND (k <= 4346974))

explain: for range-covered :: explain SELECT k FROM sbtest%d WHERE k BETWEEN 4346874 AND 4346974
for range-covered
table 1 : explain SELECT k FROM sbtest1 WHERE k BETWEEN 3927879 AND 3927979
	Index Only Scan using k_1 on sbtest1  (cost=0.43..6.50 rows=103 width=4)
	  Index Cond: ((k >= 3927879) AND (k <= 3927979))

table 2 : explain SELECT k FROM sbtest2 WHERE k BETWEEN 3927879 AND 3927979
	Index Only Scan using k_2 on sbtest2  (cost=0.43..10.29 rows=93 width=4)
	  Index Cond: ((k >= 3927879) AND (k <= 3927979))

table 3 : explain SELECT k FROM sbtest3 WHERE k BETWEEN 3927879 AND 3927979
	Index Only Scan using k_3 on sbtest3  (cost=0.43..6.43 rows=100 width=4)
	  Index Cond: ((k >= 3927879) AND (k <= 3927979))

table 4 : explain SELECT k FROM sbtest4 WHERE k BETWEEN 3927879 AND 3927979
	Index Only Scan using k_4 on sbtest4  (cost=0.43..6.47 rows=102 width=4)
	  Index Cond: ((k >= 3927879) AND (k <= 3927979))

table 5 : explain SELECT k FROM sbtest5 WHERE k BETWEEN 3927879 AND 3927979
	Index Only Scan using k_5 on sbtest5  (cost=0.43..6.35 rows=96 width=4)
	  Index Cond: ((k >= 3927879) AND (k <= 3927979))

table 6 : explain SELECT k FROM sbtest6 WHERE k BETWEEN 3927879 AND 3927979
	Index Only Scan using k_6 on sbtest6  (cost=0.43..6.47 rows=102 width=4)
	  Index Cond: ((k >= 3927879) AND (k <= 3927979))

table 7 : explain SELECT k FROM sbtest7 WHERE k BETWEEN 3927879 AND 3927979
	Index Only Scan using k_7 on sbtest7  (cost=0.43..6.24 rows=90 width=4)
	  Index Cond: ((k >= 3927879) AND (k <= 3927979))

table 8 : explain SELECT k FROM sbtest8 WHERE k BETWEEN 3927879 AND 3927979
	Index Only Scan using k_8 on sbtest8  (cost=0.43..10.60 rows=108 width=4)
	  Index Cond: ((k >= 3927879) AND (k <= 3927979))

for range-covered
table 1 : explain SELECT k FROM sbtest1 WHERE k BETWEEN 5883756 AND 5883856
	Index Only Scan using k_1 on sbtest1  (cost=0.43..6.40 rows=98 width=4)
	  Index Cond: ((k >= 5883756) AND (k <= 5883856))

table 2 : explain SELECT k FROM sbtest2 WHERE k BETWEEN 5883756 AND 5883856
	Index Only Scan using k_2 on sbtest2  (cost=0.43..10.62 rows=109 width=4)
	  Index Cond: ((k >= 5883756) AND (k <= 5883856))

table 3 : explain SELECT k FROM sbtest3 WHERE k BETWEEN 5883756 AND 5883856
	Index Only Scan using k_3 on sbtest3  (cost=0.43..6.40 rows=98 width=4)
	  Index Cond: ((k >= 5883756) AND (k <= 5883856))

table 4 : explain SELECT k FROM sbtest4 WHERE k BETWEEN 5883756 AND 5883856
	Index Only Scan using k_4 on sbtest4  (cost=0.43..6.45 rows=101 width=4)
	  Index Cond: ((k >= 5883756) AND (k <= 5883856))

table 5 : explain SELECT k FROM sbtest5 WHERE k BETWEEN 5883756 AND 5883856
	Index Only Scan using k_5 on sbtest5  (cost=0.43..6.33 rows=95 width=4)
	  Index Cond: ((k >= 5883756) AND (k <= 5883856))

table 6 : explain SELECT k FROM sbtest6 WHERE k BETWEEN 5883756 AND 5883856
	Index Only Scan using k_6 on sbtest6  (cost=0.43..6.42 rows=99 width=4)
	  Index Cond: ((k >= 5883756) AND (k <= 5883856))

table 7 : explain SELECT k FROM sbtest7 WHERE k BETWEEN 5883756 AND 5883856
	Index Only Scan using k_7 on sbtest7  (cost=0.43..6.42 rows=99 width=4)
	  Index Cond: ((k >= 5883756) AND (k <= 5883856))

table 8 : explain SELECT k FROM sbtest8 WHERE k BETWEEN 5883756 AND 5883856
	Index Only Scan using k_8 on sbtest8  (cost=0.43..10.60 rows=108 width=4)
	  Index Cond: ((k >= 5883756) AND (k <= 5883856))

explain: for range-covered :: explain SELECT k FROM sbtest%d WHERE k BETWEEN 3927879 AND 3927979
explain: for range-covered :: explain SELECT k FROM sbtest%d WHERE k BETWEEN 5883756 AND 5883856
explain: for range-covered :: explain SELECT k FROM sbtest%d WHERE k BETWEEN 7770079 AND 7770179
for range-covered
table 1 : explain SELECT k FROM sbtest1 WHERE k BETWEEN 3572783 AND 3572883
	Index Only Scan using k_1 on sbtest1  (cost=0.43..6.51 rows=104 width=4)
	  Index Cond: ((k >= 3572783) AND (k <= 3572883))

table 2 : explain SELECT k FROM sbtest2 WHERE k BETWEEN 3572783 AND 3572883
	Index Only Scan using k_2 on sbtest2  (cost=0.43..10.47 rows=102 width=4)
	  Index Cond: ((k >= 3572783) AND (k <= 3572883))

table 3 : explain SELECT k FROM sbtest3 WHERE k BETWEEN 3572783 AND 3572883
	Index Only Scan using k_3 on sbtest3  (cost=0.43..6.63 rows=110 width=4)
	  Index Cond: ((k >= 3572783) AND (k <= 3572883))

table 4 : explain SELECT k FROM sbtest4 WHERE k BETWEEN 3572783 AND 3572883
	Index Only Scan using k_4 on sbtest4  (cost=0.43..6.47 rows=102 width=4)
	  Index Cond: ((k >= 3572783) AND (k <= 3572883))

table 5 : explain SELECT k FROM sbtest5 WHERE k BETWEEN 3572783 AND 3572883
	Index Only Scan using k_5 on sbtest5  (cost=0.43..6.42 rows=99 width=4)
	  Index Cond: ((k >= 3572783) AND (k <= 3572883))

table 6 : explain SELECT k FROM sbtest6 WHERE k BETWEEN 3572783 AND 3572883
	Index Only Scan using k_6 on sbtest6  (cost=0.43..6.58 rows=107 width=4)
	  Index Cond: ((k >= 3572783) AND (k <= 3572883))

table 7 : explain SELECT k FROM sbtest7 WHERE k BETWEEN 3572783 AND 3572883
	Index Only Scan using k_7 on sbtest7  (cost=0.43..6.50 rows=103 width=4)
	  Index Cond: ((k >= 3572783) AND (k <= 3572883))

table 8 : explain SELECT k FROM sbtest8 WHERE k BETWEEN 3572783 AND 3572883
	Index Only Scan using k_8 on sbtest8  (cost=0.43..10.68 rows=112 width=4)
	  Index Cond: ((k >= 3572783) AND (k <= 3572883))

explain: for range-covered :: explain SELECT k FROM sbtest%d WHERE k BETWEEN 3572783 AND 3572883
for range-covered
table 1 : explain SELECT k FROM sbtest1 WHERE k BETWEEN 4935823 AND 4935923
	Index Only Scan using k_1 on sbtest1  (cost=0.43..6.37 rows=97 width=4)
	  Index Cond: ((k >= 4935823) AND (k <= 4935923))

table 2 : explain SELECT k FROM sbtest2 WHERE k BETWEEN 4935823 AND 4935923
	Index Only Scan using k_2 on sbtest2  (cost=0.43..10.44 rows=100 width=4)
	  Index Cond: ((k >= 4935823) AND (k <= 4935923))

table 3 : explain SELECT k FROM sbtest3 WHERE k BETWEEN 4935823 AND 4935923
	Index Only Scan using k_3 on sbtest3  (cost=0.43..6.33 rows=95 width=4)
	  Index Cond: ((k >= 4935823) AND (k <= 4935923))

table 4 : explain SELECT k FROM sbtest4 WHERE k BETWEEN 4935823 AND 4935923
	Index Only Scan using k_4 on sbtest4  (cost=0.43..6.33 rows=95 width=4)
	  Index Cond: ((k >= 4935823) AND (k <= 4935923))

table 5 : explain SELECT k FROM sbtest5 WHERE k BETWEEN 4935823 AND 4935923
	Index Only Scan using k_5 on sbtest5  (cost=0.43..6.75 rows=116 width=4)
	  Index Cond: ((k >= 4935823) AND (k <= 4935923))

table 6 : explain SELECT k FROM sbtest6 WHERE k BETWEEN 4935823 AND 4935923
	Index Only Scan using k_6 on sbtest6  (cost=0.43..6.45 rows=101 width=4)
	  Index Cond: ((k >= 4935823) AND (k <= 4935923))

table 7 : explain SELECT k FROM sbtest7 WHERE k BETWEEN 4935823 AND 4935923
	Index Only Scan using k_7 on sbtest7  (cost=0.43..6.50 rows=103 width=4)
	  Index Cond: ((k >= 4935823) AND (k <= 4935923))

table 8 : explain SELECT k FROM sbtest8 WHERE k BETWEEN 4935823 AND 4935923
	Index Only Scan using k_8 on sbtest8  (cost=0.43..10.38 rows=97 width=4)
	  Index Cond: ((k >= 4935823) AND (k <= 4935923))

explain: for range-covered :: explain SELECT k FROM sbtest%d WHERE k BETWEEN 4935823 AND 4935923
for range-covered
table 1 : explain SELECT k FROM sbtest1 WHERE k BETWEEN 4346874 AND 4346974
	Index Only Scan using k_1 on sbtest1  (cost=0.43..6.47 rows=102 width=4)
	  Index Cond: ((k >= 4346874) AND (k <= 4346974))

table 2 : explain SELECT k FROM sbtest2 WHERE k BETWEEN 4346874 AND 4346974
	Index Only Scan using k_2 on sbtest2  (cost=0.43..10.38 rows=97 width=4)
	  Index Cond: ((k >= 4346874) AND (k <= 4346974))

table 3 : explain SELECT k FROM sbtest3 WHERE k BETWEEN 4346874 AND 4346974
	Index Only Scan using k_3 on sbtest3  (cost=0.43..6.67 rows=112 width=4)
	  Index Cond: ((k >= 4346874) AND (k <= 4346974))

table 4 : explain SELECT k FROM sbtest4 WHERE k BETWEEN 4346874 AND 4346974
	Index Only Scan using k_4 on sbtest4  (cost=0.43..6.45 rows=101 width=4)
	  Index Cond: ((k >= 4346874) AND (k <= 4346974))

table 5 : explain SELECT k FROM sbtest5 WHERE k BETWEEN 4346874 AND 4346974
	Index Only Scan using k_5 on sbtest5  (cost=0.43..6.43 rows=100 width=4)
	  Index Cond: ((k >= 4346874) AND (k <= 4346974))

table 6 : explain SELECT k FROM sbtest6 WHERE k BETWEEN 4346874 AND 4346974
	Index Only Scan using k_6 on sbtest6  (cost=0.43..6.33 rows=95 width=4)
	  Index Cond: ((k >= 4346874) AND (k <= 4346974))

table 7 : explain SELECT k FROM sbtest7 WHERE k BETWEEN 4346874 AND 4346974
	Index Only Scan using k_7 on sbtest7  (cost=0.43..6.51 rows=104 width=4)
	  Index Cond: ((k >= 4346874) AND (k <= 4346974))

table 8 : explain SELECT k FROM sbtest8 WHERE k BETWEEN 4346874 AND 4346974
	Index Only Scan using k_8 on sbtest8  (cost=0.43..10.42 rows=99 width=4)
	  Index Cond: ((k >= 4346874) AND (k <= 4346974))

for range-covered
table 1 : explain SELECT k FROM sbtest1 WHERE k BETWEEN 9540859 AND 9540959
	Index Only Scan using k_1 on sbtest1  (cost=0.43..6.45 rows=101 width=4)
	  Index Cond: ((k >= 9540859) AND (k <= 9540959))

table 2 : explain SELECT k FROM sbtest2 WHERE k BETWEEN 9540859 AND 9540959
	Index Only Scan using k_2 on sbtest2  (cost=0.43..10.56 rows=106 width=4)
	  Index Cond: ((k >= 9540859) AND (k <= 9540959))

table 3 : explain SELECT k FROM sbtest3 WHERE k BETWEEN 9540859 AND 9540959
	Index Only Scan using k_3 on sbtest3  (cost=0.43..6.43 rows=100 width=4)
	  Index Cond: ((k >= 9540859) AND (k <= 9540959))

table 4 : explain SELECT k FROM sbtest4 WHERE k BETWEEN 9540859 AND 9540959
	Index Only Scan using k_4 on sbtest4  (cost=0.43..6.47 rows=102 width=4)
	  Index Cond: ((k >= 9540859) AND (k <= 9540959))

table 5 : explain SELECT k FROM sbtest5 WHERE k BETWEEN 9540859 AND 9540959
	Index Only Scan using k_5 on sbtest5  (cost=0.43..6.56 rows=106 width=4)
	  Index Cond: ((k >= 9540859) AND (k <= 9540959))

table 6 : explain SELECT k FROM sbtest6 WHERE k BETWEEN 9540859 AND 9540959
	Index Only Scan using k_6 on sbtest6  (cost=0.43..6.45 rows=101 width=4)
	  Index Cond: ((k >= 9540859) AND (k <= 9540959))

table 7 : explain SELECT k FROM sbtest7 WHERE k BETWEEN 9540859 AND 9540959
	Index Only Scan using k_7 on sbtest7  (cost=0.43..6.67 rows=112 width=4)
	  Index Cond: ((k >= 9540859) AND (k <= 9540959))

table 8 : explain SELECT k FROM sbtest8 WHERE k BETWEEN 9540859 AND 9540959
	Index Only Scan using k_8 on sbtest8  (cost=0.43..10.70 rows=113 width=4)
	  Index Cond: ((k >= 9540859) AND (k <= 9540959))

explain: for range-covered :: explain SELECT k FROM sbtest%d WHERE k BETWEEN 4346874 AND 4346974
for range-covered
table 1 : explain SELECT k FROM sbtest1 WHERE k BETWEEN 3927879 AND 3927979
	Index Only Scan using k_1 on sbtest1  (cost=0.43..6.50 rows=103 width=4)
	  Index Cond: ((k >= 3927879) AND (k <= 3927979))

table 2 : explain SELECT k FROM sbtest2 WHERE k BETWEEN 3927879 AND 3927979
	Index Only Scan using k_2 on sbtest2  (cost=0.43..10.29 rows=93 width=4)
	  Index Cond: ((k >= 3927879) AND (k <= 3927979))

table 3 : explain SELECT k FROM sbtest3 WHERE k BETWEEN 3927879 AND 3927979
	Index Only Scan using k_3 on sbtest3  (cost=0.43..6.43 rows=100 width=4)
	  Index Cond: ((k >= 3927879) AND (k <= 3927979))

table 4 : explain SELECT k FROM sbtest4 WHERE k BETWEEN 3927879 AND 3927979
	Index Only Scan using k_4 on sbtest4  (cost=0.43..6.47 rows=102 width=4)
	  Index Cond: ((k >= 3927879) AND (k <= 3927979))

table 5 : explain SELECT k FROM sbtest5 WHERE k BETWEEN 3927879 AND 3927979
	Index Only Scan using k_5 on sbtest5  (cost=0.43..6.35 rows=96 width=4)
	  Index Cond: ((k >= 3927879) AND (k <= 3927979))

table 6 : explain SELECT k FROM sbtest6 WHERE k BETWEEN 3927879 AND 3927979
	Index Only Scan using k_6 on sbtest6  (cost=0.43..6.47 rows=102 width=4)
	  Index Cond: ((k >= 3927879) AND (k <= 3927979))

table 7 : explain SELECT k FROM sbtest7 WHERE k BETWEEN 3927879 AND 3927979
	Index Only Scan using k_7 on sbtest7  (cost=0.43..6.24 rows=90 width=4)
	  Index Cond: ((k >= 3927879) AND (k <= 3927979))

table 8 : explain SELECT k FROM sbtest8 WHERE k BETWEEN 3927879 AND 3927979
	Index Only Scan using k_8 on sbtest8  (cost=0.43..10.60 rows=108 width=4)
	  Index Cond: ((k >= 3927879) AND (k <= 3927979))

for range-covered
table 1 : explain SELECT k FROM sbtest1 WHERE k BETWEEN 5883756 AND 5883856
	Index Only Scan using k_1 on sbtest1  (cost=0.43..6.40 rows=98 width=4)
	  Index Cond: ((k >= 5883756) AND (k <= 5883856))

table 2 : explain SELECT k FROM sbtest2 WHERE k BETWEEN 5883756 AND 5883856
	Index Only Scan using k_2 on sbtest2  (cost=0.43..10.62 rows=109 width=4)
	  Index Cond: ((k >= 5883756) AND (k <= 5883856))

table 3 : explain SELECT k FROM sbtest3 WHERE k BETWEEN 5883756 AND 5883856
	Index Only Scan using k_3 on sbtest3  (cost=0.43..6.40 rows=98 width=4)
	  Index Cond: ((k >= 5883756) AND (k <= 5883856))

table 4 : explain SELECT k FROM sbtest4 WHERE k BETWEEN 5883756 AND 5883856
	Index Only Scan using k_4 on sbtest4  (cost=0.43..6.45 rows=101 width=4)
	  Index Cond: ((k >= 5883756) AND (k <= 5883856))

table 5 : explain SELECT k FROM sbtest5 WHERE k BETWEEN 5883756 AND 5883856
	Index Only Scan using k_5 on sbtest5  (cost=0.43..6.33 rows=95 width=4)
	  Index Cond: ((k >= 5883756) AND (k <= 5883856))

table 6 : explain SELECT k FROM sbtest6 WHERE k BETWEEN 5883756 AND 5883856
	Index Only Scan using k_6 on sbtest6  (cost=0.43..6.42 rows=99 width=4)
	  Index Cond: ((k >= 5883756) AND (k <= 5883856))

table 7 : explain SELECT k FROM sbtest7 WHERE k BETWEEN 5883756 AND 5883856
	Index Only Scan using k_7 on sbtest7  (cost=0.43..6.42 rows=99 width=4)
	  Index Cond: ((k >= 5883756) AND (k <= 5883856))

table 8 : explain SELECT k FROM sbtest8 WHERE k BETWEEN 5883756 AND 5883856
	Index Only Scan using k_8 on sbtest8  (cost=0.43..10.60 rows=108 width=4)
	  Index Cond: ((k >= 5883756) AND (k <= 5883856))

explain: for range-covered :: explain SELECT k FROM sbtest%d WHERE k BETWEEN 9540859 AND 9540959for range-covered
table 1 : explain SELECT k FROM sbtest1 WHERE k BETWEEN 3508709 AND 3508809
	Index Only Scan using k_1 on sbtest1  (cost=0.43..6.35 rows=96 width=4)
	  Index Cond: ((k >= 3508709) AND (k <= 3508809))

table 2 : explain SELECT k FROM sbtest2 WHERE k BETWEEN 3508709 AND 3508809
	Index Only Scan using k_2 on sbtest2  (cost=0.43..10.42 rows=99 width=4)
	  Index Cond: ((k >= 3508709) AND (k <= 3508809))

table 3 : explain SELECT k FROM sbtest3 WHERE k BETWEEN 3508709 AND 3508809
	Index Only Scan using k_3 on sbtest3  (cost=0.43..6.50 rows=103 width=4)
	  Index Cond: ((k >= 3508709) AND (k <= 3508809))

table 4 : explain SELECT k FROM sbtest4 WHERE k BETWEEN 3508709 AND 3508809
	Index Only Scan using k_4 on sbtest4  (cost=0.43..6.27 rows=92 width=4)
	  Index Cond: ((k >= 3508709) AND (k <= 3508809))

table 5 : explain SELECT k FROM sbtest5 WHERE k BETWEEN 3508709 AND 3508809
	Index Only Scan using k_5 on sbtest5  (cost=0.43..6.42 rows=99 width=4)
	  Index Cond: ((k >= 3508709) AND (k <= 3508809))

table 6 : explain SELECT k FROM sbtest6 WHERE k BETWEEN 3508709 AND 3508809
	Index Only Scan using k_6 on sbtest6  (cost=0.43..6.50 rows=103 width=4)
	  Index Cond: ((k >= 3508709) AND (k <= 3508809))

table 7 : explain SELECT k FROM sbtest7 WHERE k BETWEEN 3508709 AND 3508809
	Index Only Scan using k_7 on sbtest7  (cost=0.43..6.40 rows=98 width=4)
	  Index Cond: ((k >= 3508709) AND (k <= 3508809))

table 8 : explain SELECT k FROM sbtest8 WHERE k BETWEEN 3508709 AND 3508809
	Index Only Scan using k_8 on sbtest8  (cost=0.43..10.56 rows=106 width=4)
	  Index Cond: ((k >= 3508709) AND (k <= 3508809))

explain: for range-covered :: explain SELECT k FROM sbtest%d WHERE k BETWEEN 5883756 AND 5883856

explain: for range-covered :: explain SELECT k FROM sbtest%d WHERE k BETWEEN 3927879 AND 3927979
for range-covered
table 1 : explain SELECT k FROM sbtest1 WHERE k BETWEEN 5492559 AND 5492659
	Index Only Scan using k_1 on sbtest1  (cost=0.43..6.79 rows=118 width=4)
	  Index Cond: ((k >= 5492559) AND (k <= 5492659))

table 2 : explain SELECT k FROM sbtest2 WHERE k BETWEEN 5492559 AND 5492659
	Index Only Scan using k_2 on sbtest2  (cost=0.43..10.50 rows=103 width=4)
	  Index Cond: ((k >= 5492559) AND (k <= 5492659))

table 3 : explain SELECT k FROM sbtest3 WHERE k BETWEEN 5492559 AND 5492659
	Index Only Scan using k_3 on sbtest3  (cost=0.43..6.50 rows=103 width=4)
	  Index Cond: ((k >= 5492559) AND (k <= 5492659))

table 4 : explain SELECT k FROM sbtest4 WHERE k BETWEEN 5492559 AND 5492659
	Index Only Scan using k_4 on sbtest4  (cost=0.43..6.63 rows=110 width=4)
	  Index Cond: ((k >= 5492559) AND (k <= 5492659))

table 5 : explain SELECT k FROM sbtest5 WHERE k BETWEEN 5492559 AND 5492659
	Index Only Scan using k_5 on sbtest5  (cost=0.43..6.51 rows=104 width=4)
	  Index Cond: ((k >= 5492559) AND (k <= 5492659))

table 6 : explain SELECT k FROM sbtest6 WHERE k BETWEEN 5492559 AND 5492659
	Index Only Scan using k_6 on sbtest6  (cost=0.43..6.53 rows=105 width=4)
	  Index Cond: ((k >= 5492559) AND (k <= 5492659))

table 7 : explain SELECT k FROM sbtest7 WHERE k BETWEEN 5492559 AND 5492659
	Index Only Scan using k_7 on sbtest7  (cost=0.43..6.47 rows=102 width=4)
	  Index Cond: ((k >= 5492559) AND (k <= 5492659))

table 8 : explain SELECT k FROM sbtest8 WHERE k BETWEEN 5492559 AND 5492659
	Index Only Scan using k_8 on sbtest8  (cost=0.43..10.33 rows=95 width=4)
	  Index Cond: ((k >= 5492559) AND (k <= 5492659))

for range-covered
table 1 : explain SELECT k FROM sbtest1 WHERE k BETWEEN 7795760 AND 7795860
	Index Only Scan using k_1 on sbtest1  (cost=0.43..6.45 rows=101 width=4)
	  Index Cond: ((k >= 7795760) AND (k <= 7795860))

table 2 : explain SELECT k FROM sbtest2 WHERE k BETWEEN 7795760 AND 7795860
	Index Only Scan using k_2 on sbtest2  (cost=0.43..10.38 rows=97 width=4)
	  Index Cond: ((k >= 7795760) AND (k <= 7795860))

table 3 : explain SELECT k FROM sbtest3 WHERE k BETWEEN 7795760 AND 7795860
	Index Only Scan using k_3 on sbtest3  (cost=0.43..6.21 rows=89 width=4)
	  Index Cond: ((k >= 7795760) AND (k <= 7795860))

table 4 : explain SELECT k FROM sbtest4 WHERE k BETWEEN 7795760 AND 7795860
	Index Only Scan using k_4 on sbtest4  (cost=0.43..6.56 rows=106 width=4)
	  Index Cond: ((k >= 7795760) AND (k <= 7795860))

table 5 : explain SELECT k FROM sbtest5 WHERE k BETWEEN 7795760 AND 7795860
	Index Only Scan using k_5 on sbtest5  (cost=0.43..6.45 rows=101 width=4)
	  Index Cond: ((k >= 7795760) AND (k <= 7795860))

table 6 : explain SELECT k FROM sbtest6 WHERE k BETWEEN 7795760 AND 7795860
	Index Only Scan using k_6 on sbtest6  (cost=0.43..6.42 rows=99 width=4)
	  Index Cond: ((k >= 7795760) AND (k <= 7795860))

table 7 : explain SELECT k FROM sbtest7 WHERE k BETWEEN 7795760 AND 7795860
	Index Only Scan using k_7 on sbtest7  (cost=0.43..6.19 rows=88 width=4)
	  Index Cond: ((k >= 7795760) AND (k <= 7795860))

table 8 : explain SELECT k FROM sbtest8 WHERE k BETWEEN 7795760 AND 7795860
	Index Only Scan using k_8 on sbtest8  (cost=0.43..10.56 rows=106 width=4)
	  Index Cond: ((k >= 7795760) AND (k <= 7795860))

explain: for range-covered :: explain SELECT k FROM sbtest%d WHERE k BETWEEN 7795760 AND 7795860
explain: for range-covered :: explain SELECT k FROM sbtest%d WHERE k BETWEEN 5492559 AND 5492659
for range-covered
table 1 : explain SELECT k FROM sbtest1 WHERE k BETWEEN 3572783 AND 3572883
	Index Only Scan using k_1 on sbtest1  (cost=0.43..6.51 rows=104 width=4)
	  Index Cond: ((k >= 3572783) AND (k <= 3572883))

table 2 : explain SELECT k FROM sbtest2 WHERE k BETWEEN 3572783 AND 3572883
	Index Only Scan using k_2 on sbtest2  (cost=0.43..10.47 rows=102 width=4)
	  Index Cond: ((k >= 3572783) AND (k <= 3572883))

table 3 : explain SELECT k FROM sbtest3 WHERE k BETWEEN 3572783 AND 3572883
	Index Only Scan using k_3 on sbtest3  (cost=0.43..6.63 rows=110 width=4)
	  Index Cond: ((k >= 3572783) AND (k <= 3572883))

table 4 : explain SELECT k FROM sbtest4 WHERE k BETWEEN 3572783 AND 3572883
	Index Only Scan using k_4 on sbtest4  (cost=0.43..6.47 rows=102 width=4)
	  Index Cond: ((k >= 3572783) AND (k <= 3572883))

table 5 : explain SELECT k FROM sbtest5 WHERE k BETWEEN 3572783 AND 3572883
	Index Only Scan using k_5 on sbtest5  (cost=0.43..6.42 rows=99 width=4)
	  Index Cond: ((k >= 3572783) AND (k <= 3572883))

table 6 : explain SELECT k FROM sbtest6 WHERE k BETWEEN 3572783 AND 3572883
	Index Only Scan using k_6 on sbtest6  (cost=0.43..6.58 rows=107 width=4)
	  Index Cond: ((k >= 3572783) AND (k <= 3572883))

table 7 : explain SELECT k FROM sbtest7 WHERE k BETWEEN 3572783 AND 3572883
	Index Only Scan using k_7 on sbtest7  (cost=0.43..6.50 rows=103 width=4)
	  Index Cond: ((k >= 3572783) AND (k <= 3572883))

table 8 : explain SELECT k FROM sbtest8 WHERE k BETWEEN 3572783 AND 3572883
	Index Only Scan using k_8 on sbtest8  (cost=0.43..10.68 rows=112 width=4)
	  Index Cond: ((k >= 3572783) AND (k <= 3572883))

explain: for range-covered :: explain SELECT k FROM sbtest%d WHERE k BETWEEN 3572783 AND 3572883
for range-covered
table 1 : explain SELECT k FROM sbtest1 WHERE k BETWEEN 4935823 AND 4935923
	Index Only Scan using k_1 on sbtest1  (cost=0.43..6.37 rows=97 width=4)
	  Index Cond: ((k >= 4935823) AND (k <= 4935923))

table 2 : explain SELECT k FROM sbtest2 WHERE k BETWEEN 4935823 AND 4935923
	Index Only Scan using k_2 on sbtest2  (cost=0.43..10.44 rows=100 width=4)
	  Index Cond: ((k >= 4935823) AND (k <= 4935923))

table 3 : explain SELECT k FROM sbtest3 WHERE k BETWEEN 4935823 AND 4935923
	Index Only Scan using k_3 on sbtest3  (cost=0.43..6.33 rows=95 width=4)
	  Index Cond: ((k >= 4935823) AND (k <= 4935923))

table 4 : explain SELECT k FROM sbtest4 WHERE k BETWEEN 4935823 AND 4935923
	Index Only Scan using k_4 on sbtest4  (cost=0.43..6.33 rows=95 width=4)
	  Index Cond: ((k >= 4935823) AND (k <= 4935923))

table 5 : explain SELECT k FROM sbtest5 WHERE k BETWEEN 4935823 AND 4935923
	Index Only Scan using k_5 on sbtest5  (cost=0.43..6.75 rows=116 width=4)
	  Index Cond: ((k >= 4935823) AND (k <= 4935923))

table 6 : explain SELECT k FROM sbtest6 WHERE k BETWEEN 4935823 AND 4935923
	Index Only Scan using k_6 on sbtest6  (cost=0.43..6.45 rows=101 width=4)
	  Index Cond: ((k >= 4935823) AND (k <= 4935923))

table 7 : explain SELECT k FROM sbtest7 WHERE k BETWEEN 4935823 AND 4935923
	Index Only Scan using k_7 on sbtest7  (cost=0.43..6.50 rows=103 width=4)
	  Index Cond: ((k >= 4935823) AND (k <= 4935923))

table 8 : explain SELECT k FROM sbtest8 WHERE k BETWEEN 4935823 AND 4935923
	Index Only Scan using k_8 on sbtest8  (cost=0.43..10.38 rows=97 width=4)
	  Index Cond: ((k >= 4935823) AND (k <= 4935923))

explain: for range-covered :: explain SELECT k FROM sbtest%d WHERE k BETWEEN 4935823 AND 4935923
for range-covered
table 1 : explain SELECT k FROM sbtest1 WHERE k BETWEEN 5883756 AND 5883856
	Index Only Scan using k_1 on sbtest1  (cost=0.43..6.40 rows=98 width=4)
	  Index Cond: ((k >= 5883756) AND (k <= 5883856))

table 2 : explain SELECT k FROM sbtest2 WHERE k BETWEEN 5883756 AND 5883856
	Index Only Scan using k_2 on sbtest2  (cost=0.43..10.62 rows=109 width=4)
	  Index Cond: ((k >= 5883756) AND (k <= 5883856))

table 3 : explain SELECT k FROM sbtest3 WHERE k BETWEEN 5883756 AND 5883856
	Index Only Scan using k_3 on sbtest3  (cost=0.43..6.40 rows=98 width=4)
	  Index Cond: ((k >= 5883756) AND (k <= 5883856))

table 4 : explain SELECT k FROM sbtest4 WHERE k BETWEEN 5883756 AND 5883856
	Index Only Scan using k_4 on sbtest4  (cost=0.43..6.45 rows=101 width=4)
	  Index Cond: ((k >= 5883756) AND (k <= 5883856))

table 5 : explain SELECT k FROM sbtest5 WHERE k BETWEEN 5883756 AND 5883856
	Index Only Scan using k_5 on sbtest5  (cost=0.43..6.33 rows=95 width=4)
	  Index Cond: ((k >= 5883756) AND (k <= 5883856))

table 6 : explain SELECT k FROM sbtest6 WHERE k BETWEEN 5883756 AND 5883856
	Index Only Scan using k_6 on sbtest6  (cost=0.43..6.42 rows=99 width=4)
	  Index Cond: ((k >= 5883756) AND (k <= 5883856))

table 7 : explain SELECT k FROM sbtest7 WHERE k BETWEEN 5883756 AND 5883856
	Index Only Scan using k_7 on sbtest7  (cost=0.43..6.42 rows=99 width=4)
	  Index Cond: ((k >= 5883756) AND (k <= 5883856))

table 8 : explain SELECT k FROM sbtest8 WHERE k BETWEEN 5883756 AND 5883856
	Index Only Scan using k_8 on sbtest8  (cost=0.43..10.60 rows=108 width=4)
	  Index Cond: ((k >= 5883756) AND (k <= 5883856))

explain: for range-covered :: explain SELECT k FROM sbtest%d WHERE k BETWEEN 5883756 AND 5883856
explain: for range-covered :: explain SELECT k FROM sbtest%d WHERE k BETWEEN 3165004 AND 3165104
for range-covered
table 1 : explain SELECT k FROM sbtest1 WHERE k BETWEEN 7795760 AND 7795860
	Index Only Scan using k_1 on sbtest1  (cost=0.43..6.45 rows=101 width=4)
	  Index Cond: ((k >= 7795760) AND (k <= 7795860))

table 2 : explain SELECT k FROM sbtest2 WHERE k BETWEEN 7795760 AND 7795860
	Index Only Scan using k_2 on sbtest2  (cost=0.43..10.38 rows=97 width=4)
	  Index Cond: ((k >= 7795760) AND (k <= 7795860))

table 3 : explain SELECT k FROM sbtest3 WHERE k BETWEEN 7795760 AND 7795860
	Index Only Scan using k_3 on sbtest3  (cost=0.43..6.21 rows=89 width=4)
	  Index Cond: ((k >= 7795760) AND (k <= 7795860))

table 4 : explain SELECT k FROM sbtest4 WHERE k BETWEEN 7795760 AND 7795860
	Index Only Scan using k_4 on sbtest4  (cost=0.43..6.56 rows=106 width=4)
	  Index Cond: ((k >= 7795760) AND (k <= 7795860))

table 5 : explain SELECT k FROM sbtest5 WHERE k BETWEEN 7795760 AND 7795860
	Index Only Scan using k_5 on sbtest5  (cost=0.43..6.45 rows=101 width=4)
	  Index Cond: ((k >= 7795760) AND (k <= 7795860))

table 6 : explain SELECT k FROM sbtest6 WHERE k BETWEEN 7795760 AND 7795860
	Index Only Scan using k_6 on sbtest6  (cost=0.43..6.42 rows=99 width=4)
	  Index Cond: ((k >= 7795760) AND (k <= 7795860))

table 7 : explain SELECT k FROM sbtest7 WHERE k BETWEEN 7795760 AND 7795860
	Index Only Scan using k_7 on sbtest7  (cost=0.43..6.19 rows=88 width=4)
	  Index Cond: ((k >= 7795760) AND (k <= 7795860))

table 8 : explain SELECT k FROM sbtest8 WHERE k BETWEEN 7795760 AND 7795860
	Index Only Scan using k_8 on sbtest8  (cost=0.43..10.56 rows=106 width=4)
	  Index Cond: ((k >= 7795760) AND (k <= 7795860))

explain: for range-covered :: explain SELECT k FROM sbtest%d WHERE k BETWEEN 7795760 AND 7795860
for range-covered
table 1 : explain SELECT k FROM sbtest1 WHERE k BETWEEN 3572783 AND 3572883
	Index Only Scan using k_1 on sbtest1  (cost=0.43..6.51 rows=104 width=4)
	  Index Cond: ((k >= 3572783) AND (k <= 3572883))

table 2 : explain SELECT k FROM sbtest2 WHERE k BETWEEN 3572783 AND 3572883
	Index Only Scan using k_2 on sbtest2  (cost=0.43..10.47 rows=102 width=4)
	  Index Cond: ((k >= 3572783) AND (k <= 3572883))

table 3 : explain SELECT k FROM sbtest3 WHERE k BETWEEN 3572783 AND 3572883
	Index Only Scan using k_3 on sbtest3  (cost=0.43..6.63 rows=110 width=4)
	  Index Cond: ((k >= 3572783) AND (k <= 3572883))

table 4 : explain SELECT k FROM sbtest4 WHERE k BETWEEN 3572783 AND 3572883
	Index Only Scan using k_4 on sbtest4  (cost=0.43..6.47 rows=102 width=4)
	  Index Cond: ((k >= 3572783) AND (k <= 3572883))

table 5 : explain SELECT k FROM sbtest5 WHERE k BETWEEN 3572783 AND 3572883
	Index Only Scan using k_5 on sbtest5  (cost=0.43..6.42 rows=99 width=4)
	  Index Cond: ((k >= 3572783) AND (k <= 3572883))

table 6 : explain SELECT k FROM sbtest6 WHERE k BETWEEN 3572783 AND 3572883
	Index Only Scan using k_6 on sbtest6  (cost=0.43..6.58 rows=107 width=4)
	  Index Cond: ((k >= 3572783) AND (k <= 3572883))

table 7 : explain SELECT k FROM sbtest7 WHERE k BETWEEN 3572783 AND 3572883
	Index Only Scan using k_7 on sbtest7  (cost=0.43..6.50 rows=103 width=4)
	  Index Cond: ((k >= 3572783) AND (k <= 3572883))

table 8 : explain SELECT k FROM sbtest8 WHERE k BETWEEN 3572783 AND 3572883
	Index Only Scan using k_8 on sbtest8  (cost=0.43..10.68 rows=112 width=4)
	  Index Cond: ((k >= 3572783) AND (k <= 3572883))

for range-covered
table 1 : explain SELECT k FROM sbtest1 WHERE k BETWEEN 5492559 AND 5492659
	Index Only Scan using k_1 on sbtest1  (cost=0.43..6.79 rows=118 width=4)
	  Index Cond: ((k >= 5492559) AND (k <= 5492659))

table 2 : explain SELECT k FROM sbtest2 WHERE k BETWEEN 5492559 AND 5492659
	Index Only Scan using k_2 on sbtest2  (cost=0.43..10.50 rows=103 width=4)
	  Index Cond: ((k >= 5492559) AND (k <= 5492659))

table 3 : explain SELECT k FROM sbtest3 WHERE k BETWEEN 5492559 AND 5492659
	Index Only Scan using k_3 on sbtest3  (cost=0.43..6.50 rows=103 width=4)
	  Index Cond: ((k >= 5492559) AND (k <= 5492659))

table 4 : explain SELECT k FROM sbtest4 WHERE k BETWEEN 5492559 AND 5492659
	Index Only Scan using k_4 on sbtest4  (cost=0.43..6.63 rows=110 width=4)
	  Index Cond: ((k >= 5492559) AND (k <= 5492659))

table 5 : explain SELECT k FROM sbtest5 WHERE k BETWEEN 5492559 AND 5492659
	Index Only Scan using k_5 on sbtest5  (cost=0.43..6.51 rows=104 width=4)
	  Index Cond: ((k >= 5492559) AND (k <= 5492659))

table 6 : explain SELECT k FROM sbtest6 WHERE k BETWEEN 5492559 AND 5492659
	Index Only Scan using k_6 on sbtest6  (cost=0.43..6.53 rows=105 width=4)
	  Index Cond: ((k >= 5492559) AND (k <= 5492659))

table 7 : explain SELECT k FROM sbtest7 WHERE k BETWEEN 5492559 AND 5492659
	Index Only Scan using k_7 on sbtest7  (cost=0.43..6.47 rows=102 width=4)
	  Index Cond: ((k >= 5492559) AND (k <= 5492659))

table 8 : explain SELECT k FROM sbtest8 WHERE k BETWEEN 5492559 AND 5492659
	Index Only Scan using k_8 on sbtest8  (cost=0.43..10.33 rows=95 width=4)
	  Index Cond: ((k >= 5492559) AND (k <= 5492659))

explain: for range-covered :: explain SELECT k FROM sbtest%d WHERE k BETWEEN 5492559 AND 5492659
explain: for range-covered :: explain SELECT k FROM sbtest%d WHERE k BETWEEN 3572783 AND 3572883
for range-covered
table 1 : explain SELECT k FROM sbtest1 WHERE k BETWEEN 4935823 AND 4935923
	Index Only Scan using k_1 on sbtest1  (cost=0.43..6.37 rows=97 width=4)
	  Index Cond: ((k >= 4935823) AND (k <= 4935923))

table 2 : explain SELECT k FROM sbtest2 WHERE k BETWEEN 4935823 AND 4935923
	Index Only Scan using k_2 on sbtest2  (cost=0.43..10.44 rows=100 width=4)
	  Index Cond: ((k >= 4935823) AND (k <= 4935923))

table 3 : explain SELECT k FROM sbtest3 WHERE k BETWEEN 4935823 AND 4935923
	Index Only Scan using k_3 on sbtest3  (cost=0.43..6.33 rows=95 width=4)
	  Index Cond: ((k >= 4935823) AND (k <= 4935923))

table 4 : explain SELECT k FROM sbtest4 WHERE k BETWEEN 4935823 AND 4935923
	Index Only Scan using k_4 on sbtest4  (cost=0.43..6.33 rows=95 width=4)
	  Index Cond: ((k >= 4935823) AND (k <= 4935923))

table 5 : explain SELECT k FROM sbtest5 WHERE k BETWEEN 4935823 AND 4935923
	Index Only Scan using k_5 on sbtest5  (cost=0.43..6.75 rows=116 width=4)
	  Index Cond: ((k >= 4935823) AND (k <= 4935923))

table 6 : explain SELECT k FROM sbtest6 WHERE k BETWEEN 4935823 AND 4935923
	Index Only Scan using k_6 on sbtest6  (cost=0.43..6.45 rows=101 width=4)
	  Index Cond: ((k >= 4935823) AND (k <= 4935923))

table 7 : explain SELECT k FROM sbtest7 WHERE k BETWEEN 4935823 AND 4935923
	Index Only Scan using k_7 on sbtest7  (cost=0.43..6.50 rows=103 width=4)
	  Index Cond: ((k >= 4935823) AND (k <= 4935923))

table 8 : explain SELECT k FROM sbtest8 WHERE k BETWEEN 4935823 AND 4935923
	Index Only Scan using k_8 on sbtest8  (cost=0.43..10.38 rows=97 width=4)
	  Index Cond: ((k >= 4935823) AND (k <= 4935923))

explain: for range-covered :: explain SELECT k FROM sbtest%d WHERE k BETWEEN 4935823 AND 4935923
for range-covered
table 1 : explain SELECT k FROM sbtest1 WHERE k BETWEEN 7795760 AND 7795860
	Index Only Scan using k_1 on sbtest1  (cost=0.43..6.45 rows=101 width=4)
	  Index Cond: ((k >= 7795760) AND (k <= 7795860))

table 2 : explain SELECT k FROM sbtest2 WHERE k BETWEEN 7795760 AND 7795860
	Index Only Scan using k_2 on sbtest2  (cost=0.43..10.38 rows=97 width=4)
	  Index Cond: ((k >= 7795760) AND (k <= 7795860))

table 3 : explain SELECT k FROM sbtest3 WHERE k BETWEEN 7795760 AND 7795860
	Index Only Scan using k_3 on sbtest3  (cost=0.43..6.21 rows=89 width=4)
	  Index Cond: ((k >= 7795760) AND (k <= 7795860))

table 4 : explain SELECT k FROM sbtest4 WHERE k BETWEEN 7795760 AND 7795860
	Index Only Scan using k_4 on sbtest4  (cost=0.43..6.56 rows=106 width=4)
	  Index Cond: ((k >= 7795760) AND (k <= 7795860))

table 5 : explain SELECT k FROM sbtest5 WHERE k BETWEEN 7795760 AND 7795860
	Index Only Scan using k_5 on sbtest5  (cost=0.43..6.45 rows=101 width=4)
	  Index Cond: ((k >= 7795760) AND (k <= 7795860))

table 6 : explain SELECT k FROM sbtest6 WHERE k BETWEEN 7795760 AND 7795860
	Index Only Scan using k_6 on sbtest6  (cost=0.43..6.42 rows=99 width=4)
	  Index Cond: ((k >= 7795760) AND (k <= 7795860))

table 7 : explain SELECT k FROM sbtest7 WHERE k BETWEEN 7795760 AND 7795860
	Index Only Scan using k_7 on sbtest7  (cost=0.43..6.19 rows=88 width=4)
	  Index Cond: ((k >= 7795760) AND (k <= 7795860))

table 8 : explain SELECT k FROM sbtest8 WHERE k BETWEEN 7795760 AND 7795860
	Index Only Scan using k_8 on sbtest8  (cost=0.43..10.56 rows=106 width=4)
	  Index Cond: ((k >= 7795760) AND (k <= 7795860))

explain: for range-covered :: explain SELECT k FROM sbtest%d WHERE k BETWEEN 7795760 AND 7795860
for range-covered
table 1 : explain SELECT k FROM sbtest1 WHERE k BETWEEN 5492559 AND 5492659
	Index Only Scan using k_1 on sbtest1  (cost=0.43..6.79 rows=118 width=4)
	  Index Cond: ((k >= 5492559) AND (k <= 5492659))

table 2 : explain SELECT k FROM sbtest2 WHERE k BETWEEN 5492559 AND 5492659
	Index Only Scan using k_2 on sbtest2  (cost=0.43..10.50 rows=103 width=4)
	  Index Cond: ((k >= 5492559) AND (k <= 5492659))

table 3 : explain SELECT k FROM sbtest3 WHERE k BETWEEN 5492559 AND 5492659
	Index Only Scan using k_3 on sbtest3  (cost=0.43..6.50 rows=103 width=4)
	  Index Cond: ((k >= 5492559) AND (k <= 5492659))

table 4 : explain SELECT k FROM sbtest4 WHERE k BETWEEN 5492559 AND 5492659
	Index Only Scan using k_4 on sbtest4  (cost=0.43..6.63 rows=110 width=4)
	  Index Cond: ((k >= 5492559) AND (k <= 5492659))

table 5 : explain SELECT k FROM sbtest5 WHERE k BETWEEN 5492559 AND 5492659
	Index Only Scan using k_5 on sbtest5  (cost=0.43..6.51 rows=104 width=4)
	  Index Cond: ((k >= 5492559) AND (k <= 5492659))

table 6 : explain SELECT k FROM sbtest6 WHERE k BETWEEN 5492559 AND 5492659
	Index Only Scan using k_6 on sbtest6  (cost=0.43..6.53 rows=105 width=4)
	  Index Cond: ((k >= 5492559) AND (k <= 5492659))

table 7 : explain SELECT k FROM sbtest7 WHERE k BETWEEN 5492559 AND 5492659
	Index Only Scan using k_7 on sbtest7  (cost=0.43..6.47 rows=102 width=4)
	  Index Cond: ((k >= 5492559) AND (k <= 5492659))

table 8 : explain SELECT k FROM sbtest8 WHERE k BETWEEN 5492559 AND 5492659
	Index Only Scan using k_8 on sbtest8  (cost=0.43..10.33 rows=95 width=4)
	  Index Cond: ((k >= 5492559) AND (k <= 5492659))

for range-covered
table 1 : explain SELECT k FROM sbtest1 WHERE k BETWEEN 4935823 AND 4935923
	Index Only Scan using k_1 on sbtest1  (cost=0.43..6.37 rows=97 width=4)
	  Index Cond: ((k >= 4935823) AND (k <= 4935923))

table 2 : explain SELECT k FROM sbtest2 WHERE k BETWEEN 4935823 AND 4935923
	Index Only Scan using k_2 on sbtest2  (cost=0.43..10.44 rows=100 width=4)
	  Index Cond: ((k >= 4935823) AND (k <= 4935923))

table 3 : explain SELECT k FROM sbtest3 WHERE k BETWEEN 4935823 AND 4935923
	Index Only Scan using k_3 on sbtest3  (cost=0.43..6.33 rows=95 width=4)
	  Index Cond: ((k >= 4935823) AND (k <= 4935923))

table 4 : explain SELECT k FROM sbtest4 WHERE k BETWEEN 4935823 AND 4935923
	Index Only Scan using k_4 on sbtest4  (cost=0.43..6.33 rows=95 width=4)
	  Index Cond: ((k >= 4935823) AND (k <= 4935923))

table 5 : explain SELECT k FROM sbtest5 WHERE k BETWEEN 4935823 AND 4935923
	Index Only Scan using k_5 on sbtest5  (cost=0.43..6.75 rows=116 width=4)
	  Index Cond: ((k >= 4935823) AND (k <= 4935923))

table 6 : explain SELECT k FROM sbtest6 WHERE k BETWEEN 4935823 AND 4935923
	Index Only Scan using k_6 on sbtest6  (cost=0.43..6.45 rows=101 width=4)
	  Index Cond: ((k >= 4935823) AND (k <= 4935923))

table 7 : explain SELECT k FROM sbtest7 WHERE k BETWEEN 4935823 AND 4935923
	Index Only Scan using k_7 on sbtest7  (cost=0.43..6.50 rows=103 width=4)
	  Index Cond: ((k >= 4935823) AND (k <= 4935923))

table 8 : explain SELECT k FROM sbtest8 WHERE k BETWEEN 4935823 AND 4935923
	Index Only Scan using k_8 on sbtest8  (cost=0.43..10.38 rows=97 width=4)
	  Index Cond: ((k >= 4935823) AND (k <= 4935923))

explain: for range-covered :: explain SELECT k FROM sbtest%d WHERE k BETWEEN 5492559 AND 5492659
for range-covered
table 1 : explain SELECT k FROM sbtest1 WHERE k BETWEEN 4346874 AND 4346974
	Index Only Scan using k_1 on sbtest1  (cost=0.43..6.47 rows=102 width=4)
	  Index Cond: ((k >= 4346874) AND (k <= 4346974))

table 2 : explain SELECT k FROM sbtest2 WHERE k BETWEEN 4346874 AND 4346974
	Index Only Scan using k_2 on sbtest2  (cost=0.43..10.38 rows=97 width=4)
	  Index Cond: ((k >= 4346874) AND (k <= 4346974))

table 3 : explain SELECT k FROM sbtest3 WHERE k BETWEEN 4346874 AND 4346974
	Index Only Scan using k_3 on sbtest3  (cost=0.43..6.67 rows=112 width=4)
	  Index Cond: ((k >= 4346874) AND (k <= 4346974))

table 4 : explain SELECT k FROM sbtest4 WHERE k BETWEEN 4346874 AND 4346974
	Index Only Scan using k_4 on sbtest4  (cost=0.43..6.45 rows=101 width=4)
	  Index Cond: ((k >= 4346874) AND (k <= 4346974))

table 5 : explain SELECT k FROM sbtest5 WHERE k BETWEEN 4346874 AND 4346974
	Index Only Scan using k_5 on sbtest5  (cost=0.43..6.43 rows=100 width=4)
	  Index Cond: ((k >= 4346874) AND (k <= 4346974))

table 6 : explain SELECT k FROM sbtest6 WHERE k BETWEEN 4346874 AND 4346974
	Index Only Scan using k_6 on sbtest6  (cost=0.43..6.33 rows=95 width=4)
	  Index Cond: ((k >= 4346874) AND (k <= 4346974))

table 7 : explain SELECT k FROM sbtest7 WHERE k BETWEEN 4346874 AND 4346974
	Index Only Scan using k_7 on sbtest7  (cost=0.43..6.51 rows=104 width=4)
	  Index Cond: ((k >= 4346874) AND (k <= 4346974))

table 8 : explain SELECT k FROM sbtest8 WHERE k BETWEEN 4346874 AND 4346974
	Index Only Scan using k_8 on sbtest8  (cost=0.43..10.42 rows=99 width=4)
	  Index Cond: ((k >= 4346874) AND (k <= 4346974))

for range-covered
table 1 : explain SELECT k FROM sbtest1 WHERE k BETWEEN 3927879 AND 3927979
	Index Only Scan using k_1 on sbtest1  (cost=0.43..6.50 rows=103 width=4)
	  Index Cond: ((k >= 3927879) AND (k <= 3927979))

table 2 : explain SELECT k FROM sbtest2 WHERE k BETWEEN 3927879 AND 3927979
	Index Only Scan using k_2 on sbtest2  (cost=0.43..10.29 rows=93 width=4)
	  Index Cond: ((k >= 3927879) AND (k <= 3927979))

table 3 : explain SELECT k FROM sbtest3 WHERE k BETWEEN 3927879 AND 3927979
	Index Only Scan using k_3 on sbtest3  (cost=0.43..6.43 rows=100 width=4)
	  Index Cond: ((k >= 3927879) AND (k <= 3927979))

table 4 : explain SELECT k FROM sbtest4 WHERE k BETWEEN 3927879 AND 3927979
	Index Only Scan using k_4 on sbtest4  (cost=0.43..6.47 rows=102 width=4)
	  Index Cond: ((k >= 3927879) AND (k <= 3927979))

table 5 : explain SELECT k FROM sbtest5 WHERE k BETWEEN 3927879 AND 3927979
	Index Only Scan using k_5 on sbtest5  (cost=0.43..6.35 rows=96 width=4)
	  Index Cond: ((k >= 3927879) AND (k <= 3927979))

table 6 : explain SELECT k FROM sbtest6 WHERE k BETWEEN 3927879 AND 3927979
	Index Only Scan using k_6 on sbtest6  (cost=0.43..6.47 rows=102 width=4)
	  Index Cond: ((k >= 3927879) AND (k <= 3927979))

table 7 : explain SELECT k FROM sbtest7 WHERE k BETWEEN 3927879 AND 3927979
	Index Only Scan using k_7 on sbtest7  (cost=0.43..6.24 rows=90 width=4)
	  Index Cond: ((k >= 3927879) AND (k <= 3927979))

table 8 : explain SELECT k FROM sbtest8 WHERE k BETWEEN 3927879 AND 3927979
	Index Only Scan using k_8 on sbtest8  (cost=0.43..10.60 rows=108 width=4)
	  Index Cond: ((k >= 3927879) AND (k <= 3927979))

explain: for range-covered :: explain SELECT k FROM sbtest%d WHERE k BETWEEN 3927879 AND 3927979
for range-covered
table 1 : explain SELECT k FROM sbtest1 WHERE k BETWEEN 9246214 AND 9246314
	Index Only Scan using k_1 on sbtest1  (cost=0.43..6.51 rows=104 width=4)
	  Index Cond: ((k >= 9246214) AND (k <= 9246314))

table 2 : explain SELECT k FROM sbtest2 WHERE k BETWEEN 9246214 AND 9246314
	Index Only Scan using k_2 on sbtest2  (cost=0.43..10.40 rows=98 width=4)
	  Index Cond: ((k >= 9246214) AND (k <= 9246314))

table 3 : explain SELECT k FROM sbtest3 WHERE k BETWEEN 9246214 AND 9246314
	Index Only Scan using k_3 on sbtest3  (cost=0.43..6.45 rows=101 width=4)
	  Index Cond: ((k >= 9246214) AND (k <= 9246314))

table 4 : explain SELECT k FROM sbtest4 WHERE k BETWEEN 9246214 AND 9246314
	Index Only Scan using k_4 on sbtest4  (cost=0.43..6.59 rows=108 width=4)
	  Index Cond: ((k >= 9246214) AND (k <= 9246314))

table 5 : explain SELECT k FROM sbtest5 WHERE k BETWEEN 9246214 AND 9246314
	Index Only Scan using k_5 on sbtest5  (cost=0.43..6.29 rows=93 width=4)
	  Index Cond: ((k >= 9246214) AND (k <= 9246314))

table 6 : explain SELECT k FROM sbtest6 WHERE k BETWEEN 9246214 AND 9246314
	Index Only Scan using k_6 on sbtest6  (cost=0.43..6.53 rows=105 width=4)
	  Index Cond: ((k >= 9246214) AND (k <= 9246314))

table 7 : explain SELECT k FROM sbtest7 WHERE k BETWEEN 9246214 AND 9246314
	Index Only Scan using k_7 on sbtest7  (cost=0.43..6.45 rows=101 width=4)
	  Index Cond: ((k >= 9246214) AND (k <= 9246314))

table 8 : explain SELECT k FROM sbtest8 WHERE k BETWEEN 9246214 AND 9246314
	Index Only Scan using k_8 on sbtest8  (cost=0.43..10.50 rows=103 width=4)
	  Index Cond: ((k >= 9246214) AND (k <= 9246314))

for range-covered
table 1 : explain SELECT k FROM sbtest1 WHERE k BETWEEN 7795760 AND 7795860
	Index Only Scan using k_1 on sbtest1  (cost=0.43..6.45 rows=101 width=4)
	  Index Cond: ((k >= 7795760) AND (k <= 7795860))

table 2 : explain SELECT k FROM sbtest2 WHERE k BETWEEN 7795760 AND 7795860
	Index Only Scan using k_2 on sbtest2  (cost=0.43..10.38 rows=97 width=4)
	  Index Cond: ((k >= 7795760) AND (k <= 7795860))

table 3 : explain SELECT k FROM sbtest3 WHERE k BETWEEN 7795760 AND 7795860
	Index Only Scan using k_3 on sbtest3  (cost=0.43..6.21 rows=89 width=4)
	  Index Cond: ((k >= 7795760) AND (k <= 7795860))

table 4 : explain SELECT k FROM sbtest4 WHERE k BETWEEN 7795760 AND 7795860
	Index Only Scan using k_4 on sbtest4  (cost=0.43..6.56 rows=106 width=4)
	  Index Cond: ((k >= 7795760) AND (k <= 7795860))

table 5 : explain SELECT k FROM sbtest5 WHERE k BETWEEN 7795760 AND 7795860
	Index Only Scan using k_5 on sbtest5  (cost=0.43..6.45 rows=101 width=4)
	  Index Cond: ((k >= 7795760) AND (k <= 7795860))

table 6 : explain SELECT k FROM sbtest6 WHERE k BETWEEN 7795760 AND 7795860
	Index Only Scan using k_6 on sbtest6  (cost=0.43..6.42 rows=99 width=4)
	  Index Cond: ((k >= 7795760) AND (k <= 7795860))

table 7 : explain SELECT k FROM sbtest7 WHERE k BETWEEN 7795760 AND 7795860
	Index Only Scan using k_7 on sbtest7  (cost=0.43..6.19 rows=88 width=4)
	  Index Cond: ((k >= 7795760) AND (k <= 7795860))

table 8 : explain SELECT k FROM sbtest8 WHERE k BETWEEN 7795760 AND 7795860
	Index Only Scan using k_8 on sbtest8  (cost=0.43..10.56 rows=106 width=4)
	  Index Cond: ((k >= 7795760) AND (k <= 7795860))

for range-covered
table 1 : explain SELECT k FROM sbtest1 WHERE k BETWEEN 4369903 AND 4370003
	Index Only Scan using k_1 on sbtest1  (cost=0.43..6.47 rows=102 width=4)
	  Index Cond: ((k >= 4369903) AND (k <= 4370003))

table 2 : explain SELECT k FROM sbtest2 WHERE k BETWEEN 4369903 AND 4370003
	Index Only Scan using k_2 on sbtest2  (cost=0.43..10.38 rows=97 width=4)
	  Index Cond: ((k >= 4369903) AND (k <= 4370003))

table 3 : explain SELECT k FROM sbtest3 WHERE k BETWEEN 4369903 AND 4370003
	Index Only Scan using k_3 on sbtest3  (cost=0.43..6.50 rows=103 width=4)
	  Index Cond: ((k >= 4369903) AND (k <= 4370003))

table 4 : explain SELECT k FROM sbtest4 WHERE k BETWEEN 4369903 AND 4370003
	Index Only Scan using k_4 on sbtest4  (cost=0.43..6.45 rows=101 width=4)
	  Index Cond: ((k >= 4369903) AND (k <= 4370003))

table 5 : explain SELECT k FROM sbtest5 WHERE k BETWEEN 4369903 AND 4370003
	Index Only Scan using k_5 on sbtest5  (cost=0.43..6.43 rows=100 width=4)
	  Index Cond: ((k >= 4369903) AND (k <= 4370003))

table 6 : explain SELECT k FROM sbtest6 WHERE k BETWEEN 4369903 AND 4370003
	Index Only Scan using k_6 on sbtest6  (cost=0.43..6.33 rows=95 width=4)
	  Index Cond: ((k >= 4369903) AND (k <= 4370003))

table 7 : explain SELECT k FROM sbtest7 WHERE k BETWEEN 4369903 AND 4370003
	Index Only Scan using k_7 on sbtest7  (cost=0.43..6.51 rows=104 width=4)
	  Index Cond: ((k >= 4369903) AND (k <= 4370003))

table 8 : explain SELECT k FROM sbtest8 WHERE k BETWEEN 4369903 AND 4370003
	Index Only Scan using k_8 on sbtest8  (cost=0.43..10.42 rows=99 width=4)
	  Index Cond: ((k >= 4369903) AND (k <= 4370003))

explain: for range-covered :: explain SELECT k FROM sbtest%d WHERE k BETWEEN 4369903 AND 4370003
explain: for range-covered :: explain SELECT k FROM sbtest%d WHERE k BETWEEN 9246214 AND 9246314
for range-covered
table 1 : explain SELECT k FROM sbtest1 WHERE k BETWEEN 5492559 AND 5492659
	Index Only Scan using k_1 on sbtest1  (cost=0.43..6.79 rows=118 width=4)
	  Index Cond: ((k >= 5492559) AND (k <= 5492659))

table 2 : explain SELECT k FROM sbtest2 WHERE k BETWEEN 5492559 AND 5492659
	Index Only Scan using k_2 on sbtest2  (cost=0.43..10.50 rows=103 width=4)
	  Index Cond: ((k >= 5492559) AND (k <= 5492659))

table 3 : explain SELECT k FROM sbtest3 WHERE k BETWEEN 5492559 AND 5492659
	Index Only Scan using k_3 on sbtest3  (cost=0.43..6.50 rows=103 width=4)
	  Index Cond: ((k >= 5492559) AND (k <= 5492659))

table 4 : explain SELECT k FROM sbtest4 WHERE k BETWEEN 5492559 AND 5492659
	Index Only Scan using k_4 on sbtest4  (cost=0.43..6.63 rows=110 width=4)
	  Index Cond: ((k >= 5492559) AND (k <= 5492659))

table 5 : explain SELECT k FROM sbtest5 WHERE k BETWEEN 5492559 AND 5492659
	Index Only Scan using k_5 on sbtest5  (cost=0.43..6.51 rows=104 width=4)
	  Index Cond: ((k >= 5492559) AND (k <= 5492659))

table 6 : explain SELECT k FROM sbtest6 WHERE k BETWEEN 5492559 AND 5492659
	Index Only Scan using k_6 on sbtest6  (cost=0.43..6.53 rows=105 width=4)
	  Index Cond: ((k >= 5492559) AND (k <= 5492659))

table 7 : explain SELECT k FROM sbtest7 WHERE k BETWEEN 5492559 AND 5492659
	Index Only Scan using k_7 on sbtest7  (cost=0.43..6.47 rows=102 width=4)
	  Index Cond: ((k >= 5492559) AND (k <= 5492659))

table 8 : explain SELECT k FROM sbtest8 WHERE k BETWEEN 5492559 AND 5492659
	Index Only Scan using k_8 on sbtest8  (cost=0.43..10.33 rows=95 width=4)
	  Index Cond: ((k >= 5492559) AND (k <= 5492659))

explain: for range-covered :: explain SELECT k FROM sbtest%d WHERE k BETWEEN 3508709 AND 3508809
explain: for range-covered :: explain SELECT k FROM sbtest%d WHERE k BETWEEN 7795760 AND 7795860
for range-covered
table 1 : explain SELECT k FROM sbtest1 WHERE k BETWEEN 5883756 AND 5883856
	Index Only Scan using k_1 on sbtest1  (cost=0.43..6.40 rows=98 width=4)
	  Index Cond: ((k >= 5883756) AND (k <= 5883856))

table 2 : explain SELECT k FROM sbtest2 WHERE k BETWEEN 5883756 AND 5883856
	Index Only Scan using k_2 on sbtest2  (cost=0.43..10.62 rows=109 width=4)
	  Index Cond: ((k >= 5883756) AND (k <= 5883856))

table 3 : explain SELECT k FROM sbtest3 WHERE k BETWEEN 5883756 AND 5883856
	Index Only Scan using k_3 on sbtest3  (cost=0.43..6.40 rows=98 width=4)
	  Index Cond: ((k >= 5883756) AND (k <= 5883856))

table 4 : explain SELECT k FROM sbtest4 WHERE k BETWEEN 5883756 AND 5883856
	Index Only Scan using k_4 on sbtest4  (cost=0.43..6.45 rows=101 width=4)
	  Index Cond: ((k >= 5883756) AND (k <= 5883856))

table 5 : explain SELECT k FROM sbtest5 WHERE k BETWEEN 5883756 AND 5883856
	Index Only Scan using k_5 on sbtest5  (cost=0.43..6.33 rows=95 width=4)
	  Index Cond: ((k >= 5883756) AND (k <= 5883856))

table 6 : explain SELECT k FROM sbtest6 WHERE k BETWEEN 5883756 AND 5883856
	Index Only Scan using k_6 on sbtest6  (cost=0.43..6.42 rows=99 width=4)
	  Index Cond: ((k >= 5883756) AND (k <= 5883856))

table 7 : explain SELECT k FROM sbtest7 WHERE k BETWEEN 5883756 AND 5883856
	Index Only Scan using k_7 on sbtest7  (cost=0.43..6.42 rows=99 width=4)
	  Index Cond: ((k >= 5883756) AND (k <= 5883856))

table 8 : explain SELECT k FROM sbtest8 WHERE k BETWEEN 5883756 AND 5883856
	Index Only Scan using k_8 on sbtest8  (cost=0.43..10.60 rows=108 width=4)
	  Index Cond: ((k >= 5883756) AND (k <= 5883856))

explain: for range-covered :: explain SELECT k FROM sbtest%d WHERE k BETWEEN 5492559 AND 5492659
explain: for range-covered :: explain SELECT k FROM sbtest%d WHERE k BETWEEN 5883756 AND 5883856
for range-covered
table 1 : explain SELECT k FROM sbtest1 WHERE k BETWEEN 3572783 AND 3572883
	Index Only Scan using k_1 on sbtest1  (cost=0.43..6.51 rows=104 width=4)
	  Index Cond: ((k >= 3572783) AND (k <= 3572883))

table 2 : explain SELECT k FROM sbtest2 WHERE k BETWEEN 3572783 AND 3572883
	Index Only Scan using k_2 on sbtest2  (cost=0.43..10.47 rows=102 width=4)
	  Index Cond: ((k >= 3572783) AND (k <= 3572883))

table 3 : explain SELECT k FROM sbtest3 WHERE k BETWEEN 3572783 AND 3572883
	Index Only Scan using k_3 on sbtest3  (cost=0.43..6.63 rows=110 width=4)
	  Index Cond: ((k >= 3572783) AND (k <= 3572883))

table 4 : explain SELECT k FROM sbtest4 WHERE k BETWEEN 3572783 AND 3572883
	Index Only Scan using k_4 on sbtest4  (cost=0.43..6.47 rows=102 width=4)
	  Index Cond: ((k >= 3572783) AND (k <= 3572883))

table 5 : explain SELECT k FROM sbtest5 WHERE k BETWEEN 3572783 AND 3572883
	Index Only Scan using k_5 on sbtest5  (cost=0.43..6.42 rows=99 width=4)
	  Index Cond: ((k >= 3572783) AND (k <= 3572883))

table 6 : explain SELECT k FROM sbtest6 WHERE k BETWEEN 3572783 AND 3572883
	Index Only Scan using k_6 on sbtest6  (cost=0.43..6.58 rows=107 width=4)
	  Index Cond: ((k >= 3572783) AND (k <= 3572883))

table 7 : explain SELECT k FROM sbtest7 WHERE k BETWEEN 3572783 AND 3572883
	Index Only Scan using k_7 on sbtest7  (cost=0.43..6.50 rows=103 width=4)
	  Index Cond: ((k >= 3572783) AND (k <= 3572883))

table 8 : explain SELECT k FROM sbtest8 WHERE k BETWEEN 3572783 AND 3572883
	Index Only Scan using k_8 on sbtest8  (cost=0.43..10.68 rows=112 width=4)
	  Index Cond: ((k >= 3572783) AND (k <= 3572883))

explain: for range-covered :: explain SELECT k FROM sbtest%d WHERE k BETWEEN 3572783 AND 3572883
for range-covered
table 1 : explain SELECT k FROM sbtest1 WHERE k BETWEEN 3927879 AND 3927979
	Index Only Scan using k_1 on sbtest1  (cost=0.43..6.50 rows=103 width=4)
	  Index Cond: ((k >= 3927879) AND (k <= 3927979))

table 2 : explain SELECT k FROM sbtest2 WHERE k BETWEEN 3927879 AND 3927979
	Index Only Scan using k_2 on sbtest2  (cost=0.43..10.29 rows=93 width=4)
	  Index Cond: ((k >= 3927879) AND (k <= 3927979))

table 3 : explain SELECT k FROM sbtest3 WHERE k BETWEEN 3927879 AND 3927979
	Index Only Scan using k_3 on sbtest3  (cost=0.43..6.43 rows=100 width=4)
	  Index Cond: ((k >= 3927879) AND (k <= 3927979))

table 4 : explain SELECT k FROM sbtest4 WHERE k BETWEEN 3927879 AND 3927979
	Index Only Scan using k_4 on sbtest4  (cost=0.43..6.47 rows=102 width=4)
	  Index Cond: ((k >= 3927879) AND (k <= 3927979))

table 5 : explain SELECT k FROM sbtest5 WHERE k BETWEEN 3927879 AND 3927979
	Index Only Scan using k_5 on sbtest5  (cost=0.43..6.35 rows=96 width=4)
	  Index Cond: ((k >= 3927879) AND (k <= 3927979))

table 6 : explain SELECT k FROM sbtest6 WHERE k BETWEEN 3927879 AND 3927979
	Index Only Scan using k_6 on sbtest6  (cost=0.43..6.47 rows=102 width=4)
	  Index Cond: ((k >= 3927879) AND (k <= 3927979))

table 7 : explain SELECT k FROM sbtest7 WHERE k BETWEEN 3927879 AND 3927979
	Index Only Scan using k_7 on sbtest7  (cost=0.43..6.24 rows=90 width=4)
	  Index Cond: ((k >= 3927879) AND (k <= 3927979))

table 8 : explain SELECT k FROM sbtest8 WHERE k BETWEEN 3927879 AND 3927979
	Index Only Scan using k_8 on sbtest8  (cost=0.43..10.60 rows=108 width=4)
	  Index Cond: ((k >= 3927879) AND (k <= 3927979))

for range-covered
table 1 : explain SELECT k FROM sbtest1 WHERE k BETWEEN 9540859 AND 9540959
	Index Only Scan using k_1 on sbtest1  (cost=0.43..6.45 rows=101 width=4)
	  Index Cond: ((k >= 9540859) AND (k <= 9540959))

table 2 : explain SELECT k FROM sbtest2 WHERE k BETWEEN 9540859 AND 9540959
	Index Only Scan using k_2 on sbtest2  (cost=0.43..10.56 rows=106 width=4)
	  Index Cond: ((k >= 9540859) AND (k <= 9540959))

table 3 : explain SELECT k FROM sbtest3 WHERE k BETWEEN 9540859 AND 9540959
	Index Only Scan using k_3 on sbtest3  (cost=0.43..6.43 rows=100 width=4)
	  Index Cond: ((k >= 9540859) AND (k <= 9540959))

table 4 : explain SELECT k FROM sbtest4 WHERE k BETWEEN 9540859 AND 9540959
	Index Only Scan using k_4 on sbtest4  (cost=0.43..6.47 rows=102 width=4)
	  Index Cond: ((k >= 9540859) AND (k <= 9540959))

table 5 : explain SELECT k FROM sbtest5 WHERE k BETWEEN 9540859 AND 9540959
	Index Only Scan using k_5 on sbtest5  (cost=0.43..6.56 rows=106 width=4)
	  Index Cond: ((k >= 9540859) AND (k <= 9540959))

table 6 : explain SELECT k FROM sbtest6 WHERE k BETWEEN 9540859 AND 9540959
	Index Only Scan using k_6 on sbtest6  (cost=0.43..6.45 rows=101 width=4)
	  Index Cond: ((k >= 9540859) AND (k <= 9540959))

table 7 : explain SELECT k FROM sbtest7 WHERE k BETWEEN 9540859 AND 9540959
	Index Only Scan using k_7 on sbtest7  (cost=0.43..6.67 rows=112 width=4)
	  Index Cond: ((k >= 9540859) AND (k <= 9540959))

table 8 : explain SELECT k FROM sbtest8 WHERE k BETWEEN 9540859 AND 9540959
	Index Only Scan using k_8 on sbtest8  (cost=0.43..10.70 rows=113 width=4)
	  Index Cond: ((k >= 9540859) AND (k <= 9540959))

for range-covered
table 1 : explain SELECT k FROM sbtest1 WHERE k BETWEEN 5883756 AND 5883856
	Index Only Scan using k_1 on sbtest1  (cost=0.43..6.40 rows=98 width=4)
	  Index Cond: ((k >= 5883756) AND (k <= 5883856))

table 2 : explain SELECT k FROM sbtest2 WHERE k BETWEEN 5883756 AND 5883856
	Index Only Scan using k_2 on sbtest2  (cost=0.43..10.62 rows=109 width=4)
	  Index Cond: ((k >= 5883756) AND (k <= 5883856))

table 3 : explain SELECT k FROM sbtest3 WHERE k BETWEEN 5883756 AND 5883856
	Index Only Scan using k_3 on sbtest3  (cost=0.43..6.40 rows=98 width=4)
	  Index Cond: ((k >= 5883756) AND (k <= 5883856))

table 4 : explain SELECT k FROM sbtest4 WHERE k BETWEEN 5883756 AND 5883856
	Index Only Scan using k_4 on sbtest4  (cost=0.43..6.45 rows=101 width=4)
	  Index Cond: ((k >= 5883756) AND (k <= 5883856))

table 5 : explain SELECT k FROM sbtest5 WHERE k BETWEEN 5883756 AND 5883856
	Index Only Scan using k_5 on sbtest5  (cost=0.43..6.33 rows=95 width=4)
	  Index Cond: ((k >= 5883756) AND (k <= 5883856))

table 6 : explain SELECT k FROM sbtest6 WHERE k BETWEEN 5883756 AND 5883856
	Index Only Scan using k_6 on sbtest6  (cost=0.43..6.42 rows=99 width=4)
	  Index Cond: ((k >= 5883756) AND (k <= 5883856))

table 7 : explain SELECT k FROM sbtest7 WHERE k BETWEEN 5883756 AND 5883856
	Index Only Scan using k_7 on sbtest7  (cost=0.43..6.42 rows=99 width=4)
	  Index Cond: ((k >= 5883756) AND (k <= 5883856))

table 8 : explain SELECT k FROM sbtest8 WHERE k BETWEEN 5883756 AND 5883856
	Index Only Scan using k_8 on sbtest8  (cost=0.43..10.60 rows=108 width=4)
	  Index Cond: ((k >= 5883756) AND (k <= 5883856))

explain: for range-covered :: explain SELECT k FROM sbtest%d WHERE k BETWEEN 9540859 AND 9540959
for range-covered
table 1 : explain SELECT k FROM sbtest1 WHERE k BETWEEN 4369903 AND 4370003
	Index Only Scan using k_1 on sbtest1  (cost=0.43..6.47 rows=102 width=4)
	  Index Cond: ((k >= 4369903) AND (k <= 4370003))

table 2 : explain SELECT k FROM sbtest2 WHERE k BETWEEN 4369903 AND 4370003
	Index Only Scan using k_2 on sbtest2  (cost=0.43..10.38 rows=97 width=4)
	  Index Cond: ((k >= 4369903) AND (k <= 4370003))

table 3 : explain SELECT k FROM sbtest3 WHERE k BETWEEN 4369903 AND 4370003
	Index Only Scan using k_3 on sbtest3  (cost=0.43..6.50 rows=103 width=4)
	  Index Cond: ((k >= 4369903) AND (k <= 4370003))

table 4 : explain SELECT k FROM sbtest4 WHERE k BETWEEN 4369903 AND 4370003
	Index Only Scan using k_4 on sbtest4  (cost=0.43..6.45 rows=101 width=4)
	  Index Cond: ((k >= 4369903) AND (k <= 4370003))

table 5 : explain SELECT k FROM sbtest5 WHERE k BETWEEN 4369903 AND 4370003
	Index Only Scan using k_5 on sbtest5  (cost=0.43..6.43 rows=100 width=4)
	  Index Cond: ((k >= 4369903) AND (k <= 4370003))

table 6 : explain SELECT k FROM sbtest6 WHERE k BETWEEN 4369903 AND 4370003
	Index Only Scan using k_6 on sbtest6  (cost=0.43..6.33 rows=95 width=4)
	  Index Cond: ((k >= 4369903) AND (k <= 4370003))

table 7 : explain SELECT k FROM sbtest7 WHERE k BETWEEN 4369903 AND 4370003
	Index Only Scan using k_7 on sbtest7  (cost=0.43..6.51 rows=104 width=4)
	  Index Cond: ((k >= 4369903) AND (k <= 4370003))

table 8 : explain SELECT k FROM sbtest8 WHERE k BETWEEN 4369903 AND 4370003
	Index Only Scan using k_8 on sbtest8  (cost=0.43..10.42 rows=99 width=4)
	  Index Cond: ((k >= 4369903) AND (k <= 4370003))

explain: for range-covered :: explain SELECT k FROM sbtest%d WHERE k BETWEEN 5883756 AND 5883856
explain: for range-covered :: explain SELECT k FROM sbtest%d WHERE k BETWEEN 4369903 AND 4370003
for range-covered
table 1 : explain SELECT k FROM sbtest1 WHERE k BETWEEN 3508709 AND 3508809
	Index Only Scan using k_1 on sbtest1  (cost=0.43..6.35 rows=96 width=4)
	  Index Cond: ((k >= 3508709) AND (k <= 3508809))

table 2 : explain SELECT k FROM sbtest2 WHERE k BETWEEN 3508709 AND 3508809
	Index Only Scan using k_2 on sbtest2  (cost=0.43..10.42 rows=99 width=4)
	  Index Cond: ((k >= 3508709) AND (k <= 3508809))

table 3 : explain SELECT k FROM sbtest3 WHERE k BETWEEN 3508709 AND 3508809
	Index Only Scan using k_3 on sbtest3  (cost=0.43..6.50 rows=103 width=4)
	  Index Cond: ((k >= 3508709) AND (k <= 3508809))

table 4 : explain SELECT k FROM sbtest4 WHERE k BETWEEN 3508709 AND 3508809
	Index Only Scan using k_4 on sbtest4  (cost=0.43..6.27 rows=92 width=4)
	  Index Cond: ((k >= 3508709) AND (k <= 3508809))

table 5 : explain SELECT k FROM sbtest5 WHERE k BETWEEN 3508709 AND 3508809
	Index Only Scan using k_5 on sbtest5  (cost=0.43..6.42 rows=99 width=4)
	  Index Cond: ((k >= 3508709) AND (k <= 3508809))

table 6 : explain SELECT k FROM sbtest6 WHERE k BETWEEN 3508709 AND 3508809
	Index Only Scan using k_6 on sbtest6  (cost=0.43..6.50 rows=103 width=4)
	  Index Cond: ((k >= 3508709) AND (k <= 3508809))

table 7 : explain SELECT k FROM sbtest7 WHERE k BETWEEN 3508709 AND 3508809
	Index Only Scan using k_7 on sbtest7  (cost=0.43..6.40 rows=98 width=4)
	  Index Cond: ((k >= 3508709) AND (k <= 3508809))

table 8 : explain SELECT k FROM sbtest8 WHERE k BETWEEN 3508709 AND 3508809
	Index Only Scan using k_8 on sbtest8  (cost=0.43..10.56 rows=106 width=4)
	  Index Cond: ((k >= 3508709) AND (k <= 3508809))

explain: for range-covered :: explain SELECT k FROM sbtest%d WHERE k BETWEEN 4606982 AND 4607082
for range-covered
table 1 : explain SELECT k FROM sbtest1 WHERE k BETWEEN 3572783 AND 3572883
	Index Only Scan using k_1 on sbtest1  (cost=0.43..6.51 rows=104 width=4)
	  Index Cond: ((k >= 3572783) AND (k <= 3572883))

table 2 : explain SELECT k FROM sbtest2 WHERE k BETWEEN 3572783 AND 3572883
	Index Only Scan using k_2 on sbtest2  (cost=0.43..10.47 rows=102 width=4)
	  Index Cond: ((k >= 3572783) AND (k <= 3572883))

table 3 : explain SELECT k FROM sbtest3 WHERE k BETWEEN 3572783 AND 3572883
	Index Only Scan using k_3 on sbtest3  (cost=0.43..6.63 rows=110 width=4)
	  Index Cond: ((k >= 3572783) AND (k <= 3572883))

table 4 : explain SELECT k FROM sbtest4 WHERE k BETWEEN 3572783 AND 3572883
	Index Only Scan using k_4 on sbtest4  (cost=0.43..6.47 rows=102 width=4)
	  Index Cond: ((k >= 3572783) AND (k <= 3572883))

table 5 : explain SELECT k FROM sbtest5 WHERE k BETWEEN 3572783 AND 3572883
	Index Only Scan using k_5 on sbtest5  (cost=0.43..6.42 rows=99 width=4)
	  Index Cond: ((k >= 3572783) AND (k <= 3572883))

table 6 : explain SELECT k FROM sbtest6 WHERE k BETWEEN 3572783 AND 3572883
	Index Only Scan using k_6 on sbtest6  (cost=0.43..6.58 rows=107 width=4)
	  Index Cond: ((k >= 3572783) AND (k <= 3572883))

table 7 : explain SELECT k FROM sbtest7 WHERE k BETWEEN 3572783 AND 3572883
	Index Only Scan using k_7 on sbtest7  (cost=0.43..6.50 rows=103 width=4)
	  Index Cond: ((k >= 3572783) AND (k <= 3572883))

table 8 : explain SELECT k FROM sbtest8 WHERE k BETWEEN 3572783 AND 3572883
	Index Only Scan using k_8 on sbtest8  (cost=0.43..10.68 rows=112 width=4)
	  Index Cond: ((k >= 3572783) AND (k <= 3572883))

explain: for range-covered :: explain SELECT k FROM sbtest%d WHERE k BETWEEN 3927879 AND 3927979
explain: for range-covered :: explain SELECT k FROM sbtest%d WHERE k BETWEEN 3508709 AND 3508809
for range-covered
table 1 : explain SELECT k FROM sbtest1 WHERE k BETWEEN 7795760 AND 7795860
	Index Only Scan using k_1 on sbtest1  (cost=0.43..6.45 rows=101 width=4)
	  Index Cond: ((k >= 7795760) AND (k <= 7795860))

table 2 : explain SELECT k FROM sbtest2 WHERE k BETWEEN 7795760 AND 7795860
	Index Only Scan using k_2 on sbtest2  (cost=0.43..10.38 rows=97 width=4)
	  Index Cond: ((k >= 7795760) AND (k <= 7795860))

table 3 : explain SELECT k FROM sbtest3 WHERE k BETWEEN 7795760 AND 7795860
	Index Only Scan using k_3 on sbtest3  (cost=0.43..6.21 rows=89 width=4)
	  Index Cond: ((k >= 7795760) AND (k <= 7795860))

table 4 : explain SELECT k FROM sbtest4 WHERE k BETWEEN 7795760 AND 7795860
	Index Only Scan using k_4 on sbtest4  (cost=0.43..6.56 rows=106 width=4)
	  Index Cond: ((k >= 7795760) AND (k <= 7795860))

table 5 : explain SELECT k FROM sbtest5 WHERE k BETWEEN 7795760 AND 7795860
	Index Only Scan using k_5 on sbtest5  (cost=0.43..6.45 rows=101 width=4)
	  Index Cond: ((k >= 7795760) AND (k <= 7795860))

table 6 : explain SELECT k FROM sbtest6 WHERE k BETWEEN 7795760 AND 7795860
	Index Only Scan using k_6 on sbtest6  (cost=0.43..6.42 rows=99 width=4)
	  Index Cond: ((k >= 7795760) AND (k <= 7795860))

table 7 : explain SELECT k FROM sbtest7 WHERE k BETWEEN 7795760 AND 7795860
	Index Only Scan using k_7 on sbtest7  (cost=0.43..6.19 rows=88 width=4)
	  Index Cond: ((k >= 7795760) AND (k <= 7795860))

table 8 : explain SELECT k FROM sbtest8 WHERE k BETWEEN 7795760 AND 7795860
	Index Only Scan using k_8 on sbtest8  (cost=0.43..10.56 rows=106 width=4)
	  Index Cond: ((k >= 7795760) AND (k <= 7795860))

explain: for range-covered :: explain SELECT k FROM sbtest%d WHERE k BETWEEN 3572783 AND 3572883
for range-covered
table 1 : explain SELECT k FROM sbtest1 WHERE k BETWEEN 5883756 AND 5883856
	Index Only Scan using k_1 on sbtest1  (cost=0.43..6.40 rows=98 width=4)
	  Index Cond: ((k >= 5883756) AND (k <= 5883856))

table 2 : explain SELECT k FROM sbtest2 WHERE k BETWEEN 5883756 AND 5883856
	Index Only Scan using k_2 on sbtest2  (cost=0.43..10.62 rows=109 width=4)
	  Index Cond: ((k >= 5883756) AND (k <= 5883856))

table 3 : explain SELECT k FROM sbtest3 WHERE k BETWEEN 5883756 AND 5883856
	Index Only Scan using k_3 on sbtest3  (cost=0.43..6.40 rows=98 width=4)
	  Index Cond: ((k >= 5883756) AND (k <= 5883856))

table 4 : explain SELECT k FROM sbtest4 WHERE k BETWEEN 5883756 AND 5883856
	Index Only Scan using k_4 on sbtest4  (cost=0.43..6.45 rows=101 width=4)
	  Index Cond: ((k >= 5883756) AND (k <= 5883856))

table 5 : explain SELECT k FROM sbtest5 WHERE k BETWEEN 5883756 AND 5883856
	Index Only Scan using k_5 on sbtest5  (cost=0.43..6.33 rows=95 width=4)
	  Index Cond: ((k >= 5883756) AND (k <= 5883856))

table 6 : explain SELECT k FROM sbtest6 WHERE k BETWEEN 5883756 AND 5883856
	Index Only Scan using k_6 on sbtest6  (cost=0.43..6.42 rows=99 width=4)
	  Index Cond: ((k >= 5883756) AND (k <= 5883856))

table 7 : explain SELECT k FROM sbtest7 WHERE k BETWEEN 5883756 AND 5883856
	Index Only Scan using k_7 on sbtest7  (cost=0.43..6.42 rows=99 width=4)
	  Index Cond: ((k >= 5883756) AND (k <= 5883856))

table 8 : explain SELECT k FROM sbtest8 WHERE k BETWEEN 5883756 AND 5883856
	Index Only Scan using k_8 on sbtest8  (cost=0.43..10.60 rows=108 width=4)
	  Index Cond: ((k >= 5883756) AND (k <= 5883856))

explain: for range-covered :: explain SELECT k FROM sbtest%d WHERE k BETWEEN 2748810 AND 2748910
for range-covered
table 1 : explain SELECT k FROM sbtest1 WHERE k BETWEEN 9246214 AND 9246314
	Index Only Scan using k_1 on sbtest1  (cost=0.43..6.51 rows=104 width=4)
	  Index Cond: ((k >= 9246214) AND (k <= 9246314))

table 2 : explain SELECT k FROM sbtest2 WHERE k BETWEEN 9246214 AND 9246314
	Index Only Scan using k_2 on sbtest2  (cost=0.43..10.40 rows=98 width=4)
	  Index Cond: ((k >= 9246214) AND (k <= 9246314))

table 3 : explain SELECT k FROM sbtest3 WHERE k BETWEEN 9246214 AND 9246314
	Index Only Scan using k_3 on sbtest3  (cost=0.43..6.45 rows=101 width=4)
	  Index Cond: ((k >= 9246214) AND (k <= 9246314))

table 4 : explain SELECT k FROM sbtest4 WHERE k BETWEEN 9246214 AND 9246314
	Index Only Scan using k_4 on sbtest4  (cost=0.43..6.59 rows=108 width=4)
	  Index Cond: ((k >= 9246214) AND (k <= 9246314))

table 5 : explain SELECT k FROM sbtest5 WHERE k BETWEEN 9246214 AND 9246314
	Index Only Scan using k_5 on sbtest5  (cost=0.43..6.29 rows=93 width=4)
	  Index Cond: ((k >= 9246214) AND (k <= 9246314))

table 6 : explain SELECT k FROM sbtest6 WHERE k BETWEEN 9246214 AND 9246314
	Index Only Scan using k_6 on sbtest6  (cost=0.43..6.53 rows=105 width=4)
	  Index Cond: ((k >= 9246214) AND (k <= 9246314))

table 7 : explain SELECT k FROM sbtest7 WHERE k BETWEEN 9246214 AND 9246314
	Index Only Scan using k_7 on sbtest7  (cost=0.43..6.45 rows=101 width=4)
	  Index Cond: ((k >= 9246214) AND (k <= 9246314))

table 8 : explain SELECT k FROM sbtest8 WHERE k BETWEEN 9246214 AND 9246314
	Index Only Scan using k_8 on sbtest8  (cost=0.43..10.50 rows=103 width=4)
	  Index Cond: ((k >= 9246214) AND (k <= 9246314))

for range-covered
table 1 : explain SELECT k FROM sbtest1 WHERE k BETWEEN 4369903 AND 4370003
	Index Only Scan using k_1 on sbtest1  (cost=0.43..6.47 rows=102 width=4)
	  Index Cond: ((k >= 4369903) AND (k <= 4370003))

table 2 : explain SELECT k FROM sbtest2 WHERE k BETWEEN 4369903 AND 4370003
	Index Only Scan using k_2 on sbtest2  (cost=0.43..10.38 rows=97 width=4)
	  Index Cond: ((k >= 4369903) AND (k <= 4370003))

table 3 : explain SELECT k FROM sbtest3 WHERE k BETWEEN 4369903 AND 4370003
	Index Only Scan using k_3 on sbtest3  (cost=0.43..6.50 rows=103 width=4)
	  Index Cond: ((k >= 4369903) AND (k <= 4370003))

table 4 : explain SELECT k FROM sbtest4 WHERE k BETWEEN 4369903 AND 4370003
	Index Only Scan using k_4 on sbtest4  (cost=0.43..6.45 rows=101 width=4)
	  Index Cond: ((k >= 4369903) AND (k <= 4370003))

table 5 : explain SELECT k FROM sbtest5 WHERE k BETWEEN 4369903 AND 4370003
	Index Only Scan using k_5 on sbtest5  (cost=0.43..6.43 rows=100 width=4)
	  Index Cond: ((k >= 4369903) AND (k <= 4370003))

table 6 : explain SELECT k FROM sbtest6 WHERE k BETWEEN 4369903 AND 4370003
	Index Only Scan using k_6 on sbtest6  (cost=0.43..6.33 rows=95 width=4)
	  Index Cond: ((k >= 4369903) AND (k <= 4370003))

table 7 : explain SELECT k FROM sbtest7 WHERE k BETWEEN 4369903 AND 4370003
	Index Only Scan using k_7 on sbtest7  (cost=0.43..6.51 rows=104 width=4)
	  Index Cond: ((k >= 4369903) AND (k <= 4370003))

table 8 : explain SELECT k FROM sbtest8 WHERE k BETWEEN 4369903 AND 4370003
	Index Only Scan using k_8 on sbtest8  (cost=0.43..10.42 rows=99 width=4)
	  Index Cond: ((k >= 4369903) AND (k <= 4370003))

explain: for range-covered :: explain SELECT k FROM sbtest%d WHERE k BETWEEN 7795760 AND 7795860
explain: for range-covered :: explain SELECT k FROM sbtest%d WHERE k BETWEEN 4369903 AND 4370003
explain: for range-covered :: explain SELECT k FROM sbtest%d WHERE k BETWEEN 9246214 AND 9246314explain: for range-covered :: explain SELECT k FROM sbtest%d WHERE k BETWEEN 5883756 AND 5883856
for range-covered
table 1 : explain SELECT k FROM sbtest1 WHERE k BETWEEN 3508709 AND 3508809
	Index Only Scan using k_1 on sbtest1  (cost=0.43..6.35 rows=96 width=4)
	  Index Cond: ((k >= 3508709) AND (k <= 3508809))

table 2 : explain SELECT k FROM sbtest2 WHERE k BETWEEN 3508709 AND 3508809
	Index Only Scan using k_2 on sbtest2  (cost=0.43..10.42 rows=99 width=4)
	  Index Cond: ((k >= 3508709) AND (k <= 3508809))

table 3 : explain SELECT k FROM sbtest3 WHERE k BETWEEN 3508709 AND 3508809
	Index Only Scan using k_3 on sbtest3  (cost=0.43..6.50 rows=103 width=4)
	  Index Cond: ((k >= 3508709) AND (k <= 3508809))

table 4 : explain SELECT k FROM sbtest4 WHERE k BETWEEN 3508709 AND 3508809
	Index Only Scan using k_4 on sbtest4  (cost=0.43..6.27 rows=92 width=4)
	  Index Cond: ((k >= 3508709) AND (k <= 3508809))

table 5 : explain SELECT k FROM sbtest5 WHERE k BETWEEN 3508709 AND 3508809
	Index Only Scan using k_5 on sbtest5  (cost=0.43..6.42 rows=99 width=4)
	  Index Cond: ((k >= 3508709) AND (k <= 3508809))

table 6 : explain SELECT k FROM sbtest6 WHERE k BETWEEN 3508709 AND 3508809
	Index Only Scan using k_6 on sbtest6  (cost=0.43..6.50 rows=103 width=4)
	  Index Cond: ((k >= 3508709) AND (k <= 3508809))

table 7 : explain SELECT k FROM sbtest7 WHERE k BETWEEN 3508709 AND 3508809
	Index Only Scan using k_7 on sbtest7  (cost=0.43..6.40 rows=98 width=4)
	  Index Cond: ((k >= 3508709) AND (k <= 3508809))

table 8 : explain SELECT k FROM sbtest8 WHERE k BETWEEN 3508709 AND 3508809
	Index Only Scan using k_8 on sbtest8  (cost=0.43..10.56 rows=106 width=4)
	  Index Cond: ((k >= 3508709) AND (k <= 3508809))


for range-covered
table 1 : explain SELECT k FROM sbtest1 WHERE k BETWEEN 5492559 AND 5492659
	Index Only Scan using k_1 on sbtest1  (cost=0.43..6.79 rows=118 width=4)
	  Index Cond: ((k >= 5492559) AND (k <= 5492659))

table 2 : explain SELECT k FROM sbtest2 WHERE k BETWEEN 5492559 AND 5492659
	Index Only Scan using k_2 on sbtest2  (cost=0.43..10.50 rows=103 width=4)
	  Index Cond: ((k >= 5492559) AND (k <= 5492659))

table 3 : explain SELECT k FROM sbtest3 WHERE k BETWEEN 5492559 AND 5492659
	Index Only Scan using k_3 on sbtest3  (cost=0.43..6.50 rows=103 width=4)
	  Index Cond: ((k >= 5492559) AND (k <= 5492659))

table 4 : explain SELECT k FROM sbtest4 WHERE k BETWEEN 5492559 AND 5492659
	Index Only Scan using k_4 on sbtest4  (cost=0.43..6.63 rows=110 width=4)
	  Index Cond: ((k >= 5492559) AND (k <= 5492659))

table 5 : explain SELECT k FROM sbtest5 WHERE k BETWEEN 5492559 AND 5492659
	Index Only Scan using k_5 on sbtest5  (cost=0.43..6.51 rows=104 width=4)
	  Index Cond: ((k >= 5492559) AND (k <= 5492659))

table 6 : explain SELECT k FROM sbtest6 WHERE k BETWEEN 5492559 AND 5492659
	Index Only Scan using k_6 on sbtest6  (cost=0.43..6.53 rows=105 width=4)
	  Index Cond: ((k >= 5492559) AND (k <= 5492659))

table 7 : explain SELECT k FROM sbtest7 WHERE k BETWEEN 5492559 AND 5492659
	Index Only Scan using k_7 on sbtest7  (cost=0.43..6.47 rows=102 width=4)
	  Index Cond: ((k >= 5492559) AND (k <= 5492659))

table 8 : explain SELECT k FROM sbtest8 WHERE k BETWEEN 5492559 AND 5492659
	Index Only Scan using k_8 on sbtest8  (cost=0.43..10.33 rows=95 width=4)
	  Index Cond: ((k >= 5492559) AND (k <= 5492659))

explain: for range-covered :: explain SELECT k FROM sbtest%d WHERE k BETWEEN 3508709 AND 3508809
explain: for range-covered :: explain SELECT k FROM sbtest%d WHERE k BETWEEN 842871 AND 842971
for range-covered
table 1 : explain SELECT k FROM sbtest1 WHERE k BETWEEN 3572783 AND 3572883
	Index Only Scan using k_1 on sbtest1  (cost=0.43..6.51 rows=104 width=4)
	  Index Cond: ((k >= 3572783) AND (k <= 3572883))

table 2 : explain SELECT k FROM sbtest2 WHERE k BETWEEN 3572783 AND 3572883
	Index Only Scan using k_2 on sbtest2  (cost=0.43..10.47 rows=102 width=4)
	  Index Cond: ((k >= 3572783) AND (k <= 3572883))

table 3 : explain SELECT k FROM sbtest3 WHERE k BETWEEN 3572783 AND 3572883
	Index Only Scan using k_3 on sbtest3  (cost=0.43..6.63 rows=110 width=4)
	  Index Cond: ((k >= 3572783) AND (k <= 3572883))

table 4 : explain SELECT k FROM sbtest4 WHERE k BETWEEN 3572783 AND 3572883
	Index Only Scan using k_4 on sbtest4  (cost=0.43..6.47 rows=102 width=4)
	  Index Cond: ((k >= 3572783) AND (k <= 3572883))

table 5 : explain SELECT k FROM sbtest5 WHERE k BETWEEN 3572783 AND 3572883
	Index Only Scan using k_5 on sbtest5  (cost=0.43..6.42 rows=99 width=4)
	  Index Cond: ((k >= 3572783) AND (k <= 3572883))

table 6 : explain SELECT k FROM sbtest6 WHERE k BETWEEN 3572783 AND 3572883
	Index Only Scan using k_6 on sbtest6  (cost=0.43..6.58 rows=107 width=4)
	  Index Cond: ((k >= 3572783) AND (k <= 3572883))

table 7 : explain SELECT k FROM sbtest7 WHERE k BETWEEN 3572783 AND 3572883
	Index Only Scan using k_7 on sbtest7  (cost=0.43..6.50 rows=103 width=4)
	  Index Cond: ((k >= 3572783) AND (k <= 3572883))

table 8 : explain SELECT k FROM sbtest8 WHERE k BETWEEN 3572783 AND 3572883
	Index Only Scan using k_8 on sbtest8  (cost=0.43..10.68 rows=112 width=4)
	  Index Cond: ((k >= 3572783) AND (k <= 3572883))

explain: for range-covered :: explain SELECT k FROM sbtest%d WHERE k BETWEEN 5492559 AND 5492659
explain: for range-covered :: explain SELECT k FROM sbtest%d WHERE k BETWEEN 3572783 AND 3572883
for range-covered
table 1 : explain SELECT k FROM sbtest1 WHERE k BETWEEN 3927879 AND 3927979
	Index Only Scan using k_1 on sbtest1  (cost=0.43..6.50 rows=103 width=4)
	  Index Cond: ((k >= 3927879) AND (k <= 3927979))

table 2 : explain SELECT k FROM sbtest2 WHERE k BETWEEN 3927879 AND 3927979
	Index Only Scan using k_2 on sbtest2  (cost=0.43..10.29 rows=93 width=4)
	  Index Cond: ((k >= 3927879) AND (k <= 3927979))

table 3 : explain SELECT k FROM sbtest3 WHERE k BETWEEN 3927879 AND 3927979
	Index Only Scan using k_3 on sbtest3  (cost=0.43..6.43 rows=100 width=4)
	  Index Cond: ((k >= 3927879) AND (k <= 3927979))

table 4 : explain SELECT k FROM sbtest4 WHERE k BETWEEN 3927879 AND 3927979
	Index Only Scan using k_4 on sbtest4  (cost=0.43..6.47 rows=102 width=4)
	  Index Cond: ((k >= 3927879) AND (k <= 3927979))

table 5 : explain SELECT k FROM sbtest5 WHERE k BETWEEN 3927879 AND 3927979
	Index Only Scan using k_5 on sbtest5  (cost=0.43..6.35 rows=96 width=4)
	  Index Cond: ((k >= 3927879) AND (k <= 3927979))

table 6 : explain SELECT k FROM sbtest6 WHERE k BETWEEN 3927879 AND 3927979
	Index Only Scan using k_6 on sbtest6  (cost=0.43..6.47 rows=102 width=4)
	  Index Cond: ((k >= 3927879) AND (k <= 3927979))

table 7 : explain SELECT k FROM sbtest7 WHERE k BETWEEN 3927879 AND 3927979
	Index Only Scan using k_7 on sbtest7  (cost=0.43..6.24 rows=90 width=4)
	  Index Cond: ((k >= 3927879) AND (k <= 3927979))

table 8 : explain SELECT k FROM sbtest8 WHERE k BETWEEN 3927879 AND 3927979
	Index Only Scan using k_8 on sbtest8  (cost=0.43..10.60 rows=108 width=4)
	  Index Cond: ((k >= 3927879) AND (k <= 3927979))

for range-covered
table 1 : explain SELECT k FROM sbtest1 WHERE k BETWEEN 3165004 AND 3165104
	Index Only Scan using k_1 on sbtest1  (cost=0.43..6.45 rows=101 width=4)
	  Index Cond: ((k >= 3165004) AND (k <= 3165104))

table 2 : explain SELECT k FROM sbtest2 WHERE k BETWEEN 3165004 AND 3165104
	Index Only Scan using k_2 on sbtest2  (cost=0.43..10.36 rows=96 width=4)
	  Index Cond: ((k >= 3165004) AND (k <= 3165104))

table 3 : explain SELECT k FROM sbtest3 WHERE k BETWEEN 3165004 AND 3165104
	Index Only Scan using k_3 on sbtest3  (cost=0.43..6.25 rows=91 width=4)
	  Index Cond: ((k >= 3165004) AND (k <= 3165104))

table 4 : explain SELECT k FROM sbtest4 WHERE k BETWEEN 3165004 AND 3165104
	Index Only Scan using k_4 on sbtest4  (cost=0.43..6.53 rows=105 width=4)
	  Index Cond: ((k >= 3165004) AND (k <= 3165104))

table 5 : explain SELECT k FROM sbtest5 WHERE k BETWEEN 3165004 AND 3165104
	Index Only Scan using k_5 on sbtest5  (cost=0.43..6.32 rows=94 width=4)
	  Index Cond: ((k >= 3165004) AND (k <= 3165104))

table 6 : explain SELECT k FROM sbtest6 WHERE k BETWEEN 3165004 AND 3165104
	Index Only Scan using k_6 on sbtest6  (cost=0.43..6.58 rows=107 width=4)
	  Index Cond: ((k >= 3165004) AND (k <= 3165104))

table 7 : explain SELECT k FROM sbtest7 WHERE k BETWEEN 3165004 AND 3165104
	Index Only Scan using k_7 on sbtest7  (cost=0.43..6.42 rows=99 width=4)
	  Index Cond: ((k >= 3165004) AND (k <= 3165104))

table 8 : explain SELECT k FROM sbtest8 WHERE k BETWEEN 3165004 AND 3165104
	Index Only Scan using k_8 on sbtest8  (cost=0.43..10.63 rows=110 width=4)
	  Index Cond: ((k >= 3165004) AND (k <= 3165104))

for range-covered
table 1 : explain SELECT k FROM sbtest1 WHERE k BETWEEN 3386275 AND 3386375
	Index Only Scan using k_1 on sbtest1  (cost=0.43..6.45 rows=101 width=4)
	  Index Cond: ((k >= 3386275) AND (k <= 3386375))

table 2 : explain SELECT k FROM sbtest2 WHERE k BETWEEN 3386275 AND 3386375
	Index Only Scan using k_2 on sbtest2  (cost=0.43..10.60 rows=108 width=4)
	  Index Cond: ((k >= 3386275) AND (k <= 3386375))

table 3 : explain SELECT k FROM sbtest3 WHERE k BETWEEN 3386275 AND 3386375
	Index Only Scan using k_3 on sbtest3  (cost=0.43..6.37 rows=97 width=4)
	  Index Cond: ((k >= 3386275) AND (k <= 3386375))

table 4 : explain SELECT k FROM sbtest4 WHERE k BETWEEN 3386275 AND 3386375
	Index Only Scan using k_4 on sbtest4  (cost=0.43..6.50 rows=103 width=4)
	  Index Cond: ((k >= 3386275) AND (k <= 3386375))

table 5 : explain SELECT k FROM sbtest5 WHERE k BETWEEN 3386275 AND 3386375
	Index Only Scan using k_5 on sbtest5  (cost=0.43..6.33 rows=95 width=4)
	  Index Cond: ((k >= 3386275) AND (k <= 3386375))

table 6 : explain SELECT k FROM sbtest6 WHERE k BETWEEN 3386275 AND 3386375
	Index Only Scan using k_6 on sbtest6  (cost=0.43..6.35 rows=96 width=4)
	  Index Cond: ((k >= 3386275) AND (k <= 3386375))

table 7 : explain SELECT k FROM sbtest7 WHERE k BETWEEN 3386275 AND 3386375
	Index Only Scan using k_7 on sbtest7  (cost=0.43..6.33 rows=95 width=4)
	  Index Cond: ((k >= 3386275) AND (k <= 3386375))

table 8 : explain SELECT k FROM sbtest8 WHERE k BETWEEN 3386275 AND 3386375
	Index Only Scan using k_8 on sbtest8  (cost=0.43..10.60 rows=108 width=4)
	  Index Cond: ((k >= 3386275) AND (k <= 3386375))

explain: for range-covered :: explain SELECT k FROM sbtest%d WHERE k BETWEEN 3165004 AND 3165104
explain: for range-covered :: explain SELECT k FROM sbtest%d WHERE k BETWEEN 3927879 AND 3927979
for range-covered
table 1 : explain SELECT k FROM sbtest1 WHERE k BETWEEN 4369903 AND 4370003
	Index Only Scan using k_1 on sbtest1  (cost=0.43..6.47 rows=102 width=4)
	  Index Cond: ((k >= 4369903) AND (k <= 4370003))

table 2 : explain SELECT k FROM sbtest2 WHERE k BETWEEN 4369903 AND 4370003
	Index Only Scan using k_2 on sbtest2  (cost=0.43..10.38 rows=97 width=4)
	  Index Cond: ((k >= 4369903) AND (k <= 4370003))

table 3 : explain SELECT k FROM sbtest3 WHERE k BETWEEN 4369903 AND 4370003
	Index Only Scan using k_3 on sbtest3  (cost=0.43..6.50 rows=103 width=4)
	  Index Cond: ((k >= 4369903) AND (k <= 4370003))

table 4 : explain SELECT k FROM sbtest4 WHERE k BETWEEN 4369903 AND 4370003
	Index Only Scan using k_4 on sbtest4  (cost=0.43..6.45 rows=101 width=4)
	  Index Cond: ((k >= 4369903) AND (k <= 4370003))

table 5 : explain SELECT k FROM sbtest5 WHERE k BETWEEN 4369903 AND 4370003
	Index Only Scan using k_5 on sbtest5  (cost=0.43..6.43 rows=100 width=4)
	  Index Cond: ((k >= 4369903) AND (k <= 4370003))

table 6 : explain SELECT k FROM sbtest6 WHERE k BETWEEN 4369903 AND 4370003
	Index Only Scan using k_6 on sbtest6  (cost=0.43..6.33 rows=95 width=4)
	  Index Cond: ((k >= 4369903) AND (k <= 4370003))

table 7 : explain SELECT k FROM sbtest7 WHERE k BETWEEN 4369903 AND 4370003
	Index Only Scan using k_7 on sbtest7  (cost=0.43..6.51 rows=104 width=4)
	  Index Cond: ((k >= 4369903) AND (k <= 4370003))

table 8 : explain SELECT k FROM sbtest8 WHERE k BETWEEN 4369903 AND 4370003
	Index Only Scan using k_8 on sbtest8  (cost=0.43..10.42 rows=99 width=4)
	  Index Cond: ((k >= 4369903) AND (k <= 4370003))

explain: for range-covered :: explain SELECT k FROM sbtest%d WHERE k BETWEEN 4369903 AND 4370003
for range-covered
table 1 : explain SELECT k FROM sbtest1 WHERE k BETWEEN 5883756 AND 5883856
	Index Only Scan using k_1 on sbtest1  (cost=0.43..6.40 rows=98 width=4)
	  Index Cond: ((k >= 5883756) AND (k <= 5883856))

table 2 : explain SELECT k FROM sbtest2 WHERE k BETWEEN 5883756 AND 5883856
	Index Only Scan using k_2 on sbtest2  (cost=0.43..10.62 rows=109 width=4)
	  Index Cond: ((k >= 5883756) AND (k <= 5883856))

table 3 : explain SELECT k FROM sbtest3 WHERE k BETWEEN 5883756 AND 5883856
	Index Only Scan using k_3 on sbtest3  (cost=0.43..6.40 rows=98 width=4)
	  Index Cond: ((k >= 5883756) AND (k <= 5883856))

table 4 : explain SELECT k FROM sbtest4 WHERE k BETWEEN 5883756 AND 5883856
	Index Only Scan using k_4 on sbtest4  (cost=0.43..6.45 rows=101 width=4)
	  Index Cond: ((k >= 5883756) AND (k <= 5883856))

table 5 : explain SELECT k FROM sbtest5 WHERE k BETWEEN 5883756 AND 5883856
	Index Only Scan using k_5 on sbtest5  (cost=0.43..6.33 rows=95 width=4)
	  Index Cond: ((k >= 5883756) AND (k <= 5883856))

table 6 : explain SELECT k FROM sbtest6 WHERE k BETWEEN 5883756 AND 5883856
	Index Only Scan using k_6 on sbtest6  (cost=0.43..6.42 rows=99 width=4)
	  Index Cond: ((k >= 5883756) AND (k <= 5883856))

table 7 : explain SELECT k FROM sbtest7 WHERE k BETWEEN 5883756 AND 5883856
	Index Only Scan using k_7 on sbtest7  (cost=0.43..6.42 rows=99 width=4)
	  Index Cond: ((k >= 5883756) AND (k <= 5883856))

table 8 : explain SELECT k FROM sbtest8 WHERE k BETWEEN 5883756 AND 5883856
	Index Only Scan using k_8 on sbtest8  (cost=0.43..10.60 rows=108 width=4)
	  Index Cond: ((k >= 5883756) AND (k <= 5883856))

for range-covered
table 1 : explain SELECT k FROM sbtest1 WHERE k BETWEEN 3508709 AND 3508809
	Index Only Scan using k_1 on sbtest1  (cost=0.43..6.35 rows=96 width=4)
	  Index Cond: ((k >= 3508709) AND (k <= 3508809))

table 2 : explain SELECT k FROM sbtest2 WHERE k BETWEEN 3508709 AND 3508809
	Index Only Scan using k_2 on sbtest2  (cost=0.43..10.42 rows=99 width=4)
	  Index Cond: ((k >= 3508709) AND (k <= 3508809))

table 3 : explain SELECT k FROM sbtest3 WHERE k BETWEEN 3508709 AND 3508809
	Index Only Scan using k_3 on sbtest3  (cost=0.43..6.50 rows=103 width=4)
	  Index Cond: ((k >= 3508709) AND (k <= 3508809))

table 4 : explain SELECT k FROM sbtest4 WHERE k BETWEEN 3508709 AND 3508809
	Index Only Scan using k_4 on sbtest4  (cost=0.43..6.27 rows=92 width=4)
	  Index Cond: ((k >= 3508709) AND (k <= 3508809))

table 5 : explain SELECT k FROM sbtest5 WHERE k BETWEEN 3508709 AND 3508809
	Index Only Scan using k_5 on sbtest5  (cost=0.43..6.42 rows=99 width=4)
	  Index Cond: ((k >= 3508709) AND (k <= 3508809))

table 6 : explain SELECT k FROM sbtest6 WHERE k BETWEEN 3508709 AND 3508809
	Index Only Scan using k_6 on sbtest6  (cost=0.43..6.50 rows=103 width=4)
	  Index Cond: ((k >= 3508709) AND (k <= 3508809))

table 7 : explain SELECT k FROM sbtest7 WHERE k BETWEEN 3508709 AND 3508809
	Index Only Scan using k_7 on sbtest7  (cost=0.43..6.40 rows=98 width=4)
	  Index Cond: ((k >= 3508709) AND (k <= 3508809))

table 8 : explain SELECT k FROM sbtest8 WHERE k BETWEEN 3508709 AND 3508809
	Index Only Scan using k_8 on sbtest8  (cost=0.43..10.56 rows=106 width=4)
	  Index Cond: ((k >= 3508709) AND (k <= 3508809))

for range-covered
table 1 : explain SELECT k FROM sbtest1 WHERE k BETWEEN 3165004 AND 3165104
	Index Only Scan using k_1 on sbtest1  (cost=0.43..6.45 rows=101 width=4)
	  Index Cond: ((k >= 3165004) AND (k <= 3165104))

table 2 : explain SELECT k FROM sbtest2 WHERE k BETWEEN 3165004 AND 3165104
	Index Only Scan using k_2 on sbtest2  (cost=0.43..10.36 rows=96 width=4)
	  Index Cond: ((k >= 3165004) AND (k <= 3165104))

table 3 : explain SELECT k FROM sbtest3 WHERE k BETWEEN 3165004 AND 3165104
	Index Only Scan using k_3 on sbtest3  (cost=0.43..6.25 rows=91 width=4)
	  Index Cond: ((k >= 3165004) AND (k <= 3165104))

table 4 : explain SELECT k FROM sbtest4 WHERE k BETWEEN 3165004 AND 3165104
	Index Only Scan using k_4 on sbtest4  (cost=0.43..6.53 rows=105 width=4)
	  Index Cond: ((k >= 3165004) AND (k <= 3165104))

table 5 : explain SELECT k FROM sbtest5 WHERE k BETWEEN 3165004 AND 3165104
	Index Only Scan using k_5 on sbtest5  (cost=0.43..6.32 rows=94 width=4)
	  Index Cond: ((k >= 3165004) AND (k <= 3165104))

table 6 : explain SELECT k FROM sbtest6 WHERE k BETWEEN 3165004 AND 3165104
	Index Only Scan using k_6 on sbtest6  (cost=0.43..6.58 rows=107 width=4)
	  Index Cond: ((k >= 3165004) AND (k <= 3165104))

table 7 : explain SELECT k FROM sbtest7 WHERE k BETWEEN 3165004 AND 3165104
	Index Only Scan using k_7 on sbtest7  (cost=0.43..6.42 rows=99 width=4)
	  Index Cond: ((k >= 3165004) AND (k <= 3165104))

table 8 : explain SELECT k FROM sbtest8 WHERE k BETWEEN 3165004 AND 3165104
	Index Only Scan using k_8 on sbtest8  (cost=0.43..10.63 rows=110 width=4)
	  Index Cond: ((k >= 3165004) AND (k <= 3165104))

explain: for range-covered :: explain SELECT k FROM sbtest%d WHERE k BETWEEN 3508709 AND 3508809
explain: for range-covered :: explain SELECT k FROM sbtest%d WHERE k BETWEEN 3165004 AND 3165104
explain: for range-covered :: explain SELECT k FROM sbtest%d WHERE k BETWEEN 3386275 AND 3386375
for range-covered
table 1 : explain SELECT k FROM sbtest1 WHERE k BETWEEN 3572783 AND 3572883
	Index Only Scan using k_1 on sbtest1  (cost=0.43..6.51 rows=104 width=4)
	  Index Cond: ((k >= 3572783) AND (k <= 3572883))

table 2 : explain SELECT k FROM sbtest2 WHERE k BETWEEN 3572783 AND 3572883
	Index Only Scan using k_2 on sbtest2  (cost=0.43..10.47 rows=102 width=4)
	  Index Cond: ((k >= 3572783) AND (k <= 3572883))

table 3 : explain SELECT k FROM sbtest3 WHERE k BETWEEN 3572783 AND 3572883
	Index Only Scan using k_3 on sbtest3  (cost=0.43..6.63 rows=110 width=4)
	  Index Cond: ((k >= 3572783) AND (k <= 3572883))

table 4 : explain SELECT k FROM sbtest4 WHERE k BETWEEN 3572783 AND 3572883
	Index Only Scan using k_4 on sbtest4  (cost=0.43..6.47 rows=102 width=4)
	  Index Cond: ((k >= 3572783) AND (k <= 3572883))

table 5 : explain SELECT k FROM sbtest5 WHERE k BETWEEN 3572783 AND 3572883
	Index Only Scan using k_5 on sbtest5  (cost=0.43..6.42 rows=99 width=4)
	  Index Cond: ((k >= 3572783) AND (k <= 3572883))

table 6 : explain SELECT k FROM sbtest6 WHERE k BETWEEN 3572783 AND 3572883
	Index Only Scan using k_6 on sbtest6  (cost=0.43..6.58 rows=107 width=4)
	  Index Cond: ((k >= 3572783) AND (k <= 3572883))

table 7 : explain SELECT k FROM sbtest7 WHERE k BETWEEN 3572783 AND 3572883
	Index Only Scan using k_7 on sbtest7  (cost=0.43..6.50 rows=103 width=4)
	  Index Cond: ((k >= 3572783) AND (k <= 3572883))

table 8 : explain SELECT k FROM sbtest8 WHERE k BETWEEN 3572783 AND 3572883
	Index Only Scan using k_8 on sbtest8  (cost=0.43..10.68 rows=112 width=4)
	  Index Cond: ((k >= 3572783) AND (k <= 3572883))

for range-covered
table 1 : explain SELECT k FROM sbtest1 WHERE k BETWEEN 5492559 AND 5492659
	Index Only Scan using k_1 on sbtest1  (cost=0.43..6.79 rows=118 width=4)
	  Index Cond: ((k >= 5492559) AND (k <= 5492659))

table 2 : explain SELECT k FROM sbtest2 WHERE k BETWEEN 5492559 AND 5492659
	Index Only Scan using k_2 on sbtest2  (cost=0.43..10.50 rows=103 width=4)
	  Index Cond: ((k >= 5492559) AND (k <= 5492659))

table 3 : explain SELECT k FROM sbtest3 WHERE k BETWEEN 5492559 AND 5492659
	Index Only Scan using k_3 on sbtest3  (cost=0.43..6.50 rows=103 width=4)
	  Index Cond: ((k >= 5492559) AND (k <= 5492659))

table 4 : explain SELECT k FROM sbtest4 WHERE k BETWEEN 5492559 AND 5492659
	Index Only Scan using k_4 on sbtest4  (cost=0.43..6.63 rows=110 width=4)
	  Index Cond: ((k >= 5492559) AND (k <= 5492659))

table 5 : explain SELECT k FROM sbtest5 WHERE k BETWEEN 5492559 AND 5492659
	Index Only Scan using k_5 on sbtest5  (cost=0.43..6.51 rows=104 width=4)
	  Index Cond: ((k >= 5492559) AND (k <= 5492659))

table 6 : explain SELECT k FROM sbtest6 WHERE k BETWEEN 5492559 AND 5492659
	Index Only Scan using k_6 on sbtest6  (cost=0.43..6.53 rows=105 width=4)
	  Index Cond: ((k >= 5492559) AND (k <= 5492659))

table 7 : explain SELECT k FROM sbtest7 WHERE k BETWEEN 5492559 AND 5492659
	Index Only Scan using k_7 on sbtest7  (cost=0.43..6.47 rows=102 width=4)
	  Index Cond: ((k >= 5492559) AND (k <= 5492659))

table 8 : explain SELECT k FROM sbtest8 WHERE k BETWEEN 5492559 AND 5492659
	Index Only Scan using k_8 on sbtest8  (cost=0.43..10.33 rows=95 width=4)
	  Index Cond: ((k >= 5492559) AND (k <= 5492659))

for range-covered
table 1 : explain SELECT k FROM sbtest1 WHERE k BETWEEN 3165004 AND 3165104
	Index Only Scan using k_1 on sbtest1  (cost=0.43..6.45 rows=101 width=4)
	  Index Cond: ((k >= 3165004) AND (k <= 3165104))

table 2 : explain SELECT k FROM sbtest2 WHERE k BETWEEN 3165004 AND 3165104
	Index Only Scan using k_2 on sbtest2  (cost=0.43..10.36 rows=96 width=4)
	  Index Cond: ((k >= 3165004) AND (k <= 3165104))

table 3 : explain SELECT k FROM sbtest3 WHERE k BETWEEN 3165004 AND 3165104
	Index Only Scan using k_3 on sbtest3  (cost=0.43..6.25 rows=91 width=4)
	  Index Cond: ((k >= 3165004) AND (k <= 3165104))

table 4 : explain SELECT k FROM sbtest4 WHERE k BETWEEN 3165004 AND 3165104
	Index Only Scan using k_4 on sbtest4  (cost=0.43..6.53 rows=105 width=4)
	  Index Cond: ((k >= 3165004) AND (k <= 3165104))

table 5 : explain SELECT k FROM sbtest5 WHERE k BETWEEN 3165004 AND 3165104
	Index Only Scan using k_5 on sbtest5  (cost=0.43..6.32 rows=94 width=4)
	  Index Cond: ((k >= 3165004) AND (k <= 3165104))

table 6 : explain SELECT k FROM sbtest6 WHERE k BETWEEN 3165004 AND 3165104
	Index Only Scan using k_6 on sbtest6  (cost=0.43..6.58 rows=107 width=4)
	  Index Cond: ((k >= 3165004) AND (k <= 3165104))

table 7 : explain SELECT k FROM sbtest7 WHERE k BETWEEN 3165004 AND 3165104
	Index Only Scan using k_7 on sbtest7  (cost=0.43..6.42 rows=99 width=4)
	  Index Cond: ((k >= 3165004) AND (k <= 3165104))

table 8 : explain SELECT k FROM sbtest8 WHERE k BETWEEN 3165004 AND 3165104
	Index Only Scan using k_8 on sbtest8  (cost=0.43..10.63 rows=110 width=4)
	  Index Cond: ((k >= 3165004) AND (k <= 3165104))

explain: for range-covered :: explain SELECT k FROM sbtest%d WHERE k BETWEEN 5492559 AND 5492659
explain: for range-covered :: explain SELECT k FROM sbtest%d WHERE k BETWEEN 3165004 AND 3165104
for range-covered
table 1 : explain SELECT k FROM sbtest1 WHERE k BETWEEN 9540859 AND 9540959
	Index Only Scan using k_1 on sbtest1  (cost=0.43..6.45 rows=101 width=4)
	  Index Cond: ((k >= 9540859) AND (k <= 9540959))

table 2 : explain SELECT k FROM sbtest2 WHERE k BETWEEN 9540859 AND 9540959
	Index Only Scan using k_2 on sbtest2  (cost=0.43..10.56 rows=106 width=4)
	  Index Cond: ((k >= 9540859) AND (k <= 9540959))

table 3 : explain SELECT k FROM sbtest3 WHERE k BETWEEN 9540859 AND 9540959
	Index Only Scan using k_3 on sbtest3  (cost=0.43..6.43 rows=100 width=4)
	  Index Cond: ((k >= 9540859) AND (k <= 9540959))

table 4 : explain SELECT k FROM sbtest4 WHERE k BETWEEN 9540859 AND 9540959
	Index Only Scan using k_4 on sbtest4  (cost=0.43..6.47 rows=102 width=4)
	  Index Cond: ((k >= 9540859) AND (k <= 9540959))

table 5 : explain SELECT k FROM sbtest5 WHERE k BETWEEN 9540859 AND 9540959
	Index Only Scan using k_5 on sbtest5  (cost=0.43..6.56 rows=106 width=4)
	  Index Cond: ((k >= 9540859) AND (k <= 9540959))

table 6 : explain SELECT k FROM sbtest6 WHERE k BETWEEN 9540859 AND 9540959
	Index Only Scan using k_6 on sbtest6  (cost=0.43..6.45 rows=101 width=4)
	  Index Cond: ((k >= 9540859) AND (k <= 9540959))

table 7 : explain SELECT k FROM sbtest7 WHERE k BETWEEN 9540859 AND 9540959
	Index Only Scan using k_7 on sbtest7  (cost=0.43..6.67 rows=112 width=4)
	  Index Cond: ((k >= 9540859) AND (k <= 9540959))

table 8 : explain SELECT k FROM sbtest8 WHERE k BETWEEN 9540859 AND 9540959
	Index Only Scan using k_8 on sbtest8  (cost=0.43..10.70 rows=113 width=4)
	  Index Cond: ((k >= 9540859) AND (k <= 9540959))

explain: for range-covered :: explain SELECT k FROM sbtest%d WHERE k BETWEEN 9540859 AND 9540959
for range-covered
table 1 : explain SELECT k FROM sbtest1 WHERE k BETWEEN 4369903 AND 4370003
	Index Only Scan using k_1 on sbtest1  (cost=0.43..6.47 rows=102 width=4)
	  Index Cond: ((k >= 4369903) AND (k <= 4370003))

table 2 : explain SELECT k FROM sbtest2 WHERE k BETWEEN 4369903 AND 4370003
	Index Only Scan using k_2 on sbtest2  (cost=0.43..10.38 rows=97 width=4)
	  Index Cond: ((k >= 4369903) AND (k <= 4370003))

table 3 : explain SELECT k FROM sbtest3 WHERE k BETWEEN 4369903 AND 4370003
	Index Only Scan using k_3 on sbtest3  (cost=0.43..6.50 rows=103 width=4)
	  Index Cond: ((k >= 4369903) AND (k <= 4370003))

table 4 : explain SELECT k FROM sbtest4 WHERE k BETWEEN 4369903 AND 4370003
	Index Only Scan using k_4 on sbtest4  (cost=0.43..6.45 rows=101 width=4)
	  Index Cond: ((k >= 4369903) AND (k <= 4370003))

table 5 : explain SELECT k FROM sbtest5 WHERE k BETWEEN 4369903 AND 4370003
	Index Only Scan using k_5 on sbtest5  (cost=0.43..6.43 rows=100 width=4)
	  Index Cond: ((k >= 4369903) AND (k <= 4370003))

table 6 : explain SELECT k FROM sbtest6 WHERE k BETWEEN 4369903 AND 4370003
	Index Only Scan using k_6 on sbtest6  (cost=0.43..6.33 rows=95 width=4)
	  Index Cond: ((k >= 4369903) AND (k <= 4370003))

table 7 : explain SELECT k FROM sbtest7 WHERE k BETWEEN 4369903 AND 4370003
	Index Only Scan using k_7 on sbtest7  (cost=0.43..6.51 rows=104 width=4)
	  Index Cond: ((k >= 4369903) AND (k <= 4370003))

table 8 : explain SELECT k FROM sbtest8 WHERE k BETWEEN 4369903 AND 4370003
	Index Only Scan using k_8 on sbtest8  (cost=0.43..10.42 rows=99 width=4)
	  Index Cond: ((k >= 4369903) AND (k <= 4370003))

explain: for range-covered :: explain SELECT k FROM sbtest%d WHERE k BETWEEN 4369903 AND 4370003
for range-covered
table 1 : explain SELECT k FROM sbtest1 WHERE k BETWEEN 3508709 AND 3508809
	Index Only Scan using k_1 on sbtest1  (cost=0.43..6.35 rows=96 width=4)
	  Index Cond: ((k >= 3508709) AND (k <= 3508809))

table 2 : explain SELECT k FROM sbtest2 WHERE k BETWEEN 3508709 AND 3508809
	Index Only Scan using k_2 on sbtest2  (cost=0.43..10.42 rows=99 width=4)
	  Index Cond: ((k >= 3508709) AND (k <= 3508809))

table 3 : explain SELECT k FROM sbtest3 WHERE k BETWEEN 3508709 AND 3508809
	Index Only Scan using k_3 on sbtest3  (cost=0.43..6.50 rows=103 width=4)
	  Index Cond: ((k >= 3508709) AND (k <= 3508809))

table 4 : explain SELECT k FROM sbtest4 WHERE k BETWEEN 3508709 AND 3508809
	Index Only Scan using k_4 on sbtest4  (cost=0.43..6.27 rows=92 width=4)
	  Index Cond: ((k >= 3508709) AND (k <= 3508809))

table 5 : explain SELECT k FROM sbtest5 WHERE k BETWEEN 3508709 AND 3508809
	Index Only Scan using k_5 on sbtest5  (cost=0.43..6.42 rows=99 width=4)
	  Index Cond: ((k >= 3508709) AND (k <= 3508809))

table 6 : explain SELECT k FROM sbtest6 WHERE k BETWEEN 3508709 AND 3508809
	Index Only Scan using k_6 on sbtest6  (cost=0.43..6.50 rows=103 width=4)
	  Index Cond: ((k >= 3508709) AND (k <= 3508809))

table 7 : explain SELECT k FROM sbtest7 WHERE k BETWEEN 3508709 AND 3508809
	Index Only Scan using k_7 on sbtest7  (cost=0.43..6.40 rows=98 width=4)
	  Index Cond: ((k >= 3508709) AND (k <= 3508809))

table 8 : explain SELECT k FROM sbtest8 WHERE k BETWEEN 3508709 AND 3508809
	Index Only Scan using k_8 on sbtest8  (cost=0.43..10.56 rows=106 width=4)
	  Index Cond: ((k >= 3508709) AND (k <= 3508809))

for range-covered
table 1 : explain SELECT k FROM sbtest1 WHERE k BETWEEN 3165004 AND 3165104
	Index Only Scan using k_1 on sbtest1  (cost=0.43..6.45 rows=101 width=4)
	  Index Cond: ((k >= 3165004) AND (k <= 3165104))

table 2 : explain SELECT k FROM sbtest2 WHERE k BETWEEN 3165004 AND 3165104
	Index Only Scan using k_2 on sbtest2  (cost=0.43..10.36 rows=96 width=4)
	  Index Cond: ((k >= 3165004) AND (k <= 3165104))

table 3 : explain SELECT k FROM sbtest3 WHERE k BETWEEN 3165004 AND 3165104
	Index Only Scan using k_3 on sbtest3  (cost=0.43..6.25 rows=91 width=4)
	  Index Cond: ((k >= 3165004) AND (k <= 3165104))

table 4 : explain SELECT k FROM sbtest4 WHERE k BETWEEN 3165004 AND 3165104
	Index Only Scan using k_4 on sbtest4  (cost=0.43..6.53 rows=105 width=4)
	  Index Cond: ((k >= 3165004) AND (k <= 3165104))

table 5 : explain SELECT k FROM sbtest5 WHERE k BETWEEN 3165004 AND 3165104
	Index Only Scan using k_5 on sbtest5  (cost=0.43..6.32 rows=94 width=4)
	  Index Cond: ((k >= 3165004) AND (k <= 3165104))

table 6 : explain SELECT k FROM sbtest6 WHERE k BETWEEN 3165004 AND 3165104
	Index Only Scan using k_6 on sbtest6  (cost=0.43..6.58 rows=107 width=4)
	  Index Cond: ((k >= 3165004) AND (k <= 3165104))

table 7 : explain SELECT k FROM sbtest7 WHERE k BETWEEN 3165004 AND 3165104
	Index Only Scan using k_7 on sbtest7  (cost=0.43..6.42 rows=99 width=4)
	  Index Cond: ((k >= 3165004) AND (k <= 3165104))

table 8 : explain SELECT k FROM sbtest8 WHERE k BETWEEN 3165004 AND 3165104
	Index Only Scan using k_8 on sbtest8  (cost=0.43..10.63 rows=110 width=4)
	  Index Cond: ((k >= 3165004) AND (k <= 3165104))

for range-covered
table 1 : explain SELECT k FROM sbtest1 WHERE k BETWEEN 5492559 AND 5492659
	Index Only Scan using k_1 on sbtest1  (cost=0.43..6.79 rows=118 width=4)
	  Index Cond: ((k >= 5492559) AND (k <= 5492659))

table 2 : explain SELECT k FROM sbtest2 WHERE k BETWEEN 5492559 AND 5492659
	Index Only Scan using k_2 on sbtest2  (cost=0.43..10.50 rows=103 width=4)
	  Index Cond: ((k >= 5492559) AND (k <= 5492659))

table 3 : explain SELECT k FROM sbtest3 WHERE k BETWEEN 5492559 AND 5492659
	Index Only Scan using k_3 on sbtest3  (cost=0.43..6.50 rows=103 width=4)
	  Index Cond: ((k >= 5492559) AND (k <= 5492659))

table 4 : explain SELECT k FROM sbtest4 WHERE k BETWEEN 5492559 AND 5492659
	Index Only Scan using k_4 on sbtest4  (cost=0.43..6.63 rows=110 width=4)
	  Index Cond: ((k >= 5492559) AND (k <= 5492659))

table 5 : explain SELECT k FROM sbtest5 WHERE k BETWEEN 5492559 AND 5492659
	Index Only Scan using k_5 on sbtest5  (cost=0.43..6.51 rows=104 width=4)
	  Index Cond: ((k >= 5492559) AND (k <= 5492659))

table 6 : explain SELECT k FROM sbtest6 WHERE k BETWEEN 5492559 AND 5492659
	Index Only Scan using k_6 on sbtest6  (cost=0.43..6.53 rows=105 width=4)
	  Index Cond: ((k >= 5492559) AND (k <= 5492659))

table 7 : explain SELECT k FROM sbtest7 WHERE k BETWEEN 5492559 AND 5492659
	Index Only Scan using k_7 on sbtest7  (cost=0.43..6.47 rows=102 width=4)
	  Index Cond: ((k >= 5492559) AND (k <= 5492659))

table 8 : explain SELECT k FROM sbtest8 WHERE k BETWEEN 5492559 AND 5492659
	Index Only Scan using k_8 on sbtest8  (cost=0.43..10.33 rows=95 width=4)
	  Index Cond: ((k >= 5492559) AND (k <= 5492659))

for range-covered
table 1 : explain SELECT k FROM sbtest1 WHERE k BETWEEN 2748810 AND 2748910
	Index Only Scan using k_1 on sbtest1  (cost=0.43..6.27 rows=92 width=4)
	  Index Cond: ((k >= 2748810) AND (k <= 2748910))

table 2 : explain SELECT k FROM sbtest2 WHERE k BETWEEN 2748810 AND 2748910
	Index Only Scan using k_2 on sbtest2  (cost=0.43..10.42 rows=99 width=4)
	  Index Cond: ((k >= 2748810) AND (k <= 2748910))

table 3 : explain SELECT k FROM sbtest3 WHERE k BETWEEN 2748810 AND 2748910
	Index Only Scan using k_3 on sbtest3  (cost=0.43..6.67 rows=112 width=4)
	  Index Cond: ((k >= 2748810) AND (k <= 2748910))

table 4 : explain SELECT k FROM sbtest4 WHERE k BETWEEN 2748810 AND 2748910
	Index Only Scan using k_4 on sbtest4  (cost=0.43..6.45 rows=101 width=4)
	  Index Cond: ((k >= 2748810) AND (k <= 2748910))

table 5 : explain SELECT k FROM sbtest5 WHERE k BETWEEN 2748810 AND 2748910
	Index Only Scan using k_5 on sbtest5  (cost=0.43..6.35 rows=96 width=4)
	  Index Cond: ((k >= 2748810) AND (k <= 2748910))

table 6 : explain SELECT k FROM sbtest6 WHERE k BETWEEN 2748810 AND 2748910
	Index Only Scan using k_6 on sbtest6  (cost=0.43..6.33 rows=95 width=4)
	  Index Cond: ((k >= 2748810) AND (k <= 2748910))

table 7 : explain SELECT k FROM sbtest7 WHERE k BETWEEN 2748810 AND 2748910
	Index Only Scan using k_7 on sbtest7  (cost=0.43..6.43 rows=100 width=4)
	  Index Cond: ((k >= 2748810) AND (k <= 2748910))

table 8 : explain SELECT k FROM sbtest8 WHERE k BETWEEN 2748810 AND 2748910
	Index Only Scan using k_8 on sbtest8  (cost=0.43..10.58 rows=107 width=4)
	  Index Cond: ((k >= 2748810) AND (k <= 2748910))

explain: for range-covered :: explain SELECT k FROM sbtest%d WHERE k BETWEEN 3165004 AND 3165104
explain: for range-covered :: explain SELECT k FROM sbtest%d WHERE k BETWEEN 3508709 AND 3508809
explain: for range-covered :: explain SELECT k FROM sbtest%d WHERE k BETWEEN 5492559 AND 5492659
explain: for range-covered :: explain SELECT k FROM sbtest%d WHERE k BETWEEN 2748810 AND 2748910
for range-covered
table 1 : explain SELECT k FROM sbtest1 WHERE k BETWEEN 7795760 AND 7795860
	Index Only Scan using k_1 on sbtest1  (cost=0.43..6.45 rows=101 width=4)
	  Index Cond: ((k >= 7795760) AND (k <= 7795860))

table 2 : explain SELECT k FROM sbtest2 WHERE k BETWEEN 7795760 AND 7795860
	Index Only Scan using k_2 on sbtest2  (cost=0.43..10.38 rows=97 width=4)
	  Index Cond: ((k >= 7795760) AND (k <= 7795860))

table 3 : explain SELECT k FROM sbtest3 WHERE k BETWEEN 7795760 AND 7795860
	Index Only Scan using k_3 on sbtest3  (cost=0.43..6.21 rows=89 width=4)
	  Index Cond: ((k >= 7795760) AND (k <= 7795860))

table 4 : explain SELECT k FROM sbtest4 WHERE k BETWEEN 7795760 AND 7795860
	Index Only Scan using k_4 on sbtest4  (cost=0.43..6.56 rows=106 width=4)
	  Index Cond: ((k >= 7795760) AND (k <= 7795860))

table 5 : explain SELECT k FROM sbtest5 WHERE k BETWEEN 7795760 AND 7795860
	Index Only Scan using k_5 on sbtest5  (cost=0.43..6.45 rows=101 width=4)
	  Index Cond: ((k >= 7795760) AND (k <= 7795860))

table 6 : explain SELECT k FROM sbtest6 WHERE k BETWEEN 7795760 AND 7795860
	Index Only Scan using k_6 on sbtest6  (cost=0.43..6.42 rows=99 width=4)
	  Index Cond: ((k >= 7795760) AND (k <= 7795860))

table 7 : explain SELECT k FROM sbtest7 WHERE k BETWEEN 7795760 AND 7795860
	Index Only Scan using k_7 on sbtest7  (cost=0.43..6.19 rows=88 width=4)
	  Index Cond: ((k >= 7795760) AND (k <= 7795860))

table 8 : explain SELECT k FROM sbtest8 WHERE k BETWEEN 7795760 AND 7795860
	Index Only Scan using k_8 on sbtest8  (cost=0.43..10.56 rows=106 width=4)
	  Index Cond: ((k >= 7795760) AND (k <= 7795860))

for range-covered
table 1 : explain SELECT k FROM sbtest1 WHERE k BETWEEN 3927879 AND 3927979
	Index Only Scan using k_1 on sbtest1  (cost=0.43..6.50 rows=103 width=4)
	  Index Cond: ((k >= 3927879) AND (k <= 3927979))

table 2 : explain SELECT k FROM sbtest2 WHERE k BETWEEN 3927879 AND 3927979
	Index Only Scan using k_2 on sbtest2  (cost=0.43..10.29 rows=93 width=4)
	  Index Cond: ((k >= 3927879) AND (k <= 3927979))

table 3 : explain SELECT k FROM sbtest3 WHERE k BETWEEN 3927879 AND 3927979
	Index Only Scan using k_3 on sbtest3  (cost=0.43..6.43 rows=100 width=4)
	  Index Cond: ((k >= 3927879) AND (k <= 3927979))

table 4 : explain SELECT k FROM sbtest4 WHERE k BETWEEN 3927879 AND 3927979
	Index Only Scan using k_4 on sbtest4  (cost=0.43..6.47 rows=102 width=4)
	  Index Cond: ((k >= 3927879) AND (k <= 3927979))

table 5 : explain SELECT k FROM sbtest5 WHERE k BETWEEN 3927879 AND 3927979
	Index Only Scan using k_5 on sbtest5  (cost=0.43..6.35 rows=96 width=4)
	  Index Cond: ((k >= 3927879) AND (k <= 3927979))

table 6 : explain SELECT k FROM sbtest6 WHERE k BETWEEN 3927879 AND 3927979
	Index Only Scan using k_6 on sbtest6  (cost=0.43..6.47 rows=102 width=4)
	  Index Cond: ((k >= 3927879) AND (k <= 3927979))

table 7 : explain SELECT k FROM sbtest7 WHERE k BETWEEN 3927879 AND 3927979
	Index Only Scan using k_7 on sbtest7  (cost=0.43..6.24 rows=90 width=4)
	  Index Cond: ((k >= 3927879) AND (k <= 3927979))

table 8 : explain SELECT k FROM sbtest8 WHERE k BETWEEN 3927879 AND 3927979
	Index Only Scan using k_8 on sbtest8  (cost=0.43..10.60 rows=108 width=4)
	  Index Cond: ((k >= 3927879) AND (k <= 3927979))

for range-covered
table 1 : explain SELECT k FROM sbtest1 WHERE k BETWEEN 9246214 AND 9246314
	Index Only Scan using k_1 on sbtest1  (cost=0.43..6.51 rows=104 width=4)
	  Index Cond: ((k >= 9246214) AND (k <= 9246314))

table 2 : explain SELECT k FROM sbtest2 WHERE k BETWEEN 9246214 AND 9246314
	Index Only Scan using k_2 on sbtest2  (cost=0.43..10.40 rows=98 width=4)
	  Index Cond: ((k >= 9246214) AND (k <= 9246314))

table 3 : explain SELECT k FROM sbtest3 WHERE k BETWEEN 9246214 AND 9246314
	Index Only Scan using k_3 on sbtest3  (cost=0.43..6.45 rows=101 width=4)
	  Index Cond: ((k >= 9246214) AND (k <= 9246314))

table 4 : explain SELECT k FROM sbtest4 WHERE k BETWEEN 9246214 AND 9246314
	Index Only Scan using k_4 on sbtest4  (cost=0.43..6.59 rows=108 width=4)
	  Index Cond: ((k >= 9246214) AND (k <= 9246314))

table 5 : explain SELECT k FROM sbtest5 WHERE k BETWEEN 9246214 AND 9246314
	Index Only Scan using k_5 on sbtest5  (cost=0.43..6.29 rows=93 width=4)
	  Index Cond: ((k >= 9246214) AND (k <= 9246314))

table 6 : explain SELECT k FROM sbtest6 WHERE k BETWEEN 9246214 AND 9246314
	Index Only Scan using k_6 on sbtest6  (cost=0.43..6.53 rows=105 width=4)
	  Index Cond: ((k >= 9246214) AND (k <= 9246314))

table 7 : explain SELECT k FROM sbtest7 WHERE k BETWEEN 9246214 AND 9246314
	Index Only Scan using k_7 on sbtest7  (cost=0.43..6.45 rows=101 width=4)
	  Index Cond: ((k >= 9246214) AND (k <= 9246314))

table 8 : explain SELECT k FROM sbtest8 WHERE k BETWEEN 9246214 AND 9246314
	Index Only Scan using k_8 on sbtest8  (cost=0.43..10.50 rows=103 width=4)
	  Index Cond: ((k >= 9246214) AND (k <= 9246314))

explain: for range-covered :: explain SELECT k FROM sbtest%d WHERE k BETWEEN 3927879 AND 3927979
explain: for range-covered :: explain SELECT k FROM sbtest%d WHERE k BETWEEN 7795760 AND 7795860
explain: for range-covered :: explain SELECT k FROM sbtest%d WHERE k BETWEEN 9246214 AND 9246314
explain: for range-covered :: explain SELECT k FROM sbtest%d WHERE k BETWEEN 3581500 AND 3581600
for range-covered
table 1 : explain SELECT k FROM sbtest1 WHERE k BETWEEN 5492559 AND 5492659
	Index Only Scan using k_1 on sbtest1  (cost=0.43..6.79 rows=118 width=4)
	  Index Cond: ((k >= 5492559) AND (k <= 5492659))

table 2 : explain SELECT k FROM sbtest2 WHERE k BETWEEN 5492559 AND 5492659
	Index Only Scan using k_2 on sbtest2  (cost=0.43..10.50 rows=103 width=4)
	  Index Cond: ((k >= 5492559) AND (k <= 5492659))

table 3 : explain SELECT k FROM sbtest3 WHERE k BETWEEN 5492559 AND 5492659
	Index Only Scan using k_3 on sbtest3  (cost=0.43..6.50 rows=103 width=4)
	  Index Cond: ((k >= 5492559) AND (k <= 5492659))

table 4 : explain SELECT k FROM sbtest4 WHERE k BETWEEN 5492559 AND 5492659
	Index Only Scan using k_4 on sbtest4  (cost=0.43..6.63 rows=110 width=4)
	  Index Cond: ((k >= 5492559) AND (k <= 5492659))

table 5 : explain SELECT k FROM sbtest5 WHERE k BETWEEN 5492559 AND 5492659
	Index Only Scan using k_5 on sbtest5  (cost=0.43..6.51 rows=104 width=4)
	  Index Cond: ((k >= 5492559) AND (k <= 5492659))

table 6 : explain SELECT k FROM sbtest6 WHERE k BETWEEN 5492559 AND 5492659
	Index Only Scan using k_6 on sbtest6  (cost=0.43..6.53 rows=105 width=4)
	  Index Cond: ((k >= 5492559) AND (k <= 5492659))

table 7 : explain SELECT k FROM sbtest7 WHERE k BETWEEN 5492559 AND 5492659
	Index Only Scan using k_7 on sbtest7  (cost=0.43..6.47 rows=102 width=4)
	  Index Cond: ((k >= 5492559) AND (k <= 5492659))

table 8 : explain SELECT k FROM sbtest8 WHERE k BETWEEN 5492559 AND 5492659
	Index Only Scan using k_8 on sbtest8  (cost=0.43..10.33 rows=95 width=4)
	  Index Cond: ((k >= 5492559) AND (k <= 5492659))

for range-covered
table 1 : explain SELECT k FROM sbtest1 WHERE k BETWEEN 3386275 AND 3386375
	Index Only Scan using k_1 on sbtest1  (cost=0.43..6.45 rows=101 width=4)
	  Index Cond: ((k >= 3386275) AND (k <= 3386375))

table 2 : explain SELECT k FROM sbtest2 WHERE k BETWEEN 3386275 AND 3386375
	Index Only Scan using k_2 on sbtest2  (cost=0.43..10.60 rows=108 width=4)
	  Index Cond: ((k >= 3386275) AND (k <= 3386375))

table 3 : explain SELECT k FROM sbtest3 WHERE k BETWEEN 3386275 AND 3386375
	Index Only Scan using k_3 on sbtest3  (cost=0.43..6.37 rows=97 width=4)
	  Index Cond: ((k >= 3386275) AND (k <= 3386375))

table 4 : explain SELECT k FROM sbtest4 WHERE k BETWEEN 3386275 AND 3386375
	Index Only Scan using k_4 on sbtest4  (cost=0.43..6.50 rows=103 width=4)
	  Index Cond: ((k >= 3386275) AND (k <= 3386375))

table 5 : explain SELECT k FROM sbtest5 WHERE k BETWEEN 3386275 AND 3386375
	Index Only Scan using k_5 on sbtest5  (cost=0.43..6.33 rows=95 width=4)
	  Index Cond: ((k >= 3386275) AND (k <= 3386375))

table 6 : explain SELECT k FROM sbtest6 WHERE k BETWEEN 3386275 AND 3386375
	Index Only Scan using k_6 on sbtest6  (cost=0.43..6.35 rows=96 width=4)
	  Index Cond: ((k >= 3386275) AND (k <= 3386375))

table 7 : explain SELECT k FROM sbtest7 WHERE k BETWEEN 3386275 AND 3386375
	Index Only Scan using k_7 on sbtest7  (cost=0.43..6.33 rows=95 width=4)
	  Index Cond: ((k >= 3386275) AND (k <= 3386375))

table 8 : explain SELECT k FROM sbtest8 WHERE k BETWEEN 3386275 AND 3386375
	Index Only Scan using k_8 on sbtest8  (cost=0.43..10.60 rows=108 width=4)
	  Index Cond: ((k >= 3386275) AND (k <= 3386375))

for range-covered
table 1 : explain SELECT k FROM sbtest1 WHERE k BETWEEN 2748810 AND 2748910
	Index Only Scan using k_1 on sbtest1  (cost=0.43..6.27 rows=92 width=4)
	  Index Cond: ((k >= 2748810) AND (k <= 2748910))

table 2 : explain SELECT k FROM sbtest2 WHERE k BETWEEN 2748810 AND 2748910
	Index Only Scan using k_2 on sbtest2  (cost=0.43..10.42 rows=99 width=4)
	  Index Cond: ((k >= 2748810) AND (k <= 2748910))

table 3 : explain SELECT k FROM sbtest3 WHERE k BETWEEN 2748810 AND 2748910
	Index Only Scan using k_3 on sbtest3  (cost=0.43..6.67 rows=112 width=4)
	  Index Cond: ((k >= 2748810) AND (k <= 2748910))

table 4 : explain SELECT k FROM sbtest4 WHERE k BETWEEN 2748810 AND 2748910
	Index Only Scan using k_4 on sbtest4  (cost=0.43..6.45 rows=101 width=4)
	  Index Cond: ((k >= 2748810) AND (k <= 2748910))

table 5 : explain SELECT k FROM sbtest5 WHERE k BETWEEN 2748810 AND 2748910
	Index Only Scan using k_5 on sbtest5  (cost=0.43..6.35 rows=96 width=4)
	  Index Cond: ((k >= 2748810) AND (k <= 2748910))

table 6 : explain SELECT k FROM sbtest6 WHERE k BETWEEN 2748810 AND 2748910
	Index Only Scan using k_6 on sbtest6  (cost=0.43..6.33 rows=95 width=4)
	  Index Cond: ((k >= 2748810) AND (k <= 2748910))

table 7 : explain SELECT k FROM sbtest7 WHERE k BETWEEN 2748810 AND 2748910
	Index Only Scan using k_7 on sbtest7  (cost=0.43..6.43 rows=100 width=4)
	  Index Cond: ((k >= 2748810) AND (k <= 2748910))

table 8 : explain SELECT k FROM sbtest8 WHERE k BETWEEN 2748810 AND 2748910
	Index Only Scan using k_8 on sbtest8  (cost=0.43..10.58 rows=107 width=4)
	  Index Cond: ((k >= 2748810) AND (k <= 2748910))

explain: for range-covered :: explain SELECT k FROM sbtest%d WHERE k BETWEEN 2748810 AND 2748910
for range-covered
table 1 : explain SELECT k FROM sbtest1 WHERE k BETWEEN 7770079 AND 7770179
	Index Only Scan using k_1 on sbtest1  (cost=0.43..6.45 rows=101 width=4)
	  Index Cond: ((k >= 7770079) AND (k <= 7770179))

table 2 : explain SELECT k FROM sbtest2 WHERE k BETWEEN 7770079 AND 7770179
	Index Only Scan using k_2 on sbtest2  (cost=0.43..10.47 rows=102 width=4)
	  Index Cond: ((k >= 7770079) AND (k <= 7770179))

table 3 : explain SELECT k FROM sbtest3 WHERE k BETWEEN 7770079 AND 7770179
	Index Only Scan using k_3 on sbtest3  (cost=0.43..6.51 rows=104 width=4)
	  Index Cond: ((k >= 7770079) AND (k <= 7770179))

table 4 : explain SELECT k FROM sbtest4 WHERE k BETWEEN 7770079 AND 7770179
	Index Only Scan using k_4 on sbtest4  (cost=0.43..6.67 rows=112 width=4)
	  Index Cond: ((k >= 7770079) AND (k <= 7770179))

table 5 : explain SELECT k FROM sbtest5 WHERE k BETWEEN 7770079 AND 7770179
	Index Only Scan using k_5 on sbtest5  (cost=0.43..6.45 rows=101 width=4)
	  Index Cond: ((k >= 7770079) AND (k <= 7770179))

table 6 : explain SELECT k FROM sbtest6 WHERE k BETWEEN 7770079 AND 7770179
	Index Only Scan using k_6 on sbtest6  (cost=0.43..6.42 rows=99 width=4)
	  Index Cond: ((k >= 7770079) AND (k <= 7770179))

table 7 : explain SELECT k FROM sbtest7 WHERE k BETWEEN 7770079 AND 7770179
	Index Only Scan using k_7 on sbtest7  (cost=0.43..6.19 rows=88 width=4)
	  Index Cond: ((k >= 7770079) AND (k <= 7770179))

table 8 : explain SELECT k FROM sbtest8 WHERE k BETWEEN 7770079 AND 7770179
	Index Only Scan using k_8 on sbtest8  (cost=0.43..10.44 rows=100 width=4)
	  Index Cond: ((k >= 7770079) AND (k <= 7770179))

for range-covered
table 1 : explain SELECT k FROM sbtest1 WHERE k BETWEEN 4369903 AND 4370003
	Index Only Scan using k_1 on sbtest1  (cost=0.43..6.47 rows=102 width=4)
	  Index Cond: ((k >= 4369903) AND (k <= 4370003))

table 2 : explain SELECT k FROM sbtest2 WHERE k BETWEEN 4369903 AND 4370003
	Index Only Scan using k_2 on sbtest2  (cost=0.43..10.38 rows=97 width=4)
	  Index Cond: ((k >= 4369903) AND (k <= 4370003))

table 3 : explain SELECT k FROM sbtest3 WHERE k BETWEEN 4369903 AND 4370003
	Index Only Scan using k_3 on sbtest3  (cost=0.43..6.50 rows=103 width=4)
	  Index Cond: ((k >= 4369903) AND (k <= 4370003))

table 4 : explain SELECT k FROM sbtest4 WHERE k BETWEEN 4369903 AND 4370003
	Index Only Scan using k_4 on sbtest4  (cost=0.43..6.45 rows=101 width=4)
	  Index Cond: ((k >= 4369903) AND (k <= 4370003))

table 5 : explain SELECT k FROM sbtest5 WHERE k BETWEEN 4369903 AND 4370003
	Index Only Scan using k_5 on sbtest5  (cost=0.43..6.43 rows=100 width=4)
	  Index Cond: ((k >= 4369903) AND (k <= 4370003))

table 6 : explain SELECT k FROM sbtest6 WHERE k BETWEEN 4369903 AND 4370003
	Index Only Scan using k_6 on sbtest6  (cost=0.43..6.33 rows=95 width=4)
	  Index Cond: ((k >= 4369903) AND (k <= 4370003))

table 7 : explain SELECT k FROM sbtest7 WHERE k BETWEEN 4369903 AND 4370003
	Index Only Scan using k_7 on sbtest7  (cost=0.43..6.51 rows=104 width=4)
	  Index Cond: ((k >= 4369903) AND (k <= 4370003))

table 8 : explain SELECT k FROM sbtest8 WHERE k BETWEEN 4369903 AND 4370003
	Index Only Scan using k_8 on sbtest8  (cost=0.43..10.42 rows=99 width=4)
	  Index Cond: ((k >= 4369903) AND (k <= 4370003))

explain: for range-covered :: explain SELECT k FROM sbtest%d WHERE k BETWEEN 3386275 AND 3386375
explain: for range-covered :: explain SELECT k FROM sbtest%d WHERE k BETWEEN 7770079 AND 7770179
for range-covered
table 1 : explain SELECT k FROM sbtest1 WHERE k BETWEEN 3508709 AND 3508809
	Index Only Scan using k_1 on sbtest1  (cost=0.43..6.35 rows=96 width=4)
	  Index Cond: ((k >= 3508709) AND (k <= 3508809))

table 2 : explain SELECT k FROM sbtest2 WHERE k BETWEEN 3508709 AND 3508809
	Index Only Scan using k_2 on sbtest2  (cost=0.43..10.42 rows=99 width=4)
	  Index Cond: ((k >= 3508709) AND (k <= 3508809))

table 3 : explain SELECT k FROM sbtest3 WHERE k BETWEEN 3508709 AND 3508809
	Index Only Scan using k_3 on sbtest3  (cost=0.43..6.50 rows=103 width=4)
	  Index Cond: ((k >= 3508709) AND (k <= 3508809))

table 4 : explain SELECT k FROM sbtest4 WHERE k BETWEEN 3508709 AND 3508809
	Index Only Scan using k_4 on sbtest4  (cost=0.43..6.27 rows=92 width=4)
	  Index Cond: ((k >= 3508709) AND (k <= 3508809))

table 5 : explain SELECT k FROM sbtest5 WHERE k BETWEEN 3508709 AND 3508809
	Index Only Scan using k_5 on sbtest5  (cost=0.43..6.42 rows=99 width=4)
	  Index Cond: ((k >= 3508709) AND (k <= 3508809))

table 6 : explain SELECT k FROM sbtest6 WHERE k BETWEEN 3508709 AND 3508809
	Index Only Scan using k_6 on sbtest6  (cost=0.43..6.50 rows=103 width=4)
	  Index Cond: ((k >= 3508709) AND (k <= 3508809))

table 7 : explain SELECT k FROM sbtest7 WHERE k BETWEEN 3508709 AND 3508809
	Index Only Scan using k_7 on sbtest7  (cost=0.43..6.40 rows=98 width=4)
	  Index Cond: ((k >= 3508709) AND (k <= 3508809))

table 8 : explain SELECT k FROM sbtest8 WHERE k BETWEEN 3508709 AND 3508809
	Index Only Scan using k_8 on sbtest8  (cost=0.43..10.56 rows=106 width=4)
	  Index Cond: ((k >= 3508709) AND (k <= 3508809))

explain: for range-covered :: explain SELECT k FROM sbtest%d WHERE k BETWEEN 4369903 AND 4370003
for range-covered
table 1 : explain SELECT k FROM sbtest1 WHERE k BETWEEN 3165004 AND 3165104
	Index Only Scan using k_1 on sbtest1  (cost=0.43..6.45 rows=101 width=4)
	  Index Cond: ((k >= 3165004) AND (k <= 3165104))

table 2 : explain SELECT k FROM sbtest2 WHERE k BETWEEN 3165004 AND 3165104
	Index Only Scan using k_2 on sbtest2  (cost=0.43..10.36 rows=96 width=4)
	  Index Cond: ((k >= 3165004) AND (k <= 3165104))

table 3 : explain SELECT k FROM sbtest3 WHERE k BETWEEN 3165004 AND 3165104
	Index Only Scan using k_3 on sbtest3  (cost=0.43..6.25 rows=91 width=4)
	  Index Cond: ((k >= 3165004) AND (k <= 3165104))

table 4 : explain SELECT k FROM sbtest4 WHERE k BETWEEN 3165004 AND 3165104
	Index Only Scan using k_4 on sbtest4  (cost=0.43..6.53 rows=105 width=4)
	  Index Cond: ((k >= 3165004) AND (k <= 3165104))

table 5 : explain SELECT k FROM sbtest5 WHERE k BETWEEN 3165004 AND 3165104
	Index Only Scan using k_5 on sbtest5  (cost=0.43..6.32 rows=94 width=4)
	  Index Cond: ((k >= 3165004) AND (k <= 3165104))

table 6 : explain SELECT k FROM sbtest6 WHERE k BETWEEN 3165004 AND 3165104
	Index Only Scan using k_6 on sbtest6  (cost=0.43..6.58 rows=107 width=4)
	  Index Cond: ((k >= 3165004) AND (k <= 3165104))

table 7 : explain SELECT k FROM sbtest7 WHERE k BETWEEN 3165004 AND 3165104
	Index Only Scan using k_7 on sbtest7  (cost=0.43..6.42 rows=99 width=4)
	  Index Cond: ((k >= 3165004) AND (k <= 3165104))

table 8 : explain SELECT k FROM sbtest8 WHERE k BETWEEN 3165004 AND 3165104
	Index Only Scan using k_8 on sbtest8  (cost=0.43..10.63 rows=110 width=4)
	  Index Cond: ((k >= 3165004) AND (k <= 3165104))

explain: for range-covered :: explain SELECT k FROM sbtest%d WHERE k BETWEEN 3508709 AND 3508809
for range-covered
table 1 : explain SELECT k FROM sbtest1 WHERE k BETWEEN 2748810 AND 2748910
	Index Only Scan using k_1 on sbtest1  (cost=0.43..6.27 rows=92 width=4)
	  Index Cond: ((k >= 2748810) AND (k <= 2748910))

table 2 : explain SELECT k FROM sbtest2 WHERE k BETWEEN 2748810 AND 2748910
	Index Only Scan using k_2 on sbtest2  (cost=0.43..10.42 rows=99 width=4)
	  Index Cond: ((k >= 2748810) AND (k <= 2748910))

table 3 : explain SELECT k FROM sbtest3 WHERE k BETWEEN 2748810 AND 2748910
	Index Only Scan using k_3 on sbtest3  (cost=0.43..6.67 rows=112 width=4)
	  Index Cond: ((k >= 2748810) AND (k <= 2748910))

table 4 : explain SELECT k FROM sbtest4 WHERE k BETWEEN 2748810 AND 2748910
	Index Only Scan using k_4 on sbtest4  (cost=0.43..6.45 rows=101 width=4)
	  Index Cond: ((k >= 2748810) AND (k <= 2748910))

table 5 : explain SELECT k FROM sbtest5 WHERE k BETWEEN 2748810 AND 2748910
	Index Only Scan using k_5 on sbtest5  (cost=0.43..6.35 rows=96 width=4)
	  Index Cond: ((k >= 2748810) AND (k <= 2748910))

table 6 : explain SELECT k FROM sbtest6 WHERE k BETWEEN 2748810 AND 2748910
	Index Only Scan using k_6 on sbtest6  (cost=0.43..6.33 rows=95 width=4)
	  Index Cond: ((k >= 2748810) AND (k <= 2748910))

table 7 : explain SELECT k FROM sbtest7 WHERE k BETWEEN 2748810 AND 2748910
	Index Only Scan using k_7 on sbtest7  (cost=0.43..6.43 rows=100 width=4)
	  Index Cond: ((k >= 2748810) AND (k <= 2748910))

table 8 : explain SELECT k FROM sbtest8 WHERE k BETWEEN 2748810 AND 2748910
	Index Only Scan using k_8 on sbtest8  (cost=0.43..10.58 rows=107 width=4)
	  Index Cond: ((k >= 2748810) AND (k <= 2748910))

explain: for range-covered :: explain SELECT k FROM sbtest%d WHERE k BETWEEN 3165004 AND 3165104
explain: for range-covered :: explain SELECT k FROM sbtest%d WHERE k BETWEEN 2748810 AND 2748910
for range-covered
table 1 : explain SELECT k FROM sbtest1 WHERE k BETWEEN 9540859 AND 9540959
	Index Only Scan using k_1 on sbtest1  (cost=0.43..6.45 rows=101 width=4)
	  Index Cond: ((k >= 9540859) AND (k <= 9540959))

table 2 : explain SELECT k FROM sbtest2 WHERE k BETWEEN 9540859 AND 9540959
	Index Only Scan using k_2 on sbtest2  (cost=0.43..10.56 rows=106 width=4)
	  Index Cond: ((k >= 9540859) AND (k <= 9540959))

table 3 : explain SELECT k FROM sbtest3 WHERE k BETWEEN 9540859 AND 9540959
	Index Only Scan using k_3 on sbtest3  (cost=0.43..6.43 rows=100 width=4)
	  Index Cond: ((k >= 9540859) AND (k <= 9540959))

table 4 : explain SELECT k FROM sbtest4 WHERE k BETWEEN 9540859 AND 9540959
	Index Only Scan using k_4 on sbtest4  (cost=0.43..6.47 rows=102 width=4)
	  Index Cond: ((k >= 9540859) AND (k <= 9540959))

table 5 : explain SELECT k FROM sbtest5 WHERE k BETWEEN 9540859 AND 9540959
	Index Only Scan using k_5 on sbtest5  (cost=0.43..6.56 rows=106 width=4)
	  Index Cond: ((k >= 9540859) AND (k <= 9540959))

table 6 : explain SELECT k FROM sbtest6 WHERE k BETWEEN 9540859 AND 9540959
	Index Only Scan using k_6 on sbtest6  (cost=0.43..6.45 rows=101 width=4)
	  Index Cond: ((k >= 9540859) AND (k <= 9540959))

table 7 : explain SELECT k FROM sbtest7 WHERE k BETWEEN 9540859 AND 9540959
	Index Only Scan using k_7 on sbtest7  (cost=0.43..6.67 rows=112 width=4)
	  Index Cond: ((k >= 9540859) AND (k <= 9540959))

table 8 : explain SELECT k FROM sbtest8 WHERE k BETWEEN 9540859 AND 9540959
	Index Only Scan using k_8 on sbtest8  (cost=0.43..10.70 rows=113 width=4)
	  Index Cond: ((k >= 9540859) AND (k <= 9540959))

for range-covered
table 1 : explain SELECT k FROM sbtest1 WHERE k BETWEEN 7770079 AND 7770179
	Index Only Scan using k_1 on sbtest1  (cost=0.43..6.45 rows=101 width=4)
	  Index Cond: ((k >= 7770079) AND (k <= 7770179))

table 2 : explain SELECT k FROM sbtest2 WHERE k BETWEEN 7770079 AND 7770179
	Index Only Scan using k_2 on sbtest2  (cost=0.43..10.47 rows=102 width=4)
	  Index Cond: ((k >= 7770079) AND (k <= 7770179))

table 3 : explain SELECT k FROM sbtest3 WHERE k BETWEEN 7770079 AND 7770179
	Index Only Scan using k_3 on sbtest3  (cost=0.43..6.51 rows=104 width=4)
	  Index Cond: ((k >= 7770079) AND (k <= 7770179))

table 4 : explain SELECT k FROM sbtest4 WHERE k BETWEEN 7770079 AND 7770179
	Index Only Scan using k_4 on sbtest4  (cost=0.43..6.67 rows=112 width=4)
	  Index Cond: ((k >= 7770079) AND (k <= 7770179))

table 5 : explain SELECT k FROM sbtest5 WHERE k BETWEEN 7770079 AND 7770179
	Index Only Scan using k_5 on sbtest5  (cost=0.43..6.45 rows=101 width=4)
	  Index Cond: ((k >= 7770079) AND (k <= 7770179))

table 6 : explain SELECT k FROM sbtest6 WHERE k BETWEEN 7770079 AND 7770179
	Index Only Scan using k_6 on sbtest6  (cost=0.43..6.42 rows=99 width=4)
	  Index Cond: ((k >= 7770079) AND (k <= 7770179))

table 7 : explain SELECT k FROM sbtest7 WHERE k BETWEEN 7770079 AND 7770179
	Index Only Scan using k_7 on sbtest7  (cost=0.43..6.19 rows=88 width=4)
	  Index Cond: ((k >= 7770079) AND (k <= 7770179))

table 8 : explain SELECT k FROM sbtest8 WHERE k BETWEEN 7770079 AND 7770179
	Index Only Scan using k_8 on sbtest8  (cost=0.43..10.44 rows=100 width=4)
	  Index Cond: ((k >= 7770079) AND (k <= 7770179))

explain: for range-covered :: explain SELECT k FROM sbtest%d WHERE k BETWEEN 9540859 AND 9540959
explain: for range-covered :: explain SELECT k FROM sbtest%d WHERE k BETWEEN 7770079 AND 7770179
for range-covered
table 1 : explain SELECT k FROM sbtest1 WHERE k BETWEEN 2748810 AND 2748910
	Index Only Scan using k_1 on sbtest1  (cost=0.43..6.27 rows=92 width=4)
	  Index Cond: ((k >= 2748810) AND (k <= 2748910))

table 2 : explain SELECT k FROM sbtest2 WHERE k BETWEEN 2748810 AND 2748910
	Index Only Scan using k_2 on sbtest2  (cost=0.43..10.42 rows=99 width=4)
	  Index Cond: ((k >= 2748810) AND (k <= 2748910))

table 3 : explain SELECT k FROM sbtest3 WHERE k BETWEEN 2748810 AND 2748910
	Index Only Scan using k_3 on sbtest3  (cost=0.43..6.67 rows=112 width=4)
	  Index Cond: ((k >= 2748810) AND (k <= 2748910))

table 4 : explain SELECT k FROM sbtest4 WHERE k BETWEEN 2748810 AND 2748910
	Index Only Scan using k_4 on sbtest4  (cost=0.43..6.45 rows=101 width=4)
	  Index Cond: ((k >= 2748810) AND (k <= 2748910))

table 5 : explain SELECT k FROM sbtest5 WHERE k BETWEEN 2748810 AND 2748910
	Index Only Scan using k_5 on sbtest5  (cost=0.43..6.35 rows=96 width=4)
	  Index Cond: ((k >= 2748810) AND (k <= 2748910))

table 6 : explain SELECT k FROM sbtest6 WHERE k BETWEEN 2748810 AND 2748910
	Index Only Scan using k_6 on sbtest6  (cost=0.43..6.33 rows=95 width=4)
	  Index Cond: ((k >= 2748810) AND (k <= 2748910))

table 7 : explain SELECT k FROM sbtest7 WHERE k BETWEEN 2748810 AND 2748910
	Index Only Scan using k_7 on sbtest7  (cost=0.43..6.43 rows=100 width=4)
	  Index Cond: ((k >= 2748810) AND (k <= 2748910))

table 8 : explain SELECT k FROM sbtest8 WHERE k BETWEEN 2748810 AND 2748910
	Index Only Scan using k_8 on sbtest8  (cost=0.43..10.58 rows=107 width=4)
	  Index Cond: ((k >= 2748810) AND (k <= 2748910))

for range-covered
table 1 : explain SELECT k FROM sbtest1 WHERE k BETWEEN 3165004 AND 3165104
	Index Only Scan using k_1 on sbtest1  (cost=0.43..6.45 rows=101 width=4)
	  Index Cond: ((k >= 3165004) AND (k <= 3165104))

table 2 : explain SELECT k FROM sbtest2 WHERE k BETWEEN 3165004 AND 3165104
	Index Only Scan using k_2 on sbtest2  (cost=0.43..10.36 rows=96 width=4)
	  Index Cond: ((k >= 3165004) AND (k <= 3165104))

table 3 : explain SELECT k FROM sbtest3 WHERE k BETWEEN 3165004 AND 3165104
	Index Only Scan using k_3 on sbtest3  (cost=0.43..6.25 rows=91 width=4)
	  Index Cond: ((k >= 3165004) AND (k <= 3165104))

table 4 : explain SELECT k FROM sbtest4 WHERE k BETWEEN 3165004 AND 3165104
	Index Only Scan using k_4 on sbtest4  (cost=0.43..6.53 rows=105 width=4)
	  Index Cond: ((k >= 3165004) AND (k <= 3165104))

table 5 : explain SELECT k FROM sbtest5 WHERE k BETWEEN 3165004 AND 3165104
	Index Only Scan using k_5 on sbtest5  (cost=0.43..6.32 rows=94 width=4)
	  Index Cond: ((k >= 3165004) AND (k <= 3165104))

table 6 : explain SELECT k FROM sbtest6 WHERE k BETWEEN 3165004 AND 3165104
	Index Only Scan using k_6 on sbtest6  (cost=0.43..6.58 rows=107 width=4)
	  Index Cond: ((k >= 3165004) AND (k <= 3165104))

table 7 : explain SELECT k FROM sbtest7 WHERE k BETWEEN 3165004 AND 3165104
	Index Only Scan using k_7 on sbtest7  (cost=0.43..6.42 rows=99 width=4)
	  Index Cond: ((k >= 3165004) AND (k <= 3165104))

table 8 : explain SELECT k FROM sbtest8 WHERE k BETWEEN 3165004 AND 3165104
	Index Only Scan using k_8 on sbtest8  (cost=0.43..10.63 rows=110 width=4)
	  Index Cond: ((k >= 3165004) AND (k <= 3165104))

explain: for range-covered :: explain SELECT k FROM sbtest%d WHERE k BETWEEN 2748810 AND 2748910
explain: for range-covered :: explain SELECT k FROM sbtest%d WHERE k BETWEEN 3165004 AND 3165104
for range-covered
table 1 : explain SELECT k FROM sbtest1 WHERE k BETWEEN 3927879 AND 3927979
	Index Only Scan using k_1 on sbtest1  (cost=0.43..6.50 rows=103 width=4)
	  Index Cond: ((k >= 3927879) AND (k <= 3927979))

table 2 : explain SELECT k FROM sbtest2 WHERE k BETWEEN 3927879 AND 3927979
	Index Only Scan using k_2 on sbtest2  (cost=0.43..10.29 rows=93 width=4)
	  Index Cond: ((k >= 3927879) AND (k <= 3927979))

table 3 : explain SELECT k FROM sbtest3 WHERE k BETWEEN 3927879 AND 3927979
	Index Only Scan using k_3 on sbtest3  (cost=0.43..6.43 rows=100 width=4)
	  Index Cond: ((k >= 3927879) AND (k <= 3927979))

table 4 : explain SELECT k FROM sbtest4 WHERE k BETWEEN 3927879 AND 3927979
	Index Only Scan using k_4 on sbtest4  (cost=0.43..6.47 rows=102 width=4)
	  Index Cond: ((k >= 3927879) AND (k <= 3927979))

table 5 : explain SELECT k FROM sbtest5 WHERE k BETWEEN 3927879 AND 3927979
	Index Only Scan using k_5 on sbtest5  (cost=0.43..6.35 rows=96 width=4)
	  Index Cond: ((k >= 3927879) AND (k <= 3927979))

table 6 : explain SELECT k FROM sbtest6 WHERE k BETWEEN 3927879 AND 3927979
	Index Only Scan using k_6 on sbtest6  (cost=0.43..6.47 rows=102 width=4)
	  Index Cond: ((k >= 3927879) AND (k <= 3927979))

table 7 : explain SELECT k FROM sbtest7 WHERE k BETWEEN 3927879 AND 3927979
	Index Only Scan using k_7 on sbtest7  (cost=0.43..6.24 rows=90 width=4)
	  Index Cond: ((k >= 3927879) AND (k <= 3927979))

table 8 : explain SELECT k FROM sbtest8 WHERE k BETWEEN 3927879 AND 3927979
	Index Only Scan using k_8 on sbtest8  (cost=0.43..10.60 rows=108 width=4)
	  Index Cond: ((k >= 3927879) AND (k <= 3927979))

for range-covered
table 1 : explain SELECT k FROM sbtest1 WHERE k BETWEEN 9246214 AND 9246314
	Index Only Scan using k_1 on sbtest1  (cost=0.43..6.51 rows=104 width=4)
	  Index Cond: ((k >= 9246214) AND (k <= 9246314))

table 2 : explain SELECT k FROM sbtest2 WHERE k BETWEEN 9246214 AND 9246314
	Index Only Scan using k_2 on sbtest2  (cost=0.43..10.40 rows=98 width=4)
	  Index Cond: ((k >= 9246214) AND (k <= 9246314))

table 3 : explain SELECT k FROM sbtest3 WHERE k BETWEEN 9246214 AND 9246314
	Index Only Scan using k_3 on sbtest3  (cost=0.43..6.45 rows=101 width=4)
	  Index Cond: ((k >= 9246214) AND (k <= 9246314))

table 4 : explain SELECT k FROM sbtest4 WHERE k BETWEEN 9246214 AND 9246314
	Index Only Scan using k_4 on sbtest4  (cost=0.43..6.59 rows=108 width=4)
	  Index Cond: ((k >= 9246214) AND (k <= 9246314))

table 5 : explain SELECT k FROM sbtest5 WHERE k BETWEEN 9246214 AND 9246314
	Index Only Scan using k_5 on sbtest5  (cost=0.43..6.29 rows=93 width=4)
	  Index Cond: ((k >= 9246214) AND (k <= 9246314))

table 6 : explain SELECT k FROM sbtest6 WHERE k BETWEEN 9246214 AND 9246314
	Index Only Scan using k_6 on sbtest6  (cost=0.43..6.53 rows=105 width=4)
	  Index Cond: ((k >= 9246214) AND (k <= 9246314))

table 7 : explain SELECT k FROM sbtest7 WHERE k BETWEEN 9246214 AND 9246314
	Index Only Scan using k_7 on sbtest7  (cost=0.43..6.45 rows=101 width=4)
	  Index Cond: ((k >= 9246214) AND (k <= 9246314))

table 8 : explain SELECT k FROM sbtest8 WHERE k BETWEEN 9246214 AND 9246314
	Index Only Scan using k_8 on sbtest8  (cost=0.43..10.50 rows=103 width=4)
	  Index Cond: ((k >= 9246214) AND (k <= 9246314))

for range-covered
table 1 : explain SELECT k FROM sbtest1 WHERE k BETWEEN 4369903 AND 4370003
	Index Only Scan using k_1 on sbtest1  (cost=0.43..6.47 rows=102 width=4)
	  Index Cond: ((k >= 4369903) AND (k <= 4370003))

table 2 : explain SELECT k FROM sbtest2 WHERE k BETWEEN 4369903 AND 4370003
	Index Only Scan using k_2 on sbtest2  (cost=0.43..10.38 rows=97 width=4)
	  Index Cond: ((k >= 4369903) AND (k <= 4370003))

table 3 : explain SELECT k FROM sbtest3 WHERE k BETWEEN 4369903 AND 4370003
	Index Only Scan using k_3 on sbtest3  (cost=0.43..6.50 rows=103 width=4)
	  Index Cond: ((k >= 4369903) AND (k <= 4370003))

table 4 : explain SELECT k FROM sbtest4 WHERE k BETWEEN 4369903 AND 4370003
	Index Only Scan using k_4 on sbtest4  (cost=0.43..6.45 rows=101 width=4)
	  Index Cond: ((k >= 4369903) AND (k <= 4370003))

table 5 : explain SELECT k FROM sbtest5 WHERE k BETWEEN 4369903 AND 4370003
	Index Only Scan using k_5 on sbtest5  (cost=0.43..6.43 rows=100 width=4)
	  Index Cond: ((k >= 4369903) AND (k <= 4370003))

table 6 : explain SELECT k FROM sbtest6 WHERE k BETWEEN 4369903 AND 4370003
	Index Only Scan using k_6 on sbtest6  (cost=0.43..6.33 rows=95 width=4)
	  Index Cond: ((k >= 4369903) AND (k <= 4370003))

table 7 : explain SELECT k FROM sbtest7 WHERE k BETWEEN 4369903 AND 4370003
	Index Only Scan using k_7 on sbtest7  (cost=0.43..6.51 rows=104 width=4)
	  Index Cond: ((k >= 4369903) AND (k <= 4370003))

table 8 : explain SELECT k FROM sbtest8 WHERE k BETWEEN 4369903 AND 4370003
	Index Only Scan using k_8 on sbtest8  (cost=0.43..10.42 rows=99 width=4)
	  Index Cond: ((k >= 4369903) AND (k <= 4370003))

for range-covered
table 1 : explain SELECT k FROM sbtest1 WHERE k BETWEEN 7795760 AND 7795860
	Index Only Scan using k_1 on sbtest1  (cost=0.43..6.45 rows=101 width=4)
	  Index Cond: ((k >= 7795760) AND (k <= 7795860))

table 2 : explain SELECT k FROM sbtest2 WHERE k BETWEEN 7795760 AND 7795860
	Index Only Scan using k_2 on sbtest2  (cost=0.43..10.38 rows=97 width=4)
	  Index Cond: ((k >= 7795760) AND (k <= 7795860))

table 3 : explain SELECT k FROM sbtest3 WHERE k BETWEEN 7795760 AND 7795860
	Index Only Scan using k_3 on sbtest3  (cost=0.43..6.21 rows=89 width=4)
	  Index Cond: ((k >= 7795760) AND (k <= 7795860))

table 4 : explain SELECT k FROM sbtest4 WHERE k BETWEEN 7795760 AND 7795860
	Index Only Scan using k_4 on sbtest4  (cost=0.43..6.56 rows=106 width=4)
	  Index Cond: ((k >= 7795760) AND (k <= 7795860))

table 5 : explain SELECT k FROM sbtest5 WHERE k BETWEEN 7795760 AND 7795860
	Index Only Scan using k_5 on sbtest5  (cost=0.43..6.45 rows=101 width=4)
	  Index Cond: ((k >= 7795760) AND (k <= 7795860))

table 6 : explain SELECT k FROM sbtest6 WHERE k BETWEEN 7795760 AND 7795860
	Index Only Scan using k_6 on sbtest6  (cost=0.43..6.42 rows=99 width=4)
	  Index Cond: ((k >= 7795760) AND (k <= 7795860))

table 7 : explain SELECT k FROM sbtest7 WHERE k BETWEEN 7795760 AND 7795860
	Index Only Scan using k_7 on sbtest7  (cost=0.43..6.19 rows=88 width=4)
	  Index Cond: ((k >= 7795760) AND (k <= 7795860))

table 8 : explain SELECT k FROM sbtest8 WHERE k BETWEEN 7795760 AND 7795860
	Index Only Scan using k_8 on sbtest8  (cost=0.43..10.56 rows=106 width=4)
	  Index Cond: ((k >= 7795760) AND (k <= 7795860))

for range-covered
table 1 : explain SELECT k FROM sbtest1 WHERE k BETWEEN 7770079 AND 7770179
	Index Only Scan using k_1 on sbtest1  (cost=0.43..6.45 rows=101 width=4)
	  Index Cond: ((k >= 7770079) AND (k <= 7770179))

table 2 : explain SELECT k FROM sbtest2 WHERE k BETWEEN 7770079 AND 7770179
	Index Only Scan using k_2 on sbtest2  (cost=0.43..10.47 rows=102 width=4)
	  Index Cond: ((k >= 7770079) AND (k <= 7770179))

table 3 : explain SELECT k FROM sbtest3 WHERE k BETWEEN 7770079 AND 7770179
	Index Only Scan using k_3 on sbtest3  (cost=0.43..6.51 rows=104 width=4)
	  Index Cond: ((k >= 7770079) AND (k <= 7770179))

table 4 : explain SELECT k FROM sbtest4 WHERE k BETWEEN 7770079 AND 7770179
	Index Only Scan using k_4 on sbtest4  (cost=0.43..6.67 rows=112 width=4)
	  Index Cond: ((k >= 7770079) AND (k <= 7770179))

table 5 : explain SELECT k FROM sbtest5 WHERE k BETWEEN 7770079 AND 7770179
	Index Only Scan using k_5 on sbtest5  (cost=0.43..6.45 rows=101 width=4)
	  Index Cond: ((k >= 7770079) AND (k <= 7770179))

table 6 : explain SELECT k FROM sbtest6 WHERE k BETWEEN 7770079 AND 7770179
	Index Only Scan using k_6 on sbtest6  (cost=0.43..6.42 rows=99 width=4)
	  Index Cond: ((k >= 7770079) AND (k <= 7770179))

table 7 : explain SELECT k FROM sbtest7 WHERE k BETWEEN 7770079 AND 7770179
	Index Only Scan using k_7 on sbtest7  (cost=0.43..6.19 rows=88 width=4)
	  Index Cond: ((k >= 7770079) AND (k <= 7770179))

table 8 : explain SELECT k FROM sbtest8 WHERE k BETWEEN 7770079 AND 7770179
	Index Only Scan using k_8 on sbtest8  (cost=0.43..10.44 rows=100 width=4)
	  Index Cond: ((k >= 7770079) AND (k <= 7770179))

explain: for range-covered :: explain SELECT k FROM sbtest%d WHERE k BETWEEN 4369903 AND 4370003
explain: for range-covered :: explain SELECT k FROM sbtest%d WHERE k BETWEEN 7770079 AND 7770179
for range-covered
table 1 : explain SELECT k FROM sbtest1 WHERE k BETWEEN 3581500 AND 3581600
	Index Only Scan using k_1 on sbtest1  (cost=0.43..6.51 rows=104 width=4)
	  Index Cond: ((k >= 3581500) AND (k <= 3581600))

table 2 : explain SELECT k FROM sbtest2 WHERE k BETWEEN 3581500 AND 3581600
	Index Only Scan using k_2 on sbtest2  (cost=0.43..10.47 rows=102 width=4)
	  Index Cond: ((k >= 3581500) AND (k <= 3581600))

table 3 : explain SELECT k FROM sbtest3 WHERE k BETWEEN 3581500 AND 3581600
	Index Only Scan using k_3 on sbtest3  (cost=0.43..6.63 rows=110 width=4)
	  Index Cond: ((k >= 3581500) AND (k <= 3581600))

table 4 : explain SELECT k FROM sbtest4 WHERE k BETWEEN 3581500 AND 3581600
	Index Only Scan using k_4 on sbtest4  (cost=0.43..6.47 rows=102 width=4)
	  Index Cond: ((k >= 3581500) AND (k <= 3581600))

table 5 : explain SELECT k FROM sbtest5 WHERE k BETWEEN 3581500 AND 3581600
	Index Only Scan using k_5 on sbtest5  (cost=0.43..6.42 rows=99 width=4)
	  Index Cond: ((k >= 3581500) AND (k <= 3581600))

table 6 : explain SELECT k FROM sbtest6 WHERE k BETWEEN 3581500 AND 3581600
	Index Only Scan using k_6 on sbtest6  (cost=0.43..6.58 rows=107 width=4)
	  Index Cond: ((k >= 3581500) AND (k <= 3581600))

table 7 : explain SELECT k FROM sbtest7 WHERE k BETWEEN 3581500 AND 3581600
	Index Only Scan using k_7 on sbtest7  (cost=0.43..6.50 rows=103 width=4)
	  Index Cond: ((k >= 3581500) AND (k <= 3581600))

table 8 : explain SELECT k FROM sbtest8 WHERE k BETWEEN 3581500 AND 3581600
	Index Only Scan using k_8 on sbtest8  (cost=0.43..10.68 rows=112 width=4)
	  Index Cond: ((k >= 3581500) AND (k <= 3581600))

for range-covered
table 1 : explain SELECT k FROM sbtest1 WHERE k BETWEEN 3508709 AND 3508809
	Index Only Scan using k_1 on sbtest1  (cost=0.43..6.35 rows=96 width=4)
	  Index Cond: ((k >= 3508709) AND (k <= 3508809))

table 2 : explain SELECT k FROM sbtest2 WHERE k BETWEEN 3508709 AND 3508809
	Index Only Scan using k_2 on sbtest2  (cost=0.43..10.42 rows=99 width=4)
	  Index Cond: ((k >= 3508709) AND (k <= 3508809))

table 3 : explain SELECT k FROM sbtest3 WHERE k BETWEEN 3508709 AND 3508809
	Index Only Scan using k_3 on sbtest3  (cost=0.43..6.50 rows=103 width=4)
	  Index Cond: ((k >= 3508709) AND (k <= 3508809))

table 4 : explain SELECT k FROM sbtest4 WHERE k BETWEEN 3508709 AND 3508809
	Index Only Scan using k_4 on sbtest4  (cost=0.43..6.27 rows=92 width=4)
	  Index Cond: ((k >= 3508709) AND (k <= 3508809))

table 5 : explain SELECT k FROM sbtest5 WHERE k BETWEEN 3508709 AND 3508809
	Index Only Scan using k_5 on sbtest5  (cost=0.43..6.42 rows=99 width=4)
	  Index Cond: ((k >= 3508709) AND (k <= 3508809))

table 6 : explain SELECT k FROM sbtest6 WHERE k BETWEEN 3508709 AND 3508809
	Index Only Scan using k_6 on sbtest6  (cost=0.43..6.50 rows=103 width=4)
	  Index Cond: ((k >= 3508709) AND (k <= 3508809))

table 7 : explain SELECT k FROM sbtest7 WHERE k BETWEEN 3508709 AND 3508809
	Index Only Scan using k_7 on sbtest7  (cost=0.43..6.40 rows=98 width=4)
	  Index Cond: ((k >= 3508709) AND (k <= 3508809))

table 8 : explain SELECT k FROM sbtest8 WHERE k BETWEEN 3508709 AND 3508809
	Index Only Scan using k_8 on sbtest8  (cost=0.43..10.56 rows=106 width=4)
	  Index Cond: ((k >= 3508709) AND (k <= 3508809))

explain: for range-covered :: explain SELECT k FROM sbtest%d WHERE k BETWEEN 9246214 AND 9246314
explain: for range-covered :: explain SELECT k FROM sbtest%d WHERE k BETWEEN 3581500 AND 3581600
explain: for range-covered :: explain SELECT k FROM sbtest%d WHERE k BETWEEN 7795760 AND 7795860
for range-covered
table 1 : explain SELECT k FROM sbtest1 WHERE k BETWEEN 2748810 AND 2748910
	Index Only Scan using k_1 on sbtest1  (cost=0.43..6.27 rows=92 width=4)
	  Index Cond: ((k >= 2748810) AND (k <= 2748910))

table 2 : explain SELECT k FROM sbtest2 WHERE k BETWEEN 2748810 AND 2748910
	Index Only Scan using k_2 on sbtest2  (cost=0.43..10.42 rows=99 width=4)
	  Index Cond: ((k >= 2748810) AND (k <= 2748910))

table 3 : explain SELECT k FROM sbtest3 WHERE k BETWEEN 2748810 AND 2748910
	Index Only Scan using k_3 on sbtest3  (cost=0.43..6.67 rows=112 width=4)
	  Index Cond: ((k >= 2748810) AND (k <= 2748910))

table 4 : explain SELECT k FROM sbtest4 WHERE k BETWEEN 2748810 AND 2748910
	Index Only Scan using k_4 on sbtest4  (cost=0.43..6.45 rows=101 width=4)
	  Index Cond: ((k >= 2748810) AND (k <= 2748910))

table 5 : explain SELECT k FROM sbtest5 WHERE k BETWEEN 2748810 AND 2748910
	Index Only Scan using k_5 on sbtest5  (cost=0.43..6.35 rows=96 width=4)
	  Index Cond: ((k >= 2748810) AND (k <= 2748910))

table 6 : explain SELECT k FROM sbtest6 WHERE k BETWEEN 2748810 AND 2748910
	Index Only Scan using k_6 on sbtest6  (cost=0.43..6.33 rows=95 width=4)
	  Index Cond: ((k >= 2748810) AND (k <= 2748910))

table 7 : explain SELECT k FROM sbtest7 WHERE k BETWEEN 2748810 AND 2748910
	Index Only Scan using k_7 on sbtest7  (cost=0.43..6.43 rows=100 width=4)
	  Index Cond: ((k >= 2748810) AND (k <= 2748910))

table 8 : explain SELECT k FROM sbtest8 WHERE k BETWEEN 2748810 AND 2748910
	Index Only Scan using k_8 on sbtest8  (cost=0.43..10.58 rows=107 width=4)
	  Index Cond: ((k >= 2748810) AND (k <= 2748910))

explain: for range-covered :: explain SELECT k FROM sbtest%d WHERE k BETWEEN 3508709 AND 3508809
explain: for range-covered :: explain SELECT k FROM sbtest%d WHERE k BETWEEN 2748810 AND 2748910
explain: for range-covered :: explain SELECT k FROM sbtest%d WHERE k BETWEEN 5171317 AND 5171417
for range-covered
table 1 : explain SELECT k FROM sbtest1 WHERE k BETWEEN 7770079 AND 7770179
	Index Only Scan using k_1 on sbtest1  (cost=0.43..6.45 rows=101 width=4)
	  Index Cond: ((k >= 7770079) AND (k <= 7770179))

table 2 : explain SELECT k FROM sbtest2 WHERE k BETWEEN 7770079 AND 7770179
	Index Only Scan using k_2 on sbtest2  (cost=0.43..10.47 rows=102 width=4)
	  Index Cond: ((k >= 7770079) AND (k <= 7770179))

table 3 : explain SELECT k FROM sbtest3 WHERE k BETWEEN 7770079 AND 7770179
	Index Only Scan using k_3 on sbtest3  (cost=0.43..6.51 rows=104 width=4)
	  Index Cond: ((k >= 7770079) AND (k <= 7770179))

table 4 : explain SELECT k FROM sbtest4 WHERE k BETWEEN 7770079 AND 7770179
	Index Only Scan using k_4 on sbtest4  (cost=0.43..6.67 rows=112 width=4)
	  Index Cond: ((k >= 7770079) AND (k <= 7770179))

table 5 : explain SELECT k FROM sbtest5 WHERE k BETWEEN 7770079 AND 7770179
	Index Only Scan using k_5 on sbtest5  (cost=0.43..6.45 rows=101 width=4)
	  Index Cond: ((k >= 7770079) AND (k <= 7770179))

table 6 : explain SELECT k FROM sbtest6 WHERE k BETWEEN 7770079 AND 7770179
	Index Only Scan using k_6 on sbtest6  (cost=0.43..6.42 rows=99 width=4)
	  Index Cond: ((k >= 7770079) AND (k <= 7770179))

table 7 : explain SELECT k FROM sbtest7 WHERE k BETWEEN 7770079 AND 7770179
	Index Only Scan using k_7 on sbtest7  (cost=0.43..6.19 rows=88 width=4)
	  Index Cond: ((k >= 7770079) AND (k <= 7770179))

table 8 : explain SELECT k FROM sbtest8 WHERE k BETWEEN 7770079 AND 7770179
	Index Only Scan using k_8 on sbtest8  (cost=0.43..10.44 rows=100 width=4)
	  Index Cond: ((k >= 7770079) AND (k <= 7770179))

explain: for range-covered :: explain SELECT k FROM sbtest%d WHERE k BETWEEN 7770079 AND 7770179
for range-covered
table 1 : explain SELECT k FROM sbtest1 WHERE k BETWEEN 3386275 AND 3386375
	Index Only Scan using k_1 on sbtest1  (cost=0.43..6.45 rows=101 width=4)
	  Index Cond: ((k >= 3386275) AND (k <= 3386375))

table 2 : explain SELECT k FROM sbtest2 WHERE k BETWEEN 3386275 AND 3386375
	Index Only Scan using k_2 on sbtest2  (cost=0.43..10.60 rows=108 width=4)
	  Index Cond: ((k >= 3386275) AND (k <= 3386375))

table 3 : explain SELECT k FROM sbtest3 WHERE k BETWEEN 3386275 AND 3386375
	Index Only Scan using k_3 on sbtest3  (cost=0.43..6.37 rows=97 width=4)
	  Index Cond: ((k >= 3386275) AND (k <= 3386375))

table 4 : explain SELECT k FROM sbtest4 WHERE k BETWEEN 3386275 AND 3386375
	Index Only Scan using k_4 on sbtest4  (cost=0.43..6.50 rows=103 width=4)
	  Index Cond: ((k >= 3386275) AND (k <= 3386375))

table 5 : explain SELECT k FROM sbtest5 WHERE k BETWEEN 3386275 AND 3386375
	Index Only Scan using k_5 on sbtest5  (cost=0.43..6.33 rows=95 width=4)
	  Index Cond: ((k >= 3386275) AND (k <= 3386375))

table 6 : explain SELECT k FROM sbtest6 WHERE k BETWEEN 3386275 AND 3386375
	Index Only Scan using k_6 on sbtest6  (cost=0.43..6.35 rows=96 width=4)
	  Index Cond: ((k >= 3386275) AND (k <= 3386375))

table 7 : explain SELECT k FROM sbtest7 WHERE k BETWEEN 3386275 AND 3386375
	Index Only Scan using k_7 on sbtest7  (cost=0.43..6.33 rows=95 width=4)
	  Index Cond: ((k >= 3386275) AND (k <= 3386375))

table 8 : explain SELECT k FROM sbtest8 WHERE k BETWEEN 3386275 AND 3386375
	Index Only Scan using k_8 on sbtest8  (cost=0.43..10.60 rows=108 width=4)
	  Index Cond: ((k >= 3386275) AND (k <= 3386375))

for range-covered
table 1 : explain SELECT k FROM sbtest1 WHERE k BETWEEN 3581500 AND 3581600
	Index Only Scan using k_1 on sbtest1  (cost=0.43..6.51 rows=104 width=4)
	  Index Cond: ((k >= 3581500) AND (k <= 3581600))

table 2 : explain SELECT k FROM sbtest2 WHERE k BETWEEN 3581500 AND 3581600
	Index Only Scan using k_2 on sbtest2  (cost=0.43..10.47 rows=102 width=4)
	  Index Cond: ((k >= 3581500) AND (k <= 3581600))

table 3 : explain SELECT k FROM sbtest3 WHERE k BETWEEN 3581500 AND 3581600
	Index Only Scan using k_3 on sbtest3  (cost=0.43..6.63 rows=110 width=4)
	  Index Cond: ((k >= 3581500) AND (k <= 3581600))

table 4 : explain SELECT k FROM sbtest4 WHERE k BETWEEN 3581500 AND 3581600
	Index Only Scan using k_4 on sbtest4  (cost=0.43..6.47 rows=102 width=4)
	  Index Cond: ((k >= 3581500) AND (k <= 3581600))

table 5 : explain SELECT k FROM sbtest5 WHERE k BETWEEN 3581500 AND 3581600
	Index Only Scan using k_5 on sbtest5  (cost=0.43..6.42 rows=99 width=4)
	  Index Cond: ((k >= 3581500) AND (k <= 3581600))

table 6 : explain SELECT k FROM sbtest6 WHERE k BETWEEN 3581500 AND 3581600
	Index Only Scan using k_6 on sbtest6  (cost=0.43..6.58 rows=107 width=4)
	  Index Cond: ((k >= 3581500) AND (k <= 3581600))

table 7 : explain SELECT k FROM sbtest7 WHERE k BETWEEN 3581500 AND 3581600
	Index Only Scan using k_7 on sbtest7  (cost=0.43..6.50 rows=103 width=4)
	  Index Cond: ((k >= 3581500) AND (k <= 3581600))

table 8 : explain SELECT k FROM sbtest8 WHERE k BETWEEN 3581500 AND 3581600
	Index Only Scan using k_8 on sbtest8  (cost=0.43..10.68 rows=112 width=4)
	  Index Cond: ((k >= 3581500) AND (k <= 3581600))

explain: for range-covered :: explain SELECT k FROM sbtest%d WHERE k BETWEEN 3386275 AND 3386375explain: for range-covered :: explain SELECT k FROM sbtest%d WHERE k BETWEEN 3581500 AND 3581600

for range-covered
table 1 : explain SELECT k FROM sbtest1 WHERE k BETWEEN 3165004 AND 3165104
	Index Only Scan using k_1 on sbtest1  (cost=0.43..6.45 rows=101 width=4)
	  Index Cond: ((k >= 3165004) AND (k <= 3165104))

table 2 : explain SELECT k FROM sbtest2 WHERE k BETWEEN 3165004 AND 3165104
	Index Only Scan using k_2 on sbtest2  (cost=0.43..10.36 rows=96 width=4)
	  Index Cond: ((k >= 3165004) AND (k <= 3165104))

table 3 : explain SELECT k FROM sbtest3 WHERE k BETWEEN 3165004 AND 3165104
	Index Only Scan using k_3 on sbtest3  (cost=0.43..6.25 rows=91 width=4)
	  Index Cond: ((k >= 3165004) AND (k <= 3165104))

table 4 : explain SELECT k FROM sbtest4 WHERE k BETWEEN 3165004 AND 3165104
	Index Only Scan using k_4 on sbtest4  (cost=0.43..6.53 rows=105 width=4)
	  Index Cond: ((k >= 3165004) AND (k <= 3165104))

table 5 : explain SELECT k FROM sbtest5 WHERE k BETWEEN 3165004 AND 3165104
	Index Only Scan using k_5 on sbtest5  (cost=0.43..6.32 rows=94 width=4)
	  Index Cond: ((k >= 3165004) AND (k <= 3165104))

table 6 : explain SELECT k FROM sbtest6 WHERE k BETWEEN 3165004 AND 3165104
	Index Only Scan using k_6 on sbtest6  (cost=0.43..6.58 rows=107 width=4)
	  Index Cond: ((k >= 3165004) AND (k <= 3165104))

table 7 : explain SELECT k FROM sbtest7 WHERE k BETWEEN 3165004 AND 3165104
	Index Only Scan using k_7 on sbtest7  (cost=0.43..6.42 rows=99 width=4)
	  Index Cond: ((k >= 3165004) AND (k <= 3165104))

table 8 : explain SELECT k FROM sbtest8 WHERE k BETWEEN 3165004 AND 3165104
	Index Only Scan using k_8 on sbtest8  (cost=0.43..10.63 rows=110 width=4)
	  Index Cond: ((k >= 3165004) AND (k <= 3165104))

for range-covered
table 1 : explain SELECT k FROM sbtest1 WHERE k BETWEEN 2748810 AND 2748910
	Index Only Scan using k_1 on sbtest1  (cost=0.43..6.27 rows=92 width=4)
	  Index Cond: ((k >= 2748810) AND (k <= 2748910))

table 2 : explain SELECT k FROM sbtest2 WHERE k BETWEEN 2748810 AND 2748910
	Index Only Scan using k_2 on sbtest2  (cost=0.43..10.42 rows=99 width=4)
	  Index Cond: ((k >= 2748810) AND (k <= 2748910))

table 3 : explain SELECT k FROM sbtest3 WHERE k BETWEEN 2748810 AND 2748910
	Index Only Scan using k_3 on sbtest3  (cost=0.43..6.67 rows=112 width=4)
	  Index Cond: ((k >= 2748810) AND (k <= 2748910))

table 4 : explain SELECT k FROM sbtest4 WHERE k BETWEEN 2748810 AND 2748910
	Index Only Scan using k_4 on sbtest4  (cost=0.43..6.45 rows=101 width=4)
	  Index Cond: ((k >= 2748810) AND (k <= 2748910))

table 5 : explain SELECT k FROM sbtest5 WHERE k BETWEEN 2748810 AND 2748910
	Index Only Scan using k_5 on sbtest5  (cost=0.43..6.35 rows=96 width=4)
	  Index Cond: ((k >= 2748810) AND (k <= 2748910))

table 6 : explain SELECT k FROM sbtest6 WHERE k BETWEEN 2748810 AND 2748910
	Index Only Scan using k_6 on sbtest6  (cost=0.43..6.33 rows=95 width=4)
	  Index Cond: ((k >= 2748810) AND (k <= 2748910))

table 7 : explain SELECT k FROM sbtest7 WHERE k BETWEEN 2748810 AND 2748910
	Index Only Scan using k_7 on sbtest7  (cost=0.43..6.43 rows=100 width=4)
	  Index Cond: ((k >= 2748810) AND (k <= 2748910))

table 8 : explain SELECT k FROM sbtest8 WHERE k BETWEEN 2748810 AND 2748910
	Index Only Scan using k_8 on sbtest8  (cost=0.43..10.58 rows=107 width=4)
	  Index Cond: ((k >= 2748810) AND (k <= 2748910))

explain: for range-covered :: explain SELECT k FROM sbtest%d WHERE k BETWEEN 3165004 AND 3165104
explain: for range-covered :: explain SELECT k FROM sbtest%d WHERE k BETWEEN 2748810 AND 2748910
for range-covered
table 1 : explain SELECT k FROM sbtest1 WHERE k BETWEEN 4369903 AND 4370003
	Index Only Scan using k_1 on sbtest1  (cost=0.43..6.47 rows=102 width=4)
	  Index Cond: ((k >= 4369903) AND (k <= 4370003))

table 2 : explain SELECT k FROM sbtest2 WHERE k BETWEEN 4369903 AND 4370003
	Index Only Scan using k_2 on sbtest2  (cost=0.43..10.38 rows=97 width=4)
	  Index Cond: ((k >= 4369903) AND (k <= 4370003))

table 3 : explain SELECT k FROM sbtest3 WHERE k BETWEEN 4369903 AND 4370003
	Index Only Scan using k_3 on sbtest3  (cost=0.43..6.50 rows=103 width=4)
	  Index Cond: ((k >= 4369903) AND (k <= 4370003))

table 4 : explain SELECT k FROM sbtest4 WHERE k BETWEEN 4369903 AND 4370003
	Index Only Scan using k_4 on sbtest4  (cost=0.43..6.45 rows=101 width=4)
	  Index Cond: ((k >= 4369903) AND (k <= 4370003))

table 5 : explain SELECT k FROM sbtest5 WHERE k BETWEEN 4369903 AND 4370003
	Index Only Scan using k_5 on sbtest5  (cost=0.43..6.43 rows=100 width=4)
	  Index Cond: ((k >= 4369903) AND (k <= 4370003))

table 6 : explain SELECT k FROM sbtest6 WHERE k BETWEEN 4369903 AND 4370003
	Index Only Scan using k_6 on sbtest6  (cost=0.43..6.33 rows=95 width=4)
	  Index Cond: ((k >= 4369903) AND (k <= 4370003))

table 7 : explain SELECT k FROM sbtest7 WHERE k BETWEEN 4369903 AND 4370003
	Index Only Scan using k_7 on sbtest7  (cost=0.43..6.51 rows=104 width=4)
	  Index Cond: ((k >= 4369903) AND (k <= 4370003))

table 8 : explain SELECT k FROM sbtest8 WHERE k BETWEEN 4369903 AND 4370003
	Index Only Scan using k_8 on sbtest8  (cost=0.43..10.42 rows=99 width=4)
	  Index Cond: ((k >= 4369903) AND (k <= 4370003))

for range-covered
table 1 : explain SELECT k FROM sbtest1 WHERE k BETWEEN 7770079 AND 7770179
	Index Only Scan using k_1 on sbtest1  (cost=0.43..6.45 rows=101 width=4)
	  Index Cond: ((k >= 7770079) AND (k <= 7770179))

table 2 : explain SELECT k FROM sbtest2 WHERE k BETWEEN 7770079 AND 7770179
	Index Only Scan using k_2 on sbtest2  (cost=0.43..10.47 rows=102 width=4)
	  Index Cond: ((k >= 7770079) AND (k <= 7770179))

table 3 : explain SELECT k FROM sbtest3 WHERE k BETWEEN 7770079 AND 7770179
	Index Only Scan using k_3 on sbtest3  (cost=0.43..6.51 rows=104 width=4)
	  Index Cond: ((k >= 7770079) AND (k <= 7770179))

table 4 : explain SELECT k FROM sbtest4 WHERE k BETWEEN 7770079 AND 7770179
	Index Only Scan using k_4 on sbtest4  (cost=0.43..6.67 rows=112 width=4)
	  Index Cond: ((k >= 7770079) AND (k <= 7770179))

table 5 : explain SELECT k FROM sbtest5 WHERE k BETWEEN 7770079 AND 7770179
	Index Only Scan using k_5 on sbtest5  (cost=0.43..6.45 rows=101 width=4)
	  Index Cond: ((k >= 7770079) AND (k <= 7770179))

table 6 : explain SELECT k FROM sbtest6 WHERE k BETWEEN 7770079 AND 7770179
	Index Only Scan using k_6 on sbtest6  (cost=0.43..6.42 rows=99 width=4)
	  Index Cond: ((k >= 7770079) AND (k <= 7770179))

table 7 : explain SELECT k FROM sbtest7 WHERE k BETWEEN 7770079 AND 7770179
	Index Only Scan using k_7 on sbtest7  (cost=0.43..6.19 rows=88 width=4)
	  Index Cond: ((k >= 7770079) AND (k <= 7770179))

table 8 : explain SELECT k FROM sbtest8 WHERE k BETWEEN 7770079 AND 7770179
	Index Only Scan using k_8 on sbtest8  (cost=0.43..10.44 rows=100 width=4)
	  Index Cond: ((k >= 7770079) AND (k <= 7770179))

for range-covered
table 1 : explain SELECT k FROM sbtest1 WHERE k BETWEEN 9540859 AND 9540959
	Index Only Scan using k_1 on sbtest1  (cost=0.43..6.45 rows=101 width=4)
	  Index Cond: ((k >= 9540859) AND (k <= 9540959))

table 2 : explain SELECT k FROM sbtest2 WHERE k BETWEEN 9540859 AND 9540959
	Index Only Scan using k_2 on sbtest2  (cost=0.43..10.56 rows=106 width=4)
	  Index Cond: ((k >= 9540859) AND (k <= 9540959))

table 3 : explain SELECT k FROM sbtest3 WHERE k BETWEEN 9540859 AND 9540959
	Index Only Scan using k_3 on sbtest3  (cost=0.43..6.43 rows=100 width=4)
	  Index Cond: ((k >= 9540859) AND (k <= 9540959))

table 4 : explain SELECT k FROM sbtest4 WHERE k BETWEEN 9540859 AND 9540959
	Index Only Scan using k_4 on sbtest4  (cost=0.43..6.47 rows=102 width=4)
	  Index Cond: ((k >= 9540859) AND (k <= 9540959))

table 5 : explain SELECT k FROM sbtest5 WHERE k BETWEEN 9540859 AND 9540959
	Index Only Scan using k_5 on sbtest5  (cost=0.43..6.56 rows=106 width=4)
	  Index Cond: ((k >= 9540859) AND (k <= 9540959))

table 6 : explain SELECT k FROM sbtest6 WHERE k BETWEEN 9540859 AND 9540959
	Index Only Scan using k_6 on sbtest6  (cost=0.43..6.45 rows=101 width=4)
	  Index Cond: ((k >= 9540859) AND (k <= 9540959))

table 7 : explain SELECT k FROM sbtest7 WHERE k BETWEEN 9540859 AND 9540959
	Index Only Scan using k_7 on sbtest7  (cost=0.43..6.67 rows=112 width=4)
	  Index Cond: ((k >= 9540859) AND (k <= 9540959))

table 8 : explain SELECT k FROM sbtest8 WHERE k BETWEEN 9540859 AND 9540959
	Index Only Scan using k_8 on sbtest8  (cost=0.43..10.70 rows=113 width=4)
	  Index Cond: ((k >= 9540859) AND (k <= 9540959))

explain: for range-covered :: explain SELECT k FROM sbtest%d WHERE k BETWEEN 7770079 AND 7770179
for range-covered
table 1 : explain SELECT k FROM sbtest1 WHERE k BETWEEN 3508709 AND 3508809
	Index Only Scan using k_1 on sbtest1  (cost=0.43..6.35 rows=96 width=4)
	  Index Cond: ((k >= 3508709) AND (k <= 3508809))

table 2 : explain SELECT k FROM sbtest2 WHERE k BETWEEN 3508709 AND 3508809
	Index Only Scan using k_2 on sbtest2  (cost=0.43..10.42 rows=99 width=4)
	  Index Cond: ((k >= 3508709) AND (k <= 3508809))

table 3 : explain SELECT k FROM sbtest3 WHERE k BETWEEN 3508709 AND 3508809
	Index Only Scan using k_3 on sbtest3  (cost=0.43..6.50 rows=103 width=4)
	  Index Cond: ((k >= 3508709) AND (k <= 3508809))

table 4 : explain SELECT k FROM sbtest4 WHERE k BETWEEN 3508709 AND 3508809
	Index Only Scan using k_4 on sbtest4  (cost=0.43..6.27 rows=92 width=4)
	  Index Cond: ((k >= 3508709) AND (k <= 3508809))

table 5 : explain SELECT k FROM sbtest5 WHERE k BETWEEN 3508709 AND 3508809
	Index Only Scan using k_5 on sbtest5  (cost=0.43..6.42 rows=99 width=4)
	  Index Cond: ((k >= 3508709) AND (k <= 3508809))

table 6 : explain SELECT k FROM sbtest6 WHERE k BETWEEN 3508709 AND 3508809
	Index Only Scan using k_6 on sbtest6  (cost=0.43..6.50 rows=103 width=4)
	  Index Cond: ((k >= 3508709) AND (k <= 3508809))

table 7 : explain SELECT k FROM sbtest7 WHERE k BETWEEN 3508709 AND 3508809
	Index Only Scan using k_7 on sbtest7  (cost=0.43..6.40 rows=98 width=4)
	  Index Cond: ((k >= 3508709) AND (k <= 3508809))

table 8 : explain SELECT k FROM sbtest8 WHERE k BETWEEN 3508709 AND 3508809
	Index Only Scan using k_8 on sbtest8  (cost=0.43..10.56 rows=106 width=4)
	  Index Cond: ((k >= 3508709) AND (k <= 3508809))

for range-covered
table 1 : explain SELECT k FROM sbtest1 WHERE k BETWEEN 3581500 AND 3581600
	Index Only Scan using k_1 on sbtest1  (cost=0.43..6.51 rows=104 width=4)
	  Index Cond: ((k >= 3581500) AND (k <= 3581600))

table 2 : explain SELECT k FROM sbtest2 WHERE k BETWEEN 3581500 AND 3581600
	Index Only Scan using k_2 on sbtest2  (cost=0.43..10.47 rows=102 width=4)
	  Index Cond: ((k >= 3581500) AND (k <= 3581600))

table 3 : explain SELECT k FROM sbtest3 WHERE k BETWEEN 3581500 AND 3581600
	Index Only Scan using k_3 on sbtest3  (cost=0.43..6.63 rows=110 width=4)
	  Index Cond: ((k >= 3581500) AND (k <= 3581600))

table 4 : explain SELECT k FROM sbtest4 WHERE k BETWEEN 3581500 AND 3581600
	Index Only Scan using k_4 on sbtest4  (cost=0.43..6.47 rows=102 width=4)
	  Index Cond: ((k >= 3581500) AND (k <= 3581600))

table 5 : explain SELECT k FROM sbtest5 WHERE k BETWEEN 3581500 AND 3581600
	Index Only Scan using k_5 on sbtest5  (cost=0.43..6.42 rows=99 width=4)
	  Index Cond: ((k >= 3581500) AND (k <= 3581600))

table 6 : explain SELECT k FROM sbtest6 WHERE k BETWEEN 3581500 AND 3581600
	Index Only Scan using k_6 on sbtest6  (cost=0.43..6.58 rows=107 width=4)
	  Index Cond: ((k >= 3581500) AND (k <= 3581600))

table 7 : explain SELECT k FROM sbtest7 WHERE k BETWEEN 3581500 AND 3581600
	Index Only Scan using k_7 on sbtest7  (cost=0.43..6.50 rows=103 width=4)
	  Index Cond: ((k >= 3581500) AND (k <= 3581600))

table 8 : explain SELECT k FROM sbtest8 WHERE k BETWEEN 3581500 AND 3581600
	Index Only Scan using k_8 on sbtest8  (cost=0.43..10.68 rows=112 width=4)
	  Index Cond: ((k >= 3581500) AND (k <= 3581600))

explain: for range-covered :: explain SELECT k FROM sbtest%d WHERE k BETWEEN 3581500 AND 3581600
for range-covered
table 1 : explain SELECT k FROM sbtest1 WHERE k BETWEEN 2748810 AND 2748910
	Index Only Scan using k_1 on sbtest1  (cost=0.43..6.27 rows=92 width=4)
	  Index Cond: ((k >= 2748810) AND (k <= 2748910))

table 2 : explain SELECT k FROM sbtest2 WHERE k BETWEEN 2748810 AND 2748910
	Index Only Scan using k_2 on sbtest2  (cost=0.43..10.42 rows=99 width=4)
	  Index Cond: ((k >= 2748810) AND (k <= 2748910))

table 3 : explain SELECT k FROM sbtest3 WHERE k BETWEEN 2748810 AND 2748910
	Index Only Scan using k_3 on sbtest3  (cost=0.43..6.67 rows=112 width=4)
	  Index Cond: ((k >= 2748810) AND (k <= 2748910))

table 4 : explain SELECT k FROM sbtest4 WHERE k BETWEEN 2748810 AND 2748910
	Index Only Scan using k_4 on sbtest4  (cost=0.43..6.45 rows=101 width=4)
	  Index Cond: ((k >= 2748810) AND (k <= 2748910))

table 5 : explain SELECT k FROM sbtest5 WHERE k BETWEEN 2748810 AND 2748910
	Index Only Scan using k_5 on sbtest5  (cost=0.43..6.35 rows=96 width=4)
	  Index Cond: ((k >= 2748810) AND (k <= 2748910))

table 6 : explain SELECT k FROM sbtest6 WHERE k BETWEEN 2748810 AND 2748910
	Index Only Scan using k_6 on sbtest6  (cost=0.43..6.33 rows=95 width=4)
	  Index Cond: ((k >= 2748810) AND (k <= 2748910))

table 7 : explain SELECT k FROM sbtest7 WHERE k BETWEEN 2748810 AND 2748910
	Index Only Scan using k_7 on sbtest7  (cost=0.43..6.43 rows=100 width=4)
	  Index Cond: ((k >= 2748810) AND (k <= 2748910))

table 8 : explain SELECT k FROM sbtest8 WHERE k BETWEEN 2748810 AND 2748910
	Index Only Scan using k_8 on sbtest8  (cost=0.43..10.58 rows=107 width=4)
	  Index Cond: ((k >= 2748810) AND (k <= 2748910))

for range-covered
table 1 : explain SELECT k FROM sbtest1 WHERE k BETWEEN 7795760 AND 7795860
	Index Only Scan using k_1 on sbtest1  (cost=0.43..6.45 rows=101 width=4)
	  Index Cond: ((k >= 7795760) AND (k <= 7795860))

table 2 : explain SELECT k FROM sbtest2 WHERE k BETWEEN 7795760 AND 7795860
	Index Only Scan using k_2 on sbtest2  (cost=0.43..10.38 rows=97 width=4)
	  Index Cond: ((k >= 7795760) AND (k <= 7795860))

table 3 : explain SELECT k FROM sbtest3 WHERE k BETWEEN 7795760 AND 7795860
	Index Only Scan using k_3 on sbtest3  (cost=0.43..6.21 rows=89 width=4)
	  Index Cond: ((k >= 7795760) AND (k <= 7795860))

table 4 : explain SELECT k FROM sbtest4 WHERE k BETWEEN 7795760 AND 7795860
	Index Only Scan using k_4 on sbtest4  (cost=0.43..6.56 rows=106 width=4)
	  Index Cond: ((k >= 7795760) AND (k <= 7795860))

table 5 : explain SELECT k FROM sbtest5 WHERE k BETWEEN 7795760 AND 7795860
	Index Only Scan using k_5 on sbtest5  (cost=0.43..6.45 rows=101 width=4)
	  Index Cond: ((k >= 7795760) AND (k <= 7795860))

table 6 : explain SELECT k FROM sbtest6 WHERE k BETWEEN 7795760 AND 7795860
	Index Only Scan using k_6 on sbtest6  (cost=0.43..6.42 rows=99 width=4)
	  Index Cond: ((k >= 7795760) AND (k <= 7795860))

table 7 : explain SELECT k FROM sbtest7 WHERE k BETWEEN 7795760 AND 7795860
	Index Only Scan using k_7 on sbtest7  (cost=0.43..6.19 rows=88 width=4)
	  Index Cond: ((k >= 7795760) AND (k <= 7795860))

table 8 : explain SELECT k FROM sbtest8 WHERE k BETWEEN 7795760 AND 7795860
	Index Only Scan using k_8 on sbtest8  (cost=0.43..10.56 rows=106 width=4)
	  Index Cond: ((k >= 7795760) AND (k <= 7795860))

explain: for range-covered :: explain SELECT k FROM sbtest%d WHERE k BETWEEN 2748810 AND 2748910
for range-covered
table 1 : explain SELECT k FROM sbtest1 WHERE k BETWEEN 7770079 AND 7770179
	Index Only Scan using k_1 on sbtest1  (cost=0.43..6.45 rows=101 width=4)
	  Index Cond: ((k >= 7770079) AND (k <= 7770179))

table 2 : explain SELECT k FROM sbtest2 WHERE k BETWEEN 7770079 AND 7770179
	Index Only Scan using k_2 on sbtest2  (cost=0.43..10.47 rows=102 width=4)
	  Index Cond: ((k >= 7770079) AND (k <= 7770179))

table 3 : explain SELECT k FROM sbtest3 WHERE k BETWEEN 7770079 AND 7770179
	Index Only Scan using k_3 on sbtest3  (cost=0.43..6.51 rows=104 width=4)
	  Index Cond: ((k >= 7770079) AND (k <= 7770179))

table 4 : explain SELECT k FROM sbtest4 WHERE k BETWEEN 7770079 AND 7770179
	Index Only Scan using k_4 on sbtest4  (cost=0.43..6.67 rows=112 width=4)
	  Index Cond: ((k >= 7770079) AND (k <= 7770179))

table 5 : explain SELECT k FROM sbtest5 WHERE k BETWEEN 7770079 AND 7770179
	Index Only Scan using k_5 on sbtest5  (cost=0.43..6.45 rows=101 width=4)
	  Index Cond: ((k >= 7770079) AND (k <= 7770179))

table 6 : explain SELECT k FROM sbtest6 WHERE k BETWEEN 7770079 AND 7770179
	Index Only Scan using k_6 on sbtest6  (cost=0.43..6.42 rows=99 width=4)
	  Index Cond: ((k >= 7770079) AND (k <= 7770179))

table 7 : explain SELECT k FROM sbtest7 WHERE k BETWEEN 7770079 AND 7770179
	Index Only Scan using k_7 on sbtest7  (cost=0.43..6.19 rows=88 width=4)
	  Index Cond: ((k >= 7770079) AND (k <= 7770179))

table 8 : explain SELECT k FROM sbtest8 WHERE k BETWEEN 7770079 AND 7770179
	Index Only Scan using k_8 on sbtest8  (cost=0.43..10.44 rows=100 width=4)
	  Index Cond: ((k >= 7770079) AND (k <= 7770179))

for range-covered
table 1 : explain SELECT k FROM sbtest1 WHERE k BETWEEN 9246214 AND 9246314
	Index Only Scan using k_1 on sbtest1  (cost=0.43..6.51 rows=104 width=4)
	  Index Cond: ((k >= 9246214) AND (k <= 9246314))

table 2 : explain SELECT k FROM sbtest2 WHERE k BETWEEN 9246214 AND 9246314
	Index Only Scan using k_2 on sbtest2  (cost=0.43..10.40 rows=98 width=4)
	  Index Cond: ((k >= 9246214) AND (k <= 9246314))

table 3 : explain SELECT k FROM sbtest3 WHERE k BETWEEN 9246214 AND 9246314
	Index Only Scan using k_3 on sbtest3  (cost=0.43..6.45 rows=101 width=4)
	  Index Cond: ((k >= 9246214) AND (k <= 9246314))

table 4 : explain SELECT k FROM sbtest4 WHERE k BETWEEN 9246214 AND 9246314
	Index Only Scan using k_4 on sbtest4  (cost=0.43..6.59 rows=108 width=4)
	  Index Cond: ((k >= 9246214) AND (k <= 9246314))

table 5 : explain SELECT k FROM sbtest5 WHERE k BETWEEN 9246214 AND 9246314
	Index Only Scan using k_5 on sbtest5  (cost=0.43..6.29 rows=93 width=4)
	  Index Cond: ((k >= 9246214) AND (k <= 9246314))

table 6 : explain SELECT k FROM sbtest6 WHERE k BETWEEN 9246214 AND 9246314
	Index Only Scan using k_6 on sbtest6  (cost=0.43..6.53 rows=105 width=4)
	  Index Cond: ((k >= 9246214) AND (k <= 9246314))

table 7 : explain SELECT k FROM sbtest7 WHERE k BETWEEN 9246214 AND 9246314
	Index Only Scan using k_7 on sbtest7  (cost=0.43..6.45 rows=101 width=4)
	  Index Cond: ((k >= 9246214) AND (k <= 9246314))

table 8 : explain SELECT k FROM sbtest8 WHERE k BETWEEN 9246214 AND 9246314
	Index Only Scan using k_8 on sbtest8  (cost=0.43..10.50 rows=103 width=4)
	  Index Cond: ((k >= 9246214) AND (k <= 9246314))

for range-covered
table 1 : explain SELECT k FROM sbtest1 WHERE k BETWEEN 3165004 AND 3165104
	Index Only Scan using k_1 on sbtest1  (cost=0.43..6.45 rows=101 width=4)
	  Index Cond: ((k >= 3165004) AND (k <= 3165104))

table 2 : explain SELECT k FROM sbtest2 WHERE k BETWEEN 3165004 AND 3165104
	Index Only Scan using k_2 on sbtest2  (cost=0.43..10.36 rows=96 width=4)
	  Index Cond: ((k >= 3165004) AND (k <= 3165104))

table 3 : explain SELECT k FROM sbtest3 WHERE k BETWEEN 3165004 AND 3165104
	Index Only Scan using k_3 on sbtest3  (cost=0.43..6.25 rows=91 width=4)
	  Index Cond: ((k >= 3165004) AND (k <= 3165104))

table 4 : explain SELECT k FROM sbtest4 WHERE k BETWEEN 3165004 AND 3165104
	Index Only Scan using k_4 on sbtest4  (cost=0.43..6.53 rows=105 width=4)
	  Index Cond: ((k >= 3165004) AND (k <= 3165104))

table 5 : explain SELECT k FROM sbtest5 WHERE k BETWEEN 3165004 AND 3165104
	Index Only Scan using k_5 on sbtest5  (cost=0.43..6.32 rows=94 width=4)
	  Index Cond: ((k >= 3165004) AND (k <= 3165104))

table 6 : explain SELECT k FROM sbtest6 WHERE k BETWEEN 3165004 AND 3165104
	Index Only Scan using k_6 on sbtest6  (cost=0.43..6.58 rows=107 width=4)
	  Index Cond: ((k >= 3165004) AND (k <= 3165104))

table 7 : explain SELECT k FROM sbtest7 WHERE k BETWEEN 3165004 AND 3165104
	Index Only Scan using k_7 on sbtest7  (cost=0.43..6.42 rows=99 width=4)
	  Index Cond: ((k >= 3165004) AND (k <= 3165104))

table 8 : explain SELECT k FROM sbtest8 WHERE k BETWEEN 3165004 AND 3165104
	Index Only Scan using k_8 on sbtest8  (cost=0.43..10.63 rows=110 width=4)
	  Index Cond: ((k >= 3165004) AND (k <= 3165104))

explain: for range-covered :: explain SELECT k FROM sbtest%d WHERE k BETWEEN 7770079 AND 7770179
for range-covered
table 1 : explain SELECT k FROM sbtest1 WHERE k BETWEEN 3581500 AND 3581600
	Index Only Scan using k_1 on sbtest1  (cost=0.43..6.51 rows=104 width=4)
	  Index Cond: ((k >= 3581500) AND (k <= 3581600))

table 2 : explain SELECT k FROM sbtest2 WHERE k BETWEEN 3581500 AND 3581600
	Index Only Scan using k_2 on sbtest2  (cost=0.43..10.47 rows=102 width=4)
	  Index Cond: ((k >= 3581500) AND (k <= 3581600))

table 3 : explain SELECT k FROM sbtest3 WHERE k BETWEEN 3581500 AND 3581600
	Index Only Scan using k_3 on sbtest3  (cost=0.43..6.63 rows=110 width=4)
	  Index Cond: ((k >= 3581500) AND (k <= 3581600))

table 4 : explain SELECT k FROM sbtest4 WHERE k BETWEEN 3581500 AND 3581600
	Index Only Scan using k_4 on sbtest4  (cost=0.43..6.47 rows=102 width=4)
	  Index Cond: ((k >= 3581500) AND (k <= 3581600))

table 5 : explain SELECT k FROM sbtest5 WHERE k BETWEEN 3581500 AND 3581600
	Index Only Scan using k_5 on sbtest5  (cost=0.43..6.42 rows=99 width=4)
	  Index Cond: ((k >= 3581500) AND (k <= 3581600))

table 6 : explain SELECT k FROM sbtest6 WHERE k BETWEEN 3581500 AND 3581600
	Index Only Scan using k_6 on sbtest6  (cost=0.43..6.58 rows=107 width=4)
	  Index Cond: ((k >= 3581500) AND (k <= 3581600))

table 7 : explain SELECT k FROM sbtest7 WHERE k BETWEEN 3581500 AND 3581600
	Index Only Scan using k_7 on sbtest7  (cost=0.43..6.50 rows=103 width=4)
	  Index Cond: ((k >= 3581500) AND (k <= 3581600))

table 8 : explain SELECT k FROM sbtest8 WHERE k BETWEEN 3581500 AND 3581600
	Index Only Scan using k_8 on sbtest8  (cost=0.43..10.68 rows=112 width=4)
	  Index Cond: ((k >= 3581500) AND (k <= 3581600))

explain: for range-covered :: explain SELECT k FROM sbtest%d WHERE k BETWEEN 3581500 AND 3581600
for range-covered
table 1 : explain SELECT k FROM sbtest1 WHERE k BETWEEN 3386275 AND 3386375
	Index Only Scan using k_1 on sbtest1  (cost=0.43..6.45 rows=101 width=4)
	  Index Cond: ((k >= 3386275) AND (k <= 3386375))

table 2 : explain SELECT k FROM sbtest2 WHERE k BETWEEN 3386275 AND 3386375
	Index Only Scan using k_2 on sbtest2  (cost=0.43..10.60 rows=108 width=4)
	  Index Cond: ((k >= 3386275) AND (k <= 3386375))

table 3 : explain SELECT k FROM sbtest3 WHERE k BETWEEN 3386275 AND 3386375
	Index Only Scan using k_3 on sbtest3  (cost=0.43..6.37 rows=97 width=4)
	  Index Cond: ((k >= 3386275) AND (k <= 3386375))

table 4 : explain SELECT k FROM sbtest4 WHERE k BETWEEN 3386275 AND 3386375
	Index Only Scan using k_4 on sbtest4  (cost=0.43..6.50 rows=103 width=4)
	  Index Cond: ((k >= 3386275) AND (k <= 3386375))

table 5 : explain SELECT k FROM sbtest5 WHERE k BETWEEN 3386275 AND 3386375
	Index Only Scan using k_5 on sbtest5  (cost=0.43..6.33 rows=95 width=4)
	  Index Cond: ((k >= 3386275) AND (k <= 3386375))

table 6 : explain SELECT k FROM sbtest6 WHERE k BETWEEN 3386275 AND 3386375
	Index Only Scan using k_6 on sbtest6  (cost=0.43..6.35 rows=96 width=4)
	  Index Cond: ((k >= 3386275) AND (k <= 3386375))

table 7 : explain SELECT k FROM sbtest7 WHERE k BETWEEN 3386275 AND 3386375
	Index Only Scan using k_7 on sbtest7  (cost=0.43..6.33 rows=95 width=4)
	  Index Cond: ((k >= 3386275) AND (k <= 3386375))

table 8 : explain SELECT k FROM sbtest8 WHERE k BETWEEN 3386275 AND 3386375
	Index Only Scan using k_8 on sbtest8  (cost=0.43..10.60 rows=108 width=4)
	  Index Cond: ((k >= 3386275) AND (k <= 3386375))

explain: for range-covered :: explain SELECT k FROM sbtest%d WHERE k BETWEEN 3386275 AND 3386375
for range-covered
table 1 : explain SELECT k FROM sbtest1 WHERE k BETWEEN 7770079 AND 7770179
	Index Only Scan using k_1 on sbtest1  (cost=0.43..6.45 rows=101 width=4)
	  Index Cond: ((k >= 7770079) AND (k <= 7770179))

table 2 : explain SELECT k FROM sbtest2 WHERE k BETWEEN 7770079 AND 7770179
	Index Only Scan using k_2 on sbtest2  (cost=0.43..10.47 rows=102 width=4)
	  Index Cond: ((k >= 7770079) AND (k <= 7770179))

table 3 : explain SELECT k FROM sbtest3 WHERE k BETWEEN 7770079 AND 7770179
	Index Only Scan using k_3 on sbtest3  (cost=0.43..6.51 rows=104 width=4)
	  Index Cond: ((k >= 7770079) AND (k <= 7770179))

table 4 : explain SELECT k FROM sbtest4 WHERE k BETWEEN 7770079 AND 7770179
	Index Only Scan using k_4 on sbtest4  (cost=0.43..6.67 rows=112 width=4)
	  Index Cond: ((k >= 7770079) AND (k <= 7770179))

table 5 : explain SELECT k FROM sbtest5 WHERE k BETWEEN 7770079 AND 7770179
	Index Only Scan using k_5 on sbtest5  (cost=0.43..6.45 rows=101 width=4)
	  Index Cond: ((k >= 7770079) AND (k <= 7770179))

table 6 : explain SELECT k FROM sbtest6 WHERE k BETWEEN 7770079 AND 7770179
	Index Only Scan using k_6 on sbtest6  (cost=0.43..6.42 rows=99 width=4)
	  Index Cond: ((k >= 7770079) AND (k <= 7770179))

table 7 : explain SELECT k FROM sbtest7 WHERE k BETWEEN 7770079 AND 7770179
	Index Only Scan using k_7 on sbtest7  (cost=0.43..6.19 rows=88 width=4)
	  Index Cond: ((k >= 7770079) AND (k <= 7770179))

table 8 : explain SELECT k FROM sbtest8 WHERE k BETWEEN 7770079 AND 7770179
	Index Only Scan using k_8 on sbtest8  (cost=0.43..10.44 rows=100 width=4)
	  Index Cond: ((k >= 7770079) AND (k <= 7770179))

explain: for range-covered :: explain SELECT k FROM sbtest%d WHERE k BETWEEN 7770079 AND 7770179
for range-covered
table 1 : explain SELECT k FROM sbtest1 WHERE k BETWEEN 3581500 AND 3581600
	Index Only Scan using k_1 on sbtest1  (cost=0.43..6.51 rows=104 width=4)
	  Index Cond: ((k >= 3581500) AND (k <= 3581600))

table 2 : explain SELECT k FROM sbtest2 WHERE k BETWEEN 3581500 AND 3581600
	Index Only Scan using k_2 on sbtest2  (cost=0.43..10.47 rows=102 width=4)
	  Index Cond: ((k >= 3581500) AND (k <= 3581600))

table 3 : explain SELECT k FROM sbtest3 WHERE k BETWEEN 3581500 AND 3581600
	Index Only Scan using k_3 on sbtest3  (cost=0.43..6.63 rows=110 width=4)
	  Index Cond: ((k >= 3581500) AND (k <= 3581600))

table 4 : explain SELECT k FROM sbtest4 WHERE k BETWEEN 3581500 AND 3581600
	Index Only Scan using k_4 on sbtest4  (cost=0.43..6.47 rows=102 width=4)
	  Index Cond: ((k >= 3581500) AND (k <= 3581600))

table 5 : explain SELECT k FROM sbtest5 WHERE k BETWEEN 3581500 AND 3581600
	Index Only Scan using k_5 on sbtest5  (cost=0.43..6.42 rows=99 width=4)
	  Index Cond: ((k >= 3581500) AND (k <= 3581600))

table 6 : explain SELECT k FROM sbtest6 WHERE k BETWEEN 3581500 AND 3581600
	Index Only Scan using k_6 on sbtest6  (cost=0.43..6.58 rows=107 width=4)
	  Index Cond: ((k >= 3581500) AND (k <= 3581600))

table 7 : explain SELECT k FROM sbtest7 WHERE k BETWEEN 3581500 AND 3581600
	Index Only Scan using k_7 on sbtest7  (cost=0.43..6.50 rows=103 width=4)
	  Index Cond: ((k >= 3581500) AND (k <= 3581600))

table 8 : explain SELECT k FROM sbtest8 WHERE k BETWEEN 3581500 AND 3581600
	Index Only Scan using k_8 on sbtest8  (cost=0.43..10.68 rows=112 width=4)
	  Index Cond: ((k >= 3581500) AND (k <= 3581600))

explain: for range-covered :: explain SELECT k FROM sbtest%d WHERE k BETWEEN 3581500 AND 3581600
for range-covered
table 1 : explain SELECT k FROM sbtest1 WHERE k BETWEEN 7770079 AND 7770179
	Index Only Scan using k_1 on sbtest1  (cost=0.43..6.45 rows=101 width=4)
	  Index Cond: ((k >= 7770079) AND (k <= 7770179))

table 2 : explain SELECT k FROM sbtest2 WHERE k BETWEEN 7770079 AND 7770179
	Index Only Scan using k_2 on sbtest2  (cost=0.43..10.47 rows=102 width=4)
	  Index Cond: ((k >= 7770079) AND (k <= 7770179))

table 3 : explain SELECT k FROM sbtest3 WHERE k BETWEEN 7770079 AND 7770179
	Index Only Scan using k_3 on sbtest3  (cost=0.43..6.51 rows=104 width=4)
	  Index Cond: ((k >= 7770079) AND (k <= 7770179))

table 4 : explain SELECT k FROM sbtest4 WHERE k BETWEEN 7770079 AND 7770179
	Index Only Scan using k_4 on sbtest4  (cost=0.43..6.67 rows=112 width=4)
	  Index Cond: ((k >= 7770079) AND (k <= 7770179))

table 5 : explain SELECT k FROM sbtest5 WHERE k BETWEEN 7770079 AND 7770179
	Index Only Scan using k_5 on sbtest5  (cost=0.43..6.45 rows=101 width=4)
	  Index Cond: ((k >= 7770079) AND (k <= 7770179))

table 6 : explain SELECT k FROM sbtest6 WHERE k BETWEEN 7770079 AND 7770179
	Index Only Scan using k_6 on sbtest6  (cost=0.43..6.42 rows=99 width=4)
	  Index Cond: ((k >= 7770079) AND (k <= 7770179))

table 7 : explain SELECT k FROM sbtest7 WHERE k BETWEEN 7770079 AND 7770179
	Index Only Scan using k_7 on sbtest7  (cost=0.43..6.19 rows=88 width=4)
	  Index Cond: ((k >= 7770079) AND (k <= 7770179))

table 8 : explain SELECT k FROM sbtest8 WHERE k BETWEEN 7770079 AND 7770179
	Index Only Scan using k_8 on sbtest8  (cost=0.43..10.44 rows=100 width=4)
	  Index Cond: ((k >= 7770079) AND (k <= 7770179))

explain: for range-covered :: explain SELECT k FROM sbtest%d WHERE k BETWEEN 7556184 AND 7556284
for range-covered
table 1 : explain SELECT k FROM sbtest1 WHERE k BETWEEN 4606982 AND 4607082
	Index Only Scan using k_1 on sbtest1  (cost=0.43..6.45 rows=101 width=4)
	  Index Cond: ((k >= 4606982) AND (k <= 4607082))

table 2 : explain SELECT k FROM sbtest2 WHERE k BETWEEN 4606982 AND 4607082
	Index Only Scan using k_2 on sbtest2  (cost=0.43..10.60 rows=108 width=4)
	  Index Cond: ((k >= 4606982) AND (k <= 4607082))

table 3 : explain SELECT k FROM sbtest3 WHERE k BETWEEN 4606982 AND 4607082
	Index Only Scan using k_3 on sbtest3  (cost=0.43..6.51 rows=104 width=4)
	  Index Cond: ((k >= 4606982) AND (k <= 4607082))

table 4 : explain SELECT k FROM sbtest4 WHERE k BETWEEN 4606982 AND 4607082
	Index Only Scan using k_4 on sbtest4  (cost=0.43..6.58 rows=107 width=4)
	  Index Cond: ((k >= 4606982) AND (k <= 4607082))

table 5 : explain SELECT k FROM sbtest5 WHERE k BETWEEN 4606982 AND 4607082
	Index Only Scan using k_5 on sbtest5  (cost=0.43..6.47 rows=102 width=4)
	  Index Cond: ((k >= 4606982) AND (k <= 4607082))

table 6 : explain SELECT k FROM sbtest6 WHERE k BETWEEN 4606982 AND 4607082
	Index Only Scan using k_6 on sbtest6  (cost=0.43..6.51 rows=104 width=4)
	  Index Cond: ((k >= 4606982) AND (k <= 4607082))

table 7 : explain SELECT k FROM sbtest7 WHERE k BETWEEN 4606982 AND 4607082
	Index Only Scan using k_7 on sbtest7  (cost=0.43..6.47 rows=102 width=4)
	  Index Cond: ((k >= 4606982) AND (k <= 4607082))

table 8 : explain SELECT k FROM sbtest8 WHERE k BETWEEN 4606982 AND 4607082
	Index Only Scan using k_8 on sbtest8  (cost=0.43..10.76 rows=116 width=4)
	  Index Cond: ((k >= 4606982) AND (k <= 4607082))

for range-covered
table 1 : explain SELECT k FROM sbtest1 WHERE k BETWEEN 3581500 AND 3581600
	Index Only Scan using k_1 on sbtest1  (cost=0.43..6.51 rows=104 width=4)
	  Index Cond: ((k >= 3581500) AND (k <= 3581600))

table 2 : explain SELECT k FROM sbtest2 WHERE k BETWEEN 3581500 AND 3581600
	Index Only Scan using k_2 on sbtest2  (cost=0.43..10.47 rows=102 width=4)
	  Index Cond: ((k >= 3581500) AND (k <= 3581600))

table 3 : explain SELECT k FROM sbtest3 WHERE k BETWEEN 3581500 AND 3581600
	Index Only Scan using k_3 on sbtest3  (cost=0.43..6.63 rows=110 width=4)
	  Index Cond: ((k >= 3581500) AND (k <= 3581600))

table 4 : explain SELECT k FROM sbtest4 WHERE k BETWEEN 3581500 AND 3581600
	Index Only Scan using k_4 on sbtest4  (cost=0.43..6.47 rows=102 width=4)
	  Index Cond: ((k >= 3581500) AND (k <= 3581600))

table 5 : explain SELECT k FROM sbtest5 WHERE k BETWEEN 3581500 AND 3581600
	Index Only Scan using k_5 on sbtest5  (cost=0.43..6.42 rows=99 width=4)
	  Index Cond: ((k >= 3581500) AND (k <= 3581600))

table 6 : explain SELECT k FROM sbtest6 WHERE k BETWEEN 3581500 AND 3581600
	Index Only Scan using k_6 on sbtest6  (cost=0.43..6.58 rows=107 width=4)
	  Index Cond: ((k >= 3581500) AND (k <= 3581600))

table 7 : explain SELECT k FROM sbtest7 WHERE k BETWEEN 3581500 AND 3581600
	Index Only Scan using k_7 on sbtest7  (cost=0.43..6.50 rows=103 width=4)
	  Index Cond: ((k >= 3581500) AND (k <= 3581600))

table 8 : explain SELECT k FROM sbtest8 WHERE k BETWEEN 3581500 AND 3581600
	Index Only Scan using k_8 on sbtest8  (cost=0.43..10.68 rows=112 width=4)
	  Index Cond: ((k >= 3581500) AND (k <= 3581600))

explain: for range-covered :: explain SELECT k FROM sbtest%d WHERE k BETWEEN 3581500 AND 3581600
for range-covered
table 1 : explain SELECT k FROM sbtest1 WHERE k BETWEEN 842871 AND 842971
	Index Only Scan using k_1 on sbtest1  (cost=0.43..6.42 rows=99 width=4)
	  Index Cond: ((k >= 842871) AND (k <= 842971))

table 2 : explain SELECT k FROM sbtest2 WHERE k BETWEEN 842871 AND 842971
	Index Only Scan using k_2 on sbtest2  (cost=0.43..10.70 rows=113 width=4)
	  Index Cond: ((k >= 842871) AND (k <= 842971))

table 3 : explain SELECT k FROM sbtest3 WHERE k BETWEEN 842871 AND 842971
	Index Only Scan using k_3 on sbtest3  (cost=0.43..6.33 rows=95 width=4)
	  Index Cond: ((k >= 842871) AND (k <= 842971))

table 4 : explain SELECT k FROM sbtest4 WHERE k BETWEEN 842871 AND 842971
	Index Only Scan using k_4 on sbtest4  (cost=0.43..6.40 rows=98 width=4)
	  Index Cond: ((k >= 842871) AND (k <= 842971))

table 5 : explain SELECT k FROM sbtest5 WHERE k BETWEEN 842871 AND 842971
	Index Only Scan using k_5 on sbtest5  (cost=0.43..6.58 rows=107 width=4)
	  Index Cond: ((k >= 842871) AND (k <= 842971))

table 6 : explain SELECT k FROM sbtest6 WHERE k BETWEEN 842871 AND 842971
	Index Only Scan using k_6 on sbtest6  (cost=0.43..6.43 rows=100 width=4)
	  Index Cond: ((k >= 842871) AND (k <= 842971))

table 7 : explain SELECT k FROM sbtest7 WHERE k BETWEEN 842871 AND 842971
	Index Only Scan using k_7 on sbtest7  (cost=0.43..6.56 rows=106 width=4)
	  Index Cond: ((k >= 842871) AND (k <= 842971))

table 8 : explain SELECT k FROM sbtest8 WHERE k BETWEEN 842871 AND 842971
	Index Only Scan using k_8 on sbtest8  (cost=0.43..10.60 rows=108 width=4)
	  Index Cond: ((k >= 842871) AND (k <= 842971))

for range-covered
table 1 : explain SELECT k FROM sbtest1 WHERE k BETWEEN 5171317 AND 5171417
	Index Only Scan using k_1 on sbtest1  (cost=0.43..6.58 rows=107 width=4)
	  Index Cond: ((k >= 5171317) AND (k <= 5171417))

table 2 : explain SELECT k FROM sbtest2 WHERE k BETWEEN 5171317 AND 5171417
	Index Only Scan using k_2 on sbtest2  (cost=0.43..10.54 rows=105 width=4)
	  Index Cond: ((k >= 5171317) AND (k <= 5171417))

table 3 : explain SELECT k FROM sbtest3 WHERE k BETWEEN 5171317 AND 5171417
	Index Only Scan using k_3 on sbtest3  (cost=0.43..6.56 rows=106 width=4)
	  Index Cond: ((k >= 5171317) AND (k <= 5171417))

table 4 : explain SELECT k FROM sbtest4 WHERE k BETWEEN 5171317 AND 5171417
	Index Only Scan using k_4 on sbtest4  (cost=0.43..6.42 rows=99 width=4)
	  Index Cond: ((k >= 5171317) AND (k <= 5171417))

table 5 : explain SELECT k FROM sbtest5 WHERE k BETWEEN 5171317 AND 5171417
	Index Only Scan using k_5 on sbtest5  (cost=0.43..6.77 rows=117 width=4)
	  Index Cond: ((k >= 5171317) AND (k <= 5171417))

table 6 : explain SELECT k FROM sbtest6 WHERE k BETWEEN 5171317 AND 5171417
	Index Only Scan using k_6 on sbtest6  (cost=0.43..6.63 rows=110 width=4)
	  Index Cond: ((k >= 5171317) AND (k <= 5171417))

table 7 : explain SELECT k FROM sbtest7 WHERE k BETWEEN 5171317 AND 5171417
	Index Only Scan using k_7 on sbtest7  (cost=0.43..6.58 rows=107 width=4)
	  Index Cond: ((k >= 5171317) AND (k <= 5171417))

table 8 : explain SELECT k FROM sbtest8 WHERE k BETWEEN 5171317 AND 5171417
	Index Only Scan using k_8 on sbtest8  (cost=0.43..10.36 rows=96 width=4)
	  Index Cond: ((k >= 5171317) AND (k <= 5171417))

explain: for range-covered :: explain SELECT k FROM sbtest%d WHERE k BETWEEN 5171317 AND 5171417
explain: for range-covered :: explain SELECT k FROM sbtest%d WHERE k BETWEEN 842871 AND 842971
for range-covered
table 1 : explain SELECT k FROM sbtest1 WHERE k BETWEEN 2748810 AND 2748910
	Index Only Scan using k_1 on sbtest1  (cost=0.43..6.27 rows=92 width=4)
	  Index Cond: ((k >= 2748810) AND (k <= 2748910))

table 2 : explain SELECT k FROM sbtest2 WHERE k BETWEEN 2748810 AND 2748910
	Index Only Scan using k_2 on sbtest2  (cost=0.43..10.42 rows=99 width=4)
	  Index Cond: ((k >= 2748810) AND (k <= 2748910))

table 3 : explain SELECT k FROM sbtest3 WHERE k BETWEEN 2748810 AND 2748910
	Index Only Scan using k_3 on sbtest3  (cost=0.43..6.67 rows=112 width=4)
	  Index Cond: ((k >= 2748810) AND (k <= 2748910))

table 4 : explain SELECT k FROM sbtest4 WHERE k BETWEEN 2748810 AND 2748910
	Index Only Scan using k_4 on sbtest4  (cost=0.43..6.45 rows=101 width=4)
	  Index Cond: ((k >= 2748810) AND (k <= 2748910))

table 5 : explain SELECT k FROM sbtest5 WHERE k BETWEEN 2748810 AND 2748910
	Index Only Scan using k_5 on sbtest5  (cost=0.43..6.35 rows=96 width=4)
	  Index Cond: ((k >= 2748810) AND (k <= 2748910))

table 6 : explain SELECT k FROM sbtest6 WHERE k BETWEEN 2748810 AND 2748910
	Index Only Scan using k_6 on sbtest6  (cost=0.43..6.33 rows=95 width=4)
	  Index Cond: ((k >= 2748810) AND (k <= 2748910))

table 7 : explain SELECT k FROM sbtest7 WHERE k BETWEEN 2748810 AND 2748910
	Index Only Scan using k_7 on sbtest7  (cost=0.43..6.43 rows=100 width=4)
	  Index Cond: ((k >= 2748810) AND (k <= 2748910))

table 8 : explain SELECT k FROM sbtest8 WHERE k BETWEEN 2748810 AND 2748910
	Index Only Scan using k_8 on sbtest8  (cost=0.43..10.58 rows=107 width=4)
	  Index Cond: ((k >= 2748810) AND (k <= 2748910))

explain: for range-covered :: explain SELECT k FROM sbtest%d WHERE k BETWEEN 4606982 AND 4607082
for range-covered
table 1 : explain SELECT k FROM sbtest1 WHERE k BETWEEN 3386275 AND 3386375
	Index Only Scan using k_1 on sbtest1  (cost=0.43..6.45 rows=101 width=4)
	  Index Cond: ((k >= 3386275) AND (k <= 3386375))

table 2 : explain SELECT k FROM sbtest2 WHERE k BETWEEN 3386275 AND 3386375
	Index Only Scan using k_2 on sbtest2  (cost=0.43..10.60 rows=108 width=4)
	  Index Cond: ((k >= 3386275) AND (k <= 3386375))

table 3 : explain SELECT k FROM sbtest3 WHERE k BETWEEN 3386275 AND 3386375
	Index Only Scan using k_3 on sbtest3  (cost=0.43..6.37 rows=97 width=4)
	  Index Cond: ((k >= 3386275) AND (k <= 3386375))

table 4 : explain SELECT k FROM sbtest4 WHERE k BETWEEN 3386275 AND 3386375
	Index Only Scan using k_4 on sbtest4  (cost=0.43..6.50 rows=103 width=4)
	  Index Cond: ((k >= 3386275) AND (k <= 3386375))

table 5 : explain SELECT k FROM sbtest5 WHERE k BETWEEN 3386275 AND 3386375
	Index Only Scan using k_5 on sbtest5  (cost=0.43..6.33 rows=95 width=4)
	  Index Cond: ((k >= 3386275) AND (k <= 3386375))

table 6 : explain SELECT k FROM sbtest6 WHERE k BETWEEN 3386275 AND 3386375
	Index Only Scan using k_6 on sbtest6  (cost=0.43..6.35 rows=96 width=4)
	  Index Cond: ((k >= 3386275) AND (k <= 3386375))

table 7 : explain SELECT k FROM sbtest7 WHERE k BETWEEN 3386275 AND 3386375
	Index Only Scan using k_7 on sbtest7  (cost=0.43..6.33 rows=95 width=4)
	  Index Cond: ((k >= 3386275) AND (k <= 3386375))

table 8 : explain SELECT k FROM sbtest8 WHERE k BETWEEN 3386275 AND 3386375
	Index Only Scan using k_8 on sbtest8  (cost=0.43..10.60 rows=108 width=4)
	  Index Cond: ((k >= 3386275) AND (k <= 3386375))

for range-covered
table 1 : explain SELECT k FROM sbtest1 WHERE k BETWEEN 3581500 AND 3581600
	Index Only Scan using k_1 on sbtest1  (cost=0.43..6.51 rows=104 width=4)
	  Index Cond: ((k >= 3581500) AND (k <= 3581600))

table 2 : explain SELECT k FROM sbtest2 WHERE k BETWEEN 3581500 AND 3581600
	Index Only Scan using k_2 on sbtest2  (cost=0.43..10.47 rows=102 width=4)
	  Index Cond: ((k >= 3581500) AND (k <= 3581600))

table 3 : explain SELECT k FROM sbtest3 WHERE k BETWEEN 3581500 AND 3581600
	Index Only Scan using k_3 on sbtest3  (cost=0.43..6.63 rows=110 width=4)
	  Index Cond: ((k >= 3581500) AND (k <= 3581600))

table 4 : explain SELECT k FROM sbtest4 WHERE k BETWEEN 3581500 AND 3581600
	Index Only Scan using k_4 on sbtest4  (cost=0.43..6.47 rows=102 width=4)
	  Index Cond: ((k >= 3581500) AND (k <= 3581600))

table 5 : explain SELECT k FROM sbtest5 WHERE k BETWEEN 3581500 AND 3581600
	Index Only Scan using k_5 on sbtest5  (cost=0.43..6.42 rows=99 width=4)
	  Index Cond: ((k >= 3581500) AND (k <= 3581600))

table 6 : explain SELECT k FROM sbtest6 WHERE k BETWEEN 3581500 AND 3581600
	Index Only Scan using k_6 on sbtest6  (cost=0.43..6.58 rows=107 width=4)
	  Index Cond: ((k >= 3581500) AND (k <= 3581600))

table 7 : explain SELECT k FROM sbtest7 WHERE k BETWEEN 3581500 AND 3581600
	Index Only Scan using k_7 on sbtest7  (cost=0.43..6.50 rows=103 width=4)
	  Index Cond: ((k >= 3581500) AND (k <= 3581600))

table 8 : explain SELECT k FROM sbtest8 WHERE k BETWEEN 3581500 AND 3581600
	Index Only Scan using k_8 on sbtest8  (cost=0.43..10.68 rows=112 width=4)
	  Index Cond: ((k >= 3581500) AND (k <= 3581600))

explain: for range-covered :: explain SELECT k FROM sbtest%d WHERE k BETWEEN 3581500 AND 3581600
explain: for range-covered :: explain SELECT k FROM sbtest%d WHERE k BETWEEN 3386275 AND 3386375
for range-covered
table 1 : explain SELECT k FROM sbtest1 WHERE k BETWEEN 5171317 AND 5171417
	Index Only Scan using k_1 on sbtest1  (cost=0.43..6.58 rows=107 width=4)
	  Index Cond: ((k >= 5171317) AND (k <= 5171417))

table 2 : explain SELECT k FROM sbtest2 WHERE k BETWEEN 5171317 AND 5171417
	Index Only Scan using k_2 on sbtest2  (cost=0.43..10.54 rows=105 width=4)
	  Index Cond: ((k >= 5171317) AND (k <= 5171417))

table 3 : explain SELECT k FROM sbtest3 WHERE k BETWEEN 5171317 AND 5171417
	Index Only Scan using k_3 on sbtest3  (cost=0.43..6.56 rows=106 width=4)
	  Index Cond: ((k >= 5171317) AND (k <= 5171417))

table 4 : explain SELECT k FROM sbtest4 WHERE k BETWEEN 5171317 AND 5171417
	Index Only Scan using k_4 on sbtest4  (cost=0.43..6.42 rows=99 width=4)
	  Index Cond: ((k >= 5171317) AND (k <= 5171417))

table 5 : explain SELECT k FROM sbtest5 WHERE k BETWEEN 5171317 AND 5171417
	Index Only Scan using k_5 on sbtest5  (cost=0.43..6.77 rows=117 width=4)
	  Index Cond: ((k >= 5171317) AND (k <= 5171417))

table 6 : explain SELECT k FROM sbtest6 WHERE k BETWEEN 5171317 AND 5171417
	Index Only Scan using k_6 on sbtest6  (cost=0.43..6.63 rows=110 width=4)
	  Index Cond: ((k >= 5171317) AND (k <= 5171417))

table 7 : explain SELECT k FROM sbtest7 WHERE k BETWEEN 5171317 AND 5171417
	Index Only Scan using k_7 on sbtest7  (cost=0.43..6.58 rows=107 width=4)
	  Index Cond: ((k >= 5171317) AND (k <= 5171417))

table 8 : explain SELECT k FROM sbtest8 WHERE k BETWEEN 5171317 AND 5171417
	Index Only Scan using k_8 on sbtest8  (cost=0.43..10.36 rows=96 width=4)
	  Index Cond: ((k >= 5171317) AND (k <= 5171417))

explain: for range-covered :: explain SELECT k FROM sbtest%d WHERE k BETWEEN 5171317 AND 5171417
for range-covered
table 1 : explain SELECT k FROM sbtest1 WHERE k BETWEEN 3581500 AND 3581600
	Index Only Scan using k_1 on sbtest1  (cost=0.43..6.51 rows=104 width=4)
	  Index Cond: ((k >= 3581500) AND (k <= 3581600))

table 2 : explain SELECT k FROM sbtest2 WHERE k BETWEEN 3581500 AND 3581600
	Index Only Scan using k_2 on sbtest2  (cost=0.43..10.47 rows=102 width=4)
	  Index Cond: ((k >= 3581500) AND (k <= 3581600))

table 3 : explain SELECT k FROM sbtest3 WHERE k BETWEEN 3581500 AND 3581600
	Index Only Scan using k_3 on sbtest3  (cost=0.43..6.63 rows=110 width=4)
	  Index Cond: ((k >= 3581500) AND (k <= 3581600))

table 4 : explain SELECT k FROM sbtest4 WHERE k BETWEEN 3581500 AND 3581600
	Index Only Scan using k_4 on sbtest4  (cost=0.43..6.47 rows=102 width=4)
	  Index Cond: ((k >= 3581500) AND (k <= 3581600))

table 5 : explain SELECT k FROM sbtest5 WHERE k BETWEEN 3581500 AND 3581600
	Index Only Scan using k_5 on sbtest5  (cost=0.43..6.42 rows=99 width=4)
	  Index Cond: ((k >= 3581500) AND (k <= 3581600))

table 6 : explain SELECT k FROM sbtest6 WHERE k BETWEEN 3581500 AND 3581600
	Index Only Scan using k_6 on sbtest6  (cost=0.43..6.58 rows=107 width=4)
	  Index Cond: ((k >= 3581500) AND (k <= 3581600))

table 7 : explain SELECT k FROM sbtest7 WHERE k BETWEEN 3581500 AND 3581600
	Index Only Scan using k_7 on sbtest7  (cost=0.43..6.50 rows=103 width=4)
	  Index Cond: ((k >= 3581500) AND (k <= 3581600))

table 8 : explain SELECT k FROM sbtest8 WHERE k BETWEEN 3581500 AND 3581600
	Index Only Scan using k_8 on sbtest8  (cost=0.43..10.68 rows=112 width=4)
	  Index Cond: ((k >= 3581500) AND (k <= 3581600))

explain: for range-covered :: explain SELECT k FROM sbtest%d WHERE k BETWEEN 5447969 AND 5448069
explain: for range-covered :: explain SELECT k FROM sbtest%d WHERE k BETWEEN 1650850 AND 1650950
for range-covered
table 1 : explain SELECT k FROM sbtest1 WHERE k BETWEEN 5171317 AND 5171417
	Index Only Scan using k_1 on sbtest1  (cost=0.43..6.58 rows=107 width=4)
	  Index Cond: ((k >= 5171317) AND (k <= 5171417))

table 2 : explain SELECT k FROM sbtest2 WHERE k BETWEEN 5171317 AND 5171417
	Index Only Scan using k_2 on sbtest2  (cost=0.43..10.54 rows=105 width=4)
	  Index Cond: ((k >= 5171317) AND (k <= 5171417))

table 3 : explain SELECT k FROM sbtest3 WHERE k BETWEEN 5171317 AND 5171417
	Index Only Scan using k_3 on sbtest3  (cost=0.43..6.56 rows=106 width=4)
	  Index Cond: ((k >= 5171317) AND (k <= 5171417))

table 4 : explain SELECT k FROM sbtest4 WHERE k BETWEEN 5171317 AND 5171417
	Index Only Scan using k_4 on sbtest4  (cost=0.43..6.42 rows=99 width=4)
	  Index Cond: ((k >= 5171317) AND (k <= 5171417))

table 5 : explain SELECT k FROM sbtest5 WHERE k BETWEEN 5171317 AND 5171417
	Index Only Scan using k_5 on sbtest5  (cost=0.43..6.77 rows=117 width=4)
	  Index Cond: ((k >= 5171317) AND (k <= 5171417))

table 6 : explain SELECT k FROM sbtest6 WHERE k BETWEEN 5171317 AND 5171417
	Index Only Scan using k_6 on sbtest6  (cost=0.43..6.63 rows=110 width=4)
	  Index Cond: ((k >= 5171317) AND (k <= 5171417))

table 7 : explain SELECT k FROM sbtest7 WHERE k BETWEEN 5171317 AND 5171417
	Index Only Scan using k_7 on sbtest7  (cost=0.43..6.58 rows=107 width=4)
	  Index Cond: ((k >= 5171317) AND (k <= 5171417))

table 8 : explain SELECT k FROM sbtest8 WHERE k BETWEEN 5171317 AND 5171417
	Index Only Scan using k_8 on sbtest8  (cost=0.43..10.36 rows=96 width=4)
	  Index Cond: ((k >= 5171317) AND (k <= 5171417))

explain: for range-covered :: explain SELECT k FROM sbtest%d WHERE k BETWEEN 5171317 AND 5171417
for range-covered
table 1 : explain SELECT k FROM sbtest1 WHERE k BETWEEN 7556184 AND 7556284
	Index Only Scan using k_1 on sbtest1  (cost=0.43..6.50 rows=103 width=4)
	  Index Cond: ((k >= 7556184) AND (k <= 7556284))

table 2 : explain SELECT k FROM sbtest2 WHERE k BETWEEN 7556184 AND 7556284
	Index Only Scan using k_2 on sbtest2  (cost=0.43..10.63 rows=110 width=4)
	  Index Cond: ((k >= 7556184) AND (k <= 7556284))

table 3 : explain SELECT k FROM sbtest3 WHERE k BETWEEN 7556184 AND 7556284
	Index Only Scan using k_3 on sbtest3  (cost=0.43..6.45 rows=101 width=4)
	  Index Cond: ((k >= 7556184) AND (k <= 7556284))

table 4 : explain SELECT k FROM sbtest4 WHERE k BETWEEN 7556184 AND 7556284
	Index Only Scan using k_4 on sbtest4  (cost=0.43..6.59 rows=108 width=4)
	  Index Cond: ((k >= 7556184) AND (k <= 7556284))

table 5 : explain SELECT k FROM sbtest5 WHERE k BETWEEN 7556184 AND 7556284
	Index Only Scan using k_5 on sbtest5  (cost=0.43..6.40 rows=98 width=4)
	  Index Cond: ((k >= 7556184) AND (k <= 7556284))

table 6 : explain SELECT k FROM sbtest6 WHERE k BETWEEN 7556184 AND 7556284
	Index Only Scan using k_6 on sbtest6  (cost=0.43..6.66 rows=111 width=4)
	  Index Cond: ((k >= 7556184) AND (k <= 7556284))

table 7 : explain SELECT k FROM sbtest7 WHERE k BETWEEN 7556184 AND 7556284
	Index Only Scan using k_7 on sbtest7  (cost=0.43..6.51 rows=104 width=4)
	  Index Cond: ((k >= 7556184) AND (k <= 7556284))

table 8 : explain SELECT k FROM sbtest8 WHERE k BETWEEN 7556184 AND 7556284
	Index Only Scan using k_8 on sbtest8  (cost=0.43..10.50 rows=103 width=4)
	  Index Cond: ((k >= 7556184) AND (k <= 7556284))

explain: for range-covered :: explain SELECT k FROM sbtest%d WHERE k BETWEEN 7556184 AND 7556284
explain: for range-covered :: explain SELECT k FROM sbtest%d WHERE k BETWEEN 2915087 AND 2915187
for range-covered
table 1 : explain SELECT k FROM sbtest1 WHERE k BETWEEN 5171317 AND 5171417
	Index Only Scan using k_1 on sbtest1  (cost=0.43..6.58 rows=107 width=4)
	  Index Cond: ((k >= 5171317) AND (k <= 5171417))

table 2 : explain SELECT k FROM sbtest2 WHERE k BETWEEN 5171317 AND 5171417
	Index Only Scan using k_2 on sbtest2  (cost=0.43..10.54 rows=105 width=4)
	  Index Cond: ((k >= 5171317) AND (k <= 5171417))

table 3 : explain SELECT k FROM sbtest3 WHERE k BETWEEN 5171317 AND 5171417
	Index Only Scan using k_3 on sbtest3  (cost=0.43..6.56 rows=106 width=4)
	  Index Cond: ((k >= 5171317) AND (k <= 5171417))

table 4 : explain SELECT k FROM sbtest4 WHERE k BETWEEN 5171317 AND 5171417
	Index Only Scan using k_4 on sbtest4  (cost=0.43..6.42 rows=99 width=4)
	  Index Cond: ((k >= 5171317) AND (k <= 5171417))

table 5 : explain SELECT k FROM sbtest5 WHERE k BETWEEN 5171317 AND 5171417
	Index Only Scan using k_5 on sbtest5  (cost=0.43..6.77 rows=117 width=4)
	  Index Cond: ((k >= 5171317) AND (k <= 5171417))

table 6 : explain SELECT k FROM sbtest6 WHERE k BETWEEN 5171317 AND 5171417
	Index Only Scan using k_6 on sbtest6  (cost=0.43..6.63 rows=110 width=4)
	  Index Cond: ((k >= 5171317) AND (k <= 5171417))

table 7 : explain SELECT k FROM sbtest7 WHERE k BETWEEN 5171317 AND 5171417
	Index Only Scan using k_7 on sbtest7  (cost=0.43..6.58 rows=107 width=4)
	  Index Cond: ((k >= 5171317) AND (k <= 5171417))

table 8 : explain SELECT k FROM sbtest8 WHERE k BETWEEN 5171317 AND 5171417
	Index Only Scan using k_8 on sbtest8  (cost=0.43..10.36 rows=96 width=4)
	  Index Cond: ((k >= 5171317) AND (k <= 5171417))

for range-covered
table 1 : explain SELECT k FROM sbtest1 WHERE k BETWEEN 842871 AND 842971
	Index Only Scan using k_1 on sbtest1  (cost=0.43..6.42 rows=99 width=4)
	  Index Cond: ((k >= 842871) AND (k <= 842971))

table 2 : explain SELECT k FROM sbtest2 WHERE k BETWEEN 842871 AND 842971
	Index Only Scan using k_2 on sbtest2  (cost=0.43..10.70 rows=113 width=4)
	  Index Cond: ((k >= 842871) AND (k <= 842971))

table 3 : explain SELECT k FROM sbtest3 WHERE k BETWEEN 842871 AND 842971
	Index Only Scan using k_3 on sbtest3  (cost=0.43..6.33 rows=95 width=4)
	  Index Cond: ((k >= 842871) AND (k <= 842971))

table 4 : explain SELECT k FROM sbtest4 WHERE k BETWEEN 842871 AND 842971
	Index Only Scan using k_4 on sbtest4  (cost=0.43..6.40 rows=98 width=4)
	  Index Cond: ((k >= 842871) AND (k <= 842971))

table 5 : explain SELECT k FROM sbtest5 WHERE k BETWEEN 842871 AND 842971
	Index Only Scan using k_5 on sbtest5  (cost=0.43..6.58 rows=107 width=4)
	  Index Cond: ((k >= 842871) AND (k <= 842971))

table 6 : explain SELECT k FROM sbtest6 WHERE k BETWEEN 842871 AND 842971
	Index Only Scan using k_6 on sbtest6  (cost=0.43..6.43 rows=100 width=4)
	  Index Cond: ((k >= 842871) AND (k <= 842971))

table 7 : explain SELECT k FROM sbtest7 WHERE k BETWEEN 842871 AND 842971
	Index Only Scan using k_7 on sbtest7  (cost=0.43..6.56 rows=106 width=4)
	  Index Cond: ((k >= 842871) AND (k <= 842971))

table 8 : explain SELECT k FROM sbtest8 WHERE k BETWEEN 842871 AND 842971
	Index Only Scan using k_8 on sbtest8  (cost=0.43..10.60 rows=108 width=4)
	  Index Cond: ((k >= 842871) AND (k <= 842971))

for range-covered
table 1 : explain SELECT k FROM sbtest1 WHERE k BETWEEN 4606982 AND 4607082
	Index Only Scan using k_1 on sbtest1  (cost=0.43..6.45 rows=101 width=4)
	  Index Cond: ((k >= 4606982) AND (k <= 4607082))

table 2 : explain SELECT k FROM sbtest2 WHERE k BETWEEN 4606982 AND 4607082
	Index Only Scan using k_2 on sbtest2  (cost=0.43..10.60 rows=108 width=4)
	  Index Cond: ((k >= 4606982) AND (k <= 4607082))

table 3 : explain SELECT k FROM sbtest3 WHERE k BETWEEN 4606982 AND 4607082
	Index Only Scan using k_3 on sbtest3  (cost=0.43..6.51 rows=104 width=4)
	  Index Cond: ((k >= 4606982) AND (k <= 4607082))

table 4 : explain SELECT k FROM sbtest4 WHERE k BETWEEN 4606982 AND 4607082
	Index Only Scan using k_4 on sbtest4  (cost=0.43..6.58 rows=107 width=4)
	  Index Cond: ((k >= 4606982) AND (k <= 4607082))

table 5 : explain SELECT k FROM sbtest5 WHERE k BETWEEN 4606982 AND 4607082
	Index Only Scan using k_5 on sbtest5  (cost=0.43..6.47 rows=102 width=4)
	  Index Cond: ((k >= 4606982) AND (k <= 4607082))

table 6 : explain SELECT k FROM sbtest6 WHERE k BETWEEN 4606982 AND 4607082
	Index Only Scan using k_6 on sbtest6  (cost=0.43..6.51 rows=104 width=4)
	  Index Cond: ((k >= 4606982) AND (k <= 4607082))

table 7 : explain SELECT k FROM sbtest7 WHERE k BETWEEN 4606982 AND 4607082
	Index Only Scan using k_7 on sbtest7  (cost=0.43..6.47 rows=102 width=4)
	  Index Cond: ((k >= 4606982) AND (k <= 4607082))

table 8 : explain SELECT k FROM sbtest8 WHERE k BETWEEN 4606982 AND 4607082
	Index Only Scan using k_8 on sbtest8  (cost=0.43..10.76 rows=116 width=4)
	  Index Cond: ((k >= 4606982) AND (k <= 4607082))

explain: for range-covered :: explain SELECT k FROM sbtest%d WHERE k BETWEEN 5171317 AND 5171417
explain: for range-covered :: explain SELECT k FROM sbtest%d WHERE k BETWEEN 842871 AND 842971
explain: for range-covered :: explain SELECT k FROM sbtest%d WHERE k BETWEEN 5161360 AND 5161460
explain: for range-covered :: explain SELECT k FROM sbtest%d WHERE k BETWEEN 4606982 AND 4607082
explain: for range-covered :: explain SELECT k FROM sbtest%d WHERE k BETWEEN 6832684 AND 6832784
for range-covered
table 1 : explain SELECT k FROM sbtest1 WHERE k BETWEEN 7556184 AND 7556284
	Index Only Scan using k_1 on sbtest1  (cost=0.43..6.50 rows=103 width=4)
	  Index Cond: ((k >= 7556184) AND (k <= 7556284))

table 2 : explain SELECT k FROM sbtest2 WHERE k BETWEEN 7556184 AND 7556284
	Index Only Scan using k_2 on sbtest2  (cost=0.43..10.63 rows=110 width=4)
	  Index Cond: ((k >= 7556184) AND (k <= 7556284))

table 3 : explain SELECT k FROM sbtest3 WHERE k BETWEEN 7556184 AND 7556284
	Index Only Scan using k_3 on sbtest3  (cost=0.43..6.45 rows=101 width=4)
	  Index Cond: ((k >= 7556184) AND (k <= 7556284))

table 4 : explain SELECT k FROM sbtest4 WHERE k BETWEEN 7556184 AND 7556284
	Index Only Scan using k_4 on sbtest4  (cost=0.43..6.59 rows=108 width=4)
	  Index Cond: ((k >= 7556184) AND (k <= 7556284))

table 5 : explain SELECT k FROM sbtest5 WHERE k BETWEEN 7556184 AND 7556284
	Index Only Scan using k_5 on sbtest5  (cost=0.43..6.40 rows=98 width=4)
	  Index Cond: ((k >= 7556184) AND (k <= 7556284))

table 6 : explain SELECT k FROM sbtest6 WHERE k BETWEEN 7556184 AND 7556284
	Index Only Scan using k_6 on sbtest6  (cost=0.43..6.66 rows=111 width=4)
	  Index Cond: ((k >= 7556184) AND (k <= 7556284))

table 7 : explain SELECT k FROM sbtest7 WHERE k BETWEEN 7556184 AND 7556284
	Index Only Scan using k_7 on sbtest7  (cost=0.43..6.51 rows=104 width=4)
	  Index Cond: ((k >= 7556184) AND (k <= 7556284))

table 8 : explain SELECT k FROM sbtest8 WHERE k BETWEEN 7556184 AND 7556284
	Index Only Scan using k_8 on sbtest8  (cost=0.43..10.50 rows=103 width=4)
	  Index Cond: ((k >= 7556184) AND (k <= 7556284))

for range-covered
table 1 : explain SELECT k FROM sbtest1 WHERE k BETWEEN 3386275 AND 3386375
	Index Only Scan using k_1 on sbtest1  (cost=0.43..6.45 rows=101 width=4)
	  Index Cond: ((k >= 3386275) AND (k <= 3386375))

table 2 : explain SELECT k FROM sbtest2 WHERE k BETWEEN 3386275 AND 3386375
	Index Only Scan using k_2 on sbtest2  (cost=0.43..10.60 rows=108 width=4)
	  Index Cond: ((k >= 3386275) AND (k <= 3386375))

table 3 : explain SELECT k FROM sbtest3 WHERE k BETWEEN 3386275 AND 3386375
	Index Only Scan using k_3 on sbtest3  (cost=0.43..6.37 rows=97 width=4)
	  Index Cond: ((k >= 3386275) AND (k <= 3386375))

table 4 : explain SELECT k FROM sbtest4 WHERE k BETWEEN 3386275 AND 3386375
	Index Only Scan using k_4 on sbtest4  (cost=0.43..6.50 rows=103 width=4)
	  Index Cond: ((k >= 3386275) AND (k <= 3386375))

table 5 : explain SELECT k FROM sbtest5 WHERE k BETWEEN 3386275 AND 3386375
	Index Only Scan using k_5 on sbtest5  (cost=0.43..6.33 rows=95 width=4)
	  Index Cond: ((k >= 3386275) AND (k <= 3386375))

table 6 : explain SELECT k FROM sbtest6 WHERE k BETWEEN 3386275 AND 3386375
	Index Only Scan using k_6 on sbtest6  (cost=0.43..6.35 rows=96 width=4)
	  Index Cond: ((k >= 3386275) AND (k <= 3386375))

table 7 : explain SELECT k FROM sbtest7 WHERE k BETWEEN 3386275 AND 3386375
	Index Only Scan using k_7 on sbtest7  (cost=0.43..6.33 rows=95 width=4)
	  Index Cond: ((k >= 3386275) AND (k <= 3386375))

table 8 : explain SELECT k FROM sbtest8 WHERE k BETWEEN 3386275 AND 3386375
	Index Only Scan using k_8 on sbtest8  (cost=0.43..10.60 rows=108 width=4)
	  Index Cond: ((k >= 3386275) AND (k <= 3386375))

explain: for range-covered :: explain SELECT k FROM sbtest%d WHERE k BETWEEN 7556184 AND 7556284
explain: for range-covered :: explain SELECT k FROM sbtest%d WHERE k BETWEEN 5659219 AND 5659319
explain: for range-covered :: explain SELECT k FROM sbtest%d WHERE k BETWEEN 3386275 AND 3386375
for range-covered
table 1 : explain SELECT k FROM sbtest1 WHERE k BETWEEN 5171317 AND 5171417
	Index Only Scan using k_1 on sbtest1  (cost=0.43..6.58 rows=107 width=4)
	  Index Cond: ((k >= 5171317) AND (k <= 5171417))

table 2 : explain SELECT k FROM sbtest2 WHERE k BETWEEN 5171317 AND 5171417
	Index Only Scan using k_2 on sbtest2  (cost=0.43..10.54 rows=105 width=4)
	  Index Cond: ((k >= 5171317) AND (k <= 5171417))

table 3 : explain SELECT k FROM sbtest3 WHERE k BETWEEN 5171317 AND 5171417
	Index Only Scan using k_3 on sbtest3  (cost=0.43..6.56 rows=106 width=4)
	  Index Cond: ((k >= 5171317) AND (k <= 5171417))

table 4 : explain SELECT k FROM sbtest4 WHERE k BETWEEN 5171317 AND 5171417
	Index Only Scan using k_4 on sbtest4  (cost=0.43..6.42 rows=99 width=4)
	  Index Cond: ((k >= 5171317) AND (k <= 5171417))

table 5 : explain SELECT k FROM sbtest5 WHERE k BETWEEN 5171317 AND 5171417
	Index Only Scan using k_5 on sbtest5  (cost=0.43..6.77 rows=117 width=4)
	  Index Cond: ((k >= 5171317) AND (k <= 5171417))

table 6 : explain SELECT k FROM sbtest6 WHERE k BETWEEN 5171317 AND 5171417
	Index Only Scan using k_6 on sbtest6  (cost=0.43..6.63 rows=110 width=4)
	  Index Cond: ((k >= 5171317) AND (k <= 5171417))

table 7 : explain SELECT k FROM sbtest7 WHERE k BETWEEN 5171317 AND 5171417
	Index Only Scan using k_7 on sbtest7  (cost=0.43..6.58 rows=107 width=4)
	  Index Cond: ((k >= 5171317) AND (k <= 5171417))

table 8 : explain SELECT k FROM sbtest8 WHERE k BETWEEN 5171317 AND 5171417
	Index Only Scan using k_8 on sbtest8  (cost=0.43..10.36 rows=96 width=4)
	  Index Cond: ((k >= 5171317) AND (k <= 5171417))

explain: for range-covered :: explain SELECT k FROM sbtest%d WHERE k BETWEEN 5171317 AND 5171417
for range-covered
table 1 : explain SELECT k FROM sbtest1 WHERE k BETWEEN 7556184 AND 7556284
	Index Only Scan using k_1 on sbtest1  (cost=0.43..6.50 rows=103 width=4)
	  Index Cond: ((k >= 7556184) AND (k <= 7556284))

table 2 : explain SELECT k FROM sbtest2 WHERE k BETWEEN 7556184 AND 7556284
	Index Only Scan using k_2 on sbtest2  (cost=0.43..10.63 rows=110 width=4)
	  Index Cond: ((k >= 7556184) AND (k <= 7556284))

table 3 : explain SELECT k FROM sbtest3 WHERE k BETWEEN 7556184 AND 7556284
	Index Only Scan using k_3 on sbtest3  (cost=0.43..6.45 rows=101 width=4)
	  Index Cond: ((k >= 7556184) AND (k <= 7556284))

table 4 : explain SELECT k FROM sbtest4 WHERE k BETWEEN 7556184 AND 7556284
	Index Only Scan using k_4 on sbtest4  (cost=0.43..6.59 rows=108 width=4)
	  Index Cond: ((k >= 7556184) AND (k <= 7556284))

table 5 : explain SELECT k FROM sbtest5 WHERE k BETWEEN 7556184 AND 7556284
	Index Only Scan using k_5 on sbtest5  (cost=0.43..6.40 rows=98 width=4)
	  Index Cond: ((k >= 7556184) AND (k <= 7556284))

table 6 : explain SELECT k FROM sbtest6 WHERE k BETWEEN 7556184 AND 7556284
	Index Only Scan using k_6 on sbtest6  (cost=0.43..6.66 rows=111 width=4)
	  Index Cond: ((k >= 7556184) AND (k <= 7556284))

table 7 : explain SELECT k FROM sbtest7 WHERE k BETWEEN 7556184 AND 7556284
	Index Only Scan using k_7 on sbtest7  (cost=0.43..6.51 rows=104 width=4)
	  Index Cond: ((k >= 7556184) AND (k <= 7556284))

table 8 : explain SELECT k FROM sbtest8 WHERE k BETWEEN 7556184 AND 7556284
	Index Only Scan using k_8 on sbtest8  (cost=0.43..10.50 rows=103 width=4)
	  Index Cond: ((k >= 7556184) AND (k <= 7556284))

explain: for range-covered :: explain SELECT k FROM sbtest%d WHERE k BETWEEN 7556184 AND 7556284
for range-covered
table 1 : explain SELECT k FROM sbtest1 WHERE k BETWEEN 5447969 AND 5448069
	Index Only Scan using k_1 on sbtest1  (cost=0.43..6.79 rows=118 width=4)
	  Index Cond: ((k >= 5447969) AND (k <= 5448069))

table 2 : explain SELECT k FROM sbtest2 WHERE k BETWEEN 5447969 AND 5448069
	Index Only Scan using k_2 on sbtest2  (cost=0.43..10.62 rows=109 width=4)
	  Index Cond: ((k >= 5447969) AND (k <= 5448069))

table 3 : explain SELECT k FROM sbtest3 WHERE k BETWEEN 5447969 AND 5448069
	Index Only Scan using k_3 on sbtest3  (cost=0.43..6.37 rows=97 width=4)
	  Index Cond: ((k >= 5447969) AND (k <= 5448069))

table 4 : explain SELECT k FROM sbtest4 WHERE k BETWEEN 5447969 AND 5448069
	Index Only Scan using k_4 on sbtest4  (cost=0.43..6.63 rows=110 width=4)
	  Index Cond: ((k >= 5447969) AND (k <= 5448069))

table 5 : explain SELECT k FROM sbtest5 WHERE k BETWEEN 5447969 AND 5448069
	Index Only Scan using k_5 on sbtest5  (cost=0.43..6.37 rows=97 width=4)
	  Index Cond: ((k >= 5447969) AND (k <= 5448069))

table 6 : explain SELECT k FROM sbtest6 WHERE k BETWEEN 5447969 AND 5448069
	Index Only Scan using k_6 on sbtest6  (cost=0.43..6.53 rows=105 width=4)
	  Index Cond: ((k >= 5447969) AND (k <= 5448069))

table 7 : explain SELECT k FROM sbtest7 WHERE k BETWEEN 5447969 AND 5448069
	Index Only Scan using k_7 on sbtest7  (cost=0.43..6.47 rows=102 width=4)
	  Index Cond: ((k >= 5447969) AND (k <= 5448069))

table 8 : explain SELECT k FROM sbtest8 WHERE k BETWEEN 5447969 AND 5448069
	Index Only Scan using k_8 on sbtest8  (cost=0.43..10.33 rows=95 width=4)
	  Index Cond: ((k >= 5447969) AND (k <= 5448069))

explain: for range-covered :: explain SELECT k FROM sbtest%d WHERE k BETWEEN 5447969 AND 5448069
for range-covered
table 1 : explain SELECT k FROM sbtest1 WHERE k BETWEEN 1650850 AND 1650950
	Index Only Scan using k_1 on sbtest1  (cost=0.43..6.32 rows=94 width=4)
	  Index Cond: ((k >= 1650850) AND (k <= 1650950))

table 2 : explain SELECT k FROM sbtest2 WHERE k BETWEEN 1650850 AND 1650950
	Index Only Scan using k_2 on sbtest2  (cost=0.43..10.44 rows=100 width=4)
	  Index Cond: ((k >= 1650850) AND (k <= 1650950))

table 3 : explain SELECT k FROM sbtest3 WHERE k BETWEEN 1650850 AND 1650950
	Index Only Scan using k_3 on sbtest3  (cost=0.43..6.33 rows=95 width=4)
	  Index Cond: ((k >= 1650850) AND (k <= 1650950))

table 4 : explain SELECT k FROM sbtest4 WHERE k BETWEEN 1650850 AND 1650950
	Index Only Scan using k_4 on sbtest4  (cost=0.43..6.56 rows=106 width=4)
	  Index Cond: ((k >= 1650850) AND (k <= 1650950))

table 5 : explain SELECT k FROM sbtest5 WHERE k BETWEEN 1650850 AND 1650950
	Index Only Scan using k_5 on sbtest5  (cost=0.43..6.58 rows=107 width=4)
	  Index Cond: ((k >= 1650850) AND (k <= 1650950))

table 6 : explain SELECT k FROM sbtest6 WHERE k BETWEEN 1650850 AND 1650950
	Index Only Scan using k_6 on sbtest6  (cost=0.43..6.58 rows=107 width=4)
	  Index Cond: ((k >= 1650850) AND (k <= 1650950))

table 7 : explain SELECT k FROM sbtest7 WHERE k BETWEEN 1650850 AND 1650950
	Index Only Scan using k_7 on sbtest7  (cost=0.43..6.21 rows=89 width=4)
	  Index Cond: ((k >= 1650850) AND (k <= 1650950))

table 8 : explain SELECT k FROM sbtest8 WHERE k BETWEEN 1650850 AND 1650950
	Index Only Scan using k_8 on sbtest8  (cost=0.43..10.36 rows=96 width=4)
	  Index Cond: ((k >= 1650850) AND (k <= 1650950))

explain: for range-covered :: explain SELECT k FROM sbtest%d WHERE k BETWEEN 1650850 AND 1650950
for range-covered
table 1 : explain SELECT k FROM sbtest1 WHERE k BETWEEN 5171317 AND 5171417
	Index Only Scan using k_1 on sbtest1  (cost=0.43..6.58 rows=107 width=4)
	  Index Cond: ((k >= 5171317) AND (k <= 5171417))

table 2 : explain SELECT k FROM sbtest2 WHERE k BETWEEN 5171317 AND 5171417
	Index Only Scan using k_2 on sbtest2  (cost=0.43..10.54 rows=105 width=4)
	  Index Cond: ((k >= 5171317) AND (k <= 5171417))

table 3 : explain SELECT k FROM sbtest3 WHERE k BETWEEN 5171317 AND 5171417
	Index Only Scan using k_3 on sbtest3  (cost=0.43..6.56 rows=106 width=4)
	  Index Cond: ((k >= 5171317) AND (k <= 5171417))

table 4 : explain SELECT k FROM sbtest4 WHERE k BETWEEN 5171317 AND 5171417
	Index Only Scan using k_4 on sbtest4  (cost=0.43..6.42 rows=99 width=4)
	  Index Cond: ((k >= 5171317) AND (k <= 5171417))

table 5 : explain SELECT k FROM sbtest5 WHERE k BETWEEN 5171317 AND 5171417
	Index Only Scan using k_5 on sbtest5  (cost=0.43..6.77 rows=117 width=4)
	  Index Cond: ((k >= 5171317) AND (k <= 5171417))

table 6 : explain SELECT k FROM sbtest6 WHERE k BETWEEN 5171317 AND 5171417
	Index Only Scan using k_6 on sbtest6  (cost=0.43..6.63 rows=110 width=4)
	  Index Cond: ((k >= 5171317) AND (k <= 5171417))

table 7 : explain SELECT k FROM sbtest7 WHERE k BETWEEN 5171317 AND 5171417
	Index Only Scan using k_7 on sbtest7  (cost=0.43..6.58 rows=107 width=4)
	  Index Cond: ((k >= 5171317) AND (k <= 5171417))

table 8 : explain SELECT k FROM sbtest8 WHERE k BETWEEN 5171317 AND 5171417
	Index Only Scan using k_8 on sbtest8  (cost=0.43..10.36 rows=96 width=4)
	  Index Cond: ((k >= 5171317) AND (k <= 5171417))

explain: for range-covered :: explain SELECT k FROM sbtest%d WHERE k BETWEEN 5171317 AND 5171417
for range-covered
table 1 : explain SELECT k FROM sbtest1 WHERE k BETWEEN 7556184 AND 7556284
	Index Only Scan using k_1 on sbtest1  (cost=0.43..6.50 rows=103 width=4)
	  Index Cond: ((k >= 7556184) AND (k <= 7556284))

table 2 : explain SELECT k FROM sbtest2 WHERE k BETWEEN 7556184 AND 7556284
	Index Only Scan using k_2 on sbtest2  (cost=0.43..10.63 rows=110 width=4)
	  Index Cond: ((k >= 7556184) AND (k <= 7556284))

table 3 : explain SELECT k FROM sbtest3 WHERE k BETWEEN 7556184 AND 7556284
	Index Only Scan using k_3 on sbtest3  (cost=0.43..6.45 rows=101 width=4)
	  Index Cond: ((k >= 7556184) AND (k <= 7556284))

table 4 : explain SELECT k FROM sbtest4 WHERE k BETWEEN 7556184 AND 7556284
	Index Only Scan using k_4 on sbtest4  (cost=0.43..6.59 rows=108 width=4)
	  Index Cond: ((k >= 7556184) AND (k <= 7556284))

table 5 : explain SELECT k FROM sbtest5 WHERE k BETWEEN 7556184 AND 7556284
	Index Only Scan using k_5 on sbtest5  (cost=0.43..6.40 rows=98 width=4)
	  Index Cond: ((k >= 7556184) AND (k <= 7556284))

table 6 : explain SELECT k FROM sbtest6 WHERE k BETWEEN 7556184 AND 7556284
	Index Only Scan using k_6 on sbtest6  (cost=0.43..6.66 rows=111 width=4)
	  Index Cond: ((k >= 7556184) AND (k <= 7556284))

table 7 : explain SELECT k FROM sbtest7 WHERE k BETWEEN 7556184 AND 7556284
	Index Only Scan using k_7 on sbtest7  (cost=0.43..6.51 rows=104 width=4)
	  Index Cond: ((k >= 7556184) AND (k <= 7556284))

table 8 : explain SELECT k FROM sbtest8 WHERE k BETWEEN 7556184 AND 7556284
	Index Only Scan using k_8 on sbtest8  (cost=0.43..10.50 rows=103 width=4)
	  Index Cond: ((k >= 7556184) AND (k <= 7556284))

explain: for range-covered :: explain SELECT k FROM sbtest%d WHERE k BETWEEN 7556184 AND 7556284
for range-covered
table 1 : explain SELECT k FROM sbtest1 WHERE k BETWEEN 5447969 AND 5448069
	Index Only Scan using k_1 on sbtest1  (cost=0.43..6.79 rows=118 width=4)
	  Index Cond: ((k >= 5447969) AND (k <= 5448069))

table 2 : explain SELECT k FROM sbtest2 WHERE k BETWEEN 5447969 AND 5448069
	Index Only Scan using k_2 on sbtest2  (cost=0.43..10.62 rows=109 width=4)
	  Index Cond: ((k >= 5447969) AND (k <= 5448069))

table 3 : explain SELECT k FROM sbtest3 WHERE k BETWEEN 5447969 AND 5448069
	Index Only Scan using k_3 on sbtest3  (cost=0.43..6.37 rows=97 width=4)
	  Index Cond: ((k >= 5447969) AND (k <= 5448069))

table 4 : explain SELECT k FROM sbtest4 WHERE k BETWEEN 5447969 AND 5448069
	Index Only Scan using k_4 on sbtest4  (cost=0.43..6.63 rows=110 width=4)
	  Index Cond: ((k >= 5447969) AND (k <= 5448069))

table 5 : explain SELECT k FROM sbtest5 WHERE k BETWEEN 5447969 AND 5448069
	Index Only Scan using k_5 on sbtest5  (cost=0.43..6.37 rows=97 width=4)
	  Index Cond: ((k >= 5447969) AND (k <= 5448069))

table 6 : explain SELECT k FROM sbtest6 WHERE k BETWEEN 5447969 AND 5448069
	Index Only Scan using k_6 on sbtest6  (cost=0.43..6.53 rows=105 width=4)
	  Index Cond: ((k >= 5447969) AND (k <= 5448069))

table 7 : explain SELECT k FROM sbtest7 WHERE k BETWEEN 5447969 AND 5448069
	Index Only Scan using k_7 on sbtest7  (cost=0.43..6.47 rows=102 width=4)
	  Index Cond: ((k >= 5447969) AND (k <= 5448069))

table 8 : explain SELECT k FROM sbtest8 WHERE k BETWEEN 5447969 AND 5448069
	Index Only Scan using k_8 on sbtest8  (cost=0.43..10.33 rows=95 width=4)
	  Index Cond: ((k >= 5447969) AND (k <= 5448069))

explain: for range-covered :: explain SELECT k FROM sbtest%d WHERE k BETWEEN 5447969 AND 5448069
explain: for range-covered :: explain SELECT k FROM sbtest%d WHERE k BETWEEN 2961897 AND 2961997
for range-covered
table 1 : explain SELECT k FROM sbtest1 WHERE k BETWEEN 1650850 AND 1650950
	Index Only Scan using k_1 on sbtest1  (cost=0.43..6.32 rows=94 width=4)
	  Index Cond: ((k >= 1650850) AND (k <= 1650950))

table 2 : explain SELECT k FROM sbtest2 WHERE k BETWEEN 1650850 AND 1650950
	Index Only Scan using k_2 on sbtest2  (cost=0.43..10.44 rows=100 width=4)
	  Index Cond: ((k >= 1650850) AND (k <= 1650950))

table 3 : explain SELECT k FROM sbtest3 WHERE k BETWEEN 1650850 AND 1650950
	Index Only Scan using k_3 on sbtest3  (cost=0.43..6.33 rows=95 width=4)
	  Index Cond: ((k >= 1650850) AND (k <= 1650950))

table 4 : explain SELECT k FROM sbtest4 WHERE k BETWEEN 1650850 AND 1650950
	Index Only Scan using k_4 on sbtest4  (cost=0.43..6.56 rows=106 width=4)
	  Index Cond: ((k >= 1650850) AND (k <= 1650950))

table 5 : explain SELECT k FROM sbtest5 WHERE k BETWEEN 1650850 AND 1650950
	Index Only Scan using k_5 on sbtest5  (cost=0.43..6.58 rows=107 width=4)
	  Index Cond: ((k >= 1650850) AND (k <= 1650950))

table 6 : explain SELECT k FROM sbtest6 WHERE k BETWEEN 1650850 AND 1650950
	Index Only Scan using k_6 on sbtest6  (cost=0.43..6.58 rows=107 width=4)
	  Index Cond: ((k >= 1650850) AND (k <= 1650950))

table 7 : explain SELECT k FROM sbtest7 WHERE k BETWEEN 1650850 AND 1650950
	Index Only Scan using k_7 on sbtest7  (cost=0.43..6.21 rows=89 width=4)
	  Index Cond: ((k >= 1650850) AND (k <= 1650950))

table 8 : explain SELECT k FROM sbtest8 WHERE k BETWEEN 1650850 AND 1650950
	Index Only Scan using k_8 on sbtest8  (cost=0.43..10.36 rows=96 width=4)
	  Index Cond: ((k >= 1650850) AND (k <= 1650950))

for range-covered
table 1 : explain SELECT k FROM sbtest1 WHERE k BETWEEN 5171317 AND 5171417
	Index Only Scan using k_1 on sbtest1  (cost=0.43..6.58 rows=107 width=4)
	  Index Cond: ((k >= 5171317) AND (k <= 5171417))

table 2 : explain SELECT k FROM sbtest2 WHERE k BETWEEN 5171317 AND 5171417
	Index Only Scan using k_2 on sbtest2  (cost=0.43..10.54 rows=105 width=4)
	  Index Cond: ((k >= 5171317) AND (k <= 5171417))

table 3 : explain SELECT k FROM sbtest3 WHERE k BETWEEN 5171317 AND 5171417
	Index Only Scan using k_3 on sbtest3  (cost=0.43..6.56 rows=106 width=4)
	  Index Cond: ((k >= 5171317) AND (k <= 5171417))

table 4 : explain SELECT k FROM sbtest4 WHERE k BETWEEN 5171317 AND 5171417
	Index Only Scan using k_4 on sbtest4  (cost=0.43..6.42 rows=99 width=4)
	  Index Cond: ((k >= 5171317) AND (k <= 5171417))

table 5 : explain SELECT k FROM sbtest5 WHERE k BETWEEN 5171317 AND 5171417
	Index Only Scan using k_5 on sbtest5  (cost=0.43..6.77 rows=117 width=4)
	  Index Cond: ((k >= 5171317) AND (k <= 5171417))

table 6 : explain SELECT k FROM sbtest6 WHERE k BETWEEN 5171317 AND 5171417
	Index Only Scan using k_6 on sbtest6  (cost=0.43..6.63 rows=110 width=4)
	  Index Cond: ((k >= 5171317) AND (k <= 5171417))

table 7 : explain SELECT k FROM sbtest7 WHERE k BETWEEN 5171317 AND 5171417
	Index Only Scan using k_7 on sbtest7  (cost=0.43..6.58 rows=107 width=4)
	  Index Cond: ((k >= 5171317) AND (k <= 5171417))

table 8 : explain SELECT k FROM sbtest8 WHERE k BETWEEN 5171317 AND 5171417
	Index Only Scan using k_8 on sbtest8  (cost=0.43..10.36 rows=96 width=4)
	  Index Cond: ((k >= 5171317) AND (k <= 5171417))

for range-covered
table 1 : explain SELECT k FROM sbtest1 WHERE k BETWEEN 842871 AND 842971
	Index Only Scan using k_1 on sbtest1  (cost=0.43..6.42 rows=99 width=4)
	  Index Cond: ((k >= 842871) AND (k <= 842971))

table 2 : explain SELECT k FROM sbtest2 WHERE k BETWEEN 842871 AND 842971
	Index Only Scan using k_2 on sbtest2  (cost=0.43..10.70 rows=113 width=4)
	  Index Cond: ((k >= 842871) AND (k <= 842971))

table 3 : explain SELECT k FROM sbtest3 WHERE k BETWEEN 842871 AND 842971
	Index Only Scan using k_3 on sbtest3  (cost=0.43..6.33 rows=95 width=4)
	  Index Cond: ((k >= 842871) AND (k <= 842971))

table 4 : explain SELECT k FROM sbtest4 WHERE k BETWEEN 842871 AND 842971
	Index Only Scan using k_4 on sbtest4  (cost=0.43..6.40 rows=98 width=4)
	  Index Cond: ((k >= 842871) AND (k <= 842971))

table 5 : explain SELECT k FROM sbtest5 WHERE k BETWEEN 842871 AND 842971
	Index Only Scan using k_5 on sbtest5  (cost=0.43..6.58 rows=107 width=4)
	  Index Cond: ((k >= 842871) AND (k <= 842971))

table 6 : explain SELECT k FROM sbtest6 WHERE k BETWEEN 842871 AND 842971
	Index Only Scan using k_6 on sbtest6  (cost=0.43..6.43 rows=100 width=4)
	  Index Cond: ((k >= 842871) AND (k <= 842971))

table 7 : explain SELECT k FROM sbtest7 WHERE k BETWEEN 842871 AND 842971
	Index Only Scan using k_7 on sbtest7  (cost=0.43..6.56 rows=106 width=4)
	  Index Cond: ((k >= 842871) AND (k <= 842971))

table 8 : explain SELECT k FROM sbtest8 WHERE k BETWEEN 842871 AND 842971
	Index Only Scan using k_8 on sbtest8  (cost=0.43..10.60 rows=108 width=4)
	  Index Cond: ((k >= 842871) AND (k <= 842971))

explain: for range-covered :: explain SELECT k FROM sbtest%d WHERE k BETWEEN 1650850 AND 1650950
explain: for range-covered :: explain SELECT k FROM sbtest%d WHERE k BETWEEN 5171317 AND 5171417
explain: for range-covered :: explain SELECT k FROM sbtest%d WHERE k BETWEEN 8591417 AND 8591517
for range-covered
table 1 : explain SELECT k FROM sbtest1 WHERE k BETWEEN 4606982 AND 4607082
	Index Only Scan using k_1 on sbtest1  (cost=0.43..6.45 rows=101 width=4)
	  Index Cond: ((k >= 4606982) AND (k <= 4607082))

table 2 : explain SELECT k FROM sbtest2 WHERE k BETWEEN 4606982 AND 4607082
	Index Only Scan using k_2 on sbtest2  (cost=0.43..10.60 rows=108 width=4)
	  Index Cond: ((k >= 4606982) AND (k <= 4607082))

table 3 : explain SELECT k FROM sbtest3 WHERE k BETWEEN 4606982 AND 4607082
	Index Only Scan using k_3 on sbtest3  (cost=0.43..6.51 rows=104 width=4)
	  Index Cond: ((k >= 4606982) AND (k <= 4607082))

table 4 : explain SELECT k FROM sbtest4 WHERE k BETWEEN 4606982 AND 4607082
	Index Only Scan using k_4 on sbtest4  (cost=0.43..6.58 rows=107 width=4)
	  Index Cond: ((k >= 4606982) AND (k <= 4607082))

table 5 : explain SELECT k FROM sbtest5 WHERE k BETWEEN 4606982 AND 4607082
	Index Only Scan using k_5 on sbtest5  (cost=0.43..6.47 rows=102 width=4)
	  Index Cond: ((k >= 4606982) AND (k <= 4607082))

table 6 : explain SELECT k FROM sbtest6 WHERE k BETWEEN 4606982 AND 4607082
	Index Only Scan using k_6 on sbtest6  (cost=0.43..6.51 rows=104 width=4)
	  Index Cond: ((k >= 4606982) AND (k <= 4607082))

table 7 : explain SELECT k FROM sbtest7 WHERE k BETWEEN 4606982 AND 4607082
	Index Only Scan using k_7 on sbtest7  (cost=0.43..6.47 rows=102 width=4)
	  Index Cond: ((k >= 4606982) AND (k <= 4607082))

table 8 : explain SELECT k FROM sbtest8 WHERE k BETWEEN 4606982 AND 4607082
	Index Only Scan using k_8 on sbtest8  (cost=0.43..10.76 rows=116 width=4)
	  Index Cond: ((k >= 4606982) AND (k <= 4607082))

explain: for range-covered :: explain SELECT k FROM sbtest%d WHERE k BETWEEN 842871 AND 842971
explain: for range-covered :: explain SELECT k FROM sbtest%d WHERE k BETWEEN 4606982 AND 4607082
for range-covered
table 1 : explain SELECT k FROM sbtest1 WHERE k BETWEEN 7556184 AND 7556284
	Index Only Scan using k_1 on sbtest1  (cost=0.43..6.50 rows=103 width=4)
	  Index Cond: ((k >= 7556184) AND (k <= 7556284))

table 2 : explain SELECT k FROM sbtest2 WHERE k BETWEEN 7556184 AND 7556284
	Index Only Scan using k_2 on sbtest2  (cost=0.43..10.63 rows=110 width=4)
	  Index Cond: ((k >= 7556184) AND (k <= 7556284))

table 3 : explain SELECT k FROM sbtest3 WHERE k BETWEEN 7556184 AND 7556284
	Index Only Scan using k_3 on sbtest3  (cost=0.43..6.45 rows=101 width=4)
	  Index Cond: ((k >= 7556184) AND (k <= 7556284))

table 4 : explain SELECT k FROM sbtest4 WHERE k BETWEEN 7556184 AND 7556284
	Index Only Scan using k_4 on sbtest4  (cost=0.43..6.59 rows=108 width=4)
	  Index Cond: ((k >= 7556184) AND (k <= 7556284))

table 5 : explain SELECT k FROM sbtest5 WHERE k BETWEEN 7556184 AND 7556284
	Index Only Scan using k_5 on sbtest5  (cost=0.43..6.40 rows=98 width=4)
	  Index Cond: ((k >= 7556184) AND (k <= 7556284))

table 6 : explain SELECT k FROM sbtest6 WHERE k BETWEEN 7556184 AND 7556284
	Index Only Scan using k_6 on sbtest6  (cost=0.43..6.66 rows=111 width=4)
	  Index Cond: ((k >= 7556184) AND (k <= 7556284))

table 7 : explain SELECT k FROM sbtest7 WHERE k BETWEEN 7556184 AND 7556284
	Index Only Scan using k_7 on sbtest7  (cost=0.43..6.51 rows=104 width=4)
	  Index Cond: ((k >= 7556184) AND (k <= 7556284))

table 8 : explain SELECT k FROM sbtest8 WHERE k BETWEEN 7556184 AND 7556284
	Index Only Scan using k_8 on sbtest8  (cost=0.43..10.50 rows=103 width=4)
	  Index Cond: ((k >= 7556184) AND (k <= 7556284))

for range-covered
table 1 : explain SELECT k FROM sbtest1 WHERE k BETWEEN 5161360 AND 5161460
	Index Only Scan using k_1 on sbtest1  (cost=0.43..6.58 rows=107 width=4)
	  Index Cond: ((k >= 5161360) AND (k <= 5161460))

table 2 : explain SELECT k FROM sbtest2 WHERE k BETWEEN 5161360 AND 5161460
	Index Only Scan using k_2 on sbtest2  (cost=0.43..10.54 rows=105 width=4)
	  Index Cond: ((k >= 5161360) AND (k <= 5161460))

table 3 : explain SELECT k FROM sbtest3 WHERE k BETWEEN 5161360 AND 5161460
	Index Only Scan using k_3 on sbtest3  (cost=0.43..6.45 rows=101 width=4)
	  Index Cond: ((k >= 5161360) AND (k <= 5161460))

table 4 : explain SELECT k FROM sbtest4 WHERE k BETWEEN 5161360 AND 5161460
	Index Only Scan using k_4 on sbtest4  (cost=0.43..6.42 rows=99 width=4)
	  Index Cond: ((k >= 5161360) AND (k <= 5161460))

table 5 : explain SELECT k FROM sbtest5 WHERE k BETWEEN 5161360 AND 5161460
	Index Only Scan using k_5 on sbtest5  (cost=0.43..6.43 rows=100 width=4)
	  Index Cond: ((k >= 5161360) AND (k <= 5161460))

table 6 : explain SELECT k FROM sbtest6 WHERE k BETWEEN 5161360 AND 5161460
	Index Only Scan using k_6 on sbtest6  (cost=0.43..6.63 rows=110 width=4)
	  Index Cond: ((k >= 5161360) AND (k <= 5161460))

table 7 : explain SELECT k FROM sbtest7 WHERE k BETWEEN 5161360 AND 5161460
	Index Only Scan using k_7 on sbtest7  (cost=0.43..6.58 rows=107 width=4)
	  Index Cond: ((k >= 5161360) AND (k <= 5161460))

table 8 : explain SELECT k FROM sbtest8 WHERE k BETWEEN 5161360 AND 5161460
	Index Only Scan using k_8 on sbtest8  (cost=0.43..10.36 rows=96 width=4)
	  Index Cond: ((k >= 5161360) AND (k <= 5161460))

explain: for range-covered :: explain SELECT k FROM sbtest%d WHERE k BETWEEN 7556184 AND 7556284
for range-covered
table 1 : explain SELECT k FROM sbtest1 WHERE k BETWEEN 3386275 AND 3386375
	Index Only Scan using k_1 on sbtest1  (cost=0.43..6.45 rows=101 width=4)
	  Index Cond: ((k >= 3386275) AND (k <= 3386375))

table 2 : explain SELECT k FROM sbtest2 WHERE k BETWEEN 3386275 AND 3386375
	Index Only Scan using k_2 on sbtest2  (cost=0.43..10.60 rows=108 width=4)
	  Index Cond: ((k >= 3386275) AND (k <= 3386375))

table 3 : explain SELECT k FROM sbtest3 WHERE k BETWEEN 3386275 AND 3386375
	Index Only Scan using k_3 on sbtest3  (cost=0.43..6.37 rows=97 width=4)
	  Index Cond: ((k >= 3386275) AND (k <= 3386375))

table 4 : explain SELECT k FROM sbtest4 WHERE k BETWEEN 3386275 AND 3386375
	Index Only Scan using k_4 on sbtest4  (cost=0.43..6.50 rows=103 width=4)
	  Index Cond: ((k >= 3386275) AND (k <= 3386375))

table 5 : explain SELECT k FROM sbtest5 WHERE k BETWEEN 3386275 AND 3386375
	Index Only Scan using k_5 on sbtest5  (cost=0.43..6.33 rows=95 width=4)
	  Index Cond: ((k >= 3386275) AND (k <= 3386375))

table 6 : explain SELECT k FROM sbtest6 WHERE k BETWEEN 3386275 AND 3386375
	Index Only Scan using k_6 on sbtest6  (cost=0.43..6.35 rows=96 width=4)
	  Index Cond: ((k >= 3386275) AND (k <= 3386375))

table 7 : explain SELECT k FROM sbtest7 WHERE k BETWEEN 3386275 AND 3386375
	Index Only Scan using k_7 on sbtest7  (cost=0.43..6.33 rows=95 width=4)
	  Index Cond: ((k >= 3386275) AND (k <= 3386375))

table 8 : explain SELECT k FROM sbtest8 WHERE k BETWEEN 3386275 AND 3386375
	Index Only Scan using k_8 on sbtest8  (cost=0.43..10.60 rows=108 width=4)
	  Index Cond: ((k >= 3386275) AND (k <= 3386375))

explain: for range-covered :: explain SELECT k FROM sbtest%d WHERE k BETWEEN 5161360 AND 5161460
for range-covered
table 1 : explain SELECT k FROM sbtest1 WHERE k BETWEEN 5447969 AND 5448069
	Index Only Scan using k_1 on sbtest1  (cost=0.43..6.79 rows=118 width=4)
	  Index Cond: ((k >= 5447969) AND (k <= 5448069))

table 2 : explain SELECT k FROM sbtest2 WHERE k BETWEEN 5447969 AND 5448069
	Index Only Scan using k_2 on sbtest2  (cost=0.43..10.62 rows=109 width=4)
	  Index Cond: ((k >= 5447969) AND (k <= 5448069))

table 3 : explain SELECT k FROM sbtest3 WHERE k BETWEEN 5447969 AND 5448069
	Index Only Scan using k_3 on sbtest3  (cost=0.43..6.37 rows=97 width=4)
	  Index Cond: ((k >= 5447969) AND (k <= 5448069))

table 4 : explain SELECT k FROM sbtest4 WHERE k BETWEEN 5447969 AND 5448069
	Index Only Scan using k_4 on sbtest4  (cost=0.43..6.63 rows=110 width=4)
	  Index Cond: ((k >= 5447969) AND (k <= 5448069))

table 5 : explain SELECT k FROM sbtest5 WHERE k BETWEEN 5447969 AND 5448069
	Index Only Scan using k_5 on sbtest5  (cost=0.43..6.37 rows=97 width=4)
	  Index Cond: ((k >= 5447969) AND (k <= 5448069))

table 6 : explain SELECT k FROM sbtest6 WHERE k BETWEEN 5447969 AND 5448069
	Index Only Scan using k_6 on sbtest6  (cost=0.43..6.53 rows=105 width=4)
	  Index Cond: ((k >= 5447969) AND (k <= 5448069))

table 7 : explain SELECT k FROM sbtest7 WHERE k BETWEEN 5447969 AND 5448069
	Index Only Scan using k_7 on sbtest7  (cost=0.43..6.47 rows=102 width=4)
	  Index Cond: ((k >= 5447969) AND (k <= 5448069))

table 8 : explain SELECT k FROM sbtest8 WHERE k BETWEEN 5447969 AND 5448069
	Index Only Scan using k_8 on sbtest8  (cost=0.43..10.33 rows=95 width=4)
	  Index Cond: ((k >= 5447969) AND (k <= 5448069))

for range-covered
table 1 : explain SELECT k FROM sbtest1 WHERE k BETWEEN 6832684 AND 6832784
	Index Only Scan using k_1 on sbtest1  (cost=0.43..6.53 rows=105 width=4)
	  Index Cond: ((k >= 6832684) AND (k <= 6832784))

table 2 : explain SELECT k FROM sbtest2 WHERE k BETWEEN 6832684 AND 6832784
	Index Only Scan using k_2 on sbtest2  (cost=0.43..10.58 rows=107 width=4)
	  Index Cond: ((k >= 6832684) AND (k <= 6832784))

table 3 : explain SELECT k FROM sbtest3 WHERE k BETWEEN 6832684 AND 6832784
	Index Only Scan using k_3 on sbtest3  (cost=0.43..6.11 rows=84 width=4)
	  Index Cond: ((k >= 6832684) AND (k <= 6832784))

table 4 : explain SELECT k FROM sbtest4 WHERE k BETWEEN 6832684 AND 6832784
	Index Only Scan using k_4 on sbtest4  (cost=0.43..6.61 rows=109 width=4)
	  Index Cond: ((k >= 6832684) AND (k <= 6832784))

table 5 : explain SELECT k FROM sbtest5 WHERE k BETWEEN 6832684 AND 6832784
	Index Only Scan using k_5 on sbtest5  (cost=0.43..6.51 rows=104 width=4)
	  Index Cond: ((k >= 6832684) AND (k <= 6832784))

table 6 : explain SELECT k FROM sbtest6 WHERE k BETWEEN 6832684 AND 6832784
	Index Only Scan using k_6 on sbtest6  (cost=0.43..6.40 rows=98 width=4)
	  Index Cond: ((k >= 6832684) AND (k <= 6832784))

table 7 : explain SELECT k FROM sbtest7 WHERE k BETWEEN 6832684 AND 6832784
	Index Only Scan using k_7 on sbtest7  (cost=0.43..6.53 rows=105 width=4)
	  Index Cond: ((k >= 6832684) AND (k <= 6832784))

table 8 : explain SELECT k FROM sbtest8 WHERE k BETWEEN 6832684 AND 6832784
	Index Only Scan using k_8 on sbtest8  (cost=0.43..10.70 rows=113 width=4)
	  Index Cond: ((k >= 6832684) AND (k <= 6832784))

explain: for range-covered :: explain SELECT k FROM sbtest%d WHERE k BETWEEN 5447969 AND 5448069
explain: for range-covered :: explain SELECT k FROM sbtest%d WHERE k BETWEEN 6832684 AND 6832784
for range-covered
table 1 : explain SELECT k FROM sbtest1 WHERE k BETWEEN 5171317 AND 5171417
	Index Only Scan using k_1 on sbtest1  (cost=0.43..6.58 rows=107 width=4)
	  Index Cond: ((k >= 5171317) AND (k <= 5171417))

table 2 : explain SELECT k FROM sbtest2 WHERE k BETWEEN 5171317 AND 5171417
	Index Only Scan using k_2 on sbtest2  (cost=0.43..10.54 rows=105 width=4)
	  Index Cond: ((k >= 5171317) AND (k <= 5171417))

table 3 : explain SELECT k FROM sbtest3 WHERE k BETWEEN 5171317 AND 5171417
	Index Only Scan using k_3 on sbtest3  (cost=0.43..6.56 rows=106 width=4)
	  Index Cond: ((k >= 5171317) AND (k <= 5171417))

table 4 : explain SELECT k FROM sbtest4 WHERE k BETWEEN 5171317 AND 5171417
	Index Only Scan using k_4 on sbtest4  (cost=0.43..6.42 rows=99 width=4)
	  Index Cond: ((k >= 5171317) AND (k <= 5171417))

table 5 : explain SELECT k FROM sbtest5 WHERE k BETWEEN 5171317 AND 5171417
	Index Only Scan using k_5 on sbtest5  (cost=0.43..6.77 rows=117 width=4)
	  Index Cond: ((k >= 5171317) AND (k <= 5171417))

table 6 : explain SELECT k FROM sbtest6 WHERE k BETWEEN 5171317 AND 5171417
	Index Only Scan using k_6 on sbtest6  (cost=0.43..6.63 rows=110 width=4)
	  Index Cond: ((k >= 5171317) AND (k <= 5171417))

table 7 : explain SELECT k FROM sbtest7 WHERE k BETWEEN 5171317 AND 5171417
	Index Only Scan using k_7 on sbtest7  (cost=0.43..6.58 rows=107 width=4)
	  Index Cond: ((k >= 5171317) AND (k <= 5171417))

table 8 : explain SELECT k FROM sbtest8 WHERE k BETWEEN 5171317 AND 5171417
	Index Only Scan using k_8 on sbtest8  (cost=0.43..10.36 rows=96 width=4)
	  Index Cond: ((k >= 5171317) AND (k <= 5171417))

explain: for range-covered :: explain SELECT k FROM sbtest%d WHERE k BETWEEN 3386275 AND 3386375
for range-covered
table 1 : explain SELECT k FROM sbtest1 WHERE k BETWEEN 1650850 AND 1650950
	Index Only Scan using k_1 on sbtest1  (cost=0.43..6.32 rows=94 width=4)
	  Index Cond: ((k >= 1650850) AND (k <= 1650950))

table 2 : explain SELECT k FROM sbtest2 WHERE k BETWEEN 1650850 AND 1650950
	Index Only Scan using k_2 on sbtest2  (cost=0.43..10.44 rows=100 width=4)
	  Index Cond: ((k >= 1650850) AND (k <= 1650950))

table 3 : explain SELECT k FROM sbtest3 WHERE k BETWEEN 1650850 AND 1650950
	Index Only Scan using k_3 on sbtest3  (cost=0.43..6.33 rows=95 width=4)
	  Index Cond: ((k >= 1650850) AND (k <= 1650950))

table 4 : explain SELECT k FROM sbtest4 WHERE k BETWEEN 1650850 AND 1650950
	Index Only Scan using k_4 on sbtest4  (cost=0.43..6.56 rows=106 width=4)
	  Index Cond: ((k >= 1650850) AND (k <= 1650950))

table 5 : explain SELECT k FROM sbtest5 WHERE k BETWEEN 1650850 AND 1650950
	Index Only Scan using k_5 on sbtest5  (cost=0.43..6.58 rows=107 width=4)
	  Index Cond: ((k >= 1650850) AND (k <= 1650950))

table 6 : explain SELECT k FROM sbtest6 WHERE k BETWEEN 1650850 AND 1650950
	Index Only Scan using k_6 on sbtest6  (cost=0.43..6.58 rows=107 width=4)
	  Index Cond: ((k >= 1650850) AND (k <= 1650950))

table 7 : explain SELECT k FROM sbtest7 WHERE k BETWEEN 1650850 AND 1650950
	Index Only Scan using k_7 on sbtest7  (cost=0.43..6.21 rows=89 width=4)
	  Index Cond: ((k >= 1650850) AND (k <= 1650950))

table 8 : explain SELECT k FROM sbtest8 WHERE k BETWEEN 1650850 AND 1650950
	Index Only Scan using k_8 on sbtest8  (cost=0.43..10.36 rows=96 width=4)
	  Index Cond: ((k >= 1650850) AND (k <= 1650950))

for range-covered
table 1 : explain SELECT k FROM sbtest1 WHERE k BETWEEN 5659219 AND 5659319
	Index Only Scan using k_1 on sbtest1  (cost=0.43..6.42 rows=99 width=4)
	  Index Cond: ((k >= 5659219) AND (k <= 5659319))

table 2 : explain SELECT k FROM sbtest2 WHERE k BETWEEN 5659219 AND 5659319
	Index Only Scan using k_2 on sbtest2  (cost=0.43..10.46 rows=101 width=4)
	  Index Cond: ((k >= 5659219) AND (k <= 5659319))

table 3 : explain SELECT k FROM sbtest3 WHERE k BETWEEN 5659219 AND 5659319
	Index Only Scan using k_3 on sbtest3  (cost=0.43..6.45 rows=101 width=4)
	  Index Cond: ((k >= 5659219) AND (k <= 5659319))

table 4 : explain SELECT k FROM sbtest4 WHERE k BETWEEN 5659219 AND 5659319
	Index Only Scan using k_4 on sbtest4  (cost=0.43..6.37 rows=97 width=4)
	  Index Cond: ((k >= 5659219) AND (k <= 5659319))

table 5 : explain SELECT k FROM sbtest5 WHERE k BETWEEN 5659219 AND 5659319
	Index Only Scan using k_5 on sbtest5  (cost=0.43..6.63 rows=110 width=4)
	  Index Cond: ((k >= 5659219) AND (k <= 5659319))

table 6 : explain SELECT k FROM sbtest6 WHERE k BETWEEN 5659219 AND 5659319
	Index Only Scan using k_6 on sbtest6  (cost=0.43..6.47 rows=102 width=4)
	  Index Cond: ((k >= 5659219) AND (k <= 5659319))

table 7 : explain SELECT k FROM sbtest7 WHERE k BETWEEN 5659219 AND 5659319
	Index Only Scan using k_7 on sbtest7  (cost=0.43..6.32 rows=94 width=4)
	  Index Cond: ((k >= 5659219) AND (k <= 5659319))

table 8 : explain SELECT k FROM sbtest8 WHERE k BETWEEN 5659219 AND 5659319
	Index Only Scan using k_8 on sbtest8  (cost=0.43..10.44 rows=100 width=4)
	  Index Cond: ((k >= 5659219) AND (k <= 5659319))

explain: for range-covered :: explain SELECT k FROM sbtest%d WHERE k BETWEEN 1650850 AND 1650950
explain: for range-covered :: explain SELECT k FROM sbtest%d WHERE k BETWEEN 5659219 AND 5659319
for range-covered
table 1 : explain SELECT k FROM sbtest1 WHERE k BETWEEN 7556184 AND 7556284
	Index Only Scan using k_1 on sbtest1  (cost=0.43..6.50 rows=103 width=4)
	  Index Cond: ((k >= 7556184) AND (k <= 7556284))

table 2 : explain SELECT k FROM sbtest2 WHERE k BETWEEN 7556184 AND 7556284
	Index Only Scan using k_2 on sbtest2  (cost=0.43..10.63 rows=110 width=4)
	  Index Cond: ((k >= 7556184) AND (k <= 7556284))

table 3 : explain SELECT k FROM sbtest3 WHERE k BETWEEN 7556184 AND 7556284
	Index Only Scan using k_3 on sbtest3  (cost=0.43..6.45 rows=101 width=4)
	  Index Cond: ((k >= 7556184) AND (k <= 7556284))

table 4 : explain SELECT k FROM sbtest4 WHERE k BETWEEN 7556184 AND 7556284
	Index Only Scan using k_4 on sbtest4  (cost=0.43..6.59 rows=108 width=4)
	  Index Cond: ((k >= 7556184) AND (k <= 7556284))

table 5 : explain SELECT k FROM sbtest5 WHERE k BETWEEN 7556184 AND 7556284
	Index Only Scan using k_5 on sbtest5  (cost=0.43..6.40 rows=98 width=4)
	  Index Cond: ((k >= 7556184) AND (k <= 7556284))

table 6 : explain SELECT k FROM sbtest6 WHERE k BETWEEN 7556184 AND 7556284
	Index Only Scan using k_6 on sbtest6  (cost=0.43..6.66 rows=111 width=4)
	  Index Cond: ((k >= 7556184) AND (k <= 7556284))

table 7 : explain SELECT k FROM sbtest7 WHERE k BETWEEN 7556184 AND 7556284
	Index Only Scan using k_7 on sbtest7  (cost=0.43..6.51 rows=104 width=4)
	  Index Cond: ((k >= 7556184) AND (k <= 7556284))

table 8 : explain SELECT k FROM sbtest8 WHERE k BETWEEN 7556184 AND 7556284
	Index Only Scan using k_8 on sbtest8  (cost=0.43..10.50 rows=103 width=4)
	  Index Cond: ((k >= 7556184) AND (k <= 7556284))

explain: for range-covered :: explain SELECT k FROM sbtest%d WHERE k BETWEEN 7556184 AND 7556284
for range-covered
table 1 : explain SELECT k FROM sbtest1 WHERE k BETWEEN 5447969 AND 5448069
	Index Only Scan using k_1 on sbtest1  (cost=0.43..6.79 rows=118 width=4)
	  Index Cond: ((k >= 5447969) AND (k <= 5448069))

table 2 : explain SELECT k FROM sbtest2 WHERE k BETWEEN 5447969 AND 5448069
	Index Only Scan using k_2 on sbtest2  (cost=0.43..10.62 rows=109 width=4)
	  Index Cond: ((k >= 5447969) AND (k <= 5448069))

table 3 : explain SELECT k FROM sbtest3 WHERE k BETWEEN 5447969 AND 5448069
	Index Only Scan using k_3 on sbtest3  (cost=0.43..6.37 rows=97 width=4)
	  Index Cond: ((k >= 5447969) AND (k <= 5448069))

table 4 : explain SELECT k FROM sbtest4 WHERE k BETWEEN 5447969 AND 5448069
	Index Only Scan using k_4 on sbtest4  (cost=0.43..6.63 rows=110 width=4)
	  Index Cond: ((k >= 5447969) AND (k <= 5448069))

table 5 : explain SELECT k FROM sbtest5 WHERE k BETWEEN 5447969 AND 5448069
	Index Only Scan using k_5 on sbtest5  (cost=0.43..6.37 rows=97 width=4)
	  Index Cond: ((k >= 5447969) AND (k <= 5448069))

table 6 : explain SELECT k FROM sbtest6 WHERE k BETWEEN 5447969 AND 5448069
	Index Only Scan using k_6 on sbtest6  (cost=0.43..6.53 rows=105 width=4)
	  Index Cond: ((k >= 5447969) AND (k <= 5448069))

table 7 : explain SELECT k FROM sbtest7 WHERE k BETWEEN 5447969 AND 5448069
	Index Only Scan using k_7 on sbtest7  (cost=0.43..6.47 rows=102 width=4)
	  Index Cond: ((k >= 5447969) AND (k <= 5448069))

table 8 : explain SELECT k FROM sbtest8 WHERE k BETWEEN 5447969 AND 5448069
	Index Only Scan using k_8 on sbtest8  (cost=0.43..10.33 rows=95 width=4)
	  Index Cond: ((k >= 5447969) AND (k <= 5448069))

for range-covered
table 1 : explain SELECT k FROM sbtest1 WHERE k BETWEEN 5161360 AND 5161460
	Index Only Scan using k_1 on sbtest1  (cost=0.43..6.58 rows=107 width=4)
	  Index Cond: ((k >= 5161360) AND (k <= 5161460))

table 2 : explain SELECT k FROM sbtest2 WHERE k BETWEEN 5161360 AND 5161460
	Index Only Scan using k_2 on sbtest2  (cost=0.43..10.54 rows=105 width=4)
	  Index Cond: ((k >= 5161360) AND (k <= 5161460))

table 3 : explain SELECT k FROM sbtest3 WHERE k BETWEEN 5161360 AND 5161460
	Index Only Scan using k_3 on sbtest3  (cost=0.43..6.45 rows=101 width=4)
	  Index Cond: ((k >= 5161360) AND (k <= 5161460))

table 4 : explain SELECT k FROM sbtest4 WHERE k BETWEEN 5161360 AND 5161460
	Index Only Scan using k_4 on sbtest4  (cost=0.43..6.42 rows=99 width=4)
	  Index Cond: ((k >= 5161360) AND (k <= 5161460))

table 5 : explain SELECT k FROM sbtest5 WHERE k BETWEEN 5161360 AND 5161460
	Index Only Scan using k_5 on sbtest5  (cost=0.43..6.43 rows=100 width=4)
	  Index Cond: ((k >= 5161360) AND (k <= 5161460))

table 6 : explain SELECT k FROM sbtest6 WHERE k BETWEEN 5161360 AND 5161460
	Index Only Scan using k_6 on sbtest6  (cost=0.43..6.63 rows=110 width=4)
	  Index Cond: ((k >= 5161360) AND (k <= 5161460))

table 7 : explain SELECT k FROM sbtest7 WHERE k BETWEEN 5161360 AND 5161460
	Index Only Scan using k_7 on sbtest7  (cost=0.43..6.58 rows=107 width=4)
	  Index Cond: ((k >= 5161360) AND (k <= 5161460))

table 8 : explain SELECT k FROM sbtest8 WHERE k BETWEEN 5161360 AND 5161460
	Index Only Scan using k_8 on sbtest8  (cost=0.43..10.36 rows=96 width=4)
	  Index Cond: ((k >= 5161360) AND (k <= 5161460))

explain: for range-covered :: explain SELECT k FROM sbtest%d WHERE k BETWEEN 5447969 AND 5448069
explain: for range-covered :: explain SELECT k FROM sbtest%d WHERE k BETWEEN 5161360 AND 5161460
for range-covered
table 1 : explain SELECT k FROM sbtest1 WHERE k BETWEEN 6832684 AND 6832784
	Index Only Scan using k_1 on sbtest1  (cost=0.43..6.53 rows=105 width=4)
	  Index Cond: ((k >= 6832684) AND (k <= 6832784))

table 2 : explain SELECT k FROM sbtest2 WHERE k BETWEEN 6832684 AND 6832784
	Index Only Scan using k_2 on sbtest2  (cost=0.43..10.58 rows=107 width=4)
	  Index Cond: ((k >= 6832684) AND (k <= 6832784))

table 3 : explain SELECT k FROM sbtest3 WHERE k BETWEEN 6832684 AND 6832784
	Index Only Scan using k_3 on sbtest3  (cost=0.43..6.11 rows=84 width=4)
	  Index Cond: ((k >= 6832684) AND (k <= 6832784))

table 4 : explain SELECT k FROM sbtest4 WHERE k BETWEEN 6832684 AND 6832784
	Index Only Scan using k_4 on sbtest4  (cost=0.43..6.61 rows=109 width=4)
	  Index Cond: ((k >= 6832684) AND (k <= 6832784))

table 5 : explain SELECT k FROM sbtest5 WHERE k BETWEEN 6832684 AND 6832784
	Index Only Scan using k_5 on sbtest5  (cost=0.43..6.51 rows=104 width=4)
	  Index Cond: ((k >= 6832684) AND (k <= 6832784))

table 6 : explain SELECT k FROM sbtest6 WHERE k BETWEEN 6832684 AND 6832784
	Index Only Scan using k_6 on sbtest6  (cost=0.43..6.40 rows=98 width=4)
	  Index Cond: ((k >= 6832684) AND (k <= 6832784))

table 7 : explain SELECT k FROM sbtest7 WHERE k BETWEEN 6832684 AND 6832784
	Index Only Scan using k_7 on sbtest7  (cost=0.43..6.53 rows=105 width=4)
	  Index Cond: ((k >= 6832684) AND (k <= 6832784))

table 8 : explain SELECT k FROM sbtest8 WHERE k BETWEEN 6832684 AND 6832784
	Index Only Scan using k_8 on sbtest8  (cost=0.43..10.70 rows=113 width=4)
	  Index Cond: ((k >= 6832684) AND (k <= 6832784))

explain: for range-covered :: explain SELECT k FROM sbtest%d WHERE k BETWEEN 6832684 AND 6832784
for range-covered
table 1 : explain SELECT k FROM sbtest1 WHERE k BETWEEN 1650850 AND 1650950
	Index Only Scan using k_1 on sbtest1  (cost=0.43..6.32 rows=94 width=4)
	  Index Cond: ((k >= 1650850) AND (k <= 1650950))

table 2 : explain SELECT k FROM sbtest2 WHERE k BETWEEN 1650850 AND 1650950
	Index Only Scan using k_2 on sbtest2  (cost=0.43..10.44 rows=100 width=4)
	  Index Cond: ((k >= 1650850) AND (k <= 1650950))

table 3 : explain SELECT k FROM sbtest3 WHERE k BETWEEN 1650850 AND 1650950
	Index Only Scan using k_3 on sbtest3  (cost=0.43..6.33 rows=95 width=4)
	  Index Cond: ((k >= 1650850) AND (k <= 1650950))

table 4 : explain SELECT k FROM sbtest4 WHERE k BETWEEN 1650850 AND 1650950
	Index Only Scan using k_4 on sbtest4  (cost=0.43..6.56 rows=106 width=4)
	  Index Cond: ((k >= 1650850) AND (k <= 1650950))

table 5 : explain SELECT k FROM sbtest5 WHERE k BETWEEN 1650850 AND 1650950
	Index Only Scan using k_5 on sbtest5  (cost=0.43..6.58 rows=107 width=4)
	  Index Cond: ((k >= 1650850) AND (k <= 1650950))

table 6 : explain SELECT k FROM sbtest6 WHERE k BETWEEN 1650850 AND 1650950
	Index Only Scan using k_6 on sbtest6  (cost=0.43..6.58 rows=107 width=4)
	  Index Cond: ((k >= 1650850) AND (k <= 1650950))

table 7 : explain SELECT k FROM sbtest7 WHERE k BETWEEN 1650850 AND 1650950
	Index Only Scan using k_7 on sbtest7  (cost=0.43..6.21 rows=89 width=4)
	  Index Cond: ((k >= 1650850) AND (k <= 1650950))

table 8 : explain SELECT k FROM sbtest8 WHERE k BETWEEN 1650850 AND 1650950
	Index Only Scan using k_8 on sbtest8  (cost=0.43..10.36 rows=96 width=4)
	  Index Cond: ((k >= 1650850) AND (k <= 1650950))

explain: for range-covered :: explain SELECT k FROM sbtest%d WHERE k BETWEEN 1650850 AND 1650950
for range-covered
table 1 : explain SELECT k FROM sbtest1 WHERE k BETWEEN 5659219 AND 5659319
	Index Only Scan using k_1 on sbtest1  (cost=0.43..6.42 rows=99 width=4)
	  Index Cond: ((k >= 5659219) AND (k <= 5659319))

table 2 : explain SELECT k FROM sbtest2 WHERE k BETWEEN 5659219 AND 5659319
	Index Only Scan using k_2 on sbtest2  (cost=0.43..10.46 rows=101 width=4)
	  Index Cond: ((k >= 5659219) AND (k <= 5659319))

table 3 : explain SELECT k FROM sbtest3 WHERE k BETWEEN 5659219 AND 5659319
	Index Only Scan using k_3 on sbtest3  (cost=0.43..6.45 rows=101 width=4)
	  Index Cond: ((k >= 5659219) AND (k <= 5659319))

table 4 : explain SELECT k FROM sbtest4 WHERE k BETWEEN 5659219 AND 5659319
	Index Only Scan using k_4 on sbtest4  (cost=0.43..6.37 rows=97 width=4)
	  Index Cond: ((k >= 5659219) AND (k <= 5659319))

table 5 : explain SELECT k FROM sbtest5 WHERE k BETWEEN 5659219 AND 5659319
	Index Only Scan using k_5 on sbtest5  (cost=0.43..6.63 rows=110 width=4)
	  Index Cond: ((k >= 5659219) AND (k <= 5659319))

table 6 : explain SELECT k FROM sbtest6 WHERE k BETWEEN 5659219 AND 5659319
	Index Only Scan using k_6 on sbtest6  (cost=0.43..6.47 rows=102 width=4)
	  Index Cond: ((k >= 5659219) AND (k <= 5659319))

table 7 : explain SELECT k FROM sbtest7 WHERE k BETWEEN 5659219 AND 5659319
	Index Only Scan using k_7 on sbtest7  (cost=0.43..6.32 rows=94 width=4)
	  Index Cond: ((k >= 5659219) AND (k <= 5659319))

table 8 : explain SELECT k FROM sbtest8 WHERE k BETWEEN 5659219 AND 5659319
	Index Only Scan using k_8 on sbtest8  (cost=0.43..10.44 rows=100 width=4)
	  Index Cond: ((k >= 5659219) AND (k <= 5659319))

explain: for range-covered :: explain SELECT k FROM sbtest%d WHERE k BETWEEN 3794939 AND 3795039
explain: for range-covered :: explain SELECT k FROM sbtest%d WHERE k BETWEEN 5659219 AND 5659319
for range-covered
table 1 : explain SELECT k FROM sbtest1 WHERE k BETWEEN 7556184 AND 7556284
	Index Only Scan using k_1 on sbtest1  (cost=0.43..6.50 rows=103 width=4)
	  Index Cond: ((k >= 7556184) AND (k <= 7556284))

table 2 : explain SELECT k FROM sbtest2 WHERE k BETWEEN 7556184 AND 7556284
	Index Only Scan using k_2 on sbtest2  (cost=0.43..10.63 rows=110 width=4)
	  Index Cond: ((k >= 7556184) AND (k <= 7556284))

table 3 : explain SELECT k FROM sbtest3 WHERE k BETWEEN 7556184 AND 7556284
	Index Only Scan using k_3 on sbtest3  (cost=0.43..6.45 rows=101 width=4)
	  Index Cond: ((k >= 7556184) AND (k <= 7556284))

table 4 : explain SELECT k FROM sbtest4 WHERE k BETWEEN 7556184 AND 7556284
	Index Only Scan using k_4 on sbtest4  (cost=0.43..6.59 rows=108 width=4)
	  Index Cond: ((k >= 7556184) AND (k <= 7556284))

table 5 : explain SELECT k FROM sbtest5 WHERE k BETWEEN 7556184 AND 7556284
	Index Only Scan using k_5 on sbtest5  (cost=0.43..6.40 rows=98 width=4)
	  Index Cond: ((k >= 7556184) AND (k <= 7556284))

table 6 : explain SELECT k FROM sbtest6 WHERE k BETWEEN 7556184 AND 7556284
	Index Only Scan using k_6 on sbtest6  (cost=0.43..6.66 rows=111 width=4)
	  Index Cond: ((k >= 7556184) AND (k <= 7556284))

table 7 : explain SELECT k FROM sbtest7 WHERE k BETWEEN 7556184 AND 7556284
	Index Only Scan using k_7 on sbtest7  (cost=0.43..6.51 rows=104 width=4)
	  Index Cond: ((k >= 7556184) AND (k <= 7556284))

table 8 : explain SELECT k FROM sbtest8 WHERE k BETWEEN 7556184 AND 7556284
	Index Only Scan using k_8 on sbtest8  (cost=0.43..10.50 rows=103 width=4)
	  Index Cond: ((k >= 7556184) AND (k <= 7556284))

explain: for range-covered :: explain SELECT k FROM sbtest%d WHERE k BETWEEN 7556184 AND 7556284
for range-covered
table 1 : explain SELECT k FROM sbtest1 WHERE k BETWEEN 5447969 AND 5448069
	Index Only Scan using k_1 on sbtest1  (cost=0.43..6.79 rows=118 width=4)
	  Index Cond: ((k >= 5447969) AND (k <= 5448069))

table 2 : explain SELECT k FROM sbtest2 WHERE k BETWEEN 5447969 AND 5448069
	Index Only Scan using k_2 on sbtest2  (cost=0.43..10.62 rows=109 width=4)
	  Index Cond: ((k >= 5447969) AND (k <= 5448069))

table 3 : explain SELECT k FROM sbtest3 WHERE k BETWEEN 5447969 AND 5448069
	Index Only Scan using k_3 on sbtest3  (cost=0.43..6.37 rows=97 width=4)
	  Index Cond: ((k >= 5447969) AND (k <= 5448069))

table 4 : explain SELECT k FROM sbtest4 WHERE k BETWEEN 5447969 AND 5448069
	Index Only Scan using k_4 on sbtest4  (cost=0.43..6.63 rows=110 width=4)
	  Index Cond: ((k >= 5447969) AND (k <= 5448069))

table 5 : explain SELECT k FROM sbtest5 WHERE k BETWEEN 5447969 AND 5448069
	Index Only Scan using k_5 on sbtest5  (cost=0.43..6.37 rows=97 width=4)
	  Index Cond: ((k >= 5447969) AND (k <= 5448069))

table 6 : explain SELECT k FROM sbtest6 WHERE k BETWEEN 5447969 AND 5448069
	Index Only Scan using k_6 on sbtest6  (cost=0.43..6.53 rows=105 width=4)
	  Index Cond: ((k >= 5447969) AND (k <= 5448069))

table 7 : explain SELECT k FROM sbtest7 WHERE k BETWEEN 5447969 AND 5448069
	Index Only Scan using k_7 on sbtest7  (cost=0.43..6.47 rows=102 width=4)
	  Index Cond: ((k >= 5447969) AND (k <= 5448069))

table 8 : explain SELECT k FROM sbtest8 WHERE k BETWEEN 5447969 AND 5448069
	Index Only Scan using k_8 on sbtest8  (cost=0.43..10.33 rows=95 width=4)
	  Index Cond: ((k >= 5447969) AND (k <= 5448069))

explain: for range-covered :: explain SELECT k FROM sbtest%d WHERE k BETWEEN 5447969 AND 5448069for range-covered
table 1 : explain SELECT k FROM sbtest1 WHERE k BETWEEN 5161360 AND 5161460
	Index Only Scan using k_1 on sbtest1  (cost=0.43..6.58 rows=107 width=4)
	  Index Cond: ((k >= 5161360) AND (k <= 5161460))

table 2 : explain SELECT k FROM sbtest2 WHERE k BETWEEN 5161360 AND 5161460
	Index Only Scan using k_2 on sbtest2  (cost=0.43..10.54 rows=105 width=4)
	  Index Cond: ((k >= 5161360) AND (k <= 5161460))

table 3 : explain SELECT k FROM sbtest3 WHERE k BETWEEN 5161360 AND 5161460
	Index Only Scan using k_3 on sbtest3  (cost=0.43..6.45 rows=101 width=4)
	  Index Cond: ((k >= 5161360) AND (k <= 5161460))

table 4 : explain SELECT k FROM sbtest4 WHERE k BETWEEN 5161360 AND 5161460
	Index Only Scan using k_4 on sbtest4  (cost=0.43..6.42 rows=99 width=4)
	  Index Cond: ((k >= 5161360) AND (k <= 5161460))

table 5 : explain SELECT k FROM sbtest5 WHERE k BETWEEN 5161360 AND 5161460
	Index Only Scan using k_5 on sbtest5  (cost=0.43..6.43 rows=100 width=4)
	  Index Cond: ((k >= 5161360) AND (k <= 5161460))

table 6 : explain SELECT k FROM sbtest6 WHERE k BETWEEN 5161360 AND 5161460
	Index Only Scan using k_6 on sbtest6  (cost=0.43..6.63 rows=110 width=4)
	  Index Cond: ((k >= 5161360) AND (k <= 5161460))

table 7 : explain SELECT k FROM sbtest7 WHERE k BETWEEN 5161360 AND 5161460
	Index Only Scan using k_7 on sbtest7  (cost=0.43..6.58 rows=107 width=4)
	  Index Cond: ((k >= 5161360) AND (k <= 5161460))

table 8 : explain SELECT k FROM sbtest8 WHERE k BETWEEN 5161360 AND 5161460
	Index Only Scan using k_8 on sbtest8  (cost=0.43..10.36 rows=96 width=4)
	  Index Cond: ((k >= 5161360) AND (k <= 5161460))


for range-covered
table 1 : explain SELECT k FROM sbtest1 WHERE k BETWEEN 6832684 AND 6832784
	Index Only Scan using k_1 on sbtest1  (cost=0.43..6.53 rows=105 width=4)
	  Index Cond: ((k >= 6832684) AND (k <= 6832784))

table 2 : explain SELECT k FROM sbtest2 WHERE k BETWEEN 6832684 AND 6832784
	Index Only Scan using k_2 on sbtest2  (cost=0.43..10.58 rows=107 width=4)
	  Index Cond: ((k >= 6832684) AND (k <= 6832784))

table 3 : explain SELECT k FROM sbtest3 WHERE k BETWEEN 6832684 AND 6832784
	Index Only Scan using k_3 on sbtest3  (cost=0.43..6.11 rows=84 width=4)
	  Index Cond: ((k >= 6832684) AND (k <= 6832784))

table 4 : explain SELECT k FROM sbtest4 WHERE k BETWEEN 6832684 AND 6832784
	Index Only Scan using k_4 on sbtest4  (cost=0.43..6.61 rows=109 width=4)
	  Index Cond: ((k >= 6832684) AND (k <= 6832784))

table 5 : explain SELECT k FROM sbtest5 WHERE k BETWEEN 6832684 AND 6832784
	Index Only Scan using k_5 on sbtest5  (cost=0.43..6.51 rows=104 width=4)
	  Index Cond: ((k >= 6832684) AND (k <= 6832784))

table 6 : explain SELECT k FROM sbtest6 WHERE k BETWEEN 6832684 AND 6832784
	Index Only Scan using k_6 on sbtest6  (cost=0.43..6.40 rows=98 width=4)
	  Index Cond: ((k >= 6832684) AND (k <= 6832784))

table 7 : explain SELECT k FROM sbtest7 WHERE k BETWEEN 6832684 AND 6832784
	Index Only Scan using k_7 on sbtest7  (cost=0.43..6.53 rows=105 width=4)
	  Index Cond: ((k >= 6832684) AND (k <= 6832784))

table 8 : explain SELECT k FROM sbtest8 WHERE k BETWEEN 6832684 AND 6832784
	Index Only Scan using k_8 on sbtest8  (cost=0.43..10.70 rows=113 width=4)
	  Index Cond: ((k >= 6832684) AND (k <= 6832784))

explain: for range-covered :: explain SELECT k FROM sbtest%d WHERE k BETWEEN 5161360 AND 5161460
explain: for range-covered :: explain SELECT k FROM sbtest%d WHERE k BETWEEN 6832684 AND 6832784
for range-covered
table 1 : explain SELECT k FROM sbtest1 WHERE k BETWEEN 1650850 AND 1650950
	Index Only Scan using k_1 on sbtest1  (cost=0.43..6.32 rows=94 width=4)
	  Index Cond: ((k >= 1650850) AND (k <= 1650950))

table 2 : explain SELECT k FROM sbtest2 WHERE k BETWEEN 1650850 AND 1650950
	Index Only Scan using k_2 on sbtest2  (cost=0.43..10.44 rows=100 width=4)
	  Index Cond: ((k >= 1650850) AND (k <= 1650950))

table 3 : explain SELECT k FROM sbtest3 WHERE k BETWEEN 1650850 AND 1650950
	Index Only Scan using k_3 on sbtest3  (cost=0.43..6.33 rows=95 width=4)
	  Index Cond: ((k >= 1650850) AND (k <= 1650950))

table 4 : explain SELECT k FROM sbtest4 WHERE k BETWEEN 1650850 AND 1650950
	Index Only Scan using k_4 on sbtest4  (cost=0.43..6.56 rows=106 width=4)
	  Index Cond: ((k >= 1650850) AND (k <= 1650950))

table 5 : explain SELECT k FROM sbtest5 WHERE k BETWEEN 1650850 AND 1650950
	Index Only Scan using k_5 on sbtest5  (cost=0.43..6.58 rows=107 width=4)
	  Index Cond: ((k >= 1650850) AND (k <= 1650950))

table 6 : explain SELECT k FROM sbtest6 WHERE k BETWEEN 1650850 AND 1650950
	Index Only Scan using k_6 on sbtest6  (cost=0.43..6.58 rows=107 width=4)
	  Index Cond: ((k >= 1650850) AND (k <= 1650950))

table 7 : explain SELECT k FROM sbtest7 WHERE k BETWEEN 1650850 AND 1650950
	Index Only Scan using k_7 on sbtest7  (cost=0.43..6.21 rows=89 width=4)
	  Index Cond: ((k >= 1650850) AND (k <= 1650950))

table 8 : explain SELECT k FROM sbtest8 WHERE k BETWEEN 1650850 AND 1650950
	Index Only Scan using k_8 on sbtest8  (cost=0.43..10.36 rows=96 width=4)
	  Index Cond: ((k >= 1650850) AND (k <= 1650950))

for range-covered
table 1 : explain SELECT k FROM sbtest1 WHERE k BETWEEN 2961897 AND 2961997
	Index Only Scan using k_1 on sbtest1  (cost=0.43..6.40 rows=98 width=4)
	  Index Cond: ((k >= 2961897) AND (k <= 2961997))

table 2 : explain SELECT k FROM sbtest2 WHERE k BETWEEN 2961897 AND 2961997
	Index Only Scan using k_2 on sbtest2  (cost=0.43..10.63 rows=110 width=4)
	  Index Cond: ((k >= 2961897) AND (k <= 2961997))

table 3 : explain SELECT k FROM sbtest3 WHERE k BETWEEN 2961897 AND 2961997
	Index Only Scan using k_3 on sbtest3  (cost=0.43..6.37 rows=97 width=4)
	  Index Cond: ((k >= 2961897) AND (k <= 2961997))

table 4 : explain SELECT k FROM sbtest4 WHERE k BETWEEN 2961897 AND 2961997
	Index Only Scan using k_4 on sbtest4  (cost=0.43..6.33 rows=95 width=4)
	  Index Cond: ((k >= 2961897) AND (k <= 2961997))

table 5 : explain SELECT k FROM sbtest5 WHERE k BETWEEN 2961897 AND 2961997
	Index Only Scan using k_5 on sbtest5  (cost=0.43..6.81 rows=119 width=4)
	  Index Cond: ((k >= 2961897) AND (k <= 2961997))

table 6 : explain SELECT k FROM sbtest6 WHERE k BETWEEN 2961897 AND 2961997
	Index Only Scan using k_6 on sbtest6  (cost=0.43..6.43 rows=100 width=4)
	  Index Cond: ((k >= 2961897) AND (k <= 2961997))

table 7 : explain SELECT k FROM sbtest7 WHERE k BETWEEN 2961897 AND 2961997
	Index Only Scan using k_7 on sbtest7  (cost=0.43..6.45 rows=101 width=4)
	  Index Cond: ((k >= 2961897) AND (k <= 2961997))

table 8 : explain SELECT k FROM sbtest8 WHERE k BETWEEN 2961897 AND 2961997
	Index Only Scan using k_8 on sbtest8  (cost=0.43..10.46 rows=101 width=4)
	  Index Cond: ((k >= 2961897) AND (k <= 2961997))

explain: for range-covered :: explain SELECT k FROM sbtest%d WHERE k BETWEEN 1650850 AND 1650950
for range-covered
table 1 : explain SELECT k FROM sbtest1 WHERE k BETWEEN 842871 AND 842971
	Index Only Scan using k_1 on sbtest1  (cost=0.43..6.42 rows=99 width=4)
	  Index Cond: ((k >= 842871) AND (k <= 842971))

table 2 : explain SELECT k FROM sbtest2 WHERE k BETWEEN 842871 AND 842971
	Index Only Scan using k_2 on sbtest2  (cost=0.43..10.70 rows=113 width=4)
	  Index Cond: ((k >= 842871) AND (k <= 842971))

table 3 : explain SELECT k FROM sbtest3 WHERE k BETWEEN 842871 AND 842971
	Index Only Scan using k_3 on sbtest3  (cost=0.43..6.33 rows=95 width=4)
	  Index Cond: ((k >= 842871) AND (k <= 842971))

table 4 : explain SELECT k FROM sbtest4 WHERE k BETWEEN 842871 AND 842971
	Index Only Scan using k_4 on sbtest4  (cost=0.43..6.40 rows=98 width=4)
	  Index Cond: ((k >= 842871) AND (k <= 842971))

table 5 : explain SELECT k FROM sbtest5 WHERE k BETWEEN 842871 AND 842971
	Index Only Scan using k_5 on sbtest5  (cost=0.43..6.58 rows=107 width=4)
	  Index Cond: ((k >= 842871) AND (k <= 842971))

table 6 : explain SELECT k FROM sbtest6 WHERE k BETWEEN 842871 AND 842971
	Index Only Scan using k_6 on sbtest6  (cost=0.43..6.43 rows=100 width=4)
	  Index Cond: ((k >= 842871) AND (k <= 842971))

table 7 : explain SELECT k FROM sbtest7 WHERE k BETWEEN 842871 AND 842971
	Index Only Scan using k_7 on sbtest7  (cost=0.43..6.56 rows=106 width=4)
	  Index Cond: ((k >= 842871) AND (k <= 842971))

table 8 : explain SELECT k FROM sbtest8 WHERE k BETWEEN 842871 AND 842971
	Index Only Scan using k_8 on sbtest8  (cost=0.43..10.60 rows=108 width=4)
	  Index Cond: ((k >= 842871) AND (k <= 842971))

explain: for range-covered :: explain SELECT k FROM sbtest%d WHERE k BETWEEN 2961897 AND 2961997
for range-covered
table 1 : explain SELECT k FROM sbtest1 WHERE k BETWEEN 5659219 AND 5659319
	Index Only Scan using k_1 on sbtest1  (cost=0.43..6.42 rows=99 width=4)
	  Index Cond: ((k >= 5659219) AND (k <= 5659319))

table 2 : explain SELECT k FROM sbtest2 WHERE k BETWEEN 5659219 AND 5659319
	Index Only Scan using k_2 on sbtest2  (cost=0.43..10.46 rows=101 width=4)
	  Index Cond: ((k >= 5659219) AND (k <= 5659319))

table 3 : explain SELECT k FROM sbtest3 WHERE k BETWEEN 5659219 AND 5659319
	Index Only Scan using k_3 on sbtest3  (cost=0.43..6.45 rows=101 width=4)
	  Index Cond: ((k >= 5659219) AND (k <= 5659319))

table 4 : explain SELECT k FROM sbtest4 WHERE k BETWEEN 5659219 AND 5659319
	Index Only Scan using k_4 on sbtest4  (cost=0.43..6.37 rows=97 width=4)
	  Index Cond: ((k >= 5659219) AND (k <= 5659319))

table 5 : explain SELECT k FROM sbtest5 WHERE k BETWEEN 5659219 AND 5659319
	Index Only Scan using k_5 on sbtest5  (cost=0.43..6.63 rows=110 width=4)
	  Index Cond: ((k >= 5659219) AND (k <= 5659319))

table 6 : explain SELECT k FROM sbtest6 WHERE k BETWEEN 5659219 AND 5659319
	Index Only Scan using k_6 on sbtest6  (cost=0.43..6.47 rows=102 width=4)
	  Index Cond: ((k >= 5659219) AND (k <= 5659319))

table 7 : explain SELECT k FROM sbtest7 WHERE k BETWEEN 5659219 AND 5659319
	Index Only Scan using k_7 on sbtest7  (cost=0.43..6.32 rows=94 width=4)
	  Index Cond: ((k >= 5659219) AND (k <= 5659319))

table 8 : explain SELECT k FROM sbtest8 WHERE k BETWEEN 5659219 AND 5659319
	Index Only Scan using k_8 on sbtest8  (cost=0.43..10.44 rows=100 width=4)
	  Index Cond: ((k >= 5659219) AND (k <= 5659319))

explain: for range-covered :: explain SELECT k FROM sbtest%d WHERE k BETWEEN 5659219 AND 5659319
for range-covered
table 1 : explain SELECT k FROM sbtest1 WHERE k BETWEEN 4606982 AND 4607082
	Index Only Scan using k_1 on sbtest1  (cost=0.43..6.45 rows=101 width=4)
	  Index Cond: ((k >= 4606982) AND (k <= 4607082))

table 2 : explain SELECT k FROM sbtest2 WHERE k BETWEEN 4606982 AND 4607082
	Index Only Scan using k_2 on sbtest2  (cost=0.43..10.60 rows=108 width=4)
	  Index Cond: ((k >= 4606982) AND (k <= 4607082))

table 3 : explain SELECT k FROM sbtest3 WHERE k BETWEEN 4606982 AND 4607082
	Index Only Scan using k_3 on sbtest3  (cost=0.43..6.51 rows=104 width=4)
	  Index Cond: ((k >= 4606982) AND (k <= 4607082))

table 4 : explain SELECT k FROM sbtest4 WHERE k BETWEEN 4606982 AND 4607082
	Index Only Scan using k_4 on sbtest4  (cost=0.43..6.58 rows=107 width=4)
	  Index Cond: ((k >= 4606982) AND (k <= 4607082))

table 5 : explain SELECT k FROM sbtest5 WHERE k BETWEEN 4606982 AND 4607082
	Index Only Scan using k_5 on sbtest5  (cost=0.43..6.47 rows=102 width=4)
	  Index Cond: ((k >= 4606982) AND (k <= 4607082))

table 6 : explain SELECT k FROM sbtest6 WHERE k BETWEEN 4606982 AND 4607082
	Index Only Scan using k_6 on sbtest6  (cost=0.43..6.51 rows=104 width=4)
	  Index Cond: ((k >= 4606982) AND (k <= 4607082))

table 7 : explain SELECT k FROM sbtest7 WHERE k BETWEEN 4606982 AND 4607082
	Index Only Scan using k_7 on sbtest7  (cost=0.43..6.47 rows=102 width=4)
	  Index Cond: ((k >= 4606982) AND (k <= 4607082))

table 8 : explain SELECT k FROM sbtest8 WHERE k BETWEEN 4606982 AND 4607082
	Index Only Scan using k_8 on sbtest8  (cost=0.43..10.76 rows=116 width=4)
	  Index Cond: ((k >= 4606982) AND (k <= 4607082))

for range-covered
table 1 : explain SELECT k FROM sbtest1 WHERE k BETWEEN 7556184 AND 7556284
	Index Only Scan using k_1 on sbtest1  (cost=0.43..6.50 rows=103 width=4)
	  Index Cond: ((k >= 7556184) AND (k <= 7556284))

table 2 : explain SELECT k FROM sbtest2 WHERE k BETWEEN 7556184 AND 7556284
	Index Only Scan using k_2 on sbtest2  (cost=0.43..10.63 rows=110 width=4)
	  Index Cond: ((k >= 7556184) AND (k <= 7556284))

table 3 : explain SELECT k FROM sbtest3 WHERE k BETWEEN 7556184 AND 7556284
	Index Only Scan using k_3 on sbtest3  (cost=0.43..6.45 rows=101 width=4)
	  Index Cond: ((k >= 7556184) AND (k <= 7556284))

table 4 : explain SELECT k FROM sbtest4 WHERE k BETWEEN 7556184 AND 7556284
	Index Only Scan using k_4 on sbtest4  (cost=0.43..6.59 rows=108 width=4)
	  Index Cond: ((k >= 7556184) AND (k <= 7556284))

table 5 : explain SELECT k FROM sbtest5 WHERE k BETWEEN 7556184 AND 7556284
	Index Only Scan using k_5 on sbtest5  (cost=0.43..6.40 rows=98 width=4)
	  Index Cond: ((k >= 7556184) AND (k <= 7556284))

table 6 : explain SELECT k FROM sbtest6 WHERE k BETWEEN 7556184 AND 7556284
	Index Only Scan using k_6 on sbtest6  (cost=0.43..6.66 rows=111 width=4)
	  Index Cond: ((k >= 7556184) AND (k <= 7556284))

table 7 : explain SELECT k FROM sbtest7 WHERE k BETWEEN 7556184 AND 7556284
	Index Only Scan using k_7 on sbtest7  (cost=0.43..6.51 rows=104 width=4)
	  Index Cond: ((k >= 7556184) AND (k <= 7556284))

table 8 : explain SELECT k FROM sbtest8 WHERE k BETWEEN 7556184 AND 7556284
	Index Only Scan using k_8 on sbtest8  (cost=0.43..10.50 rows=103 width=4)
	  Index Cond: ((k >= 7556184) AND (k <= 7556284))

explain: for range-covered :: explain SELECT k FROM sbtest%d WHERE k BETWEEN 842871 AND 842971
explain: for range-covered :: explain SELECT k FROM sbtest%d WHERE k BETWEEN 4606982 AND 4607082
for range-covered
table 1 : explain SELECT k FROM sbtest1 WHERE k BETWEEN 3386275 AND 3386375
	Index Only Scan using k_1 on sbtest1  (cost=0.43..6.45 rows=101 width=4)
	  Index Cond: ((k >= 3386275) AND (k <= 3386375))

table 2 : explain SELECT k FROM sbtest2 WHERE k BETWEEN 3386275 AND 3386375
	Index Only Scan using k_2 on sbtest2  (cost=0.43..10.60 rows=108 width=4)
	  Index Cond: ((k >= 3386275) AND (k <= 3386375))

table 3 : explain SELECT k FROM sbtest3 WHERE k BETWEEN 3386275 AND 3386375
	Index Only Scan using k_3 on sbtest3  (cost=0.43..6.37 rows=97 width=4)
	  Index Cond: ((k >= 3386275) AND (k <= 3386375))

table 4 : explain SELECT k FROM sbtest4 WHERE k BETWEEN 3386275 AND 3386375
	Index Only Scan using k_4 on sbtest4  (cost=0.43..6.50 rows=103 width=4)
	  Index Cond: ((k >= 3386275) AND (k <= 3386375))

table 5 : explain SELECT k FROM sbtest5 WHERE k BETWEEN 3386275 AND 3386375
	Index Only Scan using k_5 on sbtest5  (cost=0.43..6.33 rows=95 width=4)
	  Index Cond: ((k >= 3386275) AND (k <= 3386375))

table 6 : explain SELECT k FROM sbtest6 WHERE k BETWEEN 3386275 AND 3386375
	Index Only Scan using k_6 on sbtest6  (cost=0.43..6.35 rows=96 width=4)
	  Index Cond: ((k >= 3386275) AND (k <= 3386375))

table 7 : explain SELECT k FROM sbtest7 WHERE k BETWEEN 3386275 AND 3386375
	Index Only Scan using k_7 on sbtest7  (cost=0.43..6.33 rows=95 width=4)
	  Index Cond: ((k >= 3386275) AND (k <= 3386375))

table 8 : explain SELECT k FROM sbtest8 WHERE k BETWEEN 3386275 AND 3386375
	Index Only Scan using k_8 on sbtest8  (cost=0.43..10.60 rows=108 width=4)
	  Index Cond: ((k >= 3386275) AND (k <= 3386375))

for range-covered
table 1 : explain SELECT k FROM sbtest1 WHERE k BETWEEN 5447969 AND 5448069
	Index Only Scan using k_1 on sbtest1  (cost=0.43..6.79 rows=118 width=4)
	  Index Cond: ((k >= 5447969) AND (k <= 5448069))

table 2 : explain SELECT k FROM sbtest2 WHERE k BETWEEN 5447969 AND 5448069
	Index Only Scan using k_2 on sbtest2  (cost=0.43..10.62 rows=109 width=4)
	  Index Cond: ((k >= 5447969) AND (k <= 5448069))

table 3 : explain SELECT k FROM sbtest3 WHERE k BETWEEN 5447969 AND 5448069
	Index Only Scan using k_3 on sbtest3  (cost=0.43..6.37 rows=97 width=4)
	  Index Cond: ((k >= 5447969) AND (k <= 5448069))

table 4 : explain SELECT k FROM sbtest4 WHERE k BETWEEN 5447969 AND 5448069
	Index Only Scan using k_4 on sbtest4  (cost=0.43..6.63 rows=110 width=4)
	  Index Cond: ((k >= 5447969) AND (k <= 5448069))

table 5 : explain SELECT k FROM sbtest5 WHERE k BETWEEN 5447969 AND 5448069
	Index Only Scan using k_5 on sbtest5  (cost=0.43..6.37 rows=97 width=4)
	  Index Cond: ((k >= 5447969) AND (k <= 5448069))

table 6 : explain SELECT k FROM sbtest6 WHERE k BETWEEN 5447969 AND 5448069
	Index Only Scan using k_6 on sbtest6  (cost=0.43..6.53 rows=105 width=4)
	  Index Cond: ((k >= 5447969) AND (k <= 5448069))

table 7 : explain SELECT k FROM sbtest7 WHERE k BETWEEN 5447969 AND 5448069
	Index Only Scan using k_7 on sbtest7  (cost=0.43..6.47 rows=102 width=4)
	  Index Cond: ((k >= 5447969) AND (k <= 5448069))

table 8 : explain SELECT k FROM sbtest8 WHERE k BETWEEN 5447969 AND 5448069
	Index Only Scan using k_8 on sbtest8  (cost=0.43..10.33 rows=95 width=4)
	  Index Cond: ((k >= 5447969) AND (k <= 5448069))

for range-covered
table 1 : explain SELECT k FROM sbtest1 WHERE k BETWEEN 5161360 AND 5161460
	Index Only Scan using k_1 on sbtest1  (cost=0.43..6.58 rows=107 width=4)
	  Index Cond: ((k >= 5161360) AND (k <= 5161460))

table 2 : explain SELECT k FROM sbtest2 WHERE k BETWEEN 5161360 AND 5161460
	Index Only Scan using k_2 on sbtest2  (cost=0.43..10.54 rows=105 width=4)
	  Index Cond: ((k >= 5161360) AND (k <= 5161460))

table 3 : explain SELECT k FROM sbtest3 WHERE k BETWEEN 5161360 AND 5161460
	Index Only Scan using k_3 on sbtest3  (cost=0.43..6.45 rows=101 width=4)
	  Index Cond: ((k >= 5161360) AND (k <= 5161460))

table 4 : explain SELECT k FROM sbtest4 WHERE k BETWEEN 5161360 AND 5161460
	Index Only Scan using k_4 on sbtest4  (cost=0.43..6.42 rows=99 width=4)
	  Index Cond: ((k >= 5161360) AND (k <= 5161460))

table 5 : explain SELECT k FROM sbtest5 WHERE k BETWEEN 5161360 AND 5161460
	Index Only Scan using k_5 on sbtest5  (cost=0.43..6.43 rows=100 width=4)
	  Index Cond: ((k >= 5161360) AND (k <= 5161460))

table 6 : explain SELECT k FROM sbtest6 WHERE k BETWEEN 5161360 AND 5161460
	Index Only Scan using k_6 on sbtest6  (cost=0.43..6.63 rows=110 width=4)
	  Index Cond: ((k >= 5161360) AND (k <= 5161460))

table 7 : explain SELECT k FROM sbtest7 WHERE k BETWEEN 5161360 AND 5161460
	Index Only Scan using k_7 on sbtest7  (cost=0.43..6.58 rows=107 width=4)
	  Index Cond: ((k >= 5161360) AND (k <= 5161460))

table 8 : explain SELECT k FROM sbtest8 WHERE k BETWEEN 5161360 AND 5161460
	Index Only Scan using k_8 on sbtest8  (cost=0.43..10.36 rows=96 width=4)
	  Index Cond: ((k >= 5161360) AND (k <= 5161460))

explain: for range-covered :: explain SELECT k FROM sbtest%d WHERE k BETWEEN 5447969 AND 5448069
for range-covered
table 1 : explain SELECT k FROM sbtest1 WHERE k BETWEEN 6832684 AND 6832784
	Index Only Scan using k_1 on sbtest1  (cost=0.43..6.53 rows=105 width=4)
	  Index Cond: ((k >= 6832684) AND (k <= 6832784))

table 2 : explain SELECT k FROM sbtest2 WHERE k BETWEEN 6832684 AND 6832784
	Index Only Scan using k_2 on sbtest2  (cost=0.43..10.58 rows=107 width=4)
	  Index Cond: ((k >= 6832684) AND (k <= 6832784))

table 3 : explain SELECT k FROM sbtest3 WHERE k BETWEEN 6832684 AND 6832784
	Index Only Scan using k_3 on sbtest3  (cost=0.43..6.11 rows=84 width=4)
	  Index Cond: ((k >= 6832684) AND (k <= 6832784))

table 4 : explain SELECT k FROM sbtest4 WHERE k BETWEEN 6832684 AND 6832784
	Index Only Scan using k_4 on sbtest4  (cost=0.43..6.61 rows=109 width=4)
	  Index Cond: ((k >= 6832684) AND (k <= 6832784))

table 5 : explain SELECT k FROM sbtest5 WHERE k BETWEEN 6832684 AND 6832784
	Index Only Scan using k_5 on sbtest5  (cost=0.43..6.51 rows=104 width=4)
	  Index Cond: ((k >= 6832684) AND (k <= 6832784))

table 6 : explain SELECT k FROM sbtest6 WHERE k BETWEEN 6832684 AND 6832784
	Index Only Scan using k_6 on sbtest6  (cost=0.43..6.40 rows=98 width=4)
	  Index Cond: ((k >= 6832684) AND (k <= 6832784))

table 7 : explain SELECT k FROM sbtest7 WHERE k BETWEEN 6832684 AND 6832784
	Index Only Scan using k_7 on sbtest7  (cost=0.43..6.53 rows=105 width=4)
	  Index Cond: ((k >= 6832684) AND (k <= 6832784))

table 8 : explain SELECT k FROM sbtest8 WHERE k BETWEEN 6832684 AND 6832784
	Index Only Scan using k_8 on sbtest8  (cost=0.43..10.70 rows=113 width=4)
	  Index Cond: ((k >= 6832684) AND (k <= 6832784))

explain: for range-covered :: explain SELECT k FROM sbtest%d WHERE k BETWEEN 5161360 AND 5161460
explain: for range-covered :: explain SELECT k FROM sbtest%d WHERE k BETWEEN 6832684 AND 6832784
for range-covered
table 1 : explain SELECT k FROM sbtest1 WHERE k BETWEEN 5659219 AND 5659319
	Index Only Scan using k_1 on sbtest1  (cost=0.43..6.42 rows=99 width=4)
	  Index Cond: ((k >= 5659219) AND (k <= 5659319))

table 2 : explain SELECT k FROM sbtest2 WHERE k BETWEEN 5659219 AND 5659319
	Index Only Scan using k_2 on sbtest2  (cost=0.43..10.46 rows=101 width=4)
	  Index Cond: ((k >= 5659219) AND (k <= 5659319))

table 3 : explain SELECT k FROM sbtest3 WHERE k BETWEEN 5659219 AND 5659319
	Index Only Scan using k_3 on sbtest3  (cost=0.43..6.45 rows=101 width=4)
	  Index Cond: ((k >= 5659219) AND (k <= 5659319))

table 4 : explain SELECT k FROM sbtest4 WHERE k BETWEEN 5659219 AND 5659319
	Index Only Scan using k_4 on sbtest4  (cost=0.43..6.37 rows=97 width=4)
	  Index Cond: ((k >= 5659219) AND (k <= 5659319))

table 5 : explain SELECT k FROM sbtest5 WHERE k BETWEEN 5659219 AND 5659319
	Index Only Scan using k_5 on sbtest5  (cost=0.43..6.63 rows=110 width=4)
	  Index Cond: ((k >= 5659219) AND (k <= 5659319))

table 6 : explain SELECT k FROM sbtest6 WHERE k BETWEEN 5659219 AND 5659319
	Index Only Scan using k_6 on sbtest6  (cost=0.43..6.47 rows=102 width=4)
	  Index Cond: ((k >= 5659219) AND (k <= 5659319))

table 7 : explain SELECT k FROM sbtest7 WHERE k BETWEEN 5659219 AND 5659319
	Index Only Scan using k_7 on sbtest7  (cost=0.43..6.32 rows=94 width=4)
	  Index Cond: ((k >= 5659219) AND (k <= 5659319))

table 8 : explain SELECT k FROM sbtest8 WHERE k BETWEEN 5659219 AND 5659319
	Index Only Scan using k_8 on sbtest8  (cost=0.43..10.44 rows=100 width=4)
	  Index Cond: ((k >= 5659219) AND (k <= 5659319))

for range-covered
table 1 : explain SELECT k FROM sbtest1 WHERE k BETWEEN 2961897 AND 2961997
	Index Only Scan using k_1 on sbtest1  (cost=0.43..6.40 rows=98 width=4)
	  Index Cond: ((k >= 2961897) AND (k <= 2961997))

table 2 : explain SELECT k FROM sbtest2 WHERE k BETWEEN 2961897 AND 2961997
	Index Only Scan using k_2 on sbtest2  (cost=0.43..10.63 rows=110 width=4)
	  Index Cond: ((k >= 2961897) AND (k <= 2961997))

table 3 : explain SELECT k FROM sbtest3 WHERE k BETWEEN 2961897 AND 2961997
	Index Only Scan using k_3 on sbtest3  (cost=0.43..6.37 rows=97 width=4)
	  Index Cond: ((k >= 2961897) AND (k <= 2961997))

table 4 : explain SELECT k FROM sbtest4 WHERE k BETWEEN 2961897 AND 2961997
	Index Only Scan using k_4 on sbtest4  (cost=0.43..6.33 rows=95 width=4)
	  Index Cond: ((k >= 2961897) AND (k <= 2961997))

table 5 : explain SELECT k FROM sbtest5 WHERE k BETWEEN 2961897 AND 2961997
	Index Only Scan using k_5 on sbtest5  (cost=0.43..6.81 rows=119 width=4)
	  Index Cond: ((k >= 2961897) AND (k <= 2961997))

table 6 : explain SELECT k FROM sbtest6 WHERE k BETWEEN 2961897 AND 2961997
	Index Only Scan using k_6 on sbtest6  (cost=0.43..6.43 rows=100 width=4)
	  Index Cond: ((k >= 2961897) AND (k <= 2961997))

table 7 : explain SELECT k FROM sbtest7 WHERE k BETWEEN 2961897 AND 2961997
	Index Only Scan using k_7 on sbtest7  (cost=0.43..6.45 rows=101 width=4)
	  Index Cond: ((k >= 2961897) AND (k <= 2961997))

table 8 : explain SELECT k FROM sbtest8 WHERE k BETWEEN 2961897 AND 2961997
	Index Only Scan using k_8 on sbtest8  (cost=0.43..10.46 rows=101 width=4)
	  Index Cond: ((k >= 2961897) AND (k <= 2961997))

explain: for range-covered :: explain SELECT k FROM sbtest%d WHERE k BETWEEN 5659219 AND 5659319
explain: for range-covered :: explain SELECT k FROM sbtest%d WHERE k BETWEEN 2961897 AND 2961997
explain: for range-covered :: explain SELECT k FROM sbtest%d WHERE k BETWEEN 4054977 AND 4055077
for range-covered
table 1 : explain SELECT k FROM sbtest1 WHERE k BETWEEN 5447969 AND 5448069
	Index Only Scan using k_1 on sbtest1  (cost=0.43..6.79 rows=118 width=4)
	  Index Cond: ((k >= 5447969) AND (k <= 5448069))

table 2 : explain SELECT k FROM sbtest2 WHERE k BETWEEN 5447969 AND 5448069
	Index Only Scan using k_2 on sbtest2  (cost=0.43..10.62 rows=109 width=4)
	  Index Cond: ((k >= 5447969) AND (k <= 5448069))

table 3 : explain SELECT k FROM sbtest3 WHERE k BETWEEN 5447969 AND 5448069
	Index Only Scan using k_3 on sbtest3  (cost=0.43..6.37 rows=97 width=4)
	  Index Cond: ((k >= 5447969) AND (k <= 5448069))

table 4 : explain SELECT k FROM sbtest4 WHERE k BETWEEN 5447969 AND 5448069
	Index Only Scan using k_4 on sbtest4  (cost=0.43..6.63 rows=110 width=4)
	  Index Cond: ((k >= 5447969) AND (k <= 5448069))

table 5 : explain SELECT k FROM sbtest5 WHERE k BETWEEN 5447969 AND 5448069
	Index Only Scan using k_5 on sbtest5  (cost=0.43..6.37 rows=97 width=4)
	  Index Cond: ((k >= 5447969) AND (k <= 5448069))

table 6 : explain SELECT k FROM sbtest6 WHERE k BETWEEN 5447969 AND 5448069
	Index Only Scan using k_6 on sbtest6  (cost=0.43..6.53 rows=105 width=4)
	  Index Cond: ((k >= 5447969) AND (k <= 5448069))

table 7 : explain SELECT k FROM sbtest7 WHERE k BETWEEN 5447969 AND 5448069
	Index Only Scan using k_7 on sbtest7  (cost=0.43..6.47 rows=102 width=4)
	  Index Cond: ((k >= 5447969) AND (k <= 5448069))

table 8 : explain SELECT k FROM sbtest8 WHERE k BETWEEN 5447969 AND 5448069
	Index Only Scan using k_8 on sbtest8  (cost=0.43..10.33 rows=95 width=4)
	  Index Cond: ((k >= 5447969) AND (k <= 5448069))

for range-covered
table 1 : explain SELECT k FROM sbtest1 WHERE k BETWEEN 5161360 AND 5161460
	Index Only Scan using k_1 on sbtest1  (cost=0.43..6.58 rows=107 width=4)
	  Index Cond: ((k >= 5161360) AND (k <= 5161460))

table 2 : explain SELECT k FROM sbtest2 WHERE k BETWEEN 5161360 AND 5161460
	Index Only Scan using k_2 on sbtest2  (cost=0.43..10.54 rows=105 width=4)
	  Index Cond: ((k >= 5161360) AND (k <= 5161460))

table 3 : explain SELECT k FROM sbtest3 WHERE k BETWEEN 5161360 AND 5161460
	Index Only Scan using k_3 on sbtest3  (cost=0.43..6.45 rows=101 width=4)
	  Index Cond: ((k >= 5161360) AND (k <= 5161460))

table 4 : explain SELECT k FROM sbtest4 WHERE k BETWEEN 5161360 AND 5161460
	Index Only Scan using k_4 on sbtest4  (cost=0.43..6.42 rows=99 width=4)
	  Index Cond: ((k >= 5161360) AND (k <= 5161460))

table 5 : explain SELECT k FROM sbtest5 WHERE k BETWEEN 5161360 AND 5161460
	Index Only Scan using k_5 on sbtest5  (cost=0.43..6.43 rows=100 width=4)
	  Index Cond: ((k >= 5161360) AND (k <= 5161460))

table 6 : explain SELECT k FROM sbtest6 WHERE k BETWEEN 5161360 AND 5161460
	Index Only Scan using k_6 on sbtest6  (cost=0.43..6.63 rows=110 width=4)
	  Index Cond: ((k >= 5161360) AND (k <= 5161460))

table 7 : explain SELECT k FROM sbtest7 WHERE k BETWEEN 5161360 AND 5161460
	Index Only Scan using k_7 on sbtest7  (cost=0.43..6.58 rows=107 width=4)
	  Index Cond: ((k >= 5161360) AND (k <= 5161460))

table 8 : explain SELECT k FROM sbtest8 WHERE k BETWEEN 5161360 AND 5161460
	Index Only Scan using k_8 on sbtest8  (cost=0.43..10.36 rows=96 width=4)
	  Index Cond: ((k >= 5161360) AND (k <= 5161460))

explain: for range-covered :: explain SELECT k FROM sbtest%d WHERE k BETWEEN 5447969 AND 5448069
for range-covered
table 1 : explain SELECT k FROM sbtest1 WHERE k BETWEEN 6832684 AND 6832784
	Index Only Scan using k_1 on sbtest1  (cost=0.43..6.53 rows=105 width=4)
	  Index Cond: ((k >= 6832684) AND (k <= 6832784))

table 2 : explain SELECT k FROM sbtest2 WHERE k BETWEEN 6832684 AND 6832784
	Index Only Scan using k_2 on sbtest2  (cost=0.43..10.58 rows=107 width=4)
	  Index Cond: ((k >= 6832684) AND (k <= 6832784))

table 3 : explain SELECT k FROM sbtest3 WHERE k BETWEEN 6832684 AND 6832784
	Index Only Scan using k_3 on sbtest3  (cost=0.43..6.11 rows=84 width=4)
	  Index Cond: ((k >= 6832684) AND (k <= 6832784))

table 4 : explain SELECT k FROM sbtest4 WHERE k BETWEEN 6832684 AND 6832784
	Index Only Scan using k_4 on sbtest4  (cost=0.43..6.61 rows=109 width=4)
	  Index Cond: ((k >= 6832684) AND (k <= 6832784))

table 5 : explain SELECT k FROM sbtest5 WHERE k BETWEEN 6832684 AND 6832784
	Index Only Scan using k_5 on sbtest5  (cost=0.43..6.51 rows=104 width=4)
	  Index Cond: ((k >= 6832684) AND (k <= 6832784))

table 6 : explain SELECT k FROM sbtest6 WHERE k BETWEEN 6832684 AND 6832784
	Index Only Scan using k_6 on sbtest6  (cost=0.43..6.40 rows=98 width=4)
	  Index Cond: ((k >= 6832684) AND (k <= 6832784))

table 7 : explain SELECT k FROM sbtest7 WHERE k BETWEEN 6832684 AND 6832784
	Index Only Scan using k_7 on sbtest7  (cost=0.43..6.53 rows=105 width=4)
	  Index Cond: ((k >= 6832684) AND (k <= 6832784))

table 8 : explain SELECT k FROM sbtest8 WHERE k BETWEEN 6832684 AND 6832784
	Index Only Scan using k_8 on sbtest8  (cost=0.43..10.70 rows=113 width=4)
	  Index Cond: ((k >= 6832684) AND (k <= 6832784))

explain: for range-covered :: explain SELECT k FROM sbtest%d WHERE k BETWEEN 5161360 AND 5161460
explain: for range-covered :: explain SELECT k FROM sbtest%d WHERE k BETWEEN 2630482 AND 2630582
explain: for range-covered :: explain SELECT k FROM sbtest%d WHERE k BETWEEN 6832684 AND 6832784
for range-covered
table 1 : explain SELECT k FROM sbtest1 WHERE k BETWEEN 4606982 AND 4607082
	Index Only Scan using k_1 on sbtest1  (cost=0.43..6.45 rows=101 width=4)
	  Index Cond: ((k >= 4606982) AND (k <= 4607082))

table 2 : explain SELECT k FROM sbtest2 WHERE k BETWEEN 4606982 AND 4607082
	Index Only Scan using k_2 on sbtest2  (cost=0.43..10.60 rows=108 width=4)
	  Index Cond: ((k >= 4606982) AND (k <= 4607082))

table 3 : explain SELECT k FROM sbtest3 WHERE k BETWEEN 4606982 AND 4607082
	Index Only Scan using k_3 on sbtest3  (cost=0.43..6.51 rows=104 width=4)
	  Index Cond: ((k >= 4606982) AND (k <= 4607082))

table 4 : explain SELECT k FROM sbtest4 WHERE k BETWEEN 4606982 AND 4607082
	Index Only Scan using k_4 on sbtest4  (cost=0.43..6.58 rows=107 width=4)
	  Index Cond: ((k >= 4606982) AND (k <= 4607082))

table 5 : explain SELECT k FROM sbtest5 WHERE k BETWEEN 4606982 AND 4607082
	Index Only Scan using k_5 on sbtest5  (cost=0.43..6.47 rows=102 width=4)
	  Index Cond: ((k >= 4606982) AND (k <= 4607082))

table 6 : explain SELECT k FROM sbtest6 WHERE k BETWEEN 4606982 AND 4607082
	Index Only Scan using k_6 on sbtest6  (cost=0.43..6.51 rows=104 width=4)
	  Index Cond: ((k >= 4606982) AND (k <= 4607082))

table 7 : explain SELECT k FROM sbtest7 WHERE k BETWEEN 4606982 AND 4607082
	Index Only Scan using k_7 on sbtest7  (cost=0.43..6.47 rows=102 width=4)
	  Index Cond: ((k >= 4606982) AND (k <= 4607082))

table 8 : explain SELECT k FROM sbtest8 WHERE k BETWEEN 4606982 AND 4607082
	Index Only Scan using k_8 on sbtest8  (cost=0.43..10.76 rows=116 width=4)
	  Index Cond: ((k >= 4606982) AND (k <= 4607082))

explain: for range-covered :: explain SELECT k FROM sbtest%d WHERE k BETWEEN 4606982 AND 4607082
for range-covered
table 1 : explain SELECT k FROM sbtest1 WHERE k BETWEEN 842871 AND 842971
	Index Only Scan using k_1 on sbtest1  (cost=0.43..6.42 rows=99 width=4)
	  Index Cond: ((k >= 842871) AND (k <= 842971))

table 2 : explain SELECT k FROM sbtest2 WHERE k BETWEEN 842871 AND 842971
	Index Only Scan using k_2 on sbtest2  (cost=0.43..10.70 rows=113 width=4)
	  Index Cond: ((k >= 842871) AND (k <= 842971))

table 3 : explain SELECT k FROM sbtest3 WHERE k BETWEEN 842871 AND 842971
	Index Only Scan using k_3 on sbtest3  (cost=0.43..6.33 rows=95 width=4)
	  Index Cond: ((k >= 842871) AND (k <= 842971))

table 4 : explain SELECT k FROM sbtest4 WHERE k BETWEEN 842871 AND 842971
	Index Only Scan using k_4 on sbtest4  (cost=0.43..6.40 rows=98 width=4)
	  Index Cond: ((k >= 842871) AND (k <= 842971))

table 5 : explain SELECT k FROM sbtest5 WHERE k BETWEEN 842871 AND 842971
	Index Only Scan using k_5 on sbtest5  (cost=0.43..6.58 rows=107 width=4)
	  Index Cond: ((k >= 842871) AND (k <= 842971))

table 6 : explain SELECT k FROM sbtest6 WHERE k BETWEEN 842871 AND 842971
	Index Only Scan using k_6 on sbtest6  (cost=0.43..6.43 rows=100 width=4)
	  Index Cond: ((k >= 842871) AND (k <= 842971))

table 7 : explain SELECT k FROM sbtest7 WHERE k BETWEEN 842871 AND 842971
	Index Only Scan using k_7 on sbtest7  (cost=0.43..6.56 rows=106 width=4)
	  Index Cond: ((k >= 842871) AND (k <= 842971))

table 8 : explain SELECT k FROM sbtest8 WHERE k BETWEEN 842871 AND 842971
	Index Only Scan using k_8 on sbtest8  (cost=0.43..10.60 rows=108 width=4)
	  Index Cond: ((k >= 842871) AND (k <= 842971))

for range-covered
table 1 : explain SELECT k FROM sbtest1 WHERE k BETWEEN 5659219 AND 5659319
	Index Only Scan using k_1 on sbtest1  (cost=0.43..6.42 rows=99 width=4)
	  Index Cond: ((k >= 5659219) AND (k <= 5659319))

table 2 : explain SELECT k FROM sbtest2 WHERE k BETWEEN 5659219 AND 5659319
	Index Only Scan using k_2 on sbtest2  (cost=0.43..10.46 rows=101 width=4)
	  Index Cond: ((k >= 5659219) AND (k <= 5659319))

table 3 : explain SELECT k FROM sbtest3 WHERE k BETWEEN 5659219 AND 5659319
	Index Only Scan using k_3 on sbtest3  (cost=0.43..6.45 rows=101 width=4)
	  Index Cond: ((k >= 5659219) AND (k <= 5659319))

table 4 : explain SELECT k FROM sbtest4 WHERE k BETWEEN 5659219 AND 5659319
	Index Only Scan using k_4 on sbtest4  (cost=0.43..6.37 rows=97 width=4)
	  Index Cond: ((k >= 5659219) AND (k <= 5659319))

table 5 : explain SELECT k FROM sbtest5 WHERE k BETWEEN 5659219 AND 5659319
	Index Only Scan using k_5 on sbtest5  (cost=0.43..6.63 rows=110 width=4)
	  Index Cond: ((k >= 5659219) AND (k <= 5659319))

table 6 : explain SELECT k FROM sbtest6 WHERE k BETWEEN 5659219 AND 5659319
	Index Only Scan using k_6 on sbtest6  (cost=0.43..6.47 rows=102 width=4)
	  Index Cond: ((k >= 5659219) AND (k <= 5659319))

table 7 : explain SELECT k FROM sbtest7 WHERE k BETWEEN 5659219 AND 5659319
	Index Only Scan using k_7 on sbtest7  (cost=0.43..6.32 rows=94 width=4)
	  Index Cond: ((k >= 5659219) AND (k <= 5659319))

table 8 : explain SELECT k FROM sbtest8 WHERE k BETWEEN 5659219 AND 5659319
	Index Only Scan using k_8 on sbtest8  (cost=0.43..10.44 rows=100 width=4)
	  Index Cond: ((k >= 5659219) AND (k <= 5659319))

for range-covered
table 1 : explain SELECT k FROM sbtest1 WHERE k BETWEEN 2961897 AND 2961997
	Index Only Scan using k_1 on sbtest1  (cost=0.43..6.40 rows=98 width=4)
	  Index Cond: ((k >= 2961897) AND (k <= 2961997))

table 2 : explain SELECT k FROM sbtest2 WHERE k BETWEEN 2961897 AND 2961997
	Index Only Scan using k_2 on sbtest2  (cost=0.43..10.63 rows=110 width=4)
	  Index Cond: ((k >= 2961897) AND (k <= 2961997))

table 3 : explain SELECT k FROM sbtest3 WHERE k BETWEEN 2961897 AND 2961997
	Index Only Scan using k_3 on sbtest3  (cost=0.43..6.37 rows=97 width=4)
	  Index Cond: ((k >= 2961897) AND (k <= 2961997))

table 4 : explain SELECT k FROM sbtest4 WHERE k BETWEEN 2961897 AND 2961997
	Index Only Scan using k_4 on sbtest4  (cost=0.43..6.33 rows=95 width=4)
	  Index Cond: ((k >= 2961897) AND (k <= 2961997))

table 5 : explain SELECT k FROM sbtest5 WHERE k BETWEEN 2961897 AND 2961997
	Index Only Scan using k_5 on sbtest5  (cost=0.43..6.81 rows=119 width=4)
	  Index Cond: ((k >= 2961897) AND (k <= 2961997))

table 6 : explain SELECT k FROM sbtest6 WHERE k BETWEEN 2961897 AND 2961997
	Index Only Scan using k_6 on sbtest6  (cost=0.43..6.43 rows=100 width=4)
	  Index Cond: ((k >= 2961897) AND (k <= 2961997))

table 7 : explain SELECT k FROM sbtest7 WHERE k BETWEEN 2961897 AND 2961997
	Index Only Scan using k_7 on sbtest7  (cost=0.43..6.45 rows=101 width=4)
	  Index Cond: ((k >= 2961897) AND (k <= 2961997))

table 8 : explain SELECT k FROM sbtest8 WHERE k BETWEEN 2961897 AND 2961997
	Index Only Scan using k_8 on sbtest8  (cost=0.43..10.46 rows=101 width=4)
	  Index Cond: ((k >= 2961897) AND (k <= 2961997))

explain: for range-covered :: explain SELECT k FROM sbtest%d WHERE k BETWEEN 842871 AND 842971
explain: for range-covered :: explain SELECT k FROM sbtest%d WHERE k BETWEEN 5659219 AND 5659319
explain: for range-covered :: explain SELECT k FROM sbtest%d WHERE k BETWEEN 2961897 AND 2961997
for range-covered
table 1 : explain SELECT k FROM sbtest1 WHERE k BETWEEN 3794939 AND 3795039
	Index Only Scan using k_1 on sbtest1  (cost=0.43..6.50 rows=103 width=4)
	  Index Cond: ((k >= 3794939) AND (k <= 3795039))

table 2 : explain SELECT k FROM sbtest2 WHERE k BETWEEN 3794939 AND 3795039
	Index Only Scan using k_2 on sbtest2  (cost=0.43..10.38 rows=97 width=4)
	  Index Cond: ((k >= 3794939) AND (k <= 3795039))

table 3 : explain SELECT k FROM sbtest3 WHERE k BETWEEN 3794939 AND 3795039
	Index Only Scan using k_3 on sbtest3  (cost=0.43..6.51 rows=104 width=4)
	  Index Cond: ((k >= 3794939) AND (k <= 3795039))

table 4 : explain SELECT k FROM sbtest4 WHERE k BETWEEN 3794939 AND 3795039
	Index Only Scan using k_4 on sbtest4  (cost=0.43..6.35 rows=96 width=4)
	  Index Cond: ((k >= 3794939) AND (k <= 3795039))

table 5 : explain SELECT k FROM sbtest5 WHERE k BETWEEN 3794939 AND 3795039
	Index Only Scan using k_5 on sbtest5  (cost=0.43..6.51 rows=104 width=4)
	  Index Cond: ((k >= 3794939) AND (k <= 3795039))

table 6 : explain SELECT k FROM sbtest6 WHERE k BETWEEN 3794939 AND 3795039
	Index Only Scan using k_6 on sbtest6  (cost=0.43..6.45 rows=101 width=4)
	  Index Cond: ((k >= 3794939) AND (k <= 3795039))

table 7 : explain SELECT k FROM sbtest7 WHERE k BETWEEN 3794939 AND 3795039
	Index Only Scan using k_7 on sbtest7  (cost=0.43..6.50 rows=103 width=4)
	  Index Cond: ((k >= 3794939) AND (k <= 3795039))

table 8 : explain SELECT k FROM sbtest8 WHERE k BETWEEN 3794939 AND 3795039
	Index Only Scan using k_8 on sbtest8  (cost=0.43..10.40 rows=98 width=4)
	  Index Cond: ((k >= 3794939) AND (k <= 3795039))

explain: for range-covered :: explain SELECT k FROM sbtest%d WHERE k BETWEEN 3794939 AND 3795039
for range-covered
table 1 : explain SELECT k FROM sbtest1 WHERE k BETWEEN 1650850 AND 1650950
	Index Only Scan using k_1 on sbtest1  (cost=0.43..6.32 rows=94 width=4)
	  Index Cond: ((k >= 1650850) AND (k <= 1650950))

table 2 : explain SELECT k FROM sbtest2 WHERE k BETWEEN 1650850 AND 1650950
	Index Only Scan using k_2 on sbtest2  (cost=0.43..10.44 rows=100 width=4)
	  Index Cond: ((k >= 1650850) AND (k <= 1650950))

table 3 : explain SELECT k FROM sbtest3 WHERE k BETWEEN 1650850 AND 1650950
	Index Only Scan using k_3 on sbtest3  (cost=0.43..6.33 rows=95 width=4)
	  Index Cond: ((k >= 1650850) AND (k <= 1650950))

table 4 : explain SELECT k FROM sbtest4 WHERE k BETWEEN 1650850 AND 1650950
	Index Only Scan using k_4 on sbtest4  (cost=0.43..6.56 rows=106 width=4)
	  Index Cond: ((k >= 1650850) AND (k <= 1650950))

table 5 : explain SELECT k FROM sbtest5 WHERE k BETWEEN 1650850 AND 1650950
	Index Only Scan using k_5 on sbtest5  (cost=0.43..6.58 rows=107 width=4)
	  Index Cond: ((k >= 1650850) AND (k <= 1650950))

table 6 : explain SELECT k FROM sbtest6 WHERE k BETWEEN 1650850 AND 1650950
	Index Only Scan using k_6 on sbtest6  (cost=0.43..6.58 rows=107 width=4)
	  Index Cond: ((k >= 1650850) AND (k <= 1650950))

table 7 : explain SELECT k FROM sbtest7 WHERE k BETWEEN 1650850 AND 1650950
	Index Only Scan using k_7 on sbtest7  (cost=0.43..6.21 rows=89 width=4)
	  Index Cond: ((k >= 1650850) AND (k <= 1650950))

table 8 : explain SELECT k FROM sbtest8 WHERE k BETWEEN 1650850 AND 1650950
	Index Only Scan using k_8 on sbtest8  (cost=0.43..10.36 rows=96 width=4)
	  Index Cond: ((k >= 1650850) AND (k <= 1650950))

for range-covered
table 1 : explain SELECT k FROM sbtest1 WHERE k BETWEEN 5447969 AND 5448069
	Index Only Scan using k_1 on sbtest1  (cost=0.43..6.79 rows=118 width=4)
	  Index Cond: ((k >= 5447969) AND (k <= 5448069))

table 2 : explain SELECT k FROM sbtest2 WHERE k BETWEEN 5447969 AND 5448069
	Index Only Scan using k_2 on sbtest2  (cost=0.43..10.62 rows=109 width=4)
	  Index Cond: ((k >= 5447969) AND (k <= 5448069))

table 3 : explain SELECT k FROM sbtest3 WHERE k BETWEEN 5447969 AND 5448069
	Index Only Scan using k_3 on sbtest3  (cost=0.43..6.37 rows=97 width=4)
	  Index Cond: ((k >= 5447969) AND (k <= 5448069))

table 4 : explain SELECT k FROM sbtest4 WHERE k BETWEEN 5447969 AND 5448069
	Index Only Scan using k_4 on sbtest4  (cost=0.43..6.63 rows=110 width=4)
	  Index Cond: ((k >= 5447969) AND (k <= 5448069))

table 5 : explain SELECT k FROM sbtest5 WHERE k BETWEEN 5447969 AND 5448069
	Index Only Scan using k_5 on sbtest5  (cost=0.43..6.37 rows=97 width=4)
	  Index Cond: ((k >= 5447969) AND (k <= 5448069))

table 6 : explain SELECT k FROM sbtest6 WHERE k BETWEEN 5447969 AND 5448069
	Index Only Scan using k_6 on sbtest6  (cost=0.43..6.53 rows=105 width=4)
	  Index Cond: ((k >= 5447969) AND (k <= 5448069))

table 7 : explain SELECT k FROM sbtest7 WHERE k BETWEEN 5447969 AND 5448069
	Index Only Scan using k_7 on sbtest7  (cost=0.43..6.47 rows=102 width=4)
	  Index Cond: ((k >= 5447969) AND (k <= 5448069))

table 8 : explain SELECT k FROM sbtest8 WHERE k BETWEEN 5447969 AND 5448069
	Index Only Scan using k_8 on sbtest8  (cost=0.43..10.33 rows=95 width=4)
	  Index Cond: ((k >= 5447969) AND (k <= 5448069))

explain: for range-covered :: explain SELECT k FROM sbtest%d WHERE k BETWEEN 1650850 AND 1650950
for range-covered
table 1 : explain SELECT k FROM sbtest1 WHERE k BETWEEN 5161360 AND 5161460
	Index Only Scan using k_1 on sbtest1  (cost=0.43..6.58 rows=107 width=4)
	  Index Cond: ((k >= 5161360) AND (k <= 5161460))

table 2 : explain SELECT k FROM sbtest2 WHERE k BETWEEN 5161360 AND 5161460
	Index Only Scan using k_2 on sbtest2  (cost=0.43..10.54 rows=105 width=4)
	  Index Cond: ((k >= 5161360) AND (k <= 5161460))

table 3 : explain SELECT k FROM sbtest3 WHERE k BETWEEN 5161360 AND 5161460
	Index Only Scan using k_3 on sbtest3  (cost=0.43..6.45 rows=101 width=4)
	  Index Cond: ((k >= 5161360) AND (k <= 5161460))

table 4 : explain SELECT k FROM sbtest4 WHERE k BETWEEN 5161360 AND 5161460
	Index Only Scan using k_4 on sbtest4  (cost=0.43..6.42 rows=99 width=4)
	  Index Cond: ((k >= 5161360) AND (k <= 5161460))

table 5 : explain SELECT k FROM sbtest5 WHERE k BETWEEN 5161360 AND 5161460
	Index Only Scan using k_5 on sbtest5  (cost=0.43..6.43 rows=100 width=4)
	  Index Cond: ((k >= 5161360) AND (k <= 5161460))

table 6 : explain SELECT k FROM sbtest6 WHERE k BETWEEN 5161360 AND 5161460
	Index Only Scan using k_6 on sbtest6  (cost=0.43..6.63 rows=110 width=4)
	  Index Cond: ((k >= 5161360) AND (k <= 5161460))

table 7 : explain SELECT k FROM sbtest7 WHERE k BETWEEN 5161360 AND 5161460
	Index Only Scan using k_7 on sbtest7  (cost=0.43..6.58 rows=107 width=4)
	  Index Cond: ((k >= 5161360) AND (k <= 5161460))

table 8 : explain SELECT k FROM sbtest8 WHERE k BETWEEN 5161360 AND 5161460
	Index Only Scan using k_8 on sbtest8  (cost=0.43..10.36 rows=96 width=4)
	  Index Cond: ((k >= 5161360) AND (k <= 5161460))

for range-covered
table 1 : explain SELECT k FROM sbtest1 WHERE k BETWEEN 6832684 AND 6832784
	Index Only Scan using k_1 on sbtest1  (cost=0.43..6.53 rows=105 width=4)
	  Index Cond: ((k >= 6832684) AND (k <= 6832784))

table 2 : explain SELECT k FROM sbtest2 WHERE k BETWEEN 6832684 AND 6832784
	Index Only Scan using k_2 on sbtest2  (cost=0.43..10.58 rows=107 width=4)
	  Index Cond: ((k >= 6832684) AND (k <= 6832784))

table 3 : explain SELECT k FROM sbtest3 WHERE k BETWEEN 6832684 AND 6832784
	Index Only Scan using k_3 on sbtest3  (cost=0.43..6.11 rows=84 width=4)
	  Index Cond: ((k >= 6832684) AND (k <= 6832784))

table 4 : explain SELECT k FROM sbtest4 WHERE k BETWEEN 6832684 AND 6832784
	Index Only Scan using k_4 on sbtest4  (cost=0.43..6.61 rows=109 width=4)
	  Index Cond: ((k >= 6832684) AND (k <= 6832784))

table 5 : explain SELECT k FROM sbtest5 WHERE k BETWEEN 6832684 AND 6832784
	Index Only Scan using k_5 on sbtest5  (cost=0.43..6.51 rows=104 width=4)
	  Index Cond: ((k >= 6832684) AND (k <= 6832784))

table 6 : explain SELECT k FROM sbtest6 WHERE k BETWEEN 6832684 AND 6832784
	Index Only Scan using k_6 on sbtest6  (cost=0.43..6.40 rows=98 width=4)
	  Index Cond: ((k >= 6832684) AND (k <= 6832784))

table 7 : explain SELECT k FROM sbtest7 WHERE k BETWEEN 6832684 AND 6832784
	Index Only Scan using k_7 on sbtest7  (cost=0.43..6.53 rows=105 width=4)
	  Index Cond: ((k >= 6832684) AND (k <= 6832784))

table 8 : explain SELECT k FROM sbtest8 WHERE k BETWEEN 6832684 AND 6832784
	Index Only Scan using k_8 on sbtest8  (cost=0.43..10.70 rows=113 width=4)
	  Index Cond: ((k >= 6832684) AND (k <= 6832784))

explain: for range-covered :: explain SELECT k FROM sbtest%d WHERE k BETWEEN 5161360 AND 5161460
explain: for range-covered :: explain SELECT k FROM sbtest%d WHERE k BETWEEN 6832684 AND 6832784
for range-covered
table 1 : explain SELECT k FROM sbtest1 WHERE k BETWEEN 4606982 AND 4607082
	Index Only Scan using k_1 on sbtest1  (cost=0.43..6.45 rows=101 width=4)
	  Index Cond: ((k >= 4606982) AND (k <= 4607082))

table 2 : explain SELECT k FROM sbtest2 WHERE k BETWEEN 4606982 AND 4607082
	Index Only Scan using k_2 on sbtest2  (cost=0.43..10.60 rows=108 width=4)
	  Index Cond: ((k >= 4606982) AND (k <= 4607082))

table 3 : explain SELECT k FROM sbtest3 WHERE k BETWEEN 4606982 AND 4607082
	Index Only Scan using k_3 on sbtest3  (cost=0.43..6.51 rows=104 width=4)
	  Index Cond: ((k >= 4606982) AND (k <= 4607082))

table 4 : explain SELECT k FROM sbtest4 WHERE k BETWEEN 4606982 AND 4607082
	Index Only Scan using k_4 on sbtest4  (cost=0.43..6.58 rows=107 width=4)
	  Index Cond: ((k >= 4606982) AND (k <= 4607082))

table 5 : explain SELECT k FROM sbtest5 WHERE k BETWEEN 4606982 AND 4607082
	Index Only Scan using k_5 on sbtest5  (cost=0.43..6.47 rows=102 width=4)
	  Index Cond: ((k >= 4606982) AND (k <= 4607082))

table 6 : explain SELECT k FROM sbtest6 WHERE k BETWEEN 4606982 AND 4607082
	Index Only Scan using k_6 on sbtest6  (cost=0.43..6.51 rows=104 width=4)
	  Index Cond: ((k >= 4606982) AND (k <= 4607082))

table 7 : explain SELECT k FROM sbtest7 WHERE k BETWEEN 4606982 AND 4607082
	Index Only Scan using k_7 on sbtest7  (cost=0.43..6.47 rows=102 width=4)
	  Index Cond: ((k >= 4606982) AND (k <= 4607082))

table 8 : explain SELECT k FROM sbtest8 WHERE k BETWEEN 4606982 AND 4607082
	Index Only Scan using k_8 on sbtest8  (cost=0.43..10.76 rows=116 width=4)
	  Index Cond: ((k >= 4606982) AND (k <= 4607082))

explain: for range-covered :: explain SELECT k FROM sbtest%d WHERE k BETWEEN 4606982 AND 4607082
for range-covered
table 1 : explain SELECT k FROM sbtest1 WHERE k BETWEEN 2961897 AND 2961997
	Index Only Scan using k_1 on sbtest1  (cost=0.43..6.40 rows=98 width=4)
	  Index Cond: ((k >= 2961897) AND (k <= 2961997))

table 2 : explain SELECT k FROM sbtest2 WHERE k BETWEEN 2961897 AND 2961997
	Index Only Scan using k_2 on sbtest2  (cost=0.43..10.63 rows=110 width=4)
	  Index Cond: ((k >= 2961897) AND (k <= 2961997))

table 3 : explain SELECT k FROM sbtest3 WHERE k BETWEEN 2961897 AND 2961997
	Index Only Scan using k_3 on sbtest3  (cost=0.43..6.37 rows=97 width=4)
	  Index Cond: ((k >= 2961897) AND (k <= 2961997))

table 4 : explain SELECT k FROM sbtest4 WHERE k BETWEEN 2961897 AND 2961997
	Index Only Scan using k_4 on sbtest4  (cost=0.43..6.33 rows=95 width=4)
	  Index Cond: ((k >= 2961897) AND (k <= 2961997))

table 5 : explain SELECT k FROM sbtest5 WHERE k BETWEEN 2961897 AND 2961997
	Index Only Scan using k_5 on sbtest5  (cost=0.43..6.81 rows=119 width=4)
	  Index Cond: ((k >= 2961897) AND (k <= 2961997))

table 6 : explain SELECT k FROM sbtest6 WHERE k BETWEEN 2961897 AND 2961997
	Index Only Scan using k_6 on sbtest6  (cost=0.43..6.43 rows=100 width=4)
	  Index Cond: ((k >= 2961897) AND (k <= 2961997))

table 7 : explain SELECT k FROM sbtest7 WHERE k BETWEEN 2961897 AND 2961997
	Index Only Scan using k_7 on sbtest7  (cost=0.43..6.45 rows=101 width=4)
	  Index Cond: ((k >= 2961897) AND (k <= 2961997))

table 8 : explain SELECT k FROM sbtest8 WHERE k BETWEEN 2961897 AND 2961997
	Index Only Scan using k_8 on sbtest8  (cost=0.43..10.46 rows=101 width=4)
	  Index Cond: ((k >= 2961897) AND (k <= 2961997))

for range-covered
table 1 : explain SELECT k FROM sbtest1 WHERE k BETWEEN 5659219 AND 5659319
	Index Only Scan using k_1 on sbtest1  (cost=0.43..6.42 rows=99 width=4)
	  Index Cond: ((k >= 5659219) AND (k <= 5659319))

table 2 : explain SELECT k FROM sbtest2 WHERE k BETWEEN 5659219 AND 5659319
	Index Only Scan using k_2 on sbtest2  (cost=0.43..10.46 rows=101 width=4)
	  Index Cond: ((k >= 5659219) AND (k <= 5659319))

table 3 : explain SELECT k FROM sbtest3 WHERE k BETWEEN 5659219 AND 5659319
	Index Only Scan using k_3 on sbtest3  (cost=0.43..6.45 rows=101 width=4)
	  Index Cond: ((k >= 5659219) AND (k <= 5659319))

table 4 : explain SELECT k FROM sbtest4 WHERE k BETWEEN 5659219 AND 5659319
	Index Only Scan using k_4 on sbtest4  (cost=0.43..6.37 rows=97 width=4)
	  Index Cond: ((k >= 5659219) AND (k <= 5659319))

table 5 : explain SELECT k FROM sbtest5 WHERE k BETWEEN 5659219 AND 5659319
	Index Only Scan using k_5 on sbtest5  (cost=0.43..6.63 rows=110 width=4)
	  Index Cond: ((k >= 5659219) AND (k <= 5659319))

table 6 : explain SELECT k FROM sbtest6 WHERE k BETWEEN 5659219 AND 5659319
	Index Only Scan using k_6 on sbtest6  (cost=0.43..6.47 rows=102 width=4)
	  Index Cond: ((k >= 5659219) AND (k <= 5659319))

table 7 : explain SELECT k FROM sbtest7 WHERE k BETWEEN 5659219 AND 5659319
	Index Only Scan using k_7 on sbtest7  (cost=0.43..6.32 rows=94 width=4)
	  Index Cond: ((k >= 5659219) AND (k <= 5659319))

table 8 : explain SELECT k FROM sbtest8 WHERE k BETWEEN 5659219 AND 5659319
	Index Only Scan using k_8 on sbtest8  (cost=0.43..10.44 rows=100 width=4)
	  Index Cond: ((k >= 5659219) AND (k <= 5659319))

for range-covered
table 1 : explain SELECT k FROM sbtest1 WHERE k BETWEEN 842871 AND 842971
	Index Only Scan using k_1 on sbtest1  (cost=0.43..6.42 rows=99 width=4)
	  Index Cond: ((k >= 842871) AND (k <= 842971))

table 2 : explain SELECT k FROM sbtest2 WHERE k BETWEEN 842871 AND 842971
	Index Only Scan using k_2 on sbtest2  (cost=0.43..10.70 rows=113 width=4)
	  Index Cond: ((k >= 842871) AND (k <= 842971))

table 3 : explain SELECT k FROM sbtest3 WHERE k BETWEEN 842871 AND 842971
	Index Only Scan using k_3 on sbtest3  (cost=0.43..6.33 rows=95 width=4)
	  Index Cond: ((k >= 842871) AND (k <= 842971))

table 4 : explain SELECT k FROM sbtest4 WHERE k BETWEEN 842871 AND 842971
	Index Only Scan using k_4 on sbtest4  (cost=0.43..6.40 rows=98 width=4)
	  Index Cond: ((k >= 842871) AND (k <= 842971))

table 5 : explain SELECT k FROM sbtest5 WHERE k BETWEEN 842871 AND 842971
	Index Only Scan using k_5 on sbtest5  (cost=0.43..6.58 rows=107 width=4)
	  Index Cond: ((k >= 842871) AND (k <= 842971))

table 6 : explain SELECT k FROM sbtest6 WHERE k BETWEEN 842871 AND 842971
	Index Only Scan using k_6 on sbtest6  (cost=0.43..6.43 rows=100 width=4)
	  Index Cond: ((k >= 842871) AND (k <= 842971))

table 7 : explain SELECT k FROM sbtest7 WHERE k BETWEEN 842871 AND 842971
	Index Only Scan using k_7 on sbtest7  (cost=0.43..6.56 rows=106 width=4)
	  Index Cond: ((k >= 842871) AND (k <= 842971))

table 8 : explain SELECT k FROM sbtest8 WHERE k BETWEEN 842871 AND 842971
	Index Only Scan using k_8 on sbtest8  (cost=0.43..10.60 rows=108 width=4)
	  Index Cond: ((k >= 842871) AND (k <= 842971))

explain: for range-covered :: explain SELECT k FROM sbtest%d WHERE k BETWEEN 2961897 AND 2961997
explain: for range-covered :: explain SELECT k FROM sbtest%d WHERE k BETWEEN 842871 AND 842971
for range-covered
table 1 : explain SELECT k FROM sbtest1 WHERE k BETWEEN 3794939 AND 3795039
	Index Only Scan using k_1 on sbtest1  (cost=0.43..6.50 rows=103 width=4)
	  Index Cond: ((k >= 3794939) AND (k <= 3795039))

table 2 : explain SELECT k FROM sbtest2 WHERE k BETWEEN 3794939 AND 3795039
	Index Only Scan using k_2 on sbtest2  (cost=0.43..10.38 rows=97 width=4)
	  Index Cond: ((k >= 3794939) AND (k <= 3795039))

table 3 : explain SELECT k FROM sbtest3 WHERE k BETWEEN 3794939 AND 3795039
	Index Only Scan using k_3 on sbtest3  (cost=0.43..6.51 rows=104 width=4)
	  Index Cond: ((k >= 3794939) AND (k <= 3795039))

table 4 : explain SELECT k FROM sbtest4 WHERE k BETWEEN 3794939 AND 3795039
	Index Only Scan using k_4 on sbtest4  (cost=0.43..6.35 rows=96 width=4)
	  Index Cond: ((k >= 3794939) AND (k <= 3795039))

table 5 : explain SELECT k FROM sbtest5 WHERE k BETWEEN 3794939 AND 3795039
	Index Only Scan using k_5 on sbtest5  (cost=0.43..6.51 rows=104 width=4)
	  Index Cond: ((k >= 3794939) AND (k <= 3795039))

table 6 : explain SELECT k FROM sbtest6 WHERE k BETWEEN 3794939 AND 3795039
	Index Only Scan using k_6 on sbtest6  (cost=0.43..6.45 rows=101 width=4)
	  Index Cond: ((k >= 3794939) AND (k <= 3795039))

table 7 : explain SELECT k FROM sbtest7 WHERE k BETWEEN 3794939 AND 3795039
	Index Only Scan using k_7 on sbtest7  (cost=0.43..6.50 rows=103 width=4)
	  Index Cond: ((k >= 3794939) AND (k <= 3795039))

table 8 : explain SELECT k FROM sbtest8 WHERE k BETWEEN 3794939 AND 3795039
	Index Only Scan using k_8 on sbtest8  (cost=0.43..10.40 rows=98 width=4)
	  Index Cond: ((k >= 3794939) AND (k <= 3795039))

explain: for range-covered :: explain SELECT k FROM sbtest%d WHERE k BETWEEN 3794939 AND 3795039
for range-covered
table 1 : explain SELECT k FROM sbtest1 WHERE k BETWEEN 5161360 AND 5161460
	Index Only Scan using k_1 on sbtest1  (cost=0.43..6.58 rows=107 width=4)
	  Index Cond: ((k >= 5161360) AND (k <= 5161460))

table 2 : explain SELECT k FROM sbtest2 WHERE k BETWEEN 5161360 AND 5161460
	Index Only Scan using k_2 on sbtest2  (cost=0.43..10.54 rows=105 width=4)
	  Index Cond: ((k >= 5161360) AND (k <= 5161460))

table 3 : explain SELECT k FROM sbtest3 WHERE k BETWEEN 5161360 AND 5161460
	Index Only Scan using k_3 on sbtest3  (cost=0.43..6.45 rows=101 width=4)
	  Index Cond: ((k >= 5161360) AND (k <= 5161460))

table 4 : explain SELECT k FROM sbtest4 WHERE k BETWEEN 5161360 AND 5161460
	Index Only Scan using k_4 on sbtest4  (cost=0.43..6.42 rows=99 width=4)
	  Index Cond: ((k >= 5161360) AND (k <= 5161460))

table 5 : explain SELECT k FROM sbtest5 WHERE k BETWEEN 5161360 AND 5161460
	Index Only Scan using k_5 on sbtest5  (cost=0.43..6.43 rows=100 width=4)
	  Index Cond: ((k >= 5161360) AND (k <= 5161460))

table 6 : explain SELECT k FROM sbtest6 WHERE k BETWEEN 5161360 AND 5161460
	Index Only Scan using k_6 on sbtest6  (cost=0.43..6.63 rows=110 width=4)
	  Index Cond: ((k >= 5161360) AND (k <= 5161460))

table 7 : explain SELECT k FROM sbtest7 WHERE k BETWEEN 5161360 AND 5161460
	Index Only Scan using k_7 on sbtest7  (cost=0.43..6.58 rows=107 width=4)
	  Index Cond: ((k >= 5161360) AND (k <= 5161460))

table 8 : explain SELECT k FROM sbtest8 WHERE k BETWEEN 5161360 AND 5161460
	Index Only Scan using k_8 on sbtest8  (cost=0.43..10.36 rows=96 width=4)
	  Index Cond: ((k >= 5161360) AND (k <= 5161460))

for range-covered
table 1 : explain SELECT k FROM sbtest1 WHERE k BETWEEN 6832684 AND 6832784
	Index Only Scan using k_1 on sbtest1  (cost=0.43..6.53 rows=105 width=4)
	  Index Cond: ((k >= 6832684) AND (k <= 6832784))

table 2 : explain SELECT k FROM sbtest2 WHERE k BETWEEN 6832684 AND 6832784
	Index Only Scan using k_2 on sbtest2  (cost=0.43..10.58 rows=107 width=4)
	  Index Cond: ((k >= 6832684) AND (k <= 6832784))

table 3 : explain SELECT k FROM sbtest3 WHERE k BETWEEN 6832684 AND 6832784
	Index Only Scan using k_3 on sbtest3  (cost=0.43..6.11 rows=84 width=4)
	  Index Cond: ((k >= 6832684) AND (k <= 6832784))

table 4 : explain SELECT k FROM sbtest4 WHERE k BETWEEN 6832684 AND 6832784
	Index Only Scan using k_4 on sbtest4  (cost=0.43..6.61 rows=109 width=4)
	  Index Cond: ((k >= 6832684) AND (k <= 6832784))

table 5 : explain SELECT k FROM sbtest5 WHERE k BETWEEN 6832684 AND 6832784
	Index Only Scan using k_5 on sbtest5  (cost=0.43..6.51 rows=104 width=4)
	  Index Cond: ((k >= 6832684) AND (k <= 6832784))

table 6 : explain SELECT k FROM sbtest6 WHERE k BETWEEN 6832684 AND 6832784
	Index Only Scan using k_6 on sbtest6  (cost=0.43..6.40 rows=98 width=4)
	  Index Cond: ((k >= 6832684) AND (k <= 6832784))

table 7 : explain SELECT k FROM sbtest7 WHERE k BETWEEN 6832684 AND 6832784
	Index Only Scan using k_7 on sbtest7  (cost=0.43..6.53 rows=105 width=4)
	  Index Cond: ((k >= 6832684) AND (k <= 6832784))

table 8 : explain SELECT k FROM sbtest8 WHERE k BETWEEN 6832684 AND 6832784
	Index Only Scan using k_8 on sbtest8  (cost=0.43..10.70 rows=113 width=4)
	  Index Cond: ((k >= 6832684) AND (k <= 6832784))

explain: for range-covered :: explain SELECT k FROM sbtest%d WHERE k BETWEEN 5161360 AND 5161460
for range-covered
table 1 : explain SELECT k FROM sbtest1 WHERE k BETWEEN 4606982 AND 4607082
	Index Only Scan using k_1 on sbtest1  (cost=0.43..6.45 rows=101 width=4)
	  Index Cond: ((k >= 4606982) AND (k <= 4607082))

table 2 : explain SELECT k FROM sbtest2 WHERE k BETWEEN 4606982 AND 4607082
	Index Only Scan using k_2 on sbtest2  (cost=0.43..10.60 rows=108 width=4)
	  Index Cond: ((k >= 4606982) AND (k <= 4607082))

table 3 : explain SELECT k FROM sbtest3 WHERE k BETWEEN 4606982 AND 4607082
	Index Only Scan using k_3 on sbtest3  (cost=0.43..6.51 rows=104 width=4)
	  Index Cond: ((k >= 4606982) AND (k <= 4607082))

table 4 : explain SELECT k FROM sbtest4 WHERE k BETWEEN 4606982 AND 4607082
	Index Only Scan using k_4 on sbtest4  (cost=0.43..6.58 rows=107 width=4)
	  Index Cond: ((k >= 4606982) AND (k <= 4607082))

table 5 : explain SELECT k FROM sbtest5 WHERE k BETWEEN 4606982 AND 4607082
	Index Only Scan using k_5 on sbtest5  (cost=0.43..6.47 rows=102 width=4)
	  Index Cond: ((k >= 4606982) AND (k <= 4607082))

table 6 : explain SELECT k FROM sbtest6 WHERE k BETWEEN 4606982 AND 4607082
	Index Only Scan using k_6 on sbtest6  (cost=0.43..6.51 rows=104 width=4)
	  Index Cond: ((k >= 4606982) AND (k <= 4607082))

table 7 : explain SELECT k FROM sbtest7 WHERE k BETWEEN 4606982 AND 4607082
	Index Only Scan using k_7 on sbtest7  (cost=0.43..6.47 rows=102 width=4)
	  Index Cond: ((k >= 4606982) AND (k <= 4607082))

table 8 : explain SELECT k FROM sbtest8 WHERE k BETWEEN 4606982 AND 4607082
	Index Only Scan using k_8 on sbtest8  (cost=0.43..10.76 rows=116 width=4)
	  Index Cond: ((k >= 4606982) AND (k <= 4607082))

explain: for range-covered :: explain SELECT k FROM sbtest%d WHERE k BETWEEN 6832684 AND 6832784
explain: for range-covered :: explain SELECT k FROM sbtest%d WHERE k BETWEEN 6151900 AND 6152000
explain: for range-covered :: explain SELECT k FROM sbtest%d WHERE k BETWEEN 4606982 AND 4607082
for range-covered
table 1 : explain SELECT k FROM sbtest1 WHERE k BETWEEN 2961897 AND 2961997
	Index Only Scan using k_1 on sbtest1  (cost=0.43..6.40 rows=98 width=4)
	  Index Cond: ((k >= 2961897) AND (k <= 2961997))

table 2 : explain SELECT k FROM sbtest2 WHERE k BETWEEN 2961897 AND 2961997
	Index Only Scan using k_2 on sbtest2  (cost=0.43..10.63 rows=110 width=4)
	  Index Cond: ((k >= 2961897) AND (k <= 2961997))

table 3 : explain SELECT k FROM sbtest3 WHERE k BETWEEN 2961897 AND 2961997
	Index Only Scan using k_3 on sbtest3  (cost=0.43..6.37 rows=97 width=4)
	  Index Cond: ((k >= 2961897) AND (k <= 2961997))

table 4 : explain SELECT k FROM sbtest4 WHERE k BETWEEN 2961897 AND 2961997
	Index Only Scan using k_4 on sbtest4  (cost=0.43..6.33 rows=95 width=4)
	  Index Cond: ((k >= 2961897) AND (k <= 2961997))

table 5 : explain SELECT k FROM sbtest5 WHERE k BETWEEN 2961897 AND 2961997
	Index Only Scan using k_5 on sbtest5  (cost=0.43..6.81 rows=119 width=4)
	  Index Cond: ((k >= 2961897) AND (k <= 2961997))

table 6 : explain SELECT k FROM sbtest6 WHERE k BETWEEN 2961897 AND 2961997
	Index Only Scan using k_6 on sbtest6  (cost=0.43..6.43 rows=100 width=4)
	  Index Cond: ((k >= 2961897) AND (k <= 2961997))

table 7 : explain SELECT k FROM sbtest7 WHERE k BETWEEN 2961897 AND 2961997
	Index Only Scan using k_7 on sbtest7  (cost=0.43..6.45 rows=101 width=4)
	  Index Cond: ((k >= 2961897) AND (k <= 2961997))

table 8 : explain SELECT k FROM sbtest8 WHERE k BETWEEN 2961897 AND 2961997
	Index Only Scan using k_8 on sbtest8  (cost=0.43..10.46 rows=101 width=4)
	  Index Cond: ((k >= 2961897) AND (k <= 2961997))

explain: for range-covered :: explain SELECT k FROM sbtest%d WHERE k BETWEEN 2961897 AND 2961997
for range-covered
table 1 : explain SELECT k FROM sbtest1 WHERE k BETWEEN 4054977 AND 4055077
	Index Only Scan using k_1 on sbtest1  (cost=0.43..6.27 rows=92 width=4)
	  Index Cond: ((k >= 4054977) AND (k <= 4055077))

table 2 : explain SELECT k FROM sbtest2 WHERE k BETWEEN 4054977 AND 4055077
	Index Only Scan using k_2 on sbtest2  (cost=0.43..10.32 rows=94 width=4)
	  Index Cond: ((k >= 4054977) AND (k <= 4055077))

table 3 : explain SELECT k FROM sbtest3 WHERE k BETWEEN 4054977 AND 4055077
	Index Only Scan using k_3 on sbtest3  (cost=0.43..6.40 rows=98 width=4)
	  Index Cond: ((k >= 4054977) AND (k <= 4055077))

table 4 : explain SELECT k FROM sbtest4 WHERE k BETWEEN 4054977 AND 4055077
	Index Only Scan using k_4 on sbtest4  (cost=0.43..6.45 rows=101 width=4)
	  Index Cond: ((k >= 4054977) AND (k <= 4055077))

table 5 : explain SELECT k FROM sbtest5 WHERE k BETWEEN 4054977 AND 4055077
	Index Only Scan using k_5 on sbtest5  (cost=0.43..6.53 rows=105 width=4)
	  Index Cond: ((k >= 4054977) AND (k <= 4055077))

table 6 : explain SELECT k FROM sbtest6 WHERE k BETWEEN 4054977 AND 4055077
	Index Only Scan using k_6 on sbtest6  (cost=0.43..6.50 rows=103 width=4)
	  Index Cond: ((k >= 4054977) AND (k <= 4055077))

table 7 : explain SELECT k FROM sbtest7 WHERE k BETWEEN 4054977 AND 4055077
	Index Only Scan using k_7 on sbtest7  (cost=0.43..6.53 rows=105 width=4)
	  Index Cond: ((k >= 4054977) AND (k <= 4055077))

table 8 : explain SELECT k FROM sbtest8 WHERE k BETWEEN 4054977 AND 4055077
	Index Only Scan using k_8 on sbtest8  (cost=0.43..10.47 rows=102 width=4)
	  Index Cond: ((k >= 4054977) AND (k <= 4055077))
for range-covered
table 1 : explain SELECT k FROM sbtest1 WHERE k BETWEEN 842871 AND 842971
	Index Only Scan using k_1 on sbtest1  (cost=0.43..6.42 rows=99 width=4)
	  Index Cond: ((k >= 842871) AND (k <= 842971))

table 2 : explain SELECT k FROM sbtest2 WHERE k BETWEEN 842871 AND 842971
	Index Only Scan using k_2 on sbtest2  (cost=0.43..10.70 rows=113 width=4)
	  Index Cond: ((k >= 842871) AND (k <= 842971))

table 3 : explain SELECT k FROM sbtest3 WHERE k BETWEEN 842871 AND 842971
	Index Only Scan using k_3 on sbtest3  (cost=0.43..6.33 rows=95 width=4)
	  Index Cond: ((k >= 842871) AND (k <= 842971))

table 4 : explain SELECT k FROM sbtest4 WHERE k BETWEEN 842871 AND 842971
	Index Only Scan using k_4 on sbtest4  (cost=0.43..6.40 rows=98 width=4)
	  Index Cond: ((k >= 842871) AND (k <= 842971))

table 5 : explain SELECT k FROM sbtest5 WHERE k BETWEEN 842871 AND 842971
	Index Only Scan using k_5 on sbtest5  (cost=0.43..6.58 rows=107 width=4)
	  Index Cond: ((k >= 842871) AND (k <= 842971))

table 6 : explain SELECT k FROM sbtest6 WHERE k BETWEEN 842871 AND 842971
	Index Only Scan using k_6 on sbtest6  (cost=0.43..6.43 rows=100 width=4)
	  Index Cond: ((k >= 842871) AND (k <= 842971))

table 7 : explain SELECT k FROM sbtest7 WHERE k BETWEEN 842871 AND 842971
	Index Only Scan using k_7 on sbtest7  (cost=0.43..6.56 rows=106 width=4)
	  Index Cond: ((k >= 842871) AND (k <= 842971))

table 8 : explain SELECT k FROM sbtest8 WHERE k BETWEEN 842871 AND 842971
	Index Only Scan using k_8 on sbtest8  (cost=0.43..10.60 rows=108 width=4)
	  Index Cond: ((k >= 842871) AND (k <= 842971))


explain: for range-covered :: explain SELECT k FROM sbtest%d WHERE k BETWEEN 842871 AND 842971
for range-covered
table 1 : explain SELECT k FROM sbtest1 WHERE k BETWEEN 8591417 AND 8591517
	Index Only Scan using k_1 on sbtest1  (cost=0.43..6.61 rows=109 width=4)
	  Index Cond: ((k >= 8591417) AND (k <= 8591517))

table 2 : explain SELECT k FROM sbtest2 WHERE k BETWEEN 8591417 AND 8591517
	Index Only Scan using k_2 on sbtest2  (cost=0.43..10.33 rows=95 width=4)
	  Index Cond: ((k >= 8591417) AND (k <= 8591517))

table 3 : explain SELECT k FROM sbtest3 WHERE k BETWEEN 8591417 AND 8591517
	Index Only Scan using k_3 on sbtest3  (cost=0.43..6.51 rows=104 width=4)
	  Index Cond: ((k >= 8591417) AND (k <= 8591517))

table 4 : explain SELECT k FROM sbtest4 WHERE k BETWEEN 8591417 AND 8591517
	Index Only Scan using k_4 on sbtest4  (cost=0.43..6.51 rows=104 width=4)
	  Index Cond: ((k >= 8591417) AND (k <= 8591517))

table 5 : explain SELECT k FROM sbtest5 WHERE k BETWEEN 8591417 AND 8591517
	Index Only Scan using k_5 on sbtest5  (cost=0.43..6.24 rows=90 width=4)
	  Index Cond: ((k >= 8591417) AND (k <= 8591517))

table 6 : explain SELECT k FROM sbtest6 WHERE k BETWEEN 8591417 AND 8591517
	Index Only Scan using k_6 on sbtest6  (cost=0.43..6.61 rows=109 width=4)
	  Index Cond: ((k >= 8591417) AND (k <= 8591517))

table 7 : explain SELECT k FROM sbtest7 WHERE k BETWEEN 8591417 AND 8591517
	Index Only Scan using k_7 on sbtest7  (cost=0.43..6.27 rows=92 width=4)
	  Index Cond: ((k >= 8591417) AND (k <= 8591517))

table 8 : explain SELECT k FROM sbtest8 WHERE k BETWEEN 8591417 AND 8591517
	Index Only Scan using k_8 on sbtest8  (cost=0.43..10.46 rows=101 width=4)
	  Index Cond: ((k >= 8591417) AND (k <= 8591517))

for range-covered
table 1 : explain SELECT k FROM sbtest1 WHERE k BETWEEN 3794939 AND 3795039
	Index Only Scan using k_1 on sbtest1  (cost=0.43..6.50 rows=103 width=4)
	  Index Cond: ((k >= 3794939) AND (k <= 3795039))

table 2 : explain SELECT k FROM sbtest2 WHERE k BETWEEN 3794939 AND 3795039
	Index Only Scan using k_2 on sbtest2  (cost=0.43..10.38 rows=97 width=4)
	  Index Cond: ((k >= 3794939) AND (k <= 3795039))

table 3 : explain SELECT k FROM sbtest3 WHERE k BETWEEN 3794939 AND 3795039
	Index Only Scan using k_3 on sbtest3  (cost=0.43..6.51 rows=104 width=4)
	  Index Cond: ((k >= 3794939) AND (k <= 3795039))

table 4 : explain SELECT k FROM sbtest4 WHERE k BETWEEN 3794939 AND 3795039
	Index Only Scan using k_4 on sbtest4  (cost=0.43..6.35 rows=96 width=4)
	  Index Cond: ((k >= 3794939) AND (k <= 3795039))

table 5 : explain SELECT k FROM sbtest5 WHERE k BETWEEN 3794939 AND 3795039
	Index Only Scan using k_5 on sbtest5  (cost=0.43..6.51 rows=104 width=4)
	  Index Cond: ((k >= 3794939) AND (k <= 3795039))

table 6 : explain SELECT k FROM sbtest6 WHERE k BETWEEN 3794939 AND 3795039
	Index Only Scan using k_6 on sbtest6  (cost=0.43..6.45 rows=101 width=4)
	  Index Cond: ((k >= 3794939) AND (k <= 3795039))

table 7 : explain SELECT k FROM sbtest7 WHERE k BETWEEN 3794939 AND 3795039
	Index Only Scan using k_7 on sbtest7  (cost=0.43..6.50 rows=103 width=4)
	  Index Cond: ((k >= 3794939) AND (k <= 3795039))

table 8 : explain SELECT k FROM sbtest8 WHERE k BETWEEN 3794939 AND 3795039
	Index Only Scan using k_8 on sbtest8  (cost=0.43..10.40 rows=98 width=4)
	  Index Cond: ((k >= 3794939) AND (k <= 3795039))

explain: for range-covered :: explain SELECT k FROM sbtest%d WHERE k BETWEEN 3794939 AND 3795039
for range-covered
table 1 : explain SELECT k FROM sbtest1 WHERE k BETWEEN 1650850 AND 1650950
	Index Only Scan using k_1 on sbtest1  (cost=0.43..6.32 rows=94 width=4)
	  Index Cond: ((k >= 1650850) AND (k <= 1650950))

table 2 : explain SELECT k FROM sbtest2 WHERE k BETWEEN 1650850 AND 1650950
	Index Only Scan using k_2 on sbtest2  (cost=0.43..10.44 rows=100 width=4)
	  Index Cond: ((k >= 1650850) AND (k <= 1650950))

table 3 : explain SELECT k FROM sbtest3 WHERE k BETWEEN 1650850 AND 1650950
	Index Only Scan using k_3 on sbtest3  (cost=0.43..6.33 rows=95 width=4)
	  Index Cond: ((k >= 1650850) AND (k <= 1650950))

table 4 : explain SELECT k FROM sbtest4 WHERE k BETWEEN 1650850 AND 1650950
	Index Only Scan using k_4 on sbtest4  (cost=0.43..6.56 rows=106 width=4)
	  Index Cond: ((k >= 1650850) AND (k <= 1650950))

table 5 : explain SELECT k FROM sbtest5 WHERE k BETWEEN 1650850 AND 1650950
	Index Only Scan using k_5 on sbtest5  (cost=0.43..6.58 rows=107 width=4)
	  Index Cond: ((k >= 1650850) AND (k <= 1650950))

table 6 : explain SELECT k FROM sbtest6 WHERE k BETWEEN 1650850 AND 1650950
	Index Only Scan using k_6 on sbtest6  (cost=0.43..6.58 rows=107 width=4)
	  Index Cond: ((k >= 1650850) AND (k <= 1650950))

table 7 : explain SELECT k FROM sbtest7 WHERE k BETWEEN 1650850 AND 1650950
	Index Only Scan using k_7 on sbtest7  (cost=0.43..6.21 rows=89 width=4)
	  Index Cond: ((k >= 1650850) AND (k <= 1650950))

table 8 : explain SELECT k FROM sbtest8 WHERE k BETWEEN 1650850 AND 1650950
	Index Only Scan using k_8 on sbtest8  (cost=0.43..10.36 rows=96 width=4)
	  Index Cond: ((k >= 1650850) AND (k <= 1650950))

for range-covered
table 1 : explain SELECT k FROM sbtest1 WHERE k BETWEEN 5161360 AND 5161460
	Index Only Scan using k_1 on sbtest1  (cost=0.43..6.58 rows=107 width=4)
	  Index Cond: ((k >= 5161360) AND (k <= 5161460))

table 2 : explain SELECT k FROM sbtest2 WHERE k BETWEEN 5161360 AND 5161460
	Index Only Scan using k_2 on sbtest2  (cost=0.43..10.54 rows=105 width=4)
	  Index Cond: ((k >= 5161360) AND (k <= 5161460))

table 3 : explain SELECT k FROM sbtest3 WHERE k BETWEEN 5161360 AND 5161460
	Index Only Scan using k_3 on sbtest3  (cost=0.43..6.45 rows=101 width=4)
	  Index Cond: ((k >= 5161360) AND (k <= 5161460))

table 4 : explain SELECT k FROM sbtest4 WHERE k BETWEEN 5161360 AND 5161460
	Index Only Scan using k_4 on sbtest4  (cost=0.43..6.42 rows=99 width=4)
	  Index Cond: ((k >= 5161360) AND (k <= 5161460))

table 5 : explain SELECT k FROM sbtest5 WHERE k BETWEEN 5161360 AND 5161460
	Index Only Scan using k_5 on sbtest5  (cost=0.43..6.43 rows=100 width=4)
	  Index Cond: ((k >= 5161360) AND (k <= 5161460))

table 6 : explain SELECT k FROM sbtest6 WHERE k BETWEEN 5161360 AND 5161460
	Index Only Scan using k_6 on sbtest6  (cost=0.43..6.63 rows=110 width=4)
	  Index Cond: ((k >= 5161360) AND (k <= 5161460))

table 7 : explain SELECT k FROM sbtest7 WHERE k BETWEEN 5161360 AND 5161460
	Index Only Scan using k_7 on sbtest7  (cost=0.43..6.58 rows=107 width=4)
	  Index Cond: ((k >= 5161360) AND (k <= 5161460))

table 8 : explain SELECT k FROM sbtest8 WHERE k BETWEEN 5161360 AND 5161460
	Index Only Scan using k_8 on sbtest8  (cost=0.43..10.36 rows=96 width=4)
	  Index Cond: ((k >= 5161360) AND (k <= 5161460))

explain: for range-covered :: explain SELECT k FROM sbtest%d WHERE k BETWEEN 1650850 AND 1650950
for range-covered
table 1 : explain SELECT k FROM sbtest1 WHERE k BETWEEN 6832684 AND 6832784
	Index Only Scan using k_1 on sbtest1  (cost=0.43..6.53 rows=105 width=4)
	  Index Cond: ((k >= 6832684) AND (k <= 6832784))

table 2 : explain SELECT k FROM sbtest2 WHERE k BETWEEN 6832684 AND 6832784
	Index Only Scan using k_2 on sbtest2  (cost=0.43..10.58 rows=107 width=4)
	  Index Cond: ((k >= 6832684) AND (k <= 6832784))

table 3 : explain SELECT k FROM sbtest3 WHERE k BETWEEN 6832684 AND 6832784
	Index Only Scan using k_3 on sbtest3  (cost=0.43..6.11 rows=84 width=4)
	  Index Cond: ((k >= 6832684) AND (k <= 6832784))

table 4 : explain SELECT k FROM sbtest4 WHERE k BETWEEN 6832684 AND 6832784
	Index Only Scan using k_4 on sbtest4  (cost=0.43..6.61 rows=109 width=4)
	  Index Cond: ((k >= 6832684) AND (k <= 6832784))

table 5 : explain SELECT k FROM sbtest5 WHERE k BETWEEN 6832684 AND 6832784
	Index Only Scan using k_5 on sbtest5  (cost=0.43..6.51 rows=104 width=4)
	  Index Cond: ((k >= 6832684) AND (k <= 6832784))

table 6 : explain SELECT k FROM sbtest6 WHERE k BETWEEN 6832684 AND 6832784
	Index Only Scan using k_6 on sbtest6  (cost=0.43..6.40 rows=98 width=4)
	  Index Cond: ((k >= 6832684) AND (k <= 6832784))

table 7 : explain SELECT k FROM sbtest7 WHERE k BETWEEN 6832684 AND 6832784
	Index Only Scan using k_7 on sbtest7  (cost=0.43..6.53 rows=105 width=4)
	  Index Cond: ((k >= 6832684) AND (k <= 6832784))

table 8 : explain SELECT k FROM sbtest8 WHERE k BETWEEN 6832684 AND 6832784
	Index Only Scan using k_8 on sbtest8  (cost=0.43..10.70 rows=113 width=4)
	  Index Cond: ((k >= 6832684) AND (k <= 6832784))

for range-covered
table 1 : explain SELECT k FROM sbtest1 WHERE k BETWEEN 4606982 AND 4607082
	Index Only Scan using k_1 on sbtest1  (cost=0.43..6.45 rows=101 width=4)
	  Index Cond: ((k >= 4606982) AND (k <= 4607082))

table 2 : explain SELECT k FROM sbtest2 WHERE k BETWEEN 4606982 AND 4607082
	Index Only Scan using k_2 on sbtest2  (cost=0.43..10.60 rows=108 width=4)
	  Index Cond: ((k >= 4606982) AND (k <= 4607082))

table 3 : explain SELECT k FROM sbtest3 WHERE k BETWEEN 4606982 AND 4607082
	Index Only Scan using k_3 on sbtest3  (cost=0.43..6.51 rows=104 width=4)
	  Index Cond: ((k >= 4606982) AND (k <= 4607082))

table 4 : explain SELECT k FROM sbtest4 WHERE k BETWEEN 4606982 AND 4607082
	Index Only Scan using k_4 on sbtest4  (cost=0.43..6.58 rows=107 width=4)
	  Index Cond: ((k >= 4606982) AND (k <= 4607082))

table 5 : explain SELECT k FROM sbtest5 WHERE k BETWEEN 4606982 AND 4607082
	Index Only Scan using k_5 on sbtest5  (cost=0.43..6.47 rows=102 width=4)
	  Index Cond: ((k >= 4606982) AND (k <= 4607082))

table 6 : explain SELECT k FROM sbtest6 WHERE k BETWEEN 4606982 AND 4607082
	Index Only Scan using k_6 on sbtest6  (cost=0.43..6.51 rows=104 width=4)
	  Index Cond: ((k >= 4606982) AND (k <= 4607082))

table 7 : explain SELECT k FROM sbtest7 WHERE k BETWEEN 4606982 AND 4607082
	Index Only Scan using k_7 on sbtest7  (cost=0.43..6.47 rows=102 width=4)
	  Index Cond: ((k >= 4606982) AND (k <= 4607082))

table 8 : explain SELECT k FROM sbtest8 WHERE k BETWEEN 4606982 AND 4607082
	Index Only Scan using k_8 on sbtest8  (cost=0.43..10.76 rows=116 width=4)
	  Index Cond: ((k >= 4606982) AND (k <= 4607082))

for range-covered
table 1 : explain SELECT k FROM sbtest1 WHERE k BETWEEN 2630482 AND 2630582
	Index Only Scan using k_1 on sbtest1  (cost=0.43..6.50 rows=103 width=4)
	  Index Cond: ((k >= 2630482) AND (k <= 2630582))

table 2 : explain SELECT k FROM sbtest2 WHERE k BETWEEN 2630482 AND 2630582
	Index Only Scan using k_2 on sbtest2  (cost=0.43..10.58 rows=107 width=4)
	  Index Cond: ((k >= 2630482) AND (k <= 2630582))

table 3 : explain SELECT k FROM sbtest3 WHERE k BETWEEN 2630482 AND 2630582
	Index Only Scan using k_3 on sbtest3  (cost=0.43..6.40 rows=98 width=4)
	  Index Cond: ((k >= 2630482) AND (k <= 2630582))

table 4 : explain SELECT k FROM sbtest4 WHERE k BETWEEN 2630482 AND 2630582
	Index Only Scan using k_4 on sbtest4  (cost=0.43..6.40 rows=98 width=4)
	  Index Cond: ((k >= 2630482) AND (k <= 2630582))

table 5 : explain SELECT k FROM sbtest5 WHERE k BETWEEN 2630482 AND 2630582
	Index Only Scan using k_5 on sbtest5  (cost=0.43..6.45 rows=101 width=4)
	  Index Cond: ((k >= 2630482) AND (k <= 2630582))

table 6 : explain SELECT k FROM sbtest6 WHERE k BETWEEN 2630482 AND 2630582
	Index Only Scan using k_6 on sbtest6  (cost=0.43..6.45 rows=101 width=4)
	  Index Cond: ((k >= 2630482) AND (k <= 2630582))

table 7 : explain SELECT k FROM sbtest7 WHERE k BETWEEN 2630482 AND 2630582
	Index Only Scan using k_7 on sbtest7  (cost=0.43..6.40 rows=98 width=4)
	  Index Cond: ((k >= 2630482) AND (k <= 2630582))

table 8 : explain SELECT k FROM sbtest8 WHERE k BETWEEN 2630482 AND 2630582
	Index Only Scan using k_8 on sbtest8  (cost=0.43..10.42 rows=99 width=4)
	  Index Cond: ((k >= 2630482) AND (k <= 2630582))

explain: for range-covered :: explain SELECT k FROM sbtest%d WHERE k BETWEEN 2630482 AND 2630582
for range-covered
table 1 : explain SELECT k FROM sbtest1 WHERE k BETWEEN 2961897 AND 2961997
	Index Only Scan using k_1 on sbtest1  (cost=0.43..6.40 rows=98 width=4)
	  Index Cond: ((k >= 2961897) AND (k <= 2961997))

table 2 : explain SELECT k FROM sbtest2 WHERE k BETWEEN 2961897 AND 2961997
	Index Only Scan using k_2 on sbtest2  (cost=0.43..10.63 rows=110 width=4)
	  Index Cond: ((k >= 2961897) AND (k <= 2961997))

table 3 : explain SELECT k FROM sbtest3 WHERE k BETWEEN 2961897 AND 2961997
	Index Only Scan using k_3 on sbtest3  (cost=0.43..6.37 rows=97 width=4)
	  Index Cond: ((k >= 2961897) AND (k <= 2961997))

table 4 : explain SELECT k FROM sbtest4 WHERE k BETWEEN 2961897 AND 2961997
	Index Only Scan using k_4 on sbtest4  (cost=0.43..6.33 rows=95 width=4)
	  Index Cond: ((k >= 2961897) AND (k <= 2961997))

table 5 : explain SELECT k FROM sbtest5 WHERE k BETWEEN 2961897 AND 2961997
	Index Only Scan using k_5 on sbtest5  (cost=0.43..6.81 rows=119 width=4)
	  Index Cond: ((k >= 2961897) AND (k <= 2961997))

table 6 : explain SELECT k FROM sbtest6 WHERE k BETWEEN 2961897 AND 2961997
	Index Only Scan using k_6 on sbtest6  (cost=0.43..6.43 rows=100 width=4)
	  Index Cond: ((k >= 2961897) AND (k <= 2961997))

table 7 : explain SELECT k FROM sbtest7 WHERE k BETWEEN 2961897 AND 2961997
	Index Only Scan using k_7 on sbtest7  (cost=0.43..6.45 rows=101 width=4)
	  Index Cond: ((k >= 2961897) AND (k <= 2961997))

table 8 : explain SELECT k FROM sbtest8 WHERE k BETWEEN 2961897 AND 2961997
	Index Only Scan using k_8 on sbtest8  (cost=0.43..10.46 rows=101 width=4)
	  Index Cond: ((k >= 2961897) AND (k <= 2961997))

explain: for range-covered :: explain SELECT k FROM sbtest%d WHERE k BETWEEN 2961897 AND 2961997
explain: for range-covered :: explain SELECT k FROM sbtest%d WHERE k BETWEEN 8591417 AND 8591517
explain: for range-covered :: explain SELECT k FROM sbtest%d WHERE k BETWEEN 4054977 AND 4055077
for range-covered
table 1 : explain SELECT k FROM sbtest1 WHERE k BETWEEN 842871 AND 842971
	Index Only Scan using k_1 on sbtest1  (cost=0.43..6.42 rows=99 width=4)
	  Index Cond: ((k >= 842871) AND (k <= 842971))

table 2 : explain SELECT k FROM sbtest2 WHERE k BETWEEN 842871 AND 842971
	Index Only Scan using k_2 on sbtest2  (cost=0.43..10.70 rows=113 width=4)
	  Index Cond: ((k >= 842871) AND (k <= 842971))

table 3 : explain SELECT k FROM sbtest3 WHERE k BETWEEN 842871 AND 842971
	Index Only Scan using k_3 on sbtest3  (cost=0.43..6.33 rows=95 width=4)
	  Index Cond: ((k >= 842871) AND (k <= 842971))

table 4 : explain SELECT k FROM sbtest4 WHERE k BETWEEN 842871 AND 842971
	Index Only Scan using k_4 on sbtest4  (cost=0.43..6.40 rows=98 width=4)
	  Index Cond: ((k >= 842871) AND (k <= 842971))

table 5 : explain SELECT k FROM sbtest5 WHERE k BETWEEN 842871 AND 842971
	Index Only Scan using k_5 on sbtest5  (cost=0.43..6.58 rows=107 width=4)
	  Index Cond: ((k >= 842871) AND (k <= 842971))

table 6 : explain SELECT k FROM sbtest6 WHERE k BETWEEN 842871 AND 842971
	Index Only Scan using k_6 on sbtest6  (cost=0.43..6.43 rows=100 width=4)
	  Index Cond: ((k >= 842871) AND (k <= 842971))

table 7 : explain SELECT k FROM sbtest7 WHERE k BETWEEN 842871 AND 842971
	Index Only Scan using k_7 on sbtest7  (cost=0.43..6.56 rows=106 width=4)
	  Index Cond: ((k >= 842871) AND (k <= 842971))

table 8 : explain SELECT k FROM sbtest8 WHERE k BETWEEN 842871 AND 842971
	Index Only Scan using k_8 on sbtest8  (cost=0.43..10.60 rows=108 width=4)
	  Index Cond: ((k >= 842871) AND (k <= 842971))

for range-covered
table 1 : explain SELECT k FROM sbtest1 WHERE k BETWEEN 3794939 AND 3795039
	Index Only Scan using k_1 on sbtest1  (cost=0.43..6.50 rows=103 width=4)
	  Index Cond: ((k >= 3794939) AND (k <= 3795039))

table 2 : explain SELECT k FROM sbtest2 WHERE k BETWEEN 3794939 AND 3795039
	Index Only Scan using k_2 on sbtest2  (cost=0.43..10.38 rows=97 width=4)
	  Index Cond: ((k >= 3794939) AND (k <= 3795039))

table 3 : explain SELECT k FROM sbtest3 WHERE k BETWEEN 3794939 AND 3795039
	Index Only Scan using k_3 on sbtest3  (cost=0.43..6.51 rows=104 width=4)
	  Index Cond: ((k >= 3794939) AND (k <= 3795039))

table 4 : explain SELECT k FROM sbtest4 WHERE k BETWEEN 3794939 AND 3795039
	Index Only Scan using k_4 on sbtest4  (cost=0.43..6.35 rows=96 width=4)
	  Index Cond: ((k >= 3794939) AND (k <= 3795039))

table 5 : explain SELECT k FROM sbtest5 WHERE k BETWEEN 3794939 AND 3795039
	Index Only Scan using k_5 on sbtest5  (cost=0.43..6.51 rows=104 width=4)
	  Index Cond: ((k >= 3794939) AND (k <= 3795039))

table 6 : explain SELECT k FROM sbtest6 WHERE k BETWEEN 3794939 AND 3795039
	Index Only Scan using k_6 on sbtest6  (cost=0.43..6.45 rows=101 width=4)
	  Index Cond: ((k >= 3794939) AND (k <= 3795039))

table 7 : explain SELECT k FROM sbtest7 WHERE k BETWEEN 3794939 AND 3795039
	Index Only Scan using k_7 on sbtest7  (cost=0.43..6.50 rows=103 width=4)
	  Index Cond: ((k >= 3794939) AND (k <= 3795039))

table 8 : explain SELECT k FROM sbtest8 WHERE k BETWEEN 3794939 AND 3795039
	Index Only Scan using k_8 on sbtest8  (cost=0.43..10.40 rows=98 width=4)
	  Index Cond: ((k >= 3794939) AND (k <= 3795039))

explain: for range-covered :: explain SELECT k FROM sbtest%d WHERE k BETWEEN 3794939 AND 3795039
explain: for range-covered :: explain SELECT k FROM sbtest%d WHERE k BETWEEN 2015193 AND 2015293
for range-covered
table 1 : explain SELECT k FROM sbtest1 WHERE k BETWEEN 1650850 AND 1650950
	Index Only Scan using k_1 on sbtest1  (cost=0.43..6.32 rows=94 width=4)
	  Index Cond: ((k >= 1650850) AND (k <= 1650950))

table 2 : explain SELECT k FROM sbtest2 WHERE k BETWEEN 1650850 AND 1650950
	Index Only Scan using k_2 on sbtest2  (cost=0.43..10.44 rows=100 width=4)
	  Index Cond: ((k >= 1650850) AND (k <= 1650950))

table 3 : explain SELECT k FROM sbtest3 WHERE k BETWEEN 1650850 AND 1650950
	Index Only Scan using k_3 on sbtest3  (cost=0.43..6.33 rows=95 width=4)
	  Index Cond: ((k >= 1650850) AND (k <= 1650950))

table 4 : explain SELECT k FROM sbtest4 WHERE k BETWEEN 1650850 AND 1650950
	Index Only Scan using k_4 on sbtest4  (cost=0.43..6.56 rows=106 width=4)
	  Index Cond: ((k >= 1650850) AND (k <= 1650950))

table 5 : explain SELECT k FROM sbtest5 WHERE k BETWEEN 1650850 AND 1650950
	Index Only Scan using k_5 on sbtest5  (cost=0.43..6.58 rows=107 width=4)
	  Index Cond: ((k >= 1650850) AND (k <= 1650950))

table 6 : explain SELECT k FROM sbtest6 WHERE k BETWEEN 1650850 AND 1650950
	Index Only Scan using k_6 on sbtest6  (cost=0.43..6.58 rows=107 width=4)
	  Index Cond: ((k >= 1650850) AND (k <= 1650950))

table 7 : explain SELECT k FROM sbtest7 WHERE k BETWEEN 1650850 AND 1650950
	Index Only Scan using k_7 on sbtest7  (cost=0.43..6.21 rows=89 width=4)
	  Index Cond: ((k >= 1650850) AND (k <= 1650950))

table 8 : explain SELECT k FROM sbtest8 WHERE k BETWEEN 1650850 AND 1650950
	Index Only Scan using k_8 on sbtest8  (cost=0.43..10.36 rows=96 width=4)
	  Index Cond: ((k >= 1650850) AND (k <= 1650950))

explain: for range-covered :: explain SELECT k FROM sbtest%d WHERE k BETWEEN 5659219 AND 5659319
for range-covered
table 1 : explain SELECT k FROM sbtest1 WHERE k BETWEEN 2630482 AND 2630582
	Index Only Scan using k_1 on sbtest1  (cost=0.43..6.50 rows=103 width=4)
	  Index Cond: ((k >= 2630482) AND (k <= 2630582))

table 2 : explain SELECT k FROM sbtest2 WHERE k BETWEEN 2630482 AND 2630582
	Index Only Scan using k_2 on sbtest2  (cost=0.43..10.58 rows=107 width=4)
	  Index Cond: ((k >= 2630482) AND (k <= 2630582))

table 3 : explain SELECT k FROM sbtest3 WHERE k BETWEEN 2630482 AND 2630582
	Index Only Scan using k_3 on sbtest3  (cost=0.43..6.40 rows=98 width=4)
	  Index Cond: ((k >= 2630482) AND (k <= 2630582))

table 4 : explain SELECT k FROM sbtest4 WHERE k BETWEEN 2630482 AND 2630582
	Index Only Scan using k_4 on sbtest4  (cost=0.43..6.40 rows=98 width=4)
	  Index Cond: ((k >= 2630482) AND (k <= 2630582))

table 5 : explain SELECT k FROM sbtest5 WHERE k BETWEEN 2630482 AND 2630582
	Index Only Scan using k_5 on sbtest5  (cost=0.43..6.45 rows=101 width=4)
	  Index Cond: ((k >= 2630482) AND (k <= 2630582))

table 6 : explain SELECT k FROM sbtest6 WHERE k BETWEEN 2630482 AND 2630582
	Index Only Scan using k_6 on sbtest6  (cost=0.43..6.45 rows=101 width=4)
	  Index Cond: ((k >= 2630482) AND (k <= 2630582))

table 7 : explain SELECT k FROM sbtest7 WHERE k BETWEEN 2630482 AND 2630582
	Index Only Scan using k_7 on sbtest7  (cost=0.43..6.40 rows=98 width=4)
	  Index Cond: ((k >= 2630482) AND (k <= 2630582))

table 8 : explain SELECT k FROM sbtest8 WHERE k BETWEEN 2630482 AND 2630582
	Index Only Scan using k_8 on sbtest8  (cost=0.43..10.42 rows=99 width=4)
	  Index Cond: ((k >= 2630482) AND (k <= 2630582))

explain: for range-covered :: explain SELECT k FROM sbtest%d WHERE k BETWEEN 2630482 AND 2630582
for range-covered
table 1 : explain SELECT k FROM sbtest1 WHERE k BETWEEN 4054977 AND 4055077
	Index Only Scan using k_1 on sbtest1  (cost=0.43..6.27 rows=92 width=4)
	  Index Cond: ((k >= 4054977) AND (k <= 4055077))

table 2 : explain SELECT k FROM sbtest2 WHERE k BETWEEN 4054977 AND 4055077
	Index Only Scan using k_2 on sbtest2  (cost=0.43..10.32 rows=94 width=4)
	  Index Cond: ((k >= 4054977) AND (k <= 4055077))

table 3 : explain SELECT k FROM sbtest3 WHERE k BETWEEN 4054977 AND 4055077
	Index Only Scan using k_3 on sbtest3  (cost=0.43..6.40 rows=98 width=4)
	  Index Cond: ((k >= 4054977) AND (k <= 4055077))

table 4 : explain SELECT k FROM sbtest4 WHERE k BETWEEN 4054977 AND 4055077
	Index Only Scan using k_4 on sbtest4  (cost=0.43..6.45 rows=101 width=4)
	  Index Cond: ((k >= 4054977) AND (k <= 4055077))

table 5 : explain SELECT k FROM sbtest5 WHERE k BETWEEN 4054977 AND 4055077
	Index Only Scan using k_5 on sbtest5  (cost=0.43..6.53 rows=105 width=4)
	  Index Cond: ((k >= 4054977) AND (k <= 4055077))

table 6 : explain SELECT k FROM sbtest6 WHERE k BETWEEN 4054977 AND 4055077
	Index Only Scan using k_6 on sbtest6  (cost=0.43..6.50 rows=103 width=4)
	  Index Cond: ((k >= 4054977) AND (k <= 4055077))

table 7 : explain SELECT k FROM sbtest7 WHERE k BETWEEN 4054977 AND 4055077
	Index Only Scan using k_7 on sbtest7  (cost=0.43..6.53 rows=105 width=4)
	  Index Cond: ((k >= 4054977) AND (k <= 4055077))

table 8 : explain SELECT k FROM sbtest8 WHERE k BETWEEN 4054977 AND 4055077
	Index Only Scan using k_8 on sbtest8  (cost=0.43..10.47 rows=102 width=4)
	  Index Cond: ((k >= 4054977) AND (k <= 4055077))

explain: for range-covered :: explain SELECT k FROM sbtest%d WHERE k BETWEEN 4054977 AND 4055077
for range-covered
table 1 : explain SELECT k FROM sbtest1 WHERE k BETWEEN 3794939 AND 3795039
	Index Only Scan using k_1 on sbtest1  (cost=0.43..6.50 rows=103 width=4)
	  Index Cond: ((k >= 3794939) AND (k <= 3795039))

table 2 : explain SELECT k FROM sbtest2 WHERE k BETWEEN 3794939 AND 3795039
	Index Only Scan using k_2 on sbtest2  (cost=0.43..10.38 rows=97 width=4)
	  Index Cond: ((k >= 3794939) AND (k <= 3795039))

table 3 : explain SELECT k FROM sbtest3 WHERE k BETWEEN 3794939 AND 3795039
	Index Only Scan using k_3 on sbtest3  (cost=0.43..6.51 rows=104 width=4)
	  Index Cond: ((k >= 3794939) AND (k <= 3795039))

table 4 : explain SELECT k FROM sbtest4 WHERE k BETWEEN 3794939 AND 3795039
	Index Only Scan using k_4 on sbtest4  (cost=0.43..6.35 rows=96 width=4)
	  Index Cond: ((k >= 3794939) AND (k <= 3795039))

table 5 : explain SELECT k FROM sbtest5 WHERE k BETWEEN 3794939 AND 3795039
	Index Only Scan using k_5 on sbtest5  (cost=0.43..6.51 rows=104 width=4)
	  Index Cond: ((k >= 3794939) AND (k <= 3795039))

table 6 : explain SELECT k FROM sbtest6 WHERE k BETWEEN 3794939 AND 3795039
	Index Only Scan using k_6 on sbtest6  (cost=0.43..6.45 rows=101 width=4)
	  Index Cond: ((k >= 3794939) AND (k <= 3795039))

table 7 : explain SELECT k FROM sbtest7 WHERE k BETWEEN 3794939 AND 3795039
	Index Only Scan using k_7 on sbtest7  (cost=0.43..6.50 rows=103 width=4)
	  Index Cond: ((k >= 3794939) AND (k <= 3795039))

table 8 : explain SELECT k FROM sbtest8 WHERE k BETWEEN 3794939 AND 3795039
	Index Only Scan using k_8 on sbtest8  (cost=0.43..10.40 rows=98 width=4)
	  Index Cond: ((k >= 3794939) AND (k <= 3795039))

explain: for range-covered :: explain SELECT k FROM sbtest%d WHERE k BETWEEN 3794939 AND 3795039
for range-covered
table 1 : explain SELECT k FROM sbtest1 WHERE k BETWEEN 5659219 AND 5659319
	Index Only Scan using k_1 on sbtest1  (cost=0.43..6.42 rows=99 width=4)
	  Index Cond: ((k >= 5659219) AND (k <= 5659319))

table 2 : explain SELECT k FROM sbtest2 WHERE k BETWEEN 5659219 AND 5659319
	Index Only Scan using k_2 on sbtest2  (cost=0.43..10.46 rows=101 width=4)
	  Index Cond: ((k >= 5659219) AND (k <= 5659319))

table 3 : explain SELECT k FROM sbtest3 WHERE k BETWEEN 5659219 AND 5659319
	Index Only Scan using k_3 on sbtest3  (cost=0.43..6.45 rows=101 width=4)
	  Index Cond: ((k >= 5659219) AND (k <= 5659319))

table 4 : explain SELECT k FROM sbtest4 WHERE k BETWEEN 5659219 AND 5659319
	Index Only Scan using k_4 on sbtest4  (cost=0.43..6.37 rows=97 width=4)
	  Index Cond: ((k >= 5659219) AND (k <= 5659319))

table 5 : explain SELECT k FROM sbtest5 WHERE k BETWEEN 5659219 AND 5659319
	Index Only Scan using k_5 on sbtest5  (cost=0.43..6.63 rows=110 width=4)
	  Index Cond: ((k >= 5659219) AND (k <= 5659319))

table 6 : explain SELECT k FROM sbtest6 WHERE k BETWEEN 5659219 AND 5659319
	Index Only Scan using k_6 on sbtest6  (cost=0.43..6.47 rows=102 width=4)
	  Index Cond: ((k >= 5659219) AND (k <= 5659319))

table 7 : explain SELECT k FROM sbtest7 WHERE k BETWEEN 5659219 AND 5659319
	Index Only Scan using k_7 on sbtest7  (cost=0.43..6.32 rows=94 width=4)
	  Index Cond: ((k >= 5659219) AND (k <= 5659319))

table 8 : explain SELECT k FROM sbtest8 WHERE k BETWEEN 5659219 AND 5659319
	Index Only Scan using k_8 on sbtest8  (cost=0.43..10.44 rows=100 width=4)
	  Index Cond: ((k >= 5659219) AND (k <= 5659319))

explain: for range-covered :: explain SELECT k FROM sbtest%d WHERE k BETWEEN 5659219 AND 5659319
for range-covered
table 1 : explain SELECT k FROM sbtest1 WHERE k BETWEEN 2630482 AND 2630582
	Index Only Scan using k_1 on sbtest1  (cost=0.43..6.50 rows=103 width=4)
	  Index Cond: ((k >= 2630482) AND (k <= 2630582))

table 2 : explain SELECT k FROM sbtest2 WHERE k BETWEEN 2630482 AND 2630582
	Index Only Scan using k_2 on sbtest2  (cost=0.43..10.58 rows=107 width=4)
	  Index Cond: ((k >= 2630482) AND (k <= 2630582))

table 3 : explain SELECT k FROM sbtest3 WHERE k BETWEEN 2630482 AND 2630582
	Index Only Scan using k_3 on sbtest3  (cost=0.43..6.40 rows=98 width=4)
	  Index Cond: ((k >= 2630482) AND (k <= 2630582))

table 4 : explain SELECT k FROM sbtest4 WHERE k BETWEEN 2630482 AND 2630582
	Index Only Scan using k_4 on sbtest4  (cost=0.43..6.40 rows=98 width=4)
	  Index Cond: ((k >= 2630482) AND (k <= 2630582))

table 5 : explain SELECT k FROM sbtest5 WHERE k BETWEEN 2630482 AND 2630582
	Index Only Scan using k_5 on sbtest5  (cost=0.43..6.45 rows=101 width=4)
	  Index Cond: ((k >= 2630482) AND (k <= 2630582))

table 6 : explain SELECT k FROM sbtest6 WHERE k BETWEEN 2630482 AND 2630582
	Index Only Scan using k_6 on sbtest6  (cost=0.43..6.45 rows=101 width=4)
	  Index Cond: ((k >= 2630482) AND (k <= 2630582))

table 7 : explain SELECT k FROM sbtest7 WHERE k BETWEEN 2630482 AND 2630582
	Index Only Scan using k_7 on sbtest7  (cost=0.43..6.40 rows=98 width=4)
	  Index Cond: ((k >= 2630482) AND (k <= 2630582))

table 8 : explain SELECT k FROM sbtest8 WHERE k BETWEEN 2630482 AND 2630582
	Index Only Scan using k_8 on sbtest8  (cost=0.43..10.42 rows=99 width=4)
	  Index Cond: ((k >= 2630482) AND (k <= 2630582))

explain: for range-covered :: explain SELECT k FROM sbtest%d WHERE k BETWEEN 2630482 AND 2630582
for range-covered
table 1 : explain SELECT k FROM sbtest1 WHERE k BETWEEN 6151900 AND 6152000
	Index Only Scan using k_1 on sbtest1  (cost=0.43..6.58 rows=107 width=4)
	  Index Cond: ((k >= 6151900) AND (k <= 6152000))

table 2 : explain SELECT k FROM sbtest2 WHERE k BETWEEN 6151900 AND 6152000
	Index Only Scan using k_2 on sbtest2  (cost=0.43..10.32 rows=94 width=4)
	  Index Cond: ((k >= 6151900) AND (k <= 6152000))

table 3 : explain SELECT k FROM sbtest3 WHERE k BETWEEN 6151900 AND 6152000
	Index Only Scan using k_3 on sbtest3  (cost=0.43..6.29 rows=93 width=4)
	  Index Cond: ((k >= 6151900) AND (k <= 6152000))

table 4 : explain SELECT k FROM sbtest4 WHERE k BETWEEN 6151900 AND 6152000
	Index Only Scan using k_4 on sbtest4  (cost=0.43..6.37 rows=97 width=4)
	  Index Cond: ((k >= 6151900) AND (k <= 6152000))

table 5 : explain SELECT k FROM sbtest5 WHERE k BETWEEN 6151900 AND 6152000
	Index Only Scan using k_5 on sbtest5  (cost=0.43..6.40 rows=98 width=4)
	  Index Cond: ((k >= 6151900) AND (k <= 6152000))

table 6 : explain SELECT k FROM sbtest6 WHERE k BETWEEN 6151900 AND 6152000
	Index Only Scan using k_6 on sbtest6  (cost=0.43..6.47 rows=102 width=4)
	  Index Cond: ((k >= 6151900) AND (k <= 6152000))

table 7 : explain SELECT k FROM sbtest7 WHERE k BETWEEN 6151900 AND 6152000
	Index Only Scan using k_7 on sbtest7  (cost=0.43..6.43 rows=100 width=4)
	  Index Cond: ((k >= 6151900) AND (k <= 6152000))

table 8 : explain SELECT k FROM sbtest8 WHERE k BETWEEN 6151900 AND 6152000
	Index Only Scan using k_8 on sbtest8  (cost=0.43..10.28 rows=92 width=4)
	  Index Cond: ((k >= 6151900) AND (k <= 6152000))

for range-covered
table 1 : explain SELECT k FROM sbtest1 WHERE k BETWEEN 2961897 AND 2961997
	Index Only Scan using k_1 on sbtest1  (cost=0.43..6.40 rows=98 width=4)
	  Index Cond: ((k >= 2961897) AND (k <= 2961997))

table 2 : explain SELECT k FROM sbtest2 WHERE k BETWEEN 2961897 AND 2961997
	Index Only Scan using k_2 on sbtest2  (cost=0.43..10.63 rows=110 width=4)
	  Index Cond: ((k >= 2961897) AND (k <= 2961997))

table 3 : explain SELECT k FROM sbtest3 WHERE k BETWEEN 2961897 AND 2961997
	Index Only Scan using k_3 on sbtest3  (cost=0.43..6.37 rows=97 width=4)
	  Index Cond: ((k >= 2961897) AND (k <= 2961997))

table 4 : explain SELECT k FROM sbtest4 WHERE k BETWEEN 2961897 AND 2961997
	Index Only Scan using k_4 on sbtest4  (cost=0.43..6.33 rows=95 width=4)
	  Index Cond: ((k >= 2961897) AND (k <= 2961997))

table 5 : explain SELECT k FROM sbtest5 WHERE k BETWEEN 2961897 AND 2961997
	Index Only Scan using k_5 on sbtest5  (cost=0.43..6.81 rows=119 width=4)
	  Index Cond: ((k >= 2961897) AND (k <= 2961997))

table 6 : explain SELECT k FROM sbtest6 WHERE k BETWEEN 2961897 AND 2961997
	Index Only Scan using k_6 on sbtest6  (cost=0.43..6.43 rows=100 width=4)
	  Index Cond: ((k >= 2961897) AND (k <= 2961997))

table 7 : explain SELECT k FROM sbtest7 WHERE k BETWEEN 2961897 AND 2961997
	Index Only Scan using k_7 on sbtest7  (cost=0.43..6.45 rows=101 width=4)
	  Index Cond: ((k >= 2961897) AND (k <= 2961997))

table 8 : explain SELECT k FROM sbtest8 WHERE k BETWEEN 2961897 AND 2961997
	Index Only Scan using k_8 on sbtest8  (cost=0.43..10.46 rows=101 width=4)
	  Index Cond: ((k >= 2961897) AND (k <= 2961997))

explain: for range-covered :: explain SELECT k FROM sbtest%d WHERE k BETWEEN 6151900 AND 6152000
for range-covered
table 1 : explain SELECT k FROM sbtest1 WHERE k BETWEEN 8591417 AND 8591517
	Index Only Scan using k_1 on sbtest1  (cost=0.43..6.61 rows=109 width=4)
	  Index Cond: ((k >= 8591417) AND (k <= 8591517))

table 2 : explain SELECT k FROM sbtest2 WHERE k BETWEEN 8591417 AND 8591517
	Index Only Scan using k_2 on sbtest2  (cost=0.43..10.33 rows=95 width=4)
	  Index Cond: ((k >= 8591417) AND (k <= 8591517))

table 3 : explain SELECT k FROM sbtest3 WHERE k BETWEEN 8591417 AND 8591517
	Index Only Scan using k_3 on sbtest3  (cost=0.43..6.51 rows=104 width=4)
	  Index Cond: ((k >= 8591417) AND (k <= 8591517))

table 4 : explain SELECT k FROM sbtest4 WHERE k BETWEEN 8591417 AND 8591517
	Index Only Scan using k_4 on sbtest4  (cost=0.43..6.51 rows=104 width=4)
	  Index Cond: ((k >= 8591417) AND (k <= 8591517))

table 5 : explain SELECT k FROM sbtest5 WHERE k BETWEEN 8591417 AND 8591517
	Index Only Scan using k_5 on sbtest5  (cost=0.43..6.24 rows=90 width=4)
	  Index Cond: ((k >= 8591417) AND (k <= 8591517))

table 6 : explain SELECT k FROM sbtest6 WHERE k BETWEEN 8591417 AND 8591517
	Index Only Scan using k_6 on sbtest6  (cost=0.43..6.61 rows=109 width=4)
	  Index Cond: ((k >= 8591417) AND (k <= 8591517))

table 7 : explain SELECT k FROM sbtest7 WHERE k BETWEEN 8591417 AND 8591517
	Index Only Scan using k_7 on sbtest7  (cost=0.43..6.27 rows=92 width=4)
	  Index Cond: ((k >= 8591417) AND (k <= 8591517))

table 8 : explain SELECT k FROM sbtest8 WHERE k BETWEEN 8591417 AND 8591517
	Index Only Scan using k_8 on sbtest8  (cost=0.43..10.46 rows=101 width=4)
	  Index Cond: ((k >= 8591417) AND (k <= 8591517))

for range-covered
table 1 : explain SELECT k FROM sbtest1 WHERE k BETWEEN 3794939 AND 3795039
	Index Only Scan using k_1 on sbtest1  (cost=0.43..6.50 rows=103 width=4)
	  Index Cond: ((k >= 3794939) AND (k <= 3795039))

table 2 : explain SELECT k FROM sbtest2 WHERE k BETWEEN 3794939 AND 3795039
	Index Only Scan using k_2 on sbtest2  (cost=0.43..10.38 rows=97 width=4)
	  Index Cond: ((k >= 3794939) AND (k <= 3795039))

table 3 : explain SELECT k FROM sbtest3 WHERE k BETWEEN 3794939 AND 3795039
	Index Only Scan using k_3 on sbtest3  (cost=0.43..6.51 rows=104 width=4)
	  Index Cond: ((k >= 3794939) AND (k <= 3795039))

table 4 : explain SELECT k FROM sbtest4 WHERE k BETWEEN 3794939 AND 3795039
	Index Only Scan using k_4 on sbtest4  (cost=0.43..6.35 rows=96 width=4)
	  Index Cond: ((k >= 3794939) AND (k <= 3795039))

table 5 : explain SELECT k FROM sbtest5 WHERE k BETWEEN 3794939 AND 3795039
	Index Only Scan using k_5 on sbtest5  (cost=0.43..6.51 rows=104 width=4)
	  Index Cond: ((k >= 3794939) AND (k <= 3795039))

table 6 : explain SELECT k FROM sbtest6 WHERE k BETWEEN 3794939 AND 3795039
	Index Only Scan using k_6 on sbtest6  (cost=0.43..6.45 rows=101 width=4)
	  Index Cond: ((k >= 3794939) AND (k <= 3795039))

table 7 : explain SELECT k FROM sbtest7 WHERE k BETWEEN 3794939 AND 3795039
	Index Only Scan using k_7 on sbtest7  (cost=0.43..6.50 rows=103 width=4)
	  Index Cond: ((k >= 3794939) AND (k <= 3795039))

table 8 : explain SELECT k FROM sbtest8 WHERE k BETWEEN 3794939 AND 3795039
	Index Only Scan using k_8 on sbtest8  (cost=0.43..10.40 rows=98 width=4)
	  Index Cond: ((k >= 3794939) AND (k <= 3795039))

explain: for range-covered :: explain SELECT k FROM sbtest%d WHERE k BETWEEN 2961897 AND 2961997
explain: for range-covered :: explain SELECT k FROM sbtest%d WHERE k BETWEEN 3794939 AND 3795039
explain: for range-covered :: explain SELECT k FROM sbtest%d WHERE k BETWEEN 8591417 AND 8591517
for range-covered
table 1 : explain SELECT k FROM sbtest1 WHERE k BETWEEN 5659219 AND 5659319
	Index Only Scan using k_1 on sbtest1  (cost=0.43..6.42 rows=99 width=4)
	  Index Cond: ((k >= 5659219) AND (k <= 5659319))

table 2 : explain SELECT k FROM sbtest2 WHERE k BETWEEN 5659219 AND 5659319
	Index Only Scan using k_2 on sbtest2  (cost=0.43..10.46 rows=101 width=4)
	  Index Cond: ((k >= 5659219) AND (k <= 5659319))

table 3 : explain SELECT k FROM sbtest3 WHERE k BETWEEN 5659219 AND 5659319
	Index Only Scan using k_3 on sbtest3  (cost=0.43..6.45 rows=101 width=4)
	  Index Cond: ((k >= 5659219) AND (k <= 5659319))

table 4 : explain SELECT k FROM sbtest4 WHERE k BETWEEN 5659219 AND 5659319
	Index Only Scan using k_4 on sbtest4  (cost=0.43..6.37 rows=97 width=4)
	  Index Cond: ((k >= 5659219) AND (k <= 5659319))

table 5 : explain SELECT k FROM sbtest5 WHERE k BETWEEN 5659219 AND 5659319
	Index Only Scan using k_5 on sbtest5  (cost=0.43..6.63 rows=110 width=4)
	  Index Cond: ((k >= 5659219) AND (k <= 5659319))

table 6 : explain SELECT k FROM sbtest6 WHERE k BETWEEN 5659219 AND 5659319
	Index Only Scan using k_6 on sbtest6  (cost=0.43..6.47 rows=102 width=4)
	  Index Cond: ((k >= 5659219) AND (k <= 5659319))

table 7 : explain SELECT k FROM sbtest7 WHERE k BETWEEN 5659219 AND 5659319
	Index Only Scan using k_7 on sbtest7  (cost=0.43..6.32 rows=94 width=4)
	  Index Cond: ((k >= 5659219) AND (k <= 5659319))

table 8 : explain SELECT k FROM sbtest8 WHERE k BETWEEN 5659219 AND 5659319
	Index Only Scan using k_8 on sbtest8  (cost=0.43..10.44 rows=100 width=4)
	  Index Cond: ((k >= 5659219) AND (k <= 5659319))

for range-covered
table 1 : explain SELECT k FROM sbtest1 WHERE k BETWEEN 2630482 AND 2630582
	Index Only Scan using k_1 on sbtest1  (cost=0.43..6.50 rows=103 width=4)
	  Index Cond: ((k >= 2630482) AND (k <= 2630582))

table 2 : explain SELECT k FROM sbtest2 WHERE k BETWEEN 2630482 AND 2630582
	Index Only Scan using k_2 on sbtest2  (cost=0.43..10.58 rows=107 width=4)
	  Index Cond: ((k >= 2630482) AND (k <= 2630582))

table 3 : explain SELECT k FROM sbtest3 WHERE k BETWEEN 2630482 AND 2630582
	Index Only Scan using k_3 on sbtest3  (cost=0.43..6.40 rows=98 width=4)
	  Index Cond: ((k >= 2630482) AND (k <= 2630582))

table 4 : explain SELECT k FROM sbtest4 WHERE k BETWEEN 2630482 AND 2630582
	Index Only Scan using k_4 on sbtest4  (cost=0.43..6.40 rows=98 width=4)
	  Index Cond: ((k >= 2630482) AND (k <= 2630582))

table 5 : explain SELECT k FROM sbtest5 WHERE k BETWEEN 2630482 AND 2630582
	Index Only Scan using k_5 on sbtest5  (cost=0.43..6.45 rows=101 width=4)
	  Index Cond: ((k >= 2630482) AND (k <= 2630582))

table 6 : explain SELECT k FROM sbtest6 WHERE k BETWEEN 2630482 AND 2630582
	Index Only Scan using k_6 on sbtest6  (cost=0.43..6.45 rows=101 width=4)
	  Index Cond: ((k >= 2630482) AND (k <= 2630582))

table 7 : explain SELECT k FROM sbtest7 WHERE k BETWEEN 2630482 AND 2630582
	Index Only Scan using k_7 on sbtest7  (cost=0.43..6.40 rows=98 width=4)
	  Index Cond: ((k >= 2630482) AND (k <= 2630582))

table 8 : explain SELECT k FROM sbtest8 WHERE k BETWEEN 2630482 AND 2630582
	Index Only Scan using k_8 on sbtest8  (cost=0.43..10.42 rows=99 width=4)
	  Index Cond: ((k >= 2630482) AND (k <= 2630582))

for range-covered
table 1 : explain SELECT k FROM sbtest1 WHERE k BETWEEN 4054977 AND 4055077
	Index Only Scan using k_1 on sbtest1  (cost=0.43..6.27 rows=92 width=4)
	  Index Cond: ((k >= 4054977) AND (k <= 4055077))

table 2 : explain SELECT k FROM sbtest2 WHERE k BETWEEN 4054977 AND 4055077
	Index Only Scan using k_2 on sbtest2  (cost=0.43..10.32 rows=94 width=4)
	  Index Cond: ((k >= 4054977) AND (k <= 4055077))

table 3 : explain SELECT k FROM sbtest3 WHERE k BETWEEN 4054977 AND 4055077
	Index Only Scan using k_3 on sbtest3  (cost=0.43..6.40 rows=98 width=4)
	  Index Cond: ((k >= 4054977) AND (k <= 4055077))

table 4 : explain SELECT k FROM sbtest4 WHERE k BETWEEN 4054977 AND 4055077
	Index Only Scan using k_4 on sbtest4  (cost=0.43..6.45 rows=101 width=4)
	  Index Cond: ((k >= 4054977) AND (k <= 4055077))

table 5 : explain SELECT k FROM sbtest5 WHERE k BETWEEN 4054977 AND 4055077
	Index Only Scan using k_5 on sbtest5  (cost=0.43..6.53 rows=105 width=4)
	  Index Cond: ((k >= 4054977) AND (k <= 4055077))

table 6 : explain SELECT k FROM sbtest6 WHERE k BETWEEN 4054977 AND 4055077
	Index Only Scan using k_6 on sbtest6  (cost=0.43..6.50 rows=103 width=4)
	  Index Cond: ((k >= 4054977) AND (k <= 4055077))

table 7 : explain SELECT k FROM sbtest7 WHERE k BETWEEN 4054977 AND 4055077
	Index Only Scan using k_7 on sbtest7  (cost=0.43..6.53 rows=105 width=4)
	  Index Cond: ((k >= 4054977) AND (k <= 4055077))

table 8 : explain SELECT k FROM sbtest8 WHERE k BETWEEN 4054977 AND 4055077
	Index Only Scan using k_8 on sbtest8  (cost=0.43..10.47 rows=102 width=4)
	  Index Cond: ((k >= 4054977) AND (k <= 4055077))

explain: for range-covered :: explain SELECT k FROM sbtest%d WHERE k BETWEEN 2630482 AND 2630582
for range-covered
table 1 : explain SELECT k FROM sbtest1 WHERE k BETWEEN 6151900 AND 6152000
	Index Only Scan using k_1 on sbtest1  (cost=0.43..6.58 rows=107 width=4)
	  Index Cond: ((k >= 6151900) AND (k <= 6152000))

table 2 : explain SELECT k FROM sbtest2 WHERE k BETWEEN 6151900 AND 6152000
	Index Only Scan using k_2 on sbtest2  (cost=0.43..10.32 rows=94 width=4)
	  Index Cond: ((k >= 6151900) AND (k <= 6152000))

table 3 : explain SELECT k FROM sbtest3 WHERE k BETWEEN 6151900 AND 6152000
	Index Only Scan using k_3 on sbtest3  (cost=0.43..6.29 rows=93 width=4)
	  Index Cond: ((k >= 6151900) AND (k <= 6152000))

table 4 : explain SELECT k FROM sbtest4 WHERE k BETWEEN 6151900 AND 6152000
	Index Only Scan using k_4 on sbtest4  (cost=0.43..6.37 rows=97 width=4)
	  Index Cond: ((k >= 6151900) AND (k <= 6152000))

table 5 : explain SELECT k FROM sbtest5 WHERE k BETWEEN 6151900 AND 6152000
	Index Only Scan using k_5 on sbtest5  (cost=0.43..6.40 rows=98 width=4)
	  Index Cond: ((k >= 6151900) AND (k <= 6152000))

table 6 : explain SELECT k FROM sbtest6 WHERE k BETWEEN 6151900 AND 6152000
	Index Only Scan using k_6 on sbtest6  (cost=0.43..6.47 rows=102 width=4)
	  Index Cond: ((k >= 6151900) AND (k <= 6152000))

table 7 : explain SELECT k FROM sbtest7 WHERE k BETWEEN 6151900 AND 6152000
	Index Only Scan using k_7 on sbtest7  (cost=0.43..6.43 rows=100 width=4)
	  Index Cond: ((k >= 6151900) AND (k <= 6152000))

table 8 : explain SELECT k FROM sbtest8 WHERE k BETWEEN 6151900 AND 6152000
	Index Only Scan using k_8 on sbtest8  (cost=0.43..10.28 rows=92 width=4)
	  Index Cond: ((k >= 6151900) AND (k <= 6152000))

explain: for range-covered :: explain SELECT k FROM sbtest%d WHERE k BETWEEN 6151900 AND 6152000
for range-covered
table 1 : explain SELECT k FROM sbtest1 WHERE k BETWEEN 3794939 AND 3795039
	Index Only Scan using k_1 on sbtest1  (cost=0.43..6.50 rows=103 width=4)
	  Index Cond: ((k >= 3794939) AND (k <= 3795039))

table 2 : explain SELECT k FROM sbtest2 WHERE k BETWEEN 3794939 AND 3795039
	Index Only Scan using k_2 on sbtest2  (cost=0.43..10.38 rows=97 width=4)
	  Index Cond: ((k >= 3794939) AND (k <= 3795039))

table 3 : explain SELECT k FROM sbtest3 WHERE k BETWEEN 3794939 AND 3795039
	Index Only Scan using k_3 on sbtest3  (cost=0.43..6.51 rows=104 width=4)
	  Index Cond: ((k >= 3794939) AND (k <= 3795039))

table 4 : explain SELECT k FROM sbtest4 WHERE k BETWEEN 3794939 AND 3795039
	Index Only Scan using k_4 on sbtest4  (cost=0.43..6.35 rows=96 width=4)
	  Index Cond: ((k >= 3794939) AND (k <= 3795039))

table 5 : explain SELECT k FROM sbtest5 WHERE k BETWEEN 3794939 AND 3795039
	Index Only Scan using k_5 on sbtest5  (cost=0.43..6.51 rows=104 width=4)
	  Index Cond: ((k >= 3794939) AND (k <= 3795039))

table 6 : explain SELECT k FROM sbtest6 WHERE k BETWEEN 3794939 AND 3795039
	Index Only Scan using k_6 on sbtest6  (cost=0.43..6.45 rows=101 width=4)
	  Index Cond: ((k >= 3794939) AND (k <= 3795039))

table 7 : explain SELECT k FROM sbtest7 WHERE k BETWEEN 3794939 AND 3795039
	Index Only Scan using k_7 on sbtest7  (cost=0.43..6.50 rows=103 width=4)
	  Index Cond: ((k >= 3794939) AND (k <= 3795039))

table 8 : explain SELECT k FROM sbtest8 WHERE k BETWEEN 3794939 AND 3795039
	Index Only Scan using k_8 on sbtest8  (cost=0.43..10.40 rows=98 width=4)
	  Index Cond: ((k >= 3794939) AND (k <= 3795039))

explain: for range-covered :: explain SELECT k FROM sbtest%d WHERE k BETWEEN 4054977 AND 4055077
explain: for range-covered :: explain SELECT k FROM sbtest%d WHERE k BETWEEN 3794939 AND 3795039
explain: for range-covered :: explain SELECT k FROM sbtest%d WHERE k BETWEEN 6112263 AND 6112363
for range-covered
table 1 : explain SELECT k FROM sbtest1 WHERE k BETWEEN 2630482 AND 2630582
	Index Only Scan using k_1 on sbtest1  (cost=0.43..6.50 rows=103 width=4)
	  Index Cond: ((k >= 2630482) AND (k <= 2630582))

table 2 : explain SELECT k FROM sbtest2 WHERE k BETWEEN 2630482 AND 2630582
	Index Only Scan using k_2 on sbtest2  (cost=0.43..10.58 rows=107 width=4)
	  Index Cond: ((k >= 2630482) AND (k <= 2630582))

table 3 : explain SELECT k FROM sbtest3 WHERE k BETWEEN 2630482 AND 2630582
	Index Only Scan using k_3 on sbtest3  (cost=0.43..6.40 rows=98 width=4)
	  Index Cond: ((k >= 2630482) AND (k <= 2630582))

table 4 : explain SELECT k FROM sbtest4 WHERE k BETWEEN 2630482 AND 2630582
	Index Only Scan using k_4 on sbtest4  (cost=0.43..6.40 rows=98 width=4)
	  Index Cond: ((k >= 2630482) AND (k <= 2630582))

table 5 : explain SELECT k FROM sbtest5 WHERE k BETWEEN 2630482 AND 2630582
	Index Only Scan using k_5 on sbtest5  (cost=0.43..6.45 rows=101 width=4)
	  Index Cond: ((k >= 2630482) AND (k <= 2630582))

table 6 : explain SELECT k FROM sbtest6 WHERE k BETWEEN 2630482 AND 2630582
	Index Only Scan using k_6 on sbtest6  (cost=0.43..6.45 rows=101 width=4)
	  Index Cond: ((k >= 2630482) AND (k <= 2630582))

table 7 : explain SELECT k FROM sbtest7 WHERE k BETWEEN 2630482 AND 2630582
	Index Only Scan using k_7 on sbtest7  (cost=0.43..6.40 rows=98 width=4)
	  Index Cond: ((k >= 2630482) AND (k <= 2630582))

table 8 : explain SELECT k FROM sbtest8 WHERE k BETWEEN 2630482 AND 2630582
	Index Only Scan using k_8 on sbtest8  (cost=0.43..10.42 rows=99 width=4)
	  Index Cond: ((k >= 2630482) AND (k <= 2630582))
explain: for range-covered :: explain SELECT k FROM sbtest%d WHERE k BETWEEN 1294497 AND 1294597

explain: for range-covered :: explain SELECT k FROM sbtest%d WHERE k BETWEEN 5143935 AND 5144035
explain: for range-covered :: explain SELECT k FROM sbtest%d WHERE k BETWEEN 5786889 AND 5786989
for range-covered
table 1 : explain SELECT k FROM sbtest1 WHERE k BETWEEN 2015193 AND 2015293
	Index Only Scan using k_1 on sbtest1  (cost=0.43..6.53 rows=105 width=4)
	  Index Cond: ((k >= 2015193) AND (k <= 2015293))

table 2 : explain SELECT k FROM sbtest2 WHERE k BETWEEN 2015193 AND 2015293
	Index Only Scan using k_2 on sbtest2  (cost=0.43..10.47 rows=102 width=4)
	  Index Cond: ((k >= 2015193) AND (k <= 2015293))

table 3 : explain SELECT k FROM sbtest3 WHERE k BETWEEN 2015193 AND 2015293
	Index Only Scan using k_3 on sbtest3  (cost=0.43..6.51 rows=104 width=4)
	  Index Cond: ((k >= 2015193) AND (k <= 2015293))

table 4 : explain SELECT k FROM sbtest4 WHERE k BETWEEN 2015193 AND 2015293
	Index Only Scan using k_4 on sbtest4  (cost=0.43..6.56 rows=106 width=4)
	  Index Cond: ((k >= 2015193) AND (k <= 2015293))

table 5 : explain SELECT k FROM sbtest5 WHERE k BETWEEN 2015193 AND 2015293
	Index Only Scan using k_5 on sbtest5  (cost=0.43..6.56 rows=106 width=4)
	  Index Cond: ((k >= 2015193) AND (k <= 2015293))

table 6 : explain SELECT k FROM sbtest6 WHERE k BETWEEN 2015193 AND 2015293
	Index Only Scan using k_6 on sbtest6  (cost=0.43..6.42 rows=99 width=4)
	  Index Cond: ((k >= 2015193) AND (k <= 2015293))

table 7 : explain SELECT k FROM sbtest7 WHERE k BETWEEN 2015193 AND 2015293
	Index Only Scan using k_7 on sbtest7  (cost=0.43..6.40 rows=98 width=4)
	  Index Cond: ((k >= 2015193) AND (k <= 2015293))

table 8 : explain SELECT k FROM sbtest8 WHERE k BETWEEN 2015193 AND 2015293
	Index Only Scan using k_8 on sbtest8  (cost=0.43..10.54 rows=105 width=4)
	  Index Cond: ((k >= 2015193) AND (k <= 2015293))

explain: for range-covered :: explain SELECT k FROM sbtest%d WHERE k BETWEEN 2630482 AND 2630582
for range-covered
table 1 : explain SELECT k FROM sbtest1 WHERE k BETWEEN 2961897 AND 2961997
	Index Only Scan using k_1 on sbtest1  (cost=0.43..6.40 rows=98 width=4)
	  Index Cond: ((k >= 2961897) AND (k <= 2961997))

table 2 : explain SELECT k FROM sbtest2 WHERE k BETWEEN 2961897 AND 2961997
	Index Only Scan using k_2 on sbtest2  (cost=0.43..10.63 rows=110 width=4)
	  Index Cond: ((k >= 2961897) AND (k <= 2961997))

table 3 : explain SELECT k FROM sbtest3 WHERE k BETWEEN 2961897 AND 2961997
	Index Only Scan using k_3 on sbtest3  (cost=0.43..6.37 rows=97 width=4)
	  Index Cond: ((k >= 2961897) AND (k <= 2961997))

table 4 : explain SELECT k FROM sbtest4 WHERE k BETWEEN 2961897 AND 2961997
	Index Only Scan using k_4 on sbtest4  (cost=0.43..6.33 rows=95 width=4)
	  Index Cond: ((k >= 2961897) AND (k <= 2961997))

table 5 : explain SELECT k FROM sbtest5 WHERE k BETWEEN 2961897 AND 2961997
	Index Only Scan using k_5 on sbtest5  (cost=0.43..6.81 rows=119 width=4)
	  Index Cond: ((k >= 2961897) AND (k <= 2961997))

table 6 : explain SELECT k FROM sbtest6 WHERE k BETWEEN 2961897 AND 2961997
	Index Only Scan using k_6 on sbtest6  (cost=0.43..6.43 rows=100 width=4)
	  Index Cond: ((k >= 2961897) AND (k <= 2961997))

table 7 : explain SELECT k FROM sbtest7 WHERE k BETWEEN 2961897 AND 2961997
	Index Only Scan using k_7 on sbtest7  (cost=0.43..6.45 rows=101 width=4)
	  Index Cond: ((k >= 2961897) AND (k <= 2961997))

table 8 : explain SELECT k FROM sbtest8 WHERE k BETWEEN 2961897 AND 2961997
	Index Only Scan using k_8 on sbtest8  (cost=0.43..10.46 rows=101 width=4)
	  Index Cond: ((k >= 2961897) AND (k <= 2961997))

for range-covered
table 1 : explain SELECT k FROM sbtest1 WHERE k BETWEEN 6151900 AND 6152000
	Index Only Scan using k_1 on sbtest1  (cost=0.43..6.58 rows=107 width=4)
	  Index Cond: ((k >= 6151900) AND (k <= 6152000))

table 2 : explain SELECT k FROM sbtest2 WHERE k BETWEEN 6151900 AND 6152000
	Index Only Scan using k_2 on sbtest2  (cost=0.43..10.32 rows=94 width=4)
	  Index Cond: ((k >= 6151900) AND (k <= 6152000))

table 3 : explain SELECT k FROM sbtest3 WHERE k BETWEEN 6151900 AND 6152000
	Index Only Scan using k_3 on sbtest3  (cost=0.43..6.29 rows=93 width=4)
	  Index Cond: ((k >= 6151900) AND (k <= 6152000))

table 4 : explain SELECT k FROM sbtest4 WHERE k BETWEEN 6151900 AND 6152000
	Index Only Scan using k_4 on sbtest4  (cost=0.43..6.37 rows=97 width=4)
	  Index Cond: ((k >= 6151900) AND (k <= 6152000))

table 5 : explain SELECT k FROM sbtest5 WHERE k BETWEEN 6151900 AND 6152000
	Index Only Scan using k_5 on sbtest5  (cost=0.43..6.40 rows=98 width=4)
	  Index Cond: ((k >= 6151900) AND (k <= 6152000))

table 6 : explain SELECT k FROM sbtest6 WHERE k BETWEEN 6151900 AND 6152000
	Index Only Scan using k_6 on sbtest6  (cost=0.43..6.47 rows=102 width=4)
	  Index Cond: ((k >= 6151900) AND (k <= 6152000))

table 7 : explain SELECT k FROM sbtest7 WHERE k BETWEEN 6151900 AND 6152000
	Index Only Scan using k_7 on sbtest7  (cost=0.43..6.43 rows=100 width=4)
	  Index Cond: ((k >= 6151900) AND (k <= 6152000))

table 8 : explain SELECT k FROM sbtest8 WHERE k BETWEEN 6151900 AND 6152000
	Index Only Scan using k_8 on sbtest8  (cost=0.43..10.28 rows=92 width=4)
	  Index Cond: ((k >= 6151900) AND (k <= 6152000))

explain: for range-covered :: explain SELECT k FROM sbtest%d WHERE k BETWEEN 463310 AND 463410
explain: for range-covered :: explain SELECT k FROM sbtest%d WHERE k BETWEEN 2015193 AND 2015293
explain: for range-covered :: explain SELECT k FROM sbtest%d WHERE k BETWEEN 6151900 AND 6152000
for range-covered
table 1 : explain SELECT k FROM sbtest1 WHERE k BETWEEN 3794939 AND 3795039
	Index Only Scan using k_1 on sbtest1  (cost=0.43..6.50 rows=103 width=4)
	  Index Cond: ((k >= 3794939) AND (k <= 3795039))

table 2 : explain SELECT k FROM sbtest2 WHERE k BETWEEN 3794939 AND 3795039
	Index Only Scan using k_2 on sbtest2  (cost=0.43..10.38 rows=97 width=4)
	  Index Cond: ((k >= 3794939) AND (k <= 3795039))

table 3 : explain SELECT k FROM sbtest3 WHERE k BETWEEN 3794939 AND 3795039
	Index Only Scan using k_3 on sbtest3  (cost=0.43..6.51 rows=104 width=4)
	  Index Cond: ((k >= 3794939) AND (k <= 3795039))

table 4 : explain SELECT k FROM sbtest4 WHERE k BETWEEN 3794939 AND 3795039
	Index Only Scan using k_4 on sbtest4  (cost=0.43..6.35 rows=96 width=4)
	  Index Cond: ((k >= 3794939) AND (k <= 3795039))

table 5 : explain SELECT k FROM sbtest5 WHERE k BETWEEN 3794939 AND 3795039
	Index Only Scan using k_5 on sbtest5  (cost=0.43..6.51 rows=104 width=4)
	  Index Cond: ((k >= 3794939) AND (k <= 3795039))

table 6 : explain SELECT k FROM sbtest6 WHERE k BETWEEN 3794939 AND 3795039
	Index Only Scan using k_6 on sbtest6  (cost=0.43..6.45 rows=101 width=4)
	  Index Cond: ((k >= 3794939) AND (k <= 3795039))

table 7 : explain SELECT k FROM sbtest7 WHERE k BETWEEN 3794939 AND 3795039
	Index Only Scan using k_7 on sbtest7  (cost=0.43..6.50 rows=103 width=4)
	  Index Cond: ((k >= 3794939) AND (k <= 3795039))

table 8 : explain SELECT k FROM sbtest8 WHERE k BETWEEN 3794939 AND 3795039
	Index Only Scan using k_8 on sbtest8  (cost=0.43..10.40 rows=98 width=4)
	  Index Cond: ((k >= 3794939) AND (k <= 3795039))

for range-covered
table 1 : explain SELECT k FROM sbtest1 WHERE k BETWEEN 8591417 AND 8591517
	Index Only Scan using k_1 on sbtest1  (cost=0.43..6.61 rows=109 width=4)
	  Index Cond: ((k >= 8591417) AND (k <= 8591517))

table 2 : explain SELECT k FROM sbtest2 WHERE k BETWEEN 8591417 AND 8591517
	Index Only Scan using k_2 on sbtest2  (cost=0.43..10.33 rows=95 width=4)
	  Index Cond: ((k >= 8591417) AND (k <= 8591517))

table 3 : explain SELECT k FROM sbtest3 WHERE k BETWEEN 8591417 AND 8591517
	Index Only Scan using k_3 on sbtest3  (cost=0.43..6.51 rows=104 width=4)
	  Index Cond: ((k >= 8591417) AND (k <= 8591517))

table 4 : explain SELECT k FROM sbtest4 WHERE k BETWEEN 8591417 AND 8591517
	Index Only Scan using k_4 on sbtest4  (cost=0.43..6.51 rows=104 width=4)
	  Index Cond: ((k >= 8591417) AND (k <= 8591517))

table 5 : explain SELECT k FROM sbtest5 WHERE k BETWEEN 8591417 AND 8591517
	Index Only Scan using k_5 on sbtest5  (cost=0.43..6.24 rows=90 width=4)
	  Index Cond: ((k >= 8591417) AND (k <= 8591517))

table 6 : explain SELECT k FROM sbtest6 WHERE k BETWEEN 8591417 AND 8591517
	Index Only Scan using k_6 on sbtest6  (cost=0.43..6.61 rows=109 width=4)
	  Index Cond: ((k >= 8591417) AND (k <= 8591517))

table 7 : explain SELECT k FROM sbtest7 WHERE k BETWEEN 8591417 AND 8591517
	Index Only Scan using k_7 on sbtest7  (cost=0.43..6.27 rows=92 width=4)
	  Index Cond: ((k >= 8591417) AND (k <= 8591517))

table 8 : explain SELECT k FROM sbtest8 WHERE k BETWEEN 8591417 AND 8591517
	Index Only Scan using k_8 on sbtest8  (cost=0.43..10.46 rows=101 width=4)
	  Index Cond: ((k >= 8591417) AND (k <= 8591517))

explain: for range-covered :: explain SELECT k FROM sbtest%d WHERE k BETWEEN 8591417 AND 8591517
explain: for range-covered :: explain SELECT k FROM sbtest%d WHERE k BETWEEN 4141378 AND 4141478
for range-covered
table 1 : explain SELECT k FROM sbtest1 WHERE k BETWEEN 2630482 AND 2630582
	Index Only Scan using k_1 on sbtest1  (cost=0.43..6.50 rows=103 width=4)
	  Index Cond: ((k >= 2630482) AND (k <= 2630582))

table 2 : explain SELECT k FROM sbtest2 WHERE k BETWEEN 2630482 AND 2630582
	Index Only Scan using k_2 on sbtest2  (cost=0.43..10.58 rows=107 width=4)
	  Index Cond: ((k >= 2630482) AND (k <= 2630582))

table 3 : explain SELECT k FROM sbtest3 WHERE k BETWEEN 2630482 AND 2630582
	Index Only Scan using k_3 on sbtest3  (cost=0.43..6.40 rows=98 width=4)
	  Index Cond: ((k >= 2630482) AND (k <= 2630582))

table 4 : explain SELECT k FROM sbtest4 WHERE k BETWEEN 2630482 AND 2630582
	Index Only Scan using k_4 on sbtest4  (cost=0.43..6.40 rows=98 width=4)
	  Index Cond: ((k >= 2630482) AND (k <= 2630582))

table 5 : explain SELECT k FROM sbtest5 WHERE k BETWEEN 2630482 AND 2630582
	Index Only Scan using k_5 on sbtest5  (cost=0.43..6.45 rows=101 width=4)
	  Index Cond: ((k >= 2630482) AND (k <= 2630582))

table 6 : explain SELECT k FROM sbtest6 WHERE k BETWEEN 2630482 AND 2630582
	Index Only Scan using k_6 on sbtest6  (cost=0.43..6.45 rows=101 width=4)
	  Index Cond: ((k >= 2630482) AND (k <= 2630582))

table 7 : explain SELECT k FROM sbtest7 WHERE k BETWEEN 2630482 AND 2630582
	Index Only Scan using k_7 on sbtest7  (cost=0.43..6.40 rows=98 width=4)
	  Index Cond: ((k >= 2630482) AND (k <= 2630582))

table 8 : explain SELECT k FROM sbtest8 WHERE k BETWEEN 2630482 AND 2630582
	Index Only Scan using k_8 on sbtest8  (cost=0.43..10.42 rows=99 width=4)
	  Index Cond: ((k >= 2630482) AND (k <= 2630582))

for range-covered
table 1 : explain SELECT k FROM sbtest1 WHERE k BETWEEN 4054977 AND 4055077
	Index Only Scan using k_1 on sbtest1  (cost=0.43..6.27 rows=92 width=4)
	  Index Cond: ((k >= 4054977) AND (k <= 4055077))

table 2 : explain SELECT k FROM sbtest2 WHERE k BETWEEN 4054977 AND 4055077
	Index Only Scan using k_2 on sbtest2  (cost=0.43..10.32 rows=94 width=4)
	  Index Cond: ((k >= 4054977) AND (k <= 4055077))

table 3 : explain SELECT k FROM sbtest3 WHERE k BETWEEN 4054977 AND 4055077
	Index Only Scan using k_3 on sbtest3  (cost=0.43..6.40 rows=98 width=4)
	  Index Cond: ((k >= 4054977) AND (k <= 4055077))

table 4 : explain SELECT k FROM sbtest4 WHERE k BETWEEN 4054977 AND 4055077
	Index Only Scan using k_4 on sbtest4  (cost=0.43..6.45 rows=101 width=4)
	  Index Cond: ((k >= 4054977) AND (k <= 4055077))

table 5 : explain SELECT k FROM sbtest5 WHERE k BETWEEN 4054977 AND 4055077
	Index Only Scan using k_5 on sbtest5  (cost=0.43..6.53 rows=105 width=4)
	  Index Cond: ((k >= 4054977) AND (k <= 4055077))

table 6 : explain SELECT k FROM sbtest6 WHERE k BETWEEN 4054977 AND 4055077
	Index Only Scan using k_6 on sbtest6  (cost=0.43..6.50 rows=103 width=4)
	  Index Cond: ((k >= 4054977) AND (k <= 4055077))

table 7 : explain SELECT k FROM sbtest7 WHERE k BETWEEN 4054977 AND 4055077
	Index Only Scan using k_7 on sbtest7  (cost=0.43..6.53 rows=105 width=4)
	  Index Cond: ((k >= 4054977) AND (k <= 4055077))

table 8 : explain SELECT k FROM sbtest8 WHERE k BETWEEN 4054977 AND 4055077
	Index Only Scan using k_8 on sbtest8  (cost=0.43..10.47 rows=102 width=4)
	  Index Cond: ((k >= 4054977) AND (k <= 4055077))

explain: for range-covered :: explain SELECT k FROM sbtest%d WHERE k BETWEEN 2630482 AND 2630582
for range-covered
table 1 : explain SELECT k FROM sbtest1 WHERE k BETWEEN 6151900 AND 6152000
	Index Only Scan using k_1 on sbtest1  (cost=0.43..6.58 rows=107 width=4)
	  Index Cond: ((k >= 6151900) AND (k <= 6152000))

table 2 : explain SELECT k FROM sbtest2 WHERE k BETWEEN 6151900 AND 6152000
	Index Only Scan using k_2 on sbtest2  (cost=0.43..10.32 rows=94 width=4)
	  Index Cond: ((k >= 6151900) AND (k <= 6152000))

table 3 : explain SELECT k FROM sbtest3 WHERE k BETWEEN 6151900 AND 6152000
	Index Only Scan using k_3 on sbtest3  (cost=0.43..6.29 rows=93 width=4)
	  Index Cond: ((k >= 6151900) AND (k <= 6152000))

table 4 : explain SELECT k FROM sbtest4 WHERE k BETWEEN 6151900 AND 6152000
	Index Only Scan using k_4 on sbtest4  (cost=0.43..6.37 rows=97 width=4)
	  Index Cond: ((k >= 6151900) AND (k <= 6152000))

table 5 : explain SELECT k FROM sbtest5 WHERE k BETWEEN 6151900 AND 6152000
	Index Only Scan using k_5 on sbtest5  (cost=0.43..6.40 rows=98 width=4)
	  Index Cond: ((k >= 6151900) AND (k <= 6152000))

table 6 : explain SELECT k FROM sbtest6 WHERE k BETWEEN 6151900 AND 6152000
	Index Only Scan using k_6 on sbtest6  (cost=0.43..6.47 rows=102 width=4)
	  Index Cond: ((k >= 6151900) AND (k <= 6152000))

table 7 : explain SELECT k FROM sbtest7 WHERE k BETWEEN 6151900 AND 6152000
	Index Only Scan using k_7 on sbtest7  (cost=0.43..6.43 rows=100 width=4)
	  Index Cond: ((k >= 6151900) AND (k <= 6152000))

table 8 : explain SELECT k FROM sbtest8 WHERE k BETWEEN 6151900 AND 6152000
	Index Only Scan using k_8 on sbtest8  (cost=0.43..10.28 rows=92 width=4)
	  Index Cond: ((k >= 6151900) AND (k <= 6152000))

explain: for range-covered :: explain SELECT k FROM sbtest%d WHERE k BETWEEN 4054977 AND 4055077
for range-covered
table 1 : explain SELECT k FROM sbtest1 WHERE k BETWEEN 2015193 AND 2015293
	Index Only Scan using k_1 on sbtest1  (cost=0.43..6.53 rows=105 width=4)
	  Index Cond: ((k >= 2015193) AND (k <= 2015293))

table 2 : explain SELECT k FROM sbtest2 WHERE k BETWEEN 2015193 AND 2015293
	Index Only Scan using k_2 on sbtest2  (cost=0.43..10.47 rows=102 width=4)
	  Index Cond: ((k >= 2015193) AND (k <= 2015293))

table 3 : explain SELECT k FROM sbtest3 WHERE k BETWEEN 2015193 AND 2015293
	Index Only Scan using k_3 on sbtest3  (cost=0.43..6.51 rows=104 width=4)
	  Index Cond: ((k >= 2015193) AND (k <= 2015293))

table 4 : explain SELECT k FROM sbtest4 WHERE k BETWEEN 2015193 AND 2015293
	Index Only Scan using k_4 on sbtest4  (cost=0.43..6.56 rows=106 width=4)
	  Index Cond: ((k >= 2015193) AND (k <= 2015293))

table 5 : explain SELECT k FROM sbtest5 WHERE k BETWEEN 2015193 AND 2015293
	Index Only Scan using k_5 on sbtest5  (cost=0.43..6.56 rows=106 width=4)
	  Index Cond: ((k >= 2015193) AND (k <= 2015293))

table 6 : explain SELECT k FROM sbtest6 WHERE k BETWEEN 2015193 AND 2015293
	Index Only Scan using k_6 on sbtest6  (cost=0.43..6.42 rows=99 width=4)
	  Index Cond: ((k >= 2015193) AND (k <= 2015293))

table 7 : explain SELECT k FROM sbtest7 WHERE k BETWEEN 2015193 AND 2015293
	Index Only Scan using k_7 on sbtest7  (cost=0.43..6.40 rows=98 width=4)
	  Index Cond: ((k >= 2015193) AND (k <= 2015293))

table 8 : explain SELECT k FROM sbtest8 WHERE k BETWEEN 2015193 AND 2015293
	Index Only Scan using k_8 on sbtest8  (cost=0.43..10.54 rows=105 width=4)
	  Index Cond: ((k >= 2015193) AND (k <= 2015293))

explain: for range-covered :: explain SELECT k FROM sbtest%d WHERE k BETWEEN 6151900 AND 6152000
explain: for range-covered :: explain SELECT k FROM sbtest%d WHERE k BETWEEN 2015193 AND 2015293
for range-covered
table 1 : explain SELECT k FROM sbtest1 WHERE k BETWEEN 8591417 AND 8591517
	Index Only Scan using k_1 on sbtest1  (cost=0.43..6.61 rows=109 width=4)
	  Index Cond: ((k >= 8591417) AND (k <= 8591517))

table 2 : explain SELECT k FROM sbtest2 WHERE k BETWEEN 8591417 AND 8591517
	Index Only Scan using k_2 on sbtest2  (cost=0.43..10.33 rows=95 width=4)
	  Index Cond: ((k >= 8591417) AND (k <= 8591517))

table 3 : explain SELECT k FROM sbtest3 WHERE k BETWEEN 8591417 AND 8591517
	Index Only Scan using k_3 on sbtest3  (cost=0.43..6.51 rows=104 width=4)
	  Index Cond: ((k >= 8591417) AND (k <= 8591517))

table 4 : explain SELECT k FROM sbtest4 WHERE k BETWEEN 8591417 AND 8591517
	Index Only Scan using k_4 on sbtest4  (cost=0.43..6.51 rows=104 width=4)
	  Index Cond: ((k >= 8591417) AND (k <= 8591517))

table 5 : explain SELECT k FROM sbtest5 WHERE k BETWEEN 8591417 AND 8591517
	Index Only Scan using k_5 on sbtest5  (cost=0.43..6.24 rows=90 width=4)
	  Index Cond: ((k >= 8591417) AND (k <= 8591517))

table 6 : explain SELECT k FROM sbtest6 WHERE k BETWEEN 8591417 AND 8591517
	Index Only Scan using k_6 on sbtest6  (cost=0.43..6.61 rows=109 width=4)
	  Index Cond: ((k >= 8591417) AND (k <= 8591517))

table 7 : explain SELECT k FROM sbtest7 WHERE k BETWEEN 8591417 AND 8591517
	Index Only Scan using k_7 on sbtest7  (cost=0.43..6.27 rows=92 width=4)
	  Index Cond: ((k >= 8591417) AND (k <= 8591517))

table 8 : explain SELECT k FROM sbtest8 WHERE k BETWEEN 8591417 AND 8591517
	Index Only Scan using k_8 on sbtest8  (cost=0.43..10.46 rows=101 width=4)
	  Index Cond: ((k >= 8591417) AND (k <= 8591517))

explain: for range-covered :: explain SELECT k FROM sbtest%d WHERE k BETWEEN 8591417 AND 8591517
for range-covered
table 1 : explain SELECT k FROM sbtest1 WHERE k BETWEEN 2630482 AND 2630582
	Index Only Scan using k_1 on sbtest1  (cost=0.43..6.50 rows=103 width=4)
	  Index Cond: ((k >= 2630482) AND (k <= 2630582))

table 2 : explain SELECT k FROM sbtest2 WHERE k BETWEEN 2630482 AND 2630582
	Index Only Scan using k_2 on sbtest2  (cost=0.43..10.58 rows=107 width=4)
	  Index Cond: ((k >= 2630482) AND (k <= 2630582))

table 3 : explain SELECT k FROM sbtest3 WHERE k BETWEEN 2630482 AND 2630582
	Index Only Scan using k_3 on sbtest3  (cost=0.43..6.40 rows=98 width=4)
	  Index Cond: ((k >= 2630482) AND (k <= 2630582))

table 4 : explain SELECT k FROM sbtest4 WHERE k BETWEEN 2630482 AND 2630582
	Index Only Scan using k_4 on sbtest4  (cost=0.43..6.40 rows=98 width=4)
	  Index Cond: ((k >= 2630482) AND (k <= 2630582))

table 5 : explain SELECT k FROM sbtest5 WHERE k BETWEEN 2630482 AND 2630582
	Index Only Scan using k_5 on sbtest5  (cost=0.43..6.45 rows=101 width=4)
	  Index Cond: ((k >= 2630482) AND (k <= 2630582))

table 6 : explain SELECT k FROM sbtest6 WHERE k BETWEEN 2630482 AND 2630582
	Index Only Scan using k_6 on sbtest6  (cost=0.43..6.45 rows=101 width=4)
	  Index Cond: ((k >= 2630482) AND (k <= 2630582))

table 7 : explain SELECT k FROM sbtest7 WHERE k BETWEEN 2630482 AND 2630582
	Index Only Scan using k_7 on sbtest7  (cost=0.43..6.40 rows=98 width=4)
	  Index Cond: ((k >= 2630482) AND (k <= 2630582))

table 8 : explain SELECT k FROM sbtest8 WHERE k BETWEEN 2630482 AND 2630582
	Index Only Scan using k_8 on sbtest8  (cost=0.43..10.42 rows=99 width=4)
	  Index Cond: ((k >= 2630482) AND (k <= 2630582))

explain: for range-covered :: explain SELECT k FROM sbtest%d WHERE k BETWEEN 2630482 AND 2630582
for range-covered
table 1 : explain SELECT k FROM sbtest1 WHERE k BETWEEN 6151900 AND 6152000
	Index Only Scan using k_1 on sbtest1  (cost=0.43..6.58 rows=107 width=4)
	  Index Cond: ((k >= 6151900) AND (k <= 6152000))

table 2 : explain SELECT k FROM sbtest2 WHERE k BETWEEN 6151900 AND 6152000
	Index Only Scan using k_2 on sbtest2  (cost=0.43..10.32 rows=94 width=4)
	  Index Cond: ((k >= 6151900) AND (k <= 6152000))

table 3 : explain SELECT k FROM sbtest3 WHERE k BETWEEN 6151900 AND 6152000
	Index Only Scan using k_3 on sbtest3  (cost=0.43..6.29 rows=93 width=4)
	  Index Cond: ((k >= 6151900) AND (k <= 6152000))

table 4 : explain SELECT k FROM sbtest4 WHERE k BETWEEN 6151900 AND 6152000
	Index Only Scan using k_4 on sbtest4  (cost=0.43..6.37 rows=97 width=4)
	  Index Cond: ((k >= 6151900) AND (k <= 6152000))

table 5 : explain SELECT k FROM sbtest5 WHERE k BETWEEN 6151900 AND 6152000
	Index Only Scan using k_5 on sbtest5  (cost=0.43..6.40 rows=98 width=4)
	  Index Cond: ((k >= 6151900) AND (k <= 6152000))

table 6 : explain SELECT k FROM sbtest6 WHERE k BETWEEN 6151900 AND 6152000
	Index Only Scan using k_6 on sbtest6  (cost=0.43..6.47 rows=102 width=4)
	  Index Cond: ((k >= 6151900) AND (k <= 6152000))

table 7 : explain SELECT k FROM sbtest7 WHERE k BETWEEN 6151900 AND 6152000
	Index Only Scan using k_7 on sbtest7  (cost=0.43..6.43 rows=100 width=4)
	  Index Cond: ((k >= 6151900) AND (k <= 6152000))

table 8 : explain SELECT k FROM sbtest8 WHERE k BETWEEN 6151900 AND 6152000
	Index Only Scan using k_8 on sbtest8  (cost=0.43..10.28 rows=92 width=4)
	  Index Cond: ((k >= 6151900) AND (k <= 6152000))

for range-covered
table 1 : explain SELECT k FROM sbtest1 WHERE k BETWEEN 2015193 AND 2015293
	Index Only Scan using k_1 on sbtest1  (cost=0.43..6.53 rows=105 width=4)
	  Index Cond: ((k >= 2015193) AND (k <= 2015293))

table 2 : explain SELECT k FROM sbtest2 WHERE k BETWEEN 2015193 AND 2015293
	Index Only Scan using k_2 on sbtest2  (cost=0.43..10.47 rows=102 width=4)
	  Index Cond: ((k >= 2015193) AND (k <= 2015293))

table 3 : explain SELECT k FROM sbtest3 WHERE k BETWEEN 2015193 AND 2015293
	Index Only Scan using k_3 on sbtest3  (cost=0.43..6.51 rows=104 width=4)
	  Index Cond: ((k >= 2015193) AND (k <= 2015293))

table 4 : explain SELECT k FROM sbtest4 WHERE k BETWEEN 2015193 AND 2015293
	Index Only Scan using k_4 on sbtest4  (cost=0.43..6.56 rows=106 width=4)
	  Index Cond: ((k >= 2015193) AND (k <= 2015293))

table 5 : explain SELECT k FROM sbtest5 WHERE k BETWEEN 2015193 AND 2015293
	Index Only Scan using k_5 on sbtest5  (cost=0.43..6.56 rows=106 width=4)
	  Index Cond: ((k >= 2015193) AND (k <= 2015293))

table 6 : explain SELECT k FROM sbtest6 WHERE k BETWEEN 2015193 AND 2015293
	Index Only Scan using k_6 on sbtest6  (cost=0.43..6.42 rows=99 width=4)
	  Index Cond: ((k >= 2015193) AND (k <= 2015293))

table 7 : explain SELECT k FROM sbtest7 WHERE k BETWEEN 2015193 AND 2015293
	Index Only Scan using k_7 on sbtest7  (cost=0.43..6.40 rows=98 width=4)
	  Index Cond: ((k >= 2015193) AND (k <= 2015293))

table 8 : explain SELECT k FROM sbtest8 WHERE k BETWEEN 2015193 AND 2015293
	Index Only Scan using k_8 on sbtest8  (cost=0.43..10.54 rows=105 width=4)
	  Index Cond: ((k >= 2015193) AND (k <= 2015293))

explain: for range-covered :: explain SELECT k FROM sbtest%d WHERE k BETWEEN 6151900 AND 6152000
explain: for range-covered :: explain SELECT k FROM sbtest%d WHERE k BETWEEN 2015193 AND 2015293
for range-covered
table 1 : explain SELECT k FROM sbtest1 WHERE k BETWEEN 2915087 AND 2915187
	Index Only Scan using k_1 on sbtest1  (cost=0.43..6.40 rows=98 width=4)
	  Index Cond: ((k >= 2915087) AND (k <= 2915187))

table 2 : explain SELECT k FROM sbtest2 WHERE k BETWEEN 2915087 AND 2915187
	Index Only Scan using k_2 on sbtest2  (cost=0.43..10.63 rows=110 width=4)
	  Index Cond: ((k >= 2915087) AND (k <= 2915187))

table 3 : explain SELECT k FROM sbtest3 WHERE k BETWEEN 2915087 AND 2915187
	Index Only Scan using k_3 on sbtest3  (cost=0.43..6.43 rows=100 width=4)
	  Index Cond: ((k >= 2915087) AND (k <= 2915187))

table 4 : explain SELECT k FROM sbtest4 WHERE k BETWEEN 2915087 AND 2915187
	Index Only Scan using k_4 on sbtest4  (cost=0.43..6.33 rows=95 width=4)
	  Index Cond: ((k >= 2915087) AND (k <= 2915187))

table 5 : explain SELECT k FROM sbtest5 WHERE k BETWEEN 2915087 AND 2915187
	Index Only Scan using k_5 on sbtest5  (cost=0.43..6.81 rows=119 width=4)
	  Index Cond: ((k >= 2915087) AND (k <= 2915187))

table 6 : explain SELECT k FROM sbtest6 WHERE k BETWEEN 2915087 AND 2915187
	Index Only Scan using k_6 on sbtest6  (cost=0.43..6.43 rows=100 width=4)
	  Index Cond: ((k >= 2915087) AND (k <= 2915187))

table 7 : explain SELECT k FROM sbtest7 WHERE k BETWEEN 2915087 AND 2915187
	Index Only Scan using k_7 on sbtest7  (cost=0.43..6.66 rows=111 width=4)
	  Index Cond: ((k >= 2915087) AND (k <= 2915187))

table 8 : explain SELECT k FROM sbtest8 WHERE k BETWEEN 2915087 AND 2915187
	Index Only Scan using k_8 on sbtest8  (cost=0.43..10.46 rows=101 width=4)
	  Index Cond: ((k >= 2915087) AND (k <= 2915187))

for range-covered
table 1 : explain SELECT k FROM sbtest1 WHERE k BETWEEN 8591417 AND 8591517
	Index Only Scan using k_1 on sbtest1  (cost=0.43..6.61 rows=109 width=4)
	  Index Cond: ((k >= 8591417) AND (k <= 8591517))

table 2 : explain SELECT k FROM sbtest2 WHERE k BETWEEN 8591417 AND 8591517
	Index Only Scan using k_2 on sbtest2  (cost=0.43..10.33 rows=95 width=4)
	  Index Cond: ((k >= 8591417) AND (k <= 8591517))

table 3 : explain SELECT k FROM sbtest3 WHERE k BETWEEN 8591417 AND 8591517
	Index Only Scan using k_3 on sbtest3  (cost=0.43..6.51 rows=104 width=4)
	  Index Cond: ((k >= 8591417) AND (k <= 8591517))

table 4 : explain SELECT k FROM sbtest4 WHERE k BETWEEN 8591417 AND 8591517
	Index Only Scan using k_4 on sbtest4  (cost=0.43..6.51 rows=104 width=4)
	  Index Cond: ((k >= 8591417) AND (k <= 8591517))

table 5 : explain SELECT k FROM sbtest5 WHERE k BETWEEN 8591417 AND 8591517
	Index Only Scan using k_5 on sbtest5  (cost=0.43..6.24 rows=90 width=4)
	  Index Cond: ((k >= 8591417) AND (k <= 8591517))

table 6 : explain SELECT k FROM sbtest6 WHERE k BETWEEN 8591417 AND 8591517
	Index Only Scan using k_6 on sbtest6  (cost=0.43..6.61 rows=109 width=4)
	  Index Cond: ((k >= 8591417) AND (k <= 8591517))

table 7 : explain SELECT k FROM sbtest7 WHERE k BETWEEN 8591417 AND 8591517
	Index Only Scan using k_7 on sbtest7  (cost=0.43..6.27 rows=92 width=4)
	  Index Cond: ((k >= 8591417) AND (k <= 8591517))

table 8 : explain SELECT k FROM sbtest8 WHERE k BETWEEN 8591417 AND 8591517
	Index Only Scan using k_8 on sbtest8  (cost=0.43..10.46 rows=101 width=4)
	  Index Cond: ((k >= 8591417) AND (k <= 8591517))

for range-covered
table 1 : explain SELECT k FROM sbtest1 WHERE k BETWEEN 4054977 AND 4055077
	Index Only Scan using k_1 on sbtest1  (cost=0.43..6.27 rows=92 width=4)
	  Index Cond: ((k >= 4054977) AND (k <= 4055077))

table 2 : explain SELECT k FROM sbtest2 WHERE k BETWEEN 4054977 AND 4055077
	Index Only Scan using k_2 on sbtest2  (cost=0.43..10.32 rows=94 width=4)
	  Index Cond: ((k >= 4054977) AND (k <= 4055077))

table 3 : explain SELECT k FROM sbtest3 WHERE k BETWEEN 4054977 AND 4055077
	Index Only Scan using k_3 on sbtest3  (cost=0.43..6.40 rows=98 width=4)
	  Index Cond: ((k >= 4054977) AND (k <= 4055077))

table 4 : explain SELECT k FROM sbtest4 WHERE k BETWEEN 4054977 AND 4055077
	Index Only Scan using k_4 on sbtest4  (cost=0.43..6.45 rows=101 width=4)
	  Index Cond: ((k >= 4054977) AND (k <= 4055077))

table 5 : explain SELECT k FROM sbtest5 WHERE k BETWEEN 4054977 AND 4055077
	Index Only Scan using k_5 on sbtest5  (cost=0.43..6.53 rows=105 width=4)
	  Index Cond: ((k >= 4054977) AND (k <= 4055077))

table 6 : explain SELECT k FROM sbtest6 WHERE k BETWEEN 4054977 AND 4055077
	Index Only Scan using k_6 on sbtest6  (cost=0.43..6.50 rows=103 width=4)
	  Index Cond: ((k >= 4054977) AND (k <= 4055077))

table 7 : explain SELECT k FROM sbtest7 WHERE k BETWEEN 4054977 AND 4055077
	Index Only Scan using k_7 on sbtest7  (cost=0.43..6.53 rows=105 width=4)
	  Index Cond: ((k >= 4054977) AND (k <= 4055077))

table 8 : explain SELECT k FROM sbtest8 WHERE k BETWEEN 4054977 AND 4055077
	Index Only Scan using k_8 on sbtest8  (cost=0.43..10.47 rows=102 width=4)
	  Index Cond: ((k >= 4054977) AND (k <= 4055077))

explain: for range-covered :: explain SELECT k FROM sbtest%d WHERE k BETWEEN 8591417 AND 8591517
explain: for range-covered :: explain SELECT k FROM sbtest%d WHERE k BETWEEN 2915087 AND 2915187
explain: for range-covered :: explain SELECT k FROM sbtest%d WHERE k BETWEEN 4054977 AND 4055077
for range-covered
table 1 : explain SELECT k FROM sbtest1 WHERE k BETWEEN 2630482 AND 2630582
	Index Only Scan using k_1 on sbtest1  (cost=0.43..6.50 rows=103 width=4)
	  Index Cond: ((k >= 2630482) AND (k <= 2630582))

table 2 : explain SELECT k FROM sbtest2 WHERE k BETWEEN 2630482 AND 2630582
	Index Only Scan using k_2 on sbtest2  (cost=0.43..10.58 rows=107 width=4)
	  Index Cond: ((k >= 2630482) AND (k <= 2630582))

table 3 : explain SELECT k FROM sbtest3 WHERE k BETWEEN 2630482 AND 2630582
	Index Only Scan using k_3 on sbtest3  (cost=0.43..6.40 rows=98 width=4)
	  Index Cond: ((k >= 2630482) AND (k <= 2630582))

table 4 : explain SELECT k FROM sbtest4 WHERE k BETWEEN 2630482 AND 2630582
	Index Only Scan using k_4 on sbtest4  (cost=0.43..6.40 rows=98 width=4)
	  Index Cond: ((k >= 2630482) AND (k <= 2630582))

table 5 : explain SELECT k FROM sbtest5 WHERE k BETWEEN 2630482 AND 2630582
	Index Only Scan using k_5 on sbtest5  (cost=0.43..6.45 rows=101 width=4)
	  Index Cond: ((k >= 2630482) AND (k <= 2630582))

table 6 : explain SELECT k FROM sbtest6 WHERE k BETWEEN 2630482 AND 2630582
	Index Only Scan using k_6 on sbtest6  (cost=0.43..6.45 rows=101 width=4)
	  Index Cond: ((k >= 2630482) AND (k <= 2630582))

table 7 : explain SELECT k FROM sbtest7 WHERE k BETWEEN 2630482 AND 2630582
	Index Only Scan using k_7 on sbtest7  (cost=0.43..6.40 rows=98 width=4)
	  Index Cond: ((k >= 2630482) AND (k <= 2630582))

table 8 : explain SELECT k FROM sbtest8 WHERE k BETWEEN 2630482 AND 2630582
	Index Only Scan using k_8 on sbtest8  (cost=0.43..10.42 rows=99 width=4)
	  Index Cond: ((k >= 2630482) AND (k <= 2630582))

for range-covered
table 1 : explain SELECT k FROM sbtest1 WHERE k BETWEEN 6112263 AND 6112363
	Index Only Scan using k_1 on sbtest1  (cost=0.43..6.72 rows=114 width=4)
	  Index Cond: ((k >= 6112263) AND (k <= 6112363))

table 2 : explain SELECT k FROM sbtest2 WHERE k BETWEEN 6112263 AND 6112363
	Index Only Scan using k_2 on sbtest2  (cost=0.43..10.32 rows=94 width=4)
	  Index Cond: ((k >= 6112263) AND (k <= 6112363))

table 3 : explain SELECT k FROM sbtest3 WHERE k BETWEEN 6112263 AND 6112363
	Index Only Scan using k_3 on sbtest3  (cost=0.43..6.29 rows=93 width=4)
	  Index Cond: ((k >= 6112263) AND (k <= 6112363))

table 4 : explain SELECT k FROM sbtest4 WHERE k BETWEEN 6112263 AND 6112363
	Index Only Scan using k_4 on sbtest4  (cost=0.43..6.47 rows=102 width=4)
	  Index Cond: ((k >= 6112263) AND (k <= 6112363))

table 5 : explain SELECT k FROM sbtest5 WHERE k BETWEEN 6112263 AND 6112363
	Index Only Scan using k_5 on sbtest5  (cost=0.43..6.40 rows=98 width=4)
	  Index Cond: ((k >= 6112263) AND (k <= 6112363))

table 6 : explain SELECT k FROM sbtest6 WHERE k BETWEEN 6112263 AND 6112363
	Index Only Scan using k_6 on sbtest6  (cost=0.43..6.51 rows=104 width=4)
	  Index Cond: ((k >= 6112263) AND (k <= 6112363))

table 7 : explain SELECT k FROM sbtest7 WHERE k BETWEEN 6112263 AND 6112363
	Index Only Scan using k_7 on sbtest7  (cost=0.43..6.43 rows=100 width=4)
	  Index Cond: ((k >= 6112263) AND (k <= 6112363))

table 8 : explain SELECT k FROM sbtest8 WHERE k BETWEEN 6112263 AND 6112363
	Index Only Scan using k_8 on sbtest8  (cost=0.43..10.28 rows=92 width=4)
	  Index Cond: ((k >= 6112263) AND (k <= 6112363))

for range-covered
table 1 : explain SELECT k FROM sbtest1 WHERE k BETWEEN 1294497 AND 1294597
	Index Only Scan using k_1 on sbtest1  (cost=0.43..6.45 rows=101 width=4)
	  Index Cond: ((k >= 1294497) AND (k <= 1294597))

table 2 : explain SELECT k FROM sbtest2 WHERE k BETWEEN 1294497 AND 1294597
	Index Only Scan using k_2 on sbtest2  (cost=0.43..10.76 rows=116 width=4)
	  Index Cond: ((k >= 1294497) AND (k <= 1294597))

table 3 : explain SELECT k FROM sbtest3 WHERE k BETWEEN 1294497 AND 1294597
	Index Only Scan using k_3 on sbtest3  (cost=0.43..6.45 rows=101 width=4)
	  Index Cond: ((k >= 1294497) AND (k <= 1294597))

table 4 : explain SELECT k FROM sbtest4 WHERE k BETWEEN 1294497 AND 1294597
	Index Only Scan using k_4 on sbtest4  (cost=0.43..6.45 rows=101 width=4)
	  Index Cond: ((k >= 1294497) AND (k <= 1294597))

table 5 : explain SELECT k FROM sbtest5 WHERE k BETWEEN 1294497 AND 1294597
	Index Only Scan using k_5 on sbtest5  (cost=0.43..6.47 rows=102 width=4)
	  Index Cond: ((k >= 1294497) AND (k <= 1294597))

table 6 : explain SELECT k FROM sbtest6 WHERE k BETWEEN 1294497 AND 1294597
	Index Only Scan using k_6 on sbtest6  (cost=0.43..6.35 rows=96 width=4)
	  Index Cond: ((k >= 1294497) AND (k <= 1294597))

table 7 : explain SELECT k FROM sbtest7 WHERE k BETWEEN 1294497 AND 1294597
	Index Only Scan using k_7 on sbtest7  (cost=0.43..6.56 rows=106 width=4)
	  Index Cond: ((k >= 1294497) AND (k <= 1294597))

table 8 : explain SELECT k FROM sbtest8 WHERE k BETWEEN 1294497 AND 1294597
	Index Only Scan using k_8 on sbtest8  (cost=0.43..10.29 rows=93 width=4)
	  Index Cond: ((k >= 1294497) AND (k <= 1294597))

for range-covered
table 1 : explain SELECT k FROM sbtest1 WHERE k BETWEEN 2015193 AND 2015293
	Index Only Scan using k_1 on sbtest1  (cost=0.43..6.53 rows=105 width=4)
	  Index Cond: ((k >= 2015193) AND (k <= 2015293))

table 2 : explain SELECT k FROM sbtest2 WHERE k BETWEEN 2015193 AND 2015293
	Index Only Scan using k_2 on sbtest2  (cost=0.43..10.47 rows=102 width=4)
	  Index Cond: ((k >= 2015193) AND (k <= 2015293))

table 3 : explain SELECT k FROM sbtest3 WHERE k BETWEEN 2015193 AND 2015293
	Index Only Scan using k_3 on sbtest3  (cost=0.43..6.51 rows=104 width=4)
	  Index Cond: ((k >= 2015193) AND (k <= 2015293))

table 4 : explain SELECT k FROM sbtest4 WHERE k BETWEEN 2015193 AND 2015293
	Index Only Scan using k_4 on sbtest4  (cost=0.43..6.56 rows=106 width=4)
	  Index Cond: ((k >= 2015193) AND (k <= 2015293))

table 5 : explain SELECT k FROM sbtest5 WHERE k BETWEEN 2015193 AND 2015293
	Index Only Scan using k_5 on sbtest5  (cost=0.43..6.56 rows=106 width=4)
	  Index Cond: ((k >= 2015193) AND (k <= 2015293))

table 6 : explain SELECT k FROM sbtest6 WHERE k BETWEEN 2015193 AND 2015293
	Index Only Scan using k_6 on sbtest6  (cost=0.43..6.42 rows=99 width=4)
	  Index Cond: ((k >= 2015193) AND (k <= 2015293))

table 7 : explain SELECT k FROM sbtest7 WHERE k BETWEEN 2015193 AND 2015293
	Index Only Scan using k_7 on sbtest7  (cost=0.43..6.40 rows=98 width=4)
	  Index Cond: ((k >= 2015193) AND (k <= 2015293))

table 8 : explain SELECT k FROM sbtest8 WHERE k BETWEEN 2015193 AND 2015293
	Index Only Scan using k_8 on sbtest8  (cost=0.43..10.54 rows=105 width=4)
	  Index Cond: ((k >= 2015193) AND (k <= 2015293))
for range-covered
table 1 : explain SELECT k FROM sbtest1 WHERE k BETWEEN 5786889 AND 5786989
	Index Only Scan using k_1 on sbtest1  (cost=0.43..6.37 rows=97 width=4)
	  Index Cond: ((k >= 5786889) AND (k <= 5786989))

table 2 : explain SELECT k FROM sbtest2 WHERE k BETWEEN 5786889 AND 5786989
	Index Only Scan using k_2 on sbtest2  (cost=0.43..10.51 rows=104 width=4)
	  Index Cond: ((k >= 5786889) AND (k <= 5786989))

table 3 : explain SELECT k FROM sbtest3 WHERE k BETWEEN 5786889 AND 5786989
	Index Only Scan using k_3 on sbtest3  (cost=0.43..6.67 rows=112 width=4)
	  Index Cond: ((k >= 5786889) AND (k <= 5786989))

table 4 : explain SELECT k FROM sbtest4 WHERE k BETWEEN 5786889 AND 5786989
	Index Only Scan using k_4 on sbtest4  (cost=0.43..6.56 rows=106 width=4)
	  Index Cond: ((k >= 5786889) AND (k <= 5786989))

table 5 : explain SELECT k FROM sbtest5 WHERE k BETWEEN 5786889 AND 5786989
	Index Only Scan using k_5 on sbtest5  (cost=0.43..6.43 rows=100 width=4)
	  Index Cond: ((k >= 5786889) AND (k <= 5786989))

table 6 : explain SELECT k FROM sbtest6 WHERE k BETWEEN 5786889 AND 5786989
	Index Only Scan using k_6 on sbtest6  (cost=0.43..6.58 rows=107 width=4)
	  Index Cond: ((k >= 5786889) AND (k <= 5786989))

table 7 : explain SELECT k FROM sbtest7 WHERE k BETWEEN 5786889 AND 5786989
	Index Only Scan using k_7 on sbtest7  (cost=0.43..6.59 rows=108 width=4)
	  Index Cond: ((k >= 5786889) AND (k <= 5786989))

table 8 : explain SELECT k FROM sbtest8 WHERE k BETWEEN 5786889 AND 5786989
	Index Only Scan using k_8 on sbtest8  (cost=0.43..10.36 rows=96 width=4)
	  Index Cond: ((k >= 5786889) AND (k <= 5786989))
for range-covered
table 1 : explain SELECT k FROM sbtest1 WHERE k BETWEEN 6151900 AND 6152000
	Index Only Scan using k_1 on sbtest1  (cost=0.43..6.58 rows=107 width=4)
	  Index Cond: ((k >= 6151900) AND (k <= 6152000))

table 2 : explain SELECT k FROM sbtest2 WHERE k BETWEEN 6151900 AND 6152000
	Index Only Scan using k_2 on sbtest2  (cost=0.43..10.32 rows=94 width=4)
	  Index Cond: ((k >= 6151900) AND (k <= 6152000))

table 3 : explain SELECT k FROM sbtest3 WHERE k BETWEEN 6151900 AND 6152000
	Index Only Scan using k_3 on sbtest3  (cost=0.43..6.29 rows=93 width=4)
	  Index Cond: ((k >= 6151900) AND (k <= 6152000))

table 4 : explain SELECT k FROM sbtest4 WHERE k BETWEEN 6151900 AND 6152000
	Index Only Scan using k_4 on sbtest4  (cost=0.43..6.37 rows=97 width=4)
	  Index Cond: ((k >= 6151900) AND (k <= 6152000))

table 5 : explain SELECT k FROM sbtest5 WHERE k BETWEEN 6151900 AND 6152000
	Index Only Scan using k_5 on sbtest5  (cost=0.43..6.40 rows=98 width=4)
	  Index Cond: ((k >= 6151900) AND (k <= 6152000))

table 6 : explain SELECT k FROM sbtest6 WHERE k BETWEEN 6151900 AND 6152000
	Index Only Scan using k_6 on sbtest6  (cost=0.43..6.47 rows=102 width=4)
	  Index Cond: ((k >= 6151900) AND (k <= 6152000))

table 7 : explain SELECT k FROM sbtest7 WHERE k BETWEEN 6151900 AND 6152000
	Index Only Scan using k_7 on sbtest7  (cost=0.43..6.43 rows=100 width=4)
	  Index Cond: ((k >= 6151900) AND (k <= 6152000))

table 8 : explain SELECT k FROM sbtest8 WHERE k BETWEEN 6151900 AND 6152000
	Index Only Scan using k_8 on sbtest8  (cost=0.43..10.28 rows=92 width=4)
	  Index Cond: ((k >= 6151900) AND (k <= 6152000))


for range-covered
table 1 : explain SELECT k FROM sbtest1 WHERE k BETWEEN 5143935 AND 5144035
	Index Only Scan using k_1 on sbtest1  (cost=0.43..6.50 rows=103 width=4)
	  Index Cond: ((k >= 5143935) AND (k <= 5144035))

table 2 : explain SELECT k FROM sbtest2 WHERE k BETWEEN 5143935 AND 5144035
	Index Only Scan using k_2 on sbtest2  (cost=0.43..10.54 rows=105 width=4)
	  Index Cond: ((k >= 5143935) AND (k <= 5144035))

table 3 : explain SELECT k FROM sbtest3 WHERE k BETWEEN 5143935 AND 5144035
	Index Only Scan using k_3 on sbtest3  (cost=0.43..6.45 rows=101 width=4)
	  Index Cond: ((k >= 5143935) AND (k <= 5144035))

table 4 : explain SELECT k FROM sbtest4 WHERE k BETWEEN 5143935 AND 5144035
	Index Only Scan using k_4 on sbtest4  (cost=0.43..6.42 rows=99 width=4)
	  Index Cond: ((k >= 5143935) AND (k <= 5144035))

table 5 : explain SELECT k FROM sbtest5 WHERE k BETWEEN 5143935 AND 5144035
	Index Only Scan using k_5 on sbtest5  (cost=0.43..6.43 rows=100 width=4)
	  Index Cond: ((k >= 5143935) AND (k <= 5144035))

table 6 : explain SELECT k FROM sbtest6 WHERE k BETWEEN 5143935 AND 5144035
	Index Only Scan using k_6 on sbtest6  (cost=0.43..6.63 rows=110 width=4)
	  Index Cond: ((k >= 5143935) AND (k <= 5144035))

table 7 : explain SELECT k FROM sbtest7 WHERE k BETWEEN 5143935 AND 5144035
	Index Only Scan using k_7 on sbtest7  (cost=0.43..6.58 rows=107 width=4)
	  Index Cond: ((k >= 5143935) AND (k <= 5144035))

table 8 : explain SELECT k FROM sbtest8 WHERE k BETWEEN 5143935 AND 5144035
	Index Only Scan using k_8 on sbtest8  (cost=0.43..10.36 rows=96 width=4)
	  Index Cond: ((k >= 5143935) AND (k <= 5144035))

explain: for range-covered :: explain SELECT k FROM sbtest%d WHERE k BETWEEN 6112263 AND 6112363
explain: for range-covered :: explain SELECT k FROM sbtest%d WHERE k BETWEEN 1294497 AND 1294597
explain: for range-covered :: explain SELECT k FROM sbtest%d WHERE k BETWEEN 5786889 AND 5786989
explain: for range-covered :: explain SELECT k FROM sbtest%d WHERE k BETWEEN 5143935 AND 5144035

explain: for range-covered :: explain SELECT k FROM sbtest%d WHERE k BETWEEN 6151900 AND 6152000
for range-covered
table 1 : explain SELECT k FROM sbtest1 WHERE k BETWEEN 463310 AND 463410
	Index Only Scan using k_1 on sbtest1  (cost=0.43..6.58 rows=107 width=4)
	  Index Cond: ((k >= 463310) AND (k <= 463410))

table 2 : explain SELECT k FROM sbtest2 WHERE k BETWEEN 463310 AND 463410
	Index Only Scan using k_2 on sbtest2  (cost=0.43..10.54 rows=105 width=4)
	  Index Cond: ((k >= 463310) AND (k <= 463410))

table 3 : explain SELECT k FROM sbtest3 WHERE k BETWEEN 463310 AND 463410
	Index Only Scan using k_3 on sbtest3  (cost=0.43..6.42 rows=99 width=4)
	  Index Cond: ((k >= 463310) AND (k <= 463410))

table 4 : explain SELECT k FROM sbtest4 WHERE k BETWEEN 463310 AND 463410
	Index Only Scan using k_4 on sbtest4  (cost=0.43..6.43 rows=100 width=4)
	  Index Cond: ((k >= 463310) AND (k <= 463410))

table 5 : explain SELECT k FROM sbtest5 WHERE k BETWEEN 463310 AND 463410
	Index Only Scan using k_5 on sbtest5  (cost=0.43..6.40 rows=98 width=4)
	  Index Cond: ((k >= 463310) AND (k <= 463410))

table 6 : explain SELECT k FROM sbtest6 WHERE k BETWEEN 463310 AND 463410
	Index Only Scan using k_6 on sbtest6  (cost=0.43..6.40 rows=98 width=4)
	  Index Cond: ((k >= 463310) AND (k <= 463410))

table 7 : explain SELECT k FROM sbtest7 WHERE k BETWEEN 463310 AND 463410
	Index Only Scan using k_7 on sbtest7  (cost=0.43..6.50 rows=103 width=4)
	  Index Cond: ((k >= 463310) AND (k <= 463410))

table 8 : explain SELECT k FROM sbtest8 WHERE k BETWEEN 463310 AND 463410
	Index Only Scan using k_8 on sbtest8  (cost=0.43..10.50 rows=103 width=4)
	  Index Cond: ((k >= 463310) AND (k <= 463410))

explain: for range-covered :: explain SELECT k FROM sbtest%d WHERE k BETWEEN 463310 AND 463410
for range-covered
table 1 : explain SELECT k FROM sbtest1 WHERE k BETWEEN 8591417 AND 8591517
	Index Only Scan using k_1 on sbtest1  (cost=0.43..6.61 rows=109 width=4)
	  Index Cond: ((k >= 8591417) AND (k <= 8591517))

table 2 : explain SELECT k FROM sbtest2 WHERE k BETWEEN 8591417 AND 8591517
	Index Only Scan using k_2 on sbtest2  (cost=0.43..10.33 rows=95 width=4)
	  Index Cond: ((k >= 8591417) AND (k <= 8591517))

table 3 : explain SELECT k FROM sbtest3 WHERE k BETWEEN 8591417 AND 8591517
	Index Only Scan using k_3 on sbtest3  (cost=0.43..6.51 rows=104 width=4)
	  Index Cond: ((k >= 8591417) AND (k <= 8591517))

table 4 : explain SELECT k FROM sbtest4 WHERE k BETWEEN 8591417 AND 8591517
	Index Only Scan using k_4 on sbtest4  (cost=0.43..6.51 rows=104 width=4)
	  Index Cond: ((k >= 8591417) AND (k <= 8591517))

table 5 : explain SELECT k FROM sbtest5 WHERE k BETWEEN 8591417 AND 8591517
	Index Only Scan using k_5 on sbtest5  (cost=0.43..6.24 rows=90 width=4)
	  Index Cond: ((k >= 8591417) AND (k <= 8591517))

table 6 : explain SELECT k FROM sbtest6 WHERE k BETWEEN 8591417 AND 8591517
	Index Only Scan using k_6 on sbtest6  (cost=0.43..6.61 rows=109 width=4)
	  Index Cond: ((k >= 8591417) AND (k <= 8591517))

table 7 : explain SELECT k FROM sbtest7 WHERE k BETWEEN 8591417 AND 8591517
	Index Only Scan using k_7 on sbtest7  (cost=0.43..6.27 rows=92 width=4)
	  Index Cond: ((k >= 8591417) AND (k <= 8591517))

table 8 : explain SELECT k FROM sbtest8 WHERE k BETWEEN 8591417 AND 8591517
	Index Only Scan using k_8 on sbtest8  (cost=0.43..10.46 rows=101 width=4)
	  Index Cond: ((k >= 8591417) AND (k <= 8591517))

explain: for range-covered :: explain SELECT k FROM sbtest%d WHERE k BETWEEN 8591417 AND 8591517
for range-covered
table 1 : explain SELECT k FROM sbtest1 WHERE k BETWEEN 4141378 AND 4141478
	Index Only Scan using k_1 on sbtest1  (cost=0.43..6.27 rows=92 width=4)
	  Index Cond: ((k >= 4141378) AND (k <= 4141478))

table 2 : explain SELECT k FROM sbtest2 WHERE k BETWEEN 4141378 AND 4141478
	Index Only Scan using k_2 on sbtest2  (cost=0.43..10.47 rows=102 width=4)
	  Index Cond: ((k >= 4141378) AND (k <= 4141478))

table 3 : explain SELECT k FROM sbtest3 WHERE k BETWEEN 4141378 AND 4141478
	Index Only Scan using k_3 on sbtest3  (cost=0.43..6.42 rows=99 width=4)
	  Index Cond: ((k >= 4141378) AND (k <= 4141478))

table 4 : explain SELECT k FROM sbtest4 WHERE k BETWEEN 4141378 AND 4141478
	Index Only Scan using k_4 on sbtest4  (cost=0.43..6.43 rows=100 width=4)
	  Index Cond: ((k >= 4141378) AND (k <= 4141478))

table 5 : explain SELECT k FROM sbtest5 WHERE k BETWEEN 4141378 AND 4141478
	Index Only Scan using k_5 on sbtest5  (cost=0.43..6.47 rows=102 width=4)
	  Index Cond: ((k >= 4141378) AND (k <= 4141478))

table 6 : explain SELECT k FROM sbtest6 WHERE k BETWEEN 4141378 AND 4141478
	Index Only Scan using k_6 on sbtest6  (cost=0.43..6.33 rows=95 width=4)
	  Index Cond: ((k >= 4141378) AND (k <= 4141478))

table 7 : explain SELECT k FROM sbtest7 WHERE k BETWEEN 4141378 AND 4141478
	Index Only Scan using k_7 on sbtest7  (cost=0.43..6.47 rows=102 width=4)
	  Index Cond: ((k >= 4141378) AND (k <= 4141478))

table 8 : explain SELECT k FROM sbtest8 WHERE k BETWEEN 4141378 AND 4141478
	Index Only Scan using k_8 on sbtest8  (cost=0.43..10.47 rows=102 width=4)
	  Index Cond: ((k >= 4141378) AND (k <= 4141478))

explain: for range-covered :: explain SELECT k FROM sbtest%d WHERE k BETWEEN 4141378 AND 4141478
for range-covered
table 1 : explain SELECT k FROM sbtest1 WHERE k BETWEEN 5143935 AND 5144035
	Index Only Scan using k_1 on sbtest1  (cost=0.43..6.50 rows=103 width=4)
	  Index Cond: ((k >= 5143935) AND (k <= 5144035))

table 2 : explain SELECT k FROM sbtest2 WHERE k BETWEEN 5143935 AND 5144035
	Index Only Scan using k_2 on sbtest2  (cost=0.43..10.54 rows=105 width=4)
	  Index Cond: ((k >= 5143935) AND (k <= 5144035))

table 3 : explain SELECT k FROM sbtest3 WHERE k BETWEEN 5143935 AND 5144035
	Index Only Scan using k_3 on sbtest3  (cost=0.43..6.45 rows=101 width=4)
	  Index Cond: ((k >= 5143935) AND (k <= 5144035))

table 4 : explain SELECT k FROM sbtest4 WHERE k BETWEEN 5143935 AND 5144035
	Index Only Scan using k_4 on sbtest4  (cost=0.43..6.42 rows=99 width=4)
	  Index Cond: ((k >= 5143935) AND (k <= 5144035))

table 5 : explain SELECT k FROM sbtest5 WHERE k BETWEEN 5143935 AND 5144035
	Index Only Scan using k_5 on sbtest5  (cost=0.43..6.43 rows=100 width=4)
	  Index Cond: ((k >= 5143935) AND (k <= 5144035))

table 6 : explain SELECT k FROM sbtest6 WHERE k BETWEEN 5143935 AND 5144035
	Index Only Scan using k_6 on sbtest6  (cost=0.43..6.63 rows=110 width=4)
	  Index Cond: ((k >= 5143935) AND (k <= 5144035))

table 7 : explain SELECT k FROM sbtest7 WHERE k BETWEEN 5143935 AND 5144035
	Index Only Scan using k_7 on sbtest7  (cost=0.43..6.58 rows=107 width=4)
	  Index Cond: ((k >= 5143935) AND (k <= 5144035))

table 8 : explain SELECT k FROM sbtest8 WHERE k BETWEEN 5143935 AND 5144035
	Index Only Scan using k_8 on sbtest8  (cost=0.43..10.36 rows=96 width=4)
	  Index Cond: ((k >= 5143935) AND (k <= 5144035))

for range-covered
table 1 : explain SELECT k FROM sbtest1 WHERE k BETWEEN 6112263 AND 6112363
	Index Only Scan using k_1 on sbtest1  (cost=0.43..6.72 rows=114 width=4)
	  Index Cond: ((k >= 6112263) AND (k <= 6112363))

table 2 : explain SELECT k FROM sbtest2 WHERE k BETWEEN 6112263 AND 6112363
	Index Only Scan using k_2 on sbtest2  (cost=0.43..10.32 rows=94 width=4)
	  Index Cond: ((k >= 6112263) AND (k <= 6112363))

table 3 : explain SELECT k FROM sbtest3 WHERE k BETWEEN 6112263 AND 6112363
	Index Only Scan using k_3 on sbtest3  (cost=0.43..6.29 rows=93 width=4)
	  Index Cond: ((k >= 6112263) AND (k <= 6112363))

table 4 : explain SELECT k FROM sbtest4 WHERE k BETWEEN 6112263 AND 6112363
	Index Only Scan using k_4 on sbtest4  (cost=0.43..6.47 rows=102 width=4)
	  Index Cond: ((k >= 6112263) AND (k <= 6112363))

table 5 : explain SELECT k FROM sbtest5 WHERE k BETWEEN 6112263 AND 6112363
	Index Only Scan using k_5 on sbtest5  (cost=0.43..6.40 rows=98 width=4)
	  Index Cond: ((k >= 6112263) AND (k <= 6112363))

table 6 : explain SELECT k FROM sbtest6 WHERE k BETWEEN 6112263 AND 6112363
	Index Only Scan using k_6 on sbtest6  (cost=0.43..6.51 rows=104 width=4)
	  Index Cond: ((k >= 6112263) AND (k <= 6112363))

table 7 : explain SELECT k FROM sbtest7 WHERE k BETWEEN 6112263 AND 6112363
	Index Only Scan using k_7 on sbtest7  (cost=0.43..6.43 rows=100 width=4)
	  Index Cond: ((k >= 6112263) AND (k <= 6112363))

table 8 : explain SELECT k FROM sbtest8 WHERE k BETWEEN 6112263 AND 6112363
	Index Only Scan using k_8 on sbtest8  (cost=0.43..10.28 rows=92 width=4)
	  Index Cond: ((k >= 6112263) AND (k <= 6112363))

for range-covered
table 1 : explain SELECT k FROM sbtest1 WHERE k BETWEEN 1294497 AND 1294597
	Index Only Scan using k_1 on sbtest1  (cost=0.43..6.45 rows=101 width=4)
	  Index Cond: ((k >= 1294497) AND (k <= 1294597))

table 2 : explain SELECT k FROM sbtest2 WHERE k BETWEEN 1294497 AND 1294597
	Index Only Scan using k_2 on sbtest2  (cost=0.43..10.76 rows=116 width=4)
	  Index Cond: ((k >= 1294497) AND (k <= 1294597))

table 3 : explain SELECT k FROM sbtest3 WHERE k BETWEEN 1294497 AND 1294597
	Index Only Scan using k_3 on sbtest3  (cost=0.43..6.45 rows=101 width=4)
	  Index Cond: ((k >= 1294497) AND (k <= 1294597))

table 4 : explain SELECT k FROM sbtest4 WHERE k BETWEEN 1294497 AND 1294597
	Index Only Scan using k_4 on sbtest4  (cost=0.43..6.45 rows=101 width=4)
	  Index Cond: ((k >= 1294497) AND (k <= 1294597))

table 5 : explain SELECT k FROM sbtest5 WHERE k BETWEEN 1294497 AND 1294597
	Index Only Scan using k_5 on sbtest5  (cost=0.43..6.47 rows=102 width=4)
	  Index Cond: ((k >= 1294497) AND (k <= 1294597))

table 6 : explain SELECT k FROM sbtest6 WHERE k BETWEEN 1294497 AND 1294597
	Index Only Scan using k_6 on sbtest6  (cost=0.43..6.35 rows=96 width=4)
	  Index Cond: ((k >= 1294497) AND (k <= 1294597))

table 7 : explain SELECT k FROM sbtest7 WHERE k BETWEEN 1294497 AND 1294597
	Index Only Scan using k_7 on sbtest7  (cost=0.43..6.56 rows=106 width=4)
	  Index Cond: ((k >= 1294497) AND (k <= 1294597))

table 8 : explain SELECT k FROM sbtest8 WHERE k BETWEEN 1294497 AND 1294597
	Index Only Scan using k_8 on sbtest8  (cost=0.43..10.29 rows=93 width=4)
	  Index Cond: ((k >= 1294497) AND (k <= 1294597))

explain: for range-covered :: explain SELECT k FROM sbtest%d WHERE k BETWEEN 5143935 AND 5144035
for range-covered
table 1 : explain SELECT k FROM sbtest1 WHERE k BETWEEN 5786889 AND 5786989
	Index Only Scan using k_1 on sbtest1  (cost=0.43..6.37 rows=97 width=4)
	  Index Cond: ((k >= 5786889) AND (k <= 5786989))

table 2 : explain SELECT k FROM sbtest2 WHERE k BETWEEN 5786889 AND 5786989
	Index Only Scan using k_2 on sbtest2  (cost=0.43..10.51 rows=104 width=4)
	  Index Cond: ((k >= 5786889) AND (k <= 5786989))

table 3 : explain SELECT k FROM sbtest3 WHERE k BETWEEN 5786889 AND 5786989
	Index Only Scan using k_3 on sbtest3  (cost=0.43..6.67 rows=112 width=4)
	  Index Cond: ((k >= 5786889) AND (k <= 5786989))

table 4 : explain SELECT k FROM sbtest4 WHERE k BETWEEN 5786889 AND 5786989
	Index Only Scan using k_4 on sbtest4  (cost=0.43..6.56 rows=106 width=4)
	  Index Cond: ((k >= 5786889) AND (k <= 5786989))

table 5 : explain SELECT k FROM sbtest5 WHERE k BETWEEN 5786889 AND 5786989
	Index Only Scan using k_5 on sbtest5  (cost=0.43..6.43 rows=100 width=4)
	  Index Cond: ((k >= 5786889) AND (k <= 5786989))

table 6 : explain SELECT k FROM sbtest6 WHERE k BETWEEN 5786889 AND 5786989
	Index Only Scan using k_6 on sbtest6  (cost=0.43..6.58 rows=107 width=4)
	  Index Cond: ((k >= 5786889) AND (k <= 5786989))

table 7 : explain SELECT k FROM sbtest7 WHERE k BETWEEN 5786889 AND 5786989
	Index Only Scan using k_7 on sbtest7  (cost=0.43..6.59 rows=108 width=4)
	  Index Cond: ((k >= 5786889) AND (k <= 5786989))

table 8 : explain SELECT k FROM sbtest8 WHERE k BETWEEN 5786889 AND 5786989
	Index Only Scan using k_8 on sbtest8  (cost=0.43..10.36 rows=96 width=4)
	  Index Cond: ((k >= 5786889) AND (k <= 5786989))

explain: for range-covered :: explain SELECT k FROM sbtest%d WHERE k BETWEEN 6112263 AND 6112363
explain: for range-covered :: explain SELECT k FROM sbtest%d WHERE k BETWEEN 1294497 AND 1294597
for range-covered
table 1 : explain SELECT k FROM sbtest1 WHERE k BETWEEN 6151900 AND 6152000
	Index Only Scan using k_1 on sbtest1  (cost=0.43..6.58 rows=107 width=4)
	  Index Cond: ((k >= 6151900) AND (k <= 6152000))

table 2 : explain SELECT k FROM sbtest2 WHERE k BETWEEN 6151900 AND 6152000
	Index Only Scan using k_2 on sbtest2  (cost=0.43..10.32 rows=94 width=4)
	  Index Cond: ((k >= 6151900) AND (k <= 6152000))

table 3 : explain SELECT k FROM sbtest3 WHERE k BETWEEN 6151900 AND 6152000
	Index Only Scan using k_3 on sbtest3  (cost=0.43..6.29 rows=93 width=4)
	  Index Cond: ((k >= 6151900) AND (k <= 6152000))

table 4 : explain SELECT k FROM sbtest4 WHERE k BETWEEN 6151900 AND 6152000
	Index Only Scan using k_4 on sbtest4  (cost=0.43..6.37 rows=97 width=4)
	  Index Cond: ((k >= 6151900) AND (k <= 6152000))

table 5 : explain SELECT k FROM sbtest5 WHERE k BETWEEN 6151900 AND 6152000
	Index Only Scan using k_5 on sbtest5  (cost=0.43..6.40 rows=98 width=4)
	  Index Cond: ((k >= 6151900) AND (k <= 6152000))

table 6 : explain SELECT k FROM sbtest6 WHERE k BETWEEN 6151900 AND 6152000
	Index Only Scan using k_6 on sbtest6  (cost=0.43..6.47 rows=102 width=4)
	  Index Cond: ((k >= 6151900) AND (k <= 6152000))

table 7 : explain SELECT k FROM sbtest7 WHERE k BETWEEN 6151900 AND 6152000
	Index Only Scan using k_7 on sbtest7  (cost=0.43..6.43 rows=100 width=4)
	  Index Cond: ((k >= 6151900) AND (k <= 6152000))

table 8 : explain SELECT k FROM sbtest8 WHERE k BETWEEN 6151900 AND 6152000
	Index Only Scan using k_8 on sbtest8  (cost=0.43..10.28 rows=92 width=4)
	  Index Cond: ((k >= 6151900) AND (k <= 6152000))

explain: for range-covered :: explain SELECT k FROM sbtest%d WHERE k BETWEEN 5786889 AND 5786989
explain: for range-covered :: explain SELECT k FROM sbtest%d WHERE k BETWEEN 6151900 AND 6152000
explain: for range-covered :: explain SELECT k FROM sbtest%d WHERE k BETWEEN 4881934 AND 4882034
for range-covered
table 1 : explain SELECT k FROM sbtest1 WHERE k BETWEEN 8591417 AND 8591517
	Index Only Scan using k_1 on sbtest1  (cost=0.43..6.61 rows=109 width=4)
	  Index Cond: ((k >= 8591417) AND (k <= 8591517))

table 2 : explain SELECT k FROM sbtest2 WHERE k BETWEEN 8591417 AND 8591517
	Index Only Scan using k_2 on sbtest2  (cost=0.43..10.33 rows=95 width=4)
	  Index Cond: ((k >= 8591417) AND (k <= 8591517))

table 3 : explain SELECT k FROM sbtest3 WHERE k BETWEEN 8591417 AND 8591517
	Index Only Scan using k_3 on sbtest3  (cost=0.43..6.51 rows=104 width=4)
	  Index Cond: ((k >= 8591417) AND (k <= 8591517))

table 4 : explain SELECT k FROM sbtest4 WHERE k BETWEEN 8591417 AND 8591517
	Index Only Scan using k_4 on sbtest4  (cost=0.43..6.51 rows=104 width=4)
	  Index Cond: ((k >= 8591417) AND (k <= 8591517))

table 5 : explain SELECT k FROM sbtest5 WHERE k BETWEEN 8591417 AND 8591517
	Index Only Scan using k_5 on sbtest5  (cost=0.43..6.24 rows=90 width=4)
	  Index Cond: ((k >= 8591417) AND (k <= 8591517))

table 6 : explain SELECT k FROM sbtest6 WHERE k BETWEEN 8591417 AND 8591517
	Index Only Scan using k_6 on sbtest6  (cost=0.43..6.61 rows=109 width=4)
	  Index Cond: ((k >= 8591417) AND (k <= 8591517))

table 7 : explain SELECT k FROM sbtest7 WHERE k BETWEEN 8591417 AND 8591517
	Index Only Scan using k_7 on sbtest7  (cost=0.43..6.27 rows=92 width=4)
	  Index Cond: ((k >= 8591417) AND (k <= 8591517))

table 8 : explain SELECT k FROM sbtest8 WHERE k BETWEEN 8591417 AND 8591517
	Index Only Scan using k_8 on sbtest8  (cost=0.43..10.46 rows=101 width=4)
	  Index Cond: ((k >= 8591417) AND (k <= 8591517))

for range-covered
table 1 : explain SELECT k FROM sbtest1 WHERE k BETWEEN 2915087 AND 2915187
	Index Only Scan using k_1 on sbtest1  (cost=0.43..6.40 rows=98 width=4)
	  Index Cond: ((k >= 2915087) AND (k <= 2915187))

table 2 : explain SELECT k FROM sbtest2 WHERE k BETWEEN 2915087 AND 2915187
	Index Only Scan using k_2 on sbtest2  (cost=0.43..10.63 rows=110 width=4)
	  Index Cond: ((k >= 2915087) AND (k <= 2915187))

table 3 : explain SELECT k FROM sbtest3 WHERE k BETWEEN 2915087 AND 2915187
	Index Only Scan using k_3 on sbtest3  (cost=0.43..6.43 rows=100 width=4)
	  Index Cond: ((k >= 2915087) AND (k <= 2915187))

table 4 : explain SELECT k FROM sbtest4 WHERE k BETWEEN 2915087 AND 2915187
	Index Only Scan using k_4 on sbtest4  (cost=0.43..6.33 rows=95 width=4)
	  Index Cond: ((k >= 2915087) AND (k <= 2915187))

table 5 : explain SELECT k FROM sbtest5 WHERE k BETWEEN 2915087 AND 2915187
	Index Only Scan using k_5 on sbtest5  (cost=0.43..6.81 rows=119 width=4)
	  Index Cond: ((k >= 2915087) AND (k <= 2915187))

table 6 : explain SELECT k FROM sbtest6 WHERE k BETWEEN 2915087 AND 2915187
	Index Only Scan using k_6 on sbtest6  (cost=0.43..6.43 rows=100 width=4)
	  Index Cond: ((k >= 2915087) AND (k <= 2915187))

table 7 : explain SELECT k FROM sbtest7 WHERE k BETWEEN 2915087 AND 2915187
	Index Only Scan using k_7 on sbtest7  (cost=0.43..6.66 rows=111 width=4)
	  Index Cond: ((k >= 2915087) AND (k <= 2915187))

table 8 : explain SELECT k FROM sbtest8 WHERE k BETWEEN 2915087 AND 2915187
	Index Only Scan using k_8 on sbtest8  (cost=0.43..10.46 rows=101 width=4)
	  Index Cond: ((k >= 2915087) AND (k <= 2915187))

for range-covered
table 1 : explain SELECT k FROM sbtest1 WHERE k BETWEEN 463310 AND 463410
	Index Only Scan using k_1 on sbtest1  (cost=0.43..6.58 rows=107 width=4)
	  Index Cond: ((k >= 463310) AND (k <= 463410))

table 2 : explain SELECT k FROM sbtest2 WHERE k BETWEEN 463310 AND 463410
	Index Only Scan using k_2 on sbtest2  (cost=0.43..10.54 rows=105 width=4)
	  Index Cond: ((k >= 463310) AND (k <= 463410))

table 3 : explain SELECT k FROM sbtest3 WHERE k BETWEEN 463310 AND 463410
	Index Only Scan using k_3 on sbtest3  (cost=0.43..6.42 rows=99 width=4)
	  Index Cond: ((k >= 463310) AND (k <= 463410))

table 4 : explain SELECT k FROM sbtest4 WHERE k BETWEEN 463310 AND 463410
	Index Only Scan using k_4 on sbtest4  (cost=0.43..6.43 rows=100 width=4)
	  Index Cond: ((k >= 463310) AND (k <= 463410))

table 5 : explain SELECT k FROM sbtest5 WHERE k BETWEEN 463310 AND 463410
	Index Only Scan using k_5 on sbtest5  (cost=0.43..6.40 rows=98 width=4)
	  Index Cond: ((k >= 463310) AND (k <= 463410))

table 6 : explain SELECT k FROM sbtest6 WHERE k BETWEEN 463310 AND 463410
	Index Only Scan using k_6 on sbtest6  (cost=0.43..6.40 rows=98 width=4)
	  Index Cond: ((k >= 463310) AND (k <= 463410))

table 7 : explain SELECT k FROM sbtest7 WHERE k BETWEEN 463310 AND 463410
	Index Only Scan using k_7 on sbtest7  (cost=0.43..6.50 rows=103 width=4)
	  Index Cond: ((k >= 463310) AND (k <= 463410))

table 8 : explain SELECT k FROM sbtest8 WHERE k BETWEEN 463310 AND 463410
	Index Only Scan using k_8 on sbtest8  (cost=0.43..10.50 rows=103 width=4)
	  Index Cond: ((k >= 463310) AND (k <= 463410))

explain: for range-covered :: explain SELECT k FROM sbtest%d WHERE k BETWEEN 8591417 AND 8591517
for range-covered
table 1 : explain SELECT k FROM sbtest1 WHERE k BETWEEN 4054977 AND 4055077
	Index Only Scan using k_1 on sbtest1  (cost=0.43..6.27 rows=92 width=4)
	  Index Cond: ((k >= 4054977) AND (k <= 4055077))

table 2 : explain SELECT k FROM sbtest2 WHERE k BETWEEN 4054977 AND 4055077
	Index Only Scan using k_2 on sbtest2  (cost=0.43..10.32 rows=94 width=4)
	  Index Cond: ((k >= 4054977) AND (k <= 4055077))

table 3 : explain SELECT k FROM sbtest3 WHERE k BETWEEN 4054977 AND 4055077
	Index Only Scan using k_3 on sbtest3  (cost=0.43..6.40 rows=98 width=4)
	  Index Cond: ((k >= 4054977) AND (k <= 4055077))

table 4 : explain SELECT k FROM sbtest4 WHERE k BETWEEN 4054977 AND 4055077
	Index Only Scan using k_4 on sbtest4  (cost=0.43..6.45 rows=101 width=4)
	  Index Cond: ((k >= 4054977) AND (k <= 4055077))

table 5 : explain SELECT k FROM sbtest5 WHERE k BETWEEN 4054977 AND 4055077
	Index Only Scan using k_5 on sbtest5  (cost=0.43..6.53 rows=105 width=4)
	  Index Cond: ((k >= 4054977) AND (k <= 4055077))

table 6 : explain SELECT k FROM sbtest6 WHERE k BETWEEN 4054977 AND 4055077
	Index Only Scan using k_6 on sbtest6  (cost=0.43..6.50 rows=103 width=4)
	  Index Cond: ((k >= 4054977) AND (k <= 4055077))

table 7 : explain SELECT k FROM sbtest7 WHERE k BETWEEN 4054977 AND 4055077
	Index Only Scan using k_7 on sbtest7  (cost=0.43..6.53 rows=105 width=4)
	  Index Cond: ((k >= 4054977) AND (k <= 4055077))

table 8 : explain SELECT k FROM sbtest8 WHERE k BETWEEN 4054977 AND 4055077
	Index Only Scan using k_8 on sbtest8  (cost=0.43..10.47 rows=102 width=4)
	  Index Cond: ((k >= 4054977) AND (k <= 4055077))

explain: for range-covered :: explain SELECT k FROM sbtest%d WHERE k BETWEEN 463310 AND 463410
explain: for range-covered :: explain SELECT k FROM sbtest%d WHERE k BETWEEN 2915087 AND 2915187
for range-covered
table 1 : explain SELECT k FROM sbtest1 WHERE k BETWEEN 4141378 AND 4141478
	Index Only Scan using k_1 on sbtest1  (cost=0.43..6.27 rows=92 width=4)
	  Index Cond: ((k >= 4141378) AND (k <= 4141478))

table 2 : explain SELECT k FROM sbtest2 WHERE k BETWEEN 4141378 AND 4141478
	Index Only Scan using k_2 on sbtest2  (cost=0.43..10.47 rows=102 width=4)
	  Index Cond: ((k >= 4141378) AND (k <= 4141478))

table 3 : explain SELECT k FROM sbtest3 WHERE k BETWEEN 4141378 AND 4141478
	Index Only Scan using k_3 on sbtest3  (cost=0.43..6.42 rows=99 width=4)
	  Index Cond: ((k >= 4141378) AND (k <= 4141478))

table 4 : explain SELECT k FROM sbtest4 WHERE k BETWEEN 4141378 AND 4141478
	Index Only Scan using k_4 on sbtest4  (cost=0.43..6.43 rows=100 width=4)
	  Index Cond: ((k >= 4141378) AND (k <= 4141478))

table 5 : explain SELECT k FROM sbtest5 WHERE k BETWEEN 4141378 AND 4141478
	Index Only Scan using k_5 on sbtest5  (cost=0.43..6.47 rows=102 width=4)
	  Index Cond: ((k >= 4141378) AND (k <= 4141478))

table 6 : explain SELECT k FROM sbtest6 WHERE k BETWEEN 4141378 AND 4141478
	Index Only Scan using k_6 on sbtest6  (cost=0.43..6.33 rows=95 width=4)
	  Index Cond: ((k >= 4141378) AND (k <= 4141478))

table 7 : explain SELECT k FROM sbtest7 WHERE k BETWEEN 4141378 AND 4141478
	Index Only Scan using k_7 on sbtest7  (cost=0.43..6.47 rows=102 width=4)
	  Index Cond: ((k >= 4141378) AND (k <= 4141478))

table 8 : explain SELECT k FROM sbtest8 WHERE k BETWEEN 4141378 AND 4141478
	Index Only Scan using k_8 on sbtest8  (cost=0.43..10.47 rows=102 width=4)
	  Index Cond: ((k >= 4141378) AND (k <= 4141478))

explain: for range-covered :: explain SELECT k FROM sbtest%d WHERE k BETWEEN 4054977 AND 4055077
explain: for range-covered :: explain SELECT k FROM sbtest%d WHERE k BETWEEN 4141378 AND 4141478
for range-covered
table 1 : explain SELECT k FROM sbtest1 WHERE k BETWEEN 5143935 AND 5144035
	Index Only Scan using k_1 on sbtest1  (cost=0.43..6.50 rows=103 width=4)
	  Index Cond: ((k >= 5143935) AND (k <= 5144035))

table 2 : explain SELECT k FROM sbtest2 WHERE k BETWEEN 5143935 AND 5144035
	Index Only Scan using k_2 on sbtest2  (cost=0.43..10.54 rows=105 width=4)
	  Index Cond: ((k >= 5143935) AND (k <= 5144035))

table 3 : explain SELECT k FROM sbtest3 WHERE k BETWEEN 5143935 AND 5144035
	Index Only Scan using k_3 on sbtest3  (cost=0.43..6.45 rows=101 width=4)
	  Index Cond: ((k >= 5143935) AND (k <= 5144035))

table 4 : explain SELECT k FROM sbtest4 WHERE k BETWEEN 5143935 AND 5144035
	Index Only Scan using k_4 on sbtest4  (cost=0.43..6.42 rows=99 width=4)
	  Index Cond: ((k >= 5143935) AND (k <= 5144035))

table 5 : explain SELECT k FROM sbtest5 WHERE k BETWEEN 5143935 AND 5144035
	Index Only Scan using k_5 on sbtest5  (cost=0.43..6.43 rows=100 width=4)
	  Index Cond: ((k >= 5143935) AND (k <= 5144035))

table 6 : explain SELECT k FROM sbtest6 WHERE k BETWEEN 5143935 AND 5144035
	Index Only Scan using k_6 on sbtest6  (cost=0.43..6.63 rows=110 width=4)
	  Index Cond: ((k >= 5143935) AND (k <= 5144035))

table 7 : explain SELECT k FROM sbtest7 WHERE k BETWEEN 5143935 AND 5144035
	Index Only Scan using k_7 on sbtest7  (cost=0.43..6.58 rows=107 width=4)
	  Index Cond: ((k >= 5143935) AND (k <= 5144035))

table 8 : explain SELECT k FROM sbtest8 WHERE k BETWEEN 5143935 AND 5144035
	Index Only Scan using k_8 on sbtest8  (cost=0.43..10.36 rows=96 width=4)
	  Index Cond: ((k >= 5143935) AND (k <= 5144035))

explain: for range-covered :: explain SELECT k FROM sbtest%d WHERE k BETWEEN 5143935 AND 5144035
for range-covered
table 1 : explain SELECT k FROM sbtest1 WHERE k BETWEEN 6112263 AND 6112363
	Index Only Scan using k_1 on sbtest1  (cost=0.43..6.72 rows=114 width=4)
	  Index Cond: ((k >= 6112263) AND (k <= 6112363))

table 2 : explain SELECT k FROM sbtest2 WHERE k BETWEEN 6112263 AND 6112363
	Index Only Scan using k_2 on sbtest2  (cost=0.43..10.32 rows=94 width=4)
	  Index Cond: ((k >= 6112263) AND (k <= 6112363))

table 3 : explain SELECT k FROM sbtest3 WHERE k BETWEEN 6112263 AND 6112363
	Index Only Scan using k_3 on sbtest3  (cost=0.43..6.29 rows=93 width=4)
	  Index Cond: ((k >= 6112263) AND (k <= 6112363))

table 4 : explain SELECT k FROM sbtest4 WHERE k BETWEEN 6112263 AND 6112363
	Index Only Scan using k_4 on sbtest4  (cost=0.43..6.47 rows=102 width=4)
	  Index Cond: ((k >= 6112263) AND (k <= 6112363))

table 5 : explain SELECT k FROM sbtest5 WHERE k BETWEEN 6112263 AND 6112363
	Index Only Scan using k_5 on sbtest5  (cost=0.43..6.40 rows=98 width=4)
	  Index Cond: ((k >= 6112263) AND (k <= 6112363))

table 6 : explain SELECT k FROM sbtest6 WHERE k BETWEEN 6112263 AND 6112363
	Index Only Scan using k_6 on sbtest6  (cost=0.43..6.51 rows=104 width=4)
	  Index Cond: ((k >= 6112263) AND (k <= 6112363))

table 7 : explain SELECT k FROM sbtest7 WHERE k BETWEEN 6112263 AND 6112363
	Index Only Scan using k_7 on sbtest7  (cost=0.43..6.43 rows=100 width=4)
	  Index Cond: ((k >= 6112263) AND (k <= 6112363))

table 8 : explain SELECT k FROM sbtest8 WHERE k BETWEEN 6112263 AND 6112363
	Index Only Scan using k_8 on sbtest8  (cost=0.43..10.28 rows=92 width=4)
	  Index Cond: ((k >= 6112263) AND (k <= 6112363))

for range-covered
table 1 : explain SELECT k FROM sbtest1 WHERE k BETWEEN 1294497 AND 1294597
	Index Only Scan using k_1 on sbtest1  (cost=0.43..6.45 rows=101 width=4)
	  Index Cond: ((k >= 1294497) AND (k <= 1294597))

table 2 : explain SELECT k FROM sbtest2 WHERE k BETWEEN 1294497 AND 1294597
	Index Only Scan using k_2 on sbtest2  (cost=0.43..10.76 rows=116 width=4)
	  Index Cond: ((k >= 1294497) AND (k <= 1294597))

table 3 : explain SELECT k FROM sbtest3 WHERE k BETWEEN 1294497 AND 1294597
	Index Only Scan using k_3 on sbtest3  (cost=0.43..6.45 rows=101 width=4)
	  Index Cond: ((k >= 1294497) AND (k <= 1294597))

table 4 : explain SELECT k FROM sbtest4 WHERE k BETWEEN 1294497 AND 1294597
	Index Only Scan using k_4 on sbtest4  (cost=0.43..6.45 rows=101 width=4)
	  Index Cond: ((k >= 1294497) AND (k <= 1294597))

table 5 : explain SELECT k FROM sbtest5 WHERE k BETWEEN 1294497 AND 1294597
	Index Only Scan using k_5 on sbtest5  (cost=0.43..6.47 rows=102 width=4)
	  Index Cond: ((k >= 1294497) AND (k <= 1294597))

table 6 : explain SELECT k FROM sbtest6 WHERE k BETWEEN 1294497 AND 1294597
	Index Only Scan using k_6 on sbtest6  (cost=0.43..6.35 rows=96 width=4)
	  Index Cond: ((k >= 1294497) AND (k <= 1294597))

table 7 : explain SELECT k FROM sbtest7 WHERE k BETWEEN 1294497 AND 1294597
	Index Only Scan using k_7 on sbtest7  (cost=0.43..6.56 rows=106 width=4)
	  Index Cond: ((k >= 1294497) AND (k <= 1294597))

table 8 : explain SELECT k FROM sbtest8 WHERE k BETWEEN 1294497 AND 1294597
	Index Only Scan using k_8 on sbtest8  (cost=0.43..10.29 rows=93 width=4)
	  Index Cond: ((k >= 1294497) AND (k <= 1294597))

for range-covered
table 1 : explain SELECT k FROM sbtest1 WHERE k BETWEEN 5786889 AND 5786989
	Index Only Scan using k_1 on sbtest1  (cost=0.43..6.37 rows=97 width=4)
	  Index Cond: ((k >= 5786889) AND (k <= 5786989))

table 2 : explain SELECT k FROM sbtest2 WHERE k BETWEEN 5786889 AND 5786989
	Index Only Scan using k_2 on sbtest2  (cost=0.43..10.51 rows=104 width=4)
	  Index Cond: ((k >= 5786889) AND (k <= 5786989))

table 3 : explain SELECT k FROM sbtest3 WHERE k BETWEEN 5786889 AND 5786989
	Index Only Scan using k_3 on sbtest3  (cost=0.43..6.67 rows=112 width=4)
	  Index Cond: ((k >= 5786889) AND (k <= 5786989))

table 4 : explain SELECT k FROM sbtest4 WHERE k BETWEEN 5786889 AND 5786989
	Index Only Scan using k_4 on sbtest4  (cost=0.43..6.56 rows=106 width=4)
	  Index Cond: ((k >= 5786889) AND (k <= 5786989))

table 5 : explain SELECT k FROM sbtest5 WHERE k BETWEEN 5786889 AND 5786989
	Index Only Scan using k_5 on sbtest5  (cost=0.43..6.43 rows=100 width=4)
	  Index Cond: ((k >= 5786889) AND (k <= 5786989))

table 6 : explain SELECT k FROM sbtest6 WHERE k BETWEEN 5786889 AND 5786989
	Index Only Scan using k_6 on sbtest6  (cost=0.43..6.58 rows=107 width=4)
	  Index Cond: ((k >= 5786889) AND (k <= 5786989))

table 7 : explain SELECT k FROM sbtest7 WHERE k BETWEEN 5786889 AND 5786989
	Index Only Scan using k_7 on sbtest7  (cost=0.43..6.59 rows=108 width=4)
	  Index Cond: ((k >= 5786889) AND (k <= 5786989))

table 8 : explain SELECT k FROM sbtest8 WHERE k BETWEEN 5786889 AND 5786989
	Index Only Scan using k_8 on sbtest8  (cost=0.43..10.36 rows=96 width=4)
	  Index Cond: ((k >= 5786889) AND (k <= 5786989))

explain: for range-covered :: explain SELECT k FROM sbtest%d WHERE k BETWEEN 6112263 AND 6112363
explain: for range-covered :: explain SELECT k FROM sbtest%d WHERE k BETWEEN 1294497 AND 1294597
for range-covered
table 1 : explain SELECT k FROM sbtest1 WHERE k BETWEEN 6151900 AND 6152000
	Index Only Scan using k_1 on sbtest1  (cost=0.43..6.58 rows=107 width=4)
	  Index Cond: ((k >= 6151900) AND (k <= 6152000))

table 2 : explain SELECT k FROM sbtest2 WHERE k BETWEEN 6151900 AND 6152000
	Index Only Scan using k_2 on sbtest2  (cost=0.43..10.32 rows=94 width=4)
	  Index Cond: ((k >= 6151900) AND (k <= 6152000))

table 3 : explain SELECT k FROM sbtest3 WHERE k BETWEEN 6151900 AND 6152000
	Index Only Scan using k_3 on sbtest3  (cost=0.43..6.29 rows=93 width=4)
	  Index Cond: ((k >= 6151900) AND (k <= 6152000))

table 4 : explain SELECT k FROM sbtest4 WHERE k BETWEEN 6151900 AND 6152000
	Index Only Scan using k_4 on sbtest4  (cost=0.43..6.37 rows=97 width=4)
	  Index Cond: ((k >= 6151900) AND (k <= 6152000))

table 5 : explain SELECT k FROM sbtest5 WHERE k BETWEEN 6151900 AND 6152000
	Index Only Scan using k_5 on sbtest5  (cost=0.43..6.40 rows=98 width=4)
	  Index Cond: ((k >= 6151900) AND (k <= 6152000))

table 6 : explain SELECT k FROM sbtest6 WHERE k BETWEEN 6151900 AND 6152000
	Index Only Scan using k_6 on sbtest6  (cost=0.43..6.47 rows=102 width=4)
	  Index Cond: ((k >= 6151900) AND (k <= 6152000))

table 7 : explain SELECT k FROM sbtest7 WHERE k BETWEEN 6151900 AND 6152000
	Index Only Scan using k_7 on sbtest7  (cost=0.43..6.43 rows=100 width=4)
	  Index Cond: ((k >= 6151900) AND (k <= 6152000))

table 8 : explain SELECT k FROM sbtest8 WHERE k BETWEEN 6151900 AND 6152000
	Index Only Scan using k_8 on sbtest8  (cost=0.43..10.28 rows=92 width=4)
	  Index Cond: ((k >= 6151900) AND (k <= 6152000))

explain: for range-covered :: explain SELECT k FROM sbtest%d WHERE k BETWEEN 5786889 AND 5786989
for range-covered
table 1 : explain SELECT k FROM sbtest1 WHERE k BETWEEN 8591417 AND 8591517
	Index Only Scan using k_1 on sbtest1  (cost=0.43..6.61 rows=109 width=4)
	  Index Cond: ((k >= 8591417) AND (k <= 8591517))

table 2 : explain SELECT k FROM sbtest2 WHERE k BETWEEN 8591417 AND 8591517
	Index Only Scan using k_2 on sbtest2  (cost=0.43..10.33 rows=95 width=4)
	  Index Cond: ((k >= 8591417) AND (k <= 8591517))

table 3 : explain SELECT k FROM sbtest3 WHERE k BETWEEN 8591417 AND 8591517
	Index Only Scan using k_3 on sbtest3  (cost=0.43..6.51 rows=104 width=4)
	  Index Cond: ((k >= 8591417) AND (k <= 8591517))

table 4 : explain SELECT k FROM sbtest4 WHERE k BETWEEN 8591417 AND 8591517
	Index Only Scan using k_4 on sbtest4  (cost=0.43..6.51 rows=104 width=4)
	  Index Cond: ((k >= 8591417) AND (k <= 8591517))

table 5 : explain SELECT k FROM sbtest5 WHERE k BETWEEN 8591417 AND 8591517
	Index Only Scan using k_5 on sbtest5  (cost=0.43..6.24 rows=90 width=4)
	  Index Cond: ((k >= 8591417) AND (k <= 8591517))

table 6 : explain SELECT k FROM sbtest6 WHERE k BETWEEN 8591417 AND 8591517
	Index Only Scan using k_6 on sbtest6  (cost=0.43..6.61 rows=109 width=4)
	  Index Cond: ((k >= 8591417) AND (k <= 8591517))

table 7 : explain SELECT k FROM sbtest7 WHERE k BETWEEN 8591417 AND 8591517
	Index Only Scan using k_7 on sbtest7  (cost=0.43..6.27 rows=92 width=4)
	  Index Cond: ((k >= 8591417) AND (k <= 8591517))

table 8 : explain SELECT k FROM sbtest8 WHERE k BETWEEN 8591417 AND 8591517
	Index Only Scan using k_8 on sbtest8  (cost=0.43..10.46 rows=101 width=4)
	  Index Cond: ((k >= 8591417) AND (k <= 8591517))

for range-covered
table 1 : explain SELECT k FROM sbtest1 WHERE k BETWEEN 463310 AND 463410
	Index Only Scan using k_1 on sbtest1  (cost=0.43..6.58 rows=107 width=4)
	  Index Cond: ((k >= 463310) AND (k <= 463410))

table 2 : explain SELECT k FROM sbtest2 WHERE k BETWEEN 463310 AND 463410
	Index Only Scan using k_2 on sbtest2  (cost=0.43..10.54 rows=105 width=4)
	  Index Cond: ((k >= 463310) AND (k <= 463410))

table 3 : explain SELECT k FROM sbtest3 WHERE k BETWEEN 463310 AND 463410
	Index Only Scan using k_3 on sbtest3  (cost=0.43..6.42 rows=99 width=4)
	  Index Cond: ((k >= 463310) AND (k <= 463410))

table 4 : explain SELECT k FROM sbtest4 WHERE k BETWEEN 463310 AND 463410
	Index Only Scan using k_4 on sbtest4  (cost=0.43..6.43 rows=100 width=4)
	  Index Cond: ((k >= 463310) AND (k <= 463410))

table 5 : explain SELECT k FROM sbtest5 WHERE k BETWEEN 463310 AND 463410
	Index Only Scan using k_5 on sbtest5  (cost=0.43..6.40 rows=98 width=4)
	  Index Cond: ((k >= 463310) AND (k <= 463410))

table 6 : explain SELECT k FROM sbtest6 WHERE k BETWEEN 463310 AND 463410
	Index Only Scan using k_6 on sbtest6  (cost=0.43..6.40 rows=98 width=4)
	  Index Cond: ((k >= 463310) AND (k <= 463410))

table 7 : explain SELECT k FROM sbtest7 WHERE k BETWEEN 463310 AND 463410
	Index Only Scan using k_7 on sbtest7  (cost=0.43..6.50 rows=103 width=4)
	  Index Cond: ((k >= 463310) AND (k <= 463410))

table 8 : explain SELECT k FROM sbtest8 WHERE k BETWEEN 463310 AND 463410
	Index Only Scan using k_8 on sbtest8  (cost=0.43..10.50 rows=103 width=4)
	  Index Cond: ((k >= 463310) AND (k <= 463410))

explain: for range-covered :: explain SELECT k FROM sbtest%d WHERE k BETWEEN 2015193 AND 2015293
explain: for range-covered :: explain SELECT k FROM sbtest%d WHERE k BETWEEN 463310 AND 463410
for range-covered
table 1 : explain SELECT k FROM sbtest1 WHERE k BETWEEN 5143935 AND 5144035
	Index Only Scan using k_1 on sbtest1  (cost=0.43..6.50 rows=103 width=4)
	  Index Cond: ((k >= 5143935) AND (k <= 5144035))

table 2 : explain SELECT k FROM sbtest2 WHERE k BETWEEN 5143935 AND 5144035
	Index Only Scan using k_2 on sbtest2  (cost=0.43..10.54 rows=105 width=4)
	  Index Cond: ((k >= 5143935) AND (k <= 5144035))

table 3 : explain SELECT k FROM sbtest3 WHERE k BETWEEN 5143935 AND 5144035
	Index Only Scan using k_3 on sbtest3  (cost=0.43..6.45 rows=101 width=4)
	  Index Cond: ((k >= 5143935) AND (k <= 5144035))

table 4 : explain SELECT k FROM sbtest4 WHERE k BETWEEN 5143935 AND 5144035
	Index Only Scan using k_4 on sbtest4  (cost=0.43..6.42 rows=99 width=4)
	  Index Cond: ((k >= 5143935) AND (k <= 5144035))

table 5 : explain SELECT k FROM sbtest5 WHERE k BETWEEN 5143935 AND 5144035
	Index Only Scan using k_5 on sbtest5  (cost=0.43..6.43 rows=100 width=4)
	  Index Cond: ((k >= 5143935) AND (k <= 5144035))

table 6 : explain SELECT k FROM sbtest6 WHERE k BETWEEN 5143935 AND 5144035
	Index Only Scan using k_6 on sbtest6  (cost=0.43..6.63 rows=110 width=4)
	  Index Cond: ((k >= 5143935) AND (k <= 5144035))

table 7 : explain SELECT k FROM sbtest7 WHERE k BETWEEN 5143935 AND 5144035
	Index Only Scan using k_7 on sbtest7  (cost=0.43..6.58 rows=107 width=4)
	  Index Cond: ((k >= 5143935) AND (k <= 5144035))

table 8 : explain SELECT k FROM sbtest8 WHERE k BETWEEN 5143935 AND 5144035
	Index Only Scan using k_8 on sbtest8  (cost=0.43..10.36 rows=96 width=4)
	  Index Cond: ((k >= 5143935) AND (k <= 5144035))

for range-covered
table 1 : explain SELECT k FROM sbtest1 WHERE k BETWEEN 4141378 AND 4141478
	Index Only Scan using k_1 on sbtest1  (cost=0.43..6.27 rows=92 width=4)
	  Index Cond: ((k >= 4141378) AND (k <= 4141478))

table 2 : explain SELECT k FROM sbtest2 WHERE k BETWEEN 4141378 AND 4141478
	Index Only Scan using k_2 on sbtest2  (cost=0.43..10.47 rows=102 width=4)
	  Index Cond: ((k >= 4141378) AND (k <= 4141478))

table 3 : explain SELECT k FROM sbtest3 WHERE k BETWEEN 4141378 AND 4141478
	Index Only Scan using k_3 on sbtest3  (cost=0.43..6.42 rows=99 width=4)
	  Index Cond: ((k >= 4141378) AND (k <= 4141478))

table 4 : explain SELECT k FROM sbtest4 WHERE k BETWEEN 4141378 AND 4141478
	Index Only Scan using k_4 on sbtest4  (cost=0.43..6.43 rows=100 width=4)
	  Index Cond: ((k >= 4141378) AND (k <= 4141478))

table 5 : explain SELECT k FROM sbtest5 WHERE k BETWEEN 4141378 AND 4141478
	Index Only Scan using k_5 on sbtest5  (cost=0.43..6.47 rows=102 width=4)
	  Index Cond: ((k >= 4141378) AND (k <= 4141478))

table 6 : explain SELECT k FROM sbtest6 WHERE k BETWEEN 4141378 AND 4141478
	Index Only Scan using k_6 on sbtest6  (cost=0.43..6.33 rows=95 width=4)
	  Index Cond: ((k >= 4141378) AND (k <= 4141478))

table 7 : explain SELECT k FROM sbtest7 WHERE k BETWEEN 4141378 AND 4141478
	Index Only Scan using k_7 on sbtest7  (cost=0.43..6.47 rows=102 width=4)
	  Index Cond: ((k >= 4141378) AND (k <= 4141478))

table 8 : explain SELECT k FROM sbtest8 WHERE k BETWEEN 4141378 AND 4141478
	Index Only Scan using k_8 on sbtest8  (cost=0.43..10.47 rows=102 width=4)
	  Index Cond: ((k >= 4141378) AND (k <= 4141478))

explain: for range-covered :: explain SELECT k FROM sbtest%d WHERE k BETWEEN 5143935 AND 5144035
explain: for range-covered :: explain SELECT k FROM sbtest%d WHERE k BETWEEN 4141378 AND 4141478
for range-covered
table 1 : explain SELECT k FROM sbtest1 WHERE k BETWEEN 6112263 AND 6112363
	Index Only Scan using k_1 on sbtest1  (cost=0.43..6.72 rows=114 width=4)
	  Index Cond: ((k >= 6112263) AND (k <= 6112363))

table 2 : explain SELECT k FROM sbtest2 WHERE k BETWEEN 6112263 AND 6112363
	Index Only Scan using k_2 on sbtest2  (cost=0.43..10.32 rows=94 width=4)
	  Index Cond: ((k >= 6112263) AND (k <= 6112363))

table 3 : explain SELECT k FROM sbtest3 WHERE k BETWEEN 6112263 AND 6112363
	Index Only Scan using k_3 on sbtest3  (cost=0.43..6.29 rows=93 width=4)
	  Index Cond: ((k >= 6112263) AND (k <= 6112363))

table 4 : explain SELECT k FROM sbtest4 WHERE k BETWEEN 6112263 AND 6112363
	Index Only Scan using k_4 on sbtest4  (cost=0.43..6.47 rows=102 width=4)
	  Index Cond: ((k >= 6112263) AND (k <= 6112363))

table 5 : explain SELECT k FROM sbtest5 WHERE k BETWEEN 6112263 AND 6112363
	Index Only Scan using k_5 on sbtest5  (cost=0.43..6.40 rows=98 width=4)
	  Index Cond: ((k >= 6112263) AND (k <= 6112363))

table 6 : explain SELECT k FROM sbtest6 WHERE k BETWEEN 6112263 AND 6112363
	Index Only Scan using k_6 on sbtest6  (cost=0.43..6.51 rows=104 width=4)
	  Index Cond: ((k >= 6112263) AND (k <= 6112363))

table 7 : explain SELECT k FROM sbtest7 WHERE k BETWEEN 6112263 AND 6112363
	Index Only Scan using k_7 on sbtest7  (cost=0.43..6.43 rows=100 width=4)
	  Index Cond: ((k >= 6112263) AND (k <= 6112363))

table 8 : explain SELECT k FROM sbtest8 WHERE k BETWEEN 6112263 AND 6112363
	Index Only Scan using k_8 on sbtest8  (cost=0.43..10.28 rows=92 width=4)
	  Index Cond: ((k >= 6112263) AND (k <= 6112363))

for range-covered
table 1 : explain SELECT k FROM sbtest1 WHERE k BETWEEN 1294497 AND 1294597
	Index Only Scan using k_1 on sbtest1  (cost=0.43..6.45 rows=101 width=4)
	  Index Cond: ((k >= 1294497) AND (k <= 1294597))

table 2 : explain SELECT k FROM sbtest2 WHERE k BETWEEN 1294497 AND 1294597
	Index Only Scan using k_2 on sbtest2  (cost=0.43..10.76 rows=116 width=4)
	  Index Cond: ((k >= 1294497) AND (k <= 1294597))

table 3 : explain SELECT k FROM sbtest3 WHERE k BETWEEN 1294497 AND 1294597
	Index Only Scan using k_3 on sbtest3  (cost=0.43..6.45 rows=101 width=4)
	  Index Cond: ((k >= 1294497) AND (k <= 1294597))

table 4 : explain SELECT k FROM sbtest4 WHERE k BETWEEN 1294497 AND 1294597
	Index Only Scan using k_4 on sbtest4  (cost=0.43..6.45 rows=101 width=4)
	  Index Cond: ((k >= 1294497) AND (k <= 1294597))

table 5 : explain SELECT k FROM sbtest5 WHERE k BETWEEN 1294497 AND 1294597
	Index Only Scan using k_5 on sbtest5  (cost=0.43..6.47 rows=102 width=4)
	  Index Cond: ((k >= 1294497) AND (k <= 1294597))

table 6 : explain SELECT k FROM sbtest6 WHERE k BETWEEN 1294497 AND 1294597
	Index Only Scan using k_6 on sbtest6  (cost=0.43..6.35 rows=96 width=4)
	  Index Cond: ((k >= 1294497) AND (k <= 1294597))

table 7 : explain SELECT k FROM sbtest7 WHERE k BETWEEN 1294497 AND 1294597
	Index Only Scan using k_7 on sbtest7  (cost=0.43..6.56 rows=106 width=4)
	  Index Cond: ((k >= 1294497) AND (k <= 1294597))

table 8 : explain SELECT k FROM sbtest8 WHERE k BETWEEN 1294497 AND 1294597
	Index Only Scan using k_8 on sbtest8  (cost=0.43..10.29 rows=93 width=4)
	  Index Cond: ((k >= 1294497) AND (k <= 1294597))

for range-covered
table 1 : explain SELECT k FROM sbtest1 WHERE k BETWEEN 5786889 AND 5786989
	Index Only Scan using k_1 on sbtest1  (cost=0.43..6.37 rows=97 width=4)
	  Index Cond: ((k >= 5786889) AND (k <= 5786989))

table 2 : explain SELECT k FROM sbtest2 WHERE k BETWEEN 5786889 AND 5786989
	Index Only Scan using k_2 on sbtest2  (cost=0.43..10.51 rows=104 width=4)
	  Index Cond: ((k >= 5786889) AND (k <= 5786989))

table 3 : explain SELECT k FROM sbtest3 WHERE k BETWEEN 5786889 AND 5786989
	Index Only Scan using k_3 on sbtest3  (cost=0.43..6.67 rows=112 width=4)
	  Index Cond: ((k >= 5786889) AND (k <= 5786989))

table 4 : explain SELECT k FROM sbtest4 WHERE k BETWEEN 5786889 AND 5786989
	Index Only Scan using k_4 on sbtest4  (cost=0.43..6.56 rows=106 width=4)
	  Index Cond: ((k >= 5786889) AND (k <= 5786989))

table 5 : explain SELECT k FROM sbtest5 WHERE k BETWEEN 5786889 AND 5786989
	Index Only Scan using k_5 on sbtest5  (cost=0.43..6.43 rows=100 width=4)
	  Index Cond: ((k >= 5786889) AND (k <= 5786989))

table 6 : explain SELECT k FROM sbtest6 WHERE k BETWEEN 5786889 AND 5786989
	Index Only Scan using k_6 on sbtest6  (cost=0.43..6.58 rows=107 width=4)
	  Index Cond: ((k >= 5786889) AND (k <= 5786989))

table 7 : explain SELECT k FROM sbtest7 WHERE k BETWEEN 5786889 AND 5786989
	Index Only Scan using k_7 on sbtest7  (cost=0.43..6.59 rows=108 width=4)
	  Index Cond: ((k >= 5786889) AND (k <= 5786989))

table 8 : explain SELECT k FROM sbtest8 WHERE k BETWEEN 5786889 AND 5786989
	Index Only Scan using k_8 on sbtest8  (cost=0.43..10.36 rows=96 width=4)
	  Index Cond: ((k >= 5786889) AND (k <= 5786989))

explain: for range-covered :: explain SELECT k FROM sbtest%d WHERE k BETWEEN 6112263 AND 6112363
explain: for range-covered :: explain SELECT k FROM sbtest%d WHERE k BETWEEN 1294497 AND 1294597
explain: for range-covered :: explain SELECT k FROM sbtest%d WHERE k BETWEEN 5786889 AND 5786989
for range-covered
table 1 : explain SELECT k FROM sbtest1 WHERE k BETWEEN 4054977 AND 4055077
	Index Only Scan using k_1 on sbtest1  (cost=0.43..6.27 rows=92 width=4)
	  Index Cond: ((k >= 4054977) AND (k <= 4055077))

table 2 : explain SELECT k FROM sbtest2 WHERE k BETWEEN 4054977 AND 4055077
	Index Only Scan using k_2 on sbtest2  (cost=0.43..10.32 rows=94 width=4)
	  Index Cond: ((k >= 4054977) AND (k <= 4055077))

table 3 : explain SELECT k FROM sbtest3 WHERE k BETWEEN 4054977 AND 4055077
	Index Only Scan using k_3 on sbtest3  (cost=0.43..6.40 rows=98 width=4)
	  Index Cond: ((k >= 4054977) AND (k <= 4055077))

table 4 : explain SELECT k FROM sbtest4 WHERE k BETWEEN 4054977 AND 4055077
	Index Only Scan using k_4 on sbtest4  (cost=0.43..6.45 rows=101 width=4)
	  Index Cond: ((k >= 4054977) AND (k <= 4055077))

table 5 : explain SELECT k FROM sbtest5 WHERE k BETWEEN 4054977 AND 4055077
	Index Only Scan using k_5 on sbtest5  (cost=0.43..6.53 rows=105 width=4)
	  Index Cond: ((k >= 4054977) AND (k <= 4055077))

table 6 : explain SELECT k FROM sbtest6 WHERE k BETWEEN 4054977 AND 4055077
	Index Only Scan using k_6 on sbtest6  (cost=0.43..6.50 rows=103 width=4)
	  Index Cond: ((k >= 4054977) AND (k <= 4055077))

table 7 : explain SELECT k FROM sbtest7 WHERE k BETWEEN 4054977 AND 4055077
	Index Only Scan using k_7 on sbtest7  (cost=0.43..6.53 rows=105 width=4)
	  Index Cond: ((k >= 4054977) AND (k <= 4055077))

table 8 : explain SELECT k FROM sbtest8 WHERE k BETWEEN 4054977 AND 4055077
	Index Only Scan using k_8 on sbtest8  (cost=0.43..10.47 rows=102 width=4)
	  Index Cond: ((k >= 4054977) AND (k <= 4055077))

for range-covered
table 1 : explain SELECT k FROM sbtest1 WHERE k BETWEEN 2015193 AND 2015293
	Index Only Scan using k_1 on sbtest1  (cost=0.43..6.53 rows=105 width=4)
	  Index Cond: ((k >= 2015193) AND (k <= 2015293))

table 2 : explain SELECT k FROM sbtest2 WHERE k BETWEEN 2015193 AND 2015293
	Index Only Scan using k_2 on sbtest2  (cost=0.43..10.47 rows=102 width=4)
	  Index Cond: ((k >= 2015193) AND (k <= 2015293))

table 3 : explain SELECT k FROM sbtest3 WHERE k BETWEEN 2015193 AND 2015293
	Index Only Scan using k_3 on sbtest3  (cost=0.43..6.51 rows=104 width=4)
	  Index Cond: ((k >= 2015193) AND (k <= 2015293))

table 4 : explain SELECT k FROM sbtest4 WHERE k BETWEEN 2015193 AND 2015293
	Index Only Scan using k_4 on sbtest4  (cost=0.43..6.56 rows=106 width=4)
	  Index Cond: ((k >= 2015193) AND (k <= 2015293))

table 5 : explain SELECT k FROM sbtest5 WHERE k BETWEEN 2015193 AND 2015293
	Index Only Scan using k_5 on sbtest5  (cost=0.43..6.56 rows=106 width=4)
	  Index Cond: ((k >= 2015193) AND (k <= 2015293))

table 6 : explain SELECT k FROM sbtest6 WHERE k BETWEEN 2015193 AND 2015293
	Index Only Scan using k_6 on sbtest6  (cost=0.43..6.42 rows=99 width=4)
	  Index Cond: ((k >= 2015193) AND (k <= 2015293))

table 7 : explain SELECT k FROM sbtest7 WHERE k BETWEEN 2015193 AND 2015293
	Index Only Scan using k_7 on sbtest7  (cost=0.43..6.40 rows=98 width=4)
	  Index Cond: ((k >= 2015193) AND (k <= 2015293))

table 8 : explain SELECT k FROM sbtest8 WHERE k BETWEEN 2015193 AND 2015293
	Index Only Scan using k_8 on sbtest8  (cost=0.43..10.54 rows=105 width=4)
	  Index Cond: ((k >= 2015193) AND (k <= 2015293))

for range-covered
table 1 : explain SELECT k FROM sbtest1 WHERE k BETWEEN 2915087 AND 2915187
	Index Only Scan using k_1 on sbtest1  (cost=0.43..6.40 rows=98 width=4)
	  Index Cond: ((k >= 2915087) AND (k <= 2915187))

table 2 : explain SELECT k FROM sbtest2 WHERE k BETWEEN 2915087 AND 2915187
	Index Only Scan using k_2 on sbtest2  (cost=0.43..10.63 rows=110 width=4)
	  Index Cond: ((k >= 2915087) AND (k <= 2915187))

table 3 : explain SELECT k FROM sbtest3 WHERE k BETWEEN 2915087 AND 2915187
	Index Only Scan using k_3 on sbtest3  (cost=0.43..6.43 rows=100 width=4)
	  Index Cond: ((k >= 2915087) AND (k <= 2915187))

table 4 : explain SELECT k FROM sbtest4 WHERE k BETWEEN 2915087 AND 2915187
	Index Only Scan using k_4 on sbtest4  (cost=0.43..6.33 rows=95 width=4)
	  Index Cond: ((k >= 2915087) AND (k <= 2915187))

table 5 : explain SELECT k FROM sbtest5 WHERE k BETWEEN 2915087 AND 2915187
	Index Only Scan using k_5 on sbtest5  (cost=0.43..6.81 rows=119 width=4)
	  Index Cond: ((k >= 2915087) AND (k <= 2915187))

table 6 : explain SELECT k FROM sbtest6 WHERE k BETWEEN 2915087 AND 2915187
	Index Only Scan using k_6 on sbtest6  (cost=0.43..6.43 rows=100 width=4)
	  Index Cond: ((k >= 2915087) AND (k <= 2915187))

table 7 : explain SELECT k FROM sbtest7 WHERE k BETWEEN 2915087 AND 2915187
	Index Only Scan using k_7 on sbtest7  (cost=0.43..6.66 rows=111 width=4)
	  Index Cond: ((k >= 2915087) AND (k <= 2915187))

table 8 : explain SELECT k FROM sbtest8 WHERE k BETWEEN 2915087 AND 2915187
	Index Only Scan using k_8 on sbtest8  (cost=0.43..10.46 rows=101 width=4)
	  Index Cond: ((k >= 2915087) AND (k <= 2915187))

for range-covered
table 1 : explain SELECT k FROM sbtest1 WHERE k BETWEEN 463310 AND 463410
	Index Only Scan using k_1 on sbtest1  (cost=0.43..6.58 rows=107 width=4)
	  Index Cond: ((k >= 463310) AND (k <= 463410))

table 2 : explain SELECT k FROM sbtest2 WHERE k BETWEEN 463310 AND 463410
	Index Only Scan using k_2 on sbtest2  (cost=0.43..10.54 rows=105 width=4)
	  Index Cond: ((k >= 463310) AND (k <= 463410))

table 3 : explain SELECT k FROM sbtest3 WHERE k BETWEEN 463310 AND 463410
	Index Only Scan using k_3 on sbtest3  (cost=0.43..6.42 rows=99 width=4)
	  Index Cond: ((k >= 463310) AND (k <= 463410))

table 4 : explain SELECT k FROM sbtest4 WHERE k BETWEEN 463310 AND 463410
	Index Only Scan using k_4 on sbtest4  (cost=0.43..6.43 rows=100 width=4)
	  Index Cond: ((k >= 463310) AND (k <= 463410))

table 5 : explain SELECT k FROM sbtest5 WHERE k BETWEEN 463310 AND 463410
	Index Only Scan using k_5 on sbtest5  (cost=0.43..6.40 rows=98 width=4)
	  Index Cond: ((k >= 463310) AND (k <= 463410))

table 6 : explain SELECT k FROM sbtest6 WHERE k BETWEEN 463310 AND 463410
	Index Only Scan using k_6 on sbtest6  (cost=0.43..6.40 rows=98 width=4)
	  Index Cond: ((k >= 463310) AND (k <= 463410))

table 7 : explain SELECT k FROM sbtest7 WHERE k BETWEEN 463310 AND 463410
	Index Only Scan using k_7 on sbtest7  (cost=0.43..6.50 rows=103 width=4)
	  Index Cond: ((k >= 463310) AND (k <= 463410))

table 8 : explain SELECT k FROM sbtest8 WHERE k BETWEEN 463310 AND 463410
	Index Only Scan using k_8 on sbtest8  (cost=0.43..10.50 rows=103 width=4)
	  Index Cond: ((k >= 463310) AND (k <= 463410))

explain: for range-covered :: explain SELECT k FROM sbtest%d WHERE k BETWEEN 2015193 AND 2015293
for range-covered
table 1 : explain SELECT k FROM sbtest1 WHERE k BETWEEN 5143935 AND 5144035
	Index Only Scan using k_1 on sbtest1  (cost=0.43..6.50 rows=103 width=4)
	  Index Cond: ((k >= 5143935) AND (k <= 5144035))

table 2 : explain SELECT k FROM sbtest2 WHERE k BETWEEN 5143935 AND 5144035
	Index Only Scan using k_2 on sbtest2  (cost=0.43..10.54 rows=105 width=4)
	  Index Cond: ((k >= 5143935) AND (k <= 5144035))

table 3 : explain SELECT k FROM sbtest3 WHERE k BETWEEN 5143935 AND 5144035
	Index Only Scan using k_3 on sbtest3  (cost=0.43..6.45 rows=101 width=4)
	  Index Cond: ((k >= 5143935) AND (k <= 5144035))

table 4 : explain SELECT k FROM sbtest4 WHERE k BETWEEN 5143935 AND 5144035
	Index Only Scan using k_4 on sbtest4  (cost=0.43..6.42 rows=99 width=4)
	  Index Cond: ((k >= 5143935) AND (k <= 5144035))

table 5 : explain SELECT k FROM sbtest5 WHERE k BETWEEN 5143935 AND 5144035
	Index Only Scan using k_5 on sbtest5  (cost=0.43..6.43 rows=100 width=4)
	  Index Cond: ((k >= 5143935) AND (k <= 5144035))

table 6 : explain SELECT k FROM sbtest6 WHERE k BETWEEN 5143935 AND 5144035
	Index Only Scan using k_6 on sbtest6  (cost=0.43..6.63 rows=110 width=4)
	  Index Cond: ((k >= 5143935) AND (k <= 5144035))

table 7 : explain SELECT k FROM sbtest7 WHERE k BETWEEN 5143935 AND 5144035
	Index Only Scan using k_7 on sbtest7  (cost=0.43..6.58 rows=107 width=4)
	  Index Cond: ((k >= 5143935) AND (k <= 5144035))

table 8 : explain SELECT k FROM sbtest8 WHERE k BETWEEN 5143935 AND 5144035
	Index Only Scan using k_8 on sbtest8  (cost=0.43..10.36 rows=96 width=4)
	  Index Cond: ((k >= 5143935) AND (k <= 5144035))

explain: for range-covered :: explain SELECT k FROM sbtest%d WHERE k BETWEEN 4054977 AND 4055077
explain: for range-covered :: explain SELECT k FROM sbtest%d WHERE k BETWEEN 463310 AND 463410
for range-covered
table 1 : explain SELECT k FROM sbtest1 WHERE k BETWEEN 4141378 AND 4141478
	Index Only Scan using k_1 on sbtest1  (cost=0.43..6.27 rows=92 width=4)
	  Index Cond: ((k >= 4141378) AND (k <= 4141478))

table 2 : explain SELECT k FROM sbtest2 WHERE k BETWEEN 4141378 AND 4141478
	Index Only Scan using k_2 on sbtest2  (cost=0.43..10.47 rows=102 width=4)
	  Index Cond: ((k >= 4141378) AND (k <= 4141478))

table 3 : explain SELECT k FROM sbtest3 WHERE k BETWEEN 4141378 AND 4141478
	Index Only Scan using k_3 on sbtest3  (cost=0.43..6.42 rows=99 width=4)
	  Index Cond: ((k >= 4141378) AND (k <= 4141478))

table 4 : explain SELECT k FROM sbtest4 WHERE k BETWEEN 4141378 AND 4141478
	Index Only Scan using k_4 on sbtest4  (cost=0.43..6.43 rows=100 width=4)
	  Index Cond: ((k >= 4141378) AND (k <= 4141478))

table 5 : explain SELECT k FROM sbtest5 WHERE k BETWEEN 4141378 AND 4141478
	Index Only Scan using k_5 on sbtest5  (cost=0.43..6.47 rows=102 width=4)
	  Index Cond: ((k >= 4141378) AND (k <= 4141478))

table 6 : explain SELECT k FROM sbtest6 WHERE k BETWEEN 4141378 AND 4141478
	Index Only Scan using k_6 on sbtest6  (cost=0.43..6.33 rows=95 width=4)
	  Index Cond: ((k >= 4141378) AND (k <= 4141478))

table 7 : explain SELECT k FROM sbtest7 WHERE k BETWEEN 4141378 AND 4141478
	Index Only Scan using k_7 on sbtest7  (cost=0.43..6.47 rows=102 width=4)
	  Index Cond: ((k >= 4141378) AND (k <= 4141478))

table 8 : explain SELECT k FROM sbtest8 WHERE k BETWEEN 4141378 AND 4141478
	Index Only Scan using k_8 on sbtest8  (cost=0.43..10.47 rows=102 width=4)
	  Index Cond: ((k >= 4141378) AND (k <= 4141478))

explain: for range-covered :: explain SELECT k FROM sbtest%d WHERE k BETWEEN 5143935 AND 5144035
explain: for range-covered :: explain SELECT k FROM sbtest%d WHERE k BETWEEN 2915087 AND 2915187
explain: for range-covered :: explain SELECT k FROM sbtest%d WHERE k BETWEEN 4141378 AND 4141478
for range-covered
table 1 : explain SELECT k FROM sbtest1 WHERE k BETWEEN 5786889 AND 5786989
	Index Only Scan using k_1 on sbtest1  (cost=0.43..6.37 rows=97 width=4)
	  Index Cond: ((k >= 5786889) AND (k <= 5786989))

table 2 : explain SELECT k FROM sbtest2 WHERE k BETWEEN 5786889 AND 5786989
	Index Only Scan using k_2 on sbtest2  (cost=0.43..10.51 rows=104 width=4)
	  Index Cond: ((k >= 5786889) AND (k <= 5786989))

table 3 : explain SELECT k FROM sbtest3 WHERE k BETWEEN 5786889 AND 5786989
	Index Only Scan using k_3 on sbtest3  (cost=0.43..6.67 rows=112 width=4)
	  Index Cond: ((k >= 5786889) AND (k <= 5786989))

table 4 : explain SELECT k FROM sbtest4 WHERE k BETWEEN 5786889 AND 5786989
	Index Only Scan using k_4 on sbtest4  (cost=0.43..6.56 rows=106 width=4)
	  Index Cond: ((k >= 5786889) AND (k <= 5786989))

table 5 : explain SELECT k FROM sbtest5 WHERE k BETWEEN 5786889 AND 5786989
	Index Only Scan using k_5 on sbtest5  (cost=0.43..6.43 rows=100 width=4)
	  Index Cond: ((k >= 5786889) AND (k <= 5786989))

table 6 : explain SELECT k FROM sbtest6 WHERE k BETWEEN 5786889 AND 5786989
	Index Only Scan using k_6 on sbtest6  (cost=0.43..6.58 rows=107 width=4)
	  Index Cond: ((k >= 5786889) AND (k <= 5786989))

table 7 : explain SELECT k FROM sbtest7 WHERE k BETWEEN 5786889 AND 5786989
	Index Only Scan using k_7 on sbtest7  (cost=0.43..6.59 rows=108 width=4)
	  Index Cond: ((k >= 5786889) AND (k <= 5786989))

table 8 : explain SELECT k FROM sbtest8 WHERE k BETWEEN 5786889 AND 5786989
	Index Only Scan using k_8 on sbtest8  (cost=0.43..10.36 rows=96 width=4)
	  Index Cond: ((k >= 5786889) AND (k <= 5786989))

for range-covered
table 1 : explain SELECT k FROM sbtest1 WHERE k BETWEEN 1294497 AND 1294597
	Index Only Scan using k_1 on sbtest1  (cost=0.43..6.45 rows=101 width=4)
	  Index Cond: ((k >= 1294497) AND (k <= 1294597))

table 2 : explain SELECT k FROM sbtest2 WHERE k BETWEEN 1294497 AND 1294597
	Index Only Scan using k_2 on sbtest2  (cost=0.43..10.76 rows=116 width=4)
	  Index Cond: ((k >= 1294497) AND (k <= 1294597))

table 3 : explain SELECT k FROM sbtest3 WHERE k BETWEEN 1294497 AND 1294597
	Index Only Scan using k_3 on sbtest3  (cost=0.43..6.45 rows=101 width=4)
	  Index Cond: ((k >= 1294497) AND (k <= 1294597))

table 4 : explain SELECT k FROM sbtest4 WHERE k BETWEEN 1294497 AND 1294597
	Index Only Scan using k_4 on sbtest4  (cost=0.43..6.45 rows=101 width=4)
	  Index Cond: ((k >= 1294497) AND (k <= 1294597))

table 5 : explain SELECT k FROM sbtest5 WHERE k BETWEEN 1294497 AND 1294597
	Index Only Scan using k_5 on sbtest5  (cost=0.43..6.47 rows=102 width=4)
	  Index Cond: ((k >= 1294497) AND (k <= 1294597))

table 6 : explain SELECT k FROM sbtest6 WHERE k BETWEEN 1294497 AND 1294597
	Index Only Scan using k_6 on sbtest6  (cost=0.43..6.35 rows=96 width=4)
	  Index Cond: ((k >= 1294497) AND (k <= 1294597))

table 7 : explain SELECT k FROM sbtest7 WHERE k BETWEEN 1294497 AND 1294597
	Index Only Scan using k_7 on sbtest7  (cost=0.43..6.56 rows=106 width=4)
	  Index Cond: ((k >= 1294497) AND (k <= 1294597))

table 8 : explain SELECT k FROM sbtest8 WHERE k BETWEEN 1294497 AND 1294597
	Index Only Scan using k_8 on sbtest8  (cost=0.43..10.29 rows=93 width=4)
	  Index Cond: ((k >= 1294497) AND (k <= 1294597))

for range-covered
table 1 : explain SELECT k FROM sbtest1 WHERE k BETWEEN 6112263 AND 6112363
	Index Only Scan using k_1 on sbtest1  (cost=0.43..6.72 rows=114 width=4)
	  Index Cond: ((k >= 6112263) AND (k <= 6112363))

table 2 : explain SELECT k FROM sbtest2 WHERE k BETWEEN 6112263 AND 6112363
	Index Only Scan using k_2 on sbtest2  (cost=0.43..10.32 rows=94 width=4)
	  Index Cond: ((k >= 6112263) AND (k <= 6112363))

table 3 : explain SELECT k FROM sbtest3 WHERE k BETWEEN 6112263 AND 6112363
	Index Only Scan using k_3 on sbtest3  (cost=0.43..6.29 rows=93 width=4)
	  Index Cond: ((k >= 6112263) AND (k <= 6112363))

table 4 : explain SELECT k FROM sbtest4 WHERE k BETWEEN 6112263 AND 6112363
	Index Only Scan using k_4 on sbtest4  (cost=0.43..6.47 rows=102 width=4)
	  Index Cond: ((k >= 6112263) AND (k <= 6112363))

table 5 : explain SELECT k FROM sbtest5 WHERE k BETWEEN 6112263 AND 6112363
	Index Only Scan using k_5 on sbtest5  (cost=0.43..6.40 rows=98 width=4)
	  Index Cond: ((k >= 6112263) AND (k <= 6112363))

table 6 : explain SELECT k FROM sbtest6 WHERE k BETWEEN 6112263 AND 6112363
	Index Only Scan using k_6 on sbtest6  (cost=0.43..6.51 rows=104 width=4)
	  Index Cond: ((k >= 6112263) AND (k <= 6112363))

table 7 : explain SELECT k FROM sbtest7 WHERE k BETWEEN 6112263 AND 6112363
	Index Only Scan using k_7 on sbtest7  (cost=0.43..6.43 rows=100 width=4)
	  Index Cond: ((k >= 6112263) AND (k <= 6112363))

table 8 : explain SELECT k FROM sbtest8 WHERE k BETWEEN 6112263 AND 6112363
	Index Only Scan using k_8 on sbtest8  (cost=0.43..10.28 rows=92 width=4)
	  Index Cond: ((k >= 6112263) AND (k <= 6112363))

explain: for range-covered :: explain SELECT k FROM sbtest%d WHERE k BETWEEN 5786889 AND 5786989
explain: for range-covered :: explain SELECT k FROM sbtest%d WHERE k BETWEEN 1294497 AND 1294597
explain: for range-covered :: explain SELECT k FROM sbtest%d WHERE k BETWEEN 6112263 AND 6112363
for range-covered
table 1 : explain SELECT k FROM sbtest1 WHERE k BETWEEN 4881934 AND 4882034
	Index Only Scan using k_1 on sbtest1  (cost=0.43..6.37 rows=97 width=4)
	  Index Cond: ((k >= 4881934) AND (k <= 4882034))

table 2 : explain SELECT k FROM sbtest2 WHERE k BETWEEN 4881934 AND 4882034
	Index Only Scan using k_2 on sbtest2  (cost=0.43..10.44 rows=100 width=4)
	  Index Cond: ((k >= 4881934) AND (k <= 4882034))

table 3 : explain SELECT k FROM sbtest3 WHERE k BETWEEN 4881934 AND 4882034
	Index Only Scan using k_3 on sbtest3  (cost=0.43..6.33 rows=95 width=4)
	  Index Cond: ((k >= 4881934) AND (k <= 4882034))

table 4 : explain SELECT k FROM sbtest4 WHERE k BETWEEN 4881934 AND 4882034
	Index Only Scan using k_4 on sbtest4  (cost=0.43..6.42 rows=99 width=4)
	  Index Cond: ((k >= 4881934) AND (k <= 4882034))

table 5 : explain SELECT k FROM sbtest5 WHERE k BETWEEN 4881934 AND 4882034
	Index Only Scan using k_5 on sbtest5  (cost=0.43..6.75 rows=116 width=4)
	  Index Cond: ((k >= 4881934) AND (k <= 4882034))

table 6 : explain SELECT k FROM sbtest6 WHERE k BETWEEN 4881934 AND 4882034
	Index Only Scan using k_6 on sbtest6  (cost=0.43..6.47 rows=102 width=4)
	  Index Cond: ((k >= 4881934) AND (k <= 4882034))

table 7 : explain SELECT k FROM sbtest7 WHERE k BETWEEN 4881934 AND 4882034
	Index Only Scan using k_7 on sbtest7  (cost=0.43..6.66 rows=111 width=4)
	  Index Cond: ((k >= 4881934) AND (k <= 4882034))

table 8 : explain SELECT k FROM sbtest8 WHERE k BETWEEN 4881934 AND 4882034
	Index Only Scan using k_8 on sbtest8  (cost=0.43..10.33 rows=95 width=4)
	  Index Cond: ((k >= 4881934) AND (k <= 4882034))

explain: for range-covered :: explain SELECT k FROM sbtest%d WHERE k BETWEEN 4881934 AND 4882034
for range-covered
table 1 : explain SELECT k FROM sbtest1 WHERE k BETWEEN 2015193 AND 2015293
	Index Only Scan using k_1 on sbtest1  (cost=0.43..6.53 rows=105 width=4)
	  Index Cond: ((k >= 2015193) AND (k <= 2015293))

table 2 : explain SELECT k FROM sbtest2 WHERE k BETWEEN 2015193 AND 2015293
	Index Only Scan using k_2 on sbtest2  (cost=0.43..10.47 rows=102 width=4)
	  Index Cond: ((k >= 2015193) AND (k <= 2015293))

table 3 : explain SELECT k FROM sbtest3 WHERE k BETWEEN 2015193 AND 2015293
	Index Only Scan using k_3 on sbtest3  (cost=0.43..6.51 rows=104 width=4)
	  Index Cond: ((k >= 2015193) AND (k <= 2015293))

table 4 : explain SELECT k FROM sbtest4 WHERE k BETWEEN 2015193 AND 2015293
	Index Only Scan using k_4 on sbtest4  (cost=0.43..6.56 rows=106 width=4)
	  Index Cond: ((k >= 2015193) AND (k <= 2015293))

table 5 : explain SELECT k FROM sbtest5 WHERE k BETWEEN 2015193 AND 2015293
	Index Only Scan using k_5 on sbtest5  (cost=0.43..6.56 rows=106 width=4)
	  Index Cond: ((k >= 2015193) AND (k <= 2015293))

table 6 : explain SELECT k FROM sbtest6 WHERE k BETWEEN 2015193 AND 2015293
	Index Only Scan using k_6 on sbtest6  (cost=0.43..6.42 rows=99 width=4)
	  Index Cond: ((k >= 2015193) AND (k <= 2015293))

table 7 : explain SELECT k FROM sbtest7 WHERE k BETWEEN 2015193 AND 2015293
	Index Only Scan using k_7 on sbtest7  (cost=0.43..6.40 rows=98 width=4)
	  Index Cond: ((k >= 2015193) AND (k <= 2015293))

table 8 : explain SELECT k FROM sbtest8 WHERE k BETWEEN 2015193 AND 2015293
	Index Only Scan using k_8 on sbtest8  (cost=0.43..10.54 rows=105 width=4)
	  Index Cond: ((k >= 2015193) AND (k <= 2015293))

for range-covered
table 1 : explain SELECT k FROM sbtest1 WHERE k BETWEEN 5143935 AND 5144035
	Index Only Scan using k_1 on sbtest1  (cost=0.43..6.50 rows=103 width=4)
	  Index Cond: ((k >= 5143935) AND (k <= 5144035))

table 2 : explain SELECT k FROM sbtest2 WHERE k BETWEEN 5143935 AND 5144035
	Index Only Scan using k_2 on sbtest2  (cost=0.43..10.54 rows=105 width=4)
	  Index Cond: ((k >= 5143935) AND (k <= 5144035))

table 3 : explain SELECT k FROM sbtest3 WHERE k BETWEEN 5143935 AND 5144035
	Index Only Scan using k_3 on sbtest3  (cost=0.43..6.45 rows=101 width=4)
	  Index Cond: ((k >= 5143935) AND (k <= 5144035))

table 4 : explain SELECT k FROM sbtest4 WHERE k BETWEEN 5143935 AND 5144035
	Index Only Scan using k_4 on sbtest4  (cost=0.43..6.42 rows=99 width=4)
	  Index Cond: ((k >= 5143935) AND (k <= 5144035))

table 5 : explain SELECT k FROM sbtest5 WHERE k BETWEEN 5143935 AND 5144035
	Index Only Scan using k_5 on sbtest5  (cost=0.43..6.43 rows=100 width=4)
	  Index Cond: ((k >= 5143935) AND (k <= 5144035))

table 6 : explain SELECT k FROM sbtest6 WHERE k BETWEEN 5143935 AND 5144035
	Index Only Scan using k_6 on sbtest6  (cost=0.43..6.63 rows=110 width=4)
	  Index Cond: ((k >= 5143935) AND (k <= 5144035))

table 7 : explain SELECT k FROM sbtest7 WHERE k BETWEEN 5143935 AND 5144035
	Index Only Scan using k_7 on sbtest7  (cost=0.43..6.58 rows=107 width=4)
	  Index Cond: ((k >= 5143935) AND (k <= 5144035))

table 8 : explain SELECT k FROM sbtest8 WHERE k BETWEEN 5143935 AND 5144035
	Index Only Scan using k_8 on sbtest8  (cost=0.43..10.36 rows=96 width=4)
	  Index Cond: ((k >= 5143935) AND (k <= 5144035))

explain: for range-covered :: explain SELECT k FROM sbtest%d WHERE k BETWEEN 2015193 AND 2015293
explain: for range-covered :: explain SELECT k FROM sbtest%d WHERE k BETWEEN 5143935 AND 5144035
for range-covered
table 1 : explain SELECT k FROM sbtest1 WHERE k BETWEEN 463310 AND 463410
	Index Only Scan using k_1 on sbtest1  (cost=0.43..6.58 rows=107 width=4)
	  Index Cond: ((k >= 463310) AND (k <= 463410))

table 2 : explain SELECT k FROM sbtest2 WHERE k BETWEEN 463310 AND 463410
	Index Only Scan using k_2 on sbtest2  (cost=0.43..10.54 rows=105 width=4)
	  Index Cond: ((k >= 463310) AND (k <= 463410))

table 3 : explain SELECT k FROM sbtest3 WHERE k BETWEEN 463310 AND 463410
	Index Only Scan using k_3 on sbtest3  (cost=0.43..6.42 rows=99 width=4)
	  Index Cond: ((k >= 463310) AND (k <= 463410))

table 4 : explain SELECT k FROM sbtest4 WHERE k BETWEEN 463310 AND 463410
	Index Only Scan using k_4 on sbtest4  (cost=0.43..6.43 rows=100 width=4)
	  Index Cond: ((k >= 463310) AND (k <= 463410))

table 5 : explain SELECT k FROM sbtest5 WHERE k BETWEEN 463310 AND 463410
	Index Only Scan using k_5 on sbtest5  (cost=0.43..6.40 rows=98 width=4)
	  Index Cond: ((k >= 463310) AND (k <= 463410))

table 6 : explain SELECT k FROM sbtest6 WHERE k BETWEEN 463310 AND 463410
	Index Only Scan using k_6 on sbtest6  (cost=0.43..6.40 rows=98 width=4)
	  Index Cond: ((k >= 463310) AND (k <= 463410))

table 7 : explain SELECT k FROM sbtest7 WHERE k BETWEEN 463310 AND 463410
	Index Only Scan using k_7 on sbtest7  (cost=0.43..6.50 rows=103 width=4)
	  Index Cond: ((k >= 463310) AND (k <= 463410))

table 8 : explain SELECT k FROM sbtest8 WHERE k BETWEEN 463310 AND 463410
	Index Only Scan using k_8 on sbtest8  (cost=0.43..10.50 rows=103 width=4)
	  Index Cond: ((k >= 463310) AND (k <= 463410))

for range-covered
table 1 : explain SELECT k FROM sbtest1 WHERE k BETWEEN 4141378 AND 4141478
	Index Only Scan using k_1 on sbtest1  (cost=0.43..6.27 rows=92 width=4)
	  Index Cond: ((k >= 4141378) AND (k <= 4141478))

table 2 : explain SELECT k FROM sbtest2 WHERE k BETWEEN 4141378 AND 4141478
	Index Only Scan using k_2 on sbtest2  (cost=0.43..10.47 rows=102 width=4)
	  Index Cond: ((k >= 4141378) AND (k <= 4141478))

table 3 : explain SELECT k FROM sbtest3 WHERE k BETWEEN 4141378 AND 4141478
	Index Only Scan using k_3 on sbtest3  (cost=0.43..6.42 rows=99 width=4)
	  Index Cond: ((k >= 4141378) AND (k <= 4141478))

table 4 : explain SELECT k FROM sbtest4 WHERE k BETWEEN 4141378 AND 4141478
	Index Only Scan using k_4 on sbtest4  (cost=0.43..6.43 rows=100 width=4)
	  Index Cond: ((k >= 4141378) AND (k <= 4141478))

table 5 : explain SELECT k FROM sbtest5 WHERE k BETWEEN 4141378 AND 4141478
	Index Only Scan using k_5 on sbtest5  (cost=0.43..6.47 rows=102 width=4)
	  Index Cond: ((k >= 4141378) AND (k <= 4141478))

table 6 : explain SELECT k FROM sbtest6 WHERE k BETWEEN 4141378 AND 4141478
	Index Only Scan using k_6 on sbtest6  (cost=0.43..6.33 rows=95 width=4)
	  Index Cond: ((k >= 4141378) AND (k <= 4141478))

table 7 : explain SELECT k FROM sbtest7 WHERE k BETWEEN 4141378 AND 4141478
	Index Only Scan using k_7 on sbtest7  (cost=0.43..6.47 rows=102 width=4)
	  Index Cond: ((k >= 4141378) AND (k <= 4141478))

table 8 : explain SELECT k FROM sbtest8 WHERE k BETWEEN 4141378 AND 4141478
	Index Only Scan using k_8 on sbtest8  (cost=0.43..10.47 rows=102 width=4)
	  Index Cond: ((k >= 4141378) AND (k <= 4141478))

explain: for range-covered :: explain SELECT k FROM sbtest%d WHERE k BETWEEN 463310 AND 463410
explain: for range-covered :: explain SELECT k FROM sbtest%d WHERE k BETWEEN 4141378 AND 4141478
for range-covered
table 1 : explain SELECT k FROM sbtest1 WHERE k BETWEEN 5786889 AND 5786989
	Index Only Scan using k_1 on sbtest1  (cost=0.43..6.37 rows=97 width=4)
	  Index Cond: ((k >= 5786889) AND (k <= 5786989))

table 2 : explain SELECT k FROM sbtest2 WHERE k BETWEEN 5786889 AND 5786989
	Index Only Scan using k_2 on sbtest2  (cost=0.43..10.51 rows=104 width=4)
	  Index Cond: ((k >= 5786889) AND (k <= 5786989))

table 3 : explain SELECT k FROM sbtest3 WHERE k BETWEEN 5786889 AND 5786989
	Index Only Scan using k_3 on sbtest3  (cost=0.43..6.67 rows=112 width=4)
	  Index Cond: ((k >= 5786889) AND (k <= 5786989))

table 4 : explain SELECT k FROM sbtest4 WHERE k BETWEEN 5786889 AND 5786989
	Index Only Scan using k_4 on sbtest4  (cost=0.43..6.56 rows=106 width=4)
	  Index Cond: ((k >= 5786889) AND (k <= 5786989))

table 5 : explain SELECT k FROM sbtest5 WHERE k BETWEEN 5786889 AND 5786989
	Index Only Scan using k_5 on sbtest5  (cost=0.43..6.43 rows=100 width=4)
	  Index Cond: ((k >= 5786889) AND (k <= 5786989))

table 6 : explain SELECT k FROM sbtest6 WHERE k BETWEEN 5786889 AND 5786989
	Index Only Scan using k_6 on sbtest6  (cost=0.43..6.58 rows=107 width=4)
	  Index Cond: ((k >= 5786889) AND (k <= 5786989))

table 7 : explain SELECT k FROM sbtest7 WHERE k BETWEEN 5786889 AND 5786989
	Index Only Scan using k_7 on sbtest7  (cost=0.43..6.59 rows=108 width=4)
	  Index Cond: ((k >= 5786889) AND (k <= 5786989))

table 8 : explain SELECT k FROM sbtest8 WHERE k BETWEEN 5786889 AND 5786989
	Index Only Scan using k_8 on sbtest8  (cost=0.43..10.36 rows=96 width=4)
	  Index Cond: ((k >= 5786889) AND (k <= 5786989))

for range-covered
table 1 : explain SELECT k FROM sbtest1 WHERE k BETWEEN 1294497 AND 1294597
	Index Only Scan using k_1 on sbtest1  (cost=0.43..6.45 rows=101 width=4)
	  Index Cond: ((k >= 1294497) AND (k <= 1294597))

table 2 : explain SELECT k FROM sbtest2 WHERE k BETWEEN 1294497 AND 1294597
	Index Only Scan using k_2 on sbtest2  (cost=0.43..10.76 rows=116 width=4)
	  Index Cond: ((k >= 1294497) AND (k <= 1294597))

table 3 : explain SELECT k FROM sbtest3 WHERE k BETWEEN 1294497 AND 1294597
	Index Only Scan using k_3 on sbtest3  (cost=0.43..6.45 rows=101 width=4)
	  Index Cond: ((k >= 1294497) AND (k <= 1294597))

table 4 : explain SELECT k FROM sbtest4 WHERE k BETWEEN 1294497 AND 1294597
	Index Only Scan using k_4 on sbtest4  (cost=0.43..6.45 rows=101 width=4)
	  Index Cond: ((k >= 1294497) AND (k <= 1294597))

table 5 : explain SELECT k FROM sbtest5 WHERE k BETWEEN 1294497 AND 1294597
	Index Only Scan using k_5 on sbtest5  (cost=0.43..6.47 rows=102 width=4)
	  Index Cond: ((k >= 1294497) AND (k <= 1294597))

table 6 : explain SELECT k FROM sbtest6 WHERE k BETWEEN 1294497 AND 1294597
	Index Only Scan using k_6 on sbtest6  (cost=0.43..6.35 rows=96 width=4)
	  Index Cond: ((k >= 1294497) AND (k <= 1294597))

table 7 : explain SELECT k FROM sbtest7 WHERE k BETWEEN 1294497 AND 1294597
	Index Only Scan using k_7 on sbtest7  (cost=0.43..6.56 rows=106 width=4)
	  Index Cond: ((k >= 1294497) AND (k <= 1294597))

table 8 : explain SELECT k FROM sbtest8 WHERE k BETWEEN 1294497 AND 1294597
	Index Only Scan using k_8 on sbtest8  (cost=0.43..10.29 rows=93 width=4)
	  Index Cond: ((k >= 1294497) AND (k <= 1294597))

for range-covered
table 1 : explain SELECT k FROM sbtest1 WHERE k BETWEEN 6112263 AND 6112363
	Index Only Scan using k_1 on sbtest1  (cost=0.43..6.72 rows=114 width=4)
	  Index Cond: ((k >= 6112263) AND (k <= 6112363))

table 2 : explain SELECT k FROM sbtest2 WHERE k BETWEEN 6112263 AND 6112363
	Index Only Scan using k_2 on sbtest2  (cost=0.43..10.32 rows=94 width=4)
	  Index Cond: ((k >= 6112263) AND (k <= 6112363))

table 3 : explain SELECT k FROM sbtest3 WHERE k BETWEEN 6112263 AND 6112363
	Index Only Scan using k_3 on sbtest3  (cost=0.43..6.29 rows=93 width=4)
	  Index Cond: ((k >= 6112263) AND (k <= 6112363))

table 4 : explain SELECT k FROM sbtest4 WHERE k BETWEEN 6112263 AND 6112363
	Index Only Scan using k_4 on sbtest4  (cost=0.43..6.47 rows=102 width=4)
	  Index Cond: ((k >= 6112263) AND (k <= 6112363))

table 5 : explain SELECT k FROM sbtest5 WHERE k BETWEEN 6112263 AND 6112363
	Index Only Scan using k_5 on sbtest5  (cost=0.43..6.40 rows=98 width=4)
	  Index Cond: ((k >= 6112263) AND (k <= 6112363))

table 6 : explain SELECT k FROM sbtest6 WHERE k BETWEEN 6112263 AND 6112363
	Index Only Scan using k_6 on sbtest6  (cost=0.43..6.51 rows=104 width=4)
	  Index Cond: ((k >= 6112263) AND (k <= 6112363))

table 7 : explain SELECT k FROM sbtest7 WHERE k BETWEEN 6112263 AND 6112363
	Index Only Scan using k_7 on sbtest7  (cost=0.43..6.43 rows=100 width=4)
	  Index Cond: ((k >= 6112263) AND (k <= 6112363))

table 8 : explain SELECT k FROM sbtest8 WHERE k BETWEEN 6112263 AND 6112363
	Index Only Scan using k_8 on sbtest8  (cost=0.43..10.28 rows=92 width=4)
	  Index Cond: ((k >= 6112263) AND (k <= 6112363))

explain: for range-covered :: explain SELECT k FROM sbtest%d WHERE k BETWEEN 5786889 AND 5786989
explain: for range-covered :: explain SELECT k FROM sbtest%d WHERE k BETWEEN 1294497 AND 1294597
explain: for range-covered :: explain SELECT k FROM sbtest%d WHERE k BETWEEN 6112263 AND 6112363
for range-covered
table 1 : explain SELECT k FROM sbtest1 WHERE k BETWEEN 4881934 AND 4882034
	Index Only Scan using k_1 on sbtest1  (cost=0.43..6.37 rows=97 width=4)
	  Index Cond: ((k >= 4881934) AND (k <= 4882034))

table 2 : explain SELECT k FROM sbtest2 WHERE k BETWEEN 4881934 AND 4882034
	Index Only Scan using k_2 on sbtest2  (cost=0.43..10.44 rows=100 width=4)
	  Index Cond: ((k >= 4881934) AND (k <= 4882034))

table 3 : explain SELECT k FROM sbtest3 WHERE k BETWEEN 4881934 AND 4882034
	Index Only Scan using k_3 on sbtest3  (cost=0.43..6.33 rows=95 width=4)
	  Index Cond: ((k >= 4881934) AND (k <= 4882034))

table 4 : explain SELECT k FROM sbtest4 WHERE k BETWEEN 4881934 AND 4882034
	Index Only Scan using k_4 on sbtest4  (cost=0.43..6.42 rows=99 width=4)
	  Index Cond: ((k >= 4881934) AND (k <= 4882034))

table 5 : explain SELECT k FROM sbtest5 WHERE k BETWEEN 4881934 AND 4882034
	Index Only Scan using k_5 on sbtest5  (cost=0.43..6.75 rows=116 width=4)
	  Index Cond: ((k >= 4881934) AND (k <= 4882034))

table 6 : explain SELECT k FROM sbtest6 WHERE k BETWEEN 4881934 AND 4882034
	Index Only Scan using k_6 on sbtest6  (cost=0.43..6.47 rows=102 width=4)
	  Index Cond: ((k >= 4881934) AND (k <= 4882034))

table 7 : explain SELECT k FROM sbtest7 WHERE k BETWEEN 4881934 AND 4882034
	Index Only Scan using k_7 on sbtest7  (cost=0.43..6.66 rows=111 width=4)
	  Index Cond: ((k >= 4881934) AND (k <= 4882034))

table 8 : explain SELECT k FROM sbtest8 WHERE k BETWEEN 4881934 AND 4882034
	Index Only Scan using k_8 on sbtest8  (cost=0.43..10.33 rows=95 width=4)
	  Index Cond: ((k >= 4881934) AND (k <= 4882034))

for range-covered
table 1 : explain SELECT k FROM sbtest1 WHERE k BETWEEN 5143935 AND 5144035
	Index Only Scan using k_1 on sbtest1  (cost=0.43..6.50 rows=103 width=4)
	  Index Cond: ((k >= 5143935) AND (k <= 5144035))

table 2 : explain SELECT k FROM sbtest2 WHERE k BETWEEN 5143935 AND 5144035
	Index Only Scan using k_2 on sbtest2  (cost=0.43..10.54 rows=105 width=4)
	  Index Cond: ((k >= 5143935) AND (k <= 5144035))

table 3 : explain SELECT k FROM sbtest3 WHERE k BETWEEN 5143935 AND 5144035
	Index Only Scan using k_3 on sbtest3  (cost=0.43..6.45 rows=101 width=4)
	  Index Cond: ((k >= 5143935) AND (k <= 5144035))

table 4 : explain SELECT k FROM sbtest4 WHERE k BETWEEN 5143935 AND 5144035
	Index Only Scan using k_4 on sbtest4  (cost=0.43..6.42 rows=99 width=4)
	  Index Cond: ((k >= 5143935) AND (k <= 5144035))

table 5 : explain SELECT k FROM sbtest5 WHERE k BETWEEN 5143935 AND 5144035
	Index Only Scan using k_5 on sbtest5  (cost=0.43..6.43 rows=100 width=4)
	  Index Cond: ((k >= 5143935) AND (k <= 5144035))

table 6 : explain SELECT k FROM sbtest6 WHERE k BETWEEN 5143935 AND 5144035
	Index Only Scan using k_6 on sbtest6  (cost=0.43..6.63 rows=110 width=4)
	  Index Cond: ((k >= 5143935) AND (k <= 5144035))

table 7 : explain SELECT k FROM sbtest7 WHERE k BETWEEN 5143935 AND 5144035
	Index Only Scan using k_7 on sbtest7  (cost=0.43..6.58 rows=107 width=4)
	  Index Cond: ((k >= 5143935) AND (k <= 5144035))

table 8 : explain SELECT k FROM sbtest8 WHERE k BETWEEN 5143935 AND 5144035
	Index Only Scan using k_8 on sbtest8  (cost=0.43..10.36 rows=96 width=4)
	  Index Cond: ((k >= 5143935) AND (k <= 5144035))

for range-covered
table 1 : explain SELECT k FROM sbtest1 WHERE k BETWEEN 4054977 AND 4055077
	Index Only Scan using k_1 on sbtest1  (cost=0.43..6.27 rows=92 width=4)
	  Index Cond: ((k >= 4054977) AND (k <= 4055077))

table 2 : explain SELECT k FROM sbtest2 WHERE k BETWEEN 4054977 AND 4055077
	Index Only Scan using k_2 on sbtest2  (cost=0.43..10.32 rows=94 width=4)
	  Index Cond: ((k >= 4054977) AND (k <= 4055077))

table 3 : explain SELECT k FROM sbtest3 WHERE k BETWEEN 4054977 AND 4055077
	Index Only Scan using k_3 on sbtest3  (cost=0.43..6.40 rows=98 width=4)
	  Index Cond: ((k >= 4054977) AND (k <= 4055077))

table 4 : explain SELECT k FROM sbtest4 WHERE k BETWEEN 4054977 AND 4055077
	Index Only Scan using k_4 on sbtest4  (cost=0.43..6.45 rows=101 width=4)
	  Index Cond: ((k >= 4054977) AND (k <= 4055077))

table 5 : explain SELECT k FROM sbtest5 WHERE k BETWEEN 4054977 AND 4055077
	Index Only Scan using k_5 on sbtest5  (cost=0.43..6.53 rows=105 width=4)
	  Index Cond: ((k >= 4054977) AND (k <= 4055077))

table 6 : explain SELECT k FROM sbtest6 WHERE k BETWEEN 4054977 AND 4055077
	Index Only Scan using k_6 on sbtest6  (cost=0.43..6.50 rows=103 width=4)
	  Index Cond: ((k >= 4054977) AND (k <= 4055077))

table 7 : explain SELECT k FROM sbtest7 WHERE k BETWEEN 4054977 AND 4055077
	Index Only Scan using k_7 on sbtest7  (cost=0.43..6.53 rows=105 width=4)
	  Index Cond: ((k >= 4054977) AND (k <= 4055077))

table 8 : explain SELECT k FROM sbtest8 WHERE k BETWEEN 4054977 AND 4055077
	Index Only Scan using k_8 on sbtest8  (cost=0.43..10.47 rows=102 width=4)
	  Index Cond: ((k >= 4054977) AND (k <= 4055077))

explain: for range-covered :: explain SELECT k FROM sbtest%d WHERE k BETWEEN 4881934 AND 4882034
for range-covered
table 1 : explain SELECT k FROM sbtest1 WHERE k BETWEEN 2015193 AND 2015293
	Index Only Scan using k_1 on sbtest1  (cost=0.43..6.53 rows=105 width=4)
	  Index Cond: ((k >= 2015193) AND (k <= 2015293))

table 2 : explain SELECT k FROM sbtest2 WHERE k BETWEEN 2015193 AND 2015293
	Index Only Scan using k_2 on sbtest2  (cost=0.43..10.47 rows=102 width=4)
	  Index Cond: ((k >= 2015193) AND (k <= 2015293))

table 3 : explain SELECT k FROM sbtest3 WHERE k BETWEEN 2015193 AND 2015293
	Index Only Scan using k_3 on sbtest3  (cost=0.43..6.51 rows=104 width=4)
	  Index Cond: ((k >= 2015193) AND (k <= 2015293))

table 4 : explain SELECT k FROM sbtest4 WHERE k BETWEEN 2015193 AND 2015293
	Index Only Scan using k_4 on sbtest4  (cost=0.43..6.56 rows=106 width=4)
	  Index Cond: ((k >= 2015193) AND (k <= 2015293))

table 5 : explain SELECT k FROM sbtest5 WHERE k BETWEEN 2015193 AND 2015293
	Index Only Scan using k_5 on sbtest5  (cost=0.43..6.56 rows=106 width=4)
	  Index Cond: ((k >= 2015193) AND (k <= 2015293))

table 6 : explain SELECT k FROM sbtest6 WHERE k BETWEEN 2015193 AND 2015293
	Index Only Scan using k_6 on sbtest6  (cost=0.43..6.42 rows=99 width=4)
	  Index Cond: ((k >= 2015193) AND (k <= 2015293))

table 7 : explain SELECT k FROM sbtest7 WHERE k BETWEEN 2015193 AND 2015293
	Index Only Scan using k_7 on sbtest7  (cost=0.43..6.40 rows=98 width=4)
	  Index Cond: ((k >= 2015193) AND (k <= 2015293))

table 8 : explain SELECT k FROM sbtest8 WHERE k BETWEEN 2015193 AND 2015293
	Index Only Scan using k_8 on sbtest8  (cost=0.43..10.54 rows=105 width=4)
	  Index Cond: ((k >= 2015193) AND (k <= 2015293))

explain: for range-covered :: explain SELECT k FROM sbtest%d WHERE k BETWEEN 5143935 AND 5144035
for range-covered
table 1 : explain SELECT k FROM sbtest1 WHERE k BETWEEN 2915087 AND 2915187
	Index Only Scan using k_1 on sbtest1  (cost=0.43..6.40 rows=98 width=4)
	  Index Cond: ((k >= 2915087) AND (k <= 2915187))

table 2 : explain SELECT k FROM sbtest2 WHERE k BETWEEN 2915087 AND 2915187
	Index Only Scan using k_2 on sbtest2  (cost=0.43..10.63 rows=110 width=4)
	  Index Cond: ((k >= 2915087) AND (k <= 2915187))

table 3 : explain SELECT k FROM sbtest3 WHERE k BETWEEN 2915087 AND 2915187
	Index Only Scan using k_3 on sbtest3  (cost=0.43..6.43 rows=100 width=4)
	  Index Cond: ((k >= 2915087) AND (k <= 2915187))

table 4 : explain SELECT k FROM sbtest4 WHERE k BETWEEN 2915087 AND 2915187
	Index Only Scan using k_4 on sbtest4  (cost=0.43..6.33 rows=95 width=4)
	  Index Cond: ((k >= 2915087) AND (k <= 2915187))

table 5 : explain SELECT k FROM sbtest5 WHERE k BETWEEN 2915087 AND 2915187
	Index Only Scan using k_5 on sbtest5  (cost=0.43..6.81 rows=119 width=4)
	  Index Cond: ((k >= 2915087) AND (k <= 2915187))

table 6 : explain SELECT k FROM sbtest6 WHERE k BETWEEN 2915087 AND 2915187
	Index Only Scan using k_6 on sbtest6  (cost=0.43..6.43 rows=100 width=4)
	  Index Cond: ((k >= 2915087) AND (k <= 2915187))

table 7 : explain SELECT k FROM sbtest7 WHERE k BETWEEN 2915087 AND 2915187
	Index Only Scan using k_7 on sbtest7  (cost=0.43..6.66 rows=111 width=4)
	  Index Cond: ((k >= 2915087) AND (k <= 2915187))

table 8 : explain SELECT k FROM sbtest8 WHERE k BETWEEN 2915087 AND 2915187
	Index Only Scan using k_8 on sbtest8  (cost=0.43..10.46 rows=101 width=4)
	  Index Cond: ((k >= 2915087) AND (k <= 2915187))

explain: for range-covered :: explain SELECT k FROM sbtest%d WHERE k BETWEEN 2015193 AND 2015293
for range-covered
table 1 : explain SELECT k FROM sbtest1 WHERE k BETWEEN 463310 AND 463410
	Index Only Scan using k_1 on sbtest1  (cost=0.43..6.58 rows=107 width=4)
	  Index Cond: ((k >= 463310) AND (k <= 463410))

table 2 : explain SELECT k FROM sbtest2 WHERE k BETWEEN 463310 AND 463410
	Index Only Scan using k_2 on sbtest2  (cost=0.43..10.54 rows=105 width=4)
	  Index Cond: ((k >= 463310) AND (k <= 463410))

table 3 : explain SELECT k FROM sbtest3 WHERE k BETWEEN 463310 AND 463410
	Index Only Scan using k_3 on sbtest3  (cost=0.43..6.42 rows=99 width=4)
	  Index Cond: ((k >= 463310) AND (k <= 463410))

table 4 : explain SELECT k FROM sbtest4 WHERE k BETWEEN 463310 AND 463410
	Index Only Scan using k_4 on sbtest4  (cost=0.43..6.43 rows=100 width=4)
	  Index Cond: ((k >= 463310) AND (k <= 463410))

table 5 : explain SELECT k FROM sbtest5 WHERE k BETWEEN 463310 AND 463410
	Index Only Scan using k_5 on sbtest5  (cost=0.43..6.40 rows=98 width=4)
	  Index Cond: ((k >= 463310) AND (k <= 463410))

table 6 : explain SELECT k FROM sbtest6 WHERE k BETWEEN 463310 AND 463410
	Index Only Scan using k_6 on sbtest6  (cost=0.43..6.40 rows=98 width=4)
	  Index Cond: ((k >= 463310) AND (k <= 463410))

table 7 : explain SELECT k FROM sbtest7 WHERE k BETWEEN 463310 AND 463410
	Index Only Scan using k_7 on sbtest7  (cost=0.43..6.50 rows=103 width=4)
	  Index Cond: ((k >= 463310) AND (k <= 463410))

table 8 : explain SELECT k FROM sbtest8 WHERE k BETWEEN 463310 AND 463410
	Index Only Scan using k_8 on sbtest8  (cost=0.43..10.50 rows=103 width=4)
	  Index Cond: ((k >= 463310) AND (k <= 463410))

for range-covered
table 1 : explain SELECT k FROM sbtest1 WHERE k BETWEEN 4141378 AND 4141478
	Index Only Scan using k_1 on sbtest1  (cost=0.43..6.27 rows=92 width=4)
	  Index Cond: ((k >= 4141378) AND (k <= 4141478))

table 2 : explain SELECT k FROM sbtest2 WHERE k BETWEEN 4141378 AND 4141478
	Index Only Scan using k_2 on sbtest2  (cost=0.43..10.47 rows=102 width=4)
	  Index Cond: ((k >= 4141378) AND (k <= 4141478))

table 3 : explain SELECT k FROM sbtest3 WHERE k BETWEEN 4141378 AND 4141478
	Index Only Scan using k_3 on sbtest3  (cost=0.43..6.42 rows=99 width=4)
	  Index Cond: ((k >= 4141378) AND (k <= 4141478))

table 4 : explain SELECT k FROM sbtest4 WHERE k BETWEEN 4141378 AND 4141478
	Index Only Scan using k_4 on sbtest4  (cost=0.43..6.43 rows=100 width=4)
	  Index Cond: ((k >= 4141378) AND (k <= 4141478))

table 5 : explain SELECT k FROM sbtest5 WHERE k BETWEEN 4141378 AND 4141478
	Index Only Scan using k_5 on sbtest5  (cost=0.43..6.47 rows=102 width=4)
	  Index Cond: ((k >= 4141378) AND (k <= 4141478))

table 6 : explain SELECT k FROM sbtest6 WHERE k BETWEEN 4141378 AND 4141478
	Index Only Scan using k_6 on sbtest6  (cost=0.43..6.33 rows=95 width=4)
	  Index Cond: ((k >= 4141378) AND (k <= 4141478))

table 7 : explain SELECT k FROM sbtest7 WHERE k BETWEEN 4141378 AND 4141478
	Index Only Scan using k_7 on sbtest7  (cost=0.43..6.47 rows=102 width=4)
	  Index Cond: ((k >= 4141378) AND (k <= 4141478))

table 8 : explain SELECT k FROM sbtest8 WHERE k BETWEEN 4141378 AND 4141478
	Index Only Scan using k_8 on sbtest8  (cost=0.43..10.47 rows=102 width=4)
	  Index Cond: ((k >= 4141378) AND (k <= 4141478))

explain: for range-covered :: explain SELECT k FROM sbtest%d WHERE k BETWEEN 4141378 AND 4141478
explain: for range-covered :: explain SELECT k FROM sbtest%d WHERE k BETWEEN 463310 AND 463410
for range-covered
table 1 : explain SELECT k FROM sbtest1 WHERE k BETWEEN 5786889 AND 5786989
	Index Only Scan using k_1 on sbtest1  (cost=0.43..6.37 rows=97 width=4)
	  Index Cond: ((k >= 5786889) AND (k <= 5786989))

table 2 : explain SELECT k FROM sbtest2 WHERE k BETWEEN 5786889 AND 5786989
	Index Only Scan using k_2 on sbtest2  (cost=0.43..10.51 rows=104 width=4)
	  Index Cond: ((k >= 5786889) AND (k <= 5786989))

table 3 : explain SELECT k FROM sbtest3 WHERE k BETWEEN 5786889 AND 5786989
	Index Only Scan using k_3 on sbtest3  (cost=0.43..6.67 rows=112 width=4)
	  Index Cond: ((k >= 5786889) AND (k <= 5786989))

table 4 : explain SELECT k FROM sbtest4 WHERE k BETWEEN 5786889 AND 5786989
	Index Only Scan using k_4 on sbtest4  (cost=0.43..6.56 rows=106 width=4)
	  Index Cond: ((k >= 5786889) AND (k <= 5786989))

table 5 : explain SELECT k FROM sbtest5 WHERE k BETWEEN 5786889 AND 5786989
	Index Only Scan using k_5 on sbtest5  (cost=0.43..6.43 rows=100 width=4)
	  Index Cond: ((k >= 5786889) AND (k <= 5786989))

table 6 : explain SELECT k FROM sbtest6 WHERE k BETWEEN 5786889 AND 5786989
	Index Only Scan using k_6 on sbtest6  (cost=0.43..6.58 rows=107 width=4)
	  Index Cond: ((k >= 5786889) AND (k <= 5786989))

table 7 : explain SELECT k FROM sbtest7 WHERE k BETWEEN 5786889 AND 5786989
	Index Only Scan using k_7 on sbtest7  (cost=0.43..6.59 rows=108 width=4)
	  Index Cond: ((k >= 5786889) AND (k <= 5786989))

table 8 : explain SELECT k FROM sbtest8 WHERE k BETWEEN 5786889 AND 5786989
	Index Only Scan using k_8 on sbtest8  (cost=0.43..10.36 rows=96 width=4)
	  Index Cond: ((k >= 5786889) AND (k <= 5786989))

for range-covered
table 1 : explain SELECT k FROM sbtest1 WHERE k BETWEEN 1294497 AND 1294597
	Index Only Scan using k_1 on sbtest1  (cost=0.43..6.45 rows=101 width=4)
	  Index Cond: ((k >= 1294497) AND (k <= 1294597))

table 2 : explain SELECT k FROM sbtest2 WHERE k BETWEEN 1294497 AND 1294597
	Index Only Scan using k_2 on sbtest2  (cost=0.43..10.76 rows=116 width=4)
	  Index Cond: ((k >= 1294497) AND (k <= 1294597))

table 3 : explain SELECT k FROM sbtest3 WHERE k BETWEEN 1294497 AND 1294597
	Index Only Scan using k_3 on sbtest3  (cost=0.43..6.45 rows=101 width=4)
	  Index Cond: ((k >= 1294497) AND (k <= 1294597))

table 4 : explain SELECT k FROM sbtest4 WHERE k BETWEEN 1294497 AND 1294597
	Index Only Scan using k_4 on sbtest4  (cost=0.43..6.45 rows=101 width=4)
	  Index Cond: ((k >= 1294497) AND (k <= 1294597))

table 5 : explain SELECT k FROM sbtest5 WHERE k BETWEEN 1294497 AND 1294597
	Index Only Scan using k_5 on sbtest5  (cost=0.43..6.47 rows=102 width=4)
	  Index Cond: ((k >= 1294497) AND (k <= 1294597))

table 6 : explain SELECT k FROM sbtest6 WHERE k BETWEEN 1294497 AND 1294597
	Index Only Scan using k_6 on sbtest6  (cost=0.43..6.35 rows=96 width=4)
	  Index Cond: ((k >= 1294497) AND (k <= 1294597))

table 7 : explain SELECT k FROM sbtest7 WHERE k BETWEEN 1294497 AND 1294597
	Index Only Scan using k_7 on sbtest7  (cost=0.43..6.56 rows=106 width=4)
	  Index Cond: ((k >= 1294497) AND (k <= 1294597))

table 8 : explain SELECT k FROM sbtest8 WHERE k BETWEEN 1294497 AND 1294597
	Index Only Scan using k_8 on sbtest8  (cost=0.43..10.29 rows=93 width=4)
	  Index Cond: ((k >= 1294497) AND (k <= 1294597))

for range-covered
table 1 : explain SELECT k FROM sbtest1 WHERE k BETWEEN 6112263 AND 6112363
	Index Only Scan using k_1 on sbtest1  (cost=0.43..6.72 rows=114 width=4)
	  Index Cond: ((k >= 6112263) AND (k <= 6112363))

table 2 : explain SELECT k FROM sbtest2 WHERE k BETWEEN 6112263 AND 6112363
	Index Only Scan using k_2 on sbtest2  (cost=0.43..10.32 rows=94 width=4)
	  Index Cond: ((k >= 6112263) AND (k <= 6112363))

table 3 : explain SELECT k FROM sbtest3 WHERE k BETWEEN 6112263 AND 6112363
	Index Only Scan using k_3 on sbtest3  (cost=0.43..6.29 rows=93 width=4)
	  Index Cond: ((k >= 6112263) AND (k <= 6112363))

table 4 : explain SELECT k FROM sbtest4 WHERE k BETWEEN 6112263 AND 6112363
	Index Only Scan using k_4 on sbtest4  (cost=0.43..6.47 rows=102 width=4)
	  Index Cond: ((k >= 6112263) AND (k <= 6112363))

table 5 : explain SELECT k FROM sbtest5 WHERE k BETWEEN 6112263 AND 6112363
	Index Only Scan using k_5 on sbtest5  (cost=0.43..6.40 rows=98 width=4)
	  Index Cond: ((k >= 6112263) AND (k <= 6112363))

table 6 : explain SELECT k FROM sbtest6 WHERE k BETWEEN 6112263 AND 6112363
	Index Only Scan using k_6 on sbtest6  (cost=0.43..6.51 rows=104 width=4)
	  Index Cond: ((k >= 6112263) AND (k <= 6112363))

table 7 : explain SELECT k FROM sbtest7 WHERE k BETWEEN 6112263 AND 6112363
	Index Only Scan using k_7 on sbtest7  (cost=0.43..6.43 rows=100 width=4)
	  Index Cond: ((k >= 6112263) AND (k <= 6112363))

table 8 : explain SELECT k FROM sbtest8 WHERE k BETWEEN 6112263 AND 6112363
	Index Only Scan using k_8 on sbtest8  (cost=0.43..10.28 rows=92 width=4)
	  Index Cond: ((k >= 6112263) AND (k <= 6112363))

explain: for range-covered :: explain SELECT k FROM sbtest%d WHERE k BETWEEN 5786889 AND 5786989
explain: for range-covered :: explain SELECT k FROM sbtest%d WHERE k BETWEEN 2915087 AND 2915187
explain: for range-covered :: explain SELECT k FROM sbtest%d WHERE k BETWEEN 1294497 AND 1294597
explain: for range-covered :: explain SELECT k FROM sbtest%d WHERE k BETWEEN 6112263 AND 6112363
for range-covered
table 1 : explain SELECT k FROM sbtest1 WHERE k BETWEEN 5143935 AND 5144035
	Index Only Scan using k_1 on sbtest1  (cost=0.43..6.50 rows=103 width=4)
	  Index Cond: ((k >= 5143935) AND (k <= 5144035))

table 2 : explain SELECT k FROM sbtest2 WHERE k BETWEEN 5143935 AND 5144035
	Index Only Scan using k_2 on sbtest2  (cost=0.43..10.54 rows=105 width=4)
	  Index Cond: ((k >= 5143935) AND (k <= 5144035))

table 3 : explain SELECT k FROM sbtest3 WHERE k BETWEEN 5143935 AND 5144035
	Index Only Scan using k_3 on sbtest3  (cost=0.43..6.45 rows=101 width=4)
	  Index Cond: ((k >= 5143935) AND (k <= 5144035))

table 4 : explain SELECT k FROM sbtest4 WHERE k BETWEEN 5143935 AND 5144035
	Index Only Scan using k_4 on sbtest4  (cost=0.43..6.42 rows=99 width=4)
	  Index Cond: ((k >= 5143935) AND (k <= 5144035))

table 5 : explain SELECT k FROM sbtest5 WHERE k BETWEEN 5143935 AND 5144035
	Index Only Scan using k_5 on sbtest5  (cost=0.43..6.43 rows=100 width=4)
	  Index Cond: ((k >= 5143935) AND (k <= 5144035))

table 6 : explain SELECT k FROM sbtest6 WHERE k BETWEEN 5143935 AND 5144035
	Index Only Scan using k_6 on sbtest6  (cost=0.43..6.63 rows=110 width=4)
	  Index Cond: ((k >= 5143935) AND (k <= 5144035))

table 7 : explain SELECT k FROM sbtest7 WHERE k BETWEEN 5143935 AND 5144035
	Index Only Scan using k_7 on sbtest7  (cost=0.43..6.58 rows=107 width=4)
	  Index Cond: ((k >= 5143935) AND (k <= 5144035))

table 8 : explain SELECT k FROM sbtest8 WHERE k BETWEEN 5143935 AND 5144035
	Index Only Scan using k_8 on sbtest8  (cost=0.43..10.36 rows=96 width=4)
	  Index Cond: ((k >= 5143935) AND (k <= 5144035))

for range-covered
table 1 : explain SELECT k FROM sbtest1 WHERE k BETWEEN 4881934 AND 4882034
	Index Only Scan using k_1 on sbtest1  (cost=0.43..6.37 rows=97 width=4)
	  Index Cond: ((k >= 4881934) AND (k <= 4882034))

table 2 : explain SELECT k FROM sbtest2 WHERE k BETWEEN 4881934 AND 4882034
	Index Only Scan using k_2 on sbtest2  (cost=0.43..10.44 rows=100 width=4)
	  Index Cond: ((k >= 4881934) AND (k <= 4882034))

table 3 : explain SELECT k FROM sbtest3 WHERE k BETWEEN 4881934 AND 4882034
	Index Only Scan using k_3 on sbtest3  (cost=0.43..6.33 rows=95 width=4)
	  Index Cond: ((k >= 4881934) AND (k <= 4882034))

table 4 : explain SELECT k FROM sbtest4 WHERE k BETWEEN 4881934 AND 4882034
	Index Only Scan using k_4 on sbtest4  (cost=0.43..6.42 rows=99 width=4)
	  Index Cond: ((k >= 4881934) AND (k <= 4882034))

table 5 : explain SELECT k FROM sbtest5 WHERE k BETWEEN 4881934 AND 4882034
	Index Only Scan using k_5 on sbtest5  (cost=0.43..6.75 rows=116 width=4)
	  Index Cond: ((k >= 4881934) AND (k <= 4882034))

table 6 : explain SELECT k FROM sbtest6 WHERE k BETWEEN 4881934 AND 4882034
	Index Only Scan using k_6 on sbtest6  (cost=0.43..6.47 rows=102 width=4)
	  Index Cond: ((k >= 4881934) AND (k <= 4882034))

table 7 : explain SELECT k FROM sbtest7 WHERE k BETWEEN 4881934 AND 4882034
	Index Only Scan using k_7 on sbtest7  (cost=0.43..6.66 rows=111 width=4)
	  Index Cond: ((k >= 4881934) AND (k <= 4882034))

table 8 : explain SELECT k FROM sbtest8 WHERE k BETWEEN 4881934 AND 4882034
	Index Only Scan using k_8 on sbtest8  (cost=0.43..10.33 rows=95 width=4)
	  Index Cond: ((k >= 4881934) AND (k <= 4882034))

explain: for range-covered :: explain SELECT k FROM sbtest%d WHERE k BETWEEN 4881934 AND 4882034
for range-covered
table 1 : explain SELECT k FROM sbtest1 WHERE k BETWEEN 2015193 AND 2015293
	Index Only Scan using k_1 on sbtest1  (cost=0.43..6.53 rows=105 width=4)
	  Index Cond: ((k >= 2015193) AND (k <= 2015293))

table 2 : explain SELECT k FROM sbtest2 WHERE k BETWEEN 2015193 AND 2015293
	Index Only Scan using k_2 on sbtest2  (cost=0.43..10.47 rows=102 width=4)
	  Index Cond: ((k >= 2015193) AND (k <= 2015293))

table 3 : explain SELECT k FROM sbtest3 WHERE k BETWEEN 2015193 AND 2015293
	Index Only Scan using k_3 on sbtest3  (cost=0.43..6.51 rows=104 width=4)
	  Index Cond: ((k >= 2015193) AND (k <= 2015293))

table 4 : explain SELECT k FROM sbtest4 WHERE k BETWEEN 2015193 AND 2015293
	Index Only Scan using k_4 on sbtest4  (cost=0.43..6.56 rows=106 width=4)
	  Index Cond: ((k >= 2015193) AND (k <= 2015293))

table 5 : explain SELECT k FROM sbtest5 WHERE k BETWEEN 2015193 AND 2015293
	Index Only Scan using k_5 on sbtest5  (cost=0.43..6.56 rows=106 width=4)
	  Index Cond: ((k >= 2015193) AND (k <= 2015293))

table 6 : explain SELECT k FROM sbtest6 WHERE k BETWEEN 2015193 AND 2015293
	Index Only Scan using k_6 on sbtest6  (cost=0.43..6.42 rows=99 width=4)
	  Index Cond: ((k >= 2015193) AND (k <= 2015293))

table 7 : explain SELECT k FROM sbtest7 WHERE k BETWEEN 2015193 AND 2015293
	Index Only Scan using k_7 on sbtest7  (cost=0.43..6.40 rows=98 width=4)
	  Index Cond: ((k >= 2015193) AND (k <= 2015293))

table 8 : explain SELECT k FROM sbtest8 WHERE k BETWEEN 2015193 AND 2015293
	Index Only Scan using k_8 on sbtest8  (cost=0.43..10.54 rows=105 width=4)
	  Index Cond: ((k >= 2015193) AND (k <= 2015293))

for range-covered
table 1 : explain SELECT k FROM sbtest1 WHERE k BETWEEN 4141378 AND 4141478
	Index Only Scan using k_1 on sbtest1  (cost=0.43..6.27 rows=92 width=4)
	  Index Cond: ((k >= 4141378) AND (k <= 4141478))

table 2 : explain SELECT k FROM sbtest2 WHERE k BETWEEN 4141378 AND 4141478
	Index Only Scan using k_2 on sbtest2  (cost=0.43..10.47 rows=102 width=4)
	  Index Cond: ((k >= 4141378) AND (k <= 4141478))

table 3 : explain SELECT k FROM sbtest3 WHERE k BETWEEN 4141378 AND 4141478
	Index Only Scan using k_3 on sbtest3  (cost=0.43..6.42 rows=99 width=4)
	  Index Cond: ((k >= 4141378) AND (k <= 4141478))

table 4 : explain SELECT k FROM sbtest4 WHERE k BETWEEN 4141378 AND 4141478
	Index Only Scan using k_4 on sbtest4  (cost=0.43..6.43 rows=100 width=4)
	  Index Cond: ((k >= 4141378) AND (k <= 4141478))

table 5 : explain SELECT k FROM sbtest5 WHERE k BETWEEN 4141378 AND 4141478
	Index Only Scan using k_5 on sbtest5  (cost=0.43..6.47 rows=102 width=4)
	  Index Cond: ((k >= 4141378) AND (k <= 4141478))

table 6 : explain SELECT k FROM sbtest6 WHERE k BETWEEN 4141378 AND 4141478
	Index Only Scan using k_6 on sbtest6  (cost=0.43..6.33 rows=95 width=4)
	  Index Cond: ((k >= 4141378) AND (k <= 4141478))

table 7 : explain SELECT k FROM sbtest7 WHERE k BETWEEN 4141378 AND 4141478
	Index Only Scan using k_7 on sbtest7  (cost=0.43..6.47 rows=102 width=4)
	  Index Cond: ((k >= 4141378) AND (k <= 4141478))

table 8 : explain SELECT k FROM sbtest8 WHERE k BETWEEN 4141378 AND 4141478
	Index Only Scan using k_8 on sbtest8  (cost=0.43..10.47 rows=102 width=4)
	  Index Cond: ((k >= 4141378) AND (k <= 4141478))

for range-covered
table 1 : explain SELECT k FROM sbtest1 WHERE k BETWEEN 463310 AND 463410
	Index Only Scan using k_1 on sbtest1  (cost=0.43..6.58 rows=107 width=4)
	  Index Cond: ((k >= 463310) AND (k <= 463410))

table 2 : explain SELECT k FROM sbtest2 WHERE k BETWEEN 463310 AND 463410
	Index Only Scan using k_2 on sbtest2  (cost=0.43..10.54 rows=105 width=4)
	  Index Cond: ((k >= 463310) AND (k <= 463410))

table 3 : explain SELECT k FROM sbtest3 WHERE k BETWEEN 463310 AND 463410
	Index Only Scan using k_3 on sbtest3  (cost=0.43..6.42 rows=99 width=4)
	  Index Cond: ((k >= 463310) AND (k <= 463410))

table 4 : explain SELECT k FROM sbtest4 WHERE k BETWEEN 463310 AND 463410
	Index Only Scan using k_4 on sbtest4  (cost=0.43..6.43 rows=100 width=4)
	  Index Cond: ((k >= 463310) AND (k <= 463410))

table 5 : explain SELECT k FROM sbtest5 WHERE k BETWEEN 463310 AND 463410
	Index Only Scan using k_5 on sbtest5  (cost=0.43..6.40 rows=98 width=4)
	  Index Cond: ((k >= 463310) AND (k <= 463410))

table 6 : explain SELECT k FROM sbtest6 WHERE k BETWEEN 463310 AND 463410
	Index Only Scan using k_6 on sbtest6  (cost=0.43..6.40 rows=98 width=4)
	  Index Cond: ((k >= 463310) AND (k <= 463410))

table 7 : explain SELECT k FROM sbtest7 WHERE k BETWEEN 463310 AND 463410
	Index Only Scan using k_7 on sbtest7  (cost=0.43..6.50 rows=103 width=4)
	  Index Cond: ((k >= 463310) AND (k <= 463410))

table 8 : explain SELECT k FROM sbtest8 WHERE k BETWEEN 463310 AND 463410
	Index Only Scan using k_8 on sbtest8  (cost=0.43..10.50 rows=103 width=4)
	  Index Cond: ((k >= 463310) AND (k <= 463410))

explain: for range-covered :: explain SELECT k FROM sbtest%d WHERE k BETWEEN 4141378 AND 4141478
explain: for range-covered :: explain SELECT k FROM sbtest%d WHERE k BETWEEN 463310 AND 463410
for range-covered
table 1 : explain SELECT k FROM sbtest1 WHERE k BETWEEN 5786889 AND 5786989
	Index Only Scan using k_1 on sbtest1  (cost=0.43..6.37 rows=97 width=4)
	  Index Cond: ((k >= 5786889) AND (k <= 5786989))

table 2 : explain SELECT k FROM sbtest2 WHERE k BETWEEN 5786889 AND 5786989
	Index Only Scan using k_2 on sbtest2  (cost=0.43..10.51 rows=104 width=4)
	  Index Cond: ((k >= 5786889) AND (k <= 5786989))

table 3 : explain SELECT k FROM sbtest3 WHERE k BETWEEN 5786889 AND 5786989
	Index Only Scan using k_3 on sbtest3  (cost=0.43..6.67 rows=112 width=4)
	  Index Cond: ((k >= 5786889) AND (k <= 5786989))

table 4 : explain SELECT k FROM sbtest4 WHERE k BETWEEN 5786889 AND 5786989
	Index Only Scan using k_4 on sbtest4  (cost=0.43..6.56 rows=106 width=4)
	  Index Cond: ((k >= 5786889) AND (k <= 5786989))

table 5 : explain SELECT k FROM sbtest5 WHERE k BETWEEN 5786889 AND 5786989
	Index Only Scan using k_5 on sbtest5  (cost=0.43..6.43 rows=100 width=4)
	  Index Cond: ((k >= 5786889) AND (k <= 5786989))

table 6 : explain SELECT k FROM sbtest6 WHERE k BETWEEN 5786889 AND 5786989
	Index Only Scan using k_6 on sbtest6  (cost=0.43..6.58 rows=107 width=4)
	  Index Cond: ((k >= 5786889) AND (k <= 5786989))

table 7 : explain SELECT k FROM sbtest7 WHERE k BETWEEN 5786889 AND 5786989
	Index Only Scan using k_7 on sbtest7  (cost=0.43..6.59 rows=108 width=4)
	  Index Cond: ((k >= 5786889) AND (k <= 5786989))

table 8 : explain SELECT k FROM sbtest8 WHERE k BETWEEN 5786889 AND 5786989
	Index Only Scan using k_8 on sbtest8  (cost=0.43..10.36 rows=96 width=4)
	  Index Cond: ((k >= 5786889) AND (k <= 5786989))

for range-covered
table 1 : explain SELECT k FROM sbtest1 WHERE k BETWEEN 2915087 AND 2915187
	Index Only Scan using k_1 on sbtest1  (cost=0.43..6.40 rows=98 width=4)
	  Index Cond: ((k >= 2915087) AND (k <= 2915187))

table 2 : explain SELECT k FROM sbtest2 WHERE k BETWEEN 2915087 AND 2915187
	Index Only Scan using k_2 on sbtest2  (cost=0.43..10.63 rows=110 width=4)
	  Index Cond: ((k >= 2915087) AND (k <= 2915187))

table 3 : explain SELECT k FROM sbtest3 WHERE k BETWEEN 2915087 AND 2915187
	Index Only Scan using k_3 on sbtest3  (cost=0.43..6.43 rows=100 width=4)
	  Index Cond: ((k >= 2915087) AND (k <= 2915187))

table 4 : explain SELECT k FROM sbtest4 WHERE k BETWEEN 2915087 AND 2915187
	Index Only Scan using k_4 on sbtest4  (cost=0.43..6.33 rows=95 width=4)
	  Index Cond: ((k >= 2915087) AND (k <= 2915187))

table 5 : explain SELECT k FROM sbtest5 WHERE k BETWEEN 2915087 AND 2915187
	Index Only Scan using k_5 on sbtest5  (cost=0.43..6.81 rows=119 width=4)
	  Index Cond: ((k >= 2915087) AND (k <= 2915187))

table 6 : explain SELECT k FROM sbtest6 WHERE k BETWEEN 2915087 AND 2915187
	Index Only Scan using k_6 on sbtest6  (cost=0.43..6.43 rows=100 width=4)
	  Index Cond: ((k >= 2915087) AND (k <= 2915187))

table 7 : explain SELECT k FROM sbtest7 WHERE k BETWEEN 2915087 AND 2915187
	Index Only Scan using k_7 on sbtest7  (cost=0.43..6.66 rows=111 width=4)
	  Index Cond: ((k >= 2915087) AND (k <= 2915187))

table 8 : explain SELECT k FROM sbtest8 WHERE k BETWEEN 2915087 AND 2915187
	Index Only Scan using k_8 on sbtest8  (cost=0.43..10.46 rows=101 width=4)
	  Index Cond: ((k >= 2915087) AND (k <= 2915187))

for range-covered
table 1 : explain SELECT k FROM sbtest1 WHERE k BETWEEN 1294497 AND 1294597
	Index Only Scan using k_1 on sbtest1  (cost=0.43..6.45 rows=101 width=4)
	  Index Cond: ((k >= 1294497) AND (k <= 1294597))

table 2 : explain SELECT k FROM sbtest2 WHERE k BETWEEN 1294497 AND 1294597
	Index Only Scan using k_2 on sbtest2  (cost=0.43..10.76 rows=116 width=4)
	  Index Cond: ((k >= 1294497) AND (k <= 1294597))

table 3 : explain SELECT k FROM sbtest3 WHERE k BETWEEN 1294497 AND 1294597
	Index Only Scan using k_3 on sbtest3  (cost=0.43..6.45 rows=101 width=4)
	  Index Cond: ((k >= 1294497) AND (k <= 1294597))

table 4 : explain SELECT k FROM sbtest4 WHERE k BETWEEN 1294497 AND 1294597
	Index Only Scan using k_4 on sbtest4  (cost=0.43..6.45 rows=101 width=4)
	  Index Cond: ((k >= 1294497) AND (k <= 1294597))

table 5 : explain SELECT k FROM sbtest5 WHERE k BETWEEN 1294497 AND 1294597
	Index Only Scan using k_5 on sbtest5  (cost=0.43..6.47 rows=102 width=4)
	  Index Cond: ((k >= 1294497) AND (k <= 1294597))

table 6 : explain SELECT k FROM sbtest6 WHERE k BETWEEN 1294497 AND 1294597
	Index Only Scan using k_6 on sbtest6  (cost=0.43..6.35 rows=96 width=4)
	  Index Cond: ((k >= 1294497) AND (k <= 1294597))

table 7 : explain SELECT k FROM sbtest7 WHERE k BETWEEN 1294497 AND 1294597
	Index Only Scan using k_7 on sbtest7  (cost=0.43..6.56 rows=106 width=4)
	  Index Cond: ((k >= 1294497) AND (k <= 1294597))

table 8 : explain SELECT k FROM sbtest8 WHERE k BETWEEN 1294497 AND 1294597
	Index Only Scan using k_8 on sbtest8  (cost=0.43..10.29 rows=93 width=4)
	  Index Cond: ((k >= 1294497) AND (k <= 1294597))

for range-covered
table 1 : explain SELECT k FROM sbtest1 WHERE k BETWEEN 6112263 AND 6112363
	Index Only Scan using k_1 on sbtest1  (cost=0.43..6.72 rows=114 width=4)
	  Index Cond: ((k >= 6112263) AND (k <= 6112363))

table 2 : explain SELECT k FROM sbtest2 WHERE k BETWEEN 6112263 AND 6112363
	Index Only Scan using k_2 on sbtest2  (cost=0.43..10.32 rows=94 width=4)
	  Index Cond: ((k >= 6112263) AND (k <= 6112363))

table 3 : explain SELECT k FROM sbtest3 WHERE k BETWEEN 6112263 AND 6112363
	Index Only Scan using k_3 on sbtest3  (cost=0.43..6.29 rows=93 width=4)
	  Index Cond: ((k >= 6112263) AND (k <= 6112363))

table 4 : explain SELECT k FROM sbtest4 WHERE k BETWEEN 6112263 AND 6112363
	Index Only Scan using k_4 on sbtest4  (cost=0.43..6.47 rows=102 width=4)
	  Index Cond: ((k >= 6112263) AND (k <= 6112363))

table 5 : explain SELECT k FROM sbtest5 WHERE k BETWEEN 6112263 AND 6112363
	Index Only Scan using k_5 on sbtest5  (cost=0.43..6.40 rows=98 width=4)
	  Index Cond: ((k >= 6112263) AND (k <= 6112363))

table 6 : explain SELECT k FROM sbtest6 WHERE k BETWEEN 6112263 AND 6112363
	Index Only Scan using k_6 on sbtest6  (cost=0.43..6.51 rows=104 width=4)
	  Index Cond: ((k >= 6112263) AND (k <= 6112363))

table 7 : explain SELECT k FROM sbtest7 WHERE k BETWEEN 6112263 AND 6112363
	Index Only Scan using k_7 on sbtest7  (cost=0.43..6.43 rows=100 width=4)
	  Index Cond: ((k >= 6112263) AND (k <= 6112363))

table 8 : explain SELECT k FROM sbtest8 WHERE k BETWEEN 6112263 AND 6112363
	Index Only Scan using k_8 on sbtest8  (cost=0.43..10.28 rows=92 width=4)
	  Index Cond: ((k >= 6112263) AND (k <= 6112363))

explain: for range-covered :: explain SELECT k FROM sbtest%d WHERE k BETWEEN 2915087 AND 2915187
for range-covered
table 1 : explain SELECT k FROM sbtest1 WHERE k BETWEEN 4881934 AND 4882034
	Index Only Scan using k_1 on sbtest1  (cost=0.43..6.37 rows=97 width=4)
	  Index Cond: ((k >= 4881934) AND (k <= 4882034))

table 2 : explain SELECT k FROM sbtest2 WHERE k BETWEEN 4881934 AND 4882034
	Index Only Scan using k_2 on sbtest2  (cost=0.43..10.44 rows=100 width=4)
	  Index Cond: ((k >= 4881934) AND (k <= 4882034))

table 3 : explain SELECT k FROM sbtest3 WHERE k BETWEEN 4881934 AND 4882034
	Index Only Scan using k_3 on sbtest3  (cost=0.43..6.33 rows=95 width=4)
	  Index Cond: ((k >= 4881934) AND (k <= 4882034))

table 4 : explain SELECT k FROM sbtest4 WHERE k BETWEEN 4881934 AND 4882034
	Index Only Scan using k_4 on sbtest4  (cost=0.43..6.42 rows=99 width=4)
	  Index Cond: ((k >= 4881934) AND (k <= 4882034))

table 5 : explain SELECT k FROM sbtest5 WHERE k BETWEEN 4881934 AND 4882034
	Index Only Scan using k_5 on sbtest5  (cost=0.43..6.75 rows=116 width=4)
	  Index Cond: ((k >= 4881934) AND (k <= 4882034))

table 6 : explain SELECT k FROM sbtest6 WHERE k BETWEEN 4881934 AND 4882034
	Index Only Scan using k_6 on sbtest6  (cost=0.43..6.47 rows=102 width=4)
	  Index Cond: ((k >= 4881934) AND (k <= 4882034))

table 7 : explain SELECT k FROM sbtest7 WHERE k BETWEEN 4881934 AND 4882034
	Index Only Scan using k_7 on sbtest7  (cost=0.43..6.66 rows=111 width=4)
	  Index Cond: ((k >= 4881934) AND (k <= 4882034))

table 8 : explain SELECT k FROM sbtest8 WHERE k BETWEEN 4881934 AND 4882034
	Index Only Scan using k_8 on sbtest8  (cost=0.43..10.33 rows=95 width=4)
	  Index Cond: ((k >= 4881934) AND (k <= 4882034))

explain: for range-covered :: explain SELECT k FROM sbtest%d WHERE k BETWEEN 4881934 AND 4882034
for range-covered
table 1 : explain SELECT k FROM sbtest1 WHERE k BETWEEN 4141378 AND 4141478
	Index Only Scan using k_1 on sbtest1  (cost=0.43..6.27 rows=92 width=4)
	  Index Cond: ((k >= 4141378) AND (k <= 4141478))

table 2 : explain SELECT k FROM sbtest2 WHERE k BETWEEN 4141378 AND 4141478
	Index Only Scan using k_2 on sbtest2  (cost=0.43..10.47 rows=102 width=4)
	  Index Cond: ((k >= 4141378) AND (k <= 4141478))

table 3 : explain SELECT k FROM sbtest3 WHERE k BETWEEN 4141378 AND 4141478
	Index Only Scan using k_3 on sbtest3  (cost=0.43..6.42 rows=99 width=4)
	  Index Cond: ((k >= 4141378) AND (k <= 4141478))

table 4 : explain SELECT k FROM sbtest4 WHERE k BETWEEN 4141378 AND 4141478
	Index Only Scan using k_4 on sbtest4  (cost=0.43..6.43 rows=100 width=4)
	  Index Cond: ((k >= 4141378) AND (k <= 4141478))

table 5 : explain SELECT k FROM sbtest5 WHERE k BETWEEN 4141378 AND 4141478
	Index Only Scan using k_5 on sbtest5  (cost=0.43..6.47 rows=102 width=4)
	  Index Cond: ((k >= 4141378) AND (k <= 4141478))

table 6 : explain SELECT k FROM sbtest6 WHERE k BETWEEN 4141378 AND 4141478
	Index Only Scan using k_6 on sbtest6  (cost=0.43..6.33 rows=95 width=4)
	  Index Cond: ((k >= 4141378) AND (k <= 4141478))

table 7 : explain SELECT k FROM sbtest7 WHERE k BETWEEN 4141378 AND 4141478
	Index Only Scan using k_7 on sbtest7  (cost=0.43..6.47 rows=102 width=4)
	  Index Cond: ((k >= 4141378) AND (k <= 4141478))

table 8 : explain SELECT k FROM sbtest8 WHERE k BETWEEN 4141378 AND 4141478
	Index Only Scan using k_8 on sbtest8  (cost=0.43..10.47 rows=102 width=4)
	  Index Cond: ((k >= 4141378) AND (k <= 4141478))

for range-covered
table 1 : explain SELECT k FROM sbtest1 WHERE k BETWEEN 463310 AND 463410
	Index Only Scan using k_1 on sbtest1  (cost=0.43..6.58 rows=107 width=4)
	  Index Cond: ((k >= 463310) AND (k <= 463410))

table 2 : explain SELECT k FROM sbtest2 WHERE k BETWEEN 463310 AND 463410
	Index Only Scan using k_2 on sbtest2  (cost=0.43..10.54 rows=105 width=4)
	  Index Cond: ((k >= 463310) AND (k <= 463410))

table 3 : explain SELECT k FROM sbtest3 WHERE k BETWEEN 463310 AND 463410
	Index Only Scan using k_3 on sbtest3  (cost=0.43..6.42 rows=99 width=4)
	  Index Cond: ((k >= 463310) AND (k <= 463410))

table 4 : explain SELECT k FROM sbtest4 WHERE k BETWEEN 463310 AND 463410
	Index Only Scan using k_4 on sbtest4  (cost=0.43..6.43 rows=100 width=4)
	  Index Cond: ((k >= 463310) AND (k <= 463410))

table 5 : explain SELECT k FROM sbtest5 WHERE k BETWEEN 463310 AND 463410
	Index Only Scan using k_5 on sbtest5  (cost=0.43..6.40 rows=98 width=4)
	  Index Cond: ((k >= 463310) AND (k <= 463410))

table 6 : explain SELECT k FROM sbtest6 WHERE k BETWEEN 463310 AND 463410
	Index Only Scan using k_6 on sbtest6  (cost=0.43..6.40 rows=98 width=4)
	  Index Cond: ((k >= 463310) AND (k <= 463410))

table 7 : explain SELECT k FROM sbtest7 WHERE k BETWEEN 463310 AND 463410
	Index Only Scan using k_7 on sbtest7  (cost=0.43..6.50 rows=103 width=4)
	  Index Cond: ((k >= 463310) AND (k <= 463410))

table 8 : explain SELECT k FROM sbtest8 WHERE k BETWEEN 463310 AND 463410
	Index Only Scan using k_8 on sbtest8  (cost=0.43..10.50 rows=103 width=4)
	  Index Cond: ((k >= 463310) AND (k <= 463410))

for range-covered
table 1 : explain SELECT k FROM sbtest1 WHERE k BETWEEN 2915087 AND 2915187
	Index Only Scan using k_1 on sbtest1  (cost=0.43..6.40 rows=98 width=4)
	  Index Cond: ((k >= 2915087) AND (k <= 2915187))

table 2 : explain SELECT k FROM sbtest2 WHERE k BETWEEN 2915087 AND 2915187
	Index Only Scan using k_2 on sbtest2  (cost=0.43..10.63 rows=110 width=4)
	  Index Cond: ((k >= 2915087) AND (k <= 2915187))

table 3 : explain SELECT k FROM sbtest3 WHERE k BETWEEN 2915087 AND 2915187
	Index Only Scan using k_3 on sbtest3  (cost=0.43..6.43 rows=100 width=4)
	  Index Cond: ((k >= 2915087) AND (k <= 2915187))

table 4 : explain SELECT k FROM sbtest4 WHERE k BETWEEN 2915087 AND 2915187
	Index Only Scan using k_4 on sbtest4  (cost=0.43..6.33 rows=95 width=4)
	  Index Cond: ((k >= 2915087) AND (k <= 2915187))

table 5 : explain SELECT k FROM sbtest5 WHERE k BETWEEN 2915087 AND 2915187
	Index Only Scan using k_5 on sbtest5  (cost=0.43..6.81 rows=119 width=4)
	  Index Cond: ((k >= 2915087) AND (k <= 2915187))

table 6 : explain SELECT k FROM sbtest6 WHERE k BETWEEN 2915087 AND 2915187
	Index Only Scan using k_6 on sbtest6  (cost=0.43..6.43 rows=100 width=4)
	  Index Cond: ((k >= 2915087) AND (k <= 2915187))

table 7 : explain SELECT k FROM sbtest7 WHERE k BETWEEN 2915087 AND 2915187
	Index Only Scan using k_7 on sbtest7  (cost=0.43..6.66 rows=111 width=4)
	  Index Cond: ((k >= 2915087) AND (k <= 2915187))

table 8 : explain SELECT k FROM sbtest8 WHERE k BETWEEN 2915087 AND 2915187
	Index Only Scan using k_8 on sbtest8  (cost=0.43..10.46 rows=101 width=4)
	  Index Cond: ((k >= 2915087) AND (k <= 2915187))

explain: for range-covered :: explain SELECT k FROM sbtest%d WHERE k BETWEEN 2915087 AND 2915187
for range-covered
table 1 : explain SELECT k FROM sbtest1 WHERE k BETWEEN 4881934 AND 4882034
	Index Only Scan using k_1 on sbtest1  (cost=0.43..6.37 rows=97 width=4)
	  Index Cond: ((k >= 4881934) AND (k <= 4882034))

table 2 : explain SELECT k FROM sbtest2 WHERE k BETWEEN 4881934 AND 4882034
	Index Only Scan using k_2 on sbtest2  (cost=0.43..10.44 rows=100 width=4)
	  Index Cond: ((k >= 4881934) AND (k <= 4882034))

table 3 : explain SELECT k FROM sbtest3 WHERE k BETWEEN 4881934 AND 4882034
	Index Only Scan using k_3 on sbtest3  (cost=0.43..6.33 rows=95 width=4)
	  Index Cond: ((k >= 4881934) AND (k <= 4882034))

table 4 : explain SELECT k FROM sbtest4 WHERE k BETWEEN 4881934 AND 4882034
	Index Only Scan using k_4 on sbtest4  (cost=0.43..6.42 rows=99 width=4)
	  Index Cond: ((k >= 4881934) AND (k <= 4882034))

table 5 : explain SELECT k FROM sbtest5 WHERE k BETWEEN 4881934 AND 4882034
	Index Only Scan using k_5 on sbtest5  (cost=0.43..6.75 rows=116 width=4)
	  Index Cond: ((k >= 4881934) AND (k <= 4882034))

table 6 : explain SELECT k FROM sbtest6 WHERE k BETWEEN 4881934 AND 4882034
	Index Only Scan using k_6 on sbtest6  (cost=0.43..6.47 rows=102 width=4)
	  Index Cond: ((k >= 4881934) AND (k <= 4882034))

table 7 : explain SELECT k FROM sbtest7 WHERE k BETWEEN 4881934 AND 4882034
	Index Only Scan using k_7 on sbtest7  (cost=0.43..6.66 rows=111 width=4)
	  Index Cond: ((k >= 4881934) AND (k <= 4882034))

table 8 : explain SELECT k FROM sbtest8 WHERE k BETWEEN 4881934 AND 4882034
	Index Only Scan using k_8 on sbtest8  (cost=0.43..10.33 rows=95 width=4)
	  Index Cond: ((k >= 4881934) AND (k <= 4882034))

explain: for range-covered :: explain SELECT k FROM sbtest%d WHERE k BETWEEN 4881934 AND 4882034
for range-covered
table 1 : explain SELECT k FROM sbtest1 WHERE k BETWEEN 2915087 AND 2915187
	Index Only Scan using k_1 on sbtest1  (cost=0.43..6.40 rows=98 width=4)
	  Index Cond: ((k >= 2915087) AND (k <= 2915187))

table 2 : explain SELECT k FROM sbtest2 WHERE k BETWEEN 2915087 AND 2915187
	Index Only Scan using k_2 on sbtest2  (cost=0.43..10.63 rows=110 width=4)
	  Index Cond: ((k >= 2915087) AND (k <= 2915187))

table 3 : explain SELECT k FROM sbtest3 WHERE k BETWEEN 2915087 AND 2915187
	Index Only Scan using k_3 on sbtest3  (cost=0.43..6.43 rows=100 width=4)
	  Index Cond: ((k >= 2915087) AND (k <= 2915187))

table 4 : explain SELECT k FROM sbtest4 WHERE k BETWEEN 2915087 AND 2915187
	Index Only Scan using k_4 on sbtest4  (cost=0.43..6.33 rows=95 width=4)
	  Index Cond: ((k >= 2915087) AND (k <= 2915187))

table 5 : explain SELECT k FROM sbtest5 WHERE k BETWEEN 2915087 AND 2915187
	Index Only Scan using k_5 on sbtest5  (cost=0.43..6.81 rows=119 width=4)
	  Index Cond: ((k >= 2915087) AND (k <= 2915187))

table 6 : explain SELECT k FROM sbtest6 WHERE k BETWEEN 2915087 AND 2915187
	Index Only Scan using k_6 on sbtest6  (cost=0.43..6.43 rows=100 width=4)
	  Index Cond: ((k >= 2915087) AND (k <= 2915187))

table 7 : explain SELECT k FROM sbtest7 WHERE k BETWEEN 2915087 AND 2915187
	Index Only Scan using k_7 on sbtest7  (cost=0.43..6.66 rows=111 width=4)
	  Index Cond: ((k >= 2915087) AND (k <= 2915187))

table 8 : explain SELECT k FROM sbtest8 WHERE k BETWEEN 2915087 AND 2915187
	Index Only Scan using k_8 on sbtest8  (cost=0.43..10.46 rows=101 width=4)
	  Index Cond: ((k >= 2915087) AND (k <= 2915187))

explain: for range-covered :: explain SELECT k FROM sbtest%d WHERE k BETWEEN 2915087 AND 2915187
for range-covered
table 1 : explain SELECT k FROM sbtest1 WHERE k BETWEEN 4881934 AND 4882034
	Index Only Scan using k_1 on sbtest1  (cost=0.43..6.37 rows=97 width=4)
	  Index Cond: ((k >= 4881934) AND (k <= 4882034))

table 2 : explain SELECT k FROM sbtest2 WHERE k BETWEEN 4881934 AND 4882034
	Index Only Scan using k_2 on sbtest2  (cost=0.43..10.44 rows=100 width=4)
	  Index Cond: ((k >= 4881934) AND (k <= 4882034))

table 3 : explain SELECT k FROM sbtest3 WHERE k BETWEEN 4881934 AND 4882034
	Index Only Scan using k_3 on sbtest3  (cost=0.43..6.33 rows=95 width=4)
	  Index Cond: ((k >= 4881934) AND (k <= 4882034))

table 4 : explain SELECT k FROM sbtest4 WHERE k BETWEEN 4881934 AND 4882034
	Index Only Scan using k_4 on sbtest4  (cost=0.43..6.42 rows=99 width=4)
	  Index Cond: ((k >= 4881934) AND (k <= 4882034))

table 5 : explain SELECT k FROM sbtest5 WHERE k BETWEEN 4881934 AND 4882034
	Index Only Scan using k_5 on sbtest5  (cost=0.43..6.75 rows=116 width=4)
	  Index Cond: ((k >= 4881934) AND (k <= 4882034))

table 6 : explain SELECT k FROM sbtest6 WHERE k BETWEEN 4881934 AND 4882034
	Index Only Scan using k_6 on sbtest6  (cost=0.43..6.47 rows=102 width=4)
	  Index Cond: ((k >= 4881934) AND (k <= 4882034))

table 7 : explain SELECT k FROM sbtest7 WHERE k BETWEEN 4881934 AND 4882034
	Index Only Scan using k_7 on sbtest7  (cost=0.43..6.66 rows=111 width=4)
	  Index Cond: ((k >= 4881934) AND (k <= 4882034))

table 8 : explain SELECT k FROM sbtest8 WHERE k BETWEEN 4881934 AND 4882034
	Index Only Scan using k_8 on sbtest8  (cost=0.43..10.33 rows=95 width=4)
	  Index Cond: ((k >= 4881934) AND (k <= 4882034))

explain: for range-covered :: explain SELECT k FROM sbtest%d WHERE k BETWEEN 4881934 AND 4882034
for range-covered
table 1 : explain SELECT k FROM sbtest1 WHERE k BETWEEN 2915087 AND 2915187
	Index Only Scan using k_1 on sbtest1  (cost=0.43..6.40 rows=98 width=4)
	  Index Cond: ((k >= 2915087) AND (k <= 2915187))

table 2 : explain SELECT k FROM sbtest2 WHERE k BETWEEN 2915087 AND 2915187
	Index Only Scan using k_2 on sbtest2  (cost=0.43..10.63 rows=110 width=4)
	  Index Cond: ((k >= 2915087) AND (k <= 2915187))

table 3 : explain SELECT k FROM sbtest3 WHERE k BETWEEN 2915087 AND 2915187
	Index Only Scan using k_3 on sbtest3  (cost=0.43..6.43 rows=100 width=4)
	  Index Cond: ((k >= 2915087) AND (k <= 2915187))

table 4 : explain SELECT k FROM sbtest4 WHERE k BETWEEN 2915087 AND 2915187
	Index Only Scan using k_4 on sbtest4  (cost=0.43..6.33 rows=95 width=4)
	  Index Cond: ((k >= 2915087) AND (k <= 2915187))

table 5 : explain SELECT k FROM sbtest5 WHERE k BETWEEN 2915087 AND 2915187
	Index Only Scan using k_5 on sbtest5  (cost=0.43..6.81 rows=119 width=4)
	  Index Cond: ((k >= 2915087) AND (k <= 2915187))

table 6 : explain SELECT k FROM sbtest6 WHERE k BETWEEN 2915087 AND 2915187
	Index Only Scan using k_6 on sbtest6  (cost=0.43..6.43 rows=100 width=4)
	  Index Cond: ((k >= 2915087) AND (k <= 2915187))

table 7 : explain SELECT k FROM sbtest7 WHERE k BETWEEN 2915087 AND 2915187
	Index Only Scan using k_7 on sbtest7  (cost=0.43..6.66 rows=111 width=4)
	  Index Cond: ((k >= 2915087) AND (k <= 2915187))

table 8 : explain SELECT k FROM sbtest8 WHERE k BETWEEN 2915087 AND 2915187
	Index Only Scan using k_8 on sbtest8  (cost=0.43..10.46 rows=101 width=4)
	  Index Cond: ((k >= 2915087) AND (k <= 2915187))

for range-covered
table 1 : explain SELECT k FROM sbtest1 WHERE k BETWEEN 4881934 AND 4882034
	Index Only Scan using k_1 on sbtest1  (cost=0.43..6.37 rows=97 width=4)
	  Index Cond: ((k >= 4881934) AND (k <= 4882034))

table 2 : explain SELECT k FROM sbtest2 WHERE k BETWEEN 4881934 AND 4882034
	Index Only Scan using k_2 on sbtest2  (cost=0.43..10.44 rows=100 width=4)
	  Index Cond: ((k >= 4881934) AND (k <= 4882034))

table 3 : explain SELECT k FROM sbtest3 WHERE k BETWEEN 4881934 AND 4882034
	Index Only Scan using k_3 on sbtest3  (cost=0.43..6.33 rows=95 width=4)
	  Index Cond: ((k >= 4881934) AND (k <= 4882034))

table 4 : explain SELECT k FROM sbtest4 WHERE k BETWEEN 4881934 AND 4882034
	Index Only Scan using k_4 on sbtest4  (cost=0.43..6.42 rows=99 width=4)
	  Index Cond: ((k >= 4881934) AND (k <= 4882034))

table 5 : explain SELECT k FROM sbtest5 WHERE k BETWEEN 4881934 AND 4882034
	Index Only Scan using k_5 on sbtest5  (cost=0.43..6.75 rows=116 width=4)
	  Index Cond: ((k >= 4881934) AND (k <= 4882034))

table 6 : explain SELECT k FROM sbtest6 WHERE k BETWEEN 4881934 AND 4882034
	Index Only Scan using k_6 on sbtest6  (cost=0.43..6.47 rows=102 width=4)
	  Index Cond: ((k >= 4881934) AND (k <= 4882034))

table 7 : explain SELECT k FROM sbtest7 WHERE k BETWEEN 4881934 AND 4882034
	Index Only Scan using k_7 on sbtest7  (cost=0.43..6.66 rows=111 width=4)
	  Index Cond: ((k >= 4881934) AND (k <= 4882034))

table 8 : explain SELECT k FROM sbtest8 WHERE k BETWEEN 4881934 AND 4882034
	Index Only Scan using k_8 on sbtest8  (cost=0.43..10.33 rows=95 width=4)
	  Index Cond: ((k >= 4881934) AND (k <= 4882034))

explain: for range-covered :: explain SELECT k FROM sbtest%d WHERE k BETWEEN 4881934 AND 4882034
for range-covered
table 1 : explain SELECT k FROM sbtest1 WHERE k BETWEEN 4881934 AND 4882034
	Index Only Scan using k_1 on sbtest1  (cost=0.43..6.37 rows=97 width=4)
	  Index Cond: ((k >= 4881934) AND (k <= 4882034))

table 2 : explain SELECT k FROM sbtest2 WHERE k BETWEEN 4881934 AND 4882034
	Index Only Scan using k_2 on sbtest2  (cost=0.43..10.44 rows=100 width=4)
	  Index Cond: ((k >= 4881934) AND (k <= 4882034))

table 3 : explain SELECT k FROM sbtest3 WHERE k BETWEEN 4881934 AND 4882034
	Index Only Scan using k_3 on sbtest3  (cost=0.43..6.33 rows=95 width=4)
	  Index Cond: ((k >= 4881934) AND (k <= 4882034))

table 4 : explain SELECT k FROM sbtest4 WHERE k BETWEEN 4881934 AND 4882034
	Index Only Scan using k_4 on sbtest4  (cost=0.43..6.42 rows=99 width=4)
	  Index Cond: ((k >= 4881934) AND (k <= 4882034))

table 5 : explain SELECT k FROM sbtest5 WHERE k BETWEEN 4881934 AND 4882034
	Index Only Scan using k_5 on sbtest5  (cost=0.43..6.75 rows=116 width=4)
	  Index Cond: ((k >= 4881934) AND (k <= 4882034))

table 6 : explain SELECT k FROM sbtest6 WHERE k BETWEEN 4881934 AND 4882034
	Index Only Scan using k_6 on sbtest6  (cost=0.43..6.47 rows=102 width=4)
	  Index Cond: ((k >= 4881934) AND (k <= 4882034))

table 7 : explain SELECT k FROM sbtest7 WHERE k BETWEEN 4881934 AND 4882034
	Index Only Scan using k_7 on sbtest7  (cost=0.43..6.66 rows=111 width=4)
	  Index Cond: ((k >= 4881934) AND (k <= 4882034))

table 8 : explain SELECT k FROM sbtest8 WHERE k BETWEEN 4881934 AND 4882034
	Index Only Scan using k_8 on sbtest8  (cost=0.43..10.33 rows=95 width=4)
	  Index Cond: ((k >= 4881934) AND (k <= 4882034))

Threads started!

Warming up for 5 seconds...

SQL statistics:
    queries performed:
        read:                            243176453
        write:                           0
        other:                           0
        total:                           243176453
    transactions:                        243176453 (385990.86 per sec.)
    queries:                             243176453 (385990.86 per sec.)
    ignored errors:                      0      (0.00 per sec.)
    reconnects:                          0      (0.00 per sec.)

Throughput:
    events/s (eps):                      385990.8551
    time elapsed:                        630.0059s
    total number of events:              243176453

Latency (ms):
         min:                                    0.06
         avg:                                    0.10
         max:                                   24.17
         95th percentile:                        0.12
         sum:                             25127755.60

Threads fairness:
    events (avg/stddev):           6079404.8000/29751.45
    execution time (avg/stddev):   628.1939/0.04

