LUA_PATH=/home/mdcallag/git/mytools/bench/sysbench.lua/lua/?.lua /home/mdcallag/git/mytools/bench/sysbench.lua/lua/sysbench --db-driver=pgsql --range-size=10 --table-size=10000000 --tables=8 --threads=40 --events=0 --warmup-time=5 --time=630 --pgsql_conn_id=true /home/mdcallag/git/mytools/bench/sysbench.lua/lua/oltp_read_only.lua run --pgsql-user=root --pgsql-password=pw --pgsql-host=127.0.0.1 --pgsql-db=ib --rand-type=uniform
48 CPUs
sysbench 1.1.0-9072687 (using bundled LuaJIT 2.1.0-beta3)

Running the test with following options:
Number of threads: 40
Warmup time: 5s
Initializing random number generator from current time


Initializing worker threads...

explain: for point_selects :: explain SELECT c FROM sbtest%u WHERE id=%u
explain: for point_selects :: explain SELECT c FROM sbtest%u WHERE id=%u
explain: for point_selects :: explain SELECT c FROM sbtest%u WHERE id=%u
explain: for point_selects :: explain SELECT c FROM sbtest%u WHERE id=%u
explain: for point_selects :: explain SELECT c FROM sbtest%u WHERE id=%u
explain: for point_selects :: explain SELECT c FROM sbtest%u WHERE id=%u
explain: for point_selects :: explain SELECT c FROM sbtest%u WHERE id=%u
explain: for point_selects :: explain SELECT c FROM sbtest%u WHERE id=%u
explain: for point_selects :: explain SELECT c FROM sbtest%u WHERE id=%u
explain: for point_selects :: explain SELECT c FROM sbtest%u WHERE id=%u
explain: for point_selects :: explain SELECT c FROM sbtest%u WHERE id=%u
explain: for point_selects :: explain SELECT c FROM sbtest%u WHERE id=%u
explain: for point_selects :: explain SELECT c FROM sbtest%u WHERE id=%u
explain: for point_selects :: explain SELECT c FROM sbtest%u WHERE id=%u
explain: for point_selects :: explain SELECT c FROM sbtest%u WHERE id=%u
explain: for point_selects :: explain SELECT c FROM sbtest%u WHERE id=%u
explain: for point_selects :: explain SELECT c FROM sbtest%u WHERE id=%u
explain: for point_selects :: explain SELECT c FROM sbtest%u WHERE id=%u
explain: for point_selects :: explain SELECT c FROM sbtest%u WHERE id=%u
explain: for point_selects :: explain SELECT c FROM sbtest%u WHERE id=%u
explain: for point_selects :: explain SELECT c FROM sbtest%u WHERE id=%u
explain: for point_selects :: explain SELECT c FROM sbtest%u WHERE id=%u
explain: for point_selects :: explain SELECT c FROM sbtest%u WHERE id=%u
explain: for point_selects :: explain SELECT c FROM sbtest%u WHERE id=%u
for point_selects
table 1 : explain SELECT c FROM sbtest1 WHERE id=7229039
	Index Scan using sbtest1_pkey on sbtest1  (cost=0.43..8.45 rows=1 width=121)
	  Index Cond: (id = 7229039)

table 2 : explain SELECT c FROM sbtest2 WHERE id=2806025
	Index Scan using sbtest2_pkey on sbtest2  (cost=0.43..8.45 rows=1 width=121)
	  Index Cond: (id = 2806025)

table 3 : explain SELECT c FROM sbtest3 WHERE id=6552078
	Index Scan using sbtest3_pkey on sbtest3  (cost=0.43..8.45 rows=1 width=121)
	  Index Cond: (id = 6552078)

table 4 : explain SELECT c FROM sbtest4 WHERE id=5841121
	Index Scan using sbtest4_pkey on sbtest4  (cost=0.43..8.45 rows=1 width=121)
	  Index Cond: (id = 5841121)

table 5 : explain SELECT c FROM sbtest5 WHERE id=7697708
	Index Scan using sbtest5_pkey on sbtest5  (cost=0.43..8.45 rows=1 width=121)
	  Index Cond: (id = 7697708)

table 6 : explain SELECT c FROM sbtest6 WHERE id=236510
	Index Scan using sbtest6_pkey on sbtest6  (cost=0.43..8.45 rows=1 width=121)
	  Index Cond: (id = 236510)

table 7 : explain SELECT c FROM sbtest7 WHERE id=9173499
	Index Scan using sbtest7_pkey on sbtest7  (cost=0.43..8.45 rows=1 width=121)
	  Index Cond: (id = 9173499)

table 8 : explain SELECT c FROM sbtest8 WHERE id=6267885
	Index Scan using sbtest8_pkey on sbtest8  (cost=0.43..8.45 rows=1 width=121)
	  Index Cond: (id = 6267885)

for point_selects
table 1 : explain SELECT c FROM sbtest1 WHERE id=7855181
	Index Scan using sbtest1_pkey on sbtest1  (cost=0.43..8.45 rows=1 width=121)
	  Index Cond: (id = 7855181)

table 2 : explain SELECT c FROM sbtest2 WHERE id=7378083
	Index Scan using sbtest2_pkey on sbtest2  (cost=0.43..8.45 rows=1 width=121)
	  Index Cond: (id = 7378083)

table 3 : explain SELECT c FROM sbtest3 WHERE id=4068366
	Index Scan using sbtest3_pkey on sbtest3  (cost=0.43..8.45 rows=1 width=121)
	  Index Cond: (id = 4068366)

table 4 : explain SELECT c FROM sbtest4 WHERE id=2709254
	Index Scan using sbtest4_pkey on sbtest4  (cost=0.43..8.45 rows=1 width=121)
	  Index Cond: (id = 2709254)

table 5 : explain SELECT c FROM sbtest5 WHERE id=9380517
	Index Scan using sbtest5_pkey on sbtest5  (cost=0.43..8.45 rows=1 width=121)
	  Index Cond: (id = 9380517)

table 6 : explain SELECT c FROM sbtest6 WHERE id=7801103
	Index Scan using sbtest6_pkey on sbtest6  (cost=0.43..8.45 rows=1 width=121)
	  Index Cond: (id = 7801103)

table 7 : explain SELECT c FROM sbtest7 WHERE id=9925016
	Index Scan using sbtest7_pkey on sbtest7  (cost=0.43..8.45 rows=1 width=121)
	  Index Cond: (id = 9925016)

table 8 : explain SELECT c FROM sbtest8 WHERE id=4926945
	Index Scan using sbtest8_pkey on sbtest8  (cost=0.43..8.45 rows=1 width=121)
	  Index Cond: (id = 4926945)

for point_selects
table 1 : explain SELECT c FROM sbtest1 WHERE id=2870484
	Index Scan using sbtest1_pkey on sbtest1  (cost=0.43..8.45 rows=1 width=121)
	  Index Cond: (id = 2870484)

table 2 : explain SELECT c FROM sbtest2 WHERE id=8972344
	Index Scan using sbtest2_pkey on sbtest2  (cost=0.43..8.45 rows=1 width=121)
	  Index Cond: (id = 8972344)

table 3 : explain SELECT c FROM sbtest3 WHERE id=8699125
	Index Scan using sbtest3_pkey on sbtest3  (cost=0.43..8.45 rows=1 width=121)
	  Index Cond: (id = 8699125)

table 4 : explain SELECT c FROM sbtest4 WHERE id=2831375
	Index Scan using sbtest4_pkey on sbtest4  (cost=0.43..8.45 rows=1 width=121)
	  Index Cond: (id = 2831375)

table 5 : explain SELECT c FROM sbtest5 WHERE id=5631574
	Index Scan using sbtest5_pkey on sbtest5  (cost=0.43..8.45 rows=1 width=121)
	  Index Cond: (id = 5631574)

table 6 : explain SELECT c FROM sbtest6 WHERE id=472666
	Index Scan using sbtest6_pkey on sbtest6  (cost=0.43..8.45 rows=1 width=121)
	  Index Cond: (id = 472666)

table 7 : explain SELECT c FROM sbtest7 WHERE id=670282
	Index Scan using sbtest7_pkey on sbtest7  (cost=0.43..8.45 rows=1 width=121)
	  Index Cond: (id = 670282)

table 8 : explain SELECT c FROM sbtest8 WHERE id=9779973
	Index Scan using sbtest8_pkey on sbtest8  (cost=0.43..8.45 rows=1 width=121)
	  Index Cond: (id = 9779973)

explain: for point_selects :: explain SELECT c FROM sbtest%u WHERE id=%u
explain: for point_selects :: explain SELECT c FROM sbtest%u WHERE id=%u
explain: for point_selects :: explain SELECT c FROM sbtest%u WHERE id=%u
explain: for point_selects :: explain SELECT c FROM sbtest%u WHERE id=%u
explain: for point_selects :: explain SELECT c FROM sbtest%u WHERE id=%u
explain: for point_selects :: explain SELECT c FROM sbtest%u WHERE id=%u
explain: for point_selects :: explain SELECT c FROM sbtest%u WHERE id=%u
explain: for point_selects :: explain SELECT c FROM sbtest%u WHERE id=%u
explain: for point_selects :: explain SELECT c FROM sbtest%u WHERE id=%u
explain: for point_selects :: explain SELECT c FROM sbtest%u WHERE id=%u
explain: for point_selects :: explain SELECT c FROM sbtest%u WHERE id=%u
explain: for point_selects :: explain SELECT c FROM sbtest%u WHERE id=%u
for point_selects
table 1 : explain SELECT c FROM sbtest1 WHERE id=3242800
	Index Scan using sbtest1_pkey on sbtest1  (cost=0.43..8.45 rows=1 width=121)
	  Index Cond: (id = 3242800)

table 2 : explain SELECT c FROM sbtest2 WHERE id=8740275
	Index Scan using sbtest2_pkey on sbtest2  (cost=0.43..8.45 rows=1 width=121)
	  Index Cond: (id = 8740275)

table 3 : explain SELECT c FROM sbtest3 WHERE id=7634195
	Index Scan using sbtest3_pkey on sbtest3  (cost=0.43..8.45 rows=1 width=121)
	  Index Cond: (id = 7634195)

table 4 : explain SELECT c FROM sbtest4 WHERE id=7675966
	Index Scan using sbtest4_pkey on sbtest4  (cost=0.43..8.45 rows=1 width=121)
	  Index Cond: (id = 7675966)

table 5 : explain SELECT c FROM sbtest5 WHERE id=7109507
	Index Scan using sbtest5_pkey on sbtest5  (cost=0.43..8.45 rows=1 width=121)
	  Index Cond: (id = 7109507)

table 6 : explain SELECT c FROM sbtest6 WHERE id=6393955
	Index Scan using sbtest6_pkey on sbtest6  (cost=0.43..8.45 rows=1 width=121)
	  Index Cond: (id = 6393955)

table 7 : explain SELECT c FROM sbtest7 WHERE id=1146331
	Index Scan using sbtest7_pkey on sbtest7  (cost=0.43..8.45 rows=1 width=121)
	  Index Cond: (id = 1146331)

table 8 : explain SELECT c FROM sbtest8 WHERE id=8994765
	Index Scan using sbtest8_pkey on sbtest8  (cost=0.43..8.45 rows=1 width=121)
	  Index Cond: (id = 8994765)
for point_selects
table 1 : explain SELECT c FROM sbtest1 WHERE id=8755860
	Index Scan using sbtest1_pkey on sbtest1  (cost=0.43..8.45 rows=1 width=121)
	  Index Cond: (id = 8755860)

table 2 : explain SELECT c FROM sbtest2 WHERE id=3162888
	Index Scan using sbtest2_pkey on sbtest2  (cost=0.43..8.45 rows=1 width=121)
	  Index Cond: (id = 3162888)

table 3 : explain SELECT c FROM sbtest3 WHERE id=3378641
	Index Scan using sbtest3_pkey on sbtest3  (cost=0.43..8.45 rows=1 width=121)
	  Index Cond: (id = 3378641)

table 4 : explain SELECT c FROM sbtest4 WHERE id=4225518
	Index Scan using sbtest4_pkey on sbtest4  (cost=0.43..8.45 rows=1 width=121)
	  Index Cond: (id = 4225518)

table 5 : explain SELECT c FROM sbtest5 WHERE id=181501
	Index Scan using sbtest5_pkey on sbtest5  (cost=0.43..8.45 rows=1 width=121)
	  Index Cond: (id = 181501)

table 6 : explain SELECT c FROM sbtest6 WHERE id=1953545
	Index Scan using sbtest6_pkey on sbtest6  (cost=0.43..8.45 rows=1 width=121)
	  Index Cond: (id = 1953545)

table 7 : explain SELECT c FROM sbtest7 WHERE id=5525023
	Index Scan using sbtest7_pkey on sbtest7  (cost=0.43..8.45 rows=1 width=121)
	  Index Cond: (id = 5525023)

table 8 : explain SELECT c FROM sbtest8 WHERE id=4200130
	Index Scan using sbtest8_pkey on sbtest8  (cost=0.43..8.45 rows=1 width=121)
	  Index Cond: (id = 4200130)

for point_selects
table 1 : explain SELECT c FROM sbtest1 WHERE id=6336209
	Index Scan using sbtest1_pkey on sbtest1  (cost=0.43..8.45 rows=1 width=121)
	  Index Cond: (id = 6336209)

table 2 : explain SELECT c FROM sbtest2 WHERE id=8093430
	Index Scan using sbtest2_pkey on sbtest2  (cost=0.43..8.45 rows=1 width=121)
	  Index Cond: (id = 8093430)

table 3 : explain SELECT c FROM sbtest3 WHERE id=8716900
	Index Scan using sbtest3_pkey on sbtest3  (cost=0.43..8.45 rows=1 width=121)
	  Index Cond: (id = 8716900)

table 4 : explain SELECT c FROM sbtest4 WHERE id=7090558
	Index Scan using sbtest4_pkey on sbtest4  (cost=0.43..8.45 rows=1 width=121)
	  Index Cond: (id = 7090558)

table 5 : explain SELECT c FROM sbtest5 WHERE id=7558620
	Index Scan using sbtest5_pkey on sbtest5  (cost=0.43..8.45 rows=1 width=121)
	  Index Cond: (id = 7558620)

table 6 : explain SELECT c FROM sbtest6 WHERE id=4447840
	Index Scan using sbtest6_pkey on sbtest6  (cost=0.43..8.45 rows=1 width=121)
	  Index Cond: (id = 4447840)

table 7 : explain SELECT c FROM sbtest7 WHERE id=6985774
	Index Scan using sbtest7_pkey on sbtest7  (cost=0.43..8.45 rows=1 width=121)
	  Index Cond: (id = 6985774)

table 8 : explain SELECT c FROM sbtest8 WHERE id=4322034
	Index Scan using sbtest8_pkey on sbtest8  (cost=0.43..8.45 rows=1 width=121)
	  Index Cond: (id = 4322034)

for point_selects
table 1 : explain SELECT c FROM sbtest1 WHERE id=1759039
	Index Scan using sbtest1_pkey on sbtest1  (cost=0.43..8.45 rows=1 width=121)
	  Index Cond: (id = 1759039)

table 2 : explain SELECT c FROM sbtest2 WHERE id=1426226
	Index Scan using sbtest2_pkey on sbtest2  (cost=0.43..8.45 rows=1 width=121)
	  Index Cond: (id = 1426226)

table 3 : explain SELECT c FROM sbtest3 WHERE id=4564876
	Index Scan using sbtest3_pkey on sbtest3  (cost=0.43..8.45 rows=1 width=121)
	  Index Cond: (id = 4564876)

table 4 : explain SELECT c FROM sbtest4 WHERE id=7058651
	Index Scan using sbtest4_pkey on sbtest4  (cost=0.43..8.45 rows=1 width=121)
	  Index Cond: (id = 7058651)

table 5 : explain SELECT c FROM sbtest5 WHERE id=8122772
	Index Scan using sbtest5_pkey on sbtest5  (cost=0.43..8.45 rows=1 width=121)
	  Index Cond: (id = 8122772)

table 6 : explain SELECT c FROM sbtest6 WHERE id=7919010
	Index Scan using sbtest6_pkey on sbtest6  (cost=0.43..8.45 rows=1 width=121)
	  Index Cond: (id = 7919010)

table 7 : explain SELECT c FROM sbtest7 WHERE id=6736985
	Index Scan using sbtest7_pkey on sbtest7  (cost=0.43..8.45 rows=1 width=121)
	  Index Cond: (id = 6736985)

table 8 : explain SELECT c FROM sbtest8 WHERE id=3278658
	Index Scan using sbtest8_pkey on sbtest8  (cost=0.43..8.45 rows=1 width=121)
	  Index Cond: (id = 3278658)

for point_selects
table 1 : explain SELECT c FROM sbtest1 WHERE id=9230560
	Index Scan using sbtest1_pkey on sbtest1  (cost=0.43..8.45 rows=1 width=121)
	  Index Cond: (id = 9230560)

table 2 : explain SELECT c FROM sbtest2 WHERE id=668494
	Index Scan using sbtest2_pkey on sbtest2  (cost=0.43..8.45 rows=1 width=121)
	  Index Cond: (id = 668494)

table 3 : explain SELECT c FROM sbtest3 WHERE id=6524487
	Index Scan using sbtest3_pkey on sbtest3  (cost=0.43..8.45 rows=1 width=121)
	  Index Cond: (id = 6524487)

table 4 : explain SELECT c FROM sbtest4 WHERE id=3453458
	Index Scan using sbtest4_pkey on sbtest4  (cost=0.43..8.45 rows=1 width=121)
	  Index Cond: (id = 3453458)

table 5 : explain SELECT c FROM sbtest5 WHERE id=9283630
	Index Scan using sbtest5_pkey on sbtest5  (cost=0.43..8.45 rows=1 width=121)
	  Index Cond: (id = 9283630)

table 6 : explain SELECT c FROM sbtest6 WHERE id=4040165
	Index Scan using sbtest6_pkey on sbtest6  (cost=0.43..8.45 rows=1 width=121)
	  Index Cond: (id = 4040165)

table 7 : explain SELECT c FROM sbtest7 WHERE id=5195577
	Index Scan using sbtest7_pkey on sbtest7  (cost=0.43..8.45 rows=1 width=121)
	  Index Cond: (id = 5195577)

table 8 : explain SELECT c FROM sbtest8 WHERE id=4248488
	Index Scan using sbtest8_pkey on sbtest8  (cost=0.43..8.45 rows=1 width=121)
	  Index Cond: (id = 4248488)

for: simple_ranges
table 1 : explain SELECT c FROM sbtest1 WHERE id BETWEEN 6360846 AND 6360855
	Index Scan using sbtest1_pkey on sbtest1  (cost=0.43..39.73 rows=9 width=121)
	  Index Cond: ((id >= 6360846) AND (id <= 6360855))

table 2 : explain SELECT c FROM sbtest2 WHERE id BETWEEN 9378668 AND 9378677
	Index Scan using sbtest2_pkey on sbtest2  (cost=0.43..43.62 rows=10 width=121)
	  Index Cond: ((id >= 9378668) AND (id <= 9378677))

table 3 : explain SELECT c FROM sbtest3 WHERE id BETWEEN 5258039 AND 5258048
	Index Scan using sbtest3_pkey on sbtest3  (cost=0.43..47.62 rows=11 width=121)
	  Index Cond: ((id >= 5258039) AND (id <= 5258048))

table 4 : explain SELECT c FROM sbtest4 WHERE id BETWEEN 4939247 AND 4939256
	Index Scan using sbtest4_pkey on sbtest4  (cost=0.43..43.74 rows=10 width=121)
	  Index Cond: ((id >= 4939247) AND (id <= 4939256))

table 5 : explain SELECT c FROM sbtest5 WHERE id BETWEEN 3605181 AND 3605190
	Index Scan using sbtest5_pkey on sbtest5  (cost=0.43..43.75 rows=10 width=121)
	  Index Cond: ((id >= 3605181) AND (id <= 3605190))

table 6 : explain SELECT c FROM sbtest6 WHERE id BETWEEN 9980831 AND 9980840
	Index Scan using sbtest6_pkey on sbtest6  (cost=0.43..43.72 rows=10 width=121)
	  Index Cond: ((id >= 9980831) AND (id <= 9980840))

table 7 : explain SELECT c FROM sbtest7 WHERE id BETWEEN 7420213 AND 7420222
	Index Scan using sbtest7_pkey on sbtest7  (cost=0.43..39.78 rows=9 width=121)
	  Index Cond: ((id >= 7420213) AND (id <= 7420222))

table 8 : explain SELECT c FROM sbtest8 WHERE id BETWEEN 7014551 AND 7014560
	Index Scan using sbtest8_pkey on sbtest8  (cost=0.43..47.68 rows=11 width=121)
	  Index Cond: ((id >= 7014551) AND (id <= 7014560))


for: simple_ranges
table 1 : explain SELECT c FROM sbtest1 WHERE id BETWEEN 1330866 AND 1330875
	Index Scan using sbtest1_pkey on sbtest1  (cost=0.43..39.73 rows=9 width=121)
	  Index Cond: ((id >= 1330866) AND (id <= 1330875))

table 2 : explain SELECT c FROM sbtest2 WHERE id BETWEEN 7594298 AND 7594307
	Index Scan using sbtest2_pkey on sbtest2  (cost=0.43..39.71 rows=9 width=121)
	  Index Cond: ((id >= 7594298) AND (id <= 7594307))

table 3 : explain SELECT c FROM sbtest3 WHERE id BETWEEN 4203246 AND 4203255
	Index Scan using sbtest3_pkey on sbtest3  (cost=0.43..43.70 rows=10 width=121)
	  Index Cond: ((id >= 4203246) AND (id <= 4203255))

table 4 : explain SELECT c FROM sbtest4 WHERE id BETWEEN 8343387 AND 8343396
	Index Scan using sbtest4_pkey on sbtest4  (cost=0.43..47.66 rows=11 width=121)
	  Index Cond: ((id >= 8343387) AND (id <= 8343396))

table 5 : explain SELECT c FROM sbtest5 WHERE id BETWEEN 6666555 AND 6666564
	Index Scan using sbtest5_pkey on sbtest5  (cost=0.43..39.83 rows=9 width=121)
	  Index Cond: ((id >= 6666555) AND (id <= 6666564))

table 6 : explain SELECT c FROM sbtest6 WHERE id BETWEEN 8429727 AND 8429736
	Index Scan using sbtest6_pkey on sbtest6  (cost=0.43..43.72 rows=10 width=121)
	  Index Cond: ((id >= 8429727) AND (id <= 8429736))

table 7 : explain SELECT c FROM sbtest7 WHERE id BETWEEN 4234047 AND 4234056
	Index Scan using sbtest7_pkey on sbtest7  (cost=0.43..43.70 rows=10 width=121)
	  Index Cond: ((id >= 4234047) AND (id <= 4234056))

table 8 : explain SELECT c FROM sbtest8 WHERE id BETWEEN 4852569 AND 4852578
	Index Scan using sbtest8_pkey on sbtest8  (cost=0.43..43.76 rows=10 width=121)
	  Index Cond: ((id >= 4852569) AND (id <= 4852578))

for point_selects
table 1 : explain SELECT c FROM sbtest1 WHERE id=1678125
	Index Scan using sbtest1_pkey on sbtest1  (cost=0.43..8.45 rows=1 width=121)
	  Index Cond: (id = 1678125)

table 2 : explain SELECT c FROM sbtest2 WHERE id=7904666
	Index Scan using sbtest2_pkey on sbtest2  (cost=0.43..8.45 rows=1 width=121)
	  Index Cond: (id = 7904666)

table 3 : explain SELECT c FROM sbtest3 WHERE id=8203034
	Index Scan using sbtest3_pkey on sbtest3  (cost=0.43..8.45 rows=1 width=121)
	  Index Cond: (id = 8203034)

table 4 : explain SELECT c FROM sbtest4 WHERE id=3829439
	Index Scan using sbtest4_pkey on sbtest4  (cost=0.43..8.45 rows=1 width=121)
	  Index Cond: (id = 3829439)

table 5 : explain SELECT c FROM sbtest5 WHERE id=913729
	Index Scan using sbtest5_pkey on sbtest5  (cost=0.43..8.45 rows=1 width=121)
	  Index Cond: (id = 913729)

table 6 : explain SELECT c FROM sbtest6 WHERE id=3529820
	Index Scan using sbtest6_pkey on sbtest6  (cost=0.43..8.45 rows=1 width=121)
	  Index Cond: (id = 3529820)

table 7 : explain SELECT c FROM sbtest7 WHERE id=488068
	Index Scan using sbtest7_pkey on sbtest7  (cost=0.43..8.45 rows=1 width=121)
	  Index Cond: (id = 488068)

table 8 : explain SELECT c FROM sbtest8 WHERE id=2398770
	Index Scan using sbtest8_pkey on sbtest8  (cost=0.43..8.45 rows=1 width=121)
	  Index Cond: (id = 2398770)

for point_selects
table 1 : explain SELECT c FROM sbtest1 WHERE id=6469290
	Index Scan using sbtest1_pkey on sbtest1  (cost=0.43..8.45 rows=1 width=121)
	  Index Cond: (id = 6469290)

table 2 : explain SELECT c FROM sbtest2 WHERE id=9643591
	Index Scan using sbtest2_pkey on sbtest2  (cost=0.43..8.45 rows=1 width=121)
	  Index Cond: (id = 9643591)

table 3 : explain SELECT c FROM sbtest3 WHERE id=2830839
	Index Scan using sbtest3_pkey on sbtest3  (cost=0.43..8.45 rows=1 width=121)
	  Index Cond: (id = 2830839)

table 4 : explain SELECT c FROM sbtest4 WHERE id=8349482
	Index Scan using sbtest4_pkey on sbtest4  (cost=0.43..8.45 rows=1 width=121)
	  Index Cond: (id = 8349482)

table 5 : explain SELECT c FROM sbtest5 WHERE id=7717615
	Index Scan using sbtest5_pkey on sbtest5  (cost=0.43..8.45 rows=1 width=121)
	  Index Cond: (id = 7717615)

table 6 : explain SELECT c FROM sbtest6 WHERE id=3992094
	Index Scan using sbtest6_pkey on sbtest6  (cost=0.43..8.45 rows=1 width=121)
	  Index Cond: (id = 3992094)

table 7 : explain SELECT c FROM sbtest7 WHERE id=3377635
	Index Scan using sbtest7_pkey on sbtest7  (cost=0.43..8.45 rows=1 width=121)
	  Index Cond: (id = 3377635)

table 8 : explain SELECT c FROM sbtest8 WHERE id=5711544
	Index Scan using sbtest8_pkey on sbtest8  (cost=0.43..8.45 rows=1 width=121)
	  Index Cond: (id = 5711544)

for point_selects
table 1 : explain SELECT c FROM sbtest1 WHERE id=4315564
	Index Scan using sbtest1_pkey on sbtest1  (cost=0.43..8.45 rows=1 width=121)
	  Index Cond: (id = 4315564)

table 2 : explain SELECT c FROM sbtest2 WHERE id=9603664
	Index Scan using sbtest2_pkey on sbtest2  (cost=0.43..8.45 rows=1 width=121)
	  Index Cond: (id = 9603664)

table 3 : explain SELECT c FROM sbtest3 WHERE id=4870281
	Index Scan using sbtest3_pkey on sbtest3  (cost=0.43..8.45 rows=1 width=121)
	  Index Cond: (id = 4870281)

table 4 : explain SELECT c FROM sbtest4 WHERE id=2881092
	Index Scan using sbtest4_pkey on sbtest4  (cost=0.43..8.45 rows=1 width=121)
	  Index Cond: (id = 2881092)

table 5 : explain SELECT c FROM sbtest5 WHERE id=3146790
	Index Scan using sbtest5_pkey on sbtest5  (cost=0.43..8.45 rows=1 width=121)
	  Index Cond: (id = 3146790)

table 6 : explain SELECT c FROM sbtest6 WHERE id=9739354
	Index Scan using sbtest6_pkey on sbtest6  (cost=0.43..8.45 rows=1 width=121)
	  Index Cond: (id = 9739354)

table 7 : explain SELECT c FROM sbtest7 WHERE id=4166933
	Index Scan using sbtest7_pkey on sbtest7  (cost=0.43..8.45 rows=1 width=121)
	  Index Cond: (id = 4166933)

table 8 : explain SELECT c FROM sbtest8 WHERE id=7701566
	Index Scan using sbtest8_pkey on sbtest8  (cost=0.43..8.45 rows=1 width=121)
	  Index Cond: (id = 7701566)

for: simple_ranges
table 1 : explain SELECT c FROM sbtest1 WHERE id BETWEEN 50160 AND 50169
	Index Scan using sbtest1_pkey on sbtest1  (cost=0.43..43.64 rows=10 width=121)
	  Index Cond: ((id >= 50160) AND (id <= 50169))

table 2 : explain SELECT c FROM sbtest2 WHERE id BETWEEN 8022176 AND 8022185
	Index Scan using sbtest2_pkey on sbtest2  (cost=0.43..43.62 rows=10 width=121)
	  Index Cond: ((id >= 8022176) AND (id <= 8022185))

table 3 : explain SELECT c FROM sbtest3 WHERE id BETWEEN 8205031 AND 8205040
	Index Scan using sbtest3_pkey on sbtest3  (cost=0.43..47.62 rows=11 width=121)
	  Index Cond: ((id >= 8205031) AND (id <= 8205040))

table 4 : explain SELECT c FROM sbtest4 WHERE id BETWEEN 4713110 AND 4713119
	Index Scan using sbtest4_pkey on sbtest4  (cost=0.43..43.74 rows=10 width=121)
	  Index Cond: ((id >= 4713110) AND (id <= 4713119))

table 5 : explain SELECT c FROM sbtest5 WHERE id BETWEEN 5532882 AND 5532891
	Index Scan using sbtest5_pkey on sbtest5  (cost=0.43..43.75 rows=10 width=121)
	  Index Cond: ((id >= 5532882) AND (id <= 5532891))

table 6 : explain SELECT c FROM sbtest6 WHERE id BETWEEN 2732202 AND 2732211
	Index Scan using sbtest6_pkey on sbtest6  (cost=0.43..47.64 rows=11 width=121)
	  Index Cond: ((id >= 2732202) AND (id <= 2732211))

table 7 : explain SELECT c FROM sbtest7 WHERE id BETWEEN 3754893 AND 3754902
	Index Scan using sbtest7_pkey on sbtest7  (cost=0.43..43.70 rows=10 width=121)
	  Index Cond: ((id >= 3754893) AND (id <= 3754902))

table 8 : explain SELECT c FROM sbtest8 WHERE id BETWEEN 9019222 AND 9019231
	Index Scan using sbtest8_pkey on sbtest8  (cost=0.43..43.76 rows=10 width=121)
	  Index Cond: ((id >= 9019222) AND (id <= 9019231))
for point_selects
table 1 : explain SELECT c FROM sbtest1 WHERE id=6194514
	Index Scan using sbtest1_pkey on sbtest1  (cost=0.43..8.45 rows=1 width=121)
	  Index Cond: (id = 6194514)

table 2 : explain SELECT c FROM sbtest2 WHERE id=177491
	Index Scan using sbtest2_pkey on sbtest2  (cost=0.43..8.45 rows=1 width=121)
	  Index Cond: (id = 177491)

table 3 : explain SELECT c FROM sbtest3 WHERE id=5420610
	Index Scan using sbtest3_pkey on sbtest3  (cost=0.43..8.45 rows=1 width=121)
	  Index Cond: (id = 5420610)

table 4 : explain SELECT c FROM sbtest4 WHERE id=1215752
	Index Scan using sbtest4_pkey on sbtest4  (cost=0.43..8.45 rows=1 width=121)
	  Index Cond: (id = 1215752)

table 5 : explain SELECT c FROM sbtest5 WHERE id=1535734
	Index Scan using sbtest5_pkey on sbtest5  (cost=0.43..8.45 rows=1 width=121)
	  Index Cond: (id = 1535734)

table 6 : explain SELECT c FROM sbtest6 WHERE id=7831959
	Index Scan using sbtest6_pkey on sbtest6  (cost=0.43..8.45 rows=1 width=121)
	  Index Cond: (id = 7831959)

table 7 : explain SELECT c FROM sbtest7 WHERE id=5241871
	Index Scan using sbtest7_pkey on sbtest7  (cost=0.43..8.45 rows=1 width=121)
	  Index Cond: (id = 5241871)

table 8 : explain SELECT c FROM sbtest8 WHERE id=9688740
	Index Scan using sbtest8_pkey on sbtest8  (cost=0.43..8.45 rows=1 width=121)
	  Index Cond: (id = 9688740)
for point_selects
table 1 : explain SELECT c FROM sbtest1 WHERE id=5240569
	Index Scan using sbtest1_pkey on sbtest1  (cost=0.43..8.45 rows=1 width=121)
	  Index Cond: (id = 5240569)

table 2 : explain SELECT c FROM sbtest2 WHERE id=3627881
	Index Scan using sbtest2_pkey on sbtest2  (cost=0.43..8.45 rows=1 width=121)
	  Index Cond: (id = 3627881)

table 3 : explain SELECT c FROM sbtest3 WHERE id=7063350
	Index Scan using sbtest3_pkey on sbtest3  (cost=0.43..8.45 rows=1 width=121)
	  Index Cond: (id = 7063350)

table 4 : explain SELECT c FROM sbtest4 WHERE id=1061577
	Index Scan using sbtest4_pkey on sbtest4  (cost=0.43..8.45 rows=1 width=121)
	  Index Cond: (id = 1061577)

table 5 : explain SELECT c FROM sbtest5 WHERE id=9719478
	Index Scan using sbtest5_pkey on sbtest5  (cost=0.43..8.45 rows=1 width=121)
	  Index Cond: (id = 9719478)

table 6 : explain SELECT c FROM sbtest6 WHERE id=2403504
	Index Scan using sbtest6_pkey on sbtest6  (cost=0.43..8.45 rows=1 width=121)
	  Index Cond: (id = 2403504)

table 7 : explain SELECT c FROM sbtest7 WHERE id=7084604
	Index Scan using sbtest7_pkey on sbtest7  (cost=0.43..8.45 rows=1 width=121)
	  Index Cond: (id = 7084604)

table 8 : explain SELECT c FROM sbtest8 WHERE id=9490490
	Index Scan using sbtest8_pkey on sbtest8  (cost=0.43..8.45 rows=1 width=121)
	  Index Cond: (id = 9490490)

explain: for point_selects :: explain SELECT c FROM sbtest%u WHERE id=%u
for point_selects
table 1 : explain SELECT c FROM sbtest1 WHERE id=641927
	Index Scan using sbtest1_pkey on sbtest1  (cost=0.43..8.45 rows=1 width=121)
	  Index Cond: (id = 641927)

table 2 : explain SELECT c FROM sbtest2 WHERE id=8099630
	Index Scan using sbtest2_pkey on sbtest2  (cost=0.43..8.45 rows=1 width=121)
	  Index Cond: (id = 8099630)

table 3 : explain SELECT c FROM sbtest3 WHERE id=7265978
	Index Scan using sbtest3_pkey on sbtest3  (cost=0.43..8.45 rows=1 width=121)
	  Index Cond: (id = 7265978)

table 4 : explain SELECT c FROM sbtest4 WHERE id=6482307
	Index Scan using sbtest4_pkey on sbtest4  (cost=0.43..8.45 rows=1 width=121)
	  Index Cond: (id = 6482307)

table 5 : explain SELECT c FROM sbtest5 WHERE id=2872562
	Index Scan using sbtest5_pkey on sbtest5  (cost=0.43..8.45 rows=1 width=121)
	  Index Cond: (id = 2872562)

table 6 : explain SELECT c FROM sbtest6 WHERE id=598455
	Index Scan using sbtest6_pkey on sbtest6  (cost=0.43..8.45 rows=1 width=121)
	  Index Cond: (id = 598455)

table 7 : explain SELECT c FROM sbtest7 WHERE id=1706447
	Index Scan using sbtest7_pkey on sbtest7  (cost=0.43..8.45 rows=1 width=121)
	  Index Cond: (id = 1706447)

table 8 : explain SELECT c FROM sbtest8 WHERE id=5716962
	Index Scan using sbtest8_pkey on sbtest8  (cost=0.43..8.45 rows=1 width=121)
	  Index Cond: (id = 5716962)



for point_selects
table 1 : explain SELECT c FROM sbtest1 WHERE id=7732460
	Index Scan using sbtest1_pkey on sbtest1  (cost=0.43..8.45 rows=1 width=121)
	  Index Cond: (id = 7732460)

table 2 : explain SELECT c FROM sbtest2 WHERE id=6963719
	Index Scan using sbtest2_pkey on sbtest2  (cost=0.43..8.45 rows=1 width=121)
	  Index Cond: (id = 6963719)

table 3 : explain SELECT c FROM sbtest3 WHERE id=5968935
	Index Scan using sbtest3_pkey on sbtest3  (cost=0.43..8.45 rows=1 width=121)
	  Index Cond: (id = 5968935)

table 4 : explain SELECT c FROM sbtest4 WHERE id=1231409
	Index Scan using sbtest4_pkey on sbtest4  (cost=0.43..8.45 rows=1 width=121)
	  Index Cond: (id = 1231409)

table 5 : explain SELECT c FROM sbtest5 WHERE id=917171
	Index Scan using sbtest5_pkey on sbtest5  (cost=0.43..8.45 rows=1 width=121)
	  Index Cond: (id = 917171)

table 6 : explain SELECT c FROM sbtest6 WHERE id=2141341
	Index Scan using sbtest6_pkey on sbtest6  (cost=0.43..8.45 rows=1 width=121)
	  Index Cond: (id = 2141341)

table 7 : explain SELECT c FROM sbtest7 WHERE id=5960820
	Index Scan using sbtest7_pkey on sbtest7  (cost=0.43..8.45 rows=1 width=121)
	  Index Cond: (id = 5960820)

table 8 : explain SELECT c FROM sbtest8 WHERE id=6065211
	Index Scan using sbtest8_pkey on sbtest8  (cost=0.43..8.45 rows=1 width=121)
	  Index Cond: (id = 6065211)

explain: for point_selects :: explain SELECT c FROM sbtest%u WHERE id=%u
for point_selects
table 1 : explain SELECT c FROM sbtest1 WHERE id=5503286
	Index Scan using sbtest1_pkey on sbtest1  (cost=0.43..8.45 rows=1 width=121)
	  Index Cond: (id = 5503286)

table 2 : explain SELECT c FROM sbtest2 WHERE id=7228518
	Index Scan using sbtest2_pkey on sbtest2  (cost=0.43..8.45 rows=1 width=121)
	  Index Cond: (id = 7228518)

table 3 : explain SELECT c FROM sbtest3 WHERE id=1168527
	Index Scan using sbtest3_pkey on sbtest3  (cost=0.43..8.45 rows=1 width=121)
	  Index Cond: (id = 1168527)

table 4 : explain SELECT c FROM sbtest4 WHERE id=9827375
	Index Scan using sbtest4_pkey on sbtest4  (cost=0.43..8.45 rows=1 width=121)
	  Index Cond: (id = 9827375)

table 5 : explain SELECT c FROM sbtest5 WHERE id=6997316
	Index Scan using sbtest5_pkey on sbtest5  (cost=0.43..8.45 rows=1 width=121)
	  Index Cond: (id = 6997316)

table 6 : explain SELECT c FROM sbtest6 WHERE id=5114259
	Index Scan using sbtest6_pkey on sbtest6  (cost=0.43..8.45 rows=1 width=121)
	  Index Cond: (id = 5114259)

table 7 : explain SELECT c FROM sbtest7 WHERE id=2038881
	Index Scan using sbtest7_pkey on sbtest7  (cost=0.43..8.45 rows=1 width=121)
	  Index Cond: (id = 2038881)

table 8 : explain SELECT c FROM sbtest8 WHERE id=377281
	Index Scan using sbtest8_pkey on sbtest8  (cost=0.43..8.45 rows=1 width=121)
	  Index Cond: (id = 377281)

explain: for point_selects :: explain SELECT c FROM sbtest%u WHERE id=%u
explain: for point_selects :: explain SELECT c FROM sbtest%u WHERE id=%u
for point_selects
table 1 : explain SELECT c FROM sbtest1 WHERE id=7068965
	Index Scan using sbtest1_pkey on sbtest1  (cost=0.43..8.45 rows=1 width=121)
	  Index Cond: (id = 7068965)

table 2 : explain SELECT c FROM sbtest2 WHERE id=672308
	Index Scan using sbtest2_pkey on sbtest2  (cost=0.43..8.45 rows=1 width=121)
	  Index Cond: (id = 672308)

table 3 : explain SELECT c FROM sbtest3 WHERE id=5471790
	Index Scan using sbtest3_pkey on sbtest3  (cost=0.43..8.45 rows=1 width=121)
	  Index Cond: (id = 5471790)

table 4 : explain SELECT c FROM sbtest4 WHERE id=1253789
	Index Scan using sbtest4_pkey on sbtest4  (cost=0.43..8.45 rows=1 width=121)
	  Index Cond: (id = 1253789)

table 5 : explain SELECT c FROM sbtest5 WHERE id=5686277
	Index Scan using sbtest5_pkey on sbtest5  (cost=0.43..8.45 rows=1 width=121)
	  Index Cond: (id = 5686277)

table 6 : explain SELECT c FROM sbtest6 WHERE id=2443369
	Index Scan using sbtest6_pkey on sbtest6  (cost=0.43..8.45 rows=1 width=121)
	  Index Cond: (id = 2443369)

table 7 : explain SELECT c FROM sbtest7 WHERE id=4974156
	Index Scan using sbtest7_pkey on sbtest7  (cost=0.43..8.45 rows=1 width=121)
	  Index Cond: (id = 4974156)

table 8 : explain SELECT c FROM sbtest8 WHERE id=7053263
	Index Scan using sbtest8_pkey on sbtest8  (cost=0.43..8.45 rows=1 width=121)
	  Index Cond: (id = 7053263)

for point_selects
table 1 : explain SELECT c FROM sbtest1 WHERE id=2628713
	Index Scan using sbtest1_pkey on sbtest1  (cost=0.43..8.45 rows=1 width=121)
	  Index Cond: (id = 2628713)

table 2 : explain SELECT c FROM sbtest2 WHERE id=8504322
	Index Scan using sbtest2_pkey on sbtest2  (cost=0.43..8.45 rows=1 width=121)
	  Index Cond: (id = 8504322)

table 3 : explain SELECT c FROM sbtest3 WHERE id=7427394
	Index Scan using sbtest3_pkey on sbtest3  (cost=0.43..8.45 rows=1 width=121)
	  Index Cond: (id = 7427394)

table 4 : explain SELECT c FROM sbtest4 WHERE id=2184443
	Index Scan using sbtest4_pkey on sbtest4  (cost=0.43..8.45 rows=1 width=121)
	  Index Cond: (id = 2184443)

table 5 : explain SELECT c FROM sbtest5 WHERE id=3116510
	Index Scan using sbtest5_pkey on sbtest5  (cost=0.43..8.45 rows=1 width=121)
	  Index Cond: (id = 3116510)

table 6 : explain SELECT c FROM sbtest6 WHERE id=1697466
	Index Scan using sbtest6_pkey on sbtest6  (cost=0.43..8.45 rows=1 width=121)
	  Index Cond: (id = 1697466)

table 7 : explain SELECT c FROM sbtest7 WHERE id=3082065
	Index Scan using sbtest7_pkey on sbtest7  (cost=0.43..8.45 rows=1 width=121)
	  Index Cond: (id = 3082065)

table 8 : explain SELECT c FROM sbtest8 WHERE id=6257349
	Index Scan using sbtest8_pkey on sbtest8  (cost=0.43..8.45 rows=1 width=121)
	  Index Cond: (id = 6257349)

for point_selects
table 1 : explain SELECT c FROM sbtest1 WHERE id=41668
	Index Scan using sbtest1_pkey on sbtest1  (cost=0.43..8.45 rows=1 width=121)
	  Index Cond: (id = 41668)

table 2 : explain SELECT c FROM sbtest2 WHERE id=6779547
	Index Scan using sbtest2_pkey on sbtest2  (cost=0.43..8.45 rows=1 width=121)
	  Index Cond: (id = 6779547)

table 3 : explain SELECT c FROM sbtest3 WHERE id=1111208
	Index Scan using sbtest3_pkey on sbtest3  (cost=0.43..8.45 rows=1 width=121)
	  Index Cond: (id = 1111208)

table 4 : explain SELECT c FROM sbtest4 WHERE id=2272671
	Index Scan using sbtest4_pkey on sbtest4  (cost=0.43..8.45 rows=1 width=121)
	  Index Cond: (id = 2272671)

table 5 : explain SELECT c FROM sbtest5 WHERE id=5168965
	Index Scan using sbtest5_pkey on sbtest5  (cost=0.43..8.45 rows=1 width=121)
	  Index Cond: (id = 5168965)

table 6 : explain SELECT c FROM sbtest6 WHERE id=7108290
	Index Scan using sbtest6_pkey on sbtest6  (cost=0.43..8.45 rows=1 width=121)
	  Index Cond: (id = 7108290)

table 7 : explain SELECT c FROM sbtest7 WHERE id=8961449
	Index Scan using sbtest7_pkey on sbtest7  (cost=0.43..8.45 rows=1 width=121)
	  Index Cond: (id = 8961449)

table 8 : explain SELECT c FROM sbtest8 WHERE id=906546
	Index Scan using sbtest8_pkey on sbtest8  (cost=0.43..8.45 rows=1 width=121)
	  Index Cond: (id = 906546)

for point_selects
table 1 : explain SELECT c FROM sbtest1 WHERE id=5596346
	Index Scan using sbtest1_pkey on sbtest1  (cost=0.43..8.45 rows=1 width=121)
	  Index Cond: (id = 5596346)

table 2 : explain SELECT c FROM sbtest2 WHERE id=6081315
	Index Scan using sbtest2_pkey on sbtest2  (cost=0.43..8.45 rows=1 width=121)
	  Index Cond: (id = 6081315)

table 3 : explain SELECT c FROM sbtest3 WHERE id=5494292
	Index Scan using sbtest3_pkey on sbtest3  (cost=0.43..8.45 rows=1 width=121)
	  Index Cond: (id = 5494292)

table 4 : explain SELECT c FROM sbtest4 WHERE id=2243409
	Index Scan using sbtest4_pkey on sbtest4  (cost=0.43..8.45 rows=1 width=121)
	  Index Cond: (id = 2243409)

table 5 : explain SELECT c FROM sbtest5 WHERE id=7219079
	Index Scan using sbtest5_pkey on sbtest5  (cost=0.43..8.45 rows=1 width=121)
	  Index Cond: (id = 7219079)

table 6 : explain SELECT c FROM sbtest6 WHERE id=8118411
	Index Scan using sbtest6_pkey on sbtest6  (cost=0.43..8.45 rows=1 width=121)
	  Index Cond: (id = 8118411)

table 7 : explain SELECT c FROM sbtest7 WHERE id=5869691
	Index Scan using sbtest7_pkey on sbtest7  (cost=0.43..8.45 rows=1 width=121)
	  Index Cond: (id = 5869691)

table 8 : explain SELECT c FROM sbtest8 WHERE id=4475500
	Index Scan using sbtest8_pkey on sbtest8  (cost=0.43..8.45 rows=1 width=121)
	  Index Cond: (id = 4475500)

for point_selects
table 1 : explain SELECT c FROM sbtest1 WHERE id=5727442
	Index Scan using sbtest1_pkey on sbtest1  (cost=0.43..8.45 rows=1 width=121)
	  Index Cond: (id = 5727442)

table 2 : explain SELECT c FROM sbtest2 WHERE id=3061747
	Index Scan using sbtest2_pkey on sbtest2  (cost=0.43..8.45 rows=1 width=121)
	  Index Cond: (id = 3061747)

table 3 : explain SELECT c FROM sbtest3 WHERE id=1912108
	Index Scan using sbtest3_pkey on sbtest3  (cost=0.43..8.45 rows=1 width=121)
	  Index Cond: (id = 1912108)

table 4 : explain SELECT c FROM sbtest4 WHERE id=1980379
	Index Scan using sbtest4_pkey on sbtest4  (cost=0.43..8.45 rows=1 width=121)
	  Index Cond: (id = 1980379)

table 5 : explain SELECT c FROM sbtest5 WHERE id=1967718
	Index Scan using sbtest5_pkey on sbtest5  (cost=0.43..8.45 rows=1 width=121)
	  Index Cond: (id = 1967718)

table 6 : explain SELECT c FROM sbtest6 WHERE id=8371733
	Index Scan using sbtest6_pkey on sbtest6  (cost=0.43..8.45 rows=1 width=121)
	  Index Cond: (id = 8371733)

table 7 : explain SELECT c FROM sbtest7 WHERE id=3548252
	Index Scan using sbtest7_pkey on sbtest7  (cost=0.43..8.45 rows=1 width=121)
	  Index Cond: (id = 3548252)

table 8 : explain SELECT c FROM sbtest8 WHERE id=1909677
	Index Scan using sbtest8_pkey on sbtest8  (cost=0.43..8.45 rows=1 width=121)
	  Index Cond: (id = 1909677)

for point_selects
table 1 : explain SELECT c FROM sbtest1 WHERE id=2870878
	Index Scan using sbtest1_pkey on sbtest1  (cost=0.43..8.45 rows=1 width=121)
	  Index Cond: (id = 2870878)

table 2 : explain SELECT c FROM sbtest2 WHERE id=1445463
	Index Scan using sbtest2_pkey on sbtest2  (cost=0.43..8.45 rows=1 width=121)
	  Index Cond: (id = 1445463)

table 3 : explain SELECT c FROM sbtest3 WHERE id=6311898
	Index Scan using sbtest3_pkey on sbtest3  (cost=0.43..8.45 rows=1 width=121)
	  Index Cond: (id = 6311898)

table 4 : explain SELECT c FROM sbtest4 WHERE id=9642012
	Index Scan using sbtest4_pkey on sbtest4  (cost=0.43..8.45 rows=1 width=121)
	  Index Cond: (id = 9642012)

table 5 : explain SELECT c FROM sbtest5 WHERE id=4493430
	Index Scan using sbtest5_pkey on sbtest5  (cost=0.43..8.45 rows=1 width=121)
	  Index Cond: (id = 4493430)

table 6 : explain SELECT c FROM sbtest6 WHERE id=6059648
	Index Scan using sbtest6_pkey on sbtest6  (cost=0.43..8.45 rows=1 width=121)
	  Index Cond: (id = 6059648)

table 7 : explain SELECT c FROM sbtest7 WHERE id=9266918
	Index Scan using sbtest7_pkey on sbtest7  (cost=0.43..8.45 rows=1 width=121)
	  Index Cond: (id = 9266918)

table 8 : explain SELECT c FROM sbtest8 WHERE id=7345019
	Index Scan using sbtest8_pkey on sbtest8  (cost=0.43..8.45 rows=1 width=121)
	  Index Cond: (id = 7345019)

for point_selects
table 1 : explain SELECT c FROM sbtest1 WHERE id=2673664
	Index Scan using sbtest1_pkey on sbtest1  (cost=0.43..8.45 rows=1 width=121)
	  Index Cond: (id = 2673664)

table 2 : explain SELECT c FROM sbtest2 WHERE id=1225591
	Index Scan using sbtest2_pkey on sbtest2  (cost=0.43..8.45 rows=1 width=121)
	  Index Cond: (id = 1225591)

table 3 : explain SELECT c FROM sbtest3 WHERE id=1254554
	Index Scan using sbtest3_pkey on sbtest3  (cost=0.43..8.45 rows=1 width=121)
	  Index Cond: (id = 1254554)

table 4 : explain SELECT c FROM sbtest4 WHERE id=9037252
	Index Scan using sbtest4_pkey on sbtest4  (cost=0.43..8.45 rows=1 width=121)
	  Index Cond: (id = 9037252)

table 5 : explain SELECT c FROM sbtest5 WHERE id=1152079
	Index Scan using sbtest5_pkey on sbtest5  (cost=0.43..8.45 rows=1 width=121)
	  Index Cond: (id = 1152079)

table 6 : explain SELECT c FROM sbtest6 WHERE id=9654498
	Index Scan using sbtest6_pkey on sbtest6  (cost=0.43..8.45 rows=1 width=121)
	  Index Cond: (id = 9654498)

table 7 : explain SELECT c FROM sbtest7 WHERE id=9271182
	Index Scan using sbtest7_pkey on sbtest7  (cost=0.43..8.45 rows=1 width=121)
	  Index Cond: (id = 9271182)

table 8 : explain SELECT c FROM sbtest8 WHERE id=3664589
	Index Scan using sbtest8_pkey on sbtest8  (cost=0.43..8.45 rows=1 width=121)
	  Index Cond: (id = 3664589)

for point_selects
table 1 : explain SELECT c FROM sbtest1 WHERE id=456594
	Index Scan using sbtest1_pkey on sbtest1  (cost=0.43..8.45 rows=1 width=121)
	  Index Cond: (id = 456594)

table 2 : explain SELECT c FROM sbtest2 WHERE id=2073335
	Index Scan using sbtest2_pkey on sbtest2  (cost=0.43..8.45 rows=1 width=121)
	  Index Cond: (id = 2073335)

table 3 : explain SELECT c FROM sbtest3 WHERE id=2776313
	Index Scan using sbtest3_pkey on sbtest3  (cost=0.43..8.45 rows=1 width=121)
	  Index Cond: (id = 2776313)

table 4 : explain SELECT c FROM sbtest4 WHERE id=3340474
	Index Scan using sbtest4_pkey on sbtest4  (cost=0.43..8.45 rows=1 width=121)
	  Index Cond: (id = 3340474)

table 5 : explain SELECT c FROM sbtest5 WHERE id=8650389
	Index Scan using sbtest5_pkey on sbtest5  (cost=0.43..8.45 rows=1 width=121)
	  Index Cond: (id = 8650389)

table 6 : explain SELECT c FROM sbtest6 WHERE id=4066129
	Index Scan using sbtest6_pkey on sbtest6  (cost=0.43..8.45 rows=1 width=121)
	  Index Cond: (id = 4066129)

table 7 : explain SELECT c FROM sbtest7 WHERE id=2743172
	Index Scan using sbtest7_pkey on sbtest7  (cost=0.43..8.45 rows=1 width=121)
	  Index Cond: (id = 2743172)

table 8 : explain SELECT c FROM sbtest8 WHERE id=2110578
	Index Scan using sbtest8_pkey on sbtest8  (cost=0.43..8.45 rows=1 width=121)
	  Index Cond: (id = 2110578)

for point_selects
table 1 : explain SELECT c FROM sbtest1 WHERE id=1561941
	Index Scan using sbtest1_pkey on sbtest1  (cost=0.43..8.45 rows=1 width=121)
	  Index Cond: (id = 1561941)

table 2 : explain SELECT c FROM sbtest2 WHERE id=2872498
	Index Scan using sbtest2_pkey on sbtest2  (cost=0.43..8.45 rows=1 width=121)
	  Index Cond: (id = 2872498)

table 3 : explain SELECT c FROM sbtest3 WHERE id=9746479
	Index Scan using sbtest3_pkey on sbtest3  (cost=0.43..8.45 rows=1 width=121)
	  Index Cond: (id = 9746479)

table 4 : explain SELECT c FROM sbtest4 WHERE id=2347387
	Index Scan using sbtest4_pkey on sbtest4  (cost=0.43..8.45 rows=1 width=121)
	  Index Cond: (id = 2347387)

table 5 : explain SELECT c FROM sbtest5 WHERE id=4152039
	Index Scan using sbtest5_pkey on sbtest5  (cost=0.43..8.45 rows=1 width=121)
	  Index Cond: (id = 4152039)

table 6 : explain SELECT c FROM sbtest6 WHERE id=2807191
	Index Scan using sbtest6_pkey on sbtest6  (cost=0.43..8.45 rows=1 width=121)
	  Index Cond: (id = 2807191)

table 7 : explain SELECT c FROM sbtest7 WHERE id=3049496
	Index Scan using sbtest7_pkey on sbtest7  (cost=0.43..8.45 rows=1 width=121)
	  Index Cond: (id = 3049496)

table 8 : explain SELECT c FROM sbtest8 WHERE id=5845362
	Index Scan using sbtest8_pkey on sbtest8  (cost=0.43..8.45 rows=1 width=121)
	  Index Cond: (id = 5845362)

for point_selects
table 1 : explain SELECT c FROM sbtest1 WHERE id=3906120
	Index Scan using sbtest1_pkey on sbtest1  (cost=0.43..8.45 rows=1 width=121)
	  Index Cond: (id = 3906120)

table 2 : explain SELECT c FROM sbtest2 WHERE id=5644680
	Index Scan using sbtest2_pkey on sbtest2  (cost=0.43..8.45 rows=1 width=121)
	  Index Cond: (id = 5644680)

table 3 : explain SELECT c FROM sbtest3 WHERE id=4549418
	Index Scan using sbtest3_pkey on sbtest3  (cost=0.43..8.45 rows=1 width=121)
	  Index Cond: (id = 4549418)

table 4 : explain SELECT c FROM sbtest4 WHERE id=5253375
	Index Scan using sbtest4_pkey on sbtest4  (cost=0.43..8.45 rows=1 width=121)
	  Index Cond: (id = 5253375)

table 5 : explain SELECT c FROM sbtest5 WHERE id=9991799
	Index Scan using sbtest5_pkey on sbtest5  (cost=0.43..8.45 rows=1 width=121)
	  Index Cond: (id = 9991799)

table 6 : explain SELECT c FROM sbtest6 WHERE id=6590367
	Index Scan using sbtest6_pkey on sbtest6  (cost=0.43..8.45 rows=1 width=121)
	  Index Cond: (id = 6590367)

table 7 : explain SELECT c FROM sbtest7 WHERE id=2315639
	Index Scan using sbtest7_pkey on sbtest7  (cost=0.43..8.45 rows=1 width=121)
	  Index Cond: (id = 2315639)

table 8 : explain SELECT c FROM sbtest8 WHERE id=5684361
	Index Scan using sbtest8_pkey on sbtest8  (cost=0.43..8.45 rows=1 width=121)
	  Index Cond: (id = 5684361)

for point_selects
table 1 : explain SELECT c FROM sbtest1 WHERE id=6808035
	Index Scan using sbtest1_pkey on sbtest1  (cost=0.43..8.45 rows=1 width=121)
	  Index Cond: (id = 6808035)

table 2 : explain SELECT c FROM sbtest2 WHERE id=3253372
	Index Scan using sbtest2_pkey on sbtest2  (cost=0.43..8.45 rows=1 width=121)
	  Index Cond: (id = 3253372)

table 3 : explain SELECT c FROM sbtest3 WHERE id=855762
	Index Scan using sbtest3_pkey on sbtest3  (cost=0.43..8.45 rows=1 width=121)
	  Index Cond: (id = 855762)

table 4 : explain SELECT c FROM sbtest4 WHERE id=6045254
	Index Scan using sbtest4_pkey on sbtest4  (cost=0.43..8.45 rows=1 width=121)
	  Index Cond: (id = 6045254)

table 5 : explain SELECT c FROM sbtest5 WHERE id=8071163
	Index Scan using sbtest5_pkey on sbtest5  (cost=0.43..8.45 rows=1 width=121)
	  Index Cond: (id = 8071163)

table 6 : explain SELECT c FROM sbtest6 WHERE id=1467045
	Index Scan using sbtest6_pkey on sbtest6  (cost=0.43..8.45 rows=1 width=121)
	  Index Cond: (id = 1467045)

table 7 : explain SELECT c FROM sbtest7 WHERE id=7260016
	Index Scan using sbtest7_pkey on sbtest7  (cost=0.43..8.45 rows=1 width=121)
	  Index Cond: (id = 7260016)

table 8 : explain SELECT c FROM sbtest8 WHERE id=2009736
	Index Scan using sbtest8_pkey on sbtest8  (cost=0.43..8.45 rows=1 width=121)
	  Index Cond: (id = 2009736)

for: simple_ranges
table 1 : explain SELECT c FROM sbtest1 WHERE id BETWEEN 2494799 AND 2494808
	Index Scan using sbtest1_pkey on sbtest1  (cost=0.43..47.55 rows=11 width=121)
	  Index Cond: ((id >= 2494799) AND (id <= 2494808))

table 2 : explain SELECT c FROM sbtest2 WHERE id BETWEEN 8120981 AND 8120990
	Index Scan using sbtest2_pkey on sbtest2  (cost=0.43..43.62 rows=10 width=121)
	  Index Cond: ((id >= 8120981) AND (id <= 8120990))

table 3 : explain SELECT c FROM sbtest3 WHERE id BETWEEN 393557 AND 393566
	Index Scan using sbtest3_pkey on sbtest3  (cost=0.43..43.70 rows=10 width=121)
	  Index Cond: ((id >= 393557) AND (id <= 393566))

table 4 : explain SELECT c FROM sbtest4 WHERE id BETWEEN 8321045 AND 8321054
	Index Scan using sbtest4_pkey on sbtest4  (cost=0.43..47.66 rows=11 width=121)
	  Index Cond: ((id >= 8321045) AND (id <= 8321054))

table 5 : explain SELECT c FROM sbtest5 WHERE id BETWEEN 4401626 AND 4401635
	Index Scan using sbtest5_pkey on sbtest5  (cost=0.43..47.68 rows=11 width=121)
	  Index Cond: ((id >= 4401626) AND (id <= 4401635))

table 6 : explain SELECT c FROM sbtest6 WHERE id BETWEEN 7274038 AND 7274047
	Index Scan using sbtest6_pkey on sbtest6  (cost=0.43..47.64 rows=11 width=121)
	  Index Cond: ((id >= 7274038) AND (id <= 7274047))

table 7 : explain SELECT c FROM sbtest7 WHERE id BETWEEN 7148698 AND 7148707
	Index Scan using sbtest7_pkey on sbtest7  (cost=0.43..43.70 rows=10 width=121)
	  Index Cond: ((id >= 7148698) AND (id <= 7148707))

table 8 : explain SELECT c FROM sbtest8 WHERE id BETWEEN 2117129 AND 2117138
	Index Scan using sbtest8_pkey on sbtest8  (cost=0.43..43.76 rows=10 width=121)
	  Index Cond: ((id >= 2117129) AND (id <= 2117138))

for: simple_ranges
table 1 : explain SELECT c FROM sbtest1 WHERE id BETWEEN 7681218 AND 7681227
	Index Scan using sbtest1_pkey on sbtest1  (cost=0.43..43.64 rows=10 width=121)
	  Index Cond: ((id >= 7681218) AND (id <= 7681227))

table 2 : explain SELECT c FROM sbtest2 WHERE id BETWEEN 8951073 AND 8951082
	Index Scan using sbtest2_pkey on sbtest2  (cost=0.43..43.62 rows=10 width=121)
	  Index Cond: ((id >= 8951073) AND (id <= 8951082))

table 3 : explain SELECT c FROM sbtest3 WHERE id BETWEEN 6921473 AND 6921482
	Index Scan using sbtest3_pkey on sbtest3  (cost=0.43..43.70 rows=10 width=121)
	  Index Cond: ((id >= 6921473) AND (id <= 6921482))

table 4 : explain SELECT c FROM sbtest4 WHERE id BETWEEN 6758297 AND 6758306
	Index Scan using sbtest4_pkey on sbtest4  (cost=0.43..43.74 rows=10 width=121)
	  Index Cond: ((id >= 6758297) AND (id <= 6758306))

table 5 : explain SELECT c FROM sbtest5 WHERE id BETWEEN 4614847 AND 4614856
	Index Scan using sbtest5_pkey on sbtest5  (cost=0.43..43.75 rows=10 width=121)
	  Index Cond: ((id >= 4614847) AND (id <= 4614856))

table 6 : explain SELECT c FROM sbtest6 WHERE id BETWEEN 3104125 AND 3104134
	Index Scan using sbtest6_pkey on sbtest6  (cost=0.43..43.72 rows=10 width=121)
	  Index Cond: ((id >= 3104125) AND (id <= 3104134))

table 7 : explain SELECT c FROM sbtest7 WHERE id BETWEEN 3704607 AND 3704616
	Index Scan using sbtest7_pkey on sbtest7  (cost=0.43..43.70 rows=10 width=121)
	  Index Cond: ((id >= 3704607) AND (id <= 3704616))

table 8 : explain SELECT c FROM sbtest8 WHERE id BETWEEN 9801136 AND 9801145
	Index Scan using sbtest8_pkey on sbtest8  (cost=0.43..47.68 rows=11 width=121)
	  Index Cond: ((id >= 9801136) AND (id <= 9801145))

for: simple_ranges
table 1 : explain SELECT c FROM sbtest1 WHERE id BETWEEN 1601663 AND 1601672
	Index Scan using sbtest1_pkey on sbtest1  (cost=0.43..43.64 rows=10 width=121)
	  Index Cond: ((id >= 1601663) AND (id <= 1601672))

table 2 : explain SELECT c FROM sbtest2 WHERE id BETWEEN 3779412 AND 3779421
	Index Scan using sbtest2_pkey on sbtest2  (cost=0.43..43.62 rows=10 width=121)
	  Index Cond: ((id >= 3779412) AND (id <= 3779421))

table 3 : explain SELECT c FROM sbtest3 WHERE id BETWEEN 2875884 AND 2875893
	Index Scan using sbtest3_pkey on sbtest3  (cost=0.43..43.70 rows=10 width=121)
	  Index Cond: ((id >= 2875884) AND (id <= 2875893))

table 4 : explain SELECT c FROM sbtest4 WHERE id BETWEEN 2817495 AND 2817504
	Index Scan using sbtest4_pkey on sbtest4  (cost=0.43..43.74 rows=10 width=121)
	  Index Cond: ((id >= 2817495) AND (id <= 2817504))

table 5 : explain SELECT c FROM sbtest5 WHERE id BETWEEN 5272423 AND 5272432
	Index Scan using sbtest5_pkey on sbtest5  (cost=0.43..47.68 rows=11 width=121)
	  Index Cond: ((id >= 5272423) AND (id <= 5272432))

table 6 : explain SELECT c FROM sbtest6 WHERE id BETWEEN 5957130 AND 5957139
	Index Scan using sbtest6_pkey on sbtest6  (cost=0.43..43.72 rows=10 width=121)
	  Index Cond: ((id >= 5957130) AND (id <= 5957139))

table 7 : explain SELECT c FROM sbtest7 WHERE id BETWEEN 735581 AND 735590
	Index Scan using sbtest7_pkey on sbtest7  (cost=0.43..47.62 rows=11 width=121)
	  Index Cond: ((id >= 735581) AND (id <= 735590))

table 8 : explain SELECT c FROM sbtest8 WHERE id BETWEEN 3370872 AND 3370881
	Index Scan using sbtest8_pkey on sbtest8  (cost=0.43..43.76 rows=10 width=121)
	  Index Cond: ((id >= 3370872) AND (id <= 3370881))

for: simple_ranges
table 1 : explain SELECT c FROM sbtest1 WHERE id BETWEEN 8210816 AND 8210825
	Index Scan using sbtest1_pkey on sbtest1  (cost=0.43..43.64 rows=10 width=121)
	  Index Cond: ((id >= 8210816) AND (id <= 8210825))

table 2 : explain SELECT c FROM sbtest2 WHERE id BETWEEN 736332 AND 736341
	Index Scan using sbtest2_pkey on sbtest2  (cost=0.43..43.62 rows=10 width=121)
	  Index Cond: ((id >= 736332) AND (id <= 736341))

table 3 : explain SELECT c FROM sbtest3 WHERE id BETWEEN 8431280 AND 8431289
	Index Scan using sbtest3_pkey on sbtest3  (cost=0.43..47.62 rows=11 width=121)
	  Index Cond: ((id >= 8431280) AND (id <= 8431289))

table 4 : explain SELECT c FROM sbtest4 WHERE id BETWEEN 950262 AND 950271
	Index Scan using sbtest4_pkey on sbtest4  (cost=0.43..43.74 rows=10 width=121)
	  Index Cond: ((id >= 950262) AND (id <= 950271))

table 5 : explain SELECT c FROM sbtest5 WHERE id BETWEEN 8257452 AND 8257461
	Index Scan using sbtest5_pkey on sbtest5  (cost=0.43..43.75 rows=10 width=121)
	  Index Cond: ((id >= 8257452) AND (id <= 8257461))

table 6 : explain SELECT c FROM sbtest6 WHERE id BETWEEN 1751456 AND 1751465
	Index Scan using sbtest6_pkey on sbtest6  (cost=0.43..43.72 rows=10 width=121)
	  Index Cond: ((id >= 1751456) AND (id <= 1751465))

table 7 : explain SELECT c FROM sbtest7 WHERE id BETWEEN 5060739 AND 5060748
	Index Scan using sbtest7_pkey on sbtest7  (cost=0.43..43.70 rows=10 width=121)
	  Index Cond: ((id >= 5060739) AND (id <= 5060748))

table 8 : explain SELECT c FROM sbtest8 WHERE id BETWEEN 5745469 AND 5745478
	Index Scan using sbtest8_pkey on sbtest8  (cost=0.43..43.76 rows=10 width=121)
	  Index Cond: ((id >= 5745469) AND (id <= 5745478))

for: simple_ranges
table 1 : explain SELECT c FROM sbtest1 WHERE id BETWEEN 9325353 AND 9325362
	Index Scan using sbtest1_pkey on sbtest1  (cost=0.43..43.64 rows=10 width=121)
	  Index Cond: ((id >= 9325353) AND (id <= 9325362))

table 2 : explain SELECT c FROM sbtest2 WHERE id BETWEEN 192902 AND 192911
	Index Scan using sbtest2_pkey on sbtest2  (cost=0.43..43.62 rows=10 width=121)
	  Index Cond: ((id >= 192902) AND (id <= 192911))

table 3 : explain SELECT c FROM sbtest3 WHERE id BETWEEN 7496581 AND 7496590
	Index Scan using sbtest3_pkey on sbtest3  (cost=0.43..43.70 rows=10 width=121)
	  Index Cond: ((id >= 7496581) AND (id <= 7496590))

table 4 : explain SELECT c FROM sbtest4 WHERE id BETWEEN 1674066 AND 1674075
	Index Scan using sbtest4_pkey on sbtest4  (cost=0.43..39.82 rows=9 width=121)
	  Index Cond: ((id >= 1674066) AND (id <= 1674075))

table 5 : explain SELECT c FROM sbtest5 WHERE id BETWEEN 4360036 AND 4360045
	Index Scan using sbtest5_pkey on sbtest5  (cost=0.43..39.83 rows=9 width=121)
	  Index Cond: ((id >= 4360036) AND (id <= 4360045))

table 6 : explain SELECT c FROM sbtest6 WHERE id BETWEEN 8234947 AND 8234956
	Index Scan using sbtest6_pkey on sbtest6  (cost=0.43..47.64 rows=11 width=121)
	  Index Cond: ((id >= 8234947) AND (id <= 8234956))

table 7 : explain SELECT c FROM sbtest7 WHERE id BETWEEN 9204912 AND 9204921
	Index Scan using sbtest7_pkey on sbtest7  (cost=0.43..47.62 rows=11 width=121)
	  Index Cond: ((id >= 9204912) AND (id <= 9204921))

table 8 : explain SELECT c FROM sbtest8 WHERE id BETWEEN 5389167 AND 5389176
	Index Scan using sbtest8_pkey on sbtest8  (cost=0.43..43.76 rows=10 width=121)
	  Index Cond: ((id >= 5389167) AND (id <= 5389176))

for: simple_ranges
table 1 : explain SELECT c FROM sbtest1 WHERE id BETWEEN 3465631 AND 3465640
	Index Scan using sbtest1_pkey on sbtest1  (cost=0.43..43.64 rows=10 width=121)
	  Index Cond: ((id >= 3465631) AND (id <= 3465640))

table 2 : explain SELECT c FROM sbtest2 WHERE id BETWEEN 2841432 AND 2841441
	Index Scan using sbtest2_pkey on sbtest2  (cost=0.43..39.71 rows=9 width=121)
	  Index Cond: ((id >= 2841432) AND (id <= 2841441))

table 3 : explain SELECT c FROM sbtest3 WHERE id BETWEEN 191466 AND 191475
	Index Scan using sbtest3_pkey on sbtest3  (cost=0.43..43.70 rows=10 width=121)
	  Index Cond: ((id >= 191466) AND (id <= 191475))

table 4 : explain SELECT c FROM sbtest4 WHERE id BETWEEN 2078736 AND 2078745
	Index Scan using sbtest4_pkey on sbtest4  (cost=0.43..39.82 rows=9 width=121)
	  Index Cond: ((id >= 2078736) AND (id <= 2078745))

table 5 : explain SELECT c FROM sbtest5 WHERE id BETWEEN 9570197 AND 9570206
	Index Scan using sbtest5_pkey on sbtest5  (cost=0.43..43.75 rows=10 width=121)
	  Index Cond: ((id >= 9570197) AND (id <= 9570206))

table 6 : explain SELECT c FROM sbtest6 WHERE id BETWEEN 4319539 AND 4319548
	Index Scan using sbtest6_pkey on sbtest6  (cost=0.43..39.80 rows=9 width=121)
	  Index Cond: ((id >= 4319539) AND (id <= 4319548))

table 7 : explain SELECT c FROM sbtest7 WHERE id BETWEEN 6562518 AND 6562527
	Index Scan using sbtest7_pkey on sbtest7  (cost=0.43..39.78 rows=9 width=121)
	  Index Cond: ((id >= 6562518) AND (id <= 6562527))

table 8 : explain SELECT c FROM sbtest8 WHERE id BETWEEN 7773987 AND 7773996
	Index Scan using sbtest8_pkey on sbtest8  (cost=0.43..43.76 rows=10 width=121)
	  Index Cond: ((id >= 7773987) AND (id <= 7773996))

for: simple_ranges
table 1 : explain SELECT c FROM sbtest1 WHERE id BETWEEN 5982896 AND 5982905
	Index Scan using sbtest1_pkey on sbtest1  (cost=0.43..51.46 rows=12 width=121)
	  Index Cond: ((id >= 5982896) AND (id <= 5982905))

table 2 : explain SELECT c FROM sbtest2 WHERE id BETWEEN 4746335 AND 4746344
	Index Scan using sbtest2_pkey on sbtest2  (cost=0.43..43.62 rows=10 width=121)
	  Index Cond: ((id >= 4746335) AND (id <= 4746344))

table 3 : explain SELECT c FROM sbtest3 WHERE id BETWEEN 7419196 AND 7419205
	Index Scan using sbtest3_pkey on sbtest3  (cost=0.43..39.79 rows=9 width=121)
	  Index Cond: ((id >= 7419196) AND (id <= 7419205))

table 4 : explain SELECT c FROM sbtest4 WHERE id BETWEEN 3209296 AND 3209305
	Index Scan using sbtest4_pkey on sbtest4  (cost=0.43..47.66 rows=11 width=121)
	  Index Cond: ((id >= 3209296) AND (id <= 3209305))

table 5 : explain SELECT c FROM sbtest5 WHERE id BETWEEN 5270163 AND 5270172
	Index Scan using sbtest5_pkey on sbtest5  (cost=0.43..47.68 rows=11 width=121)
	  Index Cond: ((id >= 5270163) AND (id <= 5270172))

table 6 : explain SELECT c FROM sbtest6 WHERE id BETWEEN 3402583 AND 3402592
	Index Scan using sbtest6_pkey on sbtest6  (cost=0.43..43.72 rows=10 width=121)
	  Index Cond: ((id >= 3402583) AND (id <= 3402592))

table 7 : explain SELECT c FROM sbtest7 WHERE id BETWEEN 343830 AND 343839
	Index Scan using sbtest7_pkey on sbtest7  (cost=0.43..43.70 rows=10 width=121)
	  Index Cond: ((id >= 343830) AND (id <= 343839))

table 8 : explain SELECT c FROM sbtest8 WHERE id BETWEEN 3290821 AND 3290830
	Index Scan using sbtest8_pkey on sbtest8  (cost=0.43..47.68 rows=11 width=121)
	  Index Cond: ((id >= 3290821) AND (id <= 3290830))

for: simple_ranges
table 1 : explain SELECT c FROM sbtest1 WHERE id BETWEEN 275272 AND 275281
	Index Scan using sbtest1_pkey on sbtest1  (cost=0.43..39.73 rows=9 width=121)
	  Index Cond: ((id >= 275272) AND (id <= 275281))

table 2 : explain SELECT c FROM sbtest2 WHERE id BETWEEN 3870606 AND 3870615
	Index Scan using sbtest2_pkey on sbtest2  (cost=0.43..47.53 rows=11 width=121)
	  Index Cond: ((id >= 3870606) AND (id <= 3870615))

table 3 : explain SELECT c FROM sbtest3 WHERE id BETWEEN 6734705 AND 6734714
	Index Scan using sbtest3_pkey on sbtest3  (cost=0.43..43.70 rows=10 width=121)
	  Index Cond: ((id >= 6734705) AND (id <= 6734714))

table 4 : explain SELECT c FROM sbtest4 WHERE id BETWEEN 7196191 AND 7196200
	Index Scan using sbtest4_pkey on sbtest4  (cost=0.43..43.74 rows=10 width=121)
	  Index Cond: ((id >= 7196191) AND (id <= 7196200))

table 5 : explain SELECT c FROM sbtest5 WHERE id BETWEEN 2781149 AND 2781158
	Index Scan using sbtest5_pkey on sbtest5  (cost=0.43..39.83 rows=9 width=121)
	  Index Cond: ((id >= 2781149) AND (id <= 2781158))

table 6 : explain SELECT c FROM sbtest6 WHERE id BETWEEN 3576904 AND 3576913
	Index Scan using sbtest6_pkey on sbtest6  (cost=0.43..39.80 rows=9 width=121)
	  Index Cond: ((id >= 3576904) AND (id <= 3576913))

table 7 : explain SELECT c FROM sbtest7 WHERE id BETWEEN 5951977 AND 5951986
	Index Scan using sbtest7_pkey on sbtest7  (cost=0.43..47.62 rows=11 width=121)
	  Index Cond: ((id >= 5951977) AND (id <= 5951986))

table 8 : explain SELECT c FROM sbtest8 WHERE id BETWEEN 5203632 AND 5203641
	Index Scan using sbtest8_pkey on sbtest8  (cost=0.43..43.76 rows=10 width=121)
	  Index Cond: ((id >= 5203632) AND (id <= 5203641))

for: simple_ranges
table 1 : explain SELECT c FROM sbtest1 WHERE id BETWEEN 4949166 AND 4949175
	Index Scan using sbtest1_pkey on sbtest1  (cost=0.43..43.64 rows=10 width=121)
	  Index Cond: ((id >= 4949166) AND (id <= 4949175))

table 2 : explain SELECT c FROM sbtest2 WHERE id BETWEEN 7109874 AND 7109883
	Index Scan using sbtest2_pkey on sbtest2  (cost=0.43..43.62 rows=10 width=121)
	  Index Cond: ((id >= 7109874) AND (id <= 7109883))

table 3 : explain SELECT c FROM sbtest3 WHERE id BETWEEN 5828743 AND 5828752
	Index Scan using sbtest3_pkey on sbtest3  (cost=0.43..43.70 rows=10 width=121)
	  Index Cond: ((id >= 5828743) AND (id <= 5828752))

table 4 : explain SELECT c FROM sbtest4 WHERE id BETWEEN 3196786 AND 3196795
	Index Scan using sbtest4_pkey on sbtest4  (cost=0.43..47.66 rows=11 width=121)
	  Index Cond: ((id >= 3196786) AND (id <= 3196795))

table 5 : explain SELECT c FROM sbtest5 WHERE id BETWEEN 1692102 AND 1692111
	Index Scan using sbtest5_pkey on sbtest5  (cost=0.43..43.75 rows=10 width=121)
	  Index Cond: ((id >= 1692102) AND (id <= 1692111))

table 6 : explain SELECT c FROM sbtest6 WHERE id BETWEEN 1982174 AND 1982183
	Index Scan using sbtest6_pkey on sbtest6  (cost=0.43..43.72 rows=10 width=121)
	  Index Cond: ((id >= 1982174) AND (id <= 1982183))

table 7 : explain SELECT c FROM sbtest7 WHERE id BETWEEN 7985486 AND 7985495
	Index Scan using sbtest7_pkey on sbtest7  (cost=0.43..43.70 rows=10 width=121)
	  Index Cond: ((id >= 7985486) AND (id <= 7985495))

table 8 : explain SELECT c FROM sbtest8 WHERE id BETWEEN 5390059 AND 5390068
	Index Scan using sbtest8_pkey on sbtest8  (cost=0.43..43.76 rows=10 width=121)
	  Index Cond: ((id >= 5390059) AND (id <= 5390068))

for point_selects
table 1 : explain SELECT c FROM sbtest1 WHERE id=9646827
	Index Scan using sbtest1_pkey on sbtest1  (cost=0.43..8.45 rows=1 width=121)
	  Index Cond: (id = 9646827)

table 2 : explain SELECT c FROM sbtest2 WHERE id=6591907
	Index Scan using sbtest2_pkey on sbtest2  (cost=0.43..8.45 rows=1 width=121)
	  Index Cond: (id = 6591907)

table 3 : explain SELECT c FROM sbtest3 WHERE id=1939437
	Index Scan using sbtest3_pkey on sbtest3  (cost=0.43..8.45 rows=1 width=121)
	  Index Cond: (id = 1939437)

table 4 : explain SELECT c FROM sbtest4 WHERE id=4972532
	Index Scan using sbtest4_pkey on sbtest4  (cost=0.43..8.45 rows=1 width=121)
	  Index Cond: (id = 4972532)

table 5 : explain SELECT c FROM sbtest5 WHERE id=6921960
	Index Scan using sbtest5_pkey on sbtest5  (cost=0.43..8.45 rows=1 width=121)
	  Index Cond: (id = 6921960)

table 6 : explain SELECT c FROM sbtest6 WHERE id=5372421
	Index Scan using sbtest6_pkey on sbtest6  (cost=0.43..8.45 rows=1 width=121)
	  Index Cond: (id = 5372421)

table 7 : explain SELECT c FROM sbtest7 WHERE id=4791410
	Index Scan using sbtest7_pkey on sbtest7  (cost=0.43..8.45 rows=1 width=121)
	  Index Cond: (id = 4791410)

table 8 : explain SELECT c FROM sbtest8 WHERE id=7568055
	Index Scan using sbtest8_pkey on sbtest8  (cost=0.43..8.45 rows=1 width=121)
	  Index Cond: (id = 7568055)
for: simple_ranges
table 1 : explain SELECT c FROM sbtest1 WHERE id BETWEEN 8796818 AND 8796827
	Index Scan using sbtest1_pkey on sbtest1  (cost=0.43..43.64 rows=10 width=121)
	  Index Cond: ((id >= 8796818) AND (id <= 8796827))

table 2 : explain SELECT c FROM sbtest2 WHERE id BETWEEN 7002363 AND 7002372
	Index Scan using sbtest2_pkey on sbtest2  (cost=0.43..39.71 rows=9 width=121)
	  Index Cond: ((id >= 7002363) AND (id <= 7002372))

table 3 : explain SELECT c FROM sbtest3 WHERE id BETWEEN 2841242 AND 2841251
	Index Scan using sbtest3_pkey on sbtest3  (cost=0.43..43.70 rows=10 width=121)
	  Index Cond: ((id >= 2841242) AND (id <= 2841251))

table 4 : explain SELECT c FROM sbtest4 WHERE id BETWEEN 5637081 AND 5637090
	Index Scan using sbtest4_pkey on sbtest4  (cost=0.43..43.74 rows=10 width=121)
	  Index Cond: ((id >= 5637081) AND (id <= 5637090))

table 5 : explain SELECT c FROM sbtest5 WHERE id BETWEEN 8065164 AND 8065173
	Index Scan using sbtest5_pkey on sbtest5  (cost=0.43..43.75 rows=10 width=121)
	  Index Cond: ((id >= 8065164) AND (id <= 8065173))

table 6 : explain SELECT c FROM sbtest6 WHERE id BETWEEN 7282607 AND 7282616
	Index Scan using sbtest6_pkey on sbtest6  (cost=0.43..47.64 rows=11 width=121)
	  Index Cond: ((id >= 7282607) AND (id <= 7282616))

table 7 : explain SELECT c FROM sbtest7 WHERE id BETWEEN 2212179 AND 2212188
	Index Scan using sbtest7_pkey on sbtest7  (cost=0.43..43.70 rows=10 width=121)
	  Index Cond: ((id >= 2212179) AND (id <= 2212188))

table 8 : explain SELECT c FROM sbtest8 WHERE id BETWEEN 6700204 AND 6700213
	Index Scan using sbtest8_pkey on sbtest8  (cost=0.43..47.68 rows=11 width=121)
	  Index Cond: ((id >= 6700204) AND (id <= 6700213))


for: sum_ranges
table 1 : explain SELECT SUM(k) FROM sbtest1 WHERE id BETWEEN 288284 AND 288293
	Aggregate  (cost=39.75..39.76 rows=1 width=8)
	  ->  Index Scan using sbtest1_pkey on sbtest1  (cost=0.43..39.73 rows=9 width=4)
	        Index Cond: ((id >= 288284) AND (id <= 288293))

table 2 : explain SELECT SUM(k) FROM sbtest2 WHERE id BETWEEN 5048095 AND 5048104
	Aggregate  (cost=43.65..43.66 rows=1 width=8)
	  ->  Index Scan using sbtest2_pkey on sbtest2  (cost=0.43..43.62 rows=10 width=4)
	        Index Cond: ((id >= 5048095) AND (id <= 5048104))

table 3 : explain SELECT SUM(k) FROM sbtest3 WHERE id BETWEEN 8142112 AND 8142121
	Aggregate  (cost=47.65..47.66 rows=1 width=8)
	  ->  Index Scan using sbtest3_pkey on sbtest3  (cost=0.43..47.62 rows=11 width=4)
	        Index Cond: ((id >= 8142112) AND (id <= 8142121))

table 4 : explain SELECT SUM(k) FROM sbtest4 WHERE id BETWEEN 3128962 AND 3128971
	Aggregate  (cost=39.84..39.85 rows=1 width=8)
	  ->  Index Scan using sbtest4_pkey on sbtest4  (cost=0.43..39.82 rows=9 width=4)
	        Index Cond: ((id >= 3128962) AND (id <= 3128971))

table 5 : explain SELECT SUM(k) FROM sbtest5 WHERE id BETWEEN 8768739 AND 8768748
	Aggregate  (cost=43.78..43.79 rows=1 width=8)
	  ->  Index Scan using sbtest5_pkey on sbtest5  (cost=0.43..43.75 rows=10 width=4)
	        Index Cond: ((id >= 8768739) AND (id <= 8768748))

table 6 : explain SELECT SUM(k) FROM sbtest6 WHERE id BETWEEN 881389 AND 881398
	Aggregate  (cost=43.74..43.75 rows=1 width=8)
	  ->  Index Scan using sbtest6_pkey on sbtest6  (cost=0.43..43.72 rows=10 width=4)
	        Index Cond: ((id >= 881389) AND (id <= 881398))

table 7 : explain SELECT SUM(k) FROM sbtest7 WHERE id BETWEEN 5260670 AND 5260679
	Aggregate  (cost=39.81..39.82 rows=1 width=8)
	  ->  Index Scan using sbtest7_pkey on sbtest7  (cost=0.43..39.78 rows=9 width=4)
	        Index Cond: ((id >= 5260670) AND (id <= 5260679))

table 8 : explain SELECT SUM(k) FROM sbtest8 WHERE id BETWEEN 9109775 AND 9109784
	Aggregate  (cost=43.78..43.79 rows=1 width=8)
	  ->  Index Scan using sbtest8_pkey on sbtest8  (cost=0.43..43.76 rows=10 width=4)
	        Index Cond: ((id >= 9109775) AND (id <= 9109784))

for: simple_ranges
table 1 : explain SELECT c FROM sbtest1 WHERE id BETWEEN 6290305 AND 6290314
	Index Scan using sbtest1_pkey on sbtest1  (cost=0.43..43.64 rows=10 width=121)
	  Index Cond: ((id >= 6290305) AND (id <= 6290314))

table 2 : explain SELECT c FROM sbtest2 WHERE id BETWEEN 5350277 AND 5350286
	Index Scan using sbtest2_pkey on sbtest2  (cost=0.43..39.71 rows=9 width=121)
	  Index Cond: ((id >= 5350277) AND (id <= 5350286))

table 3 : explain SELECT c FROM sbtest3 WHERE id BETWEEN 3183179 AND 3183188
	Index Scan using sbtest3_pkey on sbtest3  (cost=0.43..43.70 rows=10 width=121)
	  Index Cond: ((id >= 3183179) AND (id <= 3183188))

table 4 : explain SELECT c FROM sbtest4 WHERE id BETWEEN 9092673 AND 9092682
	Index Scan using sbtest4_pkey on sbtest4  (cost=0.43..43.74 rows=10 width=121)
	  Index Cond: ((id >= 9092673) AND (id <= 9092682))

table 5 : explain SELECT c FROM sbtest5 WHERE id BETWEEN 4545868 AND 4545877
	Index Scan using sbtest5_pkey on sbtest5  (cost=0.43..43.75 rows=10 width=121)
	  Index Cond: ((id >= 4545868) AND (id <= 4545877))

table 6 : explain SELECT c FROM sbtest6 WHERE id BETWEEN 5936189 AND 5936198
	Index Scan using sbtest6_pkey on sbtest6  (cost=0.43..43.72 rows=10 width=121)
	  Index Cond: ((id >= 5936189) AND (id <= 5936198))

table 7 : explain SELECT c FROM sbtest7 WHERE id BETWEEN 7316370 AND 7316379
	Index Scan using sbtest7_pkey on sbtest7  (cost=0.43..43.70 rows=10 width=121)
	  Index Cond: ((id >= 7316370) AND (id <= 7316379))

table 8 : explain SELECT c FROM sbtest8 WHERE id BETWEEN 375272 AND 375281
	Index Scan using sbtest8_pkey on sbtest8  (cost=0.43..39.83 rows=9 width=121)
	  Index Cond: ((id >= 375272) AND (id <= 375281))

for point_selects
table 1 : explain SELECT c FROM sbtest1 WHERE id=6054326
	Index Scan using sbtest1_pkey on sbtest1  (cost=0.43..8.45 rows=1 width=121)
	  Index Cond: (id = 6054326)

table 2 : explain SELECT c FROM sbtest2 WHERE id=3485222
	Index Scan using sbtest2_pkey on sbtest2  (cost=0.43..8.45 rows=1 width=121)
	  Index Cond: (id = 3485222)

table 3 : explain SELECT c FROM sbtest3 WHERE id=6170206
	Index Scan using sbtest3_pkey on sbtest3  (cost=0.43..8.45 rows=1 width=121)
	  Index Cond: (id = 6170206)

table 4 : explain SELECT c FROM sbtest4 WHERE id=4116188
	Index Scan using sbtest4_pkey on sbtest4  (cost=0.43..8.45 rows=1 width=121)
	  Index Cond: (id = 4116188)

table 5 : explain SELECT c FROM sbtest5 WHERE id=1423967
	Index Scan using sbtest5_pkey on sbtest5  (cost=0.43..8.45 rows=1 width=121)
	  Index Cond: (id = 1423967)

table 6 : explain SELECT c FROM sbtest6 WHERE id=8862990
	Index Scan using sbtest6_pkey on sbtest6  (cost=0.43..8.45 rows=1 width=121)
	  Index Cond: (id = 8862990)

table 7 : explain SELECT c FROM sbtest7 WHERE id=1696265
	Index Scan using sbtest7_pkey on sbtest7  (cost=0.43..8.45 rows=1 width=121)
	  Index Cond: (id = 1696265)

table 8 : explain SELECT c FROM sbtest8 WHERE id=9442645
	Index Scan using sbtest8_pkey on sbtest8  (cost=0.43..8.45 rows=1 width=121)
	  Index Cond: (id = 9442645)

for: simple_ranges
table 1 : explain SELECT c FROM sbtest1 WHERE id BETWEEN 655675 AND 655684
	Index Scan using sbtest1_pkey on sbtest1  (cost=0.43..43.64 rows=10 width=121)
	  Index Cond: ((id >= 655675) AND (id <= 655684))

table 2 : explain SELECT c FROM sbtest2 WHERE id BETWEEN 4077403 AND 4077412
	Index Scan using sbtest2_pkey on sbtest2  (cost=0.43..43.62 rows=10 width=121)
	  Index Cond: ((id >= 4077403) AND (id <= 4077412))

table 3 : explain SELECT c FROM sbtest3 WHERE id BETWEEN 4348639 AND 4348648
	Index Scan using sbtest3_pkey on sbtest3  (cost=0.43..43.70 rows=10 width=121)
	  Index Cond: ((id >= 4348639) AND (id <= 4348648))

table 4 : explain SELECT c FROM sbtest4 WHERE id BETWEEN 6180149 AND 6180158
	Index Scan using sbtest4_pkey on sbtest4  (cost=0.43..47.66 rows=11 width=121)
	  Index Cond: ((id >= 6180149) AND (id <= 6180158))

table 5 : explain SELECT c FROM sbtest5 WHERE id BETWEEN 5573390 AND 5573399
	Index Scan using sbtest5_pkey on sbtest5  (cost=0.43..43.75 rows=10 width=121)
	  Index Cond: ((id >= 5573390) AND (id <= 5573399))

table 6 : explain SELECT c FROM sbtest6 WHERE id BETWEEN 1097968 AND 1097977
	Index Scan using sbtest6_pkey on sbtest6  (cost=0.43..39.80 rows=9 width=121)
	  Index Cond: ((id >= 1097968) AND (id <= 1097977))

table 7 : explain SELECT c FROM sbtest7 WHERE id BETWEEN 3816204 AND 3816213
	Index Scan using sbtest7_pkey on sbtest7  (cost=0.43..43.70 rows=10 width=121)
	  Index Cond: ((id >= 3816204) AND (id <= 3816213))

table 8 : explain SELECT c FROM sbtest8 WHERE id BETWEEN 5422247 AND 5422256
	Index Scan using sbtest8_pkey on sbtest8  (cost=0.43..43.76 rows=10 width=121)
	  Index Cond: ((id >= 5422247) AND (id <= 5422256))

for: simple_ranges
table 1 : explain SELECT c FROM sbtest1 WHERE id BETWEEN 3968354 AND 3968363
	Index Scan using sbtest1_pkey on sbtest1  (cost=0.43..39.73 rows=9 width=121)
	  Index Cond: ((id >= 3968354) AND (id <= 3968363))

table 2 : explain SELECT c FROM sbtest2 WHERE id BETWEEN 9686774 AND 9686783
	Index Scan using sbtest2_pkey on sbtest2  (cost=0.43..43.62 rows=10 width=121)
	  Index Cond: ((id >= 9686774) AND (id <= 9686783))

table 3 : explain SELECT c FROM sbtest3 WHERE id BETWEEN 2808865 AND 2808874
	Index Scan using sbtest3_pkey on sbtest3  (cost=0.43..39.79 rows=9 width=121)
	  Index Cond: ((id >= 2808865) AND (id <= 2808874))

table 4 : explain SELECT c FROM sbtest4 WHERE id BETWEEN 4509803 AND 4509812
	Index Scan using sbtest4_pkey on sbtest4  (cost=0.43..47.66 rows=11 width=121)
	  Index Cond: ((id >= 4509803) AND (id <= 4509812))

table 5 : explain SELECT c FROM sbtest5 WHERE id BETWEEN 7735099 AND 7735108
	Index Scan using sbtest5_pkey on sbtest5  (cost=0.43..51.60 rows=12 width=121)
	  Index Cond: ((id >= 7735099) AND (id <= 7735108))

table 6 : explain SELECT c FROM sbtest6 WHERE id BETWEEN 955237 AND 955246
	Index Scan using sbtest6_pkey on sbtest6  (cost=0.43..43.72 rows=10 width=121)
	  Index Cond: ((id >= 955237) AND (id <= 955246))

table 7 : explain SELECT c FROM sbtest7 WHERE id BETWEEN 5754491 AND 5754500
	Index Scan using sbtest7_pkey on sbtest7  (cost=0.43..39.78 rows=9 width=121)
	  Index Cond: ((id >= 5754491) AND (id <= 5754500))

table 8 : explain SELECT c FROM sbtest8 WHERE id BETWEEN 1159269 AND 1159278
	Index Scan using sbtest8_pkey on sbtest8  (cost=0.43..43.76 rows=10 width=121)
	  Index Cond: ((id >= 1159269) AND (id <= 1159278))
for: simple_ranges
table 1 : explain SELECT c FROM sbtest1 WHERE id BETWEEN 3588590 AND 3588599
	Index Scan using sbtest1_pkey on sbtest1  (cost=0.43..43.64 rows=10 width=121)
	  Index Cond: ((id >= 3588590) AND (id <= 3588599))

table 2 : explain SELECT c FROM sbtest2 WHERE id BETWEEN 3963400 AND 3963409
	Index Scan using sbtest2_pkey on sbtest2  (cost=0.43..43.62 rows=10 width=121)
	  Index Cond: ((id >= 3963400) AND (id <= 3963409))

table 3 : explain SELECT c FROM sbtest3 WHERE id BETWEEN 6166980 AND 6166989
	Index Scan using sbtest3_pkey on sbtest3  (cost=0.43..43.70 rows=10 width=121)
	  Index Cond: ((id >= 6166980) AND (id <= 6166989))

table 4 : explain SELECT c FROM sbtest4 WHERE id BETWEEN 6148618 AND 6148627
	Index Scan using sbtest4_pkey on sbtest4  (cost=0.43..47.66 rows=11 width=121)
	  Index Cond: ((id >= 6148618) AND (id <= 6148627))

table 5 : explain SELECT c FROM sbtest5 WHERE id BETWEEN 6031102 AND 6031111
	Index Scan using sbtest5_pkey on sbtest5  (cost=0.43..43.75 rows=10 width=121)
	  Index Cond: ((id >= 6031102) AND (id <= 6031111))

table 6 : explain SELECT c FROM sbtest6 WHERE id BETWEEN 651536 AND 651545
	Index Scan using sbtest6_pkey on sbtest6  (cost=0.43..43.72 rows=10 width=121)
	  Index Cond: ((id >= 651536) AND (id <= 651545))

table 7 : explain SELECT c FROM sbtest7 WHERE id BETWEEN 9977948 AND 9977957
	Index Scan using sbtest7_pkey on sbtest7  (cost=0.43..43.70 rows=10 width=121)
	  Index Cond: ((id >= 9977948) AND (id <= 9977957))

table 8 : explain SELECT c FROM sbtest8 WHERE id BETWEEN 7873016 AND 7873025
	Index Scan using sbtest8_pkey on sbtest8  (cost=0.43..47.68 rows=11 width=121)
	  Index Cond: ((id >= 7873016) AND (id <= 7873025))
for point_selects
table 1 : explain SELECT c FROM sbtest1 WHERE id=23415
	Index Scan using sbtest1_pkey on sbtest1  (cost=0.43..8.45 rows=1 width=121)
	  Index Cond: (id = 23415)

table 2 : explain SELECT c FROM sbtest2 WHERE id=9158212
	Index Scan using sbtest2_pkey on sbtest2  (cost=0.43..8.45 rows=1 width=121)
	  Index Cond: (id = 9158212)

table 3 : explain SELECT c FROM sbtest3 WHERE id=5195735
	Index Scan using sbtest3_pkey on sbtest3  (cost=0.43..8.45 rows=1 width=121)
	  Index Cond: (id = 5195735)

table 4 : explain SELECT c FROM sbtest4 WHERE id=6891063
	Index Scan using sbtest4_pkey on sbtest4  (cost=0.43..8.45 rows=1 width=121)
	  Index Cond: (id = 6891063)

table 5 : explain SELECT c FROM sbtest5 WHERE id=3335489
	Index Scan using sbtest5_pkey on sbtest5  (cost=0.43..8.45 rows=1 width=121)
	  Index Cond: (id = 3335489)

table 6 : explain SELECT c FROM sbtest6 WHERE id=3377913
	Index Scan using sbtest6_pkey on sbtest6  (cost=0.43..8.45 rows=1 width=121)
	  Index Cond: (id = 3377913)

table 7 : explain SELECT c FROM sbtest7 WHERE id=9083323
	Index Scan using sbtest7_pkey on sbtest7  (cost=0.43..8.45 rows=1 width=121)
	  Index Cond: (id = 9083323)

table 8 : explain SELECT c FROM sbtest8 WHERE id=3054061
	Index Scan using sbtest8_pkey on sbtest8  (cost=0.43..8.45 rows=1 width=121)
	  Index Cond: (id = 3054061)

for point_selects
table 1 : explain SELECT c FROM sbtest1 WHERE id=78556
	Index Scan using sbtest1_pkey on sbtest1  (cost=0.43..8.45 rows=1 width=121)
	  Index Cond: (id = 78556)

table 2 : explain SELECT c FROM sbtest2 WHERE id=5510520
	Index Scan using sbtest2_pkey on sbtest2  (cost=0.43..8.45 rows=1 width=121)
	  Index Cond: (id = 5510520)

table 3 : explain SELECT c FROM sbtest3 WHERE id=9255
	Index Scan using sbtest3_pkey on sbtest3  (cost=0.43..8.45 rows=1 width=121)
	  Index Cond: (id = 9255)

table 4 : explain SELECT c FROM sbtest4 WHERE id=6797022
	Index Scan using sbtest4_pkey on sbtest4  (cost=0.43..8.45 rows=1 width=121)
	  Index Cond: (id = 6797022)

table 5 : explain SELECT c FROM sbtest5 WHERE id=3271439
	Index Scan using sbtest5_pkey on sbtest5  (cost=0.43..8.45 rows=1 width=121)
	  Index Cond: (id = 3271439)

table 6 : explain SELECT c FROM sbtest6 WHERE id=1656464
	Index Scan using sbtest6_pkey on sbtest6  (cost=0.43..8.45 rows=1 width=121)
	  Index Cond: (id = 1656464)

table 7 : explain SELECT c FROM sbtest7 WHERE id=7924912
	Index Scan using sbtest7_pkey on sbtest7  (cost=0.43..8.45 rows=1 width=121)
	  Index Cond: (id = 7924912)

table 8 : explain SELECT c FROM sbtest8 WHERE id=6410553
	Index Scan using sbtest8_pkey on sbtest8  (cost=0.43..8.45 rows=1 width=121)
	  Index Cond: (id = 6410553)



for: simple_ranges
table 1 : explain SELECT c FROM sbtest1 WHERE id BETWEEN 1261145 AND 1261154
	Index Scan using sbtest1_pkey on sbtest1  (cost=0.43..43.64 rows=10 width=121)
	  Index Cond: ((id >= 1261145) AND (id <= 1261154))

table 2 : explain SELECT c FROM sbtest2 WHERE id BETWEEN 716389 AND 716398
	Index Scan using sbtest2_pkey on sbtest2  (cost=0.43..43.62 rows=10 width=121)
	  Index Cond: ((id >= 716389) AND (id <= 716398))

table 3 : explain SELECT c FROM sbtest3 WHERE id BETWEEN 9659757 AND 9659766
	Index Scan using sbtest3_pkey on sbtest3  (cost=0.43..47.62 rows=11 width=121)
	  Index Cond: ((id >= 9659757) AND (id <= 9659766))

table 4 : explain SELECT c FROM sbtest4 WHERE id BETWEEN 5214943 AND 5214952
	Index Scan using sbtest4_pkey on sbtest4  (cost=0.43..43.74 rows=10 width=121)
	  Index Cond: ((id >= 5214943) AND (id <= 5214952))

table 5 : explain SELECT c FROM sbtest5 WHERE id BETWEEN 3046138 AND 3046147
	Index Scan using sbtest5_pkey on sbtest5  (cost=0.43..47.68 rows=11 width=121)
	  Index Cond: ((id >= 3046138) AND (id <= 3046147))

table 6 : explain SELECT c FROM sbtest6 WHERE id BETWEEN 6952825 AND 6952834
	Index Scan using sbtest6_pkey on sbtest6  (cost=0.43..43.72 rows=10 width=121)
	  Index Cond: ((id >= 6952825) AND (id <= 6952834))

table 7 : explain SELECT c FROM sbtest7 WHERE id BETWEEN 7121426 AND 7121435
	Index Scan using sbtest7_pkey on sbtest7  (cost=0.43..43.70 rows=10 width=121)
	  Index Cond: ((id >= 7121426) AND (id <= 7121435))

table 8 : explain SELECT c FROM sbtest8 WHERE id BETWEEN 8739414 AND 8739423
	Index Scan using sbtest8_pkey on sbtest8  (cost=0.43..43.76 rows=10 width=121)
	  Index Cond: ((id >= 8739414) AND (id <= 8739423))

for point_selects
table 1 : explain SELECT c FROM sbtest1 WHERE id=1937309
	Index Scan using sbtest1_pkey on sbtest1  (cost=0.43..8.45 rows=1 width=121)
	  Index Cond: (id = 1937309)

table 2 : explain SELECT c FROM sbtest2 WHERE id=2192087
	Index Scan using sbtest2_pkey on sbtest2  (cost=0.43..8.45 rows=1 width=121)
	  Index Cond: (id = 2192087)

table 3 : explain SELECT c FROM sbtest3 WHERE id=9687538
	Index Scan using sbtest3_pkey on sbtest3  (cost=0.43..8.45 rows=1 width=121)
	  Index Cond: (id = 9687538)

table 4 : explain SELECT c FROM sbtest4 WHERE id=7638615
	Index Scan using sbtest4_pkey on sbtest4  (cost=0.43..8.45 rows=1 width=121)
	  Index Cond: (id = 7638615)

table 5 : explain SELECT c FROM sbtest5 WHERE id=7140006
	Index Scan using sbtest5_pkey on sbtest5  (cost=0.43..8.45 rows=1 width=121)
	  Index Cond: (id = 7140006)

table 6 : explain SELECT c FROM sbtest6 WHERE id=9772424
	Index Scan using sbtest6_pkey on sbtest6  (cost=0.43..8.45 rows=1 width=121)
	  Index Cond: (id = 9772424)

table 7 : explain SELECT c FROM sbtest7 WHERE id=3724324
	Index Scan using sbtest7_pkey on sbtest7  (cost=0.43..8.45 rows=1 width=121)
	  Index Cond: (id = 3724324)

table 8 : explain SELECT c FROM sbtest8 WHERE id=7769912
	Index Scan using sbtest8_pkey on sbtest8  (cost=0.43..8.45 rows=1 width=121)
	  Index Cond: (id = 7769912)

for point_selects
table 1 : explain SELECT c FROM sbtest1 WHERE id=442940
	Index Scan using sbtest1_pkey on sbtest1  (cost=0.43..8.45 rows=1 width=121)
	  Index Cond: (id = 442940)

table 2 : explain SELECT c FROM sbtest2 WHERE id=433394
	Index Scan using sbtest2_pkey on sbtest2  (cost=0.43..8.45 rows=1 width=121)
	  Index Cond: (id = 433394)

table 3 : explain SELECT c FROM sbtest3 WHERE id=7279085
	Index Scan using sbtest3_pkey on sbtest3  (cost=0.43..8.45 rows=1 width=121)
	  Index Cond: (id = 7279085)

table 4 : explain SELECT c FROM sbtest4 WHERE id=2400332
	Index Scan using sbtest4_pkey on sbtest4  (cost=0.43..8.45 rows=1 width=121)
	  Index Cond: (id = 2400332)

table 5 : explain SELECT c FROM sbtest5 WHERE id=2865023
	Index Scan using sbtest5_pkey on sbtest5  (cost=0.43..8.45 rows=1 width=121)
	  Index Cond: (id = 2865023)

table 6 : explain SELECT c FROM sbtest6 WHERE id=7115847
	Index Scan using sbtest6_pkey on sbtest6  (cost=0.43..8.45 rows=1 width=121)
	  Index Cond: (id = 7115847)

table 7 : explain SELECT c FROM sbtest7 WHERE id=5693115
	Index Scan using sbtest7_pkey on sbtest7  (cost=0.43..8.45 rows=1 width=121)
	  Index Cond: (id = 5693115)

table 8 : explain SELECT c FROM sbtest8 WHERE id=7280415
	Index Scan using sbtest8_pkey on sbtest8  (cost=0.43..8.45 rows=1 width=121)
	  Index Cond: (id = 7280415)

for: sum_ranges
table 1 : explain SELECT SUM(k) FROM sbtest1 WHERE id BETWEEN 9087882 AND 9087891
	Aggregate  (cost=43.66..43.67 rows=1 width=8)
	  ->  Index Scan using sbtest1_pkey on sbtest1  (cost=0.43..43.64 rows=10 width=4)
	        Index Cond: ((id >= 9087882) AND (id <= 9087891))

table 2 : explain SELECT SUM(k) FROM sbtest2 WHERE id BETWEEN 3380049 AND 3380058
	Aggregate  (cost=43.65..43.66 rows=1 width=8)
	  ->  Index Scan using sbtest2_pkey on sbtest2  (cost=0.43..43.62 rows=10 width=4)
	        Index Cond: ((id >= 3380049) AND (id <= 3380058))

table 3 : explain SELECT SUM(k) FROM sbtest3 WHERE id BETWEEN 4933341 AND 4933350
	Aggregate  (cost=39.81..39.82 rows=1 width=8)
	  ->  Index Scan using sbtest3_pkey on sbtest3  (cost=0.43..39.79 rows=9 width=4)
	        Index Cond: ((id >= 4933341) AND (id <= 4933350))

table 4 : explain SELECT SUM(k) FROM sbtest4 WHERE id BETWEEN 5089628 AND 5089637
	Aggregate  (cost=43.76..43.77 rows=1 width=8)
	  ->  Index Scan using sbtest4_pkey on sbtest4  (cost=0.43..43.74 rows=10 width=4)
	        Index Cond: ((id >= 5089628) AND (id <= 5089637))

table 5 : explain SELECT SUM(k) FROM sbtest5 WHERE id BETWEEN 9273361 AND 9273370
	Aggregate  (cost=43.78..43.79 rows=1 width=8)
	  ->  Index Scan using sbtest5_pkey on sbtest5  (cost=0.43..43.75 rows=10 width=4)
	        Index Cond: ((id >= 9273361) AND (id <= 9273370))

table 6 : explain SELECT SUM(k) FROM sbtest6 WHERE id BETWEEN 478208 AND 478217
	Aggregate  (cost=43.74..43.75 rows=1 width=8)
	  ->  Index Scan using sbtest6_pkey on sbtest6  (cost=0.43..43.72 rows=10 width=4)
	        Index Cond: ((id >= 478208) AND (id <= 478217))

table 7 : explain SELECT SUM(k) FROM sbtest7 WHERE id BETWEEN 3311948 AND 3311957
	Aggregate  (cost=39.81..39.82 rows=1 width=8)
	  ->  Index Scan using sbtest7_pkey on sbtest7  (cost=0.43..39.78 rows=9 width=4)
	        Index Cond: ((id >= 3311948) AND (id <= 3311957))

table 8 : explain SELECT SUM(k) FROM sbtest8 WHERE id BETWEEN 3917478 AND 3917487
	Aggregate  (cost=47.71..47.72 rows=1 width=8)
	  ->  Index Scan using sbtest8_pkey on sbtest8  (cost=0.43..47.68 rows=11 width=4)
	        Index Cond: ((id >= 3917478) AND (id <= 3917487))

for: simple_ranges
table 1 : explain SELECT c FROM sbtest1 WHERE id BETWEEN 2127943 AND 2127952
	Index Scan using sbtest1_pkey on sbtest1  (cost=0.43..39.73 rows=9 width=121)
	  Index Cond: ((id >= 2127943) AND (id <= 2127952))

table 2 : explain SELECT c FROM sbtest2 WHERE id BETWEEN 94425 AND 94434
	Index Scan using sbtest2_pkey on sbtest2  (cost=0.43..47.53 rows=11 width=121)
	  Index Cond: ((id >= 94425) AND (id <= 94434))

table 3 : explain SELECT c FROM sbtest3 WHERE id BETWEEN 7039406 AND 7039415
	Index Scan using sbtest3_pkey on sbtest3  (cost=0.43..39.79 rows=9 width=121)
	  Index Cond: ((id >= 7039406) AND (id <= 7039415))

table 4 : explain SELECT c FROM sbtest4 WHERE id BETWEEN 9507145 AND 9507154
	Index Scan using sbtest4_pkey on sbtest4  (cost=0.43..43.74 rows=10 width=121)
	  Index Cond: ((id >= 9507145) AND (id <= 9507154))

table 5 : explain SELECT c FROM sbtest5 WHERE id BETWEEN 890320 AND 890329
	Index Scan using sbtest5_pkey on sbtest5  (cost=0.43..43.75 rows=10 width=121)
	  Index Cond: ((id >= 890320) AND (id <= 890329))

table 6 : explain SELECT c FROM sbtest6 WHERE id BETWEEN 6200761 AND 6200770
	Index Scan using sbtest6_pkey on sbtest6  (cost=0.43..39.80 rows=9 width=121)
	  Index Cond: ((id >= 6200761) AND (id <= 6200770))

table 7 : explain SELECT c FROM sbtest7 WHERE id BETWEEN 4535981 AND 4535990
	Index Scan using sbtest7_pkey on sbtest7  (cost=0.43..43.70 rows=10 width=121)
	  Index Cond: ((id >= 4535981) AND (id <= 4535990))

table 8 : explain SELECT c FROM sbtest8 WHERE id BETWEEN 3853507 AND 3853516
	Index Scan using sbtest8_pkey on sbtest8  (cost=0.43..47.68 rows=11 width=121)
	  Index Cond: ((id >= 3853507) AND (id <= 3853516))

for point_selects
table 1 : explain SELECT c FROM sbtest1 WHERE id=1011640
	Index Scan using sbtest1_pkey on sbtest1  (cost=0.43..8.45 rows=1 width=121)
	  Index Cond: (id = 1011640)

table 2 : explain SELECT c FROM sbtest2 WHERE id=9110632
	Index Scan using sbtest2_pkey on sbtest2  (cost=0.43..8.45 rows=1 width=121)
	  Index Cond: (id = 9110632)

table 3 : explain SELECT c FROM sbtest3 WHERE id=6018806
	Index Scan using sbtest3_pkey on sbtest3  (cost=0.43..8.45 rows=1 width=121)
	  Index Cond: (id = 6018806)

table 4 : explain SELECT c FROM sbtest4 WHERE id=5678395
	Index Scan using sbtest4_pkey on sbtest4  (cost=0.43..8.45 rows=1 width=121)
	  Index Cond: (id = 5678395)

table 5 : explain SELECT c FROM sbtest5 WHERE id=4811966
	Index Scan using sbtest5_pkey on sbtest5  (cost=0.43..8.45 rows=1 width=121)
	  Index Cond: (id = 4811966)

table 6 : explain SELECT c FROM sbtest6 WHERE id=7169779
	Index Scan using sbtest6_pkey on sbtest6  (cost=0.43..8.45 rows=1 width=121)
	  Index Cond: (id = 7169779)

table 7 : explain SELECT c FROM sbtest7 WHERE id=8111739
	Index Scan using sbtest7_pkey on sbtest7  (cost=0.43..8.45 rows=1 width=121)
	  Index Cond: (id = 8111739)

table 8 : explain SELECT c FROM sbtest8 WHERE id=5979039
	Index Scan using sbtest8_pkey on sbtest8  (cost=0.43..8.45 rows=1 width=121)
	  Index Cond: (id = 5979039)

for: sum_ranges
table 1 : explain SELECT SUM(k) FROM sbtest1 WHERE id BETWEEN 9942860 AND 9942869
	Aggregate  (cost=43.66..43.67 rows=1 width=8)
	  ->  Index Scan using sbtest1_pkey on sbtest1  (cost=0.43..43.64 rows=10 width=4)
	        Index Cond: ((id >= 9942860) AND (id <= 9942869))

table 2 : explain SELECT SUM(k) FROM sbtest2 WHERE id BETWEEN 9054272 AND 9054281
	Aggregate  (cost=43.65..43.66 rows=1 width=8)
	  ->  Index Scan using sbtest2_pkey on sbtest2  (cost=0.43..43.62 rows=10 width=4)
	        Index Cond: ((id >= 9054272) AND (id <= 9054281))

table 3 : explain SELECT SUM(k) FROM sbtest3 WHERE id BETWEEN 4859242 AND 4859251
	Aggregate  (cost=43.73..43.74 rows=1 width=8)
	  ->  Index Scan using sbtest3_pkey on sbtest3  (cost=0.43..43.70 rows=10 width=4)
	        Index Cond: ((id >= 4859242) AND (id <= 4859251))

table 4 : explain SELECT SUM(k) FROM sbtest4 WHERE id BETWEEN 9316152 AND 9316161
	Aggregate  (cost=39.84..39.85 rows=1 width=8)
	  ->  Index Scan using sbtest4_pkey on sbtest4  (cost=0.43..39.82 rows=9 width=4)
	        Index Cond: ((id >= 9316152) AND (id <= 9316161))

table 5 : explain SELECT SUM(k) FROM sbtest5 WHERE id BETWEEN 9590996 AND 9591005
	Aggregate  (cost=43.78..43.79 rows=1 width=8)
	  ->  Index Scan using sbtest5_pkey on sbtest5  (cost=0.43..43.75 rows=10 width=4)
	        Index Cond: ((id >= 9590996) AND (id <= 9591005))

table 6 : explain SELECT SUM(k) FROM sbtest6 WHERE id BETWEEN 3409612 AND 3409621
	Aggregate  (cost=43.74..43.75 rows=1 width=8)
	  ->  Index Scan using sbtest6_pkey on sbtest6  (cost=0.43..43.72 rows=10 width=4)
	        Index Cond: ((id >= 3409612) AND (id <= 3409621))

table 7 : explain SELECT SUM(k) FROM sbtest7 WHERE id BETWEEN 8446435 AND 8446444
	Aggregate  (cost=47.64..47.65 rows=1 width=8)
	  ->  Index Scan using sbtest7_pkey on sbtest7  (cost=0.43..47.62 rows=11 width=4)
	        Index Cond: ((id >= 8446435) AND (id <= 8446444))

table 8 : explain SELECT SUM(k) FROM sbtest8 WHERE id BETWEEN 4425369 AND 4425378
	Aggregate  (cost=43.78..43.79 rows=1 width=8)
	  ->  Index Scan using sbtest8_pkey on sbtest8  (cost=0.43..43.76 rows=10 width=4)
	        Index Cond: ((id >= 4425369) AND (id <= 4425378))

for: simple_ranges
table 1 : explain SELECT c FROM sbtest1 WHERE id BETWEEN 9559062 AND 9559071
	Index Scan using sbtest1_pkey on sbtest1  (cost=0.43..43.64 rows=10 width=121)
	  Index Cond: ((id >= 9559062) AND (id <= 9559071))

table 2 : explain SELECT c FROM sbtest2 WHERE id BETWEEN 8302749 AND 8302758
	Index Scan using sbtest2_pkey on sbtest2  (cost=0.43..43.62 rows=10 width=121)
	  Index Cond: ((id >= 8302749) AND (id <= 8302758))

table 3 : explain SELECT c FROM sbtest3 WHERE id BETWEEN 4828587 AND 4828596
	Index Scan using sbtest3_pkey on sbtest3  (cost=0.43..43.70 rows=10 width=121)
	  Index Cond: ((id >= 4828587) AND (id <= 4828596))

table 4 : explain SELECT c FROM sbtest4 WHERE id BETWEEN 9455888 AND 9455897
	Index Scan using sbtest4_pkey on sbtest4  (cost=0.43..47.66 rows=11 width=121)
	  Index Cond: ((id >= 9455888) AND (id <= 9455897))

table 5 : explain SELECT c FROM sbtest5 WHERE id BETWEEN 5045571 AND 5045580
	Index Scan using sbtest5_pkey on sbtest5  (cost=0.43..39.83 rows=9 width=121)
	  Index Cond: ((id >= 5045571) AND (id <= 5045580))

table 6 : explain SELECT c FROM sbtest6 WHERE id BETWEEN 6097245 AND 6097254
	Index Scan using sbtest6_pkey on sbtest6  (cost=0.43..39.80 rows=9 width=121)
	  Index Cond: ((id >= 6097245) AND (id <= 6097254))

table 7 : explain SELECT c FROM sbtest7 WHERE id BETWEEN 6428822 AND 6428831
	Index Scan using sbtest7_pkey on sbtest7  (cost=0.43..47.62 rows=11 width=121)
	  Index Cond: ((id >= 6428822) AND (id <= 6428831))

table 8 : explain SELECT c FROM sbtest8 WHERE id BETWEEN 3378391 AND 3378400
	Index Scan using sbtest8_pkey on sbtest8  (cost=0.43..43.76 rows=10 width=121)
	  Index Cond: ((id >= 3378391) AND (id <= 3378400))

for point_selects
table 1 : explain SELECT c FROM sbtest1 WHERE id=7149679
	Index Scan using sbtest1_pkey on sbtest1  (cost=0.43..8.45 rows=1 width=121)
	  Index Cond: (id = 7149679)

table 2 : explain SELECT c FROM sbtest2 WHERE id=7724042
	Index Scan using sbtest2_pkey on sbtest2  (cost=0.43..8.45 rows=1 width=121)
	  Index Cond: (id = 7724042)

table 3 : explain SELECT c FROM sbtest3 WHERE id=1591651
	Index Scan using sbtest3_pkey on sbtest3  (cost=0.43..8.45 rows=1 width=121)
	  Index Cond: (id = 1591651)

table 4 : explain SELECT c FROM sbtest4 WHERE id=1191968
	Index Scan using sbtest4_pkey on sbtest4  (cost=0.43..8.45 rows=1 width=121)
	  Index Cond: (id = 1191968)

table 5 : explain SELECT c FROM sbtest5 WHERE id=3259154
	Index Scan using sbtest5_pkey on sbtest5  (cost=0.43..8.45 rows=1 width=121)
	  Index Cond: (id = 3259154)

table 6 : explain SELECT c FROM sbtest6 WHERE id=8424878
	Index Scan using sbtest6_pkey on sbtest6  (cost=0.43..8.45 rows=1 width=121)
	  Index Cond: (id = 8424878)

table 7 : explain SELECT c FROM sbtest7 WHERE id=4655189
	Index Scan using sbtest7_pkey on sbtest7  (cost=0.43..8.45 rows=1 width=121)
	  Index Cond: (id = 4655189)

table 8 : explain SELECT c FROM sbtest8 WHERE id=3698135
	Index Scan using sbtest8_pkey on sbtest8  (cost=0.43..8.45 rows=1 width=121)
	  Index Cond: (id = 3698135)

for: simple_ranges
table 1 : explain SELECT c FROM sbtest1 WHERE id BETWEEN 6399520 AND 6399529
	Index Scan using sbtest1_pkey on sbtest1  (cost=0.43..39.73 rows=9 width=121)
	  Index Cond: ((id >= 6399520) AND (id <= 6399529))

table 2 : explain SELECT c FROM sbtest2 WHERE id BETWEEN 8689619 AND 8689628
	Index Scan using sbtest2_pkey on sbtest2  (cost=0.43..47.53 rows=11 width=121)
	  Index Cond: ((id >= 8689619) AND (id <= 8689628))

table 3 : explain SELECT c FROM sbtest3 WHERE id BETWEEN 9828928 AND 9828937
	Index Scan using sbtest3_pkey on sbtest3  (cost=0.43..43.70 rows=10 width=121)
	  Index Cond: ((id >= 9828928) AND (id <= 9828937))

table 4 : explain SELECT c FROM sbtest4 WHERE id BETWEEN 6913695 AND 6913704
	Index Scan using sbtest4_pkey on sbtest4  (cost=0.43..43.74 rows=10 width=121)
	  Index Cond: ((id >= 6913695) AND (id <= 6913704))

table 5 : explain SELECT c FROM sbtest5 WHERE id BETWEEN 8197363 AND 8197372
	Index Scan using sbtest5_pkey on sbtest5  (cost=0.43..43.75 rows=10 width=121)
	  Index Cond: ((id >= 8197363) AND (id <= 8197372))

table 6 : explain SELECT c FROM sbtest6 WHERE id BETWEEN 8796364 AND 8796373
	Index Scan using sbtest6_pkey on sbtest6  (cost=0.43..47.64 rows=11 width=121)
	  Index Cond: ((id >= 8796364) AND (id <= 8796373))

table 7 : explain SELECT c FROM sbtest7 WHERE id BETWEEN 9827442 AND 9827451
	Index Scan using sbtest7_pkey on sbtest7  (cost=0.43..47.62 rows=11 width=121)
	  Index Cond: ((id >= 9827442) AND (id <= 9827451))

table 8 : explain SELECT c FROM sbtest8 WHERE id BETWEEN 6534604 AND 6534613
	Index Scan using sbtest8_pkey on sbtest8  (cost=0.43..43.76 rows=10 width=121)
	  Index Cond: ((id >= 6534604) AND (id <= 6534613))

for: simple_ranges
table 1 : explain SELECT c FROM sbtest1 WHERE id BETWEEN 5529487 AND 5529496
	Index Scan using sbtest1_pkey on sbtest1  (cost=0.43..43.64 rows=10 width=121)
	  Index Cond: ((id >= 5529487) AND (id <= 5529496))

table 2 : explain SELECT c FROM sbtest2 WHERE id BETWEEN 7713454 AND 7713463
	Index Scan using sbtest2_pkey on sbtest2  (cost=0.43..39.71 rows=9 width=121)
	  Index Cond: ((id >= 7713454) AND (id <= 7713463))

table 3 : explain SELECT c FROM sbtest3 WHERE id BETWEEN 3650552 AND 3650561
	Index Scan using sbtest3_pkey on sbtest3  (cost=0.43..43.70 rows=10 width=121)
	  Index Cond: ((id >= 3650552) AND (id <= 3650561))

table 4 : explain SELECT c FROM sbtest4 WHERE id BETWEEN 8453597 AND 8453606
	Index Scan using sbtest4_pkey on sbtest4  (cost=0.43..43.74 rows=10 width=121)
	  Index Cond: ((id >= 8453597) AND (id <= 8453606))

table 5 : explain SELECT c FROM sbtest5 WHERE id BETWEEN 915610 AND 915619
	Index Scan using sbtest5_pkey on sbtest5  (cost=0.43..43.75 rows=10 width=121)
	  Index Cond: ((id >= 915610) AND (id <= 915619))

table 6 : explain SELECT c FROM sbtest6 WHERE id BETWEEN 9966132 AND 9966141
	Index Scan using sbtest6_pkey on sbtest6  (cost=0.43..43.72 rows=10 width=121)
	  Index Cond: ((id >= 9966132) AND (id <= 9966141))

table 7 : explain SELECT c FROM sbtest7 WHERE id BETWEEN 9580145 AND 9580154
	Index Scan using sbtest7_pkey on sbtest7  (cost=0.43..47.62 rows=11 width=121)
	  Index Cond: ((id >= 9580145) AND (id <= 9580154))

table 8 : explain SELECT c FROM sbtest8 WHERE id BETWEEN 2772321 AND 2772330
	Index Scan using sbtest8_pkey on sbtest8  (cost=0.43..43.76 rows=10 width=121)
	  Index Cond: ((id >= 2772321) AND (id <= 2772330))

for: simple_ranges
table 1 : explain SELECT c FROM sbtest1 WHERE id BETWEEN 6081251 AND 6081260
	Index Scan using sbtest1_pkey on sbtest1  (cost=0.43..43.64 rows=10 width=121)
	  Index Cond: ((id >= 6081251) AND (id <= 6081260))

table 2 : explain SELECT c FROM sbtest2 WHERE id BETWEEN 9483675 AND 9483684
	Index Scan using sbtest2_pkey on sbtest2  (cost=0.43..39.71 rows=9 width=121)
	  Index Cond: ((id >= 9483675) AND (id <= 9483684))

table 3 : explain SELECT c FROM sbtest3 WHERE id BETWEEN 5120686 AND 5120695
	Index Scan using sbtest3_pkey on sbtest3  (cost=0.43..39.79 rows=9 width=121)
	  Index Cond: ((id >= 5120686) AND (id <= 5120695))

table 4 : explain SELECT c FROM sbtest4 WHERE id BETWEEN 167562 AND 167571
	Index Scan using sbtest4_pkey on sbtest4  (cost=0.43..43.74 rows=10 width=121)
	  Index Cond: ((id >= 167562) AND (id <= 167571))

table 5 : explain SELECT c FROM sbtest5 WHERE id BETWEEN 3828313 AND 3828322
	Index Scan using sbtest5_pkey on sbtest5  (cost=0.43..47.68 rows=11 width=121)
	  Index Cond: ((id >= 3828313) AND (id <= 3828322))

table 6 : explain SELECT c FROM sbtest6 WHERE id BETWEEN 7652885 AND 7652894
	Index Scan using sbtest6_pkey on sbtest6  (cost=0.43..43.72 rows=10 width=121)
	  Index Cond: ((id >= 7652885) AND (id <= 7652894))

table 7 : explain SELECT c FROM sbtest7 WHERE id BETWEEN 8277862 AND 8277871
	Index Scan using sbtest7_pkey on sbtest7  (cost=0.43..43.70 rows=10 width=121)
	  Index Cond: ((id >= 8277862) AND (id <= 8277871))

table 8 : explain SELECT c FROM sbtest8 WHERE id BETWEEN 5792756 AND 5792765
	Index Scan using sbtest8_pkey on sbtest8  (cost=0.43..43.76 rows=10 width=121)
	  Index Cond: ((id >= 5792756) AND (id <= 5792765))

for point_selects
table 1 : explain SELECT c FROM sbtest1 WHERE id=9645548
	Index Scan using sbtest1_pkey on sbtest1  (cost=0.43..8.45 rows=1 width=121)
	  Index Cond: (id = 9645548)

table 2 : explain SELECT c FROM sbtest2 WHERE id=4071625
	Index Scan using sbtest2_pkey on sbtest2  (cost=0.43..8.45 rows=1 width=121)
	  Index Cond: (id = 4071625)

table 3 : explain SELECT c FROM sbtest3 WHERE id=7322888
	Index Scan using sbtest3_pkey on sbtest3  (cost=0.43..8.45 rows=1 width=121)
	  Index Cond: (id = 7322888)

table 4 : explain SELECT c FROM sbtest4 WHERE id=2876497
	Index Scan using sbtest4_pkey on sbtest4  (cost=0.43..8.45 rows=1 width=121)
	  Index Cond: (id = 2876497)

table 5 : explain SELECT c FROM sbtest5 WHERE id=2173679
	Index Scan using sbtest5_pkey on sbtest5  (cost=0.43..8.45 rows=1 width=121)
	  Index Cond: (id = 2173679)

table 6 : explain SELECT c FROM sbtest6 WHERE id=9416649
	Index Scan using sbtest6_pkey on sbtest6  (cost=0.43..8.45 rows=1 width=121)
	  Index Cond: (id = 9416649)

table 7 : explain SELECT c FROM sbtest7 WHERE id=7283080
	Index Scan using sbtest7_pkey on sbtest7  (cost=0.43..8.45 rows=1 width=121)
	  Index Cond: (id = 7283080)

table 8 : explain SELECT c FROM sbtest8 WHERE id=272564
	Index Scan using sbtest8_pkey on sbtest8  (cost=0.43..8.45 rows=1 width=121)
	  Index Cond: (id = 272564)

for: simple_ranges
table 1 : explain SELECT c FROM sbtest1 WHERE id BETWEEN 6250733 AND 6250742
	Index Scan using sbtest1_pkey on sbtest1  (cost=0.43..43.64 rows=10 width=121)
	  Index Cond: ((id >= 6250733) AND (id <= 6250742))

table 2 : explain SELECT c FROM sbtest2 WHERE id BETWEEN 3729733 AND 3729742
	Index Scan using sbtest2_pkey on sbtest2  (cost=0.43..43.62 rows=10 width=121)
	  Index Cond: ((id >= 3729733) AND (id <= 3729742))

table 3 : explain SELECT c FROM sbtest3 WHERE id BETWEEN 5899155 AND 5899164
	Index Scan using sbtest3_pkey on sbtest3  (cost=0.43..43.70 rows=10 width=121)
	  Index Cond: ((id >= 5899155) AND (id <= 5899164))

table 4 : explain SELECT c FROM sbtest4 WHERE id BETWEEN 5271255 AND 5271264
	Index Scan using sbtest4_pkey on sbtest4  (cost=0.43..39.82 rows=9 width=121)
	  Index Cond: ((id >= 5271255) AND (id <= 5271264))

table 5 : explain SELECT c FROM sbtest5 WHERE id BETWEEN 3768857 AND 3768866
	Index Scan using sbtest5_pkey on sbtest5  (cost=0.43..51.60 rows=12 width=121)
	  Index Cond: ((id >= 3768857) AND (id <= 3768866))

table 6 : explain SELECT c FROM sbtest6 WHERE id BETWEEN 1862855 AND 1862864
	Index Scan using sbtest6_pkey on sbtest6  (cost=0.43..39.80 rows=9 width=121)
	  Index Cond: ((id >= 1862855) AND (id <= 1862864))

table 7 : explain SELECT c FROM sbtest7 WHERE id BETWEEN 8686976 AND 8686985
	Index Scan using sbtest7_pkey on sbtest7  (cost=0.43..43.70 rows=10 width=121)
	  Index Cond: ((id >= 8686976) AND (id <= 8686985))

table 8 : explain SELECT c FROM sbtest8 WHERE id BETWEEN 9531738 AND 9531747
	Index Scan using sbtest8_pkey on sbtest8  (cost=0.43..47.68 rows=11 width=121)
	  Index Cond: ((id >= 9531738) AND (id <= 9531747))

for: simple_ranges
table 1 : explain SELECT c FROM sbtest1 WHERE id BETWEEN 5212502 AND 5212511
	Index Scan using sbtest1_pkey on sbtest1  (cost=0.43..39.73 rows=9 width=121)
	  Index Cond: ((id >= 5212502) AND (id <= 5212511))

table 2 : explain SELECT c FROM sbtest2 WHERE id BETWEEN 7965350 AND 7965359
	Index Scan using sbtest2_pkey on sbtest2  (cost=0.43..39.71 rows=9 width=121)
	  Index Cond: ((id >= 7965350) AND (id <= 7965359))

table 3 : explain SELECT c FROM sbtest3 WHERE id BETWEEN 2950707 AND 2950716
	Index Scan using sbtest3_pkey on sbtest3  (cost=0.43..43.70 rows=10 width=121)
	  Index Cond: ((id >= 2950707) AND (id <= 2950716))

table 4 : explain SELECT c FROM sbtest4 WHERE id BETWEEN 4352519 AND 4352528
	Index Scan using sbtest4_pkey on sbtest4  (cost=0.43..43.74 rows=10 width=121)
	  Index Cond: ((id >= 4352519) AND (id <= 4352528))

table 5 : explain SELECT c FROM sbtest5 WHERE id BETWEEN 229646 AND 229655
	Index Scan using sbtest5_pkey on sbtest5  (cost=0.43..43.75 rows=10 width=121)
	  Index Cond: ((id >= 229646) AND (id <= 229655))

table 6 : explain SELECT c FROM sbtest6 WHERE id BETWEEN 1770444 AND 1770453
	Index Scan using sbtest6_pkey on sbtest6  (cost=0.43..43.72 rows=10 width=121)
	  Index Cond: ((id >= 1770444) AND (id <= 1770453))

table 7 : explain SELECT c FROM sbtest7 WHERE id BETWEEN 5052347 AND 5052356
	Index Scan using sbtest7_pkey on sbtest7  (cost=0.43..43.70 rows=10 width=121)
	  Index Cond: ((id >= 5052347) AND (id <= 5052356))

table 8 : explain SELECT c FROM sbtest8 WHERE id BETWEEN 2792090 AND 2792099
	Index Scan using sbtest8_pkey on sbtest8  (cost=0.43..43.76 rows=10 width=121)
	  Index Cond: ((id >= 2792090) AND (id <= 2792099))

for: simple_ranges
table 1 : explain SELECT c FROM sbtest1 WHERE id BETWEEN 2158256 AND 2158265
	Index Scan using sbtest1_pkey on sbtest1  (cost=0.43..39.73 rows=9 width=121)
	  Index Cond: ((id >= 2158256) AND (id <= 2158265))

table 2 : explain SELECT c FROM sbtest2 WHERE id BETWEEN 6926361 AND 6926370
	Index Scan using sbtest2_pkey on sbtest2  (cost=0.43..43.62 rows=10 width=121)
	  Index Cond: ((id >= 6926361) AND (id <= 6926370))

table 3 : explain SELECT c FROM sbtest3 WHERE id BETWEEN 1847006 AND 1847015
	Index Scan using sbtest3_pkey on sbtest3  (cost=0.43..43.70 rows=10 width=121)
	  Index Cond: ((id >= 1847006) AND (id <= 1847015))

table 4 : explain SELECT c FROM sbtest4 WHERE id BETWEEN 6282221 AND 6282230
	Index Scan using sbtest4_pkey on sbtest4  (cost=0.43..39.82 rows=9 width=121)
	  Index Cond: ((id >= 6282221) AND (id <= 6282230))

table 5 : explain SELECT c FROM sbtest5 WHERE id BETWEEN 9842374 AND 9842383
	Index Scan using sbtest5_pkey on sbtest5  (cost=0.43..43.75 rows=10 width=121)
	  Index Cond: ((id >= 9842374) AND (id <= 9842383))

table 6 : explain SELECT c FROM sbtest6 WHERE id BETWEEN 1123243 AND 1123252
	Index Scan using sbtest6_pkey on sbtest6  (cost=0.43..39.80 rows=9 width=121)
	  Index Cond: ((id >= 1123243) AND (id <= 1123252))

table 7 : explain SELECT c FROM sbtest7 WHERE id BETWEEN 5800395 AND 5800404
	Index Scan using sbtest7_pkey on sbtest7  (cost=0.43..47.62 rows=11 width=121)
	  Index Cond: ((id >= 5800395) AND (id <= 5800404))

table 8 : explain SELECT c FROM sbtest8 WHERE id BETWEEN 4977660 AND 4977669
	Index Scan using sbtest8_pkey on sbtest8  (cost=0.43..47.68 rows=11 width=121)
	  Index Cond: ((id >= 4977660) AND (id <= 4977669))

for: simple_ranges
table 1 : explain SELECT c FROM sbtest1 WHERE id BETWEEN 6982102 AND 6982111
	Index Scan using sbtest1_pkey on sbtest1  (cost=0.43..47.55 rows=11 width=121)
	  Index Cond: ((id >= 6982102) AND (id <= 6982111))

table 2 : explain SELECT c FROM sbtest2 WHERE id BETWEEN 4891130 AND 4891139
	Index Scan using sbtest2_pkey on sbtest2  (cost=0.43..39.71 rows=9 width=121)
	  Index Cond: ((id >= 4891130) AND (id <= 4891139))

table 3 : explain SELECT c FROM sbtest3 WHERE id BETWEEN 9980105 AND 9980114
	Index Scan using sbtest3_pkey on sbtest3  (cost=0.43..47.62 rows=11 width=121)
	  Index Cond: ((id >= 9980105) AND (id <= 9980114))

table 4 : explain SELECT c FROM sbtest4 WHERE id BETWEEN 8103432 AND 8103441
	Index Scan using sbtest4_pkey on sbtest4  (cost=0.43..43.74 rows=10 width=121)
	  Index Cond: ((id >= 8103432) AND (id <= 8103441))

table 5 : explain SELECT c FROM sbtest5 WHERE id BETWEEN 2509094 AND 2509103
	Index Scan using sbtest5_pkey on sbtest5  (cost=0.43..43.75 rows=10 width=121)
	  Index Cond: ((id >= 2509094) AND (id <= 2509103))

table 6 : explain SELECT c FROM sbtest6 WHERE id BETWEEN 431697 AND 431706
	Index Scan using sbtest6_pkey on sbtest6  (cost=0.43..43.72 rows=10 width=121)
	  Index Cond: ((id >= 431697) AND (id <= 431706))

table 7 : explain SELECT c FROM sbtest7 WHERE id BETWEEN 6441775 AND 6441784
	Index Scan using sbtest7_pkey on sbtest7  (cost=0.43..47.62 rows=11 width=121)
	  Index Cond: ((id >= 6441775) AND (id <= 6441784))

table 8 : explain SELECT c FROM sbtest8 WHERE id BETWEEN 2876530 AND 2876539
	Index Scan using sbtest8_pkey on sbtest8  (cost=0.43..43.76 rows=10 width=121)
	  Index Cond: ((id >= 2876530) AND (id <= 2876539))

for point_selects
table 1 : explain SELECT c FROM sbtest1 WHERE id=3821193
	Index Scan using sbtest1_pkey on sbtest1  (cost=0.43..8.45 rows=1 width=121)
	  Index Cond: (id = 3821193)

table 2 : explain SELECT c FROM sbtest2 WHERE id=2807587
	Index Scan using sbtest2_pkey on sbtest2  (cost=0.43..8.45 rows=1 width=121)
	  Index Cond: (id = 2807587)

table 3 : explain SELECT c FROM sbtest3 WHERE id=986081
	Index Scan using sbtest3_pkey on sbtest3  (cost=0.43..8.45 rows=1 width=121)
	  Index Cond: (id = 986081)

table 4 : explain SELECT c FROM sbtest4 WHERE id=2566060
	Index Scan using sbtest4_pkey on sbtest4  (cost=0.43..8.45 rows=1 width=121)
	  Index Cond: (id = 2566060)

table 5 : explain SELECT c FROM sbtest5 WHERE id=2011187
	Index Scan using sbtest5_pkey on sbtest5  (cost=0.43..8.45 rows=1 width=121)
	  Index Cond: (id = 2011187)

table 6 : explain SELECT c FROM sbtest6 WHERE id=6435101
	Index Scan using sbtest6_pkey on sbtest6  (cost=0.43..8.45 rows=1 width=121)
	  Index Cond: (id = 6435101)

table 7 : explain SELECT c FROM sbtest7 WHERE id=8478905
	Index Scan using sbtest7_pkey on sbtest7  (cost=0.43..8.45 rows=1 width=121)
	  Index Cond: (id = 8478905)

table 8 : explain SELECT c FROM sbtest8 WHERE id=2715834
	Index Scan using sbtest8_pkey on sbtest8  (cost=0.43..8.45 rows=1 width=121)
	  Index Cond: (id = 2715834)

for point_selects
table 1 : explain SELECT c FROM sbtest1 WHERE id=3193116
	Index Scan using sbtest1_pkey on sbtest1  (cost=0.43..8.45 rows=1 width=121)
	  Index Cond: (id = 3193116)

table 2 : explain SELECT c FROM sbtest2 WHERE id=7137496
	Index Scan using sbtest2_pkey on sbtest2  (cost=0.43..8.45 rows=1 width=121)
	  Index Cond: (id = 7137496)

table 3 : explain SELECT c FROM sbtest3 WHERE id=5699000
	Index Scan using sbtest3_pkey on sbtest3  (cost=0.43..8.45 rows=1 width=121)
	  Index Cond: (id = 5699000)

table 4 : explain SELECT c FROM sbtest4 WHERE id=3593208
	Index Scan using sbtest4_pkey on sbtest4  (cost=0.43..8.45 rows=1 width=121)
	  Index Cond: (id = 3593208)

table 5 : explain SELECT c FROM sbtest5 WHERE id=6819938
	Index Scan using sbtest5_pkey on sbtest5  (cost=0.43..8.45 rows=1 width=121)
	  Index Cond: (id = 6819938)

table 6 : explain SELECT c FROM sbtest6 WHERE id=5330325
	Index Scan using sbtest6_pkey on sbtest6  (cost=0.43..8.45 rows=1 width=121)
	  Index Cond: (id = 5330325)

table 7 : explain SELECT c FROM sbtest7 WHERE id=2967520
	Index Scan using sbtest7_pkey on sbtest7  (cost=0.43..8.45 rows=1 width=121)
	  Index Cond: (id = 2967520)

table 8 : explain SELECT c FROM sbtest8 WHERE id=266147
	Index Scan using sbtest8_pkey on sbtest8  (cost=0.43..8.45 rows=1 width=121)
	  Index Cond: (id = 266147)

for point_selects
table 1 : explain SELECT c FROM sbtest1 WHERE id=3920312
	Index Scan using sbtest1_pkey on sbtest1  (cost=0.43..8.45 rows=1 width=121)
	  Index Cond: (id = 3920312)

table 2 : explain SELECT c FROM sbtest2 WHERE id=6747896
	Index Scan using sbtest2_pkey on sbtest2  (cost=0.43..8.45 rows=1 width=121)
	  Index Cond: (id = 6747896)

table 3 : explain SELECT c FROM sbtest3 WHERE id=7954036
	Index Scan using sbtest3_pkey on sbtest3  (cost=0.43..8.45 rows=1 width=121)
	  Index Cond: (id = 7954036)

table 4 : explain SELECT c FROM sbtest4 WHERE id=7776717
	Index Scan using sbtest4_pkey on sbtest4  (cost=0.43..8.45 rows=1 width=121)
	  Index Cond: (id = 7776717)

table 5 : explain SELECT c FROM sbtest5 WHERE id=7594602
	Index Scan using sbtest5_pkey on sbtest5  (cost=0.43..8.45 rows=1 width=121)
	  Index Cond: (id = 7594602)

table 6 : explain SELECT c FROM sbtest6 WHERE id=4904105
	Index Scan using sbtest6_pkey on sbtest6  (cost=0.43..8.45 rows=1 width=121)
	  Index Cond: (id = 4904105)

table 7 : explain SELECT c FROM sbtest7 WHERE id=7777652
	Index Scan using sbtest7_pkey on sbtest7  (cost=0.43..8.45 rows=1 width=121)
	  Index Cond: (id = 7777652)

table 8 : explain SELECT c FROM sbtest8 WHERE id=5995368
	Index Scan using sbtest8_pkey on sbtest8  (cost=0.43..8.45 rows=1 width=121)
	  Index Cond: (id = 5995368)

for point_selects
table 1 : explain SELECT c FROM sbtest1 WHERE id=9596738
	Index Scan using sbtest1_pkey on sbtest1  (cost=0.43..8.45 rows=1 width=121)
	  Index Cond: (id = 9596738)

table 2 : explain SELECT c FROM sbtest2 WHERE id=2196254
	Index Scan using sbtest2_pkey on sbtest2  (cost=0.43..8.45 rows=1 width=121)
	  Index Cond: (id = 2196254)

table 3 : explain SELECT c FROM sbtest3 WHERE id=2781696
	Index Scan using sbtest3_pkey on sbtest3  (cost=0.43..8.45 rows=1 width=121)
	  Index Cond: (id = 2781696)

table 4 : explain SELECT c FROM sbtest4 WHERE id=1998637
	Index Scan using sbtest4_pkey on sbtest4  (cost=0.43..8.45 rows=1 width=121)
	  Index Cond: (id = 1998637)

table 5 : explain SELECT c FROM sbtest5 WHERE id=8097182
	Index Scan using sbtest5_pkey on sbtest5  (cost=0.43..8.45 rows=1 width=121)
	  Index Cond: (id = 8097182)

table 6 : explain SELECT c FROM sbtest6 WHERE id=5263668
	Index Scan using sbtest6_pkey on sbtest6  (cost=0.43..8.45 rows=1 width=121)
	  Index Cond: (id = 5263668)

table 7 : explain SELECT c FROM sbtest7 WHERE id=2440528
	Index Scan using sbtest7_pkey on sbtest7  (cost=0.43..8.45 rows=1 width=121)
	  Index Cond: (id = 2440528)

table 8 : explain SELECT c FROM sbtest8 WHERE id=8075481
	Index Scan using sbtest8_pkey on sbtest8  (cost=0.43..8.45 rows=1 width=121)
	  Index Cond: (id = 8075481)

for: sum_ranges
table 1 : explain SELECT SUM(k) FROM sbtest1 WHERE id BETWEEN 5408542 AND 5408551
	Aggregate  (cost=47.57..47.58 rows=1 width=8)
	  ->  Index Scan using sbtest1_pkey on sbtest1  (cost=0.43..47.55 rows=11 width=4)
	        Index Cond: ((id >= 5408542) AND (id <= 5408551))

table 2 : explain SELECT SUM(k) FROM sbtest2 WHERE id BETWEEN 7703623 AND 7703632
	Aggregate  (cost=39.74..39.75 rows=1 width=8)
	  ->  Index Scan using sbtest2_pkey on sbtest2  (cost=0.43..39.71 rows=9 width=4)
	        Index Cond: ((id >= 7703623) AND (id <= 7703632))

table 3 : explain SELECT SUM(k) FROM sbtest3 WHERE id BETWEEN 9396243 AND 9396252
	Aggregate  (cost=39.81..39.82 rows=1 width=8)
	  ->  Index Scan using sbtest3_pkey on sbtest3  (cost=0.43..39.79 rows=9 width=4)
	        Index Cond: ((id >= 9396243) AND (id <= 9396252))

table 4 : explain SELECT SUM(k) FROM sbtest4 WHERE id BETWEEN 5277839 AND 5277848
	Aggregate  (cost=39.84..39.85 rows=1 width=8)
	  ->  Index Scan using sbtest4_pkey on sbtest4  (cost=0.43..39.82 rows=9 width=4)
	        Index Cond: ((id >= 5277839) AND (id <= 5277848))

table 5 : explain SELECT SUM(k) FROM sbtest5 WHERE id BETWEEN 7597437 AND 7597446
	Aggregate  (cost=43.78..43.79 rows=1 width=8)
	  ->  Index Scan using sbtest5_pkey on sbtest5  (cost=0.43..43.75 rows=10 width=4)
	        Index Cond: ((id >= 7597437) AND (id <= 7597446))

table 6 : explain SELECT SUM(k) FROM sbtest6 WHERE id BETWEEN 3616848 AND 3616857
	Aggregate  (cost=43.74..43.75 rows=1 width=8)
	  ->  Index Scan using sbtest6_pkey on sbtest6  (cost=0.43..43.72 rows=10 width=4)
	        Index Cond: ((id >= 3616848) AND (id <= 3616857))

table 7 : explain SELECT SUM(k) FROM sbtest7 WHERE id BETWEEN 6592256 AND 6592265
	Aggregate  (cost=39.81..39.82 rows=1 width=8)
	  ->  Index Scan using sbtest7_pkey on sbtest7  (cost=0.43..39.78 rows=9 width=4)
	        Index Cond: ((id >= 6592256) AND (id <= 6592265))

table 8 : explain SELECT SUM(k) FROM sbtest8 WHERE id BETWEEN 2178479 AND 2178488
	Aggregate  (cost=47.71..47.72 rows=1 width=8)
	  ->  Index Scan using sbtest8_pkey on sbtest8  (cost=0.43..47.68 rows=11 width=4)
	        Index Cond: ((id >= 2178479) AND (id <= 2178488))

for: sum_ranges
table 1 : explain SELECT SUM(k) FROM sbtest1 WHERE id BETWEEN 230859 AND 230868
	Aggregate  (cost=39.75..39.76 rows=1 width=8)
	  ->  Index Scan using sbtest1_pkey on sbtest1  (cost=0.43..39.73 rows=9 width=4)
	        Index Cond: ((id >= 230859) AND (id <= 230868))

table 2 : explain SELECT SUM(k) FROM sbtest2 WHERE id BETWEEN 3188551 AND 3188560
	Aggregate  (cost=43.65..43.66 rows=1 width=8)
	  ->  Index Scan using sbtest2_pkey on sbtest2  (cost=0.43..43.62 rows=10 width=4)
	        Index Cond: ((id >= 3188551) AND (id <= 3188560))

table 3 : explain SELECT SUM(k) FROM sbtest3 WHERE id BETWEEN 7955053 AND 7955062
	Aggregate  (cost=43.73..43.74 rows=1 width=8)
	  ->  Index Scan using sbtest3_pkey on sbtest3  (cost=0.43..43.70 rows=10 width=4)
	        Index Cond: ((id >= 7955053) AND (id <= 7955062))

table 4 : explain SELECT SUM(k) FROM sbtest4 WHERE id BETWEEN 6876886 AND 6876895
	Aggregate  (cost=43.76..43.77 rows=1 width=8)
	  ->  Index Scan using sbtest4_pkey on sbtest4  (cost=0.43..43.74 rows=10 width=4)
	        Index Cond: ((id >= 6876886) AND (id <= 6876895))

table 5 : explain SELECT SUM(k) FROM sbtest5 WHERE id BETWEEN 485014 AND 485023
	Aggregate  (cost=43.78..43.79 rows=1 width=8)
	  ->  Index Scan using sbtest5_pkey on sbtest5  (cost=0.43..43.75 rows=10 width=4)
	        Index Cond: ((id >= 485014) AND (id <= 485023))

table 6 : explain SELECT SUM(k) FROM sbtest6 WHERE id BETWEEN 3532903 AND 3532912
	Aggregate  (cost=39.82..39.83 rows=1 width=8)
	  ->  Index Scan using sbtest6_pkey on sbtest6  (cost=0.43..39.80 rows=9 width=4)
	        Index Cond: ((id >= 3532903) AND (id <= 3532912))

table 7 : explain SELECT SUM(k) FROM sbtest7 WHERE id BETWEEN 2341373 AND 2341382
	Aggregate  (cost=43.72..43.73 rows=1 width=8)
	  ->  Index Scan using sbtest7_pkey on sbtest7  (cost=0.43..43.70 rows=10 width=4)
	        Index Cond: ((id >= 2341373) AND (id <= 2341382))

table 8 : explain SELECT SUM(k) FROM sbtest8 WHERE id BETWEEN 7383489 AND 7383498
	Aggregate  (cost=39.86..39.87 rows=1 width=8)
	  ->  Index Scan using sbtest8_pkey on sbtest8  (cost=0.43..39.83 rows=9 width=4)
	        Index Cond: ((id >= 7383489) AND (id <= 7383498))

for: sum_ranges
table 1 : explain SELECT SUM(k) FROM sbtest1 WHERE id BETWEEN 7678973 AND 7678982
	Aggregate  (cost=43.66..43.67 rows=1 width=8)
	  ->  Index Scan using sbtest1_pkey on sbtest1  (cost=0.43..43.64 rows=10 width=4)
	        Index Cond: ((id >= 7678973) AND (id <= 7678982))

table 2 : explain SELECT SUM(k) FROM sbtest2 WHERE id BETWEEN 2716804 AND 2716813
	Aggregate  (cost=43.65..43.66 rows=1 width=8)
	  ->  Index Scan using sbtest2_pkey on sbtest2  (cost=0.43..43.62 rows=10 width=4)
	        Index Cond: ((id >= 2716804) AND (id <= 2716813))

table 3 : explain SELECT SUM(k) FROM sbtest3 WHERE id BETWEEN 3221783 AND 3221792
	Aggregate  (cost=47.65..47.66 rows=1 width=8)
	  ->  Index Scan using sbtest3_pkey on sbtest3  (cost=0.43..47.62 rows=11 width=4)
	        Index Cond: ((id >= 3221783) AND (id <= 3221792))

table 4 : explain SELECT SUM(k) FROM sbtest4 WHERE id BETWEEN 4392001 AND 4392010
	Aggregate  (cost=43.76..43.77 rows=1 width=8)
	  ->  Index Scan using sbtest4_pkey on sbtest4  (cost=0.43..43.74 rows=10 width=4)
	        Index Cond: ((id >= 4392001) AND (id <= 4392010))

table 5 : explain SELECT SUM(k) FROM sbtest5 WHERE id BETWEEN 7085433 AND 7085442
	Aggregate  (cost=43.78..43.79 rows=1 width=8)
	  ->  Index Scan using sbtest5_pkey on sbtest5  (cost=0.43..43.75 rows=10 width=4)
	        Index Cond: ((id >= 7085433) AND (id <= 7085442))

table 6 : explain SELECT SUM(k) FROM sbtest6 WHERE id BETWEEN 6319398 AND 6319407
	Aggregate  (cost=43.74..43.75 rows=1 width=8)
	  ->  Index Scan using sbtest6_pkey on sbtest6  (cost=0.43..43.72 rows=10 width=4)
	        Index Cond: ((id >= 6319398) AND (id <= 6319407))

table 7 : explain SELECT SUM(k) FROM sbtest7 WHERE id BETWEEN 757886 AND 757895
	Aggregate  (cost=47.64..47.65 rows=1 width=8)
	  ->  Index Scan using sbtest7_pkey on sbtest7  (cost=0.43..47.62 rows=11 width=4)
	        Index Cond: ((id >= 757886) AND (id <= 757895))

table 8 : explain SELECT SUM(k) FROM sbtest8 WHERE id BETWEEN 5335116 AND 5335125
	Aggregate  (cost=47.71..47.72 rows=1 width=8)
	  ->  Index Scan using sbtest8_pkey on sbtest8  (cost=0.43..47.68 rows=11 width=4)
	        Index Cond: ((id >= 5335116) AND (id <= 5335125))

for: sum_ranges
table 1 : explain SELECT SUM(k) FROM sbtest1 WHERE id BETWEEN 5172253 AND 5172262
	Aggregate  (cost=39.75..39.76 rows=1 width=8)
	  ->  Index Scan using sbtest1_pkey on sbtest1  (cost=0.43..39.73 rows=9 width=4)
	        Index Cond: ((id >= 5172253) AND (id <= 5172262))

table 2 : explain SELECT SUM(k) FROM sbtest2 WHERE id BETWEEN 8832300 AND 8832309
	Aggregate  (cost=43.65..43.66 rows=1 width=8)
	  ->  Index Scan using sbtest2_pkey on sbtest2  (cost=0.43..43.62 rows=10 width=4)
	        Index Cond: ((id >= 8832300) AND (id <= 8832309))

table 3 : explain SELECT SUM(k) FROM sbtest3 WHERE id BETWEEN 8193573 AND 8193582
	Aggregate  (cost=47.65..47.66 rows=1 width=8)
	  ->  Index Scan using sbtest3_pkey on sbtest3  (cost=0.43..47.62 rows=11 width=4)
	        Index Cond: ((id >= 8193573) AND (id <= 8193582))

table 4 : explain SELECT SUM(k) FROM sbtest4 WHERE id BETWEEN 4780581 AND 4780590
	Aggregate  (cost=39.84..39.85 rows=1 width=8)
	  ->  Index Scan using sbtest4_pkey on sbtest4  (cost=0.43..39.82 rows=9 width=4)
	        Index Cond: ((id >= 4780581) AND (id <= 4780590))

table 5 : explain SELECT SUM(k) FROM sbtest5 WHERE id BETWEEN 9127498 AND 9127507
	Aggregate  (cost=43.78..43.79 rows=1 width=8)
	  ->  Index Scan using sbtest5_pkey on sbtest5  (cost=0.43..43.75 rows=10 width=4)
	        Index Cond: ((id >= 9127498) AND (id <= 9127507))

table 6 : explain SELECT SUM(k) FROM sbtest6 WHERE id BETWEEN 712251 AND 712260
	Aggregate  (cost=47.66..47.67 rows=1 width=8)
	  ->  Index Scan using sbtest6_pkey on sbtest6  (cost=0.43..47.64 rows=11 width=4)
	        Index Cond: ((id >= 712251) AND (id <= 712260))

table 7 : explain SELECT SUM(k) FROM sbtest7 WHERE id BETWEEN 2802682 AND 2802691
	Aggregate  (cost=47.64..47.65 rows=1 width=8)
	  ->  Index Scan using sbtest7_pkey on sbtest7  (cost=0.43..47.62 rows=11 width=4)
	        Index Cond: ((id >= 2802682) AND (id <= 2802691))

table 8 : explain SELECT SUM(k) FROM sbtest8 WHERE id BETWEEN 7844692 AND 7844701
	Aggregate  (cost=47.71..47.72 rows=1 width=8)
	  ->  Index Scan using sbtest8_pkey on sbtest8  (cost=0.43..47.68 rows=11 width=4)
	        Index Cond: ((id >= 7844692) AND (id <= 7844701))

for: sum_ranges
table 1 : explain SELECT SUM(k) FROM sbtest1 WHERE id BETWEEN 7358848 AND 7358857
	Aggregate  (cost=43.66..43.67 rows=1 width=8)
	  ->  Index Scan using sbtest1_pkey on sbtest1  (cost=0.43..43.64 rows=10 width=4)
	        Index Cond: ((id >= 7358848) AND (id <= 7358857))

table 2 : explain SELECT SUM(k) FROM sbtest2 WHERE id BETWEEN 6300936 AND 6300945
	Aggregate  (cost=43.65..43.66 rows=1 width=8)
	  ->  Index Scan using sbtest2_pkey on sbtest2  (cost=0.43..43.62 rows=10 width=4)
	        Index Cond: ((id >= 6300936) AND (id <= 6300945))

table 3 : explain SELECT SUM(k) FROM sbtest3 WHERE id BETWEEN 3866180 AND 3866189
	Aggregate  (cost=47.65..47.66 rows=1 width=8)
	  ->  Index Scan using sbtest3_pkey on sbtest3  (cost=0.43..47.62 rows=11 width=4)
	        Index Cond: ((id >= 3866180) AND (id <= 3866189))

table 4 : explain SELECT SUM(k) FROM sbtest4 WHERE id BETWEEN 6319464 AND 6319473
	Aggregate  (cost=43.76..43.77 rows=1 width=8)
	  ->  Index Scan using sbtest4_pkey on sbtest4  (cost=0.43..43.74 rows=10 width=4)
	        Index Cond: ((id >= 6319464) AND (id <= 6319473))

table 5 : explain SELECT SUM(k) FROM sbtest5 WHERE id BETWEEN 7784247 AND 7784256
	Aggregate  (cost=39.85..39.86 rows=1 width=8)
	  ->  Index Scan using sbtest5_pkey on sbtest5  (cost=0.43..39.83 rows=9 width=4)
	        Index Cond: ((id >= 7784247) AND (id <= 7784256))

table 6 : explain SELECT SUM(k) FROM sbtest6 WHERE id BETWEEN 25054 AND 25063
	Aggregate  (cost=43.74..43.75 rows=1 width=8)
	  ->  Index Scan using sbtest6_pkey on sbtest6  (cost=0.43..43.72 rows=10 width=4)
	        Index Cond: ((id >= 25054) AND (id <= 25063))

table 7 : explain SELECT SUM(k) FROM sbtest7 WHERE id BETWEEN 5921892 AND 5921901
	Aggregate  (cost=47.64..47.65 rows=1 width=8)
	  ->  Index Scan using sbtest7_pkey on sbtest7  (cost=0.43..47.62 rows=11 width=4)
	        Index Cond: ((id >= 5921892) AND (id <= 5921901))

table 8 : explain SELECT SUM(k) FROM sbtest8 WHERE id BETWEEN 3012755 AND 3012764
	Aggregate  (cost=43.78..43.79 rows=1 width=8)
	  ->  Index Scan using sbtest8_pkey on sbtest8  (cost=0.43..43.76 rows=10 width=4)
	        Index Cond: ((id >= 3012755) AND (id <= 3012764))

for: sum_ranges
table 1 : explain SELECT SUM(k) FROM sbtest1 WHERE id BETWEEN 9167438 AND 9167447
	Aggregate  (cost=43.66..43.67 rows=1 width=8)
	  ->  Index Scan using sbtest1_pkey on sbtest1  (cost=0.43..43.64 rows=10 width=4)
	        Index Cond: ((id >= 9167438) AND (id <= 9167447))

table 2 : explain SELECT SUM(k) FROM sbtest2 WHERE id BETWEEN 8852510 AND 8852519
	Aggregate  (cost=43.65..43.66 rows=1 width=8)
	  ->  Index Scan using sbtest2_pkey on sbtest2  (cost=0.43..43.62 rows=10 width=4)
	        Index Cond: ((id >= 8852510) AND (id <= 8852519))

table 3 : explain SELECT SUM(k) FROM sbtest3 WHERE id BETWEEN 1550990 AND 1550999
	Aggregate  (cost=43.73..43.74 rows=1 width=8)
	  ->  Index Scan using sbtest3_pkey on sbtest3  (cost=0.43..43.70 rows=10 width=4)
	        Index Cond: ((id >= 1550990) AND (id <= 1550999))

table 4 : explain SELECT SUM(k) FROM sbtest4 WHERE id BETWEEN 1472684 AND 1472693
	Aggregate  (cost=43.76..43.77 rows=1 width=8)
	  ->  Index Scan using sbtest4_pkey on sbtest4  (cost=0.43..43.74 rows=10 width=4)
	        Index Cond: ((id >= 1472684) AND (id <= 1472693))

table 5 : explain SELECT SUM(k) FROM sbtest5 WHERE id BETWEEN 9755145 AND 9755154
	Aggregate  (cost=43.78..43.79 rows=1 width=8)
	  ->  Index Scan using sbtest5_pkey on sbtest5  (cost=0.43..43.75 rows=10 width=4)
	        Index Cond: ((id >= 9755145) AND (id <= 9755154))

table 6 : explain SELECT SUM(k) FROM sbtest6 WHERE id BETWEEN 4169453 AND 4169462
	Aggregate  (cost=43.74..43.75 rows=1 width=8)
	  ->  Index Scan using sbtest6_pkey on sbtest6  (cost=0.43..43.72 rows=10 width=4)
	        Index Cond: ((id >= 4169453) AND (id <= 4169462))

table 7 : explain SELECT SUM(k) FROM sbtest7 WHERE id BETWEEN 6124043 AND 6124052
	Aggregate  (cost=47.64..47.65 rows=1 width=8)
	  ->  Index Scan using sbtest7_pkey on sbtest7  (cost=0.43..47.62 rows=11 width=4)
	        Index Cond: ((id >= 6124043) AND (id <= 6124052))

table 8 : explain SELECT SUM(k) FROM sbtest8 WHERE id BETWEEN 5734116 AND 5734125
	Aggregate  (cost=43.78..43.79 rows=1 width=8)
	  ->  Index Scan using sbtest8_pkey on sbtest8  (cost=0.43..43.76 rows=10 width=4)
	        Index Cond: ((id >= 5734116) AND (id <= 5734125))

for: simple_ranges
table 1 : explain SELECT c FROM sbtest1 WHERE id BETWEEN 7787916 AND 7787925
	Index Scan using sbtest1_pkey on sbtest1  (cost=0.43..43.64 rows=10 width=121)
	  Index Cond: ((id >= 7787916) AND (id <= 7787925))

table 2 : explain SELECT c FROM sbtest2 WHERE id BETWEEN 7785494 AND 7785503
	Index Scan using sbtest2_pkey on sbtest2  (cost=0.43..47.53 rows=11 width=121)
	  Index Cond: ((id >= 7785494) AND (id <= 7785503))

table 3 : explain SELECT c FROM sbtest3 WHERE id BETWEEN 8577051 AND 8577060
	Index Scan using sbtest3_pkey on sbtest3  (cost=0.43..47.62 rows=11 width=121)
	  Index Cond: ((id >= 8577051) AND (id <= 8577060))

table 4 : explain SELECT c FROM sbtest4 WHERE id BETWEEN 3838353 AND 3838362
	Index Scan using sbtest4_pkey on sbtest4  (cost=0.43..39.82 rows=9 width=121)
	  Index Cond: ((id >= 3838353) AND (id <= 3838362))

table 5 : explain SELECT c FROM sbtest5 WHERE id BETWEEN 7062908 AND 7062917
	Index Scan using sbtest5_pkey on sbtest5  (cost=0.43..43.75 rows=10 width=121)
	  Index Cond: ((id >= 7062908) AND (id <= 7062917))

table 6 : explain SELECT c FROM sbtest6 WHERE id BETWEEN 9470652 AND 9470661
	Index Scan using sbtest6_pkey on sbtest6  (cost=0.43..43.72 rows=10 width=121)
	  Index Cond: ((id >= 9470652) AND (id <= 9470661))

table 7 : explain SELECT c FROM sbtest7 WHERE id BETWEEN 8960275 AND 8960284
	Index Scan using sbtest7_pkey on sbtest7  (cost=0.43..43.70 rows=10 width=121)
	  Index Cond: ((id >= 8960275) AND (id <= 8960284))

table 8 : explain SELECT c FROM sbtest8 WHERE id BETWEEN 5897631 AND 5897640
	Index Scan using sbtest8_pkey on sbtest8  (cost=0.43..43.76 rows=10 width=121)
	  Index Cond: ((id >= 5897631) AND (id <= 5897640))

for: sum_ranges
table 1 : explain SELECT SUM(k) FROM sbtest1 WHERE id BETWEEN 3021432 AND 3021441
	Aggregate  (cost=43.66..43.67 rows=1 width=8)
	  ->  Index Scan using sbtest1_pkey on sbtest1  (cost=0.43..43.64 rows=10 width=4)
	        Index Cond: ((id >= 3021432) AND (id <= 3021441))

table 2 : explain SELECT SUM(k) FROM sbtest2 WHERE id BETWEEN 6368357 AND 6368366
	Aggregate  (cost=43.65..43.66 rows=1 width=8)
	  ->  Index Scan using sbtest2_pkey on sbtest2  (cost=0.43..43.62 rows=10 width=4)
	        Index Cond: ((id >= 6368357) AND (id <= 6368366))

table 3 : explain SELECT SUM(k) FROM sbtest3 WHERE id BETWEEN 8405 AND 8414
	Aggregate  (cost=51.57..51.58 rows=1 width=8)
	  ->  Index Scan using sbtest3_pkey on sbtest3  (cost=0.43..51.54 rows=12 width=4)
	        Index Cond: ((id >= 8405) AND (id <= 8414))

table 4 : explain SELECT SUM(k) FROM sbtest4 WHERE id BETWEEN 829012 AND 829021
	Aggregate  (cost=43.76..43.77 rows=1 width=8)
	  ->  Index Scan using sbtest4_pkey on sbtest4  (cost=0.43..43.74 rows=10 width=4)
	        Index Cond: ((id >= 829012) AND (id <= 829021))

table 5 : explain SELECT SUM(k) FROM sbtest5 WHERE id BETWEEN 7818525 AND 7818534
	Aggregate  (cost=39.85..39.86 rows=1 width=8)
	  ->  Index Scan using sbtest5_pkey on sbtest5  (cost=0.43..39.83 rows=9 width=4)
	        Index Cond: ((id >= 7818525) AND (id <= 7818534))

table 6 : explain SELECT SUM(k) FROM sbtest6 WHERE id BETWEEN 622705 AND 622714
	Aggregate  (cost=43.74..43.75 rows=1 width=8)
	  ->  Index Scan using sbtest6_pkey on sbtest6  (cost=0.43..43.72 rows=10 width=4)
	        Index Cond: ((id >= 622705) AND (id <= 622714))

table 7 : explain SELECT SUM(k) FROM sbtest7 WHERE id BETWEEN 8866120 AND 8866129
	Aggregate  (cost=43.72..43.73 rows=1 width=8)
	  ->  Index Scan using sbtest7_pkey on sbtest7  (cost=0.43..43.70 rows=10 width=4)
	        Index Cond: ((id >= 8866120) AND (id <= 8866129))

table 8 : explain SELECT SUM(k) FROM sbtest8 WHERE id BETWEEN 7223100 AND 7223109
	Aggregate  (cost=43.78..43.79 rows=1 width=8)
	  ->  Index Scan using sbtest8_pkey on sbtest8  (cost=0.43..43.76 rows=10 width=4)
	        Index Cond: ((id >= 7223100) AND (id <= 7223109))

for: simple_ranges
table 1 : explain SELECT c FROM sbtest1 WHERE id BETWEEN 7808611 AND 7808620
	Index Scan using sbtest1_pkey on sbtest1  (cost=0.43..43.64 rows=10 width=121)
	  Index Cond: ((id >= 7808611) AND (id <= 7808620))

table 2 : explain SELECT c FROM sbtest2 WHERE id BETWEEN 3506317 AND 3506326
	Index Scan using sbtest2_pkey on sbtest2  (cost=0.43..43.62 rows=10 width=121)
	  Index Cond: ((id >= 3506317) AND (id <= 3506326))

table 3 : explain SELECT c FROM sbtest3 WHERE id BETWEEN 5868213 AND 5868222
	Index Scan using sbtest3_pkey on sbtest3  (cost=0.43..43.70 rows=10 width=121)
	  Index Cond: ((id >= 5868213) AND (id <= 5868222))

table 4 : explain SELECT c FROM sbtest4 WHERE id BETWEEN 5157902 AND 5157911
	Index Scan using sbtest4_pkey on sbtest4  (cost=0.43..43.74 rows=10 width=121)
	  Index Cond: ((id >= 5157902) AND (id <= 5157911))

table 5 : explain SELECT c FROM sbtest5 WHERE id BETWEEN 9705893 AND 9705902
	Index Scan using sbtest5_pkey on sbtest5  (cost=0.43..43.75 rows=10 width=121)
	  Index Cond: ((id >= 9705893) AND (id <= 9705902))

table 6 : explain SELECT c FROM sbtest6 WHERE id BETWEEN 6452084 AND 6452093
	Index Scan using sbtest6_pkey on sbtest6  (cost=0.43..43.72 rows=10 width=121)
	  Index Cond: ((id >= 6452084) AND (id <= 6452093))

table 7 : explain SELECT c FROM sbtest7 WHERE id BETWEEN 4550952 AND 4550961
	Index Scan using sbtest7_pkey on sbtest7  (cost=0.43..43.70 rows=10 width=121)
	  Index Cond: ((id >= 4550952) AND (id <= 4550961))

table 8 : explain SELECT c FROM sbtest8 WHERE id BETWEEN 7658961 AND 7658970
	Index Scan using sbtest8_pkey on sbtest8  (cost=0.43..43.76 rows=10 width=121)
	  Index Cond: ((id >= 7658961) AND (id <= 7658970))

for: simple_ranges
table 1 : explain SELECT c FROM sbtest1 WHERE id BETWEEN 4569169 AND 4569178
	Index Scan using sbtest1_pkey on sbtest1  (cost=0.43..39.73 rows=9 width=121)
	  Index Cond: ((id >= 4569169) AND (id <= 4569178))

table 2 : explain SELECT c FROM sbtest2 WHERE id BETWEEN 5664428 AND 5664437
	Index Scan using sbtest2_pkey on sbtest2  (cost=0.43..43.62 rows=10 width=121)
	  Index Cond: ((id >= 5664428) AND (id <= 5664437))

table 3 : explain SELECT c FROM sbtest3 WHERE id BETWEEN 6981497 AND 6981506
	Index Scan using sbtest3_pkey on sbtest3  (cost=0.43..43.70 rows=10 width=121)
	  Index Cond: ((id >= 6981497) AND (id <= 6981506))

table 4 : explain SELECT c FROM sbtest4 WHERE id BETWEEN 5874672 AND 5874681
	Index Scan using sbtest4_pkey on sbtest4  (cost=0.43..47.66 rows=11 width=121)
	  Index Cond: ((id >= 5874672) AND (id <= 5874681))

table 5 : explain SELECT c FROM sbtest5 WHERE id BETWEEN 6847826 AND 6847835
	Index Scan using sbtest5_pkey on sbtest5  (cost=0.43..43.75 rows=10 width=121)
	  Index Cond: ((id >= 6847826) AND (id <= 6847835))

table 6 : explain SELECT c FROM sbtest6 WHERE id BETWEEN 5143199 AND 5143208
	Index Scan using sbtest6_pkey on sbtest6  (cost=0.43..39.80 rows=9 width=121)
	  Index Cond: ((id >= 5143199) AND (id <= 5143208))

table 7 : explain SELECT c FROM sbtest7 WHERE id BETWEEN 5382793 AND 5382802
	Index Scan using sbtest7_pkey on sbtest7  (cost=0.43..43.70 rows=10 width=121)
	  Index Cond: ((id >= 5382793) AND (id <= 5382802))

table 8 : explain SELECT c FROM sbtest8 WHERE id BETWEEN 6875934 AND 6875943
	Index Scan using sbtest8_pkey on sbtest8  (cost=0.43..43.76 rows=10 width=121)
	  Index Cond: ((id >= 6875934) AND (id <= 6875943))
for: simple_ranges
table 1 : explain SELECT c FROM sbtest1 WHERE id BETWEEN 1772534 AND 1772543
	Index Scan using sbtest1_pkey on sbtest1  (cost=0.43..43.64 rows=10 width=121)
	  Index Cond: ((id >= 1772534) AND (id <= 1772543))

table 2 : explain SELECT c FROM sbtest2 WHERE id BETWEEN 9864577 AND 9864586
	Index Scan using sbtest2_pkey on sbtest2  (cost=0.43..43.62 rows=10 width=121)
	  Index Cond: ((id >= 9864577) AND (id <= 9864586))

table 3 : explain SELECT c FROM sbtest3 WHERE id BETWEEN 765336 AND 765345
	Index Scan using sbtest3_pkey on sbtest3  (cost=0.43..39.79 rows=9 width=121)
	  Index Cond: ((id >= 765336) AND (id <= 765345))

table 4 : explain SELECT c FROM sbtest4 WHERE id BETWEEN 6700585 AND 6700594
	Index Scan using sbtest4_pkey on sbtest4  (cost=0.43..43.74 rows=10 width=121)
	  Index Cond: ((id >= 6700585) AND (id <= 6700594))

table 5 : explain SELECT c FROM sbtest5 WHERE id BETWEEN 9925505 AND 9925514
	Index Scan using sbtest5_pkey on sbtest5  (cost=0.43..43.75 rows=10 width=121)
	  Index Cond: ((id >= 9925505) AND (id <= 9925514))

table 6 : explain SELECT c FROM sbtest6 WHERE id BETWEEN 5565998 AND 5566007
	Index Scan using sbtest6_pkey on sbtest6  (cost=0.43..43.72 rows=10 width=121)
	  Index Cond: ((id >= 5565998) AND (id <= 5566007))

table 7 : explain SELECT c FROM sbtest7 WHERE id BETWEEN 4133485 AND 4133494
	Index Scan using sbtest7_pkey on sbtest7  (cost=0.43..43.70 rows=10 width=121)
	  Index Cond: ((id >= 4133485) AND (id <= 4133494))

table 8 : explain SELECT c FROM sbtest8 WHERE id BETWEEN 1923333 AND 1923342
	Index Scan using sbtest8_pkey on sbtest8  (cost=0.43..43.76 rows=10 width=121)
	  Index Cond: ((id >= 1923333) AND (id <= 1923342))

for: simple_ranges
table 1 : explain SELECT c FROM sbtest1 WHERE id BETWEEN 8069146 AND 8069155
	Index Scan using sbtest1_pkey on sbtest1  (cost=0.43..47.55 rows=11 width=121)
	  Index Cond: ((id >= 8069146) AND (id <= 8069155))

table 2 : explain SELECT c FROM sbtest2 WHERE id BETWEEN 3294953 AND 3294962
	Index Scan using sbtest2_pkey on sbtest2  (cost=0.43..43.62 rows=10 width=121)
	  Index Cond: ((id >= 3294953) AND (id <= 3294962))

table 3 : explain SELECT c FROM sbtest3 WHERE id BETWEEN 119653 AND 119662
	Index Scan using sbtest3_pkey on sbtest3  (cost=0.43..43.70 rows=10 width=121)
	  Index Cond: ((id >= 119653) AND (id <= 119662))

table 4 : explain SELECT c FROM sbtest4 WHERE id BETWEEN 3292045 AND 3292054
	Index Scan using sbtest4_pkey on sbtest4  (cost=0.43..43.74 rows=10 width=121)
	  Index Cond: ((id >= 3292045) AND (id <= 3292054))

table 5 : explain SELECT c FROM sbtest5 WHERE id BETWEEN 335145 AND 335154
	Index Scan using sbtest5_pkey on sbtest5  (cost=0.43..43.75 rows=10 width=121)
	  Index Cond: ((id >= 335145) AND (id <= 335154))

table 6 : explain SELECT c FROM sbtest6 WHERE id BETWEEN 5386541 AND 5386550
	Index Scan using sbtest6_pkey on sbtest6  (cost=0.43..39.80 rows=9 width=121)
	  Index Cond: ((id >= 5386541) AND (id <= 5386550))

table 7 : explain SELECT c FROM sbtest7 WHERE id BETWEEN 2723518 AND 2723527
	Index Scan using sbtest7_pkey on sbtest7  (cost=0.43..39.78 rows=9 width=121)
	  Index Cond: ((id >= 2723518) AND (id <= 2723527))

table 8 : explain SELECT c FROM sbtest8 WHERE id BETWEEN 5989789 AND 5989798
	Index Scan using sbtest8_pkey on sbtest8  (cost=0.43..43.76 rows=10 width=121)
	  Index Cond: ((id >= 5989789) AND (id <= 5989798))

for: sum_ranges
table 1 : explain SELECT SUM(k) FROM sbtest1 WHERE id BETWEEN 1366313 AND 1366322
	Aggregate  (cost=39.75..39.76 rows=1 width=8)
	  ->  Index Scan using sbtest1_pkey on sbtest1  (cost=0.43..39.73 rows=9 width=4)
	        Index Cond: ((id >= 1366313) AND (id <= 1366322))

table 2 : explain SELECT SUM(k) FROM sbtest2 WHERE id BETWEEN 1210989 AND 1210998
	Aggregate  (cost=43.65..43.66 rows=1 width=8)
	  ->  Index Scan using sbtest2_pkey on sbtest2  (cost=0.43..43.62 rows=10 width=4)
	        Index Cond: ((id >= 1210989) AND (id <= 1210998))

table 3 : explain SELECT SUM(k) FROM sbtest3 WHERE id BETWEEN 4816455 AND 4816464
	Aggregate  (cost=43.73..43.74 rows=1 width=8)
	  ->  Index Scan using sbtest3_pkey on sbtest3  (cost=0.43..43.70 rows=10 width=4)
	        Index Cond: ((id >= 4816455) AND (id <= 4816464))

table 4 : explain SELECT SUM(k) FROM sbtest4 WHERE id BETWEEN 4741411 AND 4741420
	Aggregate  (cost=39.84..39.85 rows=1 width=8)
	  ->  Index Scan using sbtest4_pkey on sbtest4  (cost=0.43..39.82 rows=9 width=4)
	        Index Cond: ((id >= 4741411) AND (id <= 4741420))

table 5 : explain SELECT SUM(k) FROM sbtest5 WHERE id BETWEEN 9341651 AND 9341660
	Aggregate  (cost=43.78..43.79 rows=1 width=8)
	  ->  Index Scan using sbtest5_pkey on sbtest5  (cost=0.43..43.75 rows=10 width=4)
	        Index Cond: ((id >= 9341651) AND (id <= 9341660))

table 6 : explain SELECT SUM(k) FROM sbtest6 WHERE id BETWEEN 6346465 AND 6346474
	Aggregate  (cost=43.74..43.75 rows=1 width=8)
	  ->  Index Scan using sbtest6_pkey on sbtest6  (cost=0.43..43.72 rows=10 width=4)
	        Index Cond: ((id >= 6346465) AND (id <= 6346474))

table 7 : explain SELECT SUM(k) FROM sbtest7 WHERE id BETWEEN 7148586 AND 7148595
	Aggregate  (cost=43.72..43.73 rows=1 width=8)
	  ->  Index Scan using sbtest7_pkey on sbtest7  (cost=0.43..43.70 rows=10 width=4)
	        Index Cond: ((id >= 7148586) AND (id <= 7148595))

table 8 : explain SELECT SUM(k) FROM sbtest8 WHERE id BETWEEN 3611478 AND 3611487
	Aggregate  (cost=47.71..47.72 rows=1 width=8)
	  ->  Index Scan using sbtest8_pkey on sbtest8  (cost=0.43..47.68 rows=11 width=4)
	        Index Cond: ((id >= 3611478) AND (id <= 3611487))

for: simple_ranges
table 1 : explain SELECT c FROM sbtest1 WHERE id BETWEEN 6154879 AND 6154888
	Index Scan using sbtest1_pkey on sbtest1  (cost=0.43..43.64 rows=10 width=121)
	  Index Cond: ((id >= 6154879) AND (id <= 6154888))

table 2 : explain SELECT c FROM sbtest2 WHERE id BETWEEN 3348885 AND 3348894
	Index Scan using sbtest2_pkey on sbtest2  (cost=0.43..43.62 rows=10 width=121)
	  Index Cond: ((id >= 3348885) AND (id <= 3348894))

table 3 : explain SELECT c FROM sbtest3 WHERE id BETWEEN 7295028 AND 7295037
	Index Scan using sbtest3_pkey on sbtest3  (cost=0.43..39.79 rows=9 width=121)
	  Index Cond: ((id >= 7295028) AND (id <= 7295037))

table 4 : explain SELECT c FROM sbtest4 WHERE id BETWEEN 4646714 AND 4646723
	Index Scan using sbtest4_pkey on sbtest4  (cost=0.43..43.74 rows=10 width=121)
	  Index Cond: ((id >= 4646714) AND (id <= 4646723))

table 5 : explain SELECT c FROM sbtest5 WHERE id BETWEEN 8795351 AND 8795360
	Index Scan using sbtest5_pkey on sbtest5  (cost=0.43..43.75 rows=10 width=121)
	  Index Cond: ((id >= 8795351) AND (id <= 8795360))

table 6 : explain SELECT c FROM sbtest6 WHERE id BETWEEN 9597427 AND 9597436
	Index Scan using sbtest6_pkey on sbtest6  (cost=0.43..47.64 rows=11 width=121)
	  Index Cond: ((id >= 9597427) AND (id <= 9597436))

table 7 : explain SELECT c FROM sbtest7 WHERE id BETWEEN 4731492 AND 4731501
	Index Scan using sbtest7_pkey on sbtest7  (cost=0.43..39.78 rows=9 width=121)
	  Index Cond: ((id >= 4731492) AND (id <= 4731501))

table 8 : explain SELECT c FROM sbtest8 WHERE id BETWEEN 8179945 AND 8179954
	Index Scan using sbtest8_pkey on sbtest8  (cost=0.43..43.76 rows=10 width=121)
	  Index Cond: ((id >= 8179945) AND (id <= 8179954))
for: simple_ranges
table 1 : explain SELECT c FROM sbtest1 WHERE id BETWEEN 2774756 AND 2774765
	Index Scan using sbtest1_pkey on sbtest1  (cost=0.43..43.64 rows=10 width=121)
	  Index Cond: ((id >= 2774756) AND (id <= 2774765))

table 2 : explain SELECT c FROM sbtest2 WHERE id BETWEEN 6403395 AND 6403404
	Index Scan using sbtest2_pkey on sbtest2  (cost=0.43..43.62 rows=10 width=121)
	  Index Cond: ((id >= 6403395) AND (id <= 6403404))

table 3 : explain SELECT c FROM sbtest3 WHERE id BETWEEN 7978702 AND 7978711
	Index Scan using sbtest3_pkey on sbtest3  (cost=0.43..43.70 rows=10 width=121)
	  Index Cond: ((id >= 7978702) AND (id <= 7978711))

table 4 : explain SELECT c FROM sbtest4 WHERE id BETWEEN 3757459 AND 3757468
	Index Scan using sbtest4_pkey on sbtest4  (cost=0.43..43.74 rows=10 width=121)
	  Index Cond: ((id >= 3757459) AND (id <= 3757468))

table 5 : explain SELECT c FROM sbtest5 WHERE id BETWEEN 4835315 AND 4835324
	Index Scan using sbtest5_pkey on sbtest5  (cost=0.43..47.68 rows=11 width=121)
	  Index Cond: ((id >= 4835315) AND (id <= 4835324))

table 6 : explain SELECT c FROM sbtest6 WHERE id BETWEEN 4083630 AND 4083639
	Index Scan using sbtest6_pkey on sbtest6  (cost=0.43..39.80 rows=9 width=121)
	  Index Cond: ((id >= 4083630) AND (id <= 4083639))

table 7 : explain SELECT c FROM sbtest7 WHERE id BETWEEN 20105 AND 20114
	Index Scan using sbtest7_pkey on sbtest7  (cost=0.43..43.70 rows=10 width=121)
	  Index Cond: ((id >= 20105) AND (id <= 20114))

table 8 : explain SELECT c FROM sbtest8 WHERE id BETWEEN 5613326 AND 5613335
	Index Scan using sbtest8_pkey on sbtest8  (cost=0.43..43.76 rows=10 width=121)
	  Index Cond: ((id >= 5613326) AND (id <= 5613335))


for: sum_ranges
table 1 : explain SELECT SUM(k) FROM sbtest1 WHERE id BETWEEN 9684896 AND 9684905
	Aggregate  (cost=47.57..47.58 rows=1 width=8)
	  ->  Index Scan using sbtest1_pkey on sbtest1  (cost=0.43..47.55 rows=11 width=4)
	        Index Cond: ((id >= 9684896) AND (id <= 9684905))

table 2 : explain SELECT SUM(k) FROM sbtest2 WHERE id BETWEEN 141757 AND 141766
	Aggregate  (cost=47.56..47.57 rows=1 width=8)
	  ->  Index Scan using sbtest2_pkey on sbtest2  (cost=0.43..47.53 rows=11 width=4)
	        Index Cond: ((id >= 141757) AND (id <= 141766))

table 3 : explain SELECT SUM(k) FROM sbtest3 WHERE id BETWEEN 741810 AND 741819
	Aggregate  (cost=39.81..39.82 rows=1 width=8)
	  ->  Index Scan using sbtest3_pkey on sbtest3  (cost=0.43..39.79 rows=9 width=4)
	        Index Cond: ((id >= 741810) AND (id <= 741819))

table 4 : explain SELECT SUM(k) FROM sbtest4 WHERE id BETWEEN 681233 AND 681242
	Aggregate  (cost=43.76..43.77 rows=1 width=8)
	  ->  Index Scan using sbtest4_pkey on sbtest4  (cost=0.43..43.74 rows=10 width=4)
	        Index Cond: ((id >= 681233) AND (id <= 681242))

table 5 : explain SELECT SUM(k) FROM sbtest5 WHERE id BETWEEN 4374929 AND 4374938
	Aggregate  (cost=47.70..47.71 rows=1 width=8)
	  ->  Index Scan using sbtest5_pkey on sbtest5  (cost=0.43..47.68 rows=11 width=4)
	        Index Cond: ((id >= 4374929) AND (id <= 4374938))

table 6 : explain SELECT SUM(k) FROM sbtest6 WHERE id BETWEEN 4345209 AND 4345218
	Aggregate  (cost=39.82..39.83 rows=1 width=8)
	  ->  Index Scan using sbtest6_pkey on sbtest6  (cost=0.43..39.80 rows=9 width=4)
	        Index Cond: ((id >= 4345209) AND (id <= 4345218))

table 7 : explain SELECT SUM(k) FROM sbtest7 WHERE id BETWEEN 2355195 AND 2355204
	Aggregate  (cost=43.72..43.73 rows=1 width=8)
	  ->  Index Scan using sbtest7_pkey on sbtest7  (cost=0.43..43.70 rows=10 width=4)
	        Index Cond: ((id >= 2355195) AND (id <= 2355204))

table 8 : explain SELECT SUM(k) FROM sbtest8 WHERE id BETWEEN 3092272 AND 3092281
	Aggregate  (cost=43.78..43.79 rows=1 width=8)
	  ->  Index Scan using sbtest8_pkey on sbtest8  (cost=0.43..43.76 rows=10 width=4)
	        Index Cond: ((id >= 3092272) AND (id <= 3092281))


for: sum_ranges
table 1 : explain SELECT SUM(k) FROM sbtest1 WHERE id BETWEEN 32 AND 41
	Aggregate  (cost=43.66..43.67 rows=1 width=8)
	  ->  Index Scan using sbtest1_pkey on sbtest1  (cost=0.43..43.64 rows=10 width=4)
	        Index Cond: ((id >= 32) AND (id <= 41))

table 2 : explain SELECT SUM(k) FROM sbtest2 WHERE id BETWEEN 4094666 AND 4094675
	Aggregate  (cost=43.65..43.66 rows=1 width=8)
	  ->  Index Scan using sbtest2_pkey on sbtest2  (cost=0.43..43.62 rows=10 width=4)
	        Index Cond: ((id >= 4094666) AND (id <= 4094675))

table 3 : explain SELECT SUM(k) FROM sbtest3 WHERE id BETWEEN 5097483 AND 5097492
	Aggregate  (cost=43.73..43.74 rows=1 width=8)
	  ->  Index Scan using sbtest3_pkey on sbtest3  (cost=0.43..43.70 rows=10 width=4)
	        Index Cond: ((id >= 5097483) AND (id <= 5097492))

table 4 : explain SELECT SUM(k) FROM sbtest4 WHERE id BETWEEN 2135982 AND 2135991
	Aggregate  (cost=43.76..43.77 rows=1 width=8)
	  ->  Index Scan using sbtest4_pkey on sbtest4  (cost=0.43..43.74 rows=10 width=4)
	        Index Cond: ((id >= 2135982) AND (id <= 2135991))

table 5 : explain SELECT SUM(k) FROM sbtest5 WHERE id BETWEEN 8366188 AND 8366197
	Aggregate  (cost=39.85..39.86 rows=1 width=8)
	  ->  Index Scan using sbtest5_pkey on sbtest5  (cost=0.43..39.83 rows=9 width=4)
	        Index Cond: ((id >= 8366188) AND (id <= 8366197))

table 6 : explain SELECT SUM(k) FROM sbtest6 WHERE id BETWEEN 4866469 AND 4866478
	Aggregate  (cost=43.74..43.75 rows=1 width=8)
	  ->  Index Scan using sbtest6_pkey on sbtest6  (cost=0.43..43.72 rows=10 width=4)
	        Index Cond: ((id >= 4866469) AND (id <= 4866478))

table 7 : explain SELECT SUM(k) FROM sbtest7 WHERE id BETWEEN 6347394 AND 6347403
	Aggregate  (cost=43.72..43.73 rows=1 width=8)
	  ->  Index Scan using sbtest7_pkey on sbtest7  (cost=0.43..43.70 rows=10 width=4)
	        Index Cond: ((id >= 6347394) AND (id <= 6347403))

table 8 : explain SELECT SUM(k) FROM sbtest8 WHERE id BETWEEN 1089917 AND 1089926
	Aggregate  (cost=43.78..43.79 rows=1 width=8)
	  ->  Index Scan using sbtest8_pkey on sbtest8  (cost=0.43..43.76 rows=10 width=4)
	        Index Cond: ((id >= 1089917) AND (id <= 1089926))

for: order_ranges
table 1 : explain SELECT c FROM sbtest1 WHERE id BETWEEN 9870396 AND 9870405 ORDER BY c
	Sort  (cost=43.80..43.83 rows=10 width=121)
	  Sort Key: c
	  ->  Index Scan using sbtest1_pkey on sbtest1  (cost=0.43..43.64 rows=10 width=121)
	        Index Cond: ((id >= 9870396) AND (id <= 9870405))

table 2 : explain SELECT c FROM sbtest2 WHERE id BETWEEN 687814 AND 687823 ORDER BY c
	Sort  (cost=43.79..43.81 rows=10 width=121)
	  Sort Key: c
	  ->  Index Scan using sbtest2_pkey on sbtest2  (cost=0.43..43.62 rows=10 width=121)
	        Index Cond: ((id >= 687814) AND (id <= 687823))

table 3 : explain SELECT c FROM sbtest3 WHERE id BETWEEN 8437696 AND 8437705 ORDER BY c
	Sort  (cost=47.81..47.84 rows=11 width=121)
	  Sort Key: c
	  ->  Index Scan using sbtest3_pkey on sbtest3  (cost=0.43..47.62 rows=11 width=121)
	        Index Cond: ((id >= 8437696) AND (id <= 8437705))

table 4 : explain SELECT c FROM sbtest4 WHERE id BETWEEN 3763966 AND 3763975 ORDER BY c
	Sort  (cost=43.90..43.93 rows=10 width=121)
	  Sort Key: c
	  ->  Index Scan using sbtest4_pkey on sbtest4  (cost=0.43..43.74 rows=10 width=121)
	        Index Cond: ((id >= 3763966) AND (id <= 3763975))

table 5 : explain SELECT c FROM sbtest5 WHERE id BETWEEN 4579798 AND 4579807 ORDER BY c
	Sort  (cost=43.92..43.95 rows=10 width=121)
	  Sort Key: c
	  ->  Index Scan using sbtest5_pkey on sbtest5  (cost=0.43..43.75 rows=10 width=121)
	        Index Cond: ((id >= 4579798) AND (id <= 4579807))

table 6 : explain SELECT c FROM sbtest6 WHERE id BETWEEN 7605370 AND 7605379 ORDER BY c
	Sort  (cost=43.88..43.91 rows=10 width=121)
	  Sort Key: c
	  ->  Index Scan using sbtest6_pkey on sbtest6  (cost=0.43..43.72 rows=10 width=121)
	        Index Cond: ((id >= 7605370) AND (id <= 7605379))

table 7 : explain SELECT c FROM sbtest7 WHERE id BETWEEN 1433273 AND 1433282 ORDER BY c
	Sort  (cost=47.81..47.83 rows=11 width=121)
	  Sort Key: c
	  ->  Index Scan using sbtest7_pkey on sbtest7  (cost=0.43..47.62 rows=11 width=121)
	        Index Cond: ((id >= 1433273) AND (id <= 1433282))

table 8 : explain SELECT c FROM sbtest8 WHERE id BETWEEN 9437035 AND 9437044 ORDER BY c
	Sort  (cost=39.98..40.00 rows=9 width=121)
	  Sort Key: c
	  ->  Index Scan using sbtest8_pkey on sbtest8  (cost=0.43..39.83 rows=9 width=121)
	        Index Cond: ((id >= 9437035) AND (id <= 9437044))

for: sum_ranges
table 1 : explain SELECT SUM(k) FROM sbtest1 WHERE id BETWEEN 6681902 AND 6681911
	Aggregate  (cost=39.75..39.76 rows=1 width=8)
	  ->  Index Scan using sbtest1_pkey on sbtest1  (cost=0.43..39.73 rows=9 width=4)
	        Index Cond: ((id >= 6681902) AND (id <= 6681911))

table 2 : explain SELECT SUM(k) FROM sbtest2 WHERE id BETWEEN 9369054 AND 9369063
	Aggregate  (cost=43.65..43.66 rows=1 width=8)
	  ->  Index Scan using sbtest2_pkey on sbtest2  (cost=0.43..43.62 rows=10 width=4)
	        Index Cond: ((id >= 9369054) AND (id <= 9369063))

table 3 : explain SELECT SUM(k) FROM sbtest3 WHERE id BETWEEN 1715273 AND 1715282
	Aggregate  (cost=39.81..39.82 rows=1 width=8)
	  ->  Index Scan using sbtest3_pkey on sbtest3  (cost=0.43..39.79 rows=9 width=4)
	        Index Cond: ((id >= 1715273) AND (id <= 1715282))

table 4 : explain SELECT SUM(k) FROM sbtest4 WHERE id BETWEEN 5930892 AND 5930901
	Aggregate  (cost=39.84..39.85 rows=1 width=8)
	  ->  Index Scan using sbtest4_pkey on sbtest4  (cost=0.43..39.82 rows=9 width=4)
	        Index Cond: ((id >= 5930892) AND (id <= 5930901))

table 5 : explain SELECT SUM(k) FROM sbtest5 WHERE id BETWEEN 7342075 AND 7342084
	Aggregate  (cost=39.85..39.86 rows=1 width=8)
	  ->  Index Scan using sbtest5_pkey on sbtest5  (cost=0.43..39.83 rows=9 width=4)
	        Index Cond: ((id >= 7342075) AND (id <= 7342084))

table 6 : explain SELECT SUM(k) FROM sbtest6 WHERE id BETWEEN 7083213 AND 7083222
	Aggregate  (cost=47.66..47.67 rows=1 width=8)
	  ->  Index Scan using sbtest6_pkey on sbtest6  (cost=0.43..47.64 rows=11 width=4)
	        Index Cond: ((id >= 7083213) AND (id <= 7083222))

table 7 : explain SELECT SUM(k) FROM sbtest7 WHERE id BETWEEN 4905993 AND 4906002
	Aggregate  (cost=39.81..39.82 rows=1 width=8)
	  ->  Index Scan using sbtest7_pkey on sbtest7  (cost=0.43..39.78 rows=9 width=4)
	        Index Cond: ((id >= 4905993) AND (id <= 4906002))

table 8 : explain SELECT SUM(k) FROM sbtest8 WHERE id BETWEEN 3949051 AND 3949060
	Aggregate  (cost=47.71..47.72 rows=1 width=8)
	  ->  Index Scan using sbtest8_pkey on sbtest8  (cost=0.43..47.68 rows=11 width=4)
	        Index Cond: ((id >= 3949051) AND (id <= 3949060))

for: order_ranges
table 1 : explain SELECT c FROM sbtest1 WHERE id BETWEEN 9114532 AND 9114541 ORDER BY c
	Sort  (cost=43.80..43.83 rows=10 width=121)
	  Sort Key: c
	  ->  Index Scan using sbtest1_pkey on sbtest1  (cost=0.43..43.64 rows=10 width=121)
	        Index Cond: ((id >= 9114532) AND (id <= 9114541))

table 2 : explain SELECT c FROM sbtest2 WHERE id BETWEEN 9280388 AND 9280397 ORDER BY c
	Sort  (cost=43.79..43.81 rows=10 width=121)
	  Sort Key: c
	  ->  Index Scan using sbtest2_pkey on sbtest2  (cost=0.43..43.62 rows=10 width=121)
	        Index Cond: ((id >= 9280388) AND (id <= 9280397))

table 3 : explain SELECT c FROM sbtest3 WHERE id BETWEEN 2623940 AND 2623949 ORDER BY c
	Sort  (cost=43.87..43.90 rows=10 width=121)
	  Sort Key: c
	  ->  Index Scan using sbtest3_pkey on sbtest3  (cost=0.43..43.70 rows=10 width=121)
	        Index Cond: ((id >= 2623940) AND (id <= 2623949))

table 4 : explain SELECT c FROM sbtest4 WHERE id BETWEEN 3867330 AND 3867339 ORDER BY c
	Sort  (cost=39.96..39.98 rows=9 width=121)
	  Sort Key: c
	  ->  Index Scan using sbtest4_pkey on sbtest4  (cost=0.43..39.82 rows=9 width=121)
	        Index Cond: ((id >= 3867330) AND (id <= 3867339))

table 5 : explain SELECT c FROM sbtest5 WHERE id BETWEEN 8377465 AND 8377474 ORDER BY c
	Sort  (cost=39.98..40.00 rows=9 width=121)
	  Sort Key: c
	  ->  Index Scan using sbtest5_pkey on sbtest5  (cost=0.43..39.83 rows=9 width=121)
	        Index Cond: ((id >= 8377465) AND (id <= 8377474))

table 6 : explain SELECT c FROM sbtest6 WHERE id BETWEEN 5439152 AND 5439161 ORDER BY c
	Sort  (cost=39.94..39.96 rows=9 width=121)
	  Sort Key: c
	  ->  Index Scan using sbtest6_pkey on sbtest6  (cost=0.43..39.80 rows=9 width=121)
	        Index Cond: ((id >= 5439152) AND (id <= 5439161))

table 7 : explain SELECT c FROM sbtest7 WHERE id BETWEEN 4696517 AND 4696526 ORDER BY c
	Sort  (cost=39.93..39.95 rows=9 width=121)
	  Sort Key: c
	  ->  Index Scan using sbtest7_pkey on sbtest7  (cost=0.43..39.78 rows=9 width=121)
	        Index Cond: ((id >= 4696517) AND (id <= 4696526))

table 8 : explain SELECT c FROM sbtest8 WHERE id BETWEEN 7545510 AND 7545519 ORDER BY c
	Sort  (cost=43.92..43.95 rows=10 width=121)
	  Sort Key: c
	  ->  Index Scan using sbtest8_pkey on sbtest8  (cost=0.43..43.76 rows=10 width=121)
	        Index Cond: ((id >= 7545510) AND (id <= 7545519))

for: sum_ranges
table 1 : explain SELECT SUM(k) FROM sbtest1 WHERE id BETWEEN 6454990 AND 6454999
	Aggregate  (cost=43.66..43.67 rows=1 width=8)
	  ->  Index Scan using sbtest1_pkey on sbtest1  (cost=0.43..43.64 rows=10 width=4)
	        Index Cond: ((id >= 6454990) AND (id <= 6454999))

table 2 : explain SELECT SUM(k) FROM sbtest2 WHERE id BETWEEN 9064040 AND 9064049
	Aggregate  (cost=43.65..43.66 rows=1 width=8)
	  ->  Index Scan using sbtest2_pkey on sbtest2  (cost=0.43..43.62 rows=10 width=4)
	        Index Cond: ((id >= 9064040) AND (id <= 9064049))

table 3 : explain SELECT SUM(k) FROM sbtest3 WHERE id BETWEEN 5975364 AND 5975373
	Aggregate  (cost=43.73..43.74 rows=1 width=8)
	  ->  Index Scan using sbtest3_pkey on sbtest3  (cost=0.43..43.70 rows=10 width=4)
	        Index Cond: ((id >= 5975364) AND (id <= 5975373))

table 4 : explain SELECT SUM(k) FROM sbtest4 WHERE id BETWEEN 201089 AND 201098
	Aggregate  (cost=43.76..43.77 rows=1 width=8)
	  ->  Index Scan using sbtest4_pkey on sbtest4  (cost=0.43..43.74 rows=10 width=4)
	        Index Cond: ((id >= 201089) AND (id <= 201098))

table 5 : explain SELECT SUM(k) FROM sbtest5 WHERE id BETWEEN 4835386 AND 4835395
	Aggregate  (cost=47.70..47.71 rows=1 width=8)
	  ->  Index Scan using sbtest5_pkey on sbtest5  (cost=0.43..47.68 rows=11 width=4)
	        Index Cond: ((id >= 4835386) AND (id <= 4835395))

table 6 : explain SELECT SUM(k) FROM sbtest6 WHERE id BETWEEN 972295 AND 972304
	Aggregate  (cost=43.74..43.75 rows=1 width=8)
	  ->  Index Scan using sbtest6_pkey on sbtest6  (cost=0.43..43.72 rows=10 width=4)
	        Index Cond: ((id >= 972295) AND (id <= 972304))

table 7 : explain SELECT SUM(k) FROM sbtest7 WHERE id BETWEEN 7564329 AND 7564338
	Aggregate  (cost=43.72..43.73 rows=1 width=8)
	  ->  Index Scan using sbtest7_pkey on sbtest7  (cost=0.43..43.70 rows=10 width=4)
	        Index Cond: ((id >= 7564329) AND (id <= 7564338))

table 8 : explain SELECT SUM(k) FROM sbtest8 WHERE id BETWEEN 6969477 AND 6969486
	Aggregate  (cost=43.78..43.79 rows=1 width=8)
	  ->  Index Scan using sbtest8_pkey on sbtest8  (cost=0.43..43.76 rows=10 width=4)
	        Index Cond: ((id >= 6969477) AND (id <= 6969486))

for: simple_ranges
table 1 : explain SELECT c FROM sbtest1 WHERE id BETWEEN 1404071 AND 1404080
	Index Scan using sbtest1_pkey on sbtest1  (cost=0.43..39.73 rows=9 width=121)
	  Index Cond: ((id >= 1404071) AND (id <= 1404080))

table 2 : explain SELECT c FROM sbtest2 WHERE id BETWEEN 5793229 AND 5793238
	Index Scan using sbtest2_pkey on sbtest2  (cost=0.43..39.71 rows=9 width=121)
	  Index Cond: ((id >= 5793229) AND (id <= 5793238))

table 3 : explain SELECT c FROM sbtest3 WHERE id BETWEEN 1704305 AND 1704314
	Index Scan using sbtest3_pkey on sbtest3  (cost=0.43..43.70 rows=10 width=121)
	  Index Cond: ((id >= 1704305) AND (id <= 1704314))

table 4 : explain SELECT c FROM sbtest4 WHERE id BETWEEN 6667361 AND 6667370
	Index Scan using sbtest4_pkey on sbtest4  (cost=0.43..43.74 rows=10 width=121)
	  Index Cond: ((id >= 6667361) AND (id <= 6667370))

table 5 : explain SELECT c FROM sbtest5 WHERE id BETWEEN 4483571 AND 4483580
	Index Scan using sbtest5_pkey on sbtest5  (cost=0.43..43.75 rows=10 width=121)
	  Index Cond: ((id >= 4483571) AND (id <= 4483580))

table 6 : explain SELECT c FROM sbtest6 WHERE id BETWEEN 8215204 AND 8215213
	Index Scan using sbtest6_pkey on sbtest6  (cost=0.43..47.64 rows=11 width=121)
	  Index Cond: ((id >= 8215204) AND (id <= 8215213))

table 7 : explain SELECT c FROM sbtest7 WHERE id BETWEEN 1093851 AND 1093860
	Index Scan using sbtest7_pkey on sbtest7  (cost=0.43..43.70 rows=10 width=121)
	  Index Cond: ((id >= 1093851) AND (id <= 1093860))

table 8 : explain SELECT c FROM sbtest8 WHERE id BETWEEN 8021408 AND 8021417
	Index Scan using sbtest8_pkey on sbtest8  (cost=0.43..43.76 rows=10 width=121)
	  Index Cond: ((id >= 8021408) AND (id <= 8021417))

for: sum_ranges
table 1 : explain SELECT SUM(k) FROM sbtest1 WHERE id BETWEEN 102618 AND 102627
	Aggregate  (cost=43.66..43.67 rows=1 width=8)
	  ->  Index Scan using sbtest1_pkey on sbtest1  (cost=0.43..43.64 rows=10 width=4)
	        Index Cond: ((id >= 102618) AND (id <= 102627))

table 2 : explain SELECT SUM(k) FROM sbtest2 WHERE id BETWEEN 2016908 AND 2016917
	Aggregate  (cost=43.65..43.66 rows=1 width=8)
	  ->  Index Scan using sbtest2_pkey on sbtest2  (cost=0.43..43.62 rows=10 width=4)
	        Index Cond: ((id >= 2016908) AND (id <= 2016917))

table 3 : explain SELECT SUM(k) FROM sbtest3 WHERE id BETWEEN 6327373 AND 6327382
	Aggregate  (cost=39.81..39.82 rows=1 width=8)
	  ->  Index Scan using sbtest3_pkey on sbtest3  (cost=0.43..39.79 rows=9 width=4)
	        Index Cond: ((id >= 6327373) AND (id <= 6327382))

table 4 : explain SELECT SUM(k) FROM sbtest4 WHERE id BETWEEN 8670874 AND 8670883
	Aggregate  (cost=43.76..43.77 rows=1 width=8)
	  ->  Index Scan using sbtest4_pkey on sbtest4  (cost=0.43..43.74 rows=10 width=4)
	        Index Cond: ((id >= 8670874) AND (id <= 8670883))

table 5 : explain SELECT SUM(k) FROM sbtest5 WHERE id BETWEEN 6619789 AND 6619798
	Aggregate  (cost=39.85..39.86 rows=1 width=8)
	  ->  Index Scan using sbtest5_pkey on sbtest5  (cost=0.43..39.83 rows=9 width=4)
	        Index Cond: ((id >= 6619789) AND (id <= 6619798))

table 6 : explain SELECT SUM(k) FROM sbtest6 WHERE id BETWEEN 9238071 AND 9238080
	Aggregate  (cost=43.74..43.75 rows=1 width=8)
	  ->  Index Scan using sbtest6_pkey on sbtest6  (cost=0.43..43.72 rows=10 width=4)
	        Index Cond: ((id >= 9238071) AND (id <= 9238080))

table 7 : explain SELECT SUM(k) FROM sbtest7 WHERE id BETWEEN 2073264 AND 2073273
	Aggregate  (cost=43.72..43.73 rows=1 width=8)
	  ->  Index Scan using sbtest7_pkey on sbtest7  (cost=0.43..43.70 rows=10 width=4)
	        Index Cond: ((id >= 2073264) AND (id <= 2073273))

table 8 : explain SELECT SUM(k) FROM sbtest8 WHERE id BETWEEN 9937080 AND 9937089
	Aggregate  (cost=43.78..43.79 rows=1 width=8)
	  ->  Index Scan using sbtest8_pkey on sbtest8  (cost=0.43..43.76 rows=10 width=4)
	        Index Cond: ((id >= 9937080) AND (id <= 9937089))

for: sum_ranges
table 1 : explain SELECT SUM(k) FROM sbtest1 WHERE id BETWEEN 8581854 AND 8581863
	Aggregate  (cost=43.66..43.67 rows=1 width=8)
	  ->  Index Scan using sbtest1_pkey on sbtest1  (cost=0.43..43.64 rows=10 width=4)
	        Index Cond: ((id >= 8581854) AND (id <= 8581863))

table 2 : explain SELECT SUM(k) FROM sbtest2 WHERE id BETWEEN 9873409 AND 9873418
	Aggregate  (cost=43.65..43.66 rows=1 width=8)
	  ->  Index Scan using sbtest2_pkey on sbtest2  (cost=0.43..43.62 rows=10 width=4)
	        Index Cond: ((id >= 9873409) AND (id <= 9873418))

table 3 : explain SELECT SUM(k) FROM sbtest3 WHERE id BETWEEN 6599640 AND 6599649
	Aggregate  (cost=43.73..43.74 rows=1 width=8)
	  ->  Index Scan using sbtest3_pkey on sbtest3  (cost=0.43..43.70 rows=10 width=4)
	        Index Cond: ((id >= 6599640) AND (id <= 6599649))

table 4 : explain SELECT SUM(k) FROM sbtest4 WHERE id BETWEEN 5021556 AND 5021565
	Aggregate  (cost=43.76..43.77 rows=1 width=8)
	  ->  Index Scan using sbtest4_pkey on sbtest4  (cost=0.43..43.74 rows=10 width=4)
	        Index Cond: ((id >= 5021556) AND (id <= 5021565))

table 5 : explain SELECT SUM(k) FROM sbtest5 WHERE id BETWEEN 6091178 AND 6091187
	Aggregate  (cost=43.78..43.79 rows=1 width=8)
	  ->  Index Scan using sbtest5_pkey on sbtest5  (cost=0.43..43.75 rows=10 width=4)
	        Index Cond: ((id >= 6091178) AND (id <= 6091187))

table 6 : explain SELECT SUM(k) FROM sbtest6 WHERE id BETWEEN 4734862 AND 4734871
	Aggregate  (cost=39.82..39.83 rows=1 width=8)
	  ->  Index Scan using sbtest6_pkey on sbtest6  (cost=0.43..39.80 rows=9 width=4)
	        Index Cond: ((id >= 4734862) AND (id <= 4734871))

table 7 : explain SELECT SUM(k) FROM sbtest7 WHERE id BETWEEN 4084308 AND 4084317
	Aggregate  (cost=43.72..43.73 rows=1 width=8)
	  ->  Index Scan using sbtest7_pkey on sbtest7  (cost=0.43..43.70 rows=10 width=4)
	        Index Cond: ((id >= 4084308) AND (id <= 4084317))

table 8 : explain SELECT SUM(k) FROM sbtest8 WHERE id BETWEEN 2087572 AND 2087581
	Aggregate  (cost=43.78..43.79 rows=1 width=8)
	  ->  Index Scan using sbtest8_pkey on sbtest8  (cost=0.43..43.76 rows=10 width=4)
	        Index Cond: ((id >= 2087572) AND (id <= 2087581))

for: sum_ranges
table 1 : explain SELECT SUM(k) FROM sbtest1 WHERE id BETWEEN 7447079 AND 7447088
	Aggregate  (cost=43.66..43.67 rows=1 width=8)
	  ->  Index Scan using sbtest1_pkey on sbtest1  (cost=0.43..43.64 rows=10 width=4)
	        Index Cond: ((id >= 7447079) AND (id <= 7447088))

table 2 : explain SELECT SUM(k) FROM sbtest2 WHERE id BETWEEN 7150132 AND 7150141
	Aggregate  (cost=43.65..43.66 rows=1 width=8)
	  ->  Index Scan using sbtest2_pkey on sbtest2  (cost=0.43..43.62 rows=10 width=4)
	        Index Cond: ((id >= 7150132) AND (id <= 7150141))

table 3 : explain SELECT SUM(k) FROM sbtest3 WHERE id BETWEEN 9279620 AND 9279629
	Aggregate  (cost=43.73..43.74 rows=1 width=8)
	  ->  Index Scan using sbtest3_pkey on sbtest3  (cost=0.43..43.70 rows=10 width=4)
	        Index Cond: ((id >= 9279620) AND (id <= 9279629))

table 4 : explain SELECT SUM(k) FROM sbtest4 WHERE id BETWEEN 1483149 AND 1483158
	Aggregate  (cost=43.76..43.77 rows=1 width=8)
	  ->  Index Scan using sbtest4_pkey on sbtest4  (cost=0.43..43.74 rows=10 width=4)
	        Index Cond: ((id >= 1483149) AND (id <= 1483158))

table 5 : explain SELECT SUM(k) FROM sbtest5 WHERE id BETWEEN 6667228 AND 6667237
	Aggregate  (cost=39.85..39.86 rows=1 width=8)
	  ->  Index Scan using sbtest5_pkey on sbtest5  (cost=0.43..39.83 rows=9 width=4)
	        Index Cond: ((id >= 6667228) AND (id <= 6667237))

table 6 : explain SELECT SUM(k) FROM sbtest6 WHERE id BETWEEN 8951865 AND 8951874
	Aggregate  (cost=39.82..39.83 rows=1 width=8)
	  ->  Index Scan using sbtest6_pkey on sbtest6  (cost=0.43..39.80 rows=9 width=4)
	        Index Cond: ((id >= 8951865) AND (id <= 8951874))

table 7 : explain SELECT SUM(k) FROM sbtest7 WHERE id BETWEEN 9129439 AND 9129448
	Aggregate  (cost=47.64..47.65 rows=1 width=8)
	  ->  Index Scan using sbtest7_pkey on sbtest7  (cost=0.43..47.62 rows=11 width=4)
	        Index Cond: ((id >= 9129439) AND (id <= 9129448))

table 8 : explain SELECT SUM(k) FROM sbtest8 WHERE id BETWEEN 8150107 AND 8150116
	Aggregate  (cost=43.78..43.79 rows=1 width=8)
	  ->  Index Scan using sbtest8_pkey on sbtest8  (cost=0.43..43.76 rows=10 width=4)
	        Index Cond: ((id >= 8150107) AND (id <= 8150116))

for: sum_ranges
table 1 : explain SELECT SUM(k) FROM sbtest1 WHERE id BETWEEN 6556198 AND 6556207
	Aggregate  (cost=39.75..39.76 rows=1 width=8)
	  ->  Index Scan using sbtest1_pkey on sbtest1  (cost=0.43..39.73 rows=9 width=4)
	        Index Cond: ((id >= 6556198) AND (id <= 6556207))

table 2 : explain SELECT SUM(k) FROM sbtest2 WHERE id BETWEEN 9279714 AND 9279723
	Aggregate  (cost=43.65..43.66 rows=1 width=8)
	  ->  Index Scan using sbtest2_pkey on sbtest2  (cost=0.43..43.62 rows=10 width=4)
	        Index Cond: ((id >= 9279714) AND (id <= 9279723))

table 3 : explain SELECT SUM(k) FROM sbtest3 WHERE id BETWEEN 7803042 AND 7803051
	Aggregate  (cost=47.65..47.66 rows=1 width=8)
	  ->  Index Scan using sbtest3_pkey on sbtest3  (cost=0.43..47.62 rows=11 width=4)
	        Index Cond: ((id >= 7803042) AND (id <= 7803051))

table 4 : explain SELECT SUM(k) FROM sbtest4 WHERE id BETWEEN 5553327 AND 5553336
	Aggregate  (cost=43.76..43.77 rows=1 width=8)
	  ->  Index Scan using sbtest4_pkey on sbtest4  (cost=0.43..43.74 rows=10 width=4)
	        Index Cond: ((id >= 5553327) AND (id <= 5553336))

table 5 : explain SELECT SUM(k) FROM sbtest5 WHERE id BETWEEN 9300036 AND 9300045
	Aggregate  (cost=43.78..43.79 rows=1 width=8)
	  ->  Index Scan using sbtest5_pkey on sbtest5  (cost=0.43..43.75 rows=10 width=4)
	        Index Cond: ((id >= 9300036) AND (id <= 9300045))

table 6 : explain SELECT SUM(k) FROM sbtest6 WHERE id BETWEEN 554036 AND 554045
	Aggregate  (cost=43.74..43.75 rows=1 width=8)
	  ->  Index Scan using sbtest6_pkey on sbtest6  (cost=0.43..43.72 rows=10 width=4)
	        Index Cond: ((id >= 554036) AND (id <= 554045))

table 7 : explain SELECT SUM(k) FROM sbtest7 WHERE id BETWEEN 5512433 AND 5512442
	Aggregate  (cost=43.72..43.73 rows=1 width=8)
	  ->  Index Scan using sbtest7_pkey on sbtest7  (cost=0.43..43.70 rows=10 width=4)
	        Index Cond: ((id >= 5512433) AND (id <= 5512442))

table 8 : explain SELECT SUM(k) FROM sbtest8 WHERE id BETWEEN 6338741 AND 6338750
	Aggregate  (cost=39.86..39.87 rows=1 width=8)
	  ->  Index Scan using sbtest8_pkey on sbtest8  (cost=0.43..39.83 rows=9 width=4)
	        Index Cond: ((id >= 6338741) AND (id <= 6338750))

for: simple_ranges
table 1 : explain SELECT c FROM sbtest1 WHERE id BETWEEN 3634688 AND 3634697
	Index Scan using sbtest1_pkey on sbtest1  (cost=0.43..43.64 rows=10 width=121)
	  Index Cond: ((id >= 3634688) AND (id <= 3634697))

table 2 : explain SELECT c FROM sbtest2 WHERE id BETWEEN 4410481 AND 4410490
	Index Scan using sbtest2_pkey on sbtest2  (cost=0.43..47.53 rows=11 width=121)
	  Index Cond: ((id >= 4410481) AND (id <= 4410490))

table 3 : explain SELECT c FROM sbtest3 WHERE id BETWEEN 4574093 AND 4574102
	Index Scan using sbtest3_pkey on sbtest3  (cost=0.43..39.79 rows=9 width=121)
	  Index Cond: ((id >= 4574093) AND (id <= 4574102))

table 4 : explain SELECT c FROM sbtest4 WHERE id BETWEEN 9242303 AND 9242312
	Index Scan using sbtest4_pkey on sbtest4  (cost=0.43..43.74 rows=10 width=121)
	  Index Cond: ((id >= 9242303) AND (id <= 9242312))

table 5 : explain SELECT c FROM sbtest5 WHERE id BETWEEN 3873880 AND 3873889
	Index Scan using sbtest5_pkey on sbtest5  (cost=0.43..43.75 rows=10 width=121)
	  Index Cond: ((id >= 3873880) AND (id <= 3873889))

table 6 : explain SELECT c FROM sbtest6 WHERE id BETWEEN 7076797 AND 7076806
	Index Scan using sbtest6_pkey on sbtest6  (cost=0.43..43.72 rows=10 width=121)
	  Index Cond: ((id >= 7076797) AND (id <= 7076806))

table 7 : explain SELECT c FROM sbtest7 WHERE id BETWEEN 4386071 AND 4386080
	Index Scan using sbtest7_pkey on sbtest7  (cost=0.43..43.70 rows=10 width=121)
	  Index Cond: ((id >= 4386071) AND (id <= 4386080))

table 8 : explain SELECT c FROM sbtest8 WHERE id BETWEEN 3072147 AND 3072156
	Index Scan using sbtest8_pkey on sbtest8  (cost=0.43..43.76 rows=10 width=121)
	  Index Cond: ((id >= 3072147) AND (id <= 3072156))

for: sum_ranges
table 1 : explain SELECT SUM(k) FROM sbtest1 WHERE id BETWEEN 2528200 AND 2528209
	Aggregate  (cost=43.66..43.67 rows=1 width=8)
	  ->  Index Scan using sbtest1_pkey on sbtest1  (cost=0.43..43.64 rows=10 width=4)
	        Index Cond: ((id >= 2528200) AND (id <= 2528209))

table 2 : explain SELECT SUM(k) FROM sbtest2 WHERE id BETWEEN 5137309 AND 5137318
	Aggregate  (cost=43.65..43.66 rows=1 width=8)
	  ->  Index Scan using sbtest2_pkey on sbtest2  (cost=0.43..43.62 rows=10 width=4)
	        Index Cond: ((id >= 5137309) AND (id <= 5137318))

table 3 : explain SELECT SUM(k) FROM sbtest3 WHERE id BETWEEN 18833 AND 18842
	Aggregate  (cost=51.57..51.58 rows=1 width=8)
	  ->  Index Scan using sbtest3_pkey on sbtest3  (cost=0.43..51.54 rows=12 width=4)
	        Index Cond: ((id >= 18833) AND (id <= 18842))

table 4 : explain SELECT SUM(k) FROM sbtest4 WHERE id BETWEEN 4875539 AND 4875548
	Aggregate  (cost=47.68..47.69 rows=1 width=8)
	  ->  Index Scan using sbtest4_pkey on sbtest4  (cost=0.43..47.66 rows=11 width=4)
	        Index Cond: ((id >= 4875539) AND (id <= 4875548))

table 5 : explain SELECT SUM(k) FROM sbtest5 WHERE id BETWEEN 4081579 AND 4081588
	Aggregate  (cost=43.78..43.79 rows=1 width=8)
	  ->  Index Scan using sbtest5_pkey on sbtest5  (cost=0.43..43.75 rows=10 width=4)
	        Index Cond: ((id >= 4081579) AND (id <= 4081588))

table 6 : explain SELECT SUM(k) FROM sbtest6 WHERE id BETWEEN 377160 AND 377169
	Aggregate  (cost=43.74..43.75 rows=1 width=8)
	  ->  Index Scan using sbtest6_pkey on sbtest6  (cost=0.43..43.72 rows=10 width=4)
	        Index Cond: ((id >= 377160) AND (id <= 377169))

table 7 : explain SELECT SUM(k) FROM sbtest7 WHERE id BETWEEN 7120549 AND 7120558
	Aggregate  (cost=43.72..43.73 rows=1 width=8)
	  ->  Index Scan using sbtest7_pkey on sbtest7  (cost=0.43..43.70 rows=10 width=4)
	        Index Cond: ((id >= 7120549) AND (id <= 7120558))

table 8 : explain SELECT SUM(k) FROM sbtest8 WHERE id BETWEEN 2011743 AND 2011752
	Aggregate  (cost=43.78..43.79 rows=1 width=8)
	  ->  Index Scan using sbtest8_pkey on sbtest8  (cost=0.43..43.76 rows=10 width=4)
	        Index Cond: ((id >= 2011743) AND (id <= 2011752))

for: sum_ranges
table 1 : explain SELECT SUM(k) FROM sbtest1 WHERE id BETWEEN 3498592 AND 3498601
	Aggregate  (cost=43.66..43.67 rows=1 width=8)
	  ->  Index Scan using sbtest1_pkey on sbtest1  (cost=0.43..43.64 rows=10 width=4)
	        Index Cond: ((id >= 3498592) AND (id <= 3498601))

table 2 : explain SELECT SUM(k) FROM sbtest2 WHERE id BETWEEN 5289427 AND 5289436
	Aggregate  (cost=39.74..39.75 rows=1 width=8)
	  ->  Index Scan using sbtest2_pkey on sbtest2  (cost=0.43..39.71 rows=9 width=4)
	        Index Cond: ((id >= 5289427) AND (id <= 5289436))

table 3 : explain SELECT SUM(k) FROM sbtest3 WHERE id BETWEEN 1774004 AND 1774013
	Aggregate  (cost=39.81..39.82 rows=1 width=8)
	  ->  Index Scan using sbtest3_pkey on sbtest3  (cost=0.43..39.79 rows=9 width=4)
	        Index Cond: ((id >= 1774004) AND (id <= 1774013))

table 4 : explain SELECT SUM(k) FROM sbtest4 WHERE id BETWEEN 1662662 AND 1662671
	Aggregate  (cost=39.84..39.85 rows=1 width=8)
	  ->  Index Scan using sbtest4_pkey on sbtest4  (cost=0.43..39.82 rows=9 width=4)
	        Index Cond: ((id >= 1662662) AND (id <= 1662671))

table 5 : explain SELECT SUM(k) FROM sbtest5 WHERE id BETWEEN 2877647 AND 2877656
	Aggregate  (cost=43.78..43.79 rows=1 width=8)
	  ->  Index Scan using sbtest5_pkey on sbtest5  (cost=0.43..43.75 rows=10 width=4)
	        Index Cond: ((id >= 2877647) AND (id <= 2877656))

table 6 : explain SELECT SUM(k) FROM sbtest6 WHERE id BETWEEN 9944198 AND 9944207
	Aggregate  (cost=43.74..43.75 rows=1 width=8)
	  ->  Index Scan using sbtest6_pkey on sbtest6  (cost=0.43..43.72 rows=10 width=4)
	        Index Cond: ((id >= 9944198) AND (id <= 9944207))

table 7 : explain SELECT SUM(k) FROM sbtest7 WHERE id BETWEEN 3284268 AND 3284277
	Aggregate  (cost=39.81..39.82 rows=1 width=8)
	  ->  Index Scan using sbtest7_pkey on sbtest7  (cost=0.43..39.78 rows=9 width=4)
	        Index Cond: ((id >= 3284268) AND (id <= 3284277))

table 8 : explain SELECT SUM(k) FROM sbtest8 WHERE id BETWEEN 9105266 AND 9105275
	Aggregate  (cost=43.78..43.79 rows=1 width=8)
	  ->  Index Scan using sbtest8_pkey on sbtest8  (cost=0.43..43.76 rows=10 width=4)
	        Index Cond: ((id >= 9105266) AND (id <= 9105275))

for: order_ranges
table 1 : explain SELECT c FROM sbtest1 WHERE id BETWEEN 2783659 AND 2783668 ORDER BY c
	Sort  (cost=43.80..43.83 rows=10 width=121)
	  Sort Key: c
	  ->  Index Scan using sbtest1_pkey on sbtest1  (cost=0.43..43.64 rows=10 width=121)
	        Index Cond: ((id >= 2783659) AND (id <= 2783668))

table 2 : explain SELECT c FROM sbtest2 WHERE id BETWEEN 3891468 AND 3891477 ORDER BY c
	Sort  (cost=43.79..43.81 rows=10 width=121)
	  Sort Key: c
	  ->  Index Scan using sbtest2_pkey on sbtest2  (cost=0.43..43.62 rows=10 width=121)
	        Index Cond: ((id >= 3891468) AND (id <= 3891477))

table 3 : explain SELECT c FROM sbtest3 WHERE id BETWEEN 5841452 AND 5841461 ORDER BY c
	Sort  (cost=43.87..43.90 rows=10 width=121)
	  Sort Key: c
	  ->  Index Scan using sbtest3_pkey on sbtest3  (cost=0.43..43.70 rows=10 width=121)
	        Index Cond: ((id >= 5841452) AND (id <= 5841461))

table 4 : explain SELECT c FROM sbtest4 WHERE id BETWEEN 1186778 AND 1186787 ORDER BY c
	Sort  (cost=43.90..43.93 rows=10 width=121)
	  Sort Key: c
	  ->  Index Scan using sbtest4_pkey on sbtest4  (cost=0.43..43.74 rows=10 width=121)
	        Index Cond: ((id >= 1186778) AND (id <= 1186787))

table 5 : explain SELECT c FROM sbtest5 WHERE id BETWEEN 9957487 AND 9957496 ORDER BY c
	Sort  (cost=43.92..43.95 rows=10 width=121)
	  Sort Key: c
	  ->  Index Scan using sbtest5_pkey on sbtest5  (cost=0.43..43.75 rows=10 width=121)
	        Index Cond: ((id >= 9957487) AND (id <= 9957496))

table 6 : explain SELECT c FROM sbtest6 WHERE id BETWEEN 6806222 AND 6806231 ORDER BY c
	Sort  (cost=43.88..43.91 rows=10 width=121)
	  Sort Key: c
	  ->  Index Scan using sbtest6_pkey on sbtest6  (cost=0.43..43.72 rows=10 width=121)
	        Index Cond: ((id >= 6806222) AND (id <= 6806231))

table 7 : explain SELECT c FROM sbtest7 WHERE id BETWEEN 6789489 AND 6789498 ORDER BY c
	Sort  (cost=43.87..43.89 rows=10 width=121)
	  Sort Key: c
	  ->  Index Scan using sbtest7_pkey on sbtest7  (cost=0.43..43.70 rows=10 width=121)
	        Index Cond: ((id >= 6789489) AND (id <= 6789498))

table 8 : explain SELECT c FROM sbtest8 WHERE id BETWEEN 3559742 AND 3559751 ORDER BY c
	Sort  (cost=47.87..47.90 rows=11 width=121)
	  Sort Key: c
	  ->  Index Scan using sbtest8_pkey on sbtest8  (cost=0.43..47.68 rows=11 width=121)
	        Index Cond: ((id >= 3559742) AND (id <= 3559751))

for: simple_ranges
table 1 : explain SELECT c FROM sbtest1 WHERE id BETWEEN 2091978 AND 2091987
	Index Scan using sbtest1_pkey on sbtest1  (cost=0.43..43.64 rows=10 width=121)
	  Index Cond: ((id >= 2091978) AND (id <= 2091987))

table 2 : explain SELECT c FROM sbtest2 WHERE id BETWEEN 1295029 AND 1295038
	Index Scan using sbtest2_pkey on sbtest2  (cost=0.43..43.62 rows=10 width=121)
	  Index Cond: ((id >= 1295029) AND (id <= 1295038))

table 3 : explain SELECT c FROM sbtest3 WHERE id BETWEEN 6720260 AND 6720269
	Index Scan using sbtest3_pkey on sbtest3  (cost=0.43..43.70 rows=10 width=121)
	  Index Cond: ((id >= 6720260) AND (id <= 6720269))

table 4 : explain SELECT c FROM sbtest4 WHERE id BETWEEN 5756051 AND 5756060
	Index Scan using sbtest4_pkey on sbtest4  (cost=0.43..43.74 rows=10 width=121)
	  Index Cond: ((id >= 5756051) AND (id <= 5756060))

table 5 : explain SELECT c FROM sbtest5 WHERE id BETWEEN 574616 AND 574625
	Index Scan using sbtest5_pkey on sbtest5  (cost=0.43..43.75 rows=10 width=121)
	  Index Cond: ((id >= 574616) AND (id <= 574625))

table 6 : explain SELECT c FROM sbtest6 WHERE id BETWEEN 6295118 AND 6295127
	Index Scan using sbtest6_pkey on sbtest6  (cost=0.43..43.72 rows=10 width=121)
	  Index Cond: ((id >= 6295118) AND (id <= 6295127))

table 7 : explain SELECT c FROM sbtest7 WHERE id BETWEEN 2723556 AND 2723565
	Index Scan using sbtest7_pkey on sbtest7  (cost=0.43..39.78 rows=9 width=121)
	  Index Cond: ((id >= 2723556) AND (id <= 2723565))

table 8 : explain SELECT c FROM sbtest8 WHERE id BETWEEN 2464184 AND 2464193
	Index Scan using sbtest8_pkey on sbtest8  (cost=0.43..43.76 rows=10 width=121)
	  Index Cond: ((id >= 2464184) AND (id <= 2464193))

for: simple_ranges
table 1 : explain SELECT c FROM sbtest1 WHERE id BETWEEN 1400604 AND 1400613
	Index Scan using sbtest1_pkey on sbtest1  (cost=0.43..39.73 rows=9 width=121)
	  Index Cond: ((id >= 1400604) AND (id <= 1400613))

table 2 : explain SELECT c FROM sbtest2 WHERE id BETWEEN 3177171 AND 3177180
	Index Scan using sbtest2_pkey on sbtest2  (cost=0.43..39.71 rows=9 width=121)
	  Index Cond: ((id >= 3177171) AND (id <= 3177180))

table 3 : explain SELECT c FROM sbtest3 WHERE id BETWEEN 4093131 AND 4093140
	Index Scan using sbtest3_pkey on sbtest3  (cost=0.43..43.70 rows=10 width=121)
	  Index Cond: ((id >= 4093131) AND (id <= 4093140))

table 4 : explain SELECT c FROM sbtest4 WHERE id BETWEEN 913012 AND 913021
	Index Scan using sbtest4_pkey on sbtest4  (cost=0.43..43.74 rows=10 width=121)
	  Index Cond: ((id >= 913012) AND (id <= 913021))

table 5 : explain SELECT c FROM sbtest5 WHERE id BETWEEN 8755054 AND 8755063
	Index Scan using sbtest5_pkey on sbtest5  (cost=0.43..43.75 rows=10 width=121)
	  Index Cond: ((id >= 8755054) AND (id <= 8755063))

table 6 : explain SELECT c FROM sbtest6 WHERE id BETWEEN 2298872 AND 2298881
	Index Scan using sbtest6_pkey on sbtest6  (cost=0.43..39.80 rows=9 width=121)
	  Index Cond: ((id >= 2298872) AND (id <= 2298881))

table 7 : explain SELECT c FROM sbtest7 WHERE id BETWEEN 9901303 AND 9901312
	Index Scan using sbtest7_pkey on sbtest7  (cost=0.43..43.70 rows=10 width=121)
	  Index Cond: ((id >= 9901303) AND (id <= 9901312))

table 8 : explain SELECT c FROM sbtest8 WHERE id BETWEEN 6969185 AND 6969194
	Index Scan using sbtest8_pkey on sbtest8  (cost=0.43..43.76 rows=10 width=121)
	  Index Cond: ((id >= 6969185) AND (id <= 6969194))

for: sum_ranges
table 1 : explain SELECT SUM(k) FROM sbtest1 WHERE id BETWEEN 7589016 AND 7589025
	Aggregate  (cost=43.66..43.67 rows=1 width=8)
	  ->  Index Scan using sbtest1_pkey on sbtest1  (cost=0.43..43.64 rows=10 width=4)
	        Index Cond: ((id >= 7589016) AND (id <= 7589025))

table 2 : explain SELECT SUM(k) FROM sbtest2 WHERE id BETWEEN 1217925 AND 1217934
	Aggregate  (cost=43.65..43.66 rows=1 width=8)
	  ->  Index Scan using sbtest2_pkey on sbtest2  (cost=0.43..43.62 rows=10 width=4)
	        Index Cond: ((id >= 1217925) AND (id <= 1217934))

table 3 : explain SELECT SUM(k) FROM sbtest3 WHERE id BETWEEN 5369975 AND 5369984
	Aggregate  (cost=43.73..43.74 rows=1 width=8)
	  ->  Index Scan using sbtest3_pkey on sbtest3  (cost=0.43..43.70 rows=10 width=4)
	        Index Cond: ((id >= 5369975) AND (id <= 5369984))

table 4 : explain SELECT SUM(k) FROM sbtest4 WHERE id BETWEEN 4013267 AND 4013276
	Aggregate  (cost=47.68..47.69 rows=1 width=8)
	  ->  Index Scan using sbtest4_pkey on sbtest4  (cost=0.43..47.66 rows=11 width=4)
	        Index Cond: ((id >= 4013267) AND (id <= 4013276))

table 5 : explain SELECT SUM(k) FROM sbtest5 WHERE id BETWEEN 1847096 AND 1847105
	Aggregate  (cost=39.85..39.86 rows=1 width=8)
	  ->  Index Scan using sbtest5_pkey on sbtest5  (cost=0.43..39.83 rows=9 width=4)
	        Index Cond: ((id >= 1847096) AND (id <= 1847105))

table 6 : explain SELECT SUM(k) FROM sbtest6 WHERE id BETWEEN 9635898 AND 9635907
	Aggregate  (cost=47.66..47.67 rows=1 width=8)
	  ->  Index Scan using sbtest6_pkey on sbtest6  (cost=0.43..47.64 rows=11 width=4)
	        Index Cond: ((id >= 9635898) AND (id <= 9635907))

table 7 : explain SELECT SUM(k) FROM sbtest7 WHERE id BETWEEN 6270150 AND 6270159
	Aggregate  (cost=39.81..39.82 rows=1 width=8)
	  ->  Index Scan using sbtest7_pkey on sbtest7  (cost=0.43..39.78 rows=9 width=4)
	        Index Cond: ((id >= 6270150) AND (id <= 6270159))

table 8 : explain SELECT SUM(k) FROM sbtest8 WHERE id BETWEEN 4042372 AND 4042381
	Aggregate  (cost=43.78..43.79 rows=1 width=8)
	  ->  Index Scan using sbtest8_pkey on sbtest8  (cost=0.43..43.76 rows=10 width=4)
	        Index Cond: ((id >= 4042372) AND (id <= 4042381))

for: simple_ranges
table 1 : explain SELECT c FROM sbtest1 WHERE id BETWEEN 8800806 AND 8800815
	Index Scan using sbtest1_pkey on sbtest1  (cost=0.43..43.64 rows=10 width=121)
	  Index Cond: ((id >= 8800806) AND (id <= 8800815))

table 2 : explain SELECT c FROM sbtest2 WHERE id BETWEEN 7610602 AND 7610611
	Index Scan using sbtest2_pkey on sbtest2  (cost=0.43..39.71 rows=9 width=121)
	  Index Cond: ((id >= 7610602) AND (id <= 7610611))

table 3 : explain SELECT c FROM sbtest3 WHERE id BETWEEN 3384767 AND 3384776
	Index Scan using sbtest3_pkey on sbtest3  (cost=0.43..47.62 rows=11 width=121)
	  Index Cond: ((id >= 3384767) AND (id <= 3384776))

table 4 : explain SELECT c FROM sbtest4 WHERE id BETWEEN 9429715 AND 9429724
	Index Scan using sbtest4_pkey on sbtest4  (cost=0.43..47.66 rows=11 width=121)
	  Index Cond: ((id >= 9429715) AND (id <= 9429724))

table 5 : explain SELECT c FROM sbtest5 WHERE id BETWEEN 3648994 AND 3649003
	Index Scan using sbtest5_pkey on sbtest5  (cost=0.43..43.75 rows=10 width=121)
	  Index Cond: ((id >= 3648994) AND (id <= 3649003))

table 6 : explain SELECT c FROM sbtest6 WHERE id BETWEEN 8741938 AND 8741947
	Index Scan using sbtest6_pkey on sbtest6  (cost=0.43..47.64 rows=11 width=121)
	  Index Cond: ((id >= 8741938) AND (id <= 8741947))

table 7 : explain SELECT c FROM sbtest7 WHERE id BETWEEN 515520 AND 515529
	Index Scan using sbtest7_pkey on sbtest7  (cost=0.43..51.53 rows=12 width=121)
	  Index Cond: ((id >= 515520) AND (id <= 515529))

table 8 : explain SELECT c FROM sbtest8 WHERE id BETWEEN 7397466 AND 7397475
	Index Scan using sbtest8_pkey on sbtest8  (cost=0.43..39.83 rows=9 width=121)
	  Index Cond: ((id >= 7397466) AND (id <= 7397475))

for: sum_ranges
table 1 : explain SELECT SUM(k) FROM sbtest1 WHERE id BETWEEN 2723187 AND 2723196
	Aggregate  (cost=43.66..43.67 rows=1 width=8)
	  ->  Index Scan using sbtest1_pkey on sbtest1  (cost=0.43..43.64 rows=10 width=4)
	        Index Cond: ((id >= 2723187) AND (id <= 2723196))

table 2 : explain SELECT SUM(k) FROM sbtest2 WHERE id BETWEEN 7858778 AND 7858787
	Aggregate  (cost=47.56..47.57 rows=1 width=8)
	  ->  Index Scan using sbtest2_pkey on sbtest2  (cost=0.43..47.53 rows=11 width=4)
	        Index Cond: ((id >= 7858778) AND (id <= 7858787))

table 3 : explain SELECT SUM(k) FROM sbtest3 WHERE id BETWEEN 1636161 AND 1636170
	Aggregate  (cost=43.73..43.74 rows=1 width=8)
	  ->  Index Scan using sbtest3_pkey on sbtest3  (cost=0.43..43.70 rows=10 width=4)
	        Index Cond: ((id >= 1636161) AND (id <= 1636170))

table 4 : explain SELECT SUM(k) FROM sbtest4 WHERE id BETWEEN 9596833 AND 9596842
	Aggregate  (cost=47.68..47.69 rows=1 width=8)
	  ->  Index Scan using sbtest4_pkey on sbtest4  (cost=0.43..47.66 rows=11 width=4)
	        Index Cond: ((id >= 9596833) AND (id <= 9596842))

table 5 : explain SELECT SUM(k) FROM sbtest5 WHERE id BETWEEN 5027347 AND 5027356
	Aggregate  (cost=39.85..39.86 rows=1 width=8)
	  ->  Index Scan using sbtest5_pkey on sbtest5  (cost=0.43..39.83 rows=9 width=4)
	        Index Cond: ((id >= 5027347) AND (id <= 5027356))

table 6 : explain SELECT SUM(k) FROM sbtest6 WHERE id BETWEEN 1500273 AND 1500282
	Aggregate  (cost=43.74..43.75 rows=1 width=8)
	  ->  Index Scan using sbtest6_pkey on sbtest6  (cost=0.43..43.72 rows=10 width=4)
	        Index Cond: ((id >= 1500273) AND (id <= 1500282))

table 7 : explain SELECT SUM(k) FROM sbtest7 WHERE id BETWEEN 3341253 AND 3341262
	Aggregate  (cost=39.81..39.82 rows=1 width=8)
	  ->  Index Scan using sbtest7_pkey on sbtest7  (cost=0.43..39.78 rows=9 width=4)
	        Index Cond: ((id >= 3341253) AND (id <= 3341262))

table 8 : explain SELECT SUM(k) FROM sbtest8 WHERE id BETWEEN 5894231 AND 5894240
	Aggregate  (cost=43.78..43.79 rows=1 width=8)
	  ->  Index Scan using sbtest8_pkey on sbtest8  (cost=0.43..43.76 rows=10 width=4)
	        Index Cond: ((id >= 5894231) AND (id <= 5894240))

for: sum_ranges
table 1 : explain SELECT SUM(k) FROM sbtest1 WHERE id BETWEEN 834281 AND 834290
	Aggregate  (cost=43.66..43.67 rows=1 width=8)
	  ->  Index Scan using sbtest1_pkey on sbtest1  (cost=0.43..43.64 rows=10 width=4)
	        Index Cond: ((id >= 834281) AND (id <= 834290))

table 2 : explain SELECT SUM(k) FROM sbtest2 WHERE id BETWEEN 3675831 AND 3675840
	Aggregate  (cost=43.65..43.66 rows=1 width=8)
	  ->  Index Scan using sbtest2_pkey on sbtest2  (cost=0.43..43.62 rows=10 width=4)
	        Index Cond: ((id >= 3675831) AND (id <= 3675840))

table 3 : explain SELECT SUM(k) FROM sbtest3 WHERE id BETWEEN 4610497 AND 4610506
	Aggregate  (cost=43.73..43.74 rows=1 width=8)
	  ->  Index Scan using sbtest3_pkey on sbtest3  (cost=0.43..43.70 rows=10 width=4)
	        Index Cond: ((id >= 4610497) AND (id <= 4610506))

table 4 : explain SELECT SUM(k) FROM sbtest4 WHERE id BETWEEN 9390051 AND 9390060
	Aggregate  (cost=39.84..39.85 rows=1 width=8)
	  ->  Index Scan using sbtest4_pkey on sbtest4  (cost=0.43..39.82 rows=9 width=4)
	        Index Cond: ((id >= 9390051) AND (id <= 9390060))

table 5 : explain SELECT SUM(k) FROM sbtest5 WHERE id BETWEEN 566415 AND 566424
	Aggregate  (cost=43.78..43.79 rows=1 width=8)
	  ->  Index Scan using sbtest5_pkey on sbtest5  (cost=0.43..43.75 rows=10 width=4)
	        Index Cond: ((id >= 566415) AND (id <= 566424))

table 6 : explain SELECT SUM(k) FROM sbtest6 WHERE id BETWEEN 2977675 AND 2977684
	Aggregate  (cost=39.82..39.83 rows=1 width=8)
	  ->  Index Scan using sbtest6_pkey on sbtest6  (cost=0.43..39.80 rows=9 width=4)
	        Index Cond: ((id >= 2977675) AND (id <= 2977684))

table 7 : explain SELECT SUM(k) FROM sbtest7 WHERE id BETWEEN 7038245 AND 7038254
	Aggregate  (cost=43.72..43.73 rows=1 width=8)
	  ->  Index Scan using sbtest7_pkey on sbtest7  (cost=0.43..43.70 rows=10 width=4)
	        Index Cond: ((id >= 7038245) AND (id <= 7038254))

table 8 : explain SELECT SUM(k) FROM sbtest8 WHERE id BETWEEN 1447643 AND 1447652
	Aggregate  (cost=43.78..43.79 rows=1 width=8)
	  ->  Index Scan using sbtest8_pkey on sbtest8  (cost=0.43..43.76 rows=10 width=4)
	        Index Cond: ((id >= 1447643) AND (id <= 1447652))

for: simple_ranges
table 1 : explain SELECT c FROM sbtest1 WHERE id BETWEEN 3439081 AND 3439090
	Index Scan using sbtest1_pkey on sbtest1  (cost=0.43..43.64 rows=10 width=121)
	  Index Cond: ((id >= 3439081) AND (id <= 3439090))

table 2 : explain SELECT c FROM sbtest2 WHERE id BETWEEN 503762 AND 503771
	Index Scan using sbtest2_pkey on sbtest2  (cost=0.43..43.62 rows=10 width=121)
	  Index Cond: ((id >= 503762) AND (id <= 503771))

table 3 : explain SELECT c FROM sbtest3 WHERE id BETWEEN 2902983 AND 2902992
	Index Scan using sbtest3_pkey on sbtest3  (cost=0.43..43.70 rows=10 width=121)
	  Index Cond: ((id >= 2902983) AND (id <= 2902992))

table 4 : explain SELECT c FROM sbtest4 WHERE id BETWEEN 6562932 AND 6562941
	Index Scan using sbtest4_pkey on sbtest4  (cost=0.43..43.74 rows=10 width=121)
	  Index Cond: ((id >= 6562932) AND (id <= 6562941))

table 5 : explain SELECT c FROM sbtest5 WHERE id BETWEEN 5839370 AND 5839379
	Index Scan using sbtest5_pkey on sbtest5  (cost=0.43..39.83 rows=9 width=121)
	  Index Cond: ((id >= 5839370) AND (id <= 5839379))

table 6 : explain SELECT c FROM sbtest6 WHERE id BETWEEN 7519069 AND 7519078
	Index Scan using sbtest6_pkey on sbtest6  (cost=0.43..43.72 rows=10 width=121)
	  Index Cond: ((id >= 7519069) AND (id <= 7519078))

table 7 : explain SELECT c FROM sbtest7 WHERE id BETWEEN 5070293 AND 5070302
	Index Scan using sbtest7_pkey on sbtest7  (cost=0.43..43.70 rows=10 width=121)
	  Index Cond: ((id >= 5070293) AND (id <= 5070302))

table 8 : explain SELECT c FROM sbtest8 WHERE id BETWEEN 8953648 AND 8953657
	Index Scan using sbtest8_pkey on sbtest8  (cost=0.43..43.76 rows=10 width=121)
	  Index Cond: ((id >= 8953648) AND (id <= 8953657))

for: sum_ranges
table 1 : explain SELECT SUM(k) FROM sbtest1 WHERE id BETWEEN 8212922 AND 8212931
	Aggregate  (cost=43.66..43.67 rows=1 width=8)
	  ->  Index Scan using sbtest1_pkey on sbtest1  (cost=0.43..43.64 rows=10 width=4)
	        Index Cond: ((id >= 8212922) AND (id <= 8212931))

table 2 : explain SELECT SUM(k) FROM sbtest2 WHERE id BETWEEN 5875454 AND 5875463
	Aggregate  (cost=39.74..39.75 rows=1 width=8)
	  ->  Index Scan using sbtest2_pkey on sbtest2  (cost=0.43..39.71 rows=9 width=4)
	        Index Cond: ((id >= 5875454) AND (id <= 5875463))

table 3 : explain SELECT SUM(k) FROM sbtest3 WHERE id BETWEEN 755679 AND 755688
	Aggregate  (cost=39.81..39.82 rows=1 width=8)
	  ->  Index Scan using sbtest3_pkey on sbtest3  (cost=0.43..39.79 rows=9 width=4)
	        Index Cond: ((id >= 755679) AND (id <= 755688))

table 4 : explain SELECT SUM(k) FROM sbtest4 WHERE id BETWEEN 1769953 AND 1769962
	Aggregate  (cost=43.76..43.77 rows=1 width=8)
	  ->  Index Scan using sbtest4_pkey on sbtest4  (cost=0.43..43.74 rows=10 width=4)
	        Index Cond: ((id >= 1769953) AND (id <= 1769962))

table 5 : explain SELECT SUM(k) FROM sbtest5 WHERE id BETWEEN 594188 AND 594197
	Aggregate  (cost=47.70..47.71 rows=1 width=8)
	  ->  Index Scan using sbtest5_pkey on sbtest5  (cost=0.43..47.68 rows=11 width=4)
	        Index Cond: ((id >= 594188) AND (id <= 594197))

table 6 : explain SELECT SUM(k) FROM sbtest6 WHERE id BETWEEN 6601827 AND 6601836
	Aggregate  (cost=39.82..39.83 rows=1 width=8)
	  ->  Index Scan using sbtest6_pkey on sbtest6  (cost=0.43..39.80 rows=9 width=4)
	        Index Cond: ((id >= 6601827) AND (id <= 6601836))

table 7 : explain SELECT SUM(k) FROM sbtest7 WHERE id BETWEEN 6435654 AND 6435663
	Aggregate  (cost=47.64..47.65 rows=1 width=8)
	  ->  Index Scan using sbtest7_pkey on sbtest7  (cost=0.43..47.62 rows=11 width=4)
	        Index Cond: ((id >= 6435654) AND (id <= 6435663))

table 8 : explain SELECT SUM(k) FROM sbtest8 WHERE id BETWEEN 2164499 AND 2164508
	Aggregate  (cost=47.71..47.72 rows=1 width=8)
	  ->  Index Scan using sbtest8_pkey on sbtest8  (cost=0.43..47.68 rows=11 width=4)
	        Index Cond: ((id >= 2164499) AND (id <= 2164508))

for: sum_ranges
table 1 : explain SELECT SUM(k) FROM sbtest1 WHERE id BETWEEN 5152325 AND 5152334
	Aggregate  (cost=39.75..39.76 rows=1 width=8)
	  ->  Index Scan using sbtest1_pkey on sbtest1  (cost=0.43..39.73 rows=9 width=4)
	        Index Cond: ((id >= 5152325) AND (id <= 5152334))

table 2 : explain SELECT SUM(k) FROM sbtest2 WHERE id BETWEEN 4913900 AND 4913909
	Aggregate  (cost=39.74..39.75 rows=1 width=8)
	  ->  Index Scan using sbtest2_pkey on sbtest2  (cost=0.43..39.71 rows=9 width=4)
	        Index Cond: ((id >= 4913900) AND (id <= 4913909))

table 3 : explain SELECT SUM(k) FROM sbtest3 WHERE id BETWEEN 5302056 AND 5302065
	Aggregate  (cost=47.65..47.66 rows=1 width=8)
	  ->  Index Scan using sbtest3_pkey on sbtest3  (cost=0.43..47.62 rows=11 width=4)
	        Index Cond: ((id >= 5302056) AND (id <= 5302065))

table 4 : explain SELECT SUM(k) FROM sbtest4 WHERE id BETWEEN 8070494 AND 8070503
	Aggregate  (cost=43.76..43.77 rows=1 width=8)
	  ->  Index Scan using sbtest4_pkey on sbtest4  (cost=0.43..43.74 rows=10 width=4)
	        Index Cond: ((id >= 8070494) AND (id <= 8070503))

table 5 : explain SELECT SUM(k) FROM sbtest5 WHERE id BETWEEN 1550346 AND 1550355
	Aggregate  (cost=43.78..43.79 rows=1 width=8)
	  ->  Index Scan using sbtest5_pkey on sbtest5  (cost=0.43..43.75 rows=10 width=4)
	        Index Cond: ((id >= 1550346) AND (id <= 1550355))

table 6 : explain SELECT SUM(k) FROM sbtest6 WHERE id BETWEEN 9533122 AND 9533131
	Aggregate  (cost=47.66..47.67 rows=1 width=8)
	  ->  Index Scan using sbtest6_pkey on sbtest6  (cost=0.43..47.64 rows=11 width=4)
	        Index Cond: ((id >= 9533122) AND (id <= 9533131))

table 7 : explain SELECT SUM(k) FROM sbtest7 WHERE id BETWEEN 323877 AND 323886
	Aggregate  (cost=43.72..43.73 rows=1 width=8)
	  ->  Index Scan using sbtest7_pkey on sbtest7  (cost=0.43..43.70 rows=10 width=4)
	        Index Cond: ((id >= 323877) AND (id <= 323886))

table 8 : explain SELECT SUM(k) FROM sbtest8 WHERE id BETWEEN 105927 AND 105936
	Aggregate  (cost=39.86..39.87 rows=1 width=8)
	  ->  Index Scan using sbtest8_pkey on sbtest8  (cost=0.43..39.83 rows=9 width=4)
	        Index Cond: ((id >= 105927) AND (id <= 105936))

for: sum_ranges
table 1 : explain SELECT SUM(k) FROM sbtest1 WHERE id BETWEEN 9706296 AND 9706305
	Aggregate  (cost=47.57..47.58 rows=1 width=8)
	  ->  Index Scan using sbtest1_pkey on sbtest1  (cost=0.43..47.55 rows=11 width=4)
	        Index Cond: ((id >= 9706296) AND (id <= 9706305))

table 2 : explain SELECT SUM(k) FROM sbtest2 WHERE id BETWEEN 6119387 AND 6119396
	Aggregate  (cost=43.65..43.66 rows=1 width=8)
	  ->  Index Scan using sbtest2_pkey on sbtest2  (cost=0.43..43.62 rows=10 width=4)
	        Index Cond: ((id >= 6119387) AND (id <= 6119396))

table 3 : explain SELECT SUM(k) FROM sbtest3 WHERE id BETWEEN 1291634 AND 1291643
	Aggregate  (cost=43.73..43.74 rows=1 width=8)
	  ->  Index Scan using sbtest3_pkey on sbtest3  (cost=0.43..43.70 rows=10 width=4)
	        Index Cond: ((id >= 1291634) AND (id <= 1291643))

table 4 : explain SELECT SUM(k) FROM sbtest4 WHERE id BETWEEN 1897848 AND 1897857
	Aggregate  (cost=43.76..43.77 rows=1 width=8)
	  ->  Index Scan using sbtest4_pkey on sbtest4  (cost=0.43..43.74 rows=10 width=4)
	        Index Cond: ((id >= 1897848) AND (id <= 1897857))

table 5 : explain SELECT SUM(k) FROM sbtest5 WHERE id BETWEEN 3954100 AND 3954109
	Aggregate  (cost=43.78..43.79 rows=1 width=8)
	  ->  Index Scan using sbtest5_pkey on sbtest5  (cost=0.43..43.75 rows=10 width=4)
	        Index Cond: ((id >= 3954100) AND (id <= 3954109))

table 6 : explain SELECT SUM(k) FROM sbtest6 WHERE id BETWEEN 2755128 AND 2755137
	Aggregate  (cost=47.66..47.67 rows=1 width=8)
	  ->  Index Scan using sbtest6_pkey on sbtest6  (cost=0.43..47.64 rows=11 width=4)
	        Index Cond: ((id >= 2755128) AND (id <= 2755137))

table 7 : explain SELECT SUM(k) FROM sbtest7 WHERE id BETWEEN 2993928 AND 2993937
	Aggregate  (cost=43.72..43.73 rows=1 width=8)
	  ->  Index Scan using sbtest7_pkey on sbtest7  (cost=0.43..43.70 rows=10 width=4)
	        Index Cond: ((id >= 2993928) AND (id <= 2993937))

table 8 : explain SELECT SUM(k) FROM sbtest8 WHERE id BETWEEN 4867154 AND 4867163
	Aggregate  (cost=43.78..43.79 rows=1 width=8)
	  ->  Index Scan using sbtest8_pkey on sbtest8  (cost=0.43..43.76 rows=10 width=4)
	        Index Cond: ((id >= 4867154) AND (id <= 4867163))

for: order_ranges
table 1 : explain SELECT c FROM sbtest1 WHERE id BETWEEN 4796416 AND 4796425 ORDER BY c
	Sort  (cost=43.80..43.83 rows=10 width=121)
	  Sort Key: c
	  ->  Index Scan using sbtest1_pkey on sbtest1  (cost=0.43..43.64 rows=10 width=121)
	        Index Cond: ((id >= 4796416) AND (id <= 4796425))

table 2 : explain SELECT c FROM sbtest2 WHERE id BETWEEN 3556527 AND 3556536 ORDER BY c
	Sort  (cost=43.79..43.81 rows=10 width=121)
	  Sort Key: c
	  ->  Index Scan using sbtest2_pkey on sbtest2  (cost=0.43..43.62 rows=10 width=121)
	        Index Cond: ((id >= 3556527) AND (id <= 3556536))

table 3 : explain SELECT c FROM sbtest3 WHERE id BETWEEN 8875582 AND 8875591 ORDER BY c
	Sort  (cost=43.87..43.90 rows=10 width=121)
	  Sort Key: c
	  ->  Index Scan using sbtest3_pkey on sbtest3  (cost=0.43..43.70 rows=10 width=121)
	        Index Cond: ((id >= 8875582) AND (id <= 8875591))

table 4 : explain SELECT c FROM sbtest4 WHERE id BETWEEN 4445490 AND 4445499 ORDER BY c
	Sort  (cost=47.85..47.87 rows=11 width=121)
	  Sort Key: c
	  ->  Index Scan using sbtest4_pkey on sbtest4  (cost=0.43..47.66 rows=11 width=121)
	        Index Cond: ((id >= 4445490) AND (id <= 4445499))

table 5 : explain SELECT c FROM sbtest5 WHERE id BETWEEN 2904601 AND 2904610 ORDER BY c
	Sort  (cost=43.92..43.95 rows=10 width=121)
	  Sort Key: c
	  ->  Index Scan using sbtest5_pkey on sbtest5  (cost=0.43..43.75 rows=10 width=121)
	        Index Cond: ((id >= 2904601) AND (id <= 2904610))

table 6 : explain SELECT c FROM sbtest6 WHERE id BETWEEN 2464812 AND 2464821 ORDER BY c
	Sort  (cost=43.88..43.91 rows=10 width=121)
	  Sort Key: c
	  ->  Index Scan using sbtest6_pkey on sbtest6  (cost=0.43..43.72 rows=10 width=121)
	        Index Cond: ((id >= 2464812) AND (id <= 2464821))

table 7 : explain SELECT c FROM sbtest7 WHERE id BETWEEN 720682 AND 720691 ORDER BY c
	Sort  (cost=47.81..47.83 rows=11 width=121)
	  Sort Key: c
	  ->  Index Scan using sbtest7_pkey on sbtest7  (cost=0.43..47.62 rows=11 width=121)
	        Index Cond: ((id >= 720682) AND (id <= 720691))

table 8 : explain SELECT c FROM sbtest8 WHERE id BETWEEN 9756397 AND 9756406 ORDER BY c
	Sort  (cost=47.87..47.90 rows=11 width=121)
	  Sort Key: c
	  ->  Index Scan using sbtest8_pkey on sbtest8  (cost=0.43..47.68 rows=11 width=121)
	        Index Cond: ((id >= 9756397) AND (id <= 9756406))

for: order_ranges
table 1 : explain SELECT c FROM sbtest1 WHERE id BETWEEN 6745609 AND 6745618 ORDER BY c
	Sort  (cost=43.80..43.83 rows=10 width=121)
	  Sort Key: c
	  ->  Index Scan using sbtest1_pkey on sbtest1  (cost=0.43..43.64 rows=10 width=121)
	        Index Cond: ((id >= 6745609) AND (id <= 6745618))

table 2 : explain SELECT c FROM sbtest2 WHERE id BETWEEN 1962743 AND 1962752 ORDER BY c
	Sort  (cost=47.72..47.75 rows=11 width=121)
	  Sort Key: c
	  ->  Index Scan using sbtest2_pkey on sbtest2  (cost=0.43..47.53 rows=11 width=121)
	        Index Cond: ((id >= 1962743) AND (id <= 1962752))

table 3 : explain SELECT c FROM sbtest3 WHERE id BETWEEN 5560120 AND 5560129 ORDER BY c
	Sort  (cost=43.87..43.90 rows=10 width=121)
	  Sort Key: c
	  ->  Index Scan using sbtest3_pkey on sbtest3  (cost=0.43..43.70 rows=10 width=121)
	        Index Cond: ((id >= 5560120) AND (id <= 5560129))

table 4 : explain SELECT c FROM sbtest4 WHERE id BETWEEN 8680073 AND 8680082 ORDER BY c
	Sort  (cost=43.90..43.93 rows=10 width=121)
	  Sort Key: c
	  ->  Index Scan using sbtest4_pkey on sbtest4  (cost=0.43..43.74 rows=10 width=121)
	        Index Cond: ((id >= 8680073) AND (id <= 8680082))

table 5 : explain SELECT c FROM sbtest5 WHERE id BETWEEN 7284182 AND 7284191 ORDER BY c
	Sort  (cost=39.98..40.00 rows=9 width=121)
	  Sort Key: c
	  ->  Index Scan using sbtest5_pkey on sbtest5  (cost=0.43..39.83 rows=9 width=121)
	        Index Cond: ((id >= 7284182) AND (id <= 7284191))

table 6 : explain SELECT c FROM sbtest6 WHERE id BETWEEN 3122189 AND 3122198 ORDER BY c
	Sort  (cost=43.88..43.91 rows=10 width=121)
	  Sort Key: c
	  ->  Index Scan using sbtest6_pkey on sbtest6  (cost=0.43..43.72 rows=10 width=121)
	        Index Cond: ((id >= 3122189) AND (id <= 3122198))

table 7 : explain SELECT c FROM sbtest7 WHERE id BETWEEN 5884608 AND 5884617 ORDER BY c
	Sort  (cost=47.81..47.83 rows=11 width=121)
	  Sort Key: c
	  ->  Index Scan using sbtest7_pkey on sbtest7  (cost=0.43..47.62 rows=11 width=121)
	        Index Cond: ((id >= 5884608) AND (id <= 5884617))

table 8 : explain SELECT c FROM sbtest8 WHERE id BETWEEN 250430 AND 250439 ORDER BY c
	Sort  (cost=39.98..40.00 rows=9 width=121)
	  Sort Key: c
	  ->  Index Scan using sbtest8_pkey on sbtest8  (cost=0.43..39.83 rows=9 width=121)
	        Index Cond: ((id >= 250430) AND (id <= 250439))

for: order_ranges
table 1 : explain SELECT c FROM sbtest1 WHERE id BETWEEN 739709 AND 739718 ORDER BY c
	Sort  (cost=43.80..43.83 rows=10 width=121)
	  Sort Key: c
	  ->  Index Scan using sbtest1_pkey on sbtest1  (cost=0.43..43.64 rows=10 width=121)
	        Index Cond: ((id >= 739709) AND (id <= 739718))

table 2 : explain SELECT c FROM sbtest2 WHERE id BETWEEN 5834990 AND 5834999 ORDER BY c
	Sort  (cost=39.86..39.88 rows=9 width=121)
	  Sort Key: c
	  ->  Index Scan using sbtest2_pkey on sbtest2  (cost=0.43..39.71 rows=9 width=121)
	        Index Cond: ((id >= 5834990) AND (id <= 5834999))

table 3 : explain SELECT c FROM sbtest3 WHERE id BETWEEN 4852621 AND 4852630 ORDER BY c
	Sort  (cost=43.87..43.90 rows=10 width=121)
	  Sort Key: c
	  ->  Index Scan using sbtest3_pkey on sbtest3  (cost=0.43..43.70 rows=10 width=121)
	        Index Cond: ((id >= 4852621) AND (id <= 4852630))

table 4 : explain SELECT c FROM sbtest4 WHERE id BETWEEN 2880478 AND 2880487 ORDER BY c
	Sort  (cost=43.90..43.93 rows=10 width=121)
	  Sort Key: c
	  ->  Index Scan using sbtest4_pkey on sbtest4  (cost=0.43..43.74 rows=10 width=121)
	        Index Cond: ((id >= 2880478) AND (id <= 2880487))

table 5 : explain SELECT c FROM sbtest5 WHERE id BETWEEN 7595470 AND 7595479 ORDER BY c
	Sort  (cost=43.92..43.95 rows=10 width=121)
	  Sort Key: c
	  ->  Index Scan using sbtest5_pkey on sbtest5  (cost=0.43..43.75 rows=10 width=121)
	        Index Cond: ((id >= 7595470) AND (id <= 7595479))

table 6 : explain SELECT c FROM sbtest6 WHERE id BETWEEN 1356788 AND 1356797 ORDER BY c
	Sort  (cost=43.88..43.91 rows=10 width=121)
	  Sort Key: c
	  ->  Index Scan using sbtest6_pkey on sbtest6  (cost=0.43..43.72 rows=10 width=121)
	        Index Cond: ((id >= 1356788) AND (id <= 1356797))

table 7 : explain SELECT c FROM sbtest7 WHERE id BETWEEN 6103060 AND 6103069 ORDER BY c
	Sort  (cost=47.81..47.83 rows=11 width=121)
	  Sort Key: c
	  ->  Index Scan using sbtest7_pkey on sbtest7  (cost=0.43..47.62 rows=11 width=121)
	        Index Cond: ((id >= 6103060) AND (id <= 6103069))

table 8 : explain SELECT c FROM sbtest8 WHERE id BETWEEN 1699871 AND 1699880 ORDER BY c
	Sort  (cost=43.92..43.95 rows=10 width=121)
	  Sort Key: c
	  ->  Index Scan using sbtest8_pkey on sbtest8  (cost=0.43..43.76 rows=10 width=121)
	        Index Cond: ((id >= 1699871) AND (id <= 1699880))

for: order_ranges
table 1 : explain SELECT c FROM sbtest1 WHERE id BETWEEN 7179866 AND 7179875 ORDER BY c
	Sort  (cost=43.80..43.83 rows=10 width=121)
	  Sort Key: c
	  ->  Index Scan using sbtest1_pkey on sbtest1  (cost=0.43..43.64 rows=10 width=121)
	        Index Cond: ((id >= 7179866) AND (id <= 7179875))

table 2 : explain SELECT c FROM sbtest2 WHERE id BETWEEN 9995532 AND 9995541 ORDER BY c
	Sort  (cost=43.79..43.81 rows=10 width=121)
	  Sort Key: c
	  ->  Index Scan using sbtest2_pkey on sbtest2  (cost=0.43..43.62 rows=10 width=121)
	        Index Cond: ((id >= 9995532) AND (id <= 9995541))

table 3 : explain SELECT c FROM sbtest3 WHERE id BETWEEN 4458498 AND 4458507 ORDER BY c
	Sort  (cost=43.87..43.90 rows=10 width=121)
	  Sort Key: c
	  ->  Index Scan using sbtest3_pkey on sbtest3  (cost=0.43..43.70 rows=10 width=121)
	        Index Cond: ((id >= 4458498) AND (id <= 4458507))

table 4 : explain SELECT c FROM sbtest4 WHERE id BETWEEN 5975324 AND 5975333 ORDER BY c
	Sort  (cost=39.96..39.98 rows=9 width=121)
	  Sort Key: c
	  ->  Index Scan using sbtest4_pkey on sbtest4  (cost=0.43..39.82 rows=9 width=121)
	        Index Cond: ((id >= 5975324) AND (id <= 5975333))

table 5 : explain SELECT c FROM sbtest5 WHERE id BETWEEN 2210036 AND 2210045 ORDER BY c
	Sort  (cost=43.92..43.95 rows=10 width=121)
	  Sort Key: c
	  ->  Index Scan using sbtest5_pkey on sbtest5  (cost=0.43..43.75 rows=10 width=121)
	        Index Cond: ((id >= 2210036) AND (id <= 2210045))

table 6 : explain SELECT c FROM sbtest6 WHERE id BETWEEN 3582556 AND 3582565 ORDER BY c
	Sort  (cost=39.94..39.96 rows=9 width=121)
	  Sort Key: c
	  ->  Index Scan using sbtest6_pkey on sbtest6  (cost=0.43..39.80 rows=9 width=121)
	        Index Cond: ((id >= 3582556) AND (id <= 3582565))

table 7 : explain SELECT c FROM sbtest7 WHERE id BETWEEN 5743386 AND 5743395 ORDER BY c
	Sort  (cost=39.93..39.95 rows=9 width=121)
	  Sort Key: c
	  ->  Index Scan using sbtest7_pkey on sbtest7  (cost=0.43..39.78 rows=9 width=121)
	        Index Cond: ((id >= 5743386) AND (id <= 5743395))

table 8 : explain SELECT c FROM sbtest8 WHERE id BETWEEN 5056103 AND 5056112 ORDER BY c
	Sort  (cost=43.92..43.95 rows=10 width=121)
	  Sort Key: c
	  ->  Index Scan using sbtest8_pkey on sbtest8  (cost=0.43..43.76 rows=10 width=121)
	        Index Cond: ((id >= 5056103) AND (id <= 5056112))

for: order_ranges
table 1 : explain SELECT c FROM sbtest1 WHERE id BETWEEN 2893011 AND 2893020 ORDER BY c
	Sort  (cost=43.80..43.83 rows=10 width=121)
	  Sort Key: c
	  ->  Index Scan using sbtest1_pkey on sbtest1  (cost=0.43..43.64 rows=10 width=121)
	        Index Cond: ((id >= 2893011) AND (id <= 2893020))

table 2 : explain SELECT c FROM sbtest2 WHERE id BETWEEN 3710362 AND 3710371 ORDER BY c
	Sort  (cost=43.79..43.81 rows=10 width=121)
	  Sort Key: c
	  ->  Index Scan using sbtest2_pkey on sbtest2  (cost=0.43..43.62 rows=10 width=121)
	        Index Cond: ((id >= 3710362) AND (id <= 3710371))

table 3 : explain SELECT c FROM sbtest3 WHERE id BETWEEN 3733959 AND 3733968 ORDER BY c
	Sort  (cost=43.87..43.90 rows=10 width=121)
	  Sort Key: c
	  ->  Index Scan using sbtest3_pkey on sbtest3  (cost=0.43..43.70 rows=10 width=121)
	        Index Cond: ((id >= 3733959) AND (id <= 3733968))

table 4 : explain SELECT c FROM sbtest4 WHERE id BETWEEN 79924 AND 79933 ORDER BY c
	Sort  (cost=43.90..43.93 rows=10 width=121)
	  Sort Key: c
	  ->  Index Scan using sbtest4_pkey on sbtest4  (cost=0.43..43.74 rows=10 width=121)
	        Index Cond: ((id >= 79924) AND (id <= 79933))

table 5 : explain SELECT c FROM sbtest5 WHERE id BETWEEN 157940 AND 157949 ORDER BY c
	Sort  (cost=43.92..43.95 rows=10 width=121)
	  Sort Key: c
	  ->  Index Scan using sbtest5_pkey on sbtest5  (cost=0.43..43.75 rows=10 width=121)
	        Index Cond: ((id >= 157940) AND (id <= 157949))

table 6 : explain SELECT c FROM sbtest6 WHERE id BETWEEN 1944531 AND 1944540 ORDER BY c
	Sort  (cost=43.88..43.91 rows=10 width=121)
	  Sort Key: c
	  ->  Index Scan using sbtest6_pkey on sbtest6  (cost=0.43..43.72 rows=10 width=121)
	        Index Cond: ((id >= 1944531) AND (id <= 1944540))

table 7 : explain SELECT c FROM sbtest7 WHERE id BETWEEN 3175227 AND 3175236 ORDER BY c
	Sort  (cost=47.81..47.83 rows=11 width=121)
	  Sort Key: c
	  ->  Index Scan using sbtest7_pkey on sbtest7  (cost=0.43..47.62 rows=11 width=121)
	        Index Cond: ((id >= 3175227) AND (id <= 3175236))

table 8 : explain SELECT c FROM sbtest8 WHERE id BETWEEN 6809015 AND 6809024 ORDER BY c
	Sort  (cost=43.92..43.95 rows=10 width=121)
	  Sort Key: c
	  ->  Index Scan using sbtest8_pkey on sbtest8  (cost=0.43..43.76 rows=10 width=121)
	        Index Cond: ((id >= 6809015) AND (id <= 6809024))

for: sum_ranges
table 1 : explain SELECT SUM(k) FROM sbtest1 WHERE id BETWEEN 2534240 AND 2534249
	Aggregate  (cost=43.66..43.67 rows=1 width=8)
	  ->  Index Scan using sbtest1_pkey on sbtest1  (cost=0.43..43.64 rows=10 width=4)
	        Index Cond: ((id >= 2534240) AND (id <= 2534249))

table 2 : explain SELECT SUM(k) FROM sbtest2 WHERE id BETWEEN 7926801 AND 7926810
	Aggregate  (cost=39.74..39.75 rows=1 width=8)
	  ->  Index Scan using sbtest2_pkey on sbtest2  (cost=0.43..39.71 rows=9 width=4)
	        Index Cond: ((id >= 7926801) AND (id <= 7926810))

table 3 : explain SELECT SUM(k) FROM sbtest3 WHERE id BETWEEN 8579348 AND 8579357
	Aggregate  (cost=47.65..47.66 rows=1 width=8)
	  ->  Index Scan using sbtest3_pkey on sbtest3  (cost=0.43..47.62 rows=11 width=4)
	        Index Cond: ((id >= 8579348) AND (id <= 8579357))

table 4 : explain SELECT SUM(k) FROM sbtest4 WHERE id BETWEEN 4532740 AND 4532749
	Aggregate  (cost=43.76..43.77 rows=1 width=8)
	  ->  Index Scan using sbtest4_pkey on sbtest4  (cost=0.43..43.74 rows=10 width=4)
	        Index Cond: ((id >= 4532740) AND (id <= 4532749))

table 5 : explain SELECT SUM(k) FROM sbtest5 WHERE id BETWEEN 5425894 AND 5425903
	Aggregate  (cost=43.78..43.79 rows=1 width=8)
	  ->  Index Scan using sbtest5_pkey on sbtest5  (cost=0.43..43.75 rows=10 width=4)
	        Index Cond: ((id >= 5425894) AND (id <= 5425903))

table 6 : explain SELECT SUM(k) FROM sbtest6 WHERE id BETWEEN 3198301 AND 3198310
	Aggregate  (cost=43.74..43.75 rows=1 width=8)
	  ->  Index Scan using sbtest6_pkey on sbtest6  (cost=0.43..43.72 rows=10 width=4)
	        Index Cond: ((id >= 3198301) AND (id <= 3198310))

table 7 : explain SELECT SUM(k) FROM sbtest7 WHERE id BETWEEN 8643328 AND 8643337
	Aggregate  (cost=43.72..43.73 rows=1 width=8)
	  ->  Index Scan using sbtest7_pkey on sbtest7  (cost=0.43..43.70 rows=10 width=4)
	        Index Cond: ((id >= 8643328) AND (id <= 8643337))

table 8 : explain SELECT SUM(k) FROM sbtest8 WHERE id BETWEEN 6974187 AND 6974196
	Aggregate  (cost=47.71..47.72 rows=1 width=8)
	  ->  Index Scan using sbtest8_pkey on sbtest8  (cost=0.43..47.68 rows=11 width=4)
	        Index Cond: ((id >= 6974187) AND (id <= 6974196))

for: order_ranges
table 1 : explain SELECT c FROM sbtest1 WHERE id BETWEEN 8922907 AND 8922916 ORDER BY c
	Sort  (cost=47.74..47.76 rows=11 width=121)
	  Sort Key: c
	  ->  Index Scan using sbtest1_pkey on sbtest1  (cost=0.43..47.55 rows=11 width=121)
	        Index Cond: ((id >= 8922907) AND (id <= 8922916))

table 2 : explain SELECT c FROM sbtest2 WHERE id BETWEEN 2290162 AND 2290171 ORDER BY c
	Sort  (cost=43.79..43.81 rows=10 width=121)
	  Sort Key: c
	  ->  Index Scan using sbtest2_pkey on sbtest2  (cost=0.43..43.62 rows=10 width=121)
	        Index Cond: ((id >= 2290162) AND (id <= 2290171))

table 3 : explain SELECT c FROM sbtest3 WHERE id BETWEEN 418344 AND 418353 ORDER BY c
	Sort  (cost=43.87..43.90 rows=10 width=121)
	  Sort Key: c
	  ->  Index Scan using sbtest3_pkey on sbtest3  (cost=0.43..43.70 rows=10 width=121)
	        Index Cond: ((id >= 418344) AND (id <= 418353))

table 4 : explain SELECT c FROM sbtest4 WHERE id BETWEEN 8014092 AND 8014101 ORDER BY c
	Sort  (cost=47.85..47.87 rows=11 width=121)
	  Sort Key: c
	  ->  Index Scan using sbtest4_pkey on sbtest4  (cost=0.43..47.66 rows=11 width=121)
	        Index Cond: ((id >= 8014092) AND (id <= 8014101))

table 5 : explain SELECT c FROM sbtest5 WHERE id BETWEEN 7211384 AND 7211393 ORDER BY c
	Sort  (cost=47.87..47.89 rows=11 width=121)
	  Sort Key: c
	  ->  Index Scan using sbtest5_pkey on sbtest5  (cost=0.43..47.68 rows=11 width=121)
	        Index Cond: ((id >= 7211384) AND (id <= 7211393))

table 6 : explain SELECT c FROM sbtest6 WHERE id BETWEEN 1491348 AND 1491357 ORDER BY c
	Sort  (cost=43.88..43.91 rows=10 width=121)
	  Sort Key: c
	  ->  Index Scan using sbtest6_pkey on sbtest6  (cost=0.43..43.72 rows=10 width=121)
	        Index Cond: ((id >= 1491348) AND (id <= 1491357))

table 7 : explain SELECT c FROM sbtest7 WHERE id BETWEEN 6969494 AND 6969503 ORDER BY c
	Sort  (cost=43.87..43.89 rows=10 width=121)
	  Sort Key: c
	  ->  Index Scan using sbtest7_pkey on sbtest7  (cost=0.43..43.70 rows=10 width=121)
	        Index Cond: ((id >= 6969494) AND (id <= 6969503))

table 8 : explain SELECT c FROM sbtest8 WHERE id BETWEEN 6656342 AND 6656351 ORDER BY c
	Sort  (cost=39.98..40.00 rows=9 width=121)
	  Sort Key: c
	  ->  Index Scan using sbtest8_pkey on sbtest8  (cost=0.43..39.83 rows=9 width=121)
	        Index Cond: ((id >= 6656342) AND (id <= 6656351))

for: order_ranges
table 1 : explain SELECT c FROM sbtest1 WHERE id BETWEEN 3923935 AND 3923944 ORDER BY c
	Sort  (cost=39.87..39.89 rows=9 width=121)
	  Sort Key: c
	  ->  Index Scan using sbtest1_pkey on sbtest1  (cost=0.43..39.73 rows=9 width=121)
	        Index Cond: ((id >= 3923935) AND (id <= 3923944))

table 2 : explain SELECT c FROM sbtest2 WHERE id BETWEEN 4659556 AND 4659565 ORDER BY c
	Sort  (cost=47.72..47.75 rows=11 width=121)
	  Sort Key: c
	  ->  Index Scan using sbtest2_pkey on sbtest2  (cost=0.43..47.53 rows=11 width=121)
	        Index Cond: ((id >= 4659556) AND (id <= 4659565))

table 3 : explain SELECT c FROM sbtest3 WHERE id BETWEEN 6472915 AND 6472924 ORDER BY c
	Sort  (cost=43.87..43.90 rows=10 width=121)
	  Sort Key: c
	  ->  Index Scan using sbtest3_pkey on sbtest3  (cost=0.43..43.70 rows=10 width=121)
	        Index Cond: ((id >= 6472915) AND (id <= 6472924))

table 4 : explain SELECT c FROM sbtest4 WHERE id BETWEEN 821229 AND 821238 ORDER BY c
	Sort  (cost=43.90..43.93 rows=10 width=121)
	  Sort Key: c
	  ->  Index Scan using sbtest4_pkey on sbtest4  (cost=0.43..43.74 rows=10 width=121)
	        Index Cond: ((id >= 821229) AND (id <= 821238))

table 5 : explain SELECT c FROM sbtest5 WHERE id BETWEEN 3798894 AND 3798903 ORDER BY c
	Sort  (cost=47.87..47.89 rows=11 width=121)
	  Sort Key: c
	  ->  Index Scan using sbtest5_pkey on sbtest5  (cost=0.43..47.68 rows=11 width=121)
	        Index Cond: ((id >= 3798894) AND (id <= 3798903))

table 6 : explain SELECT c FROM sbtest6 WHERE id BETWEEN 1455956 AND 1455965 ORDER BY c
	Sort  (cost=43.88..43.91 rows=10 width=121)
	  Sort Key: c
	  ->  Index Scan using sbtest6_pkey on sbtest6  (cost=0.43..43.72 rows=10 width=121)
	        Index Cond: ((id >= 1455956) AND (id <= 1455965))

table 7 : explain SELECT c FROM sbtest7 WHERE id BETWEEN 6664873 AND 6664882 ORDER BY c
	Sort  (cost=39.93..39.95 rows=9 width=121)
	  Sort Key: c
	  ->  Index Scan using sbtest7_pkey on sbtest7  (cost=0.43..39.78 rows=9 width=121)
	        Index Cond: ((id >= 6664873) AND (id <= 6664882))

table 8 : explain SELECT c FROM sbtest8 WHERE id BETWEEN 8231487 AND 8231496 ORDER BY c
	Sort  (cost=39.98..40.00 rows=9 width=121)
	  Sort Key: c
	  ->  Index Scan using sbtest8_pkey on sbtest8  (cost=0.43..39.83 rows=9 width=121)
	        Index Cond: ((id >= 8231487) AND (id <= 8231496))

for: sum_ranges
table 1 : explain SELECT SUM(k) FROM sbtest1 WHERE id BETWEEN 3880040 AND 3880049
	Aggregate  (cost=43.66..43.67 rows=1 width=8)
	  ->  Index Scan using sbtest1_pkey on sbtest1  (cost=0.43..43.64 rows=10 width=4)
	        Index Cond: ((id >= 3880040) AND (id <= 3880049))

table 2 : explain SELECT SUM(k) FROM sbtest2 WHERE id BETWEEN 123953 AND 123962
	Aggregate  (cost=47.56..47.57 rows=1 width=8)
	  ->  Index Scan using sbtest2_pkey on sbtest2  (cost=0.43..47.53 rows=11 width=4)
	        Index Cond: ((id >= 123953) AND (id <= 123962))

table 3 : explain SELECT SUM(k) FROM sbtest3 WHERE id BETWEEN 8611929 AND 8611938
	Aggregate  (cost=43.73..43.74 rows=1 width=8)
	  ->  Index Scan using sbtest3_pkey on sbtest3  (cost=0.43..43.70 rows=10 width=4)
	        Index Cond: ((id >= 8611929) AND (id <= 8611938))

table 4 : explain SELECT SUM(k) FROM sbtest4 WHERE id BETWEEN 8733440 AND 8733449
	Aggregate  (cost=47.68..47.69 rows=1 width=8)
	  ->  Index Scan using sbtest4_pkey on sbtest4  (cost=0.43..47.66 rows=11 width=4)
	        Index Cond: ((id >= 8733440) AND (id <= 8733449))

table 5 : explain SELECT SUM(k) FROM sbtest5 WHERE id BETWEEN 5158848 AND 5158857
	Aggregate  (cost=43.78..43.79 rows=1 width=8)
	  ->  Index Scan using sbtest5_pkey on sbtest5  (cost=0.43..43.75 rows=10 width=4)
	        Index Cond: ((id >= 5158848) AND (id <= 5158857))

table 6 : explain SELECT SUM(k) FROM sbtest6 WHERE id BETWEEN 6629728 AND 6629737
	Aggregate  (cost=39.82..39.83 rows=1 width=8)
	  ->  Index Scan using sbtest6_pkey on sbtest6  (cost=0.43..39.80 rows=9 width=4)
	        Index Cond: ((id >= 6629728) AND (id <= 6629737))

table 7 : explain SELECT SUM(k) FROM sbtest7 WHERE id BETWEEN 3442709 AND 3442718
	Aggregate  (cost=39.81..39.82 rows=1 width=8)
	  ->  Index Scan using sbtest7_pkey on sbtest7  (cost=0.43..39.78 rows=9 width=4)
	        Index Cond: ((id >= 3442709) AND (id <= 3442718))

table 8 : explain SELECT SUM(k) FROM sbtest8 WHERE id BETWEEN 6192572 AND 6192581
	Aggregate  (cost=47.71..47.72 rows=1 width=8)
	  ->  Index Scan using sbtest8_pkey on sbtest8  (cost=0.43..47.68 rows=11 width=4)
	        Index Cond: ((id >= 6192572) AND (id <= 6192581))

for: sum_ranges
table 1 : explain SELECT SUM(k) FROM sbtest1 WHERE id BETWEEN 8475912 AND 8475921
	Aggregate  (cost=43.66..43.67 rows=1 width=8)
	  ->  Index Scan using sbtest1_pkey on sbtest1  (cost=0.43..43.64 rows=10 width=4)
	        Index Cond: ((id >= 8475912) AND (id <= 8475921))

table 2 : explain SELECT SUM(k) FROM sbtest2 WHERE id BETWEEN 4303738 AND 4303747
	Aggregate  (cost=43.65..43.66 rows=1 width=8)
	  ->  Index Scan using sbtest2_pkey on sbtest2  (cost=0.43..43.62 rows=10 width=4)
	        Index Cond: ((id >= 4303738) AND (id <= 4303747))

table 3 : explain SELECT SUM(k) FROM sbtest3 WHERE id BETWEEN 148209 AND 148218
	Aggregate  (cost=43.73..43.74 rows=1 width=8)
	  ->  Index Scan using sbtest3_pkey on sbtest3  (cost=0.43..43.70 rows=10 width=4)
	        Index Cond: ((id >= 148209) AND (id <= 148218))

table 4 : explain SELECT SUM(k) FROM sbtest4 WHERE id BETWEEN 5898573 AND 5898582
	Aggregate  (cost=47.68..47.69 rows=1 width=8)
	  ->  Index Scan using sbtest4_pkey on sbtest4  (cost=0.43..47.66 rows=11 width=4)
	        Index Cond: ((id >= 5898573) AND (id <= 5898582))

table 5 : explain SELECT SUM(k) FROM sbtest5 WHERE id BETWEEN 8879696 AND 8879705
	Aggregate  (cost=43.78..43.79 rows=1 width=8)
	  ->  Index Scan using sbtest5_pkey on sbtest5  (cost=0.43..43.75 rows=10 width=4)
	        Index Cond: ((id >= 8879696) AND (id <= 8879705))

table 6 : explain SELECT SUM(k) FROM sbtest6 WHERE id BETWEEN 2357278 AND 2357287
	Aggregate  (cost=39.82..39.83 rows=1 width=8)
	  ->  Index Scan using sbtest6_pkey on sbtest6  (cost=0.43..39.80 rows=9 width=4)
	        Index Cond: ((id >= 2357278) AND (id <= 2357287))

table 7 : explain SELECT SUM(k) FROM sbtest7 WHERE id BETWEEN 4852587 AND 4852596
	Aggregate  (cost=43.72..43.73 rows=1 width=8)
	  ->  Index Scan using sbtest7_pkey on sbtest7  (cost=0.43..43.70 rows=10 width=4)
	        Index Cond: ((id >= 4852587) AND (id <= 4852596))

table 8 : explain SELECT SUM(k) FROM sbtest8 WHERE id BETWEEN 5737534 AND 5737543
	Aggregate  (cost=43.78..43.79 rows=1 width=8)
	  ->  Index Scan using sbtest8_pkey on sbtest8  (cost=0.43..43.76 rows=10 width=4)
	        Index Cond: ((id >= 5737534) AND (id <= 5737543))

for: order_ranges
table 1 : explain SELECT c FROM sbtest1 WHERE id BETWEEN 3479203 AND 3479212 ORDER BY c
	Sort  (cost=43.80..43.83 rows=10 width=121)
	  Sort Key: c
	  ->  Index Scan using sbtest1_pkey on sbtest1  (cost=0.43..43.64 rows=10 width=121)
	        Index Cond: ((id >= 3479203) AND (id <= 3479212))

table 2 : explain SELECT c FROM sbtest2 WHERE id BETWEEN 3343648 AND 3343657 ORDER BY c
	Sort  (cost=43.79..43.81 rows=10 width=121)
	  Sort Key: c
	  ->  Index Scan using sbtest2_pkey on sbtest2  (cost=0.43..43.62 rows=10 width=121)
	        Index Cond: ((id >= 3343648) AND (id <= 3343657))

table 3 : explain SELECT c FROM sbtest3 WHERE id BETWEEN 662455 AND 662464 ORDER BY c
	Sort  (cost=43.87..43.90 rows=10 width=121)
	  Sort Key: c
	  ->  Index Scan using sbtest3_pkey on sbtest3  (cost=0.43..43.70 rows=10 width=121)
	        Index Cond: ((id >= 662455) AND (id <= 662464))

table 4 : explain SELECT c FROM sbtest4 WHERE id BETWEEN 6497333 AND 6497342 ORDER BY c
	Sort  (cost=43.90..43.93 rows=10 width=121)
	  Sort Key: c
	  ->  Index Scan using sbtest4_pkey on sbtest4  (cost=0.43..43.74 rows=10 width=121)
	        Index Cond: ((id >= 6497333) AND (id <= 6497342))

table 5 : explain SELECT c FROM sbtest5 WHERE id BETWEEN 8013841 AND 8013850 ORDER BY c
	Sort  (cost=43.92..43.95 rows=10 width=121)
	  Sort Key: c
	  ->  Index Scan using sbtest5_pkey on sbtest5  (cost=0.43..43.75 rows=10 width=121)
	        Index Cond: ((id >= 8013841) AND (id <= 8013850))

table 6 : explain SELECT c FROM sbtest6 WHERE id BETWEEN 258266 AND 258275 ORDER BY c
	Sort  (cost=43.88..43.91 rows=10 width=121)
	  Sort Key: c
	  ->  Index Scan using sbtest6_pkey on sbtest6  (cost=0.43..43.72 rows=10 width=121)
	        Index Cond: ((id >= 258266) AND (id <= 258275))

table 7 : explain SELECT c FROM sbtest7 WHERE id BETWEEN 3848217 AND 3848226 ORDER BY c
	Sort  (cost=43.87..43.89 rows=10 width=121)
	  Sort Key: c
	  ->  Index Scan using sbtest7_pkey on sbtest7  (cost=0.43..43.70 rows=10 width=121)
	        Index Cond: ((id >= 3848217) AND (id <= 3848226))

table 8 : explain SELECT c FROM sbtest8 WHERE id BETWEEN 9833748 AND 9833757 ORDER BY c
	Sort  (cost=43.92..43.95 rows=10 width=121)
	  Sort Key: c
	  ->  Index Scan using sbtest8_pkey on sbtest8  (cost=0.43..43.76 rows=10 width=121)
	        Index Cond: ((id >= 9833748) AND (id <= 9833757))

for: sum_ranges
table 1 : explain SELECT SUM(k) FROM sbtest1 WHERE id BETWEEN 1881187 AND 1881196
	Aggregate  (cost=39.75..39.76 rows=1 width=8)
	  ->  Index Scan using sbtest1_pkey on sbtest1  (cost=0.43..39.73 rows=9 width=4)
	        Index Cond: ((id >= 1881187) AND (id <= 1881196))

table 2 : explain SELECT SUM(k) FROM sbtest2 WHERE id BETWEEN 4419318 AND 4419327
	Aggregate  (cost=47.56..47.57 rows=1 width=8)
	  ->  Index Scan using sbtest2_pkey on sbtest2  (cost=0.43..47.53 rows=11 width=4)
	        Index Cond: ((id >= 4419318) AND (id <= 4419327))

table 3 : explain SELECT SUM(k) FROM sbtest3 WHERE id BETWEEN 2878752 AND 2878761
	Aggregate  (cost=43.73..43.74 rows=1 width=8)
	  ->  Index Scan using sbtest3_pkey on sbtest3  (cost=0.43..43.70 rows=10 width=4)
	        Index Cond: ((id >= 2878752) AND (id <= 2878761))

table 4 : explain SELECT SUM(k) FROM sbtest4 WHERE id BETWEEN 3926333 AND 3926342
	Aggregate  (cost=39.84..39.85 rows=1 width=8)
	  ->  Index Scan using sbtest4_pkey on sbtest4  (cost=0.43..39.82 rows=9 width=4)
	        Index Cond: ((id >= 3926333) AND (id <= 3926342))

table 5 : explain SELECT SUM(k) FROM sbtest5 WHERE id BETWEEN 6023951 AND 6023960
	Aggregate  (cost=43.78..43.79 rows=1 width=8)
	  ->  Index Scan using sbtest5_pkey on sbtest5  (cost=0.43..43.75 rows=10 width=4)
	        Index Cond: ((id >= 6023951) AND (id <= 6023960))

table 6 : explain SELECT SUM(k) FROM sbtest6 WHERE id BETWEEN 1476341 AND 1476350
	Aggregate  (cost=43.74..43.75 rows=1 width=8)
	  ->  Index Scan using sbtest6_pkey on sbtest6  (cost=0.43..43.72 rows=10 width=4)
	        Index Cond: ((id >= 1476341) AND (id <= 1476350))

table 7 : explain SELECT SUM(k) FROM sbtest7 WHERE id BETWEEN 3085855 AND 3085864
	Aggregate  (cost=43.72..43.73 rows=1 width=8)
	  ->  Index Scan using sbtest7_pkey on sbtest7  (cost=0.43..43.70 rows=10 width=4)
	        Index Cond: ((id >= 3085855) AND (id <= 3085864))

table 8 : explain SELECT SUM(k) FROM sbtest8 WHERE id BETWEEN 8176437 AND 8176446
	Aggregate  (cost=43.78..43.79 rows=1 width=8)
	  ->  Index Scan using sbtest8_pkey on sbtest8  (cost=0.43..43.76 rows=10 width=4)
	        Index Cond: ((id >= 8176437) AND (id <= 8176446))

for: sum_ranges
table 1 : explain SELECT SUM(k) FROM sbtest1 WHERE id BETWEEN 2376836 AND 2376845
	Aggregate  (cost=51.49..51.50 rows=1 width=8)
	  ->  Index Scan using sbtest1_pkey on sbtest1  (cost=0.43..51.46 rows=12 width=4)
	        Index Cond: ((id >= 2376836) AND (id <= 2376845))

table 2 : explain SELECT SUM(k) FROM sbtest2 WHERE id BETWEEN 4818550 AND 4818559
	Aggregate  (cost=47.56..47.57 rows=1 width=8)
	  ->  Index Scan using sbtest2_pkey on sbtest2  (cost=0.43..47.53 rows=11 width=4)
	        Index Cond: ((id >= 4818550) AND (id <= 4818559))

table 3 : explain SELECT SUM(k) FROM sbtest3 WHERE id BETWEEN 1031839 AND 1031848
	Aggregate  (cost=43.73..43.74 rows=1 width=8)
	  ->  Index Scan using sbtest3_pkey on sbtest3  (cost=0.43..43.70 rows=10 width=4)
	        Index Cond: ((id >= 1031839) AND (id <= 1031848))

table 4 : explain SELECT SUM(k) FROM sbtest4 WHERE id BETWEEN 4307839 AND 4307848
	Aggregate  (cost=43.76..43.77 rows=1 width=8)
	  ->  Index Scan using sbtest4_pkey on sbtest4  (cost=0.43..43.74 rows=10 width=4)
	        Index Cond: ((id >= 4307839) AND (id <= 4307848))

table 5 : explain SELECT SUM(k) FROM sbtest5 WHERE id BETWEEN 1680139 AND 1680148
	Aggregate  (cost=39.85..39.86 rows=1 width=8)
	  ->  Index Scan using sbtest5_pkey on sbtest5  (cost=0.43..39.83 rows=9 width=4)
	        Index Cond: ((id >= 1680139) AND (id <= 1680148))

table 6 : explain SELECT SUM(k) FROM sbtest6 WHERE id BETWEEN 8149606 AND 8149615
	Aggregate  (cost=47.66..47.67 rows=1 width=8)
	  ->  Index Scan using sbtest6_pkey on sbtest6  (cost=0.43..47.64 rows=11 width=4)
	        Index Cond: ((id >= 8149606) AND (id <= 8149615))

table 7 : explain SELECT SUM(k) FROM sbtest7 WHERE id BETWEEN 7531924 AND 7531933
	Aggregate  (cost=43.72..43.73 rows=1 width=8)
	  ->  Index Scan using sbtest7_pkey on sbtest7  (cost=0.43..43.70 rows=10 width=4)
	        Index Cond: ((id >= 7531924) AND (id <= 7531933))

table 8 : explain SELECT SUM(k) FROM sbtest8 WHERE id BETWEEN 2470030 AND 2470039
	Aggregate  (cost=43.78..43.79 rows=1 width=8)
	  ->  Index Scan using sbtest8_pkey on sbtest8  (cost=0.43..43.76 rows=10 width=4)
	        Index Cond: ((id >= 2470030) AND (id <= 2470039))

for: order_ranges
table 1 : explain SELECT c FROM sbtest1 WHERE id BETWEEN 3428256 AND 3428265 ORDER BY c
	Sort  (cost=43.80..43.83 rows=10 width=121)
	  Sort Key: c
	  ->  Index Scan using sbtest1_pkey on sbtest1  (cost=0.43..43.64 rows=10 width=121)
	        Index Cond: ((id >= 3428256) AND (id <= 3428265))

table 2 : explain SELECT c FROM sbtest2 WHERE id BETWEEN 4798003 AND 4798012 ORDER BY c
	Sort  (cost=47.72..47.75 rows=11 width=121)
	  Sort Key: c
	  ->  Index Scan using sbtest2_pkey on sbtest2  (cost=0.43..47.53 rows=11 width=121)
	        Index Cond: ((id >= 4798003) AND (id <= 4798012))

table 3 : explain SELECT c FROM sbtest3 WHERE id BETWEEN 1731439 AND 1731448 ORDER BY c
	Sort  (cost=39.93..39.95 rows=9 width=121)
	  Sort Key: c
	  ->  Index Scan using sbtest3_pkey on sbtest3  (cost=0.43..39.79 rows=9 width=121)
	        Index Cond: ((id >= 1731439) AND (id <= 1731448))

table 4 : explain SELECT c FROM sbtest4 WHERE id BETWEEN 6164079 AND 6164088 ORDER BY c
	Sort  (cost=47.85..47.87 rows=11 width=121)
	  Sort Key: c
	  ->  Index Scan using sbtest4_pkey on sbtest4  (cost=0.43..47.66 rows=11 width=121)
	        Index Cond: ((id >= 6164079) AND (id <= 6164088))

table 5 : explain SELECT c FROM sbtest5 WHERE id BETWEEN 9783176 AND 9783185 ORDER BY c
	Sort  (cost=43.92..43.95 rows=10 width=121)
	  Sort Key: c
	  ->  Index Scan using sbtest5_pkey on sbtest5  (cost=0.43..43.75 rows=10 width=121)
	        Index Cond: ((id >= 9783176) AND (id <= 9783185))

table 6 : explain SELECT c FROM sbtest6 WHERE id BETWEEN 3605252 AND 3605261 ORDER BY c
	Sort  (cost=43.88..43.91 rows=10 width=121)
	  Sort Key: c
	  ->  Index Scan using sbtest6_pkey on sbtest6  (cost=0.43..43.72 rows=10 width=121)
	        Index Cond: ((id >= 3605252) AND (id <= 3605261))

table 7 : explain SELECT c FROM sbtest7 WHERE id BETWEEN 1669896 AND 1669905 ORDER BY c
	Sort  (cost=47.81..47.83 rows=11 width=121)
	  Sort Key: c
	  ->  Index Scan using sbtest7_pkey on sbtest7  (cost=0.43..47.62 rows=11 width=121)
	        Index Cond: ((id >= 1669896) AND (id <= 1669905))

table 8 : explain SELECT c FROM sbtest8 WHERE id BETWEEN 4583164 AND 4583173 ORDER BY c
	Sort  (cost=43.92..43.95 rows=10 width=121)
	  Sort Key: c
	  ->  Index Scan using sbtest8_pkey on sbtest8  (cost=0.43..43.76 rows=10 width=121)
	        Index Cond: ((id >= 4583164) AND (id <= 4583173))

for: sum_ranges
table 1 : explain SELECT SUM(k) FROM sbtest1 WHERE id BETWEEN 8631840 AND 8631849
	Aggregate  (cost=43.66..43.67 rows=1 width=8)
	  ->  Index Scan using sbtest1_pkey on sbtest1  (cost=0.43..43.64 rows=10 width=4)
	        Index Cond: ((id >= 8631840) AND (id <= 8631849))

table 2 : explain SELECT SUM(k) FROM sbtest2 WHERE id BETWEEN 2578566 AND 2578575
	Aggregate  (cost=43.65..43.66 rows=1 width=8)
	  ->  Index Scan using sbtest2_pkey on sbtest2  (cost=0.43..43.62 rows=10 width=4)
	        Index Cond: ((id >= 2578566) AND (id <= 2578575))

table 3 : explain SELECT SUM(k) FROM sbtest3 WHERE id BETWEEN 1827410 AND 1827419
	Aggregate  (cost=43.73..43.74 rows=1 width=8)
	  ->  Index Scan using sbtest3_pkey on sbtest3  (cost=0.43..43.70 rows=10 width=4)
	        Index Cond: ((id >= 1827410) AND (id <= 1827419))

table 4 : explain SELECT SUM(k) FROM sbtest4 WHERE id BETWEEN 222632 AND 222641
	Aggregate  (cost=43.76..43.77 rows=1 width=8)
	  ->  Index Scan using sbtest4_pkey on sbtest4  (cost=0.43..43.74 rows=10 width=4)
	        Index Cond: ((id >= 222632) AND (id <= 222641))

table 5 : explain SELECT SUM(k) FROM sbtest5 WHERE id BETWEEN 3628843 AND 3628852
	Aggregate  (cost=43.78..43.79 rows=1 width=8)
	  ->  Index Scan using sbtest5_pkey on sbtest5  (cost=0.43..43.75 rows=10 width=4)
	        Index Cond: ((id >= 3628843) AND (id <= 3628852))

table 6 : explain SELECT SUM(k) FROM sbtest6 WHERE id BETWEEN 4521267 AND 4521276
	Aggregate  (cost=43.74..43.75 rows=1 width=8)
	  ->  Index Scan using sbtest6_pkey on sbtest6  (cost=0.43..43.72 rows=10 width=4)
	        Index Cond: ((id >= 4521267) AND (id <= 4521276))

table 7 : explain SELECT SUM(k) FROM sbtest7 WHERE id BETWEEN 2778392 AND 2778401
	Aggregate  (cost=47.64..47.65 rows=1 width=8)
	  ->  Index Scan using sbtest7_pkey on sbtest7  (cost=0.43..47.62 rows=11 width=4)
	        Index Cond: ((id >= 2778392) AND (id <= 2778401))

table 8 : explain SELECT SUM(k) FROM sbtest8 WHERE id BETWEEN 2301816 AND 2301825
	Aggregate  (cost=43.78..43.79 rows=1 width=8)
	  ->  Index Scan using sbtest8_pkey on sbtest8  (cost=0.43..43.76 rows=10 width=4)
	        Index Cond: ((id >= 2301816) AND (id <= 2301825))

for: sum_ranges
table 1 : explain SELECT SUM(k) FROM sbtest1 WHERE id BETWEEN 8646526 AND 8646535
	Aggregate  (cost=43.66..43.67 rows=1 width=8)
	  ->  Index Scan using sbtest1_pkey on sbtest1  (cost=0.43..43.64 rows=10 width=4)
	        Index Cond: ((id >= 8646526) AND (id <= 8646535))

table 2 : explain SELECT SUM(k) FROM sbtest2 WHERE id BETWEEN 6678911 AND 6678920
	Aggregate  (cost=47.56..47.57 rows=1 width=8)
	  ->  Index Scan using sbtest2_pkey on sbtest2  (cost=0.43..47.53 rows=11 width=4)
	        Index Cond: ((id >= 6678911) AND (id <= 6678920))

table 3 : explain SELECT SUM(k) FROM sbtest3 WHERE id BETWEEN 5254912 AND 5254921
	Aggregate  (cost=47.65..47.66 rows=1 width=8)
	  ->  Index Scan using sbtest3_pkey on sbtest3  (cost=0.43..47.62 rows=11 width=4)
	        Index Cond: ((id >= 5254912) AND (id <= 5254921))

table 4 : explain SELECT SUM(k) FROM sbtest4 WHERE id BETWEEN 9805171 AND 9805180
	Aggregate  (cost=39.84..39.85 rows=1 width=8)
	  ->  Index Scan using sbtest4_pkey on sbtest4  (cost=0.43..39.82 rows=9 width=4)
	        Index Cond: ((id >= 9805171) AND (id <= 9805180))

table 5 : explain SELECT SUM(k) FROM sbtest5 WHERE id BETWEEN 9546815 AND 9546824
	Aggregate  (cost=43.78..43.79 rows=1 width=8)
	  ->  Index Scan using sbtest5_pkey on sbtest5  (cost=0.43..43.75 rows=10 width=4)
	        Index Cond: ((id >= 9546815) AND (id <= 9546824))

table 6 : explain SELECT SUM(k) FROM sbtest6 WHERE id BETWEEN 9277892 AND 9277901
	Aggregate  (cost=43.74..43.75 rows=1 width=8)
	  ->  Index Scan using sbtest6_pkey on sbtest6  (cost=0.43..43.72 rows=10 width=4)
	        Index Cond: ((id >= 9277892) AND (id <= 9277901))

table 7 : explain SELECT SUM(k) FROM sbtest7 WHERE id BETWEEN 3214151 AND 3214160
	Aggregate  (cost=47.64..47.65 rows=1 width=8)
	  ->  Index Scan using sbtest7_pkey on sbtest7  (cost=0.43..47.62 rows=11 width=4)
	        Index Cond: ((id >= 3214151) AND (id <= 3214160))

table 8 : explain SELECT SUM(k) FROM sbtest8 WHERE id BETWEEN 1875807 AND 1875816
	Aggregate  (cost=43.78..43.79 rows=1 width=8)
	  ->  Index Scan using sbtest8_pkey on sbtest8  (cost=0.43..43.76 rows=10 width=4)
	        Index Cond: ((id >= 1875807) AND (id <= 1875816))

for: order_ranges
table 1 : explain SELECT c FROM sbtest1 WHERE id BETWEEN 4371548 AND 4371557 ORDER BY c
	Sort  (cost=43.80..43.83 rows=10 width=121)
	  Sort Key: c
	  ->  Index Scan using sbtest1_pkey on sbtest1  (cost=0.43..43.64 rows=10 width=121)
	        Index Cond: ((id >= 4371548) AND (id <= 4371557))

table 2 : explain SELECT c FROM sbtest2 WHERE id BETWEEN 5181054 AND 5181063 ORDER BY c
	Sort  (cost=43.79..43.81 rows=10 width=121)
	  Sort Key: c
	  ->  Index Scan using sbtest2_pkey on sbtest2  (cost=0.43..43.62 rows=10 width=121)
	        Index Cond: ((id >= 5181054) AND (id <= 5181063))

table 3 : explain SELECT c FROM sbtest3 WHERE id BETWEEN 6867283 AND 6867292 ORDER BY c
	Sort  (cost=43.87..43.90 rows=10 width=121)
	  Sort Key: c
	  ->  Index Scan using sbtest3_pkey on sbtest3  (cost=0.43..43.70 rows=10 width=121)
	        Index Cond: ((id >= 6867283) AND (id <= 6867292))

table 4 : explain SELECT c FROM sbtest4 WHERE id BETWEEN 892982 AND 892991 ORDER BY c
	Sort  (cost=43.90..43.93 rows=10 width=121)
	  Sort Key: c
	  ->  Index Scan using sbtest4_pkey on sbtest4  (cost=0.43..43.74 rows=10 width=121)
	        Index Cond: ((id >= 892982) AND (id <= 892991))

table 5 : explain SELECT c FROM sbtest5 WHERE id BETWEEN 443362 AND 443371 ORDER BY c
	Sort  (cost=43.92..43.95 rows=10 width=121)
	  Sort Key: c
	  ->  Index Scan using sbtest5_pkey on sbtest5  (cost=0.43..43.75 rows=10 width=121)
	        Index Cond: ((id >= 443362) AND (id <= 443371))

table 6 : explain SELECT c FROM sbtest6 WHERE id BETWEEN 6800921 AND 6800930 ORDER BY c
	Sort  (cost=43.88..43.91 rows=10 width=121)
	  Sort Key: c
	  ->  Index Scan using sbtest6_pkey on sbtest6  (cost=0.43..43.72 rows=10 width=121)
	        Index Cond: ((id >= 6800921) AND (id <= 6800930))

table 7 : explain SELECT c FROM sbtest7 WHERE id BETWEEN 3682425 AND 3682434 ORDER BY c
	Sort  (cost=43.87..43.89 rows=10 width=121)
	  Sort Key: c
	  ->  Index Scan using sbtest7_pkey on sbtest7  (cost=0.43..43.70 rows=10 width=121)
	        Index Cond: ((id >= 3682425) AND (id <= 3682434))

table 8 : explain SELECT c FROM sbtest8 WHERE id BETWEEN 6568475 AND 6568484 ORDER BY c
	Sort  (cost=39.98..40.00 rows=9 width=121)
	  Sort Key: c
	  ->  Index Scan using sbtest8_pkey on sbtest8  (cost=0.43..39.83 rows=9 width=121)
	        Index Cond: ((id >= 6568475) AND (id <= 6568484))

for: sum_ranges
table 1 : explain SELECT SUM(k) FROM sbtest1 WHERE id BETWEEN 6637297 AND 6637306
	Aggregate  (cost=39.75..39.76 rows=1 width=8)
	  ->  Index Scan using sbtest1_pkey on sbtest1  (cost=0.43..39.73 rows=9 width=4)
	        Index Cond: ((id >= 6637297) AND (id <= 6637306))

table 2 : explain SELECT SUM(k) FROM sbtest2 WHERE id BETWEEN 4051644 AND 4051653
	Aggregate  (cost=43.65..43.66 rows=1 width=8)
	  ->  Index Scan using sbtest2_pkey on sbtest2  (cost=0.43..43.62 rows=10 width=4)
	        Index Cond: ((id >= 4051644) AND (id <= 4051653))

table 3 : explain SELECT SUM(k) FROM sbtest3 WHERE id BETWEEN 4839194 AND 4839203
	Aggregate  (cost=43.73..43.74 rows=1 width=8)
	  ->  Index Scan using sbtest3_pkey on sbtest3  (cost=0.43..43.70 rows=10 width=4)
	        Index Cond: ((id >= 4839194) AND (id <= 4839203))

table 4 : explain SELECT SUM(k) FROM sbtest4 WHERE id BETWEEN 4850808 AND 4850817
	Aggregate  (cost=47.68..47.69 rows=1 width=8)
	  ->  Index Scan using sbtest4_pkey on sbtest4  (cost=0.43..47.66 rows=11 width=4)
	        Index Cond: ((id >= 4850808) AND (id <= 4850817))

table 5 : explain SELECT SUM(k) FROM sbtest5 WHERE id BETWEEN 4290859 AND 4290868
	Aggregate  (cost=39.85..39.86 rows=1 width=8)
	  ->  Index Scan using sbtest5_pkey on sbtest5  (cost=0.43..39.83 rows=9 width=4)
	        Index Cond: ((id >= 4290859) AND (id <= 4290868))

table 6 : explain SELECT SUM(k) FROM sbtest6 WHERE id BETWEEN 2103008 AND 2103017
	Aggregate  (cost=43.74..43.75 rows=1 width=8)
	  ->  Index Scan using sbtest6_pkey on sbtest6  (cost=0.43..43.72 rows=10 width=4)
	        Index Cond: ((id >= 2103008) AND (id <= 2103017))

table 7 : explain SELECT SUM(k) FROM sbtest7 WHERE id BETWEEN 8991755 AND 8991764
	Aggregate  (cost=43.72..43.73 rows=1 width=8)
	  ->  Index Scan using sbtest7_pkey on sbtest7  (cost=0.43..43.70 rows=10 width=4)
	        Index Cond: ((id >= 8991755) AND (id <= 8991764))

table 8 : explain SELECT SUM(k) FROM sbtest8 WHERE id BETWEEN 2370385 AND 2370394
	Aggregate  (cost=43.78..43.79 rows=1 width=8)
	  ->  Index Scan using sbtest8_pkey on sbtest8  (cost=0.43..43.76 rows=10 width=4)
	        Index Cond: ((id >= 2370385) AND (id <= 2370394))

for: sum_ranges
table 1 : explain SELECT SUM(k) FROM sbtest1 WHERE id BETWEEN 2554072 AND 2554081
	Aggregate  (cost=43.66..43.67 rows=1 width=8)
	  ->  Index Scan using sbtest1_pkey on sbtest1  (cost=0.43..43.64 rows=10 width=4)
	        Index Cond: ((id >= 2554072) AND (id <= 2554081))

table 2 : explain SELECT SUM(k) FROM sbtest2 WHERE id BETWEEN 6168516 AND 6168525
	Aggregate  (cost=43.65..43.66 rows=1 width=8)
	  ->  Index Scan using sbtest2_pkey on sbtest2  (cost=0.43..43.62 rows=10 width=4)
	        Index Cond: ((id >= 6168516) AND (id <= 6168525))

table 3 : explain SELECT SUM(k) FROM sbtest3 WHERE id BETWEEN 4694825 AND 4694834
	Aggregate  (cost=43.73..43.74 rows=1 width=8)
	  ->  Index Scan using sbtest3_pkey on sbtest3  (cost=0.43..43.70 rows=10 width=4)
	        Index Cond: ((id >= 4694825) AND (id <= 4694834))

table 4 : explain SELECT SUM(k) FROM sbtest4 WHERE id BETWEEN 5344666 AND 5344675
	Aggregate  (cost=43.76..43.77 rows=1 width=8)
	  ->  Index Scan using sbtest4_pkey on sbtest4  (cost=0.43..43.74 rows=10 width=4)
	        Index Cond: ((id >= 5344666) AND (id <= 5344675))

table 5 : explain SELECT SUM(k) FROM sbtest5 WHERE id BETWEEN 870362 AND 870371
	Aggregate  (cost=43.78..43.79 rows=1 width=8)
	  ->  Index Scan using sbtest5_pkey on sbtest5  (cost=0.43..43.75 rows=10 width=4)
	        Index Cond: ((id >= 870362) AND (id <= 870371))

table 6 : explain SELECT SUM(k) FROM sbtest6 WHERE id BETWEEN 2504988 AND 2504997
	Aggregate  (cost=43.74..43.75 rows=1 width=8)
	  ->  Index Scan using sbtest6_pkey on sbtest6  (cost=0.43..43.72 rows=10 width=4)
	        Index Cond: ((id >= 2504988) AND (id <= 2504997))

table 7 : explain SELECT SUM(k) FROM sbtest7 WHERE id BETWEEN 78243 AND 78252
	Aggregate  (cost=43.72..43.73 rows=1 width=8)
	  ->  Index Scan using sbtest7_pkey on sbtest7  (cost=0.43..43.70 rows=10 width=4)
	        Index Cond: ((id >= 78243) AND (id <= 78252))

table 8 : explain SELECT SUM(k) FROM sbtest8 WHERE id BETWEEN 6832599 AND 6832608
	Aggregate  (cost=43.78..43.79 rows=1 width=8)
	  ->  Index Scan using sbtest8_pkey on sbtest8  (cost=0.43..43.76 rows=10 width=4)
	        Index Cond: ((id >= 6832599) AND (id <= 6832608))

for: order_ranges
table 1 : explain SELECT c FROM sbtest1 WHERE id BETWEEN 6685469 AND 6685478 ORDER BY c
	Sort  (cost=39.87..39.89 rows=9 width=121)
	  Sort Key: c
	  ->  Index Scan using sbtest1_pkey on sbtest1  (cost=0.43..39.73 rows=9 width=121)
	        Index Cond: ((id >= 6685469) AND (id <= 6685478))

table 2 : explain SELECT c FROM sbtest2 WHERE id BETWEEN 4937704 AND 4937713 ORDER BY c
	Sort  (cost=39.86..39.88 rows=9 width=121)
	  Sort Key: c
	  ->  Index Scan using sbtest2_pkey on sbtest2  (cost=0.43..39.71 rows=9 width=121)
	        Index Cond: ((id >= 4937704) AND (id <= 4937713))

table 3 : explain SELECT c FROM sbtest3 WHERE id BETWEEN 275718 AND 275727 ORDER BY c
	Sort  (cost=43.87..43.90 rows=10 width=121)
	  Sort Key: c
	  ->  Index Scan using sbtest3_pkey on sbtest3  (cost=0.43..43.70 rows=10 width=121)
	        Index Cond: ((id >= 275718) AND (id <= 275727))

table 4 : explain SELECT c FROM sbtest4 WHERE id BETWEEN 5005810 AND 5005819 ORDER BY c
	Sort  (cost=43.90..43.93 rows=10 width=121)
	  Sort Key: c
	  ->  Index Scan using sbtest4_pkey on sbtest4  (cost=0.43..43.74 rows=10 width=121)
	        Index Cond: ((id >= 5005810) AND (id <= 5005819))

table 5 : explain SELECT c FROM sbtest5 WHERE id BETWEEN 7453825 AND 7453834 ORDER BY c
	Sort  (cost=43.92..43.95 rows=10 width=121)
	  Sort Key: c
	  ->  Index Scan using sbtest5_pkey on sbtest5  (cost=0.43..43.75 rows=10 width=121)
	        Index Cond: ((id >= 7453825) AND (id <= 7453834))

table 6 : explain SELECT c FROM sbtest6 WHERE id BETWEEN 2837160 AND 2837169 ORDER BY c
	Sort  (cost=43.88..43.91 rows=10 width=121)
	  Sort Key: c
	  ->  Index Scan using sbtest6_pkey on sbtest6  (cost=0.43..43.72 rows=10 width=121)
	        Index Cond: ((id >= 2837160) AND (id <= 2837169))

table 7 : explain SELECT c FROM sbtest7 WHERE id BETWEEN 7367838 AND 7367847 ORDER BY c
	Sort  (cost=43.87..43.89 rows=10 width=121)
	  Sort Key: c
	  ->  Index Scan using sbtest7_pkey on sbtest7  (cost=0.43..43.70 rows=10 width=121)
	        Index Cond: ((id >= 7367838) AND (id <= 7367847))

table 8 : explain SELECT c FROM sbtest8 WHERE id BETWEEN 1083287 AND 1083296 ORDER BY c
	Sort  (cost=43.92..43.95 rows=10 width=121)
	  Sort Key: c
	  ->  Index Scan using sbtest8_pkey on sbtest8  (cost=0.43..43.76 rows=10 width=121)
	        Index Cond: ((id >= 1083287) AND (id <= 1083296))

for: distinct_ranges
table 1 : explain SELECT DISTINCT c FROM sbtest1 WHERE id BETWEEN 8888963 AND 8888972 ORDER BY c
	Unique  (cost=43.80..43.85 rows=10 width=121)
	  ->  Sort  (cost=43.80..43.83 rows=10 width=121)
	        Sort Key: c
	        ->  Index Scan using sbtest1_pkey on sbtest1  (cost=0.43..43.64 rows=10 width=121)
	              Index Cond: ((id >= 8888963) AND (id <= 8888972))

table 2 : explain SELECT DISTINCT c FROM sbtest2 WHERE id BETWEEN 6032339 AND 6032348 ORDER BY c
	Unique  (cost=39.86..39.90 rows=9 width=121)
	  ->  Sort  (cost=39.86..39.88 rows=9 width=121)
	        Sort Key: c
	        ->  Index Scan using sbtest2_pkey on sbtest2  (cost=0.43..39.71 rows=9 width=121)
	              Index Cond: ((id >= 6032339) AND (id <= 6032348))

table 3 : explain SELECT DISTINCT c FROM sbtest3 WHERE id BETWEEN 3293216 AND 3293225 ORDER BY c
	Unique  (cost=47.81..47.87 rows=11 width=121)
	  ->  Sort  (cost=47.81..47.84 rows=11 width=121)
	        Sort Key: c
	        ->  Index Scan using sbtest3_pkey on sbtest3  (cost=0.43..47.62 rows=11 width=121)
	              Index Cond: ((id >= 3293216) AND (id <= 3293225))

table 4 : explain SELECT DISTINCT c FROM sbtest4 WHERE id BETWEEN 9513546 AND 9513555 ORDER BY c
	Unique  (cost=43.90..43.95 rows=10 width=121)
	  ->  Sort  (cost=43.90..43.93 rows=10 width=121)
	        Sort Key: c
	        ->  Index Scan using sbtest4_pkey on sbtest4  (cost=0.43..43.74 rows=10 width=121)
	              Index Cond: ((id >= 9513546) AND (id <= 9513555))

table 5 : explain SELECT DISTINCT c FROM sbtest5 WHERE id BETWEEN 5699147 AND 5699156 ORDER BY c
	Unique  (cost=39.98..40.02 rows=9 width=121)
	  ->  Sort  (cost=39.98..40.00 rows=9 width=121)
	        Sort Key: c
	        ->  Index Scan using sbtest5_pkey on sbtest5  (cost=0.43..39.83 rows=9 width=121)
	              Index Cond: ((id >= 5699147) AND (id <= 5699156))

table 6 : explain SELECT DISTINCT c FROM sbtest6 WHERE id BETWEEN 6463952 AND 6463961 ORDER BY c
	Unique  (cost=43.88..43.93 rows=10 width=121)
	  ->  Sort  (cost=43.88..43.91 rows=10 width=121)
	        Sort Key: c
	        ->  Index Scan using sbtest6_pkey on sbtest6  (cost=0.43..43.72 rows=10 width=121)
	              Index Cond: ((id >= 6463952) AND (id <= 6463961))

table 7 : explain SELECT DISTINCT c FROM sbtest7 WHERE id BETWEEN 6450201 AND 6450210 ORDER BY c
	Unique  (cost=47.81..47.86 rows=11 width=121)
	  ->  Sort  (cost=47.81..47.83 rows=11 width=121)
	        Sort Key: c
	        ->  Index Scan using sbtest7_pkey on sbtest7  (cost=0.43..47.62 rows=11 width=121)
	              Index Cond: ((id >= 6450201) AND (id <= 6450210))

table 8 : explain SELECT DISTINCT c FROM sbtest8 WHERE id BETWEEN 4145721 AND 4145730 ORDER BY c
	Unique  (cost=39.98..40.02 rows=9 width=121)
	  ->  Sort  (cost=39.98..40.00 rows=9 width=121)
	        Sort Key: c
	        ->  Index Scan using sbtest8_pkey on sbtest8  (cost=0.43..39.83 rows=9 width=121)
	              Index Cond: ((id >= 4145721) AND (id <= 4145730))

for: order_ranges
table 1 : explain SELECT c FROM sbtest1 WHERE id BETWEEN 9250931 AND 9250940 ORDER BY c
	Sort  (cost=43.80..43.83 rows=10 width=121)
	  Sort Key: c
	  ->  Index Scan using sbtest1_pkey on sbtest1  (cost=0.43..43.64 rows=10 width=121)
	        Index Cond: ((id >= 9250931) AND (id <= 9250940))

table 2 : explain SELECT c FROM sbtest2 WHERE id BETWEEN 9587496 AND 9587505 ORDER BY c
	Sort  (cost=47.72..47.75 rows=11 width=121)
	  Sort Key: c
	  ->  Index Scan using sbtest2_pkey on sbtest2  (cost=0.43..47.53 rows=11 width=121)
	        Index Cond: ((id >= 9587496) AND (id <= 9587505))

table 3 : explain SELECT c FROM sbtest3 WHERE id BETWEEN 522095 AND 522104 ORDER BY c
	Sort  (cost=39.93..39.95 rows=9 width=121)
	  Sort Key: c
	  ->  Index Scan using sbtest3_pkey on sbtest3  (cost=0.43..39.79 rows=9 width=121)
	        Index Cond: ((id >= 522095) AND (id <= 522104))

table 4 : explain SELECT c FROM sbtest4 WHERE id BETWEEN 2417071 AND 2417080 ORDER BY c
	Sort  (cost=39.96..39.98 rows=9 width=121)
	  Sort Key: c
	  ->  Index Scan using sbtest4_pkey on sbtest4  (cost=0.43..39.82 rows=9 width=121)
	        Index Cond: ((id >= 2417071) AND (id <= 2417080))

table 5 : explain SELECT c FROM sbtest5 WHERE id BETWEEN 3953288 AND 3953297 ORDER BY c
	Sort  (cost=43.92..43.95 rows=10 width=121)
	  Sort Key: c
	  ->  Index Scan using sbtest5_pkey on sbtest5  (cost=0.43..43.75 rows=10 width=121)
	        Index Cond: ((id >= 3953288) AND (id <= 3953297))

table 6 : explain SELECT c FROM sbtest6 WHERE id BETWEEN 9237181 AND 9237190 ORDER BY c
	Sort  (cost=43.88..43.91 rows=10 width=121)
	  Sort Key: c
	  ->  Index Scan using sbtest6_pkey on sbtest6  (cost=0.43..43.72 rows=10 width=121)
	        Index Cond: ((id >= 9237181) AND (id <= 9237190))

table 7 : explain SELECT c FROM sbtest7 WHERE id BETWEEN 2276207 AND 2276216 ORDER BY c
	Sort  (cost=43.87..43.89 rows=10 width=121)
	  Sort Key: c
	  ->  Index Scan using sbtest7_pkey on sbtest7  (cost=0.43..43.70 rows=10 width=121)
	        Index Cond: ((id >= 2276207) AND (id <= 2276216))

table 8 : explain SELECT c FROM sbtest8 WHERE id BETWEEN 7006899 AND 7006908 ORDER BY c
	Sort  (cost=47.87..47.90 rows=11 width=121)
	  Sort Key: c
	  ->  Index Scan using sbtest8_pkey on sbtest8  (cost=0.43..47.68 rows=11 width=121)
	        Index Cond: ((id >= 7006899) AND (id <= 7006908))

for: sum_ranges
table 1 : explain SELECT SUM(k) FROM sbtest1 WHERE id BETWEEN 5735290 AND 5735299
	Aggregate  (cost=47.57..47.58 rows=1 width=8)
	  ->  Index Scan using sbtest1_pkey on sbtest1  (cost=0.43..47.55 rows=11 width=4)
	        Index Cond: ((id >= 5735290) AND (id <= 5735299))

table 2 : explain SELECT SUM(k) FROM sbtest2 WHERE id BETWEEN 1716354 AND 1716363
	Aggregate  (cost=39.74..39.75 rows=1 width=8)
	  ->  Index Scan using sbtest2_pkey on sbtest2  (cost=0.43..39.71 rows=9 width=4)
	        Index Cond: ((id >= 1716354) AND (id <= 1716363))

table 3 : explain SELECT SUM(k) FROM sbtest3 WHERE id BETWEEN 8340013 AND 8340022
	Aggregate  (cost=43.73..43.74 rows=1 width=8)
	  ->  Index Scan using sbtest3_pkey on sbtest3  (cost=0.43..43.70 rows=10 width=4)
	        Index Cond: ((id >= 8340013) AND (id <= 8340022))

table 4 : explain SELECT SUM(k) FROM sbtest4 WHERE id BETWEEN 1814761 AND 1814770
	Aggregate  (cost=43.76..43.77 rows=1 width=8)
	  ->  Index Scan using sbtest4_pkey on sbtest4  (cost=0.43..43.74 rows=10 width=4)
	        Index Cond: ((id >= 1814761) AND (id <= 1814770))

table 5 : explain SELECT SUM(k) FROM sbtest5 WHERE id BETWEEN 3878196 AND 3878205
	Aggregate  (cost=43.78..43.79 rows=1 width=8)
	  ->  Index Scan using sbtest5_pkey on sbtest5  (cost=0.43..43.75 rows=10 width=4)
	        Index Cond: ((id >= 3878196) AND (id <= 3878205))

table 6 : explain SELECT SUM(k) FROM sbtest6 WHERE id BETWEEN 3879023 AND 3879032
	Aggregate  (cost=43.74..43.75 rows=1 width=8)
	  ->  Index Scan using sbtest6_pkey on sbtest6  (cost=0.43..43.72 rows=10 width=4)
	        Index Cond: ((id >= 3879023) AND (id <= 3879032))

table 7 : explain SELECT SUM(k) FROM sbtest7 WHERE id BETWEEN 6456213 AND 6456222
	Aggregate  (cost=47.64..47.65 rows=1 width=8)
	  ->  Index Scan using sbtest7_pkey on sbtest7  (cost=0.43..47.62 rows=11 width=4)
	        Index Cond: ((id >= 6456213) AND (id <= 6456222))

table 8 : explain SELECT SUM(k) FROM sbtest8 WHERE id BETWEEN 1831191 AND 1831200
	Aggregate  (cost=43.78..43.79 rows=1 width=8)
	  ->  Index Scan using sbtest8_pkey on sbtest8  (cost=0.43..43.76 rows=10 width=4)
	        Index Cond: ((id >= 1831191) AND (id <= 1831200))

for: sum_ranges
table 1 : explain SELECT SUM(k) FROM sbtest1 WHERE id BETWEEN 36247 AND 36256
	Aggregate  (cost=43.66..43.67 rows=1 width=8)
	  ->  Index Scan using sbtest1_pkey on sbtest1  (cost=0.43..43.64 rows=10 width=4)
	        Index Cond: ((id >= 36247) AND (id <= 36256))

table 2 : explain SELECT SUM(k) FROM sbtest2 WHERE id BETWEEN 299582 AND 299591
	Aggregate  (cost=47.56..47.57 rows=1 width=8)
	  ->  Index Scan using sbtest2_pkey on sbtest2  (cost=0.43..47.53 rows=11 width=4)
	        Index Cond: ((id >= 299582) AND (id <= 299591))

table 3 : explain SELECT SUM(k) FROM sbtest3 WHERE id BETWEEN 3310985 AND 3310994
	Aggregate  (cost=47.65..47.66 rows=1 width=8)
	  ->  Index Scan using sbtest3_pkey on sbtest3  (cost=0.43..47.62 rows=11 width=4)
	        Index Cond: ((id >= 3310985) AND (id <= 3310994))

table 4 : explain SELECT SUM(k) FROM sbtest4 WHERE id BETWEEN 6496026 AND 6496035
	Aggregate  (cost=43.76..43.77 rows=1 width=8)
	  ->  Index Scan using sbtest4_pkey on sbtest4  (cost=0.43..43.74 rows=10 width=4)
	        Index Cond: ((id >= 6496026) AND (id <= 6496035))

table 5 : explain SELECT SUM(k) FROM sbtest5 WHERE id BETWEEN 6642931 AND 6642940
	Aggregate  (cost=39.85..39.86 rows=1 width=8)
	  ->  Index Scan using sbtest5_pkey on sbtest5  (cost=0.43..39.83 rows=9 width=4)
	        Index Cond: ((id >= 6642931) AND (id <= 6642940))

table 6 : explain SELECT SUM(k) FROM sbtest6 WHERE id BETWEEN 4662745 AND 4662754
	Aggregate  (cost=39.82..39.83 rows=1 width=8)
	  ->  Index Scan using sbtest6_pkey on sbtest6  (cost=0.43..39.80 rows=9 width=4)
	        Index Cond: ((id >= 4662745) AND (id <= 4662754))

table 7 : explain SELECT SUM(k) FROM sbtest7 WHERE id BETWEEN 4076453 AND 4076462
	Aggregate  (cost=43.72..43.73 rows=1 width=8)
	  ->  Index Scan using sbtest7_pkey on sbtest7  (cost=0.43..43.70 rows=10 width=4)
	        Index Cond: ((id >= 4076453) AND (id <= 4076462))

table 8 : explain SELECT SUM(k) FROM sbtest8 WHERE id BETWEEN 4557890 AND 4557899
	Aggregate  (cost=43.78..43.79 rows=1 width=8)
	  ->  Index Scan using sbtest8_pkey on sbtest8  (cost=0.43..43.76 rows=10 width=4)
	        Index Cond: ((id >= 4557890) AND (id <= 4557899))

for: sum_ranges
table 1 : explain SELECT SUM(k) FROM sbtest1 WHERE id BETWEEN 4534969 AND 4534978
	Aggregate  (cost=39.75..39.76 rows=1 width=8)
	  ->  Index Scan using sbtest1_pkey on sbtest1  (cost=0.43..39.73 rows=9 width=4)
	        Index Cond: ((id >= 4534969) AND (id <= 4534978))

table 2 : explain SELECT SUM(k) FROM sbtest2 WHERE id BETWEEN 7562859 AND 7562868
	Aggregate  (cost=39.74..39.75 rows=1 width=8)
	  ->  Index Scan using sbtest2_pkey on sbtest2  (cost=0.43..39.71 rows=9 width=4)
	        Index Cond: ((id >= 7562859) AND (id <= 7562868))

table 3 : explain SELECT SUM(k) FROM sbtest3 WHERE id BETWEEN 2008197 AND 2008206
	Aggregate  (cost=43.73..43.74 rows=1 width=8)
	  ->  Index Scan using sbtest3_pkey on sbtest3  (cost=0.43..43.70 rows=10 width=4)
	        Index Cond: ((id >= 2008197) AND (id <= 2008206))

table 4 : explain SELECT SUM(k) FROM sbtest4 WHERE id BETWEEN 4223798 AND 4223807
	Aggregate  (cost=43.76..43.77 rows=1 width=8)
	  ->  Index Scan using sbtest4_pkey on sbtest4  (cost=0.43..43.74 rows=10 width=4)
	        Index Cond: ((id >= 4223798) AND (id <= 4223807))

table 5 : explain SELECT SUM(k) FROM sbtest5 WHERE id BETWEEN 7136399 AND 7136408
	Aggregate  (cost=47.70..47.71 rows=1 width=8)
	  ->  Index Scan using sbtest5_pkey on sbtest5  (cost=0.43..47.68 rows=11 width=4)
	        Index Cond: ((id >= 7136399) AND (id <= 7136408))

table 6 : explain SELECT SUM(k) FROM sbtest6 WHERE id BETWEEN 8939776 AND 8939785
	Aggregate  (cost=39.82..39.83 rows=1 width=8)
	  ->  Index Scan using sbtest6_pkey on sbtest6  (cost=0.43..39.80 rows=9 width=4)
	        Index Cond: ((id >= 8939776) AND (id <= 8939785))

table 7 : explain SELECT SUM(k) FROM sbtest7 WHERE id BETWEEN 6710990 AND 6710999
	Aggregate  (cost=43.72..43.73 rows=1 width=8)
	  ->  Index Scan using sbtest7_pkey on sbtest7  (cost=0.43..43.70 rows=10 width=4)
	        Index Cond: ((id >= 6710990) AND (id <= 6710999))

table 8 : explain SELECT SUM(k) FROM sbtest8 WHERE id BETWEEN 3674644 AND 3674653
	Aggregate  (cost=47.71..47.72 rows=1 width=8)
	  ->  Index Scan using sbtest8_pkey on sbtest8  (cost=0.43..47.68 rows=11 width=4)
	        Index Cond: ((id >= 3674644) AND (id <= 3674653))

for: order_ranges
table 1 : explain SELECT c FROM sbtest1 WHERE id BETWEEN 6044598 AND 6044607 ORDER BY c
	Sort  (cost=43.80..43.83 rows=10 width=121)
	  Sort Key: c
	  ->  Index Scan using sbtest1_pkey on sbtest1  (cost=0.43..43.64 rows=10 width=121)
	        Index Cond: ((id >= 6044598) AND (id <= 6044607))

table 2 : explain SELECT c FROM sbtest2 WHERE id BETWEEN 6830739 AND 6830748 ORDER BY c
	Sort  (cost=43.79..43.81 rows=10 width=121)
	  Sort Key: c
	  ->  Index Scan using sbtest2_pkey on sbtest2  (cost=0.43..43.62 rows=10 width=121)
	        Index Cond: ((id >= 6830739) AND (id <= 6830748))

table 3 : explain SELECT c FROM sbtest3 WHERE id BETWEEN 5110971 AND 5110980 ORDER BY c
	Sort  (cost=43.87..43.90 rows=10 width=121)
	  Sort Key: c
	  ->  Index Scan using sbtest3_pkey on sbtest3  (cost=0.43..43.70 rows=10 width=121)
	        Index Cond: ((id >= 5110971) AND (id <= 5110980))

table 4 : explain SELECT c FROM sbtest4 WHERE id BETWEEN 9383823 AND 9383832 ORDER BY c
	Sort  (cost=39.96..39.98 rows=9 width=121)
	  Sort Key: c
	  ->  Index Scan using sbtest4_pkey on sbtest4  (cost=0.43..39.82 rows=9 width=121)
	        Index Cond: ((id >= 9383823) AND (id <= 9383832))

table 5 : explain SELECT c FROM sbtest5 WHERE id BETWEEN 1432333 AND 1432342 ORDER BY c
	Sort  (cost=43.92..43.95 rows=10 width=121)
	  Sort Key: c
	  ->  Index Scan using sbtest5_pkey on sbtest5  (cost=0.43..43.75 rows=10 width=121)
	        Index Cond: ((id >= 1432333) AND (id <= 1432342))

table 6 : explain SELECT c FROM sbtest6 WHERE id BETWEEN 8048454 AND 8048463 ORDER BY c
	Sort  (cost=43.88..43.91 rows=10 width=121)
	  Sort Key: c
	  ->  Index Scan using sbtest6_pkey on sbtest6  (cost=0.43..43.72 rows=10 width=121)
	        Index Cond: ((id >= 8048454) AND (id <= 8048463))

table 7 : explain SELECT c FROM sbtest7 WHERE id BETWEEN 9286537 AND 9286546 ORDER BY c
	Sort  (cost=43.87..43.89 rows=10 width=121)
	  Sort Key: c
	  ->  Index Scan using sbtest7_pkey on sbtest7  (cost=0.43..43.70 rows=10 width=121)
	        Index Cond: ((id >= 9286537) AND (id <= 9286546))

table 8 : explain SELECT c FROM sbtest8 WHERE id BETWEEN 6802709 AND 6802718 ORDER BY c
	Sort  (cost=43.92..43.95 rows=10 width=121)
	  Sort Key: c
	  ->  Index Scan using sbtest8_pkey on sbtest8  (cost=0.43..43.76 rows=10 width=121)
	        Index Cond: ((id >= 6802709) AND (id <= 6802718))

for: order_ranges
table 1 : explain SELECT c FROM sbtest1 WHERE id BETWEEN 3074302 AND 3074311 ORDER BY c
	Sort  (cost=43.80..43.83 rows=10 width=121)
	  Sort Key: c
	  ->  Index Scan using sbtest1_pkey on sbtest1  (cost=0.43..43.64 rows=10 width=121)
	        Index Cond: ((id >= 3074302) AND (id <= 3074311))

table 2 : explain SELECT c FROM sbtest2 WHERE id BETWEEN 5361429 AND 5361438 ORDER BY c
	Sort  (cost=39.86..39.88 rows=9 width=121)
	  Sort Key: c
	  ->  Index Scan using sbtest2_pkey on sbtest2  (cost=0.43..39.71 rows=9 width=121)
	        Index Cond: ((id >= 5361429) AND (id <= 5361438))

table 3 : explain SELECT c FROM sbtest3 WHERE id BETWEEN 751250 AND 751259 ORDER BY c
	Sort  (cost=39.93..39.95 rows=9 width=121)
	  Sort Key: c
	  ->  Index Scan using sbtest3_pkey on sbtest3  (cost=0.43..39.79 rows=9 width=121)
	        Index Cond: ((id >= 751250) AND (id <= 751259))

table 4 : explain SELECT c FROM sbtest4 WHERE id BETWEEN 879530 AND 879539 ORDER BY c
	Sort  (cost=43.90..43.93 rows=10 width=121)
	  Sort Key: c
	  ->  Index Scan using sbtest4_pkey on sbtest4  (cost=0.43..43.74 rows=10 width=121)
	        Index Cond: ((id >= 879530) AND (id <= 879539))

table 5 : explain SELECT c FROM sbtest5 WHERE id BETWEEN 6044201 AND 6044210 ORDER BY c
	Sort  (cost=43.92..43.95 rows=10 width=121)
	  Sort Key: c
	  ->  Index Scan using sbtest5_pkey on sbtest5  (cost=0.43..43.75 rows=10 width=121)
	        Index Cond: ((id >= 6044201) AND (id <= 6044210))

table 6 : explain SELECT c FROM sbtest6 WHERE id BETWEEN 3298167 AND 3298176 ORDER BY c
	Sort  (cost=43.88..43.91 rows=10 width=121)
	  Sort Key: c
	  ->  Index Scan using sbtest6_pkey on sbtest6  (cost=0.43..43.72 rows=10 width=121)
	        Index Cond: ((id >= 3298167) AND (id <= 3298176))

table 7 : explain SELECT c FROM sbtest7 WHERE id BETWEEN 1108507 AND 1108516 ORDER BY c
	Sort  (cost=43.87..43.89 rows=10 width=121)
	  Sort Key: c
	  ->  Index Scan using sbtest7_pkey on sbtest7  (cost=0.43..43.70 rows=10 width=121)
	        Index Cond: ((id >= 1108507) AND (id <= 1108516))

table 8 : explain SELECT c FROM sbtest8 WHERE id BETWEEN 1746176 AND 1746185 ORDER BY c
	Sort  (cost=43.92..43.95 rows=10 width=121)
	  Sort Key: c
	  ->  Index Scan using sbtest8_pkey on sbtest8  (cost=0.43..43.76 rows=10 width=121)
	        Index Cond: ((id >= 1746176) AND (id <= 1746185))

for: distinct_ranges
table 1 : explain SELECT DISTINCT c FROM sbtest1 WHERE id BETWEEN 6584168 AND 6584177 ORDER BY c
	Unique  (cost=39.87..39.92 rows=9 width=121)
	  ->  Sort  (cost=39.87..39.89 rows=9 width=121)
	        Sort Key: c
	        ->  Index Scan using sbtest1_pkey on sbtest1  (cost=0.43..39.73 rows=9 width=121)
	              Index Cond: ((id >= 6584168) AND (id <= 6584177))

table 2 : explain SELECT DISTINCT c FROM sbtest2 WHERE id BETWEEN 6398389 AND 6398398 ORDER BY c
	Unique  (cost=43.79..43.84 rows=10 width=121)
	  ->  Sort  (cost=43.79..43.81 rows=10 width=121)
	        Sort Key: c
	        ->  Index Scan using sbtest2_pkey on sbtest2  (cost=0.43..43.62 rows=10 width=121)
	              Index Cond: ((id >= 6398389) AND (id <= 6398398))

table 3 : explain SELECT DISTINCT c FROM sbtest3 WHERE id BETWEEN 708525 AND 708534 ORDER BY c
	Unique  (cost=39.93..39.98 rows=9 width=121)
	  ->  Sort  (cost=39.93..39.95 rows=9 width=121)
	        Sort Key: c
	        ->  Index Scan using sbtest3_pkey on sbtest3  (cost=0.43..39.79 rows=9 width=121)
	              Index Cond: ((id >= 708525) AND (id <= 708534))

table 4 : explain SELECT DISTINCT c FROM sbtest4 WHERE id BETWEEN 4092831 AND 4092840 ORDER BY c
	Unique  (cost=43.90..43.95 rows=10 width=121)
	  ->  Sort  (cost=43.90..43.93 rows=10 width=121)
	        Sort Key: c
	        ->  Index Scan using sbtest4_pkey on sbtest4  (cost=0.43..43.74 rows=10 width=121)
	              Index Cond: ((id >= 4092831) AND (id <= 4092840))

table 5 : explain SELECT DISTINCT c FROM sbtest5 WHERE id BETWEEN 3188641 AND 3188650 ORDER BY c
	Unique  (cost=43.92..43.97 rows=10 width=121)
	  ->  Sort  (cost=43.92..43.95 rows=10 width=121)
	        Sort Key: c
	        ->  Index Scan using sbtest5_pkey on sbtest5  (cost=0.43..43.75 rows=10 width=121)
	              Index Cond: ((id >= 3188641) AND (id <= 3188650))

table 6 : explain SELECT DISTINCT c FROM sbtest6 WHERE id BETWEEN 8018352 AND 8018361 ORDER BY c
	Unique  (cost=43.88..43.93 rows=10 width=121)
	  ->  Sort  (cost=43.88..43.91 rows=10 width=121)
	        Sort Key: c
	        ->  Index Scan using sbtest6_pkey on sbtest6  (cost=0.43..43.72 rows=10 width=121)
	              Index Cond: ((id >= 8018352) AND (id <= 8018361))

table 7 : explain SELECT DISTINCT c FROM sbtest7 WHERE id BETWEEN 3312750 AND 3312759 ORDER BY c
	Unique  (cost=39.93..39.97 rows=9 width=121)
	  ->  Sort  (cost=39.93..39.95 rows=9 width=121)
	        Sort Key: c
	        ->  Index Scan using sbtest7_pkey on sbtest7  (cost=0.43..39.78 rows=9 width=121)
	              Index Cond: ((id >= 3312750) AND (id <= 3312759))

table 8 : explain SELECT DISTINCT c FROM sbtest8 WHERE id BETWEEN 5126157 AND 5126166 ORDER BY c
	Unique  (cost=47.87..47.92 rows=11 width=121)
	  ->  Sort  (cost=47.87..47.90 rows=11 width=121)
	        Sort Key: c
	        ->  Index Scan using sbtest8_pkey on sbtest8  (cost=0.43..47.68 rows=11 width=121)
	              Index Cond: ((id >= 5126157) AND (id <= 5126166))

for: order_ranges
table 1 : explain SELECT c FROM sbtest1 WHERE id BETWEEN 9644263 AND 9644272 ORDER BY c
	Sort  (cost=47.74..47.76 rows=11 width=121)
	  Sort Key: c
	  ->  Index Scan using sbtest1_pkey on sbtest1  (cost=0.43..47.55 rows=11 width=121)
	        Index Cond: ((id >= 9644263) AND (id <= 9644272))

table 2 : explain SELECT c FROM sbtest2 WHERE id BETWEEN 7683622 AND 7683631 ORDER BY c
	Sort  (cost=39.86..39.88 rows=9 width=121)
	  Sort Key: c
	  ->  Index Scan using sbtest2_pkey on sbtest2  (cost=0.43..39.71 rows=9 width=121)
	        Index Cond: ((id >= 7683622) AND (id <= 7683631))

table 3 : explain SELECT c FROM sbtest3 WHERE id BETWEEN 2547832 AND 2547841 ORDER BY c
	Sort  (cost=43.87..43.90 rows=10 width=121)
	  Sort Key: c
	  ->  Index Scan using sbtest3_pkey on sbtest3  (cost=0.43..43.70 rows=10 width=121)
	        Index Cond: ((id >= 2547832) AND (id <= 2547841))

table 4 : explain SELECT c FROM sbtest4 WHERE id BETWEEN 6085528 AND 6085537 ORDER BY c
	Sort  (cost=43.90..43.93 rows=10 width=121)
	  Sort Key: c
	  ->  Index Scan using sbtest4_pkey on sbtest4  (cost=0.43..43.74 rows=10 width=121)
	        Index Cond: ((id >= 6085528) AND (id <= 6085537))

table 5 : explain SELECT c FROM sbtest5 WHERE id BETWEEN 8097333 AND 8097342 ORDER BY c
	Sort  (cost=39.98..40.00 rows=9 width=121)
	  Sort Key: c
	  ->  Index Scan using sbtest5_pkey on sbtest5  (cost=0.43..39.83 rows=9 width=121)
	        Index Cond: ((id >= 8097333) AND (id <= 8097342))

table 6 : explain SELECT c FROM sbtest6 WHERE id BETWEEN 5430257 AND 5430266 ORDER BY c
	Sort  (cost=39.94..39.96 rows=9 width=121)
	  Sort Key: c
	  ->  Index Scan using sbtest6_pkey on sbtest6  (cost=0.43..39.80 rows=9 width=121)
	        Index Cond: ((id >= 5430257) AND (id <= 5430266))

table 7 : explain SELECT c FROM sbtest7 WHERE id BETWEEN 5287755 AND 5287764 ORDER BY c
	Sort  (cost=39.93..39.95 rows=9 width=121)
	  Sort Key: c
	  ->  Index Scan using sbtest7_pkey on sbtest7  (cost=0.43..39.78 rows=9 width=121)
	        Index Cond: ((id >= 5287755) AND (id <= 5287764))

table 8 : explain SELECT c FROM sbtest8 WHERE id BETWEEN 6066297 AND 6066306 ORDER BY c
	Sort  (cost=43.92..43.95 rows=10 width=121)
	  Sort Key: c
	  ->  Index Scan using sbtest8_pkey on sbtest8  (cost=0.43..43.76 rows=10 width=121)
	        Index Cond: ((id >= 6066297) AND (id <= 6066306))

for: sum_ranges
table 1 : explain SELECT SUM(k) FROM sbtest1 WHERE id BETWEEN 8417874 AND 8417883
	Aggregate  (cost=43.66..43.67 rows=1 width=8)
	  ->  Index Scan using sbtest1_pkey on sbtest1  (cost=0.43..43.64 rows=10 width=4)
	        Index Cond: ((id >= 8417874) AND (id <= 8417883))

table 2 : explain SELECT SUM(k) FROM sbtest2 WHERE id BETWEEN 4231231 AND 4231240
	Aggregate  (cost=43.65..43.66 rows=1 width=8)
	  ->  Index Scan using sbtest2_pkey on sbtest2  (cost=0.43..43.62 rows=10 width=4)
	        Index Cond: ((id >= 4231231) AND (id <= 4231240))

table 3 : explain SELECT SUM(k) FROM sbtest3 WHERE id BETWEEN 7001986 AND 7001995
	Aggregate  (cost=39.81..39.82 rows=1 width=8)
	  ->  Index Scan using sbtest3_pkey on sbtest3  (cost=0.43..39.79 rows=9 width=4)
	        Index Cond: ((id >= 7001986) AND (id <= 7001995))

table 4 : explain SELECT SUM(k) FROM sbtest4 WHERE id BETWEEN 1757686 AND 1757695
	Aggregate  (cost=43.76..43.77 rows=1 width=8)
	  ->  Index Scan using sbtest4_pkey on sbtest4  (cost=0.43..43.74 rows=10 width=4)
	        Index Cond: ((id >= 1757686) AND (id <= 1757695))

table 5 : explain SELECT SUM(k) FROM sbtest5 WHERE id BETWEEN 2837927 AND 2837936
	Aggregate  (cost=43.78..43.79 rows=1 width=8)
	  ->  Index Scan using sbtest5_pkey on sbtest5  (cost=0.43..43.75 rows=10 width=4)
	        Index Cond: ((id >= 2837927) AND (id <= 2837936))

table 6 : explain SELECT SUM(k) FROM sbtest6 WHERE id BETWEEN 3387308 AND 3387317
	Aggregate  (cost=43.74..43.75 rows=1 width=8)
	  ->  Index Scan using sbtest6_pkey on sbtest6  (cost=0.43..43.72 rows=10 width=4)
	        Index Cond: ((id >= 3387308) AND (id <= 3387317))

table 7 : explain SELECT SUM(k) FROM sbtest7 WHERE id BETWEEN 1105584 AND 1105593
	Aggregate  (cost=43.72..43.73 rows=1 width=8)
	  ->  Index Scan using sbtest7_pkey on sbtest7  (cost=0.43..43.70 rows=10 width=4)
	        Index Cond: ((id >= 1105584) AND (id <= 1105593))

table 8 : explain SELECT SUM(k) FROM sbtest8 WHERE id BETWEEN 8299614 AND 8299623
	Aggregate  (cost=39.86..39.87 rows=1 width=8)
	  ->  Index Scan using sbtest8_pkey on sbtest8  (cost=0.43..39.83 rows=9 width=4)
	        Index Cond: ((id >= 8299614) AND (id <= 8299623))

for: order_ranges
table 1 : explain SELECT c FROM sbtest1 WHERE id BETWEEN 6516395 AND 6516404 ORDER BY c
	Sort  (cost=39.87..39.89 rows=9 width=121)
	  Sort Key: c
	  ->  Index Scan using sbtest1_pkey on sbtest1  (cost=0.43..39.73 rows=9 width=121)
	        Index Cond: ((id >= 6516395) AND (id <= 6516404))

table 2 : explain SELECT c FROM sbtest2 WHERE id BETWEEN 6365192 AND 6365201 ORDER BY c
	Sort  (cost=43.79..43.81 rows=10 width=121)
	  Sort Key: c
	  ->  Index Scan using sbtest2_pkey on sbtest2  (cost=0.43..43.62 rows=10 width=121)
	        Index Cond: ((id >= 6365192) AND (id <= 6365201))

table 3 : explain SELECT c FROM sbtest3 WHERE id BETWEEN 1203163 AND 1203172 ORDER BY c
	Sort  (cost=43.87..43.90 rows=10 width=121)
	  Sort Key: c
	  ->  Index Scan using sbtest3_pkey on sbtest3  (cost=0.43..43.70 rows=10 width=121)
	        Index Cond: ((id >= 1203163) AND (id <= 1203172))

table 4 : explain SELECT c FROM sbtest4 WHERE id BETWEEN 6101746 AND 6101755 ORDER BY c
	Sort  (cost=43.90..43.93 rows=10 width=121)
	  Sort Key: c
	  ->  Index Scan using sbtest4_pkey on sbtest4  (cost=0.43..43.74 rows=10 width=121)
	        Index Cond: ((id >= 6101746) AND (id <= 6101755))

table 5 : explain SELECT c FROM sbtest5 WHERE id BETWEEN 8374367 AND 8374376 ORDER BY c
	Sort  (cost=39.98..40.00 rows=9 width=121)
	  Sort Key: c
	  ->  Index Scan using sbtest5_pkey on sbtest5  (cost=0.43..39.83 rows=9 width=121)
	        Index Cond: ((id >= 8374367) AND (id <= 8374376))

table 6 : explain SELECT c FROM sbtest6 WHERE id BETWEEN 6032319 AND 6032328 ORDER BY c
	Sort  (cost=43.88..43.91 rows=10 width=121)
	  Sort Key: c
	  ->  Index Scan using sbtest6_pkey on sbtest6  (cost=0.43..43.72 rows=10 width=121)
	        Index Cond: ((id >= 6032319) AND (id <= 6032328))

table 7 : explain SELECT c FROM sbtest7 WHERE id BETWEEN 7784262 AND 7784271 ORDER BY c
	Sort  (cost=39.93..39.95 rows=9 width=121)
	  Sort Key: c
	  ->  Index Scan using sbtest7_pkey on sbtest7  (cost=0.43..39.78 rows=9 width=121)
	        Index Cond: ((id >= 7784262) AND (id <= 7784271))

table 8 : explain SELECT c FROM sbtest8 WHERE id BETWEEN 781114 AND 781123 ORDER BY c
	Sort  (cost=43.92..43.95 rows=10 width=121)
	  Sort Key: c
	  ->  Index Scan using sbtest8_pkey on sbtest8  (cost=0.43..43.76 rows=10 width=121)
	        Index Cond: ((id >= 781114) AND (id <= 781123))

for: order_ranges
table 1 : explain SELECT c FROM sbtest1 WHERE id BETWEEN 5476139 AND 5476148 ORDER BY c
	Sort  (cost=43.80..43.83 rows=10 width=121)
	  Sort Key: c
	  ->  Index Scan using sbtest1_pkey on sbtest1  (cost=0.43..43.64 rows=10 width=121)
	        Index Cond: ((id >= 5476139) AND (id <= 5476148))

table 2 : explain SELECT c FROM sbtest2 WHERE id BETWEEN 6846338 AND 6846347 ORDER BY c
	Sort  (cost=43.79..43.81 rows=10 width=121)
	  Sort Key: c
	  ->  Index Scan using sbtest2_pkey on sbtest2  (cost=0.43..43.62 rows=10 width=121)
	        Index Cond: ((id >= 6846338) AND (id <= 6846347))

table 3 : explain SELECT c FROM sbtest3 WHERE id BETWEEN 3338539 AND 3338548 ORDER BY c
	Sort  (cost=47.81..47.84 rows=11 width=121)
	  Sort Key: c
	  ->  Index Scan using sbtest3_pkey on sbtest3  (cost=0.43..47.62 rows=11 width=121)
	        Index Cond: ((id >= 3338539) AND (id <= 3338548))

table 4 : explain SELECT c FROM sbtest4 WHERE id BETWEEN 7824634 AND 7824643 ORDER BY c
	Sort  (cost=43.90..43.93 rows=10 width=121)
	  Sort Key: c
	  ->  Index Scan using sbtest4_pkey on sbtest4  (cost=0.43..43.74 rows=10 width=121)
	        Index Cond: ((id >= 7824634) AND (id <= 7824643))

table 5 : explain SELECT c FROM sbtest5 WHERE id BETWEEN 1459152 AND 1459161 ORDER BY c
	Sort  (cost=43.92..43.95 rows=10 width=121)
	  Sort Key: c
	  ->  Index Scan using sbtest5_pkey on sbtest5  (cost=0.43..43.75 rows=10 width=121)
	        Index Cond: ((id >= 1459152) AND (id <= 1459161))

table 6 : explain SELECT c FROM sbtest6 WHERE id BETWEEN 7134336 AND 7134345 ORDER BY c
	Sort  (cost=47.83..47.85 rows=11 width=121)
	  Sort Key: c
	  ->  Index Scan using sbtest6_pkey on sbtest6  (cost=0.43..47.64 rows=11 width=121)
	        Index Cond: ((id >= 7134336) AND (id <= 7134345))

table 7 : explain SELECT c FROM sbtest7 WHERE id BETWEEN 8185102 AND 8185111 ORDER BY c
	Sort  (cost=43.87..43.89 rows=10 width=121)
	  Sort Key: c
	  ->  Index Scan using sbtest7_pkey on sbtest7  (cost=0.43..43.70 rows=10 width=121)
	        Index Cond: ((id >= 8185102) AND (id <= 8185111))

table 8 : explain SELECT c FROM sbtest8 WHERE id BETWEEN 4460558 AND 4460567 ORDER BY c
	Sort  (cost=43.92..43.95 rows=10 width=121)
	  Sort Key: c
	  ->  Index Scan using sbtest8_pkey on sbtest8  (cost=0.43..43.76 rows=10 width=121)
	        Index Cond: ((id >= 4460558) AND (id <= 4460567))

for: order_ranges
table 1 : explain SELECT c FROM sbtest1 WHERE id BETWEEN 2028726 AND 2028735 ORDER BY c
	Sort  (cost=43.80..43.83 rows=10 width=121)
	  Sort Key: c
	  ->  Index Scan using sbtest1_pkey on sbtest1  (cost=0.43..43.64 rows=10 width=121)
	        Index Cond: ((id >= 2028726) AND (id <= 2028735))

table 2 : explain SELECT c FROM sbtest2 WHERE id BETWEEN 1785433 AND 1785442 ORDER BY c
	Sort  (cost=43.79..43.81 rows=10 width=121)
	  Sort Key: c
	  ->  Index Scan using sbtest2_pkey on sbtest2  (cost=0.43..43.62 rows=10 width=121)
	        Index Cond: ((id >= 1785433) AND (id <= 1785442))

table 3 : explain SELECT c FROM sbtest3 WHERE id BETWEEN 3526272 AND 3526281 ORDER BY c
	Sort  (cost=43.87..43.90 rows=10 width=121)
	  Sort Key: c
	  ->  Index Scan using sbtest3_pkey on sbtest3  (cost=0.43..43.70 rows=10 width=121)
	        Index Cond: ((id >= 3526272) AND (id <= 3526281))

table 4 : explain SELECT c FROM sbtest4 WHERE id BETWEEN 6561259 AND 6561268 ORDER BY c
	Sort  (cost=43.90..43.93 rows=10 width=121)
	  Sort Key: c
	  ->  Index Scan using sbtest4_pkey on sbtest4  (cost=0.43..43.74 rows=10 width=121)
	        Index Cond: ((id >= 6561259) AND (id <= 6561268))

table 5 : explain SELECT c FROM sbtest5 WHERE id BETWEEN 7228393 AND 7228402 ORDER BY c
	Sort  (cost=47.87..47.89 rows=11 width=121)
	  Sort Key: c
	  ->  Index Scan using sbtest5_pkey on sbtest5  (cost=0.43..47.68 rows=11 width=121)
	        Index Cond: ((id >= 7228393) AND (id <= 7228402))

table 6 : explain SELECT c FROM sbtest6 WHERE id BETWEEN 7854820 AND 7854829 ORDER BY c
	Sort  (cost=43.88..43.91 rows=10 width=121)
	  Sort Key: c
	  ->  Index Scan using sbtest6_pkey on sbtest6  (cost=0.43..43.72 rows=10 width=121)
	        Index Cond: ((id >= 7854820) AND (id <= 7854829))

table 7 : explain SELECT c FROM sbtest7 WHERE id BETWEEN 9917563 AND 9917572 ORDER BY c
	Sort  (cost=43.87..43.89 rows=10 width=121)
	  Sort Key: c
	  ->  Index Scan using sbtest7_pkey on sbtest7  (cost=0.43..43.70 rows=10 width=121)
	        Index Cond: ((id >= 9917563) AND (id <= 9917572))

table 8 : explain SELECT c FROM sbtest8 WHERE id BETWEEN 6264110 AND 6264119 ORDER BY c
	Sort  (cost=39.98..40.00 rows=9 width=121)
	  Sort Key: c
	  ->  Index Scan using sbtest8_pkey on sbtest8  (cost=0.43..39.83 rows=9 width=121)
	        Index Cond: ((id >= 6264110) AND (id <= 6264119))

for: order_ranges
table 1 : explain SELECT c FROM sbtest1 WHERE id BETWEEN 5047767 AND 5047776 ORDER BY c
	Sort  (cost=43.80..43.83 rows=10 width=121)
	  Sort Key: c
	  ->  Index Scan using sbtest1_pkey on sbtest1  (cost=0.43..43.64 rows=10 width=121)
	        Index Cond: ((id >= 5047767) AND (id <= 5047776))

table 2 : explain SELECT c FROM sbtest2 WHERE id BETWEEN 5233306 AND 5233315 ORDER BY c
	Sort  (cost=43.79..43.81 rows=10 width=121)
	  Sort Key: c
	  ->  Index Scan using sbtest2_pkey on sbtest2  (cost=0.43..43.62 rows=10 width=121)
	        Index Cond: ((id >= 5233306) AND (id <= 5233315))

table 3 : explain SELECT c FROM sbtest3 WHERE id BETWEEN 6552507 AND 6552516 ORDER BY c
	Sort  (cost=43.87..43.90 rows=10 width=121)
	  Sort Key: c
	  ->  Index Scan using sbtest3_pkey on sbtest3  (cost=0.43..43.70 rows=10 width=121)
	        Index Cond: ((id >= 6552507) AND (id <= 6552516))

table 4 : explain SELECT c FROM sbtest4 WHERE id BETWEEN 5311735 AND 5311744 ORDER BY c
	Sort  (cost=39.96..39.98 rows=9 width=121)
	  Sort Key: c
	  ->  Index Scan using sbtest4_pkey on sbtest4  (cost=0.43..39.82 rows=9 width=121)
	        Index Cond: ((id >= 5311735) AND (id <= 5311744))

table 5 : explain SELECT c FROM sbtest5 WHERE id BETWEEN 1093093 AND 1093102 ORDER BY c
	Sort  (cost=43.92..43.95 rows=10 width=121)
	  Sort Key: c
	  ->  Index Scan using sbtest5_pkey on sbtest5  (cost=0.43..43.75 rows=10 width=121)
	        Index Cond: ((id >= 1093093) AND (id <= 1093102))

table 6 : explain SELECT c FROM sbtest6 WHERE id BETWEEN 3291180 AND 3291189 ORDER BY c
	Sort  (cost=43.88..43.91 rows=10 width=121)
	  Sort Key: c
	  ->  Index Scan using sbtest6_pkey on sbtest6  (cost=0.43..43.72 rows=10 width=121)
	        Index Cond: ((id >= 3291180) AND (id <= 3291189))

table 7 : explain SELECT c FROM sbtest7 WHERE id BETWEEN 4853744 AND 4853753 ORDER BY c
	Sort  (cost=43.87..43.89 rows=10 width=121)
	  Sort Key: c
	  ->  Index Scan using sbtest7_pkey on sbtest7  (cost=0.43..43.70 rows=10 width=121)
	        Index Cond: ((id >= 4853744) AND (id <= 4853753))

table 8 : explain SELECT c FROM sbtest8 WHERE id BETWEEN 7357140 AND 7357149 ORDER BY c
	Sort  (cost=43.92..43.95 rows=10 width=121)
	  Sort Key: c
	  ->  Index Scan using sbtest8_pkey on sbtest8  (cost=0.43..43.76 rows=10 width=121)
	        Index Cond: ((id >= 7357140) AND (id <= 7357149))

for: distinct_ranges
table 1 : explain SELECT DISTINCT c FROM sbtest1 WHERE id BETWEEN 8304444 AND 8304453 ORDER BY c
	Unique  (cost=43.80..43.85 rows=10 width=121)
	  ->  Sort  (cost=43.80..43.83 rows=10 width=121)
	        Sort Key: c
	        ->  Index Scan using sbtest1_pkey on sbtest1  (cost=0.43..43.64 rows=10 width=121)
	              Index Cond: ((id >= 8304444) AND (id <= 8304453))

table 2 : explain SELECT DISTINCT c FROM sbtest2 WHERE id BETWEEN 8436193 AND 8436202 ORDER BY c
	Unique  (cost=43.79..43.84 rows=10 width=121)
	  ->  Sort  (cost=43.79..43.81 rows=10 width=121)
	        Sort Key: c
	        ->  Index Scan using sbtest2_pkey on sbtest2  (cost=0.43..43.62 rows=10 width=121)
	              Index Cond: ((id >= 8436193) AND (id <= 8436202))

table 3 : explain SELECT DISTINCT c FROM sbtest3 WHERE id BETWEEN 4477188 AND 4477197 ORDER BY c
	Unique  (cost=43.87..43.92 rows=10 width=121)
	  ->  Sort  (cost=43.87..43.90 rows=10 width=121)
	        Sort Key: c
	        ->  Index Scan using sbtest3_pkey on sbtest3  (cost=0.43..43.70 rows=10 width=121)
	              Index Cond: ((id >= 4477188) AND (id <= 4477197))

table 4 : explain SELECT DISTINCT c FROM sbtest4 WHERE id BETWEEN 1768049 AND 1768058 ORDER BY c
	Unique  (cost=43.90..43.95 rows=10 width=121)
	  ->  Sort  (cost=43.90..43.93 rows=10 width=121)
	        Sort Key: c
	        ->  Index Scan using sbtest4_pkey on sbtest4  (cost=0.43..43.74 rows=10 width=121)
	              Index Cond: ((id >= 1768049) AND (id <= 1768058))

table 5 : explain SELECT DISTINCT c FROM sbtest5 WHERE id BETWEEN 9891055 AND 9891064 ORDER BY c
	Unique  (cost=43.92..43.97 rows=10 width=121)
	  ->  Sort  (cost=43.92..43.95 rows=10 width=121)
	        Sort Key: c
	        ->  Index Scan using sbtest5_pkey on sbtest5  (cost=0.43..43.75 rows=10 width=121)
	              Index Cond: ((id >= 9891055) AND (id <= 9891064))

table 6 : explain SELECT DISTINCT c FROM sbtest6 WHERE id BETWEEN 4495050 AND 4495059 ORDER BY c
	Unique  (cost=43.88..43.93 rows=10 width=121)
	  ->  Sort  (cost=43.88..43.91 rows=10 width=121)
	        Sort Key: c
	        ->  Index Scan using sbtest6_pkey on sbtest6  (cost=0.43..43.72 rows=10 width=121)
	              Index Cond: ((id >= 4495050) AND (id <= 4495059))

table 7 : explain SELECT DISTINCT c FROM sbtest7 WHERE id BETWEEN 9052687 AND 9052696 ORDER BY c
	Unique  (cost=39.93..39.97 rows=9 width=121)
	  ->  Sort  (cost=39.93..39.95 rows=9 width=121)
	        Sort Key: c
	        ->  Index Scan using sbtest7_pkey on sbtest7  (cost=0.43..39.78 rows=9 width=121)
	              Index Cond: ((id >= 9052687) AND (id <= 9052696))

table 8 : explain SELECT DISTINCT c FROM sbtest8 WHERE id BETWEEN 6626587 AND 6626596 ORDER BY c
	Unique  (cost=39.98..40.02 rows=9 width=121)
	  ->  Sort  (cost=39.98..40.00 rows=9 width=121)
	        Sort Key: c
	        ->  Index Scan using sbtest8_pkey on sbtest8  (cost=0.43..39.83 rows=9 width=121)
	              Index Cond: ((id >= 6626587) AND (id <= 6626596))

for: order_ranges
table 1 : explain SELECT c FROM sbtest1 WHERE id BETWEEN 2343878 AND 2343887 ORDER BY c
	Sort  (cost=51.67..51.70 rows=12 width=121)
	  Sort Key: c
	  ->  Index Scan using sbtest1_pkey on sbtest1  (cost=0.43..51.46 rows=12 width=121)
	        Index Cond: ((id >= 2343878) AND (id <= 2343887))

table 2 : explain SELECT c FROM sbtest2 WHERE id BETWEEN 817489 AND 817498 ORDER BY c
	Sort  (cost=43.79..43.81 rows=10 width=121)
	  Sort Key: c
	  ->  Index Scan using sbtest2_pkey on sbtest2  (cost=0.43..43.62 rows=10 width=121)
	        Index Cond: ((id >= 817489) AND (id <= 817498))

table 3 : explain SELECT c FROM sbtest3 WHERE id BETWEEN 3353287 AND 3353296 ORDER BY c
	Sort  (cost=47.81..47.84 rows=11 width=121)
	  Sort Key: c
	  ->  Index Scan using sbtest3_pkey on sbtest3  (cost=0.43..47.62 rows=11 width=121)
	        Index Cond: ((id >= 3353287) AND (id <= 3353296))

table 4 : explain SELECT c FROM sbtest4 WHERE id BETWEEN 9510605 AND 9510614 ORDER BY c
	Sort  (cost=43.90..43.93 rows=10 width=121)
	  Sort Key: c
	  ->  Index Scan using sbtest4_pkey on sbtest4  (cost=0.43..43.74 rows=10 width=121)
	        Index Cond: ((id >= 9510605) AND (id <= 9510614))

table 5 : explain SELECT c FROM sbtest5 WHERE id BETWEEN 5008259 AND 5008268 ORDER BY c
	Sort  (cost=39.98..40.00 rows=9 width=121)
	  Sort Key: c
	  ->  Index Scan using sbtest5_pkey on sbtest5  (cost=0.43..39.83 rows=9 width=121)
	        Index Cond: ((id >= 5008259) AND (id <= 5008268))

table 6 : explain SELECT c FROM sbtest6 WHERE id BETWEEN 9510834 AND 9510843 ORDER BY c
	Sort  (cost=43.88..43.91 rows=10 width=121)
	  Sort Key: c
	  ->  Index Scan using sbtest6_pkey on sbtest6  (cost=0.43..43.72 rows=10 width=121)
	        Index Cond: ((id >= 9510834) AND (id <= 9510843))

table 7 : explain SELECT c FROM sbtest7 WHERE id BETWEEN 2545716 AND 2545725 ORDER BY c
	Sort  (cost=43.87..43.89 rows=10 width=121)
	  Sort Key: c
	  ->  Index Scan using sbtest7_pkey on sbtest7  (cost=0.43..43.70 rows=10 width=121)
	        Index Cond: ((id >= 2545716) AND (id <= 2545725))

table 8 : explain SELECT c FROM sbtest8 WHERE id BETWEEN 1894095 AND 1894104 ORDER BY c
	Sort  (cost=43.92..43.95 rows=10 width=121)
	  Sort Key: c
	  ->  Index Scan using sbtest8_pkey on sbtest8  (cost=0.43..43.76 rows=10 width=121)
	        Index Cond: ((id >= 1894095) AND (id <= 1894104))

for: order_ranges
table 1 : explain SELECT c FROM sbtest1 WHERE id BETWEEN 6864413 AND 6864422 ORDER BY c
	Sort  (cost=39.87..39.89 rows=9 width=121)
	  Sort Key: c
	  ->  Index Scan using sbtest1_pkey on sbtest1  (cost=0.43..39.73 rows=9 width=121)
	        Index Cond: ((id >= 6864413) AND (id <= 6864422))

table 2 : explain SELECT c FROM sbtest2 WHERE id BETWEEN 6398980 AND 6398989 ORDER BY c
	Sort  (cost=43.79..43.81 rows=10 width=121)
	  Sort Key: c
	  ->  Index Scan using sbtest2_pkey on sbtest2  (cost=0.43..43.62 rows=10 width=121)
	        Index Cond: ((id >= 6398980) AND (id <= 6398989))

table 3 : explain SELECT c FROM sbtest3 WHERE id BETWEEN 682323 AND 682332 ORDER BY c
	Sort  (cost=43.87..43.90 rows=10 width=121)
	  Sort Key: c
	  ->  Index Scan using sbtest3_pkey on sbtest3  (cost=0.43..43.70 rows=10 width=121)
	        Index Cond: ((id >= 682323) AND (id <= 682332))

table 4 : explain SELECT c FROM sbtest4 WHERE id BETWEEN 7364241 AND 7364250 ORDER BY c
	Sort  (cost=39.96..39.98 rows=9 width=121)
	  Sort Key: c
	  ->  Index Scan using sbtest4_pkey on sbtest4  (cost=0.43..39.82 rows=9 width=121)
	        Index Cond: ((id >= 7364241) AND (id <= 7364250))

table 5 : explain SELECT c FROM sbtest5 WHERE id BETWEEN 1719441 AND 1719450 ORDER BY c
	Sort  (cost=43.92..43.95 rows=10 width=121)
	  Sort Key: c
	  ->  Index Scan using sbtest5_pkey on sbtest5  (cost=0.43..43.75 rows=10 width=121)
	        Index Cond: ((id >= 1719441) AND (id <= 1719450))

table 6 : explain SELECT c FROM sbtest6 WHERE id BETWEEN 8194760 AND 8194769 ORDER BY c
	Sort  (cost=47.83..47.85 rows=11 width=121)
	  Sort Key: c
	  ->  Index Scan using sbtest6_pkey on sbtest6  (cost=0.43..47.64 rows=11 width=121)
	        Index Cond: ((id >= 8194760) AND (id <= 8194769))

table 7 : explain SELECT c FROM sbtest7 WHERE id BETWEEN 339904 AND 339913 ORDER BY c
	Sort  (cost=43.87..43.89 rows=10 width=121)
	  Sort Key: c
	  ->  Index Scan using sbtest7_pkey on sbtest7  (cost=0.43..43.70 rows=10 width=121)
	        Index Cond: ((id >= 339904) AND (id <= 339913))

table 8 : explain SELECT c FROM sbtest8 WHERE id BETWEEN 9801374 AND 9801383 ORDER BY c
	Sort  (cost=47.87..47.90 rows=11 width=121)
	  Sort Key: c
	  ->  Index Scan using sbtest8_pkey on sbtest8  (cost=0.43..47.68 rows=11 width=121)
	        Index Cond: ((id >= 9801374) AND (id <= 9801383))

for: order_ranges
table 1 : explain SELECT c FROM sbtest1 WHERE id BETWEEN 1306912 AND 1306921 ORDER BY c
	Sort  (cost=39.87..39.89 rows=9 width=121)
	  Sort Key: c
	  ->  Index Scan using sbtest1_pkey on sbtest1  (cost=0.43..39.73 rows=9 width=121)
	        Index Cond: ((id >= 1306912) AND (id <= 1306921))

table 2 : explain SELECT c FROM sbtest2 WHERE id BETWEEN 339410 AND 339419 ORDER BY c
	Sort  (cost=47.72..47.75 rows=11 width=121)
	  Sort Key: c
	  ->  Index Scan using sbtest2_pkey on sbtest2  (cost=0.43..47.53 rows=11 width=121)
	        Index Cond: ((id >= 339410) AND (id <= 339419))

table 3 : explain SELECT c FROM sbtest3 WHERE id BETWEEN 1056706 AND 1056715 ORDER BY c
	Sort  (cost=43.87..43.90 rows=10 width=121)
	  Sort Key: c
	  ->  Index Scan using sbtest3_pkey on sbtest3  (cost=0.43..43.70 rows=10 width=121)
	        Index Cond: ((id >= 1056706) AND (id <= 1056715))

table 4 : explain SELECT c FROM sbtest4 WHERE id BETWEEN 941062 AND 941071 ORDER BY c
	Sort  (cost=43.90..43.93 rows=10 width=121)
	  Sort Key: c
	  ->  Index Scan using sbtest4_pkey on sbtest4  (cost=0.43..43.74 rows=10 width=121)
	        Index Cond: ((id >= 941062) AND (id <= 941071))

table 5 : explain SELECT c FROM sbtest5 WHERE id BETWEEN 7163377 AND 7163386 ORDER BY c
	Sort  (cost=47.87..47.89 rows=11 width=121)
	  Sort Key: c
	  ->  Index Scan using sbtest5_pkey on sbtest5  (cost=0.43..47.68 rows=11 width=121)
	        Index Cond: ((id >= 7163377) AND (id <= 7163386))

table 6 : explain SELECT c FROM sbtest6 WHERE id BETWEEN 1063018 AND 1063027 ORDER BY c
	Sort  (cost=47.83..47.85 rows=11 width=121)
	  Sort Key: c
	  ->  Index Scan using sbtest6_pkey on sbtest6  (cost=0.43..47.64 rows=11 width=121)
	        Index Cond: ((id >= 1063018) AND (id <= 1063027))

table 7 : explain SELECT c FROM sbtest7 WHERE id BETWEEN 2118087 AND 2118096 ORDER BY c
	Sort  (cost=43.87..43.89 rows=10 width=121)
	  Sort Key: c
	  ->  Index Scan using sbtest7_pkey on sbtest7  (cost=0.43..43.70 rows=10 width=121)
	        Index Cond: ((id >= 2118087) AND (id <= 2118096))

table 8 : explain SELECT c FROM sbtest8 WHERE id BETWEEN 79990 AND 79999 ORDER BY c
	Sort  (cost=39.98..40.00 rows=9 width=121)
	  Sort Key: c
	  ->  Index Scan using sbtest8_pkey on sbtest8  (cost=0.43..39.83 rows=9 width=121)
	        Index Cond: ((id >= 79990) AND (id <= 79999))

for: order_ranges
table 1 : explain SELECT c FROM sbtest1 WHERE id BETWEEN 2525312 AND 2525321 ORDER BY c
	Sort  (cost=43.80..43.83 rows=10 width=121)
	  Sort Key: c
	  ->  Index Scan using sbtest1_pkey on sbtest1  (cost=0.43..43.64 rows=10 width=121)
	        Index Cond: ((id >= 2525312) AND (id <= 2525321))

table 2 : explain SELECT c FROM sbtest2 WHERE id BETWEEN 7574068 AND 7574077 ORDER BY c
	Sort  (cost=39.86..39.88 rows=9 width=121)
	  Sort Key: c
	  ->  Index Scan using sbtest2_pkey on sbtest2  (cost=0.43..39.71 rows=9 width=121)
	        Index Cond: ((id >= 7574068) AND (id <= 7574077))

table 3 : explain SELECT c FROM sbtest3 WHERE id BETWEEN 7325897 AND 7325906 ORDER BY c
	Sort  (cost=39.93..39.95 rows=9 width=121)
	  Sort Key: c
	  ->  Index Scan using sbtest3_pkey on sbtest3  (cost=0.43..39.79 rows=9 width=121)
	        Index Cond: ((id >= 7325897) AND (id <= 7325906))

table 4 : explain SELECT c FROM sbtest4 WHERE id BETWEEN 4123311 AND 4123320 ORDER BY c
	Sort  (cost=43.90..43.93 rows=10 width=121)
	  Sort Key: c
	  ->  Index Scan using sbtest4_pkey on sbtest4  (cost=0.43..43.74 rows=10 width=121)
	        Index Cond: ((id >= 4123311) AND (id <= 4123320))

table 5 : explain SELECT c FROM sbtest5 WHERE id BETWEEN 7737834 AND 7737843 ORDER BY c
	Sort  (cost=51.81..51.84 rows=12 width=121)
	  Sort Key: c
	  ->  Index Scan using sbtest5_pkey on sbtest5  (cost=0.43..51.60 rows=12 width=121)
	        Index Cond: ((id >= 7737834) AND (id <= 7737843))

table 6 : explain SELECT c FROM sbtest6 WHERE id BETWEEN 135256 AND 135265 ORDER BY c
	Sort  (cost=39.94..39.96 rows=9 width=121)
	  Sort Key: c
	  ->  Index Scan using sbtest6_pkey on sbtest6  (cost=0.43..39.80 rows=9 width=121)
	        Index Cond: ((id >= 135256) AND (id <= 135265))

table 7 : explain SELECT c FROM sbtest7 WHERE id BETWEEN 4740362 AND 4740371 ORDER BY c
	Sort  (cost=39.93..39.95 rows=9 width=121)
	  Sort Key: c
	  ->  Index Scan using sbtest7_pkey on sbtest7  (cost=0.43..39.78 rows=9 width=121)
	        Index Cond: ((id >= 4740362) AND (id <= 4740371))

table 8 : explain SELECT c FROM sbtest8 WHERE id BETWEEN 529800 AND 529809 ORDER BY c
	Sort  (cost=39.98..40.00 rows=9 width=121)
	  Sort Key: c
	  ->  Index Scan using sbtest8_pkey on sbtest8  (cost=0.43..39.83 rows=9 width=121)
	        Index Cond: ((id >= 529800) AND (id <= 529809))

for: order_ranges
table 1 : explain SELECT c FROM sbtest1 WHERE id BETWEEN 663664 AND 663673 ORDER BY c
	Sort  (cost=43.80..43.83 rows=10 width=121)
	  Sort Key: c
	  ->  Index Scan using sbtest1_pkey on sbtest1  (cost=0.43..43.64 rows=10 width=121)
	        Index Cond: ((id >= 663664) AND (id <= 663673))

table 2 : explain SELECT c FROM sbtest2 WHERE id BETWEEN 8341224 AND 8341233 ORDER BY c
	Sort  (cost=39.86..39.88 rows=9 width=121)
	  Sort Key: c
	  ->  Index Scan using sbtest2_pkey on sbtest2  (cost=0.43..39.71 rows=9 width=121)
	        Index Cond: ((id >= 8341224) AND (id <= 8341233))

table 3 : explain SELECT c FROM sbtest3 WHERE id BETWEEN 8868802 AND 8868811 ORDER BY c
	Sort  (cost=43.87..43.90 rows=10 width=121)
	  Sort Key: c
	  ->  Index Scan using sbtest3_pkey on sbtest3  (cost=0.43..43.70 rows=10 width=121)
	        Index Cond: ((id >= 8868802) AND (id <= 8868811))

table 4 : explain SELECT c FROM sbtest4 WHERE id BETWEEN 4256200 AND 4256209 ORDER BY c
	Sort  (cost=43.90..43.93 rows=10 width=121)
	  Sort Key: c
	  ->  Index Scan using sbtest4_pkey on sbtest4  (cost=0.43..43.74 rows=10 width=121)
	        Index Cond: ((id >= 4256200) AND (id <= 4256209))

table 5 : explain SELECT c FROM sbtest5 WHERE id BETWEEN 8960556 AND 8960565 ORDER BY c
	Sort  (cost=43.92..43.95 rows=10 width=121)
	  Sort Key: c
	  ->  Index Scan using sbtest5_pkey on sbtest5  (cost=0.43..43.75 rows=10 width=121)
	        Index Cond: ((id >= 8960556) AND (id <= 8960565))

table 6 : explain SELECT c FROM sbtest6 WHERE id BETWEEN 9830758 AND 9830767 ORDER BY c
	Sort  (cost=47.83..47.85 rows=11 width=121)
	  Sort Key: c
	  ->  Index Scan using sbtest6_pkey on sbtest6  (cost=0.43..47.64 rows=11 width=121)
	        Index Cond: ((id >= 9830758) AND (id <= 9830767))

table 7 : explain SELECT c FROM sbtest7 WHERE id BETWEEN 1136408 AND 1136417 ORDER BY c
	Sort  (cost=43.87..43.89 rows=10 width=121)
	  Sort Key: c
	  ->  Index Scan using sbtest7_pkey on sbtest7  (cost=0.43..43.70 rows=10 width=121)
	        Index Cond: ((id >= 1136408) AND (id <= 1136417))

table 8 : explain SELECT c FROM sbtest8 WHERE id BETWEEN 1385575 AND 1385584 ORDER BY c
	Sort  (cost=43.92..43.95 rows=10 width=121)
	  Sort Key: c
	  ->  Index Scan using sbtest8_pkey on sbtest8  (cost=0.43..43.76 rows=10 width=121)
	        Index Cond: ((id >= 1385575) AND (id <= 1385584))

for: order_ranges
table 1 : explain SELECT c FROM sbtest1 WHERE id BETWEEN 6657810 AND 6657819 ORDER BY c
	Sort  (cost=39.87..39.89 rows=9 width=121)
	  Sort Key: c
	  ->  Index Scan using sbtest1_pkey on sbtest1  (cost=0.43..39.73 rows=9 width=121)
	        Index Cond: ((id >= 6657810) AND (id <= 6657819))

table 2 : explain SELECT c FROM sbtest2 WHERE id BETWEEN 9326134 AND 9326143 ORDER BY c
	Sort  (cost=43.79..43.81 rows=10 width=121)
	  Sort Key: c
	  ->  Index Scan using sbtest2_pkey on sbtest2  (cost=0.43..43.62 rows=10 width=121)
	        Index Cond: ((id >= 9326134) AND (id <= 9326143))

table 3 : explain SELECT c FROM sbtest3 WHERE id BETWEEN 5179533 AND 5179542 ORDER BY c
	Sort  (cost=39.93..39.95 rows=9 width=121)
	  Sort Key: c
	  ->  Index Scan using sbtest3_pkey on sbtest3  (cost=0.43..39.79 rows=9 width=121)
	        Index Cond: ((id >= 5179533) AND (id <= 5179542))

table 4 : explain SELECT c FROM sbtest4 WHERE id BETWEEN 6581240 AND 6581249 ORDER BY c
	Sort  (cost=43.90..43.93 rows=10 width=121)
	  Sort Key: c
	  ->  Index Scan using sbtest4_pkey on sbtest4  (cost=0.43..43.74 rows=10 width=121)
	        Index Cond: ((id >= 6581240) AND (id <= 6581249))

table 5 : explain SELECT c FROM sbtest5 WHERE id BETWEEN 7165690 AND 7165699 ORDER BY c
	Sort  (cost=47.87..47.89 rows=11 width=121)
	  Sort Key: c
	  ->  Index Scan using sbtest5_pkey on sbtest5  (cost=0.43..47.68 rows=11 width=121)
	        Index Cond: ((id >= 7165690) AND (id <= 7165699))

table 6 : explain SELECT c FROM sbtest6 WHERE id BETWEEN 7221605 AND 7221614 ORDER BY c
	Sort  (cost=43.88..43.91 rows=10 width=121)
	  Sort Key: c
	  ->  Index Scan using sbtest6_pkey on sbtest6  (cost=0.43..43.72 rows=10 width=121)
	        Index Cond: ((id >= 7221605) AND (id <= 7221614))

table 7 : explain SELECT c FROM sbtest7 WHERE id BETWEEN 4247592 AND 4247601 ORDER BY c
	Sort  (cost=43.87..43.89 rows=10 width=121)
	  Sort Key: c
	  ->  Index Scan using sbtest7_pkey on sbtest7  (cost=0.43..43.70 rows=10 width=121)
	        Index Cond: ((id >= 4247592) AND (id <= 4247601))

table 8 : explain SELECT c FROM sbtest8 WHERE id BETWEEN 2826002 AND 2826011 ORDER BY c
	Sort  (cost=43.92..43.95 rows=10 width=121)
	  Sort Key: c
	  ->  Index Scan using sbtest8_pkey on sbtest8  (cost=0.43..43.76 rows=10 width=121)
	        Index Cond: ((id >= 2826002) AND (id <= 2826011))

for: distinct_ranges
table 1 : explain SELECT DISTINCT c FROM sbtest1 WHERE id BETWEEN 6467882 AND 6467891 ORDER BY c
	Unique  (cost=43.80..43.85 rows=10 width=121)
	  ->  Sort  (cost=43.80..43.83 rows=10 width=121)
	        Sort Key: c
	        ->  Index Scan using sbtest1_pkey on sbtest1  (cost=0.43..43.64 rows=10 width=121)
	              Index Cond: ((id >= 6467882) AND (id <= 6467891))

table 2 : explain SELECT DISTINCT c FROM sbtest2 WHERE id BETWEEN 4277826 AND 4277835 ORDER BY c
	Unique  (cost=43.79..43.84 rows=10 width=121)
	  ->  Sort  (cost=43.79..43.81 rows=10 width=121)
	        Sort Key: c
	        ->  Index Scan using sbtest2_pkey on sbtest2  (cost=0.43..43.62 rows=10 width=121)
	              Index Cond: ((id >= 4277826) AND (id <= 4277835))

table 3 : explain SELECT DISTINCT c FROM sbtest3 WHERE id BETWEEN 349382 AND 349391 ORDER BY c
	Unique  (cost=43.87..43.92 rows=10 width=121)
	  ->  Sort  (cost=43.87..43.90 rows=10 width=121)
	        Sort Key: c
	        ->  Index Scan using sbtest3_pkey on sbtest3  (cost=0.43..43.70 rows=10 width=121)
	              Index Cond: ((id >= 349382) AND (id <= 349391))

table 4 : explain SELECT DISTINCT c FROM sbtest4 WHERE id BETWEEN 4554646 AND 4554655 ORDER BY c
	Unique  (cost=43.90..43.95 rows=10 width=121)
	  ->  Sort  (cost=43.90..43.93 rows=10 width=121)
	        Sort Key: c
	        ->  Index Scan using sbtest4_pkey on sbtest4  (cost=0.43..43.74 rows=10 width=121)
	              Index Cond: ((id >= 4554646) AND (id <= 4554655))

table 5 : explain SELECT DISTINCT c FROM sbtest5 WHERE id BETWEEN 6066995 AND 6067004 ORDER BY c
	Unique  (cost=43.92..43.97 rows=10 width=121)
	  ->  Sort  (cost=43.92..43.95 rows=10 width=121)
	        Sort Key: c
	        ->  Index Scan using sbtest5_pkey on sbtest5  (cost=0.43..43.75 rows=10 width=121)
	              Index Cond: ((id >= 6066995) AND (id <= 6067004))

table 6 : explain SELECT DISTINCT c FROM sbtest6 WHERE id BETWEEN 3426535 AND 3426544 ORDER BY c
	Unique  (cost=43.88..43.93 rows=10 width=121)
	  ->  Sort  (cost=43.88..43.91 rows=10 width=121)
	        Sort Key: c
	        ->  Index Scan using sbtest6_pkey on sbtest6  (cost=0.43..43.72 rows=10 width=121)
	              Index Cond: ((id >= 3426535) AND (id <= 3426544))

table 7 : explain SELECT DISTINCT c FROM sbtest7 WHERE id BETWEEN 6723952 AND 6723961 ORDER BY c
	Unique  (cost=43.87..43.92 rows=10 width=121)
	  ->  Sort  (cost=43.87..43.89 rows=10 width=121)
	        Sort Key: c
	        ->  Index Scan using sbtest7_pkey on sbtest7  (cost=0.43..43.70 rows=10 width=121)
	              Index Cond: ((id >= 6723952) AND (id <= 6723961))

table 8 : explain SELECT DISTINCT c FROM sbtest8 WHERE id BETWEEN 1472709 AND 1472718 ORDER BY c
	Unique  (cost=43.92..43.97 rows=10 width=121)
	  ->  Sort  (cost=43.92..43.95 rows=10 width=121)
	        Sort Key: c
	        ->  Index Scan using sbtest8_pkey on sbtest8  (cost=0.43..43.76 rows=10 width=121)
	              Index Cond: ((id >= 1472709) AND (id <= 1472718))

for: order_ranges
table 1 : explain SELECT c FROM sbtest1 WHERE id BETWEEN 707480 AND 707489 ORDER BY c
	Sort  (cost=43.80..43.83 rows=10 width=121)
	  Sort Key: c
	  ->  Index Scan using sbtest1_pkey on sbtest1  (cost=0.43..43.64 rows=10 width=121)
	        Index Cond: ((id >= 707480) AND (id <= 707489))

table 2 : explain SELECT c FROM sbtest2 WHERE id BETWEEN 1147178 AND 1147187 ORDER BY c
	Sort  (cost=43.79..43.81 rows=10 width=121)
	  Sort Key: c
	  ->  Index Scan using sbtest2_pkey on sbtest2  (cost=0.43..43.62 rows=10 width=121)
	        Index Cond: ((id >= 1147178) AND (id <= 1147187))

table 3 : explain SELECT c FROM sbtest3 WHERE id BETWEEN 2477084 AND 2477093 ORDER BY c
	Sort  (cost=43.87..43.90 rows=10 width=121)
	  Sort Key: c
	  ->  Index Scan using sbtest3_pkey on sbtest3  (cost=0.43..43.70 rows=10 width=121)
	        Index Cond: ((id >= 2477084) AND (id <= 2477093))

table 4 : explain SELECT c FROM sbtest4 WHERE id BETWEEN 3412286 AND 3412295 ORDER BY c
	Sort  (cost=47.85..47.87 rows=11 width=121)
	  Sort Key: c
	  ->  Index Scan using sbtest4_pkey on sbtest4  (cost=0.43..47.66 rows=11 width=121)
	        Index Cond: ((id >= 3412286) AND (id <= 3412295))

table 5 : explain SELECT c FROM sbtest5 WHERE id BETWEEN 2023009 AND 2023018 ORDER BY c
	Sort  (cost=43.92..43.95 rows=10 width=121)
	  Sort Key: c
	  ->  Index Scan using sbtest5_pkey on sbtest5  (cost=0.43..43.75 rows=10 width=121)
	        Index Cond: ((id >= 2023009) AND (id <= 2023018))

table 6 : explain SELECT c FROM sbtest6 WHERE id BETWEEN 6135893 AND 6135902 ORDER BY c
	Sort  (cost=39.94..39.96 rows=9 width=121)
	  Sort Key: c
	  ->  Index Scan using sbtest6_pkey on sbtest6  (cost=0.43..39.80 rows=9 width=121)
	        Index Cond: ((id >= 6135893) AND (id <= 6135902))

table 7 : explain SELECT c FROM sbtest7 WHERE id BETWEEN 6675395 AND 6675404 ORDER BY c
	Sort  (cost=43.87..43.89 rows=10 width=121)
	  Sort Key: c
	  ->  Index Scan using sbtest7_pkey on sbtest7  (cost=0.43..43.70 rows=10 width=121)
	        Index Cond: ((id >= 6675395) AND (id <= 6675404))

table 8 : explain SELECT c FROM sbtest8 WHERE id BETWEEN 7732975 AND 7732984 ORDER BY c
	Sort  (cost=43.92..43.95 rows=10 width=121)
	  Sort Key: c
	  ->  Index Scan using sbtest8_pkey on sbtest8  (cost=0.43..43.76 rows=10 width=121)
	        Index Cond: ((id >= 7732975) AND (id <= 7732984))

for: distinct_ranges
table 1 : explain SELECT DISTINCT c FROM sbtest1 WHERE id BETWEEN 8239440 AND 8239449 ORDER BY c
	Unique  (cost=43.80..43.85 rows=10 width=121)
	  ->  Sort  (cost=43.80..43.83 rows=10 width=121)
	        Sort Key: c
	        ->  Index Scan using sbtest1_pkey on sbtest1  (cost=0.43..43.64 rows=10 width=121)
	              Index Cond: ((id >= 8239440) AND (id <= 8239449))

table 2 : explain SELECT DISTINCT c FROM sbtest2 WHERE id BETWEEN 7588180 AND 7588189 ORDER BY c
	Unique  (cost=39.86..39.90 rows=9 width=121)
	  ->  Sort  (cost=39.86..39.88 rows=9 width=121)
	        Sort Key: c
	        ->  Index Scan using sbtest2_pkey on sbtest2  (cost=0.43..39.71 rows=9 width=121)
	              Index Cond: ((id >= 7588180) AND (id <= 7588189))

table 3 : explain SELECT DISTINCT c FROM sbtest3 WHERE id BETWEEN 9120174 AND 9120183 ORDER BY c
	Unique  (cost=47.81..47.87 rows=11 width=121)
	  ->  Sort  (cost=47.81..47.84 rows=11 width=121)
	        Sort Key: c
	        ->  Index Scan using sbtest3_pkey on sbtest3  (cost=0.43..47.62 rows=11 width=121)
	              Index Cond: ((id >= 9120174) AND (id <= 9120183))

table 4 : explain SELECT DISTINCT c FROM sbtest4 WHERE id BETWEEN 9276665 AND 9276674 ORDER BY c
	Unique  (cost=43.90..43.95 rows=10 width=121)
	  ->  Sort  (cost=43.90..43.93 rows=10 width=121)
	        Sort Key: c
	        ->  Index Scan using sbtest4_pkey on sbtest4  (cost=0.43..43.74 rows=10 width=121)
	              Index Cond: ((id >= 9276665) AND (id <= 9276674))

table 5 : explain SELECT DISTINCT c FROM sbtest5 WHERE id BETWEEN 2003257 AND 2003266 ORDER BY c
	Unique  (cost=43.92..43.97 rows=10 width=121)
	  ->  Sort  (cost=43.92..43.95 rows=10 width=121)
	        Sort Key: c
	        ->  Index Scan using sbtest5_pkey on sbtest5  (cost=0.43..43.75 rows=10 width=121)
	              Index Cond: ((id >= 2003257) AND (id <= 2003266))

table 6 : explain SELECT DISTINCT c FROM sbtest6 WHERE id BETWEEN 2821642 AND 2821651 ORDER BY c
	Unique  (cost=43.88..43.93 rows=10 width=121)
	  ->  Sort  (cost=43.88..43.91 rows=10 width=121)
	        Sort Key: c
	        ->  Index Scan using sbtest6_pkey on sbtest6  (cost=0.43..43.72 rows=10 width=121)
	              Index Cond: ((id >= 2821642) AND (id <= 2821651))

table 7 : explain SELECT DISTINCT c FROM sbtest7 WHERE id BETWEEN 3055529 AND 3055538 ORDER BY c
	Unique  (cost=43.87..43.92 rows=10 width=121)
	  ->  Sort  (cost=43.87..43.89 rows=10 width=121)
	        Sort Key: c
	        ->  Index Scan using sbtest7_pkey on sbtest7  (cost=0.43..43.70 rows=10 width=121)
	              Index Cond: ((id >= 3055529) AND (id <= 3055538))

table 8 : explain SELECT DISTINCT c FROM sbtest8 WHERE id BETWEEN 64959 AND 64968 ORDER BY c
	Unique  (cost=39.98..40.02 rows=9 width=121)
	  ->  Sort  (cost=39.98..40.00 rows=9 width=121)
	        Sort Key: c
	        ->  Index Scan using sbtest8_pkey on sbtest8  (cost=0.43..39.83 rows=9 width=121)
	              Index Cond: ((id >= 64959) AND (id <= 64968))

for: distinct_ranges
table 1 : explain SELECT DISTINCT c FROM sbtest1 WHERE id BETWEEN 482983 AND 482992 ORDER BY c
	Unique  (cost=43.80..43.85 rows=10 width=121)
	  ->  Sort  (cost=43.80..43.83 rows=10 width=121)
	        Sort Key: c
	        ->  Index Scan using sbtest1_pkey on sbtest1  (cost=0.43..43.64 rows=10 width=121)
	              Index Cond: ((id >= 482983) AND (id <= 482992))

table 2 : explain SELECT DISTINCT c FROM sbtest2 WHERE id BETWEEN 5448302 AND 5448311 ORDER BY c
	Unique  (cost=39.86..39.90 rows=9 width=121)
	  ->  Sort  (cost=39.86..39.88 rows=9 width=121)
	        Sort Key: c
	        ->  Index Scan using sbtest2_pkey on sbtest2  (cost=0.43..39.71 rows=9 width=121)
	              Index Cond: ((id >= 5448302) AND (id <= 5448311))

table 3 : explain SELECT DISTINCT c FROM sbtest3 WHERE id BETWEEN 6083517 AND 6083526 ORDER BY c
	Unique  (cost=43.87..43.92 rows=10 width=121)
	  ->  Sort  (cost=43.87..43.90 rows=10 width=121)
	        Sort Key: c
	        ->  Index Scan using sbtest3_pkey on sbtest3  (cost=0.43..43.70 rows=10 width=121)
	              Index Cond: ((id >= 6083517) AND (id <= 6083526))

table 4 : explain SELECT DISTINCT c FROM sbtest4 WHERE id BETWEEN 6031424 AND 6031433 ORDER BY c
	Unique  (cost=43.90..43.95 rows=10 width=121)
	  ->  Sort  (cost=43.90..43.93 rows=10 width=121)
	        Sort Key: c
	        ->  Index Scan using sbtest4_pkey on sbtest4  (cost=0.43..43.74 rows=10 width=121)
	              Index Cond: ((id >= 6031424) AND (id <= 6031433))

table 5 : explain SELECT DISTINCT c FROM sbtest5 WHERE id BETWEEN 3589101 AND 3589110 ORDER BY c
	Unique  (cost=47.87..47.92 rows=11 width=121)
	  ->  Sort  (cost=47.87..47.89 rows=11 width=121)
	        Sort Key: c
	        ->  Index Scan using sbtest5_pkey on sbtest5  (cost=0.43..47.68 rows=11 width=121)
	              Index Cond: ((id >= 3589101) AND (id <= 3589110))

table 6 : explain SELECT DISTINCT c FROM sbtest6 WHERE id BETWEEN 8098673 AND 8098682 ORDER BY c
	Unique  (cost=43.88..43.93 rows=10 width=121)
	  ->  Sort  (cost=43.88..43.91 rows=10 width=121)
	        Sort Key: c
	        ->  Index Scan using sbtest6_pkey on sbtest6  (cost=0.43..43.72 rows=10 width=121)
	              Index Cond: ((id >= 8098673) AND (id <= 8098682))

table 7 : explain SELECT DISTINCT c FROM sbtest7 WHERE id BETWEEN 8447496 AND 8447505 ORDER BY c
	Unique  (cost=47.81..47.86 rows=11 width=121)
	  ->  Sort  (cost=47.81..47.83 rows=11 width=121)
	        Sort Key: c
	        ->  Index Scan using sbtest7_pkey on sbtest7  (cost=0.43..47.62 rows=11 width=121)
	              Index Cond: ((id >= 8447496) AND (id <= 8447505))

table 8 : explain SELECT DISTINCT c FROM sbtest8 WHERE id BETWEEN 7044337 AND 7044346 ORDER BY c
	Unique  (cost=47.87..47.92 rows=11 width=121)
	  ->  Sort  (cost=47.87..47.90 rows=11 width=121)
	        Sort Key: c
	        ->  Index Scan using sbtest8_pkey on sbtest8  (cost=0.43..47.68 rows=11 width=121)
	              Index Cond: ((id >= 7044337) AND (id <= 7044346))

for: order_ranges
table 1 : explain SELECT c FROM sbtest1 WHERE id BETWEEN 4920806 AND 4920815 ORDER BY c
	Sort  (cost=43.80..43.83 rows=10 width=121)
	  Sort Key: c
	  ->  Index Scan using sbtest1_pkey on sbtest1  (cost=0.43..43.64 rows=10 width=121)
	        Index Cond: ((id >= 4920806) AND (id <= 4920815))

table 2 : explain SELECT c FROM sbtest2 WHERE id BETWEEN 8569619 AND 8569628 ORDER BY c
	Sort  (cost=43.79..43.81 rows=10 width=121)
	  Sort Key: c
	  ->  Index Scan using sbtest2_pkey on sbtest2  (cost=0.43..43.62 rows=10 width=121)
	        Index Cond: ((id >= 8569619) AND (id <= 8569628))

table 3 : explain SELECT c FROM sbtest3 WHERE id BETWEEN 2247608 AND 2247617 ORDER BY c
	Sort  (cost=47.81..47.84 rows=11 width=121)
	  Sort Key: c
	  ->  Index Scan using sbtest3_pkey on sbtest3  (cost=0.43..47.62 rows=11 width=121)
	        Index Cond: ((id >= 2247608) AND (id <= 2247617))

table 4 : explain SELECT c FROM sbtest4 WHERE id BETWEEN 6122599 AND 6122608 ORDER BY c
	Sort  (cost=47.85..47.87 rows=11 width=121)
	  Sort Key: c
	  ->  Index Scan using sbtest4_pkey on sbtest4  (cost=0.43..47.66 rows=11 width=121)
	        Index Cond: ((id >= 6122599) AND (id <= 6122608))

table 5 : explain SELECT c FROM sbtest5 WHERE id BETWEEN 2301502 AND 2301511 ORDER BY c
	Sort  (cost=43.92..43.95 rows=10 width=121)
	  Sort Key: c
	  ->  Index Scan using sbtest5_pkey on sbtest5  (cost=0.43..43.75 rows=10 width=121)
	        Index Cond: ((id >= 2301502) AND (id <= 2301511))

table 6 : explain SELECT c FROM sbtest6 WHERE id BETWEEN 2943880 AND 2943889 ORDER BY c
	Sort  (cost=39.94..39.96 rows=9 width=121)
	  Sort Key: c
	  ->  Index Scan using sbtest6_pkey on sbtest6  (cost=0.43..39.80 rows=9 width=121)
	        Index Cond: ((id >= 2943880) AND (id <= 2943889))

table 7 : explain SELECT c FROM sbtest7 WHERE id BETWEEN 6631171 AND 6631180 ORDER BY c
	Sort  (cost=39.93..39.95 rows=9 width=121)
	  Sort Key: c
	  ->  Index Scan using sbtest7_pkey on sbtest7  (cost=0.43..39.78 rows=9 width=121)
	        Index Cond: ((id >= 6631171) AND (id <= 6631180))

table 8 : explain SELECT c FROM sbtest8 WHERE id BETWEEN 4403037 AND 4403046 ORDER BY c
	Sort  (cost=43.92..43.95 rows=10 width=121)
	  Sort Key: c
	  ->  Index Scan using sbtest8_pkey on sbtest8  (cost=0.43..43.76 rows=10 width=121)
	        Index Cond: ((id >= 4403037) AND (id <= 4403046))

for: distinct_ranges
table 1 : explain SELECT DISTINCT c FROM sbtest1 WHERE id BETWEEN 4443981 AND 4443990 ORDER BY c
	Unique  (cost=43.80..43.85 rows=10 width=121)
	  ->  Sort  (cost=43.80..43.83 rows=10 width=121)
	        Sort Key: c
	        ->  Index Scan using sbtest1_pkey on sbtest1  (cost=0.43..43.64 rows=10 width=121)
	              Index Cond: ((id >= 4443981) AND (id <= 4443990))

table 2 : explain SELECT DISTINCT c FROM sbtest2 WHERE id BETWEEN 4934640 AND 4934649 ORDER BY c
	Unique  (cost=39.86..39.90 rows=9 width=121)
	  ->  Sort  (cost=39.86..39.88 rows=9 width=121)
	        Sort Key: c
	        ->  Index Scan using sbtest2_pkey on sbtest2  (cost=0.43..39.71 rows=9 width=121)
	              Index Cond: ((id >= 4934640) AND (id <= 4934649))

table 3 : explain SELECT DISTINCT c FROM sbtest3 WHERE id BETWEEN 5246385 AND 5246394 ORDER BY c
	Unique  (cost=47.81..47.87 rows=11 width=121)
	  ->  Sort  (cost=47.81..47.84 rows=11 width=121)
	        Sort Key: c
	        ->  Index Scan using sbtest3_pkey on sbtest3  (cost=0.43..47.62 rows=11 width=121)
	              Index Cond: ((id >= 5246385) AND (id <= 5246394))

table 4 : explain SELECT DISTINCT c FROM sbtest4 WHERE id BETWEEN 5377952 AND 5377961 ORDER BY c
	Unique  (cost=43.90..43.95 rows=10 width=121)
	  ->  Sort  (cost=43.90..43.93 rows=10 width=121)
	        Sort Key: c
	        ->  Index Scan using sbtest4_pkey on sbtest4  (cost=0.43..43.74 rows=10 width=121)
	              Index Cond: ((id >= 5377952) AND (id <= 5377961))

table 5 : explain SELECT DISTINCT c FROM sbtest5 WHERE id BETWEEN 972519 AND 972528 ORDER BY c
	Unique  (cost=43.92..43.97 rows=10 width=121)
	  ->  Sort  (cost=43.92..43.95 rows=10 width=121)
	        Sort Key: c
	        ->  Index Scan using sbtest5_pkey on sbtest5  (cost=0.43..43.75 rows=10 width=121)
	              Index Cond: ((id >= 972519) AND (id <= 972528))

table 6 : explain SELECT DISTINCT c FROM sbtest6 WHERE id BETWEEN 3351979 AND 3351988 ORDER BY c
	Unique  (cost=43.88..43.93 rows=10 width=121)
	  ->  Sort  (cost=43.88..43.91 rows=10 width=121)
	        Sort Key: c
	        ->  Index Scan using sbtest6_pkey on sbtest6  (cost=0.43..43.72 rows=10 width=121)
	              Index Cond: ((id >= 3351979) AND (id <= 3351988))

table 7 : explain SELECT DISTINCT c FROM sbtest7 WHERE id BETWEEN 5203856 AND 5203865 ORDER BY c
	Unique  (cost=39.93..39.97 rows=9 width=121)
	  ->  Sort  (cost=39.93..39.95 rows=9 width=121)
	        Sort Key: c
	        ->  Index Scan using sbtest7_pkey on sbtest7  (cost=0.43..39.78 rows=9 width=121)
	              Index Cond: ((id >= 5203856) AND (id <= 5203865))

table 8 : explain SELECT DISTINCT c FROM sbtest8 WHERE id BETWEEN 9608576 AND 9608585 ORDER BY c
	Unique  (cost=43.92..43.97 rows=10 width=121)
	  ->  Sort  (cost=43.92..43.95 rows=10 width=121)
	        Sort Key: c
	        ->  Index Scan using sbtest8_pkey on sbtest8  (cost=0.43..43.76 rows=10 width=121)
	              Index Cond: ((id >= 9608576) AND (id <= 9608585))

for: distinct_ranges
table 1 : explain SELECT DISTINCT c FROM sbtest1 WHERE id BETWEEN 3009220 AND 3009229 ORDER BY c
	Unique  (cost=43.80..43.85 rows=10 width=121)
	  ->  Sort  (cost=43.80..43.83 rows=10 width=121)
	        Sort Key: c
	        ->  Index Scan using sbtest1_pkey on sbtest1  (cost=0.43..43.64 rows=10 width=121)
	              Index Cond: ((id >= 3009220) AND (id <= 3009229))

table 2 : explain SELECT DISTINCT c FROM sbtest2 WHERE id BETWEEN 2403696 AND 2403705 ORDER BY c
	Unique  (cost=47.72..47.78 rows=11 width=121)
	  ->  Sort  (cost=47.72..47.75 rows=11 width=121)
	        Sort Key: c
	        ->  Index Scan using sbtest2_pkey on sbtest2  (cost=0.43..47.53 rows=11 width=121)
	              Index Cond: ((id >= 2403696) AND (id <= 2403705))

table 3 : explain SELECT DISTINCT c FROM sbtest3 WHERE id BETWEEN 3753575 AND 3753584 ORDER BY c
	Unique  (cost=43.87..43.92 rows=10 width=121)
	  ->  Sort  (cost=43.87..43.90 rows=10 width=121)
	        Sort Key: c
	        ->  Index Scan using sbtest3_pkey on sbtest3  (cost=0.43..43.70 rows=10 width=121)
	              Index Cond: ((id >= 3753575) AND (id <= 3753584))

table 4 : explain SELECT DISTINCT c FROM sbtest4 WHERE id BETWEEN 3372729 AND 3372738 ORDER BY c
	Unique  (cost=47.85..47.90 rows=11 width=121)
	  ->  Sort  (cost=47.85..47.87 rows=11 width=121)
	        Sort Key: c
	        ->  Index Scan using sbtest4_pkey on sbtest4  (cost=0.43..47.66 rows=11 width=121)
	              Index Cond: ((id >= 3372729) AND (id <= 3372738))

table 5 : explain SELECT DISTINCT c FROM sbtest5 WHERE id BETWEEN 3779193 AND 3779202 ORDER BY c
	Unique  (cost=51.81..51.87 rows=12 width=121)
	  ->  Sort  (cost=51.81..51.84 rows=12 width=121)
	        Sort Key: c
	        ->  Index Scan using sbtest5_pkey on sbtest5  (cost=0.43..51.60 rows=12 width=121)
	              Index Cond: ((id >= 3779193) AND (id <= 3779202))

table 6 : explain SELECT DISTINCT c FROM sbtest6 WHERE id BETWEEN 6962322 AND 6962331 ORDER BY c
	Unique  (cost=43.88..43.93 rows=10 width=121)
	  ->  Sort  (cost=43.88..43.91 rows=10 width=121)
	        Sort Key: c
	        ->  Index Scan using sbtest6_pkey on sbtest6  (cost=0.43..43.72 rows=10 width=121)
	              Index Cond: ((id >= 6962322) AND (id <= 6962331))

table 7 : explain SELECT DISTINCT c FROM sbtest7 WHERE id BETWEEN 923607 AND 923616 ORDER BY c
	Unique  (cost=43.87..43.92 rows=10 width=121)
	  ->  Sort  (cost=43.87..43.89 rows=10 width=121)
	        Sort Key: c
	        ->  Index Scan using sbtest7_pkey on sbtest7  (cost=0.43..43.70 rows=10 width=121)
	              Index Cond: ((id >= 923607) AND (id <= 923616))

table 8 : explain SELECT DISTINCT c FROM sbtest8 WHERE id BETWEEN 3832267 AND 3832276 ORDER BY c
	Unique  (cost=47.87..47.92 rows=11 width=121)
	  ->  Sort  (cost=47.87..47.90 rows=11 width=121)
	        Sort Key: c
	        ->  Index Scan using sbtest8_pkey on sbtest8  (cost=0.43..47.68 rows=11 width=121)
	              Index Cond: ((id >= 3832267) AND (id <= 3832276))

for: order_ranges
table 1 : explain SELECT c FROM sbtest1 WHERE id BETWEEN 1877813 AND 1877822 ORDER BY c
	Sort  (cost=39.87..39.89 rows=9 width=121)
	  Sort Key: c
	  ->  Index Scan using sbtest1_pkey on sbtest1  (cost=0.43..39.73 rows=9 width=121)
	        Index Cond: ((id >= 1877813) AND (id <= 1877822))

table 2 : explain SELECT c FROM sbtest2 WHERE id BETWEEN 6854312 AND 6854321 ORDER BY c
	Sort  (cost=43.79..43.81 rows=10 width=121)
	  Sort Key: c
	  ->  Index Scan using sbtest2_pkey on sbtest2  (cost=0.43..43.62 rows=10 width=121)
	        Index Cond: ((id >= 6854312) AND (id <= 6854321))

table 3 : explain SELECT c FROM sbtest3 WHERE id BETWEEN 3687979 AND 3687988 ORDER BY c
	Sort  (cost=43.87..43.90 rows=10 width=121)
	  Sort Key: c
	  ->  Index Scan using sbtest3_pkey on sbtest3  (cost=0.43..43.70 rows=10 width=121)
	        Index Cond: ((id >= 3687979) AND (id <= 3687988))

table 4 : explain SELECT c FROM sbtest4 WHERE id BETWEEN 8278112 AND 8278121 ORDER BY c
	Sort  (cost=43.90..43.93 rows=10 width=121)
	  Sort Key: c
	  ->  Index Scan using sbtest4_pkey on sbtest4  (cost=0.43..43.74 rows=10 width=121)
	        Index Cond: ((id >= 8278112) AND (id <= 8278121))

table 5 : explain SELECT c FROM sbtest5 WHERE id BETWEEN 1811215 AND 1811224 ORDER BY c
	Sort  (cost=39.98..40.00 rows=9 width=121)
	  Sort Key: c
	  ->  Index Scan using sbtest5_pkey on sbtest5  (cost=0.43..39.83 rows=9 width=121)
	        Index Cond: ((id >= 1811215) AND (id <= 1811224))

table 6 : explain SELECT c FROM sbtest6 WHERE id BETWEEN 3861032 AND 3861041 ORDER BY c
	Sort  (cost=43.88..43.91 rows=10 width=121)
	  Sort Key: c
	  ->  Index Scan using sbtest6_pkey on sbtest6  (cost=0.43..43.72 rows=10 width=121)
	        Index Cond: ((id >= 3861032) AND (id <= 3861041))

table 7 : explain SELECT c FROM sbtest7 WHERE id BETWEEN 5191252 AND 5191261 ORDER BY c
	Sort  (cost=43.87..43.89 rows=10 width=121)
	  Sort Key: c
	  ->  Index Scan using sbtest7_pkey on sbtest7  (cost=0.43..43.70 rows=10 width=121)
	        Index Cond: ((id >= 5191252) AND (id <= 5191261))

table 8 : explain SELECT c FROM sbtest8 WHERE id BETWEEN 9454452 AND 9454461 ORDER BY c
	Sort  (cost=39.98..40.00 rows=9 width=121)
	  Sort Key: c
	  ->  Index Scan using sbtest8_pkey on sbtest8  (cost=0.43..39.83 rows=9 width=121)
	        Index Cond: ((id >= 9454452) AND (id <= 9454461))

for: order_ranges
table 1 : explain SELECT c FROM sbtest1 WHERE id BETWEEN 2333264 AND 2333273 ORDER BY c
	Sort  (cost=51.67..51.70 rows=12 width=121)
	  Sort Key: c
	  ->  Index Scan using sbtest1_pkey on sbtest1  (cost=0.43..51.46 rows=12 width=121)
	        Index Cond: ((id >= 2333264) AND (id <= 2333273))

table 2 : explain SELECT c FROM sbtest2 WHERE id BETWEEN 6150457 AND 6150466 ORDER BY c
	Sort  (cost=43.79..43.81 rows=10 width=121)
	  Sort Key: c
	  ->  Index Scan using sbtest2_pkey on sbtest2  (cost=0.43..43.62 rows=10 width=121)
	        Index Cond: ((id >= 6150457) AND (id <= 6150466))

table 3 : explain SELECT c FROM sbtest3 WHERE id BETWEEN 2424250 AND 2424259 ORDER BY c
	Sort  (cost=43.87..43.90 rows=10 width=121)
	  Sort Key: c
	  ->  Index Scan using sbtest3_pkey on sbtest3  (cost=0.43..43.70 rows=10 width=121)
	        Index Cond: ((id >= 2424250) AND (id <= 2424259))

table 4 : explain SELECT c FROM sbtest4 WHERE id BETWEEN 4321052 AND 4321061 ORDER BY c
	Sort  (cost=43.90..43.93 rows=10 width=121)
	  Sort Key: c
	  ->  Index Scan using sbtest4_pkey on sbtest4  (cost=0.43..43.74 rows=10 width=121)
	        Index Cond: ((id >= 4321052) AND (id <= 4321061))

table 5 : explain SELECT c FROM sbtest5 WHERE id BETWEEN 6181989 AND 6181998 ORDER BY c
	Sort  (cost=43.92..43.95 rows=10 width=121)
	  Sort Key: c
	  ->  Index Scan using sbtest5_pkey on sbtest5  (cost=0.43..43.75 rows=10 width=121)
	        Index Cond: ((id >= 6181989) AND (id <= 6181998))

table 6 : explain SELECT c FROM sbtest6 WHERE id BETWEEN 780506 AND 780515 ORDER BY c
	Sort  (cost=47.83..47.85 rows=11 width=121)
	  Sort Key: c
	  ->  Index Scan using sbtest6_pkey on sbtest6  (cost=0.43..47.64 rows=11 width=121)
	        Index Cond: ((id >= 780506) AND (id <= 780515))

table 7 : explain SELECT c FROM sbtest7 WHERE id BETWEEN 9013056 AND 9013065 ORDER BY c
	Sort  (cost=39.93..39.95 rows=9 width=121)
	  Sort Key: c
	  ->  Index Scan using sbtest7_pkey on sbtest7  (cost=0.43..39.78 rows=9 width=121)
	        Index Cond: ((id >= 9013056) AND (id <= 9013065))

table 8 : explain SELECT c FROM sbtest8 WHERE id BETWEEN 8259357 AND 8259366 ORDER BY c
	Sort  (cost=39.98..40.00 rows=9 width=121)
	  Sort Key: c
	  ->  Index Scan using sbtest8_pkey on sbtest8  (cost=0.43..39.83 rows=9 width=121)
	        Index Cond: ((id >= 8259357) AND (id <= 8259366))

for: distinct_ranges
table 1 : explain SELECT DISTINCT c FROM sbtest1 WHERE id BETWEEN 801369 AND 801378 ORDER BY c
	Unique  (cost=43.80..43.85 rows=10 width=121)
	  ->  Sort  (cost=43.80..43.83 rows=10 width=121)
	        Sort Key: c
	        ->  Index Scan using sbtest1_pkey on sbtest1  (cost=0.43..43.64 rows=10 width=121)
	              Index Cond: ((id >= 801369) AND (id <= 801378))

table 2 : explain SELECT DISTINCT c FROM sbtest2 WHERE id BETWEEN 4269848 AND 4269857 ORDER BY c
	Unique  (cost=43.79..43.84 rows=10 width=121)
	  ->  Sort  (cost=43.79..43.81 rows=10 width=121)
	        Sort Key: c
	        ->  Index Scan using sbtest2_pkey on sbtest2  (cost=0.43..43.62 rows=10 width=121)
	              Index Cond: ((id >= 4269848) AND (id <= 4269857))

table 3 : explain SELECT DISTINCT c FROM sbtest3 WHERE id BETWEEN 5511676 AND 5511685 ORDER BY c
	Unique  (cost=43.87..43.92 rows=10 width=121)
	  ->  Sort  (cost=43.87..43.90 rows=10 width=121)
	        Sort Key: c
	        ->  Index Scan using sbtest3_pkey on sbtest3  (cost=0.43..43.70 rows=10 width=121)
	              Index Cond: ((id >= 5511676) AND (id <= 5511685))

table 4 : explain SELECT DISTINCT c FROM sbtest4 WHERE id BETWEEN 3461568 AND 3461577 ORDER BY c
	Unique  (cost=43.90..43.95 rows=10 width=121)
	  ->  Sort  (cost=43.90..43.93 rows=10 width=121)
	        Sort Key: c
	        ->  Index Scan using sbtest4_pkey on sbtest4  (cost=0.43..43.74 rows=10 width=121)
	              Index Cond: ((id >= 3461568) AND (id <= 3461577))

table 5 : explain SELECT DISTINCT c FROM sbtest5 WHERE id BETWEEN 9366112 AND 9366121 ORDER BY c
	Unique  (cost=43.92..43.97 rows=10 width=121)
	  ->  Sort  (cost=43.92..43.95 rows=10 width=121)
	        Sort Key: c
	        ->  Index Scan using sbtest5_pkey on sbtest5  (cost=0.43..43.75 rows=10 width=121)
	              Index Cond: ((id >= 9366112) AND (id <= 9366121))

table 6 : explain SELECT DISTINCT c FROM sbtest6 WHERE id BETWEEN 4557585 AND 4557594 ORDER BY c
	Unique  (cost=43.88..43.93 rows=10 width=121)
	  ->  Sort  (cost=43.88..43.91 rows=10 width=121)
	        Sort Key: c
	        ->  Index Scan using sbtest6_pkey on sbtest6  (cost=0.43..43.72 rows=10 width=121)
	              Index Cond: ((id >= 4557585) AND (id <= 4557594))

table 7 : explain SELECT DISTINCT c FROM sbtest7 WHERE id BETWEEN 1147110 AND 1147119 ORDER BY c
	Unique  (cost=43.87..43.92 rows=10 width=121)
	  ->  Sort  (cost=43.87..43.89 rows=10 width=121)
	        Sort Key: c
	        ->  Index Scan using sbtest7_pkey on sbtest7  (cost=0.43..43.70 rows=10 width=121)
	              Index Cond: ((id >= 1147110) AND (id <= 1147119))

table 8 : explain SELECT DISTINCT c FROM sbtest8 WHERE id BETWEEN 3009772 AND 3009781 ORDER BY c
	Unique  (cost=43.92..43.97 rows=10 width=121)
	  ->  Sort  (cost=43.92..43.95 rows=10 width=121)
	        Sort Key: c
	        ->  Index Scan using sbtest8_pkey on sbtest8  (cost=0.43..43.76 rows=10 width=121)
	              Index Cond: ((id >= 3009772) AND (id <= 3009781))

for: distinct_ranges
table 1 : explain SELECT DISTINCT c FROM sbtest1 WHERE id BETWEEN 2070472 AND 2070481 ORDER BY c
	Unique  (cost=43.80..43.85 rows=10 width=121)
	  ->  Sort  (cost=43.80..43.83 rows=10 width=121)
	        Sort Key: c
	        ->  Index Scan using sbtest1_pkey on sbtest1  (cost=0.43..43.64 rows=10 width=121)
	              Index Cond: ((id >= 2070472) AND (id <= 2070481))

table 2 : explain SELECT DISTINCT c FROM sbtest2 WHERE id BETWEEN 6256451 AND 6256460 ORDER BY c
	Unique  (cost=39.86..39.90 rows=9 width=121)
	  ->  Sort  (cost=39.86..39.88 rows=9 width=121)
	        Sort Key: c
	        ->  Index Scan using sbtest2_pkey on sbtest2  (cost=0.43..39.71 rows=9 width=121)
	              Index Cond: ((id >= 6256451) AND (id <= 6256460))

table 3 : explain SELECT DISTINCT c FROM sbtest3 WHERE id BETWEEN 6282138 AND 6282147 ORDER BY c
	Unique  (cost=39.93..39.98 rows=9 width=121)
	  ->  Sort  (cost=39.93..39.95 rows=9 width=121)
	        Sort Key: c
	        ->  Index Scan using sbtest3_pkey on sbtest3  (cost=0.43..39.79 rows=9 width=121)
	              Index Cond: ((id >= 6282138) AND (id <= 6282147))

table 4 : explain SELECT DISTINCT c FROM sbtest4 WHERE id BETWEEN 6176814 AND 6176823 ORDER BY c
	Unique  (cost=47.85..47.90 rows=11 width=121)
	  ->  Sort  (cost=47.85..47.87 rows=11 width=121)
	        Sort Key: c
	        ->  Index Scan using sbtest4_pkey on sbtest4  (cost=0.43..47.66 rows=11 width=121)
	              Index Cond: ((id >= 6176814) AND (id <= 6176823))

table 5 : explain SELECT DISTINCT c FROM sbtest5 WHERE id BETWEEN 1532354 AND 1532363 ORDER BY c
	Unique  (cost=43.92..43.97 rows=10 width=121)
	  ->  Sort  (cost=43.92..43.95 rows=10 width=121)
	        Sort Key: c
	        ->  Index Scan using sbtest5_pkey on sbtest5  (cost=0.43..43.75 rows=10 width=121)
	              Index Cond: ((id >= 1532354) AND (id <= 1532363))

table 6 : explain SELECT DISTINCT c FROM sbtest6 WHERE id BETWEEN 4586039 AND 4586048 ORDER BY c
	Unique  (cost=43.88..43.93 rows=10 width=121)
	  ->  Sort  (cost=43.88..43.91 rows=10 width=121)
	        Sort Key: c
	        ->  Index Scan using sbtest6_pkey on sbtest6  (cost=0.43..43.72 rows=10 width=121)
	              Index Cond: ((id >= 4586039) AND (id <= 4586048))

table 7 : explain SELECT DISTINCT c FROM sbtest7 WHERE id BETWEEN 4269939 AND 4269948 ORDER BY c
	Unique  (cost=43.87..43.92 rows=10 width=121)
	  ->  Sort  (cost=43.87..43.89 rows=10 width=121)
	        Sort Key: c
	        ->  Index Scan using sbtest7_pkey on sbtest7  (cost=0.43..43.70 rows=10 width=121)
	              Index Cond: ((id >= 4269939) AND (id <= 4269948))

table 8 : explain SELECT DISTINCT c FROM sbtest8 WHERE id BETWEEN 6671660 AND 6671669 ORDER BY c
	Unique  (cost=39.98..40.02 rows=9 width=121)
	  ->  Sort  (cost=39.98..40.00 rows=9 width=121)
	        Sort Key: c
	        ->  Index Scan using sbtest8_pkey on sbtest8  (cost=0.43..39.83 rows=9 width=121)
	              Index Cond: ((id >= 6671660) AND (id <= 6671669))

for: order_ranges
table 1 : explain SELECT c FROM sbtest1 WHERE id BETWEEN 8767658 AND 8767667 ORDER BY c
	Sort  (cost=43.80..43.83 rows=10 width=121)
	  Sort Key: c
	  ->  Index Scan using sbtest1_pkey on sbtest1  (cost=0.43..43.64 rows=10 width=121)
	        Index Cond: ((id >= 8767658) AND (id <= 8767667))

table 2 : explain SELECT c FROM sbtest2 WHERE id BETWEEN 9659070 AND 9659079 ORDER BY c
	Sort  (cost=43.79..43.81 rows=10 width=121)
	  Sort Key: c
	  ->  Index Scan using sbtest2_pkey on sbtest2  (cost=0.43..43.62 rows=10 width=121)
	        Index Cond: ((id >= 9659070) AND (id <= 9659079))

table 3 : explain SELECT c FROM sbtest3 WHERE id BETWEEN 5347399 AND 5347408 ORDER BY c
	Sort  (cost=43.87..43.90 rows=10 width=121)
	  Sort Key: c
	  ->  Index Scan using sbtest3_pkey on sbtest3  (cost=0.43..43.70 rows=10 width=121)
	        Index Cond: ((id >= 5347399) AND (id <= 5347408))

table 4 : explain SELECT c FROM sbtest4 WHERE id BETWEEN 1660582 AND 1660591 ORDER BY c
	Sort  (cost=39.96..39.98 rows=9 width=121)
	  Sort Key: c
	  ->  Index Scan using sbtest4_pkey on sbtest4  (cost=0.43..39.82 rows=9 width=121)
	        Index Cond: ((id >= 1660582) AND (id <= 1660591))

table 5 : explain SELECT c FROM sbtest5 WHERE id BETWEEN 70166 AND 70175 ORDER BY c
	Sort  (cost=47.87..47.89 rows=11 width=121)
	  Sort Key: c
	  ->  Index Scan using sbtest5_pkey on sbtest5  (cost=0.43..47.68 rows=11 width=121)
	        Index Cond: ((id >= 70166) AND (id <= 70175))

table 6 : explain SELECT c FROM sbtest6 WHERE id BETWEEN 4939717 AND 4939726 ORDER BY c
	Sort  (cost=43.88..43.91 rows=10 width=121)
	  Sort Key: c
	  ->  Index Scan using sbtest6_pkey on sbtest6  (cost=0.43..43.72 rows=10 width=121)
	        Index Cond: ((id >= 4939717) AND (id <= 4939726))

table 7 : explain SELECT c FROM sbtest7 WHERE id BETWEEN 4673214 AND 4673223 ORDER BY c
	Sort  (cost=47.81..47.83 rows=11 width=121)
	  Sort Key: c
	  ->  Index Scan using sbtest7_pkey on sbtest7  (cost=0.43..47.62 rows=11 width=121)
	        Index Cond: ((id >= 4673214) AND (id <= 4673223))

table 8 : explain SELECT c FROM sbtest8 WHERE id BETWEEN 9365342 AND 9365351 ORDER BY c
	Sort  (cost=43.92..43.95 rows=10 width=121)
	  Sort Key: c
	  ->  Index Scan using sbtest8_pkey on sbtest8  (cost=0.43..43.76 rows=10 width=121)
	        Index Cond: ((id >= 9365342) AND (id <= 9365351))

for: order_ranges
table 1 : explain SELECT c FROM sbtest1 WHERE id BETWEEN 9096633 AND 9096642 ORDER BY c
	Sort  (cost=43.80..43.83 rows=10 width=121)
	  Sort Key: c
	  ->  Index Scan using sbtest1_pkey on sbtest1  (cost=0.43..43.64 rows=10 width=121)
	        Index Cond: ((id >= 9096633) AND (id <= 9096642))

table 2 : explain SELECT c FROM sbtest2 WHERE id BETWEEN 7957539 AND 7957548 ORDER BY c
	Sort  (cost=39.86..39.88 rows=9 width=121)
	  Sort Key: c
	  ->  Index Scan using sbtest2_pkey on sbtest2  (cost=0.43..39.71 rows=9 width=121)
	        Index Cond: ((id >= 7957539) AND (id <= 7957548))

table 3 : explain SELECT c FROM sbtest3 WHERE id BETWEEN 2861091 AND 2861100 ORDER BY c
	Sort  (cost=43.87..43.90 rows=10 width=121)
	  Sort Key: c
	  ->  Index Scan using sbtest3_pkey on sbtest3  (cost=0.43..43.70 rows=10 width=121)
	        Index Cond: ((id >= 2861091) AND (id <= 2861100))

table 4 : explain SELECT c FROM sbtest4 WHERE id BETWEEN 4772672 AND 4772681 ORDER BY c
	Sort  (cost=39.96..39.98 rows=9 width=121)
	  Sort Key: c
	  ->  Index Scan using sbtest4_pkey on sbtest4  (cost=0.43..39.82 rows=9 width=121)
	        Index Cond: ((id >= 4772672) AND (id <= 4772681))

table 5 : explain SELECT c FROM sbtest5 WHERE id BETWEEN 261133 AND 261142 ORDER BY c
	Sort  (cost=43.92..43.95 rows=10 width=121)
	  Sort Key: c
	  ->  Index Scan using sbtest5_pkey on sbtest5  (cost=0.43..43.75 rows=10 width=121)
	        Index Cond: ((id >= 261133) AND (id <= 261142))

table 6 : explain SELECT c FROM sbtest6 WHERE id BETWEEN 5779181 AND 5779190 ORDER BY c
	Sort  (cost=47.83..47.85 rows=11 width=121)
	  Sort Key: c
	  ->  Index Scan using sbtest6_pkey on sbtest6  (cost=0.43..47.64 rows=11 width=121)
	        Index Cond: ((id >= 5779181) AND (id <= 5779190))

table 7 : explain SELECT c FROM sbtest7 WHERE id BETWEEN 9482271 AND 9482280 ORDER BY c
	Sort  (cost=43.87..43.89 rows=10 width=121)
	  Sort Key: c
	  ->  Index Scan using sbtest7_pkey on sbtest7  (cost=0.43..43.70 rows=10 width=121)
	        Index Cond: ((id >= 9482271) AND (id <= 9482280))

table 8 : explain SELECT c FROM sbtest8 WHERE id BETWEEN 8814564 AND 8814573 ORDER BY c
	Sort  (cost=43.92..43.95 rows=10 width=121)
	  Sort Key: c
	  ->  Index Scan using sbtest8_pkey on sbtest8  (cost=0.43..43.76 rows=10 width=121)
	        Index Cond: ((id >= 8814564) AND (id <= 8814573))

for: order_ranges
table 1 : explain SELECT c FROM sbtest1 WHERE id BETWEEN 4709030 AND 4709039 ORDER BY c
	Sort  (cost=47.74..47.76 rows=11 width=121)
	  Sort Key: c
	  ->  Index Scan using sbtest1_pkey on sbtest1  (cost=0.43..47.55 rows=11 width=121)
	        Index Cond: ((id >= 4709030) AND (id <= 4709039))

table 2 : explain SELECT c FROM sbtest2 WHERE id BETWEEN 6203699 AND 6203708 ORDER BY c
	Sort  (cost=39.86..39.88 rows=9 width=121)
	  Sort Key: c
	  ->  Index Scan using sbtest2_pkey on sbtest2  (cost=0.43..39.71 rows=9 width=121)
	        Index Cond: ((id >= 6203699) AND (id <= 6203708))

table 3 : explain SELECT c FROM sbtest3 WHERE id BETWEEN 9638183 AND 9638192 ORDER BY c
	Sort  (cost=47.81..47.84 rows=11 width=121)
	  Sort Key: c
	  ->  Index Scan using sbtest3_pkey on sbtest3  (cost=0.43..47.62 rows=11 width=121)
	        Index Cond: ((id >= 9638183) AND (id <= 9638192))

table 4 : explain SELECT c FROM sbtest4 WHERE id BETWEEN 2925411 AND 2925420 ORDER BY c
	Sort  (cost=43.90..43.93 rows=10 width=121)
	  Sort Key: c
	  ->  Index Scan using sbtest4_pkey on sbtest4  (cost=0.43..43.74 rows=10 width=121)
	        Index Cond: ((id >= 2925411) AND (id <= 2925420))

table 5 : explain SELECT c FROM sbtest5 WHERE id BETWEEN 5802930 AND 5802939 ORDER BY c
	Sort  (cost=39.98..40.00 rows=9 width=121)
	  Sort Key: c
	  ->  Index Scan using sbtest5_pkey on sbtest5  (cost=0.43..39.83 rows=9 width=121)
	        Index Cond: ((id >= 5802930) AND (id <= 5802939))

table 6 : explain SELECT c FROM sbtest6 WHERE id BETWEEN 1948710 AND 1948719 ORDER BY c
	Sort  (cost=43.88..43.91 rows=10 width=121)
	  Sort Key: c
	  ->  Index Scan using sbtest6_pkey on sbtest6  (cost=0.43..43.72 rows=10 width=121)
	        Index Cond: ((id >= 1948710) AND (id <= 1948719))

table 7 : explain SELECT c FROM sbtest7 WHERE id BETWEEN 8698920 AND 8698929 ORDER BY c
	Sort  (cost=43.87..43.89 rows=10 width=121)
	  Sort Key: c
	  ->  Index Scan using sbtest7_pkey on sbtest7  (cost=0.43..43.70 rows=10 width=121)
	        Index Cond: ((id >= 8698920) AND (id <= 8698929))

table 8 : explain SELECT c FROM sbtest8 WHERE id BETWEEN 7161805 AND 7161814 ORDER BY c
	Sort  (cost=39.98..40.00 rows=9 width=121)
	  Sort Key: c
	  ->  Index Scan using sbtest8_pkey on sbtest8  (cost=0.43..39.83 rows=9 width=121)
	        Index Cond: ((id >= 7161805) AND (id <= 7161814))

for: order_ranges
table 1 : explain SELECT c FROM sbtest1 WHERE id BETWEEN 9737934 AND 9737943 ORDER BY c
	Sort  (cost=47.74..47.76 rows=11 width=121)
	  Sort Key: c
	  ->  Index Scan using sbtest1_pkey on sbtest1  (cost=0.43..47.55 rows=11 width=121)
	        Index Cond: ((id >= 9737934) AND (id <= 9737943))

table 2 : explain SELECT c FROM sbtest2 WHERE id BETWEEN 4200818 AND 4200827 ORDER BY c
	Sort  (cost=43.79..43.81 rows=10 width=121)
	  Sort Key: c
	  ->  Index Scan using sbtest2_pkey on sbtest2  (cost=0.43..43.62 rows=10 width=121)
	        Index Cond: ((id >= 4200818) AND (id <= 4200827))

table 3 : explain SELECT c FROM sbtest3 WHERE id BETWEEN 9745939 AND 9745948 ORDER BY c
	Sort  (cost=39.93..39.95 rows=9 width=121)
	  Sort Key: c
	  ->  Index Scan using sbtest3_pkey on sbtest3  (cost=0.43..39.79 rows=9 width=121)
	        Index Cond: ((id >= 9745939) AND (id <= 9745948))

table 4 : explain SELECT c FROM sbtest4 WHERE id BETWEEN 1533715 AND 1533724 ORDER BY c
	Sort  (cost=39.96..39.98 rows=9 width=121)
	  Sort Key: c
	  ->  Index Scan using sbtest4_pkey on sbtest4  (cost=0.43..39.82 rows=9 width=121)
	        Index Cond: ((id >= 1533715) AND (id <= 1533724))

table 5 : explain SELECT c FROM sbtest5 WHERE id BETWEEN 574957 AND 574966 ORDER BY c
	Sort  (cost=43.92..43.95 rows=10 width=121)
	  Sort Key: c
	  ->  Index Scan using sbtest5_pkey on sbtest5  (cost=0.43..43.75 rows=10 width=121)
	        Index Cond: ((id >= 574957) AND (id <= 574966))

table 6 : explain SELECT c FROM sbtest6 WHERE id BETWEEN 1808208 AND 1808217 ORDER BY c
	Sort  (cost=39.94..39.96 rows=9 width=121)
	  Sort Key: c
	  ->  Index Scan using sbtest6_pkey on sbtest6  (cost=0.43..39.80 rows=9 width=121)
	        Index Cond: ((id >= 1808208) AND (id <= 1808217))

table 7 : explain SELECT c FROM sbtest7 WHERE id BETWEEN 15484 AND 15493 ORDER BY c
	Sort  (cost=43.87..43.89 rows=10 width=121)
	  Sort Key: c
	  ->  Index Scan using sbtest7_pkey on sbtest7  (cost=0.43..43.70 rows=10 width=121)
	        Index Cond: ((id >= 15484) AND (id <= 15493))

table 8 : explain SELECT c FROM sbtest8 WHERE id BETWEEN 9195642 AND 9195651 ORDER BY c
	Sort  (cost=43.92..43.95 rows=10 width=121)
	  Sort Key: c
	  ->  Index Scan using sbtest8_pkey on sbtest8  (cost=0.43..43.76 rows=10 width=121)
	        Index Cond: ((id >= 9195642) AND (id <= 9195651))

for: distinct_ranges
table 1 : explain SELECT DISTINCT c FROM sbtest1 WHERE id BETWEEN 1177368 AND 1177377 ORDER BY c
	Unique  (cost=47.74..47.79 rows=11 width=121)
	  ->  Sort  (cost=47.74..47.76 rows=11 width=121)
	        Sort Key: c
	        ->  Index Scan using sbtest1_pkey on sbtest1  (cost=0.43..47.55 rows=11 width=121)
	              Index Cond: ((id >= 1177368) AND (id <= 1177377))

table 2 : explain SELECT DISTINCT c FROM sbtest2 WHERE id BETWEEN 9676821 AND 9676830 ORDER BY c
	Unique  (cost=43.79..43.84 rows=10 width=121)
	  ->  Sort  (cost=43.79..43.81 rows=10 width=121)
	        Sort Key: c
	        ->  Index Scan using sbtest2_pkey on sbtest2  (cost=0.43..43.62 rows=10 width=121)
	              Index Cond: ((id >= 9676821) AND (id <= 9676830))

table 3 : explain SELECT DISTINCT c FROM sbtest3 WHERE id BETWEEN 1162841 AND 1162850 ORDER BY c
	Unique  (cost=43.87..43.92 rows=10 width=121)
	  ->  Sort  (cost=43.87..43.90 rows=10 width=121)
	        Sort Key: c
	        ->  Index Scan using sbtest3_pkey on sbtest3  (cost=0.43..43.70 rows=10 width=121)
	              Index Cond: ((id >= 1162841) AND (id <= 1162850))

table 4 : explain SELECT DISTINCT c FROM sbtest4 WHERE id BETWEEN 8215706 AND 8215715 ORDER BY c
	Unique  (cost=43.90..43.95 rows=10 width=121)
	  ->  Sort  (cost=43.90..43.93 rows=10 width=121)
	        Sort Key: c
	        ->  Index Scan using sbtest4_pkey on sbtest4  (cost=0.43..43.74 rows=10 width=121)
	              Index Cond: ((id >= 8215706) AND (id <= 8215715))

table 5 : explain SELECT DISTINCT c FROM sbtest5 WHERE id BETWEEN 1201162 AND 1201171 ORDER BY c
	Unique  (cost=43.92..43.97 rows=10 width=121)
	  ->  Sort  (cost=43.92..43.95 rows=10 width=121)
	        Sort Key: c
	        ->  Index Scan using sbtest5_pkey on sbtest5  (cost=0.43..43.75 rows=10 width=121)
	              Index Cond: ((id >= 1201162) AND (id <= 1201171))

table 6 : explain SELECT DISTINCT c FROM sbtest6 WHERE id BETWEEN 3095809 AND 3095818 ORDER BY c
	Unique  (cost=43.88..43.93 rows=10 width=121)
	  ->  Sort  (cost=43.88..43.91 rows=10 width=121)
	        Sort Key: c
	        ->  Index Scan using sbtest6_pkey on sbtest6  (cost=0.43..43.72 rows=10 width=121)
	              Index Cond: ((id >= 3095809) AND (id <= 3095818))

table 7 : explain SELECT DISTINCT c FROM sbtest7 WHERE id BETWEEN 5552110 AND 5552119 ORDER BY c
	Unique  (cost=43.87..43.92 rows=10 width=121)
	  ->  Sort  (cost=43.87..43.89 rows=10 width=121)
	        Sort Key: c
	        ->  Index Scan using sbtest7_pkey on sbtest7  (cost=0.43..43.70 rows=10 width=121)
	              Index Cond: ((id >= 5552110) AND (id <= 5552119))

table 8 : explain SELECT DISTINCT c FROM sbtest8 WHERE id BETWEEN 5075542 AND 5075551 ORDER BY c
	Unique  (cost=43.92..43.97 rows=10 width=121)
	  ->  Sort  (cost=43.92..43.95 rows=10 width=121)
	        Sort Key: c
	        ->  Index Scan using sbtest8_pkey on sbtest8  (cost=0.43..43.76 rows=10 width=121)
	              Index Cond: ((id >= 5075542) AND (id <= 5075551))

for: distinct_ranges
table 1 : explain SELECT DISTINCT c FROM sbtest1 WHERE id BETWEEN 4631454 AND 4631463 ORDER BY c
	Unique  (cost=47.74..47.79 rows=11 width=121)
	  ->  Sort  (cost=47.74..47.76 rows=11 width=121)
	        Sort Key: c
	        ->  Index Scan using sbtest1_pkey on sbtest1  (cost=0.43..47.55 rows=11 width=121)
	              Index Cond: ((id >= 4631454) AND (id <= 4631463))

table 2 : explain SELECT DISTINCT c FROM sbtest2 WHERE id BETWEEN 5072481 AND 5072490 ORDER BY c
	Unique  (cost=43.79..43.84 rows=10 width=121)
	  ->  Sort  (cost=43.79..43.81 rows=10 width=121)
	        Sort Key: c
	        ->  Index Scan using sbtest2_pkey on sbtest2  (cost=0.43..43.62 rows=10 width=121)
	              Index Cond: ((id >= 5072481) AND (id <= 5072490))

table 3 : explain SELECT DISTINCT c FROM sbtest3 WHERE id BETWEEN 1177244 AND 1177253 ORDER BY c
	Unique  (cost=43.87..43.92 rows=10 width=121)
	  ->  Sort  (cost=43.87..43.90 rows=10 width=121)
	        Sort Key: c
	        ->  Index Scan using sbtest3_pkey on sbtest3  (cost=0.43..43.70 rows=10 width=121)
	              Index Cond: ((id >= 1177244) AND (id <= 1177253))

table 4 : explain SELECT DISTINCT c FROM sbtest4 WHERE id BETWEEN 6087577 AND 6087586 ORDER BY c
	Unique  (cost=43.90..43.95 rows=10 width=121)
	  ->  Sort  (cost=43.90..43.93 rows=10 width=121)
	        Sort Key: c
	        ->  Index Scan using sbtest4_pkey on sbtest4  (cost=0.43..43.74 rows=10 width=121)
	              Index Cond: ((id >= 6087577) AND (id <= 6087586))

table 5 : explain SELECT DISTINCT c FROM sbtest5 WHERE id BETWEEN 2663089 AND 2663098 ORDER BY c
	Unique  (cost=43.92..43.97 rows=10 width=121)
	  ->  Sort  (cost=43.92..43.95 rows=10 width=121)
	        Sort Key: c
	        ->  Index Scan using sbtest5_pkey on sbtest5  (cost=0.43..43.75 rows=10 width=121)
	              Index Cond: ((id >= 2663089) AND (id <= 2663098))

table 6 : explain SELECT DISTINCT c FROM sbtest6 WHERE id BETWEEN 4609003 AND 4609012 ORDER BY c
	Unique  (cost=43.88..43.93 rows=10 width=121)
	  ->  Sort  (cost=43.88..43.91 rows=10 width=121)
	        Sort Key: c
	        ->  Index Scan using sbtest6_pkey on sbtest6  (cost=0.43..43.72 rows=10 width=121)
	              Index Cond: ((id >= 4609003) AND (id <= 4609012))

table 7 : explain SELECT DISTINCT c FROM sbtest7 WHERE id BETWEEN 6320470 AND 6320479 ORDER BY c
	Unique  (cost=43.87..43.92 rows=10 width=121)
	  ->  Sort  (cost=43.87..43.89 rows=10 width=121)
	        Sort Key: c
	        ->  Index Scan using sbtest7_pkey on sbtest7  (cost=0.43..43.70 rows=10 width=121)
	              Index Cond: ((id >= 6320470) AND (id <= 6320479))

table 8 : explain SELECT DISTINCT c FROM sbtest8 WHERE id BETWEEN 376640 AND 376649 ORDER BY c
	Unique  (cost=39.98..40.02 rows=9 width=121)
	  ->  Sort  (cost=39.98..40.00 rows=9 width=121)
	        Sort Key: c
	        ->  Index Scan using sbtest8_pkey on sbtest8  (cost=0.43..39.83 rows=9 width=121)
	              Index Cond: ((id >= 376640) AND (id <= 376649))

for: distinct_ranges
table 1 : explain SELECT DISTINCT c FROM sbtest1 WHERE id BETWEEN 3770207 AND 3770216 ORDER BY c
	Unique  (cost=43.80..43.85 rows=10 width=121)
	  ->  Sort  (cost=43.80..43.83 rows=10 width=121)
	        Sort Key: c
	        ->  Index Scan using sbtest1_pkey on sbtest1  (cost=0.43..43.64 rows=10 width=121)
	              Index Cond: ((id >= 3770207) AND (id <= 3770216))

table 2 : explain SELECT DISTINCT c FROM sbtest2 WHERE id BETWEEN 7723380 AND 7723389 ORDER BY c
	Unique  (cost=47.72..47.78 rows=11 width=121)
	  ->  Sort  (cost=47.72..47.75 rows=11 width=121)
	        Sort Key: c
	        ->  Index Scan using sbtest2_pkey on sbtest2  (cost=0.43..47.53 rows=11 width=121)
	              Index Cond: ((id >= 7723380) AND (id <= 7723389))

table 3 : explain SELECT DISTINCT c FROM sbtest3 WHERE id BETWEEN 9128672 AND 9128681 ORDER BY c
	Unique  (cost=47.81..47.87 rows=11 width=121)
	  ->  Sort  (cost=47.81..47.84 rows=11 width=121)
	        Sort Key: c
	        ->  Index Scan using sbtest3_pkey on sbtest3  (cost=0.43..47.62 rows=11 width=121)
	              Index Cond: ((id >= 9128672) AND (id <= 9128681))

table 4 : explain SELECT DISTINCT c FROM sbtest4 WHERE id BETWEEN 736842 AND 736851 ORDER BY c
	Unique  (cost=47.85..47.90 rows=11 width=121)
	  ->  Sort  (cost=47.85..47.87 rows=11 width=121)
	        Sort Key: c
	        ->  Index Scan using sbtest4_pkey on sbtest4  (cost=0.43..47.66 rows=11 width=121)
	              Index Cond: ((id >= 736842) AND (id <= 736851))

table 5 : explain SELECT DISTINCT c FROM sbtest5 WHERE id BETWEEN 6102657 AND 6102666 ORDER BY c
	Unique  (cost=43.92..43.97 rows=10 width=121)
	  ->  Sort  (cost=43.92..43.95 rows=10 width=121)
	        Sort Key: c
	        ->  Index Scan using sbtest5_pkey on sbtest5  (cost=0.43..43.75 rows=10 width=121)
	              Index Cond: ((id >= 6102657) AND (id <= 6102666))

table 6 : explain SELECT DISTINCT c FROM sbtest6 WHERE id BETWEEN 2162202 AND 2162211 ORDER BY c
	Unique  (cost=43.88..43.93 rows=10 width=121)
	  ->  Sort  (cost=43.88..43.91 rows=10 width=121)
	        Sort Key: c
	        ->  Index Scan using sbtest6_pkey on sbtest6  (cost=0.43..43.72 rows=10 width=121)
	              Index Cond: ((id >= 2162202) AND (id <= 2162211))

table 7 : explain SELECT DISTINCT c FROM sbtest7 WHERE id BETWEEN 7280731 AND 7280740 ORDER BY c
	Unique  (cost=43.87..43.92 rows=10 width=121)
	  ->  Sort  (cost=43.87..43.89 rows=10 width=121)
	        Sort Key: c
	        ->  Index Scan using sbtest7_pkey on sbtest7  (cost=0.43..43.70 rows=10 width=121)
	              Index Cond: ((id >= 7280731) AND (id <= 7280740))

table 8 : explain SELECT DISTINCT c FROM sbtest8 WHERE id BETWEEN 1955813 AND 1955822 ORDER BY c
	Unique  (cost=43.92..43.97 rows=10 width=121)
	  ->  Sort  (cost=43.92..43.95 rows=10 width=121)
	        Sort Key: c
	        ->  Index Scan using sbtest8_pkey on sbtest8  (cost=0.43..43.76 rows=10 width=121)
	              Index Cond: ((id >= 1955813) AND (id <= 1955822))

for: order_ranges
table 1 : explain SELECT c FROM sbtest1 WHERE id BETWEEN 6164943 AND 6164952 ORDER BY c
	Sort  (cost=43.80..43.83 rows=10 width=121)
	  Sort Key: c
	  ->  Index Scan using sbtest1_pkey on sbtest1  (cost=0.43..43.64 rows=10 width=121)
	        Index Cond: ((id >= 6164943) AND (id <= 6164952))

table 2 : explain SELECT c FROM sbtest2 WHERE id BETWEEN 2644059 AND 2644068 ORDER BY c
	Sort  (cost=43.79..43.81 rows=10 width=121)
	  Sort Key: c
	  ->  Index Scan using sbtest2_pkey on sbtest2  (cost=0.43..43.62 rows=10 width=121)
	        Index Cond: ((id >= 2644059) AND (id <= 2644068))

table 3 : explain SELECT c FROM sbtest3 WHERE id BETWEEN 7024135 AND 7024144 ORDER BY c
	Sort  (cost=39.93..39.95 rows=9 width=121)
	  Sort Key: c
	  ->  Index Scan using sbtest3_pkey on sbtest3  (cost=0.43..39.79 rows=9 width=121)
	        Index Cond: ((id >= 7024135) AND (id <= 7024144))

table 4 : explain SELECT c FROM sbtest4 WHERE id BETWEEN 318215 AND 318224 ORDER BY c
	Sort  (cost=43.90..43.93 rows=10 width=121)
	  Sort Key: c
	  ->  Index Scan using sbtest4_pkey on sbtest4  (cost=0.43..43.74 rows=10 width=121)
	        Index Cond: ((id >= 318215) AND (id <= 318224))

table 5 : explain SELECT c FROM sbtest5 WHERE id BETWEEN 6074595 AND 6074604 ORDER BY c
	Sort  (cost=43.92..43.95 rows=10 width=121)
	  Sort Key: c
	  ->  Index Scan using sbtest5_pkey on sbtest5  (cost=0.43..43.75 rows=10 width=121)
	        Index Cond: ((id >= 6074595) AND (id <= 6074604))

table 6 : explain SELECT c FROM sbtest6 WHERE id BETWEEN 2216146 AND 2216155 ORDER BY c
	Sort  (cost=43.88..43.91 rows=10 width=121)
	  Sort Key: c
	  ->  Index Scan using sbtest6_pkey on sbtest6  (cost=0.43..43.72 rows=10 width=121)
	        Index Cond: ((id >= 2216146) AND (id <= 2216155))

table 7 : explain SELECT c FROM sbtest7 WHERE id BETWEEN 3718467 AND 3718476 ORDER BY c
	Sort  (cost=43.87..43.89 rows=10 width=121)
	  Sort Key: c
	  ->  Index Scan using sbtest7_pkey on sbtest7  (cost=0.43..43.70 rows=10 width=121)
	        Index Cond: ((id >= 3718467) AND (id <= 3718476))

table 8 : explain SELECT c FROM sbtest8 WHERE id BETWEEN 7767168 AND 7767177 ORDER BY c
	Sort  (cost=43.92..43.95 rows=10 width=121)
	  Sort Key: c
	  ->  Index Scan using sbtest8_pkey on sbtest8  (cost=0.43..43.76 rows=10 width=121)
	        Index Cond: ((id >= 7767168) AND (id <= 7767177))

for: order_ranges
table 1 : explain SELECT c FROM sbtest1 WHERE id BETWEEN 2992371 AND 2992380 ORDER BY c
	Sort  (cost=43.80..43.83 rows=10 width=121)
	  Sort Key: c
	  ->  Index Scan using sbtest1_pkey on sbtest1  (cost=0.43..43.64 rows=10 width=121)
	        Index Cond: ((id >= 2992371) AND (id <= 2992380))

table 2 : explain SELECT c FROM sbtest2 WHERE id BETWEEN 5548040 AND 5548049 ORDER BY c
	Sort  (cost=47.72..47.75 rows=11 width=121)
	  Sort Key: c
	  ->  Index Scan using sbtest2_pkey on sbtest2  (cost=0.43..47.53 rows=11 width=121)
	        Index Cond: ((id >= 5548040) AND (id <= 5548049))

table 3 : explain SELECT c FROM sbtest3 WHERE id BETWEEN 5044970 AND 5044979 ORDER BY c
	Sort  (cost=43.87..43.90 rows=10 width=121)
	  Sort Key: c
	  ->  Index Scan using sbtest3_pkey on sbtest3  (cost=0.43..43.70 rows=10 width=121)
	        Index Cond: ((id >= 5044970) AND (id <= 5044979))

table 4 : explain SELECT c FROM sbtest4 WHERE id BETWEEN 9839509 AND 9839518 ORDER BY c
	Sort  (cost=39.96..39.98 rows=9 width=121)
	  Sort Key: c
	  ->  Index Scan using sbtest4_pkey on sbtest4  (cost=0.43..39.82 rows=9 width=121)
	        Index Cond: ((id >= 9839509) AND (id <= 9839518))

table 5 : explain SELECT c FROM sbtest5 WHERE id BETWEEN 4006459 AND 4006468 ORDER BY c
	Sort  (cost=43.92..43.95 rows=10 width=121)
	  Sort Key: c
	  ->  Index Scan using sbtest5_pkey on sbtest5  (cost=0.43..43.75 rows=10 width=121)
	        Index Cond: ((id >= 4006459) AND (id <= 4006468))

table 6 : explain SELECT c FROM sbtest6 WHERE id BETWEEN 4200897 AND 4200906 ORDER BY c
	Sort  (cost=43.88..43.91 rows=10 width=121)
	  Sort Key: c
	  ->  Index Scan using sbtest6_pkey on sbtest6  (cost=0.43..43.72 rows=10 width=121)
	        Index Cond: ((id >= 4200897) AND (id <= 4200906))

table 7 : explain SELECT c FROM sbtest7 WHERE id BETWEEN 2100816 AND 2100825 ORDER BY c
	Sort  (cost=43.87..43.89 rows=10 width=121)
	  Sort Key: c
	  ->  Index Scan using sbtest7_pkey on sbtest7  (cost=0.43..43.70 rows=10 width=121)
	        Index Cond: ((id >= 2100816) AND (id <= 2100825))

table 8 : explain SELECT c FROM sbtest8 WHERE id BETWEEN 6732228 AND 6732237 ORDER BY c
	Sort  (cost=47.87..47.90 rows=11 width=121)
	  Sort Key: c
	  ->  Index Scan using sbtest8_pkey on sbtest8  (cost=0.43..47.68 rows=11 width=121)
	        Index Cond: ((id >= 6732228) AND (id <= 6732237))

for: order_ranges
table 1 : explain SELECT c FROM sbtest1 WHERE id BETWEEN 8025649 AND 8025658 ORDER BY c
	Sort  (cost=43.80..43.83 rows=10 width=121)
	  Sort Key: c
	  ->  Index Scan using sbtest1_pkey on sbtest1  (cost=0.43..43.64 rows=10 width=121)
	        Index Cond: ((id >= 8025649) AND (id <= 8025658))

table 2 : explain SELECT c FROM sbtest2 WHERE id BETWEEN 542657 AND 542666 ORDER BY c
	Sort  (cost=43.79..43.81 rows=10 width=121)
	  Sort Key: c
	  ->  Index Scan using sbtest2_pkey on sbtest2  (cost=0.43..43.62 rows=10 width=121)
	        Index Cond: ((id >= 542657) AND (id <= 542666))

table 3 : explain SELECT c FROM sbtest3 WHERE id BETWEEN 1436571 AND 1436580 ORDER BY c
	Sort  (cost=39.93..39.95 rows=9 width=121)
	  Sort Key: c
	  ->  Index Scan using sbtest3_pkey on sbtest3  (cost=0.43..39.79 rows=9 width=121)
	        Index Cond: ((id >= 1436571) AND (id <= 1436580))

table 4 : explain SELECT c FROM sbtest4 WHERE id BETWEEN 6813072 AND 6813081 ORDER BY c
	Sort  (cost=43.90..43.93 rows=10 width=121)
	  Sort Key: c
	  ->  Index Scan using sbtest4_pkey on sbtest4  (cost=0.43..43.74 rows=10 width=121)
	        Index Cond: ((id >= 6813072) AND (id <= 6813081))

table 5 : explain SELECT c FROM sbtest5 WHERE id BETWEEN 7304200 AND 7304209 ORDER BY c
	Sort  (cost=39.98..40.00 rows=9 width=121)
	  Sort Key: c
	  ->  Index Scan using sbtest5_pkey on sbtest5  (cost=0.43..39.83 rows=9 width=121)
	        Index Cond: ((id >= 7304200) AND (id <= 7304209))

table 6 : explain SELECT c FROM sbtest6 WHERE id BETWEEN 3658588 AND 3658597 ORDER BY c
	Sort  (cost=43.88..43.91 rows=10 width=121)
	  Sort Key: c
	  ->  Index Scan using sbtest6_pkey on sbtest6  (cost=0.43..43.72 rows=10 width=121)
	        Index Cond: ((id >= 3658588) AND (id <= 3658597))

table 7 : explain SELECT c FROM sbtest7 WHERE id BETWEEN 1873924 AND 1873933 ORDER BY c
	Sort  (cost=39.93..39.95 rows=9 width=121)
	  Sort Key: c
	  ->  Index Scan using sbtest7_pkey on sbtest7  (cost=0.43..39.78 rows=9 width=121)
	        Index Cond: ((id >= 1873924) AND (id <= 1873933))

table 8 : explain SELECT c FROM sbtest8 WHERE id BETWEEN 4710228 AND 4710237 ORDER BY c
	Sort  (cost=43.92..43.95 rows=10 width=121)
	  Sort Key: c
	  ->  Index Scan using sbtest8_pkey on sbtest8  (cost=0.43..43.76 rows=10 width=121)
	        Index Cond: ((id >= 4710228) AND (id <= 4710237))

for: distinct_ranges
table 1 : explain SELECT DISTINCT c FROM sbtest1 WHERE id BETWEEN 6717608 AND 6717617 ORDER BY c
	Unique  (cost=39.87..39.92 rows=9 width=121)
	  ->  Sort  (cost=39.87..39.89 rows=9 width=121)
	        Sort Key: c
	        ->  Index Scan using sbtest1_pkey on sbtest1  (cost=0.43..39.73 rows=9 width=121)
	              Index Cond: ((id >= 6717608) AND (id <= 6717617))

table 2 : explain SELECT DISTINCT c FROM sbtest2 WHERE id BETWEEN 6570935 AND 6570944 ORDER BY c
	Unique  (cost=47.72..47.78 rows=11 width=121)
	  ->  Sort  (cost=47.72..47.75 rows=11 width=121)
	        Sort Key: c
	        ->  Index Scan using sbtest2_pkey on sbtest2  (cost=0.43..47.53 rows=11 width=121)
	              Index Cond: ((id >= 6570935) AND (id <= 6570944))

table 3 : explain SELECT DISTINCT c FROM sbtest3 WHERE id BETWEEN 9229331 AND 9229340 ORDER BY c
	Unique  (cost=43.87..43.92 rows=10 width=121)
	  ->  Sort  (cost=43.87..43.90 rows=10 width=121)
	        Sort Key: c
	        ->  Index Scan using sbtest3_pkey on sbtest3  (cost=0.43..43.70 rows=10 width=121)
	              Index Cond: ((id >= 9229331) AND (id <= 9229340))

table 4 : explain SELECT DISTINCT c FROM sbtest4 WHERE id BETWEEN 6840925 AND 6840934 ORDER BY c
	Unique  (cost=43.90..43.95 rows=10 width=121)
	  ->  Sort  (cost=43.90..43.93 rows=10 width=121)
	        Sort Key: c
	        ->  Index Scan using sbtest4_pkey on sbtest4  (cost=0.43..43.74 rows=10 width=121)
	              Index Cond: ((id >= 6840925) AND (id <= 6840934))

table 5 : explain SELECT DISTINCT c FROM sbtest5 WHERE id BETWEEN 6752294 AND 6752303 ORDER BY c
	Unique  (cost=39.98..40.02 rows=9 width=121)
	  ->  Sort  (cost=39.98..40.00 rows=9 width=121)
	        Sort Key: c
	        ->  Index Scan using sbtest5_pkey on sbtest5  (cost=0.43..39.83 rows=9 width=121)
	              Index Cond: ((id >= 6752294) AND (id <= 6752303))

table 6 : explain SELECT DISTINCT c FROM sbtest6 WHERE id BETWEEN 8635890 AND 8635899 ORDER BY c
	Unique  (cost=43.88..43.93 rows=10 width=121)
	  ->  Sort  (cost=43.88..43.91 rows=10 width=121)
	        Sort Key: c
	        ->  Index Scan using sbtest6_pkey on sbtest6  (cost=0.43..43.72 rows=10 width=121)
	              Index Cond: ((id >= 8635890) AND (id <= 8635899))

table 7 : explain SELECT DISTINCT c FROM sbtest7 WHERE id BETWEEN 9998861 AND 9998870 ORDER BY c
	Unique  (cost=43.87..43.92 rows=10 width=121)
	  ->  Sort  (cost=43.87..43.89 rows=10 width=121)
	        Sort Key: c
	        ->  Index Scan using sbtest7_pkey on sbtest7  (cost=0.43..43.70 rows=10 width=121)
	              Index Cond: ((id >= 9998861) AND (id <= 9998870))

table 8 : explain SELECT DISTINCT c FROM sbtest8 WHERE id BETWEEN 439933 AND 439942 ORDER BY c
	Unique  (cost=39.98..40.02 rows=9 width=121)
	  ->  Sort  (cost=39.98..40.00 rows=9 width=121)
	        Sort Key: c
	        ->  Index Scan using sbtest8_pkey on sbtest8  (cost=0.43..39.83 rows=9 width=121)
	              Index Cond: ((id >= 439933) AND (id <= 439942))

for: distinct_ranges
table 1 : explain SELECT DISTINCT c FROM sbtest1 WHERE id BETWEEN 471843 AND 471852 ORDER BY c
	Unique  (cost=43.80..43.85 rows=10 width=121)
	  ->  Sort  (cost=43.80..43.83 rows=10 width=121)
	        Sort Key: c
	        ->  Index Scan using sbtest1_pkey on sbtest1  (cost=0.43..43.64 rows=10 width=121)
	              Index Cond: ((id >= 471843) AND (id <= 471852))

table 2 : explain SELECT DISTINCT c FROM sbtest2 WHERE id BETWEEN 2892426 AND 2892435 ORDER BY c
	Unique  (cost=47.72..47.78 rows=11 width=121)
	  ->  Sort  (cost=47.72..47.75 rows=11 width=121)
	        Sort Key: c
	        ->  Index Scan using sbtest2_pkey on sbtest2  (cost=0.43..47.53 rows=11 width=121)
	              Index Cond: ((id >= 2892426) AND (id <= 2892435))

table 3 : explain SELECT DISTINCT c FROM sbtest3 WHERE id BETWEEN 1228395 AND 1228404 ORDER BY c
	Unique  (cost=43.87..43.92 rows=10 width=121)
	  ->  Sort  (cost=43.87..43.90 rows=10 width=121)
	        Sort Key: c
	        ->  Index Scan using sbtest3_pkey on sbtest3  (cost=0.43..43.70 rows=10 width=121)
	              Index Cond: ((id >= 1228395) AND (id <= 1228404))

table 4 : explain SELECT DISTINCT c FROM sbtest4 WHERE id BETWEEN 5772811 AND 5772820 ORDER BY c
	Unique  (cost=43.90..43.95 rows=10 width=121)
	  ->  Sort  (cost=43.90..43.93 rows=10 width=121)
	        Sort Key: c
	        ->  Index Scan using sbtest4_pkey on sbtest4  (cost=0.43..43.74 rows=10 width=121)
	              Index Cond: ((id >= 5772811) AND (id <= 5772820))

table 5 : explain SELECT DISTINCT c FROM sbtest5 WHERE id BETWEEN 5200503 AND 5200512 ORDER BY c
	Unique  (cost=51.81..51.87 rows=12 width=121)
	  ->  Sort  (cost=51.81..51.84 rows=12 width=121)
	        Sort Key: c
	        ->  Index Scan using sbtest5_pkey on sbtest5  (cost=0.43..51.60 rows=12 width=121)
	              Index Cond: ((id >= 5200503) AND (id <= 5200512))

table 6 : explain SELECT DISTINCT c FROM sbtest6 WHERE id BETWEEN 5390062 AND 5390071 ORDER BY c
	Unique  (cost=39.94..39.99 rows=9 width=121)
	  ->  Sort  (cost=39.94..39.96 rows=9 width=121)
	        Sort Key: c
	        ->  Index Scan using sbtest6_pkey on sbtest6  (cost=0.43..39.80 rows=9 width=121)
	              Index Cond: ((id >= 5390062) AND (id <= 5390071))

table 7 : explain SELECT DISTINCT c FROM sbtest7 WHERE id BETWEEN 9287388 AND 9287397 ORDER BY c
	Unique  (cost=43.87..43.92 rows=10 width=121)
	  ->  Sort  (cost=43.87..43.89 rows=10 width=121)
	        Sort Key: c
	        ->  Index Scan using sbtest7_pkey on sbtest7  (cost=0.43..43.70 rows=10 width=121)
	              Index Cond: ((id >= 9287388) AND (id <= 9287397))

table 8 : explain SELECT DISTINCT c FROM sbtest8 WHERE id BETWEEN 1813675 AND 1813684 ORDER BY c
	Unique  (cost=43.92..43.97 rows=10 width=121)
	  ->  Sort  (cost=43.92..43.95 rows=10 width=121)
	        Sort Key: c
	        ->  Index Scan using sbtest8_pkey on sbtest8  (cost=0.43..43.76 rows=10 width=121)
	              Index Cond: ((id >= 1813675) AND (id <= 1813684))

for: order_ranges
table 1 : explain SELECT c FROM sbtest1 WHERE id BETWEEN 3385955 AND 3385964 ORDER BY c
	Sort  (cost=43.80..43.83 rows=10 width=121)
	  Sort Key: c
	  ->  Index Scan using sbtest1_pkey on sbtest1  (cost=0.43..43.64 rows=10 width=121)
	        Index Cond: ((id >= 3385955) AND (id <= 3385964))

table 2 : explain SELECT c FROM sbtest2 WHERE id BETWEEN 8422616 AND 8422625 ORDER BY c
	Sort  (cost=43.79..43.81 rows=10 width=121)
	  Sort Key: c
	  ->  Index Scan using sbtest2_pkey on sbtest2  (cost=0.43..43.62 rows=10 width=121)
	        Index Cond: ((id >= 8422616) AND (id <= 8422625))

table 3 : explain SELECT c FROM sbtest3 WHERE id BETWEEN 5654790 AND 5654799 ORDER BY c
	Sort  (cost=47.81..47.84 rows=11 width=121)
	  Sort Key: c
	  ->  Index Scan using sbtest3_pkey on sbtest3  (cost=0.43..47.62 rows=11 width=121)
	        Index Cond: ((id >= 5654790) AND (id <= 5654799))

table 4 : explain SELECT c FROM sbtest4 WHERE id BETWEEN 4070951 AND 4070960 ORDER BY c
	Sort  (cost=43.90..43.93 rows=10 width=121)
	  Sort Key: c
	  ->  Index Scan using sbtest4_pkey on sbtest4  (cost=0.43..43.74 rows=10 width=121)
	        Index Cond: ((id >= 4070951) AND (id <= 4070960))

table 5 : explain SELECT c FROM sbtest5 WHERE id BETWEEN 7350463 AND 7350472 ORDER BY c
	Sort  (cost=39.98..40.00 rows=9 width=121)
	  Sort Key: c
	  ->  Index Scan using sbtest5_pkey on sbtest5  (cost=0.43..39.83 rows=9 width=121)
	        Index Cond: ((id >= 7350463) AND (id <= 7350472))

table 6 : explain SELECT c FROM sbtest6 WHERE id BETWEEN 5981229 AND 5981238 ORDER BY c
	Sort  (cost=43.88..43.91 rows=10 width=121)
	  Sort Key: c
	  ->  Index Scan using sbtest6_pkey on sbtest6  (cost=0.43..43.72 rows=10 width=121)
	        Index Cond: ((id >= 5981229) AND (id <= 5981238))

table 7 : explain SELECT c FROM sbtest7 WHERE id BETWEEN 7659269 AND 7659278 ORDER BY c
	Sort  (cost=47.81..47.83 rows=11 width=121)
	  Sort Key: c
	  ->  Index Scan using sbtest7_pkey on sbtest7  (cost=0.43..47.62 rows=11 width=121)
	        Index Cond: ((id >= 7659269) AND (id <= 7659278))

table 8 : explain SELECT c FROM sbtest8 WHERE id BETWEEN 5265361 AND 5265370 ORDER BY c
	Sort  (cost=43.92..43.95 rows=10 width=121)
	  Sort Key: c
	  ->  Index Scan using sbtest8_pkey on sbtest8  (cost=0.43..43.76 rows=10 width=121)
	        Index Cond: ((id >= 5265361) AND (id <= 5265370))

for: distinct_ranges
table 1 : explain SELECT DISTINCT c FROM sbtest1 WHERE id BETWEEN 5701686 AND 5701695 ORDER BY c
	Unique  (cost=39.87..39.92 rows=9 width=121)
	  ->  Sort  (cost=39.87..39.89 rows=9 width=121)
	        Sort Key: c
	        ->  Index Scan using sbtest1_pkey on sbtest1  (cost=0.43..39.73 rows=9 width=121)
	              Index Cond: ((id >= 5701686) AND (id <= 5701695))

table 2 : explain SELECT DISTINCT c FROM sbtest2 WHERE id BETWEEN 953159 AND 953168 ORDER BY c
	Unique  (cost=47.72..47.78 rows=11 width=121)
	  ->  Sort  (cost=47.72..47.75 rows=11 width=121)
	        Sort Key: c
	        ->  Index Scan using sbtest2_pkey on sbtest2  (cost=0.43..47.53 rows=11 width=121)
	              Index Cond: ((id >= 953159) AND (id <= 953168))

table 3 : explain SELECT DISTINCT c FROM sbtest3 WHERE id BETWEEN 2428404 AND 2428413 ORDER BY c
	Unique  (cost=43.87..43.92 rows=10 width=121)
	  ->  Sort  (cost=43.87..43.90 rows=10 width=121)
	        Sort Key: c
	        ->  Index Scan using sbtest3_pkey on sbtest3  (cost=0.43..43.70 rows=10 width=121)
	              Index Cond: ((id >= 2428404) AND (id <= 2428413))

table 4 : explain SELECT DISTINCT c FROM sbtest4 WHERE id BETWEEN 5665272 AND 5665281 ORDER BY c
	Unique  (cost=43.90..43.95 rows=10 width=121)
	  ->  Sort  (cost=43.90..43.93 rows=10 width=121)
	        Sort Key: c
	        ->  Index Scan using sbtest4_pkey on sbtest4  (cost=0.43..43.74 rows=10 width=121)
	              Index Cond: ((id >= 5665272) AND (id <= 5665281))

table 5 : explain SELECT DISTINCT c FROM sbtest5 WHERE id BETWEEN 1497587 AND 1497596 ORDER BY c
	Unique  (cost=43.92..43.97 rows=10 width=121)
	  ->  Sort  (cost=43.92..43.95 rows=10 width=121)
	        Sort Key: c
	        ->  Index Scan using sbtest5_pkey on sbtest5  (cost=0.43..43.75 rows=10 width=121)
	              Index Cond: ((id >= 1497587) AND (id <= 1497596))

table 6 : explain SELECT DISTINCT c FROM sbtest6 WHERE id BETWEEN 1676081 AND 1676090 ORDER BY c
	Unique  (cost=43.88..43.93 rows=10 width=121)
	  ->  Sort  (cost=43.88..43.91 rows=10 width=121)
	        Sort Key: c
	        ->  Index Scan using sbtest6_pkey on sbtest6  (cost=0.43..43.72 rows=10 width=121)
	              Index Cond: ((id >= 1676081) AND (id <= 1676090))

table 7 : explain SELECT DISTINCT c FROM sbtest7 WHERE id BETWEEN 6226625 AND 6226634 ORDER BY c
	Unique  (cost=39.93..39.97 rows=9 width=121)
	  ->  Sort  (cost=39.93..39.95 rows=9 width=121)
	        Sort Key: c
	        ->  Index Scan using sbtest7_pkey on sbtest7  (cost=0.43..39.78 rows=9 width=121)
	              Index Cond: ((id >= 6226625) AND (id <= 6226634))

table 8 : explain SELECT DISTINCT c FROM sbtest8 WHERE id BETWEEN 2247219 AND 2247228 ORDER BY c
	Unique  (cost=43.92..43.97 rows=10 width=121)
	  ->  Sort  (cost=43.92..43.95 rows=10 width=121)
	        Sort Key: c
	        ->  Index Scan using sbtest8_pkey on sbtest8  (cost=0.43..43.76 rows=10 width=121)
	              Index Cond: ((id >= 2247219) AND (id <= 2247228))

for: distinct_ranges
table 1 : explain SELECT DISTINCT c FROM sbtest1 WHERE id BETWEEN 1909179 AND 1909188 ORDER BY c
	Unique  (cost=39.87..39.92 rows=9 width=121)
	  ->  Sort  (cost=39.87..39.89 rows=9 width=121)
	        Sort Key: c
	        ->  Index Scan using sbtest1_pkey on sbtest1  (cost=0.43..39.73 rows=9 width=121)
	              Index Cond: ((id >= 1909179) AND (id <= 1909188))

table 2 : explain SELECT DISTINCT c FROM sbtest2 WHERE id BETWEEN 290537 AND 290546 ORDER BY c
	Unique  (cost=47.72..47.78 rows=11 width=121)
	  ->  Sort  (cost=47.72..47.75 rows=11 width=121)
	        Sort Key: c
	        ->  Index Scan using sbtest2_pkey on sbtest2  (cost=0.43..47.53 rows=11 width=121)
	              Index Cond: ((id >= 290537) AND (id <= 290546))

table 3 : explain SELECT DISTINCT c FROM sbtest3 WHERE id BETWEEN 4813549 AND 4813558 ORDER BY c
	Unique  (cost=43.87..43.92 rows=10 width=121)
	  ->  Sort  (cost=43.87..43.90 rows=10 width=121)
	        Sort Key: c
	        ->  Index Scan using sbtest3_pkey on sbtest3  (cost=0.43..43.70 rows=10 width=121)
	              Index Cond: ((id >= 4813549) AND (id <= 4813558))

table 4 : explain SELECT DISTINCT c FROM sbtest4 WHERE id BETWEEN 2209084 AND 2209093 ORDER BY c
	Unique  (cost=43.90..43.95 rows=10 width=121)
	  ->  Sort  (cost=43.90..43.93 rows=10 width=121)
	        Sort Key: c
	        ->  Index Scan using sbtest4_pkey on sbtest4  (cost=0.43..43.74 rows=10 width=121)
	              Index Cond: ((id >= 2209084) AND (id <= 2209093))

table 5 : explain SELECT DISTINCT c FROM sbtest5 WHERE id BETWEEN 1642466 AND 1642475 ORDER BY c
	Unique  (cost=39.98..40.02 rows=9 width=121)
	  ->  Sort  (cost=39.98..40.00 rows=9 width=121)
	        Sort Key: c
	        ->  Index Scan using sbtest5_pkey on sbtest5  (cost=0.43..39.83 rows=9 width=121)
	              Index Cond: ((id >= 1642466) AND (id <= 1642475))

table 6 : explain SELECT DISTINCT c FROM sbtest6 WHERE id BETWEEN 7380279 AND 7380288 ORDER BY c
	Unique  (cost=43.88..43.93 rows=10 width=121)
	  ->  Sort  (cost=43.88..43.91 rows=10 width=121)
	        Sort Key: c
	        ->  Index Scan using sbtest6_pkey on sbtest6  (cost=0.43..43.72 rows=10 width=121)
	              Index Cond: ((id >= 7380279) AND (id <= 7380288))

table 7 : explain SELECT DISTINCT c FROM sbtest7 WHERE id BETWEEN 8513054 AND 8513063 ORDER BY c
	Unique  (cost=39.93..39.97 rows=9 width=121)
	  ->  Sort  (cost=39.93..39.95 rows=9 width=121)
	        Sort Key: c
	        ->  Index Scan using sbtest7_pkey on sbtest7  (cost=0.43..39.78 rows=9 width=121)
	              Index Cond: ((id >= 8513054) AND (id <= 8513063))

table 8 : explain SELECT DISTINCT c FROM sbtest8 WHERE id BETWEEN 8429491 AND 8429500 ORDER BY c
	Unique  (cost=43.92..43.97 rows=10 width=121)
	  ->  Sort  (cost=43.92..43.95 rows=10 width=121)
	        Sort Key: c
	        ->  Index Scan using sbtest8_pkey on sbtest8  (cost=0.43..43.76 rows=10 width=121)
	              Index Cond: ((id >= 8429491) AND (id <= 8429500))

for: distinct_ranges
table 1 : explain SELECT DISTINCT c FROM sbtest1 WHERE id BETWEEN 7861671 AND 7861680 ORDER BY c
	Unique  (cost=43.80..43.85 rows=10 width=121)
	  ->  Sort  (cost=43.80..43.83 rows=10 width=121)
	        Sort Key: c
	        ->  Index Scan using sbtest1_pkey on sbtest1  (cost=0.43..43.64 rows=10 width=121)
	              Index Cond: ((id >= 7861671) AND (id <= 7861680))

table 2 : explain SELECT DISTINCT c FROM sbtest2 WHERE id BETWEEN 798609 AND 798618 ORDER BY c
	Unique  (cost=43.79..43.84 rows=10 width=121)
	  ->  Sort  (cost=43.79..43.81 rows=10 width=121)
	        Sort Key: c
	        ->  Index Scan using sbtest2_pkey on sbtest2  (cost=0.43..43.62 rows=10 width=121)
	              Index Cond: ((id >= 798609) AND (id <= 798618))

table 3 : explain SELECT DISTINCT c FROM sbtest3 WHERE id BETWEEN 7037991 AND 7038000 ORDER BY c
	Unique  (cost=39.93..39.98 rows=9 width=121)
	  ->  Sort  (cost=39.93..39.95 rows=9 width=121)
	        Sort Key: c
	        ->  Index Scan using sbtest3_pkey on sbtest3  (cost=0.43..39.79 rows=9 width=121)
	              Index Cond: ((id >= 7037991) AND (id <= 7038000))

table 4 : explain SELECT DISTINCT c FROM sbtest4 WHERE id BETWEEN 9590410 AND 9590419 ORDER BY c
	Unique  (cost=43.90..43.95 rows=10 width=121)
	  ->  Sort  (cost=43.90..43.93 rows=10 width=121)
	        Sort Key: c
	        ->  Index Scan using sbtest4_pkey on sbtest4  (cost=0.43..43.74 rows=10 width=121)
	              Index Cond: ((id >= 9590410) AND (id <= 9590419))

table 5 : explain SELECT DISTINCT c FROM sbtest5 WHERE id BETWEEN 2916036 AND 2916045 ORDER BY c
	Unique  (cost=39.98..40.02 rows=9 width=121)
	  ->  Sort  (cost=39.98..40.00 rows=9 width=121)
	        Sort Key: c
	        ->  Index Scan using sbtest5_pkey on sbtest5  (cost=0.43..39.83 rows=9 width=121)
	              Index Cond: ((id >= 2916036) AND (id <= 2916045))

table 6 : explain SELECT DISTINCT c FROM sbtest6 WHERE id BETWEEN 2764410 AND 2764419 ORDER BY c
	Unique  (cost=47.83..47.88 rows=11 width=121)
	  ->  Sort  (cost=47.83..47.85 rows=11 width=121)
	        Sort Key: c
	        ->  Index Scan using sbtest6_pkey on sbtest6  (cost=0.43..47.64 rows=11 width=121)
	              Index Cond: ((id >= 2764410) AND (id <= 2764419))

table 7 : explain SELECT DISTINCT c FROM sbtest7 WHERE id BETWEEN 2446433 AND 2446442 ORDER BY c
	Unique  (cost=43.87..43.92 rows=10 width=121)
	  ->  Sort  (cost=43.87..43.89 rows=10 width=121)
	        Sort Key: c
	        ->  Index Scan using sbtest7_pkey on sbtest7  (cost=0.43..43.70 rows=10 width=121)
	              Index Cond: ((id >= 2446433) AND (id <= 2446442))

table 8 : explain SELECT DISTINCT c FROM sbtest8 WHERE id BETWEEN 9538759 AND 9538768 ORDER BY c
	Unique  (cost=47.87..47.92 rows=11 width=121)
	  ->  Sort  (cost=47.87..47.90 rows=11 width=121)
	        Sort Key: c
	        ->  Index Scan using sbtest8_pkey on sbtest8  (cost=0.43..47.68 rows=11 width=121)
	              Index Cond: ((id >= 9538759) AND (id <= 9538768))

for: distinct_ranges
table 1 : explain SELECT DISTINCT c FROM sbtest1 WHERE id BETWEEN 276516 AND 276525 ORDER BY c
	Unique  (cost=39.87..39.92 rows=9 width=121)
	  ->  Sort  (cost=39.87..39.89 rows=9 width=121)
	        Sort Key: c
	        ->  Index Scan using sbtest1_pkey on sbtest1  (cost=0.43..39.73 rows=9 width=121)
	              Index Cond: ((id >= 276516) AND (id <= 276525))

table 2 : explain SELECT DISTINCT c FROM sbtest2 WHERE id BETWEEN 8821477 AND 8821486 ORDER BY c
	Unique  (cost=43.79..43.84 rows=10 width=121)
	  ->  Sort  (cost=43.79..43.81 rows=10 width=121)
	        Sort Key: c
	        ->  Index Scan using sbtest2_pkey on sbtest2  (cost=0.43..43.62 rows=10 width=121)
	              Index Cond: ((id >= 8821477) AND (id <= 8821486))

table 3 : explain SELECT DISTINCT c FROM sbtest3 WHERE id BETWEEN 1810870 AND 1810879 ORDER BY c
	Unique  (cost=39.93..39.98 rows=9 width=121)
	  ->  Sort  (cost=39.93..39.95 rows=9 width=121)
	        Sort Key: c
	        ->  Index Scan using sbtest3_pkey on sbtest3  (cost=0.43..39.79 rows=9 width=121)
	              Index Cond: ((id >= 1810870) AND (id <= 1810879))

table 4 : explain SELECT DISTINCT c FROM sbtest4 WHERE id BETWEEN 3970757 AND 3970766 ORDER BY c
	Unique  (cost=47.85..47.90 rows=11 width=121)
	  ->  Sort  (cost=47.85..47.87 rows=11 width=121)
	        Sort Key: c
	        ->  Index Scan using sbtest4_pkey on sbtest4  (cost=0.43..47.66 rows=11 width=121)
	              Index Cond: ((id >= 3970757) AND (id <= 3970766))

table 5 : explain SELECT DISTINCT c FROM sbtest5 WHERE id BETWEEN 1209470 AND 1209479 ORDER BY c
	Unique  (cost=43.92..43.97 rows=10 width=121)
	  ->  Sort  (cost=43.92..43.95 rows=10 width=121)
	        Sort Key: c
	        ->  Index Scan using sbtest5_pkey on sbtest5  (cost=0.43..43.75 rows=10 width=121)
	              Index Cond: ((id >= 1209470) AND (id <= 1209479))

table 6 : explain SELECT DISTINCT c FROM sbtest6 WHERE id BETWEEN 4986732 AND 4986741 ORDER BY c
	Unique  (cost=43.88..43.93 rows=10 width=121)
	  ->  Sort  (cost=43.88..43.91 rows=10 width=121)
	        Sort Key: c
	        ->  Index Scan using sbtest6_pkey on sbtest6  (cost=0.43..43.72 rows=10 width=121)
	              Index Cond: ((id >= 4986732) AND (id <= 4986741))

table 7 : explain SELECT DISTINCT c FROM sbtest7 WHERE id BETWEEN 6459445 AND 6459454 ORDER BY c
	Unique  (cost=47.81..47.86 rows=11 width=121)
	  ->  Sort  (cost=47.81..47.83 rows=11 width=121)
	        Sort Key: c
	        ->  Index Scan using sbtest7_pkey on sbtest7  (cost=0.43..47.62 rows=11 width=121)
	              Index Cond: ((id >= 6459445) AND (id <= 6459454))

table 8 : explain SELECT DISTINCT c FROM sbtest8 WHERE id BETWEEN 175535 AND 175544 ORDER BY c
	Unique  (cost=43.92..43.97 rows=10 width=121)
	  ->  Sort  (cost=43.92..43.95 rows=10 width=121)
	        Sort Key: c
	        ->  Index Scan using sbtest8_pkey on sbtest8  (cost=0.43..43.76 rows=10 width=121)
	              Index Cond: ((id >= 175535) AND (id <= 175544))

for: distinct_ranges
table 1 : explain SELECT DISTINCT c FROM sbtest1 WHERE id BETWEEN 8431908 AND 8431917 ORDER BY c
	Unique  (cost=43.80..43.85 rows=10 width=121)
	  ->  Sort  (cost=43.80..43.83 rows=10 width=121)
	        Sort Key: c
	        ->  Index Scan using sbtest1_pkey on sbtest1  (cost=0.43..43.64 rows=10 width=121)
	              Index Cond: ((id >= 8431908) AND (id <= 8431917))

table 2 : explain SELECT DISTINCT c FROM sbtest2 WHERE id BETWEEN 1645367 AND 1645376 ORDER BY c
	Unique  (cost=43.79..43.84 rows=10 width=121)
	  ->  Sort  (cost=43.79..43.81 rows=10 width=121)
	        Sort Key: c
	        ->  Index Scan using sbtest2_pkey on sbtest2  (cost=0.43..43.62 rows=10 width=121)
	              Index Cond: ((id >= 1645367) AND (id <= 1645376))

table 3 : explain SELECT DISTINCT c FROM sbtest3 WHERE id BETWEEN 495678 AND 495687 ORDER BY c
	Unique  (cost=39.93..39.98 rows=9 width=121)
	  ->  Sort  (cost=39.93..39.95 rows=9 width=121)
	        Sort Key: c
	        ->  Index Scan using sbtest3_pkey on sbtest3  (cost=0.43..39.79 rows=9 width=121)
	              Index Cond: ((id >= 495678) AND (id <= 495687))

table 4 : explain SELECT DISTINCT c FROM sbtest4 WHERE id BETWEEN 1237340 AND 1237349 ORDER BY c
	Unique  (cost=43.90..43.95 rows=10 width=121)
	  ->  Sort  (cost=43.90..43.93 rows=10 width=121)
	        Sort Key: c
	        ->  Index Scan using sbtest4_pkey on sbtest4  (cost=0.43..43.74 rows=10 width=121)
	              Index Cond: ((id >= 1237340) AND (id <= 1237349))

table 5 : explain SELECT DISTINCT c FROM sbtest5 WHERE id BETWEEN 2086244 AND 2086253 ORDER BY c
	Unique  (cost=43.92..43.97 rows=10 width=121)
	  ->  Sort  (cost=43.92..43.95 rows=10 width=121)
	        Sort Key: c
	        ->  Index Scan using sbtest5_pkey on sbtest5  (cost=0.43..43.75 rows=10 width=121)
	              Index Cond: ((id >= 2086244) AND (id <= 2086253))

table 6 : explain SELECT DISTINCT c FROM sbtest6 WHERE id BETWEEN 8448993 AND 8449002 ORDER BY c
	Unique  (cost=43.88..43.93 rows=10 width=121)
	  ->  Sort  (cost=43.88..43.91 rows=10 width=121)
	        Sort Key: c
	        ->  Index Scan using sbtest6_pkey on sbtest6  (cost=0.43..43.72 rows=10 width=121)
	              Index Cond: ((id >= 8448993) AND (id <= 8449002))

table 7 : explain SELECT DISTINCT c FROM sbtest7 WHERE id BETWEEN 8246458 AND 8246467 ORDER BY c
	Unique  (cost=43.87..43.92 rows=10 width=121)
	  ->  Sort  (cost=43.87..43.89 rows=10 width=121)
	        Sort Key: c
	        ->  Index Scan using sbtest7_pkey on sbtest7  (cost=0.43..43.70 rows=10 width=121)
	              Index Cond: ((id >= 8246458) AND (id <= 8246467))

table 8 : explain SELECT DISTINCT c FROM sbtest8 WHERE id BETWEEN 1073485 AND 1073494 ORDER BY c
	Unique  (cost=43.92..43.97 rows=10 width=121)
	  ->  Sort  (cost=43.92..43.95 rows=10 width=121)
	        Sort Key: c
	        ->  Index Scan using sbtest8_pkey on sbtest8  (cost=0.43..43.76 rows=10 width=121)
	              Index Cond: ((id >= 1073485) AND (id <= 1073494))

for: distinct_ranges
table 1 : explain SELECT DISTINCT c FROM sbtest1 WHERE id BETWEEN 5278924 AND 5278933 ORDER BY c
	Unique  (cost=47.74..47.79 rows=11 width=121)
	  ->  Sort  (cost=47.74..47.76 rows=11 width=121)
	        Sort Key: c
	        ->  Index Scan using sbtest1_pkey on sbtest1  (cost=0.43..47.55 rows=11 width=121)
	              Index Cond: ((id >= 5278924) AND (id <= 5278933))

table 2 : explain SELECT DISTINCT c FROM sbtest2 WHERE id BETWEEN 1947173 AND 1947182 ORDER BY c
	Unique  (cost=47.72..47.78 rows=11 width=121)
	  ->  Sort  (cost=47.72..47.75 rows=11 width=121)
	        Sort Key: c
	        ->  Index Scan using sbtest2_pkey on sbtest2  (cost=0.43..47.53 rows=11 width=121)
	              Index Cond: ((id >= 1947173) AND (id <= 1947182))

table 3 : explain SELECT DISTINCT c FROM sbtest3 WHERE id BETWEEN 838989 AND 838998 ORDER BY c
	Unique  (cost=43.87..43.92 rows=10 width=121)
	  ->  Sort  (cost=43.87..43.90 rows=10 width=121)
	        Sort Key: c
	        ->  Index Scan using sbtest3_pkey on sbtest3  (cost=0.43..43.70 rows=10 width=121)
	              Index Cond: ((id >= 838989) AND (id <= 838998))

table 4 : explain SELECT DISTINCT c FROM sbtest4 WHERE id BETWEEN 2779258 AND 2779267 ORDER BY c
	Unique  (cost=43.90..43.95 rows=10 width=121)
	  ->  Sort  (cost=43.90..43.93 rows=10 width=121)
	        Sort Key: c
	        ->  Index Scan using sbtest4_pkey on sbtest4  (cost=0.43..43.74 rows=10 width=121)
	              Index Cond: ((id >= 2779258) AND (id <= 2779267))

table 5 : explain SELECT DISTINCT c FROM sbtest5 WHERE id BETWEEN 3487335 AND 3487344 ORDER BY c
	Unique  (cost=43.92..43.97 rows=10 width=121)
	  ->  Sort  (cost=43.92..43.95 rows=10 width=121)
	        Sort Key: c
	        ->  Index Scan using sbtest5_pkey on sbtest5  (cost=0.43..43.75 rows=10 width=121)
	              Index Cond: ((id >= 3487335) AND (id <= 3487344))

table 6 : explain SELECT DISTINCT c FROM sbtest6 WHERE id BETWEEN 8479314 AND 8479323 ORDER BY c
	Unique  (cost=43.88..43.93 rows=10 width=121)
	  ->  Sort  (cost=43.88..43.91 rows=10 width=121)
	        Sort Key: c
	        ->  Index Scan using sbtest6_pkey on sbtest6  (cost=0.43..43.72 rows=10 width=121)
	              Index Cond: ((id >= 8479314) AND (id <= 8479323))

table 7 : explain SELECT DISTINCT c FROM sbtest7 WHERE id BETWEEN 5247927 AND 5247936 ORDER BY c
	Unique  (cost=39.93..39.97 rows=9 width=121)
	  ->  Sort  (cost=39.93..39.95 rows=9 width=121)
	        Sort Key: c
	        ->  Index Scan using sbtest7_pkey on sbtest7  (cost=0.43..39.78 rows=9 width=121)
	              Index Cond: ((id >= 5247927) AND (id <= 5247936))

table 8 : explain SELECT DISTINCT c FROM sbtest8 WHERE id BETWEEN 3909246 AND 3909255 ORDER BY c
	Unique  (cost=47.87..47.92 rows=11 width=121)
	  ->  Sort  (cost=47.87..47.90 rows=11 width=121)
	        Sort Key: c
	        ->  Index Scan using sbtest8_pkey on sbtest8  (cost=0.43..47.68 rows=11 width=121)
	              Index Cond: ((id >= 3909246) AND (id <= 3909255))

for: distinct_ranges
table 1 : explain SELECT DISTINCT c FROM sbtest1 WHERE id BETWEEN 9539048 AND 9539057 ORDER BY c
	Unique  (cost=43.80..43.85 rows=10 width=121)
	  ->  Sort  (cost=43.80..43.83 rows=10 width=121)
	        Sort Key: c
	        ->  Index Scan using sbtest1_pkey on sbtest1  (cost=0.43..43.64 rows=10 width=121)
	              Index Cond: ((id >= 9539048) AND (id <= 9539057))

table 2 : explain SELECT DISTINCT c FROM sbtest2 WHERE id BETWEEN 565147 AND 565156 ORDER BY c
	Unique  (cost=43.79..43.84 rows=10 width=121)
	  ->  Sort  (cost=43.79..43.81 rows=10 width=121)
	        Sort Key: c
	        ->  Index Scan using sbtest2_pkey on sbtest2  (cost=0.43..43.62 rows=10 width=121)
	              Index Cond: ((id >= 565147) AND (id <= 565156))

table 3 : explain SELECT DISTINCT c FROM sbtest3 WHERE id BETWEEN 5129729 AND 5129738 ORDER BY c
	Unique  (cost=39.93..39.98 rows=9 width=121)
	  ->  Sort  (cost=39.93..39.95 rows=9 width=121)
	        Sort Key: c
	        ->  Index Scan using sbtest3_pkey on sbtest3  (cost=0.43..39.79 rows=9 width=121)
	              Index Cond: ((id >= 5129729) AND (id <= 5129738))

table 4 : explain SELECT DISTINCT c FROM sbtest4 WHERE id BETWEEN 6901685 AND 6901694 ORDER BY c
	Unique  (cost=43.90..43.95 rows=10 width=121)
	  ->  Sort  (cost=43.90..43.93 rows=10 width=121)
	        Sort Key: c
	        ->  Index Scan using sbtest4_pkey on sbtest4  (cost=0.43..43.74 rows=10 width=121)
	              Index Cond: ((id >= 6901685) AND (id <= 6901694))

table 5 : explain SELECT DISTINCT c FROM sbtest5 WHERE id BETWEEN 9880723 AND 9880732 ORDER BY c
	Unique  (cost=43.92..43.97 rows=10 width=121)
	  ->  Sort  (cost=43.92..43.95 rows=10 width=121)
	        Sort Key: c
	        ->  Index Scan using sbtest5_pkey on sbtest5  (cost=0.43..43.75 rows=10 width=121)
	              Index Cond: ((id >= 9880723) AND (id <= 9880732))

table 6 : explain SELECT DISTINCT c FROM sbtest6 WHERE id BETWEEN 458611 AND 458620 ORDER BY c
	Unique  (cost=43.88..43.93 rows=10 width=121)
	  ->  Sort  (cost=43.88..43.91 rows=10 width=121)
	        Sort Key: c
	        ->  Index Scan using sbtest6_pkey on sbtest6  (cost=0.43..43.72 rows=10 width=121)
	              Index Cond: ((id >= 458611) AND (id <= 458620))

table 7 : explain SELECT DISTINCT c FROM sbtest7 WHERE id BETWEEN 5194884 AND 5194893 ORDER BY c
	Unique  (cost=43.87..43.92 rows=10 width=121)
	  ->  Sort  (cost=43.87..43.89 rows=10 width=121)
	        Sort Key: c
	        ->  Index Scan using sbtest7_pkey on sbtest7  (cost=0.43..43.70 rows=10 width=121)
	              Index Cond: ((id >= 5194884) AND (id <= 5194893))

table 8 : explain SELECT DISTINCT c FROM sbtest8 WHERE id BETWEEN 8751764 AND 8751773 ORDER BY c
	Unique  (cost=43.92..43.97 rows=10 width=121)
	  ->  Sort  (cost=43.92..43.95 rows=10 width=121)
	        Sort Key: c
	        ->  Index Scan using sbtest8_pkey on sbtest8  (cost=0.43..43.76 rows=10 width=121)
	              Index Cond: ((id >= 8751764) AND (id <= 8751773))

for: distinct_ranges
table 1 : explain SELECT DISTINCT c FROM sbtest1 WHERE id BETWEEN 5724636 AND 5724645 ORDER BY c
	Unique  (cost=39.87..39.92 rows=9 width=121)
	  ->  Sort  (cost=39.87..39.89 rows=9 width=121)
	        Sort Key: c
	        ->  Index Scan using sbtest1_pkey on sbtest1  (cost=0.43..39.73 rows=9 width=121)
	              Index Cond: ((id >= 5724636) AND (id <= 5724645))

table 2 : explain SELECT DISTINCT c FROM sbtest2 WHERE id BETWEEN 2927806 AND 2927815 ORDER BY c
	Unique  (cost=47.72..47.78 rows=11 width=121)
	  ->  Sort  (cost=47.72..47.75 rows=11 width=121)
	        Sort Key: c
	        ->  Index Scan using sbtest2_pkey on sbtest2  (cost=0.43..47.53 rows=11 width=121)
	              Index Cond: ((id >= 2927806) AND (id <= 2927815))

table 3 : explain SELECT DISTINCT c FROM sbtest3 WHERE id BETWEEN 4037471 AND 4037480 ORDER BY c
	Unique  (cost=43.87..43.92 rows=10 width=121)
	  ->  Sort  (cost=43.87..43.90 rows=10 width=121)
	        Sort Key: c
	        ->  Index Scan using sbtest3_pkey on sbtest3  (cost=0.43..43.70 rows=10 width=121)
	              Index Cond: ((id >= 4037471) AND (id <= 4037480))

table 4 : explain SELECT DISTINCT c FROM sbtest4 WHERE id BETWEEN 6975500 AND 6975509 ORDER BY c
	Unique  (cost=43.90..43.95 rows=10 width=121)
	  ->  Sort  (cost=43.90..43.93 rows=10 width=121)
	        Sort Key: c
	        ->  Index Scan using sbtest4_pkey on sbtest4  (cost=0.43..43.74 rows=10 width=121)
	              Index Cond: ((id >= 6975500) AND (id <= 6975509))

table 5 : explain SELECT DISTINCT c FROM sbtest5 WHERE id BETWEEN 2857310 AND 2857319 ORDER BY c
	Unique  (cost=43.92..43.97 rows=10 width=121)
	  ->  Sort  (cost=43.92..43.95 rows=10 width=121)
	        Sort Key: c
	        ->  Index Scan using sbtest5_pkey on sbtest5  (cost=0.43..43.75 rows=10 width=121)
	              Index Cond: ((id >= 2857310) AND (id <= 2857319))

table 6 : explain SELECT DISTINCT c FROM sbtest6 WHERE id BETWEEN 3086655 AND 3086664 ORDER BY c
	Unique  (cost=51.77..51.83 rows=12 width=121)
	  ->  Sort  (cost=51.77..51.80 rows=12 width=121)
	        Sort Key: c
	        ->  Index Scan using sbtest6_pkey on sbtest6  (cost=0.43..51.55 rows=12 width=121)
	              Index Cond: ((id >= 3086655) AND (id <= 3086664))

table 7 : explain SELECT DISTINCT c FROM sbtest7 WHERE id BETWEEN 8479732 AND 8479741 ORDER BY c
	Unique  (cost=47.81..47.86 rows=11 width=121)
	  ->  Sort  (cost=47.81..47.83 rows=11 width=121)
	        Sort Key: c
	        ->  Index Scan using sbtest7_pkey on sbtest7  (cost=0.43..47.62 rows=11 width=121)
	              Index Cond: ((id >= 8479732) AND (id <= 8479741))

table 8 : explain SELECT DISTINCT c FROM sbtest8 WHERE id BETWEEN 6218243 AND 6218252 ORDER BY c
	Unique  (cost=47.87..47.92 rows=11 width=121)
	  ->  Sort  (cost=47.87..47.90 rows=11 width=121)
	        Sort Key: c
	        ->  Index Scan using sbtest8_pkey on sbtest8  (cost=0.43..47.68 rows=11 width=121)
	              Index Cond: ((id >= 6218243) AND (id <= 6218252))

for: distinct_ranges
table 1 : explain SELECT DISTINCT c FROM sbtest1 WHERE id BETWEEN 2484517 AND 2484526 ORDER BY c
	Unique  (cost=47.74..47.79 rows=11 width=121)
	  ->  Sort  (cost=47.74..47.76 rows=11 width=121)
	        Sort Key: c
	        ->  Index Scan using sbtest1_pkey on sbtest1  (cost=0.43..47.55 rows=11 width=121)
	              Index Cond: ((id >= 2484517) AND (id <= 2484526))

table 2 : explain SELECT DISTINCT c FROM sbtest2 WHERE id BETWEEN 8348538 AND 8348547 ORDER BY c
	Unique  (cost=39.86..39.90 rows=9 width=121)
	  ->  Sort  (cost=39.86..39.88 rows=9 width=121)
	        Sort Key: c
	        ->  Index Scan using sbtest2_pkey on sbtest2  (cost=0.43..39.71 rows=9 width=121)
	              Index Cond: ((id >= 8348538) AND (id <= 8348547))

table 3 : explain SELECT DISTINCT c FROM sbtest3 WHERE id BETWEEN 4748508 AND 4748517 ORDER BY c
	Unique  (cost=43.87..43.92 rows=10 width=121)
	  ->  Sort  (cost=43.87..43.90 rows=10 width=121)
	        Sort Key: c
	        ->  Index Scan using sbtest3_pkey on sbtest3  (cost=0.43..43.70 rows=10 width=121)
	              Index Cond: ((id >= 4748508) AND (id <= 4748517))

table 4 : explain SELECT DISTINCT c FROM sbtest4 WHERE id BETWEEN 7144340 AND 7144349 ORDER BY c
	Unique  (cost=43.90..43.95 rows=10 width=121)
	  ->  Sort  (cost=43.90..43.93 rows=10 width=121)
	        Sort Key: c
	        ->  Index Scan using sbtest4_pkey on sbtest4  (cost=0.43..43.74 rows=10 width=121)
	              Index Cond: ((id >= 7144340) AND (id <= 7144349))

table 5 : explain SELECT DISTINCT c FROM sbtest5 WHERE id BETWEEN 4179620 AND 4179629 ORDER BY c
	Unique  (cost=43.92..43.97 rows=10 width=121)
	  ->  Sort  (cost=43.92..43.95 rows=10 width=121)
	        Sort Key: c
	        ->  Index Scan using sbtest5_pkey on sbtest5  (cost=0.43..43.75 rows=10 width=121)
	              Index Cond: ((id >= 4179620) AND (id <= 4179629))

table 6 : explain SELECT DISTINCT c FROM sbtest6 WHERE id BETWEEN 5967415 AND 5967424 ORDER BY c
	Unique  (cost=43.88..43.93 rows=10 width=121)
	  ->  Sort  (cost=43.88..43.91 rows=10 width=121)
	        Sort Key: c
	        ->  Index Scan using sbtest6_pkey on sbtest6  (cost=0.43..43.72 rows=10 width=121)
	              Index Cond: ((id >= 5967415) AND (id <= 5967424))

table 7 : explain SELECT DISTINCT c FROM sbtest7 WHERE id BETWEEN 5247346 AND 5247355 ORDER BY c
	Unique  (cost=39.93..39.97 rows=9 width=121)
	  ->  Sort  (cost=39.93..39.95 rows=9 width=121)
	        Sort Key: c
	        ->  Index Scan using sbtest7_pkey on sbtest7  (cost=0.43..39.78 rows=9 width=121)
	              Index Cond: ((id >= 5247346) AND (id <= 5247355))

table 8 : explain SELECT DISTINCT c FROM sbtest8 WHERE id BETWEEN 9671198 AND 9671207 ORDER BY c
	Unique  (cost=43.92..43.97 rows=10 width=121)
	  ->  Sort  (cost=43.92..43.95 rows=10 width=121)
	        Sort Key: c
	        ->  Index Scan using sbtest8_pkey on sbtest8  (cost=0.43..43.76 rows=10 width=121)
	              Index Cond: ((id >= 9671198) AND (id <= 9671207))

for: distinct_ranges
table 1 : explain SELECT DISTINCT c FROM sbtest1 WHERE id BETWEEN 3130353 AND 3130362 ORDER BY c
	Unique  (cost=39.87..39.92 rows=9 width=121)
	  ->  Sort  (cost=39.87..39.89 rows=9 width=121)
	        Sort Key: c
	        ->  Index Scan using sbtest1_pkey on sbtest1  (cost=0.43..39.73 rows=9 width=121)
	              Index Cond: ((id >= 3130353) AND (id <= 3130362))

table 2 : explain SELECT DISTINCT c FROM sbtest2 WHERE id BETWEEN 4123153 AND 4123162 ORDER BY c
	Unique  (cost=43.79..43.84 rows=10 width=121)
	  ->  Sort  (cost=43.79..43.81 rows=10 width=121)
	        Sort Key: c
	        ->  Index Scan using sbtest2_pkey on sbtest2  (cost=0.43..43.62 rows=10 width=121)
	              Index Cond: ((id >= 4123153) AND (id <= 4123162))

table 3 : explain SELECT DISTINCT c FROM sbtest3 WHERE id BETWEEN 7337437 AND 7337446 ORDER BY c
	Unique  (cost=39.93..39.98 rows=9 width=121)
	  ->  Sort  (cost=39.93..39.95 rows=9 width=121)
	        Sort Key: c
	        ->  Index Scan using sbtest3_pkey on sbtest3  (cost=0.43..39.79 rows=9 width=121)
	              Index Cond: ((id >= 7337437) AND (id <= 7337446))

table 4 : explain SELECT DISTINCT c FROM sbtest4 WHERE id BETWEEN 6017331 AND 6017340 ORDER BY c
	Unique  (cost=39.96..40.00 rows=9 width=121)
	  ->  Sort  (cost=39.96..39.98 rows=9 width=121)
	        Sort Key: c
	        ->  Index Scan using sbtest4_pkey on sbtest4  (cost=0.43..39.82 rows=9 width=121)
	              Index Cond: ((id >= 6017331) AND (id <= 6017340))

table 5 : explain SELECT DISTINCT c FROM sbtest5 WHERE id BETWEEN 977825 AND 977834 ORDER BY c
	Unique  (cost=43.92..43.97 rows=10 width=121)
	  ->  Sort  (cost=43.92..43.95 rows=10 width=121)
	        Sort Key: c
	        ->  Index Scan using sbtest5_pkey on sbtest5  (cost=0.43..43.75 rows=10 width=121)
	              Index Cond: ((id >= 977825) AND (id <= 977834))

table 6 : explain SELECT DISTINCT c FROM sbtest6 WHERE id BETWEEN 7517110 AND 7517119 ORDER BY c
	Unique  (cost=43.88..43.93 rows=10 width=121)
	  ->  Sort  (cost=43.88..43.91 rows=10 width=121)
	        Sort Key: c
	        ->  Index Scan using sbtest6_pkey on sbtest6  (cost=0.43..43.72 rows=10 width=121)
	              Index Cond: ((id >= 7517110) AND (id <= 7517119))

table 7 : explain SELECT DISTINCT c FROM sbtest7 WHERE id BETWEEN 798899 AND 798908 ORDER BY c
	Unique  (cost=39.93..39.97 rows=9 width=121)
	  ->  Sort  (cost=39.93..39.95 rows=9 width=121)
	        Sort Key: c
	        ->  Index Scan using sbtest7_pkey on sbtest7  (cost=0.43..39.78 rows=9 width=121)
	              Index Cond: ((id >= 798899) AND (id <= 798908))

table 8 : explain SELECT DISTINCT c FROM sbtest8 WHERE id BETWEEN 9124428 AND 9124437 ORDER BY c
	Unique  (cost=43.92..43.97 rows=10 width=121)
	  ->  Sort  (cost=43.92..43.95 rows=10 width=121)
	        Sort Key: c
	        ->  Index Scan using sbtest8_pkey on sbtest8  (cost=0.43..43.76 rows=10 width=121)
	              Index Cond: ((id >= 9124428) AND (id <= 9124437))

for: distinct_ranges
table 1 : explain SELECT DISTINCT c FROM sbtest1 WHERE id BETWEEN 2537320 AND 2537329 ORDER BY c
	Unique  (cost=43.80..43.85 rows=10 width=121)
	  ->  Sort  (cost=43.80..43.83 rows=10 width=121)
	        Sort Key: c
	        ->  Index Scan using sbtest1_pkey on sbtest1  (cost=0.43..43.64 rows=10 width=121)
	              Index Cond: ((id >= 2537320) AND (id <= 2537329))

table 2 : explain SELECT DISTINCT c FROM sbtest2 WHERE id BETWEEN 5712021 AND 5712030 ORDER BY c
	Unique  (cost=47.72..47.78 rows=11 width=121)
	  ->  Sort  (cost=47.72..47.75 rows=11 width=121)
	        Sort Key: c
	        ->  Index Scan using sbtest2_pkey on sbtest2  (cost=0.43..47.53 rows=11 width=121)
	              Index Cond: ((id >= 5712021) AND (id <= 5712030))

table 3 : explain SELECT DISTINCT c FROM sbtest3 WHERE id BETWEEN 1300688 AND 1300697 ORDER BY c
	Unique  (cost=43.87..43.92 rows=10 width=121)
	  ->  Sort  (cost=43.87..43.90 rows=10 width=121)
	        Sort Key: c
	        ->  Index Scan using sbtest3_pkey on sbtest3  (cost=0.43..43.70 rows=10 width=121)
	              Index Cond: ((id >= 1300688) AND (id <= 1300697))

table 4 : explain SELECT DISTINCT c FROM sbtest4 WHERE id BETWEEN 8705690 AND 8705699 ORDER BY c
	Unique  (cost=43.90..43.95 rows=10 width=121)
	  ->  Sort  (cost=43.90..43.93 rows=10 width=121)
	        Sort Key: c
	        ->  Index Scan using sbtest4_pkey on sbtest4  (cost=0.43..43.74 rows=10 width=121)
	              Index Cond: ((id >= 8705690) AND (id <= 8705699))

table 5 : explain SELECT DISTINCT c FROM sbtest5 WHERE id BETWEEN 1159415 AND 1159424 ORDER BY c
	Unique  (cost=43.92..43.97 rows=10 width=121)
	  ->  Sort  (cost=43.92..43.95 rows=10 width=121)
	        Sort Key: c
	        ->  Index Scan using sbtest5_pkey on sbtest5  (cost=0.43..43.75 rows=10 width=121)
	              Index Cond: ((id >= 1159415) AND (id <= 1159424))

table 6 : explain SELECT DISTINCT c FROM sbtest6 WHERE id BETWEEN 6136126 AND 6136135 ORDER BY c
	Unique  (cost=39.94..39.99 rows=9 width=121)
	  ->  Sort  (cost=39.94..39.96 rows=9 width=121)
	        Sort Key: c
	        ->  Index Scan using sbtest6_pkey on sbtest6  (cost=0.43..39.80 rows=9 width=121)
	              Index Cond: ((id >= 6136126) AND (id <= 6136135))

table 7 : explain SELECT DISTINCT c FROM sbtest7 WHERE id BETWEEN 2382361 AND 2382370 ORDER BY c
	Unique  (cost=43.87..43.92 rows=10 width=121)
	  ->  Sort  (cost=43.87..43.89 rows=10 width=121)
	        Sort Key: c
	        ->  Index Scan using sbtest7_pkey on sbtest7  (cost=0.43..43.70 rows=10 width=121)
	              Index Cond: ((id >= 2382361) AND (id <= 2382370))

table 8 : explain SELECT DISTINCT c FROM sbtest8 WHERE id BETWEEN 1852422 AND 1852431 ORDER BY c
	Unique  (cost=43.92..43.97 rows=10 width=121)
	  ->  Sort  (cost=43.92..43.95 rows=10 width=121)
	        Sort Key: c
	        ->  Index Scan using sbtest8_pkey on sbtest8  (cost=0.43..43.76 rows=10 width=121)
	              Index Cond: ((id >= 1852422) AND (id <= 1852431))

for: distinct_ranges
table 1 : explain SELECT DISTINCT c FROM sbtest1 WHERE id BETWEEN 1523203 AND 1523212 ORDER BY c
	Unique  (cost=43.80..43.85 rows=10 width=121)
	  ->  Sort  (cost=43.80..43.83 rows=10 width=121)
	        Sort Key: c
	        ->  Index Scan using sbtest1_pkey on sbtest1  (cost=0.43..43.64 rows=10 width=121)
	              Index Cond: ((id >= 1523203) AND (id <= 1523212))

table 2 : explain SELECT DISTINCT c FROM sbtest2 WHERE id BETWEEN 6116336 AND 6116345 ORDER BY c
	Unique  (cost=43.79..43.84 rows=10 width=121)
	  ->  Sort  (cost=43.79..43.81 rows=10 width=121)
	        Sort Key: c
	        ->  Index Scan using sbtest2_pkey on sbtest2  (cost=0.43..43.62 rows=10 width=121)
	              Index Cond: ((id >= 6116336) AND (id <= 6116345))

table 3 : explain SELECT DISTINCT c FROM sbtest3 WHERE id BETWEEN 3273422 AND 3273431 ORDER BY c
	Unique  (cost=47.81..47.87 rows=11 width=121)
	  ->  Sort  (cost=47.81..47.84 rows=11 width=121)
	        Sort Key: c
	        ->  Index Scan using sbtest3_pkey on sbtest3  (cost=0.43..47.62 rows=11 width=121)
	              Index Cond: ((id >= 3273422) AND (id <= 3273431))

table 4 : explain SELECT DISTINCT c FROM sbtest4 WHERE id BETWEEN 6525806 AND 6525815 ORDER BY c
	Unique  (cost=43.90..43.95 rows=10 width=121)
	  ->  Sort  (cost=43.90..43.93 rows=10 width=121)
	        Sort Key: c
	        ->  Index Scan using sbtest4_pkey on sbtest4  (cost=0.43..43.74 rows=10 width=121)
	              Index Cond: ((id >= 6525806) AND (id <= 6525815))

table 5 : explain SELECT DISTINCT c FROM sbtest5 WHERE id BETWEEN 9032039 AND 9032048 ORDER BY c
	Unique  (cost=47.87..47.92 rows=11 width=121)
	  ->  Sort  (cost=47.87..47.89 rows=11 width=121)
	        Sort Key: c
	        ->  Index Scan using sbtest5_pkey on sbtest5  (cost=0.43..47.68 rows=11 width=121)
	              Index Cond: ((id >= 9032039) AND (id <= 9032048))

table 6 : explain SELECT DISTINCT c FROM sbtest6 WHERE id BETWEEN 5780770 AND 5780779 ORDER BY c
	Unique  (cost=47.83..47.88 rows=11 width=121)
	  ->  Sort  (cost=47.83..47.85 rows=11 width=121)
	        Sort Key: c
	        ->  Index Scan using sbtest6_pkey on sbtest6  (cost=0.43..47.64 rows=11 width=121)
	              Index Cond: ((id >= 5780770) AND (id <= 5780779))

table 7 : explain SELECT DISTINCT c FROM sbtest7 WHERE id BETWEEN 5121342 AND 5121351 ORDER BY c
	Unique  (cost=43.87..43.92 rows=10 width=121)
	  ->  Sort  (cost=43.87..43.89 rows=10 width=121)
	        Sort Key: c
	        ->  Index Scan using sbtest7_pkey on sbtest7  (cost=0.43..43.70 rows=10 width=121)
	              Index Cond: ((id >= 5121342) AND (id <= 5121351))

table 8 : explain SELECT DISTINCT c FROM sbtest8 WHERE id BETWEEN 6689274 AND 6689283 ORDER BY c
	Unique  (cost=47.87..47.92 rows=11 width=121)
	  ->  Sort  (cost=47.87..47.90 rows=11 width=121)
	        Sort Key: c
	        ->  Index Scan using sbtest8_pkey on sbtest8  (cost=0.43..47.68 rows=11 width=121)
	              Index Cond: ((id >= 6689274) AND (id <= 6689283))

for: distinct_ranges
table 1 : explain SELECT DISTINCT c FROM sbtest1 WHERE id BETWEEN 7298327 AND 7298336 ORDER BY c
	Unique  (cost=39.87..39.92 rows=9 width=121)
	  ->  Sort  (cost=39.87..39.89 rows=9 width=121)
	        Sort Key: c
	        ->  Index Scan using sbtest1_pkey on sbtest1  (cost=0.43..39.73 rows=9 width=121)
	              Index Cond: ((id >= 7298327) AND (id <= 7298336))

table 2 : explain SELECT DISTINCT c FROM sbtest2 WHERE id BETWEEN 3224078 AND 3224087 ORDER BY c
	Unique  (cost=43.79..43.84 rows=10 width=121)
	  ->  Sort  (cost=43.79..43.81 rows=10 width=121)
	        Sort Key: c
	        ->  Index Scan using sbtest2_pkey on sbtest2  (cost=0.43..43.62 rows=10 width=121)
	              Index Cond: ((id >= 3224078) AND (id <= 3224087))

table 3 : explain SELECT DISTINCT c FROM sbtest3 WHERE id BETWEEN 5385585 AND 5385594 ORDER BY c
	Unique  (cost=43.87..43.92 rows=10 width=121)
	  ->  Sort  (cost=43.87..43.90 rows=10 width=121)
	        Sort Key: c
	        ->  Index Scan using sbtest3_pkey on sbtest3  (cost=0.43..43.70 rows=10 width=121)
	              Index Cond: ((id >= 5385585) AND (id <= 5385594))

table 4 : explain SELECT DISTINCT c FROM sbtest4 WHERE id BETWEEN 6285679 AND 6285688 ORDER BY c
	Unique  (cost=39.96..40.00 rows=9 width=121)
	  ->  Sort  (cost=39.96..39.98 rows=9 width=121)
	        Sort Key: c
	        ->  Index Scan using sbtest4_pkey on sbtest4  (cost=0.43..39.82 rows=9 width=121)
	              Index Cond: ((id >= 6285679) AND (id <= 6285688))

table 5 : explain SELECT DISTINCT c FROM sbtest5 WHERE id BETWEEN 3573392 AND 3573401 ORDER BY c
	Unique  (cost=47.87..47.92 rows=11 width=121)
	  ->  Sort  (cost=47.87..47.89 rows=11 width=121)
	        Sort Key: c
	        ->  Index Scan using sbtest5_pkey on sbtest5  (cost=0.43..47.68 rows=11 width=121)
	              Index Cond: ((id >= 3573392) AND (id <= 3573401))

table 6 : explain SELECT DISTINCT c FROM sbtest6 WHERE id BETWEEN 9093080 AND 9093089 ORDER BY c
	Unique  (cost=39.94..39.99 rows=9 width=121)
	  ->  Sort  (cost=39.94..39.96 rows=9 width=121)
	        Sort Key: c
	        ->  Index Scan using sbtest6_pkey on sbtest6  (cost=0.43..39.80 rows=9 width=121)
	              Index Cond: ((id >= 9093080) AND (id <= 9093089))

table 7 : explain SELECT DISTINCT c FROM sbtest7 WHERE id BETWEEN 6550154 AND 6550163 ORDER BY c
	Unique  (cost=43.87..43.92 rows=10 width=121)
	  ->  Sort  (cost=43.87..43.89 rows=10 width=121)
	        Sort Key: c
	        ->  Index Scan using sbtest7_pkey on sbtest7  (cost=0.43..43.70 rows=10 width=121)
	              Index Cond: ((id >= 6550154) AND (id <= 6550163))

table 8 : explain SELECT DISTINCT c FROM sbtest8 WHERE id BETWEEN 7019553 AND 7019562 ORDER BY c
	Unique  (cost=47.87..47.92 rows=11 width=121)
	  ->  Sort  (cost=47.87..47.90 rows=11 width=121)
	        Sort Key: c
	        ->  Index Scan using sbtest8_pkey on sbtest8  (cost=0.43..47.68 rows=11 width=121)
	              Index Cond: ((id >= 7019553) AND (id <= 7019562))

for: distinct_ranges
table 1 : explain SELECT DISTINCT c FROM sbtest1 WHERE id BETWEEN 4136049 AND 4136058 ORDER BY c
	Unique  (cost=43.80..43.85 rows=10 width=121)
	  ->  Sort  (cost=43.80..43.83 rows=10 width=121)
	        Sort Key: c
	        ->  Index Scan using sbtest1_pkey on sbtest1  (cost=0.43..43.64 rows=10 width=121)
	              Index Cond: ((id >= 4136049) AND (id <= 4136058))

table 2 : explain SELECT DISTINCT c FROM sbtest2 WHERE id BETWEEN 7477126 AND 7477135 ORDER BY c
	Unique  (cost=39.86..39.90 rows=9 width=121)
	  ->  Sort  (cost=39.86..39.88 rows=9 width=121)
	        Sort Key: c
	        ->  Index Scan using sbtest2_pkey on sbtest2  (cost=0.43..39.71 rows=9 width=121)
	              Index Cond: ((id >= 7477126) AND (id <= 7477135))

table 3 : explain SELECT DISTINCT c FROM sbtest3 WHERE id BETWEEN 414692 AND 414701 ORDER BY c
	Unique  (cost=43.87..43.92 rows=10 width=121)
	  ->  Sort  (cost=43.87..43.90 rows=10 width=121)
	        Sort Key: c
	        ->  Index Scan using sbtest3_pkey on sbtest3  (cost=0.43..43.70 rows=10 width=121)
	              Index Cond: ((id >= 414692) AND (id <= 414701))

table 4 : explain SELECT DISTINCT c FROM sbtest4 WHERE id BETWEEN 3593344 AND 3593353 ORDER BY c
	Unique  (cost=43.90..43.95 rows=10 width=121)
	  ->  Sort  (cost=43.90..43.93 rows=10 width=121)
	        Sort Key: c
	        ->  Index Scan using sbtest4_pkey on sbtest4  (cost=0.43..43.74 rows=10 width=121)
	              Index Cond: ((id >= 3593344) AND (id <= 3593353))

table 5 : explain SELECT DISTINCT c FROM sbtest5 WHERE id BETWEEN 2642584 AND 2642593 ORDER BY c
	Unique  (cost=43.92..43.97 rows=10 width=121)
	  ->  Sort  (cost=43.92..43.95 rows=10 width=121)
	        Sort Key: c
	        ->  Index Scan using sbtest5_pkey on sbtest5  (cost=0.43..43.75 rows=10 width=121)
	              Index Cond: ((id >= 2642584) AND (id <= 2642593))

table 6 : explain SELECT DISTINCT c FROM sbtest6 WHERE id BETWEEN 1390893 AND 1390902 ORDER BY c
	Unique  (cost=43.88..43.93 rows=10 width=121)
	  ->  Sort  (cost=43.88..43.91 rows=10 width=121)
	        Sort Key: c
	        ->  Index Scan using sbtest6_pkey on sbtest6  (cost=0.43..43.72 rows=10 width=121)
	              Index Cond: ((id >= 1390893) AND (id <= 1390902))

table 7 : explain SELECT DISTINCT c FROM sbtest7 WHERE id BETWEEN 566677 AND 566686 ORDER BY c
	Unique  (cost=51.75..51.81 rows=12 width=121)
	  ->  Sort  (cost=51.75..51.78 rows=12 width=121)
	        Sort Key: c
	        ->  Index Scan using sbtest7_pkey on sbtest7  (cost=0.43..51.53 rows=12 width=121)
	              Index Cond: ((id >= 566677) AND (id <= 566686))

table 8 : explain SELECT DISTINCT c FROM sbtest8 WHERE id BETWEEN 2824064 AND 2824073 ORDER BY c
	Unique  (cost=43.92..43.97 rows=10 width=121)
	  ->  Sort  (cost=43.92..43.95 rows=10 width=121)
	        Sort Key: c
	        ->  Index Scan using sbtest8_pkey on sbtest8  (cost=0.43..43.76 rows=10 width=121)
	              Index Cond: ((id >= 2824064) AND (id <= 2824073))

for: distinct_ranges
table 1 : explain SELECT DISTINCT c FROM sbtest1 WHERE id BETWEEN 7433946 AND 7433955 ORDER BY c
	Unique  (cost=43.80..43.85 rows=10 width=121)
	  ->  Sort  (cost=43.80..43.83 rows=10 width=121)
	        Sort Key: c
	        ->  Index Scan using sbtest1_pkey on sbtest1  (cost=0.43..43.64 rows=10 width=121)
	              Index Cond: ((id >= 7433946) AND (id <= 7433955))

table 2 : explain SELECT DISTINCT c FROM sbtest2 WHERE id BETWEEN 2478394 AND 2478403 ORDER BY c
	Unique  (cost=39.86..39.90 rows=9 width=121)
	  ->  Sort  (cost=39.86..39.88 rows=9 width=121)
	        Sort Key: c
	        ->  Index Scan using sbtest2_pkey on sbtest2  (cost=0.43..39.71 rows=9 width=121)
	              Index Cond: ((id >= 2478394) AND (id <= 2478403))

table 3 : explain SELECT DISTINCT c FROM sbtest3 WHERE id BETWEEN 1989534 AND 1989543 ORDER BY c
	Unique  (cost=43.87..43.92 rows=10 width=121)
	  ->  Sort  (cost=43.87..43.90 rows=10 width=121)
	        Sort Key: c
	        ->  Index Scan using sbtest3_pkey on sbtest3  (cost=0.43..43.70 rows=10 width=121)
	              Index Cond: ((id >= 1989534) AND (id <= 1989543))

table 4 : explain SELECT DISTINCT c FROM sbtest4 WHERE id BETWEEN 3900332 AND 3900341 ORDER BY c
	Unique  (cost=39.96..40.00 rows=9 width=121)
	  ->  Sort  (cost=39.96..39.98 rows=9 width=121)
	        Sort Key: c
	        ->  Index Scan using sbtest4_pkey on sbtest4  (cost=0.43..39.82 rows=9 width=121)
	              Index Cond: ((id >= 3900332) AND (id <= 3900341))

table 5 : explain SELECT DISTINCT c FROM sbtest5 WHERE id BETWEEN 2684983 AND 2684992 ORDER BY c
	Unique  (cost=43.92..43.97 rows=10 width=121)
	  ->  Sort  (cost=43.92..43.95 rows=10 width=121)
	        Sort Key: c
	        ->  Index Scan using sbtest5_pkey on sbtest5  (cost=0.43..43.75 rows=10 width=121)
	              Index Cond: ((id >= 2684983) AND (id <= 2684992))

table 6 : explain SELECT DISTINCT c FROM sbtest6 WHERE id BETWEEN 820851 AND 820860 ORDER BY c
	Unique  (cost=43.88..43.93 rows=10 width=121)
	  ->  Sort  (cost=43.88..43.91 rows=10 width=121)
	        Sort Key: c
	        ->  Index Scan using sbtest6_pkey on sbtest6  (cost=0.43..43.72 rows=10 width=121)
	              Index Cond: ((id >= 820851) AND (id <= 820860))

table 7 : explain SELECT DISTINCT c FROM sbtest7 WHERE id BETWEEN 6652523 AND 6652532 ORDER BY c
	Unique  (cost=39.93..39.97 rows=9 width=121)
	  ->  Sort  (cost=39.93..39.95 rows=9 width=121)
	        Sort Key: c
	        ->  Index Scan using sbtest7_pkey on sbtest7  (cost=0.43..39.78 rows=9 width=121)
	              Index Cond: ((id >= 6652523) AND (id <= 6652532))

table 8 : explain SELECT DISTINCT c FROM sbtest8 WHERE id BETWEEN 9798455 AND 9798464 ORDER BY c
	Unique  (cost=47.87..47.92 rows=11 width=121)
	  ->  Sort  (cost=47.87..47.90 rows=11 width=121)
	        Sort Key: c
	        ->  Index Scan using sbtest8_pkey on sbtest8  (cost=0.43..47.68 rows=11 width=121)
	              Index Cond: ((id >= 9798455) AND (id <= 9798464))

for: distinct_ranges
table 1 : explain SELECT DISTINCT c FROM sbtest1 WHERE id BETWEEN 1275733 AND 1275742 ORDER BY c
	Unique  (cost=43.80..43.85 rows=10 width=121)
	  ->  Sort  (cost=43.80..43.83 rows=10 width=121)
	        Sort Key: c
	        ->  Index Scan using sbtest1_pkey on sbtest1  (cost=0.43..43.64 rows=10 width=121)
	              Index Cond: ((id >= 1275733) AND (id <= 1275742))

table 2 : explain SELECT DISTINCT c FROM sbtest2 WHERE id BETWEEN 3308451 AND 3308460 ORDER BY c
	Unique  (cost=43.79..43.84 rows=10 width=121)
	  ->  Sort  (cost=43.79..43.81 rows=10 width=121)
	        Sort Key: c
	        ->  Index Scan using sbtest2_pkey on sbtest2  (cost=0.43..43.62 rows=10 width=121)
	              Index Cond: ((id >= 3308451) AND (id <= 3308460))

table 3 : explain SELECT DISTINCT c FROM sbtest3 WHERE id BETWEEN 8523213 AND 8523222 ORDER BY c
	Unique  (cost=47.81..47.87 rows=11 width=121)
	  ->  Sort  (cost=47.81..47.84 rows=11 width=121)
	        Sort Key: c
	        ->  Index Scan using sbtest3_pkey on sbtest3  (cost=0.43..47.62 rows=11 width=121)
	              Index Cond: ((id >= 8523213) AND (id <= 8523222))

table 4 : explain SELECT DISTINCT c FROM sbtest4 WHERE id BETWEEN 2955848 AND 2955857 ORDER BY c
	Unique  (cost=47.85..47.90 rows=11 width=121)
	  ->  Sort  (cost=47.85..47.87 rows=11 width=121)
	        Sort Key: c
	        ->  Index Scan using sbtest4_pkey on sbtest4  (cost=0.43..47.66 rows=11 width=121)
	              Index Cond: ((id >= 2955848) AND (id <= 2955857))

table 5 : explain SELECT DISTINCT c FROM sbtest5 WHERE id BETWEEN 1850460 AND 1850469 ORDER BY c
	Unique  (cost=39.98..40.02 rows=9 width=121)
	  ->  Sort  (cost=39.98..40.00 rows=9 width=121)
	        Sort Key: c
	        ->  Index Scan using sbtest5_pkey on sbtest5  (cost=0.43..39.83 rows=9 width=121)
	              Index Cond: ((id >= 1850460) AND (id <= 1850469))

table 6 : explain SELECT DISTINCT c FROM sbtest6 WHERE id BETWEEN 1292973 AND 1292982 ORDER BY c
	Unique  (cost=43.88..43.93 rows=10 width=121)
	  ->  Sort  (cost=43.88..43.91 rows=10 width=121)
	        Sort Key: c
	        ->  Index Scan using sbtest6_pkey on sbtest6  (cost=0.43..43.72 rows=10 width=121)
	              Index Cond: ((id >= 1292973) AND (id <= 1292982))

table 7 : explain SELECT DISTINCT c FROM sbtest7 WHERE id BETWEEN 2070212 AND 2070221 ORDER BY c
	Unique  (cost=43.87..43.92 rows=10 width=121)
	  ->  Sort  (cost=43.87..43.89 rows=10 width=121)
	        Sort Key: c
	        ->  Index Scan using sbtest7_pkey on sbtest7  (cost=0.43..43.70 rows=10 width=121)
	              Index Cond: ((id >= 2070212) AND (id <= 2070221))

table 8 : explain SELECT DISTINCT c FROM sbtest8 WHERE id BETWEEN 1227449 AND 1227458 ORDER BY c
	Unique  (cost=43.92..43.97 rows=10 width=121)
	  ->  Sort  (cost=43.92..43.95 rows=10 width=121)
	        Sort Key: c
	        ->  Index Scan using sbtest8_pkey on sbtest8  (cost=0.43..43.76 rows=10 width=121)
	              Index Cond: ((id >= 1227449) AND (id <= 1227458))

for: distinct_ranges
table 1 : explain SELECT DISTINCT c FROM sbtest1 WHERE id BETWEEN 8159413 AND 8159422 ORDER BY c
	Unique  (cost=43.80..43.85 rows=10 width=121)
	  ->  Sort  (cost=43.80..43.83 rows=10 width=121)
	        Sort Key: c
	        ->  Index Scan using sbtest1_pkey on sbtest1  (cost=0.43..43.64 rows=10 width=121)
	              Index Cond: ((id >= 8159413) AND (id <= 8159422))

table 2 : explain SELECT DISTINCT c FROM sbtest2 WHERE id BETWEEN 2188408 AND 2188417 ORDER BY c
	Unique  (cost=43.79..43.84 rows=10 width=121)
	  ->  Sort  (cost=43.79..43.81 rows=10 width=121)
	        Sort Key: c
	        ->  Index Scan using sbtest2_pkey on sbtest2  (cost=0.43..43.62 rows=10 width=121)
	              Index Cond: ((id >= 2188408) AND (id <= 2188417))

table 3 : explain SELECT DISTINCT c FROM sbtest3 WHERE id BETWEEN 5902969 AND 5902978 ORDER BY c
	Unique  (cost=43.87..43.92 rows=10 width=121)
	  ->  Sort  (cost=43.87..43.90 rows=10 width=121)
	        Sort Key: c
	        ->  Index Scan using sbtest3_pkey on sbtest3  (cost=0.43..43.70 rows=10 width=121)
	              Index Cond: ((id >= 5902969) AND (id <= 5902978))

table 4 : explain SELECT DISTINCT c FROM sbtest4 WHERE id BETWEEN 5635001 AND 5635010 ORDER BY c
	Unique  (cost=43.90..43.95 rows=10 width=121)
	  ->  Sort  (cost=43.90..43.93 rows=10 width=121)
	        Sort Key: c
	        ->  Index Scan using sbtest4_pkey on sbtest4  (cost=0.43..43.74 rows=10 width=121)
	              Index Cond: ((id >= 5635001) AND (id <= 5635010))

table 5 : explain SELECT DISTINCT c FROM sbtest5 WHERE id BETWEEN 1749238 AND 1749247 ORDER BY c
	Unique  (cost=43.92..43.97 rows=10 width=121)
	  ->  Sort  (cost=43.92..43.95 rows=10 width=121)
	        Sort Key: c
	        ->  Index Scan using sbtest5_pkey on sbtest5  (cost=0.43..43.75 rows=10 width=121)
	              Index Cond: ((id >= 1749238) AND (id <= 1749247))

table 6 : explain SELECT DISTINCT c FROM sbtest6 WHERE id BETWEEN 1763608 AND 1763617 ORDER BY c
	Unique  (cost=43.88..43.93 rows=10 width=121)
	  ->  Sort  (cost=43.88..43.91 rows=10 width=121)
	        Sort Key: c
	        ->  Index Scan using sbtest6_pkey on sbtest6  (cost=0.43..43.72 rows=10 width=121)
	              Index Cond: ((id >= 1763608) AND (id <= 1763617))

table 7 : explain SELECT DISTINCT c FROM sbtest7 WHERE id BETWEEN 2462390 AND 2462399 ORDER BY c
	Unique  (cost=43.87..43.92 rows=10 width=121)
	  ->  Sort  (cost=43.87..43.89 rows=10 width=121)
	        Sort Key: c
	        ->  Index Scan using sbtest7_pkey on sbtest7  (cost=0.43..43.70 rows=10 width=121)
	              Index Cond: ((id >= 2462390) AND (id <= 2462399))

table 8 : explain SELECT DISTINCT c FROM sbtest8 WHERE id BETWEEN 4685221 AND 4685230 ORDER BY c
	Unique  (cost=39.98..40.02 rows=9 width=121)
	  ->  Sort  (cost=39.98..40.00 rows=9 width=121)
	        Sort Key: c
	        ->  Index Scan using sbtest8_pkey on sbtest8  (cost=0.43..39.83 rows=9 width=121)
	              Index Cond: ((id >= 4685221) AND (id <= 4685230))

for: distinct_ranges
table 1 : explain SELECT DISTINCT c FROM sbtest1 WHERE id BETWEEN 4750745 AND 4750754 ORDER BY c
	Unique  (cost=43.80..43.85 rows=10 width=121)
	  ->  Sort  (cost=43.80..43.83 rows=10 width=121)
	        Sort Key: c
	        ->  Index Scan using sbtest1_pkey on sbtest1  (cost=0.43..43.64 rows=10 width=121)
	              Index Cond: ((id >= 4750745) AND (id <= 4750754))

table 2 : explain SELECT DISTINCT c FROM sbtest2 WHERE id BETWEEN 675123 AND 675132 ORDER BY c
	Unique  (cost=43.79..43.84 rows=10 width=121)
	  ->  Sort  (cost=43.79..43.81 rows=10 width=121)
	        Sort Key: c
	        ->  Index Scan using sbtest2_pkey on sbtest2  (cost=0.43..43.62 rows=10 width=121)
	              Index Cond: ((id >= 675123) AND (id <= 675132))

table 3 : explain SELECT DISTINCT c FROM sbtest3 WHERE id BETWEEN 420537 AND 420546 ORDER BY c
	Unique  (cost=43.87..43.92 rows=10 width=121)
	  ->  Sort  (cost=43.87..43.90 rows=10 width=121)
	        Sort Key: c
	        ->  Index Scan using sbtest3_pkey on sbtest3  (cost=0.43..43.70 rows=10 width=121)
	              Index Cond: ((id >= 420537) AND (id <= 420546))

table 4 : explain SELECT DISTINCT c FROM sbtest4 WHERE id BETWEEN 6837488 AND 6837497 ORDER BY c
	Unique  (cost=43.90..43.95 rows=10 width=121)
	  ->  Sort  (cost=43.90..43.93 rows=10 width=121)
	        Sort Key: c
	        ->  Index Scan using sbtest4_pkey on sbtest4  (cost=0.43..43.74 rows=10 width=121)
	              Index Cond: ((id >= 6837488) AND (id <= 6837497))

table 5 : explain SELECT DISTINCT c FROM sbtest5 WHERE id BETWEEN 6233566 AND 6233575 ORDER BY c
	Unique  (cost=43.92..43.97 rows=10 width=121)
	  ->  Sort  (cost=43.92..43.95 rows=10 width=121)
	        Sort Key: c
	        ->  Index Scan using sbtest5_pkey on sbtest5  (cost=0.43..43.75 rows=10 width=121)
	              Index Cond: ((id >= 6233566) AND (id <= 6233575))

table 6 : explain SELECT DISTINCT c FROM sbtest6 WHERE id BETWEEN 3309298 AND 3309307 ORDER BY c
	Unique  (cost=43.88..43.93 rows=10 width=121)
	  ->  Sort  (cost=43.88..43.91 rows=10 width=121)
	        Sort Key: c
	        ->  Index Scan using sbtest6_pkey on sbtest6  (cost=0.43..43.72 rows=10 width=121)
	              Index Cond: ((id >= 3309298) AND (id <= 3309307))

table 7 : explain SELECT DISTINCT c FROM sbtest7 WHERE id BETWEEN 2223618 AND 2223627 ORDER BY c
	Unique  (cost=43.87..43.92 rows=10 width=121)
	  ->  Sort  (cost=43.87..43.89 rows=10 width=121)
	        Sort Key: c
	        ->  Index Scan using sbtest7_pkey on sbtest7  (cost=0.43..43.70 rows=10 width=121)
	              Index Cond: ((id >= 2223618) AND (id <= 2223627))

table 8 : explain SELECT DISTINCT c FROM sbtest8 WHERE id BETWEEN 3845539 AND 3845548 ORDER BY c
	Unique  (cost=47.87..47.92 rows=11 width=121)
	  ->  Sort  (cost=47.87..47.90 rows=11 width=121)
	        Sort Key: c
	        ->  Index Scan using sbtest8_pkey on sbtest8  (cost=0.43..47.68 rows=11 width=121)
	              Index Cond: ((id >= 3845539) AND (id <= 3845548))

for: distinct_ranges
table 1 : explain SELECT DISTINCT c FROM sbtest1 WHERE id BETWEEN 3485858 AND 3485867 ORDER BY c
	Unique  (cost=43.80..43.85 rows=10 width=121)
	  ->  Sort  (cost=43.80..43.83 rows=10 width=121)
	        Sort Key: c
	        ->  Index Scan using sbtest1_pkey on sbtest1  (cost=0.43..43.64 rows=10 width=121)
	              Index Cond: ((id >= 3485858) AND (id <= 3485867))

table 2 : explain SELECT DISTINCT c FROM sbtest2 WHERE id BETWEEN 1568647 AND 1568656 ORDER BY c
	Unique  (cost=43.79..43.84 rows=10 width=121)
	  ->  Sort  (cost=43.79..43.81 rows=10 width=121)
	        Sort Key: c
	        ->  Index Scan using sbtest2_pkey on sbtest2  (cost=0.43..43.62 rows=10 width=121)
	              Index Cond: ((id >= 1568647) AND (id <= 1568656))

table 3 : explain SELECT DISTINCT c FROM sbtest3 WHERE id BETWEEN 1723097 AND 1723106 ORDER BY c
	Unique  (cost=39.93..39.98 rows=9 width=121)
	  ->  Sort  (cost=39.93..39.95 rows=9 width=121)
	        Sort Key: c
	        ->  Index Scan using sbtest3_pkey on sbtest3  (cost=0.43..39.79 rows=9 width=121)
	              Index Cond: ((id >= 1723097) AND (id <= 1723106))

table 4 : explain SELECT DISTINCT c FROM sbtest4 WHERE id BETWEEN 8600767 AND 8600776 ORDER BY c
	Unique  (cost=43.90..43.95 rows=10 width=121)
	  ->  Sort  (cost=43.90..43.93 rows=10 width=121)
	        Sort Key: c
	        ->  Index Scan using sbtest4_pkey on sbtest4  (cost=0.43..43.74 rows=10 width=121)
	              Index Cond: ((id >= 8600767) AND (id <= 8600776))

table 5 : explain SELECT DISTINCT c FROM sbtest5 WHERE id BETWEEN 8361549 AND 8361558 ORDER BY c
	Unique  (cost=39.98..40.02 rows=9 width=121)
	  ->  Sort  (cost=39.98..40.00 rows=9 width=121)
	        Sort Key: c
	        ->  Index Scan using sbtest5_pkey on sbtest5  (cost=0.43..39.83 rows=9 width=121)
	              Index Cond: ((id >= 8361549) AND (id <= 8361558))

table 6 : explain SELECT DISTINCT c FROM sbtest6 WHERE id BETWEEN 7951275 AND 7951284 ORDER BY c
	Unique  (cost=43.88..43.93 rows=10 width=121)
	  ->  Sort  (cost=43.88..43.91 rows=10 width=121)
	        Sort Key: c
	        ->  Index Scan using sbtest6_pkey on sbtest6  (cost=0.43..43.72 rows=10 width=121)
	              Index Cond: ((id >= 7951275) AND (id <= 7951284))

table 7 : explain SELECT DISTINCT c FROM sbtest7 WHERE id BETWEEN 3703336 AND 3703345 ORDER BY c
	Unique  (cost=43.87..43.92 rows=10 width=121)
	  ->  Sort  (cost=43.87..43.89 rows=10 width=121)
	        Sort Key: c
	        ->  Index Scan using sbtest7_pkey on sbtest7  (cost=0.43..43.70 rows=10 width=121)
	              Index Cond: ((id >= 3703336) AND (id <= 3703345))

table 8 : explain SELECT DISTINCT c FROM sbtest8 WHERE id BETWEEN 347588 AND 347597 ORDER BY c
	Unique  (cost=39.98..40.02 rows=9 width=121)
	  ->  Sort  (cost=39.98..40.00 rows=9 width=121)
	        Sort Key: c
	        ->  Index Scan using sbtest8_pkey on sbtest8  (cost=0.43..39.83 rows=9 width=121)
	              Index Cond: ((id >= 347588) AND (id <= 347597))

for: distinct_ranges
table 1 : explain SELECT DISTINCT c FROM sbtest1 WHERE id BETWEEN 3161000 AND 3161009 ORDER BY c
	Unique  (cost=39.87..39.92 rows=9 width=121)
	  ->  Sort  (cost=39.87..39.89 rows=9 width=121)
	        Sort Key: c
	        ->  Index Scan using sbtest1_pkey on sbtest1  (cost=0.43..39.73 rows=9 width=121)
	              Index Cond: ((id >= 3161000) AND (id <= 3161009))

table 2 : explain SELECT DISTINCT c FROM sbtest2 WHERE id BETWEEN 6584871 AND 6584880 ORDER BY c
	Unique  (cost=47.72..47.78 rows=11 width=121)
	  ->  Sort  (cost=47.72..47.75 rows=11 width=121)
	        Sort Key: c
	        ->  Index Scan using sbtest2_pkey on sbtest2  (cost=0.43..47.53 rows=11 width=121)
	              Index Cond: ((id >= 6584871) AND (id <= 6584880))

table 3 : explain SELECT DISTINCT c FROM sbtest3 WHERE id BETWEEN 6806994 AND 6807003 ORDER BY c
	Unique  (cost=43.87..43.92 rows=10 width=121)
	  ->  Sort  (cost=43.87..43.90 rows=10 width=121)
	        Sort Key: c
	        ->  Index Scan using sbtest3_pkey on sbtest3  (cost=0.43..43.70 rows=10 width=121)
	              Index Cond: ((id >= 6806994) AND (id <= 6807003))

table 4 : explain SELECT DISTINCT c FROM sbtest4 WHERE id BETWEEN 5358229 AND 5358238 ORDER BY c
	Unique  (cost=43.90..43.95 rows=10 width=121)
	  ->  Sort  (cost=43.90..43.93 rows=10 width=121)
	        Sort Key: c
	        ->  Index Scan using sbtest4_pkey on sbtest4  (cost=0.43..43.74 rows=10 width=121)
	              Index Cond: ((id >= 5358229) AND (id <= 5358238))

table 5 : explain SELECT DISTINCT c FROM sbtest5 WHERE id BETWEEN 6084387 AND 6084396 ORDER BY c
	Unique  (cost=43.92..43.97 rows=10 width=121)
	  ->  Sort  (cost=43.92..43.95 rows=10 width=121)
	        Sort Key: c
	        ->  Index Scan using sbtest5_pkey on sbtest5  (cost=0.43..43.75 rows=10 width=121)
	              Index Cond: ((id >= 6084387) AND (id <= 6084396))

table 6 : explain SELECT DISTINCT c FROM sbtest6 WHERE id BETWEEN 984339 AND 984348 ORDER BY c
	Unique  (cost=43.88..43.93 rows=10 width=121)
	  ->  Sort  (cost=43.88..43.91 rows=10 width=121)
	        Sort Key: c
	        ->  Index Scan using sbtest6_pkey on sbtest6  (cost=0.43..43.72 rows=10 width=121)
	              Index Cond: ((id >= 984339) AND (id <= 984348))

table 7 : explain SELECT DISTINCT c FROM sbtest7 WHERE id BETWEEN 8840848 AND 8840857 ORDER BY c
	Unique  (cost=43.87..43.92 rows=10 width=121)
	  ->  Sort  (cost=43.87..43.89 rows=10 width=121)
	        Sort Key: c
	        ->  Index Scan using sbtest7_pkey on sbtest7  (cost=0.43..43.70 rows=10 width=121)
	              Index Cond: ((id >= 8840848) AND (id <= 8840857))

table 8 : explain SELECT DISTINCT c FROM sbtest8 WHERE id BETWEEN 5115286 AND 5115295 ORDER BY c
	Unique  (cost=47.87..47.92 rows=11 width=121)
	  ->  Sort  (cost=47.87..47.90 rows=11 width=121)
	        Sort Key: c
	        ->  Index Scan using sbtest8_pkey on sbtest8  (cost=0.43..47.68 rows=11 width=121)
	              Index Cond: ((id >= 5115286) AND (id <= 5115295))

for: distinct_ranges
table 1 : explain SELECT DISTINCT c FROM sbtest1 WHERE id BETWEEN 1057294 AND 1057303 ORDER BY c
	Unique  (cost=43.80..43.85 rows=10 width=121)
	  ->  Sort  (cost=43.80..43.83 rows=10 width=121)
	        Sort Key: c
	        ->  Index Scan using sbtest1_pkey on sbtest1  (cost=0.43..43.64 rows=10 width=121)
	              Index Cond: ((id >= 1057294) AND (id <= 1057303))

table 2 : explain SELECT DISTINCT c FROM sbtest2 WHERE id BETWEEN 8270515 AND 8270524 ORDER BY c
	Unique  (cost=43.79..43.84 rows=10 width=121)
	  ->  Sort  (cost=43.79..43.81 rows=10 width=121)
	        Sort Key: c
	        ->  Index Scan using sbtest2_pkey on sbtest2  (cost=0.43..43.62 rows=10 width=121)
	              Index Cond: ((id >= 8270515) AND (id <= 8270524))

table 3 : explain SELECT DISTINCT c FROM sbtest3 WHERE id BETWEEN 7181659 AND 7181668 ORDER BY c
	Unique  (cost=43.87..43.92 rows=10 width=121)
	  ->  Sort  (cost=43.87..43.90 rows=10 width=121)
	        Sort Key: c
	        ->  Index Scan using sbtest3_pkey on sbtest3  (cost=0.43..43.70 rows=10 width=121)
	              Index Cond: ((id >= 7181659) AND (id <= 7181668))

table 4 : explain SELECT DISTINCT c FROM sbtest4 WHERE id BETWEEN 4471651 AND 4471660 ORDER BY c
	Unique  (cost=47.85..47.90 rows=11 width=121)
	  ->  Sort  (cost=47.85..47.87 rows=11 width=121)
	        Sort Key: c
	        ->  Index Scan using sbtest4_pkey on sbtest4  (cost=0.43..47.66 rows=11 width=121)
	              Index Cond: ((id >= 4471651) AND (id <= 4471660))

table 5 : explain SELECT DISTINCT c FROM sbtest5 WHERE id BETWEEN 4122680 AND 4122689 ORDER BY c
	Unique  (cost=43.92..43.97 rows=10 width=121)
	  ->  Sort  (cost=43.92..43.95 rows=10 width=121)
	        Sort Key: c
	        ->  Index Scan using sbtest5_pkey on sbtest5  (cost=0.43..43.75 rows=10 width=121)
	              Index Cond: ((id >= 4122680) AND (id <= 4122689))

table 6 : explain SELECT DISTINCT c FROM sbtest6 WHERE id BETWEEN 3860450 AND 3860459 ORDER BY c
	Unique  (cost=43.88..43.93 rows=10 width=121)
	  ->  Sort  (cost=43.88..43.91 rows=10 width=121)
	        Sort Key: c
	        ->  Index Scan using sbtest6_pkey on sbtest6  (cost=0.43..43.72 rows=10 width=121)
	              Index Cond: ((id >= 3860450) AND (id <= 3860459))

table 7 : explain SELECT DISTINCT c FROM sbtest7 WHERE id BETWEEN 4904343 AND 4904352 ORDER BY c
	Unique  (cost=39.93..39.97 rows=9 width=121)
	  ->  Sort  (cost=39.93..39.95 rows=9 width=121)
	        Sort Key: c
	        ->  Index Scan using sbtest7_pkey on sbtest7  (cost=0.43..39.78 rows=9 width=121)
	              Index Cond: ((id >= 4904343) AND (id <= 4904352))

table 8 : explain SELECT DISTINCT c FROM sbtest8 WHERE id BETWEEN 1787788 AND 1787797 ORDER BY c
	Unique  (cost=43.92..43.97 rows=10 width=121)
	  ->  Sort  (cost=43.92..43.95 rows=10 width=121)
	        Sort Key: c
	        ->  Index Scan using sbtest8_pkey on sbtest8  (cost=0.43..43.76 rows=10 width=121)
	              Index Cond: ((id >= 1787788) AND (id <= 1787797))

for: distinct_ranges
table 1 : explain SELECT DISTINCT c FROM sbtest1 WHERE id BETWEEN 4031568 AND 4031577 ORDER BY c
	Unique  (cost=47.74..47.79 rows=11 width=121)
	  ->  Sort  (cost=47.74..47.76 rows=11 width=121)
	        Sort Key: c
	        ->  Index Scan using sbtest1_pkey on sbtest1  (cost=0.43..47.55 rows=11 width=121)
	              Index Cond: ((id >= 4031568) AND (id <= 4031577))

table 2 : explain SELECT DISTINCT c FROM sbtest2 WHERE id BETWEEN 8819962 AND 8819971 ORDER BY c
	Unique  (cost=43.79..43.84 rows=10 width=121)
	  ->  Sort  (cost=43.79..43.81 rows=10 width=121)
	        Sort Key: c
	        ->  Index Scan using sbtest2_pkey on sbtest2  (cost=0.43..43.62 rows=10 width=121)
	              Index Cond: ((id >= 8819962) AND (id <= 8819971))

table 3 : explain SELECT DISTINCT c FROM sbtest3 WHERE id BETWEEN 6778661 AND 6778670 ORDER BY c
	Unique  (cost=43.87..43.92 rows=10 width=121)
	  ->  Sort  (cost=43.87..43.90 rows=10 width=121)
	        Sort Key: c
	        ->  Index Scan using sbtest3_pkey on sbtest3  (cost=0.43..43.70 rows=10 width=121)
	              Index Cond: ((id >= 6778661) AND (id <= 6778670))

table 4 : explain SELECT DISTINCT c FROM sbtest4 WHERE id BETWEEN 348204 AND 348213 ORDER BY c
	Unique  (cost=43.90..43.95 rows=10 width=121)
	  ->  Sort  (cost=43.90..43.93 rows=10 width=121)
	        Sort Key: c
	        ->  Index Scan using sbtest4_pkey on sbtest4  (cost=0.43..43.74 rows=10 width=121)
	              Index Cond: ((id >= 348204) AND (id <= 348213))

table 5 : explain SELECT DISTINCT c FROM sbtest5 WHERE id BETWEEN 5424149 AND 5424158 ORDER BY c
	Unique  (cost=43.92..43.97 rows=10 width=121)
	  ->  Sort  (cost=43.92..43.95 rows=10 width=121)
	        Sort Key: c
	        ->  Index Scan using sbtest5_pkey on sbtest5  (cost=0.43..43.75 rows=10 width=121)
	              Index Cond: ((id >= 5424149) AND (id <= 5424158))

table 6 : explain SELECT DISTINCT c FROM sbtest6 WHERE id BETWEEN 5073554 AND 5073563 ORDER BY c
	Unique  (cost=43.88..43.93 rows=10 width=121)
	  ->  Sort  (cost=43.88..43.91 rows=10 width=121)
	        Sort Key: c
	        ->  Index Scan using sbtest6_pkey on sbtest6  (cost=0.43..43.72 rows=10 width=121)
	              Index Cond: ((id >= 5073554) AND (id <= 5073563))

table 7 : explain SELECT DISTINCT c FROM sbtest7 WHERE id BETWEEN 4901177 AND 4901186 ORDER BY c
	Unique  (cost=39.93..39.97 rows=9 width=121)
	  ->  Sort  (cost=39.93..39.95 rows=9 width=121)
	        Sort Key: c
	        ->  Index Scan using sbtest7_pkey on sbtest7  (cost=0.43..39.78 rows=9 width=121)
	              Index Cond: ((id >= 4901177) AND (id <= 4901186))

table 8 : explain SELECT DISTINCT c FROM sbtest8 WHERE id BETWEEN 8214063 AND 8214072 ORDER BY c
	Unique  (cost=39.98..40.02 rows=9 width=121)
	  ->  Sort  (cost=39.98..40.00 rows=9 width=121)
	        Sort Key: c
	        ->  Index Scan using sbtest8_pkey on sbtest8  (cost=0.43..39.83 rows=9 width=121)
	              Index Cond: ((id >= 8214063) AND (id <= 8214072))

for: distinct_ranges
table 1 : explain SELECT DISTINCT c FROM sbtest1 WHERE id BETWEEN 3473183 AND 3473192 ORDER BY c
	Unique  (cost=43.80..43.85 rows=10 width=121)
	  ->  Sort  (cost=43.80..43.83 rows=10 width=121)
	        Sort Key: c
	        ->  Index Scan using sbtest1_pkey on sbtest1  (cost=0.43..43.64 rows=10 width=121)
	              Index Cond: ((id >= 3473183) AND (id <= 3473192))

table 2 : explain SELECT DISTINCT c FROM sbtest2 WHERE id BETWEEN 6200696 AND 6200705 ORDER BY c
	Unique  (cost=39.86..39.90 rows=9 width=121)
	  ->  Sort  (cost=39.86..39.88 rows=9 width=121)
	        Sort Key: c
	        ->  Index Scan using sbtest2_pkey on sbtest2  (cost=0.43..39.71 rows=9 width=121)
	              Index Cond: ((id >= 6200696) AND (id <= 6200705))

table 3 : explain SELECT DISTINCT c FROM sbtest3 WHERE id BETWEEN 877836 AND 877845 ORDER BY c
	Unique  (cost=43.87..43.92 rows=10 width=121)
	  ->  Sort  (cost=43.87..43.90 rows=10 width=121)
	        Sort Key: c
	        ->  Index Scan using sbtest3_pkey on sbtest3  (cost=0.43..43.70 rows=10 width=121)
	              Index Cond: ((id >= 877836) AND (id <= 877845))

table 4 : explain SELECT DISTINCT c FROM sbtest4 WHERE id BETWEEN 7690431 AND 7690440 ORDER BY c
	Unique  (cost=47.85..47.90 rows=11 width=121)
	  ->  Sort  (cost=47.85..47.87 rows=11 width=121)
	        Sort Key: c
	        ->  Index Scan using sbtest4_pkey on sbtest4  (cost=0.43..47.66 rows=11 width=121)
	              Index Cond: ((id >= 7690431) AND (id <= 7690440))

table 5 : explain SELECT DISTINCT c FROM sbtest5 WHERE id BETWEEN 9060988 AND 9060997 ORDER BY c
	Unique  (cost=47.87..47.92 rows=11 width=121)
	  ->  Sort  (cost=47.87..47.89 rows=11 width=121)
	        Sort Key: c
	        ->  Index Scan using sbtest5_pkey on sbtest5  (cost=0.43..47.68 rows=11 width=121)
	              Index Cond: ((id >= 9060988) AND (id <= 9060997))

table 6 : explain SELECT DISTINCT c FROM sbtest6 WHERE id BETWEEN 6439860 AND 6439869 ORDER BY c
	Unique  (cost=43.88..43.93 rows=10 width=121)
	  ->  Sort  (cost=43.88..43.91 rows=10 width=121)
	        Sort Key: c
	        ->  Index Scan using sbtest6_pkey on sbtest6  (cost=0.43..43.72 rows=10 width=121)
	              Index Cond: ((id >= 6439860) AND (id <= 6439869))

table 7 : explain SELECT DISTINCT c FROM sbtest7 WHERE id BETWEEN 2743080 AND 2743089 ORDER BY c
	Unique  (cost=39.93..39.97 rows=9 width=121)
	  ->  Sort  (cost=39.93..39.95 rows=9 width=121)
	        Sort Key: c
	        ->  Index Scan using sbtest7_pkey on sbtest7  (cost=0.43..39.78 rows=9 width=121)
	              Index Cond: ((id >= 2743080) AND (id <= 2743089))

table 8 : explain SELECT DISTINCT c FROM sbtest8 WHERE id BETWEEN 1787000 AND 1787009 ORDER BY c
	Unique  (cost=43.92..43.97 rows=10 width=121)
	  ->  Sort  (cost=43.92..43.95 rows=10 width=121)
	        Sort Key: c
	        ->  Index Scan using sbtest8_pkey on sbtest8  (cost=0.43..43.76 rows=10 width=121)
	              Index Cond: ((id >= 1787000) AND (id <= 1787009))

for: distinct_ranges
table 1 : explain SELECT DISTINCT c FROM sbtest1 WHERE id BETWEEN 2789114 AND 2789123 ORDER BY c
	Unique  (cost=43.80..43.85 rows=10 width=121)
	  ->  Sort  (cost=43.80..43.83 rows=10 width=121)
	        Sort Key: c
	        ->  Index Scan using sbtest1_pkey on sbtest1  (cost=0.43..43.64 rows=10 width=121)
	              Index Cond: ((id >= 2789114) AND (id <= 2789123))

table 2 : explain SELECT DISTINCT c FROM sbtest2 WHERE id BETWEEN 1965330 AND 1965339 ORDER BY c
	Unique  (cost=47.72..47.78 rows=11 width=121)
	  ->  Sort  (cost=47.72..47.75 rows=11 width=121)
	        Sort Key: c
	        ->  Index Scan using sbtest2_pkey on sbtest2  (cost=0.43..47.53 rows=11 width=121)
	              Index Cond: ((id >= 1965330) AND (id <= 1965339))

table 3 : explain SELECT DISTINCT c FROM sbtest3 WHERE id BETWEEN 841674 AND 841683 ORDER BY c
	Unique  (cost=43.87..43.92 rows=10 width=121)
	  ->  Sort  (cost=43.87..43.90 rows=10 width=121)
	        Sort Key: c
	        ->  Index Scan using sbtest3_pkey on sbtest3  (cost=0.43..43.70 rows=10 width=121)
	              Index Cond: ((id >= 841674) AND (id <= 841683))

table 4 : explain SELECT DISTINCT c FROM sbtest4 WHERE id BETWEEN 9541493 AND 9541502 ORDER BY c
	Unique  (cost=43.90..43.95 rows=10 width=121)
	  ->  Sort  (cost=43.90..43.93 rows=10 width=121)
	        Sort Key: c
	        ->  Index Scan using sbtest4_pkey on sbtest4  (cost=0.43..43.74 rows=10 width=121)
	              Index Cond: ((id >= 9541493) AND (id <= 9541502))

table 5 : explain SELECT DISTINCT c FROM sbtest5 WHERE id BETWEEN 4151516 AND 4151525 ORDER BY c
	Unique  (cost=43.92..43.97 rows=10 width=121)
	  ->  Sort  (cost=43.92..43.95 rows=10 width=121)
	        Sort Key: c
	        ->  Index Scan using sbtest5_pkey on sbtest5  (cost=0.43..43.75 rows=10 width=121)
	              Index Cond: ((id >= 4151516) AND (id <= 4151525))

table 6 : explain SELECT DISTINCT c FROM sbtest6 WHERE id BETWEEN 9008250 AND 9008259 ORDER BY c
	Unique  (cost=39.94..39.99 rows=9 width=121)
	  ->  Sort  (cost=39.94..39.96 rows=9 width=121)
	        Sort Key: c
	        ->  Index Scan using sbtest6_pkey on sbtest6  (cost=0.43..39.80 rows=9 width=121)
	              Index Cond: ((id >= 9008250) AND (id <= 9008259))

table 7 : explain SELECT DISTINCT c FROM sbtest7 WHERE id BETWEEN 906033 AND 906042 ORDER BY c
	Unique  (cost=43.87..43.92 rows=10 width=121)
	  ->  Sort  (cost=43.87..43.89 rows=10 width=121)
	        Sort Key: c
	        ->  Index Scan using sbtest7_pkey on sbtest7  (cost=0.43..43.70 rows=10 width=121)
	              Index Cond: ((id >= 906033) AND (id <= 906042))

table 8 : explain SELECT DISTINCT c FROM sbtest8 WHERE id BETWEEN 3692574 AND 3692583 ORDER BY c
	Unique  (cost=47.87..47.92 rows=11 width=121)
	  ->  Sort  (cost=47.87..47.90 rows=11 width=121)
	        Sort Key: c
	        ->  Index Scan using sbtest8_pkey on sbtest8  (cost=0.43..47.68 rows=11 width=121)
	              Index Cond: ((id >= 3692574) AND (id <= 3692583))

for: distinct_ranges
table 1 : explain SELECT DISTINCT c FROM sbtest1 WHERE id BETWEEN 238478 AND 238487 ORDER BY c
	Unique  (cost=39.87..39.92 rows=9 width=121)
	  ->  Sort  (cost=39.87..39.89 rows=9 width=121)
	        Sort Key: c
	        ->  Index Scan using sbtest1_pkey on sbtest1  (cost=0.43..39.73 rows=9 width=121)
	              Index Cond: ((id >= 238478) AND (id <= 238487))

table 2 : explain SELECT DISTINCT c FROM sbtest2 WHERE id BETWEEN 5383584 AND 5383593 ORDER BY c
	Unique  (cost=39.86..39.90 rows=9 width=121)
	  ->  Sort  (cost=39.86..39.88 rows=9 width=121)
	        Sort Key: c
	        ->  Index Scan using sbtest2_pkey on sbtest2  (cost=0.43..39.71 rows=9 width=121)
	              Index Cond: ((id >= 5383584) AND (id <= 5383593))

table 3 : explain SELECT DISTINCT c FROM sbtest3 WHERE id BETWEEN 6802274 AND 6802283 ORDER BY c
	Unique  (cost=43.87..43.92 rows=10 width=121)
	  ->  Sort  (cost=43.87..43.90 rows=10 width=121)
	        Sort Key: c
	        ->  Index Scan using sbtest3_pkey on sbtest3  (cost=0.43..43.70 rows=10 width=121)
	              Index Cond: ((id >= 6802274) AND (id <= 6802283))

table 4 : explain SELECT DISTINCT c FROM sbtest4 WHERE id BETWEEN 8825618 AND 8825627 ORDER BY c
	Unique  (cost=43.90..43.95 rows=10 width=121)
	  ->  Sort  (cost=43.90..43.93 rows=10 width=121)
	        Sort Key: c
	        ->  Index Scan using sbtest4_pkey on sbtest4  (cost=0.43..43.74 rows=10 width=121)
	              Index Cond: ((id >= 8825618) AND (id <= 8825627))

table 5 : explain SELECT DISTINCT c FROM sbtest5 WHERE id BETWEEN 4752469 AND 4752478 ORDER BY c
	Unique  (cost=43.92..43.97 rows=10 width=121)
	  ->  Sort  (cost=43.92..43.95 rows=10 width=121)
	        Sort Key: c
	        ->  Index Scan using sbtest5_pkey on sbtest5  (cost=0.43..43.75 rows=10 width=121)
	              Index Cond: ((id >= 4752469) AND (id <= 4752478))

table 6 : explain SELECT DISTINCT c FROM sbtest6 WHERE id BETWEEN 8253270 AND 8253279 ORDER BY c
	Unique  (cost=47.83..47.88 rows=11 width=121)
	  ->  Sort  (cost=47.83..47.85 rows=11 width=121)
	        Sort Key: c
	        ->  Index Scan using sbtest6_pkey on sbtest6  (cost=0.43..47.64 rows=11 width=121)
	              Index Cond: ((id >= 8253270) AND (id <= 8253279))

table 7 : explain SELECT DISTINCT c FROM sbtest7 WHERE id BETWEEN 9687796 AND 9687805 ORDER BY c
	Unique  (cost=43.87..43.92 rows=10 width=121)
	  ->  Sort  (cost=43.87..43.89 rows=10 width=121)
	        Sort Key: c
	        ->  Index Scan using sbtest7_pkey on sbtest7  (cost=0.43..43.70 rows=10 width=121)
	              Index Cond: ((id >= 9687796) AND (id <= 9687805))

table 8 : explain SELECT DISTINCT c FROM sbtest8 WHERE id BETWEEN 4889798 AND 4889807 ORDER BY c
	Unique  (cost=43.92..43.97 rows=10 width=121)
	  ->  Sort  (cost=43.92..43.95 rows=10 width=121)
	        Sort Key: c
	        ->  Index Scan using sbtest8_pkey on sbtest8  (cost=0.43..43.76 rows=10 width=121)
	              Index Cond: ((id >= 4889798) AND (id <= 4889807))

Threads started!

Warming up for 5 seconds...

SQL statistics:
    queries performed:
        read:                            460559932
        write:                           0
        other:                           65794285
        total:                           526354217
    transactions:                        32897162 (52217.11 per sec.)
    queries:                             526354217 (835473.22 per sec.)
    ignored errors:                      0      (0.00 per sec.)
    reconnects:                          0      (0.00 per sec.)

Throughput:
    events/s (eps):                      52217.1134
    time elapsed:                        630.0074s
    total number of events:              32897162

Latency (ms):
         min:                                    0.68
         avg:                                    0.77
         max:                                   28.81
         95th percentile:                        0.83
         sum:                             25170064.30

Threads fairness:
    events (avg/stddev):           822428.1750/5746.12
    execution time (avg/stddev):   629.2516/0.01

