LUA_PATH=/home/mdcallag/git/mytools/bench/sysbench.lua/lua/?.lua /home/mdcallag/git/mytools/bench/sysbench.lua/lua/sysbench --db-driver=pgsql --range-size=100 --table-size=10000000 --tables=8 --threads=40 --events=0 --warmup-time=5 --time=630 --pgsql_conn_id=true /home/mdcallag/git/mytools/bench/sysbench.lua/lua/oltp_scan.lua run --pgsql-user=root --pgsql-password=pw --pgsql-host=127.0.0.1 --pgsql-db=ib --rand-type=uniform
48 CPUs
sysbench 1.1.0-9072687 (using bundled LuaJIT 2.1.0-beta3)

Running the test with following options:
Number of threads: 40
Warmup time: 5s
Initializing random number generator from current time


Initializing worker threads...

explain: for scan :: explain SELECT * from sbtest%d WHERE LENGTH(c) < 0
explain: for scan :: explain SELECT * from sbtest%d WHERE LENGTH(c) < 0explain: for scan :: explain SELECT * from sbtest%d WHERE LENGTH(c) < 0explain: for scan :: explain SELECT * from sbtest%d WHERE LENGTH(c) < 0
explain: for scan :: explain SELECT * from sbtest%d WHERE LENGTH(c) < 0

explain: for scan :: explain SELECT * from sbtest%d WHERE LENGTH(c) < 0

explain: for scan :: explain SELECT * from sbtest%d WHERE LENGTH(c) < 0
explain: for scan :: explain SELECT * from sbtest%d WHERE LENGTH(c) < 0
explain: for scan :: explain SELECT * from sbtest%d WHERE LENGTH(c) < 0
explain: for scan :: explain SELECT * from sbtest%d WHERE LENGTH(c) < 0
explain: for scan :: explain SELECT * from sbtest%d WHERE LENGTH(c) < 0
explain: for scan :: explain SELECT * from sbtest%d WHERE LENGTH(c) < 0explain: for scan :: explain SELECT * from sbtest%d WHERE LENGTH(c) < 0
explain: for scan :: explain SELECT * from sbtest%d WHERE LENGTH(c) < 0
explain: for scan :: explain SELECT * from sbtest%d WHERE LENGTH(c) < 0

explain: for scan :: explain SELECT * from sbtest%d WHERE LENGTH(c) < 0
explain: for scan :: explain SELECT * from sbtest%d WHERE LENGTH(c) < 0
explain: for scan :: explain SELECT * from sbtest%d WHERE LENGTH(c) < 0
explain: for scan :: explain SELECT * from sbtest%d WHERE LENGTH(c) < 0
explain: for scan :: explain SELECT * from sbtest%d WHERE LENGTH(c) < 0
explain: for scan :: explain SELECT * from sbtest%d WHERE LENGTH(c) < 0
explain: for scan :: explain SELECT * from sbtest%d WHERE LENGTH(c) < 0
explain: for scan :: explain SELECT * from sbtest%d WHERE LENGTH(c) < 0
explain: for scan :: explain SELECT * from sbtest%d WHERE LENGTH(c) < 0
explain: for scan :: explain SELECT * from sbtest%d WHERE LENGTH(c) < 0
explain: for scan :: explain SELECT * from sbtest%d WHERE LENGTH(c) < 0
explain: for scan :: explain SELECT * from sbtest%d WHERE LENGTH(c) < 0
explain: for scan :: explain SELECT * from sbtest%d WHERE LENGTH(c) < 0
explain: for scan :: explain SELECT * from sbtest%d WHERE LENGTH(c) < 0
explain: for scan :: explain SELECT * from sbtest%d WHERE LENGTH(c) < 0
explain: for scan :: explain SELECT * from sbtest%d WHERE LENGTH(c) < 0
explain: for scan :: explain SELECT * from sbtest%d WHERE LENGTH(c) < 0
explain: for scan :: explain SELECT * from sbtest%d WHERE LENGTH(c) < 0
explain: for scan :: explain SELECT * from sbtest%d WHERE LENGTH(c) < 0
explain: for scan :: explain SELECT * from sbtest%d WHERE LENGTH(c) < 0
explain: for scan :: explain SELECT * from sbtest%d WHERE LENGTH(c) < 0
explain: for scan :: explain SELECT * from sbtest%d WHERE LENGTH(c) < 0
explain: for scan :: explain SELECT * from sbtest%d WHERE LENGTH(c) < 0
explain: for scan :: explain SELECT * from sbtest%d WHERE LENGTH(c) < 0
explain: for scan :: explain SELECT * from sbtest%d WHERE LENGTH(c) < 0
for scan
table 1 : explain SELECT * from sbtest1 WHERE LENGTH(c) < 0
	Seq Scan on sbtest1  (cost=0.00..469677.74 rows=3330772 width=190)
	  Filter: (length(c) < 0)

table 2 : explain SELECT * from sbtest2 WHERE LENGTH(c) < 0
	Seq Scan on sbtest2  (cost=0.00..457002.76 rows=3330039 width=190)
	  Filter: (length(c) < 0)

table 3 : explain SELECT * from sbtest3 WHERE LENGTH(c) < 0
	Seq Scan on sbtest3  (cost=0.00..479659.61 rows=3331947 width=190)
	  Filter: (length(c) < 0)

table 4 : explain SELECT * from sbtest4 WHERE LENGTH(c) < 0
	Seq Scan on sbtest4  (cost=0.00..480707.65 rows=3329237 width=190)
	  Filter: (length(c) < 0)

table 5 : explain SELECT * from sbtest5 WHERE LENGTH(c) < 0
	Seq Scan on sbtest5  (cost=0.00..479615.94 rows=3334332 width=190)
	  Filter: (length(c) < 0)

table 6 : explain SELECT * from sbtest6 WHERE LENGTH(c) < 0
	Seq Scan on sbtest6  (cost=0.00..466931.62 rows=3333925 width=190)
	  Filter: (length(c) < 0)

table 7 : explain SELECT * from sbtest7 WHERE LENGTH(c) < 0
	Seq Scan on sbtest7  (cost=0.00..475897.66 rows=3332392 width=190)
	  Filter: (length(c) < 0)

table 8 : explain SELECT * from sbtest8 WHERE LENGTH(c) < 0
	Seq Scan on sbtest8  (cost=0.00..462226.53 rows=3332012 width=190)
	  Filter: (length(c) < 0)

for scan
table 1 : explain SELECT * from sbtest1 WHERE LENGTH(c) < 0
	Seq Scan on sbtest1  (cost=0.00..469677.74 rows=3330772 width=190)
	  Filter: (length(c) < 0)

table 2 : explain SELECT * from sbtest2 WHERE LENGTH(c) < 0
	Seq Scan on sbtest2  (cost=0.00..457002.76 rows=3330039 width=190)
	  Filter: (length(c) < 0)

table 3 : explain SELECT * from sbtest3 WHERE LENGTH(c) < 0
	Seq Scan on sbtest3  (cost=0.00..479659.61 rows=3331947 width=190)
	  Filter: (length(c) < 0)

table 4 : explain SELECT * from sbtest4 WHERE LENGTH(c) < 0
	Seq Scan on sbtest4  (cost=0.00..480707.65 rows=3329237 width=190)
	  Filter: (length(c) < 0)

table 5 : explain SELECT * from sbtest5 WHERE LENGTH(c) < 0
	Seq Scan on sbtest5  (cost=0.00..479615.94 rows=3334332 width=190)
	  Filter: (length(c) < 0)

table 6 : explain SELECT * from sbtest6 WHERE LENGTH(c) < 0
	Seq Scan on sbtest6  (cost=0.00..466931.62 rows=3333925 width=190)
	  Filter: (length(c) < 0)

table 7 : explain SELECT * from sbtest7 WHERE LENGTH(c) < 0
	Seq Scan on sbtest7  (cost=0.00..475897.66 rows=3332392 width=190)
	  Filter: (length(c) < 0)

table 8 : explain SELECT * from sbtest8 WHERE LENGTH(c) < 0
	Seq Scan on sbtest8  (cost=0.00..462226.53 rows=3332012 width=190)
	  Filter: (length(c) < 0)
for scan
table 1 : explain SELECT * from sbtest1 WHERE LENGTH(c) < 0
	Seq Scan on sbtest1  (cost=0.00..469677.74 rows=3330772 width=190)
	  Filter: (length(c) < 0)

table 2 : explain SELECT * from sbtest2 WHERE LENGTH(c) < 0
	Seq Scan on sbtest2  (cost=0.00..457002.76 rows=3330039 width=190)
	  Filter: (length(c) < 0)

table 3 : explain SELECT * from sbtest3 WHERE LENGTH(c) < 0
	Seq Scan on sbtest3  (cost=0.00..479659.61 rows=3331947 width=190)
	  Filter: (length(c) < 0)

table 4 : explain SELECT * from sbtest4 WHERE LENGTH(c) < 0
	Seq Scan on sbtest4  (cost=0.00..480707.65 rows=3329237 width=190)
	  Filter: (length(c) < 0)

table 5 : explain SELECT * from sbtest5 WHERE LENGTH(c) < 0
	Seq Scan on sbtest5  (cost=0.00..479615.94 rows=3334332 width=190)
	  Filter: (length(c) < 0)

table 6 : explain SELECT * from sbtest6 WHERE LENGTH(c) < 0
	Seq Scan on sbtest6  (cost=0.00..466931.62 rows=3333925 width=190)
	  Filter: (length(c) < 0)

table 7 : explain SELECT * from sbtest7 WHERE LENGTH(c) < 0
	Seq Scan on sbtest7  (cost=0.00..475897.66 rows=3332392 width=190)
	  Filter: (length(c) < 0)

table 8 : explain SELECT * from sbtest8 WHERE LENGTH(c) < 0
	Seq Scan on sbtest8  (cost=0.00..462226.53 rows=3332012 width=190)
	  Filter: (length(c) < 0)
for scan
table 1 : explain SELECT * from sbtest1 WHERE LENGTH(c) < 0
	Seq Scan on sbtest1  (cost=0.00..469677.74 rows=3330772 width=190)
	  Filter: (length(c) < 0)

table 2 : explain SELECT * from sbtest2 WHERE LENGTH(c) < 0
	Seq Scan on sbtest2  (cost=0.00..457002.76 rows=3330039 width=190)
	  Filter: (length(c) < 0)

table 3 : explain SELECT * from sbtest3 WHERE LENGTH(c) < 0
	Seq Scan on sbtest3  (cost=0.00..479659.61 rows=3331947 width=190)
	  Filter: (length(c) < 0)

table 4 : explain SELECT * from sbtest4 WHERE LENGTH(c) < 0
	Seq Scan on sbtest4  (cost=0.00..480707.65 rows=3329237 width=190)
	  Filter: (length(c) < 0)

table 5 : explain SELECT * from sbtest5 WHERE LENGTH(c) < 0
	Seq Scan on sbtest5  (cost=0.00..479615.94 rows=3334332 width=190)
	  Filter: (length(c) < 0)

table 6 : explain SELECT * from sbtest6 WHERE LENGTH(c) < 0
	Seq Scan on sbtest6  (cost=0.00..466931.62 rows=3333925 width=190)
	  Filter: (length(c) < 0)

table 7 : explain SELECT * from sbtest7 WHERE LENGTH(c) < 0
	Seq Scan on sbtest7  (cost=0.00..475897.66 rows=3332392 width=190)
	  Filter: (length(c) < 0)

table 8 : explain SELECT * from sbtest8 WHERE LENGTH(c) < 0
	Seq Scan on sbtest8  (cost=0.00..462226.53 rows=3332012 width=190)
	  Filter: (length(c) < 0)

for scan
table 1 : explain SELECT * from sbtest1 WHERE LENGTH(c) < 0
	Seq Scan on sbtest1  (cost=0.00..469677.74 rows=3330772 width=190)
	  Filter: (length(c) < 0)

table 2 : explain SELECT * from sbtest2 WHERE LENGTH(c) < 0
	Seq Scan on sbtest2  (cost=0.00..457002.76 rows=3330039 width=190)
	  Filter: (length(c) < 0)

table 3 : explain SELECT * from sbtest3 WHERE LENGTH(c) < 0
	Seq Scan on sbtest3  (cost=0.00..479659.61 rows=3331947 width=190)
	  Filter: (length(c) < 0)

table 4 : explain SELECT * from sbtest4 WHERE LENGTH(c) < 0
	Seq Scan on sbtest4  (cost=0.00..480707.65 rows=3329237 width=190)
	  Filter: (length(c) < 0)

table 5 : explain SELECT * from sbtest5 WHERE LENGTH(c) < 0
	Seq Scan on sbtest5  (cost=0.00..479615.94 rows=3334332 width=190)
	  Filter: (length(c) < 0)

table 6 : explain SELECT * from sbtest6 WHERE LENGTH(c) < 0
	Seq Scan on sbtest6  (cost=0.00..466931.62 rows=3333925 width=190)
	  Filter: (length(c) < 0)

table 7 : explain SELECT * from sbtest7 WHERE LENGTH(c) < 0
	Seq Scan on sbtest7  (cost=0.00..475897.66 rows=3332392 width=190)
	  Filter: (length(c) < 0)

table 8 : explain SELECT * from sbtest8 WHERE LENGTH(c) < 0
	Seq Scan on sbtest8  (cost=0.00..462226.53 rows=3332012 width=190)
	  Filter: (length(c) < 0)

for scan
table 1 : explain SELECT * from sbtest1 WHERE LENGTH(c) < 0
	Seq Scan on sbtest1  (cost=0.00..469677.74 rows=3330772 width=190)
	  Filter: (length(c) < 0)

table 2 : explain SELECT * from sbtest2 WHERE LENGTH(c) < 0
	Seq Scan on sbtest2  (cost=0.00..457002.76 rows=3330039 width=190)
	  Filter: (length(c) < 0)

table 3 : explain SELECT * from sbtest3 WHERE LENGTH(c) < 0
	Seq Scan on sbtest3  (cost=0.00..479659.61 rows=3331947 width=190)
	  Filter: (length(c) < 0)

table 4 : explain SELECT * from sbtest4 WHERE LENGTH(c) < 0
	Seq Scan on sbtest4  (cost=0.00..480707.65 rows=3329237 width=190)
	  Filter: (length(c) < 0)

table 5 : explain SELECT * from sbtest5 WHERE LENGTH(c) < 0
	Seq Scan on sbtest5  (cost=0.00..479615.94 rows=3334332 width=190)
	  Filter: (length(c) < 0)

table 6 : explain SELECT * from sbtest6 WHERE LENGTH(c) < 0
	Seq Scan on sbtest6  (cost=0.00..466931.62 rows=3333925 width=190)
	  Filter: (length(c) < 0)

table 7 : explain SELECT * from sbtest7 WHERE LENGTH(c) < 0
	Seq Scan on sbtest7  (cost=0.00..475897.66 rows=3332392 width=190)
	  Filter: (length(c) < 0)

table 8 : explain SELECT * from sbtest8 WHERE LENGTH(c) < 0
	Seq Scan on sbtest8  (cost=0.00..462226.53 rows=3332012 width=190)
	  Filter: (length(c) < 0)

for scan
table 1 : explain SELECT * from sbtest1 WHERE LENGTH(c) < 0
	Seq Scan on sbtest1  (cost=0.00..469677.74 rows=3330772 width=190)
	  Filter: (length(c) < 0)

table 2 : explain SELECT * from sbtest2 WHERE LENGTH(c) < 0
	Seq Scan on sbtest2  (cost=0.00..457002.76 rows=3330039 width=190)
	  Filter: (length(c) < 0)

table 3 : explain SELECT * from sbtest3 WHERE LENGTH(c) < 0
	Seq Scan on sbtest3  (cost=0.00..479659.61 rows=3331947 width=190)
	  Filter: (length(c) < 0)

table 4 : explain SELECT * from sbtest4 WHERE LENGTH(c) < 0
	Seq Scan on sbtest4  (cost=0.00..480707.65 rows=3329237 width=190)
	  Filter: (length(c) < 0)

table 5 : explain SELECT * from sbtest5 WHERE LENGTH(c) < 0
	Seq Scan on sbtest5  (cost=0.00..479615.94 rows=3334332 width=190)
	  Filter: (length(c) < 0)

table 6 : explain SELECT * from sbtest6 WHERE LENGTH(c) < 0
	Seq Scan on sbtest6  (cost=0.00..466931.62 rows=3333925 width=190)
	  Filter: (length(c) < 0)

table 7 : explain SELECT * from sbtest7 WHERE LENGTH(c) < 0
	Seq Scan on sbtest7  (cost=0.00..475897.66 rows=3332392 width=190)
	  Filter: (length(c) < 0)

table 8 : explain SELECT * from sbtest8 WHERE LENGTH(c) < 0
	Seq Scan on sbtest8  (cost=0.00..462226.53 rows=3332012 width=190)
	  Filter: (length(c) < 0)

for scan
table 1 : explain SELECT * from sbtest1 WHERE LENGTH(c) < 0
	Seq Scan on sbtest1  (cost=0.00..469677.74 rows=3330772 width=190)
	  Filter: (length(c) < 0)

table 2 : explain SELECT * from sbtest2 WHERE LENGTH(c) < 0
	Seq Scan on sbtest2  (cost=0.00..457002.76 rows=3330039 width=190)
	  Filter: (length(c) < 0)

table 3 : explain SELECT * from sbtest3 WHERE LENGTH(c) < 0
	Seq Scan on sbtest3  (cost=0.00..479659.61 rows=3331947 width=190)
	  Filter: (length(c) < 0)

table 4 : explain SELECT * from sbtest4 WHERE LENGTH(c) < 0
	Seq Scan on sbtest4  (cost=0.00..480707.65 rows=3329237 width=190)
	  Filter: (length(c) < 0)

table 5 : explain SELECT * from sbtest5 WHERE LENGTH(c) < 0
	Seq Scan on sbtest5  (cost=0.00..479615.94 rows=3334332 width=190)
	  Filter: (length(c) < 0)

table 6 : explain SELECT * from sbtest6 WHERE LENGTH(c) < 0
	Seq Scan on sbtest6  (cost=0.00..466931.62 rows=3333925 width=190)
	  Filter: (length(c) < 0)

table 7 : explain SELECT * from sbtest7 WHERE LENGTH(c) < 0
	Seq Scan on sbtest7  (cost=0.00..475897.66 rows=3332392 width=190)
	  Filter: (length(c) < 0)

table 8 : explain SELECT * from sbtest8 WHERE LENGTH(c) < 0
	Seq Scan on sbtest8  (cost=0.00..462226.53 rows=3332012 width=190)
	  Filter: (length(c) < 0)



for scan
table 1 : explain SELECT * from sbtest1 WHERE LENGTH(c) < 0
	Seq Scan on sbtest1  (cost=0.00..469677.74 rows=3330772 width=190)
	  Filter: (length(c) < 0)

table 2 : explain SELECT * from sbtest2 WHERE LENGTH(c) < 0
	Seq Scan on sbtest2  (cost=0.00..457002.76 rows=3330039 width=190)
	  Filter: (length(c) < 0)

table 3 : explain SELECT * from sbtest3 WHERE LENGTH(c) < 0
	Seq Scan on sbtest3  (cost=0.00..479659.61 rows=3331947 width=190)
	  Filter: (length(c) < 0)

table 4 : explain SELECT * from sbtest4 WHERE LENGTH(c) < 0
	Seq Scan on sbtest4  (cost=0.00..480707.65 rows=3329237 width=190)
	  Filter: (length(c) < 0)

table 5 : explain SELECT * from sbtest5 WHERE LENGTH(c) < 0
	Seq Scan on sbtest5  (cost=0.00..479615.94 rows=3334332 width=190)
	  Filter: (length(c) < 0)

table 6 : explain SELECT * from sbtest6 WHERE LENGTH(c) < 0
	Seq Scan on sbtest6  (cost=0.00..466931.62 rows=3333925 width=190)
	  Filter: (length(c) < 0)

table 7 : explain SELECT * from sbtest7 WHERE LENGTH(c) < 0
	Seq Scan on sbtest7  (cost=0.00..475897.66 rows=3332392 width=190)
	  Filter: (length(c) < 0)

table 8 : explain SELECT * from sbtest8 WHERE LENGTH(c) < 0
	Seq Scan on sbtest8  (cost=0.00..462226.53 rows=3332012 width=190)
	  Filter: (length(c) < 0)

for scan
table 1 : explain SELECT * from sbtest1 WHERE LENGTH(c) < 0
	Seq Scan on sbtest1  (cost=0.00..469677.74 rows=3330772 width=190)
	  Filter: (length(c) < 0)

table 2 : explain SELECT * from sbtest2 WHERE LENGTH(c) < 0
	Seq Scan on sbtest2  (cost=0.00..457002.76 rows=3330039 width=190)
	  Filter: (length(c) < 0)

table 3 : explain SELECT * from sbtest3 WHERE LENGTH(c) < 0
	Seq Scan on sbtest3  (cost=0.00..479659.61 rows=3331947 width=190)
	  Filter: (length(c) < 0)

table 4 : explain SELECT * from sbtest4 WHERE LENGTH(c) < 0
	Seq Scan on sbtest4  (cost=0.00..480707.65 rows=3329237 width=190)
	  Filter: (length(c) < 0)

table 5 : explain SELECT * from sbtest5 WHERE LENGTH(c) < 0
	Seq Scan on sbtest5  (cost=0.00..479615.94 rows=3334332 width=190)
	  Filter: (length(c) < 0)

table 6 : explain SELECT * from sbtest6 WHERE LENGTH(c) < 0
	Seq Scan on sbtest6  (cost=0.00..466931.62 rows=3333925 width=190)
	  Filter: (length(c) < 0)

table 7 : explain SELECT * from sbtest7 WHERE LENGTH(c) < 0
	Seq Scan on sbtest7  (cost=0.00..475897.66 rows=3332392 width=190)
	  Filter: (length(c) < 0)

table 8 : explain SELECT * from sbtest8 WHERE LENGTH(c) < 0
	Seq Scan on sbtest8  (cost=0.00..462226.53 rows=3332012 width=190)
	  Filter: (length(c) < 0)

for scan
table 1 : explain SELECT * from sbtest1 WHERE LENGTH(c) < 0
	Seq Scan on sbtest1  (cost=0.00..469677.74 rows=3330772 width=190)
	  Filter: (length(c) < 0)

table 2 : explain SELECT * from sbtest2 WHERE LENGTH(c) < 0
	Seq Scan on sbtest2  (cost=0.00..457002.76 rows=3330039 width=190)
	  Filter: (length(c) < 0)

table 3 : explain SELECT * from sbtest3 WHERE LENGTH(c) < 0
	Seq Scan on sbtest3  (cost=0.00..479659.61 rows=3331947 width=190)
	  Filter: (length(c) < 0)

table 4 : explain SELECT * from sbtest4 WHERE LENGTH(c) < 0
	Seq Scan on sbtest4  (cost=0.00..480707.65 rows=3329237 width=190)
	  Filter: (length(c) < 0)

table 5 : explain SELECT * from sbtest5 WHERE LENGTH(c) < 0
	Seq Scan on sbtest5  (cost=0.00..479615.94 rows=3334332 width=190)
	  Filter: (length(c) < 0)

table 6 : explain SELECT * from sbtest6 WHERE LENGTH(c) < 0
	Seq Scan on sbtest6  (cost=0.00..466931.62 rows=3333925 width=190)
	  Filter: (length(c) < 0)

table 7 : explain SELECT * from sbtest7 WHERE LENGTH(c) < 0
	Seq Scan on sbtest7  (cost=0.00..475897.66 rows=3332392 width=190)
	  Filter: (length(c) < 0)

table 8 : explain SELECT * from sbtest8 WHERE LENGTH(c) < 0
	Seq Scan on sbtest8  (cost=0.00..462226.53 rows=3332012 width=190)
	  Filter: (length(c) < 0)

for scan
table 1 : explain SELECT * from sbtest1 WHERE LENGTH(c) < 0
	Seq Scan on sbtest1  (cost=0.00..469677.74 rows=3330772 width=190)
	  Filter: (length(c) < 0)

table 2 : explain SELECT * from sbtest2 WHERE LENGTH(c) < 0
	Seq Scan on sbtest2  (cost=0.00..457002.76 rows=3330039 width=190)
	  Filter: (length(c) < 0)

table 3 : explain SELECT * from sbtest3 WHERE LENGTH(c) < 0
	Seq Scan on sbtest3  (cost=0.00..479659.61 rows=3331947 width=190)
	  Filter: (length(c) < 0)

table 4 : explain SELECT * from sbtest4 WHERE LENGTH(c) < 0
	Seq Scan on sbtest4  (cost=0.00..480707.65 rows=3329237 width=190)
	  Filter: (length(c) < 0)

table 5 : explain SELECT * from sbtest5 WHERE LENGTH(c) < 0
	Seq Scan on sbtest5  (cost=0.00..479615.94 rows=3334332 width=190)
	  Filter: (length(c) < 0)

table 6 : explain SELECT * from sbtest6 WHERE LENGTH(c) < 0
	Seq Scan on sbtest6  (cost=0.00..466931.62 rows=3333925 width=190)
	  Filter: (length(c) < 0)

table 7 : explain SELECT * from sbtest7 WHERE LENGTH(c) < 0
	Seq Scan on sbtest7  (cost=0.00..475897.66 rows=3332392 width=190)
	  Filter: (length(c) < 0)

table 8 : explain SELECT * from sbtest8 WHERE LENGTH(c) < 0
	Seq Scan on sbtest8  (cost=0.00..462226.53 rows=3332012 width=190)
	  Filter: (length(c) < 0)

for scan
table 1 : explain SELECT * from sbtest1 WHERE LENGTH(c) < 0
	Seq Scan on sbtest1  (cost=0.00..469677.74 rows=3330772 width=190)
	  Filter: (length(c) < 0)

table 2 : explain SELECT * from sbtest2 WHERE LENGTH(c) < 0
	Seq Scan on sbtest2  (cost=0.00..457002.76 rows=3330039 width=190)
	  Filter: (length(c) < 0)

table 3 : explain SELECT * from sbtest3 WHERE LENGTH(c) < 0
	Seq Scan on sbtest3  (cost=0.00..479659.61 rows=3331947 width=190)
	  Filter: (length(c) < 0)

table 4 : explain SELECT * from sbtest4 WHERE LENGTH(c) < 0
	Seq Scan on sbtest4  (cost=0.00..480707.65 rows=3329237 width=190)
	  Filter: (length(c) < 0)

table 5 : explain SELECT * from sbtest5 WHERE LENGTH(c) < 0
	Seq Scan on sbtest5  (cost=0.00..479615.94 rows=3334332 width=190)
	  Filter: (length(c) < 0)

table 6 : explain SELECT * from sbtest6 WHERE LENGTH(c) < 0
	Seq Scan on sbtest6  (cost=0.00..466931.62 rows=3333925 width=190)
	  Filter: (length(c) < 0)

table 7 : explain SELECT * from sbtest7 WHERE LENGTH(c) < 0
	Seq Scan on sbtest7  (cost=0.00..475897.66 rows=3332392 width=190)
	  Filter: (length(c) < 0)

table 8 : explain SELECT * from sbtest8 WHERE LENGTH(c) < 0
	Seq Scan on sbtest8  (cost=0.00..462226.53 rows=3332012 width=190)
	  Filter: (length(c) < 0)

for scan
table 1 : explain SELECT * from sbtest1 WHERE LENGTH(c) < 0
	Seq Scan on sbtest1  (cost=0.00..469677.74 rows=3330772 width=190)
	  Filter: (length(c) < 0)

table 2 : explain SELECT * from sbtest2 WHERE LENGTH(c) < 0
	Seq Scan on sbtest2  (cost=0.00..457002.76 rows=3330039 width=190)
	  Filter: (length(c) < 0)

table 3 : explain SELECT * from sbtest3 WHERE LENGTH(c) < 0
	Seq Scan on sbtest3  (cost=0.00..479659.61 rows=3331947 width=190)
	  Filter: (length(c) < 0)

table 4 : explain SELECT * from sbtest4 WHERE LENGTH(c) < 0
	Seq Scan on sbtest4  (cost=0.00..480707.65 rows=3329237 width=190)
	  Filter: (length(c) < 0)

table 5 : explain SELECT * from sbtest5 WHERE LENGTH(c) < 0
	Seq Scan on sbtest5  (cost=0.00..479615.94 rows=3334332 width=190)
	  Filter: (length(c) < 0)

table 6 : explain SELECT * from sbtest6 WHERE LENGTH(c) < 0
	Seq Scan on sbtest6  (cost=0.00..466931.62 rows=3333925 width=190)
	  Filter: (length(c) < 0)

table 7 : explain SELECT * from sbtest7 WHERE LENGTH(c) < 0
	Seq Scan on sbtest7  (cost=0.00..475897.66 rows=3332392 width=190)
	  Filter: (length(c) < 0)

table 8 : explain SELECT * from sbtest8 WHERE LENGTH(c) < 0
	Seq Scan on sbtest8  (cost=0.00..462226.53 rows=3332012 width=190)
	  Filter: (length(c) < 0)

for scan
table 1 : explain SELECT * from sbtest1 WHERE LENGTH(c) < 0
	Seq Scan on sbtest1  (cost=0.00..469677.74 rows=3330772 width=190)
	  Filter: (length(c) < 0)

table 2 : explain SELECT * from sbtest2 WHERE LENGTH(c) < 0
	Seq Scan on sbtest2  (cost=0.00..457002.76 rows=3330039 width=190)
	  Filter: (length(c) < 0)

table 3 : explain SELECT * from sbtest3 WHERE LENGTH(c) < 0
	Seq Scan on sbtest3  (cost=0.00..479659.61 rows=3331947 width=190)
	  Filter: (length(c) < 0)

table 4 : explain SELECT * from sbtest4 WHERE LENGTH(c) < 0
	Seq Scan on sbtest4  (cost=0.00..480707.65 rows=3329237 width=190)
	  Filter: (length(c) < 0)

table 5 : explain SELECT * from sbtest5 WHERE LENGTH(c) < 0
	Seq Scan on sbtest5  (cost=0.00..479615.94 rows=3334332 width=190)
	  Filter: (length(c) < 0)

table 6 : explain SELECT * from sbtest6 WHERE LENGTH(c) < 0
	Seq Scan on sbtest6  (cost=0.00..466931.62 rows=3333925 width=190)
	  Filter: (length(c) < 0)

table 7 : explain SELECT * from sbtest7 WHERE LENGTH(c) < 0
	Seq Scan on sbtest7  (cost=0.00..475897.66 rows=3332392 width=190)
	  Filter: (length(c) < 0)

table 8 : explain SELECT * from sbtest8 WHERE LENGTH(c) < 0
	Seq Scan on sbtest8  (cost=0.00..462226.53 rows=3332012 width=190)
	  Filter: (length(c) < 0)

for scan
table 1 : explain SELECT * from sbtest1 WHERE LENGTH(c) < 0
	Seq Scan on sbtest1  (cost=0.00..469677.74 rows=3330772 width=190)
	  Filter: (length(c) < 0)

table 2 : explain SELECT * from sbtest2 WHERE LENGTH(c) < 0
	Seq Scan on sbtest2  (cost=0.00..457002.76 rows=3330039 width=190)
	  Filter: (length(c) < 0)

table 3 : explain SELECT * from sbtest3 WHERE LENGTH(c) < 0
	Seq Scan on sbtest3  (cost=0.00..479659.61 rows=3331947 width=190)
	  Filter: (length(c) < 0)

table 4 : explain SELECT * from sbtest4 WHERE LENGTH(c) < 0
	Seq Scan on sbtest4  (cost=0.00..480707.65 rows=3329237 width=190)
	  Filter: (length(c) < 0)

table 5 : explain SELECT * from sbtest5 WHERE LENGTH(c) < 0
	Seq Scan on sbtest5  (cost=0.00..479615.94 rows=3334332 width=190)
	  Filter: (length(c) < 0)

table 6 : explain SELECT * from sbtest6 WHERE LENGTH(c) < 0
	Seq Scan on sbtest6  (cost=0.00..466931.62 rows=3333925 width=190)
	  Filter: (length(c) < 0)

table 7 : explain SELECT * from sbtest7 WHERE LENGTH(c) < 0
	Seq Scan on sbtest7  (cost=0.00..475897.66 rows=3332392 width=190)
	  Filter: (length(c) < 0)

table 8 : explain SELECT * from sbtest8 WHERE LENGTH(c) < 0
	Seq Scan on sbtest8  (cost=0.00..462226.53 rows=3332012 width=190)
	  Filter: (length(c) < 0)

for scan
table 1 : explain SELECT * from sbtest1 WHERE LENGTH(c) < 0
	Seq Scan on sbtest1  (cost=0.00..469677.74 rows=3330772 width=190)
	  Filter: (length(c) < 0)

table 2 : explain SELECT * from sbtest2 WHERE LENGTH(c) < 0
	Seq Scan on sbtest2  (cost=0.00..457002.76 rows=3330039 width=190)
	  Filter: (length(c) < 0)

table 3 : explain SELECT * from sbtest3 WHERE LENGTH(c) < 0
	Seq Scan on sbtest3  (cost=0.00..479659.61 rows=3331947 width=190)
	  Filter: (length(c) < 0)

table 4 : explain SELECT * from sbtest4 WHERE LENGTH(c) < 0
	Seq Scan on sbtest4  (cost=0.00..480707.65 rows=3329237 width=190)
	  Filter: (length(c) < 0)

table 5 : explain SELECT * from sbtest5 WHERE LENGTH(c) < 0
	Seq Scan on sbtest5  (cost=0.00..479615.94 rows=3334332 width=190)
	  Filter: (length(c) < 0)

table 6 : explain SELECT * from sbtest6 WHERE LENGTH(c) < 0
	Seq Scan on sbtest6  (cost=0.00..466931.62 rows=3333925 width=190)
	  Filter: (length(c) < 0)

table 7 : explain SELECT * from sbtest7 WHERE LENGTH(c) < 0
	Seq Scan on sbtest7  (cost=0.00..475897.66 rows=3332392 width=190)
	  Filter: (length(c) < 0)

table 8 : explain SELECT * from sbtest8 WHERE LENGTH(c) < 0
	Seq Scan on sbtest8  (cost=0.00..462226.53 rows=3332012 width=190)
	  Filter: (length(c) < 0)

for scan
table 1 : explain SELECT * from sbtest1 WHERE LENGTH(c) < 0
	Seq Scan on sbtest1  (cost=0.00..469677.74 rows=3330772 width=190)
	  Filter: (length(c) < 0)

table 2 : explain SELECT * from sbtest2 WHERE LENGTH(c) < 0
	Seq Scan on sbtest2  (cost=0.00..457002.76 rows=3330039 width=190)
	  Filter: (length(c) < 0)

table 3 : explain SELECT * from sbtest3 WHERE LENGTH(c) < 0
	Seq Scan on sbtest3  (cost=0.00..479659.61 rows=3331947 width=190)
	  Filter: (length(c) < 0)

table 4 : explain SELECT * from sbtest4 WHERE LENGTH(c) < 0
	Seq Scan on sbtest4  (cost=0.00..480707.65 rows=3329237 width=190)
	  Filter: (length(c) < 0)

table 5 : explain SELECT * from sbtest5 WHERE LENGTH(c) < 0
	Seq Scan on sbtest5  (cost=0.00..479615.94 rows=3334332 width=190)
	  Filter: (length(c) < 0)

table 6 : explain SELECT * from sbtest6 WHERE LENGTH(c) < 0
	Seq Scan on sbtest6  (cost=0.00..466931.62 rows=3333925 width=190)
	  Filter: (length(c) < 0)

table 7 : explain SELECT * from sbtest7 WHERE LENGTH(c) < 0
	Seq Scan on sbtest7  (cost=0.00..475897.66 rows=3332392 width=190)
	  Filter: (length(c) < 0)

table 8 : explain SELECT * from sbtest8 WHERE LENGTH(c) < 0
	Seq Scan on sbtest8  (cost=0.00..462226.53 rows=3332012 width=190)
	  Filter: (length(c) < 0)

for scan
table 1 : explain SELECT * from sbtest1 WHERE LENGTH(c) < 0
	Seq Scan on sbtest1  (cost=0.00..469677.74 rows=3330772 width=190)
	  Filter: (length(c) < 0)

table 2 : explain SELECT * from sbtest2 WHERE LENGTH(c) < 0
	Seq Scan on sbtest2  (cost=0.00..457002.76 rows=3330039 width=190)
	  Filter: (length(c) < 0)

table 3 : explain SELECT * from sbtest3 WHERE LENGTH(c) < 0
	Seq Scan on sbtest3  (cost=0.00..479659.61 rows=3331947 width=190)
	  Filter: (length(c) < 0)

table 4 : explain SELECT * from sbtest4 WHERE LENGTH(c) < 0
	Seq Scan on sbtest4  (cost=0.00..480707.65 rows=3329237 width=190)
	  Filter: (length(c) < 0)

table 5 : explain SELECT * from sbtest5 WHERE LENGTH(c) < 0
	Seq Scan on sbtest5  (cost=0.00..479615.94 rows=3334332 width=190)
	  Filter: (length(c) < 0)

table 6 : explain SELECT * from sbtest6 WHERE LENGTH(c) < 0
	Seq Scan on sbtest6  (cost=0.00..466931.62 rows=3333925 width=190)
	  Filter: (length(c) < 0)

table 7 : explain SELECT * from sbtest7 WHERE LENGTH(c) < 0
	Seq Scan on sbtest7  (cost=0.00..475897.66 rows=3332392 width=190)
	  Filter: (length(c) < 0)

table 8 : explain SELECT * from sbtest8 WHERE LENGTH(c) < 0
	Seq Scan on sbtest8  (cost=0.00..462226.53 rows=3332012 width=190)
	  Filter: (length(c) < 0)

for scan
table 1 : explain SELECT * from sbtest1 WHERE LENGTH(c) < 0
	Seq Scan on sbtest1  (cost=0.00..469677.74 rows=3330772 width=190)
	  Filter: (length(c) < 0)

table 2 : explain SELECT * from sbtest2 WHERE LENGTH(c) < 0
	Seq Scan on sbtest2  (cost=0.00..457002.76 rows=3330039 width=190)
	  Filter: (length(c) < 0)

table 3 : explain SELECT * from sbtest3 WHERE LENGTH(c) < 0
	Seq Scan on sbtest3  (cost=0.00..479659.61 rows=3331947 width=190)
	  Filter: (length(c) < 0)

table 4 : explain SELECT * from sbtest4 WHERE LENGTH(c) < 0
	Seq Scan on sbtest4  (cost=0.00..480707.65 rows=3329237 width=190)
	  Filter: (length(c) < 0)

table 5 : explain SELECT * from sbtest5 WHERE LENGTH(c) < 0
	Seq Scan on sbtest5  (cost=0.00..479615.94 rows=3334332 width=190)
	  Filter: (length(c) < 0)

table 6 : explain SELECT * from sbtest6 WHERE LENGTH(c) < 0
	Seq Scan on sbtest6  (cost=0.00..466931.62 rows=3333925 width=190)
	  Filter: (length(c) < 0)

table 7 : explain SELECT * from sbtest7 WHERE LENGTH(c) < 0
	Seq Scan on sbtest7  (cost=0.00..475897.66 rows=3332392 width=190)
	  Filter: (length(c) < 0)

table 8 : explain SELECT * from sbtest8 WHERE LENGTH(c) < 0
	Seq Scan on sbtest8  (cost=0.00..462226.53 rows=3332012 width=190)
	  Filter: (length(c) < 0)

for scan
table 1 : explain SELECT * from sbtest1 WHERE LENGTH(c) < 0
	Seq Scan on sbtest1  (cost=0.00..469677.74 rows=3330772 width=190)
	  Filter: (length(c) < 0)

table 2 : explain SELECT * from sbtest2 WHERE LENGTH(c) < 0
	Seq Scan on sbtest2  (cost=0.00..457002.76 rows=3330039 width=190)
	  Filter: (length(c) < 0)

table 3 : explain SELECT * from sbtest3 WHERE LENGTH(c) < 0
	Seq Scan on sbtest3  (cost=0.00..479659.61 rows=3331947 width=190)
	  Filter: (length(c) < 0)

table 4 : explain SELECT * from sbtest4 WHERE LENGTH(c) < 0
	Seq Scan on sbtest4  (cost=0.00..480707.65 rows=3329237 width=190)
	  Filter: (length(c) < 0)

table 5 : explain SELECT * from sbtest5 WHERE LENGTH(c) < 0
	Seq Scan on sbtest5  (cost=0.00..479615.94 rows=3334332 width=190)
	  Filter: (length(c) < 0)

table 6 : explain SELECT * from sbtest6 WHERE LENGTH(c) < 0
	Seq Scan on sbtest6  (cost=0.00..466931.62 rows=3333925 width=190)
	  Filter: (length(c) < 0)

table 7 : explain SELECT * from sbtest7 WHERE LENGTH(c) < 0
	Seq Scan on sbtest7  (cost=0.00..475897.66 rows=3332392 width=190)
	  Filter: (length(c) < 0)

table 8 : explain SELECT * from sbtest8 WHERE LENGTH(c) < 0
	Seq Scan on sbtest8  (cost=0.00..462226.53 rows=3332012 width=190)
	  Filter: (length(c) < 0)

for scan
table 1 : explain SELECT * from sbtest1 WHERE LENGTH(c) < 0
	Seq Scan on sbtest1  (cost=0.00..469677.74 rows=3330772 width=190)
	  Filter: (length(c) < 0)

table 2 : explain SELECT * from sbtest2 WHERE LENGTH(c) < 0
	Seq Scan on sbtest2  (cost=0.00..457002.76 rows=3330039 width=190)
	  Filter: (length(c) < 0)

table 3 : explain SELECT * from sbtest3 WHERE LENGTH(c) < 0
	Seq Scan on sbtest3  (cost=0.00..479659.61 rows=3331947 width=190)
	  Filter: (length(c) < 0)

table 4 : explain SELECT * from sbtest4 WHERE LENGTH(c) < 0
	Seq Scan on sbtest4  (cost=0.00..480707.65 rows=3329237 width=190)
	  Filter: (length(c) < 0)

table 5 : explain SELECT * from sbtest5 WHERE LENGTH(c) < 0
	Seq Scan on sbtest5  (cost=0.00..479615.94 rows=3334332 width=190)
	  Filter: (length(c) < 0)

table 6 : explain SELECT * from sbtest6 WHERE LENGTH(c) < 0
	Seq Scan on sbtest6  (cost=0.00..466931.62 rows=3333925 width=190)
	  Filter: (length(c) < 0)

table 7 : explain SELECT * from sbtest7 WHERE LENGTH(c) < 0
	Seq Scan on sbtest7  (cost=0.00..475897.66 rows=3332392 width=190)
	  Filter: (length(c) < 0)

table 8 : explain SELECT * from sbtest8 WHERE LENGTH(c) < 0
	Seq Scan on sbtest8  (cost=0.00..462226.53 rows=3332012 width=190)
	  Filter: (length(c) < 0)

for scan
table 1 : explain SELECT * from sbtest1 WHERE LENGTH(c) < 0
	Seq Scan on sbtest1  (cost=0.00..469677.74 rows=3330772 width=190)
	  Filter: (length(c) < 0)

table 2 : explain SELECT * from sbtest2 WHERE LENGTH(c) < 0
	Seq Scan on sbtest2  (cost=0.00..457002.76 rows=3330039 width=190)
	  Filter: (length(c) < 0)

table 3 : explain SELECT * from sbtest3 WHERE LENGTH(c) < 0
	Seq Scan on sbtest3  (cost=0.00..479659.61 rows=3331947 width=190)
	  Filter: (length(c) < 0)

table 4 : explain SELECT * from sbtest4 WHERE LENGTH(c) < 0
	Seq Scan on sbtest4  (cost=0.00..480707.65 rows=3329237 width=190)
	  Filter: (length(c) < 0)

table 5 : explain SELECT * from sbtest5 WHERE LENGTH(c) < 0
	Seq Scan on sbtest5  (cost=0.00..479615.94 rows=3334332 width=190)
	  Filter: (length(c) < 0)

table 6 : explain SELECT * from sbtest6 WHERE LENGTH(c) < 0
	Seq Scan on sbtest6  (cost=0.00..466931.62 rows=3333925 width=190)
	  Filter: (length(c) < 0)

table 7 : explain SELECT * from sbtest7 WHERE LENGTH(c) < 0
	Seq Scan on sbtest7  (cost=0.00..475897.66 rows=3332392 width=190)
	  Filter: (length(c) < 0)

table 8 : explain SELECT * from sbtest8 WHERE LENGTH(c) < 0
	Seq Scan on sbtest8  (cost=0.00..462226.53 rows=3332012 width=190)
	  Filter: (length(c) < 0)

for scan
table 1 : explain SELECT * from sbtest1 WHERE LENGTH(c) < 0
	Seq Scan on sbtest1  (cost=0.00..469677.74 rows=3330772 width=190)
	  Filter: (length(c) < 0)

table 2 : explain SELECT * from sbtest2 WHERE LENGTH(c) < 0
	Seq Scan on sbtest2  (cost=0.00..457002.76 rows=3330039 width=190)
	  Filter: (length(c) < 0)

table 3 : explain SELECT * from sbtest3 WHERE LENGTH(c) < 0
	Seq Scan on sbtest3  (cost=0.00..479659.61 rows=3331947 width=190)
	  Filter: (length(c) < 0)

table 4 : explain SELECT * from sbtest4 WHERE LENGTH(c) < 0
	Seq Scan on sbtest4  (cost=0.00..480707.65 rows=3329237 width=190)
	  Filter: (length(c) < 0)

table 5 : explain SELECT * from sbtest5 WHERE LENGTH(c) < 0
	Seq Scan on sbtest5  (cost=0.00..479615.94 rows=3334332 width=190)
	  Filter: (length(c) < 0)

table 6 : explain SELECT * from sbtest6 WHERE LENGTH(c) < 0
	Seq Scan on sbtest6  (cost=0.00..466931.62 rows=3333925 width=190)
	  Filter: (length(c) < 0)

table 7 : explain SELECT * from sbtest7 WHERE LENGTH(c) < 0
	Seq Scan on sbtest7  (cost=0.00..475897.66 rows=3332392 width=190)
	  Filter: (length(c) < 0)

table 8 : explain SELECT * from sbtest8 WHERE LENGTH(c) < 0
	Seq Scan on sbtest8  (cost=0.00..462226.53 rows=3332012 width=190)
	  Filter: (length(c) < 0)

for scan
table 1 : explain SELECT * from sbtest1 WHERE LENGTH(c) < 0
	Seq Scan on sbtest1  (cost=0.00..469677.74 rows=3330772 width=190)
	  Filter: (length(c) < 0)

table 2 : explain SELECT * from sbtest2 WHERE LENGTH(c) < 0
	Seq Scan on sbtest2  (cost=0.00..457002.76 rows=3330039 width=190)
	  Filter: (length(c) < 0)

table 3 : explain SELECT * from sbtest3 WHERE LENGTH(c) < 0
	Seq Scan on sbtest3  (cost=0.00..479659.61 rows=3331947 width=190)
	  Filter: (length(c) < 0)

table 4 : explain SELECT * from sbtest4 WHERE LENGTH(c) < 0
	Seq Scan on sbtest4  (cost=0.00..480707.65 rows=3329237 width=190)
	  Filter: (length(c) < 0)

table 5 : explain SELECT * from sbtest5 WHERE LENGTH(c) < 0
	Seq Scan on sbtest5  (cost=0.00..479615.94 rows=3334332 width=190)
	  Filter: (length(c) < 0)

table 6 : explain SELECT * from sbtest6 WHERE LENGTH(c) < 0
	Seq Scan on sbtest6  (cost=0.00..466931.62 rows=3333925 width=190)
	  Filter: (length(c) < 0)

table 7 : explain SELECT * from sbtest7 WHERE LENGTH(c) < 0
	Seq Scan on sbtest7  (cost=0.00..475897.66 rows=3332392 width=190)
	  Filter: (length(c) < 0)

table 8 : explain SELECT * from sbtest8 WHERE LENGTH(c) < 0
	Seq Scan on sbtest8  (cost=0.00..462226.53 rows=3332012 width=190)
	  Filter: (length(c) < 0)

for scan
table 1 : explain SELECT * from sbtest1 WHERE LENGTH(c) < 0
	Seq Scan on sbtest1  (cost=0.00..469677.74 rows=3330772 width=190)
	  Filter: (length(c) < 0)

table 2 : explain SELECT * from sbtest2 WHERE LENGTH(c) < 0
	Seq Scan on sbtest2  (cost=0.00..457002.76 rows=3330039 width=190)
	  Filter: (length(c) < 0)

table 3 : explain SELECT * from sbtest3 WHERE LENGTH(c) < 0
	Seq Scan on sbtest3  (cost=0.00..479659.61 rows=3331947 width=190)
	  Filter: (length(c) < 0)

table 4 : explain SELECT * from sbtest4 WHERE LENGTH(c) < 0
	Seq Scan on sbtest4  (cost=0.00..480707.65 rows=3329237 width=190)
	  Filter: (length(c) < 0)

table 5 : explain SELECT * from sbtest5 WHERE LENGTH(c) < 0
	Seq Scan on sbtest5  (cost=0.00..479615.94 rows=3334332 width=190)
	  Filter: (length(c) < 0)

table 6 : explain SELECT * from sbtest6 WHERE LENGTH(c) < 0
	Seq Scan on sbtest6  (cost=0.00..466931.62 rows=3333925 width=190)
	  Filter: (length(c) < 0)

table 7 : explain SELECT * from sbtest7 WHERE LENGTH(c) < 0
	Seq Scan on sbtest7  (cost=0.00..475897.66 rows=3332392 width=190)
	  Filter: (length(c) < 0)

table 8 : explain SELECT * from sbtest8 WHERE LENGTH(c) < 0
	Seq Scan on sbtest8  (cost=0.00..462226.53 rows=3332012 width=190)
	  Filter: (length(c) < 0)

for scan
table 1 : explain SELECT * from sbtest1 WHERE LENGTH(c) < 0
	Seq Scan on sbtest1  (cost=0.00..469677.74 rows=3330772 width=190)
	  Filter: (length(c) < 0)

table 2 : explain SELECT * from sbtest2 WHERE LENGTH(c) < 0
	Seq Scan on sbtest2  (cost=0.00..457002.76 rows=3330039 width=190)
	  Filter: (length(c) < 0)

table 3 : explain SELECT * from sbtest3 WHERE LENGTH(c) < 0
	Seq Scan on sbtest3  (cost=0.00..479659.61 rows=3331947 width=190)
	  Filter: (length(c) < 0)

table 4 : explain SELECT * from sbtest4 WHERE LENGTH(c) < 0
	Seq Scan on sbtest4  (cost=0.00..480707.65 rows=3329237 width=190)
	  Filter: (length(c) < 0)

table 5 : explain SELECT * from sbtest5 WHERE LENGTH(c) < 0
	Seq Scan on sbtest5  (cost=0.00..479615.94 rows=3334332 width=190)
	  Filter: (length(c) < 0)

table 6 : explain SELECT * from sbtest6 WHERE LENGTH(c) < 0
	Seq Scan on sbtest6  (cost=0.00..466931.62 rows=3333925 width=190)
	  Filter: (length(c) < 0)

table 7 : explain SELECT * from sbtest7 WHERE LENGTH(c) < 0
	Seq Scan on sbtest7  (cost=0.00..475897.66 rows=3332392 width=190)
	  Filter: (length(c) < 0)

table 8 : explain SELECT * from sbtest8 WHERE LENGTH(c) < 0
	Seq Scan on sbtest8  (cost=0.00..462226.53 rows=3332012 width=190)
	  Filter: (length(c) < 0)

for scan
table 1 : explain SELECT * from sbtest1 WHERE LENGTH(c) < 0
	Seq Scan on sbtest1  (cost=0.00..469677.74 rows=3330772 width=190)
	  Filter: (length(c) < 0)

table 2 : explain SELECT * from sbtest2 WHERE LENGTH(c) < 0
	Seq Scan on sbtest2  (cost=0.00..457002.76 rows=3330039 width=190)
	  Filter: (length(c) < 0)

table 3 : explain SELECT * from sbtest3 WHERE LENGTH(c) < 0
	Seq Scan on sbtest3  (cost=0.00..479659.61 rows=3331947 width=190)
	  Filter: (length(c) < 0)

table 4 : explain SELECT * from sbtest4 WHERE LENGTH(c) < 0
	Seq Scan on sbtest4  (cost=0.00..480707.65 rows=3329237 width=190)
	  Filter: (length(c) < 0)

table 5 : explain SELECT * from sbtest5 WHERE LENGTH(c) < 0
	Seq Scan on sbtest5  (cost=0.00..479615.94 rows=3334332 width=190)
	  Filter: (length(c) < 0)

table 6 : explain SELECT * from sbtest6 WHERE LENGTH(c) < 0
	Seq Scan on sbtest6  (cost=0.00..466931.62 rows=3333925 width=190)
	  Filter: (length(c) < 0)

table 7 : explain SELECT * from sbtest7 WHERE LENGTH(c) < 0
	Seq Scan on sbtest7  (cost=0.00..475897.66 rows=3332392 width=190)
	  Filter: (length(c) < 0)

table 8 : explain SELECT * from sbtest8 WHERE LENGTH(c) < 0
	Seq Scan on sbtest8  (cost=0.00..462226.53 rows=3332012 width=190)
	  Filter: (length(c) < 0)

for scan
table 1 : explain SELECT * from sbtest1 WHERE LENGTH(c) < 0
	Seq Scan on sbtest1  (cost=0.00..469677.74 rows=3330772 width=190)
	  Filter: (length(c) < 0)

table 2 : explain SELECT * from sbtest2 WHERE LENGTH(c) < 0
	Seq Scan on sbtest2  (cost=0.00..457002.76 rows=3330039 width=190)
	  Filter: (length(c) < 0)

table 3 : explain SELECT * from sbtest3 WHERE LENGTH(c) < 0
	Seq Scan on sbtest3  (cost=0.00..479659.61 rows=3331947 width=190)
	  Filter: (length(c) < 0)

table 4 : explain SELECT * from sbtest4 WHERE LENGTH(c) < 0
	Seq Scan on sbtest4  (cost=0.00..480707.65 rows=3329237 width=190)
	  Filter: (length(c) < 0)

table 5 : explain SELECT * from sbtest5 WHERE LENGTH(c) < 0
	Seq Scan on sbtest5  (cost=0.00..479615.94 rows=3334332 width=190)
	  Filter: (length(c) < 0)

table 6 : explain SELECT * from sbtest6 WHERE LENGTH(c) < 0
	Seq Scan on sbtest6  (cost=0.00..466931.62 rows=3333925 width=190)
	  Filter: (length(c) < 0)

table 7 : explain SELECT * from sbtest7 WHERE LENGTH(c) < 0
	Seq Scan on sbtest7  (cost=0.00..475897.66 rows=3332392 width=190)
	  Filter: (length(c) < 0)

table 8 : explain SELECT * from sbtest8 WHERE LENGTH(c) < 0
	Seq Scan on sbtest8  (cost=0.00..462226.53 rows=3332012 width=190)
	  Filter: (length(c) < 0)

for scan
table 1 : explain SELECT * from sbtest1 WHERE LENGTH(c) < 0
	Seq Scan on sbtest1  (cost=0.00..469677.74 rows=3330772 width=190)
	  Filter: (length(c) < 0)

table 2 : explain SELECT * from sbtest2 WHERE LENGTH(c) < 0
	Seq Scan on sbtest2  (cost=0.00..457002.76 rows=3330039 width=190)
	  Filter: (length(c) < 0)

table 3 : explain SELECT * from sbtest3 WHERE LENGTH(c) < 0
	Seq Scan on sbtest3  (cost=0.00..479659.61 rows=3331947 width=190)
	  Filter: (length(c) < 0)

table 4 : explain SELECT * from sbtest4 WHERE LENGTH(c) < 0
	Seq Scan on sbtest4  (cost=0.00..480707.65 rows=3329237 width=190)
	  Filter: (length(c) < 0)

table 5 : explain SELECT * from sbtest5 WHERE LENGTH(c) < 0
	Seq Scan on sbtest5  (cost=0.00..479615.94 rows=3334332 width=190)
	  Filter: (length(c) < 0)

table 6 : explain SELECT * from sbtest6 WHERE LENGTH(c) < 0
	Seq Scan on sbtest6  (cost=0.00..466931.62 rows=3333925 width=190)
	  Filter: (length(c) < 0)

table 7 : explain SELECT * from sbtest7 WHERE LENGTH(c) < 0
	Seq Scan on sbtest7  (cost=0.00..475897.66 rows=3332392 width=190)
	  Filter: (length(c) < 0)

table 8 : explain SELECT * from sbtest8 WHERE LENGTH(c) < 0
	Seq Scan on sbtest8  (cost=0.00..462226.53 rows=3332012 width=190)
	  Filter: (length(c) < 0)

for scan
table 1 : explain SELECT * from sbtest1 WHERE LENGTH(c) < 0
	Seq Scan on sbtest1  (cost=0.00..469677.74 rows=3330772 width=190)
	  Filter: (length(c) < 0)

table 2 : explain SELECT * from sbtest2 WHERE LENGTH(c) < 0
	Seq Scan on sbtest2  (cost=0.00..457002.76 rows=3330039 width=190)
	  Filter: (length(c) < 0)

table 3 : explain SELECT * from sbtest3 WHERE LENGTH(c) < 0
	Seq Scan on sbtest3  (cost=0.00..479659.61 rows=3331947 width=190)
	  Filter: (length(c) < 0)

table 4 : explain SELECT * from sbtest4 WHERE LENGTH(c) < 0
	Seq Scan on sbtest4  (cost=0.00..480707.65 rows=3329237 width=190)
	  Filter: (length(c) < 0)

table 5 : explain SELECT * from sbtest5 WHERE LENGTH(c) < 0
	Seq Scan on sbtest5  (cost=0.00..479615.94 rows=3334332 width=190)
	  Filter: (length(c) < 0)

table 6 : explain SELECT * from sbtest6 WHERE LENGTH(c) < 0
	Seq Scan on sbtest6  (cost=0.00..466931.62 rows=3333925 width=190)
	  Filter: (length(c) < 0)

table 7 : explain SELECT * from sbtest7 WHERE LENGTH(c) < 0
	Seq Scan on sbtest7  (cost=0.00..475897.66 rows=3332392 width=190)
	  Filter: (length(c) < 0)

table 8 : explain SELECT * from sbtest8 WHERE LENGTH(c) < 0
	Seq Scan on sbtest8  (cost=0.00..462226.53 rows=3332012 width=190)
	  Filter: (length(c) < 0)

for scan
table 1 : explain SELECT * from sbtest1 WHERE LENGTH(c) < 0
	Seq Scan on sbtest1  (cost=0.00..469677.74 rows=3330772 width=190)
	  Filter: (length(c) < 0)

table 2 : explain SELECT * from sbtest2 WHERE LENGTH(c) < 0
	Seq Scan on sbtest2  (cost=0.00..457002.76 rows=3330039 width=190)
	  Filter: (length(c) < 0)

table 3 : explain SELECT * from sbtest3 WHERE LENGTH(c) < 0
	Seq Scan on sbtest3  (cost=0.00..479659.61 rows=3331947 width=190)
	  Filter: (length(c) < 0)

table 4 : explain SELECT * from sbtest4 WHERE LENGTH(c) < 0
	Seq Scan on sbtest4  (cost=0.00..480707.65 rows=3329237 width=190)
	  Filter: (length(c) < 0)

table 5 : explain SELECT * from sbtest5 WHERE LENGTH(c) < 0
	Seq Scan on sbtest5  (cost=0.00..479615.94 rows=3334332 width=190)
	  Filter: (length(c) < 0)

table 6 : explain SELECT * from sbtest6 WHERE LENGTH(c) < 0
	Seq Scan on sbtest6  (cost=0.00..466931.62 rows=3333925 width=190)
	  Filter: (length(c) < 0)

table 7 : explain SELECT * from sbtest7 WHERE LENGTH(c) < 0
	Seq Scan on sbtest7  (cost=0.00..475897.66 rows=3332392 width=190)
	  Filter: (length(c) < 0)

table 8 : explain SELECT * from sbtest8 WHERE LENGTH(c) < 0
	Seq Scan on sbtest8  (cost=0.00..462226.53 rows=3332012 width=190)
	  Filter: (length(c) < 0)

for scan
table 1 : explain SELECT * from sbtest1 WHERE LENGTH(c) < 0
	Seq Scan on sbtest1  (cost=0.00..469677.74 rows=3330772 width=190)
	  Filter: (length(c) < 0)

table 2 : explain SELECT * from sbtest2 WHERE LENGTH(c) < 0
	Seq Scan on sbtest2  (cost=0.00..457002.76 rows=3330039 width=190)
	  Filter: (length(c) < 0)

table 3 : explain SELECT * from sbtest3 WHERE LENGTH(c) < 0
	Seq Scan on sbtest3  (cost=0.00..479659.61 rows=3331947 width=190)
	  Filter: (length(c) < 0)

table 4 : explain SELECT * from sbtest4 WHERE LENGTH(c) < 0
	Seq Scan on sbtest4  (cost=0.00..480707.65 rows=3329237 width=190)
	  Filter: (length(c) < 0)

table 5 : explain SELECT * from sbtest5 WHERE LENGTH(c) < 0
	Seq Scan on sbtest5  (cost=0.00..479615.94 rows=3334332 width=190)
	  Filter: (length(c) < 0)

table 6 : explain SELECT * from sbtest6 WHERE LENGTH(c) < 0
	Seq Scan on sbtest6  (cost=0.00..466931.62 rows=3333925 width=190)
	  Filter: (length(c) < 0)

table 7 : explain SELECT * from sbtest7 WHERE LENGTH(c) < 0
	Seq Scan on sbtest7  (cost=0.00..475897.66 rows=3332392 width=190)
	  Filter: (length(c) < 0)

table 8 : explain SELECT * from sbtest8 WHERE LENGTH(c) < 0
	Seq Scan on sbtest8  (cost=0.00..462226.53 rows=3332012 width=190)
	  Filter: (length(c) < 0)

for scan
table 1 : explain SELECT * from sbtest1 WHERE LENGTH(c) < 0
	Seq Scan on sbtest1  (cost=0.00..469677.74 rows=3330772 width=190)
	  Filter: (length(c) < 0)

table 2 : explain SELECT * from sbtest2 WHERE LENGTH(c) < 0
	Seq Scan on sbtest2  (cost=0.00..457002.76 rows=3330039 width=190)
	  Filter: (length(c) < 0)

table 3 : explain SELECT * from sbtest3 WHERE LENGTH(c) < 0
	Seq Scan on sbtest3  (cost=0.00..479659.61 rows=3331947 width=190)
	  Filter: (length(c) < 0)

table 4 : explain SELECT * from sbtest4 WHERE LENGTH(c) < 0
	Seq Scan on sbtest4  (cost=0.00..480707.65 rows=3329237 width=190)
	  Filter: (length(c) < 0)

table 5 : explain SELECT * from sbtest5 WHERE LENGTH(c) < 0
	Seq Scan on sbtest5  (cost=0.00..479615.94 rows=3334332 width=190)
	  Filter: (length(c) < 0)

table 6 : explain SELECT * from sbtest6 WHERE LENGTH(c) < 0
	Seq Scan on sbtest6  (cost=0.00..466931.62 rows=3333925 width=190)
	  Filter: (length(c) < 0)

table 7 : explain SELECT * from sbtest7 WHERE LENGTH(c) < 0
	Seq Scan on sbtest7  (cost=0.00..475897.66 rows=3332392 width=190)
	  Filter: (length(c) < 0)

table 8 : explain SELECT * from sbtest8 WHERE LENGTH(c) < 0
	Seq Scan on sbtest8  (cost=0.00..462226.53 rows=3332012 width=190)
	  Filter: (length(c) < 0)

for scan
table 1 : explain SELECT * from sbtest1 WHERE LENGTH(c) < 0
	Seq Scan on sbtest1  (cost=0.00..469677.74 rows=3330772 width=190)
	  Filter: (length(c) < 0)

table 2 : explain SELECT * from sbtest2 WHERE LENGTH(c) < 0
	Seq Scan on sbtest2  (cost=0.00..457002.76 rows=3330039 width=190)
	  Filter: (length(c) < 0)

table 3 : explain SELECT * from sbtest3 WHERE LENGTH(c) < 0
	Seq Scan on sbtest3  (cost=0.00..479659.61 rows=3331947 width=190)
	  Filter: (length(c) < 0)

table 4 : explain SELECT * from sbtest4 WHERE LENGTH(c) < 0
	Seq Scan on sbtest4  (cost=0.00..480707.65 rows=3329237 width=190)
	  Filter: (length(c) < 0)

table 5 : explain SELECT * from sbtest5 WHERE LENGTH(c) < 0
	Seq Scan on sbtest5  (cost=0.00..479615.94 rows=3334332 width=190)
	  Filter: (length(c) < 0)

table 6 : explain SELECT * from sbtest6 WHERE LENGTH(c) < 0
	Seq Scan on sbtest6  (cost=0.00..466931.62 rows=3333925 width=190)
	  Filter: (length(c) < 0)

table 7 : explain SELECT * from sbtest7 WHERE LENGTH(c) < 0
	Seq Scan on sbtest7  (cost=0.00..475897.66 rows=3332392 width=190)
	  Filter: (length(c) < 0)

table 8 : explain SELECT * from sbtest8 WHERE LENGTH(c) < 0
	Seq Scan on sbtest8  (cost=0.00..462226.53 rows=3332012 width=190)
	  Filter: (length(c) < 0)

for scan
table 1 : explain SELECT * from sbtest1 WHERE LENGTH(c) < 0
	Seq Scan on sbtest1  (cost=0.00..469677.74 rows=3330772 width=190)
	  Filter: (length(c) < 0)

table 2 : explain SELECT * from sbtest2 WHERE LENGTH(c) < 0
	Seq Scan on sbtest2  (cost=0.00..457002.76 rows=3330039 width=190)
	  Filter: (length(c) < 0)

table 3 : explain SELECT * from sbtest3 WHERE LENGTH(c) < 0
	Seq Scan on sbtest3  (cost=0.00..479659.61 rows=3331947 width=190)
	  Filter: (length(c) < 0)

table 4 : explain SELECT * from sbtest4 WHERE LENGTH(c) < 0
	Seq Scan on sbtest4  (cost=0.00..480707.65 rows=3329237 width=190)
	  Filter: (length(c) < 0)

table 5 : explain SELECT * from sbtest5 WHERE LENGTH(c) < 0
	Seq Scan on sbtest5  (cost=0.00..479615.94 rows=3334332 width=190)
	  Filter: (length(c) < 0)

table 6 : explain SELECT * from sbtest6 WHERE LENGTH(c) < 0
	Seq Scan on sbtest6  (cost=0.00..466931.62 rows=3333925 width=190)
	  Filter: (length(c) < 0)

table 7 : explain SELECT * from sbtest7 WHERE LENGTH(c) < 0
	Seq Scan on sbtest7  (cost=0.00..475897.66 rows=3332392 width=190)
	  Filter: (length(c) < 0)

table 8 : explain SELECT * from sbtest8 WHERE LENGTH(c) < 0
	Seq Scan on sbtest8  (cost=0.00..462226.53 rows=3332012 width=190)
	  Filter: (length(c) < 0)

for scan
table 1 : explain SELECT * from sbtest1 WHERE LENGTH(c) < 0
	Seq Scan on sbtest1  (cost=0.00..469677.74 rows=3330772 width=190)
	  Filter: (length(c) < 0)

table 2 : explain SELECT * from sbtest2 WHERE LENGTH(c) < 0
	Seq Scan on sbtest2  (cost=0.00..457002.76 rows=3330039 width=190)
	  Filter: (length(c) < 0)

table 3 : explain SELECT * from sbtest3 WHERE LENGTH(c) < 0
	Seq Scan on sbtest3  (cost=0.00..479659.61 rows=3331947 width=190)
	  Filter: (length(c) < 0)

table 4 : explain SELECT * from sbtest4 WHERE LENGTH(c) < 0
	Seq Scan on sbtest4  (cost=0.00..480707.65 rows=3329237 width=190)
	  Filter: (length(c) < 0)

table 5 : explain SELECT * from sbtest5 WHERE LENGTH(c) < 0
	Seq Scan on sbtest5  (cost=0.00..479615.94 rows=3334332 width=190)
	  Filter: (length(c) < 0)

table 6 : explain SELECT * from sbtest6 WHERE LENGTH(c) < 0
	Seq Scan on sbtest6  (cost=0.00..466931.62 rows=3333925 width=190)
	  Filter: (length(c) < 0)

table 7 : explain SELECT * from sbtest7 WHERE LENGTH(c) < 0
	Seq Scan on sbtest7  (cost=0.00..475897.66 rows=3332392 width=190)
	  Filter: (length(c) < 0)

table 8 : explain SELECT * from sbtest8 WHERE LENGTH(c) < 0
	Seq Scan on sbtest8  (cost=0.00..462226.53 rows=3332012 width=190)
	  Filter: (length(c) < 0)

for scan
table 1 : explain SELECT * from sbtest1 WHERE LENGTH(c) < 0
	Seq Scan on sbtest1  (cost=0.00..469677.74 rows=3330772 width=190)
	  Filter: (length(c) < 0)

table 2 : explain SELECT * from sbtest2 WHERE LENGTH(c) < 0
	Seq Scan on sbtest2  (cost=0.00..457002.76 rows=3330039 width=190)
	  Filter: (length(c) < 0)

table 3 : explain SELECT * from sbtest3 WHERE LENGTH(c) < 0
	Seq Scan on sbtest3  (cost=0.00..479659.61 rows=3331947 width=190)
	  Filter: (length(c) < 0)

table 4 : explain SELECT * from sbtest4 WHERE LENGTH(c) < 0
	Seq Scan on sbtest4  (cost=0.00..480707.65 rows=3329237 width=190)
	  Filter: (length(c) < 0)

table 5 : explain SELECT * from sbtest5 WHERE LENGTH(c) < 0
	Seq Scan on sbtest5  (cost=0.00..479615.94 rows=3334332 width=190)
	  Filter: (length(c) < 0)

table 6 : explain SELECT * from sbtest6 WHERE LENGTH(c) < 0
	Seq Scan on sbtest6  (cost=0.00..466931.62 rows=3333925 width=190)
	  Filter: (length(c) < 0)

table 7 : explain SELECT * from sbtest7 WHERE LENGTH(c) < 0
	Seq Scan on sbtest7  (cost=0.00..475897.66 rows=3332392 width=190)
	  Filter: (length(c) < 0)

table 8 : explain SELECT * from sbtest8 WHERE LENGTH(c) < 0
	Seq Scan on sbtest8  (cost=0.00..462226.53 rows=3332012 width=190)
	  Filter: (length(c) < 0)

for scan
table 1 : explain SELECT * from sbtest1 WHERE LENGTH(c) < 0
	Seq Scan on sbtest1  (cost=0.00..469677.74 rows=3330772 width=190)
	  Filter: (length(c) < 0)

table 2 : explain SELECT * from sbtest2 WHERE LENGTH(c) < 0
	Seq Scan on sbtest2  (cost=0.00..457002.76 rows=3330039 width=190)
	  Filter: (length(c) < 0)

table 3 : explain SELECT * from sbtest3 WHERE LENGTH(c) < 0
	Seq Scan on sbtest3  (cost=0.00..479659.61 rows=3331947 width=190)
	  Filter: (length(c) < 0)

table 4 : explain SELECT * from sbtest4 WHERE LENGTH(c) < 0
	Seq Scan on sbtest4  (cost=0.00..480707.65 rows=3329237 width=190)
	  Filter: (length(c) < 0)

table 5 : explain SELECT * from sbtest5 WHERE LENGTH(c) < 0
	Seq Scan on sbtest5  (cost=0.00..479615.94 rows=3334332 width=190)
	  Filter: (length(c) < 0)

table 6 : explain SELECT * from sbtest6 WHERE LENGTH(c) < 0
	Seq Scan on sbtest6  (cost=0.00..466931.62 rows=3333925 width=190)
	  Filter: (length(c) < 0)

table 7 : explain SELECT * from sbtest7 WHERE LENGTH(c) < 0
	Seq Scan on sbtest7  (cost=0.00..475897.66 rows=3332392 width=190)
	  Filter: (length(c) < 0)

table 8 : explain SELECT * from sbtest8 WHERE LENGTH(c) < 0
	Seq Scan on sbtest8  (cost=0.00..462226.53 rows=3332012 width=190)
	  Filter: (length(c) < 0)

for scan
table 1 : explain SELECT * from sbtest1 WHERE LENGTH(c) < 0
	Seq Scan on sbtest1  (cost=0.00..469677.74 rows=3330772 width=190)
	  Filter: (length(c) < 0)

table 2 : explain SELECT * from sbtest2 WHERE LENGTH(c) < 0
	Seq Scan on sbtest2  (cost=0.00..457002.76 rows=3330039 width=190)
	  Filter: (length(c) < 0)

table 3 : explain SELECT * from sbtest3 WHERE LENGTH(c) < 0
	Seq Scan on sbtest3  (cost=0.00..479659.61 rows=3331947 width=190)
	  Filter: (length(c) < 0)

table 4 : explain SELECT * from sbtest4 WHERE LENGTH(c) < 0
	Seq Scan on sbtest4  (cost=0.00..480707.65 rows=3329237 width=190)
	  Filter: (length(c) < 0)

table 5 : explain SELECT * from sbtest5 WHERE LENGTH(c) < 0
	Seq Scan on sbtest5  (cost=0.00..479615.94 rows=3334332 width=190)
	  Filter: (length(c) < 0)

table 6 : explain SELECT * from sbtest6 WHERE LENGTH(c) < 0
	Seq Scan on sbtest6  (cost=0.00..466931.62 rows=3333925 width=190)
	  Filter: (length(c) < 0)

table 7 : explain SELECT * from sbtest7 WHERE LENGTH(c) < 0
	Seq Scan on sbtest7  (cost=0.00..475897.66 rows=3332392 width=190)
	  Filter: (length(c) < 0)

table 8 : explain SELECT * from sbtest8 WHERE LENGTH(c) < 0
	Seq Scan on sbtest8  (cost=0.00..462226.53 rows=3332012 width=190)
	  Filter: (length(c) < 0)

Threads started!

Warming up for 5 seconds...

SQL statistics:
    queries performed:
        read:                            6086
        write:                           0
        other:                           0
        total:                           6086
    transactions:                        6086   (9.60 per sec.)
    queries:                             6086   (9.60 per sec.)
    ignored errors:                      0      (0.00 per sec.)
    reconnects:                          0      (0.00 per sec.)

Throughput:
    events/s (eps):                      9.5986
    time elapsed:                        634.0509s
    total number of events:              6086

Latency (ms):
         min:                                 4067.21
         avg:                                 4154.02
         max:                                 4267.65
         95th percentile:                     4280.32
         sum:                             25281335.52

Threads fairness:
    events (avg/stddev):           152.1500/2.19
    execution time (avg/stddev):   632.0334/1.24

