LUA_PATH=/home/mdcallag/git/mytools/bench/sysbench.lua/lua/?.lua /home/mdcallag/git/mytools/bench/sysbench.lua/lua/sysbench --db-driver=pgsql --range-size=10000 --table-size=10000000 --tables=8 --threads=40 --events=0 --warmup-time=5 --time=630 --pgsql_conn_id=true /home/mdcallag/git/mytools/bench/sysbench.lua/lua/oltp_read_only.lua run --pgsql-user=root --pgsql-password=pw --pgsql-host=127.0.0.1 --pgsql-db=ib --rand-type=uniform
48 CPUs
sysbench 1.1.0-9072687 (using bundled LuaJIT 2.1.0-beta3)

Running the test with following options:
Number of threads: 40
Warmup time: 5s
Initializing random number generator from current time


Initializing worker threads...

explain: for point_selects :: explain SELECT c FROM sbtest%u WHERE id=%u
explain: for point_selects :: explain SELECT c FROM sbtest%u WHERE id=%u
for point_selects
table 1 : explain SELECT c FROM sbtest1 WHERE id=2428427
	Index Scan using sbtest1_pkey on sbtest1  (cost=0.43..8.45 rows=1 width=121)
	  Index Cond: (id = 2428427)

table 2 : explain SELECT c FROM sbtest2 WHERE id=8676539
	Index Scan using sbtest2_pkey on sbtest2  (cost=0.43..8.45 rows=1 width=121)
	  Index Cond: (id = 8676539)

table 3 : explain SELECT c FROM sbtest3 WHERE id=8649155
	Index Scan using sbtest3_pkey on sbtest3  (cost=0.43..8.45 rows=1 width=121)
	  Index Cond: (id = 8649155)

table 4 : explain SELECT c FROM sbtest4 WHERE id=7684514
	Index Scan using sbtest4_pkey on sbtest4  (cost=0.43..8.45 rows=1 width=121)
	  Index Cond: (id = 7684514)

table 5 : explain SELECT c FROM sbtest5 WHERE id=9351199
	Index Scan using sbtest5_pkey on sbtest5  (cost=0.43..8.45 rows=1 width=121)
	  Index Cond: (id = 9351199)

table 6 : explain SELECT c FROM sbtest6 WHERE id=1850951
	Index Scan using sbtest6_pkey on sbtest6  (cost=0.43..8.45 rows=1 width=121)
	  Index Cond: (id = 1850951)

table 7 : explain SELECT c FROM sbtest7 WHERE id=1055858
	Index Scan using sbtest7_pkey on sbtest7  (cost=0.43..8.45 rows=1 width=121)
	  Index Cond: (id = 1055858)

table 8 : explain SELECT c FROM sbtest8 WHERE id=47170
	Index Scan using sbtest8_pkey on sbtest8  (cost=0.43..8.45 rows=1 width=121)
	  Index Cond: (id = 47170)

explain: for point_selects :: explain SELECT c FROM sbtest%u WHERE id=%u
explain: for point_selects :: explain SELECT c FROM sbtest%u WHERE id=%u
explain: for point_selects :: explain SELECT c FROM sbtest%u WHERE id=%u
explain: for point_selects :: explain SELECT c FROM sbtest%u WHERE id=%u
for: simple_ranges
table 1 : explain SELECT c FROM sbtest1 WHERE id BETWEEN 6553795 AND 6563794
	Bitmap Heap Scan on sbtest1  (cost=293.57..31767.27 rows=9086 width=121)
	  Recheck Cond: ((id >= 6553795) AND (id <= 6563794))
	  ->  Bitmap Index Scan on sbtest1_pkey  (cost=0.00..291.30 rows=9086 width=0)
	        Index Cond: ((id >= 6553795) AND (id <= 6563794))

table 2 : explain SELECT c FROM sbtest2 WHERE id BETWEEN 9019407 AND 9029406
	Bitmap Heap Scan on sbtest2  (cost=321.89..34233.40 rows=9898 width=121)
	  Recheck Cond: ((id >= 9019407) AND (id <= 9029406))
	  ->  Bitmap Index Scan on sbtest2_pkey  (cost=0.00..319.42 rows=9898 width=0)
	        Index Cond: ((id >= 9019407) AND (id <= 9029406))

table 3 : explain SELECT c FROM sbtest3 WHERE id BETWEEN 2666866 AND 2676865
	Bitmap Heap Scan on sbtest3  (cost=310.03..33246.03 rows=9521 width=121)
	  Recheck Cond: ((id >= 2666866) AND (id <= 2676865))
	  ->  Bitmap Index Scan on sbtest3_pkey  (cost=0.00..307.65 rows=9521 width=0)
	        Index Cond: ((id >= 2666866) AND (id <= 2676865))

table 4 : explain SELECT c FROM sbtest4 WHERE id BETWEEN 8511701 AND 8521700
	Bitmap Heap Scan on sbtest4  (cost=321.99..34488.40 rows=9908 width=121)
	  Recheck Cond: ((id >= 8511701) AND (id <= 8521700))
	  ->  Bitmap Index Scan on sbtest4_pkey  (cost=0.00..319.51 rows=9908 width=0)
	        Index Cond: ((id >= 8511701) AND (id <= 8521700))

table 5 : explain SELECT c FROM sbtest5 WHERE id BETWEEN 4418419 AND 4428418
	Bitmap Heap Scan on sbtest5  (cost=374.78..39622.76 rows=11546 width=121)
	  Recheck Cond: ((id >= 4418419) AND (id <= 4428418))
	  ->  Bitmap Index Scan on sbtest5_pkey  (cost=0.00..371.90 rows=11546 width=0)
	        Index Cond: ((id >= 4418419) AND (id <= 4428418))

table 6 : explain SELECT c FROM sbtest6 WHERE id BETWEEN 9515065 AND 9525064
	Bitmap Heap Scan on sbtest6  (cost=327.89..34942.02 rows=10093 width=121)
	  Recheck Cond: ((id >= 9515065) AND (id <= 9525064))
	  ->  Bitmap Index Scan on sbtest6_pkey  (cost=0.00..325.37 rows=10093 width=0)
	        Index Cond: ((id >= 9515065) AND (id <= 9525064))

table 7 : explain SELECT c FROM sbtest7 WHERE id BETWEEN 3530512 AND 3540511
	Bitmap Heap Scan on sbtest7  (cost=309.65..33094.60 rows=9484 width=121)
	  Recheck Cond: ((id >= 3530512) AND (id <= 3540511))
	  ->  Bitmap Index Scan on sbtest7_pkey  (cost=0.00..307.28 rows=9484 width=0)
	        Index Cond: ((id >= 3530512) AND (id <= 3540511))

table 8 : explain SELECT c FROM sbtest8 WHERE id BETWEEN 7476481 AND 7486480
	Bitmap Heap Scan on sbtest8  (cost=304.08..32487.42 rows=9331 width=121)
	  Recheck Cond: ((id >= 7476481) AND (id <= 7486480))
	  ->  Bitmap Index Scan on sbtest8_pkey  (cost=0.00..301.75 rows=9331 width=0)
	        Index Cond: ((id >= 7476481) AND (id <= 7486480))

for point_selects
table 1 : explain SELECT c FROM sbtest1 WHERE id=6488955
	Index Scan using sbtest1_pkey on sbtest1  (cost=0.43..8.45 rows=1 width=121)
	  Index Cond: (id = 6488955)

table 2 : explain SELECT c FROM sbtest2 WHERE id=5123528
	Index Scan using sbtest2_pkey on sbtest2  (cost=0.43..8.45 rows=1 width=121)
	  Index Cond: (id = 5123528)

table 3 : explain SELECT c FROM sbtest3 WHERE id=2164283
	Index Scan using sbtest3_pkey on sbtest3  (cost=0.43..8.45 rows=1 width=121)
	  Index Cond: (id = 2164283)

table 4 : explain SELECT c FROM sbtest4 WHERE id=4025656
	Index Scan using sbtest4_pkey on sbtest4  (cost=0.43..8.45 rows=1 width=121)
	  Index Cond: (id = 4025656)

table 5 : explain SELECT c FROM sbtest5 WHERE id=5443052
	Index Scan using sbtest5_pkey on sbtest5  (cost=0.43..8.45 rows=1 width=121)
	  Index Cond: (id = 5443052)

table 6 : explain SELECT c FROM sbtest6 WHERE id=1672032
	Index Scan using sbtest6_pkey on sbtest6  (cost=0.43..8.45 rows=1 width=121)
	  Index Cond: (id = 1672032)

table 7 : explain SELECT c FROM sbtest7 WHERE id=3948719
	Index Scan using sbtest7_pkey on sbtest7  (cost=0.43..8.45 rows=1 width=121)
	  Index Cond: (id = 3948719)

table 8 : explain SELECT c FROM sbtest8 WHERE id=9342435
	Index Scan using sbtest8_pkey on sbtest8  (cost=0.43..8.45 rows=1 width=121)
	  Index Cond: (id = 9342435)

explain: for point_selects :: explain SELECT c FROM sbtest%u WHERE id=%u
for point_selects
table 1 : explain SELECT c FROM sbtest1 WHERE id=3131204
	Index Scan using sbtest1_pkey on sbtest1  (cost=0.43..8.45 rows=1 width=121)
	  Index Cond: (id = 3131204)

table 2 : explain SELECT c FROM sbtest2 WHERE id=1216183
	Index Scan using sbtest2_pkey on sbtest2  (cost=0.43..8.45 rows=1 width=121)
	  Index Cond: (id = 1216183)

table 3 : explain SELECT c FROM sbtest3 WHERE id=9960008
	Index Scan using sbtest3_pkey on sbtest3  (cost=0.43..8.45 rows=1 width=121)
	  Index Cond: (id = 9960008)

table 4 : explain SELECT c FROM sbtest4 WHERE id=8117908
	Index Scan using sbtest4_pkey on sbtest4  (cost=0.43..8.45 rows=1 width=121)
	  Index Cond: (id = 8117908)

table 5 : explain SELECT c FROM sbtest5 WHERE id=4291204
	Index Scan using sbtest5_pkey on sbtest5  (cost=0.43..8.45 rows=1 width=121)
	  Index Cond: (id = 4291204)

table 6 : explain SELECT c FROM sbtest6 WHERE id=991124
	Index Scan using sbtest6_pkey on sbtest6  (cost=0.43..8.45 rows=1 width=121)
	  Index Cond: (id = 991124)

table 7 : explain SELECT c FROM sbtest7 WHERE id=4126346
	Index Scan using sbtest7_pkey on sbtest7  (cost=0.43..8.45 rows=1 width=121)
	  Index Cond: (id = 4126346)

table 8 : explain SELECT c FROM sbtest8 WHERE id=3018589
	Index Scan using sbtest8_pkey on sbtest8  (cost=0.43..8.45 rows=1 width=121)
	  Index Cond: (id = 3018589)

for: simple_ranges
table 1 : explain SELECT c FROM sbtest1 WHERE id BETWEEN 5730192 AND 5740191
	Bitmap Heap Scan on sbtest1  (cost=356.98..37751.63 rows=10980 width=121)
	  Recheck Cond: ((id >= 5730192) AND (id <= 5740191))
	  ->  Bitmap Index Scan on sbtest1_pkey  (cost=0.00..354.24 rows=10980 width=0)
	        Index Cond: ((id >= 5730192) AND (id <= 5740191))

table 2 : explain SELECT c FROM sbtest2 WHERE id BETWEEN 7810345 AND 7820344
	Bitmap Heap Scan on sbtest2  (cost=357.08..37636.98 rows=10990 width=121)
	  Recheck Cond: ((id >= 7810345) AND (id <= 7820344))
	  ->  Bitmap Index Scan on sbtest2_pkey  (cost=0.00..354.33 rows=10990 width=0)
	        Index Cond: ((id >= 7810345) AND (id <= 7820344))

table 3 : explain SELECT c FROM sbtest3 WHERE id BETWEEN 2745360 AND 2755359
	Bitmap Heap Scan on sbtest3  (cost=304.02..32617.35 rows=9325 width=121)
	  Recheck Cond: ((id >= 2745360) AND (id <= 2755359))
	  ->  Bitmap Index Scan on sbtest3_pkey  (cost=0.00..301.69 rows=9325 width=0)
	        Index Cond: ((id >= 2745360) AND (id <= 2755359))

table 4 : explain SELECT c FROM sbtest4 WHERE id BETWEEN 8550023 AND 8560022
	Bitmap Heap Scan on sbtest4  (cost=321.99..34488.40 rows=9908 width=121)
	  Recheck Cond: ((id >= 8550023) AND (id <= 8560022))
	  ->  Bitmap Index Scan on sbtest4_pkey  (cost=0.00..319.51 rows=9908 width=0)
	        Index Cond: ((id >= 8550023) AND (id <= 8560022))

table 5 : explain SELECT c FROM sbtest5 WHERE id BETWEEN 130861 AND 140860
	Bitmap Heap Scan on sbtest5  (cost=316.85..34122.94 rows=9797 width=121)
	  Recheck Cond: ((id >= 130861) AND (id <= 140860))
	  ->  Bitmap Index Scan on sbtest5_pkey  (cost=0.00..314.41 rows=9797 width=0)
	        Index Cond: ((id >= 130861) AND (id <= 140860))

table 6 : explain SELECT c FROM sbtest6 WHERE id BETWEEN 7794783 AND 7804782
	Bitmap Heap Scan on sbtest6  (cost=334.82..35839.01 rows=10379 width=121)
	  Recheck Cond: ((id >= 7794783) AND (id <= 7804782))
	  ->  Bitmap Index Scan on sbtest6_pkey  (cost=0.00..332.23 rows=10379 width=0)
	        Index Cond: ((id >= 7794783) AND (id <= 7804782))

table 7 : explain SELECT c FROM sbtest7 WHERE id BETWEEN 5689475 AND 5699474
	Bitmap Heap Scan on sbtest7  (cost=287.38..31132.58 rows=8873 width=121)
	  Recheck Cond: ((id >= 5689475) AND (id <= 5699474))
	  ->  Bitmap Index Scan on sbtest7_pkey  (cost=0.00..285.17 rows=8873 width=0)
	        Index Cond: ((id >= 5689475) AND (id <= 5699474))

table 8 : explain SELECT c FROM sbtest8 WHERE id BETWEEN 4391012 AND 4401011
	Bitmap Heap Scan on sbtest8  (cost=333.76..35470.68 rows=10276 width=121)
	  Recheck Cond: ((id >= 4391012) AND (id <= 4401011))
	  ->  Bitmap Index Scan on sbtest8_pkey  (cost=0.00..331.19 rows=10276 width=0)
	        Index Cond: ((id >= 4391012) AND (id <= 4401011))

explain: for point_selects :: explain SELECT c FROM sbtest%u WHERE id=%u
for point_selects
table 1 : explain SELECT c FROM sbtest1 WHERE id=3817166
	Index Scan using sbtest1_pkey on sbtest1  (cost=0.43..8.45 rows=1 width=121)
	  Index Cond: (id = 3817166)

table 2 : explain SELECT c FROM sbtest2 WHERE id=5346709
	Index Scan using sbtest2_pkey on sbtest2  (cost=0.43..8.45 rows=1 width=121)
	  Index Cond: (id = 5346709)

table 3 : explain SELECT c FROM sbtest3 WHERE id=9429983
	Index Scan using sbtest3_pkey on sbtest3  (cost=0.43..8.45 rows=1 width=121)
	  Index Cond: (id = 9429983)

table 4 : explain SELECT c FROM sbtest4 WHERE id=577326
	Index Scan using sbtest4_pkey on sbtest4  (cost=0.43..8.45 rows=1 width=121)
	  Index Cond: (id = 577326)

table 5 : explain SELECT c FROM sbtest5 WHERE id=1724289
	Index Scan using sbtest5_pkey on sbtest5  (cost=0.43..8.45 rows=1 width=121)
	  Index Cond: (id = 1724289)

table 6 : explain SELECT c FROM sbtest6 WHERE id=2048470
	Index Scan using sbtest6_pkey on sbtest6  (cost=0.43..8.45 rows=1 width=121)
	  Index Cond: (id = 2048470)

table 7 : explain SELECT c FROM sbtest7 WHERE id=7755922
	Index Scan using sbtest7_pkey on sbtest7  (cost=0.43..8.45 rows=1 width=121)
	  Index Cond: (id = 7755922)

table 8 : explain SELECT c FROM sbtest8 WHERE id=3318123
	Index Scan using sbtest8_pkey on sbtest8  (cost=0.43..8.45 rows=1 width=121)
	  Index Cond: (id = 3318123)

for: simple_ranges
table 1 : explain SELECT c FROM sbtest1 WHERE id BETWEEN 6210650 AND 6220649
	Bitmap Heap Scan on sbtest1  (cost=321.32..34178.34 rows=9842 width=121)
	  Recheck Cond: ((id >= 6210650) AND (id <= 6220649))
	  ->  Bitmap Index Scan on sbtest1_pkey  (cost=0.00..318.86 rows=9842 width=0)
	        Index Cond: ((id >= 6210650) AND (id <= 6220649))

table 2 : explain SELECT c FROM sbtest2 WHERE id BETWEEN 4428683 AND 4438682
	Bitmap Heap Scan on sbtest2  (cost=345.46..36541.48 rows=10637 width=121)
	  Recheck Cond: ((id >= 4428683) AND (id <= 4438682))
	  ->  Bitmap Index Scan on sbtest2_pkey  (cost=0.00..342.81 rows=10637 width=0)
	        Index Cond: ((id >= 4428683) AND (id <= 4438682))

table 3 : explain SELECT c FROM sbtest3 WHERE id BETWEEN 5674684 AND 5684683
	Bitmap Heap Scan on sbtest3  (cost=346.30..37039.27 rows=10719 width=121)
	  Recheck Cond: ((id >= 5674684) AND (id <= 5684683))
	  ->  Bitmap Index Scan on sbtest3_pkey  (cost=0.00..343.62 rows=10719 width=0)
	        Index Cond: ((id >= 5674684) AND (id <= 5684683))

table 4 : explain SELECT c FROM sbtest4 WHERE id BETWEEN 7259332 AND 7269331
	Bitmap Heap Scan on sbtest4  (cost=293.23..31751.24 rows=9053 width=121)
	  Recheck Cond: ((id >= 7259332) AND (id <= 7269331))
	  ->  Bitmap Index Scan on sbtest4_pkey  (cost=0.00..290.96 rows=9053 width=0)
	        Index Cond: ((id >= 7259332) AND (id <= 7269331))

table 5 : explain SELECT c FROM sbtest5 WHERE id BETWEEN 3106219 AND 3116218
	Bitmap Heap Scan on sbtest5  (cost=334.39..35835.57 rows=10337 width=121)
	  Recheck Cond: ((id >= 3106219) AND (id <= 3116218))
	  ->  Bitmap Index Scan on sbtest5_pkey  (cost=0.00..331.81 rows=10337 width=0)
	        Index Cond: ((id >= 3106219) AND (id <= 3116218))

table 6 : explain SELECT c FROM sbtest6 WHERE id BETWEEN 2000873 AND 2010872
	Bitmap Heap Scan on sbtest6  (cost=311.17..33485.75 rows=9633 width=121)
	  Recheck Cond: ((id >= 2000873) AND (id <= 2010872))
	  ->  Bitmap Index Scan on sbtest6_pkey  (cost=0.00..308.76 rows=9633 width=0)
	        Index Cond: ((id >= 2000873) AND (id <= 2010872))

table 7 : explain SELECT c FROM sbtest7 WHERE id BETWEEN 1586275 AND 1596274
	Bitmap Heap Scan on sbtest7  (cost=303.77..32512.22 rows=9301 width=121)
	  Recheck Cond: ((id >= 1586275) AND (id <= 1596274))
	  ->  Bitmap Index Scan on sbtest7_pkey  (cost=0.00..301.44 rows=9301 width=0)
	        Index Cond: ((id >= 1586275) AND (id <= 1596274))

table 8 : explain SELECT c FROM sbtest8 WHERE id BETWEEN 418654 AND 428653
	Bitmap Heap Scan on sbtest8  (cost=298.16..31893.76 rows=9144 width=121)
	  Recheck Cond: ((id >= 418654) AND (id <= 428653))
	  ->  Bitmap Index Scan on sbtest8_pkey  (cost=0.00..295.88 rows=9144 width=0)
	        Index Cond: ((id >= 418654) AND (id <= 428653))

for point_selects
table 1 : explain SELECT c FROM sbtest1 WHERE id=751693
	Index Scan using sbtest1_pkey on sbtest1  (cost=0.43..8.45 rows=1 width=121)
	  Index Cond: (id = 751693)

table 2 : explain SELECT c FROM sbtest2 WHERE id=7031290
	Index Scan using sbtest2_pkey on sbtest2  (cost=0.43..8.45 rows=1 width=121)
	  Index Cond: (id = 7031290)

table 3 : explain SELECT c FROM sbtest3 WHERE id=2663059
	Index Scan using sbtest3_pkey on sbtest3  (cost=0.43..8.45 rows=1 width=121)
	  Index Cond: (id = 2663059)

table 4 : explain SELECT c FROM sbtest4 WHERE id=2866499
	Index Scan using sbtest4_pkey on sbtest4  (cost=0.43..8.45 rows=1 width=121)
	  Index Cond: (id = 2866499)

table 5 : explain SELECT c FROM sbtest5 WHERE id=4387925
	Index Scan using sbtest5_pkey on sbtest5  (cost=0.43..8.45 rows=1 width=121)
	  Index Cond: (id = 4387925)

table 6 : explain SELECT c FROM sbtest6 WHERE id=2579882
	Index Scan using sbtest6_pkey on sbtest6  (cost=0.43..8.45 rows=1 width=121)
	  Index Cond: (id = 2579882)

table 7 : explain SELECT c FROM sbtest7 WHERE id=5795156
	Index Scan using sbtest7_pkey on sbtest7  (cost=0.43..8.45 rows=1 width=121)
	  Index Cond: (id = 5795156)

table 8 : explain SELECT c FROM sbtest8 WHERE id=8003898
	Index Scan using sbtest8_pkey on sbtest8  (cost=0.43..8.45 rows=1 width=121)
	  Index Cond: (id = 8003898)

explain: for point_selects :: explain SELECT c FROM sbtest%u WHERE id=%u
explain: for point_selects :: explain SELECT c FROM sbtest%u WHERE id=%u
explain: for point_selects :: explain SELECT c FROM sbtest%u WHERE id=%u
for point_selects
table 1 : explain SELECT c FROM sbtest1 WHERE id=1740093
	Index Scan using sbtest1_pkey on sbtest1  (cost=0.43..8.45 rows=1 width=121)
	  Index Cond: (id = 1740093)

table 2 : explain SELECT c FROM sbtest2 WHERE id=8901209
	Index Scan using sbtest2_pkey on sbtest2  (cost=0.43..8.45 rows=1 width=121)
	  Index Cond: (id = 8901209)

table 3 : explain SELECT c FROM sbtest3 WHERE id=4105281
	Index Scan using sbtest3_pkey on sbtest3  (cost=0.43..8.45 rows=1 width=121)
	  Index Cond: (id = 4105281)

table 4 : explain SELECT c FROM sbtest4 WHERE id=7304412
	Index Scan using sbtest4_pkey on sbtest4  (cost=0.43..8.45 rows=1 width=121)
	  Index Cond: (id = 7304412)

table 5 : explain SELECT c FROM sbtest5 WHERE id=2863783
	Index Scan using sbtest5_pkey on sbtest5  (cost=0.43..8.45 rows=1 width=121)
	  Index Cond: (id = 2863783)

table 6 : explain SELECT c FROM sbtest6 WHERE id=2587005
	Index Scan using sbtest6_pkey on sbtest6  (cost=0.43..8.45 rows=1 width=121)
	  Index Cond: (id = 2587005)

table 7 : explain SELECT c FROM sbtest7 WHERE id=949485
	Index Scan using sbtest7_pkey on sbtest7  (cost=0.43..8.45 rows=1 width=121)
	  Index Cond: (id = 949485)

table 8 : explain SELECT c FROM sbtest8 WHERE id=2099987
	Index Scan using sbtest8_pkey on sbtest8  (cost=0.43..8.45 rows=1 width=121)
	  Index Cond: (id = 2099987)

explain: for point_selects :: explain SELECT c FROM sbtest%u WHERE id=%u
for point_selects
table 1 : explain SELECT c FROM sbtest1 WHERE id=599603
	Index Scan using sbtest1_pkey on sbtest1  (cost=0.43..8.45 rows=1 width=121)
	  Index Cond: (id = 599603)

table 2 : explain SELECT c FROM sbtest2 WHERE id=282430
	Index Scan using sbtest2_pkey on sbtest2  (cost=0.43..8.45 rows=1 width=121)
	  Index Cond: (id = 282430)

table 3 : explain SELECT c FROM sbtest3 WHERE id=8841427
	Index Scan using sbtest3_pkey on sbtest3  (cost=0.43..8.45 rows=1 width=121)
	  Index Cond: (id = 8841427)

table 4 : explain SELECT c FROM sbtest4 WHERE id=6425522
	Index Scan using sbtest4_pkey on sbtest4  (cost=0.43..8.45 rows=1 width=121)
	  Index Cond: (id = 6425522)

table 5 : explain SELECT c FROM sbtest5 WHERE id=7359893
	Index Scan using sbtest5_pkey on sbtest5  (cost=0.43..8.45 rows=1 width=121)
	  Index Cond: (id = 7359893)

table 6 : explain SELECT c FROM sbtest6 WHERE id=728035
	Index Scan using sbtest6_pkey on sbtest6  (cost=0.43..8.45 rows=1 width=121)
	  Index Cond: (id = 728035)

table 7 : explain SELECT c FROM sbtest7 WHERE id=9004548
	Index Scan using sbtest7_pkey on sbtest7  (cost=0.43..8.45 rows=1 width=121)
	  Index Cond: (id = 9004548)

table 8 : explain SELECT c FROM sbtest8 WHERE id=8759530
	Index Scan using sbtest8_pkey on sbtest8  (cost=0.43..8.45 rows=1 width=121)
	  Index Cond: (id = 8759530)

for: simple_ranges
table 1 : explain SELECT c FROM sbtest1 WHERE id BETWEEN 4721572 AND 4731571
	Bitmap Heap Scan on sbtest1  (cost=327.30..34791.24 rows=10036 width=121)
	  Recheck Cond: ((id >= 4721572) AND (id <= 4731571))
	  ->  Bitmap Index Scan on sbtest1_pkey  (cost=0.00..324.80 rows=10036 width=0)
	        Index Cond: ((id >= 4721572) AND (id <= 4731571))

table 2 : explain SELECT c FROM sbtest2 WHERE id BETWEEN 9966888 AND 9976887
	Bitmap Heap Scan on sbtest2  (cost=311.34..33443.85 rows=9649 width=121)
	  Recheck Cond: ((id >= 9966888) AND (id <= 9976887))
	  ->  Bitmap Index Scan on sbtest2_pkey  (cost=0.00..308.93 rows=9649 width=0)
	        Index Cond: ((id >= 9966888) AND (id <= 9976887))

table 3 : explain SELECT c FROM sbtest3 WHERE id BETWEEN 4431441 AND 4441440
	Bitmap Heap Scan on sbtest3  (cost=310.59..33419.12 rows=9576 width=121)
	  Recheck Cond: ((id >= 4431441) AND (id <= 4441440))
	  ->  Bitmap Index Scan on sbtest3_pkey  (cost=0.00..308.19 rows=9576 width=0)
	        Index Cond: ((id >= 4431441) AND (id <= 4441440))

table 4 : explain SELECT c FROM sbtest4 WHERE id BETWEEN 204799 AND 214798
	Bitmap Heap Scan on sbtest4  (cost=322.21..34556.69 rows=9929 width=121)
	  Recheck Cond: ((id >= 204799) AND (id <= 214798))
	  ->  Bitmap Index Scan on sbtest4_pkey  (cost=0.00..319.73 rows=9929 width=0)
	        Index Cond: ((id >= 204799) AND (id <= 214798))

table 5 : explain SELECT c FROM sbtest5 WHERE id BETWEEN 6863879 AND 6873878
	Bitmap Heap Scan on sbtest5  (cost=321.49..34322.22 rows=9859 width=121)
	  Recheck Cond: ((id >= 6863879) AND (id <= 6873878))
	  ->  Bitmap Index Scan on sbtest5_pkey  (cost=0.00..319.03 rows=9859 width=0)
	        Index Cond: ((id >= 6863879) AND (id <= 6873878))

table 6 : explain SELECT c FROM sbtest6 WHERE id BETWEEN 829891 AND 839890
	Bitmap Heap Scan on sbtest6  (cost=322.78..34601.94 rows=9985 width=121)
	  Recheck Cond: ((id >= 829891) AND (id <= 839890))
	  ->  Bitmap Index Scan on sbtest6_pkey  (cost=0.00..320.29 rows=9985 width=0)
	        Index Cond: ((id >= 829891) AND (id <= 839890))

table 7 : explain SELECT c FROM sbtest7 WHERE id BETWEEN 4712076 AND 4722075
	Bitmap Heap Scan on sbtest7  (cost=304.60..32767.27 rows=9382 width=121)
	  Recheck Cond: ((id >= 4712076) AND (id <= 4722075))
	  ->  Bitmap Index Scan on sbtest7_pkey  (cost=0.00..302.25 rows=9382 width=0)
	        Index Cond: ((id >= 4712076) AND (id <= 4722075))

table 8 : explain SELECT c FROM sbtest8 WHERE id BETWEEN 3290898 AND 3300897
	Bitmap Heap Scan on sbtest8  (cost=351.23..37137.06 rows=10809 width=121)
	  Recheck Cond: ((id >= 3290898) AND (id <= 3300897))
	  ->  Bitmap Index Scan on sbtest8_pkey  (cost=0.00..348.53 rows=10809 width=0)
	        Index Cond: ((id >= 3290898) AND (id <= 3300897))

for: simple_ranges
table 1 : explain SELECT c FROM sbtest1 WHERE id BETWEEN 9794566 AND 9804565
	Bitmap Heap Scan on sbtest1  (cost=334.50..35773.62 rows=10348 width=121)
	  Recheck Cond: ((id >= 9794566) AND (id <= 9804565))
	  ->  Bitmap Index Scan on sbtest1_pkey  (cost=0.00..331.92 rows=10348 width=0)
	        Index Cond: ((id >= 9794566) AND (id <= 9804565))

table 2 : explain SELECT c FROM sbtest2 WHERE id BETWEEN 9279970 AND 9289969
	Bitmap Heap Scan on sbtest2  (cost=328.61..35061.58 rows=10163 width=121)
	  Recheck Cond: ((id >= 9279970) AND (id <= 9289969))
	  ->  Bitmap Index Scan on sbtest2_pkey  (cost=0.00..326.06 rows=10163 width=0)
	        Index Cond: ((id >= 9279970) AND (id <= 9289969))

table 3 : explain SELECT c FROM sbtest3 WHERE id BETWEEN 3833036 AND 3843035
	Bitmap Heap Scan on sbtest3  (cost=346.46..37087.57 rows=10734 width=121)
	  Recheck Cond: ((id >= 3833036) AND (id <= 3843035))
	  ->  Bitmap Index Scan on sbtest3_pkey  (cost=0.00..343.78 rows=10734 width=0)
	        Index Cond: ((id >= 3833036) AND (id <= 3843035))

table 4 : explain SELECT c FROM sbtest4 WHERE id BETWEEN 7305521 AND 7315520
	Bitmap Heap Scan on sbtest4  (cost=293.23..31751.24 rows=9053 width=121)
	  Recheck Cond: ((id >= 7305521) AND (id <= 7315520))
	  ->  Bitmap Index Scan on sbtest4_pkey  (cost=0.00..290.96 rows=9053 width=0)
	        Index Cond: ((id >= 7305521) AND (id <= 7315520))

table 5 : explain SELECT c FROM sbtest5 WHERE id BETWEEN 3853464 AND 3863463
	Bitmap Heap Scan on sbtest5  (cost=363.72..38690.98 rows=11247 width=121)
	  Recheck Cond: ((id >= 3853464) AND (id <= 3863463))
	  ->  Bitmap Index Scan on sbtest5_pkey  (cost=0.00..360.91 rows=11247 width=0)
	        Index Cond: ((id >= 3853464) AND (id <= 3863463))

table 6 : explain SELECT c FROM sbtest6 WHERE id BETWEEN 3407785 AND 3417784
	Bitmap Heap Scan on sbtest6  (cost=321.55..34223.37 rows=9865 width=121)
	  Recheck Cond: ((id >= 3407785) AND (id <= 3417784))
	  ->  Bitmap Index Scan on sbtest6_pkey  (cost=0.00..319.08 rows=9865 width=0)
	        Index Cond: ((id >= 3407785) AND (id <= 3417784))

table 7 : explain SELECT c FROM sbtest7 WHERE id BETWEEN 4680379 AND 4690378
	Bitmap Heap Scan on sbtest7  (cost=304.60..32767.27 rows=9382 width=121)
	  Recheck Cond: ((id >= 4680379) AND (id <= 4690378))
	  ->  Bitmap Index Scan on sbtest7_pkey  (cost=0.00..302.25 rows=9382 width=0)
	        Index Cond: ((id >= 4680379) AND (id <= 4690378))

table 8 : explain SELECT c FROM sbtest8 WHERE id BETWEEN 6290384 AND 6300383
	Bitmap Heap Scan on sbtest8  (cost=299.65..32349.98 rows=9289 width=121)
	  Recheck Cond: ((id >= 6290384) AND (id <= 6300383))
	  ->  Bitmap Index Scan on sbtest8_pkey  (cost=0.00..297.32 rows=9289 width=0)
	        Index Cond: ((id >= 6290384) AND (id <= 6300383))

explain: for point_selects :: explain SELECT c FROM sbtest%u WHERE id=%u
explain: for point_selects :: explain SELECT c FROM sbtest%u WHERE id=%u
explain: for point_selects :: explain SELECT c FROM sbtest%u WHERE id=%u
for point_selects
table 1 : explain SELECT c FROM sbtest1 WHERE id=5378846
	Index Scan using sbtest1_pkey on sbtest1  (cost=0.43..8.45 rows=1 width=121)
	  Index Cond: (id = 5378846)

table 2 : explain SELECT c FROM sbtest2 WHERE id=4970356
	Index Scan using sbtest2_pkey on sbtest2  (cost=0.43..8.45 rows=1 width=121)
	  Index Cond: (id = 4970356)

table 3 : explain SELECT c FROM sbtest3 WHERE id=4775058
	Index Scan using sbtest3_pkey on sbtest3  (cost=0.43..8.45 rows=1 width=121)
	  Index Cond: (id = 4775058)

table 4 : explain SELECT c FROM sbtest4 WHERE id=8450941
	Index Scan using sbtest4_pkey on sbtest4  (cost=0.43..8.45 rows=1 width=121)
	  Index Cond: (id = 8450941)

table 5 : explain SELECT c FROM sbtest5 WHERE id=791751
	Index Scan using sbtest5_pkey on sbtest5  (cost=0.43..8.45 rows=1 width=121)
	  Index Cond: (id = 791751)

table 6 : explain SELECT c FROM sbtest6 WHERE id=2306522
	Index Scan using sbtest6_pkey on sbtest6  (cost=0.43..8.45 rows=1 width=121)
	  Index Cond: (id = 2306522)

table 7 : explain SELECT c FROM sbtest7 WHERE id=9528290
	Index Scan using sbtest7_pkey on sbtest7  (cost=0.43..8.45 rows=1 width=121)
	  Index Cond: (id = 9528290)

table 8 : explain SELECT c FROM sbtest8 WHERE id=3240459
	Index Scan using sbtest8_pkey on sbtest8  (cost=0.43..8.45 rows=1 width=121)
	  Index Cond: (id = 3240459)

for: simple_ranges
table 1 : explain SELECT c FROM sbtest1 WHERE id BETWEEN 3525167 AND 3535166
	Bitmap Heap Scan on sbtest1  (cost=321.37..34194.55 rows=9847 width=121)
	  Recheck Cond: ((id >= 3525167) AND (id <= 3535166))
	  ->  Bitmap Index Scan on sbtest1_pkey  (cost=0.00..318.91 rows=9847 width=0)
	        Index Cond: ((id >= 3525167) AND (id <= 3535166))

table 2 : explain SELECT c FROM sbtest2 WHERE id BETWEEN 773643 AND 783642
	Bitmap Heap Scan on sbtest2  (cost=315.73..33567.49 rows=9687 width=121)
	  Recheck Cond: ((id >= 773643) AND (id <= 783642))
	  ->  Bitmap Index Scan on sbtest2_pkey  (cost=0.00..313.31 rows=9687 width=0)
	        Index Cond: ((id >= 773643) AND (id <= 783642))

table 3 : explain SELECT c FROM sbtest3 WHERE id BETWEEN 5312614 AND 5322613
	Bitmap Heap Scan on sbtest3  (cost=334.78..35956.48 rows=10375 width=121)
	  Recheck Cond: ((id >= 5312614) AND (id <= 5322613))
	  ->  Bitmap Index Scan on sbtest3_pkey  (cost=0.00..332.19 rows=10375 width=0)
	        Index Cond: ((id >= 5312614) AND (id <= 5322613))

table 4 : explain SELECT c FROM sbtest4 WHERE id BETWEEN 5808173 AND 5818172
	Bitmap Heap Scan on sbtest4  (cost=310.21..33313.24 rows=9539 width=121)
	  Recheck Cond: ((id >= 5808173) AND (id <= 5818172))
	  ->  Bitmap Index Scan on sbtest4_pkey  (cost=0.00..307.82 rows=9539 width=0)
	        Index Cond: ((id >= 5808173) AND (id <= 5818172))

table 5 : explain SELECT c FROM sbtest5 WHERE id BETWEEN 6162835 AND 6172834
	Bitmap Heap Scan on sbtest5  (cost=327.62..34982.60 rows=10067 width=121)
	  Recheck Cond: ((id >= 6162835) AND (id <= 6172834))
	  ->  Bitmap Index Scan on sbtest5_pkey  (cost=0.00..325.11 rows=10067 width=0)
	        Index Cond: ((id >= 6162835) AND (id <= 6172834))

table 6 : explain SELECT c FROM sbtest6 WHERE id BETWEEN 8738151 AND 8748150
	Bitmap Heap Scan on sbtest6  (cost=352.48..37563.99 rows=10931 width=121)
	  Recheck Cond: ((id >= 8738151) AND (id <= 8748150))
	  ->  Bitmap Index Scan on sbtest6_pkey  (cost=0.00..349.75 rows=10931 width=0)
	        Index Cond: ((id >= 8738151) AND (id <= 8748150))

table 7 : explain SELECT c FROM sbtest7 WHERE id BETWEEN 6841175 AND 6851174
	Bitmap Heap Scan on sbtest7  (cost=333.59..35556.91 rows=10259 width=121)
	  Recheck Cond: ((id >= 6841175) AND (id <= 6851174))
	  ->  Bitmap Index Scan on sbtest7_pkey  (cost=0.00..331.03 rows=10259 width=0)
	        Index Cond: ((id >= 6841175) AND (id <= 6851174))

table 8 : explain SELECT c FROM sbtest8 WHERE id BETWEEN 6516026 AND 6526025
	Bitmap Heap Scan on sbtest8  (cost=334.64..35734.30 rows=10361 width=121)
	  Recheck Cond: ((id >= 6516026) AND (id <= 6526025))
	  ->  Bitmap Index Scan on sbtest8_pkey  (cost=0.00..332.05 rows=10361 width=0)
	        Index Cond: ((id >= 6516026) AND (id <= 6526025))

explain: for point_selects :: explain SELECT c FROM sbtest%u WHERE id=%u
for: sum_ranges
table 1 : explain SELECT SUM(k) FROM sbtest1 WHERE id BETWEEN 1556107 AND 1566106
	Aggregate  (cost=33180.47..33180.48 rows=1 width=8)
	  ->  Bitmap Heap Scan on sbtest1  (cost=310.01..33156.67 rows=9520 width=4)
	        Recheck Cond: ((id >= 1556107) AND (id <= 1566106))
	        ->  Bitmap Index Scan on sbtest1_pkey  (cost=0.00..307.63 rows=9520 width=0)
	              Index Cond: ((id >= 1556107) AND (id <= 1566106))

table 2 : explain SELECT SUM(k) FROM sbtest2 WHERE id BETWEEN 882508 AND 892507
	Aggregate  (cost=35341.76..35341.77 rows=1 width=8)
	  ->  Bitmap Heap Scan on sbtest2  (cost=333.43..35316.15 rows=10243 width=4)
	        Recheck Cond: ((id >= 882508) AND (id <= 892507))
	        ->  Bitmap Index Scan on sbtest2_pkey  (cost=0.00..330.87 rows=10243 width=0)
	              Index Cond: ((id >= 882508) AND (id <= 892507))

table 3 : explain SELECT SUM(k) FROM sbtest3 WHERE id BETWEEN 7890094 AND 7900093
	Aggregate  (cost=34999.21..34999.22 rows=1 width=8)
	  ->  Bitmap Heap Scan on sbtest3  (cost=327.59..34974.05 rows=10064 width=4)
	        Recheck Cond: ((id >= 7890094) AND (id <= 7900093))
	        ->  Bitmap Index Scan on sbtest3_pkey  (cost=0.00..325.07 rows=10064 width=0)
	              Index Cond: ((id >= 7890094) AND (id <= 7900093))

table 4 : explain SELECT SUM(k) FROM sbtest4 WHERE id BETWEEN 2897463 AND 2907462
	Aggregate  (cost=34698.66..34698.67 rows=1 width=8)
	  ->  Bitmap Heap Scan on sbtest4  (cost=322.59..34673.74 rows=9966 width=4)
	        Recheck Cond: ((id >= 2897463) AND (id <= 2907462))
	        ->  Bitmap Index Scan on sbtest4_pkey  (cost=0.00..320.09 rows=9966 width=0)
	              Index Cond: ((id >= 2897463) AND (id <= 2907462))

table 5 : explain SELECT SUM(k) FROM sbtest5 WHERE id BETWEEN 7277276 AND 7287275
	Aggregate  (cost=33071.78..33071.79 rows=1 width=8)
	  ->  Bitmap Heap Scan on sbtest5  (cost=305.40..33048.13 rows=9460 width=4)
	        Recheck Cond: ((id >= 7277276) AND (id <= 7287275))
	        ->  Bitmap Index Scan on sbtest5_pkey  (cost=0.00..303.04 rows=9460 width=0)
	              Index Cond: ((id >= 7277276) AND (id <= 7287275))

table 6 : explain SELECT SUM(k) FROM sbtest6 WHERE id BETWEEN 2204776 AND 2214775
	Aggregate  (cost=35600.70..35600.71 rows=1 width=8)
	  ->  Bitmap Heap Scan on sbtest6  (cost=333.95..35574.97 rows=10294 width=4)
	        Recheck Cond: ((id >= 2204776) AND (id <= 2214775))
	        ->  Bitmap Index Scan on sbtest6_pkey  (cost=0.00..331.38 rows=10294 width=0)
	              Index Cond: ((id >= 2204776) AND (id <= 2214775))

table 7 : explain SELECT SUM(k) FROM sbtest7 WHERE id BETWEEN 7020155 AND 7030154
	Aggregate  (cost=33134.63..33134.64 rows=1 width=8)
	  ->  Bitmap Heap Scan on sbtest7  (cost=309.70..33110.91 rows=9489 width=4)
	        Recheck Cond: ((id >= 7020155) AND (id <= 7030154))
	        ->  Bitmap Index Scan on sbtest7_pkey  (cost=0.00..307.32 rows=9489 width=0)
	              Index Cond: ((id >= 7020155) AND (id <= 7030154))

table 8 : explain SELECT SUM(k) FROM sbtest8 WHERE id BETWEEN 1180170 AND 1190169
	Aggregate  (cost=33109.97..33109.98 rows=1 width=8)
	  ->  Bitmap Heap Scan on sbtest8  (cost=310.00..33086.17 rows=9519 width=4)
	        Recheck Cond: ((id >= 1180170) AND (id <= 1190169))
	        ->  Bitmap Index Scan on sbtest8_pkey  (cost=0.00..307.62 rows=9519 width=0)
	              Index Cond: ((id >= 1180170) AND (id <= 1190169))

explain: for point_selects :: explain SELECT c FROM sbtest%u WHERE id=%u
for point_selects
table 1 : explain SELECT c FROM sbtest1 WHERE id=3497867
	Index Scan using sbtest1_pkey on sbtest1  (cost=0.43..8.45 rows=1 width=121)
	  Index Cond: (id = 3497867)

table 2 : explain SELECT c FROM sbtest2 WHERE id=3738322
	Index Scan using sbtest2_pkey on sbtest2  (cost=0.43..8.45 rows=1 width=121)
	  Index Cond: (id = 3738322)

table 3 : explain SELECT c FROM sbtest3 WHERE id=2205513
	Index Scan using sbtest3_pkey on sbtest3  (cost=0.43..8.45 rows=1 width=121)
	  Index Cond: (id = 2205513)

table 4 : explain SELECT c FROM sbtest4 WHERE id=8417239
	Index Scan using sbtest4_pkey on sbtest4  (cost=0.43..8.45 rows=1 width=121)
	  Index Cond: (id = 8417239)

table 5 : explain SELECT c FROM sbtest5 WHERE id=883919
	Index Scan using sbtest5_pkey on sbtest5  (cost=0.43..8.45 rows=1 width=121)
	  Index Cond: (id = 883919)

table 6 : explain SELECT c FROM sbtest6 WHERE id=909267
	Index Scan using sbtest6_pkey on sbtest6  (cost=0.43..8.45 rows=1 width=121)
	  Index Cond: (id = 909267)

table 7 : explain SELECT c FROM sbtest7 WHERE id=4339722
	Index Scan using sbtest7_pkey on sbtest7  (cost=0.43..8.45 rows=1 width=121)
	  Index Cond: (id = 4339722)

table 8 : explain SELECT c FROM sbtest8 WHERE id=4838507
	Index Scan using sbtest8_pkey on sbtest8  (cost=0.43..8.45 rows=1 width=121)
	  Index Cond: (id = 4838507)

for: simple_ranges
table 1 : explain SELECT c FROM sbtest1 WHERE id BETWEEN 9717388 AND 9727387
	Bitmap Heap Scan on sbtest1  (cost=346.39..36961.83 rows=10727 width=121)
	  Recheck Cond: ((id >= 9717388) AND (id <= 9727387))
	  ->  Bitmap Index Scan on sbtest1_pkey  (cost=0.00..343.70 rows=10727 width=0)
	        Index Cond: ((id >= 9717388) AND (id <= 9727387))

table 2 : explain SELECT c FROM sbtest2 WHERE id BETWEEN 5122678 AND 5132677
	Bitmap Heap Scan on sbtest2  (cost=323.08..34594.31 rows=10014 width=121)
	  Recheck Cond: ((id >= 5122678) AND (id <= 5132677))
	  ->  Bitmap Index Scan on sbtest2_pkey  (cost=0.00..320.57 rows=10014 width=0)
	        Index Cond: ((id >= 5122678) AND (id <= 5132677))

table 3 : explain SELECT c FROM sbtest3 WHERE id BETWEEN 1794129 AND 1804128
	Bitmap Heap Scan on sbtest3  (cost=299.02..32305.36 rows=9228 width=121)
	  Recheck Cond: ((id >= 1794129) AND (id <= 1804128))
	  ->  Bitmap Index Scan on sbtest3_pkey  (cost=0.00..296.71 rows=9228 width=0)
	        Index Cond: ((id >= 1794129) AND (id <= 1804128))

table 4 : explain SELECT c FROM sbtest4 WHERE id BETWEEN 766128 AND 776127
	Bitmap Heap Scan on sbtest4  (cost=369.98..39391.81 rows=11468 width=121)
	  Recheck Cond: ((id >= 766128) AND (id <= 776127))
	  ->  Bitmap Index Scan on sbtest4_pkey  (cost=0.00..367.12 rows=11468 width=0)
	        Index Cond: ((id >= 766128) AND (id <= 776127))

table 5 : explain SELECT c FROM sbtest5 WHERE id BETWEEN 8446785 AND 8456784
	Bitmap Heap Scan on sbtest5  (cost=334.27..35796.75 rows=10325 width=121)
	  Recheck Cond: ((id >= 8446785) AND (id <= 8456784))
	  ->  Bitmap Index Scan on sbtest5_pkey  (cost=0.00..331.69 rows=10325 width=0)
	        Index Cond: ((id >= 8446785) AND (id <= 8456784))

table 6 : explain SELECT c FROM sbtest6 WHERE id BETWEEN 5593712 AND 5603711
	Bitmap Heap Scan on sbtest6  (cost=327.45..34809.57 rows=10050 width=121)
	  Recheck Cond: ((id >= 5593712) AND (id <= 5603711))
	  ->  Bitmap Index Scan on sbtest6_pkey  (cost=0.00..324.94 rows=10050 width=0)
	        Index Cond: ((id >= 5593712) AND (id <= 5603711))

table 7 : explain SELECT c FROM sbtest7 WHERE id BETWEEN 5849329 AND 5859328
	Bitmap Heap Scan on sbtest7  (cost=356.54..37686.01 rows=10937 width=121)
	  Recheck Cond: ((id >= 5849329) AND (id <= 5859328))
	  ->  Bitmap Index Scan on sbtest7_pkey  (cost=0.00..353.81 rows=10937 width=0)
	        Index Cond: ((id >= 5849329) AND (id <= 5859328))

table 8 : explain SELECT c FROM sbtest8 WHERE id BETWEEN 3015402 AND 3025401
	Bitmap Heap Scan on sbtest8  (cost=316.56..33871.33 rows=9768 width=121)
	  Recheck Cond: ((id >= 3015402) AND (id <= 3025401))
	  ->  Bitmap Index Scan on sbtest8_pkey  (cost=0.00..314.12 rows=9768 width=0)
	        Index Cond: ((id >= 3015402) AND (id <= 3025401))

for: sum_ranges
table 1 : explain SELECT SUM(k) FROM sbtest1 WHERE id BETWEEN 8895058 AND 8905057
	Aggregate  (cost=34310.01..34310.02 rows=1 width=8)
	  ->  Bitmap Heap Scan on sbtest1  (cost=321.66..34285.32 rows=9876 width=4)
	        Recheck Cond: ((id >= 8895058) AND (id <= 8905057))
	        ->  Bitmap Index Scan on sbtest1_pkey  (cost=0.00..319.19 rows=9876 width=0)
	              Index Cond: ((id >= 8895058) AND (id <= 8905057))

table 2 : explain SELECT SUM(k) FROM sbtest2 WHERE id BETWEEN 4788097 AND 4798096
	Aggregate  (cost=37143.96..37143.97 rows=1 width=8)
	  ->  Bitmap Heap Scan on sbtest2  (cost=351.36..37116.90 rows=10822 width=4)
	        Recheck Cond: ((id >= 4788097) AND (id <= 4798096))
	        ->  Bitmap Index Scan on sbtest2_pkey  (cost=0.00..348.66 rows=10822 width=0)
	              Index Cond: ((id >= 4788097) AND (id <= 4798096))

table 3 : explain SELECT SUM(k) FROM sbtest3 WHERE id BETWEEN 1342321 AND 1352320
	Aggregate  (cost=35077.14..35077.15 rows=1 width=8)
	  ->  Bitmap Heap Scan on sbtest3  (cost=327.84..35051.92 rows=10088 width=4)
	        Recheck Cond: ((id >= 1342321) AND (id <= 1352320))
	        ->  Bitmap Index Scan on sbtest3_pkey  (cost=0.00..325.31 rows=10088 width=0)
	              Index Cond: ((id >= 1342321) AND (id <= 1352320))

table 4 : explain SELECT SUM(k) FROM sbtest4 WHERE id BETWEEN 6951828 AND 6961827
	Aggregate  (cost=35765.19..35765.20 rows=1 width=8)
	  ->  Bitmap Heap Scan on sbtest4  (cost=334.03..35739.43 rows=10302 width=4)
	        Recheck Cond: ((id >= 6951828) AND (id <= 6961827))
	        ->  Bitmap Index Scan on sbtest4_pkey  (cost=0.00..331.45 rows=10302 width=0)
	              Index Cond: ((id >= 6951828) AND (id <= 6961827))

table 5 : explain SELECT SUM(k) FROM sbtest5 WHERE id BETWEEN 6852557 AND 6862556
	Aggregate  (cost=34346.87..34346.88 rows=1 width=8)
	  ->  Bitmap Heap Scan on sbtest5  (cost=321.49..34322.22 rows=9859 width=4)
	        Recheck Cond: ((id >= 6852557) AND (id <= 6862556))
	        ->  Bitmap Index Scan on sbtest5_pkey  (cost=0.00..319.03 rows=9859 width=0)
	              Index Cond: ((id >= 6852557) AND (id <= 6862556))

table 6 : explain SELECT SUM(k) FROM sbtest6 WHERE id BETWEEN 8292251 AND 8302250
	Aggregate  (cost=36438.44..36438.45 rows=1 width=8)
	  ->  Bitmap Heap Scan on sbtest6  (cost=340.70..36412.03 rows=10562 width=4)
	        Recheck Cond: ((id >= 8292251) AND (id <= 8302250))
	        ->  Bitmap Index Scan on sbtest6_pkey  (cost=0.00..338.06 rows=10562 width=0)
	              Index Cond: ((id >= 8292251) AND (id <= 8302250))

table 7 : explain SELECT SUM(k) FROM sbtest7 WHERE id BETWEEN 3958036 AND 3968035
	Aggregate  (cost=34549.90..34549.91 rows=1 width=8)
	  ->  Bitmap Heap Scan on sbtest7  (cost=322.26..34525.07 rows=9934 width=4)
	        Recheck Cond: ((id >= 3958036) AND (id <= 3968035))
	        ->  Bitmap Index Scan on sbtest7_pkey  (cost=0.00..319.78 rows=9934 width=0)
	              Index Cond: ((id >= 3958036) AND (id <= 3968035))

table 8 : explain SELECT SUM(k) FROM sbtest8 WHERE id BETWEEN 7869887 AND 7879886
	Aggregate  (cost=35218.61..35218.62 rows=1 width=8)
	  ->  Bitmap Heap Scan on sbtest8  (cost=328.86..35193.14 rows=10188 width=4)
	        Recheck Cond: ((id >= 7869887) AND (id <= 7879886))
	        ->  Bitmap Index Scan on sbtest8_pkey  (cost=0.00..326.31 rows=10188 width=0)
	              Index Cond: ((id >= 7869887) AND (id <= 7879886))

for point_selects
table 1 : explain SELECT c FROM sbtest1 WHERE id=1645052
	Index Scan using sbtest1_pkey on sbtest1  (cost=0.43..8.45 rows=1 width=121)
	  Index Cond: (id = 1645052)

table 2 : explain SELECT c FROM sbtest2 WHERE id=7490490
	Index Scan using sbtest2_pkey on sbtest2  (cost=0.43..8.45 rows=1 width=121)
	  Index Cond: (id = 7490490)

table 3 : explain SELECT c FROM sbtest3 WHERE id=6963822
	Index Scan using sbtest3_pkey on sbtest3  (cost=0.43..8.45 rows=1 width=121)
	  Index Cond: (id = 6963822)

table 4 : explain SELECT c FROM sbtest4 WHERE id=1203854
	Index Scan using sbtest4_pkey on sbtest4  (cost=0.43..8.45 rows=1 width=121)
	  Index Cond: (id = 1203854)

table 5 : explain SELECT c FROM sbtest5 WHERE id=8118251
	Index Scan using sbtest5_pkey on sbtest5  (cost=0.43..8.45 rows=1 width=121)
	  Index Cond: (id = 8118251)

table 6 : explain SELECT c FROM sbtest6 WHERE id=6094476
	Index Scan using sbtest6_pkey on sbtest6  (cost=0.43..8.45 rows=1 width=121)
	  Index Cond: (id = 6094476)

table 7 : explain SELECT c FROM sbtest7 WHERE id=9947958
	Index Scan using sbtest7_pkey on sbtest7  (cost=0.43..8.45 rows=1 width=121)
	  Index Cond: (id = 9947958)

table 8 : explain SELECT c FROM sbtest8 WHERE id=2948061
	Index Scan using sbtest8_pkey on sbtest8  (cost=0.43..8.45 rows=1 width=121)
	  Index Cond: (id = 2948061)

for point_selects
table 1 : explain SELECT c FROM sbtest1 WHERE id=2374156
	Index Scan using sbtest1_pkey on sbtest1  (cost=0.43..8.45 rows=1 width=121)
	  Index Cond: (id = 2374156)

table 2 : explain SELECT c FROM sbtest2 WHERE id=1968241
	Index Scan using sbtest2_pkey on sbtest2  (cost=0.43..8.45 rows=1 width=121)
	  Index Cond: (id = 1968241)

table 3 : explain SELECT c FROM sbtest3 WHERE id=1398167
	Index Scan using sbtest3_pkey on sbtest3  (cost=0.43..8.45 rows=1 width=121)
	  Index Cond: (id = 1398167)

table 4 : explain SELECT c FROM sbtest4 WHERE id=9209604
	Index Scan using sbtest4_pkey on sbtest4  (cost=0.43..8.45 rows=1 width=121)
	  Index Cond: (id = 9209604)

table 5 : explain SELECT c FROM sbtest5 WHERE id=6812620
	Index Scan using sbtest5_pkey on sbtest5  (cost=0.43..8.45 rows=1 width=121)
	  Index Cond: (id = 6812620)

table 6 : explain SELECT c FROM sbtest6 WHERE id=5626786
	Index Scan using sbtest6_pkey on sbtest6  (cost=0.43..8.45 rows=1 width=121)
	  Index Cond: (id = 5626786)

table 7 : explain SELECT c FROM sbtest7 WHERE id=5259619
	Index Scan using sbtest7_pkey on sbtest7  (cost=0.43..8.45 rows=1 width=121)
	  Index Cond: (id = 5259619)

table 8 : explain SELECT c FROM sbtest8 WHERE id=8418083
	Index Scan using sbtest8_pkey on sbtest8  (cost=0.43..8.45 rows=1 width=121)
	  Index Cond: (id = 8418083)

for: sum_ranges
table 1 : explain SELECT SUM(k) FROM sbtest1 WHERE id BETWEEN 9719649 AND 9729648
	Aggregate  (cost=36988.65..36988.66 rows=1 width=8)
	  ->  Bitmap Heap Scan on sbtest1  (cost=346.39..36961.83 rows=10727 width=4)
	        Recheck Cond: ((id >= 9719649) AND (id <= 9729648))
	        ->  Bitmap Index Scan on sbtest1_pkey  (cost=0.00..343.70 rows=10727 width=0)
	              Index Cond: ((id >= 9719649) AND (id <= 9729648))

table 2 : explain SELECT SUM(k) FROM sbtest2 WHERE id BETWEEN 6016506 AND 6026505
	Aggregate  (cost=32685.82..32685.83 rows=1 width=8)
	  ->  Bitmap Heap Scan on sbtest2  (cost=304.80..32662.32 rows=9401 width=4)
	        Recheck Cond: ((id >= 6016506) AND (id <= 6026505))
	        ->  Bitmap Index Scan on sbtest2_pkey  (cost=0.00..302.44 rows=9401 width=0)
	              Index Cond: ((id >= 6016506) AND (id <= 6026505))

table 3 : explain SELECT SUM(k) FROM sbtest3 WHERE id BETWEEN 347738 AND 357737
	Aggregate  (cost=35005.71..35005.72 rows=1 width=8)
	  ->  Bitmap Heap Scan on sbtest3  (cost=327.61..34980.54 rows=10066 width=4)
	        Recheck Cond: ((id >= 347738) AND (id <= 357737))
	        ->  Bitmap Index Scan on sbtest3_pkey  (cost=0.00..325.09 rows=10066 width=0)
	              Index Cond: ((id >= 347738) AND (id <= 357737))

table 4 : explain SELECT SUM(k) FROM sbtest4 WHERE id BETWEEN 8211569 AND 8221568
	Aggregate  (cost=33097.55..33097.56 rows=1 width=8)
	  ->  Bitmap Heap Scan on sbtest4  (cost=305.45..33073.89 rows=9465 width=4)
	        Recheck Cond: ((id >= 8211569) AND (id <= 8221568))
	        ->  Bitmap Index Scan on sbtest4_pkey  (cost=0.00..303.08 rows=9465 width=0)
	              Index Cond: ((id >= 8211569) AND (id <= 8221568))

table 5 : explain SELECT SUM(k) FROM sbtest5 WHERE id BETWEEN 8811110 AND 8821109
	Aggregate  (cost=33399.47..33399.48 rows=1 width=8)
	  ->  Bitmap Heap Scan on sbtest5  (cost=310.45..33375.56 rows=9562 width=4)
	        Recheck Cond: ((id >= 8811110) AND (id <= 8821109))
	        ->  Bitmap Index Scan on sbtest5_pkey  (cost=0.00..308.06 rows=9562 width=0)
	              Index Cond: ((id >= 8811110) AND (id <= 8821109))

table 6 : explain SELECT SUM(k) FROM sbtest6 WHERE id BETWEEN 6425251 AND 6435250
	Aggregate  (cost=34043.02..34043.03 rows=1 width=8)
	  ->  Bitmap Heap Scan on sbtest6  (cost=316.90..34018.52 rows=9801 width=4)
	        Recheck Cond: ((id >= 6425251) AND (id <= 6435250))
	        ->  Bitmap Index Scan on sbtest6_pkey  (cost=0.00..314.44 rows=9801 width=0)
	              Index Cond: ((id >= 6425251) AND (id <= 6435250))

table 7 : explain SELECT SUM(k) FROM sbtest7 WHERE id BETWEEN 4936430 AND 4946429
	Aggregate  (cost=32810.34..32810.35 rows=1 width=8)
	  ->  Bitmap Heap Scan on sbtest7  (cost=304.66..32786.87 rows=9388 width=4)
	        Recheck Cond: ((id >= 4936430) AND (id <= 4946429))
	        ->  Bitmap Index Scan on sbtest7_pkey  (cost=0.00..302.31 rows=9388 width=0)
	              Index Cond: ((id >= 4936430) AND (id <= 4946429))

table 8 : explain SELECT SUM(k) FROM sbtest8 WHERE id BETWEEN 3779587 AND 3789586
	Aggregate  (cost=33668.93..33668.94 rows=1 width=8)
	  ->  Bitmap Heap Scan on sbtest8  (cost=315.82..33644.69 rows=9696 width=4)
	        Recheck Cond: ((id >= 3779587) AND (id <= 3789586))
	        ->  Bitmap Index Scan on sbtest8_pkey  (cost=0.00..313.40 rows=9696 width=0)
	              Index Cond: ((id >= 3779587) AND (id <= 3789586))

explain: for point_selects :: explain SELECT c FROM sbtest%u WHERE id=%u
for: simple_ranges
table 1 : explain SELECT c FROM sbtest1 WHERE id BETWEEN 890845 AND 900844
	Bitmap Heap Scan on sbtest1  (cost=322.65..34586.59 rows=9972 width=121)
	  Recheck Cond: ((id >= 890845) AND (id <= 900844))
	  ->  Bitmap Index Scan on sbtest1_pkey  (cost=0.00..320.16 rows=9972 width=0)
	        Index Cond: ((id >= 890845) AND (id <= 900844))

table 2 : explain SELECT c FROM sbtest2 WHERE id BETWEEN 6707931 AND 6717930
	Bitmap Heap Scan on sbtest2  (cost=321.81..34207.61 rows=9890 width=121)
	  Recheck Cond: ((id >= 6707931) AND (id <= 6717930))
	  ->  Bitmap Index Scan on sbtest2_pkey  (cost=0.00..319.33 rows=9890 width=0)
	        Index Cond: ((id >= 6707931) AND (id <= 6717930))

table 3 : explain SELECT c FROM sbtest3 WHERE id BETWEEN 5696805 AND 5706804
	Bitmap Heap Scan on sbtest3  (cost=356.78..37796.79 rows=10960 width=121)
	  Recheck Cond: ((id >= 5696805) AND (id <= 5706804))
	  ->  Bitmap Index Scan on sbtest3_pkey  (cost=0.00..354.04 rows=10960 width=0)
	        Index Cond: ((id >= 5696805) AND (id <= 5706804))

table 4 : explain SELECT c FROM sbtest4 WHERE id BETWEEN 2138014 AND 2148013
	Bitmap Heap Scan on sbtest4  (cost=315.42..33692.71 rows=9657 width=121)
	  Recheck Cond: ((id >= 2138014) AND (id <= 2148013))
	  ->  Bitmap Index Scan on sbtest4_pkey  (cost=0.00..313.00 rows=9657 width=0)
	        Index Cond: ((id >= 2138014) AND (id <= 2148013))

table 5 : explain SELECT c FROM sbtest5 WHERE id BETWEEN 3725894 AND 3735893
	Bitmap Heap Scan on sbtest5  (cost=386.36..40704.09 rows=11895 width=121)
	  Recheck Cond: ((id >= 3725894) AND (id <= 3735893))
	  ->  Bitmap Index Scan on sbtest5_pkey  (cost=0.00..383.38 rows=11895 width=0)
	        Index Cond: ((id >= 3725894) AND (id <= 3735893))

table 6 : explain SELECT c FROM sbtest6 WHERE id BETWEEN 7950233 AND 7960232
	Bitmap Heap Scan on sbtest6  (cost=327.75..34903.25 rows=10080 width=121)
	  Recheck Cond: ((id >= 7950233) AND (id <= 7960232))
	  ->  Bitmap Index Scan on sbtest6_pkey  (cost=0.00..325.24 rows=10080 width=0)
	        Index Cond: ((id >= 7950233) AND (id <= 7960232))

table 7 : explain SELECT c FROM sbtest7 WHERE id BETWEEN 7906626 AND 7916625
	Bitmap Heap Scan on sbtest7  (cost=309.88..33169.64 rows=9507 width=121)
	  Recheck Cond: ((id >= 7906626) AND (id <= 7916625))
	  ->  Bitmap Index Scan on sbtest7_pkey  (cost=0.00..307.50 rows=9507 width=0)
	        Index Cond: ((id >= 7906626) AND (id <= 7916625))

table 8 : explain SELECT c FROM sbtest8 WHERE id BETWEEN 3210477 AND 3220476
	Bitmap Heap Scan on sbtest8  (cost=334.83..35795.33 rows=10380 width=121)
	  Recheck Cond: ((id >= 3210477) AND (id <= 3220476))
	  ->  Bitmap Index Scan on sbtest8_pkey  (cost=0.00..332.24 rows=10380 width=0)
	        Index Cond: ((id >= 3210477) AND (id <= 3220476))

explain: for point_selects :: explain SELECT c FROM sbtest%u WHERE id=%u
explain: for point_selects :: explain SELECT c FROM sbtest%u WHERE id=%u
for: simple_ranges
table 1 : explain SELECT c FROM sbtest1 WHERE id BETWEEN 1528595 AND 1538594
	Bitmap Heap Scan on sbtest1  (cost=310.01..33156.67 rows=9520 width=121)
	  Recheck Cond: ((id >= 1528595) AND (id <= 1538594))
	  ->  Bitmap Index Scan on sbtest1_pkey  (cost=0.00..307.63 rows=9520 width=0)
	        Index Cond: ((id >= 1528595) AND (id <= 1538594))

table 2 : explain SELECT c FROM sbtest2 WHERE id BETWEEN 4138527 AND 4148526
	Bitmap Heap Scan on sbtest2  (cost=322.88..34533.14 rows=9995 width=121)
	  Recheck Cond: ((id >= 4138527) AND (id <= 4148526))
	  ->  Bitmap Index Scan on sbtest2_pkey  (cost=0.00..320.38 rows=9995 width=0)
	        Index Cond: ((id >= 4138527) AND (id <= 4148526))

table 3 : explain SELECT c FROM sbtest3 WHERE id BETWEEN 5448033 AND 5458032
	Bitmap Heap Scan on sbtest3  (cost=345.04..36655.67 rows=10596 width=121)
	  Recheck Cond: ((id >= 5448033) AND (id <= 5458032))
	  ->  Bitmap Index Scan on sbtest3_pkey  (cost=0.00..342.40 rows=10596 width=0)
	        Index Cond: ((id >= 5448033) AND (id <= 5458032))

table 4 : explain SELECT c FROM sbtest4 WHERE id BETWEEN 6283162 AND 6293161
	Bitmap Heap Scan on sbtest4  (cost=304.24..32697.54 rows=9347 width=121)
	  Recheck Cond: ((id >= 6283162) AND (id <= 6293161))
	  ->  Bitmap Index Scan on sbtest4_pkey  (cost=0.00..301.91 rows=9347 width=0)
	        Index Cond: ((id >= 6283162) AND (id <= 6293161))

table 5 : explain SELECT c FROM sbtest5 WHERE id BETWEEN 9597088 AND 9607087
	Bitmap Heap Scan on sbtest5  (cost=333.78..35651.09 rows=10278 width=121)
	  Recheck Cond: ((id >= 9597088) AND (id <= 9607087))
	  ->  Bitmap Index Scan on sbtest5_pkey  (cost=0.00..331.21 rows=10278 width=0)
	        Index Cond: ((id >= 9597088) AND (id <= 9607087))

table 6 : explain SELECT c FROM sbtest6 WHERE id BETWEEN 668401 AND 678400
	Bitmap Heap Scan on sbtest6  (cost=334.10..35623.27 rows=10309 width=121)
	  Recheck Cond: ((id >= 668401) AND (id <= 678400))
	  ->  Bitmap Index Scan on sbtest6_pkey  (cost=0.00..331.53 rows=10309 width=0)
	        Index Cond: ((id >= 668401) AND (id <= 678400))

table 7 : explain SELECT c FROM sbtest7 WHERE id BETWEEN 2245943 AND 2255942
	Bitmap Heap Scan on sbtest7  (cost=322.53..34609.44 rows=9960 width=121)
	  Recheck Cond: ((id >= 2245943) AND (id <= 2255942))
	  ->  Bitmap Index Scan on sbtest7_pkey  (cost=0.00..320.04 rows=9960 width=0)
	        Index Cond: ((id >= 2245943) AND (id <= 2255942))

table 8 : explain SELECT c FROM sbtest8 WHERE id BETWEEN 8955809 AND 8965808
	Bitmap Heap Scan on sbtest8  (cost=316.44..33835.73 rows=9757 width=121)
	  Recheck Cond: ((id >= 8955809) AND (id <= 8965808))
	  ->  Bitmap Index Scan on sbtest8_pkey  (cost=0.00..314.00 rows=9757 width=0)
	        Index Cond: ((id >= 8955809) AND (id <= 8965808))

explain: for point_selects :: explain SELECT c FROM sbtest%u WHERE id=%u
for point_selects
table 1 : explain SELECT c FROM sbtest1 WHERE id=8233141
	Index Scan using sbtest1_pkey on sbtest1  (cost=0.43..8.45 rows=1 width=121)
	  Index Cond: (id = 8233141)

table 2 : explain SELECT c FROM sbtest2 WHERE id=9178300
	Index Scan using sbtest2_pkey on sbtest2  (cost=0.43..8.45 rows=1 width=121)
	  Index Cond: (id = 9178300)

table 3 : explain SELECT c FROM sbtest3 WHERE id=596965
	Index Scan using sbtest3_pkey on sbtest3  (cost=0.43..8.45 rows=1 width=121)
	  Index Cond: (id = 596965)

table 4 : explain SELECT c FROM sbtest4 WHERE id=1726163
	Index Scan using sbtest4_pkey on sbtest4  (cost=0.43..8.45 rows=1 width=121)
	  Index Cond: (id = 1726163)

table 5 : explain SELECT c FROM sbtest5 WHERE id=140681
	Index Scan using sbtest5_pkey on sbtest5  (cost=0.43..8.45 rows=1 width=121)
	  Index Cond: (id = 140681)

table 6 : explain SELECT c FROM sbtest6 WHERE id=7767255
	Index Scan using sbtest6_pkey on sbtest6  (cost=0.43..8.45 rows=1 width=121)
	  Index Cond: (id = 7767255)

table 7 : explain SELECT c FROM sbtest7 WHERE id=6136456
	Index Scan using sbtest7_pkey on sbtest7  (cost=0.43..8.45 rows=1 width=121)
	  Index Cond: (id = 6136456)

table 8 : explain SELECT c FROM sbtest8 WHERE id=4075677
	Index Scan using sbtest8_pkey on sbtest8  (cost=0.43..8.45 rows=1 width=121)
	  Index Cond: (id = 4075677)

for: simple_ranges
table 1 : explain SELECT c FROM sbtest1 WHERE id BETWEEN 7428169 AND 7438168
	Bitmap Heap Scan on sbtest1  (cost=334.27..35699.49 rows=10325 width=121)
	  Recheck Cond: ((id >= 7428169) AND (id <= 7438168))
	  ->  Bitmap Index Scan on sbtest1_pkey  (cost=0.00..331.69 rows=10325 width=0)
	        Index Cond: ((id >= 7428169) AND (id <= 7438168))

table 2 : explain SELECT c FROM sbtest2 WHERE id BETWEEN 9609127 AND 9619126
	Bitmap Heap Scan on sbtest2  (cost=328.28..34961.92 rows=10131 width=121)
	  Recheck Cond: ((id >= 9609127) AND (id <= 9619126))
	  ->  Bitmap Index Scan on sbtest2_pkey  (cost=0.00..325.75 rows=10131 width=0)
	        Index Cond: ((id >= 9609127) AND (id <= 9619126))

table 3 : explain SELECT c FROM sbtest3 WHERE id BETWEEN 5591442 AND 5601441
	Bitmap Heap Scan on sbtest3  (cost=334.10..35749.43 rows=10309 width=121)
	  Recheck Cond: ((id >= 5591442) AND (id <= 5601441))
	  ->  Bitmap Index Scan on sbtest3_pkey  (cost=0.00..331.53 rows=10309 width=0)
	        Index Cond: ((id >= 5591442) AND (id <= 5601441))

table 4 : explain SELECT c FROM sbtest4 WHERE id BETWEEN 7166728 AND 7176727
	Bitmap Heap Scan on sbtest4  (cost=333.35..35532.11 rows=10236 width=121)
	  Recheck Cond: ((id >= 7166728) AND (id <= 7176727))
	  ->  Bitmap Index Scan on sbtest4_pkey  (cost=0.00..330.80 rows=10236 width=0)
	        Index Cond: ((id >= 7166728) AND (id <= 7176727))

table 5 : explain SELECT c FROM sbtest5 WHERE id BETWEEN 595405 AND 605404
	Bitmap Heap Scan on sbtest5  (cost=351.68..37460.38 rows=10853 width=121)
	  Recheck Cond: ((id >= 595405) AND (id <= 605404))
	  ->  Bitmap Index Scan on sbtest5_pkey  (cost=0.00..348.96 rows=10853 width=0)
	        Index Cond: ((id >= 595405) AND (id <= 605404))

table 6 : explain SELECT c FROM sbtest6 WHERE id BETWEEN 9966283 AND 9976282
	Bitmap Heap Scan on sbtest6  (cost=316.15..33788.33 rows=9728 width=121)
	  Recheck Cond: ((id >= 9966283) AND (id <= 9976282))
	  ->  Bitmap Index Scan on sbtest6_pkey  (cost=0.00..313.71 rows=9728 width=0)
	        Index Cond: ((id >= 9966283) AND (id <= 9976282))

table 7 : explain SELECT c FROM sbtest7 WHERE id BETWEEN 880334 AND 890333
	Bitmap Heap Scan on sbtest7  (cost=334.06..35699.18 rows=10305 width=121)
	  Recheck Cond: ((id >= 880334) AND (id <= 890333))
	  ->  Bitmap Index Scan on sbtest7_pkey  (cost=0.00..331.49 rows=10305 width=0)
	        Index Cond: ((id >= 880334) AND (id <= 890333))

table 8 : explain SELECT c FROM sbtest8 WHERE id BETWEEN 5315955 AND 5325954
	Bitmap Heap Scan on sbtest8  (cost=344.87..36419.39 rows=10579 width=121)
	  Recheck Cond: ((id >= 5315955) AND (id <= 5325954))
	  ->  Bitmap Index Scan on sbtest8_pkey  (cost=0.00..342.23 rows=10579 width=0)
	        Index Cond: ((id >= 5315955) AND (id <= 5325954))

for point_selects
table 1 : explain SELECT c FROM sbtest1 WHERE id=9068536
	Index Scan using sbtest1_pkey on sbtest1  (cost=0.43..8.45 rows=1 width=121)
	  Index Cond: (id = 9068536)

table 2 : explain SELECT c FROM sbtest2 WHERE id=4094469
	Index Scan using sbtest2_pkey on sbtest2  (cost=0.43..8.45 rows=1 width=121)
	  Index Cond: (id = 4094469)

table 3 : explain SELECT c FROM sbtest3 WHERE id=211477
	Index Scan using sbtest3_pkey on sbtest3  (cost=0.43..8.45 rows=1 width=121)
	  Index Cond: (id = 211477)

table 4 : explain SELECT c FROM sbtest4 WHERE id=170526
	Index Scan using sbtest4_pkey on sbtest4  (cost=0.43..8.45 rows=1 width=121)
	  Index Cond: (id = 170526)

table 5 : explain SELECT c FROM sbtest5 WHERE id=7089980
	Index Scan using sbtest5_pkey on sbtest5  (cost=0.43..8.45 rows=1 width=121)
	  Index Cond: (id = 7089980)

table 6 : explain SELECT c FROM sbtest6 WHERE id=7718913
	Index Scan using sbtest6_pkey on sbtest6  (cost=0.43..8.45 rows=1 width=121)
	  Index Cond: (id = 7718913)

table 7 : explain SELECT c FROM sbtest7 WHERE id=9221170
	Index Scan using sbtest7_pkey on sbtest7  (cost=0.43..8.45 rows=1 width=121)
	  Index Cond: (id = 9221170)

table 8 : explain SELECT c FROM sbtest8 WHERE id=5843235
	Index Scan using sbtest8_pkey on sbtest8  (cost=0.43..8.45 rows=1 width=121)
	  Index Cond: (id = 5843235)

for: sum_ranges
table 1 : explain SELECT SUM(k) FROM sbtest1 WHERE id BETWEEN 9669816 AND 9679815
	Aggregate  (cost=36609.44..36609.45 rows=1 width=8)
	  ->  Bitmap Heap Scan on sbtest1  (cost=345.14..36582.93 rows=10605 width=4)
	        Recheck Cond: ((id >= 9669816) AND (id <= 9679815))
	        ->  Bitmap Index Scan on sbtest1_pkey  (cost=0.00..342.49 rows=10605 width=0)
	              Index Cond: ((id >= 9669816) AND (id <= 9679815))

table 2 : explain SELECT SUM(k) FROM sbtest2 WHERE id BETWEEN 9487223 AND 9497222
	Aggregate  (cost=30376.45..30376.46 rows=1 width=8)
	  ->  Bitmap Heap Scan on sbtest2  (cost=281.37..30354.76 rows=8677 width=4)
	        Recheck Cond: ((id >= 9487223) AND (id <= 9497222))
	        ->  Bitmap Index Scan on sbtest2_pkey  (cost=0.00..279.20 rows=8677 width=0)
	              Index Cond: ((id >= 9487223) AND (id <= 9497222))

table 3 : explain SELECT SUM(k) FROM sbtest3 WHERE id BETWEEN 296683 AND 306682
	Aggregate  (cost=35005.71..35005.72 rows=1 width=8)
	  ->  Bitmap Heap Scan on sbtest3  (cost=327.61..34980.54 rows=10066 width=4)
	        Recheck Cond: ((id >= 296683) AND (id <= 306682))
	        ->  Bitmap Index Scan on sbtest3_pkey  (cost=0.00..325.09 rows=10066 width=0)
	              Index Cond: ((id >= 296683) AND (id <= 306682))

table 4 : explain SELECT SUM(k) FROM sbtest4 WHERE id BETWEEN 6343222 AND 6353221
	Aggregate  (cost=36106.03..36106.04 rows=1 width=8)
	  ->  Bitmap Heap Scan on sbtest4  (cost=339.14..36080.00 rows=10410 width=4)
	        Recheck Cond: ((id >= 6343222) AND (id <= 6353221))
	        ->  Bitmap Index Scan on sbtest4_pkey  (cost=0.00..336.54 rows=10410 width=0)
	              Index Cond: ((id >= 6343222) AND (id <= 6353221))

table 5 : explain SELECT SUM(k) FROM sbtest5 WHERE id BETWEEN 5026284 AND 5036283
	Aggregate  (cost=32800.12..32800.13 rows=1 width=8)
	  ->  Bitmap Heap Scan on sbtest5  (cost=304.53..32776.68 rows=9375 width=4)
	        Recheck Cond: ((id >= 5026284) AND (id <= 5036283))
	        ->  Bitmap Index Scan on sbtest5_pkey  (cost=0.00..302.19 rows=9375 width=0)
	              Index Cond: ((id >= 5026284) AND (id <= 5036283))

table 6 : explain SELECT SUM(k) FROM sbtest6 WHERE id BETWEEN 3835798 AND 3845797
	Aggregate  (cost=35952.69..35952.70 rows=1 width=8)
	  ->  Bitmap Heap Scan on sbtest6  (cost=339.10..35926.67 rows=10406 width=4)
	        Recheck Cond: ((id >= 3835798) AND (id <= 3845797))
	        ->  Bitmap Index Scan on sbtest6_pkey  (cost=0.00..336.50 rows=10406 width=0)
	              Index Cond: ((id >= 3835798) AND (id <= 3845797))

table 7 : explain SELECT SUM(k) FROM sbtest7 WHERE id BETWEEN 5086101 AND 5096100
	Aggregate  (cost=34458.91..34458.92 rows=1 width=8)
	  ->  Bitmap Heap Scan on sbtest7  (cost=321.96..34434.15 rows=9905 width=4)
	        Recheck Cond: ((id >= 5086101) AND (id <= 5096100))
	        ->  Bitmap Index Scan on sbtest7_pkey  (cost=0.00..319.49 rows=9905 width=0)
	              Index Cond: ((id >= 5086101) AND (id <= 5096100))

table 8 : explain SELECT SUM(k) FROM sbtest8 WHERE id BETWEEN 2637081 AND 2647080
	Aggregate  (cost=34669.46..34669.47 rows=1 width=8)
	  ->  Bitmap Heap Scan on sbtest8  (cost=323.08..34644.43 rows=10014 width=4)
	        Recheck Cond: ((id >= 2637081) AND (id <= 2647080))
	        ->  Bitmap Index Scan on sbtest8_pkey  (cost=0.00..320.57 rows=10014 width=0)
	              Index Cond: ((id >= 2637081) AND (id <= 2647080))

for point_selects
table 1 : explain SELECT c FROM sbtest1 WHERE id=1029838
	Index Scan using sbtest1_pkey on sbtest1  (cost=0.43..8.45 rows=1 width=121)
	  Index Cond: (id = 1029838)

table 2 : explain SELECT c FROM sbtest2 WHERE id=6820544
	Index Scan using sbtest2_pkey on sbtest2  (cost=0.43..8.45 rows=1 width=121)
	  Index Cond: (id = 6820544)

table 3 : explain SELECT c FROM sbtest3 WHERE id=9587107
	Index Scan using sbtest3_pkey on sbtest3  (cost=0.43..8.45 rows=1 width=121)
	  Index Cond: (id = 9587107)

table 4 : explain SELECT c FROM sbtest4 WHERE id=591891
	Index Scan using sbtest4_pkey on sbtest4  (cost=0.43..8.45 rows=1 width=121)
	  Index Cond: (id = 591891)

table 5 : explain SELECT c FROM sbtest5 WHERE id=5018552
	Index Scan using sbtest5_pkey on sbtest5  (cost=0.43..8.45 rows=1 width=121)
	  Index Cond: (id = 5018552)

table 6 : explain SELECT c FROM sbtest6 WHERE id=1523481
	Index Scan using sbtest6_pkey on sbtest6  (cost=0.43..8.45 rows=1 width=121)
	  Index Cond: (id = 1523481)

table 7 : explain SELECT c FROM sbtest7 WHERE id=1589787
	Index Scan using sbtest7_pkey on sbtest7  (cost=0.43..8.45 rows=1 width=121)
	  Index Cond: (id = 1589787)

table 8 : explain SELECT c FROM sbtest8 WHERE id=3256210
	Index Scan using sbtest8_pkey on sbtest8  (cost=0.43..8.45 rows=1 width=121)
	  Index Cond: (id = 3256210)

for: sum_ranges
table 1 : explain SELECT SUM(k) FROM sbtest1 WHERE id BETWEEN 6675644 AND 6685643
	Aggregate  (cost=32445.66..32445.67 rows=1 width=8)
	  ->  Bitmap Heap Scan on sbtest1  (cost=303.65..32422.44 rows=9289 width=4)
	        Recheck Cond: ((id >= 6675644) AND (id <= 6685643))
	        ->  Bitmap Index Scan on sbtest1_pkey  (cost=0.00..301.32 rows=9289 width=0)
	              Index Cond: ((id >= 6675644) AND (id <= 6685643))

table 2 : explain SELECT SUM(k) FROM sbtest2 WHERE id BETWEEN 3149948 AND 3159947
	Aggregate  (cost=32367.38..32367.39 rows=1 width=8)
	  ->  Bitmap Heap Scan on sbtest2  (cost=303.76..32344.13 rows=9300 width=4)
	        Recheck Cond: ((id >= 3149948) AND (id <= 3159947))
	        ->  Bitmap Index Scan on sbtest2_pkey  (cost=0.00..301.44 rows=9300 width=0)
	              Index Cond: ((id >= 3149948) AND (id <= 3159947))

table 3 : explain SELECT SUM(k) FROM sbtest3 WHERE id BETWEEN 7842200 AND 7852199
	Aggregate  (cost=34999.21..34999.22 rows=1 width=8)
	  ->  Bitmap Heap Scan on sbtest3  (cost=327.59..34974.05 rows=10064 width=4)
	        Recheck Cond: ((id >= 7842200) AND (id <= 7852199))
	        ->  Bitmap Index Scan on sbtest3_pkey  (cost=0.00..325.07 rows=10064 width=0)
	              Index Cond: ((id >= 7842200) AND (id <= 7852199))

table 4 : explain SELECT SUM(k) FROM sbtest4 WHERE id BETWEEN 7155103 AND 7165102
	Aggregate  (cost=35557.70..35557.71 rows=1 width=8)
	  ->  Bitmap Heap Scan on sbtest4  (cost=333.35..35532.11 rows=10236 width=4)
	        Recheck Cond: ((id >= 7155103) AND (id <= 7165102))
	        ->  Bitmap Index Scan on sbtest4_pkey  (cost=0.00..330.80 rows=10236 width=0)
	              Index Cond: ((id >= 7155103) AND (id <= 7165102))

table 5 : explain SELECT SUM(k) FROM sbtest5 WHERE id BETWEEN 790455 AND 800454
	Aggregate  (cost=34277.73..34277.74 rows=1 width=8)
	  ->  Bitmap Heap Scan on sbtest5  (cost=317.27..34253.13 rows=9838 width=4)
	        Recheck Cond: ((id >= 790455) AND (id <= 800454))
	        ->  Bitmap Index Scan on sbtest5_pkey  (cost=0.00..314.81 rows=9838 width=0)
	              Index Cond: ((id >= 790455) AND (id <= 800454))

table 6 : explain SELECT SUM(k) FROM sbtest6 WHERE id BETWEEN 6699283 AND 6709282
	Aggregate  (cost=35555.57..35555.58 rows=1 width=8)
	  ->  Bitmap Heap Scan on sbtest6  (cost=333.81..35529.87 rows=10280 width=4)
	        Recheck Cond: ((id >= 6699283) AND (id <= 6709282))
	        ->  Bitmap Index Scan on sbtest6_pkey  (cost=0.00..331.24 rows=10280 width=0)
	              Index Cond: ((id >= 6699283) AND (id <= 6709282))

table 7 : explain SELECT SUM(k) FROM sbtest7 WHERE id BETWEEN 8759030 AND 8769029
	Aggregate  (cost=32423.42..32423.43 rows=1 width=8)
	  ->  Bitmap Heap Scan on sbtest7  (cost=299.42..32400.25 rows=9267 width=4)
	        Recheck Cond: ((id >= 8759030) AND (id <= 8769029))
	        ->  Bitmap Index Scan on sbtest7_pkey  (cost=0.00..297.11 rows=9267 width=0)
	              Index Cond: ((id >= 8759030) AND (id <= 8769029))

table 8 : explain SELECT SUM(k) FROM sbtest8 WHERE id BETWEEN 7870987 AND 7880986
	Aggregate  (cost=34870.34..34870.35 rows=1 width=8)
	  ->  Bitmap Heap Scan on sbtest8  (cost=327.71..34845.15 rows=10076 width=4)
	        Recheck Cond: ((id >= 7870987) AND (id <= 7880986))
	        ->  Bitmap Index Scan on sbtest8_pkey  (cost=0.00..325.19 rows=10076 width=0)
	              Index Cond: ((id >= 7870987) AND (id <= 7880986))

for: simple_ranges
table 1 : explain SELECT c FROM sbtest1 WHERE id BETWEEN 1876445 AND 1886444
	Bitmap Heap Scan on sbtest1  (cost=298.56..32081.98 rows=9183 width=121)
	  Recheck Cond: ((id >= 1876445) AND (id <= 1886444))
	  ->  Bitmap Index Scan on sbtest1_pkey  (cost=0.00..296.26 rows=9183 width=0)
	        Index Cond: ((id >= 1876445) AND (id <= 1886444))

table 2 : explain SELECT c FROM sbtest2 WHERE id BETWEEN 7782457 AND 7792456
	Bitmap Heap Scan on sbtest2  (cost=351.20..37069.05 rows=10806 width=121)
	  Recheck Cond: ((id >= 7782457) AND (id <= 7792456))
	  ->  Bitmap Index Scan on sbtest2_pkey  (cost=0.00..348.50 rows=10806 width=0)
	        Index Cond: ((id >= 7782457) AND (id <= 7792456))

table 3 : explain SELECT c FROM sbtest3 WHERE id BETWEEN 4689851 AND 4699850
	Bitmap Heap Scan on sbtest3  (cost=339.24..36099.52 rows=10420 width=121)
	  Recheck Cond: ((id >= 4689851) AND (id <= 4699850))
	  ->  Bitmap Index Scan on sbtest3_pkey  (cost=0.00..336.63 rows=10420 width=0)
	        Index Cond: ((id >= 4689851) AND (id <= 4699850))

table 4 : explain SELECT c FROM sbtest4 WHERE id BETWEEN 3940789 AND 3950788
	Bitmap Heap Scan on sbtest4  (cost=357.08..37903.51 rows=10990 width=121)
	  Recheck Cond: ((id >= 3940789) AND (id <= 3950788))
	  ->  Bitmap Index Scan on sbtest4_pkey  (cost=0.00..354.33 rows=10990 width=0)
	        Index Cond: ((id >= 3940789) AND (id <= 3950788))

table 5 : explain SELECT c FROM sbtest5 WHERE id BETWEEN 4131884 AND 4141883
	Bitmap Heap Scan on sbtest5  (cost=323.06..34806.53 rows=10012 width=121)
	  Recheck Cond: ((id >= 4131884) AND (id <= 4141883))
	  ->  Bitmap Index Scan on sbtest5_pkey  (cost=0.00..320.56 rows=10012 width=0)
	        Index Cond: ((id >= 4131884) AND (id <= 4141883))

table 6 : explain SELECT c FROM sbtest6 WHERE id BETWEEN 3571190 AND 3581189
	Bitmap Heap Scan on sbtest6  (cost=304.10..32535.02 rows=9333 width=121)
	  Recheck Cond: ((id >= 3571190) AND (id <= 3581189))
	  ->  Bitmap Index Scan on sbtest6_pkey  (cost=0.00..301.76 rows=9333 width=0)
	        Index Cond: ((id >= 3571190) AND (id <= 3581189))

table 7 : explain SELECT c FROM sbtest7 WHERE id BETWEEN 4813444 AND 4823443
	Bitmap Heap Scan on sbtest7  (cost=321.66..34343.20 rows=9876 width=121)
	  Recheck Cond: ((id >= 4813444) AND (id <= 4823443))
	  ->  Bitmap Index Scan on sbtest7_pkey  (cost=0.00..319.19 rows=9876 width=0)
	        Index Cond: ((id >= 4813444) AND (id <= 4823443))

table 8 : explain SELECT c FROM sbtest8 WHERE id BETWEEN 3047117 AND 3057116
	Bitmap Heap Scan on sbtest8  (cost=309.88..33047.22 rows=9507 width=121)
	  Recheck Cond: ((id >= 3047117) AND (id <= 3057116))
	  ->  Bitmap Index Scan on sbtest8_pkey  (cost=0.00..307.50 rows=9507 width=0)
	        Index Cond: ((id >= 3047117) AND (id <= 3057116))

for: order_ranges
table 1 : explain SELECT c FROM sbtest1 WHERE id BETWEEN 2679000 AND 2688999 ORDER BY c
	Sort  (cost=37766.08..37792.97 rows=10753 width=121)
	  Sort Key: c
	  ->  Bitmap Heap Scan on sbtest1  (cost=350.65..37046.04 rows=10753 width=121)
	        Recheck Cond: ((id >= 2679000) AND (id <= 2688999))
	        ->  Bitmap Index Scan on sbtest1_pkey  (cost=0.00..347.96 rows=10753 width=0)
	              Index Cond: ((id >= 2679000) AND (id <= 2688999))

table 2 : explain SELECT c FROM sbtest2 WHERE id BETWEEN 650306 AND 660305 ORDER BY c
	Sort  (cost=36596.91..36622.99 rows=10431 width=121)
	  Sort Key: c
	  ->  Bitmap Heap Scan on sbtest2  (cost=339.35..35900.72 rows=10431 width=121)
	        Recheck Cond: ((id >= 650306) AND (id <= 660305))
	        ->  Bitmap Index Scan on sbtest2_pkey  (cost=0.00..336.75 rows=10431 width=0)
	              Index Cond: ((id >= 650306) AND (id <= 660305))

table 3 : explain SELECT c FROM sbtest3 WHERE id BETWEEN 8713159 AND 8723158 ORDER BY c
	Sort  (cost=35343.34..35368.27 rows=9972 width=121)
	  Sort Key: c
	  ->  Bitmap Heap Scan on sbtest3  (cost=322.65..34681.02 rows=9972 width=121)
	        Recheck Cond: ((id >= 8713159) AND (id <= 8723158))
	        ->  Bitmap Index Scan on sbtest3_pkey  (cost=0.00..320.16 rows=9972 width=0)
	              Index Cond: ((id >= 8713159) AND (id <= 8723158))

table 4 : explain SELECT c FROM sbtest4 WHERE id BETWEEN 1557228 AND 1567227 ORDER BY c
	Sort  (cost=32954.65..32977.75 rows=9238 width=121)
	  Sort Key: c
	  ->  Bitmap Heap Scan on sbtest4  (cost=299.12..32346.17 rows=9238 width=121)
	        Recheck Cond: ((id >= 1557228) AND (id <= 1567227))
	        ->  Bitmap Index Scan on sbtest4_pkey  (cost=0.00..296.81 rows=9238 width=0)
	              Index Cond: ((id >= 1557228) AND (id <= 1567227))

table 5 : explain SELECT c FROM sbtest5 WHERE id BETWEEN 6412363 AND 6422362 ORDER BY c
	Sort  (cost=35132.62..35157.38 rows=9907 width=121)
	  Sort Key: c
	  ->  Bitmap Heap Scan on sbtest5  (cost=321.98..34475.08 rows=9907 width=121)
	        Recheck Cond: ((id >= 6412363) AND (id <= 6422362))
	        ->  Bitmap Index Scan on sbtest5_pkey  (cost=0.00..319.50 rows=9907 width=0)
	              Index Cond: ((id >= 6412363) AND (id <= 6422362))

table 6 : explain SELECT c FROM sbtest6 WHERE id BETWEEN 3121237 AND 3131236 ORDER BY c
	Sort  (cost=34930.79..34955.49 rows=9881 width=121)
	  Sort Key: c
	  ->  Bitmap Heap Scan on sbtest6  (cost=321.72..34275.16 rows=9881 width=121)
	        Recheck Cond: ((id >= 3121237) AND (id <= 3131236))
	        ->  Bitmap Index Scan on sbtest6_pkey  (cost=0.00..319.25 rows=9881 width=0)
	              Index Cond: ((id >= 3121237) AND (id <= 3131236))

table 7 : explain SELECT c FROM sbtest7 WHERE id BETWEEN 4252565 AND 4262564 ORDER BY c
	Sort  (cost=34658.51..34682.94 rows=9772 width=121)
	  Sort Key: c
	  ->  Bitmap Heap Scan on sbtest7  (cost=316.60..34010.89 rows=9772 width=121)
	        Recheck Cond: ((id >= 4252565) AND (id <= 4262564))
	        ->  Bitmap Index Scan on sbtest7_pkey  (cost=0.00..314.16 rows=9772 width=0)
	              Index Cond: ((id >= 4252565) AND (id <= 4262564))

table 8 : explain SELECT c FROM sbtest8 WHERE id BETWEEN 1638421 AND 1648420 ORDER BY c
	Sort  (cost=33408.84..33432.40 rows=9426 width=121)
	  Sort Key: c
	  ->  Bitmap Heap Scan on sbtest8  (cost=305.05..32786.61 rows=9426 width=121)
	        Recheck Cond: ((id >= 1638421) AND (id <= 1648420))
	        ->  Bitmap Index Scan on sbtest8_pkey  (cost=0.00..302.69 rows=9426 width=0)
	              Index Cond: ((id >= 1638421) AND (id <= 1648420))

for point_selects
table 1 : explain SELECT c FROM sbtest1 WHERE id=5531257
	Index Scan using sbtest1_pkey on sbtest1  (cost=0.43..8.45 rows=1 width=121)
	  Index Cond: (id = 5531257)

table 2 : explain SELECT c FROM sbtest2 WHERE id=7703724
	Index Scan using sbtest2_pkey on sbtest2  (cost=0.43..8.45 rows=1 width=121)
	  Index Cond: (id = 7703724)

table 3 : explain SELECT c FROM sbtest3 WHERE id=1046702
	Index Scan using sbtest3_pkey on sbtest3  (cost=0.43..8.45 rows=1 width=121)
	  Index Cond: (id = 1046702)

table 4 : explain SELECT c FROM sbtest4 WHERE id=6560469
	Index Scan using sbtest4_pkey on sbtest4  (cost=0.43..8.45 rows=1 width=121)
	  Index Cond: (id = 6560469)

table 5 : explain SELECT c FROM sbtest5 WHERE id=3713063
	Index Scan using sbtest5_pkey on sbtest5  (cost=0.43..8.45 rows=1 width=121)
	  Index Cond: (id = 3713063)

table 6 : explain SELECT c FROM sbtest6 WHERE id=3093439
	Index Scan using sbtest6_pkey on sbtest6  (cost=0.43..8.45 rows=1 width=121)
	  Index Cond: (id = 3093439)

table 7 : explain SELECT c FROM sbtest7 WHERE id=3625795
	Index Scan using sbtest7_pkey on sbtest7  (cost=0.43..8.45 rows=1 width=121)
	  Index Cond: (id = 3625795)

table 8 : explain SELECT c FROM sbtest8 WHERE id=8744159
	Index Scan using sbtest8_pkey on sbtest8  (cost=0.43..8.45 rows=1 width=121)
	  Index Cond: (id = 8744159)

for: order_ranges
table 1 : explain SELECT c FROM sbtest1 WHERE id BETWEEN 1889555 AND 1899554 ORDER BY c
	Sort  (cost=32686.44..32709.39 rows=9183 width=121)
	  Sort Key: c
	  ->  Bitmap Heap Scan on sbtest1  (cost=298.56..32081.98 rows=9183 width=121)
	        Recheck Cond: ((id >= 1889555) AND (id <= 1899554))
	        ->  Bitmap Index Scan on sbtest1_pkey  (cost=0.00..296.26 rows=9183 width=0)
	              Index Cond: ((id >= 1889555) AND (id <= 1899554))

table 2 : explain SELECT c FROM sbtest2 WHERE id BETWEEN 5835063 AND 5845062 ORDER BY c
	Sort  (cost=33289.35..33312.86 rows=9403 width=121)
	  Sort Key: c
	  ->  Bitmap Heap Scan on sbtest2  (cost=304.82..32668.80 rows=9403 width=121)
	        Recheck Cond: ((id >= 5835063) AND (id <= 5845062))
	        ->  Bitmap Index Scan on sbtest2_pkey  (cost=0.00..302.46 rows=9403 width=0)
	              Index Cond: ((id >= 5835063) AND (id <= 5845062))

table 3 : explain SELECT c FROM sbtest3 WHERE id BETWEEN 5148639 AND 5158638 ORDER BY c
	Sort  (cost=33073.99..33097.18 rows=9277 width=121)
	  Sort Key: c
	  ->  Bitmap Heap Scan on sbtest3  (cost=299.52..32462.66 rows=9277 width=121)
	        Recheck Cond: ((id >= 5148639) AND (id <= 5158638))
	        ->  Bitmap Index Scan on sbtest3_pkey  (cost=0.00..297.20 rows=9277 width=0)
	              Index Cond: ((id >= 5148639) AND (id <= 5158638))

table 4 : explain SELECT c FROM sbtest4 WHERE id BETWEEN 9226562 AND 9236561 ORDER BY c
	Sort  (cost=36160.88..36186.43 rows=10220 width=121)
	  Sort Key: c
	  ->  Bitmap Heap Scan on sbtest4  (cost=333.19..35480.27 rows=10220 width=121)
	        Recheck Cond: ((id >= 9226562) AND (id <= 9236561))
	        ->  Bitmap Index Scan on sbtest4_pkey  (cost=0.00..330.63 rows=10220 width=0)
	              Index Cond: ((id >= 9226562) AND (id <= 9236561))

table 5 : explain SELECT c FROM sbtest5 WHERE id BETWEEN 9768304 AND 9778303 ORDER BY c
	Sort  (cost=35315.60..35340.51 rows=9964 width=121)
	  Sort Key: c
	  ->  Bitmap Heap Scan on sbtest5  (cost=322.57..34653.86 rows=9964 width=121)
	        Recheck Cond: ((id >= 9768304) AND (id <= 9778303))
	        ->  Bitmap Index Scan on sbtest5_pkey  (cost=0.00..320.07 rows=9964 width=0)
	              Index Cond: ((id >= 9768304) AND (id <= 9778303))

table 6 : explain SELECT c FROM sbtest6 WHERE id BETWEEN 7083247 AND 7093246 ORDER BY c
	Sort  (cost=37197.45..37223.92 rows=10585 width=121)
	  Sort Key: c
	  ->  Bitmap Heap Scan on sbtest6  (cost=344.93..36489.86 rows=10585 width=121)
	        Recheck Cond: ((id >= 7083247) AND (id <= 7093246))
	        ->  Bitmap Index Scan on sbtest6_pkey  (cost=0.00..342.29 rows=10585 width=0)
	              Index Cond: ((id >= 7083247) AND (id <= 7093246))

table 7 : explain SELECT c FROM sbtest7 WHERE id BETWEEN 6543590 AND 6553589 ORDER BY c
	Sort  (cost=36601.02..36626.95 rows=10372 width=121)
	  Sort Key: c
	  ->  Bitmap Heap Scan on sbtest7  (cost=334.75..35909.18 rows=10372 width=121)
	        Recheck Cond: ((id >= 6543590) AND (id <= 6553589))
	        ->  Bitmap Index Scan on sbtest7_pkey  (cost=0.00..332.16 rows=10372 width=0)
	              Index Cond: ((id >= 6543590) AND (id <= 6553589))

table 8 : explain SELECT c FROM sbtest8 WHERE id BETWEEN 8832056 AND 8842055 ORDER BY c
	Sort  (cost=34110.25..34134.36 rows=9642 width=121)
	  Sort Key: c
	  ->  Bitmap Heap Scan on sbtest8  (cost=311.27..33472.19 rows=9642 width=121)
	        Recheck Cond: ((id >= 8832056) AND (id <= 8842055))
	        ->  Bitmap Index Scan on sbtest8_pkey  (cost=0.00..308.86 rows=9642 width=0)
	              Index Cond: ((id >= 8832056) AND (id <= 8842055))

for: sum_ranges
table 1 : explain SELECT SUM(k) FROM sbtest1 WHERE id BETWEEN 2259306 AND 2269305
	Aggregate  (cost=35107.53..35107.54 rows=1 width=8)
	  ->  Bitmap Heap Scan on sbtest1  (cost=328.25..35082.21 rows=10128 width=4)
	        Recheck Cond: ((id >= 2259306) AND (id <= 2269305))
	        ->  Bitmap Index Scan on sbtest1_pkey  (cost=0.00..325.71 rows=10128 width=0)
	              Index Cond: ((id >= 2259306) AND (id <= 2269305))

table 2 : explain SELECT SUM(k) FROM sbtest2 WHERE id BETWEEN 16903 AND 26902
	Aggregate  (cost=37820.45..37820.46 rows=1 width=8)
	  ->  Bitmap Heap Scan on sbtest2  (cost=357.59..37792.85 rows=11040 width=4)
	        Recheck Cond: ((id >= 16903) AND (id <= 26902))
	        ->  Bitmap Index Scan on sbtest2_pkey  (cost=0.00..354.83 rows=11040 width=0)
	              Index Cond: ((id >= 16903) AND (id <= 26902))

table 3 : explain SELECT SUM(k) FROM sbtest3 WHERE id BETWEEN 3255836 AND 3265835
	Aggregate  (cost=36611.12..36611.13 rows=1 width=8)
	  ->  Bitmap Heap Scan on sbtest3  (cost=344.81..36584.69 rows=10573 width=4)
	        Recheck Cond: ((id >= 3255836) AND (id <= 3265835))
	        ->  Bitmap Index Scan on sbtest3_pkey  (cost=0.00..342.17 rows=10573 width=0)
	              Index Cond: ((id >= 3255836) AND (id <= 3265835))

table 4 : explain SELECT SUM(k) FROM sbtest4 WHERE id BETWEEN 643044 AND 653043
	Aggregate  (cost=34275.38..34275.39 rows=1 width=8)
	  ->  Bitmap Heap Scan on sbtest4  (cost=321.21..34250.80 rows=9832 width=4)
	        Recheck Cond: ((id >= 643044) AND (id <= 653043))
	        ->  Bitmap Index Scan on sbtest4_pkey  (cost=0.00..318.75 rows=9832 width=0)
	              Index Cond: ((id >= 643044) AND (id <= 653043))

table 5 : explain SELECT SUM(k) FROM sbtest5 WHERE id BETWEEN 5355209 AND 5365208
	Aggregate  (cost=35222.06..35222.07 rows=1 width=8)
	  ->  Bitmap Heap Scan on sbtest5  (cost=328.32..35196.72 rows=10135 width=4)
	        Recheck Cond: ((id >= 5355209) AND (id <= 5365208))
	        ->  Bitmap Index Scan on sbtest5_pkey  (cost=0.00..325.79 rows=10135 width=0)
	              Index Cond: ((id >= 5355209) AND (id <= 5365208))

table 6 : explain SELECT SUM(k) FROM sbtest6 WHERE id BETWEEN 5450128 AND 5460127
	Aggregate  (cost=32701.83..32701.84 rows=1 width=8)
	  ->  Bitmap Heap Scan on sbtest6  (cost=304.56..32678.39 rows=9378 width=4)
	        Recheck Cond: ((id >= 5450128) AND (id <= 5460127))
	        ->  Bitmap Index Scan on sbtest6_pkey  (cost=0.00..302.21 rows=9378 width=0)
	              Index Cond: ((id >= 5450128) AND (id <= 5460127))

table 7 : explain SELECT SUM(k) FROM sbtest7 WHERE id BETWEEN 6242963 AND 6252962
	Aggregate  (cost=32666.42..32666.43 rows=1 width=8)
	  ->  Bitmap Heap Scan on sbtest7  (cost=304.20..32643.06 rows=9343 width=4)
	        Recheck Cond: ((id >= 6242963) AND (id <= 6252962))
	        ->  Bitmap Index Scan on sbtest7_pkey  (cost=0.00..301.87 rows=9343 width=0)
	              Index Cond: ((id >= 6242963) AND (id <= 6252962))

table 8 : explain SELECT SUM(k) FROM sbtest8 WHERE id BETWEEN 4216273 AND 4226272
	Aggregate  (cost=36133.72..36133.73 rows=1 width=8)
	  ->  Bitmap Heap Scan on sbtest8  (cost=339.84..36107.53 rows=10479 width=4)
	        Recheck Cond: ((id >= 4216273) AND (id <= 4226272))
	        ->  Bitmap Index Scan on sbtest8_pkey  (cost=0.00..337.23 rows=10479 width=0)
	              Index Cond: ((id >= 4216273) AND (id <= 4226272))

for: order_ranges
table 1 : explain SELECT c FROM sbtest1 WHERE id BETWEEN 174625 AND 184624 ORDER BY c
	Sort  (cost=35122.89..35147.72 rows=9932 width=121)
	  Sort Key: c
	  ->  Bitmap Heap Scan on sbtest1  (cost=322.24..34463.51 rows=9932 width=121)
	        Recheck Cond: ((id >= 174625) AND (id <= 184624))
	        ->  Bitmap Index Scan on sbtest1_pkey  (cost=0.00..319.75 rows=9932 width=0)
	              Index Cond: ((id >= 174625) AND (id <= 184624))

table 2 : explain SELECT c FROM sbtest2 WHERE id BETWEEN 6468039 AND 6478038 ORDER BY c
	Sort  (cost=35652.41..35677.75 rows=10136 width=121)
	  Sort Key: c
	  ->  Bitmap Heap Scan on sbtest2  (cost=328.33..34978.00 rows=10136 width=121)
	        Recheck Cond: ((id >= 6468039) AND (id <= 6478038))
	        ->  Bitmap Index Scan on sbtest2_pkey  (cost=0.00..325.80 rows=10136 width=0)
	              Index Cond: ((id >= 6468039) AND (id <= 6478038))

table 3 : explain SELECT c FROM sbtest3 WHERE id BETWEEN 9258341 AND 9268340 ORDER BY c
	Sort  (cost=35815.77..35841.06 rows=10117 width=121)
	  Sort Key: c
	  ->  Bitmap Heap Scan on sbtest3  (cost=328.13..35142.76 rows=10117 width=121)
	        Recheck Cond: ((id >= 9258341) AND (id <= 9268340))
	        ->  Bitmap Index Scan on sbtest3_pkey  (cost=0.00..325.61 rows=10117 width=0)
	              Index Cond: ((id >= 9258341) AND (id <= 9268340))

table 4 : explain SELECT c FROM sbtest4 WHERE id BETWEEN 7658710 AND 7668709 ORDER BY c
	Sort  (cost=37430.03..37456.56 rows=10613 width=121)
	  Sort Key: c
	  ->  Bitmap Heap Scan on sbtest4  (cost=345.22..36720.36 rows=10613 width=121)
	        Recheck Cond: ((id >= 7658710) AND (id <= 7668709))
	        ->  Bitmap Index Scan on sbtest4_pkey  (cost=0.00..342.56 rows=10613 width=0)
	              Index Cond: ((id >= 7658710) AND (id <= 7668709))

table 5 : explain SELECT c FROM sbtest5 WHERE id BETWEEN 9993113 AND 10003112 ORDER BY c
	Sort  (cost=25012.74..25029.90 rows=6864 width=121)
	  Sort Key: c
	  ->  Bitmap Heap Scan on sbtest5  (cost=222.79..24575.34 rows=6864 width=121)
	        Recheck Cond: ((id >= 9993113) AND (id <= 10003112))
	        ->  Bitmap Index Scan on sbtest5_pkey  (cost=0.00..221.07 rows=6864 width=0)
	              Index Cond: ((id >= 9993113) AND (id <= 10003112))

table 6 : explain SELECT c FROM sbtest6 WHERE id BETWEEN 2456650 AND 2466649 ORDER BY c
	Sort  (cost=35202.40..35227.31 rows=9966 width=121)
	  Sort Key: c
	  ->  Bitmap Heap Scan on sbtest6  (cost=322.59..34540.51 rows=9966 width=121)
	        Recheck Cond: ((id >= 2456650) AND (id <= 2466649))
	        ->  Bitmap Index Scan on sbtest6_pkey  (cost=0.00..320.09 rows=9966 width=0)
	              Index Cond: ((id >= 2456650) AND (id <= 2466649))

table 7 : explain SELECT c FROM sbtest7 WHERE id BETWEEN 8325868 AND 8335867 ORDER BY c
	Sort  (cost=35493.99..35519.06 rows=10028 width=121)
	  Sort Key: c
	  ->  Bitmap Heap Scan on sbtest7  (cost=327.22..34827.54 rows=10028 width=121)
	        Recheck Cond: ((id >= 8325868) AND (id <= 8335867))
	        ->  Bitmap Index Scan on sbtest7_pkey  (cost=0.00..324.71 rows=10028 width=0)
	              Index Cond: ((id >= 8325868) AND (id <= 8335867))

table 8 : explain SELECT c FROM sbtest8 WHERE id BETWEEN 5542722 AND 5552721 ORDER BY c
	Sort  (cost=35558.09..35583.32 rows=10090 width=121)
	  Sort Key: c
	  ->  Bitmap Heap Scan on sbtest8  (cost=327.86..34887.08 rows=10090 width=121)
	        Recheck Cond: ((id >= 5542722) AND (id <= 5552721))
	        ->  Bitmap Index Scan on sbtest8_pkey  (cost=0.00..325.33 rows=10090 width=0)
	              Index Cond: ((id >= 5542722) AND (id <= 5552721))

for: simple_ranges
table 1 : explain SELECT c FROM sbtest1 WHERE id BETWEEN 4085238 AND 4095237
	Bitmap Heap Scan on sbtest1  (cost=351.05..37164.72 rows=10792 width=121)
	  Recheck Cond: ((id >= 4085238) AND (id <= 4095237))
	  ->  Bitmap Index Scan on sbtest1_pkey  (cost=0.00..348.36 rows=10792 width=0)
	        Index Cond: ((id >= 4085238) AND (id <= 4095237))

table 2 : explain SELECT c FROM sbtest2 WHERE id BETWEEN 8613226 AND 8623225
	Bitmap Heap Scan on sbtest2  (cost=351.36..37116.90 rows=10822 width=121)
	  Recheck Cond: ((id >= 8613226) AND (id <= 8623225))
	  ->  Bitmap Index Scan on sbtest2_pkey  (cost=0.00..348.66 rows=10822 width=0)
	        Index Cond: ((id >= 8613226) AND (id <= 8623225))

table 3 : explain SELECT c FROM sbtest3 WHERE id BETWEEN 8309967 AND 8319966
	Bitmap Heap Scan on sbtest3  (cost=311.38..33663.85 rows=9653 width=121)
	  Recheck Cond: ((id >= 8309967) AND (id <= 8319966))
	  ->  Bitmap Index Scan on sbtest3_pkey  (cost=0.00..308.96 rows=9653 width=0)
	        Index Cond: ((id >= 8309967) AND (id <= 8319966))

table 4 : explain SELECT c FROM sbtest4 WHERE id BETWEEN 9369862 AND 9379861
	Bitmap Heap Scan on sbtest4  (cost=286.50..30894.61 rows=8787 width=121)
	  Recheck Cond: ((id >= 9369862) AND (id <= 9379861))
	  ->  Bitmap Index Scan on sbtest4_pkey  (cost=0.00..284.31 rows=8787 width=0)
	        Index Cond: ((id >= 9369862) AND (id <= 9379861))

table 5 : explain SELECT c FROM sbtest5 WHERE id BETWEEN 2604937 AND 2614936
	Bitmap Heap Scan on sbtest5  (cost=339.65..36224.30 rows=10460 width=121)
	  Recheck Cond: ((id >= 2604937) AND (id <= 2614936))
	  ->  Bitmap Index Scan on sbtest5_pkey  (cost=0.00..337.04 rows=10460 width=0)
	        Index Cond: ((id >= 2604937) AND (id <= 2614936))

table 6 : explain SELECT c FROM sbtest6 WHERE id BETWEEN 6480191 AND 6490190
	Bitmap Heap Scan on sbtest6  (cost=321.60..34239.56 rows=9870 width=121)
	  Recheck Cond: ((id >= 6480191) AND (id <= 6490190))
	  ->  Bitmap Index Scan on sbtest6_pkey  (cost=0.00..319.13 rows=9870 width=0)
	        Index Cond: ((id >= 6480191) AND (id <= 6490190))

table 7 : explain SELECT c FROM sbtest7 WHERE id BETWEEN 3130411 AND 3140410
	Bitmap Heap Scan on sbtest7  (cost=310.13..33244.68 rows=9531 width=121)
	  Recheck Cond: ((id >= 3130411) AND (id <= 3140410))
	  ->  Bitmap Index Scan on sbtest7_pkey  (cost=0.00..307.75 rows=9531 width=0)
	        Index Cond: ((id >= 3130411) AND (id <= 3140410))

table 8 : explain SELECT c FROM sbtest8 WHERE id BETWEEN 8544049 AND 8554048
	Bitmap Heap Scan on sbtest8  (cost=304.96..32760.59 rows=9417 width=121)
	  Recheck Cond: ((id >= 8544049) AND (id <= 8554048))
	  ->  Bitmap Index Scan on sbtest8_pkey  (cost=0.00..302.61 rows=9417 width=0)
	        Index Cond: ((id >= 8544049) AND (id <= 8554048))

for: order_ranges
table 1 : explain SELECT c FROM sbtest1 WHERE id BETWEEN 3316508 AND 3326507 ORDER BY c
	Sort  (cost=35699.85..35725.13 rows=10111 width=121)
	  Sort Key: c
	  ->  Bitmap Heap Scan on sbtest1  (cost=328.07..35027.28 rows=10111 width=121)
	        Recheck Cond: ((id >= 3316508) AND (id <= 3326507))
	        ->  Bitmap Index Scan on sbtest1_pkey  (cost=0.00..325.55 rows=10111 width=0)
	              Index Cond: ((id >= 3316508) AND (id <= 3326507))

table 2 : explain SELECT c FROM sbtest2 WHERE id BETWEEN 7732698 AND 7742697 ORDER BY c
	Sort  (cost=37793.03..37820.05 rows=10806 width=121)
	  Sort Key: c
	  ->  Bitmap Heap Scan on sbtest2  (cost=351.20..37069.05 rows=10806 width=121)
	        Recheck Cond: ((id >= 7732698) AND (id <= 7742697))
	        ->  Bitmap Index Scan on sbtest2_pkey  (cost=0.00..348.50 rows=10806 width=0)
	              Index Cond: ((id >= 7732698) AND (id <= 7742697))

table 3 : explain SELECT c FROM sbtest3 WHERE id BETWEEN 8304732 AND 8314731 ORDER BY c
	Sort  (cost=34593.51..34617.87 rows=9741 width=121)
	  Sort Key: c
	  ->  Bitmap Heap Scan on sbtest3  (cost=316.28..33948.18 rows=9741 width=121)
	        Recheck Cond: ((id >= 8304732) AND (id <= 8314731))
	        ->  Bitmap Index Scan on sbtest3_pkey  (cost=0.00..313.84 rows=9741 width=0)
	              Index Cond: ((id >= 8304732) AND (id <= 8314731))

table 4 : explain SELECT c FROM sbtest4 WHERE id BETWEEN 8048930 AND 8058929 ORDER BY c
	Sort  (cost=34828.91..34853.44 rows=9811 width=121)
	  Sort Key: c
	  ->  Bitmap Heap Scan on sbtest4  (cost=317.00..34178.43 rows=9811 width=121)
	        Recheck Cond: ((id >= 8048930) AND (id <= 8058929))
	        ->  Bitmap Index Scan on sbtest4_pkey  (cost=0.00..314.55 rows=9811 width=0)
	              Index Cond: ((id >= 8048930) AND (id <= 8058929))

table 5 : explain SELECT c FROM sbtest5 WHERE id BETWEEN 314682 AND 324681 ORDER BY c
	Sort  (cost=34898.94..34923.53 rows=9836 width=121)
	  Sort Key: c
	  ->  Bitmap Heap Scan on sbtest5  (cost=317.25..34246.63 rows=9836 width=121)
	        Recheck Cond: ((id >= 314682) AND (id <= 324681))
	        ->  Bitmap Index Scan on sbtest5_pkey  (cost=0.00..314.80 rows=9836 width=0)
	              Index Cond: ((id >= 314682) AND (id <= 324681))

table 6 : explain SELECT c FROM sbtest6 WHERE id BETWEEN 552290 AND 562289 ORDER BY c
	Sort  (cost=34761.12..34785.70 rows=9830 width=121)
	  Sort Key: c
	  ->  Bitmap Heap Scan on sbtest6  (cost=317.19..34109.25 rows=9830 width=121)
	        Recheck Cond: ((id >= 552290) AND (id <= 562289))
	        ->  Bitmap Index Scan on sbtest6_pkey  (cost=0.00..314.74 rows=9830 width=0)
	              Index Cond: ((id >= 552290) AND (id <= 562289))

table 7 : explain SELECT c FROM sbtest7 WHERE id BETWEEN 6368864 AND 6378863 ORDER BY c
	Sort  (cost=37978.37..38005.37 rows=10799 width=121)
	  Sort Key: c
	  ->  Bitmap Heap Scan on sbtest7  (cost=351.12..37254.92 rows=10799 width=121)
	        Recheck Cond: ((id >= 6368864) AND (id <= 6378863))
	        ->  Bitmap Index Scan on sbtest7_pkey  (cost=0.00..348.43 rows=10799 width=0)
	              Index Cond: ((id >= 6368864) AND (id <= 6378863))

table 8 : explain SELECT c FROM sbtest8 WHERE id BETWEEN 3571827 AND 3581826 ORDER BY c
	Sort  (cost=37424.97..37451.65 rows=10673 width=121)
	  Sort Key: c
	  ->  Bitmap Heap Scan on sbtest8  (cost=345.83..36710.85 rows=10673 width=121)
	        Recheck Cond: ((id >= 3571827) AND (id <= 3581826))
	        ->  Bitmap Index Scan on sbtest8_pkey  (cost=0.00..343.17 rows=10673 width=0)
	              Index Cond: ((id >= 3571827) AND (id <= 3581826))

for point_selects
table 1 : explain SELECT c FROM sbtest1 WHERE id=9491220
	Index Scan using sbtest1_pkey on sbtest1  (cost=0.43..8.45 rows=1 width=121)
	  Index Cond: (id = 9491220)

table 2 : explain SELECT c FROM sbtest2 WHERE id=1242306
	Index Scan using sbtest2_pkey on sbtest2  (cost=0.43..8.45 rows=1 width=121)
	  Index Cond: (id = 1242306)

table 3 : explain SELECT c FROM sbtest3 WHERE id=4061615
	Index Scan using sbtest3_pkey on sbtest3  (cost=0.43..8.45 rows=1 width=121)
	  Index Cond: (id = 4061615)

table 4 : explain SELECT c FROM sbtest4 WHERE id=7444885
	Index Scan using sbtest4_pkey on sbtest4  (cost=0.43..8.45 rows=1 width=121)
	  Index Cond: (id = 7444885)

table 5 : explain SELECT c FROM sbtest5 WHERE id=9962329
	Index Scan using sbtest5_pkey on sbtest5  (cost=0.43..8.45 rows=1 width=121)
	  Index Cond: (id = 9962329)

table 6 : explain SELECT c FROM sbtest6 WHERE id=4550913
	Index Scan using sbtest6_pkey on sbtest6  (cost=0.43..8.45 rows=1 width=121)
	  Index Cond: (id = 4550913)

table 7 : explain SELECT c FROM sbtest7 WHERE id=5738092
	Index Scan using sbtest7_pkey on sbtest7  (cost=0.43..8.45 rows=1 width=121)
	  Index Cond: (id = 5738092)

table 8 : explain SELECT c FROM sbtest8 WHERE id=5830089
	Index Scan using sbtest8_pkey on sbtest8  (cost=0.43..8.45 rows=1 width=121)
	  Index Cond: (id = 5830089)

for point_selects
table 1 : explain SELECT c FROM sbtest1 WHERE id=9772095
	Index Scan using sbtest1_pkey on sbtest1  (cost=0.43..8.45 rows=1 width=121)
	  Index Cond: (id = 9772095)

table 2 : explain SELECT c FROM sbtest2 WHERE id=8372097
	Index Scan using sbtest2_pkey on sbtest2  (cost=0.43..8.45 rows=1 width=121)
	  Index Cond: (id = 8372097)

table 3 : explain SELECT c FROM sbtest3 WHERE id=8760496
	Index Scan using sbtest3_pkey on sbtest3  (cost=0.43..8.45 rows=1 width=121)
	  Index Cond: (id = 8760496)

table 4 : explain SELECT c FROM sbtest4 WHERE id=3572317
	Index Scan using sbtest4_pkey on sbtest4  (cost=0.43..8.45 rows=1 width=121)
	  Index Cond: (id = 3572317)

table 5 : explain SELECT c FROM sbtest5 WHERE id=7210541
	Index Scan using sbtest5_pkey on sbtest5  (cost=0.43..8.45 rows=1 width=121)
	  Index Cond: (id = 7210541)

table 6 : explain SELECT c FROM sbtest6 WHERE id=8100572
	Index Scan using sbtest6_pkey on sbtest6  (cost=0.43..8.45 rows=1 width=121)
	  Index Cond: (id = 8100572)

table 7 : explain SELECT c FROM sbtest7 WHERE id=3365766
	Index Scan using sbtest7_pkey on sbtest7  (cost=0.43..8.45 rows=1 width=121)
	  Index Cond: (id = 3365766)

table 8 : explain SELECT c FROM sbtest8 WHERE id=7689417
	Index Scan using sbtest8_pkey on sbtest8  (cost=0.43..8.45 rows=1 width=121)
	  Index Cond: (id = 7689417)

for point_selects
table 1 : explain SELECT c FROM sbtest1 WHERE id=4548771
	Index Scan using sbtest1_pkey on sbtest1  (cost=0.43..8.45 rows=1 width=121)
	  Index Cond: (id = 4548771)

table 2 : explain SELECT c FROM sbtest2 WHERE id=6064449
	Index Scan using sbtest2_pkey on sbtest2  (cost=0.43..8.45 rows=1 width=121)
	  Index Cond: (id = 6064449)

table 3 : explain SELECT c FROM sbtest3 WHERE id=8815870
	Index Scan using sbtest3_pkey on sbtest3  (cost=0.43..8.45 rows=1 width=121)
	  Index Cond: (id = 8815870)

table 4 : explain SELECT c FROM sbtest4 WHERE id=3194611
	Index Scan using sbtest4_pkey on sbtest4  (cost=0.43..8.45 rows=1 width=121)
	  Index Cond: (id = 3194611)

table 5 : explain SELECT c FROM sbtest5 WHERE id=5390927
	Index Scan using sbtest5_pkey on sbtest5  (cost=0.43..8.45 rows=1 width=121)
	  Index Cond: (id = 5390927)

table 6 : explain SELECT c FROM sbtest6 WHERE id=20367
	Index Scan using sbtest6_pkey on sbtest6  (cost=0.43..8.45 rows=1 width=121)
	  Index Cond: (id = 20367)

table 7 : explain SELECT c FROM sbtest7 WHERE id=4008596
	Index Scan using sbtest7_pkey on sbtest7  (cost=0.43..8.45 rows=1 width=121)
	  Index Cond: (id = 4008596)

table 8 : explain SELECT c FROM sbtest8 WHERE id=1866361
	Index Scan using sbtest8_pkey on sbtest8  (cost=0.43..8.45 rows=1 width=121)
	  Index Cond: (id = 1866361)

for: distinct_ranges
table 1 : explain SELECT DISTINCT c FROM sbtest1 WHERE id BETWEEN 3462663 AND 3472662 ORDER BY c
	Unique  (cost=33928.94..33976.76 rows=9564 width=121)
	  ->  Sort  (cost=33928.94..33952.85 rows=9564 width=121)
	        Sort Key: c
	        ->  Bitmap Heap Scan on sbtest1  (cost=310.47..33296.60 rows=9564 width=121)
	              Recheck Cond: ((id >= 3462663) AND (id <= 3472662))
	              ->  Bitmap Index Scan on sbtest1_pkey  (cost=0.00..308.07 rows=9564 width=0)
	                    Index Cond: ((id >= 3462663) AND (id <= 3472662))

table 2 : explain SELECT DISTINCT c FROM sbtest2 WHERE id BETWEEN 8129760 AND 8139759 ORDER BY c
	Unique  (cost=34265.05..34313.57 rows=9704 width=121)
	  ->  Sort  (cost=34265.05..34289.31 rows=9704 width=121)
	        Sort Key: c
	        ->  Bitmap Heap Scan on sbtest2  (cost=315.90..33622.44 rows=9704 width=121)
	              Recheck Cond: ((id >= 8129760) AND (id <= 8139759))
	              ->  Bitmap Index Scan on sbtest2_pkey  (cost=0.00..313.48 rows=9704 width=0)
	                    Index Cond: ((id >= 8129760) AND (id <= 8139759))

table 3 : explain SELECT DISTINCT c FROM sbtest3 WHERE id BETWEEN 4157351 AND 4167350 ORDER BY c
	Unique  (cost=35872.25..35922.92 rows=10135 width=121)
	  ->  Sort  (cost=35872.25..35897.59 rows=10135 width=121)
	        Sort Key: c
	        ->  Bitmap Heap Scan on sbtest3  (cost=328.32..35197.91 rows=10135 width=121)
	              Recheck Cond: ((id >= 4157351) AND (id <= 4167350))
	              ->  Bitmap Index Scan on sbtest3_pkey  (cost=0.00..325.79 rows=10135 width=0)
	                    Index Cond: ((id >= 4157351) AND (id <= 4167350))

table 4 : explain SELECT DISTINCT c FROM sbtest4 WHERE id BETWEEN 5277983 AND 5287982 ORDER BY c
	Unique  (cost=33132.98..33179.43 rows=9291 width=121)
	  ->  Sort  (cost=33132.98..33156.21 rows=9291 width=121)
	        Sort Key: c
	        ->  Bitmap Heap Scan on sbtest4  (cost=303.67..32520.63 rows=9291 width=121)
	              Recheck Cond: ((id >= 5277983) AND (id <= 5287982))
	              ->  Bitmap Index Scan on sbtest4_pkey  (cost=0.00..301.34 rows=9291 width=0)
	                    Index Cond: ((id >= 5277983) AND (id <= 5287982))

table 5 : explain SELECT DISTINCT c FROM sbtest5 WHERE id BETWEEN 7633992 AND 7643991 ORDER BY c
	Unique  (cost=34409.04..34457.47 rows=9685 width=121)
	  ->  Sort  (cost=34409.04..34433.26 rows=9685 width=121)
	        Sort Key: c
	        ->  Bitmap Heap Scan on sbtest5  (cost=315.71..33767.82 rows=9685 width=121)
	              Recheck Cond: ((id >= 7633992) AND (id <= 7643991))
	              ->  Bitmap Index Scan on sbtest5_pkey  (cost=0.00..313.29 rows=9685 width=0)
	                    Index Cond: ((id >= 7633992) AND (id <= 7643991))

table 6 : explain SELECT DISTINCT c FROM sbtest6 WHERE id BETWEEN 280412 AND 290411 ORDER BY c
	Unique  (cost=37075.12..37127.86 rows=10548 width=121)
	  ->  Sort  (cost=37075.12..37101.49 rows=10548 width=121)
	        Sort Key: c
	        ->  Bitmap Heap Scan on sbtest6  (cost=340.55..36370.27 rows=10548 width=121)
	              Recheck Cond: ((id >= 280412) AND (id <= 290411))
	              ->  Bitmap Index Scan on sbtest6_pkey  (cost=0.00..337.92 rows=10548 width=0)
	                    Index Cond: ((id >= 280412) AND (id <= 290411))

table 7 : explain SELECT DISTINCT c FROM sbtest7 WHERE id BETWEEN 1315088 AND 1325087 ORDER BY c
	Unique  (cost=37819.74..37873.50 rows=10751 width=121)
	  ->  Sort  (cost=37819.74..37846.62 rows=10751 width=121)
	        Sort Key: c
	        ->  Bitmap Heap Scan on sbtest7  (cost=346.63..37099.85 rows=10751 width=121)
	              Recheck Cond: ((id >= 1315088) AND (id <= 1325087))
	              ->  Bitmap Index Scan on sbtest7_pkey  (cost=0.00..343.94 rows=10751 width=0)
	                    Index Cond: ((id >= 1315088) AND (id <= 1325087))

table 8 : explain SELECT DISTINCT c FROM sbtest8 WHERE id BETWEEN 5080681 AND 5090680 ORDER BY c
	Unique  (cost=34923.14..34972.60 rows=9893 width=121)
	  ->  Sort  (cost=34923.14..34947.87 rows=9893 width=121)
	        Sort Key: c
	        ->  Bitmap Heap Scan on sbtest8  (cost=321.84..34266.63 rows=9893 width=121)
	              Recheck Cond: ((id >= 5080681) AND (id <= 5090680))
	              ->  Bitmap Index Scan on sbtest8_pkey  (cost=0.00..319.37 rows=9893 width=0)
	                    Index Cond: ((id >= 5080681) AND (id <= 5090680))

for: simple_ranges
table 1 : explain SELECT c FROM sbtest1 WHERE id BETWEEN 453627 AND 463626
	Bitmap Heap Scan on sbtest1  (cost=328.82..35256.66 rows=10184 width=121)
	  Recheck Cond: ((id >= 453627) AND (id <= 463626))
	  ->  Bitmap Index Scan on sbtest1_pkey  (cost=0.00..326.28 rows=10184 width=0)
	        Index Cond: ((id >= 453627) AND (id <= 463626))

table 2 : explain SELECT c FROM sbtest2 WHERE id BETWEEN 7596603 AND 7606602
	Bitmap Heap Scan on sbtest2  (cost=299.32..32203.65 rows=9257 width=121)
	  Recheck Cond: ((id >= 7596603) AND (id <= 7606602))
	  ->  Bitmap Index Scan on sbtest2_pkey  (cost=0.00..297.00 rows=9257 width=0)
	        Index Cond: ((id >= 7596603) AND (id <= 7606602))

table 3 : explain SELECT c FROM sbtest3 WHERE id BETWEEN 24938 AND 34937
	Bitmap Heap Scan on sbtest3  (cost=386.47..40737.40 rows=11906 width=121)
	  Recheck Cond: ((id >= 24938) AND (id <= 34937))
	  ->  Bitmap Index Scan on sbtest3_pkey  (cost=0.00..383.50 rows=11906 width=0)
	        Index Cond: ((id >= 24938) AND (id <= 34937))

table 4 : explain SELECT c FROM sbtest4 WHERE id BETWEEN 6057398 AND 6067397
	Bitmap Heap Scan on sbtest4  (cost=333.89..35694.11 rows=10288 width=121)
	  Recheck Cond: ((id >= 6057398) AND (id <= 6067397))
	  ->  Bitmap Index Scan on sbtest4_pkey  (cost=0.00..331.31 rows=10288 width=0)
	        Index Cond: ((id >= 6057398) AND (id <= 6067397))

table 5 : explain SELECT c FROM sbtest5 WHERE id BETWEEN 6510740 AND 6520739
	Bitmap Heap Scan on sbtest5  (cost=310.06..33254.73 rows=9524 width=121)
	  Recheck Cond: ((id >= 6510740) AND (id <= 6520739))
	  ->  Bitmap Index Scan on sbtest5_pkey  (cost=0.00..307.68 rows=9524 width=0)
	        Index Cond: ((id >= 6510740) AND (id <= 6520739))

table 6 : explain SELECT c FROM sbtest6 WHERE id BETWEEN 9847397 AND 9857396
	Bitmap Heap Scan on sbtest6  (cost=363.78..38564.56 rows=11253 width=121)
	  Recheck Cond: ((id >= 9847397) AND (id <= 9857396))
	  ->  Bitmap Index Scan on sbtest6_pkey  (cost=0.00..360.96 rows=11253 width=0)
	        Index Cond: ((id >= 9847397) AND (id <= 9857396))

table 7 : explain SELECT c FROM sbtest7 WHERE id BETWEEN 1653802 AND 1663801
	Bitmap Heap Scan on sbtest7  (cost=316.04..33841.69 rows=9718 width=121)
	  Recheck Cond: ((id >= 1653802) AND (id <= 1663801))
	  ->  Bitmap Index Scan on sbtest7_pkey  (cost=0.00..313.62 rows=9718 width=0)
	        Index Cond: ((id >= 1653802) AND (id <= 1663801))

table 8 : explain SELECT c FROM sbtest8 WHERE id BETWEEN 6169796 AND 6179795
	Bitmap Heap Scan on sbtest8  (cost=345.52..36614.80 rows=10642 width=121)
	  Recheck Cond: ((id >= 6169796) AND (id <= 6179795))
	  ->  Bitmap Index Scan on sbtest8_pkey  (cost=0.00..342.86 rows=10642 width=0)
	        Index Cond: ((id >= 6169796) AND (id <= 6179795))

for: sum_ranges
table 1 : explain SELECT SUM(k) FROM sbtest1 WHERE id BETWEEN 8241675 AND 8251674
	Aggregate  (cost=34845.46..34845.47 rows=1 width=8)
	  ->  Bitmap Heap Scan on sbtest1  (cost=327.40..34820.35 rows=10045 width=4)
	        Recheck Cond: ((id >= 8241675) AND (id <= 8251674))
	        ->  Bitmap Index Scan on sbtest1_pkey  (cost=0.00..324.88 rows=10045 width=0)
	              Index Cond: ((id >= 8241675) AND (id <= 8251674))

table 2 : explain SELECT SUM(k) FROM sbtest2 WHERE id BETWEEN 928426 AND 938425
	Aggregate  (cost=38911.67..38911.68 rows=1 width=8)
	  ->  Bitmap Heap Scan on sbtest2  (cost=369.22..38883.18 rows=11394 width=4)
	        Recheck Cond: ((id >= 928426) AND (id <= 938425))
	        ->  Bitmap Index Scan on sbtest2_pkey  (cost=0.00..366.38 rows=11394 width=0)
	              Index Cond: ((id >= 928426) AND (id <= 938425))

table 3 : explain SELECT SUM(k) FROM sbtest3 WHERE id BETWEEN 7054620 AND 7064619
	Aggregate  (cost=31340.90..31340.91 rows=1 width=8)
	  ->  Bitmap Heap Scan on sbtest3  (cost=287.89..31318.59 rows=8922 width=4)
	        Recheck Cond: ((id >= 7054620) AND (id <= 7064619))
	        ->  Bitmap Index Scan on sbtest3_pkey  (cost=0.00..285.66 rows=8922 width=0)
	              Index Cond: ((id >= 7054620) AND (id <= 7064619))

table 4 : explain SELECT SUM(k) FROM sbtest4 WHERE id BETWEEN 7166792 AND 7176791
	Aggregate  (cost=35557.70..35557.71 rows=1 width=8)
	  ->  Bitmap Heap Scan on sbtest4  (cost=333.35..35532.11 rows=10236 width=4)
	        Recheck Cond: ((id >= 7166792) AND (id <= 7176791))
	        ->  Bitmap Index Scan on sbtest4_pkey  (cost=0.00..330.80 rows=10236 width=0)
	              Index Cond: ((id >= 7166792) AND (id <= 7176791))

table 5 : explain SELECT SUM(k) FROM sbtest5 WHERE id BETWEEN 2997093 AND 3007092
	Aggregate  (cost=32692.02..32692.03 rows=1 width=8)
	  ->  Bitmap Heap Scan on sbtest5  (cost=304.18..32668.67 rows=9341 width=4)
	        Recheck Cond: ((id >= 2997093) AND (id <= 3007092))
	        ->  Bitmap Index Scan on sbtest5_pkey  (cost=0.00..301.84 rows=9341 width=0)
	              Index Cond: ((id >= 2997093) AND (id <= 3007092))

table 6 : explain SELECT SUM(k) FROM sbtest6 WHERE id BETWEEN 1007665 AND 1017664
	Aggregate  (cost=36435.22..36435.23 rows=1 width=8)
	  ->  Bitmap Heap Scan on sbtest6  (cost=340.69..36408.82 rows=10561 width=4)
	        Recheck Cond: ((id >= 1007665) AND (id <= 1017664))
	        ->  Bitmap Index Scan on sbtest6_pkey  (cost=0.00..338.05 rows=10561 width=0)
	              Index Cond: ((id >= 1007665) AND (id <= 1017664))

table 7 : explain SELECT SUM(k) FROM sbtest7 WHERE id BETWEEN 2080516 AND 2090515
	Aggregate  (cost=33712.87..33712.88 rows=1 width=8)
	  ->  Bitmap Heap Scan on sbtest7  (cost=315.55..33688.69 rows=9670 width=4)
	        Recheck Cond: ((id >= 2080516) AND (id <= 2090515))
	        ->  Bitmap Index Scan on sbtest7_pkey  (cost=0.00..313.13 rows=9670 width=0)
	              Index Cond: ((id >= 2080516) AND (id <= 2090515))

table 8 : explain SELECT SUM(k) FROM sbtest8 WHERE id BETWEEN 5119887 AND 5129886
	Aggregate  (cost=36628.59..36628.60 rows=1 width=8)
	  ->  Bitmap Heap Scan on sbtest8  (cost=345.47..36602.00 rows=10638 width=4)
	        Recheck Cond: ((id >= 5119887) AND (id <= 5129886))
	        ->  Bitmap Index Scan on sbtest8_pkey  (cost=0.00..342.81 rows=10638 width=0)
	              Index Cond: ((id >= 5119887) AND (id <= 5129886))

for: sum_ranges
table 1 : explain SELECT SUM(k) FROM sbtest1 WHERE id BETWEEN 4926110 AND 4936109
	Aggregate  (cost=33190.24..33190.25 rows=1 width=8)
	  ->  Bitmap Heap Scan on sbtest1  (cost=310.05..33166.43 rows=9523 width=4)
	        Recheck Cond: ((id >= 4926110) AND (id <= 4936109))
	        ->  Bitmap Index Scan on sbtest1_pkey  (cost=0.00..307.67 rows=9523 width=0)
	              Index Cond: ((id >= 4926110) AND (id <= 4936109))

table 2 : explain SELECT SUM(k) FROM sbtest2 WHERE id BETWEEN 520890 AND 530889
	Aggregate  (cost=32867.61..32867.62 rows=1 width=8)
	  ->  Bitmap Heap Scan on sbtest2  (cost=305.39..32843.96 rows=9459 width=4)
	        Recheck Cond: ((id >= 520890) AND (id <= 530889))
	        ->  Bitmap Index Scan on sbtest2_pkey  (cost=0.00..303.03 rows=9459 width=0)
	              Index Cond: ((id >= 520890) AND (id <= 530889))

table 3 : explain SELECT SUM(k) FROM sbtest3 WHERE id BETWEEN 1309988 AND 1319987
	Aggregate  (cost=35077.14..35077.15 rows=1 width=8)
	  ->  Bitmap Heap Scan on sbtest3  (cost=327.84..35051.92 rows=10088 width=4)
	        Recheck Cond: ((id >= 1309988) AND (id <= 1319987))
	        ->  Bitmap Index Scan on sbtest3_pkey  (cost=0.00..325.31 rows=10088 width=0)
	              Index Cond: ((id >= 1309988) AND (id <= 1319987))

table 4 : explain SELECT SUM(k) FROM sbtest4 WHERE id BETWEEN 4323214 AND 4333213
	Aggregate  (cost=33912.71..33912.72 rows=1 width=8)
	  ->  Bitmap Heap Scan on sbtest4  (cost=316.05..33888.41 rows=9719 width=4)
	        Recheck Cond: ((id >= 4323214) AND (id <= 4333213))
	        ->  Bitmap Index Scan on sbtest4_pkey  (cost=0.00..313.62 rows=9719 width=0)
	              Index Cond: ((id >= 4323214) AND (id <= 4333213))

table 5 : explain SELECT SUM(k) FROM sbtest5 WHERE id BETWEEN 7518554 AND 7528553
	Aggregate  (cost=34623.47..34623.48 rows=1 width=8)
	  ->  Bitmap Heap Scan on sbtest5  (cost=322.38..34598.61 rows=9946 width=4)
	        Recheck Cond: ((id >= 7518554) AND (id <= 7528553))
	        ->  Bitmap Index Scan on sbtest5_pkey  (cost=0.00..319.90 rows=9946 width=0)
	              Index Cond: ((id >= 7518554) AND (id <= 7528553))

table 6 : explain SELECT SUM(k) FROM sbtest6 WHERE id BETWEEN 4017388 AND 4027387
	Aggregate  (cost=32594.22..32594.23 rows=1 width=8)
	  ->  Bitmap Heap Scan on sbtest6  (cost=304.21..32570.86 rows=9344 width=4)
	        Recheck Cond: ((id >= 4017388) AND (id <= 4027387))
	        ->  Bitmap Index Scan on sbtest6_pkey  (cost=0.00..301.88 rows=9344 width=0)
	              Index Cond: ((id >= 4017388) AND (id <= 4027387))

table 7 : explain SELECT SUM(k) FROM sbtest7 WHERE id BETWEEN 8169053 AND 8179052
	Aggregate  (cost=34901.30..34901.31 rows=1 width=8)
	  ->  Bitmap Heap Scan on sbtest7  (cost=327.39..34876.19 rows=10044 width=4)
	        Recheck Cond: ((id >= 8169053) AND (id <= 8179052))
	        ->  Bitmap Index Scan on sbtest7_pkey  (cost=0.00..324.88 rows=10044 width=0)
	              Index Cond: ((id >= 8169053) AND (id <= 8179052))

table 8 : explain SELECT SUM(k) FROM sbtest8 WHERE id BETWEEN 4854637 AND 4864636
	Aggregate  (cost=34905.85..34905.86 rows=1 width=8)
	  ->  Bitmap Heap Scan on sbtest8  (cost=327.84..34880.63 rows=10088 width=4)
	        Recheck Cond: ((id >= 4854637) AND (id <= 4864636))
	        ->  Bitmap Index Scan on sbtest8_pkey  (cost=0.00..325.31 rows=10088 width=0)
	              Index Cond: ((id >= 4854637) AND (id <= 4864636))

for: distinct_ranges
table 1 : explain SELECT DISTINCT c FROM sbtest1 WHERE id BETWEEN 4593702 AND 4603701 ORDER BY c
	Unique  (cost=32883.69..32929.91 rows=9244 width=121)
	  ->  Sort  (cost=32883.69..32906.80 rows=9244 width=121)
	        Sort Key: c
	        ->  Bitmap Heap Scan on sbtest1  (cost=299.19..32274.77 rows=9244 width=121)
	              Recheck Cond: ((id >= 4593702) AND (id <= 4603701))
	              ->  Bitmap Index Scan on sbtest1_pkey  (cost=0.00..296.88 rows=9244 width=0)
	                    Index Cond: ((id >= 4593702) AND (id <= 4603701))

table 2 : explain SELECT DISTINCT c FROM sbtest2 WHERE id BETWEEN 6929382 AND 6939381 ORDER BY c
	Unique  (cost=36721.51..36773.86 rows=10470 width=121)
	  ->  Sort  (cost=36721.51..36747.68 rows=10470 width=121)
	        Sort Key: c
	        ->  Bitmap Heap Scan on sbtest2  (cost=339.75..36022.42 rows=10470 width=121)
	              Recheck Cond: ((id >= 6929382) AND (id <= 6939381))
	              ->  Bitmap Index Scan on sbtest2_pkey  (cost=0.00..337.13 rows=10470 width=0)
	                    Index Cond: ((id >= 6929382) AND (id <= 6939381))

table 3 : explain SELECT DISTINCT c FROM sbtest3 WHERE id BETWEEN 1866779 AND 1876778 ORDER BY c
	Unique  (cost=35586.63..35636.86 rows=10046 width=121)
	  ->  Sort  (cost=35586.63..35611.75 rows=10046 width=121)
	        Sort Key: c
	        ->  Bitmap Heap Scan on sbtest3  (cost=327.41..34918.86 rows=10046 width=121)
	              Recheck Cond: ((id >= 1866779) AND (id <= 1876778))
	              ->  Bitmap Index Scan on sbtest3_pkey  (cost=0.00..324.90 rows=10046 width=0)
	                    Index Cond: ((id >= 1866779) AND (id <= 1876778))

table 4 : explain SELECT DISTINCT c FROM sbtest4 WHERE id BETWEEN 7343699 AND 7353698 ORDER BY c
	Unique  (cost=32749.93..32795.81 rows=9175 width=121)
	  ->  Sort  (cost=32749.93..32772.87 rows=9175 width=121)
	        Sort Key: c
	        ->  Bitmap Heap Scan on sbtest4  (cost=298.48..32146.06 rows=9175 width=121)
	              Recheck Cond: ((id >= 7343699) AND (id <= 7353698))
	              ->  Bitmap Index Scan on sbtest4_pkey  (cost=0.00..296.19 rows=9175 width=0)
	                    Index Cond: ((id >= 7343699) AND (id <= 7353698))

table 5 : explain SELECT DISTINCT c FROM sbtest5 WHERE id BETWEEN 6742667 AND 6752666 ORDER BY c
	Unique  (cost=33612.70..33659.91 rows=9442 width=121)
	  ->  Sort  (cost=33612.70..33636.30 rows=9442 width=121)
	        Sort Key: c
	        ->  Bitmap Heap Scan on sbtest5  (cost=305.22..32989.30 rows=9442 width=121)
	              Recheck Cond: ((id >= 6742667) AND (id <= 6752666))
	              ->  Bitmap Index Scan on sbtest5_pkey  (cost=0.00..302.86 rows=9442 width=0)
	                    Index Cond: ((id >= 6742667) AND (id <= 6752666))

table 6 : explain SELECT DISTINCT c FROM sbtest6 WHERE id BETWEEN 4765646 AND 4775645 ORDER BY c
	Unique  (cost=31206.83..31250.53 rows=8740 width=121)
	  ->  Sort  (cost=31206.83..31228.68 rows=8740 width=121)
	        Sort Key: c
	        ->  Bitmap Heap Scan on sbtest6  (cost=282.02..30634.65 rows=8740 width=121)
	              Recheck Cond: ((id >= 4765646) AND (id <= 4775645))
	              ->  Bitmap Index Scan on sbtest6_pkey  (cost=0.00..279.83 rows=8740 width=0)
	                    Index Cond: ((id >= 4765646) AND (id <= 4775645))

table 7 : explain SELECT DISTINCT c FROM sbtest7 WHERE id BETWEEN 4115390 AND 4125389 ORDER BY c
	Unique  (cost=34211.49..34259.67 rows=9635 width=121)
	  ->  Sort  (cost=34211.49..34235.58 rows=9635 width=121)
	        Sort Key: c
	        ->  Bitmap Heap Scan on sbtest7  (cost=311.19..33573.94 rows=9635 width=121)
	              Recheck Cond: ((id >= 4115390) AND (id <= 4125389))
	              ->  Bitmap Index Scan on sbtest7_pkey  (cost=0.00..308.79 rows=9635 width=0)
	                    Index Cond: ((id >= 4115390) AND (id <= 4125389))

table 8 : explain SELECT DISTINCT c FROM sbtest8 WHERE id BETWEEN 2671754 AND 2681753 ORDER BY c
	Unique  (cost=35309.84..35359.91 rows=10014 width=121)
	  ->  Sort  (cost=35309.84..35334.88 rows=10014 width=121)
	        Sort Key: c
	        ->  Bitmap Heap Scan on sbtest8  (cost=323.08..34644.43 rows=10014 width=121)
	              Recheck Cond: ((id >= 2671754) AND (id <= 2681753))
	              ->  Bitmap Index Scan on sbtest8_pkey  (cost=0.00..320.57 rows=10014 width=0)
	                    Index Cond: ((id >= 2671754) AND (id <= 2681753))

for: distinct_ranges
table 1 : explain SELECT DISTINCT c FROM sbtest1 WHERE id BETWEEN 783056 AND 793055 ORDER BY c
	Unique  (cost=37005.02..37057.61 rows=10517 width=121)
	  ->  Sort  (cost=37005.02..37031.32 rows=10517 width=121)
	        Sort Key: c
	        ->  Bitmap Heap Scan on sbtest1  (cost=340.23..36302.46 rows=10517 width=121)
	              Recheck Cond: ((id >= 783056) AND (id <= 793055))
	              ->  Bitmap Index Scan on sbtest1_pkey  (cost=0.00..337.61 rows=10517 width=0)
	                    Index Cond: ((id >= 783056) AND (id <= 793055))

table 2 : explain SELECT DISTINCT c FROM sbtest2 WHERE id BETWEEN 3928471 AND 3938470 ORDER BY c
	Unique  (cost=33648.43..33696.00 rows=9514 width=121)
	  ->  Sort  (cost=33648.43..33672.21 rows=9514 width=121)
	        Sort Key: c
	        ->  Bitmap Heap Scan on sbtest2  (cost=309.95..33019.75 rows=9514 width=121)
	              Recheck Cond: ((id >= 3928471) AND (id <= 3938470))
	              ->  Bitmap Index Scan on sbtest2_pkey  (cost=0.00..307.57 rows=9514 width=0)
	                    Index Cond: ((id >= 3928471) AND (id <= 3938470))

table 3 : explain SELECT DISTINCT c FROM sbtest3 WHERE id BETWEEN 5683059 AND 5693058 ORDER BY c
	Unique  (cost=37756.80..37810.39 rows=10719 width=121)
	  ->  Sort  (cost=37756.80..37783.59 rows=10719 width=121)
	        Sort Key: c
	        ->  Bitmap Heap Scan on sbtest3  (cost=346.30..37039.27 rows=10719 width=121)
	              Recheck Cond: ((id >= 5683059) AND (id <= 5693058))
	              ->  Bitmap Index Scan on sbtest3_pkey  (cost=0.00..343.62 rows=10719 width=0)
	                    Index Cond: ((id >= 5683059) AND (id <= 5693058))

table 4 : explain SELECT DISTINCT c FROM sbtest4 WHERE id BETWEEN 315672 AND 325671 ORDER BY c
	Unique  (cost=34575.55..34624.22 rows=9733 width=121)
	  ->  Sort  (cost=34575.55..34599.88 rows=9733 width=121)
	        Sort Key: c
	        ->  Bitmap Heap Scan on sbtest4  (cost=316.20..33930.80 rows=9733 width=121)
	              Recheck Cond: ((id >= 315672) AND (id <= 325671))
	              ->  Bitmap Index Scan on sbtest4_pkey  (cost=0.00..313.76 rows=9733 width=0)
	                    Index Cond: ((id >= 315672) AND (id <= 325671))

table 5 : explain SELECT DISTINCT c FROM sbtest5 WHERE id BETWEEN 432649 AND 442648 ORDER BY c
	Unique  (cost=35478.44..35528.51 rows=10014 width=121)
	  ->  Sort  (cost=35478.44..35503.48 rows=10014 width=121)
	        Sort Key: c
	        ->  Bitmap Heap Scan on sbtest5  (cost=323.08..34813.02 rows=10014 width=121)
	              Recheck Cond: ((id >= 432649) AND (id <= 442648))
	              ->  Bitmap Index Scan on sbtest5_pkey  (cost=0.00..320.57 rows=10014 width=0)
	                    Index Cond: ((id >= 432649) AND (id <= 442648))

table 6 : explain SELECT DISTINCT c FROM sbtest6 WHERE id BETWEEN 3220975 AND 3230974 ORDER BY c
	Unique  (cost=36933.73..36986.25 rows=10504 width=121)
	  ->  Sort  (cost=36933.73..36959.99 rows=10504 width=121)
	        Sort Key: c
	        ->  Bitmap Heap Scan on sbtest6  (cost=340.10..36232.13 rows=10504 width=121)
	              Recheck Cond: ((id >= 3220975) AND (id <= 3230974))
	              ->  Bitmap Index Scan on sbtest6_pkey  (cost=0.00..337.48 rows=10504 width=0)
	                    Index Cond: ((id >= 3220975) AND (id <= 3230974))

table 7 : explain SELECT DISTINCT c FROM sbtest7 WHERE id BETWEEN 2574824 AND 2584823 ORDER BY c
	Unique  (cost=36823.11..36875.31 rows=10440 width=121)
	  ->  Sort  (cost=36823.11..36849.21 rows=10440 width=121)
	        Sort Key: c
	        ->  Bitmap Heap Scan on sbtest7  (cost=339.44..36126.25 rows=10440 width=121)
	              Recheck Cond: ((id >= 2574824) AND (id <= 2584823))
	              ->  Bitmap Index Scan on sbtest7_pkey  (cost=0.00..336.83 rows=10440 width=0)
	                    Index Cond: ((id >= 2574824) AND (id <= 2584823))

table 8 : explain SELECT DISTINCT c FROM sbtest8 WHERE id BETWEEN 9766450 AND 9776449 ORDER BY c
	Unique  (cost=37867.80..37921.85 rows=10811 width=121)
	  ->  Sort  (cost=37867.80..37894.83 rows=10811 width=121)
	        Sort Key: c
	        ->  Bitmap Heap Scan on sbtest8  (cost=351.25..37143.45 rows=10811 width=121)
	              Recheck Cond: ((id >= 9766450) AND (id <= 9776449))
	              ->  Bitmap Index Scan on sbtest8_pkey  (cost=0.00..348.55 rows=10811 width=0)
	                    Index Cond: ((id >= 9766450) AND (id <= 9776449))

for: sum_ranges
table 1 : explain SELECT SUM(k) FROM sbtest1 WHERE id BETWEEN 3821422 AND 3831421
	Aggregate  (cost=36116.18..36116.19 rows=1 width=8)
	  ->  Bitmap Heap Scan on sbtest1  (cost=339.53..36090.06 rows=10448 width=4)
	        Recheck Cond: ((id >= 3821422) AND (id <= 3831421))
	        ->  Bitmap Index Scan on sbtest1_pkey  (cost=0.00..336.92 rows=10448 width=0)
	              Index Cond: ((id >= 3821422) AND (id <= 3831421))

table 2 : explain SELECT SUM(k) FROM sbtest2 WHERE id BETWEEN 4172495 AND 4182494
	Aggregate  (cost=34558.13..34558.14 rows=1 width=8)
	  ->  Bitmap Heap Scan on sbtest2  (cost=322.88..34533.14 rows=9995 width=4)
	        Recheck Cond: ((id >= 4172495) AND (id <= 4182494))
	        ->  Bitmap Index Scan on sbtest2_pkey  (cost=0.00..320.38 rows=9995 width=0)
	              Index Cond: ((id >= 4172495) AND (id <= 4182494))

table 3 : explain SELECT SUM(k) FROM sbtest3 WHERE id BETWEEN 6173813 AND 6183812
	Aggregate  (cost=35859.40..35859.41 rows=1 width=8)
	  ->  Bitmap Heap Scan on sbtest3  (cost=334.38..35833.56 rows=10336 width=4)
	        Recheck Cond: ((id >= 6173813) AND (id <= 6183812))
	        ->  Bitmap Index Scan on sbtest3_pkey  (cost=0.00..331.80 rows=10336 width=0)
	              Index Cond: ((id >= 6173813) AND (id <= 6183812))

table 4 : explain SELECT SUM(k) FROM sbtest4 WHERE id BETWEEN 4141678 AND 4151677
	Aggregate  (cost=36196.64..36196.65 rows=1 width=8)
	  ->  Bitmap Heap Scan on sbtest4  (cost=339.43..36170.54 rows=10439 width=4)
	        Recheck Cond: ((id >= 4141678) AND (id <= 4151677))
	        ->  Bitmap Index Scan on sbtest4_pkey  (cost=0.00..336.82 rows=10439 width=0)
	              Index Cond: ((id >= 4141678) AND (id <= 4151677))

table 5 : explain SELECT SUM(k) FROM sbtest5 WHERE id BETWEEN 843899 AND 853898
	Aggregate  (cost=34277.73..34277.74 rows=1 width=8)
	  ->  Bitmap Heap Scan on sbtest5  (cost=317.27..34253.13 rows=9838 width=4)
	        Recheck Cond: ((id >= 843899) AND (id <= 853898))
	        ->  Bitmap Index Scan on sbtest5_pkey  (cost=0.00..314.81 rows=9838 width=0)
	              Index Cond: ((id >= 843899) AND (id <= 853898))

table 6 : explain SELECT SUM(k) FROM sbtest6 WHERE id BETWEEN 8863302 AND 8873301
	Aggregate  (cost=34539.54..34539.55 rows=1 width=8)
	  ->  Bitmap Heap Scan on sbtest6  (cost=322.50..34514.65 rows=9958 width=4)
	        Recheck Cond: ((id >= 8863302) AND (id <= 8873301))
	        ->  Bitmap Index Scan on sbtest6_pkey  (cost=0.00..320.01 rows=9958 width=0)
	              Index Cond: ((id >= 8863302) AND (id <= 8873301))

table 7 : explain SELECT SUM(k) FROM sbtest7 WHERE id BETWEEN 9429910 AND 9439909
	Aggregate  (cost=33709.61..33709.62 rows=1 width=8)
	  ->  Bitmap Heap Scan on sbtest7  (cost=315.54..33685.43 rows=9669 width=4)
	        Recheck Cond: ((id >= 9429910) AND (id <= 9439909))
	        ->  Bitmap Index Scan on sbtest7_pkey  (cost=0.00..313.12 rows=9669 width=0)
	              Index Cond: ((id >= 9429910) AND (id <= 9439909))

table 8 : explain SELECT SUM(k) FROM sbtest8 WHERE id BETWEEN 9921651 AND 9931650
	Aggregate  (cost=35089.69..35089.70 rows=1 width=8)
	  ->  Bitmap Heap Scan on sbtest8  (cost=328.44..35064.32 rows=10147 width=4)
	        Recheck Cond: ((id >= 9921651) AND (id <= 9931650))
	        ->  Bitmap Index Scan on sbtest8_pkey  (cost=0.00..325.91 rows=10147 width=0)
	              Index Cond: ((id >= 9921651) AND (id <= 9931650))

for: sum_ranges
table 1 : explain SELECT SUM(k) FROM sbtest1 WHERE id BETWEEN 2729810 AND 2739809
	Aggregate  (cost=34023.64..34023.65 rows=1 width=8)
	  ->  Bitmap Heap Scan on sbtest1  (cost=316.74..33999.17 rows=9786 width=4)
	        Recheck Cond: ((id >= 2729810) AND (id <= 2739809))
	        ->  Bitmap Index Scan on sbtest1_pkey  (cost=0.00..314.30 rows=9786 width=0)
	              Index Cond: ((id >= 2729810) AND (id <= 2739809))

table 2 : explain SELECT SUM(k) FROM sbtest2 WHERE id BETWEEN 5259691 AND 5269690
	Aggregate  (cost=33007.85..33007.86 rows=1 width=8)
	  ->  Bitmap Heap Scan on sbtest2  (cost=309.83..32984.09 rows=9502 width=4)
	        Recheck Cond: ((id >= 5259691) AND (id <= 5269690))
	        ->  Bitmap Index Scan on sbtest2_pkey  (cost=0.00..307.45 rows=9502 width=0)
	              Index Cond: ((id >= 5259691) AND (id <= 5269690))

table 3 : explain SELECT SUM(k) FROM sbtest3 WHERE id BETWEEN 9333973 AND 9343972
	Aggregate  (cost=34138.79..34138.80 rows=1 width=8)
	  ->  Bitmap Heap Scan on sbtest3  (cost=316.82..34114.31 rows=9794 width=4)
	        Recheck Cond: ((id >= 9333973) AND (id <= 9343972))
	        ->  Bitmap Index Scan on sbtest3_pkey  (cost=0.00..314.38 rows=9794 width=0)
	              Index Cond: ((id >= 9333973) AND (id <= 9343972))

table 4 : explain SELECT SUM(k) FROM sbtest4 WHERE id BETWEEN 9759162 AND 9769161
	Aggregate  (cost=35248.67..35248.68 rows=1 width=8)
	  ->  Bitmap Heap Scan on sbtest4  (cost=328.36..35223.33 rows=10139 width=4)
	        Recheck Cond: ((id >= 9759162) AND (id <= 9769161))
	        ->  Bitmap Index Scan on sbtest4_pkey  (cost=0.00..325.82 rows=10139 width=0)
	              Index Cond: ((id >= 9759162) AND (id <= 9769161))

table 5 : explain SELECT SUM(k) FROM sbtest5 WHERE id BETWEEN 9814683 AND 9824682
	Aggregate  (cost=34587.70..34587.71 rows=1 width=8)
	  ->  Bitmap Heap Scan on sbtest5  (cost=322.27..34562.86 rows=9935 width=4)
	        Recheck Cond: ((id >= 9814683) AND (id <= 9824682))
	        ->  Bitmap Index Scan on sbtest5_pkey  (cost=0.00..319.79 rows=9935 width=0)
	              Index Cond: ((id >= 9814683) AND (id <= 9824682))

table 6 : explain SELECT SUM(k) FROM sbtest6 WHERE id BETWEEN 6794742 AND 6804741
	Aggregate  (cost=35170.78..35170.79 rows=1 width=8)
	  ->  Bitmap Heap Scan on sbtest6  (cost=328.55..35145.39 rows=10158 width=4)
	        Recheck Cond: ((id >= 6794742) AND (id <= 6804741))
	        ->  Bitmap Index Scan on sbtest6_pkey  (cost=0.00..326.01 rows=10158 width=0)
	              Index Cond: ((id >= 6794742) AND (id <= 6804741))

table 7 : explain SELECT SUM(k) FROM sbtest7 WHERE id BETWEEN 9998446 AND 10008445
	Aggregate  (cost=5784.04..5784.05 rows=1 width=8)
	  ->  Bitmap Heap Scan on sbtest7  (cost=51.87..5780.27 rows=1506 width=4)
	        Recheck Cond: ((id >= 9998446) AND (id <= 10008445))
	        ->  Bitmap Index Scan on sbtest7_pkey  (cost=0.00..51.50 rows=1506 width=0)
	              Index Cond: ((id >= 9998446) AND (id <= 10008445))

table 8 : explain SELECT SUM(k) FROM sbtest8 WHERE id BETWEEN 5230157 AND 5240156
	Aggregate  (cost=34197.56..34197.57 rows=1 width=8)
	  ->  Bitmap Heap Scan on sbtest8  (cost=321.53..34172.90 rows=9863 width=4)
	        Recheck Cond: ((id >= 5230157) AND (id <= 5240156))
	        ->  Bitmap Index Scan on sbtest8_pkey  (cost=0.00..319.06 rows=9863 width=0)
	              Index Cond: ((id >= 5230157) AND (id <= 5240156))

for: simple_ranges
table 1 : explain SELECT c FROM sbtest1 WHERE id BETWEEN 8430742 AND 8440741
	Bitmap Heap Scan on sbtest1  (cost=315.39..33583.51 rows=9654 width=121)
	  Recheck Cond: ((id >= 8430742) AND (id <= 8440741))
	  ->  Bitmap Index Scan on sbtest1_pkey  (cost=0.00..312.98 rows=9654 width=0)
	        Index Cond: ((id >= 8430742) AND (id <= 8440741))

table 2 : explain SELECT c FROM sbtest2 WHERE id BETWEEN 973302 AND 983301
	Bitmap Heap Scan on sbtest2  (cost=351.79..37247.60 rows=10864 width=121)
	  Recheck Cond: ((id >= 973302) AND (id <= 983301))
	  ->  Bitmap Index Scan on sbtest2_pkey  (cost=0.00..349.07 rows=10864 width=0)
	        Index Cond: ((id >= 973302) AND (id <= 983301))

table 3 : explain SELECT c FROM sbtest3 WHERE id BETWEEN 5384347 AND 5394346
	Bitmap Heap Scan on sbtest3  (cost=334.17..35772.07 rows=10316 width=121)
	  Recheck Cond: ((id >= 5384347) AND (id <= 5394346))
	  ->  Bitmap Index Scan on sbtest3_pkey  (cost=0.00..331.59 rows=10316 width=0)
	        Index Cond: ((id >= 5384347) AND (id <= 5394346))

table 4 : explain SELECT c FROM sbtest4 WHERE id BETWEEN 3159553 AND 3169552
	Bitmap Heap Scan on sbtest4  (cost=357.41..38003.09 rows=11022 width=121)
	  Recheck Cond: ((id >= 3159553) AND (id <= 3169552))
	  ->  Bitmap Index Scan on sbtest4_pkey  (cost=0.00..354.66 rows=11022 width=0)
	        Index Cond: ((id >= 3159553) AND (id <= 3169552))

table 5 : explain SELECT c FROM sbtest5 WHERE id BETWEEN 1560243 AND 1570242
	Bitmap Heap Scan on sbtest5  (cost=317.21..34233.61 rows=9832 width=121)
	  Recheck Cond: ((id >= 1560243) AND (id <= 1570242))
	  ->  Bitmap Index Scan on sbtest5_pkey  (cost=0.00..314.75 rows=9832 width=0)
	        Index Cond: ((id >= 1560243) AND (id <= 1570242))

table 6 : explain SELECT c FROM sbtest6 WHERE id BETWEEN 8481347 AND 8491346
	Bitmap Heap Scan on sbtest6  (cost=339.73..36119.64 rows=10468 width=121)
	  Recheck Cond: ((id >= 8481347) AND (id <= 8491346))
	  ->  Bitmap Index Scan on sbtest6_pkey  (cost=0.00..337.12 rows=10468 width=0)
	        Index Cond: ((id >= 8481347) AND (id <= 8491346))

table 7 : explain SELECT c FROM sbtest7 WHERE id BETWEEN 3917946 AND 3927945
	Bitmap Heap Scan on sbtest7  (cost=322.62..34635.42 rows=9969 width=121)
	  Recheck Cond: ((id >= 3917946) AND (id <= 3927945))
	  ->  Bitmap Index Scan on sbtest7_pkey  (cost=0.00..320.12 rows=9969 width=0)
	        Index Cond: ((id >= 3917946) AND (id <= 3927945))

table 8 : explain SELECT c FROM sbtest8 WHERE id BETWEEN 9189265 AND 9199264
	Bitmap Heap Scan on sbtest8  (cost=323.10..34650.88 rows=10016 width=121)
	  Recheck Cond: ((id >= 9189265) AND (id <= 9199264))
	  ->  Bitmap Index Scan on sbtest8_pkey  (cost=0.00..320.59 rows=10016 width=0)
	        Index Cond: ((id >= 9189265) AND (id <= 9199264))

for: order_ranges
table 1 : explain SELECT c FROM sbtest1 WHERE id BETWEEN 5217300 AND 5227299 ORDER BY c
	Sort  (cost=30815.63..30837.17 rows=8614 width=121)
	  Sort Key: c
	  ->  Bitmap Heap Scan on sbtest1  (cost=280.73..30252.60 rows=8614 width=121)
	        Recheck Cond: ((id >= 5217300) AND (id <= 5227299))
	        ->  Bitmap Index Scan on sbtest1_pkey  (cost=0.00..278.57 rows=8614 width=0)
	              Index Cond: ((id >= 5217300) AND (id <= 5227299))

table 2 : explain SELECT c FROM sbtest2 WHERE id BETWEEN 4175460 AND 4185459 ORDER BY c
	Sort  (cost=35197.16..35222.14 rows=9995 width=121)
	  Sort Key: c
	  ->  Bitmap Heap Scan on sbtest2  (cost=322.88..34533.14 rows=9995 width=121)
	        Recheck Cond: ((id >= 4175460) AND (id <= 4185459))
	        ->  Bitmap Index Scan on sbtest2_pkey  (cost=0.00..320.38 rows=9995 width=0)
	              Index Cond: ((id >= 4175460) AND (id <= 4185459))

table 3 : explain SELECT c FROM sbtest3 WHERE id BETWEEN 5588434 AND 5598433 ORDER BY c
	Sort  (cost=36436.60..36462.38 rows=10309 width=121)
	  Sort Key: c
	  ->  Bitmap Heap Scan on sbtest3  (cost=334.10..35749.43 rows=10309 width=121)
	        Recheck Cond: ((id >= 5588434) AND (id <= 5598433))
	        ->  Bitmap Index Scan on sbtest3_pkey  (cost=0.00..331.53 rows=10309 width=0)
	              Index Cond: ((id >= 5588434) AND (id <= 5598433))

table 4 : explain SELECT c FROM sbtest4 WHERE id BETWEEN 7854781 AND 7864780 ORDER BY c
	Sort  (cost=34150.95..34174.95 rows=9603 width=121)
	  Sort Key: c
	  ->  Bitmap Heap Scan on sbtest4  (cost=310.87..33515.74 rows=9603 width=121)
	        Recheck Cond: ((id >= 7854781) AND (id <= 7864780))
	        ->  Bitmap Index Scan on sbtest4_pkey  (cost=0.00..308.46 rows=9603 width=0)
	              Index Cond: ((id >= 7854781) AND (id <= 7864780))

table 5 : explain SELECT c FROM sbtest5 WHERE id BETWEEN 2026955 AND 2036954 ORDER BY c
	Sort  (cost=34928.89..34953.50 rows=9845 width=121)
	  Sort Key: c
	  ->  Bitmap Heap Scan on sbtest5  (cost=317.35..34275.91 rows=9845 width=121)
	        Recheck Cond: ((id >= 2026955) AND (id <= 2036954))
	        ->  Bitmap Index Scan on sbtest5_pkey  (cost=0.00..314.88 rows=9845 width=0)
	              Index Cond: ((id >= 2026955) AND (id <= 2036954))

table 6 : explain SELECT c FROM sbtest6 WHERE id BETWEEN 676902 AND 686901 ORDER BY c
	Sort  (cost=36310.45..36336.23 rows=10309 width=121)
	  Sort Key: c
	  ->  Bitmap Heap Scan on sbtest6  (cost=334.10..35623.27 rows=10309 width=121)
	        Recheck Cond: ((id >= 676902) AND (id <= 686901))
	        ->  Bitmap Index Scan on sbtest6_pkey  (cost=0.00..331.53 rows=10309 width=0)
	              Index Cond: ((id >= 676902) AND (id <= 686901))

table 7 : explain SELECT c FROM sbtest7 WHERE id BETWEEN 8453054 AND 8463053 ORDER BY c
	Sort  (cost=39299.59..39327.62 rows=11213 width=121)
	  Sort Key: c
	  ->  Bitmap Heap Scan on sbtest7  (cost=363.37..38545.36 rows=11213 width=121)
	        Recheck Cond: ((id >= 8453054) AND (id <= 8463053))
	        ->  Bitmap Index Scan on sbtest7_pkey  (cost=0.00..360.56 rows=11213 width=0)
	              Index Cond: ((id >= 8453054) AND (id <= 8463053))

table 8 : explain SELECT c FROM sbtest8 WHERE id BETWEEN 1106272 AND 1116271 ORDER BY c
	Sort  (cost=34515.34..34539.75 rows=9767 width=121)
	  Sort Key: c
	  ->  Bitmap Heap Scan on sbtest8  (cost=316.55..33868.09 rows=9767 width=121)
	        Recheck Cond: ((id >= 1106272) AND (id <= 1116271))
	        ->  Bitmap Index Scan on sbtest8_pkey  (cost=0.00..314.11 rows=9767 width=0)
	              Index Cond: ((id >= 1106272) AND (id <= 1116271))

for: sum_ranges
table 1 : explain SELECT SUM(k) FROM sbtest1 WHERE id BETWEEN 9584252 AND 9594251
	Aggregate  (cost=36438.18..36438.19 rows=1 width=8)
	  ->  Bitmap Heap Scan on sbtest1  (cost=340.59..36411.80 rows=10552 width=4)
	        Recheck Cond: ((id >= 9584252) AND (id <= 9594251))
	        ->  Bitmap Index Scan on sbtest1_pkey  (cost=0.00..337.95 rows=10552 width=0)
	              Index Cond: ((id >= 9584252) AND (id <= 9594251))

table 2 : explain SELECT SUM(k) FROM sbtest2 WHERE id BETWEEN 2157073 AND 2167072
	Aggregate  (cost=31764.42..31764.43 rows=1 width=8)
	  ->  Bitmap Heap Scan on sbtest2  (cost=297.82..31741.65 rows=9111 width=4)
	        Recheck Cond: ((id >= 2157073) AND (id <= 2167072))
	        ->  Bitmap Index Scan on sbtest2_pkey  (cost=0.00..295.55 rows=9111 width=0)
	              Index Cond: ((id >= 2157073) AND (id <= 2167072))

table 3 : explain SELECT SUM(k) FROM sbtest3 WHERE id BETWEEN 579350 AND 589349
	Aggregate  (cost=32325.15..32325.16 rows=1 width=8)
	  ->  Bitmap Heap Scan on sbtest3  (cost=299.01..32302.08 rows=9227 width=4)
	        Recheck Cond: ((id >= 579350) AND (id <= 589349))
	        ->  Bitmap Index Scan on sbtest3_pkey  (cost=0.00..296.70 rows=9227 width=0)
	              Index Cond: ((id >= 579350) AND (id <= 589349))

table 4 : explain SELECT SUM(k) FROM sbtest4 WHERE id BETWEEN 2571464 AND 2581463
	Aggregate  (cost=33150.62..33150.63 rows=1 width=8)
	  ->  Bitmap Heap Scan on sbtest4  (cost=309.61..33126.92 rows=9480 width=4)
	        Recheck Cond: ((id >= 2571464) AND (id <= 2581463))
	        ->  Bitmap Index Scan on sbtest4_pkey  (cost=0.00..307.24 rows=9480 width=0)
	              Index Cond: ((id >= 2571464) AND (id <= 2581463))

table 5 : explain SELECT SUM(k) FROM sbtest5 WHERE id BETWEEN 1910651 AND 1920650
	Aggregate  (cost=39817.65..39817.66 rows=1 width=8)
	  ->  Bitmap Heap Scan on sbtest5  (cost=375.33..39788.65 rows=11600 width=4)
	        Recheck Cond: ((id >= 1910651) AND (id <= 1920650))
	        ->  Bitmap Index Scan on sbtest5_pkey  (cost=0.00..372.44 rows=11600 width=0)
	              Index Cond: ((id >= 1910651) AND (id <= 1920650))

table 6 : explain SELECT SUM(k) FROM sbtest6 WHERE id BETWEEN 3828679 AND 3838678
	Aggregate  (cost=35952.69..35952.70 rows=1 width=8)
	  ->  Bitmap Heap Scan on sbtest6  (cost=339.10..35926.67 rows=10406 width=4)
	        Recheck Cond: ((id >= 3828679) AND (id <= 3838678))
	        ->  Bitmap Index Scan on sbtest6_pkey  (cost=0.00..336.50 rows=10406 width=0)
	              Index Cond: ((id >= 3828679) AND (id <= 3838678))

table 7 : explain SELECT SUM(k) FROM sbtest7 WHERE id BETWEEN 837080 AND 847079
	Aggregate  (cost=32377.58..32377.59 rows=1 width=8)
	  ->  Bitmap Heap Scan on sbtest7  (cost=299.28..32354.44 rows=9253 width=4)
	        Recheck Cond: ((id >= 837080) AND (id <= 847079))
	        ->  Bitmap Index Scan on sbtest7_pkey  (cost=0.00..296.96 rows=9253 width=0)
	              Index Cond: ((id >= 837080) AND (id <= 847079))

table 8 : explain SELECT SUM(k) FROM sbtest8 WHERE id BETWEEN 2433752 AND 2443751
	Aggregate  (cost=34326.92..34326.93 rows=1 width=8)
	  ->  Bitmap Heap Scan on sbtest8  (cost=321.95..34302.16 rows=9904 width=4)
	        Recheck Cond: ((id >= 2433752) AND (id <= 2443751))
	        ->  Bitmap Index Scan on sbtest8_pkey  (cost=0.00..319.48 rows=9904 width=0)
	              Index Cond: ((id >= 2433752) AND (id <= 2443751))

for: distinct_ranges
table 1 : explain SELECT DISTINCT c FROM sbtest1 WHERE id BETWEEN 6012128 AND 6022127 ORDER BY c
	Unique  (cost=35248.91..35298.77 rows=9972 width=121)
	  ->  Sort  (cost=35248.91..35273.84 rows=9972 width=121)
	        Sort Key: c
	        ->  Bitmap Heap Scan on sbtest1  (cost=322.65..34586.59 rows=9972 width=121)
	              Recheck Cond: ((id >= 6012128) AND (id <= 6022127))
	              ->  Bitmap Index Scan on sbtest1_pkey  (cost=0.00..320.16 rows=9972 width=0)
	                    Index Cond: ((id >= 6012128) AND (id <= 6022127))

table 2 : explain SELECT DISTINCT c FROM sbtest2 WHERE id BETWEEN 1506306 AND 1516305 ORDER BY c
	Unique  (cost=36415.71..36467.58 rows=10375 width=121)
	  ->  Sort  (cost=36415.71..36441.64 rows=10375 width=121)
	        Sort Key: c
	        ->  Bitmap Heap Scan on sbtest2  (cost=334.78..35723.65 rows=10375 width=121)
	              Recheck Cond: ((id >= 1506306) AND (id <= 1516305))
	              ->  Bitmap Index Scan on sbtest2_pkey  (cost=0.00..332.19 rows=10375 width=0)
	                    Index Cond: ((id >= 1506306) AND (id <= 1516305))

table 3 : explain SELECT DISTINCT c FROM sbtest3 WHERE id BETWEEN 2058399 AND 2068398 ORDER BY c
	Unique  (cost=34450.15..34498.64 rows=9697 width=121)
	  ->  Sort  (cost=34450.15..34474.39 rows=9697 width=121)
	        Sort Key: c
	        ->  Bitmap Heap Scan on sbtest3  (cost=315.83..33808.05 rows=9697 width=121)
	              Recheck Cond: ((id >= 2058399) AND (id <= 2068398))
	              ->  Bitmap Index Scan on sbtest3_pkey  (cost=0.00..313.41 rows=9697 width=0)
	                    Index Cond: ((id >= 2058399) AND (id <= 2068398))

table 4 : explain SELECT DISTINCT c FROM sbtest4 WHERE id BETWEEN 7244278 AND 7254277 ORDER BY c
	Unique  (cost=32346.22..32391.48 rows=9053 width=121)
	  ->  Sort  (cost=32346.22..32368.85 rows=9053 width=121)
	        Sort Key: c
	        ->  Bitmap Heap Scan on sbtest4  (cost=293.23..31751.24 rows=9053 width=121)
	              Recheck Cond: ((id >= 7244278) AND (id <= 7254277))
	              ->  Bitmap Index Scan on sbtest4_pkey  (cost=0.00..290.96 rows=9053 width=0)
	                    Index Cond: ((id >= 7244278) AND (id <= 7254277))

table 5 : explain SELECT DISTINCT c FROM sbtest5 WHERE id BETWEEN 920929 AND 930928 ORDER BY c
	Unique  (cost=35139.27..35188.81 rows=9909 width=121)
	  ->  Sort  (cost=35139.27..35164.04 rows=9909 width=121)
	        Sort Key: c
	        ->  Bitmap Heap Scan on sbtest5  (cost=322.00..34481.58 rows=9909 width=121)
	              Recheck Cond: ((id >= 920929) AND (id <= 930928))
	              ->  Bitmap Index Scan on sbtest5_pkey  (cost=0.00..319.53 rows=9909 width=0)
	                    Index Cond: ((id >= 920929) AND (id <= 930928))

table 6 : explain SELECT DISTINCT c FROM sbtest6 WHERE id BETWEEN 5023534 AND 5033533 ORDER BY c
	Unique  (cost=33657.47..33704.91 rows=9488 width=121)
	  ->  Sort  (cost=33657.47..33681.19 rows=9488 width=121)
	        Sort Key: c
	        ->  Bitmap Heap Scan on sbtest6  (cost=309.69..33030.70 rows=9488 width=121)
	              Recheck Cond: ((id >= 5023534) AND (id <= 5033533))
	              ->  Bitmap Index Scan on sbtest6_pkey  (cost=0.00..307.31 rows=9488 width=0)
	                    Index Cond: ((id >= 5023534) AND (id <= 5033533))

table 7 : explain SELECT DISTINCT c FROM sbtest7 WHERE id BETWEEN 4424678 AND 4434677 ORDER BY c
	Unique  (cost=33968.06..34015.86 rows=9560 width=121)
	  ->  Sort  (cost=33968.06..33991.96 rows=9560 width=121)
	        Sort Key: c
	        ->  Bitmap Heap Scan on sbtest7  (cost=310.43..33336.01 rows=9560 width=121)
	              Recheck Cond: ((id >= 4424678) AND (id <= 4434677))
	              ->  Bitmap Index Scan on sbtest7_pkey  (cost=0.00..308.04 rows=9560 width=0)
	                    Index Cond: ((id >= 4424678) AND (id <= 4434677))

table 8 : explain SELECT DISTINCT c FROM sbtest8 WHERE id BETWEEN 5463129 AND 5473128 ORDER BY c
	Unique  (cost=35567.98..35618.45 rows=10093 width=121)
	  ->  Sort  (cost=35567.98..35593.21 rows=10093 width=121)
	        Sort Key: c
	        ->  Bitmap Heap Scan on sbtest8  (cost=327.89..34896.74 rows=10093 width=121)
	              Recheck Cond: ((id >= 5463129) AND (id <= 5473128))
	              ->  Bitmap Index Scan on sbtest8_pkey  (cost=0.00..325.37 rows=10093 width=0)
	                    Index Cond: ((id >= 5463129) AND (id <= 5473128))

for: order_ranges
table 1 : explain SELECT c FROM sbtest1 WHERE id BETWEEN 8224148 AND 8234147 ORDER BY c
	Sort  (cost=35488.05..35513.16 rows=10045 width=121)
	  Sort Key: c
	  ->  Bitmap Heap Scan on sbtest1  (cost=327.40..34820.35 rows=10045 width=121)
	        Recheck Cond: ((id >= 8224148) AND (id <= 8234147))
	        ->  Bitmap Index Scan on sbtest1_pkey  (cost=0.00..324.88 rows=10045 width=0)
	              Index Cond: ((id >= 8224148) AND (id <= 8234147))

table 2 : explain SELECT c FROM sbtest2 WHERE id BETWEEN 5891073 AND 5901072 ORDER BY c
	Sort  (cost=34857.30..34882.02 rows=9888 width=121)
	  Sort Key: c
	  ->  Bitmap Heap Scan on sbtest2  (cost=321.79..34201.16 rows=9888 width=121)
	        Recheck Cond: ((id >= 5891073) AND (id <= 5901072))
	        ->  Bitmap Index Scan on sbtest2_pkey  (cost=0.00..319.31 rows=9888 width=0)
	              Index Cond: ((id >= 5891073) AND (id <= 5901072))

table 3 : explain SELECT c FROM sbtest3 WHERE id BETWEEN 6682955 AND 6692954 ORDER BY c
	Sort  (cost=35510.28..35535.33 rows=10023 width=121)
	  Sort Key: c
	  ->  Bitmap Heap Scan on sbtest3  (cost=327.17..34844.20 rows=10023 width=121)
	        Recheck Cond: ((id >= 6682955) AND (id <= 6692954))
	        ->  Bitmap Index Scan on sbtest3_pkey  (cost=0.00..324.67 rows=10023 width=0)
	              Index Cond: ((id >= 6682955) AND (id <= 6692954))

table 4 : explain SELECT c FROM sbtest4 WHERE id BETWEEN 6217639 AND 6227638 ORDER BY c
	Sort  (cost=33313.99..33337.36 rows=9347 width=121)
	  Sort Key: c
	  ->  Bitmap Heap Scan on sbtest4  (cost=304.24..32697.54 rows=9347 width=121)
	        Recheck Cond: ((id >= 6217639) AND (id <= 6227638))
	        ->  Bitmap Index Scan on sbtest4_pkey  (cost=0.00..301.91 rows=9347 width=0)
	              Index Cond: ((id >= 6217639) AND (id <= 6227638))

table 5 : explain SELECT c FROM sbtest5 WHERE id BETWEEN 7546829 AND 7556828 ORDER BY c
	Sort  (cost=35259.01..35283.88 rows=9946 width=121)
	  Sort Key: c
	  ->  Bitmap Heap Scan on sbtest5  (cost=322.38..34598.61 rows=9946 width=121)
	        Recheck Cond: ((id >= 7546829) AND (id <= 7556828))
	        ->  Bitmap Index Scan on sbtest5_pkey  (cost=0.00..319.90 rows=9946 width=0)
	              Index Cond: ((id >= 7546829) AND (id <= 7556828))

table 6 : explain SELECT c FROM sbtest6 WHERE id BETWEEN 370284 AND 380283 ORDER BY c
	Sort  (cost=36864.60..36890.81 rows=10482 width=121)
	  Sort Key: c
	  ->  Bitmap Heap Scan on sbtest6  (cost=339.88..36164.63 rows=10482 width=121)
	        Recheck Cond: ((id >= 370284) AND (id <= 380283))
	        ->  Bitmap Index Scan on sbtest6_pkey  (cost=0.00..337.25 rows=10482 width=0)
	              Index Cond: ((id >= 370284) AND (id <= 380283))

table 7 : explain SELECT c FROM sbtest7 WHERE id BETWEEN 7524908 AND 7534907 ORDER BY c
	Sort  (cost=36610.92..36636.86 rows=10375 width=121)
	  Sort Key: c
	  ->  Bitmap Heap Scan on sbtest7  (cost=334.78..35918.87 rows=10375 width=121)
	        Recheck Cond: ((id >= 7524908) AND (id <= 7534907))
	        ->  Bitmap Index Scan on sbtest7_pkey  (cost=0.00..332.19 rows=10375 width=0)
	              Index Cond: ((id >= 7524908) AND (id <= 7534907))

table 8 : explain SELECT c FROM sbtest8 WHERE id BETWEEN 6534754 AND 6544753 ORDER BY c
	Sort  (cost=36425.32..36451.22 rows=10361 width=121)
	  Sort Key: c
	  ->  Bitmap Heap Scan on sbtest8  (cost=334.64..35734.30 rows=10361 width=121)
	        Recheck Cond: ((id >= 6534754) AND (id <= 6544753))
	        ->  Bitmap Index Scan on sbtest8_pkey  (cost=0.00..332.05 rows=10361 width=0)
	              Index Cond: ((id >= 6534754) AND (id <= 6544753))

explain: for point_selects :: explain SELECT c FROM sbtest%u WHERE id=%u
for: order_ranges
table 1 : explain SELECT c FROM sbtest1 WHERE id BETWEEN 431912 AND 441911 ORDER BY c
	Sort  (cost=35934.61..35960.07 rows=10184 width=121)
	  Sort Key: c
	  ->  Bitmap Heap Scan on sbtest1  (cost=328.82..35256.66 rows=10184 width=121)
	        Recheck Cond: ((id >= 431912) AND (id <= 441911))
	        ->  Bitmap Index Scan on sbtest1_pkey  (cost=0.00..326.28 rows=10184 width=0)
	              Index Cond: ((id >= 431912) AND (id <= 441911))

table 2 : explain SELECT c FROM sbtest2 WHERE id BETWEEN 6352849 AND 6362848 ORDER BY c
	Sort  (cost=36754.26..36780.46 rows=10480 width=121)
	  Sort Key: c
	  ->  Bitmap Heap Scan on sbtest2  (cost=339.86..36054.44 rows=10480 width=121)
	        Recheck Cond: ((id >= 6352849) AND (id <= 6362848))
	        ->  Bitmap Index Scan on sbtest2_pkey  (cost=0.00..337.24 rows=10480 width=0)
	              Index Cond: ((id >= 6352849) AND (id <= 6362848))

table 3 : explain SELECT c FROM sbtest3 WHERE id BETWEEN 1269368 AND 1279367 ORDER BY c
	Sort  (cost=35436.44..35461.45 rows=10001 width=121)
	  Sort Key: c
	  ->  Bitmap Heap Scan on sbtest3  (cost=322.95..34771.98 rows=10001 width=121)
	        Recheck Cond: ((id >= 1269368) AND (id <= 1279367))
	        ->  Bitmap Index Scan on sbtest3_pkey  (cost=0.00..320.44 rows=10001 width=0)
	              Index Cond: ((id >= 1269368) AND (id <= 1279367))

table 4 : explain SELECT c FROM sbtest4 WHERE id BETWEEN 4228693 AND 4238692 ORDER BY c
	Sort  (cost=35612.33..35637.46 rows=10051 width=121)
	  Sort Key: c
	  ->  Bitmap Heap Scan on sbtest4  (cost=327.46..34944.19 rows=10051 width=121)
	        Recheck Cond: ((id >= 4228693) AND (id <= 4238692))
	        ->  Bitmap Index Scan on sbtest4_pkey  (cost=0.00..324.94 rows=10051 width=0)
	              Index Cond: ((id >= 4228693) AND (id <= 4238692))

table 5 : explain SELECT c FROM sbtest5 WHERE id BETWEEN 6747596 AND 6757595 ORDER BY c
	Sort  (cost=33612.70..33636.30 rows=9442 width=121)
	  Sort Key: c
	  ->  Bitmap Heap Scan on sbtest5  (cost=305.22..32989.30 rows=9442 width=121)
	        Recheck Cond: ((id >= 6747596) AND (id <= 6757595))
	        ->  Bitmap Index Scan on sbtest5_pkey  (cost=0.00..302.86 rows=9442 width=0)
	              Index Cond: ((id >= 6747596) AND (id <= 6757595))

table 6 : explain SELECT c FROM sbtest6 WHERE id BETWEEN 5970124 AND 5980123 ORDER BY c
	Sort  (cost=34299.83..34324.05 rows=9686 width=121)
	  Sort Key: c
	  ->  Bitmap Heap Scan on sbtest6  (cost=315.72..33658.54 rows=9686 width=121)
	        Recheck Cond: ((id >= 5970124) AND (id <= 5980123))
	        ->  Bitmap Index Scan on sbtest6_pkey  (cost=0.00..313.30 rows=9686 width=0)
	              Index Cond: ((id >= 5970124) AND (id <= 5980123))

table 7 : explain SELECT c FROM sbtest7 WHERE id BETWEEN 3060038 AND 3070037 ORDER BY c
	Sort  (cost=33874.61..33898.44 rows=9531 width=121)
	  Sort Key: c
	  ->  Bitmap Heap Scan on sbtest7  (cost=310.13..33244.68 rows=9531 width=121)
	        Recheck Cond: ((id >= 3060038) AND (id <= 3070037))
	        ->  Bitmap Index Scan on sbtest7_pkey  (cost=0.00..307.75 rows=9531 width=0)
	              Index Cond: ((id >= 3060038) AND (id <= 3070037))

table 8 : explain SELECT c FROM sbtest8 WHERE id BETWEEN 2665661 AND 2675660 ORDER BY c
	Sort  (cost=35309.84..35334.88 rows=10014 width=121)
	  Sort Key: c
	  ->  Bitmap Heap Scan on sbtest8  (cost=323.08..34644.43 rows=10014 width=121)
	        Recheck Cond: ((id >= 2665661) AND (id <= 2675660))
	        ->  Bitmap Index Scan on sbtest8_pkey  (cost=0.00..320.57 rows=10014 width=0)
	              Index Cond: ((id >= 2665661) AND (id <= 2675660))

for: order_ranges
table 1 : explain SELECT c FROM sbtest1 WHERE id BETWEEN 7421597 AND 7431596 ORDER BY c
	Sort  (cost=35023.42..35048.17 rows=9901 width=121)
	  Sort Key: c
	  ->  Bitmap Heap Scan on sbtest1  (cost=321.92..34366.32 rows=9901 width=121)
	        Recheck Cond: ((id >= 7421597) AND (id <= 7431596))
	        ->  Bitmap Index Scan on sbtest1_pkey  (cost=0.00..319.44 rows=9901 width=0)
	              Index Cond: ((id >= 7421597) AND (id <= 7431596))

table 2 : explain SELECT c FROM sbtest2 WHERE id BETWEEN 2860111 AND 2870110 ORDER BY c
	Sort  (cost=32657.20..32680.22 rows=9209 width=121)
	  Sort Key: c
	  ->  Bitmap Heap Scan on sbtest2  (cost=298.83..32050.84 rows=9209 width=121)
	        Recheck Cond: ((id >= 2860111) AND (id <= 2870110))
	        ->  Bitmap Index Scan on sbtest2_pkey  (cost=0.00..296.53 rows=9209 width=0)
	              Index Cond: ((id >= 2860111) AND (id <= 2870110))

table 3 : explain SELECT c FROM sbtest3 WHERE id BETWEEN 6115039 AND 6125038 ORDER BY c
	Sort  (cost=36522.74..36548.58 rows=10336 width=121)
	  Sort Key: c
	  ->  Bitmap Heap Scan on sbtest3  (cost=334.38..35833.56 rows=10336 width=121)
	        Recheck Cond: ((id >= 6115039) AND (id <= 6125038))
	        ->  Bitmap Index Scan on sbtest3_pkey  (cost=0.00..331.80 rows=10336 width=0)
	              Index Cond: ((id >= 6115039) AND (id <= 6125038))

table 4 : explain SELECT c FROM sbtest4 WHERE id BETWEEN 1028403 AND 1038402 ORDER BY c
	Sort  (cost=33655.51..33679.14 rows=9452 width=121)
	  Sort Key: c
	  ->  Bitmap Heap Scan on sbtest4  (cost=305.32..33031.38 rows=9452 width=121)
	        Recheck Cond: ((id >= 1028403) AND (id <= 1038402))
	        ->  Bitmap Index Scan on sbtest4_pkey  (cost=0.00..302.95 rows=9452 width=0)
	              Index Cond: ((id >= 1028403) AND (id <= 1038402))

table 5 : explain SELECT c FROM sbtest5 WHERE id BETWEEN 321674 AND 331673 ORDER BY c
	Sort  (cost=34898.94..34923.53 rows=9836 width=121)
	  Sort Key: c
	  ->  Bitmap Heap Scan on sbtest5  (cost=317.25..34246.63 rows=9836 width=121)
	        Recheck Cond: ((id >= 321674) AND (id <= 331673))
	        ->  Bitmap Index Scan on sbtest5_pkey  (cost=0.00..314.80 rows=9836 width=0)
	              Index Cond: ((id >= 321674) AND (id <= 331673))

table 6 : explain SELECT c FROM sbtest6 WHERE id BETWEEN 6970927 AND 6980926 ORDER BY c
	Sort  (cost=35474.34..35499.46 rows=10049 width=121)
	  Sort Key: c
	  ->  Bitmap Heap Scan on sbtest6  (cost=327.44..34806.34 rows=10049 width=121)
	        Recheck Cond: ((id >= 6970927) AND (id <= 6980926))
	        ->  Bitmap Index Scan on sbtest6_pkey  (cost=0.00..324.93 rows=10049 width=0)
	              Index Cond: ((id >= 6970927) AND (id <= 6980926))

table 7 : explain SELECT c FROM sbtest7 WHERE id BETWEEN 3442993 AND 3452992 ORDER BY c
	Sort  (cost=31791.72..31813.96 rows=8896 width=121)
	  Sort Key: c
	  ->  Bitmap Heap Scan on sbtest7  (cost=287.62..31208.19 rows=8896 width=121)
	        Recheck Cond: ((id >= 3442993) AND (id <= 3452992))
	        ->  Bitmap Index Scan on sbtest7_pkey  (cost=0.00..285.40 rows=8896 width=0)
	              Index Cond: ((id >= 3442993) AND (id <= 3452992))

table 8 : explain SELECT c FROM sbtest8 WHERE id BETWEEN 8291712 AND 8301711 ORDER BY c
	Sort  (cost=32247.70..32270.38 rows=9069 width=121)
	  Sort Key: c
	  ->  Bitmap Heap Scan on sbtest8  (cost=293.39..31651.57 rows=9069 width=121)
	        Recheck Cond: ((id >= 8291712) AND (id <= 8301711))
	        ->  Bitmap Index Scan on sbtest8_pkey  (cost=0.00..291.12 rows=9069 width=0)
	              Index Cond: ((id >= 8291712) AND (id <= 8301711))

for: order_ranges
table 1 : explain SELECT c FROM sbtest1 WHERE id BETWEEN 8371185 AND 8381184 ORDER BY c
	Sort  (cost=42301.21..42331.68 rows=12186 width=121)
	  Sort Key: c
	  ->  Bitmap Heap Scan on sbtest1  (cost=393.34..41474.21 rows=12186 width=121)
	        Recheck Cond: ((id >= 8371185) AND (id <= 8381184))
	        ->  Bitmap Index Scan on sbtest1_pkey  (cost=0.00..390.30 rows=12186 width=0)
	              Index Cond: ((id >= 8371185) AND (id <= 8381184))

table 2 : explain SELECT c FROM sbtest2 WHERE id BETWEEN 2095616 AND 2105615 ORDER BY c
	Sort  (cost=32340.85..32363.63 rows=9111 width=121)
	  Sort Key: c
	  ->  Bitmap Heap Scan on sbtest2  (cost=297.82..31741.65 rows=9111 width=121)
	        Recheck Cond: ((id >= 2095616) AND (id <= 2105615))
	        ->  Bitmap Index Scan on sbtest2_pkey  (cost=0.00..295.55 rows=9111 width=0)
	              Index Cond: ((id >= 2095616) AND (id <= 2105615))

table 3 : explain SELECT c FROM sbtest3 WHERE id BETWEEN 9007228 AND 9017227 ORDER BY c
	Sort  (cost=38241.90..38269.07 rows=10870 width=121)
	  Sort Key: c
	  ->  Bitmap Heap Scan on sbtest3  (cost=351.85..37513.17 rows=10870 width=121)
	        Recheck Cond: ((id >= 9007228) AND (id <= 9017227))
	        ->  Bitmap Index Scan on sbtest3_pkey  (cost=0.00..349.13 rows=10870 width=0)
	              Index Cond: ((id >= 9007228) AND (id <= 9017227))

table 4 : explain SELECT c FROM sbtest4 WHERE id BETWEEN 7526773 AND 7536772 ORDER BY c
	Sort  (cost=34365.33..34389.50 rows=9668 width=121)
	  Sort Key: c
	  ->  Bitmap Heap Scan on sbtest4  (cost=315.53..33725.35 rows=9668 width=121)
	        Recheck Cond: ((id >= 7526773) AND (id <= 7536772))
	        ->  Bitmap Index Scan on sbtest4_pkey  (cost=0.00..313.12 rows=9668 width=0)
	              Index Cond: ((id >= 7526773) AND (id <= 7536772))

table 5 : explain SELECT c FROM sbtest5 WHERE id BETWEEN 4704981 AND 4714980 ORDER BY c
	Sort  (cost=34699.05..34723.48 rows=9774 width=121)
	  Sort Key: c
	  ->  Bitmap Heap Scan on sbtest5  (cost=316.62..34051.29 rows=9774 width=121)
	        Recheck Cond: ((id >= 4704981) AND (id <= 4714980))
	        ->  Bitmap Index Scan on sbtest5_pkey  (cost=0.00..314.18 rows=9774 width=0)
	              Index Cond: ((id >= 4704981) AND (id <= 4714980))

table 6 : explain SELECT c FROM sbtest6 WHERE id BETWEEN 8565109 AND 8575108 ORDER BY c
	Sort  (cost=32786.08..32809.14 rows=9222 width=121)
	  Sort Key: c
	  ->  Bitmap Heap Scan on sbtest6  (cost=298.96..32178.77 rows=9222 width=121)
	        Recheck Cond: ((id >= 8565109) AND (id <= 8575108))
	        ->  Bitmap Index Scan on sbtest6_pkey  (cost=0.00..296.66 rows=9222 width=0)
	              Index Cond: ((id >= 8565109) AND (id <= 8575108))

table 7 : explain SELECT c FROM sbtest7 WHERE id BETWEEN 8738255 AND 8748254 ORDER BY c
	Sort  (cost=33010.85..33034.02 rows=9267 width=121)
	  Sort Key: c
	  ->  Bitmap Heap Scan on sbtest7  (cost=299.42..32400.25 rows=9267 width=121)
	        Recheck Cond: ((id >= 8738255) AND (id <= 8748254))
	        ->  Bitmap Index Scan on sbtest7_pkey  (cost=0.00..297.11 rows=9267 width=0)
	              Index Cond: ((id >= 8738255) AND (id <= 8748254))

table 8 : explain SELECT c FROM sbtest8 WHERE id BETWEEN 1209526 AND 1219525 ORDER BY c
	Sort  (cost=33715.21..33739.01 rows=9519 width=121)
	  Sort Key: c
	  ->  Bitmap Heap Scan on sbtest8  (cost=310.00..33086.17 rows=9519 width=121)
	        Recheck Cond: ((id >= 1209526) AND (id <= 1219525))
	        ->  Bitmap Index Scan on sbtest8_pkey  (cost=0.00..307.62 rows=9519 width=0)
	              Index Cond: ((id >= 1209526) AND (id <= 1219525))

for: simple_ranges
table 1 : explain SELECT c FROM sbtest1 WHERE id BETWEEN 103141 AND 113140
	Bitmap Heap Scan on sbtest1  (cost=322.24..34463.51 rows=9932 width=121)
	  Recheck Cond: ((id >= 103141) AND (id <= 113140))
	  ->  Bitmap Index Scan on sbtest1_pkey  (cost=0.00..319.75 rows=9932 width=0)
	        Index Cond: ((id >= 103141) AND (id <= 113140))

table 2 : explain SELECT c FROM sbtest2 WHERE id BETWEEN 7336499 AND 7346498
	Bitmap Heap Scan on sbtest2  (cost=334.80..35730.06 rows=10377 width=121)
	  Recheck Cond: ((id >= 7336499) AND (id <= 7346498))
	  ->  Bitmap Index Scan on sbtest2_pkey  (cost=0.00..332.20 rows=10377 width=0)
	        Index Cond: ((id >= 7336499) AND (id <= 7346498))

table 3 : explain SELECT c FROM sbtest3 WHERE id BETWEEN 4178234 AND 4188233
	Bitmap Heap Scan on sbtest3  (cost=328.32..35197.91 rows=10135 width=121)
	  Recheck Cond: ((id >= 4178234) AND (id <= 4188233))
	  ->  Bitmap Index Scan on sbtest3_pkey  (cost=0.00..325.79 rows=10135 width=0)
	        Index Cond: ((id >= 4178234) AND (id <= 4188233))

table 4 : explain SELECT c FROM sbtest4 WHERE id BETWEEN 3079175 AND 3089174
	Bitmap Heap Scan on sbtest4  (cost=292.03..31376.30 rows=8936 width=121)
	  Recheck Cond: ((id >= 3079175) AND (id <= 3089174))
	  ->  Bitmap Index Scan on sbtest4_pkey  (cost=0.00..289.80 rows=8936 width=0)
	        Index Cond: ((id >= 3079175) AND (id <= 3089174))

table 5 : explain SELECT c FROM sbtest5 WHERE id BETWEEN 9051969 AND 9061968
	Bitmap Heap Scan on sbtest5  (cost=345.15..36686.65 rows=10606 width=121)
	  Recheck Cond: ((id >= 9051969) AND (id <= 9061968))
	  ->  Bitmap Index Scan on sbtest5_pkey  (cost=0.00..342.50 rows=10606 width=0)
	        Index Cond: ((id >= 9051969) AND (id <= 9061968))

table 6 : explain SELECT c FROM sbtest6 WHERE id BETWEEN 4432565 AND 4442564
	Bitmap Heap Scan on sbtest6  (cost=316.28..33830.49 rows=9741 width=121)
	  Recheck Cond: ((id >= 4432565) AND (id <= 4442564))
	  ->  Bitmap Index Scan on sbtest6_pkey  (cost=0.00..313.84 rows=9741 width=0)
	        Index Cond: ((id >= 4432565) AND (id <= 4442564))

table 7 : explain SELECT c FROM sbtest7 WHERE id BETWEEN 5725141 AND 5735140
	Bitmap Heap Scan on sbtest7  (cost=287.38..31132.58 rows=8873 width=121)
	  Recheck Cond: ((id >= 5725141) AND (id <= 5735140))
	  ->  Bitmap Index Scan on sbtest7_pkey  (cost=0.00..285.17 rows=8873 width=0)
	        Index Cond: ((id >= 5725141) AND (id <= 5735140))

table 8 : explain SELECT c FROM sbtest8 WHERE id BETWEEN 4117831 AND 4127830
	Bitmap Heap Scan on sbtest8  (cost=304.72..32685.83 rows=9394 width=121)
	  Recheck Cond: ((id >= 4117831) AND (id <= 4127830))
	  ->  Bitmap Index Scan on sbtest8_pkey  (cost=0.00..302.38 rows=9394 width=0)
	        Index Cond: ((id >= 4117831) AND (id <= 4127830))

for: sum_ranges
table 1 : explain SELECT SUM(k) FROM sbtest1 WHERE id BETWEEN 186831 AND 196830
	Aggregate  (cost=34488.34..34488.35 rows=1 width=8)
	  ->  Bitmap Heap Scan on sbtest1  (cost=322.24..34463.51 rows=9932 width=4)
	        Recheck Cond: ((id >= 186831) AND (id <= 196830))
	        ->  Bitmap Index Scan on sbtest1_pkey  (cost=0.00..319.75 rows=9932 width=0)
	              Index Cond: ((id >= 186831) AND (id <= 196830))

table 2 : explain SELECT SUM(k) FROM sbtest2 WHERE id BETWEEN 5715991 AND 5725990
	Aggregate  (cost=36981.14..36981.15 rows=1 width=8)
	  ->  Bitmap Heap Scan on sbtest2  (cost=350.82..36954.22 rows=10769 width=4)
	        Recheck Cond: ((id >= 5715991) AND (id <= 5725990))
	        ->  Bitmap Index Scan on sbtest2_pkey  (cost=0.00..348.12 rows=10769 width=0)
	              Index Cond: ((id >= 5715991) AND (id <= 5725990))

table 3 : explain SELECT SUM(k) FROM sbtest3 WHERE id BETWEEN 811762 AND 821761
	Aggregate  (cost=33773.55..33773.56 rows=1 width=8)
	  ->  Bitmap Heap Scan on sbtest3  (cost=315.63..33749.35 rows=9678 width=4)
	        Recheck Cond: ((id >= 811762) AND (id <= 821761))
	        ->  Bitmap Index Scan on sbtest3_pkey  (cost=0.00..313.21 rows=9678 width=0)
	              Index Cond: ((id >= 811762) AND (id <= 821761))

table 4 : explain SELECT SUM(k) FROM sbtest4 WHERE id BETWEEN 9469323 AND 9479322
	Aggregate  (cost=36769.49..36769.50 rows=1 width=8)
	  ->  Bitmap Heap Scan on sbtest4  (cost=345.29..36742.94 rows=10620 width=4)
	        Recheck Cond: ((id >= 9469323) AND (id <= 9479322))
	        ->  Bitmap Index Scan on sbtest4_pkey  (cost=0.00..342.63 rows=10620 width=0)
	              Index Cond: ((id >= 9469323) AND (id <= 9479322))

table 5 : explain SELECT SUM(k) FROM sbtest5 WHERE id BETWEEN 5632178 AND 5642177
	Aggregate  (cost=34564.93..34564.94 rows=1 width=8)
	  ->  Bitmap Heap Scan on sbtest5  (cost=322.20..34540.11 rows=9928 width=4)
	        Recheck Cond: ((id >= 5632178) AND (id <= 5642177))
	        ->  Bitmap Index Scan on sbtest5_pkey  (cost=0.00..319.71 rows=9928 width=0)
	              Index Cond: ((id >= 5632178) AND (id <= 5642177))

table 6 : explain SELECT SUM(k) FROM sbtest6 WHERE id BETWEEN 8713650 AND 8723649
	Aggregate  (cost=33848.35..33848.36 rows=1 width=8)
	  ->  Bitmap Heap Scan on sbtest6  (cost=316.26..33824.00 rows=9739 width=4)
	        Recheck Cond: ((id >= 8713650) AND (id <= 8723649))
	        ->  Bitmap Index Scan on sbtest6_pkey  (cost=0.00..313.82 rows=9739 width=0)
	              Index Cond: ((id >= 8713650) AND (id <= 8723649))

table 7 : explain SELECT SUM(k) FROM sbtest7 WHERE id BETWEEN 4892845 AND 4902844
	Aggregate  (cost=32810.34..32810.35 rows=1 width=8)
	  ->  Bitmap Heap Scan on sbtest7  (cost=304.66..32786.87 rows=9388 width=4)
	        Recheck Cond: ((id >= 4892845) AND (id <= 4902844))
	        ->  Bitmap Index Scan on sbtest7_pkey  (cost=0.00..302.31 rows=9388 width=0)
	              Index Cond: ((id >= 4892845) AND (id <= 4902844))

table 8 : explain SELECT SUM(k) FROM sbtest8 WHERE id BETWEEN 525465 AND 535464
	Aggregate  (cost=32350.38..32350.39 rows=1 width=8)
	  ->  Bitmap Heap Scan on sbtest8  (cost=299.57..32327.17 rows=9281 width=4)
	        Recheck Cond: ((id >= 525465) AND (id <= 535464))
	        ->  Bitmap Index Scan on sbtest8_pkey  (cost=0.00..297.25 rows=9281 width=0)
	              Index Cond: ((id >= 525465) AND (id <= 535464))

for: distinct_ranges
table 1 : explain SELECT DISTINCT c FROM sbtest1 WHERE id BETWEEN 5304756 AND 5314755 ORDER BY c
	Unique  (cost=37377.54..37430.70 rows=10632 width=121)
	  ->  Sort  (cost=37377.54..37404.12 rows=10632 width=121)
	        Sort Key: c
	        ->  Bitmap Heap Scan on sbtest1  (cost=345.41..36666.47 rows=10632 width=121)
	              Recheck Cond: ((id >= 5304756) AND (id <= 5314755))
	              ->  Bitmap Index Scan on sbtest1_pkey  (cost=0.00..342.75 rows=10632 width=0)
	                    Index Cond: ((id >= 5304756) AND (id <= 5314755))

table 2 : explain SELECT DISTINCT c FROM sbtest2 WHERE id BETWEEN 6665614 AND 6675613 ORDER BY c
	Unique  (cost=38031.40..38085.81 rows=10882 width=121)
	  ->  Sort  (cost=38031.40..38058.61 rows=10882 width=121)
	        Sort Key: c
	        ->  Bitmap Heap Scan on sbtest2  (cost=351.98..37301.79 rows=10882 width=121)
	              Recheck Cond: ((id >= 6665614) AND (id <= 6675613))
	              ->  Bitmap Index Scan on sbtest2_pkey  (cost=0.00..349.25 rows=10882 width=0)
	                    Index Cond: ((id >= 6665614) AND (id <= 6675613))

table 3 : explain SELECT DISTINCT c FROM sbtest3 WHERE id BETWEEN 1136056 AND 1146055 ORDER BY c
	Unique  (cost=33868.54..33916.13 rows=9519 width=121)
	  ->  Sort  (cost=33868.54..33892.33 rows=9519 width=121)
	        Sort Key: c
	        ->  Bitmap Heap Scan on sbtest3  (cost=310.00..33239.49 rows=9519 width=121)
	              Recheck Cond: ((id >= 1136056) AND (id <= 1146055))
	              ->  Bitmap Index Scan on sbtest3_pkey  (cost=0.00..307.62 rows=9519 width=0)
	                    Index Cond: ((id >= 1136056) AND (id <= 1146055))

table 4 : explain SELECT DISTINCT c FROM sbtest4 WHERE id BETWEEN 1076749 AND 1086748 ORDER BY c
	Unique  (cost=33655.51..33702.77 rows=9452 width=121)
	  ->  Sort  (cost=33655.51..33679.14 rows=9452 width=121)
	        Sort Key: c
	        ->  Bitmap Heap Scan on sbtest4  (cost=305.32..33031.38 rows=9452 width=121)
	              Recheck Cond: ((id >= 1076749) AND (id <= 1086748))
	              ->  Bitmap Index Scan on sbtest4_pkey  (cost=0.00..302.95 rows=9452 width=0)
	                    Index Cond: ((id >= 1076749) AND (id <= 1086748))

table 5 : explain SELECT DISTINCT c FROM sbtest5 WHERE id BETWEEN 5275172 AND 5285171 ORDER BY c
	Unique  (cost=37359.51..37412.48 rows=10595 width=121)
	  ->  Sort  (cost=37359.51..37386.00 rows=10595 width=121)
	        Sort Key: c
	        ->  Bitmap Heap Scan on sbtest5  (cost=345.03..36651.17 rows=10595 width=121)
	              Recheck Cond: ((id >= 5275172) AND (id <= 5285171))
	              ->  Bitmap Index Scan on sbtest5_pkey  (cost=0.00..342.38 rows=10595 width=0)
	                    Index Cond: ((id >= 5275172) AND (id <= 5285171))

table 6 : explain SELECT DISTINCT c FROM sbtest6 WHERE id BETWEEN 833278 AND 843277 ORDER BY c
	Unique  (cost=35265.22..35315.15 rows=9985 width=121)
	  ->  Sort  (cost=35265.22..35290.19 rows=9985 width=121)
	        Sort Key: c
	        ->  Bitmap Heap Scan on sbtest6  (cost=322.78..34601.94 rows=9985 width=121)
	              Recheck Cond: ((id >= 833278) AND (id <= 843277))
	              ->  Bitmap Index Scan on sbtest6_pkey  (cost=0.00..320.29 rows=9985 width=0)
	                    Index Cond: ((id >= 833278) AND (id <= 843277))

table 7 : explain SELECT DISTINCT c FROM sbtest7 WHERE id BETWEEN 9776250 AND 9786249 ORDER BY c
	Unique  (cost=33205.64..33252.27 rows=9326 width=121)
	  ->  Sort  (cost=33205.64..33228.95 rows=9326 width=121)
	        Sort Key: c
	        ->  Bitmap Heap Scan on sbtest7  (cost=304.03..32590.73 rows=9326 width=121)
	              Recheck Cond: ((id >= 9776250) AND (id <= 9786249))
	              ->  Bitmap Index Scan on sbtest7_pkey  (cost=0.00..301.69 rows=9326 width=0)
	                    Index Cond: ((id >= 9776250) AND (id <= 9786249))

table 8 : explain SELECT DISTINCT c FROM sbtest8 WHERE id BETWEEN 5635295 AND 5645294 ORDER BY c
	Unique  (cost=36247.61..36299.13 rows=10305 width=121)
	  ->  Sort  (cost=36247.61..36273.37 rows=10305 width=121)
	        Sort Key: c
	        ->  Bitmap Heap Scan on sbtest8  (cost=334.06..35560.73 rows=10305 width=121)
	              Recheck Cond: ((id >= 5635295) AND (id <= 5645294))
	              ->  Bitmap Index Scan on sbtest8_pkey  (cost=0.00..331.49 rows=10305 width=0)
	                    Index Cond: ((id >= 5635295) AND (id <= 5645294))

for: simple_ranges
table 1 : explain SELECT c FROM sbtest1 WHERE id BETWEEN 3422776 AND 3432775
	Bitmap Heap Scan on sbtest1  (cost=310.47..33296.60 rows=9564 width=121)
	  Recheck Cond: ((id >= 3422776) AND (id <= 3432775))
	  ->  Bitmap Index Scan on sbtest1_pkey  (cost=0.00..308.07 rows=9564 width=0)
	        Index Cond: ((id >= 3422776) AND (id <= 3432775))

table 2 : explain SELECT c FROM sbtest2 WHERE id BETWEEN 4520350 AND 4530349
	Bitmap Heap Scan on sbtest2  (cost=321.79..34201.16 rows=9888 width=121)
	  Recheck Cond: ((id >= 4520350) AND (id <= 4530349))
	  ->  Bitmap Index Scan on sbtest2_pkey  (cost=0.00..319.31 rows=9888 width=0)
	        Index Cond: ((id >= 4520350) AND (id <= 4530349))

table 3 : explain SELECT c FROM sbtest3 WHERE id BETWEEN 1085228 AND 1095227
	Bitmap Heap Scan on sbtest3  (cost=328.91..35379.47 rows=10193 width=121)
	  Recheck Cond: ((id >= 1085228) AND (id <= 1095227))
	  ->  Bitmap Index Scan on sbtest3_pkey  (cost=0.00..326.37 rows=10193 width=0)
	        Index Cond: ((id >= 1085228) AND (id <= 1095227))

table 4 : explain SELECT c FROM sbtest4 WHERE id BETWEEN 8080847 AND 8090846
	Bitmap Heap Scan on sbtest4  (cost=317.00..34178.43 rows=9811 width=121)
	  Recheck Cond: ((id >= 8080847) AND (id <= 8090846))
	  ->  Bitmap Index Scan on sbtest4_pkey  (cost=0.00..314.55 rows=9811 width=0)
	        Index Cond: ((id >= 8080847) AND (id <= 8090846))

table 5 : explain SELECT c FROM sbtest5 WHERE id BETWEEN 9738020 AND 9748019
	Bitmap Heap Scan on sbtest5  (cost=322.57..34653.86 rows=9964 width=121)
	  Recheck Cond: ((id >= 9738020) AND (id <= 9748019))
	  ->  Bitmap Index Scan on sbtest5_pkey  (cost=0.00..320.07 rows=9964 width=0)
	        Index Cond: ((id >= 9738020) AND (id <= 9748019))

table 6 : explain SELECT c FROM sbtest6 WHERE id BETWEEN 220302 AND 230301
	Bitmap Heap Scan on sbtest6  (cost=340.55..36370.27 rows=10548 width=121)
	  Recheck Cond: ((id >= 220302) AND (id <= 230301))
	  ->  Bitmap Index Scan on sbtest6_pkey  (cost=0.00..337.92 rows=10548 width=0)
	        Index Cond: ((id >= 220302) AND (id <= 230301))

table 7 : explain SELECT c FROM sbtest7 WHERE id BETWEEN 4511224 AND 4521223
	Bitmap Heap Scan on sbtest7  (cost=321.89..34411.42 rows=9898 width=121)
	  Recheck Cond: ((id >= 4511224) AND (id <= 4521223))
	  ->  Bitmap Index Scan on sbtest7_pkey  (cost=0.00..319.42 rows=9898 width=0)
	        Index Cond: ((id >= 4511224) AND (id <= 4521223))

table 8 : explain SELECT c FROM sbtest8 WHERE id BETWEEN 2913047 AND 2923046
	Bitmap Heap Scan on sbtest8  (cost=310.27..33167.32 rows=9545 width=121)
	  Recheck Cond: ((id >= 2913047) AND (id <= 2923046))
	  ->  Bitmap Index Scan on sbtest8_pkey  (cost=0.00..307.88 rows=9545 width=0)
	        Index Cond: ((id >= 2913047) AND (id <= 2923046))

for: distinct_ranges
table 1 : explain SELECT DISTINCT c FROM sbtest1 WHERE id BETWEEN 7049138 AND 7059137 ORDER BY c
	Unique  (cost=36457.08..36508.81 rows=10346 width=121)
	  ->  Sort  (cost=36457.08..36482.95 rows=10346 width=121)
	        Sort Key: c
	        ->  Bitmap Heap Scan on sbtest1  (cost=334.48..35767.17 rows=10346 width=121)
	              Recheck Cond: ((id >= 7049138) AND (id <= 7059137))
	              ->  Bitmap Index Scan on sbtest1_pkey  (cost=0.00..331.90 rows=10346 width=0)
	                    Index Cond: ((id >= 7049138) AND (id <= 7059137))

table 2 : explain SELECT DISTINCT c FROM sbtest2 WHERE id BETWEEN 4041948 AND 4051947 ORDER BY c
	Unique  (cost=34059.17..34107.38 rows=9641 width=121)
	  ->  Sort  (cost=34059.17..34083.28 rows=9641 width=121)
	        Sort Key: c
	        ->  Bitmap Heap Scan on sbtest2  (cost=311.26..33421.18 rows=9641 width=121)
	              Recheck Cond: ((id >= 4041948) AND (id <= 4051947))
	              ->  Bitmap Index Scan on sbtest2_pkey  (cost=0.00..308.84 rows=9641 width=0)
	                    Index Cond: ((id >= 4041948) AND (id <= 4051947))

table 3 : explain SELECT DISTINCT c FROM sbtest3 WHERE id BETWEEN 3930638 AND 3940637 ORDER BY c
	Unique  (cost=34880.12..34929.27 rows=9830 width=121)
	  ->  Sort  (cost=34880.12..34904.70 rows=9830 width=121)
	        Sort Key: c
	        ->  Bitmap Heap Scan on sbtest3  (cost=317.19..34228.25 rows=9830 width=121)
	              Recheck Cond: ((id >= 3930638) AND (id <= 3940637))
	              ->  Bitmap Index Scan on sbtest3_pkey  (cost=0.00..314.74 rows=9830 width=0)
	                    Index Cond: ((id >= 3930638) AND (id <= 3940637))

table 4 : explain SELECT DISTINCT c FROM sbtest4 WHERE id BETWEEN 5797998 AND 5807997 ORDER BY c
	Unique  (cost=33800.00..33847.47 rows=9495 width=121)
	  ->  Sort  (cost=33800.00..33823.73 rows=9495 width=121)
	        Sort Key: c
	        ->  Bitmap Heap Scan on sbtest4  (cost=309.76..33172.71 rows=9495 width=121)
	              Recheck Cond: ((id >= 5797998) AND (id <= 5807997))
	              ->  Bitmap Index Scan on sbtest4_pkey  (cost=0.00..307.38 rows=9495 width=0)
	                    Index Cond: ((id >= 5797998) AND (id <= 5807997))

table 5 : explain SELECT DISTINCT c FROM sbtest5 WHERE id BETWEEN 1363489 AND 1373488 ORDER BY c
	Unique  (cost=37626.89..37680.29 rows=10679 width=121)
	  ->  Sort  (cost=37626.89..37653.59 rows=10679 width=121)
	        Sort Key: c
	        ->  Bitmap Heap Scan on sbtest5  (cost=345.89..36912.33 rows=10679 width=121)
	              Recheck Cond: ((id >= 1363489) AND (id <= 1373488))
	              ->  Bitmap Index Scan on sbtest5_pkey  (cost=0.00..343.23 rows=10679 width=0)
	                    Index Cond: ((id >= 1363489) AND (id <= 1373488))

table 6 : explain SELECT DISTINCT c FROM sbtest6 WHERE id BETWEEN 2194484 AND 2204483 ORDER BY c
	Unique  (cost=36261.04..36312.51 rows=10294 width=121)
	  ->  Sort  (cost=36261.04..36286.77 rows=10294 width=121)
	        Sort Key: c
	        ->  Bitmap Heap Scan on sbtest6  (cost=333.95..35574.97 rows=10294 width=121)
	              Recheck Cond: ((id >= 2194484) AND (id <= 2204483))
	              ->  Bitmap Index Scan on sbtest6_pkey  (cost=0.00..331.38 rows=10294 width=0)
	                    Index Cond: ((id >= 2194484) AND (id <= 2204483))

table 7 : explain SELECT DISTINCT c FROM sbtest7 WHERE id BETWEEN 395947 AND 405946 ORDER BY c
	Unique  (cost=36786.81..36838.95 rows=10429 width=121)
	  ->  Sort  (cost=36786.81..36812.88 rows=10429 width=121)
	        Sort Key: c
	        ->  Bitmap Heap Scan on sbtest7  (cost=339.33..36090.76 rows=10429 width=121)
	              Recheck Cond: ((id >= 395947) AND (id <= 405946))
	              ->  Bitmap Index Scan on sbtest7_pkey  (cost=0.00..336.73 rows=10429 width=0)
	                    Index Cond: ((id >= 395947) AND (id <= 405946))

table 8 : explain SELECT DISTINCT c FROM sbtest8 WHERE id BETWEEN 3781795 AND 3791794 ORDER BY c
	Unique  (cost=34286.72..34335.20 rows=9696 width=121)
	  ->  Sort  (cost=34286.72..34310.96 rows=9696 width=121)
	        Sort Key: c
	        ->  Bitmap Heap Scan on sbtest8  (cost=315.82..33644.69 rows=9696 width=121)
	              Recheck Cond: ((id >= 3781795) AND (id <= 3791794))
	              ->  Bitmap Index Scan on sbtest8_pkey  (cost=0.00..313.40 rows=9696 width=0)
	                    Index Cond: ((id >= 3781795) AND (id <= 3791794))

for: sum_ranges
table 1 : explain SELECT SUM(k) FROM sbtest1 WHERE id BETWEEN 3905554 AND 3915553
	Aggregate  (cost=32811.34..32811.35 rows=1 width=8)
	  ->  Bitmap Heap Scan on sbtest1  (cost=304.84..32787.83 rows=9405 width=4)
	        Recheck Cond: ((id >= 3905554) AND (id <= 3915553))
	        ->  Bitmap Index Scan on sbtest1_pkey  (cost=0.00..302.49 rows=9405 width=0)
	              Index Cond: ((id >= 3905554) AND (id <= 3915553))

table 2 : explain SELECT SUM(k) FROM sbtest2 WHERE id BETWEEN 3499700 AND 3509699
	Aggregate  (cost=36183.16..36183.17 rows=1 width=8)
	  ->  Bitmap Heap Scan on sbtest2  (cost=340.19..36156.87 rows=10513 width=4)
	        Recheck Cond: ((id >= 3499700) AND (id <= 3509699))
	        ->  Bitmap Index Scan on sbtest2_pkey  (cost=0.00..337.56 rows=10513 width=0)
	              Index Cond: ((id >= 3499700) AND (id <= 3509699))

table 3 : explain SELECT SUM(k) FROM sbtest3 WHERE id BETWEEN 2350698 AND 2360697
	Aggregate  (cost=38193.67..38193.68 rows=1 width=8)
	  ->  Bitmap Heap Scan on sbtest3  (cost=357.99..38165.97 rows=11079 width=4)
	        Recheck Cond: ((id >= 2350698) AND (id <= 2360697))
	        ->  Bitmap Index Scan on sbtest3_pkey  (cost=0.00..355.23 rows=11079 width=0)
	              Index Cond: ((id >= 2350698) AND (id <= 2360697))

table 4 : explain SELECT SUM(k) FROM sbtest4 WHERE id BETWEEN 4205581 AND 4215580
	Aggregate  (cost=36196.64..36196.65 rows=1 width=8)
	  ->  Bitmap Heap Scan on sbtest4  (cost=339.43..36170.54 rows=10439 width=4)
	        Recheck Cond: ((id >= 4205581) AND (id <= 4215580))
	        ->  Bitmap Index Scan on sbtest4_pkey  (cost=0.00..336.82 rows=10439 width=0)
	              Index Cond: ((id >= 4205581) AND (id <= 4215580))

table 5 : explain SELECT SUM(k) FROM sbtest5 WHERE id BETWEEN 4639718 AND 4649717
	Aggregate  (cost=33990.99..33991.00 rows=1 width=8)
	  ->  Bitmap Heap Scan on sbtest5  (cost=316.35..33966.62 rows=9748 width=4)
	        Recheck Cond: ((id >= 4639718) AND (id <= 4649717))
	        ->  Bitmap Index Scan on sbtest5_pkey  (cost=0.00..313.92 rows=9748 width=0)
	              Index Cond: ((id >= 4639718) AND (id <= 4649717))

table 6 : explain SELECT SUM(k) FROM sbtest6 WHERE id BETWEEN 6740662 AND 6750661
	Aggregate  (cost=35555.57..35555.58 rows=1 width=8)
	  ->  Bitmap Heap Scan on sbtest6  (cost=333.81..35529.87 rows=10280 width=4)
	        Recheck Cond: ((id >= 6740662) AND (id <= 6750661))
	        ->  Bitmap Index Scan on sbtest6_pkey  (cost=0.00..331.24 rows=10280 width=0)
	              Index Cond: ((id >= 6740662) AND (id <= 6750661))

table 7 : explain SELECT SUM(k) FROM sbtest7 WHERE id BETWEEN 7065514 AND 7075513
	Aggregate  (cost=34799.94..34799.95 rows=1 width=8)
	  ->  Bitmap Heap Scan on sbtest7  (cost=323.07..34774.91 rows=10013 width=4)
	        Recheck Cond: ((id >= 7065514) AND (id <= 7075513))
	        ->  Bitmap Index Scan on sbtest7_pkey  (cost=0.00..320.56 rows=10013 width=0)
	              Index Cond: ((id >= 7065514) AND (id <= 7075513))

table 8 : explain SELECT SUM(k) FROM sbtest8 WHERE id BETWEEN 3364779 AND 3374778
	Aggregate  (cost=33087.23..33087.24 rows=1 width=8)
	  ->  Bitmap Heap Scan on sbtest8  (cost=309.93..33063.45 rows=9512 width=4)
	        Recheck Cond: ((id >= 3364779) AND (id <= 3374778))
	        ->  Bitmap Index Scan on sbtest8_pkey  (cost=0.00..307.56 rows=9512 width=0)
	              Index Cond: ((id >= 3364779) AND (id <= 3374778))

for: simple_ranges
table 1 : explain SELECT c FROM sbtest1 WHERE id BETWEEN 2080830 AND 2090829
	Bitmap Heap Scan on sbtest1  (cost=311.18..33517.74 rows=9634 width=121)
	  Recheck Cond: ((id >= 2080830) AND (id <= 2090829))
	  ->  Bitmap Index Scan on sbtest1_pkey  (cost=0.00..308.78 rows=9634 width=0)
	        Index Cond: ((id >= 2080830) AND (id <= 2090829))

table 2 : explain SELECT c FROM sbtest2 WHERE id BETWEEN 2730606 AND 2740605
	Bitmap Heap Scan on sbtest2  (cost=327.98..34871.87 rows=10102 width=121)
	  Recheck Cond: ((id >= 2730606) AND (id <= 2740605))
	  ->  Bitmap Index Scan on sbtest2_pkey  (cost=0.00..325.45 rows=10102 width=0)
	        Index Cond: ((id >= 2730606) AND (id <= 2740605))

table 3 : explain SELECT c FROM sbtest3 WHERE id BETWEEN 3330812 AND 3340811
	Bitmap Heap Scan on sbtest3  (cost=345.33..36742.76 rows=10624 width=121)
	  Recheck Cond: ((id >= 3330812) AND (id <= 3340811))
	  ->  Bitmap Index Scan on sbtest3_pkey  (cost=0.00..342.68 rows=10624 width=0)
	        Index Cond: ((id >= 3330812) AND (id <= 3340811))

table 4 : explain SELECT c FROM sbtest4 WHERE id BETWEEN 6172719 AND 6182718
	Bitmap Heap Scan on sbtest4  (cost=357.37..37990.24 rows=11018 width=121)
	  Recheck Cond: ((id >= 6172719) AND (id <= 6182718))
	  ->  Bitmap Index Scan on sbtest4_pkey  (cost=0.00..354.62 rows=11018 width=0)
	        Index Cond: ((id >= 6172719) AND (id <= 6182718))

table 5 : explain SELECT c FROM sbtest5 WHERE id BETWEEN 3582452 AND 3592451
	Bitmap Heap Scan on sbtest5  (cost=345.31..36735.03 rows=10622 width=121)
	  Recheck Cond: ((id >= 3582452) AND (id <= 3592451))
	  ->  Bitmap Index Scan on sbtest5_pkey  (cost=0.00..342.66 rows=10622 width=0)
	        Index Cond: ((id >= 3582452) AND (id <= 3592451))

table 6 : explain SELECT c FROM sbtest6 WHERE id BETWEEN 9490042 AND 9500041
	Bitmap Heap Scan on sbtest6  (cost=322.99..34663.38 rows=10005 width=121)
	  Recheck Cond: ((id >= 9490042) AND (id <= 9500041))
	  ->  Bitmap Index Scan on sbtest6_pkey  (cost=0.00..320.49 rows=10005 width=0)
	        Index Cond: ((id >= 9490042) AND (id <= 9500041))

table 7 : explain SELECT c FROM sbtest7 WHERE id BETWEEN 7320873 AND 7330872
	Bitmap Heap Scan on sbtest7  (cost=334.19..35741.18 rows=10318 width=121)
	  Recheck Cond: ((id >= 7320873) AND (id <= 7330872))
	  ->  Bitmap Index Scan on sbtest7_pkey  (cost=0.00..331.62 rows=10318 width=0)
	        Index Cond: ((id >= 7320873) AND (id <= 7330872))

table 8 : explain SELECT c FROM sbtest8 WHERE id BETWEEN 9336224 AND 9346223
	Bitmap Heap Scan on sbtest8  (cost=311.22..33459.23 rows=9638 width=121)
	  Recheck Cond: ((id >= 9336224) AND (id <= 9346223))
	  ->  Bitmap Index Scan on sbtest8_pkey  (cost=0.00..308.81 rows=9638 width=0)
	        Index Cond: ((id >= 9336224) AND (id <= 9346223))

for: distinct_ranges
table 1 : explain SELECT DISTINCT c FROM sbtest1 WHERE id BETWEEN 7824090 AND 7834089 ORDER BY c
	Unique  (cost=34554.81..34603.59 rows=9757 width=121)
	  ->  Sort  (cost=34554.81..34579.20 rows=9757 width=121)
	        Sort Key: c
	        ->  Bitmap Heap Scan on sbtest1  (cost=316.44..33908.30 rows=9757 width=121)
	              Recheck Cond: ((id >= 7824090) AND (id <= 7834089))
	              ->  Bitmap Index Scan on sbtest1_pkey  (cost=0.00..314.00 rows=9757 width=0)
	                    Index Cond: ((id >= 7824090) AND (id <= 7834089))

table 2 : explain SELECT DISTINCT c FROM sbtest2 WHERE id BETWEEN 5954244 AND 5964243 ORDER BY c
	Unique  (cost=34857.30..34906.74 rows=9888 width=121)
	  ->  Sort  (cost=34857.30..34882.02 rows=9888 width=121)
	        Sort Key: c
	        ->  Bitmap Heap Scan on sbtest2  (cost=321.79..34201.16 rows=9888 width=121)
	              Recheck Cond: ((id >= 5954244) AND (id <= 5964243))
	              ->  Bitmap Index Scan on sbtest2_pkey  (cost=0.00..319.31 rows=9888 width=0)
	                    Index Cond: ((id >= 5954244) AND (id <= 5964243))

table 3 : explain SELECT DISTINCT c FROM sbtest3 WHERE id BETWEEN 1386066 AND 1396065 ORDER BY c
	Unique  (cost=35722.79..35773.23 rows=10088 width=121)
	  ->  Sort  (cost=35722.79..35748.01 rows=10088 width=121)
	        Sort Key: c
	        ->  Bitmap Heap Scan on sbtest3  (cost=327.84..35051.92 rows=10088 width=121)
	              Recheck Cond: ((id >= 1386066) AND (id <= 1396065))
	              ->  Bitmap Index Scan on sbtest3_pkey  (cost=0.00..325.31 rows=10088 width=0)
	                    Index Cond: ((id >= 1386066) AND (id <= 1396065))

table 4 : explain SELECT DISTINCT c FROM sbtest4 WHERE id BETWEEN 5519575 AND 5529574 ORDER BY c
	Unique  (cost=36280.27..36331.55 rows=10257 width=121)
	  ->  Sort  (cost=36280.27..36305.91 rows=10257 width=121)
	        Sort Key: c
	        ->  Bitmap Heap Scan on sbtest4  (cost=333.57..35596.93 rows=10257 width=121)
	              Recheck Cond: ((id >= 5519575) AND (id <= 5529574))
	              ->  Bitmap Index Scan on sbtest4_pkey  (cost=0.00..331.00 rows=10257 width=0)
	                    Index Cond: ((id >= 5519575) AND (id <= 5529574))

table 5 : explain SELECT DISTINCT c FROM sbtest5 WHERE id BETWEEN 1790326 AND 1800325 ORDER BY c
	Unique  (cost=31731.28..31775.63 rows=8869 width=121)
	  ->  Sort  (cost=31731.28..31753.46 rows=8869 width=121)
	        Sort Key: c
	        ->  Bitmap Heap Scan on sbtest5  (cost=287.34..31149.72 rows=8869 width=121)
	              Recheck Cond: ((id >= 1790326) AND (id <= 1800325))
	              ->  Bitmap Index Scan on sbtest5_pkey  (cost=0.00..285.12 rows=8869 width=0)
	                    Index Cond: ((id >= 1790326) AND (id <= 1800325))

table 6 : explain SELECT DISTINCT c FROM sbtest6 WHERE id BETWEEN 7335523 AND 7345522 ORDER BY c
	Unique  (cost=37739.33..37793.11 rows=10756 width=121)
	  ->  Sort  (cost=37739.33..37766.22 rows=10756 width=121)
	        Sort Key: c
	        ->  Bitmap Heap Scan on sbtest6  (cost=346.68..37019.06 rows=10756 width=121)
	              Recheck Cond: ((id >= 7335523) AND (id <= 7345522))
	              ->  Bitmap Index Scan on sbtest6_pkey  (cost=0.00..344.00 rows=10756 width=0)
	                    Index Cond: ((id >= 7335523) AND (id <= 7345522))

table 7 : explain SELECT DISTINCT c FROM sbtest7 WHERE id BETWEEN 8538910 AND 8548909 ORDER BY c
	Unique  (cost=33583.39..33630.60 rows=9442 width=121)
	  ->  Sort  (cost=33583.39..33606.99 rows=9442 width=121)
	        Sort Key: c
	        ->  Bitmap Heap Scan on sbtest7  (cost=305.22..32959.99 rows=9442 width=121)
	              Recheck Cond: ((id >= 8538910) AND (id <= 8548909))
	              ->  Bitmap Index Scan on sbtest7_pkey  (cost=0.00..302.86 rows=9442 width=0)
	                    Index Cond: ((id >= 8538910) AND (id <= 8548909))

table 8 : explain SELECT DISTINCT c FROM sbtest8 WHERE id BETWEEN 1486615 AND 1496614 ORDER BY c
	Unique  (cost=36810.55..36862.95 rows=10480 width=121)
	  ->  Sort  (cost=36810.55..36836.75 rows=10480 width=121)
	        Sort Key: c
	        ->  Bitmap Heap Scan on sbtest8  (cost=339.86..36110.73 rows=10480 width=121)
	              Recheck Cond: ((id >= 1486615) AND (id <= 1496614))
	              ->  Bitmap Index Scan on sbtest8_pkey  (cost=0.00..337.24 rows=10480 width=0)
	                    Index Cond: ((id >= 1486615) AND (id <= 1496614))

for: order_ranges
table 1 : explain SELECT c FROM sbtest1 WHERE id BETWEEN 2193378 AND 2203377 ORDER BY c
	Sort  (cost=33515.23..33538.83 rows=9438 width=121)
	  Sort Key: c
	  ->  Bitmap Heap Scan on sbtest1  (cost=305.17..32892.12 rows=9438 width=121)
	        Recheck Cond: ((id >= 2193378) AND (id <= 2203377))
	        ->  Bitmap Index Scan on sbtest1_pkey  (cost=0.00..302.81 rows=9438 width=0)
	              Index Cond: ((id >= 2193378) AND (id <= 2203377))

table 2 : explain SELECT c FROM sbtest2 WHERE id BETWEEN 1825210 AND 1835209 ORDER BY c
	Sort  (cost=35537.20..35562.45 rows=10100 width=121)
	  Sort Key: c
	  ->  Bitmap Heap Scan on sbtest2  (cost=327.96..34865.44 rows=10100 width=121)
	        Recheck Cond: ((id >= 1825210) AND (id <= 1835209))
	        ->  Bitmap Index Scan on sbtest2_pkey  (cost=0.00..325.44 rows=10100 width=0)
	              Index Cond: ((id >= 1825210) AND (id <= 1835209))

table 3 : explain SELECT c FROM sbtest3 WHERE id BETWEEN 7754130 AND 7764129 ORDER BY c
	Sort  (cost=37387.17..37413.68 rows=10603 width=121)
	  Sort Key: c
	  ->  Bitmap Heap Scan on sbtest3  (cost=345.12..36678.25 rows=10603 width=121)
	        Recheck Cond: ((id >= 7754130) AND (id <= 7764129))
	        ->  Bitmap Index Scan on sbtest3_pkey  (cost=0.00..342.46 rows=10603 width=0)
	              Index Cond: ((id >= 7754130) AND (id <= 7764129))

table 4 : explain SELECT c FROM sbtest4 WHERE id BETWEEN 8768307 AND 8778306 ORDER BY c
	Sort  (cost=38654.30..38681.79 rows=10994 width=121)
	  Sort Key: c
	  ->  Bitmap Heap Scan on sbtest4  (cost=357.12..37916.36 rows=10994 width=121)
	        Recheck Cond: ((id >= 8768307) AND (id <= 8778306))
	        ->  Bitmap Index Scan on sbtest4_pkey  (cost=0.00..354.38 rows=10994 width=0)
	              Index Cond: ((id >= 8768307) AND (id <= 8778306))

table 5 : explain SELECT c FROM sbtest5 WHERE id BETWEEN 6127060 AND 6137059 ORDER BY c
	Sort  (cost=35741.61..35766.85 rows=10095 width=121)
	  Sort Key: c
	  ->  Bitmap Heap Scan on sbtest5  (cost=327.91..35070.22 rows=10095 width=121)
	        Recheck Cond: ((id >= 6127060) AND (id <= 6137059))
	        ->  Bitmap Index Scan on sbtest5_pkey  (cost=0.00..325.38 rows=10095 width=0)
	              Index Cond: ((id >= 6127060) AND (id <= 6137059))

table 6 : explain SELECT c FROM sbtest6 WHERE id BETWEEN 3243724 AND 3253723 ORDER BY c
	Sort  (cost=36933.73..36959.99 rows=10504 width=121)
	  Sort Key: c
	  ->  Bitmap Heap Scan on sbtest6  (cost=340.10..36232.13 rows=10504 width=121)
	        Recheck Cond: ((id >= 3243724) AND (id <= 3253723))
	        ->  Bitmap Index Scan on sbtest6_pkey  (cost=0.00..337.48 rows=10504 width=0)
	              Index Cond: ((id >= 3243724) AND (id <= 3253723))

table 7 : explain SELECT c FROM sbtest7 WHERE id BETWEEN 3635855 AND 3645854 ORDER BY c
	Sort  (cost=35390.40..35415.40 rows=9997 width=121)
	  Sort Key: c
	  ->  Bitmap Heap Scan on sbtest7  (cost=322.90..34726.24 rows=9997 width=121)
	        Recheck Cond: ((id >= 3635855) AND (id <= 3645854))
	        ->  Bitmap Index Scan on sbtest7_pkey  (cost=0.00..320.41 rows=9997 width=0)
	              Index Cond: ((id >= 3635855) AND (id <= 3645854))

table 8 : explain SELECT c FROM sbtest8 WHERE id BETWEEN 9745058 AND 9755057 ORDER BY c
	Sort  (cost=37867.80..37894.83 rows=10811 width=121)
	  Sort Key: c
	  ->  Bitmap Heap Scan on sbtest8  (cost=351.25..37143.45 rows=10811 width=121)
	        Recheck Cond: ((id >= 9745058) AND (id <= 9755057))
	        ->  Bitmap Index Scan on sbtest8_pkey  (cost=0.00..348.55 rows=10811 width=0)
	              Index Cond: ((id >= 9745058) AND (id <= 9755057))

for: distinct_ranges
table 1 : explain SELECT DISTINCT c FROM sbtest1 WHERE id BETWEEN 4113564 AND 4123563 ORDER BY c
	Unique  (cost=37014.89..37067.49 rows=10520 width=121)
	  ->  Sort  (cost=37014.89..37041.19 rows=10520 width=121)
	        Sort Key: c
	        ->  Bitmap Heap Scan on sbtest1  (cost=340.26..36312.11 rows=10520 width=121)
	              Recheck Cond: ((id >= 4113564) AND (id <= 4123563))
	              ->  Bitmap Index Scan on sbtest1_pkey  (cost=0.00..337.63 rows=10520 width=0)
	                    Index Cond: ((id >= 4113564) AND (id <= 4123563))

table 2 : explain SELECT DISTINCT c FROM sbtest2 WHERE id BETWEEN 5742854 AND 5752853 ORDER BY c
	Unique  (cost=37675.45..37729.29 rows=10769 width=121)
	  ->  Sort  (cost=37675.45..37702.37 rows=10769 width=121)
	        Sort Key: c
	        ->  Bitmap Heap Scan on sbtest2  (cost=350.82..36954.22 rows=10769 width=121)
	              Recheck Cond: ((id >= 5742854) AND (id <= 5752853))
	              ->  Bitmap Index Scan on sbtest2_pkey  (cost=0.00..348.12 rows=10769 width=0)
	                    Index Cond: ((id >= 5742854) AND (id <= 5752853))

table 3 : explain SELECT DISTINCT c FROM sbtest3 WHERE id BETWEEN 3149985 AND 3159984 ORDER BY c
	Unique  (cost=36861.01..36913.21 rows=10440 width=121)
	  ->  Sort  (cost=36861.01..36887.11 rows=10440 width=121)
	        Sort Key: c
	        ->  Bitmap Heap Scan on sbtest3  (cost=339.44..36164.14 rows=10440 width=121)
	              Recheck Cond: ((id >= 3149985) AND (id <= 3159984))
	              ->  Bitmap Index Scan on sbtest3_pkey  (cost=0.00..336.83 rows=10440 width=0)
	                    Index Cond: ((id >= 3149985) AND (id <= 3159984))

table 4 : explain SELECT DISTINCT c FROM sbtest4 WHERE id BETWEEN 3954501 AND 3964500 ORDER BY c
	Unique  (cost=38641.16..38696.11 rows=10990 width=121)
	  ->  Sort  (cost=38641.16..38668.63 rows=10990 width=121)
	        Sort Key: c
	        ->  Bitmap Heap Scan on sbtest4  (cost=357.08..37903.51 rows=10990 width=121)
	              Recheck Cond: ((id >= 3954501) AND (id <= 3964500))
	              ->  Bitmap Index Scan on sbtest4_pkey  (cost=0.00..354.33 rows=10990 width=0)
	                    Index Cond: ((id >= 3954501) AND (id <= 3964500))

table 5 : explain SELECT DISTINCT c FROM sbtest5 WHERE id BETWEEN 7009762 AND 7019761 ORDER BY c
	Unique  (cost=36296.25..36347.58 rows=10266 width=121)
	  ->  Sort  (cost=36296.25..36321.92 rows=10266 width=121)
	        Sort Key: c
	        ->  Bitmap Heap Scan on sbtest5  (cost=333.66..35612.25 rows=10266 width=121)
	              Recheck Cond: ((id >= 7009762) AND (id <= 7019761))
	              ->  Bitmap Index Scan on sbtest5_pkey  (cost=0.00..331.09 rows=10266 width=0)
	                    Index Cond: ((id >= 7009762) AND (id <= 7019761))

table 6 : explain SELECT DISTINCT c FROM sbtest6 WHERE id BETWEEN 2616360 AND 2626359 ORDER BY c
	Unique  (cost=34585.32..34634.19 rows=9775 width=121)
	  ->  Sort  (cost=34585.32..34609.76 rows=9775 width=121)
	        Sort Key: c
	        ->  Bitmap Heap Scan on sbtest6  (cost=316.63..33937.49 rows=9775 width=121)
	              Recheck Cond: ((id >= 2616360) AND (id <= 2626359))
	              ->  Bitmap Index Scan on sbtest6_pkey  (cost=0.00..314.19 rows=9775 width=0)
	                    Index Cond: ((id >= 2616360) AND (id <= 2626359))

table 7 : explain SELECT DISTINCT c FROM sbtest7 WHERE id BETWEEN 4296473 AND 4306472 ORDER BY c
	Unique  (cost=33051.08..33097.48 rows=9280 width=121)
	  ->  Sort  (cost=33051.08..33074.28 rows=9280 width=121)
	        Sort Key: c
	        ->  Bitmap Heap Scan on sbtest7  (cost=299.56..32439.54 rows=9280 width=121)
	              Recheck Cond: ((id >= 4296473) AND (id <= 4306472))
	              ->  Bitmap Index Scan on sbtest7_pkey  (cost=0.00..297.24 rows=9280 width=0)
	                    Index Cond: ((id >= 4296473) AND (id <= 4306472))

table 8 : explain SELECT DISTINCT c FROM sbtest8 WHERE id BETWEEN 2087926 AND 2097925 ORDER BY c
	Unique  (cost=35686.73..35737.38 rows=10130 width=121)
	  ->  Sort  (cost=35686.73..35712.05 rows=10130 width=121)
	        Sort Key: c
	        ->  Bitmap Heap Scan on sbtest8  (cost=328.27..35012.76 rows=10130 width=121)
	              Recheck Cond: ((id >= 2087926) AND (id <= 2097925))
	              ->  Bitmap Index Scan on sbtest8_pkey  (cost=0.00..325.74 rows=10130 width=0)
	                    Index Cond: ((id >= 2087926) AND (id <= 2097925))

for point_selects
table 1 : explain SELECT c FROM sbtest1 WHERE id=9992839
	Index Scan using sbtest1_pkey on sbtest1  (cost=0.43..8.45 rows=1 width=121)
	  Index Cond: (id = 9992839)

table 2 : explain SELECT c FROM sbtest2 WHERE id=2072068
	Index Scan using sbtest2_pkey on sbtest2  (cost=0.43..8.45 rows=1 width=121)
	  Index Cond: (id = 2072068)

table 3 : explain SELECT c FROM sbtest3 WHERE id=642542
	Index Scan using sbtest3_pkey on sbtest3  (cost=0.43..8.45 rows=1 width=121)
	  Index Cond: (id = 642542)

table 4 : explain SELECT c FROM sbtest4 WHERE id=1497198
	Index Scan using sbtest4_pkey on sbtest4  (cost=0.43..8.45 rows=1 width=121)
	  Index Cond: (id = 1497198)

table 5 : explain SELECT c FROM sbtest5 WHERE id=6519413
	Index Scan using sbtest5_pkey on sbtest5  (cost=0.43..8.45 rows=1 width=121)
	  Index Cond: (id = 6519413)

table 6 : explain SELECT c FROM sbtest6 WHERE id=3522347
	Index Scan using sbtest6_pkey on sbtest6  (cost=0.43..8.45 rows=1 width=121)
	  Index Cond: (id = 3522347)

table 7 : explain SELECT c FROM sbtest7 WHERE id=3769807
	Index Scan using sbtest7_pkey on sbtest7  (cost=0.43..8.45 rows=1 width=121)
	  Index Cond: (id = 3769807)

table 8 : explain SELECT c FROM sbtest8 WHERE id=1599747
	Index Scan using sbtest8_pkey on sbtest8  (cost=0.43..8.45 rows=1 width=121)
	  Index Cond: (id = 1599747)

for point_selects
table 1 : explain SELECT c FROM sbtest1 WHERE id=3749915
	Index Scan using sbtest1_pkey on sbtest1  (cost=0.43..8.45 rows=1 width=121)
	  Index Cond: (id = 3749915)

table 2 : explain SELECT c FROM sbtest2 WHERE id=964051
	Index Scan using sbtest2_pkey on sbtest2  (cost=0.43..8.45 rows=1 width=121)
	  Index Cond: (id = 964051)

table 3 : explain SELECT c FROM sbtest3 WHERE id=1259354
	Index Scan using sbtest3_pkey on sbtest3  (cost=0.43..8.45 rows=1 width=121)
	  Index Cond: (id = 1259354)

table 4 : explain SELECT c FROM sbtest4 WHERE id=9138998
	Index Scan using sbtest4_pkey on sbtest4  (cost=0.43..8.45 rows=1 width=121)
	  Index Cond: (id = 9138998)

table 5 : explain SELECT c FROM sbtest5 WHERE id=2430889
	Index Scan using sbtest5_pkey on sbtest5  (cost=0.43..8.45 rows=1 width=121)
	  Index Cond: (id = 2430889)

table 6 : explain SELECT c FROM sbtest6 WHERE id=1413547
	Index Scan using sbtest6_pkey on sbtest6  (cost=0.43..8.45 rows=1 width=121)
	  Index Cond: (id = 1413547)

table 7 : explain SELECT c FROM sbtest7 WHERE id=5430791
	Index Scan using sbtest7_pkey on sbtest7  (cost=0.43..8.45 rows=1 width=121)
	  Index Cond: (id = 5430791)

table 8 : explain SELECT c FROM sbtest8 WHERE id=7576117
	Index Scan using sbtest8_pkey on sbtest8  (cost=0.43..8.45 rows=1 width=121)
	  Index Cond: (id = 7576117)

for: order_ranges
table 1 : explain SELECT c FROM sbtest1 WHERE id BETWEEN 4721758 AND 4731757 ORDER BY c
	Sort  (cost=35458.28..35483.37 rows=10036 width=121)
	  Sort Key: c
	  ->  Bitmap Heap Scan on sbtest1  (cost=327.30..34791.24 rows=10036 width=121)
	        Recheck Cond: ((id >= 4721758) AND (id <= 4731757))
	        ->  Bitmap Index Scan on sbtest1_pkey  (cost=0.00..324.80 rows=10036 width=0)
	              Index Cond: ((id >= 4721758) AND (id <= 4731757))

table 2 : explain SELECT c FROM sbtest2 WHERE id BETWEEN 181462 AND 191461 ORDER BY c
	Sort  (cost=36382.82..36408.73 rows=10364 width=121)
	  Sort Key: c
	  ->  Bitmap Heap Scan on sbtest2  (cost=334.67..35691.57 rows=10364 width=121)
	        Recheck Cond: ((id >= 181462) AND (id <= 191461))
	        ->  Bitmap Index Scan on sbtest2_pkey  (cost=0.00..332.07 rows=10364 width=0)
	              Index Cond: ((id >= 181462) AND (id <= 191461))

table 3 : explain SELECT c FROM sbtest3 WHERE id BETWEEN 3407459 AND 3417458 ORDER BY c
	Sort  (cost=35393.27..35418.24 rows=9988 width=121)
	  Sort Key: c
	  ->  Bitmap Heap Scan on sbtest3  (cost=322.81..34729.76 rows=9988 width=121)
	        Recheck Cond: ((id >= 3407459) AND (id <= 3417458))
	        ->  Bitmap Index Scan on sbtest3_pkey  (cost=0.00..320.31 rows=9988 width=0)
	              Index Cond: ((id >= 3407459) AND (id <= 3417458))

table 4 : explain SELECT c FROM sbtest4 WHERE id BETWEEN 7616370 AND 7626369 ORDER BY c
	Sort  (cost=38004.93..38031.91 rows=10792 width=121)
	  Sort Key: c
	  ->  Bitmap Heap Scan on sbtest4  (cost=351.05..37281.99 rows=10792 width=121)
	        Recheck Cond: ((id >= 7616370) AND (id <= 7626369))
	        ->  Bitmap Index Scan on sbtest4_pkey  (cost=0.00..348.36 rows=10792 width=0)
	              Index Cond: ((id >= 7616370) AND (id <= 7626369))

table 5 : explain SELECT c FROM sbtest5 WHERE id BETWEEN 8054216 AND 8064215 ORDER BY c
	Sort  (cost=35149.24..35174.02 rows=9912 width=121)
	  Sort Key: c
	  ->  Bitmap Heap Scan on sbtest5  (cost=322.03..34491.33 rows=9912 width=121)
	        Recheck Cond: ((id >= 8054216) AND (id <= 8064215))
	        ->  Bitmap Index Scan on sbtest5_pkey  (cost=0.00..319.56 rows=9912 width=0)
	              Index Cond: ((id >= 8054216) AND (id <= 8064215))

table 6 : explain SELECT c FROM sbtest6 WHERE id BETWEEN 9408942 AND 9418941 ORDER BY c
	Sort  (cost=39008.32..39036.20 rows=11153 width=121)
	  Sort Key: c
	  ->  Bitmap Heap Scan on sbtest6  (cost=362.75..38258.55 rows=11153 width=121)
	        Recheck Cond: ((id >= 9408942) AND (id <= 9418941))
	        ->  Bitmap Index Scan on sbtest6_pkey  (cost=0.00..359.96 rows=11153 width=0)
	              Index Cond: ((id >= 9408942) AND (id <= 9418941))

table 7 : explain SELECT c FROM sbtest7 WHERE id BETWEEN 8574443 AND 8584442 ORDER BY c
	Sort  (cost=33583.39..33606.99 rows=9442 width=121)
	  Sort Key: c
	  ->  Bitmap Heap Scan on sbtest7  (cost=305.22..32959.99 rows=9442 width=121)
	        Recheck Cond: ((id >= 8574443) AND (id <= 8584442))
	        ->  Bitmap Index Scan on sbtest7_pkey  (cost=0.00..302.86 rows=9442 width=0)
	              Index Cond: ((id >= 8574443) AND (id <= 8584442))

table 8 : explain SELECT c FROM sbtest8 WHERE id BETWEEN 7160658 AND 7170657 ORDER BY c
	Sort  (cost=33175.87..33199.25 rows=9353 width=121)
	  Sort Key: c
	  ->  Bitmap Heap Scan on sbtest8  (cost=304.30..32558.98 rows=9353 width=121)
	        Recheck Cond: ((id >= 7160658) AND (id <= 7170657))
	        ->  Bitmap Index Scan on sbtest8_pkey  (cost=0.00..301.96 rows=9353 width=0)
	              Index Cond: ((id >= 7160658) AND (id <= 7170657))
for point_selects
table 1 : explain SELECT c FROM sbtest1 WHERE id=4988725
	Index Scan using sbtest1_pkey on sbtest1  (cost=0.43..8.45 rows=1 width=121)
	  Index Cond: (id = 4988725)

table 2 : explain SELECT c FROM sbtest2 WHERE id=928196
	Index Scan using sbtest2_pkey on sbtest2  (cost=0.43..8.45 rows=1 width=121)
	  Index Cond: (id = 928196)

table 3 : explain SELECT c FROM sbtest3 WHERE id=437125
	Index Scan using sbtest3_pkey on sbtest3  (cost=0.43..8.45 rows=1 width=121)
	  Index Cond: (id = 437125)

table 4 : explain SELECT c FROM sbtest4 WHERE id=5764392
	Index Scan using sbtest4_pkey on sbtest4  (cost=0.43..8.45 rows=1 width=121)
	  Index Cond: (id = 5764392)

table 5 : explain SELECT c FROM sbtest5 WHERE id=7873008
	Index Scan using sbtest5_pkey on sbtest5  (cost=0.43..8.45 rows=1 width=121)
	  Index Cond: (id = 7873008)

table 6 : explain SELECT c FROM sbtest6 WHERE id=581651
	Index Scan using sbtest6_pkey on sbtest6  (cost=0.43..8.45 rows=1 width=121)
	  Index Cond: (id = 581651)

table 7 : explain SELECT c FROM sbtest7 WHERE id=6369770
	Index Scan using sbtest7_pkey on sbtest7  (cost=0.43..8.45 rows=1 width=121)
	  Index Cond: (id = 6369770)

table 8 : explain SELECT c FROM sbtest8 WHERE id=669673
	Index Scan using sbtest8_pkey on sbtest8  (cost=0.43..8.45 rows=1 width=121)
	  Index Cond: (id = 669673)


for: order_ranges
table 1 : explain SELECT c FROM sbtest1 WHERE id BETWEEN 2300568 AND 2310567 ORDER BY c
	Sort  (cost=35756.03..35781.35 rows=10128 width=121)
	  Sort Key: c
	  ->  Bitmap Heap Scan on sbtest1  (cost=328.25..35082.21 rows=10128 width=121)
	        Recheck Cond: ((id >= 2300568) AND (id <= 2310567))
	        ->  Bitmap Index Scan on sbtest1_pkey  (cost=0.00..325.71 rows=10128 width=0)
	              Index Cond: ((id >= 2300568) AND (id <= 2310567))

table 2 : explain SELECT c FROM sbtest2 WHERE id BETWEEN 1449030 AND 1459029 ORDER BY c
	Sort  (cost=33926.74..33950.74 rows=9600 width=121)
	  Sort Key: c
	  ->  Bitmap Heap Scan on sbtest2  (cost=310.83..33291.76 rows=9600 width=121)
	        Recheck Cond: ((id >= 1449030) AND (id <= 1459029))
	        ->  Bitmap Index Scan on sbtest2_pkey  (cost=0.00..308.44 rows=9600 width=0)
	              Index Cond: ((id >= 1449030) AND (id <= 1459029))

table 3 : explain SELECT c FROM sbtest3 WHERE id BETWEEN 4184664 AND 4194663 ORDER BY c
	Sort  (cost=35872.25..35897.59 rows=10135 width=121)
	  Sort Key: c
	  ->  Bitmap Heap Scan on sbtest3  (cost=328.32..35197.91 rows=10135 width=121)
	        Recheck Cond: ((id >= 4184664) AND (id <= 4194663))
	        ->  Bitmap Index Scan on sbtest3_pkey  (cost=0.00..325.79 rows=10135 width=0)
	              Index Cond: ((id >= 4184664) AND (id <= 4194663))

table 4 : explain SELECT c FROM sbtest4 WHERE id BETWEEN 6856740 AND 6866739 ORDER BY c
	Sort  (cost=34802.27..34826.78 rows=9803 width=121)
	  Sort Key: c
	  ->  Bitmap Heap Scan on sbtest4  (cost=316.92..34152.38 rows=9803 width=121)
	        Recheck Cond: ((id >= 6856740) AND (id <= 6866739))
	        ->  Bitmap Index Scan on sbtest4_pkey  (cost=0.00..314.46 rows=9803 width=0)
	              Index Cond: ((id >= 6856740) AND (id <= 6866739))

table 5 : explain SELECT c FROM sbtest5 WHERE id BETWEEN 8811930 AND 8821929 ORDER BY c
	Sort  (cost=34007.76..34031.66 rows=9562 width=121)
	  Sort Key: c
	  ->  Bitmap Heap Scan on sbtest5  (cost=310.45..33375.56 rows=9562 width=121)
	        Recheck Cond: ((id >= 8811930) AND (id <= 8821929))
	        ->  Bitmap Index Scan on sbtest5_pkey  (cost=0.00..308.06 rows=9562 width=0)
	              Index Cond: ((id >= 8811930) AND (id <= 8821929))

table 6 : explain SELECT c FROM sbtest6 WHERE id BETWEEN 387054 AND 397053 ORDER BY c
	Sort  (cost=36726.39..36752.49 rows=10439 width=121)
	  Sort Key: c
	  ->  Bitmap Heap Scan on sbtest6  (cost=339.43..36029.60 rows=10439 width=121)
	        Recheck Cond: ((id >= 387054) AND (id <= 397053))
	        ->  Bitmap Index Scan on sbtest6_pkey  (cost=0.00..336.82 rows=10439 width=0)
	              Index Cond: ((id >= 387054) AND (id <= 397053))

table 7 : explain SELECT c FROM sbtest7 WHERE id BETWEEN 1653473 AND 1663472 ORDER BY c
	Sort  (cost=34335.47..34359.65 rows=9672 width=121)
	  Sort Key: c
	  ->  Bitmap Heap Scan on sbtest7  (cost=315.57..33695.20 rows=9672 width=121)
	        Recheck Cond: ((id >= 1653473) AND (id <= 1663472))
	        ->  Bitmap Index Scan on sbtest7_pkey  (cost=0.00..313.16 rows=9672 width=0)
	              Index Cond: ((id >= 1653473) AND (id <= 1663472))

table 8 : explain SELECT c FROM sbtest8 WHERE id BETWEEN 2155803 AND 2165802 ORDER BY c
	Sort  (cost=37618.29..37645.13 rows=10734 width=121)
	  Sort Key: c
	  ->  Bitmap Heap Scan on sbtest8  (cost=346.46..36899.66 rows=10734 width=121)
	        Recheck Cond: ((id >= 2155803) AND (id <= 2165802))
	        ->  Bitmap Index Scan on sbtest8_pkey  (cost=0.00..343.78 rows=10734 width=0)
	              Index Cond: ((id >= 2155803) AND (id <= 2165802))

for: simple_ranges
table 1 : explain SELECT c FROM sbtest1 WHERE id BETWEEN 9498034 AND 9508033
	Bitmap Heap Scan on sbtest1  (cost=315.80..33710.22 rows=9694 width=121)
	  Recheck Cond: ((id >= 9498034) AND (id <= 9508033))
	  ->  Bitmap Index Scan on sbtest1_pkey  (cost=0.00..313.38 rows=9694 width=0)
	        Index Cond: ((id >= 9498034) AND (id <= 9508033))

table 2 : explain SELECT c FROM sbtest2 WHERE id BETWEEN 8715705 AND 8725704
	Bitmap Heap Scan on sbtest2  (cost=345.32..36499.92 rows=10623 width=121)
	  Recheck Cond: ((id >= 8715705) AND (id <= 8725704))
	  ->  Bitmap Index Scan on sbtest2_pkey  (cost=0.00..342.67 rows=10623 width=0)
	        Index Cond: ((id >= 8715705) AND (id <= 8725704))

table 3 : explain SELECT c FROM sbtest3 WHERE id BETWEEN 650308 AND 660307
	Bitmap Heap Scan on sbtest3  (cost=322.57..34655.03 rows=9964 width=121)
	  Recheck Cond: ((id >= 650308) AND (id <= 660307))
	  ->  Bitmap Index Scan on sbtest3_pkey  (cost=0.00..320.07 rows=9964 width=0)
	        Index Cond: ((id >= 650308) AND (id <= 660307))

table 4 : explain SELECT c FROM sbtest4 WHERE id BETWEEN 4897665 AND 4907664
	Bitmap Heap Scan on sbtest4  (cost=368.98..39088.07 rows=11370 width=121)
	  Recheck Cond: ((id >= 4897665) AND (id <= 4907664))
	  ->  Bitmap Index Scan on sbtest4_pkey  (cost=0.00..366.13 rows=11370 width=0)
	        Index Cond: ((id >= 4897665) AND (id <= 4907664))

table 5 : explain SELECT c FROM sbtest5 WHERE id BETWEEN 842097 AND 852096
	Bitmap Heap Scan on sbtest5  (cost=317.27..34253.13 rows=9838 width=121)
	  Recheck Cond: ((id >= 842097) AND (id <= 852096))
	  ->  Bitmap Index Scan on sbtest5_pkey  (cost=0.00..314.81 rows=9838 width=0)
	        Index Cond: ((id >= 842097) AND (id <= 852096))

table 6 : explain SELECT c FROM sbtest6 WHERE id BETWEEN 5782621 AND 5792620
	Bitmap Heap Scan on sbtest6  (cost=375.06..39555.10 rows=11573 width=121)
	  Recheck Cond: ((id >= 5782621) AND (id <= 5792620))
	  ->  Bitmap Index Scan on sbtest6_pkey  (cost=0.00..372.17 rows=11573 width=0)
	        Index Cond: ((id >= 5782621) AND (id <= 5792620))

table 7 : explain SELECT c FROM sbtest7 WHERE id BETWEEN 8047592 AND 8057591
	Bitmap Heap Scan on sbtest7  (cost=310.18..33260.99 rows=9536 width=121)
	  Recheck Cond: ((id >= 8047592) AND (id <= 8057591))
	  ->  Bitmap Index Scan on sbtest7_pkey  (cost=0.00..307.80 rows=9536 width=0)
	        Index Cond: ((id >= 8047592) AND (id <= 8057591))

table 8 : explain SELECT c FROM sbtest8 WHERE id BETWEEN 9238935 AND 9248934
	Bitmap Heap Scan on sbtest8  (cost=333.24..35313.02 rows=10225 width=121)
	  Recheck Cond: ((id >= 9238935) AND (id <= 9248934))
	  ->  Bitmap Index Scan on sbtest8_pkey  (cost=0.00..330.69 rows=10225 width=0)
	        Index Cond: ((id >= 9238935) AND (id <= 9248934))

for: sum_ranges
table 1 : explain SELECT SUM(k) FROM sbtest1 WHERE id BETWEEN 1615227 AND 1625226
	Aggregate  (cost=35786.59..35786.60 rows=1 width=8)
	  ->  Bitmap Heap Scan on sbtest1  (cost=334.46..35760.73 rows=10344 width=4)
	        Recheck Cond: ((id >= 1615227) AND (id <= 1625226))
	        ->  Bitmap Index Scan on sbtest1_pkey  (cost=0.00..331.88 rows=10344 width=0)
	              Index Cond: ((id >= 1615227) AND (id <= 1625226))

table 2 : explain SELECT SUM(k) FROM sbtest2 WHERE id BETWEEN 4921261 AND 4931260
	Aggregate  (cost=31581.09..31581.10 rows=1 width=8)
	  ->  Bitmap Heap Scan on sbtest2  (cost=293.24..31558.46 rows=9054 width=4)
	        Recheck Cond: ((id >= 4921261) AND (id <= 4931260))
	        ->  Bitmap Index Scan on sbtest2_pkey  (cost=0.00..290.98 rows=9054 width=0)
	              Index Cond: ((id >= 4921261) AND (id <= 4931260))

table 3 : explain SELECT SUM(k) FROM sbtest3 WHERE id BETWEEN 8993047 AND 9003046
	Aggregate  (cost=37389.03..37389.04 rows=1 width=8)
	  ->  Bitmap Heap Scan on sbtest3  (cost=351.35..37361.98 rows=10821 width=4)
	        Recheck Cond: ((id >= 8993047) AND (id <= 9003046))
	        ->  Bitmap Index Scan on sbtest3_pkey  (cost=0.00..348.65 rows=10821 width=0)
	              Index Cond: ((id >= 8993047) AND (id <= 9003046))

table 4 : explain SELECT SUM(k) FROM sbtest4 WHERE id BETWEEN 4026365 AND 4036364
	Aggregate  (cost=35018.06..35018.07 rows=1 width=8)
	  ->  Bitmap Heap Scan on sbtest4  (cost=327.61..34992.89 rows=10066 width=4)
	        Recheck Cond: ((id >= 4026365) AND (id <= 4036364))
	        ->  Bitmap Index Scan on sbtest4_pkey  (cost=0.00..325.09 rows=10066 width=0)
	              Index Cond: ((id >= 4026365) AND (id <= 4036364))

table 5 : explain SELECT SUM(k) FROM sbtest5 WHERE id BETWEEN 9214515 AND 9224514
	Aggregate  (cost=34756.82..34756.83 rows=1 width=8)
	  ->  Bitmap Heap Scan on sbtest5  (cost=322.82..34731.84 rows=9989 width=4)
	        Recheck Cond: ((id >= 9214515) AND (id <= 9224514))
	        ->  Bitmap Index Scan on sbtest5_pkey  (cost=0.00..320.32 rows=9989 width=0)
	              Index Cond: ((id >= 9214515) AND (id <= 9224514))

table 6 : explain SELECT SUM(k) FROM sbtest6 WHERE id BETWEEN 9702751 AND 9712750
	Aggregate  (cost=35652.30..35652.31 rows=1 width=8)
	  ->  Bitmap Heap Scan on sbtest6  (cost=334.12..35626.52 rows=10311 width=4)
	        Recheck Cond: ((id >= 9702751) AND (id <= 9712750))
	        ->  Bitmap Index Scan on sbtest6_pkey  (cost=0.00..331.55 rows=10311 width=0)
	              Index Cond: ((id >= 9702751) AND (id <= 9712750))

table 7 : explain SELECT SUM(k) FROM sbtest7 WHERE id BETWEEN 466209 AND 476208
	Aggregate  (cost=36116.83..36116.84 rows=1 width=8)
	  ->  Bitmap Heap Scan on sbtest7  (cost=339.33..36090.76 rows=10429 width=4)
	        Recheck Cond: ((id >= 466209) AND (id <= 476208))
	        ->  Bitmap Index Scan on sbtest7_pkey  (cost=0.00..336.73 rows=10429 width=0)
	              Index Cond: ((id >= 466209) AND (id <= 476208))

table 8 : explain SELECT SUM(k) FROM sbtest8 WHERE id BETWEEN 5172593 AND 5182592
	Aggregate  (cost=36628.59..36628.60 rows=1 width=8)
	  ->  Bitmap Heap Scan on sbtest8  (cost=345.47..36602.00 rows=10638 width=4)
	        Recheck Cond: ((id >= 5172593) AND (id <= 5182592))
	        ->  Bitmap Index Scan on sbtest8_pkey  (cost=0.00..342.81 rows=10638 width=0)
	              Index Cond: ((id >= 5172593) AND (id <= 5182592))

for: simple_ranges
table 1 : explain SELECT c FROM sbtest1 WHERE id BETWEEN 8113232 AND 8123231
	Bitmap Heap Scan on sbtest1  (cost=351.97..37440.32 rows=10881 width=121)
	  Recheck Cond: ((id >= 8113232) AND (id <= 8123231))
	  ->  Bitmap Index Scan on sbtest1_pkey  (cost=0.00..349.25 rows=10881 width=0)
	        Index Cond: ((id >= 8113232) AND (id <= 8123231))

table 2 : explain SELECT c FROM sbtest2 WHERE id BETWEEN 6077565 AND 6087564
	Bitmap Heap Scan on sbtest2  (cost=304.84..32675.29 rows=9405 width=121)
	  Recheck Cond: ((id >= 6077565) AND (id <= 6087564))
	  ->  Bitmap Index Scan on sbtest2_pkey  (cost=0.00..302.49 rows=9405 width=0)
	        Index Cond: ((id >= 6077565) AND (id <= 6087564))

table 3 : explain SELECT c FROM sbtest3 WHERE id BETWEEN 1914236 AND 1924235
	Bitmap Heap Scan on sbtest3  (cost=328.29..35188.19 rows=10132 width=121)
	  Recheck Cond: ((id >= 1914236) AND (id <= 1924235))
	  ->  Bitmap Index Scan on sbtest3_pkey  (cost=0.00..325.75 rows=10132 width=0)
	        Index Cond: ((id >= 1914236) AND (id <= 1924235))

table 4 : explain SELECT c FROM sbtest4 WHERE id BETWEEN 3529774 AND 3539773
	Bitmap Heap Scan on sbtest4  (cost=338.99..36037.94 rows=10396 width=121)
	  Recheck Cond: ((id >= 3529774) AND (id <= 3539773))
	  ->  Bitmap Index Scan on sbtest4_pkey  (cost=0.00..336.40 rows=10396 width=0)
	        Index Cond: ((id >= 3529774) AND (id <= 3539773))

table 5 : explain SELECT c FROM sbtest5 WHERE id BETWEEN 2076305 AND 2086304
	Bitmap Heap Scan on sbtest5  (cost=317.35..34275.91 rows=9845 width=121)
	  Recheck Cond: ((id >= 2076305) AND (id <= 2086304))
	  ->  Bitmap Index Scan on sbtest5_pkey  (cost=0.00..314.88 rows=9845 width=0)
	        Index Cond: ((id >= 2076305) AND (id <= 2086304))

table 6 : explain SELECT c FROM sbtest6 WHERE id BETWEEN 8209101 AND 8219100
	Bitmap Heap Scan on sbtest6  (cost=345.98..36804.31 rows=10687 width=121)
	  Recheck Cond: ((id >= 8209101) AND (id <= 8219100))
	  ->  Bitmap Index Scan on sbtest6_pkey  (cost=0.00..343.31 rows=10687 width=0)
	        Index Cond: ((id >= 8209101) AND (id <= 8219100))

table 7 : explain SELECT c FROM sbtest7 WHERE id BETWEEN 855769 AND 865768
	Bitmap Heap Scan on sbtest7  (cost=299.28..32354.44 rows=9253 width=121)
	  Recheck Cond: ((id >= 855769) AND (id <= 865768))
	  ->  Bitmap Index Scan on sbtest7_pkey  (cost=0.00..296.96 rows=9253 width=0)
	        Index Cond: ((id >= 855769) AND (id <= 865768))

table 8 : explain SELECT c FROM sbtest8 WHERE id BETWEEN 5231645 AND 5241644
	Bitmap Heap Scan on sbtest8  (cost=321.53..34172.90 rows=9863 width=121)
	  Recheck Cond: ((id >= 5231645) AND (id <= 5241644))
	  ->  Bitmap Index Scan on sbtest8_pkey  (cost=0.00..319.06 rows=9863 width=0)
	        Index Cond: ((id >= 5231645) AND (id <= 5241644))

for point_selects
table 1 : explain SELECT c FROM sbtest1 WHERE id=4931736
	Index Scan using sbtest1_pkey on sbtest1  (cost=0.43..8.45 rows=1 width=121)
	  Index Cond: (id = 4931736)

table 2 : explain SELECT c FROM sbtest2 WHERE id=4553075
	Index Scan using sbtest2_pkey on sbtest2  (cost=0.43..8.45 rows=1 width=121)
	  Index Cond: (id = 4553075)

table 3 : explain SELECT c FROM sbtest3 WHERE id=8279635
	Index Scan using sbtest3_pkey on sbtest3  (cost=0.43..8.45 rows=1 width=121)
	  Index Cond: (id = 8279635)

table 4 : explain SELECT c FROM sbtest4 WHERE id=3843023
	Index Scan using sbtest4_pkey on sbtest4  (cost=0.43..8.45 rows=1 width=121)
	  Index Cond: (id = 3843023)

table 5 : explain SELECT c FROM sbtest5 WHERE id=9655649
	Index Scan using sbtest5_pkey on sbtest5  (cost=0.43..8.45 rows=1 width=121)
	  Index Cond: (id = 9655649)

table 6 : explain SELECT c FROM sbtest6 WHERE id=7584485
	Index Scan using sbtest6_pkey on sbtest6  (cost=0.43..8.45 rows=1 width=121)
	  Index Cond: (id = 7584485)

table 7 : explain SELECT c FROM sbtest7 WHERE id=434382
	Index Scan using sbtest7_pkey on sbtest7  (cost=0.43..8.45 rows=1 width=121)
	  Index Cond: (id = 434382)

table 8 : explain SELECT c FROM sbtest8 WHERE id=8479709
	Index Scan using sbtest8_pkey on sbtest8  (cost=0.43..8.45 rows=1 width=121)
	  Index Cond: (id = 8479709)

for: simple_ranges
table 1 : explain SELECT c FROM sbtest1 WHERE id BETWEEN 6555518 AND 6565517
	Bitmap Heap Scan on sbtest1  (cost=293.57..31767.27 rows=9086 width=121)
	  Recheck Cond: ((id >= 6555518) AND (id <= 6565517))
	  ->  Bitmap Index Scan on sbtest1_pkey  (cost=0.00..291.30 rows=9086 width=0)
	        Index Cond: ((id >= 6555518) AND (id <= 6565517))

table 2 : explain SELECT c FROM sbtest2 WHERE id BETWEEN 1279990 AND 1289989
	Bitmap Heap Scan on sbtest2  (cost=310.99..33337.08 rows=9615 width=121)
	  Recheck Cond: ((id >= 1279990) AND (id <= 1289989))
	  ->  Bitmap Index Scan on sbtest2_pkey  (cost=0.00..308.58 rows=9615 width=0)
	        Index Cond: ((id >= 1279990) AND (id <= 1289989))

table 3 : explain SELECT c FROM sbtest3 WHERE id BETWEEN 8746600 AND 8756599
	Bitmap Heap Scan on sbtest3  (cost=322.65..34681.02 rows=9972 width=121)
	  Recheck Cond: ((id >= 8746600) AND (id <= 8756599))
	  ->  Bitmap Index Scan on sbtest3_pkey  (cost=0.00..320.16 rows=9972 width=0)
	        Index Cond: ((id >= 8746600) AND (id <= 8756599))

table 4 : explain SELECT c FROM sbtest4 WHERE id BETWEEN 9560264 AND 9570263
	Bitmap Heap Scan on sbtest4  (cost=333.36..35535.35 rows=10237 width=121)
	  Recheck Cond: ((id >= 9560264) AND (id <= 9570263))
	  ->  Bitmap Index Scan on sbtest4_pkey  (cost=0.00..330.81 rows=10237 width=0)
	        Index Cond: ((id >= 9560264) AND (id <= 9570263))

table 5 : explain SELECT c FROM sbtest5 WHERE id BETWEEN 9901511 AND 9911510
	Bitmap Heap Scan on sbtest5  (cost=322.58..34657.11 rows=9965 width=121)
	  Recheck Cond: ((id >= 9901511) AND (id <= 9911510))
	  ->  Bitmap Index Scan on sbtest5_pkey  (cost=0.00..320.08 rows=9965 width=0)
	        Index Cond: ((id >= 9901511) AND (id <= 9911510))

table 6 : explain SELECT c FROM sbtest6 WHERE id BETWEEN 3288607 AND 3298606
	Bitmap Heap Scan on sbtest6  (cost=310.83..33381.81 rows=9600 width=121)
	  Recheck Cond: ((id >= 3288607) AND (id <= 3298606))
	  ->  Bitmap Index Scan on sbtest6_pkey  (cost=0.00..308.44 rows=9600 width=0)
	        Index Cond: ((id >= 3288607) AND (id <= 3298606))

table 7 : explain SELECT c FROM sbtest7 WHERE id BETWEEN 2157566 AND 2167565
	Bitmap Heap Scan on sbtest7  (cost=322.47..34593.21 rows=9955 width=121)
	  Recheck Cond: ((id >= 2157566) AND (id <= 2167565))
	  ->  Bitmap Index Scan on sbtest7_pkey  (cost=0.00..319.99 rows=9955 width=0)
	        Index Cond: ((id >= 2157566) AND (id <= 2167565))

table 8 : explain SELECT c FROM sbtest8 WHERE id BETWEEN 6184545 AND 6194544
	Bitmap Heap Scan on sbtest8  (cost=345.70..36672.42 rows=10660 width=121)
	  Recheck Cond: ((id >= 6184545) AND (id <= 6194544))
	  ->  Bitmap Index Scan on sbtest8_pkey  (cost=0.00..343.04 rows=10660 width=0)
	        Index Cond: ((id >= 6184545) AND (id <= 6194544))

explain: for point_selects :: explain SELECT c FROM sbtest%u WHERE id=%u
for: sum_ranges
table 1 : explain SELECT SUM(k) FROM sbtest1 WHERE id BETWEEN 4876079 AND 4886078
	Aggregate  (cost=34361.90..34361.91 rows=1 width=8)
	  ->  Bitmap Heap Scan on sbtest1  (cost=321.83..34337.17 rows=9892 width=4)
	        Recheck Cond: ((id >= 4876079) AND (id <= 4886078))
	        ->  Bitmap Index Scan on sbtest1_pkey  (cost=0.00..319.36 rows=9892 width=0)
	              Index Cond: ((id >= 4876079) AND (id <= 4886078))

table 2 : explain SELECT SUM(k) FROM sbtest2 WHERE id BETWEEN 7384040 AND 7394039
	Aggregate  (cost=34639.45..34639.46 rows=1 width=8)
	  ->  Bitmap Heap Scan on sbtest2  (cost=327.13..34614.41 rows=10019 width=4)
	        Recheck Cond: ((id >= 7384040) AND (id <= 7394039))
	        ->  Bitmap Index Scan on sbtest2_pkey  (cost=0.00..324.62 rows=10019 width=0)
	              Index Cond: ((id >= 7384040) AND (id <= 7394039))

table 3 : explain SELECT SUM(k) FROM sbtest3 WHERE id BETWEEN 8608884 AND 8618883
	Aggregate  (cost=34842.48..34842.49 rows=1 width=8)
	  ->  Bitmap Heap Scan on sbtest3  (cost=323.09..34817.44 rows=10015 width=4)
	        Recheck Cond: ((id >= 8608884) AND (id <= 8618883))
	        ->  Bitmap Index Scan on sbtest3_pkey  (cost=0.00..320.58 rows=10015 width=0)
	              Index Cond: ((id >= 8608884) AND (id <= 8618883))

table 4 : explain SELECT SUM(k) FROM sbtest4 WHERE id BETWEEN 3650119 AND 3660118
	Aggregate  (cost=31902.12..31902.13 rows=1 width=8)
	  ->  Bitmap Heap Scan on sbtest4  (cost=293.64..31879.39 rows=9093 width=4)
	        Recheck Cond: ((id >= 3650119) AND (id <= 3660118))
	        ->  Bitmap Index Scan on sbtest4_pkey  (cost=0.00..291.37 rows=9093 width=0)
	              Index Cond: ((id >= 3650119) AND (id <= 3660118))

table 5 : explain SELECT SUM(k) FROM sbtest5 WHERE id BETWEEN 4402737 AND 4412736
	Aggregate  (cost=39651.62..39651.63 rows=1 width=8)
	  ->  Bitmap Heap Scan on sbtest5  (cost=374.78..39622.76 rows=11546 width=4)
	        Recheck Cond: ((id >= 4402737) AND (id <= 4412736))
	        ->  Bitmap Index Scan on sbtest5_pkey  (cost=0.00..371.90 rows=11546 width=0)
	              Index Cond: ((id >= 4402737) AND (id <= 4412736))

table 6 : explain SELECT SUM(k) FROM sbtest6 WHERE id BETWEEN 6769777 AND 6779776
	Aggregate  (cost=35555.57..35555.58 rows=1 width=8)
	  ->  Bitmap Heap Scan on sbtest6  (cost=333.81..35529.87 rows=10280 width=4)
	        Recheck Cond: ((id >= 6769777) AND (id <= 6779776))
	        ->  Bitmap Index Scan on sbtest6_pkey  (cost=0.00..331.24 rows=10280 width=0)
	              Index Cond: ((id >= 6769777) AND (id <= 6779776))

table 7 : explain SELECT SUM(k) FROM sbtest7 WHERE id BETWEEN 4422564 AND 4432563
	Aggregate  (cost=33359.91..33359.92 rows=1 width=8)
	  ->  Bitmap Heap Scan on sbtest7  (cost=310.43..33336.01 rows=9560 width=4)
	        Recheck Cond: ((id >= 4422564) AND (id <= 4432563))
	        ->  Bitmap Index Scan on sbtest7_pkey  (cost=0.00..308.04 rows=9560 width=0)
	              Index Cond: ((id >= 4422564) AND (id <= 4432563))

table 8 : explain SELECT SUM(k) FROM sbtest8 WHERE id BETWEEN 9722916 AND 9732915
	Aggregate  (cost=37170.48..37170.49 rows=1 width=8)
	  ->  Bitmap Heap Scan on sbtest8  (cost=351.25..37143.45 rows=10811 width=4)
	        Recheck Cond: ((id >= 9722916) AND (id <= 9732915))
	        ->  Bitmap Index Scan on sbtest8_pkey  (cost=0.00..348.55 rows=10811 width=0)
	              Index Cond: ((id >= 9722916) AND (id <= 9732915))

for: order_ranges
table 1 : explain SELECT c FROM sbtest1 WHERE id BETWEEN 2631456 AND 2641455 ORDER BY c
	Sort  (cost=37766.08..37792.97 rows=10753 width=121)
	  Sort Key: c
	  ->  Bitmap Heap Scan on sbtest1  (cost=350.65..37046.04 rows=10753 width=121)
	        Recheck Cond: ((id >= 2631456) AND (id <= 2641455))
	        ->  Bitmap Index Scan on sbtest1_pkey  (cost=0.00..347.96 rows=10753 width=0)
	              Index Cond: ((id >= 2631456) AND (id <= 2641455))

table 2 : explain SELECT c FROM sbtest2 WHERE id BETWEEN 986505 AND 996504 ORDER BY c
	Sort  (cost=37009.88..37036.29 rows=10561 width=121)
	  Sort Key: c
	  ->  Bitmap Heap Scan on sbtest2  (cost=340.69..36304.07 rows=10561 width=121)
	        Recheck Cond: ((id >= 986505) AND (id <= 996504))
	        ->  Bitmap Index Scan on sbtest2_pkey  (cost=0.00..338.05 rows=10561 width=0)
	              Index Cond: ((id >= 986505) AND (id <= 996504))

table 3 : explain SELECT c FROM sbtest3 WHERE id BETWEEN 7224951 AND 7234950 ORDER BY c
	Sort  (cost=33617.12..33640.72 rows=9443 width=121)
	  Sort Key: c
	  ->  Bitmap Heap Scan on sbtest3  (cost=305.23..32993.64 rows=9443 width=121)
	        Recheck Cond: ((id >= 7224951) AND (id <= 7234950))
	        ->  Bitmap Index Scan on sbtest3_pkey  (cost=0.00..302.87 rows=9443 width=0)
	              Index Cond: ((id >= 7224951) AND (id <= 7234950))

table 4 : explain SELECT c FROM sbtest4 WHERE id BETWEEN 7766564 AND 7776563 ORDER BY c
	Sort  (cost=37750.23..37777.01 rows=10713 width=121)
	  Sort Key: c
	  ->  Bitmap Heap Scan on sbtest4  (cost=346.24..37033.15 rows=10713 width=121)
	        Recheck Cond: ((id >= 7766564) AND (id <= 7776563))
	        ->  Bitmap Index Scan on sbtest4_pkey  (cost=0.00..343.56 rows=10713 width=0)
	              Index Cond: ((id >= 7766564) AND (id <= 7776563))

table 5 : explain SELECT c FROM sbtest5 WHERE id BETWEEN 5119855 AND 5129854 ORDER BY c
	Sort  (cost=35817.90..35843.19 rows=10118 width=121)
	  Sort Key: c
	  ->  Bitmap Heap Scan on sbtest5  (cost=328.14..35144.82 rows=10118 width=121)
	        Recheck Cond: ((id >= 5119855) AND (id <= 5129854))
	        ->  Bitmap Index Scan on sbtest5_pkey  (cost=0.00..325.62 rows=10118 width=0)
	              Index Cond: ((id >= 5119855) AND (id <= 5129854))

table 6 : explain SELECT c FROM sbtest6 WHERE id BETWEEN 6969916 AND 6979915 ORDER BY c
	Sort  (cost=35451.21..35476.31 rows=10042 width=121)
	  Sort Key: c
	  ->  Bitmap Heap Scan on sbtest6  (cost=327.37..34783.73 rows=10042 width=121)
	        Recheck Cond: ((id >= 6969916) AND (id <= 6979915))
	        ->  Bitmap Index Scan on sbtest6_pkey  (cost=0.00..324.86 rows=10042 width=0)
	              Index Cond: ((id >= 6969916) AND (id <= 6979915))

table 7 : explain SELECT c FROM sbtest7 WHERE id BETWEEN 8475759 AND 8485758 ORDER BY c
	Sort  (cost=39299.59..39327.62 rows=11213 width=121)
	  Sort Key: c
	  ->  Bitmap Heap Scan on sbtest7  (cost=363.37..38545.36 rows=11213 width=121)
	        Recheck Cond: ((id >= 8475759) AND (id <= 8485758))
	        ->  Bitmap Index Scan on sbtest7_pkey  (cost=0.00..360.56 rows=11213 width=0)
	              Index Cond: ((id >= 8475759) AND (id <= 8485758))

table 8 : explain SELECT c FROM sbtest8 WHERE id BETWEEN 1135976 AND 1145975 ORDER BY c
	Sort  (cost=33715.21..33739.01 rows=9519 width=121)
	  Sort Key: c
	  ->  Bitmap Heap Scan on sbtest8  (cost=310.00..33086.17 rows=9519 width=121)
	        Recheck Cond: ((id >= 1135976) AND (id <= 1145975))
	        ->  Bitmap Index Scan on sbtest8_pkey  (cost=0.00..307.62 rows=9519 width=0)
	              Index Cond: ((id >= 1135976) AND (id <= 1145975))

for: distinct_ranges
table 1 : explain SELECT DISTINCT c FROM sbtest1 WHERE id BETWEEN 1604652 AND 1614651 ORDER BY c
	Unique  (cost=33785.78..33833.38 rows=9520 width=121)
	  ->  Sort  (cost=33785.78..33809.58 rows=9520 width=121)
	        Sort Key: c
	        ->  Bitmap Heap Scan on sbtest1  (cost=310.01..33156.67 rows=9520 width=121)
	              Recheck Cond: ((id >= 1604652) AND (id <= 1614651))
	              ->  Bitmap Index Scan on sbtest1_pkey  (cost=0.00..307.63 rows=9520 width=0)
	                    Index Cond: ((id >= 1604652) AND (id <= 1614651))

table 2 : explain SELECT DISTINCT c FROM sbtest2 WHERE id BETWEEN 8605972 AND 8615971 ORDER BY c
	Unique  (cost=37436.04..37489.51 rows=10694 width=121)
	  ->  Sort  (cost=37436.04..37462.77 rows=10694 width=121)
	        Sort Key: c
	        ->  Bitmap Heap Scan on sbtest2  (cost=346.05..36720.37 rows=10694 width=121)
	              Recheck Cond: ((id >= 8605972) AND (id <= 8615971))
	              ->  Bitmap Index Scan on sbtest2_pkey  (cost=0.00..343.38 rows=10694 width=0)
	                    Index Cond: ((id >= 8605972) AND (id <= 8615971))

table 3 : explain SELECT DISTINCT c FROM sbtest3 WHERE id BETWEEN 813525 AND 823524 ORDER BY c
	Unique  (cost=34390.06..34438.45 rows=9678 width=121)
	  ->  Sort  (cost=34390.06..34414.26 rows=9678 width=121)
	        Sort Key: c
	        ->  Bitmap Heap Scan on sbtest3  (cost=315.63..33749.35 rows=9678 width=121)
	              Recheck Cond: ((id >= 813525) AND (id <= 823524))
	              ->  Bitmap Index Scan on sbtest3_pkey  (cost=0.00..313.21 rows=9678 width=0)
	                    Index Cond: ((id >= 813525) AND (id <= 823524))

table 4 : explain SELECT DISTINCT c FROM sbtest4 WHERE id BETWEEN 5506966 AND 5516965 ORDER BY c
	Unique  (cost=35652.18..35702.49 rows=10063 width=121)
	  ->  Sort  (cost=35652.18..35677.34 rows=10063 width=121)
	        Sort Key: c
	        ->  Bitmap Heap Scan on sbtest4  (cost=327.58..34983.15 rows=10063 width=121)
	              Recheck Cond: ((id >= 5506966) AND (id <= 5516965))
	              ->  Bitmap Index Scan on sbtest4_pkey  (cost=0.00..325.06 rows=10063 width=0)
	                    Index Cond: ((id >= 5506966) AND (id <= 5516965))

table 5 : explain SELECT DISTINCT c FROM sbtest5 WHERE id BETWEEN 1365683 AND 1375682 ORDER BY c
	Unique  (cost=37626.89..37680.29 rows=10679 width=121)
	  ->  Sort  (cost=37626.89..37653.59 rows=10679 width=121)
	        Sort Key: c
	        ->  Bitmap Heap Scan on sbtest5  (cost=345.89..36912.33 rows=10679 width=121)
	              Recheck Cond: ((id >= 1365683) AND (id <= 1375682))
	              ->  Bitmap Index Scan on sbtest5_pkey  (cost=0.00..343.23 rows=10679 width=0)
	                    Index Cond: ((id >= 1365683) AND (id <= 1375682))

table 6 : explain SELECT DISTINCT c FROM sbtest6 WHERE id BETWEEN 9404269 AND 9414268 ORDER BY c
	Unique  (cost=39008.32..39064.08 rows=11153 width=121)
	  ->  Sort  (cost=39008.32..39036.20 rows=11153 width=121)
	        Sort Key: c
	        ->  Bitmap Heap Scan on sbtest6  (cost=362.75..38258.55 rows=11153 width=121)
	              Recheck Cond: ((id >= 9404269) AND (id <= 9414268))
	              ->  Bitmap Index Scan on sbtest6_pkey  (cost=0.00..359.96 rows=11153 width=0)
	                    Index Cond: ((id >= 9404269) AND (id <= 9414268))

table 7 : explain SELECT DISTINCT c FROM sbtest7 WHERE id BETWEEN 5379841 AND 5389840 ORDER BY c
	Unique  (cost=35971.52..36022.41 rows=10177 width=121)
	  ->  Sort  (cost=35971.52..35996.96 rows=10177 width=121)
	        Sort Key: c
	        ->  Bitmap Heap Scan on sbtest7  (cost=328.75..35294.09 rows=10177 width=121)
	              Recheck Cond: ((id >= 5379841) AND (id <= 5389840))
	              ->  Bitmap Index Scan on sbtest7_pkey  (cost=0.00..326.20 rows=10177 width=0)
	                    Index Cond: ((id >= 5379841) AND (id <= 5389840))

table 8 : explain SELECT DISTINCT c FROM sbtest8 WHERE id BETWEEN 7157088 AND 7167087 ORDER BY c
	Unique  (cost=32942.12..32988.53 rows=9282 width=121)
	  ->  Sort  (cost=32942.12..32965.33 rows=9282 width=121)
	        Sort Key: c
	        ->  Bitmap Heap Scan on sbtest8  (cost=299.58..32330.43 rows=9282 width=121)
	              Recheck Cond: ((id >= 7157088) AND (id <= 7167087))
	              ->  Bitmap Index Scan on sbtest8_pkey  (cost=0.00..297.25 rows=9282 width=0)
	                    Index Cond: ((id >= 7157088) AND (id <= 7167087))

for: sum_ranges
table 1 : explain SELECT SUM(k) FROM sbtest1 WHERE id BETWEEN 2580615 AND 2590614
	Aggregate  (cost=34368.38..34368.39 rows=1 width=8)
	  ->  Bitmap Heap Scan on sbtest1  (cost=321.85..34343.64 rows=9894 width=4)
	        Recheck Cond: ((id >= 2580615) AND (id <= 2590614))
	        ->  Bitmap Index Scan on sbtest1_pkey  (cost=0.00..319.38 rows=9894 width=0)
	              Index Cond: ((id >= 2580615) AND (id <= 2590614))

table 2 : explain SELECT SUM(k) FROM sbtest2 WHERE id BETWEEN 7813461 AND 7823460
	Aggregate  (cost=37686.74..37686.75 rows=1 width=8)
	  ->  Bitmap Heap Scan on sbtest2  (cost=357.15..37659.25 rows=10997 width=4)
	        Recheck Cond: ((id >= 7813461) AND (id <= 7823460))
	        ->  Bitmap Index Scan on sbtest2_pkey  (cost=0.00..354.41 rows=10997 width=0)
	              Index Cond: ((id >= 7813461) AND (id <= 7823460))

table 3 : explain SELECT SUM(k) FROM sbtest3 WHERE id BETWEEN 108454 AND 118453
	Aggregate  (cost=34080.12..34080.13 rows=1 width=8)
	  ->  Bitmap Heap Scan on sbtest3  (cost=316.63..34055.68 rows=9775 width=4)
	        Recheck Cond: ((id >= 108454) AND (id <= 118453))
	        ->  Bitmap Index Scan on sbtest3_pkey  (cost=0.00..314.19 rows=9775 width=0)
	              Index Cond: ((id >= 108454) AND (id <= 118453))

table 4 : explain SELECT SUM(k) FROM sbtest4 WHERE id BETWEEN 271786 AND 281785
	Aggregate  (cost=34581.51..34581.52 rows=1 width=8)
	  ->  Bitmap Heap Scan on sbtest4  (cost=322.21..34556.69 rows=9929 width=4)
	        Recheck Cond: ((id >= 271786) AND (id <= 281785))
	        ->  Bitmap Index Scan on sbtest4_pkey  (cost=0.00..319.73 rows=9929 width=0)
	              Index Cond: ((id >= 271786) AND (id <= 281785))

table 5 : explain SELECT SUM(k) FROM sbtest5 WHERE id BETWEEN 141177 AND 151176
	Aggregate  (cost=34147.43..34147.44 rows=1 width=8)
	  ->  Bitmap Heap Scan on sbtest5  (cost=316.85..34122.94 rows=9797 width=4)
	        Recheck Cond: ((id >= 141177) AND (id <= 151176))
	        ->  Bitmap Index Scan on sbtest5_pkey  (cost=0.00..314.41 rows=9797 width=0)
	              Index Cond: ((id >= 141177) AND (id <= 151176))

table 6 : explain SELECT SUM(k) FROM sbtest6 WHERE id BETWEEN 400208 AND 410207
	Aggregate  (cost=35510.41..35510.42 rows=1 width=8)
	  ->  Bitmap Heap Scan on sbtest6  (cost=333.65..35484.75 rows=10265 width=4)
	        Recheck Cond: ((id >= 400208) AND (id <= 410207))
	        ->  Bitmap Index Scan on sbtest6_pkey  (cost=0.00..331.08 rows=10265 width=0)
	              Index Cond: ((id >= 400208) AND (id <= 410207))

table 7 : explain SELECT SUM(k) FROM sbtest7 WHERE id BETWEEN 4768592 AND 4778591
	Aggregate  (cost=32790.72..32790.73 rows=1 width=8)
	  ->  Bitmap Heap Scan on sbtest7  (cost=304.60..32767.27 rows=9382 width=4)
	        Recheck Cond: ((id >= 4768592) AND (id <= 4778591))
	        ->  Bitmap Index Scan on sbtest7_pkey  (cost=0.00..302.25 rows=9382 width=0)
	              Index Cond: ((id >= 4768592) AND (id <= 4778591))

table 8 : explain SELECT SUM(k) FROM sbtest8 WHERE id BETWEEN 5357070 AND 5367069
	Aggregate  (cost=36445.83..36445.84 rows=1 width=8)
	  ->  Bitmap Heap Scan on sbtest8  (cost=344.87..36419.39 rows=10579 width=4)
	        Recheck Cond: ((id >= 5357070) AND (id <= 5367069))
	        ->  Bitmap Index Scan on sbtest8_pkey  (cost=0.00..342.23 rows=10579 width=0)
	              Index Cond: ((id >= 5357070) AND (id <= 5367069))

for: simple_ranges
table 1 : explain SELECT c FROM sbtest1 WHERE id BETWEEN 2124872 AND 2134871
	Bitmap Heap Scan on sbtest1  (cost=305.17..32892.12 rows=9438 width=121)
	  Recheck Cond: ((id >= 2124872) AND (id <= 2134871))
	  ->  Bitmap Index Scan on sbtest1_pkey  (cost=0.00..302.81 rows=9438 width=0)
	        Index Cond: ((id >= 2124872) AND (id <= 2134871))

table 2 : explain SELECT c FROM sbtest2 WHERE id BETWEEN 9462613 AND 9472612
	Bitmap Heap Scan on sbtest2  (cost=281.37..30354.76 rows=8677 width=121)
	  Recheck Cond: ((id >= 9462613) AND (id <= 9472612))
	  ->  Bitmap Index Scan on sbtest2_pkey  (cost=0.00..279.20 rows=8677 width=0)
	        Index Cond: ((id >= 9462613) AND (id <= 9472612))

table 3 : explain SELECT c FROM sbtest3 WHERE id BETWEEN 1860875 AND 1870874
	Bitmap Heap Scan on sbtest3  (cost=327.41..34918.86 rows=10046 width=121)
	  Recheck Cond: ((id >= 1860875) AND (id <= 1870874))
	  ->  Bitmap Index Scan on sbtest3_pkey  (cost=0.00..324.90 rows=10046 width=0)
	        Index Cond: ((id >= 1860875) AND (id <= 1870874))

table 4 : explain SELECT c FROM sbtest4 WHERE id BETWEEN 1191689 AND 1201688
	Bitmap Heap Scan on sbtest4  (cost=333.14..35464.07 rows=10215 width=121)
	  Recheck Cond: ((id >= 1191689) AND (id <= 1201688))
	  ->  Bitmap Index Scan on sbtest4_pkey  (cost=0.00..330.58 rows=10215 width=0)
	        Index Cond: ((id >= 1191689) AND (id <= 1201688))

table 5 : explain SELECT c FROM sbtest5 WHERE id BETWEEN 8984072 AND 8994071
	Bitmap Heap Scan on sbtest5  (cost=305.62..33113.51 rows=9481 width=121)
	  Recheck Cond: ((id >= 8984072) AND (id <= 8994071))
	  ->  Bitmap Index Scan on sbtest5_pkey  (cost=0.00..303.25 rows=9481 width=0)
	        Index Cond: ((id >= 8984072) AND (id <= 8994071))

table 6 : explain SELECT c FROM sbtest6 WHERE id BETWEEN 6250986 AND 6260985
	Bitmap Heap Scan on sbtest6  (cost=304.35..32613.24 rows=9358 width=121)
	  Recheck Cond: ((id >= 6250986) AND (id <= 6260985))
	  ->  Bitmap Index Scan on sbtest6_pkey  (cost=0.00..302.01 rows=9358 width=0)
	        Index Cond: ((id >= 6250986) AND (id <= 6260985))

table 7 : explain SELECT c FROM sbtest7 WHERE id BETWEEN 1782899 AND 1792898
	Bitmap Heap Scan on sbtest7  (cost=333.21..35440.47 rows=10222 width=121)
	  Recheck Cond: ((id >= 1782899) AND (id <= 1792898))
	  ->  Bitmap Index Scan on sbtest7_pkey  (cost=0.00..330.66 rows=10222 width=0)
	        Index Cond: ((id >= 1782899) AND (id <= 1792898))

table 8 : explain SELECT c FROM sbtest8 WHERE id BETWEEN 2003237 AND 2013236
	Bitmap Heap Scan on sbtest8  (cost=333.92..35518.91 rows=10291 width=121)
	  Recheck Cond: ((id >= 2003237) AND (id <= 2013236))
	  ->  Bitmap Index Scan on sbtest8_pkey  (cost=0.00..331.34 rows=10291 width=0)
	        Index Cond: ((id >= 2003237) AND (id <= 2013236))

for: sum_ranges
table 1 : explain SELECT SUM(k) FROM sbtest1 WHERE id BETWEEN 9390585 AND 9400584
	Aggregate  (cost=34747.56..34747.57 rows=1 width=8)
	  ->  Bitmap Heap Scan on sbtest1  (cost=323.09..34722.52 rows=10015 width=4)
	        Recheck Cond: ((id >= 9390585) AND (id <= 9400584))
	        ->  Bitmap Index Scan on sbtest1_pkey  (cost=0.00..320.58 rows=10015 width=0)
	              Index Cond: ((id >= 9390585) AND (id <= 9400584))

table 2 : explain SELECT SUM(k) FROM sbtest2 WHERE id BETWEEN 7436197 AND 7446196
	Aggregate  (cost=31636.52..31636.53 rows=1 width=8)
	  ->  Bitmap Heap Scan on sbtest2  (cost=293.41..31613.84 rows=9071 width=4)
	        Recheck Cond: ((id >= 7436197) AND (id <= 7446196))
	        ->  Bitmap Index Scan on sbtest2_pkey  (cost=0.00..291.15 rows=9071 width=0)
	              Index Cond: ((id >= 7436197) AND (id <= 7446196))

table 3 : explain SELECT SUM(k) FROM sbtest3 WHERE id BETWEEN 3386735 AND 3396734
	Aggregate  (cost=36769.32..36769.33 rows=1 width=8)
	  ->  Bitmap Heap Scan on sbtest3  (cost=345.33..36742.76 rows=10624 width=4)
	        Recheck Cond: ((id >= 3386735) AND (id <= 3396734))
	        ->  Bitmap Index Scan on sbtest3_pkey  (cost=0.00..342.68 rows=10624 width=0)
	              Index Cond: ((id >= 3386735) AND (id <= 3396734))

table 4 : explain SELECT SUM(k) FROM sbtest4 WHERE id BETWEEN 3656313 AND 3666312
	Aggregate  (cost=31902.12..31902.13 rows=1 width=8)
	  ->  Bitmap Heap Scan on sbtest4  (cost=293.64..31879.39 rows=9093 width=4)
	        Recheck Cond: ((id >= 3656313) AND (id <= 3666312))
	        ->  Bitmap Index Scan on sbtest4_pkey  (cost=0.00..291.37 rows=9093 width=0)
	              Index Cond: ((id >= 3656313) AND (id <= 3666312))

table 5 : explain SELECT SUM(k) FROM sbtest5 WHERE id BETWEEN 2577819 AND 2587818
	Aggregate  (cost=35056.48..35056.49 rows=1 width=8)
	  ->  Bitmap Heap Scan on sbtest5  (cost=327.78..35031.27 rows=10082 width=4)
	        Recheck Cond: ((id >= 2577819) AND (id <= 2587818))
	        ->  Bitmap Index Scan on sbtest5_pkey  (cost=0.00..325.25 rows=10082 width=0)
	              Index Cond: ((id >= 2577819) AND (id <= 2587818))

table 6 : explain SELECT SUM(k) FROM sbtest6 WHERE id BETWEEN 4306698 AND 4316697
	Aggregate  (cost=32149.55..32149.56 rows=1 width=8)
	  ->  Bitmap Heap Scan on sbtest6  (cost=298.79..32126.53 rows=9205 width=4)
	        Recheck Cond: ((id >= 4306698) AND (id <= 4316697))
	        ->  Bitmap Index Scan on sbtest6_pkey  (cost=0.00..296.49 rows=9205 width=0)
	              Index Cond: ((id >= 4306698) AND (id <= 4316697))

table 7 : explain SELECT SUM(k) FROM sbtest7 WHERE id BETWEEN 8186685 AND 8196684
	Aggregate  (cost=34901.30..34901.31 rows=1 width=8)
	  ->  Bitmap Heap Scan on sbtest7  (cost=327.39..34876.19 rows=10044 width=4)
	        Recheck Cond: ((id >= 8186685) AND (id <= 8196684))
	        ->  Bitmap Index Scan on sbtest7_pkey  (cost=0.00..324.88 rows=10044 width=0)
	              Index Cond: ((id >= 8186685) AND (id <= 8196684))

table 8 : explain SELECT SUM(k) FROM sbtest8 WHERE id BETWEEN 5463730 AND 5473729
	Aggregate  (cost=34921.98..34921.99 rows=1 width=8)
	  ->  Bitmap Heap Scan on sbtest8  (cost=327.89..34896.74 rows=10093 width=4)
	        Recheck Cond: ((id >= 5463730) AND (id <= 5473729))
	        ->  Bitmap Index Scan on sbtest8_pkey  (cost=0.00..325.37 rows=10093 width=0)
	              Index Cond: ((id >= 5463730) AND (id <= 5473729))

for: sum_ranges
table 1 : explain SELECT SUM(k) FROM sbtest1 WHERE id BETWEEN 3344778 AND 3354777
	Aggregate  (cost=35052.56..35052.57 rows=1 width=8)
	  ->  Bitmap Heap Scan on sbtest1  (cost=328.07..35027.28 rows=10111 width=4)
	        Recheck Cond: ((id >= 3344778) AND (id <= 3354777))
	        ->  Bitmap Index Scan on sbtest1_pkey  (cost=0.00..325.55 rows=10111 width=0)
	              Index Cond: ((id >= 3344778) AND (id <= 3354777))

table 2 : explain SELECT SUM(k) FROM sbtest2 WHERE id BETWEEN 419071 AND 429070
	Aggregate  (cost=31212.27..31212.28 rows=1 width=8)
	  ->  Bitmap Heap Scan on sbtest2  (cost=292.05..31189.92 rows=8938 width=4)
	        Recheck Cond: ((id >= 419071) AND (id <= 429070))
	        ->  Bitmap Index Scan on sbtest2_pkey  (cost=0.00..289.81 rows=8938 width=0)
	              Index Cond: ((id >= 419071) AND (id <= 429070))

table 3 : explain SELECT SUM(k) FROM sbtest3 WHERE id BETWEEN 1045802 AND 1055801
	Aggregate  (cost=35404.95..35404.96 rows=1 width=8)
	  ->  Bitmap Heap Scan on sbtest3  (cost=328.91..35379.47 rows=10193 width=4)
	        Recheck Cond: ((id >= 1045802) AND (id <= 1055801))
	        ->  Bitmap Index Scan on sbtest3_pkey  (cost=0.00..326.37 rows=10193 width=0)
	              Index Cond: ((id >= 1045802) AND (id <= 1055801))

table 4 : explain SELECT SUM(k) FROM sbtest4 WHERE id BETWEEN 6220449 AND 6230448
	Aggregate  (cost=32720.91..32720.92 rows=1 width=8)
	  ->  Bitmap Heap Scan on sbtest4  (cost=304.24..32697.54 rows=9347 width=4)
	        Recheck Cond: ((id >= 6220449) AND (id <= 6230448))
	        ->  Bitmap Index Scan on sbtest4_pkey  (cost=0.00..301.91 rows=9347 width=0)
	              Index Cond: ((id >= 6220449) AND (id <= 6230448))

table 5 : explain SELECT SUM(k) FROM sbtest5 WHERE id BETWEEN 4722567 AND 4732566
	Aggregate  (cost=34075.73..34075.74 rows=1 width=8)
	  ->  Bitmap Heap Scan on sbtest5  (cost=316.62..34051.29 rows=9774 width=4)
	        Recheck Cond: ((id >= 4722567) AND (id <= 4732566))
	        ->  Bitmap Index Scan on sbtest5_pkey  (cost=0.00..314.18 rows=9774 width=0)
	              Index Cond: ((id >= 4722567) AND (id <= 4732566))

table 6 : explain SELECT SUM(k) FROM sbtest6 WHERE id BETWEEN 2157822 AND 2167821
	Aggregate  (cost=35549.10..35549.11 rows=1 width=8)
	  ->  Bitmap Heap Scan on sbtest6  (cost=333.77..35523.41 rows=10277 width=4)
	        Recheck Cond: ((id >= 2157822) AND (id <= 2167821))
	        ->  Bitmap Index Scan on sbtest6_pkey  (cost=0.00..331.20 rows=10277 width=0)
	              Index Cond: ((id >= 2157822) AND (id <= 2167821))

table 7 : explain SELECT SUM(k) FROM sbtest7 WHERE id BETWEEN 2392701 AND 2402700
	Aggregate  (cost=35293.62..35293.63 rows=1 width=8)
	  ->  Bitmap Heap Scan on sbtest7  (cost=328.67..35268.20 rows=10169 width=4)
	        Recheck Cond: ((id >= 2392701) AND (id <= 2402700))
	        ->  Bitmap Index Scan on sbtest7_pkey  (cost=0.00..326.12 rows=10169 width=0)
	              Index Cond: ((id >= 2392701) AND (id <= 2402700))

table 8 : explain SELECT SUM(k) FROM sbtest8 WHERE id BETWEEN 6905159 AND 6915158
	Aggregate  (cost=34575.80..34575.81 rows=1 width=8)
	  ->  Bitmap Heap Scan on sbtest8  (cost=322.77..34550.84 rows=9984 width=4)
	        Recheck Cond: ((id >= 6905159) AND (id <= 6915158))
	        ->  Bitmap Index Scan on sbtest8_pkey  (cost=0.00..320.28 rows=9984 width=0)
	              Index Cond: ((id >= 6905159) AND (id <= 6915158))

for: sum_ranges
table 1 : explain SELECT SUM(k) FROM sbtest1 WHERE id BETWEEN 4206545 AND 4216544
	Aggregate  (cost=32026.43..32026.44 rows=1 width=8)
	  ->  Bitmap Heap Scan on sbtest1  (cost=298.31..32003.53 rows=9159 width=4)
	        Recheck Cond: ((id >= 4206545) AND (id <= 4216544))
	        ->  Bitmap Index Scan on sbtest1_pkey  (cost=0.00..296.03 rows=9159 width=0)
	              Index Cond: ((id >= 4206545) AND (id <= 4216544))

table 2 : explain SELECT SUM(k) FROM sbtest2 WHERE id BETWEEN 4890580 AND 4900579
	Aggregate  (cost=31581.09..31581.10 rows=1 width=8)
	  ->  Bitmap Heap Scan on sbtest2  (cost=293.24..31558.46 rows=9054 width=4)
	        Recheck Cond: ((id >= 4890580) AND (id <= 4900579))
	        ->  Bitmap Index Scan on sbtest2_pkey  (cost=0.00..290.98 rows=9054 width=0)
	              Index Cond: ((id >= 4890580) AND (id <= 4900579))

table 3 : explain SELECT SUM(k) FROM sbtest3 WHERE id BETWEEN 8299311 AND 8309310
	Aggregate  (cost=33972.53..33972.54 rows=1 width=8)
	  ->  Bitmap Heap Scan on sbtest3  (cost=316.28..33948.18 rows=9741 width=4)
	        Recheck Cond: ((id >= 8299311) AND (id <= 8309310))
	        ->  Bitmap Index Scan on sbtest3_pkey  (cost=0.00..313.84 rows=9741 width=0)
	              Index Cond: ((id >= 8299311) AND (id <= 8309310))

table 4 : explain SELECT SUM(k) FROM sbtest4 WHERE id BETWEEN 9691097 AND 9701096
	Aggregate  (cost=35248.67..35248.68 rows=1 width=8)
	  ->  Bitmap Heap Scan on sbtest4  (cost=328.36..35223.33 rows=10139 width=4)
	        Recheck Cond: ((id >= 9691097) AND (id <= 9701096))
	        ->  Bitmap Index Scan on sbtest4_pkey  (cost=0.00..325.82 rows=10139 width=0)
	              Index Cond: ((id >= 9691097) AND (id <= 9701096))

table 5 : explain SELECT SUM(k) FROM sbtest5 WHERE id BETWEEN 5268142 AND 5278141
	Aggregate  (cost=36677.66..36677.67 rows=1 width=8)
	  ->  Bitmap Heap Scan on sbtest5  (cost=345.03..36651.17 rows=10595 width=4)
	        Recheck Cond: ((id >= 5268142) AND (id <= 5278141))
	        ->  Bitmap Index Scan on sbtest5_pkey  (cost=0.00..342.38 rows=10595 width=0)
	              Index Cond: ((id >= 5268142) AND (id <= 5278141))

table 6 : explain SELECT SUM(k) FROM sbtest6 WHERE id BETWEEN 1666374 AND 1676373
	Aggregate  (cost=33750.96..33750.97 rows=1 width=8)
	  ->  Bitmap Heap Scan on sbtest6  (cost=315.94..33726.69 rows=9708 width=4)
	        Recheck Cond: ((id >= 1666374) AND (id <= 1676373))
	        ->  Bitmap Index Scan on sbtest6_pkey  (cost=0.00..313.51 rows=9708 width=0)
	              Index Cond: ((id >= 1666374) AND (id <= 1676373))

table 7 : explain SELECT SUM(k) FROM sbtest7 WHERE id BETWEEN 1226943 AND 1236942
	Aggregate  (cost=34898.05..34898.06 rows=1 width=8)
	  ->  Bitmap Heap Scan on sbtest7  (cost=327.38..34872.95 rows=10043 width=4)
	        Recheck Cond: ((id >= 1226943) AND (id <= 1236942))
	        ->  Bitmap Index Scan on sbtest7_pkey  (cost=0.00..324.87 rows=10043 width=0)
	              Index Cond: ((id >= 1226943) AND (id <= 1236942))

table 8 : explain SELECT SUM(k) FROM sbtest8 WHERE id BETWEEN 2874325 AND 2884324
	Aggregate  (cost=33191.18..33191.19 rows=1 width=8)
	  ->  Bitmap Heap Scan on sbtest8  (cost=310.27..33167.32 rows=9545 width=4)
	        Recheck Cond: ((id >= 2874325) AND (id <= 2884324))
	        ->  Bitmap Index Scan on sbtest8_pkey  (cost=0.00..307.88 rows=9545 width=0)
	              Index Cond: ((id >= 2874325) AND (id <= 2884324))

explain: for point_selects :: explain SELECT c FROM sbtest%u WHERE id=%u
for: distinct_ranges
table 1 : explain SELECT DISTINCT c FROM sbtest1 WHERE id BETWEEN 410585 AND 420584 ORDER BY c
	Unique  (cost=35934.61..35985.53 rows=10184 width=121)
	  ->  Sort  (cost=35934.61..35960.07 rows=10184 width=121)
	        Sort Key: c
	        ->  Bitmap Heap Scan on sbtest1  (cost=328.82..35256.66 rows=10184 width=121)
	              Recheck Cond: ((id >= 410585) AND (id <= 420584))
	              ->  Bitmap Index Scan on sbtest1_pkey  (cost=0.00..326.28 rows=10184 width=0)
	                    Index Cond: ((id >= 410585) AND (id <= 420584))

table 2 : explain SELECT DISTINCT c FROM sbtest2 WHERE id BETWEEN 8593640 AND 8603639 ORDER BY c
	Unique  (cost=36639.51..36691.73 rows=10444 width=121)
	  ->  Sort  (cost=36639.51..36665.62 rows=10444 width=121)
	        Sort Key: c
	        ->  Bitmap Heap Scan on sbtest2  (cost=339.49..35942.35 rows=10444 width=121)
	              Recheck Cond: ((id >= 8593640) AND (id <= 8603639))
	              ->  Bitmap Index Scan on sbtest2_pkey  (cost=0.00..336.88 rows=10444 width=0)
	                    Index Cond: ((id >= 8593640) AND (id <= 8603639))

table 3 : explain SELECT DISTINCT c FROM sbtest3 WHERE id BETWEEN 9858574 AND 9868573 ORDER BY c
	Unique  (cost=36847.79..36899.97 rows=10436 width=121)
	  ->  Sort  (cost=36847.79..36873.88 rows=10436 width=121)
	        Sort Key: c
	        ->  Bitmap Heap Scan on sbtest3  (cost=339.40..36151.22 rows=10436 width=121)
	              Recheck Cond: ((id >= 9858574) AND (id <= 9868573))
	              ->  Bitmap Index Scan on sbtest3_pkey  (cost=0.00..336.80 rows=10436 width=0)
	                    Index Cond: ((id >= 9858574) AND (id <= 9868573))

table 4 : explain SELECT DISTINCT c FROM sbtest4 WHERE id BETWEEN 2894012 AND 2904011 ORDER BY c
	Unique  (cost=35335.62..35385.45 rows=9966 width=121)
	  ->  Sort  (cost=35335.62..35360.54 rows=9966 width=121)
	        Sort Key: c
	        ->  Bitmap Heap Scan on sbtest4  (cost=322.59..34673.74 rows=9966 width=121)
	              Recheck Cond: ((id >= 2894012) AND (id <= 2904011))
	              ->  Bitmap Index Scan on sbtest4_pkey  (cost=0.00..320.09 rows=9966 width=0)
	                    Index Cond: ((id >= 2894012) AND (id <= 2904011))

table 5 : explain SELECT DISTINCT c FROM sbtest5 WHERE id BETWEEN 859197 AND 869196 ORDER BY c
	Unique  (cost=34905.60..34954.79 rows=9838 width=121)
	  ->  Sort  (cost=34905.60..34930.19 rows=9838 width=121)
	        Sort Key: c
	        ->  Bitmap Heap Scan on sbtest5  (cost=317.27..34253.13 rows=9838 width=121)
	              Recheck Cond: ((id >= 859197) AND (id <= 869196))
	              ->  Bitmap Index Scan on sbtest5_pkey  (cost=0.00..314.81 rows=9838 width=0)
	                    Index Cond: ((id >= 859197) AND (id <= 869196))

table 6 : explain SELECT DISTINCT c FROM sbtest6 WHERE id BETWEEN 1909332 AND 1919331 ORDER BY c
	Unique  (cost=35338.05..35388.09 rows=10008 width=121)
	  ->  Sort  (cost=35338.05..35363.07 rows=10008 width=121)
	        Sort Key: c
	        ->  Bitmap Heap Scan on sbtest6  (cost=323.02..34673.08 rows=10008 width=121)
	              Recheck Cond: ((id >= 1909332) AND (id <= 1919331))
	              ->  Bitmap Index Scan on sbtest6_pkey  (cost=0.00..320.51 rows=10008 width=0)
	                    Index Cond: ((id >= 1909332) AND (id <= 1919331))

table 7 : explain SELECT DISTINCT c FROM sbtest7 WHERE id BETWEEN 8379808 AND 8389807 ORDER BY c
	Unique  (cost=35493.99..35544.13 rows=10028 width=121)
	  ->  Sort  (cost=35493.99..35519.06 rows=10028 width=121)
	        Sort Key: c
	        ->  Bitmap Heap Scan on sbtest7  (cost=327.22..34827.54 rows=10028 width=121)
	              Recheck Cond: ((id >= 8379808) AND (id <= 8389807))
	              ->  Bitmap Index Scan on sbtest7_pkey  (cost=0.00..324.71 rows=10028 width=0)
	                    Index Cond: ((id >= 8379808) AND (id <= 8389807))

table 8 : explain SELECT DISTINCT c FROM sbtest8 WHERE id BETWEEN 5039076 AND 5049075 ORDER BY c
	Unique  (cost=34923.14..34972.60 rows=9893 width=121)
	  ->  Sort  (cost=34923.14..34947.87 rows=9893 width=121)
	        Sort Key: c
	        ->  Bitmap Heap Scan on sbtest8  (cost=321.84..34266.63 rows=9893 width=121)
	              Recheck Cond: ((id >= 5039076) AND (id <= 5049075))
	              ->  Bitmap Index Scan on sbtest8_pkey  (cost=0.00..319.37 rows=9893 width=0)
	                    Index Cond: ((id >= 5039076) AND (id <= 5049075))

for: distinct_ranges
table 1 : explain SELECT DISTINCT c FROM sbtest1 WHERE id BETWEEN 9939897 AND 9949896 ORDER BY c
	Unique  (cost=35405.25..35455.34 rows=10019 width=121)
	  ->  Sort  (cost=35405.25..35430.29 rows=10019 width=121)
	        Sort Key: c
	        ->  Bitmap Heap Scan on sbtest1  (cost=327.13..34739.46 rows=10019 width=121)
	              Recheck Cond: ((id >= 9939897) AND (id <= 9949896))
	              ->  Bitmap Index Scan on sbtest1_pkey  (cost=0.00..324.62 rows=10019 width=0)
	                    Index Cond: ((id >= 9939897) AND (id <= 9949896))

table 2 : explain SELECT DISTINCT c FROM sbtest2 WHERE id BETWEEN 4149993 AND 4159992 ORDER BY c
	Unique  (cost=35197.16..35247.13 rows=9995 width=121)
	  ->  Sort  (cost=35197.16..35222.14 rows=9995 width=121)
	        Sort Key: c
	        ->  Bitmap Heap Scan on sbtest2  (cost=322.88..34533.14 rows=9995 width=121)
	              Recheck Cond: ((id >= 4149993) AND (id <= 4159992))
	              ->  Bitmap Index Scan on sbtest2_pkey  (cost=0.00..320.38 rows=9995 width=0)
	                    Index Cond: ((id >= 4149993) AND (id <= 4159992))

table 3 : explain SELECT DISTINCT c FROM sbtest3 WHERE id BETWEEN 3653181 AND 3663180 ORDER BY c
	Unique  (cost=35928.61..35979.37 rows=10152 width=121)
	  ->  Sort  (cost=35928.61..35953.99 rows=10152 width=121)
	        Sort Key: c
	        ->  Bitmap Heap Scan on sbtest3  (cost=328.49..35253.03 rows=10152 width=121)
	              Recheck Cond: ((id >= 3653181) AND (id <= 3663180))
	              ->  Bitmap Index Scan on sbtest3_pkey  (cost=0.00..325.95 rows=10152 width=0)
	                    Index Cond: ((id >= 3653181) AND (id <= 3663180))

table 4 : explain SELECT DISTINCT c FROM sbtest4 WHERE id BETWEEN 7516666 AND 7526665 ORDER BY c
	Unique  (cost=34365.33..34413.67 rows=9668 width=121)
	  ->  Sort  (cost=34365.33..34389.50 rows=9668 width=121)
	        Sort Key: c
	        ->  Bitmap Heap Scan on sbtest4  (cost=315.53..33725.35 rows=9668 width=121)
	              Recheck Cond: ((id >= 7516666) AND (id <= 7526665))
	              ->  Bitmap Index Scan on sbtest4_pkey  (cost=0.00..313.12 rows=9668 width=0)
	                    Index Cond: ((id >= 7516666) AND (id <= 7526665))

table 5 : explain SELECT DISTINCT c FROM sbtest5 WHERE id BETWEEN 9475494 AND 9485493 ORDER BY c
	Unique  (cost=34762.40..34811.37 rows=9794 width=121)
	  ->  Sort  (cost=34762.40..34786.89 rows=9794 width=121)
	        Sort Key: c
	        ->  Bitmap Heap Scan on sbtest5  (cost=316.82..34113.17 rows=9794 width=121)
	              Recheck Cond: ((id >= 9475494) AND (id <= 9485493))
	              ->  Bitmap Index Scan on sbtest5_pkey  (cost=0.00..314.38 rows=9794 width=0)
	                    Index Cond: ((id >= 9475494) AND (id <= 9485493))

table 6 : explain SELECT DISTINCT c FROM sbtest6 WHERE id BETWEEN 5858979 AND 5868978 ORDER BY c
	Unique  (cost=34182.91..34231.16 rows=9651 width=121)
	  ->  Sort  (cost=34182.91..34207.03 rows=9651 width=121)
	        Sort Key: c
	        ->  Bitmap Heap Scan on sbtest6  (cost=311.36..33544.18 rows=9651 width=121)
	              Recheck Cond: ((id >= 5858979) AND (id <= 5868978))
	              ->  Bitmap Index Scan on sbtest6_pkey  (cost=0.00..308.94 rows=9651 width=0)
	                    Index Cond: ((id >= 5858979) AND (id <= 5868978))

table 7 : explain SELECT DISTINCT c FROM sbtest7 WHERE id BETWEEN 2501001 AND 2511000 ORDER BY c
	Unique  (cost=35463.46..35513.56 rows=10020 width=121)
	  ->  Sort  (cost=35463.46..35488.51 rows=10020 width=121)
	        Sort Key: c
	        ->  Bitmap Heap Scan on sbtest7  (cost=323.14..34797.60 rows=10020 width=121)
	              Recheck Cond: ((id >= 2501001) AND (id <= 2511000))
	              ->  Bitmap Index Scan on sbtest7_pkey  (cost=0.00..320.63 rows=10020 width=0)
	                    Index Cond: ((id >= 2501001) AND (id <= 2511000))

table 8 : explain SELECT DISTINCT c FROM sbtest8 WHERE id BETWEEN 3017123 AND 3027122 ORDER BY c
	Unique  (cost=34518.65..34567.49 rows=9768 width=121)
	  ->  Sort  (cost=34518.65..34543.07 rows=9768 width=121)
	        Sort Key: c
	        ->  Bitmap Heap Scan on sbtest8  (cost=316.56..33871.33 rows=9768 width=121)
	              Recheck Cond: ((id >= 3017123) AND (id <= 3027122))
	              ->  Bitmap Index Scan on sbtest8_pkey  (cost=0.00..314.12 rows=9768 width=0)
	                    Index Cond: ((id >= 3017123) AND (id <= 3027122))

for: distinct_ranges
table 1 : explain SELECT DISTINCT c FROM sbtest1 WHERE id BETWEEN 598897 AND 608896 ORDER BY c
	Unique  (cost=36457.08..36508.81 rows=10346 width=121)
	  ->  Sort  (cost=36457.08..36482.95 rows=10346 width=121)
	        Sort Key: c
	        ->  Bitmap Heap Scan on sbtest1  (cost=334.48..35767.17 rows=10346 width=121)
	              Recheck Cond: ((id >= 598897) AND (id <= 608896))
	              ->  Bitmap Index Scan on sbtest1_pkey  (cost=0.00..331.90 rows=10346 width=0)
	                    Index Cond: ((id >= 598897) AND (id <= 608896))

table 2 : explain SELECT DISTINCT c FROM sbtest2 WHERE id BETWEEN 4768799 AND 4778798 ORDER BY c
	Unique  (cost=37842.07..37896.18 rows=10822 width=121)
	  ->  Sort  (cost=37842.07..37869.12 rows=10822 width=121)
	        Sort Key: c
	        ->  Bitmap Heap Scan on sbtest2  (cost=351.36..37116.90 rows=10822 width=121)
	              Recheck Cond: ((id >= 4768799) AND (id <= 4778798))
	              ->  Bitmap Index Scan on sbtest2_pkey  (cost=0.00..348.66 rows=10822 width=0)
	                    Index Cond: ((id >= 4768799) AND (id <= 4778798))

table 3 : explain SELECT DISTINCT c FROM sbtest3 WHERE id BETWEEN 6597830 AND 6607829 ORDER BY c
	Unique  (cost=35835.77..35886.39 rows=10124 width=121)
	  ->  Sort  (cost=35835.77..35861.08 rows=10124 width=121)
	        Sort Key: c
	        ->  Bitmap Heap Scan on sbtest3  (cost=328.21..35162.25 rows=10124 width=121)
	              Recheck Cond: ((id >= 6597830) AND (id <= 6607829))
	              ->  Bitmap Index Scan on sbtest3_pkey  (cost=0.00..325.68 rows=10124 width=0)
	                    Index Cond: ((id >= 6597830) AND (id <= 6607829))

table 4 : explain SELECT DISTINCT c FROM sbtest4 WHERE id BETWEEN 9933917 AND 9943916 ORDER BY c
	Unique  (cost=33484.76..33531.75 rows=9399 width=121)
	  ->  Sort  (cost=33484.76..33508.25 rows=9399 width=121)
	        Sort Key: c
	        ->  Bitmap Heap Scan on sbtest4  (cost=304.77..32864.50 rows=9399 width=121)
	              Recheck Cond: ((id >= 9933917) AND (id <= 9943916))
	              ->  Bitmap Index Scan on sbtest4_pkey  (cost=0.00..302.43 rows=9399 width=0)
	                    Index Cond: ((id >= 9933917) AND (id <= 9943916))

table 5 : explain SELECT DISTINCT c FROM sbtest5 WHERE id BETWEEN 4305070 AND 4315069 ORDER BY c
	Unique  (cost=32454.99..32500.43 rows=9089 width=121)
	  ->  Sort  (cost=32454.99..32477.71 rows=9089 width=121)
	        Sort Key: c
	        ->  Bitmap Heap Scan on sbtest5  (cost=293.60..31857.39 rows=9089 width=121)
	              Recheck Cond: ((id >= 4305070) AND (id <= 4315069))
	              ->  Bitmap Index Scan on sbtest5_pkey  (cost=0.00..291.32 rows=9089 width=0)
	                    Index Cond: ((id >= 4305070) AND (id <= 4315069))

table 6 : explain SELECT DISTINCT c FROM sbtest6 WHERE id BETWEEN 407191 AND 417190 ORDER BY c
	Unique  (cost=36168.68..36220.00 rows=10265 width=121)
	  ->  Sort  (cost=36168.68..36194.34 rows=10265 width=121)
	        Sort Key: c
	        ->  Bitmap Heap Scan on sbtest6  (cost=333.65..35484.75 rows=10265 width=121)
	              Recheck Cond: ((id >= 407191) AND (id <= 417190))
	              ->  Bitmap Index Scan on sbtest6_pkey  (cost=0.00..331.08 rows=10265 width=0)
	                    Index Cond: ((id >= 407191) AND (id <= 417190))

table 7 : explain SELECT DISTINCT c FROM sbtest7 WHERE id BETWEEN 9395781 AND 9405780 ORDER BY c
	Unique  (cost=36147.79..36198.94 rows=10231 width=121)
	  ->  Sort  (cost=36147.79..36173.36 rows=10231 width=121)
	        Sort Key: c
	        ->  Bitmap Heap Scan on sbtest7  (cost=333.30..35466.37 rows=10231 width=121)
	              Recheck Cond: ((id >= 9395781) AND (id <= 9405780))
	              ->  Bitmap Index Scan on sbtest7_pkey  (cost=0.00..330.75 rows=10231 width=0)
	                    Index Cond: ((id >= 9395781) AND (id <= 9405780))

table 8 : explain SELECT DISTINCT c FROM sbtest8 WHERE id BETWEEN 5619831 AND 5629830 ORDER BY c
	Unique  (cost=36247.61..36299.13 rows=10305 width=121)
	  ->  Sort  (cost=36247.61..36273.37 rows=10305 width=121)
	        Sort Key: c
	        ->  Bitmap Heap Scan on sbtest8  (cost=334.06..35560.73 rows=10305 width=121)
	              Recheck Cond: ((id >= 5619831) AND (id <= 5629830))
	              ->  Bitmap Index Scan on sbtest8_pkey  (cost=0.00..331.49 rows=10305 width=0)
	                    Index Cond: ((id >= 5619831) AND (id <= 5629830))

explain: for point_selects :: explain SELECT c FROM sbtest%u WHERE id=%u
explain: for point_selects :: explain SELECT c FROM sbtest%u WHERE id=%u
for: sum_ranges
table 1 : explain SELECT SUM(k) FROM sbtest1 WHERE id BETWEEN 1481320 AND 1491319
	Aggregate  (cost=30006.42..30006.43 rows=1 width=8)
	  ->  Bitmap Heap Scan on sbtest1  (cost=275.89..29985.09 rows=8532 width=4)
	        Recheck Cond: ((id >= 1481320) AND (id <= 1491319))
	        ->  Bitmap Index Scan on sbtest1_pkey  (cost=0.00..273.75 rows=8532 width=0)
	              Index Cond: ((id >= 1481320) AND (id <= 1491319))

table 2 : explain SELECT SUM(k) FROM sbtest2 WHERE id BETWEEN 685567 AND 695566
	Aggregate  (cost=33591.71..33591.72 rows=1 width=8)
	  ->  Bitmap Heap Scan on sbtest2  (cost=315.73..33567.49 rows=9687 width=4)
	        Recheck Cond: ((id >= 685567) AND (id <= 695566))
	        ->  Bitmap Index Scan on sbtest2_pkey  (cost=0.00..313.31 rows=9687 width=0)
	              Index Cond: ((id >= 685567) AND (id <= 695566))

table 3 : explain SELECT SUM(k) FROM sbtest3 WHERE id BETWEEN 2577368 AND 2587367
	Aggregate  (cost=34892.00..34892.01 rows=1 width=8)
	  ->  Bitmap Heap Scan on sbtest3  (cost=327.24..34866.92 rows=10030 width=4)
	        Recheck Cond: ((id >= 2577368) AND (id <= 2587367))
	        ->  Bitmap Index Scan on sbtest3_pkey  (cost=0.00..324.74 rows=10030 width=0)
	              Index Cond: ((id >= 2577368) AND (id <= 2587367))

table 4 : explain SELECT SUM(k) FROM sbtest4 WHERE id BETWEEN 3817387 AND 3827386
	Aggregate  (cost=33782.16..33782.17 rows=1 width=8)
	  ->  Bitmap Heap Scan on sbtest4  (cost=315.63..33757.97 rows=9678 width=4)
	        Recheck Cond: ((id >= 3817387) AND (id <= 3827386))
	        ->  Bitmap Index Scan on sbtest4_pkey  (cost=0.00..313.21 rows=9678 width=0)
	              Index Cond: ((id >= 3817387) AND (id <= 3827386))

table 5 : explain SELECT SUM(k) FROM sbtest5 WHERE id BETWEEN 2499788 AND 2509787
	Aggregate  (cost=35056.48..35056.49 rows=1 width=8)
	  ->  Bitmap Heap Scan on sbtest5  (cost=327.78..35031.27 rows=10082 width=4)
	        Recheck Cond: ((id >= 2499788) AND (id <= 2509787))
	        ->  Bitmap Index Scan on sbtest5_pkey  (cost=0.00..325.25 rows=10082 width=0)
	              Index Cond: ((id >= 2499788) AND (id <= 2509787))

table 6 : explain SELECT SUM(k) FROM sbtest6 WHERE id BETWEEN 2811342 AND 2821341
	Aggregate  (cost=33770.43..33770.44 rows=1 width=8)
	  ->  Bitmap Heap Scan on sbtest6  (cost=316.00..33746.15 rows=9714 width=4)
	        Recheck Cond: ((id >= 2811342) AND (id <= 2821341))
	        ->  Bitmap Index Scan on sbtest6_pkey  (cost=0.00..313.57 rows=9714 width=0)
	              Index Cond: ((id >= 2811342) AND (id <= 2821341))

table 7 : explain SELECT SUM(k) FROM sbtest7 WHERE id BETWEEN 2486874 AND 2496873
	Aggregate  (cost=34822.65..34822.66 rows=1 width=8)
	  ->  Bitmap Heap Scan on sbtest7  (cost=323.14..34797.60 rows=10020 width=4)
	        Recheck Cond: ((id >= 2486874) AND (id <= 2496873))
	        ->  Bitmap Index Scan on sbtest7_pkey  (cost=0.00..320.63 rows=10020 width=0)
	              Index Cond: ((id >= 2486874) AND (id <= 2496873))

table 8 : explain SELECT SUM(k) FROM sbtest8 WHERE id BETWEEN 3251038 AND 3261037
	Aggregate  (cost=37164.08..37164.09 rows=1 width=8)
	  ->  Bitmap Heap Scan on sbtest8  (cost=351.23..37137.06 rows=10809 width=4)
	        Recheck Cond: ((id >= 3251038) AND (id <= 3261037))
	        ->  Bitmap Index Scan on sbtest8_pkey  (cost=0.00..348.53 rows=10809 width=0)
	              Index Cond: ((id >= 3251038) AND (id <= 3261037))

for: sum_ranges
table 1 : explain SELECT SUM(k) FROM sbtest1 WHERE id BETWEEN 6684134 AND 6694133
	Aggregate  (cost=32445.66..32445.67 rows=1 width=8)
	  ->  Bitmap Heap Scan on sbtest1  (cost=303.65..32422.44 rows=9289 width=4)
	        Recheck Cond: ((id >= 6684134) AND (id <= 6694133))
	        ->  Bitmap Index Scan on sbtest1_pkey  (cost=0.00..301.32 rows=9289 width=0)
	              Index Cond: ((id >= 6684134) AND (id <= 6694133))

table 2 : explain SELECT SUM(k) FROM sbtest2 WHERE id BETWEEN 1859169 AND 1869168
	Aggregate  (cost=34890.69..34890.70 rows=1 width=8)
	  ->  Bitmap Heap Scan on sbtest2  (cost=327.96..34865.44 rows=10100 width=4)
	        Recheck Cond: ((id >= 1859169) AND (id <= 1869168))
	        ->  Bitmap Index Scan on sbtest2_pkey  (cost=0.00..325.44 rows=10100 width=0)
	              Index Cond: ((id >= 1859169) AND (id <= 1869168))

table 3 : explain SELECT SUM(k) FROM sbtest3 WHERE id BETWEEN 2427574 AND 2437573
	Aggregate  (cost=34660.43..34660.44 rows=1 width=8)
	  ->  Bitmap Heap Scan on sbtest3  (cost=322.50..34635.53 rows=9958 width=4)
	        Recheck Cond: ((id >= 2427574) AND (id <= 2437573))
	        ->  Bitmap Index Scan on sbtest3_pkey  (cost=0.00..320.01 rows=9958 width=0)
	              Index Cond: ((id >= 2427574) AND (id <= 2437573))

table 4 : explain SELECT SUM(k) FROM sbtest4 WHERE id BETWEEN 3636340 AND 3646339
	Aggregate  (cost=31902.12..31902.13 rows=1 width=8)
	  ->  Bitmap Heap Scan on sbtest4  (cost=293.64..31879.39 rows=9093 width=4)
	        Recheck Cond: ((id >= 3636340) AND (id <= 3646339))
	        ->  Bitmap Index Scan on sbtest4_pkey  (cost=0.00..291.37 rows=9093 width=0)
	              Index Cond: ((id >= 3636340) AND (id <= 3646339))

table 5 : explain SELECT SUM(k) FROM sbtest5 WHERE id BETWEEN 6382696 AND 6392695
	Aggregate  (cost=34499.85..34499.86 rows=1 width=8)
	  ->  Bitmap Heap Scan on sbtest5  (cost=321.98..34475.08 rows=9907 width=4)
	        Recheck Cond: ((id >= 6382696) AND (id <= 6392695))
	        ->  Bitmap Index Scan on sbtest5_pkey  (cost=0.00..319.50 rows=9907 width=0)
	              Index Cond: ((id >= 6382696) AND (id <= 6392695))

table 6 : explain SELECT SUM(k) FROM sbtest6 WHERE id BETWEEN 2555006 AND 2565005
	Aggregate  (cost=33952.19..33952.20 rows=1 width=8)
	  ->  Bitmap Heap Scan on sbtest6  (cost=316.60..33927.76 rows=9772 width=4)
	        Recheck Cond: ((id >= 2555006) AND (id <= 2565005))
	        ->  Bitmap Index Scan on sbtest6_pkey  (cost=0.00..314.16 rows=9772 width=0)
	              Index Cond: ((id >= 2555006) AND (id <= 2565005))

table 7 : explain SELECT SUM(k) FROM sbtest7 WHERE id BETWEEN 6388330 AND 6398329
	Aggregate  (cost=37529.46..37529.47 rows=1 width=8)
	  ->  Bitmap Heap Scan on sbtest7  (cost=351.94..37502.26 rows=10879 width=4)
	        Recheck Cond: ((id >= 6388330) AND (id <= 6398329))
	        ->  Bitmap Index Scan on sbtest7_pkey  (cost=0.00..349.23 rows=10879 width=0)
	              Index Cond: ((id >= 6388330) AND (id <= 6398329))

table 8 : explain SELECT SUM(k) FROM sbtest8 WHERE id BETWEEN 7578329 AND 7588328
	Aggregate  (cost=34233.13..34233.14 rows=1 width=8)
	  ->  Bitmap Heap Scan on sbtest8  (cost=321.64..34208.45 rows=9874 width=4)
	        Recheck Cond: ((id >= 7578329) AND (id <= 7588328))
	        ->  Bitmap Index Scan on sbtest8_pkey  (cost=0.00..319.18 rows=9874 width=0)
	              Index Cond: ((id >= 7578329) AND (id <= 7588328))

explain: for point_selects :: explain SELECT c FROM sbtest%u WHERE id=%u
for: order_ranges
table 1 : explain SELECT c FROM sbtest1 WHERE id BETWEEN 5299887 AND 5309886 ORDER BY c
	Sort  (cost=37377.54..37404.12 rows=10632 width=121)
	  Sort Key: c
	  ->  Bitmap Heap Scan on sbtest1  (cost=345.41..36666.47 rows=10632 width=121)
	        Recheck Cond: ((id >= 5299887) AND (id <= 5309886))
	        ->  Bitmap Index Scan on sbtest1_pkey  (cost=0.00..342.75 rows=10632 width=0)
	              Index Cond: ((id >= 5299887) AND (id <= 5309886))

table 2 : explain SELECT c FROM sbtest2 WHERE id BETWEEN 7323646 AND 7333645 ORDER BY c
	Sort  (cost=36422.26..36448.21 rows=10377 width=121)
	  Sort Key: c
	  ->  Bitmap Heap Scan on sbtest2  (cost=334.80..35730.06 rows=10377 width=121)
	        Recheck Cond: ((id >= 7323646) AND (id <= 7333645))
	        ->  Bitmap Index Scan on sbtest2_pkey  (cost=0.00..332.20 rows=10377 width=0)
	              Index Cond: ((id >= 7323646) AND (id <= 7333645))

table 3 : explain SELECT c FROM sbtest3 WHERE id BETWEEN 6900970 AND 6910969 ORDER BY c
	Sort  (cost=37052.81..37079.06 rows=10500 width=121)
	  Sort Key: c
	  ->  Bitmap Heap Scan on sbtest3  (cost=340.06..36351.51 rows=10500 width=121)
	        Recheck Cond: ((id >= 6900970) AND (id <= 6910969))
	        ->  Bitmap Index Scan on sbtest3_pkey  (cost=0.00..337.44 rows=10500 width=0)
	              Index Cond: ((id >= 6900970) AND (id <= 6910969))

table 4 : explain SELECT c FROM sbtest4 WHERE id BETWEEN 6625021 AND 6635020 ORDER BY c
	Sort  (cost=34932.88..34957.48 rows=9842 width=121)
	  Sort Key: c
	  ->  Bitmap Heap Scan on sbtest4  (cost=321.32..34280.12 rows=9842 width=121)
	        Recheck Cond: ((id >= 6625021) AND (id <= 6635020))
	        ->  Bitmap Index Scan on sbtest4_pkey  (cost=0.00..318.86 rows=9842 width=0)
	              Index Cond: ((id >= 6625021) AND (id <= 6635020))

table 5 : explain SELECT c FROM sbtest5 WHERE id BETWEEN 8451990 AND 8461989 ORDER BY c
	Sort  (cost=36485.11..36510.93 rows=10325 width=121)
	  Sort Key: c
	  ->  Bitmap Heap Scan on sbtest5  (cost=334.27..35796.75 rows=10325 width=121)
	        Recheck Cond: ((id >= 8451990) AND (id <= 8461989))
	        ->  Bitmap Index Scan on sbtest5_pkey  (cost=0.00..331.69 rows=10325 width=0)
	              Index Cond: ((id >= 8451990) AND (id <= 8461989))

table 6 : explain SELECT c FROM sbtest6 WHERE id BETWEEN 126693 AND 136692 ORDER BY c
	Sort  (cost=33310.42..33333.88 rows=9382 width=121)
	  Sort Key: c
	  ->  Bitmap Heap Scan on sbtest6  (cost=304.60..32691.41 rows=9382 width=121)
	        Recheck Cond: ((id >= 126693) AND (id <= 136692))
	        ->  Bitmap Index Scan on sbtest6_pkey  (cost=0.00..302.25 rows=9382 width=0)
	              Index Cond: ((id >= 126693) AND (id <= 136692))

table 7 : explain SELECT c FROM sbtest7 WHERE id BETWEEN 5557492 AND 5567491 ORDER BY c
	Sort  (cost=36329.77..36355.48 rows=10287 width=121)
	  Sort Key: c
	  ->  Bitmap Heap Scan on sbtest7  (cost=333.88..35644.21 rows=10287 width=121)
	        Recheck Cond: ((id >= 5557492) AND (id <= 5567491))
	        ->  Bitmap Index Scan on sbtest7_pkey  (cost=0.00..331.31 rows=10287 width=0)
	              Index Cond: ((id >= 5557492) AND (id <= 5567491))

table 8 : explain SELECT c FROM sbtest8 WHERE id BETWEEN 1723955 AND 1733954 ORDER BY c
	Sort  (cost=33518.56..33542.21 rows=9460 width=121)
	  Sort Key: c
	  ->  Bitmap Heap Scan on sbtest8  (cost=305.40..32893.84 rows=9460 width=121)
	        Recheck Cond: ((id >= 1723955) AND (id <= 1733954))
	        ->  Bitmap Index Scan on sbtest8_pkey  (cost=0.00..303.04 rows=9460 width=0)
	              Index Cond: ((id >= 1723955) AND (id <= 1733954))

for: simple_ranges
table 1 : explain SELECT c FROM sbtest1 WHERE id BETWEEN 4636032 AND 4646031
	Bitmap Heap Scan on sbtest1  (cost=356.55..37623.61 rows=10938 width=121)
	  Recheck Cond: ((id >= 4636032) AND (id <= 4646031))
	  ->  Bitmap Index Scan on sbtest1_pkey  (cost=0.00..353.81 rows=10938 width=0)
	        Index Cond: ((id >= 4636032) AND (id <= 4646031))

table 2 : explain SELECT c FROM sbtest2 WHERE id BETWEEN 3832333 AND 3842332
	Bitmap Heap Scan on sbtest2  (cost=356.68..37519.18 rows=10951 width=121)
	  Recheck Cond: ((id >= 3832333) AND (id <= 3842332))
	  ->  Bitmap Index Scan on sbtest2_pkey  (cost=0.00..353.94 rows=10951 width=0)
	        Index Cond: ((id >= 3832333) AND (id <= 3842332))

table 3 : explain SELECT c FROM sbtest3 WHERE id BETWEEN 8713356 AND 8723355
	Bitmap Heap Scan on sbtest3  (cost=322.65..34681.02 rows=9972 width=121)
	  Recheck Cond: ((id >= 8713356) AND (id <= 8723355))
	  ->  Bitmap Index Scan on sbtest3_pkey  (cost=0.00..320.16 rows=9972 width=0)
	        Index Cond: ((id >= 8713356) AND (id <= 8723355))

table 4 : explain SELECT c FROM sbtest4 WHERE id BETWEEN 1862693 AND 1872692
	Bitmap Heap Scan on sbtest4  (cost=310.29..33339.37 rows=9547 width=121)
	  Recheck Cond: ((id >= 1862693) AND (id <= 1872692))
	  ->  Bitmap Index Scan on sbtest4_pkey  (cost=0.00..307.91 rows=9547 width=0)
	        Index Cond: ((id >= 1862693) AND (id <= 1872692))

table 5 : explain SELECT c FROM sbtest5 WHERE id BETWEEN 4939420 AND 4949419
	Bitmap Heap Scan on sbtest5  (cost=339.76..36259.82 rows=10471 width=121)
	  Recheck Cond: ((id >= 4939420) AND (id <= 4949419))
	  ->  Bitmap Index Scan on sbtest5_pkey  (cost=0.00..337.15 rows=10471 width=0)
	        Index Cond: ((id >= 4939420) AND (id <= 4949419))

table 6 : explain SELECT c FROM sbtest6 WHERE id BETWEEN 1008733 AND 1018732
	Bitmap Heap Scan on sbtest6  (cost=340.69..36408.82 rows=10561 width=121)
	  Recheck Cond: ((id >= 1008733) AND (id <= 1018732))
	  ->  Bitmap Index Scan on sbtest6_pkey  (cost=0.00..338.05 rows=10561 width=0)
	        Index Cond: ((id >= 1008733) AND (id <= 1018732))

table 7 : explain SELECT c FROM sbtest7 WHERE id BETWEEN 9829527 AND 9839526
	Bitmap Heap Scan on sbtest7  (cost=358.19..38186.08 rows=11098 width=121)
	  Recheck Cond: ((id >= 9829527) AND (id <= 9839526))
	  ->  Bitmap Index Scan on sbtest7_pkey  (cost=0.00..355.42 rows=11098 width=0)
	        Index Cond: ((id >= 9829527) AND (id <= 9839526))

table 8 : explain SELECT c FROM sbtest8 WHERE id BETWEEN 3207746 AND 3217745
	Bitmap Heap Scan on sbtest8  (cost=334.83..35795.33 rows=10380 width=121)
	  Recheck Cond: ((id >= 3207746) AND (id <= 3217745))
	  ->  Bitmap Index Scan on sbtest8_pkey  (cost=0.00..332.24 rows=10380 width=0)
	        Index Cond: ((id >= 3207746) AND (id <= 3217745))

for: distinct_ranges
table 1 : explain SELECT DISTINCT c FROM sbtest1 WHERE id BETWEEN 5460161 AND 5470160 ORDER BY c
	Unique  (cost=35069.90..35119.48 rows=9916 width=121)
	  ->  Sort  (cost=35069.90..35094.69 rows=9916 width=121)
	        Sort Key: c
	        ->  Bitmap Heap Scan on sbtest1  (cost=322.07..34411.70 rows=9916 width=121)
	              Recheck Cond: ((id >= 5460161) AND (id <= 5470160))
	              ->  Bitmap Index Scan on sbtest1_pkey  (cost=0.00..319.59 rows=9916 width=0)
	                    Index Cond: ((id >= 5460161) AND (id <= 5470160))

table 2 : explain SELECT DISTINCT c FROM sbtest2 WHERE id BETWEEN 6700510 AND 6710509 ORDER BY c
	Unique  (cost=34863.89..34913.34 rows=9890 width=121)
	  ->  Sort  (cost=34863.89..34888.62 rows=9890 width=121)
	        Sort Key: c
	        ->  Bitmap Heap Scan on sbtest2  (cost=321.81..34207.61 rows=9890 width=121)
	              Recheck Cond: ((id >= 6700510) AND (id <= 6710509))
	              ->  Bitmap Index Scan on sbtest2_pkey  (cost=0.00..319.33 rows=9890 width=0)
	                    Index Cond: ((id >= 6700510) AND (id <= 6710509))

table 3 : explain SELECT DISTINCT c FROM sbtest3 WHERE id BETWEEN 777579 AND 787578 ORDER BY c
	Unique  (cost=32617.79..32663.48 rows=9137 width=121)
	  ->  Sort  (cost=32617.79..32640.64 rows=9137 width=121)
	        Sort Key: c
	        ->  Bitmap Heap Scan on sbtest3  (cost=298.09..32016.69 rows=9137 width=121)
	              Recheck Cond: ((id >= 777579) AND (id <= 787578))
	              ->  Bitmap Index Scan on sbtest3_pkey  (cost=0.00..295.81 rows=9137 width=0)
	                    Index Cond: ((id >= 777579) AND (id <= 787578))

table 4 : explain SELECT DISTINCT c FROM sbtest4 WHERE id BETWEEN 4221230 AND 4231229 ORDER BY c
	Unique  (cost=35755.18..35805.66 rows=10095 width=121)
	  ->  Sort  (cost=35755.18..35780.42 rows=10095 width=121)
	        Sort Key: c
	        ->  Bitmap Heap Scan on sbtest4  (cost=327.91..35083.79 rows=10095 width=121)
	              Recheck Cond: ((id >= 4221230) AND (id <= 4231229))
	              ->  Bitmap Index Scan on sbtest4_pkey  (cost=0.00..325.38 rows=10095 width=0)
	                    Index Cond: ((id >= 4221230) AND (id <= 4231229))

table 5 : explain SELECT DISTINCT c FROM sbtest5 WHERE id BETWEEN 7254497 AND 7264496 ORDER BY c
	Unique  (cost=39300.22..39356.23 rows=11201 width=121)
	  ->  Sort  (cost=39300.22..39328.22 rows=11201 width=121)
	        Sort Key: c
	        ->  Bitmap Heap Scan on sbtest5  (cost=363.25..38546.88 rows=11201 width=121)
	              Recheck Cond: ((id >= 7254497) AND (id <= 7264496))
	              ->  Bitmap Index Scan on sbtest5_pkey  (cost=0.00..360.44 rows=11201 width=0)
	                    Index Cond: ((id >= 7254497) AND (id <= 7264496))

table 6 : explain SELECT DISTINCT c FROM sbtest6 WHERE id BETWEEN 2636625 AND 2646624 ORDER BY c
	Unique  (cost=34585.32..34634.19 rows=9775 width=121)
	  ->  Sort  (cost=34585.32..34609.76 rows=9775 width=121)
	        Sort Key: c
	        ->  Bitmap Heap Scan on sbtest6  (cost=316.63..33937.49 rows=9775 width=121)
	              Recheck Cond: ((id >= 2636625) AND (id <= 2646624))
	              ->  Bitmap Index Scan on sbtest6_pkey  (cost=0.00..314.19 rows=9775 width=0)
	                    Index Cond: ((id >= 2636625) AND (id <= 2646624))

table 7 : explain SELECT DISTINCT c FROM sbtest7 WHERE id BETWEEN 618144 AND 628143 ORDER BY c
	Unique  (cost=38363.10..38417.70 rows=10920 width=121)
	  ->  Sort  (cost=38363.10..38390.40 rows=10920 width=121)
	        Sort Key: c
	        ->  Bitmap Heap Scan on sbtest7  (cost=352.37..37630.65 rows=10920 width=121)
	              Recheck Cond: ((id >= 618144) AND (id <= 628143))
	              ->  Bitmap Index Scan on sbtest7_pkey  (cost=0.00..349.63 rows=10920 width=0)
	                    Index Cond: ((id >= 618144) AND (id <= 628143))

table 8 : explain SELECT DISTINCT c FROM sbtest8 WHERE id BETWEEN 7327570 AND 7337569 ORDER BY c
	Unique  (cost=36096.11..36147.39 rows=10257 width=121)
	  ->  Sort  (cost=36096.11..36121.75 rows=10257 width=121)
	        Sort Key: c
	        ->  Bitmap Heap Scan on sbtest8  (cost=333.57..35412.77 rows=10257 width=121)
	              Recheck Cond: ((id >= 7327570) AND (id <= 7337569))
	              ->  Bitmap Index Scan on sbtest8_pkey  (cost=0.00..331.00 rows=10257 width=0)
	                    Index Cond: ((id >= 7327570) AND (id <= 7337569))

for: order_ranges
table 1 : explain SELECT c FROM sbtest1 WHERE id BETWEEN 1045090 AND 1055089 ORDER BY c
	Sort  (cost=34285.67..34309.86 rows=9674 width=121)
	  Sort Key: c
	  ->  Bitmap Heap Scan on sbtest1  (cost=315.59..33645.26 rows=9674 width=121)
	        Recheck Cond: ((id >= 1045090) AND (id <= 1055089))
	        ->  Bitmap Index Scan on sbtest1_pkey  (cost=0.00..313.18 rows=9674 width=0)
	              Index Cond: ((id >= 1045090) AND (id <= 1055089))

table 2 : explain SELECT c FROM sbtest2 WHERE id BETWEEN 1932686 AND 1942685 ORDER BY c
	Sort  (cost=38915.92..38943.82 rows=11161 width=121)
	  Sort Key: c
	  ->  Bitmap Heap Scan on sbtest2  (cost=362.84..38165.56 rows=11161 width=121)
	        Recheck Cond: ((id >= 1932686) AND (id <= 1942685))
	        ->  Bitmap Index Scan on sbtest2_pkey  (cost=0.00..360.05 rows=11161 width=0)
	              Index Cond: ((id >= 1932686) AND (id <= 1942685))

table 3 : explain SELECT c FROM sbtest3 WHERE id BETWEEN 2016926 AND 2026925 ORDER BY c
	Sort  (cost=34616.83..34641.20 rows=9748 width=121)
	  Sort Key: c
	  ->  Bitmap Heap Scan on sbtest3  (cost=316.35..33970.98 rows=9748 width=121)
	        Recheck Cond: ((id >= 2016926) AND (id <= 2026925))
	        ->  Bitmap Index Scan on sbtest3_pkey  (cost=0.00..313.92 rows=9748 width=0)
	              Index Cond: ((id >= 2016926) AND (id <= 2026925))

table 4 : explain SELECT c FROM sbtest4 WHERE id BETWEEN 7967509 AND 7977508 ORDER BY c
	Sort  (cost=37430.03..37456.56 rows=10613 width=121)
	  Sort Key: c
	  ->  Bitmap Heap Scan on sbtest4  (cost=345.22..36720.36 rows=10613 width=121)
	        Recheck Cond: ((id >= 7967509) AND (id <= 7977508))
	        ->  Bitmap Index Scan on sbtest4_pkey  (cost=0.00..342.56 rows=10613 width=0)
	              Index Cond: ((id >= 7967509) AND (id <= 7977508))

table 5 : explain SELECT c FROM sbtest5 WHERE id BETWEEN 7216370 AND 7226369 ORDER BY c
	Sort  (cost=39300.22..39328.22 rows=11201 width=121)
	  Sort Key: c
	  ->  Bitmap Heap Scan on sbtest5  (cost=363.25..38546.88 rows=11201 width=121)
	        Recheck Cond: ((id >= 7216370) AND (id <= 7226369))
	        ->  Bitmap Index Scan on sbtest5_pkey  (cost=0.00..360.44 rows=11201 width=0)
	              Index Cond: ((id >= 7216370) AND (id <= 7226369))

table 6 : explain SELECT c FROM sbtest6 WHERE id BETWEEN 8374246 AND 8384245 ORDER BY c
	Sort  (cost=36416.04..36441.90 rows=10343 width=121)
	  Sort Key: c
	  ->  Bitmap Heap Scan on sbtest6  (cost=334.45..35726.35 rows=10343 width=121)
	        Recheck Cond: ((id >= 8374246) AND (id <= 8384245))
	        ->  Bitmap Index Scan on sbtest6_pkey  (cost=0.00..331.87 rows=10343 width=0)
	              Index Cond: ((id >= 8374246) AND (id <= 8384245))

table 7 : explain SELECT c FROM sbtest7 WHERE id BETWEEN 3229079 AND 3239078 ORDER BY c
	Sort  (cost=39112.82..39140.71 rows=11154 width=121)
	  Sort Key: c
	  ->  Bitmap Heap Scan on sbtest7  (cost=362.76..38362.98 rows=11154 width=121)
	        Recheck Cond: ((id >= 3229079) AND (id <= 3239078))
	        ->  Bitmap Index Scan on sbtest7_pkey  (cost=0.00..359.98 rows=11154 width=0)
	              Index Cond: ((id >= 3229079) AND (id <= 3239078))

table 8 : explain SELECT c FROM sbtest8 WHERE id BETWEEN 8058351 AND 8068350 ORDER BY c
	Sort  (cost=33877.98..33901.91 rows=9570 width=121)
	  Sort Key: c
	  ->  Bitmap Heap Scan on sbtest8  (cost=310.53..33245.20 rows=9570 width=121)
	        Recheck Cond: ((id >= 8058351) AND (id <= 8068350))
	        ->  Bitmap Index Scan on sbtest8_pkey  (cost=0.00..308.13 rows=9570 width=0)
	              Index Cond: ((id >= 8058351) AND (id <= 8068350))

for: order_ranges
table 1 : explain SELECT c FROM sbtest1 WHERE id BETWEEN 459572 AND 469571 ORDER BY c
	Sort  (cost=35934.61..35960.07 rows=10184 width=121)
	  Sort Key: c
	  ->  Bitmap Heap Scan on sbtest1  (cost=328.82..35256.66 rows=10184 width=121)
	        Recheck Cond: ((id >= 459572) AND (id <= 469571))
	        ->  Bitmap Index Scan on sbtest1_pkey  (cost=0.00..326.28 rows=10184 width=0)
	              Index Cond: ((id >= 459572) AND (id <= 469571))

table 2 : explain SELECT c FROM sbtest2 WHERE id BETWEEN 6851273 AND 6861272 ORDER BY c
	Sort  (cost=34536.23..34560.70 rows=9789 width=121)
	  Sort Key: c
	  ->  Bitmap Heap Scan on sbtest2  (cost=316.77..33887.37 rows=9789 width=121)
	        Recheck Cond: ((id >= 6851273) AND (id <= 6861272))
	        ->  Bitmap Index Scan on sbtest2_pkey  (cost=0.00..314.32 rows=9789 width=0)
	              Index Cond: ((id >= 6851273) AND (id <= 6861272))

table 3 : explain SELECT c FROM sbtest3 WHERE id BETWEEN 5131416 AND 5141415 ORDER BY c
	Sort  (cost=33073.99..33097.18 rows=9277 width=121)
	  Sort Key: c
	  ->  Bitmap Heap Scan on sbtest3  (cost=299.52..32462.66 rows=9277 width=121)
	        Recheck Cond: ((id >= 5131416) AND (id <= 5141415))
	        ->  Bitmap Index Scan on sbtest3_pkey  (cost=0.00..297.20 rows=9277 width=0)
	              Index Cond: ((id >= 5131416) AND (id <= 5141415))

table 4 : explain SELECT c FROM sbtest4 WHERE id BETWEEN 9368750 AND 9378749 ORDER BY c
	Sort  (cost=31470.21..31492.18 rows=8787 width=121)
	  Sort Key: c
	  ->  Bitmap Heap Scan on sbtest4  (cost=286.50..30894.61 rows=8787 width=121)
	        Recheck Cond: ((id >= 9368750) AND (id <= 9378749))
	        ->  Bitmap Index Scan on sbtest4_pkey  (cost=0.00..284.31 rows=8787 width=0)
	              Index Cond: ((id >= 9368750) AND (id <= 9378749))

table 5 : explain SELECT c FROM sbtest5 WHERE id BETWEEN 562583 AND 572582 ORDER BY c
	Sort  (cost=36276.39..36302.04 rows=10260 width=121)
	  Sort Key: c
	  ->  Bitmap Heap Scan on sbtest5  (cost=333.60..35592.83 rows=10260 width=121)
	        Recheck Cond: ((id >= 562583) AND (id <= 572582))
	        ->  Bitmap Index Scan on sbtest5_pkey  (cost=0.00..331.04 rows=10260 width=0)
	              Index Cond: ((id >= 562583) AND (id <= 572582))

table 6 : explain SELECT c FROM sbtest6 WHERE id BETWEEN 4051389 AND 4061388 ORDER BY c
	Sort  (cost=33187.09..33210.45 rows=9344 width=121)
	  Sort Key: c
	  ->  Bitmap Heap Scan on sbtest6  (cost=304.21..32570.86 rows=9344 width=121)
	        Recheck Cond: ((id >= 4051389) AND (id <= 4061388))
	        ->  Bitmap Index Scan on sbtest6_pkey  (cost=0.00..301.88 rows=9344 width=0)
	              Index Cond: ((id >= 4051389) AND (id <= 4061388))

table 7 : explain SELECT c FROM sbtest7 WHERE id BETWEEN 802728 AND 812727 ORDER BY c
	Sort  (cost=32964.02..32987.15 rows=9253 width=121)
	  Sort Key: c
	  ->  Bitmap Heap Scan on sbtest7  (cost=299.28..32354.44 rows=9253 width=121)
	        Recheck Cond: ((id >= 802728) AND (id <= 812727))
	        ->  Bitmap Index Scan on sbtest7_pkey  (cost=0.00..296.96 rows=9253 width=0)
	              Index Cond: ((id >= 802728) AND (id <= 812727))

table 8 : explain SELECT c FROM sbtest8 WHERE id BETWEEN 4561400 AND 4571399 ORDER BY c
	Sort  (cost=36336.48..36362.31 rows=10333 width=121)
	  Sort Key: c
	  ->  Bitmap Heap Scan on sbtest8  (cost=334.35..35647.53 rows=10333 width=121)
	        Recheck Cond: ((id >= 4561400) AND (id <= 4571399))
	        ->  Bitmap Index Scan on sbtest8_pkey  (cost=0.00..331.76 rows=10333 width=0)
	              Index Cond: ((id >= 4561400) AND (id <= 4571399))

for: order_ranges
table 1 : explain SELECT c FROM sbtest1 WHERE id BETWEEN 1178864 AND 1188863 ORDER BY c
	Sort  (cost=37735.83..37762.70 rows=10745 width=121)
	  Sort Key: c
	  ->  Bitmap Heap Scan on sbtest1  (cost=346.57..37016.38 rows=10745 width=121)
	        Recheck Cond: ((id >= 1178864) AND (id <= 1188863))
	        ->  Bitmap Index Scan on sbtest1_pkey  (cost=0.00..343.88 rows=10745 width=0)
	              Index Cond: ((id >= 1178864) AND (id <= 1188863))

table 2 : explain SELECT c FROM sbtest2 WHERE id BETWEEN 992617 AND 1002616 ORDER BY c
	Sort  (cost=37009.88..37036.29 rows=10561 width=121)
	  Sort Key: c
	  ->  Bitmap Heap Scan on sbtest2  (cost=340.69..36304.07 rows=10561 width=121)
	        Recheck Cond: ((id >= 992617) AND (id <= 1002616))
	        ->  Bitmap Index Scan on sbtest2_pkey  (cost=0.00..338.05 rows=10561 width=0)
	              Index Cond: ((id >= 992617) AND (id <= 1002616))

table 3 : explain SELECT c FROM sbtest3 WHERE id BETWEEN 8411331 AND 8421330 ORDER BY c
	Sort  (cost=34413.49..34437.71 rows=9686 width=121)
	  Sort Key: c
	  ->  Bitmap Heap Scan on sbtest3  (cost=315.72..33772.20 rows=9686 width=121)
	        Recheck Cond: ((id >= 8411331) AND (id <= 8421330))
	        ->  Bitmap Index Scan on sbtest3_pkey  (cost=0.00..313.30 rows=9686 width=0)
	              Index Cond: ((id >= 8411331) AND (id <= 8421330))

table 4 : explain SELECT c FROM sbtest4 WHERE id BETWEEN 4447779 AND 4457778 ORDER BY c
	Sort  (cost=37254.19..37280.59 rows=10559 width=121)
	  Sort Key: c
	  ->  Bitmap Heap Scan on sbtest4  (cost=340.66..36548.52 rows=10559 width=121)
	        Recheck Cond: ((id >= 4447779) AND (id <= 4457778))
	        ->  Bitmap Index Scan on sbtest4_pkey  (cost=0.00..338.03 rows=10559 width=0)
	              Index Cond: ((id >= 4447779) AND (id <= 4457778))

table 5 : explain SELECT c FROM sbtest5 WHERE id BETWEEN 7846640 AND 7856639 ORDER BY c
	Sort  (cost=31950.74..31973.07 rows=8935 width=121)
	  Sort Key: c
	  ->  Bitmap Heap Scan on sbtest5  (cost=292.02..31364.37 rows=8935 width=121)
	        Recheck Cond: ((id >= 7846640) AND (id <= 7856639))
	        ->  Bitmap Index Scan on sbtest5_pkey  (cost=0.00..289.79 rows=8935 width=0)
	              Index Cond: ((id >= 7846640) AND (id <= 7856639))

table 6 : explain SELECT c FROM sbtest6 WHERE id BETWEEN 5110849 AND 5120848 ORDER BY c
	Sort  (cost=36937.02..36963.28 rows=10505 width=121)
	  Sort Key: c
	  ->  Bitmap Heap Scan on sbtest6  (cost=340.11..36235.34 rows=10505 width=121)
	        Recheck Cond: ((id >= 5110849) AND (id <= 5120848))
	        ->  Bitmap Index Scan on sbtest6_pkey  (cost=0.00..337.49 rows=10505 width=0)
	              Index Cond: ((id >= 5110849) AND (id <= 5120848))

table 7 : explain SELECT c FROM sbtest7 WHERE id BETWEEN 8801560 AND 8811559 ORDER BY c
	Sort  (cost=33115.28..33138.52 rows=9298 width=121)
	  Sort Key: c
	  ->  Bitmap Heap Scan on sbtest7  (cost=303.74..32502.41 rows=9298 width=121)
	        Recheck Cond: ((id >= 8801560) AND (id <= 8811559))
	        ->  Bitmap Index Scan on sbtest7_pkey  (cost=0.00..301.42 rows=9298 width=0)
	              Index Cond: ((id >= 8801560) AND (id <= 8811559))

table 8 : explain SELECT c FROM sbtest8 WHERE id BETWEEN 4988725 AND 4998724 ORDER BY c
	Sort  (cost=35409.51..35434.62 rows=10043 width=121)
	  Sort Key: c
	  ->  Bitmap Heap Scan on sbtest8  (cost=327.38..34741.96 rows=10043 width=121)
	        Recheck Cond: ((id >= 4988725) AND (id <= 4998724))
	        ->  Bitmap Index Scan on sbtest8_pkey  (cost=0.00..324.87 rows=10043 width=0)
	              Index Cond: ((id >= 4988725) AND (id <= 4998724))

for: order_ranges
table 1 : explain SELECT c FROM sbtest1 WHERE id BETWEEN 4371888 AND 4381887 ORDER BY c
	Sort  (cost=33972.27..33996.22 rows=9578 width=121)
	  Sort Key: c
	  ->  Bitmap Heap Scan on sbtest1  (cost=310.61..33338.91 rows=9578 width=121)
	        Recheck Cond: ((id >= 4371888) AND (id <= 4381887))
	        ->  Bitmap Index Scan on sbtest1_pkey  (cost=0.00..308.21 rows=9578 width=0)
	              Index Cond: ((id >= 4371888) AND (id <= 4381887))

table 2 : explain SELECT c FROM sbtest2 WHERE id BETWEEN 5966123 AND 5976122 ORDER BY c
	Sort  (cost=34857.30..34882.02 rows=9888 width=121)
	  Sort Key: c
	  ->  Bitmap Heap Scan on sbtest2  (cost=321.79..34201.16 rows=9888 width=121)
	        Recheck Cond: ((id >= 5966123) AND (id <= 5976122))
	        ->  Bitmap Index Scan on sbtest2_pkey  (cost=0.00..319.31 rows=9888 width=0)
	              Index Cond: ((id >= 5966123) AND (id <= 5976122))

table 3 : explain SELECT c FROM sbtest3 WHERE id BETWEEN 1064602 AND 1074601 ORDER BY c
	Sort  (cost=36058.08..36083.57 rows=10193 width=121)
	  Sort Key: c
	  ->  Bitmap Heap Scan on sbtest3  (cost=328.91..35379.47 rows=10193 width=121)
	        Recheck Cond: ((id >= 1064602) AND (id <= 1074601))
	        ->  Bitmap Index Scan on sbtest3_pkey  (cost=0.00..326.37 rows=10193 width=0)
	              Index Cond: ((id >= 1064602) AND (id <= 1074601))

table 4 : explain SELECT c FROM sbtest4 WHERE id BETWEEN 449499 AND 459498 ORDER BY c
	Sort  (cost=32555.13..32577.92 rows=9115 width=121)
	  Sort Key: c
	  ->  Bitmap Heap Scan on sbtest4  (cost=297.86..31955.64 rows=9115 width=121)
	        Recheck Cond: ((id >= 449499) AND (id <= 459498))
	        ->  Bitmap Index Scan on sbtest4_pkey  (cost=0.00..295.58 rows=9115 width=0)
	              Index Cond: ((id >= 449499) AND (id <= 459498))

table 5 : explain SELECT c FROM sbtest5 WHERE id BETWEEN 4054630 AND 4064629 ORDER BY c
	Sort  (cost=36790.35..36816.40 rows=10419 width=121)
	  Sort Key: c
	  ->  Bitmap Heap Scan on sbtest5  (cost=339.23..36095.05 rows=10419 width=121)
	        Recheck Cond: ((id >= 4054630) AND (id <= 4064629))
	        ->  Bitmap Index Scan on sbtest5_pkey  (cost=0.00..336.62 rows=10419 width=0)
	              Index Cond: ((id >= 4054630) AND (id <= 4064629))

table 6 : explain SELECT c FROM sbtest6 WHERE id BETWEEN 6891125 AND 6901124 ORDER BY c
	Sort  (cost=35444.60..35469.70 rows=10040 width=121)
	  Sort Key: c
	  ->  Bitmap Heap Scan on sbtest6  (cost=327.34..34777.27 rows=10040 width=121)
	        Recheck Cond: ((id >= 6891125) AND (id <= 6901124))
	        ->  Bitmap Index Scan on sbtest6_pkey  (cost=0.00..324.83 rows=10040 width=0)
	              Index Cond: ((id >= 6891125) AND (id <= 6901124))

table 7 : explain SELECT c FROM sbtest7 WHERE id BETWEEN 8777364 AND 8787363 ORDER BY c
	Sort  (cost=33010.85..33034.02 rows=9267 width=121)
	  Sort Key: c
	  ->  Bitmap Heap Scan on sbtest7  (cost=299.42..32400.25 rows=9267 width=121)
	        Recheck Cond: ((id >= 8777364) AND (id <= 8787363))
	        ->  Bitmap Index Scan on sbtest7_pkey  (cost=0.00..297.11 rows=9267 width=0)
	              Index Cond: ((id >= 8777364) AND (id <= 8787363))

table 8 : explain SELECT c FROM sbtest8 WHERE id BETWEEN 8127338 AND 8137337 ORDER BY c
	Sort  (cost=34797.45..34822.09 rows=9854 width=121)
	  Sort Key: c
	  ->  Bitmap Heap Scan on sbtest8  (cost=321.44..34143.81 rows=9854 width=121)
	        Recheck Cond: ((id >= 8127338) AND (id <= 8137337))
	        ->  Bitmap Index Scan on sbtest8_pkey  (cost=0.00..318.98 rows=9854 width=0)
	              Index Cond: ((id >= 8127338) AND (id <= 8137337))

for point_selects
table 1 : explain SELECT c FROM sbtest1 WHERE id=3691549
	Index Scan using sbtest1_pkey on sbtest1  (cost=0.43..8.45 rows=1 width=121)
	  Index Cond: (id = 3691549)

table 2 : explain SELECT c FROM sbtest2 WHERE id=2221421
	Index Scan using sbtest2_pkey on sbtest2  (cost=0.43..8.45 rows=1 width=121)
	  Index Cond: (id = 2221421)

table 3 : explain SELECT c FROM sbtest3 WHERE id=2929486
	Index Scan using sbtest3_pkey on sbtest3  (cost=0.43..8.45 rows=1 width=121)
	  Index Cond: (id = 2929486)

table 4 : explain SELECT c FROM sbtest4 WHERE id=919449
	Index Scan using sbtest4_pkey on sbtest4  (cost=0.43..8.45 rows=1 width=121)
	  Index Cond: (id = 919449)

table 5 : explain SELECT c FROM sbtest5 WHERE id=2944629
	Index Scan using sbtest5_pkey on sbtest5  (cost=0.43..8.45 rows=1 width=121)
	  Index Cond: (id = 2944629)

table 6 : explain SELECT c FROM sbtest6 WHERE id=599966
	Index Scan using sbtest6_pkey on sbtest6  (cost=0.43..8.45 rows=1 width=121)
	  Index Cond: (id = 599966)

table 7 : explain SELECT c FROM sbtest7 WHERE id=7155
	Index Scan using sbtest7_pkey on sbtest7  (cost=0.43..8.45 rows=1 width=121)
	  Index Cond: (id = 7155)

table 8 : explain SELECT c FROM sbtest8 WHERE id=7343359
	Index Scan using sbtest8_pkey on sbtest8  (cost=0.43..8.45 rows=1 width=121)
	  Index Cond: (id = 7343359)

for: order_ranges
table 1 : explain SELECT c FROM sbtest1 WHERE id BETWEEN 3377418 AND 3387417 ORDER BY c
	Sort  (cost=35699.85..35725.13 rows=10111 width=121)
	  Sort Key: c
	  ->  Bitmap Heap Scan on sbtest1  (cost=328.07..35027.28 rows=10111 width=121)
	        Recheck Cond: ((id >= 3377418) AND (id <= 3387417))
	        ->  Bitmap Index Scan on sbtest1_pkey  (cost=0.00..325.55 rows=10111 width=0)
	              Index Cond: ((id >= 3377418) AND (id <= 3387417))

table 2 : explain SELECT c FROM sbtest2 WHERE id BETWEEN 7217185 AND 7227184 ORDER BY c
	Sort  (cost=35055.29..35080.17 rows=9950 width=121)
	  Sort Key: c
	  ->  Bitmap Heap Scan on sbtest2  (cost=322.42..34394.59 rows=9950 width=121)
	        Recheck Cond: ((id >= 7217185) AND (id <= 7227184))
	        ->  Bitmap Index Scan on sbtest2_pkey  (cost=0.00..319.94 rows=9950 width=0)
	              Index Cond: ((id >= 7217185) AND (id <= 7227184))

table 3 : explain SELECT c FROM sbtest3 WHERE id BETWEEN 6095052 AND 6105051 ORDER BY c
	Sort  (cost=36522.74..36548.58 rows=10336 width=121)
	  Sort Key: c
	  ->  Bitmap Heap Scan on sbtest3  (cost=334.38..35833.56 rows=10336 width=121)
	        Recheck Cond: ((id >= 6095052) AND (id <= 6105051))
	        ->  Bitmap Index Scan on sbtest3_pkey  (cost=0.00..331.80 rows=10336 width=0)
	              Index Cond: ((id >= 6095052) AND (id <= 6105051))

table 4 : explain SELECT c FROM sbtest4 WHERE id BETWEEN 4604647 AND 4614646 ORDER BY c
	Sort  (cost=36260.39..36286.02 rows=10251 width=121)
	  Sort Key: c
	  ->  Bitmap Heap Scan on sbtest4  (cost=333.51..35577.49 rows=10251 width=121)
	        Recheck Cond: ((id >= 4604647) AND (id <= 4614646))
	        ->  Bitmap Index Scan on sbtest4_pkey  (cost=0.00..330.94 rows=10251 width=0)
	              Index Cond: ((id >= 4604647) AND (id <= 4614646))

table 5 : explain SELECT c FROM sbtest5 WHERE id BETWEEN 5753830 AND 5763829 ORDER BY c
	Sort  (cost=33421.93..33445.39 rows=9383 width=121)
	  Sort Key: c
	  ->  Bitmap Heap Scan on sbtest5  (cost=304.61..32802.85 rows=9383 width=121)
	        Recheck Cond: ((id >= 5753830) AND (id <= 5763829))
	        ->  Bitmap Index Scan on sbtest5_pkey  (cost=0.00..302.26 rows=9383 width=0)
	              Index Cond: ((id >= 5753830) AND (id <= 5763829))

table 6 : explain SELECT c FROM sbtest6 WHERE id BETWEEN 9122772 AND 9132771 ORDER BY c
	Sort  (cost=33310.42..33333.88 rows=9382 width=121)
	  Sort Key: c
	  ->  Bitmap Heap Scan on sbtest6  (cost=304.60..32691.41 rows=9382 width=121)
	        Recheck Cond: ((id >= 9122772) AND (id <= 9132771))
	        ->  Bitmap Index Scan on sbtest6_pkey  (cost=0.00..302.25 rows=9382 width=0)
	              Index Cond: ((id >= 9122772) AND (id <= 9132771))

table 7 : explain SELECT c FROM sbtest7 WHERE id BETWEEN 7846461 AND 7856460 ORDER BY c
	Sort  (cost=32699.40..32722.33 rows=9172 width=121)
	  Sort Key: c
	  ->  Bitmap Heap Scan on sbtest7  (cost=298.45..32095.75 rows=9172 width=121)
	        Recheck Cond: ((id >= 7846461) AND (id <= 7856460))
	        ->  Bitmap Index Scan on sbtest7_pkey  (cost=0.00..296.16 rows=9172 width=0)
	              Index Cond: ((id >= 7846461) AND (id <= 7856460))

table 8 : explain SELECT c FROM sbtest8 WHERE id BETWEEN 660180 AND 670179 ORDER BY c
	Sort  (cost=34743.76..34768.36 rows=9838 width=121)
	  Sort Key: c
	  ->  Bitmap Heap Scan on sbtest8  (cost=317.27..34091.30 rows=9838 width=121)
	        Recheck Cond: ((id >= 660180) AND (id <= 670179))
	        ->  Bitmap Index Scan on sbtest8_pkey  (cost=0.00..314.81 rows=9838 width=0)
	              Index Cond: ((id >= 660180) AND (id <= 670179))

for: distinct_ranges
table 1 : explain SELECT DISTINCT c FROM sbtest1 WHERE id BETWEEN 3576384 AND 3586383 ORDER BY c
	Unique  (cost=34847.67..34896.91 rows=9847 width=121)
	  ->  Sort  (cost=34847.67..34872.29 rows=9847 width=121)
	        Sort Key: c
	        ->  Bitmap Heap Scan on sbtest1  (cost=321.37..34194.55 rows=9847 width=121)
	              Recheck Cond: ((id >= 3576384) AND (id <= 3586383))
	              ->  Bitmap Index Scan on sbtest1_pkey  (cost=0.00..318.91 rows=9847 width=0)
	                    Index Cond: ((id >= 3576384) AND (id <= 3586383))

table 2 : explain SELECT DISTINCT c FROM sbtest2 WHERE id BETWEEN 8630625 AND 8640624 ORDER BY c
	Unique  (cost=37842.07..37896.18 rows=10822 width=121)
	  ->  Sort  (cost=37842.07..37869.12 rows=10822 width=121)
	        Sort Key: c
	        ->  Bitmap Heap Scan on sbtest2  (cost=351.36..37116.90 rows=10822 width=121)
	              Recheck Cond: ((id >= 8630625) AND (id <= 8640624))
	              ->  Bitmap Index Scan on sbtest2_pkey  (cost=0.00..348.66 rows=10822 width=0)
	                    Index Cond: ((id >= 8630625) AND (id <= 8640624))

table 3 : explain SELECT DISTINCT c FROM sbtest3 WHERE id BETWEEN 5131184 AND 5141183 ORDER BY c
	Unique  (cost=33073.99..33120.38 rows=9277 width=121)
	  ->  Sort  (cost=33073.99..33097.18 rows=9277 width=121)
	        Sort Key: c
	        ->  Bitmap Heap Scan on sbtest3  (cost=299.52..32462.66 rows=9277 width=121)
	              Recheck Cond: ((id >= 5131184) AND (id <= 5141183))
	              ->  Bitmap Index Scan on sbtest3_pkey  (cost=0.00..297.20 rows=9277 width=0)
	                    Index Cond: ((id >= 5131184) AND (id <= 5141183))

table 4 : explain SELECT DISTINCT c FROM sbtest4 WHERE id BETWEEN 4573625 AND 4583624 ORDER BY c
	Unique  (cost=36260.39..36311.64 rows=10251 width=121)
	  ->  Sort  (cost=36260.39..36286.02 rows=10251 width=121)
	        Sort Key: c
	        ->  Bitmap Heap Scan on sbtest4  (cost=333.51..35577.49 rows=10251 width=121)
	              Recheck Cond: ((id >= 4573625) AND (id <= 4583624))
	              ->  Bitmap Index Scan on sbtest4_pkey  (cost=0.00..330.94 rows=10251 width=0)
	                    Index Cond: ((id >= 4573625) AND (id <= 4583624))

table 5 : explain SELECT DISTINCT c FROM sbtest5 WHERE id BETWEEN 4873597 AND 4883596 ORDER BY c
	Unique  (cost=36958.98..37011.33 rows=10471 width=121)
	  ->  Sort  (cost=36958.98..36985.15 rows=10471 width=121)
	        Sort Key: c
	        ->  Bitmap Heap Scan on sbtest5  (cost=339.76..36259.82 rows=10471 width=121)
	              Recheck Cond: ((id >= 4873597) AND (id <= 4883596))
	              ->  Bitmap Index Scan on sbtest5_pkey  (cost=0.00..337.15 rows=10471 width=0)
	                    Index Cond: ((id >= 4873597) AND (id <= 4883596))

table 6 : explain SELECT DISTINCT c FROM sbtest6 WHERE id BETWEEN 1875977 AND 1885976 ORDER BY c
	Unique  (cost=32982.94..33029.35 rows=9282 width=121)
	  ->  Sort  (cost=32982.94..33006.15 rows=9282 width=121)
	        Sort Key: c
	        ->  Bitmap Heap Scan on sbtest6  (cost=299.58..32371.25 rows=9282 width=121)
	              Recheck Cond: ((id >= 1875977) AND (id <= 1885976))
	              ->  Bitmap Index Scan on sbtest6_pkey  (cost=0.00..297.25 rows=9282 width=0)
	                    Index Cond: ((id >= 1875977) AND (id <= 1885976))

table 7 : explain SELECT DISTINCT c FROM sbtest7 WHERE id BETWEEN 7806337 AND 7816336 ORDER BY c
	Unique  (cost=32699.40..32745.26 rows=9172 width=121)
	  ->  Sort  (cost=32699.40..32722.33 rows=9172 width=121)
	        Sort Key: c
	        ->  Bitmap Heap Scan on sbtest7  (cost=298.45..32095.75 rows=9172 width=121)
	              Recheck Cond: ((id >= 7806337) AND (id <= 7816336))
	              ->  Bitmap Index Scan on sbtest7_pkey  (cost=0.00..296.16 rows=9172 width=0)
	                    Index Cond: ((id >= 7806337) AND (id <= 7816336))

table 8 : explain SELECT DISTINCT c FROM sbtest8 WHERE id BETWEEN 3421195 AND 3431194 ORDER BY c
	Unique  (cost=33691.98..33739.54 rows=9512 width=121)
	  ->  Sort  (cost=33691.98..33715.76 rows=9512 width=121)
	        Sort Key: c
	        ->  Bitmap Heap Scan on sbtest8  (cost=309.93..33063.45 rows=9512 width=121)
	              Recheck Cond: ((id >= 3421195) AND (id <= 3431194))
	              ->  Bitmap Index Scan on sbtest8_pkey  (cost=0.00..307.56 rows=9512 width=0)
	                    Index Cond: ((id >= 3421195) AND (id <= 3431194))

for: order_ranges
table 1 : explain SELECT c FROM sbtest1 WHERE id BETWEEN 3024873 AND 3034872 ORDER BY c
	Sort  (cost=35106.33..35131.15 rows=9927 width=121)
	  Sort Key: c
	  ->  Bitmap Heap Scan on sbtest1  (cost=322.19..34447.32 rows=9927 width=121)
	        Recheck Cond: ((id >= 3024873) AND (id <= 3034872))
	        ->  Bitmap Index Scan on sbtest1_pkey  (cost=0.00..319.70 rows=9927 width=0)
	              Index Cond: ((id >= 3024873) AND (id <= 3034872))

table 2 : explain SELECT c FROM sbtest2 WHERE id BETWEEN 577565 AND 587564 ORDER BY c
	Sort  (cost=33558.88..33582.59 rows=9486 width=121)
	  Sort Key: c
	  ->  Bitmap Heap Scan on sbtest2  (cost=309.67..32932.25 rows=9486 width=121)
	        Recheck Cond: ((id >= 577565) AND (id <= 587564))
	        ->  Bitmap Index Scan on sbtest2_pkey  (cost=0.00..307.30 rows=9486 width=0)
	              Index Cond: ((id >= 577565) AND (id <= 587564))

table 3 : explain SELECT c FROM sbtest3 WHERE id BETWEEN 1270809 AND 1280808 ORDER BY c
	Sort  (cost=35436.44..35461.45 rows=10001 width=121)
	  Sort Key: c
	  ->  Bitmap Heap Scan on sbtest3  (cost=322.95..34771.98 rows=10001 width=121)
	        Recheck Cond: ((id >= 1270809) AND (id <= 1280808))
	        ->  Bitmap Index Scan on sbtest3_pkey  (cost=0.00..320.44 rows=10001 width=0)
	              Index Cond: ((id >= 1270809) AND (id <= 1280808))

table 4 : explain SELECT c FROM sbtest4 WHERE id BETWEEN 6147752 AND 6157751 ORDER BY c
	Sort  (cost=38729.97..38757.51 rows=11018 width=121)
	  Sort Key: c
	  ->  Bitmap Heap Scan on sbtest4  (cost=357.37..37990.24 rows=11018 width=121)
	        Recheck Cond: ((id >= 6147752) AND (id <= 6157751))
	        ->  Bitmap Index Scan on sbtest4_pkey  (cost=0.00..354.62 rows=11018 width=0)
	              Index Cond: ((id >= 6147752) AND (id <= 6157751))

table 5 : explain SELECT c FROM sbtest5 WHERE id BETWEEN 9996809 AND 10006808 ORDER BY c
	Sort  (cost=12070.89..12078.84 rows=3181 width=121)
	  Sort Key: c
	  ->  Bitmap Heap Scan on sbtest5  (cost=105.04..11885.83 rows=3181 width=121)
	        Recheck Cond: ((id >= 9996809) AND (id <= 10006808))
	        ->  Bitmap Index Scan on sbtest5_pkey  (cost=0.00..104.25 rows=3181 width=0)
	              Index Cond: ((id >= 9996809) AND (id <= 10006808))

table 6 : explain SELECT c FROM sbtest6 WHERE id BETWEEN 8176720 AND 8186719 ORDER BY c
	Sort  (cost=37519.46..37546.18 rows=10687 width=121)
	  Sort Key: c
	  ->  Bitmap Heap Scan on sbtest6  (cost=345.98..36804.31 rows=10687 width=121)
	        Recheck Cond: ((id >= 8176720) AND (id <= 8186719))
	        ->  Bitmap Index Scan on sbtest6_pkey  (cost=0.00..343.31 rows=10687 width=0)
	              Index Cond: ((id >= 8176720) AND (id <= 8186719))

table 7 : explain SELECT c FROM sbtest7 WHERE id BETWEEN 8670494 AND 8680493 ORDER BY c
	Sort  (cost=34888.74..34913.34 rows=9842 width=121)
	  Sort Key: c
	  ->  Bitmap Heap Scan on sbtest7  (cost=321.32..34235.98 rows=9842 width=121)
	        Recheck Cond: ((id >= 8670494) AND (id <= 8680493))
	        ->  Bitmap Index Scan on sbtest7_pkey  (cost=0.00..318.86 rows=9842 width=0)
	              Index Cond: ((id >= 8670494) AND (id <= 8680493))

table 8 : explain SELECT c FROM sbtest8 WHERE id BETWEEN 864813 AND 874812 ORDER BY c
	Sort  (cost=36560.84..36586.84 rows=10402 width=121)
	  Sort Key: c
	  ->  Bitmap Heap Scan on sbtest8  (cost=339.06..35866.78 rows=10402 width=121)
	        Recheck Cond: ((id >= 864813) AND (id <= 874812))
	        ->  Bitmap Index Scan on sbtest8_pkey  (cost=0.00..336.45 rows=10402 width=0)
	              Index Cond: ((id >= 864813) AND (id <= 874812))

for: distinct_ranges
table 1 : explain SELECT DISTINCT c FROM sbtest1 WHERE id BETWEEN 587373 AND 597372 ORDER BY c
	Unique  (cost=36642.51..36694.53 rows=10403 width=121)
	  ->  Sort  (cost=36642.51..36668.52 rows=10403 width=121)
	        Sort Key: c
	        ->  Bitmap Heap Scan on sbtest1  (cost=339.07..35948.39 rows=10403 width=121)
	              Recheck Cond: ((id >= 587373) AND (id <= 597372))
	              ->  Bitmap Index Scan on sbtest1_pkey  (cost=0.00..336.46 rows=10403 width=0)
	                    Index Cond: ((id >= 587373) AND (id <= 597372))

table 2 : explain SELECT DISTINCT c FROM sbtest2 WHERE id BETWEEN 4786193 AND 4796192 ORDER BY c
	Unique  (cost=37842.07..37896.18 rows=10822 width=121)
	  ->  Sort  (cost=37842.07..37869.12 rows=10822 width=121)
	        Sort Key: c
	        ->  Bitmap Heap Scan on sbtest2  (cost=351.36..37116.90 rows=10822 width=121)
	              Recheck Cond: ((id >= 4786193) AND (id <= 4796192))
	              ->  Bitmap Index Scan on sbtest2_pkey  (cost=0.00..348.66 rows=10822 width=0)
	                    Index Cond: ((id >= 4786193) AND (id <= 4796192))

table 3 : explain SELECT DISTINCT c FROM sbtest3 WHERE id BETWEEN 9521991 AND 9531990 ORDER BY c
	Unique  (cost=33232.09..33278.71 rows=9324 width=121)
	  ->  Sort  (cost=33232.09..33255.40 rows=9324 width=121)
	        Sort Key: c
	        ->  Bitmap Heap Scan on sbtest3  (cost=304.01..32617.33 rows=9324 width=121)
	              Recheck Cond: ((id >= 9521991) AND (id <= 9531990))
	              ->  Bitmap Index Scan on sbtest3_pkey  (cost=0.00..301.68 rows=9324 width=0)
	                    Index Cond: ((id >= 9521991) AND (id <= 9531990))

table 4 : explain SELECT DISTINCT c FROM sbtest4 WHERE id BETWEEN 310020 AND 320019 ORDER BY c
	Unique  (cost=34575.55..34624.22 rows=9733 width=121)
	  ->  Sort  (cost=34575.55..34599.88 rows=9733 width=121)
	        Sort Key: c
	        ->  Bitmap Heap Scan on sbtest4  (cost=316.20..33930.80 rows=9733 width=121)
	              Recheck Cond: ((id >= 310020) AND (id <= 320019))
	              ->  Bitmap Index Scan on sbtest4_pkey  (cost=0.00..313.76 rows=9733 width=0)
	                    Index Cond: ((id >= 310020) AND (id <= 320019))

table 5 : explain SELECT DISTINCT c FROM sbtest5 WHERE id BETWEEN 5320602 AND 5330601 ORDER BY c
	Unique  (cost=37359.51..37412.48 rows=10595 width=121)
	  ->  Sort  (cost=37359.51..37386.00 rows=10595 width=121)
	        Sort Key: c
	        ->  Bitmap Heap Scan on sbtest5  (cost=345.03..36651.17 rows=10595 width=121)
	              Recheck Cond: ((id >= 5320602) AND (id <= 5330601))
	              ->  Bitmap Index Scan on sbtest5_pkey  (cost=0.00..342.38 rows=10595 width=0)
	                    Index Cond: ((id >= 5320602) AND (id <= 5330601))

table 6 : explain SELECT DISTINCT c FROM sbtest6 WHERE id BETWEEN 3853701 AND 3863700 ORDER BY c
	Unique  (cost=36621.02..36673.05 rows=10406 width=121)
	  ->  Sort  (cost=36621.02..36647.04 rows=10406 width=121)
	        Sort Key: c
	        ->  Bitmap Heap Scan on sbtest6  (cost=339.10..35926.67 rows=10406 width=121)
	              Recheck Cond: ((id >= 3853701) AND (id <= 3863700))
	              ->  Bitmap Index Scan on sbtest6_pkey  (cost=0.00..336.50 rows=10406 width=0)
	                    Index Cond: ((id >= 3853701) AND (id <= 3863700))

table 7 : explain SELECT DISTINCT c FROM sbtest7 WHERE id BETWEEN 9589508 AND 9599507 ORDER BY c
	Unique  (cost=37803.30..37857.03 rows=10746 width=121)
	  ->  Sort  (cost=37803.30..37830.16 rows=10746 width=121)
	        Sort Key: c
	        ->  Bitmap Heap Scan on sbtest7  (cost=346.58..37083.77 rows=10746 width=121)
	              Recheck Cond: ((id >= 9589508) AND (id <= 9599507))
	              ->  Bitmap Index Scan on sbtest7_pkey  (cost=0.00..343.90 rows=10746 width=0)
	                    Index Cond: ((id >= 9589508) AND (id <= 9599507))

table 8 : explain SELECT DISTINCT c FROM sbtest8 WHERE id BETWEEN 5672950 AND 5682949 ORDER BY c
	Unique  (cost=36541.13..36593.11 rows=10396 width=121)
	  ->  Sort  (cost=36541.13..36567.12 rows=10396 width=121)
	        Sort Key: c
	        ->  Bitmap Heap Scan on sbtest8  (cost=338.99..35847.52 rows=10396 width=121)
	              Recheck Cond: ((id >= 5672950) AND (id <= 5682949))
	              ->  Bitmap Index Scan on sbtest8_pkey  (cost=0.00..336.40 rows=10396 width=0)
	                    Index Cond: ((id >= 5672950) AND (id <= 5682949))

for: distinct_ranges
table 1 : explain SELECT DISTINCT c FROM sbtest1 WHERE id BETWEEN 3116180 AND 3126179 ORDER BY c
	Unique  (cost=31378.00..31421.92 rows=8785 width=121)
	  ->  Sort  (cost=31378.00..31399.96 rows=8785 width=121)
	        Sort Key: c
	        ->  Bitmap Heap Scan on sbtest1  (cost=286.48..30802.54 rows=8785 width=121)
	              Recheck Cond: ((id >= 3116180) AND (id <= 3126179))
	              ->  Bitmap Index Scan on sbtest1_pkey  (cost=0.00..284.29 rows=8785 width=0)
	                    Index Cond: ((id >= 3116180) AND (id <= 3126179))

table 2 : explain SELECT DISTINCT c FROM sbtest2 WHERE id BETWEEN 6116399 AND 6126398 ORDER BY c
	Unique  (cost=33509.07..33556.42 rows=9470 width=121)
	  ->  Sort  (cost=33509.07..33532.74 rows=9470 width=121)
	        Sort Key: c
	        ->  Bitmap Heap Scan on sbtest2  (cost=309.50..32883.61 rows=9470 width=121)
	              Recheck Cond: ((id >= 6116399) AND (id <= 6126398))
	              ->  Bitmap Index Scan on sbtest2_pkey  (cost=0.00..307.13 rows=9470 width=0)
	                    Index Cond: ((id >= 6116399) AND (id <= 6126398))

table 3 : explain SELECT DISTINCT c FROM sbtest3 WHERE id BETWEEN 3400925 AND 3410924 ORDER BY c
	Unique  (cost=35463.01..35513.06 rows=10009 width=121)
	  ->  Sort  (cost=35463.01..35488.03 rows=10009 width=121)
	        Sort Key: c
	        ->  Bitmap Heap Scan on sbtest3  (cost=323.03..34797.96 rows=10009 width=121)
	              Recheck Cond: ((id >= 3400925) AND (id <= 3410924))
	              ->  Bitmap Index Scan on sbtest3_pkey  (cost=0.00..320.53 rows=10009 width=0)
	                    Index Cond: ((id >= 3400925) AND (id <= 3410924))

table 4 : explain SELECT DISTINCT c FROM sbtest4 WHERE id BETWEEN 3125338 AND 3135337 ORDER BY c
	Unique  (cost=33937.07..33984.75 rows=9537 width=121)
	  ->  Sort  (cost=33937.07..33960.91 rows=9537 width=121)
	        Sort Key: c
	        ->  Bitmap Heap Scan on sbtest4  (cost=310.19..33306.70 rows=9537 width=121)
	              Recheck Cond: ((id >= 3125338) AND (id <= 3135337))
	              ->  Bitmap Index Scan on sbtest4_pkey  (cost=0.00..307.81 rows=9537 width=0)
	                    Index Cond: ((id >= 3125338) AND (id <= 3135337))

table 5 : explain SELECT DISTINCT c FROM sbtest5 WHERE id BETWEEN 5876595 AND 5886594 ORDER BY c
	Unique  (cost=32155.95..32200.94 rows=8998 width=121)
	  ->  Sort  (cost=32155.95..32178.44 rows=8998 width=121)
	        Sort Key: c
	        ->  Bitmap Heap Scan on sbtest5  (cost=292.66..31564.98 rows=8998 width=121)
	              Recheck Cond: ((id >= 5876595) AND (id <= 5886594))
	              ->  Bitmap Index Scan on sbtest5_pkey  (cost=0.00..290.42 rows=8998 width=0)
	                    Index Cond: ((id >= 5876595) AND (id <= 5886594))

table 6 : explain SELECT DISTINCT c FROM sbtest6 WHERE id BETWEEN 4757938 AND 4767937 ORDER BY c
	Unique  (cost=31206.83..31250.53 rows=8740 width=121)
	  ->  Sort  (cost=31206.83..31228.68 rows=8740 width=121)
	        Sort Key: c
	        ->  Bitmap Heap Scan on sbtest6  (cost=282.02..30634.65 rows=8740 width=121)
	              Recheck Cond: ((id >= 4757938) AND (id <= 4767937))
	              ->  Bitmap Index Scan on sbtest6_pkey  (cost=0.00..279.83 rows=8740 width=0)
	                    Index Cond: ((id >= 4757938) AND (id <= 4767937))

table 7 : explain SELECT DISTINCT c FROM sbtest7 WHERE id BETWEEN 1071743 AND 1081742 ORDER BY c
	Unique  (cost=35061.56..35111.03 rows=9895 width=121)
	  ->  Sort  (cost=35061.56..35086.30 rows=9895 width=121)
	        Sort Key: c
	        ->  Bitmap Heap Scan on sbtest7  (cost=321.86..34404.90 rows=9895 width=121)
	              Recheck Cond: ((id >= 1071743) AND (id <= 1081742))
	              ->  Bitmap Index Scan on sbtest7_pkey  (cost=0.00..319.38 rows=9895 width=0)
	                    Index Cond: ((id >= 1071743) AND (id <= 1081742))

table 8 : explain SELECT DISTINCT c FROM sbtest8 WHERE id BETWEEN 9734974 AND 9744973 ORDER BY c
	Unique  (cost=37867.80..37921.85 rows=10811 width=121)
	  ->  Sort  (cost=37867.80..37894.83 rows=10811 width=121)
	        Sort Key: c
	        ->  Bitmap Heap Scan on sbtest8  (cost=351.25..37143.45 rows=10811 width=121)
	              Recheck Cond: ((id >= 9734974) AND (id <= 9744973))
	              ->  Bitmap Index Scan on sbtest8_pkey  (cost=0.00..348.55 rows=10811 width=0)
	                    Index Cond: ((id >= 9734974) AND (id <= 9744973))

for: simple_ranges
table 1 : explain SELECT c FROM sbtest1 WHERE id BETWEEN 2677956 AND 2687955
	Bitmap Heap Scan on sbtest1  (cost=350.65..37046.04 rows=10753 width=121)
	  Recheck Cond: ((id >= 2677956) AND (id <= 2687955))
	  ->  Bitmap Index Scan on sbtest1_pkey  (cost=0.00..347.96 rows=10753 width=0)
	        Index Cond: ((id >= 2677956) AND (id <= 2687955))

table 2 : explain SELECT c FROM sbtest2 WHERE id BETWEEN 8701633 AND 8711632
	Bitmap Heap Scan on sbtest2  (cost=345.33..36503.12 rows=10624 width=121)
	  Recheck Cond: ((id >= 8701633) AND (id <= 8711632))
	  ->  Bitmap Index Scan on sbtest2_pkey  (cost=0.00..342.68 rows=10624 width=0)
	        Index Cond: ((id >= 8701633) AND (id <= 8711632))

table 3 : explain SELECT c FROM sbtest3 WHERE id BETWEEN 4088252 AND 4098251
	Bitmap Heap Scan on sbtest3  (cost=321.34..34277.80 rows=9844 width=121)
	  Recheck Cond: ((id >= 4088252) AND (id <= 4098251))
	  ->  Bitmap Index Scan on sbtest3_pkey  (cost=0.00..318.88 rows=9844 width=0)
	        Index Cond: ((id >= 4088252) AND (id <= 4098251))

table 4 : explain SELECT c FROM sbtest4 WHERE id BETWEEN 6103972 AND 6113971
	Bitmap Heap Scan on sbtest4  (cost=333.89..35694.11 rows=10288 width=121)
	  Recheck Cond: ((id >= 6103972) AND (id <= 6113971))
	  ->  Bitmap Index Scan on sbtest4_pkey  (cost=0.00..331.31 rows=10288 width=0)
	        Index Cond: ((id >= 6103972) AND (id <= 6113971))

table 5 : explain SELECT c FROM sbtest5 WHERE id BETWEEN 9140797 AND 9150796
	Bitmap Heap Scan on sbtest5  (cost=322.79..34722.10 rows=9986 width=121)
	  Recheck Cond: ((id >= 9140797) AND (id <= 9150796))
	  ->  Bitmap Index Scan on sbtest5_pkey  (cost=0.00..320.30 rows=9986 width=0)
	        Index Cond: ((id >= 9140797) AND (id <= 9150796))

table 6 : explain SELECT c FROM sbtest6 WHERE id BETWEEN 1937726 AND 1947725
	Bitmap Heap Scan on sbtest6  (cost=323.02..34673.08 rows=10008 width=121)
	  Recheck Cond: ((id >= 1937726) AND (id <= 1947725))
	  ->  Bitmap Index Scan on sbtest6_pkey  (cost=0.00..320.51 rows=10008 width=0)
	        Index Cond: ((id >= 1937726) AND (id <= 1947725))

table 7 : explain SELECT c FROM sbtest7 WHERE id BETWEEN 9056181 AND 9066180
	Bitmap Heap Scan on sbtest7  (cost=304.79..32826.07 rows=9400 width=121)
	  Recheck Cond: ((id >= 9056181) AND (id <= 9066180))
	  ->  Bitmap Index Scan on sbtest7_pkey  (cost=0.00..302.44 rows=9400 width=0)
	        Index Cond: ((id >= 9056181) AND (id <= 9066180))

table 8 : explain SELECT c FROM sbtest8 WHERE id BETWEEN 4836127 AND 4846126
	Bitmap Heap Scan on sbtest8  (cost=327.84..34880.63 rows=10088 width=121)
	  Recheck Cond: ((id >= 4836127) AND (id <= 4846126))
	  ->  Bitmap Index Scan on sbtest8_pkey  (cost=0.00..325.31 rows=10088 width=0)
	        Index Cond: ((id >= 4836127) AND (id <= 4846126))

for point_selects
table 1 : explain SELECT c FROM sbtest1 WHERE id=2275881
	Index Scan using sbtest1_pkey on sbtest1  (cost=0.43..8.45 rows=1 width=121)
	  Index Cond: (id = 2275881)

table 2 : explain SELECT c FROM sbtest2 WHERE id=1581133
	Index Scan using sbtest2_pkey on sbtest2  (cost=0.43..8.45 rows=1 width=121)
	  Index Cond: (id = 1581133)

table 3 : explain SELECT c FROM sbtest3 WHERE id=7546221
	Index Scan using sbtest3_pkey on sbtest3  (cost=0.43..8.45 rows=1 width=121)
	  Index Cond: (id = 7546221)

table 4 : explain SELECT c FROM sbtest4 WHERE id=1948992
	Index Scan using sbtest4_pkey on sbtest4  (cost=0.43..8.45 rows=1 width=121)
	  Index Cond: (id = 1948992)

table 5 : explain SELECT c FROM sbtest5 WHERE id=9181971
	Index Scan using sbtest5_pkey on sbtest5  (cost=0.43..8.45 rows=1 width=121)
	  Index Cond: (id = 9181971)

table 6 : explain SELECT c FROM sbtest6 WHERE id=4627897
	Index Scan using sbtest6_pkey on sbtest6  (cost=0.43..8.45 rows=1 width=121)
	  Index Cond: (id = 4627897)

table 7 : explain SELECT c FROM sbtest7 WHERE id=6819175
	Index Scan using sbtest7_pkey on sbtest7  (cost=0.43..8.45 rows=1 width=121)
	  Index Cond: (id = 6819175)

table 8 : explain SELECT c FROM sbtest8 WHERE id=293855
	Index Scan using sbtest8_pkey on sbtest8  (cost=0.43..8.45 rows=1 width=121)
	  Index Cond: (id = 293855)

for: distinct_ranges
table 1 : explain SELECT DISTINCT c FROM sbtest1 WHERE id BETWEEN 6132569 AND 6142568 ORDER BY c
	Unique  (cost=34388.73..34437.26 rows=9706 width=121)
	  ->  Sort  (cost=34388.73..34413.00 rows=9706 width=121)
	        Sort Key: c
	        ->  Bitmap Heap Scan on sbtest1  (cost=315.92..33745.97 rows=9706 width=121)
	              Recheck Cond: ((id >= 6132569) AND (id <= 6142568))
	              ->  Bitmap Index Scan on sbtest1_pkey  (cost=0.00..313.50 rows=9706 width=0)
	                    Index Cond: ((id >= 6132569) AND (id <= 6142568))

table 2 : explain SELECT DISTINCT c FROM sbtest2 WHERE id BETWEEN 9236159 AND 9246158 ORDER BY c
	Unique  (cost=35737.98..35788.80 rows=10163 width=121)
	  ->  Sort  (cost=35737.98..35763.39 rows=10163 width=121)
	        Sort Key: c
	        ->  Bitmap Heap Scan on sbtest2  (cost=328.61..35061.58 rows=10163 width=121)
	              Recheck Cond: ((id >= 9236159) AND (id <= 9246158))
	              ->  Bitmap Index Scan on sbtest2_pkey  (cost=0.00..326.06 rows=10163 width=0)
	                    Index Cond: ((id >= 9236159) AND (id <= 9246158))

table 3 : explain SELECT DISTINCT c FROM sbtest3 WHERE id BETWEEN 636575 AND 646574 ORDER BY c
	Unique  (cost=35316.76..35366.58 rows=9964 width=121)
	  ->  Sort  (cost=35316.76..35341.67 rows=9964 width=121)
	        Sort Key: c
	        ->  Bitmap Heap Scan on sbtest3  (cost=322.57..34655.03 rows=9964 width=121)
	              Recheck Cond: ((id >= 636575) AND (id <= 646574))
	              ->  Bitmap Index Scan on sbtest3_pkey  (cost=0.00..320.07 rows=9964 width=0)
	                    Index Cond: ((id >= 636575) AND (id <= 646574))

table 4 : explain SELECT DISTINCT c FROM sbtest4 WHERE id BETWEEN 4971556 AND 4981555 ORDER BY c
	Unique  (cost=35136.03..35185.56 rows=9905 width=121)
	  ->  Sort  (cost=35136.03..35160.80 rows=9905 width=121)
	        Sort Key: c
	        ->  Bitmap Heap Scan on sbtest4  (cost=321.96..34478.64 rows=9905 width=121)
	              Recheck Cond: ((id >= 4971556) AND (id <= 4981555))
	              ->  Bitmap Index Scan on sbtest4_pkey  (cost=0.00..319.49 rows=9905 width=0)
	                    Index Cond: ((id >= 4971556) AND (id <= 4981555))

table 5 : explain SELECT DISTINCT c FROM sbtest5 WHERE id BETWEEN 9990736 AND 10000735 ORDER BY c
	Unique  (cost=32928.82..32974.98 rows=9233 width=121)
	  ->  Sort  (cost=32928.82..32951.90 rows=9233 width=121)
	        Sort Key: c
	        ->  Bitmap Heap Scan on sbtest5  (cost=299.07..32320.71 rows=9233 width=121)
	              Recheck Cond: ((id >= 9990736) AND (id <= 10000735))
	              ->  Bitmap Index Scan on sbtest5_pkey  (cost=0.00..296.76 rows=9233 width=0)
	                    Index Cond: ((id >= 9990736) AND (id <= 10000735))

table 6 : explain SELECT DISTINCT c FROM sbtest6 WHERE id BETWEEN 9017487 AND 9027486 ORDER BY c
	Unique  (cost=32421.24..32466.79 rows=9111 width=121)
	  ->  Sort  (cost=32421.24..32444.02 rows=9111 width=121)
	        Sort Key: c
	        ->  Bitmap Heap Scan on sbtest6  (cost=293.82..31822.04 rows=9111 width=121)
	              Recheck Cond: ((id >= 9017487) AND (id <= 9027486))
	              ->  Bitmap Index Scan on sbtest6_pkey  (cost=0.00..291.55 rows=9111 width=0)
	                    Index Cond: ((id >= 9017487) AND (id <= 9027486))

table 7 : explain SELECT DISTINCT c FROM sbtest7 WHERE id BETWEEN 1000570 AND 1010569 ORDER BY c
	Unique  (cost=35964.90..36015.78 rows=10175 width=121)
	  ->  Sort  (cost=35964.90..35990.34 rows=10175 width=121)
	        Sort Key: c
	        ->  Bitmap Heap Scan on sbtest7  (cost=328.73..35287.62 rows=10175 width=121)
	              Recheck Cond: ((id >= 1000570) AND (id <= 1010569))
	              ->  Bitmap Index Scan on sbtest7_pkey  (cost=0.00..326.19 rows=10175 width=0)
	                    Index Cond: ((id >= 1000570) AND (id <= 1010569))

table 8 : explain SELECT DISTINCT c FROM sbtest8 WHERE id BETWEEN 6622480 AND 6632479 ORDER BY c
	Unique  (cost=32030.53..32075.54 rows=9002 width=121)
	  ->  Sort  (cost=32030.53..32053.03 rows=9002 width=121)
	        Sort Key: c
	        ->  Bitmap Heap Scan on sbtest8  (cost=292.71..31439.27 rows=9002 width=121)
	              Recheck Cond: ((id >= 6622480) AND (id <= 6632479))
	              ->  Bitmap Index Scan on sbtest8_pkey  (cost=0.00..290.45 rows=9002 width=0)
	                    Index Cond: ((id >= 6622480) AND (id <= 6632479))

for: distinct_ranges
table 1 : explain SELECT DISTINCT c FROM sbtest1 WHERE id BETWEEN 7755972 AND 7765971 ORDER BY c
	Unique  (cost=34018.83..34066.79 rows=9592 width=121)
	  ->  Sort  (cost=34018.83..34042.81 rows=9592 width=121)
	        Sort Key: c
	        ->  Bitmap Heap Scan on sbtest1  (cost=310.75..33384.43 rows=9592 width=121)
	              Recheck Cond: ((id >= 7755972) AND (id <= 7765971))
	              ->  Bitmap Index Scan on sbtest1_pkey  (cost=0.00..308.36 rows=9592 width=0)
	                    Index Cond: ((id >= 7755972) AND (id <= 7765971))

table 2 : explain SELECT DISTINCT c FROM sbtest2 WHERE id BETWEEN 2533101 AND 2543100 ORDER BY c
	Unique  (cost=32617.20..32663.18 rows=9196 width=121)
	  ->  Sort  (cost=32617.20..32640.19 rows=9196 width=121)
	        Sort Key: c
	        ->  Bitmap Heap Scan on sbtest2  (cost=298.69..32011.79 rows=9196 width=121)
	              Recheck Cond: ((id >= 2533101) AND (id <= 2543100))
	              ->  Bitmap Index Scan on sbtest2_pkey  (cost=0.00..296.40 rows=9196 width=0)
	                    Index Cond: ((id >= 2533101) AND (id <= 2543100))

table 3 : explain SELECT DISTINCT c FROM sbtest3 WHERE id BETWEEN 7151378 AND 7161377 ORDER BY c
	Unique  (cost=33965.46..34013.21 rows=9549 width=121)
	  ->  Sort  (cost=33965.46..33989.33 rows=9549 width=121)
	        Sort Key: c
	        ->  Bitmap Heap Scan on sbtest3  (cost=310.31..33334.22 rows=9549 width=121)
	              Recheck Cond: ((id >= 7151378) AND (id <= 7161377))
	              ->  Bitmap Index Scan on sbtest3_pkey  (cost=0.00..307.93 rows=9549 width=0)
	                    Index Cond: ((id >= 7151378) AND (id <= 7161377))

table 4 : explain SELECT DISTINCT c FROM sbtest4 WHERE id BETWEEN 7029659 AND 7039658 ORDER BY c
	Unique  (cost=35788.37..35838.89 rows=10105 width=121)
	  ->  Sort  (cost=35788.37..35813.63 rows=10105 width=121)
	        Sort Key: c
	        ->  Bitmap Heap Scan on sbtest4  (cost=328.01..35116.24 rows=10105 width=121)
	              Recheck Cond: ((id >= 7029659) AND (id <= 7039658))
	              ->  Bitmap Index Scan on sbtest4_pkey  (cost=0.00..325.49 rows=10105 width=0)
	                    Index Cond: ((id >= 7029659) AND (id <= 7039658))

table 5 : explain SELECT DISTINCT c FROM sbtest5 WHERE id BETWEEN 5682774 AND 5692773 ORDER BY c
	Unique  (cost=32865.06..32911.12 rows=9213 width=121)
	  ->  Sort  (cost=32865.06..32888.09 rows=9213 width=121)
	        Sort Key: c
	        ->  Bitmap Heap Scan on sbtest5  (cost=298.87..32258.41 rows=9213 width=121)
	              Recheck Cond: ((id >= 5682774) AND (id <= 5692773))
	              ->  Bitmap Index Scan on sbtest5_pkey  (cost=0.00..296.56 rows=9213 width=0)
	                    Index Cond: ((id >= 5682774) AND (id <= 5692773))

table 6 : explain SELECT DISTINCT c FROM sbtest6 WHERE id BETWEEN 4510951 AND 4520950 ORDER BY c
	Unique  (cost=34562.12..34610.96 rows=9768 width=121)
	  ->  Sort  (cost=34562.12..34586.54 rows=9768 width=121)
	        Sort Key: c
	        ->  Bitmap Heap Scan on sbtest6  (cost=316.56..33914.80 rows=9768 width=121)
	              Recheck Cond: ((id >= 4510951) AND (id <= 4520950))
	              ->  Bitmap Index Scan on sbtest6_pkey  (cost=0.00..314.12 rows=9768 width=0)
	                    Index Cond: ((id >= 4510951) AND (id <= 4520950))

table 7 : explain SELECT DISTINCT c FROM sbtest7 WHERE id BETWEEN 8581753 AND 8591752 ORDER BY c
	Unique  (cost=33583.39..33630.60 rows=9442 width=121)
	  ->  Sort  (cost=33583.39..33606.99 rows=9442 width=121)
	        Sort Key: c
	        ->  Bitmap Heap Scan on sbtest7  (cost=305.22..32959.99 rows=9442 width=121)
	              Recheck Cond: ((id >= 8581753) AND (id <= 8591752))
	              ->  Bitmap Index Scan on sbtest7_pkey  (cost=0.00..302.86 rows=9442 width=0)
	                    Index Cond: ((id >= 8581753) AND (id <= 8591752))

table 8 : explain SELECT DISTINCT c FROM sbtest8 WHERE id BETWEEN 4826215 AND 4836214 ORDER BY c
	Unique  (cost=35551.50..35601.94 rows=10088 width=121)
	  ->  Sort  (cost=35551.50..35576.72 rows=10088 width=121)
	        Sort Key: c
	        ->  Bitmap Heap Scan on sbtest8  (cost=327.84..34880.63 rows=10088 width=121)
	              Recheck Cond: ((id >= 4826215) AND (id <= 4836214))
	              ->  Bitmap Index Scan on sbtest8_pkey  (cost=0.00..325.31 rows=10088 width=0)
	                    Index Cond: ((id >= 4826215) AND (id <= 4836214))

for point_selects
table 1 : explain SELECT c FROM sbtest1 WHERE id=5618090
	Index Scan using sbtest1_pkey on sbtest1  (cost=0.43..8.45 rows=1 width=121)
	  Index Cond: (id = 5618090)

table 2 : explain SELECT c FROM sbtest2 WHERE id=7194650
	Index Scan using sbtest2_pkey on sbtest2  (cost=0.43..8.45 rows=1 width=121)
	  Index Cond: (id = 7194650)

table 3 : explain SELECT c FROM sbtest3 WHERE id=9536300
	Index Scan using sbtest3_pkey on sbtest3  (cost=0.43..8.45 rows=1 width=121)
	  Index Cond: (id = 9536300)

table 4 : explain SELECT c FROM sbtest4 WHERE id=5567385
	Index Scan using sbtest4_pkey on sbtest4  (cost=0.43..8.45 rows=1 width=121)
	  Index Cond: (id = 5567385)

table 5 : explain SELECT c FROM sbtest5 WHERE id=4284862
	Index Scan using sbtest5_pkey on sbtest5  (cost=0.43..8.45 rows=1 width=121)
	  Index Cond: (id = 4284862)

table 6 : explain SELECT c FROM sbtest6 WHERE id=8267421
	Index Scan using sbtest6_pkey on sbtest6  (cost=0.43..8.45 rows=1 width=121)
	  Index Cond: (id = 8267421)

table 7 : explain SELECT c FROM sbtest7 WHERE id=4220371
	Index Scan using sbtest7_pkey on sbtest7  (cost=0.43..8.45 rows=1 width=121)
	  Index Cond: (id = 4220371)

table 8 : explain SELECT c FROM sbtest8 WHERE id=1757041
	Index Scan using sbtest8_pkey on sbtest8  (cost=0.43..8.45 rows=1 width=121)
	  Index Cond: (id = 1757041)

for point_selects
table 1 : explain SELECT c FROM sbtest1 WHERE id=1817309
	Index Scan using sbtest1_pkey on sbtest1  (cost=0.43..8.45 rows=1 width=121)
	  Index Cond: (id = 1817309)

table 2 : explain SELECT c FROM sbtest2 WHERE id=95075
	Index Scan using sbtest2_pkey on sbtest2  (cost=0.43..8.45 rows=1 width=121)
	  Index Cond: (id = 95075)

table 3 : explain SELECT c FROM sbtest3 WHERE id=4621384
	Index Scan using sbtest3_pkey on sbtest3  (cost=0.43..8.45 rows=1 width=121)
	  Index Cond: (id = 4621384)

table 4 : explain SELECT c FROM sbtest4 WHERE id=9708886
	Index Scan using sbtest4_pkey on sbtest4  (cost=0.43..8.45 rows=1 width=121)
	  Index Cond: (id = 9708886)

table 5 : explain SELECT c FROM sbtest5 WHERE id=5421668
	Index Scan using sbtest5_pkey on sbtest5  (cost=0.43..8.45 rows=1 width=121)
	  Index Cond: (id = 5421668)

table 6 : explain SELECT c FROM sbtest6 WHERE id=574239
	Index Scan using sbtest6_pkey on sbtest6  (cost=0.43..8.45 rows=1 width=121)
	  Index Cond: (id = 574239)

table 7 : explain SELECT c FROM sbtest7 WHERE id=9539497
	Index Scan using sbtest7_pkey on sbtest7  (cost=0.43..8.45 rows=1 width=121)
	  Index Cond: (id = 9539497)

table 8 : explain SELECT c FROM sbtest8 WHERE id=33846
	Index Scan using sbtest8_pkey on sbtest8  (cost=0.43..8.45 rows=1 width=121)
	  Index Cond: (id = 33846)

for: sum_ranges
table 1 : explain SELECT SUM(k) FROM sbtest1 WHERE id BETWEEN 2914687 AND 2924686
	Aggregate  (cost=37747.04..37747.05 rows=1 width=8)
	  ->  Bitmap Heap Scan on sbtest1  (cost=356.87..37719.62 rows=10969 width=4)
	        Recheck Cond: ((id >= 2914687) AND (id <= 2924686))
	        ->  Bitmap Index Scan on sbtest1_pkey  (cost=0.00..354.12 rows=10969 width=0)
	              Index Cond: ((id >= 2914687) AND (id <= 2924686))

table 2 : explain SELECT SUM(k) FROM sbtest2 WHERE id BETWEEN 9747336 AND 9757335
	Aggregate  (cost=33147.28..33147.29 rows=1 width=8)
	  ->  Bitmap Heap Scan on sbtest2  (cost=310.29..33123.41 rows=9547 width=4)
	        Recheck Cond: ((id >= 9747336) AND (id <= 9757335))
	        ->  Bitmap Index Scan on sbtest2_pkey  (cost=0.00..307.91 rows=9547 width=0)
	              Index Cond: ((id >= 9747336) AND (id <= 9757335))

table 3 : explain SELECT SUM(k) FROM sbtest3 WHERE id BETWEEN 4961865 AND 4971864
	Aggregate  (cost=32013.26..32013.27 rows=1 width=8)
	  ->  Bitmap Heap Scan on sbtest3  (cost=298.01..31990.44 rows=9129 width=4)
	        Recheck Cond: ((id >= 4961865) AND (id <= 4971864))
	        ->  Bitmap Index Scan on sbtest3_pkey  (cost=0.00..295.73 rows=9129 width=0)
	              Index Cond: ((id >= 4961865) AND (id <= 4971864))

table 4 : explain SELECT SUM(k) FROM sbtest4 WHERE id BETWEEN 1986885 AND 1996884
	Aggregate  (cost=38715.19..38715.20 rows=1 width=8)
	  ->  Bitmap Heap Scan on sbtest4  (cost=363.66..38687.09 rows=11241 width=4)
	        Recheck Cond: ((id >= 1986885) AND (id <= 1996884))
	        ->  Bitmap Index Scan on sbtest4_pkey  (cost=0.00..360.84 rows=11241 width=0)
	              Index Cond: ((id >= 1986885) AND (id <= 1996884))

table 5 : explain SELECT SUM(k) FROM sbtest5 WHERE id BETWEEN 765411 AND 775410
	Aggregate  (cost=34743.79..34743.80 rows=1 width=8)
	  ->  Bitmap Heap Scan on sbtest5  (cost=322.77..34718.83 rows=9984 width=4)
	        Recheck Cond: ((id >= 765411) AND (id <= 775410))
	        ->  Bitmap Index Scan on sbtest5_pkey  (cost=0.00..320.28 rows=9984 width=0)
	              Index Cond: ((id >= 765411) AND (id <= 775410))

table 6 : explain SELECT SUM(k) FROM sbtest6 WHERE id BETWEEN 1690819 AND 1700818
	Aggregate  (cost=34023.57..34023.58 rows=1 width=8)
	  ->  Bitmap Heap Scan on sbtest6  (cost=316.83..33999.08 rows=9795 width=4)
	        Recheck Cond: ((id >= 1690819) AND (id <= 1700818))
	        ->  Bitmap Index Scan on sbtest6_pkey  (cost=0.00..314.38 rows=9795 width=0)
	              Index Cond: ((id >= 1690819) AND (id <= 1700818))

table 7 : explain SELECT SUM(k) FROM sbtest7 WHERE id BETWEEN 7568822 AND 7578821
	Aggregate  (cost=35944.81..35944.82 rows=1 width=8)
	  ->  Bitmap Heap Scan on sbtest7  (cost=334.78..35918.87 rows=10375 width=4)
	        Recheck Cond: ((id >= 7568822) AND (id <= 7578821))
	        ->  Bitmap Index Scan on sbtest7_pkey  (cost=0.00..332.19 rows=10375 width=0)
	              Index Cond: ((id >= 7568822) AND (id <= 7578821))

table 8 : explain SELECT SUM(k) FROM sbtest8 WHERE id BETWEEN 9211024 AND 9221023
	Aggregate  (cost=35338.58..35338.59 rows=1 width=8)
	  ->  Bitmap Heap Scan on sbtest8  (cost=333.24..35313.02 rows=10225 width=4)
	        Recheck Cond: ((id >= 9211024) AND (id <= 9221023))
	        ->  Bitmap Index Scan on sbtest8_pkey  (cost=0.00..330.69 rows=10225 width=0)
	              Index Cond: ((id >= 9211024) AND (id <= 9221023))

for: simple_ranges
table 1 : explain SELECT c FROM sbtest1 WHERE id BETWEEN 4608125 AND 4618124
	Bitmap Heap Scan on sbtest1  (cost=299.19..32274.77 rows=9244 width=121)
	  Recheck Cond: ((id >= 4608125) AND (id <= 4618124))
	  ->  Bitmap Index Scan on sbtest1_pkey  (cost=0.00..296.88 rows=9244 width=0)
	        Index Cond: ((id >= 4608125) AND (id <= 4618124))

table 2 : explain SELECT c FROM sbtest2 WHERE id BETWEEN 1387381 AND 1397380
	Bitmap Heap Scan on sbtest2  (cost=310.83..33291.76 rows=9600 width=121)
	  Recheck Cond: ((id >= 1387381) AND (id <= 1397380))
	  ->  Bitmap Index Scan on sbtest2_pkey  (cost=0.00..308.44 rows=9600 width=0)
	        Index Cond: ((id >= 1387381) AND (id <= 1397380))

table 3 : explain SELECT c FROM sbtest3 WHERE id BETWEEN 9371701 AND 9381700
	Bitmap Heap Scan on sbtest3  (cost=316.82..34114.31 rows=9794 width=121)
	  Recheck Cond: ((id >= 9371701) AND (id <= 9381700))
	  ->  Bitmap Index Scan on sbtest3_pkey  (cost=0.00..314.38 rows=9794 width=0)
	        Index Cond: ((id >= 9371701) AND (id <= 9381700))

table 4 : explain SELECT c FROM sbtest4 WHERE id BETWEEN 5800338 AND 5810337
	Bitmap Heap Scan on sbtest4  (cost=309.76..33172.71 rows=9495 width=121)
	  Recheck Cond: ((id >= 5800338) AND (id <= 5810337))
	  ->  Bitmap Index Scan on sbtest4_pkey  (cost=0.00..307.38 rows=9495 width=0)
	        Index Cond: ((id >= 5800338) AND (id <= 5810337))

table 5 : explain SELECT c FROM sbtest5 WHERE id BETWEEN 4482092 AND 4492091
	Bitmap Heap Scan on sbtest5  (cost=327.81..35041.00 rows=10085 width=121)
	  Recheck Cond: ((id >= 4482092) AND (id <= 4492091))
	  ->  Bitmap Index Scan on sbtest5_pkey  (cost=0.00..325.29 rows=10085 width=0)
	        Index Cond: ((id >= 4482092) AND (id <= 4492091))

table 6 : explain SELECT c FROM sbtest6 WHERE id BETWEEN 2052704 AND 2062703
	Bitmap Heap Scan on sbtest6  (cost=311.17..33485.75 rows=9633 width=121)
	  Recheck Cond: ((id >= 2052704) AND (id <= 2062703))
	  ->  Bitmap Index Scan on sbtest6_pkey  (cost=0.00..308.76 rows=9633 width=0)
	        Index Cond: ((id >= 2052704) AND (id <= 2062703))

table 7 : explain SELECT c FROM sbtest7 WHERE id BETWEEN 913742 AND 923741
	Bitmap Heap Scan on sbtest7  (cost=334.06..35699.18 rows=10305 width=121)
	  Recheck Cond: ((id >= 913742) AND (id <= 923741))
	  ->  Bitmap Index Scan on sbtest7_pkey  (cost=0.00..331.49 rows=10305 width=0)
	        Index Cond: ((id >= 913742) AND (id <= 923741))

table 8 : explain SELECT c FROM sbtest8 WHERE id BETWEEN 6050566 AND 6060565
	Bitmap Heap Scan on sbtest8  (cost=322.01..34321.54 rows=9910 width=121)
	  Recheck Cond: ((id >= 6050566) AND (id <= 6060565))
	  ->  Bitmap Index Scan on sbtest8_pkey  (cost=0.00..319.54 rows=9910 width=0)
	        Index Cond: ((id >= 6050566) AND (id <= 6060565))

for: distinct_ranges
table 1 : explain SELECT DISTINCT c FROM sbtest1 WHERE id BETWEEN 6929982 AND 6939981 ORDER BY c
	Unique  (cost=38041.86..38096.06 rows=10840 width=121)
	  ->  Sort  (cost=38041.86..38068.96 rows=10840 width=121)
	        Sort Key: c
	        ->  Bitmap Heap Scan on sbtest1  (cost=351.54..37315.36 rows=10840 width=121)
	              Recheck Cond: ((id >= 6929982) AND (id <= 6939981))
	              ->  Bitmap Index Scan on sbtest1_pkey  (cost=0.00..348.83 rows=10840 width=0)
	                    Index Cond: ((id >= 6929982) AND (id <= 6939981))

table 2 : explain SELECT DISTINCT c FROM sbtest2 WHERE id BETWEEN 8099124 AND 8109123 ORDER BY c
	Unique  (cost=35356.01..35406.23 rows=10043 width=121)
	  ->  Sort  (cost=35356.01..35381.12 rows=10043 width=121)
	        Sort Key: c
	        ->  Bitmap Heap Scan on sbtest2  (cost=327.38..34688.46 rows=10043 width=121)
	              Recheck Cond: ((id >= 8099124) AND (id <= 8109123))
	              ->  Bitmap Index Scan on sbtest2_pkey  (cost=0.00..324.87 rows=10043 width=0)
	                    Index Cond: ((id >= 8099124) AND (id <= 8109123))

table 3 : explain SELECT DISTINCT c FROM sbtest3 WHERE id BETWEEN 2778942 AND 2788941 ORDER BY c
	Unique  (cost=33232.19..33278.81 rows=9325 width=121)
	  ->  Sort  (cost=33232.19..33255.50 rows=9325 width=121)
	        Sort Key: c
	        ->  Bitmap Heap Scan on sbtest3  (cost=304.02..32617.35 rows=9325 width=121)
	              Recheck Cond: ((id >= 2778942) AND (id <= 2788941))
	              ->  Bitmap Index Scan on sbtest3_pkey  (cost=0.00..301.69 rows=9325 width=0)
	                    Index Cond: ((id >= 2778942) AND (id <= 2788941))

table 4 : explain SELECT DISTINCT c FROM sbtest4 WHERE id BETWEEN 6692559 AND 6702558 ORDER BY c
	Unique  (cost=34932.88..34982.09 rows=9842 width=121)
	  ->  Sort  (cost=34932.88..34957.48 rows=9842 width=121)
	        Sort Key: c
	        ->  Bitmap Heap Scan on sbtest4  (cost=321.32..34280.12 rows=9842 width=121)
	              Recheck Cond: ((id >= 6692559) AND (id <= 6702558))
	              ->  Bitmap Index Scan on sbtest4_pkey  (cost=0.00..318.86 rows=9842 width=0)
	                    Index Cond: ((id >= 6692559) AND (id <= 6702558))

table 5 : explain SELECT DISTINCT c FROM sbtest5 WHERE id BETWEEN 9198988 AND 9208987 ORDER BY c
	Unique  (cost=35392.10..35442.04 rows=9988 width=121)
	  ->  Sort  (cost=35392.10..35417.07 rows=9988 width=121)
	        Sort Key: c
	        ->  Bitmap Heap Scan on sbtest5  (cost=322.81..34728.60 rows=9988 width=121)
	              Recheck Cond: ((id >= 9198988) AND (id <= 9208987))
	              ->  Bitmap Index Scan on sbtest5_pkey  (cost=0.00..320.31 rows=9988 width=0)
	                    Index Cond: ((id >= 9198988) AND (id <= 9208987))

table 6 : explain SELECT DISTINCT c FROM sbtest6 WHERE id BETWEEN 3636689 AND 3646688 ORDER BY c
	Unique  (cost=35467.73..35517.96 rows=10047 width=121)
	  ->  Sort  (cost=35467.73..35492.85 rows=10047 width=121)
	        Sort Key: c
	        ->  Bitmap Heap Scan on sbtest6  (cost=327.42..34799.88 rows=10047 width=121)
	              Recheck Cond: ((id >= 3636689) AND (id <= 3646688))
	              ->  Bitmap Index Scan on sbtest6_pkey  (cost=0.00..324.91 rows=10047 width=0)
	                    Index Cond: ((id >= 3636689) AND (id <= 3646688))

table 7 : explain SELECT DISTINCT c FROM sbtest7 WHERE id BETWEEN 1227677 AND 1237676 ORDER BY c
	Unique  (cost=35540.50..35590.72 rows=10043 width=121)
	  ->  Sort  (cost=35540.50..35565.61 rows=10043 width=121)
	        Sort Key: c
	        ->  Bitmap Heap Scan on sbtest7  (cost=327.38..34872.95 rows=10043 width=121)
	              Recheck Cond: ((id >= 1227677) AND (id <= 1237676))
	              ->  Bitmap Index Scan on sbtest7_pkey  (cost=0.00..324.87 rows=10043 width=0)
	                    Index Cond: ((id >= 1227677) AND (id <= 1237676))

table 8 : explain SELECT DISTINCT c FROM sbtest8 WHERE id BETWEEN 3630916 AND 3640915 ORDER BY c
	Unique  (cost=38708.48..38763.87 rows=11077 width=121)
	  ->  Sort  (cost=38708.48..38736.18 rows=11077 width=121)
	        Sort Key: c
	        ->  Bitmap Heap Scan on sbtest8  (cost=357.97..37964.37 rows=11077 width=121)
	              Recheck Cond: ((id >= 3630916) AND (id <= 3640915))
	              ->  Bitmap Index Scan on sbtest8_pkey  (cost=0.00..355.20 rows=11077 width=0)
	                    Index Cond: ((id >= 3630916) AND (id <= 3640915))

for point_selects
table 1 : explain SELECT c FROM sbtest1 WHERE id=3947309
	Index Scan using sbtest1_pkey on sbtest1  (cost=0.43..8.45 rows=1 width=121)
	  Index Cond: (id = 3947309)

table 2 : explain SELECT c FROM sbtest2 WHERE id=2807366
	Index Scan using sbtest2_pkey on sbtest2  (cost=0.43..8.45 rows=1 width=121)
	  Index Cond: (id = 2807366)

table 3 : explain SELECT c FROM sbtest3 WHERE id=6497080
	Index Scan using sbtest3_pkey on sbtest3  (cost=0.43..8.45 rows=1 width=121)
	  Index Cond: (id = 6497080)

table 4 : explain SELECT c FROM sbtest4 WHERE id=7855561
	Index Scan using sbtest4_pkey on sbtest4  (cost=0.43..8.45 rows=1 width=121)
	  Index Cond: (id = 7855561)

table 5 : explain SELECT c FROM sbtest5 WHERE id=4566619
	Index Scan using sbtest5_pkey on sbtest5  (cost=0.43..8.45 rows=1 width=121)
	  Index Cond: (id = 4566619)

table 6 : explain SELECT c FROM sbtest6 WHERE id=7570398
	Index Scan using sbtest6_pkey on sbtest6  (cost=0.43..8.45 rows=1 width=121)
	  Index Cond: (id = 7570398)

table 7 : explain SELECT c FROM sbtest7 WHERE id=1760395
	Index Scan using sbtest7_pkey on sbtest7  (cost=0.43..8.45 rows=1 width=121)
	  Index Cond: (id = 1760395)

table 8 : explain SELECT c FROM sbtest8 WHERE id=1244174
	Index Scan using sbtest8_pkey on sbtest8  (cost=0.43..8.45 rows=1 width=121)
	  Index Cond: (id = 1244174)

for: distinct_ranges
table 1 : explain SELECT DISTINCT c FROM sbtest1 WHERE id BETWEEN 9661297 AND 9671296 ORDER BY c
	Unique  (cost=37292.00..37345.03 rows=10605 width=121)
	  ->  Sort  (cost=37292.00..37318.52 rows=10605 width=121)
	        Sort Key: c
	        ->  Bitmap Heap Scan on sbtest1  (cost=345.14..36582.93 rows=10605 width=121)
	              Recheck Cond: ((id >= 9661297) AND (id <= 9671296))
	              ->  Bitmap Index Scan on sbtest1_pkey  (cost=0.00..342.49 rows=10605 width=0)
	                    Index Cond: ((id >= 9661297) AND (id <= 9671296))

table 2 : explain SELECT DISTINCT c FROM sbtest2 WHERE id BETWEEN 8504087 AND 8514086 ORDER BY c
	Unique  (cost=34982.69..35032.32 rows=9927 width=121)
	  ->  Sort  (cost=34982.69..35007.50 rows=9927 width=121)
	        Sort Key: c
	        ->  Bitmap Heap Scan on sbtest2  (cost=322.19..34323.67 rows=9927 width=121)
	              Recheck Cond: ((id >= 8504087) AND (id <= 8514086))
	              ->  Bitmap Index Scan on sbtest2_pkey  (cost=0.00..319.70 rows=9927 width=0)
	                    Index Cond: ((id >= 8504087) AND (id <= 8514086))

table 3 : explain SELECT DISTINCT c FROM sbtest3 WHERE id BETWEEN 5152414 AND 5162413 ORDER BY c
	Unique  (cost=33073.99..33120.38 rows=9277 width=121)
	  ->  Sort  (cost=33073.99..33097.18 rows=9277 width=121)
	        Sort Key: c
	        ->  Bitmap Heap Scan on sbtest3  (cost=299.52..32462.66 rows=9277 width=121)
	              Recheck Cond: ((id >= 5152414) AND (id <= 5162413))
	              ->  Bitmap Index Scan on sbtest3_pkey  (cost=0.00..297.20 rows=9277 width=0)
	                    Index Cond: ((id >= 5152414) AND (id <= 5162413))

table 4 : explain SELECT DISTINCT c FROM sbtest4 WHERE id BETWEEN 2533190 AND 2543189 ORDER BY c
	Unique  (cost=33753.11..33800.51 rows=9480 width=121)
	  ->  Sort  (cost=33753.11..33776.81 rows=9480 width=121)
	        Sort Key: c
	        ->  Bitmap Heap Scan on sbtest4  (cost=309.61..33126.92 rows=9480 width=121)
	              Recheck Cond: ((id >= 2533190) AND (id <= 2543189))
	              ->  Bitmap Index Scan on sbtest4_pkey  (cost=0.00..307.24 rows=9480 width=0)
	                    Index Cond: ((id >= 2533190) AND (id <= 2543189))

table 5 : explain SELECT DISTINCT c FROM sbtest5 WHERE id BETWEEN 2653948 AND 2663947 ORDER BY c
	Unique  (cost=36922.64..36974.94 rows=10460 width=121)
	  ->  Sort  (cost=36922.64..36948.79 rows=10460 width=121)
	        Sort Key: c
	        ->  Bitmap Heap Scan on sbtest5  (cost=339.65..36224.30 rows=10460 width=121)
	              Recheck Cond: ((id >= 2653948) AND (id <= 2663947))
	              ->  Bitmap Index Scan on sbtest5_pkey  (cost=0.00..337.04 rows=10460 width=0)
	                    Index Cond: ((id >= 2653948) AND (id <= 2663947))

table 6 : explain SELECT DISTINCT c FROM sbtest6 WHERE id BETWEEN 6494900 AND 6504899 ORDER BY c
	Unique  (cost=34894.37..34943.72 rows=9870 width=121)
	  ->  Sort  (cost=34894.37..34919.05 rows=9870 width=121)
	        Sort Key: c
	        ->  Bitmap Heap Scan on sbtest6  (cost=321.60..34239.56 rows=9870 width=121)
	              Recheck Cond: ((id >= 6494900) AND (id <= 6504899))
	              ->  Bitmap Index Scan on sbtest6_pkey  (cost=0.00..319.13 rows=9870 width=0)
	                    Index Cond: ((id >= 6494900) AND (id <= 6504899))

table 7 : explain SELECT DISTINCT c FROM sbtest7 WHERE id BETWEEN 422573 AND 432572 ORDER BY c
	Unique  (cost=36786.81..36838.95 rows=10429 width=121)
	  ->  Sort  (cost=36786.81..36812.88 rows=10429 width=121)
	        Sort Key: c
	        ->  Bitmap Heap Scan on sbtest7  (cost=339.33..36090.76 rows=10429 width=121)
	              Recheck Cond: ((id >= 422573) AND (id <= 432572))
	              ->  Bitmap Index Scan on sbtest7_pkey  (cost=0.00..336.73 rows=10429 width=0)
	                    Index Cond: ((id >= 422573) AND (id <= 432572))

table 8 : explain SELECT DISTINCT c FROM sbtest8 WHERE id BETWEEN 1286038 AND 1296037 ORDER BY c
	Unique  (cost=35821.99..35872.85 rows=10173 width=121)
	  ->  Sort  (cost=35821.99..35847.42 rows=10173 width=121)
	        Sort Key: c
	        ->  Bitmap Heap Scan on sbtest8  (cost=328.71..35144.85 rows=10173 width=121)
	              Recheck Cond: ((id >= 1286038) AND (id <= 1296037))
	              ->  Bitmap Index Scan on sbtest8_pkey  (cost=0.00..326.17 rows=10173 width=0)
	                    Index Cond: ((id >= 1286038) AND (id <= 1296037))

explain: for point_selects :: explain SELECT c FROM sbtest%u WHERE id=%u
for: simple_ranges
table 1 : explain SELECT c FROM sbtest1 WHERE id BETWEEN 8303116 AND 8313115
	Bitmap Heap Scan on sbtest1  (cost=327.40..34820.35 rows=10045 width=121)
	  Recheck Cond: ((id >= 8303116) AND (id <= 8313115))
	  ->  Bitmap Index Scan on sbtest1_pkey  (cost=0.00..324.88 rows=10045 width=0)
	        Index Cond: ((id >= 8303116) AND (id <= 8313115))

table 2 : explain SELECT c FROM sbtest2 WHERE id BETWEEN 8880102 AND 8890101
	Bitmap Heap Scan on sbtest2  (cost=338.91..35769.31 rows=10388 width=121)
	  Recheck Cond: ((id >= 8880102) AND (id <= 8890101))
	  ->  Bitmap Index Scan on sbtest2_pkey  (cost=0.00..336.31 rows=10388 width=0)
	        Index Cond: ((id >= 8880102) AND (id <= 8890101))

table 3 : explain SELECT c FROM sbtest3 WHERE id BETWEEN 8509144 AND 8519143
	Bitmap Heap Scan on sbtest3  (cost=363.35..38580.29 rows=11211 width=121)
	  Recheck Cond: ((id >= 8509144) AND (id <= 8519143))
	  ->  Bitmap Index Scan on sbtest3_pkey  (cost=0.00..360.55 rows=11211 width=0)
	        Index Cond: ((id >= 8509144) AND (id <= 8519143))

table 4 : explain SELECT c FROM sbtest4 WHERE id BETWEEN 9550978 AND 9560977
	Bitmap Heap Scan on sbtest4  (cost=333.36..35535.35 rows=10237 width=121)
	  Recheck Cond: ((id >= 9550978) AND (id <= 9560977))
	  ->  Bitmap Index Scan on sbtest4_pkey  (cost=0.00..330.81 rows=10237 width=0)
	        Index Cond: ((id >= 9550978) AND (id <= 9560977))

table 5 : explain SELECT c FROM sbtest5 WHERE id BETWEEN 5304115 AND 5314114
	Bitmap Heap Scan on sbtest5  (cost=345.03..36651.17 rows=10595 width=121)
	  Recheck Cond: ((id >= 5304115) AND (id <= 5314114))
	  ->  Bitmap Index Scan on sbtest5_pkey  (cost=0.00..342.38 rows=10595 width=0)
	        Index Cond: ((id >= 5304115) AND (id <= 5314114))

table 6 : explain SELECT c FROM sbtest6 WHERE id BETWEEN 4759126 AND 4769125
	Bitmap Heap Scan on sbtest6  (cost=282.02..30634.65 rows=8740 width=121)
	  Recheck Cond: ((id >= 4759126) AND (id <= 4769125))
	  ->  Bitmap Index Scan on sbtest6_pkey  (cost=0.00..279.83 rows=8740 width=0)
	        Index Cond: ((id >= 4759126) AND (id <= 4769125))

table 7 : explain SELECT c FROM sbtest7 WHERE id BETWEEN 220337 AND 230336
	Bitmap Heap Scan on sbtest7  (cost=369.99..39338.27 rows=11469 width=121)
	  Recheck Cond: ((id >= 220337) AND (id <= 230336))
	  ->  Bitmap Index Scan on sbtest7_pkey  (cost=0.00..367.12 rows=11469 width=0)
	        Index Cond: ((id >= 220337) AND (id <= 230336))

table 8 : explain SELECT c FROM sbtest8 WHERE id BETWEEN 1903010 AND 1913009
	Bitmap Heap Scan on sbtest8  (cost=316.20..33761.27 rows=9733 width=121)
	  Recheck Cond: ((id >= 1903010) AND (id <= 1913009))
	  ->  Bitmap Index Scan on sbtest8_pkey  (cost=0.00..313.76 rows=9733 width=0)
	        Index Cond: ((id >= 1903010) AND (id <= 1913009))

explain: for point_selects :: explain SELECT c FROM sbtest%u WHERE id=%u
for: sum_ranges
table 1 : explain SELECT SUM(k) FROM sbtest1 WHERE id BETWEEN 5399385 AND 5409384
	Aggregate  (cost=37072.92..37072.93 rows=1 width=8)
	  ->  Bitmap Heap Scan on sbtest1  (cost=350.65..37046.04 rows=10753 width=4)
	        Recheck Cond: ((id >= 5399385) AND (id <= 5409384))
	        ->  Bitmap Index Scan on sbtest1_pkey  (cost=0.00..347.96 rows=10753 width=0)
	              Index Cond: ((id >= 5399385) AND (id <= 5409384))

table 2 : explain SELECT SUM(k) FROM sbtest2 WHERE id BETWEEN 4939465 AND 4949464
	Aggregate  (cost=31581.09..31581.10 rows=1 width=8)
	  ->  Bitmap Heap Scan on sbtest2  (cost=293.24..31558.46 rows=9054 width=4)
	        Recheck Cond: ((id >= 4939465) AND (id <= 4949464))
	        ->  Bitmap Index Scan on sbtest2_pkey  (cost=0.00..290.98 rows=9054 width=0)
	              Index Cond: ((id >= 4939465) AND (id <= 4949464))

table 3 : explain SELECT SUM(k) FROM sbtest3 WHERE id BETWEEN 3937009 AND 3947008
	Aggregate  (cost=34252.82..34252.83 rows=1 width=8)
	  ->  Bitmap Heap Scan on sbtest3  (cost=317.19..34228.25 rows=9830 width=4)
	        Recheck Cond: ((id >= 3937009) AND (id <= 3947008))
	        ->  Bitmap Index Scan on sbtest3_pkey  (cost=0.00..314.74 rows=9830 width=0)
	              Index Cond: ((id >= 3937009) AND (id <= 3947008))

table 4 : explain SELECT SUM(k) FROM sbtest4 WHERE id BETWEEN 1359103 AND 1369102
	Aggregate  (cost=36630.63..36630.64 rows=1 width=8)
	  ->  Bitmap Heap Scan on sbtest4  (cost=344.84..36604.19 rows=10576 width=4)
	        Recheck Cond: ((id >= 1359103) AND (id <= 1369102))
	        ->  Bitmap Index Scan on sbtest4_pkey  (cost=0.00..342.19 rows=10576 width=0)
	              Index Cond: ((id >= 1359103) AND (id <= 1369102))

table 5 : explain SELECT SUM(k) FROM sbtest5 WHERE id BETWEEN 4753543 AND 4763542
	Aggregate  (cost=34075.73..34075.74 rows=1 width=8)
	  ->  Bitmap Heap Scan on sbtest5  (cost=316.62..34051.29 rows=9774 width=4)
	        Recheck Cond: ((id >= 4753543) AND (id <= 4763542))
	        ->  Bitmap Index Scan on sbtest5_pkey  (cost=0.00..314.18 rows=9774 width=0)
	              Index Cond: ((id >= 4753543) AND (id <= 4763542))

table 6 : explain SELECT SUM(k) FROM sbtest6 WHERE id BETWEEN 1287859 AND 1297858
	Aggregate  (cost=35510.41..35510.42 rows=1 width=8)
	  ->  Bitmap Heap Scan on sbtest6  (cost=333.65..35484.75 rows=10265 width=4)
	        Recheck Cond: ((id >= 1287859) AND (id <= 1297858))
	        ->  Bitmap Index Scan on sbtest6_pkey  (cost=0.00..331.08 rows=10265 width=0)
	              Index Cond: ((id >= 1287859) AND (id <= 1297858))

table 7 : explain SELECT SUM(k) FROM sbtest7 WHERE id BETWEEN 2719028 AND 2729027
	Aggregate  (cost=32305.49..32305.50 rows=1 width=8)
	  ->  Bitmap Heap Scan on sbtest7  (cost=299.04..32282.42 rows=9230 width=4)
	        Recheck Cond: ((id >= 2719028) AND (id <= 2729027))
	        ->  Bitmap Index Scan on sbtest7_pkey  (cost=0.00..296.74 rows=9230 width=0)
	              Index Cond: ((id >= 2719028) AND (id <= 2729027))

table 8 : explain SELECT SUM(k) FROM sbtest8 WHERE id BETWEEN 7420075 AND 7430074
	Aggregate  (cost=31304.78..31304.79 rows=1 width=8)
	  ->  Bitmap Heap Scan on sbtest8  (cost=292.20..31282.40 rows=8953 width=4)
	        Recheck Cond: ((id >= 7420075) AND (id <= 7430074))
	        ->  Bitmap Index Scan on sbtest8_pkey  (cost=0.00..289.96 rows=8953 width=0)
	              Index Cond: ((id >= 7420075) AND (id <= 7430074))

for: order_ranges
table 1 : explain SELECT c FROM sbtest1 WHERE id BETWEEN 5372917 AND 5382916 ORDER BY c
	Sort  (cost=37766.08..37792.97 rows=10753 width=121)
	  Sort Key: c
	  ->  Bitmap Heap Scan on sbtest1  (cost=350.65..37046.04 rows=10753 width=121)
	        Recheck Cond: ((id >= 5372917) AND (id <= 5382916))
	        ->  Bitmap Index Scan on sbtest1_pkey  (cost=0.00..347.96 rows=10753 width=0)
	              Index Cond: ((id >= 5372917) AND (id <= 5382916))

table 2 : explain SELECT c FROM sbtest2 WHERE id BETWEEN 9537797 AND 9547796 ORDER BY c
	Sort  (cost=38031.40..38058.61 rows=10882 width=121)
	  Sort Key: c
	  ->  Bitmap Heap Scan on sbtest2  (cost=351.98..37301.79 rows=10882 width=121)
	        Recheck Cond: ((id >= 9537797) AND (id <= 9547796))
	        ->  Bitmap Index Scan on sbtest2_pkey  (cost=0.00..349.25 rows=10882 width=0)
	              Index Cond: ((id >= 9537797) AND (id <= 9547796))

table 3 : explain SELECT c FROM sbtest3 WHERE id BETWEEN 8659777 AND 8669776 ORDER BY c
	Sort  (cost=35482.93..35507.97 rows=10015 width=121)
	  Sort Key: c
	  ->  Bitmap Heap Scan on sbtest3  (cost=323.09..34817.44 rows=10015 width=121)
	        Recheck Cond: ((id >= 8659777) AND (id <= 8669776))
	        ->  Bitmap Index Scan on sbtest3_pkey  (cost=0.00..320.58 rows=10015 width=0)
	              Index Cond: ((id >= 8659777) AND (id <= 8669776))

table 4 : explain SELECT c FROM sbtest4 WHERE id BETWEEN 3829339 AND 3839338 ORDER BY c
	Sort  (cost=32958.00..32981.10 rows=9239 width=121)
	  Sort Key: c
	  ->  Bitmap Heap Scan on sbtest4  (cost=299.13..32349.45 rows=9239 width=121)
	        Recheck Cond: ((id >= 3829339) AND (id <= 3839338))
	        ->  Bitmap Index Scan on sbtest4_pkey  (cost=0.00..296.82 rows=9239 width=0)
	              Index Cond: ((id >= 3829339) AND (id <= 3839338))

table 5 : explain SELECT c FROM sbtest5 WHERE id BETWEEN 3690937 AND 3700936 ORDER BY c
	Sort  (cost=38000.09..38027.07 rows=10794 width=121)
	  Sort Key: c
	  ->  Bitmap Heap Scan on sbtest5  (cost=351.07..37277.00 rows=10794 width=121)
	        Recheck Cond: ((id >= 3690937) AND (id <= 3700936))
	        ->  Bitmap Index Scan on sbtest5_pkey  (cost=0.00..348.38 rows=10794 width=0)
	              Index Cond: ((id >= 3690937) AND (id <= 3700936))

table 6 : explain SELECT c FROM sbtest6 WHERE id BETWEEN 3941569 AND 3951568 ORDER BY c
	Sort  (cost=35695.80..35721.10 rows=10118 width=121)
	  Sort Key: c
	  ->  Bitmap Heap Scan on sbtest6  (cost=328.14..35022.72 rows=10118 width=121)
	        Recheck Cond: ((id >= 3941569) AND (id <= 3951568))
	        ->  Bitmap Index Scan on sbtest6_pkey  (cost=0.00..325.62 rows=10118 width=0)
	              Index Cond: ((id >= 3941569) AND (id <= 3951568))

table 7 : explain SELECT c FROM sbtest7 WHERE id BETWEEN 6130294 AND 6140293 ORDER BY c
	Sort  (cost=37889.61..37916.54 rows=10772 width=121)
	  Sort Key: c
	  ->  Bitmap Heap Scan on sbtest7  (cost=350.85..37168.16 rows=10772 width=121)
	        Recheck Cond: ((id >= 6130294) AND (id <= 6140293))
	        ->  Bitmap Index Scan on sbtest7_pkey  (cost=0.00..348.16 rows=10772 width=0)
	              Index Cond: ((id >= 6130294) AND (id <= 6140293))

table 8 : explain SELECT c FROM sbtest8 WHERE id BETWEEN 9121971 AND 9131970 ORDER BY c
	Sort  (cost=35316.44..35341.48 rows=10016 width=121)
	  Sort Key: c
	  ->  Bitmap Heap Scan on sbtest8  (cost=323.10..34650.88 rows=10016 width=121)
	        Recheck Cond: ((id >= 9121971) AND (id <= 9131970))
	        ->  Bitmap Index Scan on sbtest8_pkey  (cost=0.00..320.59 rows=10016 width=0)
	              Index Cond: ((id >= 9121971) AND (id <= 9131970))

explain: for point_selects :: explain SELECT c FROM sbtest%u WHERE id=%u
explain: for point_selects :: explain SELECT c FROM sbtest%u WHERE id=%uexplain: for point_selects :: explain SELECT c FROM sbtest%u WHERE id=%u

for: simple_ranges
table 1 : explain SELECT c FROM sbtest1 WHERE id BETWEEN 4286274 AND 4296273
	Bitmap Heap Scan on sbtest1  (cost=298.31..32003.53 rows=9159 width=121)
	  Recheck Cond: ((id >= 4286274) AND (id <= 4296273))
	  ->  Bitmap Index Scan on sbtest1_pkey  (cost=0.00..296.03 rows=9159 width=0)
	        Index Cond: ((id >= 4286274) AND (id <= 4296273))

table 2 : explain SELECT c FROM sbtest2 WHERE id BETWEEN 4043267 AND 4053266
	Bitmap Heap Scan on sbtest2  (cost=311.26..33421.18 rows=9641 width=121)
	  Recheck Cond: ((id >= 4043267) AND (id <= 4053266))
	  ->  Bitmap Index Scan on sbtest2_pkey  (cost=0.00..308.84 rows=9641 width=0)
	        Index Cond: ((id >= 4043267) AND (id <= 4053266))

table 3 : explain SELECT c FROM sbtest3 WHERE id BETWEEN 1407893 AND 1417892
	Bitmap Heap Scan on sbtest3  (cost=299.23..32370.90 rows=9248 width=121)
	  Recheck Cond: ((id >= 1407893) AND (id <= 1417892))
	  ->  Bitmap Index Scan on sbtest3_pkey  (cost=0.00..296.92 rows=9248 width=0)
	        Index Cond: ((id >= 1407893) AND (id <= 1417892))

table 4 : explain SELECT c FROM sbtest4 WHERE id BETWEEN 6558766 AND 6568765
	Bitmap Heap Scan on sbtest4  (cost=315.99..33868.85 rows=9713 width=121)
	  Recheck Cond: ((id >= 6558766) AND (id <= 6568765))
	  ->  Bitmap Index Scan on sbtest4_pkey  (cost=0.00..313.56 rows=9713 width=0)
	        Index Cond: ((id >= 6558766) AND (id <= 6568765))

table 5 : explain SELECT c FROM sbtest5 WHERE id BETWEEN 703809 AND 713808
	Bitmap Heap Scan on sbtest5  (cost=322.77..34718.83 rows=9984 width=121)
	  Recheck Cond: ((id >= 703809) AND (id <= 713808))
	  ->  Bitmap Index Scan on sbtest5_pkey  (cost=0.00..320.28 rows=9984 width=0)
	        Index Cond: ((id >= 703809) AND (id <= 713808))

table 6 : explain SELECT c FROM sbtest6 WHERE id BETWEEN 9025004 AND 9035003
	Bitmap Heap Scan on sbtest6  (cost=293.82..31822.04 rows=9111 width=121)
	  Recheck Cond: ((id >= 9025004) AND (id <= 9035003))
	  ->  Bitmap Index Scan on sbtest6_pkey  (cost=0.00..291.55 rows=9111 width=0)
	        Index Cond: ((id >= 9025004) AND (id <= 9035003))

table 7 : explain SELECT c FROM sbtest7 WHERE id BETWEEN 5996628 AND 6006627
	Bitmap Heap Scan on sbtest7  (cost=339.24..36064.92 rows=10420 width=121)
	  Recheck Cond: ((id >= 5996628) AND (id <= 6006627))
	  ->  Bitmap Index Scan on sbtest7_pkey  (cost=0.00..336.63 rows=10420 width=0)
	        Index Cond: ((id >= 5996628) AND (id <= 6006627))

table 8 : explain SELECT c FROM sbtest8 WHERE id BETWEEN 1850564 AND 1860563
	Bitmap Heap Scan on sbtest8  (cost=316.20..33761.27 rows=9733 width=121)
	  Recheck Cond: ((id >= 1850564) AND (id <= 1860563))
	  ->  Bitmap Index Scan on sbtest8_pkey  (cost=0.00..313.76 rows=9733 width=0)
	        Index Cond: ((id >= 1850564) AND (id <= 1860563))

explain: for point_selects :: explain SELECT c FROM sbtest%u WHERE id=%u
for: simple_ranges
table 1 : explain SELECT c FROM sbtest1 WHERE id BETWEEN 4054318 AND 4064317
	Bitmap Heap Scan on sbtest1  (cost=351.05..37164.72 rows=10792 width=121)
	  Recheck Cond: ((id >= 4054318) AND (id <= 4064317))
	  ->  Bitmap Index Scan on sbtest1_pkey  (cost=0.00..348.36 rows=10792 width=0)
	        Index Cond: ((id >= 4054318) AND (id <= 4064317))

table 2 : explain SELECT c FROM sbtest2 WHERE id BETWEEN 7416394 AND 7426393
	Bitmap Heap Scan on sbtest2  (cost=293.41..31613.84 rows=9071 width=121)
	  Recheck Cond: ((id >= 7416394) AND (id <= 7426393))
	  ->  Bitmap Index Scan on sbtest2_pkey  (cost=0.00..291.15 rows=9071 width=0)
	        Index Cond: ((id >= 7416394) AND (id <= 7426393))

table 3 : explain SELECT c FROM sbtest3 WHERE id BETWEEN 8356857 AND 8366856
	Bitmap Heap Scan on sbtest3  (cost=310.24..33311.36 rows=9542 width=121)
	  Recheck Cond: ((id >= 8356857) AND (id <= 8366856))
	  ->  Bitmap Index Scan on sbtest3_pkey  (cost=0.00..307.86 rows=9542 width=0)
	        Index Cond: ((id >= 8356857) AND (id <= 8366856))

table 4 : explain SELECT c FROM sbtest4 WHERE id BETWEEN 5476818 AND 5486817
	Bitmap Heap Scan on sbtest4  (cost=327.58..34983.15 rows=10063 width=121)
	  Recheck Cond: ((id >= 5476818) AND (id <= 5486817))
	  ->  Bitmap Index Scan on sbtest4_pkey  (cost=0.00..325.06 rows=10063 width=0)
	        Index Cond: ((id >= 5476818) AND (id <= 5486817))

table 5 : explain SELECT c FROM sbtest5 WHERE id BETWEEN 1168022 AND 1178021
	Bitmap Heap Scan on sbtest5  (cost=334.05..35732.02 rows=10304 width=121)
	  Recheck Cond: ((id >= 1168022) AND (id <= 1178021))
	  ->  Bitmap Index Scan on sbtest5_pkey  (cost=0.00..331.48 rows=10304 width=0)
	        Index Cond: ((id >= 1168022) AND (id <= 1178021))

table 6 : explain SELECT c FROM sbtest6 WHERE id BETWEEN 4486978 AND 4496977
	Bitmap Heap Scan on sbtest6  (cost=316.28..33830.49 rows=9741 width=121)
	  Recheck Cond: ((id >= 4486978) AND (id <= 4496977))
	  ->  Bitmap Index Scan on sbtest6_pkey  (cost=0.00..313.84 rows=9741 width=0)
	        Index Cond: ((id >= 4486978) AND (id <= 4496977))

table 7 : explain SELECT c FROM sbtest7 WHERE id BETWEEN 9048391 AND 9058390
	Bitmap Heap Scan on sbtest7  (cost=304.79..32826.07 rows=9400 width=121)
	  Recheck Cond: ((id >= 9048391) AND (id <= 9058390))
	  ->  Bitmap Index Scan on sbtest7_pkey  (cost=0.00..302.44 rows=9400 width=0)
	        Index Cond: ((id >= 9048391) AND (id <= 9058390))

table 8 : explain SELECT c FROM sbtest8 WHERE id BETWEEN 5515975 AND 5525974
	Bitmap Heap Scan on sbtest8  (cost=327.86..34887.08 rows=10090 width=121)
	  Recheck Cond: ((id >= 5515975) AND (id <= 5525974))
	  ->  Bitmap Index Scan on sbtest8_pkey  (cost=0.00..325.33 rows=10090 width=0)
	        Index Cond: ((id >= 5515975) AND (id <= 5525974))

for: distinct_ranges
table 1 : explain SELECT DISTINCT c FROM sbtest1 WHERE id BETWEEN 3477188 AND 3487187 ORDER BY c
	Unique  (cost=33928.94..33976.76 rows=9564 width=121)
	  ->  Sort  (cost=33928.94..33952.85 rows=9564 width=121)
	        Sort Key: c
	        ->  Bitmap Heap Scan on sbtest1  (cost=310.47..33296.60 rows=9564 width=121)
	              Recheck Cond: ((id >= 3477188) AND (id <= 3487187))
	              ->  Bitmap Index Scan on sbtest1_pkey  (cost=0.00..308.07 rows=9564 width=0)
	                    Index Cond: ((id >= 3477188) AND (id <= 3487187))

table 2 : explain SELECT DISTINCT c FROM sbtest2 WHERE id BETWEEN 8960091 AND 8970090 ORDER BY c
	Unique  (cost=35866.97..35917.98 rows=10202 width=121)
	  ->  Sort  (cost=35866.97..35892.47 rows=10202 width=121)
	        Sort Key: c
	        ->  Bitmap Heap Scan on sbtest2  (cost=333.01..35187.69 rows=10202 width=121)
	              Recheck Cond: ((id >= 8960091) AND (id <= 8970090))
	              ->  Bitmap Index Scan on sbtest2_pkey  (cost=0.00..330.45 rows=10202 width=0)
	                    Index Cond: ((id >= 8960091) AND (id <= 8970090))

table 3 : explain SELECT DISTINCT c FROM sbtest3 WHERE id BETWEEN 7601344 AND 7611343 ORDER BY c
	Unique  (cost=34045.67..34093.54 rows=9574 width=121)
	  ->  Sort  (cost=34045.67..34069.60 rows=9574 width=121)
	        Sort Key: c
	        ->  Bitmap Heap Scan on sbtest3  (cost=310.57..33412.59 rows=9574 width=121)
	              Recheck Cond: ((id >= 7601344) AND (id <= 7611343))
	              ->  Bitmap Index Scan on sbtest3_pkey  (cost=0.00..308.18 rows=9574 width=0)
	                    Index Cond: ((id >= 7601344) AND (id <= 7611343))

table 4 : explain SELECT DISTINCT c FROM sbtest4 WHERE id BETWEEN 2818652 AND 2828651 ORDER BY c
	Unique  (cost=34808.93..34857.96 rows=9805 width=121)
	  ->  Sort  (cost=34808.93..34833.44 rows=9805 width=121)
	        Sort Key: c
	        ->  Bitmap Heap Scan on sbtest4  (cost=316.94..34158.89 rows=9805 width=121)
	              Recheck Cond: ((id >= 2818652) AND (id <= 2828651))
	              ->  Bitmap Index Scan on sbtest4_pkey  (cost=0.00..314.49 rows=9805 width=0)
	                    Index Cond: ((id >= 2818652) AND (id <= 2828651))

table 5 : explain SELECT DISTINCT c FROM sbtest5 WHERE id BETWEEN 6053037 AND 6063036 ORDER BY c
	Unique  (cost=33693.00..33740.33 rows=9467 width=121)
	  ->  Sort  (cost=33693.00..33716.67 rows=9467 width=121)
	        Sort Key: c
	        ->  Bitmap Heap Scan on sbtest5  (cost=305.47..33067.77 rows=9467 width=121)
	              Recheck Cond: ((id >= 6053037) AND (id <= 6063036))
	              ->  Bitmap Index Scan on sbtest5_pkey  (cost=0.00..303.11 rows=9467 width=0)
	                    Index Cond: ((id >= 6053037) AND (id <= 6063036))

table 6 : explain SELECT DISTINCT c FROM sbtest6 WHERE id BETWEEN 9656602 AND 9666601 ORDER BY c
	Unique  (cost=37716.39..37770.13 rows=10749 width=121)
	  ->  Sort  (cost=37716.39..37743.26 rows=10749 width=121)
	        Sort Key: c
	        ->  Bitmap Heap Scan on sbtest6  (cost=346.61..36996.64 rows=10749 width=121)
	              Recheck Cond: ((id >= 9656602) AND (id <= 9666601))
	              ->  Bitmap Index Scan on sbtest6_pkey  (cost=0.00..343.93 rows=10749 width=0)
	                    Index Cond: ((id >= 9656602) AND (id <= 9666601))

table 7 : explain SELECT DISTINCT c FROM sbtest7 WHERE id BETWEEN 6717285 AND 6727284 ORDER BY c
	Unique  (cost=34278.10..34326.37 rows=9655 width=121)
	  ->  Sort  (cost=34278.10..34302.24 rows=9655 width=121)
	        Sort Key: c
	        ->  Bitmap Heap Scan on sbtest7  (cost=311.40..33639.08 rows=9655 width=121)
	              Recheck Cond: ((id >= 6717285) AND (id <= 6727284))
	              ->  Bitmap Index Scan on sbtest7_pkey  (cost=0.00..308.99 rows=9655 width=0)
	                    Index Cond: ((id >= 6717285) AND (id <= 6727284))

table 8 : explain SELECT DISTINCT c FROM sbtest8 WHERE id BETWEEN 5844193 AND 5854192 ORDER BY c
	Unique  (cost=36319.94..36371.58 rows=10327 width=121)
	  ->  Sort  (cost=36319.94..36345.76 rows=10327 width=121)
	        Sort Key: c
	        ->  Bitmap Heap Scan on sbtest8  (cost=334.29..35631.43 rows=10327 width=121)
	              Recheck Cond: ((id >= 5844193) AND (id <= 5854192))
	              ->  Bitmap Index Scan on sbtest8_pkey  (cost=0.00..331.70 rows=10327 width=0)
	                    Index Cond: ((id >= 5844193) AND (id <= 5854192))

for point_selects
table 1 : explain SELECT c FROM sbtest1 WHERE id=4628467
	Index Scan using sbtest1_pkey on sbtest1  (cost=0.43..8.45 rows=1 width=121)
	  Index Cond: (id = 4628467)

table 2 : explain SELECT c FROM sbtest2 WHERE id=7807837
	Index Scan using sbtest2_pkey on sbtest2  (cost=0.43..8.45 rows=1 width=121)
	  Index Cond: (id = 7807837)

table 3 : explain SELECT c FROM sbtest3 WHERE id=5278692
	Index Scan using sbtest3_pkey on sbtest3  (cost=0.43..8.45 rows=1 width=121)
	  Index Cond: (id = 5278692)

table 4 : explain SELECT c FROM sbtest4 WHERE id=568596
	Index Scan using sbtest4_pkey on sbtest4  (cost=0.43..8.45 rows=1 width=121)
	  Index Cond: (id = 568596)

table 5 : explain SELECT c FROM sbtest5 WHERE id=3298527
	Index Scan using sbtest5_pkey on sbtest5  (cost=0.43..8.45 rows=1 width=121)
	  Index Cond: (id = 3298527)

table 6 : explain SELECT c FROM sbtest6 WHERE id=1167719
	Index Scan using sbtest6_pkey on sbtest6  (cost=0.43..8.45 rows=1 width=121)
	  Index Cond: (id = 1167719)

table 7 : explain SELECT c FROM sbtest7 WHERE id=4155792
	Index Scan using sbtest7_pkey on sbtest7  (cost=0.43..8.45 rows=1 width=121)
	  Index Cond: (id = 4155792)

table 8 : explain SELECT c FROM sbtest8 WHERE id=6036032
	Index Scan using sbtest8_pkey on sbtest8  (cost=0.43..8.45 rows=1 width=121)
	  Index Cond: (id = 6036032)

for: sum_ranges
table 1 : explain SELECT SUM(k) FROM sbtest1 WHERE id BETWEEN 9233758 AND 9243757
	Aggregate  (cost=34884.29..34884.30 rows=1 width=8)
	  ->  Bitmap Heap Scan on sbtest1  (cost=327.52..34859.15 rows=10057 width=4)
	        Recheck Cond: ((id >= 9233758) AND (id <= 9243757))
	        ->  Bitmap Index Scan on sbtest1_pkey  (cost=0.00..325.00 rows=10057 width=0)
	              Index Cond: ((id >= 9233758) AND (id <= 9243757))

table 2 : explain SELECT SUM(k) FROM sbtest2 WHERE id BETWEEN 9924704 AND 9934703
	Aggregate  (cost=33467.97..33467.98 rows=1 width=8)
	  ->  Bitmap Heap Scan on sbtest2  (cost=311.34..33443.85 rows=9649 width=4)
	        Recheck Cond: ((id >= 9924704) AND (id <= 9934703))
	        ->  Bitmap Index Scan on sbtest2_pkey  (cost=0.00..308.93 rows=9649 width=0)
	              Index Cond: ((id >= 9924704) AND (id <= 9934703))

table 3 : explain SELECT SUM(k) FROM sbtest3 WHERE id BETWEEN 1182661 AND 1192660
	Aggregate  (cost=33263.29..33263.30 rows=1 width=8)
	  ->  Bitmap Heap Scan on sbtest3  (cost=310.00..33239.49 rows=9519 width=4)
	        Recheck Cond: ((id >= 1182661) AND (id <= 1192660))
	        ->  Bitmap Index Scan on sbtest3_pkey  (cost=0.00..307.62 rows=9519 width=0)
	              Index Cond: ((id >= 1182661) AND (id <= 1192660))

table 4 : explain SELECT SUM(k) FROM sbtest4 WHERE id BETWEEN 6277129 AND 6287128
	Aggregate  (cost=32720.91..32720.92 rows=1 width=8)
	  ->  Bitmap Heap Scan on sbtest4  (cost=304.24..32697.54 rows=9347 width=4)
	        Recheck Cond: ((id >= 6277129) AND (id <= 6287128))
	        ->  Bitmap Index Scan on sbtest4_pkey  (cost=0.00..301.91 rows=9347 width=0)
	              Index Cond: ((id >= 6277129) AND (id <= 6287128))

table 5 : explain SELECT SUM(k) FROM sbtest5 WHERE id BETWEEN 5009534 AND 5019533
	Aggregate  (cost=32800.12..32800.13 rows=1 width=8)
	  ->  Bitmap Heap Scan on sbtest5  (cost=304.53..32776.68 rows=9375 width=4)
	        Recheck Cond: ((id >= 5009534) AND (id <= 5019533))
	        ->  Bitmap Index Scan on sbtest5_pkey  (cost=0.00..302.19 rows=9375 width=0)
	              Index Cond: ((id >= 5009534) AND (id <= 5019533))

table 6 : explain SELECT SUM(k) FROM sbtest6 WHERE id BETWEEN 9064180 AND 9074179
	Aggregate  (cost=32714.87..32714.88 rows=1 width=8)
	  ->  Bitmap Heap Scan on sbtest6  (cost=304.60..32691.41 rows=9382 width=4)
	        Recheck Cond: ((id >= 9064180) AND (id <= 9074179))
	        ->  Bitmap Index Scan on sbtest6_pkey  (cost=0.00..302.25 rows=9382 width=0)
	              Index Cond: ((id >= 9064180) AND (id <= 9074179))

table 7 : explain SELECT SUM(k) FROM sbtest7 WHERE id BETWEEN 7916328 AND 7926327
	Aggregate  (cost=33193.41..33193.42 rows=1 width=8)
	  ->  Bitmap Heap Scan on sbtest7  (cost=309.88..33169.64 rows=9507 width=4)
	        Recheck Cond: ((id >= 7916328) AND (id <= 7926327))
	        ->  Bitmap Index Scan on sbtest7_pkey  (cost=0.00..307.50 rows=9507 width=0)
	              Index Cond: ((id >= 7916328) AND (id <= 7926327))

table 8 : explain SELECT SUM(k) FROM sbtest8 WHERE id BETWEEN 9035970 AND 9045969
	Aggregate  (cost=33009.23..33009.24 rows=1 width=8)
	  ->  Bitmap Heap Scan on sbtest8  (cost=309.68..32985.51 rows=9487 width=4)
	        Recheck Cond: ((id >= 9035970) AND (id <= 9045969))
	        ->  Bitmap Index Scan on sbtest8_pkey  (cost=0.00..307.31 rows=9487 width=0)
	              Index Cond: ((id >= 9035970) AND (id <= 9045969))

for: sum_ranges
table 1 : explain SELECT SUM(k) FROM sbtest1 WHERE id BETWEEN 660730 AND 670729
	Aggregate  (cost=35525.19..35525.20 rows=1 width=8)
	  ->  Bitmap Heap Scan on sbtest1  (cost=333.61..35499.53 rows=10261 width=4)
	        Recheck Cond: ((id >= 660730) AND (id <= 670729))
	        ->  Bitmap Index Scan on sbtest1_pkey  (cost=0.00..331.05 rows=10261 width=0)
	              Index Cond: ((id >= 660730) AND (id <= 670729))

table 2 : explain SELECT SUM(k) FROM sbtest2 WHERE id BETWEEN 4318675 AND 4328674
	Aggregate  (cost=35200.34..35200.35 rows=1 width=8)
	  ->  Bitmap Heap Scan on sbtest2  (cost=332.96..35174.84 rows=10198 width=4)
	        Recheck Cond: ((id >= 4318675) AND (id <= 4328674))
	        ->  Bitmap Index Scan on sbtest2_pkey  (cost=0.00..330.42 rows=10198 width=0)
	              Index Cond: ((id >= 4318675) AND (id <= 4328674))

table 3 : explain SELECT SUM(k) FROM sbtest3 WHERE id BETWEEN 9844973 AND 9854972
	Aggregate  (cost=36177.31..36177.32 rows=1 width=8)
	  ->  Bitmap Heap Scan on sbtest3  (cost=339.40..36151.22 rows=10436 width=4)
	        Recheck Cond: ((id >= 9844973) AND (id <= 9854972))
	        ->  Bitmap Index Scan on sbtest3_pkey  (cost=0.00..336.80 rows=10436 width=0)
	              Index Cond: ((id >= 9844973) AND (id <= 9854972))

table 4 : explain SELECT SUM(k) FROM sbtest4 WHERE id BETWEEN 1083455 AND 1093454
	Aggregate  (cost=33055.01..33055.02 rows=1 width=8)
	  ->  Bitmap Heap Scan on sbtest4  (cost=305.32..33031.38 rows=9452 width=4)
	        Recheck Cond: ((id >= 1083455) AND (id <= 1093454))
	        ->  Bitmap Index Scan on sbtest4_pkey  (cost=0.00..302.95 rows=9452 width=0)
	              Index Cond: ((id >= 1083455) AND (id <= 1093454))

table 5 : explain SELECT SUM(k) FROM sbtest5 WHERE id BETWEEN 5670300 AND 5680299
	Aggregate  (cost=32281.44..32281.45 rows=1 width=8)
	  ->  Bitmap Heap Scan on sbtest5  (cost=298.87..32258.41 rows=9213 width=4)
	        Recheck Cond: ((id >= 5670300) AND (id <= 5680299))
	        ->  Bitmap Index Scan on sbtest5_pkey  (cost=0.00..296.56 rows=9213 width=0)
	              Index Cond: ((id >= 5670300) AND (id <= 5680299))

table 6 : explain SELECT SUM(k) FROM sbtest6 WHERE id BETWEEN 465364 AND 475363
	Aggregate  (cost=35510.41..35510.42 rows=1 width=8)
	  ->  Bitmap Heap Scan on sbtest6  (cost=333.65..35484.75 rows=10265 width=4)
	        Recheck Cond: ((id >= 465364) AND (id <= 475363))
	        ->  Bitmap Index Scan on sbtest6_pkey  (cost=0.00..331.08 rows=10265 width=0)
	              Index Cond: ((id >= 465364) AND (id <= 475363))

table 7 : explain SELECT SUM(k) FROM sbtest7 WHERE id BETWEEN 9559428 AND 9569427
	Aggregate  (cost=37153.24..37153.25 rows=1 width=8)
	  ->  Bitmap Heap Scan on sbtest7  (cost=350.70..37126.35 rows=10758 width=4)
	        Recheck Cond: ((id >= 9559428) AND (id <= 9569427))
	        ->  Bitmap Index Scan on sbtest7_pkey  (cost=0.00..348.01 rows=10758 width=0)
	              Index Cond: ((id >= 9559428) AND (id <= 9569427))

table 8 : explain SELECT SUM(k) FROM sbtest8 WHERE id BETWEEN 8596127 AND 8606126
	Aggregate  (cost=34436.83..34436.84 rows=1 width=8)
	  ->  Bitmap Heap Scan on sbtest8  (cost=322.31..34411.99 rows=9939 width=4)
	        Recheck Cond: ((id >= 8596127) AND (id <= 8606126))
	        ->  Bitmap Index Scan on sbtest8_pkey  (cost=0.00..319.82 rows=9939 width=0)
	              Index Cond: ((id >= 8596127) AND (id <= 8606126))

for point_selects
table 1 : explain SELECT c FROM sbtest1 WHERE id=6983737
	Index Scan using sbtest1_pkey on sbtest1  (cost=0.43..8.45 rows=1 width=121)
	  Index Cond: (id = 6983737)

table 2 : explain SELECT c FROM sbtest2 WHERE id=871320
	Index Scan using sbtest2_pkey on sbtest2  (cost=0.43..8.45 rows=1 width=121)
	  Index Cond: (id = 871320)

table 3 : explain SELECT c FROM sbtest3 WHERE id=6661998
	Index Scan using sbtest3_pkey on sbtest3  (cost=0.43..8.45 rows=1 width=121)
	  Index Cond: (id = 6661998)

table 4 : explain SELECT c FROM sbtest4 WHERE id=6236553
	Index Scan using sbtest4_pkey on sbtest4  (cost=0.43..8.45 rows=1 width=121)
	  Index Cond: (id = 6236553)

table 5 : explain SELECT c FROM sbtest5 WHERE id=3492553
	Index Scan using sbtest5_pkey on sbtest5  (cost=0.43..8.45 rows=1 width=121)
	  Index Cond: (id = 3492553)

table 6 : explain SELECT c FROM sbtest6 WHERE id=401784
	Index Scan using sbtest6_pkey on sbtest6  (cost=0.43..8.45 rows=1 width=121)
	  Index Cond: (id = 401784)

table 7 : explain SELECT c FROM sbtest7 WHERE id=5881373
	Index Scan using sbtest7_pkey on sbtest7  (cost=0.43..8.45 rows=1 width=121)
	  Index Cond: (id = 5881373)

table 8 : explain SELECT c FROM sbtest8 WHERE id=9350496
	Index Scan using sbtest8_pkey on sbtest8  (cost=0.43..8.45 rows=1 width=121)
	  Index Cond: (id = 9350496)

for: simple_ranges
table 1 : explain SELECT c FROM sbtest1 WHERE id BETWEEN 162965 AND 172964
	Bitmap Heap Scan on sbtest1  (cost=322.24..34463.51 rows=9932 width=121)
	  Recheck Cond: ((id >= 162965) AND (id <= 172964))
	  ->  Bitmap Index Scan on sbtest1_pkey  (cost=0.00..319.75 rows=9932 width=0)
	        Index Cond: ((id >= 162965) AND (id <= 172964))

table 2 : explain SELECT c FROM sbtest2 WHERE id BETWEEN 9820934 AND 9830933
	Bitmap Heap Scan on sbtest2  (cost=334.65..35685.16 rows=10362 width=121)
	  Recheck Cond: ((id >= 9820934) AND (id <= 9830933))
	  ->  Bitmap Index Scan on sbtest2_pkey  (cost=0.00..332.06 rows=10362 width=0)
	        Index Cond: ((id >= 9820934) AND (id <= 9830933))

table 3 : explain SELECT c FROM sbtest3 WHERE id BETWEEN 4032672 AND 4042671
	Bitmap Heap Scan on sbtest3  (cost=321.34..34277.80 rows=9844 width=121)
	  Recheck Cond: ((id >= 4032672) AND (id <= 4042671))
	  ->  Bitmap Index Scan on sbtest3_pkey  (cost=0.00..318.88 rows=9844 width=0)
	        Index Cond: ((id >= 4032672) AND (id <= 4042671))

table 4 : explain SELECT c FROM sbtest4 WHERE id BETWEEN 7199163 AND 7209162
	Bitmap Heap Scan on sbtest4  (cost=333.35..35532.11 rows=10236 width=121)
	  Recheck Cond: ((id >= 7199163) AND (id <= 7209162))
	  ->  Bitmap Index Scan on sbtest4_pkey  (cost=0.00..330.80 rows=10236 width=0)
	        Index Cond: ((id >= 7199163) AND (id <= 7209162))

table 5 : explain SELECT c FROM sbtest5 WHERE id BETWEEN 7561317 AND 7571316
	Bitmap Heap Scan on sbtest5  (cost=322.38..34598.61 rows=9946 width=121)
	  Recheck Cond: ((id >= 7561317) AND (id <= 7571316))
	  ->  Bitmap Index Scan on sbtest5_pkey  (cost=0.00..319.90 rows=9946 width=0)
	        Index Cond: ((id >= 7561317) AND (id <= 7571316))

table 6 : explain SELECT c FROM sbtest6 WHERE id BETWEEN 3097817 AND 3107816
	Bitmap Heap Scan on sbtest6  (cost=321.72..34275.16 rows=9881 width=121)
	  Recheck Cond: ((id >= 3097817) AND (id <= 3107816))
	  ->  Bitmap Index Scan on sbtest6_pkey  (cost=0.00..319.25 rows=9881 width=0)
	        Index Cond: ((id >= 3097817) AND (id <= 3107816))

table 7 : explain SELECT c FROM sbtest7 WHERE id BETWEEN 1003640 AND 1013639
	Bitmap Heap Scan on sbtest7  (cost=328.73..35287.62 rows=10175 width=121)
	  Recheck Cond: ((id >= 1003640) AND (id <= 1013639))
	  ->  Bitmap Index Scan on sbtest7_pkey  (cost=0.00..326.19 rows=10175 width=0)
	        Index Cond: ((id >= 1003640) AND (id <= 1013639))

table 8 : explain SELECT c FROM sbtest8 WHERE id BETWEEN 3951101 AND 3961100
	Bitmap Heap Scan on sbtest8  (cost=363.27..38356.77 rows=11203 width=121)
	  Recheck Cond: ((id >= 3951101) AND (id <= 3961100))
	  ->  Bitmap Index Scan on sbtest8_pkey  (cost=0.00..360.46 rows=11203 width=0)
	        Index Cond: ((id >= 3951101) AND (id <= 3961100))

for point_selects
table 1 : explain SELECT c FROM sbtest1 WHERE id=6924477
	Index Scan using sbtest1_pkey on sbtest1  (cost=0.43..8.45 rows=1 width=121)
	  Index Cond: (id = 6924477)

table 2 : explain SELECT c FROM sbtest2 WHERE id=7542201
	Index Scan using sbtest2_pkey on sbtest2  (cost=0.43..8.45 rows=1 width=121)
	  Index Cond: (id = 7542201)

table 3 : explain SELECT c FROM sbtest3 WHERE id=9393457
	Index Scan using sbtest3_pkey on sbtest3  (cost=0.43..8.45 rows=1 width=121)
	  Index Cond: (id = 9393457)

table 4 : explain SELECT c FROM sbtest4 WHERE id=2235103
	Index Scan using sbtest4_pkey on sbtest4  (cost=0.43..8.45 rows=1 width=121)
	  Index Cond: (id = 2235103)

table 5 : explain SELECT c FROM sbtest5 WHERE id=8264174
	Index Scan using sbtest5_pkey on sbtest5  (cost=0.43..8.45 rows=1 width=121)
	  Index Cond: (id = 8264174)

table 6 : explain SELECT c FROM sbtest6 WHERE id=7329836
	Index Scan using sbtest6_pkey on sbtest6  (cost=0.43..8.45 rows=1 width=121)
	  Index Cond: (id = 7329836)

table 7 : explain SELECT c FROM sbtest7 WHERE id=2501218
	Index Scan using sbtest7_pkey on sbtest7  (cost=0.43..8.45 rows=1 width=121)
	  Index Cond: (id = 2501218)

table 8 : explain SELECT c FROM sbtest8 WHERE id=6613292
	Index Scan using sbtest8_pkey on sbtest8  (cost=0.43..8.45 rows=1 width=121)
	  Index Cond: (id = 6613292)

for point_selects
table 1 : explain SELECT c FROM sbtest1 WHERE id=6873514
	Index Scan using sbtest1_pkey on sbtest1  (cost=0.43..8.45 rows=1 width=121)
	  Index Cond: (id = 6873514)

table 2 : explain SELECT c FROM sbtest2 WHERE id=7814892
	Index Scan using sbtest2_pkey on sbtest2  (cost=0.43..8.45 rows=1 width=121)
	  Index Cond: (id = 7814892)

table 3 : explain SELECT c FROM sbtest3 WHERE id=3384414
	Index Scan using sbtest3_pkey on sbtest3  (cost=0.43..8.45 rows=1 width=121)
	  Index Cond: (id = 3384414)

table 4 : explain SELECT c FROM sbtest4 WHERE id=6158101
	Index Scan using sbtest4_pkey on sbtest4  (cost=0.43..8.45 rows=1 width=121)
	  Index Cond: (id = 6158101)

table 5 : explain SELECT c FROM sbtest5 WHERE id=3211674
	Index Scan using sbtest5_pkey on sbtest5  (cost=0.43..8.45 rows=1 width=121)
	  Index Cond: (id = 3211674)

table 6 : explain SELECT c FROM sbtest6 WHERE id=6595319
	Index Scan using sbtest6_pkey on sbtest6  (cost=0.43..8.45 rows=1 width=121)
	  Index Cond: (id = 6595319)

table 7 : explain SELECT c FROM sbtest7 WHERE id=3152127
	Index Scan using sbtest7_pkey on sbtest7  (cost=0.43..8.45 rows=1 width=121)
	  Index Cond: (id = 3152127)

table 8 : explain SELECT c FROM sbtest8 WHERE id=6433506
	Index Scan using sbtest8_pkey on sbtest8  (cost=0.43..8.45 rows=1 width=121)
	  Index Cond: (id = 6433506)

for: order_ranges
table 1 : explain SELECT c FROM sbtest1 WHERE id BETWEEN 5507626 AND 5517625 ORDER BY c
	Sort  (cost=35069.90..35094.69 rows=9916 width=121)
	  Sort Key: c
	  ->  Bitmap Heap Scan on sbtest1  (cost=322.07..34411.70 rows=9916 width=121)
	        Recheck Cond: ((id >= 5507626) AND (id <= 5517625))
	        ->  Bitmap Index Scan on sbtest1_pkey  (cost=0.00..319.59 rows=9916 width=0)
	              Index Cond: ((id >= 5507626) AND (id <= 5517625))

table 2 : explain SELECT c FROM sbtest2 WHERE id BETWEEN 63426 AND 73425 ORDER BY c
	Sort  (cost=38534.21..38561.81 rows=11040 width=121)
	  Sort Key: c
	  ->  Bitmap Heap Scan on sbtest2  (cost=357.59..37792.85 rows=11040 width=121)
	        Recheck Cond: ((id >= 63426) AND (id <= 73425))
	        ->  Bitmap Index Scan on sbtest2_pkey  (cost=0.00..354.83 rows=11040 width=0)
	              Index Cond: ((id >= 63426) AND (id <= 73425))

table 3 : explain SELECT c FROM sbtest3 WHERE id BETWEEN 948818 AND 958817 ORDER BY c
	Sort  (cost=38739.34..38766.90 rows=11025 width=121)
	  Sort Key: c
	  ->  Bitmap Heap Scan on sbtest3  (cost=357.44..37999.09 rows=11025 width=121)
	        Recheck Cond: ((id >= 948818) AND (id <= 958817))
	        ->  Bitmap Index Scan on sbtest3_pkey  (cost=0.00..354.69 rows=11025 width=0)
	              Index Cond: ((id >= 948818) AND (id <= 958817))

table 4 : explain SELECT c FROM sbtest4 WHERE id BETWEEN 9403684 AND 9413683 ORDER BY c
	Sort  (cost=37453.13..37479.68 rows=10620 width=121)
	  Sort Key: c
	  ->  Bitmap Heap Scan on sbtest4  (cost=345.29..36742.94 rows=10620 width=121)
	        Recheck Cond: ((id >= 9403684) AND (id <= 9413683))
	        ->  Bitmap Index Scan on sbtest4_pkey  (cost=0.00..342.63 rows=10620 width=0)
	              Index Cond: ((id >= 9403684) AND (id <= 9413683))

table 5 : explain SELECT c FROM sbtest5 WHERE id BETWEEN 4047875 AND 4057874 ORDER BY c
	Sort  (cost=36790.35..36816.40 rows=10419 width=121)
	  Sort Key: c
	  ->  Bitmap Heap Scan on sbtest5  (cost=339.23..36095.05 rows=10419 width=121)
	        Recheck Cond: ((id >= 4047875) AND (id <= 4057874))
	        ->  Bitmap Index Scan on sbtest5_pkey  (cost=0.00..336.62 rows=10419 width=0)
	              Index Cond: ((id >= 4047875) AND (id <= 4057874))

table 6 : explain SELECT c FROM sbtest6 WHERE id BETWEEN 5117946 AND 5127945 ORDER BY c
	Sort  (cost=36937.02..36963.28 rows=10505 width=121)
	  Sort Key: c
	  ->  Bitmap Heap Scan on sbtest6  (cost=340.11..36235.34 rows=10505 width=121)
	        Recheck Cond: ((id >= 5117946) AND (id <= 5127945))
	        ->  Bitmap Index Scan on sbtest6_pkey  (cost=0.00..337.49 rows=10505 width=0)
	              Index Cond: ((id >= 5117946) AND (id <= 5127945))

table 7 : explain SELECT c FROM sbtest7 WHERE id BETWEEN 8497879 AND 8507878 ORDER BY c
	Sort  (cost=33583.39..33606.99 rows=9442 width=121)
	  Sort Key: c
	  ->  Bitmap Heap Scan on sbtest7  (cost=305.22..32959.99 rows=9442 width=121)
	        Recheck Cond: ((id >= 8497879) AND (id <= 8507878))
	        ->  Bitmap Index Scan on sbtest7_pkey  (cost=0.00..302.86 rows=9442 width=0)
	              Index Cond: ((id >= 8497879) AND (id <= 8507878))

table 8 : explain SELECT c FROM sbtest8 WHERE id BETWEEN 6311441 AND 6321440 ORDER BY c
	Sort  (cost=32962.19..32985.41 rows=9289 width=121)
	  Sort Key: c
	  ->  Bitmap Heap Scan on sbtest8  (cost=299.65..32349.98 rows=9289 width=121)
	        Recheck Cond: ((id >= 6311441) AND (id <= 6321440))
	        ->  Bitmap Index Scan on sbtest8_pkey  (cost=0.00..297.32 rows=9289 width=0)
	              Index Cond: ((id >= 6311441) AND (id <= 6321440))

for point_selects
table 1 : explain SELECT c FROM sbtest1 WHERE id=2939689
	Index Scan using sbtest1_pkey on sbtest1  (cost=0.43..8.45 rows=1 width=121)
	  Index Cond: (id = 2939689)

table 2 : explain SELECT c FROM sbtest2 WHERE id=7872906
	Index Scan using sbtest2_pkey on sbtest2  (cost=0.43..8.45 rows=1 width=121)
	  Index Cond: (id = 7872906)

table 3 : explain SELECT c FROM sbtest3 WHERE id=1832855
	Index Scan using sbtest3_pkey on sbtest3  (cost=0.43..8.45 rows=1 width=121)
	  Index Cond: (id = 1832855)

table 4 : explain SELECT c FROM sbtest4 WHERE id=5956936
	Index Scan using sbtest4_pkey on sbtest4  (cost=0.43..8.45 rows=1 width=121)
	  Index Cond: (id = 5956936)

table 5 : explain SELECT c FROM sbtest5 WHERE id=5276043
	Index Scan using sbtest5_pkey on sbtest5  (cost=0.43..8.45 rows=1 width=121)
	  Index Cond: (id = 5276043)

table 6 : explain SELECT c FROM sbtest6 WHERE id=4236079
	Index Scan using sbtest6_pkey on sbtest6  (cost=0.43..8.45 rows=1 width=121)
	  Index Cond: (id = 4236079)

table 7 : explain SELECT c FROM sbtest7 WHERE id=2432674
	Index Scan using sbtest7_pkey on sbtest7  (cost=0.43..8.45 rows=1 width=121)
	  Index Cond: (id = 2432674)

table 8 : explain SELECT c FROM sbtest8 WHERE id=7930580
	Index Scan using sbtest8_pkey on sbtest8  (cost=0.43..8.45 rows=1 width=121)
	  Index Cond: (id = 7930580)

for: order_ranges
table 1 : explain SELECT c FROM sbtest1 WHERE id BETWEEN 4643594 AND 4653593 ORDER BY c
	Sort  (cost=38357.39..38384.73 rows=10938 width=121)
	  Sort Key: c
	  ->  Bitmap Heap Scan on sbtest1  (cost=356.55..37623.61 rows=10938 width=121)
	        Recheck Cond: ((id >= 4643594) AND (id <= 4653593))
	        ->  Bitmap Index Scan on sbtest1_pkey  (cost=0.00..353.81 rows=10938 width=0)
	              Index Cond: ((id >= 4643594) AND (id <= 4653593))

table 2 : explain SELECT c FROM sbtest2 WHERE id BETWEEN 4875319 AND 4885318 ORDER BY c
	Sort  (cost=32153.50..32176.14 rows=9054 width=121)
	  Sort Key: c
	  ->  Bitmap Heap Scan on sbtest2  (cost=293.24..31558.46 rows=9054 width=121)
	        Recheck Cond: ((id >= 4875319) AND (id <= 4885318))
	        ->  Bitmap Index Scan on sbtest2_pkey  (cost=0.00..290.98 rows=9054 width=0)
	              Index Cond: ((id >= 4875319) AND (id <= 4885318))

table 3 : explain SELECT c FROM sbtest3 WHERE id BETWEEN 6892562 AND 6902561 ORDER BY c
	Sort  (cost=37052.81..37079.06 rows=10500 width=121)
	  Sort Key: c
	  ->  Bitmap Heap Scan on sbtest3  (cost=340.06..36351.51 rows=10500 width=121)
	        Recheck Cond: ((id >= 6892562) AND (id <= 6902561))
	        ->  Bitmap Index Scan on sbtest3_pkey  (cost=0.00..337.44 rows=10500 width=0)
	              Index Cond: ((id >= 6892562) AND (id <= 6902561))

table 4 : explain SELECT c FROM sbtest4 WHERE id BETWEEN 4539346 AND 4549345 ORDER BY c
	Sort  (cost=36260.39..36286.02 rows=10251 width=121)
	  Sort Key: c
	  ->  Bitmap Heap Scan on sbtest4  (cost=333.51..35577.49 rows=10251 width=121)
	        Recheck Cond: ((id >= 4539346) AND (id <= 4549345))
	        ->  Bitmap Index Scan on sbtest4_pkey  (cost=0.00..330.94 rows=10251 width=0)
	              Index Cond: ((id >= 4539346) AND (id <= 4549345))

table 5 : explain SELECT c FROM sbtest5 WHERE id BETWEEN 5825080 AND 5835079 ORDER BY c
	Sort  (cost=33421.93..33445.39 rows=9383 width=121)
	  Sort Key: c
	  ->  Bitmap Heap Scan on sbtest5  (cost=304.61..32802.85 rows=9383 width=121)
	        Recheck Cond: ((id >= 5825080) AND (id <= 5835079))
	        ->  Bitmap Index Scan on sbtest5_pkey  (cost=0.00..302.26 rows=9383 width=0)
	              Index Cond: ((id >= 5825080) AND (id <= 5835079))

table 6 : explain SELECT c FROM sbtest6 WHERE id BETWEEN 1140415 AND 1150414 ORDER BY c
	Sort  (cost=33250.48..33273.89 rows=9364 width=121)
	  Sort Key: c
	  ->  Bitmap Heap Scan on sbtest6  (cost=304.42..32632.79 rows=9364 width=121)
	        Recheck Cond: ((id >= 1140415) AND (id <= 1150414))
	        ->  Bitmap Index Scan on sbtest6_pkey  (cost=0.00..302.07 rows=9364 width=0)
	              Index Cond: ((id >= 1140415) AND (id <= 1150414))

table 7 : explain SELECT c FROM sbtest7 WHERE id BETWEEN 7208185 AND 7218184 ORDER BY c
	Sort  (cost=32282.82..32305.43 rows=9045 width=121)
	  Sort Key: c
	  ->  Bitmap Heap Scan on sbtest7  (cost=293.15..31688.43 rows=9045 width=121)
	        Recheck Cond: ((id >= 7208185) AND (id <= 7218184))
	        ->  Bitmap Index Scan on sbtest7_pkey  (cost=0.00..290.88 rows=9045 width=0)
	              Index Cond: ((id >= 7208185) AND (id <= 7218184))

table 8 : explain SELECT c FROM sbtest8 WHERE id BETWEEN 3656177 AND 3666176 ORDER BY c
	Sort  (cost=38708.48..38736.18 rows=11077 width=121)
	  Sort Key: c
	  ->  Bitmap Heap Scan on sbtest8  (cost=357.97..37964.37 rows=11077 width=121)
	        Recheck Cond: ((id >= 3656177) AND (id <= 3666176))
	        ->  Bitmap Index Scan on sbtest8_pkey  (cost=0.00..355.20 rows=11077 width=0)
	              Index Cond: ((id >= 3656177) AND (id <= 3666176))

for: simple_ranges
table 1 : explain SELECT c FROM sbtest1 WHERE id BETWEEN 6878151 AND 6888150
	Bitmap Heap Scan on sbtest1  (cost=299.25..32294.36 rows=9250 width=121)
	  Recheck Cond: ((id >= 6878151) AND (id <= 6888150))
	  ->  Bitmap Index Scan on sbtest1_pkey  (cost=0.00..296.94 rows=9250 width=0)
	        Index Cond: ((id >= 6878151) AND (id <= 6888150))

table 2 : explain SELECT c FROM sbtest2 WHERE id BETWEEN 295612 AND 305611
	Bitmap Heap Scan on sbtest2  (cost=369.36..38924.34 rows=11407 width=121)
	  Recheck Cond: ((id >= 295612) AND (id <= 305611))
	  ->  Bitmap Index Scan on sbtest2_pkey  (cost=0.00..366.50 rows=11407 width=0)
	        Index Cond: ((id >= 295612) AND (id <= 305611))

table 3 : explain SELECT c FROM sbtest3 WHERE id BETWEEN 4678092 AND 4688091
	Bitmap Heap Scan on sbtest3  (cost=339.24..36099.52 rows=10420 width=121)
	  Recheck Cond: ((id >= 4678092) AND (id <= 4688091))
	  ->  Bitmap Index Scan on sbtest3_pkey  (cost=0.00..336.63 rows=10420 width=0)
	        Index Cond: ((id >= 4678092) AND (id <= 4688091))

table 4 : explain SELECT c FROM sbtest4 WHERE id BETWEEN 7522296 AND 7532295
	Bitmap Heap Scan on sbtest4  (cost=315.53..33725.35 rows=9668 width=121)
	  Recheck Cond: ((id >= 7522296) AND (id <= 7532295))
	  ->  Bitmap Index Scan on sbtest4_pkey  (cost=0.00..313.12 rows=9668 width=0)
	        Index Cond: ((id >= 7522296) AND (id <= 7532295))

table 5 : explain SELECT c FROM sbtest5 WHERE id BETWEEN 1151121 AND 1161120
	Bitmap Heap Scan on sbtest5  (cost=334.05..35732.02 rows=10304 width=121)
	  Recheck Cond: ((id >= 1151121) AND (id <= 1161120))
	  ->  Bitmap Index Scan on sbtest5_pkey  (cost=0.00..331.48 rows=10304 width=0)
	        Index Cond: ((id >= 1151121) AND (id <= 1161120))

table 6 : explain SELECT c FROM sbtest6 WHERE id BETWEEN 8174065 AND 8184064
	Bitmap Heap Scan on sbtest6  (cost=345.98..36804.31 rows=10687 width=121)
	  Recheck Cond: ((id >= 8174065) AND (id <= 8184064))
	  ->  Bitmap Index Scan on sbtest6_pkey  (cost=0.00..343.31 rows=10687 width=0)
	        Index Cond: ((id >= 8174065) AND (id <= 8184064))

table 7 : explain SELECT c FROM sbtest7 WHERE id BETWEEN 4371036 AND 4381035
	Bitmap Heap Scan on sbtest7  (cost=299.56..32439.54 rows=9280 width=121)
	  Recheck Cond: ((id >= 4371036) AND (id <= 4381035))
	  ->  Bitmap Index Scan on sbtest7_pkey  (cost=0.00..297.24 rows=9280 width=0)
	        Index Cond: ((id >= 4371036) AND (id <= 4381035))

table 8 : explain SELECT c FROM sbtest8 WHERE id BETWEEN 1115949 AND 1125948
	Bitmap Heap Scan on sbtest8  (cost=316.55..33868.09 rows=9767 width=121)
	  Recheck Cond: ((id >= 1115949) AND (id <= 1125948))
	  ->  Bitmap Index Scan on sbtest8_pkey  (cost=0.00..314.11 rows=9767 width=0)
	        Index Cond: ((id >= 1115949) AND (id <= 1125948))

explain: for point_selects :: explain SELECT c FROM sbtest%u WHERE id=%u
explain: for point_selects :: explain SELECT c FROM sbtest%u WHERE id=%u
explain: for point_selects :: explain SELECT c FROM sbtest%u WHERE id=%u
for: sum_ranges
table 1 : explain SELECT SUM(k) FROM sbtest1 WHERE id BETWEEN 5068513 AND 5078512
	Aggregate  (cost=35609.10..35609.11 rows=1 width=8)
	  ->  Bitmap Heap Scan on sbtest1  (cost=333.88..35583.39 rows=10287 width=4)
	        Recheck Cond: ((id >= 5068513) AND (id <= 5078512))
	        ->  Bitmap Index Scan on sbtest1_pkey  (cost=0.00..331.31 rows=10287 width=0)
	              Index Cond: ((id >= 5068513) AND (id <= 5078512))

table 2 : explain SELECT SUM(k) FROM sbtest2 WHERE id BETWEEN 3509460 AND 3519459
	Aggregate  (cost=36183.16..36183.17 rows=1 width=8)
	  ->  Bitmap Heap Scan on sbtest2  (cost=340.19..36156.87 rows=10513 width=4)
	        Recheck Cond: ((id >= 3509460) AND (id <= 3519459))
	        ->  Bitmap Index Scan on sbtest2_pkey  (cost=0.00..337.56 rows=10513 width=0)
	              Index Cond: ((id >= 3509460) AND (id <= 3519459))

table 3 : explain SELECT SUM(k) FROM sbtest3 WHERE id BETWEEN 4762538 AND 4772537
	Aggregate  (cost=34553.08..34553.09 rows=1 width=8)
	  ->  Bitmap Heap Scan on sbtest3  (cost=322.16..34528.27 rows=9924 width=4)
	        Recheck Cond: ((id >= 4762538) AND (id <= 4772537))
	        ->  Bitmap Index Scan on sbtest3_pkey  (cost=0.00..319.68 rows=9924 width=0)
	              Index Cond: ((id >= 4762538) AND (id <= 4772537))

table 4 : explain SELECT SUM(k) FROM sbtest4 WHERE id BETWEEN 1972169 AND 1982168
	Aggregate  (cost=38715.19..38715.20 rows=1 width=8)
	  ->  Bitmap Heap Scan on sbtest4  (cost=363.66..38687.09 rows=11241 width=4)
	        Recheck Cond: ((id >= 1972169) AND (id <= 1982168))
	        ->  Bitmap Index Scan on sbtest4_pkey  (cost=0.00..360.84 rows=11241 width=0)
	              Index Cond: ((id >= 1972169) AND (id <= 1982168))

table 5 : explain SELECT SUM(k) FROM sbtest5 WHERE id BETWEEN 9665475 AND 9675474
	Aggregate  (cost=38144.13..38144.14 rows=1 width=8)
	  ->  Bitmap Heap Scan on sbtest5  (cost=357.83..38116.47 rows=11063 width=4)
	        Recheck Cond: ((id >= 9665475) AND (id <= 9675474))
	        ->  Bitmap Index Scan on sbtest5_pkey  (cost=0.00..355.06 rows=11063 width=0)
	              Index Cond: ((id >= 9665475) AND (id <= 9675474))

table 6 : explain SELECT SUM(k) FROM sbtest6 WHERE id BETWEEN 7935939 AND 7945938
	Aggregate  (cost=35048.05..35048.06 rows=1 width=8)
	  ->  Bitmap Heap Scan on sbtest6  (cost=328.15..35022.75 rows=10119 width=4)
	        Recheck Cond: ((id >= 7935939) AND (id <= 7945938))
	        ->  Bitmap Index Scan on sbtest6_pkey  (cost=0.00..325.62 rows=10119 width=0)
	              Index Cond: ((id >= 7935939) AND (id <= 7945938))

table 7 : explain SELECT SUM(k) FROM sbtest7 WHERE id BETWEEN 6108417 AND 6118416
	Aggregate  (cost=37195.09..37195.10 rows=1 width=8)
	  ->  Bitmap Heap Scan on sbtest7  (cost=350.85..37168.16 rows=10772 width=4)
	        Recheck Cond: ((id >= 6108417) AND (id <= 6118416))
	        ->  Bitmap Index Scan on sbtest7_pkey  (cost=0.00..348.16 rows=10772 width=0)
	              Index Cond: ((id >= 6108417) AND (id <= 6118416))

table 8 : explain SELECT SUM(k) FROM sbtest8 WHERE id BETWEEN 930866 AND 940865
	Aggregate  (cost=33999.37..33999.38 rows=1 width=8)
	  ->  Bitmap Heap Scan on sbtest8  (cost=316.90..33974.87 rows=9801 width=4)
	        Recheck Cond: ((id >= 930866) AND (id <= 940865))
	        ->  Bitmap Index Scan on sbtest8_pkey  (cost=0.00..314.44 rows=9801 width=0)
	              Index Cond: ((id >= 930866) AND (id <= 940865))

for: simple_ranges
table 1 : explain SELECT c FROM sbtest1 WHERE id BETWEEN 7424374 AND 7434373
	Bitmap Heap Scan on sbtest1  (cost=327.75..34930.30 rows=10080 width=121)
	  Recheck Cond: ((id >= 7424374) AND (id <= 7434373))
	  ->  Bitmap Index Scan on sbtest1_pkey  (cost=0.00..325.24 rows=10080 width=0)
	        Index Cond: ((id >= 7424374) AND (id <= 7434373))

table 2 : explain SELECT c FROM sbtest2 WHERE id BETWEEN 7295237 AND 7305236
	Bitmap Heap Scan on sbtest2  (cost=334.80..35730.06 rows=10377 width=121)
	  Recheck Cond: ((id >= 7295237) AND (id <= 7305236))
	  ->  Bitmap Index Scan on sbtest2_pkey  (cost=0.00..332.20 rows=10377 width=0)
	        Index Cond: ((id >= 7295237) AND (id <= 7305236))

table 3 : explain SELECT c FROM sbtest3 WHERE id BETWEEN 7715072 AND 7725071
	Bitmap Heap Scan on sbtest3  (cost=333.78..35652.31 rows=10278 width=121)
	  Recheck Cond: ((id >= 7715072) AND (id <= 7725071))
	  ->  Bitmap Index Scan on sbtest3_pkey  (cost=0.00..331.21 rows=10278 width=0)
	        Index Cond: ((id >= 7715072) AND (id <= 7725071))

table 4 : explain SELECT c FROM sbtest4 WHERE id BETWEEN 6328672 AND 6338671
	Bitmap Heap Scan on sbtest4  (cost=339.14..36080.00 rows=10410 width=121)
	  Recheck Cond: ((id >= 6328672) AND (id <= 6338671))
	  ->  Bitmap Index Scan on sbtest4_pkey  (cost=0.00..336.54 rows=10410 width=0)
	        Index Cond: ((id >= 6328672) AND (id <= 6338671))

table 5 : explain SELECT c FROM sbtest5 WHERE id BETWEEN 8722203 AND 8732202
	Bitmap Heap Scan on sbtest5  (cost=316.04..33872.13 rows=9718 width=121)
	  Recheck Cond: ((id >= 8722203) AND (id <= 8732202))
	  ->  Bitmap Index Scan on sbtest5_pkey  (cost=0.00..313.62 rows=9718 width=0)
	        Index Cond: ((id >= 8722203) AND (id <= 8732202))

table 6 : explain SELECT c FROM sbtest6 WHERE id BETWEEN 9475942 AND 9485941
	Bitmap Heap Scan on sbtest6  (cost=322.99..34663.38 rows=10005 width=121)
	  Recheck Cond: ((id >= 9475942) AND (id <= 9485941))
	  ->  Bitmap Index Scan on sbtest6_pkey  (cost=0.00..320.49 rows=10005 width=0)
	        Index Cond: ((id >= 9475942) AND (id <= 9485941))

table 7 : explain SELECT c FROM sbtest7 WHERE id BETWEEN 8380419 AND 8390418
	Bitmap Heap Scan on sbtest7  (cost=327.22..34827.54 rows=10028 width=121)
	  Recheck Cond: ((id >= 8380419) AND (id <= 8390418))
	  ->  Bitmap Index Scan on sbtest7_pkey  (cost=0.00..324.71 rows=10028 width=0)
	        Index Cond: ((id >= 8380419) AND (id <= 8390418))

table 8 : explain SELECT c FROM sbtest8 WHERE id BETWEEN 5762741 AND 5772740
	Bitmap Heap Scan on sbtest8  (cost=339.42..35979.16 rows=10438 width=121)
	  Recheck Cond: ((id >= 5762741) AND (id <= 5772740))
	  ->  Bitmap Index Scan on sbtest8_pkey  (cost=0.00..336.81 rows=10438 width=0)
	        Index Cond: ((id >= 5762741) AND (id <= 5772740))

for: order_ranges
table 1 : explain SELECT c FROM sbtest1 WHERE id BETWEEN 1453254 AND 1463253 ORDER BY c
	Sort  (cost=30542.17..30563.50 rows=8532 width=121)
	  Sort Key: c
	  ->  Bitmap Heap Scan on sbtest1  (cost=275.89..29985.09 rows=8532 width=121)
	        Recheck Cond: ((id >= 1453254) AND (id <= 1463253))
	        ->  Bitmap Index Scan on sbtest1_pkey  (cost=0.00..273.75 rows=8532 width=0)
	              Index Cond: ((id >= 1453254) AND (id <= 1463253))

table 2 : explain SELECT c FROM sbtest2 WHERE id BETWEEN 1037021 AND 1047020 ORDER BY c
	Sort  (cost=37009.88..37036.29 rows=10561 width=121)
	  Sort Key: c
	  ->  Bitmap Heap Scan on sbtest2  (cost=340.69..36304.07 rows=10561 width=121)
	        Recheck Cond: ((id >= 1037021) AND (id <= 1047020))
	        ->  Bitmap Index Scan on sbtest2_pkey  (cost=0.00..338.05 rows=10561 width=0)
	              Index Cond: ((id >= 1037021) AND (id <= 1047020))

table 3 : explain SELECT c FROM sbtest3 WHERE id BETWEEN 5309317 AND 5319316 ORDER BY c
	Sort  (cost=37023.09..37049.32 rows=10491 width=121)
	  Sort Key: c
	  ->  Bitmap Heap Scan on sbtest3  (cost=339.97..36322.46 rows=10491 width=121)
	        Recheck Cond: ((id >= 5309317) AND (id <= 5319316))
	        ->  Bitmap Index Scan on sbtest3_pkey  (cost=0.00..337.34 rows=10491 width=0)
	              Index Cond: ((id >= 5309317) AND (id <= 5319316))

table 4 : explain SELECT c FROM sbtest4 WHERE id BETWEEN 3568964 AND 3578963 ORDER BY c
	Sort  (cost=36731.55..36757.54 rows=10396 width=121)
	  Sort Key: c
	  ->  Bitmap Heap Scan on sbtest4  (cost=338.99..36037.94 rows=10396 width=121)
	        Recheck Cond: ((id >= 3568964) AND (id <= 3578963))
	        ->  Bitmap Index Scan on sbtest4_pkey  (cost=0.00..336.40 rows=10396 width=0)
	              Index Cond: ((id >= 3568964) AND (id <= 3578963))

table 5 : explain SELECT c FROM sbtest5 WHERE id BETWEEN 3436568 AND 3446567 ORDER BY c
	Sort  (cost=37068.07..37094.33 rows=10505 width=121)
	  Sort Key: c
	  ->  Bitmap Heap Scan on sbtest5  (cost=340.11..36366.40 rows=10505 width=121)
	        Recheck Cond: ((id >= 3436568) AND (id <= 3446567))
	        ->  Bitmap Index Scan on sbtest5_pkey  (cost=0.00..337.49 rows=10505 width=0)
	              Index Cond: ((id >= 3436568) AND (id <= 3446567))

table 6 : explain SELECT c FROM sbtest6 WHERE id BETWEEN 7156499 AND 7166498 ORDER BY c
	Sort  (cost=37197.45..37223.92 rows=10585 width=121)
	  Sort Key: c
	  ->  Bitmap Heap Scan on sbtest6  (cost=344.93..36489.86 rows=10585 width=121)
	        Recheck Cond: ((id >= 7156499) AND (id <= 7166498))
	        ->  Bitmap Index Scan on sbtest6_pkey  (cost=0.00..342.29 rows=10585 width=0)
	              Index Cond: ((id >= 7156499) AND (id <= 7166498))

table 7 : explain SELECT c FROM sbtest7 WHERE id BETWEEN 4994770 AND 5004769 ORDER BY c
	Sort  (cost=35068.30..35093.04 rows=9898 width=121)
	  Sort Key: c
	  ->  Bitmap Heap Scan on sbtest7  (cost=321.89..34411.42 rows=9898 width=121)
	        Recheck Cond: ((id >= 4994770) AND (id <= 5004769))
	        ->  Bitmap Index Scan on sbtest7_pkey  (cost=0.00..319.42 rows=9898 width=0)
	              Index Cond: ((id >= 4994770) AND (id <= 5004769))

table 8 : explain SELECT c FROM sbtest8 WHERE id BETWEEN 8983365 AND 8993364 ORDER BY c
	Sort  (cost=34482.24..34506.64 rows=9757 width=121)
	  Sort Key: c
	  ->  Bitmap Heap Scan on sbtest8  (cost=316.44..33835.73 rows=9757 width=121)
	        Recheck Cond: ((id >= 8983365) AND (id <= 8993364))
	        ->  Bitmap Index Scan on sbtest8_pkey  (cost=0.00..314.00 rows=9757 width=0)
	              Index Cond: ((id >= 8983365) AND (id <= 8993364))

for: simple_ranges
table 1 : explain SELECT c FROM sbtest1 WHERE id BETWEEN 5420175 AND 5430174
	Bitmap Heap Scan on sbtest1  (cost=322.07..34411.70 rows=9916 width=121)
	  Recheck Cond: ((id >= 5420175) AND (id <= 5430174))
	  ->  Bitmap Index Scan on sbtest1_pkey  (cost=0.00..319.59 rows=9916 width=0)
	        Index Cond: ((id >= 5420175) AND (id <= 5430174))

table 2 : explain SELECT c FROM sbtest2 WHERE id BETWEEN 975604 AND 985603
	Bitmap Heap Scan on sbtest2  (cost=345.83..36653.31 rows=10673 width=121)
	  Recheck Cond: ((id >= 975604) AND (id <= 985603))
	  ->  Bitmap Index Scan on sbtest2_pkey  (cost=0.00..343.17 rows=10673 width=0)
	        Index Cond: ((id >= 975604) AND (id <= 985603))

table 3 : explain SELECT c FROM sbtest3 WHERE id BETWEEN 9506000 AND 9515999
	Bitmap Heap Scan on sbtest3  (cost=304.01..32617.33 rows=9324 width=121)
	  Recheck Cond: ((id >= 9506000) AND (id <= 9515999))
	  ->  Bitmap Index Scan on sbtest3_pkey  (cost=0.00..301.68 rows=9324 width=0)
	        Index Cond: ((id >= 9506000) AND (id <= 9515999))

table 4 : explain SELECT c FROM sbtest4 WHERE id BETWEEN 1621505 AND 1631504
	Bitmap Heap Scan on sbtest4  (cost=298.24..32073.84 rows=9152 width=121)
	  Recheck Cond: ((id >= 1621505) AND (id <= 1631504))
	  ->  Bitmap Index Scan on sbtest4_pkey  (cost=0.00..295.95 rows=9152 width=0)
	        Index Cond: ((id >= 1621505) AND (id <= 1631504))

table 5 : explain SELECT c FROM sbtest5 WHERE id BETWEEN 7384263 AND 7394262
	Bitmap Heap Scan on sbtest5  (cost=305.47..33067.77 rows=9467 width=121)
	  Recheck Cond: ((id >= 7384263) AND (id <= 7394262))
	  ->  Bitmap Index Scan on sbtest5_pkey  (cost=0.00..303.11 rows=9467 width=0)
	        Index Cond: ((id >= 7384263) AND (id <= 7394262))

table 6 : explain SELECT c FROM sbtest6 WHERE id BETWEEN 5149392 AND 5159391
	Bitmap Heap Scan on sbtest6  (cost=293.74..31799.14 rows=9103 width=121)
	  Recheck Cond: ((id >= 5149392) AND (id <= 5159391))
	  ->  Bitmap Index Scan on sbtest6_pkey  (cost=0.00..291.46 rows=9103 width=0)
	        Index Cond: ((id >= 5149392) AND (id <= 5159391))

table 7 : explain SELECT c FROM sbtest7 WHERE id BETWEEN 8590134 AND 8600133
	Bitmap Heap Scan on sbtest7  (cost=305.22..32959.99 rows=9442 width=121)
	  Recheck Cond: ((id >= 8590134) AND (id <= 8600133))
	  ->  Bitmap Index Scan on sbtest7_pkey  (cost=0.00..302.86 rows=9442 width=0)
	        Index Cond: ((id >= 8590134) AND (id <= 8600133))

table 8 : explain SELECT c FROM sbtest8 WHERE id BETWEEN 6415932 AND 6425931
	Bitmap Heap Scan on sbtest8  (cost=328.92..35212.45 rows=10194 width=121)
	  Recheck Cond: ((id >= 6415932) AND (id <= 6425931))
	  ->  Bitmap Index Scan on sbtest8_pkey  (cost=0.00..326.38 rows=10194 width=0)
	        Index Cond: ((id >= 6415932) AND (id <= 6425931))

for: sum_ranges
table 1 : explain SELECT SUM(k) FROM sbtest1 WHERE id BETWEEN 1453409 AND 1463408
	Aggregate  (cost=30006.42..30006.43 rows=1 width=8)
	  ->  Bitmap Heap Scan on sbtest1  (cost=275.89..29985.09 rows=8532 width=4)
	        Recheck Cond: ((id >= 1453409) AND (id <= 1463408))
	        ->  Bitmap Index Scan on sbtest1_pkey  (cost=0.00..273.75 rows=8532 width=0)
	              Index Cond: ((id >= 1453409) AND (id <= 1463408))

table 2 : explain SELECT SUM(k) FROM sbtest2 WHERE id BETWEEN 9561144 AND 9571143
	Aggregate  (cost=37328.99..37329.00 rows=1 width=8)
	  ->  Bitmap Heap Scan on sbtest2  (cost=351.98..37301.79 rows=10882 width=4)
	        Recheck Cond: ((id >= 9561144) AND (id <= 9571143))
	        ->  Bitmap Index Scan on sbtest2_pkey  (cost=0.00..349.25 rows=10882 width=0)
	              Index Cond: ((id >= 9561144) AND (id <= 9571143))

table 3 : explain SELECT SUM(k) FROM sbtest3 WHERE id BETWEEN 2094867 AND 2104866
	Aggregate  (cost=33832.29..33832.30 rows=1 width=8)
	  ->  Bitmap Heap Scan on sbtest3  (cost=315.83..33808.05 rows=9697 width=4)
	        Recheck Cond: ((id >= 2094867) AND (id <= 2104866))
	        ->  Bitmap Index Scan on sbtest3_pkey  (cost=0.00..313.41 rows=9697 width=0)
	              Index Cond: ((id >= 2094867) AND (id <= 2104866))

table 4 : explain SELECT SUM(k) FROM sbtest4 WHERE id BETWEEN 4771125 AND 4781124
	Aggregate  (cost=32267.51..32267.52 rows=1 width=8)
	  ->  Bitmap Heap Scan on sbtest4  (cost=298.80..32244.49 rows=9206 width=4)
	        Recheck Cond: ((id >= 4771125) AND (id <= 4781124))
	        ->  Bitmap Index Scan on sbtest4_pkey  (cost=0.00..296.50 rows=9206 width=0)
	              Index Cond: ((id >= 4771125) AND (id <= 4781124))

table 5 : explain SELECT SUM(k) FROM sbtest5 WHERE id BETWEEN 1722934 AND 1732933
	Aggregate  (cost=33929.03..33929.04 rows=1 width=8)
	  ->  Bitmap Heap Scan on sbtest5  (cost=316.15..33904.71 rows=9728 width=4)
	        Recheck Cond: ((id >= 1722934) AND (id <= 1732933))
	        ->  Bitmap Index Scan on sbtest5_pkey  (cost=0.00..313.71 rows=9728 width=0)
	              Index Cond: ((id >= 1722934) AND (id <= 1732933))

table 6 : explain SELECT SUM(k) FROM sbtest6 WHERE id BETWEEN 1020091 AND 1030090
	Aggregate  (cost=36435.22..36435.23 rows=1 width=8)
	  ->  Bitmap Heap Scan on sbtest6  (cost=340.69..36408.82 rows=10561 width=4)
	        Recheck Cond: ((id >= 1020091) AND (id <= 1030090))
	        ->  Bitmap Index Scan on sbtest6_pkey  (cost=0.00..338.05 rows=10561 width=0)
	              Index Cond: ((id >= 1020091) AND (id <= 1030090))

table 7 : explain SELECT SUM(k) FROM sbtest7 WHERE id BETWEEN 6003798 AND 6013797
	Aggregate  (cost=36090.97..36090.98 rows=1 width=8)
	  ->  Bitmap Heap Scan on sbtest7  (cost=339.24..36064.92 rows=10420 width=4)
	        Recheck Cond: ((id >= 6003798) AND (id <= 6013797))
	        ->  Bitmap Index Scan on sbtest7_pkey  (cost=0.00..336.63 rows=10420 width=0)
	              Index Cond: ((id >= 6003798) AND (id <= 6013797))

table 8 : explain SELECT SUM(k) FROM sbtest8 WHERE id BETWEEN 8279762 AND 8289761
	Aggregate  (cost=30825.90..30825.91 rows=1 width=8)
	  ->  Bitmap Heap Scan on sbtest8  (cost=286.68..30803.89 rows=8804 width=4)
	        Recheck Cond: ((id >= 8279762) AND (id <= 8289761))
	        ->  Bitmap Index Scan on sbtest8_pkey  (cost=0.00..284.48 rows=8804 width=0)
	              Index Cond: ((id >= 8279762) AND (id <= 8289761))

for: simple_ranges
table 1 : explain SELECT c FROM sbtest1 WHERE id BETWEEN 5634969 AND 5644968
	Bitmap Heap Scan on sbtest1  (cost=293.52..31750.91 rows=9081 width=121)
	  Recheck Cond: ((id >= 5634969) AND (id <= 5644968))
	  ->  Bitmap Index Scan on sbtest1_pkey  (cost=0.00..291.25 rows=9081 width=0)
	        Index Cond: ((id >= 5634969) AND (id <= 5644968))

table 2 : explain SELECT c FROM sbtest2 WHERE id BETWEEN 3067027 AND 3077026
	Bitmap Heap Scan on sbtest2  (cost=322.65..34462.26 rows=9972 width=121)
	  Recheck Cond: ((id >= 3067027) AND (id <= 3077026))
	  ->  Bitmap Index Scan on sbtest2_pkey  (cost=0.00..320.16 rows=9972 width=0)
	        Index Cond: ((id >= 3067027) AND (id <= 3077026))

table 3 : explain SELECT c FROM sbtest3 WHERE id BETWEEN 1768940 AND 1778939
	Bitmap Heap Scan on sbtest3  (cost=299.02..32305.36 rows=9228 width=121)
	  Recheck Cond: ((id >= 1768940) AND (id <= 1778939))
	  ->  Bitmap Index Scan on sbtest3_pkey  (cost=0.00..296.71 rows=9228 width=0)
	        Index Cond: ((id >= 1768940) AND (id <= 1778939))

table 4 : explain SELECT c FROM sbtest4 WHERE id BETWEEN 8526063 AND 8536062
	Bitmap Heap Scan on sbtest4  (cost=321.99..34488.40 rows=9908 width=121)
	  Recheck Cond: ((id >= 8526063) AND (id <= 8536062))
	  ->  Bitmap Index Scan on sbtest4_pkey  (cost=0.00..319.51 rows=9908 width=0)
	        Index Cond: ((id >= 8526063) AND (id <= 8536062))

table 5 : explain SELECT c FROM sbtest5 WHERE id BETWEEN 9629666 AND 9639665
	Bitmap Heap Scan on sbtest5  (cost=357.83..38116.47 rows=11063 width=121)
	  Recheck Cond: ((id >= 9629666) AND (id <= 9639665))
	  ->  Bitmap Index Scan on sbtest5_pkey  (cost=0.00..355.06 rows=11063 width=0)
	        Index Cond: ((id >= 9629666) AND (id <= 9639665))

table 6 : explain SELECT c FROM sbtest6 WHERE id BETWEEN 920453 AND 930452
	Bitmap Heap Scan on sbtest6  (cost=311.04..33446.76 rows=9620 width=121)
	  Recheck Cond: ((id >= 920453) AND (id <= 930452))
	  ->  Bitmap Index Scan on sbtest6_pkey  (cost=0.00..308.63 rows=9620 width=0)
	        Index Cond: ((id >= 920453) AND (id <= 930452))

table 7 : explain SELECT c FROM sbtest7 WHERE id BETWEEN 2317710 AND 2327709
	Bitmap Heap Scan on sbtest7  (cost=333.82..35624.82 rows=10281 width=121)
	  Recheck Cond: ((id >= 2317710) AND (id <= 2327709))
	  ->  Bitmap Index Scan on sbtest7_pkey  (cost=0.00..331.25 rows=10281 width=0)
	        Index Cond: ((id >= 2317710) AND (id <= 2327709))

table 8 : explain SELECT c FROM sbtest8 WHERE id BETWEEN 6286568 AND 6296567
	Bitmap Heap Scan on sbtest8  (cost=299.65..32349.98 rows=9289 width=121)
	  Recheck Cond: ((id >= 6286568) AND (id <= 6296567))
	  ->  Bitmap Index Scan on sbtest8_pkey  (cost=0.00..297.32 rows=9289 width=0)
	        Index Cond: ((id >= 6286568) AND (id <= 6296567))

for: sum_ranges
table 1 : explain SELECT SUM(k) FROM sbtest1 WHERE id BETWEEN 808928 AND 818927
	Aggregate  (cost=34121.04..34121.05 rows=1 width=8)
	  ->  Bitmap Heap Scan on sbtest1  (cost=317.06..34096.50 rows=9817 width=4)
	        Recheck Cond: ((id >= 808928) AND (id <= 818927))
	        ->  Bitmap Index Scan on sbtest1_pkey  (cost=0.00..314.61 rows=9817 width=0)
	              Index Cond: ((id >= 808928) AND (id <= 818927))

table 2 : explain SELECT SUM(k) FROM sbtest2 WHERE id BETWEEN 3498268 AND 3508267
	Aggregate  (cost=36183.16..36183.17 rows=1 width=8)
	  ->  Bitmap Heap Scan on sbtest2  (cost=340.19..36156.87 rows=10513 width=4)
	        Recheck Cond: ((id >= 3498268) AND (id <= 3508267))
	        ->  Bitmap Index Scan on sbtest2_pkey  (cost=0.00..337.56 rows=10513 width=0)
	              Index Cond: ((id >= 3498268) AND (id <= 3508267))

table 3 : explain SELECT SUM(k) FROM sbtest3 WHERE id BETWEEN 53988 AND 63987
	Aggregate  (cost=40767.17..40767.18 rows=1 width=8)
	  ->  Bitmap Heap Scan on sbtest3  (cost=386.47..40737.40 rows=11906 width=4)
	        Recheck Cond: ((id >= 53988) AND (id <= 63987))
	        ->  Bitmap Index Scan on sbtest3_pkey  (cost=0.00..383.50 rows=11906 width=0)
	              Index Cond: ((id >= 53988) AND (id <= 63987))

table 4 : explain SELECT SUM(k) FROM sbtest4 WHERE id BETWEEN 5556409 AND 5566408
	Aggregate  (cost=35622.57..35622.58 rows=1 width=8)
	  ->  Bitmap Heap Scan on sbtest4  (cost=333.57..35596.93 rows=10257 width=4)
	        Recheck Cond: ((id >= 5556409) AND (id <= 5566408))
	        ->  Bitmap Index Scan on sbtest4_pkey  (cost=0.00..331.00 rows=10257 width=0)
	              Index Cond: ((id >= 5556409) AND (id <= 5566408))

table 5 : explain SELECT SUM(k) FROM sbtest5 WHERE id BETWEEN 4045147 AND 4055146
	Aggregate  (cost=36121.09..36121.10 rows=1 width=8)
	  ->  Bitmap Heap Scan on sbtest5  (cost=339.23..36095.05 rows=10419 width=4)
	        Recheck Cond: ((id >= 4045147) AND (id <= 4055146))
	        ->  Bitmap Index Scan on sbtest5_pkey  (cost=0.00..336.62 rows=10419 width=0)
	              Index Cond: ((id >= 4045147) AND (id <= 4055146))

table 6 : explain SELECT SUM(k) FROM sbtest6 WHERE id BETWEEN 3814058 AND 3824057
	Aggregate  (cost=35952.69..35952.70 rows=1 width=8)
	  ->  Bitmap Heap Scan on sbtest6  (cost=339.10..35926.67 rows=10406 width=4)
	        Recheck Cond: ((id >= 3814058) AND (id <= 3824057))
	        ->  Bitmap Index Scan on sbtest6_pkey  (cost=0.00..336.50 rows=10406 width=0)
	              Index Cond: ((id >= 3814058) AND (id <= 3824057))

table 7 : explain SELECT SUM(k) FROM sbtest7 WHERE id BETWEEN 929216 AND 939215
	Aggregate  (cost=35724.94..35724.95 rows=1 width=8)
	  ->  Bitmap Heap Scan on sbtest7  (cost=334.06..35699.18 rows=10305 width=4)
	        Recheck Cond: ((id >= 929216) AND (id <= 939215))
	        ->  Bitmap Index Scan on sbtest7_pkey  (cost=0.00..331.49 rows=10305 width=0)
	              Index Cond: ((id >= 929216) AND (id <= 939215))

table 8 : explain SELECT SUM(k) FROM sbtest8 WHERE id BETWEEN 4829047 AND 4839046
	Aggregate  (cost=34905.85..34905.86 rows=1 width=8)
	  ->  Bitmap Heap Scan on sbtest8  (cost=327.84..34880.63 rows=10088 width=4)
	        Recheck Cond: ((id >= 4829047) AND (id <= 4839046))
	        ->  Bitmap Index Scan on sbtest8_pkey  (cost=0.00..325.31 rows=10088 width=0)
	              Index Cond: ((id >= 4829047) AND (id <= 4839046))

for: distinct_ranges
table 1 : explain SELECT DISTINCT c FROM sbtest1 WHERE id BETWEEN 8899355 AND 8909354 ORDER BY c
	Unique  (cost=34940.58..34989.96 rows=9876 width=121)
	  ->  Sort  (cost=34940.58..34965.27 rows=9876 width=121)
	        Sort Key: c
	        ->  Bitmap Heap Scan on sbtest1  (cost=321.66..34285.32 rows=9876 width=121)
	              Recheck Cond: ((id >= 8899355) AND (id <= 8909354))
	              ->  Bitmap Index Scan on sbtest1_pkey  (cost=0.00..319.19 rows=9876 width=0)
	                    Index Cond: ((id >= 8899355) AND (id <= 8909354))

table 2 : explain SELECT DISTINCT c FROM sbtest2 WHERE id BETWEEN 2770296 AND 2780295 ORDER BY c
	Unique  (cost=34413.94..34462.69 rows=9751 width=121)
	  ->  Sort  (cost=34413.94..34438.31 rows=9751 width=121)
	        Sort Key: c
	        ->  Bitmap Heap Scan on sbtest2  (cost=316.38..33767.87 rows=9751 width=121)
	              Recheck Cond: ((id >= 2770296) AND (id <= 2780295))
	              ->  Bitmap Index Scan on sbtest2_pkey  (cost=0.00..313.94 rows=9751 width=0)
	                    Index Cond: ((id >= 2770296) AND (id <= 2780295))

table 3 : explain SELECT DISTINCT c FROM sbtest3 WHERE id BETWEEN 1984764 AND 1994763 ORDER BY c
	Unique  (cost=36340.51..36391.91 rows=10279 width=121)
	  ->  Sort  (cost=36340.51..36366.21 rows=10279 width=121)
	        Sort Key: c
	        ->  Bitmap Heap Scan on sbtest3  (cost=333.79..35655.55 rows=10279 width=121)
	              Recheck Cond: ((id >= 1984764) AND (id <= 1994763))
	              ->  Bitmap Index Scan on sbtest3_pkey  (cost=0.00..331.23 rows=10279 width=0)
	                    Index Cond: ((id >= 1984764) AND (id <= 1994763))

table 4 : explain SELECT DISTINCT c FROM sbtest4 WHERE id BETWEEN 4825042 AND 4835041 ORDER BY c
	Unique  (cost=39157.85..39213.61 rows=11151 width=121)
	  ->  Sort  (cost=39157.85..39185.73 rows=11151 width=121)
	        Sort Key: c
	        ->  Bitmap Heap Scan on sbtest4  (cost=362.73..38408.23 rows=11151 width=121)
	              Recheck Cond: ((id >= 4825042) AND (id <= 4835041))
	              ->  Bitmap Index Scan on sbtest4_pkey  (cost=0.00..359.94 rows=11151 width=0)
	                    Index Cond: ((id >= 4825042) AND (id <= 4835041))

table 5 : explain SELECT DISTINCT c FROM sbtest5 WHERE id BETWEEN 5753292 AND 5763291 ORDER BY c
	Unique  (cost=33421.93..33468.85 rows=9383 width=121)
	  ->  Sort  (cost=33421.93..33445.39 rows=9383 width=121)
	        Sort Key: c
	        ->  Bitmap Heap Scan on sbtest5  (cost=304.61..32802.85 rows=9383 width=121)
	              Recheck Cond: ((id >= 5753292) AND (id <= 5763291))
	              ->  Bitmap Index Scan on sbtest5_pkey  (cost=0.00..302.26 rows=9383 width=0)
	                    Index Cond: ((id >= 5753292) AND (id <= 5763291))

table 6 : explain SELECT DISTINCT c FROM sbtest6 WHERE id BETWEEN 1071167 AND 1081166 ORDER BY c
	Unique  (cost=37114.64..37167.44 rows=10561 width=121)
	  ->  Sort  (cost=37114.64..37141.04 rows=10561 width=121)
	        Sort Key: c
	        ->  Bitmap Heap Scan on sbtest6  (cost=340.69..36408.82 rows=10561 width=121)
	              Recheck Cond: ((id >= 1071167) AND (id <= 1081166))
	              ->  Bitmap Index Scan on sbtest6_pkey  (cost=0.00..338.05 rows=10561 width=0)
	                    Index Cond: ((id >= 1071167) AND (id <= 1081166))

table 7 : explain SELECT DISTINCT c FROM sbtest7 WHERE id BETWEEN 9730214 AND 9740213 ORDER BY c
	Unique  (cost=33205.64..33252.27 rows=9326 width=121)
	  ->  Sort  (cost=33205.64..33228.95 rows=9326 width=121)
	        Sort Key: c
	        ->  Bitmap Heap Scan on sbtest7  (cost=304.03..32590.73 rows=9326 width=121)
	              Recheck Cond: ((id >= 9730214) AND (id <= 9740213))
	              ->  Bitmap Index Scan on sbtest7_pkey  (cost=0.00..301.69 rows=9326 width=0)
	                    Index Cond: ((id >= 9730214) AND (id <= 9740213))

table 8 : explain SELECT DISTINCT c FROM sbtest8 WHERE id BETWEEN 873894 AND 883893 ORDER BY c
	Unique  (cost=36560.84..36612.85 rows=10402 width=121)
	  ->  Sort  (cost=36560.84..36586.84 rows=10402 width=121)
	        Sort Key: c
	        ->  Bitmap Heap Scan on sbtest8  (cost=339.06..35866.78 rows=10402 width=121)
	              Recheck Cond: ((id >= 873894) AND (id <= 883893))
	              ->  Bitmap Index Scan on sbtest8_pkey  (cost=0.00..336.45 rows=10402 width=0)
	                    Index Cond: ((id >= 873894) AND (id <= 883893))

explain: for point_selects :: explain SELECT c FROM sbtest%u WHERE id=%u
explain: for point_selects :: explain SELECT c FROM sbtest%u WHERE id=%u
for: sum_ranges
table 1 : explain SELECT SUM(k) FROM sbtest1 WHERE id BETWEEN 6152788 AND 6162787
	Aggregate  (cost=33770.23..33770.24 rows=1 width=8)
	  ->  Bitmap Heap Scan on sbtest1  (cost=315.92..33745.97 rows=9706 width=4)
	        Recheck Cond: ((id >= 6152788) AND (id <= 6162787))
	        ->  Bitmap Index Scan on sbtest1_pkey  (cost=0.00..313.50 rows=9706 width=0)
	              Index Cond: ((id >= 6152788) AND (id <= 6162787))

table 2 : explain SELECT SUM(k) FROM sbtest2 WHERE id BETWEEN 7983712 AND 7993711
	Aggregate  (cost=32451.91..32451.92 rows=1 width=8)
	  ->  Bitmap Heap Scan on sbtest2  (cost=304.04..32428.59 rows=9327 width=4)
	        Recheck Cond: ((id >= 7983712) AND (id <= 7993711))
	        ->  Bitmap Index Scan on sbtest2_pkey  (cost=0.00..301.70 rows=9327 width=0)
	              Index Cond: ((id >= 7983712) AND (id <= 7993711))

table 3 : explain SELECT SUM(k) FROM sbtest3 WHERE id BETWEEN 3512411 AND 3522410
	Aggregate  (cost=34806.74..34806.75 rows=1 width=8)
	  ->  Bitmap Heap Scan on sbtest3  (cost=322.98..34781.73 rows=10004 width=4)
	        Recheck Cond: ((id >= 3512411) AND (id <= 3522410))
	        ->  Bitmap Index Scan on sbtest3_pkey  (cost=0.00..320.48 rows=10004 width=0)
	              Index Cond: ((id >= 3512411) AND (id <= 3522410))

table 4 : explain SELECT SUM(k) FROM sbtest4 WHERE id BETWEEN 6609704 AND 6619703
	Aggregate  (cost=34004.06..34004.07 rows=1 width=8)
	  ->  Bitmap Heap Scan on sbtest4  (cost=316.35..33979.69 rows=9748 width=4)
	        Recheck Cond: ((id >= 6609704) AND (id <= 6619703))
	        ->  Bitmap Index Scan on sbtest4_pkey  (cost=0.00..313.92 rows=9748 width=0)
	              Index Cond: ((id >= 6609704) AND (id <= 6619703))

table 5 : explain SELECT SUM(k) FROM sbtest5 WHERE id BETWEEN 3381594 AND 3391593
	Aggregate  (cost=33756.12..33756.13 rows=1 width=8)
	  ->  Bitmap Heap Scan on sbtest5  (cost=315.58..33731.94 rows=9673 width=4)
	        Recheck Cond: ((id >= 3381594) AND (id <= 3391593))
	        ->  Bitmap Index Scan on sbtest5_pkey  (cost=0.00..313.17 rows=9673 width=0)
	              Index Cond: ((id >= 3381594) AND (id <= 3391593))

table 6 : explain SELECT SUM(k) FROM sbtest6 WHERE id BETWEEN 4906002 AND 4916001
	Aggregate  (cost=33249.69..33249.70 rows=1 width=8)
	  ->  Bitmap Heap Scan on sbtest6  (cost=310.32..33225.82 rows=9550 width=4)
	        Recheck Cond: ((id >= 4906002) AND (id <= 4916001))
	        ->  Bitmap Index Scan on sbtest6_pkey  (cost=0.00..307.94 rows=9550 width=0)
	              Index Cond: ((id >= 4906002) AND (id <= 4916001))

table 7 : explain SELECT SUM(k) FROM sbtest7 WHERE id BETWEEN 6913306 AND 6923305
	Aggregate  (cost=36769.28..36769.29 rows=1 width=8)
	  ->  Bitmap Heap Scan on sbtest7  (cost=345.45..36742.69 rows=10636 width=4)
	        Recheck Cond: ((id >= 6913306) AND (id <= 6923305))
	        ->  Bitmap Index Scan on sbtest7_pkey  (cost=0.00..342.80 rows=10636 width=0)
	              Index Cond: ((id >= 6913306) AND (id <= 6923305))

table 8 : explain SELECT SUM(k) FROM sbtest8 WHERE id BETWEEN 6841214 AND 6851213
	Aggregate  (cost=33766.17..33766.18 rows=1 width=8)
	  ->  Bitmap Heap Scan on sbtest8  (cost=316.14..33741.85 rows=9727 width=4)
	        Recheck Cond: ((id >= 6841214) AND (id <= 6851213))
	        ->  Bitmap Index Scan on sbtest8_pkey  (cost=0.00..313.70 rows=9727 width=0)
	              Index Cond: ((id >= 6841214) AND (id <= 6851213))

for: distinct_ranges
table 1 : explain SELECT DISTINCT c FROM sbtest1 WHERE id BETWEEN 6702283 AND 6712282 ORDER BY c
	Unique  (cost=33034.65..33081.09 rows=9289 width=121)
	  ->  Sort  (cost=33034.65..33057.87 rows=9289 width=121)
	        Sort Key: c
	        ->  Bitmap Heap Scan on sbtest1  (cost=303.65..32422.44 rows=9289 width=121)
	              Recheck Cond: ((id >= 6702283) AND (id <= 6712282))
	              ->  Bitmap Index Scan on sbtest1_pkey  (cost=0.00..301.32 rows=9289 width=0)
	                    Index Cond: ((id >= 6702283) AND (id <= 6712282))

table 2 : explain SELECT DISTINCT c FROM sbtest2 WHERE id BETWEEN 2177086 AND 2187085 ORDER BY c
	Unique  (cost=35220.21..35270.22 rows=10002 width=121)
	  ->  Sort  (cost=35220.21..35245.22 rows=10002 width=121)
	        Sort Key: c
	        ->  Bitmap Heap Scan on sbtest2  (cost=322.96..34555.68 rows=10002 width=121)
	              Recheck Cond: ((id >= 2177086) AND (id <= 2187085))
	              ->  Bitmap Index Scan on sbtest2_pkey  (cost=0.00..320.45 rows=10002 width=0)
	                    Index Cond: ((id >= 2177086) AND (id <= 2187085))

table 3 : explain SELECT DISTINCT c FROM sbtest3 WHERE id BETWEEN 9104422 AND 9114421 ORDER BY c
	Unique  (cost=37737.03..37790.59 rows=10713 width=121)
	  ->  Sort  (cost=37737.03..37763.81 rows=10713 width=121)
	        Sort Key: c
	        ->  Bitmap Heap Scan on sbtest3  (cost=346.24..37019.95 rows=10713 width=121)
	              Recheck Cond: ((id >= 9104422) AND (id <= 9114421))
	              ->  Bitmap Index Scan on sbtest3_pkey  (cost=0.00..343.56 rows=10713 width=0)
	                    Index Cond: ((id >= 9104422) AND (id <= 9114421))

table 4 : explain SELECT DISTINCT c FROM sbtest4 WHERE id BETWEEN 3800805 AND 3810804 ORDER BY c
	Unique  (cost=34398.67..34447.06 rows=9678 width=121)
	  ->  Sort  (cost=34398.67..34422.87 rows=9678 width=121)
	        Sort Key: c
	        ->  Bitmap Heap Scan on sbtest4  (cost=315.63..33757.97 rows=9678 width=121)
	              Recheck Cond: ((id >= 3800805) AND (id <= 3810804))
	              ->  Bitmap Index Scan on sbtest4_pkey  (cost=0.00..313.21 rows=9678 width=0)
	                    Index Cond: ((id >= 3800805) AND (id <= 3810804))

table 5 : explain SELECT DISTINCT c FROM sbtest5 WHERE id BETWEEN 1126584 AND 1136583 ORDER BY c
	Unique  (cost=36418.83..36470.35 rows=10304 width=121)
	  ->  Sort  (cost=36418.83..36444.59 rows=10304 width=121)
	        Sort Key: c
	        ->  Bitmap Heap Scan on sbtest5  (cost=334.05..35732.02 rows=10304 width=121)
	              Recheck Cond: ((id >= 1126584) AND (id <= 1136583))
	              ->  Bitmap Index Scan on sbtest5_pkey  (cost=0.00..331.48 rows=10304 width=0)
	                    Index Cond: ((id >= 1126584) AND (id <= 1136583))

table 6 : explain SELECT DISTINCT c FROM sbtest6 WHERE id BETWEEN 4216865 AND 4226864 ORDER BY c
	Unique  (cost=34655.01..34704.00 rows=9797 width=121)
	  ->  Sort  (cost=34655.01..34679.50 rows=9797 width=121)
	        Sort Key: c
	        ->  Bitmap Heap Scan on sbtest6  (cost=316.85..34005.56 rows=9797 width=121)
	              Recheck Cond: ((id >= 4216865) AND (id <= 4226864))
	              ->  Bitmap Index Scan on sbtest6_pkey  (cost=0.00..314.41 rows=9797 width=0)
	                    Index Cond: ((id >= 4216865) AND (id <= 4226864))

table 7 : explain SELECT DISTINCT c FROM sbtest7 WHERE id BETWEEN 2068215 AND 2078214 ORDER BY c
	Unique  (cost=34328.81..34377.16 rows=9670 width=121)
	  ->  Sort  (cost=34328.81..34352.99 rows=9670 width=121)
	        Sort Key: c
	        ->  Bitmap Heap Scan on sbtest7  (cost=315.55..33688.69 rows=9670 width=121)
	              Recheck Cond: ((id >= 2068215) AND (id <= 2078214))
	              ->  Bitmap Index Scan on sbtest7_pkey  (cost=0.00..313.13 rows=9670 width=0)
	                    Index Cond: ((id >= 2068215) AND (id <= 2078214))

table 8 : explain SELECT DISTINCT c FROM sbtest8 WHERE id BETWEEN 3497990 AND 3507989 ORDER BY c
	Unique  (cost=36823.78..36876.20 rows=10485 width=121)
	  ->  Sort  (cost=36823.78..36849.99 rows=10485 width=121)
	        Sort Key: c
	        ->  Bitmap Heap Scan on sbtest8  (cost=339.91..36123.59 rows=10485 width=121)
	              Recheck Cond: ((id >= 3497990) AND (id <= 3507989))
	              ->  Bitmap Index Scan on sbtest8_pkey  (cost=0.00..337.29 rows=10485 width=0)
	                    Index Cond: ((id >= 3497990) AND (id <= 3507989))

for: sum_ranges
table 1 : explain SELECT SUM(k) FROM sbtest1 WHERE id BETWEEN 2185130 AND 2195129
	Aggregate  (cost=32915.72..32915.73 rows=1 width=8)
	  ->  Bitmap Heap Scan on sbtest1  (cost=305.17..32892.12 rows=9438 width=4)
	        Recheck Cond: ((id >= 2185130) AND (id <= 2195129))
	        ->  Bitmap Index Scan on sbtest1_pkey  (cost=0.00..302.81 rows=9438 width=0)
	              Index Cond: ((id >= 2185130) AND (id <= 2195129))

table 2 : explain SELECT SUM(k) FROM sbtest2 WHERE id BETWEEN 9764894 AND 9774893
	Aggregate  (cost=33147.28..33147.29 rows=1 width=8)
	  ->  Bitmap Heap Scan on sbtest2  (cost=310.29..33123.41 rows=9547 width=4)
	        Recheck Cond: ((id >= 9764894) AND (id <= 9774893))
	        ->  Bitmap Index Scan on sbtest2_pkey  (cost=0.00..307.91 rows=9547 width=0)
	              Index Cond: ((id >= 9764894) AND (id <= 9774893))

table 3 : explain SELECT SUM(k) FROM sbtest3 WHERE id BETWEEN 5552128 AND 5562127
	Aggregate  (cost=35775.20..35775.21 rows=1 width=8)
	  ->  Bitmap Heap Scan on sbtest3  (cost=334.10..35749.43 rows=10309 width=4)
	        Recheck Cond: ((id >= 5552128) AND (id <= 5562127))
	        ->  Bitmap Index Scan on sbtest3_pkey  (cost=0.00..331.53 rows=10309 width=0)
	              Index Cond: ((id >= 5552128) AND (id <= 5562127))

table 4 : explain SELECT SUM(k) FROM sbtest4 WHERE id BETWEEN 5202783 AND 5212782
	Aggregate  (cost=34901.05..34901.06 rows=1 width=8)
	  ->  Bitmap Heap Scan on sbtest4  (cost=327.23..34875.97 rows=10029 width=4)
	        Recheck Cond: ((id >= 5202783) AND (id <= 5212782))
	        ->  Bitmap Index Scan on sbtest4_pkey  (cost=0.00..324.73 rows=10029 width=0)
	              Index Cond: ((id >= 5202783) AND (id <= 5212782))

table 5 : explain SELECT SUM(k) FROM sbtest5 WHERE id BETWEEN 5961222 AND 5971221
	Aggregate  (cost=32209.26..32209.27 rows=1 width=8)
	  ->  Bitmap Heap Scan on sbtest5  (cost=298.64..32186.28 rows=9191 width=4)
	        Recheck Cond: ((id >= 5961222) AND (id <= 5971221))
	        ->  Bitmap Index Scan on sbtest5_pkey  (cost=0.00..296.34 rows=9191 width=0)
	              Index Cond: ((id >= 5961222) AND (id <= 5971221))

table 6 : explain SELECT SUM(k) FROM sbtest6 WHERE id BETWEEN 4304169 AND 4314168
	Aggregate  (cost=32149.55..32149.56 rows=1 width=8)
	  ->  Bitmap Heap Scan on sbtest6  (cost=298.79..32126.53 rows=9205 width=4)
	        Recheck Cond: ((id >= 4304169) AND (id <= 4314168))
	        ->  Bitmap Index Scan on sbtest6_pkey  (cost=0.00..296.49 rows=9205 width=0)
	              Index Cond: ((id >= 4304169) AND (id <= 4314168))

table 7 : explain SELECT SUM(k) FROM sbtest7 WHERE id BETWEEN 9743033 AND 9753032
	Aggregate  (cost=32614.04..32614.05 rows=1 width=8)
	  ->  Bitmap Heap Scan on sbtest7  (cost=304.03..32590.73 rows=9326 width=4)
	        Recheck Cond: ((id >= 9743033) AND (id <= 9753032))
	        ->  Bitmap Index Scan on sbtest7_pkey  (cost=0.00..301.69 rows=9326 width=0)
	              Index Cond: ((id >= 9743033) AND (id <= 9753032))

table 8 : explain SELECT SUM(k) FROM sbtest8 WHERE id BETWEEN 9289248 AND 9299247
	Aggregate  (cost=35338.58..35338.59 rows=1 width=8)
	  ->  Bitmap Heap Scan on sbtest8  (cost=333.24..35313.02 rows=10225 width=4)
	        Recheck Cond: ((id >= 9289248) AND (id <= 9299247))
	        ->  Bitmap Index Scan on sbtest8_pkey  (cost=0.00..330.69 rows=10225 width=0)
	              Index Cond: ((id >= 9289248) AND (id <= 9299247))

for: sum_ranges
table 1 : explain SELECT SUM(k) FROM sbtest1 WHERE id BETWEEN 3556544 AND 3566543
	Aggregate  (cost=34219.17..34219.18 rows=1 width=8)
	  ->  Bitmap Heap Scan on sbtest1  (cost=321.37..34194.55 rows=9847 width=4)
	        Recheck Cond: ((id >= 3556544) AND (id <= 3566543))
	        ->  Bitmap Index Scan on sbtest1_pkey  (cost=0.00..318.91 rows=9847 width=0)
	              Index Cond: ((id >= 3556544) AND (id <= 3566543))

table 2 : explain SELECT SUM(k) FROM sbtest2 WHERE id BETWEEN 2051649 AND 2061648
	Aggregate  (cost=35862.65..35862.66 rows=1 width=8)
	  ->  Bitmap Heap Scan on sbtest2  (cost=339.14..35836.63 rows=10410 width=4)
	        Recheck Cond: ((id >= 2051649) AND (id <= 2061648))
	        ->  Bitmap Index Scan on sbtest2_pkey  (cost=0.00..336.54 rows=10410 width=0)
	              Index Cond: ((id >= 2051649) AND (id <= 2061648))

table 3 : explain SELECT SUM(k) FROM sbtest3 WHERE id BETWEEN 1417401 AND 1427400
	Aggregate  (cost=32394.02..32394.03 rows=1 width=8)
	  ->  Bitmap Heap Scan on sbtest3  (cost=299.23..32370.90 rows=9248 width=4)
	        Recheck Cond: ((id >= 1417401) AND (id <= 1427400))
	        ->  Bitmap Index Scan on sbtest3_pkey  (cost=0.00..296.92 rows=9248 width=0)
	              Index Cond: ((id >= 1417401) AND (id <= 1427400))

table 4 : explain SELECT SUM(k) FROM sbtest4 WHERE id BETWEEN 7845548 AND 7855547
	Aggregate  (cost=33539.75..33539.76 rows=1 width=8)
	  ->  Bitmap Heap Scan on sbtest4  (cost=310.87..33515.74 rows=9603 width=4)
	        Recheck Cond: ((id >= 7845548) AND (id <= 7855547))
	        ->  Bitmap Index Scan on sbtest4_pkey  (cost=0.00..308.46 rows=9603 width=0)
	              Index Cond: ((id >= 7845548) AND (id <= 7855547))

table 5 : explain SELECT SUM(k) FROM sbtest5 WHERE id BETWEEN 1693620 AND 1703619
	Aggregate  (cost=33929.03..33929.04 rows=1 width=8)
	  ->  Bitmap Heap Scan on sbtest5  (cost=316.15..33904.71 rows=9728 width=4)
	        Recheck Cond: ((id >= 1693620) AND (id <= 1703619))
	        ->  Bitmap Index Scan on sbtest5_pkey  (cost=0.00..313.71 rows=9728 width=0)
	              Index Cond: ((id >= 1693620) AND (id <= 1703619))

table 6 : explain SELECT SUM(k) FROM sbtest6 WHERE id BETWEEN 6937953 AND 6947952
	Aggregate  (cost=34802.37..34802.38 rows=1 width=8)
	  ->  Bitmap Heap Scan on sbtest6  (cost=327.34..34777.27 rows=10040 width=4)
	        Recheck Cond: ((id >= 6937953) AND (id <= 6947952))
	        ->  Bitmap Index Scan on sbtest6_pkey  (cost=0.00..324.83 rows=10040 width=0)
	              Index Cond: ((id >= 6937953) AND (id <= 6947952))

table 7 : explain SELECT SUM(k) FROM sbtest7 WHERE id BETWEEN 4508271 AND 4518270
	Aggregate  (cost=34436.17..34436.18 rows=1 width=8)
	  ->  Bitmap Heap Scan on sbtest7  (cost=321.89..34411.42 rows=9898 width=4)
	        Recheck Cond: ((id >= 4508271) AND (id <= 4518270))
	        ->  Bitmap Index Scan on sbtest7_pkey  (cost=0.00..319.42 rows=9898 width=0)
	              Index Cond: ((id >= 4508271) AND (id <= 4518270))

table 8 : explain SELECT SUM(k) FROM sbtest8 WHERE id BETWEEN 8560821 AND 8570820
	Aggregate  (cost=32784.13..32784.14 rows=1 width=8)
	  ->  Bitmap Heap Scan on sbtest8  (cost=304.96..32760.59 rows=9417 width=4)
	        Recheck Cond: ((id >= 8560821) AND (id <= 8570820))
	        ->  Bitmap Index Scan on sbtest8_pkey  (cost=0.00..302.61 rows=9417 width=0)
	              Index Cond: ((id >= 8560821) AND (id <= 8570820))

for: order_ranges
table 1 : explain SELECT c FROM sbtest1 WHERE id BETWEEN 7698195 AND 7708194 ORDER BY c
	Sort  (cost=36064.17..36089.72 rows=10223 width=121)
	  Sort Key: c
	  ->  Bitmap Heap Scan on sbtest1  (cost=333.22..35383.34 rows=10223 width=121)
	        Recheck Cond: ((id >= 7698195) AND (id <= 7708194))
	        ->  Bitmap Index Scan on sbtest1_pkey  (cost=0.00..330.67 rows=10223 width=0)
	              Index Cond: ((id >= 7698195) AND (id <= 7708194))

table 2 : explain SELECT c FROM sbtest2 WHERE id BETWEEN 8422184 AND 8432183 ORDER BY c
	Sort  (cost=34913.46..34938.22 rows=9906 width=121)
	  Sort Key: c
	  ->  Bitmap Heap Scan on sbtest2  (cost=321.97..34255.99 rows=9906 width=121)
	        Recheck Cond: ((id >= 8422184) AND (id <= 8432183))
	        ->  Bitmap Index Scan on sbtest2_pkey  (cost=0.00..319.50 rows=9906 width=0)
	              Index Cond: ((id >= 8422184) AND (id <= 8432183))

table 3 : explain SELECT c FROM sbtest3 WHERE id BETWEEN 6634777 AND 6644776 ORDER BY c
	Sort  (cost=35835.77..35861.08 rows=10124 width=121)
	  Sort Key: c
	  ->  Bitmap Heap Scan on sbtest3  (cost=328.21..35162.25 rows=10124 width=121)
	        Recheck Cond: ((id >= 6634777) AND (id <= 6644776))
	        ->  Bitmap Index Scan on sbtest3_pkey  (cost=0.00..325.68 rows=10124 width=0)
	              Index Cond: ((id >= 6634777) AND (id <= 6644776))

table 4 : explain SELECT c FROM sbtest4 WHERE id BETWEEN 9227616 AND 9237615 ORDER BY c
	Sort  (cost=36160.88..36186.43 rows=10220 width=121)
	  Sort Key: c
	  ->  Bitmap Heap Scan on sbtest4  (cost=333.19..35480.27 rows=10220 width=121)
	        Recheck Cond: ((id >= 9227616) AND (id <= 9237615))
	        ->  Bitmap Index Scan on sbtest4_pkey  (cost=0.00..330.63 rows=10220 width=0)
	              Index Cond: ((id >= 9227616) AND (id <= 9237615))

table 5 : explain SELECT c FROM sbtest5 WHERE id BETWEEN 7284900 AND 7294899 ORDER BY c
	Sort  (cost=33361.73..33385.14 rows=9365 width=121)
	  Sort Key: c
	  ->  Bitmap Heap Scan on sbtest5  (cost=304.43..32743.96 rows=9365 width=121)
	        Recheck Cond: ((id >= 7284900) AND (id <= 7294899))
	        ->  Bitmap Index Scan on sbtest5_pkey  (cost=0.00..302.08 rows=9365 width=0)
	              Index Cond: ((id >= 7284900) AND (id <= 7294899))

table 6 : explain SELECT c FROM sbtest6 WHERE id BETWEEN 8315582 AND 8325581 ORDER BY c
	Sort  (cost=37117.92..37144.33 rows=10562 width=121)
	  Sort Key: c
	  ->  Bitmap Heap Scan on sbtest6  (cost=340.70..36412.03 rows=10562 width=121)
	        Recheck Cond: ((id >= 8315582) AND (id <= 8325581))
	        ->  Bitmap Index Scan on sbtest6_pkey  (cost=0.00..338.06 rows=10562 width=0)
	              Index Cond: ((id >= 8315582) AND (id <= 8325581))

table 7 : explain SELECT c FROM sbtest7 WHERE id BETWEEN 9596204 AND 9606203 ORDER BY c
	Sort  (cost=36134.46..36160.02 rows=10226 width=121)
	  Sort Key: c
	  ->  Bitmap Heap Scan on sbtest7  (cost=333.25..35453.41 rows=10226 width=121)
	        Recheck Cond: ((id >= 9596204) AND (id <= 9606203))
	        ->  Bitmap Index Scan on sbtest7_pkey  (cost=0.00..330.69 rows=10226 width=0)
	              Index Cond: ((id >= 9596204) AND (id <= 9606203))

table 8 : explain SELECT c FROM sbtest8 WHERE id BETWEEN 2967618 AND 2977617 ORDER BY c
	Sort  (cost=34518.65..34543.07 rows=9768 width=121)
	  Sort Key: c
	  ->  Bitmap Heap Scan on sbtest8  (cost=316.56..33871.33 rows=9768 width=121)
	        Recheck Cond: ((id >= 2967618) AND (id <= 2977617))
	        ->  Bitmap Index Scan on sbtest8_pkey  (cost=0.00..314.12 rows=9768 width=0)
	              Index Cond: ((id >= 2967618) AND (id <= 2977617))

for point_selects
table 1 : explain SELECT c FROM sbtest1 WHERE id=2120954
	Index Scan using sbtest1_pkey on sbtest1  (cost=0.43..8.45 rows=1 width=121)
	  Index Cond: (id = 2120954)

table 2 : explain SELECT c FROM sbtest2 WHERE id=2375628
	Index Scan using sbtest2_pkey on sbtest2  (cost=0.43..8.45 rows=1 width=121)
	  Index Cond: (id = 2375628)

table 3 : explain SELECT c FROM sbtest3 WHERE id=8518662
	Index Scan using sbtest3_pkey on sbtest3  (cost=0.43..8.45 rows=1 width=121)
	  Index Cond: (id = 8518662)

table 4 : explain SELECT c FROM sbtest4 WHERE id=2128941
	Index Scan using sbtest4_pkey on sbtest4  (cost=0.43..8.45 rows=1 width=121)
	  Index Cond: (id = 2128941)

table 5 : explain SELECT c FROM sbtest5 WHERE id=9896340
	Index Scan using sbtest5_pkey on sbtest5  (cost=0.43..8.45 rows=1 width=121)
	  Index Cond: (id = 9896340)

table 6 : explain SELECT c FROM sbtest6 WHERE id=8503195
	Index Scan using sbtest6_pkey on sbtest6  (cost=0.43..8.45 rows=1 width=121)
	  Index Cond: (id = 8503195)

table 7 : explain SELECT c FROM sbtest7 WHERE id=1446228
	Index Scan using sbtest7_pkey on sbtest7  (cost=0.43..8.45 rows=1 width=121)
	  Index Cond: (id = 1446228)

table 8 : explain SELECT c FROM sbtest8 WHERE id=363330
	Index Scan using sbtest8_pkey on sbtest8  (cost=0.43..8.45 rows=1 width=121)
	  Index Cond: (id = 363330)

for: sum_ranges
table 1 : explain SELECT SUM(k) FROM sbtest1 WHERE id BETWEEN 2498322 AND 2508321
	Aggregate  (cost=35437.99..35438.00 rows=1 width=8)
	  ->  Bitmap Heap Scan on sbtest1  (cost=333.32..35412.40 rows=10233 width=4)
	        Recheck Cond: ((id >= 2498322) AND (id <= 2508321))
	        ->  Bitmap Index Scan on sbtest1_pkey  (cost=0.00..330.76 rows=10233 width=0)
	              Index Cond: ((id >= 2498322) AND (id <= 2508321))

table 2 : explain SELECT SUM(k) FROM sbtest2 WHERE id BETWEEN 3526247 AND 3536246
	Aggregate  (cost=36183.16..36183.17 rows=1 width=8)
	  ->  Bitmap Heap Scan on sbtest2  (cost=340.19..36156.87 rows=10513 width=4)
	        Recheck Cond: ((id >= 3526247) AND (id <= 3536246))
	        ->  Bitmap Index Scan on sbtest2_pkey  (cost=0.00..337.56 rows=10513 width=0)
	              Index Cond: ((id >= 3526247) AND (id <= 3536246))

table 3 : explain SELECT SUM(k) FROM sbtest3 WHERE id BETWEEN 5814799 AND 5824798
	Aggregate  (cost=34839.23..34839.24 rows=1 width=8)
	  ->  Bitmap Heap Scan on sbtest3  (cost=323.08..34814.20 rows=10014 width=4)
	        Recheck Cond: ((id >= 5814799) AND (id <= 5824798))
	        ->  Bitmap Index Scan on sbtest3_pkey  (cost=0.00..320.57 rows=10014 width=0)
	              Index Cond: ((id >= 5814799) AND (id <= 5824798))

table 4 : explain SELECT SUM(k) FROM sbtest4 WHERE id BETWEEN 5284253 AND 5294252
	Aggregate  (cost=32543.85..32543.86 rows=1 width=8)
	  ->  Bitmap Heap Scan on sbtest4  (cost=303.67..32520.63 rows=9291 width=4)
	        Recheck Cond: ((id >= 5284253) AND (id <= 5294252))
	        ->  Bitmap Index Scan on sbtest4_pkey  (cost=0.00..301.34 rows=9291 width=0)
	              Index Cond: ((id >= 5284253) AND (id <= 5294252))

table 5 : explain SELECT SUM(k) FROM sbtest5 WHERE id BETWEEN 2067801 AND 2077800
	Aggregate  (cost=34300.52..34300.53 rows=1 width=8)
	  ->  Bitmap Heap Scan on sbtest5  (cost=317.35..34275.91 rows=9845 width=4)
	        Recheck Cond: ((id >= 2067801) AND (id <= 2077800))
	        ->  Bitmap Index Scan on sbtest5_pkey  (cost=0.00..314.88 rows=9845 width=0)
	              Index Cond: ((id >= 2067801) AND (id <= 2077800))

table 6 : explain SELECT SUM(k) FROM sbtest6 WHERE id BETWEEN 4692661 AND 4702660
	Aggregate  (cost=32316.13..32316.14 rows=1 width=8)
	  ->  Bitmap Heap Scan on sbtest6  (cost=299.33..32292.98 rows=9258 width=4)
	        Recheck Cond: ((id >= 4692661) AND (id <= 4702660))
	        ->  Bitmap Index Scan on sbtest6_pkey  (cost=0.00..297.01 rows=9258 width=0)
	              Index Cond: ((id >= 4692661) AND (id <= 4702660))

table 7 : explain SELECT SUM(k) FROM sbtest7 WHERE id BETWEEN 9091331 AND 9101330
	Aggregate  (cost=32849.57..32849.58 rows=1 width=8)
	  ->  Bitmap Heap Scan on sbtest7  (cost=304.79..32826.07 rows=9400 width=4)
	        Recheck Cond: ((id >= 9091331) AND (id <= 9101330))
	        ->  Bitmap Index Scan on sbtest7_pkey  (cost=0.00..302.44 rows=9400 width=0)
	              Index Cond: ((id >= 9091331) AND (id <= 9101330))

table 8 : explain SELECT SUM(k) FROM sbtest8 WHERE id BETWEEN 5223518 AND 5233517
	Aggregate  (cost=34197.56..34197.57 rows=1 width=8)
	  ->  Bitmap Heap Scan on sbtest8  (cost=321.53..34172.90 rows=9863 width=4)
	        Recheck Cond: ((id >= 5223518) AND (id <= 5233517))
	        ->  Bitmap Index Scan on sbtest8_pkey  (cost=0.00..319.06 rows=9863 width=0)
	              Index Cond: ((id >= 5223518) AND (id <= 5233517))

for point_selects
table 1 : explain SELECT c FROM sbtest1 WHERE id=5327895
	Index Scan using sbtest1_pkey on sbtest1  (cost=0.43..8.45 rows=1 width=121)
	  Index Cond: (id = 5327895)

table 2 : explain SELECT c FROM sbtest2 WHERE id=3401037
	Index Scan using sbtest2_pkey on sbtest2  (cost=0.43..8.45 rows=1 width=121)
	  Index Cond: (id = 3401037)

table 3 : explain SELECT c FROM sbtest3 WHERE id=6824970
	Index Scan using sbtest3_pkey on sbtest3  (cost=0.43..8.45 rows=1 width=121)
	  Index Cond: (id = 6824970)

table 4 : explain SELECT c FROM sbtest4 WHERE id=3171698
	Index Scan using sbtest4_pkey on sbtest4  (cost=0.43..8.45 rows=1 width=121)
	  Index Cond: (id = 3171698)

table 5 : explain SELECT c FROM sbtest5 WHERE id=3054853
	Index Scan using sbtest5_pkey on sbtest5  (cost=0.43..8.45 rows=1 width=121)
	  Index Cond: (id = 3054853)

table 6 : explain SELECT c FROM sbtest6 WHERE id=9680384
	Index Scan using sbtest6_pkey on sbtest6  (cost=0.43..8.45 rows=1 width=121)
	  Index Cond: (id = 9680384)

table 7 : explain SELECT c FROM sbtest7 WHERE id=7250102
	Index Scan using sbtest7_pkey on sbtest7  (cost=0.43..8.45 rows=1 width=121)
	  Index Cond: (id = 7250102)

table 8 : explain SELECT c FROM sbtest8 WHERE id=474873
	Index Scan using sbtest8_pkey on sbtest8  (cost=0.43..8.45 rows=1 width=121)
	  Index Cond: (id = 474873)

for point_selects
table 1 : explain SELECT c FROM sbtest1 WHERE id=8544590
	Index Scan using sbtest1_pkey on sbtest1  (cost=0.43..8.45 rows=1 width=121)
	  Index Cond: (id = 8544590)

table 2 : explain SELECT c FROM sbtest2 WHERE id=4527738
	Index Scan using sbtest2_pkey on sbtest2  (cost=0.43..8.45 rows=1 width=121)
	  Index Cond: (id = 4527738)

table 3 : explain SELECT c FROM sbtest3 WHERE id=1464480
	Index Scan using sbtest3_pkey on sbtest3  (cost=0.43..8.45 rows=1 width=121)
	  Index Cond: (id = 1464480)

table 4 : explain SELECT c FROM sbtest4 WHERE id=1128583
	Index Scan using sbtest4_pkey on sbtest4  (cost=0.43..8.45 rows=1 width=121)
	  Index Cond: (id = 1128583)

table 5 : explain SELECT c FROM sbtest5 WHERE id=8264970
	Index Scan using sbtest5_pkey on sbtest5  (cost=0.43..8.45 rows=1 width=121)
	  Index Cond: (id = 8264970)

table 6 : explain SELECT c FROM sbtest6 WHERE id=216396
	Index Scan using sbtest6_pkey on sbtest6  (cost=0.43..8.45 rows=1 width=121)
	  Index Cond: (id = 216396)

table 7 : explain SELECT c FROM sbtest7 WHERE id=8751594
	Index Scan using sbtest7_pkey on sbtest7  (cost=0.43..8.45 rows=1 width=121)
	  Index Cond: (id = 8751594)

table 8 : explain SELECT c FROM sbtest8 WHERE id=6030031
	Index Scan using sbtest8_pkey on sbtest8  (cost=0.43..8.45 rows=1 width=121)
	  Index Cond: (id = 6030031)

for point_selects
table 1 : explain SELECT c FROM sbtest1 WHERE id=9268510
	Index Scan using sbtest1_pkey on sbtest1  (cost=0.43..8.45 rows=1 width=121)
	  Index Cond: (id = 9268510)

table 2 : explain SELECT c FROM sbtest2 WHERE id=8319054
	Index Scan using sbtest2_pkey on sbtest2  (cost=0.43..8.45 rows=1 width=121)
	  Index Cond: (id = 8319054)

table 3 : explain SELECT c FROM sbtest3 WHERE id=8220204
	Index Scan using sbtest3_pkey on sbtest3  (cost=0.43..8.45 rows=1 width=121)
	  Index Cond: (id = 8220204)

table 4 : explain SELECT c FROM sbtest4 WHERE id=4359053
	Index Scan using sbtest4_pkey on sbtest4  (cost=0.43..8.45 rows=1 width=121)
	  Index Cond: (id = 4359053)

table 5 : explain SELECT c FROM sbtest5 WHERE id=7196763
	Index Scan using sbtest5_pkey on sbtest5  (cost=0.43..8.45 rows=1 width=121)
	  Index Cond: (id = 7196763)

table 6 : explain SELECT c FROM sbtest6 WHERE id=953949
	Index Scan using sbtest6_pkey on sbtest6  (cost=0.43..8.45 rows=1 width=121)
	  Index Cond: (id = 953949)

table 7 : explain SELECT c FROM sbtest7 WHERE id=8135227
	Index Scan using sbtest7_pkey on sbtest7  (cost=0.43..8.45 rows=1 width=121)
	  Index Cond: (id = 8135227)

table 8 : explain SELECT c FROM sbtest8 WHERE id=1114508
	Index Scan using sbtest8_pkey on sbtest8  (cost=0.43..8.45 rows=1 width=121)
	  Index Cond: (id = 1114508)

for: distinct_ranges
table 1 : explain SELECT DISTINCT c FROM sbtest1 WHERE id BETWEEN 1446149 AND 1456148 ORDER BY c
	Unique  (cost=30542.17..30584.83 rows=8532 width=121)
	  ->  Sort  (cost=30542.17..30563.50 rows=8532 width=121)
	        Sort Key: c
	        ->  Bitmap Heap Scan on sbtest1  (cost=275.89..29985.09 rows=8532 width=121)
	              Recheck Cond: ((id >= 1446149) AND (id <= 1456148))
	              ->  Bitmap Index Scan on sbtest1_pkey  (cost=0.00..273.75 rows=8532 width=0)
	                    Index Cond: ((id >= 1446149) AND (id <= 1456148))

table 2 : explain SELECT DISTINCT c FROM sbtest2 WHERE id BETWEEN 8240210 AND 8250209 ORDER BY c
	Unique  (cost=36524.71..36576.75 rows=10408 width=121)
	  ->  Sort  (cost=36524.71..36550.73 rows=10408 width=121)
	        Sort Key: c
	        ->  Bitmap Heap Scan on sbtest2  (cost=339.12..35830.22 rows=10408 width=121)
	              Recheck Cond: ((id >= 8240210) AND (id <= 8250209))
	              ->  Bitmap Index Scan on sbtest2_pkey  (cost=0.00..336.51 rows=10408 width=0)
	                    Index Cond: ((id >= 8240210) AND (id <= 8250209))

table 3 : explain SELECT DISTINCT c FROM sbtest3 WHERE id BETWEEN 9662925 AND 9672924 ORDER BY c
	Unique  (cost=38064.03..38118.10 rows=10814 width=121)
	  ->  Sort  (cost=38064.03..38091.07 rows=10814 width=121)
	        Sort Key: c
	        ->  Bitmap Heap Scan on sbtest3  (cost=351.28..37339.46 rows=10814 width=121)
	              Recheck Cond: ((id >= 9662925) AND (id <= 9672924))
	              ->  Bitmap Index Scan on sbtest3_pkey  (cost=0.00..348.57 rows=10814 width=0)
	                    Index Cond: ((id >= 9662925) AND (id <= 9672924))

table 4 : explain SELECT DISTINCT c FROM sbtest4 WHERE id BETWEEN 7399815 AND 7409814 ORDER BY c
	Unique  (cost=32749.93..32795.81 rows=9175 width=121)
	  ->  Sort  (cost=32749.93..32772.87 rows=9175 width=121)
	        Sort Key: c
	        ->  Bitmap Heap Scan on sbtest4  (cost=298.48..32146.06 rows=9175 width=121)
	              Recheck Cond: ((id >= 7399815) AND (id <= 7409814))
	              ->  Bitmap Index Scan on sbtest4_pkey  (cost=0.00..296.19 rows=9175 width=0)
	                    Index Cond: ((id >= 7399815) AND (id <= 7409814))

table 5 : explain SELECT DISTINCT c FROM sbtest5 WHERE id BETWEEN 1482518 AND 1492517 ORDER BY c
	Unique  (cost=34885.63..34934.79 rows=9832 width=121)
	  ->  Sort  (cost=34885.63..34910.21 rows=9832 width=121)
	        Sort Key: c
	        ->  Bitmap Heap Scan on sbtest5  (cost=317.21..34233.61 rows=9832 width=121)
	              Recheck Cond: ((id >= 1482518) AND (id <= 1492517))
	              ->  Bitmap Index Scan on sbtest5_pkey  (cost=0.00..314.75 rows=9832 width=0)
	                    Index Cond: ((id >= 1482518) AND (id <= 1492517))

table 6 : explain SELECT DISTINCT c FROM sbtest6 WHERE id BETWEEN 5736834 AND 5746833 ORDER BY c
	Unique  (cost=32642.39..32688.28 rows=9177 width=121)
	  ->  Sort  (cost=32642.39..32665.33 rows=9177 width=121)
	        Sort Key: c
	        ->  Bitmap Heap Scan on sbtest6  (cost=298.50..32038.37 rows=9177 width=121)
	              Recheck Cond: ((id >= 5736834) AND (id <= 5746833))
	              ->  Bitmap Index Scan on sbtest6_pkey  (cost=0.00..296.20 rows=9177 width=0)
	                    Index Cond: ((id >= 5736834) AND (id <= 5746833))

table 7 : explain SELECT DISTINCT c FROM sbtest7 WHERE id BETWEEN 5836343 AND 5846342 ORDER BY c
	Unique  (cost=38419.71..38474.40 rows=10937 width=121)
	  ->  Sort  (cost=38419.71..38447.06 rows=10937 width=121)
	        Sort Key: c
	        ->  Bitmap Heap Scan on sbtest7  (cost=356.54..37686.01 rows=10937 width=121)
	              Recheck Cond: ((id >= 5836343) AND (id <= 5846342))
	              ->  Bitmap Index Scan on sbtest7_pkey  (cost=0.00..353.81 rows=10937 width=0)
	                    Index Cond: ((id >= 5836343) AND (id <= 5846342))

table 8 : explain SELECT DISTINCT c FROM sbtest8 WHERE id BETWEEN 7346334 AND 7356333 ORDER BY c
	Unique  (cost=36096.11..36147.39 rows=10257 width=121)
	  ->  Sort  (cost=36096.11..36121.75 rows=10257 width=121)
	        Sort Key: c
	        ->  Bitmap Heap Scan on sbtest8  (cost=333.57..35412.77 rows=10257 width=121)
	              Recheck Cond: ((id >= 7346334) AND (id <= 7356333))
	              ->  Bitmap Index Scan on sbtest8_pkey  (cost=0.00..331.00 rows=10257 width=0)
	                    Index Cond: ((id >= 7346334) AND (id <= 7356333))

for: order_ranges
table 1 : explain SELECT c FROM sbtest1 WHERE id BETWEEN 2233589 AND 2243588 ORDER BY c
	Sort  (cost=35756.03..35781.35 rows=10128 width=121)
	  Sort Key: c
	  ->  Bitmap Heap Scan on sbtest1  (cost=328.25..35082.21 rows=10128 width=121)
	        Recheck Cond: ((id >= 2233589) AND (id <= 2243588))
	        ->  Bitmap Index Scan on sbtest1_pkey  (cost=0.00..325.71 rows=10128 width=0)
	              Index Cond: ((id >= 2233589) AND (id <= 2243588))

table 2 : explain SELECT c FROM sbtest2 WHERE id BETWEEN 3287181 AND 3297180 ORDER BY c
	Sort  (cost=35435.10..35460.27 rows=10068 width=121)
	  Sort Key: c
	  ->  Bitmap Heap Scan on sbtest2  (cost=327.63..34765.71 rows=10068 width=121)
	        Recheck Cond: ((id >= 3287181) AND (id <= 3297180))
	        ->  Bitmap Index Scan on sbtest2_pkey  (cost=0.00..325.12 rows=10068 width=0)
	              Index Cond: ((id >= 3287181) AND (id <= 3297180))

table 3 : explain SELECT c FROM sbtest3 WHERE id BETWEEN 8963640 AND 8973639 ORDER BY c
	Sort  (cost=37915.70..37942.61 rows=10767 width=121)
	  Sort Key: c
	  ->  Bitmap Heap Scan on sbtest3  (cost=350.80..37194.61 rows=10767 width=121)
	        Recheck Cond: ((id >= 8963640) AND (id <= 8973639))
	        ->  Bitmap Index Scan on sbtest3_pkey  (cost=0.00..348.11 rows=10767 width=0)
	              Index Cond: ((id >= 8963640) AND (id <= 8973639))

table 4 : explain SELECT c FROM sbtest4 WHERE id BETWEEN 4403721 AND 4413720 ORDER BY c
	Sort  (cost=34532.13..34556.42 rows=9719 width=121)
	  Sort Key: c
	  ->  Bitmap Heap Scan on sbtest4  (cost=316.05..33888.41 rows=9719 width=121)
	        Recheck Cond: ((id >= 4403721) AND (id <= 4413720))
	        ->  Bitmap Index Scan on sbtest4_pkey  (cost=0.00..313.62 rows=9719 width=0)
	              Index Cond: ((id >= 4403721) AND (id <= 4413720))

table 5 : explain SELECT c FROM sbtest5 WHERE id BETWEEN 5192732 AND 5202731 ORDER BY c
	Sort  (cost=41792.52..41822.49 rows=11986 width=121)
	  Sort Key: c
	  ->  Bitmap Heap Scan on sbtest5  (cost=387.29..40980.53 rows=11986 width=121)
	        Recheck Cond: ((id >= 5192732) AND (id <= 5202731))
	        ->  Bitmap Index Scan on sbtest5_pkey  (cost=0.00..384.30 rows=11986 width=0)
	              Index Cond: ((id >= 5192732) AND (id <= 5202731))

table 6 : explain SELECT c FROM sbtest6 WHERE id BETWEEN 8706437 AND 8716436 ORDER BY c
	Sort  (cost=34469.19..34493.54 rows=9739 width=121)
	  Sort Key: c
	  ->  Bitmap Heap Scan on sbtest6  (cost=316.26..33824.00 rows=9739 width=121)
	        Recheck Cond: ((id >= 8706437) AND (id <= 8716436))
	        ->  Bitmap Index Scan on sbtest6_pkey  (cost=0.00..313.82 rows=9739 width=0)
	              Index Cond: ((id >= 8706437) AND (id <= 8716436))

table 7 : explain SELECT c FROM sbtest7 WHERE id BETWEEN 8792090 AND 8802089 ORDER BY c
	Sort  (cost=33010.85..33034.02 rows=9267 width=121)
	  Sort Key: c
	  ->  Bitmap Heap Scan on sbtest7  (cost=299.42..32400.25 rows=9267 width=121)
	        Recheck Cond: ((id >= 8792090) AND (id <= 8802089))
	        ->  Bitmap Index Scan on sbtest7_pkey  (cost=0.00..297.11 rows=9267 width=0)
	              Index Cond: ((id >= 8792090) AND (id <= 8802089))

table 8 : explain SELECT c FROM sbtest8 WHERE id BETWEEN 2205948 AND 2215947 ORDER BY c
	Sort  (cost=37618.29..37645.13 rows=10734 width=121)
	  Sort Key: c
	  ->  Bitmap Heap Scan on sbtest8  (cost=346.46..36899.66 rows=10734 width=121)
	        Recheck Cond: ((id >= 2205948) AND (id <= 2215947))
	        ->  Bitmap Index Scan on sbtest8_pkey  (cost=0.00..343.78 rows=10734 width=0)
	              Index Cond: ((id >= 2205948) AND (id <= 2215947))

for point_selects
table 1 : explain SELECT c FROM sbtest1 WHERE id=2317883
	Index Scan using sbtest1_pkey on sbtest1  (cost=0.43..8.45 rows=1 width=121)
	  Index Cond: (id = 2317883)

table 2 : explain SELECT c FROM sbtest2 WHERE id=5971241
	Index Scan using sbtest2_pkey on sbtest2  (cost=0.43..8.45 rows=1 width=121)
	  Index Cond: (id = 5971241)

table 3 : explain SELECT c FROM sbtest3 WHERE id=9897675
	Index Scan using sbtest3_pkey on sbtest3  (cost=0.43..8.45 rows=1 width=121)
	  Index Cond: (id = 9897675)

table 4 : explain SELECT c FROM sbtest4 WHERE id=7980069
	Index Scan using sbtest4_pkey on sbtest4  (cost=0.43..8.45 rows=1 width=121)
	  Index Cond: (id = 7980069)

table 5 : explain SELECT c FROM sbtest5 WHERE id=2630796
	Index Scan using sbtest5_pkey on sbtest5  (cost=0.43..8.45 rows=1 width=121)
	  Index Cond: (id = 2630796)

table 6 : explain SELECT c FROM sbtest6 WHERE id=7284548
	Index Scan using sbtest6_pkey on sbtest6  (cost=0.43..8.45 rows=1 width=121)
	  Index Cond: (id = 7284548)

table 7 : explain SELECT c FROM sbtest7 WHERE id=1872301
	Index Scan using sbtest7_pkey on sbtest7  (cost=0.43..8.45 rows=1 width=121)
	  Index Cond: (id = 1872301)

table 8 : explain SELECT c FROM sbtest8 WHERE id=9447913
	Index Scan using sbtest8_pkey on sbtest8  (cost=0.43..8.45 rows=1 width=121)
	  Index Cond: (id = 9447913)

explain: for point_selects :: explain SELECT c FROM sbtest%u WHERE id=%u
for: distinct_ranges
table 1 : explain SELECT DISTINCT c FROM sbtest1 WHERE id BETWEEN 2468972 AND 2478971 ORDER BY c
	Unique  (cost=38107.51..38161.81 rows=10861 width=121)
	  ->  Sort  (cost=38107.51..38134.66 rows=10861 width=121)
	        Sort Key: c
	        ->  Bitmap Heap Scan on sbtest1  (cost=351.76..37379.45 rows=10861 width=121)
	              Recheck Cond: ((id >= 2468972) AND (id <= 2478971))
	              ->  Bitmap Index Scan on sbtest1_pkey  (cost=0.00..349.05 rows=10861 width=0)
	                    Index Cond: ((id >= 2468972) AND (id <= 2478971))

table 2 : explain SELECT DISTINCT c FROM sbtest2 WHERE id BETWEEN 9898070 AND 9908069 ORDER BY c
	Unique  (cost=34082.42..34130.67 rows=9649 width=121)
	  ->  Sort  (cost=34082.42..34106.55 rows=9649 width=121)
	        Sort Key: c
	        ->  Bitmap Heap Scan on sbtest2  (cost=311.34..33443.85 rows=9649 width=121)
	              Recheck Cond: ((id >= 9898070) AND (id <= 9908069))
	              ->  Bitmap Index Scan on sbtest2_pkey  (cost=0.00..308.93 rows=9649 width=0)
	                    Index Cond: ((id >= 9898070) AND (id <= 9908069))

table 3 : explain SELECT DISTINCT c FROM sbtest3 WHERE id BETWEEN 1462586 AND 1472585 ORDER BY c
	Unique  (cost=32980.11..33026.35 rows=9248 width=121)
	  ->  Sort  (cost=32980.11..33003.23 rows=9248 width=121)
	        Sort Key: c
	        ->  Bitmap Heap Scan on sbtest3  (cost=299.23..32370.90 rows=9248 width=121)
	              Recheck Cond: ((id >= 1462586) AND (id <= 1472585))
	              ->  Bitmap Index Scan on sbtest3_pkey  (cost=0.00..296.92 rows=9248 width=0)
	                    Index Cond: ((id >= 1462586) AND (id <= 1472585))

table 4 : explain SELECT DISTINCT c FROM sbtest4 WHERE id BETWEEN 3623594 AND 3633593 ORDER BY c
	Unique  (cost=32477.28..32522.74 rows=9093 width=121)
	  ->  Sort  (cost=32477.28..32500.01 rows=9093 width=121)
	        Sort Key: c
	        ->  Bitmap Heap Scan on sbtest4  (cost=293.64..31879.39 rows=9093 width=121)
	              Recheck Cond: ((id >= 3623594) AND (id <= 3633593))
	              ->  Bitmap Index Scan on sbtest4_pkey  (cost=0.00..291.37 rows=9093 width=0)
	                    Index Cond: ((id >= 3623594) AND (id <= 3633593))

table 5 : explain SELECT DISTINCT c FROM sbtest5 WHERE id BETWEEN 2243198 AND 2253197 ORDER BY c
	Unique  (cost=34284.94..34333.18 rows=9648 width=121)
	  ->  Sort  (cost=34284.94..34309.06 rows=9648 width=121)
	        Sort Key: c
	        ->  Bitmap Heap Scan on sbtest5  (cost=311.33..33646.43 rows=9648 width=121)
	              Recheck Cond: ((id >= 2243198) AND (id <= 2253197))
	              ->  Bitmap Index Scan on sbtest5_pkey  (cost=0.00..308.92 rows=9648 width=0)
	                    Index Cond: ((id >= 2243198) AND (id <= 2253197))

table 6 : explain SELECT DISTINCT c FROM sbtest6 WHERE id BETWEEN 2576475 AND 2586474 ORDER BY c
	Unique  (cost=34575.37..34624.23 rows=9772 width=121)
	  ->  Sort  (cost=34575.37..34599.80 rows=9772 width=121)
	        Sort Key: c
	        ->  Bitmap Heap Scan on sbtest6  (cost=316.60..33927.76 rows=9772 width=121)
	              Recheck Cond: ((id >= 2576475) AND (id <= 2586474))
	              ->  Bitmap Index Scan on sbtest6_pkey  (cost=0.00..314.16 rows=9772 width=0)
	                    Index Cond: ((id >= 2576475) AND (id <= 2586474))

table 7 : explain SELECT DISTINCT c FROM sbtest7 WHERE id BETWEEN 6908350 AND 6918349 ORDER BY c
	Unique  (cost=37454.06..37507.24 rows=10636 width=121)
	  ->  Sort  (cost=37454.06..37480.65 rows=10636 width=121)
	        Sort Key: c
	        ->  Bitmap Heap Scan on sbtest7  (cost=345.45..36742.69 rows=10636 width=121)
	              Recheck Cond: ((id >= 6908350) AND (id <= 6918349))
	              ->  Bitmap Index Scan on sbtest7_pkey  (cost=0.00..342.80 rows=10636 width=0)
	                    Index Cond: ((id >= 6908350) AND (id <= 6918349))

table 8 : explain SELECT DISTINCT c FROM sbtest8 WHERE id BETWEEN 7685104 AND 7695103 ORDER BY c
	Unique  (cost=35194.14..35244.02 rows=9977 width=121)
	  ->  Sort  (cost=35194.14..35219.08 rows=9977 width=121)
	        Sort Key: c
	        ->  Bitmap Heap Scan on sbtest8  (cost=322.70..34531.45 rows=9977 width=121)
	              Recheck Cond: ((id >= 7685104) AND (id <= 7695103))
	              ->  Bitmap Index Scan on sbtest8_pkey  (cost=0.00..320.20 rows=9977 width=0)
	                    Index Cond: ((id >= 7685104) AND (id <= 7695103))

for: order_ranges
table 1 : explain SELECT c FROM sbtest1 WHERE id BETWEEN 5731172 AND 5741171 ORDER BY c
	Sort  (cost=38488.53..38515.98 rows=10980 width=121)
	  Sort Key: c
	  ->  Bitmap Heap Scan on sbtest1  (cost=356.98..37751.63 rows=10980 width=121)
	        Recheck Cond: ((id >= 5731172) AND (id <= 5741171))
	        ->  Bitmap Index Scan on sbtest1_pkey  (cost=0.00..354.24 rows=10980 width=0)
	              Index Cond: ((id >= 5731172) AND (id <= 5741171))

table 2 : explain SELECT c FROM sbtest2 WHERE id BETWEEN 3450711 AND 3460710 ORDER BY c
	Sort  (cost=33352.46..33376.02 rows=9423 width=121)
	  Sort Key: c
	  ->  Bitmap Heap Scan on sbtest2  (cost=305.02..32730.45 rows=9423 width=121)
	        Recheck Cond: ((id >= 3450711) AND (id <= 3460710))
	        ->  Bitmap Index Scan on sbtest2_pkey  (cost=0.00..302.67 rows=9423 width=0)
	              Index Cond: ((id >= 3450711) AND (id <= 3460710))

table 3 : explain SELECT c FROM sbtest3 WHERE id BETWEEN 2163622 AND 2173621 ORDER BY c
	Sort  (cost=36615.46..36641.37 rows=10365 width=121)
	  Sort Key: c
	  ->  Bitmap Heap Scan on sbtest3  (cost=334.68..35924.15 rows=10365 width=121)
	        Recheck Cond: ((id >= 2163622) AND (id <= 2173621))
	        ->  Bitmap Index Scan on sbtest3_pkey  (cost=0.00..332.08 rows=10365 width=0)
	              Index Cond: ((id >= 2163622) AND (id <= 2173621))

table 4 : explain SELECT c FROM sbtest4 WHERE id BETWEEN 4314711 AND 4324710 ORDER BY c
	Sort  (cost=35289.09..35313.97 rows=9952 width=121)
	  Sort Key: c
	  ->  Bitmap Heap Scan on sbtest4  (cost=322.44..34628.24 rows=9952 width=121)
	        Recheck Cond: ((id >= 4314711) AND (id <= 4324710))
	        ->  Bitmap Index Scan on sbtest4_pkey  (cost=0.00..319.95 rows=9952 width=0)
	              Index Cond: ((id >= 4314711) AND (id <= 4324710))

table 5 : explain SELECT c FROM sbtest5 WHERE id BETWEEN 8666134 AND 8676133 ORDER BY c
	Sort  (cost=35764.83..35790.08 rows=10102 width=121)
	  Sort Key: c
	  ->  Bitmap Heap Scan on sbtest5  (cost=327.98..35092.93 rows=10102 width=121)
	        Recheck Cond: ((id >= 8666134) AND (id <= 8676133))
	        ->  Bitmap Index Scan on sbtest5_pkey  (cost=0.00..325.45 rows=10102 width=0)
	              Index Cond: ((id >= 8666134) AND (id <= 8676133))

table 6 : explain SELECT c FROM sbtest6 WHERE id BETWEEN 1446412 AND 1456411 ORDER BY c
	Sort  (cost=36139.01..36164.65 rows=10256 width=121)
	  Sort Key: c
	  ->  Bitmap Heap Scan on sbtest6  (cost=333.56..35455.75 rows=10256 width=121)
	        Recheck Cond: ((id >= 1446412) AND (id <= 1456411))
	        ->  Bitmap Index Scan on sbtest6_pkey  (cost=0.00..331.00 rows=10256 width=0)
	              Index Cond: ((id >= 1446412) AND (id <= 1456411))

table 7 : explain SELECT c FROM sbtest7 WHERE id BETWEEN 3714262 AND 3724261 ORDER BY c
	Sort  (cost=35762.72..35788.00 rows=10112 width=121)
	  Sort Key: c
	  ->  Bitmap Heap Scan on sbtest7  (cost=328.08..35090.08 rows=10112 width=121)
	        Recheck Cond: ((id >= 3714262) AND (id <= 3724261))
	        ->  Bitmap Index Scan on sbtest7_pkey  (cost=0.00..325.56 rows=10112 width=0)
	              Index Cond: ((id >= 3714262) AND (id <= 3724261))

table 8 : explain SELECT c FROM sbtest8 WHERE id BETWEEN 1911788 AND 1921787 ORDER BY c
	Sort  (cost=34406.02..34430.35 rows=9733 width=121)
	  Sort Key: c
	  ->  Bitmap Heap Scan on sbtest8  (cost=316.20..33761.27 rows=9733 width=121)
	        Recheck Cond: ((id >= 1911788) AND (id <= 1921787))
	        ->  Bitmap Index Scan on sbtest8_pkey  (cost=0.00..313.76 rows=9733 width=0)
	              Index Cond: ((id >= 1911788) AND (id <= 1921787))

for: simple_ranges
table 1 : explain SELECT c FROM sbtest1 WHERE id BETWEEN 6947415 AND 6957414
	Bitmap Heap Scan on sbtest1  (cost=368.41..38794.21 rows=11315 width=121)
	  Recheck Cond: ((id >= 6947415) AND (id <= 6957414))
	  ->  Bitmap Index Scan on sbtest1_pkey  (cost=0.00..365.58 rows=11315 width=0)
	        Index Cond: ((id >= 6947415) AND (id <= 6957414))

table 2 : explain SELECT c FROM sbtest2 WHERE id BETWEEN 9207202 AND 9217201
	Bitmap Heap Scan on sbtest2  (cost=328.61..35061.58 rows=10163 width=121)
	  Recheck Cond: ((id >= 9207202) AND (id <= 9217201))
	  ->  Bitmap Index Scan on sbtest2_pkey  (cost=0.00..326.06 rows=10163 width=0)
	        Index Cond: ((id >= 9207202) AND (id <= 9217201))

table 3 : explain SELECT c FROM sbtest3 WHERE id BETWEEN 1320268 AND 1330267
	Bitmap Heap Scan on sbtest3  (cost=327.84..35051.92 rows=10088 width=121)
	  Recheck Cond: ((id >= 1320268) AND (id <= 1330267))
	  ->  Bitmap Index Scan on sbtest3_pkey  (cost=0.00..325.31 rows=10088 width=0)
	        Index Cond: ((id >= 1320268) AND (id <= 1330267))

table 4 : explain SELECT c FROM sbtest4 WHERE id BETWEEN 4821335 AND 4831334
	Bitmap Heap Scan on sbtest4  (cost=334.50..35881.89 rows=10348 width=121)
	  Recheck Cond: ((id >= 4821335) AND (id <= 4831334))
	  ->  Bitmap Index Scan on sbtest4_pkey  (cost=0.00..331.92 rows=10348 width=0)
	        Index Cond: ((id >= 4821335) AND (id <= 4831334))

table 5 : explain SELECT c FROM sbtest5 WHERE id BETWEEN 9189514 AND 9199513
	Bitmap Heap Scan on sbtest5  (cost=322.79..34722.10 rows=9986 width=121)
	  Recheck Cond: ((id >= 9189514) AND (id <= 9199513))
	  ->  Bitmap Index Scan on sbtest5_pkey  (cost=0.00..320.30 rows=9986 width=0)
	        Index Cond: ((id >= 9189514) AND (id <= 9199513))

table 6 : explain SELECT c FROM sbtest6 WHERE id BETWEEN 9459060 AND 9469059
	Bitmap Heap Scan on sbtest6  (cost=322.99..34663.38 rows=10005 width=121)
	  Recheck Cond: ((id >= 9459060) AND (id <= 9469059))
	  ->  Bitmap Index Scan on sbtest6_pkey  (cost=0.00..320.49 rows=10005 width=0)
	        Index Cond: ((id >= 9459060) AND (id <= 9469059))

table 7 : explain SELECT c FROM sbtest7 WHERE id BETWEEN 179823 AND 189822
	Bitmap Heap Scan on sbtest7  (cost=310.49..33355.57 rows=9566 width=121)
	  Recheck Cond: ((id >= 179823) AND (id <= 189822))
	  ->  Bitmap Index Scan on sbtest7_pkey  (cost=0.00..308.09 rows=9566 width=0)
	        Index Cond: ((id >= 179823) AND (id <= 189822))

table 8 : explain SELECT c FROM sbtest8 WHERE id BETWEEN 93234 AND 103233
	Bitmap Heap Scan on sbtest8  (cost=293.29..31618.92 rows=9059 width=121)
	  Recheck Cond: ((id >= 93234) AND (id <= 103233))
	  ->  Bitmap Index Scan on sbtest8_pkey  (cost=0.00..291.03 rows=9059 width=0)
	        Index Cond: ((id >= 93234) AND (id <= 103233))

for: order_ranges
table 1 : explain SELECT c FROM sbtest1 WHERE id BETWEEN 8324481 AND 8334480 ORDER BY c
	Sort  (cost=42301.21..42331.68 rows=12186 width=121)
	  Sort Key: c
	  ->  Bitmap Heap Scan on sbtest1  (cost=393.34..41474.21 rows=12186 width=121)
	        Recheck Cond: ((id >= 8324481) AND (id <= 8334480))
	        ->  Bitmap Index Scan on sbtest1_pkey  (cost=0.00..390.30 rows=12186 width=0)
	              Index Cond: ((id >= 8324481) AND (id <= 8334480))

table 2 : explain SELECT c FROM sbtest2 WHERE id BETWEEN 8174276 AND 8184275 ORDER BY c
	Sort  (cost=34265.05..34289.31 rows=9704 width=121)
	  Sort Key: c
	  ->  Bitmap Heap Scan on sbtest2  (cost=315.90..33622.44 rows=9704 width=121)
	        Recheck Cond: ((id >= 8174276) AND (id <= 8184275))
	        ->  Bitmap Index Scan on sbtest2_pkey  (cost=0.00..313.48 rows=9704 width=0)
	              Index Cond: ((id >= 8174276) AND (id <= 8184275))

table 3 : explain SELECT c FROM sbtest3 WHERE id BETWEEN 2742308 AND 2752307 ORDER BY c
	Sort  (cost=33232.19..33255.50 rows=9325 width=121)
	  Sort Key: c
	  ->  Bitmap Heap Scan on sbtest3  (cost=304.02..32617.35 rows=9325 width=121)
	        Recheck Cond: ((id >= 2742308) AND (id <= 2752307))
	        ->  Bitmap Index Scan on sbtest3_pkey  (cost=0.00..301.69 rows=9325 width=0)
	              Index Cond: ((id >= 2742308) AND (id <= 2752307))

table 4 : explain SELECT c FROM sbtest4 WHERE id BETWEEN 6827879 AND 6837878 ORDER BY c
	Sort  (cost=34802.27..34826.78 rows=9803 width=121)
	  Sort Key: c
	  ->  Bitmap Heap Scan on sbtest4  (cost=316.92..34152.38 rows=9803 width=121)
	        Recheck Cond: ((id >= 6827879) AND (id <= 6837878))
	        ->  Bitmap Index Scan on sbtest4_pkey  (cost=0.00..314.46 rows=9803 width=0)
	              Index Cond: ((id >= 6827879) AND (id <= 6837878))

table 5 : explain SELECT c FROM sbtest5 WHERE id BETWEEN 1359414 AND 1369413 ORDER BY c
	Sort  (cost=37626.89..37653.59 rows=10679 width=121)
	  Sort Key: c
	  ->  Bitmap Heap Scan on sbtest5  (cost=345.89..36912.33 rows=10679 width=121)
	        Recheck Cond: ((id >= 1359414) AND (id <= 1369413))
	        ->  Bitmap Index Scan on sbtest5_pkey  (cost=0.00..343.23 rows=10679 width=0)
	              Index Cond: ((id >= 1359414) AND (id <= 1369413))

table 6 : explain SELECT c FROM sbtest6 WHERE id BETWEEN 2646643 AND 2656642 ORDER BY c
	Sort  (cost=34585.32..34609.76 rows=9775 width=121)
	  Sort Key: c
	  ->  Bitmap Heap Scan on sbtest6  (cost=316.63..33937.49 rows=9775 width=121)
	        Recheck Cond: ((id >= 2646643) AND (id <= 2656642))
	        ->  Bitmap Index Scan on sbtest6_pkey  (cost=0.00..314.19 rows=9775 width=0)
	              Index Cond: ((id >= 2646643) AND (id <= 2656642))

table 7 : explain SELECT c FROM sbtest7 WHERE id BETWEEN 9480930 AND 9490929 ORDER BY c
	Sort  (cost=34325.48..34349.65 rows=9669 width=121)
	  Sort Key: c
	  ->  Bitmap Heap Scan on sbtest7  (cost=315.54..33685.43 rows=9669 width=121)
	        Recheck Cond: ((id >= 9480930) AND (id <= 9490929))
	        ->  Bitmap Index Scan on sbtest7_pkey  (cost=0.00..313.12 rows=9669 width=0)
	              Index Cond: ((id >= 9480930) AND (id <= 9490929))

table 8 : explain SELECT c FROM sbtest8 WHERE id BETWEEN 4000117 AND 4010116 ORDER BY c
	Sort  (cost=36636.47..36662.54 rows=10426 width=121)
	  Sort Key: c
	  ->  Bitmap Heap Scan on sbtest8  (cost=339.30..35940.64 rows=10426 width=121)
	        Recheck Cond: ((id >= 4000117) AND (id <= 4010116))
	        ->  Bitmap Index Scan on sbtest8_pkey  (cost=0.00..336.69 rows=10426 width=0)
	              Index Cond: ((id >= 4000117) AND (id <= 4010116))

for: order_ranges
table 1 : explain SELECT c FROM sbtest1 WHERE id BETWEEN 5379112 AND 5389111 ORDER BY c
	Sort  (cost=37766.08..37792.97 rows=10753 width=121)
	  Sort Key: c
	  ->  Bitmap Heap Scan on sbtest1  (cost=350.65..37046.04 rows=10753 width=121)
	        Recheck Cond: ((id >= 5379112) AND (id <= 5389111))
	        ->  Bitmap Index Scan on sbtest1_pkey  (cost=0.00..347.96 rows=10753 width=0)
	              Index Cond: ((id >= 5379112) AND (id <= 5389111))

table 2 : explain SELECT c FROM sbtest2 WHERE id BETWEEN 9598873 AND 9608872 ORDER BY c
	Sort  (cost=35635.97..35661.29 rows=10131 width=121)
	  Sort Key: c
	  ->  Bitmap Heap Scan on sbtest2  (cost=328.28..34961.92 rows=10131 width=121)
	        Recheck Cond: ((id >= 9598873) AND (id <= 9608872))
	        ->  Bitmap Index Scan on sbtest2_pkey  (cost=0.00..325.75 rows=10131 width=0)
	              Index Cond: ((id >= 9598873) AND (id <= 9608872))

table 3 : explain SELECT c FROM sbtest3 WHERE id BETWEEN 91453 AND 101452 ORDER BY c
	Sort  (cost=34703.51..34727.95 rows=9775 width=121)
	  Sort Key: c
	  ->  Bitmap Heap Scan on sbtest3  (cost=316.63..34055.68 rows=9775 width=121)
	        Recheck Cond: ((id >= 91453) AND (id <= 101452))
	        ->  Bitmap Index Scan on sbtest3_pkey  (cost=0.00..314.19 rows=9775 width=0)
	              Index Cond: ((id >= 91453) AND (id <= 101452))

table 4 : explain SELECT c FROM sbtest4 WHERE id BETWEEN 1961530 AND 1971529 ORDER BY c
	Sort  (cost=39443.41..39471.51 rows=11241 width=121)
	  Sort Key: c
	  ->  Bitmap Heap Scan on sbtest4  (cost=363.66..38687.09 rows=11241 width=121)
	        Recheck Cond: ((id >= 1961530) AND (id <= 1971529))
	        ->  Bitmap Index Scan on sbtest4_pkey  (cost=0.00..360.84 rows=11241 width=0)
	              Index Cond: ((id >= 1961530) AND (id <= 1971529))

table 5 : explain SELECT c FROM sbtest5 WHERE id BETWEEN 416162 AND 426161 ORDER BY c
	Sort  (cost=35478.44..35503.48 rows=10014 width=121)
	  Sort Key: c
	  ->  Bitmap Heap Scan on sbtest5  (cost=323.08..34813.02 rows=10014 width=121)
	        Recheck Cond: ((id >= 416162) AND (id <= 426161))
	        ->  Bitmap Index Scan on sbtest5_pkey  (cost=0.00..320.57 rows=10014 width=0)
	              Index Cond: ((id >= 416162) AND (id <= 426161))

table 6 : explain SELECT c FROM sbtest6 WHERE id BETWEEN 4950324 AND 4960323 ORDER BY c
	Sort  (cost=33657.47..33681.19 rows=9488 width=121)
	  Sort Key: c
	  ->  Bitmap Heap Scan on sbtest6  (cost=309.69..33030.70 rows=9488 width=121)
	        Recheck Cond: ((id >= 4950324) AND (id <= 4960323))
	        ->  Bitmap Index Scan on sbtest6_pkey  (cost=0.00..307.31 rows=9488 width=0)
	              Index Cond: ((id >= 4950324) AND (id <= 4960323))

table 7 : explain SELECT c FROM sbtest7 WHERE id BETWEEN 2489315 AND 2499314 ORDER BY c
	Sort  (cost=35463.46..35488.51 rows=10020 width=121)
	  Sort Key: c
	  ->  Bitmap Heap Scan on sbtest7  (cost=323.14..34797.60 rows=10020 width=121)
	        Recheck Cond: ((id >= 2489315) AND (id <= 2499314))
	        ->  Bitmap Index Scan on sbtest7_pkey  (cost=0.00..320.63 rows=10020 width=0)
	              Index Cond: ((id >= 2489315) AND (id <= 2499314))

table 8 : explain SELECT c FROM sbtest8 WHERE id BETWEEN 5569091 AND 5579090 ORDER BY c
	Sort  (cost=35558.09..35583.32 rows=10090 width=121)
	  Sort Key: c
	  ->  Bitmap Heap Scan on sbtest8  (cost=327.86..34887.08 rows=10090 width=121)
	        Recheck Cond: ((id >= 5569091) AND (id <= 5579090))
	        ->  Bitmap Index Scan on sbtest8_pkey  (cost=0.00..325.33 rows=10090 width=0)
	              Index Cond: ((id >= 5569091) AND (id <= 5579090))

for: simple_ranges
table 1 : explain SELECT c FROM sbtest1 WHERE id BETWEEN 3605525 AND 3615524
	Bitmap Heap Scan on sbtest1  (cost=316.95..34060.83 rows=9806 width=121)
	  Recheck Cond: ((id >= 3605525) AND (id <= 3615524))
	  ->  Bitmap Index Scan on sbtest1_pkey  (cost=0.00..314.50 rows=9806 width=0)
	        Index Cond: ((id >= 3605525) AND (id <= 3615524))

table 2 : explain SELECT c FROM sbtest2 WHERE id BETWEEN 4952988 AND 4962987
	Bitmap Heap Scan on sbtest2  (cost=293.24..31558.46 rows=9054 width=121)
	  Recheck Cond: ((id >= 4952988) AND (id <= 4962987))
	  ->  Bitmap Index Scan on sbtest2_pkey  (cost=0.00..290.98 rows=9054 width=0)
	        Index Cond: ((id >= 4952988) AND (id <= 4962987))

table 3 : explain SELECT c FROM sbtest3 WHERE id BETWEEN 7547633 AND 7557632
	Bitmap Heap Scan on sbtest3  (cost=310.57..33412.59 rows=9574 width=121)
	  Recheck Cond: ((id >= 7547633) AND (id <= 7557632))
	  ->  Bitmap Index Scan on sbtest3_pkey  (cost=0.00..308.18 rows=9574 width=0)
	        Index Cond: ((id >= 7547633) AND (id <= 7557632))

table 4 : explain SELECT c FROM sbtest4 WHERE id BETWEEN 9035893 AND 9045892
	Bitmap Heap Scan on sbtest4  (cost=321.40..34306.16 rows=9850 width=121)
	  Recheck Cond: ((id >= 9035893) AND (id <= 9045892))
	  ->  Bitmap Index Scan on sbtest4_pkey  (cost=0.00..318.94 rows=9850 width=0)
	        Index Cond: ((id >= 9035893) AND (id <= 9045892))

table 5 : explain SELECT c FROM sbtest5 WHERE id BETWEEN 1933252 AND 1943251
	Bitmap Heap Scan on sbtest5  (cost=375.33..39788.65 rows=11600 width=121)
	  Recheck Cond: ((id >= 1933252) AND (id <= 1943251))
	  ->  Bitmap Index Scan on sbtest5_pkey  (cost=0.00..372.44 rows=11600 width=0)
	        Index Cond: ((id >= 1933252) AND (id <= 1943251))

table 6 : explain SELECT c FROM sbtest6 WHERE id BETWEEN 8386561 AND 8396560
	Bitmap Heap Scan on sbtest6  (cost=334.45..35726.35 rows=10343 width=121)
	  Recheck Cond: ((id >= 8386561) AND (id <= 8396560))
	  ->  Bitmap Index Scan on sbtest6_pkey  (cost=0.00..331.87 rows=10343 width=0)
	        Index Cond: ((id >= 8386561) AND (id <= 8396560))

table 7 : explain SELECT c FROM sbtest7 WHERE id BETWEEN 8870644 AND 8880643
	Bitmap Heap Scan on sbtest7  (cost=333.66..35576.33 rows=10266 width=121)
	  Recheck Cond: ((id >= 8870644) AND (id <= 8880643))
	  ->  Bitmap Index Scan on sbtest7_pkey  (cost=0.00..331.09 rows=10266 width=0)
	        Index Cond: ((id >= 8870644) AND (id <= 8880643))

table 8 : explain SELECT c FROM sbtest8 WHERE id BETWEEN 6811004 AND 6821003
	Bitmap Heap Scan on sbtest8  (cost=316.14..33741.85 rows=9727 width=121)
	  Recheck Cond: ((id >= 6811004) AND (id <= 6821003))
	  ->  Bitmap Index Scan on sbtest8_pkey  (cost=0.00..313.70 rows=9727 width=0)
	        Index Cond: ((id >= 6811004) AND (id <= 6821003))

for: simple_ranges
table 1 : explain SELECT c FROM sbtest1 WHERE id BETWEEN 3073100 AND 3083099
	Bitmap Heap Scan on sbtest1  (cost=322.19..34447.32 rows=9927 width=121)
	  Recheck Cond: ((id >= 3073100) AND (id <= 3083099))
	  ->  Bitmap Index Scan on sbtest1_pkey  (cost=0.00..319.70 rows=9927 width=0)
	        Index Cond: ((id >= 3073100) AND (id <= 3083099))

table 2 : explain SELECT c FROM sbtest2 WHERE id BETWEEN 6864751 AND 6874750
	Bitmap Heap Scan on sbtest2  (cost=316.77..33887.37 rows=9789 width=121)
	  Recheck Cond: ((id >= 6864751) AND (id <= 6874750))
	  ->  Bitmap Index Scan on sbtest2_pkey  (cost=0.00..314.32 rows=9789 width=0)
	        Index Cond: ((id >= 6864751) AND (id <= 6874750))

table 3 : explain SELECT c FROM sbtest3 WHERE id BETWEEN 3605794 AND 3615793
	Bitmap Heap Scan on sbtest3  (cost=328.49..35253.03 rows=10152 width=121)
	  Recheck Cond: ((id >= 3605794) AND (id <= 3615793))
	  ->  Bitmap Index Scan on sbtest3_pkey  (cost=0.00..325.95 rows=10152 width=0)
	        Index Cond: ((id >= 3605794) AND (id <= 3615793))

table 4 : explain SELECT c FROM sbtest4 WHERE id BETWEEN 5328789 AND 5338788
	Bitmap Heap Scan on sbtest4  (cost=340.24..36419.36 rows=10518 width=121)
	  Recheck Cond: ((id >= 5328789) AND (id <= 5338788))
	  ->  Bitmap Index Scan on sbtest4_pkey  (cost=0.00..337.62 rows=10518 width=0)
	        Index Cond: ((id >= 5328789) AND (id <= 5338788))

table 5 : explain SELECT c FROM sbtest5 WHERE id BETWEEN 9638162 AND 9648161
	Bitmap Heap Scan on sbtest5  (cost=357.83..38116.47 rows=11063 width=121)
	  Recheck Cond: ((id >= 9638162) AND (id <= 9648161))
	  ->  Bitmap Index Scan on sbtest5_pkey  (cost=0.00..355.06 rows=11063 width=0)
	        Index Cond: ((id >= 9638162) AND (id <= 9648161))

table 6 : explain SELECT c FROM sbtest6 WHERE id BETWEEN 7090798 AND 7100797
	Bitmap Heap Scan on sbtest6  (cost=344.93..36489.86 rows=10585 width=121)
	  Recheck Cond: ((id >= 7090798) AND (id <= 7100797))
	  ->  Bitmap Index Scan on sbtest6_pkey  (cost=0.00..342.29 rows=10585 width=0)
	        Index Cond: ((id >= 7090798) AND (id <= 7100797))

table 7 : explain SELECT c FROM sbtest7 WHERE id BETWEEN 4773048 AND 4783047
	Bitmap Heap Scan on sbtest7  (cost=304.60..32767.27 rows=9382 width=121)
	  Recheck Cond: ((id >= 4773048) AND (id <= 4783047))
	  ->  Bitmap Index Scan on sbtest7_pkey  (cost=0.00..302.25 rows=9382 width=0)
	        Index Cond: ((id >= 4773048) AND (id <= 4783047))

table 8 : explain SELECT c FROM sbtest8 WHERE id BETWEEN 3803612 AND 3813611
	Bitmap Heap Scan on sbtest8  (cost=315.82..33644.69 rows=9696 width=121)
	  Recheck Cond: ((id >= 3803612) AND (id <= 3813611))
	  ->  Bitmap Index Scan on sbtest8_pkey  (cost=0.00..313.40 rows=9696 width=0)
	        Index Cond: ((id >= 3803612) AND (id <= 3813611))

for: simple_ranges
table 1 : explain SELECT c FROM sbtest1 WHERE id BETWEEN 9627360 AND 9637359
	Bitmap Heap Scan on sbtest1  (cost=345.14..36582.93 rows=10605 width=121)
	  Recheck Cond: ((id >= 9627360) AND (id <= 9637359))
	  ->  Bitmap Index Scan on sbtest1_pkey  (cost=0.00..342.49 rows=10605 width=0)
	        Index Cond: ((id >= 9627360) AND (id <= 9637359))

table 2 : explain SELECT c FROM sbtest2 WHERE id BETWEEN 7269717 AND 7279716
	Bitmap Heap Scan on sbtest2  (cost=322.42..34394.59 rows=9950 width=121)
	  Recheck Cond: ((id >= 7269717) AND (id <= 7279716))
	  ->  Bitmap Index Scan on sbtest2_pkey  (cost=0.00..319.94 rows=9950 width=0)
	        Index Cond: ((id >= 7269717) AND (id <= 7279716))

table 3 : explain SELECT c FROM sbtest3 WHERE id BETWEEN 2892628 AND 2902627
	Bitmap Heap Scan on sbtest3  (cost=322.82..34733.01 rows=9989 width=121)
	  Recheck Cond: ((id >= 2892628) AND (id <= 2902627))
	  ->  Bitmap Index Scan on sbtest3_pkey  (cost=0.00..320.32 rows=9989 width=0)
	        Index Cond: ((id >= 2892628) AND (id <= 2902627))

table 4 : explain SELECT c FROM sbtest4 WHERE id BETWEEN 8798588 AND 8808587
	Bitmap Heap Scan on sbtest4  (cost=339.25..36115.57 rows=10421 width=121)
	  Recheck Cond: ((id >= 8798588) AND (id <= 8808587))
	  ->  Bitmap Index Scan on sbtest4_pkey  (cost=0.00..336.65 rows=10421 width=0)
	        Index Cond: ((id >= 8798588) AND (id <= 8808587))

table 5 : explain SELECT c FROM sbtest5 WHERE id BETWEEN 394796 AND 404795
	Bitmap Heap Scan on sbtest5  (cost=322.85..34741.59 rows=9992 width=121)
	  Recheck Cond: ((id >= 394796) AND (id <= 404795))
	  ->  Bitmap Index Scan on sbtest5_pkey  (cost=0.00..320.36 rows=9992 width=0)
	        Index Cond: ((id >= 394796) AND (id <= 404795))

table 6 : explain SELECT c FROM sbtest6 WHERE id BETWEEN 8831160 AND 8841159
	Bitmap Heap Scan on sbtest6  (cost=322.50..34514.65 rows=9958 width=121)
	  Recheck Cond: ((id >= 8831160) AND (id <= 8841159))
	  ->  Bitmap Index Scan on sbtest6_pkey  (cost=0.00..320.01 rows=9958 width=0)
	        Index Cond: ((id >= 8831160) AND (id <= 8841159))

table 7 : explain SELECT c FROM sbtest7 WHERE id BETWEEN 925561 AND 935560
	Bitmap Heap Scan on sbtest7  (cost=334.06..35699.18 rows=10305 width=121)
	  Recheck Cond: ((id >= 925561) AND (id <= 935560))
	  ->  Bitmap Index Scan on sbtest7_pkey  (cost=0.00..331.49 rows=10305 width=0)
	        Index Cond: ((id >= 925561) AND (id <= 935560))

table 8 : explain SELECT c FROM sbtest8 WHERE id BETWEEN 7324541 AND 7334540
	Bitmap Heap Scan on sbtest8  (cost=333.57..35412.77 rows=10257 width=121)
	  Recheck Cond: ((id >= 7324541) AND (id <= 7334540))
	  ->  Bitmap Index Scan on sbtest8_pkey  (cost=0.00..331.00 rows=10257 width=0)
	        Index Cond: ((id >= 7324541) AND (id <= 7334540))

for: order_ranges
table 1 : explain SELECT c FROM sbtest1 WHERE id BETWEEN 5069223 AND 5079222 ORDER BY c
	Sort  (cost=36268.94..36294.66 rows=10287 width=121)
	  Sort Key: c
	  ->  Bitmap Heap Scan on sbtest1  (cost=333.88..35583.39 rows=10287 width=121)
	        Recheck Cond: ((id >= 5069223) AND (id <= 5079222))
	        ->  Bitmap Index Scan on sbtest1_pkey  (cost=0.00..331.31 rows=10287 width=0)
	              Index Cond: ((id >= 5069223) AND (id <= 5079222))

table 2 : explain SELECT c FROM sbtest2 WHERE id BETWEEN 1756056 AND 1766055 ORDER BY c
	Sort  (cost=33126.67..33150.05 rows=9353 width=121)
	  Sort Key: c
	  ->  Bitmap Heap Scan on sbtest2  (cost=304.30..32509.78 rows=9353 width=121)
	        Recheck Cond: ((id >= 1756056) AND (id <= 1766055))
	        ->  Bitmap Index Scan on sbtest2_pkey  (cost=0.00..301.96 rows=9353 width=0)
	              Index Cond: ((id >= 1756056) AND (id <= 1766055))

table 3 : explain SELECT c FROM sbtest3 WHERE id BETWEEN 8837707 AND 8847706 ORDER BY c
	Sort  (cost=33885.23..33909.04 rows=9524 width=121)
	  Sort Key: c
	  ->  Bitmap Heap Scan on sbtest3  (cost=310.06..33255.82 rows=9524 width=121)
	        Recheck Cond: ((id >= 8837707) AND (id <= 8847706))
	        ->  Bitmap Index Scan on sbtest3_pkey  (cost=0.00..307.68 rows=9524 width=0)
	              Index Cond: ((id >= 8837707) AND (id <= 8847706))

table 4 : explain SELECT c FROM sbtest4 WHERE id BETWEEN 5788179 AND 5798178 ORDER BY c
	Sort  (cost=33800.00..33823.73 rows=9495 width=121)
	  Sort Key: c
	  ->  Bitmap Heap Scan on sbtest4  (cost=309.76..33172.71 rows=9495 width=121)
	        Recheck Cond: ((id >= 5788179) AND (id <= 5798178))
	        ->  Bitmap Index Scan on sbtest4_pkey  (cost=0.00..307.38 rows=9495 width=0)
	              Index Cond: ((id >= 5788179) AND (id <= 5798178))

table 5 : explain SELECT c FROM sbtest5 WHERE id BETWEEN 3396896 AND 3406895 ORDER BY c
	Sort  (cost=35076.10..35100.82 rows=9890 width=121)
	  Sort Key: c
	  ->  Bitmap Heap Scan on sbtest5  (cost=321.81..34419.81 rows=9890 width=121)
	        Recheck Cond: ((id >= 3396896) AND (id <= 3406895))
	        ->  Bitmap Index Scan on sbtest5_pkey  (cost=0.00..319.33 rows=9890 width=0)
	              Index Cond: ((id >= 3396896) AND (id <= 3406895))

table 6 : explain SELECT c FROM sbtest6 WHERE id BETWEEN 7135212 AND 7145211 ORDER BY c
	Sort  (cost=37197.45..37223.92 rows=10585 width=121)
	  Sort Key: c
	  ->  Bitmap Heap Scan on sbtest6  (cost=344.93..36489.86 rows=10585 width=121)
	        Recheck Cond: ((id >= 7135212) AND (id <= 7145211))
	        ->  Bitmap Index Scan on sbtest6_pkey  (cost=0.00..342.29 rows=10585 width=0)
	              Index Cond: ((id >= 7135212) AND (id <= 7145211))

table 7 : explain SELECT c FROM sbtest7 WHERE id BETWEEN 2985384 AND 2995383 ORDER BY c
	Sort  (cost=36634.04..36660.00 rows=10382 width=121)
	  Sort Key: c
	  ->  Bitmap Heap Scan on sbtest7  (cost=334.85..35941.47 rows=10382 width=121)
	        Recheck Cond: ((id >= 2985384) AND (id <= 2995383))
	        ->  Bitmap Index Scan on sbtest7_pkey  (cost=0.00..332.25 rows=10382 width=0)
	              Index Cond: ((id >= 2985384) AND (id <= 2995383))

table 8 : explain SELECT c FROM sbtest8 WHERE id BETWEEN 700803 AND 710802 ORDER BY c
	Sort  (cost=34743.76..34768.36 rows=9838 width=121)
	  Sort Key: c
	  ->  Bitmap Heap Scan on sbtest8  (cost=317.27..34091.30 rows=9838 width=121)
	        Recheck Cond: ((id >= 700803) AND (id <= 710802))
	        ->  Bitmap Index Scan on sbtest8_pkey  (cost=0.00..314.81 rows=9838 width=0)
	              Index Cond: ((id >= 700803) AND (id <= 710802))

for: order_ranges
table 1 : explain SELECT c FROM sbtest1 WHERE id BETWEEN 2847694 AND 2857693 ORDER BY c
	Sort  (cost=36721.66..36747.73 rows=10428 width=121)
	  Sort Key: c
	  ->  Bitmap Heap Scan on sbtest1  (cost=339.32..36025.68 rows=10428 width=121)
	        Recheck Cond: ((id >= 2847694) AND (id <= 2857693))
	        ->  Bitmap Index Scan on sbtest1_pkey  (cost=0.00..336.71 rows=10428 width=0)
	              Index Cond: ((id >= 2847694) AND (id <= 2857693))

table 2 : explain SELECT c FROM sbtest2 WHERE id BETWEEN 2121474 AND 2131473 ORDER BY c
	Sort  (cost=32340.85..32363.63 rows=9111 width=121)
	  Sort Key: c
	  ->  Bitmap Heap Scan on sbtest2  (cost=297.82..31741.65 rows=9111 width=121)
	        Recheck Cond: ((id >= 2121474) AND (id <= 2131473))
	        ->  Bitmap Index Scan on sbtest2_pkey  (cost=0.00..295.55 rows=9111 width=0)
	              Index Cond: ((id >= 2121474) AND (id <= 2131473))

table 3 : explain SELECT c FROM sbtest3 WHERE id BETWEEN 8333990 AND 8343989 ORDER BY c
	Sort  (cost=33942.09..33965.95 rows=9542 width=121)
	  Sort Key: c
	  ->  Bitmap Heap Scan on sbtest3  (cost=310.24..33311.36 rows=9542 width=121)
	        Recheck Cond: ((id >= 8333990) AND (id <= 8343989))
	        ->  Bitmap Index Scan on sbtest3_pkey  (cost=0.00..307.86 rows=9542 width=0)
	              Index Cond: ((id >= 8333990) AND (id <= 8343989))

table 4 : explain SELECT c FROM sbtest4 WHERE id BETWEEN 6566013 AND 6576012 ORDER BY c
	Sort  (cost=34512.13..34536.41 rows=9713 width=121)
	  Sort Key: c
	  ->  Bitmap Heap Scan on sbtest4  (cost=315.99..33868.85 rows=9713 width=121)
	        Recheck Cond: ((id >= 6566013) AND (id <= 6576012))
	        ->  Bitmap Index Scan on sbtest4_pkey  (cost=0.00..313.56 rows=9713 width=0)
	              Index Cond: ((id >= 6566013) AND (id <= 6576012))

table 5 : explain SELECT c FROM sbtest5 WHERE id BETWEEN 3964099 AND 3974098 ORDER BY c
	Sort  (cost=35529.02..35554.09 rows=10029 width=121)
	  Sort Key: c
	  ->  Bitmap Heap Scan on sbtest5  (cost=327.23..34862.50 rows=10029 width=121)
	        Recheck Cond: ((id >= 3964099) AND (id <= 3974098))
	        ->  Bitmap Index Scan on sbtest5_pkey  (cost=0.00..324.73 rows=10029 width=0)
	              Index Cond: ((id >= 3964099) AND (id <= 3974098))

table 6 : explain SELECT c FROM sbtest6 WHERE id BETWEEN 9985077 AND 9995076 ORDER BY c
	Sort  (cost=34432.71..34457.03 rows=9728 width=121)
	  Sort Key: c
	  ->  Bitmap Heap Scan on sbtest6  (cost=316.15..33788.33 rows=9728 width=121)
	        Recheck Cond: ((id >= 9985077) AND (id <= 9995076))
	        ->  Bitmap Index Scan on sbtest6_pkey  (cost=0.00..313.71 rows=9728 width=0)
	              Index Cond: ((id >= 9985077) AND (id <= 9995076))

table 7 : explain SELECT c FROM sbtest7 WHERE id BETWEEN 9056099 AND 9066098 ORDER BY c
	Sort  (cost=33446.40..33469.90 rows=9400 width=121)
	  Sort Key: c
	  ->  Bitmap Heap Scan on sbtest7  (cost=304.79..32826.07 rows=9400 width=121)
	        Recheck Cond: ((id >= 9056099) AND (id <= 9066098))
	        ->  Bitmap Index Scan on sbtest7_pkey  (cost=0.00..302.44 rows=9400 width=0)
	              Index Cond: ((id >= 9056099) AND (id <= 9066098))

table 8 : explain SELECT c FROM sbtest8 WHERE id BETWEEN 8481458 AND 8491457 ORDER BY c
	Sort  (cost=36718.65..36744.78 rows=10452 width=121)
	  Sort Key: c
	  ->  Bitmap Heap Scan on sbtest8  (cost=339.57..36020.90 rows=10452 width=121)
	        Recheck Cond: ((id >= 8481458) AND (id <= 8491457))
	        ->  Bitmap Index Scan on sbtest8_pkey  (cost=0.00..336.95 rows=10452 width=0)
	              Index Cond: ((id >= 8481458) AND (id <= 8491457))

for: simple_ranges
table 1 : explain SELECT c FROM sbtest1 WHERE id BETWEEN 1593010 AND 1603009
	Bitmap Heap Scan on sbtest1  (cost=310.01..33156.67 rows=9520 width=121)
	  Recheck Cond: ((id >= 1593010) AND (id <= 1603009))
	  ->  Bitmap Index Scan on sbtest1_pkey  (cost=0.00..307.63 rows=9520 width=0)
	        Index Cond: ((id >= 1593010) AND (id <= 1603009))

table 2 : explain SELECT c FROM sbtest2 WHERE id BETWEEN 5544646 AND 5554645
	Bitmap Heap Scan on sbtest2  (cost=345.32..36499.92 rows=10623 width=121)
	  Recheck Cond: ((id >= 5544646) AND (id <= 5554645))
	  ->  Bitmap Index Scan on sbtest2_pkey  (cost=0.00..342.67 rows=10623 width=0)
	        Index Cond: ((id >= 5544646) AND (id <= 5554645))

table 3 : explain SELECT c FROM sbtest3 WHERE id BETWEEN 995309 AND 1005308
	Bitmap Heap Scan on sbtest3  (cost=352.39..37677.10 rows=10922 width=121)
	  Recheck Cond: ((id >= 995309) AND (id <= 1005308))
	  ->  Bitmap Index Scan on sbtest3_pkey  (cost=0.00..349.66 rows=10922 width=0)
	        Index Cond: ((id >= 995309) AND (id <= 1005308))

table 4 : explain SELECT c FROM sbtest4 WHERE id BETWEEN 246770 AND 256769
	Bitmap Heap Scan on sbtest4  (cost=322.21..34556.69 rows=9929 width=121)
	  Recheck Cond: ((id >= 246770) AND (id <= 256769))
	  ->  Bitmap Index Scan on sbtest4_pkey  (cost=0.00..319.73 rows=9929 width=0)
	        Index Cond: ((id >= 246770) AND (id <= 256769))

table 5 : explain SELECT c FROM sbtest5 WHERE id BETWEEN 4785299 AND 4795298
	Bitmap Heap Scan on sbtest5  (cost=345.70..36854.31 rows=10660 width=121)
	  Recheck Cond: ((id >= 4785299) AND (id <= 4795298))
	  ->  Bitmap Index Scan on sbtest5_pkey  (cost=0.00..343.04 rows=10660 width=0)
	        Index Cond: ((id >= 4785299) AND (id <= 4795298))

table 6 : explain SELECT c FROM sbtest6 WHERE id BETWEEN 9060236 AND 9070235
	Bitmap Heap Scan on sbtest6  (cost=304.60..32691.41 rows=9382 width=121)
	  Recheck Cond: ((id >= 9060236) AND (id <= 9070235))
	  ->  Bitmap Index Scan on sbtest6_pkey  (cost=0.00..302.25 rows=9382 width=0)
	        Index Cond: ((id >= 9060236) AND (id <= 9070235))

table 7 : explain SELECT c FROM sbtest7 WHERE id BETWEEN 5220707 AND 5230706
	Bitmap Heap Scan on sbtest7  (cost=303.71..32492.60 rows=9295 width=121)
	  Recheck Cond: ((id >= 5220707) AND (id <= 5230706))
	  ->  Bitmap Index Scan on sbtest7_pkey  (cost=0.00..301.38 rows=9295 width=0)
	        Index Cond: ((id >= 5220707) AND (id <= 5230706))

table 8 : explain SELECT c FROM sbtest8 WHERE id BETWEEN 4420874 AND 4430873
	Bitmap Heap Scan on sbtest8  (cost=322.65..34515.31 rows=9972 width=121)
	  Recheck Cond: ((id >= 4420874) AND (id <= 4430873))
	  ->  Bitmap Index Scan on sbtest8_pkey  (cost=0.00..320.16 rows=9972 width=0)
	        Index Cond: ((id >= 4420874) AND (id <= 4430873))

for: distinct_ranges
table 1 : explain SELECT DISTINCT c FROM sbtest1 WHERE id BETWEEN 7744362 AND 7754361 ORDER BY c
	Unique  (cost=34018.83..34066.79 rows=9592 width=121)
	  ->  Sort  (cost=34018.83..34042.81 rows=9592 width=121)
	        Sort Key: c
	        ->  Bitmap Heap Scan on sbtest1  (cost=310.75..33384.43 rows=9592 width=121)
	              Recheck Cond: ((id >= 7744362) AND (id <= 7754361))
	              ->  Bitmap Index Scan on sbtest1_pkey  (cost=0.00..308.36 rows=9592 width=0)
	                    Index Cond: ((id >= 7744362) AND (id <= 7754361))

table 2 : explain SELECT DISTINCT c FROM sbtest2 WHERE id BETWEEN 6324624 AND 6334623 ORDER BY c
	Unique  (cost=36754.26..36806.66 rows=10480 width=121)
	  ->  Sort  (cost=36754.26..36780.46 rows=10480 width=121)
	        Sort Key: c
	        ->  Bitmap Heap Scan on sbtest2  (cost=339.86..36054.44 rows=10480 width=121)
	              Recheck Cond: ((id >= 6324624) AND (id <= 6334623))
	              ->  Bitmap Index Scan on sbtest2_pkey  (cost=0.00..337.24 rows=10480 width=0)
	                    Index Cond: ((id >= 6324624) AND (id <= 6334623))

table 3 : explain SELECT DISTINCT c FROM sbtest3 WHERE id BETWEEN 7758135 AND 7768134 ORDER BY c
	Unique  (cost=37387.17..37440.19 rows=10603 width=121)
	  ->  Sort  (cost=37387.17..37413.68 rows=10603 width=121)
	        Sort Key: c
	        ->  Bitmap Heap Scan on sbtest3  (cost=345.12..36678.25 rows=10603 width=121)
	              Recheck Cond: ((id >= 7758135) AND (id <= 7768134))
	              ->  Bitmap Index Scan on sbtest3_pkey  (cost=0.00..342.46 rows=10603 width=0)
	                    Index Cond: ((id >= 7758135) AND (id <= 7768134))

table 4 : explain SELECT DISTINCT c FROM sbtest4 WHERE id BETWEEN 3575433 AND 3585432 ORDER BY c
	Unique  (cost=36731.55..36783.53 rows=10396 width=121)
	  ->  Sort  (cost=36731.55..36757.54 rows=10396 width=121)
	        Sort Key: c
	        ->  Bitmap Heap Scan on sbtest4  (cost=338.99..36037.94 rows=10396 width=121)
	              Recheck Cond: ((id >= 3575433) AND (id <= 3585432))
	              ->  Bitmap Index Scan on sbtest4_pkey  (cost=0.00..336.40 rows=10396 width=0)
	                    Index Cond: ((id >= 3575433) AND (id <= 3585432))

table 5 : explain SELECT DISTINCT c FROM sbtest5 WHERE id BETWEEN 9151941 AND 9161940 ORDER BY c
	Unique  (cost=35385.46..35435.39 rows=9986 width=121)
	  ->  Sort  (cost=35385.46..35410.42 rows=9986 width=121)
	        Sort Key: c
	        ->  Bitmap Heap Scan on sbtest5  (cost=322.79..34722.10 rows=9986 width=121)
	              Recheck Cond: ((id >= 9151941) AND (id <= 9161940))
	              ->  Bitmap Index Scan on sbtest5_pkey  (cost=0.00..320.30 rows=9986 width=0)
	                    Index Cond: ((id >= 9151941) AND (id <= 9161940))

table 6 : explain SELECT DISTINCT c FROM sbtest6 WHERE id BETWEEN 8816826 AND 8826825 ORDER BY c
	Unique  (cost=38074.44..38128.74 rows=10860 width=121)
	  ->  Sort  (cost=38074.44..38101.59 rows=10860 width=121)
	        Sort Key: c
	        ->  Bitmap Heap Scan on sbtest6  (cost=351.75..37346.46 rows=10860 width=121)
	              Recheck Cond: ((id >= 8816826) AND (id <= 8826825))
	              ->  Bitmap Index Scan on sbtest6_pkey  (cost=0.00..349.04 rows=10860 width=0)
	                    Index Cond: ((id >= 8816826) AND (id <= 8826825))

table 7 : explain SELECT DISTINCT c FROM sbtest7 WHERE id BETWEEN 8315450 AND 8325449 ORDER BY c
	Unique  (cost=35493.99..35544.13 rows=10028 width=121)
	  ->  Sort  (cost=35493.99..35519.06 rows=10028 width=121)
	        Sort Key: c
	        ->  Bitmap Heap Scan on sbtest7  (cost=327.22..34827.54 rows=10028 width=121)
	              Recheck Cond: ((id >= 8315450) AND (id <= 8325449))
	              ->  Bitmap Index Scan on sbtest7_pkey  (cost=0.00..324.71 rows=10028 width=0)
	                    Index Cond: ((id >= 8315450) AND (id <= 8325449))

table 8 : explain SELECT DISTINCT c FROM sbtest8 WHERE id BETWEEN 32135 AND 42134 ORDER BY c
	Unique  (cost=32214.33..32259.63 rows=9059 width=121)
	  ->  Sort  (cost=32214.33..32236.98 rows=9059 width=121)
	        Sort Key: c
	        ->  Bitmap Heap Scan on sbtest8  (cost=293.29..31618.92 rows=9059 width=121)
	              Recheck Cond: ((id >= 32135) AND (id <= 42134))
	              ->  Bitmap Index Scan on sbtest8_pkey  (cost=0.00..291.03 rows=9059 width=0)
	                    Index Cond: ((id >= 32135) AND (id <= 42134))

for: distinct_ranges
table 1 : explain SELECT DISTINCT c FROM sbtest1 WHERE id BETWEEN 3472508 AND 3482507 ORDER BY c
	Unique  (cost=33928.94..33976.76 rows=9564 width=121)
	  ->  Sort  (cost=33928.94..33952.85 rows=9564 width=121)
	        Sort Key: c
	        ->  Bitmap Heap Scan on sbtest1  (cost=310.47..33296.60 rows=9564 width=121)
	              Recheck Cond: ((id >= 3472508) AND (id <= 3482507))
	              ->  Bitmap Index Scan on sbtest1_pkey  (cost=0.00..308.07 rows=9564 width=0)
	                    Index Cond: ((id >= 3472508) AND (id <= 3482507))

table 2 : explain SELECT DISTINCT c FROM sbtest2 WHERE id BETWEEN 3004151 AND 3014150 ORDER BY c
	Unique  (cost=36051.10..36102.40 rows=10260 width=121)
	  ->  Sort  (cost=36051.10..36076.75 rows=10260 width=121)
	        Sort Key: c
	        ->  Bitmap Heap Scan on sbtest2  (cost=333.60..35367.54 rows=10260 width=121)
	              Recheck Cond: ((id >= 3004151) AND (id <= 3014150))
	              ->  Bitmap Index Scan on sbtest2_pkey  (cost=0.00..331.04 rows=10260 width=0)
	                    Index Cond: ((id >= 3004151) AND (id <= 3014150))

table 3 : explain SELECT DISTINCT c FROM sbtest3 WHERE id BETWEEN 4157222 AND 4167221 ORDER BY c
	Unique  (cost=35872.25..35922.92 rows=10135 width=121)
	  ->  Sort  (cost=35872.25..35897.59 rows=10135 width=121)
	        Sort Key: c
	        ->  Bitmap Heap Scan on sbtest3  (cost=328.32..35197.91 rows=10135 width=121)
	              Recheck Cond: ((id >= 4157222) AND (id <= 4167221))
	              ->  Bitmap Index Scan on sbtest3_pkey  (cost=0.00..325.79 rows=10135 width=0)
	                    Index Cond: ((id >= 4157222) AND (id <= 4167221))

table 4 : explain SELECT DISTINCT c FROM sbtest4 WHERE id BETWEEN 1239880 AND 1249879 ORDER BY c
	Unique  (cost=35967.71..36018.51 rows=10161 width=121)
	  ->  Sort  (cost=35967.71..35993.11 rows=10161 width=121)
	        Sort Key: c
	        ->  Bitmap Heap Scan on sbtest4  (cost=328.59..35291.45 rows=10161 width=121)
	              Recheck Cond: ((id >= 1239880) AND (id <= 1249879))
	              ->  Bitmap Index Scan on sbtest4_pkey  (cost=0.00..326.05 rows=10161 width=0)
	                    Index Cond: ((id >= 1239880) AND (id <= 1249879))

table 5 : explain SELECT DISTINCT c FROM sbtest5 WHERE id BETWEEN 4301977 AND 4311976 ORDER BY c
	Unique  (cost=32454.99..32500.43 rows=9089 width=121)
	  ->  Sort  (cost=32454.99..32477.71 rows=9089 width=121)
	        Sort Key: c
	        ->  Bitmap Heap Scan on sbtest5  (cost=293.60..31857.39 rows=9089 width=121)
	              Recheck Cond: ((id >= 4301977) AND (id <= 4311976))
	              ->  Bitmap Index Scan on sbtest5_pkey  (cost=0.00..291.32 rows=9089 width=0)
	                    Index Cond: ((id >= 4301977) AND (id <= 4311976))

table 6 : explain SELECT DISTINCT c FROM sbtest6 WHERE id BETWEEN 6787223 AND 6797222 ORDER BY c
	Unique  (cost=35821.42..35872.21 rows=10158 width=121)
	  ->  Sort  (cost=35821.42..35846.81 rows=10158 width=121)
	        Sort Key: c
	        ->  Bitmap Heap Scan on sbtest6  (cost=328.55..35145.39 rows=10158 width=121)
	              Recheck Cond: ((id >= 6787223) AND (id <= 6797222))
	              ->  Bitmap Index Scan on sbtest6_pkey  (cost=0.00..326.01 rows=10158 width=0)
	                    Index Cond: ((id >= 6787223) AND (id <= 6797222))

table 7 : explain SELECT DISTINCT c FROM sbtest7 WHERE id BETWEEN 2604478 AND 2614477 ORDER BY c
	Unique  (cost=36823.11..36875.31 rows=10440 width=121)
	  ->  Sort  (cost=36823.11..36849.21 rows=10440 width=121)
	        Sort Key: c
	        ->  Bitmap Heap Scan on sbtest7  (cost=339.44..36126.25 rows=10440 width=121)
	              Recheck Cond: ((id >= 2604478) AND (id <= 2614477))
	              ->  Bitmap Index Scan on sbtest7_pkey  (cost=0.00..336.83 rows=10440 width=0)
	                    Index Cond: ((id >= 2604478) AND (id <= 2614477))

table 8 : explain SELECT DISTINCT c FROM sbtest8 WHERE id BETWEEN 9521111 AND 9531110 ORDER BY c
	Unique  (cost=38313.30..38368.06 rows=10951 width=121)
	  ->  Sort  (cost=38313.30..38340.68 rows=10951 width=121)
	        Sort Key: c
	        ->  Bitmap Heap Scan on sbtest8  (cost=356.68..37578.56 rows=10951 width=121)
	              Recheck Cond: ((id >= 9521111) AND (id <= 9531110))
	              ->  Bitmap Index Scan on sbtest8_pkey  (cost=0.00..353.94 rows=10951 width=0)
	                    Index Cond: ((id >= 9521111) AND (id <= 9531110))

for: distinct_ranges
table 1 : explain SELECT DISTINCT c FROM sbtest1 WHERE id BETWEEN 7089376 AND 7099375 ORDER BY c
	Unique  (cost=36457.08..36508.81 rows=10346 width=121)
	  ->  Sort  (cost=36457.08..36482.95 rows=10346 width=121)
	        Sort Key: c
	        ->  Bitmap Heap Scan on sbtest1  (cost=334.48..35767.17 rows=10346 width=121)
	              Recheck Cond: ((id >= 7089376) AND (id <= 7099375))
	              ->  Bitmap Index Scan on sbtest1_pkey  (cost=0.00..331.90 rows=10346 width=0)
	                    Index Cond: ((id >= 7089376) AND (id <= 7099375))

table 2 : explain SELECT DISTINCT c FROM sbtest2 WHERE id BETWEEN 7705746 AND 7715745 ORDER BY c
	Unique  (cost=32540.60..32586.46 rows=9172 width=121)
	  ->  Sort  (cost=32540.60..32563.53 rows=9172 width=121)
	        Sort Key: c
	        ->  Bitmap Heap Scan on sbtest2  (cost=298.45..31936.95 rows=9172 width=121)
	              Recheck Cond: ((id >= 7705746) AND (id <= 7715745))
	              ->  Bitmap Index Scan on sbtest2_pkey  (cost=0.00..296.16 rows=9172 width=0)
	                    Index Cond: ((id >= 7705746) AND (id <= 7715745))

table 3 : explain SELECT DISTINCT c FROM sbtest3 WHERE id BETWEEN 2441511 AND 2451510 ORDER BY c
	Unique  (cost=35296.83..35346.62 rows=9958 width=121)
	  ->  Sort  (cost=35296.83..35321.72 rows=9958 width=121)
	        Sort Key: c
	        ->  Bitmap Heap Scan on sbtest3  (cost=322.50..34635.53 rows=9958 width=121)
	              Recheck Cond: ((id >= 2441511) AND (id <= 2451510))
	              ->  Bitmap Index Scan on sbtest3_pkey  (cost=0.00..320.01 rows=9958 width=0)
	                    Index Cond: ((id >= 2441511) AND (id <= 2451510))

table 4 : explain SELECT DISTINCT c FROM sbtest4 WHERE id BETWEEN 3979473 AND 3989472 ORDER BY c
	Unique  (cost=38641.16..38696.11 rows=10990 width=121)
	  ->  Sort  (cost=38641.16..38668.63 rows=10990 width=121)
	        Sort Key: c
	        ->  Bitmap Heap Scan on sbtest4  (cost=357.08..37903.51 rows=10990 width=121)
	              Recheck Cond: ((id >= 3979473) AND (id <= 3989472))
	              ->  Bitmap Index Scan on sbtest4_pkey  (cost=0.00..354.33 rows=10990 width=0)
	                    Index Cond: ((id >= 3979473) AND (id <= 3989472))

table 5 : explain SELECT DISTINCT c FROM sbtest5 WHERE id BETWEEN 8296774 AND 8306773 ORDER BY c
	Unique  (cost=33341.65..33388.45 rows=9359 width=121)
	  ->  Sort  (cost=33341.65..33365.05 rows=9359 width=121)
	        Sort Key: c
	        ->  Bitmap Heap Scan on sbtest5  (cost=304.36..32724.33 rows=9359 width=121)
	              Recheck Cond: ((id >= 8296774) AND (id <= 8306773))
	              ->  Bitmap Index Scan on sbtest5_pkey  (cost=0.00..302.03 rows=9359 width=0)
	                    Index Cond: ((id >= 8296774) AND (id <= 8306773))

table 6 : explain SELECT DISTINCT c FROM sbtest6 WHERE id BETWEEN 3708556 AND 3718555 ORDER BY c
	Unique  (cost=35215.62..35265.47 rows=9970 width=121)
	  ->  Sort  (cost=35215.62..35240.55 rows=9970 width=121)
	        Sort Key: c
	        ->  Bitmap Heap Scan on sbtest6  (cost=322.63..34553.45 rows=9970 width=121)
	              Recheck Cond: ((id >= 3708556) AND (id <= 3718555))
	              ->  Bitmap Index Scan on sbtest6_pkey  (cost=0.00..320.13 rows=9970 width=0)
	                    Index Cond: ((id >= 3708556) AND (id <= 3718555))

table 7 : explain SELECT DISTINCT c FROM sbtest7 WHERE id BETWEEN 8567490 AND 8577489 ORDER BY c
	Unique  (cost=33583.39..33630.60 rows=9442 width=121)
	  ->  Sort  (cost=33583.39..33606.99 rows=9442 width=121)
	        Sort Key: c
	        ->  Bitmap Heap Scan on sbtest7  (cost=305.22..32959.99 rows=9442 width=121)
	              Recheck Cond: ((id >= 8567490) AND (id <= 8577489))
	              ->  Bitmap Index Scan on sbtest7_pkey  (cost=0.00..302.86 rows=9442 width=0)
	                    Index Cond: ((id >= 8567490) AND (id <= 8577489))

table 8 : explain SELECT DISTINCT c FROM sbtest8 WHERE id BETWEEN 4754861 AND 4764860 ORDER BY c
	Unique  (cost=36544.41..36596.40 rows=10397 width=121)
	  ->  Sort  (cost=36544.41..36570.40 rows=10397 width=121)
	        Sort Key: c
	        ->  Bitmap Heap Scan on sbtest8  (cost=339.00..35850.73 rows=10397 width=121)
	              Recheck Cond: ((id >= 4754861) AND (id <= 4764860))
	              ->  Bitmap Index Scan on sbtest8_pkey  (cost=0.00..336.41 rows=10397 width=0)
	                    Index Cond: ((id >= 4754861) AND (id <= 4764860))

for: sum_ranges
table 1 : explain SELECT SUM(k) FROM sbtest1 WHERE id BETWEEN 2593090 AND 2603089
	Aggregate  (cost=34442.97..34442.98 rows=1 width=8)
	  ->  Bitmap Heap Scan on sbtest1  (cost=322.09..34418.17 rows=9918 width=4)
	        Recheck Cond: ((id >= 2593090) AND (id <= 2603089))
	        ->  Bitmap Index Scan on sbtest1_pkey  (cost=0.00..319.62 rows=9918 width=0)
	              Index Cond: ((id >= 2593090) AND (id <= 2603089))

table 2 : explain SELECT SUM(k) FROM sbtest2 WHERE id BETWEEN 4355170 AND 4365169
	Aggregate  (cost=35200.34..35200.35 rows=1 width=8)
	  ->  Bitmap Heap Scan on sbtest2  (cost=332.96..35174.84 rows=10198 width=4)
	        Recheck Cond: ((id >= 4355170) AND (id <= 4365169))
	        ->  Bitmap Index Scan on sbtest2_pkey  (cost=0.00..330.42 rows=10198 width=0)
	              Index Cond: ((id >= 4355170) AND (id <= 4365169))

table 3 : explain SELECT SUM(k) FROM sbtest3 WHERE id BETWEEN 648375 AND 658374
	Aggregate  (cost=34679.94..34679.95 rows=1 width=8)
	  ->  Bitmap Heap Scan on sbtest3  (cost=322.57..34655.03 rows=9964 width=4)
	        Recheck Cond: ((id >= 648375) AND (id <= 658374))
	        ->  Bitmap Index Scan on sbtest3_pkey  (cost=0.00..320.07 rows=9964 width=0)
	              Index Cond: ((id >= 648375) AND (id <= 658374))

table 4 : explain SELECT SUM(k) FROM sbtest4 WHERE id BETWEEN 4995208 AND 5005207
	Aggregate  (cost=34503.40..34503.41 rows=1 width=8)
	  ->  Bitmap Heap Scan on sbtest4  (cost=321.96..34478.64 rows=9905 width=4)
	        Recheck Cond: ((id >= 4995208) AND (id <= 5005207))
	        ->  Bitmap Index Scan on sbtest4_pkey  (cost=0.00..319.49 rows=9905 width=0)
	              Index Cond: ((id >= 4995208) AND (id <= 5005207))

table 5 : explain SELECT SUM(k) FROM sbtest5 WHERE id BETWEEN 9140992 AND 9150991
	Aggregate  (cost=34747.07..34747.08 rows=1 width=8)
	  ->  Bitmap Heap Scan on sbtest5  (cost=322.79..34722.10 rows=9986 width=4)
	        Recheck Cond: ((id >= 9140992) AND (id <= 9150991))
	        ->  Bitmap Index Scan on sbtest5_pkey  (cost=0.00..320.30 rows=9986 width=0)
	              Index Cond: ((id >= 9140992) AND (id <= 9150991))

table 6 : explain SELECT SUM(k) FROM sbtest6 WHERE id BETWEEN 696505 AND 706504
	Aggregate  (cost=36914.46..36914.47 rows=1 width=8)
	  ->  Bitmap Heap Scan on sbtest6  (cost=346.25..36887.68 rows=10714 width=4)
	        Recheck Cond: ((id >= 696505) AND (id <= 706504))
	        ->  Bitmap Index Scan on sbtest6_pkey  (cost=0.00..343.57 rows=10714 width=0)
	              Index Cond: ((id >= 696505) AND (id <= 706504))

table 7 : explain SELECT SUM(k) FROM sbtest7 WHERE id BETWEEN 7496996 AND 7506995
	Aggregate  (cost=35944.81..35944.82 rows=1 width=8)
	  ->  Bitmap Heap Scan on sbtest7  (cost=334.78..35918.87 rows=10375 width=4)
	        Recheck Cond: ((id >= 7496996) AND (id <= 7506995))
	        ->  Bitmap Index Scan on sbtest7_pkey  (cost=0.00..332.19 rows=10375 width=0)
	              Index Cond: ((id >= 7496996) AND (id <= 7506995))

table 8 : explain SELECT SUM(k) FROM sbtest8 WHERE id BETWEEN 1052773 AND 1062772
	Aggregate  (cost=33892.51..33892.52 rows=1 width=8)
	  ->  Bitmap Heap Scan on sbtest8  (cost=316.55..33868.09 rows=9767 width=4)
	        Recheck Cond: ((id >= 1052773) AND (id <= 1062772))
	        ->  Bitmap Index Scan on sbtest8_pkey  (cost=0.00..314.11 rows=9767 width=0)
	              Index Cond: ((id >= 1052773) AND (id <= 1062772))

for: distinct_ranges
table 1 : explain SELECT DISTINCT c FROM sbtest1 WHERE id BETWEEN 2227956 AND 2237955 ORDER BY c
	Unique  (cost=35756.03..35806.67 rows=10128 width=121)
	  ->  Sort  (cost=35756.03..35781.35 rows=10128 width=121)
	        Sort Key: c
	        ->  Bitmap Heap Scan on sbtest1  (cost=328.25..35082.21 rows=10128 width=121)
	              Recheck Cond: ((id >= 2227956) AND (id <= 2237955))
	              ->  Bitmap Index Scan on sbtest1_pkey  (cost=0.00..325.71 rows=10128 width=0)
	                    Index Cond: ((id >= 2227956) AND (id <= 2237955))

table 2 : explain SELECT DISTINCT c FROM sbtest2 WHERE id BETWEEN 7787504 AND 7797503 ORDER BY c
	Unique  (cost=37793.03..37847.06 rows=10806 width=121)
	  ->  Sort  (cost=37793.03..37820.05 rows=10806 width=121)
	        Sort Key: c
	        ->  Bitmap Heap Scan on sbtest2  (cost=351.20..37069.05 rows=10806 width=121)
	              Recheck Cond: ((id >= 7787504) AND (id <= 7797503))
	              ->  Bitmap Index Scan on sbtest2_pkey  (cost=0.00..348.50 rows=10806 width=0)
	                    Index Cond: ((id >= 7787504) AND (id <= 7797503))

table 3 : explain SELECT DISTINCT c FROM sbtest3 WHERE id BETWEEN 7019584 AND 7029583 ORDER BY c
	Unique  (cost=31904.01..31948.62 rows=8922 width=121)
	  ->  Sort  (cost=31904.01..31926.32 rows=8922 width=121)
	        Sort Key: c
	        ->  Bitmap Heap Scan on sbtest3  (cost=287.89..31318.59 rows=8922 width=121)
	              Recheck Cond: ((id >= 7019584) AND (id <= 7029583))
	              ->  Bitmap Index Scan on sbtest3_pkey  (cost=0.00..285.66 rows=8922 width=0)
	                    Index Cond: ((id >= 7019584) AND (id <= 7029583))

table 4 : explain SELECT DISTINCT c FROM sbtest4 WHERE id BETWEEN 8188672 AND 8198671 ORDER BY c
	Unique  (cost=33698.97..33746.30 rows=9465 width=121)
	  ->  Sort  (cost=33698.97..33722.63 rows=9465 width=121)
	        Sort Key: c
	        ->  Bitmap Heap Scan on sbtest4  (cost=305.45..33073.89 rows=9465 width=121)
	              Recheck Cond: ((id >= 8188672) AND (id <= 8198671))
	              ->  Bitmap Index Scan on sbtest4_pkey  (cost=0.00..303.08 rows=9465 width=0)
	                    Index Cond: ((id >= 8188672) AND (id <= 8198671))

table 5 : explain SELECT DISTINCT c FROM sbtest5 WHERE id BETWEEN 4603930 AND 4613929 ORDER BY c
	Unique  (cost=34612.47..34661.21 rows=9748 width=121)
	  ->  Sort  (cost=34612.47..34636.84 rows=9748 width=121)
	        Sort Key: c
	        ->  Bitmap Heap Scan on sbtest5  (cost=316.35..33966.62 rows=9748 width=121)
	              Recheck Cond: ((id >= 4603930) AND (id <= 4613929))
	              ->  Bitmap Index Scan on sbtest5_pkey  (cost=0.00..313.92 rows=9748 width=0)
	                    Index Cond: ((id >= 4603930) AND (id <= 4613929))

table 6 : explain SELECT DISTINCT c FROM sbtest6 WHERE id BETWEEN 298287 AND 308286 ORDER BY c
	Unique  (cost=36894.19..36946.64 rows=10491 width=121)
	  ->  Sort  (cost=36894.19..36920.41 rows=10491 width=121)
	        Sort Key: c
	        ->  Bitmap Heap Scan on sbtest6  (cost=339.97..36193.55 rows=10491 width=121)
	              Recheck Cond: ((id >= 298287) AND (id <= 308286))
	              ->  Bitmap Index Scan on sbtest6_pkey  (cost=0.00..337.34 rows=10491 width=0)
	                    Index Cond: ((id >= 298287) AND (id <= 308286))

table 7 : explain SELECT DISTINCT c FROM sbtest7 WHERE id BETWEEN 6442551 AND 6452550 ORDER BY c
	Unique  (cost=38231.66..38286.06 rows=10879 width=121)
	  ->  Sort  (cost=38231.66..38258.86 rows=10879 width=121)
	        Sort Key: c
	        ->  Bitmap Heap Scan on sbtest7  (cost=351.94..37502.26 rows=10879 width=121)
	              Recheck Cond: ((id >= 6442551) AND (id <= 6452550))
	              ->  Bitmap Index Scan on sbtest7_pkey  (cost=0.00..349.23 rows=10879 width=0)
	                    Index Cond: ((id >= 6442551) AND (id <= 6452550))

table 8 : explain SELECT DISTINCT c FROM sbtest8 WHERE id BETWEEN 3927888 AND 3937887 ORDER BY c
	Unique  (cost=39110.26..39166.28 rows=11203 width=121)
	  ->  Sort  (cost=39110.26..39138.27 rows=11203 width=121)
	        Sort Key: c
	        ->  Bitmap Heap Scan on sbtest8  (cost=363.27..38356.77 rows=11203 width=121)
	              Recheck Cond: ((id >= 3927888) AND (id <= 3937887))
	              ->  Bitmap Index Scan on sbtest8_pkey  (cost=0.00..360.46 rows=11203 width=0)
	                    Index Cond: ((id >= 3927888) AND (id <= 3937887))

for: sum_ranges
table 1 : explain SELECT SUM(k) FROM sbtest1 WHERE id BETWEEN 2760753 AND 2770752
	Aggregate  (cost=34023.64..34023.65 rows=1 width=8)
	  ->  Bitmap Heap Scan on sbtest1  (cost=316.74..33999.17 rows=9786 width=4)
	        Recheck Cond: ((id >= 2760753) AND (id <= 2770752))
	        ->  Bitmap Index Scan on sbtest1_pkey  (cost=0.00..314.30 rows=9786 width=0)
	              Index Cond: ((id >= 2760753) AND (id <= 2770752))

table 2 : explain SELECT SUM(k) FROM sbtest2 WHERE id BETWEEN 4201502 AND 4211501
	Aggregate  (cost=34855.29..34855.30 rows=1 width=8)
	  ->  Bitmap Heap Scan on sbtest2  (cost=327.85..34830.07 rows=10089 width=4)
	        Recheck Cond: ((id >= 4201502) AND (id <= 4211501))
	        ->  Bitmap Index Scan on sbtest2_pkey  (cost=0.00..325.32 rows=10089 width=0)
	              Index Cond: ((id >= 4201502) AND (id <= 4211501))

table 3 : explain SELECT SUM(k) FROM sbtest3 WHERE id BETWEEN 4494790 AND 4504789
	Aggregate  (cost=32689.80..32689.81 rows=1 width=8)
	  ->  Bitmap Heap Scan on sbtest3  (cost=304.17..32666.45 rows=9340 width=4)
	        Recheck Cond: ((id >= 4494790) AND (id <= 4504789))
	        ->  Bitmap Index Scan on sbtest3_pkey  (cost=0.00..301.83 rows=9340 width=0)
	              Index Cond: ((id >= 4494790) AND (id <= 4504789))

table 4 : explain SELECT SUM(k) FROM sbtest4 WHERE id BETWEEN 509467 AND 519466
	Aggregate  (cost=33997.53..33997.54 rows=1 width=8)
	  ->  Bitmap Heap Scan on sbtest4  (cost=316.33..33973.17 rows=9746 width=4)
	        Recheck Cond: ((id >= 509467) AND (id <= 519466))
	        ->  Bitmap Index Scan on sbtest4_pkey  (cost=0.00..313.90 rows=9746 width=0)
	              Index Cond: ((id >= 509467) AND (id <= 519466))

table 5 : explain SELECT SUM(k) FROM sbtest5 WHERE id BETWEEN 7987514 AND 7997513
	Aggregate  (cost=34516.11..34516.12 rows=1 width=8)
	  ->  Bitmap Heap Scan on sbtest5  (cost=322.03..34491.33 rows=9912 width=4)
	        Recheck Cond: ((id >= 7987514) AND (id <= 7997513))
	        ->  Bitmap Index Scan on sbtest5_pkey  (cost=0.00..319.56 rows=9912 width=0)
	              Index Cond: ((id >= 7987514) AND (id <= 7997513))

table 6 : explain SELECT SUM(k) FROM sbtest6 WHERE id BETWEEN 8366391 AND 8376390
	Aggregate  (cost=35752.21..35752.22 rows=1 width=8)
	  ->  Bitmap Heap Scan on sbtest6  (cost=334.45..35726.35 rows=10343 width=4)
	        Recheck Cond: ((id >= 8366391) AND (id <= 8376390))
	        ->  Bitmap Index Scan on sbtest6_pkey  (cost=0.00..331.87 rows=10343 width=0)
	              Index Cond: ((id >= 8366391) AND (id <= 8376390))

table 7 : explain SELECT SUM(k) FROM sbtest7 WHERE id BETWEEN 3567974 AND 3577973
	Aggregate  (cost=34751.23..34751.24 rows=1 width=8)
	  ->  Bitmap Heap Scan on sbtest7  (cost=322.90..34726.24 rows=9997 width=4)
	        Recheck Cond: ((id >= 3567974) AND (id <= 3577973))
	        ->  Bitmap Index Scan on sbtest7_pkey  (cost=0.00..320.41 rows=9997 width=0)
	              Index Cond: ((id >= 3567974) AND (id <= 3577973))

table 8 : explain SELECT SUM(k) FROM sbtest8 WHERE id BETWEEN 6274683 AND 6284682
	Aggregate  (cost=32373.21..32373.22 rows=1 width=8)
	  ->  Bitmap Heap Scan on sbtest8  (cost=299.65..32349.98 rows=9289 width=4)
	        Recheck Cond: ((id >= 6274683) AND (id <= 6284682))
	        ->  Bitmap Index Scan on sbtest8_pkey  (cost=0.00..297.32 rows=9289 width=0)
	              Index Cond: ((id >= 6274683) AND (id <= 6284682))

for: sum_ranges
table 1 : explain SELECT SUM(k) FROM sbtest1 WHERE id BETWEEN 8928693 AND 8938692
	Aggregate  (cost=36731.64..36731.65 rows=1 width=8)
	  ->  Bitmap Heap Scan on sbtest1  (cost=345.55..36705.03 rows=10645 width=4)
	        Recheck Cond: ((id >= 8928693) AND (id <= 8938692))
	        ->  Bitmap Index Scan on sbtest1_pkey  (cost=0.00..342.88 rows=10645 width=0)
	              Index Cond: ((id >= 8928693) AND (id <= 8938692))

table 2 : explain SELECT SUM(k) FROM sbtest2 WHERE id BETWEEN 7434625 AND 7444624
	Aggregate  (cost=31636.52..31636.53 rows=1 width=8)
	  ->  Bitmap Heap Scan on sbtest2  (cost=293.41..31613.84 rows=9071 width=4)
	        Recheck Cond: ((id >= 7434625) AND (id <= 7444624))
	        ->  Bitmap Index Scan on sbtest2_pkey  (cost=0.00..291.15 rows=9071 width=0)
	              Index Cond: ((id >= 7434625) AND (id <= 7444624))

table 3 : explain SELECT SUM(k) FROM sbtest3 WHERE id BETWEEN 5801996 AND 5811995
	Aggregate  (cost=34839.23..34839.24 rows=1 width=8)
	  ->  Bitmap Heap Scan on sbtest3  (cost=323.08..34814.20 rows=10014 width=4)
	        Recheck Cond: ((id >= 5801996) AND (id <= 5811995))
	        ->  Bitmap Index Scan on sbtest3_pkey  (cost=0.00..320.57 rows=10014 width=0)
	              Index Cond: ((id >= 5801996) AND (id <= 5811995))

table 4 : explain SELECT SUM(k) FROM sbtest4 WHERE id BETWEEN 3071722 AND 3081721
	Aggregate  (cost=31398.64..31398.65 rows=1 width=8)
	  ->  Bitmap Heap Scan on sbtest4  (cost=292.03..31376.30 rows=8936 width=4)
	        Recheck Cond: ((id >= 3071722) AND (id <= 3081721))
	        ->  Bitmap Index Scan on sbtest4_pkey  (cost=0.00..289.80 rows=8936 width=0)
	              Index Cond: ((id >= 3071722) AND (id <= 3081721))

table 5 : explain SELECT SUM(k) FROM sbtest5 WHERE id BETWEEN 3526894 AND 3536893
	Aggregate  (cost=36761.59..36761.60 rows=1 width=8)
	  ->  Bitmap Heap Scan on sbtest5  (cost=345.31..36735.03 rows=10622 width=4)
	        Recheck Cond: ((id >= 3526894) AND (id <= 3536893))
	        ->  Bitmap Index Scan on sbtest5_pkey  (cost=0.00..342.66 rows=10622 width=0)
	              Index Cond: ((id >= 3526894) AND (id <= 3536893))

table 6 : explain SELECT SUM(k) FROM sbtest6 WHERE id BETWEEN 5177971 AND 5187970
	Aggregate  (cost=31821.89..31821.90 rows=1 width=8)
	  ->  Bitmap Heap Scan on sbtest6  (cost=293.74..31799.14 rows=9103 width=4)
	        Recheck Cond: ((id >= 5177971) AND (id <= 5187970))
	        ->  Bitmap Index Scan on sbtest6_pkey  (cost=0.00..291.46 rows=9103 width=0)
	              Index Cond: ((id >= 5177971) AND (id <= 5187970))

table 7 : explain SELECT SUM(k) FROM sbtest7 WHERE id BETWEEN 1111249 AND 1121248
	Aggregate  (cost=34429.64..34429.65 rows=1 width=8)
	  ->  Bitmap Heap Scan on sbtest7  (cost=321.86..34404.90 rows=9895 width=4)
	        Recheck Cond: ((id >= 1111249) AND (id <= 1121248))
	        ->  Bitmap Index Scan on sbtest7_pkey  (cost=0.00..319.38 rows=9895 width=0)
	              Index Cond: ((id >= 1111249) AND (id <= 1121248))

table 8 : explain SELECT SUM(k) FROM sbtest8 WHERE id BETWEEN 8761268 AND 8771267
	Aggregate  (cost=35231.49..35231.50 rows=1 width=8)
	  ->  Bitmap Heap Scan on sbtest8  (cost=328.90..35206.01 rows=10192 width=4)
	        Recheck Cond: ((id >= 8761268) AND (id <= 8771267))
	        ->  Bitmap Index Scan on sbtest8_pkey  (cost=0.00..326.36 rows=10192 width=0)
	              Index Cond: ((id >= 8761268) AND (id <= 8771267))

for point_selects
table 1 : explain SELECT c FROM sbtest1 WHERE id=5388208
	Index Scan using sbtest1_pkey on sbtest1  (cost=0.43..8.45 rows=1 width=121)
	  Index Cond: (id = 5388208)

table 2 : explain SELECT c FROM sbtest2 WHERE id=4853450
	Index Scan using sbtest2_pkey on sbtest2  (cost=0.43..8.45 rows=1 width=121)
	  Index Cond: (id = 4853450)

table 3 : explain SELECT c FROM sbtest3 WHERE id=6716876
	Index Scan using sbtest3_pkey on sbtest3  (cost=0.43..8.45 rows=1 width=121)
	  Index Cond: (id = 6716876)

table 4 : explain SELECT c FROM sbtest4 WHERE id=1505847
	Index Scan using sbtest4_pkey on sbtest4  (cost=0.43..8.45 rows=1 width=121)
	  Index Cond: (id = 1505847)

table 5 : explain SELECT c FROM sbtest5 WHERE id=8169621
	Index Scan using sbtest5_pkey on sbtest5  (cost=0.43..8.45 rows=1 width=121)
	  Index Cond: (id = 8169621)

table 6 : explain SELECT c FROM sbtest6 WHERE id=2710176
	Index Scan using sbtest6_pkey on sbtest6  (cost=0.43..8.45 rows=1 width=121)
	  Index Cond: (id = 2710176)

table 7 : explain SELECT c FROM sbtest7 WHERE id=536369
	Index Scan using sbtest7_pkey on sbtest7  (cost=0.43..8.45 rows=1 width=121)
	  Index Cond: (id = 536369)

table 8 : explain SELECT c FROM sbtest8 WHERE id=4037311
	Index Scan using sbtest8_pkey on sbtest8  (cost=0.43..8.45 rows=1 width=121)
	  Index Cond: (id = 4037311)

for: sum_ranges
table 1 : explain SELECT SUM(k) FROM sbtest1 WHERE id BETWEEN 3884126 AND 3894125
	Aggregate  (cost=36116.18..36116.19 rows=1 width=8)
	  ->  Bitmap Heap Scan on sbtest1  (cost=339.53..36090.06 rows=10448 width=4)
	        Recheck Cond: ((id >= 3884126) AND (id <= 3894125))
	        ->  Bitmap Index Scan on sbtest1_pkey  (cost=0.00..336.92 rows=10448 width=0)
	              Index Cond: ((id >= 3884126) AND (id <= 3894125))

table 2 : explain SELECT SUM(k) FROM sbtest2 WHERE id BETWEEN 3178561 AND 3188560
	Aggregate  (cost=32789.71..32789.72 rows=1 width=8)
	  ->  Bitmap Heap Scan on sbtest2  (cost=305.13..32766.12 rows=9434 width=4)
	        Recheck Cond: ((id >= 3178561) AND (id <= 3188560))
	        ->  Bitmap Index Scan on sbtest2_pkey  (cost=0.00..302.78 rows=9434 width=0)
	              Index Cond: ((id >= 3178561) AND (id <= 3188560))

table 3 : explain SELECT SUM(k) FROM sbtest3 WHERE id BETWEEN 2473319 AND 2483318
	Aggregate  (cost=34660.43..34660.44 rows=1 width=8)
	  ->  Bitmap Heap Scan on sbtest3  (cost=322.50..34635.53 rows=9958 width=4)
	        Recheck Cond: ((id >= 2473319) AND (id <= 2483318))
	        ->  Bitmap Index Scan on sbtest3_pkey  (cost=0.00..320.01 rows=9958 width=0)
	              Index Cond: ((id >= 2473319) AND (id <= 2483318))

table 4 : explain SELECT SUM(k) FROM sbtest4 WHERE id BETWEEN 1296957 AND 1306956
	Aggregate  (cost=35483.12..35483.13 rows=1 width=8)
	  ->  Bitmap Heap Scan on sbtest4  (cost=333.12..35457.59 rows=10213 width=4)
	        Recheck Cond: ((id >= 1296957) AND (id <= 1306956))
	        ->  Bitmap Index Scan on sbtest4_pkey  (cost=0.00..330.56 rows=10213 width=0)
	              Index Cond: ((id >= 1296957) AND (id <= 1306956))

table 5 : explain SELECT SUM(k) FROM sbtest5 WHERE id BETWEEN 2896484 AND 2906483
	Aggregate  (cost=34669.02..34669.03 rows=1 width=8)
	  ->  Bitmap Heap Scan on sbtest5  (cost=322.54..34644.12 rows=9961 width=4)
	        Recheck Cond: ((id >= 2896484) AND (id <= 2906483))
	        ->  Bitmap Index Scan on sbtest5_pkey  (cost=0.00..320.05 rows=9961 width=0)
	              Index Cond: ((id >= 2896484) AND (id <= 2906483))

table 6 : explain SELECT SUM(k) FROM sbtest6 WHERE id BETWEEN 166978 AND 176977
	Aggregate  (cost=32714.87..32714.88 rows=1 width=8)
	  ->  Bitmap Heap Scan on sbtest6  (cost=304.60..32691.41 rows=9382 width=4)
	        Recheck Cond: ((id >= 166978) AND (id <= 176977))
	        ->  Bitmap Index Scan on sbtest6_pkey  (cost=0.00..302.25 rows=9382 width=0)
	              Index Cond: ((id >= 166978) AND (id <= 176977))

table 7 : explain SELECT SUM(k) FROM sbtest7 WHERE id BETWEEN 3977755 AND 3987754
	Aggregate  (cost=34106.91..34106.92 rows=1 width=8)
	  ->  Bitmap Heap Scan on sbtest7  (cost=316.82..34082.43 rows=9794 width=4)
	        Recheck Cond: ((id >= 3977755) AND (id <= 3987754))
	        ->  Bitmap Index Scan on sbtest7_pkey  (cost=0.00..314.38 rows=9794 width=0)
	              Index Cond: ((id >= 3977755) AND (id <= 3987754))

table 8 : explain SELECT SUM(k) FROM sbtest8 WHERE id BETWEEN 7846051 AND 7856050
	Aggregate  (cost=36442.63..36442.64 rows=1 width=8)
	  ->  Bitmap Heap Scan on sbtest8  (cost=344.86..36416.18 rows=10578 width=4)
	        Recheck Cond: ((id >= 7846051) AND (id <= 7856050))
	        ->  Bitmap Index Scan on sbtest8_pkey  (cost=0.00..342.21 rows=10578 width=0)
	              Index Cond: ((id >= 7846051) AND (id <= 7856050))

for: distinct_ranges
table 1 : explain SELECT DISTINCT c FROM sbtest1 WHERE id BETWEEN 3954972 AND 3964971 ORDER BY c
	Unique  (cost=32689.88..32735.80 rows=9185 width=121)
	  ->  Sort  (cost=32689.88..32712.84 rows=9185 width=121)
	        Sort Key: c
	        ->  Bitmap Heap Scan on sbtest1  (cost=298.58..32085.27 rows=9185 width=121)
	              Recheck Cond: ((id >= 3954972) AND (id <= 3964971))
	              ->  Bitmap Index Scan on sbtest1_pkey  (cost=0.00..296.29 rows=9185 width=0)
	                    Index Cond: ((id >= 3954972) AND (id <= 3964971))

table 2 : explain SELECT DISTINCT c FROM sbtest2 WHERE id BETWEEN 3708436 AND 3718435 ORDER BY c
	Unique  (cost=36120.14..36171.55 rows=10282 width=121)
	  ->  Sort  (cost=36120.14..36145.84 rows=10282 width=121)
	        Sort Key: c
	        ->  Bitmap Heap Scan on sbtest2  (cost=333.83..35434.95 rows=10282 width=121)
	              Recheck Cond: ((id >= 3708436) AND (id <= 3718435))
	              ->  Bitmap Index Scan on sbtest2_pkey  (cost=0.00..331.25 rows=10282 width=0)
	                    Index Cond: ((id >= 3708436) AND (id <= 3718435))

table 3 : explain SELECT DISTINCT c FROM sbtest3 WHERE id BETWEEN 3037874 AND 3047873 ORDER BY c
	Unique  (cost=33580.25..33627.40 rows=9431 width=121)
	  ->  Sort  (cost=33580.25..33603.83 rows=9431 width=121)
	        Sort Key: c
	        ->  Bitmap Heap Scan on sbtest3  (cost=305.10..32957.65 rows=9431 width=121)
	              Recheck Cond: ((id >= 3037874) AND (id <= 3047873))
	              ->  Bitmap Index Scan on sbtest3_pkey  (cost=0.00..302.75 rows=9431 width=0)
	                    Index Cond: ((id >= 3037874) AND (id <= 3047873))

table 4 : explain SELECT DISTINCT c FROM sbtest4 WHERE id BETWEEN 7556230 AND 7566229 ORDER BY c
	Unique  (cost=38004.93..38058.89 rows=10792 width=121)
	  ->  Sort  (cost=38004.93..38031.91 rows=10792 width=121)
	        Sort Key: c
	        ->  Bitmap Heap Scan on sbtest4  (cost=351.05..37281.99 rows=10792 width=121)
	              Recheck Cond: ((id >= 7556230) AND (id <= 7566229))
	              ->  Bitmap Index Scan on sbtest4_pkey  (cost=0.00..348.36 rows=10792 width=0)
	                    Index Cond: ((id >= 7556230) AND (id <= 7566229))

table 5 : explain SELECT DISTINCT c FROM sbtest5 WHERE id BETWEEN 7554710 AND 7564709 ORDER BY c
	Unique  (cost=35259.01..35308.74 rows=9946 width=121)
	  ->  Sort  (cost=35259.01..35283.88 rows=9946 width=121)
	        Sort Key: c
	        ->  Bitmap Heap Scan on sbtest5  (cost=322.38..34598.61 rows=9946 width=121)
	              Recheck Cond: ((id >= 7554710) AND (id <= 7564709))
	              ->  Bitmap Index Scan on sbtest5_pkey  (cost=0.00..319.90 rows=9946 width=0)
	                    Index Cond: ((id >= 7554710) AND (id <= 7564709))

table 6 : explain SELECT DISTINCT c FROM sbtest6 WHERE id BETWEEN 3467735 AND 3477734 ORDER BY c
	Unique  (cost=34877.82..34927.14 rows=9865 width=121)
	  ->  Sort  (cost=34877.82..34902.48 rows=9865 width=121)
	        Sort Key: c
	        ->  Bitmap Heap Scan on sbtest6  (cost=321.55..34223.37 rows=9865 width=121)
	              Recheck Cond: ((id >= 3467735) AND (id <= 3477734))
	              ->  Bitmap Index Scan on sbtest6_pkey  (cost=0.00..319.08 rows=9865 width=0)
	                    Index Cond: ((id >= 3467735) AND (id <= 3477734))

table 7 : explain SELECT DISTINCT c FROM sbtest7 WHERE id BETWEEN 8549801 AND 8559800 ORDER BY c
	Unique  (cost=33583.39..33630.60 rows=9442 width=121)
	  ->  Sort  (cost=33583.39..33606.99 rows=9442 width=121)
	        Sort Key: c
	        ->  Bitmap Heap Scan on sbtest7  (cost=305.22..32959.99 rows=9442 width=121)
	              Recheck Cond: ((id >= 8549801) AND (id <= 8559800))
	              ->  Bitmap Index Scan on sbtest7_pkey  (cost=0.00..302.86 rows=9442 width=0)
	                    Index Cond: ((id >= 8549801) AND (id <= 8559800))

table 8 : explain SELECT DISTINCT c FROM sbtest8 WHERE id BETWEEN 2024761 AND 2034760 ORDER BY c
	Unique  (cost=36204.76..36256.21 rows=10291 width=121)
	  ->  Sort  (cost=36204.76..36230.49 rows=10291 width=121)
	        Sort Key: c
	        ->  Bitmap Heap Scan on sbtest8  (cost=333.92..35518.91 rows=10291 width=121)
	              Recheck Cond: ((id >= 2024761) AND (id <= 2034760))
	              ->  Bitmap Index Scan on sbtest8_pkey  (cost=0.00..331.34 rows=10291 width=0)
	                    Index Cond: ((id >= 2024761) AND (id <= 2034760))

for point_selects
table 1 : explain SELECT c FROM sbtest1 WHERE id=6748375
	Index Scan using sbtest1_pkey on sbtest1  (cost=0.43..8.45 rows=1 width=121)
	  Index Cond: (id = 6748375)

table 2 : explain SELECT c FROM sbtest2 WHERE id=5285265
	Index Scan using sbtest2_pkey on sbtest2  (cost=0.43..8.45 rows=1 width=121)
	  Index Cond: (id = 5285265)

table 3 : explain SELECT c FROM sbtest3 WHERE id=25433
	Index Scan using sbtest3_pkey on sbtest3  (cost=0.43..8.45 rows=1 width=121)
	  Index Cond: (id = 25433)

table 4 : explain SELECT c FROM sbtest4 WHERE id=710880
	Index Scan using sbtest4_pkey on sbtest4  (cost=0.43..8.45 rows=1 width=121)
	  Index Cond: (id = 710880)

table 5 : explain SELECT c FROM sbtest5 WHERE id=2506638
	Index Scan using sbtest5_pkey on sbtest5  (cost=0.43..8.45 rows=1 width=121)
	  Index Cond: (id = 2506638)

table 6 : explain SELECT c FROM sbtest6 WHERE id=4328819
	Index Scan using sbtest6_pkey on sbtest6  (cost=0.43..8.45 rows=1 width=121)
	  Index Cond: (id = 4328819)

table 7 : explain SELECT c FROM sbtest7 WHERE id=3637487
	Index Scan using sbtest7_pkey on sbtest7  (cost=0.43..8.45 rows=1 width=121)
	  Index Cond: (id = 3637487)

table 8 : explain SELECT c FROM sbtest8 WHERE id=844884
	Index Scan using sbtest8_pkey on sbtest8  (cost=0.43..8.45 rows=1 width=121)
	  Index Cond: (id = 844884)

for: distinct_ranges
table 1 : explain SELECT DISTINCT c FROM sbtest1 WHERE id BETWEEN 6774290 AND 6784289 ORDER BY c
	Unique  (cost=36609.57..36661.54 rows=10393 width=121)
	  ->  Sort  (cost=36609.57..36635.55 rows=10393 width=121)
	        Sort Key: c
	        ->  Bitmap Heap Scan on sbtest1  (cost=338.96..35916.18 rows=10393 width=121)
	              Recheck Cond: ((id >= 6774290) AND (id <= 6784289))
	              ->  Bitmap Index Scan on sbtest1_pkey  (cost=0.00..336.37 rows=10393 width=0)
	                    Index Cond: ((id >= 6774290) AND (id <= 6784289))

table 2 : explain SELECT DISTINCT c FROM sbtest2 WHERE id BETWEEN 3170767 AND 3180766 ORDER BY c
	Unique  (cost=32957.14..33003.64 rows=9300 width=121)
	  ->  Sort  (cost=32957.14..32980.39 rows=9300 width=121)
	        Sort Key: c
	        ->  Bitmap Heap Scan on sbtest2  (cost=303.76..32344.13 rows=9300 width=121)
	              Recheck Cond: ((id >= 3170767) AND (id <= 3180766))
	              ->  Bitmap Index Scan on sbtest2_pkey  (cost=0.00..301.44 rows=9300 width=0)
	                    Index Cond: ((id >= 3170767) AND (id <= 3180766))

table 3 : explain SELECT DISTINCT c FROM sbtest3 WHERE id BETWEEN 3363584 AND 3373583 ORDER BY c
	Unique  (cost=37453.24..37506.36 rows=10624 width=121)
	  ->  Sort  (cost=37453.24..37479.80 rows=10624 width=121)
	        Sort Key: c
	        ->  Bitmap Heap Scan on sbtest3  (cost=345.33..36742.76 rows=10624 width=121)
	              Recheck Cond: ((id >= 3363584) AND (id <= 3373583))
	              ->  Bitmap Index Scan on sbtest3_pkey  (cost=0.00..342.68 rows=10624 width=0)
	                    Index Cond: ((id >= 3363584) AND (id <= 3373583))

table 4 : explain SELECT DISTINCT c FROM sbtest4 WHERE id BETWEEN 2261598 AND 2271597 ORDER BY c
	Unique  (cost=33990.50..34038.27 rows=9553 width=121)
	  ->  Sort  (cost=33990.50..34014.39 rows=9553 width=121)
	        Sort Key: c
	        ->  Bitmap Heap Scan on sbtest4  (cost=310.35..33358.97 rows=9553 width=121)
	              Recheck Cond: ((id >= 2261598) AND (id <= 2271597))
	              ->  Bitmap Index Scan on sbtest4_pkey  (cost=0.00..307.96 rows=9553 width=0)
	                    Index Cond: ((id >= 2261598) AND (id <= 2271597))

table 5 : explain SELECT DISTINCT c FROM sbtest5 WHERE id BETWEEN 418272 AND 428271 ORDER BY c
	Unique  (cost=35478.44..35528.51 rows=10014 width=121)
	  ->  Sort  (cost=35478.44..35503.48 rows=10014 width=121)
	        Sort Key: c
	        ->  Bitmap Heap Scan on sbtest5  (cost=323.08..34813.02 rows=10014 width=121)
	              Recheck Cond: ((id >= 418272) AND (id <= 428271))
	              ->  Bitmap Index Scan on sbtest5_pkey  (cost=0.00..320.57 rows=10014 width=0)
	                    Index Cond: ((id >= 418272) AND (id <= 428271))

table 6 : explain SELECT DISTINCT c FROM sbtest6 WHERE id BETWEEN 344983 AND 354982 ORDER BY c
	Unique  (cost=36864.60..36917.01 rows=10482 width=121)
	  ->  Sort  (cost=36864.60..36890.81 rows=10482 width=121)
	        Sort Key: c
	        ->  Bitmap Heap Scan on sbtest6  (cost=339.88..36164.63 rows=10482 width=121)
	              Recheck Cond: ((id >= 344983) AND (id <= 354982))
	              ->  Bitmap Index Scan on sbtest6_pkey  (cost=0.00..337.25 rows=10482 width=0)
	                    Index Cond: ((id >= 344983) AND (id <= 354982))

table 7 : explain SELECT DISTINCT c FROM sbtest7 WHERE id BETWEEN 3648986 AND 3658985 ORDER BY c
	Unique  (cost=35390.40..35440.39 rows=9997 width=121)
	  ->  Sort  (cost=35390.40..35415.40 rows=9997 width=121)
	        Sort Key: c
	        ->  Bitmap Heap Scan on sbtest7  (cost=322.90..34726.24 rows=9997 width=121)
	              Recheck Cond: ((id >= 3648986) AND (id <= 3658985))
	              ->  Bitmap Index Scan on sbtest7_pkey  (cost=0.00..320.41 rows=9997 width=0)
	                    Index Cond: ((id >= 3648986) AND (id <= 3658985))

table 8 : explain SELECT DISTINCT c FROM sbtest8 WHERE id BETWEEN 2489100 AND 2499099 ORDER BY c
	Unique  (cost=35134.72..35184.51 rows=9959 width=121)
	  ->  Sort  (cost=35134.72..35159.61 rows=9959 width=121)
	        Sort Key: c
	        ->  Bitmap Heap Scan on sbtest8  (cost=322.51..34473.35 rows=9959 width=121)
	              Recheck Cond: ((id >= 2489100) AND (id <= 2499099))
	              ->  Bitmap Index Scan on sbtest8_pkey  (cost=0.00..320.03 rows=9959 width=0)
	                    Index Cond: ((id >= 2489100) AND (id <= 2499099))

for: order_ranges
table 1 : explain SELECT c FROM sbtest1 WHERE id BETWEEN 604941 AND 614940 ORDER BY c
	Sort  (cost=36183.17..36208.82 rows=10261 width=121)
	  Sort Key: c
	  ->  Bitmap Heap Scan on sbtest1  (cost=333.61..35499.53 rows=10261 width=121)
	        Recheck Cond: ((id >= 604941) AND (id <= 614940))
	        ->  Bitmap Index Scan on sbtest1_pkey  (cost=0.00..331.05 rows=10261 width=0)
	              Index Cond: ((id >= 604941) AND (id <= 614940))

table 2 : explain SELECT c FROM sbtest2 WHERE id BETWEEN 9019619 AND 9029618 ORDER BY c
	Sort  (cost=34890.28..34915.02 rows=9898 width=121)
	  Sort Key: c
	  ->  Bitmap Heap Scan on sbtest2  (cost=321.89..34233.40 rows=9898 width=121)
	        Recheck Cond: ((id >= 9019619) AND (id <= 9029618))
	        ->  Bitmap Index Scan on sbtest2_pkey  (cost=0.00..319.42 rows=9898 width=0)
	              Index Cond: ((id >= 9019619) AND (id <= 9029618))

table 3 : explain SELECT c FROM sbtest3 WHERE id BETWEEN 8608676 AND 8618675 ORDER BY c
	Sort  (cost=35482.93..35507.97 rows=10015 width=121)
	  Sort Key: c
	  ->  Bitmap Heap Scan on sbtest3  (cost=323.09..34817.44 rows=10015 width=121)
	        Recheck Cond: ((id >= 8608676) AND (id <= 8618675))
	        ->  Bitmap Index Scan on sbtest3_pkey  (cost=0.00..320.58 rows=10015 width=0)
	              Index Cond: ((id >= 8608676) AND (id <= 8618675))

table 4 : explain SELECT c FROM sbtest4 WHERE id BETWEEN 3392013 AND 3402012 ORDER BY c
	Sort  (cost=37291.31..37317.73 rows=10570 width=121)
	  Sort Key: c
	  ->  Bitmap Heap Scan on sbtest4  (cost=344.78..36584.82 rows=10570 width=121)
	        Recheck Cond: ((id >= 3392013) AND (id <= 3402012))
	        ->  Bitmap Index Scan on sbtest4_pkey  (cost=0.00..342.13 rows=10570 width=0)
	              Index Cond: ((id >= 3392013) AND (id <= 3402012))

table 5 : explain SELECT c FROM sbtest5 WHERE id BETWEEN 2797244 AND 2807243 ORDER BY c
	Sort  (cost=32065.12..32087.55 rows=8970 width=121)
	  Sort Key: c
	  ->  Bitmap Heap Scan on sbtest5  (cost=292.38..31476.20 rows=8970 width=121)
	        Recheck Cond: ((id >= 2797244) AND (id <= 2807243))
	        ->  Bitmap Index Scan on sbtest5_pkey  (cost=0.00..290.13 rows=8970 width=0)
	              Index Cond: ((id >= 2797244) AND (id <= 2807243))

table 6 : explain SELECT c FROM sbtest6 WHERE id BETWEEN 2818479 AND 2828478 ORDER BY c
	Sort  (cost=34389.50..34413.79 rows=9714 width=121)
	  Sort Key: c
	  ->  Bitmap Heap Scan on sbtest6  (cost=316.00..33746.15 rows=9714 width=121)
	        Recheck Cond: ((id >= 2818479) AND (id <= 2828478))
	        ->  Bitmap Index Scan on sbtest6_pkey  (cost=0.00..313.57 rows=9714 width=0)
	              Index Cond: ((id >= 2818479) AND (id <= 2828478))

table 7 : explain SELECT c FROM sbtest7 WHERE id BETWEEN 2039994 AND 2049993 ORDER BY c
	Sort  (cost=37477.11..37503.71 rows=10643 width=121)
	  Sort Key: c
	  ->  Bitmap Heap Scan on sbtest7  (cost=345.53..36765.22 rows=10643 width=121)
	        Recheck Cond: ((id >= 2039994) AND (id <= 2049993))
	        ->  Bitmap Index Scan on sbtest7_pkey  (cost=0.00..342.87 rows=10643 width=0)
	              Index Cond: ((id >= 2039994) AND (id <= 2049993))

table 8 : explain SELECT c FROM sbtest8 WHERE id BETWEEN 9456771 AND 9466770 ORDER BY c
	Sort  (cost=33029.41..33052.68 rows=9308 width=121)
	  Sort Key: c
	  ->  Bitmap Heap Scan on sbtest8  (cost=303.84..32415.82 rows=9308 width=121)
	        Recheck Cond: ((id >= 9456771) AND (id <= 9466770))
	        ->  Bitmap Index Scan on sbtest8_pkey  (cost=0.00..301.51 rows=9308 width=0)
	              Index Cond: ((id >= 9456771) AND (id <= 9466770))

for: sum_ranges
table 1 : explain SELECT SUM(k) FROM sbtest1 WHERE id BETWEEN 920929 AND 930928
	Aggregate  (cost=36934.07..36934.08 rows=1 width=8)
	  ->  Bitmap Heap Scan on sbtest1  (cost=346.21..36907.29 rows=10710 width=4)
	        Recheck Cond: ((id >= 920929) AND (id <= 930928))
	        ->  Bitmap Index Scan on sbtest1_pkey  (cost=0.00..343.54 rows=10710 width=0)
	              Index Cond: ((id >= 920929) AND (id <= 930928))

table 2 : explain SELECT SUM(k) FROM sbtest2 WHERE id BETWEEN 6109281 AND 6119280
	Aggregate  (cost=32907.29..32907.30 rows=1 width=8)
	  ->  Bitmap Heap Scan on sbtest2  (cost=309.50..32883.61 rows=9470 width=4)
	        Recheck Cond: ((id >= 6109281) AND (id <= 6119280))
	        ->  Bitmap Index Scan on sbtest2_pkey  (cost=0.00..307.13 rows=9470 width=0)
	              Index Cond: ((id >= 6109281) AND (id <= 6119280))

table 3 : explain SELECT SUM(k) FROM sbtest3 WHERE id BETWEEN 3352668 AND 3362667
	Aggregate  (cost=36769.32..36769.33 rows=1 width=8)
	  ->  Bitmap Heap Scan on sbtest3  (cost=345.33..36742.76 rows=10624 width=4)
	        Recheck Cond: ((id >= 3352668) AND (id <= 3362667))
	        ->  Bitmap Index Scan on sbtest3_pkey  (cost=0.00..342.68 rows=10624 width=0)
	              Index Cond: ((id >= 3352668) AND (id <= 3362667))

table 4 : explain SELECT SUM(k) FROM sbtest4 WHERE id BETWEEN 2061015 AND 2071014
	Aggregate  (cost=31823.20..31823.21 rows=1 width=8)
	  ->  Bitmap Heap Scan on sbtest4  (cost=293.38..31800.53 rows=9068 width=4)
	        Recheck Cond: ((id >= 2061015) AND (id <= 2071014))
	        ->  Bitmap Index Scan on sbtest4_pkey  (cost=0.00..291.12 rows=9068 width=0)
	              Index Cond: ((id >= 2061015) AND (id <= 2071014))

table 5 : explain SELECT SUM(k) FROM sbtest5 WHERE id BETWEEN 9495419 AND 9505418
	Aggregate  (cost=34137.66..34137.67 rows=1 width=8)
	  ->  Bitmap Heap Scan on sbtest5  (cost=316.82..34113.17 rows=9794 width=4)
	        Recheck Cond: ((id >= 9495419) AND (id <= 9505418))
	        ->  Bitmap Index Scan on sbtest5_pkey  (cost=0.00..314.38 rows=9794 width=0)
	              Index Cond: ((id >= 9495419) AND (id <= 9505418))

table 6 : explain SELECT SUM(k) FROM sbtest6 WHERE id BETWEEN 7566500 AND 7576499
	Aggregate  (cost=35148.18..35148.19 rows=1 width=8)
	  ->  Bitmap Heap Scan on sbtest6  (cost=328.48..35122.81 rows=10151 width=4)
	        Recheck Cond: ((id >= 7566500) AND (id <= 7576499))
	        ->  Bitmap Index Scan on sbtest6_pkey  (cost=0.00..325.94 rows=10151 width=0)
	              Index Cond: ((id >= 7566500) AND (id <= 7576499))

table 7 : explain SELECT SUM(k) FROM sbtest7 WHERE id BETWEEN 1507781 AND 1517780
	Aggregate  (cost=33258.72..33258.73 rows=1 width=8)
	  ->  Bitmap Heap Scan on sbtest7  (cost=310.10..33234.90 rows=9528 width=4)
	        Recheck Cond: ((id >= 1507781) AND (id <= 1517780))
	        ->  Bitmap Index Scan on sbtest7_pkey  (cost=0.00..307.71 rows=9528 width=0)
	              Index Cond: ((id >= 1507781) AND (id <= 1517780))

table 8 : explain SELECT SUM(k) FROM sbtest8 WHERE id BETWEEN 7902772 AND 7912771
	Aggregate  (cost=33226.92..33226.93 rows=1 width=8)
	  ->  Bitmap Heap Scan on sbtest8  (cost=310.39..33203.03 rows=9557 width=4)
	        Recheck Cond: ((id >= 7902772) AND (id <= 7912771))
	        ->  Bitmap Index Scan on sbtest8_pkey  (cost=0.00..308.00 rows=9557 width=0)
	              Index Cond: ((id >= 7902772) AND (id <= 7912771))

for: simple_ranges
table 1 : explain SELECT c FROM sbtest1 WHERE id BETWEEN 2637677 AND 2647676
	Bitmap Heap Scan on sbtest1  (cost=350.65..37046.04 rows=10753 width=121)
	  Recheck Cond: ((id >= 2637677) AND (id <= 2647676))
	  ->  Bitmap Index Scan on sbtest1_pkey  (cost=0.00..347.96 rows=10753 width=0)
	        Index Cond: ((id >= 2637677) AND (id <= 2647676))

table 2 : explain SELECT c FROM sbtest2 WHERE id BETWEEN 6325347 AND 6335346
	Bitmap Heap Scan on sbtest2  (cost=339.86..36054.44 rows=10480 width=121)
	  Recheck Cond: ((id >= 6325347) AND (id <= 6335346))
	  ->  Bitmap Index Scan on sbtest2_pkey  (cost=0.00..337.24 rows=10480 width=0)
	        Index Cond: ((id >= 6325347) AND (id <= 6335346))

table 3 : explain SELECT c FROM sbtest3 WHERE id BETWEEN 5752395 AND 5762394
	Bitmap Heap Scan on sbtest3  (cost=356.78..37796.79 rows=10960 width=121)
	  Recheck Cond: ((id >= 5752395) AND (id <= 5762394))
	  ->  Bitmap Index Scan on sbtest3_pkey  (cost=0.00..354.04 rows=10960 width=0)
	        Index Cond: ((id >= 5752395) AND (id <= 5762394))

table 4 : explain SELECT c FROM sbtest4 WHERE id BETWEEN 657063 AND 667062
	Bitmap Heap Scan on sbtest4  (cost=321.21..34250.80 rows=9832 width=121)
	  Recheck Cond: ((id >= 657063) AND (id <= 667062))
	  ->  Bitmap Index Scan on sbtest4_pkey  (cost=0.00..318.75 rows=9832 width=0)
	        Index Cond: ((id >= 657063) AND (id <= 667062))

table 5 : explain SELECT c FROM sbtest5 WHERE id BETWEEN 8140884 AND 8150883
	Bitmap Heap Scan on sbtest5  (cost=304.68..32825.75 rows=9390 width=121)
	  Recheck Cond: ((id >= 8140884) AND (id <= 8150883))
	  ->  Bitmap Index Scan on sbtest5_pkey  (cost=0.00..302.33 rows=9390 width=0)
	        Index Cond: ((id >= 8140884) AND (id <= 8150883))

table 6 : explain SELECT c FROM sbtest6 WHERE id BETWEEN 3056405 AND 3066404
	Bitmap Heap Scan on sbtest6  (cost=380.40..39958.73 rows=11704 width=121)
	  Recheck Cond: ((id >= 3056405) AND (id <= 3066404))
	  ->  Bitmap Index Scan on sbtest6_pkey  (cost=0.00..377.48 rows=11704 width=0)
	        Index Cond: ((id >= 3056405) AND (id <= 3066404))

table 7 : explain SELECT c FROM sbtest7 WHERE id BETWEEN 5797375 AND 5807374
	Bitmap Heap Scan on sbtest7  (cost=356.54..37686.01 rows=10937 width=121)
	  Recheck Cond: ((id >= 5797375) AND (id <= 5807374))
	  ->  Bitmap Index Scan on sbtest7_pkey  (cost=0.00..353.81 rows=10937 width=0)
	        Index Cond: ((id >= 5797375) AND (id <= 5807374))

table 8 : explain SELECT c FROM sbtest8 WHERE id BETWEEN 5886870 AND 5896869
	Bitmap Heap Scan on sbtest8  (cost=317.26..34088.07 rows=9837 width=121)
	  Recheck Cond: ((id >= 5886870) AND (id <= 5896869))
	  ->  Bitmap Index Scan on sbtest8_pkey  (cost=0.00..314.81 rows=9837 width=0)
	        Index Cond: ((id >= 5886870) AND (id <= 5896869))

for: order_ranges
table 1 : explain SELECT c FROM sbtest1 WHERE id BETWEEN 8863645 AND 8873644 ORDER BY c
	Sort  (cost=34940.58..34965.27 rows=9876 width=121)
	  Sort Key: c
	  ->  Bitmap Heap Scan on sbtest1  (cost=321.66..34285.32 rows=9876 width=121)
	        Recheck Cond: ((id >= 8863645) AND (id <= 8873644))
	        ->  Bitmap Index Scan on sbtest1_pkey  (cost=0.00..319.19 rows=9876 width=0)
	              Index Cond: ((id >= 8863645) AND (id <= 8873644))

table 2 : explain SELECT c FROM sbtest2 WHERE id BETWEEN 9675347 AND 9685346 ORDER BY c
	Sort  (cost=35635.97..35661.29 rows=10131 width=121)
	  Sort Key: c
	  ->  Bitmap Heap Scan on sbtest2  (cost=328.28..34961.92 rows=10131 width=121)
	        Recheck Cond: ((id >= 9675347) AND (id <= 9685346))
	        ->  Bitmap Index Scan on sbtest2_pkey  (cost=0.00..325.75 rows=10131 width=0)
	              Index Cond: ((id >= 9675347) AND (id <= 9685346))

table 3 : explain SELECT c FROM sbtest3 WHERE id BETWEEN 8341101 AND 8351100 ORDER BY c
	Sort  (cost=33942.09..33965.95 rows=9542 width=121)
	  Sort Key: c
	  ->  Bitmap Heap Scan on sbtest3  (cost=310.24..33311.36 rows=9542 width=121)
	        Recheck Cond: ((id >= 8341101) AND (id <= 8351100))
	        ->  Bitmap Index Scan on sbtest3_pkey  (cost=0.00..307.86 rows=9542 width=0)
	              Index Cond: ((id >= 8341101) AND (id <= 8351100))

table 4 : explain SELECT c FROM sbtest4 WHERE id BETWEEN 9274406 AND 9284405 ORDER BY c
	Sort  (cost=36160.88..36186.43 rows=10220 width=121)
	  Sort Key: c
	  ->  Bitmap Heap Scan on sbtest4  (cost=333.19..35480.27 rows=10220 width=121)
	        Recheck Cond: ((id >= 9274406) AND (id <= 9284405))
	        ->  Bitmap Index Scan on sbtest4_pkey  (cost=0.00..330.63 rows=10220 width=0)
	              Index Cond: ((id >= 9274406) AND (id <= 9284405))

table 5 : explain SELECT c FROM sbtest5 WHERE id BETWEEN 4574067 AND 4584066 ORDER BY c
	Sort  (cost=34612.47..34636.84 rows=9748 width=121)
	  Sort Key: c
	  ->  Bitmap Heap Scan on sbtest5  (cost=316.35..33966.62 rows=9748 width=121)
	        Recheck Cond: ((id >= 4574067) AND (id <= 4584066))
	        ->  Bitmap Index Scan on sbtest5_pkey  (cost=0.00..313.92 rows=9748 width=0)
	              Index Cond: ((id >= 4574067) AND (id <= 4584066))

table 6 : explain SELECT c FROM sbtest6 WHERE id BETWEEN 6322459 AND 6332458 ORDER BY c
	Sort  (cost=36680.24..36706.30 rows=10424 width=121)
	  Sort Key: c
	  ->  Bitmap Heap Scan on sbtest6  (cost=339.28..35984.56 rows=10424 width=121)
	        Recheck Cond: ((id >= 6322459) AND (id <= 6332458))
	        ->  Bitmap Index Scan on sbtest6_pkey  (cost=0.00..336.68 rows=10424 width=0)
	              Index Cond: ((id >= 6322459) AND (id <= 6332458))

table 7 : explain SELECT c FROM sbtest7 WHERE id BETWEEN 2619949 AND 2629948 ORDER BY c
	Sort  (cost=36823.11..36849.21 rows=10440 width=121)
	  Sort Key: c
	  ->  Bitmap Heap Scan on sbtest7  (cost=339.44..36126.25 rows=10440 width=121)
	        Recheck Cond: ((id >= 2619949) AND (id <= 2629948))
	        ->  Bitmap Index Scan on sbtest7_pkey  (cost=0.00..336.83 rows=10440 width=0)
	              Index Cond: ((id >= 2619949) AND (id <= 2629948))

table 8 : explain SELECT c FROM sbtest8 WHERE id BETWEEN 409784 AND 419783 ORDER BY c
	Sort  (cost=33235.82..33259.25 rows=9372 width=121)
	  Sort Key: c
	  ->  Bitmap Heap Scan on sbtest8  (cost=304.50..32617.54 rows=9372 width=121)
	        Recheck Cond: ((id >= 409784) AND (id <= 419783))
	        ->  Bitmap Index Scan on sbtest8_pkey  (cost=0.00..302.16 rows=9372 width=0)
	              Index Cond: ((id >= 409784) AND (id <= 419783))

for: order_ranges
table 1 : explain SELECT c FROM sbtest1 WHERE id BETWEEN 8774725 AND 8784724 ORDER BY c
	Sort  (cost=34644.50..34668.96 rows=9785 width=121)
	  Sort Key: c
	  ->  Bitmap Heap Scan on sbtest1  (cost=316.73..33995.93 rows=9785 width=121)
	        Recheck Cond: ((id >= 8774725) AND (id <= 8784724))
	        ->  Bitmap Index Scan on sbtest1_pkey  (cost=0.00..314.29 rows=9785 width=0)
	              Index Cond: ((id >= 8774725) AND (id <= 8784724))

table 2 : explain SELECT c FROM sbtest2 WHERE id BETWEEN 7421659 AND 7431658 ORDER BY c
	Sort  (cost=32210.12..32232.80 rows=9071 width=121)
	  Sort Key: c
	  ->  Bitmap Heap Scan on sbtest2  (cost=293.41..31613.84 rows=9071 width=121)
	        Recheck Cond: ((id >= 7421659) AND (id <= 7431658))
	        ->  Bitmap Index Scan on sbtest2_pkey  (cost=0.00..291.15 rows=9071 width=0)
	              Index Cond: ((id >= 7421659) AND (id <= 7431658))

table 3 : explain SELECT c FROM sbtest3 WHERE id BETWEEN 9701452 AND 9711451 ORDER BY c
	Sort  (cost=30780.41..30801.87 rows=8581 width=121)
	  Sort Key: c
	  ->  Bitmap Heap Scan on sbtest3  (cost=280.39..30219.78 rows=8581 width=121)
	        Recheck Cond: ((id >= 9701452) AND (id <= 9711451))
	        ->  Bitmap Index Scan on sbtest3_pkey  (cost=0.00..278.25 rows=8581 width=0)
	              Index Cond: ((id >= 9701452) AND (id <= 9711451))

table 4 : explain SELECT c FROM sbtest4 WHERE id BETWEEN 7802612 AND 7812611 ORDER BY c
	Sort  (cost=37750.23..37777.01 rows=10713 width=121)
	  Sort Key: c
	  ->  Bitmap Heap Scan on sbtest4  (cost=346.24..37033.15 rows=10713 width=121)
	        Recheck Cond: ((id >= 7802612) AND (id <= 7812611))
	        ->  Bitmap Index Scan on sbtest4_pkey  (cost=0.00..343.56 rows=10713 width=0)
	              Index Cond: ((id >= 7802612) AND (id <= 7812611))

table 5 : explain SELECT c FROM sbtest5 WHERE id BETWEEN 7706389 AND 7716388 ORDER BY c
	Sort  (cost=41877.01..41907.04 rows=12012 width=121)
	  Sort Key: c
	  ->  Bitmap Heap Scan on sbtest5  (cost=387.56..41063.06 rows=12012 width=121)
	        Recheck Cond: ((id >= 7706389) AND (id <= 7716388))
	        ->  Bitmap Index Scan on sbtest5_pkey  (cost=0.00..384.56 rows=12012 width=0)
	              Index Cond: ((id >= 7706389) AND (id <= 7716388))

table 6 : explain SELECT c FROM sbtest6 WHERE id BETWEEN 1511899 AND 1521898 ORDER BY c
	Sort  (cost=34800.87..34825.47 rows=9842 width=121)
	  Sort Key: c
	  ->  Bitmap Heap Scan on sbtest6  (cost=317.32..34148.11 rows=9842 width=121)
	        Recheck Cond: ((id >= 1511899) AND (id <= 1521898))
	        ->  Bitmap Index Scan on sbtest6_pkey  (cost=0.00..314.86 rows=9842 width=0)
	              Index Cond: ((id >= 1511899) AND (id <= 1521898))

table 7 : explain SELECT c FROM sbtest7 WHERE id BETWEEN 2289664 AND 2299663 ORDER BY c
	Sort  (cost=36309.93..36335.63 rows=10281 width=121)
	  Sort Key: c
	  ->  Bitmap Heap Scan on sbtest7  (cost=333.82..35624.82 rows=10281 width=121)
	        Recheck Cond: ((id >= 2289664) AND (id <= 2299663))
	        ->  Bitmap Index Scan on sbtest7_pkey  (cost=0.00..331.25 rows=10281 width=0)
	              Index Cond: ((id >= 2289664) AND (id <= 2299663))

table 8 : explain SELECT c FROM sbtest8 WHERE id BETWEEN 8609082 AND 8619081 ORDER BY c
	Sort  (cost=35289.95..35314.96 rows=10007 width=121)
	  Sort Key: c
	  ->  Bitmap Heap Scan on sbtest8  (cost=323.01..34625.05 rows=10007 width=121)
	        Recheck Cond: ((id >= 8609082) AND (id <= 8619081))
	        ->  Bitmap Index Scan on sbtest8_pkey  (cost=0.00..320.50 rows=10007 width=0)
	              Index Cond: ((id >= 8609082) AND (id <= 8619081))

for: order_ranges
table 1 : explain SELECT c FROM sbtest1 WHERE id BETWEEN 5756986 AND 5766985 ORDER BY c
	Sort  (cost=38488.53..38515.98 rows=10980 width=121)
	  Sort Key: c
	  ->  Bitmap Heap Scan on sbtest1  (cost=356.98..37751.63 rows=10980 width=121)
	        Recheck Cond: ((id >= 5756986) AND (id <= 5766985))
	        ->  Bitmap Index Scan on sbtest1_pkey  (cost=0.00..354.24 rows=10980 width=0)
	              Index Cond: ((id >= 5756986) AND (id <= 5766985))

table 2 : explain SELECT c FROM sbtest2 WHERE id BETWEEN 6502235 AND 6512234 ORDER BY c
	Sort  (cost=37006.61..37033.01 rows=10560 width=121)
	  Sort Key: c
	  ->  Bitmap Heap Scan on sbtest2  (cost=340.68..36300.87 rows=10560 width=121)
	        Recheck Cond: ((id >= 6502235) AND (id <= 6512234))
	        ->  Bitmap Index Scan on sbtest2_pkey  (cost=0.00..338.04 rows=10560 width=0)
	              Index Cond: ((id >= 6502235) AND (id <= 6512234))

table 3 : explain SELECT c FROM sbtest3 WHERE id BETWEEN 6731315 AND 6741314 ORDER BY c
	Sort  (cost=35113.82..35138.58 rows=9901 width=121)
	  Sort Key: c
	  ->  Bitmap Heap Scan on sbtest3  (cost=321.92..34456.73 rows=9901 width=121)
	        Recheck Cond: ((id >= 6731315) AND (id <= 6741314))
	        ->  Bitmap Index Scan on sbtest3_pkey  (cost=0.00..319.44 rows=9901 width=0)
	              Index Cond: ((id >= 6731315) AND (id <= 6741314))

table 4 : explain SELECT c FROM sbtest4 WHERE id BETWEEN 2989042 AND 2999041 ORDER BY c
	Sort  (cost=39880.19..39908.63 rows=11378 width=121)
	  Sort Key: c
	  ->  Bitmap Heap Scan on sbtest4  (cost=369.06..39113.66 rows=11378 width=121)
	        Recheck Cond: ((id >= 2989042) AND (id <= 2999041))
	        ->  Bitmap Index Scan on sbtest4_pkey  (cost=0.00..366.21 rows=11378 width=0)
	              Index Cond: ((id >= 2989042) AND (id <= 2999041))

table 5 : explain SELECT c FROM sbtest5 WHERE id BETWEEN 6577269 AND 6587268 ORDER BY c
	Sort  (cost=33767.16..33790.88 rows=9488 width=121)
	  Sort Key: c
	  ->  Bitmap Heap Scan on sbtest5  (cost=309.69..33140.38 rows=9488 width=121)
	        Recheck Cond: ((id >= 6577269) AND (id <= 6587268))
	        ->  Bitmap Index Scan on sbtest5_pkey  (cost=0.00..307.31 rows=9488 width=0)
	              Index Cond: ((id >= 6577269) AND (id <= 6587268))

table 6 : explain SELECT c FROM sbtest6 WHERE id BETWEEN 4078295 AND 4088294 ORDER BY c
	Sort  (cost=33187.09..33210.45 rows=9344 width=121)
	  Sort Key: c
	  ->  Bitmap Heap Scan on sbtest6  (cost=304.21..32570.86 rows=9344 width=121)
	        Recheck Cond: ((id >= 4078295) AND (id <= 4088294))
	        ->  Bitmap Index Scan on sbtest6_pkey  (cost=0.00..301.88 rows=9344 width=0)
	              Index Cond: ((id >= 4078295) AND (id <= 4088294))

table 7 : explain SELECT c FROM sbtest7 WHERE id BETWEEN 2569740 AND 2579739 ORDER BY c
	Sort  (cost=36823.11..36849.21 rows=10440 width=121)
	  Sort Key: c
	  ->  Bitmap Heap Scan on sbtest7  (cost=339.44..36126.25 rows=10440 width=121)
	        Recheck Cond: ((id >= 2569740) AND (id <= 2579739))
	        ->  Bitmap Index Scan on sbtest7_pkey  (cost=0.00..336.83 rows=10440 width=0)
	              Index Cond: ((id >= 2569740) AND (id <= 2579739))

table 8 : explain SELECT c FROM sbtest8 WHERE id BETWEEN 8955183 AND 8965182 ORDER BY c
	Sort  (cost=34482.24..34506.64 rows=9757 width=121)
	  Sort Key: c
	  ->  Bitmap Heap Scan on sbtest8  (cost=316.44..33835.73 rows=9757 width=121)
	        Recheck Cond: ((id >= 8955183) AND (id <= 8965182))
	        ->  Bitmap Index Scan on sbtest8_pkey  (cost=0.00..314.00 rows=9757 width=0)
	              Index Cond: ((id >= 8955183) AND (id <= 8965182))

for: order_ranges
table 1 : explain SELECT c FROM sbtest1 WHERE id BETWEEN 4915077 AND 4925076 ORDER BY c
	Sort  (cost=33795.77..33819.57 rows=9523 width=121)
	  Sort Key: c
	  ->  Bitmap Heap Scan on sbtest1  (cost=310.05..33166.43 rows=9523 width=121)
	        Recheck Cond: ((id >= 4915077) AND (id <= 4925076))
	        ->  Bitmap Index Scan on sbtest1_pkey  (cost=0.00..307.67 rows=9523 width=0)
	              Index Cond: ((id >= 4915077) AND (id <= 4925076))

table 2 : explain SELECT c FROM sbtest2 WHERE id BETWEEN 1203585 AND 1213584 ORDER BY c
	Sort  (cost=36021.54..36047.17 rows=10251 width=121)
	  Sort Key: c
	  ->  Bitmap Heap Scan on sbtest2  (cost=333.51..35338.65 rows=10251 width=121)
	        Recheck Cond: ((id >= 1203585) AND (id <= 1213584))
	        ->  Bitmap Index Scan on sbtest2_pkey  (cost=0.00..330.94 rows=10251 width=0)
	              Index Cond: ((id >= 1203585) AND (id <= 1213584))

table 3 : explain SELECT c FROM sbtest3 WHERE id BETWEEN 887036 AND 897035 ORDER BY c
	Sort  (cost=34390.06..34414.26 rows=9678 width=121)
	  Sort Key: c
	  ->  Bitmap Heap Scan on sbtest3  (cost=315.63..33749.35 rows=9678 width=121)
	        Recheck Cond: ((id >= 887036) AND (id <= 897035))
	        ->  Bitmap Index Scan on sbtest3_pkey  (cost=0.00..313.21 rows=9678 width=0)
	              Index Cond: ((id >= 887036) AND (id <= 897035))

table 4 : explain SELECT c FROM sbtest4 WHERE id BETWEEN 3968509 AND 3978508 ORDER BY c
	Sort  (cost=38641.16..38668.63 rows=10990 width=121)
	  Sort Key: c
	  ->  Bitmap Heap Scan on sbtest4  (cost=357.08..37903.51 rows=10990 width=121)
	        Recheck Cond: ((id >= 3968509) AND (id <= 3978508))
	        ->  Bitmap Index Scan on sbtest4_pkey  (cost=0.00..354.33 rows=10990 width=0)
	              Index Cond: ((id >= 3968509) AND (id <= 3978508))

table 5 : explain SELECT c FROM sbtest5 WHERE id BETWEEN 8386238 AND 8396237 ORDER BY c
	Sort  (cost=33271.29..33294.63 rows=9337 width=121)
	  Sort Key: c
	  ->  Bitmap Heap Scan on sbtest5  (cost=304.14..32655.58 rows=9337 width=121)
	        Recheck Cond: ((id >= 8386238) AND (id <= 8396237))
	        ->  Bitmap Index Scan on sbtest5_pkey  (cost=0.00..301.81 rows=9337 width=0)
	              Index Cond: ((id >= 8386238) AND (id <= 8396237))

table 6 : explain SELECT c FROM sbtest6 WHERE id BETWEEN 6255220 AND 6265219 ORDER BY c
	Sort  (cost=33230.49..33253.89 rows=9358 width=121)
	  Sort Key: c
	  ->  Bitmap Heap Scan on sbtest6  (cost=304.35..32613.24 rows=9358 width=121)
	        Recheck Cond: ((id >= 6255220) AND (id <= 6265219))
	        ->  Bitmap Index Scan on sbtest6_pkey  (cost=0.00..302.01 rows=9358 width=0)
	              Index Cond: ((id >= 6255220) AND (id <= 6265219))

table 7 : explain SELECT c FROM sbtest7 WHERE id BETWEEN 5059169 AND 5069168 ORDER BY c
	Sort  (cost=35068.30..35093.04 rows=9898 width=121)
	  Sort Key: c
	  ->  Bitmap Heap Scan on sbtest7  (cost=321.89..34411.42 rows=9898 width=121)
	        Recheck Cond: ((id >= 5059169) AND (id <= 5069168))
	        ->  Bitmap Index Scan on sbtest7_pkey  (cost=0.00..319.42 rows=9898 width=0)
	              Index Cond: ((id >= 5059169) AND (id <= 5069168))

table 8 : explain SELECT c FROM sbtest8 WHERE id BETWEEN 3120616 AND 3130615 ORDER BY c
	Sort  (cost=33675.38..33699.15 rows=9507 width=121)
	  Sort Key: c
	  ->  Bitmap Heap Scan on sbtest8  (cost=309.88..33047.22 rows=9507 width=121)
	        Recheck Cond: ((id >= 3120616) AND (id <= 3130615))
	        ->  Bitmap Index Scan on sbtest8_pkey  (cost=0.00..307.50 rows=9507 width=0)
	              Index Cond: ((id >= 3120616) AND (id <= 3130615))

for: simple_ranges
table 1 : explain SELECT c FROM sbtest1 WHERE id BETWEEN 6303037 AND 6313036
	Bitmap Heap Scan on sbtest1  (cost=305.09..32866.06 rows=9430 width=121)
	  Recheck Cond: ((id >= 6303037) AND (id <= 6313036))
	  ->  Bitmap Index Scan on sbtest1_pkey  (cost=0.00..302.74 rows=9430 width=0)
	        Index Cond: ((id >= 6303037) AND (id <= 6313036))

table 2 : explain SELECT c FROM sbtest2 WHERE id BETWEEN 524378 AND 534377
	Bitmap Heap Scan on sbtest2  (cost=305.39..32843.96 rows=9459 width=121)
	  Recheck Cond: ((id >= 524378) AND (id <= 534377))
	  ->  Bitmap Index Scan on sbtest2_pkey  (cost=0.00..303.03 rows=9459 width=0)
	        Index Cond: ((id >= 524378) AND (id <= 534377))

table 3 : explain SELECT c FROM sbtest3 WHERE id BETWEEN 9677134 AND 9687133
	Bitmap Heap Scan on sbtest3  (cost=351.28..37339.46 rows=10814 width=121)
	  Recheck Cond: ((id >= 9677134) AND (id <= 9687133))
	  ->  Bitmap Index Scan on sbtest3_pkey  (cost=0.00..348.57 rows=10814 width=0)
	        Index Cond: ((id >= 9677134) AND (id <= 9687133))

table 4 : explain SELECT c FROM sbtest4 WHERE id BETWEEN 7208952 AND 7218951
	Bitmap Heap Scan on sbtest4  (cost=316.70..34087.22 rows=9782 width=121)
	  Recheck Cond: ((id >= 7208952) AND (id <= 7218951))
	  ->  Bitmap Index Scan on sbtest4_pkey  (cost=0.00..314.25 rows=9782 width=0)
	        Index Cond: ((id >= 7208952) AND (id <= 7218951))

table 5 : explain SELECT c FROM sbtest5 WHERE id BETWEEN 4776764 AND 4786763
	Bitmap Heap Scan on sbtest5  (cost=345.70..36854.31 rows=10660 width=121)
	  Recheck Cond: ((id >= 4776764) AND (id <= 4786763))
	  ->  Bitmap Index Scan on sbtest5_pkey  (cost=0.00..343.04 rows=10660 width=0)
	        Index Cond: ((id >= 4776764) AND (id <= 4786763))

table 6 : explain SELECT c FROM sbtest6 WHERE id BETWEEN 697123 AND 707122
	Bitmap Heap Scan on sbtest6  (cost=346.25..36887.68 rows=10714 width=121)
	  Recheck Cond: ((id >= 697123) AND (id <= 707122))
	  ->  Bitmap Index Scan on sbtest6_pkey  (cost=0.00..343.57 rows=10714 width=0)
	        Index Cond: ((id >= 697123) AND (id <= 707122))

table 7 : explain SELECT c FROM sbtest7 WHERE id BETWEEN 2739931 AND 2749930
	Bitmap Heap Scan on sbtest7  (cost=299.04..32282.42 rows=9230 width=121)
	  Recheck Cond: ((id >= 2739931) AND (id <= 2749930))
	  ->  Bitmap Index Scan on sbtest7_pkey  (cost=0.00..296.74 rows=9230 width=0)
	        Index Cond: ((id >= 2739931) AND (id <= 2749930))

table 8 : explain SELECT c FROM sbtest8 WHERE id BETWEEN 596050 AND 606049
	Bitmap Heap Scan on sbtest8  (cost=334.52..35702.15 rows=10350 width=121)
	  Recheck Cond: ((id >= 596050) AND (id <= 606049))
	  ->  Bitmap Index Scan on sbtest8_pkey  (cost=0.00..331.94 rows=10350 width=0)
	        Index Cond: ((id >= 596050) AND (id <= 606049))

for: distinct_ranges
table 1 : explain SELECT DISTINCT c FROM sbtest1 WHERE id BETWEEN 7147056 AND 7157055 ORDER BY c
	Unique  (cost=34275.71..34324.06 rows=9671 width=121)
	  ->  Sort  (cost=34275.71..34299.89 rows=9671 width=121)
	        Sort Key: c
	        ->  Bitmap Heap Scan on sbtest1  (cost=315.56..33635.52 rows=9671 width=121)
	              Recheck Cond: ((id >= 7147056) AND (id <= 7157055))
	              ->  Bitmap Index Scan on sbtest1_pkey  (cost=0.00..313.15 rows=9671 width=0)
	                    Index Cond: ((id >= 7147056) AND (id <= 7157055))

table 2 : explain SELECT DISTINCT c FROM sbtest2 WHERE id BETWEEN 6332011 AND 6342010 ORDER BY c
	Unique  (cost=36754.26..36806.66 rows=10480 width=121)
	  ->  Sort  (cost=36754.26..36780.46 rows=10480 width=121)
	        Sort Key: c
	        ->  Bitmap Heap Scan on sbtest2  (cost=339.86..36054.44 rows=10480 width=121)
	              Recheck Cond: ((id >= 6332011) AND (id <= 6342010))
	              ->  Bitmap Index Scan on sbtest2_pkey  (cost=0.00..337.24 rows=10480 width=0)
	                    Index Cond: ((id >= 6332011) AND (id <= 6342010))

table 3 : explain SELECT DISTINCT c FROM sbtest3 WHERE id BETWEEN 4266982 AND 4276981 ORDER BY c
	Unique  (cost=36390.27..36441.74 rows=10295 width=121)
	  ->  Sort  (cost=36390.27..36416.00 rows=10295 width=121)
	        Sort Key: c
	        ->  Bitmap Heap Scan on sbtest3  (cost=333.96..35704.12 rows=10295 width=121)
	              Recheck Cond: ((id >= 4266982) AND (id <= 4276981))
	              ->  Bitmap Index Scan on sbtest3_pkey  (cost=0.00..331.38 rows=10295 width=0)
	                    Index Cond: ((id >= 4266982) AND (id <= 4276981))

table 4 : explain SELECT DISTINCT c FROM sbtest4 WHERE id BETWEEN 5716558 AND 5726557 ORDER BY c
	Unique  (cost=33800.00..33847.47 rows=9495 width=121)
	  ->  Sort  (cost=33800.00..33823.73 rows=9495 width=121)
	        Sort Key: c
	        ->  Bitmap Heap Scan on sbtest4  (cost=309.76..33172.71 rows=9495 width=121)
	              Recheck Cond: ((id >= 5716558) AND (id <= 5726557))
	              ->  Bitmap Index Scan on sbtest4_pkey  (cost=0.00..307.38 rows=9495 width=0)
	                    Index Cond: ((id >= 5716558) AND (id <= 5726557))

table 5 : explain SELECT DISTINCT c FROM sbtest5 WHERE id BETWEEN 6884831 AND 6894830 ORDER BY c
	Unique  (cost=34976.23..35025.52 rows=9859 width=121)
	  ->  Sort  (cost=34976.23..35000.88 rows=9859 width=121)
	        Sort Key: c
	        ->  Bitmap Heap Scan on sbtest5  (cost=321.49..34322.22 rows=9859 width=121)
	              Recheck Cond: ((id >= 6884831) AND (id <= 6894830))
	              ->  Bitmap Index Scan on sbtest5_pkey  (cost=0.00..319.03 rows=9859 width=0)
	                    Index Cond: ((id >= 6884831) AND (id <= 6894830))

table 6 : explain SELECT DISTINCT c FROM sbtest6 WHERE id BETWEEN 741174 AND 751173 ORDER BY c
	Unique  (cost=37604.83..37658.40 rows=10714 width=121)
	  ->  Sort  (cost=37604.83..37631.61 rows=10714 width=121)
	        Sort Key: c
	        ->  Bitmap Heap Scan on sbtest6  (cost=346.25..36887.68 rows=10714 width=121)
	              Recheck Cond: ((id >= 741174) AND (id <= 751173))
	              ->  Bitmap Index Scan on sbtest6_pkey  (cost=0.00..343.57 rows=10714 width=0)
	                    Index Cond: ((id >= 741174) AND (id <= 751173))

table 7 : explain SELECT DISTINCT c FROM sbtest7 WHERE id BETWEEN 4141794 AND 4151793 ORDER BY c
	Unique  (cost=34211.49..34259.67 rows=9635 width=121)
	  ->  Sort  (cost=34211.49..34235.58 rows=9635 width=121)
	        Sort Key: c
	        ->  Bitmap Heap Scan on sbtest7  (cost=311.19..33573.94 rows=9635 width=121)
	              Recheck Cond: ((id >= 4141794) AND (id <= 4151793))
	              ->  Bitmap Index Scan on sbtest7_pkey  (cost=0.00..308.79 rows=9635 width=0)
	                    Index Cond: ((id >= 4141794) AND (id <= 4151793))

table 8 : explain SELECT DISTINCT c FROM sbtest8 WHERE id BETWEEN 2177257 AND 2187256 ORDER BY c
	Unique  (cost=37618.29..37671.96 rows=10734 width=121)
	  ->  Sort  (cost=37618.29..37645.13 rows=10734 width=121)
	        Sort Key: c
	        ->  Bitmap Heap Scan on sbtest8  (cost=346.46..36899.66 rows=10734 width=121)
	              Recheck Cond: ((id >= 2177257) AND (id <= 2187256))
	              ->  Bitmap Index Scan on sbtest8_pkey  (cost=0.00..343.78 rows=10734 width=0)
	                    Index Cond: ((id >= 2177257) AND (id <= 2187256))

for: distinct_ranges
table 1 : explain SELECT DISTINCT c FROM sbtest1 WHERE id BETWEEN 9432890 AND 9442889 ORDER BY c
	Unique  (cost=34352.10..34400.57 rows=9694 width=121)
	  ->  Sort  (cost=34352.10..34376.34 rows=9694 width=121)
	        Sort Key: c
	        ->  Bitmap Heap Scan on sbtest1  (cost=315.80..33710.22 rows=9694 width=121)
	              Recheck Cond: ((id >= 9432890) AND (id <= 9442889))
	              ->  Bitmap Index Scan on sbtest1_pkey  (cost=0.00..313.38 rows=9694 width=0)
	                    Index Cond: ((id >= 9432890) AND (id <= 9442889))

table 2 : explain SELECT DISTINCT c FROM sbtest2 WHERE id BETWEEN 6300485 AND 6310484 ORDER BY c
	Unique  (cost=36754.26..36806.66 rows=10480 width=121)
	  ->  Sort  (cost=36754.26..36780.46 rows=10480 width=121)
	        Sort Key: c
	        ->  Bitmap Heap Scan on sbtest2  (cost=339.86..36054.44 rows=10480 width=121)
	              Recheck Cond: ((id >= 6300485) AND (id <= 6310484))
	              ->  Bitmap Index Scan on sbtest2_pkey  (cost=0.00..337.24 rows=10480 width=0)
	                    Index Cond: ((id >= 6300485) AND (id <= 6310484))

table 3 : explain SELECT DISTINCT c FROM sbtest3 WHERE id BETWEEN 4886610 AND 4896609 ORDER BY c
	Unique  (cost=35379.88..35429.80 rows=9983 width=121)
	  ->  Sort  (cost=35379.88..35404.84 rows=9983 width=121)
	        Sort Key: c
	        ->  Bitmap Heap Scan on sbtest3  (cost=322.76..34716.75 rows=9983 width=121)
	              Recheck Cond: ((id >= 4886610) AND (id <= 4896609))
	              ->  Bitmap Index Scan on sbtest3_pkey  (cost=0.00..320.26 rows=9983 width=0)
	                    Index Cond: ((id >= 4886610) AND (id <= 4896609))

table 4 : explain SELECT DISTINCT c FROM sbtest4 WHERE id BETWEEN 8402507 AND 8412506 ORDER BY c
	Unique  (cost=37909.31..37963.12 rows=10762 width=121)
	  ->  Sort  (cost=37909.31..37936.21 rows=10762 width=121)
	        Sort Key: c
	        ->  Bitmap Heap Scan on sbtest4  (cost=350.75..37188.59 rows=10762 width=121)
	              Recheck Cond: ((id >= 8402507) AND (id <= 8412506))
	              ->  Bitmap Index Scan on sbtest4_pkey  (cost=0.00..348.06 rows=10762 width=0)
	                    Index Cond: ((id >= 8402507) AND (id <= 8412506))

table 5 : explain SELECT DISTINCT c FROM sbtest5 WHERE id BETWEEN 7217344 AND 7227343 ORDER BY c
	Unique  (cost=39300.22..39356.23 rows=11201 width=121)
	  ->  Sort  (cost=39300.22..39328.22 rows=11201 width=121)
	        Sort Key: c
	        ->  Bitmap Heap Scan on sbtest5  (cost=363.25..38546.88 rows=11201 width=121)
	              Recheck Cond: ((id >= 7217344) AND (id <= 7227343))
	              ->  Bitmap Index Scan on sbtest5_pkey  (cost=0.00..360.44 rows=11201 width=0)
	                    Index Cond: ((id >= 7217344) AND (id <= 7227343))

table 6 : explain SELECT DISTINCT c FROM sbtest6 WHERE id BETWEEN 5150132 AND 5160131 ORDER BY c
	Unique  (cost=32397.76..32443.27 rows=9103 width=121)
	  ->  Sort  (cost=32397.76..32420.51 rows=9103 width=121)
	        Sort Key: c
	        ->  Bitmap Heap Scan on sbtest6  (cost=293.74..31799.14 rows=9103 width=121)
	              Recheck Cond: ((id >= 5150132) AND (id <= 5160131))
	              ->  Bitmap Index Scan on sbtest6_pkey  (cost=0.00..291.46 rows=9103 width=0)
	                    Index Cond: ((id >= 5150132) AND (id <= 5160131))

table 7 : explain SELECT DISTINCT c FROM sbtest7 WHERE id BETWEEN 2746437 AND 2756436 ORDER BY c
	Unique  (cost=32890.31..32936.46 rows=9230 width=121)
	  ->  Sort  (cost=32890.31..32913.38 rows=9230 width=121)
	        Sort Key: c
	        ->  Bitmap Heap Scan on sbtest7  (cost=299.04..32282.42 rows=9230 width=121)
	              Recheck Cond: ((id >= 2746437) AND (id <= 2756436))
	              ->  Bitmap Index Scan on sbtest7_pkey  (cost=0.00..296.74 rows=9230 width=0)
	                    Index Cond: ((id >= 2746437) AND (id <= 2756436))

table 8 : explain SELECT DISTINCT c FROM sbtest8 WHERE id BETWEEN 6354242 AND 6364241 ORDER BY c
	Unique  (cost=32962.19..33008.63 rows=9289 width=121)
	  ->  Sort  (cost=32962.19..32985.41 rows=9289 width=121)
	        Sort Key: c
	        ->  Bitmap Heap Scan on sbtest8  (cost=299.65..32349.98 rows=9289 width=121)
	              Recheck Cond: ((id >= 6354242) AND (id <= 6364241))
	              ->  Bitmap Index Scan on sbtest8_pkey  (cost=0.00..297.32 rows=9289 width=0)
	                    Index Cond: ((id >= 6354242) AND (id <= 6364241))

for: order_ranges
table 1 : explain SELECT c FROM sbtest1 WHERE id BETWEEN 1888967 AND 1898966 ORDER BY c
	Sort  (cost=32686.44..32709.39 rows=9183 width=121)
	  Sort Key: c
	  ->  Bitmap Heap Scan on sbtest1  (cost=298.56..32081.98 rows=9183 width=121)
	        Recheck Cond: ((id >= 1888967) AND (id <= 1898966))
	        ->  Bitmap Index Scan on sbtest1_pkey  (cost=0.00..296.26 rows=9183 width=0)
	              Index Cond: ((id >= 1888967) AND (id <= 1898966))

table 2 : explain SELECT c FROM sbtest2 WHERE id BETWEEN 3318975 AND 3328974 ORDER BY c
	Sort  (cost=35435.10..35460.27 rows=10068 width=121)
	  Sort Key: c
	  ->  Bitmap Heap Scan on sbtest2  (cost=327.63..34765.71 rows=10068 width=121)
	        Recheck Cond: ((id >= 3318975) AND (id <= 3328974))
	        ->  Bitmap Index Scan on sbtest2_pkey  (cost=0.00..325.12 rows=10068 width=0)
	              Index Cond: ((id >= 3318975) AND (id <= 3328974))

table 3 : explain SELECT c FROM sbtest3 WHERE id BETWEEN 7278845 AND 7288844 ORDER BY c
	Sort  (cost=33617.12..33640.72 rows=9443 width=121)
	  Sort Key: c
	  ->  Bitmap Heap Scan on sbtest3  (cost=305.23..32993.64 rows=9443 width=121)
	        Recheck Cond: ((id >= 7278845) AND (id <= 7288844))
	        ->  Bitmap Index Scan on sbtest3_pkey  (cost=0.00..302.87 rows=9443 width=0)
	              Index Cond: ((id >= 7278845) AND (id <= 7288844))

table 4 : explain SELECT c FROM sbtest4 WHERE id BETWEEN 1363711 AND 1373710 ORDER BY c
	Sort  (cost=37311.11..37337.55 rows=10576 width=121)
	  Sort Key: c
	  ->  Bitmap Heap Scan on sbtest4  (cost=344.84..36604.19 rows=10576 width=121)
	        Recheck Cond: ((id >= 1363711) AND (id <= 1373710))
	        ->  Bitmap Index Scan on sbtest4_pkey  (cost=0.00..342.19 rows=10576 width=0)
	              Index Cond: ((id >= 1363711) AND (id <= 1373710))

table 5 : explain SELECT c FROM sbtest5 WHERE id BETWEEN 4694244 AND 4704243 ORDER BY c
	Sort  (cost=34699.05..34723.48 rows=9774 width=121)
	  Sort Key: c
	  ->  Bitmap Heap Scan on sbtest5  (cost=316.62..34051.29 rows=9774 width=121)
	        Recheck Cond: ((id >= 4694244) AND (id <= 4704243))
	        ->  Bitmap Index Scan on sbtest5_pkey  (cost=0.00..314.18 rows=9774 width=0)
	              Index Cond: ((id >= 4694244) AND (id <= 4704243))

table 6 : explain SELECT c FROM sbtest6 WHERE id BETWEEN 7648713 AND 7658712 ORDER BY c
	Sort  (cost=35966.67..35992.18 rows=10203 width=121)
	  Sort Key: c
	  ->  Bitmap Heap Scan on sbtest6  (cost=329.02..35287.32 rows=10203 width=121)
	        Recheck Cond: ((id >= 7648713) AND (id <= 7658712))
	        ->  Bitmap Index Scan on sbtest6_pkey  (cost=0.00..326.46 rows=10203 width=0)
	              Index Cond: ((id >= 7648713) AND (id <= 7658712))

table 7 : explain SELECT c FROM sbtest7 WHERE id BETWEEN 9172823 AND 9182822 ORDER BY c
	Sort  (cost=37309.03..37335.51 rows=10591 width=121)
	  Sort Key: c
	  ->  Bitmap Heap Scan on sbtest7  (cost=344.99..36600.99 rows=10591 width=121)
	        Recheck Cond: ((id >= 9172823) AND (id <= 9182822))
	        ->  Bitmap Index Scan on sbtest7_pkey  (cost=0.00..342.34 rows=10591 width=0)
	              Index Cond: ((id >= 9172823) AND (id <= 9182822))

table 8 : explain SELECT c FROM sbtest8 WHERE id BETWEEN 3292620 AND 3302619 ORDER BY c
	Sort  (cost=37861.26..37888.28 rows=10809 width=121)
	  Sort Key: c
	  ->  Bitmap Heap Scan on sbtest8  (cost=351.23..37137.06 rows=10809 width=121)
	        Recheck Cond: ((id >= 3292620) AND (id <= 3302619))
	        ->  Bitmap Index Scan on sbtest8_pkey  (cost=0.00..348.53 rows=10809 width=0)
	              Index Cond: ((id >= 3292620) AND (id <= 3302619))

for: distinct_ranges
table 1 : explain SELECT DISTINCT c FROM sbtest1 WHERE id BETWEEN 1115258 AND 1125257 ORDER BY c
	Unique  (cost=37881.00..37934.94 rows=10789 width=121)
	  ->  Sort  (cost=37881.00..37907.97 rows=10789 width=121)
	        Sort Key: c
	        ->  Bitmap Heap Scan on sbtest1  (cost=351.02..37158.28 rows=10789 width=121)
	              Recheck Cond: ((id >= 1115258) AND (id <= 1125257))
	              ->  Bitmap Index Scan on sbtest1_pkey  (cost=0.00..348.32 rows=10789 width=0)
	                    Index Cond: ((id >= 1115258) AND (id <= 1125257))

table 2 : explain SELECT DISTINCT c FROM sbtest2 WHERE id BETWEEN 7708829 AND 7718828 ORDER BY c
	Unique  (cost=32833.46..32879.77 rows=9263 width=121)
	  ->  Sort  (cost=32833.46..32856.61 rows=9263 width=121)
	        Sort Key: c
	        ->  Bitmap Heap Scan on sbtest2  (cost=299.38..32223.15 rows=9263 width=121)
	              Recheck Cond: ((id >= 7708829) AND (id <= 7718828))
	              ->  Bitmap Index Scan on sbtest2_pkey  (cost=0.00..297.06 rows=9263 width=0)
	                    Index Cond: ((id >= 7708829) AND (id <= 7718828))

table 3 : explain SELECT DISTINCT c FROM sbtest3 WHERE id BETWEEN 7388496 AND 7398495 ORDER BY c
	Unique  (cost=32062.76..32107.60 rows=8969 width=121)
	  ->  Sort  (cost=32062.76..32085.18 rows=8969 width=121)
	        Sort Key: c
	        ->  Bitmap Heap Scan on sbtest3  (cost=292.37..31473.91 rows=8969 width=121)
	              Recheck Cond: ((id >= 7388496) AND (id <= 7398495))
	              ->  Bitmap Index Scan on sbtest3_pkey  (cost=0.00..290.12 rows=8969 width=0)
	                    Index Cond: ((id >= 7388496) AND (id <= 7398495))

table 4 : explain SELECT DISTINCT c FROM sbtest4 WHERE id BETWEEN 4182021 AND 4192020 ORDER BY c
	Unique  (cost=36867.33..36919.53 rows=10439 width=121)
	  ->  Sort  (cost=36867.33..36893.43 rows=10439 width=121)
	        Sort Key: c
	        ->  Bitmap Heap Scan on sbtest4  (cost=339.43..36170.54 rows=10439 width=121)
	              Recheck Cond: ((id >= 4182021) AND (id <= 4192020))
	              ->  Bitmap Index Scan on sbtest4_pkey  (cost=0.00..336.82 rows=10439 width=0)
	                    Index Cond: ((id >= 4182021) AND (id <= 4192020))

table 5 : explain SELECT DISTINCT c FROM sbtest5 WHERE id BETWEEN 2970385 AND 2980384 ORDER BY c
	Unique  (cost=33284.68..33331.38 rows=9341 width=121)
	  ->  Sort  (cost=33284.68..33308.03 rows=9341 width=121)
	        Sort Key: c
	        ->  Bitmap Heap Scan on sbtest5  (cost=304.18..32668.67 rows=9341 width=121)
	              Recheck Cond: ((id >= 2970385) AND (id <= 2980384))
	              ->  Bitmap Index Scan on sbtest5_pkey  (cost=0.00..301.84 rows=9341 width=0)
	                    Index Cond: ((id >= 2970385) AND (id <= 2980384))

table 6 : explain SELECT DISTINCT c FROM sbtest6 WHERE id BETWEEN 168500 AND 178499 ORDER BY c
	Unique  (cost=33310.42..33357.33 rows=9382 width=121)
	  ->  Sort  (cost=33310.42..33333.88 rows=9382 width=121)
	        Sort Key: c
	        ->  Bitmap Heap Scan on sbtest6  (cost=304.60..32691.41 rows=9382 width=121)
	              Recheck Cond: ((id >= 168500) AND (id <= 178499))
	              ->  Bitmap Index Scan on sbtest6_pkey  (cost=0.00..302.25 rows=9382 width=0)
	                    Index Cond: ((id >= 168500) AND (id <= 178499))

table 7 : explain SELECT DISTINCT c FROM sbtest7 WHERE id BETWEEN 7719512 AND 7729511 ORDER BY c
	Unique  (cost=31101.00..31144.44 rows=8687 width=121)
	  ->  Sort  (cost=31101.00..31122.72 rows=8687 width=121)
	        Sort Key: c
	        ->  Bitmap Heap Scan on sbtest7  (cost=281.48..30532.67 rows=8687 width=121)
	              Recheck Cond: ((id >= 7719512) AND (id <= 7729511))
	              ->  Bitmap Index Scan on sbtest7_pkey  (cost=0.00..279.31 rows=8687 width=0)
	                    Index Cond: ((id >= 7719512) AND (id <= 7729511))

table 8 : explain SELECT DISTINCT c FROM sbtest8 WHERE id BETWEEN 4192173 AND 4202172 ORDER BY c
	Unique  (cost=33305.72..33352.69 rows=9394 width=121)
	  ->  Sort  (cost=33305.72..33329.21 rows=9394 width=121)
	        Sort Key: c
	        ->  Bitmap Heap Scan on sbtest8  (cost=304.72..32685.83 rows=9394 width=121)
	              Recheck Cond: ((id >= 4192173) AND (id <= 4202172))
	              ->  Bitmap Index Scan on sbtest8_pkey  (cost=0.00..302.38 rows=9394 width=0)
	                    Index Cond: ((id >= 4192173) AND (id <= 4202172))

for: sum_ranges
table 1 : explain SELECT SUM(k) FROM sbtest1 WHERE id BETWEEN 6446795 AND 6456794
	Aggregate  (cost=34750.80..34750.81 rows=1 width=8)
	  ->  Bitmap Heap Scan on sbtest1  (cost=323.10..34725.76 rows=10016 width=4)
	        Recheck Cond: ((id >= 6446795) AND (id <= 6456794))
	        ->  Bitmap Index Scan on sbtest1_pkey  (cost=0.00..320.59 rows=10016 width=0)
	              Index Cond: ((id >= 6446795) AND (id <= 6456794))

table 2 : explain SELECT SUM(k) FROM sbtest2 WHERE id BETWEEN 1346270 AND 1356269
	Aggregate  (cost=33361.12..33361.13 rows=1 width=8)
	  ->  Bitmap Heap Scan on sbtest2  (cost=310.99..33337.08 rows=9615 width=4)
	        Recheck Cond: ((id >= 1346270) AND (id <= 1356269))
	        ->  Bitmap Index Scan on sbtest2_pkey  (cost=0.00..308.58 rows=9615 width=0)
	              Index Cond: ((id >= 1346270) AND (id <= 1356269))

table 3 : explain SELECT SUM(k) FROM sbtest3 WHERE id BETWEEN 907782 AND 917781
	Aggregate  (cost=35642.37..35642.38 rows=1 width=8)
	  ->  Bitmap Heap Scan on sbtest3  (cost=333.67..35616.70 rows=10267 width=4)
	        Recheck Cond: ((id >= 907782) AND (id <= 917781))
	        ->  Bitmap Index Scan on sbtest3_pkey  (cost=0.00..331.11 rows=10267 width=0)
	              Index Cond: ((id >= 907782) AND (id <= 917781))

table 4 : explain SELECT SUM(k) FROM sbtest4 WHERE id BETWEEN 2726712 AND 2736711
	Aggregate  (cost=33915.97..33915.98 rows=1 width=8)
	  ->  Bitmap Heap Scan on sbtest4  (cost=316.06..33891.67 rows=9720 width=4)
	        Recheck Cond: ((id >= 2726712) AND (id <= 2736711))
	        ->  Bitmap Index Scan on sbtest4_pkey  (cost=0.00..313.63 rows=9720 width=0)
	              Index Cond: ((id >= 2726712) AND (id <= 2736711))

table 5 : explain SELECT SUM(k) FROM sbtest5 WHERE id BETWEEN 2143071 AND 2153070
	Aggregate  (cost=35948.82..35948.83 rows=1 width=8)
	  ->  Bitmap Heap Scan on sbtest5  (cost=334.68..35922.91 rows=10365 width=4)
	        Recheck Cond: ((id >= 2143071) AND (id <= 2153070))
	        ->  Bitmap Index Scan on sbtest5_pkey  (cost=0.00..332.08 rows=10365 width=0)
	              Index Cond: ((id >= 2143071) AND (id <= 2153070))

table 6 : explain SELECT SUM(k) FROM sbtest6 WHERE id BETWEEN 2529204 AND 2539203
	Aggregate  (cost=33952.19..33952.20 rows=1 width=8)
	  ->  Bitmap Heap Scan on sbtest6  (cost=316.60..33927.76 rows=9772 width=4)
	        Recheck Cond: ((id >= 2529204) AND (id <= 2539203))
	        ->  Bitmap Index Scan on sbtest6_pkey  (cost=0.00..314.16 rows=9772 width=0)
	              Index Cond: ((id >= 2529204) AND (id <= 2539203))

table 7 : explain SELECT SUM(k) FROM sbtest7 WHERE id BETWEEN 3237041 AND 3247040
	Aggregate  (cost=36627.47..36627.48 rows=1 width=8)
	  ->  Bitmap Heap Scan on sbtest7  (cost=344.99..36600.99 rows=10591 width=4)
	        Recheck Cond: ((id >= 3237041) AND (id <= 3247040))
	        ->  Bitmap Index Scan on sbtest7_pkey  (cost=0.00..342.34 rows=10591 width=0)
	              Index Cond: ((id >= 3237041) AND (id <= 3247040))

table 8 : explain SELECT SUM(k) FROM sbtest8 WHERE id BETWEEN 6832149 AND 6842148
	Aggregate  (cost=33766.17..33766.18 rows=1 width=8)
	  ->  Bitmap Heap Scan on sbtest8  (cost=316.14..33741.85 rows=9727 width=4)
	        Recheck Cond: ((id >= 6832149) AND (id <= 6842148))
	        ->  Bitmap Index Scan on sbtest8_pkey  (cost=0.00..313.70 rows=9727 width=0)
	              Index Cond: ((id >= 6832149) AND (id <= 6842148))

for: distinct_ranges
table 1 : explain SELECT DISTINCT c FROM sbtest1 WHERE id BETWEEN 491294 AND 501293 ORDER BY c
	Unique  (cost=35934.61..35985.53 rows=10184 width=121)
	  ->  Sort  (cost=35934.61..35960.07 rows=10184 width=121)
	        Sort Key: c
	        ->  Bitmap Heap Scan on sbtest1  (cost=328.82..35256.66 rows=10184 width=121)
	              Recheck Cond: ((id >= 491294) AND (id <= 501293))
	              ->  Bitmap Index Scan on sbtest1_pkey  (cost=0.00..326.28 rows=10184 width=0)
	                    Index Cond: ((id >= 491294) AND (id <= 501293))

table 2 : explain SELECT DISTINCT c FROM sbtest2 WHERE id BETWEEN 1965063 AND 1975062 ORDER BY c
	Unique  (cost=37940.01..37994.28 rows=10853 width=121)
	  ->  Sort  (cost=37940.01..37967.15 rows=10853 width=121)
	        Sort Key: c
	        ->  Bitmap Heap Scan on sbtest2  (cost=351.68..37212.55 rows=10853 width=121)
	              Recheck Cond: ((id >= 1965063) AND (id <= 1975062))
	              ->  Bitmap Index Scan on sbtest2_pkey  (cost=0.00..348.96 rows=10853 width=0)
	                    Index Cond: ((id >= 1965063) AND (id <= 1975062))

table 3 : explain SELECT DISTINCT c FROM sbtest3 WHERE id BETWEEN 9078063 AND 9088062 ORDER BY c
	Unique  (cost=38241.90..38296.25 rows=10870 width=121)
	  ->  Sort  (cost=38241.90..38269.07 rows=10870 width=121)
	        Sort Key: c
	        ->  Bitmap Heap Scan on sbtest3  (cost=351.85..37513.17 rows=10870 width=121)
	              Recheck Cond: ((id >= 9078063) AND (id <= 9088062))
	              ->  Bitmap Index Scan on sbtest3_pkey  (cost=0.00..349.13 rows=10870 width=0)
	                    Index Cond: ((id >= 9078063) AND (id <= 9088062))

table 4 : explain SELECT DISTINCT c FROM sbtest4 WHERE id BETWEEN 6291579 AND 6301578 ORDER BY c
	Unique  (cost=33313.99..33360.73 rows=9347 width=121)
	  ->  Sort  (cost=33313.99..33337.36 rows=9347 width=121)
	        Sort Key: c
	        ->  Bitmap Heap Scan on sbtest4  (cost=304.24..32697.54 rows=9347 width=121)
	              Recheck Cond: ((id >= 6291579) AND (id <= 6301578))
	              ->  Bitmap Index Scan on sbtest4_pkey  (cost=0.00..301.91 rows=9347 width=0)
	                    Index Cond: ((id >= 6291579) AND (id <= 6301578))

table 5 : explain SELECT DISTINCT c FROM sbtest5 WHERE id BETWEEN 1055091 AND 1065090 ORDER BY c
	Unique  (cost=34828.97..34878.04 rows=9814 width=121)
	  ->  Sort  (cost=34828.97..34853.50 rows=9814 width=121)
	        Sort Key: c
	        ->  Bitmap Heap Scan on sbtest5  (cost=317.03..34178.27 rows=9814 width=121)
	              Recheck Cond: ((id >= 1055091) AND (id <= 1065090))
	              ->  Bitmap Index Scan on sbtest5_pkey  (cost=0.00..314.57 rows=9814 width=0)
	                    Index Cond: ((id >= 1055091) AND (id <= 1065090))

table 6 : explain SELECT DISTINCT c FROM sbtest6 WHERE id BETWEEN 6589961 AND 6599960 ORDER BY c
	Unique  (cost=32836.12..32882.31 rows=9237 width=121)
	  ->  Sort  (cost=32836.12..32859.21 rows=9237 width=121)
	        Sort Key: c
	        ->  Bitmap Heap Scan on sbtest6  (cost=299.11..32227.72 rows=9237 width=121)
	              Recheck Cond: ((id >= 6589961) AND (id <= 6599960))
	              ->  Bitmap Index Scan on sbtest6_pkey  (cost=0.00..296.81 rows=9237 width=0)
	                    Index Cond: ((id >= 6589961) AND (id <= 6599960))

table 7 : explain SELECT DISTINCT c FROM sbtest7 WHERE id BETWEEN 9155275 AND 9165274 ORDER BY c
	Unique  (cost=37309.03..37361.99 rows=10591 width=121)
	  ->  Sort  (cost=37309.03..37335.51 rows=10591 width=121)
	        Sort Key: c
	        ->  Bitmap Heap Scan on sbtest7  (cost=344.99..36600.99 rows=10591 width=121)
	              Recheck Cond: ((id >= 9155275) AND (id <= 9165274))
	              ->  Bitmap Index Scan on sbtest7_pkey  (cost=0.00..342.34 rows=10591 width=0)
	                    Index Cond: ((id >= 9155275) AND (id <= 9165274))

table 8 : explain SELECT DISTINCT c FROM sbtest8 WHERE id BETWEEN 762165 AND 772164 ORDER BY c
	Unique  (cost=35587.76..35638.25 rows=10099 width=121)
	  ->  Sort  (cost=35587.76..35613.01 rows=10099 width=121)
	        Sort Key: c
	        ->  Bitmap Heap Scan on sbtest8  (cost=327.95..34916.08 rows=10099 width=121)
	              Recheck Cond: ((id >= 762165) AND (id <= 772164))
	              ->  Bitmap Index Scan on sbtest8_pkey  (cost=0.00..325.43 rows=10099 width=0)
	                    Index Cond: ((id >= 762165) AND (id <= 772164))

for: distinct_ranges
table 1 : explain SELECT DISTINCT c FROM sbtest1 WHERE id BETWEEN 6224017 AND 6234016 ORDER BY c
	Unique  (cost=34831.10..34880.31 rows=9842 width=121)
	  ->  Sort  (cost=34831.10..34855.70 rows=9842 width=121)
	        Sort Key: c
	        ->  Bitmap Heap Scan on sbtest1  (cost=321.32..34178.34 rows=9842 width=121)
	              Recheck Cond: ((id >= 6224017) AND (id <= 6234016))
	              ->  Bitmap Index Scan on sbtest1_pkey  (cost=0.00..318.86 rows=9842 width=0)
	                    Index Cond: ((id >= 6224017) AND (id <= 6234016))

table 2 : explain SELECT DISTINCT c FROM sbtest2 WHERE id BETWEEN 8774631 AND 8784630 ORDER BY c
	Unique  (cost=37210.33..37263.44 rows=10623 width=121)
	  ->  Sort  (cost=37210.33..37236.89 rows=10623 width=121)
	        Sort Key: c
	        ->  Bitmap Heap Scan on sbtest2  (cost=345.32..36499.92 rows=10623 width=121)
	              Recheck Cond: ((id >= 8774631) AND (id <= 8784630))
	              ->  Bitmap Index Scan on sbtest2_pkey  (cost=0.00..342.67 rows=10623 width=0)
	                    Index Cond: ((id >= 8774631) AND (id <= 8784630))

table 3 : explain SELECT DISTINCT c FROM sbtest3 WHERE id BETWEEN 6592415 AND 6602414 ORDER BY c
	Unique  (cost=35835.77..35886.39 rows=10124 width=121)
	  ->  Sort  (cost=35835.77..35861.08 rows=10124 width=121)
	        Sort Key: c
	        ->  Bitmap Heap Scan on sbtest3  (cost=328.21..35162.25 rows=10124 width=121)
	              Recheck Cond: ((id >= 6592415) AND (id <= 6602414))
	              ->  Bitmap Index Scan on sbtest3_pkey  (cost=0.00..325.68 rows=10124 width=0)
	                    Index Cond: ((id >= 6592415) AND (id <= 6602414))

table 4 : explain SELECT DISTINCT c FROM sbtest4 WHERE id BETWEEN 3536513 AND 3546512 ORDER BY c
	Unique  (cost=36731.55..36783.53 rows=10396 width=121)
	  ->  Sort  (cost=36731.55..36757.54 rows=10396 width=121)
	        Sort Key: c
	        ->  Bitmap Heap Scan on sbtest4  (cost=338.99..36037.94 rows=10396 width=121)
	              Recheck Cond: ((id >= 3536513) AND (id <= 3546512))
	              ->  Bitmap Index Scan on sbtest4_pkey  (cost=0.00..336.40 rows=10396 width=0)
	                    Index Cond: ((id >= 3536513) AND (id <= 3546512))

table 5 : explain SELECT DISTINCT c FROM sbtest5 WHERE id BETWEEN 3548577 AND 3558576 ORDER BY c
	Unique  (cost=37445.37..37498.48 rows=10622 width=121)
	  ->  Sort  (cost=37445.37..37471.92 rows=10622 width=121)
	        Sort Key: c
	        ->  Bitmap Heap Scan on sbtest5  (cost=345.31..36735.03 rows=10622 width=121)
	              Recheck Cond: ((id >= 3548577) AND (id <= 3558576))
	              ->  Bitmap Index Scan on sbtest5_pkey  (cost=0.00..342.66 rows=10622 width=0)
	                    Index Cond: ((id >= 3548577) AND (id <= 3558576))

table 6 : explain SELECT DISTINCT c FROM sbtest6 WHERE id BETWEEN 6021521 AND 6031520 ORDER BY c
	Unique  (cost=34299.83..34348.26 rows=9686 width=121)
	  ->  Sort  (cost=34299.83..34324.05 rows=9686 width=121)
	        Sort Key: c
	        ->  Bitmap Heap Scan on sbtest6  (cost=315.72..33658.54 rows=9686 width=121)
	              Recheck Cond: ((id >= 6021521) AND (id <= 6031520))
	              ->  Bitmap Index Scan on sbtest6_pkey  (cost=0.00..313.30 rows=9686 width=0)
	                    Index Cond: ((id >= 6021521) AND (id <= 6031520))

table 7 : explain SELECT DISTINCT c FROM sbtest7 WHERE id BETWEEN 5575446 AND 5585445 ORDER BY c
	Unique  (cost=36329.77..36381.20 rows=10287 width=121)
	  ->  Sort  (cost=36329.77..36355.48 rows=10287 width=121)
	        Sort Key: c
	        ->  Bitmap Heap Scan on sbtest7  (cost=333.88..35644.21 rows=10287 width=121)
	              Recheck Cond: ((id >= 5575446) AND (id <= 5585445))
	              ->  Bitmap Index Scan on sbtest7_pkey  (cost=0.00..331.31 rows=10287 width=0)
	                    Index Cond: ((id >= 5575446) AND (id <= 5585445))

table 8 : explain SELECT DISTINCT c FROM sbtest8 WHERE id BETWEEN 4583563 AND 4593562 ORDER BY c
	Unique  (cost=36336.48..36388.14 rows=10333 width=121)
	  ->  Sort  (cost=36336.48..36362.31 rows=10333 width=121)
	        Sort Key: c
	        ->  Bitmap Heap Scan on sbtest8  (cost=334.35..35647.53 rows=10333 width=121)
	              Recheck Cond: ((id >= 4583563) AND (id <= 4593562))
	              ->  Bitmap Index Scan on sbtest8_pkey  (cost=0.00..331.76 rows=10333 width=0)
	                    Index Cond: ((id >= 4583563) AND (id <= 4593562))

for: order_ranges
table 1 : explain SELECT c FROM sbtest1 WHERE id BETWEEN 717664 AND 727663 ORDER BY c
	Sort  (cost=37005.02..37031.32 rows=10517 width=121)
	  Sort Key: c
	  ->  Bitmap Heap Scan on sbtest1  (cost=340.23..36302.46 rows=10517 width=121)
	        Recheck Cond: ((id >= 717664) AND (id <= 727663))
	        ->  Bitmap Index Scan on sbtest1_pkey  (cost=0.00..337.61 rows=10517 width=0)
	              Index Cond: ((id >= 717664) AND (id <= 727663))

table 2 : explain SELECT c FROM sbtest2 WHERE id BETWEEN 2112908 AND 2122907 ORDER BY c
	Sort  (cost=32340.85..32363.63 rows=9111 width=121)
	  Sort Key: c
	  ->  Bitmap Heap Scan on sbtest2  (cost=297.82..31741.65 rows=9111 width=121)
	        Recheck Cond: ((id >= 2112908) AND (id <= 2122907))
	        ->  Bitmap Index Scan on sbtest2_pkey  (cost=0.00..295.55 rows=9111 width=0)
	              Index Cond: ((id >= 2112908) AND (id <= 2122907))

table 3 : explain SELECT c FROM sbtest3 WHERE id BETWEEN 8945402 AND 8955401 ORDER BY c
	Sort  (cost=37915.70..37942.61 rows=10767 width=121)
	  Sort Key: c
	  ->  Bitmap Heap Scan on sbtest3  (cost=350.80..37194.61 rows=10767 width=121)
	        Recheck Cond: ((id >= 8945402) AND (id <= 8955401))
	        ->  Bitmap Index Scan on sbtest3_pkey  (cost=0.00..348.11 rows=10767 width=0)
	              Index Cond: ((id >= 8945402) AND (id <= 8955401))

table 4 : explain SELECT c FROM sbtest4 WHERE id BETWEEN 8240485 AND 8250484 ORDER BY c
	Sort  (cost=36611.66..36637.56 rows=10360 width=121)
	  Sort Key: c
	  ->  Bitmap Heap Scan on sbtest4  (cost=334.62..35920.71 rows=10360 width=121)
	        Recheck Cond: ((id >= 8240485) AND (id <= 8250484))
	        ->  Bitmap Index Scan on sbtest4_pkey  (cost=0.00..332.04 rows=10360 width=0)
	              Index Cond: ((id >= 8240485) AND (id <= 8250484))

table 5 : explain SELECT c FROM sbtest5 WHERE id BETWEEN 6792009 AND 6802008 ORDER BY c
	Sort  (cost=33612.70..33636.30 rows=9442 width=121)
	  Sort Key: c
	  ->  Bitmap Heap Scan on sbtest5  (cost=305.22..32989.30 rows=9442 width=121)
	        Recheck Cond: ((id >= 6792009) AND (id <= 6802008))
	        ->  Bitmap Index Scan on sbtest5_pkey  (cost=0.00..302.86 rows=9442 width=0)
	              Index Cond: ((id >= 6792009) AND (id <= 6802008))

table 6 : explain SELECT c FROM sbtest6 WHERE id BETWEEN 2444185 AND 2454184 ORDER BY c
	Sort  (cost=35202.40..35227.31 rows=9966 width=121)
	  Sort Key: c
	  ->  Bitmap Heap Scan on sbtest6  (cost=322.59..34540.51 rows=9966 width=121)
	        Recheck Cond: ((id >= 2444185) AND (id <= 2454184))
	        ->  Bitmap Index Scan on sbtest6_pkey  (cost=0.00..320.09 rows=9966 width=0)
	              Index Cond: ((id >= 2444185) AND (id <= 2454184))

table 7 : explain SELECT c FROM sbtest7 WHERE id BETWEEN 8952383 AND 8962382 ORDER BY c
	Sort  (cost=36574.59..36600.50 rows=10364 width=121)
	  Sort Key: c
	  ->  Bitmap Heap Scan on sbtest7  (cost=334.67..35883.35 rows=10364 width=121)
	        Recheck Cond: ((id >= 8952383) AND (id <= 8962382))
	        ->  Bitmap Index Scan on sbtest7_pkey  (cost=0.00..332.07 rows=10364 width=0)
	              Index Cond: ((id >= 8952383) AND (id <= 8962382))

table 8 : explain SELECT c FROM sbtest8 WHERE id BETWEEN 7909745 AND 7919744 ORDER BY c
	Sort  (cost=33834.86..33858.75 rows=9557 width=121)
	  Sort Key: c
	  ->  Bitmap Heap Scan on sbtest8  (cost=310.39..33203.03 rows=9557 width=121)
	        Recheck Cond: ((id >= 7909745) AND (id <= 7919744))
	        ->  Bitmap Index Scan on sbtest8_pkey  (cost=0.00..308.00 rows=9557 width=0)
	              Index Cond: ((id >= 7909745) AND (id <= 7919744))

for: sum_ranges
table 1 : explain SELECT SUM(k) FROM sbtest1 WHERE id BETWEEN 2289880 AND 2299879
	Aggregate  (cost=35107.53..35107.54 rows=1 width=8)
	  ->  Bitmap Heap Scan on sbtest1  (cost=328.25..35082.21 rows=10128 width=4)
	        Recheck Cond: ((id >= 2289880) AND (id <= 2299879))
	        ->  Bitmap Index Scan on sbtest1_pkey  (cost=0.00..325.71 rows=10128 width=0)
	              Index Cond: ((id >= 2289880) AND (id <= 2299879))

table 2 : explain SELECT SUM(k) FROM sbtest2 WHERE id BETWEEN 76423 AND 86422
	Aggregate  (cost=37820.45..37820.46 rows=1 width=8)
	  ->  Bitmap Heap Scan on sbtest2  (cost=357.59..37792.85 rows=11040 width=4)
	        Recheck Cond: ((id >= 76423) AND (id <= 86422))
	        ->  Bitmap Index Scan on sbtest2_pkey  (cost=0.00..354.83 rows=11040 width=0)
	              Index Cond: ((id >= 76423) AND (id <= 86422))

table 3 : explain SELECT SUM(k) FROM sbtest3 WHERE id BETWEEN 2970283 AND 2980282
	Aggregate  (cost=34845.73..34845.74 rows=1 width=8)
	  ->  Bitmap Heap Scan on sbtest3  (cost=323.10..34820.69 rows=10016 width=4)
	        Recheck Cond: ((id >= 2970283) AND (id <= 2980282))
	        ->  Bitmap Index Scan on sbtest3_pkey  (cost=0.00..320.59 rows=10016 width=0)
	              Index Cond: ((id >= 2970283) AND (id <= 2980282))

table 4 : explain SELECT SUM(k) FROM sbtest4 WHERE id BETWEEN 6470867 AND 6480866
	Aggregate  (cost=33458.04..33458.05 rows=1 width=8)
	  ->  Bitmap Heap Scan on sbtest4  (cost=310.60..33434.10 rows=9577 width=4)
	        Recheck Cond: ((id >= 6470867) AND (id <= 6480866))
	        ->  Bitmap Index Scan on sbtest4_pkey  (cost=0.00..308.20 rows=9577 width=0)
	              Index Cond: ((id >= 6470867) AND (id <= 6480866))

table 5 : explain SELECT SUM(k) FROM sbtest5 WHERE id BETWEEN 3427767 AND 3437766
	Aggregate  (cost=36392.66..36392.67 rows=1 width=8)
	  ->  Bitmap Heap Scan on sbtest5  (cost=340.11..36366.40 rows=10505 width=4)
	        Recheck Cond: ((id >= 3427767) AND (id <= 3437766))
	        ->  Bitmap Index Scan on sbtest5_pkey  (cost=0.00..337.49 rows=10505 width=0)
	              Index Cond: ((id >= 3427767) AND (id <= 3437766))

table 6 : explain SELECT SUM(k) FROM sbtest6 WHERE id BETWEEN 850358 AND 860357
	Aggregate  (cost=34626.91..34626.92 rows=1 width=8)
	  ->  Bitmap Heap Scan on sbtest6  (cost=322.78..34601.94 rows=9985 width=4)
	        Recheck Cond: ((id >= 850358) AND (id <= 860357))
	        ->  Bitmap Index Scan on sbtest6_pkey  (cost=0.00..320.29 rows=9985 width=0)
	              Index Cond: ((id >= 850358) AND (id <= 860357))

table 7 : explain SELECT SUM(k) FROM sbtest7 WHERE id BETWEEN 8714123 AND 8724122
	Aggregate  (cost=32423.42..32423.43 rows=1 width=8)
	  ->  Bitmap Heap Scan on sbtest7  (cost=299.42..32400.25 rows=9267 width=4)
	        Recheck Cond: ((id >= 8714123) AND (id <= 8724122))
	        ->  Bitmap Index Scan on sbtest7_pkey  (cost=0.00..297.11 rows=9267 width=0)
	              Index Cond: ((id >= 8714123) AND (id <= 8724122))

table 8 : explain SELECT SUM(k) FROM sbtest8 WHERE id BETWEEN 7493049 AND 7503048
	Aggregate  (cost=33398.95..33398.96 rows=1 width=8)
	  ->  Bitmap Heap Scan on sbtest8  (cost=310.95..33374.93 rows=9611 width=4)
	        Recheck Cond: ((id >= 7493049) AND (id <= 7503048))
	        ->  Bitmap Index Scan on sbtest8_pkey  (cost=0.00..308.55 rows=9611 width=0)
	              Index Cond: ((id >= 7493049) AND (id <= 7503048))

explain: for point_selects :: explain SELECT c FROM sbtest%u WHERE id=%u
for: distinct_ranges
table 1 : explain SELECT DISTINCT c FROM sbtest1 WHERE id BETWEEN 5748613 AND 5758612 ORDER BY c
	Unique  (cost=38488.53..38543.43 rows=10980 width=121)
	  ->  Sort  (cost=38488.53..38515.98 rows=10980 width=121)
	        Sort Key: c
	        ->  Bitmap Heap Scan on sbtest1  (cost=356.98..37751.63 rows=10980 width=121)
	              Recheck Cond: ((id >= 5748613) AND (id <= 5758612))
	              ->  Bitmap Index Scan on sbtest1_pkey  (cost=0.00..354.24 rows=10980 width=0)
	                    Index Cond: ((id >= 5748613) AND (id <= 5758612))

table 2 : explain SELECT DISTINCT c FROM sbtest2 WHERE id BETWEEN 6376176 AND 6386175 ORDER BY c
	Unique  (cost=36754.26..36806.66 rows=10480 width=121)
	  ->  Sort  (cost=36754.26..36780.46 rows=10480 width=121)
	        Sort Key: c
	        ->  Bitmap Heap Scan on sbtest2  (cost=339.86..36054.44 rows=10480 width=121)
	              Recheck Cond: ((id >= 6376176) AND (id <= 6386175))
	              ->  Bitmap Index Scan on sbtest2_pkey  (cost=0.00..337.24 rows=10480 width=0)
	                    Index Cond: ((id >= 6376176) AND (id <= 6386175))

table 3 : explain SELECT DISTINCT c FROM sbtest3 WHERE id BETWEEN 9641248 AND 9651247 ORDER BY c
	Unique  (cost=38064.03..38118.10 rows=10814 width=121)
	  ->  Sort  (cost=38064.03..38091.07 rows=10814 width=121)
	        Sort Key: c
	        ->  Bitmap Heap Scan on sbtest3  (cost=351.28..37339.46 rows=10814 width=121)
	              Recheck Cond: ((id >= 9641248) AND (id <= 9651247))
	              ->  Bitmap Index Scan on sbtest3_pkey  (cost=0.00..348.57 rows=10814 width=0)
	                    Index Cond: ((id >= 9641248) AND (id <= 9651247))

table 4 : explain SELECT DISTINCT c FROM sbtest4 WHERE id BETWEEN 7575088 AND 7585087 ORDER BY c
	Unique  (cost=38004.93..38058.89 rows=10792 width=121)
	  ->  Sort  (cost=38004.93..38031.91 rows=10792 width=121)
	        Sort Key: c
	        ->  Bitmap Heap Scan on sbtest4  (cost=351.05..37281.99 rows=10792 width=121)
	              Recheck Cond: ((id >= 7575088) AND (id <= 7585087))
	              ->  Bitmap Index Scan on sbtest4_pkey  (cost=0.00..348.36 rows=10792 width=0)
	                    Index Cond: ((id >= 7575088) AND (id <= 7585087))

table 5 : explain SELECT DISTINCT c FROM sbtest5 WHERE id BETWEEN 4098485 AND 4108484 ORDER BY c
	Unique  (cost=35471.80..35521.86 rows=10012 width=121)
	  ->  Sort  (cost=35471.80..35496.83 rows=10012 width=121)
	        Sort Key: c
	        ->  Bitmap Heap Scan on sbtest5  (cost=323.06..34806.53 rows=10012 width=121)
	              Recheck Cond: ((id >= 4098485) AND (id <= 4108484))
	              ->  Bitmap Index Scan on sbtest5_pkey  (cost=0.00..320.56 rows=10012 width=0)
	                    Index Cond: ((id >= 4098485) AND (id <= 4108484))

table 6 : explain SELECT DISTINCT c FROM sbtest6 WHERE id BETWEEN 6066124 AND 6076123 ORDER BY c
	Unique  (cost=32431.26..32476.83 rows=9114 width=121)
	  ->  Sort  (cost=32431.26..32454.05 rows=9114 width=121)
	        Sort Key: c
	        ->  Bitmap Heap Scan on sbtest6  (cost=293.85..31831.84 rows=9114 width=121)
	              Recheck Cond: ((id >= 6066124) AND (id <= 6076123))
	              ->  Bitmap Index Scan on sbtest6_pkey  (cost=0.00..291.57 rows=9114 width=0)
	                    Index Cond: ((id >= 6066124) AND (id <= 6076123))

table 7 : explain SELECT DISTINCT c FROM sbtest7 WHERE id BETWEEN 9257422 AND 9267421 ORDER BY c
	Unique  (cost=34921.96..34971.22 rows=9852 width=121)
	  ->  Sort  (cost=34921.96..34946.59 rows=9852 width=121)
	        Sort Key: c
	        ->  Bitmap Heap Scan on sbtest7  (cost=321.42..34268.47 rows=9852 width=121)
	              Recheck Cond: ((id >= 9257422) AND (id <= 9267421))
	              ->  Bitmap Index Scan on sbtest7_pkey  (cost=0.00..318.95 rows=9852 width=0)
	                    Index Cond: ((id >= 9257422) AND (id <= 9267421))

table 8 : explain SELECT DISTINCT c FROM sbtest8 WHERE id BETWEEN 447300 AND 457299 ORDER BY c
	Unique  (cost=32040.64..32085.67 rows=9006 width=121)
	  ->  Sort  (cost=32040.64..32063.16 rows=9006 width=121)
	        Sort Key: c
	        ->  Bitmap Heap Scan on sbtest8  (cost=292.75..31449.10 rows=9006 width=121)
	              Recheck Cond: ((id >= 447300) AND (id <= 457299))
	              ->  Bitmap Index Scan on sbtest8_pkey  (cost=0.00..290.50 rows=9006 width=0)
	                    Index Cond: ((id >= 447300) AND (id <= 457299))

for: distinct_ranges
table 1 : explain SELECT DISTINCT c FROM sbtest1 WHERE id BETWEEN 766628 AND 776627 ORDER BY c
	Unique  (cost=37005.02..37057.61 rows=10517 width=121)
	  ->  Sort  (cost=37005.02..37031.32 rows=10517 width=121)
	        Sort Key: c
	        ->  Bitmap Heap Scan on sbtest1  (cost=340.23..36302.46 rows=10517 width=121)
	              Recheck Cond: ((id >= 766628) AND (id <= 776627))
	              ->  Bitmap Index Scan on sbtest1_pkey  (cost=0.00..337.61 rows=10517 width=0)
	                    Index Cond: ((id >= 766628) AND (id <= 776627))

table 2 : explain SELECT DISTINCT c FROM sbtest2 WHERE id BETWEEN 6341380 AND 6351379 ORDER BY c
	Unique  (cost=36754.26..36806.66 rows=10480 width=121)
	  ->  Sort  (cost=36754.26..36780.46 rows=10480 width=121)
	        Sort Key: c
	        ->  Bitmap Heap Scan on sbtest2  (cost=339.86..36054.44 rows=10480 width=121)
	              Recheck Cond: ((id >= 6341380) AND (id <= 6351379))
	              ->  Bitmap Index Scan on sbtest2_pkey  (cost=0.00..337.24 rows=10480 width=0)
	                    Index Cond: ((id >= 6341380) AND (id <= 6351379))

table 3 : explain SELECT DISTINCT c FROM sbtest3 WHERE id BETWEEN 1968973 AND 1978972 ORDER BY c
	Unique  (cost=36340.51..36391.91 rows=10279 width=121)
	  ->  Sort  (cost=36340.51..36366.21 rows=10279 width=121)
	        Sort Key: c
	        ->  Bitmap Heap Scan on sbtest3  (cost=333.79..35655.55 rows=10279 width=121)
	              Recheck Cond: ((id >= 1968973) AND (id <= 1978972))
	              ->  Bitmap Index Scan on sbtest3_pkey  (cost=0.00..331.23 rows=10279 width=0)
	                    Index Cond: ((id >= 1968973) AND (id <= 1978972))

table 4 : explain SELECT DISTINCT c FROM sbtest4 WHERE id BETWEEN 5210148 AND 5220147 ORDER BY c
	Unique  (cost=34645.53..34694.30 rows=9754 width=121)
	  ->  Sort  (cost=34645.53..34669.91 rows=9754 width=121)
	        Sort Key: c
	        ->  Bitmap Heap Scan on sbtest4  (cost=316.41..33999.24 rows=9754 width=121)
	              Recheck Cond: ((id >= 5210148) AND (id <= 5220147))
	              ->  Bitmap Index Scan on sbtest4_pkey  (cost=0.00..313.98 rows=9754 width=0)
	                    Index Cond: ((id >= 5210148) AND (id <= 5220147))

table 5 : explain SELECT DISTINCT c FROM sbtest5 WHERE id BETWEEN 557138 AND 567137 ORDER BY c
	Unique  (cost=36276.39..36327.69 rows=10260 width=121)
	  ->  Sort  (cost=36276.39..36302.04 rows=10260 width=121)
	        Sort Key: c
	        ->  Bitmap Heap Scan on sbtest5  (cost=333.60..35592.83 rows=10260 width=121)
	              Recheck Cond: ((id >= 557138) AND (id <= 567137))
	              ->  Bitmap Index Scan on sbtest5_pkey  (cost=0.00..331.04 rows=10260 width=0)
	                    Index Cond: ((id >= 557138) AND (id <= 567137))

table 6 : explain SELECT DISTINCT c FROM sbtest6 WHERE id BETWEEN 2356581 AND 2366580 ORDER BY c
	Unique  (cost=33377.11..33424.12 rows=9403 width=121)
	  ->  Sort  (cost=33377.11..33400.62 rows=9403 width=121)
	        Sort Key: c
	        ->  Bitmap Heap Scan on sbtest6  (cost=304.82..32756.56 rows=9403 width=121)
	              Recheck Cond: ((id >= 2356581) AND (id <= 2366580))
	              ->  Bitmap Index Scan on sbtest6_pkey  (cost=0.00..302.46 rows=9403 width=0)
	                    Index Cond: ((id >= 2356581) AND (id <= 2366580))

table 7 : explain SELECT DISTINCT c FROM sbtest7 WHERE id BETWEEN 8558096 AND 8568095 ORDER BY c
	Unique  (cost=33583.39..33630.60 rows=9442 width=121)
	  ->  Sort  (cost=33583.39..33606.99 rows=9442 width=121)
	        Sort Key: c
	        ->  Bitmap Heap Scan on sbtest7  (cost=305.22..32959.99 rows=9442 width=121)
	              Recheck Cond: ((id >= 8558096) AND (id <= 8568095))
	              ->  Bitmap Index Scan on sbtest7_pkey  (cost=0.00..302.86 rows=9442 width=0)
	                    Index Cond: ((id >= 8558096) AND (id <= 8568095))

table 8 : explain SELECT DISTINCT c FROM sbtest8 WHERE id BETWEEN 1173351 AND 1183350 ORDER BY c
	Unique  (cost=33715.21..33762.81 rows=9519 width=121)
	  ->  Sort  (cost=33715.21..33739.01 rows=9519 width=121)
	        Sort Key: c
	        ->  Bitmap Heap Scan on sbtest8  (cost=310.00..33086.17 rows=9519 width=121)
	              Recheck Cond: ((id >= 1173351) AND (id <= 1183350))
	              ->  Bitmap Index Scan on sbtest8_pkey  (cost=0.00..307.62 rows=9519 width=0)
	                    Index Cond: ((id >= 1173351) AND (id <= 1183350))

for: order_ranges
table 1 : explain SELECT c FROM sbtest1 WHERE id BETWEEN 4905076 AND 4915075 ORDER BY c
	Sort  (cost=34827.78..34852.38 rows=9841 width=121)
	  Sort Key: c
	  ->  Bitmap Heap Scan on sbtest1  (cost=321.31..34175.10 rows=9841 width=121)
	        Recheck Cond: ((id >= 4905076) AND (id <= 4915075))
	        ->  Bitmap Index Scan on sbtest1_pkey  (cost=0.00..318.84 rows=9841 width=0)
	              Index Cond: ((id >= 4905076) AND (id <= 4915075))

table 2 : explain SELECT c FROM sbtest2 WHERE id BETWEEN 8512670 AND 8522669 ORDER BY c
	Sort  (cost=36465.61..36491.58 rows=10389 width=121)
	  Sort Key: c
	  ->  Bitmap Heap Scan on sbtest2  (cost=338.92..35772.52 rows=10389 width=121)
	        Recheck Cond: ((id >= 8512670) AND (id <= 8522669))
	        ->  Bitmap Index Scan on sbtest2_pkey  (cost=0.00..336.32 rows=10389 width=0)
	              Index Cond: ((id >= 8512670) AND (id <= 8522669))

table 3 : explain SELECT c FROM sbtest3 WHERE id BETWEEN 5745197 AND 5755196 ORDER BY c
	Sort  (cost=38532.21..38559.61 rows=10960 width=121)
	  Sort Key: c
	  ->  Bitmap Heap Scan on sbtest3  (cost=356.78..37796.79 rows=10960 width=121)
	        Recheck Cond: ((id >= 5745197) AND (id <= 5755196))
	        ->  Bitmap Index Scan on sbtest3_pkey  (cost=0.00..354.04 rows=10960 width=0)
	              Index Cond: ((id >= 5745197) AND (id <= 5755196))

table 4 : explain SELECT c FROM sbtest4 WHERE id BETWEEN 1692833 AND 1702832 ORDER BY c
	Sort  (cost=32676.03..32698.91 rows=9152 width=121)
	  Sort Key: c
	  ->  Bitmap Heap Scan on sbtest4  (cost=298.24..32073.84 rows=9152 width=121)
	        Recheck Cond: ((id >= 1692833) AND (id <= 1702832))
	        ->  Bitmap Index Scan on sbtest4_pkey  (cost=0.00..295.95 rows=9152 width=0)
	              Index Cond: ((id >= 1692833) AND (id <= 1702832))

table 5 : explain SELECT c FROM sbtest5 WHERE id BETWEEN 5064254 AND 5074253 ORDER BY c
	Sort  (cost=35817.90..35843.19 rows=10118 width=121)
	  Sort Key: c
	  ->  Bitmap Heap Scan on sbtest5  (cost=328.14..35144.82 rows=10118 width=121)
	        Recheck Cond: ((id >= 5064254) AND (id <= 5074253))
	        ->  Bitmap Index Scan on sbtest5_pkey  (cost=0.00..325.62 rows=10118 width=0)
	              Index Cond: ((id >= 5064254) AND (id <= 5074253))

table 6 : explain SELECT c FROM sbtest6 WHERE id BETWEEN 2142139 AND 2152138 ORDER BY c
	Sort  (cost=36208.22..36233.91 rows=10277 width=121)
	  Sort Key: c
	  ->  Bitmap Heap Scan on sbtest6  (cost=333.77..35523.41 rows=10277 width=121)
	        Recheck Cond: ((id >= 2142139) AND (id <= 2152138))
	        ->  Bitmap Index Scan on sbtest6_pkey  (cost=0.00..331.20 rows=10277 width=0)
	              Index Cond: ((id >= 2142139) AND (id <= 2152138))

table 7 : explain SELECT c FROM sbtest7 WHERE id BETWEEN 6568247 AND 6578246 ORDER BY c
	Sort  (cost=33034.36..33057.55 rows=9275 width=121)
	  Sort Key: c
	  ->  Bitmap Heap Scan on sbtest7  (cost=299.50..32423.18 rows=9275 width=121)
	        Recheck Cond: ((id >= 6568247) AND (id <= 6578246))
	        ->  Bitmap Index Scan on sbtest7_pkey  (cost=0.00..297.19 rows=9275 width=0)
	              Index Cond: ((id >= 6568247) AND (id <= 6578246))

table 8 : explain SELECT c FROM sbtest8 WHERE id BETWEEN 1787841 AND 1797840 ORDER BY c
	Sort  (cost=35515.14..35540.33 rows=10076 width=121)
	  Sort Key: c
	  ->  Bitmap Heap Scan on sbtest8  (cost=327.71..34845.15 rows=10076 width=121)
	        Recheck Cond: ((id >= 1787841) AND (id <= 1797840))
	        ->  Bitmap Index Scan on sbtest8_pkey  (cost=0.00..325.19 rows=10076 width=0)
	              Index Cond: ((id >= 1787841) AND (id <= 1797840))

for: distinct_ranges
table 1 : explain SELECT DISTINCT c FROM sbtest1 WHERE id BETWEEN 2147934 AND 2157933 ORDER BY c
	Unique  (cost=33515.23..33562.42 rows=9438 width=121)
	  ->  Sort  (cost=33515.23..33538.83 rows=9438 width=121)
	        Sort Key: c
	        ->  Bitmap Heap Scan on sbtest1  (cost=305.17..32892.12 rows=9438 width=121)
	              Recheck Cond: ((id >= 2147934) AND (id <= 2157933))
	              ->  Bitmap Index Scan on sbtest1_pkey  (cost=0.00..302.81 rows=9438 width=0)
	                    Index Cond: ((id >= 2147934) AND (id <= 2157933))

table 2 : explain SELECT DISTINCT c FROM sbtest2 WHERE id BETWEEN 1765835 AND 1775834 ORDER BY c
	Unique  (cost=33126.67..33173.43 rows=9353 width=121)
	  ->  Sort  (cost=33126.67..33150.05 rows=9353 width=121)
	        Sort Key: c
	        ->  Bitmap Heap Scan on sbtest2  (cost=304.30..32509.78 rows=9353 width=121)
	              Recheck Cond: ((id >= 1765835) AND (id <= 1775834))
	              ->  Bitmap Index Scan on sbtest2_pkey  (cost=0.00..301.96 rows=9353 width=0)
	                    Index Cond: ((id >= 1765835) AND (id <= 1775834))

table 3 : explain SELECT DISTINCT c FROM sbtest3 WHERE id BETWEEN 3301225 AND 3311224 ORDER BY c
	Unique  (cost=37357.48..37410.45 rows=10594 width=121)
	  ->  Sort  (cost=37357.48..37383.97 rows=10594 width=121)
	        Sort Key: c
	        ->  Bitmap Heap Scan on sbtest3  (cost=345.02..36649.22 rows=10594 width=121)
	              Recheck Cond: ((id >= 3301225) AND (id <= 3311224))
	              ->  Bitmap Index Scan on sbtest3_pkey  (cost=0.00..342.38 rows=10594 width=0)
	                    Index Cond: ((id >= 3301225) AND (id <= 3311224))

table 4 : explain SELECT DISTINCT c FROM sbtest4 WHERE id BETWEEN 2569984 AND 2579983 ORDER BY c
	Unique  (cost=33753.11..33800.51 rows=9480 width=121)
	  ->  Sort  (cost=33753.11..33776.81 rows=9480 width=121)
	        Sort Key: c
	        ->  Bitmap Heap Scan on sbtest4  (cost=309.61..33126.92 rows=9480 width=121)
	              Recheck Cond: ((id >= 2569984) AND (id <= 2579983))
	              ->  Bitmap Index Scan on sbtest4_pkey  (cost=0.00..307.24 rows=9480 width=0)
	                    Index Cond: ((id >= 2569984) AND (id <= 2579983))

table 5 : explain SELECT DISTINCT c FROM sbtest5 WHERE id BETWEEN 514550 AND 524549 ORDER BY c
	Unique  (cost=36276.39..36327.69 rows=10260 width=121)
	  ->  Sort  (cost=36276.39..36302.04 rows=10260 width=121)
	        Sort Key: c
	        ->  Bitmap Heap Scan on sbtest5  (cost=333.60..35592.83 rows=10260 width=121)
	              Recheck Cond: ((id >= 514550) AND (id <= 524549))
	              ->  Bitmap Index Scan on sbtest5_pkey  (cost=0.00..331.04 rows=10260 width=0)
	                    Index Cond: ((id >= 514550) AND (id <= 524549))

table 6 : explain SELECT DISTINCT c FROM sbtest6 WHERE id BETWEEN 5298918 AND 5308917 ORDER BY c
	Unique  (cost=34904.30..34953.67 rows=9873 width=121)
	  ->  Sort  (cost=34904.30..34928.99 rows=9873 width=121)
	        Sort Key: c
	        ->  Bitmap Heap Scan on sbtest6  (cost=321.63..34249.27 rows=9873 width=121)
	              Recheck Cond: ((id >= 5298918) AND (id <= 5308917))
	              ->  Bitmap Index Scan on sbtest6_pkey  (cost=0.00..319.17 rows=9873 width=0)
	                    Index Cond: ((id >= 5298918) AND (id <= 5308917))

table 7 : explain SELECT DISTINCT c FROM sbtest7 WHERE id BETWEEN 469439 AND 479438 ORDER BY c
	Unique  (cost=36786.81..36838.95 rows=10429 width=121)
	  ->  Sort  (cost=36786.81..36812.88 rows=10429 width=121)
	        Sort Key: c
	        ->  Bitmap Heap Scan on sbtest7  (cost=339.33..36090.76 rows=10429 width=121)
	              Recheck Cond: ((id >= 469439) AND (id <= 479438))
	              ->  Bitmap Index Scan on sbtest7_pkey  (cost=0.00..336.73 rows=10429 width=0)
	                    Index Cond: ((id >= 469439) AND (id <= 479438))

table 8 : explain SELECT DISTINCT c FROM sbtest8 WHERE id BETWEEN 9058558 AND 9068557 ORDER BY c
	Unique  (cost=33612.21..33659.65 rows=9487 width=121)
	  ->  Sort  (cost=33612.21..33635.93 rows=9487 width=121)
	        Sort Key: c
	        ->  Bitmap Heap Scan on sbtest8  (cost=309.68..32985.51 rows=9487 width=121)
	              Recheck Cond: ((id >= 9058558) AND (id <= 9068557))
	              ->  Bitmap Index Scan on sbtest8_pkey  (cost=0.00..307.31 rows=9487 width=0)
	                    Index Cond: ((id >= 9058558) AND (id <= 9068557))

for point_selects
table 1 : explain SELECT c FROM sbtest1 WHERE id=9776470
	Index Scan using sbtest1_pkey on sbtest1  (cost=0.43..8.45 rows=1 width=121)
	  Index Cond: (id = 9776470)

table 2 : explain SELECT c FROM sbtest2 WHERE id=4255806
	Index Scan using sbtest2_pkey on sbtest2  (cost=0.43..8.45 rows=1 width=121)
	  Index Cond: (id = 4255806)

table 3 : explain SELECT c FROM sbtest3 WHERE id=5886031
	Index Scan using sbtest3_pkey on sbtest3  (cost=0.43..8.45 rows=1 width=121)
	  Index Cond: (id = 5886031)

table 4 : explain SELECT c FROM sbtest4 WHERE id=4052735
	Index Scan using sbtest4_pkey on sbtest4  (cost=0.43..8.45 rows=1 width=121)
	  Index Cond: (id = 4052735)

table 5 : explain SELECT c FROM sbtest5 WHERE id=2818590
	Index Scan using sbtest5_pkey on sbtest5  (cost=0.43..8.45 rows=1 width=121)
	  Index Cond: (id = 2818590)

table 6 : explain SELECT c FROM sbtest6 WHERE id=6448392
	Index Scan using sbtest6_pkey on sbtest6  (cost=0.43..8.45 rows=1 width=121)
	  Index Cond: (id = 6448392)

table 7 : explain SELECT c FROM sbtest7 WHERE id=5740234
	Index Scan using sbtest7_pkey on sbtest7  (cost=0.43..8.45 rows=1 width=121)
	  Index Cond: (id = 5740234)

table 8 : explain SELECT c FROM sbtest8 WHERE id=5001927
	Index Scan using sbtest8_pkey on sbtest8  (cost=0.43..8.45 rows=1 width=121)
	  Index Cond: (id = 5001927)

for: simple_ranges
table 1 : explain SELECT c FROM sbtest1 WHERE id BETWEEN 8233466 AND 8243465
	Bitmap Heap Scan on sbtest1  (cost=327.40..34820.35 rows=10045 width=121)
	  Recheck Cond: ((id >= 8233466) AND (id <= 8243465))
	  ->  Bitmap Index Scan on sbtest1_pkey  (cost=0.00..324.88 rows=10045 width=0)
	        Index Cond: ((id >= 8233466) AND (id <= 8243465))

table 2 : explain SELECT c FROM sbtest2 WHERE id BETWEEN 4865619 AND 4875618
	Bitmap Heap Scan on sbtest2  (cost=293.24..31558.46 rows=9054 width=121)
	  Recheck Cond: ((id >= 4865619) AND (id <= 4875618))
	  ->  Bitmap Index Scan on sbtest2_pkey  (cost=0.00..290.98 rows=9054 width=0)
	        Index Cond: ((id >= 4865619) AND (id <= 4875618))

table 3 : explain SELECT c FROM sbtest3 WHERE id BETWEEN 4550770 AND 4560769
	Bitmap Heap Scan on sbtest3  (cost=298.79..32233.22 rows=9205 width=121)
	  Recheck Cond: ((id >= 4550770) AND (id <= 4560769))
	  ->  Bitmap Index Scan on sbtest3_pkey  (cost=0.00..296.49 rows=9205 width=0)
	        Index Cond: ((id >= 4550770) AND (id <= 4560769))

table 4 : explain SELECT c FROM sbtest4 WHERE id BETWEEN 2931570 AND 2941569
	Bitmap Heap Scan on sbtest4  (cost=363.13..38526.88 rows=11190 width=121)
	  Recheck Cond: ((id >= 2931570) AND (id <= 2941569))
	  ->  Bitmap Index Scan on sbtest4_pkey  (cost=0.00..360.33 rows=11190 width=0)
	        Index Cond: ((id >= 2931570) AND (id <= 2941569))

table 5 : explain SELECT c FROM sbtest5 WHERE id BETWEEN 9664261 AND 9674260
	Bitmap Heap Scan on sbtest5  (cost=357.83..38116.47 rows=11063 width=121)
	  Recheck Cond: ((id >= 9664261) AND (id <= 9674260))
	  ->  Bitmap Index Scan on sbtest5_pkey  (cost=0.00..355.06 rows=11063 width=0)
	        Index Cond: ((id >= 9664261) AND (id <= 9674260))

table 6 : explain SELECT c FROM sbtest6 WHERE id BETWEEN 9233288 AND 9243287
	Bitmap Heap Scan on sbtest6  (cost=328.94..35264.75 rows=10196 width=121)
	  Recheck Cond: ((id >= 9233288) AND (id <= 9243287))
	  ->  Bitmap Index Scan on sbtest6_pkey  (cost=0.00..326.40 rows=10196 width=0)
	        Index Cond: ((id >= 9233288) AND (id <= 9243287))

table 7 : explain SELECT c FROM sbtest7 WHERE id BETWEEN 6009460 AND 6019459
	Bitmap Heap Scan on sbtest7  (cost=339.24..36064.92 rows=10420 width=121)
	  Recheck Cond: ((id >= 6009460) AND (id <= 6019459))
	  ->  Bitmap Index Scan on sbtest7_pkey  (cost=0.00..336.63 rows=10420 width=0)
	        Index Cond: ((id >= 6009460) AND (id <= 6019459))

table 8 : explain SELECT c FROM sbtest8 WHERE id BETWEEN 1324252 AND 1334251
	Bitmap Heap Scan on sbtest8  (cost=328.71..35144.85 rows=10173 width=121)
	  Recheck Cond: ((id >= 1324252) AND (id <= 1334251))
	  ->  Bitmap Index Scan on sbtest8_pkey  (cost=0.00..326.17 rows=10173 width=0)
	        Index Cond: ((id >= 1324252) AND (id <= 1334251))

for: sum_ranges
table 1 : explain SELECT SUM(k) FROM sbtest1 WHERE id BETWEEN 4108602 AND 4118601
	Aggregate  (cost=36341.63..36341.64 rows=1 width=8)
	  ->  Bitmap Heap Scan on sbtest1  (cost=340.28..36315.33 rows=10521 width=4)
	        Recheck Cond: ((id >= 4108602) AND (id <= 4118601))
	        ->  Bitmap Index Scan on sbtest1_pkey  (cost=0.00..337.65 rows=10521 width=0)
	              Index Cond: ((id >= 4108602) AND (id <= 4118601))

table 2 : explain SELECT SUM(k) FROM sbtest2 WHERE id BETWEEN 5767588 AND 5777587
	Aggregate  (cost=35200.34..35200.35 rows=1 width=8)
	  ->  Bitmap Heap Scan on sbtest2  (cost=332.96..35174.84 rows=10198 width=4)
	        Recheck Cond: ((id >= 5767588) AND (id <= 5777587))
	        ->  Bitmap Index Scan on sbtest2_pkey  (cost=0.00..330.42 rows=10198 width=0)
	              Index Cond: ((id >= 5767588) AND (id <= 5777587))

table 3 : explain SELECT SUM(k) FROM sbtest3 WHERE id BETWEEN 1015722 AND 1025721
	Aggregate  (cost=35404.95..35404.96 rows=1 width=8)
	  ->  Bitmap Heap Scan on sbtest3  (cost=328.91..35379.47 rows=10193 width=4)
	        Recheck Cond: ((id >= 1015722) AND (id <= 1025721))
	        ->  Bitmap Index Scan on sbtest3_pkey  (cost=0.00..326.37 rows=10193 width=0)
	              Index Cond: ((id >= 1015722) AND (id <= 1025721))

table 4 : explain SELECT SUM(k) FROM sbtest4 WHERE id BETWEEN 2707519 AND 2717518
	Aggregate  (cost=33523.42..33523.43 rows=1 width=8)
	  ->  Bitmap Heap Scan on sbtest4  (cost=310.81..33499.42 rows=9598 width=4)
	        Recheck Cond: ((id >= 2707519) AND (id <= 2717518))
	        ->  Bitmap Index Scan on sbtest4_pkey  (cost=0.00..308.42 rows=9598 width=0)
	              Index Cond: ((id >= 2707519) AND (id <= 2717518))

table 5 : explain SELECT SUM(k) FROM sbtest5 WHERE id BETWEEN 6237762 AND 6247761
	Aggregate  (cost=34189.77..34189.78 rows=1 width=8)
	  ->  Bitmap Heap Scan on sbtest5  (cost=316.99..34165.25 rows=9810 width=4)
	        Recheck Cond: ((id >= 6237762) AND (id <= 6247761))
	        ->  Bitmap Index Scan on sbtest5_pkey  (cost=0.00..314.54 rows=9810 width=0)
	              Index Cond: ((id >= 6237762) AND (id <= 6247761))

table 6 : explain SELECT SUM(k) FROM sbtest6 WHERE id BETWEEN 6218951 AND 6228950
	Aggregate  (cost=32636.64..32636.65 rows=1 width=8)
	  ->  Bitmap Heap Scan on sbtest6  (cost=304.35..32613.24 rows=9358 width=4)
	        Recheck Cond: ((id >= 6218951) AND (id <= 6228950))
	        ->  Bitmap Index Scan on sbtest6_pkey  (cost=0.00..302.01 rows=9358 width=0)
	              Index Cond: ((id >= 6218951) AND (id <= 6228950))

table 7 : explain SELECT SUM(k) FROM sbtest7 WHERE id BETWEEN 9032838 AND 9042837
	Aggregate  (cost=32849.57..32849.58 rows=1 width=8)
	  ->  Bitmap Heap Scan on sbtest7  (cost=304.79..32826.07 rows=9400 width=4)
	        Recheck Cond: ((id >= 9032838) AND (id <= 9042837))
	        ->  Bitmap Index Scan on sbtest7_pkey  (cost=0.00..302.44 rows=9400 width=0)
	              Index Cond: ((id >= 9032838) AND (id <= 9042837))

table 8 : explain SELECT SUM(k) FROM sbtest8 WHERE id BETWEEN 8153176 AND 8163175
	Aggregate  (cost=34168.45..34168.46 rows=1 width=8)
	  ->  Bitmap Heap Scan on sbtest8  (cost=321.44..34143.81 rows=9854 width=4)
	        Recheck Cond: ((id >= 8153176) AND (id <= 8163175))
	        ->  Bitmap Index Scan on sbtest8_pkey  (cost=0.00..318.98 rows=9854 width=0)
	              Index Cond: ((id >= 8153176) AND (id <= 8163175))

for: order_ranges
table 1 : explain SELECT c FROM sbtest1 WHERE id BETWEEN 5059558 AND 5069557 ORDER BY c
	Sort  (cost=36268.94..36294.66 rows=10287 width=121)
	  Sort Key: c
	  ->  Bitmap Heap Scan on sbtest1  (cost=333.88..35583.39 rows=10287 width=121)
	        Recheck Cond: ((id >= 5059558) AND (id <= 5069557))
	        ->  Bitmap Index Scan on sbtest1_pkey  (cost=0.00..331.31 rows=10287 width=0)
	              Index Cond: ((id >= 5059558) AND (id <= 5069557))

table 2 : explain SELECT c FROM sbtest2 WHERE id BETWEEN 2908550 AND 2918549 ORDER BY c
	Sort  (cost=38031.40..38058.61 rows=10882 width=121)
	  Sort Key: c
	  ->  Bitmap Heap Scan on sbtest2  (cost=351.98..37301.79 rows=10882 width=121)
	        Recheck Cond: ((id >= 2908550) AND (id <= 2918549))
	        ->  Bitmap Index Scan on sbtest2_pkey  (cost=0.00..349.25 rows=10882 width=0)
	              Index Cond: ((id >= 2908550) AND (id <= 2918549))

table 3 : explain SELECT c FROM sbtest3 WHERE id BETWEEN 1960509 AND 1970508 ORDER BY c
	Sort  (cost=36340.51..36366.21 rows=10279 width=121)
	  Sort Key: c
	  ->  Bitmap Heap Scan on sbtest3  (cost=333.79..35655.55 rows=10279 width=121)
	        Recheck Cond: ((id >= 1960509) AND (id <= 1970508))
	        ->  Bitmap Index Scan on sbtest3_pkey  (cost=0.00..331.23 rows=10279 width=0)
	              Index Cond: ((id >= 1960509) AND (id <= 1970508))

table 4 : explain SELECT c FROM sbtest4 WHERE id BETWEEN 1741211 AND 1751210 ORDER BY c
	Sort  (cost=35761.82..35787.06 rows=10097 width=121)
	  Sort Key: c
	  ->  Bitmap Heap Scan on sbtest4  (cost=327.93..35090.29 rows=10097 width=121)
	        Recheck Cond: ((id >= 1741211) AND (id <= 1751210))
	        ->  Bitmap Index Scan on sbtest4_pkey  (cost=0.00..325.41 rows=10097 width=0)
	              Index Cond: ((id >= 1741211) AND (id <= 1751210))

table 5 : explain SELECT c FROM sbtest5 WHERE id BETWEEN 2292800 AND 2302799 ORDER BY c
	Sort  (cost=34946.19..34970.81 rows=9849 width=121)
	  Sort Key: c
	  ->  Bitmap Heap Scan on sbtest5  (cost=321.39..34292.92 rows=9849 width=121)
	        Recheck Cond: ((id >= 2292800) AND (id <= 2302799))
	        ->  Bitmap Index Scan on sbtest5_pkey  (cost=0.00..318.93 rows=9849 width=0)
	              Index Cond: ((id >= 2292800) AND (id <= 2302799))

table 6 : explain SELECT c FROM sbtest6 WHERE id BETWEEN 3222578 AND 3232577 ORDER BY c
	Sort  (cost=36933.73..36959.99 rows=10504 width=121)
	  Sort Key: c
	  ->  Bitmap Heap Scan on sbtest6  (cost=340.10..36232.13 rows=10504 width=121)
	        Recheck Cond: ((id >= 3222578) AND (id <= 3232577))
	        ->  Bitmap Index Scan on sbtest6_pkey  (cost=0.00..337.48 rows=10504 width=0)
	              Index Cond: ((id >= 3222578) AND (id <= 3232577))

table 7 : explain SELECT c FROM sbtest7 WHERE id BETWEEN 4675323 AND 4685322 ORDER BY c
	Sort  (cost=35280.93..35305.84 rows=9964 width=121)
	  Sort Key: c
	  ->  Bitmap Heap Scan on sbtest7  (cost=322.57..34619.20 rows=9964 width=121)
	        Recheck Cond: ((id >= 4675323) AND (id <= 4685322))
	        ->  Bitmap Index Scan on sbtest7_pkey  (cost=0.00..320.07 rows=9964 width=0)
	              Index Cond: ((id >= 4675323) AND (id <= 4685322))

table 8 : explain SELECT c FROM sbtest8 WHERE id BETWEEN 4964085 AND 4974084 ORDER BY c
	Sort  (cost=37621.57..37648.40 rows=10735 width=121)
	  Sort Key: c
	  ->  Bitmap Heap Scan on sbtest8  (cost=346.47..36902.86 rows=10735 width=121)
	        Recheck Cond: ((id >= 4964085) AND (id <= 4974084))
	        ->  Bitmap Index Scan on sbtest8_pkey  (cost=0.00..343.79 rows=10735 width=0)
	              Index Cond: ((id >= 4964085) AND (id <= 4974084))

for: distinct_ranges
table 1 : explain SELECT DISTINCT c FROM sbtest1 WHERE id BETWEEN 4410679 AND 4420678 ORDER BY c
	Unique  (cost=34870.88..34920.15 rows=9854 width=121)
	  ->  Sort  (cost=34870.88..34895.51 rows=9854 width=121)
	        Sort Key: c
	        ->  Bitmap Heap Scan on sbtest1  (cost=321.44..34217.24 rows=9854 width=121)
	              Recheck Cond: ((id >= 4410679) AND (id <= 4420678))
	              ->  Bitmap Index Scan on sbtest1_pkey  (cost=0.00..318.98 rows=9854 width=0)
	                    Index Cond: ((id >= 4410679) AND (id <= 4420678))

table 2 : explain SELECT DISTINCT c FROM sbtest2 WHERE id BETWEEN 5201443 AND 5211442 ORDER BY c
	Unique  (cost=33611.89..33659.40 rows=9502 width=121)
	  ->  Sort  (cost=33611.89..33635.65 rows=9502 width=121)
	        Sort Key: c
	        ->  Bitmap Heap Scan on sbtest2  (cost=309.83..32984.09 rows=9502 width=121)
	              Recheck Cond: ((id >= 5201443) AND (id <= 5211442))
	              ->  Bitmap Index Scan on sbtest2_pkey  (cost=0.00..307.45 rows=9502 width=0)
	                    Index Cond: ((id >= 5201443) AND (id <= 5211442))

table 3 : explain SELECT DISTINCT c FROM sbtest3 WHERE id BETWEEN 1741606 AND 1751605 ORDER BY c
	Unique  (cost=32913.11..32959.25 rows=9228 width=121)
	  ->  Sort  (cost=32913.11..32936.18 rows=9228 width=121)
	        Sort Key: c
	        ->  Bitmap Heap Scan on sbtest3  (cost=299.02..32305.36 rows=9228 width=121)
	              Recheck Cond: ((id >= 1741606) AND (id <= 1751605))
	              ->  Bitmap Index Scan on sbtest3_pkey  (cost=0.00..296.71 rows=9228 width=0)
	                    Index Cond: ((id >= 1741606) AND (id <= 1751605))

table 4 : explain SELECT DISTINCT c FROM sbtest4 WHERE id BETWEEN 8104618 AND 8114617 ORDER BY c
	Unique  (cost=34828.91..34877.96 rows=9811 width=121)
	  ->  Sort  (cost=34828.91..34853.44 rows=9811 width=121)
	        Sort Key: c
	        ->  Bitmap Heap Scan on sbtest4  (cost=317.00..34178.43 rows=9811 width=121)
	              Recheck Cond: ((id >= 8104618) AND (id <= 8114617))
	              ->  Bitmap Index Scan on sbtest4_pkey  (cost=0.00..314.55 rows=9811 width=0)
	                    Index Cond: ((id >= 8104618) AND (id <= 8114617))

table 5 : explain SELECT DISTINCT c FROM sbtest5 WHERE id BETWEEN 3550783 AND 3560782 ORDER BY c
	Unique  (cost=37445.37..37498.48 rows=10622 width=121)
	  ->  Sort  (cost=37445.37..37471.92 rows=10622 width=121)
	        Sort Key: c
	        ->  Bitmap Heap Scan on sbtest5  (cost=345.31..36735.03 rows=10622 width=121)
	              Recheck Cond: ((id >= 3550783) AND (id <= 3560782))
	              ->  Bitmap Index Scan on sbtest5_pkey  (cost=0.00..342.66 rows=10622 width=0)
	                    Index Cond: ((id >= 3550783) AND (id <= 3560782))

table 6 : explain SELECT DISTINCT c FROM sbtest6 WHERE id BETWEEN 8539983 AND 8549982 ORDER BY c
	Unique  (cost=32786.08..32832.19 rows=9222 width=121)
	  ->  Sort  (cost=32786.08..32809.14 rows=9222 width=121)
	        Sort Key: c
	        ->  Bitmap Heap Scan on sbtest6  (cost=298.96..32178.77 rows=9222 width=121)
	              Recheck Cond: ((id >= 8539983) AND (id <= 8549982))
	              ->  Bitmap Index Scan on sbtest6_pkey  (cost=0.00..296.66 rows=9222 width=0)
	                    Index Cond: ((id >= 8539983) AND (id <= 8549982))

table 7 : explain SELECT DISTINCT c FROM sbtest7 WHERE id BETWEEN 9035283 AND 9045282 ORDER BY c
	Unique  (cost=33446.40..33493.40 rows=9400 width=121)
	  ->  Sort  (cost=33446.40..33469.90 rows=9400 width=121)
	        Sort Key: c
	        ->  Bitmap Heap Scan on sbtest7  (cost=304.79..32826.07 rows=9400 width=121)
	              Recheck Cond: ((id >= 9035283) AND (id <= 9045282))
	              ->  Bitmap Index Scan on sbtest7_pkey  (cost=0.00..302.44 rows=9400 width=0)
	                    Index Cond: ((id >= 9035283) AND (id <= 9045282))

table 8 : explain SELECT DISTINCT c FROM sbtest8 WHERE id BETWEEN 4498334 AND 4508333 ORDER BY c
	Unique  (cost=36221.30..36272.79 rows=10297 width=121)
	  ->  Sort  (cost=36221.30..36247.04 rows=10297 width=121)
	        Sort Key: c
	        ->  Bitmap Heap Scan on sbtest8  (cost=333.98..35535.01 rows=10297 width=121)
	              Recheck Cond: ((id >= 4498334) AND (id <= 4508333))
	              ->  Bitmap Index Scan on sbtest8_pkey  (cost=0.00..331.41 rows=10297 width=0)
	                    Index Cond: ((id >= 4498334) AND (id <= 4508333))

Threads started!

Warming up for 5 seconds...

SQL statistics:
    queries performed:
        read:                            3851627
        write:                           0
        other:                           550258
        total:                           4401885
    transactions:                        275149 (436.68 per sec.)
    queries:                             4401885 (6986.12 per sec.)
    ignored errors:                      0      (0.00 per sec.)
    reconnects:                          0      (0.00 per sec.)

Throughput:
    events/s (eps):                      436.6823
    time elapsed:                        630.0900s
    total number of events:              275149

Latency (ms):
         min:                                   56.09
         avg:                                   91.60
         max:                                  113.48
         95th percentile:                       94.10
         sum:                             25203012.96

Threads fairness:
    events (avg/stddev):           6878.7250/14.45
    execution time (avg/stddev):   630.0753/0.03

